<?xml version="1.0" encoding="UTF-8"?>
<robot generator="Robot 7.0.1 (Python 3.12.4 on linux)" generated="2024-06-21T10:16:09.694551" rpa="false" schemaversion="5">
<suite id="s1" name="Tests" source="/home/runner/work/ApiRandomUser/ApiRandomUser/RamdonUser/tests">
<suite id="s1-s1" name="Random-User-Test" source="/home/runner/work/ApiRandomUser/ApiRandomUser/RamdonUser/tests/random-user-test.robot">
<test id="s1-s1-t1" name="Conectar" line="13">
<kw name="Conectar API" owner="random-user-service">
<kw name="Create Session" owner="RequestsLibrary">
<msg time="2024-06-21T10:16:10.132620" level="INFO">Creating Session using : alias=consultarAPI, url=https://randomuser.me/, headers={},                     cookies={}, auth=None, timeout=None, proxies=None, verify=False,                     debug=0 </msg>
<arg>consultarAPI</arg>
<arg>${URL}</arg>
<doc>Create Session: create a HTTP session to a server</doc>
<status status="PASS" start="2024-06-21T10:16:10.132409" elapsed="0.000378"/>
</kw>
<status status="PASS" start="2024-06-21T10:16:10.131394" elapsed="0.001750"/>
</kw>
<status status="PASS" start="2024-06-21T10:16:10.130742" elapsed="0.002593"/>
</test>
<test id="s1-s1-t2" name="Validar retorno 200 e JSON Válido" line="16">
<kw name="Teste de Requisicao Basica" owner="random-user-service">
<kw name="GET On Session" owner="RequestsLibrary">
<msg time="2024-06-21T10:16:12.039386" level="INFO">GET Request : url=https://randomuser.me/api 
 path_url=/api 
 headers={'User-Agent': 'python-requests/2.32.3', 'Accept-Encoding': 'gzip, deflate', 'Accept': '*/*', 'Connection': 'keep-alive'} 
 body=None 
 </msg>
<msg time="2024-06-21T10:16:12.039544" level="INFO">GET Response : url=https://randomuser.me/api 
 status=200, reason=OK 
 headers={'Date': 'Fri, 21 Jun 2024 10:16:12 GMT', 'Content-Type': 'application/json; charset=utf-8', 'Transfer-Encoding': 'chunked', 'Connection': 'keep-alive', 'X-Powered-By': 'Express', 'Access-Control-Allow-Origin': '*', 'Cache-Control': 'no-cache', 'ETag': 'W/"478-WlgxycdJHw1kVS9BpximS+4Br8E"', 'Vary': 'Accept-Encoding', 'Content-Encoding': 'gzip', 'CF-Cache-Status': 'DYNAMIC', 'Report-To': '{"endpoints":[{"url":"https:\\/\\/a.nel.cloudflare.com\\/report\\/v4?s=yxKUrTaiqMwJld51vDr0l0l0cFvcWwF8Rt8OqAK4qJKVqXc6gXdQtR7Q4sSN3BgIjoS%2BBsYsG1lvN7uKiWxKOn2k%2Fg9Aw6GVZoT%2FNJDmEhQlOPAlm5twCxPPjEp1XPWX"}],"group":"cf-nel","max_age":604800}', 'NEL': '{"success_fraction":0,"report_to":"cf-nel","max_age":604800}', 'Server': 'cloudflare', 'CF-RAY': '89733dd86a667ae5-SJC', 'alt-svc': 'h3=":443"; ma=86400'} 
 body={"results":[{"gender":"female","name":{"title":"Ms","first":"Inesa","last":"Sosnoviy"},"location":{"street":{"number":22,"name":"Lozova"},"city":"Cherkasi","state":"Harkivska","country":"Ukraine","postcode":41765,"coordinates":{"latitude":"74.8930","longitude":"95.1720"},"timezone":{"offset":"-11:00","description":"Midway Island, Samoa"}},"email":"inesa.sosnoviy@example.com","login":{"uuid":"5cf008fc-5bb5-4873-b6b8-4130d27a3d38","username":"orangefrog188","password":"rainbow","salt":"TTvGCnBA","md5":"b27ac2221675b806dba8dbdea2e5d467","sha1":"3c98ad1849174824e196eaadeebd038525cd95c7","sha256":"e3a102a235f6c1d9d7b1f6b51bbc7cc7acc0481322641ebf288dcc37023fd343"},"dob":{"date":"1957-05-19T17:14:46.254Z","age":67},"registered":{"date":"2002-04-27T07:58:15.882Z","age":22},"phone":"(067) M62-8254","cell":"(066) U15-9040","id":{"name":"","value":null},"picture":{"large":"https://randomuser.me/api/portraits/women/79.jpg","medium":"https://randomuser.me/api/portraits/med/women/79.jpg","thumbnail":"https://randomuser.me/api/portraits/thumb/women/79.jpg"},"nat":"UA"}],"info":{"seed":"4af6136ec2af2851","results":1,"page":1,"version":"1.4"}} 
 </msg>
<msg time="2024-06-21T10:16:12.039630" level="INFO">/opt/hostedtoolcache/Python/3.12.4/x64/lib/python3.12/site-packages/urllib3/connectionpool.py:1099: InsecureRequestWarning: Unverified HTTPS request is being made to host 'randomuser.me'. Adding certificate verification is strongly advised. See: https://urllib3.readthedocs.io/en/latest/advanced-usage.html#tls-warnings
  warnings.warn(</msg>
<msg time="2024-06-21T10:16:12.039772" level="INFO">${response} = &lt;Response [200]&gt;</msg>
<var>${response}</var>
<arg>consultarAPI</arg>
<arg>/api</arg>
<doc>Sends a GET request on a previously created HTTP Session.</doc>
<status status="PASS" start="2024-06-21T10:16:10.136011" elapsed="1.903809"/>
</kw>
<kw name="Should Be Equal As Numbers" owner="BuiltIn">
<msg time="2024-06-21T10:16:12.040892" level="INFO">Argument types are:
&lt;class 'int'&gt;
&lt;class 'str'&gt;</msg>
<arg>${response.status_code}</arg>
<arg>200</arg>
<doc>Fails if objects are unequal after converting them to real numbers.</doc>
<status status="PASS" start="2024-06-21T10:16:12.040423" elapsed="0.000543"/>
</kw>
<kw name="Log" owner="BuiltIn">
<msg time="2024-06-21T10:16:12.041645" level="INFO">200</msg>
<arg>${response.status_code}</arg>
<doc>Logs the given message with the given level.</doc>
<status status="PASS" start="2024-06-21T10:16:12.041298" elapsed="0.000389"/>
</kw>
<kw name="Set Variable" owner="BuiltIn">
<msg time="2024-06-21T10:16:12.042443" level="INFO">${json_data} = {'results': [{'gender': 'female', 'name': {'title': 'Ms', 'first': 'Inesa', 'last': 'Sosnoviy'}, 'location': {'street': {'number': 22, 'name': 'Lozova'}, 'city': 'Cherkasi', 'state': 'Harkivska', 'cou...</msg>
<var>${json_data}</var>
<arg>${response.json()}</arg>
<doc>Returns the given values which can then be assigned to a variables.</doc>
<status status="PASS" start="2024-06-21T10:16:12.041997" elapsed="0.000476"/>
</kw>
<kw name="Dictionary Should Contain Key" owner="Collections">
<arg>${json_data}</arg>
<arg>results</arg>
<doc>Fails if ``key`` is not found from ``dictionary``.</doc>
<status status="PASS" start="2024-06-21T10:16:12.042775" elapsed="0.000174"/>
</kw>
<status status="PASS" start="2024-06-21T10:16:10.135745" elapsed="1.907358"/>
</kw>
<doc>Testa se a API responde corretamente e retorna um objeto JSON válido.</doc>
<tag>testeRequisicaoBasica</tag>
<status status="PASS" start="2024-06-21T10:16:10.135187" elapsed="1.908092"/>
</test>
<test id="s1-s1-t3" name="Validar estrutura de resposta" line="22">
<kw name="Teste de Estrutura de Resposta" owner="random-user-service">
<kw name="GET On Session" owner="RequestsLibrary">
<msg time="2024-06-21T10:16:12.368029" level="INFO">GET Request : url=https://randomuser.me/api 
 path_url=/api 
 headers={'User-Agent': 'python-requests/2.32.3', 'Accept-Encoding': 'gzip, deflate', 'Accept': '*/*', 'Connection': 'keep-alive'} 
 body=None 
 </msg>
<msg time="2024-06-21T10:16:12.368129" level="INFO">GET Response : url=https://randomuser.me/api 
 status=200, reason=OK 
 headers={'Date': 'Fri, 21 Jun 2024 10:16:12 GMT', 'Content-Type': 'application/json; charset=utf-8', 'Transfer-Encoding': 'chunked', 'Connection': 'keep-alive', 'X-Powered-By': 'Express', 'Access-Control-Allow-Origin': '*', 'Cache-Control': 'no-cache', 'ETag': 'W/"48b-w6wzT5VWpbdxnEQ1vSahXcwGnY4"', 'Vary': 'Accept-Encoding', 'Content-Encoding': 'gzip', 'CF-Cache-Status': 'DYNAMIC', 'Report-To': '{"endpoints":[{"url":"https:\\/\\/a.nel.cloudflare.com\\/report\\/v4?s=2MhtAKHnCilUSlX%2F%2FC4lrVEqHfq5gXqCD5bmqePSJoTq%2BsTeQvAHy9QUny6vdULfHVJBPJw4mX9ylER0DleVj6vevuhgaCB22ar%2FqzM05jT4fPduZd8k98ubrOzMHw23"}],"group":"cf-nel","max_age":604800}', 'NEL': '{"success_fraction":0,"report_to":"cf-nel","max_age":604800}', 'Server': 'cloudflare', 'CF-RAY': '89733de34fb27ae5-SJC', 'alt-svc': 'h3=":443"; ma=86400'} 
 body={"results":[{"gender":"female","name":{"title":"Miss","first":"Linda","last":"Morrison"},"location":{"street":{"number":9176,"name":"Spring Hill Rd"},"city":"Perth","state":"Northern Territory","country":"Australia","postcode":7620,"coordinates":{"latitude":"-85.7280","longitude":"34.6356"},"timezone":{"offset":"+9:30","description":"Adelaide, Darwin"}},"email":"linda.morrison@example.com","login":{"uuid":"9a0eeca5-2a1e-4281-82b0-5e23af3fce65","username":"angryfrog942","password":"poison","salt":"Md5jFfGi","md5":"31dd25ed5249351bd72f9e3b89dcf503","sha1":"17e5dab118f0be2e71eb8e3cb2162ce75e654467","sha256":"008aa9e16a78572695bdc10be73e8b42a080f8438e57f116afd2088889a7f46c"},"dob":{"date":"1954-02-13T10:51:16.220Z","age":70},"registered":{"date":"2006-07-24T18:06:45.236Z","age":17},"phone":"09-2979-4305","cell":"0436-497-570","id":{"name":"TFN","value":"727214379"},"picture":{"large":"https://randomuser.me/api/portraits/women/64.jpg","medium":"https://randomuser.me/api/portraits/med/women/64.jpg","thumbnail":"https://randomuser.me/api/portraits/thumb/women/64.jpg"},"nat":"AU"}],"info":{"seed":"4dab67838c1d05d7","results":1,"page":1,"version":"1.4"}} 
 </msg>
<msg time="2024-06-21T10:16:12.368252" level="INFO">/opt/hostedtoolcache/Python/3.12.4/x64/lib/python3.12/site-packages/urllib3/connectionpool.py:1099: InsecureRequestWarning: Unverified HTTPS request is being made to host 'randomuser.me'. Adding certificate verification is strongly advised. See: https://urllib3.readthedocs.io/en/latest/advanced-usage.html#tls-warnings
  warnings.warn(</msg>
<msg time="2024-06-21T10:16:12.368384" level="INFO">${response} = &lt;Response [200]&gt;</msg>
<var>${response}</var>
<arg>consultarAPI</arg>
<arg>/api</arg>
<doc>Sends a GET request on a previously created HTTP Session.</doc>
<status status="PASS" start="2024-06-21T10:16:12.045879" elapsed="0.322543"/>
</kw>
<kw name="Set Variable" owner="BuiltIn">
<msg time="2024-06-21T10:16:12.369581" level="INFO">${json_data} = {'results': [{'gender': 'female', 'name': {'title': 'Miss', 'first': 'Linda', 'last': 'Morrison'}, 'location': {'street': {'number': 9176, 'name': 'Spring Hill Rd'}, 'city': 'Perth', 'state': 'Norther...</msg>
<var>${json_data}</var>
<arg>${response.json()}</arg>
<doc>Returns the given values which can then be assigned to a variables.</doc>
<status status="PASS" start="2024-06-21T10:16:12.369008" elapsed="0.000601"/>
</kw>
<kw name="Log" owner="BuiltIn">
<msg time="2024-06-21T10:16:12.370081" level="INFO">{'results': [{'gender': 'female', 'name': {'title': 'Miss', 'first': 'Linda', 'last': 'Morrison'}, 'location': {'street': {'number': 9176, 'name': 'Spring Hill Rd'}, 'city': 'Perth', 'state': 'Northern Territory', 'country': 'Australia', 'postcode': 7620, 'coordinates': {'latitude': '-85.7280', 'longitude': '34.6356'}, 'timezone': {'offset': '+9:30', 'description': 'Adelaide, Darwin'}}, 'email': 'linda.morrison@example.com', 'login': {'uuid': '9a0eeca5-2a1e-4281-82b0-5e23af3fce65', 'username': 'angryfrog942', 'password': 'poison', 'salt': 'Md5jFfGi', 'md5': '31dd25ed5249351bd72f9e3b89dcf503', 'sha1': '17e5dab118f0be2e71eb8e3cb2162ce75e654467', 'sha256': '008aa9e16a78572695bdc10be73e8b42a080f8438e57f116afd2088889a7f46c'}, 'dob': {'date': '1954-02-13T10:51:16.220Z', 'age': 70}, 'registered': {'date': '2006-07-24T18:06:45.236Z', 'age': 17}, 'phone': '09-2979-4305', 'cell': '0436-497-570', 'id': {'name': 'TFN', 'value': '727214379'}, 'picture': {'large': 'https://randomuser.me/api/portraits/women/64.jpg', 'medium': 'https://randomuser.me/api/portraits/med/women/64.jpg', 'thumbnail': 'https://randomuser.me/api/portraits/thumb/women/64.jpg'}, 'nat': 'AU'}], 'info': {'seed': '4dab67838c1d05d7', 'results': 1, 'page': 1, 'version': '1.4'}}</msg>
<arg>${json_data}</arg>
<doc>Logs the given message with the given level.</doc>
<status status="PASS" start="2024-06-21T10:16:12.369922" elapsed="0.000215"/>
</kw>
<kw name="Dictionary Should Contain Key" owner="Collections">
<arg>${json_data}</arg>
<arg>results</arg>
<doc>Fails if ``key`` is not found from ``dictionary``.</doc>
<status status="PASS" start="2024-06-21T10:16:12.370426" elapsed="0.000175"/>
</kw>
<kw name="Should Not Be Empty" owner="BuiltIn">
<msg time="2024-06-21T10:16:12.370902" level="INFO">Length is 2.</msg>
<arg>${json_data}</arg>
<doc>Verifies that the given item is not empty.</doc>
<status status="PASS" start="2024-06-21T10:16:12.370781" elapsed="0.000159"/>
</kw>
<kw name="Create List" owner="BuiltIn">
<msg time="2024-06-21T10:16:12.371534" level="INFO">${expected_keys} = ['gender', 'name', 'location', 'email', 'login']</msg>
<var>${expected_keys}</var>
<arg>gender</arg>
<arg>name</arg>
<arg>location</arg>
<arg>email</arg>
<arg>login</arg>
<doc>Returns a list containing given items.</doc>
<status status="PASS" start="2024-06-21T10:16:12.371225" elapsed="0.000334"/>
</kw>
<for flavor="IN">
<iter>
<kw name="Dictionary Should Contain Key" owner="Collections">
<arg>${json_data['results'][0]}</arg>
<arg>${key}</arg>
<doc>Fails if ``key`` is not found from ``dictionary``.</doc>
<status status="PASS" start="2024-06-21T10:16:12.372194" elapsed="0.000404"/>
</kw>
<kw name="Log" owner="BuiltIn">
<msg time="2024-06-21T10:16:12.373146" level="INFO">{'gender': 'female', 'name': {'title': 'Miss', 'first': 'Linda', 'last': 'Morrison'}, 'location': {'street': {'number': 9176, 'name': 'Spring Hill Rd'}, 'city': 'Perth', 'state': 'Northern Territory', 'country': 'Australia', 'postcode': 7620, 'coordinates': {'latitude': '-85.7280', 'longitude': '34.6356'}, 'timezone': {'offset': '+9:30', 'description': 'Adelaide, Darwin'}}, 'email': 'linda.morrison@example.com', 'login': {'uuid': '9a0eeca5-2a1e-4281-82b0-5e23af3fce65', 'username': 'angryfrog942', 'password': 'poison', 'salt': 'Md5jFfGi', 'md5': '31dd25ed5249351bd72f9e3b89dcf503', 'sha1': '17e5dab118f0be2e71eb8e3cb2162ce75e654467', 'sha256': '008aa9e16a78572695bdc10be73e8b42a080f8438e57f116afd2088889a7f46c'}, 'dob': {'date': '1954-02-13T10:51:16.220Z', 'age': 70}, 'registered': {'date': '2006-07-24T18:06:45.236Z', 'age': 17}, 'phone': '09-2979-4305', 'cell': '0436-497-570', 'id': {'name': 'TFN', 'value': '727214379'}, 'picture': {'large': 'https://randomuser.me/api/portraits/women/64.jpg', 'medium': 'https://randomuser.me/api/portraits/med/women/64.jpg', 'thumbnail': 'https://randomuser.me/api/portraits/thumb/women/64.jpg'}, 'nat': 'AU'}</msg>
<arg>${json_data['results'][0]}</arg>
<doc>Logs the given message with the given level.</doc>
<status status="PASS" start="2024-06-21T10:16:12.372785" elapsed="0.000409"/>
</kw>
<kw name="Log" owner="BuiltIn">
<msg time="2024-06-21T10:16:12.373619" level="INFO">gender</msg>
<arg>${key}</arg>
<doc>Logs the given message with the given level.</doc>
<status status="PASS" start="2024-06-21T10:16:12.373491" elapsed="0.000166"/>
</kw>
<var name="${key}">gender</var>
<status status="PASS" start="2024-06-21T10:16:12.372065" elapsed="0.001807"/>
</iter>
<iter>
<kw name="Dictionary Should Contain Key" owner="Collections">
<arg>${json_data['results'][0]}</arg>
<arg>${key}</arg>
<doc>Fails if ``key`` is not found from ``dictionary``.</doc>
<status status="PASS" start="2024-06-21T10:16:12.374166" elapsed="0.000377"/>
</kw>
<kw name="Log" owner="BuiltIn">
<msg time="2024-06-21T10:16:12.375079" level="INFO">{'gender': 'female', 'name': {'title': 'Miss', 'first': 'Linda', 'last': 'Morrison'}, 'location': {'street': {'number': 9176, 'name': 'Spring Hill Rd'}, 'city': 'Perth', 'state': 'Northern Territory', 'country': 'Australia', 'postcode': 7620, 'coordinates': {'latitude': '-85.7280', 'longitude': '34.6356'}, 'timezone': {'offset': '+9:30', 'description': 'Adelaide, Darwin'}}, 'email': 'linda.morrison@example.com', 'login': {'uuid': '9a0eeca5-2a1e-4281-82b0-5e23af3fce65', 'username': 'angryfrog942', 'password': 'poison', 'salt': 'Md5jFfGi', 'md5': '31dd25ed5249351bd72f9e3b89dcf503', 'sha1': '17e5dab118f0be2e71eb8e3cb2162ce75e654467', 'sha256': '008aa9e16a78572695bdc10be73e8b42a080f8438e57f116afd2088889a7f46c'}, 'dob': {'date': '1954-02-13T10:51:16.220Z', 'age': 70}, 'registered': {'date': '2006-07-24T18:06:45.236Z', 'age': 17}, 'phone': '09-2979-4305', 'cell': '0436-497-570', 'id': {'name': 'TFN', 'value': '727214379'}, 'picture': {'large': 'https://randomuser.me/api/portraits/women/64.jpg', 'medium': 'https://randomuser.me/api/portraits/med/women/64.jpg', 'thumbnail': 'https://randomuser.me/api/portraits/thumb/women/64.jpg'}, 'nat': 'AU'}</msg>
<arg>${json_data['results'][0]}</arg>
<doc>Logs the given message with the given level.</doc>
<status status="PASS" start="2024-06-21T10:16:12.374725" elapsed="0.000434"/>
</kw>
<kw name="Log" owner="BuiltIn">
<msg time="2024-06-21T10:16:12.375586" level="INFO">name</msg>
<arg>${key}</arg>
<doc>Logs the given message with the given level.</doc>
<status status="PASS" start="2024-06-21T10:16:12.375457" elapsed="0.000167"/>
</kw>
<var name="${key}">name</var>
<status status="PASS" start="2024-06-21T10:16:12.374055" elapsed="0.001790"/>
</iter>
<iter>
<kw name="Dictionary Should Contain Key" owner="Collections">
<arg>${json_data['results'][0]}</arg>
<arg>${key}</arg>
<doc>Fails if ``key`` is not found from ``dictionary``.</doc>
<status status="PASS" start="2024-06-21T10:16:12.376170" elapsed="0.000389"/>
</kw>
<kw name="Log" owner="BuiltIn">
<msg time="2024-06-21T10:16:12.377088" level="INFO">{'gender': 'female', 'name': {'title': 'Miss', 'first': 'Linda', 'last': 'Morrison'}, 'location': {'street': {'number': 9176, 'name': 'Spring Hill Rd'}, 'city': 'Perth', 'state': 'Northern Territory', 'country': 'Australia', 'postcode': 7620, 'coordinates': {'latitude': '-85.7280', 'longitude': '34.6356'}, 'timezone': {'offset': '+9:30', 'description': 'Adelaide, Darwin'}}, 'email': 'linda.morrison@example.com', 'login': {'uuid': '9a0eeca5-2a1e-4281-82b0-5e23af3fce65', 'username': 'angryfrog942', 'password': 'poison', 'salt': 'Md5jFfGi', 'md5': '31dd25ed5249351bd72f9e3b89dcf503', 'sha1': '17e5dab118f0be2e71eb8e3cb2162ce75e654467', 'sha256': '008aa9e16a78572695bdc10be73e8b42a080f8438e57f116afd2088889a7f46c'}, 'dob': {'date': '1954-02-13T10:51:16.220Z', 'age': 70}, 'registered': {'date': '2006-07-24T18:06:45.236Z', 'age': 17}, 'phone': '09-2979-4305', 'cell': '0436-497-570', 'id': {'name': 'TFN', 'value': '727214379'}, 'picture': {'large': 'https://randomuser.me/api/portraits/women/64.jpg', 'medium': 'https://randomuser.me/api/portraits/med/women/64.jpg', 'thumbnail': 'https://randomuser.me/api/portraits/thumb/women/64.jpg'}, 'nat': 'AU'}</msg>
<arg>${json_data['results'][0]}</arg>
<doc>Logs the given message with the given level.</doc>
<status status="PASS" start="2024-06-21T10:16:12.376739" elapsed="0.000406"/>
</kw>
<kw name="Log" owner="BuiltIn">
<msg time="2024-06-21T10:16:12.377562" level="INFO">location</msg>
<arg>${key}</arg>
<doc>Logs the given message with the given level.</doc>
<status status="PASS" start="2024-06-21T10:16:12.377437" elapsed="0.000162"/>
</kw>
<var name="${key}">location</var>
<status status="PASS" start="2024-06-21T10:16:12.376056" elapsed="0.001755"/>
</iter>
<iter>
<kw name="Dictionary Should Contain Key" owner="Collections">
<arg>${json_data['results'][0]}</arg>
<arg>${key}</arg>
<doc>Fails if ``key`` is not found from ``dictionary``.</doc>
<status status="PASS" start="2024-06-21T10:16:12.378091" elapsed="0.000388"/>
</kw>
<kw name="Log" owner="BuiltIn">
<msg time="2024-06-21T10:16:12.379017" level="INFO">{'gender': 'female', 'name': {'title': 'Miss', 'first': 'Linda', 'last': 'Morrison'}, 'location': {'street': {'number': 9176, 'name': 'Spring Hill Rd'}, 'city': 'Perth', 'state': 'Northern Territory', 'country': 'Australia', 'postcode': 7620, 'coordinates': {'latitude': '-85.7280', 'longitude': '34.6356'}, 'timezone': {'offset': '+9:30', 'description': 'Adelaide, Darwin'}}, 'email': 'linda.morrison@example.com', 'login': {'uuid': '9a0eeca5-2a1e-4281-82b0-5e23af3fce65', 'username': 'angryfrog942', 'password': 'poison', 'salt': 'Md5jFfGi', 'md5': '31dd25ed5249351bd72f9e3b89dcf503', 'sha1': '17e5dab118f0be2e71eb8e3cb2162ce75e654467', 'sha256': '008aa9e16a78572695bdc10be73e8b42a080f8438e57f116afd2088889a7f46c'}, 'dob': {'date': '1954-02-13T10:51:16.220Z', 'age': 70}, 'registered': {'date': '2006-07-24T18:06:45.236Z', 'age': 17}, 'phone': '09-2979-4305', 'cell': '0436-497-570', 'id': {'name': 'TFN', 'value': '727214379'}, 'picture': {'large': 'https://randomuser.me/api/portraits/women/64.jpg', 'medium': 'https://randomuser.me/api/portraits/med/women/64.jpg', 'thumbnail': 'https://randomuser.me/api/portraits/thumb/women/64.jpg'}, 'nat': 'AU'}</msg>
<arg>${json_data['results'][0]}</arg>
<doc>Logs the given message with the given level.</doc>
<status status="PASS" start="2024-06-21T10:16:12.378662" elapsed="0.000408"/>
</kw>
<kw name="Log" owner="BuiltIn">
<msg time="2024-06-21T10:16:12.379487" level="INFO">email</msg>
<arg>${key}</arg>
<doc>Logs the given message with the given level.</doc>
<status status="PASS" start="2024-06-21T10:16:12.379361" elapsed="0.000164"/>
</kw>
<var name="${key}">email</var>
<status status="PASS" start="2024-06-21T10:16:12.377986" elapsed="0.001749"/>
</iter>
<iter>
<kw name="Dictionary Should Contain Key" owner="Collections">
<arg>${json_data['results'][0]}</arg>
<arg>${key}</arg>
<doc>Fails if ``key`` is not found from ``dictionary``.</doc>
<status status="PASS" start="2024-06-21T10:16:12.380062" elapsed="0.000405"/>
</kw>
<kw name="Log" owner="BuiltIn">
<msg time="2024-06-21T10:16:12.381002" level="INFO">{'gender': 'female', 'name': {'title': 'Miss', 'first': 'Linda', 'last': 'Morrison'}, 'location': {'street': {'number': 9176, 'name': 'Spring Hill Rd'}, 'city': 'Perth', 'state': 'Northern Territory', 'country': 'Australia', 'postcode': 7620, 'coordinates': {'latitude': '-85.7280', 'longitude': '34.6356'}, 'timezone': {'offset': '+9:30', 'description': 'Adelaide, Darwin'}}, 'email': 'linda.morrison@example.com', 'login': {'uuid': '9a0eeca5-2a1e-4281-82b0-5e23af3fce65', 'username': 'angryfrog942', 'password': 'poison', 'salt': 'Md5jFfGi', 'md5': '31dd25ed5249351bd72f9e3b89dcf503', 'sha1': '17e5dab118f0be2e71eb8e3cb2162ce75e654467', 'sha256': '008aa9e16a78572695bdc10be73e8b42a080f8438e57f116afd2088889a7f46c'}, 'dob': {'date': '1954-02-13T10:51:16.220Z', 'age': 70}, 'registered': {'date': '2006-07-24T18:06:45.236Z', 'age': 17}, 'phone': '09-2979-4305', 'cell': '0436-497-570', 'id': {'name': 'TFN', 'value': '727214379'}, 'picture': {'large': 'https://randomuser.me/api/portraits/women/64.jpg', 'medium': 'https://randomuser.me/api/portraits/med/women/64.jpg', 'thumbnail': 'https://randomuser.me/api/portraits/thumb/women/64.jpg'}, 'nat': 'AU'}</msg>
<arg>${json_data['results'][0]}</arg>
<doc>Logs the given message with the given level.</doc>
<status status="PASS" start="2024-06-21T10:16:12.380654" elapsed="0.000405"/>
</kw>
<kw name="Log" owner="BuiltIn">
<msg time="2024-06-21T10:16:12.381495" level="INFO">login</msg>
<arg>${key}</arg>
<doc>Logs the given message with the given level.</doc>
<status status="PASS" start="2024-06-21T10:16:12.381366" elapsed="0.000167"/>
</kw>
<var name="${key}">login</var>
<status status="PASS" start="2024-06-21T10:16:12.379903" elapsed="0.001844"/>
</iter>
<var>${key}</var>
<value>@{expected_keys}</value>
<status status="PASS" start="2024-06-21T10:16:12.371823" elapsed="0.010042"/>
</for>
<kw name="Create List" owner="BuiltIn">
<msg time="2024-06-21T10:16:12.382187" level="INFO">${expected_keysTwo} = ['username', 'password']</msg>
<var>${expected_keysTwo}</var>
<arg>username</arg>
<arg>password</arg>
<doc>Returns a list containing given items.</doc>
<status status="PASS" start="2024-06-21T10:16:12.382053" elapsed="0.000185"/>
</kw>
<for flavor="IN">
<iter>
<kw name="Dictionary Should Contain Key" owner="Collections">
<arg>${json_data['results'][0]['login']}</arg>
<arg>${keyTwo}</arg>
<doc>Fails if ``key`` is not found from ``dictionary``.</doc>
<status status="PASS" start="2024-06-21T10:16:12.382764" elapsed="0.000388"/>
</kw>
<kw name="Dictionary Should Contain Key" owner="Collections">
<arg>${json_data['results'][0]['login']}</arg>
<arg>${keyTwo}</arg>
<doc>Fails if ``key`` is not found from ``dictionary``.</doc>
<status status="PASS" start="2024-06-21T10:16:12.383338" elapsed="0.000369"/>
</kw>
<kw name="Log" owner="BuiltIn">
<msg time="2024-06-21T10:16:12.384028" level="INFO">username</msg>
<arg>${keyTwo}</arg>
<doc>Logs the given message with the given level.</doc>
<status status="PASS" start="2024-06-21T10:16:12.383884" elapsed="0.000184"/>
</kw>
<var name="${keyTwo}">username</var>
<status status="PASS" start="2024-06-21T10:16:12.382657" elapsed="0.001634"/>
</iter>
<iter>
<kw name="Dictionary Should Contain Key" owner="Collections">
<arg>${json_data['results'][0]['login']}</arg>
<arg>${keyTwo}</arg>
<doc>Fails if ``key`` is not found from ``dictionary``.</doc>
<status status="PASS" start="2024-06-21T10:16:12.384566" elapsed="0.000568"/>
</kw>
<kw name="Dictionary Should Contain Key" owner="Collections">
<arg>${json_data['results'][0]['login']}</arg>
<arg>${keyTwo}</arg>
<doc>Fails if ``key`` is not found from ``dictionary``.</doc>
<status status="PASS" start="2024-06-21T10:16:12.385323" elapsed="0.000388"/>
</kw>
<kw name="Log" owner="BuiltIn">
<msg time="2024-06-21T10:16:12.386008" level="INFO">password</msg>
<arg>${keyTwo}</arg>
<doc>Logs the given message with the given level.</doc>
<status status="PASS" start="2024-06-21T10:16:12.385888" elapsed="0.000157"/>
</kw>
<var name="${keyTwo}">password</var>
<status status="PASS" start="2024-06-21T10:16:12.384461" elapsed="0.001895"/>
</iter>
<var>${keyTwo}</var>
<value>@{expected_keysTwo}</value>
<status status="PASS" start="2024-06-21T10:16:12.382484" elapsed="0.003995"/>
</for>
<status status="PASS" start="2024-06-21T10:16:12.045646" elapsed="0.340975"/>
</kw>
<doc>Testa a estrutura da resposta da API.</doc>
<tag>testeEstruturaResposta</tag>
<status status="PASS" start="2024-06-21T10:16:12.045140" elapsed="0.341638"/>
</test>
<test id="s1-s1-t4" name="Validar tipos de dados" line="28">
<kw name="Teste de Tipos de Dados" owner="random-user-service">
<kw name="GET On Session" owner="RequestsLibrary">
<msg time="2024-06-21T10:16:12.730773" level="INFO">GET Request : url=https://randomuser.me/api 
 path_url=/api 
 headers={'User-Agent': 'python-requests/2.32.3', 'Accept-Encoding': 'gzip, deflate', 'Accept': '*/*', 'Connection': 'keep-alive'} 
 body=None 
 </msg>
<msg time="2024-06-21T10:16:12.730868" level="INFO">GET Response : url=https://randomuser.me/api 
 status=200, reason=OK 
 headers={'Date': 'Fri, 21 Jun 2024 10:16:12 GMT', 'Content-Type': 'application/json; charset=utf-8', 'Transfer-Encoding': 'chunked', 'Connection': 'keep-alive', 'X-Powered-By': 'Express', 'Access-Control-Allow-Origin': '*', 'Cache-Control': 'no-cache', 'ETag': 'W/"49e-nYklpzIyiMYN2U+0XYu44/BJjR8"', 'Vary': 'Accept-Encoding', 'Content-Encoding': 'gzip', 'CF-Cache-Status': 'DYNAMIC', 'Report-To': '{"endpoints":[{"url":"https:\\/\\/a.nel.cloudflare.com\\/report\\/v4?s=siY0%2BOjcw5sbQ12zSSsrieop0zfV5BOB1lkwe9ghL%2BvyzTqhu960mIRQhxGOS8TUrNix%2BnCnN6eDGw3zVB15lKNn9fs1Bkl1qfEwZjt111vEPrvvMkamQGBfcMpwTamj"}],"group":"cf-nel","max_age":604800}', 'NEL': '{"success_fraction":0,"report_to":"cf-nel","max_age":604800}', 'Server': 'cloudflare', 'CF-RAY': '89733de578df7ae5-SJC', 'alt-svc': 'h3=":443"; ma=86400'} 
 body={"results":[{"gender":"female","name":{"title":"Ms","first":"Shelley","last":"Schotte"},"location":{"street":{"number":7688,"name":"Columbusrede"},"city":"Leeuwen","state":"Limburg","country":"Netherlands","postcode":"7298 GS","coordinates":{"latitude":"31.2690","longitude":"159.1526"},"timezone":{"offset":"+8:00","description":"Beijing, Perth, Singapore, Hong Kong"}},"email":"shelley.schotte@example.com","login":{"uuid":"daddc477-0d65-4ef0-8992-d3837f7856e7","username":"blackswan314","password":"montreal","salt":"Yxv40drM","md5":"f31437dda372625fe6bfbbf0e0274536","sha1":"3f071e021694d82a989d799ed851819b01e5c3a5","sha256":"8fabdb08d45854b244fb388664a4621b9548d9d58aff477e56e23bd23e788db9"},"dob":{"date":"1974-04-01T01:32:57.523Z","age":50},"registered":{"date":"2006-12-03T07:36:34.149Z","age":17},"phone":"(0421) 553759","cell":"(06) 34639448","id":{"name":"BSN","value":"48645966"},"picture":{"large":"https://randomuser.me/api/portraits/women/47.jpg","medium":"https://randomuser.me/api/portraits/med/women/47.jpg","thumbnail":"https://randomuser.me/api/portraits/thumb/women/47.jpg"},"nat":"NL"}],"info":{"seed":"1bd90d42e518f391","results":1,"page":1,"version":"1.4"}} 
 </msg>
<msg time="2024-06-21T10:16:12.730939" level="INFO">/opt/hostedtoolcache/Python/3.12.4/x64/lib/python3.12/site-packages/urllib3/connectionpool.py:1099: InsecureRequestWarning: Unverified HTTPS request is being made to host 'randomuser.me'. Adding certificate verification is strongly advised. See: https://urllib3.readthedocs.io/en/latest/advanced-usage.html#tls-warnings
  warnings.warn(</msg>
<msg time="2024-06-21T10:16:12.731061" level="INFO">${response} = &lt;Response [200]&gt;</msg>
<var>${response}</var>
<arg>consultarAPI</arg>
<arg>/api</arg>
<doc>Sends a GET request on a previously created HTTP Session.</doc>
<status status="PASS" start="2024-06-21T10:16:12.389361" elapsed="0.341739"/>
</kw>
<kw name="Set Variable" owner="BuiltIn">
<msg time="2024-06-21T10:16:12.732301" level="INFO">${json_data} = {'results': [{'gender': 'female', 'name': {'title': 'Ms', 'first': 'Shelley', 'last': 'Schotte'}, 'location': {'street': {'number': 7688, 'name': 'Columbusrede'}, 'city': 'Leeuwen', 'state': 'Limburg'...</msg>
<var>${json_data}</var>
<arg>${response.json()}</arg>
<doc>Returns the given values which can then be assigned to a variables.</doc>
<status status="PASS" start="2024-06-21T10:16:12.731704" elapsed="0.000626"/>
</kw>
<kw name="Log" owner="BuiltIn">
<msg time="2024-06-21T10:16:12.732797" level="INFO">{'results': [{'gender': 'female', 'name': {'title': 'Ms', 'first': 'Shelley', 'last': 'Schotte'}, 'location': {'street': {'number': 7688, 'name': 'Columbusrede'}, 'city': 'Leeuwen', 'state': 'Limburg', 'country': 'Netherlands', 'postcode': '7298 GS', 'coordinates': {'latitude': '31.2690', 'longitude': '159.1526'}, 'timezone': {'offset': '+8:00', 'description': 'Beijing, Perth, Singapore, Hong Kong'}}, 'email': 'shelley.schotte@example.com', 'login': {'uuid': 'daddc477-0d65-4ef0-8992-d3837f7856e7', 'username': 'blackswan314', 'password': 'montreal', 'salt': 'Yxv40drM', 'md5': 'f31437dda372625fe6bfbbf0e0274536', 'sha1': '3f071e021694d82a989d799ed851819b01e5c3a5', 'sha256': '8fabdb08d45854b244fb388664a4621b9548d9d58aff477e56e23bd23e788db9'}, 'dob': {'date': '1974-04-01T01:32:57.523Z', 'age': 50}, 'registered': {'date': '2006-12-03T07:36:34.149Z', 'age': 17}, 'phone': '(0421) 553759', 'cell': '(06) 34639448', 'id': {'name': 'BSN', 'value': '48645966'}, 'picture': {'large': 'https://randomuser.me/api/portraits/women/47.jpg', 'medium': 'https://randomuser.me/api/portraits/med/women/47.jpg', 'thumbnail': 'https://randomuser.me/api/portraits/thumb/women/47.jpg'}, 'nat': 'NL'}], 'info': {'seed': '1bd90d42e518f391', 'results': 1, 'page': 1, 'version': '1.4'}}</msg>
<arg>${json_data}</arg>
<doc>Logs the given message with the given level.</doc>
<status status="PASS" start="2024-06-21T10:16:12.732641" elapsed="0.000205"/>
</kw>
<kw name="Should Be String" owner="String">
<arg>${json_data['results'][0]['gender']}</arg>
<doc>Fails if the given ``item`` is not a string.</doc>
<status status="PASS" start="2024-06-21T10:16:12.733133" elapsed="0.000370"/>
</kw>
<kw name="Should Match Regexp" owner="BuiltIn">
<arg>${json_data['results'][0]['email']}</arg>
<arg>^[a-zA-Z0-9._%+-]+@[a-zA-Z0-9.-]+\.[a-zA-Z]{2,}$</arg>
<doc>Fails if ``string`` does not match ``pattern`` as a regular expression.</doc>
<status status="PASS" start="2024-06-21T10:16:12.733688" elapsed="0.000523"/>
</kw>
<kw name="Should Match Regexp" owner="BuiltIn">
<arg>${json_data['results'][0]['dob']['date']}</arg>
<arg>\\d{4}-\\d{2}-\\d{2}T\\d{2}:\\d{2}:\\d{2}\\.\\d{3}Z</arg>
<doc>Fails if ``string`` does not match ``pattern`` as a regular expression.</doc>
<status status="PASS" start="2024-06-21T10:16:12.734441" elapsed="0.000489"/>
</kw>
<kw name="Should Match Regexp" owner="BuiltIn">
<arg>${json_data['results'][0]['registered']['date']}</arg>
<arg>\\d{4}-\\d{2}-\\d{2}T\\d{2}:\\d{2}:\\d{2}\\.\\d{3}Z</arg>
<doc>Fails if ``string`` does not match ``pattern`` as a regular expression.</doc>
<status status="PASS" start="2024-06-21T10:16:12.735126" elapsed="0.000366"/>
</kw>
<kw name="Should Match Regexp" owner="BuiltIn">
<arg>${json_data['results'][0]['picture']['large']}</arg>
<arg>^https?://.*\.(?:png|jpe?g|gif|bmp)$</arg>
<doc>Fails if ``string`` does not match ``pattern`` as a regular expression.</doc>
<status status="PASS" start="2024-06-21T10:16:12.735675" elapsed="0.000482"/>
</kw>
<kw name="Should Match Regexp" owner="BuiltIn">
<arg>${json_data['results'][0]['picture']['medium']}</arg>
<arg>^https?://.*\.(?:png|jpe?g|gif|bmp)$</arg>
<doc>Fails if ``string`` does not match ``pattern`` as a regular expression.</doc>
<status status="PASS" start="2024-06-21T10:16:12.736345" elapsed="0.000352"/>
</kw>
<kw name="Should Match Regexp" owner="BuiltIn">
<arg>${json_data['results'][0]['picture']['thumbnail']}</arg>
<arg>^https?://.*\.(?:png|jpe?g|gif|bmp)$</arg>
<doc>Fails if ``string`` does not match ``pattern`` as a regular expression.</doc>
<status status="PASS" start="2024-06-21T10:16:12.736876" elapsed="0.000341"/>
</kw>
<kw name="Log" owner="BuiltIn">
<msg time="2024-06-21T10:16:12.737710" level="INFO">{'large': 'https://randomuser.me/api/portraits/women/47.jpg', 'medium': 'https://randomuser.me/api/portraits/med/women/47.jpg', 'thumbnail': 'https://randomuser.me/api/portraits/thumb/women/47.jpg'}</msg>
<arg>${json_data['results'][0]['picture']}</arg>
<doc>Logs the given message with the given level.</doc>
<status status="PASS" start="2024-06-21T10:16:12.737393" elapsed="0.000358"/>
</kw>
<status status="PASS" start="2024-06-21T10:16:12.389137" elapsed="0.348871"/>
</kw>
<kw name="Teste de Tipos de Dados - Postcode" owner="random-user-service">
<kw name="GET On Session" owner="RequestsLibrary">
<msg time="2024-06-21T10:16:12.861695" level="INFO">GET Request : url=https://randomuser.me/api 
 path_url=/api 
 headers={'User-Agent': 'python-requests/2.32.3', 'Accept-Encoding': 'gzip, deflate', 'Accept': '*/*', 'Connection': 'keep-alive'} 
 body=None 
 </msg>
<msg time="2024-06-21T10:16:12.861760" level="INFO">GET Response : url=https://randomuser.me/api 
 status=200, reason=OK 
 headers={'Date': 'Fri, 21 Jun 2024 10:16:12 GMT', 'Content-Type': 'application/json; charset=utf-8', 'Transfer-Encoding': 'chunked', 'Connection': 'keep-alive', 'X-Powered-By': 'Express', 'Access-Control-Allow-Origin': '*', 'Cache-Control': 'no-cache', 'ETag': 'W/"46e-1d5whh19O+VZ5LiSxZxUmt3bJVU"', 'Vary': 'Accept-Encoding', 'Content-Encoding': 'gzip', 'CF-Cache-Status': 'DYNAMIC', 'Report-To': '{"endpoints":[{"url":"https:\\/\\/a.nel.cloudflare.com\\/report\\/v4?s=ELSxWDz83v%2F6XJRXQ3GSBSOHreovggYrt9dMpLFiOI5OYeWTMIu7A7VBJyPoSRia%2ByTde%2Fms%2BtwwSZ9Pwm3AIpj98V7zW60OVA%2BN2iaqWuRZZpJbo5VfYxs2tvHryfJS"}],"group":"cf-nel","max_age":604800}', 'NEL': '{"success_fraction":0,"report_to":"cf-nel","max_age":604800}', 'Server': 'cloudflare', 'CF-RAY': '89733de7a9ee7ae5-SJC', 'alt-svc': 'h3=":443"; ma=86400'} 
 body={"results":[{"gender":"female","name":{"title":"Ms","first":"Sam","last":"Meyer"},"location":{"street":{"number":581,"name":"The Crescent"},"city":"Kilkenny","state":"Cork City","country":"Ireland","postcode":20265,"coordinates":{"latitude":"4.1709","longitude":"144.2460"},"timezone":{"offset":"-2:00","description":"Mid-Atlantic"}},"email":"sam.meyer@example.com","login":{"uuid":"d9b50d72-1e71-4d39-a95f-ab0a028844a2","username":"whitemouse772","password":"fullback","salt":"6Dg1lKyK","md5":"02387b4ae89066d411a9cdce74a82344","sha1":"0d9ab35a7f9105249fe7492da80cfb01c00445fe","sha256":"a669ce964e6955b5afbbcbbfd1c3e324da68eab8fb0dc1eb55d035da80e4a155"},"dob":{"date":"1945-04-11T01:40:34.230Z","age":79},"registered":{"date":"2016-01-11T06:04:02.497Z","age":8},"phone":"021-552-2614","cell":"081-301-8152","id":{"name":"PPS","value":"0202327T"},"picture":{"large":"https://randomuser.me/api/portraits/women/4.jpg","medium":"https://randomuser.me/api/portraits/med/women/4.jpg","thumbnail":"https://randomuser.me/api/portraits/thumb/women/4.jpg"},"nat":"IE"}],"info":{"seed":"828962603477ebf4","results":1,"page":1,"version":"1.4"}} 
 </msg>
<msg time="2024-06-21T10:16:12.861821" level="INFO">/opt/hostedtoolcache/Python/3.12.4/x64/lib/python3.12/site-packages/urllib3/connectionpool.py:1099: InsecureRequestWarning: Unverified HTTPS request is being made to host 'randomuser.me'. Adding certificate verification is strongly advised. See: https://urllib3.readthedocs.io/en/latest/advanced-usage.html#tls-warnings
  warnings.warn(</msg>
<msg time="2024-06-21T10:16:12.861912" level="INFO">${response} = &lt;Response [200]&gt;</msg>
<var>${response}</var>
<arg>consultarAPI</arg>
<arg>/api</arg>
<doc>Sends a GET request on a previously created HTTP Session.</doc>
<status status="PASS" start="2024-06-21T10:16:12.738455" elapsed="0.123497"/>
</kw>
<kw name="Set Variable" owner="BuiltIn">
<msg time="2024-06-21T10:16:12.863011" level="INFO">${json_data} = {'results': [{'gender': 'female', 'name': {'title': 'Ms', 'first': 'Sam', 'last': 'Meyer'}, 'location': {'street': {'number': 581, 'name': 'The Crescent'}, 'city': 'Kilkenny', 'state': 'Cork City', 'c...</msg>
<var>${json_data}</var>
<arg>${response.json()}</arg>
<doc>Returns the given values which can then be assigned to a variables.</doc>
<status status="PASS" start="2024-06-21T10:16:12.862414" elapsed="0.000625"/>
</kw>
<kw name="Log" owner="BuiltIn">
<msg time="2024-06-21T10:16:12.863488" level="INFO">{'results': [{'gender': 'female', 'name': {'title': 'Ms', 'first': 'Sam', 'last': 'Meyer'}, 'location': {'street': {'number': 581, 'name': 'The Crescent'}, 'city': 'Kilkenny', 'state': 'Cork City', 'country': 'Ireland', 'postcode': 20265, 'coordinates': {'latitude': '4.1709', 'longitude': '144.2460'}, 'timezone': {'offset': '-2:00', 'description': 'Mid-Atlantic'}}, 'email': 'sam.meyer@example.com', 'login': {'uuid': 'd9b50d72-1e71-4d39-a95f-ab0a028844a2', 'username': 'whitemouse772', 'password': 'fullback', 'salt': '6Dg1lKyK', 'md5': '02387b4ae89066d411a9cdce74a82344', 'sha1': '0d9ab35a7f9105249fe7492da80cfb01c00445fe', 'sha256': 'a669ce964e6955b5afbbcbbfd1c3e324da68eab8fb0dc1eb55d035da80e4a155'}, 'dob': {'date': '1945-04-11T01:40:34.230Z', 'age': 79}, 'registered': {'date': '2016-01-11T06:04:02.497Z', 'age': 8}, 'phone': '021-552-2614', 'cell': '081-301-8152', 'id': {'name': 'PPS', 'value': '0202327T'}, 'picture': {'large': 'https://randomuser.me/api/portraits/women/4.jpg', 'medium': 'https://randomuser.me/api/portraits/med/women/4.jpg', 'thumbnail': 'https://randomuser.me/api/portraits/thumb/women/4.jpg'}, 'nat': 'IE'}], 'info': {'seed': '828962603477ebf4', 'results': 1, 'page': 1, 'version': '1.4'}}</msg>
<arg>${json_data}</arg>
<doc>Logs the given message with the given level.</doc>
<status status="PASS" start="2024-06-21T10:16:12.863335" elapsed="0.000199"/>
</kw>
<kw name="Should Be Equal As Numbers" owner="BuiltIn">
<arg>${json_data['results'][0]['location']['postcode']}</arg>
<arg>${json_data['results'][0]['location']['postcode']}</arg>
<doc>Fails if objects are unequal after converting them to real numbers.</doc>
<status status="PASS" start="2024-06-21T10:16:12.863826" elapsed="0.000654"/>
</kw>
<kw name="Log" owner="BuiltIn">
<msg time="2024-06-21T10:16:12.865129" level="INFO">20265</msg>
<arg>${json_data['results'][0]['location']['postcode']}</arg>
<doc>Logs the given message with the given level.</doc>
<status status="PASS" start="2024-06-21T10:16:12.864665" elapsed="0.000506"/>
</kw>
<status status="PASS" start="2024-06-21T10:16:12.738232" elapsed="0.127219"/>
</kw>
<doc>Testa se os tipos de dados na resposta da API estão corretos.</doc>
<tag>testeTiposDados</tag>
<status status="PASS" start="2024-06-21T10:16:12.388592" elapsed="0.477024"/>
</test>
<test id="s1-s1-t5" name="Validar conteudo" line="35">
<kw name="Teste de Tipos de Conteudo" owner="random-user-service">
<kw name="GET On Session" owner="RequestsLibrary">
<msg time="2024-06-21T10:16:13.000913" level="INFO">GET Request : url=https://randomuser.me/api 
 path_url=/api 
 headers={'User-Agent': 'python-requests/2.32.3', 'Accept-Encoding': 'gzip, deflate', 'Accept': '*/*', 'Connection': 'keep-alive'} 
 body=None 
 </msg>
<msg time="2024-06-21T10:16:13.000998" level="INFO">GET Response : url=https://randomuser.me/api 
 status=200, reason=OK 
 headers={'Date': 'Fri, 21 Jun 2024 10:16:13 GMT', 'Content-Type': 'application/json; charset=utf-8', 'Transfer-Encoding': 'chunked', 'Connection': 'keep-alive', 'X-Powered-By': 'Express', 'Access-Control-Allow-Origin': '*', 'Cache-Control': 'no-cache', 'ETag': 'W/"49f-yduYE4zlQPYUbWm4UuVhE5SGVy8"', 'Vary': 'Accept-Encoding', 'Content-Encoding': 'gzip', 'CF-Cache-Status': 'DYNAMIC', 'Report-To': '{"endpoints":[{"url":"https:\\/\\/a.nel.cloudflare.com\\/report\\/v4?s=8Ea8jHX1WOpeRZuB5S9PKZDaek1yqV6ZBtoiRVtv%2Bagrc7Kl6Y3MLsxMuFBUIrZVEt5xBDxCyhktubENAuHWV10%2FS91DMdZcPWIyHN7JssrGCdWnI7pipAGUcUziKjMN"}],"group":"cf-nel","max_age":604800}', 'NEL': '{"success_fraction":0,"report_to":"cf-nel","max_age":604800}', 'Server': 'cloudflare', 'CF-RAY': '89733de87a507ae5-SJC', 'alt-svc': 'h3=":443"; ma=86400'} 
 body={"results":[{"gender":"male","name":{"title":"Mr","first":"Amaury","last":"Noel"},"location":{"street":{"number":9449,"name":"Rue Saint-Georges"},"city":"Perpignan","state":"Seine-Maritime","country":"France","postcode":43544,"coordinates":{"latitude":"-20.3977","longitude":"-134.6380"},"timezone":{"offset":"+10:00","description":"Eastern Australia, Guam, Vladivostok"}},"email":"amaury.noel@example.com","login":{"uuid":"0cfffbd5-fc0d-406e-819f-b63ac4f5d674","username":"purplewolf743","password":"band","salt":"8Xb2cA5V","md5":"e2fa56a4a37e16fdcf9b50b39c301d6f","sha1":"75c890f1be05014987c8745a29fd2766fbba561c","sha256":"f161447ede3a2bdab5ba911f4a25ec84cfd721cf5caa9bdd51b92c0498e12a26"},"dob":{"date":"1967-02-17T17:16:30.174Z","age":57},"registered":{"date":"2006-06-28T06:28:48.244Z","age":17},"phone":"04-39-38-34-36","cell":"06-35-15-88-18","id":{"name":"INSEE","value":"1670191128967 89"},"picture":{"large":"https://randomuser.me/api/portraits/men/68.jpg","medium":"https://randomuser.me/api/portraits/med/men/68.jpg","thumbnail":"https://randomuser.me/api/portraits/thumb/men/68.jpg"},"nat":"FR"}],"info":{"seed":"2a2bc4f2c672d4f6","results":1,"page":1,"version":"1.4"}} 
 </msg>
<msg time="2024-06-21T10:16:13.001067" level="INFO">/opt/hostedtoolcache/Python/3.12.4/x64/lib/python3.12/site-packages/urllib3/connectionpool.py:1099: InsecureRequestWarning: Unverified HTTPS request is being made to host 'randomuser.me'. Adding certificate verification is strongly advised. See: https://urllib3.readthedocs.io/en/latest/advanced-usage.html#tls-warnings
  warnings.warn(</msg>
<msg time="2024-06-21T10:16:13.001217" level="INFO">${response} = &lt;Response [200]&gt;</msg>
<var>${response}</var>
<arg>consultarAPI</arg>
<arg>/api</arg>
<doc>Sends a GET request on a previously created HTTP Session.</doc>
<status status="PASS" start="2024-06-21T10:16:12.868124" elapsed="0.133130"/>
</kw>
<kw name="Set Variable" owner="BuiltIn">
<msg time="2024-06-21T10:16:13.002344" level="INFO">${json_data} = {'results': [{'gender': 'male', 'name': {'title': 'Mr', 'first': 'Amaury', 'last': 'Noel'}, 'location': {'street': {'number': 9449, 'name': 'Rue Saint-Georges'}, 'city': 'Perpignan', 'state': 'Seine-M...</msg>
<var>${json_data}</var>
<arg>${response.json()}</arg>
<doc>Returns the given values which can then be assigned to a variables.</doc>
<status status="PASS" start="2024-06-21T10:16:13.001825" elapsed="0.000547"/>
</kw>
<kw name="Set Variable" owner="BuiltIn">
<msg time="2024-06-21T10:16:13.003058" level="INFO">${name_title} = Mr</msg>
<var>${name_title}</var>
<arg>${json_data["results"][0]["name"]["title"]}</arg>
<doc>Returns the given values which can then be assigned to a variables.</doc>
<status status="PASS" start="2024-06-21T10:16:13.002677" elapsed="0.000407"/>
</kw>
<kw name="Create List" owner="BuiltIn">
<msg time="2024-06-21T10:16:13.003522" level="INFO">${allowed_titles} = ['Mr', 'Ms', 'Miss', 'Mrs', 'Madame', 'Monsieur']</msg>
<var>${allowed_titles}</var>
<arg>Mr</arg>
<arg>Ms</arg>
<arg>Miss</arg>
<arg>Mrs</arg>
<arg>Madame</arg>
<arg>Monsieur</arg>
<doc>Returns a list containing given items.</doc>
<status status="PASS" start="2024-06-21T10:16:13.003374" elapsed="0.000171"/>
</kw>
<kw name="List Should Contain Value" owner="Collections">
<arg>${allowed_titles}</arg>
<arg>${name_title}</arg>
<doc>Fails if the ``value`` is not found from ``list``.</doc>
<status status="PASS" start="2024-06-21T10:16:13.003858" elapsed="0.000213"/>
</kw>
<kw name="Set Variable" owner="BuiltIn">
<msg time="2024-06-21T10:16:13.004640" level="INFO">${name_country} = FR</msg>
<var>${name_country}</var>
<arg>${json_data["results"][0]["nat"]}</arg>
<doc>Returns the given values which can then be assigned to a variables.</doc>
<status status="PASS" start="2024-06-21T10:16:13.004270" elapsed="0.000395"/>
</kw>
<kw name="Create List" owner="BuiltIn">
<msg time="2024-06-21T10:16:13.005572" level="INFO">${list_country} = ['AD', 'AE', 'AF', 'AG', 'AI', 'AL', 'AM', 'AO', 'AQ', 'AR', 'AS', 'AT', 'AU', 'AW', 'AX', 'AZ', 'BA', 'BB', 'BD', 'BE', 'BF', 'BG', 'BH', 'BI', 'BJ', 'BL', 'BM', 'BN', 'BO', 'BQ', 'BR', 'BS', 'BT', '...</msg>
<var>${list_country}</var>
<arg>AD</arg>
<arg>AE</arg>
<arg>AF</arg>
<arg>AG</arg>
<arg>AI</arg>
<arg>AL</arg>
<arg>AM</arg>
<arg>AO</arg>
<arg>AQ</arg>
<arg>AR</arg>
<arg>AS</arg>
<arg>AT</arg>
<arg>AU</arg>
<arg>AW</arg>
<arg>AX</arg>
<arg>AZ</arg>
<arg>BA</arg>
<arg>BB</arg>
<arg>BD</arg>
<arg>BE</arg>
<arg>BF</arg>
<arg>BG</arg>
<arg>BH</arg>
<arg>BI</arg>
<arg>BJ</arg>
<arg>BL</arg>
<arg>BM</arg>
<arg>BN</arg>
<arg>BO</arg>
<arg>BQ</arg>
<arg>BR</arg>
<arg>BS</arg>
<arg>BT</arg>
<arg>BV</arg>
<arg>BW</arg>
<arg>BY</arg>
<arg>BZ</arg>
<arg>CA</arg>
<arg>CC</arg>
<arg>CD</arg>
<arg>CF</arg>
<arg>CG</arg>
<arg>CH</arg>
<arg>CI</arg>
<arg>CK</arg>
<arg>CL</arg>
<arg>CM</arg>
<arg>CN</arg>
<arg>CO</arg>
<arg>CR</arg>
<arg>CU</arg>
<arg>CV</arg>
<arg>CW</arg>
<arg>CX</arg>
<arg>CY</arg>
<arg>CZ</arg>
<arg>DE</arg>
<arg>DJ</arg>
<arg>DK</arg>
<arg>DM</arg>
<arg>DO</arg>
<arg>DZ</arg>
<arg>EC</arg>
<arg>EE</arg>
<arg>EG</arg>
<arg>EH</arg>
<arg>ER</arg>
<arg>ES</arg>
<arg>ET</arg>
<arg>FI</arg>
<arg>FJ</arg>
<arg>FK</arg>
<arg>FM</arg>
<arg>FO</arg>
<arg>FR</arg>
<arg>GA</arg>
<arg>GB</arg>
<arg>GD</arg>
<arg>GE</arg>
<arg>GF</arg>
<arg>GG</arg>
<arg>GH</arg>
<arg>GI</arg>
<arg>GL</arg>
<arg>GM</arg>
<arg>GN</arg>
<arg>GP</arg>
<arg>GQ</arg>
<arg>GR</arg>
<arg>GS</arg>
<arg>GT</arg>
<arg>GU</arg>
<arg>GW</arg>
<arg>GY</arg>
<arg>HK</arg>
<arg>HM</arg>
<arg>HN</arg>
<arg>HR</arg>
<arg>HT</arg>
<arg>HU</arg>
<arg>ID</arg>
<arg>IE</arg>
<arg>IL</arg>
<arg>IM</arg>
<arg>IN</arg>
<arg>IO</arg>
<arg>IQ</arg>
<arg>IR</arg>
<arg>IS</arg>
<arg>IT</arg>
<arg>JE</arg>
<arg>JM</arg>
<arg>JO</arg>
<arg>JP</arg>
<arg>KE</arg>
<arg>KG</arg>
<arg>KH</arg>
<arg>KI</arg>
<arg>KM</arg>
<arg>KN</arg>
<arg>KP</arg>
<arg>KR</arg>
<arg>KW</arg>
<arg>KY</arg>
<arg>KZ</arg>
<arg>LA</arg>
<arg>LB</arg>
<arg>LC</arg>
<arg>LI</arg>
<arg>LK</arg>
<arg>LR</arg>
<arg>LS</arg>
<arg>LT</arg>
<arg>LU</arg>
<arg>LV</arg>
<arg>LY</arg>
<arg>MA</arg>
<arg>MC</arg>
<arg>MD</arg>
<arg>ME</arg>
<arg>MF</arg>
<arg>MG</arg>
<arg>MH</arg>
<arg>MK</arg>
<arg>ML</arg>
<arg>MM</arg>
<arg>MN</arg>
<arg>MO</arg>
<arg>MP</arg>
<arg>MQ</arg>
<arg>MR</arg>
<arg>MS</arg>
<arg>MT</arg>
<arg>MU</arg>
<arg>MV</arg>
<arg>MW</arg>
<arg>MX</arg>
<arg>MY</arg>
<arg>MZ</arg>
<arg>NA</arg>
<arg>NC</arg>
<arg>NE</arg>
<arg>NF</arg>
<arg>NG</arg>
<arg>NI</arg>
<arg>NL</arg>
<arg>NO</arg>
<arg>NP</arg>
<arg>NR</arg>
<arg>NU</arg>
<arg>NZ</arg>
<arg>OM</arg>
<arg>PA</arg>
<arg>PE</arg>
<arg>PF</arg>
<arg>PG</arg>
<arg>PH</arg>
<arg>PK</arg>
<arg>PL</arg>
<arg>PM</arg>
<arg>PN</arg>
<arg>PR</arg>
<arg>PS</arg>
<arg>PT</arg>
<arg>PW</arg>
<arg>PY</arg>
<arg>QA</arg>
<arg>RE</arg>
<arg>RO</arg>
<arg>RS</arg>
<arg>RU</arg>
<arg>RW</arg>
<arg>SA</arg>
<arg>SB</arg>
<arg>SC</arg>
<arg>SD</arg>
<arg>SE</arg>
<arg>SG</arg>
<arg>SH</arg>
<arg>SI</arg>
<arg>SJ</arg>
<arg>SK</arg>
<arg>SL</arg>
<arg>SM</arg>
<arg>SN</arg>
<arg>SO</arg>
<arg>SR</arg>
<arg>SS</arg>
<arg>ST</arg>
<arg>SV</arg>
<arg>SX</arg>
<arg>SY</arg>
<arg>SZ</arg>
<arg>TC</arg>
<arg>TD</arg>
<arg>TF</arg>
<arg>TG</arg>
<arg>TH</arg>
<arg>TJ</arg>
<arg>TK</arg>
<arg>TL</arg>
<arg>TM</arg>
<arg>TN</arg>
<arg>TO</arg>
<arg>TR</arg>
<arg>TT</arg>
<arg>TV</arg>
<arg>TW</arg>
<arg>TZ</arg>
<arg>UA</arg>
<arg>UG</arg>
<arg>UM</arg>
<arg>US</arg>
<arg>UY</arg>
<arg>UZ</arg>
<arg>VA</arg>
<arg>VC</arg>
<arg>VE</arg>
<arg>VG</arg>
<arg>VI</arg>
<arg>VN</arg>
<arg>VU</arg>
<arg>WF</arg>
<arg>WS</arg>
<arg>XK</arg>
<arg>YE</arg>
<arg>YT</arg>
<arg>ZA</arg>
<arg>ZM</arg>
<arg>ZW</arg>
<doc>Returns a list containing given items.</doc>
<status status="PASS" start="2024-06-21T10:16:13.004951" elapsed="0.000648"/>
</kw>
<kw name="List Should Contain Value" owner="Collections">
<arg>${list_country}</arg>
<arg>${name_country}</arg>
<doc>Fails if the ``value`` is not found from ``list``.</doc>
<status status="PASS" start="2024-06-21T10:16:13.006394" elapsed="0.000204"/>
</kw>
<kw name="Run Keyword If" owner="BuiltIn">
<kw name="Should Be True" owner="BuiltIn">
<arg>${True}</arg>
<doc>Fails if the given condition is not true.</doc>
<status status="PASS" start="2024-06-21T10:16:13.007547" elapsed="0.000142"/>
</kw>
<arg>${json_data["results"][0]["location"]["coordinates"]["latitude"]} &gt;= -90 and ${json_data["results"][0]["location"]["coordinates"]["latitude"]} &lt;= 90</arg>
<arg>Should Be True</arg>
<arg>${True}</arg>
<doc>Runs the given keyword with the given arguments, if ``condition`` is true.</doc>
<status status="PASS" start="2024-06-21T10:16:13.006807" elapsed="0.001006"/>
</kw>
<kw name="Run Keyword If" owner="BuiltIn">
<kw name="Should Be True" owner="BuiltIn">
<arg>${True}</arg>
<doc>Fails if the given condition is not true.</doc>
<status status="PASS" start="2024-06-21T10:16:13.008700" elapsed="0.000242"/>
</kw>
<arg>${json_data["results"][0]["location"]["coordinates"]["longitude"]} &gt;= -180 and ${json_data["results"][0]["location"]["coordinates"]["longitude"]} &lt;= 180</arg>
<arg>Should Be True</arg>
<arg>${True}</arg>
<doc>Runs the given keyword with the given arguments, if ``condition`` is true.</doc>
<status status="PASS" start="2024-06-21T10:16:13.008010" elapsed="0.001057"/>
</kw>
<status status="PASS" start="2024-06-21T10:16:12.867877" elapsed="0.141322"/>
</kw>
<doc>Testa o conteúdo específico dos campos retornados pela API.</doc>
<tag>testeConteudo</tag>
<status status="PASS" start="2024-06-21T10:16:12.867353" elapsed="0.141995"/>
</test>
<status status="PASS" start="2024-06-21T10:16:09.753567" elapsed="3.257774"/>
</suite>
<status status="PASS" start="2024-06-21T10:16:09.739151" elapsed="3.277312"/>
</suite>
<statistics>
<total>
<stat pass="5" fail="0" skip="0">All Tests</stat>
</total>
<tag>
<stat pass="1" fail="0" skip="0">testeConteudo</stat>
<stat pass="1" fail="0" skip="0">testeEstruturaResposta</stat>
<stat pass="1" fail="0" skip="0">testeRequisicaoBasica</stat>
<stat pass="1" fail="0" skip="0">testeTiposDados</stat>
</tag>
<suite>
<stat pass="5" fail="0" skip="0" id="s1" name="Tests">Tests</stat>
<stat pass="5" fail="0" skip="0" id="s1-s1" name="Random-User-Test">Tests.Random-User-Test</stat>
</suite>
</statistics>
<errors>
</errors>
</robot>
