<?xml version="1.0" encoding="UTF-8"?>
<robot generator="Robot 7.0 (Python 3.12.2 on linux)" generated="2024-03-31T12:23:10.049205" rpa="false" schemaversion="5">
<suite id="s1" name="Tests" source="/home/runner/work/DesafioQAItauRogerioJordao/DesafioQAItauRogerioJordao/RamdonUser/tests">
<suite id="s1-s1" name="Random-User-Test" source="/home/runner/work/DesafioQAItauRogerioJordao/DesafioQAItauRogerioJordao/RamdonUser/tests/random-user-test.robot">
<test id="s1-s1-t1" name="Conectar" line="13">
<kw name="Conectar API" owner="random-user-service">
<kw name="Create Session" owner="RequestsLibrary">
<msg time="2024-03-31T12:23:10.409547" level="INFO">Creating Session using : alias=consultarAPI, url=https://randomuser.me/, headers={},                     cookies={}, auth=None, timeout=None, proxies=None, verify=False,                     debug=0 </msg>
<arg>consultarAPI</arg>
<arg>${URL}</arg>
<doc>Create Session: create a HTTP session to a server</doc>
<status status="PASS" start="2024-03-31T12:23:10.409352" elapsed="0.000370"/>
</kw>
<status status="PASS" start="2024-03-31T12:23:10.408339" elapsed="0.001740"/>
</kw>
<status status="PASS" start="2024-03-31T12:23:10.407780" elapsed="0.002522"/>
</test>
<test id="s1-s1-t2" name="Validar retorno 200 e JSON Válido" line="16">
<kw name="Teste de Requisicao Basica" owner="random-user-service">
<kw name="GET On Session" owner="RequestsLibrary">
<msg time="2024-03-31T12:23:10.474436" level="INFO">GET Request : url=https://randomuser.me/api 
 path_url=/api 
 headers={'User-Agent': 'python-requests/2.31.0', 'Accept-Encoding': 'gzip, deflate', 'Accept': '*/*', 'Connection': 'keep-alive'} 
 body=None 
 </msg>
<msg time="2024-03-31T12:23:10.474557" level="INFO">GET Response : url=https://randomuser.me/api 
 status=200, reason=OK 
 headers={'Date': 'Sun, 31 Mar 2024 12:23:10 GMT', 'Content-Type': 'application/json; charset=utf-8', 'Transfer-Encoding': 'chunked', 'Connection': 'keep-alive', 'X-Powered-By': 'Express', 'Access-Control-Allow-Origin': '*', 'Cache-Control': 'no-cache', 'ETag': 'W/"47d-3iz/aPLBiMvvFlxEj3dGh/e+vpg"', 'Vary': 'Accept-Encoding', 'Content-Encoding': 'gzip', 'CF-Cache-Status': 'DYNAMIC', 'Report-To': '{"endpoints":[{"url":"https:\\/\\/a.nel.cloudflare.com\\/report\\/v4?s=ihr4VAmw8FALIANPtFy6FZhKMh7NBIBhFQEotNB1oHD44XDsIlZRf2W2vh%2F4CZK00h%2B7bsDNtA04m2k2WRo2U8INOC%2F%2BPgohBqIZVSm6LXG5HVUHF8jKDu4mSFsD5et%2B"}],"group":"cf-nel","max_age":604800}', 'NEL': '{"success_fraction":0,"report_to":"cf-nel","max_age":604800}', 'Server': 'cloudflare', 'CF-RAY': '86d04f223d088212-IAD', 'alt-svc': 'h3=":443"; ma=86400'} 
 body={"results":[{"gender":"female","name":{"title":"Mrs","first":"Sarah","last":"Jacobs"},"location":{"street":{"number":8272,"name":"E Center St"},"city":"Queanbeyan","state":"South Australia","country":"Australia","postcode":4381,"coordinates":{"latitude":"-85.5814","longitude":"110.2839"},"timezone":{"offset":"+5:45","description":"Kathmandu"}},"email":"sarah.jacobs@example.com","login":{"uuid":"d77cd3b9-b819-4cdc-b63e-55113c3d9918","username":"tinyfrog402","password":"chloe","salt":"HfLX1YCy","md5":"9136268971dc297ec95f3b8b906955f3","sha1":"c1ab14fab79f71abafd1098390d8100f74c5ef97","sha256":"79a096a0e4d1b617ee6819856d28b564d7b2909852baae45662516c97497972c"},"dob":{"date":"1950-05-03T07:46:50.598Z","age":73},"registered":{"date":"2004-08-27T20:48:58.385Z","age":19},"phone":"08-1855-1561","cell":"0468-459-784","id":{"name":"TFN","value":"314037665"},"picture":{"large":"https://randomuser.me/api/portraits/women/20.jpg","medium":"https://randomuser.me/api/portraits/med/women/20.jpg","thumbnail":"https://randomuser.me/api/portraits/thumb/women/20.jpg"},"nat":"AU"}],"info":{"seed":"8fe190d88ffba215","results":1,"page":1,"version":"1.4"}} 
 </msg>
<msg time="2024-03-31T12:23:10.474646" level="INFO">/opt/hostedtoolcache/Python/3.12.2/x64/lib/python3.12/site-packages/urllib3/connectionpool.py:1103: InsecureRequestWarning: Unverified HTTPS request is being made to host 'randomuser.me'. Adding certificate verification is strongly advised. See: https://urllib3.readthedocs.io/en/latest/advanced-usage.html#tls-warnings
  warnings.warn(</msg>
<msg time="2024-03-31T12:23:10.474757" level="INFO">${response} = &lt;Response [200]&gt;</msg>
<var>${response}</var>
<arg>consultarAPI</arg>
<arg>/api</arg>
<doc>Sends a GET request on a previously created HTTP Session.</doc>
<status status="PASS" start="2024-03-31T12:23:10.412991" elapsed="0.061808"/>
</kw>
<kw name="Should Be Equal As Numbers" owner="BuiltIn">
<msg time="2024-03-31T12:23:10.475672" level="INFO">Argument types are:
&lt;class 'int'&gt;
&lt;class 'str'&gt;</msg>
<arg>${response.status_code}</arg>
<arg>200</arg>
<doc>Fails if objects are unequal after converting them to real numbers.</doc>
<status status="PASS" start="2024-03-31T12:23:10.475262" elapsed="0.000474"/>
</kw>
<kw name="Log" owner="BuiltIn">
<msg time="2024-03-31T12:23:10.476436" level="INFO">200</msg>
<arg>${response.status_code}</arg>
<doc>Logs the given message with the given level.</doc>
<status status="PASS" start="2024-03-31T12:23:10.476077" elapsed="0.000402"/>
</kw>
<kw name="Set Variable" owner="BuiltIn">
<msg time="2024-03-31T12:23:10.477251" level="INFO">${json_data} = {'results': [{'gender': 'female', 'name': {'title': 'Mrs', 'first': 'Sarah', 'last': 'Jacobs'}, 'location': {'street': {'number': 8272, 'name': 'E Center St'}, 'city': 'Queanbeyan', 'state': 'South Au...</msg>
<var>${json_data}</var>
<arg>${response.json()}</arg>
<doc>Returns the given values which can then be assigned to a variables.</doc>
<status status="PASS" start="2024-03-31T12:23:10.476816" elapsed="0.000462"/>
</kw>
<kw name="Dictionary Should Contain Key" owner="Collections">
<msg time="2024-03-31T12:23:10.477742" level="INFO">False</msg>
<arg>${json_data}</arg>
<arg>results</arg>
<doc>Fails if ``key`` is not found from ``dictionary``.</doc>
<status status="PASS" start="2024-03-31T12:23:10.477578" elapsed="0.000203"/>
</kw>
<status status="PASS" start="2024-03-31T12:23:10.412740" elapsed="0.065290"/>
</kw>
<doc>Testa se a API responde corretamente e retorna um objeto JSON válido.</doc>
<tag>testeRequisicaoBasica</tag>
<status status="PASS" start="2024-03-31T12:23:10.412176" elapsed="0.066027"/>
</test>
<test id="s1-s1-t3" name="Validar estrutura de resposta" line="22">
<kw name="Teste de Estrutura de Resposta" owner="random-user-service">
<kw name="GET On Session" owner="RequestsLibrary">
<msg time="2024-03-31T12:23:10.584545" level="INFO">GET Request : url=https://randomuser.me/api 
 path_url=/api 
 headers={'User-Agent': 'python-requests/2.31.0', 'Accept-Encoding': 'gzip, deflate', 'Accept': '*/*', 'Connection': 'keep-alive'} 
 body=None 
 </msg>
<msg time="2024-03-31T12:23:10.584633" level="INFO">GET Response : url=https://randomuser.me/api 
 status=200, reason=OK 
 headers={'Date': 'Sun, 31 Mar 2024 12:23:10 GMT', 'Content-Type': 'application/json; charset=utf-8', 'Transfer-Encoding': 'chunked', 'Connection': 'keep-alive', 'X-Powered-By': 'Express', 'Access-Control-Allow-Origin': '*', 'Cache-Control': 'no-cache', 'ETag': 'W/"491-iboBwJ2yCcAj1iUEIzUsWj7eyew"', 'Vary': 'Accept-Encoding', 'Content-Encoding': 'gzip', 'CF-Cache-Status': 'DYNAMIC', 'Report-To': '{"endpoints":[{"url":"https:\\/\\/a.nel.cloudflare.com\\/report\\/v4?s=5Rqc1wV8g406%2BuGWfqAcPFIjdct%2BiW132jJyWW%2BTCQFryT99Oj3OwBGj5OHe09wBwMzQmG%2Bu0anabH%2BMgpYZX3hZoixxgNFwzrwRD6QU4OIGmqz%2BEJtP8iHTns51qiHu"}],"group":"cf-nel","max_age":604800}', 'NEL': '{"success_fraction":0,"report_to":"cf-nel","max_age":604800}', 'Server': 'cloudflare', 'CF-RAY': '86d04f228d4b8212-IAD', 'alt-svc': 'h3=":443"; ma=86400'} 
 body={"results":[{"gender":"male","name":{"title":"Mr","first":"Arthur","last":"Skjørestad"},"location":{"street":{"number":8875,"name":"Dronning Margretes vei"},"city":"Søfteland","state":"Sør-Trøndelag","country":"Norway","postcode":"8020","coordinates":{"latitude":"42.7489","longitude":"-141.7279"},"timezone":{"offset":"-12:00","description":"Eniwetok, Kwajalein"}},"email":"arthur.skjorestad@example.com","login":{"uuid":"1c0e2dbc-40f0-4094-b8b4-ae279c9589f7","username":"sadelephant707","password":"listen","salt":"qb0adLqE","md5":"ed3171ff7c046bb303fcdb105f265727","sha1":"efc958aa410c776d898a5dae417e1ecac70dd1f6","sha256":"e978f7cc68f7461dacc375459a1568b2b3f0255ee96c7007ae77bfc710c90a7b"},"dob":{"date":"1995-01-19T05:49:49.330Z","age":29},"registered":{"date":"2005-08-18T13:31:35.065Z","age":18},"phone":"67635594","cell":"47817096","id":{"name":"FN","value":"19019509373"},"picture":{"large":"https://randomuser.me/api/portraits/men/46.jpg","medium":"https://randomuser.me/api/portraits/med/men/46.jpg","thumbnail":"https://randomuser.me/api/portraits/thumb/men/46.jpg"},"nat":"NO"}],"info":{"seed":"635f1b592897035f","results":1,"page":1,"version":"1.4"}} 
 </msg>
<msg time="2024-03-31T12:23:10.584759" level="INFO">/opt/hostedtoolcache/Python/3.12.2/x64/lib/python3.12/site-packages/urllib3/connectionpool.py:1103: InsecureRequestWarning: Unverified HTTPS request is being made to host 'randomuser.me'. Adding certificate verification is strongly advised. See: https://urllib3.readthedocs.io/en/latest/advanced-usage.html#tls-warnings
  warnings.warn(</msg>
<msg time="2024-03-31T12:23:10.584859" level="INFO">${response} = &lt;Response [200]&gt;</msg>
<var>${response}</var>
<arg>consultarAPI</arg>
<arg>/api</arg>
<doc>Sends a GET request on a previously created HTTP Session.</doc>
<status status="PASS" start="2024-03-31T12:23:10.481303" elapsed="0.103596"/>
</kw>
<kw name="Set Variable" owner="BuiltIn">
<msg time="2024-03-31T12:23:10.585694" level="INFO">${json_data} = {'results': [{'gender': 'male', 'name': {'title': 'Mr', 'first': 'Arthur', 'last': 'Skjørestad'}, 'location': {'street': {'number': 8875, 'name': 'Dronning Margretes vei'}, 'city': 'Søfteland', 'state...</msg>
<var>${json_data}</var>
<arg>${response.json()}</arg>
<doc>Returns the given values which can then be assigned to a variables.</doc>
<status status="PASS" start="2024-03-31T12:23:10.585242" elapsed="0.000482"/>
</kw>
<kw name="Log" owner="BuiltIn">
<msg time="2024-03-31T12:23:10.586165" level="INFO">{'results': [{'gender': 'male', 'name': {'title': 'Mr', 'first': 'Arthur', 'last': 'Skjørestad'}, 'location': {'street': {'number': 8875, 'name': 'Dronning Margretes vei'}, 'city': 'Søfteland', 'state': 'Sør-Trøndelag', 'country': 'Norway', 'postcode': '8020', 'coordinates': {'latitude': '42.7489', 'longitude': '-141.7279'}, 'timezone': {'offset': '-12:00', 'description': 'Eniwetok, Kwajalein'}}, 'email': 'arthur.skjorestad@example.com', 'login': {'uuid': '1c0e2dbc-40f0-4094-b8b4-ae279c9589f7', 'username': 'sadelephant707', 'password': 'listen', 'salt': 'qb0adLqE', 'md5': 'ed3171ff7c046bb303fcdb105f265727', 'sha1': 'efc958aa410c776d898a5dae417e1ecac70dd1f6', 'sha256': 'e978f7cc68f7461dacc375459a1568b2b3f0255ee96c7007ae77bfc710c90a7b'}, 'dob': {'date': '1995-01-19T05:49:49.330Z', 'age': 29}, 'registered': {'date': '2005-08-18T13:31:35.065Z', 'age': 18}, 'phone': '67635594', 'cell': '47817096', 'id': {'name': 'FN', 'value': '19019509373'}, 'picture': {'large': 'https://randomuser.me/api/portraits/men/46.jpg', 'medium': 'https://randomuser.me/api/portraits/med/men/46.jpg', 'thumbnail': 'https://randomuser.me/api/portraits/thumb/men/46.jpg'}, 'nat': 'NO'}], 'info': {'seed': '635f1b592897035f', 'results': 1, 'page': 1, 'version': '1.4'}}</msg>
<arg>${json_data}</arg>
<doc>Logs the given message with the given level.</doc>
<status status="PASS" start="2024-03-31T12:23:10.586018" elapsed="0.000192"/>
</kw>
<kw name="Dictionary Should Contain Key" owner="Collections">
<msg time="2024-03-31T12:23:10.586625" level="INFO">False</msg>
<arg>${json_data}</arg>
<arg>results</arg>
<doc>Fails if ``key`` is not found from ``dictionary``.</doc>
<status status="PASS" start="2024-03-31T12:23:10.586485" elapsed="0.000178"/>
</kw>
<kw name="Should Not Be Empty" owner="BuiltIn">
<msg time="2024-03-31T12:23:10.587093" level="INFO">Length is 2.</msg>
<arg>${json_data}</arg>
<doc>Verifies that the given item is not empty.</doc>
<status status="PASS" start="2024-03-31T12:23:10.586959" elapsed="0.000173"/>
</kw>
<kw name="Create List" owner="BuiltIn">
<msg time="2024-03-31T12:23:10.587567" level="INFO">${expected_keys} = ['gender', 'name', 'location', 'email', 'login']</msg>
<var>${expected_keys}</var>
<arg>gender</arg>
<arg>name</arg>
<arg>location</arg>
<arg>email</arg>
<arg>login</arg>
<doc>Returns a list containing given items.</doc>
<status status="PASS" start="2024-03-31T12:23:10.587421" elapsed="0.000171"/>
</kw>
<for flavor="IN">
<iter>
<kw name="Dictionary Should Contain Key" owner="Collections">
<msg time="2024-03-31T12:23:10.588582" level="INFO">False</msg>
<arg>${json_data['results'][0]}</arg>
<arg>${key}</arg>
<doc>Fails if ``key`` is not found from ``dictionary``.</doc>
<status status="PASS" start="2024-03-31T12:23:10.588180" elapsed="0.000442"/>
</kw>
<kw name="Log" owner="BuiltIn">
<msg time="2024-03-31T12:23:10.589305" level="INFO">{'gender': 'male', 'name': {'title': 'Mr', 'first': 'Arthur', 'last': 'Skjørestad'}, 'location': {'street': {'number': 8875, 'name': 'Dronning Margretes vei'}, 'city': 'Søfteland', 'state': 'Sør-Trøndelag', 'country': 'Norway', 'postcode': '8020', 'coordinates': {'latitude': '42.7489', 'longitude': '-141.7279'}, 'timezone': {'offset': '-12:00', 'description': 'Eniwetok, Kwajalein'}}, 'email': 'arthur.skjorestad@example.com', 'login': {'uuid': '1c0e2dbc-40f0-4094-b8b4-ae279c9589f7', 'username': 'sadelephant707', 'password': 'listen', 'salt': 'qb0adLqE', 'md5': 'ed3171ff7c046bb303fcdb105f265727', 'sha1': 'efc958aa410c776d898a5dae417e1ecac70dd1f6', 'sha256': 'e978f7cc68f7461dacc375459a1568b2b3f0255ee96c7007ae77bfc710c90a7b'}, 'dob': {'date': '1995-01-19T05:49:49.330Z', 'age': 29}, 'registered': {'date': '2005-08-18T13:31:35.065Z', 'age': 18}, 'phone': '67635594', 'cell': '47817096', 'id': {'name': 'FN', 'value': '19019509373'}, 'picture': {'large': 'https://randomuser.me/api/portraits/men/46.jpg', 'medium': 'https://randomuser.me/api/portraits/med/men/46.jpg', 'thumbnail': 'https://randomuser.me/api/portraits/thumb/men/46.jpg'}, 'nat': 'NO'}</msg>
<arg>${json_data['results'][0]}</arg>
<doc>Logs the given message with the given level.</doc>
<status status="PASS" start="2024-03-31T12:23:10.588929" elapsed="0.000432"/>
</kw>
<kw name="Log" owner="BuiltIn">
<msg time="2024-03-31T12:23:10.589798" level="INFO">gender</msg>
<arg>${key}</arg>
<doc>Logs the given message with the given level.</doc>
<status status="PASS" start="2024-03-31T12:23:10.589666" elapsed="0.000171"/>
</kw>
<var name="${key}">gender</var>
<status status="PASS" start="2024-03-31T12:23:10.588052" elapsed="0.002011"/>
</iter>
<iter>
<kw name="Dictionary Should Contain Key" owner="Collections">
<msg time="2024-03-31T12:23:10.590744" level="INFO">False</msg>
<arg>${json_data['results'][0]}</arg>
<arg>${key}</arg>
<doc>Fails if ``key`` is not found from ``dictionary``.</doc>
<status status="PASS" start="2024-03-31T12:23:10.590365" elapsed="0.000416"/>
</kw>
<kw name="Log" owner="BuiltIn">
<msg time="2024-03-31T12:23:10.591478" level="INFO">{'gender': 'male', 'name': {'title': 'Mr', 'first': 'Arthur', 'last': 'Skjørestad'}, 'location': {'street': {'number': 8875, 'name': 'Dronning Margretes vei'}, 'city': 'Søfteland', 'state': 'Sør-Trøndelag', 'country': 'Norway', 'postcode': '8020', 'coordinates': {'latitude': '42.7489', 'longitude': '-141.7279'}, 'timezone': {'offset': '-12:00', 'description': 'Eniwetok, Kwajalein'}}, 'email': 'arthur.skjorestad@example.com', 'login': {'uuid': '1c0e2dbc-40f0-4094-b8b4-ae279c9589f7', 'username': 'sadelephant707', 'password': 'listen', 'salt': 'qb0adLqE', 'md5': 'ed3171ff7c046bb303fcdb105f265727', 'sha1': 'efc958aa410c776d898a5dae417e1ecac70dd1f6', 'sha256': 'e978f7cc68f7461dacc375459a1568b2b3f0255ee96c7007ae77bfc710c90a7b'}, 'dob': {'date': '1995-01-19T05:49:49.330Z', 'age': 29}, 'registered': {'date': '2005-08-18T13:31:35.065Z', 'age': 18}, 'phone': '67635594', 'cell': '47817096', 'id': {'name': 'FN', 'value': '19019509373'}, 'picture': {'large': 'https://randomuser.me/api/portraits/men/46.jpg', 'medium': 'https://randomuser.me/api/portraits/med/men/46.jpg', 'thumbnail': 'https://randomuser.me/api/portraits/thumb/men/46.jpg'}, 'nat': 'NO'}</msg>
<arg>${json_data['results'][0]}</arg>
<doc>Logs the given message with the given level.</doc>
<status status="PASS" start="2024-03-31T12:23:10.591111" elapsed="0.000416"/>
</kw>
<kw name="Log" owner="BuiltIn">
<msg time="2024-03-31T12:23:10.591954" level="INFO">name</msg>
<arg>${key}</arg>
<doc>Logs the given message with the given level.</doc>
<status status="PASS" start="2024-03-31T12:23:10.591826" elapsed="0.000165"/>
</kw>
<var name="${key}">name</var>
<status status="PASS" start="2024-03-31T12:23:10.590250" elapsed="0.001983"/>
</iter>
<iter>
<kw name="Dictionary Should Contain Key" owner="Collections">
<msg time="2024-03-31T12:23:10.592911" level="INFO">False</msg>
<arg>${json_data['results'][0]}</arg>
<arg>${key}</arg>
<doc>Fails if ``key`` is not found from ``dictionary``.</doc>
<status status="PASS" start="2024-03-31T12:23:10.592532" elapsed="0.000418"/>
</kw>
<kw name="Log" owner="BuiltIn">
<msg time="2024-03-31T12:23:10.593608" level="INFO">{'gender': 'male', 'name': {'title': 'Mr', 'first': 'Arthur', 'last': 'Skjørestad'}, 'location': {'street': {'number': 8875, 'name': 'Dronning Margretes vei'}, 'city': 'Søfteland', 'state': 'Sør-Trøndelag', 'country': 'Norway', 'postcode': '8020', 'coordinates': {'latitude': '42.7489', 'longitude': '-141.7279'}, 'timezone': {'offset': '-12:00', 'description': 'Eniwetok, Kwajalein'}}, 'email': 'arthur.skjorestad@example.com', 'login': {'uuid': '1c0e2dbc-40f0-4094-b8b4-ae279c9589f7', 'username': 'sadelephant707', 'password': 'listen', 'salt': 'qb0adLqE', 'md5': 'ed3171ff7c046bb303fcdb105f265727', 'sha1': 'efc958aa410c776d898a5dae417e1ecac70dd1f6', 'sha256': 'e978f7cc68f7461dacc375459a1568b2b3f0255ee96c7007ae77bfc710c90a7b'}, 'dob': {'date': '1995-01-19T05:49:49.330Z', 'age': 29}, 'registered': {'date': '2005-08-18T13:31:35.065Z', 'age': 18}, 'phone': '67635594', 'cell': '47817096', 'id': {'name': 'FN', 'value': '19019509373'}, 'picture': {'large': 'https://randomuser.me/api/portraits/men/46.jpg', 'medium': 'https://randomuser.me/api/portraits/med/men/46.jpg', 'thumbnail': 'https://randomuser.me/api/portraits/thumb/men/46.jpg'}, 'nat': 'NO'}</msg>
<arg>${json_data['results'][0]}</arg>
<doc>Logs the given message with the given level.</doc>
<status status="PASS" start="2024-03-31T12:23:10.593250" elapsed="0.000412"/>
</kw>
<kw name="Log" owner="BuiltIn">
<msg time="2024-03-31T12:23:10.594082" level="INFO">location</msg>
<arg>${key}</arg>
<doc>Logs the given message with the given level.</doc>
<status status="PASS" start="2024-03-31T12:23:10.593956" elapsed="0.000164"/>
</kw>
<var name="${key}">location</var>
<status status="PASS" start="2024-03-31T12:23:10.592418" elapsed="0.001919"/>
</iter>
<iter>
<kw name="Dictionary Should Contain Key" owner="Collections">
<msg time="2024-03-31T12:23:10.594985" level="INFO">False</msg>
<arg>${json_data['results'][0]}</arg>
<arg>${key}</arg>
<doc>Fails if ``key`` is not found from ``dictionary``.</doc>
<status status="PASS" start="2024-03-31T12:23:10.594620" elapsed="0.000399"/>
</kw>
<kw name="Log" owner="BuiltIn">
<msg time="2024-03-31T12:23:10.595621" level="INFO">{'gender': 'male', 'name': {'title': 'Mr', 'first': 'Arthur', 'last': 'Skjørestad'}, 'location': {'street': {'number': 8875, 'name': 'Dronning Margretes vei'}, 'city': 'Søfteland', 'state': 'Sør-Trøndelag', 'country': 'Norway', 'postcode': '8020', 'coordinates': {'latitude': '42.7489', 'longitude': '-141.7279'}, 'timezone': {'offset': '-12:00', 'description': 'Eniwetok, Kwajalein'}}, 'email': 'arthur.skjorestad@example.com', 'login': {'uuid': '1c0e2dbc-40f0-4094-b8b4-ae279c9589f7', 'username': 'sadelephant707', 'password': 'listen', 'salt': 'qb0adLqE', 'md5': 'ed3171ff7c046bb303fcdb105f265727', 'sha1': 'efc958aa410c776d898a5dae417e1ecac70dd1f6', 'sha256': 'e978f7cc68f7461dacc375459a1568b2b3f0255ee96c7007ae77bfc710c90a7b'}, 'dob': {'date': '1995-01-19T05:49:49.330Z', 'age': 29}, 'registered': {'date': '2005-08-18T13:31:35.065Z', 'age': 18}, 'phone': '67635594', 'cell': '47817096', 'id': {'name': 'FN', 'value': '19019509373'}, 'picture': {'large': 'https://randomuser.me/api/portraits/men/46.jpg', 'medium': 'https://randomuser.me/api/portraits/med/men/46.jpg', 'thumbnail': 'https://randomuser.me/api/portraits/thumb/men/46.jpg'}, 'nat': 'NO'}</msg>
<arg>${json_data['results'][0]}</arg>
<doc>Logs the given message with the given level.</doc>
<status status="PASS" start="2024-03-31T12:23:10.595295" elapsed="0.000372"/>
</kw>
<kw name="Log" owner="BuiltIn">
<msg time="2024-03-31T12:23:10.596074" level="INFO">email</msg>
<arg>${key}</arg>
<doc>Logs the given message with the given level.</doc>
<status status="PASS" start="2024-03-31T12:23:10.595937" elapsed="0.000172"/>
</kw>
<var name="${key}">email</var>
<status status="PASS" start="2024-03-31T12:23:10.594511" elapsed="0.001798"/>
</iter>
<iter>
<kw name="Dictionary Should Contain Key" owner="Collections">
<msg time="2024-03-31T12:23:10.596920" level="INFO">False</msg>
<arg>${json_data['results'][0]}</arg>
<arg>${key}</arg>
<doc>Fails if ``key`` is not found from ``dictionary``.</doc>
<status status="PASS" start="2024-03-31T12:23:10.596573" elapsed="0.000382"/>
</kw>
<kw name="Log" owner="BuiltIn">
<msg time="2024-03-31T12:23:10.597562" level="INFO">{'gender': 'male', 'name': {'title': 'Mr', 'first': 'Arthur', 'last': 'Skjørestad'}, 'location': {'street': {'number': 8875, 'name': 'Dronning Margretes vei'}, 'city': 'Søfteland', 'state': 'Sør-Trøndelag', 'country': 'Norway', 'postcode': '8020', 'coordinates': {'latitude': '42.7489', 'longitude': '-141.7279'}, 'timezone': {'offset': '-12:00', 'description': 'Eniwetok, Kwajalein'}}, 'email': 'arthur.skjorestad@example.com', 'login': {'uuid': '1c0e2dbc-40f0-4094-b8b4-ae279c9589f7', 'username': 'sadelephant707', 'password': 'listen', 'salt': 'qb0adLqE', 'md5': 'ed3171ff7c046bb303fcdb105f265727', 'sha1': 'efc958aa410c776d898a5dae417e1ecac70dd1f6', 'sha256': 'e978f7cc68f7461dacc375459a1568b2b3f0255ee96c7007ae77bfc710c90a7b'}, 'dob': {'date': '1995-01-19T05:49:49.330Z', 'age': 29}, 'registered': {'date': '2005-08-18T13:31:35.065Z', 'age': 18}, 'phone': '67635594', 'cell': '47817096', 'id': {'name': 'FN', 'value': '19019509373'}, 'picture': {'large': 'https://randomuser.me/api/portraits/men/46.jpg', 'medium': 'https://randomuser.me/api/portraits/med/men/46.jpg', 'thumbnail': 'https://randomuser.me/api/portraits/thumb/men/46.jpg'}, 'nat': 'NO'}</msg>
<arg>${json_data['results'][0]}</arg>
<doc>Logs the given message with the given level.</doc>
<status status="PASS" start="2024-03-31T12:23:10.597225" elapsed="0.000382"/>
</kw>
<kw name="Log" owner="BuiltIn">
<msg time="2024-03-31T12:23:10.597992" level="INFO">login</msg>
<arg>${key}</arg>
<doc>Logs the given message with the given level.</doc>
<status status="PASS" start="2024-03-31T12:23:10.597877" elapsed="0.000245"/>
</kw>
<var name="${key}">login</var>
<status status="PASS" start="2024-03-31T12:23:10.596467" elapsed="0.001882"/>
</iter>
<var>${key}</var>
<value>@{expected_keys}</value>
<status status="PASS" start="2024-03-31T12:23:10.587851" elapsed="0.010616"/>
</for>
<kw name="Create List" owner="BuiltIn">
<msg time="2024-03-31T12:23:10.598777" level="INFO">${expected_keysTwo} = ['username', 'password']</msg>
<var>${expected_keysTwo}</var>
<arg>username</arg>
<arg>password</arg>
<doc>Returns a list containing given items.</doc>
<status status="PASS" start="2024-03-31T12:23:10.598648" elapsed="0.000151"/>
</kw>
<for flavor="IN">
<iter>
<kw name="Dictionary Should Contain Key" owner="Collections">
<msg time="2024-03-31T12:23:10.599650" level="INFO">False</msg>
<arg>${json_data['results'][0]['login']}</arg>
<arg>${keyTwo}</arg>
<doc>Fails if ``key`` is not found from ``dictionary``.</doc>
<status status="PASS" start="2024-03-31T12:23:10.599269" elapsed="0.000419"/>
</kw>
<kw name="Dictionary Should Contain Key" owner="Collections">
<msg time="2024-03-31T12:23:10.600397" level="INFO">False</msg>
<arg>${json_data['results'][0]['login']}</arg>
<arg>${keyTwo}</arg>
<doc>Fails if ``key`` is not found from ``dictionary``.</doc>
<status status="PASS" start="2024-03-31T12:23:10.599983" elapsed="0.000452"/>
</kw>
<kw name="Log" owner="BuiltIn">
<msg time="2024-03-31T12:23:10.600859" level="INFO">username</msg>
<arg>${keyTwo}</arg>
<doc>Logs the given message with the given level.</doc>
<status status="PASS" start="2024-03-31T12:23:10.600731" elapsed="0.000165"/>
</kw>
<var name="${keyTwo}">username</var>
<status status="PASS" start="2024-03-31T12:23:10.599159" elapsed="0.001951"/>
</iter>
<iter>
<kw name="Dictionary Should Contain Key" owner="Collections">
<msg time="2024-03-31T12:23:10.601772" level="INFO">False</msg>
<arg>${json_data['results'][0]['login']}</arg>
<arg>${keyTwo}</arg>
<doc>Fails if ``key`` is not found from ``dictionary``.</doc>
<status status="PASS" start="2024-03-31T12:23:10.601390" elapsed="0.000420"/>
</kw>
<kw name="Dictionary Should Contain Key" owner="Collections">
<msg time="2024-03-31T12:23:10.602485" level="INFO">False</msg>
<arg>${json_data['results'][0]['login']}</arg>
<arg>${keyTwo}</arg>
<doc>Fails if ``key`` is not found from ``dictionary``.</doc>
<status status="PASS" start="2024-03-31T12:23:10.602101" elapsed="0.000421"/>
</kw>
<kw name="Log" owner="BuiltIn">
<msg time="2024-03-31T12:23:10.602937" level="INFO">password</msg>
<arg>${keyTwo}</arg>
<doc>Logs the given message with the given level.</doc>
<status status="PASS" start="2024-03-31T12:23:10.602812" elapsed="0.000163"/>
</kw>
<var name="${keyTwo}">password</var>
<status status="PASS" start="2024-03-31T12:23:10.601281" elapsed="0.001909"/>
</iter>
<var>${keyTwo}</var>
<value>@{expected_keysTwo}</value>
<status status="PASS" start="2024-03-31T12:23:10.599019" elapsed="0.004291"/>
</for>
<status status="PASS" start="2024-03-31T12:23:10.480956" elapsed="0.122492"/>
</kw>
<doc>Testa a estrutura da resposta da API.</doc>
<tag>testeEstruturaResposta</tag>
<status status="PASS" start="2024-03-31T12:23:10.480004" elapsed="0.123595"/>
</test>
<test id="s1-s1-t4" name="Validar tipos de dados" line="28">
<kw name="Teste de Tipos de Dados" owner="random-user-service">
<kw name="GET On Session" owner="RequestsLibrary">
<msg time="2024-03-31T12:23:10.672991" level="INFO">GET Request : url=https://randomuser.me/api 
 path_url=/api 
 headers={'User-Agent': 'python-requests/2.31.0', 'Accept-Encoding': 'gzip, deflate', 'Accept': '*/*', 'Connection': 'keep-alive'} 
 body=None 
 </msg>
<msg time="2024-03-31T12:23:10.673066" level="INFO">GET Response : url=https://randomuser.me/api 
 status=200, reason=OK 
 headers={'Date': 'Sun, 31 Mar 2024 12:23:10 GMT', 'Content-Type': 'application/json; charset=utf-8', 'Transfer-Encoding': 'chunked', 'Connection': 'keep-alive', 'X-Powered-By': 'Express', 'Access-Control-Allow-Origin': '*', 'Cache-Control': 'no-cache', 'ETag': 'W/"499-P/pmFqZf/7A6VTZL+Mp1EjB3EYM"', 'Vary': 'Accept-Encoding', 'Content-Encoding': 'gzip', 'CF-Cache-Status': 'DYNAMIC', 'Report-To': '{"endpoints":[{"url":"https:\\/\\/a.nel.cloudflare.com\\/report\\/v4?s=1%2Fxi87mVf6mSvr9g0FfGhCwHhF6HKlAkWTMdNnlnSjU1y8fFj1XJuc2tv7jzL%2Fk4J8IPCYCdbkwfR5Hi9YR2O0gJ%2B8RBpwOwBy0dOkk%2FWR7U5ynMyUj%2B%2FObVsn4Ks8yI"}],"group":"cf-nel","max_age":604800}', 'NEL': '{"success_fraction":0,"report_to":"cf-nel","max_age":604800}', 'Server': 'cloudflare', 'CF-RAY': '86d04f234dfb8212-IAD', 'alt-svc': 'h3=":443"; ma=86400'} 
 body={"results":[{"gender":"female","name":{"title":"Miss","first":"Helmtrud","last":"Michl"},"location":{"street":{"number":1365,"name":"Wiesenweg"},"city":"Zahna-Elster","state":"Hamburg","country":"Germany","postcode":56567,"coordinates":{"latitude":"-53.1833","longitude":"57.8181"},"timezone":{"offset":"+4:00","description":"Abu Dhabi, Muscat, Baku, Tbilisi"}},"email":"helmtrud.michl@example.com","login":{"uuid":"69392ff5-828a-4498-88bb-a7487a751dbd","username":"sadostrich506","password":"pookey","salt":"jGOqLGXG","md5":"c1ec22889ea4a83135db5df2b16b7f8c","sha1":"a39d4c4c63c0c17fab5deebcc5e1545998a60106","sha256":"c9e9e7b9cefc99fa990f768085f1534159f6ac848af5eac2ba0b32ffb3abb7c8"},"dob":{"date":"1961-05-05T19:39:03.155Z","age":62},"registered":{"date":"2012-12-01T18:22:06.085Z","age":11},"phone":"0643-1878211","cell":"0174-3821239","id":{"name":"SVNR","value":"57 050561 M 891"},"picture":{"large":"https://randomuser.me/api/portraits/women/42.jpg","medium":"https://randomuser.me/api/portraits/med/women/42.jpg","thumbnail":"https://randomuser.me/api/portraits/thumb/women/42.jpg"},"nat":"DE"}],"info":{"seed":"8a27de6dffaee866","results":1,"page":1,"version":"1.4"}} 
 </msg>
<msg time="2024-03-31T12:23:10.673130" level="INFO">/opt/hostedtoolcache/Python/3.12.2/x64/lib/python3.12/site-packages/urllib3/connectionpool.py:1103: InsecureRequestWarning: Unverified HTTPS request is being made to host 'randomuser.me'. Adding certificate verification is strongly advised. See: https://urllib3.readthedocs.io/en/latest/advanced-usage.html#tls-warnings
  warnings.warn(</msg>
<msg time="2024-03-31T12:23:10.673239" level="INFO">${response} = &lt;Response [200]&gt;</msg>
<var>${response}</var>
<arg>consultarAPI</arg>
<arg>/api</arg>
<doc>Sends a GET request on a previously created HTTP Session.</doc>
<status status="PASS" start="2024-03-31T12:23:10.605997" elapsed="0.067292"/>
</kw>
<kw name="Set Variable" owner="BuiltIn">
<msg time="2024-03-31T12:23:10.674373" level="INFO">${json_data} = {'results': [{'gender': 'female', 'name': {'title': 'Miss', 'first': 'Helmtrud', 'last': 'Michl'}, 'location': {'street': {'number': 1365, 'name': 'Wiesenweg'}, 'city': 'Zahna-Elster', 'state': 'Hambu...</msg>
<var>${json_data}</var>
<arg>${response.json()}</arg>
<doc>Returns the given values which can then be assigned to a variables.</doc>
<status status="PASS" start="2024-03-31T12:23:10.673813" elapsed="0.000588"/>
</kw>
<kw name="Log" owner="BuiltIn">
<msg time="2024-03-31T12:23:10.674858" level="INFO">{'results': [{'gender': 'female', 'name': {'title': 'Miss', 'first': 'Helmtrud', 'last': 'Michl'}, 'location': {'street': {'number': 1365, 'name': 'Wiesenweg'}, 'city': 'Zahna-Elster', 'state': 'Hamburg', 'country': 'Germany', 'postcode': 56567, 'coordinates': {'latitude': '-53.1833', 'longitude': '57.8181'}, 'timezone': {'offset': '+4:00', 'description': 'Abu Dhabi, Muscat, Baku, Tbilisi'}}, 'email': 'helmtrud.michl@example.com', 'login': {'uuid': '69392ff5-828a-4498-88bb-a7487a751dbd', 'username': 'sadostrich506', 'password': 'pookey', 'salt': 'jGOqLGXG', 'md5': 'c1ec22889ea4a83135db5df2b16b7f8c', 'sha1': 'a39d4c4c63c0c17fab5deebcc5e1545998a60106', 'sha256': 'c9e9e7b9cefc99fa990f768085f1534159f6ac848af5eac2ba0b32ffb3abb7c8'}, 'dob': {'date': '1961-05-05T19:39:03.155Z', 'age': 62}, 'registered': {'date': '2012-12-01T18:22:06.085Z', 'age': 11}, 'phone': '0643-1878211', 'cell': '0174-3821239', 'id': {'name': 'SVNR', 'value': '57 050561 M 891'}, 'picture': {'large': 'https://randomuser.me/api/portraits/women/42.jpg', 'medium': 'https://randomuser.me/api/portraits/med/women/42.jpg', 'thumbnail': 'https://randomuser.me/api/portraits/thumb/women/42.jpg'}, 'nat': 'DE'}], 'info': {'seed': '8a27de6dffaee866', 'results': 1, 'page': 1, 'version': '1.4'}}</msg>
<arg>${json_data}</arg>
<doc>Logs the given message with the given level.</doc>
<status status="PASS" start="2024-03-31T12:23:10.674706" elapsed="0.000230"/>
</kw>
<kw name="Should Be String" owner="String">
<arg>${json_data['results'][0]['gender']}</arg>
<doc>Fails if the given ``item`` is not a string.</doc>
<status status="PASS" start="2024-03-31T12:23:10.675240" elapsed="0.000366"/>
</kw>
<kw name="Should Match Regexp" owner="BuiltIn">
<arg>${json_data['results'][0]['email']}</arg>
<arg>^[a-zA-Z0-9._%+-]+@[a-zA-Z0-9.-]+\.[a-zA-Z]{2,}$</arg>
<doc>Fails if ``string`` does not match ``pattern`` as a regular expression.</doc>
<status status="PASS" start="2024-03-31T12:23:10.675798" elapsed="0.000536"/>
</kw>
<kw name="Should Match Regexp" owner="BuiltIn">
<arg>${json_data['results'][0]['dob']['date']}</arg>
<arg>\\d{4}-\\d{2}-\\d{2}T\\d{2}:\\d{2}:\\d{2}\\.\\d{3}Z</arg>
<doc>Fails if ``string`` does not match ``pattern`` as a regular expression.</doc>
<status status="PASS" start="2024-03-31T12:23:10.676531" elapsed="0.000482"/>
</kw>
<kw name="Should Match Regexp" owner="BuiltIn">
<arg>${json_data['results'][0]['registered']['date']}</arg>
<arg>\\d{4}-\\d{2}-\\d{2}T\\d{2}:\\d{2}:\\d{2}\\.\\d{3}Z</arg>
<doc>Fails if ``string`` does not match ``pattern`` as a regular expression.</doc>
<status status="PASS" start="2024-03-31T12:23:10.677190" elapsed="0.000338"/>
</kw>
<kw name="Should Match Regexp" owner="BuiltIn">
<arg>${json_data['results'][0]['picture']['large']}</arg>
<arg>^https?://.*\.(?:png|jpe?g|gif|bmp)$</arg>
<doc>Fails if ``string`` does not match ``pattern`` as a regular expression.</doc>
<status status="PASS" start="2024-03-31T12:23:10.677699" elapsed="0.000422"/>
</kw>
<kw name="Should Match Regexp" owner="BuiltIn">
<arg>${json_data['results'][0]['picture']['medium']}</arg>
<arg>^https?://.*\.(?:png|jpe?g|gif|bmp)$</arg>
<doc>Fails if ``string`` does not match ``pattern`` as a regular expression.</doc>
<status status="PASS" start="2024-03-31T12:23:10.678302" elapsed="0.000330"/>
</kw>
<kw name="Should Match Regexp" owner="BuiltIn">
<arg>${json_data['results'][0]['picture']['thumbnail']}</arg>
<arg>^https?://.*\.(?:png|jpe?g|gif|bmp)$</arg>
<doc>Fails if ``string`` does not match ``pattern`` as a regular expression.</doc>
<status status="PASS" start="2024-03-31T12:23:10.678803" elapsed="0.000314"/>
</kw>
<kw name="Log" owner="BuiltIn">
<msg time="2024-03-31T12:23:10.679604" level="INFO">{'large': 'https://randomuser.me/api/portraits/women/42.jpg', 'medium': 'https://randomuser.me/api/portraits/med/women/42.jpg', 'thumbnail': 'https://randomuser.me/api/portraits/thumb/women/42.jpg'}</msg>
<arg>${json_data['results'][0]['picture']}</arg>
<doc>Logs the given message with the given level.</doc>
<status status="PASS" start="2024-03-31T12:23:10.679284" elapsed="0.000365"/>
</kw>
<status status="PASS" start="2024-03-31T12:23:10.605776" elapsed="0.074124"/>
</kw>
<kw name="Teste de Tipos de Dados - Postcode" owner="random-user-service">
<kw name="GET On Session" owner="RequestsLibrary">
<msg time="2024-03-31T12:23:10.793529" level="INFO">GET Request : url=https://randomuser.me/api 
 path_url=/api 
 headers={'User-Agent': 'python-requests/2.31.0', 'Accept-Encoding': 'gzip, deflate', 'Accept': '*/*', 'Connection': 'keep-alive'} 
 body=None 
 </msg>
<msg time="2024-03-31T12:23:10.793592" level="INFO">GET Response : url=https://randomuser.me/api 
 status=200, reason=OK 
 headers={'Date': 'Sun, 31 Mar 2024 12:23:10 GMT', 'Content-Type': 'application/json; charset=utf-8', 'Transfer-Encoding': 'chunked', 'Connection': 'keep-alive', 'X-Powered-By': 'Express', 'Access-Control-Allow-Origin': '*', 'Cache-Control': 'no-cache', 'ETag': 'W/"496-YK0djKkLHESzzGWAj+SpNZjqJrk"', 'Vary': 'Accept-Encoding', 'Content-Encoding': 'gzip', 'CF-Cache-Status': 'DYNAMIC', 'Report-To': '{"endpoints":[{"url":"https:\\/\\/a.nel.cloudflare.com\\/report\\/v4?s=jd%2FCsU7xY4fJFWbzBz6Gfnpu8eDqcZ1NFnc4q%2FNuKRrK0dsOcDnHjWHzKGnroEkH%2BDl9GlQ2xeHub5hbe1X9ZN%2Bbpp5pYIZbNLSAbdndWguJb6S0xQ2yoA2Rq0H%2FP%2BWw"}],"group":"cf-nel","max_age":604800}', 'NEL': '{"success_fraction":0,"report_to":"cf-nel","max_age":604800}', 'Server': 'cloudflare', 'CF-RAY': '86d04f23ce948212-IAD', 'alt-svc': 'h3=":443"; ma=86400'} 
 body={"results":[{"gender":"male","name":{"title":"Mr","first":"Santiago","last":"Domínguez"},"location":{"street":{"number":315,"name":"Calle de Bravo Murillo"},"city":"Ciudad Real","state":"Islas Baleares","country":"Spain","postcode":43126,"coordinates":{"latitude":"-38.5575","longitude":"-45.5703"},"timezone":{"offset":"-1:00","description":"Azores, Cape Verde Islands"}},"email":"santiago.dominguez@example.com","login":{"uuid":"e36063b5-55c8-4bdb-9ba1-431e4c0c428f","username":"redbird357","password":"qing","salt":"wuWFS2SM","md5":"667ea1cea97291fdac6c9ef89f2888af","sha1":"7a56b52ca1fe2823efd43ec0f90de9104489a860","sha256":"9dcf7d2e1f62710e329abf8cb121b67dd2ebc582ba81ba55da51b8b8cfa984a5"},"dob":{"date":"1956-11-09T01:26:31.054Z","age":67},"registered":{"date":"2003-08-24T01:19:13.942Z","age":20},"phone":"927-072-159","cell":"674-787-233","id":{"name":"DNI","value":"30999479-N"},"picture":{"large":"https://randomuser.me/api/portraits/men/92.jpg","medium":"https://randomuser.me/api/portraits/med/men/92.jpg","thumbnail":"https://randomuser.me/api/portraits/thumb/men/92.jpg"},"nat":"ES"}],"info":{"seed":"0e9a9cf277159488","results":1,"page":1,"version":"1.4"}} 
 </msg>
<msg time="2024-03-31T12:23:10.793657" level="INFO">/opt/hostedtoolcache/Python/3.12.2/x64/lib/python3.12/site-packages/urllib3/connectionpool.py:1103: InsecureRequestWarning: Unverified HTTPS request is being made to host 'randomuser.me'. Adding certificate verification is strongly advised. See: https://urllib3.readthedocs.io/en/latest/advanced-usage.html#tls-warnings
  warnings.warn(</msg>
<msg time="2024-03-31T12:23:10.793742" level="INFO">${response} = &lt;Response [200]&gt;</msg>
<var>${response}</var>
<arg>consultarAPI</arg>
<arg>/api</arg>
<doc>Sends a GET request on a previously created HTTP Session.</doc>
<status status="PASS" start="2024-03-31T12:23:10.680472" elapsed="0.113294"/>
</kw>
<kw name="Set Variable" owner="BuiltIn">
<msg time="2024-03-31T12:23:10.794593" level="INFO">${json_data} = {'results': [{'gender': 'male', 'name': {'title': 'Mr', 'first': 'Santiago', 'last': 'Domínguez'}, 'location': {'street': {'number': 315, 'name': 'Calle de Bravo Murillo'}, 'city': 'Ciudad Real', 'sta...</msg>
<var>${json_data}</var>
<arg>${response.json()}</arg>
<doc>Returns the given values which can then be assigned to a variables.</doc>
<status status="PASS" start="2024-03-31T12:23:10.794159" elapsed="0.000463"/>
</kw>
<kw name="Log" owner="BuiltIn">
<msg time="2024-03-31T12:23:10.795078" level="INFO">{'results': [{'gender': 'male', 'name': {'title': 'Mr', 'first': 'Santiago', 'last': 'Domínguez'}, 'location': {'street': {'number': 315, 'name': 'Calle de Bravo Murillo'}, 'city': 'Ciudad Real', 'state': 'Islas Baleares', 'country': 'Spain', 'postcode': 43126, 'coordinates': {'latitude': '-38.5575', 'longitude': '-45.5703'}, 'timezone': {'offset': '-1:00', 'description': 'Azores, Cape Verde Islands'}}, 'email': 'santiago.dominguez@example.com', 'login': {'uuid': 'e36063b5-55c8-4bdb-9ba1-431e4c0c428f', 'username': 'redbird357', 'password': 'qing', 'salt': 'wuWFS2SM', 'md5': '667ea1cea97291fdac6c9ef89f2888af', 'sha1': '7a56b52ca1fe2823efd43ec0f90de9104489a860', 'sha256': '9dcf7d2e1f62710e329abf8cb121b67dd2ebc582ba81ba55da51b8b8cfa984a5'}, 'dob': {'date': '1956-11-09T01:26:31.054Z', 'age': 67}, 'registered': {'date': '2003-08-24T01:19:13.942Z', 'age': 20}, 'phone': '927-072-159', 'cell': '674-787-233', 'id': {'name': 'DNI', 'value': '30999479-N'}, 'picture': {'large': 'https://randomuser.me/api/portraits/men/92.jpg', 'medium': 'https://randomuser.me/api/portraits/med/men/92.jpg', 'thumbnail': 'https://randomuser.me/api/portraits/thumb/men/92.jpg'}, 'nat': 'ES'}], 'info': {'seed': '0e9a9cf277159488', 'results': 1, 'page': 1, 'version': '1.4'}}</msg>
<arg>${json_data}</arg>
<doc>Logs the given message with the given level.</doc>
<status status="PASS" start="2024-03-31T12:23:10.794925" elapsed="0.000231"/>
</kw>
<kw name="Should Be Equal As Numbers" owner="BuiltIn">
<arg>${json_data['results'][0]['location']['postcode']}</arg>
<arg>${json_data['results'][0]['location']['postcode']}</arg>
<doc>Fails if objects are unequal after converting them to real numbers.</doc>
<status status="PASS" start="2024-03-31T12:23:10.795458" elapsed="0.000698"/>
</kw>
<kw name="Log" owner="BuiltIn">
<msg time="2024-03-31T12:23:10.796655" level="INFO">43126</msg>
<arg>${json_data['results'][0]['location']['postcode']}</arg>
<doc>Logs the given message with the given level.</doc>
<status status="PASS" start="2024-03-31T12:23:10.796337" elapsed="0.000355"/>
</kw>
<status status="PASS" start="2024-03-31T12:23:10.680137" elapsed="0.116788"/>
</kw>
<doc>Testa se os tipos de dados na resposta da API estão corretos.</doc>
<tag>testeTiposDados</tag>
<status status="PASS" start="2024-03-31T12:23:10.605347" elapsed="0.191728"/>
</test>
<test id="s1-s1-t5" name="Validar conteudo" line="35">
<kw name="Teste de Tipos de Conteudo" owner="random-user-service">
<kw name="GET On Session" owner="RequestsLibrary">
<msg time="2024-03-31T12:23:10.868803" level="INFO">GET Request : url=https://randomuser.me/api 
 path_url=/api 
 headers={'User-Agent': 'python-requests/2.31.0', 'Accept-Encoding': 'gzip, deflate', 'Accept': '*/*', 'Connection': 'keep-alive'} 
 body=None 
 </msg>
<msg time="2024-03-31T12:23:10.868875" level="INFO">GET Response : url=https://randomuser.me/api 
 status=200, reason=OK 
 headers={'Date': 'Sun, 31 Mar 2024 12:23:10 GMT', 'Content-Type': 'application/json; charset=utf-8', 'Transfer-Encoding': 'chunked', 'Connection': 'keep-alive', 'X-Powered-By': 'Express', 'Access-Control-Allow-Origin': '*', 'Cache-Control': 'no-cache', 'ETag': 'W/"4a1-0aH8iSYMCGnMOlejYeHv9+FwG7M"', 'Vary': 'Accept-Encoding', 'Content-Encoding': 'gzip', 'CF-Cache-Status': 'DYNAMIC', 'Report-To': '{"endpoints":[{"url":"https:\\/\\/a.nel.cloudflare.com\\/report\\/v4?s=T5XO%2FurkBy625X1EuOWM0dl2ZyXtXZDdh2SYuOnj298SQDGBtWrH%2FaltGkH4y%2BAQVn3cNtaq6n8EocX%2F4MRToonGvqkyTzD5A%2BLda6SDxXyYxGQbYRoaSg0anR3rxkiv"}],"group":"cf-nel","max_age":604800}', 'NEL': '{"success_fraction":0,"report_to":"cf-nel","max_age":604800}', 'Server': 'cloudflare', 'CF-RAY': '86d04f248f688212-IAD', 'alt-svc': 'h3=":443"; ma=86400'} 
 body={"results":[{"gender":"female","name":{"title":"Ms","first":"Remedios","last":"Hernández"},"location":{"street":{"number":9181,"name":"Calle de Alberto Aguilera"},"city":"Burgos","state":"Castilla la Mancha","country":"Spain","postcode":21362,"coordinates":{"latitude":"-34.5781","longitude":"144.0992"},"timezone":{"offset":"-7:00","description":"Mountain Time (US &amp; Canada)"}},"email":"remedios.hernandez@example.com","login":{"uuid":"d6f2e424-2876-4183-ba89-5e0a0034d7a6","username":"orangefrog941","password":"king","salt":"GDAgIn0N","md5":"88a218abca614beee3e21acbc1c87ba3","sha1":"8cb1d47940fa36fb52e0154feb897ca2ac946024","sha256":"c5c2c78a6a5d56db9bf7d85095e20dfc8ec93b04657e9dfe133a0066becf0d3e"},"dob":{"date":"1945-04-16T19:51:25.969Z","age":78},"registered":{"date":"2014-11-12T08:59:58.224Z","age":9},"phone":"901-284-648","cell":"640-679-313","id":{"name":"DNI","value":"24245097-A"},"picture":{"large":"https://randomuser.me/api/portraits/women/3.jpg","medium":"https://randomuser.me/api/portraits/med/women/3.jpg","thumbnail":"https://randomuser.me/api/portraits/thumb/women/3.jpg"},"nat":"ES"}],"info":{"seed":"e6701c1bd1867646","results":1,"page":1,"version":"1.4"}} 
 </msg>
<msg time="2024-03-31T12:23:10.868939" level="INFO">/opt/hostedtoolcache/Python/3.12.2/x64/lib/python3.12/site-packages/urllib3/connectionpool.py:1103: InsecureRequestWarning: Unverified HTTPS request is being made to host 'randomuser.me'. Adding certificate verification is strongly advised. See: https://urllib3.readthedocs.io/en/latest/advanced-usage.html#tls-warnings
  warnings.warn(</msg>
<msg time="2024-03-31T12:23:10.869043" level="INFO">${response} = &lt;Response [200]&gt;</msg>
<var>${response}</var>
<arg>consultarAPI</arg>
<arg>/api</arg>
<doc>Sends a GET request on a previously created HTTP Session.</doc>
<status status="PASS" start="2024-03-31T12:23:10.799248" elapsed="0.069840"/>
</kw>
<kw name="Set Variable" owner="BuiltIn">
<msg time="2024-03-31T12:23:10.870035" level="INFO">${json_data} = {'results': [{'gender': 'female', 'name': {'title': 'Ms', 'first': 'Remedios', 'last': 'Hernández'}, 'location': {'street': {'number': 9181, 'name': 'Calle de Alberto Aguilera'}, 'city': 'Burgos', 'st...</msg>
<var>${json_data}</var>
<arg>${response.json()}</arg>
<doc>Returns the given values which can then be assigned to a variables.</doc>
<status status="PASS" start="2024-03-31T12:23:10.869528" elapsed="0.000534"/>
</kw>
<kw name="Set Variable" owner="BuiltIn">
<msg time="2024-03-31T12:23:10.870702" level="INFO">${name_title} = Ms</msg>
<var>${name_title}</var>
<arg>${json_data["results"][0]["name"]["title"]}</arg>
<doc>Returns the given values which can then be assigned to a variables.</doc>
<status status="PASS" start="2024-03-31T12:23:10.870346" elapsed="0.000379"/>
</kw>
<kw name="Create List" owner="BuiltIn">
<msg time="2024-03-31T12:23:10.871138" level="INFO">${allowed_titles} = ['Mr', 'Ms', 'Miss', 'Mrs', 'Madame', 'Monsieur']</msg>
<var>${allowed_titles}</var>
<arg>Mr</arg>
<arg>Ms</arg>
<arg>Miss</arg>
<arg>Mrs</arg>
<arg>Madame</arg>
<arg>Monsieur</arg>
<doc>Returns a list containing given items.</doc>
<status status="PASS" start="2024-03-31T12:23:10.871000" elapsed="0.000161"/>
</kw>
<kw name="List Should Contain Value" owner="Collections">
<msg time="2024-03-31T12:23:10.871604" level="INFO">False</msg>
<arg>${allowed_titles}</arg>
<arg>${name_title}</arg>
<doc>Fails if the ``value`` is not found from ``list``.</doc>
<status status="PASS" start="2024-03-31T12:23:10.871442" elapsed="0.000199"/>
</kw>
<kw name="Set Variable" owner="BuiltIn">
<msg time="2024-03-31T12:23:10.872362" level="INFO">${name_country} = ES</msg>
<var>${name_country}</var>
<arg>${json_data["results"][0]["nat"]}</arg>
<doc>Returns the given values which can then be assigned to a variables.</doc>
<status status="PASS" start="2024-03-31T12:23:10.871934" elapsed="0.000454"/>
</kw>
<kw name="Create List" owner="BuiltIn">
<msg time="2024-03-31T12:23:10.873299" level="INFO">${list_country} = ['AD', 'AE', 'AF', 'AG', 'AI', 'AL', 'AM', 'AO', 'AQ', 'AR', 'AS', 'AT', 'AU', 'AW', 'AX', 'AZ', 'BA', 'BB', 'BD', 'BE', 'BF', 'BG', 'BH', 'BI', 'BJ', 'BL', 'BM', 'BN', 'BO', 'BQ', 'BR', 'BS', 'BT', '...</msg>
<var>${list_country}</var>
<arg>AD</arg>
<arg>AE</arg>
<arg>AF</arg>
<arg>AG</arg>
<arg>AI</arg>
<arg>AL</arg>
<arg>AM</arg>
<arg>AO</arg>
<arg>AQ</arg>
<arg>AR</arg>
<arg>AS</arg>
<arg>AT</arg>
<arg>AU</arg>
<arg>AW</arg>
<arg>AX</arg>
<arg>AZ</arg>
<arg>BA</arg>
<arg>BB</arg>
<arg>BD</arg>
<arg>BE</arg>
<arg>BF</arg>
<arg>BG</arg>
<arg>BH</arg>
<arg>BI</arg>
<arg>BJ</arg>
<arg>BL</arg>
<arg>BM</arg>
<arg>BN</arg>
<arg>BO</arg>
<arg>BQ</arg>
<arg>BR</arg>
<arg>BS</arg>
<arg>BT</arg>
<arg>BV</arg>
<arg>BW</arg>
<arg>BY</arg>
<arg>BZ</arg>
<arg>CA</arg>
<arg>CC</arg>
<arg>CD</arg>
<arg>CF</arg>
<arg>CG</arg>
<arg>CH</arg>
<arg>CI</arg>
<arg>CK</arg>
<arg>CL</arg>
<arg>CM</arg>
<arg>CN</arg>
<arg>CO</arg>
<arg>CR</arg>
<arg>CU</arg>
<arg>CV</arg>
<arg>CW</arg>
<arg>CX</arg>
<arg>CY</arg>
<arg>CZ</arg>
<arg>DE</arg>
<arg>DJ</arg>
<arg>DK</arg>
<arg>DM</arg>
<arg>DO</arg>
<arg>DZ</arg>
<arg>EC</arg>
<arg>EE</arg>
<arg>EG</arg>
<arg>EH</arg>
<arg>ER</arg>
<arg>ES</arg>
<arg>ET</arg>
<arg>FI</arg>
<arg>FJ</arg>
<arg>FK</arg>
<arg>FM</arg>
<arg>FO</arg>
<arg>FR</arg>
<arg>GA</arg>
<arg>GB</arg>
<arg>GD</arg>
<arg>GE</arg>
<arg>GF</arg>
<arg>GG</arg>
<arg>GH</arg>
<arg>GI</arg>
<arg>GL</arg>
<arg>GM</arg>
<arg>GN</arg>
<arg>GP</arg>
<arg>GQ</arg>
<arg>GR</arg>
<arg>GS</arg>
<arg>GT</arg>
<arg>GU</arg>
<arg>GW</arg>
<arg>GY</arg>
<arg>HK</arg>
<arg>HM</arg>
<arg>HN</arg>
<arg>HR</arg>
<arg>HT</arg>
<arg>HU</arg>
<arg>ID</arg>
<arg>IE</arg>
<arg>IL</arg>
<arg>IM</arg>
<arg>IN</arg>
<arg>IO</arg>
<arg>IQ</arg>
<arg>IR</arg>
<arg>IS</arg>
<arg>IT</arg>
<arg>JE</arg>
<arg>JM</arg>
<arg>JO</arg>
<arg>JP</arg>
<arg>KE</arg>
<arg>KG</arg>
<arg>KH</arg>
<arg>KI</arg>
<arg>KM</arg>
<arg>KN</arg>
<arg>KP</arg>
<arg>KR</arg>
<arg>KW</arg>
<arg>KY</arg>
<arg>KZ</arg>
<arg>LA</arg>
<arg>LB</arg>
<arg>LC</arg>
<arg>LI</arg>
<arg>LK</arg>
<arg>LR</arg>
<arg>LS</arg>
<arg>LT</arg>
<arg>LU</arg>
<arg>LV</arg>
<arg>LY</arg>
<arg>MA</arg>
<arg>MC</arg>
<arg>MD</arg>
<arg>ME</arg>
<arg>MF</arg>
<arg>MG</arg>
<arg>MH</arg>
<arg>MK</arg>
<arg>ML</arg>
<arg>MM</arg>
<arg>MN</arg>
<arg>MO</arg>
<arg>MP</arg>
<arg>MQ</arg>
<arg>MR</arg>
<arg>MS</arg>
<arg>MT</arg>
<arg>MU</arg>
<arg>MV</arg>
<arg>MW</arg>
<arg>MX</arg>
<arg>MY</arg>
<arg>MZ</arg>
<arg>NA</arg>
<arg>NC</arg>
<arg>NE</arg>
<arg>NF</arg>
<arg>NG</arg>
<arg>NI</arg>
<arg>NL</arg>
<arg>NO</arg>
<arg>NP</arg>
<arg>NR</arg>
<arg>NU</arg>
<arg>NZ</arg>
<arg>OM</arg>
<arg>PA</arg>
<arg>PE</arg>
<arg>PF</arg>
<arg>PG</arg>
<arg>PH</arg>
<arg>PK</arg>
<arg>PL</arg>
<arg>PM</arg>
<arg>PN</arg>
<arg>PR</arg>
<arg>PS</arg>
<arg>PT</arg>
<arg>PW</arg>
<arg>PY</arg>
<arg>QA</arg>
<arg>RE</arg>
<arg>RO</arg>
<arg>RS</arg>
<arg>RU</arg>
<arg>RW</arg>
<arg>SA</arg>
<arg>SB</arg>
<arg>SC</arg>
<arg>SD</arg>
<arg>SE</arg>
<arg>SG</arg>
<arg>SH</arg>
<arg>SI</arg>
<arg>SJ</arg>
<arg>SK</arg>
<arg>SL</arg>
<arg>SM</arg>
<arg>SN</arg>
<arg>SO</arg>
<arg>SR</arg>
<arg>SS</arg>
<arg>ST</arg>
<arg>SV</arg>
<arg>SX</arg>
<arg>SY</arg>
<arg>SZ</arg>
<arg>TC</arg>
<arg>TD</arg>
<arg>TF</arg>
<arg>TG</arg>
<arg>TH</arg>
<arg>TJ</arg>
<arg>TK</arg>
<arg>TL</arg>
<arg>TM</arg>
<arg>TN</arg>
<arg>TO</arg>
<arg>TR</arg>
<arg>TT</arg>
<arg>TV</arg>
<arg>TW</arg>
<arg>TZ</arg>
<arg>UA</arg>
<arg>UG</arg>
<arg>UM</arg>
<arg>US</arg>
<arg>UY</arg>
<arg>UZ</arg>
<arg>VA</arg>
<arg>VC</arg>
<arg>VE</arg>
<arg>VG</arg>
<arg>VI</arg>
<arg>VN</arg>
<arg>VU</arg>
<arg>WF</arg>
<arg>WS</arg>
<arg>XK</arg>
<arg>YE</arg>
<arg>YT</arg>
<arg>ZA</arg>
<arg>ZM</arg>
<arg>ZW</arg>
<doc>Returns a list containing given items.</doc>
<status status="PASS" start="2024-03-31T12:23:10.872697" elapsed="0.000627"/>
</kw>
<kw name="List Should Contain Value" owner="Collections">
<msg time="2024-03-31T12:23:10.874421" level="INFO">False</msg>
<arg>${list_country}</arg>
<arg>${name_country}</arg>
<doc>Fails if the ``value`` is not found from ``list``.</doc>
<status status="PASS" start="2024-03-31T12:23:10.874214" elapsed="0.000246"/>
</kw>
<kw name="Run Keyword If" owner="BuiltIn">
<kw name="Should Be True" owner="BuiltIn">
<arg>${True}</arg>
<doc>Fails if the given condition is not true.</doc>
<status status="PASS" start="2024-03-31T12:23:10.875533" elapsed="0.000145"/>
</kw>
<arg>${json_data["results"][0]["location"]["coordinates"]["latitude"]} &gt;= -90 and ${json_data["results"][0]["location"]["coordinates"]["latitude"]} &lt;= 90</arg>
<arg>Should Be True</arg>
<arg>${True}</arg>
<doc>Runs the given keyword with the given arguments, if ``condition`` is true.</doc>
<status status="PASS" start="2024-03-31T12:23:10.874771" elapsed="0.001034"/>
</kw>
<kw name="Run Keyword If" owner="BuiltIn">
<kw name="Should Be True" owner="BuiltIn">
<arg>${True}</arg>
<doc>Fails if the given condition is not true.</doc>
<status status="PASS" start="2024-03-31T12:23:10.876693" elapsed="0.000128"/>
</kw>
<arg>${json_data["results"][0]["location"]["coordinates"]["longitude"]} &gt;= -180 and ${json_data["results"][0]["location"]["coordinates"]["longitude"]} &lt;= 180</arg>
<arg>Should Be True</arg>
<arg>${True}</arg>
<doc>Runs the given keyword with the given arguments, if ``condition`` is true.</doc>
<status status="PASS" start="2024-03-31T12:23:10.875991" elapsed="0.000947"/>
</kw>
<status status="PASS" start="2024-03-31T12:23:10.799041" elapsed="0.078016"/>
</kw>
<doc>Testa o conteúdo específico dos campos retornados pela API.</doc>
<tag>testeConteudo</tag>
<status status="PASS" start="2024-03-31T12:23:10.798661" elapsed="0.078530"/>
</test>
<status status="PASS" start="2024-03-31T12:23:10.111053" elapsed="0.767890"/>
</suite>
<status status="PASS" start="2024-03-31T12:23:10.097449" elapsed="0.786600"/>
</suite>
<statistics>
<total>
<stat pass="5" fail="0" skip="0">All Tests</stat>
</total>
<tag>
<stat pass="1" fail="0" skip="0">testeConteudo</stat>
<stat pass="1" fail="0" skip="0">testeEstruturaResposta</stat>
<stat pass="1" fail="0" skip="0">testeRequisicaoBasica</stat>
<stat pass="1" fail="0" skip="0">testeTiposDados</stat>
</tag>
<suite>
<stat pass="5" fail="0" skip="0" id="s1" name="Tests">Tests</stat>
<stat pass="5" fail="0" skip="0" id="s1-s1" name="Random-User-Test">Tests.Random-User-Test</stat>
</suite>
</statistics>
<errors>
</errors>
</robot>
