<?xml version="1.0" encoding="UTF-8"?>
<robot generator="Robot 7.0 (Python 3.12.2 on linux)" generated="2024-04-05T10:15:50.925476" rpa="false" schemaversion="5">
<suite id="s1" name="Tests" source="/home/runner/work/DesafioQAItauRogerioJordao/DesafioQAItauRogerioJordao/RamdonUser/tests">
<suite id="s1-s1" name="Random-User-Test" source="/home/runner/work/DesafioQAItauRogerioJordao/DesafioQAItauRogerioJordao/RamdonUser/tests/random-user-test.robot">
<test id="s1-s1-t1" name="Conectar" line="13">
<kw name="Conectar API" owner="random-user-service">
<kw name="Create Session" owner="RequestsLibrary">
<msg time="2024-04-05T10:15:51.291649" level="INFO">Creating Session using : alias=consultarAPI, url=https://randomuser.me/, headers={},                     cookies={}, auth=None, timeout=None, proxies=None, verify=False,                     debug=0 </msg>
<arg>consultarAPI</arg>
<arg>${URL}</arg>
<doc>Create Session: create a HTTP session to a server</doc>
<status status="PASS" start="2024-04-05T10:15:51.291449" elapsed="0.000373"/>
</kw>
<status status="PASS" start="2024-04-05T10:15:51.290419" elapsed="0.001765"/>
</kw>
<status status="PASS" start="2024-04-05T10:15:51.289768" elapsed="0.002623"/>
</test>
<test id="s1-s1-t2" name="Validar retorno 200 e JSON Válido" line="16">
<kw name="Teste de Requisicao Basica" owner="random-user-service">
<kw name="GET On Session" owner="RequestsLibrary">
<msg time="2024-04-05T10:15:51.378394" level="INFO">GET Request : url=https://randomuser.me/api 
 path_url=/api 
 headers={'User-Agent': 'python-requests/2.31.0', 'Accept-Encoding': 'gzip, deflate', 'Accept': '*/*', 'Connection': 'keep-alive'} 
 body=None 
 </msg>
<msg time="2024-04-05T10:15:51.378525" level="INFO">GET Response : url=https://randomuser.me/api 
 status=200, reason=OK 
 headers={'Date': 'Fri, 05 Apr 2024 10:15:51 GMT', 'Content-Type': 'application/json; charset=utf-8', 'Transfer-Encoding': 'chunked', 'Connection': 'keep-alive', 'X-Powered-By': 'Express', 'Access-Control-Allow-Origin': '*', 'Cache-Control': 'no-cache', 'ETag': 'W/"491-OjLG7ttS7x5hU2kBz5MGIJmXP40"', 'Vary': 'Accept-Encoding', 'Content-Encoding': 'gzip', 'CF-Cache-Status': 'DYNAMIC', 'Report-To': '{"endpoints":[{"url":"https:\\/\\/a.nel.cloudflare.com\\/report\\/v4?s=iK0A3K3qzOKrrqDQu2MjlPbgd1%2Bn2OLv2DzU%2BCWESe53rGdZU4s97qQ%2FYPb9x0RHlSUppXRQAb36KabSUxZ3q6r6ZJUC4lMZj9lbrk4EpBE8FxpzoK36mEZiYo2l%2BiWq"}],"group":"cf-nel","max_age":604800}', 'NEL': '{"success_fraction":0,"report_to":"cf-nel","max_age":604800}', 'Server': 'cloudflare', 'CF-RAY': '86f8c781d85d10a1-ORD', 'alt-svc': 'h3=":443"; ma=86400'} 
 body={"results":[{"gender":"male","name":{"title":"Mr","first":"Alfred","last":"Pearson"},"location":{"street":{"number":815,"name":"Country Club Rd"},"city":"Tweed","state":"Victoria","country":"Australia","postcode":3506,"coordinates":{"latitude":"-83.7598","longitude":"-80.0649"},"timezone":{"offset":"-5:00","description":"Eastern Time (US &amp; Canada), Bogota, Lima"}},"email":"alfred.pearson@example.com","login":{"uuid":"0a411edb-8141-4666-963c-cb9c5df8fa90","username":"brownsnake783","password":"greens","salt":"Hdsdzyyv","md5":"1ce26ee6dd10dfeb7b024443c95004ab","sha1":"18efb1084508a1df71199d21b7ee065c415d220b","sha256":"28ea9dc01d19a74d77333e3b1d3f7042a5ed069e5e08ba8faceab465e0a7c72b"},"dob":{"date":"1986-12-11T19:40:45.988Z","age":37},"registered":{"date":"2014-03-20T00:48:36.950Z","age":10},"phone":"03-8959-6500","cell":"0462-827-605","id":{"name":"TFN","value":"509853533"},"picture":{"large":"https://randomuser.me/api/portraits/men/79.jpg","medium":"https://randomuser.me/api/portraits/med/men/79.jpg","thumbnail":"https://randomuser.me/api/portraits/thumb/men/79.jpg"},"nat":"AU"}],"info":{"seed":"97b6fe02a003fdd9","results":1,"page":1,"version":"1.4"}} 
 </msg>
<msg time="2024-04-05T10:15:51.378631" level="INFO">/opt/hostedtoolcache/Python/3.12.2/x64/lib/python3.12/site-packages/urllib3/connectionpool.py:1103: InsecureRequestWarning: Unverified HTTPS request is being made to host 'randomuser.me'. Adding certificate verification is strongly advised. See: https://urllib3.readthedocs.io/en/latest/advanced-usage.html#tls-warnings
  warnings.warn(</msg>
<msg time="2024-04-05T10:15:51.378785" level="INFO">${response} = &lt;Response [200]&gt;</msg>
<var>${response}</var>
<arg>consultarAPI</arg>
<arg>/api</arg>
<doc>Sends a GET request on a previously created HTTP Session.</doc>
<status status="PASS" start="2024-04-05T10:15:51.295531" elapsed="0.083292"/>
</kw>
<kw name="Should Be Equal As Numbers" owner="BuiltIn">
<msg time="2024-04-05T10:15:51.379767" level="INFO">Argument types are:
&lt;class 'int'&gt;
&lt;class 'str'&gt;</msg>
<arg>${response.status_code}</arg>
<arg>200</arg>
<doc>Fails if objects are unequal after converting them to real numbers.</doc>
<status status="PASS" start="2024-04-05T10:15:51.379310" elapsed="0.000524"/>
</kw>
<kw name="Log" owner="BuiltIn">
<msg time="2024-04-05T10:15:51.380569" level="INFO">200</msg>
<arg>${response.status_code}</arg>
<doc>Logs the given message with the given level.</doc>
<status status="PASS" start="2024-04-05T10:15:51.380182" elapsed="0.000433"/>
</kw>
<kw name="Set Variable" owner="BuiltIn">
<msg time="2024-04-05T10:15:51.381439" level="INFO">${json_data} = {'results': [{'gender': 'male', 'name': {'title': 'Mr', 'first': 'Alfred', 'last': 'Pearson'}, 'location': {'street': {'number': 815, 'name': 'Country Club Rd'}, 'city': 'Tweed', 'state': 'Victoria', ...</msg>
<var>${json_data}</var>
<arg>${response.json()}</arg>
<doc>Returns the given values which can then be assigned to a variables.</doc>
<status status="PASS" start="2024-04-05T10:15:51.380979" elapsed="0.000488"/>
</kw>
<kw name="Dictionary Should Contain Key" owner="Collections">
<msg time="2024-04-05T10:15:51.381949" level="INFO">False</msg>
<arg>${json_data}</arg>
<arg>results</arg>
<doc>Fails if ``key`` is not found from ``dictionary``.</doc>
<status status="PASS" start="2024-04-05T10:15:51.381778" elapsed="0.000211"/>
</kw>
<status status="PASS" start="2024-04-05T10:15:51.295272" elapsed="0.086980"/>
</kw>
<doc>Testa se a API responde corretamente e retorna um objeto JSON válido.</doc>
<tag>testeRequisicaoBasica</tag>
<status status="PASS" start="2024-04-05T10:15:51.294730" elapsed="0.087747"/>
</test>
<test id="s1-s1-t3" name="Validar estrutura de resposta" line="22">
<kw name="Teste de Estrutura de Resposta" owner="random-user-service">
<kw name="GET On Session" owner="RequestsLibrary">
<msg time="2024-04-05T10:15:51.477542" level="INFO">GET Request : url=https://randomuser.me/api 
 path_url=/api 
 headers={'User-Agent': 'python-requests/2.31.0', 'Accept-Encoding': 'gzip, deflate', 'Accept': '*/*', 'Connection': 'keep-alive'} 
 body=None 
 </msg>
<msg time="2024-04-05T10:15:51.477629" level="INFO">GET Response : url=https://randomuser.me/api 
 status=200, reason=OK 
 headers={'Date': 'Fri, 05 Apr 2024 10:15:51 GMT', 'Content-Type': 'application/json; charset=utf-8', 'Transfer-Encoding': 'chunked', 'Connection': 'keep-alive', 'X-Powered-By': 'Express', 'Access-Control-Allow-Origin': '*', 'Cache-Control': 'no-cache', 'ETag': 'W/"498-X85KjolQQ77zJQo5cDLckSaNiXw"', 'Vary': 'Accept-Encoding', 'Content-Encoding': 'gzip', 'CF-Cache-Status': 'DYNAMIC', 'Report-To': '{"endpoints":[{"url":"https:\\/\\/a.nel.cloudflare.com\\/report\\/v4?s=3uxuDqtmMgBpFXi%2BcB0Y6hk5zo0dYDXlRsnHJxeZKpMcuH%2FZgMYXeeoSpJCWPi0aLPUCO04OcgzNcPdi5K4tg2zqht5HpHt6D58ijqZFHO6TgW%2FKgL1azHmWrJYVbe%2BR"}],"group":"cf-nel","max_age":604800}', 'NEL': '{"success_fraction":0,"report_to":"cf-nel","max_age":604800}', 'Server': 'cloudflare', 'CF-RAY': '86f8c78228b410a1-ORD', 'alt-svc': 'h3=":443"; ma=86400'} 
 body={"results":[{"gender":"male","name":{"title":"Mr","first":"سهیل","last":"پارسا"},"location":{"street":{"number":2675,"name":"فاطمی"},"city":"کرمانشاه","state":"خراسان جنوبی","country":"Iran","postcode":97038,"coordinates":{"latitude":"16.7059","longitude":"-109.8232"},"timezone":{"offset":"-5:00","description":"Eastern Time (US &amp; Canada), Bogota, Lima"}},"email":"shyl.prs@example.com","login":{"uuid":"7c348e4f-c9d2-4be3-9a05-746a51a43500","username":"angryfrog513","password":"oberon","salt":"WKZjT5mv","md5":"dc8f2b42cdb72d7834ef648e2c77e6e2","sha1":"b6441d12fd7963b6ecd30a70f1da60e916e213ac","sha256":"db6824d6a1a2dc45834ed6f8c05e59f19c277693eef898b15c7a2c96e5a2c894"},"dob":{"date":"1961-10-26T17:41:48.909Z","age":62},"registered":{"date":"2009-11-26T14:03:59.204Z","age":14},"phone":"030-62230094","cell":"0980-115-8138","id":{"name":"","value":null},"picture":{"large":"https://randomuser.me/api/portraits/men/65.jpg","medium":"https://randomuser.me/api/portraits/med/men/65.jpg","thumbnail":"https://randomuser.me/api/portraits/thumb/men/65.jpg"},"nat":"IR"}],"info":{"seed":"1cdefeb3a6271ad9","results":1,"page":1,"version":"1.4"}} 
 </msg>
<msg time="2024-04-05T10:15:51.477768" level="INFO">/opt/hostedtoolcache/Python/3.12.2/x64/lib/python3.12/site-packages/urllib3/connectionpool.py:1103: InsecureRequestWarning: Unverified HTTPS request is being made to host 'randomuser.me'. Adding certificate verification is strongly advised. See: https://urllib3.readthedocs.io/en/latest/advanced-usage.html#tls-warnings
  warnings.warn(</msg>
<msg time="2024-04-05T10:15:51.477914" level="INFO">${response} = &lt;Response [200]&gt;</msg>
<var>${response}</var>
<arg>consultarAPI</arg>
<arg>/api</arg>
<doc>Sends a GET request on a previously created HTTP Session.</doc>
<status status="PASS" start="2024-04-05T10:15:51.385285" elapsed="0.092683"/>
</kw>
<kw name="Set Variable" owner="BuiltIn">
<msg time="2024-04-05T10:15:51.479045" level="INFO">${json_data} = {'results': [{'gender': 'male', 'name': {'title': 'Mr', 'first': 'سهیل', 'last': 'پارسا'}, 'location': {'street': {'number': 2675, 'name': 'فاطمی'}, 'city': 'کرمانشاه', 'state': 'خراسان جنوبی', 'count...</msg>
<var>${json_data}</var>
<arg>${response.json()}</arg>
<doc>Returns the given values which can then be assigned to a variables.</doc>
<status status="PASS" start="2024-04-05T10:15:51.478477" elapsed="0.000603"/>
</kw>
<kw name="Log" owner="BuiltIn">
<msg time="2024-04-05T10:15:51.479573" level="INFO">{'results': [{'gender': 'male', 'name': {'title': 'Mr', 'first': 'سهیل', 'last': 'پارسا'}, 'location': {'street': {'number': 2675, 'name': 'فاطمی'}, 'city': 'کرمانشاه', 'state': 'خراسان جنوبی', 'country': 'Iran', 'postcode': 97038, 'coordinates': {'latitude': '16.7059', 'longitude': '-109.8232'}, 'timezone': {'offset': '-5:00', 'description': 'Eastern Time (US &amp; Canada), Bogota, Lima'}}, 'email': 'shyl.prs@example.com', 'login': {'uuid': '7c348e4f-c9d2-4be3-9a05-746a51a43500', 'username': 'angryfrog513', 'password': 'oberon', 'salt': 'WKZjT5mv', 'md5': 'dc8f2b42cdb72d7834ef648e2c77e6e2', 'sha1': 'b6441d12fd7963b6ecd30a70f1da60e916e213ac', 'sha256': 'db6824d6a1a2dc45834ed6f8c05e59f19c277693eef898b15c7a2c96e5a2c894'}, 'dob': {'date': '1961-10-26T17:41:48.909Z', 'age': 62}, 'registered': {'date': '2009-11-26T14:03:59.204Z', 'age': 14}, 'phone': '030-62230094', 'cell': '0980-115-8138', 'id': {'name': '', 'value': None}, 'picture': {'large': 'https://randomuser.me/api/portraits/men/65.jpg', 'medium': 'https://randomuser.me/api/portraits/med/men/65.jpg', 'thumbnail': 'https://randomuser.me/api/portraits/thumb/men/65.jpg'}, 'nat': 'IR'}], 'info': {'seed': '1cdefeb3a6271ad9', 'results': 1, 'page': 1, 'version': '1.4'}}</msg>
<arg>${json_data}</arg>
<doc>Logs the given message with the given level.</doc>
<status status="PASS" start="2024-04-05T10:15:51.479405" elapsed="0.000221"/>
</kw>
<kw name="Dictionary Should Contain Key" owner="Collections">
<msg time="2024-04-05T10:15:51.480091" level="INFO">False</msg>
<arg>${json_data}</arg>
<arg>results</arg>
<doc>Fails if ``key`` is not found from ``dictionary``.</doc>
<status status="PASS" start="2024-04-05T10:15:51.479934" elapsed="0.000195"/>
</kw>
<kw name="Should Not Be Empty" owner="BuiltIn">
<msg time="2024-04-05T10:15:51.480571" level="INFO">Length is 2.</msg>
<arg>${json_data}</arg>
<doc>Verifies that the given item is not empty.</doc>
<status status="PASS" start="2024-04-05T10:15:51.480434" elapsed="0.000177"/>
</kw>
<kw name="Create List" owner="BuiltIn">
<msg time="2024-04-05T10:15:51.481065" level="INFO">${expected_keys} = ['gender', 'name', 'location', 'email', 'login']</msg>
<var>${expected_keys}</var>
<arg>gender</arg>
<arg>name</arg>
<arg>location</arg>
<arg>email</arg>
<arg>login</arg>
<doc>Returns a list containing given items.</doc>
<status status="PASS" start="2024-04-05T10:15:51.480909" elapsed="0.000181"/>
</kw>
<for flavor="IN">
<iter>
<kw name="Dictionary Should Contain Key" owner="Collections">
<msg time="2024-04-05T10:15:51.482075" level="INFO">False</msg>
<arg>${json_data['results'][0]}</arg>
<arg>${key}</arg>
<doc>Fails if ``key`` is not found from ``dictionary``.</doc>
<status status="PASS" start="2024-04-05T10:15:51.481663" elapsed="0.000452"/>
</kw>
<kw name="Log" owner="BuiltIn">
<msg time="2024-04-05T10:15:51.482838" level="INFO">{'gender': 'male', 'name': {'title': 'Mr', 'first': 'سهیل', 'last': 'پارسا'}, 'location': {'street': {'number': 2675, 'name': 'فاطمی'}, 'city': 'کرمانشاه', 'state': 'خراسان جنوبی', 'country': 'Iran', 'postcode': 97038, 'coordinates': {'latitude': '16.7059', 'longitude': '-109.8232'}, 'timezone': {'offset': '-5:00', 'description': 'Eastern Time (US &amp; Canada), Bogota, Lima'}}, 'email': 'shyl.prs@example.com', 'login': {'uuid': '7c348e4f-c9d2-4be3-9a05-746a51a43500', 'username': 'angryfrog513', 'password': 'oberon', 'salt': 'WKZjT5mv', 'md5': 'dc8f2b42cdb72d7834ef648e2c77e6e2', 'sha1': 'b6441d12fd7963b6ecd30a70f1da60e916e213ac', 'sha256': 'db6824d6a1a2dc45834ed6f8c05e59f19c277693eef898b15c7a2c96e5a2c894'}, 'dob': {'date': '1961-10-26T17:41:48.909Z', 'age': 62}, 'registered': {'date': '2009-11-26T14:03:59.204Z', 'age': 14}, 'phone': '030-62230094', 'cell': '0980-115-8138', 'id': {'name': '', 'value': None}, 'picture': {'large': 'https://randomuser.me/api/portraits/men/65.jpg', 'medium': 'https://randomuser.me/api/portraits/med/men/65.jpg', 'thumbnail': 'https://randomuser.me/api/portraits/thumb/men/65.jpg'}, 'nat': 'IR'}</msg>
<arg>${json_data['results'][0]}</arg>
<doc>Logs the given message with the given level.</doc>
<status status="PASS" start="2024-04-05T10:15:51.482460" elapsed="0.000437"/>
</kw>
<kw name="Log" owner="BuiltIn">
<msg time="2024-04-05T10:15:51.483344" level="INFO">gender</msg>
<arg>${key}</arg>
<doc>Logs the given message with the given level.</doc>
<status status="PASS" start="2024-04-05T10:15:51.483210" elapsed="0.000173"/>
</kw>
<var name="${key}">gender</var>
<status status="PASS" start="2024-04-05T10:15:51.481538" elapsed="0.002066"/>
</iter>
<iter>
<kw name="Dictionary Should Contain Key" owner="Collections">
<msg time="2024-04-05T10:15:51.484315" level="INFO">False</msg>
<arg>${json_data['results'][0]}</arg>
<arg>${key}</arg>
<doc>Fails if ``key`` is not found from ``dictionary``.</doc>
<status status="PASS" start="2024-04-05T10:15:51.483916" elapsed="0.000437"/>
</kw>
<kw name="Log" owner="BuiltIn">
<msg time="2024-04-05T10:15:51.485281" level="INFO">{'gender': 'male', 'name': {'title': 'Mr', 'first': 'سهیل', 'last': 'پارسا'}, 'location': {'street': {'number': 2675, 'name': 'فاطمی'}, 'city': 'کرمانشاه', 'state': 'خراسان جنوبی', 'country': 'Iran', 'postcode': 97038, 'coordinates': {'latitude': '16.7059', 'longitude': '-109.8232'}, 'timezone': {'offset': '-5:00', 'description': 'Eastern Time (US &amp; Canada), Bogota, Lima'}}, 'email': 'shyl.prs@example.com', 'login': {'uuid': '7c348e4f-c9d2-4be3-9a05-746a51a43500', 'username': 'angryfrog513', 'password': 'oberon', 'salt': 'WKZjT5mv', 'md5': 'dc8f2b42cdb72d7834ef648e2c77e6e2', 'sha1': 'b6441d12fd7963b6ecd30a70f1da60e916e213ac', 'sha256': 'db6824d6a1a2dc45834ed6f8c05e59f19c277693eef898b15c7a2c96e5a2c894'}, 'dob': {'date': '1961-10-26T17:41:48.909Z', 'age': 62}, 'registered': {'date': '2009-11-26T14:03:59.204Z', 'age': 14}, 'phone': '030-62230094', 'cell': '0980-115-8138', 'id': {'name': '', 'value': None}, 'picture': {'large': 'https://randomuser.me/api/portraits/men/65.jpg', 'medium': 'https://randomuser.me/api/portraits/med/men/65.jpg', 'thumbnail': 'https://randomuser.me/api/portraits/thumb/men/65.jpg'}, 'nat': 'IR'}</msg>
<arg>${json_data['results'][0]}</arg>
<doc>Logs the given message with the given level.</doc>
<status status="PASS" start="2024-04-05T10:15:51.484774" elapsed="0.000563"/>
</kw>
<kw name="Log" owner="BuiltIn">
<msg time="2024-04-05T10:15:51.485785" level="INFO">name</msg>
<arg>${key}</arg>
<doc>Logs the given message with the given level.</doc>
<status status="PASS" start="2024-04-05T10:15:51.485652" elapsed="0.000172"/>
</kw>
<var name="${key}">name</var>
<status status="PASS" start="2024-04-05T10:15:51.483800" elapsed="0.002331"/>
</iter>
<iter>
<kw name="Dictionary Should Contain Key" owner="Collections">
<msg time="2024-04-05T10:15:51.486892" level="INFO">False</msg>
<arg>${json_data['results'][0]}</arg>
<arg>${key}</arg>
<doc>Fails if ``key`` is not found from ``dictionary``.</doc>
<status status="PASS" start="2024-04-05T10:15:51.486508" elapsed="0.000422"/>
</kw>
<kw name="Log" owner="BuiltIn">
<msg time="2024-04-05T10:15:51.487606" level="INFO">{'gender': 'male', 'name': {'title': 'Mr', 'first': 'سهیل', 'last': 'پارسا'}, 'location': {'street': {'number': 2675, 'name': 'فاطمی'}, 'city': 'کرمانشاه', 'state': 'خراسان جنوبی', 'country': 'Iran', 'postcode': 97038, 'coordinates': {'latitude': '16.7059', 'longitude': '-109.8232'}, 'timezone': {'offset': '-5:00', 'description': 'Eastern Time (US &amp; Canada), Bogota, Lima'}}, 'email': 'shyl.prs@example.com', 'login': {'uuid': '7c348e4f-c9d2-4be3-9a05-746a51a43500', 'username': 'angryfrog513', 'password': 'oberon', 'salt': 'WKZjT5mv', 'md5': 'dc8f2b42cdb72d7834ef648e2c77e6e2', 'sha1': 'b6441d12fd7963b6ecd30a70f1da60e916e213ac', 'sha256': 'db6824d6a1a2dc45834ed6f8c05e59f19c277693eef898b15c7a2c96e5a2c894'}, 'dob': {'date': '1961-10-26T17:41:48.909Z', 'age': 62}, 'registered': {'date': '2009-11-26T14:03:59.204Z', 'age': 14}, 'phone': '030-62230094', 'cell': '0980-115-8138', 'id': {'name': '', 'value': None}, 'picture': {'large': 'https://randomuser.me/api/portraits/men/65.jpg', 'medium': 'https://randomuser.me/api/portraits/med/men/65.jpg', 'thumbnail': 'https://randomuser.me/api/portraits/thumb/men/65.jpg'}, 'nat': 'IR'}</msg>
<arg>${json_data['results'][0]}</arg>
<doc>Logs the given message with the given level.</doc>
<status status="PASS" start="2024-04-05T10:15:51.487236" elapsed="0.000427"/>
</kw>
<kw name="Log" owner="BuiltIn">
<msg time="2024-04-05T10:15:51.488098" level="INFO">location</msg>
<arg>${key}</arg>
<doc>Logs the given message with the given level.</doc>
<status status="PASS" start="2024-04-05T10:15:51.487967" elapsed="0.000169"/>
</kw>
<var name="${key}">location</var>
<status status="PASS" start="2024-04-05T10:15:51.486389" elapsed="0.001964"/>
</iter>
<iter>
<kw name="Dictionary Should Contain Key" owner="Collections">
<msg time="2024-04-05T10:15:51.489044" level="INFO">False</msg>
<arg>${json_data['results'][0]}</arg>
<arg>${key}</arg>
<doc>Fails if ``key`` is not found from ``dictionary``.</doc>
<status status="PASS" start="2024-04-05T10:15:51.488655" elapsed="0.000428"/>
</kw>
<kw name="Log" owner="BuiltIn">
<msg time="2024-04-05T10:15:51.489748" level="INFO">{'gender': 'male', 'name': {'title': 'Mr', 'first': 'سهیل', 'last': 'پارسا'}, 'location': {'street': {'number': 2675, 'name': 'فاطمی'}, 'city': 'کرمانشاه', 'state': 'خراسان جنوبی', 'country': 'Iran', 'postcode': 97038, 'coordinates': {'latitude': '16.7059', 'longitude': '-109.8232'}, 'timezone': {'offset': '-5:00', 'description': 'Eastern Time (US &amp; Canada), Bogota, Lima'}}, 'email': 'shyl.prs@example.com', 'login': {'uuid': '7c348e4f-c9d2-4be3-9a05-746a51a43500', 'username': 'angryfrog513', 'password': 'oberon', 'salt': 'WKZjT5mv', 'md5': 'dc8f2b42cdb72d7834ef648e2c77e6e2', 'sha1': 'b6441d12fd7963b6ecd30a70f1da60e916e213ac', 'sha256': 'db6824d6a1a2dc45834ed6f8c05e59f19c277693eef898b15c7a2c96e5a2c894'}, 'dob': {'date': '1961-10-26T17:41:48.909Z', 'age': 62}, 'registered': {'date': '2009-11-26T14:03:59.204Z', 'age': 14}, 'phone': '030-62230094', 'cell': '0980-115-8138', 'id': {'name': '', 'value': None}, 'picture': {'large': 'https://randomuser.me/api/portraits/men/65.jpg', 'medium': 'https://randomuser.me/api/portraits/med/men/65.jpg', 'thumbnail': 'https://randomuser.me/api/portraits/thumb/men/65.jpg'}, 'nat': 'IR'}</msg>
<arg>${json_data['results'][0]}</arg>
<doc>Logs the given message with the given level.</doc>
<status status="PASS" start="2024-04-05T10:15:51.489387" elapsed="0.000413"/>
</kw>
<kw name="Log" owner="BuiltIn">
<msg time="2024-04-05T10:15:51.490223" level="INFO">email</msg>
<arg>${key}</arg>
<doc>Logs the given message with the given level.</doc>
<status status="PASS" start="2024-04-05T10:15:51.490094" elapsed="0.000169"/>
</kw>
<var name="${key}">email</var>
<status status="PASS" start="2024-04-05T10:15:51.488537" elapsed="0.001998"/>
</iter>
<iter>
<kw name="Dictionary Should Contain Key" owner="Collections">
<msg time="2024-04-05T10:15:51.491222" level="INFO">False</msg>
<arg>${json_data['results'][0]}</arg>
<arg>${key}</arg>
<doc>Fails if ``key`` is not found from ``dictionary``.</doc>
<status status="PASS" start="2024-04-05T10:15:51.490830" elapsed="0.000430"/>
</kw>
<kw name="Log" owner="BuiltIn">
<msg time="2024-04-05T10:15:51.491944" level="INFO">{'gender': 'male', 'name': {'title': 'Mr', 'first': 'سهیل', 'last': 'پارسا'}, 'location': {'street': {'number': 2675, 'name': 'فاطمی'}, 'city': 'کرمانشاه', 'state': 'خراسان جنوبی', 'country': 'Iran', 'postcode': 97038, 'coordinates': {'latitude': '16.7059', 'longitude': '-109.8232'}, 'timezone': {'offset': '-5:00', 'description': 'Eastern Time (US &amp; Canada), Bogota, Lima'}}, 'email': 'shyl.prs@example.com', 'login': {'uuid': '7c348e4f-c9d2-4be3-9a05-746a51a43500', 'username': 'angryfrog513', 'password': 'oberon', 'salt': 'WKZjT5mv', 'md5': 'dc8f2b42cdb72d7834ef648e2c77e6e2', 'sha1': 'b6441d12fd7963b6ecd30a70f1da60e916e213ac', 'sha256': 'db6824d6a1a2dc45834ed6f8c05e59f19c277693eef898b15c7a2c96e5a2c894'}, 'dob': {'date': '1961-10-26T17:41:48.909Z', 'age': 62}, 'registered': {'date': '2009-11-26T14:03:59.204Z', 'age': 14}, 'phone': '030-62230094', 'cell': '0980-115-8138', 'id': {'name': '', 'value': None}, 'picture': {'large': 'https://randomuser.me/api/portraits/men/65.jpg', 'medium': 'https://randomuser.me/api/portraits/med/men/65.jpg', 'thumbnail': 'https://randomuser.me/api/portraits/thumb/men/65.jpg'}, 'nat': 'IR'}</msg>
<arg>${json_data['results'][0]}</arg>
<doc>Logs the given message with the given level.</doc>
<status status="PASS" start="2024-04-05T10:15:51.491568" elapsed="0.000428"/>
</kw>
<kw name="Log" owner="BuiltIn">
<msg time="2024-04-05T10:15:51.492442" level="INFO">login</msg>
<arg>${key}</arg>
<doc>Logs the given message with the given level.</doc>
<status status="PASS" start="2024-04-05T10:15:51.492311" elapsed="0.000292"/>
</kw>
<var name="${key}">login</var>
<status status="PASS" start="2024-04-05T10:15:51.490713" elapsed="0.002142"/>
</iter>
<var>${key}</var>
<value>@{expected_keys}</value>
<status status="PASS" start="2024-04-05T10:15:51.481350" elapsed="0.011633"/>
</for>
<kw name="Create List" owner="BuiltIn">
<msg time="2024-04-05T10:15:51.493320" level="INFO">${expected_keysTwo} = ['username', 'password']</msg>
<var>${expected_keysTwo}</var>
<arg>username</arg>
<arg>password</arg>
<doc>Returns a list containing given items.</doc>
<status status="PASS" start="2024-04-05T10:15:51.493181" elapsed="0.000163"/>
</kw>
<for flavor="IN">
<iter>
<kw name="Dictionary Should Contain Key" owner="Collections">
<msg time="2024-04-05T10:15:51.494236" level="INFO">False</msg>
<arg>${json_data['results'][0]['login']}</arg>
<arg>${keyTwo}</arg>
<doc>Fails if ``key`` is not found from ``dictionary``.</doc>
<status status="PASS" start="2024-04-05T10:15:51.493854" elapsed="0.000438"/>
</kw>
<kw name="Dictionary Should Contain Key" owner="Collections">
<msg time="2024-04-05T10:15:51.494983" level="INFO">False</msg>
<arg>${json_data['results'][0]['login']}</arg>
<arg>${keyTwo}</arg>
<doc>Fails if ``key`` is not found from ``dictionary``.</doc>
<status status="PASS" start="2024-04-05T10:15:51.494601" elapsed="0.000419"/>
</kw>
<kw name="Log" owner="BuiltIn">
<msg time="2024-04-05T10:15:51.495449" level="INFO">username</msg>
<arg>${keyTwo}</arg>
<doc>Logs the given message with the given level.</doc>
<status status="PASS" start="2024-04-05T10:15:51.495321" elapsed="0.000166"/>
</kw>
<var name="${keyTwo}">username</var>
<status status="PASS" start="2024-04-05T10:15:51.493741" elapsed="0.001964"/>
</iter>
<iter>
<kw name="Dictionary Should Contain Key" owner="Collections">
<msg time="2024-04-05T10:15:51.496368" level="INFO">False</msg>
<arg>${json_data['results'][0]['login']}</arg>
<arg>${keyTwo}</arg>
<doc>Fails if ``key`` is not found from ``dictionary``.</doc>
<status status="PASS" start="2024-04-05T10:15:51.495992" elapsed="0.000414"/>
</kw>
<kw name="Dictionary Should Contain Key" owner="Collections">
<msg time="2024-04-05T10:15:51.497089" level="INFO">False</msg>
<arg>${json_data['results'][0]['login']}</arg>
<arg>${keyTwo}</arg>
<doc>Fails if ``key`` is not found from ``dictionary``.</doc>
<status status="PASS" start="2024-04-05T10:15:51.496702" elapsed="0.000425"/>
</kw>
<kw name="Log" owner="BuiltIn">
<msg time="2024-04-05T10:15:51.497553" level="INFO">password</msg>
<arg>${keyTwo}</arg>
<doc>Logs the given message with the given level.</doc>
<status status="PASS" start="2024-04-05T10:15:51.497422" elapsed="0.000169"/>
</kw>
<var name="${keyTwo}">password</var>
<status status="PASS" start="2024-04-05T10:15:51.495880" elapsed="0.001928"/>
</iter>
<var>${keyTwo}</var>
<value>@{expected_keysTwo}</value>
<status status="PASS" start="2024-04-05T10:15:51.493585" elapsed="0.004348"/>
</for>
<status status="PASS" start="2024-04-05T10:15:51.385047" elapsed="0.113027"/>
</kw>
<doc>Testa a estrutura da resposta da API.</doc>
<tag>testeEstruturaResposta</tag>
<status status="PASS" start="2024-04-05T10:15:51.384322" elapsed="0.113909"/>
</test>
<test id="s1-s1-t4" name="Validar tipos de dados" line="28">
<kw name="Teste de Tipos de Dados" owner="random-user-service">
<kw name="GET On Session" owner="RequestsLibrary">
<msg time="2024-04-05T10:15:51.586983" level="INFO">GET Request : url=https://randomuser.me/api 
 path_url=/api 
 headers={'User-Agent': 'python-requests/2.31.0', 'Accept-Encoding': 'gzip, deflate', 'Accept': '*/*', 'Connection': 'keep-alive'} 
 body=None 
 </msg>
<msg time="2024-04-05T10:15:51.587052" level="INFO">GET Response : url=https://randomuser.me/api 
 status=200, reason=OK 
 headers={'Date': 'Fri, 05 Apr 2024 10:15:51 GMT', 'Content-Type': 'application/json; charset=utf-8', 'Transfer-Encoding': 'chunked', 'Connection': 'keep-alive', 'X-Powered-By': 'Express', 'Access-Control-Allow-Origin': '*', 'Cache-Control': 'no-cache', 'ETag': 'W/"49f-00bVI09afx1XhI6x/M0RKyuSPD4"', 'Vary': 'Accept-Encoding', 'Content-Encoding': 'gzip', 'CF-Cache-Status': 'DYNAMIC', 'Report-To': '{"endpoints":[{"url":"https:\\/\\/a.nel.cloudflare.com\\/report\\/v4?s=MesrxIG%2BpUmDmvb8L9V1fdPZr8vCqcYPY365mvX6AeDL7TzbifSC9E2Luek7OWLg4QwdJyC5oSWfDraIU740ZEL3Kc2Blx30XliL2TPz%2B9RFR1IbHRPBroA80p4WXexQ"}],"group":"cf-nel","max_age":604800}', 'NEL': '{"success_fraction":0,"report_to":"cf-nel","max_age":604800}', 'Server': 'cloudflare', 'CF-RAY': '86f8c782e99b10a1-ORD', 'alt-svc': 'h3=":443"; ma=86400'} 
 body={"results":[{"gender":"male","name":{"title":"Mr","first":"Andrés","last":"Velasco"},"location":{"street":{"number":7722,"name":"Calle de La Luna"},"city":"Torrevieja","state":"La Rioja","country":"Spain","postcode":78611,"coordinates":{"latitude":"-35.4285","longitude":"-98.2125"},"timezone":{"offset":"0:00","description":"Western Europe Time, London, Lisbon, Casablanca"}},"email":"andres.velasco@example.com","login":{"uuid":"2f6c8ebc-b0d4-47e5-9511-ac7315945af9","username":"beautifulcat684","password":"fishing1","salt":"UdZsB5t2","md5":"8b386938129355ade46b80b9555e8027","sha1":"76e1d41aa5d202412cb1806ba465fd48254ad296","sha256":"37f67cc6a3a7a921f054707386a0553ef198fd3b351d7eedb67db1741a78211c"},"dob":{"date":"1988-07-03T03:03:49.335Z","age":35},"registered":{"date":"2011-06-04T11:13:30.600Z","age":12},"phone":"913-523-695","cell":"618-740-801","id":{"name":"DNI","value":"67425029-F"},"picture":{"large":"https://randomuser.me/api/portraits/men/22.jpg","medium":"https://randomuser.me/api/portraits/med/men/22.jpg","thumbnail":"https://randomuser.me/api/portraits/thumb/men/22.jpg"},"nat":"ES"}],"info":{"seed":"a2673b8918db80d1","results":1,"page":1,"version":"1.4"}} 
 </msg>
<msg time="2024-04-05T10:15:51.587110" level="INFO">/opt/hostedtoolcache/Python/3.12.2/x64/lib/python3.12/site-packages/urllib3/connectionpool.py:1103: InsecureRequestWarning: Unverified HTTPS request is being made to host 'randomuser.me'. Adding certificate verification is strongly advised. See: https://urllib3.readthedocs.io/en/latest/advanced-usage.html#tls-warnings
  warnings.warn(</msg>
<msg time="2024-04-05T10:15:51.587219" level="INFO">${response} = &lt;Response [200]&gt;</msg>
<var>${response}</var>
<arg>consultarAPI</arg>
<arg>/api</arg>
<doc>Sends a GET request on a previously created HTTP Session.</doc>
<status status="PASS" start="2024-04-05T10:15:51.500834" elapsed="0.086427"/>
</kw>
<kw name="Set Variable" owner="BuiltIn">
<msg time="2024-04-05T10:15:51.588123" level="INFO">${json_data} = {'results': [{'gender': 'male', 'name': {'title': 'Mr', 'first': 'Andrés', 'last': 'Velasco'}, 'location': {'street': {'number': 7722, 'name': 'Calle de La Luna'}, 'city': 'Torrevieja', 'state': 'La R...</msg>
<var>${json_data}</var>
<arg>${response.json()}</arg>
<doc>Returns the given values which can then be assigned to a variables.</doc>
<status status="PASS" start="2024-04-05T10:15:51.587653" elapsed="0.000504"/>
</kw>
<kw name="Log" owner="BuiltIn">
<msg time="2024-04-05T10:15:51.588639" level="INFO">{'results': [{'gender': 'male', 'name': {'title': 'Mr', 'first': 'Andrés', 'last': 'Velasco'}, 'location': {'street': {'number': 7722, 'name': 'Calle de La Luna'}, 'city': 'Torrevieja', 'state': 'La Rioja', 'country': 'Spain', 'postcode': 78611, 'coordinates': {'latitude': '-35.4285', 'longitude': '-98.2125'}, 'timezone': {'offset': '0:00', 'description': 'Western Europe Time, London, Lisbon, Casablanca'}}, 'email': 'andres.velasco@example.com', 'login': {'uuid': '2f6c8ebc-b0d4-47e5-9511-ac7315945af9', 'username': 'beautifulcat684', 'password': 'fishing1', 'salt': 'UdZsB5t2', 'md5': '8b386938129355ade46b80b9555e8027', 'sha1': '76e1d41aa5d202412cb1806ba465fd48254ad296', 'sha256': '37f67cc6a3a7a921f054707386a0553ef198fd3b351d7eedb67db1741a78211c'}, 'dob': {'date': '1988-07-03T03:03:49.335Z', 'age': 35}, 'registered': {'date': '2011-06-04T11:13:30.600Z', 'age': 12}, 'phone': '913-523-695', 'cell': '618-740-801', 'id': {'name': 'DNI', 'value': '67425029-F'}, 'picture': {'large': 'https://randomuser.me/api/portraits/men/22.jpg', 'medium': 'https://randomuser.me/api/portraits/med/men/22.jpg', 'thumbnail': 'https://randomuser.me/api/portraits/thumb/men/22.jpg'}, 'nat': 'ES'}], 'info': {'seed': 'a2673b8918db80d1', 'results': 1, 'page': 1, 'version': '1.4'}}</msg>
<arg>${json_data}</arg>
<doc>Logs the given message with the given level.</doc>
<status status="PASS" start="2024-04-05T10:15:51.588468" elapsed="0.000255"/>
</kw>
<kw name="Should Be String" owner="String">
<arg>${json_data['results'][0]['gender']}</arg>
<doc>Fails if the given ``item`` is not a string.</doc>
<status status="PASS" start="2024-04-05T10:15:51.589030" elapsed="0.000362"/>
</kw>
<kw name="Should Match Regexp" owner="BuiltIn">
<arg>${json_data['results'][0]['email']}</arg>
<arg>^[a-zA-Z0-9._%+-]+@[a-zA-Z0-9.-]+\.[a-zA-Z]{2,}$</arg>
<doc>Fails if ``string`` does not match ``pattern`` as a regular expression.</doc>
<status status="PASS" start="2024-04-05T10:15:51.589586" elapsed="0.000528"/>
</kw>
<kw name="Should Match Regexp" owner="BuiltIn">
<arg>${json_data['results'][0]['dob']['date']}</arg>
<arg>\\d{4}-\\d{2}-\\d{2}T\\d{2}:\\d{2}:\\d{2}\\.\\d{3}Z</arg>
<doc>Fails if ``string`` does not match ``pattern`` as a regular expression.</doc>
<status status="PASS" start="2024-04-05T10:15:51.590355" elapsed="0.000500"/>
</kw>
<kw name="Should Match Regexp" owner="BuiltIn">
<arg>${json_data['results'][0]['registered']['date']}</arg>
<arg>\\d{4}-\\d{2}-\\d{2}T\\d{2}:\\d{2}:\\d{2}\\.\\d{3}Z</arg>
<doc>Fails if ``string`` does not match ``pattern`` as a regular expression.</doc>
<status status="PASS" start="2024-04-05T10:15:51.591047" elapsed="0.000366"/>
</kw>
<kw name="Should Match Regexp" owner="BuiltIn">
<arg>${json_data['results'][0]['picture']['large']}</arg>
<arg>^https?://.*\.(?:png|jpe?g|gif|bmp)$</arg>
<doc>Fails if ``string`` does not match ``pattern`` as a regular expression.</doc>
<status status="PASS" start="2024-04-05T10:15:51.591598" elapsed="0.000458"/>
</kw>
<kw name="Should Match Regexp" owner="BuiltIn">
<arg>${json_data['results'][0]['picture']['medium']}</arg>
<arg>^https?://.*\.(?:png|jpe?g|gif|bmp)$</arg>
<doc>Fails if ``string`` does not match ``pattern`` as a regular expression.</doc>
<status status="PASS" start="2024-04-05T10:15:51.592244" elapsed="0.000355"/>
</kw>
<kw name="Should Match Regexp" owner="BuiltIn">
<arg>${json_data['results'][0]['picture']['thumbnail']}</arg>
<arg>^https?://.*\.(?:png|jpe?g|gif|bmp)$</arg>
<doc>Fails if ``string`` does not match ``pattern`` as a regular expression.</doc>
<status status="PASS" start="2024-04-05T10:15:51.592789" elapsed="0.000345"/>
</kw>
<kw name="Log" owner="BuiltIn">
<msg time="2024-04-05T10:15:51.593637" level="INFO">{'large': 'https://randomuser.me/api/portraits/men/22.jpg', 'medium': 'https://randomuser.me/api/portraits/med/men/22.jpg', 'thumbnail': 'https://randomuser.me/api/portraits/thumb/men/22.jpg'}</msg>
<arg>${json_data['results'][0]['picture']}</arg>
<doc>Logs the given message with the given level.</doc>
<status status="PASS" start="2024-04-05T10:15:51.593312" elapsed="0.000372"/>
</kw>
<status status="PASS" start="2024-04-05T10:15:51.500609" elapsed="0.093331"/>
</kw>
<kw name="Teste de Tipos de Dados - Postcode" owner="random-user-service">
<kw name="GET On Session" owner="RequestsLibrary">
<msg time="2024-04-05T10:15:51.678445" level="INFO">GET Request : url=https://randomuser.me/api 
 path_url=/api 
 headers={'User-Agent': 'python-requests/2.31.0', 'Accept-Encoding': 'gzip, deflate', 'Accept': '*/*', 'Connection': 'keep-alive'} 
 body=None 
 </msg>
<msg time="2024-04-05T10:15:51.678524" level="INFO">GET Response : url=https://randomuser.me/api 
 status=200, reason=OK 
 headers={'Date': 'Fri, 05 Apr 2024 10:15:51 GMT', 'Content-Type': 'application/json; charset=utf-8', 'Transfer-Encoding': 'chunked', 'Connection': 'keep-alive', 'X-Powered-By': 'Express', 'Access-Control-Allow-Origin': '*', 'Cache-Control': 'no-cache', 'ETag': 'W/"493-xgTWUCP9L9CJxiCc9Ppe5ZCET4Q"', 'Vary': 'Accept-Encoding', 'Content-Encoding': 'gzip', 'CF-Cache-Status': 'DYNAMIC', 'Report-To': '{"endpoints":[{"url":"https:\\/\\/a.nel.cloudflare.com\\/report\\/v4?s=AoBCBBjdqAwcc21wjvZM6k%2FtmWY%2FMlL2pL1pVkgIWyTGE4XpZrLiOUoB5J8MmonoWMgBHmh0%2FVl%2BP%2Fchrv3rVOgca2d4pymfs0otPUEKufj25VA78wNtR%2FC92MdECKof"}],"group":"cf-nel","max_age":604800}', 'NEL': '{"success_fraction":0,"report_to":"cf-nel","max_age":604800}', 'Server': 'cloudflare', 'CF-RAY': '86f8c78379ef10a1-ORD', 'alt-svc': 'h3=":443"; ma=86400'} 
 body={"results":[{"gender":"male","name":{"title":"Mr","first":"Aleksi","last":"Wuori"},"location":{"street":{"number":4491,"name":"Hämeentie"},"city":"Honkajoki","state":"Uusimaa","country":"Finland","postcode":37403,"coordinates":{"latitude":"-23.9483","longitude":"-31.3789"},"timezone":{"offset":"-6:00","description":"Central Time (US &amp; Canada), Mexico City"}},"email":"aleksi.wuori@example.com","login":{"uuid":"1f3741e4-ea9e-4f02-bbec-a6135fba6f08","username":"whiterabbit699","password":"reilly","salt":"3PM39cl8","md5":"5c3e8e4a7e5adc4dbff400b82752c4a7","sha1":"2eac1a98e9f276b42a067405036b690a519a60b8","sha256":"309f73714c60496404bfa4e3d07991e5f45a17d79c7e5c1a95642b4f5c277cd6"},"dob":{"date":"1968-11-28T02:36:32.791Z","age":55},"registered":{"date":"2003-09-30T21:23:20.400Z","age":20},"phone":"04-976-390","cell":"045-441-19-47","id":{"name":"HETU","value":"NaNNA067undefined"},"picture":{"large":"https://randomuser.me/api/portraits/men/20.jpg","medium":"https://randomuser.me/api/portraits/med/men/20.jpg","thumbnail":"https://randomuser.me/api/portraits/thumb/men/20.jpg"},"nat":"FI"}],"info":{"seed":"aeb0d40bc505618f","results":1,"page":1,"version":"1.4"}} 
 </msg>
<msg time="2024-04-05T10:15:51.678612" level="INFO">/opt/hostedtoolcache/Python/3.12.2/x64/lib/python3.12/site-packages/urllib3/connectionpool.py:1103: InsecureRequestWarning: Unverified HTTPS request is being made to host 'randomuser.me'. Adding certificate verification is strongly advised. See: https://urllib3.readthedocs.io/en/latest/advanced-usage.html#tls-warnings
  warnings.warn(</msg>
<msg time="2024-04-05T10:15:51.678742" level="INFO">${response} = &lt;Response [200]&gt;</msg>
<var>${response}</var>
<arg>consultarAPI</arg>
<arg>/api</arg>
<doc>Sends a GET request on a previously created HTTP Session.</doc>
<status status="PASS" start="2024-04-05T10:15:51.594571" elapsed="0.084224"/>
</kw>
<kw name="Set Variable" owner="BuiltIn">
<msg time="2024-04-05T10:15:51.679660" level="INFO">${json_data} = {'results': [{'gender': 'male', 'name': {'title': 'Mr', 'first': 'Aleksi', 'last': 'Wuori'}, 'location': {'street': {'number': 4491, 'name': 'Hämeentie'}, 'city': 'Honkajoki', 'state': 'Uusimaa', 'cou...</msg>
<var>${json_data}</var>
<arg>${response.json()}</arg>
<doc>Returns the given values which can then be assigned to a variables.</doc>
<status status="PASS" start="2024-04-05T10:15:51.679212" elapsed="0.000477"/>
</kw>
<kw name="Log" owner="BuiltIn">
<msg time="2024-04-05T10:15:51.680157" level="INFO">{'results': [{'gender': 'male', 'name': {'title': 'Mr', 'first': 'Aleksi', 'last': 'Wuori'}, 'location': {'street': {'number': 4491, 'name': 'Hämeentie'}, 'city': 'Honkajoki', 'state': 'Uusimaa', 'country': 'Finland', 'postcode': 37403, 'coordinates': {'latitude': '-23.9483', 'longitude': '-31.3789'}, 'timezone': {'offset': '-6:00', 'description': 'Central Time (US &amp; Canada), Mexico City'}}, 'email': 'aleksi.wuori@example.com', 'login': {'uuid': '1f3741e4-ea9e-4f02-bbec-a6135fba6f08', 'username': 'whiterabbit699', 'password': 'reilly', 'salt': '3PM39cl8', 'md5': '5c3e8e4a7e5adc4dbff400b82752c4a7', 'sha1': '2eac1a98e9f276b42a067405036b690a519a60b8', 'sha256': '309f73714c60496404bfa4e3d07991e5f45a17d79c7e5c1a95642b4f5c277cd6'}, 'dob': {'date': '1968-11-28T02:36:32.791Z', 'age': 55}, 'registered': {'date': '2003-09-30T21:23:20.400Z', 'age': 20}, 'phone': '04-976-390', 'cell': '045-441-19-47', 'id': {'name': 'HETU', 'value': 'NaNNA067undefined'}, 'picture': {'large': 'https://randomuser.me/api/portraits/men/20.jpg', 'medium': 'https://randomuser.me/api/portraits/med/men/20.jpg', 'thumbnail': 'https://randomuser.me/api/portraits/thumb/men/20.jpg'}, 'nat': 'FI'}], 'info': {'seed': 'aeb0d40bc505618f', 'results': 1, 'page': 1, 'version': '1.4'}}</msg>
<arg>${json_data}</arg>
<doc>Logs the given message with the given level.</doc>
<status status="PASS" start="2024-04-05T10:15:51.680000" elapsed="0.000238"/>
</kw>
<kw name="Should Be Equal As Numbers" owner="BuiltIn">
<arg>${json_data['results'][0]['location']['postcode']}</arg>
<arg>${json_data['results'][0]['location']['postcode']}</arg>
<doc>Fails if objects are unequal after converting them to real numbers.</doc>
<status status="PASS" start="2024-04-05T10:15:51.680544" elapsed="0.000639"/>
</kw>
<kw name="Log" owner="BuiltIn">
<msg time="2024-04-05T10:15:51.681720" level="INFO">37403</msg>
<arg>${json_data['results'][0]['location']['postcode']}</arg>
<doc>Logs the given message with the given level.</doc>
<status status="PASS" start="2024-04-05T10:15:51.681382" elapsed="0.000378"/>
</kw>
<status status="PASS" start="2024-04-05T10:15:51.594157" elapsed="0.087868"/>
</kw>
<doc>Testa se os tipos de dados na resposta da API estão corretos.</doc>
<tag>testeTiposDados</tag>
<status status="PASS" start="2024-04-05T10:15:51.500057" elapsed="0.182141"/>
</test>
<test id="s1-s1-t5" name="Validar conteudo" line="35">
<kw name="Teste de Tipos de Conteudo" owner="random-user-service">
<kw name="GET On Session" owner="RequestsLibrary">
<msg time="2024-04-05T10:15:51.780547" level="INFO">GET Request : url=https://randomuser.me/api 
 path_url=/api 
 headers={'User-Agent': 'python-requests/2.31.0', 'Accept-Encoding': 'gzip, deflate', 'Accept': '*/*', 'Connection': 'keep-alive'} 
 body=None 
 </msg>
<msg time="2024-04-05T10:15:51.780640" level="INFO">GET Response : url=https://randomuser.me/api 
 status=200, reason=OK 
 headers={'Date': 'Fri, 05 Apr 2024 10:15:51 GMT', 'Content-Type': 'application/json; charset=utf-8', 'Transfer-Encoding': 'chunked', 'Connection': 'keep-alive', 'X-Powered-By': 'Express', 'Access-Control-Allow-Origin': '*', 'Cache-Control': 'no-cache', 'ETag': 'W/"4b0-QfNc1PJcqYYBKdVe1RrGpn01s2Y"', 'Vary': 'Accept-Encoding', 'Content-Encoding': 'gzip', 'CF-Cache-Status': 'DYNAMIC', 'Report-To': '{"endpoints":[{"url":"https:\\/\\/a.nel.cloudflare.com\\/report\\/v4?s=U5ACVwfP4RNcG9O6CoqXNyHrBKmqt1ciMd6R%2BQ%2BKjTkIyyUiv6BDqP2lJJQ%2BXcMKgv8jNI%2BCveLzA4ldwE6muU3pccTxWd5%2BSJsl9iMpgphOB9WjBcM4HbzOxigc7k5n"}],"group":"cf-nel","max_age":604800}', 'NEL': '{"success_fraction":0,"report_to":"cf-nel","max_age":604800}', 'Server': 'cloudflare', 'CF-RAY': '86f8c7840a7d10a1-ORD', 'alt-svc': 'h3=":443"; ma=86400'} 
 body={"results":[{"gender":"male","name":{"title":"Monsieur","first":"James","last":"Jean"},"location":{"street":{"number":5668,"name":"Rue de L'Abbé-De-L'Épée"},"city":"Thürnen","state":"Neuchâtel","country":"Switzerland","postcode":1933,"coordinates":{"latitude":"-60.3445","longitude":"-156.7965"},"timezone":{"offset":"+8:00","description":"Beijing, Perth, Singapore, Hong Kong"}},"email":"james.jean@example.com","login":{"uuid":"77d98d72-1fc0-4459-9417-522917c56185","username":"beautifulladybug405","password":"cyclones","salt":"e8UdqwK2","md5":"a7abeb37be2a9b8e2fd7cc60e3b6da3f","sha1":"3fac4d1fa8850a0fdac9c96dd721c1002168b5dd","sha256":"51a704a27cbc3f7face2bb5033c9d42f84eed1029e8a4fcbd39889a21e21e8c4"},"dob":{"date":"1954-04-28T00:53:52.151Z","age":69},"registered":{"date":"2005-09-21T06:37:17.656Z","age":18},"phone":"077 734 15 35","cell":"076 963 50 72","id":{"name":"AVS","value":"756.3867.9778.82"},"picture":{"large":"https://randomuser.me/api/portraits/men/60.jpg","medium":"https://randomuser.me/api/portraits/med/men/60.jpg","thumbnail":"https://randomuser.me/api/portraits/thumb/men/60.jpg"},"nat":"CH"}],"info":{"seed":"5669dab776a97137","results":1,"page":1,"version":"1.4"}} 
 </msg>
<msg time="2024-04-05T10:15:51.780719" level="INFO">/opt/hostedtoolcache/Python/3.12.2/x64/lib/python3.12/site-packages/urllib3/connectionpool.py:1103: InsecureRequestWarning: Unverified HTTPS request is being made to host 'randomuser.me'. Adding certificate verification is strongly advised. See: https://urllib3.readthedocs.io/en/latest/advanced-usage.html#tls-warnings
  warnings.warn(</msg>
<msg time="2024-04-05T10:15:51.780850" level="INFO">${response} = &lt;Response [200]&gt;</msg>
<var>${response}</var>
<arg>consultarAPI</arg>
<arg>/api</arg>
<doc>Sends a GET request on a previously created HTTP Session.</doc>
<status status="PASS" start="2024-04-05T10:15:51.684597" elapsed="0.096297"/>
</kw>
<kw name="Set Variable" owner="BuiltIn">
<msg time="2024-04-05T10:15:51.781797" level="INFO">${json_data} = {'results': [{'gender': 'male', 'name': {'title': 'Monsieur', 'first': 'James', 'last': 'Jean'}, 'location': {'street': {'number': 5668, 'name': "Rue de L'Abbé-De-L'Épée"}, 'city': 'Thürnen', 'state':...</msg>
<var>${json_data}</var>
<arg>${response.json()}</arg>
<doc>Returns the given values which can then be assigned to a variables.</doc>
<status status="PASS" start="2024-04-05T10:15:51.781307" elapsed="0.000520"/>
</kw>
<kw name="Set Variable" owner="BuiltIn">
<msg time="2024-04-05T10:15:51.782581" level="INFO">${name_title} = Monsieur</msg>
<var>${name_title}</var>
<arg>${json_data["results"][0]["name"]["title"]}</arg>
<doc>Returns the given values which can then be assigned to a variables.</doc>
<status status="PASS" start="2024-04-05T10:15:51.782151" elapsed="0.000456"/>
</kw>
<kw name="Create List" owner="BuiltIn">
<msg time="2024-04-05T10:15:51.783073" level="INFO">${allowed_titles} = ['Mr', 'Ms', 'Miss', 'Mrs', 'Madame', 'Monsieur']</msg>
<var>${allowed_titles}</var>
<arg>Mr</arg>
<arg>Ms</arg>
<arg>Miss</arg>
<arg>Mrs</arg>
<arg>Madame</arg>
<arg>Monsieur</arg>
<doc>Returns a list containing given items.</doc>
<status status="PASS" start="2024-04-05T10:15:51.782919" elapsed="0.000179"/>
</kw>
<kw name="List Should Contain Value" owner="Collections">
<msg time="2024-04-05T10:15:51.783588" level="INFO">False</msg>
<arg>${allowed_titles}</arg>
<arg>${name_title}</arg>
<doc>Fails if the ``value`` is not found from ``list``.</doc>
<status status="PASS" start="2024-04-05T10:15:51.783409" elapsed="0.000222"/>
</kw>
<kw name="Set Variable" owner="BuiltIn">
<msg time="2024-04-05T10:15:51.784326" level="INFO">${name_country} = CH</msg>
<var>${name_country}</var>
<arg>${json_data["results"][0]["nat"]}</arg>
<doc>Returns the given values which can then be assigned to a variables.</doc>
<status status="PASS" start="2024-04-05T10:15:51.783936" elapsed="0.000415"/>
</kw>
<kw name="Create List" owner="BuiltIn">
<msg time="2024-04-05T10:15:51.785269" level="INFO">${list_country} = ['AD', 'AE', 'AF', 'AG', 'AI', 'AL', 'AM', 'AO', 'AQ', 'AR', 'AS', 'AT', 'AU', 'AW', 'AX', 'AZ', 'BA', 'BB', 'BD', 'BE', 'BF', 'BG', 'BH', 'BI', 'BJ', 'BL', 'BM', 'BN', 'BO', 'BQ', 'BR', 'BS', 'BT', '...</msg>
<var>${list_country}</var>
<arg>AD</arg>
<arg>AE</arg>
<arg>AF</arg>
<arg>AG</arg>
<arg>AI</arg>
<arg>AL</arg>
<arg>AM</arg>
<arg>AO</arg>
<arg>AQ</arg>
<arg>AR</arg>
<arg>AS</arg>
<arg>AT</arg>
<arg>AU</arg>
<arg>AW</arg>
<arg>AX</arg>
<arg>AZ</arg>
<arg>BA</arg>
<arg>BB</arg>
<arg>BD</arg>
<arg>BE</arg>
<arg>BF</arg>
<arg>BG</arg>
<arg>BH</arg>
<arg>BI</arg>
<arg>BJ</arg>
<arg>BL</arg>
<arg>BM</arg>
<arg>BN</arg>
<arg>BO</arg>
<arg>BQ</arg>
<arg>BR</arg>
<arg>BS</arg>
<arg>BT</arg>
<arg>BV</arg>
<arg>BW</arg>
<arg>BY</arg>
<arg>BZ</arg>
<arg>CA</arg>
<arg>CC</arg>
<arg>CD</arg>
<arg>CF</arg>
<arg>CG</arg>
<arg>CH</arg>
<arg>CI</arg>
<arg>CK</arg>
<arg>CL</arg>
<arg>CM</arg>
<arg>CN</arg>
<arg>CO</arg>
<arg>CR</arg>
<arg>CU</arg>
<arg>CV</arg>
<arg>CW</arg>
<arg>CX</arg>
<arg>CY</arg>
<arg>CZ</arg>
<arg>DE</arg>
<arg>DJ</arg>
<arg>DK</arg>
<arg>DM</arg>
<arg>DO</arg>
<arg>DZ</arg>
<arg>EC</arg>
<arg>EE</arg>
<arg>EG</arg>
<arg>EH</arg>
<arg>ER</arg>
<arg>ES</arg>
<arg>ET</arg>
<arg>FI</arg>
<arg>FJ</arg>
<arg>FK</arg>
<arg>FM</arg>
<arg>FO</arg>
<arg>FR</arg>
<arg>GA</arg>
<arg>GB</arg>
<arg>GD</arg>
<arg>GE</arg>
<arg>GF</arg>
<arg>GG</arg>
<arg>GH</arg>
<arg>GI</arg>
<arg>GL</arg>
<arg>GM</arg>
<arg>GN</arg>
<arg>GP</arg>
<arg>GQ</arg>
<arg>GR</arg>
<arg>GS</arg>
<arg>GT</arg>
<arg>GU</arg>
<arg>GW</arg>
<arg>GY</arg>
<arg>HK</arg>
<arg>HM</arg>
<arg>HN</arg>
<arg>HR</arg>
<arg>HT</arg>
<arg>HU</arg>
<arg>ID</arg>
<arg>IE</arg>
<arg>IL</arg>
<arg>IM</arg>
<arg>IN</arg>
<arg>IO</arg>
<arg>IQ</arg>
<arg>IR</arg>
<arg>IS</arg>
<arg>IT</arg>
<arg>JE</arg>
<arg>JM</arg>
<arg>JO</arg>
<arg>JP</arg>
<arg>KE</arg>
<arg>KG</arg>
<arg>KH</arg>
<arg>KI</arg>
<arg>KM</arg>
<arg>KN</arg>
<arg>KP</arg>
<arg>KR</arg>
<arg>KW</arg>
<arg>KY</arg>
<arg>KZ</arg>
<arg>LA</arg>
<arg>LB</arg>
<arg>LC</arg>
<arg>LI</arg>
<arg>LK</arg>
<arg>LR</arg>
<arg>LS</arg>
<arg>LT</arg>
<arg>LU</arg>
<arg>LV</arg>
<arg>LY</arg>
<arg>MA</arg>
<arg>MC</arg>
<arg>MD</arg>
<arg>ME</arg>
<arg>MF</arg>
<arg>MG</arg>
<arg>MH</arg>
<arg>MK</arg>
<arg>ML</arg>
<arg>MM</arg>
<arg>MN</arg>
<arg>MO</arg>
<arg>MP</arg>
<arg>MQ</arg>
<arg>MR</arg>
<arg>MS</arg>
<arg>MT</arg>
<arg>MU</arg>
<arg>MV</arg>
<arg>MW</arg>
<arg>MX</arg>
<arg>MY</arg>
<arg>MZ</arg>
<arg>NA</arg>
<arg>NC</arg>
<arg>NE</arg>
<arg>NF</arg>
<arg>NG</arg>
<arg>NI</arg>
<arg>NL</arg>
<arg>NO</arg>
<arg>NP</arg>
<arg>NR</arg>
<arg>NU</arg>
<arg>NZ</arg>
<arg>OM</arg>
<arg>PA</arg>
<arg>PE</arg>
<arg>PF</arg>
<arg>PG</arg>
<arg>PH</arg>
<arg>PK</arg>
<arg>PL</arg>
<arg>PM</arg>
<arg>PN</arg>
<arg>PR</arg>
<arg>PS</arg>
<arg>PT</arg>
<arg>PW</arg>
<arg>PY</arg>
<arg>QA</arg>
<arg>RE</arg>
<arg>RO</arg>
<arg>RS</arg>
<arg>RU</arg>
<arg>RW</arg>
<arg>SA</arg>
<arg>SB</arg>
<arg>SC</arg>
<arg>SD</arg>
<arg>SE</arg>
<arg>SG</arg>
<arg>SH</arg>
<arg>SI</arg>
<arg>SJ</arg>
<arg>SK</arg>
<arg>SL</arg>
<arg>SM</arg>
<arg>SN</arg>
<arg>SO</arg>
<arg>SR</arg>
<arg>SS</arg>
<arg>ST</arg>
<arg>SV</arg>
<arg>SX</arg>
<arg>SY</arg>
<arg>SZ</arg>
<arg>TC</arg>
<arg>TD</arg>
<arg>TF</arg>
<arg>TG</arg>
<arg>TH</arg>
<arg>TJ</arg>
<arg>TK</arg>
<arg>TL</arg>
<arg>TM</arg>
<arg>TN</arg>
<arg>TO</arg>
<arg>TR</arg>
<arg>TT</arg>
<arg>TV</arg>
<arg>TW</arg>
<arg>TZ</arg>
<arg>UA</arg>
<arg>UG</arg>
<arg>UM</arg>
<arg>US</arg>
<arg>UY</arg>
<arg>UZ</arg>
<arg>VA</arg>
<arg>VC</arg>
<arg>VE</arg>
<arg>VG</arg>
<arg>VI</arg>
<arg>VN</arg>
<arg>VU</arg>
<arg>WF</arg>
<arg>WS</arg>
<arg>XK</arg>
<arg>YE</arg>
<arg>YT</arg>
<arg>ZA</arg>
<arg>ZM</arg>
<arg>ZW</arg>
<doc>Returns a list containing given items.</doc>
<status status="PASS" start="2024-04-05T10:15:51.784666" elapsed="0.000629"/>
</kw>
<kw name="List Should Contain Value" owner="Collections">
<msg time="2024-04-05T10:15:51.786466" level="INFO">False</msg>
<arg>${list_country}</arg>
<arg>${name_country}</arg>
<doc>Fails if the ``value`` is not found from ``list``.</doc>
<status status="PASS" start="2024-04-05T10:15:51.786234" elapsed="0.000270"/>
</kw>
<kw name="Run Keyword If" owner="BuiltIn">
<kw name="Should Be True" owner="BuiltIn">
<arg>${True}</arg>
<doc>Fails if the given condition is not true.</doc>
<status status="PASS" start="2024-04-05T10:15:51.787585" elapsed="0.000148"/>
</kw>
<arg>${json_data["results"][0]["location"]["coordinates"]["latitude"]} &gt;= -90 and ${json_data["results"][0]["location"]["coordinates"]["latitude"]} &lt;= 90</arg>
<arg>Should Be True</arg>
<arg>${True}</arg>
<doc>Runs the given keyword with the given arguments, if ``condition`` is true.</doc>
<status status="PASS" start="2024-04-05T10:15:51.786825" elapsed="0.001039"/>
</kw>
<kw name="Run Keyword If" owner="BuiltIn">
<kw name="Should Be True" owner="BuiltIn">
<arg>${True}</arg>
<doc>Fails if the given condition is not true.</doc>
<status status="PASS" start="2024-04-05T10:15:51.788771" elapsed="0.000139"/>
</kw>
<arg>${json_data["results"][0]["location"]["coordinates"]["longitude"]} &gt;= -180 and ${json_data["results"][0]["location"]["coordinates"]["longitude"]} &lt;= 180</arg>
<arg>Should Be True</arg>
<arg>${True}</arg>
<doc>Runs the given keyword with the given arguments, if ``condition`` is true.</doc>
<status status="PASS" start="2024-04-05T10:15:51.788054" elapsed="0.000985"/>
</kw>
<status status="PASS" start="2024-04-05T10:15:51.684373" elapsed="0.104808"/>
</kw>
<doc>Testa o conteúdo específico dos campos retornados pela API.</doc>
<tag>testeConteudo</tag>
<status status="PASS" start="2024-04-05T10:15:51.683935" elapsed="0.105403"/>
</test>
<status status="PASS" start="2024-04-05T10:15:50.978111" elapsed="0.813177"/>
</suite>
<status status="PASS" start="2024-04-05T10:15:50.964332" elapsed="0.832282"/>
</suite>
<statistics>
<total>
<stat pass="5" fail="0" skip="0">All Tests</stat>
</total>
<tag>
<stat pass="1" fail="0" skip="0">testeConteudo</stat>
<stat pass="1" fail="0" skip="0">testeEstruturaResposta</stat>
<stat pass="1" fail="0" skip="0">testeRequisicaoBasica</stat>
<stat pass="1" fail="0" skip="0">testeTiposDados</stat>
</tag>
<suite>
<stat pass="5" fail="0" skip="0" id="s1" name="Tests">Tests</stat>
<stat pass="5" fail="0" skip="0" id="s1-s1" name="Random-User-Test">Tests.Random-User-Test</stat>
</suite>
</statistics>
<errors>
</errors>
</robot>
