<?xml version="1.0" encoding="UTF-8"?>
<robot generator="Robot 7.0.1 (Python 3.12.4 on linux)" generated="2024-07-30T04:18:17.280445" rpa="false" schemaversion="5">
<suite id="s1" name="Tests" source="/home/runner/work/ApiRandomUser/ApiRandomUser/RamdonUser/tests">
<suite id="s1-s1" name="Random-User-Test" source="/home/runner/work/ApiRandomUser/ApiRandomUser/RamdonUser/tests/random-user-test.robot">
<test id="s1-s1-t1" name="Conectar" line="13">
<kw name="Conectar API" owner="random-user-service">
<kw name="Create Session" owner="RequestsLibrary">
<msg time="2024-07-30T04:18:17.712051" level="INFO">Creating Session using : alias=consultarAPI, url=https://randomuser.me/, headers={},                     cookies={}, auth=None, timeout=None, proxies=None, verify=False,                     debug=0 </msg>
<arg>consultarAPI</arg>
<arg>${URL}</arg>
<doc>Create Session: create a HTTP session to a server</doc>
<status status="PASS" start="2024-07-30T04:18:17.711849" elapsed="0.000381"/>
</kw>
<status status="PASS" start="2024-07-30T04:18:17.710811" elapsed="0.001783"/>
</kw>
<status status="PASS" start="2024-07-30T04:18:17.710189" elapsed="0.002643"/>
</test>
<test id="s1-s1-t2" name="Validar retorno 200 e JSON Válido" line="16">
<kw name="Teste de Requisicao Basica" owner="random-user-service">
<kw name="GET On Session" owner="RequestsLibrary">
<msg time="2024-07-30T04:18:17.873098" level="INFO">GET Request : url=https://randomuser.me/api 
 path_url=/api 
 headers={'User-Agent': 'python-requests/2.32.3', 'Accept-Encoding': 'gzip, deflate', 'Accept': '*/*', 'Connection': 'keep-alive'} 
 body=None 
 </msg>
<msg time="2024-07-30T04:18:17.873254" level="INFO">GET Response : url=https://randomuser.me/api 
 status=200, reason=OK 
 headers={'Date': 'Tue, 30 Jul 2024 04:18:17 GMT', 'Content-Type': 'application/json; charset=utf-8', 'Transfer-Encoding': 'chunked', 'Connection': 'keep-alive', 'X-Powered-By': 'Express', 'Access-Control-Allow-Origin': '*', 'Cache-Control': 'no-cache', 'ETag': 'W/"490-quvGQFTiMEvDQVHZjqf+aVOBjpg"', 'Vary': 'Accept-Encoding', 'Content-Encoding': 'gzip', 'CF-Cache-Status': 'DYNAMIC', 'Report-To': '{"endpoints":[{"url":"https:\\/\\/a.nel.cloudflare.com\\/report\\/v4?s=na%2FF1SQOlduWPdJ3iatIYQk8WGhW4QWcWJ22Yvr4%2FArNgm1%2BIlnjYkFQOCva%2FSf3N3jiF4ooJA4XwpXlAOB6MruBzevnQspwHdziK17jT4epGnGMS2okHVqJ9DLyE8IJ"}],"group":"cf-nel","max_age":604800}', 'NEL': '{"success_fraction":0,"report_to":"cf-nel","max_age":604800}', 'Server': 'cloudflare', 'CF-RAY': '8ab28b3d8d922d07-IAD', 'alt-svc': 'h3=":443"; ma=86400'} 
 body={"results":[{"gender":"male","name":{"title":"Mr","first":"Anton","last":"Niska"},"location":{"street":{"number":8986,"name":"Suvantokatu"},"city":"Lumijoki","state":"South Karelia","country":"Finland","postcode":84962,"coordinates":{"latitude":"-26.8557","longitude":"-72.2490"},"timezone":{"offset":"-3:00","description":"Brazil, Buenos Aires, Georgetown"}},"email":"anton.niska@example.com","login":{"uuid":"1a5ed7bd-6f4d-40aa-9c39-06461487f630","username":"brownmouse116","password":"sabrina","salt":"z0s2dPQM","md5":"9c16c79b0f65d5414ea1f2111d252a24","sha1":"c24b5f14747fbe7690caed50295217187abddddd","sha256":"6ea2bda9a425e6d94a3c1603f8858b0e16534451bb50299d950d5c24c633b077"},"dob":{"date":"1966-07-21T23:46:17.625Z","age":58},"registered":{"date":"2007-07-13T16:45:05.331Z","age":17},"phone":"02-254-932","cell":"040-976-96-21","id":{"name":"HETU","value":"NaNNA071undefined"},"picture":{"large":"https://randomuser.me/api/portraits/men/39.jpg","medium":"https://randomuser.me/api/portraits/med/men/39.jpg","thumbnail":"https://randomuser.me/api/portraits/thumb/men/39.jpg"},"nat":"FI"}],"info":{"seed":"d9780e7f54bf0da8","results":1,"page":1,"version":"1.4"}} 
 </msg>
<msg time="2024-07-30T04:18:17.873343" level="INFO">/opt/hostedtoolcache/Python/3.12.4/x64/lib/python3.12/site-packages/urllib3/connectionpool.py:1099: InsecureRequestWarning: Unverified HTTPS request is being made to host 'randomuser.me'. Adding certificate verification is strongly advised. See: https://urllib3.readthedocs.io/en/latest/advanced-usage.html#tls-warnings
  warnings.warn(</msg>
<msg time="2024-07-30T04:18:17.873479" level="INFO">${response} = &lt;Response [200]&gt;</msg>
<var>${response}</var>
<arg>consultarAPI</arg>
<arg>/api</arg>
<doc>Sends a GET request on a previously created HTTP Session.</doc>
<status status="PASS" start="2024-07-30T04:18:17.715495" elapsed="0.158028"/>
</kw>
<kw name="Should Be Equal As Numbers" owner="BuiltIn">
<msg time="2024-07-30T04:18:17.874689" level="INFO">Argument types are:
&lt;class 'int'&gt;
&lt;class 'str'&gt;</msg>
<arg>${response.status_code}</arg>
<arg>200</arg>
<doc>Fails if objects are unequal after converting them to real numbers.</doc>
<status status="PASS" start="2024-07-30T04:18:17.874158" elapsed="0.000600"/>
</kw>
<kw name="Log" owner="BuiltIn">
<msg time="2024-07-30T04:18:17.875500" level="INFO">200</msg>
<arg>${response.status_code}</arg>
<doc>Logs the given message with the given level.</doc>
<status status="PASS" start="2024-07-30T04:18:17.875118" elapsed="0.000427"/>
</kw>
<kw name="Set Variable" owner="BuiltIn">
<msg time="2024-07-30T04:18:17.876325" level="INFO">${json_data} = {'results': [{'gender': 'male', 'name': {'title': 'Mr', 'first': 'Anton', 'last': 'Niska'}, 'location': {'street': {'number': 8986, 'name': 'Suvantokatu'}, 'city': 'Lumijoki', 'state': 'South Karelia'...</msg>
<var>${json_data}</var>
<arg>${response.json()}</arg>
<doc>Returns the given values which can then be assigned to a variables.</doc>
<status status="PASS" start="2024-07-30T04:18:17.875870" elapsed="0.000483"/>
</kw>
<kw name="Dictionary Should Contain Key" owner="Collections">
<arg>${json_data}</arg>
<arg>results</arg>
<doc>Fails if ``key`` is not found from ``dictionary``.</doc>
<status status="PASS" start="2024-07-30T04:18:17.876706" elapsed="0.000338"/>
</kw>
<status status="PASS" start="2024-07-30T04:18:17.715244" elapsed="0.161957"/>
</kw>
<doc>Testa se a API responde corretamente e retorna um objeto JSON válido.</doc>
<tag>testeRequisicaoBasica</tag>
<status status="PASS" start="2024-07-30T04:18:17.714714" elapsed="0.162665"/>
</test>
<test id="s1-s1-t3" name="Validar estrutura de resposta" line="22">
<kw name="Teste de Estrutura de Resposta" owner="random-user-service">
<kw name="GET On Session" owner="RequestsLibrary">
<msg time="2024-07-30T04:18:17.978618" level="INFO">GET Request : url=https://randomuser.me/api 
 path_url=/api 
 headers={'User-Agent': 'python-requests/2.32.3', 'Accept-Encoding': 'gzip, deflate', 'Accept': '*/*', 'Connection': 'keep-alive'} 
 body=None 
 </msg>
<msg time="2024-07-30T04:18:17.978697" level="INFO">GET Response : url=https://randomuser.me/api 
 status=200, reason=OK 
 headers={'Date': 'Tue, 30 Jul 2024 04:18:17 GMT', 'Content-Type': 'application/json; charset=utf-8', 'Transfer-Encoding': 'chunked', 'Connection': 'keep-alive', 'X-Powered-By': 'Express', 'Access-Control-Allow-Origin': '*', 'Cache-Control': 'no-cache', 'ETag': 'W/"49d-/Bl3mnOWtNftYNSwY9fkRLBnh8M"', 'Vary': 'Accept-Encoding', 'Content-Encoding': 'gzip', 'CF-Cache-Status': 'DYNAMIC', 'Report-To': '{"endpoints":[{"url":"https:\\/\\/a.nel.cloudflare.com\\/report\\/v4?s=NWFZxzM6DhbCcB1xzfkf9Cd5Bqai0MJ2qj3eBMnGz%2FDBBh5llb3BBALi4fbqDU6vYj3Ta4xIuvKa7mW0sgx7Ux0pbV4rjmqK9uaKLXFSCf9DkRkGTW1gXZPn1m7Tp1PA"}],"group":"cf-nel","max_age":604800}', 'NEL': '{"success_fraction":0,"report_to":"cf-nel","max_age":604800}', 'Server': 'cloudflare', 'CF-RAY': '8ab28b3dcdd52d07-IAD', 'alt-svc': 'h3=":443"; ma=86400'} 
 body={"results":[{"gender":"female","name":{"title":"Ms","first":"Isabella","last":"Tremblay"},"location":{"street":{"number":5185,"name":"Bay Ave"},"city":"Chatham","state":"Saskatchewan","country":"Canada","postcode":"W6J 2E4","coordinates":{"latitude":"-70.9371","longitude":"160.4572"},"timezone":{"offset":"+1:00","description":"Brussels, Copenhagen, Madrid, Paris"}},"email":"isabella.tremblay@example.com","login":{"uuid":"8ec7832d-b80b-4a61-abb1-2a92a2b38f84","username":"beautifulcat709","password":"ravens","salt":"IcTNAfxS","md5":"ae5efe53da185a4333c4f86d4c2b1845","sha1":"126e36e3adc453c50e7241131c8e912786eebd33","sha256":"19edf5515438903d134f2b31289523096bc06f8012b975c5138e8aba0557d1b4"},"dob":{"date":"1977-07-05T01:55:37.953Z","age":47},"registered":{"date":"2005-12-04T22:41:50.787Z","age":18},"phone":"E61 N95-2256","cell":"A55 I05-5668","id":{"name":"SIN","value":"956138556"},"picture":{"large":"https://randomuser.me/api/portraits/women/62.jpg","medium":"https://randomuser.me/api/portraits/med/women/62.jpg","thumbnail":"https://randomuser.me/api/portraits/thumb/women/62.jpg"},"nat":"CA"}],"info":{"seed":"1088ee9f03377565","results":1,"page":1,"version":"1.4"}} 
 </msg>
<msg time="2024-07-30T04:18:17.978809" level="INFO">/opt/hostedtoolcache/Python/3.12.4/x64/lib/python3.12/site-packages/urllib3/connectionpool.py:1099: InsecureRequestWarning: Unverified HTTPS request is being made to host 'randomuser.me'. Adding certificate verification is strongly advised. See: https://urllib3.readthedocs.io/en/latest/advanced-usage.html#tls-warnings
  warnings.warn(</msg>
<msg time="2024-07-30T04:18:17.978920" level="INFO">${response} = &lt;Response [200]&gt;</msg>
<var>${response}</var>
<arg>consultarAPI</arg>
<arg>/api</arg>
<doc>Sends a GET request on a previously created HTTP Session.</doc>
<status status="PASS" start="2024-07-30T04:18:17.880104" elapsed="0.098858"/>
</kw>
<kw name="Set Variable" owner="BuiltIn">
<msg time="2024-07-30T04:18:17.980061" level="INFO">${json_data} = {'results': [{'gender': 'female', 'name': {'title': 'Ms', 'first': 'Isabella', 'last': 'Tremblay'}, 'location': {'street': {'number': 5185, 'name': 'Bay Ave'}, 'city': 'Chatham', 'state': 'Saskatchewa...</msg>
<var>${json_data}</var>
<arg>${response.json()}</arg>
<doc>Returns the given values which can then be assigned to a variables.</doc>
<status status="PASS" start="2024-07-30T04:18:17.979488" elapsed="0.000603"/>
</kw>
<kw name="Log" owner="BuiltIn">
<msg time="2024-07-30T04:18:17.980631" level="INFO">{'results': [{'gender': 'female', 'name': {'title': 'Ms', 'first': 'Isabella', 'last': 'Tremblay'}, 'location': {'street': {'number': 5185, 'name': 'Bay Ave'}, 'city': 'Chatham', 'state': 'Saskatchewan', 'country': 'Canada', 'postcode': 'W6J 2E4', 'coordinates': {'latitude': '-70.9371', 'longitude': '160.4572'}, 'timezone': {'offset': '+1:00', 'description': 'Brussels, Copenhagen, Madrid, Paris'}}, 'email': 'isabella.tremblay@example.com', 'login': {'uuid': '8ec7832d-b80b-4a61-abb1-2a92a2b38f84', 'username': 'beautifulcat709', 'password': 'ravens', 'salt': 'IcTNAfxS', 'md5': 'ae5efe53da185a4333c4f86d4c2b1845', 'sha1': '126e36e3adc453c50e7241131c8e912786eebd33', 'sha256': '19edf5515438903d134f2b31289523096bc06f8012b975c5138e8aba0557d1b4'}, 'dob': {'date': '1977-07-05T01:55:37.953Z', 'age': 47}, 'registered': {'date': '2005-12-04T22:41:50.787Z', 'age': 18}, 'phone': 'E61 N95-2256', 'cell': 'A55 I05-5668', 'id': {'name': 'SIN', 'value': '956138556'}, 'picture': {'large': 'https://randomuser.me/api/portraits/women/62.jpg', 'medium': 'https://randomuser.me/api/portraits/med/women/62.jpg', 'thumbnail': 'https://randomuser.me/api/portraits/thumb/women/62.jpg'}, 'nat': 'CA'}], 'info': {'seed': '1088ee9f03377565', 'results': 1, 'page': 1, 'version': '1.4'}}</msg>
<arg>${json_data}</arg>
<doc>Logs the given message with the given level.</doc>
<status status="PASS" start="2024-07-30T04:18:17.980425" elapsed="0.000264"/>
</kw>
<kw name="Dictionary Should Contain Key" owner="Collections">
<arg>${json_data}</arg>
<arg>results</arg>
<doc>Fails if ``key`` is not found from ``dictionary``.</doc>
<status status="PASS" start="2024-07-30T04:18:17.981007" elapsed="0.000170"/>
</kw>
<kw name="Should Not Be Empty" owner="BuiltIn">
<msg time="2024-07-30T04:18:17.981500" level="INFO">Length is 2.</msg>
<arg>${json_data}</arg>
<doc>Verifies that the given item is not empty.</doc>
<status status="PASS" start="2024-07-30T04:18:17.981371" elapsed="0.000169"/>
</kw>
<kw name="Create List" owner="BuiltIn">
<msg time="2024-07-30T04:18:17.981997" level="INFO">${expected_keys} = ['gender', 'name', 'location', 'email', 'login']</msg>
<var>${expected_keys}</var>
<arg>gender</arg>
<arg>name</arg>
<arg>location</arg>
<arg>email</arg>
<arg>login</arg>
<doc>Returns a list containing given items.</doc>
<status status="PASS" start="2024-07-30T04:18:17.981832" elapsed="0.000190"/>
</kw>
<for flavor="IN">
<iter>
<kw name="Dictionary Should Contain Key" owner="Collections">
<arg>${json_data['results'][0]}</arg>
<arg>${key}</arg>
<doc>Fails if ``key`` is not found from ``dictionary``.</doc>
<status status="PASS" start="2024-07-30T04:18:17.982618" elapsed="0.000494"/>
</kw>
<kw name="Log" owner="BuiltIn">
<msg time="2024-07-30T04:18:17.983681" level="INFO">{'gender': 'female', 'name': {'title': 'Ms', 'first': 'Isabella', 'last': 'Tremblay'}, 'location': {'street': {'number': 5185, 'name': 'Bay Ave'}, 'city': 'Chatham', 'state': 'Saskatchewan', 'country': 'Canada', 'postcode': 'W6J 2E4', 'coordinates': {'latitude': '-70.9371', 'longitude': '160.4572'}, 'timezone': {'offset': '+1:00', 'description': 'Brussels, Copenhagen, Madrid, Paris'}}, 'email': 'isabella.tremblay@example.com', 'login': {'uuid': '8ec7832d-b80b-4a61-abb1-2a92a2b38f84', 'username': 'beautifulcat709', 'password': 'ravens', 'salt': 'IcTNAfxS', 'md5': 'ae5efe53da185a4333c4f86d4c2b1845', 'sha1': '126e36e3adc453c50e7241131c8e912786eebd33', 'sha256': '19edf5515438903d134f2b31289523096bc06f8012b975c5138e8aba0557d1b4'}, 'dob': {'date': '1977-07-05T01:55:37.953Z', 'age': 47}, 'registered': {'date': '2005-12-04T22:41:50.787Z', 'age': 18}, 'phone': 'E61 N95-2256', 'cell': 'A55 I05-5668', 'id': {'name': 'SIN', 'value': '956138556'}, 'picture': {'large': 'https://randomuser.me/api/portraits/women/62.jpg', 'medium': 'https://randomuser.me/api/portraits/med/women/62.jpg', 'thumbnail': 'https://randomuser.me/api/portraits/thumb/women/62.jpg'}, 'nat': 'CA'}</msg>
<arg>${json_data['results'][0]}</arg>
<doc>Logs the given message with the given level.</doc>
<status status="PASS" start="2024-07-30T04:18:17.983312" elapsed="0.000419"/>
</kw>
<kw name="Log" owner="BuiltIn">
<msg time="2024-07-30T04:18:17.984169" level="INFO">gender</msg>
<arg>${key}</arg>
<doc>Logs the given message with the given level.</doc>
<status status="PASS" start="2024-07-30T04:18:17.984035" elapsed="0.000174"/>
</kw>
<var name="${key}">gender</var>
<status status="PASS" start="2024-07-30T04:18:17.982486" elapsed="0.001948"/>
</iter>
<iter>
<kw name="Dictionary Should Contain Key" owner="Collections">
<arg>${json_data['results'][0]}</arg>
<arg>${key}</arg>
<doc>Fails if ``key`` is not found from ``dictionary``.</doc>
<status status="PASS" start="2024-07-30T04:18:17.984777" elapsed="0.000393"/>
</kw>
<kw name="Log" owner="BuiltIn">
<msg time="2024-07-30T04:18:17.985716" level="INFO">{'gender': 'female', 'name': {'title': 'Ms', 'first': 'Isabella', 'last': 'Tremblay'}, 'location': {'street': {'number': 5185, 'name': 'Bay Ave'}, 'city': 'Chatham', 'state': 'Saskatchewan', 'country': 'Canada', 'postcode': 'W6J 2E4', 'coordinates': {'latitude': '-70.9371', 'longitude': '160.4572'}, 'timezone': {'offset': '+1:00', 'description': 'Brussels, Copenhagen, Madrid, Paris'}}, 'email': 'isabella.tremblay@example.com', 'login': {'uuid': '8ec7832d-b80b-4a61-abb1-2a92a2b38f84', 'username': 'beautifulcat709', 'password': 'ravens', 'salt': 'IcTNAfxS', 'md5': 'ae5efe53da185a4333c4f86d4c2b1845', 'sha1': '126e36e3adc453c50e7241131c8e912786eebd33', 'sha256': '19edf5515438903d134f2b31289523096bc06f8012b975c5138e8aba0557d1b4'}, 'dob': {'date': '1977-07-05T01:55:37.953Z', 'age': 47}, 'registered': {'date': '2005-12-04T22:41:50.787Z', 'age': 18}, 'phone': 'E61 N95-2256', 'cell': 'A55 I05-5668', 'id': {'name': 'SIN', 'value': '956138556'}, 'picture': {'large': 'https://randomuser.me/api/portraits/women/62.jpg', 'medium': 'https://randomuser.me/api/portraits/med/women/62.jpg', 'thumbnail': 'https://randomuser.me/api/portraits/thumb/women/62.jpg'}, 'nat': 'CA'}</msg>
<arg>${json_data['results'][0]}</arg>
<doc>Logs the given message with the given level.</doc>
<status status="PASS" start="2024-07-30T04:18:17.985356" elapsed="0.000453"/>
</kw>
<kw name="Log" owner="BuiltIn">
<msg time="2024-07-30T04:18:17.986246" level="INFO">name</msg>
<arg>${key}</arg>
<doc>Logs the given message with the given level.</doc>
<status status="PASS" start="2024-07-30T04:18:17.986114" elapsed="0.000172"/>
</kw>
<var name="${key}">name</var>
<status status="PASS" start="2024-07-30T04:18:17.984657" elapsed="0.001849"/>
</iter>
<iter>
<kw name="Dictionary Should Contain Key" owner="Collections">
<arg>${json_data['results'][0]}</arg>
<arg>${key}</arg>
<doc>Fails if ``key`` is not found from ``dictionary``.</doc>
<status status="PASS" start="2024-07-30T04:18:17.986798" elapsed="0.000393"/>
</kw>
<kw name="Log" owner="BuiltIn">
<msg time="2024-07-30T04:18:17.987732" level="INFO">{'gender': 'female', 'name': {'title': 'Ms', 'first': 'Isabella', 'last': 'Tremblay'}, 'location': {'street': {'number': 5185, 'name': 'Bay Ave'}, 'city': 'Chatham', 'state': 'Saskatchewan', 'country': 'Canada', 'postcode': 'W6J 2E4', 'coordinates': {'latitude': '-70.9371', 'longitude': '160.4572'}, 'timezone': {'offset': '+1:00', 'description': 'Brussels, Copenhagen, Madrid, Paris'}}, 'email': 'isabella.tremblay@example.com', 'login': {'uuid': '8ec7832d-b80b-4a61-abb1-2a92a2b38f84', 'username': 'beautifulcat709', 'password': 'ravens', 'salt': 'IcTNAfxS', 'md5': 'ae5efe53da185a4333c4f86d4c2b1845', 'sha1': '126e36e3adc453c50e7241131c8e912786eebd33', 'sha256': '19edf5515438903d134f2b31289523096bc06f8012b975c5138e8aba0557d1b4'}, 'dob': {'date': '1977-07-05T01:55:37.953Z', 'age': 47}, 'registered': {'date': '2005-12-04T22:41:50.787Z', 'age': 18}, 'phone': 'E61 N95-2256', 'cell': 'A55 I05-5668', 'id': {'name': 'SIN', 'value': '956138556'}, 'picture': {'large': 'https://randomuser.me/api/portraits/women/62.jpg', 'medium': 'https://randomuser.me/api/portraits/med/women/62.jpg', 'thumbnail': 'https://randomuser.me/api/portraits/thumb/women/62.jpg'}, 'nat': 'CA'}</msg>
<arg>${json_data['results'][0]}</arg>
<doc>Logs the given message with the given level.</doc>
<status status="PASS" start="2024-07-30T04:18:17.987383" elapsed="0.000398"/>
</kw>
<kw name="Log" owner="BuiltIn">
<msg time="2024-07-30T04:18:17.988211" level="INFO">location</msg>
<arg>${key}</arg>
<doc>Logs the given message with the given level.</doc>
<status status="PASS" start="2024-07-30T04:18:17.988081" elapsed="0.000169"/>
</kw>
<var name="${key}">location</var>
<status status="PASS" start="2024-07-30T04:18:17.986687" elapsed="0.001784"/>
</iter>
<iter>
<kw name="Dictionary Should Contain Key" owner="Collections">
<arg>${json_data['results'][0]}</arg>
<arg>${key}</arg>
<doc>Fails if ``key`` is not found from ``dictionary``.</doc>
<status status="PASS" start="2024-07-30T04:18:17.988808" elapsed="0.000385"/>
</kw>
<kw name="Log" owner="BuiltIn">
<msg time="2024-07-30T04:18:17.989856" level="INFO">{'gender': 'female', 'name': {'title': 'Ms', 'first': 'Isabella', 'last': 'Tremblay'}, 'location': {'street': {'number': 5185, 'name': 'Bay Ave'}, 'city': 'Chatham', 'state': 'Saskatchewan', 'country': 'Canada', 'postcode': 'W6J 2E4', 'coordinates': {'latitude': '-70.9371', 'longitude': '160.4572'}, 'timezone': {'offset': '+1:00', 'description': 'Brussels, Copenhagen, Madrid, Paris'}}, 'email': 'isabella.tremblay@example.com', 'login': {'uuid': '8ec7832d-b80b-4a61-abb1-2a92a2b38f84', 'username': 'beautifulcat709', 'password': 'ravens', 'salt': 'IcTNAfxS', 'md5': 'ae5efe53da185a4333c4f86d4c2b1845', 'sha1': '126e36e3adc453c50e7241131c8e912786eebd33', 'sha256': '19edf5515438903d134f2b31289523096bc06f8012b975c5138e8aba0557d1b4'}, 'dob': {'date': '1977-07-05T01:55:37.953Z', 'age': 47}, 'registered': {'date': '2005-12-04T22:41:50.787Z', 'age': 18}, 'phone': 'E61 N95-2256', 'cell': 'A55 I05-5668', 'id': {'name': 'SIN', 'value': '956138556'}, 'picture': {'large': 'https://randomuser.me/api/portraits/women/62.jpg', 'medium': 'https://randomuser.me/api/portraits/med/women/62.jpg', 'thumbnail': 'https://randomuser.me/api/portraits/thumb/women/62.jpg'}, 'nat': 'CA'}</msg>
<arg>${json_data['results'][0]}</arg>
<doc>Logs the given message with the given level.</doc>
<status status="PASS" start="2024-07-30T04:18:17.989499" elapsed="0.000405"/>
</kw>
<kw name="Log" owner="BuiltIn">
<msg time="2024-07-30T04:18:17.990349" level="INFO">email</msg>
<arg>${key}</arg>
<doc>Logs the given message with the given level.</doc>
<status status="PASS" start="2024-07-30T04:18:17.990206" elapsed="0.000182"/>
</kw>
<var name="${key}">email</var>
<status status="PASS" start="2024-07-30T04:18:17.988686" elapsed="0.001921"/>
</iter>
<iter>
<kw name="Dictionary Should Contain Key" owner="Collections">
<arg>${json_data['results'][0]}</arg>
<arg>${key}</arg>
<doc>Fails if ``key`` is not found from ``dictionary``.</doc>
<status status="PASS" start="2024-07-30T04:18:17.990894" elapsed="0.000379"/>
</kw>
<kw name="Log" owner="BuiltIn">
<msg time="2024-07-30T04:18:17.991825" level="INFO">{'gender': 'female', 'name': {'title': 'Ms', 'first': 'Isabella', 'last': 'Tremblay'}, 'location': {'street': {'number': 5185, 'name': 'Bay Ave'}, 'city': 'Chatham', 'state': 'Saskatchewan', 'country': 'Canada', 'postcode': 'W6J 2E4', 'coordinates': {'latitude': '-70.9371', 'longitude': '160.4572'}, 'timezone': {'offset': '+1:00', 'description': 'Brussels, Copenhagen, Madrid, Paris'}}, 'email': 'isabella.tremblay@example.com', 'login': {'uuid': '8ec7832d-b80b-4a61-abb1-2a92a2b38f84', 'username': 'beautifulcat709', 'password': 'ravens', 'salt': 'IcTNAfxS', 'md5': 'ae5efe53da185a4333c4f86d4c2b1845', 'sha1': '126e36e3adc453c50e7241131c8e912786eebd33', 'sha256': '19edf5515438903d134f2b31289523096bc06f8012b975c5138e8aba0557d1b4'}, 'dob': {'date': '1977-07-05T01:55:37.953Z', 'age': 47}, 'registered': {'date': '2005-12-04T22:41:50.787Z', 'age': 18}, 'phone': 'E61 N95-2256', 'cell': 'A55 I05-5668', 'id': {'name': 'SIN', 'value': '956138556'}, 'picture': {'large': 'https://randomuser.me/api/portraits/women/62.jpg', 'medium': 'https://randomuser.me/api/portraits/med/women/62.jpg', 'thumbnail': 'https://randomuser.me/api/portraits/thumb/women/62.jpg'}, 'nat': 'CA'}</msg>
<arg>${json_data['results'][0]}</arg>
<doc>Logs the given message with the given level.</doc>
<status status="PASS" start="2024-07-30T04:18:17.991467" elapsed="0.000405"/>
</kw>
<kw name="Log" owner="BuiltIn">
<msg time="2024-07-30T04:18:17.992301" level="INFO">login</msg>
<arg>${key}</arg>
<doc>Logs the given message with the given level.</doc>
<status status="PASS" start="2024-07-30T04:18:17.992170" elapsed="0.000170"/>
</kw>
<var name="${key}">login</var>
<status status="PASS" start="2024-07-30T04:18:17.990783" elapsed="0.001778"/>
</iter>
<var>${key}</var>
<value>@{expected_keys}</value>
<status status="PASS" start="2024-07-30T04:18:17.982288" elapsed="0.010429"/>
</for>
<kw name="Create List" owner="BuiltIn">
<msg time="2024-07-30T04:18:17.993088" level="INFO">${expected_keysTwo} = ['username', 'password']</msg>
<var>${expected_keysTwo}</var>
<arg>username</arg>
<arg>password</arg>
<doc>Returns a list containing given items.</doc>
<status status="PASS" start="2024-07-30T04:18:17.992914" elapsed="0.000200"/>
</kw>
<for flavor="IN">
<iter>
<kw name="Dictionary Should Contain Key" owner="Collections">
<arg>${json_data['results'][0]['login']}</arg>
<arg>${keyTwo}</arg>
<doc>Fails if ``key`` is not found from ``dictionary``.</doc>
<status status="PASS" start="2024-07-30T04:18:17.993625" elapsed="0.000384"/>
</kw>
<kw name="Dictionary Should Contain Key" owner="Collections">
<arg>${json_data['results'][0]['login']}</arg>
<arg>${keyTwo}</arg>
<doc>Fails if ``key`` is not found from ``dictionary``.</doc>
<status status="PASS" start="2024-07-30T04:18:17.994193" elapsed="0.000376"/>
</kw>
<kw name="Log" owner="BuiltIn">
<msg time="2024-07-30T04:18:17.994953" level="INFO">username</msg>
<arg>${keyTwo}</arg>
<doc>Logs the given message with the given level.</doc>
<status status="PASS" start="2024-07-30T04:18:17.994825" elapsed="0.000166"/>
</kw>
<var name="${keyTwo}">username</var>
<status status="PASS" start="2024-07-30T04:18:17.993516" elapsed="0.001701"/>
</iter>
<iter>
<kw name="Dictionary Should Contain Key" owner="Collections">
<arg>${json_data['results'][0]['login']}</arg>
<arg>${keyTwo}</arg>
<doc>Fails if ``key`` is not found from ``dictionary``.</doc>
<status status="PASS" start="2024-07-30T04:18:17.995504" elapsed="0.000388"/>
</kw>
<kw name="Dictionary Should Contain Key" owner="Collections">
<arg>${json_data['results'][0]['login']}</arg>
<arg>${keyTwo}</arg>
<doc>Fails if ``key`` is not found from ``dictionary``.</doc>
<status status="PASS" start="2024-07-30T04:18:17.996073" elapsed="0.000375"/>
</kw>
<kw name="Log" owner="BuiltIn">
<msg time="2024-07-30T04:18:17.996860" level="INFO">password</msg>
<arg>${keyTwo}</arg>
<doc>Logs the given message with the given level.</doc>
<status status="PASS" start="2024-07-30T04:18:17.996670" elapsed="0.000251"/>
</kw>
<var name="${keyTwo}">password</var>
<status status="PASS" start="2024-07-30T04:18:17.995391" elapsed="0.001774"/>
</iter>
<var>${keyTwo}</var>
<value>@{expected_keysTwo}</value>
<status status="PASS" start="2024-07-30T04:18:17.993358" elapsed="0.003931"/>
</for>
<status status="PASS" start="2024-07-30T04:18:17.879862" elapsed="0.117572"/>
</kw>
<doc>Testa a estrutura da resposta da API.</doc>
<tag>testeEstruturaResposta</tag>
<status status="PASS" start="2024-07-30T04:18:17.879258" elapsed="0.118332"/>
</test>
<test id="s1-s1-t4" name="Validar tipos de dados" line="28">
<kw name="Teste de Tipos de Dados" owner="random-user-service">
<kw name="GET On Session" owner="RequestsLibrary">
<msg time="2024-07-30T04:18:18.074549" level="INFO">GET Request : url=https://randomuser.me/api 
 path_url=/api 
 headers={'User-Agent': 'python-requests/2.32.3', 'Accept-Encoding': 'gzip, deflate', 'Accept': '*/*', 'Connection': 'keep-alive'} 
 body=None 
 </msg>
<msg time="2024-07-30T04:18:18.074632" level="INFO">GET Response : url=https://randomuser.me/api 
 status=200, reason=OK 
 headers={'Date': 'Tue, 30 Jul 2024 04:18:18 GMT', 'Content-Type': 'application/json; charset=utf-8', 'Transfer-Encoding': 'chunked', 'Connection': 'keep-alive', 'X-Powered-By': 'Express', 'Access-Control-Allow-Origin': '*', 'Cache-Control': 'no-cache', 'ETag': 'W/"4b6-swaJqsvsBWOJelgbmGpaUJct2s8"', 'Vary': 'Accept-Encoding', 'Content-Encoding': 'gzip', 'CF-Cache-Status': 'DYNAMIC', 'Report-To': '{"endpoints":[{"url":"https:\\/\\/a.nel.cloudflare.com\\/report\\/v4?s=elUhvbJYhiq%2F9p%2B7Uw758l%2BRXPAxeuajIJXWPjqGXhHKNjb%2BmQZ0BEO7yR9MFkCctTcgyvqwaT%2BUtcm%2Bxe7wAXlogWTsFHNucKZ1xlCtpzDN8Sd38%2BnDmhoe1AZlBrD2"}],"group":"cf-nel","max_age":604800}', 'NEL': '{"success_fraction":0,"report_to":"cf-nel","max_age":604800}', 'Server': 'cloudflare', 'CF-RAY': '8ab28b3e8e612d07-IAD', 'alt-svc': 'h3=":443"; ma=86400'} 
 body={"results":[{"gender":"female","name":{"title":"Ms","first":"Elisabete","last":"Cavalcanti"},"location":{"street":{"number":4086,"name":"Rua Vinte de Setembro"},"city":"Paulista","state":"Paraná","country":"Brazil","postcode":78063,"coordinates":{"latitude":"-77.0313","longitude":"134.8587"},"timezone":{"offset":"+11:00","description":"Magadan, Solomon Islands, New Caledonia"}},"email":"elisabete.cavalcanti@example.com","login":{"uuid":"42ff6ea8-c754-417e-b657-b4654cfdbd90","username":"heavypeacock341","password":"freak","salt":"CvqhE58x","md5":"e1127bccff1cfe81bb2fbe20b6012eab","sha1":"52fb444aeeb93ce4c3240ffe7160c9820af16d2e","sha256":"5f6a6ee6d91988b97117cf7655c28f7d4270af55c581408ded738a83699ebdd8"},"dob":{"date":"1966-08-03T07:14:11.907Z","age":57},"registered":{"date":"2009-04-06T20:31:00.096Z","age":15},"phone":"(79) 8785-0015","cell":"(46) 2116-0473","id":{"name":"CPF","value":"732.911.006-80"},"picture":{"large":"https://randomuser.me/api/portraits/women/27.jpg","medium":"https://randomuser.me/api/portraits/med/women/27.jpg","thumbnail":"https://randomuser.me/api/portraits/thumb/women/27.jpg"},"nat":"BR"}],"info":{"seed":"e2530ce051ea0d0e","results":1,"page":1,"version":"1.4"}} 
 </msg>
<msg time="2024-07-30T04:18:18.074707" level="INFO">/opt/hostedtoolcache/Python/3.12.4/x64/lib/python3.12/site-packages/urllib3/connectionpool.py:1099: InsecureRequestWarning: Unverified HTTPS request is being made to host 'randomuser.me'. Adding certificate verification is strongly advised. See: https://urllib3.readthedocs.io/en/latest/advanced-usage.html#tls-warnings
  warnings.warn(</msg>
<msg time="2024-07-30T04:18:18.074817" level="INFO">${response} = &lt;Response [200]&gt;</msg>
<var>${response}</var>
<arg>consultarAPI</arg>
<arg>/api</arg>
<doc>Sends a GET request on a previously created HTTP Session.</doc>
<status status="PASS" start="2024-07-30T04:18:18.000139" elapsed="0.074728"/>
</kw>
<kw name="Set Variable" owner="BuiltIn">
<msg time="2024-07-30T04:18:18.075988" level="INFO">${json_data} = {'results': [{'gender': 'female', 'name': {'title': 'Ms', 'first': 'Elisabete', 'last': 'Cavalcanti'}, 'location': {'street': {'number': 4086, 'name': 'Rua Vinte de Setembro'}, 'city': 'Paulista', 'st...</msg>
<var>${json_data}</var>
<arg>${response.json()}</arg>
<doc>Returns the given values which can then be assigned to a variables.</doc>
<status status="PASS" start="2024-07-30T04:18:18.075404" elapsed="0.000613"/>
</kw>
<kw name="Log" owner="BuiltIn">
<msg time="2024-07-30T04:18:18.076491" level="INFO">{'results': [{'gender': 'female', 'name': {'title': 'Ms', 'first': 'Elisabete', 'last': 'Cavalcanti'}, 'location': {'street': {'number': 4086, 'name': 'Rua Vinte de Setembro'}, 'city': 'Paulista', 'state': 'Paraná', 'country': 'Brazil', 'postcode': 78063, 'coordinates': {'latitude': '-77.0313', 'longitude': '134.8587'}, 'timezone': {'offset': '+11:00', 'description': 'Magadan, Solomon Islands, New Caledonia'}}, 'email': 'elisabete.cavalcanti@example.com', 'login': {'uuid': '42ff6ea8-c754-417e-b657-b4654cfdbd90', 'username': 'heavypeacock341', 'password': 'freak', 'salt': 'CvqhE58x', 'md5': 'e1127bccff1cfe81bb2fbe20b6012eab', 'sha1': '52fb444aeeb93ce4c3240ffe7160c9820af16d2e', 'sha256': '5f6a6ee6d91988b97117cf7655c28f7d4270af55c581408ded738a83699ebdd8'}, 'dob': {'date': '1966-08-03T07:14:11.907Z', 'age': 57}, 'registered': {'date': '2009-04-06T20:31:00.096Z', 'age': 15}, 'phone': '(79) 8785-0015', 'cell': '(46) 2116-0473', 'id': {'name': 'CPF', 'value': '732.911.006-80'}, 'picture': {'large': 'https://randomuser.me/api/portraits/women/27.jpg', 'medium': 'https://randomuser.me/api/portraits/med/women/27.jpg', 'thumbnail': 'https://randomuser.me/api/portraits/thumb/women/27.jpg'}, 'nat': 'BR'}], 'info': {'seed': 'e2530ce051ea0d0e', 'results': 1, 'page': 1, 'version': '1.4'}}</msg>
<arg>${json_data}</arg>
<doc>Logs the given message with the given level.</doc>
<status status="PASS" start="2024-07-30T04:18:18.076330" elapsed="0.000211"/>
</kw>
<kw name="Should Be String" owner="String">
<arg>${json_data['results'][0]['gender']}</arg>
<doc>Fails if the given ``item`` is not a string.</doc>
<status status="PASS" start="2024-07-30T04:18:18.076897" elapsed="0.000373"/>
</kw>
<kw name="Should Match Regexp" owner="BuiltIn">
<arg>${json_data['results'][0]['email']}</arg>
<arg>^[a-zA-Z0-9._%+-]+@[a-zA-Z0-9.-]+\.[a-zA-Z]{2,}$</arg>
<doc>Fails if ``string`` does not match ``pattern`` as a regular expression.</doc>
<status status="PASS" start="2024-07-30T04:18:18.077502" elapsed="0.000524"/>
</kw>
<kw name="Should Match Regexp" owner="BuiltIn">
<arg>${json_data['results'][0]['dob']['date']}</arg>
<arg>\\d{4}-\\d{2}-\\d{2}T\\d{2}:\\d{2}:\\d{2}\\.\\d{3}Z</arg>
<doc>Fails if ``string`` does not match ``pattern`` as a regular expression.</doc>
<status status="PASS" start="2024-07-30T04:18:18.078223" elapsed="0.000605"/>
</kw>
<kw name="Should Match Regexp" owner="BuiltIn">
<arg>${json_data['results'][0]['registered']['date']}</arg>
<arg>\\d{4}-\\d{2}-\\d{2}T\\d{2}:\\d{2}:\\d{2}\\.\\d{3}Z</arg>
<doc>Fails if ``string`` does not match ``pattern`` as a regular expression.</doc>
<status status="PASS" start="2024-07-30T04:18:18.079024" elapsed="0.000373"/>
</kw>
<kw name="Should Match Regexp" owner="BuiltIn">
<arg>${json_data['results'][0]['picture']['large']}</arg>
<arg>^https?://.*\.(?:png|jpe?g|gif|bmp)$</arg>
<doc>Fails if ``string`` does not match ``pattern`` as a regular expression.</doc>
<status status="PASS" start="2024-07-30T04:18:18.079584" elapsed="0.000460"/>
</kw>
<kw name="Should Match Regexp" owner="BuiltIn">
<arg>${json_data['results'][0]['picture']['medium']}</arg>
<arg>^https?://.*\.(?:png|jpe?g|gif|bmp)$</arg>
<doc>Fails if ``string`` does not match ``pattern`` as a regular expression.</doc>
<status status="PASS" start="2024-07-30T04:18:18.080231" elapsed="0.000354"/>
</kw>
<kw name="Should Match Regexp" owner="BuiltIn">
<arg>${json_data['results'][0]['picture']['thumbnail']}</arg>
<arg>^https?://.*\.(?:png|jpe?g|gif|bmp)$</arg>
<doc>Fails if ``string`` does not match ``pattern`` as a regular expression.</doc>
<status status="PASS" start="2024-07-30T04:18:18.080802" elapsed="0.000357"/>
</kw>
<kw name="Log" owner="BuiltIn">
<msg time="2024-07-30T04:18:18.081662" level="INFO">{'large': 'https://randomuser.me/api/portraits/women/27.jpg', 'medium': 'https://randomuser.me/api/portraits/med/women/27.jpg', 'thumbnail': 'https://randomuser.me/api/portraits/thumb/women/27.jpg'}</msg>
<arg>${json_data['results'][0]['picture']}</arg>
<doc>Logs the given message with the given level.</doc>
<status status="PASS" start="2024-07-30T04:18:18.081339" elapsed="0.000369"/>
</kw>
<status status="PASS" start="2024-07-30T04:18:17.999909" elapsed="0.082060"/>
</kw>
<kw name="Teste de Tipos de Dados - Postcode" owner="random-user-service">
<kw name="GET On Session" owner="RequestsLibrary">
<msg time="2024-07-30T04:18:18.179032" level="INFO">GET Request : url=https://randomuser.me/api 
 path_url=/api 
 headers={'User-Agent': 'python-requests/2.32.3', 'Accept-Encoding': 'gzip, deflate', 'Accept': '*/*', 'Connection': 'keep-alive'} 
 body=None 
 </msg>
<msg time="2024-07-30T04:18:18.179124" level="INFO">GET Response : url=https://randomuser.me/api 
 status=200, reason=OK 
 headers={'Date': 'Tue, 30 Jul 2024 04:18:18 GMT', 'Content-Type': 'application/json; charset=utf-8', 'Transfer-Encoding': 'chunked', 'Connection': 'keep-alive', 'X-Powered-By': 'Express', 'Access-Control-Allow-Origin': '*', 'Cache-Control': 'no-cache', 'ETag': 'W/"480-jmVIuvAFsCNjW+/1dH8BRGAh434"', 'Vary': 'Accept-Encoding', 'Content-Encoding': 'gzip', 'CF-Cache-Status': 'DYNAMIC', 'Report-To': '{"endpoints":[{"url":"https:\\/\\/a.nel.cloudflare.com\\/report\\/v4?s=arV6qQ9AuYfuwd%2BjYDDlJ3kbdaH6iKTCwYC2oc4LlLhBVtXJZyug1Yi%2BrmSSbi57oKcReb2pSsEmOsxlJEJFXL4XRGltLe0BXwZfQbBKG9H96YX%2FwdUSwosY%2FFpm0Km3"}],"group":"cf-nel","max_age":604800}', 'NEL': '{"success_fraction":0,"report_to":"cf-nel","max_age":604800}', 'Server': 'cloudflare', 'CF-RAY': '8ab28b3f0eb82d07-IAD', 'alt-svc': 'h3=":443"; ma=86400'} 
 body={"results":[{"gender":"male","name":{"title":"Mr","first":"Radomir","last":"Vidić"},"location":{"street":{"number":1728,"name":"Koprivnička"},"city":"Nova Varoš","state":"Kosovo","country":"Serbia","postcode":68987,"coordinates":{"latitude":"63.3954","longitude":"-157.9093"},"timezone":{"offset":"-8:00","description":"Pacific Time (US &amp; Canada)"}},"email":"radomir.vidic@example.com","login":{"uuid":"ae22683a-65a9-41f4-8d17-feaf752bd15f","username":"bigladybug986","password":"sssss","salt":"xvNLh7qa","md5":"0c5588814d430e34ddc46623c0a0cc77","sha1":"5f5f13ed9cd264a17723e7646a1263dd433ccc9c","sha256":"117bae6d875289abfbb37c67f90a3ae0f4a02dddb9c0f71ff70266accca1417d"},"dob":{"date":"1996-05-26T22:02:45.145Z","age":28},"registered":{"date":"2016-01-22T18:45:18.350Z","age":8},"phone":"023-1681-399","cell":"066-9140-005","id":{"name":"SID","value":"293113442"},"picture":{"large":"https://randomuser.me/api/portraits/men/95.jpg","medium":"https://randomuser.me/api/portraits/med/men/95.jpg","thumbnail":"https://randomuser.me/api/portraits/thumb/men/95.jpg"},"nat":"RS"}],"info":{"seed":"f4ff4e9db4c89bbc","results":1,"page":1,"version":"1.4"}} 
 </msg>
<msg time="2024-07-30T04:18:18.179211" level="INFO">/opt/hostedtoolcache/Python/3.12.4/x64/lib/python3.12/site-packages/urllib3/connectionpool.py:1099: InsecureRequestWarning: Unverified HTTPS request is being made to host 'randomuser.me'. Adding certificate verification is strongly advised. See: https://urllib3.readthedocs.io/en/latest/advanced-usage.html#tls-warnings
  warnings.warn(</msg>
<msg time="2024-07-30T04:18:18.179332" level="INFO">${response} = &lt;Response [200]&gt;</msg>
<var>${response}</var>
<arg>consultarAPI</arg>
<arg>/api</arg>
<doc>Sends a GET request on a previously created HTTP Session.</doc>
<status status="PASS" start="2024-07-30T04:18:18.082413" elapsed="0.096969"/>
</kw>
<kw name="Set Variable" owner="BuiltIn">
<msg time="2024-07-30T04:18:18.180531" level="INFO">${json_data} = {'results': [{'gender': 'male', 'name': {'title': 'Mr', 'first': 'Radomir', 'last': 'Vidić'}, 'location': {'street': {'number': 1728, 'name': 'Koprivnička'}, 'city': 'Nova Varoš', 'state': 'Kosovo', '...</msg>
<var>${json_data}</var>
<arg>${response.json()}</arg>
<doc>Returns the given values which can then be assigned to a variables.</doc>
<status status="PASS" start="2024-07-30T04:18:18.179951" elapsed="0.000611"/>
</kw>
<kw name="Log" owner="BuiltIn">
<msg time="2024-07-30T04:18:18.181141" level="INFO">{'results': [{'gender': 'male', 'name': {'title': 'Mr', 'first': 'Radomir', 'last': 'Vidić'}, 'location': {'street': {'number': 1728, 'name': 'Koprivnička'}, 'city': 'Nova Varoš', 'state': 'Kosovo', 'country': 'Serbia', 'postcode': 68987, 'coordinates': {'latitude': '63.3954', 'longitude': '-157.9093'}, 'timezone': {'offset': '-8:00', 'description': 'Pacific Time (US &amp; Canada)'}}, 'email': 'radomir.vidic@example.com', 'login': {'uuid': 'ae22683a-65a9-41f4-8d17-feaf752bd15f', 'username': 'bigladybug986', 'password': 'sssss', 'salt': 'xvNLh7qa', 'md5': '0c5588814d430e34ddc46623c0a0cc77', 'sha1': '5f5f13ed9cd264a17723e7646a1263dd433ccc9c', 'sha256': '117bae6d875289abfbb37c67f90a3ae0f4a02dddb9c0f71ff70266accca1417d'}, 'dob': {'date': '1996-05-26T22:02:45.145Z', 'age': 28}, 'registered': {'date': '2016-01-22T18:45:18.350Z', 'age': 8}, 'phone': '023-1681-399', 'cell': '066-9140-005', 'id': {'name': 'SID', 'value': '293113442'}, 'picture': {'large': 'https://randomuser.me/api/portraits/men/95.jpg', 'medium': 'https://randomuser.me/api/portraits/med/men/95.jpg', 'thumbnail': 'https://randomuser.me/api/portraits/thumb/men/95.jpg'}, 'nat': 'RS'}], 'info': {'seed': 'f4ff4e9db4c89bbc', 'results': 1, 'page': 1, 'version': '1.4'}}</msg>
<arg>${json_data}</arg>
<doc>Logs the given message with the given level.</doc>
<status status="PASS" start="2024-07-30T04:18:18.180956" elapsed="0.000240"/>
</kw>
<kw name="Should Be Equal As Numbers" owner="BuiltIn">
<arg>${json_data['results'][0]['location']['postcode']}</arg>
<arg>${json_data['results'][0]['location']['postcode']}</arg>
<doc>Fails if objects are unequal after converting them to real numbers.</doc>
<status status="PASS" start="2024-07-30T04:18:18.181506" elapsed="0.000640"/>
</kw>
<kw name="Log" owner="BuiltIn">
<msg time="2024-07-30T04:18:18.182740" level="INFO">68987</msg>
<arg>${json_data['results'][0]['location']['postcode']}</arg>
<doc>Logs the given message with the given level.</doc>
<status status="PASS" start="2024-07-30T04:18:18.182358" elapsed="0.000424"/>
</kw>
<status status="PASS" start="2024-07-30T04:18:18.082188" elapsed="0.100866"/>
</kw>
<doc>Testa se os tipos de dados na resposta da API estão corretos.</doc>
<tag>testeTiposDados</tag>
<status status="PASS" start="2024-07-30T04:18:17.999338" elapsed="0.183924"/>
</test>
<test id="s1-s1-t5" name="Validar conteudo" line="35">
<kw name="Teste de Tipos de Conteudo" owner="random-user-service">
<kw name="GET On Session" owner="RequestsLibrary">
<msg time="2024-07-30T04:18:18.275510" level="INFO">GET Request : url=https://randomuser.me/api 
 path_url=/api 
 headers={'User-Agent': 'python-requests/2.32.3', 'Accept-Encoding': 'gzip, deflate', 'Accept': '*/*', 'Connection': 'keep-alive'} 
 body=None 
 </msg>
<msg time="2024-07-30T04:18:18.275620" level="INFO">GET Response : url=https://randomuser.me/api 
 status=200, reason=OK 
 headers={'Date': 'Tue, 30 Jul 2024 04:18:18 GMT', 'Content-Type': 'application/json; charset=utf-8', 'Transfer-Encoding': 'chunked', 'Connection': 'keep-alive', 'X-Powered-By': 'Express', 'Access-Control-Allow-Origin': '*', 'Cache-Control': 'no-cache', 'ETag': 'W/"4a5-wKhyR8gZxifiSeXBMMey5288Lfs"', 'Vary': 'Accept-Encoding', 'Content-Encoding': 'gzip', 'CF-Cache-Status': 'DYNAMIC', 'Report-To': '{"endpoints":[{"url":"https:\\/\\/a.nel.cloudflare.com\\/report\\/v4?s=Uk8NWY8eRVPdqVHPS8nCUktGXCqjPdGxrxxL10V%2FnuEJhDATYoaKTGclA2vf%2F0QM5AAwu%2Faf9gz7%2FarCMgl8yAPxk31Ce7gWIN1EqpnyGgoPp%2FRveHGePxNbIDS5gmO1"}],"group":"cf-nel","max_age":604800}', 'NEL': '{"success_fraction":0,"report_to":"cf-nel","max_age":604800}', 'Server': 'cloudflare', 'CF-RAY': '8ab28b3faf4f2d07-IAD', 'alt-svc': 'h3=":443"; ma=86400'} 
 body={"results":[{"gender":"female","name":{"title":"Ms","first":"Noufissa","last":"De Baar"},"location":{"street":{"number":2915,"name":"Kangoeroepad"},"city":"Merum","state":"Noord-Brabant","country":"Netherlands","postcode":"3205 ON","coordinates":{"latitude":"34.8640","longitude":"96.2354"},"timezone":{"offset":"+11:00","description":"Magadan, Solomon Islands, New Caledonia"}},"email":"noufissa.debaar@example.com","login":{"uuid":"b2ff4e88-3a26-445e-991e-4bc22003cda4","username":"whitefish772","password":"addison","salt":"Oiyrt3KL","md5":"9e3918f1f6a4ed022e674e4011c5fe52","sha1":"121a416cbe9a7319b355c362d2863c969af6ed10","sha256":"96f636c05f437f8d36313c4c555a16ac1a0e919b1197453f7e25c0331ccbc8b3"},"dob":{"date":"1988-10-24T03:55:40.868Z","age":35},"registered":{"date":"2005-05-02T23:38:09.576Z","age":19},"phone":"(0459) 975198","cell":"(06) 95282675","id":{"name":"BSN","value":"48453159"},"picture":{"large":"https://randomuser.me/api/portraits/women/12.jpg","medium":"https://randomuser.me/api/portraits/med/women/12.jpg","thumbnail":"https://randomuser.me/api/portraits/thumb/women/12.jpg"},"nat":"NL"}],"info":{"seed":"2a827b097730c683","results":1,"page":1,"version":"1.4"}} 
 </msg>
<msg time="2024-07-30T04:18:18.275699" level="INFO">/opt/hostedtoolcache/Python/3.12.4/x64/lib/python3.12/site-packages/urllib3/connectionpool.py:1099: InsecureRequestWarning: Unverified HTTPS request is being made to host 'randomuser.me'. Adding certificate verification is strongly advised. See: https://urllib3.readthedocs.io/en/latest/advanced-usage.html#tls-warnings
  warnings.warn(</msg>
<msg time="2024-07-30T04:18:18.275835" level="INFO">${response} = &lt;Response [200]&gt;</msg>
<var>${response}</var>
<arg>consultarAPI</arg>
<arg>/api</arg>
<doc>Sends a GET request on a previously created HTTP Session.</doc>
<status status="PASS" start="2024-07-30T04:18:18.185908" elapsed="0.089977"/>
</kw>
<kw name="Set Variable" owner="BuiltIn">
<msg time="2024-07-30T04:18:18.277084" level="INFO">${json_data} = {'results': [{'gender': 'female', 'name': {'title': 'Ms', 'first': 'Noufissa', 'last': 'De Baar'}, 'location': {'street': {'number': 2915, 'name': 'Kangoeroepad'}, 'city': 'Merum', 'state': 'Noord-Bra...</msg>
<var>${json_data}</var>
<arg>${response.json()}</arg>
<doc>Returns the given values which can then be assigned to a variables.</doc>
<status status="PASS" start="2024-07-30T04:18:18.276483" elapsed="0.000638"/>
</kw>
<kw name="Set Variable" owner="BuiltIn">
<msg time="2024-07-30T04:18:18.277819" level="INFO">${name_title} = Ms</msg>
<var>${name_title}</var>
<arg>${json_data["results"][0]["name"]["title"]}</arg>
<doc>Returns the given values which can then be assigned to a variables.</doc>
<status status="PASS" start="2024-07-30T04:18:18.277439" elapsed="0.000407"/>
</kw>
<kw name="Create List" owner="BuiltIn">
<msg time="2024-07-30T04:18:18.278294" level="INFO">${allowed_titles} = ['Mr', 'Ms', 'Miss', 'Mrs', 'Madame', 'Monsieur']</msg>
<var>${allowed_titles}</var>
<arg>Mr</arg>
<arg>Ms</arg>
<arg>Miss</arg>
<arg>Mrs</arg>
<arg>Madame</arg>
<arg>Monsieur</arg>
<doc>Returns a list containing given items.</doc>
<status status="PASS" start="2024-07-30T04:18:18.278142" elapsed="0.000177"/>
</kw>
<kw name="List Should Contain Value" owner="Collections">
<arg>${allowed_titles}</arg>
<arg>${name_title}</arg>
<doc>Fails if the ``value`` is not found from ``list``.</doc>
<status status="PASS" start="2024-07-30T04:18:18.278622" elapsed="0.000189"/>
</kw>
<kw name="Set Variable" owner="BuiltIn">
<msg time="2024-07-30T04:18:18.279369" level="INFO">${name_country} = NL</msg>
<var>${name_country}</var>
<arg>${json_data["results"][0]["nat"]}</arg>
<doc>Returns the given values which can then be assigned to a variables.</doc>
<status status="PASS" start="2024-07-30T04:18:18.278992" elapsed="0.000402"/>
</kw>
<kw name="Create List" owner="BuiltIn">
<msg time="2024-07-30T04:18:18.280280" level="INFO">${list_country} = ['AD', 'AE', 'AF', 'AG', 'AI', 'AL', 'AM', 'AO', 'AQ', 'AR', 'AS', 'AT', 'AU', 'AW', 'AX', 'AZ', 'BA', 'BB', 'BD', 'BE', 'BF', 'BG', 'BH', 'BI', 'BJ', 'BL', 'BM', 'BN', 'BO', 'BQ', 'BR', 'BS', 'BT', '...</msg>
<var>${list_country}</var>
<arg>AD</arg>
<arg>AE</arg>
<arg>AF</arg>
<arg>AG</arg>
<arg>AI</arg>
<arg>AL</arg>
<arg>AM</arg>
<arg>AO</arg>
<arg>AQ</arg>
<arg>AR</arg>
<arg>AS</arg>
<arg>AT</arg>
<arg>AU</arg>
<arg>AW</arg>
<arg>AX</arg>
<arg>AZ</arg>
<arg>BA</arg>
<arg>BB</arg>
<arg>BD</arg>
<arg>BE</arg>
<arg>BF</arg>
<arg>BG</arg>
<arg>BH</arg>
<arg>BI</arg>
<arg>BJ</arg>
<arg>BL</arg>
<arg>BM</arg>
<arg>BN</arg>
<arg>BO</arg>
<arg>BQ</arg>
<arg>BR</arg>
<arg>BS</arg>
<arg>BT</arg>
<arg>BV</arg>
<arg>BW</arg>
<arg>BY</arg>
<arg>BZ</arg>
<arg>CA</arg>
<arg>CC</arg>
<arg>CD</arg>
<arg>CF</arg>
<arg>CG</arg>
<arg>CH</arg>
<arg>CI</arg>
<arg>CK</arg>
<arg>CL</arg>
<arg>CM</arg>
<arg>CN</arg>
<arg>CO</arg>
<arg>CR</arg>
<arg>CU</arg>
<arg>CV</arg>
<arg>CW</arg>
<arg>CX</arg>
<arg>CY</arg>
<arg>CZ</arg>
<arg>DE</arg>
<arg>DJ</arg>
<arg>DK</arg>
<arg>DM</arg>
<arg>DO</arg>
<arg>DZ</arg>
<arg>EC</arg>
<arg>EE</arg>
<arg>EG</arg>
<arg>EH</arg>
<arg>ER</arg>
<arg>ES</arg>
<arg>ET</arg>
<arg>FI</arg>
<arg>FJ</arg>
<arg>FK</arg>
<arg>FM</arg>
<arg>FO</arg>
<arg>FR</arg>
<arg>GA</arg>
<arg>GB</arg>
<arg>GD</arg>
<arg>GE</arg>
<arg>GF</arg>
<arg>GG</arg>
<arg>GH</arg>
<arg>GI</arg>
<arg>GL</arg>
<arg>GM</arg>
<arg>GN</arg>
<arg>GP</arg>
<arg>GQ</arg>
<arg>GR</arg>
<arg>GS</arg>
<arg>GT</arg>
<arg>GU</arg>
<arg>GW</arg>
<arg>GY</arg>
<arg>HK</arg>
<arg>HM</arg>
<arg>HN</arg>
<arg>HR</arg>
<arg>HT</arg>
<arg>HU</arg>
<arg>ID</arg>
<arg>IE</arg>
<arg>IL</arg>
<arg>IM</arg>
<arg>IN</arg>
<arg>IO</arg>
<arg>IQ</arg>
<arg>IR</arg>
<arg>IS</arg>
<arg>IT</arg>
<arg>JE</arg>
<arg>JM</arg>
<arg>JO</arg>
<arg>JP</arg>
<arg>KE</arg>
<arg>KG</arg>
<arg>KH</arg>
<arg>KI</arg>
<arg>KM</arg>
<arg>KN</arg>
<arg>KP</arg>
<arg>KR</arg>
<arg>KW</arg>
<arg>KY</arg>
<arg>KZ</arg>
<arg>LA</arg>
<arg>LB</arg>
<arg>LC</arg>
<arg>LI</arg>
<arg>LK</arg>
<arg>LR</arg>
<arg>LS</arg>
<arg>LT</arg>
<arg>LU</arg>
<arg>LV</arg>
<arg>LY</arg>
<arg>MA</arg>
<arg>MC</arg>
<arg>MD</arg>
<arg>ME</arg>
<arg>MF</arg>
<arg>MG</arg>
<arg>MH</arg>
<arg>MK</arg>
<arg>ML</arg>
<arg>MM</arg>
<arg>MN</arg>
<arg>MO</arg>
<arg>MP</arg>
<arg>MQ</arg>
<arg>MR</arg>
<arg>MS</arg>
<arg>MT</arg>
<arg>MU</arg>
<arg>MV</arg>
<arg>MW</arg>
<arg>MX</arg>
<arg>MY</arg>
<arg>MZ</arg>
<arg>NA</arg>
<arg>NC</arg>
<arg>NE</arg>
<arg>NF</arg>
<arg>NG</arg>
<arg>NI</arg>
<arg>NL</arg>
<arg>NO</arg>
<arg>NP</arg>
<arg>NR</arg>
<arg>NU</arg>
<arg>NZ</arg>
<arg>OM</arg>
<arg>PA</arg>
<arg>PE</arg>
<arg>PF</arg>
<arg>PG</arg>
<arg>PH</arg>
<arg>PK</arg>
<arg>PL</arg>
<arg>PM</arg>
<arg>PN</arg>
<arg>PR</arg>
<arg>PS</arg>
<arg>PT</arg>
<arg>PW</arg>
<arg>PY</arg>
<arg>QA</arg>
<arg>RE</arg>
<arg>RO</arg>
<arg>RS</arg>
<arg>RU</arg>
<arg>RW</arg>
<arg>SA</arg>
<arg>SB</arg>
<arg>SC</arg>
<arg>SD</arg>
<arg>SE</arg>
<arg>SG</arg>
<arg>SH</arg>
<arg>SI</arg>
<arg>SJ</arg>
<arg>SK</arg>
<arg>SL</arg>
<arg>SM</arg>
<arg>SN</arg>
<arg>SO</arg>
<arg>SR</arg>
<arg>SS</arg>
<arg>ST</arg>
<arg>SV</arg>
<arg>SX</arg>
<arg>SY</arg>
<arg>SZ</arg>
<arg>TC</arg>
<arg>TD</arg>
<arg>TF</arg>
<arg>TG</arg>
<arg>TH</arg>
<arg>TJ</arg>
<arg>TK</arg>
<arg>TL</arg>
<arg>TM</arg>
<arg>TN</arg>
<arg>TO</arg>
<arg>TR</arg>
<arg>TT</arg>
<arg>TV</arg>
<arg>TW</arg>
<arg>TZ</arg>
<arg>UA</arg>
<arg>UG</arg>
<arg>UM</arg>
<arg>US</arg>
<arg>UY</arg>
<arg>UZ</arg>
<arg>VA</arg>
<arg>VC</arg>
<arg>VE</arg>
<arg>VG</arg>
<arg>VI</arg>
<arg>VN</arg>
<arg>VU</arg>
<arg>WF</arg>
<arg>WS</arg>
<arg>XK</arg>
<arg>YE</arg>
<arg>YT</arg>
<arg>ZA</arg>
<arg>ZM</arg>
<arg>ZW</arg>
<doc>Returns a list containing given items.</doc>
<status status="PASS" start="2024-07-30T04:18:18.279684" elapsed="0.000622"/>
</kw>
<kw name="List Should Contain Value" owner="Collections">
<arg>${list_country}</arg>
<arg>${name_country}</arg>
<doc>Fails if the ``value`` is not found from ``list``.</doc>
<status status="PASS" start="2024-07-30T04:18:18.281320" elapsed="0.000212"/>
</kw>
<kw name="Run Keyword If" owner="BuiltIn">
<kw name="Should Be True" owner="BuiltIn">
<arg>${True}</arg>
<doc>Fails if the given condition is not true.</doc>
<status status="PASS" start="2024-07-30T04:18:18.282480" elapsed="0.000142"/>
</kw>
<arg>${json_data["results"][0]["location"]["coordinates"]["latitude"]} &gt;= -90 and ${json_data["results"][0]["location"]["coordinates"]["latitude"]} &lt;= 90</arg>
<arg>Should Be True</arg>
<arg>${True}</arg>
<doc>Runs the given keyword with the given arguments, if ``condition`` is true.</doc>
<status status="PASS" start="2024-07-30T04:18:18.281734" elapsed="0.001013"/>
</kw>
<kw name="Run Keyword If" owner="BuiltIn">
<kw name="Should Be True" owner="BuiltIn">
<arg>${True}</arg>
<doc>Fails if the given condition is not true.</doc>
<status status="PASS" start="2024-07-30T04:18:18.283625" elapsed="0.000138"/>
</kw>
<arg>${json_data["results"][0]["location"]["coordinates"]["longitude"]} &gt;= -180 and ${json_data["results"][0]["location"]["coordinates"]["longitude"]} &lt;= 180</arg>
<arg>Should Be True</arg>
<arg>${True}</arg>
<doc>Runs the given keyword with the given arguments, if ``condition`` is true.</doc>
<status status="PASS" start="2024-07-30T04:18:18.282928" elapsed="0.000960"/>
</kw>
<status status="PASS" start="2024-07-30T04:18:18.185679" elapsed="0.098342"/>
</kw>
<doc>Testa o conteúdo específico dos campos retornados pela API.</doc>
<tag>testeConteudo</tag>
<status status="PASS" start="2024-07-30T04:18:18.185127" elapsed="0.099047"/>
</test>
<status status="PASS" start="2024-07-30T04:18:17.342883" elapsed="0.943313"/>
</suite>
<status status="PASS" start="2024-07-30T04:18:17.327049" elapsed="0.969480"/>
</suite>
<statistics>
<total>
<stat pass="5" fail="0" skip="0">All Tests</stat>
</total>
<tag>
<stat pass="1" fail="0" skip="0">testeConteudo</stat>
<stat pass="1" fail="0" skip="0">testeEstruturaResposta</stat>
<stat pass="1" fail="0" skip="0">testeRequisicaoBasica</stat>
<stat pass="1" fail="0" skip="0">testeTiposDados</stat>
</tag>
<suite>
<stat pass="5" fail="0" skip="0" id="s1" name="Tests">Tests</stat>
<stat pass="5" fail="0" skip="0" id="s1-s1" name="Random-User-Test">Tests.Random-User-Test</stat>
</suite>
</statistics>
<errors>
</errors>
</robot>
