<?xml version="1.0" encoding="UTF-8"?>
<robot generator="Robot 7.0.1 (Python 3.12.3 on linux)" generated="2024-06-13T05:15:48.007904" rpa="false" schemaversion="5">
<suite id="s1" name="Tests" source="/home/runner/work/ApiRandomUser/ApiRandomUser/RamdonUser/tests">
<suite id="s1-s1" name="Random-User-Test" source="/home/runner/work/ApiRandomUser/ApiRandomUser/RamdonUser/tests/random-user-test.robot">
<test id="s1-s1-t1" name="Conectar" line="13">
<kw name="Conectar API" owner="random-user-service">
<kw name="Create Session" owner="RequestsLibrary">
<msg time="2024-06-13T05:15:48.433880" level="INFO">Creating Session using : alias=consultarAPI, url=https://randomuser.me/, headers={},                     cookies={}, auth=None, timeout=None, proxies=None, verify=False,                     debug=0 </msg>
<arg>consultarAPI</arg>
<arg>${URL}</arg>
<doc>Create Session: create a HTTP session to a server</doc>
<status status="PASS" start="2024-06-13T05:15:48.433684" elapsed="0.000375"/>
</kw>
<status status="PASS" start="2024-06-13T05:15:48.432729" elapsed="0.001683"/>
</kw>
<status status="PASS" start="2024-06-13T05:15:48.432211" elapsed="0.002397"/>
</test>
<test id="s1-s1-t2" name="Validar retorno 200 e JSON Válido" line="16">
<kw name="Teste de Requisicao Basica" owner="random-user-service">
<kw name="GET On Session" owner="RequestsLibrary">
<msg time="2024-06-13T05:15:48.639460" level="INFO">GET Request : url=https://randomuser.me/api 
 path_url=/api 
 headers={'User-Agent': 'python-requests/2.32.3', 'Accept-Encoding': 'gzip, deflate', 'Accept': '*/*', 'Connection': 'keep-alive'} 
 body=None 
 </msg>
<msg time="2024-06-13T05:15:48.639582" level="INFO">GET Response : url=https://randomuser.me/api 
 status=200, reason=OK 
 headers={'Date': 'Thu, 13 Jun 2024 05:15:48 GMT', 'Content-Type': 'application/json; charset=utf-8', 'Transfer-Encoding': 'chunked', 'Connection': 'keep-alive', 'X-Powered-By': 'Express', 'Access-Control-Allow-Origin': '*', 'Cache-Control': 'no-cache', 'ETag': 'W/"475-B8Y9Bv2E8kp5FV1xKysOKJrI8x8"', 'Vary': 'Accept-Encoding', 'Content-Encoding': 'gzip', 'CF-Cache-Status': 'DYNAMIC', 'Report-To': '{"endpoints":[{"url":"https:\\/\\/a.nel.cloudflare.com\\/report\\/v4?s=UOYIlxrTN85Gei%2Fg4yRxGKmM%2B6OWVR4q2DdcN8nBxwORsMv1pUIDWeBW4YaTqSE0IXB5T2T6TMYUr64v%2BQv9q%2FQCNQ8sf6brg4O%2FyU0COdPc1SiRXN4T6YfFdwS5uooU"}],"group":"cf-nel","max_age":604800}', 'NEL': '{"success_fraction":0,"report_to":"cf-nel","max_age":604800}', 'Server': 'cloudflare', 'CF-RAY': '892f9adcabdc2063-IAD', 'alt-svc': 'h3=":443"; ma=86400'} 
 body={"results":[{"gender":"female","name":{"title":"Mrs","first":"Violetta","last":"Levkivski"},"location":{"street":{"number":6983,"name":"Kovaleva"},"city":"Dolinska","state":"Kirovogradska","country":"Ukraine","postcode":66187,"coordinates":{"latitude":"76.0636","longitude":"54.7760"},"timezone":{"offset":"+4:30","description":"Kabul"}},"email":"violetta.levkivski@example.com","login":{"uuid":"276ab646-907c-434f-ad7c-596a884031f3","username":"smallgoose621","password":"java","salt":"cEWnp862","md5":"f36dfccf7348881405c9d9060a6b87e5","sha1":"a5c9527fd0902abc7dca91357b00fc35d9e7c279","sha256":"6d5cce32cb0db09b2c19bcf4b316dadc23339e9bef8a1e40fae8212283e705dc"},"dob":{"date":"1968-04-22T19:09:35.429Z","age":56},"registered":{"date":"2015-04-06T06:45:40.454Z","age":9},"phone":"(096) G01-0923","cell":"(067) J86-8847","id":{"name":"","value":null},"picture":{"large":"https://randomuser.me/api/portraits/women/51.jpg","medium":"https://randomuser.me/api/portraits/med/women/51.jpg","thumbnail":"https://randomuser.me/api/portraits/thumb/women/51.jpg"},"nat":"UA"}],"info":{"seed":"3f1ca3c6b4729581","results":1,"page":1,"version":"1.4"}} 
 </msg>
<msg time="2024-06-13T05:15:48.639654" level="INFO">/opt/hostedtoolcache/Python/3.12.3/x64/lib/python3.12/site-packages/urllib3/connectionpool.py:1103: InsecureRequestWarning: Unverified HTTPS request is being made to host 'randomuser.me'. Adding certificate verification is strongly advised. See: https://urllib3.readthedocs.io/en/latest/advanced-usage.html#tls-warnings
  warnings.warn(</msg>
<msg time="2024-06-13T05:15:48.639771" level="INFO">${response} = &lt;Response [200]&gt;</msg>
<var>${response}</var>
<arg>consultarAPI</arg>
<arg>/api</arg>
<doc>Sends a GET request on a previously created HTTP Session.</doc>
<status status="PASS" start="2024-06-13T05:15:48.437202" elapsed="0.202608"/>
</kw>
<kw name="Should Be Equal As Numbers" owner="BuiltIn">
<msg time="2024-06-13T05:15:48.640728" level="INFO">Argument types are:
&lt;class 'int'&gt;
&lt;class 'str'&gt;</msg>
<arg>${response.status_code}</arg>
<arg>200</arg>
<doc>Fails if objects are unequal after converting them to real numbers.</doc>
<status status="PASS" start="2024-06-13T05:15:48.640303" elapsed="0.000492"/>
</kw>
<kw name="Log" owner="BuiltIn">
<msg time="2024-06-13T05:15:48.641502" level="INFO">200</msg>
<arg>${response.status_code}</arg>
<doc>Logs the given message with the given level.</doc>
<status status="PASS" start="2024-06-13T05:15:48.641141" elapsed="0.000409"/>
</kw>
<kw name="Set Variable" owner="BuiltIn">
<msg time="2024-06-13T05:15:48.642298" level="INFO">${json_data} = {'results': [{'gender': 'female', 'name': {'title': 'Mrs', 'first': 'Violetta', 'last': 'Levkivski'}, 'location': {'street': {'number': 6983, 'name': 'Kovaleva'}, 'city': 'Dolinska', 'state': 'Kirovog...</msg>
<var>${json_data}</var>
<arg>${response.json()}</arg>
<doc>Returns the given values which can then be assigned to a variables.</doc>
<status status="PASS" start="2024-06-13T05:15:48.641863" elapsed="0.000465"/>
</kw>
<kw name="Dictionary Should Contain Key" owner="Collections">
<arg>${json_data}</arg>
<arg>results</arg>
<doc>Fails if ``key`` is not found from ``dictionary``.</doc>
<status status="PASS" start="2024-06-13T05:15:48.642632" elapsed="0.000164"/>
</kw>
<status status="PASS" start="2024-06-13T05:15:48.436962" elapsed="0.205984"/>
</kw>
<doc>Testa se a API responde corretamente e retorna um objeto JSON válido.</doc>
<tag>testeRequisicaoBasica</tag>
<status status="PASS" start="2024-06-13T05:15:48.436510" elapsed="0.206605"/>
</test>
<test id="s1-s1-t3" name="Validar estrutura de resposta" line="22">
<kw name="Teste de Estrutura de Resposta" owner="random-user-service">
<kw name="GET On Session" owner="RequestsLibrary">
<msg time="2024-06-13T05:15:48.729704" level="INFO">GET Request : url=https://randomuser.me/api 
 path_url=/api 
 headers={'User-Agent': 'python-requests/2.32.3', 'Accept-Encoding': 'gzip, deflate', 'Accept': '*/*', 'Connection': 'keep-alive'} 
 body=None 
 </msg>
<msg time="2024-06-13T05:15:48.729784" level="INFO">GET Response : url=https://randomuser.me/api 
 status=200, reason=OK 
 headers={'Date': 'Thu, 13 Jun 2024 05:15:48 GMT', 'Content-Type': 'application/json; charset=utf-8', 'Transfer-Encoding': 'chunked', 'Connection': 'keep-alive', 'X-Powered-By': 'Express', 'Access-Control-Allow-Origin': '*', 'Cache-Control': 'no-cache', 'ETag': 'W/"484-Fl1JUjv2eYAJGFZZEq106civ380"', 'Vary': 'Accept-Encoding', 'Content-Encoding': 'gzip', 'CF-Cache-Status': 'DYNAMIC', 'Report-To': '{"endpoints":[{"url":"https:\\/\\/a.nel.cloudflare.com\\/report\\/v4?s=wlfA46AKD25TkqaI3OBOcAXBCtE6GiagUjAl%2B%2FrIunntPsM3aDjSRzi%2BL%2F8Mj%2FWAQNwfWLoPQYox%2Bo2oINAHojJ2O0meKmJRPl%2FDBEGB9oDJIdvwe36M1LKbhx0sHLcI"}],"group":"cf-nel","max_age":604800}', 'NEL': '{"success_fraction":0,"report_to":"cf-nel","max_age":604800}', 'Server': 'cloudflare', 'CF-RAY': '892f9add0c302063-IAD', 'alt-svc': 'h3=":443"; ma=86400'} 
 body={"results":[{"gender":"female","name":{"title":"Mrs","first":"Francisca","last":"Vega"},"location":{"street":{"number":4077,"name":"Calle de Arturo Soria"},"city":"Ferrol","state":"Ceuta","country":"Spain","postcode":18970,"coordinates":{"latitude":"-32.6936","longitude":"20.8660"},"timezone":{"offset":"+9:30","description":"Adelaide, Darwin"}},"email":"francisca.vega@example.com","login":{"uuid":"6f9e6547-18b9-4eb1-8e82-6942ca6ceabd","username":"blackkoala628","password":"katherin","salt":"ITI3Tgb3","md5":"2e2445862bf6b4c8d41a2208cc114e44","sha1":"6578b1ad28863040df56f0c380146caaf0e7754d","sha256":"f18bfa21ea99fe58020da71c5201df297d14215d403a13ee16d907fa8160d707"},"dob":{"date":"1959-05-11T08:09:59.490Z","age":65},"registered":{"date":"2004-10-09T03:00:00.903Z","age":19},"phone":"963-796-688","cell":"639-151-614","id":{"name":"DNI","value":"14368061-H"},"picture":{"large":"https://randomuser.me/api/portraits/women/73.jpg","medium":"https://randomuser.me/api/portraits/med/women/73.jpg","thumbnail":"https://randomuser.me/api/portraits/thumb/women/73.jpg"},"nat":"ES"}],"info":{"seed":"40c56cb53dfd6c61","results":1,"page":1,"version":"1.4"}} 
 </msg>
<msg time="2024-06-13T05:15:48.729886" level="INFO">/opt/hostedtoolcache/Python/3.12.3/x64/lib/python3.12/site-packages/urllib3/connectionpool.py:1103: InsecureRequestWarning: Unverified HTTPS request is being made to host 'randomuser.me'. Adding certificate verification is strongly advised. See: https://urllib3.readthedocs.io/en/latest/advanced-usage.html#tls-warnings
  warnings.warn(</msg>
<msg time="2024-06-13T05:15:48.729996" level="INFO">${response} = &lt;Response [200]&gt;</msg>
<var>${response}</var>
<arg>consultarAPI</arg>
<arg>/api</arg>
<doc>Sends a GET request on a previously created HTTP Session.</doc>
<status status="PASS" start="2024-06-13T05:15:48.645672" elapsed="0.084368"/>
</kw>
<kw name="Set Variable" owner="BuiltIn">
<msg time="2024-06-13T05:15:48.731105" level="INFO">${json_data} = {'results': [{'gender': 'female', 'name': {'title': 'Mrs', 'first': 'Francisca', 'last': 'Vega'}, 'location': {'street': {'number': 4077, 'name': 'Calle de Arturo Soria'}, 'city': 'Ferrol', 'state': '...</msg>
<var>${json_data}</var>
<arg>${response.json()}</arg>
<doc>Returns the given values which can then be assigned to a variables.</doc>
<status status="PASS" start="2024-06-13T05:15:48.730523" elapsed="0.000612"/>
</kw>
<kw name="Log" owner="BuiltIn">
<msg time="2024-06-13T05:15:48.731616" level="INFO">{'results': [{'gender': 'female', 'name': {'title': 'Mrs', 'first': 'Francisca', 'last': 'Vega'}, 'location': {'street': {'number': 4077, 'name': 'Calle de Arturo Soria'}, 'city': 'Ferrol', 'state': 'Ceuta', 'country': 'Spain', 'postcode': 18970, 'coordinates': {'latitude': '-32.6936', 'longitude': '20.8660'}, 'timezone': {'offset': '+9:30', 'description': 'Adelaide, Darwin'}}, 'email': 'francisca.vega@example.com', 'login': {'uuid': '6f9e6547-18b9-4eb1-8e82-6942ca6ceabd', 'username': 'blackkoala628', 'password': 'katherin', 'salt': 'ITI3Tgb3', 'md5': '2e2445862bf6b4c8d41a2208cc114e44', 'sha1': '6578b1ad28863040df56f0c380146caaf0e7754d', 'sha256': 'f18bfa21ea99fe58020da71c5201df297d14215d403a13ee16d907fa8160d707'}, 'dob': {'date': '1959-05-11T08:09:59.490Z', 'age': 65}, 'registered': {'date': '2004-10-09T03:00:00.903Z', 'age': 19}, 'phone': '963-796-688', 'cell': '639-151-614', 'id': {'name': 'DNI', 'value': '14368061-H'}, 'picture': {'large': 'https://randomuser.me/api/portraits/women/73.jpg', 'medium': 'https://randomuser.me/api/portraits/med/women/73.jpg', 'thumbnail': 'https://randomuser.me/api/portraits/thumb/women/73.jpg'}, 'nat': 'ES'}], 'info': {'seed': '40c56cb53dfd6c61', 'results': 1, 'page': 1, 'version': '1.4'}}</msg>
<arg>${json_data}</arg>
<doc>Logs the given message with the given level.</doc>
<status status="PASS" start="2024-06-13T05:15:48.731455" elapsed="0.000215"/>
</kw>
<kw name="Dictionary Should Contain Key" owner="Collections">
<arg>${json_data}</arg>
<arg>results</arg>
<doc>Fails if ``key`` is not found from ``dictionary``.</doc>
<status status="PASS" start="2024-06-13T05:15:48.731968" elapsed="0.000161"/>
</kw>
<kw name="Should Not Be Empty" owner="BuiltIn">
<msg time="2024-06-13T05:15:48.732518" level="INFO">Length is 2.</msg>
<arg>${json_data}</arg>
<doc>Verifies that the given item is not empty.</doc>
<status status="PASS" start="2024-06-13T05:15:48.732382" elapsed="0.000176"/>
</kw>
<kw name="Create List" owner="BuiltIn">
<msg time="2024-06-13T05:15:48.733012" level="INFO">${expected_keys} = ['gender', 'name', 'location', 'email', 'login']</msg>
<var>${expected_keys}</var>
<arg>gender</arg>
<arg>name</arg>
<arg>location</arg>
<arg>email</arg>
<arg>login</arg>
<doc>Returns a list containing given items.</doc>
<status status="PASS" start="2024-06-13T05:15:48.732862" elapsed="0.000174"/>
</kw>
<for flavor="IN">
<iter>
<kw name="Dictionary Should Contain Key" owner="Collections">
<arg>${json_data['results'][0]}</arg>
<arg>${key}</arg>
<doc>Fails if ``key`` is not found from ``dictionary``.</doc>
<status status="PASS" start="2024-06-13T05:15:48.733766" elapsed="0.000403"/>
</kw>
<kw name="Log" owner="BuiltIn">
<msg time="2024-06-13T05:15:48.734727" level="INFO">{'gender': 'female', 'name': {'title': 'Mrs', 'first': 'Francisca', 'last': 'Vega'}, 'location': {'street': {'number': 4077, 'name': 'Calle de Arturo Soria'}, 'city': 'Ferrol', 'state': 'Ceuta', 'country': 'Spain', 'postcode': 18970, 'coordinates': {'latitude': '-32.6936', 'longitude': '20.8660'}, 'timezone': {'offset': '+9:30', 'description': 'Adelaide, Darwin'}}, 'email': 'francisca.vega@example.com', 'login': {'uuid': '6f9e6547-18b9-4eb1-8e82-6942ca6ceabd', 'username': 'blackkoala628', 'password': 'katherin', 'salt': 'ITI3Tgb3', 'md5': '2e2445862bf6b4c8d41a2208cc114e44', 'sha1': '6578b1ad28863040df56f0c380146caaf0e7754d', 'sha256': 'f18bfa21ea99fe58020da71c5201df297d14215d403a13ee16d907fa8160d707'}, 'dob': {'date': '1959-05-11T08:09:59.490Z', 'age': 65}, 'registered': {'date': '2004-10-09T03:00:00.903Z', 'age': 19}, 'phone': '963-796-688', 'cell': '639-151-614', 'id': {'name': 'DNI', 'value': '14368061-H'}, 'picture': {'large': 'https://randomuser.me/api/portraits/women/73.jpg', 'medium': 'https://randomuser.me/api/portraits/med/women/73.jpg', 'thumbnail': 'https://randomuser.me/api/portraits/thumb/women/73.jpg'}, 'nat': 'ES'}</msg>
<arg>${json_data['results'][0]}</arg>
<doc>Logs the given message with the given level.</doc>
<status status="PASS" start="2024-06-13T05:15:48.734357" elapsed="0.000420"/>
</kw>
<kw name="Log" owner="BuiltIn">
<msg time="2024-06-13T05:15:48.735206" level="INFO">gender</msg>
<arg>${key}</arg>
<doc>Logs the given message with the given level.</doc>
<status status="PASS" start="2024-06-13T05:15:48.735078" elapsed="0.000166"/>
</kw>
<var name="${key}">gender</var>
<status status="PASS" start="2024-06-13T05:15:48.733632" elapsed="0.001833"/>
</iter>
<iter>
<kw name="Dictionary Should Contain Key" owner="Collections">
<arg>${json_data['results'][0]}</arg>
<arg>${key}</arg>
<doc>Fails if ``key`` is not found from ``dictionary``.</doc>
<status status="PASS" start="2024-06-13T05:15:48.735771" elapsed="0.000410"/>
</kw>
<kw name="Log" owner="BuiltIn">
<msg time="2024-06-13T05:15:48.736737" level="INFO">{'gender': 'female', 'name': {'title': 'Mrs', 'first': 'Francisca', 'last': 'Vega'}, 'location': {'street': {'number': 4077, 'name': 'Calle de Arturo Soria'}, 'city': 'Ferrol', 'state': 'Ceuta', 'country': 'Spain', 'postcode': 18970, 'coordinates': {'latitude': '-32.6936', 'longitude': '20.8660'}, 'timezone': {'offset': '+9:30', 'description': 'Adelaide, Darwin'}}, 'email': 'francisca.vega@example.com', 'login': {'uuid': '6f9e6547-18b9-4eb1-8e82-6942ca6ceabd', 'username': 'blackkoala628', 'password': 'katherin', 'salt': 'ITI3Tgb3', 'md5': '2e2445862bf6b4c8d41a2208cc114e44', 'sha1': '6578b1ad28863040df56f0c380146caaf0e7754d', 'sha256': 'f18bfa21ea99fe58020da71c5201df297d14215d403a13ee16d907fa8160d707'}, 'dob': {'date': '1959-05-11T08:09:59.490Z', 'age': 65}, 'registered': {'date': '2004-10-09T03:00:00.903Z', 'age': 19}, 'phone': '963-796-688', 'cell': '639-151-614', 'id': {'name': 'DNI', 'value': '14368061-H'}, 'picture': {'large': 'https://randomuser.me/api/portraits/women/73.jpg', 'medium': 'https://randomuser.me/api/portraits/med/women/73.jpg', 'thumbnail': 'https://randomuser.me/api/portraits/thumb/women/73.jpg'}, 'nat': 'ES'}</msg>
<arg>${json_data['results'][0]}</arg>
<doc>Logs the given message with the given level.</doc>
<status status="PASS" start="2024-06-13T05:15:48.736385" elapsed="0.000434"/>
</kw>
<kw name="Log" owner="BuiltIn">
<msg time="2024-06-13T05:15:48.737253" level="INFO">name</msg>
<arg>${key}</arg>
<doc>Logs the given message with the given level.</doc>
<status status="PASS" start="2024-06-13T05:15:48.737122" elapsed="0.000170"/>
</kw>
<var name="${key}">name</var>
<status status="PASS" start="2024-06-13T05:15:48.735657" elapsed="0.001856"/>
</iter>
<iter>
<kw name="Dictionary Should Contain Key" owner="Collections">
<arg>${json_data['results'][0]}</arg>
<arg>${key}</arg>
<doc>Fails if ``key`` is not found from ``dictionary``.</doc>
<status status="PASS" start="2024-06-13T05:15:48.737806" elapsed="0.000378"/>
</kw>
<kw name="Log" owner="BuiltIn">
<msg time="2024-06-13T05:15:48.738718" level="INFO">{'gender': 'female', 'name': {'title': 'Mrs', 'first': 'Francisca', 'last': 'Vega'}, 'location': {'street': {'number': 4077, 'name': 'Calle de Arturo Soria'}, 'city': 'Ferrol', 'state': 'Ceuta', 'country': 'Spain', 'postcode': 18970, 'coordinates': {'latitude': '-32.6936', 'longitude': '20.8660'}, 'timezone': {'offset': '+9:30', 'description': 'Adelaide, Darwin'}}, 'email': 'francisca.vega@example.com', 'login': {'uuid': '6f9e6547-18b9-4eb1-8e82-6942ca6ceabd', 'username': 'blackkoala628', 'password': 'katherin', 'salt': 'ITI3Tgb3', 'md5': '2e2445862bf6b4c8d41a2208cc114e44', 'sha1': '6578b1ad28863040df56f0c380146caaf0e7754d', 'sha256': 'f18bfa21ea99fe58020da71c5201df297d14215d403a13ee16d907fa8160d707'}, 'dob': {'date': '1959-05-11T08:09:59.490Z', 'age': 65}, 'registered': {'date': '2004-10-09T03:00:00.903Z', 'age': 19}, 'phone': '963-796-688', 'cell': '639-151-614', 'id': {'name': 'DNI', 'value': '14368061-H'}, 'picture': {'large': 'https://randomuser.me/api/portraits/women/73.jpg', 'medium': 'https://randomuser.me/api/portraits/med/women/73.jpg', 'thumbnail': 'https://randomuser.me/api/portraits/thumb/women/73.jpg'}, 'nat': 'ES'}</msg>
<arg>${json_data['results'][0]}</arg>
<doc>Logs the given message with the given level.</doc>
<status status="PASS" start="2024-06-13T05:15:48.738370" elapsed="0.000397"/>
</kw>
<kw name="Log" owner="BuiltIn">
<msg time="2024-06-13T05:15:48.739190" level="INFO">location</msg>
<arg>${key}</arg>
<doc>Logs the given message with the given level.</doc>
<status status="PASS" start="2024-06-13T05:15:48.739064" elapsed="0.000163"/>
</kw>
<var name="${key}">location</var>
<status status="PASS" start="2024-06-13T05:15:48.737695" elapsed="0.001750"/>
</iter>
<iter>
<kw name="Dictionary Should Contain Key" owner="Collections">
<arg>${json_data['results'][0]}</arg>
<arg>${key}</arg>
<doc>Fails if ``key`` is not found from ``dictionary``.</doc>
<status status="PASS" start="2024-06-13T05:15:48.739729" elapsed="0.000391"/>
</kw>
<kw name="Log" owner="BuiltIn">
<msg time="2024-06-13T05:15:48.740735" level="INFO">{'gender': 'female', 'name': {'title': 'Mrs', 'first': 'Francisca', 'last': 'Vega'}, 'location': {'street': {'number': 4077, 'name': 'Calle de Arturo Soria'}, 'city': 'Ferrol', 'state': 'Ceuta', 'country': 'Spain', 'postcode': 18970, 'coordinates': {'latitude': '-32.6936', 'longitude': '20.8660'}, 'timezone': {'offset': '+9:30', 'description': 'Adelaide, Darwin'}}, 'email': 'francisca.vega@example.com', 'login': {'uuid': '6f9e6547-18b9-4eb1-8e82-6942ca6ceabd', 'username': 'blackkoala628', 'password': 'katherin', 'salt': 'ITI3Tgb3', 'md5': '2e2445862bf6b4c8d41a2208cc114e44', 'sha1': '6578b1ad28863040df56f0c380146caaf0e7754d', 'sha256': 'f18bfa21ea99fe58020da71c5201df297d14215d403a13ee16d907fa8160d707'}, 'dob': {'date': '1959-05-11T08:09:59.490Z', 'age': 65}, 'registered': {'date': '2004-10-09T03:00:00.903Z', 'age': 19}, 'phone': '963-796-688', 'cell': '639-151-614', 'id': {'name': 'DNI', 'value': '14368061-H'}, 'picture': {'large': 'https://randomuser.me/api/portraits/women/73.jpg', 'medium': 'https://randomuser.me/api/portraits/med/women/73.jpg', 'thumbnail': 'https://randomuser.me/api/portraits/thumb/women/73.jpg'}, 'nat': 'ES'}</msg>
<arg>${json_data['results'][0]}</arg>
<doc>Logs the given message with the given level.</doc>
<status status="PASS" start="2024-06-13T05:15:48.740352" elapsed="0.000431"/>
</kw>
<kw name="Log" owner="BuiltIn">
<msg time="2024-06-13T05:15:48.741216" level="INFO">email</msg>
<arg>${key}</arg>
<doc>Logs the given message with the given level.</doc>
<status status="PASS" start="2024-06-13T05:15:48.741087" elapsed="0.000167"/>
</kw>
<var name="${key}">email</var>
<status status="PASS" start="2024-06-13T05:15:48.739622" elapsed="0.001855"/>
</iter>
<iter>
<kw name="Dictionary Should Contain Key" owner="Collections">
<arg>${json_data['results'][0]}</arg>
<arg>${key}</arg>
<doc>Fails if ``key`` is not found from ``dictionary``.</doc>
<status status="PASS" start="2024-06-13T05:15:48.741759" elapsed="0.000391"/>
</kw>
<kw name="Log" owner="BuiltIn">
<msg time="2024-06-13T05:15:48.742709" level="INFO">{'gender': 'female', 'name': {'title': 'Mrs', 'first': 'Francisca', 'last': 'Vega'}, 'location': {'street': {'number': 4077, 'name': 'Calle de Arturo Soria'}, 'city': 'Ferrol', 'state': 'Ceuta', 'country': 'Spain', 'postcode': 18970, 'coordinates': {'latitude': '-32.6936', 'longitude': '20.8660'}, 'timezone': {'offset': '+9:30', 'description': 'Adelaide, Darwin'}}, 'email': 'francisca.vega@example.com', 'login': {'uuid': '6f9e6547-18b9-4eb1-8e82-6942ca6ceabd', 'username': 'blackkoala628', 'password': 'katherin', 'salt': 'ITI3Tgb3', 'md5': '2e2445862bf6b4c8d41a2208cc114e44', 'sha1': '6578b1ad28863040df56f0c380146caaf0e7754d', 'sha256': 'f18bfa21ea99fe58020da71c5201df297d14215d403a13ee16d907fa8160d707'}, 'dob': {'date': '1959-05-11T08:09:59.490Z', 'age': 65}, 'registered': {'date': '2004-10-09T03:00:00.903Z', 'age': 19}, 'phone': '963-796-688', 'cell': '639-151-614', 'id': {'name': 'DNI', 'value': '14368061-H'}, 'picture': {'large': 'https://randomuser.me/api/portraits/women/73.jpg', 'medium': 'https://randomuser.me/api/portraits/med/women/73.jpg', 'thumbnail': 'https://randomuser.me/api/portraits/thumb/women/73.jpg'}, 'nat': 'ES'}</msg>
<arg>${json_data['results'][0]}</arg>
<doc>Logs the given message with the given level.</doc>
<status status="PASS" start="2024-06-13T05:15:48.742336" elapsed="0.000423"/>
</kw>
<kw name="Log" owner="BuiltIn">
<msg time="2024-06-13T05:15:48.743186" level="INFO">login</msg>
<arg>${key}</arg>
<doc>Logs the given message with the given level.</doc>
<status status="PASS" start="2024-06-13T05:15:48.743058" elapsed="0.000166"/>
</kw>
<var name="${key}">login</var>
<status status="PASS" start="2024-06-13T05:15:48.741650" elapsed="0.001790"/>
</iter>
<var>${key}</var>
<value>@{expected_keys}</value>
<status status="PASS" start="2024-06-13T05:15:48.733440" elapsed="0.010122"/>
</for>
<kw name="Create List" owner="BuiltIn">
<msg time="2024-06-13T05:15:48.743894" level="INFO">${expected_keysTwo} = ['username', 'password']</msg>
<var>${expected_keysTwo}</var>
<arg>username</arg>
<arg>password</arg>
<doc>Returns a list containing given items.</doc>
<status status="PASS" start="2024-06-13T05:15:48.743754" elapsed="0.000164"/>
</kw>
<for flavor="IN">
<iter>
<kw name="Dictionary Should Contain Key" owner="Collections">
<arg>${json_data['results'][0]['login']}</arg>
<arg>${keyTwo}</arg>
<doc>Fails if ``key`` is not found from ``dictionary``.</doc>
<status status="PASS" start="2024-06-13T05:15:48.744482" elapsed="0.000460"/>
</kw>
<kw name="Dictionary Should Contain Key" owner="Collections">
<arg>${json_data['results'][0]['login']}</arg>
<arg>${keyTwo}</arg>
<doc>Fails if ``key`` is not found from ``dictionary``.</doc>
<status status="PASS" start="2024-06-13T05:15:48.745144" elapsed="0.000387"/>
</kw>
<kw name="Log" owner="BuiltIn">
<msg time="2024-06-13T05:15:48.745834" level="INFO">username</msg>
<arg>${keyTwo}</arg>
<doc>Logs the given message with the given level.</doc>
<status status="PASS" start="2024-06-13T05:15:48.745714" elapsed="0.000162"/>
</kw>
<var name="${keyTwo}">username</var>
<status status="PASS" start="2024-06-13T05:15:48.744370" elapsed="0.001739"/>
</iter>
<iter>
<kw name="Dictionary Should Contain Key" owner="Collections">
<arg>${json_data['results'][0]['login']}</arg>
<arg>${keyTwo}</arg>
<doc>Fails if ``key`` is not found from ``dictionary``.</doc>
<status status="PASS" start="2024-06-13T05:15:48.746397" elapsed="0.000383"/>
</kw>
<kw name="Dictionary Should Contain Key" owner="Collections">
<arg>${json_data['results'][0]['login']}</arg>
<arg>${keyTwo}</arg>
<doc>Fails if ``key`` is not found from ``dictionary``.</doc>
<status status="PASS" start="2024-06-13T05:15:48.746962" elapsed="0.000368"/>
</kw>
<kw name="Log" owner="BuiltIn">
<msg time="2024-06-13T05:15:48.747631" level="INFO">password</msg>
<arg>${keyTwo}</arg>
<doc>Logs the given message with the given level.</doc>
<status status="PASS" start="2024-06-13T05:15:48.747512" elapsed="0.000156"/>
</kw>
<var name="${keyTwo}">password</var>
<status status="PASS" start="2024-06-13T05:15:48.746288" elapsed="0.001616"/>
</iter>
<var>${keyTwo}</var>
<value>@{expected_keysTwo}</value>
<status status="PASS" start="2024-06-13T05:15:48.744208" elapsed="0.003818"/>
</for>
<status status="PASS" start="2024-06-13T05:15:48.645437" elapsed="0.102751"/>
</kw>
<doc>Testa a estrutura da resposta da API.</doc>
<tag>testeEstruturaResposta</tag>
<status status="PASS" start="2024-06-13T05:15:48.644948" elapsed="0.103404"/>
</test>
<test id="s1-s1-t4" name="Validar tipos de dados" line="28">
<kw name="Teste de Tipos de Dados" owner="random-user-service">
<kw name="GET On Session" owner="RequestsLibrary">
<msg time="2024-06-13T05:15:48.826973" level="INFO">GET Request : url=https://randomuser.me/api 
 path_url=/api 
 headers={'User-Agent': 'python-requests/2.32.3', 'Accept-Encoding': 'gzip, deflate', 'Accept': '*/*', 'Connection': 'keep-alive'} 
 body=None 
 </msg>
<msg time="2024-06-13T05:15:48.827050" level="INFO">GET Response : url=https://randomuser.me/api 
 status=200, reason=OK 
 headers={'Date': 'Thu, 13 Jun 2024 05:15:48 GMT', 'Content-Type': 'application/json; charset=utf-8', 'Transfer-Encoding': 'chunked', 'Connection': 'keep-alive', 'X-Powered-By': 'Express', 'Access-Control-Allow-Origin': '*', 'Cache-Control': 'no-cache', 'ETag': 'W/"482-KYvK8rznJKL75BhMyGh/KmeGafs"', 'Vary': 'Accept-Encoding', 'Content-Encoding': 'gzip', 'CF-Cache-Status': 'DYNAMIC', 'Report-To': '{"endpoints":[{"url":"https:\\/\\/a.nel.cloudflare.com\\/report\\/v4?s=YbsYc6TnSc%2FQvBbcSO4dINMpUU6B4r7X7JztBUKa9IRgJL0fz%2Bb2Gc2qx%2FMENPub3n5f43Yli02soIoXBh8B4h8ac5q4%2FiW33i%2BIKBDzI5xmNm3%2Fshr%2Fooc4SSt8SonH"}],"group":"cf-nel","max_age":604800}', 'NEL': '{"success_fraction":0,"report_to":"cf-nel","max_age":604800}', 'Server': 'cloudflare', 'CF-RAY': '892f9addbcbd2063-IAD', 'alt-svc': 'h3=":443"; ma=86400'} 
 body={"results":[{"gender":"male","name":{"title":"Mr","first":"Dwayne","last":"Bradley"},"location":{"street":{"number":3758,"name":"The Grove"},"city":"Ballybofey-Stranorlar","state":"Dublin City","country":"Ireland","postcode":75760,"coordinates":{"latitude":"1.7204","longitude":"-94.7689"},"timezone":{"offset":"+5:45","description":"Kathmandu"}},"email":"dwayne.bradley@example.com","login":{"uuid":"41c6e13b-7423-4982-960c-c77e03f2647a","username":"beautifulpeacock790","password":"gotham","salt":"CrioLIih","md5":"577e82440574541dd158798d34a03d6c","sha1":"462d6805337f4a7482ccbc401a0d1f6e0c4c7a68","sha256":"4240bd8a41d3b648e2ff63342540550b594eebc8dc4278a5bb20076d9ed1a073"},"dob":{"date":"1972-04-30T08:35:31.316Z","age":52},"registered":{"date":"2011-07-09T17:45:07.330Z","age":12},"phone":"011-291-4346","cell":"081-844-3117","id":{"name":"PPS","value":"4702315T"},"picture":{"large":"https://randomuser.me/api/portraits/men/90.jpg","medium":"https://randomuser.me/api/portraits/med/men/90.jpg","thumbnail":"https://randomuser.me/api/portraits/thumb/men/90.jpg"},"nat":"IE"}],"info":{"seed":"f4955ea11df689c8","results":1,"page":1,"version":"1.4"}} 
 </msg>
<msg time="2024-06-13T05:15:48.827119" level="INFO">/opt/hostedtoolcache/Python/3.12.3/x64/lib/python3.12/site-packages/urllib3/connectionpool.py:1103: InsecureRequestWarning: Unverified HTTPS request is being made to host 'randomuser.me'. Adding certificate verification is strongly advised. See: https://urllib3.readthedocs.io/en/latest/advanced-usage.html#tls-warnings
  warnings.warn(</msg>
<msg time="2024-06-13T05:15:48.827227" level="INFO">${response} = &lt;Response [200]&gt;</msg>
<var>${response}</var>
<arg>consultarAPI</arg>
<arg>/api</arg>
<doc>Sends a GET request on a previously created HTTP Session.</doc>
<status status="PASS" start="2024-06-13T05:15:48.750953" elapsed="0.076324"/>
</kw>
<kw name="Set Variable" owner="BuiltIn">
<msg time="2024-06-13T05:15:48.828364" level="INFO">${json_data} = {'results': [{'gender': 'male', 'name': {'title': 'Mr', 'first': 'Dwayne', 'last': 'Bradley'}, 'location': {'street': {'number': 3758, 'name': 'The Grove'}, 'city': 'Ballybofey-Stranorlar', 'state': '...</msg>
<var>${json_data}</var>
<arg>${response.json()}</arg>
<doc>Returns the given values which can then be assigned to a variables.</doc>
<status status="PASS" start="2024-06-13T05:15:48.827770" elapsed="0.000623"/>
</kw>
<kw name="Log" owner="BuiltIn">
<msg time="2024-06-13T05:15:48.828874" level="INFO">{'results': [{'gender': 'male', 'name': {'title': 'Mr', 'first': 'Dwayne', 'last': 'Bradley'}, 'location': {'street': {'number': 3758, 'name': 'The Grove'}, 'city': 'Ballybofey-Stranorlar', 'state': 'Dublin City', 'country': 'Ireland', 'postcode': 75760, 'coordinates': {'latitude': '1.7204', 'longitude': '-94.7689'}, 'timezone': {'offset': '+5:45', 'description': 'Kathmandu'}}, 'email': 'dwayne.bradley@example.com', 'login': {'uuid': '41c6e13b-7423-4982-960c-c77e03f2647a', 'username': 'beautifulpeacock790', 'password': 'gotham', 'salt': 'CrioLIih', 'md5': '577e82440574541dd158798d34a03d6c', 'sha1': '462d6805337f4a7482ccbc401a0d1f6e0c4c7a68', 'sha256': '4240bd8a41d3b648e2ff63342540550b594eebc8dc4278a5bb20076d9ed1a073'}, 'dob': {'date': '1972-04-30T08:35:31.316Z', 'age': 52}, 'registered': {'date': '2011-07-09T17:45:07.330Z', 'age': 12}, 'phone': '011-291-4346', 'cell': '081-844-3117', 'id': {'name': 'PPS', 'value': '4702315T'}, 'picture': {'large': 'https://randomuser.me/api/portraits/men/90.jpg', 'medium': 'https://randomuser.me/api/portraits/med/men/90.jpg', 'thumbnail': 'https://randomuser.me/api/portraits/thumb/men/90.jpg'}, 'nat': 'IE'}], 'info': {'seed': 'f4955ea11df689c8', 'results': 1, 'page': 1, 'version': '1.4'}}</msg>
<arg>${json_data}</arg>
<doc>Logs the given message with the given level.</doc>
<status status="PASS" start="2024-06-13T05:15:48.828721" elapsed="0.000199"/>
</kw>
<kw name="Should Be String" owner="String">
<arg>${json_data['results'][0]['gender']}</arg>
<doc>Fails if the given ``item`` is not a string.</doc>
<status status="PASS" start="2024-06-13T05:15:48.829210" elapsed="0.000363"/>
</kw>
<kw name="Should Match Regexp" owner="BuiltIn">
<arg>${json_data['results'][0]['email']}</arg>
<arg>^[a-zA-Z0-9._%+-]+@[a-zA-Z0-9.-]+\.[a-zA-Z]{2,}$</arg>
<doc>Fails if ``string`` does not match ``pattern`` as a regular expression.</doc>
<status status="PASS" start="2024-06-13T05:15:48.829762" elapsed="0.000515"/>
</kw>
<kw name="Should Match Regexp" owner="BuiltIn">
<arg>${json_data['results'][0]['dob']['date']}</arg>
<arg>\\d{4}-\\d{2}-\\d{2}T\\d{2}:\\d{2}:\\d{2}\\.\\d{3}Z</arg>
<doc>Fails if ``string`` does not match ``pattern`` as a regular expression.</doc>
<status status="PASS" start="2024-06-13T05:15:48.830507" elapsed="0.000495"/>
</kw>
<kw name="Should Match Regexp" owner="BuiltIn">
<arg>${json_data['results'][0]['registered']['date']}</arg>
<arg>\\d{4}-\\d{2}-\\d{2}T\\d{2}:\\d{2}:\\d{2}\\.\\d{3}Z</arg>
<doc>Fails if ``string`` does not match ``pattern`` as a regular expression.</doc>
<status status="PASS" start="2024-06-13T05:15:48.831198" elapsed="0.000366"/>
</kw>
<kw name="Should Match Regexp" owner="BuiltIn">
<arg>${json_data['results'][0]['picture']['large']}</arg>
<arg>^https?://.*\.(?:png|jpe?g|gif|bmp)$</arg>
<doc>Fails if ``string`` does not match ``pattern`` as a regular expression.</doc>
<status status="PASS" start="2024-06-13T05:15:48.831751" elapsed="0.000494"/>
</kw>
<kw name="Should Match Regexp" owner="BuiltIn">
<arg>${json_data['results'][0]['picture']['medium']}</arg>
<arg>^https?://.*\.(?:png|jpe?g|gif|bmp)$</arg>
<doc>Fails if ``string`` does not match ``pattern`` as a regular expression.</doc>
<status status="PASS" start="2024-06-13T05:15:48.832452" elapsed="0.000363"/>
</kw>
<kw name="Should Match Regexp" owner="BuiltIn">
<arg>${json_data['results'][0]['picture']['thumbnail']}</arg>
<arg>^https?://.*\.(?:png|jpe?g|gif|bmp)$</arg>
<doc>Fails if ``string`` does not match ``pattern`` as a regular expression.</doc>
<status status="PASS" start="2024-06-13T05:15:48.833002" elapsed="0.000347"/>
</kw>
<kw name="Log" owner="BuiltIn">
<msg time="2024-06-13T05:15:48.833862" level="INFO">{'large': 'https://randomuser.me/api/portraits/men/90.jpg', 'medium': 'https://randomuser.me/api/portraits/med/men/90.jpg', 'thumbnail': 'https://randomuser.me/api/portraits/thumb/men/90.jpg'}</msg>
<arg>${json_data['results'][0]['picture']}</arg>
<doc>Logs the given message with the given level.</doc>
<status status="PASS" start="2024-06-13T05:15:48.833530" elapsed="0.000374"/>
</kw>
<status status="PASS" start="2024-06-13T05:15:48.750724" elapsed="0.083435"/>
</kw>
<kw name="Teste de Tipos de Dados - Postcode" owner="random-user-service">
<kw name="GET On Session" owner="RequestsLibrary">
<msg time="2024-06-13T05:15:48.919765" level="INFO">GET Request : url=https://randomuser.me/api 
 path_url=/api 
 headers={'User-Agent': 'python-requests/2.32.3', 'Accept-Encoding': 'gzip, deflate', 'Accept': '*/*', 'Connection': 'keep-alive'} 
 body=None 
 </msg>
<msg time="2024-06-13T05:15:48.919861" level="INFO">GET Response : url=https://randomuser.me/api 
 status=200, reason=OK 
 headers={'Date': 'Thu, 13 Jun 2024 05:15:48 GMT', 'Content-Type': 'application/json; charset=utf-8', 'Transfer-Encoding': 'chunked', 'Connection': 'keep-alive', 'X-Powered-By': 'Express', 'Access-Control-Allow-Origin': '*', 'Cache-Control': 'no-cache', 'ETag': 'W/"482-KV1FDhYv/PjWZYHARYe5n/Q428A"', 'Vary': 'Accept-Encoding', 'Content-Encoding': 'gzip', 'CF-Cache-Status': 'DYNAMIC', 'Report-To': '{"endpoints":[{"url":"https:\\/\\/a.nel.cloudflare.com\\/report\\/v4?s=o6KDpvel0PNfVJ4uAgKbf0L5xAlF%2Bf0EVZPbtVKLYR%2BTS%2FdLT3ypBPUiu4kyojuoNk3nZuXWAy5ectMm9pb2NV3xkO2PLsQwr%2FL1vqH5Uox0rN3xzzn%2Ff%2Fvfn7%2FMze6l"}],"group":"cf-nel","max_age":604800}', 'NEL': '{"success_fraction":0,"report_to":"cf-nel","max_age":604800}', 'Server': 'cloudflare', 'CF-RAY': '892f9ade3d272063-IAD', 'alt-svc': 'h3=":443"; ma=86400'} 
 body={"results":[{"gender":"male","name":{"title":"Mr","first":"Upkaar","last":"Kouser"},"location":{"street":{"number":161,"name":"Car St"},"city":"Bhubaneswar","state":"Assam","country":"India","postcode":94577,"coordinates":{"latitude":"8.6415","longitude":"-137.2292"},"timezone":{"offset":"+8:00","description":"Beijing, Perth, Singapore, Hong Kong"}},"email":"upkaar.kouser@example.com","login":{"uuid":"e7d0121f-d576-44ba-ae78-1c218efc1187","username":"heavyleopard157","password":"therock","salt":"1uDAsRNA","md5":"e6c94314a1a4cad37f13fd2b913fe409","sha1":"902bf54d6887391caeaa9f33c7349f5a5a296ee1","sha256":"eb7b72e9268418e6a2fac64f8f79c0a4216f7e96d232d6c57f0eba51c81a0313"},"dob":{"date":"1990-01-28T07:34:29.746Z","age":34},"registered":{"date":"2005-02-10T18:11:50.083Z","age":19},"phone":"8997005492","cell":"9957473786","id":{"name":"UIDAI","value":"267627898133"},"picture":{"large":"https://randomuser.me/api/portraits/men/9.jpg","medium":"https://randomuser.me/api/portraits/med/men/9.jpg","thumbnail":"https://randomuser.me/api/portraits/thumb/men/9.jpg"},"nat":"IN"}],"info":{"seed":"c49af9c12c410c72","results":1,"page":1,"version":"1.4"}} 
 </msg>
<msg time="2024-06-13T05:15:48.919933" level="INFO">/opt/hostedtoolcache/Python/3.12.3/x64/lib/python3.12/site-packages/urllib3/connectionpool.py:1103: InsecureRequestWarning: Unverified HTTPS request is being made to host 'randomuser.me'. Adding certificate verification is strongly advised. See: https://urllib3.readthedocs.io/en/latest/advanced-usage.html#tls-warnings
  warnings.warn(</msg>
<msg time="2024-06-13T05:15:48.920057" level="INFO">${response} = &lt;Response [200]&gt;</msg>
<var>${response}</var>
<arg>consultarAPI</arg>
<arg>/api</arg>
<doc>Sends a GET request on a previously created HTTP Session.</doc>
<status status="PASS" start="2024-06-13T05:15:48.834593" elapsed="0.085506"/>
</kw>
<kw name="Set Variable" owner="BuiltIn">
<msg time="2024-06-13T05:15:48.921349" level="INFO">${json_data} = {'results': [{'gender': 'male', 'name': {'title': 'Mr', 'first': 'Upkaar', 'last': 'Kouser'}, 'location': {'street': {'number': 161, 'name': 'Car St'}, 'city': 'Bhubaneswar', 'state': 'Assam', 'countr...</msg>
<var>${json_data}</var>
<arg>${response.json()}</arg>
<doc>Returns the given values which can then be assigned to a variables.</doc>
<status status="PASS" start="2024-06-13T05:15:48.920750" elapsed="0.000628"/>
</kw>
<kw name="Log" owner="BuiltIn">
<msg time="2024-06-13T05:15:48.921897" level="INFO">{'results': [{'gender': 'male', 'name': {'title': 'Mr', 'first': 'Upkaar', 'last': 'Kouser'}, 'location': {'street': {'number': 161, 'name': 'Car St'}, 'city': 'Bhubaneswar', 'state': 'Assam', 'country': 'India', 'postcode': 94577, 'coordinates': {'latitude': '8.6415', 'longitude': '-137.2292'}, 'timezone': {'offset': '+8:00', 'description': 'Beijing, Perth, Singapore, Hong Kong'}}, 'email': 'upkaar.kouser@example.com', 'login': {'uuid': 'e7d0121f-d576-44ba-ae78-1c218efc1187', 'username': 'heavyleopard157', 'password': 'therock', 'salt': '1uDAsRNA', 'md5': 'e6c94314a1a4cad37f13fd2b913fe409', 'sha1': '902bf54d6887391caeaa9f33c7349f5a5a296ee1', 'sha256': 'eb7b72e9268418e6a2fac64f8f79c0a4216f7e96d232d6c57f0eba51c81a0313'}, 'dob': {'date': '1990-01-28T07:34:29.746Z', 'age': 34}, 'registered': {'date': '2005-02-10T18:11:50.083Z', 'age': 19}, 'phone': '8997005492', 'cell': '9957473786', 'id': {'name': 'UIDAI', 'value': '267627898133'}, 'picture': {'large': 'https://randomuser.me/api/portraits/men/9.jpg', 'medium': 'https://randomuser.me/api/portraits/med/men/9.jpg', 'thumbnail': 'https://randomuser.me/api/portraits/thumb/men/9.jpg'}, 'nat': 'IN'}], 'info': {'seed': 'c49af9c12c410c72', 'results': 1, 'page': 1, 'version': '1.4'}}</msg>
<arg>${json_data}</arg>
<doc>Logs the given message with the given level.</doc>
<status status="PASS" start="2024-06-13T05:15:48.921731" elapsed="0.000216"/>
</kw>
<kw name="Should Be Equal As Numbers" owner="BuiltIn">
<arg>${json_data['results'][0]['location']['postcode']}</arg>
<arg>${json_data['results'][0]['location']['postcode']}</arg>
<doc>Fails if objects are unequal after converting them to real numbers.</doc>
<status status="PASS" start="2024-06-13T05:15:48.922264" elapsed="0.000636"/>
</kw>
<kw name="Log" owner="BuiltIn">
<msg time="2024-06-13T05:15:48.923439" level="INFO">94577</msg>
<arg>${json_data['results'][0]['location']['postcode']}</arg>
<doc>Logs the given message with the given level.</doc>
<status status="PASS" start="2024-06-13T05:15:48.923103" elapsed="0.000378"/>
</kw>
<status status="PASS" start="2024-06-13T05:15:48.834373" elapsed="0.089399"/>
</kw>
<doc>Testa se os tipos de dados na resposta da API estão corretos.</doc>
<tag>testeTiposDados</tag>
<status status="PASS" start="2024-06-13T05:15:48.750101" elapsed="0.173851"/>
</test>
<test id="s1-s1-t5" name="Validar conteudo" line="35">
<kw name="Teste de Tipos de Conteudo" owner="random-user-service">
<kw name="GET On Session" owner="RequestsLibrary">
<msg time="2024-06-13T05:15:49.018250" level="INFO">GET Request : url=https://randomuser.me/api 
 path_url=/api 
 headers={'User-Agent': 'python-requests/2.32.3', 'Accept-Encoding': 'gzip, deflate', 'Accept': '*/*', 'Connection': 'keep-alive'} 
 body=None 
 </msg>
<msg time="2024-06-13T05:15:49.018329" level="INFO">GET Response : url=https://randomuser.me/api 
 status=200, reason=OK 
 headers={'Date': 'Thu, 13 Jun 2024 05:15:49 GMT', 'Content-Type': 'application/json; charset=utf-8', 'Transfer-Encoding': 'chunked', 'Connection': 'keep-alive', 'X-Powered-By': 'Express', 'Access-Control-Allow-Origin': '*', 'Cache-Control': 'no-cache', 'ETag': 'W/"4a6-2FQ50a8PJAKYEf5XYwqRFbh5Dls"', 'Vary': 'Accept-Encoding', 'Content-Encoding': 'gzip', 'CF-Cache-Status': 'DYNAMIC', 'Report-To': '{"endpoints":[{"url":"https:\\/\\/a.nel.cloudflare.com\\/report\\/v4?s=k7ekMNFgEuqUHQf8os2%2BS9GcnWdXoTqGOxlUSBgZ07q0u%2FsWEAI2fKk3lNWXFeY0xxKCY6dpuQsrPvpNlX6BAVqQAxtSqUxikUy6V858TaNL9919LbALwvYNloL64nhg"}],"group":"cf-nel","max_age":604800}', 'NEL': '{"success_fraction":0,"report_to":"cf-nel","max_age":604800}', 'Server': 'cloudflare', 'CF-RAY': '892f9adecdbe2063-IAD', 'alt-svc': 'h3=":443"; ma=86400'} 
 body={"results":[{"gender":"female","name":{"title":"Ms","first":"Eleanor","last":"Carpenter"},"location":{"street":{"number":7272,"name":"South Street"},"city":"Brighton and Hove","state":"West Yorkshire","country":"United Kingdom","postcode":"KK4W 8RZ","coordinates":{"latitude":"-11.1984","longitude":"159.2765"},"timezone":{"offset":"+9:30","description":"Adelaide, Darwin"}},"email":"eleanor.carpenter@example.com","login":{"uuid":"41bebb1f-6afe-415d-b5af-608e34ddc08e","username":"yellowgorilla114","password":"opus","salt":"P04hw1mt","md5":"48f5d622aff21cc989c87236189a456a","sha1":"207252d19b61c65afebf70bb38a0d4515cb226cb","sha256":"fe1a4370514be48e989cefbd06ef6a51f317c41ac66ef771c87bc9d63998b502"},"dob":{"date":"1973-06-24T13:05:19.545Z","age":50},"registered":{"date":"2020-12-29T11:23:49.508Z","age":3},"phone":"016977 3663","cell":"07185 094233","id":{"name":"NINO","value":"SC 60 65 81 Q"},"picture":{"large":"https://randomuser.me/api/portraits/women/21.jpg","medium":"https://randomuser.me/api/portraits/med/women/21.jpg","thumbnail":"https://randomuser.me/api/portraits/thumb/women/21.jpg"},"nat":"GB"}],"info":{"seed":"4c0c0532939f5468","results":1,"page":1,"version":"1.4"}} 
 </msg>
<msg time="2024-06-13T05:15:49.018413" level="INFO">/opt/hostedtoolcache/Python/3.12.3/x64/lib/python3.12/site-packages/urllib3/connectionpool.py:1103: InsecureRequestWarning: Unverified HTTPS request is being made to host 'randomuser.me'. Adding certificate verification is strongly advised. See: https://urllib3.readthedocs.io/en/latest/advanced-usage.html#tls-warnings
  warnings.warn(</msg>
<msg time="2024-06-13T05:15:49.018527" level="INFO">${response} = &lt;Response [200]&gt;</msg>
<var>${response}</var>
<arg>consultarAPI</arg>
<arg>/api</arg>
<doc>Sends a GET request on a previously created HTTP Session.</doc>
<status status="PASS" start="2024-06-13T05:15:48.926733" elapsed="0.091870"/>
</kw>
<kw name="Set Variable" owner="BuiltIn">
<msg time="2024-06-13T05:15:49.019792" level="INFO">${json_data} = {'results': [{'gender': 'female', 'name': {'title': 'Ms', 'first': 'Eleanor', 'last': 'Carpenter'}, 'location': {'street': {'number': 7272, 'name': 'South Street'}, 'city': 'Brighton and Hove', 'state...</msg>
<var>${json_data}</var>
<arg>${response.json()}</arg>
<doc>Returns the given values which can then be assigned to a variables.</doc>
<status status="PASS" start="2024-06-13T05:15:49.019158" elapsed="0.000663"/>
</kw>
<kw name="Set Variable" owner="BuiltIn">
<msg time="2024-06-13T05:15:49.020558" level="INFO">${name_title} = Ms</msg>
<var>${name_title}</var>
<arg>${json_data["results"][0]["name"]["title"]}</arg>
<doc>Returns the given values which can then be assigned to a variables.</doc>
<status status="PASS" start="2024-06-13T05:15:49.020132" elapsed="0.000452"/>
</kw>
<kw name="Create List" owner="BuiltIn">
<msg time="2024-06-13T05:15:49.021038" level="INFO">${allowed_titles} = ['Mr', 'Ms', 'Miss', 'Mrs', 'Madame', 'Monsieur']</msg>
<var>${allowed_titles}</var>
<arg>Mr</arg>
<arg>Ms</arg>
<arg>Miss</arg>
<arg>Mrs</arg>
<arg>Madame</arg>
<arg>Monsieur</arg>
<doc>Returns a list containing given items.</doc>
<status status="PASS" start="2024-06-13T05:15:49.020887" elapsed="0.000176"/>
</kw>
<kw name="List Should Contain Value" owner="Collections">
<arg>${allowed_titles}</arg>
<arg>${name_title}</arg>
<doc>Fails if the ``value`` is not found from ``list``.</doc>
<status status="PASS" start="2024-06-13T05:15:49.021364" elapsed="0.000179"/>
</kw>
<kw name="Set Variable" owner="BuiltIn">
<msg time="2024-06-13T05:15:49.022089" level="INFO">${name_country} = GB</msg>
<var>${name_country}</var>
<arg>${json_data["results"][0]["nat"]}</arg>
<doc>Returns the given values which can then be assigned to a variables.</doc>
<status status="PASS" start="2024-06-13T05:15:49.021726" elapsed="0.000388"/>
</kw>
<kw name="Create List" owner="BuiltIn">
<msg time="2024-06-13T05:15:49.022999" level="INFO">${list_country} = ['AD', 'AE', 'AF', 'AG', 'AI', 'AL', 'AM', 'AO', 'AQ', 'AR', 'AS', 'AT', 'AU', 'AW', 'AX', 'AZ', 'BA', 'BB', 'BD', 'BE', 'BF', 'BG', 'BH', 'BI', 'BJ', 'BL', 'BM', 'BN', 'BO', 'BQ', 'BR', 'BS', 'BT', '...</msg>
<var>${list_country}</var>
<arg>AD</arg>
<arg>AE</arg>
<arg>AF</arg>
<arg>AG</arg>
<arg>AI</arg>
<arg>AL</arg>
<arg>AM</arg>
<arg>AO</arg>
<arg>AQ</arg>
<arg>AR</arg>
<arg>AS</arg>
<arg>AT</arg>
<arg>AU</arg>
<arg>AW</arg>
<arg>AX</arg>
<arg>AZ</arg>
<arg>BA</arg>
<arg>BB</arg>
<arg>BD</arg>
<arg>BE</arg>
<arg>BF</arg>
<arg>BG</arg>
<arg>BH</arg>
<arg>BI</arg>
<arg>BJ</arg>
<arg>BL</arg>
<arg>BM</arg>
<arg>BN</arg>
<arg>BO</arg>
<arg>BQ</arg>
<arg>BR</arg>
<arg>BS</arg>
<arg>BT</arg>
<arg>BV</arg>
<arg>BW</arg>
<arg>BY</arg>
<arg>BZ</arg>
<arg>CA</arg>
<arg>CC</arg>
<arg>CD</arg>
<arg>CF</arg>
<arg>CG</arg>
<arg>CH</arg>
<arg>CI</arg>
<arg>CK</arg>
<arg>CL</arg>
<arg>CM</arg>
<arg>CN</arg>
<arg>CO</arg>
<arg>CR</arg>
<arg>CU</arg>
<arg>CV</arg>
<arg>CW</arg>
<arg>CX</arg>
<arg>CY</arg>
<arg>CZ</arg>
<arg>DE</arg>
<arg>DJ</arg>
<arg>DK</arg>
<arg>DM</arg>
<arg>DO</arg>
<arg>DZ</arg>
<arg>EC</arg>
<arg>EE</arg>
<arg>EG</arg>
<arg>EH</arg>
<arg>ER</arg>
<arg>ES</arg>
<arg>ET</arg>
<arg>FI</arg>
<arg>FJ</arg>
<arg>FK</arg>
<arg>FM</arg>
<arg>FO</arg>
<arg>FR</arg>
<arg>GA</arg>
<arg>GB</arg>
<arg>GD</arg>
<arg>GE</arg>
<arg>GF</arg>
<arg>GG</arg>
<arg>GH</arg>
<arg>GI</arg>
<arg>GL</arg>
<arg>GM</arg>
<arg>GN</arg>
<arg>GP</arg>
<arg>GQ</arg>
<arg>GR</arg>
<arg>GS</arg>
<arg>GT</arg>
<arg>GU</arg>
<arg>GW</arg>
<arg>GY</arg>
<arg>HK</arg>
<arg>HM</arg>
<arg>HN</arg>
<arg>HR</arg>
<arg>HT</arg>
<arg>HU</arg>
<arg>ID</arg>
<arg>IE</arg>
<arg>IL</arg>
<arg>IM</arg>
<arg>IN</arg>
<arg>IO</arg>
<arg>IQ</arg>
<arg>IR</arg>
<arg>IS</arg>
<arg>IT</arg>
<arg>JE</arg>
<arg>JM</arg>
<arg>JO</arg>
<arg>JP</arg>
<arg>KE</arg>
<arg>KG</arg>
<arg>KH</arg>
<arg>KI</arg>
<arg>KM</arg>
<arg>KN</arg>
<arg>KP</arg>
<arg>KR</arg>
<arg>KW</arg>
<arg>KY</arg>
<arg>KZ</arg>
<arg>LA</arg>
<arg>LB</arg>
<arg>LC</arg>
<arg>LI</arg>
<arg>LK</arg>
<arg>LR</arg>
<arg>LS</arg>
<arg>LT</arg>
<arg>LU</arg>
<arg>LV</arg>
<arg>LY</arg>
<arg>MA</arg>
<arg>MC</arg>
<arg>MD</arg>
<arg>ME</arg>
<arg>MF</arg>
<arg>MG</arg>
<arg>MH</arg>
<arg>MK</arg>
<arg>ML</arg>
<arg>MM</arg>
<arg>MN</arg>
<arg>MO</arg>
<arg>MP</arg>
<arg>MQ</arg>
<arg>MR</arg>
<arg>MS</arg>
<arg>MT</arg>
<arg>MU</arg>
<arg>MV</arg>
<arg>MW</arg>
<arg>MX</arg>
<arg>MY</arg>
<arg>MZ</arg>
<arg>NA</arg>
<arg>NC</arg>
<arg>NE</arg>
<arg>NF</arg>
<arg>NG</arg>
<arg>NI</arg>
<arg>NL</arg>
<arg>NO</arg>
<arg>NP</arg>
<arg>NR</arg>
<arg>NU</arg>
<arg>NZ</arg>
<arg>OM</arg>
<arg>PA</arg>
<arg>PE</arg>
<arg>PF</arg>
<arg>PG</arg>
<arg>PH</arg>
<arg>PK</arg>
<arg>PL</arg>
<arg>PM</arg>
<arg>PN</arg>
<arg>PR</arg>
<arg>PS</arg>
<arg>PT</arg>
<arg>PW</arg>
<arg>PY</arg>
<arg>QA</arg>
<arg>RE</arg>
<arg>RO</arg>
<arg>RS</arg>
<arg>RU</arg>
<arg>RW</arg>
<arg>SA</arg>
<arg>SB</arg>
<arg>SC</arg>
<arg>SD</arg>
<arg>SE</arg>
<arg>SG</arg>
<arg>SH</arg>
<arg>SI</arg>
<arg>SJ</arg>
<arg>SK</arg>
<arg>SL</arg>
<arg>SM</arg>
<arg>SN</arg>
<arg>SO</arg>
<arg>SR</arg>
<arg>SS</arg>
<arg>ST</arg>
<arg>SV</arg>
<arg>SX</arg>
<arg>SY</arg>
<arg>SZ</arg>
<arg>TC</arg>
<arg>TD</arg>
<arg>TF</arg>
<arg>TG</arg>
<arg>TH</arg>
<arg>TJ</arg>
<arg>TK</arg>
<arg>TL</arg>
<arg>TM</arg>
<arg>TN</arg>
<arg>TO</arg>
<arg>TR</arg>
<arg>TT</arg>
<arg>TV</arg>
<arg>TW</arg>
<arg>TZ</arg>
<arg>UA</arg>
<arg>UG</arg>
<arg>UM</arg>
<arg>US</arg>
<arg>UY</arg>
<arg>UZ</arg>
<arg>VA</arg>
<arg>VC</arg>
<arg>VE</arg>
<arg>VG</arg>
<arg>VI</arg>
<arg>VN</arg>
<arg>VU</arg>
<arg>WF</arg>
<arg>WS</arg>
<arg>XK</arg>
<arg>YE</arg>
<arg>YT</arg>
<arg>ZA</arg>
<arg>ZM</arg>
<arg>ZW</arg>
<doc>Returns a list containing given items.</doc>
<status status="PASS" start="2024-06-13T05:15:49.022405" elapsed="0.000620"/>
</kw>
<kw name="List Should Contain Value" owner="Collections">
<arg>${list_country}</arg>
<arg>${name_country}</arg>
<doc>Fails if the ``value`` is not found from ``list``.</doc>
<status status="PASS" start="2024-06-13T05:15:49.023816" elapsed="0.000210"/>
</kw>
<kw name="Run Keyword If" owner="BuiltIn">
<kw name="Should Be True" owner="BuiltIn">
<arg>${True}</arg>
<doc>Fails if the given condition is not true.</doc>
<status status="PASS" start="2024-06-13T05:15:49.024982" elapsed="0.000142"/>
</kw>
<arg>${json_data["results"][0]["location"]["coordinates"]["latitude"]} &gt;= -90 and ${json_data["results"][0]["location"]["coordinates"]["latitude"]} &lt;= 90</arg>
<arg>Should Be True</arg>
<arg>${True}</arg>
<doc>Runs the given keyword with the given arguments, if ``condition`` is true.</doc>
<status status="PASS" start="2024-06-13T05:15:49.024250" elapsed="0.001001"/>
</kw>
<kw name="Run Keyword If" owner="BuiltIn">
<kw name="Should Be True" owner="BuiltIn">
<arg>${True}</arg>
<doc>Fails if the given condition is not true.</doc>
<status status="PASS" start="2024-06-13T05:15:49.026119" elapsed="0.000140"/>
</kw>
<arg>${json_data["results"][0]["location"]["coordinates"]["longitude"]} &gt;= -180 and ${json_data["results"][0]["location"]["coordinates"]["longitude"]} &lt;= 180</arg>
<arg>Should Be True</arg>
<arg>${True}</arg>
<doc>Runs the given keyword with the given arguments, if ``condition`` is true.</doc>
<status status="PASS" start="2024-06-13T05:15:49.025435" elapsed="0.000947"/>
</kw>
<status status="PASS" start="2024-06-13T05:15:48.926326" elapsed="0.100185"/>
</kw>
<doc>Testa o conteúdo específico dos campos retornados pela API.</doc>
<tag>testeConteudo</tag>
<status status="PASS" start="2024-06-13T05:15:48.925777" elapsed="0.100880"/>
</test>
<status status="PASS" start="2024-06-13T05:15:48.065149" elapsed="0.963496"/>
</suite>
<status status="PASS" start="2024-06-13T05:15:48.051554" elapsed="0.982273"/>
</suite>
<statistics>
<total>
<stat pass="5" fail="0" skip="0">All Tests</stat>
</total>
<tag>
<stat pass="1" fail="0" skip="0">testeConteudo</stat>
<stat pass="1" fail="0" skip="0">testeEstruturaResposta</stat>
<stat pass="1" fail="0" skip="0">testeRequisicaoBasica</stat>
<stat pass="1" fail="0" skip="0">testeTiposDados</stat>
</tag>
<suite>
<stat pass="5" fail="0" skip="0" id="s1" name="Tests">Tests</stat>
<stat pass="5" fail="0" skip="0" id="s1-s1" name="Random-User-Test">Tests.Random-User-Test</stat>
</suite>
</statistics>
<errors>
</errors>
</robot>
