<?xml version="1.0" encoding="UTF-8"?>
<robot generator="Robot 7.0 (Python 3.12.3 on linux)" generated="2024-05-06T15:14:55.829488" rpa="false" schemaversion="5">
<suite id="s1" name="Tests" source="/home/runner/work/DesafioQAItauRogerioJordao/DesafioQAItauRogerioJordao/RamdonUser/tests">
<suite id="s1-s1" name="Random-User-Test" source="/home/runner/work/DesafioQAItauRogerioJordao/DesafioQAItauRogerioJordao/RamdonUser/tests/random-user-test.robot">
<test id="s1-s1-t1" name="Conectar" line="13">
<kw name="Conectar API" owner="random-user-service">
<kw name="Create Session" owner="RequestsLibrary">
<msg time="2024-05-06T15:14:56.207464" level="INFO">Creating Session using : alias=consultarAPI, url=https://randomuser.me/, headers={},                     cookies={}, auth=None, timeout=None, proxies=None, verify=False,                     debug=0 </msg>
<arg>consultarAPI</arg>
<arg>${URL}</arg>
<doc>Create Session: create a HTTP session to a server</doc>
<status status="PASS" start="2024-05-06T15:14:56.207260" elapsed="0.000375"/>
</kw>
<status status="PASS" start="2024-05-06T15:14:56.206282" elapsed="0.001711"/>
</kw>
<status status="PASS" start="2024-05-06T15:14:56.205665" elapsed="0.002519"/>
</test>
<test id="s1-s1-t2" name="Validar retorno 200 e JSON Válido" line="16">
<kw name="Teste de Requisicao Basica" owner="random-user-service">
<kw name="GET On Session" owner="RequestsLibrary">
<msg time="2024-05-06T15:14:56.382295" level="INFO">GET Request : url=https://randomuser.me/api 
 path_url=/api 
 headers={'User-Agent': 'python-requests/2.31.0', 'Accept-Encoding': 'gzip, deflate', 'Accept': '*/*', 'Connection': 'keep-alive'} 
 body=None 
 </msg>
<msg time="2024-05-06T15:14:56.382463" level="INFO">GET Response : url=https://randomuser.me/api 
 status=200, reason=OK 
 headers={'Date': 'Mon, 06 May 2024 15:14:56 GMT', 'Content-Type': 'application/json; charset=utf-8', 'Transfer-Encoding': 'chunked', 'Connection': 'keep-alive', 'X-Powered-By': 'Express', 'Access-Control-Allow-Origin': '*', 'Cache-Control': 'no-cache', 'ETag': 'W/"486-NDzknCvlER/wqVdkt7iQvNmhLkg"', 'Vary': 'Accept-Encoding', 'Content-Encoding': 'gzip', 'CF-Cache-Status': 'DYNAMIC', 'Report-To': '{"endpoints":[{"url":"https:\\/\\/a.nel.cloudflare.com\\/report\\/v4?s=2YiKPpPbRMDREzzgIHnveHN540hVaT95NhAUXy8SOH2dGo9s5ZlRsTItbVeMg6cLjRtl3aIF6d38olrc8zPIppgbV6yzjmNhTTlFji%2F2hd%2BL51YGN5E8Lf%2BBcLOHid0J"}],"group":"cf-nel","max_age":604800}', 'NEL': '{"success_fraction":0,"report_to":"cf-nel","max_age":604800}', 'Server': 'cloudflare', 'CF-RAY': '87f9ec3db8e37ba7-LAX', 'alt-svc': 'h3=":443"; ma=86400'} 
 body={"results":[{"gender":"female","name":{"title":"Ms","first":"Gül","last":"Yalçın"},"location":{"street":{"number":1367,"name":"Mevlana Cd"},"city":"Kütahya","state":"Hakkâri","country":"Turkey","postcode":94600,"coordinates":{"latitude":"68.1747","longitude":"90.6527"},"timezone":{"offset":"-4:00","description":"Atlantic Time (Canada), Caracas, La Paz"}},"email":"gul.yalcin@example.com","login":{"uuid":"8dc42e85-fc60-4e6a-9203-f5fe953fbe69","username":"bluezebra413","password":"336699","salt":"WAb5xQfi","md5":"2a6d602593ff78eb6256c6194374d8fc","sha1":"ab7669ffdf519352cdf3eec4923a487313f2dc44","sha256":"3c9c6bf1ac434bb3b4d131815945d32c76e89617b015005173f721fb05393ee0"},"dob":{"date":"1998-01-06T20:14:33.698Z","age":26},"registered":{"date":"2019-11-15T23:27:16.084Z","age":4},"phone":"(329)-783-6106","cell":"(480)-012-4544","id":{"name":"","value":null},"picture":{"large":"https://randomuser.me/api/portraits/women/56.jpg","medium":"https://randomuser.me/api/portraits/med/women/56.jpg","thumbnail":"https://randomuser.me/api/portraits/thumb/women/56.jpg"},"nat":"TR"}],"info":{"seed":"9bce7f50647c5880","results":1,"page":1,"version":"1.4"}} 
 </msg>
<msg time="2024-05-06T15:14:56.382561" level="INFO">/opt/hostedtoolcache/Python/3.12.3/x64/lib/python3.12/site-packages/urllib3/connectionpool.py:1103: InsecureRequestWarning: Unverified HTTPS request is being made to host 'randomuser.me'. Adding certificate verification is strongly advised. See: https://urllib3.readthedocs.io/en/latest/advanced-usage.html#tls-warnings
  warnings.warn(</msg>
<msg time="2024-05-06T15:14:56.382715" level="INFO">${response} = &lt;Response [200]&gt;</msg>
<var>${response}</var>
<arg>consultarAPI</arg>
<arg>/api</arg>
<doc>Sends a GET request on a previously created HTTP Session.</doc>
<status status="PASS" start="2024-05-06T15:14:56.210823" elapsed="0.171931"/>
</kw>
<kw name="Should Be Equal As Numbers" owner="BuiltIn">
<msg time="2024-05-06T15:14:56.383748" level="INFO">Argument types are:
&lt;class 'int'&gt;
&lt;class 'str'&gt;</msg>
<arg>${response.status_code}</arg>
<arg>200</arg>
<doc>Fails if objects are unequal after converting them to real numbers.</doc>
<status status="PASS" start="2024-05-06T15:14:56.383290" elapsed="0.000523"/>
</kw>
<kw name="Log" owner="BuiltIn">
<msg time="2024-05-06T15:14:56.384478" level="INFO">200</msg>
<arg>${response.status_code}</arg>
<doc>Logs the given message with the given level.</doc>
<status status="PASS" start="2024-05-06T15:14:56.384131" elapsed="0.000387"/>
</kw>
<kw name="Set Variable" owner="BuiltIn">
<msg time="2024-05-06T15:14:56.385257" level="INFO">${json_data} = {'results': [{'gender': 'female', 'name': {'title': 'Ms', 'first': 'Gül', 'last': 'Yalçın'}, 'location': {'street': {'number': 1367, 'name': 'Mevlana Cd'}, 'city': 'Kütahya', 'state': 'Hakkâri', 'coun...</msg>
<var>${json_data}</var>
<arg>${response.json()}</arg>
<doc>Returns the given values which can then be assigned to a variables.</doc>
<status status="PASS" start="2024-05-06T15:14:56.384817" elapsed="0.000469"/>
</kw>
<kw name="Dictionary Should Contain Key" owner="Collections">
<msg time="2024-05-06T15:14:56.385754" level="INFO">False</msg>
<arg>${json_data}</arg>
<arg>results</arg>
<doc>Fails if ``key`` is not found from ``dictionary``.</doc>
<status status="PASS" start="2024-05-06T15:14:56.385584" elapsed="0.000209"/>
</kw>
<status status="PASS" start="2024-05-06T15:14:56.210580" elapsed="0.175467"/>
</kw>
<doc>Testa se a API responde corretamente e retorna um objeto JSON válido.</doc>
<tag>testeRequisicaoBasica</tag>
<status status="PASS" start="2024-05-06T15:14:56.210051" elapsed="0.176178"/>
</test>
<test id="s1-s1-t3" name="Validar estrutura de resposta" line="22">
<kw name="Teste de Estrutura de Resposta" owner="random-user-service">
<kw name="GET On Session" owner="RequestsLibrary">
<msg time="2024-05-06T15:14:56.492816" level="INFO">GET Request : url=https://randomuser.me/api 
 path_url=/api 
 headers={'User-Agent': 'python-requests/2.31.0', 'Accept-Encoding': 'gzip, deflate', 'Accept': '*/*', 'Connection': 'keep-alive'} 
 body=None 
 </msg>
<msg time="2024-05-06T15:14:56.492888" level="INFO">GET Response : url=https://randomuser.me/api 
 status=200, reason=OK 
 headers={'Date': 'Mon, 06 May 2024 15:14:56 GMT', 'Content-Type': 'application/json; charset=utf-8', 'Transfer-Encoding': 'chunked', 'Connection': 'keep-alive', 'X-Powered-By': 'Express', 'Access-Control-Allow-Origin': '*', 'Cache-Control': 'no-cache', 'ETag': 'W/"475-ajmjgvH6UQlp37iOOzTmo1Phlo8"', 'Vary': 'Accept-Encoding', 'Content-Encoding': 'gzip', 'CF-Cache-Status': 'DYNAMIC', 'Report-To': '{"endpoints":[{"url":"https:\\/\\/a.nel.cloudflare.com\\/report\\/v4?s=aRnhFekpvBnfmdBv%2F371ryZKJzm%2FvaY8NiOx6Bncf4RwUmNhdOQUe0qHJNg9gCDcwFQiuIN8Dc2fwoYiGPEotlaqcIN8cEqwJjiIYHVPrjq1LNgolfW%2BxRZQgEKScxAW"}],"group":"cf-nel","max_age":604800}', 'NEL': '{"success_fraction":0,"report_to":"cf-nel","max_age":604800}', 'Server': 'cloudflare', 'CF-RAY': '87f9ec3e799c7ba7-LAX', 'alt-svc': 'h3=":443"; ma=86400'} 
 body={"results":[{"gender":"male","name":{"title":"Mr","first":"Lewis","last":"Taylor"},"location":{"street":{"number":8255,"name":"Prebensen Drive"},"city":"Palmerston North","state":"West Coast","country":"New Zealand","postcode":72814,"coordinates":{"latitude":"53.3822","longitude":"-107.1724"},"timezone":{"offset":"+3:30","description":"Tehran"}},"email":"lewis.taylor@example.com","login":{"uuid":"ab9da9fb-98c4-4e89-ba3f-69f5e0cf4043","username":"brownzebra443","password":"people","salt":"LHYq6HMT","md5":"3a43c2c5ca3739d68609e33a86c7cbc5","sha1":"e189bb6c44ba8f28a14c76bb6d9039988a1d4ac0","sha256":"a84d6369c0d166b7d1202437056e9bf05ad239e818c8e0a7ffb2b79fcdb53e0e"},"dob":{"date":"1979-08-17T04:11:14.039Z","age":44},"registered":{"date":"2021-06-24T03:05:56.901Z","age":2},"phone":"(808)-920-2260","cell":"(369)-974-6389","id":{"name":"","value":null},"picture":{"large":"https://randomuser.me/api/portraits/men/31.jpg","medium":"https://randomuser.me/api/portraits/med/men/31.jpg","thumbnail":"https://randomuser.me/api/portraits/thumb/men/31.jpg"},"nat":"NZ"}],"info":{"seed":"85e1d71c0360fe18","results":1,"page":1,"version":"1.4"}} 
 </msg>
<msg time="2024-05-06T15:14:56.492988" level="INFO">/opt/hostedtoolcache/Python/3.12.3/x64/lib/python3.12/site-packages/urllib3/connectionpool.py:1103: InsecureRequestWarning: Unverified HTTPS request is being made to host 'randomuser.me'. Adding certificate verification is strongly advised. See: https://urllib3.readthedocs.io/en/latest/advanced-usage.html#tls-warnings
  warnings.warn(</msg>
<msg time="2024-05-06T15:14:56.493088" level="INFO">${response} = &lt;Response [200]&gt;</msg>
<var>${response}</var>
<arg>consultarAPI</arg>
<arg>/api</arg>
<doc>Sends a GET request on a previously created HTTP Session.</doc>
<status status="PASS" start="2024-05-06T15:14:56.388850" elapsed="0.104279"/>
</kw>
<kw name="Set Variable" owner="BuiltIn">
<msg time="2024-05-06T15:14:56.493993" level="INFO">${json_data} = {'results': [{'gender': 'male', 'name': {'title': 'Mr', 'first': 'Lewis', 'last': 'Taylor'}, 'location': {'street': {'number': 8255, 'name': 'Prebensen Drive'}, 'city': 'Palmerston North', 'state': 'W...</msg>
<var>${json_data}</var>
<arg>${response.json()}</arg>
<doc>Returns the given values which can then be assigned to a variables.</doc>
<status status="PASS" start="2024-05-06T15:14:56.493522" elapsed="0.000498"/>
</kw>
<kw name="Log" owner="BuiltIn">
<msg time="2024-05-06T15:14:56.494475" level="INFO">{'results': [{'gender': 'male', 'name': {'title': 'Mr', 'first': 'Lewis', 'last': 'Taylor'}, 'location': {'street': {'number': 8255, 'name': 'Prebensen Drive'}, 'city': 'Palmerston North', 'state': 'West Coast', 'country': 'New Zealand', 'postcode': 72814, 'coordinates': {'latitude': '53.3822', 'longitude': '-107.1724'}, 'timezone': {'offset': '+3:30', 'description': 'Tehran'}}, 'email': 'lewis.taylor@example.com', 'login': {'uuid': 'ab9da9fb-98c4-4e89-ba3f-69f5e0cf4043', 'username': 'brownzebra443', 'password': 'people', 'salt': 'LHYq6HMT', 'md5': '3a43c2c5ca3739d68609e33a86c7cbc5', 'sha1': 'e189bb6c44ba8f28a14c76bb6d9039988a1d4ac0', 'sha256': 'a84d6369c0d166b7d1202437056e9bf05ad239e818c8e0a7ffb2b79fcdb53e0e'}, 'dob': {'date': '1979-08-17T04:11:14.039Z', 'age': 44}, 'registered': {'date': '2021-06-24T03:05:56.901Z', 'age': 2}, 'phone': '(808)-920-2260', 'cell': '(369)-974-6389', 'id': {'name': '', 'value': None}, 'picture': {'large': 'https://randomuser.me/api/portraits/men/31.jpg', 'medium': 'https://randomuser.me/api/portraits/med/men/31.jpg', 'thumbnail': 'https://randomuser.me/api/portraits/thumb/men/31.jpg'}, 'nat': 'NZ'}], 'info': {'seed': '85e1d71c0360fe18', 'results': 1, 'page': 1, 'version': '1.4'}}</msg>
<arg>${json_data}</arg>
<doc>Logs the given message with the given level.</doc>
<status status="PASS" start="2024-05-06T15:14:56.494321" elapsed="0.000200"/>
</kw>
<kw name="Dictionary Should Contain Key" owner="Collections">
<msg time="2024-05-06T15:14:56.495000" level="INFO">False</msg>
<arg>${json_data}</arg>
<arg>results</arg>
<doc>Fails if ``key`` is not found from ``dictionary``.</doc>
<status status="PASS" start="2024-05-06T15:14:56.494810" elapsed="0.000229"/>
</kw>
<kw name="Should Not Be Empty" owner="BuiltIn">
<msg time="2024-05-06T15:14:56.495471" level="INFO">Length is 2.</msg>
<arg>${json_data}</arg>
<doc>Verifies that the given item is not empty.</doc>
<status status="PASS" start="2024-05-06T15:14:56.495334" elapsed="0.000319"/>
</kw>
<kw name="Create List" owner="BuiltIn">
<msg time="2024-05-06T15:14:56.496104" level="INFO">${expected_keys} = ['gender', 'name', 'location', 'email', 'login']</msg>
<var>${expected_keys}</var>
<arg>gender</arg>
<arg>name</arg>
<arg>location</arg>
<arg>email</arg>
<arg>login</arg>
<doc>Returns a list containing given items.</doc>
<status status="PASS" start="2024-05-06T15:14:56.495955" elapsed="0.000173"/>
</kw>
<for flavor="IN">
<iter>
<kw name="Dictionary Should Contain Key" owner="Collections">
<msg time="2024-05-06T15:14:56.497101" level="INFO">False</msg>
<arg>${json_data['results'][0]}</arg>
<arg>${key}</arg>
<doc>Fails if ``key`` is not found from ``dictionary``.</doc>
<status status="PASS" start="2024-05-06T15:14:56.496700" elapsed="0.000439"/>
</kw>
<kw name="Log" owner="BuiltIn">
<msg time="2024-05-06T15:14:56.497839" level="INFO">{'gender': 'male', 'name': {'title': 'Mr', 'first': 'Lewis', 'last': 'Taylor'}, 'location': {'street': {'number': 8255, 'name': 'Prebensen Drive'}, 'city': 'Palmerston North', 'state': 'West Coast', 'country': 'New Zealand', 'postcode': 72814, 'coordinates': {'latitude': '53.3822', 'longitude': '-107.1724'}, 'timezone': {'offset': '+3:30', 'description': 'Tehran'}}, 'email': 'lewis.taylor@example.com', 'login': {'uuid': 'ab9da9fb-98c4-4e89-ba3f-69f5e0cf4043', 'username': 'brownzebra443', 'password': 'people', 'salt': 'LHYq6HMT', 'md5': '3a43c2c5ca3739d68609e33a86c7cbc5', 'sha1': 'e189bb6c44ba8f28a14c76bb6d9039988a1d4ac0', 'sha256': 'a84d6369c0d166b7d1202437056e9bf05ad239e818c8e0a7ffb2b79fcdb53e0e'}, 'dob': {'date': '1979-08-17T04:11:14.039Z', 'age': 44}, 'registered': {'date': '2021-06-24T03:05:56.901Z', 'age': 2}, 'phone': '(808)-920-2260', 'cell': '(369)-974-6389', 'id': {'name': '', 'value': None}, 'picture': {'large': 'https://randomuser.me/api/portraits/men/31.jpg', 'medium': 'https://randomuser.me/api/portraits/med/men/31.jpg', 'thumbnail': 'https://randomuser.me/api/portraits/thumb/men/31.jpg'}, 'nat': 'NZ'}</msg>
<arg>${json_data['results'][0]}</arg>
<doc>Logs the given message with the given level.</doc>
<status status="PASS" start="2024-05-06T15:14:56.497436" elapsed="0.000460"/>
</kw>
<kw name="Log" owner="BuiltIn">
<msg time="2024-05-06T15:14:56.498365" level="INFO">gender</msg>
<arg>${key}</arg>
<doc>Logs the given message with the given level.</doc>
<status status="PASS" start="2024-05-06T15:14:56.498236" elapsed="0.000166"/>
</kw>
<var name="${key}">gender</var>
<status status="PASS" start="2024-05-06T15:14:56.496574" elapsed="0.002041"/>
</iter>
<iter>
<kw name="Dictionary Should Contain Key" owner="Collections">
<msg time="2024-05-06T15:14:56.499319" level="INFO">False</msg>
<arg>${json_data['results'][0]}</arg>
<arg>${key}</arg>
<doc>Fails if ``key`` is not found from ``dictionary``.</doc>
<status status="PASS" start="2024-05-06T15:14:56.498916" elapsed="0.000440"/>
</kw>
<kw name="Log" owner="BuiltIn">
<msg time="2024-05-06T15:14:56.500041" level="INFO">{'gender': 'male', 'name': {'title': 'Mr', 'first': 'Lewis', 'last': 'Taylor'}, 'location': {'street': {'number': 8255, 'name': 'Prebensen Drive'}, 'city': 'Palmerston North', 'state': 'West Coast', 'country': 'New Zealand', 'postcode': 72814, 'coordinates': {'latitude': '53.3822', 'longitude': '-107.1724'}, 'timezone': {'offset': '+3:30', 'description': 'Tehran'}}, 'email': 'lewis.taylor@example.com', 'login': {'uuid': 'ab9da9fb-98c4-4e89-ba3f-69f5e0cf4043', 'username': 'brownzebra443', 'password': 'people', 'salt': 'LHYq6HMT', 'md5': '3a43c2c5ca3739d68609e33a86c7cbc5', 'sha1': 'e189bb6c44ba8f28a14c76bb6d9039988a1d4ac0', 'sha256': 'a84d6369c0d166b7d1202437056e9bf05ad239e818c8e0a7ffb2b79fcdb53e0e'}, 'dob': {'date': '1979-08-17T04:11:14.039Z', 'age': 44}, 'registered': {'date': '2021-06-24T03:05:56.901Z', 'age': 2}, 'phone': '(808)-920-2260', 'cell': '(369)-974-6389', 'id': {'name': '', 'value': None}, 'picture': {'large': 'https://randomuser.me/api/portraits/men/31.jpg', 'medium': 'https://randomuser.me/api/portraits/med/men/31.jpg', 'thumbnail': 'https://randomuser.me/api/portraits/thumb/men/31.jpg'}, 'nat': 'NZ'}</msg>
<arg>${json_data['results'][0]}</arg>
<doc>Logs the given message with the given level.</doc>
<status status="PASS" start="2024-05-06T15:14:56.499679" elapsed="0.000408"/>
</kw>
<kw name="Log" owner="BuiltIn">
<msg time="2024-05-06T15:14:56.500507" level="INFO">name</msg>
<arg>${key}</arg>
<doc>Logs the given message with the given level.</doc>
<status status="PASS" start="2024-05-06T15:14:56.500381" elapsed="0.000162"/>
</kw>
<var name="${key}">name</var>
<status status="PASS" start="2024-05-06T15:14:56.498800" elapsed="0.001956"/>
</iter>
<iter>
<kw name="Dictionary Should Contain Key" owner="Collections">
<msg time="2024-05-06T15:14:56.501427" level="INFO">False</msg>
<arg>${json_data['results'][0]}</arg>
<arg>${key}</arg>
<doc>Fails if ``key`` is not found from ``dictionary``.</doc>
<status status="PASS" start="2024-05-06T15:14:56.501046" elapsed="0.000418"/>
</kw>
<kw name="Log" owner="BuiltIn">
<msg time="2024-05-06T15:14:56.502122" level="INFO">{'gender': 'male', 'name': {'title': 'Mr', 'first': 'Lewis', 'last': 'Taylor'}, 'location': {'street': {'number': 8255, 'name': 'Prebensen Drive'}, 'city': 'Palmerston North', 'state': 'West Coast', 'country': 'New Zealand', 'postcode': 72814, 'coordinates': {'latitude': '53.3822', 'longitude': '-107.1724'}, 'timezone': {'offset': '+3:30', 'description': 'Tehran'}}, 'email': 'lewis.taylor@example.com', 'login': {'uuid': 'ab9da9fb-98c4-4e89-ba3f-69f5e0cf4043', 'username': 'brownzebra443', 'password': 'people', 'salt': 'LHYq6HMT', 'md5': '3a43c2c5ca3739d68609e33a86c7cbc5', 'sha1': 'e189bb6c44ba8f28a14c76bb6d9039988a1d4ac0', 'sha256': 'a84d6369c0d166b7d1202437056e9bf05ad239e818c8e0a7ffb2b79fcdb53e0e'}, 'dob': {'date': '1979-08-17T04:11:14.039Z', 'age': 44}, 'registered': {'date': '2021-06-24T03:05:56.901Z', 'age': 2}, 'phone': '(808)-920-2260', 'cell': '(369)-974-6389', 'id': {'name': '', 'value': None}, 'picture': {'large': 'https://randomuser.me/api/portraits/men/31.jpg', 'medium': 'https://randomuser.me/api/portraits/med/men/31.jpg', 'thumbnail': 'https://randomuser.me/api/portraits/thumb/men/31.jpg'}, 'nat': 'NZ'}</msg>
<arg>${json_data['results'][0]}</arg>
<doc>Logs the given message with the given level.</doc>
<status status="PASS" start="2024-05-06T15:14:56.501759" elapsed="0.000409"/>
</kw>
<kw name="Log" owner="BuiltIn">
<msg time="2024-05-06T15:14:56.502587" level="INFO">location</msg>
<arg>${key}</arg>
<doc>Logs the given message with the given level.</doc>
<status status="PASS" start="2024-05-06T15:14:56.502462" elapsed="0.000162"/>
</kw>
<var name="${key}">location</var>
<status status="PASS" start="2024-05-06T15:14:56.500934" elapsed="0.001904"/>
</iter>
<iter>
<kw name="Dictionary Should Contain Key" owner="Collections">
<msg time="2024-05-06T15:14:56.503528" level="INFO">False</msg>
<arg>${json_data['results'][0]}</arg>
<arg>${key}</arg>
<doc>Fails if ``key`` is not found from ``dictionary``.</doc>
<status status="PASS" start="2024-05-06T15:14:56.503142" elapsed="0.000423"/>
</kw>
<kw name="Log" owner="BuiltIn">
<msg time="2024-05-06T15:14:56.504225" level="INFO">{'gender': 'male', 'name': {'title': 'Mr', 'first': 'Lewis', 'last': 'Taylor'}, 'location': {'street': {'number': 8255, 'name': 'Prebensen Drive'}, 'city': 'Palmerston North', 'state': 'West Coast', 'country': 'New Zealand', 'postcode': 72814, 'coordinates': {'latitude': '53.3822', 'longitude': '-107.1724'}, 'timezone': {'offset': '+3:30', 'description': 'Tehran'}}, 'email': 'lewis.taylor@example.com', 'login': {'uuid': 'ab9da9fb-98c4-4e89-ba3f-69f5e0cf4043', 'username': 'brownzebra443', 'password': 'people', 'salt': 'LHYq6HMT', 'md5': '3a43c2c5ca3739d68609e33a86c7cbc5', 'sha1': 'e189bb6c44ba8f28a14c76bb6d9039988a1d4ac0', 'sha256': 'a84d6369c0d166b7d1202437056e9bf05ad239e818c8e0a7ffb2b79fcdb53e0e'}, 'dob': {'date': '1979-08-17T04:11:14.039Z', 'age': 44}, 'registered': {'date': '2021-06-24T03:05:56.901Z', 'age': 2}, 'phone': '(808)-920-2260', 'cell': '(369)-974-6389', 'id': {'name': '', 'value': None}, 'picture': {'large': 'https://randomuser.me/api/portraits/men/31.jpg', 'medium': 'https://randomuser.me/api/portraits/med/men/31.jpg', 'thumbnail': 'https://randomuser.me/api/portraits/thumb/men/31.jpg'}, 'nat': 'NZ'}</msg>
<arg>${json_data['results'][0]}</arg>
<doc>Logs the given message with the given level.</doc>
<status status="PASS" start="2024-05-06T15:14:56.503865" elapsed="0.000407"/>
</kw>
<kw name="Log" owner="BuiltIn">
<msg time="2024-05-06T15:14:56.504688" level="INFO">email</msg>
<arg>${key}</arg>
<doc>Logs the given message with the given level.</doc>
<status status="PASS" start="2024-05-06T15:14:56.504562" elapsed="0.000162"/>
</kw>
<var name="${key}">email</var>
<status status="PASS" start="2024-05-06T15:14:56.503031" elapsed="0.001904"/>
</iter>
<iter>
<kw name="Dictionary Should Contain Key" owner="Collections">
<msg time="2024-05-06T15:14:56.505596" level="INFO">False</msg>
<arg>${json_data['results'][0]}</arg>
<arg>${key}</arg>
<doc>Fails if ``key`` is not found from ``dictionary``.</doc>
<status status="PASS" start="2024-05-06T15:14:56.505211" elapsed="0.000420"/>
</kw>
<kw name="Log" owner="BuiltIn">
<msg time="2024-05-06T15:14:56.506291" level="INFO">{'gender': 'male', 'name': {'title': 'Mr', 'first': 'Lewis', 'last': 'Taylor'}, 'location': {'street': {'number': 8255, 'name': 'Prebensen Drive'}, 'city': 'Palmerston North', 'state': 'West Coast', 'country': 'New Zealand', 'postcode': 72814, 'coordinates': {'latitude': '53.3822', 'longitude': '-107.1724'}, 'timezone': {'offset': '+3:30', 'description': 'Tehran'}}, 'email': 'lewis.taylor@example.com', 'login': {'uuid': 'ab9da9fb-98c4-4e89-ba3f-69f5e0cf4043', 'username': 'brownzebra443', 'password': 'people', 'salt': 'LHYq6HMT', 'md5': '3a43c2c5ca3739d68609e33a86c7cbc5', 'sha1': 'e189bb6c44ba8f28a14c76bb6d9039988a1d4ac0', 'sha256': 'a84d6369c0d166b7d1202437056e9bf05ad239e818c8e0a7ffb2b79fcdb53e0e'}, 'dob': {'date': '1979-08-17T04:11:14.039Z', 'age': 44}, 'registered': {'date': '2021-06-24T03:05:56.901Z', 'age': 2}, 'phone': '(808)-920-2260', 'cell': '(369)-974-6389', 'id': {'name': '', 'value': None}, 'picture': {'large': 'https://randomuser.me/api/portraits/men/31.jpg', 'medium': 'https://randomuser.me/api/portraits/med/men/31.jpg', 'thumbnail': 'https://randomuser.me/api/portraits/thumb/men/31.jpg'}, 'nat': 'NZ'}</msg>
<arg>${json_data['results'][0]}</arg>
<doc>Logs the given message with the given level.</doc>
<status status="PASS" start="2024-05-06T15:14:56.505924" elapsed="0.000412"/>
</kw>
<kw name="Log" owner="BuiltIn">
<msg time="2024-05-06T15:14:56.506754" level="INFO">login</msg>
<arg>${key}</arg>
<doc>Logs the given message with the given level.</doc>
<status status="PASS" start="2024-05-06T15:14:56.506628" elapsed="0.000162"/>
</kw>
<var name="${key}">login</var>
<status status="PASS" start="2024-05-06T15:14:56.505102" elapsed="0.001925"/>
</iter>
<var>${key}</var>
<value>@{expected_keys}</value>
<status status="PASS" start="2024-05-06T15:14:56.496387" elapsed="0.010761"/>
</for>
<kw name="Create List" owner="BuiltIn">
<msg time="2024-05-06T15:14:56.507504" level="INFO">${expected_keysTwo} = ['username', 'password']</msg>
<var>${expected_keysTwo}</var>
<arg>username</arg>
<arg>password</arg>
<doc>Returns a list containing given items.</doc>
<status status="PASS" start="2024-05-06T15:14:56.507368" elapsed="0.000159"/>
</kw>
<for flavor="IN">
<iter>
<kw name="Dictionary Should Contain Key" owner="Collections">
<msg time="2024-05-06T15:14:56.508404" level="INFO">False</msg>
<arg>${json_data['results'][0]['login']}</arg>
<arg>${keyTwo}</arg>
<doc>Fails if ``key`` is not found from ``dictionary``.</doc>
<status status="PASS" start="2024-05-06T15:14:56.508016" elapsed="0.000425"/>
</kw>
<kw name="Dictionary Should Contain Key" owner="Collections">
<msg time="2024-05-06T15:14:56.509107" level="INFO">False</msg>
<arg>${json_data['results'][0]['login']}</arg>
<arg>${keyTwo}</arg>
<doc>Fails if ``key`` is not found from ``dictionary``.</doc>
<status status="PASS" start="2024-05-06T15:14:56.508731" elapsed="0.000413"/>
</kw>
<kw name="Log" owner="BuiltIn">
<msg time="2024-05-06T15:14:56.509555" level="INFO">username</msg>
<arg>${keyTwo}</arg>
<doc>Logs the given message with the given level.</doc>
<status status="PASS" start="2024-05-06T15:14:56.509431" elapsed="0.000165"/>
</kw>
<var name="${keyTwo}">username</var>
<status status="PASS" start="2024-05-06T15:14:56.507906" elapsed="0.001901"/>
</iter>
<iter>
<kw name="Dictionary Should Contain Key" owner="Collections">
<msg time="2024-05-06T15:14:56.510543" level="INFO">False</msg>
<arg>${json_data['results'][0]['login']}</arg>
<arg>${keyTwo}</arg>
<doc>Fails if ``key`` is not found from ``dictionary``.</doc>
<status status="PASS" start="2024-05-06T15:14:56.510083" elapsed="0.000498"/>
</kw>
<kw name="Dictionary Should Contain Key" owner="Collections">
<msg time="2024-05-06T15:14:56.511281" level="INFO">False</msg>
<arg>${json_data['results'][0]['login']}</arg>
<arg>${keyTwo}</arg>
<doc>Fails if ``key`` is not found from ``dictionary``.</doc>
<status status="PASS" start="2024-05-06T15:14:56.510876" elapsed="0.000441"/>
</kw>
<kw name="Log" owner="BuiltIn">
<msg time="2024-05-06T15:14:56.511758" level="INFO">password</msg>
<arg>${keyTwo}</arg>
<doc>Logs the given message with the given level.</doc>
<status status="PASS" start="2024-05-06T15:14:56.511632" elapsed="0.000162"/>
</kw>
<var name="${keyTwo}">password</var>
<status status="PASS" start="2024-05-06T15:14:56.509976" elapsed="0.002030"/>
</iter>
<var>${keyTwo}</var>
<value>@{expected_keysTwo}</value>
<status status="PASS" start="2024-05-06T15:14:56.507760" elapsed="0.004364"/>
</for>
<status status="PASS" start="2024-05-06T15:14:56.388617" elapsed="0.123644"/>
</kw>
<doc>Testa a estrutura da resposta da API.</doc>
<tag>testeEstruturaResposta</tag>
<status status="PASS" start="2024-05-06T15:14:56.388115" elapsed="0.124296"/>
</test>
<test id="s1-s1-t4" name="Validar tipos de dados" line="28">
<kw name="Teste de Tipos de Dados" owner="random-user-service">
<kw name="GET On Session" owner="RequestsLibrary">
<msg time="2024-05-06T15:14:56.617112" level="INFO">GET Request : url=https://randomuser.me/api 
 path_url=/api 
 headers={'User-Agent': 'python-requests/2.31.0', 'Accept-Encoding': 'gzip, deflate', 'Accept': '*/*', 'Connection': 'keep-alive'} 
 body=None 
 </msg>
<msg time="2024-05-06T15:14:56.617181" level="INFO">GET Response : url=https://randomuser.me/api 
 status=200, reason=OK 
 headers={'Date': 'Mon, 06 May 2024 15:14:56 GMT', 'Content-Type': 'application/json; charset=utf-8', 'Transfer-Encoding': 'chunked', 'Connection': 'keep-alive', 'X-Powered-By': 'Express', 'Access-Control-Allow-Origin': '*', 'Cache-Control': 'no-cache', 'ETag': 'W/"49e-sMQEN8yT1QgZdFolNvdBAhquDgQ"', 'Vary': 'Accept-Encoding', 'Content-Encoding': 'gzip', 'CF-Cache-Status': 'DYNAMIC', 'Report-To': '{"endpoints":[{"url":"https:\\/\\/a.nel.cloudflare.com\\/report\\/v4?s=x7RjsuvZUKLekdRJb2KEkk7fvhSOS9gntLkawMMhtd%2FxUhwjFI0BJfs%2F6ngBHKRHaZE9NjyHlCQIToRHOEwhKF73aI%2F8Fu72tEki3IbQVb43DG5R%2FI5LFln9xcYCUdbF"}],"group":"cf-nel","max_age":604800}', 'NEL': '{"success_fraction":0,"report_to":"cf-nel","max_age":604800}', 'Server': 'cloudflare', 'CF-RAY': '87f9ec3f3a667ba7-LAX', 'alt-svc': 'h3=":443"; ma=86400'} 
 body={"results":[{"gender":"male","name":{"title":"Mr","first":"علیرضا","last":"سلطانی نژاد"},"location":{"street":{"number":497,"name":"موحد دانش"},"city":"سنندج","state":"خوزستان","country":"Iran","postcode":95779,"coordinates":{"latitude":"18.4776","longitude":"-148.6369"},"timezone":{"offset":"+4:00","description":"Abu Dhabi, Muscat, Baku, Tbilisi"}},"email":"aalyrd.sltnynjd@example.com","login":{"uuid":"a5a0a85f-cc23-440f-a325-c6ba8f64d2d7","username":"blackgoose827","password":"century","salt":"YVimrc8y","md5":"321e705aa885971efc03351987fc0924","sha1":"e79a6da25896358a5485921cc18e874a13f80f92","sha256":"0fc9694e893a83a98ebbc3bb769b9d7afa869d3be8d60af5e69bf997bb0e2352"},"dob":{"date":"1967-01-30T17:27:44.749Z","age":57},"registered":{"date":"2016-10-19T06:17:49.611Z","age":7},"phone":"059-42818438","cell":"0980-877-7358","id":{"name":"","value":null},"picture":{"large":"https://randomuser.me/api/portraits/men/65.jpg","medium":"https://randomuser.me/api/portraits/med/men/65.jpg","thumbnail":"https://randomuser.me/api/portraits/thumb/men/65.jpg"},"nat":"IR"}],"info":{"seed":"1d3c00fc6f7cdce0","results":1,"page":1,"version":"1.4"}} 
 </msg>
<msg time="2024-05-06T15:14:56.617245" level="INFO">/opt/hostedtoolcache/Python/3.12.3/x64/lib/python3.12/site-packages/urllib3/connectionpool.py:1103: InsecureRequestWarning: Unverified HTTPS request is being made to host 'randomuser.me'. Adding certificate verification is strongly advised. See: https://urllib3.readthedocs.io/en/latest/advanced-usage.html#tls-warnings
  warnings.warn(</msg>
<msg time="2024-05-06T15:14:56.617330" level="INFO">${response} = &lt;Response [200]&gt;</msg>
<var>${response}</var>
<arg>consultarAPI</arg>
<arg>/api</arg>
<doc>Sends a GET request on a previously created HTTP Session.</doc>
<status status="PASS" start="2024-05-06T15:14:56.514839" elapsed="0.102515"/>
</kw>
<kw name="Set Variable" owner="BuiltIn">
<msg time="2024-05-06T15:14:56.618244" level="INFO">${json_data} = {'results': [{'gender': 'male', 'name': {'title': 'Mr', 'first': 'علیرضا', 'last': 'سلطانی نژاد'}, 'location': {'street': {'number': 497, 'name': 'موحد دانش'}, 'city': 'سنندج', 'state': 'خوزستان', 'co...</msg>
<var>${json_data}</var>
<arg>${response.json()}</arg>
<doc>Returns the given values which can then be assigned to a variables.</doc>
<status status="PASS" start="2024-05-06T15:14:56.617762" elapsed="0.000513"/>
</kw>
<kw name="Log" owner="BuiltIn">
<msg time="2024-05-06T15:14:56.618737" level="INFO">{'results': [{'gender': 'male', 'name': {'title': 'Mr', 'first': 'علیرضا', 'last': 'سلطانی نژاد'}, 'location': {'street': {'number': 497, 'name': 'موحد دانش'}, 'city': 'سنندج', 'state': 'خوزستان', 'country': 'Iran', 'postcode': 95779, 'coordinates': {'latitude': '18.4776', 'longitude': '-148.6369'}, 'timezone': {'offset': '+4:00', 'description': 'Abu Dhabi, Muscat, Baku, Tbilisi'}}, 'email': 'aalyrd.sltnynjd@example.com', 'login': {'uuid': 'a5a0a85f-cc23-440f-a325-c6ba8f64d2d7', 'username': 'blackgoose827', 'password': 'century', 'salt': 'YVimrc8y', 'md5': '321e705aa885971efc03351987fc0924', 'sha1': 'e79a6da25896358a5485921cc18e874a13f80f92', 'sha256': '0fc9694e893a83a98ebbc3bb769b9d7afa869d3be8d60af5e69bf997bb0e2352'}, 'dob': {'date': '1967-01-30T17:27:44.749Z', 'age': 57}, 'registered': {'date': '2016-10-19T06:17:49.611Z', 'age': 7}, 'phone': '059-42818438', 'cell': '0980-877-7358', 'id': {'name': '', 'value': None}, 'picture': {'large': 'https://randomuser.me/api/portraits/men/65.jpg', 'medium': 'https://randomuser.me/api/portraits/med/men/65.jpg', 'thumbnail': 'https://randomuser.me/api/portraits/thumb/men/65.jpg'}, 'nat': 'IR'}], 'info': {'seed': '1d3c00fc6f7cdce0', 'results': 1, 'page': 1, 'version': '1.4'}}</msg>
<arg>${json_data}</arg>
<doc>Logs the given message with the given level.</doc>
<status status="PASS" start="2024-05-06T15:14:56.618581" elapsed="0.000236"/>
</kw>
<kw name="Should Be String" owner="String">
<arg>${json_data['results'][0]['gender']}</arg>
<doc>Fails if the given ``item`` is not a string.</doc>
<status status="PASS" start="2024-05-06T15:14:56.619162" elapsed="0.000360"/>
</kw>
<kw name="Should Match Regexp" owner="BuiltIn">
<arg>${json_data['results'][0]['email']}</arg>
<arg>^[a-zA-Z0-9._%+-]+@[a-zA-Z0-9.-]+\.[a-zA-Z]{2,}$</arg>
<doc>Fails if ``string`` does not match ``pattern`` as a regular expression.</doc>
<status status="PASS" start="2024-05-06T15:14:56.619724" elapsed="0.000512"/>
</kw>
<kw name="Should Match Regexp" owner="BuiltIn">
<arg>${json_data['results'][0]['dob']['date']}</arg>
<arg>\\d{4}-\\d{2}-\\d{2}T\\d{2}:\\d{2}:\\d{2}\\.\\d{3}Z</arg>
<doc>Fails if ``string`` does not match ``pattern`` as a regular expression.</doc>
<status status="PASS" start="2024-05-06T15:14:56.620430" elapsed="0.000486"/>
</kw>
<kw name="Should Match Regexp" owner="BuiltIn">
<arg>${json_data['results'][0]['registered']['date']}</arg>
<arg>\\d{4}-\\d{2}-\\d{2}T\\d{2}:\\d{2}:\\d{2}\\.\\d{3}Z</arg>
<doc>Fails if ``string`` does not match ``pattern`` as a regular expression.</doc>
<status status="PASS" start="2024-05-06T15:14:56.621104" elapsed="0.000364"/>
</kw>
<kw name="Should Match Regexp" owner="BuiltIn">
<arg>${json_data['results'][0]['picture']['large']}</arg>
<arg>^https?://.*\.(?:png|jpe?g|gif|bmp)$</arg>
<doc>Fails if ``string`` does not match ``pattern`` as a regular expression.</doc>
<status status="PASS" start="2024-05-06T15:14:56.621654" elapsed="0.000470"/>
</kw>
<kw name="Should Match Regexp" owner="BuiltIn">
<arg>${json_data['results'][0]['picture']['medium']}</arg>
<arg>^https?://.*\.(?:png|jpe?g|gif|bmp)$</arg>
<doc>Fails if ``string`` does not match ``pattern`` as a regular expression.</doc>
<status status="PASS" start="2024-05-06T15:14:56.622308" elapsed="0.000357"/>
</kw>
<kw name="Should Match Regexp" owner="BuiltIn">
<arg>${json_data['results'][0]['picture']['thumbnail']}</arg>
<arg>^https?://.*\.(?:png|jpe?g|gif|bmp)$</arg>
<doc>Fails if ``string`` does not match ``pattern`` as a regular expression.</doc>
<status status="PASS" start="2024-05-06T15:14:56.622850" elapsed="0.000372"/>
</kw>
<kw name="Log" owner="BuiltIn">
<msg time="2024-05-06T15:14:56.623722" level="INFO">{'large': 'https://randomuser.me/api/portraits/men/65.jpg', 'medium': 'https://randomuser.me/api/portraits/med/men/65.jpg', 'thumbnail': 'https://randomuser.me/api/portraits/thumb/men/65.jpg'}</msg>
<arg>${json_data['results'][0]['picture']}</arg>
<doc>Logs the given message with the given level.</doc>
<status status="PASS" start="2024-05-06T15:14:56.623401" elapsed="0.000361"/>
</kw>
<status status="PASS" start="2024-05-06T15:14:56.514615" elapsed="0.109402"/>
</kw>
<kw name="Teste de Tipos de Dados - Postcode" owner="random-user-service">
<kw name="GET On Session" owner="RequestsLibrary">
<msg time="2024-05-06T15:14:56.726102" level="INFO">GET Request : url=https://randomuser.me/api 
 path_url=/api 
 headers={'User-Agent': 'python-requests/2.31.0', 'Accept-Encoding': 'gzip, deflate', 'Accept': '*/*', 'Connection': 'keep-alive'} 
 body=None 
 </msg>
<msg time="2024-05-06T15:14:56.726217" level="INFO">GET Response : url=https://randomuser.me/api 
 status=200, reason=OK 
 headers={'Date': 'Mon, 06 May 2024 15:14:56 GMT', 'Content-Type': 'application/json; charset=utf-8', 'Transfer-Encoding': 'chunked', 'Connection': 'keep-alive', 'X-Powered-By': 'Express', 'Access-Control-Allow-Origin': '*', 'Cache-Control': 'no-cache', 'ETag': 'W/"489-ppOX2ECJTyDp1J8vJW9Y6iQ68SQ"', 'Vary': 'Accept-Encoding', 'Content-Encoding': 'gzip', 'CF-Cache-Status': 'DYNAMIC', 'Report-To': '{"endpoints":[{"url":"https:\\/\\/a.nel.cloudflare.com\\/report\\/v4?s=UZqCDEKryqs9v%2FnwTMd8xbPWdFFSJkJoDPN0yjixhqy1R2Gkg67NSDcx7sDPaUz0mZ0YO3AA%2FDuBivTUnCkH8zTaDvmClBdoT8Aq0irUQDdGR8gsCJRs%2FOWa1A9ORxDK"}],"group":"cf-nel","max_age":604800}', 'NEL': '{"success_fraction":0,"report_to":"cf-nel","max_age":604800}', 'Server': 'cloudflare', 'CF-RAY': '87f9ec3feaff7ba7-LAX', 'alt-svc': 'h3=":443"; ma=86400'} 
 body={"results":[{"gender":"male","name":{"title":"Mr","first":"Victor","last":"Wright"},"location":{"street":{"number":4116,"name":"Hillcrest Rd"},"city":"Pittsburgh","state":"Connecticut","country":"United States","postcode":62779,"coordinates":{"latitude":"85.9389","longitude":"-122.7402"},"timezone":{"offset":"+9:30","description":"Adelaide, Darwin"}},"email":"victor.wright@example.com","login":{"uuid":"ffe65a19-174d-47d6-abe9-9ed68a68f761","username":"whitemeercat615","password":"phish1","salt":"eEqZCZyN","md5":"8157ac12bfee0786efa62f108e5c9791","sha1":"949280a899560224e58e6b2aa988f1ccd5252964","sha256":"bc4308528540ed54b7b01ced18b1f5996bed22b3832fa4d157f5da3984725ba3"},"dob":{"date":"1995-08-20T07:00:43.063Z","age":28},"registered":{"date":"2019-03-13T13:07:39.014Z","age":5},"phone":"(664) 694-3199","cell":"(305) 482-9624","id":{"name":"SSN","value":"334-01-1147"},"picture":{"large":"https://randomuser.me/api/portraits/men/43.jpg","medium":"https://randomuser.me/api/portraits/med/men/43.jpg","thumbnail":"https://randomuser.me/api/portraits/thumb/men/43.jpg"},"nat":"US"}],"info":{"seed":"10ddbcc8415141a8","results":1,"page":1,"version":"1.4"}} 
 </msg>
<msg time="2024-05-06T15:14:56.726299" level="INFO">/opt/hostedtoolcache/Python/3.12.3/x64/lib/python3.12/site-packages/urllib3/connectionpool.py:1103: InsecureRequestWarning: Unverified HTTPS request is being made to host 'randomuser.me'. Adding certificate verification is strongly advised. See: https://urllib3.readthedocs.io/en/latest/advanced-usage.html#tls-warnings
  warnings.warn(</msg>
<msg time="2024-05-06T15:14:56.726432" level="INFO">${response} = &lt;Response [200]&gt;</msg>
<var>${response}</var>
<arg>consultarAPI</arg>
<arg>/api</arg>
<doc>Sends a GET request on a previously created HTTP Session.</doc>
<status status="PASS" start="2024-05-06T15:14:56.624452" elapsed="0.102018"/>
</kw>
<kw name="Set Variable" owner="BuiltIn">
<msg time="2024-05-06T15:14:56.727570" level="INFO">${json_data} = {'results': [{'gender': 'male', 'name': {'title': 'Mr', 'first': 'Victor', 'last': 'Wright'}, 'location': {'street': {'number': 4116, 'name': 'Hillcrest Rd'}, 'city': 'Pittsburgh', 'state': 'Connectic...</msg>
<var>${json_data}</var>
<arg>${response.json()}</arg>
<doc>Returns the given values which can then be assigned to a variables.</doc>
<status status="PASS" start="2024-05-06T15:14:56.727026" elapsed="0.000572"/>
</kw>
<kw name="Log" owner="BuiltIn">
<msg time="2024-05-06T15:14:56.728076" level="INFO">{'results': [{'gender': 'male', 'name': {'title': 'Mr', 'first': 'Victor', 'last': 'Wright'}, 'location': {'street': {'number': 4116, 'name': 'Hillcrest Rd'}, 'city': 'Pittsburgh', 'state': 'Connecticut', 'country': 'United States', 'postcode': 62779, 'coordinates': {'latitude': '85.9389', 'longitude': '-122.7402'}, 'timezone': {'offset': '+9:30', 'description': 'Adelaide, Darwin'}}, 'email': 'victor.wright@example.com', 'login': {'uuid': 'ffe65a19-174d-47d6-abe9-9ed68a68f761', 'username': 'whitemeercat615', 'password': 'phish1', 'salt': 'eEqZCZyN', 'md5': '8157ac12bfee0786efa62f108e5c9791', 'sha1': '949280a899560224e58e6b2aa988f1ccd5252964', 'sha256': 'bc4308528540ed54b7b01ced18b1f5996bed22b3832fa4d157f5da3984725ba3'}, 'dob': {'date': '1995-08-20T07:00:43.063Z', 'age': 28}, 'registered': {'date': '2019-03-13T13:07:39.014Z', 'age': 5}, 'phone': '(664) 694-3199', 'cell': '(305) 482-9624', 'id': {'name': 'SSN', 'value': '334-01-1147'}, 'picture': {'large': 'https://randomuser.me/api/portraits/men/43.jpg', 'medium': 'https://randomuser.me/api/portraits/med/men/43.jpg', 'thumbnail': 'https://randomuser.me/api/portraits/thumb/men/43.jpg'}, 'nat': 'US'}], 'info': {'seed': '10ddbcc8415141a8', 'results': 1, 'page': 1, 'version': '1.4'}}</msg>
<arg>${json_data}</arg>
<doc>Logs the given message with the given level.</doc>
<status status="PASS" start="2024-05-06T15:14:56.727911" elapsed="0.000245"/>
</kw>
<kw name="Should Be Equal As Numbers" owner="BuiltIn">
<arg>${json_data['results'][0]['location']['postcode']}</arg>
<arg>${json_data['results'][0]['location']['postcode']}</arg>
<doc>Fails if objects are unequal after converting them to real numbers.</doc>
<status status="PASS" start="2024-05-06T15:14:56.728636" elapsed="0.000619"/>
</kw>
<kw name="Log" owner="BuiltIn">
<msg time="2024-05-06T15:14:56.729778" level="INFO">62779</msg>
<arg>${json_data['results'][0]['location']['postcode']}</arg>
<doc>Logs the given message with the given level.</doc>
<status status="PASS" start="2024-05-06T15:14:56.729445" elapsed="0.000372"/>
</kw>
<status status="PASS" start="2024-05-06T15:14:56.624233" elapsed="0.105839"/>
</kw>
<doc>Testa se os tipos de dados na resposta da API estão corretos.</doc>
<tag>testeTiposDados</tag>
<status status="PASS" start="2024-05-06T15:14:56.514152" elapsed="0.216085"/>
</test>
<test id="s1-s1-t5" name="Validar conteudo" line="35">
<kw name="Teste de Tipos de Conteudo" owner="random-user-service">
<kw name="GET On Session" owner="RequestsLibrary">
<msg time="2024-05-06T15:14:56.879619" level="INFO">GET Request : url=https://randomuser.me/api 
 path_url=/api 
 headers={'User-Agent': 'python-requests/2.31.0', 'Accept-Encoding': 'gzip, deflate', 'Accept': '*/*', 'Connection': 'keep-alive'} 
 body=None 
 </msg>
<msg time="2024-05-06T15:14:56.879708" level="INFO">GET Response : url=https://randomuser.me/api 
 status=200, reason=OK 
 headers={'Date': 'Mon, 06 May 2024 15:14:56 GMT', 'Content-Type': 'application/json; charset=utf-8', 'Transfer-Encoding': 'chunked', 'Connection': 'keep-alive', 'X-Powered-By': 'Express', 'Access-Control-Allow-Origin': '*', 'Cache-Control': 'no-cache', 'ETag': 'W/"4a1-A/NXxCERh7vrgqgLGui6YJ8/YAk"', 'Vary': 'Accept-Encoding', 'Content-Encoding': 'gzip', 'CF-Cache-Status': 'DYNAMIC', 'Report-To': '{"endpoints":[{"url":"https:\\/\\/a.nel.cloudflare.com\\/report\\/v4?s=MRvsz1HHPNCYLgmGZzEUsbbT6aMy%2FNESXFDJfzneKGPeRCFxWZlIXeGl3OI4vbDtoCFvWuVR75sDew3rcdC%2FAGsO6suMJJ%2FGF7756%2F6aQjfzw1gLVqTOz6W2G8noYDC9"}],"group":"cf-nel","max_age":604800}', 'NEL': '{"success_fraction":0,"report_to":"cf-nel","max_age":604800}', 'Server': 'cloudflare', 'CF-RAY': '87f9ec409b9f7ba7-LAX', 'alt-svc': 'h3=":443"; ma=86400'} 
 body={"results":[{"gender":"female","name":{"title":"Mrs","first":"Pramitha","last":"Prajapati"},"location":{"street":{"number":8270,"name":"Sao Tome Old Quarter"},"city":"Sagar","state":"Uttar Pradesh","country":"India","postcode":36366,"coordinates":{"latitude":"8.5267","longitude":"145.1132"},"timezone":{"offset":"+4:00","description":"Abu Dhabi, Muscat, Baku, Tbilisi"}},"email":"pramitha.prajapati@example.com","login":{"uuid":"8b5addcf-46d9-4b42-a312-7da3fa37269b","username":"blackkoala857","password":"barker","salt":"z1JSrixo","md5":"37ed79fa1eee53649c9412efdf00b179","sha1":"ccf402f7c093471064d84a60b08c75dde417490f","sha256":"da32cbd208df83228b580392b5d13916707f38797e3d8267ec3a2928cc1adbc8"},"dob":{"date":"1980-06-11T10:49:02.635Z","age":43},"registered":{"date":"2006-09-27T02:35:05.238Z","age":17},"phone":"8241366282","cell":"8565186030","id":{"name":"UIDAI","value":"124049252802"},"picture":{"large":"https://randomuser.me/api/portraits/women/93.jpg","medium":"https://randomuser.me/api/portraits/med/women/93.jpg","thumbnail":"https://randomuser.me/api/portraits/thumb/women/93.jpg"},"nat":"IN"}],"info":{"seed":"4773d73f6d15a6ba","results":1,"page":1,"version":"1.4"}} 
 </msg>
<msg time="2024-05-06T15:14:56.879777" level="INFO">/opt/hostedtoolcache/Python/3.12.3/x64/lib/python3.12/site-packages/urllib3/connectionpool.py:1103: InsecureRequestWarning: Unverified HTTPS request is being made to host 'randomuser.me'. Adding certificate verification is strongly advised. See: https://urllib3.readthedocs.io/en/latest/advanced-usage.html#tls-warnings
  warnings.warn(</msg>
<msg time="2024-05-06T15:14:56.879882" level="INFO">${response} = &lt;Response [200]&gt;</msg>
<var>${response}</var>
<arg>consultarAPI</arg>
<arg>/api</arg>
<doc>Sends a GET request on a previously created HTTP Session.</doc>
<status status="PASS" start="2024-05-06T15:14:56.733168" elapsed="0.146742"/>
</kw>
<kw name="Set Variable" owner="BuiltIn">
<msg time="2024-05-06T15:14:56.880893" level="INFO">${json_data} = {'results': [{'gender': 'female', 'name': {'title': 'Mrs', 'first': 'Pramitha', 'last': 'Prajapati'}, 'location': {'street': {'number': 8270, 'name': 'Sao Tome Old Quarter'}, 'city': 'Sagar', 'state':...</msg>
<var>${json_data}</var>
<arg>${response.json()}</arg>
<doc>Returns the given values which can then be assigned to a variables.</doc>
<status status="PASS" start="2024-05-06T15:14:56.880396" elapsed="0.000525"/>
</kw>
<kw name="Set Variable" owner="BuiltIn">
<msg time="2024-05-06T15:14:56.881613" level="INFO">${name_title} = Mrs</msg>
<var>${name_title}</var>
<arg>${json_data["results"][0]["name"]["title"]}</arg>
<doc>Returns the given values which can then be assigned to a variables.</doc>
<status status="PASS" start="2024-05-06T15:14:56.881225" elapsed="0.000413"/>
</kw>
<kw name="Create List" owner="BuiltIn">
<msg time="2024-05-06T15:14:56.882102" level="INFO">${allowed_titles} = ['Mr', 'Ms', 'Miss', 'Mrs', 'Madame', 'Monsieur']</msg>
<var>${allowed_titles}</var>
<arg>Mr</arg>
<arg>Ms</arg>
<arg>Miss</arg>
<arg>Mrs</arg>
<arg>Madame</arg>
<arg>Monsieur</arg>
<doc>Returns a list containing given items.</doc>
<status status="PASS" start="2024-05-06T15:14:56.881946" elapsed="0.000180"/>
</kw>
<kw name="List Should Contain Value" owner="Collections">
<msg time="2024-05-06T15:14:56.882606" level="INFO">False</msg>
<arg>${allowed_titles}</arg>
<arg>${name_title}</arg>
<doc>Fails if the ``value`` is not found from ``list``.</doc>
<status status="PASS" start="2024-05-06T15:14:56.882432" elapsed="0.000210"/>
</kw>
<kw name="Set Variable" owner="BuiltIn">
<msg time="2024-05-06T15:14:56.883366" level="INFO">${name_country} = IN</msg>
<var>${name_country}</var>
<arg>${json_data["results"][0]["nat"]}</arg>
<doc>Returns the given values which can then be assigned to a variables.</doc>
<status status="PASS" start="2024-05-06T15:14:56.882968" elapsed="0.000423"/>
</kw>
<kw name="Create List" owner="BuiltIn">
<msg time="2024-05-06T15:14:56.884276" level="INFO">${list_country} = ['AD', 'AE', 'AF', 'AG', 'AI', 'AL', 'AM', 'AO', 'AQ', 'AR', 'AS', 'AT', 'AU', 'AW', 'AX', 'AZ', 'BA', 'BB', 'BD', 'BE', 'BF', 'BG', 'BH', 'BI', 'BJ', 'BL', 'BM', 'BN', 'BO', 'BQ', 'BR', 'BS', 'BT', '...</msg>
<var>${list_country}</var>
<arg>AD</arg>
<arg>AE</arg>
<arg>AF</arg>
<arg>AG</arg>
<arg>AI</arg>
<arg>AL</arg>
<arg>AM</arg>
<arg>AO</arg>
<arg>AQ</arg>
<arg>AR</arg>
<arg>AS</arg>
<arg>AT</arg>
<arg>AU</arg>
<arg>AW</arg>
<arg>AX</arg>
<arg>AZ</arg>
<arg>BA</arg>
<arg>BB</arg>
<arg>BD</arg>
<arg>BE</arg>
<arg>BF</arg>
<arg>BG</arg>
<arg>BH</arg>
<arg>BI</arg>
<arg>BJ</arg>
<arg>BL</arg>
<arg>BM</arg>
<arg>BN</arg>
<arg>BO</arg>
<arg>BQ</arg>
<arg>BR</arg>
<arg>BS</arg>
<arg>BT</arg>
<arg>BV</arg>
<arg>BW</arg>
<arg>BY</arg>
<arg>BZ</arg>
<arg>CA</arg>
<arg>CC</arg>
<arg>CD</arg>
<arg>CF</arg>
<arg>CG</arg>
<arg>CH</arg>
<arg>CI</arg>
<arg>CK</arg>
<arg>CL</arg>
<arg>CM</arg>
<arg>CN</arg>
<arg>CO</arg>
<arg>CR</arg>
<arg>CU</arg>
<arg>CV</arg>
<arg>CW</arg>
<arg>CX</arg>
<arg>CY</arg>
<arg>CZ</arg>
<arg>DE</arg>
<arg>DJ</arg>
<arg>DK</arg>
<arg>DM</arg>
<arg>DO</arg>
<arg>DZ</arg>
<arg>EC</arg>
<arg>EE</arg>
<arg>EG</arg>
<arg>EH</arg>
<arg>ER</arg>
<arg>ES</arg>
<arg>ET</arg>
<arg>FI</arg>
<arg>FJ</arg>
<arg>FK</arg>
<arg>FM</arg>
<arg>FO</arg>
<arg>FR</arg>
<arg>GA</arg>
<arg>GB</arg>
<arg>GD</arg>
<arg>GE</arg>
<arg>GF</arg>
<arg>GG</arg>
<arg>GH</arg>
<arg>GI</arg>
<arg>GL</arg>
<arg>GM</arg>
<arg>GN</arg>
<arg>GP</arg>
<arg>GQ</arg>
<arg>GR</arg>
<arg>GS</arg>
<arg>GT</arg>
<arg>GU</arg>
<arg>GW</arg>
<arg>GY</arg>
<arg>HK</arg>
<arg>HM</arg>
<arg>HN</arg>
<arg>HR</arg>
<arg>HT</arg>
<arg>HU</arg>
<arg>ID</arg>
<arg>IE</arg>
<arg>IL</arg>
<arg>IM</arg>
<arg>IN</arg>
<arg>IO</arg>
<arg>IQ</arg>
<arg>IR</arg>
<arg>IS</arg>
<arg>IT</arg>
<arg>JE</arg>
<arg>JM</arg>
<arg>JO</arg>
<arg>JP</arg>
<arg>KE</arg>
<arg>KG</arg>
<arg>KH</arg>
<arg>KI</arg>
<arg>KM</arg>
<arg>KN</arg>
<arg>KP</arg>
<arg>KR</arg>
<arg>KW</arg>
<arg>KY</arg>
<arg>KZ</arg>
<arg>LA</arg>
<arg>LB</arg>
<arg>LC</arg>
<arg>LI</arg>
<arg>LK</arg>
<arg>LR</arg>
<arg>LS</arg>
<arg>LT</arg>
<arg>LU</arg>
<arg>LV</arg>
<arg>LY</arg>
<arg>MA</arg>
<arg>MC</arg>
<arg>MD</arg>
<arg>ME</arg>
<arg>MF</arg>
<arg>MG</arg>
<arg>MH</arg>
<arg>MK</arg>
<arg>ML</arg>
<arg>MM</arg>
<arg>MN</arg>
<arg>MO</arg>
<arg>MP</arg>
<arg>MQ</arg>
<arg>MR</arg>
<arg>MS</arg>
<arg>MT</arg>
<arg>MU</arg>
<arg>MV</arg>
<arg>MW</arg>
<arg>MX</arg>
<arg>MY</arg>
<arg>MZ</arg>
<arg>NA</arg>
<arg>NC</arg>
<arg>NE</arg>
<arg>NF</arg>
<arg>NG</arg>
<arg>NI</arg>
<arg>NL</arg>
<arg>NO</arg>
<arg>NP</arg>
<arg>NR</arg>
<arg>NU</arg>
<arg>NZ</arg>
<arg>OM</arg>
<arg>PA</arg>
<arg>PE</arg>
<arg>PF</arg>
<arg>PG</arg>
<arg>PH</arg>
<arg>PK</arg>
<arg>PL</arg>
<arg>PM</arg>
<arg>PN</arg>
<arg>PR</arg>
<arg>PS</arg>
<arg>PT</arg>
<arg>PW</arg>
<arg>PY</arg>
<arg>QA</arg>
<arg>RE</arg>
<arg>RO</arg>
<arg>RS</arg>
<arg>RU</arg>
<arg>RW</arg>
<arg>SA</arg>
<arg>SB</arg>
<arg>SC</arg>
<arg>SD</arg>
<arg>SE</arg>
<arg>SG</arg>
<arg>SH</arg>
<arg>SI</arg>
<arg>SJ</arg>
<arg>SK</arg>
<arg>SL</arg>
<arg>SM</arg>
<arg>SN</arg>
<arg>SO</arg>
<arg>SR</arg>
<arg>SS</arg>
<arg>ST</arg>
<arg>SV</arg>
<arg>SX</arg>
<arg>SY</arg>
<arg>SZ</arg>
<arg>TC</arg>
<arg>TD</arg>
<arg>TF</arg>
<arg>TG</arg>
<arg>TH</arg>
<arg>TJ</arg>
<arg>TK</arg>
<arg>TL</arg>
<arg>TM</arg>
<arg>TN</arg>
<arg>TO</arg>
<arg>TR</arg>
<arg>TT</arg>
<arg>TV</arg>
<arg>TW</arg>
<arg>TZ</arg>
<arg>UA</arg>
<arg>UG</arg>
<arg>UM</arg>
<arg>US</arg>
<arg>UY</arg>
<arg>UZ</arg>
<arg>VA</arg>
<arg>VC</arg>
<arg>VE</arg>
<arg>VG</arg>
<arg>VI</arg>
<arg>VN</arg>
<arg>VU</arg>
<arg>WF</arg>
<arg>WS</arg>
<arg>XK</arg>
<arg>YE</arg>
<arg>YT</arg>
<arg>ZA</arg>
<arg>ZM</arg>
<arg>ZW</arg>
<doc>Returns a list containing given items.</doc>
<status status="PASS" start="2024-05-06T15:14:56.883689" elapsed="0.000611"/>
</kw>
<kw name="List Should Contain Value" owner="Collections">
<msg time="2024-05-06T15:14:56.885278" level="INFO">False</msg>
<arg>${list_country}</arg>
<arg>${name_country}</arg>
<doc>Fails if the ``value`` is not found from ``list``.</doc>
<status status="PASS" start="2024-05-06T15:14:56.885081" elapsed="0.000232"/>
</kw>
<kw name="Run Keyword If" owner="BuiltIn">
<kw name="Should Be True" owner="BuiltIn">
<arg>${True}</arg>
<doc>Fails if the given condition is not true.</doc>
<status status="PASS" start="2024-05-06T15:14:56.886384" elapsed="0.000252"/>
</kw>
<arg>${json_data["results"][0]["location"]["coordinates"]["latitude"]} &gt;= -90 and ${json_data["results"][0]["location"]["coordinates"]["latitude"]} &lt;= 90</arg>
<arg>Should Be True</arg>
<arg>${True}</arg>
<doc>Runs the given keyword with the given arguments, if ``condition`` is true.</doc>
<status status="PASS" start="2024-05-06T15:14:56.885624" elapsed="0.001146"/>
</kw>
<kw name="Run Keyword If" owner="BuiltIn">
<kw name="Should Be True" owner="BuiltIn">
<arg>${True}</arg>
<doc>Fails if the given condition is not true.</doc>
<status status="PASS" start="2024-05-06T15:14:56.887718" elapsed="0.000140"/>
</kw>
<arg>${json_data["results"][0]["location"]["coordinates"]["longitude"]} &gt;= -180 and ${json_data["results"][0]["location"]["coordinates"]["longitude"]} &lt;= 180</arg>
<arg>Should Be True</arg>
<arg>${True}</arg>
<doc>Runs the given keyword with the given arguments, if ``condition`` is true.</doc>
<status status="PASS" start="2024-05-06T15:14:56.886997" elapsed="0.000984"/>
</kw>
<status status="PASS" start="2024-05-06T15:14:56.732787" elapsed="0.155324"/>
</kw>
<doc>Testa o conteúdo específico dos campos retornados pela API.</doc>
<tag>testeConteudo</tag>
<status status="PASS" start="2024-05-06T15:14:56.732094" elapsed="0.156167"/>
</test>
<status status="PASS" start="2024-05-06T15:14:55.886475" elapsed="1.003700"/>
</suite>
<status status="PASS" start="2024-05-06T15:14:55.873193" elapsed="1.022102"/>
</suite>
<statistics>
<total>
<stat pass="5" fail="0" skip="0">All Tests</stat>
</total>
<tag>
<stat pass="1" fail="0" skip="0">testeConteudo</stat>
<stat pass="1" fail="0" skip="0">testeEstruturaResposta</stat>
<stat pass="1" fail="0" skip="0">testeRequisicaoBasica</stat>
<stat pass="1" fail="0" skip="0">testeTiposDados</stat>
</tag>
<suite>
<stat pass="5" fail="0" skip="0" id="s1" name="Tests">Tests</stat>
<stat pass="5" fail="0" skip="0" id="s1-s1" name="Random-User-Test">Tests.Random-User-Test</stat>
</suite>
</statistics>
<errors>
</errors>
</robot>
