<?xml version="1.0" encoding="UTF-8"?>
<robot generator="Robot 7.0.1 (Python 3.12.4 on linux)" generated="2024-08-02T06:23:35.169557" rpa="false" schemaversion="5">
<suite id="s1" name="Tests" source="/home/runner/work/ApiRandomUser/ApiRandomUser/RamdonUser/tests">
<suite id="s1-s1" name="Random-User-Test" source="/home/runner/work/ApiRandomUser/ApiRandomUser/RamdonUser/tests/random-user-test.robot">
<test id="s1-s1-t1" name="Conectar" line="13">
<kw name="Conectar API" owner="random-user-service">
<kw name="Create Session" owner="RequestsLibrary">
<msg time="2024-08-02T06:23:35.640770" level="INFO">Creating Session using : alias=consultarAPI, url=https://randomuser.me/, headers={},                     cookies={}, auth=None, timeout=None, proxies=None, verify=False,                     debug=0 </msg>
<arg>consultarAPI</arg>
<arg>${URL}</arg>
<doc>Create Session: create a HTTP session to a server</doc>
<status status="PASS" start="2024-08-02T06:23:35.640569" elapsed="0.003169"/>
</kw>
<status status="PASS" start="2024-08-02T06:23:35.639505" elapsed="0.004866"/>
</kw>
<status status="PASS" start="2024-08-02T06:23:35.638849" elapsed="0.005739"/>
</test>
<test id="s1-s1-t2" name="Validar retorno 200 e JSON Válido" line="16">
<kw name="Teste de Requisicao Basica" owner="random-user-service">
<kw name="GET On Session" owner="RequestsLibrary">
<msg time="2024-08-02T06:23:35.911263" level="INFO">GET Request : url=https://randomuser.me/api 
 path_url=/api 
 headers={'User-Agent': 'python-requests/2.32.3', 'Accept-Encoding': 'gzip, deflate', 'Accept': '*/*', 'Connection': 'keep-alive'} 
 body=None 
 </msg>
<msg time="2024-08-02T06:23:35.911423" level="INFO">GET Response : url=https://randomuser.me/api 
 status=200, reason=OK 
 headers={'Date': 'Fri, 02 Aug 2024 06:23:35 GMT', 'Content-Type': 'application/json; charset=utf-8', 'Transfer-Encoding': 'chunked', 'Connection': 'keep-alive', 'X-Powered-By': 'Express', 'Access-Control-Allow-Origin': '*', 'Cache-Control': 'no-cache', 'ETag': 'W/"48b-gI81CsSa6nrfObo9d23UCRWUb+Y"', 'Vary': 'Accept-Encoding', 'Content-Encoding': 'gzip', 'CF-Cache-Status': 'DYNAMIC', 'Report-To': '{"endpoints":[{"url":"https:\\/\\/a.nel.cloudflare.com\\/report\\/v4?s=Kyp7%2BGFhrRSEiQFgCnt1FLC4NU%2FD9rCmArDIOlxRJEFVpop7ns%2FnAceQYbV8tB1nZU1rOmPoG9iGEVMkTSnxAAvQhkXUSR6s2Jo8Cc6T1ng6A6Vr79DzASsE3oOWb7c4"}],"group":"cf-nel","max_age":604800}', 'NEL': '{"success_fraction":0,"report_to":"cf-nel","max_age":604800}', 'Server': 'cloudflare', 'CF-RAY': '8acbfae8da0296c6-SJC', 'alt-svc': 'h3=":443"; ma=86400'} 
 body={"results":[{"gender":"female","name":{"title":"Ms","first":"Melanie","last":"Carroll"},"location":{"street":{"number":5656,"name":"Royal Ln"},"city":"Tweed","state":"Queensland","country":"Australia","postcode":2064,"coordinates":{"latitude":"-82.8496","longitude":"40.6186"},"timezone":{"offset":"+1:00","description":"Brussels, Copenhagen, Madrid, Paris"}},"email":"melanie.carroll@example.com","login":{"uuid":"a2d79be6-13a2-42f5-9948-2ebe287fd76b","username":"lazydog916","password":"deep","salt":"mQkk0vgL","md5":"ea8b46dd96b24a6ac605eabb5a9fae6a","sha1":"352ce6eef3fe2720fba241f3c36abaebebeb64de","sha256":"de042ad440b51cd9b0e85fbb2b4934ed2ddeaf25d69c63f2d757fbdb38fba5ee"},"dob":{"date":"1986-08-06T09:18:39.950Z","age":37},"registered":{"date":"2020-10-01T11:31:43.484Z","age":3},"phone":"05-4984-4655","cell":"0410-319-684","id":{"name":"TFN","value":"183601971"},"picture":{"large":"https://randomuser.me/api/portraits/women/15.jpg","medium":"https://randomuser.me/api/portraits/med/women/15.jpg","thumbnail":"https://randomuser.me/api/portraits/thumb/women/15.jpg"},"nat":"AU"}],"info":{"seed":"48b9a88e22eb20bf","results":1,"page":1,"version":"1.4"}} 
 </msg>
<msg time="2024-08-02T06:23:35.911502" level="INFO">/opt/hostedtoolcache/Python/3.12.4/x64/lib/python3.12/site-packages/urllib3/connectionpool.py:1099: InsecureRequestWarning: Unverified HTTPS request is being made to host 'randomuser.me'. Adding certificate verification is strongly advised. See: https://urllib3.readthedocs.io/en/latest/advanced-usage.html#tls-warnings
  warnings.warn(</msg>
<msg time="2024-08-02T06:23:35.911663" level="INFO">${response} = &lt;Response [200]&gt;</msg>
<var>${response}</var>
<arg>consultarAPI</arg>
<arg>/api</arg>
<doc>Sends a GET request on a previously created HTTP Session.</doc>
<status status="PASS" start="2024-08-02T06:23:35.647273" elapsed="0.264434"/>
</kw>
<kw name="Should Be Equal As Numbers" owner="BuiltIn">
<msg time="2024-08-02T06:23:35.912732" level="INFO">Argument types are:
&lt;class 'int'&gt;
&lt;class 'str'&gt;</msg>
<arg>${response.status_code}</arg>
<arg>200</arg>
<doc>Fails if objects are unequal after converting them to real numbers.</doc>
<status status="PASS" start="2024-08-02T06:23:35.912267" elapsed="0.000529"/>
</kw>
<kw name="Log" owner="BuiltIn">
<msg time="2024-08-02T06:23:35.913507" level="INFO">200</msg>
<arg>${response.status_code}</arg>
<doc>Logs the given message with the given level.</doc>
<status status="PASS" start="2024-08-02T06:23:35.913132" elapsed="0.000418"/>
</kw>
<kw name="Set Variable" owner="BuiltIn">
<msg time="2024-08-02T06:23:35.914285" level="INFO">${json_data} = {'results': [{'gender': 'female', 'name': {'title': 'Ms', 'first': 'Melanie', 'last': 'Carroll'}, 'location': {'street': {'number': 5656, 'name': 'Royal Ln'}, 'city': 'Tweed', 'state': 'Queensland', '...</msg>
<var>${json_data}</var>
<arg>${response.json()}</arg>
<doc>Returns the given values which can then be assigned to a variables.</doc>
<status status="PASS" start="2024-08-02T06:23:35.913854" elapsed="0.000462"/>
</kw>
<kw name="Dictionary Should Contain Key" owner="Collections">
<arg>${json_data}</arg>
<arg>results</arg>
<doc>Fails if ``key`` is not found from ``dictionary``.</doc>
<status status="PASS" start="2024-08-02T06:23:35.914694" elapsed="0.000338"/>
</kw>
<status status="PASS" start="2024-08-02T06:23:35.647017" elapsed="0.268176"/>
</kw>
<doc>Testa se a API responde corretamente e retorna um objeto JSON válido.</doc>
<tag>testeRequisicaoBasica</tag>
<status status="PASS" start="2024-08-02T06:23:35.646445" elapsed="0.268924"/>
</test>
<test id="s1-s1-t3" name="Validar estrutura de resposta" line="22">
<kw name="Teste de Estrutura de Resposta" owner="random-user-service">
<kw name="GET On Session" owner="RequestsLibrary">
<msg time="2024-08-02T06:23:36.011503" level="INFO">GET Request : url=https://randomuser.me/api 
 path_url=/api 
 headers={'User-Agent': 'python-requests/2.32.3', 'Accept-Encoding': 'gzip, deflate', 'Accept': '*/*', 'Connection': 'keep-alive'} 
 body=None 
 </msg>
<msg time="2024-08-02T06:23:36.011618" level="INFO">GET Response : url=https://randomuser.me/api 
 status=200, reason=OK 
 headers={'Date': 'Fri, 02 Aug 2024 06:23:36 GMT', 'Content-Type': 'application/json; charset=utf-8', 'Transfer-Encoding': 'chunked', 'Connection': 'keep-alive', 'X-Powered-By': 'Express', 'Access-Control-Allow-Origin': '*', 'Cache-Control': 'no-cache', 'ETag': 'W/"499-kyrlgOkCf/bDNFMipJUYJf6HWVg"', 'Vary': 'Accept-Encoding', 'Content-Encoding': 'gzip', 'CF-Cache-Status': 'DYNAMIC', 'Report-To': '{"endpoints":[{"url":"https:\\/\\/a.nel.cloudflare.com\\/report\\/v4?s=P0jMAW2pIi7VD3I4vbKlK4rjhzykGdaDgqWEvQsbbduX%2B93lhJ5cuU%2FKyiiq51M9Kq7yo%2FTYGmjwuISC0hn%2BXVBLPrvz9wdKjmhew6PEtDHMAbAmFsvrdnRUtD23PMVv"}],"group":"cf-nel","max_age":604800}', 'NEL': '{"success_fraction":0,"report_to":"cf-nel","max_age":604800}', 'Server': 'cloudflare', 'CF-RAY': '8acbfae98a6b96c6-SJC', 'alt-svc': 'h3=":443"; ma=86400'} 
 body={"results":[{"gender":"male","name":{"title":"Monsieur","first":"Claudio","last":"Lecomte"},"location":{"street":{"number":1998,"name":"Rue de la Barre"},"city":"Vandoeuvres","state":"Zürich","country":"Switzerland","postcode":4060,"coordinates":{"latitude":"-60.6304","longitude":"-1.0555"},"timezone":{"offset":"-8:00","description":"Pacific Time (US &amp; Canada)"}},"email":"claudio.lecomte@example.com","login":{"uuid":"2823aefb-dde4-4a5b-864b-2b2c5015af5a","username":"crazypanda263","password":"high","salt":"ZY5tOuTH","md5":"81bf303e295a8d02cdc439963cc90d99","sha1":"a8b31b37badeb780780400489a667083cbe85ca1","sha256":"1a0bbd4e35d9f2b29fbb1782d5a9db72bec89032f0636cd577ff54908969bd42"},"dob":{"date":"1984-09-27T03:41:32.762Z","age":39},"registered":{"date":"2004-09-27T13:42:49.150Z","age":19},"phone":"075 136 93 64","cell":"075 738 15 00","id":{"name":"AVS","value":"756.2527.4614.69"},"picture":{"large":"https://randomuser.me/api/portraits/men/80.jpg","medium":"https://randomuser.me/api/portraits/med/men/80.jpg","thumbnail":"https://randomuser.me/api/portraits/thumb/men/80.jpg"},"nat":"CH"}],"info":{"seed":"a509a038e78ce152","results":1,"page":1,"version":"1.4"}} 
 </msg>
<msg time="2024-08-02T06:23:36.011773" level="INFO">/opt/hostedtoolcache/Python/3.12.4/x64/lib/python3.12/site-packages/urllib3/connectionpool.py:1099: InsecureRequestWarning: Unverified HTTPS request is being made to host 'randomuser.me'. Adding certificate verification is strongly advised. See: https://urllib3.readthedocs.io/en/latest/advanced-usage.html#tls-warnings
  warnings.warn(</msg>
<msg time="2024-08-02T06:23:36.011942" level="INFO">${response} = &lt;Response [200]&gt;</msg>
<var>${response}</var>
<arg>consultarAPI</arg>
<arg>/api</arg>
<doc>Sends a GET request on a previously created HTTP Session.</doc>
<status status="PASS" start="2024-08-02T06:23:35.918044" elapsed="0.093946"/>
</kw>
<kw name="Set Variable" owner="BuiltIn">
<msg time="2024-08-02T06:23:36.013020" level="INFO">${json_data} = {'results': [{'gender': 'male', 'name': {'title': 'Monsieur', 'first': 'Claudio', 'last': 'Lecomte'}, 'location': {'street': {'number': 1998, 'name': 'Rue de la Barre'}, 'city': 'Vandoeuvres', 'state'...</msg>
<var>${json_data}</var>
<arg>${response.json()}</arg>
<doc>Returns the given values which can then be assigned to a variables.</doc>
<status status="PASS" start="2024-08-02T06:23:36.012497" elapsed="0.000552"/>
</kw>
<kw name="Log" owner="BuiltIn">
<msg time="2024-08-02T06:23:36.013521" level="INFO">{'results': [{'gender': 'male', 'name': {'title': 'Monsieur', 'first': 'Claudio', 'last': 'Lecomte'}, 'location': {'street': {'number': 1998, 'name': 'Rue de la Barre'}, 'city': 'Vandoeuvres', 'state': 'Zürich', 'country': 'Switzerland', 'postcode': 4060, 'coordinates': {'latitude': '-60.6304', 'longitude': '-1.0555'}, 'timezone': {'offset': '-8:00', 'description': 'Pacific Time (US &amp; Canada)'}}, 'email': 'claudio.lecomte@example.com', 'login': {'uuid': '2823aefb-dde4-4a5b-864b-2b2c5015af5a', 'username': 'crazypanda263', 'password': 'high', 'salt': 'ZY5tOuTH', 'md5': '81bf303e295a8d02cdc439963cc90d99', 'sha1': 'a8b31b37badeb780780400489a667083cbe85ca1', 'sha256': '1a0bbd4e35d9f2b29fbb1782d5a9db72bec89032f0636cd577ff54908969bd42'}, 'dob': {'date': '1984-09-27T03:41:32.762Z', 'age': 39}, 'registered': {'date': '2004-09-27T13:42:49.150Z', 'age': 19}, 'phone': '075 136 93 64', 'cell': '075 738 15 00', 'id': {'name': 'AVS', 'value': '756.2527.4614.69'}, 'picture': {'large': 'https://randomuser.me/api/portraits/men/80.jpg', 'medium': 'https://randomuser.me/api/portraits/med/men/80.jpg', 'thumbnail': 'https://randomuser.me/api/portraits/thumb/men/80.jpg'}, 'nat': 'CH'}], 'info': {'seed': 'a509a038e78ce152', 'results': 1, 'page': 1, 'version': '1.4'}}</msg>
<arg>${json_data}</arg>
<doc>Logs the given message with the given level.</doc>
<status status="PASS" start="2024-08-02T06:23:36.013354" elapsed="0.000218"/>
</kw>
<kw name="Dictionary Should Contain Key" owner="Collections">
<arg>${json_data}</arg>
<arg>results</arg>
<doc>Fails if ``key`` is not found from ``dictionary``.</doc>
<status status="PASS" start="2024-08-02T06:23:36.013862" elapsed="0.000164"/>
</kw>
<kw name="Should Not Be Empty" owner="BuiltIn">
<msg time="2024-08-02T06:23:36.014340" level="INFO">Length is 2.</msg>
<arg>${json_data}</arg>
<doc>Verifies that the given item is not empty.</doc>
<status status="PASS" start="2024-08-02T06:23:36.014214" elapsed="0.000163"/>
</kw>
<kw name="Create List" owner="BuiltIn">
<msg time="2024-08-02T06:23:36.014868" level="INFO">${expected_keys} = ['gender', 'name', 'location', 'email', 'login']</msg>
<var>${expected_keys}</var>
<arg>gender</arg>
<arg>name</arg>
<arg>location</arg>
<arg>email</arg>
<arg>login</arg>
<doc>Returns a list containing given items.</doc>
<status status="PASS" start="2024-08-02T06:23:36.014711" elapsed="0.000181"/>
</kw>
<for flavor="IN">
<iter>
<kw name="Dictionary Should Contain Key" owner="Collections">
<arg>${json_data['results'][0]}</arg>
<arg>${key}</arg>
<doc>Fails if ``key`` is not found from ``dictionary``.</doc>
<status status="PASS" start="2024-08-02T06:23:36.015480" elapsed="0.000401"/>
</kw>
<kw name="Log" owner="BuiltIn">
<msg time="2024-08-02T06:23:36.016428" level="INFO">{'gender': 'male', 'name': {'title': 'Monsieur', 'first': 'Claudio', 'last': 'Lecomte'}, 'location': {'street': {'number': 1998, 'name': 'Rue de la Barre'}, 'city': 'Vandoeuvres', 'state': 'Zürich', 'country': 'Switzerland', 'postcode': 4060, 'coordinates': {'latitude': '-60.6304', 'longitude': '-1.0555'}, 'timezone': {'offset': '-8:00', 'description': 'Pacific Time (US &amp; Canada)'}}, 'email': 'claudio.lecomte@example.com', 'login': {'uuid': '2823aefb-dde4-4a5b-864b-2b2c5015af5a', 'username': 'crazypanda263', 'password': 'high', 'salt': 'ZY5tOuTH', 'md5': '81bf303e295a8d02cdc439963cc90d99', 'sha1': 'a8b31b37badeb780780400489a667083cbe85ca1', 'sha256': '1a0bbd4e35d9f2b29fbb1782d5a9db72bec89032f0636cd577ff54908969bd42'}, 'dob': {'date': '1984-09-27T03:41:32.762Z', 'age': 39}, 'registered': {'date': '2004-09-27T13:42:49.150Z', 'age': 19}, 'phone': '075 136 93 64', 'cell': '075 738 15 00', 'id': {'name': 'AVS', 'value': '756.2527.4614.69'}, 'picture': {'large': 'https://randomuser.me/api/portraits/men/80.jpg', 'medium': 'https://randomuser.me/api/portraits/med/men/80.jpg', 'thumbnail': 'https://randomuser.me/api/portraits/thumb/men/80.jpg'}, 'nat': 'CH'}</msg>
<arg>${json_data['results'][0]}</arg>
<doc>Logs the given message with the given level.</doc>
<status status="PASS" start="2024-08-02T06:23:36.016068" elapsed="0.000410"/>
</kw>
<kw name="Log" owner="BuiltIn">
<msg time="2024-08-02T06:23:36.016902" level="INFO">gender</msg>
<arg>${key}</arg>
<doc>Logs the given message with the given level.</doc>
<status status="PASS" start="2024-08-02T06:23:36.016774" elapsed="0.000165"/>
</kw>
<var name="${key}">gender</var>
<status status="PASS" start="2024-08-02T06:23:36.015351" elapsed="0.001802"/>
</iter>
<iter>
<kw name="Dictionary Should Contain Key" owner="Collections">
<arg>${json_data['results'][0]}</arg>
<arg>${key}</arg>
<doc>Fails if ``key`` is not found from ``dictionary``.</doc>
<status status="PASS" start="2024-08-02T06:23:36.017443" elapsed="0.000382"/>
</kw>
<kw name="Log" owner="BuiltIn">
<msg time="2024-08-02T06:23:36.018395" level="INFO">{'gender': 'male', 'name': {'title': 'Monsieur', 'first': 'Claudio', 'last': 'Lecomte'}, 'location': {'street': {'number': 1998, 'name': 'Rue de la Barre'}, 'city': 'Vandoeuvres', 'state': 'Zürich', 'country': 'Switzerland', 'postcode': 4060, 'coordinates': {'latitude': '-60.6304', 'longitude': '-1.0555'}, 'timezone': {'offset': '-8:00', 'description': 'Pacific Time (US &amp; Canada)'}}, 'email': 'claudio.lecomte@example.com', 'login': {'uuid': '2823aefb-dde4-4a5b-864b-2b2c5015af5a', 'username': 'crazypanda263', 'password': 'high', 'salt': 'ZY5tOuTH', 'md5': '81bf303e295a8d02cdc439963cc90d99', 'sha1': 'a8b31b37badeb780780400489a667083cbe85ca1', 'sha256': '1a0bbd4e35d9f2b29fbb1782d5a9db72bec89032f0636cd577ff54908969bd42'}, 'dob': {'date': '1984-09-27T03:41:32.762Z', 'age': 39}, 'registered': {'date': '2004-09-27T13:42:49.150Z', 'age': 19}, 'phone': '075 136 93 64', 'cell': '075 738 15 00', 'id': {'name': 'AVS', 'value': '756.2527.4614.69'}, 'picture': {'large': 'https://randomuser.me/api/portraits/men/80.jpg', 'medium': 'https://randomuser.me/api/portraits/med/men/80.jpg', 'thumbnail': 'https://randomuser.me/api/portraits/thumb/men/80.jpg'}, 'nat': 'CH'}</msg>
<arg>${json_data['results'][0]}</arg>
<doc>Logs the given message with the given level.</doc>
<status status="PASS" start="2024-08-02T06:23:36.018005" elapsed="0.000443"/>
</kw>
<kw name="Log" owner="BuiltIn">
<msg time="2024-08-02T06:23:36.018894" level="INFO">name</msg>
<arg>${key}</arg>
<doc>Logs the given message with the given level.</doc>
<status status="PASS" start="2024-08-02T06:23:36.018766" elapsed="0.000166"/>
</kw>
<var name="${key}">name</var>
<status status="PASS" start="2024-08-02T06:23:36.017334" elapsed="0.001816"/>
</iter>
<iter>
<kw name="Dictionary Should Contain Key" owner="Collections">
<arg>${json_data['results'][0]}</arg>
<arg>${key}</arg>
<doc>Fails if ``key`` is not found from ``dictionary``.</doc>
<status status="PASS" start="2024-08-02T06:23:36.019435" elapsed="0.000385"/>
</kw>
<kw name="Log" owner="BuiltIn">
<msg time="2024-08-02T06:23:36.020360" level="INFO">{'gender': 'male', 'name': {'title': 'Monsieur', 'first': 'Claudio', 'last': 'Lecomte'}, 'location': {'street': {'number': 1998, 'name': 'Rue de la Barre'}, 'city': 'Vandoeuvres', 'state': 'Zürich', 'country': 'Switzerland', 'postcode': 4060, 'coordinates': {'latitude': '-60.6304', 'longitude': '-1.0555'}, 'timezone': {'offset': '-8:00', 'description': 'Pacific Time (US &amp; Canada)'}}, 'email': 'claudio.lecomte@example.com', 'login': {'uuid': '2823aefb-dde4-4a5b-864b-2b2c5015af5a', 'username': 'crazypanda263', 'password': 'high', 'salt': 'ZY5tOuTH', 'md5': '81bf303e295a8d02cdc439963cc90d99', 'sha1': 'a8b31b37badeb780780400489a667083cbe85ca1', 'sha256': '1a0bbd4e35d9f2b29fbb1782d5a9db72bec89032f0636cd577ff54908969bd42'}, 'dob': {'date': '1984-09-27T03:41:32.762Z', 'age': 39}, 'registered': {'date': '2004-09-27T13:42:49.150Z', 'age': 19}, 'phone': '075 136 93 64', 'cell': '075 738 15 00', 'id': {'name': 'AVS', 'value': '756.2527.4614.69'}, 'picture': {'large': 'https://randomuser.me/api/portraits/men/80.jpg', 'medium': 'https://randomuser.me/api/portraits/med/men/80.jpg', 'thumbnail': 'https://randomuser.me/api/portraits/thumb/men/80.jpg'}, 'nat': 'CH'}</msg>
<arg>${json_data['results'][0]}</arg>
<doc>Logs the given message with the given level.</doc>
<status status="PASS" start="2024-08-02T06:23:36.020009" elapsed="0.000402"/>
</kw>
<kw name="Log" owner="BuiltIn">
<msg time="2024-08-02T06:23:36.020835" level="INFO">location</msg>
<arg>${key}</arg>
<doc>Logs the given message with the given level.</doc>
<status status="PASS" start="2024-08-02T06:23:36.020709" elapsed="0.000163"/>
</kw>
<var name="${key}">location</var>
<status status="PASS" start="2024-08-02T06:23:36.019326" elapsed="0.001760"/>
</iter>
<iter>
<kw name="Dictionary Should Contain Key" owner="Collections">
<arg>${json_data['results'][0]}</arg>
<arg>${key}</arg>
<doc>Fails if ``key`` is not found from ``dictionary``.</doc>
<status status="PASS" start="2024-08-02T06:23:36.021363" elapsed="0.000377"/>
</kw>
<kw name="Log" owner="BuiltIn">
<msg time="2024-08-02T06:23:36.022400" level="INFO">{'gender': 'male', 'name': {'title': 'Monsieur', 'first': 'Claudio', 'last': 'Lecomte'}, 'location': {'street': {'number': 1998, 'name': 'Rue de la Barre'}, 'city': 'Vandoeuvres', 'state': 'Zürich', 'country': 'Switzerland', 'postcode': 4060, 'coordinates': {'latitude': '-60.6304', 'longitude': '-1.0555'}, 'timezone': {'offset': '-8:00', 'description': 'Pacific Time (US &amp; Canada)'}}, 'email': 'claudio.lecomte@example.com', 'login': {'uuid': '2823aefb-dde4-4a5b-864b-2b2c5015af5a', 'username': 'crazypanda263', 'password': 'high', 'salt': 'ZY5tOuTH', 'md5': '81bf303e295a8d02cdc439963cc90d99', 'sha1': 'a8b31b37badeb780780400489a667083cbe85ca1', 'sha256': '1a0bbd4e35d9f2b29fbb1782d5a9db72bec89032f0636cd577ff54908969bd42'}, 'dob': {'date': '1984-09-27T03:41:32.762Z', 'age': 39}, 'registered': {'date': '2004-09-27T13:42:49.150Z', 'age': 19}, 'phone': '075 136 93 64', 'cell': '075 738 15 00', 'id': {'name': 'AVS', 'value': '756.2527.4614.69'}, 'picture': {'large': 'https://randomuser.me/api/portraits/men/80.jpg', 'medium': 'https://randomuser.me/api/portraits/med/men/80.jpg', 'thumbnail': 'https://randomuser.me/api/portraits/thumb/men/80.jpg'}, 'nat': 'CH'}</msg>
<arg>${json_data['results'][0]}</arg>
<doc>Logs the given message with the given level.</doc>
<status status="PASS" start="2024-08-02T06:23:36.022043" elapsed="0.000408"/>
</kw>
<kw name="Log" owner="BuiltIn">
<msg time="2024-08-02T06:23:36.022918" level="INFO">email</msg>
<arg>${key}</arg>
<doc>Logs the given message with the given level.</doc>
<status status="PASS" start="2024-08-02T06:23:36.022790" elapsed="0.000167"/>
</kw>
<var name="${key}">email</var>
<status status="PASS" start="2024-08-02T06:23:36.021257" elapsed="0.001912"/>
</iter>
<iter>
<kw name="Dictionary Should Contain Key" owner="Collections">
<arg>${json_data['results'][0]}</arg>
<arg>${key}</arg>
<doc>Fails if ``key`` is not found from ``dictionary``.</doc>
<status status="PASS" start="2024-08-02T06:23:36.023448" elapsed="0.000375"/>
</kw>
<kw name="Log" owner="BuiltIn">
<msg time="2024-08-02T06:23:36.024364" level="INFO">{'gender': 'male', 'name': {'title': 'Monsieur', 'first': 'Claudio', 'last': 'Lecomte'}, 'location': {'street': {'number': 1998, 'name': 'Rue de la Barre'}, 'city': 'Vandoeuvres', 'state': 'Zürich', 'country': 'Switzerland', 'postcode': 4060, 'coordinates': {'latitude': '-60.6304', 'longitude': '-1.0555'}, 'timezone': {'offset': '-8:00', 'description': 'Pacific Time (US &amp; Canada)'}}, 'email': 'claudio.lecomte@example.com', 'login': {'uuid': '2823aefb-dde4-4a5b-864b-2b2c5015af5a', 'username': 'crazypanda263', 'password': 'high', 'salt': 'ZY5tOuTH', 'md5': '81bf303e295a8d02cdc439963cc90d99', 'sha1': 'a8b31b37badeb780780400489a667083cbe85ca1', 'sha256': '1a0bbd4e35d9f2b29fbb1782d5a9db72bec89032f0636cd577ff54908969bd42'}, 'dob': {'date': '1984-09-27T03:41:32.762Z', 'age': 39}, 'registered': {'date': '2004-09-27T13:42:49.150Z', 'age': 19}, 'phone': '075 136 93 64', 'cell': '075 738 15 00', 'id': {'name': 'AVS', 'value': '756.2527.4614.69'}, 'picture': {'large': 'https://randomuser.me/api/portraits/men/80.jpg', 'medium': 'https://randomuser.me/api/portraits/med/men/80.jpg', 'thumbnail': 'https://randomuser.me/api/portraits/thumb/men/80.jpg'}, 'nat': 'CH'}</msg>
<arg>${json_data['results'][0]}</arg>
<doc>Logs the given message with the given level.</doc>
<status status="PASS" start="2024-08-02T06:23:36.024004" elapsed="0.000420"/>
</kw>
<kw name="Log" owner="BuiltIn">
<msg time="2024-08-02T06:23:36.024843" level="INFO">login</msg>
<arg>${key}</arg>
<doc>Logs the given message with the given level.</doc>
<status status="PASS" start="2024-08-02T06:23:36.024717" elapsed="0.000163"/>
</kw>
<var name="${key}">login</var>
<status status="PASS" start="2024-08-02T06:23:36.023341" elapsed="0.001760"/>
</iter>
<var>${key}</var>
<value>@{expected_keys}</value>
<status status="PASS" start="2024-08-02T06:23:36.015161" elapsed="0.010061"/>
</for>
<kw name="Create List" owner="BuiltIn">
<msg time="2024-08-02T06:23:36.025576" level="INFO">${expected_keysTwo} = ['username', 'password']</msg>
<var>${expected_keysTwo}</var>
<arg>username</arg>
<arg>password</arg>
<doc>Returns a list containing given items.</doc>
<status status="PASS" start="2024-08-02T06:23:36.025439" elapsed="0.000161"/>
</kw>
<for flavor="IN">
<iter>
<kw name="Dictionary Should Contain Key" owner="Collections">
<arg>${json_data['results'][0]['login']}</arg>
<arg>${keyTwo}</arg>
<doc>Fails if ``key`` is not found from ``dictionary``.</doc>
<status status="PASS" start="2024-08-02T06:23:36.026087" elapsed="0.000379"/>
</kw>
<kw name="Dictionary Should Contain Key" owner="Collections">
<arg>${json_data['results'][0]['login']}</arg>
<arg>${keyTwo}</arg>
<doc>Fails if ``key`` is not found from ``dictionary``.</doc>
<status status="PASS" start="2024-08-02T06:23:36.026670" elapsed="0.000371"/>
</kw>
<kw name="Log" owner="BuiltIn">
<msg time="2024-08-02T06:23:36.027335" level="INFO">username</msg>
<arg>${keyTwo}</arg>
<doc>Logs the given message with the given level.</doc>
<status status="PASS" start="2024-08-02T06:23:36.027216" elapsed="0.000155"/>
</kw>
<var name="${keyTwo}">username</var>
<status status="PASS" start="2024-08-02T06:23:36.025981" elapsed="0.001605"/>
</iter>
<iter>
<kw name="Dictionary Should Contain Key" owner="Collections">
<arg>${json_data['results'][0]['login']}</arg>
<arg>${keyTwo}</arg>
<doc>Fails if ``key`` is not found from ``dictionary``.</doc>
<status status="PASS" start="2024-08-02T06:23:36.027868" elapsed="0.000463"/>
</kw>
<kw name="Dictionary Should Contain Key" owner="Collections">
<arg>${json_data['results'][0]['login']}</arg>
<arg>${keyTwo}</arg>
<doc>Fails if ``key`` is not found from ``dictionary``.</doc>
<status status="PASS" start="2024-08-02T06:23:36.028510" elapsed="0.000373"/>
</kw>
<kw name="Log" owner="BuiltIn">
<msg time="2024-08-02T06:23:36.029182" level="INFO">password</msg>
<arg>${keyTwo}</arg>
<doc>Logs the given message with the given level.</doc>
<status status="PASS" start="2024-08-02T06:23:36.029057" elapsed="0.000162"/>
</kw>
<var name="${keyTwo}">password</var>
<status status="PASS" start="2024-08-02T06:23:36.027757" elapsed="0.001681"/>
</iter>
<var>${keyTwo}</var>
<value>@{expected_keysTwo}</value>
<status status="PASS" start="2024-08-02T06:23:36.025832" elapsed="0.003726"/>
</for>
<status status="PASS" start="2024-08-02T06:23:35.917807" elapsed="0.111893"/>
</kw>
<doc>Testa a estrutura da resposta da API.</doc>
<tag>testeEstruturaResposta</tag>
<status status="PASS" start="2024-08-02T06:23:35.917194" elapsed="0.112663"/>
</test>
<test id="s1-s1-t4" name="Validar tipos de dados" line="28">
<kw name="Teste de Tipos de Dados" owner="random-user-service">
<kw name="GET On Session" owner="RequestsLibrary">
<msg time="2024-08-02T06:23:36.135023" level="INFO">GET Request : url=https://randomuser.me/api 
 path_url=/api 
 headers={'User-Agent': 'python-requests/2.32.3', 'Accept-Encoding': 'gzip, deflate', 'Accept': '*/*', 'Connection': 'keep-alive'} 
 body=None 
 </msg>
<msg time="2024-08-02T06:23:36.135122" level="INFO">GET Response : url=https://randomuser.me/api 
 status=200, reason=OK 
 headers={'Date': 'Fri, 02 Aug 2024 06:23:36 GMT', 'Content-Type': 'application/json; charset=utf-8', 'Transfer-Encoding': 'chunked', 'Connection': 'keep-alive', 'X-Powered-By': 'Express', 'Access-Control-Allow-Origin': '*', 'Cache-Control': 'no-cache', 'ETag': 'W/"4c2-catXg5AII2u65eiwfswI3uvm+wI"', 'Vary': 'Accept-Encoding', 'Content-Encoding': 'gzip', 'CF-Cache-Status': 'DYNAMIC', 'Report-To': '{"endpoints":[{"url":"https:\\/\\/a.nel.cloudflare.com\\/report\\/v4?s=nyLLti%2BU5Y8J3s%2BugHmDmXxYvvXraiYjqBn0EKd941vXiS9NIxCxjhvUc4utdtZJtCSBN4%2F0wadacAjSMUV6l8vyGermp3MGNAxTlwfrnTgkzfmB5Gt70z0LDO7GDsgy"}],"group":"cf-nel","max_age":604800}', 'NEL': '{"success_fraction":0,"report_to":"cf-nel","max_age":604800}', 'Server': 'cloudflare', 'CF-RAY': '8acbfaea3aea96c6-SJC', 'alt-svc': 'h3=":443"; ma=86400'} 
 body={"results":[{"gender":"male","name":{"title":"Mr","first":"Adrianus","last":"Van Riessen"},"location":{"street":{"number":4942,"name":"J van Oldenbarneveldtstr"},"city":"Leidschendam-Voorburg","state":"Groningen","country":"Netherlands","postcode":"1485 HL","coordinates":{"latitude":"32.0408","longitude":"-31.8971"},"timezone":{"offset":"+5:00","description":"Ekaterinburg, Islamabad, Karachi, Tashkent"}},"email":"adrianus.vanriessen@example.com","login":{"uuid":"0db7c766-4af6-47b6-a650-fc0138131f81","username":"goldenbird991","password":"herewego","salt":"tP9BEUx5","md5":"6fb9bc64aacad2ca6f88b8be5921acda","sha1":"f7e7b65fff83bdc1f684e8285f3b5702db9bed93","sha256":"38706b5f44fed818c1df0e71a023e33cbb02ab47466df06879c3a1f3283a2c09"},"dob":{"date":"1987-08-03T08:49:26.979Z","age":36},"registered":{"date":"2003-05-03T17:42:01.450Z","age":21},"phone":"(025) 0109509","cell":"(06) 00143643","id":{"name":"BSN","value":"62418248"},"picture":{"large":"https://randomuser.me/api/portraits/men/10.jpg","medium":"https://randomuser.me/api/portraits/med/men/10.jpg","thumbnail":"https://randomuser.me/api/portraits/thumb/men/10.jpg"},"nat":"NL"}],"info":{"seed":"b28b200c7ac20629","results":1,"page":1,"version":"1.4"}} 
 </msg>
<msg time="2024-08-02T06:23:36.135194" level="INFO">/opt/hostedtoolcache/Python/3.12.4/x64/lib/python3.12/site-packages/urllib3/connectionpool.py:1099: InsecureRequestWarning: Unverified HTTPS request is being made to host 'randomuser.me'. Adding certificate verification is strongly advised. See: https://urllib3.readthedocs.io/en/latest/advanced-usage.html#tls-warnings
  warnings.warn(</msg>
<msg time="2024-08-02T06:23:36.135334" level="INFO">${response} = &lt;Response [200]&gt;</msg>
<var>${response}</var>
<arg>consultarAPI</arg>
<arg>/api</arg>
<doc>Sends a GET request on a previously created HTTP Session.</doc>
<status status="PASS" start="2024-08-02T06:23:36.032412" elapsed="0.102964"/>
</kw>
<kw name="Set Variable" owner="BuiltIn">
<msg time="2024-08-02T06:23:36.136434" level="INFO">${json_data} = {'results': [{'gender': 'male', 'name': {'title': 'Mr', 'first': 'Adrianus', 'last': 'Van Riessen'}, 'location': {'street': {'number': 4942, 'name': 'J van Oldenbarneveldtstr'}, 'city': 'Leidschendam-...</msg>
<var>${json_data}</var>
<arg>${response.json()}</arg>
<doc>Returns the given values which can then be assigned to a variables.</doc>
<status status="PASS" start="2024-08-02T06:23:36.135906" elapsed="0.000558"/>
</kw>
<kw name="Log" owner="BuiltIn">
<msg time="2024-08-02T06:23:36.136930" level="INFO">{'results': [{'gender': 'male', 'name': {'title': 'Mr', 'first': 'Adrianus', 'last': 'Van Riessen'}, 'location': {'street': {'number': 4942, 'name': 'J van Oldenbarneveldtstr'}, 'city': 'Leidschendam-Voorburg', 'state': 'Groningen', 'country': 'Netherlands', 'postcode': '1485 HL', 'coordinates': {'latitude': '32.0408', 'longitude': '-31.8971'}, 'timezone': {'offset': '+5:00', 'description': 'Ekaterinburg, Islamabad, Karachi, Tashkent'}}, 'email': 'adrianus.vanriessen@example.com', 'login': {'uuid': '0db7c766-4af6-47b6-a650-fc0138131f81', 'username': 'goldenbird991', 'password': 'herewego', 'salt': 'tP9BEUx5', 'md5': '6fb9bc64aacad2ca6f88b8be5921acda', 'sha1': 'f7e7b65fff83bdc1f684e8285f3b5702db9bed93', 'sha256': '38706b5f44fed818c1df0e71a023e33cbb02ab47466df06879c3a1f3283a2c09'}, 'dob': {'date': '1987-08-03T08:49:26.979Z', 'age': 36}, 'registered': {'date': '2003-05-03T17:42:01.450Z', 'age': 21}, 'phone': '(025) 0109509', 'cell': '(06) 00143643', 'id': {'name': 'BSN', 'value': '62418248'}, 'picture': {'large': 'https://randomuser.me/api/portraits/men/10.jpg', 'medium': 'https://randomuser.me/api/portraits/med/men/10.jpg', 'thumbnail': 'https://randomuser.me/api/portraits/thumb/men/10.jpg'}, 'nat': 'NL'}], 'info': {'seed': 'b28b200c7ac20629', 'results': 1, 'page': 1, 'version': '1.4'}}</msg>
<arg>${json_data}</arg>
<doc>Logs the given message with the given level.</doc>
<status status="PASS" start="2024-08-02T06:23:36.136772" elapsed="0.000206"/>
</kw>
<kw name="Should Be String" owner="String">
<arg>${json_data['results'][0]['gender']}</arg>
<doc>Fails if the given ``item`` is not a string.</doc>
<status status="PASS" start="2024-08-02T06:23:36.137271" elapsed="0.000430"/>
</kw>
<kw name="Should Match Regexp" owner="BuiltIn">
<arg>${json_data['results'][0]['email']}</arg>
<arg>^[a-zA-Z0-9._%+-]+@[a-zA-Z0-9.-]+\.[a-zA-Z]{2,}$</arg>
<doc>Fails if ``string`` does not match ``pattern`` as a regular expression.</doc>
<status status="PASS" start="2024-08-02T06:23:36.137946" elapsed="0.000611"/>
</kw>
<kw name="Should Match Regexp" owner="BuiltIn">
<arg>${json_data['results'][0]['dob']['date']}</arg>
<arg>\\d{4}-\\d{2}-\\d{2}T\\d{2}:\\d{2}:\\d{2}\\.\\d{3}Z</arg>
<doc>Fails if ``string`` does not match ``pattern`` as a regular expression.</doc>
<status status="PASS" start="2024-08-02T06:23:36.138774" elapsed="0.000651"/>
</kw>
<kw name="Should Match Regexp" owner="BuiltIn">
<arg>${json_data['results'][0]['registered']['date']}</arg>
<arg>\\d{4}-\\d{2}-\\d{2}T\\d{2}:\\d{2}:\\d{2}\\.\\d{3}Z</arg>
<doc>Fails if ``string`` does not match ``pattern`` as a regular expression.</doc>
<status status="PASS" start="2024-08-02T06:23:36.139625" elapsed="0.000377"/>
</kw>
<kw name="Should Match Regexp" owner="BuiltIn">
<arg>${json_data['results'][0]['picture']['large']}</arg>
<arg>^https?://.*\.(?:png|jpe?g|gif|bmp)$</arg>
<doc>Fails if ``string`` does not match ``pattern`` as a regular expression.</doc>
<status status="PASS" start="2024-08-02T06:23:36.140191" elapsed="0.000461"/>
</kw>
<kw name="Should Match Regexp" owner="BuiltIn">
<arg>${json_data['results'][0]['picture']['medium']}</arg>
<arg>^https?://.*\.(?:png|jpe?g|gif|bmp)$</arg>
<doc>Fails if ``string`` does not match ``pattern`` as a regular expression.</doc>
<status status="PASS" start="2024-08-02T06:23:36.140840" elapsed="0.000353"/>
</kw>
<kw name="Should Match Regexp" owner="BuiltIn">
<arg>${json_data['results'][0]['picture']['thumbnail']}</arg>
<arg>^https?://.*\.(?:png|jpe?g|gif|bmp)$</arg>
<doc>Fails if ``string`` does not match ``pattern`` as a regular expression.</doc>
<status status="PASS" start="2024-08-02T06:23:36.141376" elapsed="0.000351"/>
</kw>
<kw name="Log" owner="BuiltIn">
<msg time="2024-08-02T06:23:36.142237" level="INFO">{'large': 'https://randomuser.me/api/portraits/men/10.jpg', 'medium': 'https://randomuser.me/api/portraits/med/men/10.jpg', 'thumbnail': 'https://randomuser.me/api/portraits/thumb/men/10.jpg'}</msg>
<arg>${json_data['results'][0]['picture']}</arg>
<doc>Logs the given message with the given level.</doc>
<status status="PASS" start="2024-08-02T06:23:36.141912" elapsed="0.000367"/>
</kw>
<status status="PASS" start="2024-08-02T06:23:36.032188" elapsed="0.110377"/>
</kw>
<kw name="Teste de Tipos de Dados - Postcode" owner="random-user-service">
<kw name="GET On Session" owner="RequestsLibrary">
<msg time="2024-08-02T06:23:36.239698" level="INFO">GET Request : url=https://randomuser.me/api 
 path_url=/api 
 headers={'User-Agent': 'python-requests/2.32.3', 'Accept-Encoding': 'gzip, deflate', 'Accept': '*/*', 'Connection': 'keep-alive'} 
 body=None 
 </msg>
<msg time="2024-08-02T06:23:36.239806" level="INFO">GET Response : url=https://randomuser.me/api 
 status=200, reason=OK 
 headers={'Date': 'Fri, 02 Aug 2024 06:23:36 GMT', 'Content-Type': 'application/json; charset=utf-8', 'Transfer-Encoding': 'chunked', 'Connection': 'keep-alive', 'X-Powered-By': 'Express', 'Access-Control-Allow-Origin': '*', 'Cache-Control': 'no-cache', 'ETag': 'W/"47f-AJnDgOfUO2QeTN8Du5+GFUF17fk"', 'Vary': 'Accept-Encoding', 'Content-Encoding': 'gzip', 'CF-Cache-Status': 'DYNAMIC', 'Report-To': '{"endpoints":[{"url":"https:\\/\\/a.nel.cloudflare.com\\/report\\/v4?s=Ms4k%2FTQG19a%2B%2Fno%2FMqzDNvIqAd6jnMj0%2ByyVRAPrpMJY8SqxGDX2Zc62Y8B1rf4NXtCmYbYDubV7539seXJhH%2BymU51mokxmvnrz55pjCXWy1pPN%2BuvQSYpyLy3WhIIS"}],"group":"cf-nel","max_age":604800}', 'NEL': '{"success_fraction":0,"report_to":"cf-nel","max_age":604800}', 'Server': 'cloudflare', 'CF-RAY': '8acbfaeaeb5f96c6-SJC', 'alt-svc': 'h3=":443"; ma=86400'} 
 body={"results":[{"gender":"female","name":{"title":"Mrs","first":"Linea","last":"Røste"},"location":{"street":{"number":4973,"name":"Vestliveien"},"city":"Rødberg","state":"Aust-Agder","country":"Norway","postcode":"2304","coordinates":{"latitude":"42.7487","longitude":"26.3107"},"timezone":{"offset":"-7:00","description":"Mountain Time (US &amp; Canada)"}},"email":"linea.roste@example.com","login":{"uuid":"8b937fa1-d889-483c-901a-58bc9b951a50","username":"redgoose559","password":"alliance","salt":"IIJGpULa","md5":"105b850792385ec2e10e985ed370e64b","sha1":"8d618c074e4d2d16822049548975ae55b9bec487","sha256":"235785e02609a9fe417074e86348606dde82c7f8e62edc6466780972635e68b2"},"dob":{"date":"1986-01-27T14:36:44.165Z","age":38},"registered":{"date":"2018-03-29T03:38:36.054Z","age":6},"phone":"76306309","cell":"92841068","id":{"name":"FN","value":"27018621865"},"picture":{"large":"https://randomuser.me/api/portraits/women/59.jpg","medium":"https://randomuser.me/api/portraits/med/women/59.jpg","thumbnail":"https://randomuser.me/api/portraits/thumb/women/59.jpg"},"nat":"NO"}],"info":{"seed":"e496a04dd77acd61","results":1,"page":1,"version":"1.4"}} 
 </msg>
<msg time="2024-08-02T06:23:36.239880" level="INFO">/opt/hostedtoolcache/Python/3.12.4/x64/lib/python3.12/site-packages/urllib3/connectionpool.py:1099: InsecureRequestWarning: Unverified HTTPS request is being made to host 'randomuser.me'. Adding certificate verification is strongly advised. See: https://urllib3.readthedocs.io/en/latest/advanced-usage.html#tls-warnings
  warnings.warn(</msg>
<msg time="2024-08-02T06:23:36.240020" level="INFO">${response} = &lt;Response [200]&gt;</msg>
<var>${response}</var>
<arg>consultarAPI</arg>
<arg>/api</arg>
<doc>Sends a GET request on a previously created HTTP Session.</doc>
<status status="PASS" start="2024-08-02T06:23:36.143167" elapsed="0.096888"/>
</kw>
<kw name="Set Variable" owner="BuiltIn">
<msg time="2024-08-02T06:23:36.241102" level="INFO">${json_data} = {'results': [{'gender': 'female', 'name': {'title': 'Mrs', 'first': 'Linea', 'last': 'Røste'}, 'location': {'street': {'number': 4973, 'name': 'Vestliveien'}, 'city': 'Rødberg', 'state': 'Aust-Agder',...</msg>
<var>${json_data}</var>
<arg>${response.json()}</arg>
<doc>Returns the given values which can then be assigned to a variables.</doc>
<status status="PASS" start="2024-08-02T06:23:36.240589" elapsed="0.000544"/>
</kw>
<kw name="Log" owner="BuiltIn">
<msg time="2024-08-02T06:23:36.241649" level="INFO">{'results': [{'gender': 'female', 'name': {'title': 'Mrs', 'first': 'Linea', 'last': 'Røste'}, 'location': {'street': {'number': 4973, 'name': 'Vestliveien'}, 'city': 'Rødberg', 'state': 'Aust-Agder', 'country': 'Norway', 'postcode': '2304', 'coordinates': {'latitude': '42.7487', 'longitude': '26.3107'}, 'timezone': {'offset': '-7:00', 'description': 'Mountain Time (US &amp; Canada)'}}, 'email': 'linea.roste@example.com', 'login': {'uuid': '8b937fa1-d889-483c-901a-58bc9b951a50', 'username': 'redgoose559', 'password': 'alliance', 'salt': 'IIJGpULa', 'md5': '105b850792385ec2e10e985ed370e64b', 'sha1': '8d618c074e4d2d16822049548975ae55b9bec487', 'sha256': '235785e02609a9fe417074e86348606dde82c7f8e62edc6466780972635e68b2'}, 'dob': {'date': '1986-01-27T14:36:44.165Z', 'age': 38}, 'registered': {'date': '2018-03-29T03:38:36.054Z', 'age': 6}, 'phone': '76306309', 'cell': '92841068', 'id': {'name': 'FN', 'value': '27018621865'}, 'picture': {'large': 'https://randomuser.me/api/portraits/women/59.jpg', 'medium': 'https://randomuser.me/api/portraits/med/women/59.jpg', 'thumbnail': 'https://randomuser.me/api/portraits/thumb/women/59.jpg'}, 'nat': 'NO'}], 'info': {'seed': 'e496a04dd77acd61', 'results': 1, 'page': 1, 'version': '1.4'}}</msg>
<arg>${json_data}</arg>
<doc>Logs the given message with the given level.</doc>
<status status="PASS" start="2024-08-02T06:23:36.241444" elapsed="0.000265"/>
</kw>
<kw name="Should Be Equal As Numbers" owner="BuiltIn">
<arg>${json_data['results'][0]['location']['postcode']}</arg>
<arg>${json_data['results'][0]['location']['postcode']}</arg>
<doc>Fails if objects are unequal after converting them to real numbers.</doc>
<status status="PASS" start="2024-08-02T06:23:36.242201" elapsed="0.001039"/>
</kw>
<kw name="Log" owner="BuiltIn">
<msg time="2024-08-02T06:23:36.243995" level="INFO">2304</msg>
<arg>${json_data['results'][0]['location']['postcode']}</arg>
<doc>Logs the given message with the given level.</doc>
<status status="PASS" start="2024-08-02T06:23:36.243636" elapsed="0.000403"/>
</kw>
<status status="PASS" start="2024-08-02T06:23:36.142894" elapsed="0.101415"/>
</kw>
<doc>Testa se os tipos de dados na resposta da API estão corretos.</doc>
<tag>testeTiposDados</tag>
<status status="PASS" start="2024-08-02T06:23:36.031619" elapsed="0.212919"/>
</test>
<test id="s1-s1-t5" name="Validar conteudo" line="35">
<kw name="Teste de Tipos de Conteudo" owner="random-user-service">
<kw name="GET On Session" owner="RequestsLibrary">
<msg time="2024-08-02T06:23:36.340509" level="INFO">GET Request : url=https://randomuser.me/api 
 path_url=/api 
 headers={'User-Agent': 'python-requests/2.32.3', 'Accept-Encoding': 'gzip, deflate', 'Accept': '*/*', 'Connection': 'keep-alive'} 
 body=None 
 </msg>
<msg time="2024-08-02T06:23:36.340621" level="INFO">GET Response : url=https://randomuser.me/api 
 status=200, reason=OK 
 headers={'Date': 'Fri, 02 Aug 2024 06:23:36 GMT', 'Content-Type': 'application/json; charset=utf-8', 'Transfer-Encoding': 'chunked', 'Connection': 'keep-alive', 'X-Powered-By': 'Express', 'Access-Control-Allow-Origin': '*', 'Cache-Control': 'no-cache', 'ETag': 'W/"49f-o78YqRrJbPX0u80z479qAPOvxGo"', 'Vary': 'Accept-Encoding', 'Content-Encoding': 'gzip', 'CF-Cache-Status': 'DYNAMIC', 'Report-To': '{"endpoints":[{"url":"https:\\/\\/a.nel.cloudflare.com\\/report\\/v4?s=efFujnaxgN%2Fg%2BLhJEeohh1l0HEhqTzLOZTwR0ou2U%2FI9b1rbBeYCampS9Pu0%2BDU6%2BA4T%2FI5%2FAL5usYgDTxeq9TfebpG%2FWOs%2FPhlQVd1AlEqdZukjGwQbBjfWyKt7G06X"}],"group":"cf-nel","max_age":604800}', 'NEL': '{"success_fraction":0,"report_to":"cf-nel","max_age":604800}', 'Server': 'cloudflare', 'CF-RAY': '8acbfaeb9bc896c6-SJC', 'alt-svc': 'h3=":443"; ma=86400'} 
 body={"results":[{"gender":"female","name":{"title":"Mrs","first":"Busra","last":"Van de Vorst"},"location":{"street":{"number":5477,"name":"Jannevroupad"},"city":"Munstergeleen","state":"Overijssel","country":"Netherlands","postcode":"7961 RL","coordinates":{"latitude":"34.1499","longitude":"161.7424"},"timezone":{"offset":"-7:00","description":"Mountain Time (US &amp; Canada)"}},"email":"busra.vandevorst@example.com","login":{"uuid":"1ca28d8b-6137-4cbd-96cb-96780669b0f2","username":"sadmeercat478","password":"safety","salt":"gmBXR2fA","md5":"f90bf34da3fd1139421063e97f6c6fcf","sha1":"41c3b357bee2ee0680192b72327471673b438ad7","sha256":"85c6442c631dae5b51fa8fdf47ae52c2d5442d7a95680365f1b0767d91fb7493"},"dob":{"date":"1969-08-26T06:34:04.322Z","age":54},"registered":{"date":"2012-08-06T03:51:07.024Z","age":11},"phone":"(0026) 061133","cell":"(06) 41027928","id":{"name":"BSN","value":"85801387"},"picture":{"large":"https://randomuser.me/api/portraits/women/0.jpg","medium":"https://randomuser.me/api/portraits/med/women/0.jpg","thumbnail":"https://randomuser.me/api/portraits/thumb/women/0.jpg"},"nat":"NL"}],"info":{"seed":"7dbbd16dbed05146","results":1,"page":1,"version":"1.4"}} 
 </msg>
<msg time="2024-08-02T06:23:36.340701" level="INFO">/opt/hostedtoolcache/Python/3.12.4/x64/lib/python3.12/site-packages/urllib3/connectionpool.py:1099: InsecureRequestWarning: Unverified HTTPS request is being made to host 'randomuser.me'. Adding certificate verification is strongly advised. See: https://urllib3.readthedocs.io/en/latest/advanced-usage.html#tls-warnings
  warnings.warn(</msg>
<msg time="2024-08-02T06:23:36.340862" level="INFO">${response} = &lt;Response [200]&gt;</msg>
<var>${response}</var>
<arg>consultarAPI</arg>
<arg>/api</arg>
<doc>Sends a GET request on a previously created HTTP Session.</doc>
<status status="PASS" start="2024-08-02T06:23:36.247363" elapsed="0.093550"/>
</kw>
<kw name="Set Variable" owner="BuiltIn">
<msg time="2024-08-02T06:23:36.342054" level="INFO">${json_data} = {'results': [{'gender': 'female', 'name': {'title': 'Mrs', 'first': 'Busra', 'last': 'Van de Vorst'}, 'location': {'street': {'number': 5477, 'name': 'Jannevroupad'}, 'city': 'Munstergeleen', 'state':...</msg>
<var>${json_data}</var>
<arg>${response.json()}</arg>
<doc>Returns the given values which can then be assigned to a variables.</doc>
<status status="PASS" start="2024-08-02T06:23:36.341482" elapsed="0.000611"/>
</kw>
<kw name="Set Variable" owner="BuiltIn">
<msg time="2024-08-02T06:23:36.343002" level="INFO">${name_title} = Mrs</msg>
<var>${name_title}</var>
<arg>${json_data["results"][0]["name"]["title"]}</arg>
<doc>Returns the given values which can then be assigned to a variables.</doc>
<status status="PASS" start="2024-08-02T06:23:36.342495" elapsed="0.000534"/>
</kw>
<kw name="Create List" owner="BuiltIn">
<msg time="2024-08-02T06:23:36.343486" level="INFO">${allowed_titles} = ['Mr', 'Ms', 'Miss', 'Mrs', 'Madame', 'Monsieur']</msg>
<var>${allowed_titles}</var>
<arg>Mr</arg>
<arg>Ms</arg>
<arg>Miss</arg>
<arg>Mrs</arg>
<arg>Madame</arg>
<arg>Monsieur</arg>
<doc>Returns a list containing given items.</doc>
<status status="PASS" start="2024-08-02T06:23:36.343334" elapsed="0.000178"/>
</kw>
<kw name="List Should Contain Value" owner="Collections">
<arg>${allowed_titles}</arg>
<arg>${name_title}</arg>
<doc>Fails if the ``value`` is not found from ``list``.</doc>
<status status="PASS" start="2024-08-02T06:23:36.343875" elapsed="0.000209"/>
</kw>
<kw name="Set Variable" owner="BuiltIn">
<msg time="2024-08-02T06:23:36.344658" level="INFO">${name_country} = NL</msg>
<var>${name_country}</var>
<arg>${json_data["results"][0]["nat"]}</arg>
<doc>Returns the given values which can then be assigned to a variables.</doc>
<status status="PASS" start="2024-08-02T06:23:36.344272" elapsed="0.000412"/>
</kw>
<kw name="Create List" owner="BuiltIn">
<msg time="2024-08-02T06:23:36.346093" level="INFO">${list_country} = ['AD', 'AE', 'AF', 'AG', 'AI', 'AL', 'AM', 'AO', 'AQ', 'AR', 'AS', 'AT', 'AU', 'AW', 'AX', 'AZ', 'BA', 'BB', 'BD', 'BE', 'BF', 'BG', 'BH', 'BI', 'BJ', 'BL', 'BM', 'BN', 'BO', 'BQ', 'BR', 'BS', 'BT', '...</msg>
<var>${list_country}</var>
<arg>AD</arg>
<arg>AE</arg>
<arg>AF</arg>
<arg>AG</arg>
<arg>AI</arg>
<arg>AL</arg>
<arg>AM</arg>
<arg>AO</arg>
<arg>AQ</arg>
<arg>AR</arg>
<arg>AS</arg>
<arg>AT</arg>
<arg>AU</arg>
<arg>AW</arg>
<arg>AX</arg>
<arg>AZ</arg>
<arg>BA</arg>
<arg>BB</arg>
<arg>BD</arg>
<arg>BE</arg>
<arg>BF</arg>
<arg>BG</arg>
<arg>BH</arg>
<arg>BI</arg>
<arg>BJ</arg>
<arg>BL</arg>
<arg>BM</arg>
<arg>BN</arg>
<arg>BO</arg>
<arg>BQ</arg>
<arg>BR</arg>
<arg>BS</arg>
<arg>BT</arg>
<arg>BV</arg>
<arg>BW</arg>
<arg>BY</arg>
<arg>BZ</arg>
<arg>CA</arg>
<arg>CC</arg>
<arg>CD</arg>
<arg>CF</arg>
<arg>CG</arg>
<arg>CH</arg>
<arg>CI</arg>
<arg>CK</arg>
<arg>CL</arg>
<arg>CM</arg>
<arg>CN</arg>
<arg>CO</arg>
<arg>CR</arg>
<arg>CU</arg>
<arg>CV</arg>
<arg>CW</arg>
<arg>CX</arg>
<arg>CY</arg>
<arg>CZ</arg>
<arg>DE</arg>
<arg>DJ</arg>
<arg>DK</arg>
<arg>DM</arg>
<arg>DO</arg>
<arg>DZ</arg>
<arg>EC</arg>
<arg>EE</arg>
<arg>EG</arg>
<arg>EH</arg>
<arg>ER</arg>
<arg>ES</arg>
<arg>ET</arg>
<arg>FI</arg>
<arg>FJ</arg>
<arg>FK</arg>
<arg>FM</arg>
<arg>FO</arg>
<arg>FR</arg>
<arg>GA</arg>
<arg>GB</arg>
<arg>GD</arg>
<arg>GE</arg>
<arg>GF</arg>
<arg>GG</arg>
<arg>GH</arg>
<arg>GI</arg>
<arg>GL</arg>
<arg>GM</arg>
<arg>GN</arg>
<arg>GP</arg>
<arg>GQ</arg>
<arg>GR</arg>
<arg>GS</arg>
<arg>GT</arg>
<arg>GU</arg>
<arg>GW</arg>
<arg>GY</arg>
<arg>HK</arg>
<arg>HM</arg>
<arg>HN</arg>
<arg>HR</arg>
<arg>HT</arg>
<arg>HU</arg>
<arg>ID</arg>
<arg>IE</arg>
<arg>IL</arg>
<arg>IM</arg>
<arg>IN</arg>
<arg>IO</arg>
<arg>IQ</arg>
<arg>IR</arg>
<arg>IS</arg>
<arg>IT</arg>
<arg>JE</arg>
<arg>JM</arg>
<arg>JO</arg>
<arg>JP</arg>
<arg>KE</arg>
<arg>KG</arg>
<arg>KH</arg>
<arg>KI</arg>
<arg>KM</arg>
<arg>KN</arg>
<arg>KP</arg>
<arg>KR</arg>
<arg>KW</arg>
<arg>KY</arg>
<arg>KZ</arg>
<arg>LA</arg>
<arg>LB</arg>
<arg>LC</arg>
<arg>LI</arg>
<arg>LK</arg>
<arg>LR</arg>
<arg>LS</arg>
<arg>LT</arg>
<arg>LU</arg>
<arg>LV</arg>
<arg>LY</arg>
<arg>MA</arg>
<arg>MC</arg>
<arg>MD</arg>
<arg>ME</arg>
<arg>MF</arg>
<arg>MG</arg>
<arg>MH</arg>
<arg>MK</arg>
<arg>ML</arg>
<arg>MM</arg>
<arg>MN</arg>
<arg>MO</arg>
<arg>MP</arg>
<arg>MQ</arg>
<arg>MR</arg>
<arg>MS</arg>
<arg>MT</arg>
<arg>MU</arg>
<arg>MV</arg>
<arg>MW</arg>
<arg>MX</arg>
<arg>MY</arg>
<arg>MZ</arg>
<arg>NA</arg>
<arg>NC</arg>
<arg>NE</arg>
<arg>NF</arg>
<arg>NG</arg>
<arg>NI</arg>
<arg>NL</arg>
<arg>NO</arg>
<arg>NP</arg>
<arg>NR</arg>
<arg>NU</arg>
<arg>NZ</arg>
<arg>OM</arg>
<arg>PA</arg>
<arg>PE</arg>
<arg>PF</arg>
<arg>PG</arg>
<arg>PH</arg>
<arg>PK</arg>
<arg>PL</arg>
<arg>PM</arg>
<arg>PN</arg>
<arg>PR</arg>
<arg>PS</arg>
<arg>PT</arg>
<arg>PW</arg>
<arg>PY</arg>
<arg>QA</arg>
<arg>RE</arg>
<arg>RO</arg>
<arg>RS</arg>
<arg>RU</arg>
<arg>RW</arg>
<arg>SA</arg>
<arg>SB</arg>
<arg>SC</arg>
<arg>SD</arg>
<arg>SE</arg>
<arg>SG</arg>
<arg>SH</arg>
<arg>SI</arg>
<arg>SJ</arg>
<arg>SK</arg>
<arg>SL</arg>
<arg>SM</arg>
<arg>SN</arg>
<arg>SO</arg>
<arg>SR</arg>
<arg>SS</arg>
<arg>ST</arg>
<arg>SV</arg>
<arg>SX</arg>
<arg>SY</arg>
<arg>SZ</arg>
<arg>TC</arg>
<arg>TD</arg>
<arg>TF</arg>
<arg>TG</arg>
<arg>TH</arg>
<arg>TJ</arg>
<arg>TK</arg>
<arg>TL</arg>
<arg>TM</arg>
<arg>TN</arg>
<arg>TO</arg>
<arg>TR</arg>
<arg>TT</arg>
<arg>TV</arg>
<arg>TW</arg>
<arg>TZ</arg>
<arg>UA</arg>
<arg>UG</arg>
<arg>UM</arg>
<arg>US</arg>
<arg>UY</arg>
<arg>UZ</arg>
<arg>VA</arg>
<arg>VC</arg>
<arg>VE</arg>
<arg>VG</arg>
<arg>VI</arg>
<arg>VN</arg>
<arg>VU</arg>
<arg>WF</arg>
<arg>WS</arg>
<arg>XK</arg>
<arg>YE</arg>
<arg>YT</arg>
<arg>ZA</arg>
<arg>ZM</arg>
<arg>ZW</arg>
<doc>Returns a list containing given items.</doc>
<status status="PASS" start="2024-08-02T06:23:36.344981" elapsed="0.001200"/>
</kw>
<kw name="List Should Contain Value" owner="Collections">
<arg>${list_country}</arg>
<arg>${name_country}</arg>
<doc>Fails if the ``value`` is not found from ``list``.</doc>
<status status="PASS" start="2024-08-02T06:23:36.347358" elapsed="0.000224"/>
</kw>
<kw name="Run Keyword If" owner="BuiltIn">
<kw name="Should Be True" owner="BuiltIn">
<arg>${True}</arg>
<doc>Fails if the given condition is not true.</doc>
<status status="PASS" start="2024-08-02T06:23:36.348541" elapsed="0.000143"/>
</kw>
<arg>${json_data["results"][0]["location"]["coordinates"]["latitude"]} &gt;= -90 and ${json_data["results"][0]["location"]["coordinates"]["latitude"]} &lt;= 90</arg>
<arg>Should Be True</arg>
<arg>${True}</arg>
<doc>Runs the given keyword with the given arguments, if ``condition`` is true.</doc>
<status status="PASS" start="2024-08-02T06:23:36.347790" elapsed="0.001021"/>
</kw>
<kw name="Run Keyword If" owner="BuiltIn">
<kw name="Should Be True" owner="BuiltIn">
<arg>${True}</arg>
<doc>Fails if the given condition is not true.</doc>
<status status="PASS" start="2024-08-02T06:23:36.349725" elapsed="0.000144"/>
</kw>
<arg>${json_data["results"][0]["location"]["coordinates"]["longitude"]} &gt;= -180 and ${json_data["results"][0]["location"]["coordinates"]["longitude"]} &lt;= 180</arg>
<arg>Should Be True</arg>
<arg>${True}</arg>
<doc>Runs the given keyword with the given arguments, if ``condition`` is true.</doc>
<status status="PASS" start="2024-08-02T06:23:36.348993" elapsed="0.001003"/>
</kw>
<status status="PASS" start="2024-08-02T06:23:36.247132" elapsed="0.102998"/>
</kw>
<doc>Testa o conteúdo específico dos campos retornados pela API.</doc>
<tag>testeConteudo</tag>
<status status="PASS" start="2024-08-02T06:23:36.246640" elapsed="0.103642"/>
</test>
<status status="PASS" start="2024-08-02T06:23:35.244651" elapsed="1.107672"/>
</suite>
<status status="PASS" start="2024-08-02T06:23:35.229079" elapsed="1.128368"/>
</suite>
<statistics>
<total>
<stat pass="5" fail="0" skip="0">All Tests</stat>
</total>
<tag>
<stat pass="1" fail="0" skip="0">testeConteudo</stat>
<stat pass="1" fail="0" skip="0">testeEstruturaResposta</stat>
<stat pass="1" fail="0" skip="0">testeRequisicaoBasica</stat>
<stat pass="1" fail="0" skip="0">testeTiposDados</stat>
</tag>
<suite>
<stat pass="5" fail="0" skip="0" id="s1" name="Tests">Tests</stat>
<stat pass="5" fail="0" skip="0" id="s1-s1" name="Random-User-Test">Tests.Random-User-Test</stat>
</suite>
</statistics>
<errors>
</errors>
</robot>
