<?xml version="1.0" encoding="UTF-8"?>
<robot generator="Robot 7.0.1 (Python 3.12.4 on linux)" generated="2024-06-25T13:17:44.141937" rpa="false" schemaversion="5">
<suite id="s1" name="Tests" source="/home/runner/work/ApiRandomUser/ApiRandomUser/RamdonUser/tests">
<suite id="s1-s1" name="Random-User-Test" source="/home/runner/work/ApiRandomUser/ApiRandomUser/RamdonUser/tests/random-user-test.robot">
<test id="s1-s1-t1" name="Conectar" line="13">
<kw name="Conectar API" owner="random-user-service">
<kw name="Create Session" owner="RequestsLibrary">
<msg time="2024-06-25T13:17:44.553404" level="INFO">Creating Session using : alias=consultarAPI, url=https://randomuser.me/, headers={},                     cookies={}, auth=None, timeout=None, proxies=None, verify=False,                     debug=0 </msg>
<arg>consultarAPI</arg>
<arg>${URL}</arg>
<doc>Create Session: create a HTTP session to a server</doc>
<status status="PASS" start="2024-06-25T13:17:44.553192" elapsed="0.000420"/>
</kw>
<status status="PASS" start="2024-06-25T13:17:44.552195" elapsed="0.001800"/>
</kw>
<status status="PASS" start="2024-06-25T13:17:44.551599" elapsed="0.002595"/>
</test>
<test id="s1-s1-t2" name="Validar retorno 200 e JSON Válido" line="16">
<kw name="Teste de Requisicao Basica" owner="random-user-service">
<kw name="GET On Session" owner="RequestsLibrary">
<msg time="2024-06-25T13:17:44.867174" level="INFO">GET Request : url=https://randomuser.me/api 
 path_url=/api 
 headers={'User-Agent': 'python-requests/2.32.3', 'Accept-Encoding': 'gzip, deflate', 'Accept': '*/*', 'Connection': 'keep-alive'} 
 body=None 
 </msg>
<msg time="2024-06-25T13:17:44.867367" level="INFO">GET Response : url=https://randomuser.me/api 
 status=200, reason=OK 
 headers={'Date': 'Tue, 25 Jun 2024 13:17:44 GMT', 'Content-Type': 'application/json; charset=utf-8', 'Transfer-Encoding': 'chunked', 'Connection': 'keep-alive', 'X-Powered-By': 'Express', 'Access-Control-Allow-Origin': '*', 'Cache-Control': 'no-cache', 'ETag': 'W/"48f-WbWNGIgFzYVHwtxEQV7In9MvBA8"', 'Vary': 'Accept-Encoding', 'Content-Encoding': 'gzip', 'CF-Cache-Status': 'DYNAMIC', 'Report-To': '{"endpoints":[{"url":"https:\\/\\/a.nel.cloudflare.com\\/report\\/v4?s=ao429ftuQAvCYfesCWBLItzVy1H6QOeN9QCbHlHiYf3%2B%2FQpzyDHpN%2FDTSU3hPt6dUFeVXCwIozYN3SNu%2BE4dR6BEyvWXByOhBuN5Zudji4%2BFLXZDcBsKjDvXUsqtaj6w"}],"group":"cf-nel","max_age":604800}', 'NEL': '{"success_fraction":0,"report_to":"cf-nel","max_age":604800}', 'Server': 'cloudflare', 'CF-RAY': '89953d519cf2172a-SJC', 'alt-svc': 'h3=":443"; ma=86400'} 
 body={"results":[{"gender":"male","name":{"title":"Mr","first":"Eddie","last":"Hill"},"location":{"street":{"number":6815,"name":"Lovers Ln"},"city":"Coffs Harbour","state":"Queensland","country":"Australia","postcode":2064,"coordinates":{"latitude":"-85.4211","longitude":"-102.1053"},"timezone":{"offset":"-6:00","description":"Central Time (US &amp; Canada), Mexico City"}},"email":"eddie.hill@example.com","login":{"uuid":"463a7472-1535-40d0-b508-d6dbbc91542b","username":"angryleopard865","password":"fishon","salt":"euovd2dE","md5":"794a6b80810bd3cfb5855b4399662112","sha1":"929ed52744ad7d139b08e0e2c753c61cee97b048","sha256":"0dc7da42989ef0221c11a717e2a5c2975b2ea21e95a6ed7a2ac5f2aed3cb09da"},"dob":{"date":"1967-05-31T03:51:11.023Z","age":57},"registered":{"date":"2019-09-26T17:12:14.981Z","age":4},"phone":"06-8513-2176","cell":"0493-089-400","id":{"name":"TFN","value":"064530241"},"picture":{"large":"https://randomuser.me/api/portraits/men/69.jpg","medium":"https://randomuser.me/api/portraits/med/men/69.jpg","thumbnail":"https://randomuser.me/api/portraits/thumb/men/69.jpg"},"nat":"AU"}],"info":{"seed":"577690de292ff0af","results":1,"page":1,"version":"1.4"}} 
 </msg>
<msg time="2024-06-25T13:17:44.867480" level="INFO">/opt/hostedtoolcache/Python/3.12.4/x64/lib/python3.12/site-packages/urllib3/connectionpool.py:1099: InsecureRequestWarning: Unverified HTTPS request is being made to host 'randomuser.me'. Adding certificate verification is strongly advised. See: https://urllib3.readthedocs.io/en/latest/advanced-usage.html#tls-warnings
  warnings.warn(</msg>
<msg time="2024-06-25T13:17:44.867625" level="INFO">${response} = &lt;Response [200]&gt;</msg>
<var>${response}</var>
<arg>consultarAPI</arg>
<arg>/api</arg>
<doc>Sends a GET request on a previously created HTTP Session.</doc>
<status status="PASS" start="2024-06-25T13:17:44.557071" elapsed="0.310582"/>
</kw>
<kw name="Should Be Equal As Numbers" owner="BuiltIn">
<msg time="2024-06-25T13:17:44.868747" level="INFO">Argument types are:
&lt;class 'int'&gt;
&lt;class 'str'&gt;</msg>
<arg>${response.status_code}</arg>
<arg>200</arg>
<doc>Fails if objects are unequal after converting them to real numbers.</doc>
<status status="PASS" start="2024-06-25T13:17:44.868280" elapsed="0.000532"/>
</kw>
<kw name="Log" owner="BuiltIn">
<msg time="2024-06-25T13:17:44.869480" level="INFO">200</msg>
<arg>${response.status_code}</arg>
<doc>Logs the given message with the given level.</doc>
<status status="PASS" start="2024-06-25T13:17:44.869128" elapsed="0.000392"/>
</kw>
<kw name="Set Variable" owner="BuiltIn">
<msg time="2024-06-25T13:17:44.870256" level="INFO">${json_data} = {'results': [{'gender': 'male', 'name': {'title': 'Mr', 'first': 'Eddie', 'last': 'Hill'}, 'location': {'street': {'number': 6815, 'name': 'Lovers Ln'}, 'city': 'Coffs Harbour', 'state': 'Queensland',...</msg>
<var>${json_data}</var>
<arg>${response.json()}</arg>
<doc>Returns the given values which can then be assigned to a variables.</doc>
<status status="PASS" start="2024-06-25T13:17:44.869820" elapsed="0.000464"/>
</kw>
<kw name="Dictionary Should Contain Key" owner="Collections">
<arg>${json_data}</arg>
<arg>results</arg>
<doc>Fails if ``key`` is not found from ``dictionary``.</doc>
<status status="PASS" start="2024-06-25T13:17:44.870639" elapsed="0.000164"/>
</kw>
<status status="PASS" start="2024-06-25T13:17:44.556811" elapsed="0.314140"/>
</kw>
<doc>Testa se a API responde corretamente e retorna um objeto JSON válido.</doc>
<tag>testeRequisicaoBasica</tag>
<status status="PASS" start="2024-06-25T13:17:44.556262" elapsed="0.314856"/>
</test>
<test id="s1-s1-t3" name="Validar estrutura de resposta" line="22">
<kw name="Teste de Estrutura de Resposta" owner="random-user-service">
<kw name="GET On Session" owner="RequestsLibrary">
<msg time="2024-06-25T13:17:44.954691" level="INFO">GET Request : url=https://randomuser.me/api 
 path_url=/api 
 headers={'User-Agent': 'python-requests/2.32.3', 'Accept-Encoding': 'gzip, deflate', 'Accept': '*/*', 'Connection': 'keep-alive'} 
 body=None 
 </msg>
<msg time="2024-06-25T13:17:44.954799" level="INFO">GET Response : url=https://randomuser.me/api 
 status=200, reason=OK 
 headers={'Date': 'Tue, 25 Jun 2024 13:17:44 GMT', 'Content-Type': 'application/json; charset=utf-8', 'Transfer-Encoding': 'chunked', 'Connection': 'keep-alive', 'X-Powered-By': 'Express', 'Access-Control-Allow-Origin': '*', 'Cache-Control': 'no-cache', 'ETag': 'W/"468-iy2MInx+4X2ka1bSmWLmvbepHw0"', 'Vary': 'Accept-Encoding', 'Content-Encoding': 'gzip', 'CF-Cache-Status': 'DYNAMIC', 'Report-To': '{"endpoints":[{"url":"https:\\/\\/a.nel.cloudflare.com\\/report\\/v4?s=PkDeX7khuxiwET5gPjivv0C%2FhwAoOX1vuX2tUbcLQOiB0jBdGQDQX0D0SnjJgDZaI65Qbsq7DkHbDV67PHmZd9qS%2FbuCzoMfsGMDNI4t8JVaBBX0%2FzP38kRv6W69YN5B"}],"group":"cf-nel","max_age":604800}', 'NEL': '{"success_fraction":0,"report_to":"cf-nel","max_age":604800}', 'Server': 'cloudflare', 'CF-RAY': '89953d537ec6172a-SJC', 'alt-svc': 'h3=":443"; ma=86400'} 
 body={"results":[{"gender":"female","name":{"title":"Ms","first":"Buse","last":"Erdoğan"},"location":{"street":{"number":8594,"name":"Bağdat Cd"},"city":"Malatya","state":"Kastamonu","country":"Turkey","postcode":84368,"coordinates":{"latitude":"70.8320","longitude":"48.4646"},"timezone":{"offset":"+4:30","description":"Kabul"}},"email":"buse.erdogan@example.com","login":{"uuid":"15fadd87-d2b5-4b24-bf1a-669c0c17521c","username":"purplegorilla445","password":"beaches","salt":"jRuRhtD0","md5":"b041d798a56c9888f441683014b5bdba","sha1":"2a05662a8236344121214aa481f4c289a3fbd075","sha256":"8f6577ca3832378234514738ac5ec0859df73178ac10658420ef3b085a966130"},"dob":{"date":"1978-02-22T14:10:18.031Z","age":46},"registered":{"date":"2017-08-09T16:13:43.418Z","age":6},"phone":"(814)-310-7147","cell":"(249)-503-9595","id":{"name":"","value":null},"picture":{"large":"https://randomuser.me/api/portraits/women/2.jpg","medium":"https://randomuser.me/api/portraits/med/women/2.jpg","thumbnail":"https://randomuser.me/api/portraits/thumb/women/2.jpg"},"nat":"TR"}],"info":{"seed":"11b6f63f38a79b1d","results":1,"page":1,"version":"1.4"}} 
 </msg>
<msg time="2024-06-25T13:17:44.954941" level="INFO">/opt/hostedtoolcache/Python/3.12.4/x64/lib/python3.12/site-packages/urllib3/connectionpool.py:1099: InsecureRequestWarning: Unverified HTTPS request is being made to host 'randomuser.me'. Adding certificate verification is strongly advised. See: https://urllib3.readthedocs.io/en/latest/advanced-usage.html#tls-warnings
  warnings.warn(</msg>
<msg time="2024-06-25T13:17:44.955066" level="INFO">${response} = &lt;Response [200]&gt;</msg>
<var>${response}</var>
<arg>consultarAPI</arg>
<arg>/api</arg>
<doc>Sends a GET request on a previously created HTTP Session.</doc>
<status status="PASS" start="2024-06-25T13:17:44.873665" elapsed="0.081429"/>
</kw>
<kw name="Set Variable" owner="BuiltIn">
<msg time="2024-06-25T13:17:44.956164" level="INFO">${json_data} = {'results': [{'gender': 'female', 'name': {'title': 'Ms', 'first': 'Buse', 'last': 'Erdoğan'}, 'location': {'street': {'number': 8594, 'name': 'Bağdat Cd'}, 'city': 'Malatya', 'state': 'Kastamonu', 'c...</msg>
<var>${json_data}</var>
<arg>${response.json()}</arg>
<doc>Returns the given values which can then be assigned to a variables.</doc>
<status status="PASS" start="2024-06-25T13:17:44.955640" elapsed="0.000554"/>
</kw>
<kw name="Log" owner="BuiltIn">
<msg time="2024-06-25T13:17:44.956666" level="INFO">{'results': [{'gender': 'female', 'name': {'title': 'Ms', 'first': 'Buse', 'last': 'Erdoğan'}, 'location': {'street': {'number': 8594, 'name': 'Bağdat Cd'}, 'city': 'Malatya', 'state': 'Kastamonu', 'country': 'Turkey', 'postcode': 84368, 'coordinates': {'latitude': '70.8320', 'longitude': '48.4646'}, 'timezone': {'offset': '+4:30', 'description': 'Kabul'}}, 'email': 'buse.erdogan@example.com', 'login': {'uuid': '15fadd87-d2b5-4b24-bf1a-669c0c17521c', 'username': 'purplegorilla445', 'password': 'beaches', 'salt': 'jRuRhtD0', 'md5': 'b041d798a56c9888f441683014b5bdba', 'sha1': '2a05662a8236344121214aa481f4c289a3fbd075', 'sha256': '8f6577ca3832378234514738ac5ec0859df73178ac10658420ef3b085a966130'}, 'dob': {'date': '1978-02-22T14:10:18.031Z', 'age': 46}, 'registered': {'date': '2017-08-09T16:13:43.418Z', 'age': 6}, 'phone': '(814)-310-7147', 'cell': '(249)-503-9595', 'id': {'name': '', 'value': None}, 'picture': {'large': 'https://randomuser.me/api/portraits/women/2.jpg', 'medium': 'https://randomuser.me/api/portraits/med/women/2.jpg', 'thumbnail': 'https://randomuser.me/api/portraits/thumb/women/2.jpg'}, 'nat': 'TR'}], 'info': {'seed': '11b6f63f38a79b1d', 'results': 1, 'page': 1, 'version': '1.4'}}</msg>
<arg>${json_data}</arg>
<doc>Logs the given message with the given level.</doc>
<status status="PASS" start="2024-06-25T13:17:44.956501" elapsed="0.000216"/>
</kw>
<kw name="Dictionary Should Contain Key" owner="Collections">
<arg>${json_data}</arg>
<arg>results</arg>
<doc>Fails if ``key`` is not found from ``dictionary``.</doc>
<status status="PASS" start="2024-06-25T13:17:44.957013" elapsed="0.000158"/>
</kw>
<kw name="Should Not Be Empty" owner="BuiltIn">
<msg time="2024-06-25T13:17:44.957482" level="INFO">Length is 2.</msg>
<arg>${json_data}</arg>
<doc>Verifies that the given item is not empty.</doc>
<status status="PASS" start="2024-06-25T13:17:44.957351" elapsed="0.000168"/>
</kw>
<kw name="Create List" owner="BuiltIn">
<msg time="2024-06-25T13:17:44.957961" level="INFO">${expected_keys} = ['gender', 'name', 'location', 'email', 'login']</msg>
<var>${expected_keys}</var>
<arg>gender</arg>
<arg>name</arg>
<arg>location</arg>
<arg>email</arg>
<arg>login</arg>
<doc>Returns a list containing given items.</doc>
<status status="PASS" start="2024-06-25T13:17:44.957811" elapsed="0.000173"/>
</kw>
<for flavor="IN">
<iter>
<kw name="Dictionary Should Contain Key" owner="Collections">
<arg>${json_data['results'][0]}</arg>
<arg>${key}</arg>
<doc>Fails if ``key`` is not found from ``dictionary``.</doc>
<status status="PASS" start="2024-06-25T13:17:44.958776" elapsed="0.000402"/>
</kw>
<kw name="Log" owner="BuiltIn">
<msg time="2024-06-25T13:17:44.959729" level="INFO">{'gender': 'female', 'name': {'title': 'Ms', 'first': 'Buse', 'last': 'Erdoğan'}, 'location': {'street': {'number': 8594, 'name': 'Bağdat Cd'}, 'city': 'Malatya', 'state': 'Kastamonu', 'country': 'Turkey', 'postcode': 84368, 'coordinates': {'latitude': '70.8320', 'longitude': '48.4646'}, 'timezone': {'offset': '+4:30', 'description': 'Kabul'}}, 'email': 'buse.erdogan@example.com', 'login': {'uuid': '15fadd87-d2b5-4b24-bf1a-669c0c17521c', 'username': 'purplegorilla445', 'password': 'beaches', 'salt': 'jRuRhtD0', 'md5': 'b041d798a56c9888f441683014b5bdba', 'sha1': '2a05662a8236344121214aa481f4c289a3fbd075', 'sha256': '8f6577ca3832378234514738ac5ec0859df73178ac10658420ef3b085a966130'}, 'dob': {'date': '1978-02-22T14:10:18.031Z', 'age': 46}, 'registered': {'date': '2017-08-09T16:13:43.418Z', 'age': 6}, 'phone': '(814)-310-7147', 'cell': '(249)-503-9595', 'id': {'name': '', 'value': None}, 'picture': {'large': 'https://randomuser.me/api/portraits/women/2.jpg', 'medium': 'https://randomuser.me/api/portraits/med/women/2.jpg', 'thumbnail': 'https://randomuser.me/api/portraits/thumb/women/2.jpg'}, 'nat': 'TR'}</msg>
<arg>${json_data['results'][0]}</arg>
<doc>Logs the given message with the given level.</doc>
<status status="PASS" start="2024-06-25T13:17:44.959365" elapsed="0.000416"/>
</kw>
<kw name="Log" owner="BuiltIn">
<msg time="2024-06-25T13:17:44.960202" level="INFO">gender</msg>
<arg>${key}</arg>
<doc>Logs the given message with the given level.</doc>
<status status="PASS" start="2024-06-25T13:17:44.960076" elapsed="0.000164"/>
</kw>
<var name="${key}">gender</var>
<status status="PASS" start="2024-06-25T13:17:44.958651" elapsed="0.001801"/>
</iter>
<iter>
<kw name="Dictionary Should Contain Key" owner="Collections">
<arg>${json_data['results'][0]}</arg>
<arg>${key}</arg>
<doc>Fails if ``key`` is not found from ``dictionary``.</doc>
<status status="PASS" start="2024-06-25T13:17:44.960743" elapsed="0.000389"/>
</kw>
<kw name="Log" owner="BuiltIn">
<msg time="2024-06-25T13:17:44.961661" level="INFO">{'gender': 'female', 'name': {'title': 'Ms', 'first': 'Buse', 'last': 'Erdoğan'}, 'location': {'street': {'number': 8594, 'name': 'Bağdat Cd'}, 'city': 'Malatya', 'state': 'Kastamonu', 'country': 'Turkey', 'postcode': 84368, 'coordinates': {'latitude': '70.8320', 'longitude': '48.4646'}, 'timezone': {'offset': '+4:30', 'description': 'Kabul'}}, 'email': 'buse.erdogan@example.com', 'login': {'uuid': '15fadd87-d2b5-4b24-bf1a-669c0c17521c', 'username': 'purplegorilla445', 'password': 'beaches', 'salt': 'jRuRhtD0', 'md5': 'b041d798a56c9888f441683014b5bdba', 'sha1': '2a05662a8236344121214aa481f4c289a3fbd075', 'sha256': '8f6577ca3832378234514738ac5ec0859df73178ac10658420ef3b085a966130'}, 'dob': {'date': '1978-02-22T14:10:18.031Z', 'age': 46}, 'registered': {'date': '2017-08-09T16:13:43.418Z', 'age': 6}, 'phone': '(814)-310-7147', 'cell': '(249)-503-9595', 'id': {'name': '', 'value': None}, 'picture': {'large': 'https://randomuser.me/api/portraits/women/2.jpg', 'medium': 'https://randomuser.me/api/portraits/med/women/2.jpg', 'thumbnail': 'https://randomuser.me/api/portraits/thumb/women/2.jpg'}, 'nat': 'TR'}</msg>
<arg>${json_data['results'][0]}</arg>
<doc>Logs the given message with the given level.</doc>
<status status="PASS" start="2024-06-25T13:17:44.961311" elapsed="0.000437"/>
</kw>
<kw name="Log" owner="BuiltIn">
<msg time="2024-06-25T13:17:44.962174" level="INFO">name</msg>
<arg>${key}</arg>
<doc>Logs the given message with the given level.</doc>
<status status="PASS" start="2024-06-25T13:17:44.962049" elapsed="0.000162"/>
</kw>
<var name="${key}">name</var>
<status status="PASS" start="2024-06-25T13:17:44.960634" elapsed="0.001813"/>
</iter>
<iter>
<kw name="Dictionary Should Contain Key" owner="Collections">
<arg>${json_data['results'][0]}</arg>
<arg>${key}</arg>
<doc>Fails if ``key`` is not found from ``dictionary``.</doc>
<status status="PASS" start="2024-06-25T13:17:44.962734" elapsed="0.000384"/>
</kw>
<kw name="Log" owner="BuiltIn">
<msg time="2024-06-25T13:17:44.963645" level="INFO">{'gender': 'female', 'name': {'title': 'Ms', 'first': 'Buse', 'last': 'Erdoğan'}, 'location': {'street': {'number': 8594, 'name': 'Bağdat Cd'}, 'city': 'Malatya', 'state': 'Kastamonu', 'country': 'Turkey', 'postcode': 84368, 'coordinates': {'latitude': '70.8320', 'longitude': '48.4646'}, 'timezone': {'offset': '+4:30', 'description': 'Kabul'}}, 'email': 'buse.erdogan@example.com', 'login': {'uuid': '15fadd87-d2b5-4b24-bf1a-669c0c17521c', 'username': 'purplegorilla445', 'password': 'beaches', 'salt': 'jRuRhtD0', 'md5': 'b041d798a56c9888f441683014b5bdba', 'sha1': '2a05662a8236344121214aa481f4c289a3fbd075', 'sha256': '8f6577ca3832378234514738ac5ec0859df73178ac10658420ef3b085a966130'}, 'dob': {'date': '1978-02-22T14:10:18.031Z', 'age': 46}, 'registered': {'date': '2017-08-09T16:13:43.418Z', 'age': 6}, 'phone': '(814)-310-7147', 'cell': '(249)-503-9595', 'id': {'name': '', 'value': None}, 'picture': {'large': 'https://randomuser.me/api/portraits/women/2.jpg', 'medium': 'https://randomuser.me/api/portraits/med/women/2.jpg', 'thumbnail': 'https://randomuser.me/api/portraits/thumb/women/2.jpg'}, 'nat': 'TR'}</msg>
<arg>${json_data['results'][0]}</arg>
<doc>Logs the given message with the given level.</doc>
<status status="PASS" start="2024-06-25T13:17:44.963296" elapsed="0.000398"/>
</kw>
<kw name="Log" owner="BuiltIn">
<msg time="2024-06-25T13:17:44.964107" level="INFO">location</msg>
<arg>${key}</arg>
<doc>Logs the given message with the given level.</doc>
<status status="PASS" start="2024-06-25T13:17:44.963983" elapsed="0.000160"/>
</kw>
<var name="${key}">location</var>
<status status="PASS" start="2024-06-25T13:17:44.962628" elapsed="0.001724"/>
</iter>
<iter>
<kw name="Dictionary Should Contain Key" owner="Collections">
<arg>${json_data['results'][0]}</arg>
<arg>${key}</arg>
<doc>Fails if ``key`` is not found from ``dictionary``.</doc>
<status status="PASS" start="2024-06-25T13:17:44.964628" elapsed="0.000379"/>
</kw>
<kw name="Log" owner="BuiltIn">
<msg time="2024-06-25T13:17:44.965538" level="INFO">{'gender': 'female', 'name': {'title': 'Ms', 'first': 'Buse', 'last': 'Erdoğan'}, 'location': {'street': {'number': 8594, 'name': 'Bağdat Cd'}, 'city': 'Malatya', 'state': 'Kastamonu', 'country': 'Turkey', 'postcode': 84368, 'coordinates': {'latitude': '70.8320', 'longitude': '48.4646'}, 'timezone': {'offset': '+4:30', 'description': 'Kabul'}}, 'email': 'buse.erdogan@example.com', 'login': {'uuid': '15fadd87-d2b5-4b24-bf1a-669c0c17521c', 'username': 'purplegorilla445', 'password': 'beaches', 'salt': 'jRuRhtD0', 'md5': 'b041d798a56c9888f441683014b5bdba', 'sha1': '2a05662a8236344121214aa481f4c289a3fbd075', 'sha256': '8f6577ca3832378234514738ac5ec0859df73178ac10658420ef3b085a966130'}, 'dob': {'date': '1978-02-22T14:10:18.031Z', 'age': 46}, 'registered': {'date': '2017-08-09T16:13:43.418Z', 'age': 6}, 'phone': '(814)-310-7147', 'cell': '(249)-503-9595', 'id': {'name': '', 'value': None}, 'picture': {'large': 'https://randomuser.me/api/portraits/women/2.jpg', 'medium': 'https://randomuser.me/api/portraits/med/women/2.jpg', 'thumbnail': 'https://randomuser.me/api/portraits/thumb/women/2.jpg'}, 'nat': 'TR'}</msg>
<arg>${json_data['results'][0]}</arg>
<doc>Logs the given message with the given level.</doc>
<status status="PASS" start="2024-06-25T13:17:44.965190" elapsed="0.000398"/>
</kw>
<kw name="Log" owner="BuiltIn">
<msg time="2024-06-25T13:17:44.966000" level="INFO">email</msg>
<arg>${key}</arg>
<doc>Logs the given message with the given level.</doc>
<status status="PASS" start="2024-06-25T13:17:44.965876" elapsed="0.000161"/>
</kw>
<var name="${key}">email</var>
<status status="PASS" start="2024-06-25T13:17:44.964525" elapsed="0.001722"/>
</iter>
<iter>
<kw name="Dictionary Should Contain Key" owner="Collections">
<arg>${json_data['results'][0]}</arg>
<arg>${key}</arg>
<doc>Fails if ``key`` is not found from ``dictionary``.</doc>
<status status="PASS" start="2024-06-25T13:17:44.966596" elapsed="0.000388"/>
</kw>
<kw name="Log" owner="BuiltIn">
<msg time="2024-06-25T13:17:44.967519" level="INFO">{'gender': 'female', 'name': {'title': 'Ms', 'first': 'Buse', 'last': 'Erdoğan'}, 'location': {'street': {'number': 8594, 'name': 'Bağdat Cd'}, 'city': 'Malatya', 'state': 'Kastamonu', 'country': 'Turkey', 'postcode': 84368, 'coordinates': {'latitude': '70.8320', 'longitude': '48.4646'}, 'timezone': {'offset': '+4:30', 'description': 'Kabul'}}, 'email': 'buse.erdogan@example.com', 'login': {'uuid': '15fadd87-d2b5-4b24-bf1a-669c0c17521c', 'username': 'purplegorilla445', 'password': 'beaches', 'salt': 'jRuRhtD0', 'md5': 'b041d798a56c9888f441683014b5bdba', 'sha1': '2a05662a8236344121214aa481f4c289a3fbd075', 'sha256': '8f6577ca3832378234514738ac5ec0859df73178ac10658420ef3b085a966130'}, 'dob': {'date': '1978-02-22T14:10:18.031Z', 'age': 46}, 'registered': {'date': '2017-08-09T16:13:43.418Z', 'age': 6}, 'phone': '(814)-310-7147', 'cell': '(249)-503-9595', 'id': {'name': '', 'value': None}, 'picture': {'large': 'https://randomuser.me/api/portraits/women/2.jpg', 'medium': 'https://randomuser.me/api/portraits/med/women/2.jpg', 'thumbnail': 'https://randomuser.me/api/portraits/thumb/women/2.jpg'}, 'nat': 'TR'}</msg>
<arg>${json_data['results'][0]}</arg>
<doc>Logs the given message with the given level.</doc>
<status status="PASS" start="2024-06-25T13:17:44.967165" elapsed="0.000405"/>
</kw>
<kw name="Log" owner="BuiltIn">
<msg time="2024-06-25T13:17:44.968000" level="INFO">login</msg>
<arg>${key}</arg>
<doc>Logs the given message with the given level.</doc>
<status status="PASS" start="2024-06-25T13:17:44.967863" elapsed="0.000174"/>
</kw>
<var name="${key}">login</var>
<status status="PASS" start="2024-06-25T13:17:44.966475" elapsed="0.001778"/>
</iter>
<var>${key}</var>
<value>@{expected_keys}</value>
<status status="PASS" start="2024-06-25T13:17:44.958450" elapsed="0.009924"/>
</for>
<kw name="Create List" owner="BuiltIn">
<msg time="2024-06-25T13:17:44.968701" level="INFO">${expected_keysTwo} = ['username', 'password']</msg>
<var>${expected_keysTwo}</var>
<arg>username</arg>
<arg>password</arg>
<doc>Returns a list containing given items.</doc>
<status status="PASS" start="2024-06-25T13:17:44.968563" elapsed="0.000162"/>
</kw>
<for flavor="IN">
<iter>
<kw name="Dictionary Should Contain Key" owner="Collections">
<arg>${json_data['results'][0]['login']}</arg>
<arg>${keyTwo}</arg>
<doc>Fails if ``key`` is not found from ``dictionary``.</doc>
<status status="PASS" start="2024-06-25T13:17:44.969252" elapsed="0.000388"/>
</kw>
<kw name="Dictionary Should Contain Key" owner="Collections">
<arg>${json_data['results'][0]['login']}</arg>
<arg>${keyTwo}</arg>
<doc>Fails if ``key`` is not found from ``dictionary``.</doc>
<status status="PASS" start="2024-06-25T13:17:44.969828" elapsed="0.000373"/>
</kw>
<kw name="Log" owner="BuiltIn">
<msg time="2024-06-25T13:17:44.970540" level="INFO">username</msg>
<arg>${keyTwo}</arg>
<doc>Logs the given message with the given level.</doc>
<status status="PASS" start="2024-06-25T13:17:44.970407" elapsed="0.000169"/>
</kw>
<var name="${keyTwo}">username</var>
<status status="PASS" start="2024-06-25T13:17:44.969143" elapsed="0.001651"/>
</iter>
<iter>
<kw name="Dictionary Should Contain Key" owner="Collections">
<arg>${json_data['results'][0]['login']}</arg>
<arg>${keyTwo}</arg>
<doc>Fails if ``key`` is not found from ``dictionary``.</doc>
<status status="PASS" start="2024-06-25T13:17:44.971069" elapsed="0.000378"/>
</kw>
<kw name="Dictionary Should Contain Key" owner="Collections">
<arg>${json_data['results'][0]['login']}</arg>
<arg>${keyTwo}</arg>
<doc>Fails if ``key`` is not found from ``dictionary``.</doc>
<status status="PASS" start="2024-06-25T13:17:44.971621" elapsed="0.000370"/>
</kw>
<kw name="Log" owner="BuiltIn">
<msg time="2024-06-25T13:17:44.972281" level="INFO">password</msg>
<arg>${keyTwo}</arg>
<doc>Logs the given message with the given level.</doc>
<status status="PASS" start="2024-06-25T13:17:44.972165" elapsed="0.000158"/>
</kw>
<var name="${keyTwo}">password</var>
<status status="PASS" start="2024-06-25T13:17:44.970961" elapsed="0.001579"/>
</iter>
<var>${keyTwo}</var>
<value>@{expected_keysTwo}</value>
<status status="PASS" start="2024-06-25T13:17:44.968989" elapsed="0.003669"/>
</for>
<status status="PASS" start="2024-06-25T13:17:44.873437" elapsed="0.099361"/>
</kw>
<doc>Testa a estrutura da resposta da API.</doc>
<tag>testeEstruturaResposta</tag>
<status status="PASS" start="2024-06-25T13:17:44.872907" elapsed="0.100047"/>
</test>
<test id="s1-s1-t4" name="Validar tipos de dados" line="28">
<kw name="Teste de Tipos de Dados" owner="random-user-service">
<kw name="GET On Session" owner="RequestsLibrary">
<msg time="2024-06-25T13:17:45.059870" level="INFO">GET Request : url=https://randomuser.me/api 
 path_url=/api 
 headers={'User-Agent': 'python-requests/2.32.3', 'Accept-Encoding': 'gzip, deflate', 'Accept': '*/*', 'Connection': 'keep-alive'} 
 body=None 
 </msg>
<msg time="2024-06-25T13:17:45.059974" level="INFO">GET Response : url=https://randomuser.me/api 
 status=200, reason=OK 
 headers={'Date': 'Tue, 25 Jun 2024 13:17:45 GMT', 'Content-Type': 'application/json; charset=utf-8', 'Transfer-Encoding': 'chunked', 'Connection': 'keep-alive', 'X-Powered-By': 'Express', 'Access-Control-Allow-Origin': '*', 'Cache-Control': 'no-cache', 'ETag': 'W/"486-xMvHk5hAH/2pwIZXoqS7WZ+HZWo"', 'Vary': 'Accept-Encoding', 'Content-Encoding': 'gzip', 'CF-Cache-Status': 'DYNAMIC', 'Report-To': '{"endpoints":[{"url":"https:\\/\\/a.nel.cloudflare.com\\/report\\/v4?s=LcZzfGR1Hig7f7%2FzcNiZx%2BNI5gnEJyBZtB3Xx8ZbyTFtAvH1Ge5AyLDkjOZ0wVqiq%2FJWZHxVy9ITXhT%2BM2AXVoLrKH5wHUF6mpZzgIobb1FOkrAvC09i7ly%2F%2FGuk3MyB"}],"group":"cf-nel","max_age":604800}', 'NEL': '{"success_fraction":0,"report_to":"cf-nel","max_age":604800}', 'Server': 'cloudflare', 'CF-RAY': '89953d541f4d172a-SJC', 'alt-svc': 'h3=":443"; ma=86400'} 
 body={"results":[{"gender":"female","name":{"title":"Miss","first":"Hedda","last":"Østreng"},"location":{"street":{"number":3233,"name":"Stovner Senter"},"city":"Grønlund","state":"Nordland","country":"Norway","postcode":"8767","coordinates":{"latitude":"40.7212","longitude":"155.4831"},"timezone":{"offset":"-8:00","description":"Pacific Time (US &amp; Canada)"}},"email":"hedda.ostreng@example.com","login":{"uuid":"5f425d37-b513-4070-870c-59f70eb94362","username":"silverfrog647","password":"66666666","salt":"wdnaDbrE","md5":"31137f9806e75d345775a0e119c678b0","sha1":"1456f092ed4fb0bcec3fc79321378cd9f178b1f3","sha256":"36c11ccf83c163e32ac5707bafef45ad45b780b37f0ea5ae23301b27c34df2fb"},"dob":{"date":"2000-11-09T17:51:37.232Z","age":23},"registered":{"date":"2011-07-15T19:48:44.484Z","age":12},"phone":"86622415","cell":"44957188","id":{"name":"FN","value":"09110053484"},"picture":{"large":"https://randomuser.me/api/portraits/women/4.jpg","medium":"https://randomuser.me/api/portraits/med/women/4.jpg","thumbnail":"https://randomuser.me/api/portraits/thumb/women/4.jpg"},"nat":"NO"}],"info":{"seed":"3e3cb63343ac7165","results":1,"page":1,"version":"1.4"}} 
 </msg>
<msg time="2024-06-25T13:17:45.060053" level="INFO">/opt/hostedtoolcache/Python/3.12.4/x64/lib/python3.12/site-packages/urllib3/connectionpool.py:1099: InsecureRequestWarning: Unverified HTTPS request is being made to host 'randomuser.me'. Adding certificate verification is strongly advised. See: https://urllib3.readthedocs.io/en/latest/advanced-usage.html#tls-warnings
  warnings.warn(</msg>
<msg time="2024-06-25T13:17:45.060172" level="INFO">${response} = &lt;Response [200]&gt;</msg>
<var>${response}</var>
<arg>consultarAPI</arg>
<arg>/api</arg>
<doc>Sends a GET request on a previously created HTTP Session.</doc>
<status status="PASS" start="2024-06-25T13:17:44.975542" elapsed="0.084663"/>
</kw>
<kw name="Set Variable" owner="BuiltIn">
<msg time="2024-06-25T13:17:45.061289" level="INFO">${json_data} = {'results': [{'gender': 'female', 'name': {'title': 'Miss', 'first': 'Hedda', 'last': 'Østreng'}, 'location': {'street': {'number': 3233, 'name': 'Stovner Senter'}, 'city': 'Grønlund', 'state': 'Nordl...</msg>
<var>${json_data}</var>
<arg>${response.json()}</arg>
<doc>Returns the given values which can then be assigned to a variables.</doc>
<status status="PASS" start="2024-06-25T13:17:45.060749" elapsed="0.000571"/>
</kw>
<kw name="Log" owner="BuiltIn">
<msg time="2024-06-25T13:17:45.061842" level="INFO">{'results': [{'gender': 'female', 'name': {'title': 'Miss', 'first': 'Hedda', 'last': 'Østreng'}, 'location': {'street': {'number': 3233, 'name': 'Stovner Senter'}, 'city': 'Grønlund', 'state': 'Nordland', 'country': 'Norway', 'postcode': '8767', 'coordinates': {'latitude': '40.7212', 'longitude': '155.4831'}, 'timezone': {'offset': '-8:00', 'description': 'Pacific Time (US &amp; Canada)'}}, 'email': 'hedda.ostreng@example.com', 'login': {'uuid': '5f425d37-b513-4070-870c-59f70eb94362', 'username': 'silverfrog647', 'password': '66666666', 'salt': 'wdnaDbrE', 'md5': '31137f9806e75d345775a0e119c678b0', 'sha1': '1456f092ed4fb0bcec3fc79321378cd9f178b1f3', 'sha256': '36c11ccf83c163e32ac5707bafef45ad45b780b37f0ea5ae23301b27c34df2fb'}, 'dob': {'date': '2000-11-09T17:51:37.232Z', 'age': 23}, 'registered': {'date': '2011-07-15T19:48:44.484Z', 'age': 12}, 'phone': '86622415', 'cell': '44957188', 'id': {'name': 'FN', 'value': '09110053484'}, 'picture': {'large': 'https://randomuser.me/api/portraits/women/4.jpg', 'medium': 'https://randomuser.me/api/portraits/med/women/4.jpg', 'thumbnail': 'https://randomuser.me/api/portraits/thumb/women/4.jpg'}, 'nat': 'NO'}], 'info': {'seed': '3e3cb63343ac7165', 'results': 1, 'page': 1, 'version': '1.4'}}</msg>
<arg>${json_data}</arg>
<doc>Logs the given message with the given level.</doc>
<status status="PASS" start="2024-06-25T13:17:45.061671" elapsed="0.000223"/>
</kw>
<kw name="Should Be String" owner="String">
<arg>${json_data['results'][0]['gender']}</arg>
<doc>Fails if the given ``item`` is not a string.</doc>
<status status="PASS" start="2024-06-25T13:17:45.062198" elapsed="0.000432"/>
</kw>
<kw name="Should Match Regexp" owner="BuiltIn">
<arg>${json_data['results'][0]['email']}</arg>
<arg>^[a-zA-Z0-9._%+-]+@[a-zA-Z0-9.-]+\.[a-zA-Z]{2,}$</arg>
<doc>Fails if ``string`` does not match ``pattern`` as a regular expression.</doc>
<status status="PASS" start="2024-06-25T13:17:45.062826" elapsed="0.000524"/>
</kw>
<kw name="Should Match Regexp" owner="BuiltIn">
<arg>${json_data['results'][0]['dob']['date']}</arg>
<arg>\\d{4}-\\d{2}-\\d{2}T\\d{2}:\\d{2}:\\d{2}\\.\\d{3}Z</arg>
<doc>Fails if ``string`` does not match ``pattern`` as a regular expression.</doc>
<status status="PASS" start="2024-06-25T13:17:45.063594" elapsed="0.000509"/>
</kw>
<kw name="Should Match Regexp" owner="BuiltIn">
<arg>${json_data['results'][0]['registered']['date']}</arg>
<arg>\\d{4}-\\d{2}-\\d{2}T\\d{2}:\\d{2}:\\d{2}\\.\\d{3}Z</arg>
<doc>Fails if ``string`` does not match ``pattern`` as a regular expression.</doc>
<status status="PASS" start="2024-06-25T13:17:45.064296" elapsed="0.000368"/>
</kw>
<kw name="Should Match Regexp" owner="BuiltIn">
<arg>${json_data['results'][0]['picture']['large']}</arg>
<arg>^https?://.*\.(?:png|jpe?g|gif|bmp)$</arg>
<doc>Fails if ``string`` does not match ``pattern`` as a regular expression.</doc>
<status status="PASS" start="2024-06-25T13:17:45.064851" elapsed="0.000463"/>
</kw>
<kw name="Should Match Regexp" owner="BuiltIn">
<arg>${json_data['results'][0]['picture']['medium']}</arg>
<arg>^https?://.*\.(?:png|jpe?g|gif|bmp)$</arg>
<doc>Fails if ``string`` does not match ``pattern`` as a regular expression.</doc>
<status status="PASS" start="2024-06-25T13:17:45.065501" elapsed="0.000352"/>
</kw>
<kw name="Should Match Regexp" owner="BuiltIn">
<arg>${json_data['results'][0]['picture']['thumbnail']}</arg>
<arg>^https?://.*\.(?:png|jpe?g|gif|bmp)$</arg>
<doc>Fails if ``string`` does not match ``pattern`` as a regular expression.</doc>
<status status="PASS" start="2024-06-25T13:17:45.066038" elapsed="0.000370"/>
</kw>
<kw name="Log" owner="BuiltIn">
<msg time="2024-06-25T13:17:45.066930" level="INFO">{'large': 'https://randomuser.me/api/portraits/women/4.jpg', 'medium': 'https://randomuser.me/api/portraits/med/women/4.jpg', 'thumbnail': 'https://randomuser.me/api/portraits/thumb/women/4.jpg'}</msg>
<arg>${json_data['results'][0]['picture']}</arg>
<doc>Logs the given message with the given level.</doc>
<status status="PASS" start="2024-06-25T13:17:45.066591" elapsed="0.000381"/>
</kw>
<status status="PASS" start="2024-06-25T13:17:44.975312" elapsed="0.091922"/>
</kw>
<kw name="Teste de Tipos de Dados - Postcode" owner="random-user-service">
<kw name="GET On Session" owner="RequestsLibrary">
<msg time="2024-06-25T13:17:45.161060" level="INFO">GET Request : url=https://randomuser.me/api 
 path_url=/api 
 headers={'User-Agent': 'python-requests/2.32.3', 'Accept-Encoding': 'gzip, deflate', 'Accept': '*/*', 'Connection': 'keep-alive'} 
 body=None 
 </msg>
<msg time="2024-06-25T13:17:45.161161" level="INFO">GET Response : url=https://randomuser.me/api 
 status=200, reason=OK 
 headers={'Date': 'Tue, 25 Jun 2024 13:17:45 GMT', 'Content-Type': 'application/json; charset=utf-8', 'Transfer-Encoding': 'chunked', 'Connection': 'keep-alive', 'X-Powered-By': 'Express', 'Access-Control-Allow-Origin': '*', 'Cache-Control': 'no-cache', 'ETag': 'W/"476-3/83pQf5HkCN5YEGmNNWlb5zkmA"', 'Vary': 'Accept-Encoding', 'Content-Encoding': 'gzip', 'CF-Cache-Status': 'DYNAMIC', 'Report-To': '{"endpoints":[{"url":"https:\\/\\/a.nel.cloudflare.com\\/report\\/v4?s=h3JAYvQ5k6KQRyIrpz3DyZmZKnZ7aIjQuBstufTH7a6jYkfC2%2FpDW2Zefox923CB5q7H9NUNpsy%2BCefxSrP%2BEh0x7nCJpNZlZqos4hexhcmlgCzxTkoeAB0f%2F3OsxMof"}],"group":"cf-nel","max_age":604800}', 'NEL': '{"success_fraction":0,"report_to":"cf-nel","max_age":604800}', 'Server': 'cloudflare', 'CF-RAY': '89953d54afd3172a-SJC', 'alt-svc': 'h3=":443"; ma=86400'} 
 body={"results":[{"gender":"male","name":{"title":"Mr","first":"Gerald","last":"Silva"},"location":{"street":{"number":7280,"name":"Fincher Rd"},"city":"Houston","state":"Vermont","country":"United States","postcode":48547,"coordinates":{"latitude":"82.1869","longitude":"-24.4738"},"timezone":{"offset":"+3:30","description":"Tehran"}},"email":"gerald.silva@example.com","login":{"uuid":"6d9b46e6-e5a3-4560-a6b6-9b4e8e9dc33f","username":"silvergorilla633","password":"gagging","salt":"5vPnuydy","md5":"32807b78f0e035fddab8f5f5d794193d","sha1":"71bfb14f4d2759d136b8909355d5bb27e03ae969","sha256":"de2b4d791be111e1c2622b59ae1bf49b20ffe96482245a7a9ee7649e7d086759"},"dob":{"date":"1984-08-31T20:36:55.000Z","age":39},"registered":{"date":"2008-02-18T17:07:55.447Z","age":16},"phone":"(695) 881-2976","cell":"(595) 965-4085","id":{"name":"SSN","value":"242-78-3824"},"picture":{"large":"https://randomuser.me/api/portraits/men/91.jpg","medium":"https://randomuser.me/api/portraits/med/men/91.jpg","thumbnail":"https://randomuser.me/api/portraits/thumb/men/91.jpg"},"nat":"US"}],"info":{"seed":"d5ee52e7aab4273c","results":1,"page":1,"version":"1.4"}} 
 </msg>
<msg time="2024-06-25T13:17:45.161232" level="INFO">/opt/hostedtoolcache/Python/3.12.4/x64/lib/python3.12/site-packages/urllib3/connectionpool.py:1099: InsecureRequestWarning: Unverified HTTPS request is being made to host 'randomuser.me'. Adding certificate verification is strongly advised. See: https://urllib3.readthedocs.io/en/latest/advanced-usage.html#tls-warnings
  warnings.warn(</msg>
<msg time="2024-06-25T13:17:45.161350" level="INFO">${response} = &lt;Response [200]&gt;</msg>
<var>${response}</var>
<arg>consultarAPI</arg>
<arg>/api</arg>
<doc>Sends a GET request on a previously created HTTP Session.</doc>
<status status="PASS" start="2024-06-25T13:17:45.067701" elapsed="0.093690"/>
</kw>
<kw name="Set Variable" owner="BuiltIn">
<msg time="2024-06-25T13:17:45.162459" level="INFO">${json_data} = {'results': [{'gender': 'male', 'name': {'title': 'Mr', 'first': 'Gerald', 'last': 'Silva'}, 'location': {'street': {'number': 7280, 'name': 'Fincher Rd'}, 'city': 'Houston', 'state': 'Vermont', 'coun...</msg>
<var>${json_data}</var>
<arg>${response.json()}</arg>
<doc>Returns the given values which can then be assigned to a variables.</doc>
<status status="PASS" start="2024-06-25T13:17:45.161896" elapsed="0.000592"/>
</kw>
<kw name="Log" owner="BuiltIn">
<msg time="2024-06-25T13:17:45.162961" level="INFO">{'results': [{'gender': 'male', 'name': {'title': 'Mr', 'first': 'Gerald', 'last': 'Silva'}, 'location': {'street': {'number': 7280, 'name': 'Fincher Rd'}, 'city': 'Houston', 'state': 'Vermont', 'country': 'United States', 'postcode': 48547, 'coordinates': {'latitude': '82.1869', 'longitude': '-24.4738'}, 'timezone': {'offset': '+3:30', 'description': 'Tehran'}}, 'email': 'gerald.silva@example.com', 'login': {'uuid': '6d9b46e6-e5a3-4560-a6b6-9b4e8e9dc33f', 'username': 'silvergorilla633', 'password': 'gagging', 'salt': '5vPnuydy', 'md5': '32807b78f0e035fddab8f5f5d794193d', 'sha1': '71bfb14f4d2759d136b8909355d5bb27e03ae969', 'sha256': 'de2b4d791be111e1c2622b59ae1bf49b20ffe96482245a7a9ee7649e7d086759'}, 'dob': {'date': '1984-08-31T20:36:55.000Z', 'age': 39}, 'registered': {'date': '2008-02-18T17:07:55.447Z', 'age': 16}, 'phone': '(695) 881-2976', 'cell': '(595) 965-4085', 'id': {'name': 'SSN', 'value': '242-78-3824'}, 'picture': {'large': 'https://randomuser.me/api/portraits/men/91.jpg', 'medium': 'https://randomuser.me/api/portraits/med/men/91.jpg', 'thumbnail': 'https://randomuser.me/api/portraits/thumb/men/91.jpg'}, 'nat': 'US'}], 'info': {'seed': 'd5ee52e7aab4273c', 'results': 1, 'page': 1, 'version': '1.4'}}</msg>
<arg>${json_data}</arg>
<doc>Logs the given message with the given level.</doc>
<status status="PASS" start="2024-06-25T13:17:45.162803" elapsed="0.000204"/>
</kw>
<kw name="Should Be Equal As Numbers" owner="BuiltIn">
<arg>${json_data['results'][0]['location']['postcode']}</arg>
<arg>${json_data['results'][0]['location']['postcode']}</arg>
<doc>Fails if objects are unequal after converting them to real numbers.</doc>
<status status="PASS" start="2024-06-25T13:17:45.163296" elapsed="0.000627"/>
</kw>
<kw name="Log" owner="BuiltIn">
<msg time="2024-06-25T13:17:45.164448" level="INFO">48547</msg>
<arg>${json_data['results'][0]['location']['postcode']}</arg>
<doc>Logs the given message with the given level.</doc>
<status status="PASS" start="2024-06-25T13:17:45.164112" elapsed="0.000376"/>
</kw>
<status status="PASS" start="2024-06-25T13:17:45.067465" elapsed="0.097276"/>
</kw>
<doc>Testa se os tipos de dados na resposta da API estão corretos.</doc>
<tag>testeTiposDados</tag>
<status status="PASS" start="2024-06-25T13:17:44.974737" elapsed="0.190208"/>
</test>
<test id="s1-s1-t5" name="Validar conteudo" line="35">
<kw name="Teste de Tipos de Conteudo" owner="random-user-service">
<kw name="GET On Session" owner="RequestsLibrary">
<msg time="2024-06-25T13:17:45.260198" level="INFO">GET Request : url=https://randomuser.me/api 
 path_url=/api 
 headers={'User-Agent': 'python-requests/2.32.3', 'Accept-Encoding': 'gzip, deflate', 'Accept': '*/*', 'Connection': 'keep-alive'} 
 body=None 
 </msg>
<msg time="2024-06-25T13:17:45.260298" level="INFO">GET Response : url=https://randomuser.me/api 
 status=200, reason=OK 
 headers={'Date': 'Tue, 25 Jun 2024 13:17:45 GMT', 'Content-Type': 'application/json; charset=utf-8', 'Transfer-Encoding': 'chunked', 'Connection': 'keep-alive', 'X-Powered-By': 'Express', 'Access-Control-Allow-Origin': '*', 'Cache-Control': 'no-cache', 'ETag': 'W/"49c-n+mgwn023fu11HHVRFmKc3HV7UY"', 'Vary': 'Accept-Encoding', 'Content-Encoding': 'gzip', 'CF-Cache-Status': 'DYNAMIC', 'Report-To': '{"endpoints":[{"url":"https:\\/\\/a.nel.cloudflare.com\\/report\\/v4?s=IKb6EOINatDjL%2B7gydzCiQncsHEEWZKC3f5gd4phhZS3OorMKd2zsvHHQ4pO09ja9btf%2B%2Fiq%2BwCLW%2B3Z%2BvwcJseAZG0xWiYzH3x8uOHTPeFWa6f4qrtNHZEAQvbMRcLv"}],"group":"cf-nel","max_age":604800}', 'NEL': '{"success_fraction":0,"report_to":"cf-nel","max_age":604800}', 'Server': 'cloudflare', 'CF-RAY': '89953d55485f172a-SJC', 'alt-svc': 'h3=":443"; ma=86400'} 
 body={"results":[{"gender":"female","name":{"title":"Ms","first":"Isla","last":"Hokkanen"},"location":{"street":{"number":8530,"name":"Rotuaari"},"city":"Veteli","state":"Kymenlaakso","country":"Finland","postcode":47465,"coordinates":{"latitude":"-27.0173","longitude":"54.7420"},"timezone":{"offset":"+5:00","description":"Ekaterinburg, Islamabad, Karachi, Tashkent"}},"email":"isla.hokkanen@example.com","login":{"uuid":"62cadbf4-68a1-41ba-afee-39f7ca3f0278","username":"tinyduck645","password":"theking","salt":"FNfhRNx7","md5":"3e68184eefa87373323e9c3aa1b9ea1c","sha1":"8531a1a60d608a59a6d5a8f635e2a42b13ac7eaa","sha256":"9c9939d900c8ba489c8765ab883abd876cb9316c11bce83028f8a11ca1d71a37"},"dob":{"date":"2000-07-25T14:45:19.609Z","age":23},"registered":{"date":"2011-07-15T00:44:32.314Z","age":12},"phone":"07-290-145","cell":"040-675-57-21","id":{"name":"HETU","value":"NaNNA974undefined"},"picture":{"large":"https://randomuser.me/api/portraits/women/74.jpg","medium":"https://randomuser.me/api/portraits/med/women/74.jpg","thumbnail":"https://randomuser.me/api/portraits/thumb/women/74.jpg"},"nat":"FI"}],"info":{"seed":"eb354896acea2554","results":1,"page":1,"version":"1.4"}} 
 </msg>
<msg time="2024-06-25T13:17:45.260386" level="INFO">/opt/hostedtoolcache/Python/3.12.4/x64/lib/python3.12/site-packages/urllib3/connectionpool.py:1099: InsecureRequestWarning: Unverified HTTPS request is being made to host 'randomuser.me'. Adding certificate verification is strongly advised. See: https://urllib3.readthedocs.io/en/latest/advanced-usage.html#tls-warnings
  warnings.warn(</msg>
<msg time="2024-06-25T13:17:45.260504" level="INFO">${response} = &lt;Response [200]&gt;</msg>
<var>${response}</var>
<arg>consultarAPI</arg>
<arg>/api</arg>
<doc>Sends a GET request on a previously created HTTP Session.</doc>
<status status="PASS" start="2024-06-25T13:17:45.167584" elapsed="0.092959"/>
</kw>
<kw name="Set Variable" owner="BuiltIn">
<msg time="2024-06-25T13:17:45.261584" level="INFO">${json_data} = {'results': [{'gender': 'female', 'name': {'title': 'Ms', 'first': 'Isla', 'last': 'Hokkanen'}, 'location': {'street': {'number': 8530, 'name': 'Rotuaari'}, 'city': 'Veteli', 'state': 'Kymenlaakso', '...</msg>
<var>${json_data}</var>
<arg>${response.json()}</arg>
<doc>Returns the given values which can then be assigned to a variables.</doc>
<status status="PASS" start="2024-06-25T13:17:45.261071" elapsed="0.000541"/>
</kw>
<kw name="Set Variable" owner="BuiltIn">
<msg time="2024-06-25T13:17:45.262296" level="INFO">${name_title} = Ms</msg>
<var>${name_title}</var>
<arg>${json_data["results"][0]["name"]["title"]}</arg>
<doc>Returns the given values which can then be assigned to a variables.</doc>
<status status="PASS" start="2024-06-25T13:17:45.261916" elapsed="0.000438"/>
</kw>
<kw name="Create List" owner="BuiltIn">
<msg time="2024-06-25T13:17:45.262828" level="INFO">${allowed_titles} = ['Mr', 'Ms', 'Miss', 'Mrs', 'Madame', 'Monsieur']</msg>
<var>${allowed_titles}</var>
<arg>Mr</arg>
<arg>Ms</arg>
<arg>Miss</arg>
<arg>Mrs</arg>
<arg>Madame</arg>
<arg>Monsieur</arg>
<doc>Returns a list containing given items.</doc>
<status status="PASS" start="2024-06-25T13:17:45.262677" elapsed="0.000175"/>
</kw>
<kw name="List Should Contain Value" owner="Collections">
<arg>${allowed_titles}</arg>
<arg>${name_title}</arg>
<doc>Fails if the ``value`` is not found from ``list``.</doc>
<status status="PASS" start="2024-06-25T13:17:45.263149" elapsed="0.000179"/>
</kw>
<kw name="Set Variable" owner="BuiltIn">
<msg time="2024-06-25T13:17:45.263868" level="INFO">${name_country} = FI</msg>
<var>${name_country}</var>
<arg>${json_data["results"][0]["nat"]}</arg>
<doc>Returns the given values which can then be assigned to a variables.</doc>
<status status="PASS" start="2024-06-25T13:17:45.263505" elapsed="0.000388"/>
</kw>
<kw name="Create List" owner="BuiltIn">
<msg time="2024-06-25T13:17:45.264783" level="INFO">${list_country} = ['AD', 'AE', 'AF', 'AG', 'AI', 'AL', 'AM', 'AO', 'AQ', 'AR', 'AS', 'AT', 'AU', 'AW', 'AX', 'AZ', 'BA', 'BB', 'BD', 'BE', 'BF', 'BG', 'BH', 'BI', 'BJ', 'BL', 'BM', 'BN', 'BO', 'BQ', 'BR', 'BS', 'BT', '...</msg>
<var>${list_country}</var>
<arg>AD</arg>
<arg>AE</arg>
<arg>AF</arg>
<arg>AG</arg>
<arg>AI</arg>
<arg>AL</arg>
<arg>AM</arg>
<arg>AO</arg>
<arg>AQ</arg>
<arg>AR</arg>
<arg>AS</arg>
<arg>AT</arg>
<arg>AU</arg>
<arg>AW</arg>
<arg>AX</arg>
<arg>AZ</arg>
<arg>BA</arg>
<arg>BB</arg>
<arg>BD</arg>
<arg>BE</arg>
<arg>BF</arg>
<arg>BG</arg>
<arg>BH</arg>
<arg>BI</arg>
<arg>BJ</arg>
<arg>BL</arg>
<arg>BM</arg>
<arg>BN</arg>
<arg>BO</arg>
<arg>BQ</arg>
<arg>BR</arg>
<arg>BS</arg>
<arg>BT</arg>
<arg>BV</arg>
<arg>BW</arg>
<arg>BY</arg>
<arg>BZ</arg>
<arg>CA</arg>
<arg>CC</arg>
<arg>CD</arg>
<arg>CF</arg>
<arg>CG</arg>
<arg>CH</arg>
<arg>CI</arg>
<arg>CK</arg>
<arg>CL</arg>
<arg>CM</arg>
<arg>CN</arg>
<arg>CO</arg>
<arg>CR</arg>
<arg>CU</arg>
<arg>CV</arg>
<arg>CW</arg>
<arg>CX</arg>
<arg>CY</arg>
<arg>CZ</arg>
<arg>DE</arg>
<arg>DJ</arg>
<arg>DK</arg>
<arg>DM</arg>
<arg>DO</arg>
<arg>DZ</arg>
<arg>EC</arg>
<arg>EE</arg>
<arg>EG</arg>
<arg>EH</arg>
<arg>ER</arg>
<arg>ES</arg>
<arg>ET</arg>
<arg>FI</arg>
<arg>FJ</arg>
<arg>FK</arg>
<arg>FM</arg>
<arg>FO</arg>
<arg>FR</arg>
<arg>GA</arg>
<arg>GB</arg>
<arg>GD</arg>
<arg>GE</arg>
<arg>GF</arg>
<arg>GG</arg>
<arg>GH</arg>
<arg>GI</arg>
<arg>GL</arg>
<arg>GM</arg>
<arg>GN</arg>
<arg>GP</arg>
<arg>GQ</arg>
<arg>GR</arg>
<arg>GS</arg>
<arg>GT</arg>
<arg>GU</arg>
<arg>GW</arg>
<arg>GY</arg>
<arg>HK</arg>
<arg>HM</arg>
<arg>HN</arg>
<arg>HR</arg>
<arg>HT</arg>
<arg>HU</arg>
<arg>ID</arg>
<arg>IE</arg>
<arg>IL</arg>
<arg>IM</arg>
<arg>IN</arg>
<arg>IO</arg>
<arg>IQ</arg>
<arg>IR</arg>
<arg>IS</arg>
<arg>IT</arg>
<arg>JE</arg>
<arg>JM</arg>
<arg>JO</arg>
<arg>JP</arg>
<arg>KE</arg>
<arg>KG</arg>
<arg>KH</arg>
<arg>KI</arg>
<arg>KM</arg>
<arg>KN</arg>
<arg>KP</arg>
<arg>KR</arg>
<arg>KW</arg>
<arg>KY</arg>
<arg>KZ</arg>
<arg>LA</arg>
<arg>LB</arg>
<arg>LC</arg>
<arg>LI</arg>
<arg>LK</arg>
<arg>LR</arg>
<arg>LS</arg>
<arg>LT</arg>
<arg>LU</arg>
<arg>LV</arg>
<arg>LY</arg>
<arg>MA</arg>
<arg>MC</arg>
<arg>MD</arg>
<arg>ME</arg>
<arg>MF</arg>
<arg>MG</arg>
<arg>MH</arg>
<arg>MK</arg>
<arg>ML</arg>
<arg>MM</arg>
<arg>MN</arg>
<arg>MO</arg>
<arg>MP</arg>
<arg>MQ</arg>
<arg>MR</arg>
<arg>MS</arg>
<arg>MT</arg>
<arg>MU</arg>
<arg>MV</arg>
<arg>MW</arg>
<arg>MX</arg>
<arg>MY</arg>
<arg>MZ</arg>
<arg>NA</arg>
<arg>NC</arg>
<arg>NE</arg>
<arg>NF</arg>
<arg>NG</arg>
<arg>NI</arg>
<arg>NL</arg>
<arg>NO</arg>
<arg>NP</arg>
<arg>NR</arg>
<arg>NU</arg>
<arg>NZ</arg>
<arg>OM</arg>
<arg>PA</arg>
<arg>PE</arg>
<arg>PF</arg>
<arg>PG</arg>
<arg>PH</arg>
<arg>PK</arg>
<arg>PL</arg>
<arg>PM</arg>
<arg>PN</arg>
<arg>PR</arg>
<arg>PS</arg>
<arg>PT</arg>
<arg>PW</arg>
<arg>PY</arg>
<arg>QA</arg>
<arg>RE</arg>
<arg>RO</arg>
<arg>RS</arg>
<arg>RU</arg>
<arg>RW</arg>
<arg>SA</arg>
<arg>SB</arg>
<arg>SC</arg>
<arg>SD</arg>
<arg>SE</arg>
<arg>SG</arg>
<arg>SH</arg>
<arg>SI</arg>
<arg>SJ</arg>
<arg>SK</arg>
<arg>SL</arg>
<arg>SM</arg>
<arg>SN</arg>
<arg>SO</arg>
<arg>SR</arg>
<arg>SS</arg>
<arg>ST</arg>
<arg>SV</arg>
<arg>SX</arg>
<arg>SY</arg>
<arg>SZ</arg>
<arg>TC</arg>
<arg>TD</arg>
<arg>TF</arg>
<arg>TG</arg>
<arg>TH</arg>
<arg>TJ</arg>
<arg>TK</arg>
<arg>TL</arg>
<arg>TM</arg>
<arg>TN</arg>
<arg>TO</arg>
<arg>TR</arg>
<arg>TT</arg>
<arg>TV</arg>
<arg>TW</arg>
<arg>TZ</arg>
<arg>UA</arg>
<arg>UG</arg>
<arg>UM</arg>
<arg>US</arg>
<arg>UY</arg>
<arg>UZ</arg>
<arg>VA</arg>
<arg>VC</arg>
<arg>VE</arg>
<arg>VG</arg>
<arg>VI</arg>
<arg>VN</arg>
<arg>VU</arg>
<arg>WF</arg>
<arg>WS</arg>
<arg>XK</arg>
<arg>YE</arg>
<arg>YT</arg>
<arg>ZA</arg>
<arg>ZM</arg>
<arg>ZW</arg>
<doc>Returns a list containing given items.</doc>
<status status="PASS" start="2024-06-25T13:17:45.264181" elapsed="0.000627"/>
</kw>
<kw name="List Should Contain Value" owner="Collections">
<arg>${list_country}</arg>
<arg>${name_country}</arg>
<doc>Fails if the ``value`` is not found from ``list``.</doc>
<status status="PASS" start="2024-06-25T13:17:45.265602" elapsed="0.000205"/>
</kw>
<kw name="Run Keyword If" owner="BuiltIn">
<kw name="Should Be True" owner="BuiltIn">
<arg>${True}</arg>
<doc>Fails if the given condition is not true.</doc>
<status status="PASS" start="2024-06-25T13:17:45.266784" elapsed="0.000142"/>
</kw>
<arg>${json_data["results"][0]["location"]["coordinates"]["latitude"]} &gt;= -90 and ${json_data["results"][0]["location"]["coordinates"]["latitude"]} &lt;= 90</arg>
<arg>Should Be True</arg>
<arg>${True}</arg>
<doc>Runs the given keyword with the given arguments, if ``condition`` is true.</doc>
<status status="PASS" start="2024-06-25T13:17:45.266006" elapsed="0.001045"/>
</kw>
<kw name="Run Keyword If" owner="BuiltIn">
<kw name="Should Be True" owner="BuiltIn">
<arg>${True}</arg>
<doc>Fails if the given condition is not true.</doc>
<status status="PASS" start="2024-06-25T13:17:45.267921" elapsed="0.000135"/>
</kw>
<arg>${json_data["results"][0]["location"]["coordinates"]["longitude"]} &gt;= -180 and ${json_data["results"][0]["location"]["coordinates"]["longitude"]} &lt;= 180</arg>
<arg>Should Be True</arg>
<arg>${True}</arg>
<doc>Runs the given keyword with the given arguments, if ``condition`` is true.</doc>
<status status="PASS" start="2024-06-25T13:17:45.267230" elapsed="0.000948"/>
</kw>
<status status="PASS" start="2024-06-25T13:17:45.167195" elapsed="0.101118"/>
</kw>
<doc>Testa o conteúdo específico dos campos retornados pela API.</doc>
<tag>testeConteudo</tag>
<status status="PASS" start="2024-06-25T13:17:45.166731" elapsed="0.101738"/>
</test>
<status status="PASS" start="2024-06-25T13:17:44.202477" elapsed="1.067976"/>
</suite>
<status status="PASS" start="2024-06-25T13:17:44.187644" elapsed="1.088010"/>
</suite>
<statistics>
<total>
<stat pass="5" fail="0" skip="0">All Tests</stat>
</total>
<tag>
<stat pass="1" fail="0" skip="0">testeConteudo</stat>
<stat pass="1" fail="0" skip="0">testeEstruturaResposta</stat>
<stat pass="1" fail="0" skip="0">testeRequisicaoBasica</stat>
<stat pass="1" fail="0" skip="0">testeTiposDados</stat>
</tag>
<suite>
<stat pass="5" fail="0" skip="0" id="s1" name="Tests">Tests</stat>
<stat pass="5" fail="0" skip="0" id="s1-s1" name="Random-User-Test">Tests.Random-User-Test</stat>
</suite>
</statistics>
<errors>
</errors>
</robot>
