<?xml version="1.0" encoding="UTF-8"?>
<robot generator="Robot 7.0 (Python 3.12.3 on linux)" generated="2024-05-23T10:16:41.122583" rpa="false" schemaversion="5">
<suite id="s1" name="Tests" source="/home/runner/work/DesafioQAItauRogerioJordao/DesafioQAItauRogerioJordao/RamdonUser/tests">
<suite id="s1-s1" name="Random-User-Test" source="/home/runner/work/DesafioQAItauRogerioJordao/DesafioQAItauRogerioJordao/RamdonUser/tests/random-user-test.robot">
<test id="s1-s1-t1" name="Conectar" line="13">
<kw name="Conectar API" owner="random-user-service">
<kw name="Create Session" owner="RequestsLibrary">
<msg time="2024-05-23T10:16:41.520695" level="INFO">Creating Session using : alias=consultarAPI, url=https://randomuser.me/, headers={},                     cookies={}, auth=None, timeout=None, proxies=None, verify=False,                     debug=0 </msg>
<arg>consultarAPI</arg>
<arg>${URL}</arg>
<doc>Create Session: create a HTTP session to a server</doc>
<status status="PASS" start="2024-05-23T10:16:41.520495" elapsed="0.000372"/>
</kw>
<status status="PASS" start="2024-05-23T10:16:41.519524" elapsed="0.001738"/>
</kw>
<status status="PASS" start="2024-05-23T10:16:41.518922" elapsed="0.002537"/>
</test>
<test id="s1-s1-t2" name="Validar retorno 200 e JSON Válido" line="16">
<kw name="Teste de Requisicao Basica" owner="random-user-service">
<kw name="GET On Session" owner="RequestsLibrary">
<msg time="2024-05-23T10:16:41.754248" level="INFO">GET Request : url=https://randomuser.me/api 
 path_url=/api 
 headers={'User-Agent': 'python-requests/2.32.2', 'Accept-Encoding': 'gzip, deflate', 'Accept': '*/*', 'Connection': 'keep-alive'} 
 body=None 
 </msg>
<msg time="2024-05-23T10:16:41.754391" level="INFO">GET Response : url=https://randomuser.me/api 
 status=200, reason=OK 
 headers={'Date': 'Thu, 23 May 2024 10:16:41 GMT', 'Content-Type': 'application/json; charset=utf-8', 'Transfer-Encoding': 'chunked', 'Connection': 'keep-alive', 'X-Powered-By': 'Express', 'Access-Control-Allow-Origin': '*', 'Cache-Control': 'no-cache', 'ETag': 'W/"475-i2KnoHkbUGyLthmPNzrXGJ+dvOY"', 'Vary': 'Accept-Encoding', 'Content-Encoding': 'gzip', 'CF-Cache-Status': 'DYNAMIC', 'Report-To': '{"endpoints":[{"url":"https:\\/\\/a.nel.cloudflare.com\\/report\\/v4?s=nqF0y8moOVR6COaqzJsO5yofqyVflxhau7WJ77INdr%2F%2B5yhuhnbhMJ6lUVL52SwfPw8rNs57ZIUzEfby9ffoJ43Lmm%2FymP7dDGq0pA5zCneoH2CiupErrGcutUVVpzJ0"}],"group":"cf-nel","max_age":604800}', 'NEL': '{"success_fraction":0,"report_to":"cf-nel","max_age":604800}', 'Server': 'cloudflare', 'CF-RAY': '88844abc6c663b77-IAD', 'alt-svc': 'h3=":443"; ma=86400'} 
 body={"results":[{"gender":"male","name":{"title":"Mr","first":"Cristóbal","last":"Ortega"},"location":{"street":{"number":1249,"name":"Calle de Téllez"},"city":"Pamplona","state":"Aragón","country":"Spain","postcode":48171,"coordinates":{"latitude":"-34.7697","longitude":"-101.0864"},"timezone":{"offset":"-10:00","description":"Hawaii"}},"email":"cristobal.ortega@example.com","login":{"uuid":"3a11ba16-466c-4167-992a-14f37b783781","username":"blackmouse179","password":"maxime","salt":"szyYhyCY","md5":"0fe8683b4a2a115807ced3238d5f478f","sha1":"1deec0d8361866a4e53716dfbaad3c7c85bcd1f6","sha256":"8c5b0c6ae8728ab3a033eeacee9dcbb1e2e8d34c5cb4652fb5fd4bde1abb41a4"},"dob":{"date":"1959-04-20T11:45:28.455Z","age":65},"registered":{"date":"2021-12-31T11:32:52.269Z","age":2},"phone":"947-451-450","cell":"641-041-659","id":{"name":"DNI","value":"88802606-O"},"picture":{"large":"https://randomuser.me/api/portraits/men/18.jpg","medium":"https://randomuser.me/api/portraits/med/men/18.jpg","thumbnail":"https://randomuser.me/api/portraits/thumb/men/18.jpg"},"nat":"ES"}],"info":{"seed":"d9f1dd8bd72e4c83","results":1,"page":1,"version":"1.4"}} 
 </msg>
<msg time="2024-05-23T10:16:41.754485" level="INFO">/opt/hostedtoolcache/Python/3.12.3/x64/lib/python3.12/site-packages/urllib3/connectionpool.py:1103: InsecureRequestWarning: Unverified HTTPS request is being made to host 'randomuser.me'. Adding certificate verification is strongly advised. See: https://urllib3.readthedocs.io/en/latest/advanced-usage.html#tls-warnings
  warnings.warn(</msg>
<msg time="2024-05-23T10:16:41.754627" level="INFO">${response} = &lt;Response [200]&gt;</msg>
<var>${response}</var>
<arg>consultarAPI</arg>
<arg>/api</arg>
<doc>Sends a GET request on a previously created HTTP Session.</doc>
<status status="PASS" start="2024-05-23T10:16:41.524106" elapsed="0.230560"/>
</kw>
<kw name="Should Be Equal As Numbers" owner="BuiltIn">
<msg time="2024-05-23T10:16:41.755471" level="INFO">Argument types are:
&lt;class 'int'&gt;
&lt;class 'str'&gt;</msg>
<arg>${response.status_code}</arg>
<arg>200</arg>
<doc>Fails if objects are unequal after converting them to real numbers.</doc>
<status status="PASS" start="2024-05-23T10:16:41.755075" elapsed="0.000458"/>
</kw>
<kw name="Log" owner="BuiltIn">
<msg time="2024-05-23T10:16:41.756202" level="INFO">200</msg>
<arg>${response.status_code}</arg>
<doc>Logs the given message with the given level.</doc>
<status status="PASS" start="2024-05-23T10:16:41.755858" elapsed="0.000389"/>
</kw>
<kw name="Set Variable" owner="BuiltIn">
<msg time="2024-05-23T10:16:41.757036" level="INFO">${json_data} = {'results': [{'gender': 'male', 'name': {'title': 'Mr', 'first': 'Cristóbal', 'last': 'Ortega'}, 'location': {'street': {'number': 1249, 'name': 'Calle de Téllez'}, 'city': 'Pamplona', 'state': 'Aragó...</msg>
<var>${json_data}</var>
<arg>${response.json()}</arg>
<doc>Returns the given values which can then be assigned to a variables.</doc>
<status status="PASS" start="2024-05-23T10:16:41.756545" elapsed="0.000523"/>
</kw>
<kw name="Dictionary Should Contain Key" owner="Collections">
<msg time="2024-05-23T10:16:41.757556" level="INFO">False</msg>
<arg>${json_data}</arg>
<arg>results</arg>
<doc>Fails if ``key`` is not found from ``dictionary``.</doc>
<status status="PASS" start="2024-05-23T10:16:41.757377" elapsed="0.000217"/>
</kw>
<status status="PASS" start="2024-05-23T10:16:41.523855" elapsed="0.233992"/>
</kw>
<doc>Testa se a API responde corretamente e retorna um objeto JSON válido.</doc>
<tag>testeRequisicaoBasica</tag>
<status status="PASS" start="2024-05-23T10:16:41.523334" elapsed="0.234682"/>
</test>
<test id="s1-s1-t3" name="Validar estrutura de resposta" line="22">
<kw name="Teste de Estrutura de Resposta" owner="random-user-service">
<kw name="GET On Session" owner="RequestsLibrary">
<msg time="2024-05-23T10:16:41.795730" level="INFO">GET Request : url=https://randomuser.me/api 
 path_url=/api 
 headers={'User-Agent': 'python-requests/2.32.2', 'Accept-Encoding': 'gzip, deflate', 'Accept': '*/*', 'Connection': 'keep-alive'} 
 body=None 
 </msg>
<msg time="2024-05-23T10:16:41.795797" level="INFO">GET Response : url=https://randomuser.me/api 
 status=200, reason=OK 
 headers={'Date': 'Thu, 23 May 2024 10:16:41 GMT', 'Content-Type': 'application/json; charset=utf-8', 'Transfer-Encoding': 'chunked', 'Connection': 'keep-alive', 'X-Powered-By': 'Express', 'Access-Control-Allow-Origin': '*', 'Cache-Control': 'no-cache', 'ETag': 'W/"488-jYm+3HsszQC6cDpgFDlmIbIq7VY"', 'Vary': 'Accept-Encoding', 'Content-Encoding': 'gzip', 'CF-Cache-Status': 'DYNAMIC', 'Report-To': '{"endpoints":[{"url":"https:\\/\\/a.nel.cloudflare.com\\/report\\/v4?s=C4NG2QyuAJM6w9rojlyzf7cJcFuQMbDaJmc1kZ0Iszgo8O3wbFwsOLx7M2OExG3HMuatrlDtVSPvfGrr3B0MVWaDSkGjbDY6TevG4HhsocV%2Byi8Qe8m64R%2FwQrep8Zhg"}],"group":"cf-nel","max_age":604800}', 'NEL': '{"success_fraction":0,"report_to":"cf-nel","max_age":604800}', 'Server': 'cloudflare', 'CF-RAY': '88844abd0cf73b77-IAD', 'alt-svc': 'h3=":443"; ma=86400'} 
 body={"results":[{"gender":"female","name":{"title":"Miss","first":"Ceylan","last":"Mayhoş"},"location":{"street":{"number":4703,"name":"Şehitler Cd"},"city":"Zonguldak","state":"Erzurum","country":"Turkey","postcode":25787,"coordinates":{"latitude":"68.6084","longitude":"125.1072"},"timezone":{"offset":"+4:00","description":"Abu Dhabi, Muscat, Baku, Tbilisi"}},"email":"ceylan.mayhos@example.com","login":{"uuid":"393975d4-2f98-47e7-b131-99b545b5e7b8","username":"bigmouse657","password":"cobras","salt":"8IHD5D9f","md5":"da69b757b64dfd32f66516ae64be6d8f","sha1":"599c47b1cd4bd7aee2c9a9233a96fb21c8222320","sha256":"3001b5c89281be09e87b73e60a424564833fc100b59f6de3508e1f8920db7747"},"dob":{"date":"1984-01-25T08:33:47.757Z","age":40},"registered":{"date":"2008-12-07T16:16:16.403Z","age":15},"phone":"(373)-947-5038","cell":"(656)-104-1605","id":{"name":"","value":null},"picture":{"large":"https://randomuser.me/api/portraits/women/29.jpg","medium":"https://randomuser.me/api/portraits/med/women/29.jpg","thumbnail":"https://randomuser.me/api/portraits/thumb/women/29.jpg"},"nat":"TR"}],"info":{"seed":"59da4395c19cb933","results":1,"page":1,"version":"1.4"}} 
 </msg>
<msg time="2024-05-23T10:16:41.795899" level="INFO">/opt/hostedtoolcache/Python/3.12.3/x64/lib/python3.12/site-packages/urllib3/connectionpool.py:1103: InsecureRequestWarning: Unverified HTTPS request is being made to host 'randomuser.me'. Adding certificate verification is strongly advised. See: https://urllib3.readthedocs.io/en/latest/advanced-usage.html#tls-warnings
  warnings.warn(</msg>
<msg time="2024-05-23T10:16:41.796006" level="INFO">${response} = &lt;Response [200]&gt;</msg>
<var>${response}</var>
<arg>consultarAPI</arg>
<arg>/api</arg>
<doc>Sends a GET request on a previously created HTTP Session.</doc>
<status status="PASS" start="2024-05-23T10:16:41.760887" elapsed="0.035159"/>
</kw>
<kw name="Set Variable" owner="BuiltIn">
<msg time="2024-05-23T10:16:41.797108" level="INFO">${json_data} = {'results': [{'gender': 'female', 'name': {'title': 'Miss', 'first': 'Ceylan', 'last': 'Mayhoş'}, 'location': {'street': {'number': 4703, 'name': 'Şehitler Cd'}, 'city': 'Zonguldak', 'state': 'Erzurum...</msg>
<var>${json_data}</var>
<arg>${response.json()}</arg>
<doc>Returns the given values which can then be assigned to a variables.</doc>
<status status="PASS" start="2024-05-23T10:16:41.796501" elapsed="0.000640"/>
</kw>
<kw name="Log" owner="BuiltIn">
<msg time="2024-05-23T10:16:41.797611" level="INFO">{'results': [{'gender': 'female', 'name': {'title': 'Miss', 'first': 'Ceylan', 'last': 'Mayhoş'}, 'location': {'street': {'number': 4703, 'name': 'Şehitler Cd'}, 'city': 'Zonguldak', 'state': 'Erzurum', 'country': 'Turkey', 'postcode': 25787, 'coordinates': {'latitude': '68.6084', 'longitude': '125.1072'}, 'timezone': {'offset': '+4:00', 'description': 'Abu Dhabi, Muscat, Baku, Tbilisi'}}, 'email': 'ceylan.mayhos@example.com', 'login': {'uuid': '393975d4-2f98-47e7-b131-99b545b5e7b8', 'username': 'bigmouse657', 'password': 'cobras', 'salt': '8IHD5D9f', 'md5': 'da69b757b64dfd32f66516ae64be6d8f', 'sha1': '599c47b1cd4bd7aee2c9a9233a96fb21c8222320', 'sha256': '3001b5c89281be09e87b73e60a424564833fc100b59f6de3508e1f8920db7747'}, 'dob': {'date': '1984-01-25T08:33:47.757Z', 'age': 40}, 'registered': {'date': '2008-12-07T16:16:16.403Z', 'age': 15}, 'phone': '(373)-947-5038', 'cell': '(656)-104-1605', 'id': {'name': '', 'value': None}, 'picture': {'large': 'https://randomuser.me/api/portraits/women/29.jpg', 'medium': 'https://randomuser.me/api/portraits/med/women/29.jpg', 'thumbnail': 'https://randomuser.me/api/portraits/thumb/women/29.jpg'}, 'nat': 'TR'}], 'info': {'seed': '59da4395c19cb933', 'results': 1, 'page': 1, 'version': '1.4'}}</msg>
<arg>${json_data}</arg>
<doc>Logs the given message with the given level.</doc>
<status status="PASS" start="2024-05-23T10:16:41.797450" elapsed="0.000218"/>
</kw>
<kw name="Dictionary Should Contain Key" owner="Collections">
<msg time="2024-05-23T10:16:41.798113" level="INFO">False</msg>
<arg>${json_data}</arg>
<arg>results</arg>
<doc>Fails if ``key`` is not found from ``dictionary``.</doc>
<status status="PASS" start="2024-05-23T10:16:41.797964" elapsed="0.000185"/>
</kw>
<kw name="Should Not Be Empty" owner="BuiltIn">
<msg time="2024-05-23T10:16:41.798575" level="INFO">Length is 2.</msg>
<arg>${json_data}</arg>
<doc>Verifies that the given item is not empty.</doc>
<status status="PASS" start="2024-05-23T10:16:41.798442" elapsed="0.000171"/>
</kw>
<kw name="Create List" owner="BuiltIn">
<msg time="2024-05-23T10:16:41.799168" level="INFO">${expected_keys} = ['gender', 'name', 'location', 'email', 'login']</msg>
<var>${expected_keys}</var>
<arg>gender</arg>
<arg>name</arg>
<arg>location</arg>
<arg>email</arg>
<arg>login</arg>
<doc>Returns a list containing given items.</doc>
<status status="PASS" start="2024-05-23T10:16:41.798897" elapsed="0.000296"/>
</kw>
<for flavor="IN">
<iter>
<kw name="Dictionary Should Contain Key" owner="Collections">
<msg time="2024-05-23T10:16:41.800157" level="INFO">False</msg>
<arg>${json_data['results'][0]}</arg>
<arg>${key}</arg>
<doc>Fails if ``key`` is not found from ``dictionary``.</doc>
<status status="PASS" start="2024-05-23T10:16:41.799748" elapsed="0.000446"/>
</kw>
<kw name="Log" owner="BuiltIn">
<msg time="2024-05-23T10:16:41.800860" level="INFO">{'gender': 'female', 'name': {'title': 'Miss', 'first': 'Ceylan', 'last': 'Mayhoş'}, 'location': {'street': {'number': 4703, 'name': 'Şehitler Cd'}, 'city': 'Zonguldak', 'state': 'Erzurum', 'country': 'Turkey', 'postcode': 25787, 'coordinates': {'latitude': '68.6084', 'longitude': '125.1072'}, 'timezone': {'offset': '+4:00', 'description': 'Abu Dhabi, Muscat, Baku, Tbilisi'}}, 'email': 'ceylan.mayhos@example.com', 'login': {'uuid': '393975d4-2f98-47e7-b131-99b545b5e7b8', 'username': 'bigmouse657', 'password': 'cobras', 'salt': '8IHD5D9f', 'md5': 'da69b757b64dfd32f66516ae64be6d8f', 'sha1': '599c47b1cd4bd7aee2c9a9233a96fb21c8222320', 'sha256': '3001b5c89281be09e87b73e60a424564833fc100b59f6de3508e1f8920db7747'}, 'dob': {'date': '1984-01-25T08:33:47.757Z', 'age': 40}, 'registered': {'date': '2008-12-07T16:16:16.403Z', 'age': 15}, 'phone': '(373)-947-5038', 'cell': '(656)-104-1605', 'id': {'name': '', 'value': None}, 'picture': {'large': 'https://randomuser.me/api/portraits/women/29.jpg', 'medium': 'https://randomuser.me/api/portraits/med/women/29.jpg', 'thumbnail': 'https://randomuser.me/api/portraits/thumb/women/29.jpg'}, 'nat': 'TR'}</msg>
<arg>${json_data['results'][0]}</arg>
<doc>Logs the given message with the given level.</doc>
<status status="PASS" start="2024-05-23T10:16:41.800490" elapsed="0.000422"/>
</kw>
<kw name="Log" owner="BuiltIn">
<msg time="2024-05-23T10:16:41.801373" level="INFO">gender</msg>
<arg>${key}</arg>
<doc>Logs the given message with the given level.</doc>
<status status="PASS" start="2024-05-23T10:16:41.801243" elapsed="0.000166"/>
</kw>
<var name="${key}">gender</var>
<status status="PASS" start="2024-05-23T10:16:41.799625" elapsed="0.002002"/>
</iter>
<iter>
<kw name="Dictionary Should Contain Key" owner="Collections">
<msg time="2024-05-23T10:16:41.802322" level="INFO">False</msg>
<arg>${json_data['results'][0]}</arg>
<arg>${key}</arg>
<doc>Fails if ``key`` is not found from ``dictionary``.</doc>
<status status="PASS" start="2024-05-23T10:16:41.801925" elapsed="0.000435"/>
</kw>
<kw name="Log" owner="BuiltIn">
<msg time="2024-05-23T10:16:41.803045" level="INFO">{'gender': 'female', 'name': {'title': 'Miss', 'first': 'Ceylan', 'last': 'Mayhoş'}, 'location': {'street': {'number': 4703, 'name': 'Şehitler Cd'}, 'city': 'Zonguldak', 'state': 'Erzurum', 'country': 'Turkey', 'postcode': 25787, 'coordinates': {'latitude': '68.6084', 'longitude': '125.1072'}, 'timezone': {'offset': '+4:00', 'description': 'Abu Dhabi, Muscat, Baku, Tbilisi'}}, 'email': 'ceylan.mayhos@example.com', 'login': {'uuid': '393975d4-2f98-47e7-b131-99b545b5e7b8', 'username': 'bigmouse657', 'password': 'cobras', 'salt': '8IHD5D9f', 'md5': 'da69b757b64dfd32f66516ae64be6d8f', 'sha1': '599c47b1cd4bd7aee2c9a9233a96fb21c8222320', 'sha256': '3001b5c89281be09e87b73e60a424564833fc100b59f6de3508e1f8920db7747'}, 'dob': {'date': '1984-01-25T08:33:47.757Z', 'age': 40}, 'registered': {'date': '2008-12-07T16:16:16.403Z', 'age': 15}, 'phone': '(373)-947-5038', 'cell': '(656)-104-1605', 'id': {'name': '', 'value': None}, 'picture': {'large': 'https://randomuser.me/api/portraits/women/29.jpg', 'medium': 'https://randomuser.me/api/portraits/med/women/29.jpg', 'thumbnail': 'https://randomuser.me/api/portraits/thumb/women/29.jpg'}, 'nat': 'TR'}</msg>
<arg>${json_data['results'][0]}</arg>
<doc>Logs the given message with the given level.</doc>
<status status="PASS" start="2024-05-23T10:16:41.802682" elapsed="0.000414"/>
</kw>
<kw name="Log" owner="BuiltIn">
<msg time="2024-05-23T10:16:41.803519" level="INFO">name</msg>
<arg>${key}</arg>
<doc>Logs the given message with the given level.</doc>
<status status="PASS" start="2024-05-23T10:16:41.803393" elapsed="0.000162"/>
</kw>
<var name="${key}">name</var>
<status status="PASS" start="2024-05-23T10:16:41.801810" elapsed="0.001959"/>
</iter>
<iter>
<kw name="Dictionary Should Contain Key" owner="Collections">
<msg time="2024-05-23T10:16:41.804459" level="INFO">False</msg>
<arg>${json_data['results'][0]}</arg>
<arg>${key}</arg>
<doc>Fails if ``key`` is not found from ``dictionary``.</doc>
<status status="PASS" start="2024-05-23T10:16:41.804065" elapsed="0.000430"/>
</kw>
<kw name="Log" owner="BuiltIn">
<msg time="2024-05-23T10:16:41.805199" level="INFO">{'gender': 'female', 'name': {'title': 'Miss', 'first': 'Ceylan', 'last': 'Mayhoş'}, 'location': {'street': {'number': 4703, 'name': 'Şehitler Cd'}, 'city': 'Zonguldak', 'state': 'Erzurum', 'country': 'Turkey', 'postcode': 25787, 'coordinates': {'latitude': '68.6084', 'longitude': '125.1072'}, 'timezone': {'offset': '+4:00', 'description': 'Abu Dhabi, Muscat, Baku, Tbilisi'}}, 'email': 'ceylan.mayhos@example.com', 'login': {'uuid': '393975d4-2f98-47e7-b131-99b545b5e7b8', 'username': 'bigmouse657', 'password': 'cobras', 'salt': '8IHD5D9f', 'md5': 'da69b757b64dfd32f66516ae64be6d8f', 'sha1': '599c47b1cd4bd7aee2c9a9233a96fb21c8222320', 'sha256': '3001b5c89281be09e87b73e60a424564833fc100b59f6de3508e1f8920db7747'}, 'dob': {'date': '1984-01-25T08:33:47.757Z', 'age': 40}, 'registered': {'date': '2008-12-07T16:16:16.403Z', 'age': 15}, 'phone': '(373)-947-5038', 'cell': '(656)-104-1605', 'id': {'name': '', 'value': None}, 'picture': {'large': 'https://randomuser.me/api/portraits/women/29.jpg', 'medium': 'https://randomuser.me/api/portraits/med/women/29.jpg', 'thumbnail': 'https://randomuser.me/api/portraits/thumb/women/29.jpg'}, 'nat': 'TR'}</msg>
<arg>${json_data['results'][0]}</arg>
<doc>Logs the given message with the given level.</doc>
<status status="PASS" start="2024-05-23T10:16:41.804788" elapsed="0.000463"/>
</kw>
<kw name="Log" owner="BuiltIn">
<msg time="2024-05-23T10:16:41.805688" level="INFO">location</msg>
<arg>${key}</arg>
<doc>Logs the given message with the given level.</doc>
<status status="PASS" start="2024-05-23T10:16:41.805560" elapsed="0.000165"/>
</kw>
<var name="${key}">location</var>
<status status="PASS" start="2024-05-23T10:16:41.803947" elapsed="0.001995"/>
</iter>
<iter>
<kw name="Dictionary Should Contain Key" owner="Collections">
<msg time="2024-05-23T10:16:41.806612" level="INFO">False</msg>
<arg>${json_data['results'][0]}</arg>
<arg>${key}</arg>
<doc>Fails if ``key`` is not found from ``dictionary``.</doc>
<status status="PASS" start="2024-05-23T10:16:41.806225" elapsed="0.000424"/>
</kw>
<kw name="Log" owner="BuiltIn">
<msg time="2024-05-23T10:16:41.807385" level="INFO">{'gender': 'female', 'name': {'title': 'Miss', 'first': 'Ceylan', 'last': 'Mayhoş'}, 'location': {'street': {'number': 4703, 'name': 'Şehitler Cd'}, 'city': 'Zonguldak', 'state': 'Erzurum', 'country': 'Turkey', 'postcode': 25787, 'coordinates': {'latitude': '68.6084', 'longitude': '125.1072'}, 'timezone': {'offset': '+4:00', 'description': 'Abu Dhabi, Muscat, Baku, Tbilisi'}}, 'email': 'ceylan.mayhos@example.com', 'login': {'uuid': '393975d4-2f98-47e7-b131-99b545b5e7b8', 'username': 'bigmouse657', 'password': 'cobras', 'salt': '8IHD5D9f', 'md5': 'da69b757b64dfd32f66516ae64be6d8f', 'sha1': '599c47b1cd4bd7aee2c9a9233a96fb21c8222320', 'sha256': '3001b5c89281be09e87b73e60a424564833fc100b59f6de3508e1f8920db7747'}, 'dob': {'date': '1984-01-25T08:33:47.757Z', 'age': 40}, 'registered': {'date': '2008-12-07T16:16:16.403Z', 'age': 15}, 'phone': '(373)-947-5038', 'cell': '(656)-104-1605', 'id': {'name': '', 'value': None}, 'picture': {'large': 'https://randomuser.me/api/portraits/women/29.jpg', 'medium': 'https://randomuser.me/api/portraits/med/women/29.jpg', 'thumbnail': 'https://randomuser.me/api/portraits/thumb/women/29.jpg'}, 'nat': 'TR'}</msg>
<arg>${json_data['results'][0]}</arg>
<doc>Logs the given message with the given level.</doc>
<status status="PASS" start="2024-05-23T10:16:41.807013" elapsed="0.000423"/>
</kw>
<kw name="Log" owner="BuiltIn">
<msg time="2024-05-23T10:16:41.807860" level="INFO">email</msg>
<arg>${key}</arg>
<doc>Logs the given message with the given level.</doc>
<status status="PASS" start="2024-05-23T10:16:41.807733" elapsed="0.000164"/>
</kw>
<var name="${key}">email</var>
<status status="PASS" start="2024-05-23T10:16:41.806114" elapsed="0.002007"/>
</iter>
<iter>
<kw name="Dictionary Should Contain Key" owner="Collections">
<msg time="2024-05-23T10:16:41.808789" level="INFO">False</msg>
<arg>${json_data['results'][0]}</arg>
<arg>${key}</arg>
<doc>Fails if ``key`` is not found from ``dictionary``.</doc>
<status status="PASS" start="2024-05-23T10:16:41.808407" elapsed="0.000419"/>
</kw>
<kw name="Log" owner="BuiltIn">
<msg time="2024-05-23T10:16:41.809534" level="INFO">{'gender': 'female', 'name': {'title': 'Miss', 'first': 'Ceylan', 'last': 'Mayhoş'}, 'location': {'street': {'number': 4703, 'name': 'Şehitler Cd'}, 'city': 'Zonguldak', 'state': 'Erzurum', 'country': 'Turkey', 'postcode': 25787, 'coordinates': {'latitude': '68.6084', 'longitude': '125.1072'}, 'timezone': {'offset': '+4:00', 'description': 'Abu Dhabi, Muscat, Baku, Tbilisi'}}, 'email': 'ceylan.mayhos@example.com', 'login': {'uuid': '393975d4-2f98-47e7-b131-99b545b5e7b8', 'username': 'bigmouse657', 'password': 'cobras', 'salt': '8IHD5D9f', 'md5': 'da69b757b64dfd32f66516ae64be6d8f', 'sha1': '599c47b1cd4bd7aee2c9a9233a96fb21c8222320', 'sha256': '3001b5c89281be09e87b73e60a424564833fc100b59f6de3508e1f8920db7747'}, 'dob': {'date': '1984-01-25T08:33:47.757Z', 'age': 40}, 'registered': {'date': '2008-12-07T16:16:16.403Z', 'age': 15}, 'phone': '(373)-947-5038', 'cell': '(656)-104-1605', 'id': {'name': '', 'value': None}, 'picture': {'large': 'https://randomuser.me/api/portraits/women/29.jpg', 'medium': 'https://randomuser.me/api/portraits/med/women/29.jpg', 'thumbnail': 'https://randomuser.me/api/portraits/thumb/women/29.jpg'}, 'nat': 'TR'}</msg>
<arg>${json_data['results'][0]}</arg>
<doc>Logs the given message with the given level.</doc>
<status status="PASS" start="2024-05-23T10:16:41.809161" elapsed="0.000425"/>
</kw>
<kw name="Log" owner="BuiltIn">
<msg time="2024-05-23T10:16:41.810023" level="INFO">login</msg>
<arg>${key}</arg>
<doc>Logs the given message with the given level.</doc>
<status status="PASS" start="2024-05-23T10:16:41.809893" elapsed="0.000168"/>
</kw>
<var name="${key}">login</var>
<status status="PASS" start="2024-05-23T10:16:41.808296" elapsed="0.002017"/>
</iter>
<var>${key}</var>
<value>@{expected_keys}</value>
<status status="PASS" start="2024-05-23T10:16:41.799448" elapsed="0.010992"/>
</for>
<kw name="Create List" owner="BuiltIn">
<msg time="2024-05-23T10:16:41.810770" level="INFO">${expected_keysTwo} = ['username', 'password']</msg>
<var>${expected_keysTwo}</var>
<arg>username</arg>
<arg>password</arg>
<doc>Returns a list containing given items.</doc>
<status status="PASS" start="2024-05-23T10:16:41.810633" elapsed="0.000160"/>
</kw>
<for flavor="IN">
<iter>
<kw name="Dictionary Should Contain Key" owner="Collections">
<msg time="2024-05-23T10:16:41.811683" level="INFO">False</msg>
<arg>${json_data['results'][0]['login']}</arg>
<arg>${keyTwo}</arg>
<doc>Fails if ``key`` is not found from ``dictionary``.</doc>
<status status="PASS" start="2024-05-23T10:16:41.811296" elapsed="0.000424"/>
</kw>
<kw name="Dictionary Should Contain Key" owner="Collections">
<msg time="2024-05-23T10:16:41.812392" level="INFO">False</msg>
<arg>${json_data['results'][0]['login']}</arg>
<arg>${keyTwo}</arg>
<doc>Fails if ``key`` is not found from ``dictionary``.</doc>
<status status="PASS" start="2024-05-23T10:16:41.812015" elapsed="0.000413"/>
</kw>
<kw name="Log" owner="BuiltIn">
<msg time="2024-05-23T10:16:41.812869" level="INFO">username</msg>
<arg>${keyTwo}</arg>
<doc>Logs the given message with the given level.</doc>
<status status="PASS" start="2024-05-23T10:16:41.812724" elapsed="0.000182"/>
</kw>
<var name="${keyTwo}">username</var>
<status status="PASS" start="2024-05-23T10:16:41.811175" elapsed="0.001986"/>
</iter>
<iter>
<kw name="Dictionary Should Contain Key" owner="Collections">
<msg time="2024-05-23T10:16:41.813816" level="INFO">False</msg>
<arg>${json_data['results'][0]['login']}</arg>
<arg>${keyTwo}</arg>
<doc>Fails if ``key`` is not found from ``dictionary``.</doc>
<status status="PASS" start="2024-05-23T10:16:41.813439" elapsed="0.000413"/>
</kw>
<kw name="Dictionary Should Contain Key" owner="Collections">
<msg time="2024-05-23T10:16:41.814597" level="INFO">False</msg>
<arg>${json_data['results'][0]['login']}</arg>
<arg>${keyTwo}</arg>
<doc>Fails if ``key`` is not found from ``dictionary``.</doc>
<status status="PASS" start="2024-05-23T10:16:41.814142" elapsed="0.000495"/>
</kw>
<kw name="Log" owner="BuiltIn">
<msg time="2024-05-23T10:16:41.815063" level="INFO">password</msg>
<arg>${keyTwo}</arg>
<doc>Logs the given message with the given level.</doc>
<status status="PASS" start="2024-05-23T10:16:41.814935" elapsed="0.000166"/>
</kw>
<var name="${keyTwo}">password</var>
<status status="PASS" start="2024-05-23T10:16:41.813330" elapsed="0.001987"/>
</iter>
<var>${keyTwo}</var>
<value>@{expected_keysTwo}</value>
<status status="PASS" start="2024-05-23T10:16:41.811027" elapsed="0.004411"/>
</for>
<status status="PASS" start="2024-05-23T10:16:41.760560" elapsed="0.055015"/>
</kw>
<doc>Testa a estrutura da resposta da API.</doc>
<tag>testeEstruturaResposta</tag>
<status status="PASS" start="2024-05-23T10:16:41.759821" elapsed="0.055899"/>
</test>
<test id="s1-s1-t4" name="Validar tipos de dados" line="28">
<kw name="Teste de Tipos de Dados" owner="random-user-service">
<kw name="GET On Session" owner="RequestsLibrary">
<msg time="2024-05-23T10:16:41.900894" level="INFO">GET Request : url=https://randomuser.me/api 
 path_url=/api 
 headers={'User-Agent': 'python-requests/2.32.2', 'Accept-Encoding': 'gzip, deflate', 'Accept': '*/*', 'Connection': 'keep-alive'} 
 body=None 
 </msg>
<msg time="2024-05-23T10:16:41.900984" level="INFO">GET Response : url=https://randomuser.me/api 
 status=200, reason=OK 
 headers={'Date': 'Thu, 23 May 2024 10:16:41 GMT', 'Content-Type': 'application/json; charset=utf-8', 'Transfer-Encoding': 'chunked', 'Connection': 'keep-alive', 'X-Powered-By': 'Express', 'Access-Control-Allow-Origin': '*', 'Cache-Control': 'no-cache', 'ETag': 'W/"494-i+riWmC+yvekSVP3zTDUUzqApJc"', 'Vary': 'Accept-Encoding', 'Content-Encoding': 'gzip', 'CF-Cache-Status': 'DYNAMIC', 'Report-To': '{"endpoints":[{"url":"https:\\/\\/a.nel.cloudflare.com\\/report\\/v4?s=iya1HTnHMGLbIq1RqxTZn8Sf2jU9Wh6%2FpoqT5yWKlYmaZIBK90koZ5yg%2B3VPEH7NYfS2%2BU0qxMFgh0bYSAnqULQJ1lJD27lfrgFtwtLbVPxMYWINnStbClk1kBwyNrq2"}],"group":"cf-nel","max_age":604800}', 'NEL': '{"success_fraction":0,"report_to":"cf-nel","max_age":604800}', 'Server': 'cloudflare', 'CF-RAY': '88844abd6d3f3b77-IAD', 'alt-svc': 'h3=":443"; ma=86400'} 
 body={"results":[{"gender":"female","name":{"title":"Ms","first":"Eden","last":"Wood"},"location":{"street":{"number":8439,"name":"Kaikorai Valley Road"},"city":"Porirua","state":"Wellington","country":"New Zealand","postcode":16583,"coordinates":{"latitude":"50.3282","longitude":"79.9378"},"timezone":{"offset":"+11:00","description":"Magadan, Solomon Islands, New Caledonia"}},"email":"eden.wood@example.com","login":{"uuid":"3ecfd6ae-1156-44fc-b667-e9a18fcfaea8","username":"heavyswan624","password":"hamburg","salt":"etzr9W7x","md5":"cfe55de123f28627d34ab1aa861765f9","sha1":"5ff8d316abfc4c6aedd1868adc0917e1d6ad3991","sha256":"76c9e1e651e67733405748b9a220f02adb2b56af39e52719d84f12be4d867e42"},"dob":{"date":"1982-02-14T15:50:55.960Z","age":42},"registered":{"date":"2004-04-13T04:22:11.182Z","age":20},"phone":"(979)-696-5710","cell":"(819)-483-1576","id":{"name":"","value":null},"picture":{"large":"https://randomuser.me/api/portraits/women/53.jpg","medium":"https://randomuser.me/api/portraits/med/women/53.jpg","thumbnail":"https://randomuser.me/api/portraits/thumb/women/53.jpg"},"nat":"NZ"}],"info":{"seed":"179f0bfd9d1d42e4","results":1,"page":1,"version":"1.4"}} 
 </msg>
<msg time="2024-05-23T10:16:41.901044" level="INFO">/opt/hostedtoolcache/Python/3.12.3/x64/lib/python3.12/site-packages/urllib3/connectionpool.py:1103: InsecureRequestWarning: Unverified HTTPS request is being made to host 'randomuser.me'. Adding certificate verification is strongly advised. See: https://urllib3.readthedocs.io/en/latest/advanced-usage.html#tls-warnings
  warnings.warn(</msg>
<msg time="2024-05-23T10:16:41.901131" level="INFO">${response} = &lt;Response [200]&gt;</msg>
<var>${response}</var>
<arg>consultarAPI</arg>
<arg>/api</arg>
<doc>Sends a GET request on a previously created HTTP Session.</doc>
<status status="PASS" start="2024-05-23T10:16:41.818246" elapsed="0.082919"/>
</kw>
<kw name="Set Variable" owner="BuiltIn">
<msg time="2024-05-23T10:16:41.902210" level="INFO">${json_data} = {'results': [{'gender': 'female', 'name': {'title': 'Ms', 'first': 'Eden', 'last': 'Wood'}, 'location': {'street': {'number': 8439, 'name': 'Kaikorai Valley Road'}, 'city': 'Porirua', 'state': 'Wellin...</msg>
<var>${json_data}</var>
<arg>${response.json()}</arg>
<doc>Returns the given values which can then be assigned to a variables.</doc>
<status status="PASS" start="2024-05-23T10:16:41.901626" elapsed="0.000612"/>
</kw>
<kw name="Log" owner="BuiltIn">
<msg time="2024-05-23T10:16:41.902700" level="INFO">{'results': [{'gender': 'female', 'name': {'title': 'Ms', 'first': 'Eden', 'last': 'Wood'}, 'location': {'street': {'number': 8439, 'name': 'Kaikorai Valley Road'}, 'city': 'Porirua', 'state': 'Wellington', 'country': 'New Zealand', 'postcode': 16583, 'coordinates': {'latitude': '50.3282', 'longitude': '79.9378'}, 'timezone': {'offset': '+11:00', 'description': 'Magadan, Solomon Islands, New Caledonia'}}, 'email': 'eden.wood@example.com', 'login': {'uuid': '3ecfd6ae-1156-44fc-b667-e9a18fcfaea8', 'username': 'heavyswan624', 'password': 'hamburg', 'salt': 'etzr9W7x', 'md5': 'cfe55de123f28627d34ab1aa861765f9', 'sha1': '5ff8d316abfc4c6aedd1868adc0917e1d6ad3991', 'sha256': '76c9e1e651e67733405748b9a220f02adb2b56af39e52719d84f12be4d867e42'}, 'dob': {'date': '1982-02-14T15:50:55.960Z', 'age': 42}, 'registered': {'date': '2004-04-13T04:22:11.182Z', 'age': 20}, 'phone': '(979)-696-5710', 'cell': '(819)-483-1576', 'id': {'name': '', 'value': None}, 'picture': {'large': 'https://randomuser.me/api/portraits/women/53.jpg', 'medium': 'https://randomuser.me/api/portraits/med/women/53.jpg', 'thumbnail': 'https://randomuser.me/api/portraits/thumb/women/53.jpg'}, 'nat': 'NZ'}], 'info': {'seed': '179f0bfd9d1d42e4', 'results': 1, 'page': 1, 'version': '1.4'}}</msg>
<arg>${json_data}</arg>
<doc>Logs the given message with the given level.</doc>
<status status="PASS" start="2024-05-23T10:16:41.902541" elapsed="0.000238"/>
</kw>
<kw name="Should Be String" owner="String">
<arg>${json_data['results'][0]['gender']}</arg>
<doc>Fails if the given ``item`` is not a string.</doc>
<status status="PASS" start="2024-05-23T10:16:41.903075" elapsed="0.000355"/>
</kw>
<kw name="Should Match Regexp" owner="BuiltIn">
<arg>${json_data['results'][0]['email']}</arg>
<arg>^[a-zA-Z0-9._%+-]+@[a-zA-Z0-9.-]+\.[a-zA-Z]{2,}$</arg>
<doc>Fails if ``string`` does not match ``pattern`` as a regular expression.</doc>
<status status="PASS" start="2024-05-23T10:16:41.903621" elapsed="0.000510"/>
</kw>
<kw name="Should Match Regexp" owner="BuiltIn">
<arg>${json_data['results'][0]['dob']['date']}</arg>
<arg>\\d{4}-\\d{2}-\\d{2}T\\d{2}:\\d{2}:\\d{2}\\.\\d{3}Z</arg>
<doc>Fails if ``string`` does not match ``pattern`` as a regular expression.</doc>
<status status="PASS" start="2024-05-23T10:16:41.904327" elapsed="0.000487"/>
</kw>
<kw name="Should Match Regexp" owner="BuiltIn">
<arg>${json_data['results'][0]['registered']['date']}</arg>
<arg>\\d{4}-\\d{2}-\\d{2}T\\d{2}:\\d{2}:\\d{2}\\.\\d{3}Z</arg>
<doc>Fails if ``string`` does not match ``pattern`` as a regular expression.</doc>
<status status="PASS" start="2024-05-23T10:16:41.905058" elapsed="0.000370"/>
</kw>
<kw name="Should Match Regexp" owner="BuiltIn">
<arg>${json_data['results'][0]['picture']['large']}</arg>
<arg>^https?://.*\.(?:png|jpe?g|gif|bmp)$</arg>
<doc>Fails if ``string`` does not match ``pattern`` as a regular expression.</doc>
<status status="PASS" start="2024-05-23T10:16:41.905620" elapsed="0.000457"/>
</kw>
<kw name="Should Match Regexp" owner="BuiltIn">
<arg>${json_data['results'][0]['picture']['medium']}</arg>
<arg>^https?://.*\.(?:png|jpe?g|gif|bmp)$</arg>
<doc>Fails if ``string`` does not match ``pattern`` as a regular expression.</doc>
<status status="PASS" start="2024-05-23T10:16:41.906270" elapsed="0.000357"/>
</kw>
<kw name="Should Match Regexp" owner="BuiltIn">
<arg>${json_data['results'][0]['picture']['thumbnail']}</arg>
<arg>^https?://.*\.(?:png|jpe?g|gif|bmp)$</arg>
<doc>Fails if ``string`` does not match ``pattern`` as a regular expression.</doc>
<status status="PASS" start="2024-05-23T10:16:41.906811" elapsed="0.000351"/>
</kw>
<kw name="Log" owner="BuiltIn">
<msg time="2024-05-23T10:16:41.907674" level="INFO">{'large': 'https://randomuser.me/api/portraits/women/53.jpg', 'medium': 'https://randomuser.me/api/portraits/med/women/53.jpg', 'thumbnail': 'https://randomuser.me/api/portraits/thumb/women/53.jpg'}</msg>
<arg>${json_data['results'][0]['picture']}</arg>
<doc>Logs the given message with the given level.</doc>
<status status="PASS" start="2024-05-23T10:16:41.907350" elapsed="0.000365"/>
</kw>
<status status="PASS" start="2024-05-23T10:16:41.818015" elapsed="0.089952"/>
</kw>
<kw name="Teste de Tipos de Dados - Postcode" owner="random-user-service">
<kw name="GET On Session" owner="RequestsLibrary">
<msg time="2024-05-23T10:16:41.997697" level="INFO">GET Request : url=https://randomuser.me/api 
 path_url=/api 
 headers={'User-Agent': 'python-requests/2.32.2', 'Accept-Encoding': 'gzip, deflate', 'Accept': '*/*', 'Connection': 'keep-alive'} 
 body=None 
 </msg>
<msg time="2024-05-23T10:16:41.997773" level="INFO">GET Response : url=https://randomuser.me/api 
 status=200, reason=OK 
 headers={'Date': 'Thu, 23 May 2024 10:16:41 GMT', 'Content-Type': 'application/json; charset=utf-8', 'Transfer-Encoding': 'chunked', 'Connection': 'keep-alive', 'X-Powered-By': 'Express', 'Access-Control-Allow-Origin': '*', 'Cache-Control': 'no-cache', 'ETag': 'W/"48b-t7oef/iAXaPmJNR0hG7efUby1Dk"', 'Vary': 'Accept-Encoding', 'Content-Encoding': 'gzip', 'CF-Cache-Status': 'DYNAMIC', 'Report-To': '{"endpoints":[{"url":"https:\\/\\/a.nel.cloudflare.com\\/report\\/v4?s=wobv3B4l1KwOInCDa%2BEOlp7MlYeUU55eGxCwSt99ywqKKm%2BzNcAvfDHwbfQHe0dUCWdfcT6clD9MLMhxSUlt4XMyalivWgFs%2FKDaPAySEDi8sQ3JO9sZCziTXc0tobXg"}],"group":"cf-nel","max_age":604800}', 'NEL': '{"success_fraction":0,"report_to":"cf-nel","max_age":604800}', 'Server': 'cloudflare', 'CF-RAY': '88844abdfde13b77-IAD', 'alt-svc': 'h3=":443"; ma=86400'} 
 body={"results":[{"gender":"female","name":{"title":"Ms","first":"Emma","last":"Cooper"},"location":{"street":{"number":5204,"name":"Mokoia Road"},"city":"Masterton","state":"Auckland","country":"New Zealand","postcode":28923,"coordinates":{"latitude":"50.4345","longitude":"68.6086"},"timezone":{"offset":"+11:00","description":"Magadan, Solomon Islands, New Caledonia"}},"email":"emma.cooper@example.com","login":{"uuid":"41df8860-3d5c-428a-809a-d5dfdb576c2d","username":"redsnake401","password":"miles","salt":"2wXlINWc","md5":"8a34b2114a7eefdd2faa0b359a5232f0","sha1":"07aefc312fd302b8891af37f4d0760f3a45ad43c","sha256":"f4814b4a68212602d9f48226df5aa06b93c2451d1b8fcbb0c07989bc37e8994f"},"dob":{"date":"1992-05-08T14:00:15.379Z","age":32},"registered":{"date":"2021-04-10T14:05:30.238Z","age":3},"phone":"(734)-371-8976","cell":"(346)-815-7210","id":{"name":"","value":null},"picture":{"large":"https://randomuser.me/api/portraits/women/81.jpg","medium":"https://randomuser.me/api/portraits/med/women/81.jpg","thumbnail":"https://randomuser.me/api/portraits/thumb/women/81.jpg"},"nat":"NZ"}],"info":{"seed":"1ebe087aae3550a4","results":1,"page":1,"version":"1.4"}} 
 </msg>
<msg time="2024-05-23T10:16:41.997838" level="INFO">/opt/hostedtoolcache/Python/3.12.3/x64/lib/python3.12/site-packages/urllib3/connectionpool.py:1103: InsecureRequestWarning: Unverified HTTPS request is being made to host 'randomuser.me'. Adding certificate verification is strongly advised. See: https://urllib3.readthedocs.io/en/latest/advanced-usage.html#tls-warnings
  warnings.warn(</msg>
<msg time="2024-05-23T10:16:41.997945" level="INFO">${response} = &lt;Response [200]&gt;</msg>
<var>${response}</var>
<arg>consultarAPI</arg>
<arg>/api</arg>
<doc>Sends a GET request on a previously created HTTP Session.</doc>
<status status="PASS" start="2024-05-23T10:16:41.908401" elapsed="0.089594"/>
</kw>
<kw name="Set Variable" owner="BuiltIn">
<msg time="2024-05-23T10:16:41.999018" level="INFO">${json_data} = {'results': [{'gender': 'female', 'name': {'title': 'Ms', 'first': 'Emma', 'last': 'Cooper'}, 'location': {'street': {'number': 5204, 'name': 'Mokoia Road'}, 'city': 'Masterton', 'state': 'Auckland', ...</msg>
<var>${json_data}</var>
<arg>${response.json()}</arg>
<doc>Returns the given values which can then be assigned to a variables.</doc>
<status status="PASS" start="2024-05-23T10:16:41.998448" elapsed="0.000599"/>
</kw>
<kw name="Log" owner="BuiltIn">
<msg time="2024-05-23T10:16:41.999507" level="INFO">{'results': [{'gender': 'female', 'name': {'title': 'Ms', 'first': 'Emma', 'last': 'Cooper'}, 'location': {'street': {'number': 5204, 'name': 'Mokoia Road'}, 'city': 'Masterton', 'state': 'Auckland', 'country': 'New Zealand', 'postcode': 28923, 'coordinates': {'latitude': '50.4345', 'longitude': '68.6086'}, 'timezone': {'offset': '+11:00', 'description': 'Magadan, Solomon Islands, New Caledonia'}}, 'email': 'emma.cooper@example.com', 'login': {'uuid': '41df8860-3d5c-428a-809a-d5dfdb576c2d', 'username': 'redsnake401', 'password': 'miles', 'salt': '2wXlINWc', 'md5': '8a34b2114a7eefdd2faa0b359a5232f0', 'sha1': '07aefc312fd302b8891af37f4d0760f3a45ad43c', 'sha256': 'f4814b4a68212602d9f48226df5aa06b93c2451d1b8fcbb0c07989bc37e8994f'}, 'dob': {'date': '1992-05-08T14:00:15.379Z', 'age': 32}, 'registered': {'date': '2021-04-10T14:05:30.238Z', 'age': 3}, 'phone': '(734)-371-8976', 'cell': '(346)-815-7210', 'id': {'name': '', 'value': None}, 'picture': {'large': 'https://randomuser.me/api/portraits/women/81.jpg', 'medium': 'https://randomuser.me/api/portraits/med/women/81.jpg', 'thumbnail': 'https://randomuser.me/api/portraits/thumb/women/81.jpg'}, 'nat': 'NZ'}], 'info': {'seed': '1ebe087aae3550a4', 'results': 1, 'page': 1, 'version': '1.4'}}</msg>
<arg>${json_data}</arg>
<doc>Logs the given message with the given level.</doc>
<status status="PASS" start="2024-05-23T10:16:41.999355" elapsed="0.000230"/>
</kw>
<kw name="Should Be Equal As Numbers" owner="BuiltIn">
<arg>${json_data['results'][0]['location']['postcode']}</arg>
<arg>${json_data['results'][0]['location']['postcode']}</arg>
<doc>Fails if objects are unequal after converting them to real numbers.</doc>
<status status="PASS" start="2024-05-23T10:16:41.999883" elapsed="0.000736"/>
</kw>
<kw name="Log" owner="BuiltIn">
<msg time="2024-05-23T10:16:42.001193" level="INFO">28923</msg>
<arg>${json_data['results'][0]['location']['postcode']}</arg>
<doc>Logs the given message with the given level.</doc>
<status status="PASS" start="2024-05-23T10:16:42.000811" elapsed="0.000423"/>
</kw>
<status status="PASS" start="2024-05-23T10:16:41.908177" elapsed="0.093313"/>
</kw>
<doc>Testa se os tipos de dados na resposta da API estão corretos.</doc>
<tag>testeTiposDados</tag>
<status status="PASS" start="2024-05-23T10:16:41.817478" elapsed="0.184167"/>
</test>
<test id="s1-s1-t5" name="Validar conteudo" line="35">
<kw name="Teste de Tipos de Conteudo" owner="random-user-service">
<kw name="GET On Session" owner="RequestsLibrary">
<msg time="2024-05-23T10:16:42.104066" level="INFO">GET Request : url=https://randomuser.me/api 
 path_url=/api 
 headers={'User-Agent': 'python-requests/2.32.2', 'Accept-Encoding': 'gzip, deflate', 'Accept': '*/*', 'Connection': 'keep-alive'} 
 body=None 
 </msg>
<msg time="2024-05-23T10:16:42.104156" level="INFO">GET Response : url=https://randomuser.me/api 
 status=200, reason=OK 
 headers={'Date': 'Thu, 23 May 2024 10:16:42 GMT', 'Content-Type': 'application/json; charset=utf-8', 'Transfer-Encoding': 'chunked', 'Connection': 'keep-alive', 'X-Powered-By': 'Express', 'Access-Control-Allow-Origin': '*', 'Cache-Control': 'no-cache', 'ETag': 'W/"489-TODE/LZq2tSE4MAdjEQUwjzrI14"', 'Vary': 'Accept-Encoding', 'Content-Encoding': 'gzip', 'CF-Cache-Status': 'DYNAMIC', 'Report-To': '{"endpoints":[{"url":"https:\\/\\/a.nel.cloudflare.com\\/report\\/v4?s=rTkGoQk%2FGaugFIEog7tH3Q65Vnj%2B7Z8%2FvnLZ9u7NXPoK8LDoWtmGB8tv0LMRYdctuamB3HPnwYRgEGGkVfHTQXcMShY1O%2BR25NSxMTMYPrDMqm%2FzMaCer5NsXh%2B7PItU"}],"group":"cf-nel","max_age":604800}', 'NEL': '{"success_fraction":0,"report_to":"cf-nel","max_age":604800}', 'Server': 'cloudflare', 'CF-RAY': '88844abe8e653b77-IAD', 'alt-svc': 'h3=":443"; ma=86400'} 
 body={"results":[{"gender":"male","name":{"title":"Mr","first":"Borivoje","last":"Kitić"},"location":{"street":{"number":9385,"name":"Živojina Tabakovića"},"city":"Niš","state":"Zaječar","country":"Serbia","postcode":97735,"coordinates":{"latitude":"63.7921","longitude":"-81.0563"},"timezone":{"offset":"-8:00","description":"Pacific Time (US &amp; Canada)"}},"email":"borivoje.kitic@example.com","login":{"uuid":"152ff8ff-a4fe-44c7-b249-4d5e50161cfa","username":"crazymeercat368","password":"br0d3r","salt":"Op03rVD9","md5":"50cbb497ed1ec5b3f0aa39b45611a42c","sha1":"2892e8186a6b5ed74b1dffaecc26d96dbb7e2230","sha256":"34fb31928bb8cee9db8c7ecbd234cf3294530c4258fb0b5041a9eed1e8a0500f"},"dob":{"date":"1990-10-13T23:03:50.888Z","age":33},"registered":{"date":"2008-12-30T01:34:10.400Z","age":15},"phone":"010-1407-966","cell":"065-2412-335","id":{"name":"SID","value":"976812497"},"picture":{"large":"https://randomuser.me/api/portraits/men/93.jpg","medium":"https://randomuser.me/api/portraits/med/men/93.jpg","thumbnail":"https://randomuser.me/api/portraits/thumb/men/93.jpg"},"nat":"RS"}],"info":{"seed":"dbed83b5b8f3c6c1","results":1,"page":1,"version":"1.4"}} 
 </msg>
<msg time="2024-05-23T10:16:42.104243" level="INFO">/opt/hostedtoolcache/Python/3.12.3/x64/lib/python3.12/site-packages/urllib3/connectionpool.py:1103: InsecureRequestWarning: Unverified HTTPS request is being made to host 'randomuser.me'. Adding certificate verification is strongly advised. See: https://urllib3.readthedocs.io/en/latest/advanced-usage.html#tls-warnings
  warnings.warn(</msg>
<msg time="2024-05-23T10:16:42.104342" level="INFO">${response} = &lt;Response [200]&gt;</msg>
<var>${response}</var>
<arg>consultarAPI</arg>
<arg>/api</arg>
<doc>Sends a GET request on a previously created HTTP Session.</doc>
<status status="PASS" start="2024-05-23T10:16:42.004064" elapsed="0.100320"/>
</kw>
<kw name="Set Variable" owner="BuiltIn">
<msg time="2024-05-23T10:16:42.105530" level="INFO">${json_data} = {'results': [{'gender': 'male', 'name': {'title': 'Mr', 'first': 'Borivoje', 'last': 'Kitić'}, 'location': {'street': {'number': 9385, 'name': 'Živojina Tabakovića'}, 'city': 'Niš', 'state': 'Zaječar'...</msg>
<var>${json_data}</var>
<arg>${response.json()}</arg>
<doc>Returns the given values which can then be assigned to a variables.</doc>
<status status="PASS" start="2024-05-23T10:16:42.104900" elapsed="0.000662"/>
</kw>
<kw name="Set Variable" owner="BuiltIn">
<msg time="2024-05-23T10:16:42.106275" level="INFO">${name_title} = Mr</msg>
<var>${name_title}</var>
<arg>${json_data["results"][0]["name"]["title"]}</arg>
<doc>Returns the given values which can then be assigned to a variables.</doc>
<status status="PASS" start="2024-05-23T10:16:42.105889" elapsed="0.000412"/>
</kw>
<kw name="Create List" owner="BuiltIn">
<msg time="2024-05-23T10:16:42.106752" level="INFO">${allowed_titles} = ['Mr', 'Ms', 'Miss', 'Mrs', 'Madame', 'Monsieur']</msg>
<var>${allowed_titles}</var>
<arg>Mr</arg>
<arg>Ms</arg>
<arg>Miss</arg>
<arg>Mrs</arg>
<arg>Madame</arg>
<arg>Monsieur</arg>
<doc>Returns a list containing given items.</doc>
<status status="PASS" start="2024-05-23T10:16:42.106603" elapsed="0.000172"/>
</kw>
<kw name="List Should Contain Value" owner="Collections">
<msg time="2024-05-23T10:16:42.107242" level="INFO">False</msg>
<arg>${allowed_titles}</arg>
<arg>${name_title}</arg>
<doc>Fails if the ``value`` is not found from ``list``.</doc>
<status status="PASS" start="2024-05-23T10:16:42.107070" elapsed="0.000208"/>
</kw>
<kw name="Set Variable" owner="BuiltIn">
<msg time="2024-05-23T10:16:42.107949" level="INFO">${name_country} = RS</msg>
<var>${name_country}</var>
<arg>${json_data["results"][0]["nat"]}</arg>
<doc>Returns the given values which can then be assigned to a variables.</doc>
<status status="PASS" start="2024-05-23T10:16:42.107572" elapsed="0.000402"/>
</kw>
<kw name="Create List" owner="BuiltIn">
<msg time="2024-05-23T10:16:42.108879" level="INFO">${list_country} = ['AD', 'AE', 'AF', 'AG', 'AI', 'AL', 'AM', 'AO', 'AQ', 'AR', 'AS', 'AT', 'AU', 'AW', 'AX', 'AZ', 'BA', 'BB', 'BD', 'BE', 'BF', 'BG', 'BH', 'BI', 'BJ', 'BL', 'BM', 'BN', 'BO', 'BQ', 'BR', 'BS', 'BT', '...</msg>
<var>${list_country}</var>
<arg>AD</arg>
<arg>AE</arg>
<arg>AF</arg>
<arg>AG</arg>
<arg>AI</arg>
<arg>AL</arg>
<arg>AM</arg>
<arg>AO</arg>
<arg>AQ</arg>
<arg>AR</arg>
<arg>AS</arg>
<arg>AT</arg>
<arg>AU</arg>
<arg>AW</arg>
<arg>AX</arg>
<arg>AZ</arg>
<arg>BA</arg>
<arg>BB</arg>
<arg>BD</arg>
<arg>BE</arg>
<arg>BF</arg>
<arg>BG</arg>
<arg>BH</arg>
<arg>BI</arg>
<arg>BJ</arg>
<arg>BL</arg>
<arg>BM</arg>
<arg>BN</arg>
<arg>BO</arg>
<arg>BQ</arg>
<arg>BR</arg>
<arg>BS</arg>
<arg>BT</arg>
<arg>BV</arg>
<arg>BW</arg>
<arg>BY</arg>
<arg>BZ</arg>
<arg>CA</arg>
<arg>CC</arg>
<arg>CD</arg>
<arg>CF</arg>
<arg>CG</arg>
<arg>CH</arg>
<arg>CI</arg>
<arg>CK</arg>
<arg>CL</arg>
<arg>CM</arg>
<arg>CN</arg>
<arg>CO</arg>
<arg>CR</arg>
<arg>CU</arg>
<arg>CV</arg>
<arg>CW</arg>
<arg>CX</arg>
<arg>CY</arg>
<arg>CZ</arg>
<arg>DE</arg>
<arg>DJ</arg>
<arg>DK</arg>
<arg>DM</arg>
<arg>DO</arg>
<arg>DZ</arg>
<arg>EC</arg>
<arg>EE</arg>
<arg>EG</arg>
<arg>EH</arg>
<arg>ER</arg>
<arg>ES</arg>
<arg>ET</arg>
<arg>FI</arg>
<arg>FJ</arg>
<arg>FK</arg>
<arg>FM</arg>
<arg>FO</arg>
<arg>FR</arg>
<arg>GA</arg>
<arg>GB</arg>
<arg>GD</arg>
<arg>GE</arg>
<arg>GF</arg>
<arg>GG</arg>
<arg>GH</arg>
<arg>GI</arg>
<arg>GL</arg>
<arg>GM</arg>
<arg>GN</arg>
<arg>GP</arg>
<arg>GQ</arg>
<arg>GR</arg>
<arg>GS</arg>
<arg>GT</arg>
<arg>GU</arg>
<arg>GW</arg>
<arg>GY</arg>
<arg>HK</arg>
<arg>HM</arg>
<arg>HN</arg>
<arg>HR</arg>
<arg>HT</arg>
<arg>HU</arg>
<arg>ID</arg>
<arg>IE</arg>
<arg>IL</arg>
<arg>IM</arg>
<arg>IN</arg>
<arg>IO</arg>
<arg>IQ</arg>
<arg>IR</arg>
<arg>IS</arg>
<arg>IT</arg>
<arg>JE</arg>
<arg>JM</arg>
<arg>JO</arg>
<arg>JP</arg>
<arg>KE</arg>
<arg>KG</arg>
<arg>KH</arg>
<arg>KI</arg>
<arg>KM</arg>
<arg>KN</arg>
<arg>KP</arg>
<arg>KR</arg>
<arg>KW</arg>
<arg>KY</arg>
<arg>KZ</arg>
<arg>LA</arg>
<arg>LB</arg>
<arg>LC</arg>
<arg>LI</arg>
<arg>LK</arg>
<arg>LR</arg>
<arg>LS</arg>
<arg>LT</arg>
<arg>LU</arg>
<arg>LV</arg>
<arg>LY</arg>
<arg>MA</arg>
<arg>MC</arg>
<arg>MD</arg>
<arg>ME</arg>
<arg>MF</arg>
<arg>MG</arg>
<arg>MH</arg>
<arg>MK</arg>
<arg>ML</arg>
<arg>MM</arg>
<arg>MN</arg>
<arg>MO</arg>
<arg>MP</arg>
<arg>MQ</arg>
<arg>MR</arg>
<arg>MS</arg>
<arg>MT</arg>
<arg>MU</arg>
<arg>MV</arg>
<arg>MW</arg>
<arg>MX</arg>
<arg>MY</arg>
<arg>MZ</arg>
<arg>NA</arg>
<arg>NC</arg>
<arg>NE</arg>
<arg>NF</arg>
<arg>NG</arg>
<arg>NI</arg>
<arg>NL</arg>
<arg>NO</arg>
<arg>NP</arg>
<arg>NR</arg>
<arg>NU</arg>
<arg>NZ</arg>
<arg>OM</arg>
<arg>PA</arg>
<arg>PE</arg>
<arg>PF</arg>
<arg>PG</arg>
<arg>PH</arg>
<arg>PK</arg>
<arg>PL</arg>
<arg>PM</arg>
<arg>PN</arg>
<arg>PR</arg>
<arg>PS</arg>
<arg>PT</arg>
<arg>PW</arg>
<arg>PY</arg>
<arg>QA</arg>
<arg>RE</arg>
<arg>RO</arg>
<arg>RS</arg>
<arg>RU</arg>
<arg>RW</arg>
<arg>SA</arg>
<arg>SB</arg>
<arg>SC</arg>
<arg>SD</arg>
<arg>SE</arg>
<arg>SG</arg>
<arg>SH</arg>
<arg>SI</arg>
<arg>SJ</arg>
<arg>SK</arg>
<arg>SL</arg>
<arg>SM</arg>
<arg>SN</arg>
<arg>SO</arg>
<arg>SR</arg>
<arg>SS</arg>
<arg>ST</arg>
<arg>SV</arg>
<arg>SX</arg>
<arg>SY</arg>
<arg>SZ</arg>
<arg>TC</arg>
<arg>TD</arg>
<arg>TF</arg>
<arg>TG</arg>
<arg>TH</arg>
<arg>TJ</arg>
<arg>TK</arg>
<arg>TL</arg>
<arg>TM</arg>
<arg>TN</arg>
<arg>TO</arg>
<arg>TR</arg>
<arg>TT</arg>
<arg>TV</arg>
<arg>TW</arg>
<arg>TZ</arg>
<arg>UA</arg>
<arg>UG</arg>
<arg>UM</arg>
<arg>US</arg>
<arg>UY</arg>
<arg>UZ</arg>
<arg>VA</arg>
<arg>VC</arg>
<arg>VE</arg>
<arg>VG</arg>
<arg>VI</arg>
<arg>VN</arg>
<arg>VU</arg>
<arg>WF</arg>
<arg>WS</arg>
<arg>XK</arg>
<arg>YE</arg>
<arg>YT</arg>
<arg>ZA</arg>
<arg>ZM</arg>
<arg>ZW</arg>
<doc>Returns a list containing given items.</doc>
<status status="PASS" start="2024-05-23T10:16:42.108287" elapsed="0.000617"/>
</kw>
<kw name="List Should Contain Value" owner="Collections">
<msg time="2024-05-23T10:16:42.109946" level="INFO">False</msg>
<arg>${list_country}</arg>
<arg>${name_country}</arg>
<doc>Fails if the ``value`` is not found from ``list``.</doc>
<status status="PASS" start="2024-05-23T10:16:42.109736" elapsed="0.000248"/>
</kw>
<kw name="Run Keyword If" owner="BuiltIn">
<kw name="Should Be True" owner="BuiltIn">
<arg>${True}</arg>
<doc>Fails if the given condition is not true.</doc>
<status status="PASS" start="2024-05-23T10:16:42.111057" elapsed="0.000147"/>
</kw>
<arg>${json_data["results"][0]["location"]["coordinates"]["latitude"]} &gt;= -90 and ${json_data["results"][0]["location"]["coordinates"]["latitude"]} &lt;= 90</arg>
<arg>Should Be True</arg>
<arg>${True}</arg>
<doc>Runs the given keyword with the given arguments, if ``condition`` is true.</doc>
<status status="PASS" start="2024-05-23T10:16:42.110295" elapsed="0.001037"/>
</kw>
<kw name="Run Keyword If" owner="BuiltIn">
<kw name="Should Be True" owner="BuiltIn">
<arg>${True}</arg>
<doc>Fails if the given condition is not true.</doc>
<status status="PASS" start="2024-05-23T10:16:42.112217" elapsed="0.000250"/>
</kw>
<arg>${json_data["results"][0]["location"]["coordinates"]["longitude"]} &gt;= -180 and ${json_data["results"][0]["location"]["coordinates"]["longitude"]} &lt;= 180</arg>
<arg>Should Be True</arg>
<arg>${True}</arg>
<doc>Runs the given keyword with the given arguments, if ``condition`` is true.</doc>
<status status="PASS" start="2024-05-23T10:16:42.111517" elapsed="0.001078"/>
</kw>
<status status="PASS" start="2024-05-23T10:16:42.003844" elapsed="0.108882"/>
</kw>
<doc>Testa o conteúdo específico dos campos retornados pela API.</doc>
<tag>testeConteudo</tag>
<status status="PASS" start="2024-05-23T10:16:42.003340" elapsed="0.109530"/>
</test>
<status status="PASS" start="2024-05-23T10:16:41.181234" elapsed="0.933634"/>
</suite>
<status status="PASS" start="2024-05-23T10:16:41.167175" elapsed="0.952881"/>
</suite>
<statistics>
<total>
<stat pass="5" fail="0" skip="0">All Tests</stat>
</total>
<tag>
<stat pass="1" fail="0" skip="0">testeConteudo</stat>
<stat pass="1" fail="0" skip="0">testeEstruturaResposta</stat>
<stat pass="1" fail="0" skip="0">testeRequisicaoBasica</stat>
<stat pass="1" fail="0" skip="0">testeTiposDados</stat>
</tag>
<suite>
<stat pass="5" fail="0" skip="0" id="s1" name="Tests">Tests</stat>
<stat pass="5" fail="0" skip="0" id="s1-s1" name="Random-User-Test">Tests.Random-User-Test</stat>
</suite>
</statistics>
<errors>
</errors>
</robot>
