<?xml version="1.0" encoding="UTF-8"?>
<robot generator="Robot 7.0 (Python 3.12.3 on linux)" generated="2024-05-14T05:14:40.302355" rpa="false" schemaversion="5">
<suite id="s1" name="Tests" source="/home/runner/work/DesafioQAItauRogerioJordao/DesafioQAItauRogerioJordao/RamdonUser/tests">
<suite id="s1-s1" name="Random-User-Test" source="/home/runner/work/DesafioQAItauRogerioJordao/DesafioQAItauRogerioJordao/RamdonUser/tests/random-user-test.robot">
<test id="s1-s1-t1" name="Conectar" line="13">
<kw name="Conectar API" owner="random-user-service">
<kw name="Create Session" owner="RequestsLibrary">
<msg time="2024-05-14T05:14:40.685610" level="INFO">Creating Session using : alias=consultarAPI, url=https://randomuser.me/, headers={},                     cookies={}, auth=None, timeout=None, proxies=None, verify=False,                     debug=0 </msg>
<arg>consultarAPI</arg>
<arg>${URL}</arg>
<doc>Create Session: create a HTTP session to a server</doc>
<status status="PASS" start="2024-05-14T05:14:40.685378" elapsed="0.000449"/>
</kw>
<status status="PASS" start="2024-05-14T05:14:40.684283" elapsed="0.001933"/>
</kw>
<status status="PASS" start="2024-05-14T05:14:40.683556" elapsed="0.002866"/>
</test>
<test id="s1-s1-t2" name="Validar retorno 200 e JSON Válido" line="16">
<kw name="Teste de Requisicao Basica" owner="random-user-service">
<kw name="GET On Session" owner="RequestsLibrary">
<msg time="2024-05-14T05:14:40.857117" level="INFO">GET Request : url=https://randomuser.me/api 
 path_url=/api 
 headers={'User-Agent': 'python-requests/2.31.0', 'Accept-Encoding': 'gzip, deflate', 'Accept': '*/*', 'Connection': 'keep-alive'} 
 body=None 
 </msg>
<msg time="2024-05-14T05:14:40.857315" level="INFO">GET Response : url=https://randomuser.me/api 
 status=200, reason=OK 
 headers={'Date': 'Tue, 14 May 2024 05:14:40 GMT', 'Content-Type': 'application/json; charset=utf-8', 'Transfer-Encoding': 'chunked', 'Connection': 'keep-alive', 'X-Powered-By': 'Express', 'Access-Control-Allow-Origin': '*', 'Cache-Control': 'no-cache', 'ETag': 'W/"49a-ANSeWSjcdRTdx92y9WC6ezTZo7Y"', 'Vary': 'Accept-Encoding', 'Content-Encoding': 'gzip', 'CF-Cache-Status': 'DYNAMIC', 'Report-To': '{"endpoints":[{"url":"https:\\/\\/a.nel.cloudflare.com\\/report\\/v4?s=ieXsZjKzsNiVIUqQbPxAlum4TTvGw7GNk6ZGepnAg3vCfV6WPX64X4KL8q%2B7sjfMDUYUhuq7Ogn7dz6Y7r%2F97AGfi%2BP5QLRGqP%2BzcwUiZTkB49cJlTMIFUaTLswveZyV"}],"group":"cf-nel","max_age":604800}', 'NEL': '{"success_fraction":0,"report_to":"cf-nel","max_age":604800}', 'Server': 'cloudflare', 'CF-RAY': '883867f4be0a31b5-LAX', 'alt-svc': 'h3=":443"; ma=86400'} 
 body={"results":[{"gender":"female","name":{"title":"Ms","first":"Julia","last":"Ruona"},"location":{"street":{"number":9504,"name":"Aleksanterinkatu"},"city":"Toholampi","state":"Uusimaa","country":"Finland","postcode":56608,"coordinates":{"latitude":"-24.0803","longitude":"145.3257"},"timezone":{"offset":"+9:00","description":"Tokyo, Seoul, Osaka, Sapporo, Yakutsk"}},"email":"julia.ruona@example.com","login":{"uuid":"6cbdf0ef-8843-4663-b123-474182278b49","username":"brownfish502","password":"bones","salt":"FqmyAnSg","md5":"f12d2ccb0d737254232b5980f465ac12","sha1":"343bb6ba3bfbeb6e3a43ebfc61b2e06204c3129b","sha256":"f221d36a668dcb9923a99d7b7b00eb2689ca67562a641a504feec14669e97068"},"dob":{"date":"1960-09-19T15:28:51.555Z","age":63},"registered":{"date":"2003-09-16T20:12:26.755Z","age":20},"phone":"03-145-725","cell":"041-225-13-71","id":{"name":"HETU","value":"NaNNA272undefined"},"picture":{"large":"https://randomuser.me/api/portraits/women/52.jpg","medium":"https://randomuser.me/api/portraits/med/women/52.jpg","thumbnail":"https://randomuser.me/api/portraits/thumb/women/52.jpg"},"nat":"FI"}],"info":{"seed":"556371bb8090a95d","results":1,"page":1,"version":"1.4"}} 
 </msg>
<msg time="2024-05-14T05:14:40.857429" level="INFO">/opt/hostedtoolcache/Python/3.12.3/x64/lib/python3.12/site-packages/urllib3/connectionpool.py:1103: InsecureRequestWarning: Unverified HTTPS request is being made to host 'randomuser.me'. Adding certificate verification is strongly advised. See: https://urllib3.readthedocs.io/en/latest/advanced-usage.html#tls-warnings
  warnings.warn(</msg>
<msg time="2024-05-14T05:14:40.857635" level="INFO">${response} = &lt;Response [200]&gt;</msg>
<var>${response}</var>
<arg>consultarAPI</arg>
<arg>/api</arg>
<doc>Sends a GET request on a previously created HTTP Session.</doc>
<status status="PASS" start="2024-05-14T05:14:40.689252" elapsed="0.168439"/>
</kw>
<kw name="Should Be Equal As Numbers" owner="BuiltIn">
<msg time="2024-05-14T05:14:40.858965" level="INFO">Argument types are:
&lt;class 'int'&gt;
&lt;class 'str'&gt;</msg>
<arg>${response.status_code}</arg>
<arg>200</arg>
<doc>Fails if objects are unequal after converting them to real numbers.</doc>
<status status="PASS" start="2024-05-14T05:14:40.858454" elapsed="0.000586"/>
</kw>
<kw name="Log" owner="BuiltIn">
<msg time="2024-05-14T05:14:40.859856" level="INFO">200</msg>
<arg>${response.status_code}</arg>
<doc>Logs the given message with the given level.</doc>
<status status="PASS" start="2024-05-14T05:14:40.859462" elapsed="0.000442"/>
</kw>
<kw name="Set Variable" owner="BuiltIn">
<msg time="2024-05-14T05:14:40.860759" level="INFO">${json_data} = {'results': [{'gender': 'female', 'name': {'title': 'Ms', 'first': 'Julia', 'last': 'Ruona'}, 'location': {'street': {'number': 9504, 'name': 'Aleksanterinkatu'}, 'city': 'Toholampi', 'state': 'Uusima...</msg>
<var>${json_data}</var>
<arg>${response.json()}</arg>
<doc>Returns the given values which can then be assigned to a variables.</doc>
<status status="PASS" start="2024-05-14T05:14:40.860251" elapsed="0.000551"/>
</kw>
<kw name="Dictionary Should Contain Key" owner="Collections">
<msg time="2024-05-14T05:14:40.861335" level="INFO">False</msg>
<arg>${json_data}</arg>
<arg>results</arg>
<doc>Fails if ``key`` is not found from ``dictionary``.</doc>
<status status="PASS" start="2024-05-14T05:14:40.861153" elapsed="0.000223"/>
</kw>
<status status="PASS" start="2024-05-14T05:14:40.688985" elapsed="0.172658"/>
</kw>
<doc>Testa se a API responde corretamente e retorna um objeto JSON válido.</doc>
<tag>testeRequisicaoBasica</tag>
<status status="PASS" start="2024-05-14T05:14:40.688361" elapsed="0.173478"/>
</test>
<test id="s1-s1-t3" name="Validar estrutura de resposta" line="22">
<kw name="Teste de Estrutura de Resposta" owner="random-user-service">
<kw name="GET On Session" owner="RequestsLibrary">
<msg time="2024-05-14T05:14:40.968747" level="INFO">GET Request : url=https://randomuser.me/api 
 path_url=/api 
 headers={'User-Agent': 'python-requests/2.31.0', 'Accept-Encoding': 'gzip, deflate', 'Accept': '*/*', 'Connection': 'keep-alive'} 
 body=None 
 </msg>
<msg time="2024-05-14T05:14:40.968869" level="INFO">GET Response : url=https://randomuser.me/api 
 status=200, reason=OK 
 headers={'Date': 'Tue, 14 May 2024 05:14:40 GMT', 'Content-Type': 'application/json; charset=utf-8', 'Transfer-Encoding': 'chunked', 'Connection': 'keep-alive', 'X-Powered-By': 'Express', 'Access-Control-Allow-Origin': '*', 'Cache-Control': 'no-cache', 'ETag': 'W/"495-JU22uPbhQnqK1EKG4a4LinkRpfU"', 'Vary': 'Accept-Encoding', 'Content-Encoding': 'gzip', 'CF-Cache-Status': 'DYNAMIC', 'Report-To': '{"endpoints":[{"url":"https:\\/\\/a.nel.cloudflare.com\\/report\\/v4?s=DQmST1USgJbg%2Fx0NgoooECOPhO7R%2BxPB%2Bi8WuNFNK1F%2FHEAx3wUiTohDqrIm5xhT1%2BNpM6%2BBwBuG1SOJ2qfcSdj0X9QsavF7%2BIT9Wu1Ald2s9VXlxq%2FK%2FA8e9KM7%2FcUY"}],"group":"cf-nel","max_age":604800}', 'NEL': '{"success_fraction":0,"report_to":"cf-nel","max_age":604800}', 'Server': 'cloudflare', 'CF-RAY': '883867f56ebb31b5-LAX', 'alt-svc': 'h3=":443"; ma=86400'} 
 body={"results":[{"gender":"male","name":{"title":"Mr","first":"Carmelo","last":"Collazo"},"location":{"street":{"number":4121,"name":"Retorno Malta"},"city":"Tiquicheo","state":"Sinaloa","country":"Mexico","postcode":78401,"coordinates":{"latitude":"22.8736","longitude":"-99.0607"},"timezone":{"offset":"+5:30","description":"Bombay, Calcutta, Madras, New Delhi"}},"email":"carmelo.collazo@example.com","login":{"uuid":"23b6eecc-ed1b-4427-a6e6-f4f81510c563","username":"tinykoala972","password":"hilary","salt":"42gSrhB3","md5":"dc64d51da617d2bd546aa6d4608e8dd8","sha1":"0c6bbf898435c4d70dbc093c2417e5407fb57b97","sha256":"04337ff784a34a048107c9bb8698c4cd4ce09f9c87e4617d0f29d58847416ef6"},"dob":{"date":"1959-06-29T06:01:35.116Z","age":64},"registered":{"date":"2021-11-13T03:19:25.972Z","age":2},"phone":"(603) 007 3423","cell":"(649) 789 8204","id":{"name":"NSS","value":"40 24 41 8575 3"},"picture":{"large":"https://randomuser.me/api/portraits/men/52.jpg","medium":"https://randomuser.me/api/portraits/med/men/52.jpg","thumbnail":"https://randomuser.me/api/portraits/thumb/men/52.jpg"},"nat":"MX"}],"info":{"seed":"105e3723c126c45a","results":1,"page":1,"version":"1.4"}} 
 </msg>
<msg time="2024-05-14T05:14:40.969017" level="INFO">/opt/hostedtoolcache/Python/3.12.3/x64/lib/python3.12/site-packages/urllib3/connectionpool.py:1103: InsecureRequestWarning: Unverified HTTPS request is being made to host 'randomuser.me'. Adding certificate verification is strongly advised. See: https://urllib3.readthedocs.io/en/latest/advanced-usage.html#tls-warnings
  warnings.warn(</msg>
<msg time="2024-05-14T05:14:40.969176" level="INFO">${response} = &lt;Response [200]&gt;</msg>
<var>${response}</var>
<arg>consultarAPI</arg>
<arg>/api</arg>
<doc>Sends a GET request on a previously created HTTP Session.</doc>
<status status="PASS" start="2024-05-14T05:14:40.864563" elapsed="0.104665"/>
</kw>
<kw name="Set Variable" owner="BuiltIn">
<msg time="2024-05-14T05:14:40.970346" level="INFO">${json_data} = {'results': [{'gender': 'male', 'name': {'title': 'Mr', 'first': 'Carmelo', 'last': 'Collazo'}, 'location': {'street': {'number': 4121, 'name': 'Retorno Malta'}, 'city': 'Tiquicheo', 'state': 'Sinaloa...</msg>
<var>${json_data}</var>
<arg>${response.json()}</arg>
<doc>Returns the given values which can then be assigned to a variables.</doc>
<status status="PASS" start="2024-05-14T05:14:40.969783" elapsed="0.000593"/>
</kw>
<kw name="Log" owner="BuiltIn">
<msg time="2024-05-14T05:14:40.970935" level="INFO">{'results': [{'gender': 'male', 'name': {'title': 'Mr', 'first': 'Carmelo', 'last': 'Collazo'}, 'location': {'street': {'number': 4121, 'name': 'Retorno Malta'}, 'city': 'Tiquicheo', 'state': 'Sinaloa', 'country': 'Mexico', 'postcode': 78401, 'coordinates': {'latitude': '22.8736', 'longitude': '-99.0607'}, 'timezone': {'offset': '+5:30', 'description': 'Bombay, Calcutta, Madras, New Delhi'}}, 'email': 'carmelo.collazo@example.com', 'login': {'uuid': '23b6eecc-ed1b-4427-a6e6-f4f81510c563', 'username': 'tinykoala972', 'password': 'hilary', 'salt': '42gSrhB3', 'md5': 'dc64d51da617d2bd546aa6d4608e8dd8', 'sha1': '0c6bbf898435c4d70dbc093c2417e5407fb57b97', 'sha256': '04337ff784a34a048107c9bb8698c4cd4ce09f9c87e4617d0f29d58847416ef6'}, 'dob': {'date': '1959-06-29T06:01:35.116Z', 'age': 64}, 'registered': {'date': '2021-11-13T03:19:25.972Z', 'age': 2}, 'phone': '(603) 007 3423', 'cell': '(649) 789 8204', 'id': {'name': 'NSS', 'value': '40 24 41 8575 3'}, 'picture': {'large': 'https://randomuser.me/api/portraits/men/52.jpg', 'medium': 'https://randomuser.me/api/portraits/med/men/52.jpg', 'thumbnail': 'https://randomuser.me/api/portraits/thumb/men/52.jpg'}, 'nat': 'MX'}], 'info': {'seed': '105e3723c126c45a', 'results': 1, 'page': 1, 'version': '1.4'}}</msg>
<arg>${json_data}</arg>
<doc>Logs the given message with the given level.</doc>
<status status="PASS" start="2024-05-14T05:14:40.970751" elapsed="0.000237"/>
</kw>
<kw name="Dictionary Should Contain Key" owner="Collections">
<msg time="2024-05-14T05:14:40.971487" level="INFO">False</msg>
<arg>${json_data}</arg>
<arg>results</arg>
<doc>Fails if ``key`` is not found from ``dictionary``.</doc>
<status status="PASS" start="2024-05-14T05:14:40.971316" elapsed="0.000210"/>
</kw>
<kw name="Should Not Be Empty" owner="BuiltIn">
<msg time="2024-05-14T05:14:40.971987" level="INFO">Length is 2.</msg>
<arg>${json_data}</arg>
<doc>Verifies that the given item is not empty.</doc>
<status status="PASS" start="2024-05-14T05:14:40.971838" elapsed="0.000189"/>
</kw>
<kw name="Create List" owner="BuiltIn">
<msg time="2024-05-14T05:14:40.972665" level="INFO">${expected_keys} = ['gender', 'name', 'location', 'email', 'login']</msg>
<var>${expected_keys}</var>
<arg>gender</arg>
<arg>name</arg>
<arg>location</arg>
<arg>email</arg>
<arg>login</arg>
<doc>Returns a list containing given items.</doc>
<status status="PASS" start="2024-05-14T05:14:40.972327" elapsed="0.000363"/>
</kw>
<for flavor="IN">
<iter>
<kw name="Dictionary Should Contain Key" owner="Collections">
<msg time="2024-05-14T05:14:40.973782" level="INFO">False</msg>
<arg>${json_data['results'][0]}</arg>
<arg>${key}</arg>
<doc>Fails if ``key`` is not found from ``dictionary``.</doc>
<status status="PASS" start="2024-05-14T05:14:40.973352" elapsed="0.000469"/>
</kw>
<kw name="Log" owner="BuiltIn">
<msg time="2024-05-14T05:14:40.974501" level="INFO">{'gender': 'male', 'name': {'title': 'Mr', 'first': 'Carmelo', 'last': 'Collazo'}, 'location': {'street': {'number': 4121, 'name': 'Retorno Malta'}, 'city': 'Tiquicheo', 'state': 'Sinaloa', 'country': 'Mexico', 'postcode': 78401, 'coordinates': {'latitude': '22.8736', 'longitude': '-99.0607'}, 'timezone': {'offset': '+5:30', 'description': 'Bombay, Calcutta, Madras, New Delhi'}}, 'email': 'carmelo.collazo@example.com', 'login': {'uuid': '23b6eecc-ed1b-4427-a6e6-f4f81510c563', 'username': 'tinykoala972', 'password': 'hilary', 'salt': '42gSrhB3', 'md5': 'dc64d51da617d2bd546aa6d4608e8dd8', 'sha1': '0c6bbf898435c4d70dbc093c2417e5407fb57b97', 'sha256': '04337ff784a34a048107c9bb8698c4cd4ce09f9c87e4617d0f29d58847416ef6'}, 'dob': {'date': '1959-06-29T06:01:35.116Z', 'age': 64}, 'registered': {'date': '2021-11-13T03:19:25.972Z', 'age': 2}, 'phone': '(603) 007 3423', 'cell': '(649) 789 8204', 'id': {'name': 'NSS', 'value': '40 24 41 8575 3'}, 'picture': {'large': 'https://randomuser.me/api/portraits/men/52.jpg', 'medium': 'https://randomuser.me/api/portraits/med/men/52.jpg', 'thumbnail': 'https://randomuser.me/api/portraits/thumb/men/52.jpg'}, 'nat': 'MX'}</msg>
<arg>${json_data['results'][0]}</arg>
<doc>Logs the given message with the given level.</doc>
<status status="PASS" start="2024-05-14T05:14:40.974122" elapsed="0.000429"/>
</kw>
<kw name="Log" owner="BuiltIn">
<msg time="2024-05-14T05:14:40.974980" level="INFO">gender</msg>
<arg>${key}</arg>
<doc>Logs the given message with the given level.</doc>
<status status="PASS" start="2024-05-14T05:14:40.974850" elapsed="0.000167"/>
</kw>
<var name="${key}">gender</var>
<status status="PASS" start="2024-05-14T05:14:40.973218" elapsed="0.002014"/>
</iter>
<iter>
<kw name="Dictionary Should Contain Key" owner="Collections">
<msg time="2024-05-14T05:14:40.975942" level="INFO">False</msg>
<arg>${json_data['results'][0]}</arg>
<arg>${key}</arg>
<doc>Fails if ``key`` is not found from ``dictionary``.</doc>
<status status="PASS" start="2024-05-14T05:14:40.975550" elapsed="0.000431"/>
</kw>
<kw name="Log" owner="BuiltIn">
<msg time="2024-05-14T05:14:40.976668" level="INFO">{'gender': 'male', 'name': {'title': 'Mr', 'first': 'Carmelo', 'last': 'Collazo'}, 'location': {'street': {'number': 4121, 'name': 'Retorno Malta'}, 'city': 'Tiquicheo', 'state': 'Sinaloa', 'country': 'Mexico', 'postcode': 78401, 'coordinates': {'latitude': '22.8736', 'longitude': '-99.0607'}, 'timezone': {'offset': '+5:30', 'description': 'Bombay, Calcutta, Madras, New Delhi'}}, 'email': 'carmelo.collazo@example.com', 'login': {'uuid': '23b6eecc-ed1b-4427-a6e6-f4f81510c563', 'username': 'tinykoala972', 'password': 'hilary', 'salt': '42gSrhB3', 'md5': 'dc64d51da617d2bd546aa6d4608e8dd8', 'sha1': '0c6bbf898435c4d70dbc093c2417e5407fb57b97', 'sha256': '04337ff784a34a048107c9bb8698c4cd4ce09f9c87e4617d0f29d58847416ef6'}, 'dob': {'date': '1959-06-29T06:01:35.116Z', 'age': 64}, 'registered': {'date': '2021-11-13T03:19:25.972Z', 'age': 2}, 'phone': '(603) 007 3423', 'cell': '(649) 789 8204', 'id': {'name': 'NSS', 'value': '40 24 41 8575 3'}, 'picture': {'large': 'https://randomuser.me/api/portraits/men/52.jpg', 'medium': 'https://randomuser.me/api/portraits/med/men/52.jpg', 'thumbnail': 'https://randomuser.me/api/portraits/thumb/men/52.jpg'}, 'nat': 'MX'}</msg>
<arg>${json_data['results'][0]}</arg>
<doc>Logs the given message with the given level.</doc>
<status status="PASS" start="2024-05-14T05:14:40.976306" elapsed="0.000431"/>
</kw>
<kw name="Log" owner="BuiltIn">
<msg time="2024-05-14T05:14:40.977166" level="INFO">name</msg>
<arg>${key}</arg>
<doc>Logs the given message with the given level.</doc>
<status status="PASS" start="2024-05-14T05:14:40.977041" elapsed="0.000164"/>
</kw>
<var name="${key}">name</var>
<status status="PASS" start="2024-05-14T05:14:40.975431" elapsed="0.001987"/>
</iter>
<iter>
<kw name="Dictionary Should Contain Key" owner="Collections">
<msg time="2024-05-14T05:14:40.978107" level="INFO">False</msg>
<arg>${json_data['results'][0]}</arg>
<arg>${key}</arg>
<doc>Fails if ``key`` is not found from ``dictionary``.</doc>
<status status="PASS" start="2024-05-14T05:14:40.977718" elapsed="0.000427"/>
</kw>
<kw name="Log" owner="BuiltIn">
<msg time="2024-05-14T05:14:40.978817" level="INFO">{'gender': 'male', 'name': {'title': 'Mr', 'first': 'Carmelo', 'last': 'Collazo'}, 'location': {'street': {'number': 4121, 'name': 'Retorno Malta'}, 'city': 'Tiquicheo', 'state': 'Sinaloa', 'country': 'Mexico', 'postcode': 78401, 'coordinates': {'latitude': '22.8736', 'longitude': '-99.0607'}, 'timezone': {'offset': '+5:30', 'description': 'Bombay, Calcutta, Madras, New Delhi'}}, 'email': 'carmelo.collazo@example.com', 'login': {'uuid': '23b6eecc-ed1b-4427-a6e6-f4f81510c563', 'username': 'tinykoala972', 'password': 'hilary', 'salt': '42gSrhB3', 'md5': 'dc64d51da617d2bd546aa6d4608e8dd8', 'sha1': '0c6bbf898435c4d70dbc093c2417e5407fb57b97', 'sha256': '04337ff784a34a048107c9bb8698c4cd4ce09f9c87e4617d0f29d58847416ef6'}, 'dob': {'date': '1959-06-29T06:01:35.116Z', 'age': 64}, 'registered': {'date': '2021-11-13T03:19:25.972Z', 'age': 2}, 'phone': '(603) 007 3423', 'cell': '(649) 789 8204', 'id': {'name': 'NSS', 'value': '40 24 41 8575 3'}, 'picture': {'large': 'https://randomuser.me/api/portraits/men/52.jpg', 'medium': 'https://randomuser.me/api/portraits/med/men/52.jpg', 'thumbnail': 'https://randomuser.me/api/portraits/thumb/men/52.jpg'}, 'nat': 'MX'}</msg>
<arg>${json_data['results'][0]}</arg>
<doc>Logs the given message with the given level.</doc>
<status status="PASS" start="2024-05-14T05:14:40.978459" elapsed="0.000406"/>
</kw>
<kw name="Log" owner="BuiltIn">
<msg time="2024-05-14T05:14:40.979283" level="INFO">location</msg>
<arg>${key}</arg>
<doc>Logs the given message with the given level.</doc>
<status status="PASS" start="2024-05-14T05:14:40.979157" elapsed="0.000165"/>
</kw>
<var name="${key}">location</var>
<status status="PASS" start="2024-05-14T05:14:40.977606" elapsed="0.001931"/>
</iter>
<iter>
<kw name="Dictionary Should Contain Key" owner="Collections">
<msg time="2024-05-14T05:14:40.980206" level="INFO">False</msg>
<arg>${json_data['results'][0]}</arg>
<arg>${key}</arg>
<doc>Fails if ``key`` is not found from ``dictionary``.</doc>
<status status="PASS" start="2024-05-14T05:14:40.979825" elapsed="0.000419"/>
</kw>
<kw name="Log" owner="BuiltIn">
<msg time="2024-05-14T05:14:40.980940" level="INFO">{'gender': 'male', 'name': {'title': 'Mr', 'first': 'Carmelo', 'last': 'Collazo'}, 'location': {'street': {'number': 4121, 'name': 'Retorno Malta'}, 'city': 'Tiquicheo', 'state': 'Sinaloa', 'country': 'Mexico', 'postcode': 78401, 'coordinates': {'latitude': '22.8736', 'longitude': '-99.0607'}, 'timezone': {'offset': '+5:30', 'description': 'Bombay, Calcutta, Madras, New Delhi'}}, 'email': 'carmelo.collazo@example.com', 'login': {'uuid': '23b6eecc-ed1b-4427-a6e6-f4f81510c563', 'username': 'tinykoala972', 'password': 'hilary', 'salt': '42gSrhB3', 'md5': 'dc64d51da617d2bd546aa6d4608e8dd8', 'sha1': '0c6bbf898435c4d70dbc093c2417e5407fb57b97', 'sha256': '04337ff784a34a048107c9bb8698c4cd4ce09f9c87e4617d0f29d58847416ef6'}, 'dob': {'date': '1959-06-29T06:01:35.116Z', 'age': 64}, 'registered': {'date': '2021-11-13T03:19:25.972Z', 'age': 2}, 'phone': '(603) 007 3423', 'cell': '(649) 789 8204', 'id': {'name': 'NSS', 'value': '40 24 41 8575 3'}, 'picture': {'large': 'https://randomuser.me/api/portraits/men/52.jpg', 'medium': 'https://randomuser.me/api/portraits/med/men/52.jpg', 'thumbnail': 'https://randomuser.me/api/portraits/thumb/men/52.jpg'}, 'nat': 'MX'}</msg>
<arg>${json_data['results'][0]}</arg>
<doc>Logs the given message with the given level.</doc>
<status status="PASS" start="2024-05-14T05:14:40.980545" elapsed="0.000444"/>
</kw>
<kw name="Log" owner="BuiltIn">
<msg time="2024-05-14T05:14:40.981413" level="INFO">email</msg>
<arg>${key}</arg>
<doc>Logs the given message with the given level.</doc>
<status status="PASS" start="2024-05-14T05:14:40.981284" elapsed="0.000168"/>
</kw>
<var name="${key}">email</var>
<status status="PASS" start="2024-05-14T05:14:40.979714" elapsed="0.001953"/>
</iter>
<iter>
<kw name="Dictionary Should Contain Key" owner="Collections">
<msg time="2024-05-14T05:14:40.982343" level="INFO">False</msg>
<arg>${json_data['results'][0]}</arg>
<arg>${key}</arg>
<doc>Fails if ``key`` is not found from ``dictionary``.</doc>
<status status="PASS" start="2024-05-14T05:14:40.981953" elapsed="0.000428"/>
</kw>
<kw name="Log" owner="BuiltIn">
<msg time="2024-05-14T05:14:40.983044" level="INFO">{'gender': 'male', 'name': {'title': 'Mr', 'first': 'Carmelo', 'last': 'Collazo'}, 'location': {'street': {'number': 4121, 'name': 'Retorno Malta'}, 'city': 'Tiquicheo', 'state': 'Sinaloa', 'country': 'Mexico', 'postcode': 78401, 'coordinates': {'latitude': '22.8736', 'longitude': '-99.0607'}, 'timezone': {'offset': '+5:30', 'description': 'Bombay, Calcutta, Madras, New Delhi'}}, 'email': 'carmelo.collazo@example.com', 'login': {'uuid': '23b6eecc-ed1b-4427-a6e6-f4f81510c563', 'username': 'tinykoala972', 'password': 'hilary', 'salt': '42gSrhB3', 'md5': 'dc64d51da617d2bd546aa6d4608e8dd8', 'sha1': '0c6bbf898435c4d70dbc093c2417e5407fb57b97', 'sha256': '04337ff784a34a048107c9bb8698c4cd4ce09f9c87e4617d0f29d58847416ef6'}, 'dob': {'date': '1959-06-29T06:01:35.116Z', 'age': 64}, 'registered': {'date': '2021-11-13T03:19:25.972Z', 'age': 2}, 'phone': '(603) 007 3423', 'cell': '(649) 789 8204', 'id': {'name': 'NSS', 'value': '40 24 41 8575 3'}, 'picture': {'large': 'https://randomuser.me/api/portraits/men/52.jpg', 'medium': 'https://randomuser.me/api/portraits/med/men/52.jpg', 'thumbnail': 'https://randomuser.me/api/portraits/thumb/men/52.jpg'}, 'nat': 'MX'}</msg>
<arg>${json_data['results'][0]}</arg>
<doc>Logs the given message with the given level.</doc>
<status status="PASS" start="2024-05-14T05:14:40.982674" elapsed="0.000419"/>
</kw>
<kw name="Log" owner="BuiltIn">
<msg time="2024-05-14T05:14:40.983520" level="INFO">login</msg>
<arg>${key}</arg>
<doc>Logs the given message with the given level.</doc>
<status status="PASS" start="2024-05-14T05:14:40.983393" elapsed="0.000166"/>
</kw>
<var name="${key}">login</var>
<status status="PASS" start="2024-05-14T05:14:40.981841" elapsed="0.001955"/>
</iter>
<var>${key}</var>
<value>@{expected_keys}</value>
<status status="PASS" start="2024-05-14T05:14:40.973014" elapsed="0.010909"/>
</for>
<kw name="Create List" owner="BuiltIn">
<msg time="2024-05-14T05:14:40.984261" level="INFO">${expected_keysTwo} = ['username', 'password']</msg>
<var>${expected_keysTwo}</var>
<arg>username</arg>
<arg>password</arg>
<doc>Returns a list containing given items.</doc>
<status status="PASS" start="2024-05-14T05:14:40.984122" elapsed="0.000162"/>
</kw>
<for flavor="IN">
<iter>
<kw name="Dictionary Should Contain Key" owner="Collections">
<msg time="2024-05-14T05:14:40.985228" level="INFO">False</msg>
<arg>${json_data['results'][0]['login']}</arg>
<arg>${keyTwo}</arg>
<doc>Fails if ``key`` is not found from ``dictionary``.</doc>
<status status="PASS" start="2024-05-14T05:14:40.984831" elapsed="0.000434"/>
</kw>
<kw name="Dictionary Should Contain Key" owner="Collections">
<msg time="2024-05-14T05:14:40.985940" level="INFO">False</msg>
<arg>${json_data['results'][0]['login']}</arg>
<arg>${keyTwo}</arg>
<doc>Fails if ``key`` is not found from ``dictionary``.</doc>
<status status="PASS" start="2024-05-14T05:14:40.985562" elapsed="0.000415"/>
</kw>
<kw name="Log" owner="BuiltIn">
<msg time="2024-05-14T05:14:40.986396" level="INFO">username</msg>
<arg>${keyTwo}</arg>
<doc>Logs the given message with the given level.</doc>
<status status="PASS" start="2024-05-14T05:14:40.986269" elapsed="0.000173"/>
</kw>
<var name="${keyTwo}">username</var>
<status status="PASS" start="2024-05-14T05:14:40.984693" elapsed="0.001966"/>
</iter>
<iter>
<kw name="Dictionary Should Contain Key" owner="Collections">
<msg time="2024-05-14T05:14:40.987329" level="INFO">False</msg>
<arg>${json_data['results'][0]['login']}</arg>
<arg>${keyTwo}</arg>
<doc>Fails if ``key`` is not found from ``dictionary``.</doc>
<status status="PASS" start="2024-05-14T05:14:40.986944" elapsed="0.000424"/>
</kw>
<kw name="Dictionary Should Contain Key" owner="Collections">
<msg time="2024-05-14T05:14:40.988136" level="INFO">False</msg>
<arg>${json_data['results'][0]['login']}</arg>
<arg>${keyTwo}</arg>
<doc>Fails if ``key`` is not found from ``dictionary``.</doc>
<status status="PASS" start="2024-05-14T05:14:40.987664" elapsed="0.000510"/>
</kw>
<kw name="Log" owner="BuiltIn">
<msg time="2024-05-14T05:14:40.988606" level="INFO">password</msg>
<arg>${keyTwo}</arg>
<doc>Logs the given message with the given level.</doc>
<status status="PASS" start="2024-05-14T05:14:40.988478" elapsed="0.000165"/>
</kw>
<var name="${keyTwo}">password</var>
<status status="PASS" start="2024-05-14T05:14:40.986832" elapsed="0.002068"/>
</iter>
<var>${keyTwo}</var>
<value>@{expected_keysTwo}</value>
<status status="PASS" start="2024-05-14T05:14:40.984529" elapsed="0.004496"/>
</for>
<status status="PASS" start="2024-05-14T05:14:40.864311" elapsed="0.124860"/>
</kw>
<doc>Testa a estrutura da resposta da API.</doc>
<tag>testeEstruturaResposta</tag>
<status status="PASS" start="2024-05-14T05:14:40.863740" elapsed="0.125594"/>
</test>
<test id="s1-s1-t4" name="Validar tipos de dados" line="28">
<kw name="Teste de Tipos de Dados" owner="random-user-service">
<kw name="GET On Session" owner="RequestsLibrary">
<msg time="2024-05-14T05:14:41.093822" level="INFO">GET Request : url=https://randomuser.me/api 
 path_url=/api 
 headers={'User-Agent': 'python-requests/2.31.0', 'Accept-Encoding': 'gzip, deflate', 'Accept': '*/*', 'Connection': 'keep-alive'} 
 body=None 
 </msg>
<msg time="2024-05-14T05:14:41.093930" level="INFO">GET Response : url=https://randomuser.me/api 
 status=200, reason=OK 
 headers={'Date': 'Tue, 14 May 2024 05:14:41 GMT', 'Content-Type': 'application/json; charset=utf-8', 'Transfer-Encoding': 'chunked', 'Connection': 'keep-alive', 'X-Powered-By': 'Express', 'Access-Control-Allow-Origin': '*', 'Cache-Control': 'no-cache', 'ETag': 'W/"4b7-QmFb6mJby364LcniuiQiUzGWv2Q"', 'Vary': 'Accept-Encoding', 'Content-Encoding': 'gzip', 'CF-Cache-Status': 'DYNAMIC', 'Report-To': '{"endpoints":[{"url":"https:\\/\\/a.nel.cloudflare.com\\/report\\/v4?s=axeihIny0uJrIoYFceaWzRfI9phq3Nj9uB6hliJLcIKNZPFOpDMWqhDeRzL8FwGBVe3QNJJOBGDXJFQti2TrgrgfuiMwF7p3TtKOhDIdxJMItMGAMnapKau8mnLvUVMy"}],"group":"cf-nel","max_age":604800}', 'NEL': '{"success_fraction":0,"report_to":"cf-nel","max_age":604800}', 'Server': 'cloudflare', 'CF-RAY': '883867f63f4b31b5-LAX', 'alt-svc': 'h3=":443"; ma=86400'} 
 body={"results":[{"gender":"female","name":{"title":"Miss","first":"Jennifer","last":"Patterson"},"location":{"street":{"number":5133,"name":"Grange Road"},"city":"Sheffield","state":"Worcestershire","country":"United Kingdom","postcode":"Z2J 7TQ","coordinates":{"latitude":"-8.2669","longitude":"173.7467"},"timezone":{"offset":"+11:00","description":"Magadan, Solomon Islands, New Caledonia"}},"email":"jennifer.patterson@example.com","login":{"uuid":"7a0f83bf-05a2-4293-b678-b7910fbf6518","username":"orangepeacock532","password":"itsme","salt":"vOkjKpox","md5":"797440c884804531c34a5baf81e01dae","sha1":"7f9ef2800abd00ce85eec04a3f2b81a4601ab5ff","sha256":"ecc6db94a553565eadb268ade460e9546d2eeb5f448a3553e828ae5be4cb9c19"},"dob":{"date":"1979-06-06T15:43:43.195Z","age":44},"registered":{"date":"2004-02-14T02:20:56.833Z","age":20},"phone":"019467 12861","cell":"07698 256086","id":{"name":"NINO","value":"NX 71 62 86 R"},"picture":{"large":"https://randomuser.me/api/portraits/women/3.jpg","medium":"https://randomuser.me/api/portraits/med/women/3.jpg","thumbnail":"https://randomuser.me/api/portraits/thumb/women/3.jpg"},"nat":"GB"}],"info":{"seed":"df8cd6334f06615a","results":1,"page":1,"version":"1.4"}} 
 </msg>
<msg time="2024-05-14T05:14:41.094008" level="INFO">/opt/hostedtoolcache/Python/3.12.3/x64/lib/python3.12/site-packages/urllib3/connectionpool.py:1103: InsecureRequestWarning: Unverified HTTPS request is being made to host 'randomuser.me'. Adding certificate verification is strongly advised. See: https://urllib3.readthedocs.io/en/latest/advanced-usage.html#tls-warnings
  warnings.warn(</msg>
<msg time="2024-05-14T05:14:41.094157" level="INFO">${response} = &lt;Response [200]&gt;</msg>
<var>${response}</var>
<arg>consultarAPI</arg>
<arg>/api</arg>
<doc>Sends a GET request on a previously created HTTP Session.</doc>
<status status="PASS" start="2024-05-14T05:14:40.991900" elapsed="0.102302"/>
</kw>
<kw name="Set Variable" owner="BuiltIn">
<msg time="2024-05-14T05:14:41.095346" level="INFO">${json_data} = {'results': [{'gender': 'female', 'name': {'title': 'Miss', 'first': 'Jennifer', 'last': 'Patterson'}, 'location': {'street': {'number': 5133, 'name': 'Grange Road'}, 'city': 'Sheffield', 'state': 'Wo...</msg>
<var>${json_data}</var>
<arg>${response.json()}</arg>
<doc>Returns the given values which can then be assigned to a variables.</doc>
<status status="PASS" start="2024-05-14T05:14:41.094780" elapsed="0.000596"/>
</kw>
<kw name="Log" owner="BuiltIn">
<msg time="2024-05-14T05:14:41.095945" level="INFO">{'results': [{'gender': 'female', 'name': {'title': 'Miss', 'first': 'Jennifer', 'last': 'Patterson'}, 'location': {'street': {'number': 5133, 'name': 'Grange Road'}, 'city': 'Sheffield', 'state': 'Worcestershire', 'country': 'United Kingdom', 'postcode': 'Z2J 7TQ', 'coordinates': {'latitude': '-8.2669', 'longitude': '173.7467'}, 'timezone': {'offset': '+11:00', 'description': 'Magadan, Solomon Islands, New Caledonia'}}, 'email': 'jennifer.patterson@example.com', 'login': {'uuid': '7a0f83bf-05a2-4293-b678-b7910fbf6518', 'username': 'orangepeacock532', 'password': 'itsme', 'salt': 'vOkjKpox', 'md5': '797440c884804531c34a5baf81e01dae', 'sha1': '7f9ef2800abd00ce85eec04a3f2b81a4601ab5ff', 'sha256': 'ecc6db94a553565eadb268ade460e9546d2eeb5f448a3553e828ae5be4cb9c19'}, 'dob': {'date': '1979-06-06T15:43:43.195Z', 'age': 44}, 'registered': {'date': '2004-02-14T02:20:56.833Z', 'age': 20}, 'phone': '019467 12861', 'cell': '07698 256086', 'id': {'name': 'NINO', 'value': 'NX 71 62 86 R'}, 'picture': {'large': 'https://randomuser.me/api/portraits/women/3.jpg', 'medium': 'https://randomuser.me/api/portraits/med/women/3.jpg', 'thumbnail': 'https://randomuser.me/api/portraits/thumb/women/3.jpg'}, 'nat': 'GB'}], 'info': {'seed': 'df8cd6334f06615a', 'results': 1, 'page': 1, 'version': '1.4'}}</msg>
<arg>${json_data}</arg>
<doc>Logs the given message with the given level.</doc>
<status status="PASS" start="2024-05-14T05:14:41.095764" elapsed="0.000279"/>
</kw>
<kw name="Should Be String" owner="String">
<arg>${json_data['results'][0]['gender']}</arg>
<doc>Fails if the given ``item`` is not a string.</doc>
<status status="PASS" start="2024-05-14T05:14:41.096389" elapsed="0.000472"/>
</kw>
<kw name="Should Match Regexp" owner="BuiltIn">
<arg>${json_data['results'][0]['email']}</arg>
<arg>^[a-zA-Z0-9._%+-]+@[a-zA-Z0-9.-]+\.[a-zA-Z]{2,}$</arg>
<doc>Fails if ``string`` does not match ``pattern`` as a regular expression.</doc>
<status status="PASS" start="2024-05-14T05:14:41.097080" elapsed="0.000553"/>
</kw>
<kw name="Should Match Regexp" owner="BuiltIn">
<arg>${json_data['results'][0]['dob']['date']}</arg>
<arg>\\d{4}-\\d{2}-\\d{2}T\\d{2}:\\d{2}:\\d{2}\\.\\d{3}Z</arg>
<doc>Fails if ``string`` does not match ``pattern`` as a regular expression.</doc>
<status status="PASS" start="2024-05-14T05:14:41.097843" elapsed="0.000536"/>
</kw>
<kw name="Should Match Regexp" owner="BuiltIn">
<arg>${json_data['results'][0]['registered']['date']}</arg>
<arg>\\d{4}-\\d{2}-\\d{2}T\\d{2}:\\d{2}:\\d{2}\\.\\d{3}Z</arg>
<doc>Fails if ``string`` does not match ``pattern`` as a regular expression.</doc>
<status status="PASS" start="2024-05-14T05:14:41.098577" elapsed="0.000376"/>
</kw>
<kw name="Should Match Regexp" owner="BuiltIn">
<arg>${json_data['results'][0]['picture']['large']}</arg>
<arg>^https?://.*\.(?:png|jpe?g|gif|bmp)$</arg>
<doc>Fails if ``string`` does not match ``pattern`` as a regular expression.</doc>
<status status="PASS" start="2024-05-14T05:14:41.099143" elapsed="0.000466"/>
</kw>
<kw name="Should Match Regexp" owner="BuiltIn">
<arg>${json_data['results'][0]['picture']['medium']}</arg>
<arg>^https?://.*\.(?:png|jpe?g|gif|bmp)$</arg>
<doc>Fails if ``string`` does not match ``pattern`` as a regular expression.</doc>
<status status="PASS" start="2024-05-14T05:14:41.099798" elapsed="0.000364"/>
</kw>
<kw name="Should Match Regexp" owner="BuiltIn">
<arg>${json_data['results'][0]['picture']['thumbnail']}</arg>
<arg>^https?://.*\.(?:png|jpe?g|gif|bmp)$</arg>
<doc>Fails if ``string`` does not match ``pattern`` as a regular expression.</doc>
<status status="PASS" start="2024-05-14T05:14:41.100352" elapsed="0.000352"/>
</kw>
<kw name="Log" owner="BuiltIn">
<msg time="2024-05-14T05:14:41.101235" level="INFO">{'large': 'https://randomuser.me/api/portraits/women/3.jpg', 'medium': 'https://randomuser.me/api/portraits/med/women/3.jpg', 'thumbnail': 'https://randomuser.me/api/portraits/thumb/women/3.jpg'}</msg>
<arg>${json_data['results'][0]['picture']}</arg>
<doc>Logs the given message with the given level.</doc>
<status status="PASS" start="2024-05-14T05:14:41.100911" elapsed="0.000366"/>
</kw>
<status status="PASS" start="2024-05-14T05:14:40.991659" elapsed="0.109901"/>
</kw>
<kw name="Teste de Tipos de Dados - Postcode" owner="random-user-service">
<kw name="GET On Session" owner="RequestsLibrary">
<msg time="2024-05-14T05:14:41.198035" level="INFO">GET Request : url=https://randomuser.me/api 
 path_url=/api 
 headers={'User-Agent': 'python-requests/2.31.0', 'Accept-Encoding': 'gzip, deflate', 'Accept': '*/*', 'Connection': 'keep-alive'} 
 body=None 
 </msg>
<msg time="2024-05-14T05:14:41.198142" level="INFO">GET Response : url=https://randomuser.me/api 
 status=200, reason=OK 
 headers={'Date': 'Tue, 14 May 2024 05:14:41 GMT', 'Content-Type': 'application/json; charset=utf-8', 'Transfer-Encoding': 'chunked', 'Connection': 'keep-alive', 'X-Powered-By': 'Express', 'Access-Control-Allow-Origin': '*', 'Cache-Control': 'no-cache', 'ETag': 'W/"478-hH6uuaolLw7JnZR4KN8ze6vtWhA"', 'Vary': 'Accept-Encoding', 'Content-Encoding': 'gzip', 'CF-Cache-Status': 'DYNAMIC', 'Report-To': '{"endpoints":[{"url":"https:\\/\\/a.nel.cloudflare.com\\/report\\/v4?s=iAiUI8ujYcBavhqRwl3CLzypFa6AICwnU4LaDqv5ZAmlibe8js2Qo4V9hGdPRoyN9%2BmMdNQKEzN7r3QZLfBiZahzsf7ulKpTBF9Om2241mc1MS7eQnq16nQLMrnDtMn%2B"}],"group":"cf-nel","max_age":604800}', 'NEL': '{"success_fraction":0,"report_to":"cf-nel","max_age":604800}', 'Server': 'cloudflare', 'CF-RAY': '883867f6efcd31b5-LAX', 'alt-svc': 'h3=":443"; ma=86400'} 
 body={"results":[{"gender":"female","name":{"title":"Mrs","first":"Ava","last":"Johnson"},"location":{"street":{"number":2342,"name":"Tuam Street"},"city":"Dunedin","state":"Auckland","country":"New Zealand","postcode":56256,"coordinates":{"latitude":"49.2213","longitude":"73.0784"},"timezone":{"offset":"+6:00","description":"Almaty, Dhaka, Colombo"}},"email":"ava.johnson@example.com","login":{"uuid":"257c3e20-87e4-4fe2-913b-da072cba6881","username":"sadsnake698","password":"cody","salt":"B4p85ige","md5":"71fc41ca6bd8fe5c56ab2dda98f26e92","sha1":"caec87d4b25f1d78079474c4f8113f0bb3912eea","sha256":"d756ab05c438439e6674483ae03dce04a4965f262e6a1ac0343c8bc6cecf6f34"},"dob":{"date":"1945-09-02T01:06:20.879Z","age":78},"registered":{"date":"2011-02-12T11:11:29.882Z","age":13},"phone":"(776)-455-0751","cell":"(172)-569-1154","id":{"name":"","value":null},"picture":{"large":"https://randomuser.me/api/portraits/women/16.jpg","medium":"https://randomuser.me/api/portraits/med/women/16.jpg","thumbnail":"https://randomuser.me/api/portraits/thumb/women/16.jpg"},"nat":"NZ"}],"info":{"seed":"767aebbe6c633099","results":1,"page":1,"version":"1.4"}} 
 </msg>
<msg time="2024-05-14T05:14:41.198214" level="INFO">/opt/hostedtoolcache/Python/3.12.3/x64/lib/python3.12/site-packages/urllib3/connectionpool.py:1103: InsecureRequestWarning: Unverified HTTPS request is being made to host 'randomuser.me'. Adding certificate verification is strongly advised. See: https://urllib3.readthedocs.io/en/latest/advanced-usage.html#tls-warnings
  warnings.warn(</msg>
<msg time="2024-05-14T05:14:41.198342" level="INFO">${response} = &lt;Response [200]&gt;</msg>
<var>${response}</var>
<arg>consultarAPI</arg>
<arg>/api</arg>
<doc>Sends a GET request on a previously created HTTP Session.</doc>
<status status="PASS" start="2024-05-14T05:14:41.102043" elapsed="0.096328"/>
</kw>
<kw name="Set Variable" owner="BuiltIn">
<msg time="2024-05-14T05:14:41.199442" level="INFO">${json_data} = {'results': [{'gender': 'female', 'name': {'title': 'Mrs', 'first': 'Ava', 'last': 'Johnson'}, 'location': {'street': {'number': 2342, 'name': 'Tuam Street'}, 'city': 'Dunedin', 'state': 'Auckland', '...</msg>
<var>${json_data}</var>
<arg>${response.json()}</arg>
<doc>Returns the given values which can then be assigned to a variables.</doc>
<status status="PASS" start="2024-05-14T05:14:41.198925" elapsed="0.000545"/>
</kw>
<kw name="Log" owner="BuiltIn">
<msg time="2024-05-14T05:14:41.199928" level="INFO">{'results': [{'gender': 'female', 'name': {'title': 'Mrs', 'first': 'Ava', 'last': 'Johnson'}, 'location': {'street': {'number': 2342, 'name': 'Tuam Street'}, 'city': 'Dunedin', 'state': 'Auckland', 'country': 'New Zealand', 'postcode': 56256, 'coordinates': {'latitude': '49.2213', 'longitude': '73.0784'}, 'timezone': {'offset': '+6:00', 'description': 'Almaty, Dhaka, Colombo'}}, 'email': 'ava.johnson@example.com', 'login': {'uuid': '257c3e20-87e4-4fe2-913b-da072cba6881', 'username': 'sadsnake698', 'password': 'cody', 'salt': 'B4p85ige', 'md5': '71fc41ca6bd8fe5c56ab2dda98f26e92', 'sha1': 'caec87d4b25f1d78079474c4f8113f0bb3912eea', 'sha256': 'd756ab05c438439e6674483ae03dce04a4965f262e6a1ac0343c8bc6cecf6f34'}, 'dob': {'date': '1945-09-02T01:06:20.879Z', 'age': 78}, 'registered': {'date': '2011-02-12T11:11:29.882Z', 'age': 13}, 'phone': '(776)-455-0751', 'cell': '(172)-569-1154', 'id': {'name': '', 'value': None}, 'picture': {'large': 'https://randomuser.me/api/portraits/women/16.jpg', 'medium': 'https://randomuser.me/api/portraits/med/women/16.jpg', 'thumbnail': 'https://randomuser.me/api/portraits/thumb/women/16.jpg'}, 'nat': 'NZ'}], 'info': {'seed': '767aebbe6c633099', 'results': 1, 'page': 1, 'version': '1.4'}}</msg>
<arg>${json_data}</arg>
<doc>Logs the given message with the given level.</doc>
<status status="PASS" start="2024-05-14T05:14:41.199775" elapsed="0.000235"/>
</kw>
<kw name="Should Be Equal As Numbers" owner="BuiltIn">
<arg>${json_data['results'][0]['location']['postcode']}</arg>
<arg>${json_data['results'][0]['location']['postcode']}</arg>
<doc>Fails if objects are unequal after converting them to real numbers.</doc>
<status status="PASS" start="2024-05-14T05:14:41.200310" elapsed="0.000862"/>
</kw>
<kw name="Log" owner="BuiltIn">
<msg time="2024-05-14T05:14:41.201710" level="INFO">56256</msg>
<arg>${json_data['results'][0]['location']['postcode']}</arg>
<doc>Logs the given message with the given level.</doc>
<status status="PASS" start="2024-05-14T05:14:41.201371" elapsed="0.000378"/>
</kw>
<status status="PASS" start="2024-05-14T05:14:41.101797" elapsed="0.100211"/>
</kw>
<doc>Testa se os tipos de dados na resposta da API estão corretos.</doc>
<tag>testeTiposDados</tag>
<status status="PASS" start="2024-05-14T05:14:40.991136" elapsed="0.211040"/>
</test>
<test id="s1-s1-t5" name="Validar conteudo" line="35">
<kw name="Teste de Tipos de Conteudo" owner="random-user-service">
<kw name="GET On Session" owner="RequestsLibrary">
<msg time="2024-05-14T05:14:41.297524" level="INFO">GET Request : url=https://randomuser.me/api 
 path_url=/api 
 headers={'User-Agent': 'python-requests/2.31.0', 'Accept-Encoding': 'gzip, deflate', 'Accept': '*/*', 'Connection': 'keep-alive'} 
 body=None 
 </msg>
<msg time="2024-05-14T05:14:41.297642" level="INFO">GET Response : url=https://randomuser.me/api 
 status=200, reason=OK 
 headers={'Date': 'Tue, 14 May 2024 05:14:41 GMT', 'Content-Type': 'application/json; charset=utf-8', 'Transfer-Encoding': 'chunked', 'Connection': 'keep-alive', 'X-Powered-By': 'Express', 'Access-Control-Allow-Origin': '*', 'Cache-Control': 'no-cache', 'ETag': 'W/"486-Yj5aOKnjki5y55vGeZjXrnb1W1M"', 'Vary': 'Accept-Encoding', 'Content-Encoding': 'gzip', 'CF-Cache-Status': 'DYNAMIC', 'Report-To': '{"endpoints":[{"url":"https:\\/\\/a.nel.cloudflare.com\\/report\\/v4?s=utlw6MygfFpG%2FiMLwBXZ3GbsHbaxBvskfOmqvRvNmd9yEiq1BWaPJeGsDU9vFNSZOY7hpLPEpY%2BI7yZy%2FZnrxPpnzOFZVX3PayZzgBTv9omm6TFWPQ%2Bf1NEaG9ou6hWe"}],"group":"cf-nel","max_age":604800}', 'NEL': '{"success_fraction":0,"report_to":"cf-nel","max_age":604800}', 'Server': 'cloudflare', 'CF-RAY': '883867f7885b31b5-LAX', 'alt-svc': 'h3=":443"; ma=86400'} 
 body={"results":[{"gender":"male","name":{"title":"Mr","first":"Soncedar","last":"Delkevich"},"location":{"street":{"number":6551,"name":"Minina"},"city":"Gorodishche","state":"Donecka","country":"Ukraine","postcode":13902,"coordinates":{"latitude":"76.4255","longitude":"-146.4869"},"timezone":{"offset":"-1:00","description":"Azores, Cape Verde Islands"}},"email":"soncedar.delkevich@example.com","login":{"uuid":"d46a9320-cc57-4d75-9193-29f87619b1ba","username":"organicelephant268","password":"alibaba","salt":"UUwBZEuv","md5":"d97cffeffd89d247d545e10551db573b","sha1":"404cc880f1984032c5e3d55c3e0aa2163c514a2b","sha256":"99a63c6b131c4e09ea03f86258c5d68fb1b4ab52310369ed85aaffcbed01083f"},"dob":{"date":"1978-09-14T01:19:15.104Z","age":45},"registered":{"date":"2021-07-27T02:19:42.692Z","age":2},"phone":"(096) L06-7076","cell":"(066) F80-8503","id":{"name":"","value":null},"picture":{"large":"https://randomuser.me/api/portraits/men/50.jpg","medium":"https://randomuser.me/api/portraits/med/men/50.jpg","thumbnail":"https://randomuser.me/api/portraits/thumb/men/50.jpg"},"nat":"UA"}],"info":{"seed":"5b4154c64e72489c","results":1,"page":1,"version":"1.4"}} 
 </msg>
<msg time="2024-05-14T05:14:41.297727" level="INFO">/opt/hostedtoolcache/Python/3.12.3/x64/lib/python3.12/site-packages/urllib3/connectionpool.py:1103: InsecureRequestWarning: Unverified HTTPS request is being made to host 'randomuser.me'. Adding certificate verification is strongly advised. See: https://urllib3.readthedocs.io/en/latest/advanced-usage.html#tls-warnings
  warnings.warn(</msg>
<msg time="2024-05-14T05:14:41.297868" level="INFO">${response} = &lt;Response [200]&gt;</msg>
<var>${response}</var>
<arg>consultarAPI</arg>
<arg>/api</arg>
<doc>Sends a GET request on a previously created HTTP Session.</doc>
<status status="PASS" start="2024-05-14T05:14:41.204625" elapsed="0.093276"/>
</kw>
<kw name="Set Variable" owner="BuiltIn">
<msg time="2024-05-14T05:14:41.299000" level="INFO">${json_data} = {'results': [{'gender': 'male', 'name': {'title': 'Mr', 'first': 'Soncedar', 'last': 'Delkevich'}, 'location': {'street': {'number': 6551, 'name': 'Minina'}, 'city': 'Gorodishche', 'state': 'Donecka',...</msg>
<var>${json_data}</var>
<arg>${response.json()}</arg>
<doc>Returns the given values which can then be assigned to a variables.</doc>
<status status="PASS" start="2024-05-14T05:14:41.298469" elapsed="0.000560"/>
</kw>
<kw name="Set Variable" owner="BuiltIn">
<msg time="2024-05-14T05:14:41.299739" level="INFO">${name_title} = Mr</msg>
<var>${name_title}</var>
<arg>${json_data["results"][0]["name"]["title"]}</arg>
<doc>Returns the given values which can then be assigned to a variables.</doc>
<status status="PASS" start="2024-05-14T05:14:41.299339" elapsed="0.000426"/>
</kw>
<kw name="Create List" owner="BuiltIn">
<msg time="2024-05-14T05:14:41.300215" level="INFO">${allowed_titles} = ['Mr', 'Ms', 'Miss', 'Mrs', 'Madame', 'Monsieur']</msg>
<var>${allowed_titles}</var>
<arg>Mr</arg>
<arg>Ms</arg>
<arg>Miss</arg>
<arg>Mrs</arg>
<arg>Madame</arg>
<arg>Monsieur</arg>
<doc>Returns a list containing given items.</doc>
<status status="PASS" start="2024-05-14T05:14:41.300065" elapsed="0.000174"/>
</kw>
<kw name="List Should Contain Value" owner="Collections">
<msg time="2024-05-14T05:14:41.300751" level="INFO">False</msg>
<arg>${allowed_titles}</arg>
<arg>${name_title}</arg>
<doc>Fails if the ``value`` is not found from ``list``.</doc>
<status status="PASS" start="2024-05-14T05:14:41.300537" elapsed="0.000259"/>
</kw>
<kw name="Set Variable" owner="BuiltIn">
<msg time="2024-05-14T05:14:41.301483" level="INFO">${name_country} = UA</msg>
<var>${name_country}</var>
<arg>${json_data["results"][0]["nat"]}</arg>
<doc>Returns the given values which can then be assigned to a variables.</doc>
<status status="PASS" start="2024-05-14T05:14:41.301103" elapsed="0.000405"/>
</kw>
<kw name="Create List" owner="BuiltIn">
<msg time="2024-05-14T05:14:41.302404" level="INFO">${list_country} = ['AD', 'AE', 'AF', 'AG', 'AI', 'AL', 'AM', 'AO', 'AQ', 'AR', 'AS', 'AT', 'AU', 'AW', 'AX', 'AZ', 'BA', 'BB', 'BD', 'BE', 'BF', 'BG', 'BH', 'BI', 'BJ', 'BL', 'BM', 'BN', 'BO', 'BQ', 'BR', 'BS', 'BT', '...</msg>
<var>${list_country}</var>
<arg>AD</arg>
<arg>AE</arg>
<arg>AF</arg>
<arg>AG</arg>
<arg>AI</arg>
<arg>AL</arg>
<arg>AM</arg>
<arg>AO</arg>
<arg>AQ</arg>
<arg>AR</arg>
<arg>AS</arg>
<arg>AT</arg>
<arg>AU</arg>
<arg>AW</arg>
<arg>AX</arg>
<arg>AZ</arg>
<arg>BA</arg>
<arg>BB</arg>
<arg>BD</arg>
<arg>BE</arg>
<arg>BF</arg>
<arg>BG</arg>
<arg>BH</arg>
<arg>BI</arg>
<arg>BJ</arg>
<arg>BL</arg>
<arg>BM</arg>
<arg>BN</arg>
<arg>BO</arg>
<arg>BQ</arg>
<arg>BR</arg>
<arg>BS</arg>
<arg>BT</arg>
<arg>BV</arg>
<arg>BW</arg>
<arg>BY</arg>
<arg>BZ</arg>
<arg>CA</arg>
<arg>CC</arg>
<arg>CD</arg>
<arg>CF</arg>
<arg>CG</arg>
<arg>CH</arg>
<arg>CI</arg>
<arg>CK</arg>
<arg>CL</arg>
<arg>CM</arg>
<arg>CN</arg>
<arg>CO</arg>
<arg>CR</arg>
<arg>CU</arg>
<arg>CV</arg>
<arg>CW</arg>
<arg>CX</arg>
<arg>CY</arg>
<arg>CZ</arg>
<arg>DE</arg>
<arg>DJ</arg>
<arg>DK</arg>
<arg>DM</arg>
<arg>DO</arg>
<arg>DZ</arg>
<arg>EC</arg>
<arg>EE</arg>
<arg>EG</arg>
<arg>EH</arg>
<arg>ER</arg>
<arg>ES</arg>
<arg>ET</arg>
<arg>FI</arg>
<arg>FJ</arg>
<arg>FK</arg>
<arg>FM</arg>
<arg>FO</arg>
<arg>FR</arg>
<arg>GA</arg>
<arg>GB</arg>
<arg>GD</arg>
<arg>GE</arg>
<arg>GF</arg>
<arg>GG</arg>
<arg>GH</arg>
<arg>GI</arg>
<arg>GL</arg>
<arg>GM</arg>
<arg>GN</arg>
<arg>GP</arg>
<arg>GQ</arg>
<arg>GR</arg>
<arg>GS</arg>
<arg>GT</arg>
<arg>GU</arg>
<arg>GW</arg>
<arg>GY</arg>
<arg>HK</arg>
<arg>HM</arg>
<arg>HN</arg>
<arg>HR</arg>
<arg>HT</arg>
<arg>HU</arg>
<arg>ID</arg>
<arg>IE</arg>
<arg>IL</arg>
<arg>IM</arg>
<arg>IN</arg>
<arg>IO</arg>
<arg>IQ</arg>
<arg>IR</arg>
<arg>IS</arg>
<arg>IT</arg>
<arg>JE</arg>
<arg>JM</arg>
<arg>JO</arg>
<arg>JP</arg>
<arg>KE</arg>
<arg>KG</arg>
<arg>KH</arg>
<arg>KI</arg>
<arg>KM</arg>
<arg>KN</arg>
<arg>KP</arg>
<arg>KR</arg>
<arg>KW</arg>
<arg>KY</arg>
<arg>KZ</arg>
<arg>LA</arg>
<arg>LB</arg>
<arg>LC</arg>
<arg>LI</arg>
<arg>LK</arg>
<arg>LR</arg>
<arg>LS</arg>
<arg>LT</arg>
<arg>LU</arg>
<arg>LV</arg>
<arg>LY</arg>
<arg>MA</arg>
<arg>MC</arg>
<arg>MD</arg>
<arg>ME</arg>
<arg>MF</arg>
<arg>MG</arg>
<arg>MH</arg>
<arg>MK</arg>
<arg>ML</arg>
<arg>MM</arg>
<arg>MN</arg>
<arg>MO</arg>
<arg>MP</arg>
<arg>MQ</arg>
<arg>MR</arg>
<arg>MS</arg>
<arg>MT</arg>
<arg>MU</arg>
<arg>MV</arg>
<arg>MW</arg>
<arg>MX</arg>
<arg>MY</arg>
<arg>MZ</arg>
<arg>NA</arg>
<arg>NC</arg>
<arg>NE</arg>
<arg>NF</arg>
<arg>NG</arg>
<arg>NI</arg>
<arg>NL</arg>
<arg>NO</arg>
<arg>NP</arg>
<arg>NR</arg>
<arg>NU</arg>
<arg>NZ</arg>
<arg>OM</arg>
<arg>PA</arg>
<arg>PE</arg>
<arg>PF</arg>
<arg>PG</arg>
<arg>PH</arg>
<arg>PK</arg>
<arg>PL</arg>
<arg>PM</arg>
<arg>PN</arg>
<arg>PR</arg>
<arg>PS</arg>
<arg>PT</arg>
<arg>PW</arg>
<arg>PY</arg>
<arg>QA</arg>
<arg>RE</arg>
<arg>RO</arg>
<arg>RS</arg>
<arg>RU</arg>
<arg>RW</arg>
<arg>SA</arg>
<arg>SB</arg>
<arg>SC</arg>
<arg>SD</arg>
<arg>SE</arg>
<arg>SG</arg>
<arg>SH</arg>
<arg>SI</arg>
<arg>SJ</arg>
<arg>SK</arg>
<arg>SL</arg>
<arg>SM</arg>
<arg>SN</arg>
<arg>SO</arg>
<arg>SR</arg>
<arg>SS</arg>
<arg>ST</arg>
<arg>SV</arg>
<arg>SX</arg>
<arg>SY</arg>
<arg>SZ</arg>
<arg>TC</arg>
<arg>TD</arg>
<arg>TF</arg>
<arg>TG</arg>
<arg>TH</arg>
<arg>TJ</arg>
<arg>TK</arg>
<arg>TL</arg>
<arg>TM</arg>
<arg>TN</arg>
<arg>TO</arg>
<arg>TR</arg>
<arg>TT</arg>
<arg>TV</arg>
<arg>TW</arg>
<arg>TZ</arg>
<arg>UA</arg>
<arg>UG</arg>
<arg>UM</arg>
<arg>US</arg>
<arg>UY</arg>
<arg>UZ</arg>
<arg>VA</arg>
<arg>VC</arg>
<arg>VE</arg>
<arg>VG</arg>
<arg>VI</arg>
<arg>VN</arg>
<arg>VU</arg>
<arg>WF</arg>
<arg>WS</arg>
<arg>XK</arg>
<arg>YE</arg>
<arg>YT</arg>
<arg>ZA</arg>
<arg>ZM</arg>
<arg>ZW</arg>
<doc>Returns a list containing given items.</doc>
<status status="PASS" start="2024-05-14T05:14:41.301809" elapsed="0.000621"/>
</kw>
<kw name="List Should Contain Value" owner="Collections">
<msg time="2024-05-14T05:14:41.303440" level="INFO">False</msg>
<arg>${list_country}</arg>
<arg>${name_country}</arg>
<doc>Fails if the ``value`` is not found from ``list``.</doc>
<status status="PASS" start="2024-05-14T05:14:41.303236" elapsed="0.000241"/>
</kw>
<kw name="Run Keyword If" owner="BuiltIn">
<kw name="Should Be True" owner="BuiltIn">
<arg>${True}</arg>
<doc>Fails if the given condition is not true.</doc>
<status status="PASS" start="2024-05-14T05:14:41.304554" elapsed="0.000143"/>
</kw>
<arg>${json_data["results"][0]["location"]["coordinates"]["latitude"]} &gt;= -90 and ${json_data["results"][0]["location"]["coordinates"]["latitude"]} &lt;= 90</arg>
<arg>Should Be True</arg>
<arg>${True}</arg>
<doc>Runs the given keyword with the given arguments, if ``condition`` is true.</doc>
<status status="PASS" start="2024-05-14T05:14:41.303787" elapsed="0.001065"/>
</kw>
<kw name="Run Keyword If" owner="BuiltIn">
<kw name="Should Be True" owner="BuiltIn">
<arg>${True}</arg>
<doc>Fails if the given condition is not true.</doc>
<status status="PASS" start="2024-05-14T05:14:41.305737" elapsed="0.000270"/>
</kw>
<arg>${json_data["results"][0]["location"]["coordinates"]["longitude"]} &gt;= -180 and ${json_data["results"][0]["location"]["coordinates"]["longitude"]} &lt;= 180</arg>
<arg>Should Be True</arg>
<arg>${True}</arg>
<doc>Runs the given keyword with the given arguments, if ``condition`` is true.</doc>
<status status="PASS" start="2024-05-14T05:14:41.305040" elapsed="0.001090"/>
</kw>
<status status="PASS" start="2024-05-14T05:14:41.204399" elapsed="0.101866"/>
</kw>
<doc>Testa o conteúdo específico dos campos retornados pela API.</doc>
<tag>testeConteudo</tag>
<status status="PASS" start="2024-05-14T05:14:41.203932" elapsed="0.102486"/>
</test>
<status status="PASS" start="2024-05-14T05:14:40.363815" elapsed="0.944588"/>
</suite>
<status status="PASS" start="2024-05-14T05:14:40.349646" elapsed="0.963952"/>
</suite>
<statistics>
<total>
<stat pass="5" fail="0" skip="0">All Tests</stat>
</total>
<tag>
<stat pass="1" fail="0" skip="0">testeConteudo</stat>
<stat pass="1" fail="0" skip="0">testeEstruturaResposta</stat>
<stat pass="1" fail="0" skip="0">testeRequisicaoBasica</stat>
<stat pass="1" fail="0" skip="0">testeTiposDados</stat>
</tag>
<suite>
<stat pass="5" fail="0" skip="0" id="s1" name="Tests">Tests</stat>
<stat pass="5" fail="0" skip="0" id="s1-s1" name="Random-User-Test">Tests.Random-User-Test</stat>
</suite>
</statistics>
<errors>
</errors>
</robot>
