<?xml version="1.0" encoding="UTF-8"?>
<robot generator="Robot 7.0 (Python 3.12.2 on linux)" generated="2024-04-05T00:59:44.272643" rpa="false" schemaversion="5">
<suite id="s1" name="Tests" source="/home/runner/work/DesafioQAItauRogerioJordao/DesafioQAItauRogerioJordao/RamdonUser/tests">
<suite id="s1-s1" name="Random-User-Test" source="/home/runner/work/DesafioQAItauRogerioJordao/DesafioQAItauRogerioJordao/RamdonUser/tests/random-user-test.robot">
<test id="s1-s1-t1" name="Conectar" line="13">
<kw name="Conectar API" owner="random-user-service">
<kw name="Create Session" owner="RequestsLibrary">
<msg time="2024-04-05T00:59:44.676268" level="INFO">Creating Session using : alias=consultarAPI, url=https://randomuser.me/, headers={},                     cookies={}, auth=None, timeout=None, proxies=None, verify=False,                     debug=0 </msg>
<arg>consultarAPI</arg>
<arg>${URL}</arg>
<doc>Create Session: create a HTTP session to a server</doc>
<status status="PASS" start="2024-04-05T00:59:44.675978" elapsed="0.000488"/>
</kw>
<status status="PASS" start="2024-04-05T00:59:44.674850" elapsed="0.002004"/>
</kw>
<status status="PASS" start="2024-04-05T00:59:44.674267" elapsed="0.002794"/>
</test>
<test id="s1-s1-t2" name="Validar retorno 200 e JSON Válido" line="16">
<kw name="Teste de Requisicao Basica" owner="random-user-service">
<kw name="GET On Session" owner="RequestsLibrary">
<msg time="2024-04-05T00:59:44.769657" level="INFO">GET Request : url=https://randomuser.me/api 
 path_url=/api 
 headers={'User-Agent': 'python-requests/2.31.0', 'Accept-Encoding': 'gzip, deflate', 'Accept': '*/*', 'Connection': 'keep-alive'} 
 body=None 
 </msg>
<msg time="2024-04-05T00:59:44.769828" level="INFO">GET Response : url=https://randomuser.me/api 
 status=200, reason=OK 
 headers={'Date': 'Fri, 05 Apr 2024 00:59:44 GMT', 'Content-Type': 'application/json; charset=utf-8', 'Transfer-Encoding': 'chunked', 'Connection': 'keep-alive', 'X-Powered-By': 'Express', 'Access-Control-Allow-Origin': '*', 'Cache-Control': 'no-cache', 'ETag': 'W/"47a-Aqa7gUUZ82fVrbxnm553OirarNg"', 'Vary': 'Accept-Encoding', 'Content-Encoding': 'gzip', 'CF-Cache-Status': 'DYNAMIC', 'Report-To': '{"endpoints":[{"url":"https:\\/\\/a.nel.cloudflare.com\\/report\\/v4?s=2eDh8Ba0ztYLCK5T3PUVmP4dEE1BnUJznZloHvB40dIVTKHKEF8xlmss9pmlkoJBrUwhyxQYNFluOlGsYRvuLFRREPAR5kaQ5tcTuBrc5ARrJWKymg4IweE8gWDip64G"}],"group":"cf-nel","max_age":604800}', 'NEL': '{"success_fraction":0,"report_to":"cf-nel","max_age":604800}', 'Server': 'cloudflare', 'CF-RAY': '86f598e48fdf0285-ORD', 'alt-svc': 'h3=":443"; ma=86400'} 
 body={"results":[{"gender":"male","name":{"title":"Mr","first":"Enrique","last":"Ibáñez"},"location":{"street":{"number":6422,"name":"Calle de Segovia"},"city":"La Coruña","state":"Cataluña","country":"Spain","postcode":90265,"coordinates":{"latitude":"-31.0253","longitude":"-27.9533"},"timezone":{"offset":"-2:00","description":"Mid-Atlantic"}},"email":"enrique.ibanez@example.com","login":{"uuid":"466a966e-0e1f-4988-a4a8-6396a89604be","username":"redleopard445","password":"dianne","salt":"a6d8LHFk","md5":"4af389f70e96bdee5723e4f5bb2464ad","sha1":"649253e5adf54bdf197c538199acedbbdcdf768e","sha256":"e4d4a5cf7fd1fd0283be593ba65c478adb1cd7cafc6ce00317eb1d52945824b9"},"dob":{"date":"1957-06-04T19:40:16.069Z","age":66},"registered":{"date":"2014-06-02T08:03:43.017Z","age":9},"phone":"965-540-379","cell":"617-721-257","id":{"name":"DNI","value":"75868296-N"},"picture":{"large":"https://randomuser.me/api/portraits/men/41.jpg","medium":"https://randomuser.me/api/portraits/med/men/41.jpg","thumbnail":"https://randomuser.me/api/portraits/thumb/men/41.jpg"},"nat":"ES"}],"info":{"seed":"691b17335d2747da","results":1,"page":1,"version":"1.4"}} 
 </msg>
<msg time="2024-04-05T00:59:44.769946" level="INFO">/opt/hostedtoolcache/Python/3.12.2/x64/lib/python3.12/site-packages/urllib3/connectionpool.py:1103: InsecureRequestWarning: Unverified HTTPS request is being made to host 'randomuser.me'. Adding certificate verification is strongly advised. See: https://urllib3.readthedocs.io/en/latest/advanced-usage.html#tls-warnings
  warnings.warn(</msg>
<msg time="2024-04-05T00:59:44.770113" level="INFO">${response} = &lt;Response [200]&gt;</msg>
<var>${response}</var>
<arg>consultarAPI</arg>
<arg>/api</arg>
<doc>Sends a GET request on a previously created HTTP Session.</doc>
<status status="PASS" start="2024-04-05T00:59:44.679682" elapsed="0.090474"/>
</kw>
<kw name="Should Be Equal As Numbers" owner="BuiltIn">
<msg time="2024-04-05T00:59:44.771342" level="INFO">Argument types are:
&lt;class 'int'&gt;
&lt;class 'str'&gt;</msg>
<arg>${response.status_code}</arg>
<arg>200</arg>
<doc>Fails if objects are unequal after converting them to real numbers.</doc>
<status status="PASS" start="2024-04-05T00:59:44.770858" elapsed="0.000552"/>
</kw>
<kw name="Log" owner="BuiltIn">
<msg time="2024-04-05T00:59:44.772141" level="INFO">200</msg>
<arg>${response.status_code}</arg>
<doc>Logs the given message with the given level.</doc>
<status status="PASS" start="2024-04-05T00:59:44.771745" elapsed="0.000444"/>
</kw>
<kw name="Set Variable" owner="BuiltIn">
<msg time="2024-04-05T00:59:44.772998" level="INFO">${json_data} = {'results': [{'gender': 'male', 'name': {'title': 'Mr', 'first': 'Enrique', 'last': 'Ibáñez'}, 'location': {'street': {'number': 6422, 'name': 'Calle de Segovia'}, 'city': 'La Coruña', 'state': 'Catal...</msg>
<var>${json_data}</var>
<arg>${response.json()}</arg>
<doc>Returns the given values which can then be assigned to a variables.</doc>
<status status="PASS" start="2024-04-05T00:59:44.772537" elapsed="0.000490"/>
</kw>
<kw name="Dictionary Should Contain Key" owner="Collections">
<msg time="2024-04-05T00:59:44.773507" level="INFO">False</msg>
<arg>${json_data}</arg>
<arg>results</arg>
<doc>Fails if ``key`` is not found from ``dictionary``.</doc>
<status status="PASS" start="2024-04-05T00:59:44.773333" elapsed="0.000216"/>
</kw>
<status status="PASS" start="2024-04-05T00:59:44.679384" elapsed="0.094441"/>
</kw>
<doc>Testa se a API responde corretamente e retorna um objeto JSON válido.</doc>
<tag>testeRequisicaoBasica</tag>
<status status="PASS" start="2024-04-05T00:59:44.678907" elapsed="0.095109"/>
</test>
<test id="s1-s1-t3" name="Validar estrutura de resposta" line="22">
<kw name="Teste de Estrutura de Resposta" owner="random-user-service">
<kw name="GET On Session" owner="RequestsLibrary">
<msg time="2024-04-05T00:59:44.870227" level="INFO">GET Request : url=https://randomuser.me/api 
 path_url=/api 
 headers={'User-Agent': 'python-requests/2.31.0', 'Accept-Encoding': 'gzip, deflate', 'Accept': '*/*', 'Connection': 'keep-alive'} 
 body=None 
 </msg>
<msg time="2024-04-05T00:59:44.870333" level="INFO">GET Response : url=https://randomuser.me/api 
 status=200, reason=OK 
 headers={'Date': 'Fri, 05 Apr 2024 00:59:44 GMT', 'Content-Type': 'application/json; charset=utf-8', 'Transfer-Encoding': 'chunked', 'Connection': 'keep-alive', 'X-Powered-By': 'Express', 'Access-Control-Allow-Origin': '*', 'Cache-Control': 'no-cache', 'ETag': 'W/"4a0-4rnJvQhSayXz23VRlt+1CP4FT8c"', 'Vary': 'Accept-Encoding', 'Content-Encoding': 'gzip', 'CF-Cache-Status': 'DYNAMIC', 'Report-To': '{"endpoints":[{"url":"https:\\/\\/a.nel.cloudflare.com\\/report\\/v4?s=J3%2BtSw4jfEaub%2Bw%2FjRtW%2BjM3%2FNIfv7VUsobsuk9XwD56vbBDDkDGgUa%2FZFo%2F9UlfGoKxQVLhiSeWTquX9ugTgw3TJflfP2Eas4wC3muxpfSZbqOdN65%2B4cWuZSZu99vb"}],"group":"cf-nel","max_age":604800}', 'NEL': '{"success_fraction":0,"report_to":"cf-nel","max_age":604800}', 'Server': 'cloudflare', 'CF-RAY': '86f598e4d85e0285-ORD', 'alt-svc': 'h3=":443"; ma=86400'} 
 body={"results":[{"gender":"male","name":{"title":"Mr","first":"Giulio","last":"Kamermans"},"location":{"street":{"number":4900,"name":"J.A. van Bumaweg"},"city":"Burdaard","state":"Utrecht","country":"Netherlands","postcode":"0301 BF","coordinates":{"latitude":"35.4212","longitude":"-153.1665"},"timezone":{"offset":"+3:00","description":"Baghdad, Riyadh, Moscow, St. Petersburg"}},"email":"giulio.kamermans@example.com","login":{"uuid":"5587c2db-c62e-4560-b358-2c4b082a7d73","username":"goldenlion225","password":"chevy1","salt":"WAk7wycR","md5":"feef62f11819bd70833d5ebe59ff1a3c","sha1":"f39102b5043bcf1e86f2ba2b6820a00462045e75","sha256":"f9e9b4df643ea3aa875bc9c1a1fabf3985a23ba25d63d27f99975b4bf9f895b5"},"dob":{"date":"1990-06-14T10:33:22.819Z","age":33},"registered":{"date":"2007-06-26T08:12:08.797Z","age":16},"phone":"(005) 1648422","cell":"(06) 42589331","id":{"name":"BSN","value":"22561841"},"picture":{"large":"https://randomuser.me/api/portraits/men/74.jpg","medium":"https://randomuser.me/api/portraits/med/men/74.jpg","thumbnail":"https://randomuser.me/api/portraits/thumb/men/74.jpg"},"nat":"NL"}],"info":{"seed":"cbb318dca131c634","results":1,"page":1,"version":"1.4"}} 
 </msg>
<msg time="2024-04-05T00:59:44.870487" level="INFO">/opt/hostedtoolcache/Python/3.12.2/x64/lib/python3.12/site-packages/urllib3/connectionpool.py:1103: InsecureRequestWarning: Unverified HTTPS request is being made to host 'randomuser.me'. Adding certificate verification is strongly advised. See: https://urllib3.readthedocs.io/en/latest/advanced-usage.html#tls-warnings
  warnings.warn(</msg>
<msg time="2024-04-05T00:59:44.870634" level="INFO">${response} = &lt;Response [200]&gt;</msg>
<var>${response}</var>
<arg>consultarAPI</arg>
<arg>/api</arg>
<doc>Sends a GET request on a previously created HTTP Session.</doc>
<status status="PASS" start="2024-04-05T00:59:44.777019" elapsed="0.093656"/>
</kw>
<kw name="Set Variable" owner="BuiltIn">
<msg time="2024-04-05T00:59:44.871908" level="INFO">${json_data} = {'results': [{'gender': 'male', 'name': {'title': 'Mr', 'first': 'Giulio', 'last': 'Kamermans'}, 'location': {'street': {'number': 4900, 'name': 'J.A. van Bumaweg'}, 'city': 'Burdaard', 'state': 'Utre...</msg>
<var>${json_data}</var>
<arg>${response.json()}</arg>
<doc>Returns the given values which can then be assigned to a variables.</doc>
<status status="PASS" start="2024-04-05T00:59:44.871325" elapsed="0.000612"/>
</kw>
<kw name="Log" owner="BuiltIn">
<msg time="2024-04-05T00:59:44.872490" level="INFO">{'results': [{'gender': 'male', 'name': {'title': 'Mr', 'first': 'Giulio', 'last': 'Kamermans'}, 'location': {'street': {'number': 4900, 'name': 'J.A. van Bumaweg'}, 'city': 'Burdaard', 'state': 'Utrecht', 'country': 'Netherlands', 'postcode': '0301 BF', 'coordinates': {'latitude': '35.4212', 'longitude': '-153.1665'}, 'timezone': {'offset': '+3:00', 'description': 'Baghdad, Riyadh, Moscow, St. Petersburg'}}, 'email': 'giulio.kamermans@example.com', 'login': {'uuid': '5587c2db-c62e-4560-b358-2c4b082a7d73', 'username': 'goldenlion225', 'password': 'chevy1', 'salt': 'WAk7wycR', 'md5': 'feef62f11819bd70833d5ebe59ff1a3c', 'sha1': 'f39102b5043bcf1e86f2ba2b6820a00462045e75', 'sha256': 'f9e9b4df643ea3aa875bc9c1a1fabf3985a23ba25d63d27f99975b4bf9f895b5'}, 'dob': {'date': '1990-06-14T10:33:22.819Z', 'age': 33}, 'registered': {'date': '2007-06-26T08:12:08.797Z', 'age': 16}, 'phone': '(005) 1648422', 'cell': '(06) 42589331', 'id': {'name': 'BSN', 'value': '22561841'}, 'picture': {'large': 'https://randomuser.me/api/portraits/men/74.jpg', 'medium': 'https://randomuser.me/api/portraits/med/men/74.jpg', 'thumbnail': 'https://randomuser.me/api/portraits/thumb/men/74.jpg'}, 'nat': 'NL'}], 'info': {'seed': 'cbb318dca131c634', 'results': 1, 'page': 1, 'version': '1.4'}}</msg>
<arg>${json_data}</arg>
<doc>Logs the given message with the given level.</doc>
<status status="PASS" start="2024-04-05T00:59:44.872312" elapsed="0.000227"/>
</kw>
<kw name="Dictionary Should Contain Key" owner="Collections">
<msg time="2024-04-05T00:59:44.873010" level="INFO">False</msg>
<arg>${json_data}</arg>
<arg>results</arg>
<doc>Fails if ``key`` is not found from ``dictionary``.</doc>
<status status="PASS" start="2024-04-05T00:59:44.872842" elapsed="0.000207"/>
</kw>
<kw name="Should Not Be Empty" owner="BuiltIn">
<msg time="2024-04-05T00:59:44.873481" level="INFO">Length is 2.</msg>
<arg>${json_data}</arg>
<doc>Verifies that the given item is not empty.</doc>
<status status="PASS" start="2024-04-05T00:59:44.873346" elapsed="0.000174"/>
</kw>
<kw name="Create List" owner="BuiltIn">
<msg time="2024-04-05T00:59:44.873964" level="INFO">${expected_keys} = ['gender', 'name', 'location', 'email', 'login']</msg>
<var>${expected_keys}</var>
<arg>gender</arg>
<arg>name</arg>
<arg>location</arg>
<arg>email</arg>
<arg>login</arg>
<doc>Returns a list containing given items.</doc>
<status status="PASS" start="2024-04-05T00:59:44.873815" elapsed="0.000174"/>
</kw>
<for flavor="IN">
<iter>
<kw name="Dictionary Should Contain Key" owner="Collections">
<msg time="2024-04-05T00:59:44.875009" level="INFO">False</msg>
<arg>${json_data['results'][0]}</arg>
<arg>${key}</arg>
<doc>Fails if ``key`` is not found from ``dictionary``.</doc>
<status status="PASS" start="2024-04-05T00:59:44.874590" elapsed="0.000459"/>
</kw>
<kw name="Log" owner="BuiltIn">
<msg time="2024-04-05T00:59:44.875733" level="INFO">{'gender': 'male', 'name': {'title': 'Mr', 'first': 'Giulio', 'last': 'Kamermans'}, 'location': {'street': {'number': 4900, 'name': 'J.A. van Bumaweg'}, 'city': 'Burdaard', 'state': 'Utrecht', 'country': 'Netherlands', 'postcode': '0301 BF', 'coordinates': {'latitude': '35.4212', 'longitude': '-153.1665'}, 'timezone': {'offset': '+3:00', 'description': 'Baghdad, Riyadh, Moscow, St. Petersburg'}}, 'email': 'giulio.kamermans@example.com', 'login': {'uuid': '5587c2db-c62e-4560-b358-2c4b082a7d73', 'username': 'goldenlion225', 'password': 'chevy1', 'salt': 'WAk7wycR', 'md5': 'feef62f11819bd70833d5ebe59ff1a3c', 'sha1': 'f39102b5043bcf1e86f2ba2b6820a00462045e75', 'sha256': 'f9e9b4df643ea3aa875bc9c1a1fabf3985a23ba25d63d27f99975b4bf9f895b5'}, 'dob': {'date': '1990-06-14T10:33:22.819Z', 'age': 33}, 'registered': {'date': '2007-06-26T08:12:08.797Z', 'age': 16}, 'phone': '(005) 1648422', 'cell': '(06) 42589331', 'id': {'name': 'BSN', 'value': '22561841'}, 'picture': {'large': 'https://randomuser.me/api/portraits/men/74.jpg', 'medium': 'https://randomuser.me/api/portraits/med/men/74.jpg', 'thumbnail': 'https://randomuser.me/api/portraits/thumb/men/74.jpg'}, 'nat': 'NL'}</msg>
<arg>${json_data['results'][0]}</arg>
<doc>Logs the given message with the given level.</doc>
<status status="PASS" start="2024-04-05T00:59:44.875363" elapsed="0.000426"/>
</kw>
<kw name="Log" owner="BuiltIn">
<msg time="2024-04-05T00:59:44.876262" level="INFO">gender</msg>
<arg>${key}</arg>
<doc>Logs the given message with the given level.</doc>
<status status="PASS" start="2024-04-05T00:59:44.876123" elapsed="0.000179"/>
</kw>
<var name="${key}">gender</var>
<status status="PASS" start="2024-04-05T00:59:44.874462" elapsed="0.002079"/>
</iter>
<iter>
<kw name="Dictionary Should Contain Key" owner="Collections">
<msg time="2024-04-05T00:59:44.877234" level="INFO">False</msg>
<arg>${json_data['results'][0]}</arg>
<arg>${key}</arg>
<doc>Fails if ``key`` is not found from ``dictionary``.</doc>
<status status="PASS" start="2024-04-05T00:59:44.876852" elapsed="0.000420"/>
</kw>
<kw name="Log" owner="BuiltIn">
<msg time="2024-04-05T00:59:44.877987" level="INFO">{'gender': 'male', 'name': {'title': 'Mr', 'first': 'Giulio', 'last': 'Kamermans'}, 'location': {'street': {'number': 4900, 'name': 'J.A. van Bumaweg'}, 'city': 'Burdaard', 'state': 'Utrecht', 'country': 'Netherlands', 'postcode': '0301 BF', 'coordinates': {'latitude': '35.4212', 'longitude': '-153.1665'}, 'timezone': {'offset': '+3:00', 'description': 'Baghdad, Riyadh, Moscow, St. Petersburg'}}, 'email': 'giulio.kamermans@example.com', 'login': {'uuid': '5587c2db-c62e-4560-b358-2c4b082a7d73', 'username': 'goldenlion225', 'password': 'chevy1', 'salt': 'WAk7wycR', 'md5': 'feef62f11819bd70833d5ebe59ff1a3c', 'sha1': 'f39102b5043bcf1e86f2ba2b6820a00462045e75', 'sha256': 'f9e9b4df643ea3aa875bc9c1a1fabf3985a23ba25d63d27f99975b4bf9f895b5'}, 'dob': {'date': '1990-06-14T10:33:22.819Z', 'age': 33}, 'registered': {'date': '2007-06-26T08:12:08.797Z', 'age': 16}, 'phone': '(005) 1648422', 'cell': '(06) 42589331', 'id': {'name': 'BSN', 'value': '22561841'}, 'picture': {'large': 'https://randomuser.me/api/portraits/men/74.jpg', 'medium': 'https://randomuser.me/api/portraits/med/men/74.jpg', 'thumbnail': 'https://randomuser.me/api/portraits/thumb/men/74.jpg'}, 'nat': 'NL'}</msg>
<arg>${json_data['results'][0]}</arg>
<doc>Logs the given message with the given level.</doc>
<status status="PASS" start="2024-04-05T00:59:44.877617" elapsed="0.000419"/>
</kw>
<kw name="Log" owner="BuiltIn">
<msg time="2024-04-05T00:59:44.878476" level="INFO">name</msg>
<arg>${key}</arg>
<doc>Logs the given message with the given level.</doc>
<status status="PASS" start="2024-04-05T00:59:44.878343" elapsed="0.000172"/>
</kw>
<var name="${key}">name</var>
<status status="PASS" start="2024-04-05T00:59:44.876734" elapsed="0.002010"/>
</iter>
<iter>
<kw name="Dictionary Should Contain Key" owner="Collections">
<msg time="2024-04-05T00:59:44.879422" level="INFO">False</msg>
<arg>${json_data['results'][0]}</arg>
<arg>${key}</arg>
<doc>Fails if ``key`` is not found from ``dictionary``.</doc>
<status status="PASS" start="2024-04-05T00:59:44.879038" elapsed="0.000423"/>
</kw>
<kw name="Log" owner="BuiltIn">
<msg time="2024-04-05T00:59:44.880175" level="INFO">{'gender': 'male', 'name': {'title': 'Mr', 'first': 'Giulio', 'last': 'Kamermans'}, 'location': {'street': {'number': 4900, 'name': 'J.A. van Bumaweg'}, 'city': 'Burdaard', 'state': 'Utrecht', 'country': 'Netherlands', 'postcode': '0301 BF', 'coordinates': {'latitude': '35.4212', 'longitude': '-153.1665'}, 'timezone': {'offset': '+3:00', 'description': 'Baghdad, Riyadh, Moscow, St. Petersburg'}}, 'email': 'giulio.kamermans@example.com', 'login': {'uuid': '5587c2db-c62e-4560-b358-2c4b082a7d73', 'username': 'goldenlion225', 'password': 'chevy1', 'salt': 'WAk7wycR', 'md5': 'feef62f11819bd70833d5ebe59ff1a3c', 'sha1': 'f39102b5043bcf1e86f2ba2b6820a00462045e75', 'sha256': 'f9e9b4df643ea3aa875bc9c1a1fabf3985a23ba25d63d27f99975b4bf9f895b5'}, 'dob': {'date': '1990-06-14T10:33:22.819Z', 'age': 33}, 'registered': {'date': '2007-06-26T08:12:08.797Z', 'age': 16}, 'phone': '(005) 1648422', 'cell': '(06) 42589331', 'id': {'name': 'BSN', 'value': '22561841'}, 'picture': {'large': 'https://randomuser.me/api/portraits/men/74.jpg', 'medium': 'https://randomuser.me/api/portraits/med/men/74.jpg', 'thumbnail': 'https://randomuser.me/api/portraits/thumb/men/74.jpg'}, 'nat': 'NL'}</msg>
<arg>${json_data['results'][0]}</arg>
<doc>Logs the given message with the given level.</doc>
<status status="PASS" start="2024-04-05T00:59:44.879778" elapsed="0.000452"/>
</kw>
<kw name="Log" owner="BuiltIn">
<msg time="2024-04-05T00:59:44.880659" level="INFO">location</msg>
<arg>${key}</arg>
<doc>Logs the given message with the given level.</doc>
<status status="PASS" start="2024-04-05T00:59:44.880529" elapsed="0.000168"/>
</kw>
<var name="${key}">location</var>
<status status="PASS" start="2024-04-05T00:59:44.878926" elapsed="0.002022"/>
</iter>
<iter>
<kw name="Dictionary Should Contain Key" owner="Collections">
<msg time="2024-04-05T00:59:44.881621" level="INFO">False</msg>
<arg>${json_data['results'][0]}</arg>
<arg>${key}</arg>
<doc>Fails if ``key`` is not found from ``dictionary``.</doc>
<status status="PASS" start="2024-04-05T00:59:44.881239" elapsed="0.000420"/>
</kw>
<kw name="Log" owner="BuiltIn">
<msg time="2024-04-05T00:59:44.882330" level="INFO">{'gender': 'male', 'name': {'title': 'Mr', 'first': 'Giulio', 'last': 'Kamermans'}, 'location': {'street': {'number': 4900, 'name': 'J.A. van Bumaweg'}, 'city': 'Burdaard', 'state': 'Utrecht', 'country': 'Netherlands', 'postcode': '0301 BF', 'coordinates': {'latitude': '35.4212', 'longitude': '-153.1665'}, 'timezone': {'offset': '+3:00', 'description': 'Baghdad, Riyadh, Moscow, St. Petersburg'}}, 'email': 'giulio.kamermans@example.com', 'login': {'uuid': '5587c2db-c62e-4560-b358-2c4b082a7d73', 'username': 'goldenlion225', 'password': 'chevy1', 'salt': 'WAk7wycR', 'md5': 'feef62f11819bd70833d5ebe59ff1a3c', 'sha1': 'f39102b5043bcf1e86f2ba2b6820a00462045e75', 'sha256': 'f9e9b4df643ea3aa875bc9c1a1fabf3985a23ba25d63d27f99975b4bf9f895b5'}, 'dob': {'date': '1990-06-14T10:33:22.819Z', 'age': 33}, 'registered': {'date': '2007-06-26T08:12:08.797Z', 'age': 16}, 'phone': '(005) 1648422', 'cell': '(06) 42589331', 'id': {'name': 'BSN', 'value': '22561841'}, 'picture': {'large': 'https://randomuser.me/api/portraits/men/74.jpg', 'medium': 'https://randomuser.me/api/portraits/med/men/74.jpg', 'thumbnail': 'https://randomuser.me/api/portraits/thumb/men/74.jpg'}, 'nat': 'NL'}</msg>
<arg>${json_data['results'][0]}</arg>
<doc>Logs the given message with the given level.</doc>
<status status="PASS" start="2024-04-05T00:59:44.881971" elapsed="0.000408"/>
</kw>
<kw name="Log" owner="BuiltIn">
<msg time="2024-04-05T00:59:44.882811" level="INFO">email</msg>
<arg>${key}</arg>
<doc>Logs the given message with the given level.</doc>
<status status="PASS" start="2024-04-05T00:59:44.882682" elapsed="0.000167"/>
</kw>
<var name="${key}">email</var>
<status status="PASS" start="2024-04-05T00:59:44.881126" elapsed="0.001938"/>
</iter>
<iter>
<kw name="Dictionary Should Contain Key" owner="Collections">
<msg time="2024-04-05T00:59:44.883752" level="INFO">False</msg>
<arg>${json_data['results'][0]}</arg>
<arg>${key}</arg>
<doc>Fails if ``key`` is not found from ``dictionary``.</doc>
<status status="PASS" start="2024-04-05T00:59:44.883372" elapsed="0.000418"/>
</kw>
<kw name="Log" owner="BuiltIn">
<msg time="2024-04-05T00:59:44.884488" level="INFO">{'gender': 'male', 'name': {'title': 'Mr', 'first': 'Giulio', 'last': 'Kamermans'}, 'location': {'street': {'number': 4900, 'name': 'J.A. van Bumaweg'}, 'city': 'Burdaard', 'state': 'Utrecht', 'country': 'Netherlands', 'postcode': '0301 BF', 'coordinates': {'latitude': '35.4212', 'longitude': '-153.1665'}, 'timezone': {'offset': '+3:00', 'description': 'Baghdad, Riyadh, Moscow, St. Petersburg'}}, 'email': 'giulio.kamermans@example.com', 'login': {'uuid': '5587c2db-c62e-4560-b358-2c4b082a7d73', 'username': 'goldenlion225', 'password': 'chevy1', 'salt': 'WAk7wycR', 'md5': 'feef62f11819bd70833d5ebe59ff1a3c', 'sha1': 'f39102b5043bcf1e86f2ba2b6820a00462045e75', 'sha256': 'f9e9b4df643ea3aa875bc9c1a1fabf3985a23ba25d63d27f99975b4bf9f895b5'}, 'dob': {'date': '1990-06-14T10:33:22.819Z', 'age': 33}, 'registered': {'date': '2007-06-26T08:12:08.797Z', 'age': 16}, 'phone': '(005) 1648422', 'cell': '(06) 42589331', 'id': {'name': 'BSN', 'value': '22561841'}, 'picture': {'large': 'https://randomuser.me/api/portraits/men/74.jpg', 'medium': 'https://randomuser.me/api/portraits/med/men/74.jpg', 'thumbnail': 'https://randomuser.me/api/portraits/thumb/men/74.jpg'}, 'nat': 'NL'}</msg>
<arg>${json_data['results'][0]}</arg>
<doc>Logs the given message with the given level.</doc>
<status status="PASS" start="2024-04-05T00:59:44.884086" elapsed="0.000450"/>
</kw>
<kw name="Log" owner="BuiltIn">
<msg time="2024-04-05T00:59:44.884958" level="INFO">login</msg>
<arg>${key}</arg>
<doc>Logs the given message with the given level.</doc>
<status status="PASS" start="2024-04-05T00:59:44.884830" elapsed="0.000280"/>
</kw>
<var name="${key}">login</var>
<status status="PASS" start="2024-04-05T00:59:44.883254" elapsed="0.002148"/>
</iter>
<var>${key}</var>
<value>@{expected_keys}</value>
<status status="PASS" start="2024-04-05T00:59:44.874255" elapsed="0.011274"/>
</for>
<kw name="Create List" owner="BuiltIn">
<msg time="2024-04-05T00:59:44.885868" level="INFO">${expected_keysTwo} = ['username', 'password']</msg>
<var>${expected_keysTwo}</var>
<arg>username</arg>
<arg>password</arg>
<doc>Returns a list containing given items.</doc>
<status status="PASS" start="2024-04-05T00:59:44.885730" elapsed="0.000162"/>
</kw>
<for flavor="IN">
<iter>
<kw name="Dictionary Should Contain Key" owner="Collections">
<msg time="2024-04-05T00:59:44.886788" level="INFO">False</msg>
<arg>${json_data['results'][0]['login']}</arg>
<arg>${keyTwo}</arg>
<doc>Fails if ``key`` is not found from ``dictionary``.</doc>
<status status="PASS" start="2024-04-05T00:59:44.886407" elapsed="0.000419"/>
</kw>
<kw name="Dictionary Should Contain Key" owner="Collections">
<msg time="2024-04-05T00:59:44.887515" level="INFO">False</msg>
<arg>${json_data['results'][0]['login']}</arg>
<arg>${keyTwo}</arg>
<doc>Fails if ``key`` is not found from ``dictionary``.</doc>
<status status="PASS" start="2024-04-05T00:59:44.887122" elapsed="0.000455"/>
</kw>
<kw name="Log" owner="BuiltIn">
<msg time="2024-04-05T00:59:44.888010" level="INFO">username</msg>
<arg>${keyTwo}</arg>
<doc>Logs the given message with the given level.</doc>
<status status="PASS" start="2024-04-05T00:59:44.887884" elapsed="0.000164"/>
</kw>
<var name="${keyTwo}">username</var>
<status status="PASS" start="2024-04-05T00:59:44.886296" elapsed="0.002010"/>
</iter>
<iter>
<kw name="Dictionary Should Contain Key" owner="Collections">
<msg time="2024-04-05T00:59:44.888970" level="INFO">False</msg>
<arg>${json_data['results'][0]['login']}</arg>
<arg>${keyTwo}</arg>
<doc>Fails if ``key`` is not found from ``dictionary``.</doc>
<status status="PASS" start="2024-04-05T00:59:44.888592" elapsed="0.000416"/>
</kw>
<kw name="Dictionary Should Contain Key" owner="Collections">
<msg time="2024-04-05T00:59:44.889688" level="INFO">False</msg>
<arg>${json_data['results'][0]['login']}</arg>
<arg>${keyTwo}</arg>
<doc>Fails if ``key`` is not found from ``dictionary``.</doc>
<status status="PASS" start="2024-04-05T00:59:44.889304" elapsed="0.000421"/>
</kw>
<kw name="Log" owner="BuiltIn">
<msg time="2024-04-05T00:59:44.890158" level="INFO">password</msg>
<arg>${keyTwo}</arg>
<doc>Logs the given message with the given level.</doc>
<status status="PASS" start="2024-04-05T00:59:44.890030" elapsed="0.000166"/>
</kw>
<var name="${keyTwo}">password</var>
<status status="PASS" start="2024-04-05T00:59:44.888481" elapsed="0.001935"/>
</iter>
<var>${keyTwo}</var>
<value>@{expected_keysTwo}</value>
<status status="PASS" start="2024-04-05T00:59:44.886133" elapsed="0.004405"/>
</for>
<status status="PASS" start="2024-04-05T00:59:44.776752" elapsed="0.113931"/>
</kw>
<doc>Testa a estrutura da resposta da API.</doc>
<tag>testeEstruturaResposta</tag>
<status status="PASS" start="2024-04-05T00:59:44.775923" elapsed="0.114929"/>
</test>
<test id="s1-s1-t4" name="Validar tipos de dados" line="28">
<kw name="Teste de Tipos de Dados" owner="random-user-service">
<kw name="GET On Session" owner="RequestsLibrary">
<msg time="2024-04-05T00:59:44.971356" level="INFO">GET Request : url=https://randomuser.me/api 
 path_url=/api 
 headers={'User-Agent': 'python-requests/2.31.0', 'Accept-Encoding': 'gzip, deflate', 'Accept': '*/*', 'Connection': 'keep-alive'} 
 body=None 
 </msg>
<msg time="2024-04-05T00:59:44.971493" level="INFO">GET Response : url=https://randomuser.me/api 
 status=200, reason=OK 
 headers={'Date': 'Fri, 05 Apr 2024 00:59:44 GMT', 'Content-Type': 'application/json; charset=utf-8', 'Transfer-Encoding': 'chunked', 'Connection': 'keep-alive', 'X-Powered-By': 'Express', 'Access-Control-Allow-Origin': '*', 'Cache-Control': 'no-cache', 'ETag': 'W/"47d-GqE9uNfpM/cLFLF+vO+xb3tTfbo"', 'Vary': 'Accept-Encoding', 'Content-Encoding': 'gzip', 'CF-Cache-Status': 'DYNAMIC', 'Report-To': '{"endpoints":[{"url":"https:\\/\\/a.nel.cloudflare.com\\/report\\/v4?s=RqP3MWvBgVBEjFZf%2BFaZ2bSV7PeQNqe6%2FOXveMJMqor2skvfBG5weW%2B2zl03%2FcDvI30A8dWorG84DXTwGINwIlvKjhF0bhXOaVsCmaS187v%2F8MAjsiLyNywYfGj1ZsqV"}],"group":"cf-nel","max_age":604800}', 'NEL': '{"success_fraction":0,"report_to":"cf-nel","max_age":604800}', 'Server': 'cloudflare', 'CF-RAY': '86f598e599820285-ORD', 'alt-svc': 'h3=":443"; ma=86400'} 
 body={"results":[{"gender":"female","name":{"title":"Mrs","first":"Camille","last":"Macdonald"},"location":{"street":{"number":9586,"name":"Duke St"},"city":"Inverness","state":"Yukon","country":"Canada","postcode":"A1T 0S4","coordinates":{"latitude":"-64.9510","longitude":"8.8131"},"timezone":{"offset":"-10:00","description":"Hawaii"}},"email":"camille.macdonald@example.com","login":{"uuid":"4981f67f-6b11-4a11-8c1d-c8dc56b8010d","username":"ticklishpeacock603","password":"beanie","salt":"UgfQgesW","md5":"6a9e0c7f790a135821f5e2e5b855a5a6","sha1":"1a4ce40e98dc59b966ffcd4320a8d148d5013c93","sha256":"09558f865125d8c93132af5d2a2a1001155c037696a30a9c2dde7fcefc9f67eb"},"dob":{"date":"1991-11-15T12:26:51.911Z","age":32},"registered":{"date":"2018-07-26T08:59:38.811Z","age":5},"phone":"K75 A00-8038","cell":"L13 P69-2272","id":{"name":"SIN","value":"556306751"},"picture":{"large":"https://randomuser.me/api/portraits/women/36.jpg","medium":"https://randomuser.me/api/portraits/med/women/36.jpg","thumbnail":"https://randomuser.me/api/portraits/thumb/women/36.jpg"},"nat":"CA"}],"info":{"seed":"30c7ed3ba8048fad","results":1,"page":1,"version":"1.4"}} 
 </msg>
<msg time="2024-04-05T00:59:44.971597" level="INFO">/opt/hostedtoolcache/Python/3.12.2/x64/lib/python3.12/site-packages/urllib3/connectionpool.py:1103: InsecureRequestWarning: Unverified HTTPS request is being made to host 'randomuser.me'. Adding certificate verification is strongly advised. See: https://urllib3.readthedocs.io/en/latest/advanced-usage.html#tls-warnings
  warnings.warn(</msg>
<msg time="2024-04-05T00:59:44.971778" level="INFO">${response} = &lt;Response [200]&gt;</msg>
<var>${response}</var>
<arg>consultarAPI</arg>
<arg>/api</arg>
<doc>Sends a GET request on a previously created HTTP Session.</doc>
<status status="PASS" start="2024-04-05T00:59:44.893496" elapsed="0.078338"/>
</kw>
<kw name="Set Variable" owner="BuiltIn">
<msg time="2024-04-05T00:59:44.973421" level="INFO">${json_data} = {'results': [{'gender': 'female', 'name': {'title': 'Mrs', 'first': 'Camille', 'last': 'Macdonald'}, 'location': {'street': {'number': 9586, 'name': 'Duke St'}, 'city': 'Inverness', 'state': 'Yukon', ...</msg>
<var>${json_data}</var>
<arg>${response.json()}</arg>
<doc>Returns the given values which can then be assigned to a variables.</doc>
<status status="PASS" start="2024-04-05T00:59:44.972633" elapsed="0.000838"/>
</kw>
<kw name="Log" owner="BuiltIn">
<msg time="2024-04-05T00:59:44.974222" level="INFO">{'results': [{'gender': 'female', 'name': {'title': 'Mrs', 'first': 'Camille', 'last': 'Macdonald'}, 'location': {'street': {'number': 9586, 'name': 'Duke St'}, 'city': 'Inverness', 'state': 'Yukon', 'country': 'Canada', 'postcode': 'A1T 0S4', 'coordinates': {'latitude': '-64.9510', 'longitude': '8.8131'}, 'timezone': {'offset': '-10:00', 'description': 'Hawaii'}}, 'email': 'camille.macdonald@example.com', 'login': {'uuid': '4981f67f-6b11-4a11-8c1d-c8dc56b8010d', 'username': 'ticklishpeacock603', 'password': 'beanie', 'salt': 'UgfQgesW', 'md5': '6a9e0c7f790a135821f5e2e5b855a5a6', 'sha1': '1a4ce40e98dc59b966ffcd4320a8d148d5013c93', 'sha256': '09558f865125d8c93132af5d2a2a1001155c037696a30a9c2dde7fcefc9f67eb'}, 'dob': {'date': '1991-11-15T12:26:51.911Z', 'age': 32}, 'registered': {'date': '2018-07-26T08:59:38.811Z', 'age': 5}, 'phone': 'K75 A00-8038', 'cell': 'L13 P69-2272', 'id': {'name': 'SIN', 'value': '556306751'}, 'picture': {'large': 'https://randomuser.me/api/portraits/women/36.jpg', 'medium': 'https://randomuser.me/api/portraits/med/women/36.jpg', 'thumbnail': 'https://randomuser.me/api/portraits/thumb/women/36.jpg'}, 'nat': 'CA'}], 'info': {'seed': '30c7ed3ba8048fad', 'results': 1, 'page': 1, 'version': '1.4'}}</msg>
<arg>${json_data}</arg>
<doc>Logs the given message with the given level.</doc>
<status status="PASS" start="2024-04-05T00:59:44.973983" elapsed="0.000382"/>
</kw>
<kw name="Should Be String" owner="String">
<arg>${json_data['results'][0]['gender']}</arg>
<doc>Fails if the given ``item`` is not a string.</doc>
<status status="PASS" start="2024-04-05T00:59:44.974902" elapsed="0.000605"/>
</kw>
<kw name="Should Match Regexp" owner="BuiltIn">
<arg>${json_data['results'][0]['email']}</arg>
<arg>^[a-zA-Z0-9._%+-]+@[a-zA-Z0-9.-]+\.[a-zA-Z]{2,}$</arg>
<doc>Fails if ``string`` does not match ``pattern`` as a regular expression.</doc>
<status status="PASS" start="2024-04-05T00:59:44.975848" elapsed="0.000934"/>
</kw>
<kw name="Should Match Regexp" owner="BuiltIn">
<arg>${json_data['results'][0]['dob']['date']}</arg>
<arg>\\d{4}-\\d{2}-\\d{2}T\\d{2}:\\d{2}:\\d{2}\\.\\d{3}Z</arg>
<doc>Fails if ``string`` does not match ``pattern`` as a regular expression.</doc>
<status status="PASS" start="2024-04-05T00:59:44.977137" elapsed="0.000775"/>
</kw>
<kw name="Should Match Regexp" owner="BuiltIn">
<arg>${json_data['results'][0]['registered']['date']}</arg>
<arg>\\d{4}-\\d{2}-\\d{2}T\\d{2}:\\d{2}:\\d{2}\\.\\d{3}Z</arg>
<doc>Fails if ``string`` does not match ``pattern`` as a regular expression.</doc>
<status status="PASS" start="2024-04-05T00:59:44.978254" elapsed="0.000625"/>
</kw>
<kw name="Should Match Regexp" owner="BuiltIn">
<arg>${json_data['results'][0]['picture']['large']}</arg>
<arg>^https?://.*\.(?:png|jpe?g|gif|bmp)$</arg>
<doc>Fails if ``string`` does not match ``pattern`` as a regular expression.</doc>
<status status="PASS" start="2024-04-05T00:59:44.979242" elapsed="0.000772"/>
</kw>
<kw name="Should Match Regexp" owner="BuiltIn">
<arg>${json_data['results'][0]['picture']['medium']}</arg>
<arg>^https?://.*\.(?:png|jpe?g|gif|bmp)$</arg>
<doc>Fails if ``string`` does not match ``pattern`` as a regular expression.</doc>
<status status="PASS" start="2024-04-05T00:59:44.980390" elapsed="0.000595"/>
</kw>
<kw name="Should Match Regexp" owner="BuiltIn">
<arg>${json_data['results'][0]['picture']['thumbnail']}</arg>
<arg>^https?://.*\.(?:png|jpe?g|gif|bmp)$</arg>
<doc>Fails if ``string`` does not match ``pattern`` as a regular expression.</doc>
<status status="PASS" start="2024-04-05T00:59:44.981317" elapsed="0.000655"/>
</kw>
<kw name="Log" owner="BuiltIn">
<msg time="2024-04-05T00:59:44.982832" level="INFO">{'large': 'https://randomuser.me/api/portraits/women/36.jpg', 'medium': 'https://randomuser.me/api/portraits/med/women/36.jpg', 'thumbnail': 'https://randomuser.me/api/portraits/thumb/women/36.jpg'}</msg>
<arg>${json_data['results'][0]['picture']}</arg>
<doc>Logs the given message with the given level.</doc>
<status status="PASS" start="2024-04-05T00:59:44.982285" elapsed="0.000630"/>
</kw>
<status status="PASS" start="2024-04-05T00:59:44.893263" elapsed="0.090083"/>
</kw>
<kw name="Teste de Tipos de Dados - Postcode" owner="random-user-service">
<kw name="GET On Session" owner="RequestsLibrary">
<msg time="2024-04-05T00:59:45.071315" level="INFO">GET Request : url=https://randomuser.me/api 
 path_url=/api 
 headers={'User-Agent': 'python-requests/2.31.0', 'Accept-Encoding': 'gzip, deflate', 'Accept': '*/*', 'Connection': 'keep-alive'} 
 body=None 
 </msg>
<msg time="2024-04-05T00:59:45.071435" level="INFO">GET Response : url=https://randomuser.me/api 
 status=200, reason=OK 
 headers={'Date': 'Fri, 05 Apr 2024 00:59:45 GMT', 'Content-Type': 'application/json; charset=utf-8', 'Transfer-Encoding': 'chunked', 'Connection': 'keep-alive', 'X-Powered-By': 'Express', 'Access-Control-Allow-Origin': '*', 'Cache-Control': 'no-cache', 'ETag': 'W/"478-VLBNDYXEpyOniaHtlfMdjRVWoS0"', 'Vary': 'Accept-Encoding', 'Content-Encoding': 'gzip', 'CF-Cache-Status': 'DYNAMIC', 'Report-To': '{"endpoints":[{"url":"https:\\/\\/a.nel.cloudflare.com\\/report\\/v4?s=N6YcHJXpr03NDSNe9GHa2u8AHRpwacyTZgttZ%2FBadGGTUFHvAPs3e0DbaOLRPihrZaJjliq5LDSJvjVMkhaJgIEDnciAEqMSicGuIC6q%2B8Ciww4BzG%2BIsRF3TNeNFH63"}],"group":"cf-nel","max_age":604800}', 'NEL': '{"success_fraction":0,"report_to":"cf-nel","max_age":604800}', 'Server': 'cloudflare', 'CF-RAY': '86f598e62a4a0285-ORD', 'alt-svc': 'h3=":443"; ma=86400'} 
 body={"results":[{"gender":"female","name":{"title":"Mrs","first":"Erin","last":"Fitzsimmons"},"location":{"street":{"number":1872,"name":"Station Road"},"city":"Maynooth","state":"Cork City","country":"Ireland","postcode":11949,"coordinates":{"latitude":"1.1720","longitude":"53.1190"},"timezone":{"offset":"+3:30","description":"Tehran"}},"email":"erin.fitzsimmons@example.com","login":{"uuid":"54592c92-0f00-4338-aa32-a678424b2851","username":"blackmouse450","password":"clint","salt":"9aapoIPN","md5":"423135d76faa399a866b588c3e928cb3","sha1":"5e7b28b3064343318ce286f463644ec91eb22f26","sha256":"374f58d6a119f2056b21fe44652a80b976410c4ea06dff07207099ce6be5ee09"},"dob":{"date":"1970-03-21T15:04:01.307Z","age":54},"registered":{"date":"2012-12-27T14:39:43.630Z","age":11},"phone":"021-261-5309","cell":"081-215-5701","id":{"name":"PPS","value":"5056401T"},"picture":{"large":"https://randomuser.me/api/portraits/women/27.jpg","medium":"https://randomuser.me/api/portraits/med/women/27.jpg","thumbnail":"https://randomuser.me/api/portraits/thumb/women/27.jpg"},"nat":"IE"}],"info":{"seed":"99313a540371d8f2","results":1,"page":1,"version":"1.4"}} 
 </msg>
<msg time="2024-04-05T00:59:45.071539" level="INFO">/opt/hostedtoolcache/Python/3.12.2/x64/lib/python3.12/site-packages/urllib3/connectionpool.py:1103: InsecureRequestWarning: Unverified HTTPS request is being made to host 'randomuser.me'. Adding certificate verification is strongly advised. See: https://urllib3.readthedocs.io/en/latest/advanced-usage.html#tls-warnings
  warnings.warn(</msg>
<msg time="2024-04-05T00:59:45.071675" level="INFO">${response} = &lt;Response [200]&gt;</msg>
<var>${response}</var>
<arg>consultarAPI</arg>
<arg>/api</arg>
<doc>Sends a GET request on a previously created HTTP Session.</doc>
<status status="PASS" start="2024-04-05T00:59:44.984411" elapsed="0.087306"/>
</kw>
<kw name="Set Variable" owner="BuiltIn">
<msg time="2024-04-05T00:59:45.073011" level="INFO">${json_data} = {'results': [{'gender': 'female', 'name': {'title': 'Mrs', 'first': 'Erin', 'last': 'Fitzsimmons'}, 'location': {'street': {'number': 1872, 'name': 'Station Road'}, 'city': 'Maynooth', 'state': 'Cork ...</msg>
<var>${json_data}</var>
<arg>${response.json()}</arg>
<doc>Returns the given values which can then be assigned to a variables.</doc>
<status status="PASS" start="2024-04-05T00:59:45.072436" elapsed="0.000604"/>
</kw>
<kw name="Log" owner="BuiltIn">
<msg time="2024-04-05T00:59:45.073527" level="INFO">{'results': [{'gender': 'female', 'name': {'title': 'Mrs', 'first': 'Erin', 'last': 'Fitzsimmons'}, 'location': {'street': {'number': 1872, 'name': 'Station Road'}, 'city': 'Maynooth', 'state': 'Cork City', 'country': 'Ireland', 'postcode': 11949, 'coordinates': {'latitude': '1.1720', 'longitude': '53.1190'}, 'timezone': {'offset': '+3:30', 'description': 'Tehran'}}, 'email': 'erin.fitzsimmons@example.com', 'login': {'uuid': '54592c92-0f00-4338-aa32-a678424b2851', 'username': 'blackmouse450', 'password': 'clint', 'salt': '9aapoIPN', 'md5': '423135d76faa399a866b588c3e928cb3', 'sha1': '5e7b28b3064343318ce286f463644ec91eb22f26', 'sha256': '374f58d6a119f2056b21fe44652a80b976410c4ea06dff07207099ce6be5ee09'}, 'dob': {'date': '1970-03-21T15:04:01.307Z', 'age': 54}, 'registered': {'date': '2012-12-27T14:39:43.630Z', 'age': 11}, 'phone': '021-261-5309', 'cell': '081-215-5701', 'id': {'name': 'PPS', 'value': '5056401T'}, 'picture': {'large': 'https://randomuser.me/api/portraits/women/27.jpg', 'medium': 'https://randomuser.me/api/portraits/med/women/27.jpg', 'thumbnail': 'https://randomuser.me/api/portraits/thumb/women/27.jpg'}, 'nat': 'IE'}], 'info': {'seed': '99313a540371d8f2', 'results': 1, 'page': 1, 'version': '1.4'}}</msg>
<arg>${json_data}</arg>
<doc>Logs the given message with the given level.</doc>
<status status="PASS" start="2024-04-05T00:59:45.073363" elapsed="0.000257"/>
</kw>
<kw name="Should Be Equal As Numbers" owner="BuiltIn">
<arg>${json_data['results'][0]['location']['postcode']}</arg>
<arg>${json_data['results'][0]['location']['postcode']}</arg>
<doc>Fails if objects are unequal after converting them to real numbers.</doc>
<status status="PASS" start="2024-04-05T00:59:45.073934" elapsed="0.000661"/>
</kw>
<kw name="Log" owner="BuiltIn">
<msg time="2024-04-05T00:59:45.075162" level="INFO">11949</msg>
<arg>${json_data['results'][0]['location']['postcode']}</arg>
<doc>Logs the given message with the given level.</doc>
<status status="PASS" start="2024-04-05T00:59:45.074797" elapsed="0.000409"/>
</kw>
<status status="PASS" start="2024-04-05T00:59:44.983739" elapsed="0.091747"/>
</kw>
<doc>Testa se os tipos de dados na resposta da API estão corretos.</doc>
<tag>testeTiposDados</tag>
<status status="PASS" start="2024-04-05T00:59:44.892677" elapsed="0.182991"/>
</test>
<test id="s1-s1-t5" name="Validar conteudo" line="35">
<kw name="Teste de Tipos de Conteudo" owner="random-user-service">
<kw name="GET On Session" owner="RequestsLibrary">
<msg time="2024-04-05T00:59:45.174263" level="INFO">GET Request : url=https://randomuser.me/api 
 path_url=/api 
 headers={'User-Agent': 'python-requests/2.31.0', 'Accept-Encoding': 'gzip, deflate', 'Accept': '*/*', 'Connection': 'keep-alive'} 
 body=None 
 </msg>
<msg time="2024-04-05T00:59:45.174378" level="INFO">GET Response : url=https://randomuser.me/api 
 status=200, reason=OK 
 headers={'Date': 'Fri, 05 Apr 2024 00:59:45 GMT', 'Content-Type': 'application/json; charset=utf-8', 'Transfer-Encoding': 'chunked', 'Connection': 'keep-alive', 'X-Powered-By': 'Express', 'Access-Control-Allow-Origin': '*', 'Cache-Control': 'no-cache', 'ETag': 'W/"498-hlv/gH99rDyCA9ZgrPvLffHRqbQ"', 'Vary': 'Accept-Encoding', 'Content-Encoding': 'gzip', 'CF-Cache-Status': 'DYNAMIC', 'Report-To': '{"endpoints":[{"url":"https:\\/\\/a.nel.cloudflare.com\\/report\\/v4?s=SkK2%2BGgJfC6Osp7LOLs8jZEs8QNgscCnAOxqhqZC26Xvu%2B9PKNEo5j2%2BRNR6hpS7T7yD3pf21dqw6YSTYlxk6rEY3DTCVYifhuDnq5J3L7BZ2GV5xsUJ5jrmwGvPd6Of"}],"group":"cf-nel","max_age":604800}', 'NEL': '{"success_fraction":0,"report_to":"cf-nel","max_age":604800}', 'Server': 'cloudflare', 'CF-RAY': '86f598e6bb270285-ORD', 'alt-svc': 'h3=":443"; ma=86400'} 
 body={"results":[{"gender":"male","name":{"title":"Mr","first":"Boubker","last":"Lambeck"},"location":{"street":{"number":616,"name":"Baksweer"},"city":"Bleiswijk","state":"Noord-Holland","country":"Netherlands","postcode":"6141 LW","coordinates":{"latitude":"37.7292","longitude":"-163.0322"},"timezone":{"offset":"+4:00","description":"Abu Dhabi, Muscat, Baku, Tbilisi"}},"email":"boubker.lambeck@example.com","login":{"uuid":"169011a1-9319-4433-9f77-1098e608d12f","username":"heavyladybug160","password":"verbatim","salt":"KmgJsomY","md5":"990f17138952f45b6c0c22ec8459de2e","sha1":"1433af0d5168bc86da450f3dec1443dde5abb4bb","sha256":"934633c7d95df61f0be90affd2e224ac98764ce33bb24e10b1dc94cf86b64ce5"},"dob":{"date":"1947-06-11T10:37:50.495Z","age":76},"registered":{"date":"2014-06-13T15:22:39.953Z","age":9},"phone":"(0935) 024160","cell":"(06) 60832500","id":{"name":"BSN","value":"31543030"},"picture":{"large":"https://randomuser.me/api/portraits/men/50.jpg","medium":"https://randomuser.me/api/portraits/med/men/50.jpg","thumbnail":"https://randomuser.me/api/portraits/thumb/men/50.jpg"},"nat":"NL"}],"info":{"seed":"081256f54e9f25c0","results":1,"page":1,"version":"1.4"}} 
 </msg>
<msg time="2024-04-05T00:59:45.174461" level="INFO">/opt/hostedtoolcache/Python/3.12.2/x64/lib/python3.12/site-packages/urllib3/connectionpool.py:1103: InsecureRequestWarning: Unverified HTTPS request is being made to host 'randomuser.me'. Adding certificate verification is strongly advised. See: https://urllib3.readthedocs.io/en/latest/advanced-usage.html#tls-warnings
  warnings.warn(</msg>
<msg time="2024-04-05T00:59:45.174610" level="INFO">${response} = &lt;Response [200]&gt;</msg>
<var>${response}</var>
<arg>consultarAPI</arg>
<arg>/api</arg>
<doc>Sends a GET request on a previously created HTTP Session.</doc>
<status status="PASS" start="2024-04-05T00:59:45.078371" elapsed="0.096291"/>
</kw>
<kw name="Set Variable" owner="BuiltIn">
<msg time="2024-04-05T00:59:45.175904" level="INFO">${json_data} = {'results': [{'gender': 'male', 'name': {'title': 'Mr', 'first': 'Boubker', 'last': 'Lambeck'}, 'location': {'street': {'number': 616, 'name': 'Baksweer'}, 'city': 'Bleiswijk', 'state': 'Noord-Holland...</msg>
<var>${json_data}</var>
<arg>${response.json()}</arg>
<doc>Returns the given values which can then be assigned to a variables.</doc>
<status status="PASS" start="2024-04-05T00:59:45.175333" elapsed="0.000600"/>
</kw>
<kw name="Set Variable" owner="BuiltIn">
<msg time="2024-04-05T00:59:45.176713" level="INFO">${name_title} = Mr</msg>
<var>${name_title}</var>
<arg>${json_data["results"][0]["name"]["title"]}</arg>
<doc>Returns the given values which can then be assigned to a variables.</doc>
<status status="PASS" start="2024-04-05T00:59:45.176318" elapsed="0.000421"/>
</kw>
<kw name="Create List" owner="BuiltIn">
<msg time="2024-04-05T00:59:45.177201" level="INFO">${allowed_titles} = ['Mr', 'Ms', 'Miss', 'Mrs', 'Madame', 'Monsieur']</msg>
<var>${allowed_titles}</var>
<arg>Mr</arg>
<arg>Ms</arg>
<arg>Miss</arg>
<arg>Mrs</arg>
<arg>Madame</arg>
<arg>Monsieur</arg>
<doc>Returns a list containing given items.</doc>
<status status="PASS" start="2024-04-05T00:59:45.177047" elapsed="0.000180"/>
</kw>
<kw name="List Should Contain Value" owner="Collections">
<msg time="2024-04-05T00:59:45.177739" level="INFO">False</msg>
<arg>${allowed_titles}</arg>
<arg>${name_title}</arg>
<doc>Fails if the ``value`` is not found from ``list``.</doc>
<status status="PASS" start="2024-04-05T00:59:45.177536" elapsed="0.000242"/>
</kw>
<kw name="Set Variable" owner="BuiltIn">
<msg time="2024-04-05T00:59:45.178465" level="INFO">${name_country} = NL</msg>
<var>${name_country}</var>
<arg>${json_data["results"][0]["nat"]}</arg>
<doc>Returns the given values which can then be assigned to a variables.</doc>
<status status="PASS" start="2024-04-05T00:59:45.178075" elapsed="0.000416"/>
</kw>
<kw name="Create List" owner="BuiltIn">
<msg time="2024-04-05T00:59:45.179409" level="INFO">${list_country} = ['AD', 'AE', 'AF', 'AG', 'AI', 'AL', 'AM', 'AO', 'AQ', 'AR', 'AS', 'AT', 'AU', 'AW', 'AX', 'AZ', 'BA', 'BB', 'BD', 'BE', 'BF', 'BG', 'BH', 'BI', 'BJ', 'BL', 'BM', 'BN', 'BO', 'BQ', 'BR', 'BS', 'BT', '...</msg>
<var>${list_country}</var>
<arg>AD</arg>
<arg>AE</arg>
<arg>AF</arg>
<arg>AG</arg>
<arg>AI</arg>
<arg>AL</arg>
<arg>AM</arg>
<arg>AO</arg>
<arg>AQ</arg>
<arg>AR</arg>
<arg>AS</arg>
<arg>AT</arg>
<arg>AU</arg>
<arg>AW</arg>
<arg>AX</arg>
<arg>AZ</arg>
<arg>BA</arg>
<arg>BB</arg>
<arg>BD</arg>
<arg>BE</arg>
<arg>BF</arg>
<arg>BG</arg>
<arg>BH</arg>
<arg>BI</arg>
<arg>BJ</arg>
<arg>BL</arg>
<arg>BM</arg>
<arg>BN</arg>
<arg>BO</arg>
<arg>BQ</arg>
<arg>BR</arg>
<arg>BS</arg>
<arg>BT</arg>
<arg>BV</arg>
<arg>BW</arg>
<arg>BY</arg>
<arg>BZ</arg>
<arg>CA</arg>
<arg>CC</arg>
<arg>CD</arg>
<arg>CF</arg>
<arg>CG</arg>
<arg>CH</arg>
<arg>CI</arg>
<arg>CK</arg>
<arg>CL</arg>
<arg>CM</arg>
<arg>CN</arg>
<arg>CO</arg>
<arg>CR</arg>
<arg>CU</arg>
<arg>CV</arg>
<arg>CW</arg>
<arg>CX</arg>
<arg>CY</arg>
<arg>CZ</arg>
<arg>DE</arg>
<arg>DJ</arg>
<arg>DK</arg>
<arg>DM</arg>
<arg>DO</arg>
<arg>DZ</arg>
<arg>EC</arg>
<arg>EE</arg>
<arg>EG</arg>
<arg>EH</arg>
<arg>ER</arg>
<arg>ES</arg>
<arg>ET</arg>
<arg>FI</arg>
<arg>FJ</arg>
<arg>FK</arg>
<arg>FM</arg>
<arg>FO</arg>
<arg>FR</arg>
<arg>GA</arg>
<arg>GB</arg>
<arg>GD</arg>
<arg>GE</arg>
<arg>GF</arg>
<arg>GG</arg>
<arg>GH</arg>
<arg>GI</arg>
<arg>GL</arg>
<arg>GM</arg>
<arg>GN</arg>
<arg>GP</arg>
<arg>GQ</arg>
<arg>GR</arg>
<arg>GS</arg>
<arg>GT</arg>
<arg>GU</arg>
<arg>GW</arg>
<arg>GY</arg>
<arg>HK</arg>
<arg>HM</arg>
<arg>HN</arg>
<arg>HR</arg>
<arg>HT</arg>
<arg>HU</arg>
<arg>ID</arg>
<arg>IE</arg>
<arg>IL</arg>
<arg>IM</arg>
<arg>IN</arg>
<arg>IO</arg>
<arg>IQ</arg>
<arg>IR</arg>
<arg>IS</arg>
<arg>IT</arg>
<arg>JE</arg>
<arg>JM</arg>
<arg>JO</arg>
<arg>JP</arg>
<arg>KE</arg>
<arg>KG</arg>
<arg>KH</arg>
<arg>KI</arg>
<arg>KM</arg>
<arg>KN</arg>
<arg>KP</arg>
<arg>KR</arg>
<arg>KW</arg>
<arg>KY</arg>
<arg>KZ</arg>
<arg>LA</arg>
<arg>LB</arg>
<arg>LC</arg>
<arg>LI</arg>
<arg>LK</arg>
<arg>LR</arg>
<arg>LS</arg>
<arg>LT</arg>
<arg>LU</arg>
<arg>LV</arg>
<arg>LY</arg>
<arg>MA</arg>
<arg>MC</arg>
<arg>MD</arg>
<arg>ME</arg>
<arg>MF</arg>
<arg>MG</arg>
<arg>MH</arg>
<arg>MK</arg>
<arg>ML</arg>
<arg>MM</arg>
<arg>MN</arg>
<arg>MO</arg>
<arg>MP</arg>
<arg>MQ</arg>
<arg>MR</arg>
<arg>MS</arg>
<arg>MT</arg>
<arg>MU</arg>
<arg>MV</arg>
<arg>MW</arg>
<arg>MX</arg>
<arg>MY</arg>
<arg>MZ</arg>
<arg>NA</arg>
<arg>NC</arg>
<arg>NE</arg>
<arg>NF</arg>
<arg>NG</arg>
<arg>NI</arg>
<arg>NL</arg>
<arg>NO</arg>
<arg>NP</arg>
<arg>NR</arg>
<arg>NU</arg>
<arg>NZ</arg>
<arg>OM</arg>
<arg>PA</arg>
<arg>PE</arg>
<arg>PF</arg>
<arg>PG</arg>
<arg>PH</arg>
<arg>PK</arg>
<arg>PL</arg>
<arg>PM</arg>
<arg>PN</arg>
<arg>PR</arg>
<arg>PS</arg>
<arg>PT</arg>
<arg>PW</arg>
<arg>PY</arg>
<arg>QA</arg>
<arg>RE</arg>
<arg>RO</arg>
<arg>RS</arg>
<arg>RU</arg>
<arg>RW</arg>
<arg>SA</arg>
<arg>SB</arg>
<arg>SC</arg>
<arg>SD</arg>
<arg>SE</arg>
<arg>SG</arg>
<arg>SH</arg>
<arg>SI</arg>
<arg>SJ</arg>
<arg>SK</arg>
<arg>SL</arg>
<arg>SM</arg>
<arg>SN</arg>
<arg>SO</arg>
<arg>SR</arg>
<arg>SS</arg>
<arg>ST</arg>
<arg>SV</arg>
<arg>SX</arg>
<arg>SY</arg>
<arg>SZ</arg>
<arg>TC</arg>
<arg>TD</arg>
<arg>TF</arg>
<arg>TG</arg>
<arg>TH</arg>
<arg>TJ</arg>
<arg>TK</arg>
<arg>TL</arg>
<arg>TM</arg>
<arg>TN</arg>
<arg>TO</arg>
<arg>TR</arg>
<arg>TT</arg>
<arg>TV</arg>
<arg>TW</arg>
<arg>TZ</arg>
<arg>UA</arg>
<arg>UG</arg>
<arg>UM</arg>
<arg>US</arg>
<arg>UY</arg>
<arg>UZ</arg>
<arg>VA</arg>
<arg>VC</arg>
<arg>VE</arg>
<arg>VG</arg>
<arg>VI</arg>
<arg>VN</arg>
<arg>VU</arg>
<arg>WF</arg>
<arg>WS</arg>
<arg>XK</arg>
<arg>YE</arg>
<arg>YT</arg>
<arg>ZA</arg>
<arg>ZM</arg>
<arg>ZW</arg>
<doc>Returns a list containing given items.</doc>
<status status="PASS" start="2024-04-05T00:59:45.178815" elapsed="0.000620"/>
</kw>
<kw name="List Should Contain Value" owner="Collections">
<msg time="2024-04-05T00:59:45.180631" level="INFO">False</msg>
<arg>${list_country}</arg>
<arg>${name_country}</arg>
<doc>Fails if the ``value`` is not found from ``list``.</doc>
<status status="PASS" start="2024-04-05T00:59:45.180421" elapsed="0.000252"/>
</kw>
<kw name="Run Keyword If" owner="BuiltIn">
<kw name="Should Be True" owner="BuiltIn">
<arg>${True}</arg>
<doc>Fails if the given condition is not true.</doc>
<status status="PASS" start="2024-04-05T00:59:45.181769" elapsed="0.000156"/>
</kw>
<arg>${json_data["results"][0]["location"]["coordinates"]["latitude"]} &gt;= -90 and ${json_data["results"][0]["location"]["coordinates"]["latitude"]} &lt;= 90</arg>
<arg>Should Be True</arg>
<arg>${True}</arg>
<doc>Runs the given keyword with the given arguments, if ``condition`` is true.</doc>
<status status="PASS" start="2024-04-05T00:59:45.180996" elapsed="0.001060"/>
</kw>
<kw name="Run Keyword If" owner="BuiltIn">
<kw name="Should Be True" owner="BuiltIn">
<arg>${True}</arg>
<doc>Fails if the given condition is not true.</doc>
<status status="PASS" start="2024-04-05T00:59:45.182966" elapsed="0.000141"/>
</kw>
<arg>${json_data["results"][0]["location"]["coordinates"]["longitude"]} &gt;= -180 and ${json_data["results"][0]["location"]["coordinates"]["longitude"]} &lt;= 180</arg>
<arg>Should Be True</arg>
<arg>${True}</arg>
<doc>Runs the given keyword with the given arguments, if ``condition`` is true.</doc>
<status status="PASS" start="2024-04-05T00:59:45.182247" elapsed="0.000988"/>
</kw>
<status status="PASS" start="2024-04-05T00:59:45.078111" elapsed="0.105263"/>
</kw>
<doc>Testa o conteúdo específico dos campos retornados pela API.</doc>
<tag>testeConteudo</tag>
<status status="PASS" start="2024-04-05T00:59:45.077544" elapsed="0.105992"/>
</test>
<status status="PASS" start="2024-04-05T00:59:44.328161" elapsed="0.857482"/>
</suite>
<status status="PASS" start="2024-04-05T00:59:44.313741" elapsed="0.877477"/>
</suite>
<statistics>
<total>
<stat pass="5" fail="0" skip="0">All Tests</stat>
</total>
<tag>
<stat pass="1" fail="0" skip="0">testeConteudo</stat>
<stat pass="1" fail="0" skip="0">testeEstruturaResposta</stat>
<stat pass="1" fail="0" skip="0">testeRequisicaoBasica</stat>
<stat pass="1" fail="0" skip="0">testeTiposDados</stat>
</tag>
<suite>
<stat pass="5" fail="0" skip="0" id="s1" name="Tests">Tests</stat>
<stat pass="5" fail="0" skip="0" id="s1-s1" name="Random-User-Test">Tests.Random-User-Test</stat>
</suite>
</statistics>
<errors>
</errors>
</robot>
