<?xml version="1.0" encoding="UTF-8"?>
<robot generator="Robot 7.0 (Python 3.12.3 on linux)" generated="2024-05-28T22:13:55.184361" rpa="false" schemaversion="5">
<suite id="s1" name="Tests" source="/home/runner/work/ApiRandomUser/ApiRandomUser/RamdonUser/tests">
<suite id="s1-s1" name="Random-User-Test" source="/home/runner/work/ApiRandomUser/ApiRandomUser/RamdonUser/tests/random-user-test.robot">
<test id="s1-s1-t1" name="Conectar" line="13">
<kw name="Conectar API" owner="random-user-service">
<kw name="Create Session" owner="RequestsLibrary">
<msg time="2024-05-28T22:13:55.598976" level="INFO">Creating Session using : alias=consultarAPI, url=https://randomuser.me/, headers={},                     cookies={}, auth=None, timeout=None, proxies=None, verify=False,                     debug=0 </msg>
<arg>consultarAPI</arg>
<arg>${URL}</arg>
<doc>Create Session: create a HTTP session to a server</doc>
<status status="PASS" start="2024-05-28T22:13:55.598770" elapsed="0.000377"/>
</kw>
<status status="PASS" start="2024-05-28T22:13:55.597759" elapsed="0.001742"/>
</kw>
<status status="PASS" start="2024-05-28T22:13:55.597149" elapsed="0.002546"/>
</test>
<test id="s1-s1-t2" name="Validar retorno 200 e JSON Válido" line="16">
<kw name="Teste de Requisicao Basica" owner="random-user-service">
<kw name="GET On Session" owner="RequestsLibrary">
<msg time="2024-05-28T22:13:56.381719" level="INFO">GET Request : url=https://randomuser.me/api 
 path_url=/api 
 headers={'User-Agent': 'python-requests/2.32.2', 'Accept-Encoding': 'gzip, deflate', 'Accept': '*/*', 'Connection': 'keep-alive'} 
 body=None 
 </msg>
<msg time="2024-05-28T22:13:56.381871" level="INFO">GET Response : url=https://randomuser.me/api 
 status=200, reason=OK 
 headers={'Date': 'Tue, 28 May 2024 22:13:56 GMT', 'Content-Type': 'application/json; charset=utf-8', 'Transfer-Encoding': 'chunked', 'Connection': 'keep-alive', 'X-Powered-By': 'Express', 'Access-Control-Allow-Origin': '*', 'Cache-Control': 'no-cache', 'ETag': 'W/"49d-VtdRzEuV1G97qhPMdZOaMPBqS+g"', 'Vary': 'Accept-Encoding', 'Content-Encoding': 'gzip', 'CF-Cache-Status': 'DYNAMIC', 'Report-To': '{"endpoints":[{"url":"https:\\/\\/a.nel.cloudflare.com\\/report\\/v4?s=QulZrPD%2B%2FbkZaqqGpP%2BmvVtJ%2Bz78svY%2BQ5YnVHous9WeL%2Beye1vSZ7Z7NzscrVlTXWl%2BLcMC1t7g2sqyXf7q2IHJLIC8zT5LxgMoKBWHWUAURr3JQfXD9q6J87WLLY4O"}],"group":"cf-nel","max_age":604800}', 'NEL': '{"success_fraction":0,"report_to":"cf-nel","max_age":604800}', 'Server': 'cloudflare', 'CF-RAY': '88b1983f68b33b17-IAD', 'alt-svc': 'h3=":443"; ma=86400'} 
 body={"results":[{"gender":"female","name":{"title":"Ms","first":"Ninel","last":"Dobryanskiy"},"location":{"street":{"number":1173,"name":"Chernigivska ploshcha"},"city":"Horol","state":"Harkivska","country":"Ukraine","postcode":97013,"coordinates":{"latitude":"79.4907","longitude":"55.2506"},"timezone":{"offset":"+3:00","description":"Baghdad, Riyadh, Moscow, St. Petersburg"}},"email":"ninel.dobryanskiy@example.com","login":{"uuid":"94e81fed-fe30-4aef-82b6-d6c5bb31823a","username":"happysnake493","password":"rachel","salt":"5maN60Wi","md5":"53cd18470fe4cf83fbbae2a7e8d508d0","sha1":"3a0337df869a02c6f21d8d3f1b6f20ff5c55107f","sha256":"24ccf2a1b35476e9b9e2bdc7f3abf596b8419414706f9a51d32ceeea515f27ac"},"dob":{"date":"1987-11-25T14:30:41.899Z","age":36},"registered":{"date":"2009-02-19T04:06:30.924Z","age":15},"phone":"(097) G05-1263","cell":"(096) P38-9392","id":{"name":"","value":null},"picture":{"large":"https://randomuser.me/api/portraits/women/68.jpg","medium":"https://randomuser.me/api/portraits/med/women/68.jpg","thumbnail":"https://randomuser.me/api/portraits/thumb/women/68.jpg"},"nat":"UA"}],"info":{"seed":"bf956155fe0b273d","results":1,"page":1,"version":"1.4"}} 
 </msg>
<msg time="2024-05-28T22:13:56.381950" level="INFO">/opt/hostedtoolcache/Python/3.12.3/x64/lib/python3.12/site-packages/urllib3/connectionpool.py:1103: InsecureRequestWarning: Unverified HTTPS request is being made to host 'randomuser.me'. Adding certificate verification is strongly advised. See: https://urllib3.readthedocs.io/en/latest/advanced-usage.html#tls-warnings
  warnings.warn(</msg>
<msg time="2024-05-28T22:13:56.382113" level="INFO">${response} = &lt;Response [200]&gt;</msg>
<var>${response}</var>
<arg>consultarAPI</arg>
<arg>/api</arg>
<doc>Sends a GET request on a previously created HTTP Session.</doc>
<status status="PASS" start="2024-05-28T22:13:55.602398" elapsed="0.779759"/>
</kw>
<kw name="Should Be Equal As Numbers" owner="BuiltIn">
<msg time="2024-05-28T22:13:56.383142" level="INFO">Argument types are:
&lt;class 'int'&gt;
&lt;class 'str'&gt;</msg>
<arg>${response.status_code}</arg>
<arg>200</arg>
<doc>Fails if objects are unequal after converting them to real numbers.</doc>
<status status="PASS" start="2024-05-28T22:13:56.382686" elapsed="0.000521"/>
</kw>
<kw name="Log" owner="BuiltIn">
<msg time="2024-05-28T22:13:56.383860" level="INFO">200</msg>
<arg>${response.status_code}</arg>
<doc>Logs the given message with the given level.</doc>
<status status="PASS" start="2024-05-28T22:13:56.383516" elapsed="0.000392"/>
</kw>
<kw name="Set Variable" owner="BuiltIn">
<msg time="2024-05-28T22:13:56.384684" level="INFO">${json_data} = {'results': [{'gender': 'female', 'name': {'title': 'Ms', 'first': 'Ninel', 'last': 'Dobryanskiy'}, 'location': {'street': {'number': 1173, 'name': 'Chernigivska ploshcha'}, 'city': 'Horol', 'state': ...</msg>
<var>${json_data}</var>
<arg>${response.json()}</arg>
<doc>Returns the given values which can then be assigned to a variables.</doc>
<status status="PASS" start="2024-05-28T22:13:56.384211" elapsed="0.000513"/>
</kw>
<kw name="Dictionary Should Contain Key" owner="Collections">
<msg time="2024-05-28T22:13:56.385202" level="INFO">False</msg>
<arg>${json_data}</arg>
<arg>results</arg>
<doc>Fails if ``key`` is not found from ``dictionary``.</doc>
<status status="PASS" start="2024-05-28T22:13:56.385029" elapsed="0.000368"/>
</kw>
<status status="PASS" start="2024-05-28T22:13:55.602136" elapsed="0.783529"/>
</kw>
<doc>Testa se a API responde corretamente e retorna um objeto JSON válido.</doc>
<tag>testeRequisicaoBasica</tag>
<status status="PASS" start="2024-05-28T22:13:55.601619" elapsed="0.784229"/>
</test>
<test id="s1-s1-t3" name="Validar estrutura de resposta" line="22">
<kw name="Teste de Estrutura de Resposta" owner="random-user-service">
<kw name="GET On Session" owner="RequestsLibrary">
<msg time="2024-05-28T22:13:56.939041" level="INFO">GET Request : url=https://randomuser.me/api 
 path_url=/api 
 headers={'User-Agent': 'python-requests/2.32.2', 'Accept-Encoding': 'gzip, deflate', 'Accept': '*/*', 'Connection': 'keep-alive'} 
 body=None 
 </msg>
<msg time="2024-05-28T22:13:56.939156" level="INFO">GET Response : url=https://randomuser.me/api 
 status=200, reason=OK 
 headers={'Date': 'Tue, 28 May 2024 22:13:56 GMT', 'Content-Type': 'application/json; charset=utf-8', 'Transfer-Encoding': 'chunked', 'Connection': 'keep-alive', 'X-Powered-By': 'Express', 'Access-Control-Allow-Origin': '*', 'Cache-Control': 'no-cache', 'ETag': 'W/"494-9H3tkAYB/tvVS5cJ2H/9RvpLXW0"', 'Vary': 'Accept-Encoding', 'Content-Encoding': 'gzip', 'CF-Cache-Status': 'DYNAMIC', 'Report-To': '{"endpoints":[{"url":"https:\\/\\/a.nel.cloudflare.com\\/report\\/v4?s=z0A%2FA8QuxE4UrKku6DekITd2X3hyqLtfH1%2BWpmsYuQDnNUic4QZ7FrgTe3JCtrVHFBGtO%2Bp%2FhAvE4a0eR1NB%2B%2Bg7M6uXogPo%2FRyBfxoyIxai0Ax4QHJHkgncDj5Fw82x"}],"group":"cf-nel","max_age":604800}', 'NEL': '{"success_fraction":0,"report_to":"cf-nel","max_age":604800}', 'Server': 'cloudflare', 'CF-RAY': '88b198437d533b17-IAD', 'alt-svc': 'h3=":443"; ma=86400'} 
 body={"results":[{"gender":"female","name":{"title":"Miss","first":"Ivanna","last":"Chervoniy"},"location":{"street":{"number":6990,"name":"Yarkivska"},"city":"Storozhinec","state":"Lvivska","country":"Ukraine","postcode":22671,"coordinates":{"latitude":"77.3911","longitude":"44.9042"},"timezone":{"offset":"+1:00","description":"Brussels, Copenhagen, Madrid, Paris"}},"email":"ivanna.chervoniy@example.com","login":{"uuid":"5e47b3d8-2040-471d-a199-85610cf1b4dd","username":"organicleopard405","password":"maryjane","salt":"aqdDfZOf","md5":"3c0a5e816e0dac7e3692fef1e10b8475","sha1":"4a0a821f1166bcc7ef40f9e212d5c0b7dca079e7","sha256":"69949b391b17cca536827f6dee29479ae27ae640cc3fb36f9b6604091e9ed2ba"},"dob":{"date":"1968-12-10T14:53:26.356Z","age":55},"registered":{"date":"2003-10-08T15:41:59.426Z","age":20},"phone":"(098) Z17-2888","cell":"(099) S88-0981","id":{"name":"","value":null},"picture":{"large":"https://randomuser.me/api/portraits/women/4.jpg","medium":"https://randomuser.me/api/portraits/med/women/4.jpg","thumbnail":"https://randomuser.me/api/portraits/thumb/women/4.jpg"},"nat":"UA"}],"info":{"seed":"52b4b3ca9f3d939f","results":1,"page":1,"version":"1.4"}} 
 </msg>
<msg time="2024-05-28T22:13:56.939294" level="INFO">/opt/hostedtoolcache/Python/3.12.3/x64/lib/python3.12/site-packages/urllib3/connectionpool.py:1103: InsecureRequestWarning: Unverified HTTPS request is being made to host 'randomuser.me'. Adding certificate verification is strongly advised. See: https://urllib3.readthedocs.io/en/latest/advanced-usage.html#tls-warnings
  warnings.warn(</msg>
<msg time="2024-05-28T22:13:56.939445" level="INFO">${response} = &lt;Response [200]&gt;</msg>
<var>${response}</var>
<arg>consultarAPI</arg>
<arg>/api</arg>
<doc>Sends a GET request on a previously created HTTP Session.</doc>
<status status="PASS" start="2024-05-28T22:13:56.388407" elapsed="0.551082"/>
</kw>
<kw name="Set Variable" owner="BuiltIn">
<msg time="2024-05-28T22:13:56.940511" level="INFO">${json_data} = {'results': [{'gender': 'female', 'name': {'title': 'Miss', 'first': 'Ivanna', 'last': 'Chervoniy'}, 'location': {'street': {'number': 6990, 'name': 'Yarkivska'}, 'city': 'Storozhinec', 'state': 'Lviv...</msg>
<var>${json_data}</var>
<arg>${response.json()}</arg>
<doc>Returns the given values which can then be assigned to a variables.</doc>
<status status="PASS" start="2024-05-28T22:13:56.939981" elapsed="0.000560"/>
</kw>
<kw name="Log" owner="BuiltIn">
<msg time="2024-05-28T22:13:56.941061" level="INFO">{'results': [{'gender': 'female', 'name': {'title': 'Miss', 'first': 'Ivanna', 'last': 'Chervoniy'}, 'location': {'street': {'number': 6990, 'name': 'Yarkivska'}, 'city': 'Storozhinec', 'state': 'Lvivska', 'country': 'Ukraine', 'postcode': 22671, 'coordinates': {'latitude': '77.3911', 'longitude': '44.9042'}, 'timezone': {'offset': '+1:00', 'description': 'Brussels, Copenhagen, Madrid, Paris'}}, 'email': 'ivanna.chervoniy@example.com', 'login': {'uuid': '5e47b3d8-2040-471d-a199-85610cf1b4dd', 'username': 'organicleopard405', 'password': 'maryjane', 'salt': 'aqdDfZOf', 'md5': '3c0a5e816e0dac7e3692fef1e10b8475', 'sha1': '4a0a821f1166bcc7ef40f9e212d5c0b7dca079e7', 'sha256': '69949b391b17cca536827f6dee29479ae27ae640cc3fb36f9b6604091e9ed2ba'}, 'dob': {'date': '1968-12-10T14:53:26.356Z', 'age': 55}, 'registered': {'date': '2003-10-08T15:41:59.426Z', 'age': 20}, 'phone': '(098) Z17-2888', 'cell': '(099) S88-0981', 'id': {'name': '', 'value': None}, 'picture': {'large': 'https://randomuser.me/api/portraits/women/4.jpg', 'medium': 'https://randomuser.me/api/portraits/med/women/4.jpg', 'thumbnail': 'https://randomuser.me/api/portraits/thumb/women/4.jpg'}, 'nat': 'UA'}], 'info': {'seed': '52b4b3ca9f3d939f', 'results': 1, 'page': 1, 'version': '1.4'}}</msg>
<arg>${json_data}</arg>
<doc>Logs the given message with the given level.</doc>
<status status="PASS" start="2024-05-28T22:13:56.940902" elapsed="0.000207"/>
</kw>
<kw name="Dictionary Should Contain Key" owner="Collections">
<msg time="2024-05-28T22:13:56.941564" level="INFO">False</msg>
<arg>${json_data}</arg>
<arg>results</arg>
<doc>Fails if ``key`` is not found from ``dictionary``.</doc>
<status status="PASS" start="2024-05-28T22:13:56.941408" elapsed="0.000193"/>
</kw>
<kw name="Should Not Be Empty" owner="BuiltIn">
<msg time="2024-05-28T22:13:56.942038" level="INFO">Length is 2.</msg>
<arg>${json_data}</arg>
<doc>Verifies that the given item is not empty.</doc>
<status status="PASS" start="2024-05-28T22:13:56.941890" elapsed="0.000186"/>
</kw>
<kw name="Create List" owner="BuiltIn">
<msg time="2024-05-28T22:13:56.942513" level="INFO">${expected_keys} = ['gender', 'name', 'location', 'email', 'login']</msg>
<var>${expected_keys}</var>
<arg>gender</arg>
<arg>name</arg>
<arg>location</arg>
<arg>email</arg>
<arg>login</arg>
<doc>Returns a list containing given items.</doc>
<status status="PASS" start="2024-05-28T22:13:56.942366" elapsed="0.000171"/>
</kw>
<for flavor="IN">
<iter>
<kw name="Dictionary Should Contain Key" owner="Collections">
<msg time="2024-05-28T22:13:56.943531" level="INFO">False</msg>
<arg>${json_data['results'][0]}</arg>
<arg>${key}</arg>
<doc>Fails if ``key`` is not found from ``dictionary``.</doc>
<status status="PASS" start="2024-05-28T22:13:56.943121" elapsed="0.000449"/>
</kw>
<kw name="Log" owner="BuiltIn">
<msg time="2024-05-28T22:13:56.944238" level="INFO">{'gender': 'female', 'name': {'title': 'Miss', 'first': 'Ivanna', 'last': 'Chervoniy'}, 'location': {'street': {'number': 6990, 'name': 'Yarkivska'}, 'city': 'Storozhinec', 'state': 'Lvivska', 'country': 'Ukraine', 'postcode': 22671, 'coordinates': {'latitude': '77.3911', 'longitude': '44.9042'}, 'timezone': {'offset': '+1:00', 'description': 'Brussels, Copenhagen, Madrid, Paris'}}, 'email': 'ivanna.chervoniy@example.com', 'login': {'uuid': '5e47b3d8-2040-471d-a199-85610cf1b4dd', 'username': 'organicleopard405', 'password': 'maryjane', 'salt': 'aqdDfZOf', 'md5': '3c0a5e816e0dac7e3692fef1e10b8475', 'sha1': '4a0a821f1166bcc7ef40f9e212d5c0b7dca079e7', 'sha256': '69949b391b17cca536827f6dee29479ae27ae640cc3fb36f9b6604091e9ed2ba'}, 'dob': {'date': '1968-12-10T14:53:26.356Z', 'age': 55}, 'registered': {'date': '2003-10-08T15:41:59.426Z', 'age': 20}, 'phone': '(098) Z17-2888', 'cell': '(099) S88-0981', 'id': {'name': '', 'value': None}, 'picture': {'large': 'https://randomuser.me/api/portraits/women/4.jpg', 'medium': 'https://randomuser.me/api/portraits/med/women/4.jpg', 'thumbnail': 'https://randomuser.me/api/portraits/thumb/women/4.jpg'}, 'nat': 'UA'}</msg>
<arg>${json_data['results'][0]}</arg>
<doc>Logs the given message with the given level.</doc>
<status status="PASS" start="2024-05-28T22:13:56.943867" elapsed="0.000421"/>
</kw>
<kw name="Log" owner="BuiltIn">
<msg time="2024-05-28T22:13:56.944740" level="INFO">gender</msg>
<arg>${key}</arg>
<doc>Logs the given message with the given level.</doc>
<status status="PASS" start="2024-05-28T22:13:56.944588" elapsed="0.000189"/>
</kw>
<var name="${key}">gender</var>
<status status="PASS" start="2024-05-28T22:13:56.942992" elapsed="0.001998"/>
</iter>
<iter>
<kw name="Dictionary Should Contain Key" owner="Collections">
<msg time="2024-05-28T22:13:56.945667" level="INFO">False</msg>
<arg>${json_data['results'][0]}</arg>
<arg>${key}</arg>
<doc>Fails if ``key`` is not found from ``dictionary``.</doc>
<status status="PASS" start="2024-05-28T22:13:56.945287" elapsed="0.000416"/>
</kw>
<kw name="Log" owner="BuiltIn">
<msg time="2024-05-28T22:13:56.946381" level="INFO">{'gender': 'female', 'name': {'title': 'Miss', 'first': 'Ivanna', 'last': 'Chervoniy'}, 'location': {'street': {'number': 6990, 'name': 'Yarkivska'}, 'city': 'Storozhinec', 'state': 'Lvivska', 'country': 'Ukraine', 'postcode': 22671, 'coordinates': {'latitude': '77.3911', 'longitude': '44.9042'}, 'timezone': {'offset': '+1:00', 'description': 'Brussels, Copenhagen, Madrid, Paris'}}, 'email': 'ivanna.chervoniy@example.com', 'login': {'uuid': '5e47b3d8-2040-471d-a199-85610cf1b4dd', 'username': 'organicleopard405', 'password': 'maryjane', 'salt': 'aqdDfZOf', 'md5': '3c0a5e816e0dac7e3692fef1e10b8475', 'sha1': '4a0a821f1166bcc7ef40f9e212d5c0b7dca079e7', 'sha256': '69949b391b17cca536827f6dee29479ae27ae640cc3fb36f9b6604091e9ed2ba'}, 'dob': {'date': '1968-12-10T14:53:26.356Z', 'age': 55}, 'registered': {'date': '2003-10-08T15:41:59.426Z', 'age': 20}, 'phone': '(098) Z17-2888', 'cell': '(099) S88-0981', 'id': {'name': '', 'value': None}, 'picture': {'large': 'https://randomuser.me/api/portraits/women/4.jpg', 'medium': 'https://randomuser.me/api/portraits/med/women/4.jpg', 'thumbnail': 'https://randomuser.me/api/portraits/thumb/women/4.jpg'}, 'nat': 'UA'}</msg>
<arg>${json_data['results'][0]}</arg>
<doc>Logs the given message with the given level.</doc>
<status status="PASS" start="2024-05-28T22:13:56.946023" elapsed="0.000416"/>
</kw>
<kw name="Log" owner="BuiltIn">
<msg time="2024-05-28T22:13:56.946859" level="INFO">name</msg>
<arg>${key}</arg>
<doc>Logs the given message with the given level.</doc>
<status status="PASS" start="2024-05-28T22:13:56.946733" elapsed="0.000163"/>
</kw>
<var name="${key}">name</var>
<status status="PASS" start="2024-05-28T22:13:56.945172" elapsed="0.001942"/>
</iter>
<iter>
<kw name="Dictionary Should Contain Key" owner="Collections">
<msg time="2024-05-28T22:13:56.947778" level="INFO">False</msg>
<arg>${json_data['results'][0]}</arg>
<arg>${key}</arg>
<doc>Fails if ``key`` is not found from ``dictionary``.</doc>
<status status="PASS" start="2024-05-28T22:13:56.947401" elapsed="0.000415"/>
</kw>
<kw name="Log" owner="BuiltIn">
<msg time="2024-05-28T22:13:56.948481" level="INFO">{'gender': 'female', 'name': {'title': 'Miss', 'first': 'Ivanna', 'last': 'Chervoniy'}, 'location': {'street': {'number': 6990, 'name': 'Yarkivska'}, 'city': 'Storozhinec', 'state': 'Lvivska', 'country': 'Ukraine', 'postcode': 22671, 'coordinates': {'latitude': '77.3911', 'longitude': '44.9042'}, 'timezone': {'offset': '+1:00', 'description': 'Brussels, Copenhagen, Madrid, Paris'}}, 'email': 'ivanna.chervoniy@example.com', 'login': {'uuid': '5e47b3d8-2040-471d-a199-85610cf1b4dd', 'username': 'organicleopard405', 'password': 'maryjane', 'salt': 'aqdDfZOf', 'md5': '3c0a5e816e0dac7e3692fef1e10b8475', 'sha1': '4a0a821f1166bcc7ef40f9e212d5c0b7dca079e7', 'sha256': '69949b391b17cca536827f6dee29479ae27ae640cc3fb36f9b6604091e9ed2ba'}, 'dob': {'date': '1968-12-10T14:53:26.356Z', 'age': 55}, 'registered': {'date': '2003-10-08T15:41:59.426Z', 'age': 20}, 'phone': '(098) Z17-2888', 'cell': '(099) S88-0981', 'id': {'name': '', 'value': None}, 'picture': {'large': 'https://randomuser.me/api/portraits/women/4.jpg', 'medium': 'https://randomuser.me/api/portraits/med/women/4.jpg', 'thumbnail': 'https://randomuser.me/api/portraits/thumb/women/4.jpg'}, 'nat': 'UA'}</msg>
<arg>${json_data['results'][0]}</arg>
<doc>Logs the given message with the given level.</doc>
<status status="PASS" start="2024-05-28T22:13:56.948116" elapsed="0.000411"/>
</kw>
<kw name="Log" owner="BuiltIn">
<msg time="2024-05-28T22:13:56.948986" level="INFO">location</msg>
<arg>${key}</arg>
<doc>Logs the given message with the given level.</doc>
<status status="PASS" start="2024-05-28T22:13:56.948859" elapsed="0.000164"/>
</kw>
<var name="${key}">location</var>
<status status="PASS" start="2024-05-28T22:13:56.947290" elapsed="0.001948"/>
</iter>
<iter>
<kw name="Dictionary Should Contain Key" owner="Collections">
<msg time="2024-05-28T22:13:56.950023" level="INFO">False</msg>
<arg>${json_data['results'][0]}</arg>
<arg>${key}</arg>
<doc>Fails if ``key`` is not found from ``dictionary``.</doc>
<status status="PASS" start="2024-05-28T22:13:56.949524" elapsed="0.000537"/>
</kw>
<kw name="Log" owner="BuiltIn">
<msg time="2024-05-28T22:13:56.950731" level="INFO">{'gender': 'female', 'name': {'title': 'Miss', 'first': 'Ivanna', 'last': 'Chervoniy'}, 'location': {'street': {'number': 6990, 'name': 'Yarkivska'}, 'city': 'Storozhinec', 'state': 'Lvivska', 'country': 'Ukraine', 'postcode': 22671, 'coordinates': {'latitude': '77.3911', 'longitude': '44.9042'}, 'timezone': {'offset': '+1:00', 'description': 'Brussels, Copenhagen, Madrid, Paris'}}, 'email': 'ivanna.chervoniy@example.com', 'login': {'uuid': '5e47b3d8-2040-471d-a199-85610cf1b4dd', 'username': 'organicleopard405', 'password': 'maryjane', 'salt': 'aqdDfZOf', 'md5': '3c0a5e816e0dac7e3692fef1e10b8475', 'sha1': '4a0a821f1166bcc7ef40f9e212d5c0b7dca079e7', 'sha256': '69949b391b17cca536827f6dee29479ae27ae640cc3fb36f9b6604091e9ed2ba'}, 'dob': {'date': '1968-12-10T14:53:26.356Z', 'age': 55}, 'registered': {'date': '2003-10-08T15:41:59.426Z', 'age': 20}, 'phone': '(098) Z17-2888', 'cell': '(099) S88-0981', 'id': {'name': '', 'value': None}, 'picture': {'large': 'https://randomuser.me/api/portraits/women/4.jpg', 'medium': 'https://randomuser.me/api/portraits/med/women/4.jpg', 'thumbnail': 'https://randomuser.me/api/portraits/thumb/women/4.jpg'}, 'nat': 'UA'}</msg>
<arg>${json_data['results'][0]}</arg>
<doc>Logs the given message with the given level.</doc>
<status status="PASS" start="2024-05-28T22:13:56.950373" elapsed="0.000407"/>
</kw>
<kw name="Log" owner="BuiltIn">
<msg time="2024-05-28T22:13:56.951224" level="INFO">email</msg>
<arg>${key}</arg>
<doc>Logs the given message with the given level.</doc>
<status status="PASS" start="2024-05-28T22:13:56.951090" elapsed="0.000172"/>
</kw>
<var name="${key}">email</var>
<status status="PASS" start="2024-05-28T22:13:56.949414" elapsed="0.002060"/>
</iter>
<iter>
<kw name="Dictionary Should Contain Key" owner="Collections">
<msg time="2024-05-28T22:13:56.952126" level="INFO">False</msg>
<arg>${json_data['results'][0]}</arg>
<arg>${key}</arg>
<doc>Fails if ``key`` is not found from ``dictionary``.</doc>
<status status="PASS" start="2024-05-28T22:13:56.951754" elapsed="0.000409"/>
</kw>
<kw name="Log" owner="BuiltIn">
<msg time="2024-05-28T22:13:56.952841" level="INFO">{'gender': 'female', 'name': {'title': 'Miss', 'first': 'Ivanna', 'last': 'Chervoniy'}, 'location': {'street': {'number': 6990, 'name': 'Yarkivska'}, 'city': 'Storozhinec', 'state': 'Lvivska', 'country': 'Ukraine', 'postcode': 22671, 'coordinates': {'latitude': '77.3911', 'longitude': '44.9042'}, 'timezone': {'offset': '+1:00', 'description': 'Brussels, Copenhagen, Madrid, Paris'}}, 'email': 'ivanna.chervoniy@example.com', 'login': {'uuid': '5e47b3d8-2040-471d-a199-85610cf1b4dd', 'username': 'organicleopard405', 'password': 'maryjane', 'salt': 'aqdDfZOf', 'md5': '3c0a5e816e0dac7e3692fef1e10b8475', 'sha1': '4a0a821f1166bcc7ef40f9e212d5c0b7dca079e7', 'sha256': '69949b391b17cca536827f6dee29479ae27ae640cc3fb36f9b6604091e9ed2ba'}, 'dob': {'date': '1968-12-10T14:53:26.356Z', 'age': 55}, 'registered': {'date': '2003-10-08T15:41:59.426Z', 'age': 20}, 'phone': '(098) Z17-2888', 'cell': '(099) S88-0981', 'id': {'name': '', 'value': None}, 'picture': {'large': 'https://randomuser.me/api/portraits/women/4.jpg', 'medium': 'https://randomuser.me/api/portraits/med/women/4.jpg', 'thumbnail': 'https://randomuser.me/api/portraits/thumb/women/4.jpg'}, 'nat': 'UA'}</msg>
<arg>${json_data['results'][0]}</arg>
<doc>Logs the given message with the given level.</doc>
<status status="PASS" start="2024-05-28T22:13:56.952458" elapsed="0.000431"/>
</kw>
<kw name="Log" owner="BuiltIn">
<msg time="2024-05-28T22:13:56.953308" level="INFO">login</msg>
<arg>${key}</arg>
<doc>Logs the given message with the given level.</doc>
<status status="PASS" start="2024-05-28T22:13:56.953181" elapsed="0.000164"/>
</kw>
<var name="${key}">login</var>
<status status="PASS" start="2024-05-28T22:13:56.951644" elapsed="0.001942"/>
</iter>
<var>${key}</var>
<value>@{expected_keys}</value>
<status status="PASS" start="2024-05-28T22:13:56.942798" elapsed="0.010913"/>
</for>
<kw name="Create List" owner="BuiltIn">
<msg time="2024-05-28T22:13:56.954039" level="INFO">${expected_keysTwo} = ['username', 'password']</msg>
<var>${expected_keysTwo}</var>
<arg>username</arg>
<arg>password</arg>
<doc>Returns a list containing given items.</doc>
<status status="PASS" start="2024-05-28T22:13:56.953904" elapsed="0.000159"/>
</kw>
<for flavor="IN">
<iter>
<kw name="Dictionary Should Contain Key" owner="Collections">
<msg time="2024-05-28T22:13:56.954938" level="INFO">False</msg>
<arg>${json_data['results'][0]['login']}</arg>
<arg>${keyTwo}</arg>
<doc>Fails if ``key`` is not found from ``dictionary``.</doc>
<status status="PASS" start="2024-05-28T22:13:56.954552" elapsed="0.000422"/>
</kw>
<kw name="Dictionary Should Contain Key" owner="Collections">
<msg time="2024-05-28T22:13:56.955643" level="INFO">False</msg>
<arg>${json_data['results'][0]['login']}</arg>
<arg>${keyTwo}</arg>
<doc>Fails if ``key`` is not found from ``dictionary``.</doc>
<status status="PASS" start="2024-05-28T22:13:56.955264" elapsed="0.000416"/>
</kw>
<kw name="Log" owner="BuiltIn">
<msg time="2024-05-28T22:13:56.956097" level="INFO">username</msg>
<arg>${keyTwo}</arg>
<doc>Logs the given message with the given level.</doc>
<status status="PASS" start="2024-05-28T22:13:56.955971" elapsed="0.000163"/>
</kw>
<var name="${keyTwo}">username</var>
<status status="PASS" start="2024-05-28T22:13:56.954444" elapsed="0.001901"/>
</iter>
<iter>
<kw name="Dictionary Should Contain Key" owner="Collections">
<msg time="2024-05-28T22:13:56.957055" level="INFO">False</msg>
<arg>${json_data['results'][0]['login']}</arg>
<arg>${keyTwo}</arg>
<doc>Fails if ``key`` is not found from ``dictionary``.</doc>
<status status="PASS" start="2024-05-28T22:13:56.956664" elapsed="0.000428"/>
</kw>
<kw name="Dictionary Should Contain Key" owner="Collections">
<msg time="2024-05-28T22:13:56.957767" level="INFO">False</msg>
<arg>${json_data['results'][0]['login']}</arg>
<arg>${keyTwo}</arg>
<doc>Fails if ``key`` is not found from ``dictionary``.</doc>
<status status="PASS" start="2024-05-28T22:13:56.957386" elapsed="0.000417"/>
</kw>
<kw name="Log" owner="BuiltIn">
<msg time="2024-05-28T22:13:56.958215" level="INFO">password</msg>
<arg>${keyTwo}</arg>
<doc>Logs the given message with the given level.</doc>
<status status="PASS" start="2024-05-28T22:13:56.958091" elapsed="0.000161"/>
</kw>
<var name="${keyTwo}">password</var>
<status status="PASS" start="2024-05-28T22:13:56.956521" elapsed="0.001942"/>
</iter>
<var>${keyTwo}</var>
<value>@{expected_keysTwo}</value>
<status status="PASS" start="2024-05-28T22:13:56.954295" elapsed="0.004284"/>
</for>
<status status="PASS" start="2024-05-28T22:13:56.388163" elapsed="0.570553"/>
</kw>
<doc>Testa a estrutura da resposta da API.</doc>
<tag>testeEstruturaResposta</tag>
<status status="PASS" start="2024-05-28T22:13:56.387648" elapsed="0.571223"/>
</test>
<test id="s1-s1-t4" name="Validar tipos de dados" line="28">
<kw name="Teste de Tipos de Dados" owner="random-user-service">
<kw name="GET On Session" owner="RequestsLibrary">
<msg time="2024-05-28T22:13:57.090002" level="INFO">GET Request : url=https://randomuser.me/api 
 path_url=/api 
 headers={'User-Agent': 'python-requests/2.32.2', 'Accept-Encoding': 'gzip, deflate', 'Accept': '*/*', 'Connection': 'keep-alive'} 
 body=None 
 </msg>
<msg time="2024-05-28T22:13:57.090104" level="INFO">GET Response : url=https://randomuser.me/api 
 status=200, reason=OK 
 headers={'Date': 'Tue, 28 May 2024 22:13:57 GMT', 'Content-Type': 'application/json; charset=utf-8', 'Transfer-Encoding': 'chunked', 'Connection': 'keep-alive', 'X-Powered-By': 'Express', 'Access-Control-Allow-Origin': '*', 'Cache-Control': 'no-cache', 'ETag': 'W/"491-e/sQckbTp9/eP+L2rWPQsYTiHQY"', 'Vary': 'Accept-Encoding', 'Content-Encoding': 'gzip', 'CF-Cache-Status': 'DYNAMIC', 'Report-To': '{"endpoints":[{"url":"https:\\/\\/a.nel.cloudflare.com\\/report\\/v4?s=9JhjvALyEZXawHes7UKk225T9TGzk8dLour8i4oiSKcEcX4wI7EDSgL%2BBZ55HGXPrst17ep4sWL%2FrfYKGa4ChSiTh5Pk6DglAbPDvzugRWiuXNaB%2Fw6JvK47koVIGO8e"}],"group":"cf-nel","max_age":604800}', 'NEL': '{"success_fraction":0,"report_to":"cf-nel","max_age":604800}', 'Server': 'cloudflare', 'CF-RAY': '88b1984709913b17-IAD', 'alt-svc': 'h3=":443"; ma=86400'} 
 body={"results":[{"gender":"male","name":{"title":"Mr","first":"Mille","last":"Christensen"},"location":{"street":{"number":2310,"name":"Hovvej"},"city":"Nykøbing Sj.","state":"Sjælland","country":"Denmark","postcode":60592,"coordinates":{"latitude":"-45.5708","longitude":"-77.2729"},"timezone":{"offset":"-5:00","description":"Eastern Time (US &amp; Canada), Bogota, Lima"}},"email":"mille.christensen@example.com","login":{"uuid":"a13358b8-2fbb-47e4-b50a-9e8a603a382e","username":"angrymouse624","password":"energy","salt":"j7TSB6rn","md5":"3742f21f6f5226a7e38ff292ef59d729","sha1":"a9646826eb092b258d076dcf57288a6f4f3860ac","sha256":"132b402c6c148ff60a10d99e35bea50ebb72ba984f003bd93214037f28c9bbbd"},"dob":{"date":"1997-06-18T14:48:51.501Z","age":26},"registered":{"date":"2012-09-15T10:35:04.245Z","age":11},"phone":"40162519","cell":"23618701","id":{"name":"CPR","value":"180697-1661"},"picture":{"large":"https://randomuser.me/api/portraits/men/63.jpg","medium":"https://randomuser.me/api/portraits/med/men/63.jpg","thumbnail":"https://randomuser.me/api/portraits/thumb/men/63.jpg"},"nat":"DK"}],"info":{"seed":"a0afcbf1eec37f60","results":1,"page":1,"version":"1.4"}} 
 </msg>
<msg time="2024-05-28T22:13:57.090185" level="INFO">/opt/hostedtoolcache/Python/3.12.3/x64/lib/python3.12/site-packages/urllib3/connectionpool.py:1103: InsecureRequestWarning: Unverified HTTPS request is being made to host 'randomuser.me'. Adding certificate verification is strongly advised. See: https://urllib3.readthedocs.io/en/latest/advanced-usage.html#tls-warnings
  warnings.warn(</msg>
<msg time="2024-05-28T22:13:57.090333" level="INFO">${response} = &lt;Response [200]&gt;</msg>
<var>${response}</var>
<arg>consultarAPI</arg>
<arg>/api</arg>
<doc>Sends a GET request on a previously created HTTP Session.</doc>
<status status="PASS" start="2024-05-28T22:13:56.961388" elapsed="0.128996"/>
</kw>
<kw name="Set Variable" owner="BuiltIn">
<msg time="2024-05-28T22:13:57.091391" level="INFO">${json_data} = {'results': [{'gender': 'male', 'name': {'title': 'Mr', 'first': 'Mille', 'last': 'Christensen'}, 'location': {'street': {'number': 2310, 'name': 'Hovvej'}, 'city': 'Nykøbing Sj.', 'state': 'Sjælland'...</msg>
<var>${json_data}</var>
<arg>${response.json()}</arg>
<doc>Returns the given values which can then be assigned to a variables.</doc>
<status status="PASS" start="2024-05-28T22:13:57.090887" elapsed="0.000535"/>
</kw>
<kw name="Log" owner="BuiltIn">
<msg time="2024-05-28T22:13:57.091899" level="INFO">{'results': [{'gender': 'male', 'name': {'title': 'Mr', 'first': 'Mille', 'last': 'Christensen'}, 'location': {'street': {'number': 2310, 'name': 'Hovvej'}, 'city': 'Nykøbing Sj.', 'state': 'Sjælland', 'country': 'Denmark', 'postcode': 60592, 'coordinates': {'latitude': '-45.5708', 'longitude': '-77.2729'}, 'timezone': {'offset': '-5:00', 'description': 'Eastern Time (US &amp; Canada), Bogota, Lima'}}, 'email': 'mille.christensen@example.com', 'login': {'uuid': 'a13358b8-2fbb-47e4-b50a-9e8a603a382e', 'username': 'angrymouse624', 'password': 'energy', 'salt': 'j7TSB6rn', 'md5': '3742f21f6f5226a7e38ff292ef59d729', 'sha1': 'a9646826eb092b258d076dcf57288a6f4f3860ac', 'sha256': '132b402c6c148ff60a10d99e35bea50ebb72ba984f003bd93214037f28c9bbbd'}, 'dob': {'date': '1997-06-18T14:48:51.501Z', 'age': 26}, 'registered': {'date': '2012-09-15T10:35:04.245Z', 'age': 11}, 'phone': '40162519', 'cell': '23618701', 'id': {'name': 'CPR', 'value': '180697-1661'}, 'picture': {'large': 'https://randomuser.me/api/portraits/men/63.jpg', 'medium': 'https://randomuser.me/api/portraits/med/men/63.jpg', 'thumbnail': 'https://randomuser.me/api/portraits/thumb/men/63.jpg'}, 'nat': 'DK'}], 'info': {'seed': 'a0afcbf1eec37f60', 'results': 1, 'page': 1, 'version': '1.4'}}</msg>
<arg>${json_data}</arg>
<doc>Logs the given message with the given level.</doc>
<status status="PASS" start="2024-05-28T22:13:57.091734" elapsed="0.000250"/>
</kw>
<kw name="Should Be String" owner="String">
<arg>${json_data['results'][0]['gender']}</arg>
<doc>Fails if the given ``item`` is not a string.</doc>
<status status="PASS" start="2024-05-28T22:13:57.092281" elapsed="0.000413"/>
</kw>
<kw name="Should Match Regexp" owner="BuiltIn">
<arg>${json_data['results'][0]['email']}</arg>
<arg>^[a-zA-Z0-9._%+-]+@[a-zA-Z0-9.-]+\.[a-zA-Z]{2,}$</arg>
<doc>Fails if ``string`` does not match ``pattern`` as a regular expression.</doc>
<status status="PASS" start="2024-05-28T22:13:57.092895" elapsed="0.000656"/>
</kw>
<kw name="Should Match Regexp" owner="BuiltIn">
<arg>${json_data['results'][0]['dob']['date']}</arg>
<arg>\\d{4}-\\d{2}-\\d{2}T\\d{2}:\\d{2}:\\d{2}\\.\\d{3}Z</arg>
<doc>Fails if ``string`` does not match ``pattern`` as a regular expression.</doc>
<status status="PASS" start="2024-05-28T22:13:57.093748" elapsed="0.000483"/>
</kw>
<kw name="Should Match Regexp" owner="BuiltIn">
<arg>${json_data['results'][0]['registered']['date']}</arg>
<arg>\\d{4}-\\d{2}-\\d{2}T\\d{2}:\\d{2}:\\d{2}\\.\\d{3}Z</arg>
<doc>Fails if ``string`` does not match ``pattern`` as a regular expression.</doc>
<status status="PASS" start="2024-05-28T22:13:57.094421" elapsed="0.000365"/>
</kw>
<kw name="Should Match Regexp" owner="BuiltIn">
<arg>${json_data['results'][0]['picture']['large']}</arg>
<arg>^https?://.*\.(?:png|jpe?g|gif|bmp)$</arg>
<doc>Fails if ``string`` does not match ``pattern`` as a regular expression.</doc>
<status status="PASS" start="2024-05-28T22:13:57.094973" elapsed="0.000466"/>
</kw>
<kw name="Should Match Regexp" owner="BuiltIn">
<arg>${json_data['results'][0]['picture']['medium']}</arg>
<arg>^https?://.*\.(?:png|jpe?g|gif|bmp)$</arg>
<doc>Fails if ``string`` does not match ``pattern`` as a regular expression.</doc>
<status status="PASS" start="2024-05-28T22:13:57.095627" elapsed="0.000352"/>
</kw>
<kw name="Should Match Regexp" owner="BuiltIn">
<arg>${json_data['results'][0]['picture']['thumbnail']}</arg>
<arg>^https?://.*\.(?:png|jpe?g|gif|bmp)$</arg>
<doc>Fails if ``string`` does not match ``pattern`` as a regular expression.</doc>
<status status="PASS" start="2024-05-28T22:13:57.096174" elapsed="0.000349"/>
</kw>
<kw name="Log" owner="BuiltIn">
<msg time="2024-05-28T22:13:57.097055" level="INFO">{'large': 'https://randomuser.me/api/portraits/men/63.jpg', 'medium': 'https://randomuser.me/api/portraits/med/men/63.jpg', 'thumbnail': 'https://randomuser.me/api/portraits/thumb/men/63.jpg'}</msg>
<arg>${json_data['results'][0]['picture']}</arg>
<doc>Logs the given message with the given level.</doc>
<status status="PASS" start="2024-05-28T22:13:57.096733" elapsed="0.000378"/>
</kw>
<status status="PASS" start="2024-05-28T22:13:56.961155" elapsed="0.136211"/>
</kw>
<kw name="Teste de Tipos de Dados - Postcode" owner="random-user-service">
<kw name="GET On Session" owner="RequestsLibrary">
<msg time="2024-05-28T22:13:57.135368" level="INFO">GET Request : url=https://randomuser.me/api 
 path_url=/api 
 headers={'User-Agent': 'python-requests/2.32.2', 'Accept-Encoding': 'gzip, deflate', 'Accept': '*/*', 'Connection': 'keep-alive'} 
 body=None 
 </msg>
<msg time="2024-05-28T22:13:57.135448" level="INFO">GET Response : url=https://randomuser.me/api 
 status=200, reason=OK 
 headers={'Date': 'Tue, 28 May 2024 22:13:57 GMT', 'Content-Type': 'application/json; charset=utf-8', 'Transfer-Encoding': 'chunked', 'Connection': 'keep-alive', 'X-Powered-By': 'Express', 'Access-Control-Allow-Origin': '*', 'Cache-Control': 'no-cache', 'ETag': 'W/"488-GT+YJut7Huq6sZlSn/LA/oNivbE"', 'Vary': 'Accept-Encoding', 'Content-Encoding': 'gzip', 'CF-Cache-Status': 'DYNAMIC', 'Report-To': '{"endpoints":[{"url":"https:\\/\\/a.nel.cloudflare.com\\/report\\/v4?s=VIYm5Y7m8HnjPE2Tb%2Fk5k%2BDDPdmpsJqsYbVpJD6ruJjOuA4lxiHJVmm92uGflcgexXv414sbrGrgACaW5hiChOcBe%2BzxSXN72fSl%2BWWWH2eTNseSfTjdgW0zF4OH0Uim"}],"group":"cf-nel","max_age":604800}', 'NEL': '{"success_fraction":0,"report_to":"cf-nel","max_age":604800}', 'Server': 'cloudflare', 'CF-RAY': '88b19847eaaa3b17-IAD', 'alt-svc': 'h3=":443"; ma=86400'} 
 body={"results":[{"gender":"female","name":{"title":"Ms","first":"Rose","last":"Hoyer"},"location":{"street":{"number":9711,"name":"Fliederweg"},"city":"Bad Sachsa","state":"Niedersachsen","country":"Germany","postcode":21235,"coordinates":{"latitude":"-55.1119","longitude":"82.7092"},"timezone":{"offset":"-1:00","description":"Azores, Cape Verde Islands"}},"email":"rose.hoyer@example.com","login":{"uuid":"d5b6f518-1ef9-4977-b00b-0c7fad84d8c6","username":"sadbear820","password":"6464","salt":"40KJCBSd","md5":"987df906d04c2cb8c1433e25c89e227d","sha1":"df76b012b549af9deff4ec58262c685d343092e6","sha256":"1ba8b44018043e64bc63294ec5fd8f96f3b481642e7183bf3311ad74b8c0fe3c"},"dob":{"date":"1971-08-30T03:00:17.560Z","age":52},"registered":{"date":"2021-11-04T23:29:10.582Z","age":2},"phone":"0852-8574611","cell":"0171-1450243","id":{"name":"SVNR","value":"52 290871 H 562"},"picture":{"large":"https://randomuser.me/api/portraits/women/60.jpg","medium":"https://randomuser.me/api/portraits/med/women/60.jpg","thumbnail":"https://randomuser.me/api/portraits/thumb/women/60.jpg"},"nat":"DE"}],"info":{"seed":"03cf13011c46d8fc","results":1,"page":1,"version":"1.4"}} 
 </msg>
<msg time="2024-05-28T22:13:57.135517" level="INFO">/opt/hostedtoolcache/Python/3.12.3/x64/lib/python3.12/site-packages/urllib3/connectionpool.py:1103: InsecureRequestWarning: Unverified HTTPS request is being made to host 'randomuser.me'. Adding certificate verification is strongly advised. See: https://urllib3.readthedocs.io/en/latest/advanced-usage.html#tls-warnings
  warnings.warn(</msg>
<msg time="2024-05-28T22:13:57.135653" level="INFO">${response} = &lt;Response [200]&gt;</msg>
<var>${response}</var>
<arg>consultarAPI</arg>
<arg>/api</arg>
<doc>Sends a GET request on a previously created HTTP Session.</doc>
<status status="PASS" start="2024-05-28T22:13:57.097824" elapsed="0.037874"/>
</kw>
<kw name="Set Variable" owner="BuiltIn">
<msg time="2024-05-28T22:13:57.136505" level="INFO">${json_data} = {'results': [{'gender': 'female', 'name': {'title': 'Ms', 'first': 'Rose', 'last': 'Hoyer'}, 'location': {'street': {'number': 9711, 'name': 'Fliederweg'}, 'city': 'Bad Sachsa', 'state': 'Niedersachse...</msg>
<var>${json_data}</var>
<arg>${response.json()}</arg>
<doc>Returns the given values which can then be assigned to a variables.</doc>
<status status="PASS" start="2024-05-28T22:13:57.136066" elapsed="0.000468"/>
</kw>
<kw name="Log" owner="BuiltIn">
<msg time="2024-05-28T22:13:57.137029" level="INFO">{'results': [{'gender': 'female', 'name': {'title': 'Ms', 'first': 'Rose', 'last': 'Hoyer'}, 'location': {'street': {'number': 9711, 'name': 'Fliederweg'}, 'city': 'Bad Sachsa', 'state': 'Niedersachsen', 'country': 'Germany', 'postcode': 21235, 'coordinates': {'latitude': '-55.1119', 'longitude': '82.7092'}, 'timezone': {'offset': '-1:00', 'description': 'Azores, Cape Verde Islands'}}, 'email': 'rose.hoyer@example.com', 'login': {'uuid': 'd5b6f518-1ef9-4977-b00b-0c7fad84d8c6', 'username': 'sadbear820', 'password': '6464', 'salt': '40KJCBSd', 'md5': '987df906d04c2cb8c1433e25c89e227d', 'sha1': 'df76b012b549af9deff4ec58262c685d343092e6', 'sha256': '1ba8b44018043e64bc63294ec5fd8f96f3b481642e7183bf3311ad74b8c0fe3c'}, 'dob': {'date': '1971-08-30T03:00:17.560Z', 'age': 52}, 'registered': {'date': '2021-11-04T23:29:10.582Z', 'age': 2}, 'phone': '0852-8574611', 'cell': '0171-1450243', 'id': {'name': 'SVNR', 'value': '52 290871 H 562'}, 'picture': {'large': 'https://randomuser.me/api/portraits/women/60.jpg', 'medium': 'https://randomuser.me/api/portraits/med/women/60.jpg', 'thumbnail': 'https://randomuser.me/api/portraits/thumb/women/60.jpg'}, 'nat': 'DE'}], 'info': {'seed': '03cf13011c46d8fc', 'results': 1, 'page': 1, 'version': '1.4'}}</msg>
<arg>${json_data}</arg>
<doc>Logs the given message with the given level.</doc>
<status status="PASS" start="2024-05-28T22:13:57.136881" elapsed="0.000222"/>
</kw>
<kw name="Should Be Equal As Numbers" owner="BuiltIn">
<arg>${json_data['results'][0]['location']['postcode']}</arg>
<arg>${json_data['results'][0]['location']['postcode']}</arg>
<doc>Fails if objects are unequal after converting them to real numbers.</doc>
<status status="PASS" start="2024-05-28T22:13:57.137398" elapsed="0.000621"/>
</kw>
<kw name="Log" owner="BuiltIn">
<msg time="2024-05-28T22:13:57.138537" level="INFO">21235</msg>
<arg>${json_data['results'][0]['location']['postcode']}</arg>
<doc>Logs the given message with the given level.</doc>
<status status="PASS" start="2024-05-28T22:13:57.138206" elapsed="0.000372"/>
</kw>
<status status="PASS" start="2024-05-28T22:13:57.097591" elapsed="0.041236"/>
</kw>
<doc>Testa se os tipos de dados na resposta da API estão corretos.</doc>
<tag>testeTiposDados</tag>
<status status="PASS" start="2024-05-28T22:13:56.960674" elapsed="0.178313"/>
</test>
<test id="s1-s1-t5" name="Validar conteudo" line="35">
<kw name="Teste de Tipos de Conteudo" owner="random-user-service">
<kw name="GET On Session" owner="RequestsLibrary">
<msg time="2024-05-28T22:13:57.229605" level="INFO">GET Request : url=https://randomuser.me/api 
 path_url=/api 
 headers={'User-Agent': 'python-requests/2.32.2', 'Accept-Encoding': 'gzip, deflate', 'Accept': '*/*', 'Connection': 'keep-alive'} 
 body=None 
 </msg>
<msg time="2024-05-28T22:13:57.229713" level="INFO">GET Response : url=https://randomuser.me/api 
 status=200, reason=OK 
 headers={'Date': 'Tue, 28 May 2024 22:13:57 GMT', 'Content-Type': 'application/json; charset=utf-8', 'Transfer-Encoding': 'chunked', 'Connection': 'keep-alive', 'X-Powered-By': 'Express', 'Access-Control-Allow-Origin': '*', 'Cache-Control': 'no-cache', 'ETag': 'W/"4a9-4u+uPQUbr8Xh/g/hQKhH2NluO9w"', 'Vary': 'Accept-Encoding', 'Content-Encoding': 'gzip', 'CF-Cache-Status': 'DYNAMIC', 'Report-To': '{"endpoints":[{"url":"https:\\/\\/a.nel.cloudflare.com\\/report\\/v4?s=CqGrmF%2FW5dgPk9z2NVLbgsgLzkkgcQVWPrvq9YbHwuLyIr4DAFmBIgxVd4WBlRGoX%2Fs6DgQulnaQz1tCv%2Bp4pTc3xDhIuoLx%2BsZbf8u9xcJ%2BmxsKdMRxqlG3ZGA00UUN"}],"group":"cf-nel","max_age":604800}', 'NEL': '{"success_fraction":0,"report_to":"cf-nel","max_age":604800}', 'Server': 'cloudflare', 'CF-RAY': '88b198482b063b17-IAD', 'alt-svc': 'h3=":443"; ma=86400'} 
 body={"results":[{"gender":"female","name":{"title":"Ms","first":"Connie","last":"Rodriquez"},"location":{"street":{"number":5099,"name":"Paddock Way"},"city":"Gladstone","state":"New South Wales","country":"Australia","postcode":805,"coordinates":{"latitude":"-82.2874","longitude":"68.5111"},"timezone":{"offset":"-4:00","description":"Atlantic Time (Canada), Caracas, La Paz"}},"email":"connie.rodriquez@example.com","login":{"uuid":"3cd48963-910c-481c-a7f8-13b1ca349c15","username":"orangebutterfly269","password":"whiskers","salt":"hbXGgX6D","md5":"8feee92ff4878f5948ac6f85127bf938","sha1":"9f36c0c39fc498cf3bd4cc2fd1df0e0d18f33f25","sha256":"440150a4cc724dea292c07b8e44c6d7d84c276b8e2effa01b319d5532bf88d14"},"dob":{"date":"1984-11-02T17:17:36.266Z","age":39},"registered":{"date":"2004-03-06T21:16:03.729Z","age":20},"phone":"06-2257-1381","cell":"0464-219-248","id":{"name":"TFN","value":"151975419"},"picture":{"large":"https://randomuser.me/api/portraits/women/74.jpg","medium":"https://randomuser.me/api/portraits/med/women/74.jpg","thumbnail":"https://randomuser.me/api/portraits/thumb/women/74.jpg"},"nat":"AU"}],"info":{"seed":"ea6787039d8e179c","results":1,"page":1,"version":"1.4"}} 
 </msg>
<msg time="2024-05-28T22:13:57.229794" level="INFO">/opt/hostedtoolcache/Python/3.12.3/x64/lib/python3.12/site-packages/urllib3/connectionpool.py:1103: InsecureRequestWarning: Unverified HTTPS request is being made to host 'randomuser.me'. Adding certificate verification is strongly advised. See: https://urllib3.readthedocs.io/en/latest/advanced-usage.html#tls-warnings
  warnings.warn(</msg>
<msg time="2024-05-28T22:13:57.229936" level="INFO">${response} = &lt;Response [200]&gt;</msg>
<var>${response}</var>
<arg>consultarAPI</arg>
<arg>/api</arg>
<doc>Sends a GET request on a previously created HTTP Session.</doc>
<status status="PASS" start="2024-05-28T22:13:57.141776" elapsed="0.088201"/>
</kw>
<kw name="Set Variable" owner="BuiltIn">
<msg time="2024-05-28T22:13:57.230957" level="INFO">${json_data} = {'results': [{'gender': 'female', 'name': {'title': 'Ms', 'first': 'Connie', 'last': 'Rodriquez'}, 'location': {'street': {'number': 5099, 'name': 'Paddock Way'}, 'city': 'Gladstone', 'state': 'New So...</msg>
<var>${json_data}</var>
<arg>${response.json()}</arg>
<doc>Returns the given values which can then be assigned to a variables.</doc>
<status status="PASS" start="2024-05-28T22:13:57.230454" elapsed="0.000531"/>
</kw>
<kw name="Set Variable" owner="BuiltIn">
<msg time="2024-05-28T22:13:57.231671" level="INFO">${name_title} = Ms</msg>
<var>${name_title}</var>
<arg>${json_data["results"][0]["name"]["title"]}</arg>
<doc>Returns the given values which can then be assigned to a variables.</doc>
<status status="PASS" start="2024-05-28T22:13:57.231285" elapsed="0.000411"/>
</kw>
<kw name="Create List" owner="BuiltIn">
<msg time="2024-05-28T22:13:57.232135" level="INFO">${allowed_titles} = ['Mr', 'Ms', 'Miss', 'Mrs', 'Madame', 'Monsieur']</msg>
<var>${allowed_titles}</var>
<arg>Mr</arg>
<arg>Ms</arg>
<arg>Miss</arg>
<arg>Mrs</arg>
<arg>Madame</arg>
<arg>Monsieur</arg>
<doc>Returns a list containing given items.</doc>
<status status="PASS" start="2024-05-28T22:13:57.231988" elapsed="0.000171"/>
</kw>
<kw name="List Should Contain Value" owner="Collections">
<msg time="2024-05-28T22:13:57.232667" level="INFO">False</msg>
<arg>${allowed_titles}</arg>
<arg>${name_title}</arg>
<doc>Fails if the ``value`` is not found from ``list``.</doc>
<status status="PASS" start="2024-05-28T22:13:57.232454" elapsed="0.000262"/>
</kw>
<kw name="Set Variable" owner="BuiltIn">
<msg time="2024-05-28T22:13:57.233576" level="INFO">${name_country} = AU</msg>
<var>${name_country}</var>
<arg>${json_data["results"][0]["nat"]}</arg>
<doc>Returns the given values which can then be assigned to a variables.</doc>
<status status="PASS" start="2024-05-28T22:13:57.233016" elapsed="0.000585"/>
</kw>
<kw name="Create List" owner="BuiltIn">
<msg time="2024-05-28T22:13:57.234506" level="INFO">${list_country} = ['AD', 'AE', 'AF', 'AG', 'AI', 'AL', 'AM', 'AO', 'AQ', 'AR', 'AS', 'AT', 'AU', 'AW', 'AX', 'AZ', 'BA', 'BB', 'BD', 'BE', 'BF', 'BG', 'BH', 'BI', 'BJ', 'BL', 'BM', 'BN', 'BO', 'BQ', 'BR', 'BS', 'BT', '...</msg>
<var>${list_country}</var>
<arg>AD</arg>
<arg>AE</arg>
<arg>AF</arg>
<arg>AG</arg>
<arg>AI</arg>
<arg>AL</arg>
<arg>AM</arg>
<arg>AO</arg>
<arg>AQ</arg>
<arg>AR</arg>
<arg>AS</arg>
<arg>AT</arg>
<arg>AU</arg>
<arg>AW</arg>
<arg>AX</arg>
<arg>AZ</arg>
<arg>BA</arg>
<arg>BB</arg>
<arg>BD</arg>
<arg>BE</arg>
<arg>BF</arg>
<arg>BG</arg>
<arg>BH</arg>
<arg>BI</arg>
<arg>BJ</arg>
<arg>BL</arg>
<arg>BM</arg>
<arg>BN</arg>
<arg>BO</arg>
<arg>BQ</arg>
<arg>BR</arg>
<arg>BS</arg>
<arg>BT</arg>
<arg>BV</arg>
<arg>BW</arg>
<arg>BY</arg>
<arg>BZ</arg>
<arg>CA</arg>
<arg>CC</arg>
<arg>CD</arg>
<arg>CF</arg>
<arg>CG</arg>
<arg>CH</arg>
<arg>CI</arg>
<arg>CK</arg>
<arg>CL</arg>
<arg>CM</arg>
<arg>CN</arg>
<arg>CO</arg>
<arg>CR</arg>
<arg>CU</arg>
<arg>CV</arg>
<arg>CW</arg>
<arg>CX</arg>
<arg>CY</arg>
<arg>CZ</arg>
<arg>DE</arg>
<arg>DJ</arg>
<arg>DK</arg>
<arg>DM</arg>
<arg>DO</arg>
<arg>DZ</arg>
<arg>EC</arg>
<arg>EE</arg>
<arg>EG</arg>
<arg>EH</arg>
<arg>ER</arg>
<arg>ES</arg>
<arg>ET</arg>
<arg>FI</arg>
<arg>FJ</arg>
<arg>FK</arg>
<arg>FM</arg>
<arg>FO</arg>
<arg>FR</arg>
<arg>GA</arg>
<arg>GB</arg>
<arg>GD</arg>
<arg>GE</arg>
<arg>GF</arg>
<arg>GG</arg>
<arg>GH</arg>
<arg>GI</arg>
<arg>GL</arg>
<arg>GM</arg>
<arg>GN</arg>
<arg>GP</arg>
<arg>GQ</arg>
<arg>GR</arg>
<arg>GS</arg>
<arg>GT</arg>
<arg>GU</arg>
<arg>GW</arg>
<arg>GY</arg>
<arg>HK</arg>
<arg>HM</arg>
<arg>HN</arg>
<arg>HR</arg>
<arg>HT</arg>
<arg>HU</arg>
<arg>ID</arg>
<arg>IE</arg>
<arg>IL</arg>
<arg>IM</arg>
<arg>IN</arg>
<arg>IO</arg>
<arg>IQ</arg>
<arg>IR</arg>
<arg>IS</arg>
<arg>IT</arg>
<arg>JE</arg>
<arg>JM</arg>
<arg>JO</arg>
<arg>JP</arg>
<arg>KE</arg>
<arg>KG</arg>
<arg>KH</arg>
<arg>KI</arg>
<arg>KM</arg>
<arg>KN</arg>
<arg>KP</arg>
<arg>KR</arg>
<arg>KW</arg>
<arg>KY</arg>
<arg>KZ</arg>
<arg>LA</arg>
<arg>LB</arg>
<arg>LC</arg>
<arg>LI</arg>
<arg>LK</arg>
<arg>LR</arg>
<arg>LS</arg>
<arg>LT</arg>
<arg>LU</arg>
<arg>LV</arg>
<arg>LY</arg>
<arg>MA</arg>
<arg>MC</arg>
<arg>MD</arg>
<arg>ME</arg>
<arg>MF</arg>
<arg>MG</arg>
<arg>MH</arg>
<arg>MK</arg>
<arg>ML</arg>
<arg>MM</arg>
<arg>MN</arg>
<arg>MO</arg>
<arg>MP</arg>
<arg>MQ</arg>
<arg>MR</arg>
<arg>MS</arg>
<arg>MT</arg>
<arg>MU</arg>
<arg>MV</arg>
<arg>MW</arg>
<arg>MX</arg>
<arg>MY</arg>
<arg>MZ</arg>
<arg>NA</arg>
<arg>NC</arg>
<arg>NE</arg>
<arg>NF</arg>
<arg>NG</arg>
<arg>NI</arg>
<arg>NL</arg>
<arg>NO</arg>
<arg>NP</arg>
<arg>NR</arg>
<arg>NU</arg>
<arg>NZ</arg>
<arg>OM</arg>
<arg>PA</arg>
<arg>PE</arg>
<arg>PF</arg>
<arg>PG</arg>
<arg>PH</arg>
<arg>PK</arg>
<arg>PL</arg>
<arg>PM</arg>
<arg>PN</arg>
<arg>PR</arg>
<arg>PS</arg>
<arg>PT</arg>
<arg>PW</arg>
<arg>PY</arg>
<arg>QA</arg>
<arg>RE</arg>
<arg>RO</arg>
<arg>RS</arg>
<arg>RU</arg>
<arg>RW</arg>
<arg>SA</arg>
<arg>SB</arg>
<arg>SC</arg>
<arg>SD</arg>
<arg>SE</arg>
<arg>SG</arg>
<arg>SH</arg>
<arg>SI</arg>
<arg>SJ</arg>
<arg>SK</arg>
<arg>SL</arg>
<arg>SM</arg>
<arg>SN</arg>
<arg>SO</arg>
<arg>SR</arg>
<arg>SS</arg>
<arg>ST</arg>
<arg>SV</arg>
<arg>SX</arg>
<arg>SY</arg>
<arg>SZ</arg>
<arg>TC</arg>
<arg>TD</arg>
<arg>TF</arg>
<arg>TG</arg>
<arg>TH</arg>
<arg>TJ</arg>
<arg>TK</arg>
<arg>TL</arg>
<arg>TM</arg>
<arg>TN</arg>
<arg>TO</arg>
<arg>TR</arg>
<arg>TT</arg>
<arg>TV</arg>
<arg>TW</arg>
<arg>TZ</arg>
<arg>UA</arg>
<arg>UG</arg>
<arg>UM</arg>
<arg>US</arg>
<arg>UY</arg>
<arg>UZ</arg>
<arg>VA</arg>
<arg>VC</arg>
<arg>VE</arg>
<arg>VG</arg>
<arg>VI</arg>
<arg>VN</arg>
<arg>VU</arg>
<arg>WF</arg>
<arg>WS</arg>
<arg>XK</arg>
<arg>YE</arg>
<arg>YT</arg>
<arg>ZA</arg>
<arg>ZM</arg>
<arg>ZW</arg>
<doc>Returns a list containing given items.</doc>
<status status="PASS" start="2024-05-28T22:13:57.233911" elapsed="0.000620"/>
</kw>
<kw name="List Should Contain Value" owner="Collections">
<msg time="2024-05-28T22:13:57.235528" level="INFO">False</msg>
<arg>${list_country}</arg>
<arg>${name_country}</arg>
<doc>Fails if the ``value`` is not found from ``list``.</doc>
<status status="PASS" start="2024-05-28T22:13:57.235315" elapsed="0.000249"/>
</kw>
<kw name="Run Keyword If" owner="BuiltIn">
<kw name="Should Be True" owner="BuiltIn">
<arg>${True}</arg>
<doc>Fails if the given condition is not true.</doc>
<status status="PASS" start="2024-05-28T22:13:57.236647" elapsed="0.000154"/>
</kw>
<arg>${json_data["results"][0]["location"]["coordinates"]["latitude"]} &gt;= -90 and ${json_data["results"][0]["location"]["coordinates"]["latitude"]} &lt;= 90</arg>
<arg>Should Be True</arg>
<arg>${True}</arg>
<doc>Runs the given keyword with the given arguments, if ``condition`` is true.</doc>
<status status="PASS" start="2024-05-28T22:13:57.235875" elapsed="0.001051"/>
</kw>
<kw name="Run Keyword If" owner="BuiltIn">
<kw name="Should Be True" owner="BuiltIn">
<arg>${True}</arg>
<doc>Fails if the given condition is not true.</doc>
<status status="PASS" start="2024-05-28T22:13:57.237821" elapsed="0.000138"/>
</kw>
<arg>${json_data["results"][0]["location"]["coordinates"]["longitude"]} &gt;= -180 and ${json_data["results"][0]["location"]["coordinates"]["longitude"]} &lt;= 180</arg>
<arg>Should Be True</arg>
<arg>${True}</arg>
<doc>Runs the given keyword with the given arguments, if ``condition`` is true.</doc>
<status status="PASS" start="2024-05-28T22:13:57.237111" elapsed="0.000972"/>
</kw>
<status status="PASS" start="2024-05-28T22:13:57.141411" elapsed="0.096803"/>
</kw>
<doc>Testa o conteúdo específico dos campos retornados pela API.</doc>
<tag>testeConteudo</tag>
<status status="PASS" start="2024-05-28T22:13:57.140765" elapsed="0.097599"/>
</test>
<status status="PASS" start="2024-05-28T22:13:55.242141" elapsed="1.998265"/>
</suite>
<status status="PASS" start="2024-05-28T22:13:55.228428" elapsed="2.017059"/>
</suite>
<statistics>
<total>
<stat pass="5" fail="0" skip="0">All Tests</stat>
</total>
<tag>
<stat pass="1" fail="0" skip="0">testeConteudo</stat>
<stat pass="1" fail="0" skip="0">testeEstruturaResposta</stat>
<stat pass="1" fail="0" skip="0">testeRequisicaoBasica</stat>
<stat pass="1" fail="0" skip="0">testeTiposDados</stat>
</tag>
<suite>
<stat pass="5" fail="0" skip="0" id="s1" name="Tests">Tests</stat>
<stat pass="5" fail="0" skip="0" id="s1-s1" name="Random-User-Test">Tests.Random-User-Test</stat>
</suite>
</statistics>
<errors>
</errors>
</robot>
