<?xml version="1.0" encoding="UTF-8"?>
<robot generator="Robot 7.0 (Python 3.12.2 on linux)" generated="2024-04-11T05:14:07.116926" rpa="false" schemaversion="5">
<suite id="s1" name="Tests" source="/home/runner/work/DesafioQAItauRogerioJordao/DesafioQAItauRogerioJordao/RamdonUser/tests">
<suite id="s1-s1" name="Random-User-Test" source="/home/runner/work/DesafioQAItauRogerioJordao/DesafioQAItauRogerioJordao/RamdonUser/tests/random-user-test.robot">
<test id="s1-s1-t1" name="Conectar" line="13">
<kw name="Conectar API" owner="random-user-service">
<kw name="Create Session" owner="RequestsLibrary">
<msg time="2024-04-11T05:14:07.533955" level="INFO">Creating Session using : alias=consultarAPI, url=https://randomuser.me/, headers={},                     cookies={}, auth=None, timeout=None, proxies=None, verify=False,                     debug=0 </msg>
<arg>consultarAPI</arg>
<arg>${URL}</arg>
<doc>Create Session: create a HTTP session to a server</doc>
<status status="PASS" start="2024-04-11T05:14:07.533742" elapsed="0.000439"/>
</kw>
<status status="PASS" start="2024-04-11T05:14:07.532639" elapsed="0.001926"/>
</kw>
<status status="PASS" start="2024-04-11T05:14:07.532036" elapsed="0.002737"/>
</test>
<test id="s1-s1-t2" name="Validar retorno 200 e JSON Válido" line="16">
<kw name="Teste de Requisicao Basica" owner="random-user-service">
<kw name="GET On Session" owner="RequestsLibrary">
<msg time="2024-04-11T05:14:07.625361" level="INFO">GET Request : url=https://randomuser.me/api 
 path_url=/api 
 headers={'User-Agent': 'python-requests/2.31.0', 'Accept-Encoding': 'gzip, deflate', 'Accept': '*/*', 'Connection': 'keep-alive'} 
 body=None 
 </msg>
<msg time="2024-04-11T05:14:07.625527" level="INFO">GET Response : url=https://randomuser.me/api 
 status=200, reason=OK 
 headers={'Date': 'Thu, 11 Apr 2024 05:14:07 GMT', 'Content-Type': 'application/json; charset=utf-8', 'Transfer-Encoding': 'chunked', 'Connection': 'keep-alive', 'X-Powered-By': 'Express', 'Access-Control-Allow-Origin': '*', 'Cache-Control': 'no-cache', 'ETag': 'W/"48c-hr9fzvX4h8IiBdwp0Z7JziTbWeo"', 'Vary': 'Accept-Encoding', 'Content-Encoding': 'gzip', 'CF-Cache-Status': 'DYNAMIC', 'Report-To': '{"endpoints":[{"url":"https:\\/\\/a.nel.cloudflare.com\\/report\\/v4?s=f9N%2FyBfV09osfC%2BVUcra1qF0kny%2FnEuLAph%2Ftt7tPLytz7WREEi%2Bayl2fVRi%2BQTMQmrVrVzGD74ZTuZMA0mmNV3HgKc%2BXgNCwKS6BZICbrAmYTqGWBl7sApqpZbiV%2Fgc"}],"group":"cf-nel","max_age":604800}', 'NEL': '{"success_fraction":0,"report_to":"cf-nel","max_age":604800}', 'Server': 'cloudflare', 'CF-RAY': '87287dc55dbb03d4-ORD', 'alt-svc': 'h3=":443"; ma=86400'} 
 body={"results":[{"gender":"female","name":{"title":"Mrs","first":"Terra","last":"Rodriguez"},"location":{"street":{"number":204,"name":"Hillcrest Rd"},"city":"Fargo","state":"Connecticut","country":"United States","postcode":69957,"coordinates":{"latitude":"83.6620","longitude":"152.2657"},"timezone":{"offset":"-10:00","description":"Hawaii"}},"email":"terra.rodriguez@example.com","login":{"uuid":"ec510542-a5a8-4b09-a001-cee31c2e1fe7","username":"beautifulrabbit917","password":"31415926","salt":"vMGSbKjb","md5":"335d4890fb4ef28d2ac6c31fd7488afe","sha1":"2b7e08985e0a7a599fc3b348a93fbeae084890de","sha256":"7aba5329256fad2fc63ed486638ce2b7367c2253a7aad52d4579d178129b034b"},"dob":{"date":"1994-05-11T20:36:54.335Z","age":29},"registered":{"date":"2006-03-22T04:57:27.671Z","age":18},"phone":"(819) 299-4321","cell":"(389) 471-7104","id":{"name":"SSN","value":"879-43-1206"},"picture":{"large":"https://randomuser.me/api/portraits/women/11.jpg","medium":"https://randomuser.me/api/portraits/med/women/11.jpg","thumbnail":"https://randomuser.me/api/portraits/thumb/women/11.jpg"},"nat":"US"}],"info":{"seed":"9c5d6149e25fbe65","results":1,"page":1,"version":"1.4"}} 
 </msg>
<msg time="2024-04-11T05:14:07.625615" level="INFO">/opt/hostedtoolcache/Python/3.12.2/x64/lib/python3.12/site-packages/urllib3/connectionpool.py:1103: InsecureRequestWarning: Unverified HTTPS request is being made to host 'randomuser.me'. Adding certificate verification is strongly advised. See: https://urllib3.readthedocs.io/en/latest/advanced-usage.html#tls-warnings
  warnings.warn(</msg>
<msg time="2024-04-11T05:14:07.625772" level="INFO">${response} = &lt;Response [200]&gt;</msg>
<var>${response}</var>
<arg>consultarAPI</arg>
<arg>/api</arg>
<doc>Sends a GET request on a previously created HTTP Session.</doc>
<status status="PASS" start="2024-04-11T05:14:07.537398" elapsed="0.088414"/>
</kw>
<kw name="Should Be Equal As Numbers" owner="BuiltIn">
<msg time="2024-04-11T05:14:07.627066" level="INFO">Argument types are:
&lt;class 'int'&gt;
&lt;class 'str'&gt;</msg>
<arg>${response.status_code}</arg>
<arg>200</arg>
<doc>Fails if objects are unequal after converting them to real numbers.</doc>
<status status="PASS" start="2024-04-11T05:14:07.626550" elapsed="0.000584"/>
</kw>
<kw name="Log" owner="BuiltIn">
<msg time="2024-04-11T05:14:07.627817" level="INFO">200</msg>
<arg>${response.status_code}</arg>
<doc>Logs the given message with the given level.</doc>
<status status="PASS" start="2024-04-11T05:14:07.627457" elapsed="0.000403"/>
</kw>
<kw name="Set Variable" owner="BuiltIn">
<msg time="2024-04-11T05:14:07.628632" level="INFO">${json_data} = {'results': [{'gender': 'female', 'name': {'title': 'Mrs', 'first': 'Terra', 'last': 'Rodriguez'}, 'location': {'street': {'number': 204, 'name': 'Hillcrest Rd'}, 'city': 'Fargo', 'state': 'Connecticu...</msg>
<var>${json_data}</var>
<arg>${response.json()}</arg>
<doc>Returns the given values which can then be assigned to a variables.</doc>
<status status="PASS" start="2024-04-11T05:14:07.628193" elapsed="0.000467"/>
</kw>
<kw name="Dictionary Should Contain Key" owner="Collections">
<msg time="2024-04-11T05:14:07.629132" level="INFO">False</msg>
<arg>${json_data}</arg>
<arg>results</arg>
<doc>Fails if ``key`` is not found from ``dictionary``.</doc>
<status status="PASS" start="2024-04-11T05:14:07.628961" elapsed="0.000211"/>
</kw>
<status status="PASS" start="2024-04-11T05:14:07.537137" elapsed="0.092306"/>
</kw>
<doc>Testa se a API responde corretamente e retorna um objeto JSON válido.</doc>
<tag>testeRequisicaoBasica</tag>
<status status="PASS" start="2024-04-11T05:14:07.536641" elapsed="0.092993"/>
</test>
<test id="s1-s1-t3" name="Validar estrutura de resposta" line="22">
<kw name="Teste de Estrutura de Resposta" owner="random-user-service">
<kw name="GET On Session" owner="RequestsLibrary">
<msg time="2024-04-11T05:14:07.719704" level="INFO">GET Request : url=https://randomuser.me/api 
 path_url=/api 
 headers={'User-Agent': 'python-requests/2.31.0', 'Accept-Encoding': 'gzip, deflate', 'Accept': '*/*', 'Connection': 'keep-alive'} 
 body=None 
 </msg>
<msg time="2024-04-11T05:14:07.719827" level="INFO">GET Response : url=https://randomuser.me/api 
 status=200, reason=OK 
 headers={'Date': 'Thu, 11 Apr 2024 05:14:07 GMT', 'Content-Type': 'application/json; charset=utf-8', 'Transfer-Encoding': 'chunked', 'Connection': 'keep-alive', 'X-Powered-By': 'Express', 'Access-Control-Allow-Origin': '*', 'Cache-Control': 'no-cache', 'ETag': 'W/"494-/nY8lD3IiTlgaw+xCDfQ7r+jSEg"', 'Vary': 'Accept-Encoding', 'Content-Encoding': 'gzip', 'CF-Cache-Status': 'DYNAMIC', 'Report-To': '{"endpoints":[{"url":"https:\\/\\/a.nel.cloudflare.com\\/report\\/v4?s=kxk28OFvNODvFdLtm5YTrxJsMM1HDsMvs2Dgcr%2FC774eb7loyKxhcEQ8AQLpzUddOb4z5iNd54cwL%2BgsvE361x1k412gRi7Mm0RzkGTZIvN7IiOuJiGReW8LHCobmG4s"}],"group":"cf-nel","max_age":604800}', 'NEL': '{"success_fraction":0,"report_to":"cf-nel","max_age":604800}', 'Server': 'cloudflare', 'CF-RAY': '87287dc5bdec03d4-ORD', 'alt-svc': 'h3=":443"; ma=86400'} 
 body={"results":[{"gender":"male","name":{"title":"Mr","first":"Patrick","last":"Lysaker"},"location":{"street":{"number":8171,"name":"Lavrans vei"},"city":"Såstadbråten","state":"Sør-Trøndelag","country":"Norway","postcode":"0760","coordinates":{"latitude":"40.6164","longitude":"-53.6504"},"timezone":{"offset":"+11:00","description":"Magadan, Solomon Islands, New Caledonia"}},"email":"patrick.lysaker@example.com","login":{"uuid":"b8fd7dba-0306-4a3e-84ef-67c9fea9a08e","username":"whitezebra469","password":"dean","salt":"dpcAOo4H","md5":"711abbc2dc2f4756ab5703cb78fb8940","sha1":"f42bdcf7720eea99d3a40f38d15c97ee2b2feef6","sha256":"9c0712386911c7e15086c1afb977d56dba52b01db4c24643b0c40c248a5c2aff"},"dob":{"date":"1970-09-24T16:27:42.862Z","age":53},"registered":{"date":"2017-09-17T08:37:50.870Z","age":6},"phone":"88666058","cell":"46661253","id":{"name":"FN","value":"24097002955"},"picture":{"large":"https://randomuser.me/api/portraits/men/60.jpg","medium":"https://randomuser.me/api/portraits/med/men/60.jpg","thumbnail":"https://randomuser.me/api/portraits/thumb/men/60.jpg"},"nat":"NO"}],"info":{"seed":"acccbe72817788ce","results":1,"page":1,"version":"1.4"}} 
 </msg>
<msg time="2024-04-11T05:14:07.719994" level="INFO">/opt/hostedtoolcache/Python/3.12.2/x64/lib/python3.12/site-packages/urllib3/connectionpool.py:1103: InsecureRequestWarning: Unverified HTTPS request is being made to host 'randomuser.me'. Adding certificate verification is strongly advised. See: https://urllib3.readthedocs.io/en/latest/advanced-usage.html#tls-warnings
  warnings.warn(</msg>
<msg time="2024-04-11T05:14:07.720136" level="INFO">${response} = &lt;Response [200]&gt;</msg>
<var>${response}</var>
<arg>consultarAPI</arg>
<arg>/api</arg>
<doc>Sends a GET request on a previously created HTTP Session.</doc>
<status status="PASS" start="2024-04-11T05:14:07.632950" elapsed="0.087228"/>
</kw>
<kw name="Set Variable" owner="BuiltIn">
<msg time="2024-04-11T05:14:07.721241" level="INFO">${json_data} = {'results': [{'gender': 'male', 'name': {'title': 'Mr', 'first': 'Patrick', 'last': 'Lysaker'}, 'location': {'street': {'number': 8171, 'name': 'Lavrans vei'}, 'city': 'Såstadbråten', 'state': 'Sør-Tr...</msg>
<var>${json_data}</var>
<arg>${response.json()}</arg>
<doc>Returns the given values which can then be assigned to a variables.</doc>
<status status="PASS" start="2024-04-11T05:14:07.720713" elapsed="0.000558"/>
</kw>
<kw name="Log" owner="BuiltIn">
<msg time="2024-04-11T05:14:07.721750" level="INFO">{'results': [{'gender': 'male', 'name': {'title': 'Mr', 'first': 'Patrick', 'last': 'Lysaker'}, 'location': {'street': {'number': 8171, 'name': 'Lavrans vei'}, 'city': 'Såstadbråten', 'state': 'Sør-Trøndelag', 'country': 'Norway', 'postcode': '0760', 'coordinates': {'latitude': '40.6164', 'longitude': '-53.6504'}, 'timezone': {'offset': '+11:00', 'description': 'Magadan, Solomon Islands, New Caledonia'}}, 'email': 'patrick.lysaker@example.com', 'login': {'uuid': 'b8fd7dba-0306-4a3e-84ef-67c9fea9a08e', 'username': 'whitezebra469', 'password': 'dean', 'salt': 'dpcAOo4H', 'md5': '711abbc2dc2f4756ab5703cb78fb8940', 'sha1': 'f42bdcf7720eea99d3a40f38d15c97ee2b2feef6', 'sha256': '9c0712386911c7e15086c1afb977d56dba52b01db4c24643b0c40c248a5c2aff'}, 'dob': {'date': '1970-09-24T16:27:42.862Z', 'age': 53}, 'registered': {'date': '2017-09-17T08:37:50.870Z', 'age': 6}, 'phone': '88666058', 'cell': '46661253', 'id': {'name': 'FN', 'value': '24097002955'}, 'picture': {'large': 'https://randomuser.me/api/portraits/men/60.jpg', 'medium': 'https://randomuser.me/api/portraits/med/men/60.jpg', 'thumbnail': 'https://randomuser.me/api/portraits/thumb/men/60.jpg'}, 'nat': 'NO'}], 'info': {'seed': 'acccbe72817788ce', 'results': 1, 'page': 1, 'version': '1.4'}}</msg>
<arg>${json_data}</arg>
<doc>Logs the given message with the given level.</doc>
<status status="PASS" start="2024-04-11T05:14:07.721583" elapsed="0.000218"/>
</kw>
<kw name="Dictionary Should Contain Key" owner="Collections">
<msg time="2024-04-11T05:14:07.722325" level="INFO">False</msg>
<arg>${json_data}</arg>
<arg>results</arg>
<doc>Fails if ``key`` is not found from ``dictionary``.</doc>
<status status="PASS" start="2024-04-11T05:14:07.722163" elapsed="0.000200"/>
</kw>
<kw name="Should Not Be Empty" owner="BuiltIn">
<msg time="2024-04-11T05:14:07.722786" level="INFO">Length is 2.</msg>
<arg>${json_data}</arg>
<doc>Verifies that the given item is not empty.</doc>
<status status="PASS" start="2024-04-11T05:14:07.722655" elapsed="0.000169"/>
</kw>
<kw name="Create List" owner="BuiltIn">
<msg time="2024-04-11T05:14:07.723275" level="INFO">${expected_keys} = ['gender', 'name', 'location', 'email', 'login']</msg>
<var>${expected_keys}</var>
<arg>gender</arg>
<arg>name</arg>
<arg>location</arg>
<arg>email</arg>
<arg>login</arg>
<doc>Returns a list containing given items.</doc>
<status status="PASS" start="2024-04-11T05:14:07.723119" elapsed="0.000182"/>
</kw>
<for flavor="IN">
<iter>
<kw name="Dictionary Should Contain Key" owner="Collections">
<msg time="2024-04-11T05:14:07.724345" level="INFO">False</msg>
<arg>${json_data['results'][0]}</arg>
<arg>${key}</arg>
<doc>Fails if ``key`` is not found from ``dictionary``.</doc>
<status status="PASS" start="2024-04-11T05:14:07.723913" elapsed="0.000472"/>
</kw>
<kw name="Log" owner="BuiltIn">
<msg time="2024-04-11T05:14:07.725070" level="INFO">{'gender': 'male', 'name': {'title': 'Mr', 'first': 'Patrick', 'last': 'Lysaker'}, 'location': {'street': {'number': 8171, 'name': 'Lavrans vei'}, 'city': 'Såstadbråten', 'state': 'Sør-Trøndelag', 'country': 'Norway', 'postcode': '0760', 'coordinates': {'latitude': '40.6164', 'longitude': '-53.6504'}, 'timezone': {'offset': '+11:00', 'description': 'Magadan, Solomon Islands, New Caledonia'}}, 'email': 'patrick.lysaker@example.com', 'login': {'uuid': 'b8fd7dba-0306-4a3e-84ef-67c9fea9a08e', 'username': 'whitezebra469', 'password': 'dean', 'salt': 'dpcAOo4H', 'md5': '711abbc2dc2f4756ab5703cb78fb8940', 'sha1': 'f42bdcf7720eea99d3a40f38d15c97ee2b2feef6', 'sha256': '9c0712386911c7e15086c1afb977d56dba52b01db4c24643b0c40c248a5c2aff'}, 'dob': {'date': '1970-09-24T16:27:42.862Z', 'age': 53}, 'registered': {'date': '2017-09-17T08:37:50.870Z', 'age': 6}, 'phone': '88666058', 'cell': '46661253', 'id': {'name': 'FN', 'value': '24097002955'}, 'picture': {'large': 'https://randomuser.me/api/portraits/men/60.jpg', 'medium': 'https://randomuser.me/api/portraits/med/men/60.jpg', 'thumbnail': 'https://randomuser.me/api/portraits/thumb/men/60.jpg'}, 'nat': 'NO'}</msg>
<arg>${json_data['results'][0]}</arg>
<doc>Logs the given message with the given level.</doc>
<status status="PASS" start="2024-04-11T05:14:07.724694" elapsed="0.000428"/>
</kw>
<kw name="Log" owner="BuiltIn">
<msg time="2024-04-11T05:14:07.725558" level="INFO">gender</msg>
<arg>${key}</arg>
<doc>Logs the given message with the given level.</doc>
<status status="PASS" start="2024-04-11T05:14:07.725427" elapsed="0.000169"/>
</kw>
<var name="${key}">gender</var>
<status status="PASS" start="2024-04-11T05:14:07.723772" elapsed="0.002040"/>
</iter>
<iter>
<kw name="Dictionary Should Contain Key" owner="Collections">
<msg time="2024-04-11T05:14:07.726531" level="INFO">False</msg>
<arg>${json_data['results'][0]}</arg>
<arg>${key}</arg>
<doc>Fails if ``key`` is not found from ``dictionary``.</doc>
<status status="PASS" start="2024-04-11T05:14:07.726140" elapsed="0.000429"/>
</kw>
<kw name="Log" owner="BuiltIn">
<msg time="2024-04-11T05:14:07.727264" level="INFO">{'gender': 'male', 'name': {'title': 'Mr', 'first': 'Patrick', 'last': 'Lysaker'}, 'location': {'street': {'number': 8171, 'name': 'Lavrans vei'}, 'city': 'Såstadbråten', 'state': 'Sør-Trøndelag', 'country': 'Norway', 'postcode': '0760', 'coordinates': {'latitude': '40.6164', 'longitude': '-53.6504'}, 'timezone': {'offset': '+11:00', 'description': 'Magadan, Solomon Islands, New Caledonia'}}, 'email': 'patrick.lysaker@example.com', 'login': {'uuid': 'b8fd7dba-0306-4a3e-84ef-67c9fea9a08e', 'username': 'whitezebra469', 'password': 'dean', 'salt': 'dpcAOo4H', 'md5': '711abbc2dc2f4756ab5703cb78fb8940', 'sha1': 'f42bdcf7720eea99d3a40f38d15c97ee2b2feef6', 'sha256': '9c0712386911c7e15086c1afb977d56dba52b01db4c24643b0c40c248a5c2aff'}, 'dob': {'date': '1970-09-24T16:27:42.862Z', 'age': 53}, 'registered': {'date': '2017-09-17T08:37:50.870Z', 'age': 6}, 'phone': '88666058', 'cell': '46661253', 'id': {'name': 'FN', 'value': '24097002955'}, 'picture': {'large': 'https://randomuser.me/api/portraits/men/60.jpg', 'medium': 'https://randomuser.me/api/portraits/med/men/60.jpg', 'thumbnail': 'https://randomuser.me/api/portraits/thumb/men/60.jpg'}, 'nat': 'NO'}</msg>
<arg>${json_data['results'][0]}</arg>
<doc>Logs the given message with the given level.</doc>
<status status="PASS" start="2024-04-11T05:14:07.726903" elapsed="0.000410"/>
</kw>
<kw name="Log" owner="BuiltIn">
<msg time="2024-04-11T05:14:07.727740" level="INFO">name</msg>
<arg>${key}</arg>
<doc>Logs the given message with the given level.</doc>
<status status="PASS" start="2024-04-11T05:14:07.727611" elapsed="0.000167"/>
</kw>
<var name="${key}">name</var>
<status status="PASS" start="2024-04-11T05:14:07.726002" elapsed="0.001994"/>
</iter>
<iter>
<kw name="Dictionary Should Contain Key" owner="Collections">
<msg time="2024-04-11T05:14:07.728667" level="INFO">False</msg>
<arg>${json_data['results'][0]}</arg>
<arg>${key}</arg>
<doc>Fails if ``key`` is not found from ``dictionary``.</doc>
<status status="PASS" start="2024-04-11T05:14:07.728286" elapsed="0.000419"/>
</kw>
<kw name="Log" owner="BuiltIn">
<msg time="2024-04-11T05:14:07.729374" level="INFO">{'gender': 'male', 'name': {'title': 'Mr', 'first': 'Patrick', 'last': 'Lysaker'}, 'location': {'street': {'number': 8171, 'name': 'Lavrans vei'}, 'city': 'Såstadbråten', 'state': 'Sør-Trøndelag', 'country': 'Norway', 'postcode': '0760', 'coordinates': {'latitude': '40.6164', 'longitude': '-53.6504'}, 'timezone': {'offset': '+11:00', 'description': 'Magadan, Solomon Islands, New Caledonia'}}, 'email': 'patrick.lysaker@example.com', 'login': {'uuid': 'b8fd7dba-0306-4a3e-84ef-67c9fea9a08e', 'username': 'whitezebra469', 'password': 'dean', 'salt': 'dpcAOo4H', 'md5': '711abbc2dc2f4756ab5703cb78fb8940', 'sha1': 'f42bdcf7720eea99d3a40f38d15c97ee2b2feef6', 'sha256': '9c0712386911c7e15086c1afb977d56dba52b01db4c24643b0c40c248a5c2aff'}, 'dob': {'date': '1970-09-24T16:27:42.862Z', 'age': 53}, 'registered': {'date': '2017-09-17T08:37:50.870Z', 'age': 6}, 'phone': '88666058', 'cell': '46661253', 'id': {'name': 'FN', 'value': '24097002955'}, 'picture': {'large': 'https://randomuser.me/api/portraits/men/60.jpg', 'medium': 'https://randomuser.me/api/portraits/med/men/60.jpg', 'thumbnail': 'https://randomuser.me/api/portraits/thumb/men/60.jpg'}, 'nat': 'NO'}</msg>
<arg>${json_data['results'][0]}</arg>
<doc>Logs the given message with the given level.</doc>
<status status="PASS" start="2024-04-11T05:14:07.729005" elapsed="0.000423"/>
</kw>
<kw name="Log" owner="BuiltIn">
<msg time="2024-04-11T05:14:07.729853" level="INFO">location</msg>
<arg>${key}</arg>
<doc>Logs the given message with the given level.</doc>
<status status="PASS" start="2024-04-11T05:14:07.729724" elapsed="0.000166"/>
</kw>
<var name="${key}">location</var>
<status status="PASS" start="2024-04-11T05:14:07.728175" elapsed="0.001957"/>
</iter>
<iter>
<kw name="Dictionary Should Contain Key" owner="Collections">
<msg time="2024-04-11T05:14:07.730796" level="INFO">False</msg>
<arg>${json_data['results'][0]}</arg>
<arg>${key}</arg>
<doc>Fails if ``key`` is not found from ``dictionary``.</doc>
<status status="PASS" start="2024-04-11T05:14:07.730421" elapsed="0.000413"/>
</kw>
<kw name="Log" owner="BuiltIn">
<msg time="2024-04-11T05:14:07.731499" level="INFO">{'gender': 'male', 'name': {'title': 'Mr', 'first': 'Patrick', 'last': 'Lysaker'}, 'location': {'street': {'number': 8171, 'name': 'Lavrans vei'}, 'city': 'Såstadbråten', 'state': 'Sør-Trøndelag', 'country': 'Norway', 'postcode': '0760', 'coordinates': {'latitude': '40.6164', 'longitude': '-53.6504'}, 'timezone': {'offset': '+11:00', 'description': 'Magadan, Solomon Islands, New Caledonia'}}, 'email': 'patrick.lysaker@example.com', 'login': {'uuid': 'b8fd7dba-0306-4a3e-84ef-67c9fea9a08e', 'username': 'whitezebra469', 'password': 'dean', 'salt': 'dpcAOo4H', 'md5': '711abbc2dc2f4756ab5703cb78fb8940', 'sha1': 'f42bdcf7720eea99d3a40f38d15c97ee2b2feef6', 'sha256': '9c0712386911c7e15086c1afb977d56dba52b01db4c24643b0c40c248a5c2aff'}, 'dob': {'date': '1970-09-24T16:27:42.862Z', 'age': 53}, 'registered': {'date': '2017-09-17T08:37:50.870Z', 'age': 6}, 'phone': '88666058', 'cell': '46661253', 'id': {'name': 'FN', 'value': '24097002955'}, 'picture': {'large': 'https://randomuser.me/api/portraits/men/60.jpg', 'medium': 'https://randomuser.me/api/portraits/med/men/60.jpg', 'thumbnail': 'https://randomuser.me/api/portraits/thumb/men/60.jpg'}, 'nat': 'NO'}</msg>
<arg>${json_data['results'][0]}</arg>
<doc>Logs the given message with the given level.</doc>
<status status="PASS" start="2024-04-11T05:14:07.731136" elapsed="0.000412"/>
</kw>
<kw name="Log" owner="BuiltIn">
<msg time="2024-04-11T05:14:07.731975" level="INFO">email</msg>
<arg>${key}</arg>
<doc>Logs the given message with the given level.</doc>
<status status="PASS" start="2024-04-11T05:14:07.731846" elapsed="0.000167"/>
</kw>
<var name="${key}">email</var>
<status status="PASS" start="2024-04-11T05:14:07.730309" elapsed="0.001915"/>
</iter>
<iter>
<kw name="Dictionary Should Contain Key" owner="Collections">
<msg time="2024-04-11T05:14:07.732886" level="INFO">False</msg>
<arg>${json_data['results'][0]}</arg>
<arg>${key}</arg>
<doc>Fails if ``key`` is not found from ``dictionary``.</doc>
<status status="PASS" start="2024-04-11T05:14:07.732508" elapsed="0.000415"/>
</kw>
<kw name="Log" owner="BuiltIn">
<msg time="2024-04-11T05:14:07.733582" level="INFO">{'gender': 'male', 'name': {'title': 'Mr', 'first': 'Patrick', 'last': 'Lysaker'}, 'location': {'street': {'number': 8171, 'name': 'Lavrans vei'}, 'city': 'Såstadbråten', 'state': 'Sør-Trøndelag', 'country': 'Norway', 'postcode': '0760', 'coordinates': {'latitude': '40.6164', 'longitude': '-53.6504'}, 'timezone': {'offset': '+11:00', 'description': 'Magadan, Solomon Islands, New Caledonia'}}, 'email': 'patrick.lysaker@example.com', 'login': {'uuid': 'b8fd7dba-0306-4a3e-84ef-67c9fea9a08e', 'username': 'whitezebra469', 'password': 'dean', 'salt': 'dpcAOo4H', 'md5': '711abbc2dc2f4756ab5703cb78fb8940', 'sha1': 'f42bdcf7720eea99d3a40f38d15c97ee2b2feef6', 'sha256': '9c0712386911c7e15086c1afb977d56dba52b01db4c24643b0c40c248a5c2aff'}, 'dob': {'date': '1970-09-24T16:27:42.862Z', 'age': 53}, 'registered': {'date': '2017-09-17T08:37:50.870Z', 'age': 6}, 'phone': '88666058', 'cell': '46661253', 'id': {'name': 'FN', 'value': '24097002955'}, 'picture': {'large': 'https://randomuser.me/api/portraits/men/60.jpg', 'medium': 'https://randomuser.me/api/portraits/med/men/60.jpg', 'thumbnail': 'https://randomuser.me/api/portraits/thumb/men/60.jpg'}, 'nat': 'NO'}</msg>
<arg>${json_data['results'][0]}</arg>
<doc>Logs the given message with the given level.</doc>
<status status="PASS" start="2024-04-11T05:14:07.733219" elapsed="0.000412"/>
</kw>
<kw name="Log" owner="BuiltIn">
<msg time="2024-04-11T05:14:07.734056" level="INFO">login</msg>
<arg>${key}</arg>
<doc>Logs the given message with the given level.</doc>
<status status="PASS" start="2024-04-11T05:14:07.733929" elapsed="0.000165"/>
</kw>
<var name="${key}">login</var>
<status status="PASS" start="2024-04-11T05:14:07.732397" elapsed="0.001971"/>
</iter>
<var>${key}</var>
<value>@{expected_keys}</value>
<status status="PASS" start="2024-04-11T05:14:07.723570" elapsed="0.010925"/>
</for>
<kw name="Create List" owner="BuiltIn">
<msg time="2024-04-11T05:14:07.734838" level="INFO">${expected_keysTwo} = ['username', 'password']</msg>
<var>${expected_keysTwo}</var>
<arg>username</arg>
<arg>password</arg>
<doc>Returns a list containing given items.</doc>
<status status="PASS" start="2024-04-11T05:14:07.734697" elapsed="0.000164"/>
</kw>
<for flavor="IN">
<iter>
<kw name="Dictionary Should Contain Key" owner="Collections">
<msg time="2024-04-11T05:14:07.735881" level="INFO">False</msg>
<arg>${json_data['results'][0]['login']}</arg>
<arg>${keyTwo}</arg>
<doc>Fails if ``key`` is not found from ``dictionary``.</doc>
<status status="PASS" start="2024-04-11T05:14:07.735497" elapsed="0.000422"/>
</kw>
<kw name="Dictionary Should Contain Key" owner="Collections">
<msg time="2024-04-11T05:14:07.736590" level="INFO">False</msg>
<arg>${json_data['results'][0]['login']}</arg>
<arg>${keyTwo}</arg>
<doc>Fails if ``key`` is not found from ``dictionary``.</doc>
<status status="PASS" start="2024-04-11T05:14:07.736216" elapsed="0.000412"/>
</kw>
<kw name="Log" owner="BuiltIn">
<msg time="2024-04-11T05:14:07.737049" level="INFO">username</msg>
<arg>${keyTwo}</arg>
<doc>Logs the given message with the given level.</doc>
<status status="PASS" start="2024-04-11T05:14:07.736921" elapsed="0.000166"/>
</kw>
<var name="${keyTwo}">username</var>
<status status="PASS" start="2024-04-11T05:14:07.735384" elapsed="0.001915"/>
</iter>
<iter>
<kw name="Dictionary Should Contain Key" owner="Collections">
<msg time="2024-04-11T05:14:07.737951" level="INFO">False</msg>
<arg>${json_data['results'][0]['login']}</arg>
<arg>${keyTwo}</arg>
<doc>Fails if ``key`` is not found from ``dictionary``.</doc>
<status status="PASS" start="2024-04-11T05:14:07.737578" elapsed="0.000411"/>
</kw>
<kw name="Dictionary Should Contain Key" owner="Collections">
<msg time="2024-04-11T05:14:07.738681" level="INFO">False</msg>
<arg>${json_data['results'][0]['login']}</arg>
<arg>${keyTwo}</arg>
<doc>Fails if ``key`` is not found from ``dictionary``.</doc>
<status status="PASS" start="2024-04-11T05:14:07.738297" elapsed="0.000421"/>
</kw>
<kw name="Log" owner="BuiltIn">
<msg time="2024-04-11T05:14:07.739138" level="INFO">password</msg>
<arg>${keyTwo}</arg>
<doc>Logs the given message with the given level.</doc>
<status status="PASS" start="2024-04-11T05:14:07.739009" elapsed="0.000170"/>
</kw>
<var name="${keyTwo}">password</var>
<status status="PASS" start="2024-04-11T05:14:07.737469" elapsed="0.001953"/>
</iter>
<var>${keyTwo}</var>
<value>@{expected_keysTwo}</value>
<status status="PASS" start="2024-04-11T05:14:07.735103" elapsed="0.004441"/>
</for>
<status status="PASS" start="2024-04-11T05:14:07.632605" elapsed="0.107085"/>
</kw>
<doc>Testa a estrutura da resposta da API.</doc>
<tag>testeEstruturaResposta</tag>
<status status="PASS" start="2024-04-11T05:14:07.631569" elapsed="0.108287"/>
</test>
<test id="s1-s1-t4" name="Validar tipos de dados" line="28">
<kw name="Teste de Tipos de Dados" owner="random-user-service">
<kw name="GET On Session" owner="RequestsLibrary">
<msg time="2024-04-11T05:14:07.819234" level="INFO">GET Request : url=https://randomuser.me/api 
 path_url=/api 
 headers={'User-Agent': 'python-requests/2.31.0', 'Accept-Encoding': 'gzip, deflate', 'Accept': '*/*', 'Connection': 'keep-alive'} 
 body=None 
 </msg>
<msg time="2024-04-11T05:14:07.819354" level="INFO">GET Response : url=https://randomuser.me/api 
 status=200, reason=OK 
 headers={'Date': 'Thu, 11 Apr 2024 05:14:07 GMT', 'Content-Type': 'application/json; charset=utf-8', 'Transfer-Encoding': 'chunked', 'Connection': 'keep-alive', 'X-Powered-By': 'Express', 'Access-Control-Allow-Origin': '*', 'Cache-Control': 'no-cache', 'ETag': 'W/"482-b+S7tH1JtVWaWgC1pa2Zld4lWFI"', 'Vary': 'Accept-Encoding', 'Content-Encoding': 'gzip', 'CF-Cache-Status': 'DYNAMIC', 'Report-To': '{"endpoints":[{"url":"https:\\/\\/a.nel.cloudflare.com\\/report\\/v4?s=L%2F3GgoC28Eg%2Bx%2FBJ83E%2FWQazhWrWLpkkw00bM2KqPRcVEuUTEGPJNGT9ZKnLUq5Hu5Hn38E6ASD%2BAJYVJkZ8stuUko2bsQ0lUFzQ2Ygqey2eqkwU7HfbuD9czfAZtV76"}],"group":"cf-nel","max_age":604800}', 'NEL': '{"success_fraction":0,"report_to":"cf-nel","max_age":604800}', 'Server': 'cloudflare', 'CF-RAY': '87287dc66e4b03d4-ORD', 'alt-svc': 'h3=":443"; ma=86400'} 
 body={"results":[{"gender":"male","name":{"title":"Mr","first":"Rafael","last":"Edwards"},"location":{"street":{"number":3738,"name":"Camden Ave"},"city":"Kalgoorlie","state":"Northern Territory","country":"Australia","postcode":4025,"coordinates":{"latitude":"-84.6760","longitude":"-55.1994"},"timezone":{"offset":"+9:30","description":"Adelaide, Darwin"}},"email":"rafael.edwards@example.com","login":{"uuid":"c3e51756-fb0b-4418-a584-ae6a9dcbcb89","username":"lazyfish709","password":"dustin","salt":"8SdTrfFN","md5":"37705741f2d87d70dd47d48fb011968d","sha1":"96c825c1d0a7847cd5d9e26bd278067447f619ee","sha256":"be3ffa867a12074cef3d4216c4a514ff33cd96ed16df183f6e81e45da4c8ed05"},"dob":{"date":"1997-08-10T14:37:35.251Z","age":26},"registered":{"date":"2010-03-21T22:52:00.064Z","age":14},"phone":"06-8777-7569","cell":"0451-171-180","id":{"name":"TFN","value":"507229279"},"picture":{"large":"https://randomuser.me/api/portraits/men/67.jpg","medium":"https://randomuser.me/api/portraits/med/men/67.jpg","thumbnail":"https://randomuser.me/api/portraits/thumb/men/67.jpg"},"nat":"AU"}],"info":{"seed":"7ca0f0dac1b6513f","results":1,"page":1,"version":"1.4"}} 
 </msg>
<msg time="2024-04-11T05:14:07.819441" level="INFO">/opt/hostedtoolcache/Python/3.12.2/x64/lib/python3.12/site-packages/urllib3/connectionpool.py:1103: InsecureRequestWarning: Unverified HTTPS request is being made to host 'randomuser.me'. Adding certificate verification is strongly advised. See: https://urllib3.readthedocs.io/en/latest/advanced-usage.html#tls-warnings
  warnings.warn(</msg>
<msg time="2024-04-11T05:14:07.819621" level="INFO">${response} = &lt;Response [200]&gt;</msg>
<var>${response}</var>
<arg>consultarAPI</arg>
<arg>/api</arg>
<doc>Sends a GET request on a previously created HTTP Session.</doc>
<status status="PASS" start="2024-04-11T05:14:07.742782" elapsed="0.076895"/>
</kw>
<kw name="Set Variable" owner="BuiltIn">
<msg time="2024-04-11T05:14:07.820991" level="INFO">${json_data} = {'results': [{'gender': 'male', 'name': {'title': 'Mr', 'first': 'Rafael', 'last': 'Edwards'}, 'location': {'street': {'number': 3738, 'name': 'Camden Ave'}, 'city': 'Kalgoorlie', 'state': 'Northern T...</msg>
<var>${json_data}</var>
<arg>${response.json()}</arg>
<doc>Returns the given values which can then be assigned to a variables.</doc>
<status status="PASS" start="2024-04-11T05:14:07.820399" elapsed="0.000623"/>
</kw>
<kw name="Log" owner="BuiltIn">
<msg time="2024-04-11T05:14:07.821599" level="INFO">{'results': [{'gender': 'male', 'name': {'title': 'Mr', 'first': 'Rafael', 'last': 'Edwards'}, 'location': {'street': {'number': 3738, 'name': 'Camden Ave'}, 'city': 'Kalgoorlie', 'state': 'Northern Territory', 'country': 'Australia', 'postcode': 4025, 'coordinates': {'latitude': '-84.6760', 'longitude': '-55.1994'}, 'timezone': {'offset': '+9:30', 'description': 'Adelaide, Darwin'}}, 'email': 'rafael.edwards@example.com', 'login': {'uuid': 'c3e51756-fb0b-4418-a584-ae6a9dcbcb89', 'username': 'lazyfish709', 'password': 'dustin', 'salt': '8SdTrfFN', 'md5': '37705741f2d87d70dd47d48fb011968d', 'sha1': '96c825c1d0a7847cd5d9e26bd278067447f619ee', 'sha256': 'be3ffa867a12074cef3d4216c4a514ff33cd96ed16df183f6e81e45da4c8ed05'}, 'dob': {'date': '1997-08-10T14:37:35.251Z', 'age': 26}, 'registered': {'date': '2010-03-21T22:52:00.064Z', 'age': 14}, 'phone': '06-8777-7569', 'cell': '0451-171-180', 'id': {'name': 'TFN', 'value': '507229279'}, 'picture': {'large': 'https://randomuser.me/api/portraits/men/67.jpg', 'medium': 'https://randomuser.me/api/portraits/med/men/67.jpg', 'thumbnail': 'https://randomuser.me/api/portraits/thumb/men/67.jpg'}, 'nat': 'AU'}], 'info': {'seed': '7ca0f0dac1b6513f', 'results': 1, 'page': 1, 'version': '1.4'}}</msg>
<arg>${json_data}</arg>
<doc>Logs the given message with the given level.</doc>
<status status="PASS" start="2024-04-11T05:14:07.821410" elapsed="0.000283"/>
</kw>
<kw name="Should Be String" owner="String">
<arg>${json_data['results'][0]['gender']}</arg>
<doc>Fails if the given ``item`` is not a string.</doc>
<status status="PASS" start="2024-04-11T05:14:07.822043" elapsed="0.000442"/>
</kw>
<kw name="Should Match Regexp" owner="BuiltIn">
<arg>${json_data['results'][0]['email']}</arg>
<arg>^[a-zA-Z0-9._%+-]+@[a-zA-Z0-9.-]+\.[a-zA-Z]{2,}$</arg>
<doc>Fails if ``string`` does not match ``pattern`` as a regular expression.</doc>
<status status="PASS" start="2024-04-11T05:14:07.822699" elapsed="0.000552"/>
</kw>
<kw name="Should Match Regexp" owner="BuiltIn">
<arg>${json_data['results'][0]['dob']['date']}</arg>
<arg>\\d{4}-\\d{2}-\\d{2}T\\d{2}:\\d{2}:\\d{2}\\.\\d{3}Z</arg>
<doc>Fails if ``string`` does not match ``pattern`` as a regular expression.</doc>
<status status="PASS" start="2024-04-11T05:14:07.823461" elapsed="0.000536"/>
</kw>
<kw name="Should Match Regexp" owner="BuiltIn">
<arg>${json_data['results'][0]['registered']['date']}</arg>
<arg>\\d{4}-\\d{2}-\\d{2}T\\d{2}:\\d{2}:\\d{2}\\.\\d{3}Z</arg>
<doc>Fails if ``string`` does not match ``pattern`` as a regular expression.</doc>
<status status="PASS" start="2024-04-11T05:14:07.824199" elapsed="0.000392"/>
</kw>
<kw name="Should Match Regexp" owner="BuiltIn">
<arg>${json_data['results'][0]['picture']['large']}</arg>
<arg>^https?://.*\.(?:png|jpe?g|gif|bmp)$</arg>
<doc>Fails if ``string`` does not match ``pattern`` as a regular expression.</doc>
<status status="PASS" start="2024-04-11T05:14:07.824785" elapsed="0.000475"/>
</kw>
<kw name="Should Match Regexp" owner="BuiltIn">
<arg>${json_data['results'][0]['picture']['medium']}</arg>
<arg>^https?://.*\.(?:png|jpe?g|gif|bmp)$</arg>
<doc>Fails if ``string`` does not match ``pattern`` as a regular expression.</doc>
<status status="PASS" start="2024-04-11T05:14:07.825454" elapsed="0.000369"/>
</kw>
<kw name="Should Match Regexp" owner="BuiltIn">
<arg>${json_data['results'][0]['picture']['thumbnail']}</arg>
<arg>^https?://.*\.(?:png|jpe?g|gif|bmp)$</arg>
<doc>Fails if ``string`` does not match ``pattern`` as a regular expression.</doc>
<status status="PASS" start="2024-04-11T05:14:07.826026" elapsed="0.000393"/>
</kw>
<kw name="Log" owner="BuiltIn">
<msg time="2024-04-11T05:14:07.826944" level="INFO">{'large': 'https://randomuser.me/api/portraits/men/67.jpg', 'medium': 'https://randomuser.me/api/portraits/med/men/67.jpg', 'thumbnail': 'https://randomuser.me/api/portraits/thumb/men/67.jpg'}</msg>
<arg>${json_data['results'][0]['picture']}</arg>
<doc>Logs the given message with the given level.</doc>
<status status="PASS" start="2024-04-11T05:14:07.826606" elapsed="0.000382"/>
</kw>
<status status="PASS" start="2024-04-11T05:14:07.742372" elapsed="0.084892"/>
</kw>
<kw name="Teste de Tipos de Dados - Postcode" owner="random-user-service">
<kw name="GET On Session" owner="RequestsLibrary">
<msg time="2024-04-11T05:14:07.921384" level="INFO">GET Request : url=https://randomuser.me/api 
 path_url=/api 
 headers={'User-Agent': 'python-requests/2.31.0', 'Accept-Encoding': 'gzip, deflate', 'Accept': '*/*', 'Connection': 'keep-alive'} 
 body=None 
 </msg>
<msg time="2024-04-11T05:14:07.921496" level="INFO">GET Response : url=https://randomuser.me/api 
 status=200, reason=OK 
 headers={'Date': 'Thu, 11 Apr 2024 05:14:07 GMT', 'Content-Type': 'application/json; charset=utf-8', 'Transfer-Encoding': 'chunked', 'Connection': 'keep-alive', 'X-Powered-By': 'Express', 'Access-Control-Allow-Origin': '*', 'Cache-Control': 'no-cache', 'ETag': 'W/"49c-z0wdx8reWgkuPpzzL82ZpzzoPek"', 'Vary': 'Accept-Encoding', 'Content-Encoding': 'gzip', 'CF-Cache-Status': 'DYNAMIC', 'Report-To': '{"endpoints":[{"url":"https:\\/\\/a.nel.cloudflare.com\\/report\\/v4?s=eCsVwib%2BrATrnLFHzdw2Z2yJ00iIHn29ZHqFdYLO5F%2FFoAPKqQ20ShyS1eBvyxxLU1dxhCFlZTUJpNBN6XzT0fdSb0plfY0bCPL%2Fd7CLOIpPu6H1xma0x9HqIbpG0RFf"}],"group":"cf-nel","max_age":604800}', 'NEL': '{"success_fraction":0,"report_to":"cf-nel","max_age":604800}', 'Server': 'cloudflare', 'CF-RAY': '87287dc6fe7e03d4-ORD', 'alt-svc': 'h3=":443"; ma=86400'} 
 body={"results":[{"gender":"female","name":{"title":"Madame","first":"Romy","last":"Chevalier"},"location":{"street":{"number":3642,"name":"Montée Saint-Barthélémy"},"city":"Ormont-Dessous","state":"St. Gallen","country":"Switzerland","postcode":3875,"coordinates":{"latitude":"-58.8391","longitude":"59.0301"},"timezone":{"offset":"+3:30","description":"Tehran"}},"email":"romy.chevalier@example.com","login":{"uuid":"d26953ab-37b8-4da4-956e-c1ec5c51d8a2","username":"tinyrabbit201","password":"gravity","salt":"ERH1Psfu","md5":"d3505ea0044e519592a3f4a9e8fcfebd","sha1":"45c2ca316c0e2660d0f4ad75dfb9c3c10ed161bb","sha256":"e5e04f88b05f6004648b5557e7fe544d34631443a3a5f073fd0a1862c539ed06"},"dob":{"date":"1996-04-23T08:56:43.751Z","age":27},"registered":{"date":"2017-11-25T02:58:25.836Z","age":6},"phone":"075 856 15 98","cell":"078 777 19 25","id":{"name":"AVS","value":"756.0429.6933.71"},"picture":{"large":"https://randomuser.me/api/portraits/women/34.jpg","medium":"https://randomuser.me/api/portraits/med/women/34.jpg","thumbnail":"https://randomuser.me/api/portraits/thumb/women/34.jpg"},"nat":"CH"}],"info":{"seed":"6ef19ea6619839bf","results":1,"page":1,"version":"1.4"}} 
 </msg>
<msg time="2024-04-11T05:14:07.921601" level="INFO">/opt/hostedtoolcache/Python/3.12.2/x64/lib/python3.12/site-packages/urllib3/connectionpool.py:1103: InsecureRequestWarning: Unverified HTTPS request is being made to host 'randomuser.me'. Adding certificate verification is strongly advised. See: https://urllib3.readthedocs.io/en/latest/advanced-usage.html#tls-warnings
  warnings.warn(</msg>
<msg time="2024-04-11T05:14:07.921733" level="INFO">${response} = &lt;Response [200]&gt;</msg>
<var>${response}</var>
<arg>consultarAPI</arg>
<arg>/api</arg>
<doc>Sends a GET request on a previously created HTTP Session.</doc>
<status status="PASS" start="2024-04-11T05:14:07.827755" elapsed="0.094008"/>
</kw>
<kw name="Set Variable" owner="BuiltIn">
<msg time="2024-04-11T05:14:07.922960" level="INFO">${json_data} = {'results': [{'gender': 'female', 'name': {'title': 'Madame', 'first': 'Romy', 'last': 'Chevalier'}, 'location': {'street': {'number': 3642, 'name': 'Montée Saint-Barthélémy'}, 'city': 'Ormont-Dessous...</msg>
<var>${json_data}</var>
<arg>${response.json()}</arg>
<doc>Returns the given values which can then be assigned to a variables.</doc>
<status status="PASS" start="2024-04-11T05:14:07.922376" elapsed="0.000616"/>
</kw>
<kw name="Log" owner="BuiltIn">
<msg time="2024-04-11T05:14:07.923565" level="INFO">{'results': [{'gender': 'female', 'name': {'title': 'Madame', 'first': 'Romy', 'last': 'Chevalier'}, 'location': {'street': {'number': 3642, 'name': 'Montée Saint-Barthélémy'}, 'city': 'Ormont-Dessous', 'state': 'St. Gallen', 'country': 'Switzerland', 'postcode': 3875, 'coordinates': {'latitude': '-58.8391', 'longitude': '59.0301'}, 'timezone': {'offset': '+3:30', 'description': 'Tehran'}}, 'email': 'romy.chevalier@example.com', 'login': {'uuid': 'd26953ab-37b8-4da4-956e-c1ec5c51d8a2', 'username': 'tinyrabbit201', 'password': 'gravity', 'salt': 'ERH1Psfu', 'md5': 'd3505ea0044e519592a3f4a9e8fcfebd', 'sha1': '45c2ca316c0e2660d0f4ad75dfb9c3c10ed161bb', 'sha256': 'e5e04f88b05f6004648b5557e7fe544d34631443a3a5f073fd0a1862c539ed06'}, 'dob': {'date': '1996-04-23T08:56:43.751Z', 'age': 27}, 'registered': {'date': '2017-11-25T02:58:25.836Z', 'age': 6}, 'phone': '075 856 15 98', 'cell': '078 777 19 25', 'id': {'name': 'AVS', 'value': '756.0429.6933.71'}, 'picture': {'large': 'https://randomuser.me/api/portraits/women/34.jpg', 'medium': 'https://randomuser.me/api/portraits/med/women/34.jpg', 'thumbnail': 'https://randomuser.me/api/portraits/thumb/women/34.jpg'}, 'nat': 'CH'}], 'info': {'seed': '6ef19ea6619839bf', 'results': 1, 'page': 1, 'version': '1.4'}}</msg>
<arg>${json_data}</arg>
<doc>Logs the given message with the given level.</doc>
<status status="PASS" start="2024-04-11T05:14:07.923378" elapsed="0.000280"/>
</kw>
<kw name="Should Be Equal As Numbers" owner="BuiltIn">
<arg>${json_data['results'][0]['location']['postcode']}</arg>
<arg>${json_data['results'][0]['location']['postcode']}</arg>
<doc>Fails if objects are unequal after converting them to real numbers.</doc>
<status status="PASS" start="2024-04-11T05:14:07.924004" elapsed="0.000693"/>
</kw>
<kw name="Log" owner="BuiltIn">
<msg time="2024-04-11T05:14:07.925280" level="INFO">3875</msg>
<arg>${json_data['results'][0]['location']['postcode']}</arg>
<doc>Logs the given message with the given level.</doc>
<status status="PASS" start="2024-04-11T05:14:07.924921" elapsed="0.000402"/>
</kw>
<status status="PASS" start="2024-04-11T05:14:07.827504" elapsed="0.098095"/>
</kw>
<doc>Testa se os tipos de dados na resposta da API estão corretos.</doc>
<tag>testeTiposDados</tag>
<status status="PASS" start="2024-04-11T05:14:07.741640" elapsed="0.184142"/>
</test>
<test id="s1-s1-t5" name="Validar conteudo" line="35">
<kw name="Teste de Tipos de Conteudo" owner="random-user-service">
<kw name="GET On Session" owner="RequestsLibrary">
<msg time="2024-04-11T05:14:08.057335" level="INFO">GET Request : url=https://randomuser.me/api 
 path_url=/api 
 headers={'User-Agent': 'python-requests/2.31.0', 'Accept-Encoding': 'gzip, deflate', 'Accept': '*/*', 'Connection': 'keep-alive'} 
 body=None 
 </msg>
<msg time="2024-04-11T05:14:08.057441" level="INFO">GET Response : url=https://randomuser.me/api 
 status=200, reason=OK 
 headers={'Date': 'Thu, 11 Apr 2024 05:14:08 GMT', 'Content-Type': 'application/json; charset=utf-8', 'Transfer-Encoding': 'chunked', 'Connection': 'keep-alive', 'X-Powered-By': 'Express', 'Access-Control-Allow-Origin': '*', 'Cache-Control': 'no-cache', 'ETag': 'W/"49d-m5CMmr9UlEr6pGwaeiHcHY3s1es"', 'Vary': 'Accept-Encoding', 'Content-Encoding': 'gzip', 'CF-Cache-Status': 'DYNAMIC', 'Report-To': '{"endpoints":[{"url":"https:\\/\\/a.nel.cloudflare.com\\/report\\/v4?s=v%2BQ9DMI9jWSk0v%2FcsvbZuU%2BX%2Feh6GI9sAOKmDlVcVpmbPkibtAEnDrQoWq26ohXTkSntARbMayO%2BCWoy4ho79HcIdRYvAUxAqhI907kR6iuq9OlPldehRhr4to198nIg"}],"group":"cf-nel","max_age":604800}', 'NEL': '{"success_fraction":0,"report_to":"cf-nel","max_age":604800}', 'Server': 'cloudflare', 'CF-RAY': '87287dc79ecb03d4-ORD', 'alt-svc': 'h3=":443"; ma=86400'} 
 body={"results":[{"gender":"male","name":{"title":"Mr","first":"Hadrien","last":"Olivier"},"location":{"street":{"number":1485,"name":"Avenue Paul Eluard"},"city":"Saint-Denis","state":"Lozère","country":"France","postcode":81282,"coordinates":{"latitude":"-21.3894","longitude":"-141.8920"},"timezone":{"offset":"-8:00","description":"Pacific Time (US &amp; Canada)"}},"email":"hadrien.olivier@example.com","login":{"uuid":"5c221d9c-f97c-43b4-a8d9-7003ea301b60","username":"smallmeercat525","password":"lantern","salt":"7LEUmRq5","md5":"3dfd98a0f509aa88f31884c97f5a7026","sha1":"3dc9713e2fc62ac96260b1b7d33dfe80b856eea0","sha256":"738cf565124f73160998a5d8382cc703c1228ed8b2bd9a84011110f4d1c41e1f"},"dob":{"date":"1945-09-13T04:41:20.063Z","age":78},"registered":{"date":"2002-09-10T08:11:22.696Z","age":21},"phone":"05-62-00-74-03","cell":"06-82-28-89-81","id":{"name":"INSEE","value":"1450812214253 91"},"picture":{"large":"https://randomuser.me/api/portraits/men/23.jpg","medium":"https://randomuser.me/api/portraits/med/men/23.jpg","thumbnail":"https://randomuser.me/api/portraits/thumb/men/23.jpg"},"nat":"FR"}],"info":{"seed":"823eb20ad03a4a8d","results":1,"page":1,"version":"1.4"}} 
 </msg>
<msg time="2024-04-11T05:14:08.057523" level="INFO">/opt/hostedtoolcache/Python/3.12.2/x64/lib/python3.12/site-packages/urllib3/connectionpool.py:1103: InsecureRequestWarning: Unverified HTTPS request is being made to host 'randomuser.me'. Adding certificate verification is strongly advised. See: https://urllib3.readthedocs.io/en/latest/advanced-usage.html#tls-warnings
  warnings.warn(</msg>
<msg time="2024-04-11T05:14:08.057654" level="INFO">${response} = &lt;Response [200]&gt;</msg>
<var>${response}</var>
<arg>consultarAPI</arg>
<arg>/api</arg>
<doc>Sends a GET request on a previously created HTTP Session.</doc>
<status status="PASS" start="2024-04-11T05:14:07.928831" elapsed="0.128865"/>
</kw>
<kw name="Set Variable" owner="BuiltIn">
<msg time="2024-04-11T05:14:08.058823" level="INFO">${json_data} = {'results': [{'gender': 'male', 'name': {'title': 'Mr', 'first': 'Hadrien', 'last': 'Olivier'}, 'location': {'street': {'number': 1485, 'name': 'Avenue Paul Eluard'}, 'city': 'Saint-Denis', 'state': '...</msg>
<var>${json_data}</var>
<arg>${response.json()}</arg>
<doc>Returns the given values which can then be assigned to a variables.</doc>
<status status="PASS" start="2024-04-11T05:14:08.058279" elapsed="0.000573"/>
</kw>
<kw name="Set Variable" owner="BuiltIn">
<msg time="2024-04-11T05:14:08.059567" level="INFO">${name_title} = Mr</msg>
<var>${name_title}</var>
<arg>${json_data["results"][0]["name"]["title"]}</arg>
<doc>Returns the given values which can then be assigned to a variables.</doc>
<status status="PASS" start="2024-04-11T05:14:08.059174" elapsed="0.000418"/>
</kw>
<kw name="Create List" owner="BuiltIn">
<msg time="2024-04-11T05:14:08.060042" level="INFO">${allowed_titles} = ['Mr', 'Ms', 'Miss', 'Mrs', 'Madame', 'Monsieur']</msg>
<var>${allowed_titles}</var>
<arg>Mr</arg>
<arg>Ms</arg>
<arg>Miss</arg>
<arg>Mrs</arg>
<arg>Madame</arg>
<arg>Monsieur</arg>
<doc>Returns a list containing given items.</doc>
<status status="PASS" start="2024-04-11T05:14:08.059892" elapsed="0.000175"/>
</kw>
<kw name="List Should Contain Value" owner="Collections">
<msg time="2024-04-11T05:14:08.060547" level="INFO">False</msg>
<arg>${allowed_titles}</arg>
<arg>${name_title}</arg>
<doc>Fails if the ``value`` is not found from ``list``.</doc>
<status status="PASS" start="2024-04-11T05:14:08.060370" elapsed="0.000215"/>
</kw>
<kw name="Set Variable" owner="BuiltIn">
<msg time="2024-04-11T05:14:08.061251" level="INFO">${name_country} = FR</msg>
<var>${name_country}</var>
<arg>${json_data["results"][0]["nat"]}</arg>
<doc>Returns the given values which can then be assigned to a variables.</doc>
<status status="PASS" start="2024-04-11T05:14:08.060878" elapsed="0.000398"/>
</kw>
<kw name="Create List" owner="BuiltIn">
<msg time="2024-04-11T05:14:08.062215" level="INFO">${list_country} = ['AD', 'AE', 'AF', 'AG', 'AI', 'AL', 'AM', 'AO', 'AQ', 'AR', 'AS', 'AT', 'AU', 'AW', 'AX', 'AZ', 'BA', 'BB', 'BD', 'BE', 'BF', 'BG', 'BH', 'BI', 'BJ', 'BL', 'BM', 'BN', 'BO', 'BQ', 'BR', 'BS', 'BT', '...</msg>
<var>${list_country}</var>
<arg>AD</arg>
<arg>AE</arg>
<arg>AF</arg>
<arg>AG</arg>
<arg>AI</arg>
<arg>AL</arg>
<arg>AM</arg>
<arg>AO</arg>
<arg>AQ</arg>
<arg>AR</arg>
<arg>AS</arg>
<arg>AT</arg>
<arg>AU</arg>
<arg>AW</arg>
<arg>AX</arg>
<arg>AZ</arg>
<arg>BA</arg>
<arg>BB</arg>
<arg>BD</arg>
<arg>BE</arg>
<arg>BF</arg>
<arg>BG</arg>
<arg>BH</arg>
<arg>BI</arg>
<arg>BJ</arg>
<arg>BL</arg>
<arg>BM</arg>
<arg>BN</arg>
<arg>BO</arg>
<arg>BQ</arg>
<arg>BR</arg>
<arg>BS</arg>
<arg>BT</arg>
<arg>BV</arg>
<arg>BW</arg>
<arg>BY</arg>
<arg>BZ</arg>
<arg>CA</arg>
<arg>CC</arg>
<arg>CD</arg>
<arg>CF</arg>
<arg>CG</arg>
<arg>CH</arg>
<arg>CI</arg>
<arg>CK</arg>
<arg>CL</arg>
<arg>CM</arg>
<arg>CN</arg>
<arg>CO</arg>
<arg>CR</arg>
<arg>CU</arg>
<arg>CV</arg>
<arg>CW</arg>
<arg>CX</arg>
<arg>CY</arg>
<arg>CZ</arg>
<arg>DE</arg>
<arg>DJ</arg>
<arg>DK</arg>
<arg>DM</arg>
<arg>DO</arg>
<arg>DZ</arg>
<arg>EC</arg>
<arg>EE</arg>
<arg>EG</arg>
<arg>EH</arg>
<arg>ER</arg>
<arg>ES</arg>
<arg>ET</arg>
<arg>FI</arg>
<arg>FJ</arg>
<arg>FK</arg>
<arg>FM</arg>
<arg>FO</arg>
<arg>FR</arg>
<arg>GA</arg>
<arg>GB</arg>
<arg>GD</arg>
<arg>GE</arg>
<arg>GF</arg>
<arg>GG</arg>
<arg>GH</arg>
<arg>GI</arg>
<arg>GL</arg>
<arg>GM</arg>
<arg>GN</arg>
<arg>GP</arg>
<arg>GQ</arg>
<arg>GR</arg>
<arg>GS</arg>
<arg>GT</arg>
<arg>GU</arg>
<arg>GW</arg>
<arg>GY</arg>
<arg>HK</arg>
<arg>HM</arg>
<arg>HN</arg>
<arg>HR</arg>
<arg>HT</arg>
<arg>HU</arg>
<arg>ID</arg>
<arg>IE</arg>
<arg>IL</arg>
<arg>IM</arg>
<arg>IN</arg>
<arg>IO</arg>
<arg>IQ</arg>
<arg>IR</arg>
<arg>IS</arg>
<arg>IT</arg>
<arg>JE</arg>
<arg>JM</arg>
<arg>JO</arg>
<arg>JP</arg>
<arg>KE</arg>
<arg>KG</arg>
<arg>KH</arg>
<arg>KI</arg>
<arg>KM</arg>
<arg>KN</arg>
<arg>KP</arg>
<arg>KR</arg>
<arg>KW</arg>
<arg>KY</arg>
<arg>KZ</arg>
<arg>LA</arg>
<arg>LB</arg>
<arg>LC</arg>
<arg>LI</arg>
<arg>LK</arg>
<arg>LR</arg>
<arg>LS</arg>
<arg>LT</arg>
<arg>LU</arg>
<arg>LV</arg>
<arg>LY</arg>
<arg>MA</arg>
<arg>MC</arg>
<arg>MD</arg>
<arg>ME</arg>
<arg>MF</arg>
<arg>MG</arg>
<arg>MH</arg>
<arg>MK</arg>
<arg>ML</arg>
<arg>MM</arg>
<arg>MN</arg>
<arg>MO</arg>
<arg>MP</arg>
<arg>MQ</arg>
<arg>MR</arg>
<arg>MS</arg>
<arg>MT</arg>
<arg>MU</arg>
<arg>MV</arg>
<arg>MW</arg>
<arg>MX</arg>
<arg>MY</arg>
<arg>MZ</arg>
<arg>NA</arg>
<arg>NC</arg>
<arg>NE</arg>
<arg>NF</arg>
<arg>NG</arg>
<arg>NI</arg>
<arg>NL</arg>
<arg>NO</arg>
<arg>NP</arg>
<arg>NR</arg>
<arg>NU</arg>
<arg>NZ</arg>
<arg>OM</arg>
<arg>PA</arg>
<arg>PE</arg>
<arg>PF</arg>
<arg>PG</arg>
<arg>PH</arg>
<arg>PK</arg>
<arg>PL</arg>
<arg>PM</arg>
<arg>PN</arg>
<arg>PR</arg>
<arg>PS</arg>
<arg>PT</arg>
<arg>PW</arg>
<arg>PY</arg>
<arg>QA</arg>
<arg>RE</arg>
<arg>RO</arg>
<arg>RS</arg>
<arg>RU</arg>
<arg>RW</arg>
<arg>SA</arg>
<arg>SB</arg>
<arg>SC</arg>
<arg>SD</arg>
<arg>SE</arg>
<arg>SG</arg>
<arg>SH</arg>
<arg>SI</arg>
<arg>SJ</arg>
<arg>SK</arg>
<arg>SL</arg>
<arg>SM</arg>
<arg>SN</arg>
<arg>SO</arg>
<arg>SR</arg>
<arg>SS</arg>
<arg>ST</arg>
<arg>SV</arg>
<arg>SX</arg>
<arg>SY</arg>
<arg>SZ</arg>
<arg>TC</arg>
<arg>TD</arg>
<arg>TF</arg>
<arg>TG</arg>
<arg>TH</arg>
<arg>TJ</arg>
<arg>TK</arg>
<arg>TL</arg>
<arg>TM</arg>
<arg>TN</arg>
<arg>TO</arg>
<arg>TR</arg>
<arg>TT</arg>
<arg>TV</arg>
<arg>TW</arg>
<arg>TZ</arg>
<arg>UA</arg>
<arg>UG</arg>
<arg>UM</arg>
<arg>US</arg>
<arg>UY</arg>
<arg>UZ</arg>
<arg>VA</arg>
<arg>VC</arg>
<arg>VE</arg>
<arg>VG</arg>
<arg>VI</arg>
<arg>VN</arg>
<arg>VU</arg>
<arg>WF</arg>
<arg>WS</arg>
<arg>XK</arg>
<arg>YE</arg>
<arg>YT</arg>
<arg>ZA</arg>
<arg>ZM</arg>
<arg>ZW</arg>
<doc>Returns a list containing given items.</doc>
<status status="PASS" start="2024-04-11T05:14:08.061588" elapsed="0.000660"/>
</kw>
<kw name="List Should Contain Value" owner="Collections">
<msg time="2024-04-11T05:14:08.063254" level="INFO">False</msg>
<arg>${list_country}</arg>
<arg>${name_country}</arg>
<doc>Fails if the ``value`` is not found from ``list``.</doc>
<status status="PASS" start="2024-04-11T05:14:08.063048" elapsed="0.000245"/>
</kw>
<kw name="Run Keyword If" owner="BuiltIn">
<kw name="Should Be True" owner="BuiltIn">
<arg>${True}</arg>
<doc>Fails if the given condition is not true.</doc>
<status status="PASS" start="2024-04-11T05:14:08.064537" elapsed="0.000150"/>
</kw>
<arg>${json_data["results"][0]["location"]["coordinates"]["latitude"]} &gt;= -90 and ${json_data["results"][0]["location"]["coordinates"]["latitude"]} &lt;= 90</arg>
<arg>Should Be True</arg>
<arg>${True}</arg>
<doc>Runs the given keyword with the given arguments, if ``condition`` is true.</doc>
<status status="PASS" start="2024-04-11T05:14:08.063610" elapsed="0.001208"/>
</kw>
<kw name="Run Keyword If" owner="BuiltIn">
<kw name="Should Be True" owner="BuiltIn">
<arg>${True}</arg>
<doc>Fails if the given condition is not true.</doc>
<status status="PASS" start="2024-04-11T05:14:08.065723" elapsed="0.000141"/>
</kw>
<arg>${json_data["results"][0]["location"]["coordinates"]["longitude"]} &gt;= -180 and ${json_data["results"][0]["location"]["coordinates"]["longitude"]} &lt;= 180</arg>
<arg>Should Be True</arg>
<arg>${True}</arg>
<doc>Runs the given keyword with the given arguments, if ``condition`` is true.</doc>
<status status="PASS" start="2024-04-11T05:14:08.065005" elapsed="0.000984"/>
</kw>
<status status="PASS" start="2024-04-11T05:14:07.928410" elapsed="0.137738"/>
</kw>
<doc>Testa o conteúdo específico dos campos retornados pela API.</doc>
<tag>testeConteudo</tag>
<status status="PASS" start="2024-04-11T05:14:07.927649" elapsed="0.138676"/>
</test>
<status status="PASS" start="2024-04-11T05:14:07.180042" elapsed="0.888232"/>
</suite>
<status status="PASS" start="2024-04-11T05:14:07.156733" elapsed="0.917036"/>
</suite>
<statistics>
<total>
<stat pass="5" fail="0" skip="0">All Tests</stat>
</total>
<tag>
<stat pass="1" fail="0" skip="0">testeConteudo</stat>
<stat pass="1" fail="0" skip="0">testeEstruturaResposta</stat>
<stat pass="1" fail="0" skip="0">testeRequisicaoBasica</stat>
<stat pass="1" fail="0" skip="0">testeTiposDados</stat>
</tag>
<suite>
<stat pass="5" fail="0" skip="0" id="s1" name="Tests">Tests</stat>
<stat pass="5" fail="0" skip="0" id="s1-s1" name="Random-User-Test">Tests.Random-User-Test</stat>
</suite>
</statistics>
<errors>
</errors>
</robot>
