<?xml version="1.0" encoding="UTF-8"?>
<robot generator="Robot 7.0 (Python 3.12.2 on linux)" generated="2024-03-20T16:50:37.858737" rpa="false" schemaversion="5">
<suite id="s1" name="Tests" source="/home/runner/work/DesafioQA---Itau---Rogerio-Jordao/DesafioQA---Itau---Rogerio-Jordao/DesafioQA - Itau - Rogerio Jordao/tests">
<suite id="s1-s1" name="Random-User-Test" source="/home/runner/work/DesafioQA---Itau---Rogerio-Jordao/DesafioQA---Itau---Rogerio-Jordao/DesafioQA - Itau - Rogerio Jordao/tests/random-user-test.robot">
<test id="s1-s1-t1" name="Conectar" line="24">
<kw name="Conectar API">
<kw name="Create Session" owner="RequestsLibrary">
<msg time="2024-03-20T16:50:38.183433" level="INFO">Creating Session using : alias=consultarAPI, url=https://randomuser.me/, headers={},                     cookies={}, auth=None, timeout=None, proxies=None, verify=False,                     debug=0 </msg>
<arg>consultarAPI</arg>
<arg>${URL}</arg>
<doc>Create Session: create a HTTP session to a server</doc>
<status status="PASS" start="2024-03-20T16:50:38.183228" elapsed="0.000392"/>
</kw>
<status status="PASS" start="2024-03-20T16:50:38.182337" elapsed="0.001657"/>
</kw>
<status status="PASS" start="2024-03-20T16:50:38.181805" elapsed="0.002389"/>
</test>
<test id="s1-s1-t2" name="Validar retorno 200 e JSON Válido" line="27">
<kw name="Teste de Requisicao Basica">
<kw name="GET On Session" owner="RequestsLibrary">
<msg time="2024-03-20T16:50:38.530984" level="INFO">GET Request : url=https://randomuser.me/api 
 path_url=/api 
 headers={'User-Agent': 'python-requests/2.31.0', 'Accept-Encoding': 'gzip, deflate', 'Accept': '*/*', 'Connection': 'keep-alive'} 
 body=None 
 </msg>
<msg time="2024-03-20T16:50:38.531128" level="INFO">GET Response : url=https://randomuser.me/api 
 status=200, reason=OK 
 headers={'Date': 'Wed, 20 Mar 2024 16:50:38 GMT', 'Content-Type': 'application/json; charset=utf-8', 'Transfer-Encoding': 'chunked', 'Connection': 'keep-alive', 'X-Powered-By': 'Express', 'Access-Control-Allow-Origin': '*', 'Cache-Control': 'no-cache', 'ETag': 'W/"4a2-6HyE2x9ZhbSytkWxN2m25agJ8GI"', 'Vary': 'Accept-Encoding', 'Content-Encoding': 'gzip', 'CF-Cache-Status': 'DYNAMIC', 'Report-To': '{"endpoints":[{"url":"https:\\/\\/a.nel.cloudflare.com\\/report\\/v4?s=CVWz3kQQ9pBAm%2BY0%2Bz2K1LBOqbIDqsaR%2Fg%2FIPMTlEPuPO0NYzPwXMuM2F5PTUuiTdcqadiN8JvPkUbqHoYCCZtiPmu%2BdnkOjTaONemaU0lAf1kGSFG%2FRiH1hRQjcnQsY"}],"group":"cf-nel","max_age":604800}', 'NEL': '{"success_fraction":0,"report_to":"cf-nel","max_age":604800}', 'Server': 'cloudflare', 'CF-RAY': '867733ce5a339c46-IAD', 'alt-svc': 'h3=":443"; ma=86400'} 
 body={"results":[{"gender":"female","name":{"title":"Miss","first":"Mélina","last":"Dumont"},"location":{"street":{"number":6464,"name":"Rue des Jardins"},"city":"Reims","state":"Ardèche","country":"France","postcode":21600,"coordinates":{"latitude":"-15.8623","longitude":"130.5619"},"timezone":{"offset":"+9:00","description":"Tokyo, Seoul, Osaka, Sapporo, Yakutsk"}},"email":"melina.dumont@example.com","login":{"uuid":"c30eabb1-2ede-43d7-905e-9076582d4891","username":"tinymouse113","password":"fenris","salt":"424mZBed","md5":"37eb322f427afd6c924a76a5f28fe630","sha1":"962d5a73328ea6540d76fe58bd49e7550589dfd7","sha256":"461b6ec6210577e63e508ee1fc472cdce2f124c7297ad38c78ba3d117a6ce21b"},"dob":{"date":"1969-08-26T22:42:29.000Z","age":54},"registered":{"date":"2010-06-08T23:53:52.941Z","age":13},"phone":"03-18-35-60-26","cell":"06-15-19-58-03","id":{"name":"INSEE","value":"2690742126842 90"},"picture":{"large":"https://randomuser.me/api/portraits/women/33.jpg","medium":"https://randomuser.me/api/portraits/med/women/33.jpg","thumbnail":"https://randomuser.me/api/portraits/thumb/women/33.jpg"},"nat":"FR"}],"info":{"seed":"f7ceb9c5707bce3d","results":1,"page":1,"version":"1.4"}} 
 </msg>
<msg time="2024-03-20T16:50:38.531386" level="INFO">/opt/hostedtoolcache/Python/3.12.2/x64/lib/python3.12/site-packages/urllib3/connectionpool.py:1103: InsecureRequestWarning: Unverified HTTPS request is being made to host 'randomuser.me'. Adding certificate verification is strongly advised. See: https://urllib3.readthedocs.io/en/latest/advanced-usage.html#tls-warnings
  warnings.warn(</msg>
<msg time="2024-03-20T16:50:38.531542" level="INFO">${response} = &lt;Response [200]&gt;</msg>
<var>${response}</var>
<arg>consultarAPI</arg>
<arg>/api</arg>
<doc>Sends a GET request on a previously created HTTP Session.</doc>
<status status="PASS" start="2024-03-20T16:50:38.186814" elapsed="0.344771"/>
</kw>
<kw name="Should Be Equal As Numbers" owner="BuiltIn">
<msg time="2024-03-20T16:50:38.532515" level="INFO">Argument types are:
&lt;class 'int'&gt;
&lt;class 'str'&gt;</msg>
<arg>${response.status_code}</arg>
<arg>200</arg>
<doc>Fails if objects are unequal after converting them to real numbers.</doc>
<status status="PASS" start="2024-03-20T16:50:38.532092" elapsed="0.000492"/>
</kw>
<kw name="Log" owner="BuiltIn">
<msg time="2024-03-20T16:50:38.533246" level="INFO">200</msg>
<arg>${response.status_code}</arg>
<doc>Logs the given message with the given level.</doc>
<status status="PASS" start="2024-03-20T16:50:38.532893" elapsed="0.000395"/>
</kw>
<kw name="Set Variable" owner="BuiltIn">
<msg time="2024-03-20T16:50:38.534074" level="INFO">${json_data} = {'results': [{'gender': 'female', 'name': {'title': 'Miss', 'first': 'Mélina', 'last': 'Dumont'}, 'location': {'street': {'number': 6464, 'name': 'Rue des Jardins'}, 'city': 'Reims', 'state': 'Ardèche...</msg>
<var>${json_data}</var>
<arg>${response.json()}</arg>
<doc>Returns the given values which can then be assigned to a variables.</doc>
<status status="PASS" start="2024-03-20T16:50:38.533624" elapsed="0.000479"/>
</kw>
<kw name="Dictionary Should Contain Key" owner="Collections">
<msg time="2024-03-20T16:50:38.534594" level="INFO">False</msg>
<arg>${json_data}</arg>
<arg>results</arg>
<doc>Fails if ``key`` is not found from ``dictionary``.</doc>
<status status="PASS" start="2024-03-20T16:50:38.534428" elapsed="0.000206"/>
</kw>
<status status="PASS" start="2024-03-20T16:50:38.186565" elapsed="0.348322"/>
</kw>
<doc>Testa se a API responde corretamente e retorna um objeto JSON válido.</doc>
<tag>testeRequisicaoBasica</tag>
<status status="PASS" start="2024-03-20T16:50:38.186099" elapsed="0.348964"/>
</test>
<test id="s1-s1-t3" name="Validar estrutura de resposta" line="33">
<kw name="Teste de Estrutura de Resposta">
<kw name="GET On Session" owner="RequestsLibrary">
<msg time="2024-03-20T16:50:38.625011" level="INFO">GET Request : url=https://randomuser.me/api 
 path_url=/api 
 headers={'User-Agent': 'python-requests/2.31.0', 'Accept-Encoding': 'gzip, deflate', 'Accept': '*/*', 'Connection': 'keep-alive'} 
 body=None 
 </msg>
<msg time="2024-03-20T16:50:38.625092" level="INFO">GET Response : url=https://randomuser.me/api 
 status=200, reason=OK 
 headers={'Date': 'Wed, 20 Mar 2024 16:50:38 GMT', 'Content-Type': 'application/json; charset=utf-8', 'Transfer-Encoding': 'chunked', 'Connection': 'keep-alive', 'X-Powered-By': 'Express', 'Access-Control-Allow-Origin': '*', 'Cache-Control': 'no-cache', 'ETag': 'W/"48d-hNzqOGXqOgFlHFmh6W92GQwTG1o"', 'Vary': 'Accept-Encoding', 'Content-Encoding': 'gzip', 'CF-Cache-Status': 'DYNAMIC', 'Report-To': '{"endpoints":[{"url":"https:\\/\\/a.nel.cloudflare.com\\/report\\/v4?s=D0qTWGbzkx%2BLWDqOnBfMg%2Bom%2FTPfyb1wjjW9YOpG0dGTM4HjupiHSjzInCJ7osc0QMiPDPM%2BKyyJ0lOfRxwpq4wBtO0SZywoQEcMCvRXf4Nv%2B0wXF2FCobhk5YHRkSXX"}],"group":"cf-nel","max_age":604800}', 'NEL': '{"success_fraction":0,"report_to":"cf-nel","max_age":604800}', 'Server': 'cloudflare', 'CF-RAY': '867733ceeaec9c46-IAD', 'alt-svc': 'h3=":443"; ma=86400'} 
 body={"results":[{"gender":"male","name":{"title":"Mr","first":"Hugo","last":"Esteban"},"location":{"street":{"number":7082,"name":"Calle de La Almudena"},"city":"Lorca","state":"País Vasco","country":"Spain","postcode":83349,"coordinates":{"latitude":"-32.3861","longitude":"-61.1671"},"timezone":{"offset":"+5:30","description":"Bombay, Calcutta, Madras, New Delhi"}},"email":"hugo.esteban@example.com","login":{"uuid":"73bb77ed-d6c5-4d67-ba80-575df38134a6","username":"lazybird390","password":"phantom1","salt":"ZyXuYyB0","md5":"05a93bcbf4f4c80deba6d5d27c7ef1bf","sha1":"0dbd4578d24e930b4bdf19577b1caef6cdb6fd3c","sha256":"319d019d6c88a70fb4d401de445983c0b990c33b08e4f6f6ecb3900bb0476b4a"},"dob":{"date":"1972-03-07T13:55:10.420Z","age":52},"registered":{"date":"2008-07-13T21:49:08.044Z","age":15},"phone":"992-501-263","cell":"608-137-784","id":{"name":"DNI","value":"79259745-G"},"picture":{"large":"https://randomuser.me/api/portraits/men/84.jpg","medium":"https://randomuser.me/api/portraits/med/men/84.jpg","thumbnail":"https://randomuser.me/api/portraits/thumb/men/84.jpg"},"nat":"ES"}],"info":{"seed":"f5dcba6f194b11ab","results":1,"page":1,"version":"1.4"}} 
 </msg>
<msg time="2024-03-20T16:50:38.625203" level="INFO">/opt/hostedtoolcache/Python/3.12.2/x64/lib/python3.12/site-packages/urllib3/connectionpool.py:1103: InsecureRequestWarning: Unverified HTTPS request is being made to host 'randomuser.me'. Adding certificate verification is strongly advised. See: https://urllib3.readthedocs.io/en/latest/advanced-usage.html#tls-warnings
  warnings.warn(</msg>
<msg time="2024-03-20T16:50:38.625318" level="INFO">${response} = &lt;Response [200]&gt;</msg>
<var>${response}</var>
<arg>consultarAPI</arg>
<arg>/api</arg>
<doc>Sends a GET request on a previously created HTTP Session.</doc>
<status status="PASS" start="2024-03-20T16:50:38.537681" elapsed="0.087678"/>
</kw>
<kw name="Set Variable" owner="BuiltIn">
<msg time="2024-03-20T16:50:38.626401" level="INFO">${json_data} = {'results': [{'gender': 'male', 'name': {'title': 'Mr', 'first': 'Hugo', 'last': 'Esteban'}, 'location': {'street': {'number': 7082, 'name': 'Calle de La Almudena'}, 'city': 'Lorca', 'state': 'País Va...</msg>
<var>${json_data}</var>
<arg>${response.json()}</arg>
<doc>Returns the given values which can then be assigned to a variables.</doc>
<status status="PASS" start="2024-03-20T16:50:38.625830" elapsed="0.000601"/>
</kw>
<kw name="Log" owner="BuiltIn">
<msg time="2024-03-20T16:50:38.626894" level="INFO">{'results': [{'gender': 'male', 'name': {'title': 'Mr', 'first': 'Hugo', 'last': 'Esteban'}, 'location': {'street': {'number': 7082, 'name': 'Calle de La Almudena'}, 'city': 'Lorca', 'state': 'País Vasco', 'country': 'Spain', 'postcode': 83349, 'coordinates': {'latitude': '-32.3861', 'longitude': '-61.1671'}, 'timezone': {'offset': '+5:30', 'description': 'Bombay, Calcutta, Madras, New Delhi'}}, 'email': 'hugo.esteban@example.com', 'login': {'uuid': '73bb77ed-d6c5-4d67-ba80-575df38134a6', 'username': 'lazybird390', 'password': 'phantom1', 'salt': 'ZyXuYyB0', 'md5': '05a93bcbf4f4c80deba6d5d27c7ef1bf', 'sha1': '0dbd4578d24e930b4bdf19577b1caef6cdb6fd3c', 'sha256': '319d019d6c88a70fb4d401de445983c0b990c33b08e4f6f6ecb3900bb0476b4a'}, 'dob': {'date': '1972-03-07T13:55:10.420Z', 'age': 52}, 'registered': {'date': '2008-07-13T21:49:08.044Z', 'age': 15}, 'phone': '992-501-263', 'cell': '608-137-784', 'id': {'name': 'DNI', 'value': '79259745-G'}, 'picture': {'large': 'https://randomuser.me/api/portraits/men/84.jpg', 'medium': 'https://randomuser.me/api/portraits/med/men/84.jpg', 'thumbnail': 'https://randomuser.me/api/portraits/thumb/men/84.jpg'}, 'nat': 'ES'}], 'info': {'seed': 'f5dcba6f194b11ab', 'results': 1, 'page': 1, 'version': '1.4'}}</msg>
<arg>${json_data}</arg>
<doc>Logs the given message with the given level.</doc>
<status status="PASS" start="2024-03-20T16:50:38.626735" elapsed="0.000209"/>
</kw>
<kw name="Dictionary Should Contain Key" owner="Collections">
<msg time="2024-03-20T16:50:38.627390" level="INFO">False</msg>
<arg>${json_data}</arg>
<arg>results</arg>
<doc>Fails if ``key`` is not found from ``dictionary``.</doc>
<status status="PASS" start="2024-03-20T16:50:38.627238" elapsed="0.000190"/>
</kw>
<kw name="Should Not Be Empty" owner="BuiltIn">
<msg time="2024-03-20T16:50:38.627843" level="INFO">Length is 2.</msg>
<arg>${json_data}</arg>
<doc>Verifies that the given item is not empty.</doc>
<status status="PASS" start="2024-03-20T16:50:38.627709" elapsed="0.000172"/>
</kw>
<kw name="Create List" owner="BuiltIn">
<msg time="2024-03-20T16:50:38.628299" level="INFO">${expected_keys} = ['gender', 'name', 'location', 'email', 'login']</msg>
<var>${expected_keys}</var>
<arg>gender</arg>
<arg>name</arg>
<arg>location</arg>
<arg>email</arg>
<arg>login</arg>
<doc>Returns a list containing given items.</doc>
<status status="PASS" start="2024-03-20T16:50:38.628155" elapsed="0.000167"/>
</kw>
<for flavor="IN">
<iter>
<kw name="Dictionary Should Contain Key" owner="Collections">
<msg time="2024-03-20T16:50:38.629269" level="INFO">False</msg>
<arg>${json_data['results'][0]}</arg>
<arg>${key}</arg>
<doc>Fails if ``key`` is not found from ``dictionary``.</doc>
<status status="PASS" start="2024-03-20T16:50:38.628873" elapsed="0.000434"/>
</kw>
<kw name="Log" owner="BuiltIn">
<msg time="2024-03-20T16:50:38.630010" level="INFO">{'gender': 'male', 'name': {'title': 'Mr', 'first': 'Hugo', 'last': 'Esteban'}, 'location': {'street': {'number': 7082, 'name': 'Calle de La Almudena'}, 'city': 'Lorca', 'state': 'País Vasco', 'country': 'Spain', 'postcode': 83349, 'coordinates': {'latitude': '-32.3861', 'longitude': '-61.1671'}, 'timezone': {'offset': '+5:30', 'description': 'Bombay, Calcutta, Madras, New Delhi'}}, 'email': 'hugo.esteban@example.com', 'login': {'uuid': '73bb77ed-d6c5-4d67-ba80-575df38134a6', 'username': 'lazybird390', 'password': 'phantom1', 'salt': 'ZyXuYyB0', 'md5': '05a93bcbf4f4c80deba6d5d27c7ef1bf', 'sha1': '0dbd4578d24e930b4bdf19577b1caef6cdb6fd3c', 'sha256': '319d019d6c88a70fb4d401de445983c0b990c33b08e4f6f6ecb3900bb0476b4a'}, 'dob': {'date': '1972-03-07T13:55:10.420Z', 'age': 52}, 'registered': {'date': '2008-07-13T21:49:08.044Z', 'age': 15}, 'phone': '992-501-263', 'cell': '608-137-784', 'id': {'name': 'DNI', 'value': '79259745-G'}, 'picture': {'large': 'https://randomuser.me/api/portraits/men/84.jpg', 'medium': 'https://randomuser.me/api/portraits/med/men/84.jpg', 'thumbnail': 'https://randomuser.me/api/portraits/thumb/men/84.jpg'}, 'nat': 'ES'}</msg>
<arg>${json_data['results'][0]}</arg>
<doc>Logs the given message with the given level.</doc>
<status status="PASS" start="2024-03-20T16:50:38.629638" elapsed="0.000420"/>
</kw>
<kw name="Log" owner="BuiltIn">
<msg time="2024-03-20T16:50:38.630481" level="INFO">gender</msg>
<arg>${key}</arg>
<doc>Logs the given message with the given level.</doc>
<status status="PASS" start="2024-03-20T16:50:38.630354" elapsed="0.000164"/>
</kw>
<var name="${key}">gender</var>
<status status="PASS" start="2024-03-20T16:50:38.628756" elapsed="0.001980"/>
</iter>
<iter>
<kw name="Dictionary Should Contain Key" owner="Collections">
<msg time="2024-03-20T16:50:38.631407" level="INFO">False</msg>
<arg>${json_data['results'][0]}</arg>
<arg>${key}</arg>
<doc>Fails if ``key`` is not found from ``dictionary``.</doc>
<status status="PASS" start="2024-03-20T16:50:38.631024" elapsed="0.000421"/>
</kw>
<kw name="Log" owner="BuiltIn">
<msg time="2024-03-20T16:50:38.632119" level="INFO">{'gender': 'male', 'name': {'title': 'Mr', 'first': 'Hugo', 'last': 'Esteban'}, 'location': {'street': {'number': 7082, 'name': 'Calle de La Almudena'}, 'city': 'Lorca', 'state': 'País Vasco', 'country': 'Spain', 'postcode': 83349, 'coordinates': {'latitude': '-32.3861', 'longitude': '-61.1671'}, 'timezone': {'offset': '+5:30', 'description': 'Bombay, Calcutta, Madras, New Delhi'}}, 'email': 'hugo.esteban@example.com', 'login': {'uuid': '73bb77ed-d6c5-4d67-ba80-575df38134a6', 'username': 'lazybird390', 'password': 'phantom1', 'salt': 'ZyXuYyB0', 'md5': '05a93bcbf4f4c80deba6d5d27c7ef1bf', 'sha1': '0dbd4578d24e930b4bdf19577b1caef6cdb6fd3c', 'sha256': '319d019d6c88a70fb4d401de445983c0b990c33b08e4f6f6ecb3900bb0476b4a'}, 'dob': {'date': '1972-03-07T13:55:10.420Z', 'age': 52}, 'registered': {'date': '2008-07-13T21:49:08.044Z', 'age': 15}, 'phone': '992-501-263', 'cell': '608-137-784', 'id': {'name': 'DNI', 'value': '79259745-G'}, 'picture': {'large': 'https://randomuser.me/api/portraits/men/84.jpg', 'medium': 'https://randomuser.me/api/portraits/med/men/84.jpg', 'thumbnail': 'https://randomuser.me/api/portraits/thumb/men/84.jpg'}, 'nat': 'ES'}</msg>
<arg>${json_data['results'][0]}</arg>
<doc>Logs the given message with the given level.</doc>
<status status="PASS" start="2024-03-20T16:50:38.631757" elapsed="0.000411"/>
</kw>
<kw name="Log" owner="BuiltIn">
<msg time="2024-03-20T16:50:38.632578" level="INFO">name</msg>
<arg>${key}</arg>
<doc>Logs the given message with the given level.</doc>
<status status="PASS" start="2024-03-20T16:50:38.632454" elapsed="0.000160"/>
</kw>
<var name="${key}">name</var>
<status status="PASS" start="2024-03-20T16:50:38.630919" elapsed="0.001905"/>
</iter>
<iter>
<kw name="Dictionary Should Contain Key" owner="Collections">
<msg time="2024-03-20T16:50:38.633473" level="INFO">False</msg>
<arg>${json_data['results'][0]}</arg>
<arg>${key}</arg>
<doc>Fails if ``key`` is not found from ``dictionary``.</doc>
<status status="PASS" start="2024-03-20T16:50:38.633106" elapsed="0.000550"/>
</kw>
<kw name="Log" owner="BuiltIn">
<msg time="2024-03-20T16:50:38.634312" level="INFO">{'gender': 'male', 'name': {'title': 'Mr', 'first': 'Hugo', 'last': 'Esteban'}, 'location': {'street': {'number': 7082, 'name': 'Calle de La Almudena'}, 'city': 'Lorca', 'state': 'País Vasco', 'country': 'Spain', 'postcode': 83349, 'coordinates': {'latitude': '-32.3861', 'longitude': '-61.1671'}, 'timezone': {'offset': '+5:30', 'description': 'Bombay, Calcutta, Madras, New Delhi'}}, 'email': 'hugo.esteban@example.com', 'login': {'uuid': '73bb77ed-d6c5-4d67-ba80-575df38134a6', 'username': 'lazybird390', 'password': 'phantom1', 'salt': 'ZyXuYyB0', 'md5': '05a93bcbf4f4c80deba6d5d27c7ef1bf', 'sha1': '0dbd4578d24e930b4bdf19577b1caef6cdb6fd3c', 'sha256': '319d019d6c88a70fb4d401de445983c0b990c33b08e4f6f6ecb3900bb0476b4a'}, 'dob': {'date': '1972-03-07T13:55:10.420Z', 'age': 52}, 'registered': {'date': '2008-07-13T21:49:08.044Z', 'age': 15}, 'phone': '992-501-263', 'cell': '608-137-784', 'id': {'name': 'DNI', 'value': '79259745-G'}, 'picture': {'large': 'https://randomuser.me/api/portraits/men/84.jpg', 'medium': 'https://randomuser.me/api/portraits/med/men/84.jpg', 'thumbnail': 'https://randomuser.me/api/portraits/thumb/men/84.jpg'}, 'nat': 'ES'}</msg>
<arg>${json_data['results'][0]}</arg>
<doc>Logs the given message with the given level.</doc>
<status status="PASS" start="2024-03-20T16:50:38.633951" elapsed="0.000409"/>
</kw>
<kw name="Log" owner="BuiltIn">
<msg time="2024-03-20T16:50:38.634774" level="INFO">location</msg>
<arg>${key}</arg>
<doc>Logs the given message with the given level.</doc>
<status status="PASS" start="2024-03-20T16:50:38.634648" elapsed="0.000163"/>
</kw>
<var name="${key}">location</var>
<status status="PASS" start="2024-03-20T16:50:38.632998" elapsed="0.002024"/>
</iter>
<iter>
<kw name="Dictionary Should Contain Key" owner="Collections">
<msg time="2024-03-20T16:50:38.635667" level="INFO">False</msg>
<arg>${json_data['results'][0]}</arg>
<arg>${key}</arg>
<doc>Fails if ``key`` is not found from ``dictionary``.</doc>
<status status="PASS" start="2024-03-20T16:50:38.635300" elapsed="0.000404"/>
</kw>
<kw name="Log" owner="BuiltIn">
<msg time="2024-03-20T16:50:38.636345" level="INFO">{'gender': 'male', 'name': {'title': 'Mr', 'first': 'Hugo', 'last': 'Esteban'}, 'location': {'street': {'number': 7082, 'name': 'Calle de La Almudena'}, 'city': 'Lorca', 'state': 'País Vasco', 'country': 'Spain', 'postcode': 83349, 'coordinates': {'latitude': '-32.3861', 'longitude': '-61.1671'}, 'timezone': {'offset': '+5:30', 'description': 'Bombay, Calcutta, Madras, New Delhi'}}, 'email': 'hugo.esteban@example.com', 'login': {'uuid': '73bb77ed-d6c5-4d67-ba80-575df38134a6', 'username': 'lazybird390', 'password': 'phantom1', 'salt': 'ZyXuYyB0', 'md5': '05a93bcbf4f4c80deba6d5d27c7ef1bf', 'sha1': '0dbd4578d24e930b4bdf19577b1caef6cdb6fd3c', 'sha256': '319d019d6c88a70fb4d401de445983c0b990c33b08e4f6f6ecb3900bb0476b4a'}, 'dob': {'date': '1972-03-07T13:55:10.420Z', 'age': 52}, 'registered': {'date': '2008-07-13T21:49:08.044Z', 'age': 15}, 'phone': '992-501-263', 'cell': '608-137-784', 'id': {'name': 'DNI', 'value': '79259745-G'}, 'picture': {'large': 'https://randomuser.me/api/portraits/men/84.jpg', 'medium': 'https://randomuser.me/api/portraits/med/men/84.jpg', 'thumbnail': 'https://randomuser.me/api/portraits/thumb/men/84.jpg'}, 'nat': 'ES'}</msg>
<arg>${json_data['results'][0]}</arg>
<doc>Logs the given message with the given level.</doc>
<status status="PASS" start="2024-03-20T16:50:38.635989" elapsed="0.000404"/>
</kw>
<kw name="Log" owner="BuiltIn">
<msg time="2024-03-20T16:50:38.636803" level="INFO">email</msg>
<arg>${key}</arg>
<doc>Logs the given message with the given level.</doc>
<status status="PASS" start="2024-03-20T16:50:38.636678" elapsed="0.000162"/>
</kw>
<var name="${key}">email</var>
<status status="PASS" start="2024-03-20T16:50:38.635196" elapsed="0.001855"/>
</iter>
<iter>
<kw name="Dictionary Should Contain Key" owner="Collections">
<msg time="2024-03-20T16:50:38.637751" level="INFO">False</msg>
<arg>${json_data['results'][0]}</arg>
<arg>${key}</arg>
<doc>Fails if ``key`` is not found from ``dictionary``.</doc>
<status status="PASS" start="2024-03-20T16:50:38.637327" elapsed="0.000462"/>
</kw>
<kw name="Log" owner="BuiltIn">
<msg time="2024-03-20T16:50:38.638447" level="INFO">{'gender': 'male', 'name': {'title': 'Mr', 'first': 'Hugo', 'last': 'Esteban'}, 'location': {'street': {'number': 7082, 'name': 'Calle de La Almudena'}, 'city': 'Lorca', 'state': 'País Vasco', 'country': 'Spain', 'postcode': 83349, 'coordinates': {'latitude': '-32.3861', 'longitude': '-61.1671'}, 'timezone': {'offset': '+5:30', 'description': 'Bombay, Calcutta, Madras, New Delhi'}}, 'email': 'hugo.esteban@example.com', 'login': {'uuid': '73bb77ed-d6c5-4d67-ba80-575df38134a6', 'username': 'lazybird390', 'password': 'phantom1', 'salt': 'ZyXuYyB0', 'md5': '05a93bcbf4f4c80deba6d5d27c7ef1bf', 'sha1': '0dbd4578d24e930b4bdf19577b1caef6cdb6fd3c', 'sha256': '319d019d6c88a70fb4d401de445983c0b990c33b08e4f6f6ecb3900bb0476b4a'}, 'dob': {'date': '1972-03-07T13:55:10.420Z', 'age': 52}, 'registered': {'date': '2008-07-13T21:49:08.044Z', 'age': 15}, 'phone': '992-501-263', 'cell': '608-137-784', 'id': {'name': 'DNI', 'value': '79259745-G'}, 'picture': {'large': 'https://randomuser.me/api/portraits/men/84.jpg', 'medium': 'https://randomuser.me/api/portraits/med/men/84.jpg', 'thumbnail': 'https://randomuser.me/api/portraits/thumb/men/84.jpg'}, 'nat': 'ES'}</msg>
<arg>${json_data['results'][0]}</arg>
<doc>Logs the given message with the given level.</doc>
<status status="PASS" start="2024-03-20T16:50:38.638084" elapsed="0.000411"/>
</kw>
<kw name="Log" owner="BuiltIn">
<msg time="2024-03-20T16:50:38.638913" level="INFO">login</msg>
<arg>${key}</arg>
<doc>Logs the given message with the given level.</doc>
<status status="PASS" start="2024-03-20T16:50:38.638783" elapsed="0.000168"/>
</kw>
<var name="${key}">login</var>
<status status="PASS" start="2024-03-20T16:50:38.637224" elapsed="0.001970"/>
</iter>
<var>${key}</var>
<value>@{expected_keys}</value>
<status status="PASS" start="2024-03-20T16:50:38.628573" elapsed="0.010747"/>
</for>
<kw name="Create List" owner="BuiltIn">
<msg time="2024-03-20T16:50:38.639636" level="INFO">${expected_keysTwo} = ['username', 'password']</msg>
<var>${expected_keysTwo}</var>
<arg>username</arg>
<arg>password</arg>
<doc>Returns a list containing given items.</doc>
<status status="PASS" start="2024-03-20T16:50:38.639501" elapsed="0.000159"/>
</kw>
<for flavor="IN">
<iter>
<kw name="Dictionary Should Contain Key" owner="Collections">
<msg time="2024-03-20T16:50:38.640515" level="INFO">False</msg>
<arg>${json_data['results'][0]['login']}</arg>
<arg>${keyTwo}</arg>
<doc>Fails if ``key`` is not found from ``dictionary``.</doc>
<status status="PASS" start="2024-03-20T16:50:38.640140" elapsed="0.000413"/>
</kw>
<kw name="Dictionary Should Contain Key" owner="Collections">
<msg time="2024-03-20T16:50:38.641218" level="INFO">False</msg>
<arg>${json_data['results'][0]['login']}</arg>
<arg>${keyTwo}</arg>
<doc>Fails if ``key`` is not found from ``dictionary``.</doc>
<status status="PASS" start="2024-03-20T16:50:38.640842" elapsed="0.000414"/>
</kw>
<kw name="Log" owner="BuiltIn">
<msg time="2024-03-20T16:50:38.641732" level="INFO">username</msg>
<arg>${keyTwo}</arg>
<doc>Logs the given message with the given level.</doc>
<status status="PASS" start="2024-03-20T16:50:38.641592" elapsed="0.000177"/>
</kw>
<var name="${keyTwo}">username</var>
<status status="PASS" start="2024-03-20T16:50:38.640040" elapsed="0.001950"/>
</iter>
<iter>
<kw name="Dictionary Should Contain Key" owner="Collections">
<msg time="2024-03-20T16:50:38.642640" level="INFO">False</msg>
<arg>${json_data['results'][0]['login']}</arg>
<arg>${keyTwo}</arg>
<doc>Fails if ``key`` is not found from ``dictionary``.</doc>
<status status="PASS" start="2024-03-20T16:50:38.642263" elapsed="0.000415"/>
</kw>
<kw name="Dictionary Should Contain Key" owner="Collections">
<msg time="2024-03-20T16:50:38.643338" level="INFO">False</msg>
<arg>${json_data['results'][0]['login']}</arg>
<arg>${keyTwo}</arg>
<doc>Fails if ``key`` is not found from ``dictionary``.</doc>
<status status="PASS" start="2024-03-20T16:50:38.642963" elapsed="0.000412"/>
</kw>
<kw name="Log" owner="BuiltIn">
<msg time="2024-03-20T16:50:38.643776" level="INFO">password</msg>
<arg>${keyTwo}</arg>
<doc>Logs the given message with the given level.</doc>
<status status="PASS" start="2024-03-20T16:50:38.643652" elapsed="0.000161"/>
</kw>
<var name="${keyTwo}">password</var>
<status status="PASS" start="2024-03-20T16:50:38.642162" elapsed="0.001864"/>
</iter>
<var>${keyTwo}</var>
<value>@{expected_keysTwo}</value>
<status status="PASS" start="2024-03-20T16:50:38.639893" elapsed="0.004250"/>
</for>
<status status="PASS" start="2024-03-20T16:50:38.537433" elapsed="0.106846"/>
</kw>
<doc>Testa a estrutura da resposta da API.</doc>
<tag>testeEstruturaResposta</tag>
<status status="PASS" start="2024-03-20T16:50:38.536869" elapsed="0.107557"/>
</test>
<test id="s1-s1-t4" name="Validar tipos de dados" line="39">
<kw name="Teste de Tipos de Dados">
<kw name="GET On Session" owner="RequestsLibrary">
<msg time="2024-03-20T16:50:38.723231" level="INFO">GET Request : url=https://randomuser.me/api 
 path_url=/api 
 headers={'User-Agent': 'python-requests/2.31.0', 'Accept-Encoding': 'gzip, deflate', 'Accept': '*/*', 'Connection': 'keep-alive'} 
 body=None 
 </msg>
<msg time="2024-03-20T16:50:38.723309" level="INFO">GET Response : url=https://randomuser.me/api 
 status=200, reason=OK 
 headers={'Date': 'Wed, 20 Mar 2024 16:50:38 GMT', 'Content-Type': 'application/json; charset=utf-8', 'Transfer-Encoding': 'chunked', 'Connection': 'keep-alive', 'X-Powered-By': 'Express', 'Access-Control-Allow-Origin': '*', 'Cache-Control': 'no-cache', 'ETag': 'W/"485-yHhIyqxYu0Ufsy+oX5/TvwjEOyc"', 'Vary': 'Accept-Encoding', 'Content-Encoding': 'gzip', 'CF-Cache-Status': 'DYNAMIC', 'Report-To': '{"endpoints":[{"url":"https:\\/\\/a.nel.cloudflare.com\\/report\\/v4?s=98%2F7bPKh5xzR%2Fr2G%2Bdsidt9BCEEgiUgHvI%2Bpd68Fi9pxvDEXzeSKWM2LWzeqRUIzYfEafZ2ePISi%2FB4%2BJwggxIsofZhdeQ5fGzGp7PjSlKkl2rYG17sO58g%2FfmeBZjTn"}],"group":"cf-nel","max_age":604800}', 'NEL': '{"success_fraction":0,"report_to":"cf-nel","max_age":604800}', 'Server': 'cloudflare', 'CF-RAY': '867733cf9bab9c46-IAD', 'alt-svc': 'h3=":443"; ma=86400'} 
 body={"results":[{"gender":"male","name":{"title":"Mr","first":"Ali","last":"Kocabıyık"},"location":{"street":{"number":3641,"name":"Atatürk Sk"},"city":"Bingöl","state":"Mersin","country":"Turkey","postcode":55611,"coordinates":{"latitude":"68.3757","longitude":"-109.0811"},"timezone":{"offset":"+11:00","description":"Magadan, Solomon Islands, New Caledonia"}},"email":"ali.kocabiyik@example.com","login":{"uuid":"08f50268-1b84-430a-a945-f4a52c327741","username":"crazyfrog954","password":"maynard","salt":"hRFtoaNQ","md5":"6511a2847d91d2fc3833994b6c186080","sha1":"6aebeffd12979b8d5d4d822f42ae03a060633a34","sha256":"ff575419efb0b64a42e99ec5b95ba24c13e568db019dc3dcc6fffb0410cc322b"},"dob":{"date":"1961-02-20T15:46:11.241Z","age":63},"registered":{"date":"2015-01-04T01:44:17.877Z","age":9},"phone":"(171)-144-2131","cell":"(382)-430-7317","id":{"name":"","value":null},"picture":{"large":"https://randomuser.me/api/portraits/men/37.jpg","medium":"https://randomuser.me/api/portraits/med/men/37.jpg","thumbnail":"https://randomuser.me/api/portraits/thumb/men/37.jpg"},"nat":"TR"}],"info":{"seed":"2d30f1d26223f405","results":1,"page":1,"version":"1.4"}} 
 </msg>
<msg time="2024-03-20T16:50:38.723378" level="INFO">/opt/hostedtoolcache/Python/3.12.2/x64/lib/python3.12/site-packages/urllib3/connectionpool.py:1103: InsecureRequestWarning: Unverified HTTPS request is being made to host 'randomuser.me'. Adding certificate verification is strongly advised. See: https://urllib3.readthedocs.io/en/latest/advanced-usage.html#tls-warnings
  warnings.warn(</msg>
<msg time="2024-03-20T16:50:38.723470" level="INFO">${response} = &lt;Response [200]&gt;</msg>
<var>${response}</var>
<arg>consultarAPI</arg>
<arg>/api</arg>
<doc>Sends a GET request on a previously created HTTP Session.</doc>
<status status="PASS" start="2024-03-20T16:50:38.646921" elapsed="0.076586"/>
</kw>
<kw name="Set Variable" owner="BuiltIn">
<msg time="2024-03-20T16:50:38.724521" level="INFO">${json_data} = {'results': [{'gender': 'male', 'name': {'title': 'Mr', 'first': 'Ali', 'last': 'Kocabıyık'}, 'location': {'street': {'number': 3641, 'name': 'Atatürk Sk'}, 'city': 'Bingöl', 'state': 'Mersin', 'count...</msg>
<var>${json_data}</var>
<arg>${response.json()}</arg>
<doc>Returns the given values which can then be assigned to a variables.</doc>
<status status="PASS" start="2024-03-20T16:50:38.723956" elapsed="0.000596"/>
</kw>
<kw name="Log" owner="BuiltIn">
<msg time="2024-03-20T16:50:38.725016" level="INFO">{'results': [{'gender': 'male', 'name': {'title': 'Mr', 'first': 'Ali', 'last': 'Kocabıyık'}, 'location': {'street': {'number': 3641, 'name': 'Atatürk Sk'}, 'city': 'Bingöl', 'state': 'Mersin', 'country': 'Turkey', 'postcode': 55611, 'coordinates': {'latitude': '68.3757', 'longitude': '-109.0811'}, 'timezone': {'offset': '+11:00', 'description': 'Magadan, Solomon Islands, New Caledonia'}}, 'email': 'ali.kocabiyik@example.com', 'login': {'uuid': '08f50268-1b84-430a-a945-f4a52c327741', 'username': 'crazyfrog954', 'password': 'maynard', 'salt': 'hRFtoaNQ', 'md5': '6511a2847d91d2fc3833994b6c186080', 'sha1': '6aebeffd12979b8d5d4d822f42ae03a060633a34', 'sha256': 'ff575419efb0b64a42e99ec5b95ba24c13e568db019dc3dcc6fffb0410cc322b'}, 'dob': {'date': '1961-02-20T15:46:11.241Z', 'age': 63}, 'registered': {'date': '2015-01-04T01:44:17.877Z', 'age': 9}, 'phone': '(171)-144-2131', 'cell': '(382)-430-7317', 'id': {'name': '', 'value': None}, 'picture': {'large': 'https://randomuser.me/api/portraits/men/37.jpg', 'medium': 'https://randomuser.me/api/portraits/med/men/37.jpg', 'thumbnail': 'https://randomuser.me/api/portraits/thumb/men/37.jpg'}, 'nat': 'TR'}], 'info': {'seed': '2d30f1d26223f405', 'results': 1, 'page': 1, 'version': '1.4'}}</msg>
<arg>${json_data}</arg>
<doc>Logs the given message with the given level.</doc>
<status status="PASS" start="2024-03-20T16:50:38.724855" elapsed="0.000243"/>
</kw>
<kw name="Should Be String" owner="String">
<arg>${json_data['results'][0]['gender']}</arg>
<doc>Fails if the given ``item`` is not a string.</doc>
<status status="PASS" start="2024-03-20T16:50:38.725393" elapsed="0.000405"/>
</kw>
<kw name="Should Match Regexp" owner="BuiltIn">
<arg>${json_data['results'][0]['email']}</arg>
<arg>^[a-zA-Z0-9._%+-]+@[a-zA-Z0-9.-]+\.[a-zA-Z]{2,}$</arg>
<doc>Fails if ``string`` does not match ``pattern`` as a regular expression.</doc>
<status status="PASS" start="2024-03-20T16:50:38.725984" elapsed="0.000623"/>
</kw>
<kw name="Should Match Regexp" owner="BuiltIn">
<arg>${json_data['results'][0]['dob']['date']}</arg>
<arg>\\d{4}-\\d{2}-\\d{2}T\\d{2}:\\d{2}:\\d{2}\\.\\d{3}Z</arg>
<doc>Fails if ``string`` does not match ``pattern`` as a regular expression.</doc>
<status status="PASS" start="2024-03-20T16:50:38.726799" elapsed="0.000482"/>
</kw>
<kw name="Should Match Regexp" owner="BuiltIn">
<arg>${json_data['results'][0]['registered']['date']}</arg>
<arg>\\d{4}-\\d{2}-\\d{2}T\\d{2}:\\d{2}:\\d{2}\\.\\d{3}Z</arg>
<doc>Fails if ``string`` does not match ``pattern`` as a regular expression.</doc>
<status status="PASS" start="2024-03-20T16:50:38.727466" elapsed="0.000363"/>
</kw>
<kw name="Should Match Regexp" owner="BuiltIn">
<arg>${json_data['results'][0]['picture']['large']}</arg>
<arg>^https?://.*\.(?:png|jpe?g|gif|bmp)$</arg>
<doc>Fails if ``string`` does not match ``pattern`` as a regular expression.</doc>
<status status="PASS" start="2024-03-20T16:50:38.728009" elapsed="0.000458"/>
</kw>
<kw name="Should Match Regexp" owner="BuiltIn">
<arg>${json_data['results'][0]['picture']['medium']}</arg>
<arg>^https?://.*\.(?:png|jpe?g|gif|bmp)$</arg>
<doc>Fails if ``string`` does not match ``pattern`` as a regular expression.</doc>
<status status="PASS" start="2024-03-20T16:50:38.728649" elapsed="0.000352"/>
</kw>
<kw name="Should Match Regexp" owner="BuiltIn">
<arg>${json_data['results'][0]['picture']['thumbnail']}</arg>
<arg>^https?://.*\.(?:png|jpe?g|gif|bmp)$</arg>
<doc>Fails if ``string`` does not match ``pattern`` as a regular expression.</doc>
<status status="PASS" start="2024-03-20T16:50:38.729177" elapsed="0.000385"/>
</kw>
<kw name="Log" owner="BuiltIn">
<msg time="2024-03-20T16:50:38.730070" level="INFO">{'large': 'https://randomuser.me/api/portraits/men/37.jpg', 'medium': 'https://randomuser.me/api/portraits/med/men/37.jpg', 'thumbnail': 'https://randomuser.me/api/portraits/thumb/men/37.jpg'}</msg>
<arg>${json_data['results'][0]['picture']}</arg>
<doc>Logs the given message with the given level.</doc>
<status status="PASS" start="2024-03-20T16:50:38.729742" elapsed="0.000369"/>
</kw>
<status status="PASS" start="2024-03-20T16:50:38.646703" elapsed="0.083661"/>
</kw>
<kw name="Teste de Tipos de Dados - Postcode">
<kw name="GET On Session" owner="RequestsLibrary">
<msg time="2024-03-20T16:50:38.820561" level="INFO">GET Request : url=https://randomuser.me/api 
 path_url=/api 
 headers={'User-Agent': 'python-requests/2.31.0', 'Accept-Encoding': 'gzip, deflate', 'Accept': '*/*', 'Connection': 'keep-alive'} 
 body=None 
 </msg>
<msg time="2024-03-20T16:50:38.820636" level="INFO">GET Response : url=https://randomuser.me/api 
 status=200, reason=OK 
 headers={'Date': 'Wed, 20 Mar 2024 16:50:38 GMT', 'Content-Type': 'application/json; charset=utf-8', 'Transfer-Encoding': 'chunked', 'Connection': 'keep-alive', 'X-Powered-By': 'Express', 'Access-Control-Allow-Origin': '*', 'Cache-Control': 'no-cache', 'ETag': 'W/"482-BsOk2s0Tb99sWZKBC48p9iRfhaM"', 'Vary': 'Accept-Encoding', 'Content-Encoding': 'gzip', 'CF-Cache-Status': 'DYNAMIC', 'Report-To': '{"endpoints":[{"url":"https:\\/\\/a.nel.cloudflare.com\\/report\\/v4?s=IMqQR%2FxsOuS%2BTz%2FvTgN5T1LwIC2CJgxSLdH8xe2Hh8Q3qkR%2BTVWMDtWvqfO0gdVAJ2nx%2F%2BIMSlgEbIIKMXRNXcFrmBiPgiYr0vQQhmid60bxtJqlfbFHABnTgGsHnVAp"}],"group":"cf-nel","max_age":604800}', 'NEL': '{"success_fraction":0,"report_to":"cf-nel","max_age":604800}', 'Server': 'cloudflare', 'CF-RAY': '867733d01c739c46-IAD', 'alt-svc': 'h3=":443"; ma=86400'} 
 body={"results":[{"gender":"male","name":{"title":"Mr","first":"Kiy","last":"Pikovec"},"location":{"street":{"number":43,"name":"Naukova"},"city":"Lisichansk","state":"Zhitomirska","country":"Ukraine","postcode":35940,"coordinates":{"latitude":"77.9758","longitude":"-165.4292"},"timezone":{"offset":"-6:00","description":"Central Time (US &amp; Canada), Mexico City"}},"email":"kiy.pikovec@example.com","login":{"uuid":"7a309734-ee4d-46e2-ac69-91ad2cb63ac7","username":"happylion617","password":"scissors","salt":"64pZA4lN","md5":"75008b2f5194e67eee70b5067c63db4a","sha1":"0a43c0f3c89875642ae6a9600b2c5cd2fb512fa2","sha256":"b6b37415e93a2454e72ad9464d1a8ad039dc39a43ed938d2f3549af897a23965"},"dob":{"date":"1948-04-16T09:08:21.301Z","age":75},"registered":{"date":"2015-10-29T18:26:07.362Z","age":8},"phone":"(066) V74-2674","cell":"(098) C54-4345","id":{"name":"","value":null},"picture":{"large":"https://randomuser.me/api/portraits/men/83.jpg","medium":"https://randomuser.me/api/portraits/med/men/83.jpg","thumbnail":"https://randomuser.me/api/portraits/thumb/men/83.jpg"},"nat":"UA"}],"info":{"seed":"2bc0aef506833f4e","results":1,"page":1,"version":"1.4"}} 
 </msg>
<msg time="2024-03-20T16:50:38.820701" level="INFO">/opt/hostedtoolcache/Python/3.12.2/x64/lib/python3.12/site-packages/urllib3/connectionpool.py:1103: InsecureRequestWarning: Unverified HTTPS request is being made to host 'randomuser.me'. Adding certificate verification is strongly advised. See: https://urllib3.readthedocs.io/en/latest/advanced-usage.html#tls-warnings
  warnings.warn(</msg>
<msg time="2024-03-20T16:50:38.820810" level="INFO">${response} = &lt;Response [200]&gt;</msg>
<var>${response}</var>
<arg>consultarAPI</arg>
<arg>/api</arg>
<doc>Sends a GET request on a previously created HTTP Session.</doc>
<status status="PASS" start="2024-03-20T16:50:38.730781" elapsed="0.090070"/>
</kw>
<kw name="Set Variable" owner="BuiltIn">
<msg time="2024-03-20T16:50:38.821868" level="INFO">${json_data} = {'results': [{'gender': 'male', 'name': {'title': 'Mr', 'first': 'Kiy', 'last': 'Pikovec'}, 'location': {'street': {'number': 43, 'name': 'Naukova'}, 'city': 'Lisichansk', 'state': 'Zhitomirska', 'cou...</msg>
<var>${json_data}</var>
<arg>${response.json()}</arg>
<doc>Returns the given values which can then be assigned to a variables.</doc>
<status status="PASS" start="2024-03-20T16:50:38.821280" elapsed="0.000616"/>
</kw>
<kw name="Log" owner="BuiltIn">
<msg time="2024-03-20T16:50:38.822346" level="INFO">{'results': [{'gender': 'male', 'name': {'title': 'Mr', 'first': 'Kiy', 'last': 'Pikovec'}, 'location': {'street': {'number': 43, 'name': 'Naukova'}, 'city': 'Lisichansk', 'state': 'Zhitomirska', 'country': 'Ukraine', 'postcode': 35940, 'coordinates': {'latitude': '77.9758', 'longitude': '-165.4292'}, 'timezone': {'offset': '-6:00', 'description': 'Central Time (US &amp; Canada), Mexico City'}}, 'email': 'kiy.pikovec@example.com', 'login': {'uuid': '7a309734-ee4d-46e2-ac69-91ad2cb63ac7', 'username': 'happylion617', 'password': 'scissors', 'salt': '64pZA4lN', 'md5': '75008b2f5194e67eee70b5067c63db4a', 'sha1': '0a43c0f3c89875642ae6a9600b2c5cd2fb512fa2', 'sha256': 'b6b37415e93a2454e72ad9464d1a8ad039dc39a43ed938d2f3549af897a23965'}, 'dob': {'date': '1948-04-16T09:08:21.301Z', 'age': 75}, 'registered': {'date': '2015-10-29T18:26:07.362Z', 'age': 8}, 'phone': '(066) V74-2674', 'cell': '(098) C54-4345', 'id': {'name': '', 'value': None}, 'picture': {'large': 'https://randomuser.me/api/portraits/men/83.jpg', 'medium': 'https://randomuser.me/api/portraits/med/men/83.jpg', 'thumbnail': 'https://randomuser.me/api/portraits/thumb/men/83.jpg'}, 'nat': 'UA'}], 'info': {'seed': '2bc0aef506833f4e', 'results': 1, 'page': 1, 'version': '1.4'}}</msg>
<arg>${json_data}</arg>
<doc>Logs the given message with the given level.</doc>
<status status="PASS" start="2024-03-20T16:50:38.822193" elapsed="0.000230"/>
</kw>
<kw name="Should Be Equal As Numbers" owner="BuiltIn">
<arg>${json_data['results'][0]['location']['postcode']}</arg>
<arg>${json_data['results'][0]['location']['postcode']}</arg>
<doc>Fails if objects are unequal after converting them to real numbers.</doc>
<status status="PASS" start="2024-03-20T16:50:38.822712" elapsed="0.000616"/>
</kw>
<kw name="Log" owner="BuiltIn">
<msg time="2024-03-20T16:50:38.823859" level="INFO">35940</msg>
<arg>${json_data['results'][0]['location']['postcode']}</arg>
<doc>Logs the given message with the given level.</doc>
<status status="PASS" start="2024-03-20T16:50:38.823517" elapsed="0.000383"/>
</kw>
<status status="PASS" start="2024-03-20T16:50:38.730569" elapsed="0.093580"/>
</kw>
<doc>Testa se os tipos de dados na resposta da API estão corretos.</doc>
<tag>testeTiposDados</tag>
<status status="PASS" start="2024-03-20T16:50:38.646166" elapsed="0.178138"/>
</test>
<test id="s1-s1-t5" name="Validar conteudo" line="46">
<kw name="Teste de Tipos de Conteudo">
<kw name="GET On Session" owner="RequestsLibrary">
<msg time="2024-03-20T16:50:38.929143" level="INFO">GET Request : url=https://randomuser.me/api 
 path_url=/api 
 headers={'User-Agent': 'python-requests/2.31.0', 'Accept-Encoding': 'gzip, deflate', 'Accept': '*/*', 'Connection': 'keep-alive'} 
 body=None 
 </msg>
<msg time="2024-03-20T16:50:38.929220" level="INFO">GET Response : url=https://randomuser.me/api 
 status=200, reason=OK 
 headers={'Date': 'Wed, 20 Mar 2024 16:50:38 GMT', 'Content-Type': 'application/json; charset=utf-8', 'Transfer-Encoding': 'chunked', 'Connection': 'keep-alive', 'X-Powered-By': 'Express', 'Access-Control-Allow-Origin': '*', 'Cache-Control': 'no-cache', 'ETag': 'W/"4bd-+qcw00GYzTSTfFNE/ouRuV6AIjo"', 'Vary': 'Accept-Encoding', 'Content-Encoding': 'gzip', 'CF-Cache-Status': 'DYNAMIC', 'Report-To': '{"endpoints":[{"url":"https:\\/\\/a.nel.cloudflare.com\\/report\\/v4?s=dFAdxu8MznG68nbkan%2F%2BkzGAt9KWKTkhA8MnRgLdV67AIQEMYGQerWRPdkV9fun3uccuka4N2Zl1wVFo54ruZebjW4WHIQ3hERozxQZcJa%2F%2B%2FchavDAxkLZDXH5h5XmA"}],"group":"cf-nel","max_age":604800}', 'NEL': '{"success_fraction":0,"report_to":"cf-nel","max_age":604800}', 'Server': 'cloudflare', 'CF-RAY': '867733d0bd2f9c46-IAD', 'alt-svc': 'h3=":443"; ma=86400'} 
 body={"results":[{"gender":"female","name":{"title":"Mrs","first":"Deuvanira","last":"Barbosa"},"location":{"street":{"number":4620,"name":"Travessa dos Açorianos"},"city":"São Lourenço da Mata","state":"Roraima","country":"Brazil","postcode":98334,"coordinates":{"latitude":"-79.6217","longitude":"76.1070"},"timezone":{"offset":"+8:00","description":"Beijing, Perth, Singapore, Hong Kong"}},"email":"deuvanira.barbosa@example.com","login":{"uuid":"308d7fed-f942-48bd-99f4-7a969953f1c4","username":"crazyladybug662","password":"wheels","salt":"JrkIQZwK","md5":"a1c4440720f2a1fa7ca997181517625b","sha1":"42668602d8064a7a44ee8e624dfb76f6f33ee4b7","sha256":"47d3f58da2e12dc4103efb5d666273883846cbd24653e78e352ef1e9c60362e4"},"dob":{"date":"1979-08-17T19:26:34.768Z","age":44},"registered":{"date":"2010-03-31T02:16:36.602Z","age":13},"phone":"(63) 1907-3998","cell":"(97) 1392-8088","id":{"name":"CPF","value":"418.856.714-74"},"picture":{"large":"https://randomuser.me/api/portraits/women/57.jpg","medium":"https://randomuser.me/api/portraits/med/women/57.jpg","thumbnail":"https://randomuser.me/api/portraits/thumb/women/57.jpg"},"nat":"BR"}],"info":{"seed":"ebabd2b25aa8d450","results":1,"page":1,"version":"1.4"}} 
 </msg>
<msg time="2024-03-20T16:50:38.929286" level="INFO">/opt/hostedtoolcache/Python/3.12.2/x64/lib/python3.12/site-packages/urllib3/connectionpool.py:1103: InsecureRequestWarning: Unverified HTTPS request is being made to host 'randomuser.me'. Adding certificate verification is strongly advised. See: https://urllib3.readthedocs.io/en/latest/advanced-usage.html#tls-warnings
  warnings.warn(</msg>
<msg time="2024-03-20T16:50:38.929394" level="INFO">${response} = &lt;Response [200]&gt;</msg>
<var>${response}</var>
<arg>consultarAPI</arg>
<arg>/api</arg>
<doc>Sends a GET request on a previously created HTTP Session.</doc>
<status status="PASS" start="2024-03-20T16:50:38.826740" elapsed="0.102705"/>
</kw>
<kw name="Set Variable" owner="BuiltIn">
<msg time="2024-03-20T16:50:38.930532" level="INFO">${json_data} = {'results': [{'gender': 'female', 'name': {'title': 'Mrs', 'first': 'Deuvanira', 'last': 'Barbosa'}, 'location': {'street': {'number': 4620, 'name': 'Travessa dos Açorianos'}, 'city': 'São Lourenço da...</msg>
<var>${json_data}</var>
<arg>${response.json()}</arg>
<doc>Returns the given values which can then be assigned to a variables.</doc>
<status status="PASS" start="2024-03-20T16:50:38.929979" elapsed="0.000583"/>
</kw>
<kw name="Set Variable" owner="BuiltIn">
<msg time="2024-03-20T16:50:38.931246" level="INFO">${name_title} = Mrs</msg>
<var>${name_title}</var>
<arg>${json_data["results"][0]["name"]["title"]}</arg>
<doc>Returns the given values which can then be assigned to a variables.</doc>
<status status="PASS" start="2024-03-20T16:50:38.930862" elapsed="0.000409"/>
</kw>
<kw name="Create List" owner="BuiltIn">
<msg time="2024-03-20T16:50:38.931705" level="INFO">${allowed_titles} = ['Mr', 'Ms', 'Miss', 'Mrs', 'Madame', 'Monsieur']</msg>
<var>${allowed_titles}</var>
<arg>Mr</arg>
<arg>Ms</arg>
<arg>Miss</arg>
<arg>Mrs</arg>
<arg>Madame</arg>
<arg>Monsieur</arg>
<doc>Returns a list containing given items.</doc>
<status status="PASS" start="2024-03-20T16:50:38.931558" elapsed="0.000172"/>
</kw>
<kw name="List Should Contain Value" owner="Collections">
<msg time="2024-03-20T16:50:38.932186" level="INFO">False</msg>
<arg>${allowed_titles}</arg>
<arg>${name_title}</arg>
<doc>Fails if the ``value`` is not found from ``list``.</doc>
<status status="PASS" start="2024-03-20T16:50:38.932019" elapsed="0.000203"/>
</kw>
<kw name="Set Variable" owner="BuiltIn">
<msg time="2024-03-20T16:50:38.932877" level="INFO">${name_country} = BR</msg>
<var>${name_country}</var>
<arg>${json_data["results"][0]["nat"]}</arg>
<doc>Returns the given values which can then be assigned to a variables.</doc>
<status status="PASS" start="2024-03-20T16:50:38.932507" elapsed="0.000394"/>
</kw>
<kw name="Create List" owner="BuiltIn">
<msg time="2024-03-20T16:50:38.933895" level="INFO">${list_country} = ['AD', 'AE', 'AF', 'AG', 'AI', 'AL', 'AM', 'AO', 'AQ', 'AR', 'AS', 'AT', 'AU', 'AW', 'AX', 'AZ', 'BA', 'BB', 'BD', 'BE', 'BF', 'BG', 'BH', 'BI', 'BJ', 'BL', 'BM', 'BN', 'BO', 'BQ', 'BR', 'BS', 'BT', '...</msg>
<var>${list_country}</var>
<arg>AD</arg>
<arg>AE</arg>
<arg>AF</arg>
<arg>AG</arg>
<arg>AI</arg>
<arg>AL</arg>
<arg>AM</arg>
<arg>AO</arg>
<arg>AQ</arg>
<arg>AR</arg>
<arg>AS</arg>
<arg>AT</arg>
<arg>AU</arg>
<arg>AW</arg>
<arg>AX</arg>
<arg>AZ</arg>
<arg>BA</arg>
<arg>BB</arg>
<arg>BD</arg>
<arg>BE</arg>
<arg>BF</arg>
<arg>BG</arg>
<arg>BH</arg>
<arg>BI</arg>
<arg>BJ</arg>
<arg>BL</arg>
<arg>BM</arg>
<arg>BN</arg>
<arg>BO</arg>
<arg>BQ</arg>
<arg>BR</arg>
<arg>BS</arg>
<arg>BT</arg>
<arg>BV</arg>
<arg>BW</arg>
<arg>BY</arg>
<arg>BZ</arg>
<arg>CA</arg>
<arg>CC</arg>
<arg>CD</arg>
<arg>CF</arg>
<arg>CG</arg>
<arg>CH</arg>
<arg>CI</arg>
<arg>CK</arg>
<arg>CL</arg>
<arg>CM</arg>
<arg>CN</arg>
<arg>CO</arg>
<arg>CR</arg>
<arg>CU</arg>
<arg>CV</arg>
<arg>CW</arg>
<arg>CX</arg>
<arg>CY</arg>
<arg>CZ</arg>
<arg>DE</arg>
<arg>DJ</arg>
<arg>DK</arg>
<arg>DM</arg>
<arg>DO</arg>
<arg>DZ</arg>
<arg>EC</arg>
<arg>EE</arg>
<arg>EG</arg>
<arg>EH</arg>
<arg>ER</arg>
<arg>ES</arg>
<arg>ET</arg>
<arg>FI</arg>
<arg>FJ</arg>
<arg>FK</arg>
<arg>FM</arg>
<arg>FO</arg>
<arg>FR</arg>
<arg>GA</arg>
<arg>GB</arg>
<arg>GD</arg>
<arg>GE</arg>
<arg>GF</arg>
<arg>GG</arg>
<arg>GH</arg>
<arg>GI</arg>
<arg>GL</arg>
<arg>GM</arg>
<arg>GN</arg>
<arg>GP</arg>
<arg>GQ</arg>
<arg>GR</arg>
<arg>GS</arg>
<arg>GT</arg>
<arg>GU</arg>
<arg>GW</arg>
<arg>GY</arg>
<arg>HK</arg>
<arg>HM</arg>
<arg>HN</arg>
<arg>HR</arg>
<arg>HT</arg>
<arg>HU</arg>
<arg>ID</arg>
<arg>IE</arg>
<arg>IL</arg>
<arg>IM</arg>
<arg>IN</arg>
<arg>IO</arg>
<arg>IQ</arg>
<arg>IR</arg>
<arg>IS</arg>
<arg>IT</arg>
<arg>JE</arg>
<arg>JM</arg>
<arg>JO</arg>
<arg>JP</arg>
<arg>KE</arg>
<arg>KG</arg>
<arg>KH</arg>
<arg>KI</arg>
<arg>KM</arg>
<arg>KN</arg>
<arg>KP</arg>
<arg>KR</arg>
<arg>KW</arg>
<arg>KY</arg>
<arg>KZ</arg>
<arg>LA</arg>
<arg>LB</arg>
<arg>LC</arg>
<arg>LI</arg>
<arg>LK</arg>
<arg>LR</arg>
<arg>LS</arg>
<arg>LT</arg>
<arg>LU</arg>
<arg>LV</arg>
<arg>LY</arg>
<arg>MA</arg>
<arg>MC</arg>
<arg>MD</arg>
<arg>ME</arg>
<arg>MF</arg>
<arg>MG</arg>
<arg>MH</arg>
<arg>MK</arg>
<arg>ML</arg>
<arg>MM</arg>
<arg>MN</arg>
<arg>MO</arg>
<arg>MP</arg>
<arg>MQ</arg>
<arg>MR</arg>
<arg>MS</arg>
<arg>MT</arg>
<arg>MU</arg>
<arg>MV</arg>
<arg>MW</arg>
<arg>MX</arg>
<arg>MY</arg>
<arg>MZ</arg>
<arg>NA</arg>
<arg>NC</arg>
<arg>NE</arg>
<arg>NF</arg>
<arg>NG</arg>
<arg>NI</arg>
<arg>NL</arg>
<arg>NO</arg>
<arg>NP</arg>
<arg>NR</arg>
<arg>NU</arg>
<arg>NZ</arg>
<arg>OM</arg>
<arg>PA</arg>
<arg>PE</arg>
<arg>PF</arg>
<arg>PG</arg>
<arg>PH</arg>
<arg>PK</arg>
<arg>PL</arg>
<arg>PM</arg>
<arg>PN</arg>
<arg>PR</arg>
<arg>PS</arg>
<arg>PT</arg>
<arg>PW</arg>
<arg>PY</arg>
<arg>QA</arg>
<arg>RE</arg>
<arg>RO</arg>
<arg>RS</arg>
<arg>RU</arg>
<arg>RW</arg>
<arg>SA</arg>
<arg>SB</arg>
<arg>SC</arg>
<arg>SD</arg>
<arg>SE</arg>
<arg>SG</arg>
<arg>SH</arg>
<arg>SI</arg>
<arg>SJ</arg>
<arg>SK</arg>
<arg>SL</arg>
<arg>SM</arg>
<arg>SN</arg>
<arg>SO</arg>
<arg>SR</arg>
<arg>SS</arg>
<arg>ST</arg>
<arg>SV</arg>
<arg>SX</arg>
<arg>SY</arg>
<arg>SZ</arg>
<arg>TC</arg>
<arg>TD</arg>
<arg>TF</arg>
<arg>TG</arg>
<arg>TH</arg>
<arg>TJ</arg>
<arg>TK</arg>
<arg>TL</arg>
<arg>TM</arg>
<arg>TN</arg>
<arg>TO</arg>
<arg>TR</arg>
<arg>TT</arg>
<arg>TV</arg>
<arg>TW</arg>
<arg>TZ</arg>
<arg>UA</arg>
<arg>UG</arg>
<arg>UM</arg>
<arg>US</arg>
<arg>UY</arg>
<arg>UZ</arg>
<arg>VA</arg>
<arg>VC</arg>
<arg>VE</arg>
<arg>VG</arg>
<arg>VI</arg>
<arg>VN</arg>
<arg>VU</arg>
<arg>WF</arg>
<arg>WS</arg>
<arg>XK</arg>
<arg>YE</arg>
<arg>YT</arg>
<arg>ZA</arg>
<arg>ZM</arg>
<arg>ZW</arg>
<doc>Returns a list containing given items.</doc>
<status status="PASS" start="2024-03-20T16:50:38.933188" elapsed="0.000734"/>
</kw>
<kw name="List Should Contain Value" owner="Collections">
<msg time="2024-03-20T16:50:38.935053" level="INFO">False</msg>
<arg>${list_country}</arg>
<arg>${name_country}</arg>
<doc>Fails if the ``value`` is not found from ``list``.</doc>
<status status="PASS" start="2024-03-20T16:50:38.934847" elapsed="0.000244"/>
</kw>
<kw name="Run Keyword If" owner="BuiltIn">
<kw name="Should Be True" owner="BuiltIn">
<arg>${True}</arg>
<doc>Fails if the given condition is not true.</doc>
<status status="PASS" start="2024-03-20T16:50:38.936134" elapsed="0.000146"/>
</kw>
<arg>${json_data["results"][0]["location"]["coordinates"]["latitude"]} &gt;= -90 and ${json_data["results"][0]["location"]["coordinates"]["latitude"]} &lt;= 90</arg>
<arg>Should Be True</arg>
<arg>${True}</arg>
<doc>Runs the given keyword with the given arguments, if ``condition`` is true.</doc>
<status status="PASS" start="2024-03-20T16:50:38.935394" elapsed="0.001015"/>
</kw>
<kw name="Run Keyword If" owner="BuiltIn">
<kw name="Should Be True" owner="BuiltIn">
<arg>${True}</arg>
<doc>Fails if the given condition is not true.</doc>
<status status="PASS" start="2024-03-20T16:50:38.937278" elapsed="0.000137"/>
</kw>
<arg>${json_data["results"][0]["location"]["coordinates"]["longitude"]} &gt;= -180 and ${json_data["results"][0]["location"]["coordinates"]["longitude"]} &lt;= 180</arg>
<arg>Should Be True</arg>
<arg>${True}</arg>
<doc>Runs the given keyword with the given arguments, if ``condition`` is true.</doc>
<status status="PASS" start="2024-03-20T16:50:38.936588" elapsed="0.000991"/>
</kw>
<status status="PASS" start="2024-03-20T16:50:38.826529" elapsed="0.111190"/>
</kw>
<doc>Testa o conteúdo específico dos campos retornados pela API.</doc>
<tag>testeConteudo</tag>
<status status="PASS" start="2024-03-20T16:50:38.826026" elapsed="0.111839"/>
</test>
<status status="PASS" start="2024-03-20T16:50:37.910575" elapsed="1.029181"/>
</suite>
<status status="PASS" start="2024-03-20T16:50:37.896985" elapsed="1.048076"/>
</suite>
<statistics>
<total>
<stat pass="5" fail="0" skip="0">All Tests</stat>
</total>
<tag>
<stat pass="1" fail="0" skip="0">testeConteudo</stat>
<stat pass="1" fail="0" skip="0">testeEstruturaResposta</stat>
<stat pass="1" fail="0" skip="0">testeRequisicaoBasica</stat>
<stat pass="1" fail="0" skip="0">testeTiposDados</stat>
</tag>
<suite>
<stat pass="5" fail="0" skip="0" id="s1" name="Tests">Tests</stat>
<stat pass="5" fail="0" skip="0" id="s1-s1" name="Random-User-Test">Tests.Random-User-Test</stat>
</suite>
</statistics>
<errors>
</errors>
</robot>
