<?xml version="1.0" encoding="UTF-8"?>
<robot generator="Robot 7.0 (Python 3.12.3 on linux)" generated="2024-05-11T11:11:02.294848" rpa="false" schemaversion="5">
<suite id="s1" name="Tests" source="/home/runner/work/DesafioQAItauRogerioJordao/DesafioQAItauRogerioJordao/RamdonUser/tests">
<suite id="s1-s1" name="Random-User-Test" source="/home/runner/work/DesafioQAItauRogerioJordao/DesafioQAItauRogerioJordao/RamdonUser/tests/random-user-test.robot">
<test id="s1-s1-t1" name="Conectar" line="13">
<kw name="Conectar API" owner="random-user-service">
<kw name="Create Session" owner="RequestsLibrary">
<msg time="2024-05-11T11:11:02.662261" level="INFO">Creating Session using : alias=consultarAPI, url=https://randomuser.me/, headers={},                     cookies={}, auth=None, timeout=None, proxies=None, verify=False,                     debug=0 </msg>
<arg>consultarAPI</arg>
<arg>${URL}</arg>
<doc>Create Session: create a HTTP session to a server</doc>
<status status="PASS" start="2024-05-11T11:11:02.662068" elapsed="0.000359"/>
</kw>
<status status="PASS" start="2024-05-11T11:11:02.661127" elapsed="0.001638"/>
</kw>
<status status="PASS" start="2024-05-11T11:11:02.660546" elapsed="0.002409"/>
</test>
<test id="s1-s1-t2" name="Validar retorno 200 e JSON Válido" line="16">
<kw name="Teste de Requisicao Basica" owner="random-user-service">
<kw name="GET On Session" owner="RequestsLibrary">
<msg time="2024-05-11T11:11:02.768893" level="INFO">GET Request : url=https://randomuser.me/api 
 path_url=/api 
 headers={'User-Agent': 'python-requests/2.31.0', 'Accept-Encoding': 'gzip, deflate', 'Accept': '*/*', 'Connection': 'keep-alive'} 
 body=None 
 </msg>
<msg time="2024-05-11T11:11:02.769023" level="INFO">GET Response : url=https://randomuser.me/api 
 status=200, reason=OK 
 headers={'Date': 'Sat, 11 May 2024 11:11:02 GMT', 'Content-Type': 'application/json; charset=utf-8', 'Transfer-Encoding': 'chunked', 'Connection': 'keep-alive', 'X-Powered-By': 'Express', 'Access-Control-Allow-Origin': '*', 'Cache-Control': 'no-cache', 'ETag': 'W/"46d-hXWbz7GluAh8tkhHOSbYpYV1DTU"', 'Vary': 'Accept-Encoding', 'Content-Encoding': 'gzip', 'CF-Cache-Status': 'DYNAMIC', 'Report-To': '{"endpoints":[{"url":"https:\\/\\/a.nel.cloudflare.com\\/report\\/v4?s=MWJmVZlT2NktN%2F66jlMx%2B2WYoqJGas9IMeEcdQjXyMtso7JJjMEJ2gsOCZKxxyy6FgdicjWzXNPkzANgek95GHZQbBV6UTyLVeya0Byb3k478KVA53R16YVDmOlrwUgF"}],"group":"cf-nel","max_age":604800}', 'NEL': '{"success_fraction":0,"report_to":"cf-nel","max_age":604800}', 'Server': 'cloudflare', 'CF-RAY': '8821b9d9e86e0664-IAD', 'alt-svc': 'h3=":443"; ma=86400'} 
 body={"results":[{"gender":"male","name":{"title":"Mr","first":"Hunter","last":"Hunter"},"location":{"street":{"number":4117,"name":"George Street"},"city":"Dungarvan","state":"Wexford","country":"Ireland","postcode":39770,"coordinates":{"latitude":"-3.8066","longitude":"-8.5150"},"timezone":{"offset":"+3:30","description":"Tehran"}},"email":"hunter.hunter@example.com","login":{"uuid":"679635f5-bba9-4307-9bc3-07f8b6bf8245","username":"smallelephant153","password":"poncho","salt":"RSNLobDw","md5":"8c0305a40b6b86612a4ee06036949404","sha1":"0354f3cb565220d165d81af2ec19fdf3e6936d5f","sha256":"2034d672b180f2042ecd2d1dafaf27f6c3cd0900d7c21f6dca845d0bb00a325e"},"dob":{"date":"1970-12-23T04:01:40.729Z","age":53},"registered":{"date":"2022-04-17T19:19:28.128Z","age":2},"phone":"061-479-5123","cell":"081-808-7774","id":{"name":"PPS","value":"9493407T"},"picture":{"large":"https://randomuser.me/api/portraits/men/50.jpg","medium":"https://randomuser.me/api/portraits/med/men/50.jpg","thumbnail":"https://randomuser.me/api/portraits/thumb/men/50.jpg"},"nat":"IE"}],"info":{"seed":"c746e1fa8186ebaa","results":1,"page":1,"version":"1.4"}} 
 </msg>
<msg time="2024-05-11T11:11:02.769106" level="INFO">/opt/hostedtoolcache/Python/3.12.3/x64/lib/python3.12/site-packages/urllib3/connectionpool.py:1103: InsecureRequestWarning: Unverified HTTPS request is being made to host 'randomuser.me'. Adding certificate verification is strongly advised. See: https://urllib3.readthedocs.io/en/latest/advanced-usage.html#tls-warnings
  warnings.warn(</msg>
<msg time="2024-05-11T11:11:02.769238" level="INFO">${response} = &lt;Response [200]&gt;</msg>
<var>${response}</var>
<arg>consultarAPI</arg>
<arg>/api</arg>
<doc>Sends a GET request on a previously created HTTP Session.</doc>
<status status="PASS" start="2024-05-11T11:11:02.665607" elapsed="0.103673"/>
</kw>
<kw name="Should Be Equal As Numbers" owner="BuiltIn">
<msg time="2024-05-11T11:11:02.770365" level="INFO">Argument types are:
&lt;class 'int'&gt;
&lt;class 'str'&gt;</msg>
<arg>${response.status_code}</arg>
<arg>200</arg>
<doc>Fails if objects are unequal after converting them to real numbers.</doc>
<status status="PASS" start="2024-05-11T11:11:02.769834" elapsed="0.000595"/>
</kw>
<kw name="Log" owner="BuiltIn">
<msg time="2024-05-11T11:11:02.771125" level="INFO">200</msg>
<arg>${response.status_code}</arg>
<doc>Logs the given message with the given level.</doc>
<status status="PASS" start="2024-05-11T11:11:02.770772" elapsed="0.000394"/>
</kw>
<kw name="Set Variable" owner="BuiltIn">
<msg time="2024-05-11T11:11:02.771893" level="INFO">${json_data} = {'results': [{'gender': 'male', 'name': {'title': 'Mr', 'first': 'Hunter', 'last': 'Hunter'}, 'location': {'street': {'number': 4117, 'name': 'George Street'}, 'city': 'Dungarvan', 'state': 'Wexford',...</msg>
<var>${json_data}</var>
<arg>${response.json()}</arg>
<doc>Returns the given values which can then be assigned to a variables.</doc>
<status status="PASS" start="2024-05-11T11:11:02.771468" elapsed="0.000453"/>
</kw>
<kw name="Dictionary Should Contain Key" owner="Collections">
<msg time="2024-05-11T11:11:02.772386" level="INFO">False</msg>
<arg>${json_data}</arg>
<arg>results</arg>
<doc>Fails if ``key`` is not found from ``dictionary``.</doc>
<status status="PASS" start="2024-05-11T11:11:02.772219" elapsed="0.000207"/>
</kw>
<status status="PASS" start="2024-05-11T11:11:02.665340" elapsed="0.107333"/>
</kw>
<doc>Testa se a API responde corretamente e retorna um objeto JSON válido.</doc>
<tag>testeRequisicaoBasica</tag>
<status status="PASS" start="2024-05-11T11:11:02.664820" elapsed="0.108024"/>
</test>
<test id="s1-s1-t3" name="Validar estrutura de resposta" line="22">
<kw name="Teste de Estrutura de Resposta" owner="random-user-service">
<kw name="GET On Session" owner="RequestsLibrary">
<msg time="2024-05-11T11:11:02.871473" level="INFO">GET Request : url=https://randomuser.me/api 
 path_url=/api 
 headers={'User-Agent': 'python-requests/2.31.0', 'Accept-Encoding': 'gzip, deflate', 'Accept': '*/*', 'Connection': 'keep-alive'} 
 body=None 
 </msg>
<msg time="2024-05-11T11:11:02.871540" level="INFO">GET Response : url=https://randomuser.me/api 
 status=200, reason=OK 
 headers={'Date': 'Sat, 11 May 2024 11:11:02 GMT', 'Content-Type': 'application/json; charset=utf-8', 'Transfer-Encoding': 'chunked', 'Connection': 'keep-alive', 'X-Powered-By': 'Express', 'Access-Control-Allow-Origin': '*', 'Cache-Control': 'no-cache', 'ETag': 'W/"490-MkbBDUJ5YKanWFloAl5XCsx6vTA"', 'Vary': 'Accept-Encoding', 'Content-Encoding': 'gzip', 'CF-Cache-Status': 'DYNAMIC', 'Report-To': '{"endpoints":[{"url":"https:\\/\\/a.nel.cloudflare.com\\/report\\/v4?s=oUV5M4QSA4VDt8JQK12FyPzv3azaZaGXYgfX%2BUvzLVDCj8aObiA6Z%2BiwQnKc83YUNWh6K1FjgW3kAyhkpKyuBtFxz%2FvuThc2IjbbDVSij0uOIb060gBIpxQ9jYUQSBFI"}],"group":"cf-nel","max_age":604800}', 'NEL': '{"success_fraction":0,"report_to":"cf-nel","max_age":604800}', 'Server': 'cloudflare', 'CF-RAY': '8821b9da58c50664-IAD', 'alt-svc': 'h3=":443"; ma=86400'} 
 body={"results":[{"gender":"female","name":{"title":"Ms","first":"Bertha","last":"Larson"},"location":{"street":{"number":7846,"name":"Forest Ln"},"city":"West Palm Beach","state":"Delaware","country":"United States","postcode":38644,"coordinates":{"latitude":"86.0384","longitude":"30.8466"},"timezone":{"offset":"+6:00","description":"Almaty, Dhaka, Colombo"}},"email":"bertha.larson@example.com","login":{"uuid":"18bcc4f2-5002-4917-bd6c-00fc9a0c83a2","username":"silverbird110","password":"head","salt":"aakJfC82","md5":"64272fe8bf11275f3b748fc35de80db0","sha1":"ff324eecedb7f146c9f190fb99b5dbb084dff137","sha256":"930e00560485c2f316c5d869db20e85d2dedffe480917fdaa261b88db4201bd7"},"dob":{"date":"2001-02-20T18:12:51.376Z","age":23},"registered":{"date":"2018-04-01T15:31:39.952Z","age":6},"phone":"(707) 626-1945","cell":"(786) 925-9924","id":{"name":"SSN","value":"197-53-6631"},"picture":{"large":"https://randomuser.me/api/portraits/women/55.jpg","medium":"https://randomuser.me/api/portraits/med/women/55.jpg","thumbnail":"https://randomuser.me/api/portraits/thumb/women/55.jpg"},"nat":"US"}],"info":{"seed":"6425b0d5fb002b33","results":1,"page":1,"version":"1.4"}} 
 </msg>
<msg time="2024-05-11T11:11:02.871638" level="INFO">/opt/hostedtoolcache/Python/3.12.3/x64/lib/python3.12/site-packages/urllib3/connectionpool.py:1103: InsecureRequestWarning: Unverified HTTPS request is being made to host 'randomuser.me'. Adding certificate verification is strongly advised. See: https://urllib3.readthedocs.io/en/latest/advanced-usage.html#tls-warnings
  warnings.warn(</msg>
<msg time="2024-05-11T11:11:02.871746" level="INFO">${response} = &lt;Response [200]&gt;</msg>
<var>${response}</var>
<arg>consultarAPI</arg>
<arg>/api</arg>
<doc>Sends a GET request on a previously created HTTP Session.</doc>
<status status="PASS" start="2024-05-11T11:11:02.775788" elapsed="0.096003"/>
</kw>
<kw name="Set Variable" owner="BuiltIn">
<msg time="2024-05-11T11:11:02.872593" level="INFO">${json_data} = {'results': [{'gender': 'female', 'name': {'title': 'Ms', 'first': 'Bertha', 'last': 'Larson'}, 'location': {'street': {'number': 7846, 'name': 'Forest Ln'}, 'city': 'West Palm Beach', 'state': 'Delaw...</msg>
<var>${json_data}</var>
<arg>${response.json()}</arg>
<doc>Returns the given values which can then be assigned to a variables.</doc>
<status status="PASS" start="2024-05-11T11:11:02.872143" elapsed="0.000478"/>
</kw>
<kw name="Log" owner="BuiltIn">
<msg time="2024-05-11T11:11:02.873076" level="INFO">{'results': [{'gender': 'female', 'name': {'title': 'Ms', 'first': 'Bertha', 'last': 'Larson'}, 'location': {'street': {'number': 7846, 'name': 'Forest Ln'}, 'city': 'West Palm Beach', 'state': 'Delaware', 'country': 'United States', 'postcode': 38644, 'coordinates': {'latitude': '86.0384', 'longitude': '30.8466'}, 'timezone': {'offset': '+6:00', 'description': 'Almaty, Dhaka, Colombo'}}, 'email': 'bertha.larson@example.com', 'login': {'uuid': '18bcc4f2-5002-4917-bd6c-00fc9a0c83a2', 'username': 'silverbird110', 'password': 'head', 'salt': 'aakJfC82', 'md5': '64272fe8bf11275f3b748fc35de80db0', 'sha1': 'ff324eecedb7f146c9f190fb99b5dbb084dff137', 'sha256': '930e00560485c2f316c5d869db20e85d2dedffe480917fdaa261b88db4201bd7'}, 'dob': {'date': '2001-02-20T18:12:51.376Z', 'age': 23}, 'registered': {'date': '2018-04-01T15:31:39.952Z', 'age': 6}, 'phone': '(707) 626-1945', 'cell': '(786) 925-9924', 'id': {'name': 'SSN', 'value': '197-53-6631'}, 'picture': {'large': 'https://randomuser.me/api/portraits/women/55.jpg', 'medium': 'https://randomuser.me/api/portraits/med/women/55.jpg', 'thumbnail': 'https://randomuser.me/api/portraits/thumb/women/55.jpg'}, 'nat': 'US'}], 'info': {'seed': '6425b0d5fb002b33', 'results': 1, 'page': 1, 'version': '1.4'}}</msg>
<arg>${json_data}</arg>
<doc>Logs the given message with the given level.</doc>
<status status="PASS" start="2024-05-11T11:11:02.872921" elapsed="0.000202"/>
</kw>
<kw name="Dictionary Should Contain Key" owner="Collections">
<msg time="2024-05-11T11:11:02.873639" level="INFO">False</msg>
<arg>${json_data}</arg>
<arg>results</arg>
<doc>Fails if ``key`` is not found from ``dictionary``.</doc>
<status status="PASS" start="2024-05-11T11:11:02.873411" elapsed="0.000281"/>
</kw>
<kw name="Should Not Be Empty" owner="BuiltIn">
<msg time="2024-05-11T11:11:02.874142" level="INFO">Length is 2.</msg>
<arg>${json_data}</arg>
<doc>Verifies that the given item is not empty.</doc>
<status status="PASS" start="2024-05-11T11:11:02.874004" elapsed="0.000310"/>
</kw>
<kw name="Create List" owner="BuiltIn">
<msg time="2024-05-11T11:11:02.874762" level="INFO">${expected_keys} = ['gender', 'name', 'location', 'email', 'login']</msg>
<var>${expected_keys}</var>
<arg>gender</arg>
<arg>name</arg>
<arg>location</arg>
<arg>email</arg>
<arg>login</arg>
<doc>Returns a list containing given items.</doc>
<status status="PASS" start="2024-05-11T11:11:02.874610" elapsed="0.000176"/>
</kw>
<for flavor="IN">
<iter>
<kw name="Dictionary Should Contain Key" owner="Collections">
<msg time="2024-05-11T11:11:02.875764" level="INFO">False</msg>
<arg>${json_data['results'][0]}</arg>
<arg>${key}</arg>
<doc>Fails if ``key`` is not found from ``dictionary``.</doc>
<status status="PASS" start="2024-05-11T11:11:02.875350" elapsed="0.000452"/>
</kw>
<kw name="Log" owner="BuiltIn">
<msg time="2024-05-11T11:11:02.876464" level="INFO">{'gender': 'female', 'name': {'title': 'Ms', 'first': 'Bertha', 'last': 'Larson'}, 'location': {'street': {'number': 7846, 'name': 'Forest Ln'}, 'city': 'West Palm Beach', 'state': 'Delaware', 'country': 'United States', 'postcode': 38644, 'coordinates': {'latitude': '86.0384', 'longitude': '30.8466'}, 'timezone': {'offset': '+6:00', 'description': 'Almaty, Dhaka, Colombo'}}, 'email': 'bertha.larson@example.com', 'login': {'uuid': '18bcc4f2-5002-4917-bd6c-00fc9a0c83a2', 'username': 'silverbird110', 'password': 'head', 'salt': 'aakJfC82', 'md5': '64272fe8bf11275f3b748fc35de80db0', 'sha1': 'ff324eecedb7f146c9f190fb99b5dbb084dff137', 'sha256': '930e00560485c2f316c5d869db20e85d2dedffe480917fdaa261b88db4201bd7'}, 'dob': {'date': '2001-02-20T18:12:51.376Z', 'age': 23}, 'registered': {'date': '2018-04-01T15:31:39.952Z', 'age': 6}, 'phone': '(707) 626-1945', 'cell': '(786) 925-9924', 'id': {'name': 'SSN', 'value': '197-53-6631'}, 'picture': {'large': 'https://randomuser.me/api/portraits/women/55.jpg', 'medium': 'https://randomuser.me/api/portraits/med/women/55.jpg', 'thumbnail': 'https://randomuser.me/api/portraits/thumb/women/55.jpg'}, 'nat': 'US'}</msg>
<arg>${json_data['results'][0]}</arg>
<doc>Logs the given message with the given level.</doc>
<status status="PASS" start="2024-05-11T11:11:02.876102" elapsed="0.000409"/>
</kw>
<kw name="Log" owner="BuiltIn">
<msg time="2024-05-11T11:11:02.876934" level="INFO">gender</msg>
<arg>${key}</arg>
<doc>Logs the given message with the given level.</doc>
<status status="PASS" start="2024-05-11T11:11:02.876807" elapsed="0.000164"/>
</kw>
<var name="${key}">gender</var>
<status status="PASS" start="2024-05-11T11:11:02.875223" elapsed="0.001964"/>
</iter>
<iter>
<kw name="Dictionary Should Contain Key" owner="Collections">
<msg time="2024-05-11T11:11:02.877925" level="INFO">False</msg>
<arg>${json_data['results'][0]}</arg>
<arg>${key}</arg>
<doc>Fails if ``key`` is not found from ``dictionary``.</doc>
<status status="PASS" start="2024-05-11T11:11:02.877505" elapsed="0.000458"/>
</kw>
<kw name="Log" owner="BuiltIn">
<msg time="2024-05-11T11:11:02.878660" level="INFO">{'gender': 'female', 'name': {'title': 'Ms', 'first': 'Bertha', 'last': 'Larson'}, 'location': {'street': {'number': 7846, 'name': 'Forest Ln'}, 'city': 'West Palm Beach', 'state': 'Delaware', 'country': 'United States', 'postcode': 38644, 'coordinates': {'latitude': '86.0384', 'longitude': '30.8466'}, 'timezone': {'offset': '+6:00', 'description': 'Almaty, Dhaka, Colombo'}}, 'email': 'bertha.larson@example.com', 'login': {'uuid': '18bcc4f2-5002-4917-bd6c-00fc9a0c83a2', 'username': 'silverbird110', 'password': 'head', 'salt': 'aakJfC82', 'md5': '64272fe8bf11275f3b748fc35de80db0', 'sha1': 'ff324eecedb7f146c9f190fb99b5dbb084dff137', 'sha256': '930e00560485c2f316c5d869db20e85d2dedffe480917fdaa261b88db4201bd7'}, 'dob': {'date': '2001-02-20T18:12:51.376Z', 'age': 23}, 'registered': {'date': '2018-04-01T15:31:39.952Z', 'age': 6}, 'phone': '(707) 626-1945', 'cell': '(786) 925-9924', 'id': {'name': 'SSN', 'value': '197-53-6631'}, 'picture': {'large': 'https://randomuser.me/api/portraits/women/55.jpg', 'medium': 'https://randomuser.me/api/portraits/med/women/55.jpg', 'thumbnail': 'https://randomuser.me/api/portraits/thumb/women/55.jpg'}, 'nat': 'US'}</msg>
<arg>${json_data['results'][0]}</arg>
<doc>Logs the given message with the given level.</doc>
<status status="PASS" start="2024-05-11T11:11:02.878297" elapsed="0.000416"/>
</kw>
<kw name="Log" owner="BuiltIn">
<msg time="2024-05-11T11:11:02.879144" level="INFO">name</msg>
<arg>${key}</arg>
<doc>Logs the given message with the given level.</doc>
<status status="PASS" start="2024-05-11T11:11:02.879018" elapsed="0.000163"/>
</kw>
<var name="${key}">name</var>
<status status="PASS" start="2024-05-11T11:11:02.877384" elapsed="0.002017"/>
</iter>
<iter>
<kw name="Dictionary Should Contain Key" owner="Collections">
<msg time="2024-05-11T11:11:02.880074" level="INFO">False</msg>
<arg>${json_data['results'][0]}</arg>
<arg>${key}</arg>
<doc>Fails if ``key`` is not found from ``dictionary``.</doc>
<status status="PASS" start="2024-05-11T11:11:02.879690" elapsed="0.000420"/>
</kw>
<kw name="Log" owner="BuiltIn">
<msg time="2024-05-11T11:11:02.880766" level="INFO">{'gender': 'female', 'name': {'title': 'Ms', 'first': 'Bertha', 'last': 'Larson'}, 'location': {'street': {'number': 7846, 'name': 'Forest Ln'}, 'city': 'West Palm Beach', 'state': 'Delaware', 'country': 'United States', 'postcode': 38644, 'coordinates': {'latitude': '86.0384', 'longitude': '30.8466'}, 'timezone': {'offset': '+6:00', 'description': 'Almaty, Dhaka, Colombo'}}, 'email': 'bertha.larson@example.com', 'login': {'uuid': '18bcc4f2-5002-4917-bd6c-00fc9a0c83a2', 'username': 'silverbird110', 'password': 'head', 'salt': 'aakJfC82', 'md5': '64272fe8bf11275f3b748fc35de80db0', 'sha1': 'ff324eecedb7f146c9f190fb99b5dbb084dff137', 'sha256': '930e00560485c2f316c5d869db20e85d2dedffe480917fdaa261b88db4201bd7'}, 'dob': {'date': '2001-02-20T18:12:51.376Z', 'age': 23}, 'registered': {'date': '2018-04-01T15:31:39.952Z', 'age': 6}, 'phone': '(707) 626-1945', 'cell': '(786) 925-9924', 'id': {'name': 'SSN', 'value': '197-53-6631'}, 'picture': {'large': 'https://randomuser.me/api/portraits/women/55.jpg', 'medium': 'https://randomuser.me/api/portraits/med/women/55.jpg', 'thumbnail': 'https://randomuser.me/api/portraits/thumb/women/55.jpg'}, 'nat': 'US'}</msg>
<arg>${json_data['results'][0]}</arg>
<doc>Logs the given message with the given level.</doc>
<status status="PASS" start="2024-05-11T11:11:02.880406" elapsed="0.000408"/>
</kw>
<kw name="Log" owner="BuiltIn">
<msg time="2024-05-11T11:11:02.881227" level="INFO">location</msg>
<arg>${key}</arg>
<doc>Logs the given message with the given level.</doc>
<status status="PASS" start="2024-05-11T11:11:02.881103" elapsed="0.000160"/>
</kw>
<var name="${key}">location</var>
<status status="PASS" start="2024-05-11T11:11:02.879580" elapsed="0.001895"/>
</iter>
<iter>
<kw name="Dictionary Should Contain Key" owner="Collections">
<msg time="2024-05-11T11:11:02.882188" level="INFO">False</msg>
<arg>${json_data['results'][0]}</arg>
<arg>${key}</arg>
<doc>Fails if ``key`` is not found from ``dictionary``.</doc>
<status status="PASS" start="2024-05-11T11:11:02.881808" elapsed="0.000416"/>
</kw>
<kw name="Log" owner="BuiltIn">
<msg time="2024-05-11T11:11:02.882878" level="INFO">{'gender': 'female', 'name': {'title': 'Ms', 'first': 'Bertha', 'last': 'Larson'}, 'location': {'street': {'number': 7846, 'name': 'Forest Ln'}, 'city': 'West Palm Beach', 'state': 'Delaware', 'country': 'United States', 'postcode': 38644, 'coordinates': {'latitude': '86.0384', 'longitude': '30.8466'}, 'timezone': {'offset': '+6:00', 'description': 'Almaty, Dhaka, Colombo'}}, 'email': 'bertha.larson@example.com', 'login': {'uuid': '18bcc4f2-5002-4917-bd6c-00fc9a0c83a2', 'username': 'silverbird110', 'password': 'head', 'salt': 'aakJfC82', 'md5': '64272fe8bf11275f3b748fc35de80db0', 'sha1': 'ff324eecedb7f146c9f190fb99b5dbb084dff137', 'sha256': '930e00560485c2f316c5d869db20e85d2dedffe480917fdaa261b88db4201bd7'}, 'dob': {'date': '2001-02-20T18:12:51.376Z', 'age': 23}, 'registered': {'date': '2018-04-01T15:31:39.952Z', 'age': 6}, 'phone': '(707) 626-1945', 'cell': '(786) 925-9924', 'id': {'name': 'SSN', 'value': '197-53-6631'}, 'picture': {'large': 'https://randomuser.me/api/portraits/women/55.jpg', 'medium': 'https://randomuser.me/api/portraits/med/women/55.jpg', 'thumbnail': 'https://randomuser.me/api/portraits/thumb/women/55.jpg'}, 'nat': 'US'}</msg>
<arg>${json_data['results'][0]}</arg>
<doc>Logs the given message with the given level.</doc>
<status status="PASS" start="2024-05-11T11:11:02.882522" elapsed="0.000405"/>
</kw>
<kw name="Log" owner="BuiltIn">
<msg time="2024-05-11T11:11:02.883348" level="INFO">email</msg>
<arg>${key}</arg>
<doc>Logs the given message with the given level.</doc>
<status status="PASS" start="2024-05-11T11:11:02.883220" elapsed="0.000165"/>
</kw>
<var name="${key}">email</var>
<status status="PASS" start="2024-05-11T11:11:02.881697" elapsed="0.001902"/>
</iter>
<iter>
<kw name="Dictionary Should Contain Key" owner="Collections">
<msg time="2024-05-11T11:11:02.884273" level="INFO">False</msg>
<arg>${json_data['results'][0]}</arg>
<arg>${key}</arg>
<doc>Fails if ``key`` is not found from ``dictionary``.</doc>
<status status="PASS" start="2024-05-11T11:11:02.883883" elapsed="0.000427"/>
</kw>
<kw name="Log" owner="BuiltIn">
<msg time="2024-05-11T11:11:02.884964" level="INFO">{'gender': 'female', 'name': {'title': 'Ms', 'first': 'Bertha', 'last': 'Larson'}, 'location': {'street': {'number': 7846, 'name': 'Forest Ln'}, 'city': 'West Palm Beach', 'state': 'Delaware', 'country': 'United States', 'postcode': 38644, 'coordinates': {'latitude': '86.0384', 'longitude': '30.8466'}, 'timezone': {'offset': '+6:00', 'description': 'Almaty, Dhaka, Colombo'}}, 'email': 'bertha.larson@example.com', 'login': {'uuid': '18bcc4f2-5002-4917-bd6c-00fc9a0c83a2', 'username': 'silverbird110', 'password': 'head', 'salt': 'aakJfC82', 'md5': '64272fe8bf11275f3b748fc35de80db0', 'sha1': 'ff324eecedb7f146c9f190fb99b5dbb084dff137', 'sha256': '930e00560485c2f316c5d869db20e85d2dedffe480917fdaa261b88db4201bd7'}, 'dob': {'date': '2001-02-20T18:12:51.376Z', 'age': 23}, 'registered': {'date': '2018-04-01T15:31:39.952Z', 'age': 6}, 'phone': '(707) 626-1945', 'cell': '(786) 925-9924', 'id': {'name': 'SSN', 'value': '197-53-6631'}, 'picture': {'large': 'https://randomuser.me/api/portraits/women/55.jpg', 'medium': 'https://randomuser.me/api/portraits/med/women/55.jpg', 'thumbnail': 'https://randomuser.me/api/portraits/thumb/women/55.jpg'}, 'nat': 'US'}</msg>
<arg>${json_data['results'][0]}</arg>
<doc>Logs the given message with the given level.</doc>
<status status="PASS" start="2024-05-11T11:11:02.884600" elapsed="0.000412"/>
</kw>
<kw name="Log" owner="BuiltIn">
<msg time="2024-05-11T11:11:02.885426" level="INFO">login</msg>
<arg>${key}</arg>
<doc>Logs the given message with the given level.</doc>
<status status="PASS" start="2024-05-11T11:11:02.885302" elapsed="0.000163"/>
</kw>
<var name="${key}">login</var>
<status status="PASS" start="2024-05-11T11:11:02.883772" elapsed="0.001971"/>
</iter>
<var>${key}</var>
<value>@{expected_keys}</value>
<status status="PASS" start="2024-05-11T11:11:02.875040" elapsed="0.010830"/>
</for>
<kw name="Create List" owner="BuiltIn">
<msg time="2024-05-11T11:11:02.886202" level="INFO">${expected_keysTwo} = ['username', 'password']</msg>
<var>${expected_keysTwo}</var>
<arg>username</arg>
<arg>password</arg>
<doc>Returns a list containing given items.</doc>
<status status="PASS" start="2024-05-11T11:11:02.886064" elapsed="0.000161"/>
</kw>
<for flavor="IN">
<iter>
<kw name="Dictionary Should Contain Key" owner="Collections">
<msg time="2024-05-11T11:11:02.887131" level="INFO">False</msg>
<arg>${json_data['results'][0]['login']}</arg>
<arg>${keyTwo}</arg>
<doc>Fails if ``key`` is not found from ``dictionary``.</doc>
<status status="PASS" start="2024-05-11T11:11:02.886730" elapsed="0.000438"/>
</kw>
<kw name="Dictionary Should Contain Key" owner="Collections">
<msg time="2024-05-11T11:11:02.887856" level="INFO">False</msg>
<arg>${json_data['results'][0]['login']}</arg>
<arg>${keyTwo}</arg>
<doc>Fails if ``key`` is not found from ``dictionary``.</doc>
<status status="PASS" start="2024-05-11T11:11:02.887478" elapsed="0.000414"/>
</kw>
<kw name="Log" owner="BuiltIn">
<msg time="2024-05-11T11:11:02.888312" level="INFO">username</msg>
<arg>${keyTwo}</arg>
<doc>Logs the given message with the given level.</doc>
<status status="PASS" start="2024-05-11T11:11:02.888186" elapsed="0.000168"/>
</kw>
<var name="${keyTwo}">username</var>
<status status="PASS" start="2024-05-11T11:11:02.886611" elapsed="0.001959"/>
</iter>
<iter>
<kw name="Dictionary Should Contain Key" owner="Collections">
<msg time="2024-05-11T11:11:02.889320" level="INFO">False</msg>
<arg>${json_data['results'][0]['login']}</arg>
<arg>${keyTwo}</arg>
<doc>Fails if ``key`` is not found from ``dictionary``.</doc>
<status status="PASS" start="2024-05-11T11:11:02.888855" elapsed="0.000506"/>
</kw>
<kw name="Dictionary Should Contain Key" owner="Collections">
<msg time="2024-05-11T11:11:02.890077" level="INFO">False</msg>
<arg>${json_data['results'][0]['login']}</arg>
<arg>${keyTwo}</arg>
<doc>Fails if ``key`` is not found from ``dictionary``.</doc>
<status status="PASS" start="2024-05-11T11:11:02.889694" elapsed="0.000420"/>
</kw>
<kw name="Log" owner="BuiltIn">
<msg time="2024-05-11T11:11:02.890533" level="INFO">password</msg>
<arg>${keyTwo}</arg>
<doc>Logs the given message with the given level.</doc>
<status status="PASS" start="2024-05-11T11:11:02.890406" elapsed="0.000164"/>
</kw>
<var name="${keyTwo}">password</var>
<status status="PASS" start="2024-05-11T11:11:02.888741" elapsed="0.002042"/>
</iter>
<var>${keyTwo}</var>
<value>@{expected_keysTwo}</value>
<status status="PASS" start="2024-05-11T11:11:02.886460" elapsed="0.004443"/>
</for>
<status status="PASS" start="2024-05-11T11:11:02.775454" elapsed="0.115588"/>
</kw>
<doc>Testa a estrutura da resposta da API.</doc>
<tag>testeEstruturaResposta</tag>
<status status="PASS" start="2024-05-11T11:11:02.774714" elapsed="0.116478"/>
</test>
<test id="s1-s1-t4" name="Validar tipos de dados" line="28">
<kw name="Teste de Tipos de Dados" owner="random-user-service">
<kw name="GET On Session" owner="RequestsLibrary">
<msg time="2024-05-11T11:11:02.957610" level="INFO">GET Request : url=https://randomuser.me/api 
 path_url=/api 
 headers={'User-Agent': 'python-requests/2.31.0', 'Accept-Encoding': 'gzip, deflate', 'Accept': '*/*', 'Connection': 'keep-alive'} 
 body=None 
 </msg>
<msg time="2024-05-11T11:11:02.957679" level="INFO">GET Response : url=https://randomuser.me/api 
 status=200, reason=OK 
 headers={'Date': 'Sat, 11 May 2024 11:11:02 GMT', 'Content-Type': 'application/json; charset=utf-8', 'Transfer-Encoding': 'chunked', 'Connection': 'keep-alive', 'X-Powered-By': 'Express', 'Access-Control-Allow-Origin': '*', 'Cache-Control': 'no-cache', 'ETag': 'W/"49d-qg33NL9UkPF6CKuoW6Hu9PE7soc"', 'Vary': 'Accept-Encoding', 'Content-Encoding': 'gzip', 'CF-Cache-Status': 'DYNAMIC', 'Report-To': '{"endpoints":[{"url":"https:\\/\\/a.nel.cloudflare.com\\/report\\/v4?s=YS7qmu2A9guXtBzCdsVMS8FZijWfMK%2BzcKEgro%2BaPJmyIVhyyxriyMgsY8DYsJyiawlqyfRKhqBsL%2Fsi3lfpqcVLSav8lhs25e74YPFpJvXWUadlXL9sG%2F4f1pUX4%2Bq%2F"}],"group":"cf-nel","max_age":604800}', 'NEL': '{"success_fraction":0,"report_to":"cf-nel","max_age":604800}', 'Server': 'cloudflare', 'CF-RAY': '8821b9db19450664-IAD', 'alt-svc': 'h3=":443"; ma=86400'} 
 body={"results":[{"gender":"female","name":{"title":"Miss","first":"Julie","last":"Christensen"},"location":{"street":{"number":8017,"name":"Udbyhøjvej"},"city":"St.Merløse","state":"Syddanmark","country":"Denmark","postcode":74302,"coordinates":{"latitude":"-40.4802","longitude":"155.5808"},"timezone":{"offset":"+3:00","description":"Baghdad, Riyadh, Moscow, St. Petersburg"}},"email":"julie.christensen@example.com","login":{"uuid":"7128cece-b0ab-49ec-9c4e-385d702ee191","username":"tinyduck585","password":"doberman","salt":"dORJ5VZV","md5":"e446df8034a8f206d7ef49501ae680f4","sha1":"016e437b2423556486faa9b17c90c44fea4782ce","sha256":"ae340001a7108d608e3e0915dfbc4f98fb914dd259117d066bb4fe764ee768e0"},"dob":{"date":"1964-11-08T13:15:32.323Z","age":59},"registered":{"date":"2018-09-02T16:01:01.759Z","age":5},"phone":"01890510","cell":"01104517","id":{"name":"CPR","value":"081164-0179"},"picture":{"large":"https://randomuser.me/api/portraits/women/47.jpg","medium":"https://randomuser.me/api/portraits/med/women/47.jpg","thumbnail":"https://randomuser.me/api/portraits/thumb/women/47.jpg"},"nat":"DK"}],"info":{"seed":"b6c7007657cb5c02","results":1,"page":1,"version":"1.4"}} 
 </msg>
<msg time="2024-05-11T11:11:02.957741" level="INFO">/opt/hostedtoolcache/Python/3.12.3/x64/lib/python3.12/site-packages/urllib3/connectionpool.py:1103: InsecureRequestWarning: Unverified HTTPS request is being made to host 'randomuser.me'. Adding certificate verification is strongly advised. See: https://urllib3.readthedocs.io/en/latest/advanced-usage.html#tls-warnings
  warnings.warn(</msg>
<msg time="2024-05-11T11:11:02.957841" level="INFO">${response} = &lt;Response [200]&gt;</msg>
<var>${response}</var>
<arg>consultarAPI</arg>
<arg>/api</arg>
<doc>Sends a GET request on a previously created HTTP Session.</doc>
<status status="PASS" start="2024-05-11T11:11:02.893614" elapsed="0.064266"/>
</kw>
<kw name="Set Variable" owner="BuiltIn">
<msg time="2024-05-11T11:11:02.958941" level="INFO">${json_data} = {'results': [{'gender': 'female', 'name': {'title': 'Miss', 'first': 'Julie', 'last': 'Christensen'}, 'location': {'street': {'number': 8017, 'name': 'Udbyhøjvej'}, 'city': 'St.Merløse', 'state': 'Syd...</msg>
<var>${json_data}</var>
<arg>${response.json()}</arg>
<doc>Returns the given values which can then be assigned to a variables.</doc>
<status status="PASS" start="2024-05-11T11:11:02.958362" elapsed="0.000608"/>
</kw>
<kw name="Log" owner="BuiltIn">
<msg time="2024-05-11T11:11:02.959438" level="INFO">{'results': [{'gender': 'female', 'name': {'title': 'Miss', 'first': 'Julie', 'last': 'Christensen'}, 'location': {'street': {'number': 8017, 'name': 'Udbyhøjvej'}, 'city': 'St.Merløse', 'state': 'Syddanmark', 'country': 'Denmark', 'postcode': 74302, 'coordinates': {'latitude': '-40.4802', 'longitude': '155.5808'}, 'timezone': {'offset': '+3:00', 'description': 'Baghdad, Riyadh, Moscow, St. Petersburg'}}, 'email': 'julie.christensen@example.com', 'login': {'uuid': '7128cece-b0ab-49ec-9c4e-385d702ee191', 'username': 'tinyduck585', 'password': 'doberman', 'salt': 'dORJ5VZV', 'md5': 'e446df8034a8f206d7ef49501ae680f4', 'sha1': '016e437b2423556486faa9b17c90c44fea4782ce', 'sha256': 'ae340001a7108d608e3e0915dfbc4f98fb914dd259117d066bb4fe764ee768e0'}, 'dob': {'date': '1964-11-08T13:15:32.323Z', 'age': 59}, 'registered': {'date': '2018-09-02T16:01:01.759Z', 'age': 5}, 'phone': '01890510', 'cell': '01104517', 'id': {'name': 'CPR', 'value': '081164-0179'}, 'picture': {'large': 'https://randomuser.me/api/portraits/women/47.jpg', 'medium': 'https://randomuser.me/api/portraits/med/women/47.jpg', 'thumbnail': 'https://randomuser.me/api/portraits/thumb/women/47.jpg'}, 'nat': 'DK'}], 'info': {'seed': 'b6c7007657cb5c02', 'results': 1, 'page': 1, 'version': '1.4'}}</msg>
<arg>${json_data}</arg>
<doc>Logs the given message with the given level.</doc>
<status status="PASS" start="2024-05-11T11:11:02.959282" elapsed="0.000237"/>
</kw>
<kw name="Should Be String" owner="String">
<arg>${json_data['results'][0]['gender']}</arg>
<doc>Fails if the given ``item`` is not a string.</doc>
<status status="PASS" start="2024-05-11T11:11:02.959818" elapsed="0.000365"/>
</kw>
<kw name="Should Match Regexp" owner="BuiltIn">
<arg>${json_data['results'][0]['email']}</arg>
<arg>^[a-zA-Z0-9._%+-]+@[a-zA-Z0-9.-]+\.[a-zA-Z]{2,}$</arg>
<doc>Fails if ``string`` does not match ``pattern`` as a regular expression.</doc>
<status status="PASS" start="2024-05-11T11:11:02.960375" elapsed="0.000519"/>
</kw>
<kw name="Should Match Regexp" owner="BuiltIn">
<arg>${json_data['results'][0]['dob']['date']}</arg>
<arg>\\d{4}-\\d{2}-\\d{2}T\\d{2}:\\d{2}:\\d{2}\\.\\d{3}Z</arg>
<doc>Fails if ``string`` does not match ``pattern`` as a regular expression.</doc>
<status status="PASS" start="2024-05-11T11:11:02.961091" elapsed="0.000522"/>
</kw>
<kw name="Should Match Regexp" owner="BuiltIn">
<arg>${json_data['results'][0]['registered']['date']}</arg>
<arg>\\d{4}-\\d{2}-\\d{2}T\\d{2}:\\d{2}:\\d{2}\\.\\d{3}Z</arg>
<doc>Fails if ``string`` does not match ``pattern`` as a regular expression.</doc>
<status status="PASS" start="2024-05-11T11:11:02.961811" elapsed="0.000377"/>
</kw>
<kw name="Should Match Regexp" owner="BuiltIn">
<arg>${json_data['results'][0]['picture']['large']}</arg>
<arg>^https?://.*\.(?:png|jpe?g|gif|bmp)$</arg>
<doc>Fails if ``string`` does not match ``pattern`` as a regular expression.</doc>
<status status="PASS" start="2024-05-11T11:11:02.962380" elapsed="0.000464"/>
</kw>
<kw name="Should Match Regexp" owner="BuiltIn">
<arg>${json_data['results'][0]['picture']['medium']}</arg>
<arg>^https?://.*\.(?:png|jpe?g|gif|bmp)$</arg>
<doc>Fails if ``string`` does not match ``pattern`` as a regular expression.</doc>
<status status="PASS" start="2024-05-11T11:11:02.963032" elapsed="0.000352"/>
</kw>
<kw name="Should Match Regexp" owner="BuiltIn">
<arg>${json_data['results'][0]['picture']['thumbnail']}</arg>
<arg>^https?://.*\.(?:png|jpe?g|gif|bmp)$</arg>
<doc>Fails if ``string`` does not match ``pattern`` as a regular expression.</doc>
<status status="PASS" start="2024-05-11T11:11:02.963574" elapsed="0.000349"/>
</kw>
<kw name="Log" owner="BuiltIn">
<msg time="2024-05-11T11:11:02.964419" level="INFO">{'large': 'https://randomuser.me/api/portraits/women/47.jpg', 'medium': 'https://randomuser.me/api/portraits/med/women/47.jpg', 'thumbnail': 'https://randomuser.me/api/portraits/thumb/women/47.jpg'}</msg>
<arg>${json_data['results'][0]['picture']}</arg>
<doc>Logs the given message with the given level.</doc>
<status status="PASS" start="2024-05-11T11:11:02.964100" elapsed="0.000360"/>
</kw>
<status status="PASS" start="2024-05-11T11:11:02.893361" elapsed="0.071351"/>
</kw>
<kw name="Teste de Tipos de Dados - Postcode" owner="random-user-service">
<kw name="GET On Session" owner="RequestsLibrary">
<msg time="2024-05-11T11:11:03.068975" level="INFO">GET Request : url=https://randomuser.me/api 
 path_url=/api 
 headers={'User-Agent': 'python-requests/2.31.0', 'Accept-Encoding': 'gzip, deflate', 'Accept': '*/*', 'Connection': 'keep-alive'} 
 body=None 
 </msg>
<msg time="2024-05-11T11:11:03.069070" level="INFO">GET Response : url=https://randomuser.me/api 
 status=200, reason=OK 
 headers={'Date': 'Sat, 11 May 2024 11:11:03 GMT', 'Content-Type': 'application/json; charset=utf-8', 'Transfer-Encoding': 'chunked', 'Connection': 'keep-alive', 'X-Powered-By': 'Express', 'Access-Control-Allow-Origin': '*', 'Cache-Control': 'no-cache', 'ETag': 'W/"4a0-Nnq9ekSOubXMQztWwp5M84WE474"', 'Vary': 'Accept-Encoding', 'Content-Encoding': 'gzip', 'CF-Cache-Status': 'DYNAMIC', 'Report-To': '{"endpoints":[{"url":"https:\\/\\/a.nel.cloudflare.com\\/report\\/v4?s=qeJldNxQdpqMzo%2FYsrGr%2FbL6SusgHsaVmQ5GXug0fFVvlQhOx2eV97KVBv6SsJlQaqhsk7a%2BPgDbmYrZwsAPU0TZI52a33Dh9%2BWclLIGLU52W32F7txZtPR1Oq1v0rC6"}],"group":"cf-nel","max_age":604800}', 'NEL': '{"success_fraction":0,"report_to":"cf-nel","max_age":604800}', 'Server': 'cloudflare', 'CF-RAY': '8821b9db898c0664-IAD', 'alt-svc': 'h3=":443"; ma=86400'} 
 body={"results":[{"gender":"female","name":{"title":"Miss","first":"Arianna","last":"Holland"},"location":{"street":{"number":6246,"name":"Pecan Acres Ln"},"city":"Salt Lake City","state":"Idaho","country":"United States","postcode":35231,"coordinates":{"latitude":"83.5618","longitude":"111.9874"},"timezone":{"offset":"-7:00","description":"Mountain Time (US &amp; Canada)"}},"email":"arianna.holland@example.com","login":{"uuid":"161299c3-41b0-44e6-8321-ac5582060c9d","username":"bigostrich788","password":"bonsai","salt":"eRds4ydm","md5":"9ea63adef16246ca04fc33d94920be8d","sha1":"f63c9af2f320e8bc7338800e8db8be6a614df2f4","sha256":"f7e12b260265c391b9b97fb259408a6c90df3b29024ee791dd1595702493439c"},"dob":{"date":"1964-01-23T07:41:37.475Z","age":60},"registered":{"date":"2009-02-03T23:29:39.884Z","age":15},"phone":"(304) 276-8968","cell":"(238) 974-2131","id":{"name":"SSN","value":"228-59-7390"},"picture":{"large":"https://randomuser.me/api/portraits/women/52.jpg","medium":"https://randomuser.me/api/portraits/med/women/52.jpg","thumbnail":"https://randomuser.me/api/portraits/thumb/women/52.jpg"},"nat":"US"}],"info":{"seed":"9f5976da200776a1","results":1,"page":1,"version":"1.4"}} 
 </msg>
<msg time="2024-05-11T11:11:03.069139" level="INFO">/opt/hostedtoolcache/Python/3.12.3/x64/lib/python3.12/site-packages/urllib3/connectionpool.py:1103: InsecureRequestWarning: Unverified HTTPS request is being made to host 'randomuser.me'. Adding certificate verification is strongly advised. See: https://urllib3.readthedocs.io/en/latest/advanced-usage.html#tls-warnings
  warnings.warn(</msg>
<msg time="2024-05-11T11:11:03.069255" level="INFO">${response} = &lt;Response [200]&gt;</msg>
<var>${response}</var>
<arg>consultarAPI</arg>
<arg>/api</arg>
<doc>Sends a GET request on a previously created HTTP Session.</doc>
<status status="PASS" start="2024-05-11T11:11:02.965152" elapsed="0.104144"/>
</kw>
<kw name="Set Variable" owner="BuiltIn">
<msg time="2024-05-11T11:11:03.070462" level="INFO">${json_data} = {'results': [{'gender': 'female', 'name': {'title': 'Miss', 'first': 'Arianna', 'last': 'Holland'}, 'location': {'street': {'number': 6246, 'name': 'Pecan Acres Ln'}, 'city': 'Salt Lake City', 'state'...</msg>
<var>${json_data}</var>
<arg>${response.json()}</arg>
<doc>Returns the given values which can then be assigned to a variables.</doc>
<status status="PASS" start="2024-05-11T11:11:03.069897" elapsed="0.000593"/>
</kw>
<kw name="Log" owner="BuiltIn">
<msg time="2024-05-11T11:11:03.070955" level="INFO">{'results': [{'gender': 'female', 'name': {'title': 'Miss', 'first': 'Arianna', 'last': 'Holland'}, 'location': {'street': {'number': 6246, 'name': 'Pecan Acres Ln'}, 'city': 'Salt Lake City', 'state': 'Idaho', 'country': 'United States', 'postcode': 35231, 'coordinates': {'latitude': '83.5618', 'longitude': '111.9874'}, 'timezone': {'offset': '-7:00', 'description': 'Mountain Time (US &amp; Canada)'}}, 'email': 'arianna.holland@example.com', 'login': {'uuid': '161299c3-41b0-44e6-8321-ac5582060c9d', 'username': 'bigostrich788', 'password': 'bonsai', 'salt': 'eRds4ydm', 'md5': '9ea63adef16246ca04fc33d94920be8d', 'sha1': 'f63c9af2f320e8bc7338800e8db8be6a614df2f4', 'sha256': 'f7e12b260265c391b9b97fb259408a6c90df3b29024ee791dd1595702493439c'}, 'dob': {'date': '1964-01-23T07:41:37.475Z', 'age': 60}, 'registered': {'date': '2009-02-03T23:29:39.884Z', 'age': 15}, 'phone': '(304) 276-8968', 'cell': '(238) 974-2131', 'id': {'name': 'SSN', 'value': '228-59-7390'}, 'picture': {'large': 'https://randomuser.me/api/portraits/women/52.jpg', 'medium': 'https://randomuser.me/api/portraits/med/women/52.jpg', 'thumbnail': 'https://randomuser.me/api/portraits/thumb/women/52.jpg'}, 'nat': 'US'}], 'info': {'seed': '9f5976da200776a1', 'results': 1, 'page': 1, 'version': '1.4'}}</msg>
<arg>${json_data}</arg>
<doc>Logs the given message with the given level.</doc>
<status status="PASS" start="2024-05-11T11:11:03.070800" elapsed="0.000246"/>
</kw>
<kw name="Should Be Equal As Numbers" owner="BuiltIn">
<arg>${json_data['results'][0]['location']['postcode']}</arg>
<arg>${json_data['results'][0]['location']['postcode']}</arg>
<doc>Fails if objects are unequal after converting them to real numbers.</doc>
<status status="PASS" start="2024-05-11T11:11:03.071515" elapsed="0.000626"/>
</kw>
<kw name="Log" owner="BuiltIn">
<msg time="2024-05-11T11:11:03.072674" level="INFO">35231</msg>
<arg>${json_data['results'][0]['location']['postcode']}</arg>
<doc>Logs the given message with the given level.</doc>
<status status="PASS" start="2024-05-11T11:11:03.072333" elapsed="0.000380"/>
</kw>
<status status="PASS" start="2024-05-11T11:11:02.964927" elapsed="0.108042"/>
</kw>
<doc>Testa se os tipos de dados na resposta da API estão corretos.</doc>
<tag>testeTiposDados</tag>
<status status="PASS" start="2024-05-11T11:11:02.892938" elapsed="0.180201"/>
</test>
<test id="s1-s1-t5" name="Validar conteudo" line="35">
<kw name="Teste de Tipos de Conteudo" owner="random-user-service">
<kw name="GET On Session" owner="RequestsLibrary">
<msg time="2024-05-11T11:11:03.155594" level="INFO">GET Request : url=https://randomuser.me/api 
 path_url=/api 
 headers={'User-Agent': 'python-requests/2.31.0', 'Accept-Encoding': 'gzip, deflate', 'Accept': '*/*', 'Connection': 'keep-alive'} 
 body=None 
 </msg>
<msg time="2024-05-11T11:11:03.155712" level="INFO">GET Response : url=https://randomuser.me/api 
 status=200, reason=OK 
 headers={'Date': 'Sat, 11 May 2024 11:11:03 GMT', 'Content-Type': 'application/json; charset=utf-8', 'Transfer-Encoding': 'chunked', 'Connection': 'keep-alive', 'X-Powered-By': 'Express', 'Access-Control-Allow-Origin': '*', 'Cache-Control': 'no-cache', 'ETag': 'W/"4a7-ZgS/a0azNA5oNrbcE8BN43JC3hw"', 'Vary': 'Accept-Encoding', 'Content-Encoding': 'gzip', 'CF-Cache-Status': 'DYNAMIC', 'Report-To': '{"endpoints":[{"url":"https:\\/\\/a.nel.cloudflare.com\\/report\\/v4?s=ZfbGQm0PNt%2F2lRVIzMg%2BfF4QScENQF%2BL6mwAXZ3auvVsBfPnynqd7kcQ%2FrcHz%2FfIhNmpmeext0XYwOMob5i0V1t3G2Eihp5ohUIGJ%2FeZhx0DEnBGWPKtXPNJQw17YC7i"}],"group":"cf-nel","max_age":604800}', 'NEL': '{"success_fraction":0,"report_to":"cf-nel","max_age":604800}', 'Server': 'cloudflare', 'CF-RAY': '8821b9dc3a390664-IAD', 'alt-svc': 'h3=":443"; ma=86400'} 
 body={"results":[{"gender":"female","name":{"title":"Miss","first":"Abigail","last":"Laboy"},"location":{"street":{"number":3419,"name":"Periférico Tamaulipas"},"city":"Jocotepec","state":"Tamaulipas","country":"Mexico","postcode":78472,"coordinates":{"latitude":"24.0851","longitude":"78.8753"},"timezone":{"offset":"+1:00","description":"Brussels, Copenhagen, Madrid, Paris"}},"email":"abigail.laboy@example.com","login":{"uuid":"07275d6d-ca04-408a-a981-ce74e414baf1","username":"bigrabbit891","password":"lickit","salt":"OasbHQ5L","md5":"20b66fcb0938d82dada4947c10f5d308","sha1":"71382aa4597517de38a4c2d44acd43122c28ba7a","sha256":"4b702ee0ce421d5ac416787c595cc32960629dcb61c0a0d129b0ee8f815e8259"},"dob":{"date":"1971-08-13T06:37:57.969Z","age":52},"registered":{"date":"2007-12-03T14:36:38.224Z","age":16},"phone":"(620) 276 9178","cell":"(630) 334 2201","id":{"name":"NSS","value":"36 57 91 4239 7"},"picture":{"large":"https://randomuser.me/api/portraits/women/85.jpg","medium":"https://randomuser.me/api/portraits/med/women/85.jpg","thumbnail":"https://randomuser.me/api/portraits/thumb/women/85.jpg"},"nat":"MX"}],"info":{"seed":"99e5e674eecda30f","results":1,"page":1,"version":"1.4"}} 
 </msg>
<msg time="2024-05-11T11:11:03.155816" level="INFO">/opt/hostedtoolcache/Python/3.12.3/x64/lib/python3.12/site-packages/urllib3/connectionpool.py:1103: InsecureRequestWarning: Unverified HTTPS request is being made to host 'randomuser.me'. Adding certificate verification is strongly advised. See: https://urllib3.readthedocs.io/en/latest/advanced-usage.html#tls-warnings
  warnings.warn(</msg>
<msg time="2024-05-11T11:11:03.155974" level="INFO">${response} = &lt;Response [200]&gt;</msg>
<var>${response}</var>
<arg>consultarAPI</arg>
<arg>/api</arg>
<doc>Sends a GET request on a previously created HTTP Session.</doc>
<status status="PASS" start="2024-05-11T11:11:03.075711" elapsed="0.080311"/>
</kw>
<kw name="Set Variable" owner="BuiltIn">
<msg time="2024-05-11T11:11:03.157423" level="INFO">${json_data} = {'results': [{'gender': 'female', 'name': {'title': 'Miss', 'first': 'Abigail', 'last': 'Laboy'}, 'location': {'street': {'number': 3419, 'name': 'Periférico Tamaulipas'}, 'city': 'Jocotepec', 'state'...</msg>
<var>${json_data}</var>
<arg>${response.json()}</arg>
<doc>Returns the given values which can then be assigned to a variables.</doc>
<status status="PASS" start="2024-05-11T11:11:03.156641" elapsed="0.000828"/>
</kw>
<kw name="Set Variable" owner="BuiltIn">
<msg time="2024-05-11T11:11:03.158607" level="INFO">${name_title} = Miss</msg>
<var>${name_title}</var>
<arg>${json_data["results"][0]["name"]["title"]}</arg>
<doc>Returns the given values which can then be assigned to a variables.</doc>
<status status="PASS" start="2024-05-11T11:11:03.157986" elapsed="0.000660"/>
</kw>
<kw name="Create List" owner="BuiltIn">
<msg time="2024-05-11T11:11:03.159379" level="INFO">${allowed_titles} = ['Mr', 'Ms', 'Miss', 'Mrs', 'Madame', 'Monsieur']</msg>
<var>${allowed_titles}</var>
<arg>Mr</arg>
<arg>Ms</arg>
<arg>Miss</arg>
<arg>Mrs</arg>
<arg>Madame</arg>
<arg>Monsieur</arg>
<doc>Returns a list containing given items.</doc>
<status status="PASS" start="2024-05-11T11:11:03.159127" elapsed="0.000297"/>
</kw>
<kw name="List Should Contain Value" owner="Collections">
<msg time="2024-05-11T11:11:03.160188" level="INFO">False</msg>
<arg>${allowed_titles}</arg>
<arg>${name_title}</arg>
<doc>Fails if the ``value`` is not found from ``list``.</doc>
<status status="PASS" start="2024-05-11T11:11:03.159913" elapsed="0.000341"/>
</kw>
<kw name="Set Variable" owner="BuiltIn">
<msg time="2024-05-11T11:11:03.161341" level="INFO">${name_country} = MX</msg>
<var>${name_country}</var>
<arg>${json_data["results"][0]["nat"]}</arg>
<doc>Returns the given values which can then be assigned to a variables.</doc>
<status status="PASS" start="2024-05-11T11:11:03.160738" elapsed="0.000647"/>
</kw>
<kw name="Create List" owner="BuiltIn">
<msg time="2024-05-11T11:11:03.163048" level="INFO">${list_country} = ['AD', 'AE', 'AF', 'AG', 'AI', 'AL', 'AM', 'AO', 'AQ', 'AR', 'AS', 'AT', 'AU', 'AW', 'AX', 'AZ', 'BA', 'BB', 'BD', 'BE', 'BF', 'BG', 'BH', 'BI', 'BJ', 'BL', 'BM', 'BN', 'BO', 'BQ', 'BR', 'BS', 'BT', '...</msg>
<var>${list_country}</var>
<arg>AD</arg>
<arg>AE</arg>
<arg>AF</arg>
<arg>AG</arg>
<arg>AI</arg>
<arg>AL</arg>
<arg>AM</arg>
<arg>AO</arg>
<arg>AQ</arg>
<arg>AR</arg>
<arg>AS</arg>
<arg>AT</arg>
<arg>AU</arg>
<arg>AW</arg>
<arg>AX</arg>
<arg>AZ</arg>
<arg>BA</arg>
<arg>BB</arg>
<arg>BD</arg>
<arg>BE</arg>
<arg>BF</arg>
<arg>BG</arg>
<arg>BH</arg>
<arg>BI</arg>
<arg>BJ</arg>
<arg>BL</arg>
<arg>BM</arg>
<arg>BN</arg>
<arg>BO</arg>
<arg>BQ</arg>
<arg>BR</arg>
<arg>BS</arg>
<arg>BT</arg>
<arg>BV</arg>
<arg>BW</arg>
<arg>BY</arg>
<arg>BZ</arg>
<arg>CA</arg>
<arg>CC</arg>
<arg>CD</arg>
<arg>CF</arg>
<arg>CG</arg>
<arg>CH</arg>
<arg>CI</arg>
<arg>CK</arg>
<arg>CL</arg>
<arg>CM</arg>
<arg>CN</arg>
<arg>CO</arg>
<arg>CR</arg>
<arg>CU</arg>
<arg>CV</arg>
<arg>CW</arg>
<arg>CX</arg>
<arg>CY</arg>
<arg>CZ</arg>
<arg>DE</arg>
<arg>DJ</arg>
<arg>DK</arg>
<arg>DM</arg>
<arg>DO</arg>
<arg>DZ</arg>
<arg>EC</arg>
<arg>EE</arg>
<arg>EG</arg>
<arg>EH</arg>
<arg>ER</arg>
<arg>ES</arg>
<arg>ET</arg>
<arg>FI</arg>
<arg>FJ</arg>
<arg>FK</arg>
<arg>FM</arg>
<arg>FO</arg>
<arg>FR</arg>
<arg>GA</arg>
<arg>GB</arg>
<arg>GD</arg>
<arg>GE</arg>
<arg>GF</arg>
<arg>GG</arg>
<arg>GH</arg>
<arg>GI</arg>
<arg>GL</arg>
<arg>GM</arg>
<arg>GN</arg>
<arg>GP</arg>
<arg>GQ</arg>
<arg>GR</arg>
<arg>GS</arg>
<arg>GT</arg>
<arg>GU</arg>
<arg>GW</arg>
<arg>GY</arg>
<arg>HK</arg>
<arg>HM</arg>
<arg>HN</arg>
<arg>HR</arg>
<arg>HT</arg>
<arg>HU</arg>
<arg>ID</arg>
<arg>IE</arg>
<arg>IL</arg>
<arg>IM</arg>
<arg>IN</arg>
<arg>IO</arg>
<arg>IQ</arg>
<arg>IR</arg>
<arg>IS</arg>
<arg>IT</arg>
<arg>JE</arg>
<arg>JM</arg>
<arg>JO</arg>
<arg>JP</arg>
<arg>KE</arg>
<arg>KG</arg>
<arg>KH</arg>
<arg>KI</arg>
<arg>KM</arg>
<arg>KN</arg>
<arg>KP</arg>
<arg>KR</arg>
<arg>KW</arg>
<arg>KY</arg>
<arg>KZ</arg>
<arg>LA</arg>
<arg>LB</arg>
<arg>LC</arg>
<arg>LI</arg>
<arg>LK</arg>
<arg>LR</arg>
<arg>LS</arg>
<arg>LT</arg>
<arg>LU</arg>
<arg>LV</arg>
<arg>LY</arg>
<arg>MA</arg>
<arg>MC</arg>
<arg>MD</arg>
<arg>ME</arg>
<arg>MF</arg>
<arg>MG</arg>
<arg>MH</arg>
<arg>MK</arg>
<arg>ML</arg>
<arg>MM</arg>
<arg>MN</arg>
<arg>MO</arg>
<arg>MP</arg>
<arg>MQ</arg>
<arg>MR</arg>
<arg>MS</arg>
<arg>MT</arg>
<arg>MU</arg>
<arg>MV</arg>
<arg>MW</arg>
<arg>MX</arg>
<arg>MY</arg>
<arg>MZ</arg>
<arg>NA</arg>
<arg>NC</arg>
<arg>NE</arg>
<arg>NF</arg>
<arg>NG</arg>
<arg>NI</arg>
<arg>NL</arg>
<arg>NO</arg>
<arg>NP</arg>
<arg>NR</arg>
<arg>NU</arg>
<arg>NZ</arg>
<arg>OM</arg>
<arg>PA</arg>
<arg>PE</arg>
<arg>PF</arg>
<arg>PG</arg>
<arg>PH</arg>
<arg>PK</arg>
<arg>PL</arg>
<arg>PM</arg>
<arg>PN</arg>
<arg>PR</arg>
<arg>PS</arg>
<arg>PT</arg>
<arg>PW</arg>
<arg>PY</arg>
<arg>QA</arg>
<arg>RE</arg>
<arg>RO</arg>
<arg>RS</arg>
<arg>RU</arg>
<arg>RW</arg>
<arg>SA</arg>
<arg>SB</arg>
<arg>SC</arg>
<arg>SD</arg>
<arg>SE</arg>
<arg>SG</arg>
<arg>SH</arg>
<arg>SI</arg>
<arg>SJ</arg>
<arg>SK</arg>
<arg>SL</arg>
<arg>SM</arg>
<arg>SN</arg>
<arg>SO</arg>
<arg>SR</arg>
<arg>SS</arg>
<arg>ST</arg>
<arg>SV</arg>
<arg>SX</arg>
<arg>SY</arg>
<arg>SZ</arg>
<arg>TC</arg>
<arg>TD</arg>
<arg>TF</arg>
<arg>TG</arg>
<arg>TH</arg>
<arg>TJ</arg>
<arg>TK</arg>
<arg>TL</arg>
<arg>TM</arg>
<arg>TN</arg>
<arg>TO</arg>
<arg>TR</arg>
<arg>TT</arg>
<arg>TV</arg>
<arg>TW</arg>
<arg>TZ</arg>
<arg>UA</arg>
<arg>UG</arg>
<arg>UM</arg>
<arg>US</arg>
<arg>UY</arg>
<arg>UZ</arg>
<arg>VA</arg>
<arg>VC</arg>
<arg>VE</arg>
<arg>VG</arg>
<arg>VI</arg>
<arg>VN</arg>
<arg>VU</arg>
<arg>WF</arg>
<arg>WS</arg>
<arg>XK</arg>
<arg>YE</arg>
<arg>YT</arg>
<arg>ZA</arg>
<arg>ZM</arg>
<arg>ZW</arg>
<doc>Returns a list containing given items.</doc>
<status status="PASS" start="2024-05-11T11:11:03.161914" elapsed="0.001181"/>
</kw>
<kw name="List Should Contain Value" owner="Collections">
<msg time="2024-05-11T11:11:03.164975" level="INFO">False</msg>
<arg>${list_country}</arg>
<arg>${name_country}</arg>
<doc>Fails if the ``value`` is not found from ``list``.</doc>
<status status="PASS" start="2024-05-11T11:11:03.164627" elapsed="0.000412"/>
</kw>
<kw name="Run Keyword If" owner="BuiltIn">
<kw name="Should Be True" owner="BuiltIn">
<arg>${True}</arg>
<doc>Fails if the given condition is not true.</doc>
<status status="PASS" start="2024-05-11T11:11:03.166709" elapsed="0.000368"/>
</kw>
<arg>${json_data["results"][0]["location"]["coordinates"]["latitude"]} &gt;= -90 and ${json_data["results"][0]["location"]["coordinates"]["latitude"]} &lt;= 90</arg>
<arg>Should Be True</arg>
<arg>${True}</arg>
<doc>Runs the given keyword with the given arguments, if ``condition`` is true.</doc>
<status status="PASS" start="2024-05-11T11:11:03.165501" elapsed="0.001786"/>
</kw>
<kw name="Run Keyword If" owner="BuiltIn">
<kw name="Should Be True" owner="BuiltIn">
<arg>${True}</arg>
<doc>Fails if the given condition is not true.</doc>
<status status="PASS" start="2024-05-11T11:11:03.168889" elapsed="0.000229"/>
</kw>
<arg>${json_data["results"][0]["location"]["coordinates"]["longitude"]} &gt;= -180 and ${json_data["results"][0]["location"]["coordinates"]["longitude"]} &lt;= 180</arg>
<arg>Should Be True</arg>
<arg>${True}</arg>
<doc>Runs the given keyword with the given arguments, if ``condition`` is true.</doc>
<status status="PASS" start="2024-05-11T11:11:03.167603" elapsed="0.001742"/>
</kw>
<status status="PASS" start="2024-05-11T11:11:03.075482" elapsed="0.094144"/>
</kw>
<doc>Testa o conteúdo específico dos campos retornados pela API.</doc>
<tag>testeConteudo</tag>
<status status="PASS" start="2024-05-11T11:11:03.074951" elapsed="0.094945"/>
</test>
<status status="PASS" start="2024-05-11T11:11:02.351670" elapsed="0.821138"/>
</suite>
<status status="PASS" start="2024-05-11T11:11:02.338295" elapsed="0.839702"/>
</suite>
<statistics>
<total>
<stat pass="5" fail="0" skip="0">All Tests</stat>
</total>
<tag>
<stat pass="1" fail="0" skip="0">testeConteudo</stat>
<stat pass="1" fail="0" skip="0">testeEstruturaResposta</stat>
<stat pass="1" fail="0" skip="0">testeRequisicaoBasica</stat>
<stat pass="1" fail="0" skip="0">testeTiposDados</stat>
</tag>
<suite>
<stat pass="5" fail="0" skip="0" id="s1" name="Tests">Tests</stat>
<stat pass="5" fail="0" skip="0" id="s1-s1" name="Random-User-Test">Tests.Random-User-Test</stat>
</suite>
</statistics>
<errors>
</errors>
</robot>
