<?xml version="1.0" encoding="UTF-8"?>
<robot generator="Robot 7.0 (Python 3.12.3 on linux)" generated="2024-04-19T01:55:37.744006" rpa="false" schemaversion="5">
<suite id="s1" name="Tests" source="/home/runner/work/DesafioQAItauRogerioJordao/DesafioQAItauRogerioJordao/RamdonUser/tests">
<suite id="s1-s1" name="Random-User-Test" source="/home/runner/work/DesafioQAItauRogerioJordao/DesafioQAItauRogerioJordao/RamdonUser/tests/random-user-test.robot">
<test id="s1-s1-t1" name="Conectar" line="13">
<kw name="Conectar API" owner="random-user-service">
<kw name="Create Session" owner="RequestsLibrary">
<msg time="2024-04-19T01:55:38.100289" level="INFO">Creating Session using : alias=consultarAPI, url=https://randomuser.me/, headers={},                     cookies={}, auth=None, timeout=None, proxies=None, verify=False,                     debug=0 </msg>
<arg>consultarAPI</arg>
<arg>${URL}</arg>
<doc>Create Session: create a HTTP session to a server</doc>
<status status="PASS" start="2024-04-19T01:55:38.100082" elapsed="0.000397"/>
</kw>
<status status="PASS" start="2024-04-19T01:55:38.099079" elapsed="0.001767"/>
</kw>
<status status="PASS" start="2024-04-19T01:55:38.098423" elapsed="0.002622"/>
</test>
<test id="s1-s1-t2" name="Validar retorno 200 e JSON Válido" line="16">
<kw name="Teste de Requisicao Basica" owner="random-user-service">
<kw name="GET On Session" owner="RequestsLibrary">
<msg time="2024-04-19T01:55:38.247533" level="INFO">GET Request : url=https://randomuser.me/api 
 path_url=/api 
 headers={'User-Agent': 'python-requests/2.31.0', 'Accept-Encoding': 'gzip, deflate', 'Accept': '*/*', 'Connection': 'keep-alive'} 
 body=None 
 </msg>
<msg time="2024-04-19T01:55:38.247681" level="INFO">GET Response : url=https://randomuser.me/api 
 status=200, reason=OK 
 headers={'Date': 'Fri, 19 Apr 2024 01:55:38 GMT', 'Content-Type': 'application/json; charset=utf-8', 'Transfer-Encoding': 'chunked', 'Connection': 'keep-alive', 'X-Powered-By': 'Express', 'Access-Control-Allow-Origin': '*', 'Cache-Control': 'no-cache', 'ETag': 'W/"48c-J2oCyN1vnFE3yoha9D3545TRmrI"', 'Vary': 'Accept-Encoding', 'Content-Encoding': 'gzip', 'CF-Cache-Status': 'DYNAMIC', 'Report-To': '{"endpoints":[{"url":"https:\\/\\/a.nel.cloudflare.com\\/report\\/v4?s=%2Fk28tFumn%2F0KrrnrokHBRb6bKmoMcd3JO2uKBa2jX2IBZzhGE3VrF%2BvExwD44zwWDv1BCvVZgjjaO%2BfOTOFcaErNAAuQ3pXPaz9WDURd4weUyMjVJOcT32NbiL2myC6K"}],"group":"cf-nel","max_age":604800}', 'NEL': '{"success_fraction":0,"report_to":"cf-nel","max_age":604800}', 'Server': 'cloudflare', 'CF-RAY': '876946036ff33914-IAD', 'alt-svc': 'h3=":443"; ma=86400'} 
 body={"results":[{"gender":"male","name":{"title":"Mr","first":"Valentino","last":"Ureña"},"location":{"street":{"number":7899,"name":"Corredor Mayorga"},"city":"Zacapuato","state":"Hidalgo","country":"Mexico","postcode":58945,"coordinates":{"latitude":"29.8489","longitude":"-58.6687"},"timezone":{"offset":"-12:00","description":"Eniwetok, Kwajalein"}},"email":"valentino.urena@example.com","login":{"uuid":"fe0c8f68-7661-41a0-a5ca-b09c264ab540","username":"smallmouse731","password":"eastern","salt":"CyzhfNb3","md5":"ee35da5b9abcf90744079de3fd2166a5","sha1":"6b40e2c29bc6c3556fa0249388035af41544f9f0","sha256":"2f41ae226f34dcca805ba56d29564b60b8ab0f8b95faac7f2c04cc2eec198a95"},"dob":{"date":"1947-12-29T14:11:46.256Z","age":76},"registered":{"date":"2014-06-14T14:59:26.073Z","age":9},"phone":"(614) 366 3209","cell":"(647) 950 9244","id":{"name":"NSS","value":"35 10 62 2550 3"},"picture":{"large":"https://randomuser.me/api/portraits/men/80.jpg","medium":"https://randomuser.me/api/portraits/med/men/80.jpg","thumbnail":"https://randomuser.me/api/portraits/thumb/men/80.jpg"},"nat":"MX"}],"info":{"seed":"83351da6a40b427b","results":1,"page":1,"version":"1.4"}} 
 </msg>
<msg time="2024-04-19T01:55:38.247770" level="INFO">/opt/hostedtoolcache/Python/3.12.3/x64/lib/python3.12/site-packages/urllib3/connectionpool.py:1103: InsecureRequestWarning: Unverified HTTPS request is being made to host 'randomuser.me'. Adding certificate verification is strongly advised. See: https://urllib3.readthedocs.io/en/latest/advanced-usage.html#tls-warnings
  warnings.warn(</msg>
<msg time="2024-04-19T01:55:38.247933" level="INFO">${response} = &lt;Response [200]&gt;</msg>
<var>${response}</var>
<arg>consultarAPI</arg>
<arg>/api</arg>
<doc>Sends a GET request on a previously created HTTP Session.</doc>
<status status="PASS" start="2024-04-19T01:55:38.103751" elapsed="0.144234"/>
</kw>
<kw name="Should Be Equal As Numbers" owner="BuiltIn">
<msg time="2024-04-19T01:55:38.249231" level="INFO">Argument types are:
&lt;class 'int'&gt;
&lt;class 'str'&gt;</msg>
<arg>${response.status_code}</arg>
<arg>200</arg>
<doc>Fails if objects are unequal after converting them to real numbers.</doc>
<status status="PASS" start="2024-04-19T01:55:38.248636" elapsed="0.000662"/>
</kw>
<kw name="Log" owner="BuiltIn">
<msg time="2024-04-19T01:55:38.250013" level="INFO">200</msg>
<arg>${response.status_code}</arg>
<doc>Logs the given message with the given level.</doc>
<status status="PASS" start="2024-04-19T01:55:38.249657" elapsed="0.000398"/>
</kw>
<kw name="Set Variable" owner="BuiltIn">
<msg time="2024-04-19T01:55:38.250858" level="INFO">${json_data} = {'results': [{'gender': 'male', 'name': {'title': 'Mr', 'first': 'Valentino', 'last': 'Ureña'}, 'location': {'street': {'number': 7899, 'name': 'Corredor Mayorga'}, 'city': 'Zacapuato', 'state': 'Hida...</msg>
<var>${json_data}</var>
<arg>${response.json()}</arg>
<doc>Returns the given values which can then be assigned to a variables.</doc>
<status status="PASS" start="2024-04-19T01:55:38.250367" elapsed="0.000521"/>
</kw>
<kw name="Dictionary Should Contain Key" owner="Collections">
<msg time="2024-04-19T01:55:38.251366" level="INFO">False</msg>
<arg>${json_data}</arg>
<arg>results</arg>
<doc>Fails if ``key`` is not found from ``dictionary``.</doc>
<status status="PASS" start="2024-04-19T01:55:38.251199" elapsed="0.000206"/>
</kw>
<status status="PASS" start="2024-04-19T01:55:38.103499" elapsed="0.148180"/>
</kw>
<doc>Testa se a API responde corretamente e retorna um objeto JSON válido.</doc>
<tag>testeRequisicaoBasica</tag>
<status status="PASS" start="2024-04-19T01:55:38.102964" elapsed="0.148898"/>
</test>
<test id="s1-s1-t3" name="Validar estrutura de resposta" line="22">
<kw name="Teste de Estrutura de Resposta" owner="random-user-service">
<kw name="GET On Session" owner="RequestsLibrary">
<msg time="2024-04-19T01:55:38.289565" level="INFO">GET Request : url=https://randomuser.me/api 
 path_url=/api 
 headers={'User-Agent': 'python-requests/2.31.0', 'Accept-Encoding': 'gzip, deflate', 'Accept': '*/*', 'Connection': 'keep-alive'} 
 body=None 
 </msg>
<msg time="2024-04-19T01:55:38.289645" level="INFO">GET Response : url=https://randomuser.me/api 
 status=200, reason=OK 
 headers={'Date': 'Fri, 19 Apr 2024 01:55:38 GMT', 'Content-Type': 'application/json; charset=utf-8', 'Transfer-Encoding': 'chunked', 'Connection': 'keep-alive', 'X-Powered-By': 'Express', 'Access-Control-Allow-Origin': '*', 'Cache-Control': 'no-cache', 'ETag': 'W/"498-nYhoJmJtnE6xeUqTUr4ouuGH5eg"', 'Vary': 'Accept-Encoding', 'Content-Encoding': 'gzip', 'CF-Cache-Status': 'DYNAMIC', 'Report-To': '{"endpoints":[{"url":"https:\\/\\/a.nel.cloudflare.com\\/report\\/v4?s=%2FCtq75GcoZaXd5v9DmPBLkOZh2MbAZazt6MdOXc4J0tLtNYlkEl8%2FyR%2B6SCmUd26k7kjVcTtYk4mXTOEBAekM3uPow9TCdY87xRWg1i4Q9%2Fjcj%2BDv8ssPa04xZVU5Zg6"}],"group":"cf-nel","max_age":604800}', 'NEL': '{"success_fraction":0,"report_to":"cf-nel","max_age":604800}', 'Server': 'cloudflare', 'CF-RAY': '8769460418ce3914-IAD', 'alt-svc': 'h3=":443"; ma=86400'} 
 body={"results":[{"gender":"male","name":{"title":"Mr","first":"Brian","last":"Andrews"},"location":{"street":{"number":5030,"name":"Washington Ave"},"city":"Lubbock","state":"Michigan","country":"United States","postcode":17431,"coordinates":{"latitude":"85.8420","longitude":"-3.4697"},"timezone":{"offset":"+1:00","description":"Brussels, Copenhagen, Madrid, Paris"}},"email":"brian.andrews@example.com","login":{"uuid":"1078f861-4d38-41cf-b4c9-14e3688ce299","username":"smallmeercat212","password":"csfbr5yy","salt":"s1mIgX9n","md5":"544b91328492ba12c8cc7b331b18d0d4","sha1":"bc6187d3ce37b3301d7c1803ae4c6d46ef76cf8f","sha256":"1dc6705ef531766a30d58a0131d9d32a5932df7114ccbb8b9adcb014e9ec56a1"},"dob":{"date":"1962-01-31T02:03:27.242Z","age":62},"registered":{"date":"2020-10-03T12:46:10.838Z","age":3},"phone":"(555) 881-6555","cell":"(615) 498-7579","id":{"name":"SSN","value":"794-27-0130"},"picture":{"large":"https://randomuser.me/api/portraits/men/22.jpg","medium":"https://randomuser.me/api/portraits/med/men/22.jpg","thumbnail":"https://randomuser.me/api/portraits/thumb/men/22.jpg"},"nat":"US"}],"info":{"seed":"f096da19b6e83e91","results":1,"page":1,"version":"1.4"}} 
 </msg>
<msg time="2024-04-19T01:55:38.289758" level="INFO">/opt/hostedtoolcache/Python/3.12.3/x64/lib/python3.12/site-packages/urllib3/connectionpool.py:1103: InsecureRequestWarning: Unverified HTTPS request is being made to host 'randomuser.me'. Adding certificate verification is strongly advised. See: https://urllib3.readthedocs.io/en/latest/advanced-usage.html#tls-warnings
  warnings.warn(</msg>
<msg time="2024-04-19T01:55:38.289889" level="INFO">${response} = &lt;Response [200]&gt;</msg>
<var>${response}</var>
<arg>consultarAPI</arg>
<arg>/api</arg>
<doc>Sends a GET request on a previously created HTTP Session.</doc>
<status status="PASS" start="2024-04-19T01:55:38.254508" elapsed="0.035428"/>
</kw>
<kw name="Set Variable" owner="BuiltIn">
<msg time="2024-04-19T01:55:38.291012" level="INFO">${json_data} = {'results': [{'gender': 'male', 'name': {'title': 'Mr', 'first': 'Brian', 'last': 'Andrews'}, 'location': {'street': {'number': 5030, 'name': 'Washington Ave'}, 'city': 'Lubbock', 'state': 'Michigan',...</msg>
<var>${json_data}</var>
<arg>${response.json()}</arg>
<doc>Returns the given values which can then be assigned to a variables.</doc>
<status status="PASS" start="2024-04-19T01:55:38.290416" elapsed="0.000625"/>
</kw>
<kw name="Log" owner="BuiltIn">
<msg time="2024-04-19T01:55:38.291506" level="INFO">{'results': [{'gender': 'male', 'name': {'title': 'Mr', 'first': 'Brian', 'last': 'Andrews'}, 'location': {'street': {'number': 5030, 'name': 'Washington Ave'}, 'city': 'Lubbock', 'state': 'Michigan', 'country': 'United States', 'postcode': 17431, 'coordinates': {'latitude': '85.8420', 'longitude': '-3.4697'}, 'timezone': {'offset': '+1:00', 'description': 'Brussels, Copenhagen, Madrid, Paris'}}, 'email': 'brian.andrews@example.com', 'login': {'uuid': '1078f861-4d38-41cf-b4c9-14e3688ce299', 'username': 'smallmeercat212', 'password': 'csfbr5yy', 'salt': 's1mIgX9n', 'md5': '544b91328492ba12c8cc7b331b18d0d4', 'sha1': 'bc6187d3ce37b3301d7c1803ae4c6d46ef76cf8f', 'sha256': '1dc6705ef531766a30d58a0131d9d32a5932df7114ccbb8b9adcb014e9ec56a1'}, 'dob': {'date': '1962-01-31T02:03:27.242Z', 'age': 62}, 'registered': {'date': '2020-10-03T12:46:10.838Z', 'age': 3}, 'phone': '(555) 881-6555', 'cell': '(615) 498-7579', 'id': {'name': 'SSN', 'value': '794-27-0130'}, 'picture': {'large': 'https://randomuser.me/api/portraits/men/22.jpg', 'medium': 'https://randomuser.me/api/portraits/med/men/22.jpg', 'thumbnail': 'https://randomuser.me/api/portraits/thumb/men/22.jpg'}, 'nat': 'US'}], 'info': {'seed': 'f096da19b6e83e91', 'results': 1, 'page': 1, 'version': '1.4'}}</msg>
<arg>${json_data}</arg>
<doc>Logs the given message with the given level.</doc>
<status status="PASS" start="2024-04-19T01:55:38.291351" elapsed="0.000202"/>
</kw>
<kw name="Dictionary Should Contain Key" owner="Collections">
<msg time="2024-04-19T01:55:38.292011" level="INFO">False</msg>
<arg>${json_data}</arg>
<arg>results</arg>
<doc>Fails if ``key`` is not found from ``dictionary``.</doc>
<status status="PASS" start="2024-04-19T01:55:38.291861" elapsed="0.000187"/>
</kw>
<kw name="Should Not Be Empty" owner="BuiltIn">
<msg time="2024-04-19T01:55:38.292474" level="INFO">Length is 2.</msg>
<arg>${json_data}</arg>
<doc>Verifies that the given item is not empty.</doc>
<status status="PASS" start="2024-04-19T01:55:38.292338" elapsed="0.000175"/>
</kw>
<kw name="Create List" owner="BuiltIn">
<msg time="2024-04-19T01:55:38.293081" level="INFO">${expected_keys} = ['gender', 'name', 'location', 'email', 'login']</msg>
<var>${expected_keys}</var>
<arg>gender</arg>
<arg>name</arg>
<arg>location</arg>
<arg>email</arg>
<arg>login</arg>
<doc>Returns a list containing given items.</doc>
<status status="PASS" start="2024-04-19T01:55:38.292805" elapsed="0.000302"/>
</kw>
<for flavor="IN">
<iter>
<kw name="Dictionary Should Contain Key" owner="Collections">
<msg time="2024-04-19T01:55:38.294080" level="INFO">False</msg>
<arg>${json_data['results'][0]}</arg>
<arg>${key}</arg>
<doc>Fails if ``key`` is not found from ``dictionary``.</doc>
<status status="PASS" start="2024-04-19T01:55:38.293681" elapsed="0.000438"/>
</kw>
<kw name="Log" owner="BuiltIn">
<msg time="2024-04-19T01:55:38.294823" level="INFO">{'gender': 'male', 'name': {'title': 'Mr', 'first': 'Brian', 'last': 'Andrews'}, 'location': {'street': {'number': 5030, 'name': 'Washington Ave'}, 'city': 'Lubbock', 'state': 'Michigan', 'country': 'United States', 'postcode': 17431, 'coordinates': {'latitude': '85.8420', 'longitude': '-3.4697'}, 'timezone': {'offset': '+1:00', 'description': 'Brussels, Copenhagen, Madrid, Paris'}}, 'email': 'brian.andrews@example.com', 'login': {'uuid': '1078f861-4d38-41cf-b4c9-14e3688ce299', 'username': 'smallmeercat212', 'password': 'csfbr5yy', 'salt': 's1mIgX9n', 'md5': '544b91328492ba12c8cc7b331b18d0d4', 'sha1': 'bc6187d3ce37b3301d7c1803ae4c6d46ef76cf8f', 'sha256': '1dc6705ef531766a30d58a0131d9d32a5932df7114ccbb8b9adcb014e9ec56a1'}, 'dob': {'date': '1962-01-31T02:03:27.242Z', 'age': 62}, 'registered': {'date': '2020-10-03T12:46:10.838Z', 'age': 3}, 'phone': '(555) 881-6555', 'cell': '(615) 498-7579', 'id': {'name': 'SSN', 'value': '794-27-0130'}, 'picture': {'large': 'https://randomuser.me/api/portraits/men/22.jpg', 'medium': 'https://randomuser.me/api/portraits/med/men/22.jpg', 'thumbnail': 'https://randomuser.me/api/portraits/thumb/men/22.jpg'}, 'nat': 'US'}</msg>
<arg>${json_data['results'][0]}</arg>
<doc>Logs the given message with the given level.</doc>
<status status="PASS" start="2024-04-19T01:55:38.294422" elapsed="0.000453"/>
</kw>
<kw name="Log" owner="BuiltIn">
<msg time="2024-04-19T01:55:38.295307" level="INFO">gender</msg>
<arg>${key}</arg>
<doc>Logs the given message with the given level.</doc>
<status status="PASS" start="2024-04-19T01:55:38.295179" elapsed="0.000167"/>
</kw>
<var name="${key}">gender</var>
<status status="PASS" start="2024-04-19T01:55:38.293556" elapsed="0.002017"/>
</iter>
<iter>
<kw name="Dictionary Should Contain Key" owner="Collections">
<msg time="2024-04-19T01:55:38.296268" level="INFO">False</msg>
<arg>${json_data['results'][0]}</arg>
<arg>${key}</arg>
<doc>Fails if ``key`` is not found from ``dictionary``.</doc>
<status status="PASS" start="2024-04-19T01:55:38.295883" elapsed="0.000422"/>
</kw>
<kw name="Log" owner="BuiltIn">
<msg time="2024-04-19T01:55:38.296986" level="INFO">{'gender': 'male', 'name': {'title': 'Mr', 'first': 'Brian', 'last': 'Andrews'}, 'location': {'street': {'number': 5030, 'name': 'Washington Ave'}, 'city': 'Lubbock', 'state': 'Michigan', 'country': 'United States', 'postcode': 17431, 'coordinates': {'latitude': '85.8420', 'longitude': '-3.4697'}, 'timezone': {'offset': '+1:00', 'description': 'Brussels, Copenhagen, Madrid, Paris'}}, 'email': 'brian.andrews@example.com', 'login': {'uuid': '1078f861-4d38-41cf-b4c9-14e3688ce299', 'username': 'smallmeercat212', 'password': 'csfbr5yy', 'salt': 's1mIgX9n', 'md5': '544b91328492ba12c8cc7b331b18d0d4', 'sha1': 'bc6187d3ce37b3301d7c1803ae4c6d46ef76cf8f', 'sha256': '1dc6705ef531766a30d58a0131d9d32a5932df7114ccbb8b9adcb014e9ec56a1'}, 'dob': {'date': '1962-01-31T02:03:27.242Z', 'age': 62}, 'registered': {'date': '2020-10-03T12:46:10.838Z', 'age': 3}, 'phone': '(555) 881-6555', 'cell': '(615) 498-7579', 'id': {'name': 'SSN', 'value': '794-27-0130'}, 'picture': {'large': 'https://randomuser.me/api/portraits/men/22.jpg', 'medium': 'https://randomuser.me/api/portraits/med/men/22.jpg', 'thumbnail': 'https://randomuser.me/api/portraits/thumb/men/22.jpg'}, 'nat': 'US'}</msg>
<arg>${json_data['results'][0]}</arg>
<doc>Logs the given message with the given level.</doc>
<status status="PASS" start="2024-04-19T01:55:38.296627" elapsed="0.000407"/>
</kw>
<kw name="Log" owner="BuiltIn">
<msg time="2024-04-19T01:55:38.297455" level="INFO">name</msg>
<arg>${key}</arg>
<doc>Logs the given message with the given level.</doc>
<status status="PASS" start="2024-04-19T01:55:38.297329" elapsed="0.000164"/>
</kw>
<var name="${key}">name</var>
<status status="PASS" start="2024-04-19T01:55:38.295768" elapsed="0.001941"/>
</iter>
<iter>
<kw name="Dictionary Should Contain Key" owner="Collections">
<msg time="2024-04-19T01:55:38.298386" level="INFO">False</msg>
<arg>${json_data['results'][0]}</arg>
<arg>${key}</arg>
<doc>Fails if ``key`` is not found from ``dictionary``.</doc>
<status status="PASS" start="2024-04-19T01:55:38.298000" elapsed="0.000423"/>
</kw>
<kw name="Log" owner="BuiltIn">
<msg time="2024-04-19T01:55:38.299133" level="INFO">{'gender': 'male', 'name': {'title': 'Mr', 'first': 'Brian', 'last': 'Andrews'}, 'location': {'street': {'number': 5030, 'name': 'Washington Ave'}, 'city': 'Lubbock', 'state': 'Michigan', 'country': 'United States', 'postcode': 17431, 'coordinates': {'latitude': '85.8420', 'longitude': '-3.4697'}, 'timezone': {'offset': '+1:00', 'description': 'Brussels, Copenhagen, Madrid, Paris'}}, 'email': 'brian.andrews@example.com', 'login': {'uuid': '1078f861-4d38-41cf-b4c9-14e3688ce299', 'username': 'smallmeercat212', 'password': 'csfbr5yy', 'salt': 's1mIgX9n', 'md5': '544b91328492ba12c8cc7b331b18d0d4', 'sha1': 'bc6187d3ce37b3301d7c1803ae4c6d46ef76cf8f', 'sha256': '1dc6705ef531766a30d58a0131d9d32a5932df7114ccbb8b9adcb014e9ec56a1'}, 'dob': {'date': '1962-01-31T02:03:27.242Z', 'age': 62}, 'registered': {'date': '2020-10-03T12:46:10.838Z', 'age': 3}, 'phone': '(555) 881-6555', 'cell': '(615) 498-7579', 'id': {'name': 'SSN', 'value': '794-27-0130'}, 'picture': {'large': 'https://randomuser.me/api/portraits/men/22.jpg', 'medium': 'https://randomuser.me/api/portraits/med/men/22.jpg', 'thumbnail': 'https://randomuser.me/api/portraits/thumb/men/22.jpg'}, 'nat': 'US'}</msg>
<arg>${json_data['results'][0]}</arg>
<doc>Logs the given message with the given level.</doc>
<status status="PASS" start="2024-04-19T01:55:38.298753" elapsed="0.000429"/>
</kw>
<kw name="Log" owner="BuiltIn">
<msg time="2024-04-19T01:55:38.299606" level="INFO">location</msg>
<arg>${key}</arg>
<doc>Logs the given message with the given level.</doc>
<status status="PASS" start="2024-04-19T01:55:38.299481" elapsed="0.000162"/>
</kw>
<var name="${key}">location</var>
<status status="PASS" start="2024-04-19T01:55:38.297887" elapsed="0.001969"/>
</iter>
<iter>
<kw name="Dictionary Should Contain Key" owner="Collections">
<msg time="2024-04-19T01:55:38.300526" level="INFO">False</msg>
<arg>${json_data['results'][0]}</arg>
<arg>${key}</arg>
<doc>Fails if ``key`` is not found from ``dictionary``.</doc>
<status status="PASS" start="2024-04-19T01:55:38.300140" elapsed="0.000424"/>
</kw>
<kw name="Log" owner="BuiltIn">
<msg time="2024-04-19T01:55:38.301233" level="INFO">{'gender': 'male', 'name': {'title': 'Mr', 'first': 'Brian', 'last': 'Andrews'}, 'location': {'street': {'number': 5030, 'name': 'Washington Ave'}, 'city': 'Lubbock', 'state': 'Michigan', 'country': 'United States', 'postcode': 17431, 'coordinates': {'latitude': '85.8420', 'longitude': '-3.4697'}, 'timezone': {'offset': '+1:00', 'description': 'Brussels, Copenhagen, Madrid, Paris'}}, 'email': 'brian.andrews@example.com', 'login': {'uuid': '1078f861-4d38-41cf-b4c9-14e3688ce299', 'username': 'smallmeercat212', 'password': 'csfbr5yy', 'salt': 's1mIgX9n', 'md5': '544b91328492ba12c8cc7b331b18d0d4', 'sha1': 'bc6187d3ce37b3301d7c1803ae4c6d46ef76cf8f', 'sha256': '1dc6705ef531766a30d58a0131d9d32a5932df7114ccbb8b9adcb014e9ec56a1'}, 'dob': {'date': '1962-01-31T02:03:27.242Z', 'age': 62}, 'registered': {'date': '2020-10-03T12:46:10.838Z', 'age': 3}, 'phone': '(555) 881-6555', 'cell': '(615) 498-7579', 'id': {'name': 'SSN', 'value': '794-27-0130'}, 'picture': {'large': 'https://randomuser.me/api/portraits/men/22.jpg', 'medium': 'https://randomuser.me/api/portraits/med/men/22.jpg', 'thumbnail': 'https://randomuser.me/api/portraits/thumb/men/22.jpg'}, 'nat': 'US'}</msg>
<arg>${json_data['results'][0]}</arg>
<doc>Logs the given message with the given level.</doc>
<status status="PASS" start="2024-04-19T01:55:38.300872" elapsed="0.000413"/>
</kw>
<kw name="Log" owner="BuiltIn">
<msg time="2024-04-19T01:55:38.301710" level="INFO">email</msg>
<arg>${key}</arg>
<doc>Logs the given message with the given level.</doc>
<status status="PASS" start="2024-04-19T01:55:38.301575" elapsed="0.000173"/>
</kw>
<var name="${key}">email</var>
<status status="PASS" start="2024-04-19T01:55:38.300029" elapsed="0.001934"/>
</iter>
<iter>
<kw name="Dictionary Should Contain Key" owner="Collections">
<msg time="2024-04-19T01:55:38.302633" level="INFO">False</msg>
<arg>${json_data['results'][0]}</arg>
<arg>${key}</arg>
<doc>Fails if ``key`` is not found from ``dictionary``.</doc>
<status status="PASS" start="2024-04-19T01:55:38.302247" elapsed="0.000424"/>
</kw>
<kw name="Log" owner="BuiltIn">
<msg time="2024-04-19T01:55:38.303379" level="INFO">{'gender': 'male', 'name': {'title': 'Mr', 'first': 'Brian', 'last': 'Andrews'}, 'location': {'street': {'number': 5030, 'name': 'Washington Ave'}, 'city': 'Lubbock', 'state': 'Michigan', 'country': 'United States', 'postcode': 17431, 'coordinates': {'latitude': '85.8420', 'longitude': '-3.4697'}, 'timezone': {'offset': '+1:00', 'description': 'Brussels, Copenhagen, Madrid, Paris'}}, 'email': 'brian.andrews@example.com', 'login': {'uuid': '1078f861-4d38-41cf-b4c9-14e3688ce299', 'username': 'smallmeercat212', 'password': 'csfbr5yy', 'salt': 's1mIgX9n', 'md5': '544b91328492ba12c8cc7b331b18d0d4', 'sha1': 'bc6187d3ce37b3301d7c1803ae4c6d46ef76cf8f', 'sha256': '1dc6705ef531766a30d58a0131d9d32a5932df7114ccbb8b9adcb014e9ec56a1'}, 'dob': {'date': '1962-01-31T02:03:27.242Z', 'age': 62}, 'registered': {'date': '2020-10-03T12:46:10.838Z', 'age': 3}, 'phone': '(555) 881-6555', 'cell': '(615) 498-7579', 'id': {'name': 'SSN', 'value': '794-27-0130'}, 'picture': {'large': 'https://randomuser.me/api/portraits/men/22.jpg', 'medium': 'https://randomuser.me/api/portraits/med/men/22.jpg', 'thumbnail': 'https://randomuser.me/api/portraits/thumb/men/22.jpg'}, 'nat': 'US'}</msg>
<arg>${json_data['results'][0]}</arg>
<doc>Logs the given message with the given level.</doc>
<status status="PASS" start="2024-04-19T01:55:38.303011" elapsed="0.000417"/>
</kw>
<kw name="Log" owner="BuiltIn">
<msg time="2024-04-19T01:55:38.303851" level="INFO">login</msg>
<arg>${key}</arg>
<doc>Logs the given message with the given level.</doc>
<status status="PASS" start="2024-04-19T01:55:38.303725" elapsed="0.000164"/>
</kw>
<var name="${key}">login</var>
<status status="PASS" start="2024-04-19T01:55:38.302136" elapsed="0.001992"/>
</iter>
<var>${key}</var>
<value>@{expected_keys}</value>
<status status="PASS" start="2024-04-19T01:55:38.293372" elapsed="0.010883"/>
</for>
<kw name="Create List" owner="BuiltIn">
<msg time="2024-04-19T01:55:38.304585" level="INFO">${expected_keysTwo} = ['username', 'password']</msg>
<var>${expected_keysTwo}</var>
<arg>username</arg>
<arg>password</arg>
<doc>Returns a list containing given items.</doc>
<status status="PASS" start="2024-04-19T01:55:38.304449" elapsed="0.000160"/>
</kw>
<for flavor="IN">
<iter>
<kw name="Dictionary Should Contain Key" owner="Collections">
<msg time="2024-04-19T01:55:38.305500" level="INFO">False</msg>
<arg>${json_data['results'][0]['login']}</arg>
<arg>${keyTwo}</arg>
<doc>Fails if ``key`` is not found from ``dictionary``.</doc>
<status status="PASS" start="2024-04-19T01:55:38.305112" elapsed="0.000426"/>
</kw>
<kw name="Dictionary Should Contain Key" owner="Collections">
<msg time="2024-04-19T01:55:38.306208" level="INFO">False</msg>
<arg>${json_data['results'][0]['login']}</arg>
<arg>${keyTwo}</arg>
<doc>Fails if ``key`` is not found from ``dictionary``.</doc>
<status status="PASS" start="2024-04-19T01:55:38.305835" elapsed="0.000410"/>
</kw>
<kw name="Log" owner="BuiltIn">
<msg time="2024-04-19T01:55:38.306664" level="INFO">username</msg>
<arg>${keyTwo}</arg>
<doc>Logs the given message with the given level.</doc>
<status status="PASS" start="2024-04-19T01:55:38.306539" elapsed="0.000173"/>
</kw>
<var name="${keyTwo}">username</var>
<status status="PASS" start="2024-04-19T01:55:38.304997" elapsed="0.001975"/>
</iter>
<iter>
<kw name="Dictionary Should Contain Key" owner="Collections">
<msg time="2024-04-19T01:55:38.307639" level="INFO">False</msg>
<arg>${json_data['results'][0]['login']}</arg>
<arg>${keyTwo}</arg>
<doc>Fails if ``key`` is not found from ``dictionary``.</doc>
<status status="PASS" start="2024-04-19T01:55:38.307256" elapsed="0.000428"/>
</kw>
<kw name="Dictionary Should Contain Key" owner="Collections">
<msg time="2024-04-19T01:55:38.308478" level="INFO">False</msg>
<arg>${json_data['results'][0]['login']}</arg>
<arg>${keyTwo}</arg>
<doc>Fails if ``key`` is not found from ``dictionary``.</doc>
<status status="PASS" start="2024-04-19T01:55:38.308009" elapsed="0.000507"/>
</kw>
<kw name="Log" owner="BuiltIn">
<msg time="2024-04-19T01:55:38.308941" level="INFO">password</msg>
<arg>${keyTwo}</arg>
<doc>Logs the given message with the given level.</doc>
<status status="PASS" start="2024-04-19T01:55:38.308814" elapsed="0.000165"/>
</kw>
<var name="${keyTwo}">password</var>
<status status="PASS" start="2024-04-19T01:55:38.307144" elapsed="0.002051"/>
</iter>
<var>${keyTwo}</var>
<value>@{expected_keysTwo}</value>
<status status="PASS" start="2024-04-19T01:55:38.304846" elapsed="0.004471"/>
</for>
<status status="PASS" start="2024-04-19T01:55:38.254274" elapsed="0.055183"/>
</kw>
<doc>Testa a estrutura da resposta da API.</doc>
<tag>testeEstruturaResposta</tag>
<status status="PASS" start="2024-04-19T01:55:38.253680" elapsed="0.055927"/>
</test>
<test id="s1-s1-t4" name="Validar tipos de dados" line="28">
<kw name="Teste de Tipos de Dados" owner="random-user-service">
<kw name="GET On Session" owner="RequestsLibrary">
<msg time="2024-04-19T01:55:38.395736" level="INFO">GET Request : url=https://randomuser.me/api 
 path_url=/api 
 headers={'User-Agent': 'python-requests/2.31.0', 'Accept-Encoding': 'gzip, deflate', 'Accept': '*/*', 'Connection': 'keep-alive'} 
 body=None 
 </msg>
<msg time="2024-04-19T01:55:38.395815" level="INFO">GET Response : url=https://randomuser.me/api 
 status=200, reason=OK 
 headers={'Date': 'Fri, 19 Apr 2024 01:55:38 GMT', 'Content-Type': 'application/json; charset=utf-8', 'Transfer-Encoding': 'chunked', 'Connection': 'keep-alive', 'X-Powered-By': 'Express', 'Access-Control-Allow-Origin': '*', 'Cache-Control': 'no-cache', 'ETag': 'W/"483-aZtYwJ1mK80W2JUCoaPk78yoAB0"', 'Vary': 'Accept-Encoding', 'Content-Encoding': 'gzip', 'CF-Cache-Status': 'DYNAMIC', 'Report-To': '{"endpoints":[{"url":"https:\\/\\/a.nel.cloudflare.com\\/report\\/v4?s=68hIrjW%2B1OAiJ1AHmhdzDs027haifEi7x0kqm8OJ8YbgmV4v2LczoM94HzrCXXM%2FgwZpvaeTWIhVjGpMI%2FEoyIom1uoetjTpBx%2FWuysWHcCpBvdgd1w46BZuDn70kxxx"}],"group":"cf-nel","max_age":604800}', 'NEL': '{"success_fraction":0,"report_to":"cf-nel","max_age":604800}', 'Server': 'cloudflare', 'CF-RAY': '8769460479373914-IAD', 'alt-svc': 'h3=":443"; ma=86400'} 
 body={"results":[{"gender":"female","name":{"title":"Ms","first":"Néia","last":"Pereira"},"location":{"street":{"number":5088,"name":"Rua José Bonifácio "},"city":"Sobral","state":"Ceará","country":"Brazil","postcode":11125,"coordinates":{"latitude":"-73.4409","longitude":"114.0286"},"timezone":{"offset":"+5:45","description":"Kathmandu"}},"email":"neia.pereira@example.com","login":{"uuid":"bcfb85d3-02c4-4f4e-ae50-ead6819fa65d","username":"angrywolf689","password":"emmitt","salt":"kWp9r364","md5":"625b35374ed6b2dce8195f511a48d30f","sha1":"86d35f31547205dac69d921efa5e468cd75a2045","sha256":"574990ca282f0e0cf19ebb40d61d7fe7ad342860b2104d6139500a1c9eab8c7c"},"dob":{"date":"1994-04-10T00:06:07.650Z","age":30},"registered":{"date":"2010-08-29T22:31:02.193Z","age":13},"phone":"(05) 9643-8839","cell":"(71) 6783-7997","id":{"name":"CPF","value":"597.640.472-99"},"picture":{"large":"https://randomuser.me/api/portraits/women/54.jpg","medium":"https://randomuser.me/api/portraits/med/women/54.jpg","thumbnail":"https://randomuser.me/api/portraits/thumb/women/54.jpg"},"nat":"BR"}],"info":{"seed":"5668bd8893322ada","results":1,"page":1,"version":"1.4"}} 
 </msg>
<msg time="2024-04-19T01:55:38.395884" level="INFO">/opt/hostedtoolcache/Python/3.12.3/x64/lib/python3.12/site-packages/urllib3/connectionpool.py:1103: InsecureRequestWarning: Unverified HTTPS request is being made to host 'randomuser.me'. Adding certificate verification is strongly advised. See: https://urllib3.readthedocs.io/en/latest/advanced-usage.html#tls-warnings
  warnings.warn(</msg>
<msg time="2024-04-19T01:55:38.395987" level="INFO">${response} = &lt;Response [200]&gt;</msg>
<var>${response}</var>
<arg>consultarAPI</arg>
<arg>/api</arg>
<doc>Sends a GET request on a previously created HTTP Session.</doc>
<status status="PASS" start="2024-04-19T01:55:38.312120" elapsed="0.083918"/>
</kw>
<kw name="Set Variable" owner="BuiltIn">
<msg time="2024-04-19T01:55:38.397117" level="INFO">${json_data} = {'results': [{'gender': 'female', 'name': {'title': 'Ms', 'first': 'Néia', 'last': 'Pereira'}, 'location': {'street': {'number': 5088, 'name': 'Rua José Bonifácio '}, 'city': 'Sobral', 'state': 'Ceará...</msg>
<var>${json_data}</var>
<arg>${response.json()}</arg>
<doc>Returns the given values which can then be assigned to a variables.</doc>
<status status="PASS" start="2024-04-19T01:55:38.396554" elapsed="0.000593"/>
</kw>
<kw name="Log" owner="BuiltIn">
<msg time="2024-04-19T01:55:38.397610" level="INFO">{'results': [{'gender': 'female', 'name': {'title': 'Ms', 'first': 'Néia', 'last': 'Pereira'}, 'location': {'street': {'number': 5088, 'name': 'Rua José Bonifácio '}, 'city': 'Sobral', 'state': 'Ceará', 'country': 'Brazil', 'postcode': 11125, 'coordinates': {'latitude': '-73.4409', 'longitude': '114.0286'}, 'timezone': {'offset': '+5:45', 'description': 'Kathmandu'}}, 'email': 'neia.pereira@example.com', 'login': {'uuid': 'bcfb85d3-02c4-4f4e-ae50-ead6819fa65d', 'username': 'angrywolf689', 'password': 'emmitt', 'salt': 'kWp9r364', 'md5': '625b35374ed6b2dce8195f511a48d30f', 'sha1': '86d35f31547205dac69d921efa5e468cd75a2045', 'sha256': '574990ca282f0e0cf19ebb40d61d7fe7ad342860b2104d6139500a1c9eab8c7c'}, 'dob': {'date': '1994-04-10T00:06:07.650Z', 'age': 30}, 'registered': {'date': '2010-08-29T22:31:02.193Z', 'age': 13}, 'phone': '(05) 9643-8839', 'cell': '(71) 6783-7997', 'id': {'name': 'CPF', 'value': '597.640.472-99'}, 'picture': {'large': 'https://randomuser.me/api/portraits/women/54.jpg', 'medium': 'https://randomuser.me/api/portraits/med/women/54.jpg', 'thumbnail': 'https://randomuser.me/api/portraits/thumb/women/54.jpg'}, 'nat': 'BR'}], 'info': {'seed': '5668bd8893322ada', 'results': 1, 'page': 1, 'version': '1.4'}}</msg>
<arg>${json_data}</arg>
<doc>Logs the given message with the given level.</doc>
<status status="PASS" start="2024-04-19T01:55:38.397454" elapsed="0.000236"/>
</kw>
<kw name="Should Be String" owner="String">
<arg>${json_data['results'][0]['gender']}</arg>
<doc>Fails if the given ``item`` is not a string.</doc>
<status status="PASS" start="2024-04-19T01:55:38.397994" elapsed="0.000359"/>
</kw>
<kw name="Should Match Regexp" owner="BuiltIn">
<arg>${json_data['results'][0]['email']}</arg>
<arg>^[a-zA-Z0-9._%+-]+@[a-zA-Z0-9.-]+\.[a-zA-Z]{2,}$</arg>
<doc>Fails if ``string`` does not match ``pattern`` as a regular expression.</doc>
<status status="PASS" start="2024-04-19T01:55:38.398552" elapsed="0.000568"/>
</kw>
<kw name="Should Match Regexp" owner="BuiltIn">
<arg>${json_data['results'][0]['dob']['date']}</arg>
<arg>\\d{4}-\\d{2}-\\d{2}T\\d{2}:\\d{2}:\\d{2}\\.\\d{3}Z</arg>
<doc>Fails if ``string`` does not match ``pattern`` as a regular expression.</doc>
<status status="PASS" start="2024-04-19T01:55:38.399318" elapsed="0.000484"/>
</kw>
<kw name="Should Match Regexp" owner="BuiltIn">
<arg>${json_data['results'][0]['registered']['date']}</arg>
<arg>\\d{4}-\\d{2}-\\d{2}T\\d{2}:\\d{2}:\\d{2}\\.\\d{3}Z</arg>
<doc>Fails if ``string`` does not match ``pattern`` as a regular expression.</doc>
<status status="PASS" start="2024-04-19T01:55:38.399996" elapsed="0.000378"/>
</kw>
<kw name="Should Match Regexp" owner="BuiltIn">
<arg>${json_data['results'][0]['picture']['large']}</arg>
<arg>^https?://.*\.(?:png|jpe?g|gif|bmp)$</arg>
<doc>Fails if ``string`` does not match ``pattern`` as a regular expression.</doc>
<status status="PASS" start="2024-04-19T01:55:38.400583" elapsed="0.000456"/>
</kw>
<kw name="Should Match Regexp" owner="BuiltIn">
<arg>${json_data['results'][0]['picture']['medium']}</arg>
<arg>^https?://.*\.(?:png|jpe?g|gif|bmp)$</arg>
<doc>Fails if ``string`` does not match ``pattern`` as a regular expression.</doc>
<status status="PASS" start="2024-04-19T01:55:38.401228" elapsed="0.000362"/>
</kw>
<kw name="Should Match Regexp" owner="BuiltIn">
<arg>${json_data['results'][0]['picture']['thumbnail']}</arg>
<arg>^https?://.*\.(?:png|jpe?g|gif|bmp)$</arg>
<doc>Fails if ``string`` does not match ``pattern`` as a regular expression.</doc>
<status status="PASS" start="2024-04-19T01:55:38.401779" elapsed="0.000346"/>
</kw>
<kw name="Log" owner="BuiltIn">
<msg time="2024-04-19T01:55:38.402628" level="INFO">{'large': 'https://randomuser.me/api/portraits/women/54.jpg', 'medium': 'https://randomuser.me/api/portraits/med/women/54.jpg', 'thumbnail': 'https://randomuser.me/api/portraits/thumb/women/54.jpg'}</msg>
<arg>${json_data['results'][0]['picture']}</arg>
<doc>Logs the given message with the given level.</doc>
<status status="PASS" start="2024-04-19T01:55:38.402307" elapsed="0.000363"/>
</kw>
<status status="PASS" start="2024-04-19T01:55:38.311893" elapsed="0.091062"/>
</kw>
<kw name="Teste de Tipos de Dados - Postcode" owner="random-user-service">
<kw name="GET On Session" owner="RequestsLibrary">
<msg time="2024-04-19T01:55:38.501803" level="INFO">GET Request : url=https://randomuser.me/api 
 path_url=/api 
 headers={'User-Agent': 'python-requests/2.31.0', 'Accept-Encoding': 'gzip, deflate', 'Accept': '*/*', 'Connection': 'keep-alive'} 
 body=None 
 </msg>
<msg time="2024-04-19T01:55:38.501881" level="INFO">GET Response : url=https://randomuser.me/api 
 status=200, reason=OK 
 headers={'Date': 'Fri, 19 Apr 2024 01:55:38 GMT', 'Content-Type': 'application/json; charset=utf-8', 'Transfer-Encoding': 'chunked', 'Connection': 'keep-alive', 'X-Powered-By': 'Express', 'Access-Control-Allow-Origin': '*', 'Cache-Control': 'no-cache', 'ETag': 'W/"486-EFd/Br8Vhu2lOSMNyfVxq9hxhOQ"', 'Vary': 'Accept-Encoding', 'Content-Encoding': 'gzip', 'CF-Cache-Status': 'DYNAMIC', 'Report-To': '{"endpoints":[{"url":"https:\\/\\/a.nel.cloudflare.com\\/report\\/v4?s=dnzKxe1pzqGi3%2BffgX4jAIka2yjUO%2Fdz1NebwDSeYhqdRunCt5ZLffHJGmjLfcj3dWYMZLfgyRjUtrVaUaH%2FArJWj8OaMiRKBcKp3Ls03SYmHkNJH4dBeBE00pfkum8L"}],"group":"cf-nel","max_age":604800}', 'NEL': '{"success_fraction":0,"report_to":"cf-nel","max_age":604800}', 'Server': 'cloudflare', 'CF-RAY': '8769460509fd3914-IAD', 'alt-svc': 'h3=":443"; ma=86400'} 
 body={"results":[{"gender":"female","name":{"title":"Miss","first":"Tina","last":"Hall"},"location":{"street":{"number":7743,"name":"Hunters Creek Dr"},"city":"Devonport","state":"Tasmania","country":"Australia","postcode":4549,"coordinates":{"latitude":"-87.2412","longitude":"98.0448"},"timezone":{"offset":"-1:00","description":"Azores, Cape Verde Islands"}},"email":"tina.hall@example.com","login":{"uuid":"e526c65a-1615-499d-8fda-b3ca02449de4","username":"redpeacock312","password":"snowflak","salt":"zfwJJYI0","md5":"588cab01702ebcff51cf4ebe4dd9666b","sha1":"84afa2aaebcf654f1c529792d1d043a7285ed4d9","sha256":"4e9a98b040b8a574cd06791952ed6cad828422c4371e2d07a1337e0e4bfe7540"},"dob":{"date":"1987-05-24T01:08:46.976Z","age":36},"registered":{"date":"2015-02-28T17:42:07.944Z","age":9},"phone":"01-2268-8266","cell":"0473-827-288","id":{"name":"TFN","value":"948009175"},"picture":{"large":"https://randomuser.me/api/portraits/women/4.jpg","medium":"https://randomuser.me/api/portraits/med/women/4.jpg","thumbnail":"https://randomuser.me/api/portraits/thumb/women/4.jpg"},"nat":"AU"}],"info":{"seed":"93b3e02650a38dfe","results":1,"page":1,"version":"1.4"}} 
 </msg>
<msg time="2024-04-19T01:55:38.501948" level="INFO">/opt/hostedtoolcache/Python/3.12.3/x64/lib/python3.12/site-packages/urllib3/connectionpool.py:1103: InsecureRequestWarning: Unverified HTTPS request is being made to host 'randomuser.me'. Adding certificate verification is strongly advised. See: https://urllib3.readthedocs.io/en/latest/advanced-usage.html#tls-warnings
  warnings.warn(</msg>
<msg time="2024-04-19T01:55:38.502055" level="INFO">${response} = &lt;Response [200]&gt;</msg>
<var>${response}</var>
<arg>consultarAPI</arg>
<arg>/api</arg>
<doc>Sends a GET request on a previously created HTTP Session.</doc>
<status status="PASS" start="2024-04-19T01:55:38.403401" elapsed="0.098705"/>
</kw>
<kw name="Set Variable" owner="BuiltIn">
<msg time="2024-04-19T01:55:38.503229" level="INFO">${json_data} = {'results': [{'gender': 'female', 'name': {'title': 'Miss', 'first': 'Tina', 'last': 'Hall'}, 'location': {'street': {'number': 7743, 'name': 'Hunters Creek Dr'}, 'city': 'Devonport', 'state': 'Tasman...</msg>
<var>${json_data}</var>
<arg>${response.json()}</arg>
<doc>Returns the given values which can then be assigned to a variables.</doc>
<status status="PASS" start="2024-04-19T01:55:38.502641" elapsed="0.000616"/>
</kw>
<kw name="Log" owner="BuiltIn">
<msg time="2024-04-19T01:55:38.503718" level="INFO">{'results': [{'gender': 'female', 'name': {'title': 'Miss', 'first': 'Tina', 'last': 'Hall'}, 'location': {'street': {'number': 7743, 'name': 'Hunters Creek Dr'}, 'city': 'Devonport', 'state': 'Tasmania', 'country': 'Australia', 'postcode': 4549, 'coordinates': {'latitude': '-87.2412', 'longitude': '98.0448'}, 'timezone': {'offset': '-1:00', 'description': 'Azores, Cape Verde Islands'}}, 'email': 'tina.hall@example.com', 'login': {'uuid': 'e526c65a-1615-499d-8fda-b3ca02449de4', 'username': 'redpeacock312', 'password': 'snowflak', 'salt': 'zfwJJYI0', 'md5': '588cab01702ebcff51cf4ebe4dd9666b', 'sha1': '84afa2aaebcf654f1c529792d1d043a7285ed4d9', 'sha256': '4e9a98b040b8a574cd06791952ed6cad828422c4371e2d07a1337e0e4bfe7540'}, 'dob': {'date': '1987-05-24T01:08:46.976Z', 'age': 36}, 'registered': {'date': '2015-02-28T17:42:07.944Z', 'age': 9}, 'phone': '01-2268-8266', 'cell': '0473-827-288', 'id': {'name': 'TFN', 'value': '948009175'}, 'picture': {'large': 'https://randomuser.me/api/portraits/women/4.jpg', 'medium': 'https://randomuser.me/api/portraits/med/women/4.jpg', 'thumbnail': 'https://randomuser.me/api/portraits/thumb/women/4.jpg'}, 'nat': 'AU'}], 'info': {'seed': '93b3e02650a38dfe', 'results': 1, 'page': 1, 'version': '1.4'}}</msg>
<arg>${json_data}</arg>
<doc>Logs the given message with the given level.</doc>
<status status="PASS" start="2024-04-19T01:55:38.503565" elapsed="0.000232"/>
</kw>
<kw name="Should Be Equal As Numbers" owner="BuiltIn">
<arg>${json_data['results'][0]['location']['postcode']}</arg>
<arg>${json_data['results'][0]['location']['postcode']}</arg>
<doc>Fails if objects are unequal after converting them to real numbers.</doc>
<status status="PASS" start="2024-04-19T01:55:38.504101" elapsed="0.000750"/>
</kw>
<kw name="Log" owner="BuiltIn">
<msg time="2024-04-19T01:55:38.505391" level="INFO">4549</msg>
<arg>${json_data['results'][0]['location']['postcode']}</arg>
<doc>Logs the given message with the given level.</doc>
<status status="PASS" start="2024-04-19T01:55:38.505048" elapsed="0.000383"/>
</kw>
<status status="PASS" start="2024-04-19T01:55:38.403173" elapsed="0.102521"/>
</kw>
<doc>Testa se os tipos de dados na resposta da API estão corretos.</doc>
<tag>testeTiposDados</tag>
<status status="PASS" start="2024-04-19T01:55:38.311373" elapsed="0.194483"/>
</test>
<test id="s1-s1-t5" name="Validar conteudo" line="35">
<kw name="Teste de Tipos de Conteudo" owner="random-user-service">
<kw name="GET On Session" owner="RequestsLibrary">
<msg time="2024-04-19T01:55:38.640659" level="INFO">GET Request : url=https://randomuser.me/api 
 path_url=/api 
 headers={'User-Agent': 'python-requests/2.31.0', 'Accept-Encoding': 'gzip, deflate', 'Accept': '*/*', 'Connection': 'keep-alive'} 
 body=None 
 </msg>
<msg time="2024-04-19T01:55:38.640759" level="INFO">GET Response : url=https://randomuser.me/api 
 status=200, reason=OK 
 headers={'Date': 'Fri, 19 Apr 2024 01:55:38 GMT', 'Content-Type': 'application/json; charset=utf-8', 'Transfer-Encoding': 'chunked', 'Connection': 'keep-alive', 'X-Powered-By': 'Express', 'Access-Control-Allow-Origin': '*', 'Cache-Control': 'no-cache', 'ETag': 'W/"479-GLYECysJ8IoCfE2lggkqNVvi0Wg"', 'Vary': 'Accept-Encoding', 'Content-Encoding': 'gzip', 'CF-Cache-Status': 'DYNAMIC', 'Report-To': '{"endpoints":[{"url":"https:\\/\\/a.nel.cloudflare.com\\/report\\/v4?s=yIfcwWqcfJ7RFAg5bSLmyB1IUxvMtmcuIWUPtYQnM8WwiN8aS8zqlCStwqlx90l61CKh3PMLv2PwqouM7mhwy0NNUMSM4L8myurkp0oeq%2FNQ3PAGJpfX6akDifIi4K1X"}],"group":"cf-nel","max_age":604800}', 'NEL': '{"success_fraction":0,"report_to":"cf-nel","max_age":604800}', 'Server': 'cloudflare', 'CF-RAY': '87694605bad13914-IAD', 'alt-svc': 'h3=":443"; ma=86400'} 
 body={"results":[{"gender":"male","name":{"title":"Mr","first":"Dovydas","last":"Størseth"},"location":{"street":{"number":971,"name":"Tors gate"},"city":"Fuglevik","state":"Vest-Agder","country":"Norway","postcode":"0777","coordinates":{"latitude":"44.6152","longitude":"-81.6251"},"timezone":{"offset":"+7:00","description":"Bangkok, Hanoi, Jakarta"}},"email":"dovydas.storseth@example.com","login":{"uuid":"3dd1e3ef-81a9-4bb1-aa2f-c583e8849958","username":"bigzebra785","password":"nimitz","salt":"HgPKUSez","md5":"eed7abcbdc33eba5f37d0db568eb90aa","sha1":"53b54951b0da68d62c32290670cb82aa7397bdad","sha256":"6f25c3571c4cca74b7185cb158fa9c3abfb8236cd94d7681417f5607ac528147"},"dob":{"date":"1965-06-06T13:20:33.789Z","age":58},"registered":{"date":"2013-02-11T19:59:47.326Z","age":11},"phone":"85525535","cell":"40464717","id":{"name":"FN","value":"06066522731"},"picture":{"large":"https://randomuser.me/api/portraits/men/24.jpg","medium":"https://randomuser.me/api/portraits/med/men/24.jpg","thumbnail":"https://randomuser.me/api/portraits/thumb/men/24.jpg"},"nat":"NO"}],"info":{"seed":"6432c94515e49249","results":1,"page":1,"version":"1.4"}} 
 </msg>
<msg time="2024-04-19T01:55:38.640835" level="INFO">/opt/hostedtoolcache/Python/3.12.3/x64/lib/python3.12/site-packages/urllib3/connectionpool.py:1103: InsecureRequestWarning: Unverified HTTPS request is being made to host 'randomuser.me'. Adding certificate verification is strongly advised. See: https://urllib3.readthedocs.io/en/latest/advanced-usage.html#tls-warnings
  warnings.warn(</msg>
<msg time="2024-04-19T01:55:38.640950" level="INFO">${response} = &lt;Response [200]&gt;</msg>
<var>${response}</var>
<arg>consultarAPI</arg>
<arg>/api</arg>
<doc>Sends a GET request on a previously created HTTP Session.</doc>
<status status="PASS" start="2024-04-19T01:55:38.508390" elapsed="0.132600"/>
</kw>
<kw name="Set Variable" owner="BuiltIn">
<msg time="2024-04-19T01:55:38.642100" level="INFO">${json_data} = {'results': [{'gender': 'male', 'name': {'title': 'Mr', 'first': 'Dovydas', 'last': 'Størseth'}, 'location': {'street': {'number': 971, 'name': 'Tors gate'}, 'city': 'Fuglevik', 'state': 'Vest-Agder',...</msg>
<var>${json_data}</var>
<arg>${response.json()}</arg>
<doc>Returns the given values which can then be assigned to a variables.</doc>
<status status="PASS" start="2024-04-19T01:55:38.641547" elapsed="0.000582"/>
</kw>
<kw name="Set Variable" owner="BuiltIn">
<msg time="2024-04-19T01:55:38.642867" level="INFO">${name_title} = Mr</msg>
<var>${name_title}</var>
<arg>${json_data["results"][0]["name"]["title"]}</arg>
<doc>Returns the given values which can then be assigned to a variables.</doc>
<status status="PASS" start="2024-04-19T01:55:38.642439" elapsed="0.000454"/>
</kw>
<kw name="Create List" owner="BuiltIn">
<msg time="2024-04-19T01:55:38.643357" level="INFO">${allowed_titles} = ['Mr', 'Ms', 'Miss', 'Mrs', 'Madame', 'Monsieur']</msg>
<var>${allowed_titles}</var>
<arg>Mr</arg>
<arg>Ms</arg>
<arg>Miss</arg>
<arg>Mrs</arg>
<arg>Madame</arg>
<arg>Monsieur</arg>
<doc>Returns a list containing given items.</doc>
<status status="PASS" start="2024-04-19T01:55:38.643208" elapsed="0.000173"/>
</kw>
<kw name="List Should Contain Value" owner="Collections">
<msg time="2024-04-19T01:55:38.643861" level="INFO">False</msg>
<arg>${allowed_titles}</arg>
<arg>${name_title}</arg>
<doc>Fails if the ``value`` is not found from ``list``.</doc>
<status status="PASS" start="2024-04-19T01:55:38.643691" elapsed="0.000205"/>
</kw>
<kw name="Set Variable" owner="BuiltIn">
<msg time="2024-04-19T01:55:38.644567" level="INFO">${name_country} = NO</msg>
<var>${name_country}</var>
<arg>${json_data["results"][0]["nat"]}</arg>
<doc>Returns the given values which can then be assigned to a variables.</doc>
<status status="PASS" start="2024-04-19T01:55:38.644181" elapsed="0.000411"/>
</kw>
<kw name="Create List" owner="BuiltIn">
<msg time="2024-04-19T01:55:38.645467" level="INFO">${list_country} = ['AD', 'AE', 'AF', 'AG', 'AI', 'AL', 'AM', 'AO', 'AQ', 'AR', 'AS', 'AT', 'AU', 'AW', 'AX', 'AZ', 'BA', 'BB', 'BD', 'BE', 'BF', 'BG', 'BH', 'BI', 'BJ', 'BL', 'BM', 'BN', 'BO', 'BQ', 'BR', 'BS', 'BT', '...</msg>
<var>${list_country}</var>
<arg>AD</arg>
<arg>AE</arg>
<arg>AF</arg>
<arg>AG</arg>
<arg>AI</arg>
<arg>AL</arg>
<arg>AM</arg>
<arg>AO</arg>
<arg>AQ</arg>
<arg>AR</arg>
<arg>AS</arg>
<arg>AT</arg>
<arg>AU</arg>
<arg>AW</arg>
<arg>AX</arg>
<arg>AZ</arg>
<arg>BA</arg>
<arg>BB</arg>
<arg>BD</arg>
<arg>BE</arg>
<arg>BF</arg>
<arg>BG</arg>
<arg>BH</arg>
<arg>BI</arg>
<arg>BJ</arg>
<arg>BL</arg>
<arg>BM</arg>
<arg>BN</arg>
<arg>BO</arg>
<arg>BQ</arg>
<arg>BR</arg>
<arg>BS</arg>
<arg>BT</arg>
<arg>BV</arg>
<arg>BW</arg>
<arg>BY</arg>
<arg>BZ</arg>
<arg>CA</arg>
<arg>CC</arg>
<arg>CD</arg>
<arg>CF</arg>
<arg>CG</arg>
<arg>CH</arg>
<arg>CI</arg>
<arg>CK</arg>
<arg>CL</arg>
<arg>CM</arg>
<arg>CN</arg>
<arg>CO</arg>
<arg>CR</arg>
<arg>CU</arg>
<arg>CV</arg>
<arg>CW</arg>
<arg>CX</arg>
<arg>CY</arg>
<arg>CZ</arg>
<arg>DE</arg>
<arg>DJ</arg>
<arg>DK</arg>
<arg>DM</arg>
<arg>DO</arg>
<arg>DZ</arg>
<arg>EC</arg>
<arg>EE</arg>
<arg>EG</arg>
<arg>EH</arg>
<arg>ER</arg>
<arg>ES</arg>
<arg>ET</arg>
<arg>FI</arg>
<arg>FJ</arg>
<arg>FK</arg>
<arg>FM</arg>
<arg>FO</arg>
<arg>FR</arg>
<arg>GA</arg>
<arg>GB</arg>
<arg>GD</arg>
<arg>GE</arg>
<arg>GF</arg>
<arg>GG</arg>
<arg>GH</arg>
<arg>GI</arg>
<arg>GL</arg>
<arg>GM</arg>
<arg>GN</arg>
<arg>GP</arg>
<arg>GQ</arg>
<arg>GR</arg>
<arg>GS</arg>
<arg>GT</arg>
<arg>GU</arg>
<arg>GW</arg>
<arg>GY</arg>
<arg>HK</arg>
<arg>HM</arg>
<arg>HN</arg>
<arg>HR</arg>
<arg>HT</arg>
<arg>HU</arg>
<arg>ID</arg>
<arg>IE</arg>
<arg>IL</arg>
<arg>IM</arg>
<arg>IN</arg>
<arg>IO</arg>
<arg>IQ</arg>
<arg>IR</arg>
<arg>IS</arg>
<arg>IT</arg>
<arg>JE</arg>
<arg>JM</arg>
<arg>JO</arg>
<arg>JP</arg>
<arg>KE</arg>
<arg>KG</arg>
<arg>KH</arg>
<arg>KI</arg>
<arg>KM</arg>
<arg>KN</arg>
<arg>KP</arg>
<arg>KR</arg>
<arg>KW</arg>
<arg>KY</arg>
<arg>KZ</arg>
<arg>LA</arg>
<arg>LB</arg>
<arg>LC</arg>
<arg>LI</arg>
<arg>LK</arg>
<arg>LR</arg>
<arg>LS</arg>
<arg>LT</arg>
<arg>LU</arg>
<arg>LV</arg>
<arg>LY</arg>
<arg>MA</arg>
<arg>MC</arg>
<arg>MD</arg>
<arg>ME</arg>
<arg>MF</arg>
<arg>MG</arg>
<arg>MH</arg>
<arg>MK</arg>
<arg>ML</arg>
<arg>MM</arg>
<arg>MN</arg>
<arg>MO</arg>
<arg>MP</arg>
<arg>MQ</arg>
<arg>MR</arg>
<arg>MS</arg>
<arg>MT</arg>
<arg>MU</arg>
<arg>MV</arg>
<arg>MW</arg>
<arg>MX</arg>
<arg>MY</arg>
<arg>MZ</arg>
<arg>NA</arg>
<arg>NC</arg>
<arg>NE</arg>
<arg>NF</arg>
<arg>NG</arg>
<arg>NI</arg>
<arg>NL</arg>
<arg>NO</arg>
<arg>NP</arg>
<arg>NR</arg>
<arg>NU</arg>
<arg>NZ</arg>
<arg>OM</arg>
<arg>PA</arg>
<arg>PE</arg>
<arg>PF</arg>
<arg>PG</arg>
<arg>PH</arg>
<arg>PK</arg>
<arg>PL</arg>
<arg>PM</arg>
<arg>PN</arg>
<arg>PR</arg>
<arg>PS</arg>
<arg>PT</arg>
<arg>PW</arg>
<arg>PY</arg>
<arg>QA</arg>
<arg>RE</arg>
<arg>RO</arg>
<arg>RS</arg>
<arg>RU</arg>
<arg>RW</arg>
<arg>SA</arg>
<arg>SB</arg>
<arg>SC</arg>
<arg>SD</arg>
<arg>SE</arg>
<arg>SG</arg>
<arg>SH</arg>
<arg>SI</arg>
<arg>SJ</arg>
<arg>SK</arg>
<arg>SL</arg>
<arg>SM</arg>
<arg>SN</arg>
<arg>SO</arg>
<arg>SR</arg>
<arg>SS</arg>
<arg>ST</arg>
<arg>SV</arg>
<arg>SX</arg>
<arg>SY</arg>
<arg>SZ</arg>
<arg>TC</arg>
<arg>TD</arg>
<arg>TF</arg>
<arg>TG</arg>
<arg>TH</arg>
<arg>TJ</arg>
<arg>TK</arg>
<arg>TL</arg>
<arg>TM</arg>
<arg>TN</arg>
<arg>TO</arg>
<arg>TR</arg>
<arg>TT</arg>
<arg>TV</arg>
<arg>TW</arg>
<arg>TZ</arg>
<arg>UA</arg>
<arg>UG</arg>
<arg>UM</arg>
<arg>US</arg>
<arg>UY</arg>
<arg>UZ</arg>
<arg>VA</arg>
<arg>VC</arg>
<arg>VE</arg>
<arg>VG</arg>
<arg>VI</arg>
<arg>VN</arg>
<arg>VU</arg>
<arg>WF</arg>
<arg>WS</arg>
<arg>XK</arg>
<arg>YE</arg>
<arg>YT</arg>
<arg>ZA</arg>
<arg>ZM</arg>
<arg>ZW</arg>
<doc>Returns a list containing given items.</doc>
<status status="PASS" start="2024-04-19T01:55:38.644892" elapsed="0.000600"/>
</kw>
<kw name="List Should Contain Value" owner="Collections">
<msg time="2024-04-19T01:55:38.646476" level="INFO">False</msg>
<arg>${list_country}</arg>
<arg>${name_country}</arg>
<doc>Fails if the ``value`` is not found from ``list``.</doc>
<status status="PASS" start="2024-04-19T01:55:38.646277" elapsed="0.000235"/>
</kw>
<kw name="Run Keyword If" owner="BuiltIn">
<kw name="Should Be True" owner="BuiltIn">
<arg>${True}</arg>
<doc>Fails if the given condition is not true.</doc>
<status status="PASS" start="2024-04-19T01:55:38.647604" elapsed="0.000143"/>
</kw>
<arg>${json_data["results"][0]["location"]["coordinates"]["latitude"]} &gt;= -90 and ${json_data["results"][0]["location"]["coordinates"]["latitude"]} &lt;= 90</arg>
<arg>Should Be True</arg>
<arg>${True}</arg>
<doc>Runs the given keyword with the given arguments, if ``condition`` is true.</doc>
<status status="PASS" start="2024-04-19T01:55:38.646842" elapsed="0.001034"/>
</kw>
<kw name="Run Keyword If" owner="BuiltIn">
<kw name="Should Be True" owner="BuiltIn">
<arg>${True}</arg>
<doc>Fails if the given condition is not true.</doc>
<status status="PASS" start="2024-04-19T01:55:38.648767" elapsed="0.000259"/>
</kw>
<arg>${json_data["results"][0]["location"]["coordinates"]["longitude"]} &gt;= -180 and ${json_data["results"][0]["location"]["coordinates"]["longitude"]} &lt;= 180</arg>
<arg>Should Be True</arg>
<arg>${True}</arg>
<doc>Runs the given keyword with the given arguments, if ``condition`` is true.</doc>
<status status="PASS" start="2024-04-19T01:55:38.648061" elapsed="0.001091"/>
</kw>
<status status="PASS" start="2024-04-19T01:55:38.508167" elapsed="0.141125"/>
</kw>
<doc>Testa o conteúdo específico dos campos retornados pela API.</doc>
<tag>testeConteudo</tag>
<status status="PASS" start="2024-04-19T01:55:38.507637" elapsed="0.141805"/>
</test>
<status status="PASS" start="2024-04-19T01:55:37.802260" elapsed="0.849198"/>
</suite>
<status status="PASS" start="2024-04-19T01:55:37.788782" elapsed="0.867872"/>
</suite>
<statistics>
<total>
<stat pass="5" fail="0" skip="0">All Tests</stat>
</total>
<tag>
<stat pass="1" fail="0" skip="0">testeConteudo</stat>
<stat pass="1" fail="0" skip="0">testeEstruturaResposta</stat>
<stat pass="1" fail="0" skip="0">testeRequisicaoBasica</stat>
<stat pass="1" fail="0" skip="0">testeTiposDados</stat>
</tag>
<suite>
<stat pass="5" fail="0" skip="0" id="s1" name="Tests">Tests</stat>
<stat pass="5" fail="0" skip="0" id="s1-s1" name="Random-User-Test">Tests.Random-User-Test</stat>
</suite>
</statistics>
<errors>
</errors>
</robot>
