<?xml version="1.0" encoding="UTF-8"?>
<robot generator="Robot 7.0.1 (Python 3.12.4 on linux)" generated="2024-08-07T10:16:23.627722" rpa="false" schemaversion="5">
<suite id="s1" name="Tests" source="/home/runner/work/ApiRandomUser/ApiRandomUser/RamdonUser/tests">
<suite id="s1-s1" name="Random-User-Test" source="/home/runner/work/ApiRandomUser/ApiRandomUser/RamdonUser/tests/random-user-test.robot">
<test id="s1-s1-t1" name="Conectar" line="13">
<kw name="Conectar API" owner="random-user-service">
<kw name="Create Session" owner="RequestsLibrary">
<msg time="2024-08-07T10:16:24.076399" level="INFO">Creating Session using : alias=consultarAPI, url=https://randomuser.me/, headers={},                     cookies={}, auth=None, timeout=None, proxies=None, verify=False,                     debug=0 </msg>
<arg>consultarAPI</arg>
<arg>${URL}</arg>
<doc>Create Session: create a HTTP session to a server</doc>
<status status="PASS" start="2024-08-07T10:16:24.076178" elapsed="0.000428"/>
</kw>
<status status="PASS" start="2024-08-07T10:16:24.075043" elapsed="0.001958"/>
</kw>
<status status="PASS" start="2024-08-07T10:16:24.074326" elapsed="0.002882"/>
</test>
<test id="s1-s1-t2" name="Validar retorno 200 e JSON Válido" line="16">
<kw name="Teste de Requisicao Basica" owner="random-user-service">
<kw name="GET On Session" owner="RequestsLibrary">
<msg time="2024-08-07T10:16:24.236959" level="INFO">GET Request : url=https://randomuser.me/api 
 path_url=/api 
 headers={'User-Agent': 'python-requests/2.32.3', 'Accept-Encoding': 'gzip, deflate', 'Accept': '*/*', 'Connection': 'keep-alive'} 
 body=None 
 </msg>
<msg time="2024-08-07T10:16:24.237133" level="INFO">GET Response : url=https://randomuser.me/api 
 status=200, reason=OK 
 headers={'Date': 'Wed, 07 Aug 2024 10:16:24 GMT', 'Content-Type': 'application/json; charset=utf-8', 'Transfer-Encoding': 'chunked', 'Connection': 'keep-alive', 'X-Powered-By': 'Express', 'Access-Control-Allow-Origin': '*', 'Cache-Control': 'no-cache', 'ETag': 'W/"481-SjNtzuEpKDYuaDCNySm3lFfm7Og"', 'Vary': 'Accept-Encoding', 'Content-Encoding': 'gzip', 'cf-cache-status': 'DYNAMIC', 'Report-To': '{"endpoints":[{"url":"https:\\/\\/a.nel.cloudflare.com\\/report\\/v4?s=7Z9GcrGymI%2BJO1xoQZqdjh9DzBP7Bu6qG8cgVgEcaVCkFfAvlHBh2Vmm1tr40fs%2F3Qz99%2BBo93EVUugzaDalT0BkYBXx21SnOsM1pZ77b1fPUGMcpRmwq784LMLjdsWO"}],"group":"cf-nel","max_age":604800}', 'NEL': '{"success_fraction":0,"report_to":"cf-nel","max_age":604800}', 'Server': 'cloudflare', 'CF-RAY': '8af682ceaafdceaf-SJC', 'alt-svc': 'h3=":443"; ma=86400'} 
 body={"results":[{"gender":"female","name":{"title":"Ms","first":"Gayathri","last":"Bansal"},"location":{"street":{"number":8415,"name":"Linking Rd"},"city":"Bijapur","state":"Goa","country":"India","postcode":48689,"coordinates":{"latitude":"11.7442","longitude":"162.1823"},"timezone":{"offset":"-8:00","description":"Pacific Time (US &amp; Canada)"}},"email":"gayathri.bansal@example.com","login":{"uuid":"31d2d724-6696-4370-954d-c88e199b5a8a","username":"ticklishsnake587","password":"devin","salt":"yLxnBdgw","md5":"7db597c61fb7dee4aa2e45be288f2236","sha1":"11f88e1bed15e50d14d8246d4c6d2317595d1871","sha256":"e1f9a89089aa270474695dfa2ab5de801e6af4781be27eda5c2f0b81b99dfcc9"},"dob":{"date":"1974-04-13T08:14:23.191Z","age":50},"registered":{"date":"2019-12-18T06:13:14.482Z","age":4},"phone":"8673656049","cell":"8313683196","id":{"name":"UIDAI","value":"253566900156"},"picture":{"large":"https://randomuser.me/api/portraits/women/8.jpg","medium":"https://randomuser.me/api/portraits/med/women/8.jpg","thumbnail":"https://randomuser.me/api/portraits/thumb/women/8.jpg"},"nat":"IN"}],"info":{"seed":"1132519945e4f2e1","results":1,"page":1,"version":"1.4"}} 
 </msg>
<msg time="2024-08-07T10:16:24.237230" level="INFO">/opt/hostedtoolcache/Python/3.12.4/x64/lib/python3.12/site-packages/urllib3/connectionpool.py:1099: InsecureRequestWarning: Unverified HTTPS request is being made to host 'randomuser.me'. Adding certificate verification is strongly advised. See: https://urllib3.readthedocs.io/en/latest/advanced-usage.html#tls-warnings
  warnings.warn(</msg>
<msg time="2024-08-07T10:16:24.237442" level="INFO">${response} = &lt;Response [200]&gt;</msg>
<var>${response}</var>
<arg>consultarAPI</arg>
<arg>/api</arg>
<doc>Sends a GET request on a previously created HTTP Session.</doc>
<status status="PASS" start="2024-08-07T10:16:24.079928" elapsed="0.157558"/>
</kw>
<kw name="Should Be Equal As Numbers" owner="BuiltIn">
<msg time="2024-08-07T10:16:24.238561" level="INFO">Argument types are:
&lt;class 'int'&gt;
&lt;class 'str'&gt;</msg>
<arg>${response.status_code}</arg>
<arg>200</arg>
<doc>Fails if objects are unequal after converting them to real numbers.</doc>
<status status="PASS" start="2024-08-07T10:16:24.238073" elapsed="0.000560"/>
</kw>
<kw name="Log" owner="BuiltIn">
<msg time="2024-08-07T10:16:24.239397" level="INFO">200</msg>
<arg>${response.status_code}</arg>
<doc>Logs the given message with the given level.</doc>
<status status="PASS" start="2024-08-07T10:16:24.239005" elapsed="0.000444"/>
</kw>
<kw name="Set Variable" owner="BuiltIn">
<msg time="2024-08-07T10:16:24.240241" level="INFO">${json_data} = {'results': [{'gender': 'female', 'name': {'title': 'Ms', 'first': 'Gayathri', 'last': 'Bansal'}, 'location': {'street': {'number': 8415, 'name': 'Linking Rd'}, 'city': 'Bijapur', 'state': 'Goa', 'cou...</msg>
<var>${json_data}</var>
<arg>${response.json()}</arg>
<doc>Returns the given values which can then be assigned to a variables.</doc>
<status status="PASS" start="2024-08-07T10:16:24.239785" elapsed="0.000488"/>
</kw>
<kw name="Dictionary Should Contain Key" owner="Collections">
<arg>${json_data}</arg>
<arg>results</arg>
<doc>Fails if ``key`` is not found from ``dictionary``.</doc>
<status status="PASS" start="2024-08-07T10:16:24.240590" elapsed="0.000415"/>
</kw>
<status status="PASS" start="2024-08-07T10:16:24.079657" elapsed="0.161516"/>
</kw>
<doc>Testa se a API responde corretamente e retorna um objeto JSON válido.</doc>
<tag>testeRequisicaoBasica</tag>
<status status="PASS" start="2024-08-07T10:16:24.079134" elapsed="0.162270"/>
</test>
<test id="s1-s1-t3" name="Validar estrutura de resposta" line="22">
<kw name="Teste de Estrutura de Resposta" owner="random-user-service">
<kw name="GET On Session" owner="RequestsLibrary">
<msg time="2024-08-07T10:16:24.344677" level="INFO">GET Request : url=https://randomuser.me/api 
 path_url=/api 
 headers={'User-Agent': 'python-requests/2.32.3', 'Accept-Encoding': 'gzip, deflate', 'Accept': '*/*', 'Connection': 'keep-alive'} 
 body=None 
 </msg>
<msg time="2024-08-07T10:16:24.344787" level="INFO">GET Response : url=https://randomuser.me/api 
 status=200, reason=OK 
 headers={'Date': 'Wed, 07 Aug 2024 10:16:24 GMT', 'Content-Type': 'application/json; charset=utf-8', 'Transfer-Encoding': 'chunked', 'Connection': 'keep-alive', 'X-Powered-By': 'Express', 'Access-Control-Allow-Origin': '*', 'Cache-Control': 'no-cache', 'ETag': 'W/"489-iODUdynJPvk6/69HzNtC79s3vto"', 'Vary': 'Accept-Encoding', 'Content-Encoding': 'gzip', 'CF-Cache-Status': 'DYNAMIC', 'Report-To': '{"endpoints":[{"url":"https:\\/\\/a.nel.cloudflare.com\\/report\\/v4?s=uAAKPwsFODg7Y0COn%2FsOJvWe1xONME%2B1dh9N2fZ2FMbVyHbpYHjW3G1fUknW9vHnOljxQAYZePHEfyG0f3T5onXwWp6P5bPzpMlQz60Fs5VqaOflkfnxdpoYNnsXsolf"}],"group":"cf-nel","max_age":604800}', 'NEL': '{"success_fraction":0,"report_to":"cf-nel","max_age":604800}', 'Server': 'cloudflare', 'CF-RAY': '8af682cf8b85ceaf-SJC', 'alt-svc': 'h3=":443"; ma=86400'} 
 body={"results":[{"gender":"male","name":{"title":"Mr","first":"Víctor","last":"Núñez"},"location":{"street":{"number":412,"name":"Calle de Ángel García"},"city":"Lorca","state":"Asturias","country":"Spain","postcode":33464,"coordinates":{"latitude":"-33.4809","longitude":"-120.1255"},"timezone":{"offset":"+4:00","description":"Abu Dhabi, Muscat, Baku, Tbilisi"}},"email":"victor.nunez@example.com","login":{"uuid":"fa90b724-e08c-4c81-b163-bb802d407a31","username":"happyduck748","password":"baggio","salt":"6cGUVHhn","md5":"b4996f3bd1346b732dca00155f86b8fc","sha1":"fd3511362611533f4028a7e46eda59cc1d996496","sha256":"00ba0262d6ae74359579d7a64dcf8dca4bb8f966494d25dbfb9e75d13a996c9e"},"dob":{"date":"1984-11-10T10:08:35.442Z","age":39},"registered":{"date":"2013-03-30T15:20:21.507Z","age":11},"phone":"918-204-621","cell":"666-862-564","id":{"name":"DNI","value":"19828863-B"},"picture":{"large":"https://randomuser.me/api/portraits/men/4.jpg","medium":"https://randomuser.me/api/portraits/med/men/4.jpg","thumbnail":"https://randomuser.me/api/portraits/thumb/men/4.jpg"},"nat":"ES"}],"info":{"seed":"cfe22c863c49d5d1","results":1,"page":1,"version":"1.4"}} 
 </msg>
<msg time="2024-08-07T10:16:24.344924" level="INFO">/opt/hostedtoolcache/Python/3.12.4/x64/lib/python3.12/site-packages/urllib3/connectionpool.py:1099: InsecureRequestWarning: Unverified HTTPS request is being made to host 'randomuser.me'. Adding certificate verification is strongly advised. See: https://urllib3.readthedocs.io/en/latest/advanced-usage.html#tls-warnings
  warnings.warn(</msg>
<msg time="2024-08-07T10:16:24.345085" level="INFO">${response} = &lt;Response [200]&gt;</msg>
<var>${response}</var>
<arg>consultarAPI</arg>
<arg>/api</arg>
<doc>Sends a GET request on a previously created HTTP Session.</doc>
<status status="PASS" start="2024-08-07T10:16:24.244038" elapsed="0.101099"/>
</kw>
<kw name="Set Variable" owner="BuiltIn">
<msg time="2024-08-07T10:16:24.346295" level="INFO">${json_data} = {'results': [{'gender': 'male', 'name': {'title': 'Mr', 'first': 'Víctor', 'last': 'Núñez'}, 'location': {'street': {'number': 412, 'name': 'Calle de Ángel García'}, 'city': 'Lorca', 'state': 'Asturia...</msg>
<var>${json_data}</var>
<arg>${response.json()}</arg>
<doc>Returns the given values which can then be assigned to a variables.</doc>
<status status="PASS" start="2024-08-07T10:16:24.345731" elapsed="0.000595"/>
</kw>
<kw name="Log" owner="BuiltIn">
<msg time="2024-08-07T10:16:24.346868" level="INFO">{'results': [{'gender': 'male', 'name': {'title': 'Mr', 'first': 'Víctor', 'last': 'Núñez'}, 'location': {'street': {'number': 412, 'name': 'Calle de Ángel García'}, 'city': 'Lorca', 'state': 'Asturias', 'country': 'Spain', 'postcode': 33464, 'coordinates': {'latitude': '-33.4809', 'longitude': '-120.1255'}, 'timezone': {'offset': '+4:00', 'description': 'Abu Dhabi, Muscat, Baku, Tbilisi'}}, 'email': 'victor.nunez@example.com', 'login': {'uuid': 'fa90b724-e08c-4c81-b163-bb802d407a31', 'username': 'happyduck748', 'password': 'baggio', 'salt': '6cGUVHhn', 'md5': 'b4996f3bd1346b732dca00155f86b8fc', 'sha1': 'fd3511362611533f4028a7e46eda59cc1d996496', 'sha256': '00ba0262d6ae74359579d7a64dcf8dca4bb8f966494d25dbfb9e75d13a996c9e'}, 'dob': {'date': '1984-11-10T10:08:35.442Z', 'age': 39}, 'registered': {'date': '2013-03-30T15:20:21.507Z', 'age': 11}, 'phone': '918-204-621', 'cell': '666-862-564', 'id': {'name': 'DNI', 'value': '19828863-B'}, 'picture': {'large': 'https://randomuser.me/api/portraits/men/4.jpg', 'medium': 'https://randomuser.me/api/portraits/med/men/4.jpg', 'thumbnail': 'https://randomuser.me/api/portraits/thumb/men/4.jpg'}, 'nat': 'ES'}], 'info': {'seed': 'cfe22c863c49d5d1', 'results': 1, 'page': 1, 'version': '1.4'}}</msg>
<arg>${json_data}</arg>
<doc>Logs the given message with the given level.</doc>
<status status="PASS" start="2024-08-07T10:16:24.346689" elapsed="0.000233"/>
</kw>
<kw name="Dictionary Should Contain Key" owner="Collections">
<arg>${json_data}</arg>
<arg>results</arg>
<doc>Fails if ``key`` is not found from ``dictionary``.</doc>
<status status="PASS" start="2024-08-07T10:16:24.347238" elapsed="0.000174"/>
</kw>
<kw name="Should Not Be Empty" owner="BuiltIn">
<msg time="2024-08-07T10:16:24.347736" level="INFO">Length is 2.</msg>
<arg>${json_data}</arg>
<doc>Verifies that the given item is not empty.</doc>
<status status="PASS" start="2024-08-07T10:16:24.347605" elapsed="0.000171"/>
</kw>
<kw name="Create List" owner="BuiltIn">
<msg time="2024-08-07T10:16:24.348236" level="INFO">${expected_keys} = ['gender', 'name', 'location', 'email', 'login']</msg>
<var>${expected_keys}</var>
<arg>gender</arg>
<arg>name</arg>
<arg>location</arg>
<arg>email</arg>
<arg>login</arg>
<doc>Returns a list containing given items.</doc>
<status status="PASS" start="2024-08-07T10:16:24.348081" elapsed="0.000180"/>
</kw>
<for flavor="IN">
<iter>
<kw name="Dictionary Should Contain Key" owner="Collections">
<arg>${json_data['results'][0]}</arg>
<arg>${key}</arg>
<doc>Fails if ``key`` is not found from ``dictionary``.</doc>
<status status="PASS" start="2024-08-07T10:16:24.348853" elapsed="0.000482"/>
</kw>
<kw name="Log" owner="BuiltIn">
<msg time="2024-08-07T10:16:24.349920" level="INFO">{'gender': 'male', 'name': {'title': 'Mr', 'first': 'Víctor', 'last': 'Núñez'}, 'location': {'street': {'number': 412, 'name': 'Calle de Ángel García'}, 'city': 'Lorca', 'state': 'Asturias', 'country': 'Spain', 'postcode': 33464, 'coordinates': {'latitude': '-33.4809', 'longitude': '-120.1255'}, 'timezone': {'offset': '+4:00', 'description': 'Abu Dhabi, Muscat, Baku, Tbilisi'}}, 'email': 'victor.nunez@example.com', 'login': {'uuid': 'fa90b724-e08c-4c81-b163-bb802d407a31', 'username': 'happyduck748', 'password': 'baggio', 'salt': '6cGUVHhn', 'md5': 'b4996f3bd1346b732dca00155f86b8fc', 'sha1': 'fd3511362611533f4028a7e46eda59cc1d996496', 'sha256': '00ba0262d6ae74359579d7a64dcf8dca4bb8f966494d25dbfb9e75d13a996c9e'}, 'dob': {'date': '1984-11-10T10:08:35.442Z', 'age': 39}, 'registered': {'date': '2013-03-30T15:20:21.507Z', 'age': 11}, 'phone': '918-204-621', 'cell': '666-862-564', 'id': {'name': 'DNI', 'value': '19828863-B'}, 'picture': {'large': 'https://randomuser.me/api/portraits/men/4.jpg', 'medium': 'https://randomuser.me/api/portraits/med/men/4.jpg', 'thumbnail': 'https://randomuser.me/api/portraits/thumb/men/4.jpg'}, 'nat': 'ES'}</msg>
<arg>${json_data['results'][0]}</arg>
<doc>Logs the given message with the given level.</doc>
<status status="PASS" start="2024-08-07T10:16:24.349546" elapsed="0.000427"/>
</kw>
<kw name="Log" owner="BuiltIn">
<msg time="2024-08-07T10:16:24.350402" level="INFO">gender</msg>
<arg>${key}</arg>
<doc>Logs the given message with the given level.</doc>
<status status="PASS" start="2024-08-07T10:16:24.350272" elapsed="0.000168"/>
</kw>
<var name="${key}">gender</var>
<status status="PASS" start="2024-08-07T10:16:24.348725" elapsed="0.001934"/>
</iter>
<iter>
<kw name="Dictionary Should Contain Key" owner="Collections">
<arg>${json_data['results'][0]}</arg>
<arg>${key}</arg>
<doc>Fails if ``key`` is not found from ``dictionary``.</doc>
<status status="PASS" start="2024-08-07T10:16:24.350972" elapsed="0.000398"/>
</kw>
<kw name="Log" owner="BuiltIn">
<msg time="2024-08-07T10:16:24.351910" level="INFO">{'gender': 'male', 'name': {'title': 'Mr', 'first': 'Víctor', 'last': 'Núñez'}, 'location': {'street': {'number': 412, 'name': 'Calle de Ángel García'}, 'city': 'Lorca', 'state': 'Asturias', 'country': 'Spain', 'postcode': 33464, 'coordinates': {'latitude': '-33.4809', 'longitude': '-120.1255'}, 'timezone': {'offset': '+4:00', 'description': 'Abu Dhabi, Muscat, Baku, Tbilisi'}}, 'email': 'victor.nunez@example.com', 'login': {'uuid': 'fa90b724-e08c-4c81-b163-bb802d407a31', 'username': 'happyduck748', 'password': 'baggio', 'salt': '6cGUVHhn', 'md5': 'b4996f3bd1346b732dca00155f86b8fc', 'sha1': 'fd3511362611533f4028a7e46eda59cc1d996496', 'sha256': '00ba0262d6ae74359579d7a64dcf8dca4bb8f966494d25dbfb9e75d13a996c9e'}, 'dob': {'date': '1984-11-10T10:08:35.442Z', 'age': 39}, 'registered': {'date': '2013-03-30T15:20:21.507Z', 'age': 11}, 'phone': '918-204-621', 'cell': '666-862-564', 'id': {'name': 'DNI', 'value': '19828863-B'}, 'picture': {'large': 'https://randomuser.me/api/portraits/men/4.jpg', 'medium': 'https://randomuser.me/api/portraits/med/men/4.jpg', 'thumbnail': 'https://randomuser.me/api/portraits/thumb/men/4.jpg'}, 'nat': 'ES'}</msg>
<arg>${json_data['results'][0]}</arg>
<doc>Logs the given message with the given level.</doc>
<status status="PASS" start="2024-08-07T10:16:24.351554" elapsed="0.000438"/>
</kw>
<kw name="Log" owner="BuiltIn">
<msg time="2024-08-07T10:16:24.352424" level="INFO">name</msg>
<arg>${key}</arg>
<doc>Logs the given message with the given level.</doc>
<status status="PASS" start="2024-08-07T10:16:24.352295" elapsed="0.000167"/>
</kw>
<var name="${key}">name</var>
<status status="PASS" start="2024-08-07T10:16:24.350854" elapsed="0.001824"/>
</iter>
<iter>
<kw name="Dictionary Should Contain Key" owner="Collections">
<arg>${json_data['results'][0]}</arg>
<arg>${key}</arg>
<doc>Fails if ``key`` is not found from ``dictionary``.</doc>
<status status="PASS" start="2024-08-07T10:16:24.352969" elapsed="0.000418"/>
</kw>
<kw name="Log" owner="BuiltIn">
<msg time="2024-08-07T10:16:24.353927" level="INFO">{'gender': 'male', 'name': {'title': 'Mr', 'first': 'Víctor', 'last': 'Núñez'}, 'location': {'street': {'number': 412, 'name': 'Calle de Ángel García'}, 'city': 'Lorca', 'state': 'Asturias', 'country': 'Spain', 'postcode': 33464, 'coordinates': {'latitude': '-33.4809', 'longitude': '-120.1255'}, 'timezone': {'offset': '+4:00', 'description': 'Abu Dhabi, Muscat, Baku, Tbilisi'}}, 'email': 'victor.nunez@example.com', 'login': {'uuid': 'fa90b724-e08c-4c81-b163-bb802d407a31', 'username': 'happyduck748', 'password': 'baggio', 'salt': '6cGUVHhn', 'md5': 'b4996f3bd1346b732dca00155f86b8fc', 'sha1': 'fd3511362611533f4028a7e46eda59cc1d996496', 'sha256': '00ba0262d6ae74359579d7a64dcf8dca4bb8f966494d25dbfb9e75d13a996c9e'}, 'dob': {'date': '1984-11-10T10:08:35.442Z', 'age': 39}, 'registered': {'date': '2013-03-30T15:20:21.507Z', 'age': 11}, 'phone': '918-204-621', 'cell': '666-862-564', 'id': {'name': 'DNI', 'value': '19828863-B'}, 'picture': {'large': 'https://randomuser.me/api/portraits/men/4.jpg', 'medium': 'https://randomuser.me/api/portraits/med/men/4.jpg', 'thumbnail': 'https://randomuser.me/api/portraits/thumb/men/4.jpg'}, 'nat': 'ES'}</msg>
<arg>${json_data['results'][0]}</arg>
<doc>Logs the given message with the given level.</doc>
<status status="PASS" start="2024-08-07T10:16:24.353572" elapsed="0.000405"/>
</kw>
<kw name="Log" owner="BuiltIn">
<msg time="2024-08-07T10:16:24.354406" level="INFO">location</msg>
<arg>${key}</arg>
<doc>Logs the given message with the given level.</doc>
<status status="PASS" start="2024-08-07T10:16:24.354279" elapsed="0.000164"/>
</kw>
<var name="${key}">location</var>
<status status="PASS" start="2024-08-07T10:16:24.352861" elapsed="0.001801"/>
</iter>
<iter>
<kw name="Dictionary Should Contain Key" owner="Collections">
<arg>${json_data['results'][0]}</arg>
<arg>${key}</arg>
<doc>Fails if ``key`` is not found from ``dictionary``.</doc>
<status status="PASS" start="2024-08-07T10:16:24.354942" elapsed="0.000391"/>
</kw>
<kw name="Log" owner="BuiltIn">
<msg time="2024-08-07T10:16:24.355995" level="INFO">{'gender': 'male', 'name': {'title': 'Mr', 'first': 'Víctor', 'last': 'Núñez'}, 'location': {'street': {'number': 412, 'name': 'Calle de Ángel García'}, 'city': 'Lorca', 'state': 'Asturias', 'country': 'Spain', 'postcode': 33464, 'coordinates': {'latitude': '-33.4809', 'longitude': '-120.1255'}, 'timezone': {'offset': '+4:00', 'description': 'Abu Dhabi, Muscat, Baku, Tbilisi'}}, 'email': 'victor.nunez@example.com', 'login': {'uuid': 'fa90b724-e08c-4c81-b163-bb802d407a31', 'username': 'happyduck748', 'password': 'baggio', 'salt': '6cGUVHhn', 'md5': 'b4996f3bd1346b732dca00155f86b8fc', 'sha1': 'fd3511362611533f4028a7e46eda59cc1d996496', 'sha256': '00ba0262d6ae74359579d7a64dcf8dca4bb8f966494d25dbfb9e75d13a996c9e'}, 'dob': {'date': '1984-11-10T10:08:35.442Z', 'age': 39}, 'registered': {'date': '2013-03-30T15:20:21.507Z', 'age': 11}, 'phone': '918-204-621', 'cell': '666-862-564', 'id': {'name': 'DNI', 'value': '19828863-B'}, 'picture': {'large': 'https://randomuser.me/api/portraits/men/4.jpg', 'medium': 'https://randomuser.me/api/portraits/med/men/4.jpg', 'thumbnail': 'https://randomuser.me/api/portraits/thumb/men/4.jpg'}, 'nat': 'ES'}</msg>
<arg>${json_data['results'][0]}</arg>
<doc>Logs the given message with the given level.</doc>
<status status="PASS" start="2024-08-07T10:16:24.355640" elapsed="0.000404"/>
</kw>
<kw name="Log" owner="BuiltIn">
<msg time="2024-08-07T10:16:24.356472" level="INFO">email</msg>
<arg>${key}</arg>
<doc>Logs the given message with the given level.</doc>
<status status="PASS" start="2024-08-07T10:16:24.356343" elapsed="0.000167"/>
</kw>
<var name="${key}">email</var>
<status status="PASS" start="2024-08-07T10:16:24.354835" elapsed="0.001902"/>
</iter>
<iter>
<kw name="Dictionary Should Contain Key" owner="Collections">
<arg>${json_data['results'][0]}</arg>
<arg>${key}</arg>
<doc>Fails if ``key`` is not found from ``dictionary``.</doc>
<status status="PASS" start="2024-08-07T10:16:24.357018" elapsed="0.000423"/>
</kw>
<kw name="Log" owner="BuiltIn">
<msg time="2024-08-07T10:16:24.357975" level="INFO">{'gender': 'male', 'name': {'title': 'Mr', 'first': 'Víctor', 'last': 'Núñez'}, 'location': {'street': {'number': 412, 'name': 'Calle de Ángel García'}, 'city': 'Lorca', 'state': 'Asturias', 'country': 'Spain', 'postcode': 33464, 'coordinates': {'latitude': '-33.4809', 'longitude': '-120.1255'}, 'timezone': {'offset': '+4:00', 'description': 'Abu Dhabi, Muscat, Baku, Tbilisi'}}, 'email': 'victor.nunez@example.com', 'login': {'uuid': 'fa90b724-e08c-4c81-b163-bb802d407a31', 'username': 'happyduck748', 'password': 'baggio', 'salt': '6cGUVHhn', 'md5': 'b4996f3bd1346b732dca00155f86b8fc', 'sha1': 'fd3511362611533f4028a7e46eda59cc1d996496', 'sha256': '00ba0262d6ae74359579d7a64dcf8dca4bb8f966494d25dbfb9e75d13a996c9e'}, 'dob': {'date': '1984-11-10T10:08:35.442Z', 'age': 39}, 'registered': {'date': '2013-03-30T15:20:21.507Z', 'age': 11}, 'phone': '918-204-621', 'cell': '666-862-564', 'id': {'name': 'DNI', 'value': '19828863-B'}, 'picture': {'large': 'https://randomuser.me/api/portraits/men/4.jpg', 'medium': 'https://randomuser.me/api/portraits/med/men/4.jpg', 'thumbnail': 'https://randomuser.me/api/portraits/thumb/men/4.jpg'}, 'nat': 'ES'}</msg>
<arg>${json_data['results'][0]}</arg>
<doc>Logs the given message with the given level.</doc>
<status status="PASS" start="2024-08-07T10:16:24.357625" elapsed="0.000398"/>
</kw>
<kw name="Log" owner="BuiltIn">
<msg time="2024-08-07T10:16:24.358455" level="INFO">login</msg>
<arg>${key}</arg>
<doc>Logs the given message with the given level.</doc>
<status status="PASS" start="2024-08-07T10:16:24.358319" elapsed="0.000173"/>
</kw>
<var name="${key}">login</var>
<status status="PASS" start="2024-08-07T10:16:24.356910" elapsed="0.001801"/>
</iter>
<var>${key}</var>
<value>@{expected_keys}</value>
<status status="PASS" start="2024-08-07T10:16:24.348526" elapsed="0.010307"/>
</for>
<kw name="Create List" owner="BuiltIn">
<msg time="2024-08-07T10:16:24.359187" level="INFO">${expected_keysTwo} = ['username', 'password']</msg>
<var>${expected_keysTwo}</var>
<arg>username</arg>
<arg>password</arg>
<doc>Returns a list containing given items.</doc>
<status status="PASS" start="2024-08-07T10:16:24.359027" elapsed="0.000189"/>
</kw>
<for flavor="IN">
<iter>
<kw name="Dictionary Should Contain Key" owner="Collections">
<arg>${json_data['results'][0]['login']}</arg>
<arg>${keyTwo}</arg>
<doc>Fails if ``key`` is not found from ``dictionary``.</doc>
<status status="PASS" start="2024-08-07T10:16:24.360123" elapsed="0.000634"/>
</kw>
<kw name="Dictionary Should Contain Key" owner="Collections">
<arg>${json_data['results'][0]['login']}</arg>
<arg>${keyTwo}</arg>
<doc>Fails if ``key`` is not found from ``dictionary``.</doc>
<status status="PASS" start="2024-08-07T10:16:24.361049" elapsed="0.000567"/>
</kw>
<kw name="Log" owner="BuiltIn">
<msg time="2024-08-07T10:16:24.361914" level="INFO">username</msg>
<arg>${keyTwo}</arg>
<doc>Logs the given message with the given level.</doc>
<status status="PASS" start="2024-08-07T10:16:24.361794" elapsed="0.000158"/>
</kw>
<var name="${keyTwo}">username</var>
<status status="PASS" start="2024-08-07T10:16:24.359972" elapsed="0.002199"/>
</iter>
<iter>
<kw name="Dictionary Should Contain Key" owner="Collections">
<arg>${json_data['results'][0]['login']}</arg>
<arg>${keyTwo}</arg>
<doc>Fails if ``key`` is not found from ``dictionary``.</doc>
<status status="PASS" start="2024-08-07T10:16:24.362449" elapsed="0.000386"/>
</kw>
<kw name="Dictionary Should Contain Key" owner="Collections">
<arg>${json_data['results'][0]['login']}</arg>
<arg>${keyTwo}</arg>
<doc>Fails if ``key`` is not found from ``dictionary``.</doc>
<status status="PASS" start="2024-08-07T10:16:24.363014" elapsed="0.000380"/>
</kw>
<kw name="Log" owner="BuiltIn">
<msg time="2024-08-07T10:16:24.363717" level="INFO">password</msg>
<arg>${keyTwo}</arg>
<doc>Logs the given message with the given level.</doc>
<status status="PASS" start="2024-08-07T10:16:24.363572" elapsed="0.000182"/>
</kw>
<var name="${keyTwo}">password</var>
<status status="PASS" start="2024-08-07T10:16:24.362344" elapsed="0.001632"/>
</iter>
<var>${keyTwo}</var>
<value>@{expected_keysTwo}</value>
<status status="PASS" start="2024-08-07T10:16:24.359710" elapsed="0.004388"/>
</for>
<status status="PASS" start="2024-08-07T10:16:24.243797" elapsed="0.120450"/>
</kw>
<doc>Testa a estrutura da resposta da API.</doc>
<tag>testeEstruturaResposta</tag>
<status status="PASS" start="2024-08-07T10:16:24.243263" elapsed="0.121147"/>
</test>
<test id="s1-s1-t4" name="Validar tipos de dados" line="28">
<kw name="Teste de Tipos de Dados" owner="random-user-service">
<kw name="GET On Session" owner="RequestsLibrary">
<msg time="2024-08-07T10:16:24.492700" level="INFO">GET Request : url=https://randomuser.me/api 
 path_url=/api 
 headers={'User-Agent': 'python-requests/2.32.3', 'Accept-Encoding': 'gzip, deflate', 'Accept': '*/*', 'Connection': 'keep-alive'} 
 body=None 
 </msg>
<msg time="2024-08-07T10:16:24.492828" level="INFO">GET Response : url=https://randomuser.me/api 
 status=200, reason=OK 
 headers={'Date': 'Wed, 07 Aug 2024 10:16:24 GMT', 'Content-Type': 'application/json; charset=utf-8', 'Transfer-Encoding': 'chunked', 'Connection': 'keep-alive', 'X-Powered-By': 'Express', 'Access-Control-Allow-Origin': '*', 'Cache-Control': 'no-cache', 'ETag': 'W/"493-TK2P/g1i5YijJMd88HVSa4wKiJQ"', 'Vary': 'Accept-Encoding', 'Content-Encoding': 'gzip', 'CF-Cache-Status': 'DYNAMIC', 'Report-To': '{"endpoints":[{"url":"https:\\/\\/a.nel.cloudflare.com\\/report\\/v4?s=Qjx%2FTIDhk71RKl%2Fe88tTUiqReln9v4O6%2BrNh69nZdqlc8J6pS50lnsnEZy4QfSOPUyMwil9Vstrd6QXDGbgcRerxH4VyG1LrXwXOaqsXmTnv1an%2BRR4N6MJm6nK%2BnPEd"}],"group":"cf-nel","max_age":604800}', 'NEL': '{"success_fraction":0,"report_to":"cf-nel","max_age":604800}', 'Server': 'cloudflare', 'CF-RAY': '8af682d05befceaf-SJC', 'alt-svc': 'h3=":443"; ma=86400'} 
 body={"results":[{"gender":"female","name":{"title":"Ms","first":"Emma","last":"Andersen"},"location":{"street":{"number":3461,"name":"Højtoften"},"city":"Klitmøller","state":"Syddanmark","country":"Denmark","postcode":14593,"coordinates":{"latitude":"-40.7526","longitude":"31.5701"},"timezone":{"offset":"-5:00","description":"Eastern Time (US &amp; Canada), Bogota, Lima"}},"email":"emma.andersen@example.com","login":{"uuid":"40b3556e-00fa-40bc-b65a-6162ffa6e500","username":"redgoose167","password":"freeporn","salt":"b7PdRYpx","md5":"1cfaf67036bff8fd6fa960faa87406da","sha1":"2e2ebe5d5a72704a376cba91d613056ce94ef3ae","sha256":"0049c6ae77303a30c4d18e3232a629589e99c62caee02e8c3882d3df48046af4"},"dob":{"date":"1967-05-01T13:57:17.694Z","age":57},"registered":{"date":"2004-09-30T05:47:07.349Z","age":19},"phone":"96393007","cell":"19055226","id":{"name":"CPR","value":"010567-9675"},"picture":{"large":"https://randomuser.me/api/portraits/women/94.jpg","medium":"https://randomuser.me/api/portraits/med/women/94.jpg","thumbnail":"https://randomuser.me/api/portraits/thumb/women/94.jpg"},"nat":"DK"}],"info":{"seed":"d1761428e29b91f3","results":1,"page":1,"version":"1.4"}} 
 </msg>
<msg time="2024-08-07T10:16:24.492913" level="INFO">/opt/hostedtoolcache/Python/3.12.4/x64/lib/python3.12/site-packages/urllib3/connectionpool.py:1099: InsecureRequestWarning: Unverified HTTPS request is being made to host 'randomuser.me'. Adding certificate verification is strongly advised. See: https://urllib3.readthedocs.io/en/latest/advanced-usage.html#tls-warnings
  warnings.warn(</msg>
<msg time="2024-08-07T10:16:24.493055" level="INFO">${response} = &lt;Response [200]&gt;</msg>
<var>${response}</var>
<arg>consultarAPI</arg>
<arg>/api</arg>
<doc>Sends a GET request on a previously created HTTP Session.</doc>
<status status="PASS" start="2024-08-07T10:16:24.367177" elapsed="0.125922"/>
</kw>
<kw name="Set Variable" owner="BuiltIn">
<msg time="2024-08-07T10:16:24.494551" level="INFO">${json_data} = {'results': [{'gender': 'female', 'name': {'title': 'Ms', 'first': 'Emma', 'last': 'Andersen'}, 'location': {'street': {'number': 3461, 'name': 'Højtoften'}, 'city': 'Klitmøller', 'state': 'Syddanmark...</msg>
<var>${json_data}</var>
<arg>${response.json()}</arg>
<doc>Returns the given values which can then be assigned to a variables.</doc>
<status status="PASS" start="2024-08-07T10:16:24.493897" elapsed="0.000685"/>
</kw>
<kw name="Log" owner="BuiltIn">
<msg time="2024-08-07T10:16:24.495236" level="INFO">{'results': [{'gender': 'female', 'name': {'title': 'Ms', 'first': 'Emma', 'last': 'Andersen'}, 'location': {'street': {'number': 3461, 'name': 'Højtoften'}, 'city': 'Klitmøller', 'state': 'Syddanmark', 'country': 'Denmark', 'postcode': 14593, 'coordinates': {'latitude': '-40.7526', 'longitude': '31.5701'}, 'timezone': {'offset': '-5:00', 'description': 'Eastern Time (US &amp; Canada), Bogota, Lima'}}, 'email': 'emma.andersen@example.com', 'login': {'uuid': '40b3556e-00fa-40bc-b65a-6162ffa6e500', 'username': 'redgoose167', 'password': 'freeporn', 'salt': 'b7PdRYpx', 'md5': '1cfaf67036bff8fd6fa960faa87406da', 'sha1': '2e2ebe5d5a72704a376cba91d613056ce94ef3ae', 'sha256': '0049c6ae77303a30c4d18e3232a629589e99c62caee02e8c3882d3df48046af4'}, 'dob': {'date': '1967-05-01T13:57:17.694Z', 'age': 57}, 'registered': {'date': '2004-09-30T05:47:07.349Z', 'age': 19}, 'phone': '96393007', 'cell': '19055226', 'id': {'name': 'CPR', 'value': '010567-9675'}, 'picture': {'large': 'https://randomuser.me/api/portraits/women/94.jpg', 'medium': 'https://randomuser.me/api/portraits/med/women/94.jpg', 'thumbnail': 'https://randomuser.me/api/portraits/thumb/women/94.jpg'}, 'nat': 'DK'}], 'info': {'seed': 'd1761428e29b91f3', 'results': 1, 'page': 1, 'version': '1.4'}}</msg>
<arg>${json_data}</arg>
<doc>Logs the given message with the given level.</doc>
<status status="PASS" start="2024-08-07T10:16:24.495020" elapsed="0.000274"/>
</kw>
<kw name="Should Be String" owner="String">
<arg>${json_data['results'][0]['gender']}</arg>
<doc>Fails if the given ``item`` is not a string.</doc>
<status status="PASS" start="2024-08-07T10:16:24.495674" elapsed="0.000429"/>
</kw>
<kw name="Should Match Regexp" owner="BuiltIn">
<arg>${json_data['results'][0]['email']}</arg>
<arg>^[a-zA-Z0-9._%+-]+@[a-zA-Z0-9.-]+\.[a-zA-Z]{2,}$</arg>
<doc>Fails if ``string`` does not match ``pattern`` as a regular expression.</doc>
<status status="PASS" start="2024-08-07T10:16:24.496344" elapsed="0.000578"/>
</kw>
<kw name="Should Match Regexp" owner="BuiltIn">
<arg>${json_data['results'][0]['dob']['date']}</arg>
<arg>\\d{4}-\\d{2}-\\d{2}T\\d{2}:\\d{2}:\\d{2}\\.\\d{3}Z</arg>
<doc>Fails if ``string`` does not match ``pattern`` as a regular expression.</doc>
<status status="PASS" start="2024-08-07T10:16:24.497200" elapsed="0.000764"/>
</kw>
<kw name="Should Match Regexp" owner="BuiltIn">
<arg>${json_data['results'][0]['registered']['date']}</arg>
<arg>\\d{4}-\\d{2}-\\d{2}T\\d{2}:\\d{2}:\\d{2}\\.\\d{3}Z</arg>
<doc>Fails if ``string`` does not match ``pattern`` as a regular expression.</doc>
<status status="PASS" start="2024-08-07T10:16:24.498195" elapsed="0.000403"/>
</kw>
<kw name="Should Match Regexp" owner="BuiltIn">
<arg>${json_data['results'][0]['picture']['large']}</arg>
<arg>^https?://.*\.(?:png|jpe?g|gif|bmp)$</arg>
<doc>Fails if ``string`` does not match ``pattern`` as a regular expression.</doc>
<status status="PASS" start="2024-08-07T10:16:24.498794" elapsed="0.000485"/>
</kw>
<kw name="Should Match Regexp" owner="BuiltIn">
<arg>${json_data['results'][0]['picture']['medium']}</arg>
<arg>^https?://.*\.(?:png|jpe?g|gif|bmp)$</arg>
<doc>Fails if ``string`` does not match ``pattern`` as a regular expression.</doc>
<status status="PASS" start="2024-08-07T10:16:24.499473" elapsed="0.000366"/>
</kw>
<kw name="Should Match Regexp" owner="BuiltIn">
<arg>${json_data['results'][0]['picture']['thumbnail']}</arg>
<arg>^https?://.*\.(?:png|jpe?g|gif|bmp)$</arg>
<doc>Fails if ``string`` does not match ``pattern`` as a regular expression.</doc>
<status status="PASS" start="2024-08-07T10:16:24.500026" elapsed="0.000352"/>
</kw>
<kw name="Log" owner="BuiltIn">
<msg time="2024-08-07T10:16:24.500889" level="INFO">{'large': 'https://randomuser.me/api/portraits/women/94.jpg', 'medium': 'https://randomuser.me/api/portraits/med/women/94.jpg', 'thumbnail': 'https://randomuser.me/api/portraits/thumb/women/94.jpg'}</msg>
<arg>${json_data['results'][0]['picture']}</arg>
<doc>Logs the given message with the given level.</doc>
<status status="PASS" start="2024-08-07T10:16:24.500561" elapsed="0.000370"/>
</kw>
<status status="PASS" start="2024-08-07T10:16:24.366944" elapsed="0.134276"/>
</kw>
<kw name="Teste de Tipos de Dados - Postcode" owner="random-user-service">
<kw name="GET On Session" owner="RequestsLibrary">
<msg time="2024-08-07T10:16:24.601863" level="INFO">GET Request : url=https://randomuser.me/api 
 path_url=/api 
 headers={'User-Agent': 'python-requests/2.32.3', 'Accept-Encoding': 'gzip, deflate', 'Accept': '*/*', 'Connection': 'keep-alive'} 
 body=None 
 </msg>
<msg time="2024-08-07T10:16:24.601969" level="INFO">GET Response : url=https://randomuser.me/api 
 status=200, reason=OK 
 headers={'Date': 'Wed, 07 Aug 2024 10:16:24 GMT', 'Content-Type': 'application/json; charset=utf-8', 'Transfer-Encoding': 'chunked', 'Connection': 'keep-alive', 'X-Powered-By': 'Express', 'Access-Control-Allow-Origin': '*', 'Cache-Control': 'no-cache', 'ETag': 'W/"499-kUvhVAnGCqXyB1PIfk9JBWJUMwM"', 'Vary': 'Accept-Encoding', 'Content-Encoding': 'gzip', 'CF-Cache-Status': 'DYNAMIC', 'Report-To': '{"endpoints":[{"url":"https:\\/\\/a.nel.cloudflare.com\\/report\\/v4?s=xkSLuxeH1LuHAwjRJdMeugAFcaTWRL2uYkvkFe24FaXnV1g%2FiHBC1G1e54BHuvwZE82e4kE9oidRvlHKr2yu9i1cvfK1SCk%2FpHjpM4ZQ4gfOOBz4MwxYNgzoPEnaiug5"}],"group":"cf-nel","max_age":604800}', 'NEL': '{"success_fraction":0,"report_to":"cf-nel","max_age":604800}', 'Server': 'cloudflare', 'CF-RAY': '8af682d12c84ceaf-SJC', 'alt-svc': 'h3=":443"; ma=86400'} 
 body={"results":[{"gender":"male","name":{"title":"Mr","first":"شایان","last":"سلطانی نژاد"},"location":{"street":{"number":3015,"name":"موسیوند"},"city":"زنجان","state":"همدان","country":"Iran","postcode":82818,"coordinates":{"latitude":"20.8185","longitude":"-36.2189"},"timezone":{"offset":"-5:00","description":"Eastern Time (US &amp; Canada), Bogota, Lima"}},"email":"shyn.sltnynjd@example.com","login":{"uuid":"8544a7bc-41a6-4e1f-9ebd-2bcb23efb115","username":"sadsnake251","password":"toaster","salt":"rfOy5h8L","md5":"a1ad3b4d8a6419f51eecaf72ff01ad56","sha1":"7e42a06168d3b43ccb40b02ca73a7d4db82ba4f5","sha256":"f7a60d8f556426e85b57385e5d57cf01df1f460882c1b6177347e9343fce0329"},"dob":{"date":"1984-09-27T20:24:22.941Z","age":39},"registered":{"date":"2018-06-18T13:34:11.162Z","age":6},"phone":"012-99700391","cell":"0948-439-0202","id":{"name":"","value":null},"picture":{"large":"https://randomuser.me/api/portraits/men/74.jpg","medium":"https://randomuser.me/api/portraits/med/men/74.jpg","thumbnail":"https://randomuser.me/api/portraits/thumb/men/74.jpg"},"nat":"IR"}],"info":{"seed":"9156fd6fed7bc4d5","results":1,"page":1,"version":"1.4"}} 
 </msg>
<msg time="2024-08-07T10:16:24.602046" level="INFO">/opt/hostedtoolcache/Python/3.12.4/x64/lib/python3.12/site-packages/urllib3/connectionpool.py:1099: InsecureRequestWarning: Unverified HTTPS request is being made to host 'randomuser.me'. Adding certificate verification is strongly advised. See: https://urllib3.readthedocs.io/en/latest/advanced-usage.html#tls-warnings
  warnings.warn(</msg>
<msg time="2024-08-07T10:16:24.602187" level="INFO">${response} = &lt;Response [200]&gt;</msg>
<var>${response}</var>
<arg>consultarAPI</arg>
<arg>/api</arg>
<doc>Sends a GET request on a previously created HTTP Session.</doc>
<status status="PASS" start="2024-08-07T10:16:24.501743" elapsed="0.100498"/>
</kw>
<kw name="Set Variable" owner="BuiltIn">
<msg time="2024-08-07T10:16:24.603532" level="INFO">${json_data} = {'results': [{'gender': 'male', 'name': {'title': 'Mr', 'first': 'شایان', 'last': 'سلطانی نژاد'}, 'location': {'street': {'number': 3015, 'name': 'موسیوند'}, 'city': 'زنجان', 'state': 'همدان', 'countr...</msg>
<var>${json_data}</var>
<arg>${response.json()}</arg>
<doc>Returns the given values which can then be assigned to a variables.</doc>
<status status="PASS" start="2024-08-07T10:16:24.602929" elapsed="0.000635"/>
</kw>
<kw name="Log" owner="BuiltIn">
<msg time="2024-08-07T10:16:24.604047" level="INFO">{'results': [{'gender': 'male', 'name': {'title': 'Mr', 'first': 'شایان', 'last': 'سلطانی نژاد'}, 'location': {'street': {'number': 3015, 'name': 'موسیوند'}, 'city': 'زنجان', 'state': 'همدان', 'country': 'Iran', 'postcode': 82818, 'coordinates': {'latitude': '20.8185', 'longitude': '-36.2189'}, 'timezone': {'offset': '-5:00', 'description': 'Eastern Time (US &amp; Canada), Bogota, Lima'}}, 'email': 'shyn.sltnynjd@example.com', 'login': {'uuid': '8544a7bc-41a6-4e1f-9ebd-2bcb23efb115', 'username': 'sadsnake251', 'password': 'toaster', 'salt': 'rfOy5h8L', 'md5': 'a1ad3b4d8a6419f51eecaf72ff01ad56', 'sha1': '7e42a06168d3b43ccb40b02ca73a7d4db82ba4f5', 'sha256': 'f7a60d8f556426e85b57385e5d57cf01df1f460882c1b6177347e9343fce0329'}, 'dob': {'date': '1984-09-27T20:24:22.941Z', 'age': 39}, 'registered': {'date': '2018-06-18T13:34:11.162Z', 'age': 6}, 'phone': '012-99700391', 'cell': '0948-439-0202', 'id': {'name': '', 'value': None}, 'picture': {'large': 'https://randomuser.me/api/portraits/men/74.jpg', 'medium': 'https://randomuser.me/api/portraits/med/men/74.jpg', 'thumbnail': 'https://randomuser.me/api/portraits/thumb/men/74.jpg'}, 'nat': 'IR'}], 'info': {'seed': '9156fd6fed7bc4d5', 'results': 1, 'page': 1, 'version': '1.4'}}</msg>
<arg>${json_data}</arg>
<doc>Logs the given message with the given level.</doc>
<status status="PASS" start="2024-08-07T10:16:24.603884" elapsed="0.000215"/>
</kw>
<kw name="Should Be Equal As Numbers" owner="BuiltIn">
<arg>${json_data['results'][0]['location']['postcode']}</arg>
<arg>${json_data['results'][0]['location']['postcode']}</arg>
<doc>Fails if objects are unequal after converting them to real numbers.</doc>
<status status="PASS" start="2024-08-07T10:16:24.604400" elapsed="0.000629"/>
</kw>
<kw name="Log" owner="BuiltIn">
<msg time="2024-08-07T10:16:24.605605" level="INFO">82818</msg>
<arg>${json_data['results'][0]['location']['postcode']}</arg>
<doc>Logs the given message with the given level.</doc>
<status status="PASS" start="2024-08-07T10:16:24.605217" elapsed="0.000431"/>
</kw>
<status status="PASS" start="2024-08-07T10:16:24.501503" elapsed="0.104450"/>
</kw>
<doc>Testa se os tipos de dados na resposta da API estão corretos.</doc>
<tag>testeTiposDados</tag>
<status status="PASS" start="2024-08-07T10:16:24.366363" elapsed="0.239771"/>
</test>
<test id="s1-s1-t5" name="Validar conteudo" line="35">
<kw name="Teste de Tipos de Conteudo" owner="random-user-service">
<kw name="GET On Session" owner="RequestsLibrary">
<msg time="2024-08-07T10:16:24.693116" level="INFO">GET Request : url=https://randomuser.me/api 
 path_url=/api 
 headers={'User-Agent': 'python-requests/2.32.3', 'Accept-Encoding': 'gzip, deflate', 'Accept': '*/*', 'Connection': 'keep-alive'} 
 body=None 
 </msg>
<msg time="2024-08-07T10:16:24.693223" level="INFO">GET Response : url=https://randomuser.me/api 
 status=200, reason=OK 
 headers={'Date': 'Wed, 07 Aug 2024 10:16:24 GMT', 'Content-Type': 'application/json; charset=utf-8', 'Transfer-Encoding': 'chunked', 'Connection': 'keep-alive', 'X-Powered-By': 'Express', 'Access-Control-Allow-Origin': '*', 'Cache-Control': 'no-cache', 'ETag': 'W/"483-nztidZFVRnhsFIQxs/EXYTnkw20"', 'Vary': 'Accept-Encoding', 'Content-Encoding': 'gzip', 'CF-Cache-Status': 'DYNAMIC', 'Report-To': '{"endpoints":[{"url":"https:\\/\\/a.nel.cloudflare.com\\/report\\/v4?s=xc7G85c0Bycab1o7hqXNAQA9GG0OrGtq4g5pcVnSfB5u5Sls07IeQwFrA7N7p0Tg4Jn8RKUPs9ocPWIrVbo7ILavaejzIcquWI5eC2oj%2B0aNlqSbsnBGr6yBKnoKDoTy"}],"group":"cf-nel","max_age":604800}', 'NEL': '{"success_fraction":0,"report_to":"cf-nel","max_age":604800}', 'Server': 'cloudflare', 'CF-RAY': '8af682d1dcecceaf-SJC', 'alt-svc': 'h3=":443"; ma=86400'} 
 body={"results":[{"gender":"female","name":{"title":"Miss","first":"Ece","last":"Körmükçü"},"location":{"street":{"number":7625,"name":"Mevlana Cd"},"city":"Rize","state":"Diyarbakır","country":"Turkey","postcode":43645,"coordinates":{"latitude":"65.2709","longitude":"85.5650"},"timezone":{"offset":"-7:00","description":"Mountain Time (US &amp; Canada)"}},"email":"ece.kormukcu@example.com","login":{"uuid":"6943cea4-519a-4743-9fbf-5783ed240988","username":"yellowfrog495","password":"promise","salt":"gJPEppM9","md5":"4ea64c1cb57fc3afb7f1fbaaaebfbbcf","sha1":"332b39fa26c9810bf7d83a545c356cd3b845113b","sha256":"da53507d171a0400b85d180e04eca9cca0ab0e5f7798bb260c25d92159ec1693"},"dob":{"date":"1974-03-24T13:25:06.500Z","age":50},"registered":{"date":"2006-09-08T13:23:00.944Z","age":17},"phone":"(812)-055-5353","cell":"(068)-602-5345","id":{"name":"","value":null},"picture":{"large":"https://randomuser.me/api/portraits/women/89.jpg","medium":"https://randomuser.me/api/portraits/med/women/89.jpg","thumbnail":"https://randomuser.me/api/portraits/thumb/women/89.jpg"},"nat":"TR"}],"info":{"seed":"3de695e8095e5c46","results":1,"page":1,"version":"1.4"}} 
 </msg>
<msg time="2024-08-07T10:16:24.693337" level="INFO">/opt/hostedtoolcache/Python/3.12.4/x64/lib/python3.12/site-packages/urllib3/connectionpool.py:1099: InsecureRequestWarning: Unverified HTTPS request is being made to host 'randomuser.me'. Adding certificate verification is strongly advised. See: https://urllib3.readthedocs.io/en/latest/advanced-usage.html#tls-warnings
  warnings.warn(</msg>
<msg time="2024-08-07T10:16:24.693472" level="INFO">${response} = &lt;Response [200]&gt;</msg>
<var>${response}</var>
<arg>consultarAPI</arg>
<arg>/api</arg>
<doc>Sends a GET request on a previously created HTTP Session.</doc>
<status status="PASS" start="2024-08-07T10:16:24.608694" elapsed="0.084818"/>
</kw>
<kw name="Set Variable" owner="BuiltIn">
<msg time="2024-08-07T10:16:24.694756" level="INFO">${json_data} = {'results': [{'gender': 'female', 'name': {'title': 'Miss', 'first': 'Ece', 'last': 'Körmükçü'}, 'location': {'street': {'number': 7625, 'name': 'Mevlana Cd'}, 'city': 'Rize', 'state': 'Diyarbakır', '...</msg>
<var>${json_data}</var>
<arg>${response.json()}</arg>
<doc>Returns the given values which can then be assigned to a variables.</doc>
<status status="PASS" start="2024-08-07T10:16:24.694173" elapsed="0.000614"/>
</kw>
<kw name="Set Variable" owner="BuiltIn">
<msg time="2024-08-07T10:16:24.695489" level="INFO">${name_title} = Miss</msg>
<var>${name_title}</var>
<arg>${json_data["results"][0]["name"]["title"]}</arg>
<doc>Returns the given values which can then be assigned to a variables.</doc>
<status status="PASS" start="2024-08-07T10:16:24.695098" elapsed="0.000417"/>
</kw>
<kw name="Create List" owner="BuiltIn">
<msg time="2024-08-07T10:16:24.695964" level="INFO">${allowed_titles} = ['Mr', 'Ms', 'Miss', 'Mrs', 'Madame', 'Monsieur']</msg>
<var>${allowed_titles}</var>
<arg>Mr</arg>
<arg>Ms</arg>
<arg>Miss</arg>
<arg>Mrs</arg>
<arg>Madame</arg>
<arg>Monsieur</arg>
<doc>Returns a list containing given items.</doc>
<status status="PASS" start="2024-08-07T10:16:24.695814" elapsed="0.000176"/>
</kw>
<kw name="List Should Contain Value" owner="Collections">
<arg>${allowed_titles}</arg>
<arg>${name_title}</arg>
<doc>Fails if the ``value`` is not found from ``list``.</doc>
<status status="PASS" start="2024-08-07T10:16:24.696295" elapsed="0.000182"/>
</kw>
<kw name="Set Variable" owner="BuiltIn">
<msg time="2024-08-07T10:16:24.697043" level="INFO">${name_country} = TR</msg>
<var>${name_country}</var>
<arg>${json_data["results"][0]["nat"]}</arg>
<doc>Returns the given values which can then be assigned to a variables.</doc>
<status status="PASS" start="2024-08-07T10:16:24.696666" elapsed="0.000402"/>
</kw>
<kw name="Create List" owner="BuiltIn">
<msg time="2024-08-07T10:16:24.697999" level="INFO">${list_country} = ['AD', 'AE', 'AF', 'AG', 'AI', 'AL', 'AM', 'AO', 'AQ', 'AR', 'AS', 'AT', 'AU', 'AW', 'AX', 'AZ', 'BA', 'BB', 'BD', 'BE', 'BF', 'BG', 'BH', 'BI', 'BJ', 'BL', 'BM', 'BN', 'BO', 'BQ', 'BR', 'BS', 'BT', '...</msg>
<var>${list_country}</var>
<arg>AD</arg>
<arg>AE</arg>
<arg>AF</arg>
<arg>AG</arg>
<arg>AI</arg>
<arg>AL</arg>
<arg>AM</arg>
<arg>AO</arg>
<arg>AQ</arg>
<arg>AR</arg>
<arg>AS</arg>
<arg>AT</arg>
<arg>AU</arg>
<arg>AW</arg>
<arg>AX</arg>
<arg>AZ</arg>
<arg>BA</arg>
<arg>BB</arg>
<arg>BD</arg>
<arg>BE</arg>
<arg>BF</arg>
<arg>BG</arg>
<arg>BH</arg>
<arg>BI</arg>
<arg>BJ</arg>
<arg>BL</arg>
<arg>BM</arg>
<arg>BN</arg>
<arg>BO</arg>
<arg>BQ</arg>
<arg>BR</arg>
<arg>BS</arg>
<arg>BT</arg>
<arg>BV</arg>
<arg>BW</arg>
<arg>BY</arg>
<arg>BZ</arg>
<arg>CA</arg>
<arg>CC</arg>
<arg>CD</arg>
<arg>CF</arg>
<arg>CG</arg>
<arg>CH</arg>
<arg>CI</arg>
<arg>CK</arg>
<arg>CL</arg>
<arg>CM</arg>
<arg>CN</arg>
<arg>CO</arg>
<arg>CR</arg>
<arg>CU</arg>
<arg>CV</arg>
<arg>CW</arg>
<arg>CX</arg>
<arg>CY</arg>
<arg>CZ</arg>
<arg>DE</arg>
<arg>DJ</arg>
<arg>DK</arg>
<arg>DM</arg>
<arg>DO</arg>
<arg>DZ</arg>
<arg>EC</arg>
<arg>EE</arg>
<arg>EG</arg>
<arg>EH</arg>
<arg>ER</arg>
<arg>ES</arg>
<arg>ET</arg>
<arg>FI</arg>
<arg>FJ</arg>
<arg>FK</arg>
<arg>FM</arg>
<arg>FO</arg>
<arg>FR</arg>
<arg>GA</arg>
<arg>GB</arg>
<arg>GD</arg>
<arg>GE</arg>
<arg>GF</arg>
<arg>GG</arg>
<arg>GH</arg>
<arg>GI</arg>
<arg>GL</arg>
<arg>GM</arg>
<arg>GN</arg>
<arg>GP</arg>
<arg>GQ</arg>
<arg>GR</arg>
<arg>GS</arg>
<arg>GT</arg>
<arg>GU</arg>
<arg>GW</arg>
<arg>GY</arg>
<arg>HK</arg>
<arg>HM</arg>
<arg>HN</arg>
<arg>HR</arg>
<arg>HT</arg>
<arg>HU</arg>
<arg>ID</arg>
<arg>IE</arg>
<arg>IL</arg>
<arg>IM</arg>
<arg>IN</arg>
<arg>IO</arg>
<arg>IQ</arg>
<arg>IR</arg>
<arg>IS</arg>
<arg>IT</arg>
<arg>JE</arg>
<arg>JM</arg>
<arg>JO</arg>
<arg>JP</arg>
<arg>KE</arg>
<arg>KG</arg>
<arg>KH</arg>
<arg>KI</arg>
<arg>KM</arg>
<arg>KN</arg>
<arg>KP</arg>
<arg>KR</arg>
<arg>KW</arg>
<arg>KY</arg>
<arg>KZ</arg>
<arg>LA</arg>
<arg>LB</arg>
<arg>LC</arg>
<arg>LI</arg>
<arg>LK</arg>
<arg>LR</arg>
<arg>LS</arg>
<arg>LT</arg>
<arg>LU</arg>
<arg>LV</arg>
<arg>LY</arg>
<arg>MA</arg>
<arg>MC</arg>
<arg>MD</arg>
<arg>ME</arg>
<arg>MF</arg>
<arg>MG</arg>
<arg>MH</arg>
<arg>MK</arg>
<arg>ML</arg>
<arg>MM</arg>
<arg>MN</arg>
<arg>MO</arg>
<arg>MP</arg>
<arg>MQ</arg>
<arg>MR</arg>
<arg>MS</arg>
<arg>MT</arg>
<arg>MU</arg>
<arg>MV</arg>
<arg>MW</arg>
<arg>MX</arg>
<arg>MY</arg>
<arg>MZ</arg>
<arg>NA</arg>
<arg>NC</arg>
<arg>NE</arg>
<arg>NF</arg>
<arg>NG</arg>
<arg>NI</arg>
<arg>NL</arg>
<arg>NO</arg>
<arg>NP</arg>
<arg>NR</arg>
<arg>NU</arg>
<arg>NZ</arg>
<arg>OM</arg>
<arg>PA</arg>
<arg>PE</arg>
<arg>PF</arg>
<arg>PG</arg>
<arg>PH</arg>
<arg>PK</arg>
<arg>PL</arg>
<arg>PM</arg>
<arg>PN</arg>
<arg>PR</arg>
<arg>PS</arg>
<arg>PT</arg>
<arg>PW</arg>
<arg>PY</arg>
<arg>QA</arg>
<arg>RE</arg>
<arg>RO</arg>
<arg>RS</arg>
<arg>RU</arg>
<arg>RW</arg>
<arg>SA</arg>
<arg>SB</arg>
<arg>SC</arg>
<arg>SD</arg>
<arg>SE</arg>
<arg>SG</arg>
<arg>SH</arg>
<arg>SI</arg>
<arg>SJ</arg>
<arg>SK</arg>
<arg>SL</arg>
<arg>SM</arg>
<arg>SN</arg>
<arg>SO</arg>
<arg>SR</arg>
<arg>SS</arg>
<arg>ST</arg>
<arg>SV</arg>
<arg>SX</arg>
<arg>SY</arg>
<arg>SZ</arg>
<arg>TC</arg>
<arg>TD</arg>
<arg>TF</arg>
<arg>TG</arg>
<arg>TH</arg>
<arg>TJ</arg>
<arg>TK</arg>
<arg>TL</arg>
<arg>TM</arg>
<arg>TN</arg>
<arg>TO</arg>
<arg>TR</arg>
<arg>TT</arg>
<arg>TV</arg>
<arg>TW</arg>
<arg>TZ</arg>
<arg>UA</arg>
<arg>UG</arg>
<arg>UM</arg>
<arg>US</arg>
<arg>UY</arg>
<arg>UZ</arg>
<arg>VA</arg>
<arg>VC</arg>
<arg>VE</arg>
<arg>VG</arg>
<arg>VI</arg>
<arg>VN</arg>
<arg>VU</arg>
<arg>WF</arg>
<arg>WS</arg>
<arg>XK</arg>
<arg>YE</arg>
<arg>YT</arg>
<arg>ZA</arg>
<arg>ZM</arg>
<arg>ZW</arg>
<doc>Returns a list containing given items.</doc>
<status status="PASS" start="2024-08-07T10:16:24.697397" elapsed="0.000629"/>
</kw>
<kw name="List Should Contain Value" owner="Collections">
<arg>${list_country}</arg>
<arg>${name_country}</arg>
<doc>Fails if the ``value`` is not found from ``list``.</doc>
<status status="PASS" start="2024-08-07T10:16:24.699024" elapsed="0.000212"/>
</kw>
<kw name="Run Keyword If" owner="BuiltIn">
<kw name="Should Be True" owner="BuiltIn">
<arg>${True}</arg>
<doc>Fails if the given condition is not true.</doc>
<status status="PASS" start="2024-08-07T10:16:24.700179" elapsed="0.000142"/>
</kw>
<arg>${json_data["results"][0]["location"]["coordinates"]["latitude"]} &gt;= -90 and ${json_data["results"][0]["location"]["coordinates"]["latitude"]} &lt;= 90</arg>
<arg>Should Be True</arg>
<arg>${True}</arg>
<doc>Runs the given keyword with the given arguments, if ``condition`` is true.</doc>
<status status="PASS" start="2024-08-07T10:16:24.699433" elapsed="0.001014"/>
</kw>
<kw name="Run Keyword If" owner="BuiltIn">
<kw name="Should Be True" owner="BuiltIn">
<arg>${True}</arg>
<doc>Fails if the given condition is not true.</doc>
<status status="PASS" start="2024-08-07T10:16:24.701334" elapsed="0.000139"/>
</kw>
<arg>${json_data["results"][0]["location"]["coordinates"]["longitude"]} &gt;= -180 and ${json_data["results"][0]["location"]["coordinates"]["longitude"]} &lt;= 180</arg>
<arg>Should Be True</arg>
<arg>${True}</arg>
<doc>Runs the given keyword with the given arguments, if ``condition`` is true.</doc>
<status status="PASS" start="2024-08-07T10:16:24.700626" elapsed="0.000970"/>
</kw>
<status status="PASS" start="2024-08-07T10:16:24.608458" elapsed="0.093268"/>
</kw>
<doc>Testa o conteúdo específico dos campos retornados pela API.</doc>
<tag>testeConteudo</tag>
<status status="PASS" start="2024-08-07T10:16:24.607898" elapsed="0.093982"/>
</test>
<status status="PASS" start="2024-08-07T10:16:23.691300" elapsed="1.012855"/>
</suite>
<status status="PASS" start="2024-08-07T10:16:23.676286" elapsed="1.033152"/>
</suite>
<statistics>
<total>
<stat pass="5" fail="0" skip="0">All Tests</stat>
</total>
<tag>
<stat pass="1" fail="0" skip="0">testeConteudo</stat>
<stat pass="1" fail="0" skip="0">testeEstruturaResposta</stat>
<stat pass="1" fail="0" skip="0">testeRequisicaoBasica</stat>
<stat pass="1" fail="0" skip="0">testeTiposDados</stat>
</tag>
<suite>
<stat pass="5" fail="0" skip="0" id="s1" name="Tests">Tests</stat>
<stat pass="5" fail="0" skip="0" id="s1-s1" name="Random-User-Test">Tests.Random-User-Test</stat>
</suite>
</statistics>
<errors>
</errors>
</robot>
