<?xml version="1.0" encoding="UTF-8"?>
<robot generator="Robot 7.0.1 (Python 3.12.4 on linux)" generated="2024-07-16T02:34:26.790539" rpa="false" schemaversion="5">
<suite id="s1" name="Tests" source="/home/runner/work/ApiRandomUser/ApiRandomUser/RamdonUser/tests">
<suite id="s1-s1" name="Random-User-Test" source="/home/runner/work/ApiRandomUser/ApiRandomUser/RamdonUser/tests/random-user-test.robot">
<test id="s1-s1-t1" name="Conectar" line="13">
<kw name="Conectar API" owner="random-user-service">
<kw name="Create Session" owner="RequestsLibrary">
<msg time="2024-07-16T02:34:27.193358" level="INFO">Creating Session using : alias=consultarAPI, url=https://randomuser.me/, headers={},                     cookies={}, auth=None, timeout=None, proxies=None, verify=False,                     debug=0 </msg>
<arg>consultarAPI</arg>
<arg>${URL}</arg>
<doc>Create Session: create a HTTP session to a server</doc>
<status status="PASS" start="2024-07-16T02:34:27.193165" elapsed="0.000367"/>
</kw>
<status status="PASS" start="2024-07-16T02:34:27.192217" elapsed="0.001665"/>
</kw>
<status status="PASS" start="2024-07-16T02:34:27.191687" elapsed="0.002385"/>
</test>
<test id="s1-s1-t2" name="Validar retorno 200 e JSON Válido" line="16">
<kw name="Teste de Requisicao Basica" owner="random-user-service">
<kw name="GET On Session" owner="RequestsLibrary">
<msg time="2024-07-16T02:34:27.314756" level="INFO">GET Request : url=https://randomuser.me/api 
 path_url=/api 
 headers={'User-Agent': 'python-requests/2.32.3', 'Accept-Encoding': 'gzip, deflate', 'Accept': '*/*', 'Connection': 'keep-alive'} 
 body=None 
 </msg>
<msg time="2024-07-16T02:34:27.314857" level="INFO">GET Response : url=https://randomuser.me/api 
 status=200, reason=OK 
 headers={'Date': 'Tue, 16 Jul 2024 02:34:27 GMT', 'Content-Type': 'application/json; charset=utf-8', 'Transfer-Encoding': 'chunked', 'Connection': 'keep-alive', 'X-Powered-By': 'Express', 'Access-Control-Allow-Origin': '*', 'Cache-Control': 'no-cache', 'ETag': 'W/"4b9-jc7BJUXdBbp77C+JYpHegRP4t+Q"', 'Vary': 'Accept-Encoding', 'Content-Encoding': 'gzip', 'CF-Cache-Status': 'DYNAMIC', 'Report-To': '{"endpoints":[{"url":"https:\\/\\/a.nel.cloudflare.com\\/report\\/v4?s=EeAaMdJJ2vyplLnreFmYsqv2MfEKxPiFCH7EHBxZi4zKcVeHWotZ46PlYpNgLOjDo1yxFCtlRzHHFjgqP5N3fPrDUMRqcfCUdBKebPu%2BuYzZLiBHwmk3KQcaBjeVgVwe"}],"group":"cf-nel","max_age":604800}', 'NEL': '{"success_fraction":0,"report_to":"cf-nel","max_age":604800}', 'Server': 'cloudflare', 'CF-RAY': '8a3e97e07930820c-IAD', 'alt-svc': 'h3=":443"; ma=86400'} 
 body={"results":[{"gender":"female","name":{"title":"Mrs","first":"Concepción","last":"Arguello"},"location":{"street":{"number":7664,"name":"Corredor Sur Arevalo"},"city":"Santa María Mazatla","state":"Coahuila","country":"Mexico","postcode":75593,"coordinates":{"latitude":"28.6475","longitude":"14.7899"},"timezone":{"offset":"-3:00","description":"Brazil, Buenos Aires, Georgetown"}},"email":"concepcion.arguello@example.com","login":{"uuid":"3095c8c3-bccc-4150-820a-ad608117e8f2","username":"purplemouse847","password":"159357","salt":"VXWfwdHj","md5":"c5f2c999370c3a4d4c3d795c6e12b430","sha1":"073725b5e5fc73df9e6412c607fa56f7733f0288","sha256":"f0636b158b6d7331f2d6077c68e2bf388018eca6782344b1e0a98d31c9d6ed80"},"dob":{"date":"1967-11-17T03:14:20.784Z","age":56},"registered":{"date":"2003-04-12T15:22:03.681Z","age":21},"phone":"(611) 495 9123","cell":"(668) 068 0084","id":{"name":"NSS","value":"33 42 51 8862 9"},"picture":{"large":"https://randomuser.me/api/portraits/women/50.jpg","medium":"https://randomuser.me/api/portraits/med/women/50.jpg","thumbnail":"https://randomuser.me/api/portraits/thumb/women/50.jpg"},"nat":"MX"}],"info":{"seed":"13529f4a93356a18","results":1,"page":1,"version":"1.4"}} 
 </msg>
<msg time="2024-07-16T02:34:27.314931" level="INFO">/opt/hostedtoolcache/Python/3.12.4/x64/lib/python3.12/site-packages/urllib3/connectionpool.py:1099: InsecureRequestWarning: Unverified HTTPS request is being made to host 'randomuser.me'. Adding certificate verification is strongly advised. See: https://urllib3.readthedocs.io/en/latest/advanced-usage.html#tls-warnings
  warnings.warn(</msg>
<msg time="2024-07-16T02:34:27.315061" level="INFO">${response} = &lt;Response [200]&gt;</msg>
<var>${response}</var>
<arg>consultarAPI</arg>
<arg>/api</arg>
<doc>Sends a GET request on a previously created HTTP Session.</doc>
<status status="PASS" start="2024-07-16T02:34:27.196656" elapsed="0.118449"/>
</kw>
<kw name="Should Be Equal As Numbers" owner="BuiltIn">
<msg time="2024-07-16T02:34:27.316145" level="INFO">Argument types are:
&lt;class 'int'&gt;
&lt;class 'str'&gt;</msg>
<arg>${response.status_code}</arg>
<arg>200</arg>
<doc>Fails if objects are unequal after converting them to real numbers.</doc>
<status status="PASS" start="2024-07-16T02:34:27.315600" elapsed="0.000609"/>
</kw>
<kw name="Log" owner="BuiltIn">
<msg time="2024-07-16T02:34:27.316884" level="INFO">200</msg>
<arg>${response.status_code}</arg>
<doc>Logs the given message with the given level.</doc>
<status status="PASS" start="2024-07-16T02:34:27.316529" elapsed="0.000397"/>
</kw>
<kw name="Set Variable" owner="BuiltIn">
<msg time="2024-07-16T02:34:27.317660" level="INFO">${json_data} = {'results': [{'gender': 'female', 'name': {'title': 'Mrs', 'first': 'Concepción', 'last': 'Arguello'}, 'location': {'street': {'number': 7664, 'name': 'Corredor Sur Arevalo'}, 'city': 'Santa María Maz...</msg>
<var>${json_data}</var>
<arg>${response.json()}</arg>
<doc>Returns the given values which can then be assigned to a variables.</doc>
<status status="PASS" start="2024-07-16T02:34:27.317226" elapsed="0.000465"/>
</kw>
<kw name="Dictionary Should Contain Key" owner="Collections">
<arg>${json_data}</arg>
<arg>results</arg>
<doc>Fails if ``key`` is not found from ``dictionary``.</doc>
<status status="PASS" start="2024-07-16T02:34:27.317988" elapsed="0.000160"/>
</kw>
<status status="PASS" start="2024-07-16T02:34:27.196411" elapsed="0.121880"/>
</kw>
<doc>Testa se a API responde corretamente e retorna um objeto JSON válido.</doc>
<tag>testeRequisicaoBasica</tag>
<status status="PASS" start="2024-07-16T02:34:27.195964" elapsed="0.122498"/>
</test>
<test id="s1-s1-t3" name="Validar estrutura de resposta" line="22">
<kw name="Teste de Estrutura de Resposta" owner="random-user-service">
<kw name="GET On Session" owner="RequestsLibrary">
<msg time="2024-07-16T02:34:27.410450" level="INFO">GET Request : url=https://randomuser.me/api 
 path_url=/api 
 headers={'User-Agent': 'python-requests/2.32.3', 'Accept-Encoding': 'gzip, deflate', 'Accept': '*/*', 'Connection': 'keep-alive'} 
 body=None 
 </msg>
<msg time="2024-07-16T02:34:27.410543" level="INFO">GET Response : url=https://randomuser.me/api 
 status=200, reason=OK 
 headers={'Date': 'Tue, 16 Jul 2024 02:34:27 GMT', 'Content-Type': 'application/json; charset=utf-8', 'Transfer-Encoding': 'chunked', 'Connection': 'keep-alive', 'X-Powered-By': 'Express', 'Access-Control-Allow-Origin': '*', 'Cache-Control': 'no-cache', 'ETag': 'W/"495-0J6BBKMlt/JgqsdwJx5JM1AoHto"', 'Vary': 'Accept-Encoding', 'Content-Encoding': 'gzip', 'CF-Cache-Status': 'DYNAMIC', 'Report-To': '{"endpoints":[{"url":"https:\\/\\/a.nel.cloudflare.com\\/report\\/v4?s=MEw0wAY6sPZKQDvoWj4tvax5xzi8lAIbNdfJroXdmXNvqYFS5%2FuUTqYEjCg5wWtZEPyWGMOU%2BYboatuWFEXeA%2FMkp23pYdut%2Fl%2B9ItKS2kQqGQlXWFTOWXg8TzAnzy5Q"}],"group":"cf-nel","max_age":604800}', 'NEL': '{"success_fraction":0,"report_to":"cf-nel","max_age":604800}', 'Server': 'cloudflare', 'CF-RAY': '8a3e97e0c984820c-IAD', 'alt-svc': 'h3=":443"; ma=86400'} 
 body={"results":[{"gender":"male","name":{"title":"Mr","first":"Hvalibog","last":"Golubenko"},"location":{"street":{"number":3659,"name":"Vilyamsa"},"city":"Zalishchiki","state":"Volinska","country":"Ukraine","postcode":44155,"coordinates":{"latitude":"76.4168","longitude":"-46.8785"},"timezone":{"offset":"+11:00","description":"Magadan, Solomon Islands, New Caledonia"}},"email":"hvalibog.golubenko@example.com","login":{"uuid":"e3f52516-b0d7-4294-add1-1c1336532d68","username":"smallbutterfly176","password":"sticky","salt":"Sb3EiKsk","md5":"1add6ed3a619446422ada8597be3a9d6","sha1":"5a491bd1e37b9e1af5d2e70b00753da4986a21b5","sha256":"921e7f3378284e5b72b52732b687c0d8188d0aa9a31644931d3887c051e2c4ef"},"dob":{"date":"1988-03-22T23:01:05.924Z","age":36},"registered":{"date":"2004-07-04T09:38:57.116Z","age":20},"phone":"(067) J31-1835","cell":"(098) E85-0725","id":{"name":"","value":null},"picture":{"large":"https://randomuser.me/api/portraits/men/19.jpg","medium":"https://randomuser.me/api/portraits/med/men/19.jpg","thumbnail":"https://randomuser.me/api/portraits/thumb/men/19.jpg"},"nat":"UA"}],"info":{"seed":"bb158745cfec608c","results":1,"page":1,"version":"1.4"}} 
 </msg>
<msg time="2024-07-16T02:34:27.410668" level="INFO">/opt/hostedtoolcache/Python/3.12.4/x64/lib/python3.12/site-packages/urllib3/connectionpool.py:1099: InsecureRequestWarning: Unverified HTTPS request is being made to host 'randomuser.me'. Adding certificate verification is strongly advised. See: https://urllib3.readthedocs.io/en/latest/advanced-usage.html#tls-warnings
  warnings.warn(</msg>
<msg time="2024-07-16T02:34:27.410765" level="INFO">${response} = &lt;Response [200]&gt;</msg>
<var>${response}</var>
<arg>consultarAPI</arg>
<arg>/api</arg>
<doc>Sends a GET request on a previously created HTTP Session.</doc>
<status status="PASS" start="2024-07-16T02:34:27.321366" elapsed="0.089533"/>
</kw>
<kw name="Set Variable" owner="BuiltIn">
<msg time="2024-07-16T02:34:27.411752" level="INFO">${json_data} = {'results': [{'gender': 'male', 'name': {'title': 'Mr', 'first': 'Hvalibog', 'last': 'Golubenko'}, 'location': {'street': {'number': 3659, 'name': 'Vilyamsa'}, 'city': 'Zalishchiki', 'state': 'Volinsk...</msg>
<var>${json_data}</var>
<arg>${response.json()}</arg>
<doc>Returns the given values which can then be assigned to a variables.</doc>
<status status="PASS" start="2024-07-16T02:34:27.411282" elapsed="0.000499"/>
</kw>
<kw name="Log" owner="BuiltIn">
<msg time="2024-07-16T02:34:27.412255" level="INFO">{'results': [{'gender': 'male', 'name': {'title': 'Mr', 'first': 'Hvalibog', 'last': 'Golubenko'}, 'location': {'street': {'number': 3659, 'name': 'Vilyamsa'}, 'city': 'Zalishchiki', 'state': 'Volinska', 'country': 'Ukraine', 'postcode': 44155, 'coordinates': {'latitude': '76.4168', 'longitude': '-46.8785'}, 'timezone': {'offset': '+11:00', 'description': 'Magadan, Solomon Islands, New Caledonia'}}, 'email': 'hvalibog.golubenko@example.com', 'login': {'uuid': 'e3f52516-b0d7-4294-add1-1c1336532d68', 'username': 'smallbutterfly176', 'password': 'sticky', 'salt': 'Sb3EiKsk', 'md5': '1add6ed3a619446422ada8597be3a9d6', 'sha1': '5a491bd1e37b9e1af5d2e70b00753da4986a21b5', 'sha256': '921e7f3378284e5b72b52732b687c0d8188d0aa9a31644931d3887c051e2c4ef'}, 'dob': {'date': '1988-03-22T23:01:05.924Z', 'age': 36}, 'registered': {'date': '2004-07-04T09:38:57.116Z', 'age': 20}, 'phone': '(067) J31-1835', 'cell': '(098) E85-0725', 'id': {'name': '', 'value': None}, 'picture': {'large': 'https://randomuser.me/api/portraits/men/19.jpg', 'medium': 'https://randomuser.me/api/portraits/med/men/19.jpg', 'thumbnail': 'https://randomuser.me/api/portraits/thumb/men/19.jpg'}, 'nat': 'UA'}], 'info': {'seed': 'bb158745cfec608c', 'results': 1, 'page': 1, 'version': '1.4'}}</msg>
<arg>${json_data}</arg>
<doc>Logs the given message with the given level.</doc>
<status status="PASS" start="2024-07-16T02:34:27.412095" elapsed="0.000210"/>
</kw>
<kw name="Dictionary Should Contain Key" owner="Collections">
<arg>${json_data}</arg>
<arg>results</arg>
<doc>Fails if ``key`` is not found from ``dictionary``.</doc>
<status status="PASS" start="2024-07-16T02:34:27.412600" elapsed="0.000157"/>
</kw>
<kw name="Should Not Be Empty" owner="BuiltIn">
<msg time="2024-07-16T02:34:27.413077" level="INFO">Length is 2.</msg>
<arg>${json_data}</arg>
<doc>Verifies that the given item is not empty.</doc>
<status status="PASS" start="2024-07-16T02:34:27.412944" elapsed="0.000172"/>
</kw>
<kw name="Create List" owner="BuiltIn">
<msg time="2024-07-16T02:34:27.413681" level="INFO">${expected_keys} = ['gender', 'name', 'location', 'email', 'login']</msg>
<var>${expected_keys}</var>
<arg>gender</arg>
<arg>name</arg>
<arg>location</arg>
<arg>email</arg>
<arg>login</arg>
<doc>Returns a list containing given items.</doc>
<status status="PASS" start="2024-07-16T02:34:27.413402" elapsed="0.000304"/>
</kw>
<for flavor="IN">
<iter>
<kw name="Dictionary Should Contain Key" owner="Collections">
<arg>${json_data['results'][0]}</arg>
<arg>${key}</arg>
<doc>Fails if ``key`` is not found from ``dictionary``.</doc>
<status status="PASS" start="2024-07-16T02:34:27.414287" elapsed="0.000406"/>
</kw>
<kw name="Log" owner="BuiltIn">
<msg time="2024-07-16T02:34:27.415282" level="INFO">{'gender': 'male', 'name': {'title': 'Mr', 'first': 'Hvalibog', 'last': 'Golubenko'}, 'location': {'street': {'number': 3659, 'name': 'Vilyamsa'}, 'city': 'Zalishchiki', 'state': 'Volinska', 'country': 'Ukraine', 'postcode': 44155, 'coordinates': {'latitude': '76.4168', 'longitude': '-46.8785'}, 'timezone': {'offset': '+11:00', 'description': 'Magadan, Solomon Islands, New Caledonia'}}, 'email': 'hvalibog.golubenko@example.com', 'login': {'uuid': 'e3f52516-b0d7-4294-add1-1c1336532d68', 'username': 'smallbutterfly176', 'password': 'sticky', 'salt': 'Sb3EiKsk', 'md5': '1add6ed3a619446422ada8597be3a9d6', 'sha1': '5a491bd1e37b9e1af5d2e70b00753da4986a21b5', 'sha256': '921e7f3378284e5b72b52732b687c0d8188d0aa9a31644931d3887c051e2c4ef'}, 'dob': {'date': '1988-03-22T23:01:05.924Z', 'age': 36}, 'registered': {'date': '2004-07-04T09:38:57.116Z', 'age': 20}, 'phone': '(067) J31-1835', 'cell': '(098) E85-0725', 'id': {'name': '', 'value': None}, 'picture': {'large': 'https://randomuser.me/api/portraits/men/19.jpg', 'medium': 'https://randomuser.me/api/portraits/med/men/19.jpg', 'thumbnail': 'https://randomuser.me/api/portraits/thumb/men/19.jpg'}, 'nat': 'UA'}</msg>
<arg>${json_data['results'][0]}</arg>
<doc>Logs the given message with the given level.</doc>
<status status="PASS" start="2024-07-16T02:34:27.414881" elapsed="0.000451"/>
</kw>
<kw name="Log" owner="BuiltIn">
<msg time="2024-07-16T02:34:27.415765" level="INFO">gender</msg>
<arg>${key}</arg>
<doc>Logs the given message with the given level.</doc>
<status status="PASS" start="2024-07-16T02:34:27.415635" elapsed="0.000169"/>
</kw>
<var name="${key}">gender</var>
<status status="PASS" start="2024-07-16T02:34:27.414160" elapsed="0.001861"/>
</iter>
<iter>
<kw name="Dictionary Should Contain Key" owner="Collections">
<arg>${json_data['results'][0]}</arg>
<arg>${key}</arg>
<doc>Fails if ``key`` is not found from ``dictionary``.</doc>
<status status="PASS" start="2024-07-16T02:34:27.416319" elapsed="0.000396"/>
</kw>
<kw name="Log" owner="BuiltIn">
<msg time="2024-07-16T02:34:27.417250" level="INFO">{'gender': 'male', 'name': {'title': 'Mr', 'first': 'Hvalibog', 'last': 'Golubenko'}, 'location': {'street': {'number': 3659, 'name': 'Vilyamsa'}, 'city': 'Zalishchiki', 'state': 'Volinska', 'country': 'Ukraine', 'postcode': 44155, 'coordinates': {'latitude': '76.4168', 'longitude': '-46.8785'}, 'timezone': {'offset': '+11:00', 'description': 'Magadan, Solomon Islands, New Caledonia'}}, 'email': 'hvalibog.golubenko@example.com', 'login': {'uuid': 'e3f52516-b0d7-4294-add1-1c1336532d68', 'username': 'smallbutterfly176', 'password': 'sticky', 'salt': 'Sb3EiKsk', 'md5': '1add6ed3a619446422ada8597be3a9d6', 'sha1': '5a491bd1e37b9e1af5d2e70b00753da4986a21b5', 'sha256': '921e7f3378284e5b72b52732b687c0d8188d0aa9a31644931d3887c051e2c4ef'}, 'dob': {'date': '1988-03-22T23:01:05.924Z', 'age': 36}, 'registered': {'date': '2004-07-04T09:38:57.116Z', 'age': 20}, 'phone': '(067) J31-1835', 'cell': '(098) E85-0725', 'id': {'name': '', 'value': None}, 'picture': {'large': 'https://randomuser.me/api/portraits/men/19.jpg', 'medium': 'https://randomuser.me/api/portraits/med/men/19.jpg', 'thumbnail': 'https://randomuser.me/api/portraits/thumb/men/19.jpg'}, 'nat': 'UA'}</msg>
<arg>${json_data['results'][0]}</arg>
<doc>Logs the given message with the given level.</doc>
<status status="PASS" start="2024-07-16T02:34:27.416899" elapsed="0.000432"/>
</kw>
<kw name="Log" owner="BuiltIn">
<msg time="2024-07-16T02:34:27.417762" level="INFO">name</msg>
<arg>${key}</arg>
<doc>Logs the given message with the given level.</doc>
<status status="PASS" start="2024-07-16T02:34:27.417632" elapsed="0.000167"/>
</kw>
<var name="${key}">name</var>
<status status="PASS" start="2024-07-16T02:34:27.416207" elapsed="0.001817"/>
</iter>
<iter>
<kw name="Dictionary Should Contain Key" owner="Collections">
<arg>${json_data['results'][0]}</arg>
<arg>${key}</arg>
<doc>Fails if ``key`` is not found from ``dictionary``.</doc>
<status status="PASS" start="2024-07-16T02:34:27.418311" elapsed="0.000391"/>
</kw>
<kw name="Log" owner="BuiltIn">
<msg time="2024-07-16T02:34:27.419259" level="INFO">{'gender': 'male', 'name': {'title': 'Mr', 'first': 'Hvalibog', 'last': 'Golubenko'}, 'location': {'street': {'number': 3659, 'name': 'Vilyamsa'}, 'city': 'Zalishchiki', 'state': 'Volinska', 'country': 'Ukraine', 'postcode': 44155, 'coordinates': {'latitude': '76.4168', 'longitude': '-46.8785'}, 'timezone': {'offset': '+11:00', 'description': 'Magadan, Solomon Islands, New Caledonia'}}, 'email': 'hvalibog.golubenko@example.com', 'login': {'uuid': 'e3f52516-b0d7-4294-add1-1c1336532d68', 'username': 'smallbutterfly176', 'password': 'sticky', 'salt': 'Sb3EiKsk', 'md5': '1add6ed3a619446422ada8597be3a9d6', 'sha1': '5a491bd1e37b9e1af5d2e70b00753da4986a21b5', 'sha256': '921e7f3378284e5b72b52732b687c0d8188d0aa9a31644931d3887c051e2c4ef'}, 'dob': {'date': '1988-03-22T23:01:05.924Z', 'age': 36}, 'registered': {'date': '2004-07-04T09:38:57.116Z', 'age': 20}, 'phone': '(067) J31-1835', 'cell': '(098) E85-0725', 'id': {'name': '', 'value': None}, 'picture': {'large': 'https://randomuser.me/api/portraits/men/19.jpg', 'medium': 'https://randomuser.me/api/portraits/med/men/19.jpg', 'thumbnail': 'https://randomuser.me/api/portraits/thumb/men/19.jpg'}, 'nat': 'UA'}</msg>
<arg>${json_data['results'][0]}</arg>
<doc>Logs the given message with the given level.</doc>
<status status="PASS" start="2024-07-16T02:34:27.418887" elapsed="0.000421"/>
</kw>
<kw name="Log" owner="BuiltIn">
<msg time="2024-07-16T02:34:27.419734" level="INFO">location</msg>
<arg>${key}</arg>
<doc>Logs the given message with the given level.</doc>
<status status="PASS" start="2024-07-16T02:34:27.419607" elapsed="0.000164"/>
</kw>
<var name="${key}">location</var>
<status status="PASS" start="2024-07-16T02:34:27.418202" elapsed="0.001787"/>
</iter>
<iter>
<kw name="Dictionary Should Contain Key" owner="Collections">
<arg>${json_data['results'][0]}</arg>
<arg>${key}</arg>
<doc>Fails if ``key`` is not found from ``dictionary``.</doc>
<status status="PASS" start="2024-07-16T02:34:27.420267" elapsed="0.000397"/>
</kw>
<kw name="Log" owner="BuiltIn">
<msg time="2024-07-16T02:34:27.421200" level="INFO">{'gender': 'male', 'name': {'title': 'Mr', 'first': 'Hvalibog', 'last': 'Golubenko'}, 'location': {'street': {'number': 3659, 'name': 'Vilyamsa'}, 'city': 'Zalishchiki', 'state': 'Volinska', 'country': 'Ukraine', 'postcode': 44155, 'coordinates': {'latitude': '76.4168', 'longitude': '-46.8785'}, 'timezone': {'offset': '+11:00', 'description': 'Magadan, Solomon Islands, New Caledonia'}}, 'email': 'hvalibog.golubenko@example.com', 'login': {'uuid': 'e3f52516-b0d7-4294-add1-1c1336532d68', 'username': 'smallbutterfly176', 'password': 'sticky', 'salt': 'Sb3EiKsk', 'md5': '1add6ed3a619446422ada8597be3a9d6', 'sha1': '5a491bd1e37b9e1af5d2e70b00753da4986a21b5', 'sha256': '921e7f3378284e5b72b52732b687c0d8188d0aa9a31644931d3887c051e2c4ef'}, 'dob': {'date': '1988-03-22T23:01:05.924Z', 'age': 36}, 'registered': {'date': '2004-07-04T09:38:57.116Z', 'age': 20}, 'phone': '(067) J31-1835', 'cell': '(098) E85-0725', 'id': {'name': '', 'value': None}, 'picture': {'large': 'https://randomuser.me/api/portraits/men/19.jpg', 'medium': 'https://randomuser.me/api/portraits/med/men/19.jpg', 'thumbnail': 'https://randomuser.me/api/portraits/thumb/men/19.jpg'}, 'nat': 'UA'}</msg>
<arg>${json_data['results'][0]}</arg>
<doc>Logs the given message with the given level.</doc>
<status status="PASS" start="2024-07-16T02:34:27.420850" elapsed="0.000400"/>
</kw>
<kw name="Log" owner="BuiltIn">
<msg time="2024-07-16T02:34:27.421683" level="INFO">email</msg>
<arg>${key}</arg>
<doc>Logs the given message with the given level.</doc>
<status status="PASS" start="2024-07-16T02:34:27.421550" elapsed="0.000172"/>
</kw>
<var name="${key}">email</var>
<status status="PASS" start="2024-07-16T02:34:27.420160" elapsed="0.001779"/>
</iter>
<iter>
<kw name="Dictionary Should Contain Key" owner="Collections">
<arg>${json_data['results'][0]}</arg>
<arg>${key}</arg>
<doc>Fails if ``key`` is not found from ``dictionary``.</doc>
<status status="PASS" start="2024-07-16T02:34:27.422221" elapsed="0.000384"/>
</kw>
<kw name="Log" owner="BuiltIn">
<msg time="2024-07-16T02:34:27.423167" level="INFO">{'gender': 'male', 'name': {'title': 'Mr', 'first': 'Hvalibog', 'last': 'Golubenko'}, 'location': {'street': {'number': 3659, 'name': 'Vilyamsa'}, 'city': 'Zalishchiki', 'state': 'Volinska', 'country': 'Ukraine', 'postcode': 44155, 'coordinates': {'latitude': '76.4168', 'longitude': '-46.8785'}, 'timezone': {'offset': '+11:00', 'description': 'Magadan, Solomon Islands, New Caledonia'}}, 'email': 'hvalibog.golubenko@example.com', 'login': {'uuid': 'e3f52516-b0d7-4294-add1-1c1336532d68', 'username': 'smallbutterfly176', 'password': 'sticky', 'salt': 'Sb3EiKsk', 'md5': '1add6ed3a619446422ada8597be3a9d6', 'sha1': '5a491bd1e37b9e1af5d2e70b00753da4986a21b5', 'sha256': '921e7f3378284e5b72b52732b687c0d8188d0aa9a31644931d3887c051e2c4ef'}, 'dob': {'date': '1988-03-22T23:01:05.924Z', 'age': 36}, 'registered': {'date': '2004-07-04T09:38:57.116Z', 'age': 20}, 'phone': '(067) J31-1835', 'cell': '(098) E85-0725', 'id': {'name': '', 'value': None}, 'picture': {'large': 'https://randomuser.me/api/portraits/men/19.jpg', 'medium': 'https://randomuser.me/api/portraits/med/men/19.jpg', 'thumbnail': 'https://randomuser.me/api/portraits/thumb/men/19.jpg'}, 'nat': 'UA'}</msg>
<arg>${json_data['results'][0]}</arg>
<doc>Logs the given message with the given level.</doc>
<status status="PASS" start="2024-07-16T02:34:27.422786" elapsed="0.000430"/>
</kw>
<kw name="Log" owner="BuiltIn">
<msg time="2024-07-16T02:34:27.423633" level="INFO">login</msg>
<arg>${key}</arg>
<doc>Logs the given message with the given level.</doc>
<status status="PASS" start="2024-07-16T02:34:27.423506" elapsed="0.000165"/>
</kw>
<var name="${key}">login</var>
<status status="PASS" start="2024-07-16T02:34:27.422109" elapsed="0.001777"/>
</iter>
<var>${key}</var>
<value>@{expected_keys}</value>
<status status="PASS" start="2024-07-16T02:34:27.413973" elapsed="0.010037"/>
</for>
<kw name="Create List" owner="BuiltIn">
<msg time="2024-07-16T02:34:27.424342" level="INFO">${expected_keysTwo} = ['username', 'password']</msg>
<var>${expected_keysTwo}</var>
<arg>username</arg>
<arg>password</arg>
<doc>Returns a list containing given items.</doc>
<status status="PASS" start="2024-07-16T02:34:27.424201" elapsed="0.000195"/>
</kw>
<for flavor="IN">
<iter>
<kw name="Dictionary Should Contain Key" owner="Collections">
<arg>${json_data['results'][0]['login']}</arg>
<arg>${keyTwo}</arg>
<doc>Fails if ``key`` is not found from ``dictionary``.</doc>
<status status="PASS" start="2024-07-16T02:34:27.424898" elapsed="0.000385"/>
</kw>
<kw name="Dictionary Should Contain Key" owner="Collections">
<arg>${json_data['results'][0]['login']}</arg>
<arg>${keyTwo}</arg>
<doc>Fails if ``key`` is not found from ``dictionary``.</doc>
<status status="PASS" start="2024-07-16T02:34:27.425464" elapsed="0.000395"/>
</kw>
<kw name="Log" owner="BuiltIn">
<msg time="2024-07-16T02:34:27.426163" level="INFO">username</msg>
<arg>${keyTwo}</arg>
<doc>Logs the given message with the given level.</doc>
<status status="PASS" start="2024-07-16T02:34:27.426042" elapsed="0.000159"/>
</kw>
<var name="${keyTwo}">username</var>
<status status="PASS" start="2024-07-16T02:34:27.424792" elapsed="0.001630"/>
</iter>
<iter>
<kw name="Dictionary Should Contain Key" owner="Collections">
<arg>${json_data['results'][0]['login']}</arg>
<arg>${keyTwo}</arg>
<doc>Fails if ``key`` is not found from ``dictionary``.</doc>
<status status="PASS" start="2024-07-16T02:34:27.426702" elapsed="0.000414"/>
</kw>
<kw name="Dictionary Should Contain Key" owner="Collections">
<arg>${json_data['results'][0]['login']}</arg>
<arg>${keyTwo}</arg>
<doc>Fails if ``key`` is not found from ``dictionary``.</doc>
<status status="PASS" start="2024-07-16T02:34:27.427306" elapsed="0.000368"/>
</kw>
<kw name="Log" owner="BuiltIn">
<msg time="2024-07-16T02:34:27.427964" level="INFO">password</msg>
<arg>${keyTwo}</arg>
<doc>Logs the given message with the given level.</doc>
<status status="PASS" start="2024-07-16T02:34:27.427846" elapsed="0.000160"/>
</kw>
<var name="${keyTwo}">password</var>
<status status="PASS" start="2024-07-16T02:34:27.426596" elapsed="0.001723"/>
</iter>
<var>${keyTwo}</var>
<value>@{expected_keysTwo}</value>
<status status="PASS" start="2024-07-16T02:34:27.424641" elapsed="0.003806"/>
</for>
<status status="PASS" start="2024-07-16T02:34:27.321030" elapsed="0.107555"/>
</kw>
<doc>Testa a estrutura da resposta da API.</doc>
<tag>testeEstruturaResposta</tag>
<status status="PASS" start="2024-07-16T02:34:27.320288" elapsed="0.108443"/>
</test>
<test id="s1-s1-t4" name="Validar tipos de dados" line="28">
<kw name="Teste de Tipos de Dados" owner="random-user-service">
<kw name="GET On Session" owner="RequestsLibrary">
<msg time="2024-07-16T02:34:27.531379" level="INFO">GET Request : url=https://randomuser.me/api 
 path_url=/api 
 headers={'User-Agent': 'python-requests/2.32.3', 'Accept-Encoding': 'gzip, deflate', 'Accept': '*/*', 'Connection': 'keep-alive'} 
 body=None 
 </msg>
<msg time="2024-07-16T02:34:27.531468" level="INFO">GET Response : url=https://randomuser.me/api 
 status=200, reason=OK 
 headers={'Date': 'Tue, 16 Jul 2024 02:34:27 GMT', 'Content-Type': 'application/json; charset=utf-8', 'Transfer-Encoding': 'chunked', 'Connection': 'keep-alive', 'X-Powered-By': 'Express', 'Access-Control-Allow-Origin': '*', 'Cache-Control': 'no-cache', 'ETag': 'W/"48a-fHlsMzmxzOU41qL0MC75j3k+dyc"', 'Vary': 'Accept-Encoding', 'Content-Encoding': 'gzip', 'CF-Cache-Status': 'DYNAMIC', 'Report-To': '{"endpoints":[{"url":"https:\\/\\/a.nel.cloudflare.com\\/report\\/v4?s=dgBH6UdFzPTgkcWvzkOpjGprRi13yRDKh%2FyyEEMT0epCgn4OVUoB4VyImFcJm2JewZirAhpH7QCRFhLqnxSc6oYl6c5nHUo8W7C211AICxHzVdFpMQKQvQ8xdx49xBkj"}],"group":"cf-nel","max_age":604800}', 'NEL': '{"success_fraction":0,"report_to":"cf-nel","max_age":604800}', 'Server': 'cloudflare', 'CF-RAY': '8a3e97e17a48820c-IAD', 'alt-svc': 'h3=":443"; ma=86400'} 
 body={"results":[{"gender":"male","name":{"title":"Mr","first":"Oliver","last":"Robinson"},"location":{"street":{"number":3790,"name":"Main Street"},"city":"Auckland","state":"Waikato","country":"New Zealand","postcode":75827,"coordinates":{"latitude":"48.6625","longitude":"-141.4653"},"timezone":{"offset":"+9:00","description":"Tokyo, Seoul, Osaka, Sapporo, Yakutsk"}},"email":"oliver.robinson@example.com","login":{"uuid":"cad670db-e089-4a68-bcab-a200d9aa2f5f","username":"purplepanda689","password":"seamus","salt":"6cIMOyG8","md5":"1797820c7c93d0082ae0de8f416ebff2","sha1":"318dc285d4d9d9041f77b39969d85cc32b68a9cf","sha256":"1a5a6a2737d2638cd7d8caec11c2620b9d80565a091d285364b4d8eab3802ed2"},"dob":{"date":"1955-02-17T19:31:39.789Z","age":69},"registered":{"date":"2003-03-21T16:17:07.171Z","age":21},"phone":"(866)-619-3983","cell":"(674)-110-8712","id":{"name":"","value":null},"picture":{"large":"https://randomuser.me/api/portraits/men/5.jpg","medium":"https://randomuser.me/api/portraits/med/men/5.jpg","thumbnail":"https://randomuser.me/api/portraits/thumb/men/5.jpg"},"nat":"NZ"}],"info":{"seed":"a834ab5cfa93bff2","results":1,"page":1,"version":"1.4"}} 
 </msg>
<msg time="2024-07-16T02:34:27.531540" level="INFO">/opt/hostedtoolcache/Python/3.12.4/x64/lib/python3.12/site-packages/urllib3/connectionpool.py:1099: InsecureRequestWarning: Unverified HTTPS request is being made to host 'randomuser.me'. Adding certificate verification is strongly advised. See: https://urllib3.readthedocs.io/en/latest/advanced-usage.html#tls-warnings
  warnings.warn(</msg>
<msg time="2024-07-16T02:34:27.531660" level="INFO">${response} = &lt;Response [200]&gt;</msg>
<var>${response}</var>
<arg>consultarAPI</arg>
<arg>/api</arg>
<doc>Sends a GET request on a previously created HTTP Session.</doc>
<status status="PASS" start="2024-07-16T02:34:27.431274" elapsed="0.100434"/>
</kw>
<kw name="Set Variable" owner="BuiltIn">
<msg time="2024-07-16T02:34:27.532626" level="INFO">${json_data} = {'results': [{'gender': 'male', 'name': {'title': 'Mr', 'first': 'Oliver', 'last': 'Robinson'}, 'location': {'street': {'number': 3790, 'name': 'Main Street'}, 'city': 'Auckland', 'state': 'Waikato', ...</msg>
<var>${json_data}</var>
<arg>${response.json()}</arg>
<doc>Returns the given values which can then be assigned to a variables.</doc>
<status status="PASS" start="2024-07-16T02:34:27.532143" elapsed="0.000512"/>
</kw>
<kw name="Log" owner="BuiltIn">
<msg time="2024-07-16T02:34:27.533120" level="INFO">{'results': [{'gender': 'male', 'name': {'title': 'Mr', 'first': 'Oliver', 'last': 'Robinson'}, 'location': {'street': {'number': 3790, 'name': 'Main Street'}, 'city': 'Auckland', 'state': 'Waikato', 'country': 'New Zealand', 'postcode': 75827, 'coordinates': {'latitude': '48.6625', 'longitude': '-141.4653'}, 'timezone': {'offset': '+9:00', 'description': 'Tokyo, Seoul, Osaka, Sapporo, Yakutsk'}}, 'email': 'oliver.robinson@example.com', 'login': {'uuid': 'cad670db-e089-4a68-bcab-a200d9aa2f5f', 'username': 'purplepanda689', 'password': 'seamus', 'salt': '6cIMOyG8', 'md5': '1797820c7c93d0082ae0de8f416ebff2', 'sha1': '318dc285d4d9d9041f77b39969d85cc32b68a9cf', 'sha256': '1a5a6a2737d2638cd7d8caec11c2620b9d80565a091d285364b4d8eab3802ed2'}, 'dob': {'date': '1955-02-17T19:31:39.789Z', 'age': 69}, 'registered': {'date': '2003-03-21T16:17:07.171Z', 'age': 21}, 'phone': '(866)-619-3983', 'cell': '(674)-110-8712', 'id': {'name': '', 'value': None}, 'picture': {'large': 'https://randomuser.me/api/portraits/men/5.jpg', 'medium': 'https://randomuser.me/api/portraits/med/men/5.jpg', 'thumbnail': 'https://randomuser.me/api/portraits/thumb/men/5.jpg'}, 'nat': 'NZ'}], 'info': {'seed': 'a834ab5cfa93bff2', 'results': 1, 'page': 1, 'version': '1.4'}}</msg>
<arg>${json_data}</arg>
<doc>Logs the given message with the given level.</doc>
<status status="PASS" start="2024-07-16T02:34:27.532965" elapsed="0.000203"/>
</kw>
<kw name="Should Be String" owner="String">
<arg>${json_data['results'][0]['gender']}</arg>
<doc>Fails if the given ``item`` is not a string.</doc>
<status status="PASS" start="2024-07-16T02:34:27.533459" elapsed="0.000361"/>
</kw>
<kw name="Should Match Regexp" owner="BuiltIn">
<arg>${json_data['results'][0]['email']}</arg>
<arg>^[a-zA-Z0-9._%+-]+@[a-zA-Z0-9.-]+\.[a-zA-Z]{2,}$</arg>
<doc>Fails if ``string`` does not match ``pattern`` as a regular expression.</doc>
<status status="PASS" start="2024-07-16T02:34:27.534010" elapsed="0.000512"/>
</kw>
<kw name="Should Match Regexp" owner="BuiltIn">
<arg>${json_data['results'][0]['dob']['date']}</arg>
<arg>\\d{4}-\\d{2}-\\d{2}T\\d{2}:\\d{2}:\\d{2}\\.\\d{3}Z</arg>
<doc>Fails if ``string`` does not match ``pattern`` as a regular expression.</doc>
<status status="PASS" start="2024-07-16T02:34:27.534762" elapsed="0.000519"/>
</kw>
<kw name="Should Match Regexp" owner="BuiltIn">
<arg>${json_data['results'][0]['registered']['date']}</arg>
<arg>\\d{4}-\\d{2}-\\d{2}T\\d{2}:\\d{2}:\\d{2}\\.\\d{3}Z</arg>
<doc>Fails if ``string`` does not match ``pattern`` as a regular expression.</doc>
<status status="PASS" start="2024-07-16T02:34:27.535476" elapsed="0.000374"/>
</kw>
<kw name="Should Match Regexp" owner="BuiltIn">
<arg>${json_data['results'][0]['picture']['large']}</arg>
<arg>^https?://.*\.(?:png|jpe?g|gif|bmp)$</arg>
<doc>Fails if ``string`` does not match ``pattern`` as a regular expression.</doc>
<status status="PASS" start="2024-07-16T02:34:27.536039" elapsed="0.000460"/>
</kw>
<kw name="Should Match Regexp" owner="BuiltIn">
<arg>${json_data['results'][0]['picture']['medium']}</arg>
<arg>^https?://.*\.(?:png|jpe?g|gif|bmp)$</arg>
<doc>Fails if ``string`` does not match ``pattern`` as a regular expression.</doc>
<status status="PASS" start="2024-07-16T02:34:27.536688" elapsed="0.000366"/>
</kw>
<kw name="Should Match Regexp" owner="BuiltIn">
<arg>${json_data['results'][0]['picture']['thumbnail']}</arg>
<arg>^https?://.*\.(?:png|jpe?g|gif|bmp)$</arg>
<doc>Fails if ``string`` does not match ``pattern`` as a regular expression.</doc>
<status status="PASS" start="2024-07-16T02:34:27.537237" elapsed="0.000349"/>
</kw>
<kw name="Log" owner="BuiltIn">
<msg time="2024-07-16T02:34:27.538103" level="INFO">{'large': 'https://randomuser.me/api/portraits/men/5.jpg', 'medium': 'https://randomuser.me/api/portraits/med/men/5.jpg', 'thumbnail': 'https://randomuser.me/api/portraits/thumb/men/5.jpg'}</msg>
<arg>${json_data['results'][0]['picture']}</arg>
<doc>Logs the given message with the given level.</doc>
<status status="PASS" start="2024-07-16T02:34:27.537769" elapsed="0.000379"/>
</kw>
<status status="PASS" start="2024-07-16T02:34:27.431017" elapsed="0.107385"/>
</kw>
<kw name="Teste de Tipos de Dados - Postcode" owner="random-user-service">
<kw name="GET On Session" owner="RequestsLibrary">
<msg time="2024-07-16T02:34:27.651145" level="INFO">GET Request : url=https://randomuser.me/api 
 path_url=/api 
 headers={'User-Agent': 'python-requests/2.32.3', 'Accept-Encoding': 'gzip, deflate', 'Accept': '*/*', 'Connection': 'keep-alive'} 
 body=None 
 </msg>
<msg time="2024-07-16T02:34:27.651216" level="INFO">GET Response : url=https://randomuser.me/api 
 status=200, reason=OK 
 headers={'Date': 'Tue, 16 Jul 2024 02:34:27 GMT', 'Content-Type': 'application/json; charset=utf-8', 'Transfer-Encoding': 'chunked', 'Connection': 'keep-alive', 'X-Powered-By': 'Express', 'Access-Control-Allow-Origin': '*', 'Cache-Control': 'no-cache', 'ETag': 'W/"47b-SEE2wChloWpDF5VviIhSIXG+krc"', 'Vary': 'Accept-Encoding', 'Content-Encoding': 'gzip', 'CF-Cache-Status': 'DYNAMIC', 'Report-To': '{"endpoints":[{"url":"https:\\/\\/a.nel.cloudflare.com\\/report\\/v4?s=SFP0nbxFJ4FhYz5HBt95Ctb9OUsDhJd7NWnVy%2Fnoe%2BvMp8SrztxFNGtq5as35Qs3eqUI8l%2BxOdlvo7gCI0JX0C3V1F6Gapc%2BIWXRuaH2Bqdv1NCZIEn5SQ0z7SzMpdy%2F"}],"group":"cf-nel","max_age":604800}', 'NEL': '{"success_fraction":0,"report_to":"cf-nel","max_age":604800}', 'Server': 'cloudflare', 'CF-RAY': '8a3e97e22ae4820c-IAD', 'alt-svc': 'h3=":443"; ma=86400'} 
 body={"results":[{"gender":"male","name":{"title":"Mr","first":"Ekapad","last":"Chatterjee"},"location":{"street":{"number":5248,"name":"Rasta Peth"},"city":"Gwalior","state":"Madhya Pradesh","country":"India","postcode":60321,"coordinates":{"latitude":"12.0239","longitude":"-135.5199"},"timezone":{"offset":"-2:00","description":"Mid-Atlantic"}},"email":"ekapad.chatterjee@example.com","login":{"uuid":"5368b598-f994-4432-98b1-60b51815e6ca","username":"redbird473","password":"longjohn","salt":"8KKqsnhv","md5":"4462d485d4d394fc026ce9c31770d686","sha1":"a87012e48e7b2cf8f92d807a17cb1de0a9489612","sha256":"4f46111a784a1a4e1ed1c6f4419fd8029d83e9066c3c0a4090756babfe032634"},"dob":{"date":"1945-06-15T09:49:08.654Z","age":79},"registered":{"date":"2016-05-07T08:27:21.170Z","age":8},"phone":"7513847665","cell":"8062435015","id":{"name":"UIDAI","value":"452906808670"},"picture":{"large":"https://randomuser.me/api/portraits/men/36.jpg","medium":"https://randomuser.me/api/portraits/med/men/36.jpg","thumbnail":"https://randomuser.me/api/portraits/thumb/men/36.jpg"},"nat":"IN"}],"info":{"seed":"470faf8cd6248007","results":1,"page":1,"version":"1.4"}} 
 </msg>
<msg time="2024-07-16T02:34:27.651275" level="INFO">/opt/hostedtoolcache/Python/3.12.4/x64/lib/python3.12/site-packages/urllib3/connectionpool.py:1099: InsecureRequestWarning: Unverified HTTPS request is being made to host 'randomuser.me'. Adding certificate verification is strongly advised. See: https://urllib3.readthedocs.io/en/latest/advanced-usage.html#tls-warnings
  warnings.warn(</msg>
<msg time="2024-07-16T02:34:27.651372" level="INFO">${response} = &lt;Response [200]&gt;</msg>
<var>${response}</var>
<arg>consultarAPI</arg>
<arg>/api</arg>
<doc>Sends a GET request on a previously created HTTP Session.</doc>
<status status="PASS" start="2024-07-16T02:34:27.538847" elapsed="0.112566"/>
</kw>
<kw name="Set Variable" owner="BuiltIn">
<msg time="2024-07-16T02:34:27.652475" level="INFO">${json_data} = {'results': [{'gender': 'male', 'name': {'title': 'Mr', 'first': 'Ekapad', 'last': 'Chatterjee'}, 'location': {'street': {'number': 5248, 'name': 'Rasta Peth'}, 'city': 'Gwalior', 'state': 'Madhya Pra...</msg>
<var>${json_data}</var>
<arg>${response.json()}</arg>
<doc>Returns the given values which can then be assigned to a variables.</doc>
<status status="PASS" start="2024-07-16T02:34:27.651906" elapsed="0.000597"/>
</kw>
<kw name="Log" owner="BuiltIn">
<msg time="2024-07-16T02:34:27.652963" level="INFO">{'results': [{'gender': 'male', 'name': {'title': 'Mr', 'first': 'Ekapad', 'last': 'Chatterjee'}, 'location': {'street': {'number': 5248, 'name': 'Rasta Peth'}, 'city': 'Gwalior', 'state': 'Madhya Pradesh', 'country': 'India', 'postcode': 60321, 'coordinates': {'latitude': '12.0239', 'longitude': '-135.5199'}, 'timezone': {'offset': '-2:00', 'description': 'Mid-Atlantic'}}, 'email': 'ekapad.chatterjee@example.com', 'login': {'uuid': '5368b598-f994-4432-98b1-60b51815e6ca', 'username': 'redbird473', 'password': 'longjohn', 'salt': '8KKqsnhv', 'md5': '4462d485d4d394fc026ce9c31770d686', 'sha1': 'a87012e48e7b2cf8f92d807a17cb1de0a9489612', 'sha256': '4f46111a784a1a4e1ed1c6f4419fd8029d83e9066c3c0a4090756babfe032634'}, 'dob': {'date': '1945-06-15T09:49:08.654Z', 'age': 79}, 'registered': {'date': '2016-05-07T08:27:21.170Z', 'age': 8}, 'phone': '7513847665', 'cell': '8062435015', 'id': {'name': 'UIDAI', 'value': '452906808670'}, 'picture': {'large': 'https://randomuser.me/api/portraits/men/36.jpg', 'medium': 'https://randomuser.me/api/portraits/med/men/36.jpg', 'thumbnail': 'https://randomuser.me/api/portraits/thumb/men/36.jpg'}, 'nat': 'IN'}], 'info': {'seed': '470faf8cd6248007', 'results': 1, 'page': 1, 'version': '1.4'}}</msg>
<arg>${json_data}</arg>
<doc>Logs the given message with the given level.</doc>
<status status="PASS" start="2024-07-16T02:34:27.652811" elapsed="0.000199"/>
</kw>
<kw name="Should Be Equal As Numbers" owner="BuiltIn">
<arg>${json_data['results'][0]['location']['postcode']}</arg>
<arg>${json_data['results'][0]['location']['postcode']}</arg>
<doc>Fails if objects are unequal after converting them to real numbers.</doc>
<status status="PASS" start="2024-07-16T02:34:27.653305" elapsed="0.000624"/>
</kw>
<kw name="Log" owner="BuiltIn">
<msg time="2024-07-16T02:34:27.654595" level="INFO">60321</msg>
<arg>${json_data['results'][0]['location']['postcode']}</arg>
<doc>Logs the given message with the given level.</doc>
<status status="PASS" start="2024-07-16T02:34:27.654120" elapsed="0.000516"/>
</kw>
<status status="PASS" start="2024-07-16T02:34:27.538622" elapsed="0.116309"/>
</kw>
<doc>Testa se os tipos de dados na resposta da API estão corretos.</doc>
<tag>testeTiposDados</tag>
<status status="PASS" start="2024-07-16T02:34:27.430476" elapsed="0.224667"/>
</test>
<test id="s1-s1-t5" name="Validar conteudo" line="35">
<kw name="Teste de Tipos de Conteudo" owner="random-user-service">
<kw name="GET On Session" owner="RequestsLibrary">
<msg time="2024-07-16T02:34:27.706922" level="INFO">GET Request : url=https://randomuser.me/api 
 path_url=/api 
 headers={'User-Agent': 'python-requests/2.32.3', 'Accept-Encoding': 'gzip, deflate', 'Accept': '*/*', 'Connection': 'keep-alive'} 
 body=None 
 </msg>
<msg time="2024-07-16T02:34:27.707004" level="INFO">GET Response : url=https://randomuser.me/api 
 status=200, reason=OK 
 headers={'Date': 'Tue, 16 Jul 2024 02:34:27 GMT', 'Content-Type': 'application/json; charset=utf-8', 'Transfer-Encoding': 'chunked', 'Connection': 'keep-alive', 'X-Powered-By': 'Express', 'Access-Control-Allow-Origin': '*', 'Cache-Control': 'no-cache', 'ETag': 'W/"48d-TL3Ri8Znvf0P1tIJgaz+P28uj+c"', 'Vary': 'Accept-Encoding', 'Content-Encoding': 'gzip', 'CF-Cache-Status': 'DYNAMIC', 'Report-To': '{"endpoints":[{"url":"https:\\/\\/a.nel.cloudflare.com\\/report\\/v4?s=9iHDtloCaqRxKCcUk9SohGZmsRViHEKMx7qqIeF6axAe7XzpiE71NPlZVjbkqsjAuhfbrfMu%2FUGls%2BcHKG9tuth7jpxXlbOFw4x33jolcfTxN1xT4huwquYJeB3iE5I1"}],"group":"cf-nel","max_age":604800}', 'NEL': '{"success_fraction":0,"report_to":"cf-nel","max_age":604800}', 'Server': 'cloudflare', 'CF-RAY': '8a3e97e2eb92820c-IAD', 'alt-svc': 'h3=":443"; ma=86400'} 
 body={"results":[{"gender":"female","name":{"title":"Miss","first":"Sedef","last":"Koç"},"location":{"street":{"number":2169,"name":"Fatih Sultan Mehmet Cd"},"city":"Denizli","state":"Sinop","country":"Turkey","postcode":52343,"coordinates":{"latitude":"69.8458","longitude":"27.0255"},"timezone":{"offset":"-5:00","description":"Eastern Time (US &amp; Canada), Bogota, Lima"}},"email":"sedef.koc@example.com","login":{"uuid":"e8043c3b-710b-41fd-9bb1-04a85a7b76c1","username":"bigbear331","password":"quantum","salt":"ecRg7ZfT","md5":"bbc289a5655c460ae4ad8ccd7a53adb7","sha1":"e80fdbc197a39dc8b0dc069712b59c1554a8ffa8","sha256":"928425bbadee1cbfc0ac2cc639b5c62d461dd042ef8783bfc34c63c76de51586"},"dob":{"date":"1981-11-27T12:20:16.843Z","age":42},"registered":{"date":"2012-05-16T11:57:11.615Z","age":12},"phone":"(647)-447-1633","cell":"(584)-833-2885","id":{"name":"","value":null},"picture":{"large":"https://randomuser.me/api/portraits/women/33.jpg","medium":"https://randomuser.me/api/portraits/med/women/33.jpg","thumbnail":"https://randomuser.me/api/portraits/thumb/women/33.jpg"},"nat":"TR"}],"info":{"seed":"5f6899053ccdb732","results":1,"page":1,"version":"1.4"}} 
 </msg>
<msg time="2024-07-16T02:34:27.707110" level="INFO">/opt/hostedtoolcache/Python/3.12.4/x64/lib/python3.12/site-packages/urllib3/connectionpool.py:1099: InsecureRequestWarning: Unverified HTTPS request is being made to host 'randomuser.me'. Adding certificate verification is strongly advised. See: https://urllib3.readthedocs.io/en/latest/advanced-usage.html#tls-warnings
  warnings.warn(</msg>
<msg time="2024-07-16T02:34:27.707217" level="INFO">${response} = &lt;Response [200]&gt;</msg>
<var>${response}</var>
<arg>consultarAPI</arg>
<arg>/api</arg>
<doc>Sends a GET request on a previously created HTTP Session.</doc>
<status status="PASS" start="2024-07-16T02:34:27.657670" elapsed="0.049588"/>
</kw>
<kw name="Set Variable" owner="BuiltIn">
<msg time="2024-07-16T02:34:27.708340" level="INFO">${json_data} = {'results': [{'gender': 'female', 'name': {'title': 'Miss', 'first': 'Sedef', 'last': 'Koç'}, 'location': {'street': {'number': 2169, 'name': 'Fatih Sultan Mehmet Cd'}, 'city': 'Denizli', 'state': 'Si...</msg>
<var>${json_data}</var>
<arg>${response.json()}</arg>
<doc>Returns the given values which can then be assigned to a variables.</doc>
<status status="PASS" start="2024-07-16T02:34:27.707742" elapsed="0.000628"/>
</kw>
<kw name="Set Variable" owner="BuiltIn">
<msg time="2024-07-16T02:34:27.709065" level="INFO">${name_title} = Miss</msg>
<var>${name_title}</var>
<arg>${json_data["results"][0]["name"]["title"]}</arg>
<doc>Returns the given values which can then be assigned to a variables.</doc>
<status status="PASS" start="2024-07-16T02:34:27.708674" elapsed="0.000417"/>
</kw>
<kw name="Create List" owner="BuiltIn">
<msg time="2024-07-16T02:34:27.709537" level="INFO">${allowed_titles} = ['Mr', 'Ms', 'Miss', 'Mrs', 'Madame', 'Monsieur']</msg>
<var>${allowed_titles}</var>
<arg>Mr</arg>
<arg>Ms</arg>
<arg>Miss</arg>
<arg>Mrs</arg>
<arg>Madame</arg>
<arg>Monsieur</arg>
<doc>Returns a list containing given items.</doc>
<status status="PASS" start="2024-07-16T02:34:27.709388" elapsed="0.000173"/>
</kw>
<kw name="List Should Contain Value" owner="Collections">
<arg>${allowed_titles}</arg>
<arg>${name_title}</arg>
<doc>Fails if the ``value`` is not found from ``list``.</doc>
<status status="PASS" start="2024-07-16T02:34:27.709857" elapsed="0.000180"/>
</kw>
<kw name="Set Variable" owner="BuiltIn">
<msg time="2024-07-16T02:34:27.710579" level="INFO">${name_country} = TR</msg>
<var>${name_country}</var>
<arg>${json_data["results"][0]["nat"]}</arg>
<doc>Returns the given values which can then be assigned to a variables.</doc>
<status status="PASS" start="2024-07-16T02:34:27.710215" elapsed="0.000389"/>
</kw>
<kw name="Create List" owner="BuiltIn">
<msg time="2024-07-16T02:34:27.711523" level="INFO">${list_country} = ['AD', 'AE', 'AF', 'AG', 'AI', 'AL', 'AM', 'AO', 'AQ', 'AR', 'AS', 'AT', 'AU', 'AW', 'AX', 'AZ', 'BA', 'BB', 'BD', 'BE', 'BF', 'BG', 'BH', 'BI', 'BJ', 'BL', 'BM', 'BN', 'BO', 'BQ', 'BR', 'BS', 'BT', '...</msg>
<var>${list_country}</var>
<arg>AD</arg>
<arg>AE</arg>
<arg>AF</arg>
<arg>AG</arg>
<arg>AI</arg>
<arg>AL</arg>
<arg>AM</arg>
<arg>AO</arg>
<arg>AQ</arg>
<arg>AR</arg>
<arg>AS</arg>
<arg>AT</arg>
<arg>AU</arg>
<arg>AW</arg>
<arg>AX</arg>
<arg>AZ</arg>
<arg>BA</arg>
<arg>BB</arg>
<arg>BD</arg>
<arg>BE</arg>
<arg>BF</arg>
<arg>BG</arg>
<arg>BH</arg>
<arg>BI</arg>
<arg>BJ</arg>
<arg>BL</arg>
<arg>BM</arg>
<arg>BN</arg>
<arg>BO</arg>
<arg>BQ</arg>
<arg>BR</arg>
<arg>BS</arg>
<arg>BT</arg>
<arg>BV</arg>
<arg>BW</arg>
<arg>BY</arg>
<arg>BZ</arg>
<arg>CA</arg>
<arg>CC</arg>
<arg>CD</arg>
<arg>CF</arg>
<arg>CG</arg>
<arg>CH</arg>
<arg>CI</arg>
<arg>CK</arg>
<arg>CL</arg>
<arg>CM</arg>
<arg>CN</arg>
<arg>CO</arg>
<arg>CR</arg>
<arg>CU</arg>
<arg>CV</arg>
<arg>CW</arg>
<arg>CX</arg>
<arg>CY</arg>
<arg>CZ</arg>
<arg>DE</arg>
<arg>DJ</arg>
<arg>DK</arg>
<arg>DM</arg>
<arg>DO</arg>
<arg>DZ</arg>
<arg>EC</arg>
<arg>EE</arg>
<arg>EG</arg>
<arg>EH</arg>
<arg>ER</arg>
<arg>ES</arg>
<arg>ET</arg>
<arg>FI</arg>
<arg>FJ</arg>
<arg>FK</arg>
<arg>FM</arg>
<arg>FO</arg>
<arg>FR</arg>
<arg>GA</arg>
<arg>GB</arg>
<arg>GD</arg>
<arg>GE</arg>
<arg>GF</arg>
<arg>GG</arg>
<arg>GH</arg>
<arg>GI</arg>
<arg>GL</arg>
<arg>GM</arg>
<arg>GN</arg>
<arg>GP</arg>
<arg>GQ</arg>
<arg>GR</arg>
<arg>GS</arg>
<arg>GT</arg>
<arg>GU</arg>
<arg>GW</arg>
<arg>GY</arg>
<arg>HK</arg>
<arg>HM</arg>
<arg>HN</arg>
<arg>HR</arg>
<arg>HT</arg>
<arg>HU</arg>
<arg>ID</arg>
<arg>IE</arg>
<arg>IL</arg>
<arg>IM</arg>
<arg>IN</arg>
<arg>IO</arg>
<arg>IQ</arg>
<arg>IR</arg>
<arg>IS</arg>
<arg>IT</arg>
<arg>JE</arg>
<arg>JM</arg>
<arg>JO</arg>
<arg>JP</arg>
<arg>KE</arg>
<arg>KG</arg>
<arg>KH</arg>
<arg>KI</arg>
<arg>KM</arg>
<arg>KN</arg>
<arg>KP</arg>
<arg>KR</arg>
<arg>KW</arg>
<arg>KY</arg>
<arg>KZ</arg>
<arg>LA</arg>
<arg>LB</arg>
<arg>LC</arg>
<arg>LI</arg>
<arg>LK</arg>
<arg>LR</arg>
<arg>LS</arg>
<arg>LT</arg>
<arg>LU</arg>
<arg>LV</arg>
<arg>LY</arg>
<arg>MA</arg>
<arg>MC</arg>
<arg>MD</arg>
<arg>ME</arg>
<arg>MF</arg>
<arg>MG</arg>
<arg>MH</arg>
<arg>MK</arg>
<arg>ML</arg>
<arg>MM</arg>
<arg>MN</arg>
<arg>MO</arg>
<arg>MP</arg>
<arg>MQ</arg>
<arg>MR</arg>
<arg>MS</arg>
<arg>MT</arg>
<arg>MU</arg>
<arg>MV</arg>
<arg>MW</arg>
<arg>MX</arg>
<arg>MY</arg>
<arg>MZ</arg>
<arg>NA</arg>
<arg>NC</arg>
<arg>NE</arg>
<arg>NF</arg>
<arg>NG</arg>
<arg>NI</arg>
<arg>NL</arg>
<arg>NO</arg>
<arg>NP</arg>
<arg>NR</arg>
<arg>NU</arg>
<arg>NZ</arg>
<arg>OM</arg>
<arg>PA</arg>
<arg>PE</arg>
<arg>PF</arg>
<arg>PG</arg>
<arg>PH</arg>
<arg>PK</arg>
<arg>PL</arg>
<arg>PM</arg>
<arg>PN</arg>
<arg>PR</arg>
<arg>PS</arg>
<arg>PT</arg>
<arg>PW</arg>
<arg>PY</arg>
<arg>QA</arg>
<arg>RE</arg>
<arg>RO</arg>
<arg>RS</arg>
<arg>RU</arg>
<arg>RW</arg>
<arg>SA</arg>
<arg>SB</arg>
<arg>SC</arg>
<arg>SD</arg>
<arg>SE</arg>
<arg>SG</arg>
<arg>SH</arg>
<arg>SI</arg>
<arg>SJ</arg>
<arg>SK</arg>
<arg>SL</arg>
<arg>SM</arg>
<arg>SN</arg>
<arg>SO</arg>
<arg>SR</arg>
<arg>SS</arg>
<arg>ST</arg>
<arg>SV</arg>
<arg>SX</arg>
<arg>SY</arg>
<arg>SZ</arg>
<arg>TC</arg>
<arg>TD</arg>
<arg>TF</arg>
<arg>TG</arg>
<arg>TH</arg>
<arg>TJ</arg>
<arg>TK</arg>
<arg>TL</arg>
<arg>TM</arg>
<arg>TN</arg>
<arg>TO</arg>
<arg>TR</arg>
<arg>TT</arg>
<arg>TV</arg>
<arg>TW</arg>
<arg>TZ</arg>
<arg>UA</arg>
<arg>UG</arg>
<arg>UM</arg>
<arg>US</arg>
<arg>UY</arg>
<arg>UZ</arg>
<arg>VA</arg>
<arg>VC</arg>
<arg>VE</arg>
<arg>VG</arg>
<arg>VI</arg>
<arg>VN</arg>
<arg>VU</arg>
<arg>WF</arg>
<arg>WS</arg>
<arg>XK</arg>
<arg>YE</arg>
<arg>YT</arg>
<arg>ZA</arg>
<arg>ZM</arg>
<arg>ZW</arg>
<doc>Returns a list containing given items.</doc>
<status status="PASS" start="2024-07-16T02:34:27.710894" elapsed="0.000656"/>
</kw>
<kw name="List Should Contain Value" owner="Collections">
<arg>${list_country}</arg>
<arg>${name_country}</arg>
<doc>Fails if the ``value`` is not found from ``list``.</doc>
<status status="PASS" start="2024-07-16T02:34:27.712344" elapsed="0.000204"/>
</kw>
<kw name="Run Keyword If" owner="BuiltIn">
<kw name="Should Be True" owner="BuiltIn">
<arg>${True}</arg>
<doc>Fails if the given condition is not true.</doc>
<status status="PASS" start="2024-07-16T02:34:27.713484" elapsed="0.000143"/>
</kw>
<arg>${json_data["results"][0]["location"]["coordinates"]["latitude"]} &gt;= -90 and ${json_data["results"][0]["location"]["coordinates"]["latitude"]} &lt;= 90</arg>
<arg>Should Be True</arg>
<arg>${True}</arg>
<doc>Runs the given keyword with the given arguments, if ``condition`` is true.</doc>
<status status="PASS" start="2024-07-16T02:34:27.712743" elapsed="0.001013"/>
</kw>
<kw name="Run Keyword If" owner="BuiltIn">
<kw name="Should Be True" owner="BuiltIn">
<arg>${True}</arg>
<doc>Fails if the given condition is not true.</doc>
<status status="PASS" start="2024-07-16T02:34:27.714641" elapsed="0.000229"/>
</kw>
<arg>${json_data["results"][0]["location"]["coordinates"]["longitude"]} &gt;= -180 and ${json_data["results"][0]["location"]["coordinates"]["longitude"]} &lt;= 180</arg>
<arg>Should Be True</arg>
<arg>${True}</arg>
<doc>Runs the given keyword with the given arguments, if ``condition`` is true.</doc>
<status status="PASS" start="2024-07-16T02:34:27.713940" elapsed="0.001060"/>
</kw>
<status status="PASS" start="2024-07-16T02:34:27.657449" elapsed="0.057720"/>
</kw>
<doc>Testa o conteúdo específico dos campos retornados pela API.</doc>
<tag>testeConteudo</tag>
<status status="PASS" start="2024-07-16T02:34:27.656921" elapsed="0.058394"/>
</test>
<status status="PASS" start="2024-07-16T02:34:26.848663" elapsed="0.868643"/>
</suite>
<status status="PASS" start="2024-07-16T02:34:26.834293" elapsed="0.888196"/>
</suite>
<statistics>
<total>
<stat pass="5" fail="0" skip="0">All Tests</stat>
</total>
<tag>
<stat pass="1" fail="0" skip="0">testeConteudo</stat>
<stat pass="1" fail="0" skip="0">testeEstruturaResposta</stat>
<stat pass="1" fail="0" skip="0">testeRequisicaoBasica</stat>
<stat pass="1" fail="0" skip="0">testeTiposDados</stat>
</tag>
<suite>
<stat pass="5" fail="0" skip="0" id="s1" name="Tests">Tests</stat>
<stat pass="5" fail="0" skip="0" id="s1-s1" name="Random-User-Test">Tests.Random-User-Test</stat>
</suite>
</statistics>
<errors>
</errors>
</robot>
