<?xml version="1.0" encoding="UTF-8"?>
<robot generator="Robot 7.0 (Python 3.12.2 on linux)" generated="2024-03-29T02:19:32.476284" rpa="false" schemaversion="5">
<suite id="s1" name="Tests" source="/home/runner/work/DesafioQAItauRogerioJordao/DesafioQAItauRogerioJordao/RamdonUser/tests">
<suite id="s1-s1" name="Random-User-Test" source="/home/runner/work/DesafioQAItauRogerioJordao/DesafioQAItauRogerioJordao/RamdonUser/tests/random-user-test.robot">
<test id="s1-s1-t1" name="Conectar" line="13">
<kw name="Conectar API" owner="random-user-service">
<kw name="Create Session" owner="RequestsLibrary">
<msg time="2024-03-29T02:19:32.855732" level="INFO">Creating Session using : alias=consultarAPI, url=https://randomuser.me/, headers={},                     cookies={}, auth=None, timeout=None, proxies=None, verify=False,                     debug=0 </msg>
<arg>consultarAPI</arg>
<arg>${URL}</arg>
<doc>Create Session: create a HTTP session to a server</doc>
<status status="PASS" start="2024-03-29T02:19:32.855533" elapsed="0.000366"/>
</kw>
<status status="PASS" start="2024-03-29T02:19:32.854522" elapsed="0.001739"/>
</kw>
<status status="PASS" start="2024-03-29T02:19:32.853868" elapsed="0.002599"/>
</test>
<test id="s1-s1-t2" name="Validar retorno 200 e JSON Válido" line="16">
<kw name="Teste de Requisicao Basica" owner="random-user-service">
<kw name="GET On Session" owner="RequestsLibrary">
<msg time="2024-03-29T02:19:33.048837" level="INFO">GET Request : url=https://randomuser.me/api 
 path_url=/api 
 headers={'User-Agent': 'python-requests/2.31.0', 'Accept-Encoding': 'gzip, deflate', 'Accept': '*/*', 'Connection': 'keep-alive'} 
 body=None 
 </msg>
<msg time="2024-03-29T02:19:33.048984" level="INFO">GET Response : url=https://randomuser.me/api 
 status=200, reason=OK 
 headers={'Date': 'Fri, 29 Mar 2024 02:19:33 GMT', 'Content-Type': 'application/json; charset=utf-8', 'Transfer-Encoding': 'chunked', 'Connection': 'keep-alive', 'X-Powered-By': 'Express', 'Access-Control-Allow-Origin': '*', 'Cache-Control': 'no-cache', 'ETag': 'W/"492-PIn3spUhXkmuP9wu3NDrpIw+UKg"', 'Vary': 'Accept-Encoding', 'Content-Encoding': 'gzip', 'CF-Cache-Status': 'DYNAMIC', 'Report-To': '{"endpoints":[{"url":"https:\\/\\/a.nel.cloudflare.com\\/report\\/v4?s=p0H%2B94POFaTodYfz7P5bAJyrFeMkNAI0Mx9y%2FC37%2F1mLZiHHj%2FMw4Y2Q%2BCeKF1Lv6xTgtYsAQrxzhPeEQfXjRg4ihUhv12pfSZX%2FTt8feRmNNDlsL%2FP5f2MefHREnrR%2F"}],"group":"cf-nel","max_age":604800}', 'NEL': '{"success_fraction":0,"report_to":"cf-nel","max_age":604800}', 'Server': 'cloudflare', 'CF-RAY': '86bc602b4ca50a99-IAD', 'alt-svc': 'h3=":443"; ma=86400'} 
 body={"results":[{"gender":"female","name":{"title":"Miss","first":"Ava","last":"Bouchard"},"location":{"street":{"number":9259,"name":"Bay Ave"},"city":"Woodstock","state":"Nova Scotia","country":"Canada","postcode":"S2R 6Y5","coordinates":{"latitude":"-70.0974","longitude":"89.2250"},"timezone":{"offset":"+9:00","description":"Tokyo, Seoul, Osaka, Sapporo, Yakutsk"}},"email":"ava.bouchard@example.com","login":{"uuid":"312de3f7-d665-47d5-a9a3-e9cad6fee7e3","username":"browntiger637","password":"oreo","salt":"AxvCYvzI","md5":"b95a327d62516b2b13550a42faee8e2c","sha1":"b780016fb3b8dd2b3097cebb22518928305086d5","sha256":"7c039c24549c2c1ccb075d359f762089cc40aa68226d5bb94b56279fe8718da0"},"dob":{"date":"1987-07-21T05:09:17.282Z","age":36},"registered":{"date":"2015-05-31T22:32:38.000Z","age":8},"phone":"K99 X49-2557","cell":"W67 P06-3069","id":{"name":"SIN","value":"689926145"},"picture":{"large":"https://randomuser.me/api/portraits/women/82.jpg","medium":"https://randomuser.me/api/portraits/med/women/82.jpg","thumbnail":"https://randomuser.me/api/portraits/thumb/women/82.jpg"},"nat":"CA"}],"info":{"seed":"ca498af28341dfe7","results":1,"page":1,"version":"1.4"}} 
 </msg>
<msg time="2024-03-29T02:19:33.049091" level="INFO">/opt/hostedtoolcache/Python/3.12.2/x64/lib/python3.12/site-packages/urllib3/connectionpool.py:1103: InsecureRequestWarning: Unverified HTTPS request is being made to host 'randomuser.me'. Adding certificate verification is strongly advised. See: https://urllib3.readthedocs.io/en/latest/advanced-usage.html#tls-warnings
  warnings.warn(</msg>
<msg time="2024-03-29T02:19:33.049232" level="INFO">${response} = &lt;Response [200]&gt;</msg>
<var>${response}</var>
<arg>consultarAPI</arg>
<arg>/api</arg>
<doc>Sends a GET request on a previously created HTTP Session.</doc>
<status status="PASS" start="2024-03-29T02:19:32.859100" elapsed="0.190177"/>
</kw>
<kw name="Should Be Equal As Numbers" owner="BuiltIn">
<msg time="2024-03-29T02:19:33.050312" level="INFO">Argument types are:
&lt;class 'int'&gt;
&lt;class 'str'&gt;</msg>
<arg>${response.status_code}</arg>
<arg>200</arg>
<doc>Fails if objects are unequal after converting them to real numbers.</doc>
<status status="PASS" start="2024-03-29T02:19:33.049839" elapsed="0.000574"/>
</kw>
<kw name="Log" owner="BuiltIn">
<msg time="2024-03-29T02:19:33.051135" level="INFO">200</msg>
<arg>${response.status_code}</arg>
<doc>Logs the given message with the given level.</doc>
<status status="PASS" start="2024-03-29T02:19:33.050769" elapsed="0.000410"/>
</kw>
<kw name="Set Variable" owner="BuiltIn">
<msg time="2024-03-29T02:19:33.051965" level="INFO">${json_data} = {'results': [{'gender': 'female', 'name': {'title': 'Miss', 'first': 'Ava', 'last': 'Bouchard'}, 'location': {'street': {'number': 9259, 'name': 'Bay Ave'}, 'city': 'Woodstock', 'state': 'Nova Scotia'...</msg>
<var>${json_data}</var>
<arg>${response.json()}</arg>
<doc>Returns the given values which can then be assigned to a variables.</doc>
<status status="PASS" start="2024-03-29T02:19:33.051513" elapsed="0.000481"/>
</kw>
<kw name="Dictionary Should Contain Key" owner="Collections">
<msg time="2024-03-29T02:19:33.052466" level="INFO">False</msg>
<arg>${json_data}</arg>
<arg>results</arg>
<doc>Fails if ``key`` is not found from ``dictionary``.</doc>
<status status="PASS" start="2024-03-29T02:19:33.052298" elapsed="0.000208"/>
</kw>
<status status="PASS" start="2024-03-29T02:19:32.858849" elapsed="0.193922"/>
</kw>
<doc>Testa se a API responde corretamente e retorna um objeto JSON válido.</doc>
<tag>testeRequisicaoBasica</tag>
<status status="PASS" start="2024-03-29T02:19:32.858333" elapsed="0.194632"/>
</test>
<test id="s1-s1-t3" name="Validar estrutura de resposta" line="22">
<kw name="Teste de Estrutura de Resposta" owner="random-user-service">
<kw name="GET On Session" owner="RequestsLibrary">
<msg time="2024-03-29T02:19:33.159216" level="INFO">GET Request : url=https://randomuser.me/api 
 path_url=/api 
 headers={'User-Agent': 'python-requests/2.31.0', 'Accept-Encoding': 'gzip, deflate', 'Accept': '*/*', 'Connection': 'keep-alive'} 
 body=None 
 </msg>
<msg time="2024-03-29T02:19:33.159317" level="INFO">GET Response : url=https://randomuser.me/api 
 status=200, reason=OK 
 headers={'Date': 'Fri, 29 Mar 2024 02:19:33 GMT', 'Content-Type': 'application/json; charset=utf-8', 'Transfer-Encoding': 'chunked', 'Connection': 'keep-alive', 'X-Powered-By': 'Express', 'Access-Control-Allow-Origin': '*', 'Cache-Control': 'no-cache', 'ETag': 'W/"4a1-vxkypcz/jzTXGwa5EbzLafBId40"', 'Vary': 'Accept-Encoding', 'Content-Encoding': 'gzip', 'CF-Cache-Status': 'DYNAMIC', 'Report-To': '{"endpoints":[{"url":"https:\\/\\/a.nel.cloudflare.com\\/report\\/v4?s=YI911754HsK0DXfCxuQNr3tBxoars0ZDX5FSI3nIIKkuCf%2BzmmZQUZM0bbJarf6cCzkJgxX2n%2B1w9%2BbfB7vGBupRuJfRD2X2Fkg3iOx1v9%2F4gYfURX5157dfMYPHCBwi"}],"group":"cf-nel","max_age":604800}', 'NEL': '{"success_fraction":0,"report_to":"cf-nel","max_age":604800}', 'Server': 'cloudflare', 'CF-RAY': '86bc602bad0e0a99-IAD', 'alt-svc': 'h3=":443"; ma=86400'} 
 body={"results":[{"gender":"female","name":{"title":"Ms","first":"Iara","last":"Fernandes"},"location":{"street":{"number":9212,"name":"Rua Treze "},"city":"Barueri","state":"Piauí","country":"Brazil","postcode":12430,"coordinates":{"latitude":"-78.5594","longitude":"46.5324"},"timezone":{"offset":"0:00","description":"Western Europe Time, London, Lisbon, Casablanca"}},"email":"iara.fernandes@example.com","login":{"uuid":"66d7ed1a-0e69-4b63-b966-899049d9e2e2","username":"happylion659","password":"hershey","salt":"4AMQAlCI","md5":"b0cae4a66dca86a4b0706f12a2d7520f","sha1":"8b1ab4e2e82136171048a2bba6c2c812b14f8c64","sha256":"23d533658439ef9b5b77a2bfe7add174cef3e6baf6101f1d393e15d0607a2b06"},"dob":{"date":"1977-07-02T16:01:18.722Z","age":46},"registered":{"date":"2002-06-21T04:47:33.186Z","age":21},"phone":"(58) 6919-1563","cell":"(70) 5695-9618","id":{"name":"CPF","value":"241.450.002-21"},"picture":{"large":"https://randomuser.me/api/portraits/women/24.jpg","medium":"https://randomuser.me/api/portraits/med/women/24.jpg","thumbnail":"https://randomuser.me/api/portraits/thumb/women/24.jpg"},"nat":"BR"}],"info":{"seed":"0463407cc47731ed","results":1,"page":1,"version":"1.4"}} 
 </msg>
<msg time="2024-03-29T02:19:33.159468" level="INFO">/opt/hostedtoolcache/Python/3.12.2/x64/lib/python3.12/site-packages/urllib3/connectionpool.py:1103: InsecureRequestWarning: Unverified HTTPS request is being made to host 'randomuser.me'. Adding certificate verification is strongly advised. See: https://urllib3.readthedocs.io/en/latest/advanced-usage.html#tls-warnings
  warnings.warn(</msg>
<msg time="2024-03-29T02:19:33.159599" level="INFO">${response} = &lt;Response [200]&gt;</msg>
<var>${response}</var>
<arg>consultarAPI</arg>
<arg>/api</arg>
<doc>Sends a GET request on a previously created HTTP Session.</doc>
<status status="PASS" start="2024-03-29T02:19:33.055777" elapsed="0.103864"/>
</kw>
<kw name="Set Variable" owner="BuiltIn">
<msg time="2024-03-29T02:19:33.160849" level="INFO">${json_data} = {'results': [{'gender': 'female', 'name': {'title': 'Ms', 'first': 'Iara', 'last': 'Fernandes'}, 'location': {'street': {'number': 9212, 'name': 'Rua Treze '}, 'city': 'Barueri', 'state': 'Piauí', 'co...</msg>
<var>${json_data}</var>
<arg>${response.json()}</arg>
<doc>Returns the given values which can then be assigned to a variables.</doc>
<status status="PASS" start="2024-03-29T02:19:33.160272" elapsed="0.000608"/>
</kw>
<kw name="Log" owner="BuiltIn">
<msg time="2024-03-29T02:19:33.161361" level="INFO">{'results': [{'gender': 'female', 'name': {'title': 'Ms', 'first': 'Iara', 'last': 'Fernandes'}, 'location': {'street': {'number': 9212, 'name': 'Rua Treze '}, 'city': 'Barueri', 'state': 'Piauí', 'country': 'Brazil', 'postcode': 12430, 'coordinates': {'latitude': '-78.5594', 'longitude': '46.5324'}, 'timezone': {'offset': '0:00', 'description': 'Western Europe Time, London, Lisbon, Casablanca'}}, 'email': 'iara.fernandes@example.com', 'login': {'uuid': '66d7ed1a-0e69-4b63-b966-899049d9e2e2', 'username': 'happylion659', 'password': 'hershey', 'salt': '4AMQAlCI', 'md5': 'b0cae4a66dca86a4b0706f12a2d7520f', 'sha1': '8b1ab4e2e82136171048a2bba6c2c812b14f8c64', 'sha256': '23d533658439ef9b5b77a2bfe7add174cef3e6baf6101f1d393e15d0607a2b06'}, 'dob': {'date': '1977-07-02T16:01:18.722Z', 'age': 46}, 'registered': {'date': '2002-06-21T04:47:33.186Z', 'age': 21}, 'phone': '(58) 6919-1563', 'cell': '(70) 5695-9618', 'id': {'name': 'CPF', 'value': '241.450.002-21'}, 'picture': {'large': 'https://randomuser.me/api/portraits/women/24.jpg', 'medium': 'https://randomuser.me/api/portraits/med/women/24.jpg', 'thumbnail': 'https://randomuser.me/api/portraits/thumb/women/24.jpg'}, 'nat': 'BR'}], 'info': {'seed': '0463407cc47731ed', 'results': 1, 'page': 1, 'version': '1.4'}}</msg>
<arg>${json_data}</arg>
<doc>Logs the given message with the given level.</doc>
<status status="PASS" start="2024-03-29T02:19:33.161197" elapsed="0.000214"/>
</kw>
<kw name="Dictionary Should Contain Key" owner="Collections">
<msg time="2024-03-29T02:19:33.161870" level="INFO">False</msg>
<arg>${json_data}</arg>
<arg>results</arg>
<doc>Fails if ``key`` is not found from ``dictionary``.</doc>
<status status="PASS" start="2024-03-29T02:19:33.161709" elapsed="0.000199"/>
</kw>
<kw name="Should Not Be Empty" owner="BuiltIn">
<msg time="2024-03-29T02:19:33.162331" level="INFO">Length is 2.</msg>
<arg>${json_data}</arg>
<doc>Verifies that the given item is not empty.</doc>
<status status="PASS" start="2024-03-29T02:19:33.162201" elapsed="0.000208"/>
</kw>
<kw name="Create List" owner="BuiltIn">
<msg time="2024-03-29T02:19:33.162884" level="INFO">${expected_keys} = ['gender', 'name', 'location', 'email', 'login']</msg>
<var>${expected_keys}</var>
<arg>gender</arg>
<arg>name</arg>
<arg>location</arg>
<arg>email</arg>
<arg>login</arg>
<doc>Returns a list containing given items.</doc>
<status status="PASS" start="2024-03-29T02:19:33.162736" elapsed="0.000173"/>
</kw>
<for flavor="IN">
<iter>
<kw name="Dictionary Should Contain Key" owner="Collections">
<msg time="2024-03-29T02:19:33.163915" level="INFO">False</msg>
<arg>${json_data['results'][0]}</arg>
<arg>${key}</arg>
<doc>Fails if ``key`` is not found from ``dictionary``.</doc>
<status status="PASS" start="2024-03-29T02:19:33.163505" elapsed="0.000451"/>
</kw>
<kw name="Log" owner="BuiltIn">
<msg time="2024-03-29T02:19:33.164634" level="INFO">{'gender': 'female', 'name': {'title': 'Ms', 'first': 'Iara', 'last': 'Fernandes'}, 'location': {'street': {'number': 9212, 'name': 'Rua Treze '}, 'city': 'Barueri', 'state': 'Piauí', 'country': 'Brazil', 'postcode': 12430, 'coordinates': {'latitude': '-78.5594', 'longitude': '46.5324'}, 'timezone': {'offset': '0:00', 'description': 'Western Europe Time, London, Lisbon, Casablanca'}}, 'email': 'iara.fernandes@example.com', 'login': {'uuid': '66d7ed1a-0e69-4b63-b966-899049d9e2e2', 'username': 'happylion659', 'password': 'hershey', 'salt': '4AMQAlCI', 'md5': 'b0cae4a66dca86a4b0706f12a2d7520f', 'sha1': '8b1ab4e2e82136171048a2bba6c2c812b14f8c64', 'sha256': '23d533658439ef9b5b77a2bfe7add174cef3e6baf6101f1d393e15d0607a2b06'}, 'dob': {'date': '1977-07-02T16:01:18.722Z', 'age': 46}, 'registered': {'date': '2002-06-21T04:47:33.186Z', 'age': 21}, 'phone': '(58) 6919-1563', 'cell': '(70) 5695-9618', 'id': {'name': 'CPF', 'value': '241.450.002-21'}, 'picture': {'large': 'https://randomuser.me/api/portraits/women/24.jpg', 'medium': 'https://randomuser.me/api/portraits/med/women/24.jpg', 'thumbnail': 'https://randomuser.me/api/portraits/thumb/women/24.jpg'}, 'nat': 'BR'}</msg>
<arg>${json_data['results'][0]}</arg>
<doc>Logs the given message with the given level.</doc>
<status status="PASS" start="2024-03-29T02:19:33.164266" elapsed="0.000429"/>
</kw>
<kw name="Log" owner="BuiltIn">
<msg time="2024-03-29T02:19:33.165132" level="INFO">gender</msg>
<arg>${key}</arg>
<doc>Logs the given message with the given level.</doc>
<status status="PASS" start="2024-03-29T02:19:33.165002" elapsed="0.000169"/>
</kw>
<var name="${key}">gender</var>
<status status="PASS" start="2024-03-29T02:19:33.163379" elapsed="0.002010"/>
</iter>
<iter>
<kw name="Dictionary Should Contain Key" owner="Collections">
<msg time="2024-03-29T02:19:33.166081" level="INFO">False</msg>
<arg>${json_data['results'][0]}</arg>
<arg>${key}</arg>
<doc>Fails if ``key`` is not found from ``dictionary``.</doc>
<status status="PASS" start="2024-03-29T02:19:33.165695" elapsed="0.000424"/>
</kw>
<kw name="Log" owner="BuiltIn">
<msg time="2024-03-29T02:19:33.166868" level="INFO">{'gender': 'female', 'name': {'title': 'Ms', 'first': 'Iara', 'last': 'Fernandes'}, 'location': {'street': {'number': 9212, 'name': 'Rua Treze '}, 'city': 'Barueri', 'state': 'Piauí', 'country': 'Brazil', 'postcode': 12430, 'coordinates': {'latitude': '-78.5594', 'longitude': '46.5324'}, 'timezone': {'offset': '0:00', 'description': 'Western Europe Time, London, Lisbon, Casablanca'}}, 'email': 'iara.fernandes@example.com', 'login': {'uuid': '66d7ed1a-0e69-4b63-b966-899049d9e2e2', 'username': 'happylion659', 'password': 'hershey', 'salt': '4AMQAlCI', 'md5': 'b0cae4a66dca86a4b0706f12a2d7520f', 'sha1': '8b1ab4e2e82136171048a2bba6c2c812b14f8c64', 'sha256': '23d533658439ef9b5b77a2bfe7add174cef3e6baf6101f1d393e15d0607a2b06'}, 'dob': {'date': '1977-07-02T16:01:18.722Z', 'age': 46}, 'registered': {'date': '2002-06-21T04:47:33.186Z', 'age': 21}, 'phone': '(58) 6919-1563', 'cell': '(70) 5695-9618', 'id': {'name': 'CPF', 'value': '241.450.002-21'}, 'picture': {'large': 'https://randomuser.me/api/portraits/women/24.jpg', 'medium': 'https://randomuser.me/api/portraits/med/women/24.jpg', 'thumbnail': 'https://randomuser.me/api/portraits/thumb/women/24.jpg'}, 'nat': 'BR'}</msg>
<arg>${json_data['results'][0]}</arg>
<doc>Logs the given message with the given level.</doc>
<status status="PASS" start="2024-03-29T02:19:33.166491" elapsed="0.000428"/>
</kw>
<kw name="Log" owner="BuiltIn">
<msg time="2024-03-29T02:19:33.167363" level="INFO">name</msg>
<arg>${key}</arg>
<doc>Logs the given message with the given level.</doc>
<status status="PASS" start="2024-03-29T02:19:33.167237" elapsed="0.000166"/>
</kw>
<var name="${key}">name</var>
<status status="PASS" start="2024-03-29T02:19:33.165579" elapsed="0.002045"/>
</iter>
<iter>
<kw name="Dictionary Should Contain Key" owner="Collections">
<msg time="2024-03-29T02:19:33.168298" level="INFO">False</msg>
<arg>${json_data['results'][0]}</arg>
<arg>${key}</arg>
<doc>Fails if ``key`` is not found from ``dictionary``.</doc>
<status status="PASS" start="2024-03-29T02:19:33.167917" elapsed="0.000420"/>
</kw>
<kw name="Log" owner="BuiltIn">
<msg time="2024-03-29T02:19:33.169022" level="INFO">{'gender': 'female', 'name': {'title': 'Ms', 'first': 'Iara', 'last': 'Fernandes'}, 'location': {'street': {'number': 9212, 'name': 'Rua Treze '}, 'city': 'Barueri', 'state': 'Piauí', 'country': 'Brazil', 'postcode': 12430, 'coordinates': {'latitude': '-78.5594', 'longitude': '46.5324'}, 'timezone': {'offset': '0:00', 'description': 'Western Europe Time, London, Lisbon, Casablanca'}}, 'email': 'iara.fernandes@example.com', 'login': {'uuid': '66d7ed1a-0e69-4b63-b966-899049d9e2e2', 'username': 'happylion659', 'password': 'hershey', 'salt': '4AMQAlCI', 'md5': 'b0cae4a66dca86a4b0706f12a2d7520f', 'sha1': '8b1ab4e2e82136171048a2bba6c2c812b14f8c64', 'sha256': '23d533658439ef9b5b77a2bfe7add174cef3e6baf6101f1d393e15d0607a2b06'}, 'dob': {'date': '1977-07-02T16:01:18.722Z', 'age': 46}, 'registered': {'date': '2002-06-21T04:47:33.186Z', 'age': 21}, 'phone': '(58) 6919-1563', 'cell': '(70) 5695-9618', 'id': {'name': 'CPF', 'value': '241.450.002-21'}, 'picture': {'large': 'https://randomuser.me/api/portraits/women/24.jpg', 'medium': 'https://randomuser.me/api/portraits/med/women/24.jpg', 'thumbnail': 'https://randomuser.me/api/portraits/thumb/women/24.jpg'}, 'nat': 'BR'}</msg>
<arg>${json_data['results'][0]}</arg>
<doc>Logs the given message with the given level.</doc>
<status status="PASS" start="2024-03-29T02:19:33.168654" elapsed="0.000424"/>
</kw>
<kw name="Log" owner="BuiltIn">
<msg time="2024-03-29T02:19:33.169508" level="INFO">location</msg>
<arg>${key}</arg>
<doc>Logs the given message with the given level.</doc>
<status status="PASS" start="2024-03-29T02:19:33.169379" elapsed="0.000167"/>
</kw>
<var name="${key}">location</var>
<status status="PASS" start="2024-03-29T02:19:33.167804" elapsed="0.001964"/>
</iter>
<iter>
<kw name="Dictionary Should Contain Key" owner="Collections">
<msg time="2024-03-29T02:19:33.170467" level="INFO">False</msg>
<arg>${json_data['results'][0]}</arg>
<arg>${key}</arg>
<doc>Fails if ``key`` is not found from ``dictionary``.</doc>
<status status="PASS" start="2024-03-29T02:19:33.170055" elapsed="0.000458"/>
</kw>
<kw name="Log" owner="BuiltIn">
<msg time="2024-03-29T02:19:33.171186" level="INFO">{'gender': 'female', 'name': {'title': 'Ms', 'first': 'Iara', 'last': 'Fernandes'}, 'location': {'street': {'number': 9212, 'name': 'Rua Treze '}, 'city': 'Barueri', 'state': 'Piauí', 'country': 'Brazil', 'postcode': 12430, 'coordinates': {'latitude': '-78.5594', 'longitude': '46.5324'}, 'timezone': {'offset': '0:00', 'description': 'Western Europe Time, London, Lisbon, Casablanca'}}, 'email': 'iara.fernandes@example.com', 'login': {'uuid': '66d7ed1a-0e69-4b63-b966-899049d9e2e2', 'username': 'happylion659', 'password': 'hershey', 'salt': '4AMQAlCI', 'md5': 'b0cae4a66dca86a4b0706f12a2d7520f', 'sha1': '8b1ab4e2e82136171048a2bba6c2c812b14f8c64', 'sha256': '23d533658439ef9b5b77a2bfe7add174cef3e6baf6101f1d393e15d0607a2b06'}, 'dob': {'date': '1977-07-02T16:01:18.722Z', 'age': 46}, 'registered': {'date': '2002-06-21T04:47:33.186Z', 'age': 21}, 'phone': '(58) 6919-1563', 'cell': '(70) 5695-9618', 'id': {'name': 'CPF', 'value': '241.450.002-21'}, 'picture': {'large': 'https://randomuser.me/api/portraits/women/24.jpg', 'medium': 'https://randomuser.me/api/portraits/med/women/24.jpg', 'thumbnail': 'https://randomuser.me/api/portraits/thumb/women/24.jpg'}, 'nat': 'BR'}</msg>
<arg>${json_data['results'][0]}</arg>
<doc>Logs the given message with the given level.</doc>
<status status="PASS" start="2024-03-29T02:19:33.170820" elapsed="0.000417"/>
</kw>
<kw name="Log" owner="BuiltIn">
<msg time="2024-03-29T02:19:33.171662" level="INFO">email</msg>
<arg>${key}</arg>
<doc>Logs the given message with the given level.</doc>
<status status="PASS" start="2024-03-29T02:19:33.171535" elapsed="0.000166"/>
</kw>
<var name="${key}">email</var>
<status status="PASS" start="2024-03-29T02:19:33.169943" elapsed="0.001977"/>
</iter>
<iter>
<kw name="Dictionary Should Contain Key" owner="Collections">
<msg time="2024-03-29T02:19:33.172584" level="INFO">False</msg>
<arg>${json_data['results'][0]}</arg>
<arg>${key}</arg>
<doc>Fails if ``key`` is not found from ``dictionary``.</doc>
<status status="PASS" start="2024-03-29T02:19:33.172209" elapsed="0.000414"/>
</kw>
<kw name="Log" owner="BuiltIn">
<msg time="2024-03-29T02:19:33.173316" level="INFO">{'gender': 'female', 'name': {'title': 'Ms', 'first': 'Iara', 'last': 'Fernandes'}, 'location': {'street': {'number': 9212, 'name': 'Rua Treze '}, 'city': 'Barueri', 'state': 'Piauí', 'country': 'Brazil', 'postcode': 12430, 'coordinates': {'latitude': '-78.5594', 'longitude': '46.5324'}, 'timezone': {'offset': '0:00', 'description': 'Western Europe Time, London, Lisbon, Casablanca'}}, 'email': 'iara.fernandes@example.com', 'login': {'uuid': '66d7ed1a-0e69-4b63-b966-899049d9e2e2', 'username': 'happylion659', 'password': 'hershey', 'salt': '4AMQAlCI', 'md5': 'b0cae4a66dca86a4b0706f12a2d7520f', 'sha1': '8b1ab4e2e82136171048a2bba6c2c812b14f8c64', 'sha256': '23d533658439ef9b5b77a2bfe7add174cef3e6baf6101f1d393e15d0607a2b06'}, 'dob': {'date': '1977-07-02T16:01:18.722Z', 'age': 46}, 'registered': {'date': '2002-06-21T04:47:33.186Z', 'age': 21}, 'phone': '(58) 6919-1563', 'cell': '(70) 5695-9618', 'id': {'name': 'CPF', 'value': '241.450.002-21'}, 'picture': {'large': 'https://randomuser.me/api/portraits/women/24.jpg', 'medium': 'https://randomuser.me/api/portraits/med/women/24.jpg', 'thumbnail': 'https://randomuser.me/api/portraits/thumb/women/24.jpg'}, 'nat': 'BR'}</msg>
<arg>${json_data['results'][0]}</arg>
<doc>Logs the given message with the given level.</doc>
<status status="PASS" start="2024-03-29T02:19:33.172918" elapsed="0.000448"/>
</kw>
<kw name="Log" owner="BuiltIn">
<msg time="2024-03-29T02:19:33.173790" level="INFO">login</msg>
<arg>${key}</arg>
<doc>Logs the given message with the given level.</doc>
<status status="PASS" start="2024-03-29T02:19:33.173665" elapsed="0.000313"/>
</kw>
<var name="${key}">login</var>
<status status="PASS" start="2024-03-29T02:19:33.172094" elapsed="0.002120"/>
</iter>
<var>${key}</var>
<value>@{expected_keys}</value>
<status status="PASS" start="2024-03-29T02:19:33.163182" elapsed="0.011157"/>
</for>
<kw name="Create List" owner="BuiltIn">
<msg time="2024-03-29T02:19:33.174726" level="INFO">${expected_keysTwo} = ['username', 'password']</msg>
<var>${expected_keysTwo}</var>
<arg>username</arg>
<arg>password</arg>
<doc>Returns a list containing given items.</doc>
<status status="PASS" start="2024-03-29T02:19:33.174583" elapsed="0.000167"/>
</kw>
<for flavor="IN">
<iter>
<kw name="Dictionary Should Contain Key" owner="Collections">
<msg time="2024-03-29T02:19:33.175639" level="INFO">False</msg>
<arg>${json_data['results'][0]['login']}</arg>
<arg>${keyTwo}</arg>
<doc>Fails if ``key`` is not found from ``dictionary``.</doc>
<status status="PASS" start="2024-03-29T02:19:33.175261" elapsed="0.000416"/>
</kw>
<kw name="Dictionary Should Contain Key" owner="Collections">
<msg time="2024-03-29T02:19:33.176350" level="INFO">False</msg>
<arg>${json_data['results'][0]['login']}</arg>
<arg>${keyTwo}</arg>
<doc>Fails if ``key`` is not found from ``dictionary``.</doc>
<status status="PASS" start="2024-03-29T02:19:33.175974" elapsed="0.000414"/>
</kw>
<kw name="Log" owner="BuiltIn">
<msg time="2024-03-29T02:19:33.176810" level="INFO">username</msg>
<arg>${keyTwo}</arg>
<doc>Logs the given message with the given level.</doc>
<status status="PASS" start="2024-03-29T02:19:33.176682" elapsed="0.000165"/>
</kw>
<var name="${keyTwo}">username</var>
<status status="PASS" start="2024-03-29T02:19:33.175149" elapsed="0.001912"/>
</iter>
<iter>
<kw name="Dictionary Should Contain Key" owner="Collections">
<msg time="2024-03-29T02:19:33.177726" level="INFO">False</msg>
<arg>${json_data['results'][0]['login']}</arg>
<arg>${keyTwo}</arg>
<doc>Fails if ``key`` is not found from ``dictionary``.</doc>
<status status="PASS" start="2024-03-29T02:19:33.177344" elapsed="0.000420"/>
</kw>
<kw name="Dictionary Should Contain Key" owner="Collections">
<msg time="2024-03-29T02:19:33.178452" level="INFO">False</msg>
<arg>${json_data['results'][0]['login']}</arg>
<arg>${keyTwo}</arg>
<doc>Fails if ``key`` is not found from ``dictionary``.</doc>
<status status="PASS" start="2024-03-29T02:19:33.178053" elapsed="0.000446"/>
</kw>
<kw name="Log" owner="BuiltIn">
<msg time="2024-03-29T02:19:33.178917" level="INFO">password</msg>
<arg>${keyTwo}</arg>
<doc>Logs the given message with the given level.</doc>
<status status="PASS" start="2024-03-29T02:19:33.178792" elapsed="0.000163"/>
</kw>
<var name="${keyTwo}">password</var>
<status status="PASS" start="2024-03-29T02:19:33.177237" elapsed="0.001936"/>
</iter>
<var>${keyTwo}</var>
<value>@{expected_keysTwo}</value>
<status status="PASS" start="2024-03-29T02:19:33.174994" elapsed="0.004302"/>
</for>
<status status="PASS" start="2024-03-29T02:19:33.055535" elapsed="0.123904"/>
</kw>
<doc>Testa a estrutura da resposta da API.</doc>
<tag>testeEstruturaResposta</tag>
<status status="PASS" start="2024-03-29T02:19:33.054863" elapsed="0.124745"/>
</test>
<test id="s1-s1-t4" name="Validar tipos de dados" line="28">
<kw name="Teste de Tipos de Dados" owner="random-user-service">
<kw name="GET On Session" owner="RequestsLibrary">
<msg time="2024-03-29T02:19:33.238829" level="INFO">GET Request : url=https://randomuser.me/api 
 path_url=/api 
 headers={'User-Agent': 'python-requests/2.31.0', 'Accept-Encoding': 'gzip, deflate', 'Accept': '*/*', 'Connection': 'keep-alive'} 
 body=None 
 </msg>
<msg time="2024-03-29T02:19:33.238937" level="INFO">GET Response : url=https://randomuser.me/api 
 status=200, reason=OK 
 headers={'Date': 'Fri, 29 Mar 2024 02:19:33 GMT', 'Content-Type': 'application/json; charset=utf-8', 'Transfer-Encoding': 'chunked', 'Connection': 'keep-alive', 'X-Powered-By': 'Express', 'Access-Control-Allow-Origin': '*', 'Cache-Control': 'no-cache', 'ETag': 'W/"498-HJo2kdgyzwLxx8vCI+4/pLIhIas"', 'Vary': 'Accept-Encoding', 'Content-Encoding': 'gzip', 'CF-Cache-Status': 'DYNAMIC', 'Report-To': '{"endpoints":[{"url":"https:\\/\\/a.nel.cloudflare.com\\/report\\/v4?s=Vzq6AM7v0vCssPUpKQ5p5Pv3jjWCDoMyWpEYkPKqG8QHBHWC9%2FlIP5pAu4Y2PeuQVC5EBWdsT%2FhEAdDxz4aDuSyVs3jW7WG35w%2FACU4fesomSoxKvYI48eL259CmfCym"}],"group":"cf-nel","max_age":604800}', 'NEL': '{"success_fraction":0,"report_to":"cf-nel","max_age":604800}', 'Server': 'cloudflare', 'CF-RAY': '86bc602c6df50a99-IAD', 'alt-svc': 'h3=":443"; ma=86400'} 
 body={"results":[{"gender":"female","name":{"title":"Miss","first":"Alix","last":"Bertrand"},"location":{"street":{"number":2619,"name":"Rue Baraban"},"city":"Aix-En-Provence","state":"Mayotte","country":"France","postcode":54980,"coordinates":{"latitude":"-15.4666","longitude":"21.2501"},"timezone":{"offset":"-8:00","description":"Pacific Time (US &amp; Canada)"}},"email":"alix.bertrand@example.com","login":{"uuid":"0022460a-7e73-48a5-b370-58396fa722b4","username":"angrygoose596","password":"jazz","salt":"6CnFOvRp","md5":"57eb999f4dc33b65c3fc6b703938cf29","sha1":"6f0925ac781d74f888b16704a4569289bfea9c44","sha256":"067b9747bbd6871996c6a367a35fa5c8ef93b8cf2e0415d4da698223f1082c0d"},"dob":{"date":"1958-08-29T11:30:32.657Z","age":65},"registered":{"date":"2014-08-26T14:19:51.148Z","age":9},"phone":"05-64-11-72-99","cell":"06-88-00-62-91","id":{"name":"INSEE","value":"2580788131019 60"},"picture":{"large":"https://randomuser.me/api/portraits/women/41.jpg","medium":"https://randomuser.me/api/portraits/med/women/41.jpg","thumbnail":"https://randomuser.me/api/portraits/thumb/women/41.jpg"},"nat":"FR"}],"info":{"seed":"e8e9525bad6eef19","results":1,"page":1,"version":"1.4"}} 
 </msg>
<msg time="2024-03-29T02:19:33.239019" level="INFO">/opt/hostedtoolcache/Python/3.12.2/x64/lib/python3.12/site-packages/urllib3/connectionpool.py:1103: InsecureRequestWarning: Unverified HTTPS request is being made to host 'randomuser.me'. Adding certificate verification is strongly advised. See: https://urllib3.readthedocs.io/en/latest/advanced-usage.html#tls-warnings
  warnings.warn(</msg>
<msg time="2024-03-29T02:19:33.239162" level="INFO">${response} = &lt;Response [200]&gt;</msg>
<var>${response}</var>
<arg>consultarAPI</arg>
<arg>/api</arg>
<doc>Sends a GET request on a previously created HTTP Session.</doc>
<status status="PASS" start="2024-03-29T02:19:33.182245" elapsed="0.056967"/>
</kw>
<kw name="Set Variable" owner="BuiltIn">
<msg time="2024-03-29T02:19:33.240262" level="INFO">${json_data} = {'results': [{'gender': 'female', 'name': {'title': 'Miss', 'first': 'Alix', 'last': 'Bertrand'}, 'location': {'street': {'number': 2619, 'name': 'Rue Baraban'}, 'city': 'Aix-En-Provence', 'state': 'M...</msg>
<var>${json_data}</var>
<arg>${response.json()}</arg>
<doc>Returns the given values which can then be assigned to a variables.</doc>
<status status="PASS" start="2024-03-29T02:19:33.239739" elapsed="0.000552"/>
</kw>
<kw name="Log" owner="BuiltIn">
<msg time="2024-03-29T02:19:33.240815" level="INFO">{'results': [{'gender': 'female', 'name': {'title': 'Miss', 'first': 'Alix', 'last': 'Bertrand'}, 'location': {'street': {'number': 2619, 'name': 'Rue Baraban'}, 'city': 'Aix-En-Provence', 'state': 'Mayotte', 'country': 'France', 'postcode': 54980, 'coordinates': {'latitude': '-15.4666', 'longitude': '21.2501'}, 'timezone': {'offset': '-8:00', 'description': 'Pacific Time (US &amp; Canada)'}}, 'email': 'alix.bertrand@example.com', 'login': {'uuid': '0022460a-7e73-48a5-b370-58396fa722b4', 'username': 'angrygoose596', 'password': 'jazz', 'salt': '6CnFOvRp', 'md5': '57eb999f4dc33b65c3fc6b703938cf29', 'sha1': '6f0925ac781d74f888b16704a4569289bfea9c44', 'sha256': '067b9747bbd6871996c6a367a35fa5c8ef93b8cf2e0415d4da698223f1082c0d'}, 'dob': {'date': '1958-08-29T11:30:32.657Z', 'age': 65}, 'registered': {'date': '2014-08-26T14:19:51.148Z', 'age': 9}, 'phone': '05-64-11-72-99', 'cell': '06-88-00-62-91', 'id': {'name': 'INSEE', 'value': '2580788131019 60'}, 'picture': {'large': 'https://randomuser.me/api/portraits/women/41.jpg', 'medium': 'https://randomuser.me/api/portraits/med/women/41.jpg', 'thumbnail': 'https://randomuser.me/api/portraits/thumb/women/41.jpg'}, 'nat': 'FR'}], 'info': {'seed': 'e8e9525bad6eef19', 'results': 1, 'page': 1, 'version': '1.4'}}</msg>
<arg>${json_data}</arg>
<doc>Logs the given message with the given level.</doc>
<status status="PASS" start="2024-03-29T02:19:33.240643" elapsed="0.000262"/>
</kw>
<kw name="Should Be String" owner="String">
<arg>${json_data['results'][0]['gender']}</arg>
<doc>Fails if the given ``item`` is not a string.</doc>
<status status="PASS" start="2024-03-29T02:19:33.241228" elapsed="0.000377"/>
</kw>
<kw name="Should Match Regexp" owner="BuiltIn">
<arg>${json_data['results'][0]['email']}</arg>
<arg>^[a-zA-Z0-9._%+-]+@[a-zA-Z0-9.-]+\.[a-zA-Z]{2,}$</arg>
<doc>Fails if ``string`` does not match ``pattern`` as a regular expression.</doc>
<status status="PASS" start="2024-03-29T02:19:33.241806" elapsed="0.000531"/>
</kw>
<kw name="Should Match Regexp" owner="BuiltIn">
<arg>${json_data['results'][0]['dob']['date']}</arg>
<arg>\\d{4}-\\d{2}-\\d{2}T\\d{2}:\\d{2}:\\d{2}\\.\\d{3}Z</arg>
<doc>Fails if ``string`` does not match ``pattern`` as a regular expression.</doc>
<status status="PASS" start="2024-03-29T02:19:33.242581" elapsed="0.000499"/>
</kw>
<kw name="Should Match Regexp" owner="BuiltIn">
<arg>${json_data['results'][0]['registered']['date']}</arg>
<arg>\\d{4}-\\d{2}-\\d{2}T\\d{2}:\\d{2}:\\d{2}\\.\\d{3}Z</arg>
<doc>Fails if ``string`` does not match ``pattern`` as a regular expression.</doc>
<status status="PASS" start="2024-03-29T02:19:33.243289" elapsed="0.000379"/>
</kw>
<kw name="Should Match Regexp" owner="BuiltIn">
<arg>${json_data['results'][0]['picture']['large']}</arg>
<arg>^https?://.*\.(?:png|jpe?g|gif|bmp)$</arg>
<doc>Fails if ``string`` does not match ``pattern`` as a regular expression.</doc>
<status status="PASS" start="2024-03-29T02:19:33.243861" elapsed="0.000467"/>
</kw>
<kw name="Should Match Regexp" owner="BuiltIn">
<arg>${json_data['results'][0]['picture']['medium']}</arg>
<arg>^https?://.*\.(?:png|jpe?g|gif|bmp)$</arg>
<doc>Fails if ``string`` does not match ``pattern`` as a regular expression.</doc>
<status status="PASS" start="2024-03-29T02:19:33.244522" elapsed="0.000361"/>
</kw>
<kw name="Should Match Regexp" owner="BuiltIn">
<arg>${json_data['results'][0]['picture']['thumbnail']}</arg>
<arg>^https?://.*\.(?:png|jpe?g|gif|bmp)$</arg>
<doc>Fails if ``string`` does not match ``pattern`` as a regular expression.</doc>
<status status="PASS" start="2024-03-29T02:19:33.245073" elapsed="0.000363"/>
</kw>
<kw name="Log" owner="BuiltIn">
<msg time="2024-03-29T02:19:33.245953" level="INFO">{'large': 'https://randomuser.me/api/portraits/women/41.jpg', 'medium': 'https://randomuser.me/api/portraits/med/women/41.jpg', 'thumbnail': 'https://randomuser.me/api/portraits/thumb/women/41.jpg'}</msg>
<arg>${json_data['results'][0]['picture']}</arg>
<doc>Logs the given message with the given level.</doc>
<status status="PASS" start="2024-03-29T02:19:33.245628" elapsed="0.000372"/>
</kw>
<status status="PASS" start="2024-03-29T02:19:33.182000" elapsed="0.064273"/>
</kw>
<kw name="Teste de Tipos de Dados - Postcode" owner="random-user-service">
<kw name="GET On Session" owner="RequestsLibrary">
<msg time="2024-03-29T02:19:33.339624" level="INFO">GET Request : url=https://randomuser.me/api 
 path_url=/api 
 headers={'User-Agent': 'python-requests/2.31.0', 'Accept-Encoding': 'gzip, deflate', 'Accept': '*/*', 'Connection': 'keep-alive'} 
 body=None 
 </msg>
<msg time="2024-03-29T02:19:33.339722" level="INFO">GET Response : url=https://randomuser.me/api 
 status=200, reason=OK 
 headers={'Date': 'Fri, 29 Mar 2024 02:19:33 GMT', 'Content-Type': 'application/json; charset=utf-8', 'Transfer-Encoding': 'chunked', 'Connection': 'keep-alive', 'X-Powered-By': 'Express', 'Access-Control-Allow-Origin': '*', 'Cache-Control': 'no-cache', 'ETag': 'W/"4a0-whnWtXUsjkS4LV7kKZzr+D5gUm8"', 'Vary': 'Accept-Encoding', 'Content-Encoding': 'gzip', 'CF-Cache-Status': 'DYNAMIC', 'Report-To': '{"endpoints":[{"url":"https:\\/\\/a.nel.cloudflare.com\\/report\\/v4?s=tDiiGUpOXeOdZTfOkvFJVWUaigZ7NcB5iiZejnI3%2BlNGGK1QWffvtnTVkRZlPjpx1HyQTyPcHsUzM%2FngPiOfj17%2FVTd%2FuC9uV00CTWHw4lf47F%2FD7niaiLBHdE%2B9d75O"}],"group":"cf-nel","max_age":604800}', 'NEL': '{"success_fraction":0,"report_to":"cf-nel","max_age":604800}', 'Server': 'cloudflare', 'CF-RAY': '86bc602cde9b0a99-IAD', 'alt-svc': 'h3=":443"; ma=86400'} 
 body={"results":[{"gender":"male","name":{"title":"Monsieur","first":"Jan","last":"Morel"},"location":{"street":{"number":2536,"name":"Place de L'Église"},"city":"Cornol","state":"Basel-Landschaft","country":"Switzerland","postcode":8300,"coordinates":{"latitude":"-60.3276","longitude":"-35.8675"},"timezone":{"offset":"+3:00","description":"Baghdad, Riyadh, Moscow, St. Petersburg"}},"email":"jan.morel@example.com","login":{"uuid":"7b843311-9869-4cf3-ba16-51a1c8128e1e","username":"biggorilla389","password":"parker","salt":"JGyKV9o0","md5":"3311abded19c7951ee20451a382dbcdc","sha1":"24862ff4f3903ea676c00ef83fa24c3fce4808b2","sha256":"014585d279e7b08a7cee8a0703c1a42664de19e437406791b70d28ce7a6eb699"},"dob":{"date":"1948-08-09T19:34:21.873Z","age":75},"registered":{"date":"2015-08-11T07:26:20.330Z","age":8},"phone":"077 015 80 96","cell":"076 082 85 24","id":{"name":"AVS","value":"756.7703.9065.07"},"picture":{"large":"https://randomuser.me/api/portraits/men/7.jpg","medium":"https://randomuser.me/api/portraits/med/men/7.jpg","thumbnail":"https://randomuser.me/api/portraits/thumb/men/7.jpg"},"nat":"CH"}],"info":{"seed":"5513b3e752881c6d","results":1,"page":1,"version":"1.4"}} 
 </msg>
<msg time="2024-03-29T02:19:33.339819" level="INFO">/opt/hostedtoolcache/Python/3.12.2/x64/lib/python3.12/site-packages/urllib3/connectionpool.py:1103: InsecureRequestWarning: Unverified HTTPS request is being made to host 'randomuser.me'. Adding certificate verification is strongly advised. See: https://urllib3.readthedocs.io/en/latest/advanced-usage.html#tls-warnings
  warnings.warn(</msg>
<msg time="2024-03-29T02:19:33.339972" level="INFO">${response} = &lt;Response [200]&gt;</msg>
<var>${response}</var>
<arg>consultarAPI</arg>
<arg>/api</arg>
<doc>Sends a GET request on a previously created HTTP Session.</doc>
<status status="PASS" start="2024-03-29T02:19:33.246963" elapsed="0.093059"/>
</kw>
<kw name="Set Variable" owner="BuiltIn">
<msg time="2024-03-29T02:19:33.341013" level="INFO">${json_data} = {'results': [{'gender': 'male', 'name': {'title': 'Monsieur', 'first': 'Jan', 'last': 'Morel'}, 'location': {'street': {'number': 2536, 'name': "Place de L'Église"}, 'city': 'Cornol', 'state': 'Basel-...</msg>
<var>${json_data}</var>
<arg>${response.json()}</arg>
<doc>Returns the given values which can then be assigned to a variables.</doc>
<status status="PASS" start="2024-03-29T02:19:33.340521" elapsed="0.000521"/>
</kw>
<kw name="Log" owner="BuiltIn">
<msg time="2024-03-29T02:19:33.341535" level="INFO">{'results': [{'gender': 'male', 'name': {'title': 'Monsieur', 'first': 'Jan', 'last': 'Morel'}, 'location': {'street': {'number': 2536, 'name': "Place de L'Église"}, 'city': 'Cornol', 'state': 'Basel-Landschaft', 'country': 'Switzerland', 'postcode': 8300, 'coordinates': {'latitude': '-60.3276', 'longitude': '-35.8675'}, 'timezone': {'offset': '+3:00', 'description': 'Baghdad, Riyadh, Moscow, St. Petersburg'}}, 'email': 'jan.morel@example.com', 'login': {'uuid': '7b843311-9869-4cf3-ba16-51a1c8128e1e', 'username': 'biggorilla389', 'password': 'parker', 'salt': 'JGyKV9o0', 'md5': '3311abded19c7951ee20451a382dbcdc', 'sha1': '24862ff4f3903ea676c00ef83fa24c3fce4808b2', 'sha256': '014585d279e7b08a7cee8a0703c1a42664de19e437406791b70d28ce7a6eb699'}, 'dob': {'date': '1948-08-09T19:34:21.873Z', 'age': 75}, 'registered': {'date': '2015-08-11T07:26:20.330Z', 'age': 8}, 'phone': '077 015 80 96', 'cell': '076 082 85 24', 'id': {'name': 'AVS', 'value': '756.7703.9065.07'}, 'picture': {'large': 'https://randomuser.me/api/portraits/men/7.jpg', 'medium': 'https://randomuser.me/api/portraits/med/men/7.jpg', 'thumbnail': 'https://randomuser.me/api/portraits/thumb/men/7.jpg'}, 'nat': 'CH'}], 'info': {'seed': '5513b3e752881c6d', 'results': 1, 'page': 1, 'version': '1.4'}}</msg>
<arg>${json_data}</arg>
<doc>Logs the given message with the given level.</doc>
<status status="PASS" start="2024-03-29T02:19:33.341373" elapsed="0.000247"/>
</kw>
<kw name="Should Be Equal As Numbers" owner="BuiltIn">
<arg>${json_data['results'][0]['location']['postcode']}</arg>
<arg>${json_data['results'][0]['location']['postcode']}</arg>
<doc>Fails if objects are unequal after converting them to real numbers.</doc>
<status status="PASS" start="2024-03-29T02:19:33.341936" elapsed="0.000691"/>
</kw>
<kw name="Log" owner="BuiltIn">
<msg time="2024-03-29T02:19:33.343163" level="INFO">8300</msg>
<arg>${json_data['results'][0]['location']['postcode']}</arg>
<doc>Logs the given message with the given level.</doc>
<status status="PASS" start="2024-03-29T02:19:33.342826" elapsed="0.000378"/>
</kw>
<status status="PASS" start="2024-03-29T02:19:33.246561" elapsed="0.096906"/>
</kw>
<doc>Testa se os tipos de dados na resposta da API estão corretos.</doc>
<tag>testeTiposDados</tag>
<status status="PASS" start="2024-03-29T02:19:33.181393" elapsed="0.162247"/>
</test>
<test id="s1-s1-t5" name="Validar conteudo" line="35">
<kw name="Teste de Tipos de Conteudo" owner="random-user-service">
<kw name="GET On Session" owner="RequestsLibrary">
<msg time="2024-03-29T02:19:33.443332" level="INFO">GET Request : url=https://randomuser.me/api 
 path_url=/api 
 headers={'User-Agent': 'python-requests/2.31.0', 'Accept-Encoding': 'gzip, deflate', 'Accept': '*/*', 'Connection': 'keep-alive'} 
 body=None 
 </msg>
<msg time="2024-03-29T02:19:33.443420" level="INFO">GET Response : url=https://randomuser.me/api 
 status=200, reason=OK 
 headers={'Date': 'Fri, 29 Mar 2024 02:19:33 GMT', 'Content-Type': 'application/json; charset=utf-8', 'Transfer-Encoding': 'chunked', 'Connection': 'keep-alive', 'X-Powered-By': 'Express', 'Access-Control-Allow-Origin': '*', 'Cache-Control': 'no-cache', 'ETag': 'W/"4ba-dIq//Me+u4g0lcI9Epb2Hy7eywE"', 'Vary': 'Accept-Encoding', 'Content-Encoding': 'gzip', 'CF-Cache-Status': 'DYNAMIC', 'Report-To': '{"endpoints":[{"url":"https:\\/\\/a.nel.cloudflare.com\\/report\\/v4?s=wVaY0Qly6iyQf%2F6PRrqgazMr2xf%2BEvKjUtsjPJzVgi1i%2BXfqcWbsFfGiaXUTJA9kEbZkzz2uv%2F6jeEWVzyJDc2Lde02fl3q7XDpB0hosAzLdiKqax4GFcJpGDS6dQ4GO"}],"group":"cf-nel","max_age":604800}', 'NEL': '{"success_fraction":0,"report_to":"cf-nel","max_age":604800}', 'Server': 'cloudflare', 'CF-RAY': '86bc602d7f8f0a99-IAD', 'alt-svc': 'h3=":443"; ma=86400'} 
 body={"results":[{"gender":"female","name":{"title":"Ms","first":"هلیا","last":"کریمی"},"location":{"street":{"number":2936,"name":"شهید کبیری طامه"},"city":"نیشابور","state":"کهگیلویه و بویراحمد","country":"Iran","postcode":64704,"coordinates":{"latitude":"20.6589","longitude":"110.7336"},"timezone":{"offset":"+10:00","description":"Eastern Australia, Guam, Vladivostok"}},"email":"hly.khrymy@example.com","login":{"uuid":"cdcf48ce-9645-45ef-a4f6-c28b3c88f80c","username":"happysnake255","password":"vides","salt":"xqww48Os","md5":"b6354df891e175d3b8802c6bf91e1f4c","sha1":"e8d2bf6af521ac10bb897b79794a065ed83842eb","sha256":"6eca694a3bb6a177b3b75f4dbc038ca6c2e11f0cd75e77c7dc49212cc28c6430"},"dob":{"date":"1976-01-29T19:45:32.309Z","age":48},"registered":{"date":"2016-07-04T10:25:43.170Z","age":7},"phone":"075-59507959","cell":"0922-912-2462","id":{"name":"","value":null},"picture":{"large":"https://randomuser.me/api/portraits/women/18.jpg","medium":"https://randomuser.me/api/portraits/med/women/18.jpg","thumbnail":"https://randomuser.me/api/portraits/thumb/women/18.jpg"},"nat":"IR"}],"info":{"seed":"8fec3cb4c5f12deb","results":1,"page":1,"version":"1.4"}} 
 </msg>
<msg time="2024-03-29T02:19:33.443484" level="INFO">/opt/hostedtoolcache/Python/3.12.2/x64/lib/python3.12/site-packages/urllib3/connectionpool.py:1103: InsecureRequestWarning: Unverified HTTPS request is being made to host 'randomuser.me'. Adding certificate verification is strongly advised. See: https://urllib3.readthedocs.io/en/latest/advanced-usage.html#tls-warnings
  warnings.warn(</msg>
<msg time="2024-03-29T02:19:33.443603" level="INFO">${response} = &lt;Response [200]&gt;</msg>
<var>${response}</var>
<arg>consultarAPI</arg>
<arg>/api</arg>
<doc>Sends a GET request on a previously created HTTP Session.</doc>
<status status="PASS" start="2024-03-29T02:19:33.346210" elapsed="0.097434"/>
</kw>
<kw name="Set Variable" owner="BuiltIn">
<msg time="2024-03-29T02:19:33.444531" level="INFO">${json_data} = {'results': [{'gender': 'female', 'name': {'title': 'Ms', 'first': 'هلیا', 'last': 'کریمی'}, 'location': {'street': {'number': 2936, 'name': 'شهید کبیری طامه'}, 'city': 'نیشابور', 'state': 'کهگیلویه و...</msg>
<var>${json_data}</var>
<arg>${response.json()}</arg>
<doc>Returns the given values which can then be assigned to a variables.</doc>
<status status="PASS" start="2024-03-29T02:19:33.444051" elapsed="0.000510"/>
</kw>
<kw name="Set Variable" owner="BuiltIn">
<msg time="2024-03-29T02:19:33.445251" level="INFO">${name_title} = Ms</msg>
<var>${name_title}</var>
<arg>${json_data["results"][0]["name"]["title"]}</arg>
<doc>Returns the given values which can then be assigned to a variables.</doc>
<status status="PASS" start="2024-03-29T02:19:33.444869" elapsed="0.000407"/>
</kw>
<kw name="Create List" owner="BuiltIn">
<msg time="2024-03-29T02:19:33.445729" level="INFO">${allowed_titles} = ['Mr', 'Ms', 'Miss', 'Mrs', 'Madame', 'Monsieur']</msg>
<var>${allowed_titles}</var>
<arg>Mr</arg>
<arg>Ms</arg>
<arg>Miss</arg>
<arg>Mrs</arg>
<arg>Madame</arg>
<arg>Monsieur</arg>
<doc>Returns a list containing given items.</doc>
<status status="PASS" start="2024-03-29T02:19:33.445579" elapsed="0.000174"/>
</kw>
<kw name="List Should Contain Value" owner="Collections">
<msg time="2024-03-29T02:19:33.446229" level="INFO">False</msg>
<arg>${allowed_titles}</arg>
<arg>${name_title}</arg>
<doc>Fails if the ``value`` is not found from ``list``.</doc>
<status status="PASS" start="2024-03-29T02:19:33.446055" elapsed="0.000210"/>
</kw>
<kw name="Set Variable" owner="BuiltIn">
<msg time="2024-03-29T02:19:33.446978" level="INFO">${name_country} = IR</msg>
<var>${name_country}</var>
<arg>${json_data["results"][0]["nat"]}</arg>
<doc>Returns the given values which can then be assigned to a variables.</doc>
<status status="PASS" start="2024-03-29T02:19:33.446609" elapsed="0.000393"/>
</kw>
<kw name="Create List" owner="BuiltIn">
<msg time="2024-03-29T02:19:33.447899" level="INFO">${list_country} = ['AD', 'AE', 'AF', 'AG', 'AI', 'AL', 'AM', 'AO', 'AQ', 'AR', 'AS', 'AT', 'AU', 'AW', 'AX', 'AZ', 'BA', 'BB', 'BD', 'BE', 'BF', 'BG', 'BH', 'BI', 'BJ', 'BL', 'BM', 'BN', 'BO', 'BQ', 'BR', 'BS', 'BT', '...</msg>
<var>${list_country}</var>
<arg>AD</arg>
<arg>AE</arg>
<arg>AF</arg>
<arg>AG</arg>
<arg>AI</arg>
<arg>AL</arg>
<arg>AM</arg>
<arg>AO</arg>
<arg>AQ</arg>
<arg>AR</arg>
<arg>AS</arg>
<arg>AT</arg>
<arg>AU</arg>
<arg>AW</arg>
<arg>AX</arg>
<arg>AZ</arg>
<arg>BA</arg>
<arg>BB</arg>
<arg>BD</arg>
<arg>BE</arg>
<arg>BF</arg>
<arg>BG</arg>
<arg>BH</arg>
<arg>BI</arg>
<arg>BJ</arg>
<arg>BL</arg>
<arg>BM</arg>
<arg>BN</arg>
<arg>BO</arg>
<arg>BQ</arg>
<arg>BR</arg>
<arg>BS</arg>
<arg>BT</arg>
<arg>BV</arg>
<arg>BW</arg>
<arg>BY</arg>
<arg>BZ</arg>
<arg>CA</arg>
<arg>CC</arg>
<arg>CD</arg>
<arg>CF</arg>
<arg>CG</arg>
<arg>CH</arg>
<arg>CI</arg>
<arg>CK</arg>
<arg>CL</arg>
<arg>CM</arg>
<arg>CN</arg>
<arg>CO</arg>
<arg>CR</arg>
<arg>CU</arg>
<arg>CV</arg>
<arg>CW</arg>
<arg>CX</arg>
<arg>CY</arg>
<arg>CZ</arg>
<arg>DE</arg>
<arg>DJ</arg>
<arg>DK</arg>
<arg>DM</arg>
<arg>DO</arg>
<arg>DZ</arg>
<arg>EC</arg>
<arg>EE</arg>
<arg>EG</arg>
<arg>EH</arg>
<arg>ER</arg>
<arg>ES</arg>
<arg>ET</arg>
<arg>FI</arg>
<arg>FJ</arg>
<arg>FK</arg>
<arg>FM</arg>
<arg>FO</arg>
<arg>FR</arg>
<arg>GA</arg>
<arg>GB</arg>
<arg>GD</arg>
<arg>GE</arg>
<arg>GF</arg>
<arg>GG</arg>
<arg>GH</arg>
<arg>GI</arg>
<arg>GL</arg>
<arg>GM</arg>
<arg>GN</arg>
<arg>GP</arg>
<arg>GQ</arg>
<arg>GR</arg>
<arg>GS</arg>
<arg>GT</arg>
<arg>GU</arg>
<arg>GW</arg>
<arg>GY</arg>
<arg>HK</arg>
<arg>HM</arg>
<arg>HN</arg>
<arg>HR</arg>
<arg>HT</arg>
<arg>HU</arg>
<arg>ID</arg>
<arg>IE</arg>
<arg>IL</arg>
<arg>IM</arg>
<arg>IN</arg>
<arg>IO</arg>
<arg>IQ</arg>
<arg>IR</arg>
<arg>IS</arg>
<arg>IT</arg>
<arg>JE</arg>
<arg>JM</arg>
<arg>JO</arg>
<arg>JP</arg>
<arg>KE</arg>
<arg>KG</arg>
<arg>KH</arg>
<arg>KI</arg>
<arg>KM</arg>
<arg>KN</arg>
<arg>KP</arg>
<arg>KR</arg>
<arg>KW</arg>
<arg>KY</arg>
<arg>KZ</arg>
<arg>LA</arg>
<arg>LB</arg>
<arg>LC</arg>
<arg>LI</arg>
<arg>LK</arg>
<arg>LR</arg>
<arg>LS</arg>
<arg>LT</arg>
<arg>LU</arg>
<arg>LV</arg>
<arg>LY</arg>
<arg>MA</arg>
<arg>MC</arg>
<arg>MD</arg>
<arg>ME</arg>
<arg>MF</arg>
<arg>MG</arg>
<arg>MH</arg>
<arg>MK</arg>
<arg>ML</arg>
<arg>MM</arg>
<arg>MN</arg>
<arg>MO</arg>
<arg>MP</arg>
<arg>MQ</arg>
<arg>MR</arg>
<arg>MS</arg>
<arg>MT</arg>
<arg>MU</arg>
<arg>MV</arg>
<arg>MW</arg>
<arg>MX</arg>
<arg>MY</arg>
<arg>MZ</arg>
<arg>NA</arg>
<arg>NC</arg>
<arg>NE</arg>
<arg>NF</arg>
<arg>NG</arg>
<arg>NI</arg>
<arg>NL</arg>
<arg>NO</arg>
<arg>NP</arg>
<arg>NR</arg>
<arg>NU</arg>
<arg>NZ</arg>
<arg>OM</arg>
<arg>PA</arg>
<arg>PE</arg>
<arg>PF</arg>
<arg>PG</arg>
<arg>PH</arg>
<arg>PK</arg>
<arg>PL</arg>
<arg>PM</arg>
<arg>PN</arg>
<arg>PR</arg>
<arg>PS</arg>
<arg>PT</arg>
<arg>PW</arg>
<arg>PY</arg>
<arg>QA</arg>
<arg>RE</arg>
<arg>RO</arg>
<arg>RS</arg>
<arg>RU</arg>
<arg>RW</arg>
<arg>SA</arg>
<arg>SB</arg>
<arg>SC</arg>
<arg>SD</arg>
<arg>SE</arg>
<arg>SG</arg>
<arg>SH</arg>
<arg>SI</arg>
<arg>SJ</arg>
<arg>SK</arg>
<arg>SL</arg>
<arg>SM</arg>
<arg>SN</arg>
<arg>SO</arg>
<arg>SR</arg>
<arg>SS</arg>
<arg>ST</arg>
<arg>SV</arg>
<arg>SX</arg>
<arg>SY</arg>
<arg>SZ</arg>
<arg>TC</arg>
<arg>TD</arg>
<arg>TF</arg>
<arg>TG</arg>
<arg>TH</arg>
<arg>TJ</arg>
<arg>TK</arg>
<arg>TL</arg>
<arg>TM</arg>
<arg>TN</arg>
<arg>TO</arg>
<arg>TR</arg>
<arg>TT</arg>
<arg>TV</arg>
<arg>TW</arg>
<arg>TZ</arg>
<arg>UA</arg>
<arg>UG</arg>
<arg>UM</arg>
<arg>US</arg>
<arg>UY</arg>
<arg>UZ</arg>
<arg>VA</arg>
<arg>VC</arg>
<arg>VE</arg>
<arg>VG</arg>
<arg>VI</arg>
<arg>VN</arg>
<arg>VU</arg>
<arg>WF</arg>
<arg>WS</arg>
<arg>XK</arg>
<arg>YE</arg>
<arg>YT</arg>
<arg>ZA</arg>
<arg>ZM</arg>
<arg>ZW</arg>
<doc>Returns a list containing given items.</doc>
<status status="PASS" start="2024-03-29T02:19:33.447303" elapsed="0.000622"/>
</kw>
<kw name="List Should Contain Value" owner="Collections">
<msg time="2024-03-29T02:19:33.449023" level="INFO">False</msg>
<arg>${list_country}</arg>
<arg>${name_country}</arg>
<doc>Fails if the ``value`` is not found from ``list``.</doc>
<status status="PASS" start="2024-03-29T02:19:33.448822" elapsed="0.000238"/>
</kw>
<kw name="Run Keyword If" owner="BuiltIn">
<kw name="Should Be True" owner="BuiltIn">
<arg>${True}</arg>
<doc>Fails if the given condition is not true.</doc>
<status status="PASS" start="2024-03-29T02:19:33.450127" elapsed="0.000143"/>
</kw>
<arg>${json_data["results"][0]["location"]["coordinates"]["latitude"]} &gt;= -90 and ${json_data["results"][0]["location"]["coordinates"]["latitude"]} &lt;= 90</arg>
<arg>Should Be True</arg>
<arg>${True}</arg>
<doc>Runs the given keyword with the given arguments, if ``condition`` is true.</doc>
<status status="PASS" start="2024-03-29T02:19:33.449375" elapsed="0.001043"/>
</kw>
<kw name="Run Keyword If" owner="BuiltIn">
<kw name="Should Be True" owner="BuiltIn">
<arg>${True}</arg>
<doc>Fails if the given condition is not true.</doc>
<status status="PASS" start="2024-03-29T02:19:33.451297" elapsed="0.000137"/>
</kw>
<arg>${json_data["results"][0]["location"]["coordinates"]["longitude"]} &gt;= -180 and ${json_data["results"][0]["location"]["coordinates"]["longitude"]} &lt;= 180</arg>
<arg>Should Be True</arg>
<arg>${True}</arg>
<doc>Runs the given keyword with the given arguments, if ``condition`` is true.</doc>
<status status="PASS" start="2024-03-29T02:19:33.450605" elapsed="0.000953"/>
</kw>
<status status="PASS" start="2024-03-29T02:19:33.345975" elapsed="0.105714"/>
</kw>
<doc>Testa o conteúdo específico dos campos retornados pela API.</doc>
<tag>testeConteudo</tag>
<status status="PASS" start="2024-03-29T02:19:33.345417" elapsed="0.106426"/>
</test>
<status status="PASS" start="2024-03-29T02:19:32.531355" elapsed="0.922383"/>
</suite>
<status status="PASS" start="2024-03-29T02:19:32.516776" elapsed="0.942260"/>
</suite>
<statistics>
<total>
<stat pass="5" fail="0" skip="0">All Tests</stat>
</total>
<tag>
<stat pass="1" fail="0" skip="0">testeConteudo</stat>
<stat pass="1" fail="0" skip="0">testeEstruturaResposta</stat>
<stat pass="1" fail="0" skip="0">testeRequisicaoBasica</stat>
<stat pass="1" fail="0" skip="0">testeTiposDados</stat>
</tag>
<suite>
<stat pass="5" fail="0" skip="0" id="s1" name="Tests">Tests</stat>
<stat pass="5" fail="0" skip="0" id="s1-s1" name="Random-User-Test">Tests.Random-User-Test</stat>
</suite>
</statistics>
<errors>
</errors>
</robot>
