<?xml version="1.0" encoding="UTF-8"?>
<robot generator="Robot 7.0 (Python 3.12.3 on linux)" generated="2024-05-13T12:27:23.491951" rpa="false" schemaversion="5">
<suite id="s1" name="Tests" source="/home/runner/work/DesafioQAItauRogerioJordao/DesafioQAItauRogerioJordao/RamdonUser/tests">
<suite id="s1-s1" name="Random-User-Test" source="/home/runner/work/DesafioQAItauRogerioJordao/DesafioQAItauRogerioJordao/RamdonUser/tests/random-user-test.robot">
<test id="s1-s1-t1" name="Conectar" line="13">
<kw name="Conectar API" owner="random-user-service">
<kw name="Create Session" owner="RequestsLibrary">
<msg time="2024-05-13T12:27:23.857400" level="INFO">Creating Session using : alias=consultarAPI, url=https://randomuser.me/, headers={},                     cookies={}, auth=None, timeout=None, proxies=None, verify=False,                     debug=0 </msg>
<arg>consultarAPI</arg>
<arg>${URL}</arg>
<doc>Create Session: create a HTTP session to a server</doc>
<status status="PASS" start="2024-05-13T12:27:23.857191" elapsed="0.000407"/>
</kw>
<status status="PASS" start="2024-05-13T12:27:23.856183" elapsed="0.001782"/>
</kw>
<status status="PASS" start="2024-05-13T12:27:23.855552" elapsed="0.002615"/>
</test>
<test id="s1-s1-t2" name="Validar retorno 200 e JSON Válido" line="16">
<kw name="Teste de Requisicao Basica" owner="random-user-service">
<kw name="GET On Session" owner="RequestsLibrary">
<msg time="2024-05-13T12:27:23.979866" level="INFO">GET Request : url=https://randomuser.me/api 
 path_url=/api 
 headers={'User-Agent': 'python-requests/2.31.0', 'Accept-Encoding': 'gzip, deflate', 'Accept': '*/*', 'Connection': 'keep-alive'} 
 body=None 
 </msg>
<msg time="2024-05-13T12:27:23.980063" level="INFO">GET Response : url=https://randomuser.me/api 
 status=200, reason=OK 
 headers={'Date': 'Mon, 13 May 2024 12:27:23 GMT', 'Content-Type': 'application/json; charset=utf-8', 'Transfer-Encoding': 'chunked', 'Connection': 'keep-alive', 'X-Powered-By': 'Express', 'Access-Control-Allow-Origin': '*', 'Cache-Control': 'no-cache', 'ETag': 'W/"48d-6IwuGpEkXyuzXieDq6FAieksWZw"', 'Vary': 'Accept-Encoding', 'Content-Encoding': 'gzip', 'CF-Cache-Status': 'DYNAMIC', 'Report-To': '{"endpoints":[{"url":"https:\\/\\/a.nel.cloudflare.com\\/report\\/v4?s=sjPjAH0%2FtdyH%2Bnl2JDeJ3OiJnX1G0Vmr%2Fbdtad%2FUWso%2B9xJsOiYhG8I9up5glXTI5WtSK1ziMY8qmnlIrSKlJvAKaQlRRve7CTGa33DpIDLnjw7dkNMjUeLVrY56GbBk"}],"group":"cf-nel","max_age":604800}', 'NEL': '{"success_fraction":0,"report_to":"cf-nel","max_age":604800}', 'Server': 'cloudflare', 'CF-RAY': '8832a4724c3ff9dc-SJC', 'alt-svc': 'h3=":443"; ma=86400'} 
 body={"results":[{"gender":"female","name":{"title":"Ms","first":"Sheila","last":"Annink"},"location":{"street":{"number":1786,"name":"De Kure"},"city":"Sluis","state":"Utrecht","country":"Netherlands","postcode":"1078 AU","coordinates":{"latitude":"38.4917","longitude":"128.4529"},"timezone":{"offset":"-3:00","description":"Brazil, Buenos Aires, Georgetown"}},"email":"sheila.annink@example.com","login":{"uuid":"d0f525cd-7d16-405f-af69-741ffe2161ce","username":"organickoala349","password":"high","salt":"Yfxcv9P7","md5":"a9013ffe8ad2a733a83b0389cafae281","sha1":"1c03de9af35843c53574fe976b6dc5adb7746caf","sha256":"29dcac81e39effdd26ca816e605dc414a122dae3cab69e76e7090a620df84305"},"dob":{"date":"1950-04-03T08:41:16.706Z","age":74},"registered":{"date":"2021-10-05T20:17:02.545Z","age":2},"phone":"(0568) 072609","cell":"(06) 02982517","id":{"name":"BSN","value":"90792351"},"picture":{"large":"https://randomuser.me/api/portraits/women/92.jpg","medium":"https://randomuser.me/api/portraits/med/women/92.jpg","thumbnail":"https://randomuser.me/api/portraits/thumb/women/92.jpg"},"nat":"NL"}],"info":{"seed":"1056a8d472373746","results":1,"page":1,"version":"1.4"}} 
 </msg>
<msg time="2024-05-13T12:27:23.980153" level="INFO">/opt/hostedtoolcache/Python/3.12.3/x64/lib/python3.12/site-packages/urllib3/connectionpool.py:1103: InsecureRequestWarning: Unverified HTTPS request is being made to host 'randomuser.me'. Adding certificate verification is strongly advised. See: https://urllib3.readthedocs.io/en/latest/advanced-usage.html#tls-warnings
  warnings.warn(</msg>
<msg time="2024-05-13T12:27:23.980317" level="INFO">${response} = &lt;Response [200]&gt;</msg>
<var>${response}</var>
<arg>consultarAPI</arg>
<arg>/api</arg>
<doc>Sends a GET request on a previously created HTTP Session.</doc>
<status status="PASS" start="2024-05-13T12:27:23.860858" elapsed="0.119505"/>
</kw>
<kw name="Should Be Equal As Numbers" owner="BuiltIn">
<msg time="2024-05-13T12:27:23.981431" level="INFO">Argument types are:
&lt;class 'int'&gt;
&lt;class 'str'&gt;</msg>
<arg>${response.status_code}</arg>
<arg>200</arg>
<doc>Fails if objects are unequal after converting them to real numbers.</doc>
<status status="PASS" start="2024-05-13T12:27:23.980906" elapsed="0.000593"/>
</kw>
<kw name="Log" owner="BuiltIn">
<msg time="2024-05-13T12:27:23.982223" level="INFO">200</msg>
<arg>${response.status_code}</arg>
<doc>Logs the given message with the given level.</doc>
<status status="PASS" start="2024-05-13T12:27:23.981859" elapsed="0.000407"/>
</kw>
<kw name="Set Variable" owner="BuiltIn">
<msg time="2024-05-13T12:27:23.983022" level="INFO">${json_data} = {'results': [{'gender': 'female', 'name': {'title': 'Ms', 'first': 'Sheila', 'last': 'Annink'}, 'location': {'street': {'number': 1786, 'name': 'De Kure'}, 'city': 'Sluis', 'state': 'Utrecht', 'countr...</msg>
<var>${json_data}</var>
<arg>${response.json()}</arg>
<doc>Returns the given values which can then be assigned to a variables.</doc>
<status status="PASS" start="2024-05-13T12:27:23.982577" elapsed="0.000474"/>
</kw>
<kw name="Dictionary Should Contain Key" owner="Collections">
<msg time="2024-05-13T12:27:23.983525" level="INFO">False</msg>
<arg>${json_data}</arg>
<arg>results</arg>
<doc>Fails if ``key`` is not found from ``dictionary``.</doc>
<status status="PASS" start="2024-05-13T12:27:23.983356" elapsed="0.000210"/>
</kw>
<status status="PASS" start="2024-05-13T12:27:23.860615" elapsed="0.123214"/>
</kw>
<doc>Testa se a API responde corretamente e retorna um objeto JSON válido.</doc>
<tag>testeRequisicaoBasica</tag>
<status status="PASS" start="2024-05-13T12:27:23.860142" elapsed="0.123902"/>
</test>
<test id="s1-s1-t3" name="Validar estrutura de resposta" line="22">
<kw name="Teste de Estrutura de Resposta" owner="random-user-service">
<kw name="GET On Session" owner="RequestsLibrary">
<msg time="2024-05-13T12:27:25.097043" level="INFO">GET Request : url=https://randomuser.me/api 
 path_url=/api 
 headers={'User-Agent': 'python-requests/2.31.0', 'Accept-Encoding': 'gzip, deflate', 'Accept': '*/*', 'Connection': 'keep-alive'} 
 body=None 
 </msg>
<msg time="2024-05-13T12:27:25.097152" level="INFO">GET Response : url=https://randomuser.me/api 
 status=200, reason=OK 
 headers={'Date': 'Mon, 13 May 2024 12:27:25 GMT', 'Content-Type': 'application/json; charset=utf-8', 'Transfer-Encoding': 'chunked', 'Connection': 'keep-alive', 'X-Powered-By': 'Express', 'Access-Control-Allow-Origin': '*', 'Cache-Control': 'no-cache', 'ETag': 'W/"486-v5GhorT2FhuKU6TgYDm/WYh6fLY"', 'Vary': 'Accept-Encoding', 'Content-Encoding': 'gzip', 'CF-Cache-Status': 'DYNAMIC', 'Report-To': '{"endpoints":[{"url":"https:\\/\\/a.nel.cloudflare.com\\/report\\/v4?s=l0KCHoWhH5o6eww26tl0aTwVX9JjMDtZLNgT2ZD4aXtxpdTR%2BBggrSMi47ZbImVJQSQ%2FXutRJa7oYz7u7qDgCXETtCWJLs8VXIm%2B2IZ%2BSvgL%2FIuACDJwpFZSCemkIIBQ"}],"group":"cf-nel","max_age":604800}', 'NEL': '{"success_fraction":0,"report_to":"cf-nel","max_age":604800}', 'Server': 'cloudflare', 'CF-RAY': '8832a472ecb2f9dc-SJC', 'alt-svc': 'h3=":443"; ma=86400'} 
 body={"results":[{"gender":"male","name":{"title":"Mr","first":"Ron","last":"Barnett"},"location":{"street":{"number":9831,"name":"Mill Road"},"city":"Bangor","state":"Strathclyde","country":"United Kingdom","postcode":"T5F 1DJ","coordinates":{"latitude":"-11.7399","longitude":"-164.8685"},"timezone":{"offset":"-2:00","description":"Mid-Atlantic"}},"email":"ron.barnett@example.com","login":{"uuid":"d05f70d1-3c4b-493a-98d9-0e74ae454763","username":"ticklishmeercat106","password":"liverpool","salt":"oYpSJmMg","md5":"d35d193cd5e574ff2164fc9a764a7c5d","sha1":"87e249a30fa063aad78fa746fa77554232396d0d","sha256":"8031365c922ff2178b4f98bbd35b7a68da10e7005fd7156c82c3278e82f4a1b0"},"dob":{"date":"1995-02-27T04:34:24.737Z","age":29},"registered":{"date":"2011-06-11T12:26:22.707Z","age":12},"phone":"017683 32101","cell":"07170 936260","id":{"name":"NINO","value":"YC 16 89 64 R"},"picture":{"large":"https://randomuser.me/api/portraits/men/26.jpg","medium":"https://randomuser.me/api/portraits/med/men/26.jpg","thumbnail":"https://randomuser.me/api/portraits/thumb/men/26.jpg"},"nat":"GB"}],"info":{"seed":"5432bfe516d65066","results":1,"page":1,"version":"1.4"}} 
 </msg>
<msg time="2024-05-13T12:27:25.097283" level="INFO">/opt/hostedtoolcache/Python/3.12.3/x64/lib/python3.12/site-packages/urllib3/connectionpool.py:1103: InsecureRequestWarning: Unverified HTTPS request is being made to host 'randomuser.me'. Adding certificate verification is strongly advised. See: https://urllib3.readthedocs.io/en/latest/advanced-usage.html#tls-warnings
  warnings.warn(</msg>
<msg time="2024-05-13T12:27:25.097428" level="INFO">${response} = &lt;Response [200]&gt;</msg>
<var>${response}</var>
<arg>consultarAPI</arg>
<arg>/api</arg>
<doc>Sends a GET request on a previously created HTTP Session.</doc>
<status status="PASS" start="2024-05-13T12:27:23.986712" elapsed="1.110758"/>
</kw>
<kw name="Set Variable" owner="BuiltIn">
<msg time="2024-05-13T12:27:25.098500" level="INFO">${json_data} = {'results': [{'gender': 'male', 'name': {'title': 'Mr', 'first': 'Ron', 'last': 'Barnett'}, 'location': {'street': {'number': 9831, 'name': 'Mill Road'}, 'city': 'Bangor', 'state': 'Strathclyde', 'cou...</msg>
<var>${json_data}</var>
<arg>${response.json()}</arg>
<doc>Returns the given values which can then be assigned to a variables.</doc>
<status status="PASS" start="2024-05-13T12:27:25.097978" elapsed="0.000551"/>
</kw>
<kw name="Log" owner="BuiltIn">
<msg time="2024-05-13T12:27:25.098997" level="INFO">{'results': [{'gender': 'male', 'name': {'title': 'Mr', 'first': 'Ron', 'last': 'Barnett'}, 'location': {'street': {'number': 9831, 'name': 'Mill Road'}, 'city': 'Bangor', 'state': 'Strathclyde', 'country': 'United Kingdom', 'postcode': 'T5F 1DJ', 'coordinates': {'latitude': '-11.7399', 'longitude': '-164.8685'}, 'timezone': {'offset': '-2:00', 'description': 'Mid-Atlantic'}}, 'email': 'ron.barnett@example.com', 'login': {'uuid': 'd05f70d1-3c4b-493a-98d9-0e74ae454763', 'username': 'ticklishmeercat106', 'password': 'liverpool', 'salt': 'oYpSJmMg', 'md5': 'd35d193cd5e574ff2164fc9a764a7c5d', 'sha1': '87e249a30fa063aad78fa746fa77554232396d0d', 'sha256': '8031365c922ff2178b4f98bbd35b7a68da10e7005fd7156c82c3278e82f4a1b0'}, 'dob': {'date': '1995-02-27T04:34:24.737Z', 'age': 29}, 'registered': {'date': '2011-06-11T12:26:22.707Z', 'age': 12}, 'phone': '017683 32101', 'cell': '07170 936260', 'id': {'name': 'NINO', 'value': 'YC 16 89 64 R'}, 'picture': {'large': 'https://randomuser.me/api/portraits/men/26.jpg', 'medium': 'https://randomuser.me/api/portraits/med/men/26.jpg', 'thumbnail': 'https://randomuser.me/api/portraits/thumb/men/26.jpg'}, 'nat': 'GB'}], 'info': {'seed': '5432bfe516d65066', 'results': 1, 'page': 1, 'version': '1.4'}}</msg>
<arg>${json_data}</arg>
<doc>Logs the given message with the given level.</doc>
<status status="PASS" start="2024-05-13T12:27:25.098834" elapsed="0.000211"/>
</kw>
<kw name="Dictionary Should Contain Key" owner="Collections">
<msg time="2024-05-13T12:27:25.099541" level="INFO">False</msg>
<arg>${json_data}</arg>
<arg>results</arg>
<doc>Fails if ``key`` is not found from ``dictionary``.</doc>
<status status="PASS" start="2024-05-13T12:27:25.099349" elapsed="0.000233"/>
</kw>
<kw name="Should Not Be Empty" owner="BuiltIn">
<msg time="2024-05-13T12:27:25.100061" level="INFO">Length is 2.</msg>
<arg>${json_data}</arg>
<doc>Verifies that the given item is not empty.</doc>
<status status="PASS" start="2024-05-13T12:27:25.099882" elapsed="0.000229"/>
</kw>
<kw name="Create List" owner="BuiltIn">
<msg time="2024-05-13T12:27:25.100717" level="INFO">${expected_keys} = ['gender', 'name', 'location', 'email', 'login']</msg>
<var>${expected_keys}</var>
<arg>gender</arg>
<arg>name</arg>
<arg>location</arg>
<arg>email</arg>
<arg>login</arg>
<doc>Returns a list containing given items.</doc>
<status status="PASS" start="2024-05-13T12:27:25.100412" elapsed="0.000329"/>
</kw>
<for flavor="IN">
<iter>
<kw name="Dictionary Should Contain Key" owner="Collections">
<msg time="2024-05-13T12:27:25.101725" level="INFO">False</msg>
<arg>${json_data['results'][0]}</arg>
<arg>${key}</arg>
<doc>Fails if ``key`` is not found from ``dictionary``.</doc>
<status status="PASS" start="2024-05-13T12:27:25.101327" elapsed="0.000436"/>
</kw>
<kw name="Log" owner="BuiltIn">
<msg time="2024-05-13T12:27:25.102433" level="INFO">{'gender': 'male', 'name': {'title': 'Mr', 'first': 'Ron', 'last': 'Barnett'}, 'location': {'street': {'number': 9831, 'name': 'Mill Road'}, 'city': 'Bangor', 'state': 'Strathclyde', 'country': 'United Kingdom', 'postcode': 'T5F 1DJ', 'coordinates': {'latitude': '-11.7399', 'longitude': '-164.8685'}, 'timezone': {'offset': '-2:00', 'description': 'Mid-Atlantic'}}, 'email': 'ron.barnett@example.com', 'login': {'uuid': 'd05f70d1-3c4b-493a-98d9-0e74ae454763', 'username': 'ticklishmeercat106', 'password': 'liverpool', 'salt': 'oYpSJmMg', 'md5': 'd35d193cd5e574ff2164fc9a764a7c5d', 'sha1': '87e249a30fa063aad78fa746fa77554232396d0d', 'sha256': '8031365c922ff2178b4f98bbd35b7a68da10e7005fd7156c82c3278e82f4a1b0'}, 'dob': {'date': '1995-02-27T04:34:24.737Z', 'age': 29}, 'registered': {'date': '2011-06-11T12:26:22.707Z', 'age': 12}, 'phone': '017683 32101', 'cell': '07170 936260', 'id': {'name': 'NINO', 'value': 'YC 16 89 64 R'}, 'picture': {'large': 'https://randomuser.me/api/portraits/men/26.jpg', 'medium': 'https://randomuser.me/api/portraits/med/men/26.jpg', 'thumbnail': 'https://randomuser.me/api/portraits/thumb/men/26.jpg'}, 'nat': 'GB'}</msg>
<arg>${json_data['results'][0]}</arg>
<doc>Logs the given message with the given level.</doc>
<status status="PASS" start="2024-05-13T12:27:25.102064" elapsed="0.000417"/>
</kw>
<kw name="Log" owner="BuiltIn">
<msg time="2024-05-13T12:27:25.102905" level="INFO">gender</msg>
<arg>${key}</arg>
<doc>Logs the given message with the given level.</doc>
<status status="PASS" start="2024-05-13T12:27:25.102778" elapsed="0.000163"/>
</kw>
<var name="${key}">gender</var>
<status status="PASS" start="2024-05-13T12:27:25.101202" elapsed="0.001954"/>
</iter>
<iter>
<kw name="Dictionary Should Contain Key" owner="Collections">
<msg time="2024-05-13T12:27:25.103905" level="INFO">False</msg>
<arg>${json_data['results'][0]}</arg>
<arg>${key}</arg>
<doc>Fails if ``key`` is not found from ``dictionary``.</doc>
<status status="PASS" start="2024-05-13T12:27:25.103464" elapsed="0.000479"/>
</kw>
<kw name="Log" owner="BuiltIn">
<msg time="2024-05-13T12:27:25.104649" level="INFO">{'gender': 'male', 'name': {'title': 'Mr', 'first': 'Ron', 'last': 'Barnett'}, 'location': {'street': {'number': 9831, 'name': 'Mill Road'}, 'city': 'Bangor', 'state': 'Strathclyde', 'country': 'United Kingdom', 'postcode': 'T5F 1DJ', 'coordinates': {'latitude': '-11.7399', 'longitude': '-164.8685'}, 'timezone': {'offset': '-2:00', 'description': 'Mid-Atlantic'}}, 'email': 'ron.barnett@example.com', 'login': {'uuid': 'd05f70d1-3c4b-493a-98d9-0e74ae454763', 'username': 'ticklishmeercat106', 'password': 'liverpool', 'salt': 'oYpSJmMg', 'md5': 'd35d193cd5e574ff2164fc9a764a7c5d', 'sha1': '87e249a30fa063aad78fa746fa77554232396d0d', 'sha256': '8031365c922ff2178b4f98bbd35b7a68da10e7005fd7156c82c3278e82f4a1b0'}, 'dob': {'date': '1995-02-27T04:34:24.737Z', 'age': 29}, 'registered': {'date': '2011-06-11T12:26:22.707Z', 'age': 12}, 'phone': '017683 32101', 'cell': '07170 936260', 'id': {'name': 'NINO', 'value': 'YC 16 89 64 R'}, 'picture': {'large': 'https://randomuser.me/api/portraits/men/26.jpg', 'medium': 'https://randomuser.me/api/portraits/med/men/26.jpg', 'thumbnail': 'https://randomuser.me/api/portraits/thumb/men/26.jpg'}, 'nat': 'GB'}</msg>
<arg>${json_data['results'][0]}</arg>
<doc>Logs the given message with the given level.</doc>
<status status="PASS" start="2024-05-13T12:27:25.104291" elapsed="0.000405"/>
</kw>
<kw name="Log" owner="BuiltIn">
<msg time="2024-05-13T12:27:25.105122" level="INFO">name</msg>
<arg>${key}</arg>
<doc>Logs the given message with the given level.</doc>
<status status="PASS" start="2024-05-13T12:27:25.104995" elapsed="0.000165"/>
</kw>
<var name="${key}">name</var>
<status status="PASS" start="2024-05-13T12:27:25.103343" elapsed="0.002029"/>
</iter>
<iter>
<kw name="Dictionary Should Contain Key" owner="Collections">
<msg time="2024-05-13T12:27:25.106049" level="INFO">False</msg>
<arg>${json_data['results'][0]}</arg>
<arg>${key}</arg>
<doc>Fails if ``key`` is not found from ``dictionary``.</doc>
<status status="PASS" start="2024-05-13T12:27:25.105662" elapsed="0.000424"/>
</kw>
<kw name="Log" owner="BuiltIn">
<msg time="2024-05-13T12:27:25.106750" level="INFO">{'gender': 'male', 'name': {'title': 'Mr', 'first': 'Ron', 'last': 'Barnett'}, 'location': {'street': {'number': 9831, 'name': 'Mill Road'}, 'city': 'Bangor', 'state': 'Strathclyde', 'country': 'United Kingdom', 'postcode': 'T5F 1DJ', 'coordinates': {'latitude': '-11.7399', 'longitude': '-164.8685'}, 'timezone': {'offset': '-2:00', 'description': 'Mid-Atlantic'}}, 'email': 'ron.barnett@example.com', 'login': {'uuid': 'd05f70d1-3c4b-493a-98d9-0e74ae454763', 'username': 'ticklishmeercat106', 'password': 'liverpool', 'salt': 'oYpSJmMg', 'md5': 'd35d193cd5e574ff2164fc9a764a7c5d', 'sha1': '87e249a30fa063aad78fa746fa77554232396d0d', 'sha256': '8031365c922ff2178b4f98bbd35b7a68da10e7005fd7156c82c3278e82f4a1b0'}, 'dob': {'date': '1995-02-27T04:34:24.737Z', 'age': 29}, 'registered': {'date': '2011-06-11T12:26:22.707Z', 'age': 12}, 'phone': '017683 32101', 'cell': '07170 936260', 'id': {'name': 'NINO', 'value': 'YC 16 89 64 R'}, 'picture': {'large': 'https://randomuser.me/api/portraits/men/26.jpg', 'medium': 'https://randomuser.me/api/portraits/med/men/26.jpg', 'thumbnail': 'https://randomuser.me/api/portraits/thumb/men/26.jpg'}, 'nat': 'GB'}</msg>
<arg>${json_data['results'][0]}</arg>
<doc>Logs the given message with the given level.</doc>
<status status="PASS" start="2024-05-13T12:27:25.106386" elapsed="0.000411"/>
</kw>
<kw name="Log" owner="BuiltIn">
<msg time="2024-05-13T12:27:25.107211" level="INFO">location</msg>
<arg>${key}</arg>
<doc>Logs the given message with the given level.</doc>
<status status="PASS" start="2024-05-13T12:27:25.107087" elapsed="0.000170"/>
</kw>
<var name="${key}">location</var>
<status status="PASS" start="2024-05-13T12:27:25.105549" elapsed="0.001921"/>
</iter>
<iter>
<kw name="Dictionary Should Contain Key" owner="Collections">
<msg time="2024-05-13T12:27:25.108158" level="INFO">False</msg>
<arg>${json_data['results'][0]}</arg>
<arg>${key}</arg>
<doc>Fails if ``key`` is not found from ``dictionary``.</doc>
<status status="PASS" start="2024-05-13T12:27:25.107754" elapsed="0.000451"/>
</kw>
<kw name="Log" owner="BuiltIn">
<msg time="2024-05-13T12:27:25.108867" level="INFO">{'gender': 'male', 'name': {'title': 'Mr', 'first': 'Ron', 'last': 'Barnett'}, 'location': {'street': {'number': 9831, 'name': 'Mill Road'}, 'city': 'Bangor', 'state': 'Strathclyde', 'country': 'United Kingdom', 'postcode': 'T5F 1DJ', 'coordinates': {'latitude': '-11.7399', 'longitude': '-164.8685'}, 'timezone': {'offset': '-2:00', 'description': 'Mid-Atlantic'}}, 'email': 'ron.barnett@example.com', 'login': {'uuid': 'd05f70d1-3c4b-493a-98d9-0e74ae454763', 'username': 'ticklishmeercat106', 'password': 'liverpool', 'salt': 'oYpSJmMg', 'md5': 'd35d193cd5e574ff2164fc9a764a7c5d', 'sha1': '87e249a30fa063aad78fa746fa77554232396d0d', 'sha256': '8031365c922ff2178b4f98bbd35b7a68da10e7005fd7156c82c3278e82f4a1b0'}, 'dob': {'date': '1995-02-27T04:34:24.737Z', 'age': 29}, 'registered': {'date': '2011-06-11T12:26:22.707Z', 'age': 12}, 'phone': '017683 32101', 'cell': '07170 936260', 'id': {'name': 'NINO', 'value': 'YC 16 89 64 R'}, 'picture': {'large': 'https://randomuser.me/api/portraits/men/26.jpg', 'medium': 'https://randomuser.me/api/portraits/med/men/26.jpg', 'thumbnail': 'https://randomuser.me/api/portraits/thumb/men/26.jpg'}, 'nat': 'GB'}</msg>
<arg>${json_data['results'][0]}</arg>
<doc>Logs the given message with the given level.</doc>
<status status="PASS" start="2024-05-13T12:27:25.108506" elapsed="0.000409"/>
</kw>
<kw name="Log" owner="BuiltIn">
<msg time="2024-05-13T12:27:25.109339" level="INFO">email</msg>
<arg>${key}</arg>
<doc>Logs the given message with the given level.</doc>
<status status="PASS" start="2024-05-13T12:27:25.109213" elapsed="0.000163"/>
</kw>
<var name="${key}">email</var>
<status status="PASS" start="2024-05-13T12:27:25.107643" elapsed="0.001945"/>
</iter>
<iter>
<kw name="Dictionary Should Contain Key" owner="Collections">
<msg time="2024-05-13T12:27:25.110265" level="INFO">False</msg>
<arg>${json_data['results'][0]}</arg>
<arg>${key}</arg>
<doc>Fails if ``key`` is not found from ``dictionary``.</doc>
<status status="PASS" start="2024-05-13T12:27:25.109872" elapsed="0.000430"/>
</kw>
<kw name="Log" owner="BuiltIn">
<msg time="2024-05-13T12:27:25.110948" level="INFO">{'gender': 'male', 'name': {'title': 'Mr', 'first': 'Ron', 'last': 'Barnett'}, 'location': {'street': {'number': 9831, 'name': 'Mill Road'}, 'city': 'Bangor', 'state': 'Strathclyde', 'country': 'United Kingdom', 'postcode': 'T5F 1DJ', 'coordinates': {'latitude': '-11.7399', 'longitude': '-164.8685'}, 'timezone': {'offset': '-2:00', 'description': 'Mid-Atlantic'}}, 'email': 'ron.barnett@example.com', 'login': {'uuid': 'd05f70d1-3c4b-493a-98d9-0e74ae454763', 'username': 'ticklishmeercat106', 'password': 'liverpool', 'salt': 'oYpSJmMg', 'md5': 'd35d193cd5e574ff2164fc9a764a7c5d', 'sha1': '87e249a30fa063aad78fa746fa77554232396d0d', 'sha256': '8031365c922ff2178b4f98bbd35b7a68da10e7005fd7156c82c3278e82f4a1b0'}, 'dob': {'date': '1995-02-27T04:34:24.737Z', 'age': 29}, 'registered': {'date': '2011-06-11T12:26:22.707Z', 'age': 12}, 'phone': '017683 32101', 'cell': '07170 936260', 'id': {'name': 'NINO', 'value': 'YC 16 89 64 R'}, 'picture': {'large': 'https://randomuser.me/api/portraits/men/26.jpg', 'medium': 'https://randomuser.me/api/portraits/med/men/26.jpg', 'thumbnail': 'https://randomuser.me/api/portraits/thumb/men/26.jpg'}, 'nat': 'GB'}</msg>
<arg>${json_data['results'][0]}</arg>
<doc>Logs the given message with the given level.</doc>
<status status="PASS" start="2024-05-13T12:27:25.110594" elapsed="0.000400"/>
</kw>
<kw name="Log" owner="BuiltIn">
<msg time="2024-05-13T12:27:25.111417" level="INFO">login</msg>
<arg>${key}</arg>
<doc>Logs the given message with the given level.</doc>
<status status="PASS" start="2024-05-13T12:27:25.111291" elapsed="0.000163"/>
</kw>
<var name="${key}">login</var>
<status status="PASS" start="2024-05-13T12:27:25.109761" elapsed="0.001907"/>
</iter>
<var>${key}</var>
<value>@{expected_keys}</value>
<status status="PASS" start="2024-05-13T12:27:25.101009" elapsed="0.010807"/>
</for>
<kw name="Create List" owner="BuiltIn">
<msg time="2024-05-13T12:27:25.112183" level="INFO">${expected_keysTwo} = ['username', 'password']</msg>
<var>${expected_keysTwo}</var>
<arg>username</arg>
<arg>password</arg>
<doc>Returns a list containing given items.</doc>
<status status="PASS" start="2024-05-13T12:27:25.112041" elapsed="0.000165"/>
</kw>
<for flavor="IN">
<iter>
<kw name="Dictionary Should Contain Key" owner="Collections">
<msg time="2024-05-13T12:27:25.113105" level="INFO">False</msg>
<arg>${json_data['results'][0]['login']}</arg>
<arg>${keyTwo}</arg>
<doc>Fails if ``key`` is not found from ``dictionary``.</doc>
<status status="PASS" start="2024-05-13T12:27:25.112711" elapsed="0.000432"/>
</kw>
<kw name="Dictionary Should Contain Key" owner="Collections">
<msg time="2024-05-13T12:27:25.113818" level="INFO">False</msg>
<arg>${json_data['results'][0]['login']}</arg>
<arg>${keyTwo}</arg>
<doc>Fails if ``key`` is not found from ``dictionary``.</doc>
<status status="PASS" start="2024-05-13T12:27:25.113438" elapsed="0.000417"/>
</kw>
<kw name="Log" owner="BuiltIn">
<msg time="2024-05-13T12:27:25.114273" level="INFO">username</msg>
<arg>${keyTwo}</arg>
<doc>Logs the given message with the given level.</doc>
<status status="PASS" start="2024-05-13T12:27:25.114147" elapsed="0.000171"/>
</kw>
<var name="${keyTwo}">username</var>
<status status="PASS" start="2024-05-13T12:27:25.112600" elapsed="0.001934"/>
</iter>
<iter>
<kw name="Dictionary Should Contain Key" owner="Collections">
<msg time="2024-05-13T12:27:25.115198" level="INFO">False</msg>
<arg>${json_data['results'][0]['login']}</arg>
<arg>${keyTwo}</arg>
<doc>Fails if ``key`` is not found from ``dictionary``.</doc>
<status status="PASS" start="2024-05-13T12:27:25.114822" elapsed="0.000414"/>
</kw>
<kw name="Dictionary Should Contain Key" owner="Collections">
<msg time="2024-05-13T12:27:25.115997" level="INFO">False</msg>
<arg>${json_data['results'][0]['login']}</arg>
<arg>${keyTwo}</arg>
<doc>Fails if ``key`` is not found from ``dictionary``.</doc>
<status status="PASS" start="2024-05-13T12:27:25.115531" elapsed="0.000533"/>
</kw>
<kw name="Log" owner="BuiltIn">
<msg time="2024-05-13T12:27:25.116505" level="INFO">password</msg>
<arg>${keyTwo}</arg>
<doc>Logs the given message with the given level.</doc>
<status status="PASS" start="2024-05-13T12:27:25.116377" elapsed="0.000166"/>
</kw>
<var name="${keyTwo}">password</var>
<status status="PASS" start="2024-05-13T12:27:25.114706" elapsed="0.002054"/>
</iter>
<var>${keyTwo}</var>
<value>@{expected_keysTwo}</value>
<status status="PASS" start="2024-05-13T12:27:25.112445" elapsed="0.004437"/>
</for>
<status status="PASS" start="2024-05-13T12:27:23.986471" elapsed="1.130555"/>
</kw>
<doc>Testa a estrutura da resposta da API.</doc>
<tag>testeEstruturaResposta</tag>
<status status="PASS" start="2024-05-13T12:27:23.985939" elapsed="1.131250"/>
</test>
<test id="s1-s1-t4" name="Validar tipos de dados" line="28">
<kw name="Teste de Tipos de Dados" owner="random-user-service">
<kw name="GET On Session" owner="RequestsLibrary">
<msg time="2024-05-13T12:27:25.288678" level="INFO">GET Request : url=https://randomuser.me/api 
 path_url=/api 
 headers={'User-Agent': 'python-requests/2.31.0', 'Accept-Encoding': 'gzip, deflate', 'Accept': '*/*', 'Connection': 'keep-alive'} 
 body=None 
 </msg>
<msg time="2024-05-13T12:27:25.288776" level="INFO">GET Response : url=https://randomuser.me/api 
 status=200, reason=OK 
 headers={'Date': 'Mon, 13 May 2024 12:27:25 GMT', 'Content-Type': 'application/json; charset=utf-8', 'Transfer-Encoding': 'chunked', 'Connection': 'keep-alive', 'X-Powered-By': 'Express', 'Access-Control-Allow-Origin': '*', 'Cache-Control': 'no-cache', 'ETag': 'W/"483-DV3DsGMQHKmH4ymtjOpYFqK+/mc"', 'Vary': 'Accept-Encoding', 'Content-Encoding': 'gzip', 'CF-Cache-Status': 'DYNAMIC', 'Report-To': '{"endpoints":[{"url":"https:\\/\\/a.nel.cloudflare.com\\/report\\/v4?s=6TRjeakEDiBVDemrH59NkeNmQmea9znT0W4BbmlQJp6XhhqnnBFI8ONi%2FuPLXBV56PAAQho27%2B1%2BI%2BpfdamQyr4f5NvwJCdR%2Bmh0tlskz48xpLs2lVzfRkkRbvr%2FOCeW"}],"group":"cf-nel","max_age":604800}', 'NEL': '{"success_fraction":0,"report_to":"cf-nel","max_age":604800}', 'Server': 'cloudflare', 'CF-RAY': '8832a47a0a19f9dc-SJC', 'alt-svc': 'h3=":443"; ma=86400'} 
 body={"results":[{"gender":"female","name":{"title":"Ms","first":"Ege","last":"Koçoğlu"},"location":{"street":{"number":2573,"name":"Talak Göktepe Cd"},"city":"Erzincan","state":"Amasya","country":"Turkey","postcode":94044,"coordinates":{"latitude":"71.3248","longitude":"122.0806"},"timezone":{"offset":"+2:00","description":"Kaliningrad, South Africa"}},"email":"ege.kocoglu@example.com","login":{"uuid":"48a84440-eb70-40fd-8d9f-f7d0f4a9c5e6","username":"yellowzebra544","password":"micheal","salt":"UEda0YFY","md5":"ee4b070231644397c5224c0c8470c81b","sha1":"20587e819842650d7f79f22a40a53c69fcfe6864","sha256":"fdd845a705370dccccc220804c941f1f74fe0b2db7f452787834c16738181ad6"},"dob":{"date":"1992-09-19T16:08:04.856Z","age":31},"registered":{"date":"2003-05-12T16:02:43.258Z","age":21},"phone":"(265)-738-3130","cell":"(143)-556-6664","id":{"name":"","value":null},"picture":{"large":"https://randomuser.me/api/portraits/women/92.jpg","medium":"https://randomuser.me/api/portraits/med/women/92.jpg","thumbnail":"https://randomuser.me/api/portraits/thumb/women/92.jpg"},"nat":"TR"}],"info":{"seed":"8d04342ab82fd329","results":1,"page":1,"version":"1.4"}} 
 </msg>
<msg time="2024-05-13T12:27:25.288849" level="INFO">/opt/hostedtoolcache/Python/3.12.3/x64/lib/python3.12/site-packages/urllib3/connectionpool.py:1103: InsecureRequestWarning: Unverified HTTPS request is being made to host 'randomuser.me'. Adding certificate verification is strongly advised. See: https://urllib3.readthedocs.io/en/latest/advanced-usage.html#tls-warnings
  warnings.warn(</msg>
<msg time="2024-05-13T12:27:25.288986" level="INFO">${response} = &lt;Response [200]&gt;</msg>
<var>${response}</var>
<arg>consultarAPI</arg>
<arg>/api</arg>
<doc>Sends a GET request on a previously created HTTP Session.</doc>
<status status="PASS" start="2024-05-13T12:27:25.119785" elapsed="0.169240"/>
</kw>
<kw name="Set Variable" owner="BuiltIn">
<msg time="2024-05-13T12:27:25.290096" level="INFO">${json_data} = {'results': [{'gender': 'female', 'name': {'title': 'Ms', 'first': 'Ege', 'last': 'Koçoğlu'}, 'location': {'street': {'number': 2573, 'name': 'Talak Göktepe Cd'}, 'city': 'Erzincan', 'state': 'Amasya'...</msg>
<var>${json_data}</var>
<arg>${response.json()}</arg>
<doc>Returns the given values which can then be assigned to a variables.</doc>
<status status="PASS" start="2024-05-13T12:27:25.289564" elapsed="0.000562"/>
</kw>
<kw name="Log" owner="BuiltIn">
<msg time="2024-05-13T12:27:25.290598" level="INFO">{'results': [{'gender': 'female', 'name': {'title': 'Ms', 'first': 'Ege', 'last': 'Koçoğlu'}, 'location': {'street': {'number': 2573, 'name': 'Talak Göktepe Cd'}, 'city': 'Erzincan', 'state': 'Amasya', 'country': 'Turkey', 'postcode': 94044, 'coordinates': {'latitude': '71.3248', 'longitude': '122.0806'}, 'timezone': {'offset': '+2:00', 'description': 'Kaliningrad, South Africa'}}, 'email': 'ege.kocoglu@example.com', 'login': {'uuid': '48a84440-eb70-40fd-8d9f-f7d0f4a9c5e6', 'username': 'yellowzebra544', 'password': 'micheal', 'salt': 'UEda0YFY', 'md5': 'ee4b070231644397c5224c0c8470c81b', 'sha1': '20587e819842650d7f79f22a40a53c69fcfe6864', 'sha256': 'fdd845a705370dccccc220804c941f1f74fe0b2db7f452787834c16738181ad6'}, 'dob': {'date': '1992-09-19T16:08:04.856Z', 'age': 31}, 'registered': {'date': '2003-05-12T16:02:43.258Z', 'age': 21}, 'phone': '(265)-738-3130', 'cell': '(143)-556-6664', 'id': {'name': '', 'value': None}, 'picture': {'large': 'https://randomuser.me/api/portraits/women/92.jpg', 'medium': 'https://randomuser.me/api/portraits/med/women/92.jpg', 'thumbnail': 'https://randomuser.me/api/portraits/thumb/women/92.jpg'}, 'nat': 'TR'}], 'info': {'seed': '8d04342ab82fd329', 'results': 1, 'page': 1, 'version': '1.4'}}</msg>
<arg>${json_data}</arg>
<doc>Logs the given message with the given level.</doc>
<status status="PASS" start="2024-05-13T12:27:25.290440" elapsed="0.000248"/>
</kw>
<kw name="Should Be String" owner="String">
<arg>${json_data['results'][0]['gender']}</arg>
<doc>Fails if the given ``item`` is not a string.</doc>
<status status="PASS" start="2024-05-13T12:27:25.290988" elapsed="0.000365"/>
</kw>
<kw name="Should Match Regexp" owner="BuiltIn">
<arg>${json_data['results'][0]['email']}</arg>
<arg>^[a-zA-Z0-9._%+-]+@[a-zA-Z0-9.-]+\.[a-zA-Z]{2,}$</arg>
<doc>Fails if ``string`` does not match ``pattern`` as a regular expression.</doc>
<status status="PASS" start="2024-05-13T12:27:25.291544" elapsed="0.000545"/>
</kw>
<kw name="Should Match Regexp" owner="BuiltIn">
<arg>${json_data['results'][0]['dob']['date']}</arg>
<arg>\\d{4}-\\d{2}-\\d{2}T\\d{2}:\\d{2}:\\d{2}\\.\\d{3}Z</arg>
<doc>Fails if ``string`` does not match ``pattern`` as a regular expression.</doc>
<status status="PASS" start="2024-05-13T12:27:25.292294" elapsed="0.000489"/>
</kw>
<kw name="Should Match Regexp" owner="BuiltIn">
<arg>${json_data['results'][0]['registered']['date']}</arg>
<arg>\\d{4}-\\d{2}-\\d{2}T\\d{2}:\\d{2}:\\d{2}\\.\\d{3}Z</arg>
<doc>Fails if ``string`` does not match ``pattern`` as a regular expression.</doc>
<status status="PASS" start="2024-05-13T12:27:25.292973" elapsed="0.000371"/>
</kw>
<kw name="Should Match Regexp" owner="BuiltIn">
<arg>${json_data['results'][0]['picture']['large']}</arg>
<arg>^https?://.*\.(?:png|jpe?g|gif|bmp)$</arg>
<doc>Fails if ``string`` does not match ``pattern`` as a regular expression.</doc>
<status status="PASS" start="2024-05-13T12:27:25.293532" elapsed="0.000475"/>
</kw>
<kw name="Should Match Regexp" owner="BuiltIn">
<arg>${json_data['results'][0]['picture']['medium']}</arg>
<arg>^https?://.*\.(?:png|jpe?g|gif|bmp)$</arg>
<doc>Fails if ``string`` does not match ``pattern`` as a regular expression.</doc>
<status status="PASS" start="2024-05-13T12:27:25.294196" elapsed="0.000350"/>
</kw>
<kw name="Should Match Regexp" owner="BuiltIn">
<arg>${json_data['results'][0]['picture']['thumbnail']}</arg>
<arg>^https?://.*\.(?:png|jpe?g|gif|bmp)$</arg>
<doc>Fails if ``string`` does not match ``pattern`` as a regular expression.</doc>
<status status="PASS" start="2024-05-13T12:27:25.294736" elapsed="0.000352"/>
</kw>
<kw name="Log" owner="BuiltIn">
<msg time="2024-05-13T12:27:25.295587" level="INFO">{'large': 'https://randomuser.me/api/portraits/women/92.jpg', 'medium': 'https://randomuser.me/api/portraits/med/women/92.jpg', 'thumbnail': 'https://randomuser.me/api/portraits/thumb/women/92.jpg'}</msg>
<arg>${json_data['results'][0]['picture']}</arg>
<doc>Logs the given message with the given level.</doc>
<status status="PASS" start="2024-05-13T12:27:25.295265" elapsed="0.000363"/>
</kw>
<status status="PASS" start="2024-05-13T12:27:25.119554" elapsed="0.176332"/>
</kw>
<kw name="Teste de Tipos de Dados - Postcode" owner="random-user-service">
<kw name="GET On Session" owner="RequestsLibrary">
<msg time="2024-05-13T12:27:25.383374" level="INFO">GET Request : url=https://randomuser.me/api 
 path_url=/api 
 headers={'User-Agent': 'python-requests/2.31.0', 'Accept-Encoding': 'gzip, deflate', 'Accept': '*/*', 'Connection': 'keep-alive'} 
 body=None 
 </msg>
<msg time="2024-05-13T12:27:25.383486" level="INFO">GET Response : url=https://randomuser.me/api 
 status=200, reason=OK 
 headers={'Date': 'Mon, 13 May 2024 12:27:25 GMT', 'Content-Type': 'application/json; charset=utf-8', 'Transfer-Encoding': 'chunked', 'Connection': 'keep-alive', 'X-Powered-By': 'Express', 'Access-Control-Allow-Origin': '*', 'Cache-Control': 'no-cache', 'ETag': 'W/"496-I/SfJLPMGf29VHUr2LURs5Qg2V0"', 'Vary': 'Accept-Encoding', 'Content-Encoding': 'gzip', 'CF-Cache-Status': 'DYNAMIC', 'Report-To': '{"endpoints":[{"url":"https:\\/\\/a.nel.cloudflare.com\\/report\\/v4?s=Nw8y7PAcBhEcdupEtd%2B9O4VNTE3JbkYuDH6xBLyigC%2BF4ZPeUIBa%2FHSZHyDNuzXucV24Nokb5J1QHUvDWd7G%2BMMQw18Aomf35O89pGvtMn0FznIxftbV3UjcELKXCw16"}],"group":"cf-nel","max_age":604800}', 'NEL': '{"success_fraction":0,"report_to":"cf-nel","max_age":604800}', 'Server': 'cloudflare', 'CF-RAY': '8832a47b1af2f9dc-SJC', 'alt-svc': 'h3=":443"; ma=86400'} 
 body={"results":[{"gender":"male","name":{"title":"Mr","first":"بردیا","last":"زارعی"},"location":{"street":{"number":7311,"name":"جمال الدین اسدآبادی"},"city":"آمل","state":"کردستان","country":"Iran","postcode":33994,"coordinates":{"latitude":"17.2318","longitude":"-146.2885"},"timezone":{"offset":"-8:00","description":"Pacific Time (US &amp; Canada)"}},"email":"brdy.zraay@example.com","login":{"uuid":"432b30c4-83a0-4065-b2c8-ace73ca1d347","username":"silverlion681","password":"brother","salt":"IoPbcAu8","md5":"62dd7bd5b0c4a96676eddcb2d389c54f","sha1":"ce837e59f6e38c7416875c43f0c37099b60ecbf4","sha256":"d38956e8f22eccef251e4f779e6cd635b473d519eaa8e706d934b1a6071ef1d4"},"dob":{"date":"1990-01-05T21:54:38.337Z","age":34},"registered":{"date":"2020-07-28T02:42:38.668Z","age":3},"phone":"028-60822466","cell":"0994-278-4868","id":{"name":"","value":null},"picture":{"large":"https://randomuser.me/api/portraits/men/49.jpg","medium":"https://randomuser.me/api/portraits/med/men/49.jpg","thumbnail":"https://randomuser.me/api/portraits/thumb/men/49.jpg"},"nat":"IR"}],"info":{"seed":"50e1df8fa9aa4cb1","results":1,"page":1,"version":"1.4"}} 
 </msg>
<msg time="2024-05-13T12:27:25.383569" level="INFO">/opt/hostedtoolcache/Python/3.12.3/x64/lib/python3.12/site-packages/urllib3/connectionpool.py:1103: InsecureRequestWarning: Unverified HTTPS request is being made to host 'randomuser.me'. Adding certificate verification is strongly advised. See: https://urllib3.readthedocs.io/en/latest/advanced-usage.html#tls-warnings
  warnings.warn(</msg>
<msg time="2024-05-13T12:27:25.383708" level="INFO">${response} = &lt;Response [200]&gt;</msg>
<var>${response}</var>
<arg>consultarAPI</arg>
<arg>/api</arg>
<doc>Sends a GET request on a previously created HTTP Session.</doc>
<status status="PASS" start="2024-05-13T12:27:25.296398" elapsed="0.087350"/>
</kw>
<kw name="Set Variable" owner="BuiltIn">
<msg time="2024-05-13T12:27:25.384841" level="INFO">${json_data} = {'results': [{'gender': 'male', 'name': {'title': 'Mr', 'first': 'بردیا', 'last': 'زارعی'}, 'location': {'street': {'number': 7311, 'name': 'جمال الدین اسدآبادی'}, 'city': 'آمل', 'state': 'کردستان', '...</msg>
<var>${json_data}</var>
<arg>${response.json()}</arg>
<doc>Returns the given values which can then be assigned to a variables.</doc>
<status status="PASS" start="2024-05-13T12:27:25.384306" elapsed="0.000565"/>
</kw>
<kw name="Log" owner="BuiltIn">
<msg time="2024-05-13T12:27:25.385341" level="INFO">{'results': [{'gender': 'male', 'name': {'title': 'Mr', 'first': 'بردیا', 'last': 'زارعی'}, 'location': {'street': {'number': 7311, 'name': 'جمال الدین اسدآبادی'}, 'city': 'آمل', 'state': 'کردستان', 'country': 'Iran', 'postcode': 33994, 'coordinates': {'latitude': '17.2318', 'longitude': '-146.2885'}, 'timezone': {'offset': '-8:00', 'description': 'Pacific Time (US &amp; Canada)'}}, 'email': 'brdy.zraay@example.com', 'login': {'uuid': '432b30c4-83a0-4065-b2c8-ace73ca1d347', 'username': 'silverlion681', 'password': 'brother', 'salt': 'IoPbcAu8', 'md5': '62dd7bd5b0c4a96676eddcb2d389c54f', 'sha1': 'ce837e59f6e38c7416875c43f0c37099b60ecbf4', 'sha256': 'd38956e8f22eccef251e4f779e6cd635b473d519eaa8e706d934b1a6071ef1d4'}, 'dob': {'date': '1990-01-05T21:54:38.337Z', 'age': 34}, 'registered': {'date': '2020-07-28T02:42:38.668Z', 'age': 3}, 'phone': '028-60822466', 'cell': '0994-278-4868', 'id': {'name': '', 'value': None}, 'picture': {'large': 'https://randomuser.me/api/portraits/men/49.jpg', 'medium': 'https://randomuser.me/api/portraits/med/men/49.jpg', 'thumbnail': 'https://randomuser.me/api/portraits/thumb/men/49.jpg'}, 'nat': 'IR'}], 'info': {'seed': '50e1df8fa9aa4cb1', 'results': 1, 'page': 1, 'version': '1.4'}}</msg>
<arg>${json_data}</arg>
<doc>Logs the given message with the given level.</doc>
<status status="PASS" start="2024-05-13T12:27:25.385182" elapsed="0.000245"/>
</kw>
<kw name="Should Be Equal As Numbers" owner="BuiltIn">
<arg>${json_data['results'][0]['location']['postcode']}</arg>
<arg>${json_data['results'][0]['location']['postcode']}</arg>
<doc>Fails if objects are unequal after converting them to real numbers.</doc>
<status status="PASS" start="2024-05-13T12:27:25.385729" elapsed="0.000813"/>
</kw>
<kw name="Log" owner="BuiltIn">
<msg time="2024-05-13T12:27:25.387075" level="INFO">33994</msg>
<arg>${json_data['results'][0]['location']['postcode']}</arg>
<doc>Logs the given message with the given level.</doc>
<status status="PASS" start="2024-05-13T12:27:25.386736" elapsed="0.000378"/>
</kw>
<status status="PASS" start="2024-05-13T12:27:25.296144" elapsed="0.091227"/>
</kw>
<doc>Testa se os tipos de dados na resposta da API estão corretos.</doc>
<tag>testeTiposDados</tag>
<status status="PASS" start="2024-05-13T12:27:25.118973" elapsed="0.268568"/>
</test>
<test id="s1-s1-t5" name="Validar conteudo" line="35">
<kw name="Teste de Tipos de Conteudo" owner="random-user-service">
<kw name="GET On Session" owner="RequestsLibrary">
<msg time="2024-05-13T12:27:25.482423" level="INFO">GET Request : url=https://randomuser.me/api 
 path_url=/api 
 headers={'User-Agent': 'python-requests/2.31.0', 'Accept-Encoding': 'gzip, deflate', 'Accept': '*/*', 'Connection': 'keep-alive'} 
 body=None 
 </msg>
<msg time="2024-05-13T12:27:25.482536" level="INFO">GET Response : url=https://randomuser.me/api 
 status=200, reason=OK 
 headers={'Date': 'Mon, 13 May 2024 12:27:25 GMT', 'Content-Type': 'application/json; charset=utf-8', 'Transfer-Encoding': 'chunked', 'Connection': 'keep-alive', 'X-Powered-By': 'Express', 'Access-Control-Allow-Origin': '*', 'Cache-Control': 'no-cache', 'ETag': 'W/"4b3-M9Ua8C8RPWd4bVn6X0qRJtW6WOA"', 'Vary': 'Accept-Encoding', 'Content-Encoding': 'gzip', 'CF-Cache-Status': 'DYNAMIC', 'Report-To': '{"endpoints":[{"url":"https:\\/\\/a.nel.cloudflare.com\\/report\\/v4?s=dAIvekeDEoUcXEAeKtviu12fAYYCnq%2FleVw%2BxItSaj4qdlbKjjWWEW%2FPbuVuEwWMVVq8eM417lTA0uJJnKcns5jUHrRvRuDj%2BM%2BKZ9gghzuqnc2Uq1t4Wq4P8GtW1CJx"}],"group":"cf-nel","max_age":604800}', 'NEL': '{"success_fraction":0,"report_to":"cf-nel","max_age":604800}', 'Server': 'cloudflare', 'CF-RAY': '8832a47bbb67f9dc-SJC', 'alt-svc': 'h3=":443"; ma=86400'} 
 body={"results":[{"gender":"female","name":{"title":"Miss","first":"Martha","last":"Castellanos"},"location":{"street":{"number":2972,"name":"Prolongación Puebla"},"city":"San Pablo Huitzo","state":"Coahuila","country":"Mexico","postcode":51283,"coordinates":{"latitude":"24.1784","longitude":"134.8437"},"timezone":{"offset":"-3:00","description":"Brazil, Buenos Aires, Georgetown"}},"email":"martha.castellanos@example.com","login":{"uuid":"b3054eb3-7f54-4fc0-887b-f8905c2bb0a8","username":"sadzebra581","password":"hyperion","salt":"0tp7XdcF","md5":"bac6b29831c3b602f5245e348102659a","sha1":"afa2658fbb2c871f699a0d9c6542818223707808","sha256":"26b6b2d0409b1283ea5fac928a2487f30bc95ea7735d8f2cc0976812306ce24b"},"dob":{"date":"1979-05-21T04:16:37.914Z","age":44},"registered":{"date":"2002-07-12T12:13:15.377Z","age":21},"phone":"(671) 770 6575","cell":"(608) 826 3500","id":{"name":"NSS","value":"55 88 87 9067 4"},"picture":{"large":"https://randomuser.me/api/portraits/women/36.jpg","medium":"https://randomuser.me/api/portraits/med/women/36.jpg","thumbnail":"https://randomuser.me/api/portraits/thumb/women/36.jpg"},"nat":"MX"}],"info":{"seed":"1d87b1e2a4af284f","results":1,"page":1,"version":"1.4"}} 
 </msg>
<msg time="2024-05-13T12:27:25.482618" level="INFO">/opt/hostedtoolcache/Python/3.12.3/x64/lib/python3.12/site-packages/urllib3/connectionpool.py:1103: InsecureRequestWarning: Unverified HTTPS request is being made to host 'randomuser.me'. Adding certificate verification is strongly advised. See: https://urllib3.readthedocs.io/en/latest/advanced-usage.html#tls-warnings
  warnings.warn(</msg>
<msg time="2024-05-13T12:27:25.482766" level="INFO">${response} = &lt;Response [200]&gt;</msg>
<var>${response}</var>
<arg>consultarAPI</arg>
<arg>/api</arg>
<doc>Sends a GET request on a previously created HTTP Session.</doc>
<status status="PASS" start="2024-05-13T12:27:25.390128" elapsed="0.092681"/>
</kw>
<kw name="Set Variable" owner="BuiltIn">
<msg time="2024-05-13T12:27:25.483857" level="INFO">${json_data} = {'results': [{'gender': 'female', 'name': {'title': 'Miss', 'first': 'Martha', 'last': 'Castellanos'}, 'location': {'street': {'number': 2972, 'name': 'Prolongación Puebla'}, 'city': 'San Pablo Huitzo...</msg>
<var>${json_data}</var>
<arg>${response.json()}</arg>
<doc>Returns the given values which can then be assigned to a variables.</doc>
<status status="PASS" start="2024-05-13T12:27:25.483330" elapsed="0.000557"/>
</kw>
<kw name="Set Variable" owner="BuiltIn">
<msg time="2024-05-13T12:27:25.484639" level="INFO">${name_title} = Miss</msg>
<var>${name_title}</var>
<arg>${json_data["results"][0]["name"]["title"]}</arg>
<doc>Returns the given values which can then be assigned to a variables.</doc>
<status status="PASS" start="2024-05-13T12:27:25.484252" elapsed="0.000412"/>
</kw>
<kw name="Create List" owner="BuiltIn">
<msg time="2024-05-13T12:27:25.485109" level="INFO">${allowed_titles} = ['Mr', 'Ms', 'Miss', 'Mrs', 'Madame', 'Monsieur']</msg>
<var>${allowed_titles}</var>
<arg>Mr</arg>
<arg>Ms</arg>
<arg>Miss</arg>
<arg>Mrs</arg>
<arg>Madame</arg>
<arg>Monsieur</arg>
<doc>Returns a list containing given items.</doc>
<status status="PASS" start="2024-05-13T12:27:25.484960" elapsed="0.000173"/>
</kw>
<kw name="List Should Contain Value" owner="Collections">
<msg time="2024-05-13T12:27:25.485608" level="INFO">False</msg>
<arg>${allowed_titles}</arg>
<arg>${name_title}</arg>
<doc>Fails if the ``value`` is not found from ``list``.</doc>
<status status="PASS" start="2024-05-13T12:27:25.485433" elapsed="0.000211"/>
</kw>
<kw name="Set Variable" owner="BuiltIn">
<msg time="2024-05-13T12:27:25.486317" level="INFO">${name_country} = MX</msg>
<var>${name_country}</var>
<arg>${json_data["results"][0]["nat"]}</arg>
<doc>Returns the given values which can then be assigned to a variables.</doc>
<status status="PASS" start="2024-05-13T12:27:25.485935" elapsed="0.000407"/>
</kw>
<kw name="Create List" owner="BuiltIn">
<msg time="2024-05-13T12:27:25.487227" level="INFO">${list_country} = ['AD', 'AE', 'AF', 'AG', 'AI', 'AL', 'AM', 'AO', 'AQ', 'AR', 'AS', 'AT', 'AU', 'AW', 'AX', 'AZ', 'BA', 'BB', 'BD', 'BE', 'BF', 'BG', 'BH', 'BI', 'BJ', 'BL', 'BM', 'BN', 'BO', 'BQ', 'BR', 'BS', 'BT', '...</msg>
<var>${list_country}</var>
<arg>AD</arg>
<arg>AE</arg>
<arg>AF</arg>
<arg>AG</arg>
<arg>AI</arg>
<arg>AL</arg>
<arg>AM</arg>
<arg>AO</arg>
<arg>AQ</arg>
<arg>AR</arg>
<arg>AS</arg>
<arg>AT</arg>
<arg>AU</arg>
<arg>AW</arg>
<arg>AX</arg>
<arg>AZ</arg>
<arg>BA</arg>
<arg>BB</arg>
<arg>BD</arg>
<arg>BE</arg>
<arg>BF</arg>
<arg>BG</arg>
<arg>BH</arg>
<arg>BI</arg>
<arg>BJ</arg>
<arg>BL</arg>
<arg>BM</arg>
<arg>BN</arg>
<arg>BO</arg>
<arg>BQ</arg>
<arg>BR</arg>
<arg>BS</arg>
<arg>BT</arg>
<arg>BV</arg>
<arg>BW</arg>
<arg>BY</arg>
<arg>BZ</arg>
<arg>CA</arg>
<arg>CC</arg>
<arg>CD</arg>
<arg>CF</arg>
<arg>CG</arg>
<arg>CH</arg>
<arg>CI</arg>
<arg>CK</arg>
<arg>CL</arg>
<arg>CM</arg>
<arg>CN</arg>
<arg>CO</arg>
<arg>CR</arg>
<arg>CU</arg>
<arg>CV</arg>
<arg>CW</arg>
<arg>CX</arg>
<arg>CY</arg>
<arg>CZ</arg>
<arg>DE</arg>
<arg>DJ</arg>
<arg>DK</arg>
<arg>DM</arg>
<arg>DO</arg>
<arg>DZ</arg>
<arg>EC</arg>
<arg>EE</arg>
<arg>EG</arg>
<arg>EH</arg>
<arg>ER</arg>
<arg>ES</arg>
<arg>ET</arg>
<arg>FI</arg>
<arg>FJ</arg>
<arg>FK</arg>
<arg>FM</arg>
<arg>FO</arg>
<arg>FR</arg>
<arg>GA</arg>
<arg>GB</arg>
<arg>GD</arg>
<arg>GE</arg>
<arg>GF</arg>
<arg>GG</arg>
<arg>GH</arg>
<arg>GI</arg>
<arg>GL</arg>
<arg>GM</arg>
<arg>GN</arg>
<arg>GP</arg>
<arg>GQ</arg>
<arg>GR</arg>
<arg>GS</arg>
<arg>GT</arg>
<arg>GU</arg>
<arg>GW</arg>
<arg>GY</arg>
<arg>HK</arg>
<arg>HM</arg>
<arg>HN</arg>
<arg>HR</arg>
<arg>HT</arg>
<arg>HU</arg>
<arg>ID</arg>
<arg>IE</arg>
<arg>IL</arg>
<arg>IM</arg>
<arg>IN</arg>
<arg>IO</arg>
<arg>IQ</arg>
<arg>IR</arg>
<arg>IS</arg>
<arg>IT</arg>
<arg>JE</arg>
<arg>JM</arg>
<arg>JO</arg>
<arg>JP</arg>
<arg>KE</arg>
<arg>KG</arg>
<arg>KH</arg>
<arg>KI</arg>
<arg>KM</arg>
<arg>KN</arg>
<arg>KP</arg>
<arg>KR</arg>
<arg>KW</arg>
<arg>KY</arg>
<arg>KZ</arg>
<arg>LA</arg>
<arg>LB</arg>
<arg>LC</arg>
<arg>LI</arg>
<arg>LK</arg>
<arg>LR</arg>
<arg>LS</arg>
<arg>LT</arg>
<arg>LU</arg>
<arg>LV</arg>
<arg>LY</arg>
<arg>MA</arg>
<arg>MC</arg>
<arg>MD</arg>
<arg>ME</arg>
<arg>MF</arg>
<arg>MG</arg>
<arg>MH</arg>
<arg>MK</arg>
<arg>ML</arg>
<arg>MM</arg>
<arg>MN</arg>
<arg>MO</arg>
<arg>MP</arg>
<arg>MQ</arg>
<arg>MR</arg>
<arg>MS</arg>
<arg>MT</arg>
<arg>MU</arg>
<arg>MV</arg>
<arg>MW</arg>
<arg>MX</arg>
<arg>MY</arg>
<arg>MZ</arg>
<arg>NA</arg>
<arg>NC</arg>
<arg>NE</arg>
<arg>NF</arg>
<arg>NG</arg>
<arg>NI</arg>
<arg>NL</arg>
<arg>NO</arg>
<arg>NP</arg>
<arg>NR</arg>
<arg>NU</arg>
<arg>NZ</arg>
<arg>OM</arg>
<arg>PA</arg>
<arg>PE</arg>
<arg>PF</arg>
<arg>PG</arg>
<arg>PH</arg>
<arg>PK</arg>
<arg>PL</arg>
<arg>PM</arg>
<arg>PN</arg>
<arg>PR</arg>
<arg>PS</arg>
<arg>PT</arg>
<arg>PW</arg>
<arg>PY</arg>
<arg>QA</arg>
<arg>RE</arg>
<arg>RO</arg>
<arg>RS</arg>
<arg>RU</arg>
<arg>RW</arg>
<arg>SA</arg>
<arg>SB</arg>
<arg>SC</arg>
<arg>SD</arg>
<arg>SE</arg>
<arg>SG</arg>
<arg>SH</arg>
<arg>SI</arg>
<arg>SJ</arg>
<arg>SK</arg>
<arg>SL</arg>
<arg>SM</arg>
<arg>SN</arg>
<arg>SO</arg>
<arg>SR</arg>
<arg>SS</arg>
<arg>ST</arg>
<arg>SV</arg>
<arg>SX</arg>
<arg>SY</arg>
<arg>SZ</arg>
<arg>TC</arg>
<arg>TD</arg>
<arg>TF</arg>
<arg>TG</arg>
<arg>TH</arg>
<arg>TJ</arg>
<arg>TK</arg>
<arg>TL</arg>
<arg>TM</arg>
<arg>TN</arg>
<arg>TO</arg>
<arg>TR</arg>
<arg>TT</arg>
<arg>TV</arg>
<arg>TW</arg>
<arg>TZ</arg>
<arg>UA</arg>
<arg>UG</arg>
<arg>UM</arg>
<arg>US</arg>
<arg>UY</arg>
<arg>UZ</arg>
<arg>VA</arg>
<arg>VC</arg>
<arg>VE</arg>
<arg>VG</arg>
<arg>VI</arg>
<arg>VN</arg>
<arg>VU</arg>
<arg>WF</arg>
<arg>WS</arg>
<arg>XK</arg>
<arg>YE</arg>
<arg>YT</arg>
<arg>ZA</arg>
<arg>ZM</arg>
<arg>ZW</arg>
<doc>Returns a list containing given items.</doc>
<status status="PASS" start="2024-05-13T12:27:25.486642" elapsed="0.000611"/>
</kw>
<kw name="List Should Contain Value" owner="Collections">
<msg time="2024-05-13T12:27:25.488277" level="INFO">False</msg>
<arg>${list_country}</arg>
<arg>${name_country}</arg>
<doc>Fails if the ``value`` is not found from ``list``.</doc>
<status status="PASS" start="2024-05-13T12:27:25.488067" elapsed="0.000247"/>
</kw>
<kw name="Run Keyword If" owner="BuiltIn">
<kw name="Should Be True" owner="BuiltIn">
<arg>${True}</arg>
<doc>Fails if the given condition is not true.</doc>
<status status="PASS" start="2024-05-13T12:27:25.489393" elapsed="0.000144"/>
</kw>
<arg>${json_data["results"][0]["location"]["coordinates"]["latitude"]} &gt;= -90 and ${json_data["results"][0]["location"]["coordinates"]["latitude"]} &lt;= 90</arg>
<arg>Should Be True</arg>
<arg>${True}</arg>
<doc>Runs the given keyword with the given arguments, if ``condition`` is true.</doc>
<status status="PASS" start="2024-05-13T12:27:25.488637" elapsed="0.001024"/>
</kw>
<kw name="Run Keyword If" owner="BuiltIn">
<kw name="Should Be True" owner="BuiltIn">
<arg>${True}</arg>
<doc>Fails if the given condition is not true.</doc>
<status status="PASS" start="2024-05-13T12:27:25.490540" elapsed="0.000259"/>
</kw>
<arg>${json_data["results"][0]["location"]["coordinates"]["longitude"]} &gt;= -180 and ${json_data["results"][0]["location"]["coordinates"]["longitude"]} &lt;= 180</arg>
<arg>Should Be True</arg>
<arg>${True}</arg>
<doc>Runs the given keyword with the given arguments, if ``condition`` is true.</doc>
<status status="PASS" start="2024-05-13T12:27:25.489846" elapsed="0.001079"/>
</kw>
<status status="PASS" start="2024-05-13T12:27:25.389901" elapsed="0.101157"/>
</kw>
<doc>Testa o conteúdo específico dos campos retornados pela API.</doc>
<tag>testeConteudo</tag>
<status status="PASS" start="2024-05-13T12:27:25.389353" elapsed="0.101858"/>
</test>
<status status="PASS" start="2024-05-13T12:27:23.551049" elapsed="1.942130"/>
</suite>
<status status="PASS" start="2024-05-13T12:27:23.537345" elapsed="1.960948"/>
</suite>
<statistics>
<total>
<stat pass="5" fail="0" skip="0">All Tests</stat>
</total>
<tag>
<stat pass="1" fail="0" skip="0">testeConteudo</stat>
<stat pass="1" fail="0" skip="0">testeEstruturaResposta</stat>
<stat pass="1" fail="0" skip="0">testeRequisicaoBasica</stat>
<stat pass="1" fail="0" skip="0">testeTiposDados</stat>
</tag>
<suite>
<stat pass="5" fail="0" skip="0" id="s1" name="Tests">Tests</stat>
<stat pass="5" fail="0" skip="0" id="s1-s1" name="Random-User-Test">Tests.Random-User-Test</stat>
</suite>
</statistics>
<errors>
</errors>
</robot>
