<?xml version="1.0" encoding="UTF-8"?>
<robot generator="Robot 7.0 (Python 3.12.3 on linux)" generated="2024-04-20T04:18:06.944407" rpa="false" schemaversion="5">
<suite id="s1" name="Tests" source="/home/runner/work/DesafioQAItauRogerioJordao/DesafioQAItauRogerioJordao/RamdonUser/tests">
<suite id="s1-s1" name="Random-User-Test" source="/home/runner/work/DesafioQAItauRogerioJordao/DesafioQAItauRogerioJordao/RamdonUser/tests/random-user-test.robot">
<test id="s1-s1-t1" name="Conectar" line="13">
<kw name="Conectar API" owner="random-user-service">
<kw name="Create Session" owner="RequestsLibrary">
<msg time="2024-04-20T04:18:07.305062" level="INFO">Creating Session using : alias=consultarAPI, url=https://randomuser.me/, headers={},                     cookies={}, auth=None, timeout=None, proxies=None, verify=False,                     debug=0 </msg>
<arg>consultarAPI</arg>
<arg>${URL}</arg>
<doc>Create Session: create a HTTP session to a server</doc>
<status status="PASS" start="2024-04-20T04:18:07.304859" elapsed="0.000381"/>
</kw>
<status status="PASS" start="2024-04-20T04:18:07.303919" elapsed="0.001683"/>
</kw>
<status status="PASS" start="2024-04-20T04:18:07.303394" elapsed="0.002402"/>
</test>
<test id="s1-s1-t2" name="Validar retorno 200 e JSON Válido" line="16">
<kw name="Teste de Requisicao Basica" owner="random-user-service">
<kw name="GET On Session" owner="RequestsLibrary">
<msg time="2024-04-20T04:18:07.509324" level="INFO">GET Request : url=https://randomuser.me/api 
 path_url=/api 
 headers={'User-Agent': 'python-requests/2.31.0', 'Accept-Encoding': 'gzip, deflate', 'Accept': '*/*', 'Connection': 'keep-alive'} 
 body=None 
 </msg>
<msg time="2024-04-20T04:18:07.509434" level="INFO">GET Response : url=https://randomuser.me/api 
 status=200, reason=OK 
 headers={'Date': 'Sat, 20 Apr 2024 04:18:07 GMT', 'Content-Type': 'application/json; charset=utf-8', 'Transfer-Encoding': 'chunked', 'Connection': 'keep-alive', 'X-Powered-By': 'Express', 'Access-Control-Allow-Origin': '*', 'Cache-Control': 'no-cache', 'ETag': 'W/"49b-dphwFDKiy9lDheMX8mCKpwZz3Ts"', 'Vary': 'Accept-Encoding', 'Content-Encoding': 'gzip', 'CF-Cache-Status': 'DYNAMIC', 'Report-To': '{"endpoints":[{"url":"https:\\/\\/a.nel.cloudflare.com\\/report\\/v4?s=haX4RYWBO4PwkenIgeM5V7ErCZ6yaVJguYF0Yb8kxeuYJTlzUhlWkObzCzekBrX7HayFv%2BuwkzHVjq%2Bb2rKcvA7NdsK9odzarKPsk8Bzv6xTF6Sb1n%2FkUop8GO6FW71n"}],"group":"cf-nel","max_age":604800}', 'NEL': '{"success_fraction":0,"report_to":"cf-nel","max_age":604800}', 'Server': 'cloudflare', 'CF-RAY': '8772541c8bd09c54-IAD', 'alt-svc': 'h3=":443"; ma=86400'} 
 body={"results":[{"gender":"male","name":{"title":"Mr","first":"Akseli","last":"Hannula"},"location":{"street":{"number":2334,"name":"Verkatehtaankatu"},"city":"Larsmo","state":"Åland","country":"Finland","postcode":41609,"coordinates":{"latitude":"-21.6291","longitude":"-174.5260"},"timezone":{"offset":"+11:00","description":"Magadan, Solomon Islands, New Caledonia"}},"email":"akseli.hannula@example.com","login":{"uuid":"01f3f6f5-4dc9-4e23-a874-2f27b2ff0242","username":"heavyfrog256","password":"macdaddy","salt":"t1XJ4in5","md5":"5d3fb46c2799b7ea640f43e28ef392ac","sha1":"6c99d17f9aee85fd737da67967d83e9c9a7b5b9a","sha256":"9a2ebecf7daa3aaf58441d2e5cb93d793953c471f218b13a01f211845a5e97dc"},"dob":{"date":"1998-09-04T00:39:00.855Z","age":25},"registered":{"date":"2004-11-18T02:59:34.167Z","age":19},"phone":"07-199-012","cell":"041-081-26-52","id":{"name":"HETU","value":"NaNNA727undefined"},"picture":{"large":"https://randomuser.me/api/portraits/men/48.jpg","medium":"https://randomuser.me/api/portraits/med/men/48.jpg","thumbnail":"https://randomuser.me/api/portraits/thumb/men/48.jpg"},"nat":"FI"}],"info":{"seed":"d3aa790e2e6153d1","results":1,"page":1,"version":"1.4"}} 
 </msg>
<msg time="2024-04-20T04:18:07.509508" level="INFO">/opt/hostedtoolcache/Python/3.12.3/x64/lib/python3.12/site-packages/urllib3/connectionpool.py:1103: InsecureRequestWarning: Unverified HTTPS request is being made to host 'randomuser.me'. Adding certificate verification is strongly advised. See: https://urllib3.readthedocs.io/en/latest/advanced-usage.html#tls-warnings
  warnings.warn(</msg>
<msg time="2024-04-20T04:18:07.509626" level="INFO">${response} = &lt;Response [200]&gt;</msg>
<var>${response}</var>
<arg>consultarAPI</arg>
<arg>/api</arg>
<doc>Sends a GET request on a previously created HTTP Session.</doc>
<status status="PASS" start="2024-04-20T04:18:07.308549" elapsed="0.201119"/>
</kw>
<kw name="Should Be Equal As Numbers" owner="BuiltIn">
<msg time="2024-04-20T04:18:07.510684" level="INFO">Argument types are:
&lt;class 'int'&gt;
&lt;class 'str'&gt;</msg>
<arg>${response.status_code}</arg>
<arg>200</arg>
<doc>Fails if objects are unequal after converting them to real numbers.</doc>
<status status="PASS" start="2024-04-20T04:18:07.510187" elapsed="0.000560"/>
</kw>
<kw name="Log" owner="BuiltIn">
<msg time="2024-04-20T04:18:07.511447" level="INFO">200</msg>
<arg>${response.status_code}</arg>
<doc>Logs the given message with the given level.</doc>
<status status="PASS" start="2024-04-20T04:18:07.511094" elapsed="0.000396"/>
</kw>
<kw name="Set Variable" owner="BuiltIn">
<msg time="2024-04-20T04:18:07.512244" level="INFO">${json_data} = {'results': [{'gender': 'male', 'name': {'title': 'Mr', 'first': 'Akseli', 'last': 'Hannula'}, 'location': {'street': {'number': 2334, 'name': 'Verkatehtaankatu'}, 'city': 'Larsmo', 'state': 'Åland', ...</msg>
<var>${json_data}</var>
<arg>${response.json()}</arg>
<doc>Returns the given values which can then be assigned to a variables.</doc>
<status status="PASS" start="2024-04-20T04:18:07.511797" elapsed="0.000475"/>
</kw>
<kw name="Dictionary Should Contain Key" owner="Collections">
<msg time="2024-04-20T04:18:07.512801" level="INFO">False</msg>
<arg>${json_data}</arg>
<arg>results</arg>
<doc>Fails if ``key`` is not found from ``dictionary``.</doc>
<status status="PASS" start="2024-04-20T04:18:07.512630" elapsed="0.000211"/>
</kw>
<status status="PASS" start="2024-04-20T04:18:07.308265" elapsed="0.204830"/>
</kw>
<doc>Testa se a API responde corretamente e retorna um objeto JSON válido.</doc>
<tag>testeRequisicaoBasica</tag>
<status status="PASS" start="2024-04-20T04:18:07.307723" elapsed="0.205547"/>
</test>
<test id="s1-s1-t3" name="Validar estrutura de resposta" line="22">
<kw name="Teste de Estrutura de Resposta" owner="random-user-service">
<kw name="GET On Session" owner="RequestsLibrary">
<msg time="2024-04-20T04:18:07.589031" level="INFO">GET Request : url=https://randomuser.me/api 
 path_url=/api 
 headers={'User-Agent': 'python-requests/2.31.0', 'Accept-Encoding': 'gzip, deflate', 'Accept': '*/*', 'Connection': 'keep-alive'} 
 body=None 
 </msg>
<msg time="2024-04-20T04:18:07.589121" level="INFO">GET Response : url=https://randomuser.me/api 
 status=200, reason=OK 
 headers={'Date': 'Sat, 20 Apr 2024 04:18:07 GMT', 'Content-Type': 'application/json; charset=utf-8', 'Transfer-Encoding': 'chunked', 'Connection': 'keep-alive', 'X-Powered-By': 'Express', 'Access-Control-Allow-Origin': '*', 'Cache-Control': 'no-cache', 'ETag': 'W/"4a7-ULGWU2gcgoZHEWgJ34fuNvA5T6g"', 'Vary': 'Accept-Encoding', 'Content-Encoding': 'gzip', 'CF-Cache-Status': 'DYNAMIC', 'Report-To': '{"endpoints":[{"url":"https:\\/\\/a.nel.cloudflare.com\\/report\\/v4?s=Pc9e0N0jtnMhcxvzvztCLfEvrlyEuIx9YV3H0DhVote%2BxKAwCeYA5L1irlkCAHtlQJQa39DSCh%2FkJBL9UqMvNOS574uxxhlXrmKPYqHrYnxin8vTxY5ofLLYnCmW4z1b"}],"group":"cf-nel","max_age":604800}', 'NEL': '{"success_fraction":0,"report_to":"cf-nel","max_age":604800}', 'Server': 'cloudflare', 'CF-RAY': '8772541cfc9f9c54-IAD', 'alt-svc': 'h3=":443"; ma=86400'} 
 body={"results":[{"gender":"female","name":{"title":"Miss","first":"Cäcilie","last":"Bogner"},"location":{"street":{"number":7787,"name":"Blumenstraße"},"city":"Hofheim In Unterfranken","state":"Sachsen-Anhalt","country":"Germany","postcode":56476,"coordinates":{"latitude":"-55.3667","longitude":"178.7574"},"timezone":{"offset":"-8:00","description":"Pacific Time (US &amp; Canada)"}},"email":"cacilie.bogner@example.com","login":{"uuid":"3122c26d-801e-45ef-b306-5c79b1c44d17","username":"happyfrog827","password":"1031","salt":"dg5w67om","md5":"d8bf2cc7d08d6d1c0fa58124a893650d","sha1":"2560d151a700098c746b20d3c99b1d3b3c07381a","sha256":"06616b9bfb29f296f808a9f15a0ca387f59678ac4cb1f66138b2875ab7c11613"},"dob":{"date":"1972-10-25T13:00:53.282Z","age":51},"registered":{"date":"2014-04-27T09:11:46.558Z","age":9},"phone":"0072-2814002","cell":"0175-7477327","id":{"name":"SVNR","value":"43 251072 B 936"},"picture":{"large":"https://randomuser.me/api/portraits/women/69.jpg","medium":"https://randomuser.me/api/portraits/med/women/69.jpg","thumbnail":"https://randomuser.me/api/portraits/thumb/women/69.jpg"},"nat":"DE"}],"info":{"seed":"a233792fac143528","results":1,"page":1,"version":"1.4"}} 
 </msg>
<msg time="2024-04-20T04:18:07.589253" level="INFO">/opt/hostedtoolcache/Python/3.12.3/x64/lib/python3.12/site-packages/urllib3/connectionpool.py:1103: InsecureRequestWarning: Unverified HTTPS request is being made to host 'randomuser.me'. Adding certificate verification is strongly advised. See: https://urllib3.readthedocs.io/en/latest/advanced-usage.html#tls-warnings
  warnings.warn(</msg>
<msg time="2024-04-20T04:18:07.589401" level="INFO">${response} = &lt;Response [200]&gt;</msg>
<var>${response}</var>
<arg>consultarAPI</arg>
<arg>/api</arg>
<doc>Sends a GET request on a previously created HTTP Session.</doc>
<status status="PASS" start="2024-04-20T04:18:07.515936" elapsed="0.073509"/>
</kw>
<kw name="Set Variable" owner="BuiltIn">
<msg time="2024-04-20T04:18:07.590463" level="INFO">${json_data} = {'results': [{'gender': 'female', 'name': {'title': 'Miss', 'first': 'Cäcilie', 'last': 'Bogner'}, 'location': {'street': {'number': 7787, 'name': 'Blumenstraße'}, 'city': 'Hofheim In Unterfranken', '...</msg>
<var>${json_data}</var>
<arg>${response.json()}</arg>
<doc>Returns the given values which can then be assigned to a variables.</doc>
<status status="PASS" start="2024-04-20T04:18:07.589903" elapsed="0.000590"/>
</kw>
<kw name="Log" owner="BuiltIn">
<msg time="2024-04-20T04:18:07.591073" level="INFO">{'results': [{'gender': 'female', 'name': {'title': 'Miss', 'first': 'Cäcilie', 'last': 'Bogner'}, 'location': {'street': {'number': 7787, 'name': 'Blumenstraße'}, 'city': 'Hofheim In Unterfranken', 'state': 'Sachsen-Anhalt', 'country': 'Germany', 'postcode': 56476, 'coordinates': {'latitude': '-55.3667', 'longitude': '178.7574'}, 'timezone': {'offset': '-8:00', 'description': 'Pacific Time (US &amp; Canada)'}}, 'email': 'cacilie.bogner@example.com', 'login': {'uuid': '3122c26d-801e-45ef-b306-5c79b1c44d17', 'username': 'happyfrog827', 'password': '1031', 'salt': 'dg5w67om', 'md5': 'd8bf2cc7d08d6d1c0fa58124a893650d', 'sha1': '2560d151a700098c746b20d3c99b1d3b3c07381a', 'sha256': '06616b9bfb29f296f808a9f15a0ca387f59678ac4cb1f66138b2875ab7c11613'}, 'dob': {'date': '1972-10-25T13:00:53.282Z', 'age': 51}, 'registered': {'date': '2014-04-27T09:11:46.558Z', 'age': 9}, 'phone': '0072-2814002', 'cell': '0175-7477327', 'id': {'name': 'SVNR', 'value': '43 251072 B 936'}, 'picture': {'large': 'https://randomuser.me/api/portraits/women/69.jpg', 'medium': 'https://randomuser.me/api/portraits/med/women/69.jpg', 'thumbnail': 'https://randomuser.me/api/portraits/thumb/women/69.jpg'}, 'nat': 'DE'}], 'info': {'seed': 'a233792fac143528', 'results': 1, 'page': 1, 'version': '1.4'}}</msg>
<arg>${json_data}</arg>
<doc>Logs the given message with the given level.</doc>
<status status="PASS" start="2024-04-20T04:18:07.590808" elapsed="0.000353"/>
</kw>
<kw name="Dictionary Should Contain Key" owner="Collections">
<msg time="2024-04-20T04:18:07.591877" level="INFO">False</msg>
<arg>${json_data}</arg>
<arg>results</arg>
<doc>Fails if ``key`` is not found from ``dictionary``.</doc>
<status status="PASS" start="2024-04-20T04:18:07.591626" elapsed="0.000319"/>
</kw>
<kw name="Should Not Be Empty" owner="BuiltIn">
<msg time="2024-04-20T04:18:07.592629" level="INFO">Length is 2.</msg>
<arg>${json_data}</arg>
<doc>Verifies that the given item is not empty.</doc>
<status status="PASS" start="2024-04-20T04:18:07.592425" elapsed="0.000428"/>
</kw>
<kw name="Create List" owner="BuiltIn">
<msg time="2024-04-20T04:18:07.593326" level="INFO">${expected_keys} = ['gender', 'name', 'location', 'email', 'login']</msg>
<var>${expected_keys}</var>
<arg>gender</arg>
<arg>name</arg>
<arg>location</arg>
<arg>email</arg>
<arg>login</arg>
<doc>Returns a list containing given items.</doc>
<status status="PASS" start="2024-04-20T04:18:07.593173" elapsed="0.000179"/>
</kw>
<for flavor="IN">
<iter>
<kw name="Dictionary Should Contain Key" owner="Collections">
<msg time="2024-04-20T04:18:07.594341" level="INFO">False</msg>
<arg>${json_data['results'][0]}</arg>
<arg>${key}</arg>
<doc>Fails if ``key`` is not found from ``dictionary``.</doc>
<status status="PASS" start="2024-04-20T04:18:07.593929" elapsed="0.000452"/>
</kw>
<kw name="Log" owner="BuiltIn">
<msg time="2024-04-20T04:18:07.595063" level="INFO">{'gender': 'female', 'name': {'title': 'Miss', 'first': 'Cäcilie', 'last': 'Bogner'}, 'location': {'street': {'number': 7787, 'name': 'Blumenstraße'}, 'city': 'Hofheim In Unterfranken', 'state': 'Sachsen-Anhalt', 'country': 'Germany', 'postcode': 56476, 'coordinates': {'latitude': '-55.3667', 'longitude': '178.7574'}, 'timezone': {'offset': '-8:00', 'description': 'Pacific Time (US &amp; Canada)'}}, 'email': 'cacilie.bogner@example.com', 'login': {'uuid': '3122c26d-801e-45ef-b306-5c79b1c44d17', 'username': 'happyfrog827', 'password': '1031', 'salt': 'dg5w67om', 'md5': 'd8bf2cc7d08d6d1c0fa58124a893650d', 'sha1': '2560d151a700098c746b20d3c99b1d3b3c07381a', 'sha256': '06616b9bfb29f296f808a9f15a0ca387f59678ac4cb1f66138b2875ab7c11613'}, 'dob': {'date': '1972-10-25T13:00:53.282Z', 'age': 51}, 'registered': {'date': '2014-04-27T09:11:46.558Z', 'age': 9}, 'phone': '0072-2814002', 'cell': '0175-7477327', 'id': {'name': 'SVNR', 'value': '43 251072 B 936'}, 'picture': {'large': 'https://randomuser.me/api/portraits/women/69.jpg', 'medium': 'https://randomuser.me/api/portraits/med/women/69.jpg', 'thumbnail': 'https://randomuser.me/api/portraits/thumb/women/69.jpg'}, 'nat': 'DE'}</msg>
<arg>${json_data['results'][0]}</arg>
<doc>Logs the given message with the given level.</doc>
<status status="PASS" start="2024-04-20T04:18:07.594688" elapsed="0.000428"/>
</kw>
<kw name="Log" owner="BuiltIn">
<msg time="2024-04-20T04:18:07.595551" level="INFO">gender</msg>
<arg>${key}</arg>
<doc>Logs the given message with the given level.</doc>
<status status="PASS" start="2024-04-20T04:18:07.595421" elapsed="0.000169"/>
</kw>
<var name="${key}">gender</var>
<status status="PASS" start="2024-04-20T04:18:07.593800" elapsed="0.002013"/>
</iter>
<iter>
<kw name="Dictionary Should Contain Key" owner="Collections">
<msg time="2024-04-20T04:18:07.596547" level="INFO">False</msg>
<arg>${json_data['results'][0]}</arg>
<arg>${key}</arg>
<doc>Fails if ``key`` is not found from ``dictionary``.</doc>
<status status="PASS" start="2024-04-20T04:18:07.596118" elapsed="0.000500"/>
</kw>
<kw name="Log" owner="BuiltIn">
<msg time="2024-04-20T04:18:07.597299" level="INFO">{'gender': 'female', 'name': {'title': 'Miss', 'first': 'Cäcilie', 'last': 'Bogner'}, 'location': {'street': {'number': 7787, 'name': 'Blumenstraße'}, 'city': 'Hofheim In Unterfranken', 'state': 'Sachsen-Anhalt', 'country': 'Germany', 'postcode': 56476, 'coordinates': {'latitude': '-55.3667', 'longitude': '178.7574'}, 'timezone': {'offset': '-8:00', 'description': 'Pacific Time (US &amp; Canada)'}}, 'email': 'cacilie.bogner@example.com', 'login': {'uuid': '3122c26d-801e-45ef-b306-5c79b1c44d17', 'username': 'happyfrog827', 'password': '1031', 'salt': 'dg5w67om', 'md5': 'd8bf2cc7d08d6d1c0fa58124a893650d', 'sha1': '2560d151a700098c746b20d3c99b1d3b3c07381a', 'sha256': '06616b9bfb29f296f808a9f15a0ca387f59678ac4cb1f66138b2875ab7c11613'}, 'dob': {'date': '1972-10-25T13:00:53.282Z', 'age': 51}, 'registered': {'date': '2014-04-27T09:11:46.558Z', 'age': 9}, 'phone': '0072-2814002', 'cell': '0175-7477327', 'id': {'name': 'SVNR', 'value': '43 251072 B 936'}, 'picture': {'large': 'https://randomuser.me/api/portraits/women/69.jpg', 'medium': 'https://randomuser.me/api/portraits/med/women/69.jpg', 'thumbnail': 'https://randomuser.me/api/portraits/thumb/women/69.jpg'}, 'nat': 'DE'}</msg>
<arg>${json_data['results'][0]}</arg>
<doc>Logs the given message with the given level.</doc>
<status status="PASS" start="2024-04-20T04:18:07.596927" elapsed="0.000423"/>
</kw>
<kw name="Log" owner="BuiltIn">
<msg time="2024-04-20T04:18:07.597791" level="INFO">name</msg>
<arg>${key}</arg>
<doc>Logs the given message with the given level.</doc>
<status status="PASS" start="2024-04-20T04:18:07.597663" elapsed="0.000166"/>
</kw>
<var name="${key}">name</var>
<status status="PASS" start="2024-04-20T04:18:07.596001" elapsed="0.002043"/>
</iter>
<iter>
<kw name="Dictionary Should Contain Key" owner="Collections">
<msg time="2024-04-20T04:18:07.598729" level="INFO">False</msg>
<arg>${json_data['results'][0]}</arg>
<arg>${key}</arg>
<doc>Fails if ``key`` is not found from ``dictionary``.</doc>
<status status="PASS" start="2024-04-20T04:18:07.598336" elapsed="0.000432"/>
</kw>
<kw name="Log" owner="BuiltIn">
<msg time="2024-04-20T04:18:07.599440" level="INFO">{'gender': 'female', 'name': {'title': 'Miss', 'first': 'Cäcilie', 'last': 'Bogner'}, 'location': {'street': {'number': 7787, 'name': 'Blumenstraße'}, 'city': 'Hofheim In Unterfranken', 'state': 'Sachsen-Anhalt', 'country': 'Germany', 'postcode': 56476, 'coordinates': {'latitude': '-55.3667', 'longitude': '178.7574'}, 'timezone': {'offset': '-8:00', 'description': 'Pacific Time (US &amp; Canada)'}}, 'email': 'cacilie.bogner@example.com', 'login': {'uuid': '3122c26d-801e-45ef-b306-5c79b1c44d17', 'username': 'happyfrog827', 'password': '1031', 'salt': 'dg5w67om', 'md5': 'd8bf2cc7d08d6d1c0fa58124a893650d', 'sha1': '2560d151a700098c746b20d3c99b1d3b3c07381a', 'sha256': '06616b9bfb29f296f808a9f15a0ca387f59678ac4cb1f66138b2875ab7c11613'}, 'dob': {'date': '1972-10-25T13:00:53.282Z', 'age': 51}, 'registered': {'date': '2014-04-27T09:11:46.558Z', 'age': 9}, 'phone': '0072-2814002', 'cell': '0175-7477327', 'id': {'name': 'SVNR', 'value': '43 251072 B 936'}, 'picture': {'large': 'https://randomuser.me/api/portraits/women/69.jpg', 'medium': 'https://randomuser.me/api/portraits/med/women/69.jpg', 'thumbnail': 'https://randomuser.me/api/portraits/thumb/women/69.jpg'}, 'nat': 'DE'}</msg>
<arg>${json_data['results'][0]}</arg>
<doc>Logs the given message with the given level.</doc>
<status status="PASS" start="2024-04-20T04:18:07.599071" elapsed="0.000421"/>
</kw>
<kw name="Log" owner="BuiltIn">
<msg time="2024-04-20T04:18:07.599915" level="INFO">location</msg>
<arg>${key}</arg>
<doc>Logs the given message with the given level.</doc>
<status status="PASS" start="2024-04-20T04:18:07.599789" elapsed="0.000165"/>
</kw>
<var name="${key}">location</var>
<status status="PASS" start="2024-04-20T04:18:07.598223" elapsed="0.001943"/>
</iter>
<iter>
<kw name="Dictionary Should Contain Key" owner="Collections">
<msg time="2024-04-20T04:18:07.600890" level="INFO">False</msg>
<arg>${json_data['results'][0]}</arg>
<arg>${key}</arg>
<doc>Fails if ``key`` is not found from ``dictionary``.</doc>
<status status="PASS" start="2024-04-20T04:18:07.600497" elapsed="0.000431"/>
</kw>
<kw name="Log" owner="BuiltIn">
<msg time="2024-04-20T04:18:07.601599" level="INFO">{'gender': 'female', 'name': {'title': 'Miss', 'first': 'Cäcilie', 'last': 'Bogner'}, 'location': {'street': {'number': 7787, 'name': 'Blumenstraße'}, 'city': 'Hofheim In Unterfranken', 'state': 'Sachsen-Anhalt', 'country': 'Germany', 'postcode': 56476, 'coordinates': {'latitude': '-55.3667', 'longitude': '178.7574'}, 'timezone': {'offset': '-8:00', 'description': 'Pacific Time (US &amp; Canada)'}}, 'email': 'cacilie.bogner@example.com', 'login': {'uuid': '3122c26d-801e-45ef-b306-5c79b1c44d17', 'username': 'happyfrog827', 'password': '1031', 'salt': 'dg5w67om', 'md5': 'd8bf2cc7d08d6d1c0fa58124a893650d', 'sha1': '2560d151a700098c746b20d3c99b1d3b3c07381a', 'sha256': '06616b9bfb29f296f808a9f15a0ca387f59678ac4cb1f66138b2875ab7c11613'}, 'dob': {'date': '1972-10-25T13:00:53.282Z', 'age': 51}, 'registered': {'date': '2014-04-27T09:11:46.558Z', 'age': 9}, 'phone': '0072-2814002', 'cell': '0175-7477327', 'id': {'name': 'SVNR', 'value': '43 251072 B 936'}, 'picture': {'large': 'https://randomuser.me/api/portraits/women/69.jpg', 'medium': 'https://randomuser.me/api/portraits/med/women/69.jpg', 'thumbnail': 'https://randomuser.me/api/portraits/thumb/women/69.jpg'}, 'nat': 'DE'}</msg>
<arg>${json_data['results'][0]}</arg>
<doc>Logs the given message with the given level.</doc>
<status status="PASS" start="2024-04-20T04:18:07.601226" elapsed="0.000426"/>
</kw>
<kw name="Log" owner="BuiltIn">
<msg time="2024-04-20T04:18:07.602081" level="INFO">email</msg>
<arg>${key}</arg>
<doc>Logs the given message with the given level.</doc>
<status status="PASS" start="2024-04-20T04:18:07.601944" elapsed="0.000174"/>
</kw>
<var name="${key}">email</var>
<status status="PASS" start="2024-04-20T04:18:07.600372" elapsed="0.001961"/>
</iter>
<iter>
<kw name="Dictionary Should Contain Key" owner="Collections">
<msg time="2024-04-20T04:18:07.603018" level="INFO">False</msg>
<arg>${json_data['results'][0]}</arg>
<arg>${key}</arg>
<doc>Fails if ``key`` is not found from ``dictionary``.</doc>
<status status="PASS" start="2024-04-20T04:18:07.602615" elapsed="0.000468"/>
</kw>
<kw name="Log" owner="BuiltIn">
<msg time="2024-04-20T04:18:07.604026" level="INFO">{'gender': 'female', 'name': {'title': 'Miss', 'first': 'Cäcilie', 'last': 'Bogner'}, 'location': {'street': {'number': 7787, 'name': 'Blumenstraße'}, 'city': 'Hofheim In Unterfranken', 'state': 'Sachsen-Anhalt', 'country': 'Germany', 'postcode': 56476, 'coordinates': {'latitude': '-55.3667', 'longitude': '178.7574'}, 'timezone': {'offset': '-8:00', 'description': 'Pacific Time (US &amp; Canada)'}}, 'email': 'cacilie.bogner@example.com', 'login': {'uuid': '3122c26d-801e-45ef-b306-5c79b1c44d17', 'username': 'happyfrog827', 'password': '1031', 'salt': 'dg5w67om', 'md5': 'd8bf2cc7d08d6d1c0fa58124a893650d', 'sha1': '2560d151a700098c746b20d3c99b1d3b3c07381a', 'sha256': '06616b9bfb29f296f808a9f15a0ca387f59678ac4cb1f66138b2875ab7c11613'}, 'dob': {'date': '1972-10-25T13:00:53.282Z', 'age': 51}, 'registered': {'date': '2014-04-27T09:11:46.558Z', 'age': 9}, 'phone': '0072-2814002', 'cell': '0175-7477327', 'id': {'name': 'SVNR', 'value': '43 251072 B 936'}, 'picture': {'large': 'https://randomuser.me/api/portraits/women/69.jpg', 'medium': 'https://randomuser.me/api/portraits/med/women/69.jpg', 'thumbnail': 'https://randomuser.me/api/portraits/thumb/women/69.jpg'}, 'nat': 'DE'}</msg>
<arg>${json_data['results'][0]}</arg>
<doc>Logs the given message with the given level.</doc>
<status status="PASS" start="2024-04-20T04:18:07.603514" elapsed="0.000565"/>
</kw>
<kw name="Log" owner="BuiltIn">
<msg time="2024-04-20T04:18:07.604556" level="INFO">login</msg>
<arg>${key}</arg>
<doc>Logs the given message with the given level.</doc>
<status status="PASS" start="2024-04-20T04:18:07.604425" elapsed="0.000208"/>
</kw>
<var name="${key}">login</var>
<status status="PASS" start="2024-04-20T04:18:07.602505" elapsed="0.002353"/>
</iter>
<var>${key}</var>
<value>@{expected_keys}</value>
<status status="PASS" start="2024-04-20T04:18:07.593614" elapsed="0.011364"/>
</for>
<kw name="Create List" owner="BuiltIn">
<msg time="2024-04-20T04:18:07.605309" level="INFO">${expected_keysTwo} = ['username', 'password']</msg>
<var>${expected_keysTwo}</var>
<arg>username</arg>
<arg>password</arg>
<doc>Returns a list containing given items.</doc>
<status status="PASS" start="2024-04-20T04:18:07.605171" elapsed="0.000162"/>
</kw>
<for flavor="IN">
<iter>
<kw name="Dictionary Should Contain Key" owner="Collections">
<msg time="2024-04-20T04:18:07.606238" level="INFO">False</msg>
<arg>${json_data['results'][0]['login']}</arg>
<arg>${keyTwo}</arg>
<doc>Fails if ``key`` is not found from ``dictionary``.</doc>
<status status="PASS" start="2024-04-20T04:18:07.605843" elapsed="0.000433"/>
</kw>
<kw name="Dictionary Should Contain Key" owner="Collections">
<msg time="2024-04-20T04:18:07.606959" level="INFO">False</msg>
<arg>${json_data['results'][0]['login']}</arg>
<arg>${keyTwo}</arg>
<doc>Fails if ``key`` is not found from ``dictionary``.</doc>
<status status="PASS" start="2024-04-20T04:18:07.606573" elapsed="0.000424"/>
</kw>
<kw name="Log" owner="BuiltIn">
<msg time="2024-04-20T04:18:07.607416" level="INFO">username</msg>
<arg>${keyTwo}</arg>
<doc>Logs the given message with the given level.</doc>
<status status="PASS" start="2024-04-20T04:18:07.607289" elapsed="0.000170"/>
</kw>
<var name="${keyTwo}">username</var>
<status status="PASS" start="2024-04-20T04:18:07.605732" elapsed="0.001944"/>
</iter>
<iter>
<kw name="Dictionary Should Contain Key" owner="Collections">
<msg time="2024-04-20T04:18:07.608472" level="INFO">False</msg>
<arg>${json_data['results'][0]['login']}</arg>
<arg>${keyTwo}</arg>
<doc>Fails if ``key`` is not found from ``dictionary``.</doc>
<status status="PASS" start="2024-04-20T04:18:07.607958" elapsed="0.000561"/>
</kw>
<kw name="Dictionary Should Contain Key" owner="Collections">
<msg time="2024-04-20T04:18:07.609206" level="INFO">False</msg>
<arg>${json_data['results'][0]['login']}</arg>
<arg>${keyTwo}</arg>
<doc>Fails if ``key`` is not found from ``dictionary``.</doc>
<status status="PASS" start="2024-04-20T04:18:07.608823" elapsed="0.000421"/>
</kw>
<kw name="Log" owner="BuiltIn">
<msg time="2024-04-20T04:18:07.609667" level="INFO">password</msg>
<arg>${keyTwo}</arg>
<doc>Logs the given message with the given level.</doc>
<status status="PASS" start="2024-04-20T04:18:07.609540" elapsed="0.000165"/>
</kw>
<var name="${keyTwo}">password</var>
<status status="PASS" start="2024-04-20T04:18:07.607847" elapsed="0.002072"/>
</iter>
<var>${keyTwo}</var>
<value>@{expected_keysTwo}</value>
<status status="PASS" start="2024-04-20T04:18:07.605573" elapsed="0.004467"/>
</for>
<status status="PASS" start="2024-04-20T04:18:07.515699" elapsed="0.094478"/>
</kw>
<doc>Testa a estrutura da resposta da API.</doc>
<tag>testeEstruturaResposta</tag>
<status status="PASS" start="2024-04-20T04:18:07.515092" elapsed="0.095234"/>
</test>
<test id="s1-s1-t4" name="Validar tipos de dados" line="28">
<kw name="Teste de Tipos de Dados" owner="random-user-service">
<kw name="GET On Session" owner="RequestsLibrary">
<msg time="2024-04-20T04:18:07.686753" level="INFO">GET Request : url=https://randomuser.me/api 
 path_url=/api 
 headers={'User-Agent': 'python-requests/2.31.0', 'Accept-Encoding': 'gzip, deflate', 'Accept': '*/*', 'Connection': 'keep-alive'} 
 body=None 
 </msg>
<msg time="2024-04-20T04:18:07.686829" level="INFO">GET Response : url=https://randomuser.me/api 
 status=200, reason=OK 
 headers={'Date': 'Sat, 20 Apr 2024 04:18:07 GMT', 'Content-Type': 'application/json; charset=utf-8', 'Transfer-Encoding': 'chunked', 'Connection': 'keep-alive', 'X-Powered-By': 'Express', 'Access-Control-Allow-Origin': '*', 'Cache-Control': 'no-cache', 'ETag': 'W/"4a0-vBhwfO6mGYEb14ISd/nAngkaqoc"', 'Vary': 'Accept-Encoding', 'Content-Encoding': 'gzip', 'CF-Cache-Status': 'DYNAMIC', 'Report-To': '{"endpoints":[{"url":"https:\\/\\/a.nel.cloudflare.com\\/report\\/v4?s=H%2FKSCbCZM8axgmESNiHSQJoWufNT%2BbYcYs%2FPvAzTCEx1A4QovsCNMsOjPe6tTeiVwb0ZYTTi4d6P5A0T1izid1rbNvv2N2eq%2BqQTzA4UvH6l3ps4qCks2w6pAj3Yx3z9"}],"group":"cf-nel","max_age":604800}', 'NEL': '{"success_fraction":0,"report_to":"cf-nel","max_age":604800}', 'Server': 'cloudflare', 'CF-RAY': '8772541d9d7b9c54-IAD', 'alt-svc': 'h3=":443"; ma=86400'} 
 body={"results":[{"gender":"male","name":{"title":"Mr","first":"Giovanny","last":"Faasen"},"location":{"street":{"number":9250,"name":"Jan van Goijenstraat"},"city":"Weesp","state":"Noord-Holland","country":"Netherlands","postcode":"7576 BS","coordinates":{"latitude":"35.3899","longitude":"-42.4361"},"timezone":{"offset":"+5:30","description":"Bombay, Calcutta, Madras, New Delhi"}},"email":"giovanny.faasen@example.com","login":{"uuid":"53bedea8-78e2-42a4-9e95-7b30b7191aec","username":"organicfrog506","password":"teddybea","salt":"EI3ilPsx","md5":"286fc938d9432522765367363f455c06","sha1":"907376067d8bc84b52dd590363e760b97d2cf1f0","sha256":"42b30328b10332a3383edf51ac5d2afae7962400338c3b5c2e0a8c8786c24ecf"},"dob":{"date":"1985-12-21T11:10:50.949Z","age":38},"registered":{"date":"2006-04-25T15:09:14.672Z","age":17},"phone":"(0136) 131616","cell":"(06) 00521957","id":{"name":"BSN","value":"31179580"},"picture":{"large":"https://randomuser.me/api/portraits/men/0.jpg","medium":"https://randomuser.me/api/portraits/med/men/0.jpg","thumbnail":"https://randomuser.me/api/portraits/thumb/men/0.jpg"},"nat":"NL"}],"info":{"seed":"1f622651689a5249","results":1,"page":1,"version":"1.4"}} 
 </msg>
<msg time="2024-04-20T04:18:07.686897" level="INFO">/opt/hostedtoolcache/Python/3.12.3/x64/lib/python3.12/site-packages/urllib3/connectionpool.py:1103: InsecureRequestWarning: Unverified HTTPS request is being made to host 'randomuser.me'. Adding certificate verification is strongly advised. See: https://urllib3.readthedocs.io/en/latest/advanced-usage.html#tls-warnings
  warnings.warn(</msg>
<msg time="2024-04-20T04:18:07.687009" level="INFO">${response} = &lt;Response [200]&gt;</msg>
<var>${response}</var>
<arg>consultarAPI</arg>
<arg>/api</arg>
<doc>Sends a GET request on a previously created HTTP Session.</doc>
<status status="PASS" start="2024-04-20T04:18:07.612928" elapsed="0.074132"/>
</kw>
<kw name="Set Variable" owner="BuiltIn">
<msg time="2024-04-20T04:18:07.688151" level="INFO">${json_data} = {'results': [{'gender': 'male', 'name': {'title': 'Mr', 'first': 'Giovanny', 'last': 'Faasen'}, 'location': {'street': {'number': 9250, 'name': 'Jan van Goijenstraat'}, 'city': 'Weesp', 'state': 'Noor...</msg>
<var>${json_data}</var>
<arg>${response.json()}</arg>
<doc>Returns the given values which can then be assigned to a variables.</doc>
<status status="PASS" start="2024-04-20T04:18:07.687597" elapsed="0.000583"/>
</kw>
<kw name="Log" owner="BuiltIn">
<msg time="2024-04-20T04:18:07.688675" level="INFO">{'results': [{'gender': 'male', 'name': {'title': 'Mr', 'first': 'Giovanny', 'last': 'Faasen'}, 'location': {'street': {'number': 9250, 'name': 'Jan van Goijenstraat'}, 'city': 'Weesp', 'state': 'Noord-Holland', 'country': 'Netherlands', 'postcode': '7576 BS', 'coordinates': {'latitude': '35.3899', 'longitude': '-42.4361'}, 'timezone': {'offset': '+5:30', 'description': 'Bombay, Calcutta, Madras, New Delhi'}}, 'email': 'giovanny.faasen@example.com', 'login': {'uuid': '53bedea8-78e2-42a4-9e95-7b30b7191aec', 'username': 'organicfrog506', 'password': 'teddybea', 'salt': 'EI3ilPsx', 'md5': '286fc938d9432522765367363f455c06', 'sha1': '907376067d8bc84b52dd590363e760b97d2cf1f0', 'sha256': '42b30328b10332a3383edf51ac5d2afae7962400338c3b5c2e0a8c8786c24ecf'}, 'dob': {'date': '1985-12-21T11:10:50.949Z', 'age': 38}, 'registered': {'date': '2006-04-25T15:09:14.672Z', 'age': 17}, 'phone': '(0136) 131616', 'cell': '(06) 00521957', 'id': {'name': 'BSN', 'value': '31179580'}, 'picture': {'large': 'https://randomuser.me/api/portraits/men/0.jpg', 'medium': 'https://randomuser.me/api/portraits/med/men/0.jpg', 'thumbnail': 'https://randomuser.me/api/portraits/thumb/men/0.jpg'}, 'nat': 'NL'}], 'info': {'seed': '1f622651689a5249', 'results': 1, 'page': 1, 'version': '1.4'}}</msg>
<arg>${json_data}</arg>
<doc>Logs the given message with the given level.</doc>
<status status="PASS" start="2024-04-20T04:18:07.688523" elapsed="0.000229"/>
</kw>
<kw name="Should Be String" owner="String">
<arg>${json_data['results'][0]['gender']}</arg>
<doc>Fails if the given ``item`` is not a string.</doc>
<status status="PASS" start="2024-04-20T04:18:07.689049" elapsed="0.000370"/>
</kw>
<kw name="Should Match Regexp" owner="BuiltIn">
<arg>${json_data['results'][0]['email']}</arg>
<arg>^[a-zA-Z0-9._%+-]+@[a-zA-Z0-9.-]+\.[a-zA-Z]{2,}$</arg>
<doc>Fails if ``string`` does not match ``pattern`` as a regular expression.</doc>
<status status="PASS" start="2024-04-20T04:18:07.689614" elapsed="0.000560"/>
</kw>
<kw name="Should Match Regexp" owner="BuiltIn">
<arg>${json_data['results'][0]['dob']['date']}</arg>
<arg>\\d{4}-\\d{2}-\\d{2}T\\d{2}:\\d{2}:\\d{2}\\.\\d{3}Z</arg>
<doc>Fails if ``string`` does not match ``pattern`` as a regular expression.</doc>
<status status="PASS" start="2024-04-20T04:18:07.690419" elapsed="0.000494"/>
</kw>
<kw name="Should Match Regexp" owner="BuiltIn">
<arg>${json_data['results'][0]['registered']['date']}</arg>
<arg>\\d{4}-\\d{2}-\\d{2}T\\d{2}:\\d{2}:\\d{2}\\.\\d{3}Z</arg>
<doc>Fails if ``string`` does not match ``pattern`` as a regular expression.</doc>
<status status="PASS" start="2024-04-20T04:18:07.691107" elapsed="0.000375"/>
</kw>
<kw name="Should Match Regexp" owner="BuiltIn">
<arg>${json_data['results'][0]['picture']['large']}</arg>
<arg>^https?://.*\.(?:png|jpe?g|gif|bmp)$</arg>
<doc>Fails if ``string`` does not match ``pattern`` as a regular expression.</doc>
<status status="PASS" start="2024-04-20T04:18:07.691673" elapsed="0.000459"/>
</kw>
<kw name="Should Match Regexp" owner="BuiltIn">
<arg>${json_data['results'][0]['picture']['medium']}</arg>
<arg>^https?://.*\.(?:png|jpe?g|gif|bmp)$</arg>
<doc>Fails if ``string`` does not match ``pattern`` as a regular expression.</doc>
<status status="PASS" start="2024-04-20T04:18:07.692352" elapsed="0.000362"/>
</kw>
<kw name="Should Match Regexp" owner="BuiltIn">
<arg>${json_data['results'][0]['picture']['thumbnail']}</arg>
<arg>^https?://.*\.(?:png|jpe?g|gif|bmp)$</arg>
<doc>Fails if ``string`` does not match ``pattern`` as a regular expression.</doc>
<status status="PASS" start="2024-04-20T04:18:07.692905" elapsed="0.000369"/>
</kw>
<kw name="Log" owner="BuiltIn">
<msg time="2024-04-20T04:18:07.693779" level="INFO">{'large': 'https://randomuser.me/api/portraits/men/0.jpg', 'medium': 'https://randomuser.me/api/portraits/med/men/0.jpg', 'thumbnail': 'https://randomuser.me/api/portraits/thumb/men/0.jpg'}</msg>
<arg>${json_data['results'][0]['picture']}</arg>
<doc>Logs the given message with the given level.</doc>
<status status="PASS" start="2024-04-20T04:18:07.693455" elapsed="0.000366"/>
</kw>
<status status="PASS" start="2024-04-20T04:18:07.612632" elapsed="0.081438"/>
</kw>
<kw name="Teste de Tipos de Dados - Postcode" owner="random-user-service">
<kw name="GET On Session" owner="RequestsLibrary">
<msg time="2024-04-20T04:18:07.785482" level="INFO">GET Request : url=https://randomuser.me/api 
 path_url=/api 
 headers={'User-Agent': 'python-requests/2.31.0', 'Accept-Encoding': 'gzip, deflate', 'Accept': '*/*', 'Connection': 'keep-alive'} 
 body=None 
 </msg>
<msg time="2024-04-20T04:18:07.785577" level="INFO">GET Response : url=https://randomuser.me/api 
 status=200, reason=OK 
 headers={'Date': 'Sat, 20 Apr 2024 04:18:07 GMT', 'Content-Type': 'application/json; charset=utf-8', 'Transfer-Encoding': 'chunked', 'Connection': 'keep-alive', 'X-Powered-By': 'Express', 'Access-Control-Allow-Origin': '*', 'Cache-Control': 'no-cache', 'ETag': 'W/"492-zuXeP4neroAIGIcsA6+FHsbpVE8"', 'Vary': 'Accept-Encoding', 'Content-Encoding': 'gzip', 'CF-Cache-Status': 'DYNAMIC', 'Report-To': '{"endpoints":[{"url":"https:\\/\\/a.nel.cloudflare.com\\/report\\/v4?s=tXCz765QuhhjcLJWmae9VV%2Fwtxdi6yN7rBBdGOafj060v8Ltf22hyfCmepJG7ZQ%2BomjeO486asxyszUBaqULq0CHLVnYqFTjUyERM3GkrGR%2BHu6scDpi1ueWFLgxHm5E"}],"group":"cf-nel","max_age":604800}', 'NEL': '{"success_fraction":0,"report_to":"cf-nel","max_age":604800}', 'Server': 'cloudflare', 'CF-RAY': '8772541e1e359c54-IAD', 'alt-svc': 'h3=":443"; ma=86400'} 
 body={"results":[{"gender":"female","name":{"title":"Mrs","first":"Ursula","last":"Kösters"},"location":{"street":{"number":881,"name":"Marktplatz"},"city":"Bad Neustadt an der Saale","state":"Sachsen-Anhalt","country":"Germany","postcode":60361,"coordinates":{"latitude":"-51.3635","longitude":"124.6249"},"timezone":{"offset":"-10:00","description":"Hawaii"}},"email":"ursula.kosters@example.com","login":{"uuid":"f891191d-8c2d-41c6-bdf5-265aa072742f","username":"greendog456","password":"yamaha","salt":"WiYfYzRZ","md5":"af6a427a92d1a9a27c0d5ef7295216d9","sha1":"ab5923d6d752ecd01b27b06eda525b546946f532","sha256":"d1b8bad5813bc16cc100cced25c58acba891425bd301261f79a3dc224e87f9f5"},"dob":{"date":"1964-02-09T06:14:25.786Z","age":60},"registered":{"date":"2015-08-04T11:20:34.470Z","age":8},"phone":"0041-4219603","cell":"0178-5912154","id":{"name":"SVNR","value":"20 090264 K 826"},"picture":{"large":"https://randomuser.me/api/portraits/women/61.jpg","medium":"https://randomuser.me/api/portraits/med/women/61.jpg","thumbnail":"https://randomuser.me/api/portraits/thumb/women/61.jpg"},"nat":"DE"}],"info":{"seed":"5b88038d963e9447","results":1,"page":1,"version":"1.4"}} 
 </msg>
<msg time="2024-04-20T04:18:07.785653" level="INFO">/opt/hostedtoolcache/Python/3.12.3/x64/lib/python3.12/site-packages/urllib3/connectionpool.py:1103: InsecureRequestWarning: Unverified HTTPS request is being made to host 'randomuser.me'. Adding certificate verification is strongly advised. See: https://urllib3.readthedocs.io/en/latest/advanced-usage.html#tls-warnings
  warnings.warn(</msg>
<msg time="2024-04-20T04:18:07.785789" level="INFO">${response} = &lt;Response [200]&gt;</msg>
<var>${response}</var>
<arg>consultarAPI</arg>
<arg>/api</arg>
<doc>Sends a GET request on a previously created HTTP Session.</doc>
<status status="PASS" start="2024-04-20T04:18:07.694500" elapsed="0.091334"/>
</kw>
<kw name="Set Variable" owner="BuiltIn">
<msg time="2024-04-20T04:18:07.786846" level="INFO">${json_data} = {'results': [{'gender': 'female', 'name': {'title': 'Mrs', 'first': 'Ursula', 'last': 'Kösters'}, 'location': {'street': {'number': 881, 'name': 'Marktplatz'}, 'city': 'Bad Neustadt an der Saale', 'st...</msg>
<var>${json_data}</var>
<arg>${response.json()}</arg>
<doc>Returns the given values which can then be assigned to a variables.</doc>
<status status="PASS" start="2024-04-20T04:18:07.786348" elapsed="0.000526"/>
</kw>
<kw name="Log" owner="BuiltIn">
<msg time="2024-04-20T04:18:07.787345" level="INFO">{'results': [{'gender': 'female', 'name': {'title': 'Mrs', 'first': 'Ursula', 'last': 'Kösters'}, 'location': {'street': {'number': 881, 'name': 'Marktplatz'}, 'city': 'Bad Neustadt an der Saale', 'state': 'Sachsen-Anhalt', 'country': 'Germany', 'postcode': 60361, 'coordinates': {'latitude': '-51.3635', 'longitude': '124.6249'}, 'timezone': {'offset': '-10:00', 'description': 'Hawaii'}}, 'email': 'ursula.kosters@example.com', 'login': {'uuid': 'f891191d-8c2d-41c6-bdf5-265aa072742f', 'username': 'greendog456', 'password': 'yamaha', 'salt': 'WiYfYzRZ', 'md5': 'af6a427a92d1a9a27c0d5ef7295216d9', 'sha1': 'ab5923d6d752ecd01b27b06eda525b546946f532', 'sha256': 'd1b8bad5813bc16cc100cced25c58acba891425bd301261f79a3dc224e87f9f5'}, 'dob': {'date': '1964-02-09T06:14:25.786Z', 'age': 60}, 'registered': {'date': '2015-08-04T11:20:34.470Z', 'age': 8}, 'phone': '0041-4219603', 'cell': '0178-5912154', 'id': {'name': 'SVNR', 'value': '20 090264 K 826'}, 'picture': {'large': 'https://randomuser.me/api/portraits/women/61.jpg', 'medium': 'https://randomuser.me/api/portraits/med/women/61.jpg', 'thumbnail': 'https://randomuser.me/api/portraits/thumb/women/61.jpg'}, 'nat': 'DE'}], 'info': {'seed': '5b88038d963e9447', 'results': 1, 'page': 1, 'version': '1.4'}}</msg>
<arg>${json_data}</arg>
<doc>Logs the given message with the given level.</doc>
<status status="PASS" start="2024-04-20T04:18:07.787187" elapsed="0.000240"/>
</kw>
<kw name="Should Be Equal As Numbers" owner="BuiltIn">
<arg>${json_data['results'][0]['location']['postcode']}</arg>
<arg>${json_data['results'][0]['location']['postcode']}</arg>
<doc>Fails if objects are unequal after converting them to real numbers.</doc>
<status status="PASS" start="2024-04-20T04:18:07.787886" elapsed="0.000663"/>
</kw>
<kw name="Log" owner="BuiltIn">
<msg time="2024-04-20T04:18:07.789076" level="INFO">60361</msg>
<arg>${json_data['results'][0]['location']['postcode']}</arg>
<doc>Logs the given message with the given level.</doc>
<status status="PASS" start="2024-04-20T04:18:07.788741" elapsed="0.000375"/>
</kw>
<status status="PASS" start="2024-04-20T04:18:07.694279" elapsed="0.095091"/>
</kw>
<doc>Testa se os tipos de dados na resposta da API estão corretos.</doc>
<tag>testeTiposDados</tag>
<status status="PASS" start="2024-04-20T04:18:07.612085" elapsed="0.177450"/>
</test>
<test id="s1-s1-t5" name="Validar conteudo" line="35">
<kw name="Teste de Tipos de Conteudo" owner="random-user-service">
<kw name="GET On Session" owner="RequestsLibrary">
<msg time="2024-04-20T04:18:07.888137" level="INFO">GET Request : url=https://randomuser.me/api 
 path_url=/api 
 headers={'User-Agent': 'python-requests/2.31.0', 'Accept-Encoding': 'gzip, deflate', 'Accept': '*/*', 'Connection': 'keep-alive'} 
 body=None 
 </msg>
<msg time="2024-04-20T04:18:07.888214" level="INFO">GET Response : url=https://randomuser.me/api 
 status=200, reason=OK 
 headers={'Date': 'Sat, 20 Apr 2024 04:18:07 GMT', 'Content-Type': 'application/json; charset=utf-8', 'Transfer-Encoding': 'chunked', 'Connection': 'keep-alive', 'X-Powered-By': 'Express', 'Access-Control-Allow-Origin': '*', 'Cache-Control': 'no-cache', 'ETag': 'W/"498-EU+BrT/pSf6qf2J78h/8KfJ/JKo"', 'Vary': 'Accept-Encoding', 'Content-Encoding': 'gzip', 'CF-Cache-Status': 'DYNAMIC', 'Report-To': '{"endpoints":[{"url":"https:\\/\\/a.nel.cloudflare.com\\/report\\/v4?s=DexPe8Kw0M8%2F0IyErt4NUlzX3Nj48uqlPYk0Bp2LdUThYqDJuJ4uOms%2FJP5eLxAHo9fDp7N0JOVO3sm2f%2BO0evtYf2xeyO8HLt9Fh0e9uqwlsiLvVWGF07bAVz0LElba"}],"group":"cf-nel","max_age":604800}', 'NEL': '{"success_fraction":0,"report_to":"cf-nel","max_age":604800}', 'Server': 'cloudflare', 'CF-RAY': '8772541ebf119c54-IAD', 'alt-svc': 'h3=":443"; ma=86400'} 
 body={"results":[{"gender":"female","name":{"title":"Mrs","first":"Esparta","last":"Quiñones"},"location":{"street":{"number":6549,"name":"Callejón Sur Vaca"},"city":"Simojovel","state":"Tlaxcala","country":"Mexico","postcode":12961,"coordinates":{"latitude":"29.8912","longitude":"84.7762"},"timezone":{"offset":"-11:00","description":"Midway Island, Samoa"}},"email":"esparta.quinones@example.com","login":{"uuid":"5b71a4de-0013-471f-b733-81d1e1a33622","username":"bluelion179","password":"carmel","salt":"bgnEh79B","md5":"b9a67c5309e2d7f96a29f5260ba7e8de","sha1":"78c584bb6f5b3e05b4f1258dbe17ebbc05c115f5","sha256":"4e2971acee2b3b8b7ed70ebca5079ecef4308ce5ec904120b4d752b23c6439bb"},"dob":{"date":"1993-03-02T16:50:51.668Z","age":31},"registered":{"date":"2004-06-10T21:33:21.852Z","age":19},"phone":"(606) 223 1132","cell":"(646) 634 5247","id":{"name":"NSS","value":"59 43 58 8454 9"},"picture":{"large":"https://randomuser.me/api/portraits/women/88.jpg","medium":"https://randomuser.me/api/portraits/med/women/88.jpg","thumbnail":"https://randomuser.me/api/portraits/thumb/women/88.jpg"},"nat":"MX"}],"info":{"seed":"ed09eec22695f3ba","results":1,"page":1,"version":"1.4"}} 
 </msg>
<msg time="2024-04-20T04:18:07.888320" level="INFO">/opt/hostedtoolcache/Python/3.12.3/x64/lib/python3.12/site-packages/urllib3/connectionpool.py:1103: InsecureRequestWarning: Unverified HTTPS request is being made to host 'randomuser.me'. Adding certificate verification is strongly advised. See: https://urllib3.readthedocs.io/en/latest/advanced-usage.html#tls-warnings
  warnings.warn(</msg>
<msg time="2024-04-20T04:18:07.888453" level="INFO">${response} = &lt;Response [200]&gt;</msg>
<var>${response}</var>
<arg>consultarAPI</arg>
<arg>/api</arg>
<doc>Sends a GET request on a previously created HTTP Session.</doc>
<status status="PASS" start="2024-04-20T04:18:07.792032" elapsed="0.096488"/>
</kw>
<kw name="Set Variable" owner="BuiltIn">
<msg time="2024-04-20T04:18:07.889390" level="INFO">${json_data} = {'results': [{'gender': 'female', 'name': {'title': 'Mrs', 'first': 'Esparta', 'last': 'Quiñones'}, 'location': {'street': {'number': 6549, 'name': 'Callejón Sur Vaca'}, 'city': 'Simojovel', 'state': ...</msg>
<var>${json_data}</var>
<arg>${response.json()}</arg>
<doc>Returns the given values which can then be assigned to a variables.</doc>
<status status="PASS" start="2024-04-20T04:18:07.888949" elapsed="0.000469"/>
</kw>
<kw name="Set Variable" owner="BuiltIn">
<msg time="2024-04-20T04:18:07.890095" level="INFO">${name_title} = Mrs</msg>
<var>${name_title}</var>
<arg>${json_data["results"][0]["name"]["title"]}</arg>
<doc>Returns the given values which can then be assigned to a variables.</doc>
<status status="PASS" start="2024-04-20T04:18:07.889718" elapsed="0.000403"/>
</kw>
<kw name="Create List" owner="BuiltIn">
<msg time="2024-04-20T04:18:07.890560" level="INFO">${allowed_titles} = ['Mr', 'Ms', 'Miss', 'Mrs', 'Madame', 'Monsieur']</msg>
<var>${allowed_titles}</var>
<arg>Mr</arg>
<arg>Ms</arg>
<arg>Miss</arg>
<arg>Mrs</arg>
<arg>Madame</arg>
<arg>Monsieur</arg>
<doc>Returns a list containing given items.</doc>
<status status="PASS" start="2024-04-20T04:18:07.890415" elapsed="0.000168"/>
</kw>
<kw name="List Should Contain Value" owner="Collections">
<msg time="2024-04-20T04:18:07.891048" level="INFO">False</msg>
<arg>${allowed_titles}</arg>
<arg>${name_title}</arg>
<doc>Fails if the ``value`` is not found from ``list``.</doc>
<status status="PASS" start="2024-04-20T04:18:07.890879" elapsed="0.000204"/>
</kw>
<kw name="Set Variable" owner="BuiltIn">
<msg time="2024-04-20T04:18:07.891741" level="INFO">${name_country} = MX</msg>
<var>${name_country}</var>
<arg>${json_data["results"][0]["nat"]}</arg>
<doc>Returns the given values which can then be assigned to a variables.</doc>
<status status="PASS" start="2024-04-20T04:18:07.891367" elapsed="0.000399"/>
</kw>
<kw name="Create List" owner="BuiltIn">
<msg time="2024-04-20T04:18:07.892673" level="INFO">${list_country} = ['AD', 'AE', 'AF', 'AG', 'AI', 'AL', 'AM', 'AO', 'AQ', 'AR', 'AS', 'AT', 'AU', 'AW', 'AX', 'AZ', 'BA', 'BB', 'BD', 'BE', 'BF', 'BG', 'BH', 'BI', 'BJ', 'BL', 'BM', 'BN', 'BO', 'BQ', 'BR', 'BS', 'BT', '...</msg>
<var>${list_country}</var>
<arg>AD</arg>
<arg>AE</arg>
<arg>AF</arg>
<arg>AG</arg>
<arg>AI</arg>
<arg>AL</arg>
<arg>AM</arg>
<arg>AO</arg>
<arg>AQ</arg>
<arg>AR</arg>
<arg>AS</arg>
<arg>AT</arg>
<arg>AU</arg>
<arg>AW</arg>
<arg>AX</arg>
<arg>AZ</arg>
<arg>BA</arg>
<arg>BB</arg>
<arg>BD</arg>
<arg>BE</arg>
<arg>BF</arg>
<arg>BG</arg>
<arg>BH</arg>
<arg>BI</arg>
<arg>BJ</arg>
<arg>BL</arg>
<arg>BM</arg>
<arg>BN</arg>
<arg>BO</arg>
<arg>BQ</arg>
<arg>BR</arg>
<arg>BS</arg>
<arg>BT</arg>
<arg>BV</arg>
<arg>BW</arg>
<arg>BY</arg>
<arg>BZ</arg>
<arg>CA</arg>
<arg>CC</arg>
<arg>CD</arg>
<arg>CF</arg>
<arg>CG</arg>
<arg>CH</arg>
<arg>CI</arg>
<arg>CK</arg>
<arg>CL</arg>
<arg>CM</arg>
<arg>CN</arg>
<arg>CO</arg>
<arg>CR</arg>
<arg>CU</arg>
<arg>CV</arg>
<arg>CW</arg>
<arg>CX</arg>
<arg>CY</arg>
<arg>CZ</arg>
<arg>DE</arg>
<arg>DJ</arg>
<arg>DK</arg>
<arg>DM</arg>
<arg>DO</arg>
<arg>DZ</arg>
<arg>EC</arg>
<arg>EE</arg>
<arg>EG</arg>
<arg>EH</arg>
<arg>ER</arg>
<arg>ES</arg>
<arg>ET</arg>
<arg>FI</arg>
<arg>FJ</arg>
<arg>FK</arg>
<arg>FM</arg>
<arg>FO</arg>
<arg>FR</arg>
<arg>GA</arg>
<arg>GB</arg>
<arg>GD</arg>
<arg>GE</arg>
<arg>GF</arg>
<arg>GG</arg>
<arg>GH</arg>
<arg>GI</arg>
<arg>GL</arg>
<arg>GM</arg>
<arg>GN</arg>
<arg>GP</arg>
<arg>GQ</arg>
<arg>GR</arg>
<arg>GS</arg>
<arg>GT</arg>
<arg>GU</arg>
<arg>GW</arg>
<arg>GY</arg>
<arg>HK</arg>
<arg>HM</arg>
<arg>HN</arg>
<arg>HR</arg>
<arg>HT</arg>
<arg>HU</arg>
<arg>ID</arg>
<arg>IE</arg>
<arg>IL</arg>
<arg>IM</arg>
<arg>IN</arg>
<arg>IO</arg>
<arg>IQ</arg>
<arg>IR</arg>
<arg>IS</arg>
<arg>IT</arg>
<arg>JE</arg>
<arg>JM</arg>
<arg>JO</arg>
<arg>JP</arg>
<arg>KE</arg>
<arg>KG</arg>
<arg>KH</arg>
<arg>KI</arg>
<arg>KM</arg>
<arg>KN</arg>
<arg>KP</arg>
<arg>KR</arg>
<arg>KW</arg>
<arg>KY</arg>
<arg>KZ</arg>
<arg>LA</arg>
<arg>LB</arg>
<arg>LC</arg>
<arg>LI</arg>
<arg>LK</arg>
<arg>LR</arg>
<arg>LS</arg>
<arg>LT</arg>
<arg>LU</arg>
<arg>LV</arg>
<arg>LY</arg>
<arg>MA</arg>
<arg>MC</arg>
<arg>MD</arg>
<arg>ME</arg>
<arg>MF</arg>
<arg>MG</arg>
<arg>MH</arg>
<arg>MK</arg>
<arg>ML</arg>
<arg>MM</arg>
<arg>MN</arg>
<arg>MO</arg>
<arg>MP</arg>
<arg>MQ</arg>
<arg>MR</arg>
<arg>MS</arg>
<arg>MT</arg>
<arg>MU</arg>
<arg>MV</arg>
<arg>MW</arg>
<arg>MX</arg>
<arg>MY</arg>
<arg>MZ</arg>
<arg>NA</arg>
<arg>NC</arg>
<arg>NE</arg>
<arg>NF</arg>
<arg>NG</arg>
<arg>NI</arg>
<arg>NL</arg>
<arg>NO</arg>
<arg>NP</arg>
<arg>NR</arg>
<arg>NU</arg>
<arg>NZ</arg>
<arg>OM</arg>
<arg>PA</arg>
<arg>PE</arg>
<arg>PF</arg>
<arg>PG</arg>
<arg>PH</arg>
<arg>PK</arg>
<arg>PL</arg>
<arg>PM</arg>
<arg>PN</arg>
<arg>PR</arg>
<arg>PS</arg>
<arg>PT</arg>
<arg>PW</arg>
<arg>PY</arg>
<arg>QA</arg>
<arg>RE</arg>
<arg>RO</arg>
<arg>RS</arg>
<arg>RU</arg>
<arg>RW</arg>
<arg>SA</arg>
<arg>SB</arg>
<arg>SC</arg>
<arg>SD</arg>
<arg>SE</arg>
<arg>SG</arg>
<arg>SH</arg>
<arg>SI</arg>
<arg>SJ</arg>
<arg>SK</arg>
<arg>SL</arg>
<arg>SM</arg>
<arg>SN</arg>
<arg>SO</arg>
<arg>SR</arg>
<arg>SS</arg>
<arg>ST</arg>
<arg>SV</arg>
<arg>SX</arg>
<arg>SY</arg>
<arg>SZ</arg>
<arg>TC</arg>
<arg>TD</arg>
<arg>TF</arg>
<arg>TG</arg>
<arg>TH</arg>
<arg>TJ</arg>
<arg>TK</arg>
<arg>TL</arg>
<arg>TM</arg>
<arg>TN</arg>
<arg>TO</arg>
<arg>TR</arg>
<arg>TT</arg>
<arg>TV</arg>
<arg>TW</arg>
<arg>TZ</arg>
<arg>UA</arg>
<arg>UG</arg>
<arg>UM</arg>
<arg>US</arg>
<arg>UY</arg>
<arg>UZ</arg>
<arg>VA</arg>
<arg>VC</arg>
<arg>VE</arg>
<arg>VG</arg>
<arg>VI</arg>
<arg>VN</arg>
<arg>VU</arg>
<arg>WF</arg>
<arg>WS</arg>
<arg>XK</arg>
<arg>YE</arg>
<arg>YT</arg>
<arg>ZA</arg>
<arg>ZM</arg>
<arg>ZW</arg>
<doc>Returns a list containing given items.</doc>
<status status="PASS" start="2024-04-20T04:18:07.892063" elapsed="0.000636"/>
</kw>
<kw name="List Should Contain Value" owner="Collections">
<msg time="2024-04-20T04:18:07.893686" level="INFO">False</msg>
<arg>${list_country}</arg>
<arg>${name_country}</arg>
<doc>Fails if the ``value`` is not found from ``list``.</doc>
<status status="PASS" start="2024-04-20T04:18:07.893487" elapsed="0.000235"/>
</kw>
<kw name="Run Keyword If" owner="BuiltIn">
<kw name="Should Be True" owner="BuiltIn">
<arg>${True}</arg>
<doc>Fails if the given condition is not true.</doc>
<status status="PASS" start="2024-04-20T04:18:07.894793" elapsed="0.000245"/>
</kw>
<arg>${json_data["results"][0]["location"]["coordinates"]["latitude"]} &gt;= -90 and ${json_data["results"][0]["location"]["coordinates"]["latitude"]} &lt;= 90</arg>
<arg>Should Be True</arg>
<arg>${True}</arg>
<doc>Runs the given keyword with the given arguments, if ``condition`` is true.</doc>
<status status="PASS" start="2024-04-20T04:18:07.894031" elapsed="0.001139"/>
</kw>
<kw name="Run Keyword If" owner="BuiltIn">
<kw name="Should Be True" owner="BuiltIn">
<arg>${True}</arg>
<doc>Fails if the given condition is not true.</doc>
<status status="PASS" start="2024-04-20T04:18:07.896073" elapsed="0.000138"/>
</kw>
<arg>${json_data["results"][0]["location"]["coordinates"]["longitude"]} &gt;= -180 and ${json_data["results"][0]["location"]["coordinates"]["longitude"]} &lt;= 180</arg>
<arg>Should Be True</arg>
<arg>${True}</arg>
<doc>Runs the given keyword with the given arguments, if ``condition`` is true.</doc>
<status status="PASS" start="2024-04-20T04:18:07.895362" elapsed="0.000996"/>
</kw>
<status status="PASS" start="2024-04-20T04:18:07.791809" elapsed="0.104677"/>
</kw>
<doc>Testa o conteúdo específico dos campos retornados pela API.</doc>
<tag>testeConteudo</tag>
<status status="PASS" start="2024-04-20T04:18:07.791298" elapsed="0.105328"/>
</test>
<status status="PASS" start="2024-04-20T04:18:07.001235" elapsed="0.897312"/>
</suite>
<status status="PASS" start="2024-04-20T04:18:06.987817" elapsed="0.915811"/>
</suite>
<statistics>
<total>
<stat pass="5" fail="0" skip="0">All Tests</stat>
</total>
<tag>
<stat pass="1" fail="0" skip="0">testeConteudo</stat>
<stat pass="1" fail="0" skip="0">testeEstruturaResposta</stat>
<stat pass="1" fail="0" skip="0">testeRequisicaoBasica</stat>
<stat pass="1" fail="0" skip="0">testeTiposDados</stat>
</tag>
<suite>
<stat pass="5" fail="0" skip="0" id="s1" name="Tests">Tests</stat>
<stat pass="5" fail="0" skip="0" id="s1-s1" name="Random-User-Test">Tests.Random-User-Test</stat>
</suite>
</statistics>
<errors>
</errors>
</robot>
