<?xml version="1.0" encoding="UTF-8"?>
<robot generator="Robot 7.0.1 (Python 3.12.4 on linux)" generated="2024-07-10T07:15:59.200925" rpa="false" schemaversion="5">
<suite id="s1" name="Tests" source="/home/runner/work/ApiRandomUser/ApiRandomUser/RamdonUser/tests">
<suite id="s1-s1" name="Random-User-Test" source="/home/runner/work/ApiRandomUser/ApiRandomUser/RamdonUser/tests/random-user-test.robot">
<test id="s1-s1-t1" name="Conectar" line="13">
<kw name="Conectar API" owner="random-user-service">
<kw name="Create Session" owner="RequestsLibrary">
<msg time="2024-07-10T07:15:59.594302" level="INFO">Creating Session using : alias=consultarAPI, url=https://randomuser.me/, headers={},                     cookies={}, auth=None, timeout=None, proxies=None, verify=False,                     debug=0 </msg>
<arg>consultarAPI</arg>
<arg>${URL}</arg>
<doc>Create Session: create a HTTP session to a server</doc>
<status status="PASS" start="2024-07-10T07:15:59.594106" elapsed="0.000364"/>
</kw>
<status status="PASS" start="2024-07-10T07:15:59.593192" elapsed="0.001620"/>
</kw>
<status status="PASS" start="2024-07-10T07:15:59.592657" elapsed="0.002343"/>
</test>
<test id="s1-s1-t2" name="Validar retorno 200 e JSON Válido" line="16">
<kw name="Teste de Requisicao Basica" owner="random-user-service">
<kw name="GET On Session" owner="RequestsLibrary">
<msg time="2024-07-10T07:15:59.707919" level="INFO">GET Request : url=https://randomuser.me/api 
 path_url=/api 
 headers={'User-Agent': 'python-requests/2.32.3', 'Accept-Encoding': 'gzip, deflate', 'Accept': '*/*', 'Connection': 'keep-alive'} 
 body=None 
 </msg>
<msg time="2024-07-10T07:15:59.708072" level="INFO">GET Response : url=https://randomuser.me/api 
 status=200, reason=OK 
 headers={'Date': 'Wed, 10 Jul 2024 07:15:59 GMT', 'Content-Type': 'application/json; charset=utf-8', 'Transfer-Encoding': 'chunked', 'Connection': 'keep-alive', 'X-Powered-By': 'Express', 'Access-Control-Allow-Origin': '*', 'Cache-Control': 'no-cache', 'ETag': 'W/"488-jjDLC2kv6Mx2l4w+5xMHeBW5pew"', 'Vary': 'Accept-Encoding', 'Content-Encoding': 'gzip', 'CF-Cache-Status': 'DYNAMIC', 'Report-To': '{"endpoints":[{"url":"https:\\/\\/a.nel.cloudflare.com\\/report\\/v4?s=wz7ulISFul%2FjsCtfpy6WFQZDExsqIGySzUmdcm%2FjJLhAoHSGxlfmhkOtxn36ICLC70%2F3slilIkFfv2KdviYgrxoGrsT2m%2FofriQuSlzQj6P75JzwEYSJ9wNkSPjyGpjc"}],"group":"cf-nel","max_age":604800}', 'NEL': '{"success_fraction":0,"report_to":"cf-nel","max_age":604800}', 'Server': 'cloudflare', 'CF-RAY': '8a0ec4099a2816a2-SJC', 'alt-svc': 'h3=":443"; ma=86400'} 
 body={"results":[{"gender":"male","name":{"title":"Mr","first":"Lucas","last":"Thomsen"},"location":{"street":{"number":9855,"name":"Gasværksvej"},"city":"Aalborg S.Ø.","state":"Hovedstaden","country":"Denmark","postcode":47804,"coordinates":{"latitude":"-44.1048","longitude":"-69.0532"},"timezone":{"offset":"+4:00","description":"Abu Dhabi, Muscat, Baku, Tbilisi"}},"email":"lucas.thomsen@example.com","login":{"uuid":"7f9f3056-d40b-4d1c-b574-5847e03b9cd6","username":"heavyfish404","password":"eduard","salt":"ZtbU1eWD","md5":"08f6bc97617b287a53910fbcb85cdb88","sha1":"bbe8680cb6e4aae7170a80f0a2ec8e2829c1fb74","sha256":"fd0619e5c2e5f3f821d04d1caaa3462bd3248a80e12d435f322f64fffbedd76e"},"dob":{"date":"1974-03-31T01:51:14.787Z","age":50},"registered":{"date":"2007-05-26T17:51:59.456Z","age":17},"phone":"90265783","cell":"00093687","id":{"name":"CPR","value":"300374-0309"},"picture":{"large":"https://randomuser.me/api/portraits/men/48.jpg","medium":"https://randomuser.me/api/portraits/med/men/48.jpg","thumbnail":"https://randomuser.me/api/portraits/thumb/men/48.jpg"},"nat":"DK"}],"info":{"seed":"536be4bd73642bbd","results":1,"page":1,"version":"1.4"}} 
 </msg>
<msg time="2024-07-10T07:15:59.708160" level="INFO">/opt/hostedtoolcache/Python/3.12.4/x64/lib/python3.12/site-packages/urllib3/connectionpool.py:1099: InsecureRequestWarning: Unverified HTTPS request is being made to host 'randomuser.me'. Adding certificate verification is strongly advised. See: https://urllib3.readthedocs.io/en/latest/advanced-usage.html#tls-warnings
  warnings.warn(</msg>
<msg time="2024-07-10T07:15:59.708315" level="INFO">${response} = &lt;Response [200]&gt;</msg>
<var>${response}</var>
<arg>consultarAPI</arg>
<arg>/api</arg>
<doc>Sends a GET request on a previously created HTTP Session.</doc>
<status status="PASS" start="2024-07-10T07:15:59.597574" elapsed="0.110786"/>
</kw>
<kw name="Should Be Equal As Numbers" owner="BuiltIn">
<msg time="2024-07-10T07:15:59.709492" level="INFO">Argument types are:
&lt;class 'int'&gt;
&lt;class 'str'&gt;</msg>
<arg>${response.status_code}</arg>
<arg>200</arg>
<doc>Fails if objects are unequal after converting them to real numbers.</doc>
<status status="PASS" start="2024-07-10T07:15:59.709008" elapsed="0.000552"/>
</kw>
<kw name="Log" owner="BuiltIn">
<msg time="2024-07-10T07:15:59.710244" level="INFO">200</msg>
<arg>${response.status_code}</arg>
<doc>Logs the given message with the given level.</doc>
<status status="PASS" start="2024-07-10T07:15:59.709885" elapsed="0.000403"/>
</kw>
<kw name="Set Variable" owner="BuiltIn">
<msg time="2024-07-10T07:15:59.711041" level="INFO">${json_data} = {'results': [{'gender': 'male', 'name': {'title': 'Mr', 'first': 'Lucas', 'last': 'Thomsen'}, 'location': {'street': {'number': 9855, 'name': 'Gasværksvej'}, 'city': 'Aalborg S.Ø.', 'state': 'Hovedsta...</msg>
<var>${json_data}</var>
<arg>${response.json()}</arg>
<doc>Returns the given values which can then be assigned to a variables.</doc>
<status status="PASS" start="2024-07-10T07:15:59.710598" elapsed="0.000473"/>
</kw>
<kw name="Dictionary Should Contain Key" owner="Collections">
<arg>${json_data}</arg>
<arg>results</arg>
<doc>Fails if ``key`` is not found from ``dictionary``.</doc>
<status status="PASS" start="2024-07-10T07:15:59.711373" elapsed="0.000165"/>
</kw>
<status status="PASS" start="2024-07-10T07:15:59.597331" elapsed="0.114361"/>
</kw>
<doc>Testa se a API responde corretamente e retorna um objeto JSON válido.</doc>
<tag>testeRequisicaoBasica</tag>
<status status="PASS" start="2024-07-10T07:15:59.596880" elapsed="0.115036"/>
</test>
<test id="s1-s1-t3" name="Validar estrutura de resposta" line="22">
<kw name="Teste de Estrutura de Resposta" owner="random-user-service">
<kw name="GET On Session" owner="RequestsLibrary">
<msg time="2024-07-10T07:16:00.038549" level="INFO">GET Request : url=https://randomuser.me/api 
 path_url=/api 
 headers={'User-Agent': 'python-requests/2.32.3', 'Accept-Encoding': 'gzip, deflate', 'Accept': '*/*', 'Connection': 'keep-alive'} 
 body=None 
 </msg>
<msg time="2024-07-10T07:16:00.038650" level="INFO">GET Response : url=https://randomuser.me/api 
 status=200, reason=OK 
 headers={'Date': 'Wed, 10 Jul 2024 07:16:00 GMT', 'Content-Type': 'application/json; charset=utf-8', 'Transfer-Encoding': 'chunked', 'Connection': 'keep-alive', 'X-Powered-By': 'Express', 'Access-Control-Allow-Origin': '*', 'Cache-Control': 'no-cache', 'ETag': 'W/"47d-eb+jQkYRqBqU2CEBx9I+MqCo4uc"', 'Vary': 'Accept-Encoding', 'Content-Encoding': 'gzip', 'CF-Cache-Status': 'DYNAMIC', 'Report-To': '{"endpoints":[{"url":"https:\\/\\/a.nel.cloudflare.com\\/report\\/v4?s=%2F5GwtsclMj66%2FSP8%2BpwGL6WkmLU1aHoXkvj2o5J6%2FIDPEecKAUjoOabaNURTnMzNXWMC8DvR%2FSRv7yxJHJ5Gm1B7QJSHru0h2ajd%2FJpP9as8MhYlBIXm%2Ba8kaR2DLMRn"}],"group":"cf-nel","max_age":604800}', 'NEL': '{"success_fraction":0,"report_to":"cf-nel","max_age":604800}', 'Server': 'cloudflare', 'CF-RAY': '8a0ec40a3ae216a2-SJC', 'alt-svc': 'h3=":443"; ma=86400'} 
 body={"results":[{"gender":"male","name":{"title":"Mr","first":"Guy","last":"Wallace"},"location":{"street":{"number":2891,"name":"Grange Road"},"city":"Liverpool","state":"Herefordshire","country":"United Kingdom","postcode":"ZK5 6EE","coordinates":{"latitude":"-12.3295","longitude":"-12.6813"},"timezone":{"offset":"+5:45","description":"Kathmandu"}},"email":"guy.wallace@example.com","login":{"uuid":"6ec43874-a3aa-4e69-9083-327060672db5","username":"orangeduck301","password":"88888","salt":"PmOO4yLv","md5":"71086250c451f56bb9e1b113e8797db1","sha1":"736099961ee0efe50b165d55ad9a53add5edcd64","sha256":"05f359acbc9401dd4e40083e3b95b83353b84c4c4439c6ef34ae2e7de4157895"},"dob":{"date":"1954-06-17T21:04:03.701Z","age":70},"registered":{"date":"2011-02-24T05:16:41.152Z","age":13},"phone":"016974 72346","cell":"07616 455872","id":{"name":"NINO","value":"KE 19 19 77 Y"},"picture":{"large":"https://randomuser.me/api/portraits/men/2.jpg","medium":"https://randomuser.me/api/portraits/med/men/2.jpg","thumbnail":"https://randomuser.me/api/portraits/thumb/men/2.jpg"},"nat":"GB"}],"info":{"seed":"7ff1907bcc04ba16","results":1,"page":1,"version":"1.4"}} 
 </msg>
<msg time="2024-07-10T07:16:00.038785" level="INFO">/opt/hostedtoolcache/Python/3.12.4/x64/lib/python3.12/site-packages/urllib3/connectionpool.py:1099: InsecureRequestWarning: Unverified HTTPS request is being made to host 'randomuser.me'. Adding certificate verification is strongly advised. See: https://urllib3.readthedocs.io/en/latest/advanced-usage.html#tls-warnings
  warnings.warn(</msg>
<msg time="2024-07-10T07:16:00.038911" level="INFO">${response} = &lt;Response [200]&gt;</msg>
<var>${response}</var>
<arg>consultarAPI</arg>
<arg>/api</arg>
<doc>Sends a GET request on a previously created HTTP Session.</doc>
<status status="PASS" start="2024-07-10T07:15:59.714630" elapsed="0.324324"/>
</kw>
<kw name="Set Variable" owner="BuiltIn">
<msg time="2024-07-10T07:16:00.040168" level="INFO">${json_data} = {'results': [{'gender': 'male', 'name': {'title': 'Mr', 'first': 'Guy', 'last': 'Wallace'}, 'location': {'street': {'number': 2891, 'name': 'Grange Road'}, 'city': 'Liverpool', 'state': 'Herefordshire...</msg>
<var>${json_data}</var>
<arg>${response.json()}</arg>
<doc>Returns the given values which can then be assigned to a variables.</doc>
<status status="PASS" start="2024-07-10T07:16:00.039564" elapsed="0.000632"/>
</kw>
<kw name="Log" owner="BuiltIn">
<msg time="2024-07-10T07:16:00.040661" level="INFO">{'results': [{'gender': 'male', 'name': {'title': 'Mr', 'first': 'Guy', 'last': 'Wallace'}, 'location': {'street': {'number': 2891, 'name': 'Grange Road'}, 'city': 'Liverpool', 'state': 'Herefordshire', 'country': 'United Kingdom', 'postcode': 'ZK5 6EE', 'coordinates': {'latitude': '-12.3295', 'longitude': '-12.6813'}, 'timezone': {'offset': '+5:45', 'description': 'Kathmandu'}}, 'email': 'guy.wallace@example.com', 'login': {'uuid': '6ec43874-a3aa-4e69-9083-327060672db5', 'username': 'orangeduck301', 'password': '88888', 'salt': 'PmOO4yLv', 'md5': '71086250c451f56bb9e1b113e8797db1', 'sha1': '736099961ee0efe50b165d55ad9a53add5edcd64', 'sha256': '05f359acbc9401dd4e40083e3b95b83353b84c4c4439c6ef34ae2e7de4157895'}, 'dob': {'date': '1954-06-17T21:04:03.701Z', 'age': 70}, 'registered': {'date': '2011-02-24T05:16:41.152Z', 'age': 13}, 'phone': '016974 72346', 'cell': '07616 455872', 'id': {'name': 'NINO', 'value': 'KE 19 19 77 Y'}, 'picture': {'large': 'https://randomuser.me/api/portraits/men/2.jpg', 'medium': 'https://randomuser.me/api/portraits/med/men/2.jpg', 'thumbnail': 'https://randomuser.me/api/portraits/thumb/men/2.jpg'}, 'nat': 'GB'}], 'info': {'seed': '7ff1907bcc04ba16', 'results': 1, 'page': 1, 'version': '1.4'}}</msg>
<arg>${json_data}</arg>
<doc>Logs the given message with the given level.</doc>
<status status="PASS" start="2024-07-10T07:16:00.040505" elapsed="0.000202"/>
</kw>
<kw name="Dictionary Should Contain Key" owner="Collections">
<arg>${json_data}</arg>
<arg>results</arg>
<doc>Fails if ``key`` is not found from ``dictionary``.</doc>
<status status="PASS" start="2024-07-10T07:16:00.040993" elapsed="0.000160"/>
</kw>
<kw name="Should Not Be Empty" owner="BuiltIn">
<msg time="2024-07-10T07:16:00.041465" level="INFO">Length is 2.</msg>
<arg>${json_data}</arg>
<doc>Verifies that the given item is not empty.</doc>
<status status="PASS" start="2024-07-10T07:16:00.041335" elapsed="0.000168"/>
</kw>
<kw name="Create List" owner="BuiltIn">
<msg time="2024-07-10T07:16:00.041942" level="INFO">${expected_keys} = ['gender', 'name', 'location', 'email', 'login']</msg>
<var>${expected_keys}</var>
<arg>gender</arg>
<arg>name</arg>
<arg>location</arg>
<arg>email</arg>
<arg>login</arg>
<doc>Returns a list containing given items.</doc>
<status status="PASS" start="2024-07-10T07:16:00.041794" elapsed="0.000172"/>
</kw>
<for flavor="IN">
<iter>
<kw name="Dictionary Should Contain Key" owner="Collections">
<arg>${json_data['results'][0]}</arg>
<arg>${key}</arg>
<doc>Fails if ``key`` is not found from ``dictionary``.</doc>
<status status="PASS" start="2024-07-10T07:16:00.042718" elapsed="0.000395"/>
</kw>
<kw name="Log" owner="BuiltIn">
<msg time="2024-07-10T07:16:00.043660" level="INFO">{'gender': 'male', 'name': {'title': 'Mr', 'first': 'Guy', 'last': 'Wallace'}, 'location': {'street': {'number': 2891, 'name': 'Grange Road'}, 'city': 'Liverpool', 'state': 'Herefordshire', 'country': 'United Kingdom', 'postcode': 'ZK5 6EE', 'coordinates': {'latitude': '-12.3295', 'longitude': '-12.6813'}, 'timezone': {'offset': '+5:45', 'description': 'Kathmandu'}}, 'email': 'guy.wallace@example.com', 'login': {'uuid': '6ec43874-a3aa-4e69-9083-327060672db5', 'username': 'orangeduck301', 'password': '88888', 'salt': 'PmOO4yLv', 'md5': '71086250c451f56bb9e1b113e8797db1', 'sha1': '736099961ee0efe50b165d55ad9a53add5edcd64', 'sha256': '05f359acbc9401dd4e40083e3b95b83353b84c4c4439c6ef34ae2e7de4157895'}, 'dob': {'date': '1954-06-17T21:04:03.701Z', 'age': 70}, 'registered': {'date': '2011-02-24T05:16:41.152Z', 'age': 13}, 'phone': '016974 72346', 'cell': '07616 455872', 'id': {'name': 'NINO', 'value': 'KE 19 19 77 Y'}, 'picture': {'large': 'https://randomuser.me/api/portraits/men/2.jpg', 'medium': 'https://randomuser.me/api/portraits/med/men/2.jpg', 'thumbnail': 'https://randomuser.me/api/portraits/thumb/men/2.jpg'}, 'nat': 'GB'}</msg>
<arg>${json_data['results'][0]}</arg>
<doc>Logs the given message with the given level.</doc>
<status status="PASS" start="2024-07-10T07:16:00.043305" elapsed="0.000402"/>
</kw>
<kw name="Log" owner="BuiltIn">
<msg time="2024-07-10T07:16:00.044154" level="INFO">gender</msg>
<arg>${key}</arg>
<doc>Logs the given message with the given level.</doc>
<status status="PASS" start="2024-07-10T07:16:00.044025" elapsed="0.000166"/>
</kw>
<var name="${key}">gender</var>
<status status="PASS" start="2024-07-10T07:16:00.042596" elapsed="0.001807"/>
</iter>
<iter>
<kw name="Dictionary Should Contain Key" owner="Collections">
<arg>${json_data['results'][0]}</arg>
<arg>${key}</arg>
<doc>Fails if ``key`` is not found from ``dictionary``.</doc>
<status status="PASS" start="2024-07-10T07:16:00.044695" elapsed="0.000389"/>
</kw>
<kw name="Log" owner="BuiltIn">
<msg time="2024-07-10T07:16:00.045611" level="INFO">{'gender': 'male', 'name': {'title': 'Mr', 'first': 'Guy', 'last': 'Wallace'}, 'location': {'street': {'number': 2891, 'name': 'Grange Road'}, 'city': 'Liverpool', 'state': 'Herefordshire', 'country': 'United Kingdom', 'postcode': 'ZK5 6EE', 'coordinates': {'latitude': '-12.3295', 'longitude': '-12.6813'}, 'timezone': {'offset': '+5:45', 'description': 'Kathmandu'}}, 'email': 'guy.wallace@example.com', 'login': {'uuid': '6ec43874-a3aa-4e69-9083-327060672db5', 'username': 'orangeduck301', 'password': '88888', 'salt': 'PmOO4yLv', 'md5': '71086250c451f56bb9e1b113e8797db1', 'sha1': '736099961ee0efe50b165d55ad9a53add5edcd64', 'sha256': '05f359acbc9401dd4e40083e3b95b83353b84c4c4439c6ef34ae2e7de4157895'}, 'dob': {'date': '1954-06-17T21:04:03.701Z', 'age': 70}, 'registered': {'date': '2011-02-24T05:16:41.152Z', 'age': 13}, 'phone': '016974 72346', 'cell': '07616 455872', 'id': {'name': 'NINO', 'value': 'KE 19 19 77 Y'}, 'picture': {'large': 'https://randomuser.me/api/portraits/men/2.jpg', 'medium': 'https://randomuser.me/api/portraits/med/men/2.jpg', 'thumbnail': 'https://randomuser.me/api/portraits/thumb/men/2.jpg'}, 'nat': 'GB'}</msg>
<arg>${json_data['results'][0]}</arg>
<doc>Logs the given message with the given level.</doc>
<status status="PASS" start="2024-07-10T07:16:00.045266" elapsed="0.000422"/>
</kw>
<kw name="Log" owner="BuiltIn">
<msg time="2024-07-10T07:16:00.046111" level="INFO">name</msg>
<arg>${key}</arg>
<doc>Logs the given message with the given level.</doc>
<status status="PASS" start="2024-07-10T07:16:00.045984" elapsed="0.000165"/>
</kw>
<var name="${key}">name</var>
<status status="PASS" start="2024-07-10T07:16:00.044585" elapsed="0.001780"/>
</iter>
<iter>
<kw name="Dictionary Should Contain Key" owner="Collections">
<arg>${json_data['results'][0]}</arg>
<arg>${key}</arg>
<doc>Fails if ``key`` is not found from ``dictionary``.</doc>
<status status="PASS" start="2024-07-10T07:16:00.046645" elapsed="0.000373"/>
</kw>
<kw name="Log" owner="BuiltIn">
<msg time="2024-07-10T07:16:00.047539" level="INFO">{'gender': 'male', 'name': {'title': 'Mr', 'first': 'Guy', 'last': 'Wallace'}, 'location': {'street': {'number': 2891, 'name': 'Grange Road'}, 'city': 'Liverpool', 'state': 'Herefordshire', 'country': 'United Kingdom', 'postcode': 'ZK5 6EE', 'coordinates': {'latitude': '-12.3295', 'longitude': '-12.6813'}, 'timezone': {'offset': '+5:45', 'description': 'Kathmandu'}}, 'email': 'guy.wallace@example.com', 'login': {'uuid': '6ec43874-a3aa-4e69-9083-327060672db5', 'username': 'orangeduck301', 'password': '88888', 'salt': 'PmOO4yLv', 'md5': '71086250c451f56bb9e1b113e8797db1', 'sha1': '736099961ee0efe50b165d55ad9a53add5edcd64', 'sha256': '05f359acbc9401dd4e40083e3b95b83353b84c4c4439c6ef34ae2e7de4157895'}, 'dob': {'date': '1954-06-17T21:04:03.701Z', 'age': 70}, 'registered': {'date': '2011-02-24T05:16:41.152Z', 'age': 13}, 'phone': '016974 72346', 'cell': '07616 455872', 'id': {'name': 'NINO', 'value': 'KE 19 19 77 Y'}, 'picture': {'large': 'https://randomuser.me/api/portraits/men/2.jpg', 'medium': 'https://randomuser.me/api/portraits/med/men/2.jpg', 'thumbnail': 'https://randomuser.me/api/portraits/thumb/men/2.jpg'}, 'nat': 'GB'}</msg>
<arg>${json_data['results'][0]}</arg>
<doc>Logs the given message with the given level.</doc>
<status status="PASS" start="2024-07-10T07:16:00.047196" elapsed="0.000390"/>
</kw>
<kw name="Log" owner="BuiltIn">
<msg time="2024-07-10T07:16:00.048048" level="INFO">location</msg>
<arg>${key}</arg>
<doc>Logs the given message with the given level.</doc>
<status status="PASS" start="2024-07-10T07:16:00.047916" elapsed="0.000170"/>
</kw>
<var name="${key}">location</var>
<status status="PASS" start="2024-07-10T07:16:00.046538" elapsed="0.001767"/>
</iter>
<iter>
<kw name="Dictionary Should Contain Key" owner="Collections">
<arg>${json_data['results'][0]}</arg>
<arg>${key}</arg>
<doc>Fails if ``key`` is not found from ``dictionary``.</doc>
<status status="PASS" start="2024-07-10T07:16:00.048607" elapsed="0.000389"/>
</kw>
<kw name="Log" owner="BuiltIn">
<msg time="2024-07-10T07:16:00.049520" level="INFO">{'gender': 'male', 'name': {'title': 'Mr', 'first': 'Guy', 'last': 'Wallace'}, 'location': {'street': {'number': 2891, 'name': 'Grange Road'}, 'city': 'Liverpool', 'state': 'Herefordshire', 'country': 'United Kingdom', 'postcode': 'ZK5 6EE', 'coordinates': {'latitude': '-12.3295', 'longitude': '-12.6813'}, 'timezone': {'offset': '+5:45', 'description': 'Kathmandu'}}, 'email': 'guy.wallace@example.com', 'login': {'uuid': '6ec43874-a3aa-4e69-9083-327060672db5', 'username': 'orangeduck301', 'password': '88888', 'salt': 'PmOO4yLv', 'md5': '71086250c451f56bb9e1b113e8797db1', 'sha1': '736099961ee0efe50b165d55ad9a53add5edcd64', 'sha256': '05f359acbc9401dd4e40083e3b95b83353b84c4c4439c6ef34ae2e7de4157895'}, 'dob': {'date': '1954-06-17T21:04:03.701Z', 'age': 70}, 'registered': {'date': '2011-02-24T05:16:41.152Z', 'age': 13}, 'phone': '016974 72346', 'cell': '07616 455872', 'id': {'name': 'NINO', 'value': 'KE 19 19 77 Y'}, 'picture': {'large': 'https://randomuser.me/api/portraits/men/2.jpg', 'medium': 'https://randomuser.me/api/portraits/med/men/2.jpg', 'thumbnail': 'https://randomuser.me/api/portraits/thumb/men/2.jpg'}, 'nat': 'GB'}</msg>
<arg>${json_data['results'][0]}</arg>
<doc>Logs the given message with the given level.</doc>
<status status="PASS" start="2024-07-10T07:16:00.049176" elapsed="0.000392"/>
</kw>
<kw name="Log" owner="BuiltIn">
<msg time="2024-07-10T07:16:00.050002" level="INFO">email</msg>
<arg>${key}</arg>
<doc>Logs the given message with the given level.</doc>
<status status="PASS" start="2024-07-10T07:16:00.049867" elapsed="0.000174"/>
</kw>
<var name="${key}">email</var>
<status status="PASS" start="2024-07-10T07:16:00.048492" elapsed="0.001760"/>
</iter>
<iter>
<kw name="Dictionary Should Contain Key" owner="Collections">
<arg>${json_data['results'][0]}</arg>
<arg>${key}</arg>
<doc>Fails if ``key`` is not found from ``dictionary``.</doc>
<status status="PASS" start="2024-07-10T07:16:00.050535" elapsed="0.000386"/>
</kw>
<kw name="Log" owner="BuiltIn">
<msg time="2024-07-10T07:16:00.051454" level="INFO">{'gender': 'male', 'name': {'title': 'Mr', 'first': 'Guy', 'last': 'Wallace'}, 'location': {'street': {'number': 2891, 'name': 'Grange Road'}, 'city': 'Liverpool', 'state': 'Herefordshire', 'country': 'United Kingdom', 'postcode': 'ZK5 6EE', 'coordinates': {'latitude': '-12.3295', 'longitude': '-12.6813'}, 'timezone': {'offset': '+5:45', 'description': 'Kathmandu'}}, 'email': 'guy.wallace@example.com', 'login': {'uuid': '6ec43874-a3aa-4e69-9083-327060672db5', 'username': 'orangeduck301', 'password': '88888', 'salt': 'PmOO4yLv', 'md5': '71086250c451f56bb9e1b113e8797db1', 'sha1': '736099961ee0efe50b165d55ad9a53add5edcd64', 'sha256': '05f359acbc9401dd4e40083e3b95b83353b84c4c4439c6ef34ae2e7de4157895'}, 'dob': {'date': '1954-06-17T21:04:03.701Z', 'age': 70}, 'registered': {'date': '2011-02-24T05:16:41.152Z', 'age': 13}, 'phone': '016974 72346', 'cell': '07616 455872', 'id': {'name': 'NINO', 'value': 'KE 19 19 77 Y'}, 'picture': {'large': 'https://randomuser.me/api/portraits/men/2.jpg', 'medium': 'https://randomuser.me/api/portraits/med/men/2.jpg', 'thumbnail': 'https://randomuser.me/api/portraits/thumb/men/2.jpg'}, 'nat': 'GB'}</msg>
<arg>${json_data['results'][0]}</arg>
<doc>Logs the given message with the given level.</doc>
<status status="PASS" start="2024-07-10T07:16:00.051109" elapsed="0.000392"/>
</kw>
<kw name="Log" owner="BuiltIn">
<msg time="2024-07-10T07:16:00.051940" level="INFO">login</msg>
<arg>${key}</arg>
<doc>Logs the given message with the given level.</doc>
<status status="PASS" start="2024-07-10T07:16:00.051787" elapsed="0.000191"/>
</kw>
<var name="${key}">login</var>
<status status="PASS" start="2024-07-10T07:16:00.050421" elapsed="0.001775"/>
</iter>
<var>${key}</var>
<value>@{expected_keys}</value>
<status status="PASS" start="2024-07-10T07:16:00.042406" elapsed="0.009911"/>
</for>
<kw name="Create List" owner="BuiltIn">
<msg time="2024-07-10T07:16:00.052645" level="INFO">${expected_keysTwo} = ['username', 'password']</msg>
<var>${expected_keysTwo}</var>
<arg>username</arg>
<arg>password</arg>
<doc>Returns a list containing given items.</doc>
<status status="PASS" start="2024-07-10T07:16:00.052504" elapsed="0.000166"/>
</kw>
<for flavor="IN">
<iter>
<kw name="Dictionary Should Contain Key" owner="Collections">
<arg>${json_data['results'][0]['login']}</arg>
<arg>${keyTwo}</arg>
<doc>Fails if ``key`` is not found from ``dictionary``.</doc>
<status status="PASS" start="2024-07-10T07:16:00.053196" elapsed="0.000375"/>
</kw>
<kw name="Dictionary Should Contain Key" owner="Collections">
<arg>${json_data['results'][0]['login']}</arg>
<arg>${keyTwo}</arg>
<doc>Fails if ``key`` is not found from ``dictionary``.</doc>
<status status="PASS" start="2024-07-10T07:16:00.053750" elapsed="0.000377"/>
</kw>
<kw name="Log" owner="BuiltIn">
<msg time="2024-07-10T07:16:00.054441" level="INFO">username</msg>
<arg>${keyTwo}</arg>
<doc>Logs the given message with the given level.</doc>
<status status="PASS" start="2024-07-10T07:16:00.054319" elapsed="0.000161"/>
</kw>
<var name="${keyTwo}">username</var>
<status status="PASS" start="2024-07-10T07:16:00.053087" elapsed="0.001617"/>
</iter>
<iter>
<kw name="Dictionary Should Contain Key" owner="Collections">
<arg>${json_data['results'][0]['login']}</arg>
<arg>${keyTwo}</arg>
<doc>Fails if ``key`` is not found from ``dictionary``.</doc>
<status status="PASS" start="2024-07-10T07:16:00.054981" elapsed="0.000380"/>
</kw>
<kw name="Dictionary Should Contain Key" owner="Collections">
<arg>${json_data['results'][0]['login']}</arg>
<arg>${keyTwo}</arg>
<doc>Fails if ``key`` is not found from ``dictionary``.</doc>
<status status="PASS" start="2024-07-10T07:16:00.055539" elapsed="0.000414"/>
</kw>
<kw name="Log" owner="BuiltIn">
<msg time="2024-07-10T07:16:00.056264" level="INFO">password</msg>
<arg>${keyTwo}</arg>
<doc>Logs the given message with the given level.</doc>
<status status="PASS" start="2024-07-10T07:16:00.056141" elapsed="0.000167"/>
</kw>
<var name="${keyTwo}">password</var>
<status status="PASS" start="2024-07-10T07:16:00.054875" elapsed="0.001659"/>
</iter>
<var>${keyTwo}</var>
<value>@{expected_keysTwo}</value>
<status status="PASS" start="2024-07-10T07:16:00.052933" elapsed="0.003722"/>
</for>
<status status="PASS" start="2024-07-10T07:15:59.714394" elapsed="0.342404"/>
</kw>
<doc>Testa a estrutura da resposta da API.</doc>
<tag>testeEstruturaResposta</tag>
<status status="PASS" start="2024-07-10T07:15:59.713801" elapsed="0.343153"/>
</test>
<test id="s1-s1-t4" name="Validar tipos de dados" line="28">
<kw name="Teste de Tipos de Dados" owner="random-user-service">
<kw name="GET On Session" owner="RequestsLibrary">
<msg time="2024-07-10T07:16:00.192231" level="INFO">GET Request : url=https://randomuser.me/api 
 path_url=/api 
 headers={'User-Agent': 'python-requests/2.32.3', 'Accept-Encoding': 'gzip, deflate', 'Accept': '*/*', 'Connection': 'keep-alive'} 
 body=None 
 </msg>
<msg time="2024-07-10T07:16:00.192318" level="INFO">GET Response : url=https://randomuser.me/api 
 status=200, reason=OK 
 headers={'Date': 'Wed, 10 Jul 2024 07:16:00 GMT', 'Content-Type': 'application/json; charset=utf-8', 'Transfer-Encoding': 'chunked', 'Connection': 'keep-alive', 'X-Powered-By': 'Express', 'Access-Control-Allow-Origin': '*', 'Cache-Control': 'no-cache', 'ETag': 'W/"482-FwU1BbkxNncQeMdtmahTBTb1tK0"', 'Vary': 'Accept-Encoding', 'Content-Encoding': 'gzip', 'CF-Cache-Status': 'DYNAMIC', 'Report-To': '{"endpoints":[{"url":"https:\\/\\/a.nel.cloudflare.com\\/report\\/v4?s=jh%2BHS1Fhf%2Fdml1ioHen%2BYP9gW3v5vLYzTrzhC3VYwuZjmNhNDlueogkN8r61kPAkVQ3EcFh6%2BEAN9Z7%2FLf7cAjjQe6qGLCsL9Y%2Br0IFkhByesyelE0lf1yGcPqHWjSun"}],"group":"cf-nel","max_age":604800}', 'NEL': '{"success_fraction":0,"report_to":"cf-nel","max_age":604800}', 'Server': 'cloudflare', 'CF-RAY': '8a0ec40c6cf216a2-SJC', 'alt-svc': 'h3=":443"; ma=86400'} 
 body={"results":[{"gender":"female","name":{"title":"Mrs","first":"Joann","last":"Robertson"},"location":{"street":{"number":6763,"name":"Ash Dr"},"city":"Wagga Wagga","state":"Northern Territory","country":"Australia","postcode":8635,"coordinates":{"latitude":"-84.5680","longitude":"166.0115"},"timezone":{"offset":"+3:30","description":"Tehran"}},"email":"joann.robertson@example.com","login":{"uuid":"7c79a0e5-650c-4ef4-b0ef-b4a38417e295","username":"whitepanda359","password":"tasha1","salt":"ubX67qCb","md5":"70daa0fe562507e91cbe4316a531fdb9","sha1":"8eb84b2b125981c357bde0ebcdc4b7cdd98ca2e0","sha256":"39c39b9891d7a1410f1873976155897eea53b17c7f0f7d6ca1017b203a06300d"},"dob":{"date":"1980-03-15T01:10:01.365Z","age":44},"registered":{"date":"2006-02-28T14:08:20.183Z","age":18},"phone":"03-0491-5307","cell":"0442-726-391","id":{"name":"TFN","value":"785964666"},"picture":{"large":"https://randomuser.me/api/portraits/women/48.jpg","medium":"https://randomuser.me/api/portraits/med/women/48.jpg","thumbnail":"https://randomuser.me/api/portraits/thumb/women/48.jpg"},"nat":"AU"}],"info":{"seed":"a9a4f0a1460fbc82","results":1,"page":1,"version":"1.4"}} 
 </msg>
<msg time="2024-07-10T07:16:00.192385" level="INFO">/opt/hostedtoolcache/Python/3.12.4/x64/lib/python3.12/site-packages/urllib3/connectionpool.py:1099: InsecureRequestWarning: Unverified HTTPS request is being made to host 'randomuser.me'. Adding certificate verification is strongly advised. See: https://urllib3.readthedocs.io/en/latest/advanced-usage.html#tls-warnings
  warnings.warn(</msg>
<msg time="2024-07-10T07:16:00.192500" level="INFO">${response} = &lt;Response [200]&gt;</msg>
<var>${response}</var>
<arg>consultarAPI</arg>
<arg>/api</arg>
<doc>Sends a GET request on a previously created HTTP Session.</doc>
<status status="PASS" start="2024-07-10T07:16:00.059628" elapsed="0.132914"/>
</kw>
<kw name="Set Variable" owner="BuiltIn">
<msg time="2024-07-10T07:16:00.193665" level="INFO">${json_data} = {'results': [{'gender': 'female', 'name': {'title': 'Mrs', 'first': 'Joann', 'last': 'Robertson'}, 'location': {'street': {'number': 6763, 'name': 'Ash Dr'}, 'city': 'Wagga Wagga', 'state': 'Northern ...</msg>
<var>${json_data}</var>
<arg>${response.json()}</arg>
<doc>Returns the given values which can then be assigned to a variables.</doc>
<status status="PASS" start="2024-07-10T07:16:00.193113" elapsed="0.000581"/>
</kw>
<kw name="Log" owner="BuiltIn">
<msg time="2024-07-10T07:16:00.194158" level="INFO">{'results': [{'gender': 'female', 'name': {'title': 'Mrs', 'first': 'Joann', 'last': 'Robertson'}, 'location': {'street': {'number': 6763, 'name': 'Ash Dr'}, 'city': 'Wagga Wagga', 'state': 'Northern Territory', 'country': 'Australia', 'postcode': 8635, 'coordinates': {'latitude': '-84.5680', 'longitude': '166.0115'}, 'timezone': {'offset': '+3:30', 'description': 'Tehran'}}, 'email': 'joann.robertson@example.com', 'login': {'uuid': '7c79a0e5-650c-4ef4-b0ef-b4a38417e295', 'username': 'whitepanda359', 'password': 'tasha1', 'salt': 'ubX67qCb', 'md5': '70daa0fe562507e91cbe4316a531fdb9', 'sha1': '8eb84b2b125981c357bde0ebcdc4b7cdd98ca2e0', 'sha256': '39c39b9891d7a1410f1873976155897eea53b17c7f0f7d6ca1017b203a06300d'}, 'dob': {'date': '1980-03-15T01:10:01.365Z', 'age': 44}, 'registered': {'date': '2006-02-28T14:08:20.183Z', 'age': 18}, 'phone': '03-0491-5307', 'cell': '0442-726-391', 'id': {'name': 'TFN', 'value': '785964666'}, 'picture': {'large': 'https://randomuser.me/api/portraits/women/48.jpg', 'medium': 'https://randomuser.me/api/portraits/med/women/48.jpg', 'thumbnail': 'https://randomuser.me/api/portraits/thumb/women/48.jpg'}, 'nat': 'AU'}], 'info': {'seed': 'a9a4f0a1460fbc82', 'results': 1, 'page': 1, 'version': '1.4'}}</msg>
<arg>${json_data}</arg>
<doc>Logs the given message with the given level.</doc>
<status status="PASS" start="2024-07-10T07:16:00.194004" elapsed="0.000201"/>
</kw>
<kw name="Should Be String" owner="String">
<arg>${json_data['results'][0]['gender']}</arg>
<doc>Fails if the given ``item`` is not a string.</doc>
<status status="PASS" start="2024-07-10T07:16:00.194502" elapsed="0.000366"/>
</kw>
<kw name="Should Match Regexp" owner="BuiltIn">
<arg>${json_data['results'][0]['email']}</arg>
<arg>^[a-zA-Z0-9._%+-]+@[a-zA-Z0-9.-]+\.[a-zA-Z]{2,}$</arg>
<doc>Fails if ``string`` does not match ``pattern`` as a regular expression.</doc>
<status status="PASS" start="2024-07-10T07:16:00.195056" elapsed="0.000510"/>
</kw>
<kw name="Should Match Regexp" owner="BuiltIn">
<arg>${json_data['results'][0]['dob']['date']}</arg>
<arg>\\d{4}-\\d{2}-\\d{2}T\\d{2}:\\d{2}:\\d{2}\\.\\d{3}Z</arg>
<doc>Fails if ``string`` does not match ``pattern`` as a regular expression.</doc>
<status status="PASS" start="2024-07-10T07:16:00.195798" elapsed="0.000533"/>
</kw>
<kw name="Should Match Regexp" owner="BuiltIn">
<arg>${json_data['results'][0]['registered']['date']}</arg>
<arg>\\d{4}-\\d{2}-\\d{2}T\\d{2}:\\d{2}:\\d{2}\\.\\d{3}Z</arg>
<doc>Fails if ``string`` does not match ``pattern`` as a regular expression.</doc>
<status status="PASS" start="2024-07-10T07:16:00.196522" elapsed="0.000369"/>
</kw>
<kw name="Should Match Regexp" owner="BuiltIn">
<arg>${json_data['results'][0]['picture']['large']}</arg>
<arg>^https?://.*\.(?:png|jpe?g|gif|bmp)$</arg>
<doc>Fails if ``string`` does not match ``pattern`` as a regular expression.</doc>
<status status="PASS" start="2024-07-10T07:16:00.197079" elapsed="0.000455"/>
</kw>
<kw name="Should Match Regexp" owner="BuiltIn">
<arg>${json_data['results'][0]['picture']['medium']}</arg>
<arg>^https?://.*\.(?:png|jpe?g|gif|bmp)$</arg>
<doc>Fails if ``string`` does not match ``pattern`` as a regular expression.</doc>
<status status="PASS" start="2024-07-10T07:16:00.197720" elapsed="0.000349"/>
</kw>
<kw name="Should Match Regexp" owner="BuiltIn">
<arg>${json_data['results'][0]['picture']['thumbnail']}</arg>
<arg>^https?://.*\.(?:png|jpe?g|gif|bmp)$</arg>
<doc>Fails if ``string`` does not match ``pattern`` as a regular expression.</doc>
<status status="PASS" start="2024-07-10T07:16:00.198249" elapsed="0.000352"/>
</kw>
<kw name="Log" owner="BuiltIn">
<msg time="2024-07-10T07:16:00.199110" level="INFO">{'large': 'https://randomuser.me/api/portraits/women/48.jpg', 'medium': 'https://randomuser.me/api/portraits/med/women/48.jpg', 'thumbnail': 'https://randomuser.me/api/portraits/thumb/women/48.jpg'}</msg>
<arg>${json_data['results'][0]['picture']}</arg>
<doc>Logs the given message with the given level.</doc>
<status status="PASS" start="2024-07-10T07:16:00.198780" elapsed="0.000372"/>
</kw>
<status status="PASS" start="2024-07-10T07:16:00.059398" elapsed="0.140013"/>
</kw>
<kw name="Teste de Tipos de Dados - Postcode" owner="random-user-service">
<kw name="GET On Session" owner="RequestsLibrary">
<msg time="2024-07-10T07:16:00.288935" level="INFO">GET Request : url=https://randomuser.me/api 
 path_url=/api 
 headers={'User-Agent': 'python-requests/2.32.3', 'Accept-Encoding': 'gzip, deflate', 'Accept': '*/*', 'Connection': 'keep-alive'} 
 body=None 
 </msg>
<msg time="2024-07-10T07:16:00.289022" level="INFO">GET Response : url=https://randomuser.me/api 
 status=200, reason=OK 
 headers={'Date': 'Wed, 10 Jul 2024 07:16:00 GMT', 'Content-Type': 'application/json; charset=utf-8', 'Transfer-Encoding': 'chunked', 'Connection': 'keep-alive', 'X-Powered-By': 'Express', 'Access-Control-Allow-Origin': '*', 'Cache-Control': 'no-cache', 'ETag': 'W/"47e-OiWf0f8X5OfV/IilALLYv4plDqk"', 'Vary': 'Accept-Encoding', 'Content-Encoding': 'gzip', 'CF-Cache-Status': 'DYNAMIC', 'Report-To': '{"endpoints":[{"url":"https:\\/\\/a.nel.cloudflare.com\\/report\\/v4?s=N0QVdwGkHH2US6u715b3k4V%2BVBwaM2tcH6cvlpHnkosC4et8Z1qsKRsAQby80j57mtimGZZCi40z4IBOol1wvQKtDzrDf2ObMz1iTJdtEBPYviwuZ5bfkybMX%2BTZbP8Z"}],"group":"cf-nel","max_age":604800}', 'NEL': '{"success_fraction":0,"report_to":"cf-nel","max_age":604800}', 'Server': 'cloudflare', 'CF-RAY': '8a0ec40d4dfd16a2-SJC', 'alt-svc': 'h3=":443"; ma=86400'} 
 body={"results":[{"gender":"female","name":{"title":"Ms","first":"Rose","last":"Bates"},"location":{"street":{"number":1944,"name":"Hamilton Ave"},"city":"Rockhampton","state":"Northern Territory","country":"Australia","postcode":2169,"coordinates":{"latitude":"-89.3370","longitude":"11.3935"},"timezone":{"offset":"+4:30","description":"Kabul"}},"email":"rose.bates@example.com","login":{"uuid":"d0ba35b5-82ff-4352-bac7-18fa4379394c","username":"heavybutterfly587","password":"rodney","salt":"h98muhSO","md5":"4bf0f99a0f8f1a28be8c6de609933bf4","sha1":"de7bc85fa63e471fd01df80ffc39c589dd2f595f","sha256":"e56960647786630913d0cebc9d258529acd2dc5e0f986fa847fccaac52053225"},"dob":{"date":"1998-11-24T17:52:12.479Z","age":25},"registered":{"date":"2014-10-31T08:51:47.678Z","age":9},"phone":"02-4526-2772","cell":"0437-389-910","id":{"name":"TFN","value":"936052962"},"picture":{"large":"https://randomuser.me/api/portraits/women/27.jpg","medium":"https://randomuser.me/api/portraits/med/women/27.jpg","thumbnail":"https://randomuser.me/api/portraits/thumb/women/27.jpg"},"nat":"AU"}],"info":{"seed":"11d1bd6f7a35b2ca","results":1,"page":1,"version":"1.4"}} 
 </msg>
<msg time="2024-07-10T07:16:00.289106" level="INFO">/opt/hostedtoolcache/Python/3.12.4/x64/lib/python3.12/site-packages/urllib3/connectionpool.py:1099: InsecureRequestWarning: Unverified HTTPS request is being made to host 'randomuser.me'. Adding certificate verification is strongly advised. See: https://urllib3.readthedocs.io/en/latest/advanced-usage.html#tls-warnings
  warnings.warn(</msg>
<msg time="2024-07-10T07:16:00.289226" level="INFO">${response} = &lt;Response [200]&gt;</msg>
<var>${response}</var>
<arg>consultarAPI</arg>
<arg>/api</arg>
<doc>Sends a GET request on a previously created HTTP Session.</doc>
<status status="PASS" start="2024-07-10T07:16:00.199887" elapsed="0.089390"/>
</kw>
<kw name="Set Variable" owner="BuiltIn">
<msg time="2024-07-10T07:16:00.290435" level="INFO">${json_data} = {'results': [{'gender': 'female', 'name': {'title': 'Ms', 'first': 'Rose', 'last': 'Bates'}, 'location': {'street': {'number': 1944, 'name': 'Hamilton Ave'}, 'city': 'Rockhampton', 'state': 'Northern ...</msg>
<var>${json_data}</var>
<arg>${response.json()}</arg>
<doc>Returns the given values which can then be assigned to a variables.</doc>
<status status="PASS" start="2024-07-10T07:16:00.289834" elapsed="0.000631"/>
</kw>
<kw name="Log" owner="BuiltIn">
<msg time="2024-07-10T07:16:00.290931" level="INFO">{'results': [{'gender': 'female', 'name': {'title': 'Ms', 'first': 'Rose', 'last': 'Bates'}, 'location': {'street': {'number': 1944, 'name': 'Hamilton Ave'}, 'city': 'Rockhampton', 'state': 'Northern Territory', 'country': 'Australia', 'postcode': 2169, 'coordinates': {'latitude': '-89.3370', 'longitude': '11.3935'}, 'timezone': {'offset': '+4:30', 'description': 'Kabul'}}, 'email': 'rose.bates@example.com', 'login': {'uuid': 'd0ba35b5-82ff-4352-bac7-18fa4379394c', 'username': 'heavybutterfly587', 'password': 'rodney', 'salt': 'h98muhSO', 'md5': '4bf0f99a0f8f1a28be8c6de609933bf4', 'sha1': 'de7bc85fa63e471fd01df80ffc39c589dd2f595f', 'sha256': 'e56960647786630913d0cebc9d258529acd2dc5e0f986fa847fccaac52053225'}, 'dob': {'date': '1998-11-24T17:52:12.479Z', 'age': 25}, 'registered': {'date': '2014-10-31T08:51:47.678Z', 'age': 9}, 'phone': '02-4526-2772', 'cell': '0437-389-910', 'id': {'name': 'TFN', 'value': '936052962'}, 'picture': {'large': 'https://randomuser.me/api/portraits/women/27.jpg', 'medium': 'https://randomuser.me/api/portraits/med/women/27.jpg', 'thumbnail': 'https://randomuser.me/api/portraits/thumb/women/27.jpg'}, 'nat': 'AU'}], 'info': {'seed': '11d1bd6f7a35b2ca', 'results': 1, 'page': 1, 'version': '1.4'}}</msg>
<arg>${json_data}</arg>
<doc>Logs the given message with the given level.</doc>
<status status="PASS" start="2024-07-10T07:16:00.290773" elapsed="0.000205"/>
</kw>
<kw name="Should Be Equal As Numbers" owner="BuiltIn">
<arg>${json_data['results'][0]['location']['postcode']}</arg>
<arg>${json_data['results'][0]['location']['postcode']}</arg>
<doc>Fails if objects are unequal after converting them to real numbers.</doc>
<status status="PASS" start="2024-07-10T07:16:00.291268" elapsed="0.000659"/>
</kw>
<kw name="Log" owner="BuiltIn">
<msg time="2024-07-10T07:16:00.292473" level="INFO">2169</msg>
<arg>${json_data['results'][0]['location']['postcode']}</arg>
<doc>Logs the given message with the given level.</doc>
<status status="PASS" start="2024-07-10T07:16:00.292125" elapsed="0.000389"/>
</kw>
<status status="PASS" start="2024-07-10T07:16:00.199634" elapsed="0.093162"/>
</kw>
<doc>Testa se os tipos de dados na resposta da API estão corretos.</doc>
<tag>testeTiposDados</tag>
<status status="PASS" start="2024-07-10T07:16:00.058720" elapsed="0.234247"/>
</test>
<test id="s1-s1-t5" name="Validar conteudo" line="35">
<kw name="Teste de Tipos de Conteudo" owner="random-user-service">
<kw name="GET On Session" owner="RequestsLibrary">
<msg time="2024-07-10T07:16:00.390789" level="INFO">GET Request : url=https://randomuser.me/api 
 path_url=/api 
 headers={'User-Agent': 'python-requests/2.32.3', 'Accept-Encoding': 'gzip, deflate', 'Accept': '*/*', 'Connection': 'keep-alive'} 
 body=None 
 </msg>
<msg time="2024-07-10T07:16:00.390893" level="INFO">GET Response : url=https://randomuser.me/api 
 status=200, reason=OK 
 headers={'Date': 'Wed, 10 Jul 2024 07:16:00 GMT', 'Content-Type': 'application/json; charset=utf-8', 'Transfer-Encoding': 'chunked', 'Connection': 'keep-alive', 'X-Powered-By': 'Express', 'Access-Control-Allow-Origin': '*', 'Cache-Control': 'no-cache', 'ETag': 'W/"4a1-HxGAD+W981lh4Zi8faSbQLN6zfc"', 'Vary': 'Accept-Encoding', 'Content-Encoding': 'gzip', 'CF-Cache-Status': 'DYNAMIC', 'Report-To': '{"endpoints":[{"url":"https:\\/\\/a.nel.cloudflare.com\\/report\\/v4?s=yI86cneFtH9qXVNXS2GagiX4p4kDRbHqwoiRlkr1hvBwYOJoTtyXcAVxIAKooenf582FCGIPTotSd3iBziL1EWBBGsy63ixuPbBLC%2BK9sOfdf2z7cDUPupk70Wi078Wt"}],"group":"cf-nel","max_age":604800}', 'NEL': '{"success_fraction":0,"report_to":"cf-nel","max_age":604800}', 'Server': 'cloudflare', 'CF-RAY': '8a0ec40dde9416a2-SJC', 'alt-svc': 'h3=":443"; ma=86400'} 
 body={"results":[{"gender":"female","name":{"title":"Mrs","first":"رونیکا","last":"سلطانی نژاد"},"location":{"street":{"number":2496,"name":"شهید سرتیپ نامجو"},"city":"اراک","state":"یزد","country":"Iran","postcode":48027,"coordinates":{"latitude":"20.2081","longitude":"119.3424"},"timezone":{"offset":"+6:00","description":"Almaty, Dhaka, Colombo"}},"email":"rwnykh.sltnynjd@example.com","login":{"uuid":"65ac370f-6983-4074-b252-11343cfaed0c","username":"bluebutterfly167","password":"evan","salt":"MFmaDrBk","md5":"4763176fbe11b63d342c5d2eccc825d9","sha1":"02c680ce844c2b3f4a730a8a79694b717267fdb6","sha256":"cbff049517cbd4ec7393f16f0247e3e26992dc08d5748cd403908bc26ae58f8d"},"dob":{"date":"1956-03-01T01:50:37.161Z","age":68},"registered":{"date":"2007-11-23T05:03:11.292Z","age":16},"phone":"079-69807219","cell":"0970-375-2962","id":{"name":"","value":null},"picture":{"large":"https://randomuser.me/api/portraits/women/20.jpg","medium":"https://randomuser.me/api/portraits/med/women/20.jpg","thumbnail":"https://randomuser.me/api/portraits/thumb/women/20.jpg"},"nat":"IR"}],"info":{"seed":"9eeccc58137b1743","results":1,"page":1,"version":"1.4"}} 
 </msg>
<msg time="2024-07-10T07:16:00.390986" level="INFO">/opt/hostedtoolcache/Python/3.12.4/x64/lib/python3.12/site-packages/urllib3/connectionpool.py:1099: InsecureRequestWarning: Unverified HTTPS request is being made to host 'randomuser.me'. Adding certificate verification is strongly advised. See: https://urllib3.readthedocs.io/en/latest/advanced-usage.html#tls-warnings
  warnings.warn(</msg>
<msg time="2024-07-10T07:16:00.391098" level="INFO">${response} = &lt;Response [200]&gt;</msg>
<var>${response}</var>
<arg>consultarAPI</arg>
<arg>/api</arg>
<doc>Sends a GET request on a previously created HTTP Session.</doc>
<status status="PASS" start="2024-07-10T07:16:00.295719" elapsed="0.095422"/>
</kw>
<kw name="Set Variable" owner="BuiltIn">
<msg time="2024-07-10T07:16:00.392332" level="INFO">${json_data} = {'results': [{'gender': 'female', 'name': {'title': 'Mrs', 'first': 'رونیکا', 'last': 'سلطانی نژاد'}, 'location': {'street': {'number': 2496, 'name': 'شهید سرتیپ نامجو'}, 'city': 'اراک', 'state': 'یزد...</msg>
<var>${json_data}</var>
<arg>${response.json()}</arg>
<doc>Returns the given values which can then be assigned to a variables.</doc>
<status status="PASS" start="2024-07-10T07:16:00.391713" elapsed="0.000650"/>
</kw>
<kw name="Set Variable" owner="BuiltIn">
<msg time="2024-07-10T07:16:00.393057" level="INFO">${name_title} = Mrs</msg>
<var>${name_title}</var>
<arg>${json_data["results"][0]["name"]["title"]}</arg>
<doc>Returns the given values which can then be assigned to a variables.</doc>
<status status="PASS" start="2024-07-10T07:16:00.392677" elapsed="0.000407"/>
</kw>
<kw name="Create List" owner="BuiltIn">
<msg time="2024-07-10T07:16:00.393531" level="INFO">${allowed_titles} = ['Mr', 'Ms', 'Miss', 'Mrs', 'Madame', 'Monsieur']</msg>
<var>${allowed_titles}</var>
<arg>Mr</arg>
<arg>Ms</arg>
<arg>Miss</arg>
<arg>Mrs</arg>
<arg>Madame</arg>
<arg>Monsieur</arg>
<doc>Returns a list containing given items.</doc>
<status status="PASS" start="2024-07-10T07:16:00.393382" elapsed="0.000175"/>
</kw>
<kw name="List Should Contain Value" owner="Collections">
<arg>${allowed_titles}</arg>
<arg>${name_title}</arg>
<doc>Fails if the ``value`` is not found from ``list``.</doc>
<status status="PASS" start="2024-07-10T07:16:00.393858" elapsed="0.000177"/>
</kw>
<kw name="Set Variable" owner="BuiltIn">
<msg time="2024-07-10T07:16:00.394576" level="INFO">${name_country} = IR</msg>
<var>${name_country}</var>
<arg>${json_data["results"][0]["nat"]}</arg>
<doc>Returns the given values which can then be assigned to a variables.</doc>
<status status="PASS" start="2024-07-10T07:16:00.394214" elapsed="0.000388"/>
</kw>
<kw name="Create List" owner="BuiltIn">
<msg time="2024-07-10T07:16:00.395492" level="INFO">${list_country} = ['AD', 'AE', 'AF', 'AG', 'AI', 'AL', 'AM', 'AO', 'AQ', 'AR', 'AS', 'AT', 'AU', 'AW', 'AX', 'AZ', 'BA', 'BB', 'BD', 'BE', 'BF', 'BG', 'BH', 'BI', 'BJ', 'BL', 'BM', 'BN', 'BO', 'BQ', 'BR', 'BS', 'BT', '...</msg>
<var>${list_country}</var>
<arg>AD</arg>
<arg>AE</arg>
<arg>AF</arg>
<arg>AG</arg>
<arg>AI</arg>
<arg>AL</arg>
<arg>AM</arg>
<arg>AO</arg>
<arg>AQ</arg>
<arg>AR</arg>
<arg>AS</arg>
<arg>AT</arg>
<arg>AU</arg>
<arg>AW</arg>
<arg>AX</arg>
<arg>AZ</arg>
<arg>BA</arg>
<arg>BB</arg>
<arg>BD</arg>
<arg>BE</arg>
<arg>BF</arg>
<arg>BG</arg>
<arg>BH</arg>
<arg>BI</arg>
<arg>BJ</arg>
<arg>BL</arg>
<arg>BM</arg>
<arg>BN</arg>
<arg>BO</arg>
<arg>BQ</arg>
<arg>BR</arg>
<arg>BS</arg>
<arg>BT</arg>
<arg>BV</arg>
<arg>BW</arg>
<arg>BY</arg>
<arg>BZ</arg>
<arg>CA</arg>
<arg>CC</arg>
<arg>CD</arg>
<arg>CF</arg>
<arg>CG</arg>
<arg>CH</arg>
<arg>CI</arg>
<arg>CK</arg>
<arg>CL</arg>
<arg>CM</arg>
<arg>CN</arg>
<arg>CO</arg>
<arg>CR</arg>
<arg>CU</arg>
<arg>CV</arg>
<arg>CW</arg>
<arg>CX</arg>
<arg>CY</arg>
<arg>CZ</arg>
<arg>DE</arg>
<arg>DJ</arg>
<arg>DK</arg>
<arg>DM</arg>
<arg>DO</arg>
<arg>DZ</arg>
<arg>EC</arg>
<arg>EE</arg>
<arg>EG</arg>
<arg>EH</arg>
<arg>ER</arg>
<arg>ES</arg>
<arg>ET</arg>
<arg>FI</arg>
<arg>FJ</arg>
<arg>FK</arg>
<arg>FM</arg>
<arg>FO</arg>
<arg>FR</arg>
<arg>GA</arg>
<arg>GB</arg>
<arg>GD</arg>
<arg>GE</arg>
<arg>GF</arg>
<arg>GG</arg>
<arg>GH</arg>
<arg>GI</arg>
<arg>GL</arg>
<arg>GM</arg>
<arg>GN</arg>
<arg>GP</arg>
<arg>GQ</arg>
<arg>GR</arg>
<arg>GS</arg>
<arg>GT</arg>
<arg>GU</arg>
<arg>GW</arg>
<arg>GY</arg>
<arg>HK</arg>
<arg>HM</arg>
<arg>HN</arg>
<arg>HR</arg>
<arg>HT</arg>
<arg>HU</arg>
<arg>ID</arg>
<arg>IE</arg>
<arg>IL</arg>
<arg>IM</arg>
<arg>IN</arg>
<arg>IO</arg>
<arg>IQ</arg>
<arg>IR</arg>
<arg>IS</arg>
<arg>IT</arg>
<arg>JE</arg>
<arg>JM</arg>
<arg>JO</arg>
<arg>JP</arg>
<arg>KE</arg>
<arg>KG</arg>
<arg>KH</arg>
<arg>KI</arg>
<arg>KM</arg>
<arg>KN</arg>
<arg>KP</arg>
<arg>KR</arg>
<arg>KW</arg>
<arg>KY</arg>
<arg>KZ</arg>
<arg>LA</arg>
<arg>LB</arg>
<arg>LC</arg>
<arg>LI</arg>
<arg>LK</arg>
<arg>LR</arg>
<arg>LS</arg>
<arg>LT</arg>
<arg>LU</arg>
<arg>LV</arg>
<arg>LY</arg>
<arg>MA</arg>
<arg>MC</arg>
<arg>MD</arg>
<arg>ME</arg>
<arg>MF</arg>
<arg>MG</arg>
<arg>MH</arg>
<arg>MK</arg>
<arg>ML</arg>
<arg>MM</arg>
<arg>MN</arg>
<arg>MO</arg>
<arg>MP</arg>
<arg>MQ</arg>
<arg>MR</arg>
<arg>MS</arg>
<arg>MT</arg>
<arg>MU</arg>
<arg>MV</arg>
<arg>MW</arg>
<arg>MX</arg>
<arg>MY</arg>
<arg>MZ</arg>
<arg>NA</arg>
<arg>NC</arg>
<arg>NE</arg>
<arg>NF</arg>
<arg>NG</arg>
<arg>NI</arg>
<arg>NL</arg>
<arg>NO</arg>
<arg>NP</arg>
<arg>NR</arg>
<arg>NU</arg>
<arg>NZ</arg>
<arg>OM</arg>
<arg>PA</arg>
<arg>PE</arg>
<arg>PF</arg>
<arg>PG</arg>
<arg>PH</arg>
<arg>PK</arg>
<arg>PL</arg>
<arg>PM</arg>
<arg>PN</arg>
<arg>PR</arg>
<arg>PS</arg>
<arg>PT</arg>
<arg>PW</arg>
<arg>PY</arg>
<arg>QA</arg>
<arg>RE</arg>
<arg>RO</arg>
<arg>RS</arg>
<arg>RU</arg>
<arg>RW</arg>
<arg>SA</arg>
<arg>SB</arg>
<arg>SC</arg>
<arg>SD</arg>
<arg>SE</arg>
<arg>SG</arg>
<arg>SH</arg>
<arg>SI</arg>
<arg>SJ</arg>
<arg>SK</arg>
<arg>SL</arg>
<arg>SM</arg>
<arg>SN</arg>
<arg>SO</arg>
<arg>SR</arg>
<arg>SS</arg>
<arg>ST</arg>
<arg>SV</arg>
<arg>SX</arg>
<arg>SY</arg>
<arg>SZ</arg>
<arg>TC</arg>
<arg>TD</arg>
<arg>TF</arg>
<arg>TG</arg>
<arg>TH</arg>
<arg>TJ</arg>
<arg>TK</arg>
<arg>TL</arg>
<arg>TM</arg>
<arg>TN</arg>
<arg>TO</arg>
<arg>TR</arg>
<arg>TT</arg>
<arg>TV</arg>
<arg>TW</arg>
<arg>TZ</arg>
<arg>UA</arg>
<arg>UG</arg>
<arg>UM</arg>
<arg>US</arg>
<arg>UY</arg>
<arg>UZ</arg>
<arg>VA</arg>
<arg>VC</arg>
<arg>VE</arg>
<arg>VG</arg>
<arg>VI</arg>
<arg>VN</arg>
<arg>VU</arg>
<arg>WF</arg>
<arg>WS</arg>
<arg>XK</arg>
<arg>YE</arg>
<arg>YT</arg>
<arg>ZA</arg>
<arg>ZM</arg>
<arg>ZW</arg>
<doc>Returns a list containing given items.</doc>
<status status="PASS" start="2024-07-10T07:16:00.394900" elapsed="0.000618"/>
</kw>
<kw name="List Should Contain Value" owner="Collections">
<arg>${list_country}</arg>
<arg>${name_country}</arg>
<doc>Fails if the ``value`` is not found from ``list``.</doc>
<status status="PASS" start="2024-07-10T07:16:00.396348" elapsed="0.000204"/>
</kw>
<kw name="Run Keyword If" owner="BuiltIn">
<kw name="Should Be True" owner="BuiltIn">
<arg>${True}</arg>
<doc>Fails if the given condition is not true.</doc>
<status status="PASS" start="2024-07-10T07:16:00.397476" elapsed="0.000142"/>
</kw>
<arg>${json_data["results"][0]["location"]["coordinates"]["latitude"]} &gt;= -90 and ${json_data["results"][0]["location"]["coordinates"]["latitude"]} &lt;= 90</arg>
<arg>Should Be True</arg>
<arg>${True}</arg>
<doc>Runs the given keyword with the given arguments, if ``condition`` is true.</doc>
<status status="PASS" start="2024-07-10T07:16:00.396747" elapsed="0.000997"/>
</kw>
<kw name="Run Keyword If" owner="BuiltIn">
<kw name="Should Be True" owner="BuiltIn">
<arg>${True}</arg>
<doc>Fails if the given condition is not true.</doc>
<status status="PASS" start="2024-07-10T07:16:00.398605" elapsed="0.000136"/>
</kw>
<arg>${json_data["results"][0]["location"]["coordinates"]["longitude"]} &gt;= -180 and ${json_data["results"][0]["location"]["coordinates"]["longitude"]} &lt;= 180</arg>
<arg>Should Be True</arg>
<arg>${True}</arg>
<doc>Runs the given keyword with the given arguments, if ``condition`` is true.</doc>
<status status="PASS" start="2024-07-10T07:16:00.397922" elapsed="0.000940"/>
</kw>
<status status="PASS" start="2024-07-10T07:16:00.295347" elapsed="0.103645"/>
</kw>
<doc>Testa o conteúdo específico dos campos retornados pela API.</doc>
<tag>testeConteudo</tag>
<status status="PASS" start="2024-07-10T07:16:00.294815" elapsed="0.104330"/>
</test>
<status status="PASS" start="2024-07-10T07:15:59.259577" elapsed="1.141597"/>
</suite>
<status status="PASS" start="2024-07-10T07:15:59.245261" elapsed="1.161074"/>
</suite>
<statistics>
<total>
<stat pass="5" fail="0" skip="0">All Tests</stat>
</total>
<tag>
<stat pass="1" fail="0" skip="0">testeConteudo</stat>
<stat pass="1" fail="0" skip="0">testeEstruturaResposta</stat>
<stat pass="1" fail="0" skip="0">testeRequisicaoBasica</stat>
<stat pass="1" fail="0" skip="0">testeTiposDados</stat>
</tag>
<suite>
<stat pass="5" fail="0" skip="0" id="s1" name="Tests">Tests</stat>
<stat pass="5" fail="0" skip="0" id="s1-s1" name="Random-User-Test">Tests.Random-User-Test</stat>
</suite>
</statistics>
<errors>
</errors>
</robot>
