<?xml version="1.0" encoding="UTF-8"?>
<robot generator="Robot 7.0.1 (Python 3.12.3 on linux)" generated="2024-06-16T15:15:38.116578" rpa="false" schemaversion="5">
<suite id="s1" name="Tests" source="/home/runner/work/ApiRandomUser/ApiRandomUser/RamdonUser/tests">
<suite id="s1-s1" name="Random-User-Test" source="/home/runner/work/ApiRandomUser/ApiRandomUser/RamdonUser/tests/random-user-test.robot">
<test id="s1-s1-t1" name="Conectar" line="13">
<kw name="Conectar API" owner="random-user-service">
<kw name="Create Session" owner="RequestsLibrary">
<msg time="2024-06-16T15:15:38.541272" level="INFO">Creating Session using : alias=consultarAPI, url=https://randomuser.me/, headers={},                     cookies={}, auth=None, timeout=None, proxies=None, verify=False,                     debug=0 </msg>
<arg>consultarAPI</arg>
<arg>${URL}</arg>
<doc>Create Session: create a HTTP session to a server</doc>
<status status="PASS" start="2024-06-16T15:15:38.541064" elapsed="0.000396"/>
</kw>
<status status="PASS" start="2024-06-16T15:15:38.539995" elapsed="0.001873"/>
</kw>
<status status="PASS" start="2024-06-16T15:15:38.539316" elapsed="0.002751"/>
</test>
<test id="s1-s1-t2" name="Validar retorno 200 e JSON Válido" line="16">
<kw name="Teste de Requisicao Basica" owner="random-user-service">
<kw name="GET On Session" owner="RequestsLibrary">
<msg time="2024-06-16T15:15:38.721734" level="INFO">GET Request : url=https://randomuser.me/api 
 path_url=/api 
 headers={'User-Agent': 'python-requests/2.32.3', 'Accept-Encoding': 'gzip, deflate', 'Accept': '*/*', 'Connection': 'keep-alive'} 
 body=None 
 </msg>
<msg time="2024-06-16T15:15:38.721896" level="INFO">GET Response : url=https://randomuser.me/api 
 status=200, reason=OK 
 headers={'Date': 'Sun, 16 Jun 2024 15:15:38 GMT', 'Content-Type': 'application/json; charset=utf-8', 'Transfer-Encoding': 'chunked', 'Connection': 'keep-alive', 'X-Powered-By': 'Express', 'Access-Control-Allow-Origin': '*', 'Cache-Control': 'no-cache', 'ETag': 'W/"4af-ICMU4N7vbyOssncig9ycy6R8nt4"', 'Vary': 'Accept-Encoding', 'Content-Encoding': 'gzip', 'CF-Cache-Status': 'DYNAMIC', 'Report-To': '{"endpoints":[{"url":"https:\\/\\/a.nel.cloudflare.com\\/report\\/v4?s=oNtWNGnD2twQkjZqgf3TnEM6oX2rKlyJTGJgliZMcjCdx8jQc58VmW0kfD00lok%2BthcmI12Tg2FM2fQSs3Xy1rQ77JBB3b7yhM%2BTdMxHP4skHQpWJR4mK%2FHUYn5Ieizr"}],"group":"cf-nel","max_age":604800}', 'NEL': '{"success_fraction":0,"report_to":"cf-nel","max_age":604800}', 'Server': 'cloudflare', 'CF-RAY': '894bc1a6ca865955-IAD', 'alt-svc': 'h3=":443"; ma=86400'} 
 body={"results":[{"gender":"female","name":{"title":"Ms","first":"Aniele","last":"Dias"},"location":{"street":{"number":164,"name":"Rua Paraíba "},"city":"Aparecida de Goiânia","state":"São Paulo","country":"Brazil","postcode":35964,"coordinates":{"latitude":"-76.7248","longitude":"113.1752"},"timezone":{"offset":"0:00","description":"Western Europe Time, London, Lisbon, Casablanca"}},"email":"aniele.dias@example.com","login":{"uuid":"15b7070f-41a7-4425-9dc2-e37c54968607","username":"blacktiger286","password":"silent","salt":"gNDsku2Z","md5":"40697da21b3080788128eaf3ce2e3f02","sha1":"7234a544e9788064a12cf1662a1963b03a5051f7","sha256":"daafe012e007331f5cd7dd7089d6482d3b19da607612ed3d431928d4d12c1c80"},"dob":{"date":"1970-01-09T00:26:43.444Z","age":54},"registered":{"date":"2018-03-17T13:53:16.669Z","age":6},"phone":"(25) 3540-4804","cell":"(10) 6350-6182","id":{"name":"CPF","value":"351.540.033-91"},"picture":{"large":"https://randomuser.me/api/portraits/women/34.jpg","medium":"https://randomuser.me/api/portraits/med/women/34.jpg","thumbnail":"https://randomuser.me/api/portraits/thumb/women/34.jpg"},"nat":"BR"}],"info":{"seed":"42c0438bcdc054aa","results":1,"page":1,"version":"1.4"}} 
 </msg>
<msg time="2024-06-16T15:15:38.721979" level="INFO">/opt/hostedtoolcache/Python/3.12.3/x64/lib/python3.12/site-packages/urllib3/connectionpool.py:1103: InsecureRequestWarning: Unverified HTTPS request is being made to host 'randomuser.me'. Adding certificate verification is strongly advised. See: https://urllib3.readthedocs.io/en/latest/advanced-usage.html#tls-warnings
  warnings.warn(</msg>
<msg time="2024-06-16T15:15:38.722137" level="INFO">${response} = &lt;Response [200]&gt;</msg>
<var>${response}</var>
<arg>consultarAPI</arg>
<arg>/api</arg>
<doc>Sends a GET request on a previously created HTTP Session.</doc>
<status status="PASS" start="2024-06-16T15:15:38.544623" elapsed="0.177560"/>
</kw>
<kw name="Should Be Equal As Numbers" owner="BuiltIn">
<msg time="2024-06-16T15:15:38.723175" level="INFO">Argument types are:
&lt;class 'int'&gt;
&lt;class 'str'&gt;</msg>
<arg>${response.status_code}</arg>
<arg>200</arg>
<doc>Fails if objects are unequal after converting them to real numbers.</doc>
<status status="PASS" start="2024-06-16T15:15:38.722711" elapsed="0.000531"/>
</kw>
<kw name="Log" owner="BuiltIn">
<msg time="2024-06-16T15:15:38.723920" level="INFO">200</msg>
<arg>${response.status_code}</arg>
<doc>Logs the given message with the given level.</doc>
<status status="PASS" start="2024-06-16T15:15:38.723575" elapsed="0.000392"/>
</kw>
<kw name="Set Variable" owner="BuiltIn">
<msg time="2024-06-16T15:15:38.724720" level="INFO">${json_data} = {'results': [{'gender': 'female', 'name': {'title': 'Ms', 'first': 'Aniele', 'last': 'Dias'}, 'location': {'street': {'number': 164, 'name': 'Rua Paraíba '}, 'city': 'Aparecida de Goiânia', 'state': '...</msg>
<var>${json_data}</var>
<arg>${response.json()}</arg>
<doc>Returns the given values which can then be assigned to a variables.</doc>
<status status="PASS" start="2024-06-16T15:15:38.724275" elapsed="0.000475"/>
</kw>
<kw name="Dictionary Should Contain Key" owner="Collections">
<arg>${json_data}</arg>
<arg>results</arg>
<doc>Fails if ``key`` is not found from ``dictionary``.</doc>
<status status="PASS" start="2024-06-16T15:15:38.725059" elapsed="0.000163"/>
</kw>
<status status="PASS" start="2024-06-16T15:15:38.544385" elapsed="0.180990"/>
</kw>
<doc>Testa se a API responde corretamente e retorna um objeto JSON válido.</doc>
<tag>testeRequisicaoBasica</tag>
<status status="PASS" start="2024-06-16T15:15:38.543937" elapsed="0.181616"/>
</test>
<test id="s1-s1-t3" name="Validar estrutura de resposta" line="22">
<kw name="Teste de Estrutura de Resposta" owner="random-user-service">
<kw name="GET On Session" owner="RequestsLibrary">
<msg time="2024-06-16T15:15:38.807266" level="INFO">GET Request : url=https://randomuser.me/api 
 path_url=/api 
 headers={'User-Agent': 'python-requests/2.32.3', 'Accept-Encoding': 'gzip, deflate', 'Accept': '*/*', 'Connection': 'keep-alive'} 
 body=None 
 </msg>
<msg time="2024-06-16T15:15:38.807383" level="INFO">GET Response : url=https://randomuser.me/api 
 status=200, reason=OK 
 headers={'Date': 'Sun, 16 Jun 2024 15:15:38 GMT', 'Content-Type': 'application/json; charset=utf-8', 'Transfer-Encoding': 'chunked', 'Connection': 'keep-alive', 'X-Powered-By': 'Express', 'Access-Control-Allow-Origin': '*', 'Cache-Control': 'no-cache', 'ETag': 'W/"49f-ZzMwXZDWz8+d4P0eVsXEzLeHq8E"', 'Vary': 'Accept-Encoding', 'Content-Encoding': 'gzip', 'CF-Cache-Status': 'DYNAMIC', 'Report-To': '{"endpoints":[{"url":"https:\\/\\/a.nel.cloudflare.com\\/report\\/v4?s=uJDH5hwiOFXJh10QfNXgQ%2B%2BrUAoxFVUMhbt6Yy4VxlclhYZ0szGarmFHhyGn5o4jhfgU45V370%2B4Lk%2Fs7ItrVfRr%2BvDUFT9P7Gw1yxIvwohauZxPLVRWjlVQtmzqdZ8E"}],"group":"cf-nel","max_age":604800}', 'NEL': '{"success_fraction":0,"report_to":"cf-nel","max_age":604800}', 'Server': 'cloudflare', 'CF-RAY': '894bc1a71ada5955-IAD', 'alt-svc': 'h3=":443"; ma=86400'} 
 body={"results":[{"gender":"male","name":{"title":"Mr","first":"Leonard","last":"Robinson"},"location":{"street":{"number":7547,"name":"Sunset St"},"city":"Irvine","state":"Pennsylvania","country":"United States","postcode":10245,"coordinates":{"latitude":"84.3052","longitude":"-101.7525"},"timezone":{"offset":"-6:00","description":"Central Time (US &amp; Canada), Mexico City"}},"email":"leonard.robinson@example.com","login":{"uuid":"9c3cc7c0-f09a-4031-a7a3-be284fb3d5f9","username":"purpleduck720","password":"hollie","salt":"0bKPbney","md5":"9eebec7bff785babdc2eaa752ff80e89","sha1":"86ba2f467c897cef5f412b18ed8d6cac8c40ae0d","sha256":"776f1ded5dfb47f681b22be0b85be7bb7c4ea01da5e64af2c75aea23a8000d86"},"dob":{"date":"1995-08-16T17:32:27.199Z","age":28},"registered":{"date":"2005-09-26T13:25:40.483Z","age":18},"phone":"(497) 383-9631","cell":"(896) 787-7123","id":{"name":"SSN","value":"697-60-6116"},"picture":{"large":"https://randomuser.me/api/portraits/men/51.jpg","medium":"https://randomuser.me/api/portraits/med/men/51.jpg","thumbnail":"https://randomuser.me/api/portraits/thumb/men/51.jpg"},"nat":"US"}],"info":{"seed":"882e5870f033151a","results":1,"page":1,"version":"1.4"}} 
 </msg>
<msg time="2024-06-16T15:15:38.807558" level="INFO">/opt/hostedtoolcache/Python/3.12.3/x64/lib/python3.12/site-packages/urllib3/connectionpool.py:1103: InsecureRequestWarning: Unverified HTTPS request is being made to host 'randomuser.me'. Adding certificate verification is strongly advised. See: https://urllib3.readthedocs.io/en/latest/advanced-usage.html#tls-warnings
  warnings.warn(</msg>
<msg time="2024-06-16T15:15:38.807728" level="INFO">${response} = &lt;Response [200]&gt;</msg>
<var>${response}</var>
<arg>consultarAPI</arg>
<arg>/api</arg>
<doc>Sends a GET request on a previously created HTTP Session.</doc>
<status status="PASS" start="2024-06-16T15:15:38.728416" elapsed="0.079370"/>
</kw>
<kw name="Set Variable" owner="BuiltIn">
<msg time="2024-06-16T15:15:38.808826" level="INFO">${json_data} = {'results': [{'gender': 'male', 'name': {'title': 'Mr', 'first': 'Leonard', 'last': 'Robinson'}, 'location': {'street': {'number': 7547, 'name': 'Sunset St'}, 'city': 'Irvine', 'state': 'Pennsylvania'...</msg>
<var>${json_data}</var>
<arg>${response.json()}</arg>
<doc>Returns the given values which can then be assigned to a variables.</doc>
<status status="PASS" start="2024-06-16T15:15:38.808303" elapsed="0.000553"/>
</kw>
<kw name="Log" owner="BuiltIn">
<msg time="2024-06-16T15:15:38.809461" level="INFO">{'results': [{'gender': 'male', 'name': {'title': 'Mr', 'first': 'Leonard', 'last': 'Robinson'}, 'location': {'street': {'number': 7547, 'name': 'Sunset St'}, 'city': 'Irvine', 'state': 'Pennsylvania', 'country': 'United States', 'postcode': 10245, 'coordinates': {'latitude': '84.3052', 'longitude': '-101.7525'}, 'timezone': {'offset': '-6:00', 'description': 'Central Time (US &amp; Canada), Mexico City'}}, 'email': 'leonard.robinson@example.com', 'login': {'uuid': '9c3cc7c0-f09a-4031-a7a3-be284fb3d5f9', 'username': 'purpleduck720', 'password': 'hollie', 'salt': '0bKPbney', 'md5': '9eebec7bff785babdc2eaa752ff80e89', 'sha1': '86ba2f467c897cef5f412b18ed8d6cac8c40ae0d', 'sha256': '776f1ded5dfb47f681b22be0b85be7bb7c4ea01da5e64af2c75aea23a8000d86'}, 'dob': {'date': '1995-08-16T17:32:27.199Z', 'age': 28}, 'registered': {'date': '2005-09-26T13:25:40.483Z', 'age': 18}, 'phone': '(497) 383-9631', 'cell': '(896) 787-7123', 'id': {'name': 'SSN', 'value': '697-60-6116'}, 'picture': {'large': 'https://randomuser.me/api/portraits/men/51.jpg', 'medium': 'https://randomuser.me/api/portraits/med/men/51.jpg', 'thumbnail': 'https://randomuser.me/api/portraits/thumb/men/51.jpg'}, 'nat': 'US'}], 'info': {'seed': '882e5870f033151a', 'results': 1, 'page': 1, 'version': '1.4'}}</msg>
<arg>${json_data}</arg>
<doc>Logs the given message with the given level.</doc>
<status status="PASS" start="2024-06-16T15:15:38.809267" elapsed="0.000242"/>
</kw>
<kw name="Dictionary Should Contain Key" owner="Collections">
<arg>${json_data}</arg>
<arg>results</arg>
<doc>Fails if ``key`` is not found from ``dictionary``.</doc>
<status status="PASS" start="2024-06-16T15:15:38.809857" elapsed="0.000185"/>
</kw>
<kw name="Should Not Be Empty" owner="BuiltIn">
<msg time="2024-06-16T15:15:38.810395" level="INFO">Length is 2.</msg>
<arg>${json_data}</arg>
<doc>Verifies that the given item is not empty.</doc>
<status status="PASS" start="2024-06-16T15:15:38.810246" elapsed="0.000199"/>
</kw>
<kw name="Create List" owner="BuiltIn">
<msg time="2024-06-16T15:15:38.810900" level="INFO">${expected_keys} = ['gender', 'name', 'location', 'email', 'login']</msg>
<var>${expected_keys}</var>
<arg>gender</arg>
<arg>name</arg>
<arg>location</arg>
<arg>email</arg>
<arg>login</arg>
<doc>Returns a list containing given items.</doc>
<status status="PASS" start="2024-06-16T15:15:38.810750" elapsed="0.000181"/>
</kw>
<for flavor="IN">
<iter>
<kw name="Dictionary Should Contain Key" owner="Collections">
<arg>${json_data['results'][0]}</arg>
<arg>${key}</arg>
<doc>Fails if ``key`` is not found from ``dictionary``.</doc>
<status status="PASS" start="2024-06-16T15:15:38.811527" elapsed="0.000413"/>
</kw>
<kw name="Log" owner="BuiltIn">
<msg time="2024-06-16T15:15:38.812500" level="INFO">{'gender': 'male', 'name': {'title': 'Mr', 'first': 'Leonard', 'last': 'Robinson'}, 'location': {'street': {'number': 7547, 'name': 'Sunset St'}, 'city': 'Irvine', 'state': 'Pennsylvania', 'country': 'United States', 'postcode': 10245, 'coordinates': {'latitude': '84.3052', 'longitude': '-101.7525'}, 'timezone': {'offset': '-6:00', 'description': 'Central Time (US &amp; Canada), Mexico City'}}, 'email': 'leonard.robinson@example.com', 'login': {'uuid': '9c3cc7c0-f09a-4031-a7a3-be284fb3d5f9', 'username': 'purpleduck720', 'password': 'hollie', 'salt': '0bKPbney', 'md5': '9eebec7bff785babdc2eaa752ff80e89', 'sha1': '86ba2f467c897cef5f412b18ed8d6cac8c40ae0d', 'sha256': '776f1ded5dfb47f681b22be0b85be7bb7c4ea01da5e64af2c75aea23a8000d86'}, 'dob': {'date': '1995-08-16T17:32:27.199Z', 'age': 28}, 'registered': {'date': '2005-09-26T13:25:40.483Z', 'age': 18}, 'phone': '(497) 383-9631', 'cell': '(896) 787-7123', 'id': {'name': 'SSN', 'value': '697-60-6116'}, 'picture': {'large': 'https://randomuser.me/api/portraits/men/51.jpg', 'medium': 'https://randomuser.me/api/portraits/med/men/51.jpg', 'thumbnail': 'https://randomuser.me/api/portraits/thumb/men/51.jpg'}, 'nat': 'US'}</msg>
<arg>${json_data['results'][0]}</arg>
<doc>Logs the given message with the given level.</doc>
<status status="PASS" start="2024-06-16T15:15:38.812138" elapsed="0.000423"/>
</kw>
<kw name="Log" owner="BuiltIn">
<msg time="2024-06-16T15:15:38.812989" level="INFO">gender</msg>
<arg>${key}</arg>
<doc>Logs the given message with the given level.</doc>
<status status="PASS" start="2024-06-16T15:15:38.812862" elapsed="0.000165"/>
</kw>
<var name="${key}">gender</var>
<status status="PASS" start="2024-06-16T15:15:38.811401" elapsed="0.001849"/>
</iter>
<iter>
<kw name="Dictionary Should Contain Key" owner="Collections">
<arg>${json_data['results'][0]}</arg>
<arg>${key}</arg>
<doc>Fails if ``key`` is not found from ``dictionary``.</doc>
<status status="PASS" start="2024-06-16T15:15:38.813555" elapsed="0.000417"/>
</kw>
<kw name="Log" owner="BuiltIn">
<msg time="2024-06-16T15:15:38.814547" level="INFO">{'gender': 'male', 'name': {'title': 'Mr', 'first': 'Leonard', 'last': 'Robinson'}, 'location': {'street': {'number': 7547, 'name': 'Sunset St'}, 'city': 'Irvine', 'state': 'Pennsylvania', 'country': 'United States', 'postcode': 10245, 'coordinates': {'latitude': '84.3052', 'longitude': '-101.7525'}, 'timezone': {'offset': '-6:00', 'description': 'Central Time (US &amp; Canada), Mexico City'}}, 'email': 'leonard.robinson@example.com', 'login': {'uuid': '9c3cc7c0-f09a-4031-a7a3-be284fb3d5f9', 'username': 'purpleduck720', 'password': 'hollie', 'salt': '0bKPbney', 'md5': '9eebec7bff785babdc2eaa752ff80e89', 'sha1': '86ba2f467c897cef5f412b18ed8d6cac8c40ae0d', 'sha256': '776f1ded5dfb47f681b22be0b85be7bb7c4ea01da5e64af2c75aea23a8000d86'}, 'dob': {'date': '1995-08-16T17:32:27.199Z', 'age': 28}, 'registered': {'date': '2005-09-26T13:25:40.483Z', 'age': 18}, 'phone': '(497) 383-9631', 'cell': '(896) 787-7123', 'id': {'name': 'SSN', 'value': '697-60-6116'}, 'picture': {'large': 'https://randomuser.me/api/portraits/men/51.jpg', 'medium': 'https://randomuser.me/api/portraits/med/men/51.jpg', 'thumbnail': 'https://randomuser.me/api/portraits/thumb/men/51.jpg'}, 'nat': 'US'}</msg>
<arg>${json_data['results'][0]}</arg>
<doc>Logs the given message with the given level.</doc>
<status status="PASS" start="2024-06-16T15:15:38.814156" elapsed="0.000443"/>
</kw>
<kw name="Log" owner="BuiltIn">
<msg time="2024-06-16T15:15:38.815033" level="INFO">name</msg>
<arg>${key}</arg>
<doc>Logs the given message with the given level.</doc>
<status status="PASS" start="2024-06-16T15:15:38.814897" elapsed="0.000175"/>
</kw>
<var name="${key}">name</var>
<status status="PASS" start="2024-06-16T15:15:38.813442" elapsed="0.001846"/>
</iter>
<iter>
<kw name="Dictionary Should Contain Key" owner="Collections">
<arg>${json_data['results'][0]}</arg>
<arg>${key}</arg>
<doc>Fails if ``key`` is not found from ``dictionary``.</doc>
<status status="PASS" start="2024-06-16T15:15:38.815583" elapsed="0.000384"/>
</kw>
<kw name="Log" owner="BuiltIn">
<msg time="2024-06-16T15:15:38.816674" level="INFO">{'gender': 'male', 'name': {'title': 'Mr', 'first': 'Leonard', 'last': 'Robinson'}, 'location': {'street': {'number': 7547, 'name': 'Sunset St'}, 'city': 'Irvine', 'state': 'Pennsylvania', 'country': 'United States', 'postcode': 10245, 'coordinates': {'latitude': '84.3052', 'longitude': '-101.7525'}, 'timezone': {'offset': '-6:00', 'description': 'Central Time (US &amp; Canada), Mexico City'}}, 'email': 'leonard.robinson@example.com', 'login': {'uuid': '9c3cc7c0-f09a-4031-a7a3-be284fb3d5f9', 'username': 'purpleduck720', 'password': 'hollie', 'salt': '0bKPbney', 'md5': '9eebec7bff785babdc2eaa752ff80e89', 'sha1': '86ba2f467c897cef5f412b18ed8d6cac8c40ae0d', 'sha256': '776f1ded5dfb47f681b22be0b85be7bb7c4ea01da5e64af2c75aea23a8000d86'}, 'dob': {'date': '1995-08-16T17:32:27.199Z', 'age': 28}, 'registered': {'date': '2005-09-26T13:25:40.483Z', 'age': 18}, 'phone': '(497) 383-9631', 'cell': '(896) 787-7123', 'id': {'name': 'SSN', 'value': '697-60-6116'}, 'picture': {'large': 'https://randomuser.me/api/portraits/men/51.jpg', 'medium': 'https://randomuser.me/api/portraits/med/men/51.jpg', 'thumbnail': 'https://randomuser.me/api/portraits/thumb/men/51.jpg'}, 'nat': 'US'}</msg>
<arg>${json_data['results'][0]}</arg>
<doc>Logs the given message with the given level.</doc>
<status status="PASS" start="2024-06-16T15:15:38.816216" elapsed="0.000526"/>
</kw>
<kw name="Log" owner="BuiltIn">
<msg time="2024-06-16T15:15:38.817198" level="INFO">location</msg>
<arg>${key}</arg>
<doc>Logs the given message with the given level.</doc>
<status status="PASS" start="2024-06-16T15:15:38.817071" elapsed="0.000165"/>
</kw>
<var name="${key}">location</var>
<status status="PASS" start="2024-06-16T15:15:38.815468" elapsed="0.002000"/>
</iter>
<iter>
<kw name="Dictionary Should Contain Key" owner="Collections">
<arg>${json_data['results'][0]}</arg>
<arg>${key}</arg>
<doc>Fails if ``key`` is not found from ``dictionary``.</doc>
<status status="PASS" start="2024-06-16T15:15:38.817776" elapsed="0.000391"/>
</kw>
<kw name="Log" owner="BuiltIn">
<msg time="2024-06-16T15:15:38.818701" level="INFO">{'gender': 'male', 'name': {'title': 'Mr', 'first': 'Leonard', 'last': 'Robinson'}, 'location': {'street': {'number': 7547, 'name': 'Sunset St'}, 'city': 'Irvine', 'state': 'Pennsylvania', 'country': 'United States', 'postcode': 10245, 'coordinates': {'latitude': '84.3052', 'longitude': '-101.7525'}, 'timezone': {'offset': '-6:00', 'description': 'Central Time (US &amp; Canada), Mexico City'}}, 'email': 'leonard.robinson@example.com', 'login': {'uuid': '9c3cc7c0-f09a-4031-a7a3-be284fb3d5f9', 'username': 'purpleduck720', 'password': 'hollie', 'salt': '0bKPbney', 'md5': '9eebec7bff785babdc2eaa752ff80e89', 'sha1': '86ba2f467c897cef5f412b18ed8d6cac8c40ae0d', 'sha256': '776f1ded5dfb47f681b22be0b85be7bb7c4ea01da5e64af2c75aea23a8000d86'}, 'dob': {'date': '1995-08-16T17:32:27.199Z', 'age': 28}, 'registered': {'date': '2005-09-26T13:25:40.483Z', 'age': 18}, 'phone': '(497) 383-9631', 'cell': '(896) 787-7123', 'id': {'name': 'SSN', 'value': '697-60-6116'}, 'picture': {'large': 'https://randomuser.me/api/portraits/men/51.jpg', 'medium': 'https://randomuser.me/api/portraits/med/men/51.jpg', 'thumbnail': 'https://randomuser.me/api/portraits/thumb/men/51.jpg'}, 'nat': 'US'}</msg>
<arg>${json_data['results'][0]}</arg>
<doc>Logs the given message with the given level.</doc>
<status status="PASS" start="2024-06-16T15:15:38.818351" elapsed="0.000399"/>
</kw>
<kw name="Log" owner="BuiltIn">
<msg time="2024-06-16T15:15:38.819180" level="INFO">email</msg>
<arg>${key}</arg>
<doc>Logs the given message with the given level.</doc>
<status status="PASS" start="2024-06-16T15:15:38.819049" elapsed="0.000170"/>
</kw>
<var name="${key}">email</var>
<status status="PASS" start="2024-06-16T15:15:38.817646" elapsed="0.001789"/>
</iter>
<iter>
<kw name="Dictionary Should Contain Key" owner="Collections">
<arg>${json_data['results'][0]}</arg>
<arg>${key}</arg>
<doc>Fails if ``key`` is not found from ``dictionary``.</doc>
<status status="PASS" start="2024-06-16T15:15:38.819718" elapsed="0.000383"/>
</kw>
<kw name="Log" owner="BuiltIn">
<msg time="2024-06-16T15:15:38.820643" level="INFO">{'gender': 'male', 'name': {'title': 'Mr', 'first': 'Leonard', 'last': 'Robinson'}, 'location': {'street': {'number': 7547, 'name': 'Sunset St'}, 'city': 'Irvine', 'state': 'Pennsylvania', 'country': 'United States', 'postcode': 10245, 'coordinates': {'latitude': '84.3052', 'longitude': '-101.7525'}, 'timezone': {'offset': '-6:00', 'description': 'Central Time (US &amp; Canada), Mexico City'}}, 'email': 'leonard.robinson@example.com', 'login': {'uuid': '9c3cc7c0-f09a-4031-a7a3-be284fb3d5f9', 'username': 'purpleduck720', 'password': 'hollie', 'salt': '0bKPbney', 'md5': '9eebec7bff785babdc2eaa752ff80e89', 'sha1': '86ba2f467c897cef5f412b18ed8d6cac8c40ae0d', 'sha256': '776f1ded5dfb47f681b22be0b85be7bb7c4ea01da5e64af2c75aea23a8000d86'}, 'dob': {'date': '1995-08-16T17:32:27.199Z', 'age': 28}, 'registered': {'date': '2005-09-26T13:25:40.483Z', 'age': 18}, 'phone': '(497) 383-9631', 'cell': '(896) 787-7123', 'id': {'name': 'SSN', 'value': '697-60-6116'}, 'picture': {'large': 'https://randomuser.me/api/portraits/men/51.jpg', 'medium': 'https://randomuser.me/api/portraits/med/men/51.jpg', 'thumbnail': 'https://randomuser.me/api/portraits/thumb/men/51.jpg'}, 'nat': 'US'}</msg>
<arg>${json_data['results'][0]}</arg>
<doc>Logs the given message with the given level.</doc>
<status status="PASS" start="2024-06-16T15:15:38.820292" elapsed="0.000400"/>
</kw>
<kw name="Log" owner="BuiltIn">
<msg time="2024-06-16T15:15:38.821271" level="INFO">login</msg>
<arg>${key}</arg>
<doc>Logs the given message with the given level.</doc>
<status status="PASS" start="2024-06-16T15:15:38.820985" elapsed="0.000336"/>
</kw>
<var name="${key}">login</var>
<status status="PASS" start="2024-06-16T15:15:38.819610" elapsed="0.002003"/>
</iter>
<var>${key}</var>
<value>@{expected_keys}</value>
<status status="PASS" start="2024-06-16T15:15:38.811202" elapsed="0.010563"/>
</for>
<kw name="Create List" owner="BuiltIn">
<msg time="2024-06-16T15:15:38.822154" level="INFO">${expected_keysTwo} = ['username', 'password']</msg>
<var>${expected_keysTwo}</var>
<arg>username</arg>
<arg>password</arg>
<doc>Returns a list containing given items.</doc>
<status status="PASS" start="2024-06-16T15:15:38.821997" elapsed="0.000180"/>
</kw>
<for flavor="IN">
<iter>
<kw name="Dictionary Should Contain Key" owner="Collections">
<arg>${json_data['results'][0]['login']}</arg>
<arg>${keyTwo}</arg>
<doc>Fails if ``key`` is not found from ``dictionary``.</doc>
<status status="PASS" start="2024-06-16T15:15:38.822691" elapsed="0.000456"/>
</kw>
<kw name="Dictionary Should Contain Key" owner="Collections">
<arg>${json_data['results'][0]['login']}</arg>
<arg>${keyTwo}</arg>
<doc>Fails if ``key`` is not found from ``dictionary``.</doc>
<status status="PASS" start="2024-06-16T15:15:38.823338" elapsed="0.000380"/>
</kw>
<kw name="Log" owner="BuiltIn">
<msg time="2024-06-16T15:15:38.824020" level="INFO">username</msg>
<arg>${keyTwo}</arg>
<doc>Logs the given message with the given level.</doc>
<status status="PASS" start="2024-06-16T15:15:38.823895" elapsed="0.000163"/>
</kw>
<var name="${keyTwo}">username</var>
<status status="PASS" start="2024-06-16T15:15:38.822584" elapsed="0.001695"/>
</iter>
<iter>
<kw name="Dictionary Should Contain Key" owner="Collections">
<arg>${json_data['results'][0]['login']}</arg>
<arg>${keyTwo}</arg>
<doc>Fails if ``key`` is not found from ``dictionary``.</doc>
<status status="PASS" start="2024-06-16T15:15:38.824566" elapsed="0.000370"/>
</kw>
<kw name="Dictionary Should Contain Key" owner="Collections">
<arg>${json_data['results'][0]['login']}</arg>
<arg>${keyTwo}</arg>
<doc>Fails if ``key`` is not found from ``dictionary``.</doc>
<status status="PASS" start="2024-06-16T15:15:38.825117" elapsed="0.000362"/>
</kw>
<kw name="Log" owner="BuiltIn">
<msg time="2024-06-16T15:15:38.825809" level="INFO">password</msg>
<arg>${keyTwo}</arg>
<doc>Logs the given message with the given level.</doc>
<status status="PASS" start="2024-06-16T15:15:38.825657" elapsed="0.000189"/>
</kw>
<var name="${keyTwo}">password</var>
<status status="PASS" start="2024-06-16T15:15:38.824459" elapsed="0.001619"/>
</iter>
<var>${keyTwo}</var>
<value>@{expected_keysTwo}</value>
<status status="PASS" start="2024-06-16T15:15:38.822422" elapsed="0.003778"/>
</for>
<status status="PASS" start="2024-06-16T15:15:38.728180" elapsed="0.098168"/>
</kw>
<doc>Testa a estrutura da resposta da API.</doc>
<tag>testeEstruturaResposta</tag>
<status status="PASS" start="2024-06-16T15:15:38.727412" elapsed="0.099106"/>
</test>
<test id="s1-s1-t4" name="Validar tipos de dados" line="28">
<kw name="Teste de Tipos de Dados" owner="random-user-service">
<kw name="GET On Session" owner="RequestsLibrary">
<msg time="2024-06-16T15:15:38.917465" level="INFO">GET Request : url=https://randomuser.me/api 
 path_url=/api 
 headers={'User-Agent': 'python-requests/2.32.3', 'Accept-Encoding': 'gzip, deflate', 'Accept': '*/*', 'Connection': 'keep-alive'} 
 body=None 
 </msg>
<msg time="2024-06-16T15:15:38.917576" level="INFO">GET Response : url=https://randomuser.me/api 
 status=200, reason=OK 
 headers={'Date': 'Sun, 16 Jun 2024 15:15:38 GMT', 'Content-Type': 'application/json; charset=utf-8', 'Transfer-Encoding': 'chunked', 'Connection': 'keep-alive', 'X-Powered-By': 'Express', 'Access-Control-Allow-Origin': '*', 'Cache-Control': 'no-cache', 'ETag': 'W/"47b-uu53HaPjlNDz7LKH3sBL3+SUqG8"', 'Vary': 'Accept-Encoding', 'Content-Encoding': 'gzip', 'CF-Cache-Status': 'DYNAMIC', 'Report-To': '{"endpoints":[{"url":"https:\\/\\/a.nel.cloudflare.com\\/report\\/v4?s=WbJ%2B%2Fru7T%2FOxyrYs%2FVVTlAySOX4ZREiy6a%2Fx7b9o4KF2QlRnsvvZOnXXRbQHBlNbZr3uVPwCr%2F1KZZuxlN%2F5uPoWN6E6FRSjFErnbNC8jyd8Rc5UCXgnc5IqleSUhwb9"}],"group":"cf-nel","max_age":604800}', 'NEL': '{"success_fraction":0,"report_to":"cf-nel","max_age":604800}', 'Server': 'cloudflare', 'CF-RAY': '894bc1a7bb865955-IAD', 'alt-svc': 'h3=":443"; ma=86400'} 
 body={"results":[{"gender":"male","name":{"title":"Mr","first":"Hector","last":"Long"},"location":{"street":{"number":7463,"name":"Adams St"},"city":"Burbank","state":"Texas","country":"United States","postcode":52073,"coordinates":{"latitude":"84.5328","longitude":"-54.0558"},"timezone":{"offset":"-12:00","description":"Eniwetok, Kwajalein"}},"email":"hector.long@example.com","login":{"uuid":"680b01d7-81de-48bc-9e55-464f6c8d2a1d","username":"greenfrog326","password":"vampires","salt":"FdY4FTVL","md5":"3806ffdbdd9233a8b42f390d8432598a","sha1":"28bf3e0c3e66a62af0117ac520196cb8f15c34ef","sha256":"97350bc1f212ba177aa324b5a747aa1108d0744dc8405d15f211385447227c9d"},"dob":{"date":"1967-03-12T20:55:40.235Z","age":57},"registered":{"date":"2007-09-10T19:26:09.937Z","age":16},"phone":"(585) 816-1815","cell":"(323) 372-5327","id":{"name":"SSN","value":"237-33-5540"},"picture":{"large":"https://randomuser.me/api/portraits/men/96.jpg","medium":"https://randomuser.me/api/portraits/med/men/96.jpg","thumbnail":"https://randomuser.me/api/portraits/thumb/men/96.jpg"},"nat":"US"}],"info":{"seed":"0ed290822c36bca1","results":1,"page":1,"version":"1.4"}} 
 </msg>
<msg time="2024-06-16T15:15:38.917678" level="INFO">/opt/hostedtoolcache/Python/3.12.3/x64/lib/python3.12/site-packages/urllib3/connectionpool.py:1103: InsecureRequestWarning: Unverified HTTPS request is being made to host 'randomuser.me'. Adding certificate verification is strongly advised. See: https://urllib3.readthedocs.io/en/latest/advanced-usage.html#tls-warnings
  warnings.warn(</msg>
<msg time="2024-06-16T15:15:38.917877" level="INFO">${response} = &lt;Response [200]&gt;</msg>
<var>${response}</var>
<arg>consultarAPI</arg>
<arg>/api</arg>
<doc>Sends a GET request on a previously created HTTP Session.</doc>
<status status="PASS" start="2024-06-16T15:15:38.829000" elapsed="0.088927"/>
</kw>
<kw name="Set Variable" owner="BuiltIn">
<msg time="2024-06-16T15:15:38.918948" level="INFO">${json_data} = {'results': [{'gender': 'male', 'name': {'title': 'Mr', 'first': 'Hector', 'last': 'Long'}, 'location': {'street': {'number': 7463, 'name': 'Adams St'}, 'city': 'Burbank', 'state': 'Texas', 'country':...</msg>
<var>${json_data}</var>
<arg>${response.json()}</arg>
<doc>Returns the given values which can then be assigned to a variables.</doc>
<status status="PASS" start="2024-06-16T15:15:38.918447" elapsed="0.000530"/>
</kw>
<kw name="Log" owner="BuiltIn">
<msg time="2024-06-16T15:15:38.919442" level="INFO">{'results': [{'gender': 'male', 'name': {'title': 'Mr', 'first': 'Hector', 'last': 'Long'}, 'location': {'street': {'number': 7463, 'name': 'Adams St'}, 'city': 'Burbank', 'state': 'Texas', 'country': 'United States', 'postcode': 52073, 'coordinates': {'latitude': '84.5328', 'longitude': '-54.0558'}, 'timezone': {'offset': '-12:00', 'description': 'Eniwetok, Kwajalein'}}, 'email': 'hector.long@example.com', 'login': {'uuid': '680b01d7-81de-48bc-9e55-464f6c8d2a1d', 'username': 'greenfrog326', 'password': 'vampires', 'salt': 'FdY4FTVL', 'md5': '3806ffdbdd9233a8b42f390d8432598a', 'sha1': '28bf3e0c3e66a62af0117ac520196cb8f15c34ef', 'sha256': '97350bc1f212ba177aa324b5a747aa1108d0744dc8405d15f211385447227c9d'}, 'dob': {'date': '1967-03-12T20:55:40.235Z', 'age': 57}, 'registered': {'date': '2007-09-10T19:26:09.937Z', 'age': 16}, 'phone': '(585) 816-1815', 'cell': '(323) 372-5327', 'id': {'name': 'SSN', 'value': '237-33-5540'}, 'picture': {'large': 'https://randomuser.me/api/portraits/men/96.jpg', 'medium': 'https://randomuser.me/api/portraits/med/men/96.jpg', 'thumbnail': 'https://randomuser.me/api/portraits/thumb/men/96.jpg'}, 'nat': 'US'}], 'info': {'seed': '0ed290822c36bca1', 'results': 1, 'page': 1, 'version': '1.4'}}</msg>
<arg>${json_data}</arg>
<doc>Logs the given message with the given level.</doc>
<status status="PASS" start="2024-06-16T15:15:38.919286" elapsed="0.000206"/>
</kw>
<kw name="Should Be String" owner="String">
<arg>${json_data['results'][0]['gender']}</arg>
<doc>Fails if the given ``item`` is not a string.</doc>
<status status="PASS" start="2024-06-16T15:15:38.919784" elapsed="0.000361"/>
</kw>
<kw name="Should Match Regexp" owner="BuiltIn">
<arg>${json_data['results'][0]['email']}</arg>
<arg>^[a-zA-Z0-9._%+-]+@[a-zA-Z0-9.-]+\.[a-zA-Z]{2,}$</arg>
<doc>Fails if ``string`` does not match ``pattern`` as a regular expression.</doc>
<status status="PASS" start="2024-06-16T15:15:38.920372" elapsed="0.000518"/>
</kw>
<kw name="Should Match Regexp" owner="BuiltIn">
<arg>${json_data['results'][0]['dob']['date']}</arg>
<arg>\\d{4}-\\d{2}-\\d{2}T\\d{2}:\\d{2}:\\d{2}\\.\\d{3}Z</arg>
<doc>Fails if ``string`` does not match ``pattern`` as a regular expression.</doc>
<status status="PASS" start="2024-06-16T15:15:38.921086" elapsed="0.000486"/>
</kw>
<kw name="Should Match Regexp" owner="BuiltIn">
<arg>${json_data['results'][0]['registered']['date']}</arg>
<arg>\\d{4}-\\d{2}-\\d{2}T\\d{2}:\\d{2}:\\d{2}\\.\\d{3}Z</arg>
<doc>Fails if ``string`` does not match ``pattern`` as a regular expression.</doc>
<status status="PASS" start="2024-06-16T15:15:38.921798" elapsed="0.000379"/>
</kw>
<kw name="Should Match Regexp" owner="BuiltIn">
<arg>${json_data['results'][0]['picture']['large']}</arg>
<arg>^https?://.*\.(?:png|jpe?g|gif|bmp)$</arg>
<doc>Fails if ``string`` does not match ``pattern`` as a regular expression.</doc>
<status status="PASS" start="2024-06-16T15:15:38.922367" elapsed="0.000457"/>
</kw>
<kw name="Should Match Regexp" owner="BuiltIn">
<arg>${json_data['results'][0]['picture']['medium']}</arg>
<arg>^https?://.*\.(?:png|jpe?g|gif|bmp)$</arg>
<doc>Fails if ``string`` does not match ``pattern`` as a regular expression.</doc>
<status status="PASS" start="2024-06-16T15:15:38.923022" elapsed="0.000351"/>
</kw>
<kw name="Should Match Regexp" owner="BuiltIn">
<arg>${json_data['results'][0]['picture']['thumbnail']}</arg>
<arg>^https?://.*\.(?:png|jpe?g|gif|bmp)$</arg>
<doc>Fails if ``string`` does not match ``pattern`` as a regular expression.</doc>
<status status="PASS" start="2024-06-16T15:15:38.923562" elapsed="0.000349"/>
</kw>
<kw name="Log" owner="BuiltIn">
<msg time="2024-06-16T15:15:38.924421" level="INFO">{'large': 'https://randomuser.me/api/portraits/men/96.jpg', 'medium': 'https://randomuser.me/api/portraits/med/men/96.jpg', 'thumbnail': 'https://randomuser.me/api/portraits/thumb/men/96.jpg'}</msg>
<arg>${json_data['results'][0]['picture']}</arg>
<doc>Logs the given message with the given level.</doc>
<status status="PASS" start="2024-06-16T15:15:38.924101" elapsed="0.000363"/>
</kw>
<status status="PASS" start="2024-06-16T15:15:38.828762" elapsed="0.095965"/>
</kw>
<kw name="Teste de Tipos de Dados - Postcode" owner="random-user-service">
<kw name="GET On Session" owner="RequestsLibrary">
<msg time="2024-06-16T15:15:39.012084" level="INFO">GET Request : url=https://randomuser.me/api 
 path_url=/api 
 headers={'User-Agent': 'python-requests/2.32.3', 'Accept-Encoding': 'gzip, deflate', 'Accept': '*/*', 'Connection': 'keep-alive'} 
 body=None 
 </msg>
<msg time="2024-06-16T15:15:39.012189" level="INFO">GET Response : url=https://randomuser.me/api 
 status=200, reason=OK 
 headers={'Date': 'Sun, 16 Jun 2024 15:15:39 GMT', 'Content-Type': 'application/json; charset=utf-8', 'Transfer-Encoding': 'chunked', 'Connection': 'keep-alive', 'X-Powered-By': 'Express', 'Access-Control-Allow-Origin': '*', 'Cache-Control': 'no-cache', 'ETag': 'W/"475-Jb7qmmhsnz9HvxDSWsh5f/5DnL0"', 'Vary': 'Accept-Encoding', 'Content-Encoding': 'gzip', 'CF-Cache-Status': 'DYNAMIC', 'Report-To': '{"endpoints":[{"url":"https:\\/\\/a.nel.cloudflare.com\\/report\\/v4?s=6xGS%2Bc1H9aGni3B6XM0OoXNz%2FEFEAw2xwu1ewg9T04fBQWWbsgQDHjxr3le1WuV4rfpIVIfNJuFZ2vAxDkGu34ydsbbpX%2BEuOoC5kMIyIYU9TxlrMGGsPRLEH2JVTX9d"}],"group":"cf-nel","max_age":604800}', 'NEL': '{"success_fraction":0,"report_to":"cf-nel","max_age":604800}', 'Server': 'cloudflare', 'CF-RAY': '894bc1a84bfb5955-IAD', 'alt-svc': 'h3=":443"; ma=86400'} 
 body={"results":[{"gender":"female","name":{"title":"Mrs","first":"Nandita","last":"Dsouza"},"location":{"street":{"number":5299,"name":"Mint St"},"city":"Bahraich","state":"Chhattisgarh","country":"India","postcode":83465,"coordinates":{"latitude":"10.9338","longitude":"134.3249"},"timezone":{"offset":"+3:30","description":"Tehran"}},"email":"nandita.dsouza@example.com","login":{"uuid":"74798813-d5c3-431b-af98-3be8a768e8ad","username":"lazyduck751","password":"maverick","salt":"wYoleRk9","md5":"a8fac11ef34b2d1ec23444e3913c0679","sha1":"5bdd2b7872182197ed9c488606b321bf5d275a03","sha256":"6edcf26526385e5d316e94a1718969f5d44f75adb39945daaf21e14b9f8fc4c7"},"dob":{"date":"1994-08-16T03:39:23.224Z","age":29},"registered":{"date":"2012-09-18T19:57:33.344Z","age":11},"phone":"8458568812","cell":"7251746905","id":{"name":"UIDAI","value":"939262060318"},"picture":{"large":"https://randomuser.me/api/portraits/women/60.jpg","medium":"https://randomuser.me/api/portraits/med/women/60.jpg","thumbnail":"https://randomuser.me/api/portraits/thumb/women/60.jpg"},"nat":"IN"}],"info":{"seed":"e0b33ca0a9ff5aaa","results":1,"page":1,"version":"1.4"}} 
 </msg>
<msg time="2024-06-16T15:15:39.012279" level="INFO">/opt/hostedtoolcache/Python/3.12.3/x64/lib/python3.12/site-packages/urllib3/connectionpool.py:1103: InsecureRequestWarning: Unverified HTTPS request is being made to host 'randomuser.me'. Adding certificate verification is strongly advised. See: https://urllib3.readthedocs.io/en/latest/advanced-usage.html#tls-warnings
  warnings.warn(</msg>
<msg time="2024-06-16T15:15:39.012421" level="INFO">${response} = &lt;Response [200]&gt;</msg>
<var>${response}</var>
<arg>consultarAPI</arg>
<arg>/api</arg>
<doc>Sends a GET request on a previously created HTTP Session.</doc>
<status status="PASS" start="2024-06-16T15:15:38.925200" elapsed="0.087265"/>
</kw>
<kw name="Set Variable" owner="BuiltIn">
<msg time="2024-06-16T15:15:39.013495" level="INFO">${json_data} = {'results': [{'gender': 'female', 'name': {'title': 'Mrs', 'first': 'Nandita', 'last': 'Dsouza'}, 'location': {'street': {'number': 5299, 'name': 'Mint St'}, 'city': 'Bahraich', 'state': 'Chhattisgarh...</msg>
<var>${json_data}</var>
<arg>${response.json()}</arg>
<doc>Returns the given values which can then be assigned to a variables.</doc>
<status status="PASS" start="2024-06-16T15:15:39.012986" elapsed="0.000537"/>
</kw>
<kw name="Log" owner="BuiltIn">
<msg time="2024-06-16T15:15:39.014023" level="INFO">{'results': [{'gender': 'female', 'name': {'title': 'Mrs', 'first': 'Nandita', 'last': 'Dsouza'}, 'location': {'street': {'number': 5299, 'name': 'Mint St'}, 'city': 'Bahraich', 'state': 'Chhattisgarh', 'country': 'India', 'postcode': 83465, 'coordinates': {'latitude': '10.9338', 'longitude': '134.3249'}, 'timezone': {'offset': '+3:30', 'description': 'Tehran'}}, 'email': 'nandita.dsouza@example.com', 'login': {'uuid': '74798813-d5c3-431b-af98-3be8a768e8ad', 'username': 'lazyduck751', 'password': 'maverick', 'salt': 'wYoleRk9', 'md5': 'a8fac11ef34b2d1ec23444e3913c0679', 'sha1': '5bdd2b7872182197ed9c488606b321bf5d275a03', 'sha256': '6edcf26526385e5d316e94a1718969f5d44f75adb39945daaf21e14b9f8fc4c7'}, 'dob': {'date': '1994-08-16T03:39:23.224Z', 'age': 29}, 'registered': {'date': '2012-09-18T19:57:33.344Z', 'age': 11}, 'phone': '8458568812', 'cell': '7251746905', 'id': {'name': 'UIDAI', 'value': '939262060318'}, 'picture': {'large': 'https://randomuser.me/api/portraits/women/60.jpg', 'medium': 'https://randomuser.me/api/portraits/med/women/60.jpg', 'thumbnail': 'https://randomuser.me/api/portraits/thumb/women/60.jpg'}, 'nat': 'IN'}], 'info': {'seed': 'e0b33ca0a9ff5aaa', 'results': 1, 'page': 1, 'version': '1.4'}}</msg>
<arg>${json_data}</arg>
<doc>Logs the given message with the given level.</doc>
<status status="PASS" start="2024-06-16T15:15:39.013865" elapsed="0.000205"/>
</kw>
<kw name="Should Be Equal As Numbers" owner="BuiltIn">
<arg>${json_data['results'][0]['location']['postcode']}</arg>
<arg>${json_data['results'][0]['location']['postcode']}</arg>
<doc>Fails if objects are unequal after converting them to real numbers.</doc>
<status status="PASS" start="2024-06-16T15:15:39.014365" elapsed="0.000617"/>
</kw>
<kw name="Log" owner="BuiltIn">
<msg time="2024-06-16T15:15:39.015499" level="INFO">83465</msg>
<arg>${json_data['results'][0]['location']['postcode']}</arg>
<doc>Logs the given message with the given level.</doc>
<status status="PASS" start="2024-06-16T15:15:39.015170" elapsed="0.000402"/>
</kw>
<status status="PASS" start="2024-06-16T15:15:38.924958" elapsed="0.090872"/>
</kw>
<doc>Testa se os tipos de dados na resposta da API estão corretos.</doc>
<tag>testeTiposDados</tag>
<status status="PASS" start="2024-06-16T15:15:38.828271" elapsed="0.187728"/>
</test>
<test id="s1-s1-t5" name="Validar conteudo" line="35">
<kw name="Teste de Tipos de Conteudo" owner="random-user-service">
<kw name="GET On Session" owner="RequestsLibrary">
<msg time="2024-06-16T15:15:39.108301" level="INFO">GET Request : url=https://randomuser.me/api 
 path_url=/api 
 headers={'User-Agent': 'python-requests/2.32.3', 'Accept-Encoding': 'gzip, deflate', 'Accept': '*/*', 'Connection': 'keep-alive'} 
 body=None 
 </msg>
<msg time="2024-06-16T15:15:39.108410" level="INFO">GET Response : url=https://randomuser.me/api 
 status=200, reason=OK 
 headers={'Date': 'Sun, 16 Jun 2024 15:15:39 GMT', 'Content-Type': 'application/json; charset=utf-8', 'Transfer-Encoding': 'chunked', 'Connection': 'keep-alive', 'X-Powered-By': 'Express', 'Access-Control-Allow-Origin': '*', 'Cache-Control': 'no-cache', 'ETag': 'W/"488-2vbKhtAF0GTJc99NEIgADfwDQ0I"', 'Vary': 'Accept-Encoding', 'Content-Encoding': 'gzip', 'CF-Cache-Status': 'DYNAMIC', 'Report-To': '{"endpoints":[{"url":"https:\\/\\/a.nel.cloudflare.com\\/report\\/v4?s=ThDAr9Pr%2BbRSxPIIimfow1P5Oab3AFlOyqY20qBjgAw8G8FJO8CbGkt7mcT7ZNKzG1I7dnApGgxgJc16T2dFmkOVZofeM7%2FH6VnLZjuH3O1byhsSYK7evSFIWkwZyDHO"}],"group":"cf-nel","max_age":604800}', 'NEL': '{"success_fraction":0,"report_to":"cf-nel","max_age":604800}', 'Server': 'cloudflare', 'CF-RAY': '894bc1a8ec765955-IAD', 'alt-svc': 'h3=":443"; ma=86400'} 
 body={"results":[{"gender":"female","name":{"title":"Mrs","first":"Malou","last":"Olsen"},"location":{"street":{"number":7774,"name":"Gudenåvej"},"city":"Samsø","state":"Sjælland","country":"Denmark","postcode":32537,"coordinates":{"latitude":"-42.9784","longitude":"114.6756"},"timezone":{"offset":"+8:00","description":"Beijing, Perth, Singapore, Hong Kong"}},"email":"malou.olsen@example.com","login":{"uuid":"9aadc4bd-440b-4f46-8270-4b90fda6cf2d","username":"angryfish722","password":"hurrican","salt":"qcR8sBai","md5":"5ad6c074d49d02e8562e11990fdd7f9e","sha1":"37b63d01832c1ed9880f4fb17a2692f67de438c1","sha256":"251529d8e1fc0e073e12ded99a02c1510dd77bf2f08b6130b5829ca88f10b47b"},"dob":{"date":"1976-11-13T06:28:35.966Z","age":47},"registered":{"date":"2003-04-13T00:35:38.241Z","age":21},"phone":"86479184","cell":"97728897","id":{"name":"CPR","value":"131176-9199"},"picture":{"large":"https://randomuser.me/api/portraits/women/91.jpg","medium":"https://randomuser.me/api/portraits/med/women/91.jpg","thumbnail":"https://randomuser.me/api/portraits/thumb/women/91.jpg"},"nat":"DK"}],"info":{"seed":"54e025d8d71f7a11","results":1,"page":1,"version":"1.4"}} 
 </msg>
<msg time="2024-06-16T15:15:39.108485" level="INFO">/opt/hostedtoolcache/Python/3.12.3/x64/lib/python3.12/site-packages/urllib3/connectionpool.py:1103: InsecureRequestWarning: Unverified HTTPS request is being made to host 'randomuser.me'. Adding certificate verification is strongly advised. See: https://urllib3.readthedocs.io/en/latest/advanced-usage.html#tls-warnings
  warnings.warn(</msg>
<msg time="2024-06-16T15:15:39.108627" level="INFO">${response} = &lt;Response [200]&gt;</msg>
<var>${response}</var>
<arg>consultarAPI</arg>
<arg>/api</arg>
<doc>Sends a GET request on a previously created HTTP Session.</doc>
<status status="PASS" start="2024-06-16T15:15:39.018446" elapsed="0.090226"/>
</kw>
<kw name="Set Variable" owner="BuiltIn">
<msg time="2024-06-16T15:15:39.109732" level="INFO">${json_data} = {'results': [{'gender': 'female', 'name': {'title': 'Mrs', 'first': 'Malou', 'last': 'Olsen'}, 'location': {'street': {'number': 7774, 'name': 'Gudenåvej'}, 'city': 'Samsø', 'state': 'Sjælland', 'coun...</msg>
<var>${json_data}</var>
<arg>${response.json()}</arg>
<doc>Returns the given values which can then be assigned to a variables.</doc>
<status status="PASS" start="2024-06-16T15:15:39.109181" elapsed="0.000585"/>
</kw>
<kw name="Set Variable" owner="BuiltIn">
<msg time="2024-06-16T15:15:39.110460" level="INFO">${name_title} = Mrs</msg>
<var>${name_title}</var>
<arg>${json_data["results"][0]["name"]["title"]}</arg>
<doc>Returns the given values which can then be assigned to a variables.</doc>
<status status="PASS" start="2024-06-16T15:15:39.110081" elapsed="0.000404"/>
</kw>
<kw name="Create List" owner="BuiltIn">
<msg time="2024-06-16T15:15:39.110932" level="INFO">${allowed_titles} = ['Mr', 'Ms', 'Miss', 'Mrs', 'Madame', 'Monsieur']</msg>
<var>${allowed_titles}</var>
<arg>Mr</arg>
<arg>Ms</arg>
<arg>Miss</arg>
<arg>Mrs</arg>
<arg>Madame</arg>
<arg>Monsieur</arg>
<doc>Returns a list containing given items.</doc>
<status status="PASS" start="2024-06-16T15:15:39.110783" elapsed="0.000172"/>
</kw>
<kw name="List Should Contain Value" owner="Collections">
<arg>${allowed_titles}</arg>
<arg>${name_title}</arg>
<doc>Fails if the ``value`` is not found from ``list``.</doc>
<status status="PASS" start="2024-06-16T15:15:39.111250" elapsed="0.000184"/>
</kw>
<kw name="Set Variable" owner="BuiltIn">
<msg time="2024-06-16T15:15:39.111988" level="INFO">${name_country} = DK</msg>
<var>${name_country}</var>
<arg>${json_data["results"][0]["nat"]}</arg>
<doc>Returns the given values which can then be assigned to a variables.</doc>
<status status="PASS" start="2024-06-16T15:15:39.111622" elapsed="0.000391"/>
</kw>
<kw name="Create List" owner="BuiltIn">
<msg time="2024-06-16T15:15:39.112901" level="INFO">${list_country} = ['AD', 'AE', 'AF', 'AG', 'AI', 'AL', 'AM', 'AO', 'AQ', 'AR', 'AS', 'AT', 'AU', 'AW', 'AX', 'AZ', 'BA', 'BB', 'BD', 'BE', 'BF', 'BG', 'BH', 'BI', 'BJ', 'BL', 'BM', 'BN', 'BO', 'BQ', 'BR', 'BS', 'BT', '...</msg>
<var>${list_country}</var>
<arg>AD</arg>
<arg>AE</arg>
<arg>AF</arg>
<arg>AG</arg>
<arg>AI</arg>
<arg>AL</arg>
<arg>AM</arg>
<arg>AO</arg>
<arg>AQ</arg>
<arg>AR</arg>
<arg>AS</arg>
<arg>AT</arg>
<arg>AU</arg>
<arg>AW</arg>
<arg>AX</arg>
<arg>AZ</arg>
<arg>BA</arg>
<arg>BB</arg>
<arg>BD</arg>
<arg>BE</arg>
<arg>BF</arg>
<arg>BG</arg>
<arg>BH</arg>
<arg>BI</arg>
<arg>BJ</arg>
<arg>BL</arg>
<arg>BM</arg>
<arg>BN</arg>
<arg>BO</arg>
<arg>BQ</arg>
<arg>BR</arg>
<arg>BS</arg>
<arg>BT</arg>
<arg>BV</arg>
<arg>BW</arg>
<arg>BY</arg>
<arg>BZ</arg>
<arg>CA</arg>
<arg>CC</arg>
<arg>CD</arg>
<arg>CF</arg>
<arg>CG</arg>
<arg>CH</arg>
<arg>CI</arg>
<arg>CK</arg>
<arg>CL</arg>
<arg>CM</arg>
<arg>CN</arg>
<arg>CO</arg>
<arg>CR</arg>
<arg>CU</arg>
<arg>CV</arg>
<arg>CW</arg>
<arg>CX</arg>
<arg>CY</arg>
<arg>CZ</arg>
<arg>DE</arg>
<arg>DJ</arg>
<arg>DK</arg>
<arg>DM</arg>
<arg>DO</arg>
<arg>DZ</arg>
<arg>EC</arg>
<arg>EE</arg>
<arg>EG</arg>
<arg>EH</arg>
<arg>ER</arg>
<arg>ES</arg>
<arg>ET</arg>
<arg>FI</arg>
<arg>FJ</arg>
<arg>FK</arg>
<arg>FM</arg>
<arg>FO</arg>
<arg>FR</arg>
<arg>GA</arg>
<arg>GB</arg>
<arg>GD</arg>
<arg>GE</arg>
<arg>GF</arg>
<arg>GG</arg>
<arg>GH</arg>
<arg>GI</arg>
<arg>GL</arg>
<arg>GM</arg>
<arg>GN</arg>
<arg>GP</arg>
<arg>GQ</arg>
<arg>GR</arg>
<arg>GS</arg>
<arg>GT</arg>
<arg>GU</arg>
<arg>GW</arg>
<arg>GY</arg>
<arg>HK</arg>
<arg>HM</arg>
<arg>HN</arg>
<arg>HR</arg>
<arg>HT</arg>
<arg>HU</arg>
<arg>ID</arg>
<arg>IE</arg>
<arg>IL</arg>
<arg>IM</arg>
<arg>IN</arg>
<arg>IO</arg>
<arg>IQ</arg>
<arg>IR</arg>
<arg>IS</arg>
<arg>IT</arg>
<arg>JE</arg>
<arg>JM</arg>
<arg>JO</arg>
<arg>JP</arg>
<arg>KE</arg>
<arg>KG</arg>
<arg>KH</arg>
<arg>KI</arg>
<arg>KM</arg>
<arg>KN</arg>
<arg>KP</arg>
<arg>KR</arg>
<arg>KW</arg>
<arg>KY</arg>
<arg>KZ</arg>
<arg>LA</arg>
<arg>LB</arg>
<arg>LC</arg>
<arg>LI</arg>
<arg>LK</arg>
<arg>LR</arg>
<arg>LS</arg>
<arg>LT</arg>
<arg>LU</arg>
<arg>LV</arg>
<arg>LY</arg>
<arg>MA</arg>
<arg>MC</arg>
<arg>MD</arg>
<arg>ME</arg>
<arg>MF</arg>
<arg>MG</arg>
<arg>MH</arg>
<arg>MK</arg>
<arg>ML</arg>
<arg>MM</arg>
<arg>MN</arg>
<arg>MO</arg>
<arg>MP</arg>
<arg>MQ</arg>
<arg>MR</arg>
<arg>MS</arg>
<arg>MT</arg>
<arg>MU</arg>
<arg>MV</arg>
<arg>MW</arg>
<arg>MX</arg>
<arg>MY</arg>
<arg>MZ</arg>
<arg>NA</arg>
<arg>NC</arg>
<arg>NE</arg>
<arg>NF</arg>
<arg>NG</arg>
<arg>NI</arg>
<arg>NL</arg>
<arg>NO</arg>
<arg>NP</arg>
<arg>NR</arg>
<arg>NU</arg>
<arg>NZ</arg>
<arg>OM</arg>
<arg>PA</arg>
<arg>PE</arg>
<arg>PF</arg>
<arg>PG</arg>
<arg>PH</arg>
<arg>PK</arg>
<arg>PL</arg>
<arg>PM</arg>
<arg>PN</arg>
<arg>PR</arg>
<arg>PS</arg>
<arg>PT</arg>
<arg>PW</arg>
<arg>PY</arg>
<arg>QA</arg>
<arg>RE</arg>
<arg>RO</arg>
<arg>RS</arg>
<arg>RU</arg>
<arg>RW</arg>
<arg>SA</arg>
<arg>SB</arg>
<arg>SC</arg>
<arg>SD</arg>
<arg>SE</arg>
<arg>SG</arg>
<arg>SH</arg>
<arg>SI</arg>
<arg>SJ</arg>
<arg>SK</arg>
<arg>SL</arg>
<arg>SM</arg>
<arg>SN</arg>
<arg>SO</arg>
<arg>SR</arg>
<arg>SS</arg>
<arg>ST</arg>
<arg>SV</arg>
<arg>SX</arg>
<arg>SY</arg>
<arg>SZ</arg>
<arg>TC</arg>
<arg>TD</arg>
<arg>TF</arg>
<arg>TG</arg>
<arg>TH</arg>
<arg>TJ</arg>
<arg>TK</arg>
<arg>TL</arg>
<arg>TM</arg>
<arg>TN</arg>
<arg>TO</arg>
<arg>TR</arg>
<arg>TT</arg>
<arg>TV</arg>
<arg>TW</arg>
<arg>TZ</arg>
<arg>UA</arg>
<arg>UG</arg>
<arg>UM</arg>
<arg>US</arg>
<arg>UY</arg>
<arg>UZ</arg>
<arg>VA</arg>
<arg>VC</arg>
<arg>VE</arg>
<arg>VG</arg>
<arg>VI</arg>
<arg>VN</arg>
<arg>VU</arg>
<arg>WF</arg>
<arg>WS</arg>
<arg>XK</arg>
<arg>YE</arg>
<arg>YT</arg>
<arg>ZA</arg>
<arg>ZM</arg>
<arg>ZW</arg>
<doc>Returns a list containing given items.</doc>
<status status="PASS" start="2024-06-16T15:15:39.112307" elapsed="0.000619"/>
</kw>
<kw name="List Should Contain Value" owner="Collections">
<arg>${list_country}</arg>
<arg>${name_country}</arg>
<doc>Fails if the ``value`` is not found from ``list``.</doc>
<status status="PASS" start="2024-06-16T15:15:39.113751" elapsed="0.000216"/>
</kw>
<kw name="Run Keyword If" owner="BuiltIn">
<kw name="Should Be True" owner="BuiltIn">
<arg>${True}</arg>
<doc>Fails if the given condition is not true.</doc>
<status status="PASS" start="2024-06-16T15:15:39.115045" elapsed="0.000143"/>
</kw>
<arg>${json_data["results"][0]["location"]["coordinates"]["latitude"]} &gt;= -90 and ${json_data["results"][0]["location"]["coordinates"]["latitude"]} &lt;= 90</arg>
<arg>Should Be True</arg>
<arg>${True}</arg>
<doc>Runs the given keyword with the given arguments, if ``condition`` is true.</doc>
<status status="PASS" start="2024-06-16T15:15:39.114170" elapsed="0.001145"/>
</kw>
<kw name="Run Keyword If" owner="BuiltIn">
<kw name="Should Be True" owner="BuiltIn">
<arg>${True}</arg>
<doc>Fails if the given condition is not true.</doc>
<status status="PASS" start="2024-06-16T15:15:39.116179" elapsed="0.000140"/>
</kw>
<arg>${json_data["results"][0]["location"]["coordinates"]["longitude"]} &gt;= -180 and ${json_data["results"][0]["location"]["coordinates"]["longitude"]} &lt;= 180</arg>
<arg>Should Be True</arg>
<arg>${True}</arg>
<doc>Runs the given keyword with the given arguments, if ``condition`` is true.</doc>
<status status="PASS" start="2024-06-16T15:15:39.115497" elapsed="0.000948"/>
</kw>
<status status="PASS" start="2024-06-16T15:15:39.018223" elapsed="0.098354"/>
</kw>
<doc>Testa o conteúdo específico dos campos retornados pela API.</doc>
<tag>testeConteudo</tag>
<status status="PASS" start="2024-06-16T15:15:39.017756" elapsed="0.098976"/>
</test>
<status status="PASS" start="2024-06-16T15:15:38.176741" elapsed="0.942002"/>
</suite>
<status status="PASS" start="2024-06-16T15:15:38.163083" elapsed="0.960750"/>
</suite>
<statistics>
<total>
<stat pass="5" fail="0" skip="0">All Tests</stat>
</total>
<tag>
<stat pass="1" fail="0" skip="0">testeConteudo</stat>
<stat pass="1" fail="0" skip="0">testeEstruturaResposta</stat>
<stat pass="1" fail="0" skip="0">testeRequisicaoBasica</stat>
<stat pass="1" fail="0" skip="0">testeTiposDados</stat>
</tag>
<suite>
<stat pass="5" fail="0" skip="0" id="s1" name="Tests">Tests</stat>
<stat pass="5" fail="0" skip="0" id="s1-s1" name="Random-User-Test">Tests.Random-User-Test</stat>
</suite>
</statistics>
<errors>
</errors>
</robot>
