<?xml version="1.0" encoding="UTF-8"?>
<robot generator="Robot 7.0 (Python 3.12.2 on linux)" generated="2024-03-21T16:18:36.480449" rpa="false" schemaversion="5">
<suite id="s1" name="Tests" source="/home/runner/work/DesafioQAItauRogerioJordao/DesafioQAItauRogerioJordao/RamdonUser/tests">
<suite id="s1-s1" name="Random-User-Test" source="/home/runner/work/DesafioQAItauRogerioJordao/DesafioQAItauRogerioJordao/RamdonUser/tests/random-user-test.robot">
<test id="s1-s1-t1" name="Conectar" line="13">
<kw name="Conectar API" owner="random-user-service">
<kw name="Create Session" owner="RequestsLibrary">
<msg time="2024-03-21T16:18:36.835218" level="INFO">Creating Session using : alias=consultarAPI, url=https://randomuser.me/, headers={},                     cookies={}, auth=None, timeout=None, proxies=None, verify=False,                     debug=0 </msg>
<arg>consultarAPI</arg>
<arg>${URL}</arg>
<doc>Create Session: create a HTTP session to a server</doc>
<status status="PASS" start="2024-03-21T16:18:36.835015" elapsed="0.000374"/>
</kw>
<status status="PASS" start="2024-03-21T16:18:36.833981" elapsed="0.001772"/>
</kw>
<status status="PASS" start="2024-03-21T16:18:36.833460" elapsed="0.002500"/>
</test>
<test id="s1-s1-t2" name="Validar retorno 200 e JSON Válido" line="16">
<kw name="Teste de Requisicao Basica" owner="random-user-service">
<kw name="GET On Session" owner="RequestsLibrary">
<msg time="2024-03-21T16:18:36.930332" level="INFO">GET Request : url=https://randomuser.me/api 
 path_url=/api 
 headers={'User-Agent': 'python-requests/2.31.0', 'Accept-Encoding': 'gzip, deflate', 'Accept': '*/*', 'Connection': 'keep-alive'} 
 body=None 
 </msg>
<msg time="2024-03-21T16:18:36.930437" level="INFO">GET Response : url=https://randomuser.me/api 
 status=200, reason=OK 
 headers={'Date': 'Thu, 21 Mar 2024 16:18:36 GMT', 'Content-Type': 'application/json; charset=utf-8', 'Transfer-Encoding': 'chunked', 'Connection': 'keep-alive', 'X-Powered-By': 'Express', 'Access-Control-Allow-Origin': '*', 'Cache-Control': 'no-cache', 'ETag': 'W/"49c-tml3eSqQm/hI87V8cNUYl22ESWo"', 'Vary': 'Accept-Encoding', 'Content-Encoding': 'gzip', 'CF-Cache-Status': 'DYNAMIC', 'Report-To': '{"endpoints":[{"url":"https:\\/\\/a.nel.cloudflare.com\\/report\\/v4?s=FYEtuciADXA26fJ5bU79QN813GAaNarzUIAOAwz6AeUwsMc01DK%2FBrh%2FNZMpVht8oI6Vu9nH2W1j9asiNWfCdLGW9kWr8wooEsIMc3UZ0kewtN6pA72J8F9OSCxGYLqR"}],"group":"cf-nel","max_age":604800}', 'NEL': '{"success_fraction":0,"report_to":"cf-nel","max_age":604800}', 'Server': 'cloudflare', 'CF-RAY': '867f42448f8060a0-ORD', 'alt-svc': 'h3=":443"; ma=86400'} 
 body={"results":[{"gender":"female","name":{"title":"Miss","first":"Liset","last":"Homburg"},"location":{"street":{"number":7793,"name":"Bomela"},"city":"Vierhuizen","state":"Groningen","country":"Netherlands","postcode":"6264 FI","coordinates":{"latitude":"35.3141","longitude":"69.4394"},"timezone":{"offset":"+10:00","description":"Eastern Australia, Guam, Vladivostok"}},"email":"liset.homburg@example.com","login":{"uuid":"843fc2e6-66ce-4f2a-b029-e038f45f922a","username":"organictiger121","password":"benito","salt":"AU60jQ7b","md5":"da376ae9540fdf29f7e8988fc115915b","sha1":"e341ad5ea73a38a880ade3a81ebe92018f8b3462","sha256":"1beed0bcc6c6f4833a8fe0eec8fecd081ab4ea75992a056c0b9905119e3ad33a"},"dob":{"date":"1957-08-15T19:16:30.097Z","age":66},"registered":{"date":"2012-07-21T12:12:36.380Z","age":11},"phone":"(023) 9511640","cell":"(06) 25296929","id":{"name":"BSN","value":"10254639"},"picture":{"large":"https://randomuser.me/api/portraits/women/91.jpg","medium":"https://randomuser.me/api/portraits/med/women/91.jpg","thumbnail":"https://randomuser.me/api/portraits/thumb/women/91.jpg"},"nat":"NL"}],"info":{"seed":"d5b41c9d64d8bff1","results":1,"page":1,"version":"1.4"}} 
 </msg>
<msg time="2024-03-21T16:18:36.930531" level="INFO">/opt/hostedtoolcache/Python/3.12.2/x64/lib/python3.12/site-packages/urllib3/connectionpool.py:1103: InsecureRequestWarning: Unverified HTTPS request is being made to host 'randomuser.me'. Adding certificate verification is strongly advised. See: https://urllib3.readthedocs.io/en/latest/advanced-usage.html#tls-warnings
  warnings.warn(</msg>
<msg time="2024-03-21T16:18:36.930663" level="INFO">${response} = &lt;Response [200]&gt;</msg>
<var>${response}</var>
<arg>consultarAPI</arg>
<arg>/api</arg>
<doc>Sends a GET request on a previously created HTTP Session.</doc>
<status status="PASS" start="2024-03-21T16:18:36.838525" elapsed="0.092173"/>
</kw>
<kw name="Should Be Equal As Numbers" owner="BuiltIn">
<msg time="2024-03-21T16:18:36.931522" level="INFO">Argument types are:
&lt;class 'int'&gt;
&lt;class 'str'&gt;</msg>
<arg>${response.status_code}</arg>
<arg>200</arg>
<doc>Fails if objects are unequal after converting them to real numbers.</doc>
<status status="PASS" start="2024-03-21T16:18:36.931110" elapsed="0.000477"/>
</kw>
<kw name="Log" owner="BuiltIn">
<msg time="2024-03-21T16:18:36.932269" level="INFO">200</msg>
<arg>${response.status_code}</arg>
<doc>Logs the given message with the given level.</doc>
<status status="PASS" start="2024-03-21T16:18:36.931911" elapsed="0.000401"/>
</kw>
<kw name="Set Variable" owner="BuiltIn">
<msg time="2024-03-21T16:18:36.933057" level="INFO">${json_data} = {'results': [{'gender': 'female', 'name': {'title': 'Miss', 'first': 'Liset', 'last': 'Homburg'}, 'location': {'street': {'number': 7793, 'name': 'Bomela'}, 'city': 'Vierhuizen', 'state': 'Groningen',...</msg>
<var>${json_data}</var>
<arg>${response.json()}</arg>
<doc>Returns the given values which can then be assigned to a variables.</doc>
<status status="PASS" start="2024-03-21T16:18:36.932622" elapsed="0.000463"/>
</kw>
<kw name="Dictionary Should Contain Key" owner="Collections">
<msg time="2024-03-21T16:18:36.933552" level="INFO">False</msg>
<arg>${json_data}</arg>
<arg>results</arg>
<doc>Fails if ``key`` is not found from ``dictionary``.</doc>
<status status="PASS" start="2024-03-21T16:18:36.933387" elapsed="0.000204"/>
</kw>
<status status="PASS" start="2024-03-21T16:18:36.838271" elapsed="0.095573"/>
</kw>
<doc>Testa se a API responde corretamente e retorna um objeto JSON válido.</doc>
<tag>testeRequisicaoBasica</tag>
<status status="PASS" start="2024-03-21T16:18:36.837801" elapsed="0.096219"/>
</test>
<test id="s1-s1-t3" name="Validar estrutura de resposta" line="22">
<kw name="Teste de Estrutura de Resposta" owner="random-user-service">
<kw name="GET On Session" owner="RequestsLibrary">
<msg time="2024-03-21T16:18:37.034483" level="INFO">GET Request : url=https://randomuser.me/api 
 path_url=/api 
 headers={'User-Agent': 'python-requests/2.31.0', 'Accept-Encoding': 'gzip, deflate', 'Accept': '*/*', 'Connection': 'keep-alive'} 
 body=None 
 </msg>
<msg time="2024-03-21T16:18:37.034564" level="INFO">GET Response : url=https://randomuser.me/api 
 status=200, reason=OK 
 headers={'Date': 'Thu, 21 Mar 2024 16:18:37 GMT', 'Content-Type': 'application/json; charset=utf-8', 'Transfer-Encoding': 'chunked', 'Connection': 'keep-alive', 'X-Powered-By': 'Express', 'Access-Control-Allow-Origin': '*', 'Cache-Control': 'no-cache', 'ETag': 'W/"482-1lh0TuoKTP/oXWLIqHpXKHqjmU8"', 'Vary': 'Accept-Encoding', 'Content-Encoding': 'gzip', 'CF-Cache-Status': 'DYNAMIC', 'Report-To': '{"endpoints":[{"url":"https:\\/\\/a.nel.cloudflare.com\\/report\\/v4?s=attnCwxbHO20guFIP%2BTn%2BU6DJLtIygTXNpX02Du%2F9GMaAGXiogtF4H4vkg2rvq%2B%2ByWjX%2F5ZRT9LPW9xTgFnhMVH6mBKSXC%2B%2FQ34ePKYd9KT7AFu5UwR5VNGh4RsskB3L"}],"group":"cf-nel","max_age":604800}', 'NEL': '{"success_fraction":0,"report_to":"cf-nel","max_age":604800}', 'Server': 'cloudflare', 'CF-RAY': '867f4244dffa60a0-ORD', 'alt-svc': 'h3=":443"; ma=86400'} 
 body={"results":[{"gender":"female","name":{"title":"Miss","first":"Gema","last":"Gutiérrez"},"location":{"street":{"number":492,"name":"Calle de Toledo"},"city":"Elche","state":"Navarra","country":"Spain","postcode":61137,"coordinates":{"latitude":"-30.1652","longitude":"140.4564"},"timezone":{"offset":"-11:00","description":"Midway Island, Samoa"}},"email":"gema.gutierrez@example.com","login":{"uuid":"66010a4d-92b2-4c1e-803a-8403e531b1d1","username":"redlion364","password":"closeup","salt":"jUiXg4ta","md5":"7e2b2d9f85ed052f85603368792f4cf1","sha1":"2a0447c6dd16b6ce6e58754afc4b23f3dcdd22e5","sha256":"f180f4046b4728538a9733afd493c21e56c43b0d81b78a292853275cb0812301"},"dob":{"date":"1948-03-08T18:15:08.622Z","age":76},"registered":{"date":"2006-12-02T21:45:29.857Z","age":17},"phone":"932-161-809","cell":"643-354-505","id":{"name":"DNI","value":"71446675-K"},"picture":{"large":"https://randomuser.me/api/portraits/women/90.jpg","medium":"https://randomuser.me/api/portraits/med/women/90.jpg","thumbnail":"https://randomuser.me/api/portraits/thumb/women/90.jpg"},"nat":"ES"}],"info":{"seed":"84a667d8f7774d2c","results":1,"page":1,"version":"1.4"}} 
 </msg>
<msg time="2024-03-21T16:18:37.034694" level="INFO">/opt/hostedtoolcache/Python/3.12.2/x64/lib/python3.12/site-packages/urllib3/connectionpool.py:1103: InsecureRequestWarning: Unverified HTTPS request is being made to host 'randomuser.me'. Adding certificate verification is strongly advised. See: https://urllib3.readthedocs.io/en/latest/advanced-usage.html#tls-warnings
  warnings.warn(</msg>
<msg time="2024-03-21T16:18:37.034832" level="INFO">${response} = &lt;Response [200]&gt;</msg>
<var>${response}</var>
<arg>consultarAPI</arg>
<arg>/api</arg>
<doc>Sends a GET request on a previously created HTTP Session.</doc>
<status status="PASS" start="2024-03-21T16:18:36.936778" elapsed="0.098129"/>
</kw>
<kw name="Set Variable" owner="BuiltIn">
<msg time="2024-03-21T16:18:37.035797" level="INFO">${json_data} = {'results': [{'gender': 'female', 'name': {'title': 'Miss', 'first': 'Gema', 'last': 'Gutiérrez'}, 'location': {'street': {'number': 492, 'name': 'Calle de Toledo'}, 'city': 'Elche', 'state': 'Navarra...</msg>
<var>${json_data}</var>
<arg>${response.json()}</arg>
<doc>Returns the given values which can then be assigned to a variables.</doc>
<status status="PASS" start="2024-03-21T16:18:37.035344" elapsed="0.000493"/>
</kw>
<kw name="Log" owner="BuiltIn">
<msg time="2024-03-21T16:18:37.036309" level="INFO">{'results': [{'gender': 'female', 'name': {'title': 'Miss', 'first': 'Gema', 'last': 'Gutiérrez'}, 'location': {'street': {'number': 492, 'name': 'Calle de Toledo'}, 'city': 'Elche', 'state': 'Navarra', 'country': 'Spain', 'postcode': 61137, 'coordinates': {'latitude': '-30.1652', 'longitude': '140.4564'}, 'timezone': {'offset': '-11:00', 'description': 'Midway Island, Samoa'}}, 'email': 'gema.gutierrez@example.com', 'login': {'uuid': '66010a4d-92b2-4c1e-803a-8403e531b1d1', 'username': 'redlion364', 'password': 'closeup', 'salt': 'jUiXg4ta', 'md5': '7e2b2d9f85ed052f85603368792f4cf1', 'sha1': '2a0447c6dd16b6ce6e58754afc4b23f3dcdd22e5', 'sha256': 'f180f4046b4728538a9733afd493c21e56c43b0d81b78a292853275cb0812301'}, 'dob': {'date': '1948-03-08T18:15:08.622Z', 'age': 76}, 'registered': {'date': '2006-12-02T21:45:29.857Z', 'age': 17}, 'phone': '932-161-809', 'cell': '643-354-505', 'id': {'name': 'DNI', 'value': '71446675-K'}, 'picture': {'large': 'https://randomuser.me/api/portraits/women/90.jpg', 'medium': 'https://randomuser.me/api/portraits/med/women/90.jpg', 'thumbnail': 'https://randomuser.me/api/portraits/thumb/women/90.jpg'}, 'nat': 'ES'}], 'info': {'seed': '84a667d8f7774d2c', 'results': 1, 'page': 1, 'version': '1.4'}}</msg>
<arg>${json_data}</arg>
<doc>Logs the given message with the given level.</doc>
<status status="PASS" start="2024-03-21T16:18:37.036148" elapsed="0.000209"/>
</kw>
<kw name="Dictionary Should Contain Key" owner="Collections">
<msg time="2024-03-21T16:18:37.036820" level="INFO">False</msg>
<arg>${json_data}</arg>
<arg>results</arg>
<doc>Fails if ``key`` is not found from ``dictionary``.</doc>
<status status="PASS" start="2024-03-21T16:18:37.036655" elapsed="0.000202"/>
</kw>
<kw name="Should Not Be Empty" owner="BuiltIn">
<msg time="2024-03-21T16:18:37.037292" level="INFO">Length is 2.</msg>
<arg>${json_data}</arg>
<doc>Verifies that the given item is not empty.</doc>
<status status="PASS" start="2024-03-21T16:18:37.037160" elapsed="0.000170"/>
</kw>
<kw name="Create List" owner="BuiltIn">
<msg time="2024-03-21T16:18:37.037772" level="INFO">${expected_keys} = ['gender', 'name', 'location', 'email', 'login']</msg>
<var>${expected_keys}</var>
<arg>gender</arg>
<arg>name</arg>
<arg>location</arg>
<arg>email</arg>
<arg>login</arg>
<doc>Returns a list containing given items.</doc>
<status status="PASS" start="2024-03-21T16:18:37.037623" elapsed="0.000173"/>
</kw>
<for flavor="IN">
<iter>
<kw name="Dictionary Should Contain Key" owner="Collections">
<msg time="2024-03-21T16:18:37.038770" level="INFO">False</msg>
<arg>${json_data['results'][0]}</arg>
<arg>${key}</arg>
<doc>Fails if ``key`` is not found from ``dictionary``.</doc>
<status status="PASS" start="2024-03-21T16:18:37.038366" elapsed="0.000443"/>
</kw>
<kw name="Log" owner="BuiltIn">
<msg time="2024-03-21T16:18:37.039526" level="INFO">{'gender': 'female', 'name': {'title': 'Miss', 'first': 'Gema', 'last': 'Gutiérrez'}, 'location': {'street': {'number': 492, 'name': 'Calle de Toledo'}, 'city': 'Elche', 'state': 'Navarra', 'country': 'Spain', 'postcode': 61137, 'coordinates': {'latitude': '-30.1652', 'longitude': '140.4564'}, 'timezone': {'offset': '-11:00', 'description': 'Midway Island, Samoa'}}, 'email': 'gema.gutierrez@example.com', 'login': {'uuid': '66010a4d-92b2-4c1e-803a-8403e531b1d1', 'username': 'redlion364', 'password': 'closeup', 'salt': 'jUiXg4ta', 'md5': '7e2b2d9f85ed052f85603368792f4cf1', 'sha1': '2a0447c6dd16b6ce6e58754afc4b23f3dcdd22e5', 'sha256': 'f180f4046b4728538a9733afd493c21e56c43b0d81b78a292853275cb0812301'}, 'dob': {'date': '1948-03-08T18:15:08.622Z', 'age': 76}, 'registered': {'date': '2006-12-02T21:45:29.857Z', 'age': 17}, 'phone': '932-161-809', 'cell': '643-354-505', 'id': {'name': 'DNI', 'value': '71446675-K'}, 'picture': {'large': 'https://randomuser.me/api/portraits/women/90.jpg', 'medium': 'https://randomuser.me/api/portraits/med/women/90.jpg', 'thumbnail': 'https://randomuser.me/api/portraits/thumb/women/90.jpg'}, 'nat': 'ES'}</msg>
<arg>${json_data['results'][0]}</arg>
<doc>Logs the given message with the given level.</doc>
<status status="PASS" start="2024-03-21T16:18:37.039157" elapsed="0.000425"/>
</kw>
<kw name="Log" owner="BuiltIn">
<msg time="2024-03-21T16:18:37.040025" level="INFO">gender</msg>
<arg>${key}</arg>
<doc>Logs the given message with the given level.</doc>
<status status="PASS" start="2024-03-21T16:18:37.039892" elapsed="0.000172"/>
</kw>
<var name="${key}">gender</var>
<status status="PASS" start="2024-03-21T16:18:37.038243" elapsed="0.002046"/>
</iter>
<iter>
<kw name="Dictionary Should Contain Key" owner="Collections">
<msg time="2024-03-21T16:18:37.040985" level="INFO">False</msg>
<arg>${json_data['results'][0]}</arg>
<arg>${key}</arg>
<doc>Fails if ``key`` is not found from ``dictionary``.</doc>
<status status="PASS" start="2024-03-21T16:18:37.040597" elapsed="0.000425"/>
</kw>
<kw name="Log" owner="BuiltIn">
<msg time="2024-03-21T16:18:37.041741" level="INFO">{'gender': 'female', 'name': {'title': 'Miss', 'first': 'Gema', 'last': 'Gutiérrez'}, 'location': {'street': {'number': 492, 'name': 'Calle de Toledo'}, 'city': 'Elche', 'state': 'Navarra', 'country': 'Spain', 'postcode': 61137, 'coordinates': {'latitude': '-30.1652', 'longitude': '140.4564'}, 'timezone': {'offset': '-11:00', 'description': 'Midway Island, Samoa'}}, 'email': 'gema.gutierrez@example.com', 'login': {'uuid': '66010a4d-92b2-4c1e-803a-8403e531b1d1', 'username': 'redlion364', 'password': 'closeup', 'salt': 'jUiXg4ta', 'md5': '7e2b2d9f85ed052f85603368792f4cf1', 'sha1': '2a0447c6dd16b6ce6e58754afc4b23f3dcdd22e5', 'sha256': 'f180f4046b4728538a9733afd493c21e56c43b0d81b78a292853275cb0812301'}, 'dob': {'date': '1948-03-08T18:15:08.622Z', 'age': 76}, 'registered': {'date': '2006-12-02T21:45:29.857Z', 'age': 17}, 'phone': '932-161-809', 'cell': '643-354-505', 'id': {'name': 'DNI', 'value': '71446675-K'}, 'picture': {'large': 'https://randomuser.me/api/portraits/women/90.jpg', 'medium': 'https://randomuser.me/api/portraits/med/women/90.jpg', 'thumbnail': 'https://randomuser.me/api/portraits/thumb/women/90.jpg'}, 'nat': 'ES'}</msg>
<arg>${json_data['results'][0]}</arg>
<doc>Logs the given message with the given level.</doc>
<status status="PASS" start="2024-03-21T16:18:37.041358" elapsed="0.000434"/>
</kw>
<kw name="Log" owner="BuiltIn">
<msg time="2024-03-21T16:18:37.042230" level="INFO">name</msg>
<arg>${key}</arg>
<doc>Logs the given message with the given level.</doc>
<status status="PASS" start="2024-03-21T16:18:37.042099" elapsed="0.000169"/>
</kw>
<var name="${key}">name</var>
<status status="PASS" start="2024-03-21T16:18:37.040481" elapsed="0.002007"/>
</iter>
<iter>
<kw name="Dictionary Should Contain Key" owner="Collections">
<msg time="2024-03-21T16:18:37.043184" level="INFO">False</msg>
<arg>${json_data['results'][0]}</arg>
<arg>${key}</arg>
<doc>Fails if ``key`` is not found from ``dictionary``.</doc>
<status status="PASS" start="2024-03-21T16:18:37.042783" elapsed="0.000438"/>
</kw>
<kw name="Log" owner="BuiltIn">
<msg time="2024-03-21T16:18:37.043895" level="INFO">{'gender': 'female', 'name': {'title': 'Miss', 'first': 'Gema', 'last': 'Gutiérrez'}, 'location': {'street': {'number': 492, 'name': 'Calle de Toledo'}, 'city': 'Elche', 'state': 'Navarra', 'country': 'Spain', 'postcode': 61137, 'coordinates': {'latitude': '-30.1652', 'longitude': '140.4564'}, 'timezone': {'offset': '-11:00', 'description': 'Midway Island, Samoa'}}, 'email': 'gema.gutierrez@example.com', 'login': {'uuid': '66010a4d-92b2-4c1e-803a-8403e531b1d1', 'username': 'redlion364', 'password': 'closeup', 'salt': 'jUiXg4ta', 'md5': '7e2b2d9f85ed052f85603368792f4cf1', 'sha1': '2a0447c6dd16b6ce6e58754afc4b23f3dcdd22e5', 'sha256': 'f180f4046b4728538a9733afd493c21e56c43b0d81b78a292853275cb0812301'}, 'dob': {'date': '1948-03-08T18:15:08.622Z', 'age': 76}, 'registered': {'date': '2006-12-02T21:45:29.857Z', 'age': 17}, 'phone': '932-161-809', 'cell': '643-354-505', 'id': {'name': 'DNI', 'value': '71446675-K'}, 'picture': {'large': 'https://randomuser.me/api/portraits/women/90.jpg', 'medium': 'https://randomuser.me/api/portraits/med/women/90.jpg', 'thumbnail': 'https://randomuser.me/api/portraits/thumb/women/90.jpg'}, 'nat': 'ES'}</msg>
<arg>${json_data['results'][0]}</arg>
<doc>Logs the given message with the given level.</doc>
<status status="PASS" start="2024-03-21T16:18:37.043526" elapsed="0.000424"/>
</kw>
<kw name="Log" owner="BuiltIn">
<msg time="2024-03-21T16:18:37.044393" level="INFO">location</msg>
<arg>${key}</arg>
<doc>Logs the given message with the given level.</doc>
<status status="PASS" start="2024-03-21T16:18:37.044263" elapsed="0.000168"/>
</kw>
<var name="${key}">location</var>
<status status="PASS" start="2024-03-21T16:18:37.042670" elapsed="0.001981"/>
</iter>
<iter>
<kw name="Dictionary Should Contain Key" owner="Collections">
<msg time="2024-03-21T16:18:37.045313" level="INFO">False</msg>
<arg>${json_data['results'][0]}</arg>
<arg>${key}</arg>
<doc>Fails if ``key`` is not found from ``dictionary``.</doc>
<status status="PASS" start="2024-03-21T16:18:37.044940" elapsed="0.000411"/>
</kw>
<kw name="Log" owner="BuiltIn">
<msg time="2024-03-21T16:18:37.046018" level="INFO">{'gender': 'female', 'name': {'title': 'Miss', 'first': 'Gema', 'last': 'Gutiérrez'}, 'location': {'street': {'number': 492, 'name': 'Calle de Toledo'}, 'city': 'Elche', 'state': 'Navarra', 'country': 'Spain', 'postcode': 61137, 'coordinates': {'latitude': '-30.1652', 'longitude': '140.4564'}, 'timezone': {'offset': '-11:00', 'description': 'Midway Island, Samoa'}}, 'email': 'gema.gutierrez@example.com', 'login': {'uuid': '66010a4d-92b2-4c1e-803a-8403e531b1d1', 'username': 'redlion364', 'password': 'closeup', 'salt': 'jUiXg4ta', 'md5': '7e2b2d9f85ed052f85603368792f4cf1', 'sha1': '2a0447c6dd16b6ce6e58754afc4b23f3dcdd22e5', 'sha256': 'f180f4046b4728538a9733afd493c21e56c43b0d81b78a292853275cb0812301'}, 'dob': {'date': '1948-03-08T18:15:08.622Z', 'age': 76}, 'registered': {'date': '2006-12-02T21:45:29.857Z', 'age': 17}, 'phone': '932-161-809', 'cell': '643-354-505', 'id': {'name': 'DNI', 'value': '71446675-K'}, 'picture': {'large': 'https://randomuser.me/api/portraits/women/90.jpg', 'medium': 'https://randomuser.me/api/portraits/med/women/90.jpg', 'thumbnail': 'https://randomuser.me/api/portraits/thumb/women/90.jpg'}, 'nat': 'ES'}</msg>
<arg>${json_data['results'][0]}</arg>
<doc>Logs the given message with the given level.</doc>
<status status="PASS" start="2024-03-21T16:18:37.045654" elapsed="0.000414"/>
</kw>
<kw name="Log" owner="BuiltIn">
<msg time="2024-03-21T16:18:37.046496" level="INFO">email</msg>
<arg>${key}</arg>
<doc>Logs the given message with the given level.</doc>
<status status="PASS" start="2024-03-21T16:18:37.046368" elapsed="0.000167"/>
</kw>
<var name="${key}">email</var>
<status status="PASS" start="2024-03-21T16:18:37.044828" elapsed="0.001925"/>
</iter>
<iter>
<kw name="Dictionary Should Contain Key" owner="Collections">
<msg time="2024-03-21T16:18:37.047472" level="INFO">False</msg>
<arg>${json_data['results'][0]}</arg>
<arg>${key}</arg>
<doc>Fails if ``key`` is not found from ``dictionary``.</doc>
<status status="PASS" start="2024-03-21T16:18:37.047082" elapsed="0.000429"/>
</kw>
<kw name="Log" owner="BuiltIn">
<msg time="2024-03-21T16:18:37.048170" level="INFO">{'gender': 'female', 'name': {'title': 'Miss', 'first': 'Gema', 'last': 'Gutiérrez'}, 'location': {'street': {'number': 492, 'name': 'Calle de Toledo'}, 'city': 'Elche', 'state': 'Navarra', 'country': 'Spain', 'postcode': 61137, 'coordinates': {'latitude': '-30.1652', 'longitude': '140.4564'}, 'timezone': {'offset': '-11:00', 'description': 'Midway Island, Samoa'}}, 'email': 'gema.gutierrez@example.com', 'login': {'uuid': '66010a4d-92b2-4c1e-803a-8403e531b1d1', 'username': 'redlion364', 'password': 'closeup', 'salt': 'jUiXg4ta', 'md5': '7e2b2d9f85ed052f85603368792f4cf1', 'sha1': '2a0447c6dd16b6ce6e58754afc4b23f3dcdd22e5', 'sha256': 'f180f4046b4728538a9733afd493c21e56c43b0d81b78a292853275cb0812301'}, 'dob': {'date': '1948-03-08T18:15:08.622Z', 'age': 76}, 'registered': {'date': '2006-12-02T21:45:29.857Z', 'age': 17}, 'phone': '932-161-809', 'cell': '643-354-505', 'id': {'name': 'DNI', 'value': '71446675-K'}, 'picture': {'large': 'https://randomuser.me/api/portraits/women/90.jpg', 'medium': 'https://randomuser.me/api/portraits/med/women/90.jpg', 'thumbnail': 'https://randomuser.me/api/portraits/thumb/women/90.jpg'}, 'nat': 'ES'}</msg>
<arg>${json_data['results'][0]}</arg>
<doc>Logs the given message with the given level.</doc>
<status status="PASS" start="2024-03-21T16:18:37.047808" elapsed="0.000411"/>
</kw>
<kw name="Log" owner="BuiltIn">
<msg time="2024-03-21T16:18:37.048646" level="INFO">login</msg>
<arg>${key}</arg>
<doc>Logs the given message with the given level.</doc>
<status status="PASS" start="2024-03-21T16:18:37.048517" elapsed="0.000274"/>
</kw>
<var name="${key}">login</var>
<status status="PASS" start="2024-03-21T16:18:37.046962" elapsed="0.002059"/>
</iter>
<var>${key}</var>
<value>@{expected_keys}</value>
<status status="PASS" start="2024-03-21T16:18:37.038061" elapsed="0.011116"/>
</for>
<kw name="Create List" owner="BuiltIn">
<msg time="2024-03-21T16:18:37.049527" level="INFO">${expected_keysTwo} = ['username', 'password']</msg>
<var>${expected_keysTwo}</var>
<arg>username</arg>
<arg>password</arg>
<doc>Returns a list containing given items.</doc>
<status status="PASS" start="2024-03-21T16:18:37.049385" elapsed="0.000166"/>
</kw>
<for flavor="IN">
<iter>
<kw name="Dictionary Should Contain Key" owner="Collections">
<msg time="2024-03-21T16:18:37.050443" level="INFO">False</msg>
<arg>${json_data['results'][0]['login']}</arg>
<arg>${keyTwo}</arg>
<doc>Fails if ``key`` is not found from ``dictionary``.</doc>
<status status="PASS" start="2024-03-21T16:18:37.050063" elapsed="0.000418"/>
</kw>
<kw name="Dictionary Should Contain Key" owner="Collections">
<msg time="2024-03-21T16:18:37.051191" level="INFO">False</msg>
<arg>${json_data['results'][0]['login']}</arg>
<arg>${keyTwo}</arg>
<doc>Fails if ``key`` is not found from ``dictionary``.</doc>
<status status="PASS" start="2024-03-21T16:18:37.050780" elapsed="0.000449"/>
</kw>
<kw name="Log" owner="BuiltIn">
<msg time="2024-03-21T16:18:37.051661" level="INFO">username</msg>
<arg>${keyTwo}</arg>
<doc>Logs the given message with the given level.</doc>
<status status="PASS" start="2024-03-21T16:18:37.051526" elapsed="0.000174"/>
</kw>
<var name="${keyTwo}">username</var>
<status status="PASS" start="2024-03-21T16:18:37.049951" elapsed="0.001970"/>
</iter>
<iter>
<kw name="Dictionary Should Contain Key" owner="Collections">
<msg time="2024-03-21T16:18:37.052601" level="INFO">False</msg>
<arg>${json_data['results'][0]['login']}</arg>
<arg>${keyTwo}</arg>
<doc>Fails if ``key`` is not found from ``dictionary``.</doc>
<status status="PASS" start="2024-03-21T16:18:37.052221" elapsed="0.000426"/>
</kw>
<kw name="Dictionary Should Contain Key" owner="Collections">
<msg time="2024-03-21T16:18:37.053326" level="INFO">False</msg>
<arg>${json_data['results'][0]['login']}</arg>
<arg>${keyTwo}</arg>
<doc>Fails if ``key`` is not found from ``dictionary``.</doc>
<status status="PASS" start="2024-03-21T16:18:37.052947" elapsed="0.000417"/>
</kw>
<kw name="Log" owner="BuiltIn">
<msg time="2024-03-21T16:18:37.053791" level="INFO">password</msg>
<arg>${keyTwo}</arg>
<doc>Logs the given message with the given level.</doc>
<status status="PASS" start="2024-03-21T16:18:37.053661" elapsed="0.000169"/>
</kw>
<var name="${keyTwo}">password</var>
<status status="PASS" start="2024-03-21T16:18:37.052109" elapsed="0.001950"/>
</iter>
<var>${keyTwo}</var>
<value>@{expected_keysTwo}</value>
<status status="PASS" start="2024-03-21T16:18:37.049795" elapsed="0.004385"/>
</for>
<status status="PASS" start="2024-03-21T16:18:36.936543" elapsed="0.117779"/>
</kw>
<doc>Testa a estrutura da resposta da API.</doc>
<tag>testeEstruturaResposta</tag>
<status status="PASS" start="2024-03-21T16:18:36.935858" elapsed="0.118620"/>
</test>
<test id="s1-s1-t4" name="Validar tipos de dados" line="28">
<kw name="Teste de Tipos de Dados" owner="random-user-service">
<kw name="GET On Session" owner="RequestsLibrary">
<msg time="2024-03-21T16:18:37.155153" level="INFO">GET Request : url=https://randomuser.me/api 
 path_url=/api 
 headers={'User-Agent': 'python-requests/2.31.0', 'Accept-Encoding': 'gzip, deflate', 'Accept': '*/*', 'Connection': 'keep-alive'} 
 body=None 
 </msg>
<msg time="2024-03-21T16:18:37.155274" level="INFO">GET Response : url=https://randomuser.me/api 
 status=200, reason=OK 
 headers={'Date': 'Thu, 21 Mar 2024 16:18:37 GMT', 'Content-Type': 'application/json; charset=utf-8', 'Transfer-Encoding': 'chunked', 'Connection': 'keep-alive', 'X-Powered-By': 'Express', 'Access-Control-Allow-Origin': '*', 'Cache-Control': 'no-cache', 'ETag': 'W/"478-K3dG/5sW0FSFp0Cf6xjKK3pIojM"', 'Vary': 'Accept-Encoding', 'Content-Encoding': 'gzip', 'CF-Cache-Status': 'DYNAMIC', 'Report-To': '{"endpoints":[{"url":"https:\\/\\/a.nel.cloudflare.com\\/report\\/v4?s=T4%2B%2BN3GoqpTHUeLmPk21Imys31ktaUl%2Br6BLkRurDftCtr0KyG6sHRhfW5I6NRMz3lD0Kl85uYnEUhmhhiBDN4n76vqrq1Ao9QDQBwrRcTYO9vXZBAnp44SJspfwD%2FhX"}],"group":"cf-nel","max_age":604800}', 'NEL': '{"success_fraction":0,"report_to":"cf-nel","max_age":604800}', 'Server': 'cloudflare', 'CF-RAY': '867f4245993460a0-ORD', 'alt-svc': 'h3=":443"; ma=86400'} 
 body={"results":[{"gender":"male","name":{"title":"Mr","first":"Aaron","last":"Johnson"},"location":{"street":{"number":4947,"name":"Remuera Road"},"city":"Lower Hutt","state":"Auckland","country":"New Zealand","postcode":12803,"coordinates":{"latitude":"50.2113","longitude":"-124.2051"},"timezone":{"offset":"-12:00","description":"Eniwetok, Kwajalein"}},"email":"aaron.johnson@example.com","login":{"uuid":"0507b600-fdda-4bbf-b9a4-ae6832c4bd0a","username":"redfish689","password":"mulder","salt":"921PQS9R","md5":"22f10f0fdc94107ccd344420491f9a3e","sha1":"3ee896b141c97a6aedc3bbfd698d7fb386824cc9","sha256":"612ce6e0473678a9272e1d2e407466b5de745ebd4a19dc0e5f37512668dba862"},"dob":{"date":"1997-04-25T17:34:21.513Z","age":26},"registered":{"date":"2010-04-27T22:38:35.390Z","age":13},"phone":"(217)-278-0671","cell":"(313)-068-1888","id":{"name":"","value":null},"picture":{"large":"https://randomuser.me/api/portraits/men/51.jpg","medium":"https://randomuser.me/api/portraits/med/men/51.jpg","thumbnail":"https://randomuser.me/api/portraits/thumb/men/51.jpg"},"nat":"NZ"}],"info":{"seed":"d9dd26881e8994e9","results":1,"page":1,"version":"1.4"}} 
 </msg>
<msg time="2024-03-21T16:18:37.155360" level="INFO">/opt/hostedtoolcache/Python/3.12.2/x64/lib/python3.12/site-packages/urllib3/connectionpool.py:1103: InsecureRequestWarning: Unverified HTTPS request is being made to host 'randomuser.me'. Adding certificate verification is strongly advised. See: https://urllib3.readthedocs.io/en/latest/advanced-usage.html#tls-warnings
  warnings.warn(</msg>
<msg time="2024-03-21T16:18:37.155510" level="INFO">${response} = &lt;Response [200]&gt;</msg>
<var>${response}</var>
<arg>consultarAPI</arg>
<arg>/api</arg>
<doc>Sends a GET request on a previously created HTTP Session.</doc>
<status status="PASS" start="2024-03-21T16:18:37.056894" elapsed="0.098655"/>
</kw>
<kw name="Set Variable" owner="BuiltIn">
<msg time="2024-03-21T16:18:37.156746" level="INFO">${json_data} = {'results': [{'gender': 'male', 'name': {'title': 'Mr', 'first': 'Aaron', 'last': 'Johnson'}, 'location': {'street': {'number': 4947, 'name': 'Remuera Road'}, 'city': 'Lower Hutt', 'state': 'Auckland'...</msg>
<var>${json_data}</var>
<arg>${response.json()}</arg>
<doc>Returns the given values which can then be assigned to a variables.</doc>
<status status="PASS" start="2024-03-21T16:18:37.156186" elapsed="0.000588"/>
</kw>
<kw name="Log" owner="BuiltIn">
<msg time="2024-03-21T16:18:37.157286" level="INFO">{'results': [{'gender': 'male', 'name': {'title': 'Mr', 'first': 'Aaron', 'last': 'Johnson'}, 'location': {'street': {'number': 4947, 'name': 'Remuera Road'}, 'city': 'Lower Hutt', 'state': 'Auckland', 'country': 'New Zealand', 'postcode': 12803, 'coordinates': {'latitude': '50.2113', 'longitude': '-124.2051'}, 'timezone': {'offset': '-12:00', 'description': 'Eniwetok, Kwajalein'}}, 'email': 'aaron.johnson@example.com', 'login': {'uuid': '0507b600-fdda-4bbf-b9a4-ae6832c4bd0a', 'username': 'redfish689', 'password': 'mulder', 'salt': '921PQS9R', 'md5': '22f10f0fdc94107ccd344420491f9a3e', 'sha1': '3ee896b141c97a6aedc3bbfd698d7fb386824cc9', 'sha256': '612ce6e0473678a9272e1d2e407466b5de745ebd4a19dc0e5f37512668dba862'}, 'dob': {'date': '1997-04-25T17:34:21.513Z', 'age': 26}, 'registered': {'date': '2010-04-27T22:38:35.390Z', 'age': 13}, 'phone': '(217)-278-0671', 'cell': '(313)-068-1888', 'id': {'name': '', 'value': None}, 'picture': {'large': 'https://randomuser.me/api/portraits/men/51.jpg', 'medium': 'https://randomuser.me/api/portraits/med/men/51.jpg', 'thumbnail': 'https://randomuser.me/api/portraits/thumb/men/51.jpg'}, 'nat': 'NZ'}], 'info': {'seed': 'd9dd26881e8994e9', 'results': 1, 'page': 1, 'version': '1.4'}}</msg>
<arg>${json_data}</arg>
<doc>Logs the given message with the given level.</doc>
<status status="PASS" start="2024-03-21T16:18:37.157122" elapsed="0.000250"/>
</kw>
<kw name="Should Be String" owner="String">
<arg>${json_data['results'][0]['gender']}</arg>
<doc>Fails if the given ``item`` is not a string.</doc>
<status status="PASS" start="2024-03-21T16:18:37.157686" elapsed="0.000381"/>
</kw>
<kw name="Should Match Regexp" owner="BuiltIn">
<arg>${json_data['results'][0]['email']}</arg>
<arg>^[a-zA-Z0-9._%+-]+@[a-zA-Z0-9.-]+\.[a-zA-Z]{2,}$</arg>
<doc>Fails if ``string`` does not match ``pattern`` as a regular expression.</doc>
<status status="PASS" start="2024-03-21T16:18:37.158266" elapsed="0.000526"/>
</kw>
<kw name="Should Match Regexp" owner="BuiltIn">
<arg>${json_data['results'][0]['dob']['date']}</arg>
<arg>\\d{4}-\\d{2}-\\d{2}T\\d{2}:\\d{2}:\\d{2}\\.\\d{3}Z</arg>
<doc>Fails if ``string`` does not match ``pattern`` as a regular expression.</doc>
<status status="PASS" start="2024-03-21T16:18:37.159041" elapsed="0.000502"/>
</kw>
<kw name="Should Match Regexp" owner="BuiltIn">
<arg>${json_data['results'][0]['registered']['date']}</arg>
<arg>\\d{4}-\\d{2}-\\d{2}T\\d{2}:\\d{2}:\\d{2}\\.\\d{3}Z</arg>
<doc>Fails if ``string`` does not match ``pattern`` as a regular expression.</doc>
<status status="PASS" start="2024-03-21T16:18:37.159739" elapsed="0.000376"/>
</kw>
<kw name="Should Match Regexp" owner="BuiltIn">
<arg>${json_data['results'][0]['picture']['large']}</arg>
<arg>^https?://.*\.(?:png|jpe?g|gif|bmp)$</arg>
<doc>Fails if ``string`` does not match ``pattern`` as a regular expression.</doc>
<status status="PASS" start="2024-03-21T16:18:37.160306" elapsed="0.000457"/>
</kw>
<kw name="Should Match Regexp" owner="BuiltIn">
<arg>${json_data['results'][0]['picture']['medium']}</arg>
<arg>^https?://.*\.(?:png|jpe?g|gif|bmp)$</arg>
<doc>Fails if ``string`` does not match ``pattern`` as a regular expression.</doc>
<status status="PASS" start="2024-03-21T16:18:37.160953" elapsed="0.000354"/>
</kw>
<kw name="Should Match Regexp" owner="BuiltIn">
<arg>${json_data['results'][0]['picture']['thumbnail']}</arg>
<arg>^https?://.*\.(?:png|jpe?g|gif|bmp)$</arg>
<doc>Fails if ``string`` does not match ``pattern`` as a regular expression.</doc>
<status status="PASS" start="2024-03-21T16:18:37.161491" elapsed="0.000348"/>
</kw>
<kw name="Log" owner="BuiltIn">
<msg time="2024-03-21T16:18:37.162347" level="INFO">{'large': 'https://randomuser.me/api/portraits/men/51.jpg', 'medium': 'https://randomuser.me/api/portraits/med/men/51.jpg', 'thumbnail': 'https://randomuser.me/api/portraits/thumb/men/51.jpg'}</msg>
<arg>${json_data['results'][0]['picture']}</arg>
<doc>Logs the given message with the given level.</doc>
<status status="PASS" start="2024-03-21T16:18:37.162020" elapsed="0.000372"/>
</kw>
<status status="PASS" start="2024-03-21T16:18:37.056672" elapsed="0.105981"/>
</kw>
<kw name="Teste de Tipos de Dados - Postcode" owner="random-user-service">
<kw name="GET On Session" owner="RequestsLibrary">
<msg time="2024-03-21T16:18:37.233682" level="INFO">GET Request : url=https://randomuser.me/api 
 path_url=/api 
 headers={'User-Agent': 'python-requests/2.31.0', 'Accept-Encoding': 'gzip, deflate', 'Accept': '*/*', 'Connection': 'keep-alive'} 
 body=None 
 </msg>
<msg time="2024-03-21T16:18:37.233745" level="INFO">GET Response : url=https://randomuser.me/api 
 status=200, reason=OK 
 headers={'Date': 'Thu, 21 Mar 2024 16:18:37 GMT', 'Content-Type': 'application/json; charset=utf-8', 'Transfer-Encoding': 'chunked', 'Connection': 'keep-alive', 'X-Powered-By': 'Express', 'Access-Control-Allow-Origin': '*', 'Cache-Control': 'no-cache', 'ETag': 'W/"487-ZwvQdLwPB3WHDf3UknTTV0dEWBA"', 'Vary': 'Accept-Encoding', 'Content-Encoding': 'gzip', 'CF-Cache-Status': 'DYNAMIC', 'Report-To': '{"endpoints":[{"url":"https:\\/\\/a.nel.cloudflare.com\\/report\\/v4?s=cxqMXXapap48%2F%2FyO8rpnYKyiLx5SOAxw5tWOc9wsN63m3sG1D1eNNYME%2FMsl2NGl0dC6yE2kBvutwitHk42qg2odwacdvf9RqvaPv2ZMDyYmphHap3kwsfc2oLO0KXuD"}],"group":"cf-nel","max_age":604800}', 'NEL': '{"success_fraction":0,"report_to":"cf-nel","max_age":604800}', 'Server': 'cloudflare', 'CF-RAY': '867f42464a4b60a0-ORD', 'alt-svc': 'h3=":443"; ma=86400'} 
 body={"results":[{"gender":"female","name":{"title":"Miss","first":"Vanessa","last":"Johnson"},"location":{"street":{"number":440,"name":"White Oak Dr"},"city":"Nowra","state":"South Australia","country":"Australia","postcode":779,"coordinates":{"latitude":"-84.6430","longitude":"132.9366"},"timezone":{"offset":"-2:00","description":"Mid-Atlantic"}},"email":"vanessa.johnson@example.com","login":{"uuid":"f7160f99-5cce-49d3-94a9-f7ae68eebb73","username":"organicwolf543","password":"password9","salt":"WU5J2o2q","md5":"ec451e000246f8fbc133d73b17966b27","sha1":"49fec51c7e2ff006a01507af240cace553444ca7","sha256":"ef1b90f01c6ee0d4859e0bf80ac5f03b73a05f2e977216b82ff40534e723b668"},"dob":{"date":"1980-10-15T18:03:02.522Z","age":43},"registered":{"date":"2020-10-30T11:31:57.275Z","age":3},"phone":"05-9877-4264","cell":"0490-484-420","id":{"name":"TFN","value":"524415858"},"picture":{"large":"https://randomuser.me/api/portraits/women/40.jpg","medium":"https://randomuser.me/api/portraits/med/women/40.jpg","thumbnail":"https://randomuser.me/api/portraits/thumb/women/40.jpg"},"nat":"AU"}],"info":{"seed":"0447affa16243c09","results":1,"page":1,"version":"1.4"}} 
 </msg>
<msg time="2024-03-21T16:18:37.233815" level="INFO">/opt/hostedtoolcache/Python/3.12.2/x64/lib/python3.12/site-packages/urllib3/connectionpool.py:1103: InsecureRequestWarning: Unverified HTTPS request is being made to host 'randomuser.me'. Adding certificate verification is strongly advised. See: https://urllib3.readthedocs.io/en/latest/advanced-usage.html#tls-warnings
  warnings.warn(</msg>
<msg time="2024-03-21T16:18:37.233907" level="INFO">${response} = &lt;Response [200]&gt;</msg>
<var>${response}</var>
<arg>consultarAPI</arg>
<arg>/api</arg>
<doc>Sends a GET request on a previously created HTTP Session.</doc>
<status status="PASS" start="2024-03-21T16:18:37.163301" elapsed="0.070647"/>
</kw>
<kw name="Set Variable" owner="BuiltIn">
<msg time="2024-03-21T16:18:37.234996" level="INFO">${json_data} = {'results': [{'gender': 'female', 'name': {'title': 'Miss', 'first': 'Vanessa', 'last': 'Johnson'}, 'location': {'street': {'number': 440, 'name': 'White Oak Dr'}, 'city': 'Nowra', 'state': 'South Aus...</msg>
<var>${json_data}</var>
<arg>${response.json()}</arg>
<doc>Returns the given values which can then be assigned to a variables.</doc>
<status status="PASS" start="2024-03-21T16:18:37.234403" elapsed="0.000621"/>
</kw>
<kw name="Log" owner="BuiltIn">
<msg time="2024-03-21T16:18:37.235524" level="INFO">{'results': [{'gender': 'female', 'name': {'title': 'Miss', 'first': 'Vanessa', 'last': 'Johnson'}, 'location': {'street': {'number': 440, 'name': 'White Oak Dr'}, 'city': 'Nowra', 'state': 'South Australia', 'country': 'Australia', 'postcode': 779, 'coordinates': {'latitude': '-84.6430', 'longitude': '132.9366'}, 'timezone': {'offset': '-2:00', 'description': 'Mid-Atlantic'}}, 'email': 'vanessa.johnson@example.com', 'login': {'uuid': 'f7160f99-5cce-49d3-94a9-f7ae68eebb73', 'username': 'organicwolf543', 'password': 'password9', 'salt': 'WU5J2o2q', 'md5': 'ec451e000246f8fbc133d73b17966b27', 'sha1': '49fec51c7e2ff006a01507af240cace553444ca7', 'sha256': 'ef1b90f01c6ee0d4859e0bf80ac5f03b73a05f2e977216b82ff40534e723b668'}, 'dob': {'date': '1980-10-15T18:03:02.522Z', 'age': 43}, 'registered': {'date': '2020-10-30T11:31:57.275Z', 'age': 3}, 'phone': '05-9877-4264', 'cell': '0490-484-420', 'id': {'name': 'TFN', 'value': '524415858'}, 'picture': {'large': 'https://randomuser.me/api/portraits/women/40.jpg', 'medium': 'https://randomuser.me/api/portraits/med/women/40.jpg', 'thumbnail': 'https://randomuser.me/api/portraits/thumb/women/40.jpg'}, 'nat': 'AU'}], 'info': {'seed': '0447affa16243c09', 'results': 1, 'page': 1, 'version': '1.4'}}</msg>
<arg>${json_data}</arg>
<doc>Logs the given message with the given level.</doc>
<status status="PASS" start="2024-03-21T16:18:37.235332" elapsed="0.000310"/>
</kw>
<kw name="Should Be Equal As Numbers" owner="BuiltIn">
<arg>${json_data['results'][0]['location']['postcode']}</arg>
<arg>${json_data['results'][0]['location']['postcode']}</arg>
<doc>Fails if objects are unequal after converting them to real numbers.</doc>
<status status="PASS" start="2024-03-21T16:18:37.236073" elapsed="0.001009"/>
</kw>
<kw name="Log" owner="BuiltIn">
<msg time="2024-03-21T16:18:37.237761" level="INFO">779</msg>
<arg>${json_data['results'][0]['location']['postcode']}</arg>
<doc>Logs the given message with the given level.</doc>
<status status="PASS" start="2024-03-21T16:18:37.237338" elapsed="0.000465"/>
</kw>
<status status="PASS" start="2024-03-21T16:18:37.162914" elapsed="0.075150"/>
</kw>
<doc>Testa se os tipos de dados na resposta da API estão corretos.</doc>
<tag>testeTiposDados</tag>
<status status="PASS" start="2024-03-21T16:18:37.056239" elapsed="0.181996"/>
</test>
<test id="s1-s1-t5" name="Validar conteudo" line="35">
<kw name="Teste de Tipos de Conteudo" owner="random-user-service">
<kw name="GET On Session" owner="RequestsLibrary">
<msg time="2024-03-21T16:18:37.330912" level="INFO">GET Request : url=https://randomuser.me/api 
 path_url=/api 
 headers={'User-Agent': 'python-requests/2.31.0', 'Accept-Encoding': 'gzip, deflate', 'Accept': '*/*', 'Connection': 'keep-alive'} 
 body=None 
 </msg>
<msg time="2024-03-21T16:18:37.330980" level="INFO">GET Response : url=https://randomuser.me/api 
 status=200, reason=OK 
 headers={'Date': 'Thu, 21 Mar 2024 16:18:37 GMT', 'Content-Type': 'application/json; charset=utf-8', 'Transfer-Encoding': 'chunked', 'Connection': 'keep-alive', 'X-Powered-By': 'Express', 'Access-Control-Allow-Origin': '*', 'Cache-Control': 'no-cache', 'ETag': 'W/"4a4-Hf25X9/53xsMkAEuvwolDYEaIwE"', 'Vary': 'Accept-Encoding', 'Content-Encoding': 'gzip', 'CF-Cache-Status': 'DYNAMIC', 'Report-To': '{"endpoints":[{"url":"https:\\/\\/a.nel.cloudflare.com\\/report\\/v4?s=jzK8iij9nbha%2Bqo1sIkTmud2tsHTmE2SsP6kH6m8WKyzjEuIikvt3G2I1fbIxRMRMai9Qlyhiqbs0S%2BzTL6aGf%2FcFN4vSH7fG9axFlL%2Br7Mf5FRvsD%2BID1E0AVZEmxB2"}],"group":"cf-nel","max_age":604800}', 'NEL': '{"success_fraction":0,"report_to":"cf-nel","max_age":604800}', 'Server': 'cloudflare', 'CF-RAY': '867f4246cb2a60a0-ORD', 'alt-svc': 'h3=":443"; ma=86400'} 
 body={"results":[{"gender":"female","name":{"title":"Miss","first":"Adelina","last":"Yakubovskiy"},"location":{"street":{"number":6684,"name":"Ploshcha Lesi Ukrayinki"},"city":"Radehiv","state":"Ivano-Frankivska","country":"Ukraine","postcode":71381,"coordinates":{"latitude":"78.8477","longitude":"140.5103"},"timezone":{"offset":"-1:00","description":"Azores, Cape Verde Islands"}},"email":"adelina.yakubovskiy@example.com","login":{"uuid":"0f16a8b5-a7d0-47b4-92e2-7896bb98050f","username":"blackladybug573","password":"usnavy","salt":"E2aDRrMk","md5":"2b7340a31796d8d630f2e798a9db86d2","sha1":"5b1be6156f04e8c8cd38c5313fbd5619b033f3bc","sha256":"f18917560a211c7cb44bc010a8d3e69ddd02ae88a51a395977a55ef6d6f37b35"},"dob":{"date":"1978-12-26T02:08:17.746Z","age":45},"registered":{"date":"2010-02-15T22:42:50.492Z","age":14},"phone":"(098) P50-3092","cell":"(096) F91-1928","id":{"name":"","value":null},"picture":{"large":"https://randomuser.me/api/portraits/women/67.jpg","medium":"https://randomuser.me/api/portraits/med/women/67.jpg","thumbnail":"https://randomuser.me/api/portraits/thumb/women/67.jpg"},"nat":"UA"}],"info":{"seed":"6db6e29bfe9dc44a","results":1,"page":1,"version":"1.4"}} 
 </msg>
<msg time="2024-03-21T16:18:37.331038" level="INFO">/opt/hostedtoolcache/Python/3.12.2/x64/lib/python3.12/site-packages/urllib3/connectionpool.py:1103: InsecureRequestWarning: Unverified HTTPS request is being made to host 'randomuser.me'. Adding certificate verification is strongly advised. See: https://urllib3.readthedocs.io/en/latest/advanced-usage.html#tls-warnings
  warnings.warn(</msg>
<msg time="2024-03-21T16:18:37.331127" level="INFO">${response} = &lt;Response [200]&gt;</msg>
<var>${response}</var>
<arg>consultarAPI</arg>
<arg>/api</arg>
<doc>Sends a GET request on a previously created HTTP Session.</doc>
<status status="PASS" start="2024-03-21T16:18:37.240737" elapsed="0.090429"/>
</kw>
<kw name="Set Variable" owner="BuiltIn">
<msg time="2024-03-21T16:18:37.332003" level="INFO">${json_data} = {'results': [{'gender': 'female', 'name': {'title': 'Miss', 'first': 'Adelina', 'last': 'Yakubovskiy'}, 'location': {'street': {'number': 6684, 'name': 'Ploshcha Lesi Ukrayinki'}, 'city': 'Radehiv', '...</msg>
<var>${json_data}</var>
<arg>${response.json()}</arg>
<doc>Returns the given values which can then be assigned to a variables.</doc>
<status status="PASS" start="2024-03-21T16:18:37.331544" elapsed="0.000489"/>
</kw>
<kw name="Set Variable" owner="BuiltIn">
<msg time="2024-03-21T16:18:37.332735" level="INFO">${name_title} = Miss</msg>
<var>${name_title}</var>
<arg>${json_data["results"][0]["name"]["title"]}</arg>
<doc>Returns the given values which can then be assigned to a variables.</doc>
<status status="PASS" start="2024-03-21T16:18:37.332348" elapsed="0.000412"/>
</kw>
<kw name="Create List" owner="BuiltIn">
<msg time="2024-03-21T16:18:37.333219" level="INFO">${allowed_titles} = ['Mr', 'Ms', 'Miss', 'Mrs', 'Madame', 'Monsieur']</msg>
<var>${allowed_titles}</var>
<arg>Mr</arg>
<arg>Ms</arg>
<arg>Miss</arg>
<arg>Mrs</arg>
<arg>Madame</arg>
<arg>Monsieur</arg>
<doc>Returns a list containing given items.</doc>
<status status="PASS" start="2024-03-21T16:18:37.333066" elapsed="0.000177"/>
</kw>
<kw name="List Should Contain Value" owner="Collections">
<msg time="2024-03-21T16:18:37.333730" level="INFO">False</msg>
<arg>${allowed_titles}</arg>
<arg>${name_title}</arg>
<doc>Fails if the ``value`` is not found from ``list``.</doc>
<status status="PASS" start="2024-03-21T16:18:37.333548" elapsed="0.000220"/>
</kw>
<kw name="Set Variable" owner="BuiltIn">
<msg time="2024-03-21T16:18:37.334446" level="INFO">${name_country} = UA</msg>
<var>${name_country}</var>
<arg>${json_data["results"][0]["nat"]}</arg>
<doc>Returns the given values which can then be assigned to a variables.</doc>
<status status="PASS" start="2024-03-21T16:18:37.334064" elapsed="0.000407"/>
</kw>
<kw name="Create List" owner="BuiltIn">
<msg time="2024-03-21T16:18:37.335422" level="INFO">${list_country} = ['AD', 'AE', 'AF', 'AG', 'AI', 'AL', 'AM', 'AO', 'AQ', 'AR', 'AS', 'AT', 'AU', 'AW', 'AX', 'AZ', 'BA', 'BB', 'BD', 'BE', 'BF', 'BG', 'BH', 'BI', 'BJ', 'BL', 'BM', 'BN', 'BO', 'BQ', 'BR', 'BS', 'BT', '...</msg>
<var>${list_country}</var>
<arg>AD</arg>
<arg>AE</arg>
<arg>AF</arg>
<arg>AG</arg>
<arg>AI</arg>
<arg>AL</arg>
<arg>AM</arg>
<arg>AO</arg>
<arg>AQ</arg>
<arg>AR</arg>
<arg>AS</arg>
<arg>AT</arg>
<arg>AU</arg>
<arg>AW</arg>
<arg>AX</arg>
<arg>AZ</arg>
<arg>BA</arg>
<arg>BB</arg>
<arg>BD</arg>
<arg>BE</arg>
<arg>BF</arg>
<arg>BG</arg>
<arg>BH</arg>
<arg>BI</arg>
<arg>BJ</arg>
<arg>BL</arg>
<arg>BM</arg>
<arg>BN</arg>
<arg>BO</arg>
<arg>BQ</arg>
<arg>BR</arg>
<arg>BS</arg>
<arg>BT</arg>
<arg>BV</arg>
<arg>BW</arg>
<arg>BY</arg>
<arg>BZ</arg>
<arg>CA</arg>
<arg>CC</arg>
<arg>CD</arg>
<arg>CF</arg>
<arg>CG</arg>
<arg>CH</arg>
<arg>CI</arg>
<arg>CK</arg>
<arg>CL</arg>
<arg>CM</arg>
<arg>CN</arg>
<arg>CO</arg>
<arg>CR</arg>
<arg>CU</arg>
<arg>CV</arg>
<arg>CW</arg>
<arg>CX</arg>
<arg>CY</arg>
<arg>CZ</arg>
<arg>DE</arg>
<arg>DJ</arg>
<arg>DK</arg>
<arg>DM</arg>
<arg>DO</arg>
<arg>DZ</arg>
<arg>EC</arg>
<arg>EE</arg>
<arg>EG</arg>
<arg>EH</arg>
<arg>ER</arg>
<arg>ES</arg>
<arg>ET</arg>
<arg>FI</arg>
<arg>FJ</arg>
<arg>FK</arg>
<arg>FM</arg>
<arg>FO</arg>
<arg>FR</arg>
<arg>GA</arg>
<arg>GB</arg>
<arg>GD</arg>
<arg>GE</arg>
<arg>GF</arg>
<arg>GG</arg>
<arg>GH</arg>
<arg>GI</arg>
<arg>GL</arg>
<arg>GM</arg>
<arg>GN</arg>
<arg>GP</arg>
<arg>GQ</arg>
<arg>GR</arg>
<arg>GS</arg>
<arg>GT</arg>
<arg>GU</arg>
<arg>GW</arg>
<arg>GY</arg>
<arg>HK</arg>
<arg>HM</arg>
<arg>HN</arg>
<arg>HR</arg>
<arg>HT</arg>
<arg>HU</arg>
<arg>ID</arg>
<arg>IE</arg>
<arg>IL</arg>
<arg>IM</arg>
<arg>IN</arg>
<arg>IO</arg>
<arg>IQ</arg>
<arg>IR</arg>
<arg>IS</arg>
<arg>IT</arg>
<arg>JE</arg>
<arg>JM</arg>
<arg>JO</arg>
<arg>JP</arg>
<arg>KE</arg>
<arg>KG</arg>
<arg>KH</arg>
<arg>KI</arg>
<arg>KM</arg>
<arg>KN</arg>
<arg>KP</arg>
<arg>KR</arg>
<arg>KW</arg>
<arg>KY</arg>
<arg>KZ</arg>
<arg>LA</arg>
<arg>LB</arg>
<arg>LC</arg>
<arg>LI</arg>
<arg>LK</arg>
<arg>LR</arg>
<arg>LS</arg>
<arg>LT</arg>
<arg>LU</arg>
<arg>LV</arg>
<arg>LY</arg>
<arg>MA</arg>
<arg>MC</arg>
<arg>MD</arg>
<arg>ME</arg>
<arg>MF</arg>
<arg>MG</arg>
<arg>MH</arg>
<arg>MK</arg>
<arg>ML</arg>
<arg>MM</arg>
<arg>MN</arg>
<arg>MO</arg>
<arg>MP</arg>
<arg>MQ</arg>
<arg>MR</arg>
<arg>MS</arg>
<arg>MT</arg>
<arg>MU</arg>
<arg>MV</arg>
<arg>MW</arg>
<arg>MX</arg>
<arg>MY</arg>
<arg>MZ</arg>
<arg>NA</arg>
<arg>NC</arg>
<arg>NE</arg>
<arg>NF</arg>
<arg>NG</arg>
<arg>NI</arg>
<arg>NL</arg>
<arg>NO</arg>
<arg>NP</arg>
<arg>NR</arg>
<arg>NU</arg>
<arg>NZ</arg>
<arg>OM</arg>
<arg>PA</arg>
<arg>PE</arg>
<arg>PF</arg>
<arg>PG</arg>
<arg>PH</arg>
<arg>PK</arg>
<arg>PL</arg>
<arg>PM</arg>
<arg>PN</arg>
<arg>PR</arg>
<arg>PS</arg>
<arg>PT</arg>
<arg>PW</arg>
<arg>PY</arg>
<arg>QA</arg>
<arg>RE</arg>
<arg>RO</arg>
<arg>RS</arg>
<arg>RU</arg>
<arg>RW</arg>
<arg>SA</arg>
<arg>SB</arg>
<arg>SC</arg>
<arg>SD</arg>
<arg>SE</arg>
<arg>SG</arg>
<arg>SH</arg>
<arg>SI</arg>
<arg>SJ</arg>
<arg>SK</arg>
<arg>SL</arg>
<arg>SM</arg>
<arg>SN</arg>
<arg>SO</arg>
<arg>SR</arg>
<arg>SS</arg>
<arg>ST</arg>
<arg>SV</arg>
<arg>SX</arg>
<arg>SY</arg>
<arg>SZ</arg>
<arg>TC</arg>
<arg>TD</arg>
<arg>TF</arg>
<arg>TG</arg>
<arg>TH</arg>
<arg>TJ</arg>
<arg>TK</arg>
<arg>TL</arg>
<arg>TM</arg>
<arg>TN</arg>
<arg>TO</arg>
<arg>TR</arg>
<arg>TT</arg>
<arg>TV</arg>
<arg>TW</arg>
<arg>TZ</arg>
<arg>UA</arg>
<arg>UG</arg>
<arg>UM</arg>
<arg>US</arg>
<arg>UY</arg>
<arg>UZ</arg>
<arg>VA</arg>
<arg>VC</arg>
<arg>VE</arg>
<arg>VG</arg>
<arg>VI</arg>
<arg>VN</arg>
<arg>VU</arg>
<arg>WF</arg>
<arg>WS</arg>
<arg>XK</arg>
<arg>YE</arg>
<arg>YT</arg>
<arg>ZA</arg>
<arg>ZM</arg>
<arg>ZW</arg>
<doc>Returns a list containing given items.</doc>
<status status="PASS" start="2024-03-21T16:18:37.334784" elapsed="0.000665"/>
</kw>
<kw name="List Should Contain Value" owner="Collections">
<msg time="2024-03-21T16:18:37.336572" level="INFO">False</msg>
<arg>${list_country}</arg>
<arg>${name_country}</arg>
<doc>Fails if the ``value`` is not found from ``list``.</doc>
<status status="PASS" start="2024-03-21T16:18:37.336361" elapsed="0.000249"/>
</kw>
<kw name="Run Keyword If" owner="BuiltIn">
<kw name="Should Be True" owner="BuiltIn">
<arg>${True}</arg>
<doc>Fails if the given condition is not true.</doc>
<status status="PASS" start="2024-03-21T16:18:37.337693" elapsed="0.000147"/>
</kw>
<arg>${json_data["results"][0]["location"]["coordinates"]["latitude"]} &gt;= -90 and ${json_data["results"][0]["location"]["coordinates"]["latitude"]} &lt;= 90</arg>
<arg>Should Be True</arg>
<arg>${True}</arg>
<doc>Runs the given keyword with the given arguments, if ``condition`` is true.</doc>
<status status="PASS" start="2024-03-21T16:18:37.336930" elapsed="0.001040"/>
</kw>
<kw name="Run Keyword If" owner="BuiltIn">
<kw name="Should Be True" owner="BuiltIn">
<arg>${True}</arg>
<doc>Fails if the given condition is not true.</doc>
<status status="PASS" start="2024-03-21T16:18:37.338897" elapsed="0.000145"/>
</kw>
<arg>${json_data["results"][0]["location"]["coordinates"]["longitude"]} &gt;= -180 and ${json_data["results"][0]["location"]["coordinates"]["longitude"]} &lt;= 180</arg>
<arg>Should Be True</arg>
<arg>${True}</arg>
<doc>Runs the given keyword with the given arguments, if ``condition`` is true.</doc>
<status status="PASS" start="2024-03-21T16:18:37.338158" elapsed="0.001011"/>
</kw>
<status status="PASS" start="2024-03-21T16:18:37.240508" elapsed="0.098793"/>
</kw>
<doc>Testa o conteúdo específico dos campos retornados pela API.</doc>
<tag>testeConteudo</tag>
<status status="PASS" start="2024-03-21T16:18:37.240056" elapsed="0.099398"/>
</test>
<status status="PASS" start="2024-03-21T16:18:36.533405" elapsed="0.807979"/>
</suite>
<status status="PASS" start="2024-03-21T16:18:36.519552" elapsed="0.827139"/>
</suite>
<statistics>
<total>
<stat pass="5" fail="0" skip="0">All Tests</stat>
</total>
<tag>
<stat pass="1" fail="0" skip="0">testeConteudo</stat>
<stat pass="1" fail="0" skip="0">testeEstruturaResposta</stat>
<stat pass="1" fail="0" skip="0">testeRequisicaoBasica</stat>
<stat pass="1" fail="0" skip="0">testeTiposDados</stat>
</tag>
<suite>
<stat pass="5" fail="0" skip="0" id="s1" name="Tests">Tests</stat>
<stat pass="5" fail="0" skip="0" id="s1-s1" name="Random-User-Test">Tests.Random-User-Test</stat>
</suite>
</statistics>
<errors>
</errors>
</robot>
