<?xml version="1.0" encoding="UTF-8"?>
<robot generator="Robot 7.0 (Python 3.12.3 on linux)" generated="2024-04-19T07:14:18.033583" rpa="false" schemaversion="5">
<suite id="s1" name="Tests" source="/home/runner/work/DesafioQAItauRogerioJordao/DesafioQAItauRogerioJordao/RamdonUser/tests">
<suite id="s1-s1" name="Random-User-Test" source="/home/runner/work/DesafioQAItauRogerioJordao/DesafioQAItauRogerioJordao/RamdonUser/tests/random-user-test.robot">
<test id="s1-s1-t1" name="Conectar" line="13">
<kw name="Conectar API" owner="random-user-service">
<kw name="Create Session" owner="RequestsLibrary">
<msg time="2024-04-19T07:14:18.395515" level="INFO">Creating Session using : alias=consultarAPI, url=https://randomuser.me/, headers={},                     cookies={}, auth=None, timeout=None, proxies=None, verify=False,                     debug=0 </msg>
<arg>consultarAPI</arg>
<arg>${URL}</arg>
<doc>Create Session: create a HTTP session to a server</doc>
<status status="PASS" start="2024-04-19T07:14:18.395323" elapsed="0.000358"/>
</kw>
<status status="PASS" start="2024-04-19T07:14:18.394409" elapsed="0.001649"/>
</kw>
<status status="PASS" start="2024-04-19T07:14:18.393821" elapsed="0.002432"/>
</test>
<test id="s1-s1-t2" name="Validar retorno 200 e JSON Válido" line="16">
<kw name="Teste de Requisicao Basica" owner="random-user-service">
<kw name="GET On Session" owner="RequestsLibrary">
<msg time="2024-04-19T07:14:18.480991" level="INFO">GET Request : url=https://randomuser.me/api 
 path_url=/api 
 headers={'User-Agent': 'python-requests/2.31.0', 'Accept-Encoding': 'gzip, deflate', 'Accept': '*/*', 'Connection': 'keep-alive'} 
 body=None 
 </msg>
<msg time="2024-04-19T07:14:18.481100" level="INFO">GET Response : url=https://randomuser.me/api 
 status=200, reason=OK 
 headers={'Date': 'Fri, 19 Apr 2024 07:14:18 GMT', 'Content-Type': 'application/json; charset=utf-8', 'Transfer-Encoding': 'chunked', 'Connection': 'keep-alive', 'X-Powered-By': 'Express', 'Access-Control-Allow-Origin': '*', 'Cache-Control': 'no-cache', 'ETag': 'W/"487-rnpv2GL/WGk/6QVDfR9ZYEvyIwE"', 'Vary': 'Accept-Encoding', 'Content-Encoding': 'gzip', 'CF-Cache-Status': 'DYNAMIC', 'Report-To': '{"endpoints":[{"url":"https:\\/\\/a.nel.cloudflare.com\\/report\\/v4?s=SWt59%2BuSNtRbmMeXEJP%2BCpENBzm7a5dZ4UDpiwiMfno8i2gIPdz6umzNt1AFKGNGNJviiNH0CQfSNuOe80I6s%2FvSM5q%2F%2BvUGo2wy3N%2BTSo8S%2BB8frZDK%2F%2F%2Btd8RyfQ%2BD"}],"group":"cf-nel","max_age":604800}', 'NEL': '{"success_fraction":0,"report_to":"cf-nel","max_age":604800}', 'Server': 'cloudflare', 'CF-RAY': '876b18d138d49c8b-IAD', 'alt-svc': 'h3=":443"; ma=86400'} 
 body={"results":[{"gender":"female","name":{"title":"Ms","first":"Lucia","last":"Raastad"},"location":{"street":{"number":12,"name":"Trygve Lies plass"},"city":"Aurdal","state":"Møre og Romsdal","country":"Norway","postcode":"8481","coordinates":{"latitude":"40.2952","longitude":"33.4100"},"timezone":{"offset":"+7:00","description":"Bangkok, Hanoi, Jakarta"}},"email":"lucia.raastad@example.com","login":{"uuid":"9bfd0e06-c7c6-4abb-a5d8-677a10676e8a","username":"orangegorilla512","password":"stonecol","salt":"DWxQTSju","md5":"f6821d22880595cdff0053948ba6e154","sha1":"cf4f62ec50f6cfc8c73668b52851d603b3a18df4","sha256":"6935245dfafb537ac0a2f12754665bc1d32b3899da77e9cda7caabc2af40abaa"},"dob":{"date":"1971-10-25T20:37:31.245Z","age":52},"registered":{"date":"2016-01-22T10:36:01.701Z","age":8},"phone":"24449567","cell":"94782188","id":{"name":"FN","value":"25107109679"},"picture":{"large":"https://randomuser.me/api/portraits/women/7.jpg","medium":"https://randomuser.me/api/portraits/med/women/7.jpg","thumbnail":"https://randomuser.me/api/portraits/thumb/women/7.jpg"},"nat":"NO"}],"info":{"seed":"b629efc5a0ccd40b","results":1,"page":1,"version":"1.4"}} 
 </msg>
<msg time="2024-04-19T07:14:18.481175" level="INFO">/opt/hostedtoolcache/Python/3.12.3/x64/lib/python3.12/site-packages/urllib3/connectionpool.py:1103: InsecureRequestWarning: Unverified HTTPS request is being made to host 'randomuser.me'. Adding certificate verification is strongly advised. See: https://urllib3.readthedocs.io/en/latest/advanced-usage.html#tls-warnings
  warnings.warn(</msg>
<msg time="2024-04-19T07:14:18.481296" level="INFO">${response} = &lt;Response [200]&gt;</msg>
<var>${response}</var>
<arg>consultarAPI</arg>
<arg>/api</arg>
<doc>Sends a GET request on a previously created HTTP Session.</doc>
<status status="PASS" start="2024-04-19T07:14:18.399127" elapsed="0.082209"/>
</kw>
<kw name="Should Be Equal As Numbers" owner="BuiltIn">
<msg time="2024-04-19T07:14:18.482146" level="INFO">Argument types are:
&lt;class 'int'&gt;
&lt;class 'str'&gt;</msg>
<arg>${response.status_code}</arg>
<arg>200</arg>
<doc>Fails if objects are unequal after converting them to real numbers.</doc>
<status status="PASS" start="2024-04-19T07:14:18.481745" elapsed="0.000464"/>
</kw>
<kw name="Log" owner="BuiltIn">
<msg time="2024-04-19T07:14:18.482922" level="INFO">200</msg>
<arg>${response.status_code}</arg>
<doc>Logs the given message with the given level.</doc>
<status status="PASS" start="2024-04-19T07:14:18.482561" elapsed="0.000402"/>
</kw>
<kw name="Set Variable" owner="BuiltIn">
<msg time="2024-04-19T07:14:18.483706" level="INFO">${json_data} = {'results': [{'gender': 'female', 'name': {'title': 'Ms', 'first': 'Lucia', 'last': 'Raastad'}, 'location': {'street': {'number': 12, 'name': 'Trygve Lies plass'}, 'city': 'Aurdal', 'state': 'Møre og ...</msg>
<var>${json_data}</var>
<arg>${response.json()}</arg>
<doc>Returns the given values which can then be assigned to a variables.</doc>
<status status="PASS" start="2024-04-19T07:14:18.483268" elapsed="0.000467"/>
</kw>
<kw name="Dictionary Should Contain Key" owner="Collections">
<msg time="2024-04-19T07:14:18.484249" level="INFO">False</msg>
<arg>${json_data}</arg>
<arg>results</arg>
<doc>Fails if ``key`` is not found from ``dictionary``.</doc>
<status status="PASS" start="2024-04-19T07:14:18.484078" elapsed="0.000211"/>
</kw>
<status status="PASS" start="2024-04-19T07:14:18.398869" elapsed="0.085687"/>
</kw>
<doc>Testa se a API responde corretamente e retorna um objeto JSON válido.</doc>
<tag>testeRequisicaoBasica</tag>
<status status="PASS" start="2024-04-19T07:14:18.398300" elapsed="0.086429"/>
</test>
<test id="s1-s1-t3" name="Validar estrutura de resposta" line="22">
<kw name="Teste de Estrutura de Resposta" owner="random-user-service">
<kw name="GET On Session" owner="RequestsLibrary">
<msg time="2024-04-19T07:14:18.570241" level="INFO">GET Request : url=https://randomuser.me/api 
 path_url=/api 
 headers={'User-Agent': 'python-requests/2.31.0', 'Accept-Encoding': 'gzip, deflate', 'Accept': '*/*', 'Connection': 'keep-alive'} 
 body=None 
 </msg>
<msg time="2024-04-19T07:14:18.570333" level="INFO">GET Response : url=https://randomuser.me/api 
 status=200, reason=OK 
 headers={'Date': 'Fri, 19 Apr 2024 07:14:18 GMT', 'Content-Type': 'application/json; charset=utf-8', 'Transfer-Encoding': 'chunked', 'Connection': 'keep-alive', 'X-Powered-By': 'Express', 'Access-Control-Allow-Origin': '*', 'Cache-Control': 'no-cache', 'ETag': 'W/"490-Bq+XuLe5jK4eJLqnBtyid7EYKpk"', 'Vary': 'Accept-Encoding', 'Content-Encoding': 'gzip', 'CF-Cache-Status': 'DYNAMIC', 'Report-To': '{"endpoints":[{"url":"https:\\/\\/a.nel.cloudflare.com\\/report\\/v4?s=Or3kp0upD76v3V8iBWm%2BrkkHlC%2BUEiiD37RcHw%2BKiDsfl%2Bj3kF6fnslNP%2BTZQS09cxMmLODHZyr4dj6V%2FQEOtw12YfbAXEzYOqWfDe%2F7Yu%2BKDxidug1n%2FVAQbHtSjD3s"}],"group":"cf-nel","max_age":604800}', 'NEL': '{"success_fraction":0,"report_to":"cf-nel","max_age":604800}', 'Server': 'cloudflare', 'CF-RAY': '876b18d1891b9c8b-IAD', 'alt-svc': 'h3=":443"; ma=86400'} 
 body={"results":[{"gender":"male","name":{"title":"Mr","first":"Leevi","last":"Laakso"},"location":{"street":{"number":1221,"name":"Verkatehtaankatu"},"city":"Seinäjoki","state":"Pirkanmaa","country":"Finland","postcode":13706,"coordinates":{"latitude":"-26.8102","longitude":"-34.1483"},"timezone":{"offset":"-7:00","description":"Mountain Time (US &amp; Canada)"}},"email":"leevi.laakso@example.com","login":{"uuid":"7621fc80-3a12-4e86-828d-6b9c2e97585d","username":"lazysnake475","password":"brandon1","salt":"pQel4Hzr","md5":"9581614b3de768eaa34c84241447e305","sha1":"369808a94aaaa78301a468c00d8d155479d281d8","sha256":"76e43547479af9920c700da2fc3bc3d6ea1e699abe8eeb900460798dfd0b2d3c"},"dob":{"date":"1987-02-14T10:59:56.148Z","age":37},"registered":{"date":"2013-10-16T03:08:51.827Z","age":10},"phone":"03-954-353","cell":"048-934-36-99","id":{"name":"HETU","value":"NaNNA351undefined"},"picture":{"large":"https://randomuser.me/api/portraits/men/75.jpg","medium":"https://randomuser.me/api/portraits/med/men/75.jpg","thumbnail":"https://randomuser.me/api/portraits/thumb/men/75.jpg"},"nat":"FI"}],"info":{"seed":"fb8cdc221e2aee09","results":1,"page":1,"version":"1.4"}} 
 </msg>
<msg time="2024-04-19T07:14:18.570436" level="INFO">/opt/hostedtoolcache/Python/3.12.3/x64/lib/python3.12/site-packages/urllib3/connectionpool.py:1103: InsecureRequestWarning: Unverified HTTPS request is being made to host 'randomuser.me'. Adding certificate verification is strongly advised. See: https://urllib3.readthedocs.io/en/latest/advanced-usage.html#tls-warnings
  warnings.warn(</msg>
<msg time="2024-04-19T07:14:18.570544" level="INFO">${response} = &lt;Response [200]&gt;</msg>
<var>${response}</var>
<arg>consultarAPI</arg>
<arg>/api</arg>
<doc>Sends a GET request on a previously created HTTP Session.</doc>
<status status="PASS" start="2024-04-19T07:14:18.487232" elapsed="0.083351"/>
</kw>
<kw name="Set Variable" owner="BuiltIn">
<msg time="2024-04-19T07:14:18.571471" level="INFO">${json_data} = {'results': [{'gender': 'male', 'name': {'title': 'Mr', 'first': 'Leevi', 'last': 'Laakso'}, 'location': {'street': {'number': 1221, 'name': 'Verkatehtaankatu'}, 'city': 'Seinäjoki', 'state': 'Pirkanm...</msg>
<var>${json_data}</var>
<arg>${response.json()}</arg>
<doc>Returns the given values which can then be assigned to a variables.</doc>
<status status="PASS" start="2024-04-19T07:14:18.570975" elapsed="0.000524"/>
</kw>
<kw name="Log" owner="BuiltIn">
<msg time="2024-04-19T07:14:18.572015" level="INFO">{'results': [{'gender': 'male', 'name': {'title': 'Mr', 'first': 'Leevi', 'last': 'Laakso'}, 'location': {'street': {'number': 1221, 'name': 'Verkatehtaankatu'}, 'city': 'Seinäjoki', 'state': 'Pirkanmaa', 'country': 'Finland', 'postcode': 13706, 'coordinates': {'latitude': '-26.8102', 'longitude': '-34.1483'}, 'timezone': {'offset': '-7:00', 'description': 'Mountain Time (US &amp; Canada)'}}, 'email': 'leevi.laakso@example.com', 'login': {'uuid': '7621fc80-3a12-4e86-828d-6b9c2e97585d', 'username': 'lazysnake475', 'password': 'brandon1', 'salt': 'pQel4Hzr', 'md5': '9581614b3de768eaa34c84241447e305', 'sha1': '369808a94aaaa78301a468c00d8d155479d281d8', 'sha256': '76e43547479af9920c700da2fc3bc3d6ea1e699abe8eeb900460798dfd0b2d3c'}, 'dob': {'date': '1987-02-14T10:59:56.148Z', 'age': 37}, 'registered': {'date': '2013-10-16T03:08:51.827Z', 'age': 10}, 'phone': '03-954-353', 'cell': '048-934-36-99', 'id': {'name': 'HETU', 'value': 'NaNNA351undefined'}, 'picture': {'large': 'https://randomuser.me/api/portraits/men/75.jpg', 'medium': 'https://randomuser.me/api/portraits/med/men/75.jpg', 'thumbnail': 'https://randomuser.me/api/portraits/thumb/men/75.jpg'}, 'nat': 'FI'}], 'info': {'seed': 'fb8cdc221e2aee09', 'results': 1, 'page': 1, 'version': '1.4'}}</msg>
<arg>${json_data}</arg>
<doc>Logs the given message with the given level.</doc>
<status status="PASS" start="2024-04-19T07:14:18.571846" elapsed="0.000221"/>
</kw>
<kw name="Dictionary Should Contain Key" owner="Collections">
<msg time="2024-04-19T07:14:18.572529" level="INFO">False</msg>
<arg>${json_data}</arg>
<arg>results</arg>
<doc>Fails if ``key`` is not found from ``dictionary``.</doc>
<status status="PASS" start="2024-04-19T07:14:18.572368" elapsed="0.000199"/>
</kw>
<kw name="Should Not Be Empty" owner="BuiltIn">
<msg time="2024-04-19T07:14:18.572996" level="INFO">Length is 2.</msg>
<arg>${json_data}</arg>
<doc>Verifies that the given item is not empty.</doc>
<status status="PASS" start="2024-04-19T07:14:18.572863" elapsed="0.000329"/>
</kw>
<kw name="Create List" owner="BuiltIn">
<msg time="2024-04-19T07:14:18.573652" level="INFO">${expected_keys} = ['gender', 'name', 'location', 'email', 'login']</msg>
<var>${expected_keys}</var>
<arg>gender</arg>
<arg>name</arg>
<arg>location</arg>
<arg>email</arg>
<arg>login</arg>
<doc>Returns a list containing given items.</doc>
<status status="PASS" start="2024-04-19T07:14:18.573502" elapsed="0.000174"/>
</kw>
<for flavor="IN">
<iter>
<kw name="Dictionary Should Contain Key" owner="Collections">
<msg time="2024-04-19T07:14:18.574657" level="INFO">False</msg>
<arg>${json_data['results'][0]}</arg>
<arg>${key}</arg>
<doc>Fails if ``key`` is not found from ``dictionary``.</doc>
<status status="PASS" start="2024-04-19T07:14:18.574257" elapsed="0.000439"/>
</kw>
<kw name="Log" owner="BuiltIn">
<msg time="2024-04-19T07:14:18.575376" level="INFO">{'gender': 'male', 'name': {'title': 'Mr', 'first': 'Leevi', 'last': 'Laakso'}, 'location': {'street': {'number': 1221, 'name': 'Verkatehtaankatu'}, 'city': 'Seinäjoki', 'state': 'Pirkanmaa', 'country': 'Finland', 'postcode': 13706, 'coordinates': {'latitude': '-26.8102', 'longitude': '-34.1483'}, 'timezone': {'offset': '-7:00', 'description': 'Mountain Time (US &amp; Canada)'}}, 'email': 'leevi.laakso@example.com', 'login': {'uuid': '7621fc80-3a12-4e86-828d-6b9c2e97585d', 'username': 'lazysnake475', 'password': 'brandon1', 'salt': 'pQel4Hzr', 'md5': '9581614b3de768eaa34c84241447e305', 'sha1': '369808a94aaaa78301a468c00d8d155479d281d8', 'sha256': '76e43547479af9920c700da2fc3bc3d6ea1e699abe8eeb900460798dfd0b2d3c'}, 'dob': {'date': '1987-02-14T10:59:56.148Z', 'age': 37}, 'registered': {'date': '2013-10-16T03:08:51.827Z', 'age': 10}, 'phone': '03-954-353', 'cell': '048-934-36-99', 'id': {'name': 'HETU', 'value': 'NaNNA351undefined'}, 'picture': {'large': 'https://randomuser.me/api/portraits/men/75.jpg', 'medium': 'https://randomuser.me/api/portraits/med/men/75.jpg', 'thumbnail': 'https://randomuser.me/api/portraits/thumb/men/75.jpg'}, 'nat': 'FI'}</msg>
<arg>${json_data['results'][0]}</arg>
<doc>Logs the given message with the given level.</doc>
<status status="PASS" start="2024-04-19T07:14:18.574995" elapsed="0.000432"/>
</kw>
<kw name="Log" owner="BuiltIn">
<msg time="2024-04-19T07:14:18.575894" level="INFO">gender</msg>
<arg>${key}</arg>
<doc>Logs the given message with the given level.</doc>
<status status="PASS" start="2024-04-19T07:14:18.575726" elapsed="0.000209"/>
</kw>
<var name="${key}">gender</var>
<status status="PASS" start="2024-04-19T07:14:18.574131" elapsed="0.002026"/>
</iter>
<iter>
<kw name="Dictionary Should Contain Key" owner="Collections">
<msg time="2024-04-19T07:14:18.576842" level="INFO">False</msg>
<arg>${json_data['results'][0]}</arg>
<arg>${key}</arg>
<doc>Fails if ``key`` is not found from ``dictionary``.</doc>
<status status="PASS" start="2024-04-19T07:14:18.576462" elapsed="0.000417"/>
</kw>
<kw name="Log" owner="BuiltIn">
<msg time="2024-04-19T07:14:18.577563" level="INFO">{'gender': 'male', 'name': {'title': 'Mr', 'first': 'Leevi', 'last': 'Laakso'}, 'location': {'street': {'number': 1221, 'name': 'Verkatehtaankatu'}, 'city': 'Seinäjoki', 'state': 'Pirkanmaa', 'country': 'Finland', 'postcode': 13706, 'coordinates': {'latitude': '-26.8102', 'longitude': '-34.1483'}, 'timezone': {'offset': '-7:00', 'description': 'Mountain Time (US &amp; Canada)'}}, 'email': 'leevi.laakso@example.com', 'login': {'uuid': '7621fc80-3a12-4e86-828d-6b9c2e97585d', 'username': 'lazysnake475', 'password': 'brandon1', 'salt': 'pQel4Hzr', 'md5': '9581614b3de768eaa34c84241447e305', 'sha1': '369808a94aaaa78301a468c00d8d155479d281d8', 'sha256': '76e43547479af9920c700da2fc3bc3d6ea1e699abe8eeb900460798dfd0b2d3c'}, 'dob': {'date': '1987-02-14T10:59:56.148Z', 'age': 37}, 'registered': {'date': '2013-10-16T03:08:51.827Z', 'age': 10}, 'phone': '03-954-353', 'cell': '048-934-36-99', 'id': {'name': 'HETU', 'value': 'NaNNA351undefined'}, 'picture': {'large': 'https://randomuser.me/api/portraits/men/75.jpg', 'medium': 'https://randomuser.me/api/portraits/med/men/75.jpg', 'thumbnail': 'https://randomuser.me/api/portraits/thumb/men/75.jpg'}, 'nat': 'FI'}</msg>
<arg>${json_data['results'][0]}</arg>
<doc>Logs the given message with the given level.</doc>
<status status="PASS" start="2024-04-19T07:14:18.577200" elapsed="0.000415"/>
</kw>
<kw name="Log" owner="BuiltIn">
<msg time="2024-04-19T07:14:18.578036" level="INFO">name</msg>
<arg>${key}</arg>
<doc>Logs the given message with the given level.</doc>
<status status="PASS" start="2024-04-19T07:14:18.577910" elapsed="0.000163"/>
</kw>
<var name="${key}">name</var>
<status status="PASS" start="2024-04-19T07:14:18.576348" elapsed="0.001937"/>
</iter>
<iter>
<kw name="Dictionary Should Contain Key" owner="Collections">
<msg time="2024-04-19T07:14:18.578960" level="INFO">False</msg>
<arg>${json_data['results'][0]}</arg>
<arg>${key}</arg>
<doc>Fails if ``key`` is not found from ``dictionary``.</doc>
<status status="PASS" start="2024-04-19T07:14:18.578574" elapsed="0.000423"/>
</kw>
<kw name="Log" owner="BuiltIn">
<msg time="2024-04-19T07:14:18.579683" level="INFO">{'gender': 'male', 'name': {'title': 'Mr', 'first': 'Leevi', 'last': 'Laakso'}, 'location': {'street': {'number': 1221, 'name': 'Verkatehtaankatu'}, 'city': 'Seinäjoki', 'state': 'Pirkanmaa', 'country': 'Finland', 'postcode': 13706, 'coordinates': {'latitude': '-26.8102', 'longitude': '-34.1483'}, 'timezone': {'offset': '-7:00', 'description': 'Mountain Time (US &amp; Canada)'}}, 'email': 'leevi.laakso@example.com', 'login': {'uuid': '7621fc80-3a12-4e86-828d-6b9c2e97585d', 'username': 'lazysnake475', 'password': 'brandon1', 'salt': 'pQel4Hzr', 'md5': '9581614b3de768eaa34c84241447e305', 'sha1': '369808a94aaaa78301a468c00d8d155479d281d8', 'sha256': '76e43547479af9920c700da2fc3bc3d6ea1e699abe8eeb900460798dfd0b2d3c'}, 'dob': {'date': '1987-02-14T10:59:56.148Z', 'age': 37}, 'registered': {'date': '2013-10-16T03:08:51.827Z', 'age': 10}, 'phone': '03-954-353', 'cell': '048-934-36-99', 'id': {'name': 'HETU', 'value': 'NaNNA351undefined'}, 'picture': {'large': 'https://randomuser.me/api/portraits/men/75.jpg', 'medium': 'https://randomuser.me/api/portraits/med/men/75.jpg', 'thumbnail': 'https://randomuser.me/api/portraits/thumb/men/75.jpg'}, 'nat': 'FI'}</msg>
<arg>${json_data['results'][0]}</arg>
<doc>Logs the given message with the given level.</doc>
<status status="PASS" start="2024-04-19T07:14:18.579316" elapsed="0.000418"/>
</kw>
<kw name="Log" owner="BuiltIn">
<msg time="2024-04-19T07:14:18.580193" level="INFO">location</msg>
<arg>${key}</arg>
<doc>Logs the given message with the given level.</doc>
<status status="PASS" start="2024-04-19T07:14:18.580065" elapsed="0.000167"/>
</kw>
<var name="${key}">location</var>
<status status="PASS" start="2024-04-19T07:14:18.578464" elapsed="0.001985"/>
</iter>
<iter>
<kw name="Dictionary Should Contain Key" owner="Collections">
<msg time="2024-04-19T07:14:18.581122" level="INFO">False</msg>
<arg>${json_data['results'][0]}</arg>
<arg>${key}</arg>
<doc>Fails if ``key`` is not found from ``dictionary``.</doc>
<status status="PASS" start="2024-04-19T07:14:18.580734" elapsed="0.000426"/>
</kw>
<kw name="Log" owner="BuiltIn">
<msg time="2024-04-19T07:14:18.581877" level="INFO">{'gender': 'male', 'name': {'title': 'Mr', 'first': 'Leevi', 'last': 'Laakso'}, 'location': {'street': {'number': 1221, 'name': 'Verkatehtaankatu'}, 'city': 'Seinäjoki', 'state': 'Pirkanmaa', 'country': 'Finland', 'postcode': 13706, 'coordinates': {'latitude': '-26.8102', 'longitude': '-34.1483'}, 'timezone': {'offset': '-7:00', 'description': 'Mountain Time (US &amp; Canada)'}}, 'email': 'leevi.laakso@example.com', 'login': {'uuid': '7621fc80-3a12-4e86-828d-6b9c2e97585d', 'username': 'lazysnake475', 'password': 'brandon1', 'salt': 'pQel4Hzr', 'md5': '9581614b3de768eaa34c84241447e305', 'sha1': '369808a94aaaa78301a468c00d8d155479d281d8', 'sha256': '76e43547479af9920c700da2fc3bc3d6ea1e699abe8eeb900460798dfd0b2d3c'}, 'dob': {'date': '1987-02-14T10:59:56.148Z', 'age': 37}, 'registered': {'date': '2013-10-16T03:08:51.827Z', 'age': 10}, 'phone': '03-954-353', 'cell': '048-934-36-99', 'id': {'name': 'HETU', 'value': 'NaNNA351undefined'}, 'picture': {'large': 'https://randomuser.me/api/portraits/men/75.jpg', 'medium': 'https://randomuser.me/api/portraits/med/men/75.jpg', 'thumbnail': 'https://randomuser.me/api/portraits/thumb/men/75.jpg'}, 'nat': 'FI'}</msg>
<arg>${json_data['results'][0]}</arg>
<doc>Logs the given message with the given level.</doc>
<status status="PASS" start="2024-04-19T07:14:18.581504" elapsed="0.000426"/>
</kw>
<kw name="Log" owner="BuiltIn">
<msg time="2024-04-19T07:14:18.582355" level="INFO">email</msg>
<arg>${key}</arg>
<doc>Logs the given message with the given level.</doc>
<status status="PASS" start="2024-04-19T07:14:18.582227" elapsed="0.000166"/>
</kw>
<var name="${key}">email</var>
<status status="PASS" start="2024-04-19T07:14:18.580624" elapsed="0.001984"/>
</iter>
<iter>
<kw name="Dictionary Should Contain Key" owner="Collections">
<msg time="2024-04-19T07:14:18.583308" level="INFO">False</msg>
<arg>${json_data['results'][0]}</arg>
<arg>${key}</arg>
<doc>Fails if ``key`` is not found from ``dictionary``.</doc>
<status status="PASS" start="2024-04-19T07:14:18.582892" elapsed="0.000454"/>
</kw>
<kw name="Log" owner="BuiltIn">
<msg time="2024-04-19T07:14:18.584057" level="INFO">{'gender': 'male', 'name': {'title': 'Mr', 'first': 'Leevi', 'last': 'Laakso'}, 'location': {'street': {'number': 1221, 'name': 'Verkatehtaankatu'}, 'city': 'Seinäjoki', 'state': 'Pirkanmaa', 'country': 'Finland', 'postcode': 13706, 'coordinates': {'latitude': '-26.8102', 'longitude': '-34.1483'}, 'timezone': {'offset': '-7:00', 'description': 'Mountain Time (US &amp; Canada)'}}, 'email': 'leevi.laakso@example.com', 'login': {'uuid': '7621fc80-3a12-4e86-828d-6b9c2e97585d', 'username': 'lazysnake475', 'password': 'brandon1', 'salt': 'pQel4Hzr', 'md5': '9581614b3de768eaa34c84241447e305', 'sha1': '369808a94aaaa78301a468c00d8d155479d281d8', 'sha256': '76e43547479af9920c700da2fc3bc3d6ea1e699abe8eeb900460798dfd0b2d3c'}, 'dob': {'date': '1987-02-14T10:59:56.148Z', 'age': 37}, 'registered': {'date': '2013-10-16T03:08:51.827Z', 'age': 10}, 'phone': '03-954-353', 'cell': '048-934-36-99', 'id': {'name': 'HETU', 'value': 'NaNNA351undefined'}, 'picture': {'large': 'https://randomuser.me/api/portraits/men/75.jpg', 'medium': 'https://randomuser.me/api/portraits/med/men/75.jpg', 'thumbnail': 'https://randomuser.me/api/portraits/thumb/men/75.jpg'}, 'nat': 'FI'}</msg>
<arg>${json_data['results'][0]}</arg>
<doc>Logs the given message with the given level.</doc>
<status status="PASS" start="2024-04-19T07:14:18.583643" elapsed="0.000467"/>
</kw>
<kw name="Log" owner="BuiltIn">
<msg time="2024-04-19T07:14:18.584537" level="INFO">login</msg>
<arg>${key}</arg>
<doc>Logs the given message with the given level.</doc>
<status status="PASS" start="2024-04-19T07:14:18.584408" elapsed="0.000167"/>
</kw>
<var name="${key}">login</var>
<status status="PASS" start="2024-04-19T07:14:18.582783" elapsed="0.002036"/>
</iter>
<var>${key}</var>
<value>@{expected_keys}</value>
<status status="PASS" start="2024-04-19T07:14:18.573942" elapsed="0.011003"/>
</for>
<kw name="Create List" owner="BuiltIn">
<msg time="2024-04-19T07:14:18.585279" level="INFO">${expected_keysTwo} = ['username', 'password']</msg>
<var>${expected_keysTwo}</var>
<arg>username</arg>
<arg>password</arg>
<doc>Returns a list containing given items.</doc>
<status status="PASS" start="2024-04-19T07:14:18.585138" elapsed="0.000196"/>
</kw>
<for flavor="IN">
<iter>
<kw name="Dictionary Should Contain Key" owner="Collections">
<msg time="2024-04-19T07:14:18.586549" level="INFO">False</msg>
<arg>${json_data['results'][0]['login']}</arg>
<arg>${keyTwo}</arg>
<doc>Fails if ``key`` is not found from ``dictionary``.</doc>
<status status="PASS" start="2024-04-19T07:14:18.586127" elapsed="0.000461"/>
</kw>
<kw name="Dictionary Should Contain Key" owner="Collections">
<msg time="2024-04-19T07:14:18.587288" level="INFO">False</msg>
<arg>${json_data['results'][0]['login']}</arg>
<arg>${keyTwo}</arg>
<doc>Fails if ``key`` is not found from ``dictionary``.</doc>
<status status="PASS" start="2024-04-19T07:14:18.586892" elapsed="0.000453"/>
</kw>
<kw name="Log" owner="BuiltIn">
<msg time="2024-04-19T07:14:18.587780" level="INFO">username</msg>
<arg>${keyTwo}</arg>
<doc>Logs the given message with the given level.</doc>
<status status="PASS" start="2024-04-19T07:14:18.587645" elapsed="0.000211"/>
</kw>
<var name="${keyTwo}">username</var>
<status status="PASS" start="2024-04-19T07:14:18.585948" elapsed="0.002132"/>
</iter>
<iter>
<kw name="Dictionary Should Contain Key" owner="Collections">
<msg time="2024-04-19T07:14:18.588835" level="INFO">False</msg>
<arg>${json_data['results'][0]['login']}</arg>
<arg>${keyTwo}</arg>
<doc>Fails if ``key`` is not found from ``dictionary``.</doc>
<status status="PASS" start="2024-04-19T07:14:18.588361" elapsed="0.000519"/>
</kw>
<kw name="Dictionary Should Contain Key" owner="Collections">
<msg time="2024-04-19T07:14:18.589556" level="INFO">False</msg>
<arg>${json_data['results'][0]['login']}</arg>
<arg>${keyTwo}</arg>
<doc>Fails if ``key`` is not found from ``dictionary``.</doc>
<status status="PASS" start="2024-04-19T07:14:18.589176" elapsed="0.000417"/>
</kw>
<kw name="Log" owner="BuiltIn">
<msg time="2024-04-19T07:14:18.590013" level="INFO">password</msg>
<arg>${keyTwo}</arg>
<doc>Logs the given message with the given level.</doc>
<status status="PASS" start="2024-04-19T07:14:18.589886" elapsed="0.000164"/>
</kw>
<var name="${keyTwo}">password</var>
<status status="PASS" start="2024-04-19T07:14:18.588251" elapsed="0.002012"/>
</iter>
<var>${keyTwo}</var>
<value>@{expected_keysTwo}</value>
<status status="PASS" start="2024-04-19T07:14:18.585730" elapsed="0.004654"/>
</for>
<status status="PASS" start="2024-04-19T07:14:18.487000" elapsed="0.103522"/>
</kw>
<doc>Testa a estrutura da resposta da API.</doc>
<tag>testeEstruturaResposta</tag>
<status status="PASS" start="2024-04-19T07:14:18.486535" elapsed="0.104139"/>
</test>
<test id="s1-s1-t4" name="Validar tipos de dados" line="28">
<kw name="Teste de Tipos de Dados" owner="random-user-service">
<kw name="GET On Session" owner="RequestsLibrary">
<msg time="2024-04-19T07:14:18.671363" level="INFO">GET Request : url=https://randomuser.me/api 
 path_url=/api 
 headers={'User-Agent': 'python-requests/2.31.0', 'Accept-Encoding': 'gzip, deflate', 'Accept': '*/*', 'Connection': 'keep-alive'} 
 body=None 
 </msg>
<msg time="2024-04-19T07:14:18.671441" level="INFO">GET Response : url=https://randomuser.me/api 
 status=200, reason=OK 
 headers={'Date': 'Fri, 19 Apr 2024 07:14:18 GMT', 'Content-Type': 'application/json; charset=utf-8', 'Transfer-Encoding': 'chunked', 'Connection': 'keep-alive', 'X-Powered-By': 'Express', 'Access-Control-Allow-Origin': '*', 'Cache-Control': 'no-cache', 'ETag': 'W/"49b-tQluncaA0qPSaOlM+BvkkHZU+Gk"', 'Vary': 'Accept-Encoding', 'Content-Encoding': 'gzip', 'CF-Cache-Status': 'DYNAMIC', 'Report-To': '{"endpoints":[{"url":"https:\\/\\/a.nel.cloudflare.com\\/report\\/v4?s=aNloBpC9jPQWZb0T9dQaJ5amItpMSP40hImzD7iQ%2Bmdq3q0AzKA%2F4gdpPeIrCQPQ63%2BEszeDqE99A8UfD6UJGnbPmcaphOLSXbqUxPDHcD2%2BPFyh5y97E4Ujf0gaTePM"}],"group":"cf-nel","max_age":604800}', 'NEL': '{"success_fraction":0,"report_to":"cf-nel","max_age":604800}', 'Server': 'cloudflare', 'CF-RAY': '876b18d239a69c8b-IAD', 'alt-svc': 'h3=":443"; ma=86400'} 
 body={"results":[{"gender":"female","name":{"title":"Miss","first":"Amandine","last":"Perez"},"location":{"street":{"number":3641,"name":"Rue Dubois"},"city":"Amiens","state":"Finistère","country":"France","postcode":49407,"coordinates":{"latitude":"-18.1099","longitude":"28.6707"},"timezone":{"offset":"+4:00","description":"Abu Dhabi, Muscat, Baku, Tbilisi"}},"email":"amandine.perez@example.com","login":{"uuid":"0c295d04-7b75-4afb-a827-1fc7d4b3128d","username":"heavybird962","password":"blue11","salt":"SDtP9SxG","md5":"dc8fd03edc4bf208dfbf42a7a87b3740","sha1":"839232fece9486ea37788003598eb5093911cff3","sha256":"64016cea5cb94e94f3a46382be35c5ff88de266b2522f4e6f397a69c439b0c36"},"dob":{"date":"1989-10-29T14:21:25.963Z","age":34},"registered":{"date":"2011-08-24T06:00:54.380Z","age":12},"phone":"02-61-01-58-09","cell":"06-93-12-19-74","id":{"name":"INSEE","value":"2890997600016 74"},"picture":{"large":"https://randomuser.me/api/portraits/women/79.jpg","medium":"https://randomuser.me/api/portraits/med/women/79.jpg","thumbnail":"https://randomuser.me/api/portraits/thumb/women/79.jpg"},"nat":"FR"}],"info":{"seed":"8bfdcc17ee7210ca","results":1,"page":1,"version":"1.4"}} 
 </msg>
<msg time="2024-04-19T07:14:18.671509" level="INFO">/opt/hostedtoolcache/Python/3.12.3/x64/lib/python3.12/site-packages/urllib3/connectionpool.py:1103: InsecureRequestWarning: Unverified HTTPS request is being made to host 'randomuser.me'. Adding certificate verification is strongly advised. See: https://urllib3.readthedocs.io/en/latest/advanced-usage.html#tls-warnings
  warnings.warn(</msg>
<msg time="2024-04-19T07:14:18.671622" level="INFO">${response} = &lt;Response [200]&gt;</msg>
<var>${response}</var>
<arg>consultarAPI</arg>
<arg>/api</arg>
<doc>Sends a GET request on a previously created HTTP Session.</doc>
<status status="PASS" start="2024-04-19T07:14:18.593226" elapsed="0.078445"/>
</kw>
<kw name="Set Variable" owner="BuiltIn">
<msg time="2024-04-19T07:14:18.672799" level="INFO">${json_data} = {'results': [{'gender': 'female', 'name': {'title': 'Miss', 'first': 'Amandine', 'last': 'Perez'}, 'location': {'street': {'number': 3641, 'name': 'Rue Dubois'}, 'city': 'Amiens', 'state': 'Finistère'...</msg>
<var>${json_data}</var>
<arg>${response.json()}</arg>
<doc>Returns the given values which can then be assigned to a variables.</doc>
<status status="PASS" start="2024-04-19T07:14:18.672242" elapsed="0.000586"/>
</kw>
<kw name="Log" owner="BuiltIn">
<msg time="2024-04-19T07:14:18.673286" level="INFO">{'results': [{'gender': 'female', 'name': {'title': 'Miss', 'first': 'Amandine', 'last': 'Perez'}, 'location': {'street': {'number': 3641, 'name': 'Rue Dubois'}, 'city': 'Amiens', 'state': 'Finistère', 'country': 'France', 'postcode': 49407, 'coordinates': {'latitude': '-18.1099', 'longitude': '28.6707'}, 'timezone': {'offset': '+4:00', 'description': 'Abu Dhabi, Muscat, Baku, Tbilisi'}}, 'email': 'amandine.perez@example.com', 'login': {'uuid': '0c295d04-7b75-4afb-a827-1fc7d4b3128d', 'username': 'heavybird962', 'password': 'blue11', 'salt': 'SDtP9SxG', 'md5': 'dc8fd03edc4bf208dfbf42a7a87b3740', 'sha1': '839232fece9486ea37788003598eb5093911cff3', 'sha256': '64016cea5cb94e94f3a46382be35c5ff88de266b2522f4e6f397a69c439b0c36'}, 'dob': {'date': '1989-10-29T14:21:25.963Z', 'age': 34}, 'registered': {'date': '2011-08-24T06:00:54.380Z', 'age': 12}, 'phone': '02-61-01-58-09', 'cell': '06-93-12-19-74', 'id': {'name': 'INSEE', 'value': '2890997600016 74'}, 'picture': {'large': 'https://randomuser.me/api/portraits/women/79.jpg', 'medium': 'https://randomuser.me/api/portraits/med/women/79.jpg', 'thumbnail': 'https://randomuser.me/api/portraits/thumb/women/79.jpg'}, 'nat': 'FR'}], 'info': {'seed': '8bfdcc17ee7210ca', 'results': 1, 'page': 1, 'version': '1.4'}}</msg>
<arg>${json_data}</arg>
<doc>Logs the given message with the given level.</doc>
<status status="PASS" start="2024-04-19T07:14:18.673132" elapsed="0.000235"/>
</kw>
<kw name="Should Be String" owner="String">
<arg>${json_data['results'][0]['gender']}</arg>
<doc>Fails if the given ``item`` is not a string.</doc>
<status status="PASS" start="2024-04-19T07:14:18.673665" elapsed="0.000381"/>
</kw>
<kw name="Should Match Regexp" owner="BuiltIn">
<arg>${json_data['results'][0]['email']}</arg>
<arg>^[a-zA-Z0-9._%+-]+@[a-zA-Z0-9.-]+\.[a-zA-Z]{2,}$</arg>
<doc>Fails if ``string`` does not match ``pattern`` as a regular expression.</doc>
<status status="PASS" start="2024-04-19T07:14:18.674238" elapsed="0.000504"/>
</kw>
<kw name="Should Match Regexp" owner="BuiltIn">
<arg>${json_data['results'][0]['dob']['date']}</arg>
<arg>\\d{4}-\\d{2}-\\d{2}T\\d{2}:\\d{2}:\\d{2}\\.\\d{3}Z</arg>
<doc>Fails if ``string`` does not match ``pattern`` as a regular expression.</doc>
<status status="PASS" start="2024-04-19T07:14:18.674933" elapsed="0.000476"/>
</kw>
<kw name="Should Match Regexp" owner="BuiltIn">
<arg>${json_data['results'][0]['registered']['date']}</arg>
<arg>\\d{4}-\\d{2}-\\d{2}T\\d{2}:\\d{2}:\\d{2}\\.\\d{3}Z</arg>
<doc>Fails if ``string`` does not match ``pattern`` as a regular expression.</doc>
<status status="PASS" start="2024-04-19T07:14:18.675596" elapsed="0.000405"/>
</kw>
<kw name="Should Match Regexp" owner="BuiltIn">
<arg>${json_data['results'][0]['picture']['large']}</arg>
<arg>^https?://.*\.(?:png|jpe?g|gif|bmp)$</arg>
<doc>Fails if ``string`` does not match ``pattern`` as a regular expression.</doc>
<status status="PASS" start="2024-04-19T07:14:18.676194" elapsed="0.000455"/>
</kw>
<kw name="Should Match Regexp" owner="BuiltIn">
<arg>${json_data['results'][0]['picture']['medium']}</arg>
<arg>^https?://.*\.(?:png|jpe?g|gif|bmp)$</arg>
<doc>Fails if ``string`` does not match ``pattern`` as a regular expression.</doc>
<status status="PASS" start="2024-04-19T07:14:18.676836" elapsed="0.000352"/>
</kw>
<kw name="Should Match Regexp" owner="BuiltIn">
<arg>${json_data['results'][0]['picture']['thumbnail']}</arg>
<arg>^https?://.*\.(?:png|jpe?g|gif|bmp)$</arg>
<doc>Fails if ``string`` does not match ``pattern`` as a regular expression.</doc>
<status status="PASS" start="2024-04-19T07:14:18.677372" elapsed="0.000346"/>
</kw>
<kw name="Log" owner="BuiltIn">
<msg time="2024-04-19T07:14:18.678219" level="INFO">{'large': 'https://randomuser.me/api/portraits/women/79.jpg', 'medium': 'https://randomuser.me/api/portraits/med/women/79.jpg', 'thumbnail': 'https://randomuser.me/api/portraits/thumb/women/79.jpg'}</msg>
<arg>${json_data['results'][0]['picture']}</arg>
<doc>Logs the given message with the given level.</doc>
<status status="PASS" start="2024-04-19T07:14:18.677894" elapsed="0.000366"/>
</kw>
<status status="PASS" start="2024-04-19T07:14:18.592985" elapsed="0.085523"/>
</kw>
<kw name="Teste de Tipos de Dados - Postcode" owner="random-user-service">
<kw name="GET On Session" owner="RequestsLibrary">
<msg time="2024-04-19T07:14:18.770827" level="INFO">GET Request : url=https://randomuser.me/api 
 path_url=/api 
 headers={'User-Agent': 'python-requests/2.31.0', 'Accept-Encoding': 'gzip, deflate', 'Accept': '*/*', 'Connection': 'keep-alive'} 
 body=None 
 </msg>
<msg time="2024-04-19T07:14:18.770929" level="INFO">GET Response : url=https://randomuser.me/api 
 status=200, reason=OK 
 headers={'Date': 'Fri, 19 Apr 2024 07:14:18 GMT', 'Content-Type': 'application/json; charset=utf-8', 'Transfer-Encoding': 'chunked', 'Connection': 'keep-alive', 'X-Powered-By': 'Express', 'Access-Control-Allow-Origin': '*', 'Cache-Control': 'no-cache', 'ETag': 'W/"4a3-LxjZcg7Wc3EdD9PyFhGz/olz7JA"', 'Vary': 'Accept-Encoding', 'Content-Encoding': 'gzip', 'CF-Cache-Status': 'DYNAMIC', 'Report-To': '{"endpoints":[{"url":"https:\\/\\/a.nel.cloudflare.com\\/report\\/v4?s=Lyosw1uCNxsTwF32JOQhlXZhcwzwd5M4F90zboEO5UKYrGmaFY6fO8tO8%2FxIyAWbaXCtHTZOGfElmezwGYZZElDQ5TaGicZOpMNiNb2vTFVoF6Tmrx4DvKwBZ3zUS3BU"}],"group":"cf-nel","max_age":604800}', 'NEL': '{"success_fraction":0,"report_to":"cf-nel","max_age":604800}', 'Server': 'cloudflare', 'CF-RAY': '876b18d2ca0a9c8b-IAD', 'alt-svc': 'h3=":443"; ma=86400'} 
 body={"results":[{"gender":"male","name":{"title":"Mr","first":"Malthe","last":"Sørensen"},"location":{"street":{"number":2780,"name":"Hadsundvej"},"city":"Kongens  Lyngby","state":"Midtjylland","country":"Denmark","postcode":86039,"coordinates":{"latitude":"-38.6159","longitude":"-18.7969"},"timezone":{"offset":"0:00","description":"Western Europe Time, London, Lisbon, Casablanca"}},"email":"malthe.sorensen@example.com","login":{"uuid":"8e74465d-73b8-4549-86c1-563d4d863a72","username":"silverbutterfly414","password":"heinrich","salt":"DoTGupKX","md5":"7ffa073c545768274208f00874884980","sha1":"74f482d5bdc92a481426bad006c52e9cb99f21f2","sha256":"8bb91135fe1bb5c776c1ebabc3d71d1aaeb5f97cd42ddbcdd831512f9ca70d9c"},"dob":{"date":"1969-04-21T21:55:42.227Z","age":54},"registered":{"date":"2006-02-23T11:33:46.068Z","age":18},"phone":"28542641","cell":"26331008","id":{"name":"CPR","value":"210469-4476"},"picture":{"large":"https://randomuser.me/api/portraits/men/84.jpg","medium":"https://randomuser.me/api/portraits/med/men/84.jpg","thumbnail":"https://randomuser.me/api/portraits/thumb/men/84.jpg"},"nat":"DK"}],"info":{"seed":"1f0bf6e4f6a65c4f","results":1,"page":1,"version":"1.4"}} 
 </msg>
<msg time="2024-04-19T07:14:18.771009" level="INFO">/opt/hostedtoolcache/Python/3.12.3/x64/lib/python3.12/site-packages/urllib3/connectionpool.py:1103: InsecureRequestWarning: Unverified HTTPS request is being made to host 'randomuser.me'. Adding certificate verification is strongly advised. See: https://urllib3.readthedocs.io/en/latest/advanced-usage.html#tls-warnings
  warnings.warn(</msg>
<msg time="2024-04-19T07:14:18.771157" level="INFO">${response} = &lt;Response [200]&gt;</msg>
<var>${response}</var>
<arg>consultarAPI</arg>
<arg>/api</arg>
<doc>Sends a GET request on a previously created HTTP Session.</doc>
<status status="PASS" start="2024-04-19T07:14:18.678943" elapsed="0.092261"/>
</kw>
<kw name="Set Variable" owner="BuiltIn">
<msg time="2024-04-19T07:14:18.772391" level="INFO">${json_data} = {'results': [{'gender': 'male', 'name': {'title': 'Mr', 'first': 'Malthe', 'last': 'Sørensen'}, 'location': {'street': {'number': 2780, 'name': 'Hadsundvej'}, 'city': 'Kongens  Lyngby', 'state': 'Midt...</msg>
<var>${json_data}</var>
<arg>${response.json()}</arg>
<doc>Returns the given values which can then be assigned to a variables.</doc>
<status status="PASS" start="2024-04-19T07:14:18.771844" elapsed="0.000577"/>
</kw>
<kw name="Log" owner="BuiltIn">
<msg time="2024-04-19T07:14:18.772900" level="INFO">{'results': [{'gender': 'male', 'name': {'title': 'Mr', 'first': 'Malthe', 'last': 'Sørensen'}, 'location': {'street': {'number': 2780, 'name': 'Hadsundvej'}, 'city': 'Kongens  Lyngby', 'state': 'Midtjylland', 'country': 'Denmark', 'postcode': 86039, 'coordinates': {'latitude': '-38.6159', 'longitude': '-18.7969'}, 'timezone': {'offset': '0:00', 'description': 'Western Europe Time, London, Lisbon, Casablanca'}}, 'email': 'malthe.sorensen@example.com', 'login': {'uuid': '8e74465d-73b8-4549-86c1-563d4d863a72', 'username': 'silverbutterfly414', 'password': 'heinrich', 'salt': 'DoTGupKX', 'md5': '7ffa073c545768274208f00874884980', 'sha1': '74f482d5bdc92a481426bad006c52e9cb99f21f2', 'sha256': '8bb91135fe1bb5c776c1ebabc3d71d1aaeb5f97cd42ddbcdd831512f9ca70d9c'}, 'dob': {'date': '1969-04-21T21:55:42.227Z', 'age': 54}, 'registered': {'date': '2006-02-23T11:33:46.068Z', 'age': 18}, 'phone': '28542641', 'cell': '26331008', 'id': {'name': 'CPR', 'value': '210469-4476'}, 'picture': {'large': 'https://randomuser.me/api/portraits/men/84.jpg', 'medium': 'https://randomuser.me/api/portraits/med/men/84.jpg', 'thumbnail': 'https://randomuser.me/api/portraits/thumb/men/84.jpg'}, 'nat': 'DK'}], 'info': {'seed': '1f0bf6e4f6a65c4f', 'results': 1, 'page': 1, 'version': '1.4'}}</msg>
<arg>${json_data}</arg>
<doc>Logs the given message with the given level.</doc>
<status status="PASS" start="2024-04-19T07:14:18.772738" elapsed="0.000244"/>
</kw>
<kw name="Should Be Equal As Numbers" owner="BuiltIn">
<arg>${json_data['results'][0]['location']['postcode']}</arg>
<arg>${json_data['results'][0]['location']['postcode']}</arg>
<doc>Fails if objects are unequal after converting them to real numbers.</doc>
<status status="PASS" start="2024-04-19T07:14:18.773462" elapsed="0.000626"/>
</kw>
<kw name="Log" owner="BuiltIn">
<msg time="2024-04-19T07:14:18.774645" level="INFO">86039</msg>
<arg>${json_data['results'][0]['location']['postcode']}</arg>
<doc>Logs the given message with the given level.</doc>
<status status="PASS" start="2024-04-19T07:14:18.774283" elapsed="0.000404"/>
</kw>
<status status="PASS" start="2024-04-19T07:14:18.678719" elapsed="0.096223"/>
</kw>
<doc>Testa se os tipos de dados na resposta da API estão corretos.</doc>
<tag>testeTiposDados</tag>
<status status="PASS" start="2024-04-19T07:14:18.592474" elapsed="0.182636"/>
</test>
<test id="s1-s1-t5" name="Validar conteudo" line="35">
<kw name="Teste de Tipos de Conteudo" owner="random-user-service">
<kw name="GET On Session" owner="RequestsLibrary">
<msg time="2024-04-19T07:14:18.872198" level="INFO">GET Request : url=https://randomuser.me/api 
 path_url=/api 
 headers={'User-Agent': 'python-requests/2.31.0', 'Accept-Encoding': 'gzip, deflate', 'Accept': '*/*', 'Connection': 'keep-alive'} 
 body=None 
 </msg>
<msg time="2024-04-19T07:14:18.872277" level="INFO">GET Response : url=https://randomuser.me/api 
 status=200, reason=OK 
 headers={'Date': 'Fri, 19 Apr 2024 07:14:18 GMT', 'Content-Type': 'application/json; charset=utf-8', 'Transfer-Encoding': 'chunked', 'Connection': 'keep-alive', 'X-Powered-By': 'Express', 'Access-Control-Allow-Origin': '*', 'Cache-Control': 'no-cache', 'ETag': 'W/"47f-0xvoDfN9rNWpytrEa3ibsHgha74"', 'Vary': 'Accept-Encoding', 'Content-Encoding': 'gzip', 'CF-Cache-Status': 'DYNAMIC', 'Report-To': '{"endpoints":[{"url":"https:\\/\\/a.nel.cloudflare.com\\/report\\/v4?s=6zIRpvs9o4bvgSom1vBPu8F%2FK0XwHC6%2FMjytJHTnv%2Faej6QK1JKq3I8LX5nyo78zxV0plyIxVhCmYWqPseed1D0x%2FVllYxo74NU9ozzoUtEZKRP8Mdgg5SxGH5aaS8fD"}],"group":"cf-nel","max_age":604800}', 'NEL': '{"success_fraction":0,"report_to":"cf-nel","max_age":604800}', 'Server': 'cloudflare', 'CF-RAY': '876b18d36a8f9c8b-IAD', 'alt-svc': 'h3=":443"; ma=86400'} 
 body={"results":[{"gender":"female","name":{"title":"Mrs","first":"Violet","last":"Cole"},"location":{"street":{"number":5288,"name":"Stevens Creek Blvd"},"city":"Port Macquarie","state":"Tasmania","country":"Australia","postcode":9923,"coordinates":{"latitude":"-83.7517","longitude":"43.8875"},"timezone":{"offset":"+5:45","description":"Kathmandu"}},"email":"violet.cole@example.com","login":{"uuid":"f26b8caa-5b35-431c-be02-30a5a0e88427","username":"blackdog116","password":"911911","salt":"QntofW95","md5":"4aff99cc1769ed0e1d0b4be9739efa7b","sha1":"52eec4569df0d4363e081eac8821ba550461145e","sha256":"f8a9566157da717594914ddc3ac8ffd4191667212d463e920480a2bbd843de87"},"dob":{"date":"1982-01-08T15:30:26.758Z","age":42},"registered":{"date":"2008-11-04T09:03:21.126Z","age":15},"phone":"00-9552-1422","cell":"0495-783-167","id":{"name":"TFN","value":"822429233"},"picture":{"large":"https://randomuser.me/api/portraits/women/66.jpg","medium":"https://randomuser.me/api/portraits/med/women/66.jpg","thumbnail":"https://randomuser.me/api/portraits/thumb/women/66.jpg"},"nat":"AU"}],"info":{"seed":"4ca83f2349adfc8f","results":1,"page":1,"version":"1.4"}} 
 </msg>
<msg time="2024-04-19T07:14:18.872353" level="INFO">/opt/hostedtoolcache/Python/3.12.3/x64/lib/python3.12/site-packages/urllib3/connectionpool.py:1103: InsecureRequestWarning: Unverified HTTPS request is being made to host 'randomuser.me'. Adding certificate verification is strongly advised. See: https://urllib3.readthedocs.io/en/latest/advanced-usage.html#tls-warnings
  warnings.warn(</msg>
<msg time="2024-04-19T07:14:18.872491" level="INFO">${response} = &lt;Response [200]&gt;</msg>
<var>${response}</var>
<arg>consultarAPI</arg>
<arg>/api</arg>
<doc>Sends a GET request on a previously created HTTP Session.</doc>
<status status="PASS" start="2024-04-19T07:14:18.777686" elapsed="0.094852"/>
</kw>
<kw name="Set Variable" owner="BuiltIn">
<msg time="2024-04-19T07:14:18.873534" level="INFO">${json_data} = {'results': [{'gender': 'female', 'name': {'title': 'Mrs', 'first': 'Violet', 'last': 'Cole'}, 'location': {'street': {'number': 5288, 'name': 'Stevens Creek Blvd'}, 'city': 'Port Macquarie', 'state':...</msg>
<var>${json_data}</var>
<arg>${response.json()}</arg>
<doc>Returns the given values which can then be assigned to a variables.</doc>
<status status="PASS" start="2024-04-19T07:14:18.873005" elapsed="0.000557"/>
</kw>
<kw name="Set Variable" owner="BuiltIn">
<msg time="2024-04-19T07:14:18.874242" level="INFO">${name_title} = Mrs</msg>
<var>${name_title}</var>
<arg>${json_data["results"][0]["name"]["title"]}</arg>
<doc>Returns the given values which can then be assigned to a variables.</doc>
<status status="PASS" start="2024-04-19T07:14:18.873862" elapsed="0.000404"/>
</kw>
<kw name="Create List" owner="BuiltIn">
<msg time="2024-04-19T07:14:18.874704" level="INFO">${allowed_titles} = ['Mr', 'Ms', 'Miss', 'Mrs', 'Madame', 'Monsieur']</msg>
<var>${allowed_titles}</var>
<arg>Mr</arg>
<arg>Ms</arg>
<arg>Miss</arg>
<arg>Mrs</arg>
<arg>Madame</arg>
<arg>Monsieur</arg>
<doc>Returns a list containing given items.</doc>
<status status="PASS" start="2024-04-19T07:14:18.874558" elapsed="0.000170"/>
</kw>
<kw name="List Should Contain Value" owner="Collections">
<msg time="2024-04-19T07:14:18.875194" level="INFO">False</msg>
<arg>${allowed_titles}</arg>
<arg>${name_title}</arg>
<doc>Fails if the ``value`` is not found from ``list``.</doc>
<status status="PASS" start="2024-04-19T07:14:18.875024" elapsed="0.000205"/>
</kw>
<kw name="Set Variable" owner="BuiltIn">
<msg time="2024-04-19T07:14:18.875948" level="INFO">${name_country} = AU</msg>
<var>${name_country}</var>
<arg>${json_data["results"][0]["nat"]}</arg>
<doc>Returns the given values which can then be assigned to a variables.</doc>
<status status="PASS" start="2024-04-19T07:14:18.875522" elapsed="0.000452"/>
</kw>
<kw name="Create List" owner="BuiltIn">
<msg time="2024-04-19T07:14:18.876862" level="INFO">${list_country} = ['AD', 'AE', 'AF', 'AG', 'AI', 'AL', 'AM', 'AO', 'AQ', 'AR', 'AS', 'AT', 'AU', 'AW', 'AX', 'AZ', 'BA', 'BB', 'BD', 'BE', 'BF', 'BG', 'BH', 'BI', 'BJ', 'BL', 'BM', 'BN', 'BO', 'BQ', 'BR', 'BS', 'BT', '...</msg>
<var>${list_country}</var>
<arg>AD</arg>
<arg>AE</arg>
<arg>AF</arg>
<arg>AG</arg>
<arg>AI</arg>
<arg>AL</arg>
<arg>AM</arg>
<arg>AO</arg>
<arg>AQ</arg>
<arg>AR</arg>
<arg>AS</arg>
<arg>AT</arg>
<arg>AU</arg>
<arg>AW</arg>
<arg>AX</arg>
<arg>AZ</arg>
<arg>BA</arg>
<arg>BB</arg>
<arg>BD</arg>
<arg>BE</arg>
<arg>BF</arg>
<arg>BG</arg>
<arg>BH</arg>
<arg>BI</arg>
<arg>BJ</arg>
<arg>BL</arg>
<arg>BM</arg>
<arg>BN</arg>
<arg>BO</arg>
<arg>BQ</arg>
<arg>BR</arg>
<arg>BS</arg>
<arg>BT</arg>
<arg>BV</arg>
<arg>BW</arg>
<arg>BY</arg>
<arg>BZ</arg>
<arg>CA</arg>
<arg>CC</arg>
<arg>CD</arg>
<arg>CF</arg>
<arg>CG</arg>
<arg>CH</arg>
<arg>CI</arg>
<arg>CK</arg>
<arg>CL</arg>
<arg>CM</arg>
<arg>CN</arg>
<arg>CO</arg>
<arg>CR</arg>
<arg>CU</arg>
<arg>CV</arg>
<arg>CW</arg>
<arg>CX</arg>
<arg>CY</arg>
<arg>CZ</arg>
<arg>DE</arg>
<arg>DJ</arg>
<arg>DK</arg>
<arg>DM</arg>
<arg>DO</arg>
<arg>DZ</arg>
<arg>EC</arg>
<arg>EE</arg>
<arg>EG</arg>
<arg>EH</arg>
<arg>ER</arg>
<arg>ES</arg>
<arg>ET</arg>
<arg>FI</arg>
<arg>FJ</arg>
<arg>FK</arg>
<arg>FM</arg>
<arg>FO</arg>
<arg>FR</arg>
<arg>GA</arg>
<arg>GB</arg>
<arg>GD</arg>
<arg>GE</arg>
<arg>GF</arg>
<arg>GG</arg>
<arg>GH</arg>
<arg>GI</arg>
<arg>GL</arg>
<arg>GM</arg>
<arg>GN</arg>
<arg>GP</arg>
<arg>GQ</arg>
<arg>GR</arg>
<arg>GS</arg>
<arg>GT</arg>
<arg>GU</arg>
<arg>GW</arg>
<arg>GY</arg>
<arg>HK</arg>
<arg>HM</arg>
<arg>HN</arg>
<arg>HR</arg>
<arg>HT</arg>
<arg>HU</arg>
<arg>ID</arg>
<arg>IE</arg>
<arg>IL</arg>
<arg>IM</arg>
<arg>IN</arg>
<arg>IO</arg>
<arg>IQ</arg>
<arg>IR</arg>
<arg>IS</arg>
<arg>IT</arg>
<arg>JE</arg>
<arg>JM</arg>
<arg>JO</arg>
<arg>JP</arg>
<arg>KE</arg>
<arg>KG</arg>
<arg>KH</arg>
<arg>KI</arg>
<arg>KM</arg>
<arg>KN</arg>
<arg>KP</arg>
<arg>KR</arg>
<arg>KW</arg>
<arg>KY</arg>
<arg>KZ</arg>
<arg>LA</arg>
<arg>LB</arg>
<arg>LC</arg>
<arg>LI</arg>
<arg>LK</arg>
<arg>LR</arg>
<arg>LS</arg>
<arg>LT</arg>
<arg>LU</arg>
<arg>LV</arg>
<arg>LY</arg>
<arg>MA</arg>
<arg>MC</arg>
<arg>MD</arg>
<arg>ME</arg>
<arg>MF</arg>
<arg>MG</arg>
<arg>MH</arg>
<arg>MK</arg>
<arg>ML</arg>
<arg>MM</arg>
<arg>MN</arg>
<arg>MO</arg>
<arg>MP</arg>
<arg>MQ</arg>
<arg>MR</arg>
<arg>MS</arg>
<arg>MT</arg>
<arg>MU</arg>
<arg>MV</arg>
<arg>MW</arg>
<arg>MX</arg>
<arg>MY</arg>
<arg>MZ</arg>
<arg>NA</arg>
<arg>NC</arg>
<arg>NE</arg>
<arg>NF</arg>
<arg>NG</arg>
<arg>NI</arg>
<arg>NL</arg>
<arg>NO</arg>
<arg>NP</arg>
<arg>NR</arg>
<arg>NU</arg>
<arg>NZ</arg>
<arg>OM</arg>
<arg>PA</arg>
<arg>PE</arg>
<arg>PF</arg>
<arg>PG</arg>
<arg>PH</arg>
<arg>PK</arg>
<arg>PL</arg>
<arg>PM</arg>
<arg>PN</arg>
<arg>PR</arg>
<arg>PS</arg>
<arg>PT</arg>
<arg>PW</arg>
<arg>PY</arg>
<arg>QA</arg>
<arg>RE</arg>
<arg>RO</arg>
<arg>RS</arg>
<arg>RU</arg>
<arg>RW</arg>
<arg>SA</arg>
<arg>SB</arg>
<arg>SC</arg>
<arg>SD</arg>
<arg>SE</arg>
<arg>SG</arg>
<arg>SH</arg>
<arg>SI</arg>
<arg>SJ</arg>
<arg>SK</arg>
<arg>SL</arg>
<arg>SM</arg>
<arg>SN</arg>
<arg>SO</arg>
<arg>SR</arg>
<arg>SS</arg>
<arg>ST</arg>
<arg>SV</arg>
<arg>SX</arg>
<arg>SY</arg>
<arg>SZ</arg>
<arg>TC</arg>
<arg>TD</arg>
<arg>TF</arg>
<arg>TG</arg>
<arg>TH</arg>
<arg>TJ</arg>
<arg>TK</arg>
<arg>TL</arg>
<arg>TM</arg>
<arg>TN</arg>
<arg>TO</arg>
<arg>TR</arg>
<arg>TT</arg>
<arg>TV</arg>
<arg>TW</arg>
<arg>TZ</arg>
<arg>UA</arg>
<arg>UG</arg>
<arg>UM</arg>
<arg>US</arg>
<arg>UY</arg>
<arg>UZ</arg>
<arg>VA</arg>
<arg>VC</arg>
<arg>VE</arg>
<arg>VG</arg>
<arg>VI</arg>
<arg>VN</arg>
<arg>VU</arg>
<arg>WF</arg>
<arg>WS</arg>
<arg>XK</arg>
<arg>YE</arg>
<arg>YT</arg>
<arg>ZA</arg>
<arg>ZM</arg>
<arg>ZW</arg>
<doc>Returns a list containing given items.</doc>
<status status="PASS" start="2024-04-19T07:14:18.876284" elapsed="0.000603"/>
</kw>
<kw name="List Should Contain Value" owner="Collections">
<msg time="2024-04-19T07:14:18.877883" level="INFO">False</msg>
<arg>${list_country}</arg>
<arg>${name_country}</arg>
<doc>Fails if the ``value`` is not found from ``list``.</doc>
<status status="PASS" start="2024-04-19T07:14:18.877689" elapsed="0.000230"/>
</kw>
<kw name="Run Keyword If" owner="BuiltIn">
<kw name="Should Be True" owner="BuiltIn">
<arg>${True}</arg>
<doc>Fails if the given condition is not true.</doc>
<status status="PASS" start="2024-04-19T07:14:18.878971" elapsed="0.000243"/>
</kw>
<arg>${json_data["results"][0]["location"]["coordinates"]["latitude"]} &gt;= -90 and ${json_data["results"][0]["location"]["coordinates"]["latitude"]} &lt;= 90</arg>
<arg>Should Be True</arg>
<arg>${True}</arg>
<doc>Runs the given keyword with the given arguments, if ``condition`` is true.</doc>
<status status="PASS" start="2024-04-19T07:14:18.878223" elapsed="0.001123"/>
</kw>
<kw name="Run Keyword If" owner="BuiltIn">
<kw name="Should Be True" owner="BuiltIn">
<arg>${True}</arg>
<doc>Fails if the given condition is not true.</doc>
<status status="PASS" start="2024-04-19T07:14:18.880280" elapsed="0.000141"/>
</kw>
<arg>${json_data["results"][0]["location"]["coordinates"]["longitude"]} &gt;= -180 and ${json_data["results"][0]["location"]["coordinates"]["longitude"]} &lt;= 180</arg>
<arg>Should Be True</arg>
<arg>${True}</arg>
<doc>Runs the given keyword with the given arguments, if ``condition`` is true.</doc>
<status status="PASS" start="2024-04-19T07:14:18.879532" elapsed="0.001014"/>
</kw>
<status status="PASS" start="2024-04-19T07:14:18.777459" elapsed="0.103213"/>
</kw>
<doc>Testa o conteúdo específico dos campos retornados pela API.</doc>
<tag>testeConteudo</tag>
<status status="PASS" start="2024-04-19T07:14:18.776927" elapsed="0.103899"/>
</test>
<status status="PASS" start="2024-04-19T07:14:18.091518" elapsed="0.791254"/>
</suite>
<status status="PASS" start="2024-04-19T07:14:18.078014" elapsed="0.809877"/>
</suite>
<statistics>
<total>
<stat pass="5" fail="0" skip="0">All Tests</stat>
</total>
<tag>
<stat pass="1" fail="0" skip="0">testeConteudo</stat>
<stat pass="1" fail="0" skip="0">testeEstruturaResposta</stat>
<stat pass="1" fail="0" skip="0">testeRequisicaoBasica</stat>
<stat pass="1" fail="0" skip="0">testeTiposDados</stat>
</tag>
<suite>
<stat pass="5" fail="0" skip="0" id="s1" name="Tests">Tests</stat>
<stat pass="5" fail="0" skip="0" id="s1-s1" name="Random-User-Test">Tests.Random-User-Test</stat>
</suite>
</statistics>
<errors>
</errors>
</robot>
