<?xml version="1.0" encoding="UTF-8"?>
<robot generator="Robot 7.0 (Python 3.12.3 on linux)" generated="2024-06-10T14:16:25.746737" rpa="false" schemaversion="5">
<suite id="s1" name="Tests" source="/home/runner/work/ApiRandomUser/ApiRandomUser/RamdonUser/tests">
<suite id="s1-s1" name="Random-User-Test" source="/home/runner/work/ApiRandomUser/ApiRandomUser/RamdonUser/tests/random-user-test.robot">
<test id="s1-s1-t1" name="Conectar" line="13">
<kw name="Conectar API" owner="random-user-service">
<kw name="Create Session" owner="RequestsLibrary">
<msg time="2024-06-10T14:16:26.177862" level="INFO">Creating Session using : alias=consultarAPI, url=https://randomuser.me/, headers={},                     cookies={}, auth=None, timeout=None, proxies=None, verify=False,                     debug=0 </msg>
<arg>consultarAPI</arg>
<arg>${URL}</arg>
<doc>Create Session: create a HTTP session to a server</doc>
<status status="PASS" start="2024-06-10T14:16:26.177656" elapsed="0.000386"/>
</kw>
<status status="PASS" start="2024-06-10T14:16:26.176595" elapsed="0.001811"/>
</kw>
<status status="PASS" start="2024-06-10T14:16:26.176056" elapsed="0.002584"/>
</test>
<test id="s1-s1-t2" name="Validar retorno 200 e JSON Válido" line="16">
<kw name="Teste de Requisicao Basica" owner="random-user-service">
<kw name="GET On Session" owner="RequestsLibrary">
<msg time="2024-06-10T14:16:26.251529" level="INFO">GET Request : url=https://randomuser.me/api 
 path_url=/api 
 headers={'User-Agent': 'python-requests/2.32.3', 'Accept-Encoding': 'gzip, deflate', 'Accept': '*/*', 'Connection': 'keep-alive'} 
 body=None 
 </msg>
<msg time="2024-06-10T14:16:26.251658" level="INFO">GET Response : url=https://randomuser.me/api 
 status=200, reason=OK 
 headers={'Date': 'Mon, 10 Jun 2024 14:16:26 GMT', 'Content-Type': 'application/json; charset=utf-8', 'Transfer-Encoding': 'chunked', 'Connection': 'keep-alive', 'X-Powered-By': 'Express', 'Access-Control-Allow-Origin': '*', 'Cache-Control': 'no-cache', 'ETag': 'W/"484-bIhY0yovlmujhJuUCTzyFDAq1qo"', 'Vary': 'Accept-Encoding', 'Content-Encoding': 'gzip', 'CF-Cache-Status': 'DYNAMIC', 'Report-To': '{"endpoints":[{"url":"https:\\/\\/a.nel.cloudflare.com\\/report\\/v4?s=XBydAnPPszzBMBI9SKdSJ0IFclRHq2uSyznMlcz4p8YaUKlLMcYMUIfXXaAiSHmPU1aImLgpCoHtbwO7sK6w7IjYpDzCTI%2BGcKNhrgWGQp%2FFI%2FEVBM35AjEgR0DooOvq"}],"group":"cf-nel","max_age":604800}', 'NEL': '{"success_fraction":0,"report_to":"cf-nel","max_age":604800}', 'Server': 'cloudflare', 'CF-RAY': '8919faabe8486fcd-IAD', 'alt-svc': 'h3=":443"; ma=86400'} 
 body={"results":[{"gender":"male","name":{"title":"Mr","first":"Zachary","last":"Harris"},"location":{"street":{"number":7687,"name":"St. Lawrence Ave"},"city":"Cumberland","state":"Ontario","country":"Canada","postcode":"M6D 3K0","coordinates":{"latitude":"-67.6031","longitude":"-89.2334"},"timezone":{"offset":"-11:00","description":"Midway Island, Samoa"}},"email":"zachary.harris@example.com","login":{"uuid":"f60cd3a3-575e-49fc-8830-b379dfdd51c3","username":"bluebird763","password":"kitkat","salt":"uDv6L0YI","md5":"8857cc53ebda35f0dbe678e3268767b2","sha1":"23dc02a84105244bc4aaeb94cbfa0cdd5ce9bc07","sha256":"65b6c9c61e3d8538f616829954b186d86ed7ef7b988487bda975590cd5492f95"},"dob":{"date":"1955-11-22T19:01:44.214Z","age":68},"registered":{"date":"2011-07-14T12:09:45.810Z","age":12},"phone":"V98 V31-7270","cell":"Q93 J91-0351","id":{"name":"SIN","value":"706622925"},"picture":{"large":"https://randomuser.me/api/portraits/men/61.jpg","medium":"https://randomuser.me/api/portraits/med/men/61.jpg","thumbnail":"https://randomuser.me/api/portraits/thumb/men/61.jpg"},"nat":"CA"}],"info":{"seed":"4f220762e02a0fbc","results":1,"page":1,"version":"1.4"}} 
 </msg>
<msg time="2024-06-10T14:16:26.251733" level="INFO">/opt/hostedtoolcache/Python/3.12.3/x64/lib/python3.12/site-packages/urllib3/connectionpool.py:1103: InsecureRequestWarning: Unverified HTTPS request is being made to host 'randomuser.me'. Adding certificate verification is strongly advised. See: https://urllib3.readthedocs.io/en/latest/advanced-usage.html#tls-warnings
  warnings.warn(</msg>
<msg time="2024-06-10T14:16:26.251870" level="INFO">${response} = &lt;Response [200]&gt;</msg>
<var>${response}</var>
<arg>consultarAPI</arg>
<arg>/api</arg>
<doc>Sends a GET request on a previously created HTTP Session.</doc>
<status status="PASS" start="2024-06-10T14:16:26.181302" elapsed="0.070608"/>
</kw>
<kw name="Should Be Equal As Numbers" owner="BuiltIn">
<msg time="2024-06-10T14:16:26.252947" level="INFO">Argument types are:
&lt;class 'int'&gt;
&lt;class 'str'&gt;</msg>
<arg>${response.status_code}</arg>
<arg>200</arg>
<doc>Fails if objects are unequal after converting them to real numbers.</doc>
<status status="PASS" start="2024-06-10T14:16:26.252471" elapsed="0.000543"/>
</kw>
<kw name="Log" owner="BuiltIn">
<msg time="2024-06-10T14:16:26.253683" level="INFO">200</msg>
<arg>${response.status_code}</arg>
<doc>Logs the given message with the given level.</doc>
<status status="PASS" start="2024-06-10T14:16:26.253339" elapsed="0.000392"/>
</kw>
<kw name="Set Variable" owner="BuiltIn">
<msg time="2024-06-10T14:16:26.254499" level="INFO">${json_data} = {'results': [{'gender': 'male', 'name': {'title': 'Mr', 'first': 'Zachary', 'last': 'Harris'}, 'location': {'street': {'number': 7687, 'name': 'St. Lawrence Ave'}, 'city': 'Cumberland', 'state': 'Onta...</msg>
<var>${json_data}</var>
<arg>${response.json()}</arg>
<doc>Returns the given values which can then be assigned to a variables.</doc>
<status status="PASS" start="2024-06-10T14:16:26.254035" elapsed="0.000497"/>
</kw>
<kw name="Dictionary Should Contain Key" owner="Collections">
<msg time="2024-06-10T14:16:26.255012" level="INFO">False</msg>
<arg>${json_data}</arg>
<arg>results</arg>
<doc>Fails if ``key`` is not found from ``dictionary``.</doc>
<status status="PASS" start="2024-06-10T14:16:26.254841" elapsed="0.000366"/>
</kw>
<status status="PASS" start="2024-06-10T14:16:26.181060" elapsed="0.074418"/>
</kw>
<doc>Testa se a API responde corretamente e retorna um objeto JSON válido.</doc>
<tag>testeRequisicaoBasica</tag>
<status status="PASS" start="2024-06-10T14:16:26.180510" elapsed="0.075148"/>
</test>
<test id="s1-s1-t3" name="Validar estrutura de resposta" line="22">
<kw name="Teste de Estrutura de Resposta" owner="random-user-service">
<kw name="GET On Session" owner="RequestsLibrary">
<msg time="2024-06-10T14:16:26.364673" level="INFO">GET Request : url=https://randomuser.me/api 
 path_url=/api 
 headers={'User-Agent': 'python-requests/2.32.3', 'Accept-Encoding': 'gzip, deflate', 'Accept': '*/*', 'Connection': 'keep-alive'} 
 body=None 
 </msg>
<msg time="2024-06-10T14:16:26.364761" level="INFO">GET Response : url=https://randomuser.me/api 
 status=200, reason=OK 
 headers={'Date': 'Mon, 10 Jun 2024 14:16:26 GMT', 'Content-Type': 'application/json; charset=utf-8', 'Transfer-Encoding': 'chunked', 'Connection': 'keep-alive', 'X-Powered-By': 'Express', 'Access-Control-Allow-Origin': '*', 'Cache-Control': 'no-cache', 'ETag': 'W/"49b-WjMQHlZ1JX0fHlP7Vw6AXRwQhdI"', 'Vary': 'Accept-Encoding', 'Content-Encoding': 'gzip', 'CF-Cache-Status': 'DYNAMIC', 'Report-To': '{"endpoints":[{"url":"https:\\/\\/a.nel.cloudflare.com\\/report\\/v4?s=1x2NjcAAgCFXX4Ts5QmtEfuoewYgLkMXp7Ev2ps2pNjOwoszHPwk42IstGxOKKFx462KfkQlcyaI59Pacv4ietWjO%2Fv4N3Np18yN5lgdqu0sADJyNofVT2NOvwTXoyVK"}],"group":"cf-nel","max_age":604800}', 'NEL': '{"success_fraction":0,"report_to":"cf-nel","max_age":604800}', 'Server': 'cloudflare', 'CF-RAY': '8919faac28926fcd-IAD', 'alt-svc': 'h3=":443"; ma=86400'} 
 body={"results":[{"gender":"female","name":{"title":"Ms","first":"Sofija","last":"Srejović"},"location":{"street":{"number":2651,"name":"Nikole Stankovića"},"city":"Surdulica","state":"Jablanica","country":"Serbia","postcode":78977,"coordinates":{"latitude":"61.5591","longitude":"40.0560"},"timezone":{"offset":"+8:00","description":"Beijing, Perth, Singapore, Hong Kong"}},"email":"sofija.srejovic@example.com","login":{"uuid":"cbcd49d1-ca5b-45de-92d5-3428a92bba15","username":"greenduck331","password":"style","salt":"NwUt16Zl","md5":"665ce178cfb72cc9694c6bda27235950","sha1":"34a4df82f6fe7359a52ba589e8332694165dbe3a","sha256":"a88ea10e5fa76930f96f1708054c242e1f211a3237c85624eccf7d9d4bba6ddb"},"dob":{"date":"1954-09-14T23:10:48.132Z","age":69},"registered":{"date":"2012-07-22T21:27:45.912Z","age":11},"phone":"021-7760-397","cell":"064-8040-562","id":{"name":"SID","value":"207637281"},"picture":{"large":"https://randomuser.me/api/portraits/women/65.jpg","medium":"https://randomuser.me/api/portraits/med/women/65.jpg","thumbnail":"https://randomuser.me/api/portraits/thumb/women/65.jpg"},"nat":"RS"}],"info":{"seed":"fde22dce4effa811","results":1,"page":1,"version":"1.4"}} 
 </msg>
<msg time="2024-06-10T14:16:26.364880" level="INFO">/opt/hostedtoolcache/Python/3.12.3/x64/lib/python3.12/site-packages/urllib3/connectionpool.py:1103: InsecureRequestWarning: Unverified HTTPS request is being made to host 'randomuser.me'. Adding certificate verification is strongly advised. See: https://urllib3.readthedocs.io/en/latest/advanced-usage.html#tls-warnings
  warnings.warn(</msg>
<msg time="2024-06-10T14:16:26.365002" level="INFO">${response} = &lt;Response [200]&gt;</msg>
<var>${response}</var>
<arg>consultarAPI</arg>
<arg>/api</arg>
<doc>Sends a GET request on a previously created HTTP Session.</doc>
<status status="PASS" start="2024-06-10T14:16:26.258301" elapsed="0.106742"/>
</kw>
<kw name="Set Variable" owner="BuiltIn">
<msg time="2024-06-10T14:16:26.366225" level="INFO">${json_data} = {'results': [{'gender': 'female', 'name': {'title': 'Ms', 'first': 'Sofija', 'last': 'Srejović'}, 'location': {'street': {'number': 2651, 'name': 'Nikole Stankovića'}, 'city': 'Surdulica', 'state': 'J...</msg>
<var>${json_data}</var>
<arg>${response.json()}</arg>
<doc>Returns the given values which can then be assigned to a variables.</doc>
<status status="PASS" start="2024-06-10T14:16:26.365692" elapsed="0.000565"/>
</kw>
<kw name="Log" owner="BuiltIn">
<msg time="2024-06-10T14:16:26.366763" level="INFO">{'results': [{'gender': 'female', 'name': {'title': 'Ms', 'first': 'Sofija', 'last': 'Srejović'}, 'location': {'street': {'number': 2651, 'name': 'Nikole Stankovića'}, 'city': 'Surdulica', 'state': 'Jablanica', 'country': 'Serbia', 'postcode': 78977, 'coordinates': {'latitude': '61.5591', 'longitude': '40.0560'}, 'timezone': {'offset': '+8:00', 'description': 'Beijing, Perth, Singapore, Hong Kong'}}, 'email': 'sofija.srejovic@example.com', 'login': {'uuid': 'cbcd49d1-ca5b-45de-92d5-3428a92bba15', 'username': 'greenduck331', 'password': 'style', 'salt': 'NwUt16Zl', 'md5': '665ce178cfb72cc9694c6bda27235950', 'sha1': '34a4df82f6fe7359a52ba589e8332694165dbe3a', 'sha256': 'a88ea10e5fa76930f96f1708054c242e1f211a3237c85624eccf7d9d4bba6ddb'}, 'dob': {'date': '1954-09-14T23:10:48.132Z', 'age': 69}, 'registered': {'date': '2012-07-22T21:27:45.912Z', 'age': 11}, 'phone': '021-7760-397', 'cell': '064-8040-562', 'id': {'name': 'SID', 'value': '207637281'}, 'picture': {'large': 'https://randomuser.me/api/portraits/women/65.jpg', 'medium': 'https://randomuser.me/api/portraits/med/women/65.jpg', 'thumbnail': 'https://randomuser.me/api/portraits/thumb/women/65.jpg'}, 'nat': 'RS'}], 'info': {'seed': 'fde22dce4effa811', 'results': 1, 'page': 1, 'version': '1.4'}}</msg>
<arg>${json_data}</arg>
<doc>Logs the given message with the given level.</doc>
<status status="PASS" start="2024-06-10T14:16:26.366599" elapsed="0.000214"/>
</kw>
<kw name="Dictionary Should Contain Key" owner="Collections">
<msg time="2024-06-10T14:16:26.367267" level="INFO">False</msg>
<arg>${json_data}</arg>
<arg>results</arg>
<doc>Fails if ``key`` is not found from ``dictionary``.</doc>
<status status="PASS" start="2024-06-10T14:16:26.367107" elapsed="0.000196"/>
</kw>
<kw name="Should Not Be Empty" owner="BuiltIn">
<msg time="2024-06-10T14:16:26.367722" level="INFO">Length is 2.</msg>
<arg>${json_data}</arg>
<doc>Verifies that the given item is not empty.</doc>
<status status="PASS" start="2024-06-10T14:16:26.367593" elapsed="0.000167"/>
</kw>
<kw name="Create List" owner="BuiltIn">
<msg time="2024-06-10T14:16:26.368192" level="INFO">${expected_keys} = ['gender', 'name', 'location', 'email', 'login']</msg>
<var>${expected_keys}</var>
<arg>gender</arg>
<arg>name</arg>
<arg>location</arg>
<arg>email</arg>
<arg>login</arg>
<doc>Returns a list containing given items.</doc>
<status status="PASS" start="2024-06-10T14:16:26.368048" elapsed="0.000167"/>
</kw>
<for flavor="IN">
<iter>
<kw name="Dictionary Should Contain Key" owner="Collections">
<msg time="2024-06-10T14:16:26.369181" level="INFO">False</msg>
<arg>${json_data['results'][0]}</arg>
<arg>${key}</arg>
<doc>Fails if ``key`` is not found from ``dictionary``.</doc>
<status status="PASS" start="2024-06-10T14:16:26.368785" elapsed="0.000444"/>
</kw>
<kw name="Log" owner="BuiltIn">
<msg time="2024-06-10T14:16:26.369893" level="INFO">{'gender': 'female', 'name': {'title': 'Ms', 'first': 'Sofija', 'last': 'Srejović'}, 'location': {'street': {'number': 2651, 'name': 'Nikole Stankovića'}, 'city': 'Surdulica', 'state': 'Jablanica', 'country': 'Serbia', 'postcode': 78977, 'coordinates': {'latitude': '61.5591', 'longitude': '40.0560'}, 'timezone': {'offset': '+8:00', 'description': 'Beijing, Perth, Singapore, Hong Kong'}}, 'email': 'sofija.srejovic@example.com', 'login': {'uuid': 'cbcd49d1-ca5b-45de-92d5-3428a92bba15', 'username': 'greenduck331', 'password': 'style', 'salt': 'NwUt16Zl', 'md5': '665ce178cfb72cc9694c6bda27235950', 'sha1': '34a4df82f6fe7359a52ba589e8332694165dbe3a', 'sha256': 'a88ea10e5fa76930f96f1708054c242e1f211a3237c85624eccf7d9d4bba6ddb'}, 'dob': {'date': '1954-09-14T23:10:48.132Z', 'age': 69}, 'registered': {'date': '2012-07-22T21:27:45.912Z', 'age': 11}, 'phone': '021-7760-397', 'cell': '064-8040-562', 'id': {'name': 'SID', 'value': '207637281'}, 'picture': {'large': 'https://randomuser.me/api/portraits/women/65.jpg', 'medium': 'https://randomuser.me/api/portraits/med/women/65.jpg', 'thumbnail': 'https://randomuser.me/api/portraits/thumb/women/65.jpg'}, 'nat': 'RS'}</msg>
<arg>${json_data['results'][0]}</arg>
<doc>Logs the given message with the given level.</doc>
<status status="PASS" start="2024-06-10T14:16:26.369526" elapsed="0.000418"/>
</kw>
<kw name="Log" owner="BuiltIn">
<msg time="2024-06-10T14:16:26.370368" level="INFO">gender</msg>
<arg>${key}</arg>
<doc>Logs the given message with the given level.</doc>
<status status="PASS" start="2024-06-10T14:16:26.370240" elapsed="0.000165"/>
</kw>
<var name="${key}">gender</var>
<status status="PASS" start="2024-06-10T14:16:26.368661" elapsed="0.002003"/>
</iter>
<iter>
<kw name="Dictionary Should Contain Key" owner="Collections">
<msg time="2024-06-10T14:16:26.371349" level="INFO">False</msg>
<arg>${json_data['results'][0]}</arg>
<arg>${key}</arg>
<doc>Fails if ``key`` is not found from ``dictionary``.</doc>
<status status="PASS" start="2024-06-10T14:16:26.370968" elapsed="0.000418"/>
</kw>
<kw name="Log" owner="BuiltIn">
<msg time="2024-06-10T14:16:26.372060" level="INFO">{'gender': 'female', 'name': {'title': 'Ms', 'first': 'Sofija', 'last': 'Srejović'}, 'location': {'street': {'number': 2651, 'name': 'Nikole Stankovića'}, 'city': 'Surdulica', 'state': 'Jablanica', 'country': 'Serbia', 'postcode': 78977, 'coordinates': {'latitude': '61.5591', 'longitude': '40.0560'}, 'timezone': {'offset': '+8:00', 'description': 'Beijing, Perth, Singapore, Hong Kong'}}, 'email': 'sofija.srejovic@example.com', 'login': {'uuid': 'cbcd49d1-ca5b-45de-92d5-3428a92bba15', 'username': 'greenduck331', 'password': 'style', 'salt': 'NwUt16Zl', 'md5': '665ce178cfb72cc9694c6bda27235950', 'sha1': '34a4df82f6fe7359a52ba589e8332694165dbe3a', 'sha256': 'a88ea10e5fa76930f96f1708054c242e1f211a3237c85624eccf7d9d4bba6ddb'}, 'dob': {'date': '1954-09-14T23:10:48.132Z', 'age': 69}, 'registered': {'date': '2012-07-22T21:27:45.912Z', 'age': 11}, 'phone': '021-7760-397', 'cell': '064-8040-562', 'id': {'name': 'SID', 'value': '207637281'}, 'picture': {'large': 'https://randomuser.me/api/portraits/women/65.jpg', 'medium': 'https://randomuser.me/api/portraits/med/women/65.jpg', 'thumbnail': 'https://randomuser.me/api/portraits/thumb/women/65.jpg'}, 'nat': 'RS'}</msg>
<arg>${json_data['results'][0]}</arg>
<doc>Logs the given message with the given level.</doc>
<status status="PASS" start="2024-06-10T14:16:26.371701" elapsed="0.000410"/>
</kw>
<kw name="Log" owner="BuiltIn">
<msg time="2024-06-10T14:16:26.372531" level="INFO">name</msg>
<arg>${key}</arg>
<doc>Logs the given message with the given level.</doc>
<status status="PASS" start="2024-06-10T14:16:26.372405" elapsed="0.000163"/>
</kw>
<var name="${key}">name</var>
<status status="PASS" start="2024-06-10T14:16:26.370853" elapsed="0.001933"/>
</iter>
<iter>
<kw name="Dictionary Should Contain Key" owner="Collections">
<msg time="2024-06-10T14:16:26.373443" level="INFO">False</msg>
<arg>${json_data['results'][0]}</arg>
<arg>${key}</arg>
<doc>Fails if ``key`` is not found from ``dictionary``.</doc>
<status status="PASS" start="2024-06-10T14:16:26.373073" elapsed="0.000407"/>
</kw>
<kw name="Log" owner="BuiltIn">
<msg time="2024-06-10T14:16:26.374139" level="INFO">{'gender': 'female', 'name': {'title': 'Ms', 'first': 'Sofija', 'last': 'Srejović'}, 'location': {'street': {'number': 2651, 'name': 'Nikole Stankovića'}, 'city': 'Surdulica', 'state': 'Jablanica', 'country': 'Serbia', 'postcode': 78977, 'coordinates': {'latitude': '61.5591', 'longitude': '40.0560'}, 'timezone': {'offset': '+8:00', 'description': 'Beijing, Perth, Singapore, Hong Kong'}}, 'email': 'sofija.srejovic@example.com', 'login': {'uuid': 'cbcd49d1-ca5b-45de-92d5-3428a92bba15', 'username': 'greenduck331', 'password': 'style', 'salt': 'NwUt16Zl', 'md5': '665ce178cfb72cc9694c6bda27235950', 'sha1': '34a4df82f6fe7359a52ba589e8332694165dbe3a', 'sha256': 'a88ea10e5fa76930f96f1708054c242e1f211a3237c85624eccf7d9d4bba6ddb'}, 'dob': {'date': '1954-09-14T23:10:48.132Z', 'age': 69}, 'registered': {'date': '2012-07-22T21:27:45.912Z', 'age': 11}, 'phone': '021-7760-397', 'cell': '064-8040-562', 'id': {'name': 'SID', 'value': '207637281'}, 'picture': {'large': 'https://randomuser.me/api/portraits/women/65.jpg', 'medium': 'https://randomuser.me/api/portraits/med/women/65.jpg', 'thumbnail': 'https://randomuser.me/api/portraits/thumb/women/65.jpg'}, 'nat': 'RS'}</msg>
<arg>${json_data['results'][0]}</arg>
<doc>Logs the given message with the given level.</doc>
<status status="PASS" start="2024-06-10T14:16:26.373776" elapsed="0.000415"/>
</kw>
<kw name="Log" owner="BuiltIn">
<msg time="2024-06-10T14:16:26.374646" level="INFO">location</msg>
<arg>${key}</arg>
<doc>Logs the given message with the given level.</doc>
<status status="PASS" start="2024-06-10T14:16:26.374515" elapsed="0.000168"/>
</kw>
<var name="${key}">location</var>
<status status="PASS" start="2024-06-10T14:16:26.372963" elapsed="0.001936"/>
</iter>
<iter>
<kw name="Dictionary Should Contain Key" owner="Collections">
<msg time="2024-06-10T14:16:26.375665" level="INFO">False</msg>
<arg>${json_data['results'][0]}</arg>
<arg>${key}</arg>
<doc>Fails if ``key`` is not found from ``dictionary``.</doc>
<status status="PASS" start="2024-06-10T14:16:26.375178" elapsed="0.000526"/>
</kw>
<kw name="Log" owner="BuiltIn">
<msg time="2024-06-10T14:16:26.376361" level="INFO">{'gender': 'female', 'name': {'title': 'Ms', 'first': 'Sofija', 'last': 'Srejović'}, 'location': {'street': {'number': 2651, 'name': 'Nikole Stankovića'}, 'city': 'Surdulica', 'state': 'Jablanica', 'country': 'Serbia', 'postcode': 78977, 'coordinates': {'latitude': '61.5591', 'longitude': '40.0560'}, 'timezone': {'offset': '+8:00', 'description': 'Beijing, Perth, Singapore, Hong Kong'}}, 'email': 'sofija.srejovic@example.com', 'login': {'uuid': 'cbcd49d1-ca5b-45de-92d5-3428a92bba15', 'username': 'greenduck331', 'password': 'style', 'salt': 'NwUt16Zl', 'md5': '665ce178cfb72cc9694c6bda27235950', 'sha1': '34a4df82f6fe7359a52ba589e8332694165dbe3a', 'sha256': 'a88ea10e5fa76930f96f1708054c242e1f211a3237c85624eccf7d9d4bba6ddb'}, 'dob': {'date': '1954-09-14T23:10:48.132Z', 'age': 69}, 'registered': {'date': '2012-07-22T21:27:45.912Z', 'age': 11}, 'phone': '021-7760-397', 'cell': '064-8040-562', 'id': {'name': 'SID', 'value': '207637281'}, 'picture': {'large': 'https://randomuser.me/api/portraits/women/65.jpg', 'medium': 'https://randomuser.me/api/portraits/med/women/65.jpg', 'thumbnail': 'https://randomuser.me/api/portraits/thumb/women/65.jpg'}, 'nat': 'RS'}</msg>
<arg>${json_data['results'][0]}</arg>
<doc>Logs the given message with the given level.</doc>
<status status="PASS" start="2024-06-10T14:16:26.376001" elapsed="0.000412"/>
</kw>
<kw name="Log" owner="BuiltIn">
<msg time="2024-06-10T14:16:26.376833" level="INFO">email</msg>
<arg>${key}</arg>
<doc>Logs the given message with the given level.</doc>
<status status="PASS" start="2024-06-10T14:16:26.376707" elapsed="0.000164"/>
</kw>
<var name="${key}">email</var>
<status status="PASS" start="2024-06-10T14:16:26.375070" elapsed="0.002015"/>
</iter>
<iter>
<kw name="Dictionary Should Contain Key" owner="Collections">
<msg time="2024-06-10T14:16:26.377747" level="INFO">False</msg>
<arg>${json_data['results'][0]}</arg>
<arg>${key}</arg>
<doc>Fails if ``key`` is not found from ``dictionary``.</doc>
<status status="PASS" start="2024-06-10T14:16:26.377368" elapsed="0.000416"/>
</kw>
<kw name="Log" owner="BuiltIn">
<msg time="2024-06-10T14:16:26.378431" level="INFO">{'gender': 'female', 'name': {'title': 'Ms', 'first': 'Sofija', 'last': 'Srejović'}, 'location': {'street': {'number': 2651, 'name': 'Nikole Stankovića'}, 'city': 'Surdulica', 'state': 'Jablanica', 'country': 'Serbia', 'postcode': 78977, 'coordinates': {'latitude': '61.5591', 'longitude': '40.0560'}, 'timezone': {'offset': '+8:00', 'description': 'Beijing, Perth, Singapore, Hong Kong'}}, 'email': 'sofija.srejovic@example.com', 'login': {'uuid': 'cbcd49d1-ca5b-45de-92d5-3428a92bba15', 'username': 'greenduck331', 'password': 'style', 'salt': 'NwUt16Zl', 'md5': '665ce178cfb72cc9694c6bda27235950', 'sha1': '34a4df82f6fe7359a52ba589e8332694165dbe3a', 'sha256': 'a88ea10e5fa76930f96f1708054c242e1f211a3237c85624eccf7d9d4bba6ddb'}, 'dob': {'date': '1954-09-14T23:10:48.132Z', 'age': 69}, 'registered': {'date': '2012-07-22T21:27:45.912Z', 'age': 11}, 'phone': '021-7760-397', 'cell': '064-8040-562', 'id': {'name': 'SID', 'value': '207637281'}, 'picture': {'large': 'https://randomuser.me/api/portraits/women/65.jpg', 'medium': 'https://randomuser.me/api/portraits/med/women/65.jpg', 'thumbnail': 'https://randomuser.me/api/portraits/thumb/women/65.jpg'}, 'nat': 'RS'}</msg>
<arg>${json_data['results'][0]}</arg>
<doc>Logs the given message with the given level.</doc>
<status status="PASS" start="2024-06-10T14:16:26.378074" elapsed="0.000442"/>
</kw>
<kw name="Log" owner="BuiltIn">
<msg time="2024-06-10T14:16:26.378944" level="INFO">login</msg>
<arg>${key}</arg>
<doc>Logs the given message with the given level.</doc>
<status status="PASS" start="2024-06-10T14:16:26.378815" elapsed="0.000166"/>
</kw>
<var name="${key}">login</var>
<status status="PASS" start="2024-06-10T14:16:26.377258" elapsed="0.001967"/>
</iter>
<var>${key}</var>
<value>@{expected_keys}</value>
<status status="PASS" start="2024-06-10T14:16:26.368471" elapsed="0.010877"/>
</for>
<kw name="Create List" owner="BuiltIn">
<msg time="2024-06-10T14:16:26.379677" level="INFO">${expected_keysTwo} = ['username', 'password']</msg>
<var>${expected_keysTwo}</var>
<arg>username</arg>
<arg>password</arg>
<doc>Returns a list containing given items.</doc>
<status status="PASS" start="2024-06-10T14:16:26.379542" elapsed="0.000158"/>
</kw>
<for flavor="IN">
<iter>
<kw name="Dictionary Should Contain Key" owner="Collections">
<msg time="2024-06-10T14:16:26.380570" level="INFO">False</msg>
<arg>${json_data['results'][0]['login']}</arg>
<arg>${keyTwo}</arg>
<doc>Fails if ``key`` is not found from ``dictionary``.</doc>
<status status="PASS" start="2024-06-10T14:16:26.380192" elapsed="0.000415"/>
</kw>
<kw name="Dictionary Should Contain Key" owner="Collections">
<msg time="2024-06-10T14:16:26.381275" level="INFO">False</msg>
<arg>${json_data['results'][0]['login']}</arg>
<arg>${keyTwo}</arg>
<doc>Fails if ``key`` is not found from ``dictionary``.</doc>
<status status="PASS" start="2024-06-10T14:16:26.380899" elapsed="0.000412"/>
</kw>
<kw name="Log" owner="BuiltIn">
<msg time="2024-06-10T14:16:26.381722" level="INFO">username</msg>
<arg>${keyTwo}</arg>
<doc>Logs the given message with the given level.</doc>
<status status="PASS" start="2024-06-10T14:16:26.381596" elapsed="0.000163"/>
</kw>
<var name="${keyTwo}">username</var>
<status status="PASS" start="2024-06-10T14:16:26.380083" elapsed="0.001895"/>
</iter>
<iter>
<kw name="Dictionary Should Contain Key" owner="Collections">
<msg time="2024-06-10T14:16:26.382674" level="INFO">False</msg>
<arg>${json_data['results'][0]['login']}</arg>
<arg>${keyTwo}</arg>
<doc>Fails if ``key`` is not found from ``dictionary``.</doc>
<status status="PASS" start="2024-06-10T14:16:26.382259" elapsed="0.000452"/>
</kw>
<kw name="Dictionary Should Contain Key" owner="Collections">
<msg time="2024-06-10T14:16:26.383384" level="INFO">False</msg>
<arg>${json_data['results'][0]['login']}</arg>
<arg>${keyTwo}</arg>
<doc>Fails if ``key`` is not found from ``dictionary``.</doc>
<status status="PASS" start="2024-06-10T14:16:26.383006" elapsed="0.000415"/>
</kw>
<kw name="Log" owner="BuiltIn">
<msg time="2024-06-10T14:16:26.383837" level="INFO">password</msg>
<arg>${keyTwo}</arg>
<doc>Logs the given message with the given level.</doc>
<status status="PASS" start="2024-06-10T14:16:26.383711" elapsed="0.000163"/>
</kw>
<var name="${keyTwo}">password</var>
<status status="PASS" start="2024-06-10T14:16:26.382149" elapsed="0.001938"/>
</iter>
<var>${keyTwo}</var>
<value>@{expected_keysTwo}</value>
<status status="PASS" start="2024-06-10T14:16:26.379933" elapsed="0.004274"/>
</for>
<status status="PASS" start="2024-06-10T14:16:26.258061" elapsed="0.126286"/>
</kw>
<doc>Testa a estrutura da resposta da API.</doc>
<tag>testeEstruturaResposta</tag>
<status status="PASS" start="2024-06-10T14:16:26.257470" elapsed="0.127032"/>
</test>
<test id="s1-s1-t4" name="Validar tipos de dados" line="28">
<kw name="Teste de Tipos de Dados" owner="random-user-service">
<kw name="GET On Session" owner="RequestsLibrary">
<msg time="2024-06-10T14:16:26.461872" level="INFO">GET Request : url=https://randomuser.me/api 
 path_url=/api 
 headers={'User-Agent': 'python-requests/2.32.3', 'Accept-Encoding': 'gzip, deflate', 'Accept': '*/*', 'Connection': 'keep-alive'} 
 body=None 
 </msg>
<msg time="2024-06-10T14:16:26.461959" level="INFO">GET Response : url=https://randomuser.me/api 
 status=200, reason=OK 
 headers={'Date': 'Mon, 10 Jun 2024 14:16:26 GMT', 'Content-Type': 'application/json; charset=utf-8', 'Transfer-Encoding': 'chunked', 'Connection': 'keep-alive', 'X-Powered-By': 'Express', 'Access-Control-Allow-Origin': '*', 'Cache-Control': 'no-cache', 'ETag': 'W/"49a-lACWlmgzmKLjyw+SBxd/Ru9/iwo"', 'Vary': 'Accept-Encoding', 'Content-Encoding': 'gzip', 'CF-Cache-Status': 'DYNAMIC', 'Report-To': '{"endpoints":[{"url":"https:\\/\\/a.nel.cloudflare.com\\/report\\/v4?s=LqQIkEnB%2F1ItauSju8h61HyjEx7%2FjJ4rZ%2BcuDnY5d87NwA3bLaYhJLM7omNdIUMezHBuLQgORSfvUztPS34kZYwi2yGDLyNSHHghARyIDNg7qXFSM%2FmsAsnofdQR4GrR"}],"group":"cf-nel","max_age":604800}', 'NEL': '{"success_fraction":0,"report_to":"cf-nel","max_age":604800}', 'Server': 'cloudflare', 'CF-RAY': '8919faacf9476fcd-IAD', 'alt-svc': 'h3=":443"; ma=86400'} 
 body={"results":[{"gender":"female","name":{"title":"Miss","first":"Nájela","last":"Cardoso"},"location":{"street":{"number":2507,"name":"Rua Quinze de Novembro "},"city":"Sinop","state":"São Paulo","country":"Brazil","postcode":10279,"coordinates":{"latitude":"-77.7975","longitude":"18.3664"},"timezone":{"offset":"-11:00","description":"Midway Island, Samoa"}},"email":"najela.cardoso@example.com","login":{"uuid":"b21049df-0064-440f-b24c-3a288870173e","username":"silverdog669","password":"dakota1","salt":"bzrqd8Sk","md5":"64b45ddfe1703da71424a9cb1714943e","sha1":"8f03f9bd470cb530eb3b3b7f985a9d0fc650bd61","sha256":"d6eabcbb7eb1586a21da8e614cf3531e954dc2aa39f153d87748e0b85cbf8030"},"dob":{"date":"1955-01-15T08:59:14.542Z","age":69},"registered":{"date":"2012-12-17T11:07:54.446Z","age":11},"phone":"(54) 0042-8594","cell":"(45) 1843-4107","id":{"name":"CPF","value":"612.465.987-24"},"picture":{"large":"https://randomuser.me/api/portraits/women/49.jpg","medium":"https://randomuser.me/api/portraits/med/women/49.jpg","thumbnail":"https://randomuser.me/api/portraits/thumb/women/49.jpg"},"nat":"BR"}],"info":{"seed":"11f5ac7f91df0ab7","results":1,"page":1,"version":"1.4"}} 
 </msg>
<msg time="2024-06-10T14:16:26.462044" level="INFO">/opt/hostedtoolcache/Python/3.12.3/x64/lib/python3.12/site-packages/urllib3/connectionpool.py:1103: InsecureRequestWarning: Unverified HTTPS request is being made to host 'randomuser.me'. Adding certificate verification is strongly advised. See: https://urllib3.readthedocs.io/en/latest/advanced-usage.html#tls-warnings
  warnings.warn(</msg>
<msg time="2024-06-10T14:16:26.462173" level="INFO">${response} = &lt;Response [200]&gt;</msg>
<var>${response}</var>
<arg>consultarAPI</arg>
<arg>/api</arg>
<doc>Sends a GET request on a previously created HTTP Session.</doc>
<status status="PASS" start="2024-06-10T14:16:26.387044" elapsed="0.075182"/>
</kw>
<kw name="Set Variable" owner="BuiltIn">
<msg time="2024-06-10T14:16:26.463378" level="INFO">${json_data} = {'results': [{'gender': 'female', 'name': {'title': 'Miss', 'first': 'Nájela', 'last': 'Cardoso'}, 'location': {'street': {'number': 2507, 'name': 'Rua Quinze de Novembro '}, 'city': 'Sinop', 'state':...</msg>
<var>${json_data}</var>
<arg>${response.json()}</arg>
<doc>Returns the given values which can then be assigned to a variables.</doc>
<status status="PASS" start="2024-06-10T14:16:26.462823" elapsed="0.000585"/>
</kw>
<kw name="Log" owner="BuiltIn">
<msg time="2024-06-10T14:16:26.463884" level="INFO">{'results': [{'gender': 'female', 'name': {'title': 'Miss', 'first': 'Nájela', 'last': 'Cardoso'}, 'location': {'street': {'number': 2507, 'name': 'Rua Quinze de Novembro '}, 'city': 'Sinop', 'state': 'São Paulo', 'country': 'Brazil', 'postcode': 10279, 'coordinates': {'latitude': '-77.7975', 'longitude': '18.3664'}, 'timezone': {'offset': '-11:00', 'description': 'Midway Island, Samoa'}}, 'email': 'najela.cardoso@example.com', 'login': {'uuid': 'b21049df-0064-440f-b24c-3a288870173e', 'username': 'silverdog669', 'password': 'dakota1', 'salt': 'bzrqd8Sk', 'md5': '64b45ddfe1703da71424a9cb1714943e', 'sha1': '8f03f9bd470cb530eb3b3b7f985a9d0fc650bd61', 'sha256': 'd6eabcbb7eb1586a21da8e614cf3531e954dc2aa39f153d87748e0b85cbf8030'}, 'dob': {'date': '1955-01-15T08:59:14.542Z', 'age': 69}, 'registered': {'date': '2012-12-17T11:07:54.446Z', 'age': 11}, 'phone': '(54) 0042-8594', 'cell': '(45) 1843-4107', 'id': {'name': 'CPF', 'value': '612.465.987-24'}, 'picture': {'large': 'https://randomuser.me/api/portraits/women/49.jpg', 'medium': 'https://randomuser.me/api/portraits/med/women/49.jpg', 'thumbnail': 'https://randomuser.me/api/portraits/thumb/women/49.jpg'}, 'nat': 'BR'}], 'info': {'seed': '11f5ac7f91df0ab7', 'results': 1, 'page': 1, 'version': '1.4'}}</msg>
<arg>${json_data}</arg>
<doc>Logs the given message with the given level.</doc>
<status status="PASS" start="2024-06-10T14:16:26.463722" elapsed="0.000244"/>
</kw>
<kw name="Should Be String" owner="String">
<arg>${json_data['results'][0]['gender']}</arg>
<doc>Fails if the given ``item`` is not a string.</doc>
<status status="PASS" start="2024-06-10T14:16:26.464271" elapsed="0.000366"/>
</kw>
<kw name="Should Match Regexp" owner="BuiltIn">
<arg>${json_data['results'][0]['email']}</arg>
<arg>^[a-zA-Z0-9._%+-]+@[a-zA-Z0-9.-]+\.[a-zA-Z]{2,}$</arg>
<doc>Fails if ``string`` does not match ``pattern`` as a regular expression.</doc>
<status status="PASS" start="2024-06-10T14:16:26.464831" elapsed="0.000638"/>
</kw>
<kw name="Should Match Regexp" owner="BuiltIn">
<arg>${json_data['results'][0]['dob']['date']}</arg>
<arg>\\d{4}-\\d{2}-\\d{2}T\\d{2}:\\d{2}:\\d{2}\\.\\d{3}Z</arg>
<doc>Fails if ``string`` does not match ``pattern`` as a regular expression.</doc>
<status status="PASS" start="2024-06-10T14:16:26.465666" elapsed="0.000488"/>
</kw>
<kw name="Should Match Regexp" owner="BuiltIn">
<arg>${json_data['results'][0]['registered']['date']}</arg>
<arg>\\d{4}-\\d{2}-\\d{2}T\\d{2}:\\d{2}:\\d{2}\\.\\d{3}Z</arg>
<doc>Fails if ``string`` does not match ``pattern`` as a regular expression.</doc>
<status status="PASS" start="2024-06-10T14:16:26.466348" elapsed="0.000414"/>
</kw>
<kw name="Should Match Regexp" owner="BuiltIn">
<arg>${json_data['results'][0]['picture']['large']}</arg>
<arg>^https?://.*\.(?:png|jpe?g|gif|bmp)$</arg>
<doc>Fails if ``string`` does not match ``pattern`` as a regular expression.</doc>
<status status="PASS" start="2024-06-10T14:16:26.466957" elapsed="0.000465"/>
</kw>
<kw name="Should Match Regexp" owner="BuiltIn">
<arg>${json_data['results'][0]['picture']['medium']}</arg>
<arg>^https?://.*\.(?:png|jpe?g|gif|bmp)$</arg>
<doc>Fails if ``string`` does not match ``pattern`` as a regular expression.</doc>
<status status="PASS" start="2024-06-10T14:16:26.467615" elapsed="0.000356"/>
</kw>
<kw name="Should Match Regexp" owner="BuiltIn">
<arg>${json_data['results'][0]['picture']['thumbnail']}</arg>
<arg>^https?://.*\.(?:png|jpe?g|gif|bmp)$</arg>
<doc>Fails if ``string`` does not match ``pattern`` as a regular expression.</doc>
<status status="PASS" start="2024-06-10T14:16:26.468158" elapsed="0.000349"/>
</kw>
<kw name="Log" owner="BuiltIn">
<msg time="2024-06-10T14:16:26.469014" level="INFO">{'large': 'https://randomuser.me/api/portraits/women/49.jpg', 'medium': 'https://randomuser.me/api/portraits/med/women/49.jpg', 'thumbnail': 'https://randomuser.me/api/portraits/thumb/women/49.jpg'}</msg>
<arg>${json_data['results'][0]['picture']}</arg>
<doc>Logs the given message with the given level.</doc>
<status status="PASS" start="2024-06-10T14:16:26.468690" elapsed="0.000367"/>
</kw>
<status status="PASS" start="2024-06-10T14:16:26.386814" elapsed="0.082499"/>
</kw>
<kw name="Teste de Tipos de Dados - Postcode" owner="random-user-service">
<kw name="GET On Session" owner="RequestsLibrary">
<msg time="2024-06-10T14:16:26.559182" level="INFO">GET Request : url=https://randomuser.me/api 
 path_url=/api 
 headers={'User-Agent': 'python-requests/2.32.3', 'Accept-Encoding': 'gzip, deflate', 'Accept': '*/*', 'Connection': 'keep-alive'} 
 body=None 
 </msg>
<msg time="2024-06-10T14:16:26.559269" level="INFO">GET Response : url=https://randomuser.me/api 
 status=200, reason=OK 
 headers={'Date': 'Mon, 10 Jun 2024 14:16:26 GMT', 'Content-Type': 'application/json; charset=utf-8', 'Transfer-Encoding': 'chunked', 'Connection': 'keep-alive', 'X-Powered-By': 'Express', 'Access-Control-Allow-Origin': '*', 'Cache-Control': 'no-cache', 'ETag': 'W/"476-Ejwp2Ck9cC1twbIDsIZJVCkuQtQ"', 'Vary': 'Accept-Encoding', 'Content-Encoding': 'gzip', 'CF-Cache-Status': 'DYNAMIC', 'Report-To': '{"endpoints":[{"url":"https:\\/\\/a.nel.cloudflare.com\\/report\\/v4?s=1y5PfTHKD0BOnPSSwR7PPgp9uxOBXTxHRCilfPs%2Fp3dqOJQ5OnpyS0HG9FTD0Zy3hEZ38C0O0IOWosJP4a%2B6GukB%2F%2FfmpgI2UNHZxP4Gbu2qmOEdisIXIXpOBF7BjQQA"}],"group":"cf-nel","max_age":604800}', 'NEL': '{"success_fraction":0,"report_to":"cf-nel","max_age":604800}', 'Server': 'cloudflare', 'CF-RAY': '8919faad79af6fcd-IAD', 'alt-svc': 'h3=":443"; ma=86400'} 
 body={"results":[{"gender":"male","name":{"title":"Mr","first":"Ivan","last":"Michalsen"},"location":{"street":{"number":8650,"name":"Stålfjæra"},"city":"Bismo","state":"Vest-Agder","country":"Norway","postcode":"9520","coordinates":{"latitude":"42.6451","longitude":"-82.7699"},"timezone":{"offset":"-7:00","description":"Mountain Time (US &amp; Canada)"}},"email":"ivan.michalsen@example.com","login":{"uuid":"682dd0ee-4e0e-4b97-b38d-3f807451c4f1","username":"lazysnake316","password":"byteme","salt":"p5b5TJB0","md5":"d6f2a23fd17a4b628e2b0c680864e04e","sha1":"e28eefde1f1c95c3db834f67f67fdcdc41eb4f9d","sha256":"11cf0aa69e10f6b277c462b3a159460f18c7da1b362e5203f289ae07f4a16cf9"},"dob":{"date":"1997-12-18T17:16:47.075Z","age":26},"registered":{"date":"2012-10-31T05:36:42.858Z","age":11},"phone":"52307291","cell":"43949542","id":{"name":"FN","value":"18129712399"},"picture":{"large":"https://randomuser.me/api/portraits/men/2.jpg","medium":"https://randomuser.me/api/portraits/med/men/2.jpg","thumbnail":"https://randomuser.me/api/portraits/thumb/men/2.jpg"},"nat":"NO"}],"info":{"seed":"8338206511ec0cb2","results":1,"page":1,"version":"1.4"}} 
 </msg>
<msg time="2024-06-10T14:16:26.559352" level="INFO">/opt/hostedtoolcache/Python/3.12.3/x64/lib/python3.12/site-packages/urllib3/connectionpool.py:1103: InsecureRequestWarning: Unverified HTTPS request is being made to host 'randomuser.me'. Adding certificate verification is strongly advised. See: https://urllib3.readthedocs.io/en/latest/advanced-usage.html#tls-warnings
  warnings.warn(</msg>
<msg time="2024-06-10T14:16:26.559484" level="INFO">${response} = &lt;Response [200]&gt;</msg>
<var>${response}</var>
<arg>consultarAPI</arg>
<arg>/api</arg>
<doc>Sends a GET request on a previously created HTTP Session.</doc>
<status status="PASS" start="2024-06-10T14:16:26.469747" elapsed="0.089791"/>
</kw>
<kw name="Set Variable" owner="BuiltIn">
<msg time="2024-06-10T14:16:26.560641" level="INFO">${json_data} = {'results': [{'gender': 'male', 'name': {'title': 'Mr', 'first': 'Ivan', 'last': 'Michalsen'}, 'location': {'street': {'number': 8650, 'name': 'Stålfjæra'}, 'city': 'Bismo', 'state': 'Vest-Agder', 'co...</msg>
<var>${json_data}</var>
<arg>${response.json()}</arg>
<doc>Returns the given values which can then be assigned to a variables.</doc>
<status status="PASS" start="2024-06-10T14:16:26.560084" elapsed="0.000588"/>
</kw>
<kw name="Log" owner="BuiltIn">
<msg time="2024-06-10T14:16:26.561135" level="INFO">{'results': [{'gender': 'male', 'name': {'title': 'Mr', 'first': 'Ivan', 'last': 'Michalsen'}, 'location': {'street': {'number': 8650, 'name': 'Stålfjæra'}, 'city': 'Bismo', 'state': 'Vest-Agder', 'country': 'Norway', 'postcode': '9520', 'coordinates': {'latitude': '42.6451', 'longitude': '-82.7699'}, 'timezone': {'offset': '-7:00', 'description': 'Mountain Time (US &amp; Canada)'}}, 'email': 'ivan.michalsen@example.com', 'login': {'uuid': '682dd0ee-4e0e-4b97-b38d-3f807451c4f1', 'username': 'lazysnake316', 'password': 'byteme', 'salt': 'p5b5TJB0', 'md5': 'd6f2a23fd17a4b628e2b0c680864e04e', 'sha1': 'e28eefde1f1c95c3db834f67f67fdcdc41eb4f9d', 'sha256': '11cf0aa69e10f6b277c462b3a159460f18c7da1b362e5203f289ae07f4a16cf9'}, 'dob': {'date': '1997-12-18T17:16:47.075Z', 'age': 26}, 'registered': {'date': '2012-10-31T05:36:42.858Z', 'age': 11}, 'phone': '52307291', 'cell': '43949542', 'id': {'name': 'FN', 'value': '18129712399'}, 'picture': {'large': 'https://randomuser.me/api/portraits/men/2.jpg', 'medium': 'https://randomuser.me/api/portraits/med/men/2.jpg', 'thumbnail': 'https://randomuser.me/api/portraits/thumb/men/2.jpg'}, 'nat': 'NO'}], 'info': {'seed': '8338206511ec0cb2', 'results': 1, 'page': 1, 'version': '1.4'}}</msg>
<arg>${json_data}</arg>
<doc>Logs the given message with the given level.</doc>
<status status="PASS" start="2024-06-10T14:16:26.560979" elapsed="0.000247"/>
</kw>
<kw name="Should Be Equal As Numbers" owner="BuiltIn">
<arg>${json_data['results'][0]['location']['postcode']}</arg>
<arg>${json_data['results'][0]['location']['postcode']}</arg>
<doc>Fails if objects are unequal after converting them to real numbers.</doc>
<status status="PASS" start="2024-06-10T14:16:26.561528" elapsed="0.000622"/>
</kw>
<kw name="Log" owner="BuiltIn">
<msg time="2024-06-10T14:16:26.562737" level="INFO">9520</msg>
<arg>${json_data['results'][0]['location']['postcode']}</arg>
<doc>Logs the given message with the given level.</doc>
<status status="PASS" start="2024-06-10T14:16:26.562347" elapsed="0.000431"/>
</kw>
<status status="PASS" start="2024-06-10T14:16:26.469524" elapsed="0.093507"/>
</kw>
<doc>Testa se os tipos de dados na resposta da API estão corretos.</doc>
<tag>testeTiposDados</tag>
<status status="PASS" start="2024-06-10T14:16:26.386251" elapsed="0.176938"/>
</test>
<test id="s1-s1-t5" name="Validar conteudo" line="35">
<kw name="Teste de Tipos de Conteudo" owner="random-user-service">
<kw name="GET On Session" owner="RequestsLibrary">
<msg time="2024-06-10T14:16:26.664167" level="INFO">GET Request : url=https://randomuser.me/api 
 path_url=/api 
 headers={'User-Agent': 'python-requests/2.32.3', 'Accept-Encoding': 'gzip, deflate', 'Accept': '*/*', 'Connection': 'keep-alive'} 
 body=None 
 </msg>
<msg time="2024-06-10T14:16:26.664242" level="INFO">GET Response : url=https://randomuser.me/api 
 status=200, reason=OK 
 headers={'Date': 'Mon, 10 Jun 2024 14:16:26 GMT', 'Content-Type': 'application/json; charset=utf-8', 'Transfer-Encoding': 'chunked', 'Connection': 'keep-alive', 'X-Powered-By': 'Express', 'Access-Control-Allow-Origin': '*', 'Cache-Control': 'no-cache', 'ETag': 'W/"48b-/iLz2WoAlIxcwd8tFJlGdJPM5tk"', 'Vary': 'Accept-Encoding', 'Content-Encoding': 'gzip', 'CF-Cache-Status': 'DYNAMIC', 'Report-To': '{"endpoints":[{"url":"https:\\/\\/a.nel.cloudflare.com\\/report\\/v4?s=YcRDVXytek1z3f4GzBANDHKf3eVIPKJnb1xpfMDzEETyqw6CKFDfesx9SG%2FSCoBqfwtyjavqf6M4uz%2BiHQKKm6fvk5lPw1heQu8KxaCQy5nAosY3kuqA0RB1KF5VZWFv"}],"group":"cf-nel","max_age":604800}', 'NEL': '{"success_fraction":0,"report_to":"cf-nel","max_age":604800}', 'Server': 'cloudflare', 'CF-RAY': '8919faae1a336fcd-IAD', 'alt-svc': 'h3=":443"; ma=86400'} 
 body={"results":[{"gender":"female","name":{"title":"Ms","first":"Lily","last":"Graves"},"location":{"street":{"number":637,"name":"Herbert Road"},"city":"Carrick-on-Suir","state":"South Dublin","country":"Ireland","postcode":44419,"coordinates":{"latitude":"-1.9054","longitude":"12.0529"},"timezone":{"offset":"-7:00","description":"Mountain Time (US &amp; Canada)"}},"email":"lily.graves@example.com","login":{"uuid":"a5c3142c-6524-46b4-828e-ed0d66c842c4","username":"tinytiger872","password":"lesley","salt":"ulpxTpbl","md5":"41c025496b0b0f4cda25e05fe2606b1d","sha1":"ce27bd04f507b3655db4e713833935fdbb0149ad","sha256":"3db401cee4eff21134217bd7b6f745513a368af33d5ee64f31173805307d3412"},"dob":{"date":"1946-02-16T16:34:42.488Z","age":78},"registered":{"date":"2019-04-25T01:35:31.950Z","age":5},"phone":"031-852-1727","cell":"081-610-2633","id":{"name":"PPS","value":"8233898T"},"picture":{"large":"https://randomuser.me/api/portraits/women/39.jpg","medium":"https://randomuser.me/api/portraits/med/women/39.jpg","thumbnail":"https://randomuser.me/api/portraits/thumb/women/39.jpg"},"nat":"IE"}],"info":{"seed":"2fdc79cfa5ef116d","results":1,"page":1,"version":"1.4"}} 
 </msg>
<msg time="2024-06-10T14:16:26.664303" level="INFO">/opt/hostedtoolcache/Python/3.12.3/x64/lib/python3.12/site-packages/urllib3/connectionpool.py:1103: InsecureRequestWarning: Unverified HTTPS request is being made to host 'randomuser.me'. Adding certificate verification is strongly advised. See: https://urllib3.readthedocs.io/en/latest/advanced-usage.html#tls-warnings
  warnings.warn(</msg>
<msg time="2024-06-10T14:16:26.664404" level="INFO">${response} = &lt;Response [200]&gt;</msg>
<var>${response}</var>
<arg>consultarAPI</arg>
<arg>/api</arg>
<doc>Sends a GET request on a previously created HTTP Session.</doc>
<status status="PASS" start="2024-06-10T14:16:26.565684" elapsed="0.098749"/>
</kw>
<kw name="Set Variable" owner="BuiltIn">
<msg time="2024-06-10T14:16:26.665392" level="INFO">${json_data} = {'results': [{'gender': 'female', 'name': {'title': 'Ms', 'first': 'Lily', 'last': 'Graves'}, 'location': {'street': {'number': 637, 'name': 'Herbert Road'}, 'city': 'Carrick-on-Suir', 'state': 'South...</msg>
<var>${json_data}</var>
<arg>${response.json()}</arg>
<doc>Returns the given values which can then be assigned to a variables.</doc>
<status status="PASS" start="2024-06-10T14:16:26.664930" elapsed="0.000490"/>
</kw>
<kw name="Set Variable" owner="BuiltIn">
<msg time="2024-06-10T14:16:26.666100" level="INFO">${name_title} = Ms</msg>
<var>${name_title}</var>
<arg>${json_data["results"][0]["name"]["title"]}</arg>
<doc>Returns the given values which can then be assigned to a variables.</doc>
<status status="PASS" start="2024-06-10T14:16:26.665720" elapsed="0.000406"/>
</kw>
<kw name="Create List" owner="BuiltIn">
<msg time="2024-06-10T14:16:26.666636" level="INFO">${allowed_titles} = ['Mr', 'Ms', 'Miss', 'Mrs', 'Madame', 'Monsieur']</msg>
<var>${allowed_titles}</var>
<arg>Mr</arg>
<arg>Ms</arg>
<arg>Miss</arg>
<arg>Mrs</arg>
<arg>Madame</arg>
<arg>Monsieur</arg>
<doc>Returns a list containing given items.</doc>
<status status="PASS" start="2024-06-10T14:16:26.666433" elapsed="0.000229"/>
</kw>
<kw name="List Should Contain Value" owner="Collections">
<msg time="2024-06-10T14:16:26.667142" level="INFO">False</msg>
<arg>${allowed_titles}</arg>
<arg>${name_title}</arg>
<doc>Fails if the ``value`` is not found from ``list``.</doc>
<status status="PASS" start="2024-06-10T14:16:26.666967" elapsed="0.000212"/>
</kw>
<kw name="Set Variable" owner="BuiltIn">
<msg time="2024-06-10T14:16:26.668010" level="INFO">${name_country} = IE</msg>
<var>${name_country}</var>
<arg>${json_data["results"][0]["nat"]}</arg>
<doc>Returns the given values which can then be assigned to a variables.</doc>
<status status="PASS" start="2024-06-10T14:16:26.667473" elapsed="0.000563"/>
</kw>
<kw name="Create List" owner="BuiltIn">
<msg time="2024-06-10T14:16:26.668938" level="INFO">${list_country} = ['AD', 'AE', 'AF', 'AG', 'AI', 'AL', 'AM', 'AO', 'AQ', 'AR', 'AS', 'AT', 'AU', 'AW', 'AX', 'AZ', 'BA', 'BB', 'BD', 'BE', 'BF', 'BG', 'BH', 'BI', 'BJ', 'BL', 'BM', 'BN', 'BO', 'BQ', 'BR', 'BS', 'BT', '...</msg>
<var>${list_country}</var>
<arg>AD</arg>
<arg>AE</arg>
<arg>AF</arg>
<arg>AG</arg>
<arg>AI</arg>
<arg>AL</arg>
<arg>AM</arg>
<arg>AO</arg>
<arg>AQ</arg>
<arg>AR</arg>
<arg>AS</arg>
<arg>AT</arg>
<arg>AU</arg>
<arg>AW</arg>
<arg>AX</arg>
<arg>AZ</arg>
<arg>BA</arg>
<arg>BB</arg>
<arg>BD</arg>
<arg>BE</arg>
<arg>BF</arg>
<arg>BG</arg>
<arg>BH</arg>
<arg>BI</arg>
<arg>BJ</arg>
<arg>BL</arg>
<arg>BM</arg>
<arg>BN</arg>
<arg>BO</arg>
<arg>BQ</arg>
<arg>BR</arg>
<arg>BS</arg>
<arg>BT</arg>
<arg>BV</arg>
<arg>BW</arg>
<arg>BY</arg>
<arg>BZ</arg>
<arg>CA</arg>
<arg>CC</arg>
<arg>CD</arg>
<arg>CF</arg>
<arg>CG</arg>
<arg>CH</arg>
<arg>CI</arg>
<arg>CK</arg>
<arg>CL</arg>
<arg>CM</arg>
<arg>CN</arg>
<arg>CO</arg>
<arg>CR</arg>
<arg>CU</arg>
<arg>CV</arg>
<arg>CW</arg>
<arg>CX</arg>
<arg>CY</arg>
<arg>CZ</arg>
<arg>DE</arg>
<arg>DJ</arg>
<arg>DK</arg>
<arg>DM</arg>
<arg>DO</arg>
<arg>DZ</arg>
<arg>EC</arg>
<arg>EE</arg>
<arg>EG</arg>
<arg>EH</arg>
<arg>ER</arg>
<arg>ES</arg>
<arg>ET</arg>
<arg>FI</arg>
<arg>FJ</arg>
<arg>FK</arg>
<arg>FM</arg>
<arg>FO</arg>
<arg>FR</arg>
<arg>GA</arg>
<arg>GB</arg>
<arg>GD</arg>
<arg>GE</arg>
<arg>GF</arg>
<arg>GG</arg>
<arg>GH</arg>
<arg>GI</arg>
<arg>GL</arg>
<arg>GM</arg>
<arg>GN</arg>
<arg>GP</arg>
<arg>GQ</arg>
<arg>GR</arg>
<arg>GS</arg>
<arg>GT</arg>
<arg>GU</arg>
<arg>GW</arg>
<arg>GY</arg>
<arg>HK</arg>
<arg>HM</arg>
<arg>HN</arg>
<arg>HR</arg>
<arg>HT</arg>
<arg>HU</arg>
<arg>ID</arg>
<arg>IE</arg>
<arg>IL</arg>
<arg>IM</arg>
<arg>IN</arg>
<arg>IO</arg>
<arg>IQ</arg>
<arg>IR</arg>
<arg>IS</arg>
<arg>IT</arg>
<arg>JE</arg>
<arg>JM</arg>
<arg>JO</arg>
<arg>JP</arg>
<arg>KE</arg>
<arg>KG</arg>
<arg>KH</arg>
<arg>KI</arg>
<arg>KM</arg>
<arg>KN</arg>
<arg>KP</arg>
<arg>KR</arg>
<arg>KW</arg>
<arg>KY</arg>
<arg>KZ</arg>
<arg>LA</arg>
<arg>LB</arg>
<arg>LC</arg>
<arg>LI</arg>
<arg>LK</arg>
<arg>LR</arg>
<arg>LS</arg>
<arg>LT</arg>
<arg>LU</arg>
<arg>LV</arg>
<arg>LY</arg>
<arg>MA</arg>
<arg>MC</arg>
<arg>MD</arg>
<arg>ME</arg>
<arg>MF</arg>
<arg>MG</arg>
<arg>MH</arg>
<arg>MK</arg>
<arg>ML</arg>
<arg>MM</arg>
<arg>MN</arg>
<arg>MO</arg>
<arg>MP</arg>
<arg>MQ</arg>
<arg>MR</arg>
<arg>MS</arg>
<arg>MT</arg>
<arg>MU</arg>
<arg>MV</arg>
<arg>MW</arg>
<arg>MX</arg>
<arg>MY</arg>
<arg>MZ</arg>
<arg>NA</arg>
<arg>NC</arg>
<arg>NE</arg>
<arg>NF</arg>
<arg>NG</arg>
<arg>NI</arg>
<arg>NL</arg>
<arg>NO</arg>
<arg>NP</arg>
<arg>NR</arg>
<arg>NU</arg>
<arg>NZ</arg>
<arg>OM</arg>
<arg>PA</arg>
<arg>PE</arg>
<arg>PF</arg>
<arg>PG</arg>
<arg>PH</arg>
<arg>PK</arg>
<arg>PL</arg>
<arg>PM</arg>
<arg>PN</arg>
<arg>PR</arg>
<arg>PS</arg>
<arg>PT</arg>
<arg>PW</arg>
<arg>PY</arg>
<arg>QA</arg>
<arg>RE</arg>
<arg>RO</arg>
<arg>RS</arg>
<arg>RU</arg>
<arg>RW</arg>
<arg>SA</arg>
<arg>SB</arg>
<arg>SC</arg>
<arg>SD</arg>
<arg>SE</arg>
<arg>SG</arg>
<arg>SH</arg>
<arg>SI</arg>
<arg>SJ</arg>
<arg>SK</arg>
<arg>SL</arg>
<arg>SM</arg>
<arg>SN</arg>
<arg>SO</arg>
<arg>SR</arg>
<arg>SS</arg>
<arg>ST</arg>
<arg>SV</arg>
<arg>SX</arg>
<arg>SY</arg>
<arg>SZ</arg>
<arg>TC</arg>
<arg>TD</arg>
<arg>TF</arg>
<arg>TG</arg>
<arg>TH</arg>
<arg>TJ</arg>
<arg>TK</arg>
<arg>TL</arg>
<arg>TM</arg>
<arg>TN</arg>
<arg>TO</arg>
<arg>TR</arg>
<arg>TT</arg>
<arg>TV</arg>
<arg>TW</arg>
<arg>TZ</arg>
<arg>UA</arg>
<arg>UG</arg>
<arg>UM</arg>
<arg>US</arg>
<arg>UY</arg>
<arg>UZ</arg>
<arg>VA</arg>
<arg>VC</arg>
<arg>VE</arg>
<arg>VG</arg>
<arg>VI</arg>
<arg>VN</arg>
<arg>VU</arg>
<arg>WF</arg>
<arg>WS</arg>
<arg>XK</arg>
<arg>YE</arg>
<arg>YT</arg>
<arg>ZA</arg>
<arg>ZM</arg>
<arg>ZW</arg>
<doc>Returns a list containing given items.</doc>
<status status="PASS" start="2024-06-10T14:16:26.668343" elapsed="0.000621"/>
</kw>
<kw name="List Should Contain Value" owner="Collections">
<msg time="2024-06-10T14:16:26.669941" level="INFO">False</msg>
<arg>${list_country}</arg>
<arg>${name_country}</arg>
<doc>Fails if the ``value`` is not found from ``list``.</doc>
<status status="PASS" start="2024-06-10T14:16:26.669743" elapsed="0.000234"/>
</kw>
<kw name="Run Keyword If" owner="BuiltIn">
<kw name="Should Be True" owner="BuiltIn">
<arg>${True}</arg>
<doc>Fails if the given condition is not true.</doc>
<status status="PASS" start="2024-06-10T14:16:26.671094" elapsed="0.000145"/>
</kw>
<arg>${json_data["results"][0]["location"]["coordinates"]["latitude"]} &gt;= -90 and ${json_data["results"][0]["location"]["coordinates"]["latitude"]} &lt;= 90</arg>
<arg>Should Be True</arg>
<arg>${True}</arg>
<doc>Runs the given keyword with the given arguments, if ``condition`` is true.</doc>
<status status="PASS" start="2024-06-10T14:16:26.670288" elapsed="0.001077"/>
</kw>
<kw name="Run Keyword If" owner="BuiltIn">
<kw name="Should Be True" owner="BuiltIn">
<arg>${True}</arg>
<doc>Fails if the given condition is not true.</doc>
<status status="PASS" start="2024-06-10T14:16:26.672243" elapsed="0.000136"/>
</kw>
<arg>${json_data["results"][0]["location"]["coordinates"]["longitude"]} &gt;= -180 and ${json_data["results"][0]["location"]["coordinates"]["longitude"]} &lt;= 180</arg>
<arg>Should Be True</arg>
<arg>${True}</arg>
<doc>Runs the given keyword with the given arguments, if ``condition`` is true.</doc>
<status status="PASS" start="2024-06-10T14:16:26.671552" elapsed="0.000952"/>
</kw>
<status status="PASS" start="2024-06-10T14:16:26.565450" elapsed="0.107184"/>
</kw>
<doc>Testa o conteúdo específico dos campos retornados pela API.</doc>
<tag>testeConteudo</tag>
<status status="PASS" start="2024-06-10T14:16:26.564903" elapsed="0.107879"/>
</test>
<status status="PASS" start="2024-06-10T14:16:25.804731" elapsed="0.870051"/>
</suite>
<status status="PASS" start="2024-06-10T14:16:25.791353" elapsed="0.888700"/>
</suite>
<statistics>
<total>
<stat pass="5" fail="0" skip="0">All Tests</stat>
</total>
<tag>
<stat pass="1" fail="0" skip="0">testeConteudo</stat>
<stat pass="1" fail="0" skip="0">testeEstruturaResposta</stat>
<stat pass="1" fail="0" skip="0">testeRequisicaoBasica</stat>
<stat pass="1" fail="0" skip="0">testeTiposDados</stat>
</tag>
<suite>
<stat pass="5" fail="0" skip="0" id="s1" name="Tests">Tests</stat>
<stat pass="5" fail="0" skip="0" id="s1-s1" name="Random-User-Test">Tests.Random-User-Test</stat>
</suite>
</statistics>
<errors>
</errors>
</robot>
