<?xml version="1.0" encoding="UTF-8"?>
<robot generator="Robot 7.0.1 (Python 3.12.4 on linux)" generated="2024-07-26T23:15:04.563390" rpa="false" schemaversion="5">
<suite id="s1" name="Tests" source="/home/runner/work/ApiRandomUser/ApiRandomUser/RamdonUser/tests">
<suite id="s1-s1" name="Random-User-Test" source="/home/runner/work/ApiRandomUser/ApiRandomUser/RamdonUser/tests/random-user-test.robot">
<test id="s1-s1-t1" name="Conectar" line="13">
<kw name="Conectar API" owner="random-user-service">
<kw name="Create Session" owner="RequestsLibrary">
<msg time="2024-07-26T23:15:05.008176" level="INFO">Creating Session using : alias=consultarAPI, url=https://randomuser.me/, headers={},                     cookies={}, auth=None, timeout=None, proxies=None, verify=False,                     debug=0 </msg>
<arg>consultarAPI</arg>
<arg>${URL}</arg>
<doc>Create Session: create a HTTP session to a server</doc>
<status status="PASS" start="2024-07-26T23:15:05.007962" elapsed="0.000419"/>
</kw>
<status status="PASS" start="2024-07-26T23:15:05.006816" elapsed="0.001954"/>
</kw>
<status status="PASS" start="2024-07-26T23:15:05.006099" elapsed="0.002867"/>
</test>
<test id="s1-s1-t2" name="Validar retorno 200 e JSON Válido" line="16">
<kw name="Teste de Requisicao Basica" owner="random-user-service">
<kw name="GET On Session" owner="RequestsLibrary">
<msg time="2024-07-26T23:15:05.131650" level="INFO">GET Request : url=https://randomuser.me/api 
 path_url=/api 
 headers={'User-Agent': 'python-requests/2.32.3', 'Accept-Encoding': 'gzip, deflate', 'Accept': '*/*', 'Connection': 'keep-alive'} 
 body=None 
 </msg>
<msg time="2024-07-26T23:15:05.131813" level="INFO">GET Response : url=https://randomuser.me/api 
 status=200, reason=OK 
 headers={'Date': 'Fri, 26 Jul 2024 23:15:05 GMT', 'Content-Type': 'application/json; charset=utf-8', 'Transfer-Encoding': 'chunked', 'Connection': 'keep-alive', 'X-Powered-By': 'Express', 'Access-Control-Allow-Origin': '*', 'Cache-Control': 'no-cache', 'ETag': 'W/"49b-ebNgXvUhxUxW/JTswP7fAfYw9Hg"', 'Vary': 'Accept-Encoding', 'Content-Encoding': 'gzip', 'CF-Cache-Status': 'DYNAMIC', 'Report-To': '{"endpoints":[{"url":"https:\\/\\/a.nel.cloudflare.com\\/report\\/v4?s=ywtQH5KNSI37cE%2BZodcOvEYIsYJ7nnVMHfkaVDRnSEvXgVidlVMuEIaVh07IlLbaRSlwjBN7pV6k0Yz1QFSQi6FPwOQtE2R6viqRuahCGCuvayflQAkRMJmXEKsrzQKE"}],"group":"cf-nel","max_age":604800}', 'NEL': '{"success_fraction":0,"report_to":"cf-nel","max_age":604800}', 'Server': 'cloudflare', 'CF-RAY': '8a9816f4bc45c96f-IAD', 'alt-svc': 'h3=":443"; ma=86400'} 
 body={"results":[{"gender":"male","name":{"title":"Mr","first":"Maris","last":"Meuffels"},"location":{"street":{"number":7073,"name":"Gagelstraat"},"city":"Mariahoop","state":"Limburg","country":"Netherlands","postcode":"1578 LM","coordinates":{"latitude":"33.4651","longitude":"-88.6689"},"timezone":{"offset":"-6:00","description":"Central Time (US &amp; Canada), Mexico City"}},"email":"maris.meuffels@example.com","login":{"uuid":"973b9860-230d-4ae4-9c29-a71ea038fab8","username":"blackmeercat674","password":"sentnece","salt":"iod1O5rZ","md5":"1ff0a6ca04d5da6a37a21383a4b29b05","sha1":"f498081153f68dbc3406521b9c66c64a41fddcae","sha256":"ab62002a3d5f2a777c1be5e433c4ce06e3853885b8c07966e2a54654b82d5c5e"},"dob":{"date":"1972-05-26T01:48:20.516Z","age":52},"registered":{"date":"2004-02-03T14:00:55.886Z","age":20},"phone":"(0840) 270904","cell":"(06) 53699227","id":{"name":"BSN","value":"19824228"},"picture":{"large":"https://randomuser.me/api/portraits/men/93.jpg","medium":"https://randomuser.me/api/portraits/med/men/93.jpg","thumbnail":"https://randomuser.me/api/portraits/thumb/men/93.jpg"},"nat":"NL"}],"info":{"seed":"5f7d0a55f33abdb2","results":1,"page":1,"version":"1.4"}} 
 </msg>
<msg time="2024-07-26T23:15:05.131900" level="INFO">/opt/hostedtoolcache/Python/3.12.4/x64/lib/python3.12/site-packages/urllib3/connectionpool.py:1099: InsecureRequestWarning: Unverified HTTPS request is being made to host 'randomuser.me'. Adding certificate verification is strongly advised. See: https://urllib3.readthedocs.io/en/latest/advanced-usage.html#tls-warnings
  warnings.warn(</msg>
<msg time="2024-07-26T23:15:05.132050" level="INFO">${response} = &lt;Response [200]&gt;</msg>
<var>${response}</var>
<arg>consultarAPI</arg>
<arg>/api</arg>
<doc>Sends a GET request on a previously created HTTP Session.</doc>
<status status="PASS" start="2024-07-26T23:15:05.011775" elapsed="0.120317"/>
</kw>
<kw name="Should Be Equal As Numbers" owner="BuiltIn">
<msg time="2024-07-26T23:15:05.133293" level="INFO">Argument types are:
&lt;class 'int'&gt;
&lt;class 'str'&gt;</msg>
<arg>${response.status_code}</arg>
<arg>200</arg>
<doc>Fails if objects are unequal after converting them to real numbers.</doc>
<status status="PASS" start="2024-07-26T23:15:05.132783" elapsed="0.000577"/>
</kw>
<kw name="Log" owner="BuiltIn">
<msg time="2024-07-26T23:15:05.134073" level="INFO">200</msg>
<arg>${response.status_code}</arg>
<doc>Logs the given message with the given level.</doc>
<status status="PASS" start="2024-07-26T23:15:05.133703" elapsed="0.000412"/>
</kw>
<kw name="Set Variable" owner="BuiltIn">
<msg time="2024-07-26T23:15:05.134865" level="INFO">${json_data} = {'results': [{'gender': 'male', 'name': {'title': 'Mr', 'first': 'Maris', 'last': 'Meuffels'}, 'location': {'street': {'number': 7073, 'name': 'Gagelstraat'}, 'city': 'Mariahoop', 'state': 'Limburg', ...</msg>
<var>${json_data}</var>
<arg>${response.json()}</arg>
<doc>Returns the given values which can then be assigned to a variables.</doc>
<status status="PASS" start="2024-07-26T23:15:05.134424" elapsed="0.000469"/>
</kw>
<kw name="Dictionary Should Contain Key" owner="Collections">
<arg>${json_data}</arg>
<arg>results</arg>
<doc>Fails if ``key`` is not found from ``dictionary``.</doc>
<status status="PASS" start="2024-07-26T23:15:05.135204" elapsed="0.000366"/>
</kw>
<status status="PASS" start="2024-07-26T23:15:05.011514" elapsed="0.124214"/>
</kw>
<doc>Testa se a API responde corretamente e retorna um objeto JSON válido.</doc>
<tag>testeRequisicaoBasica</tag>
<status status="PASS" start="2024-07-26T23:15:05.010886" elapsed="0.125025"/>
</test>
<test id="s1-s1-t3" name="Validar estrutura de resposta" line="22">
<kw name="Teste de Estrutura de Resposta" owner="random-user-service">
<kw name="GET On Session" owner="RequestsLibrary">
<msg time="2024-07-26T23:15:05.232601" level="INFO">GET Request : url=https://randomuser.me/api 
 path_url=/api 
 headers={'User-Agent': 'python-requests/2.32.3', 'Accept-Encoding': 'gzip, deflate', 'Accept': '*/*', 'Connection': 'keep-alive'} 
 body=None 
 </msg>
<msg time="2024-07-26T23:15:05.232704" level="INFO">GET Response : url=https://randomuser.me/api 
 status=200, reason=OK 
 headers={'Date': 'Fri, 26 Jul 2024 23:15:05 GMT', 'Content-Type': 'application/json; charset=utf-8', 'Transfer-Encoding': 'chunked', 'Connection': 'keep-alive', 'X-Powered-By': 'Express', 'Access-Control-Allow-Origin': '*', 'Cache-Control': 'no-cache', 'ETag': 'W/"462-VZOXE/2SadWbu2ty/gZRbihkNzE"', 'Vary': 'Accept-Encoding', 'Content-Encoding': 'gzip', 'CF-Cache-Status': 'DYNAMIC', 'Report-To': '{"endpoints":[{"url":"https:\\/\\/a.nel.cloudflare.com\\/report\\/v4?s=9Z7m8VktQLhjUbVQEj%2B7HET7WXMEcR%2BvrVVyspq8TfLgOjwQZvIF3w9oMTvP1gdfILcnsU18gPNo9SZ4KqPTr%2BiwLLNV9MOPQu0uvXoR5s%2BtWWy5zBUWc%2FR8gow9gyrz"}],"group":"cf-nel","max_age":604800}', 'NEL': '{"success_fraction":0,"report_to":"cf-nel","max_age":604800}', 'Server': 'cloudflare', 'CF-RAY': '8a9816f52d54c96f-IAD', 'alt-svc': 'h3=":443"; ma=86400'} 
 body={"results":[{"gender":"male","name":{"title":"Mr","first":"Fatih","last":"Özkök"},"location":{"street":{"number":489,"name":"Doktorlar Cd"},"city":"Bartın","state":"Çankırı","country":"Turkey","postcode":24163,"coordinates":{"latitude":"67.8280","longitude":"-75.2349"},"timezone":{"offset":"-10:00","description":"Hawaii"}},"email":"fatih.ozkok@example.com","login":{"uuid":"6f102e32-41a3-4c87-8bc2-7dd3618e26af","username":"smallcat520","password":"prelude","salt":"rePmYGCs","md5":"7e6b677afedf13a5fadbc102e0eb148a","sha1":"47f25edfe60ab0633361fbe6bfd59eea38adec6e","sha256":"bcbd3d9951fd0a821ca240288a0646a55bed7ac0e678f3ff758f1d361ded9ee9"},"dob":{"date":"1990-10-11T18:56:54.744Z","age":33},"registered":{"date":"2019-02-16T12:57:52.860Z","age":5},"phone":"(305)-914-6943","cell":"(360)-872-2300","id":{"name":"","value":null},"picture":{"large":"https://randomuser.me/api/portraits/men/19.jpg","medium":"https://randomuser.me/api/portraits/med/men/19.jpg","thumbnail":"https://randomuser.me/api/portraits/thumb/men/19.jpg"},"nat":"TR"}],"info":{"seed":"78618f653d8e1c1e","results":1,"page":1,"version":"1.4"}} 
 </msg>
<msg time="2024-07-26T23:15:05.232846" level="INFO">/opt/hostedtoolcache/Python/3.12.4/x64/lib/python3.12/site-packages/urllib3/connectionpool.py:1099: InsecureRequestWarning: Unverified HTTPS request is being made to host 'randomuser.me'. Adding certificate verification is strongly advised. See: https://urllib3.readthedocs.io/en/latest/advanced-usage.html#tls-warnings
  warnings.warn(</msg>
<msg time="2024-07-26T23:15:05.232984" level="INFO">${response} = &lt;Response [200]&gt;</msg>
<var>${response}</var>
<arg>consultarAPI</arg>
<arg>/api</arg>
<doc>Sends a GET request on a previously created HTTP Session.</doc>
<status status="PASS" start="2024-07-26T23:15:05.138620" elapsed="0.094405"/>
</kw>
<kw name="Set Variable" owner="BuiltIn">
<msg time="2024-07-26T23:15:05.234276" level="INFO">${json_data} = {'results': [{'gender': 'male', 'name': {'title': 'Mr', 'first': 'Fatih', 'last': 'Özkök'}, 'location': {'street': {'number': 489, 'name': 'Doktorlar Cd'}, 'city': 'Bartın', 'state': 'Çankırı', 'count...</msg>
<var>${json_data}</var>
<arg>${response.json()}</arg>
<doc>Returns the given values which can then be assigned to a variables.</doc>
<status status="PASS" start="2024-07-26T23:15:05.233666" elapsed="0.000640"/>
</kw>
<kw name="Log" owner="BuiltIn">
<msg time="2024-07-26T23:15:05.234806" level="INFO">{'results': [{'gender': 'male', 'name': {'title': 'Mr', 'first': 'Fatih', 'last': 'Özkök'}, 'location': {'street': {'number': 489, 'name': 'Doktorlar Cd'}, 'city': 'Bartın', 'state': 'Çankırı', 'country': 'Turkey', 'postcode': 24163, 'coordinates': {'latitude': '67.8280', 'longitude': '-75.2349'}, 'timezone': {'offset': '-10:00', 'description': 'Hawaii'}}, 'email': 'fatih.ozkok@example.com', 'login': {'uuid': '6f102e32-41a3-4c87-8bc2-7dd3618e26af', 'username': 'smallcat520', 'password': 'prelude', 'salt': 'rePmYGCs', 'md5': '7e6b677afedf13a5fadbc102e0eb148a', 'sha1': '47f25edfe60ab0633361fbe6bfd59eea38adec6e', 'sha256': 'bcbd3d9951fd0a821ca240288a0646a55bed7ac0e678f3ff758f1d361ded9ee9'}, 'dob': {'date': '1990-10-11T18:56:54.744Z', 'age': 33}, 'registered': {'date': '2019-02-16T12:57:52.860Z', 'age': 5}, 'phone': '(305)-914-6943', 'cell': '(360)-872-2300', 'id': {'name': '', 'value': None}, 'picture': {'large': 'https://randomuser.me/api/portraits/men/19.jpg', 'medium': 'https://randomuser.me/api/portraits/med/men/19.jpg', 'thumbnail': 'https://randomuser.me/api/portraits/thumb/men/19.jpg'}, 'nat': 'TR'}], 'info': {'seed': '78618f653d8e1c1e', 'results': 1, 'page': 1, 'version': '1.4'}}</msg>
<arg>${json_data}</arg>
<doc>Logs the given message with the given level.</doc>
<status status="PASS" start="2024-07-26T23:15:05.234632" elapsed="0.000225"/>
</kw>
<kw name="Dictionary Should Contain Key" owner="Collections">
<arg>${json_data}</arg>
<arg>results</arg>
<doc>Fails if ``key`` is not found from ``dictionary``.</doc>
<status status="PASS" start="2024-07-26T23:15:05.235182" elapsed="0.000214"/>
</kw>
<kw name="Should Not Be Empty" owner="BuiltIn">
<msg time="2024-07-26T23:15:05.235711" level="INFO">Length is 2.</msg>
<arg>${json_data}</arg>
<doc>Verifies that the given item is not empty.</doc>
<status status="PASS" start="2024-07-26T23:15:05.235584" elapsed="0.000170"/>
</kw>
<kw name="Create List" owner="BuiltIn">
<msg time="2024-07-26T23:15:05.236218" level="INFO">${expected_keys} = ['gender', 'name', 'location', 'email', 'login']</msg>
<var>${expected_keys}</var>
<arg>gender</arg>
<arg>name</arg>
<arg>location</arg>
<arg>email</arg>
<arg>login</arg>
<doc>Returns a list containing given items.</doc>
<status status="PASS" start="2024-07-26T23:15:05.236055" elapsed="0.000187"/>
</kw>
<for flavor="IN">
<iter>
<kw name="Dictionary Should Contain Key" owner="Collections">
<arg>${json_data['results'][0]}</arg>
<arg>${key}</arg>
<doc>Fails if ``key`` is not found from ``dictionary``.</doc>
<status status="PASS" start="2024-07-26T23:15:05.236838" elapsed="0.000426"/>
</kw>
<kw name="Log" owner="BuiltIn">
<msg time="2024-07-26T23:15:05.237835" level="INFO">{'gender': 'male', 'name': {'title': 'Mr', 'first': 'Fatih', 'last': 'Özkök'}, 'location': {'street': {'number': 489, 'name': 'Doktorlar Cd'}, 'city': 'Bartın', 'state': 'Çankırı', 'country': 'Turkey', 'postcode': 24163, 'coordinates': {'latitude': '67.8280', 'longitude': '-75.2349'}, 'timezone': {'offset': '-10:00', 'description': 'Hawaii'}}, 'email': 'fatih.ozkok@example.com', 'login': {'uuid': '6f102e32-41a3-4c87-8bc2-7dd3618e26af', 'username': 'smallcat520', 'password': 'prelude', 'salt': 'rePmYGCs', 'md5': '7e6b677afedf13a5fadbc102e0eb148a', 'sha1': '47f25edfe60ab0633361fbe6bfd59eea38adec6e', 'sha256': 'bcbd3d9951fd0a821ca240288a0646a55bed7ac0e678f3ff758f1d361ded9ee9'}, 'dob': {'date': '1990-10-11T18:56:54.744Z', 'age': 33}, 'registered': {'date': '2019-02-16T12:57:52.860Z', 'age': 5}, 'phone': '(305)-914-6943', 'cell': '(360)-872-2300', 'id': {'name': '', 'value': None}, 'picture': {'large': 'https://randomuser.me/api/portraits/men/19.jpg', 'medium': 'https://randomuser.me/api/portraits/med/men/19.jpg', 'thumbnail': 'https://randomuser.me/api/portraits/thumb/men/19.jpg'}, 'nat': 'TR'}</msg>
<arg>${json_data['results'][0]}</arg>
<doc>Logs the given message with the given level.</doc>
<status status="PASS" start="2024-07-26T23:15:05.237459" elapsed="0.000441"/>
</kw>
<kw name="Log" owner="BuiltIn">
<msg time="2024-07-26T23:15:05.238359" level="INFO">gender</msg>
<arg>${key}</arg>
<doc>Logs the given message with the given level.</doc>
<status status="PASS" start="2024-07-26T23:15:05.238210" elapsed="0.000188"/>
</kw>
<var name="${key}">gender</var>
<status status="PASS" start="2024-07-26T23:15:05.236711" elapsed="0.001909"/>
</iter>
<iter>
<kw name="Dictionary Should Contain Key" owner="Collections">
<arg>${json_data['results'][0]}</arg>
<arg>${key}</arg>
<doc>Fails if ``key`` is not found from ``dictionary``.</doc>
<status status="PASS" start="2024-07-26T23:15:05.238932" elapsed="0.000423"/>
</kw>
<kw name="Log" owner="BuiltIn">
<msg time="2024-07-26T23:15:05.239911" level="INFO">{'gender': 'male', 'name': {'title': 'Mr', 'first': 'Fatih', 'last': 'Özkök'}, 'location': {'street': {'number': 489, 'name': 'Doktorlar Cd'}, 'city': 'Bartın', 'state': 'Çankırı', 'country': 'Turkey', 'postcode': 24163, 'coordinates': {'latitude': '67.8280', 'longitude': '-75.2349'}, 'timezone': {'offset': '-10:00', 'description': 'Hawaii'}}, 'email': 'fatih.ozkok@example.com', 'login': {'uuid': '6f102e32-41a3-4c87-8bc2-7dd3618e26af', 'username': 'smallcat520', 'password': 'prelude', 'salt': 'rePmYGCs', 'md5': '7e6b677afedf13a5fadbc102e0eb148a', 'sha1': '47f25edfe60ab0633361fbe6bfd59eea38adec6e', 'sha256': 'bcbd3d9951fd0a821ca240288a0646a55bed7ac0e678f3ff758f1d361ded9ee9'}, 'dob': {'date': '1990-10-11T18:56:54.744Z', 'age': 33}, 'registered': {'date': '2019-02-16T12:57:52.860Z', 'age': 5}, 'phone': '(305)-914-6943', 'cell': '(360)-872-2300', 'id': {'name': '', 'value': None}, 'picture': {'large': 'https://randomuser.me/api/portraits/men/19.jpg', 'medium': 'https://randomuser.me/api/portraits/med/men/19.jpg', 'thumbnail': 'https://randomuser.me/api/portraits/thumb/men/19.jpg'}, 'nat': 'TR'}</msg>
<arg>${json_data['results'][0]}</arg>
<doc>Logs the given message with the given level.</doc>
<status status="PASS" start="2024-07-26T23:15:05.239541" elapsed="0.000458"/>
</kw>
<kw name="Log" owner="BuiltIn">
<msg time="2024-07-26T23:15:05.240438" level="INFO">name</msg>
<arg>${key}</arg>
<doc>Logs the given message with the given level.</doc>
<status status="PASS" start="2024-07-26T23:15:05.240307" elapsed="0.000169"/>
</kw>
<var name="${key}">name</var>
<status status="PASS" start="2024-07-26T23:15:05.238819" elapsed="0.001875"/>
</iter>
<iter>
<kw name="Dictionary Should Contain Key" owner="Collections">
<arg>${json_data['results'][0]}</arg>
<arg>${key}</arg>
<doc>Fails if ``key`` is not found from ``dictionary``.</doc>
<status status="PASS" start="2024-07-26T23:15:05.240986" elapsed="0.000393"/>
</kw>
<kw name="Log" owner="BuiltIn">
<msg time="2024-07-26T23:15:05.241927" level="INFO">{'gender': 'male', 'name': {'title': 'Mr', 'first': 'Fatih', 'last': 'Özkök'}, 'location': {'street': {'number': 489, 'name': 'Doktorlar Cd'}, 'city': 'Bartın', 'state': 'Çankırı', 'country': 'Turkey', 'postcode': 24163, 'coordinates': {'latitude': '67.8280', 'longitude': '-75.2349'}, 'timezone': {'offset': '-10:00', 'description': 'Hawaii'}}, 'email': 'fatih.ozkok@example.com', 'login': {'uuid': '6f102e32-41a3-4c87-8bc2-7dd3618e26af', 'username': 'smallcat520', 'password': 'prelude', 'salt': 'rePmYGCs', 'md5': '7e6b677afedf13a5fadbc102e0eb148a', 'sha1': '47f25edfe60ab0633361fbe6bfd59eea38adec6e', 'sha256': 'bcbd3d9951fd0a821ca240288a0646a55bed7ac0e678f3ff758f1d361ded9ee9'}, 'dob': {'date': '1990-10-11T18:56:54.744Z', 'age': 33}, 'registered': {'date': '2019-02-16T12:57:52.860Z', 'age': 5}, 'phone': '(305)-914-6943', 'cell': '(360)-872-2300', 'id': {'name': '', 'value': None}, 'picture': {'large': 'https://randomuser.me/api/portraits/men/19.jpg', 'medium': 'https://randomuser.me/api/portraits/med/men/19.jpg', 'thumbnail': 'https://randomuser.me/api/portraits/thumb/men/19.jpg'}, 'nat': 'TR'}</msg>
<arg>${json_data['results'][0]}</arg>
<doc>Logs the given message with the given level.</doc>
<status status="PASS" start="2024-07-26T23:15:05.241571" elapsed="0.000406"/>
</kw>
<kw name="Log" owner="BuiltIn">
<msg time="2024-07-26T23:15:05.242417" level="INFO">location</msg>
<arg>${key}</arg>
<doc>Logs the given message with the given level.</doc>
<status status="PASS" start="2024-07-26T23:15:05.242272" elapsed="0.000182"/>
</kw>
<var name="${key}">location</var>
<status status="PASS" start="2024-07-26T23:15:05.240876" elapsed="0.001811"/>
</iter>
<iter>
<kw name="Dictionary Should Contain Key" owner="Collections">
<arg>${json_data['results'][0]}</arg>
<arg>${key}</arg>
<doc>Fails if ``key`` is not found from ``dictionary``.</doc>
<status status="PASS" start="2024-07-26T23:15:05.242978" elapsed="0.000415"/>
</kw>
<kw name="Log" owner="BuiltIn">
<msg time="2024-07-26T23:15:05.244103" level="INFO">{'gender': 'male', 'name': {'title': 'Mr', 'first': 'Fatih', 'last': 'Özkök'}, 'location': {'street': {'number': 489, 'name': 'Doktorlar Cd'}, 'city': 'Bartın', 'state': 'Çankırı', 'country': 'Turkey', 'postcode': 24163, 'coordinates': {'latitude': '67.8280', 'longitude': '-75.2349'}, 'timezone': {'offset': '-10:00', 'description': 'Hawaii'}}, 'email': 'fatih.ozkok@example.com', 'login': {'uuid': '6f102e32-41a3-4c87-8bc2-7dd3618e26af', 'username': 'smallcat520', 'password': 'prelude', 'salt': 'rePmYGCs', 'md5': '7e6b677afedf13a5fadbc102e0eb148a', 'sha1': '47f25edfe60ab0633361fbe6bfd59eea38adec6e', 'sha256': 'bcbd3d9951fd0a821ca240288a0646a55bed7ac0e678f3ff758f1d361ded9ee9'}, 'dob': {'date': '1990-10-11T18:56:54.744Z', 'age': 33}, 'registered': {'date': '2019-02-16T12:57:52.860Z', 'age': 5}, 'phone': '(305)-914-6943', 'cell': '(360)-872-2300', 'id': {'name': '', 'value': None}, 'picture': {'large': 'https://randomuser.me/api/portraits/men/19.jpg', 'medium': 'https://randomuser.me/api/portraits/med/men/19.jpg', 'thumbnail': 'https://randomuser.me/api/portraits/thumb/men/19.jpg'}, 'nat': 'TR'}</msg>
<arg>${json_data['results'][0]}</arg>
<doc>Logs the given message with the given level.</doc>
<status status="PASS" start="2024-07-26T23:15:05.243742" elapsed="0.000412"/>
</kw>
<kw name="Log" owner="BuiltIn">
<msg time="2024-07-26T23:15:05.244601" level="INFO">email</msg>
<arg>${key}</arg>
<doc>Logs the given message with the given level.</doc>
<status status="PASS" start="2024-07-26T23:15:05.244469" elapsed="0.000171"/>
</kw>
<var name="${key}">email</var>
<status status="PASS" start="2024-07-26T23:15:05.242860" elapsed="0.002006"/>
</iter>
<iter>
<kw name="Dictionary Should Contain Key" owner="Collections">
<arg>${json_data['results'][0]}</arg>
<arg>${key}</arg>
<doc>Fails if ``key`` is not found from ``dictionary``.</doc>
<status status="PASS" start="2024-07-26T23:15:05.245157" elapsed="0.000379"/>
</kw>
<kw name="Log" owner="BuiltIn">
<msg time="2024-07-26T23:15:05.246099" level="INFO">{'gender': 'male', 'name': {'title': 'Mr', 'first': 'Fatih', 'last': 'Özkök'}, 'location': {'street': {'number': 489, 'name': 'Doktorlar Cd'}, 'city': 'Bartın', 'state': 'Çankırı', 'country': 'Turkey', 'postcode': 24163, 'coordinates': {'latitude': '67.8280', 'longitude': '-75.2349'}, 'timezone': {'offset': '-10:00', 'description': 'Hawaii'}}, 'email': 'fatih.ozkok@example.com', 'login': {'uuid': '6f102e32-41a3-4c87-8bc2-7dd3618e26af', 'username': 'smallcat520', 'password': 'prelude', 'salt': 'rePmYGCs', 'md5': '7e6b677afedf13a5fadbc102e0eb148a', 'sha1': '47f25edfe60ab0633361fbe6bfd59eea38adec6e', 'sha256': 'bcbd3d9951fd0a821ca240288a0646a55bed7ac0e678f3ff758f1d361ded9ee9'}, 'dob': {'date': '1990-10-11T18:56:54.744Z', 'age': 33}, 'registered': {'date': '2019-02-16T12:57:52.860Z', 'age': 5}, 'phone': '(305)-914-6943', 'cell': '(360)-872-2300', 'id': {'name': '', 'value': None}, 'picture': {'large': 'https://randomuser.me/api/portraits/men/19.jpg', 'medium': 'https://randomuser.me/api/portraits/med/men/19.jpg', 'thumbnail': 'https://randomuser.me/api/portraits/thumb/men/19.jpg'}, 'nat': 'TR'}</msg>
<arg>${json_data['results'][0]}</arg>
<doc>Logs the given message with the given level.</doc>
<status status="PASS" start="2024-07-26T23:15:05.245720" elapsed="0.000428"/>
</kw>
<kw name="Log" owner="BuiltIn">
<msg time="2024-07-26T23:15:05.246570" level="INFO">login</msg>
<arg>${key}</arg>
<doc>Logs the given message with the given level.</doc>
<status status="PASS" start="2024-07-26T23:15:05.246443" elapsed="0.000165"/>
</kw>
<var name="${key}">login</var>
<status status="PASS" start="2024-07-26T23:15:05.245040" elapsed="0.001795"/>
</iter>
<var>${key}</var>
<value>@{expected_keys}</value>
<status status="PASS" start="2024-07-26T23:15:05.236515" elapsed="0.010442"/>
</for>
<kw name="Create List" owner="BuiltIn">
<msg time="2024-07-26T23:15:05.247315" level="INFO">${expected_keysTwo} = ['username', 'password']</msg>
<var>${expected_keysTwo}</var>
<arg>username</arg>
<arg>password</arg>
<doc>Returns a list containing given items.</doc>
<status status="PASS" start="2024-07-26T23:15:05.247152" elapsed="0.000188"/>
</kw>
<for flavor="IN">
<iter>
<kw name="Dictionary Should Contain Key" owner="Collections">
<arg>${json_data['results'][0]['login']}</arg>
<arg>${keyTwo}</arg>
<doc>Fails if ``key`` is not found from ``dictionary``.</doc>
<status status="PASS" start="2024-07-26T23:15:05.247890" elapsed="0.000391"/>
</kw>
<kw name="Dictionary Should Contain Key" owner="Collections">
<arg>${json_data['results'][0]['login']}</arg>
<arg>${keyTwo}</arg>
<doc>Fails if ``key`` is not found from ``dictionary``.</doc>
<status status="PASS" start="2024-07-26T23:15:05.248464" elapsed="0.000371"/>
</kw>
<kw name="Log" owner="BuiltIn">
<msg time="2024-07-26T23:15:05.249154" level="INFO">username</msg>
<arg>${keyTwo}</arg>
<doc>Logs the given message with the given level.</doc>
<status status="PASS" start="2024-07-26T23:15:05.249031" elapsed="0.000161"/>
</kw>
<var name="${keyTwo}">username</var>
<status status="PASS" start="2024-07-26T23:15:05.247780" elapsed="0.001633"/>
</iter>
<iter>
<kw name="Dictionary Should Contain Key" owner="Collections">
<arg>${json_data['results'][0]['login']}</arg>
<arg>${keyTwo}</arg>
<doc>Fails if ``key`` is not found from ``dictionary``.</doc>
<status status="PASS" start="2024-07-26T23:15:05.249697" elapsed="0.000395"/>
</kw>
<kw name="Dictionary Should Contain Key" owner="Collections">
<arg>${json_data['results'][0]['login']}</arg>
<arg>${keyTwo}</arg>
<doc>Fails if ``key`` is not found from ``dictionary``.</doc>
<status status="PASS" start="2024-07-26T23:15:05.250273" elapsed="0.000373"/>
</kw>
<kw name="Log" owner="BuiltIn">
<msg time="2024-07-26T23:15:05.250958" level="INFO">password</msg>
<arg>${keyTwo}</arg>
<doc>Logs the given message with the given level.</doc>
<status status="PASS" start="2024-07-26T23:15:05.250823" elapsed="0.000174"/>
</kw>
<var name="${keyTwo}">password</var>
<status status="PASS" start="2024-07-26T23:15:05.249586" elapsed="0.001661"/>
</iter>
<var>${keyTwo}</var>
<value>@{expected_keysTwo}</value>
<status status="PASS" start="2024-07-26T23:15:05.247615" elapsed="0.003760"/>
</for>
<status status="PASS" start="2024-07-26T23:15:05.138374" elapsed="0.113148"/>
</kw>
<doc>Testa a estrutura da resposta da API.</doc>
<tag>testeEstruturaResposta</tag>
<status status="PASS" start="2024-07-26T23:15:05.137752" elapsed="0.113929"/>
</test>
<test id="s1-s1-t4" name="Validar tipos de dados" line="28">
<kw name="Teste de Tipos de Dados" owner="random-user-service">
<kw name="GET On Session" owner="RequestsLibrary">
<msg time="2024-07-26T23:15:05.322803" level="INFO">GET Request : url=https://randomuser.me/api 
 path_url=/api 
 headers={'User-Agent': 'python-requests/2.32.3', 'Accept-Encoding': 'gzip, deflate', 'Accept': '*/*', 'Connection': 'keep-alive'} 
 body=None 
 </msg>
<msg time="2024-07-26T23:15:05.322902" level="INFO">GET Response : url=https://randomuser.me/api 
 status=200, reason=OK 
 headers={'Date': 'Fri, 26 Jul 2024 23:15:05 GMT', 'Content-Type': 'application/json; charset=utf-8', 'Transfer-Encoding': 'chunked', 'Connection': 'keep-alive', 'X-Powered-By': 'Express', 'Access-Control-Allow-Origin': '*', 'Cache-Control': 'no-cache', 'ETag': 'W/"494-FATESZlH8CAjW3DIug53A9FBtlM"', 'Vary': 'Accept-Encoding', 'Content-Encoding': 'gzip', 'CF-Cache-Status': 'DYNAMIC', 'Report-To': '{"endpoints":[{"url":"https:\\/\\/a.nel.cloudflare.com\\/report\\/v4?s=E60yiC9aft%2BIp2a7x4YPr7EHNW1TgW8Le8BMCDWPZoywrx2803QU8wa%2BVt1MqYn5E1SzYW8dZl%2B1DS872LVfyrdiA4s6npASCZikgtV7jaNhY5DWgP%2FTgnXFnguxW9sL"}],"group":"cf-nel","max_age":604800}', 'NEL': '{"success_fraction":0,"report_to":"cf-nel","max_age":604800}', 'Server': 'cloudflare', 'CF-RAY': '8a9816f5df00c96f-IAD', 'alt-svc': 'h3=":443"; ma=86400'} 
 body={"results":[{"gender":"male","name":{"title":"Mr","first":"Valentino","last":"Santos"},"location":{"street":{"number":668,"name":"Rua São Francisco "},"city":"Foz do Iguaçu","state":"Distrito Federal","country":"Brazil","postcode":30670,"coordinates":{"latitude":"-78.1608","longitude":"-54.4752"},"timezone":{"offset":"-10:00","description":"Hawaii"}},"email":"valentino.santos@example.com","login":{"uuid":"fe11b543-38cb-4e51-b99f-b16e285aeb45","username":"organiczebra743","password":"mortgage","salt":"mFUU6teD","md5":"c1da09e07cddc13356792033c388c583","sha1":"3524084fa69ba7e18e5aec0632fccffd239e6186","sha256":"02f1ad7fd82156a99a63b0ca12d4f2db7e2252b324ca152036fa0a09c2b1a370"},"dob":{"date":"1948-10-03T05:13:53.509Z","age":75},"registered":{"date":"2010-02-22T21:59:59.811Z","age":14},"phone":"(15) 3697-2364","cell":"(50) 4844-5647","id":{"name":"CPF","value":"167.422.962-20"},"picture":{"large":"https://randomuser.me/api/portraits/men/92.jpg","medium":"https://randomuser.me/api/portraits/med/men/92.jpg","thumbnail":"https://randomuser.me/api/portraits/thumb/men/92.jpg"},"nat":"BR"}],"info":{"seed":"5aff36f6a93289fd","results":1,"page":1,"version":"1.4"}} 
 </msg>
<msg time="2024-07-26T23:15:05.322977" level="INFO">/opt/hostedtoolcache/Python/3.12.4/x64/lib/python3.12/site-packages/urllib3/connectionpool.py:1099: InsecureRequestWarning: Unverified HTTPS request is being made to host 'randomuser.me'. Adding certificate verification is strongly advised. See: https://urllib3.readthedocs.io/en/latest/advanced-usage.html#tls-warnings
  warnings.warn(</msg>
<msg time="2024-07-26T23:15:05.323102" level="INFO">${response} = &lt;Response [200]&gt;</msg>
<var>${response}</var>
<arg>consultarAPI</arg>
<arg>/api</arg>
<doc>Sends a GET request on a previously created HTTP Session.</doc>
<status status="PASS" start="2024-07-26T23:15:05.254309" elapsed="0.068840"/>
</kw>
<kw name="Set Variable" owner="BuiltIn">
<msg time="2024-07-26T23:15:05.324438" level="INFO">${json_data} = {'results': [{'gender': 'male', 'name': {'title': 'Mr', 'first': 'Valentino', 'last': 'Santos'}, 'location': {'street': {'number': 668, 'name': 'Rua São Francisco '}, 'city': 'Foz do Iguaçu', 'state':...</msg>
<var>${json_data}</var>
<arg>${response.json()}</arg>
<doc>Returns the given values which can then be assigned to a variables.</doc>
<status status="PASS" start="2024-07-26T23:15:05.323838" elapsed="0.000630"/>
</kw>
<kw name="Log" owner="BuiltIn">
<msg time="2024-07-26T23:15:05.324947" level="INFO">{'results': [{'gender': 'male', 'name': {'title': 'Mr', 'first': 'Valentino', 'last': 'Santos'}, 'location': {'street': {'number': 668, 'name': 'Rua São Francisco '}, 'city': 'Foz do Iguaçu', 'state': 'Distrito Federal', 'country': 'Brazil', 'postcode': 30670, 'coordinates': {'latitude': '-78.1608', 'longitude': '-54.4752'}, 'timezone': {'offset': '-10:00', 'description': 'Hawaii'}}, 'email': 'valentino.santos@example.com', 'login': {'uuid': 'fe11b543-38cb-4e51-b99f-b16e285aeb45', 'username': 'organiczebra743', 'password': 'mortgage', 'salt': 'mFUU6teD', 'md5': 'c1da09e07cddc13356792033c388c583', 'sha1': '3524084fa69ba7e18e5aec0632fccffd239e6186', 'sha256': '02f1ad7fd82156a99a63b0ca12d4f2db7e2252b324ca152036fa0a09c2b1a370'}, 'dob': {'date': '1948-10-03T05:13:53.509Z', 'age': 75}, 'registered': {'date': '2010-02-22T21:59:59.811Z', 'age': 14}, 'phone': '(15) 3697-2364', 'cell': '(50) 4844-5647', 'id': {'name': 'CPF', 'value': '167.422.962-20'}, 'picture': {'large': 'https://randomuser.me/api/portraits/men/92.jpg', 'medium': 'https://randomuser.me/api/portraits/med/men/92.jpg', 'thumbnail': 'https://randomuser.me/api/portraits/thumb/men/92.jpg'}, 'nat': 'BR'}], 'info': {'seed': '5aff36f6a93289fd', 'results': 1, 'page': 1, 'version': '1.4'}}</msg>
<arg>${json_data}</arg>
<doc>Logs the given message with the given level.</doc>
<status status="PASS" start="2024-07-26T23:15:05.324782" elapsed="0.000214"/>
</kw>
<kw name="Should Be String" owner="String">
<arg>${json_data['results'][0]['gender']}</arg>
<doc>Fails if the given ``item`` is not a string.</doc>
<status status="PASS" start="2024-07-26T23:15:05.325305" elapsed="0.000369"/>
</kw>
<kw name="Should Match Regexp" owner="BuiltIn">
<arg>${json_data['results'][0]['email']}</arg>
<arg>^[a-zA-Z0-9._%+-]+@[a-zA-Z0-9.-]+\.[a-zA-Z]{2,}$</arg>
<doc>Fails if ``string`` does not match ``pattern`` as a regular expression.</doc>
<status status="PASS" start="2024-07-26T23:15:05.325862" elapsed="0.000520"/>
</kw>
<kw name="Should Match Regexp" owner="BuiltIn">
<arg>${json_data['results'][0]['dob']['date']}</arg>
<arg>\\d{4}-\\d{2}-\\d{2}T\\d{2}:\\d{2}:\\d{2}\\.\\d{3}Z</arg>
<doc>Fails if ``string`` does not match ``pattern`` as a regular expression.</doc>
<status status="PASS" start="2024-07-26T23:15:05.326609" elapsed="0.000675"/>
</kw>
<kw name="Should Match Regexp" owner="BuiltIn">
<arg>${json_data['results'][0]['registered']['date']}</arg>
<arg>\\d{4}-\\d{2}-\\d{2}T\\d{2}:\\d{2}:\\d{2}\\.\\d{3}Z</arg>
<doc>Fails if ``string`` does not match ``pattern`` as a regular expression.</doc>
<status status="PASS" start="2024-07-26T23:15:05.327489" elapsed="0.000374"/>
</kw>
<kw name="Should Match Regexp" owner="BuiltIn">
<arg>${json_data['results'][0]['picture']['large']}</arg>
<arg>^https?://.*\.(?:png|jpe?g|gif|bmp)$</arg>
<doc>Fails if ``string`` does not match ``pattern`` as a regular expression.</doc>
<status status="PASS" start="2024-07-26T23:15:05.328049" elapsed="0.000458"/>
</kw>
<kw name="Should Match Regexp" owner="BuiltIn">
<arg>${json_data['results'][0]['picture']['medium']}</arg>
<arg>^https?://.*\.(?:png|jpe?g|gif|bmp)$</arg>
<doc>Fails if ``string`` does not match ``pattern`` as a regular expression.</doc>
<status status="PASS" start="2024-07-26T23:15:05.328705" elapsed="0.000349"/>
</kw>
<kw name="Should Match Regexp" owner="BuiltIn">
<arg>${json_data['results'][0]['picture']['thumbnail']}</arg>
<arg>^https?://.*\.(?:png|jpe?g|gif|bmp)$</arg>
<doc>Fails if ``string`` does not match ``pattern`` as a regular expression.</doc>
<status status="PASS" start="2024-07-26T23:15:05.329236" elapsed="0.000357"/>
</kw>
<kw name="Log" owner="BuiltIn">
<msg time="2024-07-26T23:15:05.330095" level="INFO">{'large': 'https://randomuser.me/api/portraits/men/92.jpg', 'medium': 'https://randomuser.me/api/portraits/med/men/92.jpg', 'thumbnail': 'https://randomuser.me/api/portraits/thumb/men/92.jpg'}</msg>
<arg>${json_data['results'][0]['picture']}</arg>
<doc>Logs the given message with the given level.</doc>
<status status="PASS" start="2024-07-26T23:15:05.329772" elapsed="0.000364"/>
</kw>
<status status="PASS" start="2024-07-26T23:15:05.254075" elapsed="0.076332"/>
</kw>
<kw name="Teste de Tipos de Dados - Postcode" owner="random-user-service">
<kw name="GET On Session" owner="RequestsLibrary">
<msg time="2024-07-26T23:15:05.423871" level="INFO">GET Request : url=https://randomuser.me/api 
 path_url=/api 
 headers={'User-Agent': 'python-requests/2.32.3', 'Accept-Encoding': 'gzip, deflate', 'Accept': '*/*', 'Connection': 'keep-alive'} 
 body=None 
 </msg>
<msg time="2024-07-26T23:15:05.423993" level="INFO">GET Response : url=https://randomuser.me/api 
 status=200, reason=OK 
 headers={'Date': 'Fri, 26 Jul 2024 23:15:05 GMT', 'Content-Type': 'application/json; charset=utf-8', 'Transfer-Encoding': 'chunked', 'Connection': 'keep-alive', 'X-Powered-By': 'Express', 'Access-Control-Allow-Origin': '*', 'Cache-Control': 'no-cache', 'ETag': 'W/"4b9-8Mcqhwvj9r31s3BU9I8YXDOwnf4"', 'Vary': 'Accept-Encoding', 'Content-Encoding': 'gzip', 'CF-Cache-Status': 'DYNAMIC', 'Report-To': '{"endpoints":[{"url":"https:\\/\\/a.nel.cloudflare.com\\/report\\/v4?s=Z3trxXodOkJw1lM8V%2FbIFal2mWgYe8eJAF2vJfaYn1rAJes0NyvnFwdb1iYofMsN96lp0mYISUV30uPgYOCoqd6NZFeeFyevjmElhVo6lP5Ti41F14hhvL%2FKQx01Ok%2Be"}],"group":"cf-nel","max_age":604800}', 'NEL': '{"success_fraction":0,"report_to":"cf-nel","max_age":604800}', 'Server': 'cloudflare', 'CF-RAY': '8a9816f6584dc96f-IAD', 'alt-svc': 'h3=":443"; ma=86400'} 
 body={"results":[{"gender":"female","name":{"title":"Madame","first":"Ariana","last":"Nicolas"},"location":{"street":{"number":4260,"name":"Rue André-Gide"},"city":"Villeneuve (Vd)","state":"Schaffhausen","country":"Switzerland","postcode":7915,"coordinates":{"latitude":"-59.1915","longitude":"74.9667"},"timezone":{"offset":"+11:00","description":"Magadan, Solomon Islands, New Caledonia"}},"email":"ariana.nicolas@example.com","login":{"uuid":"1c2f66e9-bb98-490f-b3ee-c1c5bfce6a93","username":"whitepeacock194","password":"tickler","salt":"QIIMb0Co","md5":"56694d0a88f813e8a7fa0178faef3d54","sha1":"53c399c1c973a7637e689827550beb18b7402699","sha256":"c09c1d1875c7a6340d1dd20ad0896e6209e784076d4aa5f7b839022853a518b1"},"dob":{"date":"1990-02-21T20:57:19.413Z","age":34},"registered":{"date":"2008-12-15T21:22:23.582Z","age":15},"phone":"079 466 21 58","cell":"078 874 68 49","id":{"name":"AVS","value":"756.3765.2966.82"},"picture":{"large":"https://randomuser.me/api/portraits/women/71.jpg","medium":"https://randomuser.me/api/portraits/med/women/71.jpg","thumbnail":"https://randomuser.me/api/portraits/thumb/women/71.jpg"},"nat":"CH"}],"info":{"seed":"6053c8eb889c8b4d","results":1,"page":1,"version":"1.4"}} 
 </msg>
<msg time="2024-07-26T23:15:05.424074" level="INFO">/opt/hostedtoolcache/Python/3.12.4/x64/lib/python3.12/site-packages/urllib3/connectionpool.py:1099: InsecureRequestWarning: Unverified HTTPS request is being made to host 'randomuser.me'. Adding certificate verification is strongly advised. See: https://urllib3.readthedocs.io/en/latest/advanced-usage.html#tls-warnings
  warnings.warn(</msg>
<msg time="2024-07-26T23:15:05.424200" level="INFO">${response} = &lt;Response [200]&gt;</msg>
<var>${response}</var>
<arg>consultarAPI</arg>
<arg>/api</arg>
<doc>Sends a GET request on a previously created HTTP Session.</doc>
<status status="PASS" start="2024-07-26T23:15:05.330888" elapsed="0.093353"/>
</kw>
<kw name="Set Variable" owner="BuiltIn">
<msg time="2024-07-26T23:15:05.425483" level="INFO">${json_data} = {'results': [{'gender': 'female', 'name': {'title': 'Madame', 'first': 'Ariana', 'last': 'Nicolas'}, 'location': {'street': {'number': 4260, 'name': 'Rue André-Gide'}, 'city': 'Villeneuve (Vd)', 'stat...</msg>
<var>${json_data}</var>
<arg>${response.json()}</arg>
<doc>Returns the given values which can then be assigned to a variables.</doc>
<status status="PASS" start="2024-07-26T23:15:05.424895" elapsed="0.000618"/>
</kw>
<kw name="Log" owner="BuiltIn">
<msg time="2024-07-26T23:15:05.426011" level="INFO">{'results': [{'gender': 'female', 'name': {'title': 'Madame', 'first': 'Ariana', 'last': 'Nicolas'}, 'location': {'street': {'number': 4260, 'name': 'Rue André-Gide'}, 'city': 'Villeneuve (Vd)', 'state': 'Schaffhausen', 'country': 'Switzerland', 'postcode': 7915, 'coordinates': {'latitude': '-59.1915', 'longitude': '74.9667'}, 'timezone': {'offset': '+11:00', 'description': 'Magadan, Solomon Islands, New Caledonia'}}, 'email': 'ariana.nicolas@example.com', 'login': {'uuid': '1c2f66e9-bb98-490f-b3ee-c1c5bfce6a93', 'username': 'whitepeacock194', 'password': 'tickler', 'salt': 'QIIMb0Co', 'md5': '56694d0a88f813e8a7fa0178faef3d54', 'sha1': '53c399c1c973a7637e689827550beb18b7402699', 'sha256': 'c09c1d1875c7a6340d1dd20ad0896e6209e784076d4aa5f7b839022853a518b1'}, 'dob': {'date': '1990-02-21T20:57:19.413Z', 'age': 34}, 'registered': {'date': '2008-12-15T21:22:23.582Z', 'age': 15}, 'phone': '079 466 21 58', 'cell': '078 874 68 49', 'id': {'name': 'AVS', 'value': '756.3765.2966.82'}, 'picture': {'large': 'https://randomuser.me/api/portraits/women/71.jpg', 'medium': 'https://randomuser.me/api/portraits/med/women/71.jpg', 'thumbnail': 'https://randomuser.me/api/portraits/thumb/women/71.jpg'}, 'nat': 'CH'}], 'info': {'seed': '6053c8eb889c8b4d', 'results': 1, 'page': 1, 'version': '1.4'}}</msg>
<arg>${json_data}</arg>
<doc>Logs the given message with the given level.</doc>
<status status="PASS" start="2024-07-26T23:15:05.425836" elapsed="0.000225"/>
</kw>
<kw name="Should Be Equal As Numbers" owner="BuiltIn">
<arg>${json_data['results'][0]['location']['postcode']}</arg>
<arg>${json_data['results'][0]['location']['postcode']}</arg>
<doc>Fails if objects are unequal after converting them to real numbers.</doc>
<status status="PASS" start="2024-07-26T23:15:05.426356" elapsed="0.000646"/>
</kw>
<kw name="Log" owner="BuiltIn">
<msg time="2024-07-26T23:15:05.427582" level="INFO">7915</msg>
<arg>${json_data['results'][0]['location']['postcode']}</arg>
<doc>Logs the given message with the given level.</doc>
<status status="PASS" start="2024-07-26T23:15:05.427199" elapsed="0.000423"/>
</kw>
<status status="PASS" start="2024-07-26T23:15:05.330647" elapsed="0.097264"/>
</kw>
<doc>Testa se os tipos de dados na resposta da API estão corretos.</doc>
<tag>testeTiposDados</tag>
<status status="PASS" start="2024-07-26T23:15:05.253474" elapsed="0.174614"/>
</test>
<test id="s1-s1-t5" name="Validar conteudo" line="35">
<kw name="Teste de Tipos de Conteudo" owner="random-user-service">
<kw name="GET On Session" owner="RequestsLibrary">
<msg time="2024-07-26T23:15:05.518381" level="INFO">GET Request : url=https://randomuser.me/api 
 path_url=/api 
 headers={'User-Agent': 'python-requests/2.32.3', 'Accept-Encoding': 'gzip, deflate', 'Accept': '*/*', 'Connection': 'keep-alive'} 
 body=None 
 </msg>
<msg time="2024-07-26T23:15:05.518481" level="INFO">GET Response : url=https://randomuser.me/api 
 status=200, reason=OK 
 headers={'Date': 'Fri, 26 Jul 2024 23:15:05 GMT', 'Content-Type': 'application/json; charset=utf-8', 'Transfer-Encoding': 'chunked', 'Connection': 'keep-alive', 'X-Powered-By': 'Express', 'Access-Control-Allow-Origin': '*', 'Cache-Control': 'no-cache', 'ETag': 'W/"499-m/A2vsoYiGSBim/0E4B+NChu8DM"', 'Vary': 'Accept-Encoding', 'Content-Encoding': 'gzip', 'CF-Cache-Status': 'DYNAMIC', 'Report-To': '{"endpoints":[{"url":"https:\\/\\/a.nel.cloudflare.com\\/report\\/v4?s=QtxSGhBCvMWmwXFBJ6lhjFaotkxF28vGq94z6wUCEuYHP%2BKLXHJJpQP2khEGW5E4P2Vq%2BZwHSU3MTSvlEJkjWxP8lrilqVxjuGTRImxbRl8PbMb%2BWMHszFKXlCqf8E1v"}],"group":"cf-nel","max_age":604800}', 'NEL': '{"success_fraction":0,"report_to":"cf-nel","max_age":604800}', 'Server': 'cloudflare', 'CF-RAY': '8a9816f6f9bcc96f-IAD', 'alt-svc': 'h3=":443"; ma=86400'} 
 body={"results":[{"gender":"female","name":{"title":"Ms","first":"Teodora","last":"Smiljanić"},"location":{"street":{"number":9523,"name":"Đorđa Kode"},"city":"Pančevo","state":"Kosovo","country":"Serbia","postcode":77070,"coordinates":{"latitude":"56.6155","longitude":"74.8763"},"timezone":{"offset":"-6:00","description":"Central Time (US &amp; Canada), Mexico City"}},"email":"teodora.smiljanic@example.com","login":{"uuid":"dbb3f392-b90e-4109-ad12-2ce430527a8c","username":"blackdog830","password":"barbara","salt":"Jc5fbLy1","md5":"30c9b6935b0fe4e30c17956333ba0d46","sha1":"7a408387ab755e05e635f53e58fff8f4b6740faf","sha256":"ce600e607f5517a0da919df64b71e5220ee188a93281a48b98f8d9e933a75ad9"},"dob":{"date":"1996-02-19T14:10:06.287Z","age":28},"registered":{"date":"2007-11-13T23:52:59.870Z","age":16},"phone":"013-1465-714","cell":"069-1186-674","id":{"name":"SID","value":"014094082"},"picture":{"large":"https://randomuser.me/api/portraits/women/18.jpg","medium":"https://randomuser.me/api/portraits/med/women/18.jpg","thumbnail":"https://randomuser.me/api/portraits/thumb/women/18.jpg"},"nat":"RS"}],"info":{"seed":"b5ea3afbb15fff6a","results":1,"page":1,"version":"1.4"}} 
 </msg>
<msg time="2024-07-26T23:15:05.518564" level="INFO">/opt/hostedtoolcache/Python/3.12.4/x64/lib/python3.12/site-packages/urllib3/connectionpool.py:1099: InsecureRequestWarning: Unverified HTTPS request is being made to host 'randomuser.me'. Adding certificate verification is strongly advised. See: https://urllib3.readthedocs.io/en/latest/advanced-usage.html#tls-warnings
  warnings.warn(</msg>
<msg time="2024-07-26T23:15:05.518692" level="INFO">${response} = &lt;Response [200]&gt;</msg>
<var>${response}</var>
<arg>consultarAPI</arg>
<arg>/api</arg>
<doc>Sends a GET request on a previously created HTTP Session.</doc>
<status status="PASS" start="2024-07-26T23:15:05.430717" elapsed="0.088016"/>
</kw>
<kw name="Set Variable" owner="BuiltIn">
<msg time="2024-07-26T23:15:05.520042" level="INFO">${json_data} = {'results': [{'gender': 'female', 'name': {'title': 'Ms', 'first': 'Teodora', 'last': 'Smiljanić'}, 'location': {'street': {'number': 9523, 'name': 'Đorđa Kode'}, 'city': 'Pančevo', 'state': 'Kosovo',...</msg>
<var>${json_data}</var>
<arg>${response.json()}</arg>
<doc>Returns the given values which can then be assigned to a variables.</doc>
<status status="PASS" start="2024-07-26T23:15:05.519445" elapsed="0.000629"/>
</kw>
<kw name="Set Variable" owner="BuiltIn">
<msg time="2024-07-26T23:15:05.520787" level="INFO">${name_title} = Ms</msg>
<var>${name_title}</var>
<arg>${json_data["results"][0]["name"]["title"]}</arg>
<doc>Returns the given values which can then be assigned to a variables.</doc>
<status status="PASS" start="2024-07-26T23:15:05.520394" elapsed="0.000419"/>
</kw>
<kw name="Create List" owner="BuiltIn">
<msg time="2024-07-26T23:15:05.521269" level="INFO">${allowed_titles} = ['Mr', 'Ms', 'Miss', 'Mrs', 'Madame', 'Monsieur']</msg>
<var>${allowed_titles}</var>
<arg>Mr</arg>
<arg>Ms</arg>
<arg>Miss</arg>
<arg>Mrs</arg>
<arg>Madame</arg>
<arg>Monsieur</arg>
<doc>Returns a list containing given items.</doc>
<status status="PASS" start="2024-07-26T23:15:05.521115" elapsed="0.000182"/>
</kw>
<kw name="List Should Contain Value" owner="Collections">
<arg>${allowed_titles}</arg>
<arg>${name_title}</arg>
<doc>Fails if the ``value`` is not found from ``list``.</doc>
<status status="PASS" start="2024-07-26T23:15:05.521596" elapsed="0.000183"/>
</kw>
<kw name="Set Variable" owner="BuiltIn">
<msg time="2024-07-26T23:15:05.522370" level="INFO">${name_country} = RS</msg>
<var>${name_country}</var>
<arg>${json_data["results"][0]["nat"]}</arg>
<doc>Returns the given values which can then be assigned to a variables.</doc>
<status status="PASS" start="2024-07-26T23:15:05.521961" elapsed="0.000434"/>
</kw>
<kw name="Create List" owner="BuiltIn">
<msg time="2024-07-26T23:15:05.523369" level="INFO">${list_country} = ['AD', 'AE', 'AF', 'AG', 'AI', 'AL', 'AM', 'AO', 'AQ', 'AR', 'AS', 'AT', 'AU', 'AW', 'AX', 'AZ', 'BA', 'BB', 'BD', 'BE', 'BF', 'BG', 'BH', 'BI', 'BJ', 'BL', 'BM', 'BN', 'BO', 'BQ', 'BR', 'BS', 'BT', '...</msg>
<var>${list_country}</var>
<arg>AD</arg>
<arg>AE</arg>
<arg>AF</arg>
<arg>AG</arg>
<arg>AI</arg>
<arg>AL</arg>
<arg>AM</arg>
<arg>AO</arg>
<arg>AQ</arg>
<arg>AR</arg>
<arg>AS</arg>
<arg>AT</arg>
<arg>AU</arg>
<arg>AW</arg>
<arg>AX</arg>
<arg>AZ</arg>
<arg>BA</arg>
<arg>BB</arg>
<arg>BD</arg>
<arg>BE</arg>
<arg>BF</arg>
<arg>BG</arg>
<arg>BH</arg>
<arg>BI</arg>
<arg>BJ</arg>
<arg>BL</arg>
<arg>BM</arg>
<arg>BN</arg>
<arg>BO</arg>
<arg>BQ</arg>
<arg>BR</arg>
<arg>BS</arg>
<arg>BT</arg>
<arg>BV</arg>
<arg>BW</arg>
<arg>BY</arg>
<arg>BZ</arg>
<arg>CA</arg>
<arg>CC</arg>
<arg>CD</arg>
<arg>CF</arg>
<arg>CG</arg>
<arg>CH</arg>
<arg>CI</arg>
<arg>CK</arg>
<arg>CL</arg>
<arg>CM</arg>
<arg>CN</arg>
<arg>CO</arg>
<arg>CR</arg>
<arg>CU</arg>
<arg>CV</arg>
<arg>CW</arg>
<arg>CX</arg>
<arg>CY</arg>
<arg>CZ</arg>
<arg>DE</arg>
<arg>DJ</arg>
<arg>DK</arg>
<arg>DM</arg>
<arg>DO</arg>
<arg>DZ</arg>
<arg>EC</arg>
<arg>EE</arg>
<arg>EG</arg>
<arg>EH</arg>
<arg>ER</arg>
<arg>ES</arg>
<arg>ET</arg>
<arg>FI</arg>
<arg>FJ</arg>
<arg>FK</arg>
<arg>FM</arg>
<arg>FO</arg>
<arg>FR</arg>
<arg>GA</arg>
<arg>GB</arg>
<arg>GD</arg>
<arg>GE</arg>
<arg>GF</arg>
<arg>GG</arg>
<arg>GH</arg>
<arg>GI</arg>
<arg>GL</arg>
<arg>GM</arg>
<arg>GN</arg>
<arg>GP</arg>
<arg>GQ</arg>
<arg>GR</arg>
<arg>GS</arg>
<arg>GT</arg>
<arg>GU</arg>
<arg>GW</arg>
<arg>GY</arg>
<arg>HK</arg>
<arg>HM</arg>
<arg>HN</arg>
<arg>HR</arg>
<arg>HT</arg>
<arg>HU</arg>
<arg>ID</arg>
<arg>IE</arg>
<arg>IL</arg>
<arg>IM</arg>
<arg>IN</arg>
<arg>IO</arg>
<arg>IQ</arg>
<arg>IR</arg>
<arg>IS</arg>
<arg>IT</arg>
<arg>JE</arg>
<arg>JM</arg>
<arg>JO</arg>
<arg>JP</arg>
<arg>KE</arg>
<arg>KG</arg>
<arg>KH</arg>
<arg>KI</arg>
<arg>KM</arg>
<arg>KN</arg>
<arg>KP</arg>
<arg>KR</arg>
<arg>KW</arg>
<arg>KY</arg>
<arg>KZ</arg>
<arg>LA</arg>
<arg>LB</arg>
<arg>LC</arg>
<arg>LI</arg>
<arg>LK</arg>
<arg>LR</arg>
<arg>LS</arg>
<arg>LT</arg>
<arg>LU</arg>
<arg>LV</arg>
<arg>LY</arg>
<arg>MA</arg>
<arg>MC</arg>
<arg>MD</arg>
<arg>ME</arg>
<arg>MF</arg>
<arg>MG</arg>
<arg>MH</arg>
<arg>MK</arg>
<arg>ML</arg>
<arg>MM</arg>
<arg>MN</arg>
<arg>MO</arg>
<arg>MP</arg>
<arg>MQ</arg>
<arg>MR</arg>
<arg>MS</arg>
<arg>MT</arg>
<arg>MU</arg>
<arg>MV</arg>
<arg>MW</arg>
<arg>MX</arg>
<arg>MY</arg>
<arg>MZ</arg>
<arg>NA</arg>
<arg>NC</arg>
<arg>NE</arg>
<arg>NF</arg>
<arg>NG</arg>
<arg>NI</arg>
<arg>NL</arg>
<arg>NO</arg>
<arg>NP</arg>
<arg>NR</arg>
<arg>NU</arg>
<arg>NZ</arg>
<arg>OM</arg>
<arg>PA</arg>
<arg>PE</arg>
<arg>PF</arg>
<arg>PG</arg>
<arg>PH</arg>
<arg>PK</arg>
<arg>PL</arg>
<arg>PM</arg>
<arg>PN</arg>
<arg>PR</arg>
<arg>PS</arg>
<arg>PT</arg>
<arg>PW</arg>
<arg>PY</arg>
<arg>QA</arg>
<arg>RE</arg>
<arg>RO</arg>
<arg>RS</arg>
<arg>RU</arg>
<arg>RW</arg>
<arg>SA</arg>
<arg>SB</arg>
<arg>SC</arg>
<arg>SD</arg>
<arg>SE</arg>
<arg>SG</arg>
<arg>SH</arg>
<arg>SI</arg>
<arg>SJ</arg>
<arg>SK</arg>
<arg>SL</arg>
<arg>SM</arg>
<arg>SN</arg>
<arg>SO</arg>
<arg>SR</arg>
<arg>SS</arg>
<arg>ST</arg>
<arg>SV</arg>
<arg>SX</arg>
<arg>SY</arg>
<arg>SZ</arg>
<arg>TC</arg>
<arg>TD</arg>
<arg>TF</arg>
<arg>TG</arg>
<arg>TH</arg>
<arg>TJ</arg>
<arg>TK</arg>
<arg>TL</arg>
<arg>TM</arg>
<arg>TN</arg>
<arg>TO</arg>
<arg>TR</arg>
<arg>TT</arg>
<arg>TV</arg>
<arg>TW</arg>
<arg>TZ</arg>
<arg>UA</arg>
<arg>UG</arg>
<arg>UM</arg>
<arg>US</arg>
<arg>UY</arg>
<arg>UZ</arg>
<arg>VA</arg>
<arg>VC</arg>
<arg>VE</arg>
<arg>VG</arg>
<arg>VI</arg>
<arg>VN</arg>
<arg>VU</arg>
<arg>WF</arg>
<arg>WS</arg>
<arg>XK</arg>
<arg>YE</arg>
<arg>YT</arg>
<arg>ZA</arg>
<arg>ZM</arg>
<arg>ZW</arg>
<doc>Returns a list containing given items.</doc>
<status status="PASS" start="2024-07-26T23:15:05.522715" elapsed="0.000680"/>
</kw>
<kw name="List Should Contain Value" owner="Collections">
<arg>${list_country}</arg>
<arg>${name_country}</arg>
<doc>Fails if the ``value`` is not found from ``list``.</doc>
<status status="PASS" start="2024-07-26T23:15:05.524390" elapsed="0.000216"/>
</kw>
<kw name="Run Keyword If" owner="BuiltIn">
<kw name="Should Be True" owner="BuiltIn">
<arg>${True}</arg>
<doc>Fails if the given condition is not true.</doc>
<status status="PASS" start="2024-07-26T23:15:05.525629" elapsed="0.000144"/>
</kw>
<arg>${json_data["results"][0]["location"]["coordinates"]["latitude"]} &gt;= -90 and ${json_data["results"][0]["location"]["coordinates"]["latitude"]} &lt;= 90</arg>
<arg>Should Be True</arg>
<arg>${True}</arg>
<doc>Runs the given keyword with the given arguments, if ``condition`` is true.</doc>
<status status="PASS" start="2024-07-26T23:15:05.524837" elapsed="0.001075"/>
</kw>
<kw name="Run Keyword If" owner="BuiltIn">
<kw name="Should Be True" owner="BuiltIn">
<arg>${True}</arg>
<doc>Fails if the given condition is not true.</doc>
<status status="PASS" start="2024-07-26T23:15:05.526792" elapsed="0.000138"/>
</kw>
<arg>${json_data["results"][0]["location"]["coordinates"]["longitude"]} &gt;= -180 and ${json_data["results"][0]["location"]["coordinates"]["longitude"]} &lt;= 180</arg>
<arg>Should Be True</arg>
<arg>${True}</arg>
<doc>Runs the given keyword with the given arguments, if ``condition`` is true.</doc>
<status status="PASS" start="2024-07-26T23:15:05.526092" elapsed="0.000965"/>
</kw>
<status status="PASS" start="2024-07-26T23:15:05.430473" elapsed="0.096717"/>
</kw>
<doc>Testa o conteúdo específico dos campos retornados pela API.</doc>
<tag>testeConteudo</tag>
<status status="PASS" start="2024-07-26T23:15:05.429901" elapsed="0.097496"/>
</test>
<status status="PASS" start="2024-07-26T23:15:04.625342" elapsed="0.904081"/>
</suite>
<status status="PASS" start="2024-07-26T23:15:04.610527" elapsed="0.924099"/>
</suite>
<statistics>
<total>
<stat pass="5" fail="0" skip="0">All Tests</stat>
</total>
<tag>
<stat pass="1" fail="0" skip="0">testeConteudo</stat>
<stat pass="1" fail="0" skip="0">testeEstruturaResposta</stat>
<stat pass="1" fail="0" skip="0">testeRequisicaoBasica</stat>
<stat pass="1" fail="0" skip="0">testeTiposDados</stat>
</tag>
<suite>
<stat pass="5" fail="0" skip="0" id="s1" name="Tests">Tests</stat>
<stat pass="5" fail="0" skip="0" id="s1-s1" name="Random-User-Test">Tests.Random-User-Test</stat>
</suite>
</statistics>
<errors>
</errors>
</robot>
