<?xml version="1.0" encoding="UTF-8"?>
<robot generator="Robot 7.0 (Python 3.12.2 on linux)" generated="2024-04-02T20:13:54.571735" rpa="false" schemaversion="5">
<suite id="s1" name="Tests" source="/home/runner/work/DesafioQAItauRogerioJordao/DesafioQAItauRogerioJordao/RamdonUser/tests">
<suite id="s1-s1" name="Random-User-Test" source="/home/runner/work/DesafioQAItauRogerioJordao/DesafioQAItauRogerioJordao/RamdonUser/tests/random-user-test.robot">
<test id="s1-s1-t1" name="Conectar" line="13">
<kw name="Conectar API" owner="random-user-service">
<kw name="Create Session" owner="RequestsLibrary">
<msg time="2024-04-02T20:13:54.993177" level="INFO">Creating Session using : alias=consultarAPI, url=https://randomuser.me/, headers={},                     cookies={}, auth=None, timeout=None, proxies=None, verify=False,                     debug=0 </msg>
<arg>consultarAPI</arg>
<arg>${URL}</arg>
<doc>Create Session: create a HTTP session to a server</doc>
<status status="PASS" start="2024-04-02T20:13:54.992965" elapsed="0.000396"/>
</kw>
<status status="PASS" start="2024-04-02T20:13:54.991888" elapsed="0.001843"/>
</kw>
<status status="PASS" start="2024-04-02T20:13:54.991260" elapsed="0.002676"/>
</test>
<test id="s1-s1-t2" name="Validar retorno 200 e JSON Válido" line="16">
<kw name="Teste de Requisicao Basica" owner="random-user-service">
<kw name="GET On Session" owner="RequestsLibrary">
<msg time="2024-04-02T20:13:55.415124" level="INFO">GET Request : url=https://randomuser.me/api 
 path_url=/api 
 headers={'User-Agent': 'python-requests/2.31.0', 'Accept-Encoding': 'gzip, deflate', 'Accept': '*/*', 'Connection': 'keep-alive'} 
 body=None 
 </msg>
<msg time="2024-04-02T20:13:55.415304" level="INFO">GET Response : url=https://randomuser.me/api 
 status=200, reason=OK 
 headers={'Date': 'Tue, 02 Apr 2024 20:13:55 GMT', 'Content-Type': 'application/json; charset=utf-8', 'Transfer-Encoding': 'chunked', 'Connection': 'keep-alive', 'X-Powered-By': 'Express', 'Access-Control-Allow-Origin': '*', 'Cache-Control': 'no-cache', 'ETag': 'W/"4a3-yEkeZj8dfxzlAjDThUIkbT7oSsU"', 'Vary': 'Accept-Encoding', 'Content-Encoding': 'gzip', 'CF-Cache-Status': 'DYNAMIC', 'Report-To': '{"endpoints":[{"url":"https:\\/\\/a.nel.cloudflare.com\\/report\\/v4?s=uubSOSakwKnGNF3rNn0GIGZOttA90TssiM1zRqv5orcrebejUAd3NKJthcUcoFd8frVyXnqHhoiiUz7f1dhAuWOKgOu8yJmYVyZT%2BBsw6x3FMlDrPCtw5L7DQQaR1y0c"}],"group":"cf-nel","max_age":604800}', 'NEL': '{"success_fraction":0,"report_to":"cf-nel","max_age":604800}', 'Server': 'cloudflare', 'CF-RAY': '86e37b72fbd2200a-IAD', 'alt-svc': 'h3=":443"; ma=86400'} 
 body={"results":[{"gender":"male","name":{"title":"Mr","first":"Peetu","last":"Pollari"},"location":{"street":{"number":1817,"name":"Nordenskiöldinkatu"},"city":"Tyrnävä","state":"Tavastia Proper","country":"Finland","postcode":96580,"coordinates":{"latitude":"-21.5183","longitude":"-4.0956"},"timezone":{"offset":"-6:00","description":"Central Time (US &amp; Canada), Mexico City"}},"email":"peetu.pollari@example.com","login":{"uuid":"cb327eef-80fb-475a-868a-2a5fa9840615","username":"lazymouse260","password":"gators","salt":"Hc0SCwQW","md5":"e51cde5d0516b7b3c423dc67f1010f83","sha1":"1ddd495713046533cd50c488776c7dffc8db63cc","sha256":"7f060f6138443fe9dd4714bc8ff3bae3d0500ae53200af4f5adeea8fddefbb0f"},"dob":{"date":"1981-01-08T05:35:54.501Z","age":43},"registered":{"date":"2008-07-16T03:51:33.580Z","age":15},"phone":"07-552-041","cell":"043-184-38-30","id":{"name":"HETU","value":"NaNNA933undefined"},"picture":{"large":"https://randomuser.me/api/portraits/men/99.jpg","medium":"https://randomuser.me/api/portraits/med/men/99.jpg","thumbnail":"https://randomuser.me/api/portraits/thumb/men/99.jpg"},"nat":"FI"}],"info":{"seed":"0456e1ed9a34c879","results":1,"page":1,"version":"1.4"}} 
 </msg>
<msg time="2024-04-02T20:13:55.415440" level="INFO">/opt/hostedtoolcache/Python/3.12.2/x64/lib/python3.12/site-packages/urllib3/connectionpool.py:1103: InsecureRequestWarning: Unverified HTTPS request is being made to host 'randomuser.me'. Adding certificate verification is strongly advised. See: https://urllib3.readthedocs.io/en/latest/advanced-usage.html#tls-warnings
  warnings.warn(</msg>
<msg time="2024-04-02T20:13:55.415599" level="INFO">${response} = &lt;Response [200]&gt;</msg>
<var>${response}</var>
<arg>consultarAPI</arg>
<arg>/api</arg>
<doc>Sends a GET request on a previously created HTTP Session.</doc>
<status status="PASS" start="2024-04-02T20:13:54.996654" elapsed="0.418990"/>
</kw>
<kw name="Should Be Equal As Numbers" owner="BuiltIn">
<msg time="2024-04-02T20:13:55.416942" level="INFO">Argument types are:
&lt;class 'int'&gt;
&lt;class 'str'&gt;</msg>
<arg>${response.status_code}</arg>
<arg>200</arg>
<doc>Fails if objects are unequal after converting them to real numbers.</doc>
<status status="PASS" start="2024-04-02T20:13:55.416407" elapsed="0.000602"/>
</kw>
<kw name="Log" owner="BuiltIn">
<msg time="2024-04-02T20:13:55.417689" level="INFO">200</msg>
<arg>${response.status_code}</arg>
<doc>Logs the given message with the given level.</doc>
<status status="PASS" start="2024-04-02T20:13:55.417335" elapsed="0.000397"/>
</kw>
<kw name="Set Variable" owner="BuiltIn">
<msg time="2024-04-02T20:13:55.418555" level="INFO">${json_data} = {'results': [{'gender': 'male', 'name': {'title': 'Mr', 'first': 'Peetu', 'last': 'Pollari'}, 'location': {'street': {'number': 1817, 'name': 'Nordenskiöldinkatu'}, 'city': 'Tyrnävä', 'state': 'Tavast...</msg>
<var>${json_data}</var>
<arg>${response.json()}</arg>
<doc>Returns the given values which can then be assigned to a variables.</doc>
<status status="PASS" start="2024-04-02T20:13:55.418066" elapsed="0.000522"/>
</kw>
<kw name="Dictionary Should Contain Key" owner="Collections">
<msg time="2024-04-02T20:13:55.419136" level="INFO">False</msg>
<arg>${json_data}</arg>
<arg>results</arg>
<doc>Fails if ``key`` is not found from ``dictionary``.</doc>
<status status="PASS" start="2024-04-02T20:13:55.418936" elapsed="0.000247"/>
</kw>
<status status="PASS" start="2024-04-02T20:13:54.996395" elapsed="0.423091"/>
</kw>
<doc>Testa se a API responde corretamente e retorna um objeto JSON válido.</doc>
<tag>testeRequisicaoBasica</tag>
<status status="PASS" start="2024-04-02T20:13:54.995794" elapsed="0.423886"/>
</test>
<test id="s1-s1-t3" name="Validar estrutura de resposta" line="22">
<kw name="Teste de Estrutura de Resposta" owner="random-user-service">
<kw name="GET On Session" owner="RequestsLibrary">
<msg time="2024-04-02T20:13:55.500712" level="INFO">GET Request : url=https://randomuser.me/api 
 path_url=/api 
 headers={'User-Agent': 'python-requests/2.31.0', 'Accept-Encoding': 'gzip, deflate', 'Accept': '*/*', 'Connection': 'keep-alive'} 
 body=None 
 </msg>
<msg time="2024-04-02T20:13:55.500786" level="INFO">GET Response : url=https://randomuser.me/api 
 status=200, reason=OK 
 headers={'Date': 'Tue, 02 Apr 2024 20:13:55 GMT', 'Content-Type': 'application/json; charset=utf-8', 'Transfer-Encoding': 'chunked', 'Connection': 'keep-alive', 'X-Powered-By': 'Express', 'Access-Control-Allow-Origin': '*', 'Cache-Control': 'no-cache', 'ETag': 'W/"492-BD56Q7S/DEcnJ8/xfrwCYVpvDN4"', 'Vary': 'Accept-Encoding', 'Content-Encoding': 'gzip', 'CF-Cache-Status': 'DYNAMIC', 'Report-To': '{"endpoints":[{"url":"https:\\/\\/a.nel.cloudflare.com\\/report\\/v4?s=Gb3LOA22JVQxkmXerXbfCyHBhnFSLC1yClWpg%2Bu9OL8AjhyW98IKx8CvFgTsT2Svr0DP2SOG0LJV7VbcAufN2ZC2S8mvSNxBwcCF124RCD2u67iowCM1UFXlsYJZcvZG"}],"group":"cf-nel","max_age":604800}', 'NEL': '{"success_fraction":0,"report_to":"cf-nel","max_age":604800}', 'Server': 'cloudflare', 'CF-RAY': '86e37b756f68200a-IAD', 'alt-svc': 'h3=":443"; ma=86400'} 
 body={"results":[{"gender":"female","name":{"title":"Miss","first":"هلیا","last":"پارسا"},"location":{"street":{"number":3968,"name":"شهید سرتیپ نامجو"},"city":"قرچک","state":"مرکزی","country":"Iran","postcode":88258,"coordinates":{"latitude":"15.2715","longitude":"161.1338"},"timezone":{"offset":"-1:00","description":"Azores, Cape Verde Islands"}},"email":"hly.prs@example.com","login":{"uuid":"cc3667aa-d7d5-4018-a0b2-6f18d188d7df","username":"blackkoala956","password":"ratman","salt":"C1uagHQb","md5":"9c5a0e4c2c2ff607e079a1b8d90e8961","sha1":"5648384ad2ffac9849ad04ee6f07b615fe343420","sha256":"325bc8b8fb92969948f727900f0a7529e104b356f38af2d51c8353131533fb2c"},"dob":{"date":"1951-03-08T15:57:25.995Z","age":73},"registered":{"date":"2012-10-19T13:12:11.341Z","age":11},"phone":"015-58489991","cell":"0971-040-9794","id":{"name":"","value":null},"picture":{"large":"https://randomuser.me/api/portraits/women/83.jpg","medium":"https://randomuser.me/api/portraits/med/women/83.jpg","thumbnail":"https://randomuser.me/api/portraits/thumb/women/83.jpg"},"nat":"IR"}],"info":{"seed":"e05ccf550a18cbb4","results":1,"page":1,"version":"1.4"}} 
 </msg>
<msg time="2024-04-02T20:13:55.500905" level="INFO">/opt/hostedtoolcache/Python/3.12.2/x64/lib/python3.12/site-packages/urllib3/connectionpool.py:1103: InsecureRequestWarning: Unverified HTTPS request is being made to host 'randomuser.me'. Adding certificate verification is strongly advised. See: https://urllib3.readthedocs.io/en/latest/advanced-usage.html#tls-warnings
  warnings.warn(</msg>
<msg time="2024-04-02T20:13:55.501009" level="INFO">${response} = &lt;Response [200]&gt;</msg>
<var>${response}</var>
<arg>consultarAPI</arg>
<arg>/api</arg>
<doc>Sends a GET request on a previously created HTTP Session.</doc>
<status status="PASS" start="2024-04-02T20:13:55.422544" elapsed="0.078506"/>
</kw>
<kw name="Set Variable" owner="BuiltIn">
<msg time="2024-04-02T20:13:55.502226" level="INFO">${json_data} = {'results': [{'gender': 'female', 'name': {'title': 'Miss', 'first': 'هلیا', 'last': 'پارسا'}, 'location': {'street': {'number': 3968, 'name': 'شهید سرتیپ نامجو'}, 'city': 'قرچک', 'state': 'مرکزی', 'c...</msg>
<var>${json_data}</var>
<arg>${response.json()}</arg>
<doc>Returns the given values which can then be assigned to a variables.</doc>
<status status="PASS" start="2024-04-02T20:13:55.501634" elapsed="0.000624"/>
</kw>
<kw name="Log" owner="BuiltIn">
<msg time="2024-04-02T20:13:55.502735" level="INFO">{'results': [{'gender': 'female', 'name': {'title': 'Miss', 'first': 'هلیا', 'last': 'پارسا'}, 'location': {'street': {'number': 3968, 'name': 'شهید سرتیپ نامجو'}, 'city': 'قرچک', 'state': 'مرکزی', 'country': 'Iran', 'postcode': 88258, 'coordinates': {'latitude': '15.2715', 'longitude': '161.1338'}, 'timezone': {'offset': '-1:00', 'description': 'Azores, Cape Verde Islands'}}, 'email': 'hly.prs@example.com', 'login': {'uuid': 'cc3667aa-d7d5-4018-a0b2-6f18d188d7df', 'username': 'blackkoala956', 'password': 'ratman', 'salt': 'C1uagHQb', 'md5': '9c5a0e4c2c2ff607e079a1b8d90e8961', 'sha1': '5648384ad2ffac9849ad04ee6f07b615fe343420', 'sha256': '325bc8b8fb92969948f727900f0a7529e104b356f38af2d51c8353131533fb2c'}, 'dob': {'date': '1951-03-08T15:57:25.995Z', 'age': 73}, 'registered': {'date': '2012-10-19T13:12:11.341Z', 'age': 11}, 'phone': '015-58489991', 'cell': '0971-040-9794', 'id': {'name': '', 'value': None}, 'picture': {'large': 'https://randomuser.me/api/portraits/women/83.jpg', 'medium': 'https://randomuser.me/api/portraits/med/women/83.jpg', 'thumbnail': 'https://randomuser.me/api/portraits/thumb/women/83.jpg'}, 'nat': 'IR'}], 'info': {'seed': 'e05ccf550a18cbb4', 'results': 1, 'page': 1, 'version': '1.4'}}</msg>
<arg>${json_data}</arg>
<doc>Logs the given message with the given level.</doc>
<status status="PASS" start="2024-04-02T20:13:55.502573" elapsed="0.000212"/>
</kw>
<kw name="Dictionary Should Contain Key" owner="Collections">
<msg time="2024-04-02T20:13:55.503238" level="INFO">False</msg>
<arg>${json_data}</arg>
<arg>results</arg>
<doc>Fails if ``key`` is not found from ``dictionary``.</doc>
<status status="PASS" start="2024-04-02T20:13:55.503087" elapsed="0.000188"/>
</kw>
<kw name="Should Not Be Empty" owner="BuiltIn">
<msg time="2024-04-02T20:13:55.503697" level="INFO">Length is 2.</msg>
<arg>${json_data}</arg>
<doc>Verifies that the given item is not empty.</doc>
<status status="PASS" start="2024-04-02T20:13:55.503565" elapsed="0.000170"/>
</kw>
<kw name="Create List" owner="BuiltIn">
<msg time="2024-04-02T20:13:55.504171" level="INFO">${expected_keys} = ['gender', 'name', 'location', 'email', 'login']</msg>
<var>${expected_keys}</var>
<arg>gender</arg>
<arg>name</arg>
<arg>location</arg>
<arg>email</arg>
<arg>login</arg>
<doc>Returns a list containing given items.</doc>
<status status="PASS" start="2024-04-02T20:13:55.504024" elapsed="0.000171"/>
</kw>
<for flavor="IN">
<iter>
<kw name="Dictionary Should Contain Key" owner="Collections">
<msg time="2024-04-02T20:13:55.505204" level="INFO">False</msg>
<arg>${json_data['results'][0]}</arg>
<arg>${key}</arg>
<doc>Fails if ``key`` is not found from ``dictionary``.</doc>
<status status="PASS" start="2024-04-02T20:13:55.504794" elapsed="0.000449"/>
</kw>
<kw name="Log" owner="BuiltIn">
<msg time="2024-04-02T20:13:55.505918" level="INFO">{'gender': 'female', 'name': {'title': 'Miss', 'first': 'هلیا', 'last': 'پارسا'}, 'location': {'street': {'number': 3968, 'name': 'شهید سرتیپ نامجو'}, 'city': 'قرچک', 'state': 'مرکزی', 'country': 'Iran', 'postcode': 88258, 'coordinates': {'latitude': '15.2715', 'longitude': '161.1338'}, 'timezone': {'offset': '-1:00', 'description': 'Azores, Cape Verde Islands'}}, 'email': 'hly.prs@example.com', 'login': {'uuid': 'cc3667aa-d7d5-4018-a0b2-6f18d188d7df', 'username': 'blackkoala956', 'password': 'ratman', 'salt': 'C1uagHQb', 'md5': '9c5a0e4c2c2ff607e079a1b8d90e8961', 'sha1': '5648384ad2ffac9849ad04ee6f07b615fe343420', 'sha256': '325bc8b8fb92969948f727900f0a7529e104b356f38af2d51c8353131533fb2c'}, 'dob': {'date': '1951-03-08T15:57:25.995Z', 'age': 73}, 'registered': {'date': '2012-10-19T13:12:11.341Z', 'age': 11}, 'phone': '015-58489991', 'cell': '0971-040-9794', 'id': {'name': '', 'value': None}, 'picture': {'large': 'https://randomuser.me/api/portraits/women/83.jpg', 'medium': 'https://randomuser.me/api/portraits/med/women/83.jpg', 'thumbnail': 'https://randomuser.me/api/portraits/thumb/women/83.jpg'}, 'nat': 'IR'}</msg>
<arg>${json_data['results'][0]}</arg>
<doc>Logs the given message with the given level.</doc>
<status status="PASS" start="2024-04-02T20:13:55.505548" elapsed="0.000427"/>
</kw>
<kw name="Log" owner="BuiltIn">
<msg time="2024-04-02T20:13:55.506419" level="INFO">gender</msg>
<arg>${key}</arg>
<doc>Logs the given message with the given level.</doc>
<status status="PASS" start="2024-04-02T20:13:55.506291" elapsed="0.000166"/>
</kw>
<var name="${key}">gender</var>
<status status="PASS" start="2024-04-02T20:13:55.504670" elapsed="0.002000"/>
</iter>
<iter>
<kw name="Dictionary Should Contain Key" owner="Collections">
<msg time="2024-04-02T20:13:55.507363" level="INFO">False</msg>
<arg>${json_data['results'][0]}</arg>
<arg>${key}</arg>
<doc>Fails if ``key`` is not found from ``dictionary``.</doc>
<status status="PASS" start="2024-04-02T20:13:55.506973" elapsed="0.000427"/>
</kw>
<kw name="Log" owner="BuiltIn">
<msg time="2024-04-02T20:13:55.508094" level="INFO">{'gender': 'female', 'name': {'title': 'Miss', 'first': 'هلیا', 'last': 'پارسا'}, 'location': {'street': {'number': 3968, 'name': 'شهید سرتیپ نامجو'}, 'city': 'قرچک', 'state': 'مرکزی', 'country': 'Iran', 'postcode': 88258, 'coordinates': {'latitude': '15.2715', 'longitude': '161.1338'}, 'timezone': {'offset': '-1:00', 'description': 'Azores, Cape Verde Islands'}}, 'email': 'hly.prs@example.com', 'login': {'uuid': 'cc3667aa-d7d5-4018-a0b2-6f18d188d7df', 'username': 'blackkoala956', 'password': 'ratman', 'salt': 'C1uagHQb', 'md5': '9c5a0e4c2c2ff607e079a1b8d90e8961', 'sha1': '5648384ad2ffac9849ad04ee6f07b615fe343420', 'sha256': '325bc8b8fb92969948f727900f0a7529e104b356f38af2d51c8353131533fb2c'}, 'dob': {'date': '1951-03-08T15:57:25.995Z', 'age': 73}, 'registered': {'date': '2012-10-19T13:12:11.341Z', 'age': 11}, 'phone': '015-58489991', 'cell': '0971-040-9794', 'id': {'name': '', 'value': None}, 'picture': {'large': 'https://randomuser.me/api/portraits/women/83.jpg', 'medium': 'https://randomuser.me/api/portraits/med/women/83.jpg', 'thumbnail': 'https://randomuser.me/api/portraits/thumb/women/83.jpg'}, 'nat': 'IR'}</msg>
<arg>${json_data['results'][0]}</arg>
<doc>Logs the given message with the given level.</doc>
<status status="PASS" start="2024-04-02T20:13:55.507731" elapsed="0.000413"/>
</kw>
<kw name="Log" owner="BuiltIn">
<msg time="2024-04-02T20:13:55.508727" level="INFO">name</msg>
<arg>${key}</arg>
<doc>Logs the given message with the given level.</doc>
<status status="PASS" start="2024-04-02T20:13:55.508541" elapsed="0.000247"/>
</kw>
<var name="${key}">name</var>
<status status="PASS" start="2024-04-02T20:13:55.506859" elapsed="0.002198"/>
</iter>
<iter>
<kw name="Dictionary Should Contain Key" owner="Collections">
<msg time="2024-04-02T20:13:55.509799" level="INFO">False</msg>
<arg>${json_data['results'][0]}</arg>
<arg>${key}</arg>
<doc>Fails if ``key`` is not found from ``dictionary``.</doc>
<status status="PASS" start="2024-04-02T20:13:55.509418" elapsed="0.000420"/>
</kw>
<kw name="Log" owner="BuiltIn">
<msg time="2024-04-02T20:13:55.510505" level="INFO">{'gender': 'female', 'name': {'title': 'Miss', 'first': 'هلیا', 'last': 'پارسا'}, 'location': {'street': {'number': 3968, 'name': 'شهید سرتیپ نامجو'}, 'city': 'قرچک', 'state': 'مرکزی', 'country': 'Iran', 'postcode': 88258, 'coordinates': {'latitude': '15.2715', 'longitude': '161.1338'}, 'timezone': {'offset': '-1:00', 'description': 'Azores, Cape Verde Islands'}}, 'email': 'hly.prs@example.com', 'login': {'uuid': 'cc3667aa-d7d5-4018-a0b2-6f18d188d7df', 'username': 'blackkoala956', 'password': 'ratman', 'salt': 'C1uagHQb', 'md5': '9c5a0e4c2c2ff607e079a1b8d90e8961', 'sha1': '5648384ad2ffac9849ad04ee6f07b615fe343420', 'sha256': '325bc8b8fb92969948f727900f0a7529e104b356f38af2d51c8353131533fb2c'}, 'dob': {'date': '1951-03-08T15:57:25.995Z', 'age': 73}, 'registered': {'date': '2012-10-19T13:12:11.341Z', 'age': 11}, 'phone': '015-58489991', 'cell': '0971-040-9794', 'id': {'name': '', 'value': None}, 'picture': {'large': 'https://randomuser.me/api/portraits/women/83.jpg', 'medium': 'https://randomuser.me/api/portraits/med/women/83.jpg', 'thumbnail': 'https://randomuser.me/api/portraits/thumb/women/83.jpg'}, 'nat': 'IR'}</msg>
<arg>${json_data['results'][0]}</arg>
<doc>Logs the given message with the given level.</doc>
<status status="PASS" start="2024-04-02T20:13:55.510138" elapsed="0.000422"/>
</kw>
<kw name="Log" owner="BuiltIn">
<msg time="2024-04-02T20:13:55.511232" level="INFO">location</msg>
<arg>${key}</arg>
<doc>Logs the given message with the given level.</doc>
<status status="PASS" start="2024-04-02T20:13:55.511031" elapsed="0.000261"/>
</kw>
<var name="${key}">location</var>
<status status="PASS" start="2024-04-02T20:13:55.509283" elapsed="0.002338"/>
</iter>
<iter>
<kw name="Dictionary Should Contain Key" owner="Collections">
<msg time="2024-04-02T20:13:55.512404" level="INFO">False</msg>
<arg>${json_data['results'][0]}</arg>
<arg>${key}</arg>
<doc>Fails if ``key`` is not found from ``dictionary``.</doc>
<status status="PASS" start="2024-04-02T20:13:55.511987" elapsed="0.000456"/>
</kw>
<kw name="Log" owner="BuiltIn">
<msg time="2024-04-02T20:13:55.513153" level="INFO">{'gender': 'female', 'name': {'title': 'Miss', 'first': 'هلیا', 'last': 'پارسا'}, 'location': {'street': {'number': 3968, 'name': 'شهید سرتیپ نامجو'}, 'city': 'قرچک', 'state': 'مرکزی', 'country': 'Iran', 'postcode': 88258, 'coordinates': {'latitude': '15.2715', 'longitude': '161.1338'}, 'timezone': {'offset': '-1:00', 'description': 'Azores, Cape Verde Islands'}}, 'email': 'hly.prs@example.com', 'login': {'uuid': 'cc3667aa-d7d5-4018-a0b2-6f18d188d7df', 'username': 'blackkoala956', 'password': 'ratman', 'salt': 'C1uagHQb', 'md5': '9c5a0e4c2c2ff607e079a1b8d90e8961', 'sha1': '5648384ad2ffac9849ad04ee6f07b615fe343420', 'sha256': '325bc8b8fb92969948f727900f0a7529e104b356f38af2d51c8353131533fb2c'}, 'dob': {'date': '1951-03-08T15:57:25.995Z', 'age': 73}, 'registered': {'date': '2012-10-19T13:12:11.341Z', 'age': 11}, 'phone': '015-58489991', 'cell': '0971-040-9794', 'id': {'name': '', 'value': None}, 'picture': {'large': 'https://randomuser.me/api/portraits/women/83.jpg', 'medium': 'https://randomuser.me/api/portraits/med/women/83.jpg', 'thumbnail': 'https://randomuser.me/api/portraits/thumb/women/83.jpg'}, 'nat': 'IR'}</msg>
<arg>${json_data['results'][0]}</arg>
<doc>Logs the given message with the given level.</doc>
<status status="PASS" start="2024-04-02T20:13:55.512781" elapsed="0.000423"/>
</kw>
<kw name="Log" owner="BuiltIn">
<msg time="2024-04-02T20:13:55.513631" level="INFO">email</msg>
<arg>${key}</arg>
<doc>Logs the given message with the given level.</doc>
<status status="PASS" start="2024-04-02T20:13:55.513502" elapsed="0.000168"/>
</kw>
<var name="${key}">email</var>
<status status="PASS" start="2024-04-02T20:13:55.511833" elapsed="0.002051"/>
</iter>
<iter>
<kw name="Dictionary Should Contain Key" owner="Collections">
<msg time="2024-04-02T20:13:55.514584" level="INFO">False</msg>
<arg>${json_data['results'][0]}</arg>
<arg>${key}</arg>
<doc>Fails if ``key`` is not found from ``dictionary``.</doc>
<status status="PASS" start="2024-04-02T20:13:55.514174" elapsed="0.000447"/>
</kw>
<kw name="Log" owner="BuiltIn">
<msg time="2024-04-02T20:13:55.515290" level="INFO">{'gender': 'female', 'name': {'title': 'Miss', 'first': 'هلیا', 'last': 'پارسا'}, 'location': {'street': {'number': 3968, 'name': 'شهید سرتیپ نامجو'}, 'city': 'قرچک', 'state': 'مرکزی', 'country': 'Iran', 'postcode': 88258, 'coordinates': {'latitude': '15.2715', 'longitude': '161.1338'}, 'timezone': {'offset': '-1:00', 'description': 'Azores, Cape Verde Islands'}}, 'email': 'hly.prs@example.com', 'login': {'uuid': 'cc3667aa-d7d5-4018-a0b2-6f18d188d7df', 'username': 'blackkoala956', 'password': 'ratman', 'salt': 'C1uagHQb', 'md5': '9c5a0e4c2c2ff607e079a1b8d90e8961', 'sha1': '5648384ad2ffac9849ad04ee6f07b615fe343420', 'sha256': '325bc8b8fb92969948f727900f0a7529e104b356f38af2d51c8353131533fb2c'}, 'dob': {'date': '1951-03-08T15:57:25.995Z', 'age': 73}, 'registered': {'date': '2012-10-19T13:12:11.341Z', 'age': 11}, 'phone': '015-58489991', 'cell': '0971-040-9794', 'id': {'name': '', 'value': None}, 'picture': {'large': 'https://randomuser.me/api/portraits/women/83.jpg', 'medium': 'https://randomuser.me/api/portraits/med/women/83.jpg', 'thumbnail': 'https://randomuser.me/api/portraits/thumb/women/83.jpg'}, 'nat': 'IR'}</msg>
<arg>${json_data['results'][0]}</arg>
<doc>Logs the given message with the given level.</doc>
<status status="PASS" start="2024-04-02T20:13:55.514926" elapsed="0.000413"/>
</kw>
<kw name="Log" owner="BuiltIn">
<msg time="2024-04-02T20:13:55.515761" level="INFO">login</msg>
<arg>${key}</arg>
<doc>Logs the given message with the given level.</doc>
<status status="PASS" start="2024-04-02T20:13:55.515634" elapsed="0.000271"/>
</kw>
<var name="${key}">login</var>
<status status="PASS" start="2024-04-02T20:13:55.514058" elapsed="0.002097"/>
</iter>
<var>${key}</var>
<value>@{expected_keys}</value>
<status status="PASS" start="2024-04-02T20:13:55.504488" elapsed="0.011844"/>
</for>
<kw name="Create List" owner="BuiltIn">
<msg time="2024-04-02T20:13:55.516678" level="INFO">${expected_keysTwo} = ['username', 'password']</msg>
<var>${expected_keysTwo}</var>
<arg>username</arg>
<arg>password</arg>
<doc>Returns a list containing given items.</doc>
<status status="PASS" start="2024-04-02T20:13:55.516537" elapsed="0.000165"/>
</kw>
<for flavor="IN">
<iter>
<kw name="Dictionary Should Contain Key" owner="Collections">
<msg time="2024-04-02T20:13:55.517631" level="INFO">False</msg>
<arg>${json_data['results'][0]['login']}</arg>
<arg>${keyTwo}</arg>
<doc>Fails if ``key`` is not found from ``dictionary``.</doc>
<status status="PASS" start="2024-04-02T20:13:55.517208" elapsed="0.000487"/>
</kw>
<kw name="Dictionary Should Contain Key" owner="Collections">
<msg time="2024-04-02T20:13:55.518795" level="INFO">False</msg>
<arg>${json_data['results'][0]['login']}</arg>
<arg>${keyTwo}</arg>
<doc>Fails if ``key`` is not found from ``dictionary``.</doc>
<status status="PASS" start="2024-04-02T20:13:55.518156" elapsed="0.000683"/>
</kw>
<kw name="Log" owner="BuiltIn">
<msg time="2024-04-02T20:13:55.519343" level="INFO">username</msg>
<arg>${keyTwo}</arg>
<doc>Logs the given message with the given level.</doc>
<status status="PASS" start="2024-04-02T20:13:55.519204" elapsed="0.000179"/>
</kw>
<var name="${keyTwo}">username</var>
<status status="PASS" start="2024-04-02T20:13:55.517098" elapsed="0.002547"/>
</iter>
<iter>
<kw name="Dictionary Should Contain Key" owner="Collections">
<msg time="2024-04-02T20:13:55.520593" level="INFO">False</msg>
<arg>${json_data['results'][0]['login']}</arg>
<arg>${keyTwo}</arg>
<doc>Fails if ``key`` is not found from ``dictionary``.</doc>
<status status="PASS" start="2024-04-02T20:13:55.520096" elapsed="0.000537"/>
</kw>
<kw name="Dictionary Should Contain Key" owner="Collections">
<msg time="2024-04-02T20:13:55.521560" level="INFO">False</msg>
<arg>${json_data['results'][0]['login']}</arg>
<arg>${keyTwo}</arg>
<doc>Fails if ``key`` is not found from ``dictionary``.</doc>
<status status="PASS" start="2024-04-02T20:13:55.521050" elapsed="0.000549"/>
</kw>
<kw name="Log" owner="BuiltIn">
<msg time="2024-04-02T20:13:55.522041" level="INFO">password</msg>
<arg>${keyTwo}</arg>
<doc>Logs the given message with the given level.</doc>
<status status="PASS" start="2024-04-02T20:13:55.521908" elapsed="0.000172"/>
</kw>
<var name="${keyTwo}">password</var>
<status status="PASS" start="2024-04-02T20:13:55.519936" elapsed="0.002363"/>
</iter>
<var>${keyTwo}</var>
<value>@{expected_keysTwo}</value>
<status status="PASS" start="2024-04-02T20:13:55.516943" elapsed="0.005480"/>
</for>
<status status="PASS" start="2024-04-02T20:13:55.422307" elapsed="0.100258"/>
</kw>
<doc>Testa a estrutura da resposta da API.</doc>
<tag>testeEstruturaResposta</tag>
<status status="PASS" start="2024-04-02T20:13:55.421552" elapsed="0.101175"/>
</test>
<test id="s1-s1-t4" name="Validar tipos de dados" line="28">
<kw name="Teste de Tipos de Dados" owner="random-user-service">
<kw name="GET On Session" owner="RequestsLibrary">
<msg time="2024-04-02T20:13:55.575819" level="INFO">GET Request : url=https://randomuser.me/api 
 path_url=/api 
 headers={'User-Agent': 'python-requests/2.31.0', 'Accept-Encoding': 'gzip, deflate', 'Accept': '*/*', 'Connection': 'keep-alive'} 
 body=None 
 </msg>
<msg time="2024-04-02T20:13:55.575886" level="INFO">GET Response : url=https://randomuser.me/api 
 status=200, reason=OK 
 headers={'Date': 'Tue, 02 Apr 2024 20:13:55 GMT', 'Content-Type': 'application/json; charset=utf-8', 'Transfer-Encoding': 'chunked', 'Connection': 'keep-alive', 'X-Powered-By': 'Express', 'Access-Control-Allow-Origin': '*', 'Cache-Control': 'no-cache', 'ETag': 'W/"471-5PWAUJbrfiEuqfKI4vyhXruwyRA"', 'Vary': 'Accept-Encoding', 'Content-Encoding': 'gzip', 'CF-Cache-Status': 'DYNAMIC', 'Report-To': '{"endpoints":[{"url":"https:\\/\\/a.nel.cloudflare.com\\/report\\/v4?s=r919oOVmeNQt5tUPQKHD8j9RdXTYOVV3Ik5dzsxK4G%2FaW9bxwKTTgYsJevW6o2ogSU9jFPzrV6OQV1VL%2FaXi7G%2BWcuNgMcEBYnPnRQQfGX6xWWJzZ3t%2By7Z%2BCFWffZ9j"}],"group":"cf-nel","max_age":604800}', 'NEL': '{"success_fraction":0,"report_to":"cf-nel","max_age":604800}', 'Server': 'cloudflare', 'CF-RAY': '86e37b761878200a-IAD', 'alt-svc': 'h3=":443"; ma=86400'} 
 body={"results":[{"gender":"male","name":{"title":"Mr","first":"Dibach","last":"Kulzhinskiy"},"location":{"street":{"number":1362,"name":"Chumacka"},"city":"Starobilsk","state":"Odeska","country":"Ukraine","postcode":93965,"coordinates":{"latitude":"78.8705","longitude":"-100.7069"},"timezone":{"offset":"+4:30","description":"Kabul"}},"email":"dibach.kulzhinskiy@example.com","login":{"uuid":"57a2fd9e-2052-48b9-8316-f3775967ae32","username":"beautifulgorilla984","password":"cobra","salt":"jcwkGSJX","md5":"17edb69328b99e895a9e90b52a735d27","sha1":"469feedcd502f6c7a2667fb55057ee3c758fb9e0","sha256":"d189558426406f6f7fa689ea3abfe4b94474d330e3075175837ca0dde510d5cb"},"dob":{"date":"1955-08-21T04:08:43.222Z","age":68},"registered":{"date":"2012-03-28T04:37:34.915Z","age":12},"phone":"(068) P44-6921","cell":"(068) P29-4281","id":{"name":"","value":null},"picture":{"large":"https://randomuser.me/api/portraits/men/46.jpg","medium":"https://randomuser.me/api/portraits/med/men/46.jpg","thumbnail":"https://randomuser.me/api/portraits/thumb/men/46.jpg"},"nat":"UA"}],"info":{"seed":"eca623fc71bacb9e","results":1,"page":1,"version":"1.4"}} 
 </msg>
<msg time="2024-04-02T20:13:55.575943" level="INFO">/opt/hostedtoolcache/Python/3.12.2/x64/lib/python3.12/site-packages/urllib3/connectionpool.py:1103: InsecureRequestWarning: Unverified HTTPS request is being made to host 'randomuser.me'. Adding certificate verification is strongly advised. See: https://urllib3.readthedocs.io/en/latest/advanced-usage.html#tls-warnings
  warnings.warn(</msg>
<msg time="2024-04-02T20:13:55.576033" level="INFO">${response} = &lt;Response [200]&gt;</msg>
<var>${response}</var>
<arg>consultarAPI</arg>
<arg>/api</arg>
<doc>Sends a GET request on a previously created HTTP Session.</doc>
<status status="PASS" start="2024-04-02T20:13:55.525310" elapsed="0.050762"/>
</kw>
<kw name="Set Variable" owner="BuiltIn">
<msg time="2024-04-02T20:13:55.577207" level="INFO">${json_data} = {'results': [{'gender': 'male', 'name': {'title': 'Mr', 'first': 'Dibach', 'last': 'Kulzhinskiy'}, 'location': {'street': {'number': 1362, 'name': 'Chumacka'}, 'city': 'Starobilsk', 'state': 'Odeska',...</msg>
<var>${json_data}</var>
<arg>${response.json()}</arg>
<doc>Returns the given values which can then be assigned to a variables.</doc>
<status status="PASS" start="2024-04-02T20:13:55.576605" elapsed="0.000631"/>
</kw>
<kw name="Log" owner="BuiltIn">
<msg time="2024-04-02T20:13:55.577699" level="INFO">{'results': [{'gender': 'male', 'name': {'title': 'Mr', 'first': 'Dibach', 'last': 'Kulzhinskiy'}, 'location': {'street': {'number': 1362, 'name': 'Chumacka'}, 'city': 'Starobilsk', 'state': 'Odeska', 'country': 'Ukraine', 'postcode': 93965, 'coordinates': {'latitude': '78.8705', 'longitude': '-100.7069'}, 'timezone': {'offset': '+4:30', 'description': 'Kabul'}}, 'email': 'dibach.kulzhinskiy@example.com', 'login': {'uuid': '57a2fd9e-2052-48b9-8316-f3775967ae32', 'username': 'beautifulgorilla984', 'password': 'cobra', 'salt': 'jcwkGSJX', 'md5': '17edb69328b99e895a9e90b52a735d27', 'sha1': '469feedcd502f6c7a2667fb55057ee3c758fb9e0', 'sha256': 'd189558426406f6f7fa689ea3abfe4b94474d330e3075175837ca0dde510d5cb'}, 'dob': {'date': '1955-08-21T04:08:43.222Z', 'age': 68}, 'registered': {'date': '2012-03-28T04:37:34.915Z', 'age': 12}, 'phone': '(068) P44-6921', 'cell': '(068) P29-4281', 'id': {'name': '', 'value': None}, 'picture': {'large': 'https://randomuser.me/api/portraits/men/46.jpg', 'medium': 'https://randomuser.me/api/portraits/med/men/46.jpg', 'thumbnail': 'https://randomuser.me/api/portraits/thumb/men/46.jpg'}, 'nat': 'UA'}], 'info': {'seed': 'eca623fc71bacb9e', 'results': 1, 'page': 1, 'version': '1.4'}}</msg>
<arg>${json_data}</arg>
<doc>Logs the given message with the given level.</doc>
<status status="PASS" start="2024-04-02T20:13:55.577547" elapsed="0.000231"/>
</kw>
<kw name="Should Be String" owner="String">
<arg>${json_data['results'][0]['gender']}</arg>
<doc>Fails if the given ``item`` is not a string.</doc>
<status status="PASS" start="2024-04-02T20:13:55.578081" elapsed="0.000360"/>
</kw>
<kw name="Should Match Regexp" owner="BuiltIn">
<arg>${json_data['results'][0]['email']}</arg>
<arg>^[a-zA-Z0-9._%+-]+@[a-zA-Z0-9.-]+\.[a-zA-Z]{2,}$</arg>
<doc>Fails if ``string`` does not match ``pattern`` as a regular expression.</doc>
<status status="PASS" start="2024-04-02T20:13:55.578635" elapsed="0.000514"/>
</kw>
<kw name="Should Match Regexp" owner="BuiltIn">
<arg>${json_data['results'][0]['dob']['date']}</arg>
<arg>\\d{4}-\\d{2}-\\d{2}T\\d{2}:\\d{2}:\\d{2}\\.\\d{3}Z</arg>
<doc>Fails if ``string`` does not match ``pattern`` as a regular expression.</doc>
<status status="PASS" start="2024-04-02T20:13:55.579344" elapsed="0.000493"/>
</kw>
<kw name="Should Match Regexp" owner="BuiltIn">
<arg>${json_data['results'][0]['registered']['date']}</arg>
<arg>\\d{4}-\\d{2}-\\d{2}T\\d{2}:\\d{2}:\\d{2}\\.\\d{3}Z</arg>
<doc>Fails if ``string`` does not match ``pattern`` as a regular expression.</doc>
<status status="PASS" start="2024-04-02T20:13:55.580028" elapsed="0.000417"/>
</kw>
<kw name="Should Match Regexp" owner="BuiltIn">
<arg>${json_data['results'][0]['picture']['large']}</arg>
<arg>^https?://.*\.(?:png|jpe?g|gif|bmp)$</arg>
<doc>Fails if ``string`` does not match ``pattern`` as a regular expression.</doc>
<status status="PASS" start="2024-04-02T20:13:55.580635" elapsed="0.000462"/>
</kw>
<kw name="Should Match Regexp" owner="BuiltIn">
<arg>${json_data['results'][0]['picture']['medium']}</arg>
<arg>^https?://.*\.(?:png|jpe?g|gif|bmp)$</arg>
<doc>Fails if ``string`` does not match ``pattern`` as a regular expression.</doc>
<status status="PASS" start="2024-04-02T20:13:55.581288" elapsed="0.000362"/>
</kw>
<kw name="Should Match Regexp" owner="BuiltIn">
<arg>${json_data['results'][0]['picture']['thumbnail']}</arg>
<arg>^https?://.*\.(?:png|jpe?g|gif|bmp)$</arg>
<doc>Fails if ``string`` does not match ``pattern`` as a regular expression.</doc>
<status status="PASS" start="2024-04-02T20:13:55.581835" elapsed="0.000360"/>
</kw>
<kw name="Log" owner="BuiltIn">
<msg time="2024-04-02T20:13:55.582711" level="INFO">{'large': 'https://randomuser.me/api/portraits/men/46.jpg', 'medium': 'https://randomuser.me/api/portraits/med/men/46.jpg', 'thumbnail': 'https://randomuser.me/api/portraits/thumb/men/46.jpg'}</msg>
<arg>${json_data['results'][0]['picture']}</arg>
<doc>Logs the given message with the given level.</doc>
<status status="PASS" start="2024-04-02T20:13:55.582380" elapsed="0.000378"/>
</kw>
<status status="PASS" start="2024-04-02T20:13:55.525080" elapsed="0.057931"/>
</kw>
<kw name="Teste de Tipos de Dados - Postcode" owner="random-user-service">
<kw name="GET On Session" owner="RequestsLibrary">
<msg time="2024-04-02T20:13:55.686646" level="INFO">GET Request : url=https://randomuser.me/api 
 path_url=/api 
 headers={'User-Agent': 'python-requests/2.31.0', 'Accept-Encoding': 'gzip, deflate', 'Accept': '*/*', 'Connection': 'keep-alive'} 
 body=None 
 </msg>
<msg time="2024-04-02T20:13:55.686753" level="INFO">GET Response : url=https://randomuser.me/api 
 status=200, reason=OK 
 headers={'Date': 'Tue, 02 Apr 2024 20:13:55 GMT', 'Content-Type': 'application/json; charset=utf-8', 'Transfer-Encoding': 'chunked', 'Connection': 'keep-alive', 'X-Powered-By': 'Express', 'Access-Control-Allow-Origin': '*', 'Cache-Control': 'no-cache', 'ETag': 'W/"478-oOZm+vIxnliov/BcbmqFjSERGoA"', 'Vary': 'Accept-Encoding', 'Content-Encoding': 'gzip', 'CF-Cache-Status': 'DYNAMIC', 'Report-To': '{"endpoints":[{"url":"https:\\/\\/a.nel.cloudflare.com\\/report\\/v4?s=Dp2npRik2winad5KhjPftaeA0bDm8w%2BI83bF8%2FOzVn8NSDodRu1Yga7OEAisUNSFSCC%2B%2BMzcYZD8rrExbHHJUpn1UtnpY4kPfhTu6LbCFoprO1KADtgSITYdhGxZZVbB"}],"group":"cf-nel","max_age":604800}', 'NEL': '{"success_fraction":0,"report_to":"cf-nel","max_age":604800}', 'Server': 'cloudflare', 'CF-RAY': '86e37b7668d6200a-IAD', 'alt-svc': 'h3=":443"; ma=86400'} 
 body={"results":[{"gender":"female","name":{"title":"Miss","first":"Holly","last":"Anderson"},"location":{"street":{"number":4466,"name":"Lyttelton Avenue"},"city":"Taupo","state":"Taranaki","country":"New Zealand","postcode":93015,"coordinates":{"latitude":"54.2661","longitude":"60.0433"},"timezone":{"offset":"-3:30","description":"Newfoundland"}},"email":"holly.anderson@example.com","login":{"uuid":"603577bb-e4ce-4a35-9871-03447d4e39da","username":"bigbear319","password":"jesse","salt":"rW6PntLG","md5":"f5b1e858bc3c7405f21001aaa6b58bc0","sha1":"9dbda8dd643c95591088869c2c27ac298710de23","sha256":"5611370ada9e8d7f57423621e5f58627e0f114c7204753beae2d094c70eb3d05"},"dob":{"date":"1959-02-17T16:43:21.286Z","age":65},"registered":{"date":"2007-05-12T07:13:05.571Z","age":16},"phone":"(829)-268-6157","cell":"(267)-175-7636","id":{"name":"","value":null},"picture":{"large":"https://randomuser.me/api/portraits/women/48.jpg","medium":"https://randomuser.me/api/portraits/med/women/48.jpg","thumbnail":"https://randomuser.me/api/portraits/thumb/women/48.jpg"},"nat":"NZ"}],"info":{"seed":"a0f39c3ca40c0c94","results":1,"page":1,"version":"1.4"}} 
 </msg>
<msg time="2024-04-02T20:13:55.686851" level="INFO">/opt/hostedtoolcache/Python/3.12.2/x64/lib/python3.12/site-packages/urllib3/connectionpool.py:1103: InsecureRequestWarning: Unverified HTTPS request is being made to host 'randomuser.me'. Adding certificate verification is strongly advised. See: https://urllib3.readthedocs.io/en/latest/advanced-usage.html#tls-warnings
  warnings.warn(</msg>
<msg time="2024-04-02T20:13:55.686988" level="INFO">${response} = &lt;Response [200]&gt;</msg>
<var>${response}</var>
<arg>consultarAPI</arg>
<arg>/api</arg>
<doc>Sends a GET request on a previously created HTTP Session.</doc>
<status status="PASS" start="2024-04-02T20:13:55.583562" elapsed="0.103466"/>
</kw>
<kw name="Set Variable" owner="BuiltIn">
<msg time="2024-04-02T20:13:55.688346" level="INFO">${json_data} = {'results': [{'gender': 'female', 'name': {'title': 'Miss', 'first': 'Holly', 'last': 'Anderson'}, 'location': {'street': {'number': 4466, 'name': 'Lyttelton Avenue'}, 'city': 'Taupo', 'state': 'Taran...</msg>
<var>${json_data}</var>
<arg>${response.json()}</arg>
<doc>Returns the given values which can then be assigned to a variables.</doc>
<status status="PASS" start="2024-04-02T20:13:55.687651" elapsed="0.000724"/>
</kw>
<kw name="Log" owner="BuiltIn">
<msg time="2024-04-02T20:13:55.688841" level="INFO">{'results': [{'gender': 'female', 'name': {'title': 'Miss', 'first': 'Holly', 'last': 'Anderson'}, 'location': {'street': {'number': 4466, 'name': 'Lyttelton Avenue'}, 'city': 'Taupo', 'state': 'Taranaki', 'country': 'New Zealand', 'postcode': 93015, 'coordinates': {'latitude': '54.2661', 'longitude': '60.0433'}, 'timezone': {'offset': '-3:30', 'description': 'Newfoundland'}}, 'email': 'holly.anderson@example.com', 'login': {'uuid': '603577bb-e4ce-4a35-9871-03447d4e39da', 'username': 'bigbear319', 'password': 'jesse', 'salt': 'rW6PntLG', 'md5': 'f5b1e858bc3c7405f21001aaa6b58bc0', 'sha1': '9dbda8dd643c95591088869c2c27ac298710de23', 'sha256': '5611370ada9e8d7f57423621e5f58627e0f114c7204753beae2d094c70eb3d05'}, 'dob': {'date': '1959-02-17T16:43:21.286Z', 'age': 65}, 'registered': {'date': '2007-05-12T07:13:05.571Z', 'age': 16}, 'phone': '(829)-268-6157', 'cell': '(267)-175-7636', 'id': {'name': '', 'value': None}, 'picture': {'large': 'https://randomuser.me/api/portraits/women/48.jpg', 'medium': 'https://randomuser.me/api/portraits/med/women/48.jpg', 'thumbnail': 'https://randomuser.me/api/portraits/thumb/women/48.jpg'}, 'nat': 'NZ'}], 'info': {'seed': 'a0f39c3ca40c0c94', 'results': 1, 'page': 1, 'version': '1.4'}}</msg>
<arg>${json_data}</arg>
<doc>Logs the given message with the given level.</doc>
<status status="PASS" start="2024-04-02T20:13:55.688684" elapsed="0.000237"/>
</kw>
<kw name="Should Be Equal As Numbers" owner="BuiltIn">
<arg>${json_data['results'][0]['location']['postcode']}</arg>
<arg>${json_data['results'][0]['location']['postcode']}</arg>
<doc>Fails if objects are unequal after converting them to real numbers.</doc>
<status status="PASS" start="2024-04-02T20:13:55.689224" elapsed="0.000629"/>
</kw>
<kw name="Log" owner="BuiltIn">
<msg time="2024-04-02T20:13:55.690379" level="INFO">93015</msg>
<arg>${json_data['results'][0]['location']['postcode']}</arg>
<doc>Logs the given message with the given level.</doc>
<status status="PASS" start="2024-04-02T20:13:55.690046" elapsed="0.000373"/>
</kw>
<status status="PASS" start="2024-04-02T20:13:55.583223" elapsed="0.107453"/>
</kw>
<doc>Testa se os tipos de dados na resposta da API estão corretos.</doc>
<tag>testeTiposDados</tag>
<status status="PASS" start="2024-04-02T20:13:55.524537" elapsed="0.166315"/>
</test>
<test id="s1-s1-t5" name="Validar conteudo" line="35">
<kw name="Teste de Tipos de Conteudo" owner="random-user-service">
<kw name="GET On Session" owner="RequestsLibrary">
<msg time="2024-04-02T20:13:55.779974" level="INFO">GET Request : url=https://randomuser.me/api 
 path_url=/api 
 headers={'User-Agent': 'python-requests/2.31.0', 'Accept-Encoding': 'gzip, deflate', 'Accept': '*/*', 'Connection': 'keep-alive'} 
 body=None 
 </msg>
<msg time="2024-04-02T20:13:55.780066" level="INFO">GET Response : url=https://randomuser.me/api 
 status=200, reason=OK 
 headers={'Date': 'Tue, 02 Apr 2024 20:13:55 GMT', 'Content-Type': 'application/json; charset=utf-8', 'Transfer-Encoding': 'chunked', 'Connection': 'keep-alive', 'X-Powered-By': 'Express', 'Access-Control-Allow-Origin': '*', 'Cache-Control': 'no-cache', 'ETag': 'W/"47f-2+RUw6Iejtm9nju12Ea88ZxEh/I"', 'Vary': 'Accept-Encoding', 'Content-Encoding': 'gzip', 'CF-Cache-Status': 'DYNAMIC', 'Report-To': '{"endpoints":[{"url":"https:\\/\\/a.nel.cloudflare.com\\/report\\/v4?s=Pfl34dkg6zqWPYqwgJJV%2BgghTEWrwBvWEGBO2ubGgRe1RK2C7d3ldHhJ%2F8FxRQkcAD9vPYUO2W%2BuDwYOT5vlSkgYR4YWwN5D8y7mWrT1ZesO2KuaMq6%2BupZ0DZB%2FG%2BKx"}],"group":"cf-nel","max_age":604800}', 'NEL': '{"success_fraction":0,"report_to":"cf-nel","max_age":604800}', 'Server': 'cloudflare', 'CF-RAY': '86e37b771a03200a-IAD', 'alt-svc': 'h3=":443"; ma=86400'} 
 body={"results":[{"gender":"female","name":{"title":"Ms","first":"مهرسا","last":"یاسمی"},"location":{"street":{"number":6884,"name":"میدان آزادی"},"city":"ایلام","state":"خوزستان","country":"Iran","postcode":34926,"coordinates":{"latitude":"20.6905","longitude":"144.4460"},"timezone":{"offset":"-10:00","description":"Hawaii"}},"email":"mhrs.ysmy@example.com","login":{"uuid":"bfd1ba25-456a-4c47-ba38-a8437a5d41dc","username":"lazymouse567","password":"chicago1","salt":"uyNVrCRQ","md5":"a56d68236a61ebda3ee83f455ffcba68","sha1":"0e6a51863d5179e74ab96ae516aba205a2fec4b4","sha256":"5a51cd9d1762ee5453ef144f07f1d94425cfda724ef32a76436ed423e5e18efe"},"dob":{"date":"1959-05-18T10:02:35.467Z","age":64},"registered":{"date":"2006-05-16T23:29:46.152Z","age":17},"phone":"063-82087731","cell":"0970-657-4052","id":{"name":"","value":null},"picture":{"large":"https://randomuser.me/api/portraits/women/46.jpg","medium":"https://randomuser.me/api/portraits/med/women/46.jpg","thumbnail":"https://randomuser.me/api/portraits/thumb/women/46.jpg"},"nat":"IR"}],"info":{"seed":"fa4c74385bdd02aa","results":1,"page":1,"version":"1.4"}} 
 </msg>
<msg time="2024-04-02T20:13:55.780138" level="INFO">/opt/hostedtoolcache/Python/3.12.2/x64/lib/python3.12/site-packages/urllib3/connectionpool.py:1103: InsecureRequestWarning: Unverified HTTPS request is being made to host 'randomuser.me'. Adding certificate verification is strongly advised. See: https://urllib3.readthedocs.io/en/latest/advanced-usage.html#tls-warnings
  warnings.warn(</msg>
<msg time="2024-04-02T20:13:55.780257" level="INFO">${response} = &lt;Response [200]&gt;</msg>
<var>${response}</var>
<arg>consultarAPI</arg>
<arg>/api</arg>
<doc>Sends a GET request on a previously created HTTP Session.</doc>
<status status="PASS" start="2024-04-02T20:13:55.693391" elapsed="0.086910"/>
</kw>
<kw name="Set Variable" owner="BuiltIn">
<msg time="2024-04-02T20:13:55.781516" level="INFO">${json_data} = {'results': [{'gender': 'female', 'name': {'title': 'Ms', 'first': 'مهرسا', 'last': 'یاسمی'}, 'location': {'street': {'number': 6884, 'name': 'میدان آزادی'}, 'city': 'ایلام', 'state': 'خوزستان', 'coun...</msg>
<var>${json_data}</var>
<arg>${response.json()}</arg>
<doc>Returns the given values which can then be assigned to a variables.</doc>
<status status="PASS" start="2024-04-02T20:13:55.780870" elapsed="0.000677"/>
</kw>
<kw name="Set Variable" owner="BuiltIn">
<msg time="2024-04-02T20:13:55.782247" level="INFO">${name_title} = Ms</msg>
<var>${name_title}</var>
<arg>${json_data["results"][0]["name"]["title"]}</arg>
<doc>Returns the given values which can then be assigned to a variables.</doc>
<status status="PASS" start="2024-04-02T20:13:55.781863" elapsed="0.000410"/>
</kw>
<kw name="Create List" owner="BuiltIn">
<msg time="2024-04-02T20:13:55.782719" level="INFO">${allowed_titles} = ['Mr', 'Ms', 'Miss', 'Mrs', 'Madame', 'Monsieur']</msg>
<var>${allowed_titles}</var>
<arg>Mr</arg>
<arg>Ms</arg>
<arg>Miss</arg>
<arg>Mrs</arg>
<arg>Madame</arg>
<arg>Monsieur</arg>
<doc>Returns a list containing given items.</doc>
<status status="PASS" start="2024-04-02T20:13:55.782570" elapsed="0.000174"/>
</kw>
<kw name="List Should Contain Value" owner="Collections">
<msg time="2024-04-02T20:13:55.783231" level="INFO">False</msg>
<arg>${allowed_titles}</arg>
<arg>${name_title}</arg>
<doc>Fails if the ``value`` is not found from ``list``.</doc>
<status status="PASS" start="2024-04-02T20:13:55.783048" elapsed="0.000220"/>
</kw>
<kw name="Set Variable" owner="BuiltIn">
<msg time="2024-04-02T20:13:55.783936" level="INFO">${name_country} = IR</msg>
<var>${name_country}</var>
<arg>${json_data["results"][0]["nat"]}</arg>
<doc>Returns the given values which can then be assigned to a variables.</doc>
<status status="PASS" start="2024-04-02T20:13:55.783556" elapsed="0.000405"/>
</kw>
<kw name="Create List" owner="BuiltIn">
<msg time="2024-04-02T20:13:55.784904" level="INFO">${list_country} = ['AD', 'AE', 'AF', 'AG', 'AI', 'AL', 'AM', 'AO', 'AQ', 'AR', 'AS', 'AT', 'AU', 'AW', 'AX', 'AZ', 'BA', 'BB', 'BD', 'BE', 'BF', 'BG', 'BH', 'BI', 'BJ', 'BL', 'BM', 'BN', 'BO', 'BQ', 'BR', 'BS', 'BT', '...</msg>
<var>${list_country}</var>
<arg>AD</arg>
<arg>AE</arg>
<arg>AF</arg>
<arg>AG</arg>
<arg>AI</arg>
<arg>AL</arg>
<arg>AM</arg>
<arg>AO</arg>
<arg>AQ</arg>
<arg>AR</arg>
<arg>AS</arg>
<arg>AT</arg>
<arg>AU</arg>
<arg>AW</arg>
<arg>AX</arg>
<arg>AZ</arg>
<arg>BA</arg>
<arg>BB</arg>
<arg>BD</arg>
<arg>BE</arg>
<arg>BF</arg>
<arg>BG</arg>
<arg>BH</arg>
<arg>BI</arg>
<arg>BJ</arg>
<arg>BL</arg>
<arg>BM</arg>
<arg>BN</arg>
<arg>BO</arg>
<arg>BQ</arg>
<arg>BR</arg>
<arg>BS</arg>
<arg>BT</arg>
<arg>BV</arg>
<arg>BW</arg>
<arg>BY</arg>
<arg>BZ</arg>
<arg>CA</arg>
<arg>CC</arg>
<arg>CD</arg>
<arg>CF</arg>
<arg>CG</arg>
<arg>CH</arg>
<arg>CI</arg>
<arg>CK</arg>
<arg>CL</arg>
<arg>CM</arg>
<arg>CN</arg>
<arg>CO</arg>
<arg>CR</arg>
<arg>CU</arg>
<arg>CV</arg>
<arg>CW</arg>
<arg>CX</arg>
<arg>CY</arg>
<arg>CZ</arg>
<arg>DE</arg>
<arg>DJ</arg>
<arg>DK</arg>
<arg>DM</arg>
<arg>DO</arg>
<arg>DZ</arg>
<arg>EC</arg>
<arg>EE</arg>
<arg>EG</arg>
<arg>EH</arg>
<arg>ER</arg>
<arg>ES</arg>
<arg>ET</arg>
<arg>FI</arg>
<arg>FJ</arg>
<arg>FK</arg>
<arg>FM</arg>
<arg>FO</arg>
<arg>FR</arg>
<arg>GA</arg>
<arg>GB</arg>
<arg>GD</arg>
<arg>GE</arg>
<arg>GF</arg>
<arg>GG</arg>
<arg>GH</arg>
<arg>GI</arg>
<arg>GL</arg>
<arg>GM</arg>
<arg>GN</arg>
<arg>GP</arg>
<arg>GQ</arg>
<arg>GR</arg>
<arg>GS</arg>
<arg>GT</arg>
<arg>GU</arg>
<arg>GW</arg>
<arg>GY</arg>
<arg>HK</arg>
<arg>HM</arg>
<arg>HN</arg>
<arg>HR</arg>
<arg>HT</arg>
<arg>HU</arg>
<arg>ID</arg>
<arg>IE</arg>
<arg>IL</arg>
<arg>IM</arg>
<arg>IN</arg>
<arg>IO</arg>
<arg>IQ</arg>
<arg>IR</arg>
<arg>IS</arg>
<arg>IT</arg>
<arg>JE</arg>
<arg>JM</arg>
<arg>JO</arg>
<arg>JP</arg>
<arg>KE</arg>
<arg>KG</arg>
<arg>KH</arg>
<arg>KI</arg>
<arg>KM</arg>
<arg>KN</arg>
<arg>KP</arg>
<arg>KR</arg>
<arg>KW</arg>
<arg>KY</arg>
<arg>KZ</arg>
<arg>LA</arg>
<arg>LB</arg>
<arg>LC</arg>
<arg>LI</arg>
<arg>LK</arg>
<arg>LR</arg>
<arg>LS</arg>
<arg>LT</arg>
<arg>LU</arg>
<arg>LV</arg>
<arg>LY</arg>
<arg>MA</arg>
<arg>MC</arg>
<arg>MD</arg>
<arg>ME</arg>
<arg>MF</arg>
<arg>MG</arg>
<arg>MH</arg>
<arg>MK</arg>
<arg>ML</arg>
<arg>MM</arg>
<arg>MN</arg>
<arg>MO</arg>
<arg>MP</arg>
<arg>MQ</arg>
<arg>MR</arg>
<arg>MS</arg>
<arg>MT</arg>
<arg>MU</arg>
<arg>MV</arg>
<arg>MW</arg>
<arg>MX</arg>
<arg>MY</arg>
<arg>MZ</arg>
<arg>NA</arg>
<arg>NC</arg>
<arg>NE</arg>
<arg>NF</arg>
<arg>NG</arg>
<arg>NI</arg>
<arg>NL</arg>
<arg>NO</arg>
<arg>NP</arg>
<arg>NR</arg>
<arg>NU</arg>
<arg>NZ</arg>
<arg>OM</arg>
<arg>PA</arg>
<arg>PE</arg>
<arg>PF</arg>
<arg>PG</arg>
<arg>PH</arg>
<arg>PK</arg>
<arg>PL</arg>
<arg>PM</arg>
<arg>PN</arg>
<arg>PR</arg>
<arg>PS</arg>
<arg>PT</arg>
<arg>PW</arg>
<arg>PY</arg>
<arg>QA</arg>
<arg>RE</arg>
<arg>RO</arg>
<arg>RS</arg>
<arg>RU</arg>
<arg>RW</arg>
<arg>SA</arg>
<arg>SB</arg>
<arg>SC</arg>
<arg>SD</arg>
<arg>SE</arg>
<arg>SG</arg>
<arg>SH</arg>
<arg>SI</arg>
<arg>SJ</arg>
<arg>SK</arg>
<arg>SL</arg>
<arg>SM</arg>
<arg>SN</arg>
<arg>SO</arg>
<arg>SR</arg>
<arg>SS</arg>
<arg>ST</arg>
<arg>SV</arg>
<arg>SX</arg>
<arg>SY</arg>
<arg>SZ</arg>
<arg>TC</arg>
<arg>TD</arg>
<arg>TF</arg>
<arg>TG</arg>
<arg>TH</arg>
<arg>TJ</arg>
<arg>TK</arg>
<arg>TL</arg>
<arg>TM</arg>
<arg>TN</arg>
<arg>TO</arg>
<arg>TR</arg>
<arg>TT</arg>
<arg>TV</arg>
<arg>TW</arg>
<arg>TZ</arg>
<arg>UA</arg>
<arg>UG</arg>
<arg>UM</arg>
<arg>US</arg>
<arg>UY</arg>
<arg>UZ</arg>
<arg>VA</arg>
<arg>VC</arg>
<arg>VE</arg>
<arg>VG</arg>
<arg>VI</arg>
<arg>VN</arg>
<arg>VU</arg>
<arg>WF</arg>
<arg>WS</arg>
<arg>XK</arg>
<arg>YE</arg>
<arg>YT</arg>
<arg>ZA</arg>
<arg>ZM</arg>
<arg>ZW</arg>
<doc>Returns a list containing given items.</doc>
<status status="PASS" start="2024-04-02T20:13:55.784299" elapsed="0.000631"/>
</kw>
<kw name="List Should Contain Value" owner="Collections">
<msg time="2024-04-02T20:13:55.786035" level="INFO">False</msg>
<arg>${list_country}</arg>
<arg>${name_country}</arg>
<doc>Fails if the ``value`` is not found from ``list``.</doc>
<status status="PASS" start="2024-04-02T20:13:55.785832" elapsed="0.000241"/>
</kw>
<kw name="Run Keyword If" owner="BuiltIn">
<kw name="Should Be True" owner="BuiltIn">
<arg>${True}</arg>
<doc>Fails if the given condition is not true.</doc>
<status status="PASS" start="2024-04-02T20:13:55.787143" elapsed="0.000145"/>
</kw>
<arg>${json_data["results"][0]["location"]["coordinates"]["latitude"]} &gt;= -90 and ${json_data["results"][0]["location"]["coordinates"]["latitude"]} &lt;= 90</arg>
<arg>Should Be True</arg>
<arg>${True}</arg>
<doc>Runs the given keyword with the given arguments, if ``condition`` is true.</doc>
<status status="PASS" start="2024-04-02T20:13:55.786384" elapsed="0.001033"/>
</kw>
<kw name="Run Keyword If" owner="BuiltIn">
<kw name="Should Be True" owner="BuiltIn">
<arg>${True}</arg>
<doc>Fails if the given condition is not true.</doc>
<status status="PASS" start="2024-04-02T20:13:55.788332" elapsed="0.000142"/>
</kw>
<arg>${json_data["results"][0]["location"]["coordinates"]["longitude"]} &gt;= -180 and ${json_data["results"][0]["location"]["coordinates"]["longitude"]} &lt;= 180</arg>
<arg>Should Be True</arg>
<arg>${True}</arg>
<doc>Runs the given keyword with the given arguments, if ``condition`` is true.</doc>
<status status="PASS" start="2024-04-02T20:13:55.787605" elapsed="0.000994"/>
</kw>
<status status="PASS" start="2024-04-02T20:13:55.693165" elapsed="0.095564"/>
</kw>
<doc>Testa o conteúdo específico dos campos retornados pela API.</doc>
<tag>testeConteudo</tag>
<status status="PASS" start="2024-04-02T20:13:55.692608" elapsed="0.096274"/>
</test>
<status status="PASS" start="2024-04-02T20:13:54.626332" elapsed="1.164503"/>
</suite>
<status status="PASS" start="2024-04-02T20:13:54.611912" elapsed="1.184290"/>
</suite>
<statistics>
<total>
<stat pass="5" fail="0" skip="0">All Tests</stat>
</total>
<tag>
<stat pass="1" fail="0" skip="0">testeConteudo</stat>
<stat pass="1" fail="0" skip="0">testeEstruturaResposta</stat>
<stat pass="1" fail="0" skip="0">testeRequisicaoBasica</stat>
<stat pass="1" fail="0" skip="0">testeTiposDados</stat>
</tag>
<suite>
<stat pass="5" fail="0" skip="0" id="s1" name="Tests">Tests</stat>
<stat pass="5" fail="0" skip="0" id="s1-s1" name="Random-User-Test">Tests.Random-User-Test</stat>
</suite>
</statistics>
<errors>
</errors>
</robot>
