<?xml version="1.0" encoding="UTF-8"?>
<robot generator="Robot 7.0.1 (Python 3.12.4 on linux)" generated="2024-06-20T14:13:34.730205" rpa="false" schemaversion="5">
<suite id="s1" name="Tests" source="/home/runner/work/ApiRandomUser/ApiRandomUser/RamdonUser/tests">
<suite id="s1-s1" name="Random-User-Test" source="/home/runner/work/ApiRandomUser/ApiRandomUser/RamdonUser/tests/random-user-test.robot">
<test id="s1-s1-t1" name="Conectar" line="13">
<kw name="Conectar API" owner="random-user-service">
<kw name="Create Session" owner="RequestsLibrary">
<msg time="2024-06-20T14:13:35.168824" level="INFO">Creating Session using : alias=consultarAPI, url=https://randomuser.me/, headers={},                     cookies={}, auth=None, timeout=None, proxies=None, verify=False,                     debug=0 </msg>
<arg>consultarAPI</arg>
<arg>${URL}</arg>
<doc>Create Session: create a HTTP session to a server</doc>
<status status="PASS" start="2024-06-20T14:13:35.168587" elapsed="0.000473"/>
</kw>
<status status="PASS" start="2024-06-20T14:13:35.167507" elapsed="0.001963"/>
</kw>
<status status="PASS" start="2024-06-20T14:13:35.166818" elapsed="0.002861"/>
</test>
<test id="s1-s1-t2" name="Validar retorno 200 e JSON Válido" line="16">
<kw name="Teste de Requisicao Basica" owner="random-user-service">
<kw name="GET On Session" owner="RequestsLibrary">
<msg time="2024-06-20T14:13:35.256887" level="INFO">GET Request : url=https://randomuser.me/api 
 path_url=/api 
 headers={'User-Agent': 'python-requests/2.32.3', 'Accept-Encoding': 'gzip, deflate', 'Accept': '*/*', 'Connection': 'keep-alive'} 
 body=None 
 </msg>
<msg time="2024-06-20T14:13:35.257095" level="INFO">GET Response : url=https://randomuser.me/api 
 status=200, reason=OK 
 headers={'Date': 'Thu, 20 Jun 2024 14:13:35 GMT', 'Content-Type': 'application/json; charset=utf-8', 'Transfer-Encoding': 'chunked', 'Connection': 'keep-alive', 'X-Powered-By': 'Express', 'Access-Control-Allow-Origin': '*', 'Cache-Control': 'no-cache', 'ETag': 'W/"4b6-tg9H8pEsNYmTrZMm4pazh0gVkJ4"', 'Vary': 'Accept-Encoding', 'Content-Encoding': 'gzip', 'CF-Cache-Status': 'DYNAMIC', 'Report-To': '{"endpoints":[{"url":"https:\\/\\/a.nel.cloudflare.com\\/report\\/v4?s=xycCY5TUglnBU1mN1g8y9mhHERged0cwnw0AjDTGJdmhKvVXPqSQnf7NuWzzYJrYYqF%2BvMN0SbckfXzip8s8z%2FirZR%2FKfv%2BV%2FBLrhVCh%2F4hcP055TgaFUiEuaxzwdQ6%2B"}],"group":"cf-nel","max_age":604800}', 'NEL': '{"success_fraction":0,"report_to":"cf-nel","max_age":604800}', 'Server': 'cloudflare', 'CF-RAY': '896c5c3f1b626176-ORD', 'alt-svc': 'h3=":443"; ma=86400'} 
 body={"results":[{"gender":"male","name":{"title":"Monsieur","first":"Frank","last":"Fournier"},"location":{"street":{"number":4633,"name":"Rue de la Baleine"},"city":"Wettswil am Albis","state":"Basel-Landschaft","country":"Switzerland","postcode":1246,"coordinates":{"latitude":"-59.7342","longitude":"-141.2749"},"timezone":{"offset":"-4:00","description":"Atlantic Time (Canada), Caracas, La Paz"}},"email":"frank.fournier@example.com","login":{"uuid":"55479f23-ab9b-4811-bb23-5e5b04197f90","username":"bigduck402","password":"redfox","salt":"NRLQIee9","md5":"7be205e182ee0b9eda50b9b9f533b672","sha1":"e2299a2710e1136e65da6217d59415a8761797d5","sha256":"138d335ee0ed1a0904f771189bf2be6ac4e7edbd92f7cb85ea5820939b4f067a"},"dob":{"date":"1996-12-01T06:56:50.361Z","age":27},"registered":{"date":"2008-08-27T00:49:33.556Z","age":15},"phone":"076 154 95 02","cell":"079 413 68 04","id":{"name":"AVS","value":"756.0122.5140.00"},"picture":{"large":"https://randomuser.me/api/portraits/men/68.jpg","medium":"https://randomuser.me/api/portraits/med/men/68.jpg","thumbnail":"https://randomuser.me/api/portraits/thumb/men/68.jpg"},"nat":"CH"}],"info":{"seed":"cedea216ff1e6bd4","results":1,"page":1,"version":"1.4"}} 
 </msg>
<msg time="2024-06-20T14:13:35.257195" level="INFO">/opt/hostedtoolcache/Python/3.12.4/x64/lib/python3.12/site-packages/urllib3/connectionpool.py:1099: InsecureRequestWarning: Unverified HTTPS request is being made to host 'randomuser.me'. Adding certificate verification is strongly advised. See: https://urllib3.readthedocs.io/en/latest/advanced-usage.html#tls-warnings
  warnings.warn(</msg>
<msg time="2024-06-20T14:13:35.257362" level="INFO">${response} = &lt;Response [200]&gt;</msg>
<var>${response}</var>
<arg>consultarAPI</arg>
<arg>/api</arg>
<doc>Sends a GET request on a previously created HTTP Session.</doc>
<status status="PASS" start="2024-06-20T14:13:35.172357" elapsed="0.085051"/>
</kw>
<kw name="Should Be Equal As Numbers" owner="BuiltIn">
<msg time="2024-06-20T14:13:35.258746" level="INFO">Argument types are:
&lt;class 'int'&gt;
&lt;class 'str'&gt;</msg>
<arg>${response.status_code}</arg>
<arg>200</arg>
<doc>Fails if objects are unequal after converting them to real numbers.</doc>
<status status="PASS" start="2024-06-20T14:13:35.258185" elapsed="0.000640"/>
</kw>
<kw name="Log" owner="BuiltIn">
<msg time="2024-06-20T14:13:35.259610" level="INFO">200</msg>
<arg>${response.status_code}</arg>
<doc>Logs the given message with the given level.</doc>
<status status="PASS" start="2024-06-20T14:13:35.259222" elapsed="0.000434"/>
</kw>
<kw name="Set Variable" owner="BuiltIn">
<msg time="2024-06-20T14:13:35.260462" level="INFO">${json_data} = {'results': [{'gender': 'male', 'name': {'title': 'Monsieur', 'first': 'Frank', 'last': 'Fournier'}, 'location': {'street': {'number': 4633, 'name': 'Rue de la Baleine'}, 'city': 'Wettswil am Albis', ...</msg>
<var>${json_data}</var>
<arg>${response.json()}</arg>
<doc>Returns the given values which can then be assigned to a variables.</doc>
<status status="PASS" start="2024-06-20T14:13:35.259993" elapsed="0.000497"/>
</kw>
<kw name="Dictionary Should Contain Key" owner="Collections">
<arg>${json_data}</arg>
<arg>results</arg>
<doc>Fails if ``key`` is not found from ``dictionary``.</doc>
<status status="PASS" start="2024-06-20T14:13:35.260828" elapsed="0.000215"/>
</kw>
<status status="PASS" start="2024-06-20T14:13:35.172087" elapsed="0.089120"/>
</kw>
<doc>Testa se a API responde corretamente e retorna um objeto JSON válido.</doc>
<tag>testeRequisicaoBasica</tag>
<status status="PASS" start="2024-06-20T14:13:35.171590" elapsed="0.089805"/>
</test>
<test id="s1-s1-t3" name="Validar estrutura de resposta" line="22">
<kw name="Teste de Estrutura de Resposta" owner="random-user-service">
<kw name="GET On Session" owner="RequestsLibrary">
<msg time="2024-06-20T14:13:35.349399" level="INFO">GET Request : url=https://randomuser.me/api 
 path_url=/api 
 headers={'User-Agent': 'python-requests/2.32.3', 'Accept-Encoding': 'gzip, deflate', 'Accept': '*/*', 'Connection': 'keep-alive'} 
 body=None 
 </msg>
<msg time="2024-06-20T14:13:35.349524" level="INFO">GET Response : url=https://randomuser.me/api 
 status=200, reason=OK 
 headers={'Date': 'Thu, 20 Jun 2024 14:13:35 GMT', 'Content-Type': 'application/json; charset=utf-8', 'Transfer-Encoding': 'chunked', 'Connection': 'keep-alive', 'X-Powered-By': 'Express', 'Access-Control-Allow-Origin': '*', 'Cache-Control': 'no-cache', 'ETag': 'W/"48c-b5fV7O91aN+jkdOV+VTBa0WlABQ"', 'Vary': 'Accept-Encoding', 'Content-Encoding': 'gzip', 'CF-Cache-Status': 'DYNAMIC', 'Report-To': '{"endpoints":[{"url":"https:\\/\\/a.nel.cloudflare.com\\/report\\/v4?s=Aq3mIc0sKY7ppKMrCftUxwHPlbSG9W39eA%2FxAjuVdSAvrH%2F1T19lf1grr2IbBxOxse0gWwfLziAB0l%2BA4if6n04GbVNJadWEhqkm9eEtoYa66CrvShffYCcUyweb3xHP"}],"group":"cf-nel","max_age":604800}', 'NEL': '{"success_fraction":0,"report_to":"cf-nel","max_age":604800}', 'Server': 'cloudflare', 'CF-RAY': '896c5c3f6bc86176-ORD', 'alt-svc': 'h3=":443"; ma=86400'} 
 body={"results":[{"gender":"female","name":{"title":"Madame","first":"Tara","last":"Bertrand"},"location":{"street":{"number":8116,"name":"Rue Laure-Diebold"},"city":"Icogne","state":"Thurgau","country":"Switzerland","postcode":8258,"coordinates":{"latitude":"-63.4278","longitude":"140.2871"},"timezone":{"offset":"+5:45","description":"Kathmandu"}},"email":"tara.bertrand@example.com","login":{"uuid":"e08bce6b-2239-4df2-8ac5-ca37e8c761ff","username":"goldenrabbit663","password":"seabee","salt":"koMY8hrN","md5":"0c0c5d4689ebee60a18e12dc76742c85","sha1":"4ac9e39f6344fd9f854e1ea37fbd4df03297ace0","sha256":"9555b5561e35e4f142b7db63965829c1971a16cb4d0050f17fa923d7bc08f39f"},"dob":{"date":"1956-07-28T00:58:39.574Z","age":67},"registered":{"date":"2012-03-13T23:13:23.389Z","age":12},"phone":"077 409 97 93","cell":"078 184 73 74","id":{"name":"AVS","value":"756.4485.4003.31"},"picture":{"large":"https://randomuser.me/api/portraits/women/87.jpg","medium":"https://randomuser.me/api/portraits/med/women/87.jpg","thumbnail":"https://randomuser.me/api/portraits/thumb/women/87.jpg"},"nat":"CH"}],"info":{"seed":"f0990351655be7e7","results":1,"page":1,"version":"1.4"}} 
 </msg>
<msg time="2024-06-20T14:13:35.349693" level="INFO">/opt/hostedtoolcache/Python/3.12.4/x64/lib/python3.12/site-packages/urllib3/connectionpool.py:1099: InsecureRequestWarning: Unverified HTTPS request is being made to host 'randomuser.me'. Adding certificate verification is strongly advised. See: https://urllib3.readthedocs.io/en/latest/advanced-usage.html#tls-warnings
  warnings.warn(</msg>
<msg time="2024-06-20T14:13:35.349850" level="INFO">${response} = &lt;Response [200]&gt;</msg>
<var>${response}</var>
<arg>consultarAPI</arg>
<arg>/api</arg>
<doc>Sends a GET request on a previously created HTTP Session.</doc>
<status status="PASS" start="2024-06-20T14:13:35.264110" elapsed="0.085782"/>
</kw>
<kw name="Set Variable" owner="BuiltIn">
<msg time="2024-06-20T14:13:35.351069" level="INFO">${json_data} = {'results': [{'gender': 'female', 'name': {'title': 'Madame', 'first': 'Tara', 'last': 'Bertrand'}, 'location': {'street': {'number': 8116, 'name': 'Rue Laure-Diebold'}, 'city': 'Icogne', 'state': 'Th...</msg>
<var>${json_data}</var>
<arg>${response.json()}</arg>
<doc>Returns the given values which can then be assigned to a variables.</doc>
<status status="PASS" start="2024-06-20T14:13:35.350499" elapsed="0.000601"/>
</kw>
<kw name="Log" owner="BuiltIn">
<msg time="2024-06-20T14:13:35.351668" level="INFO">{'results': [{'gender': 'female', 'name': {'title': 'Madame', 'first': 'Tara', 'last': 'Bertrand'}, 'location': {'street': {'number': 8116, 'name': 'Rue Laure-Diebold'}, 'city': 'Icogne', 'state': 'Thurgau', 'country': 'Switzerland', 'postcode': 8258, 'coordinates': {'latitude': '-63.4278', 'longitude': '140.2871'}, 'timezone': {'offset': '+5:45', 'description': 'Kathmandu'}}, 'email': 'tara.bertrand@example.com', 'login': {'uuid': 'e08bce6b-2239-4df2-8ac5-ca37e8c761ff', 'username': 'goldenrabbit663', 'password': 'seabee', 'salt': 'koMY8hrN', 'md5': '0c0c5d4689ebee60a18e12dc76742c85', 'sha1': '4ac9e39f6344fd9f854e1ea37fbd4df03297ace0', 'sha256': '9555b5561e35e4f142b7db63965829c1971a16cb4d0050f17fa923d7bc08f39f'}, 'dob': {'date': '1956-07-28T00:58:39.574Z', 'age': 67}, 'registered': {'date': '2012-03-13T23:13:23.389Z', 'age': 12}, 'phone': '077 409 97 93', 'cell': '078 184 73 74', 'id': {'name': 'AVS', 'value': '756.4485.4003.31'}, 'picture': {'large': 'https://randomuser.me/api/portraits/women/87.jpg', 'medium': 'https://randomuser.me/api/portraits/med/women/87.jpg', 'thumbnail': 'https://randomuser.me/api/portraits/thumb/women/87.jpg'}, 'nat': 'CH'}], 'info': {'seed': 'f0990351655be7e7', 'results': 1, 'page': 1, 'version': '1.4'}}</msg>
<arg>${json_data}</arg>
<doc>Logs the given message with the given level.</doc>
<status status="PASS" start="2024-06-20T14:13:35.351489" elapsed="0.000236"/>
</kw>
<kw name="Dictionary Should Contain Key" owner="Collections">
<arg>${json_data}</arg>
<arg>results</arg>
<doc>Fails if ``key`` is not found from ``dictionary``.</doc>
<status status="PASS" start="2024-06-20T14:13:35.352062" elapsed="0.000178"/>
</kw>
<kw name="Should Not Be Empty" owner="BuiltIn">
<msg time="2024-06-20T14:13:35.352564" level="INFO">Length is 2.</msg>
<arg>${json_data}</arg>
<doc>Verifies that the given item is not empty.</doc>
<status status="PASS" start="2024-06-20T14:13:35.352431" elapsed="0.000173"/>
</kw>
<kw name="Create List" owner="BuiltIn">
<msg time="2024-06-20T14:13:35.353286" level="INFO">${expected_keys} = ['gender', 'name', 'location', 'email', 'login']</msg>
<var>${expected_keys}</var>
<arg>gender</arg>
<arg>name</arg>
<arg>location</arg>
<arg>email</arg>
<arg>login</arg>
<doc>Returns a list containing given items.</doc>
<status status="PASS" start="2024-06-20T14:13:35.352905" elapsed="0.000407"/>
</kw>
<for flavor="IN">
<iter>
<kw name="Dictionary Should Contain Key" owner="Collections">
<arg>${json_data['results'][0]}</arg>
<arg>${key}</arg>
<doc>Fails if ``key`` is not found from ``dictionary``.</doc>
<status status="PASS" start="2024-06-20T14:13:35.353937" elapsed="0.000437"/>
</kw>
<kw name="Log" owner="BuiltIn">
<msg time="2024-06-20T14:13:35.354963" level="INFO">{'gender': 'female', 'name': {'title': 'Madame', 'first': 'Tara', 'last': 'Bertrand'}, 'location': {'street': {'number': 8116, 'name': 'Rue Laure-Diebold'}, 'city': 'Icogne', 'state': 'Thurgau', 'country': 'Switzerland', 'postcode': 8258, 'coordinates': {'latitude': '-63.4278', 'longitude': '140.2871'}, 'timezone': {'offset': '+5:45', 'description': 'Kathmandu'}}, 'email': 'tara.bertrand@example.com', 'login': {'uuid': 'e08bce6b-2239-4df2-8ac5-ca37e8c761ff', 'username': 'goldenrabbit663', 'password': 'seabee', 'salt': 'koMY8hrN', 'md5': '0c0c5d4689ebee60a18e12dc76742c85', 'sha1': '4ac9e39f6344fd9f854e1ea37fbd4df03297ace0', 'sha256': '9555b5561e35e4f142b7db63965829c1971a16cb4d0050f17fa923d7bc08f39f'}, 'dob': {'date': '1956-07-28T00:58:39.574Z', 'age': 67}, 'registered': {'date': '2012-03-13T23:13:23.389Z', 'age': 12}, 'phone': '077 409 97 93', 'cell': '078 184 73 74', 'id': {'name': 'AVS', 'value': '756.4485.4003.31'}, 'picture': {'large': 'https://randomuser.me/api/portraits/women/87.jpg', 'medium': 'https://randomuser.me/api/portraits/med/women/87.jpg', 'thumbnail': 'https://randomuser.me/api/portraits/thumb/women/87.jpg'}, 'nat': 'CH'}</msg>
<arg>${json_data['results'][0]}</arg>
<doc>Logs the given message with the given level.</doc>
<status status="PASS" start="2024-06-20T14:13:35.354592" elapsed="0.000421"/>
</kw>
<kw name="Log" owner="BuiltIn">
<msg time="2024-06-20T14:13:35.355445" level="INFO">gender</msg>
<arg>${key}</arg>
<doc>Logs the given message with the given level.</doc>
<status status="PASS" start="2024-06-20T14:13:35.355318" elapsed="0.000166"/>
</kw>
<var name="${key}">gender</var>
<status status="PASS" start="2024-06-20T14:13:35.353806" elapsed="0.001896"/>
</iter>
<iter>
<kw name="Dictionary Should Contain Key" owner="Collections">
<arg>${json_data['results'][0]}</arg>
<arg>${key}</arg>
<doc>Fails if ``key`` is not found from ``dictionary``.</doc>
<status status="PASS" start="2024-06-20T14:13:35.356018" elapsed="0.000393"/>
</kw>
<kw name="Log" owner="BuiltIn">
<msg time="2024-06-20T14:13:35.356962" level="INFO">{'gender': 'female', 'name': {'title': 'Madame', 'first': 'Tara', 'last': 'Bertrand'}, 'location': {'street': {'number': 8116, 'name': 'Rue Laure-Diebold'}, 'city': 'Icogne', 'state': 'Thurgau', 'country': 'Switzerland', 'postcode': 8258, 'coordinates': {'latitude': '-63.4278', 'longitude': '140.2871'}, 'timezone': {'offset': '+5:45', 'description': 'Kathmandu'}}, 'email': 'tara.bertrand@example.com', 'login': {'uuid': 'e08bce6b-2239-4df2-8ac5-ca37e8c761ff', 'username': 'goldenrabbit663', 'password': 'seabee', 'salt': 'koMY8hrN', 'md5': '0c0c5d4689ebee60a18e12dc76742c85', 'sha1': '4ac9e39f6344fd9f854e1ea37fbd4df03297ace0', 'sha256': '9555b5561e35e4f142b7db63965829c1971a16cb4d0050f17fa923d7bc08f39f'}, 'dob': {'date': '1956-07-28T00:58:39.574Z', 'age': 67}, 'registered': {'date': '2012-03-13T23:13:23.389Z', 'age': 12}, 'phone': '077 409 97 93', 'cell': '078 184 73 74', 'id': {'name': 'AVS', 'value': '756.4485.4003.31'}, 'picture': {'large': 'https://randomuser.me/api/portraits/women/87.jpg', 'medium': 'https://randomuser.me/api/portraits/med/women/87.jpg', 'thumbnail': 'https://randomuser.me/api/portraits/thumb/women/87.jpg'}, 'nat': 'CH'}</msg>
<arg>${json_data['results'][0]}</arg>
<doc>Logs the given message with the given level.</doc>
<status status="PASS" start="2024-06-20T14:13:35.356599" elapsed="0.000480"/>
</kw>
<kw name="Log" owner="BuiltIn">
<msg time="2024-06-20T14:13:35.357516" level="INFO">name</msg>
<arg>${key}</arg>
<doc>Logs the given message with the given level.</doc>
<status status="PASS" start="2024-06-20T14:13:35.357387" elapsed="0.000168"/>
</kw>
<var name="${key}">name</var>
<status status="PASS" start="2024-06-20T14:13:35.355901" elapsed="0.001870"/>
</iter>
<iter>
<kw name="Dictionary Should Contain Key" owner="Collections">
<arg>${json_data['results'][0]}</arg>
<arg>${key}</arg>
<doc>Fails if ``key`` is not found from ``dictionary``.</doc>
<status status="PASS" start="2024-06-20T14:13:35.358079" elapsed="0.000390"/>
</kw>
<kw name="Log" owner="BuiltIn">
<msg time="2024-06-20T14:13:35.358999" level="INFO">{'gender': 'female', 'name': {'title': 'Madame', 'first': 'Tara', 'last': 'Bertrand'}, 'location': {'street': {'number': 8116, 'name': 'Rue Laure-Diebold'}, 'city': 'Icogne', 'state': 'Thurgau', 'country': 'Switzerland', 'postcode': 8258, 'coordinates': {'latitude': '-63.4278', 'longitude': '140.2871'}, 'timezone': {'offset': '+5:45', 'description': 'Kathmandu'}}, 'email': 'tara.bertrand@example.com', 'login': {'uuid': 'e08bce6b-2239-4df2-8ac5-ca37e8c761ff', 'username': 'goldenrabbit663', 'password': 'seabee', 'salt': 'koMY8hrN', 'md5': '0c0c5d4689ebee60a18e12dc76742c85', 'sha1': '4ac9e39f6344fd9f854e1ea37fbd4df03297ace0', 'sha256': '9555b5561e35e4f142b7db63965829c1971a16cb4d0050f17fa923d7bc08f39f'}, 'dob': {'date': '1956-07-28T00:58:39.574Z', 'age': 67}, 'registered': {'date': '2012-03-13T23:13:23.389Z', 'age': 12}, 'phone': '077 409 97 93', 'cell': '078 184 73 74', 'id': {'name': 'AVS', 'value': '756.4485.4003.31'}, 'picture': {'large': 'https://randomuser.me/api/portraits/women/87.jpg', 'medium': 'https://randomuser.me/api/portraits/med/women/87.jpg', 'thumbnail': 'https://randomuser.me/api/portraits/thumb/women/87.jpg'}, 'nat': 'CH'}</msg>
<arg>${json_data['results'][0]}</arg>
<doc>Logs the given message with the given level.</doc>
<status status="PASS" start="2024-06-20T14:13:35.358651" elapsed="0.000406"/>
</kw>
<kw name="Log" owner="BuiltIn">
<msg time="2024-06-20T14:13:35.359491" level="INFO">location</msg>
<arg>${key}</arg>
<doc>Logs the given message with the given level.</doc>
<status status="PASS" start="2024-06-20T14:13:35.359352" elapsed="0.000178"/>
</kw>
<var name="${key}">location</var>
<status status="PASS" start="2024-06-20T14:13:35.357960" elapsed="0.001794"/>
</iter>
<iter>
<kw name="Dictionary Should Contain Key" owner="Collections">
<arg>${json_data['results'][0]}</arg>
<arg>${key}</arg>
<doc>Fails if ``key`` is not found from ``dictionary``.</doc>
<status status="PASS" start="2024-06-20T14:13:35.360051" elapsed="0.000385"/>
</kw>
<kw name="Log" owner="BuiltIn">
<msg time="2024-06-20T14:13:35.360998" level="INFO">{'gender': 'female', 'name': {'title': 'Madame', 'first': 'Tara', 'last': 'Bertrand'}, 'location': {'street': {'number': 8116, 'name': 'Rue Laure-Diebold'}, 'city': 'Icogne', 'state': 'Thurgau', 'country': 'Switzerland', 'postcode': 8258, 'coordinates': {'latitude': '-63.4278', 'longitude': '140.2871'}, 'timezone': {'offset': '+5:45', 'description': 'Kathmandu'}}, 'email': 'tara.bertrand@example.com', 'login': {'uuid': 'e08bce6b-2239-4df2-8ac5-ca37e8c761ff', 'username': 'goldenrabbit663', 'password': 'seabee', 'salt': 'koMY8hrN', 'md5': '0c0c5d4689ebee60a18e12dc76742c85', 'sha1': '4ac9e39f6344fd9f854e1ea37fbd4df03297ace0', 'sha256': '9555b5561e35e4f142b7db63965829c1971a16cb4d0050f17fa923d7bc08f39f'}, 'dob': {'date': '1956-07-28T00:58:39.574Z', 'age': 67}, 'registered': {'date': '2012-03-13T23:13:23.389Z', 'age': 12}, 'phone': '077 409 97 93', 'cell': '078 184 73 74', 'id': {'name': 'AVS', 'value': '756.4485.4003.31'}, 'picture': {'large': 'https://randomuser.me/api/portraits/women/87.jpg', 'medium': 'https://randomuser.me/api/portraits/med/women/87.jpg', 'thumbnail': 'https://randomuser.me/api/portraits/thumb/women/87.jpg'}, 'nat': 'CH'}</msg>
<arg>${json_data['results'][0]}</arg>
<doc>Logs the given message with the given level.</doc>
<status status="PASS" start="2024-06-20T14:13:35.360623" elapsed="0.000432"/>
</kw>
<kw name="Log" owner="BuiltIn">
<msg time="2024-06-20T14:13:35.361497" level="INFO">email</msg>
<arg>${key}</arg>
<doc>Logs the given message with the given level.</doc>
<status status="PASS" start="2024-06-20T14:13:35.361369" elapsed="0.000167"/>
</kw>
<var name="${key}">email</var>
<status status="PASS" start="2024-06-20T14:13:35.359942" elapsed="0.001818"/>
</iter>
<iter>
<kw name="Dictionary Should Contain Key" owner="Collections">
<arg>${json_data['results'][0]}</arg>
<arg>${key}</arg>
<doc>Fails if ``key`` is not found from ``dictionary``.</doc>
<status status="PASS" start="2024-06-20T14:13:35.362133" elapsed="0.000409"/>
</kw>
<kw name="Log" owner="BuiltIn">
<msg time="2024-06-20T14:13:35.363069" level="INFO">{'gender': 'female', 'name': {'title': 'Madame', 'first': 'Tara', 'last': 'Bertrand'}, 'location': {'street': {'number': 8116, 'name': 'Rue Laure-Diebold'}, 'city': 'Icogne', 'state': 'Thurgau', 'country': 'Switzerland', 'postcode': 8258, 'coordinates': {'latitude': '-63.4278', 'longitude': '140.2871'}, 'timezone': {'offset': '+5:45', 'description': 'Kathmandu'}}, 'email': 'tara.bertrand@example.com', 'login': {'uuid': 'e08bce6b-2239-4df2-8ac5-ca37e8c761ff', 'username': 'goldenrabbit663', 'password': 'seabee', 'salt': 'koMY8hrN', 'md5': '0c0c5d4689ebee60a18e12dc76742c85', 'sha1': '4ac9e39f6344fd9f854e1ea37fbd4df03297ace0', 'sha256': '9555b5561e35e4f142b7db63965829c1971a16cb4d0050f17fa923d7bc08f39f'}, 'dob': {'date': '1956-07-28T00:58:39.574Z', 'age': 67}, 'registered': {'date': '2012-03-13T23:13:23.389Z', 'age': 12}, 'phone': '077 409 97 93', 'cell': '078 184 73 74', 'id': {'name': 'AVS', 'value': '756.4485.4003.31'}, 'picture': {'large': 'https://randomuser.me/api/portraits/women/87.jpg', 'medium': 'https://randomuser.me/api/portraits/med/women/87.jpg', 'thumbnail': 'https://randomuser.me/api/portraits/thumb/women/87.jpg'}, 'nat': 'CH'}</msg>
<arg>${json_data['results'][0]}</arg>
<doc>Logs the given message with the given level.</doc>
<status status="PASS" start="2024-06-20T14:13:35.362724" elapsed="0.000395"/>
</kw>
<kw name="Log" owner="BuiltIn">
<msg time="2024-06-20T14:13:35.363546" level="INFO">login</msg>
<arg>${key}</arg>
<doc>Logs the given message with the given level.</doc>
<status status="PASS" start="2024-06-20T14:13:35.363418" elapsed="0.000166"/>
</kw>
<var name="${key}">login</var>
<status status="PASS" start="2024-06-20T14:13:35.361989" elapsed="0.001810"/>
</iter>
<var>${key}</var>
<value>@{expected_keys}</value>
<status status="PASS" start="2024-06-20T14:13:35.353595" elapsed="0.010328"/>
</for>
<kw name="Create List" owner="BuiltIn">
<msg time="2024-06-20T14:13:35.364263" level="INFO">${expected_keysTwo} = ['username', 'password']</msg>
<var>${expected_keysTwo}</var>
<arg>username</arg>
<arg>password</arg>
<doc>Returns a list containing given items.</doc>
<status status="PASS" start="2024-06-20T14:13:35.364124" elapsed="0.000193"/>
</kw>
<for flavor="IN">
<iter>
<kw name="Dictionary Should Contain Key" owner="Collections">
<arg>${json_data['results'][0]['login']}</arg>
<arg>${keyTwo}</arg>
<doc>Fails if ``key`` is not found from ``dictionary``.</doc>
<status status="PASS" start="2024-06-20T14:13:35.364855" elapsed="0.000418"/>
</kw>
<kw name="Dictionary Should Contain Key" owner="Collections">
<arg>${json_data['results'][0]['login']}</arg>
<arg>${keyTwo}</arg>
<doc>Fails if ``key`` is not found from ``dictionary``.</doc>
<status status="PASS" start="2024-06-20T14:13:35.365460" elapsed="0.000373"/>
</kw>
<kw name="Log" owner="BuiltIn">
<msg time="2024-06-20T14:13:35.366135" level="INFO">username</msg>
<arg>${keyTwo}</arg>
<doc>Logs the given message with the given level.</doc>
<status status="PASS" start="2024-06-20T14:13:35.366014" elapsed="0.000158"/>
</kw>
<var name="${keyTwo}">username</var>
<status status="PASS" start="2024-06-20T14:13:35.364747" elapsed="0.001649"/>
</iter>
<iter>
<kw name="Dictionary Should Contain Key" owner="Collections">
<arg>${json_data['results'][0]['login']}</arg>
<arg>${keyTwo}</arg>
<doc>Fails if ``key`` is not found from ``dictionary``.</doc>
<status status="PASS" start="2024-06-20T14:13:35.366676" elapsed="0.000415"/>
</kw>
<kw name="Dictionary Should Contain Key" owner="Collections">
<arg>${json_data['results'][0]['login']}</arg>
<arg>${keyTwo}</arg>
<doc>Fails if ``key`` is not found from ``dictionary``.</doc>
<status status="PASS" start="2024-06-20T14:13:35.367269" elapsed="0.000384"/>
</kw>
<kw name="Log" owner="BuiltIn">
<msg time="2024-06-20T14:13:35.367947" level="INFO">password</msg>
<arg>${keyTwo}</arg>
<doc>Logs the given message with the given level.</doc>
<status status="PASS" start="2024-06-20T14:13:35.367828" elapsed="0.000156"/>
</kw>
<var name="${keyTwo}">password</var>
<status status="PASS" start="2024-06-20T14:13:35.366569" elapsed="0.001740"/>
</iter>
<var>${keyTwo}</var>
<value>@{expected_keysTwo}</value>
<status status="PASS" start="2024-06-20T14:13:35.364580" elapsed="0.003853"/>
</for>
<status status="PASS" start="2024-06-20T14:13:35.263838" elapsed="0.104751"/>
</kw>
<doc>Testa a estrutura da resposta da API.</doc>
<tag>testeEstruturaResposta</tag>
<status status="PASS" start="2024-06-20T14:13:35.263286" elapsed="0.105469"/>
</test>
<test id="s1-s1-t4" name="Validar tipos de dados" line="28">
<kw name="Teste de Tipos de Dados" owner="random-user-service">
<kw name="GET On Session" owner="RequestsLibrary">
<msg time="2024-06-20T14:13:35.462007" level="INFO">GET Request : url=https://randomuser.me/api 
 path_url=/api 
 headers={'User-Agent': 'python-requests/2.32.3', 'Accept-Encoding': 'gzip, deflate', 'Accept': '*/*', 'Connection': 'keep-alive'} 
 body=None 
 </msg>
<msg time="2024-06-20T14:13:35.462116" level="INFO">GET Response : url=https://randomuser.me/api 
 status=200, reason=OK 
 headers={'Date': 'Thu, 20 Jun 2024 14:13:35 GMT', 'Content-Type': 'application/json; charset=utf-8', 'Transfer-Encoding': 'chunked', 'Connection': 'keep-alive', 'X-Powered-By': 'Express', 'Access-Control-Allow-Origin': '*', 'Cache-Control': 'no-cache', 'ETag': 'W/"48f-fEzPz/bLnBGIFk+/t+uFI1szcj0"', 'Vary': 'Accept-Encoding', 'Content-Encoding': 'gzip', 'CF-Cache-Status': 'DYNAMIC', 'Report-To': '{"endpoints":[{"url":"https:\\/\\/a.nel.cloudflare.com\\/report\\/v4?s=yzZigsNoiZdsRKI5WgT7DnZ9sqbImWLmsHYBPBYgpGIbg9ZDNFY0muVAJUXrclxmabgqfDXpvhS3lvpePNacaW8BJUa6bJIazMGSycMDmkCN6olOocvWOhsx6k%2FpFhpt"}],"group":"cf-nel","max_age":604800}', 'NEL': '{"success_fraction":0,"report_to":"cf-nel","max_age":604800}', 'Server': 'cloudflare', 'CF-RAY': '896c5c401cad6176-ORD', 'alt-svc': 'h3=":443"; ma=86400'} 
 body={"results":[{"gender":"male","name":{"title":"Mr","first":"Louis","last":"Smith"},"location":{"street":{"number":2971,"name":"Great King Street"},"city":"Dunedin","state":"Waikato","country":"New Zealand","postcode":66975,"coordinates":{"latitude":"53.3748","longitude":"-44.3810"},"timezone":{"offset":"0:00","description":"Western Europe Time, London, Lisbon, Casablanca"}},"email":"louis.smith@example.com","login":{"uuid":"aa7452da-0db0-42a0-8d2c-4cdf7dd93c8d","username":"bluerabbit359","password":"starr","salt":"bZTciQap","md5":"aa4d8e619cede8f4c43db5a85d2a3eec","sha1":"9447803666e2e3d623472b61041405675affaa2c","sha256":"4bfb390fb9d20477647e8312cfdd951d1c19b58a3db7fd224ad4c8c96be30230"},"dob":{"date":"1989-08-17T15:10:22.049Z","age":34},"registered":{"date":"2018-12-16T01:55:41.114Z","age":5},"phone":"(488)-527-5880","cell":"(342)-450-4372","id":{"name":"","value":null},"picture":{"large":"https://randomuser.me/api/portraits/men/99.jpg","medium":"https://randomuser.me/api/portraits/med/men/99.jpg","thumbnail":"https://randomuser.me/api/portraits/thumb/men/99.jpg"},"nat":"NZ"}],"info":{"seed":"0d1f33ceb5f5bfb6","results":1,"page":1,"version":"1.4"}} 
 </msg>
<msg time="2024-06-20T14:13:35.462199" level="INFO">/opt/hostedtoolcache/Python/3.12.4/x64/lib/python3.12/site-packages/urllib3/connectionpool.py:1099: InsecureRequestWarning: Unverified HTTPS request is being made to host 'randomuser.me'. Adding certificate verification is strongly advised. See: https://urllib3.readthedocs.io/en/latest/advanced-usage.html#tls-warnings
  warnings.warn(</msg>
<msg time="2024-06-20T14:13:35.462329" level="INFO">${response} = &lt;Response [200]&gt;</msg>
<var>${response}</var>
<arg>consultarAPI</arg>
<arg>/api</arg>
<doc>Sends a GET request on a previously created HTTP Session.</doc>
<status status="PASS" start="2024-06-20T14:13:35.371381" elapsed="0.090976"/>
</kw>
<kw name="Set Variable" owner="BuiltIn">
<msg time="2024-06-20T14:13:35.463516" level="INFO">${json_data} = {'results': [{'gender': 'male', 'name': {'title': 'Mr', 'first': 'Louis', 'last': 'Smith'}, 'location': {'street': {'number': 2971, 'name': 'Great King Street'}, 'city': 'Dunedin', 'state': 'Waikato',...</msg>
<var>${json_data}</var>
<arg>${response.json()}</arg>
<doc>Returns the given values which can then be assigned to a variables.</doc>
<status status="PASS" start="2024-06-20T14:13:35.462942" elapsed="0.000603"/>
</kw>
<kw name="Log" owner="BuiltIn">
<msg time="2024-06-20T14:13:35.464130" level="INFO">{'results': [{'gender': 'male', 'name': {'title': 'Mr', 'first': 'Louis', 'last': 'Smith'}, 'location': {'street': {'number': 2971, 'name': 'Great King Street'}, 'city': 'Dunedin', 'state': 'Waikato', 'country': 'New Zealand', 'postcode': 66975, 'coordinates': {'latitude': '53.3748', 'longitude': '-44.3810'}, 'timezone': {'offset': '0:00', 'description': 'Western Europe Time, London, Lisbon, Casablanca'}}, 'email': 'louis.smith@example.com', 'login': {'uuid': 'aa7452da-0db0-42a0-8d2c-4cdf7dd93c8d', 'username': 'bluerabbit359', 'password': 'starr', 'salt': 'bZTciQap', 'md5': 'aa4d8e619cede8f4c43db5a85d2a3eec', 'sha1': '9447803666e2e3d623472b61041405675affaa2c', 'sha256': '4bfb390fb9d20477647e8312cfdd951d1c19b58a3db7fd224ad4c8c96be30230'}, 'dob': {'date': '1989-08-17T15:10:22.049Z', 'age': 34}, 'registered': {'date': '2018-12-16T01:55:41.114Z', 'age': 5}, 'phone': '(488)-527-5880', 'cell': '(342)-450-4372', 'id': {'name': '', 'value': None}, 'picture': {'large': 'https://randomuser.me/api/portraits/men/99.jpg', 'medium': 'https://randomuser.me/api/portraits/med/men/99.jpg', 'thumbnail': 'https://randomuser.me/api/portraits/thumb/men/99.jpg'}, 'nat': 'NZ'}], 'info': {'seed': '0d1f33ceb5f5bfb6', 'results': 1, 'page': 1, 'version': '1.4'}}</msg>
<arg>${json_data}</arg>
<doc>Logs the given message with the given level.</doc>
<status status="PASS" start="2024-06-20T14:13:35.463946" elapsed="0.000236"/>
</kw>
<kw name="Should Be String" owner="String">
<arg>${json_data['results'][0]['gender']}</arg>
<doc>Fails if the given ``item`` is not a string.</doc>
<status status="PASS" start="2024-06-20T14:13:35.464506" elapsed="0.000412"/>
</kw>
<kw name="Should Match Regexp" owner="BuiltIn">
<arg>${json_data['results'][0]['email']}</arg>
<arg>^[a-zA-Z0-9._%+-]+@[a-zA-Z0-9.-]+\.[a-zA-Z]{2,}$</arg>
<doc>Fails if ``string`` does not match ``pattern`` as a regular expression.</doc>
<status status="PASS" start="2024-06-20T14:13:35.465172" elapsed="0.000563"/>
</kw>
<kw name="Should Match Regexp" owner="BuiltIn">
<arg>${json_data['results'][0]['dob']['date']}</arg>
<arg>\\d{4}-\\d{2}-\\d{2}T\\d{2}:\\d{2}:\\d{2}\\.\\d{3}Z</arg>
<doc>Fails if ``string`` does not match ``pattern`` as a regular expression.</doc>
<status status="PASS" start="2024-06-20T14:13:35.465976" elapsed="0.000512"/>
</kw>
<kw name="Should Match Regexp" owner="BuiltIn">
<arg>${json_data['results'][0]['registered']['date']}</arg>
<arg>\\d{4}-\\d{2}-\\d{2}T\\d{2}:\\d{2}:\\d{2}\\.\\d{3}Z</arg>
<doc>Fails if ``string`` does not match ``pattern`` as a regular expression.</doc>
<status status="PASS" start="2024-06-20T14:13:35.466681" elapsed="0.000376"/>
</kw>
<kw name="Should Match Regexp" owner="BuiltIn">
<arg>${json_data['results'][0]['picture']['large']}</arg>
<arg>^https?://.*\.(?:png|jpe?g|gif|bmp)$</arg>
<doc>Fails if ``string`` does not match ``pattern`` as a regular expression.</doc>
<status status="PASS" start="2024-06-20T14:13:35.467242" elapsed="0.000479"/>
</kw>
<kw name="Should Match Regexp" owner="BuiltIn">
<arg>${json_data['results'][0]['picture']['medium']}</arg>
<arg>^https?://.*\.(?:png|jpe?g|gif|bmp)$</arg>
<doc>Fails if ``string`` does not match ``pattern`` as a regular expression.</doc>
<status status="PASS" start="2024-06-20T14:13:35.467912" elapsed="0.000371"/>
</kw>
<kw name="Should Match Regexp" owner="BuiltIn">
<arg>${json_data['results'][0]['picture']['thumbnail']}</arg>
<arg>^https?://.*\.(?:png|jpe?g|gif|bmp)$</arg>
<doc>Fails if ``string`` does not match ``pattern`` as a regular expression.</doc>
<status status="PASS" start="2024-06-20T14:13:35.468467" elapsed="0.000355"/>
</kw>
<kw name="Log" owner="BuiltIn">
<msg time="2024-06-20T14:13:35.469365" level="INFO">{'large': 'https://randomuser.me/api/portraits/men/99.jpg', 'medium': 'https://randomuser.me/api/portraits/med/men/99.jpg', 'thumbnail': 'https://randomuser.me/api/portraits/thumb/men/99.jpg'}</msg>
<arg>${json_data['results'][0]['picture']}</arg>
<doc>Logs the given message with the given level.</doc>
<status status="PASS" start="2024-06-20T14:13:35.469029" elapsed="0.000380"/>
</kw>
<status status="PASS" start="2024-06-20T14:13:35.371133" elapsed="0.098557"/>
</kw>
<kw name="Teste de Tipos de Dados - Postcode" owner="random-user-service">
<kw name="GET On Session" owner="RequestsLibrary">
<msg time="2024-06-20T14:13:35.561174" level="INFO">GET Request : url=https://randomuser.me/api 
 path_url=/api 
 headers={'User-Agent': 'python-requests/2.32.3', 'Accept-Encoding': 'gzip, deflate', 'Accept': '*/*', 'Connection': 'keep-alive'} 
 body=None 
 </msg>
<msg time="2024-06-20T14:13:35.561290" level="INFO">GET Response : url=https://randomuser.me/api 
 status=200, reason=OK 
 headers={'Date': 'Thu, 20 Jun 2024 14:13:35 GMT', 'Content-Type': 'application/json; charset=utf-8', 'Transfer-Encoding': 'chunked', 'Connection': 'keep-alive', 'X-Powered-By': 'Express', 'Access-Control-Allow-Origin': '*', 'Cache-Control': 'no-cache', 'ETag': 'W/"495-CXZcXyEqbKSEQApHJflwLOEAwMU"', 'Vary': 'Accept-Encoding', 'Content-Encoding': 'gzip', 'CF-Cache-Status': 'DYNAMIC', 'Report-To': '{"endpoints":[{"url":"https:\\/\\/a.nel.cloudflare.com\\/report\\/v4?s=JgrgB3VuOqBdX7NOMWb2cnkm4GJlQeVOCp4oGHLIk8P3T9wAS67lmQ0QOfW2vXyffaiXNZ2UwvdIcFklm4DGpSz7VxBB%2F%2FLgGpnuhcXIuCGedjTLvIGFC2hjl9m7kjLk"}],"group":"cf-nel","max_age":604800}', 'NEL': '{"success_fraction":0,"report_to":"cf-nel","max_age":604800}', 'Server': 'cloudflare', 'CF-RAY': '896c5c40bd996176-ORD', 'alt-svc': 'h3=":443"; ma=86400'} 
 body={"results":[{"gender":"female","name":{"title":"Ms","first":"Erika","last":"Arnold"},"location":{"street":{"number":3942,"name":"Robinson Rd"},"city":"Scottsdale","state":"North Carolina","country":"United States","postcode":31628,"coordinates":{"latitude":"82.3175","longitude":"153.0821"},"timezone":{"offset":"+6:00","description":"Almaty, Dhaka, Colombo"}},"email":"erika.arnold@example.com","login":{"uuid":"50cc6bca-3ef7-4793-878c-5b955333a1e9","username":"silverfrog769","password":"loveya","salt":"59DBJmbB","md5":"2eb33db930cdd99429ff1573ea560f09","sha1":"35c3fb126b2e9bd16ab5e83d7eaf6c2b057a566c","sha256":"cb04feaf8bb008d970276a87bdc28af39e603aa003c509c5960a760f03b5ad41"},"dob":{"date":"1978-05-23T16:25:13.627Z","age":46},"registered":{"date":"2009-06-08T19:54:31.218Z","age":15},"phone":"(321) 718-5390","cell":"(729) 595-3397","id":{"name":"SSN","value":"277-16-7155"},"picture":{"large":"https://randomuser.me/api/portraits/women/30.jpg","medium":"https://randomuser.me/api/portraits/med/women/30.jpg","thumbnail":"https://randomuser.me/api/portraits/thumb/women/30.jpg"},"nat":"US"}],"info":{"seed":"e7eae23c45ce24a0","results":1,"page":1,"version":"1.4"}} 
 </msg>
<msg time="2024-06-20T14:13:35.561375" level="INFO">/opt/hostedtoolcache/Python/3.12.4/x64/lib/python3.12/site-packages/urllib3/connectionpool.py:1099: InsecureRequestWarning: Unverified HTTPS request is being made to host 'randomuser.me'. Adding certificate verification is strongly advised. See: https://urllib3.readthedocs.io/en/latest/advanced-usage.html#tls-warnings
  warnings.warn(</msg>
<msg time="2024-06-20T14:13:35.561516" level="INFO">${response} = &lt;Response [200]&gt;</msg>
<var>${response}</var>
<arg>consultarAPI</arg>
<arg>/api</arg>
<doc>Sends a GET request on a previously created HTTP Session.</doc>
<status status="PASS" start="2024-06-20T14:13:35.470188" elapsed="0.091368"/>
</kw>
<kw name="Set Variable" owner="BuiltIn">
<msg time="2024-06-20T14:13:35.562947" level="INFO">${json_data} = {'results': [{'gender': 'female', 'name': {'title': 'Ms', 'first': 'Erika', 'last': 'Arnold'}, 'location': {'street': {'number': 3942, 'name': 'Robinson Rd'}, 'city': 'Scottsdale', 'state': 'North Car...</msg>
<var>${json_data}</var>
<arg>${response.json()}</arg>
<doc>Returns the given values which can then be assigned to a variables.</doc>
<status status="PASS" start="2024-06-20T14:13:35.562293" elapsed="0.000685"/>
</kw>
<kw name="Log" owner="BuiltIn">
<msg time="2024-06-20T14:13:35.563542" level="INFO">{'results': [{'gender': 'female', 'name': {'title': 'Ms', 'first': 'Erika', 'last': 'Arnold'}, 'location': {'street': {'number': 3942, 'name': 'Robinson Rd'}, 'city': 'Scottsdale', 'state': 'North Carolina', 'country': 'United States', 'postcode': 31628, 'coordinates': {'latitude': '82.3175', 'longitude': '153.0821'}, 'timezone': {'offset': '+6:00', 'description': 'Almaty, Dhaka, Colombo'}}, 'email': 'erika.arnold@example.com', 'login': {'uuid': '50cc6bca-3ef7-4793-878c-5b955333a1e9', 'username': 'silverfrog769', 'password': 'loveya', 'salt': '59DBJmbB', 'md5': '2eb33db930cdd99429ff1573ea560f09', 'sha1': '35c3fb126b2e9bd16ab5e83d7eaf6c2b057a566c', 'sha256': 'cb04feaf8bb008d970276a87bdc28af39e603aa003c509c5960a760f03b5ad41'}, 'dob': {'date': '1978-05-23T16:25:13.627Z', 'age': 46}, 'registered': {'date': '2009-06-08T19:54:31.218Z', 'age': 15}, 'phone': '(321) 718-5390', 'cell': '(729) 595-3397', 'id': {'name': 'SSN', 'value': '277-16-7155'}, 'picture': {'large': 'https://randomuser.me/api/portraits/women/30.jpg', 'medium': 'https://randomuser.me/api/portraits/med/women/30.jpg', 'thumbnail': 'https://randomuser.me/api/portraits/thumb/women/30.jpg'}, 'nat': 'US'}], 'info': {'seed': 'e7eae23c45ce24a0', 'results': 1, 'page': 1, 'version': '1.4'}}</msg>
<arg>${json_data}</arg>
<doc>Logs the given message with the given level.</doc>
<status status="PASS" start="2024-06-20T14:13:35.563361" elapsed="0.000232"/>
</kw>
<kw name="Should Be Equal As Numbers" owner="BuiltIn">
<arg>${json_data['results'][0]['location']['postcode']}</arg>
<arg>${json_data['results'][0]['location']['postcode']}</arg>
<doc>Fails if objects are unequal after converting them to real numbers.</doc>
<status status="PASS" start="2024-06-20T14:13:35.563942" elapsed="0.000689"/>
</kw>
<kw name="Log" owner="BuiltIn">
<msg time="2024-06-20T14:13:35.565473" level="INFO">31628</msg>
<arg>${json_data['results'][0]['location']['postcode']}</arg>
<doc>Logs the given message with the given level.</doc>
<status status="PASS" start="2024-06-20T14:13:35.564847" elapsed="0.000673"/>
</kw>
<status status="PASS" start="2024-06-20T14:13:35.469932" elapsed="0.095905"/>
</kw>
<doc>Testa se os tipos de dados na resposta da API estão corretos.</doc>
<tag>testeTiposDados</tag>
<status status="PASS" start="2024-06-20T14:13:35.370615" elapsed="0.195402"/>
</test>
<test id="s1-s1-t5" name="Validar conteudo" line="35">
<kw name="Teste de Tipos de Conteudo" owner="random-user-service">
<kw name="GET On Session" owner="RequestsLibrary">
<msg time="2024-06-20T14:13:35.657780" level="INFO">GET Request : url=https://randomuser.me/api 
 path_url=/api 
 headers={'User-Agent': 'python-requests/2.32.3', 'Accept-Encoding': 'gzip, deflate', 'Accept': '*/*', 'Connection': 'keep-alive'} 
 body=None 
 </msg>
<msg time="2024-06-20T14:13:35.657895" level="INFO">GET Response : url=https://randomuser.me/api 
 status=200, reason=OK 
 headers={'Date': 'Thu, 20 Jun 2024 14:13:35 GMT', 'Content-Type': 'application/json; charset=utf-8', 'Transfer-Encoding': 'chunked', 'Connection': 'keep-alive', 'X-Powered-By': 'Express', 'Access-Control-Allow-Origin': '*', 'Cache-Control': 'no-cache', 'ETag': 'W/"47b-TJyStJKcV9zW437vvJBVqumH5C0"', 'Vary': 'Accept-Encoding', 'Content-Encoding': 'gzip', 'CF-Cache-Status': 'DYNAMIC', 'Report-To': '{"endpoints":[{"url":"https:\\/\\/a.nel.cloudflare.com\\/report\\/v4?s=qNQiEHUQHZyPrCMv4W6PrtNIUpsFtuV4p2AGUvvl5cOy%2Bu2kdUGaw16BJKbfBYiRGGmW2JKPZsndbRty97uAWHLmnVYioh6X4nrpbrPMcXEk9WOGNKa%2Brc5xjcOLwfti"}],"group":"cf-nel","max_age":604800}', 'NEL': '{"success_fraction":0,"report_to":"cf-nel","max_age":604800}', 'Server': 'cloudflare', 'CF-RAY': '896c5c415e4c6176-ORD', 'alt-svc': 'h3=":443"; ma=86400'} 
 body={"results":[{"gender":"female","name":{"title":"Ms","first":"Emily","last":"Kristensen"},"location":{"street":{"number":4288,"name":"Stenbjergvej"},"city":"Gl. Rye","state":"Sjælland","country":"Denmark","postcode":79565,"coordinates":{"latitude":"-46.3084","longitude":"151.1719"},"timezone":{"offset":"+5:45","description":"Kathmandu"}},"email":"emily.kristensen@example.com","login":{"uuid":"45eb6c3c-c1df-45eb-a306-bc6a5891b131","username":"happypeacock823","password":"55555555","salt":"dZ0u4Rym","md5":"9afe0f8e80428ef819e3eef30fcca258","sha1":"cab4ba36758af016da531c6b661547190543a174","sha256":"29a21bf41f7bddcc9c229831e790351d09282c9150570c5feb5f1a700bfc9721"},"dob":{"date":"1968-07-29T10:13:39.983Z","age":55},"registered":{"date":"2015-06-18T00:35:52.564Z","age":9},"phone":"55070202","cell":"37028446","id":{"name":"CPR","value":"290768-3568"},"picture":{"large":"https://randomuser.me/api/portraits/women/35.jpg","medium":"https://randomuser.me/api/portraits/med/women/35.jpg","thumbnail":"https://randomuser.me/api/portraits/thumb/women/35.jpg"},"nat":"DK"}],"info":{"seed":"f694314efb668367","results":1,"page":1,"version":"1.4"}} 
 </msg>
<msg time="2024-06-20T14:13:35.657983" level="INFO">/opt/hostedtoolcache/Python/3.12.4/x64/lib/python3.12/site-packages/urllib3/connectionpool.py:1099: InsecureRequestWarning: Unverified HTTPS request is being made to host 'randomuser.me'. Adding certificate verification is strongly advised. See: https://urllib3.readthedocs.io/en/latest/advanced-usage.html#tls-warnings
  warnings.warn(</msg>
<msg time="2024-06-20T14:13:35.658151" level="INFO">${response} = &lt;Response [200]&gt;</msg>
<var>${response}</var>
<arg>consultarAPI</arg>
<arg>/api</arg>
<doc>Sends a GET request on a previously created HTTP Session.</doc>
<status status="PASS" start="2024-06-20T14:13:35.568719" elapsed="0.089480"/>
</kw>
<kw name="Set Variable" owner="BuiltIn">
<msg time="2024-06-20T14:13:35.659552" level="INFO">${json_data} = {'results': [{'gender': 'female', 'name': {'title': 'Ms', 'first': 'Emily', 'last': 'Kristensen'}, 'location': {'street': {'number': 4288, 'name': 'Stenbjergvej'}, 'city': 'Gl. Rye', 'state': 'Sjællan...</msg>
<var>${json_data}</var>
<arg>${response.json()}</arg>
<doc>Returns the given values which can then be assigned to a variables.</doc>
<status status="PASS" start="2024-06-20T14:13:35.658896" elapsed="0.000687"/>
</kw>
<kw name="Set Variable" owner="BuiltIn">
<msg time="2024-06-20T14:13:35.660346" level="INFO">${name_title} = Ms</msg>
<var>${name_title}</var>
<arg>${json_data["results"][0]["name"]["title"]}</arg>
<doc>Returns the given values which can then be assigned to a variables.</doc>
<status status="PASS" start="2024-06-20T14:13:35.659944" elapsed="0.000427"/>
</kw>
<kw name="Create List" owner="BuiltIn">
<msg time="2024-06-20T14:13:35.660812" level="INFO">${allowed_titles} = ['Mr', 'Ms', 'Miss', 'Mrs', 'Madame', 'Monsieur']</msg>
<var>${allowed_titles}</var>
<arg>Mr</arg>
<arg>Ms</arg>
<arg>Miss</arg>
<arg>Mrs</arg>
<arg>Madame</arg>
<arg>Monsieur</arg>
<doc>Returns a list containing given items.</doc>
<status status="PASS" start="2024-06-20T14:13:35.660665" elapsed="0.000172"/>
</kw>
<kw name="List Should Contain Value" owner="Collections">
<arg>${allowed_titles}</arg>
<arg>${name_title}</arg>
<doc>Fails if the ``value`` is not found from ``list``.</doc>
<status status="PASS" start="2024-06-20T14:13:35.661218" elapsed="0.000180"/>
</kw>
<kw name="Set Variable" owner="BuiltIn">
<msg time="2024-06-20T14:13:35.661953" level="INFO">${name_country} = DK</msg>
<var>${name_country}</var>
<arg>${json_data["results"][0]["nat"]}</arg>
<doc>Returns the given values which can then be assigned to a variables.</doc>
<status status="PASS" start="2024-06-20T14:13:35.661578" elapsed="0.000400"/>
</kw>
<kw name="Create List" owner="BuiltIn">
<msg time="2024-06-20T14:13:35.662869" level="INFO">${list_country} = ['AD', 'AE', 'AF', 'AG', 'AI', 'AL', 'AM', 'AO', 'AQ', 'AR', 'AS', 'AT', 'AU', 'AW', 'AX', 'AZ', 'BA', 'BB', 'BD', 'BE', 'BF', 'BG', 'BH', 'BI', 'BJ', 'BL', 'BM', 'BN', 'BO', 'BQ', 'BR', 'BS', 'BT', '...</msg>
<var>${list_country}</var>
<arg>AD</arg>
<arg>AE</arg>
<arg>AF</arg>
<arg>AG</arg>
<arg>AI</arg>
<arg>AL</arg>
<arg>AM</arg>
<arg>AO</arg>
<arg>AQ</arg>
<arg>AR</arg>
<arg>AS</arg>
<arg>AT</arg>
<arg>AU</arg>
<arg>AW</arg>
<arg>AX</arg>
<arg>AZ</arg>
<arg>BA</arg>
<arg>BB</arg>
<arg>BD</arg>
<arg>BE</arg>
<arg>BF</arg>
<arg>BG</arg>
<arg>BH</arg>
<arg>BI</arg>
<arg>BJ</arg>
<arg>BL</arg>
<arg>BM</arg>
<arg>BN</arg>
<arg>BO</arg>
<arg>BQ</arg>
<arg>BR</arg>
<arg>BS</arg>
<arg>BT</arg>
<arg>BV</arg>
<arg>BW</arg>
<arg>BY</arg>
<arg>BZ</arg>
<arg>CA</arg>
<arg>CC</arg>
<arg>CD</arg>
<arg>CF</arg>
<arg>CG</arg>
<arg>CH</arg>
<arg>CI</arg>
<arg>CK</arg>
<arg>CL</arg>
<arg>CM</arg>
<arg>CN</arg>
<arg>CO</arg>
<arg>CR</arg>
<arg>CU</arg>
<arg>CV</arg>
<arg>CW</arg>
<arg>CX</arg>
<arg>CY</arg>
<arg>CZ</arg>
<arg>DE</arg>
<arg>DJ</arg>
<arg>DK</arg>
<arg>DM</arg>
<arg>DO</arg>
<arg>DZ</arg>
<arg>EC</arg>
<arg>EE</arg>
<arg>EG</arg>
<arg>EH</arg>
<arg>ER</arg>
<arg>ES</arg>
<arg>ET</arg>
<arg>FI</arg>
<arg>FJ</arg>
<arg>FK</arg>
<arg>FM</arg>
<arg>FO</arg>
<arg>FR</arg>
<arg>GA</arg>
<arg>GB</arg>
<arg>GD</arg>
<arg>GE</arg>
<arg>GF</arg>
<arg>GG</arg>
<arg>GH</arg>
<arg>GI</arg>
<arg>GL</arg>
<arg>GM</arg>
<arg>GN</arg>
<arg>GP</arg>
<arg>GQ</arg>
<arg>GR</arg>
<arg>GS</arg>
<arg>GT</arg>
<arg>GU</arg>
<arg>GW</arg>
<arg>GY</arg>
<arg>HK</arg>
<arg>HM</arg>
<arg>HN</arg>
<arg>HR</arg>
<arg>HT</arg>
<arg>HU</arg>
<arg>ID</arg>
<arg>IE</arg>
<arg>IL</arg>
<arg>IM</arg>
<arg>IN</arg>
<arg>IO</arg>
<arg>IQ</arg>
<arg>IR</arg>
<arg>IS</arg>
<arg>IT</arg>
<arg>JE</arg>
<arg>JM</arg>
<arg>JO</arg>
<arg>JP</arg>
<arg>KE</arg>
<arg>KG</arg>
<arg>KH</arg>
<arg>KI</arg>
<arg>KM</arg>
<arg>KN</arg>
<arg>KP</arg>
<arg>KR</arg>
<arg>KW</arg>
<arg>KY</arg>
<arg>KZ</arg>
<arg>LA</arg>
<arg>LB</arg>
<arg>LC</arg>
<arg>LI</arg>
<arg>LK</arg>
<arg>LR</arg>
<arg>LS</arg>
<arg>LT</arg>
<arg>LU</arg>
<arg>LV</arg>
<arg>LY</arg>
<arg>MA</arg>
<arg>MC</arg>
<arg>MD</arg>
<arg>ME</arg>
<arg>MF</arg>
<arg>MG</arg>
<arg>MH</arg>
<arg>MK</arg>
<arg>ML</arg>
<arg>MM</arg>
<arg>MN</arg>
<arg>MO</arg>
<arg>MP</arg>
<arg>MQ</arg>
<arg>MR</arg>
<arg>MS</arg>
<arg>MT</arg>
<arg>MU</arg>
<arg>MV</arg>
<arg>MW</arg>
<arg>MX</arg>
<arg>MY</arg>
<arg>MZ</arg>
<arg>NA</arg>
<arg>NC</arg>
<arg>NE</arg>
<arg>NF</arg>
<arg>NG</arg>
<arg>NI</arg>
<arg>NL</arg>
<arg>NO</arg>
<arg>NP</arg>
<arg>NR</arg>
<arg>NU</arg>
<arg>NZ</arg>
<arg>OM</arg>
<arg>PA</arg>
<arg>PE</arg>
<arg>PF</arg>
<arg>PG</arg>
<arg>PH</arg>
<arg>PK</arg>
<arg>PL</arg>
<arg>PM</arg>
<arg>PN</arg>
<arg>PR</arg>
<arg>PS</arg>
<arg>PT</arg>
<arg>PW</arg>
<arg>PY</arg>
<arg>QA</arg>
<arg>RE</arg>
<arg>RO</arg>
<arg>RS</arg>
<arg>RU</arg>
<arg>RW</arg>
<arg>SA</arg>
<arg>SB</arg>
<arg>SC</arg>
<arg>SD</arg>
<arg>SE</arg>
<arg>SG</arg>
<arg>SH</arg>
<arg>SI</arg>
<arg>SJ</arg>
<arg>SK</arg>
<arg>SL</arg>
<arg>SM</arg>
<arg>SN</arg>
<arg>SO</arg>
<arg>SR</arg>
<arg>SS</arg>
<arg>ST</arg>
<arg>SV</arg>
<arg>SX</arg>
<arg>SY</arg>
<arg>SZ</arg>
<arg>TC</arg>
<arg>TD</arg>
<arg>TF</arg>
<arg>TG</arg>
<arg>TH</arg>
<arg>TJ</arg>
<arg>TK</arg>
<arg>TL</arg>
<arg>TM</arg>
<arg>TN</arg>
<arg>TO</arg>
<arg>TR</arg>
<arg>TT</arg>
<arg>TV</arg>
<arg>TW</arg>
<arg>TZ</arg>
<arg>UA</arg>
<arg>UG</arg>
<arg>UM</arg>
<arg>US</arg>
<arg>UY</arg>
<arg>UZ</arg>
<arg>VA</arg>
<arg>VC</arg>
<arg>VE</arg>
<arg>VG</arg>
<arg>VI</arg>
<arg>VN</arg>
<arg>VU</arg>
<arg>WF</arg>
<arg>WS</arg>
<arg>XK</arg>
<arg>YE</arg>
<arg>YT</arg>
<arg>ZA</arg>
<arg>ZM</arg>
<arg>ZW</arg>
<doc>Returns a list containing given items.</doc>
<status status="PASS" start="2024-06-20T14:13:35.662268" elapsed="0.000627"/>
</kw>
<kw name="List Should Contain Value" owner="Collections">
<arg>${list_country}</arg>
<arg>${name_country}</arg>
<doc>Fails if the ``value`` is not found from ``list``.</doc>
<status status="PASS" start="2024-06-20T14:13:35.663702" elapsed="0.000202"/>
</kw>
<kw name="Run Keyword If" owner="BuiltIn">
<kw name="Should Be True" owner="BuiltIn">
<arg>${True}</arg>
<doc>Fails if the given condition is not true.</doc>
<status status="PASS" start="2024-06-20T14:13:35.664846" elapsed="0.000169"/>
</kw>
<arg>${json_data["results"][0]["location"]["coordinates"]["latitude"]} &gt;= -90 and ${json_data["results"][0]["location"]["coordinates"]["latitude"]} &lt;= 90</arg>
<arg>Should Be True</arg>
<arg>${True}</arg>
<doc>Runs the given keyword with the given arguments, if ``condition`` is true.</doc>
<status status="PASS" start="2024-06-20T14:13:35.664106" elapsed="0.001068"/>
</kw>
<kw name="Run Keyword If" owner="BuiltIn">
<kw name="Should Be True" owner="BuiltIn">
<arg>${True}</arg>
<doc>Fails if the given condition is not true.</doc>
<status status="PASS" start="2024-06-20T14:13:35.666071" elapsed="0.000253"/>
</kw>
<arg>${json_data["results"][0]["location"]["coordinates"]["longitude"]} &gt;= -180 and ${json_data["results"][0]["location"]["coordinates"]["longitude"]} &lt;= 180</arg>
<arg>Should Be True</arg>
<arg>${True}</arg>
<doc>Runs the given keyword with the given arguments, if ``condition`` is true.</doc>
<status status="PASS" start="2024-06-20T14:13:35.665356" elapsed="0.001094"/>
</kw>
<status status="PASS" start="2024-06-20T14:13:35.568463" elapsed="0.098120"/>
</kw>
<doc>Testa o conteúdo específico dos campos retornados pela API.</doc>
<tag>testeConteudo</tag>
<status status="PASS" start="2024-06-20T14:13:35.567883" elapsed="0.098852"/>
</test>
<status status="PASS" start="2024-06-20T14:13:34.795451" elapsed="0.873266"/>
</suite>
<status status="PASS" start="2024-06-20T14:13:34.778766" elapsed="0.895140"/>
</suite>
<statistics>
<total>
<stat pass="5" fail="0" skip="0">All Tests</stat>
</total>
<tag>
<stat pass="1" fail="0" skip="0">testeConteudo</stat>
<stat pass="1" fail="0" skip="0">testeEstruturaResposta</stat>
<stat pass="1" fail="0" skip="0">testeRequisicaoBasica</stat>
<stat pass="1" fail="0" skip="0">testeTiposDados</stat>
</tag>
<suite>
<stat pass="5" fail="0" skip="0" id="s1" name="Tests">Tests</stat>
<stat pass="5" fail="0" skip="0" id="s1-s1" name="Random-User-Test">Tests.Random-User-Test</stat>
</suite>
</statistics>
<errors>
</errors>
</robot>
