<?xml version="1.0" encoding="UTF-8"?>
<robot generator="Robot 7.0.1 (Python 3.12.4 on linux)" generated="2024-07-04T17:14:07.040234" rpa="false" schemaversion="5">
<suite id="s1" name="Tests" source="/home/runner/work/ApiRandomUser/ApiRandomUser/RamdonUser/tests">
<suite id="s1-s1" name="Random-User-Test" source="/home/runner/work/ApiRandomUser/ApiRandomUser/RamdonUser/tests/random-user-test.robot">
<test id="s1-s1-t1" name="Conectar" line="13">
<kw name="Conectar API" owner="random-user-service">
<kw name="Create Session" owner="RequestsLibrary">
<msg time="2024-07-04T17:14:07.491630" level="INFO">Creating Session using : alias=consultarAPI, url=https://randomuser.me/, headers={},                     cookies={}, auth=None, timeout=None, proxies=None, verify=False,                     debug=0 </msg>
<arg>consultarAPI</arg>
<arg>${URL}</arg>
<doc>Create Session: create a HTTP session to a server</doc>
<status status="PASS" start="2024-07-04T17:14:07.491415" elapsed="0.000421"/>
</kw>
<status status="PASS" start="2024-07-04T17:14:07.490415" elapsed="0.001796"/>
</kw>
<status status="PASS" start="2024-07-04T17:14:07.489771" elapsed="0.002630"/>
</test>
<test id="s1-s1-t2" name="Validar retorno 200 e JSON Válido" line="16">
<kw name="Teste de Requisicao Basica" owner="random-user-service">
<kw name="GET On Session" owner="RequestsLibrary">
<msg time="2024-07-04T17:14:07.638893" level="INFO">GET Request : url=https://randomuser.me/api 
 path_url=/api 
 headers={'User-Agent': 'python-requests/2.32.3', 'Accept-Encoding': 'gzip, deflate', 'Accept': '*/*', 'Connection': 'keep-alive'} 
 body=None 
 </msg>
<msg time="2024-07-04T17:14:07.639056" level="INFO">GET Response : url=https://randomuser.me/api 
 status=200, reason=OK 
 headers={'Date': 'Thu, 04 Jul 2024 17:14:07 GMT', 'Content-Type': 'application/json; charset=utf-8', 'Transfer-Encoding': 'chunked', 'Connection': 'keep-alive', 'X-Powered-By': 'Express', 'Access-Control-Allow-Origin': '*', 'Cache-Control': 'no-cache', 'ETag': 'W/"492-9DDA18B+1YOlfpK48maxhd5U96I"', 'Vary': 'Accept-Encoding', 'Content-Encoding': 'gzip', 'CF-Cache-Status': 'DYNAMIC', 'Report-To': '{"endpoints":[{"url":"https:\\/\\/a.nel.cloudflare.com\\/report\\/v4?s=LwLhKU%2BmHiXvryNz2tme9jOCwtzaznilwgFoHTO1L5GSkU3BmylJlo0d%2FmIxrt%2BO3nqc99n2zwAjJITAuSGErA%2B0iUcAMdvms3yG8uYHNuKwecqsQ0zUnO40bRSwZOoC"}],"group":"cf-nel","max_age":604800}', 'NEL': '{"success_fraction":0,"report_to":"cf-nel","max_age":604800}', 'Server': 'cloudflare', 'CF-RAY': '89e0bff54a5c10e9-ORD', 'alt-svc': 'h3=":443"; ma=86400'} 
 body={"results":[{"gender":"female","name":{"title":"Miss","first":"Kerttu","last":"Korpela"},"location":{"street":{"number":6719,"name":"Tahmelantie"},"city":"Pello","state":"Päijät-Häme","country":"Finland","postcode":80737,"coordinates":{"latitude":"-29.5650","longitude":"1.8717"},"timezone":{"offset":"-11:00","description":"Midway Island, Samoa"}},"email":"kerttu.korpela@example.com","login":{"uuid":"7530aea9-ce0b-4200-8b36-ab24dae866e7","username":"happymouse727","password":"carnival","salt":"6cQicaaU","md5":"6aac2a09f6aa38d086555cc52ac7199b","sha1":"9676211f20990069b58624d281a46369ef3ff106","sha256":"02617eea47c54d29d3eb24fa4f23d96a1809bf15c1bfd5bcbf612cd875f67e81"},"dob":{"date":"1954-06-16T13:05:54.879Z","age":70},"registered":{"date":"2007-04-19T09:03:43.311Z","age":17},"phone":"07-953-484","cell":"049-341-49-05","id":{"name":"HETU","value":"NaNNA888undefined"},"picture":{"large":"https://randomuser.me/api/portraits/women/80.jpg","medium":"https://randomuser.me/api/portraits/med/women/80.jpg","thumbnail":"https://randomuser.me/api/portraits/thumb/women/80.jpg"},"nat":"FI"}],"info":{"seed":"9a7f9f5c534d27f8","results":1,"page":1,"version":"1.4"}} 
 </msg>
<msg time="2024-07-04T17:14:07.639147" level="INFO">/opt/hostedtoolcache/Python/3.12.4/x64/lib/python3.12/site-packages/urllib3/connectionpool.py:1099: InsecureRequestWarning: Unverified HTTPS request is being made to host 'randomuser.me'. Adding certificate verification is strongly advised. See: https://urllib3.readthedocs.io/en/latest/advanced-usage.html#tls-warnings
  warnings.warn(</msg>
<msg time="2024-07-04T17:14:07.639291" level="INFO">${response} = &lt;Response [200]&gt;</msg>
<var>${response}</var>
<arg>consultarAPI</arg>
<arg>/api</arg>
<doc>Sends a GET request on a previously created HTTP Session.</doc>
<status status="PASS" start="2024-07-04T17:14:07.495152" elapsed="0.144183"/>
</kw>
<kw name="Should Be Equal As Numbers" owner="BuiltIn">
<msg time="2024-07-04T17:14:07.640468" level="INFO">Argument types are:
&lt;class 'int'&gt;
&lt;class 'str'&gt;</msg>
<arg>${response.status_code}</arg>
<arg>200</arg>
<doc>Fails if objects are unequal after converting them to real numbers.</doc>
<status status="PASS" start="2024-07-04T17:14:07.639946" elapsed="0.000596"/>
</kw>
<kw name="Log" owner="BuiltIn">
<msg time="2024-07-04T17:14:07.641256" level="INFO">200</msg>
<arg>${response.status_code}</arg>
<doc>Logs the given message with the given level.</doc>
<status status="PASS" start="2024-07-04T17:14:07.640896" elapsed="0.000404"/>
</kw>
<kw name="Set Variable" owner="BuiltIn">
<msg time="2024-07-04T17:14:07.642120" level="INFO">${json_data} = {'results': [{'gender': 'female', 'name': {'title': 'Miss', 'first': 'Kerttu', 'last': 'Korpela'}, 'location': {'street': {'number': 6719, 'name': 'Tahmelantie'}, 'city': 'Pello', 'state': 'Päijät-Häm...</msg>
<var>${json_data}</var>
<arg>${response.json()}</arg>
<doc>Returns the given values which can then be assigned to a variables.</doc>
<status status="PASS" start="2024-07-04T17:14:07.641663" elapsed="0.000487"/>
</kw>
<kw name="Dictionary Should Contain Key" owner="Collections">
<arg>${json_data}</arg>
<arg>results</arg>
<doc>Fails if ``key`` is not found from ``dictionary``.</doc>
<status status="PASS" start="2024-07-04T17:14:07.642454" elapsed="0.000169"/>
</kw>
<status status="PASS" start="2024-07-04T17:14:07.494896" elapsed="0.147880"/>
</kw>
<doc>Testa se a API responde corretamente e retorna um objeto JSON válido.</doc>
<tag>testeRequisicaoBasica</tag>
<status status="PASS" start="2024-07-04T17:14:07.494367" elapsed="0.148591"/>
</test>
<test id="s1-s1-t3" name="Validar estrutura de resposta" line="22">
<kw name="Teste de Estrutura de Resposta" owner="random-user-service">
<kw name="GET On Session" owner="RequestsLibrary">
<msg time="2024-07-04T17:14:07.754307" level="INFO">GET Request : url=https://randomuser.me/api 
 path_url=/api 
 headers={'User-Agent': 'python-requests/2.32.3', 'Accept-Encoding': 'gzip, deflate', 'Accept': '*/*', 'Connection': 'keep-alive'} 
 body=None 
 </msg>
<msg time="2024-07-04T17:14:07.754415" level="INFO">GET Response : url=https://randomuser.me/api 
 status=200, reason=OK 
 headers={'Date': 'Thu, 04 Jul 2024 17:14:07 GMT', 'Content-Type': 'application/json; charset=utf-8', 'Transfer-Encoding': 'chunked', 'Connection': 'keep-alive', 'X-Powered-By': 'Express', 'Access-Control-Allow-Origin': '*', 'Cache-Control': 'no-cache', 'ETag': 'W/"494-IXwZuCLTwWjrpDijHSxA0lmauDQ"', 'Vary': 'Accept-Encoding', 'Content-Encoding': 'gzip', 'CF-Cache-Status': 'DYNAMIC', 'Report-To': '{"endpoints":[{"url":"https:\\/\\/a.nel.cloudflare.com\\/report\\/v4?s=VtGOuBNkcwtEpxmlXRW0yCcfdz26BigRcPIfUC%2BzzwrK9JDSfCTLDU3CaMjxf2CCZFJ6SqWdckzA7Li0YYqFgj%2Bb4oSRZJQoLQsR8L%2BO272zM8LAqPc8RCsp%2FSLeLrBI"}],"group":"cf-nel","max_age":604800}', 'NEL': '{"success_fraction":0,"report_to":"cf-nel","max_age":604800}', 'Server': 'cloudflare', 'CF-RAY': '89e0bff5cb1410e9-ORD', 'alt-svc': 'h3=":443"; ma=86400'} 
 body={"results":[{"gender":"male","name":{"title":"Mr","first":"رضا","last":"یاسمی"},"location":{"street":{"number":5796,"name":"مجاهدین اسلام"},"city":"اراک","state":"چهارمحال و بختیاری","country":"Iran","postcode":36744,"coordinates":{"latitude":"15.9918","longitude":"-59.0676"},"timezone":{"offset":"-11:00","description":"Midway Island, Samoa"}},"email":"rd.ysmy@example.com","login":{"uuid":"6f0990c4-dbcf-411b-9273-b0350201eb6c","username":"lazyelephant727","password":"bull","salt":"ZUX9fhQM","md5":"7d043efc109f8f854b24238e1599e89b","sha1":"82f32575ef8ee1db70a844f590d63898d32b21a0","sha256":"c91e3b2539938e0f6ad42d6e4fc735f9c3e6e045f5f3a1d7c1104694c8381b6a"},"dob":{"date":"1945-11-23T22:13:02.631Z","age":78},"registered":{"date":"2006-09-01T22:15:23.986Z","age":17},"phone":"001-01973763","cell":"0996-283-4862","id":{"name":"","value":null},"picture":{"large":"https://randomuser.me/api/portraits/men/32.jpg","medium":"https://randomuser.me/api/portraits/med/men/32.jpg","thumbnail":"https://randomuser.me/api/portraits/thumb/men/32.jpg"},"nat":"IR"}],"info":{"seed":"952c6773bf2c6a0f","results":1,"page":1,"version":"1.4"}} 
 </msg>
<msg time="2024-07-04T17:14:07.754561" level="INFO">/opt/hostedtoolcache/Python/3.12.4/x64/lib/python3.12/site-packages/urllib3/connectionpool.py:1099: InsecureRequestWarning: Unverified HTTPS request is being made to host 'randomuser.me'. Adding certificate verification is strongly advised. See: https://urllib3.readthedocs.io/en/latest/advanced-usage.html#tls-warnings
  warnings.warn(</msg>
<msg time="2024-07-04T17:14:07.754695" level="INFO">${response} = &lt;Response [200]&gt;</msg>
<var>${response}</var>
<arg>consultarAPI</arg>
<arg>/api</arg>
<doc>Sends a GET request on a previously created HTTP Session.</doc>
<status status="PASS" start="2024-07-04T17:14:07.645693" elapsed="0.109037"/>
</kw>
<kw name="Set Variable" owner="BuiltIn">
<msg time="2024-07-04T17:14:07.755888" level="INFO">${json_data} = {'results': [{'gender': 'male', 'name': {'title': 'Mr', 'first': 'رضا', 'last': 'یاسمی'}, 'location': {'street': {'number': 5796, 'name': 'مجاهدین اسلام'}, 'city': 'اراک', 'state': 'چهارمحال و بختیاری...</msg>
<var>${json_data}</var>
<arg>${response.json()}</arg>
<doc>Returns the given values which can then be assigned to a variables.</doc>
<status status="PASS" start="2024-07-04T17:14:07.755342" elapsed="0.000578"/>
</kw>
<kw name="Log" owner="BuiltIn">
<msg time="2024-07-04T17:14:07.756409" level="INFO">{'results': [{'gender': 'male', 'name': {'title': 'Mr', 'first': 'رضا', 'last': 'یاسمی'}, 'location': {'street': {'number': 5796, 'name': 'مجاهدین اسلام'}, 'city': 'اراک', 'state': 'چهارمحال و بختیاری', 'country': 'Iran', 'postcode': 36744, 'coordinates': {'latitude': '15.9918', 'longitude': '-59.0676'}, 'timezone': {'offset': '-11:00', 'description': 'Midway Island, Samoa'}}, 'email': 'rd.ysmy@example.com', 'login': {'uuid': '6f0990c4-dbcf-411b-9273-b0350201eb6c', 'username': 'lazyelephant727', 'password': 'bull', 'salt': 'ZUX9fhQM', 'md5': '7d043efc109f8f854b24238e1599e89b', 'sha1': '82f32575ef8ee1db70a844f590d63898d32b21a0', 'sha256': 'c91e3b2539938e0f6ad42d6e4fc735f9c3e6e045f5f3a1d7c1104694c8381b6a'}, 'dob': {'date': '1945-11-23T22:13:02.631Z', 'age': 78}, 'registered': {'date': '2006-09-01T22:15:23.986Z', 'age': 17}, 'phone': '001-01973763', 'cell': '0996-283-4862', 'id': {'name': '', 'value': None}, 'picture': {'large': 'https://randomuser.me/api/portraits/men/32.jpg', 'medium': 'https://randomuser.me/api/portraits/med/men/32.jpg', 'thumbnail': 'https://randomuser.me/api/portraits/thumb/men/32.jpg'}, 'nat': 'IR'}], 'info': {'seed': '952c6773bf2c6a0f', 'results': 1, 'page': 1, 'version': '1.4'}}</msg>
<arg>${json_data}</arg>
<doc>Logs the given message with the given level.</doc>
<status status="PASS" start="2024-07-04T17:14:07.756242" elapsed="0.000221"/>
</kw>
<kw name="Dictionary Should Contain Key" owner="Collections">
<arg>${json_data}</arg>
<arg>results</arg>
<doc>Fails if ``key`` is not found from ``dictionary``.</doc>
<status status="PASS" start="2024-07-04T17:14:07.756767" elapsed="0.000166"/>
</kw>
<kw name="Should Not Be Empty" owner="BuiltIn">
<msg time="2024-07-04T17:14:07.757255" level="INFO">Length is 2.</msg>
<arg>${json_data}</arg>
<doc>Verifies that the given item is not empty.</doc>
<status status="PASS" start="2024-07-04T17:14:07.757121" elapsed="0.000173"/>
</kw>
<kw name="Create List" owner="BuiltIn">
<msg time="2024-07-04T17:14:07.758004" level="INFO">${expected_keys} = ['gender', 'name', 'location', 'email', 'login']</msg>
<var>${expected_keys}</var>
<arg>gender</arg>
<arg>name</arg>
<arg>location</arg>
<arg>email</arg>
<arg>login</arg>
<doc>Returns a list containing given items.</doc>
<status status="PASS" start="2024-07-04T17:14:07.757671" elapsed="0.000359"/>
</kw>
<for flavor="IN">
<iter>
<kw name="Dictionary Should Contain Key" owner="Collections">
<arg>${json_data['results'][0]}</arg>
<arg>${key}</arg>
<doc>Fails if ``key`` is not found from ``dictionary``.</doc>
<status status="PASS" start="2024-07-04T17:14:07.758629" elapsed="0.000423"/>
</kw>
<kw name="Log" owner="BuiltIn">
<msg time="2024-07-04T17:14:07.759608" level="INFO">{'gender': 'male', 'name': {'title': 'Mr', 'first': 'رضا', 'last': 'یاسمی'}, 'location': {'street': {'number': 5796, 'name': 'مجاهدین اسلام'}, 'city': 'اراک', 'state': 'چهارمحال و بختیاری', 'country': 'Iran', 'postcode': 36744, 'coordinates': {'latitude': '15.9918', 'longitude': '-59.0676'}, 'timezone': {'offset': '-11:00', 'description': 'Midway Island, Samoa'}}, 'email': 'rd.ysmy@example.com', 'login': {'uuid': '6f0990c4-dbcf-411b-9273-b0350201eb6c', 'username': 'lazyelephant727', 'password': 'bull', 'salt': 'ZUX9fhQM', 'md5': '7d043efc109f8f854b24238e1599e89b', 'sha1': '82f32575ef8ee1db70a844f590d63898d32b21a0', 'sha256': 'c91e3b2539938e0f6ad42d6e4fc735f9c3e6e045f5f3a1d7c1104694c8381b6a'}, 'dob': {'date': '1945-11-23T22:13:02.631Z', 'age': 78}, 'registered': {'date': '2006-09-01T22:15:23.986Z', 'age': 17}, 'phone': '001-01973763', 'cell': '0996-283-4862', 'id': {'name': '', 'value': None}, 'picture': {'large': 'https://randomuser.me/api/portraits/men/32.jpg', 'medium': 'https://randomuser.me/api/portraits/med/men/32.jpg', 'thumbnail': 'https://randomuser.me/api/portraits/thumb/men/32.jpg'}, 'nat': 'IR'}</msg>
<arg>${json_data['results'][0]}</arg>
<doc>Logs the given message with the given level.</doc>
<status status="PASS" start="2024-07-04T17:14:07.759241" elapsed="0.000421"/>
</kw>
<kw name="Log" owner="BuiltIn">
<msg time="2024-07-04T17:14:07.760093" level="INFO">gender</msg>
<arg>${key}</arg>
<doc>Logs the given message with the given level.</doc>
<status status="PASS" start="2024-07-04T17:14:07.759965" elapsed="0.000167"/>
</kw>
<var name="${key}">gender</var>
<status status="PASS" start="2024-07-04T17:14:07.758504" elapsed="0.001849"/>
</iter>
<iter>
<kw name="Dictionary Should Contain Key" owner="Collections">
<arg>${json_data['results'][0]}</arg>
<arg>${key}</arg>
<doc>Fails if ``key`` is not found from ``dictionary``.</doc>
<status status="PASS" start="2024-07-04T17:14:07.760657" elapsed="0.000399"/>
</kw>
<kw name="Log" owner="BuiltIn">
<msg time="2024-07-04T17:14:07.761669" level="INFO">{'gender': 'male', 'name': {'title': 'Mr', 'first': 'رضا', 'last': 'یاسمی'}, 'location': {'street': {'number': 5796, 'name': 'مجاهدین اسلام'}, 'city': 'اراک', 'state': 'چهارمحال و بختیاری', 'country': 'Iran', 'postcode': 36744, 'coordinates': {'latitude': '15.9918', 'longitude': '-59.0676'}, 'timezone': {'offset': '-11:00', 'description': 'Midway Island, Samoa'}}, 'email': 'rd.ysmy@example.com', 'login': {'uuid': '6f0990c4-dbcf-411b-9273-b0350201eb6c', 'username': 'lazyelephant727', 'password': 'bull', 'salt': 'ZUX9fhQM', 'md5': '7d043efc109f8f854b24238e1599e89b', 'sha1': '82f32575ef8ee1db70a844f590d63898d32b21a0', 'sha256': 'c91e3b2539938e0f6ad42d6e4fc735f9c3e6e045f5f3a1d7c1104694c8381b6a'}, 'dob': {'date': '1945-11-23T22:13:02.631Z', 'age': 78}, 'registered': {'date': '2006-09-01T22:15:23.986Z', 'age': 17}, 'phone': '001-01973763', 'cell': '0996-283-4862', 'id': {'name': '', 'value': None}, 'picture': {'large': 'https://randomuser.me/api/portraits/men/32.jpg', 'medium': 'https://randomuser.me/api/portraits/med/men/32.jpg', 'thumbnail': 'https://randomuser.me/api/portraits/thumb/men/32.jpg'}, 'nat': 'IR'}</msg>
<arg>${json_data['results'][0]}</arg>
<doc>Logs the given message with the given level.</doc>
<status status="PASS" start="2024-07-04T17:14:07.761242" elapsed="0.000481"/>
</kw>
<kw name="Log" owner="BuiltIn">
<msg time="2024-07-04T17:14:07.762153" level="INFO">name</msg>
<arg>${key}</arg>
<doc>Logs the given message with the given level.</doc>
<status status="PASS" start="2024-07-04T17:14:07.762024" elapsed="0.000167"/>
</kw>
<var name="${key}">name</var>
<status status="PASS" start="2024-07-04T17:14:07.760541" elapsed="0.001867"/>
</iter>
<iter>
<kw name="Dictionary Should Contain Key" owner="Collections">
<arg>${json_data['results'][0]}</arg>
<arg>${key}</arg>
<doc>Fails if ``key`` is not found from ``dictionary``.</doc>
<status status="PASS" start="2024-07-04T17:14:07.762692" elapsed="0.000374"/>
</kw>
<kw name="Log" owner="BuiltIn">
<msg time="2024-07-04T17:14:07.763599" level="INFO">{'gender': 'male', 'name': {'title': 'Mr', 'first': 'رضا', 'last': 'یاسمی'}, 'location': {'street': {'number': 5796, 'name': 'مجاهدین اسلام'}, 'city': 'اراک', 'state': 'چهارمحال و بختیاری', 'country': 'Iran', 'postcode': 36744, 'coordinates': {'latitude': '15.9918', 'longitude': '-59.0676'}, 'timezone': {'offset': '-11:00', 'description': 'Midway Island, Samoa'}}, 'email': 'rd.ysmy@example.com', 'login': {'uuid': '6f0990c4-dbcf-411b-9273-b0350201eb6c', 'username': 'lazyelephant727', 'password': 'bull', 'salt': 'ZUX9fhQM', 'md5': '7d043efc109f8f854b24238e1599e89b', 'sha1': '82f32575ef8ee1db70a844f590d63898d32b21a0', 'sha256': 'c91e3b2539938e0f6ad42d6e4fc735f9c3e6e045f5f3a1d7c1104694c8381b6a'}, 'dob': {'date': '1945-11-23T22:13:02.631Z', 'age': 78}, 'registered': {'date': '2006-09-01T22:15:23.986Z', 'age': 17}, 'phone': '001-01973763', 'cell': '0996-283-4862', 'id': {'name': '', 'value': None}, 'picture': {'large': 'https://randomuser.me/api/portraits/men/32.jpg', 'medium': 'https://randomuser.me/api/portraits/med/men/32.jpg', 'thumbnail': 'https://randomuser.me/api/portraits/thumb/men/32.jpg'}, 'nat': 'IR'}</msg>
<arg>${json_data['results'][0]}</arg>
<doc>Logs the given message with the given level.</doc>
<status status="PASS" start="2024-07-04T17:14:07.763249" elapsed="0.000403"/>
</kw>
<kw name="Log" owner="BuiltIn">
<msg time="2024-07-04T17:14:07.764077" level="INFO">location</msg>
<arg>${key}</arg>
<doc>Logs the given message with the given level.</doc>
<status status="PASS" start="2024-07-04T17:14:07.763950" elapsed="0.000165"/>
</kw>
<var name="${key}">location</var>
<status status="PASS" start="2024-07-04T17:14:07.762584" elapsed="0.001745"/>
</iter>
<iter>
<kw name="Dictionary Should Contain Key" owner="Collections">
<arg>${json_data['results'][0]}</arg>
<arg>${key}</arg>
<doc>Fails if ``key`` is not found from ``dictionary``.</doc>
<status status="PASS" start="2024-07-04T17:14:07.764611" elapsed="0.000418"/>
</kw>
<kw name="Log" owner="BuiltIn">
<msg time="2024-07-04T17:14:07.765635" level="INFO">{'gender': 'male', 'name': {'title': 'Mr', 'first': 'رضا', 'last': 'یاسمی'}, 'location': {'street': {'number': 5796, 'name': 'مجاهدین اسلام'}, 'city': 'اراک', 'state': 'چهارمحال و بختیاری', 'country': 'Iran', 'postcode': 36744, 'coordinates': {'latitude': '15.9918', 'longitude': '-59.0676'}, 'timezone': {'offset': '-11:00', 'description': 'Midway Island, Samoa'}}, 'email': 'rd.ysmy@example.com', 'login': {'uuid': '6f0990c4-dbcf-411b-9273-b0350201eb6c', 'username': 'lazyelephant727', 'password': 'bull', 'salt': 'ZUX9fhQM', 'md5': '7d043efc109f8f854b24238e1599e89b', 'sha1': '82f32575ef8ee1db70a844f590d63898d32b21a0', 'sha256': 'c91e3b2539938e0f6ad42d6e4fc735f9c3e6e045f5f3a1d7c1104694c8381b6a'}, 'dob': {'date': '1945-11-23T22:13:02.631Z', 'age': 78}, 'registered': {'date': '2006-09-01T22:15:23.986Z', 'age': 17}, 'phone': '001-01973763', 'cell': '0996-283-4862', 'id': {'name': '', 'value': None}, 'picture': {'large': 'https://randomuser.me/api/portraits/men/32.jpg', 'medium': 'https://randomuser.me/api/portraits/med/men/32.jpg', 'thumbnail': 'https://randomuser.me/api/portraits/thumb/men/32.jpg'}, 'nat': 'IR'}</msg>
<arg>${json_data['results'][0]}</arg>
<doc>Logs the given message with the given level.</doc>
<status status="PASS" start="2024-07-04T17:14:07.765215" elapsed="0.000478"/>
</kw>
<kw name="Log" owner="BuiltIn">
<msg time="2024-07-04T17:14:07.766134" level="INFO">email</msg>
<arg>${key}</arg>
<doc>Logs the given message with the given level.</doc>
<status status="PASS" start="2024-07-04T17:14:07.766006" elapsed="0.000167"/>
</kw>
<var name="${key}">email</var>
<status status="PASS" start="2024-07-04T17:14:07.764503" elapsed="0.001895"/>
</iter>
<iter>
<kw name="Dictionary Should Contain Key" owner="Collections">
<arg>${json_data['results'][0]}</arg>
<arg>${key}</arg>
<doc>Fails if ``key`` is not found from ``dictionary``.</doc>
<status status="PASS" start="2024-07-04T17:14:07.766683" elapsed="0.000392"/>
</kw>
<kw name="Log" owner="BuiltIn">
<msg time="2024-07-04T17:14:07.767607" level="INFO">{'gender': 'male', 'name': {'title': 'Mr', 'first': 'رضا', 'last': 'یاسمی'}, 'location': {'street': {'number': 5796, 'name': 'مجاهدین اسلام'}, 'city': 'اراک', 'state': 'چهارمحال و بختیاری', 'country': 'Iran', 'postcode': 36744, 'coordinates': {'latitude': '15.9918', 'longitude': '-59.0676'}, 'timezone': {'offset': '-11:00', 'description': 'Midway Island, Samoa'}}, 'email': 'rd.ysmy@example.com', 'login': {'uuid': '6f0990c4-dbcf-411b-9273-b0350201eb6c', 'username': 'lazyelephant727', 'password': 'bull', 'salt': 'ZUX9fhQM', 'md5': '7d043efc109f8f854b24238e1599e89b', 'sha1': '82f32575ef8ee1db70a844f590d63898d32b21a0', 'sha256': 'c91e3b2539938e0f6ad42d6e4fc735f9c3e6e045f5f3a1d7c1104694c8381b6a'}, 'dob': {'date': '1945-11-23T22:13:02.631Z', 'age': 78}, 'registered': {'date': '2006-09-01T22:15:23.986Z', 'age': 17}, 'phone': '001-01973763', 'cell': '0996-283-4862', 'id': {'name': '', 'value': None}, 'picture': {'large': 'https://randomuser.me/api/portraits/men/32.jpg', 'medium': 'https://randomuser.me/api/portraits/med/men/32.jpg', 'thumbnail': 'https://randomuser.me/api/portraits/thumb/men/32.jpg'}, 'nat': 'IR'}</msg>
<arg>${json_data['results'][0]}</arg>
<doc>Logs the given message with the given level.</doc>
<status status="PASS" start="2024-07-04T17:14:07.767255" elapsed="0.000406"/>
</kw>
<kw name="Log" owner="BuiltIn">
<msg time="2024-07-04T17:14:07.768085" level="INFO">login</msg>
<arg>${key}</arg>
<doc>Logs the given message with the given level.</doc>
<status status="PASS" start="2024-07-04T17:14:07.767957" elapsed="0.000167"/>
</kw>
<var name="${key}">login</var>
<status status="PASS" start="2024-07-04T17:14:07.766570" elapsed="0.001774"/>
</iter>
<var>${key}</var>
<value>@{expected_keys}</value>
<status status="PASS" start="2024-07-04T17:14:07.758302" elapsed="0.010164"/>
</for>
<kw name="Create List" owner="BuiltIn">
<msg time="2024-07-04T17:14:07.768838" level="INFO">${expected_keysTwo} = ['username', 'password']</msg>
<var>${expected_keysTwo}</var>
<arg>username</arg>
<arg>password</arg>
<doc>Returns a list containing given items.</doc>
<status status="PASS" start="2024-07-04T17:14:07.768660" elapsed="0.000206"/>
</kw>
<for flavor="IN">
<iter>
<kw name="Dictionary Should Contain Key" owner="Collections">
<arg>${json_data['results'][0]['login']}</arg>
<arg>${keyTwo}</arg>
<doc>Fails if ``key`` is not found from ``dictionary``.</doc>
<status status="PASS" start="2024-07-04T17:14:07.769379" elapsed="0.000419"/>
</kw>
<kw name="Dictionary Should Contain Key" owner="Collections">
<arg>${json_data['results'][0]['login']}</arg>
<arg>${keyTwo}</arg>
<doc>Fails if ``key`` is not found from ``dictionary``.</doc>
<status status="PASS" start="2024-07-04T17:14:07.769988" elapsed="0.000386"/>
</kw>
<kw name="Log" owner="BuiltIn">
<msg time="2024-07-04T17:14:07.770681" level="INFO">username</msg>
<arg>${keyTwo}</arg>
<doc>Logs the given message with the given level.</doc>
<status status="PASS" start="2024-07-04T17:14:07.770560" elapsed="0.000159"/>
</kw>
<var name="${keyTwo}">username</var>
<status status="PASS" start="2024-07-04T17:14:07.769270" elapsed="0.001674"/>
</iter>
<iter>
<kw name="Dictionary Should Contain Key" owner="Collections">
<arg>${json_data['results'][0]['login']}</arg>
<arg>${keyTwo}</arg>
<doc>Fails if ``key`` is not found from ``dictionary``.</doc>
<status status="PASS" start="2024-07-04T17:14:07.771224" elapsed="0.000384"/>
</kw>
<kw name="Dictionary Should Contain Key" owner="Collections">
<arg>${json_data['results'][0]['login']}</arg>
<arg>${keyTwo}</arg>
<doc>Fails if ``key`` is not found from ``dictionary``.</doc>
<status status="PASS" start="2024-07-04T17:14:07.771788" elapsed="0.000366"/>
</kw>
<kw name="Log" owner="BuiltIn">
<msg time="2024-07-04T17:14:07.772448" level="INFO">password</msg>
<arg>${keyTwo}</arg>
<doc>Logs the given message with the given level.</doc>
<status status="PASS" start="2024-07-04T17:14:07.772331" elapsed="0.000159"/>
</kw>
<var name="${keyTwo}">password</var>
<status status="PASS" start="2024-07-04T17:14:07.771117" elapsed="0.001694"/>
</iter>
<var>${keyTwo}</var>
<value>@{expected_keysTwo}</value>
<status status="PASS" start="2024-07-04T17:14:07.769114" elapsed="0.003821"/>
</for>
<status status="PASS" start="2024-07-04T17:14:07.645421" elapsed="0.127660"/>
</kw>
<doc>Testa a estrutura da resposta da API.</doc>
<tag>testeEstruturaResposta</tag>
<status status="PASS" start="2024-07-04T17:14:07.644807" elapsed="0.128435"/>
</test>
<test id="s1-s1-t4" name="Validar tipos de dados" line="28">
<kw name="Teste de Tipos de Dados" owner="random-user-service">
<kw name="GET On Session" owner="RequestsLibrary">
<msg time="2024-07-04T17:14:07.838329" level="INFO">GET Request : url=https://randomuser.me/api 
 path_url=/api 
 headers={'User-Agent': 'python-requests/2.32.3', 'Accept-Encoding': 'gzip, deflate', 'Accept': '*/*', 'Connection': 'keep-alive'} 
 body=None 
 </msg>
<msg time="2024-07-04T17:14:07.838428" level="INFO">GET Response : url=https://randomuser.me/api 
 status=200, reason=OK 
 headers={'Date': 'Thu, 04 Jul 2024 17:14:07 GMT', 'Content-Type': 'application/json; charset=utf-8', 'Transfer-Encoding': 'chunked', 'Connection': 'keep-alive', 'X-Powered-By': 'Express', 'Access-Control-Allow-Origin': '*', 'Cache-Control': 'no-cache', 'ETag': 'W/"48a-u1+kpFrtSe9ml49HLn67GJ872Pw"', 'Vary': 'Accept-Encoding', 'Content-Encoding': 'gzip', 'CF-Cache-Status': 'DYNAMIC', 'Report-To': '{"endpoints":[{"url":"https:\\/\\/a.nel.cloudflare.com\\/report\\/v4?s=KZilGKQRp%2BnwSn7N1g1ZXhWRjvgZZz0iaSJe7GTOFWRDCUP9Y1gDw575bz2QIhTRj0Y91sRP1GCe4FkkWwqi6GvhDD6R%2Fz4KkfU0jbG9TyYTZNrUrjn%2FTLs2eOjf6JwB"}],"group":"cf-nel","max_age":604800}', 'NEL': '{"success_fraction":0,"report_to":"cf-nel","max_age":604800}', 'Server': 'cloudflare', 'CF-RAY': '89e0bff69c3b10e9-ORD', 'alt-svc': 'h3=":443"; ma=86400'} 
 body={"results":[{"gender":"male","name":{"title":"Mr","first":"Lewis","last":"Myers"},"location":{"street":{"number":8649,"name":"Dame Street"},"city":"Kilcock","state":"Cork City","country":"Ireland","postcode":35778,"coordinates":{"latitude":"-0.9918","longitude":"-161.7571"},"timezone":{"offset":"+1:00","description":"Brussels, Copenhagen, Madrid, Paris"}},"email":"lewis.myers@example.com","login":{"uuid":"aa7d2724-9722-4457-8901-ee961f144c30","username":"angrybutterfly941","password":"monkey12","salt":"KDkipuDq","md5":"3e43b49fb9c070463d9bd4fb2c3718da","sha1":"f0c717055dbc2d80fea44413b82aab7e51b3dbdc","sha256":"d675e7d13eebf6dd2943bc2ecc3e35976afe62c327c3c4f61a462d1fde7936bf"},"dob":{"date":"1997-03-21T13:25:43.039Z","age":27},"registered":{"date":"2013-11-27T07:59:44.927Z","age":10},"phone":"011-912-2710","cell":"081-965-6658","id":{"name":"PPS","value":"7553424T"},"picture":{"large":"https://randomuser.me/api/portraits/men/38.jpg","medium":"https://randomuser.me/api/portraits/med/men/38.jpg","thumbnail":"https://randomuser.me/api/portraits/thumb/men/38.jpg"},"nat":"IE"}],"info":{"seed":"adffba883534704c","results":1,"page":1,"version":"1.4"}} 
 </msg>
<msg time="2024-07-04T17:14:07.838498" level="INFO">/opt/hostedtoolcache/Python/3.12.4/x64/lib/python3.12/site-packages/urllib3/connectionpool.py:1099: InsecureRequestWarning: Unverified HTTPS request is being made to host 'randomuser.me'. Adding certificate verification is strongly advised. See: https://urllib3.readthedocs.io/en/latest/advanced-usage.html#tls-warnings
  warnings.warn(</msg>
<msg time="2024-07-04T17:14:07.838624" level="INFO">${response} = &lt;Response [200]&gt;</msg>
<var>${response}</var>
<arg>consultarAPI</arg>
<arg>/api</arg>
<doc>Sends a GET request on a previously created HTTP Session.</doc>
<status status="PASS" start="2024-07-04T17:14:07.775824" elapsed="0.062834"/>
</kw>
<kw name="Set Variable" owner="BuiltIn">
<msg time="2024-07-04T17:14:07.839788" level="INFO">${json_data} = {'results': [{'gender': 'male', 'name': {'title': 'Mr', 'first': 'Lewis', 'last': 'Myers'}, 'location': {'street': {'number': 8649, 'name': 'Dame Street'}, 'city': 'Kilcock', 'state': 'Cork City', 'co...</msg>
<var>${json_data}</var>
<arg>${response.json()}</arg>
<doc>Returns the given values which can then be assigned to a variables.</doc>
<status status="PASS" start="2024-07-04T17:14:07.839238" elapsed="0.000579"/>
</kw>
<kw name="Log" owner="BuiltIn">
<msg time="2024-07-04T17:14:07.840294" level="INFO">{'results': [{'gender': 'male', 'name': {'title': 'Mr', 'first': 'Lewis', 'last': 'Myers'}, 'location': {'street': {'number': 8649, 'name': 'Dame Street'}, 'city': 'Kilcock', 'state': 'Cork City', 'country': 'Ireland', 'postcode': 35778, 'coordinates': {'latitude': '-0.9918', 'longitude': '-161.7571'}, 'timezone': {'offset': '+1:00', 'description': 'Brussels, Copenhagen, Madrid, Paris'}}, 'email': 'lewis.myers@example.com', 'login': {'uuid': 'aa7d2724-9722-4457-8901-ee961f144c30', 'username': 'angrybutterfly941', 'password': 'monkey12', 'salt': 'KDkipuDq', 'md5': '3e43b49fb9c070463d9bd4fb2c3718da', 'sha1': 'f0c717055dbc2d80fea44413b82aab7e51b3dbdc', 'sha256': 'd675e7d13eebf6dd2943bc2ecc3e35976afe62c327c3c4f61a462d1fde7936bf'}, 'dob': {'date': '1997-03-21T13:25:43.039Z', 'age': 27}, 'registered': {'date': '2013-11-27T07:59:44.927Z', 'age': 10}, 'phone': '011-912-2710', 'cell': '081-965-6658', 'id': {'name': 'PPS', 'value': '7553424T'}, 'picture': {'large': 'https://randomuser.me/api/portraits/men/38.jpg', 'medium': 'https://randomuser.me/api/portraits/med/men/38.jpg', 'thumbnail': 'https://randomuser.me/api/portraits/thumb/men/38.jpg'}, 'nat': 'IE'}], 'info': {'seed': 'adffba883534704c', 'results': 1, 'page': 1, 'version': '1.4'}}</msg>
<arg>${json_data}</arg>
<doc>Logs the given message with the given level.</doc>
<status status="PASS" start="2024-07-04T17:14:07.840132" elapsed="0.000211"/>
</kw>
<kw name="Should Be String" owner="String">
<arg>${json_data['results'][0]['gender']}</arg>
<doc>Fails if the given ``item`` is not a string.</doc>
<status status="PASS" start="2024-07-04T17:14:07.840632" elapsed="0.000369"/>
</kw>
<kw name="Should Match Regexp" owner="BuiltIn">
<arg>${json_data['results'][0]['email']}</arg>
<arg>^[a-zA-Z0-9._%+-]+@[a-zA-Z0-9.-]+\.[a-zA-Z]{2,}$</arg>
<doc>Fails if ``string`` does not match ``pattern`` as a regular expression.</doc>
<status status="PASS" start="2024-07-04T17:14:07.841191" elapsed="0.000636"/>
</kw>
<kw name="Should Match Regexp" owner="BuiltIn">
<arg>${json_data['results'][0]['dob']['date']}</arg>
<arg>\\d{4}-\\d{2}-\\d{2}T\\d{2}:\\d{2}:\\d{2}\\.\\d{3}Z</arg>
<doc>Fails if ``string`` does not match ``pattern`` as a regular expression.</doc>
<status status="PASS" start="2024-07-04T17:14:07.842028" elapsed="0.000486"/>
</kw>
<kw name="Should Match Regexp" owner="BuiltIn">
<arg>${json_data['results'][0]['registered']['date']}</arg>
<arg>\\d{4}-\\d{2}-\\d{2}T\\d{2}:\\d{2}:\\d{2}\\.\\d{3}Z</arg>
<doc>Fails if ``string`` does not match ``pattern`` as a regular expression.</doc>
<status status="PASS" start="2024-07-04T17:14:07.842703" elapsed="0.000365"/>
</kw>
<kw name="Should Match Regexp" owner="BuiltIn">
<arg>${json_data['results'][0]['picture']['large']}</arg>
<arg>^https?://.*\.(?:png|jpe?g|gif|bmp)$</arg>
<doc>Fails if ``string`` does not match ``pattern`` as a regular expression.</doc>
<status status="PASS" start="2024-07-04T17:14:07.843250" elapsed="0.000455"/>
</kw>
<kw name="Should Match Regexp" owner="BuiltIn">
<arg>${json_data['results'][0]['picture']['medium']}</arg>
<arg>^https?://.*\.(?:png|jpe?g|gif|bmp)$</arg>
<doc>Fails if ``string`` does not match ``pattern`` as a regular expression.</doc>
<status status="PASS" start="2024-07-04T17:14:07.843889" elapsed="0.000359"/>
</kw>
<kw name="Should Match Regexp" owner="BuiltIn">
<arg>${json_data['results'][0]['picture']['thumbnail']}</arg>
<arg>^https?://.*\.(?:png|jpe?g|gif|bmp)$</arg>
<doc>Fails if ``string`` does not match ``pattern`` as a regular expression.</doc>
<status status="PASS" start="2024-07-04T17:14:07.844432" elapsed="0.000347"/>
</kw>
<kw name="Log" owner="BuiltIn">
<msg time="2024-07-04T17:14:07.845285" level="INFO">{'large': 'https://randomuser.me/api/portraits/men/38.jpg', 'medium': 'https://randomuser.me/api/portraits/med/men/38.jpg', 'thumbnail': 'https://randomuser.me/api/portraits/thumb/men/38.jpg'}</msg>
<arg>${json_data['results'][0]['picture']}</arg>
<doc>Logs the given message with the given level.</doc>
<status status="PASS" start="2024-07-04T17:14:07.844957" elapsed="0.000379"/>
</kw>
<status status="PASS" start="2024-07-04T17:14:07.775593" elapsed="0.070037"/>
</kw>
<kw name="Teste de Tipos de Dados - Postcode" owner="random-user-service">
<kw name="GET On Session" owner="RequestsLibrary">
<msg time="2024-07-04T17:14:07.944704" level="INFO">GET Request : url=https://randomuser.me/api 
 path_url=/api 
 headers={'User-Agent': 'python-requests/2.32.3', 'Accept-Encoding': 'gzip, deflate', 'Accept': '*/*', 'Connection': 'keep-alive'} 
 body=None 
 </msg>
<msg time="2024-07-04T17:14:07.944808" level="INFO">GET Response : url=https://randomuser.me/api 
 status=200, reason=OK 
 headers={'Date': 'Thu, 04 Jul 2024 17:14:07 GMT', 'Content-Type': 'application/json; charset=utf-8', 'Transfer-Encoding': 'chunked', 'Connection': 'keep-alive', 'X-Powered-By': 'Express', 'Access-Control-Allow-Origin': '*', 'Cache-Control': 'no-cache', 'ETag': 'W/"4a2-reySFvEcUZxuQ0OQ0069f8TRG/s"', 'Vary': 'Accept-Encoding', 'Content-Encoding': 'gzip', 'CF-Cache-Status': 'DYNAMIC', 'Report-To': '{"endpoints":[{"url":"https:\\/\\/a.nel.cloudflare.com\\/report\\/v4?s=lgFpXjrXEq2h0XaL8t95N%2Fyp4ftxdMy%2B9LzoXZzCX7xm%2FNlTD7NCqVp3Tc0hbeuvIXaO9c0ygx2H5uMf2lmXl4nRa9dDoAomOepA%2B%2Bn9QOxuflLc3LvSQDB9poZKSn4i"}],"group":"cf-nel","max_age":604800}', 'NEL': '{"success_fraction":0,"report_to":"cf-nel","max_age":604800}', 'Server': 'cloudflare', 'CF-RAY': '89e0bff70cc010e9-ORD', 'alt-svc': 'h3=":443"; ma=86400'} 
 body={"results":[{"gender":"male","name":{"title":"Mr","first":"Valtteri","last":"Juntunen"},"location":{"street":{"number":939,"name":"Itsenäisyydenkatu"},"city":"Pelkosenniemi","state":"Åland","country":"Finland","postcode":28415,"coordinates":{"latitude":"-28.3232","longitude":"-68.5416"},"timezone":{"offset":"+11:00","description":"Magadan, Solomon Islands, New Caledonia"}},"email":"valtteri.juntunen@example.com","login":{"uuid":"e3f149f3-8001-42bc-bda0-d890746bb6c4","username":"redbear865","password":"sisters","salt":"HbbhhSVB","md5":"0c1e65a45a0f4f497fc5e92b09457515","sha1":"a864f1a054abc52a1586c3c142d043a0f1e3a019","sha256":"aea62b555f4cd601c33ae3b34ada264d20326cfdd65a933acee6a7e79c547766"},"dob":{"date":"1975-03-20T17:53:53.355Z","age":49},"registered":{"date":"2014-05-21T11:55:25.447Z","age":10},"phone":"05-247-737","cell":"043-894-54-98","id":{"name":"HETU","value":"NaNNA261undefined"},"picture":{"large":"https://randomuser.me/api/portraits/men/3.jpg","medium":"https://randomuser.me/api/portraits/med/men/3.jpg","thumbnail":"https://randomuser.me/api/portraits/thumb/men/3.jpg"},"nat":"FI"}],"info":{"seed":"216da37c3586751a","results":1,"page":1,"version":"1.4"}} 
 </msg>
<msg time="2024-07-04T17:14:07.944885" level="INFO">/opt/hostedtoolcache/Python/3.12.4/x64/lib/python3.12/site-packages/urllib3/connectionpool.py:1099: InsecureRequestWarning: Unverified HTTPS request is being made to host 'randomuser.me'. Adding certificate verification is strongly advised. See: https://urllib3.readthedocs.io/en/latest/advanced-usage.html#tls-warnings
  warnings.warn(</msg>
<msg time="2024-07-04T17:14:07.945011" level="INFO">${response} = &lt;Response [200]&gt;</msg>
<var>${response}</var>
<arg>consultarAPI</arg>
<arg>/api</arg>
<doc>Sends a GET request on a previously created HTTP Session.</doc>
<status status="PASS" start="2024-07-04T17:14:07.846106" elapsed="0.098943"/>
</kw>
<kw name="Set Variable" owner="BuiltIn">
<msg time="2024-07-04T17:14:07.946401" level="INFO">${json_data} = {'results': [{'gender': 'male', 'name': {'title': 'Mr', 'first': 'Valtteri', 'last': 'Juntunen'}, 'location': {'street': {'number': 939, 'name': 'Itsenäisyydenkatu'}, 'city': 'Pelkosenniemi', 'state':...</msg>
<var>${json_data}</var>
<arg>${response.json()}</arg>
<doc>Returns the given values which can then be assigned to a variables.</doc>
<status status="PASS" start="2024-07-04T17:14:07.945789" elapsed="0.000644"/>
</kw>
<kw name="Log" owner="BuiltIn">
<msg time="2024-07-04T17:14:07.946954" level="INFO">{'results': [{'gender': 'male', 'name': {'title': 'Mr', 'first': 'Valtteri', 'last': 'Juntunen'}, 'location': {'street': {'number': 939, 'name': 'Itsenäisyydenkatu'}, 'city': 'Pelkosenniemi', 'state': 'Åland', 'country': 'Finland', 'postcode': 28415, 'coordinates': {'latitude': '-28.3232', 'longitude': '-68.5416'}, 'timezone': {'offset': '+11:00', 'description': 'Magadan, Solomon Islands, New Caledonia'}}, 'email': 'valtteri.juntunen@example.com', 'login': {'uuid': 'e3f149f3-8001-42bc-bda0-d890746bb6c4', 'username': 'redbear865', 'password': 'sisters', 'salt': 'HbbhhSVB', 'md5': '0c1e65a45a0f4f497fc5e92b09457515', 'sha1': 'a864f1a054abc52a1586c3c142d043a0f1e3a019', 'sha256': 'aea62b555f4cd601c33ae3b34ada264d20326cfdd65a933acee6a7e79c547766'}, 'dob': {'date': '1975-03-20T17:53:53.355Z', 'age': 49}, 'registered': {'date': '2014-05-21T11:55:25.447Z', 'age': 10}, 'phone': '05-247-737', 'cell': '043-894-54-98', 'id': {'name': 'HETU', 'value': 'NaNNA261undefined'}, 'picture': {'large': 'https://randomuser.me/api/portraits/men/3.jpg', 'medium': 'https://randomuser.me/api/portraits/med/men/3.jpg', 'thumbnail': 'https://randomuser.me/api/portraits/thumb/men/3.jpg'}, 'nat': 'FI'}], 'info': {'seed': '216da37c3586751a', 'results': 1, 'page': 1, 'version': '1.4'}}</msg>
<arg>${json_data}</arg>
<doc>Logs the given message with the given level.</doc>
<status status="PASS" start="2024-07-04T17:14:07.946784" elapsed="0.000221"/>
</kw>
<kw name="Should Be Equal As Numbers" owner="BuiltIn">
<arg>${json_data['results'][0]['location']['postcode']}</arg>
<arg>${json_data['results'][0]['location']['postcode']}</arg>
<doc>Fails if objects are unequal after converting them to real numbers.</doc>
<status status="PASS" start="2024-07-04T17:14:07.947301" elapsed="0.000632"/>
</kw>
<kw name="Log" owner="BuiltIn">
<msg time="2024-07-04T17:14:07.948659" level="INFO">28415</msg>
<arg>${json_data['results'][0]['location']['postcode']}</arg>
<doc>Logs the given message with the given level.</doc>
<status status="PASS" start="2024-07-04T17:14:07.948129" elapsed="0.000610"/>
</kw>
<status status="PASS" start="2024-07-04T17:14:07.845872" elapsed="0.103138"/>
</kw>
<doc>Testa se os tipos de dados na resposta da API estão corretos.</doc>
<tag>testeTiposDados</tag>
<status status="PASS" start="2024-07-04T17:14:07.775096" elapsed="0.174084"/>
</test>
<test id="s1-s1-t5" name="Validar conteudo" line="35">
<kw name="Teste de Tipos de Conteudo" owner="random-user-service">
<kw name="GET On Session" owner="RequestsLibrary">
<msg time="2024-07-04T17:14:09.155943" level="INFO">GET Request : url=https://randomuser.me/api 
 path_url=/api 
 headers={'User-Agent': 'python-requests/2.32.3', 'Accept-Encoding': 'gzip, deflate', 'Accept': '*/*', 'Connection': 'keep-alive'} 
 body=None 
 </msg>
<msg time="2024-07-04T17:14:09.156045" level="INFO">GET Response : url=https://randomuser.me/api 
 status=200, reason=OK 
 headers={'Date': 'Thu, 04 Jul 2024 17:14:09 GMT', 'Content-Type': 'application/json; charset=utf-8', 'Transfer-Encoding': 'chunked', 'Connection': 'keep-alive', 'X-Powered-By': 'Express', 'Access-Control-Allow-Origin': '*', 'Cache-Control': 'no-cache', 'ETag': 'W/"478-ld9JjDB3sAlvBZLoYeaLjcOSL7w"', 'Vary': 'Accept-Encoding', 'Content-Encoding': 'gzip', 'CF-Cache-Status': 'DYNAMIC', 'Report-To': '{"endpoints":[{"url":"https:\\/\\/a.nel.cloudflare.com\\/report\\/v4?s=J3FvXddM7OzI6vFuxdUY7QHCuODQWzMXWmc0UZ7o9yxg2u9kpNNfHY6NrWsWji5WV8uELyO9kgnH7pw%2F56tCt3jj8c%2BcGtYQtPPqqvYmixtAaYMkPGOeaQi5fqjMPy7D"}],"group":"cf-nel","max_age":604800}', 'NEL': '{"success_fraction":0,"report_to":"cf-nel","max_age":604800}', 'Server': 'cloudflare', 'CF-RAY': '89e0bff7bde410e9-ORD', 'alt-svc': 'h3=":443"; ma=86400'} 
 body={"results":[{"gender":"female","name":{"title":"Mrs","first":"Blanca","last":"Santos"},"location":{"street":{"number":3253,"name":"Calle de Ferraz"},"city":"Mérida","state":"La Rioja","country":"Spain","postcode":99240,"coordinates":{"latitude":"-30.6534","longitude":"89.9398"},"timezone":{"offset":"-2:00","description":"Mid-Atlantic"}},"email":"blanca.santos@example.com","login":{"uuid":"2d76578c-fe1b-4fb6-886b-e5f7f80fbcb1","username":"sadtiger397","password":"gilles","salt":"4eS9UAdF","md5":"dc09ce35d11c2a89af9ba3c5f72cfc92","sha1":"991306beb074eb375f7031a2b2ab3851d0fab540","sha256":"e286528ca184afc37bcb040eb0703e3bfd820e405d2876a687d36437ec60657c"},"dob":{"date":"1998-05-08T12:03:06.842Z","age":26},"registered":{"date":"2011-09-07T15:46:55.042Z","age":12},"phone":"950-967-719","cell":"600-944-961","id":{"name":"DNI","value":"42661667-J"},"picture":{"large":"https://randomuser.me/api/portraits/women/94.jpg","medium":"https://randomuser.me/api/portraits/med/women/94.jpg","thumbnail":"https://randomuser.me/api/portraits/thumb/women/94.jpg"},"nat":"ES"}],"info":{"seed":"cff63352e5db7bfa","results":1,"page":1,"version":"1.4"}} 
 </msg>
<msg time="2024-07-04T17:14:09.156119" level="INFO">/opt/hostedtoolcache/Python/3.12.4/x64/lib/python3.12/site-packages/urllib3/connectionpool.py:1099: InsecureRequestWarning: Unverified HTTPS request is being made to host 'randomuser.me'. Adding certificate verification is strongly advised. See: https://urllib3.readthedocs.io/en/latest/advanced-usage.html#tls-warnings
  warnings.warn(</msg>
<msg time="2024-07-04T17:14:09.156250" level="INFO">${response} = &lt;Response [200]&gt;</msg>
<var>${response}</var>
<arg>consultarAPI</arg>
<arg>/api</arg>
<doc>Sends a GET request on a previously created HTTP Session.</doc>
<status status="PASS" start="2024-07-04T17:14:07.951854" elapsed="1.204444"/>
</kw>
<kw name="Set Variable" owner="BuiltIn">
<msg time="2024-07-04T17:14:09.157612" level="INFO">${json_data} = {'results': [{'gender': 'female', 'name': {'title': 'Mrs', 'first': 'Blanca', 'last': 'Santos'}, 'location': {'street': {'number': 3253, 'name': 'Calle de Ferraz'}, 'city': 'Mérida', 'state': 'La Rioj...</msg>
<var>${json_data}</var>
<arg>${response.json()}</arg>
<doc>Returns the given values which can then be assigned to a variables.</doc>
<status status="PASS" start="2024-07-04T17:14:09.156987" elapsed="0.000657"/>
</kw>
<kw name="Set Variable" owner="BuiltIn">
<msg time="2024-07-04T17:14:09.158354" level="INFO">${name_title} = Mrs</msg>
<var>${name_title}</var>
<arg>${json_data["results"][0]["name"]["title"]}</arg>
<doc>Returns the given values which can then be assigned to a variables.</doc>
<status status="PASS" start="2024-07-04T17:14:09.157961" elapsed="0.000419"/>
</kw>
<kw name="Create List" owner="BuiltIn">
<msg time="2024-07-04T17:14:09.158825" level="INFO">${allowed_titles} = ['Mr', 'Ms', 'Miss', 'Mrs', 'Madame', 'Monsieur']</msg>
<var>${allowed_titles}</var>
<arg>Mr</arg>
<arg>Ms</arg>
<arg>Miss</arg>
<arg>Mrs</arg>
<arg>Madame</arg>
<arg>Monsieur</arg>
<doc>Returns a list containing given items.</doc>
<status status="PASS" start="2024-07-04T17:14:09.158677" elapsed="0.000172"/>
</kw>
<kw name="List Should Contain Value" owner="Collections">
<arg>${allowed_titles}</arg>
<arg>${name_title}</arg>
<doc>Fails if the ``value`` is not found from ``list``.</doc>
<status status="PASS" start="2024-07-04T17:14:09.159153" elapsed="0.000182"/>
</kw>
<kw name="Set Variable" owner="BuiltIn">
<msg time="2024-07-04T17:14:09.159885" level="INFO">${name_country} = ES</msg>
<var>${name_country}</var>
<arg>${json_data["results"][0]["nat"]}</arg>
<doc>Returns the given values which can then be assigned to a variables.</doc>
<status status="PASS" start="2024-07-04T17:14:09.159514" elapsed="0.000396"/>
</kw>
<kw name="Create List" owner="BuiltIn">
<msg time="2024-07-04T17:14:09.160797" level="INFO">${list_country} = ['AD', 'AE', 'AF', 'AG', 'AI', 'AL', 'AM', 'AO', 'AQ', 'AR', 'AS', 'AT', 'AU', 'AW', 'AX', 'AZ', 'BA', 'BB', 'BD', 'BE', 'BF', 'BG', 'BH', 'BI', 'BJ', 'BL', 'BM', 'BN', 'BO', 'BQ', 'BR', 'BS', 'BT', '...</msg>
<var>${list_country}</var>
<arg>AD</arg>
<arg>AE</arg>
<arg>AF</arg>
<arg>AG</arg>
<arg>AI</arg>
<arg>AL</arg>
<arg>AM</arg>
<arg>AO</arg>
<arg>AQ</arg>
<arg>AR</arg>
<arg>AS</arg>
<arg>AT</arg>
<arg>AU</arg>
<arg>AW</arg>
<arg>AX</arg>
<arg>AZ</arg>
<arg>BA</arg>
<arg>BB</arg>
<arg>BD</arg>
<arg>BE</arg>
<arg>BF</arg>
<arg>BG</arg>
<arg>BH</arg>
<arg>BI</arg>
<arg>BJ</arg>
<arg>BL</arg>
<arg>BM</arg>
<arg>BN</arg>
<arg>BO</arg>
<arg>BQ</arg>
<arg>BR</arg>
<arg>BS</arg>
<arg>BT</arg>
<arg>BV</arg>
<arg>BW</arg>
<arg>BY</arg>
<arg>BZ</arg>
<arg>CA</arg>
<arg>CC</arg>
<arg>CD</arg>
<arg>CF</arg>
<arg>CG</arg>
<arg>CH</arg>
<arg>CI</arg>
<arg>CK</arg>
<arg>CL</arg>
<arg>CM</arg>
<arg>CN</arg>
<arg>CO</arg>
<arg>CR</arg>
<arg>CU</arg>
<arg>CV</arg>
<arg>CW</arg>
<arg>CX</arg>
<arg>CY</arg>
<arg>CZ</arg>
<arg>DE</arg>
<arg>DJ</arg>
<arg>DK</arg>
<arg>DM</arg>
<arg>DO</arg>
<arg>DZ</arg>
<arg>EC</arg>
<arg>EE</arg>
<arg>EG</arg>
<arg>EH</arg>
<arg>ER</arg>
<arg>ES</arg>
<arg>ET</arg>
<arg>FI</arg>
<arg>FJ</arg>
<arg>FK</arg>
<arg>FM</arg>
<arg>FO</arg>
<arg>FR</arg>
<arg>GA</arg>
<arg>GB</arg>
<arg>GD</arg>
<arg>GE</arg>
<arg>GF</arg>
<arg>GG</arg>
<arg>GH</arg>
<arg>GI</arg>
<arg>GL</arg>
<arg>GM</arg>
<arg>GN</arg>
<arg>GP</arg>
<arg>GQ</arg>
<arg>GR</arg>
<arg>GS</arg>
<arg>GT</arg>
<arg>GU</arg>
<arg>GW</arg>
<arg>GY</arg>
<arg>HK</arg>
<arg>HM</arg>
<arg>HN</arg>
<arg>HR</arg>
<arg>HT</arg>
<arg>HU</arg>
<arg>ID</arg>
<arg>IE</arg>
<arg>IL</arg>
<arg>IM</arg>
<arg>IN</arg>
<arg>IO</arg>
<arg>IQ</arg>
<arg>IR</arg>
<arg>IS</arg>
<arg>IT</arg>
<arg>JE</arg>
<arg>JM</arg>
<arg>JO</arg>
<arg>JP</arg>
<arg>KE</arg>
<arg>KG</arg>
<arg>KH</arg>
<arg>KI</arg>
<arg>KM</arg>
<arg>KN</arg>
<arg>KP</arg>
<arg>KR</arg>
<arg>KW</arg>
<arg>KY</arg>
<arg>KZ</arg>
<arg>LA</arg>
<arg>LB</arg>
<arg>LC</arg>
<arg>LI</arg>
<arg>LK</arg>
<arg>LR</arg>
<arg>LS</arg>
<arg>LT</arg>
<arg>LU</arg>
<arg>LV</arg>
<arg>LY</arg>
<arg>MA</arg>
<arg>MC</arg>
<arg>MD</arg>
<arg>ME</arg>
<arg>MF</arg>
<arg>MG</arg>
<arg>MH</arg>
<arg>MK</arg>
<arg>ML</arg>
<arg>MM</arg>
<arg>MN</arg>
<arg>MO</arg>
<arg>MP</arg>
<arg>MQ</arg>
<arg>MR</arg>
<arg>MS</arg>
<arg>MT</arg>
<arg>MU</arg>
<arg>MV</arg>
<arg>MW</arg>
<arg>MX</arg>
<arg>MY</arg>
<arg>MZ</arg>
<arg>NA</arg>
<arg>NC</arg>
<arg>NE</arg>
<arg>NF</arg>
<arg>NG</arg>
<arg>NI</arg>
<arg>NL</arg>
<arg>NO</arg>
<arg>NP</arg>
<arg>NR</arg>
<arg>NU</arg>
<arg>NZ</arg>
<arg>OM</arg>
<arg>PA</arg>
<arg>PE</arg>
<arg>PF</arg>
<arg>PG</arg>
<arg>PH</arg>
<arg>PK</arg>
<arg>PL</arg>
<arg>PM</arg>
<arg>PN</arg>
<arg>PR</arg>
<arg>PS</arg>
<arg>PT</arg>
<arg>PW</arg>
<arg>PY</arg>
<arg>QA</arg>
<arg>RE</arg>
<arg>RO</arg>
<arg>RS</arg>
<arg>RU</arg>
<arg>RW</arg>
<arg>SA</arg>
<arg>SB</arg>
<arg>SC</arg>
<arg>SD</arg>
<arg>SE</arg>
<arg>SG</arg>
<arg>SH</arg>
<arg>SI</arg>
<arg>SJ</arg>
<arg>SK</arg>
<arg>SL</arg>
<arg>SM</arg>
<arg>SN</arg>
<arg>SO</arg>
<arg>SR</arg>
<arg>SS</arg>
<arg>ST</arg>
<arg>SV</arg>
<arg>SX</arg>
<arg>SY</arg>
<arg>SZ</arg>
<arg>TC</arg>
<arg>TD</arg>
<arg>TF</arg>
<arg>TG</arg>
<arg>TH</arg>
<arg>TJ</arg>
<arg>TK</arg>
<arg>TL</arg>
<arg>TM</arg>
<arg>TN</arg>
<arg>TO</arg>
<arg>TR</arg>
<arg>TT</arg>
<arg>TV</arg>
<arg>TW</arg>
<arg>TZ</arg>
<arg>UA</arg>
<arg>UG</arg>
<arg>UM</arg>
<arg>US</arg>
<arg>UY</arg>
<arg>UZ</arg>
<arg>VA</arg>
<arg>VC</arg>
<arg>VE</arg>
<arg>VG</arg>
<arg>VI</arg>
<arg>VN</arg>
<arg>VU</arg>
<arg>WF</arg>
<arg>WS</arg>
<arg>XK</arg>
<arg>YE</arg>
<arg>YT</arg>
<arg>ZA</arg>
<arg>ZM</arg>
<arg>ZW</arg>
<doc>Returns a list containing given items.</doc>
<status status="PASS" start="2024-07-04T17:14:09.160201" elapsed="0.000622"/>
</kw>
<kw name="List Should Contain Value" owner="Collections">
<arg>${list_country}</arg>
<arg>${name_country}</arg>
<doc>Fails if the ``value`` is not found from ``list``.</doc>
<status status="PASS" start="2024-07-04T17:14:09.161656" elapsed="0.000205"/>
</kw>
<kw name="Run Keyword If" owner="BuiltIn">
<kw name="Should Be True" owner="BuiltIn">
<arg>${True}</arg>
<doc>Fails if the given condition is not true.</doc>
<status status="PASS" start="2024-07-04T17:14:09.162805" elapsed="0.000141"/>
</kw>
<arg>${json_data["results"][0]["location"]["coordinates"]["latitude"]} &gt;= -90 and ${json_data["results"][0]["location"]["coordinates"]["latitude"]} &lt;= 90</arg>
<arg>Should Be True</arg>
<arg>${True}</arg>
<doc>Runs the given keyword with the given arguments, if ``condition`` is true.</doc>
<status status="PASS" start="2024-07-04T17:14:09.162057" elapsed="0.001014"/>
</kw>
<kw name="Run Keyword If" owner="BuiltIn">
<kw name="Should Be True" owner="BuiltIn">
<arg>${True}</arg>
<doc>Fails if the given condition is not true.</doc>
<status status="PASS" start="2024-07-04T17:14:09.163932" elapsed="0.000244"/>
</kw>
<arg>${json_data["results"][0]["location"]["coordinates"]["longitude"]} &gt;= -180 and ${json_data["results"][0]["location"]["coordinates"]["longitude"]} &lt;= 180</arg>
<arg>Should Be True</arg>
<arg>${True}</arg>
<doc>Runs the given keyword with the given arguments, if ``condition`` is true.</doc>
<status status="PASS" start="2024-07-04T17:14:09.163247" elapsed="0.001058"/>
</kw>
<status status="PASS" start="2024-07-04T17:14:07.951613" elapsed="1.212827"/>
</kw>
<doc>Testa o conteúdo específico dos campos retornados pela API.</doc>
<tag>testeConteudo</tag>
<status status="PASS" start="2024-07-04T17:14:07.951010" elapsed="1.213584"/>
</test>
<status status="PASS" start="2024-07-04T17:14:07.102774" elapsed="2.063946"/>
</suite>
<status status="PASS" start="2024-07-04T17:14:07.087843" elapsed="2.084043"/>
</suite>
<statistics>
<total>
<stat pass="5" fail="0" skip="0">All Tests</stat>
</total>
<tag>
<stat pass="1" fail="0" skip="0">testeConteudo</stat>
<stat pass="1" fail="0" skip="0">testeEstruturaResposta</stat>
<stat pass="1" fail="0" skip="0">testeRequisicaoBasica</stat>
<stat pass="1" fail="0" skip="0">testeTiposDados</stat>
</tag>
<suite>
<stat pass="5" fail="0" skip="0" id="s1" name="Tests">Tests</stat>
<stat pass="5" fail="0" skip="0" id="s1-s1" name="Random-User-Test">Tests.Random-User-Test</stat>
</suite>
</statistics>
<errors>
</errors>
</robot>
