<?xml version="1.0" encoding="UTF-8"?>
<robot generator="Robot 7.0 (Python 3.12.3 on linux)" generated="2024-05-22T03:17:45.097247" rpa="false" schemaversion="5">
<suite id="s1" name="Tests" source="/home/runner/work/DesafioQAItauRogerioJordao/DesafioQAItauRogerioJordao/RamdonUser/tests">
<suite id="s1-s1" name="Random-User-Test" source="/home/runner/work/DesafioQAItauRogerioJordao/DesafioQAItauRogerioJordao/RamdonUser/tests/random-user-test.robot">
<test id="s1-s1-t1" name="Conectar" line="13">
<kw name="Conectar API" owner="random-user-service">
<kw name="Create Session" owner="RequestsLibrary">
<msg time="2024-05-22T03:17:45.474655" level="INFO">Creating Session using : alias=consultarAPI, url=https://randomuser.me/, headers={},                     cookies={}, auth=None, timeout=None, proxies=None, verify=False,                     debug=0 </msg>
<arg>consultarAPI</arg>
<arg>${URL}</arg>
<doc>Create Session: create a HTTP session to a server</doc>
<status status="PASS" start="2024-05-22T03:17:45.474452" elapsed="0.000371"/>
</kw>
<status status="PASS" start="2024-05-22T03:17:45.473470" elapsed="0.001750"/>
</kw>
<status status="PASS" start="2024-05-22T03:17:45.472899" elapsed="0.002509"/>
</test>
<test id="s1-s1-t2" name="Validar retorno 200 e JSON Válido" line="16">
<kw name="Teste de Requisicao Basica" owner="random-user-service">
<kw name="GET On Session" owner="RequestsLibrary">
<msg time="2024-05-22T03:17:45.720231" level="INFO">GET Request : url=https://randomuser.me/api 
 path_url=/api 
 headers={'User-Agent': 'python-requests/2.32.2', 'Accept-Encoding': 'gzip, deflate', 'Accept': '*/*', 'Connection': 'keep-alive'} 
 body=None 
 </msg>
<msg time="2024-05-22T03:17:45.720357" level="INFO">GET Response : url=https://randomuser.me/api 
 status=200, reason=OK 
 headers={'Date': 'Wed, 22 May 2024 03:17:45 GMT', 'Content-Type': 'application/json; charset=utf-8', 'Transfer-Encoding': 'chunked', 'Connection': 'keep-alive', 'X-Powered-By': 'Express', 'Access-Control-Allow-Origin': '*', 'Cache-Control': 'no-cache', 'ETag': 'W/"483-mL2pHc9MoBGTCctnsxdppx0eMug"', 'Vary': 'Accept-Encoding', 'Content-Encoding': 'gzip', 'CF-Cache-Status': 'DYNAMIC', 'Report-To': '{"endpoints":[{"url":"https:\\/\\/a.nel.cloudflare.com\\/report\\/v4?s=n03tlDhI84SHc9O4uhxYKiYPKuqTXPtl6OsHs0XWg0VjNM8bLPcaXE7mZM44qrFkk8tIj8DP5wgCdaXMV5DiYqAfhpXizE%2FKOSkWjpkFxXlOk%2FT73aqa8o4pslVjxEqc"}],"group":"cf-nel","max_age":604800}', 'NEL': '{"success_fraction":0,"report_to":"cf-nel","max_age":604800}', 'Server': 'cloudflare', 'CF-RAY': '8879a7b07e9f2994-ORD', 'alt-svc': 'h3=":443"; ma=86400'} 
 body={"results":[{"gender":"male","name":{"title":"Mr","first":"Bojan","last":"Kitić"},"location":{"street":{"number":5102,"name":"Liparska"},"city":"Rača","state":"South Bačka","country":"Serbia","postcode":59845,"coordinates":{"latitude":"58.6374","longitude":"-60.9438"},"timezone":{"offset":"+5:00","description":"Ekaterinburg, Islamabad, Karachi, Tashkent"}},"email":"bojan.kitic@example.com","login":{"uuid":"15a86ac8-f7bf-4673-bb7b-e5c08f3aa62d","username":"heavypanda923","password":"qian","salt":"8BT9ACm0","md5":"0cb550a41d510c69bec342076706da86","sha1":"c1a0d7f232d87b1f3eb91cf0f9add7584a088f97","sha256":"09fa5ca6b807ecbc760a16cfd16acd6e07a108e3e5cf0fbcb3065a598d4563ad"},"dob":{"date":"1965-03-19T01:12:13.338Z","age":59},"registered":{"date":"2018-04-17T21:38:51.826Z","age":6},"phone":"029-1664-183","cell":"063-1532-804","id":{"name":"SID","value":"807645176"},"picture":{"large":"https://randomuser.me/api/portraits/men/0.jpg","medium":"https://randomuser.me/api/portraits/med/men/0.jpg","thumbnail":"https://randomuser.me/api/portraits/thumb/men/0.jpg"},"nat":"RS"}],"info":{"seed":"eb75d2a138dcd21e","results":1,"page":1,"version":"1.4"}} 
 </msg>
<msg time="2024-05-22T03:17:45.720443" level="INFO">/opt/hostedtoolcache/Python/3.12.3/x64/lib/python3.12/site-packages/urllib3/connectionpool.py:1103: InsecureRequestWarning: Unverified HTTPS request is being made to host 'randomuser.me'. Adding certificate verification is strongly advised. See: https://urllib3.readthedocs.io/en/latest/advanced-usage.html#tls-warnings
  warnings.warn(</msg>
<msg time="2024-05-22T03:17:45.720565" level="INFO">${response} = &lt;Response [200]&gt;</msg>
<var>${response}</var>
<arg>consultarAPI</arg>
<arg>/api</arg>
<doc>Sends a GET request on a previously created HTTP Session.</doc>
<status status="PASS" start="2024-05-22T03:17:45.478032" elapsed="0.242571"/>
</kw>
<kw name="Should Be Equal As Numbers" owner="BuiltIn">
<msg time="2024-05-22T03:17:45.721397" level="INFO">Argument types are:
&lt;class 'int'&gt;
&lt;class 'str'&gt;</msg>
<arg>${response.status_code}</arg>
<arg>200</arg>
<doc>Fails if objects are unequal after converting them to real numbers.</doc>
<status status="PASS" start="2024-05-22T03:17:45.721001" elapsed="0.000459"/>
</kw>
<kw name="Log" owner="BuiltIn">
<msg time="2024-05-22T03:17:45.722162" level="INFO">200</msg>
<arg>${response.status_code}</arg>
<doc>Logs the given message with the given level.</doc>
<status status="PASS" start="2024-05-22T03:17:45.721808" elapsed="0.000402"/>
</kw>
<kw name="Set Variable" owner="BuiltIn">
<msg time="2024-05-22T03:17:45.722998" level="INFO">${json_data} = {'results': [{'gender': 'male', 'name': {'title': 'Mr', 'first': 'Bojan', 'last': 'Kitić'}, 'location': {'street': {'number': 5102, 'name': 'Liparska'}, 'city': 'Rača', 'state': 'South Bačka', 'countr...</msg>
<var>${json_data}</var>
<arg>${response.json()}</arg>
<doc>Returns the given values which can then be assigned to a variables.</doc>
<status status="PASS" start="2024-05-22T03:17:45.722550" elapsed="0.000478"/>
</kw>
<kw name="Dictionary Should Contain Key" owner="Collections">
<msg time="2024-05-22T03:17:45.723497" level="INFO">False</msg>
<arg>${json_data}</arg>
<arg>results</arg>
<doc>Fails if ``key`` is not found from ``dictionary``.</doc>
<status status="PASS" start="2024-05-22T03:17:45.723335" elapsed="0.000202"/>
</kw>
<status status="PASS" start="2024-05-22T03:17:45.477789" elapsed="0.246000"/>
</kw>
<doc>Testa se a API responde corretamente e retorna um objeto JSON válido.</doc>
<tag>testeRequisicaoBasica</tag>
<status status="PASS" start="2024-05-22T03:17:45.477278" elapsed="0.246681"/>
</test>
<test id="s1-s1-t3" name="Validar estrutura de resposta" line="22">
<kw name="Teste de Estrutura de Resposta" owner="random-user-service">
<kw name="GET On Session" owner="RequestsLibrary">
<msg time="2024-05-22T03:17:45.830743" level="INFO">GET Request : url=https://randomuser.me/api 
 path_url=/api 
 headers={'User-Agent': 'python-requests/2.32.2', 'Accept-Encoding': 'gzip, deflate', 'Accept': '*/*', 'Connection': 'keep-alive'} 
 body=None 
 </msg>
<msg time="2024-05-22T03:17:45.830809" level="INFO">GET Response : url=https://randomuser.me/api 
 status=200, reason=OK 
 headers={'Date': 'Wed, 22 May 2024 03:17:45 GMT', 'Content-Type': 'application/json; charset=utf-8', 'Transfer-Encoding': 'chunked', 'Connection': 'keep-alive', 'X-Powered-By': 'Express', 'Access-Control-Allow-Origin': '*', 'Cache-Control': 'no-cache', 'ETag': 'W/"478-LL/TRuGU0nU1D+gXyNMFtFKUviY"', 'Vary': 'Accept-Encoding', 'Content-Encoding': 'gzip', 'CF-Cache-Status': 'DYNAMIC', 'Report-To': '{"endpoints":[{"url":"https:\\/\\/a.nel.cloudflare.com\\/report\\/v4?s=vGFUzskyfTGf4s6V2pRr7MKY%2BfgkMWIYjpwp9EmNTNP4g9Ax2qedy9O0PQcvWNVNj0%2Bk8%2FkQFgSGAmtfpAsyrCzK4Z85Zl0Owdmqgjw2kFUSEfsuqq%2BqPCptltytjLn7"}],"group":"cf-nel","max_age":604800}', 'NEL': '{"success_fraction":0,"report_to":"cf-nel","max_age":604800}', 'Server': 'cloudflare', 'CF-RAY': '8879a7b0cee82994-ORD', 'alt-svc': 'h3=":443"; ma=86400'} 
 body={"results":[{"gender":"female","name":{"title":"Mrs","first":"Aurora","last":"Jiménez"},"location":{"street":{"number":9405,"name":"Calle de Atocha"},"city":"Vitoria","state":"Canarias","country":"Spain","postcode":70836,"coordinates":{"latitude":"-35.2316","longitude":"47.7653"},"timezone":{"offset":"-9:00","description":"Alaska"}},"email":"aurora.jimenez@example.com","login":{"uuid":"17a2f6f2-a259-4f13-9ce4-e5f66ced599d","username":"crazytiger416","password":"upyours","salt":"kwL0hm3U","md5":"8a165a6a68e4497cf449c3dbbbf76977","sha1":"c25a4e352dedb9aaf7eeaab51331d84de0cf767f","sha256":"eebcf0716a876b2621af09fe8c30dd8cee7c51e680dcad8f8dc71dbbb70f5f1a"},"dob":{"date":"1999-02-06T00:55:29.998Z","age":25},"registered":{"date":"2009-10-25T18:36:52.408Z","age":14},"phone":"979-836-583","cell":"674-746-235","id":{"name":"DNI","value":"99835484-P"},"picture":{"large":"https://randomuser.me/api/portraits/women/40.jpg","medium":"https://randomuser.me/api/portraits/med/women/40.jpg","thumbnail":"https://randomuser.me/api/portraits/thumb/women/40.jpg"},"nat":"ES"}],"info":{"seed":"feb74a61dca8bae9","results":1,"page":1,"version":"1.4"}} 
 </msg>
<msg time="2024-05-22T03:17:45.830900" level="INFO">/opt/hostedtoolcache/Python/3.12.3/x64/lib/python3.12/site-packages/urllib3/connectionpool.py:1103: InsecureRequestWarning: Unverified HTTPS request is being made to host 'randomuser.me'. Adding certificate verification is strongly advised. See: https://urllib3.readthedocs.io/en/latest/advanced-usage.html#tls-warnings
  warnings.warn(</msg>
<msg time="2024-05-22T03:17:45.830994" level="INFO">${response} = &lt;Response [200]&gt;</msg>
<var>${response}</var>
<arg>consultarAPI</arg>
<arg>/api</arg>
<doc>Sends a GET request on a previously created HTTP Session.</doc>
<status status="PASS" start="2024-05-22T03:17:45.726487" elapsed="0.104545"/>
</kw>
<kw name="Set Variable" owner="BuiltIn">
<msg time="2024-05-22T03:17:45.831842" level="INFO">${json_data} = {'results': [{'gender': 'female', 'name': {'title': 'Mrs', 'first': 'Aurora', 'last': 'Jiménez'}, 'location': {'street': {'number': 9405, 'name': 'Calle de Atocha'}, 'city': 'Vitoria', 'state': 'Canar...</msg>
<var>${json_data}</var>
<arg>${response.json()}</arg>
<doc>Returns the given values which can then be assigned to a variables.</doc>
<status status="PASS" start="2024-05-22T03:17:45.831387" elapsed="0.000484"/>
</kw>
<kw name="Log" owner="BuiltIn">
<msg time="2024-05-22T03:17:45.832330" level="INFO">{'results': [{'gender': 'female', 'name': {'title': 'Mrs', 'first': 'Aurora', 'last': 'Jiménez'}, 'location': {'street': {'number': 9405, 'name': 'Calle de Atocha'}, 'city': 'Vitoria', 'state': 'Canarias', 'country': 'Spain', 'postcode': 70836, 'coordinates': {'latitude': '-35.2316', 'longitude': '47.7653'}, 'timezone': {'offset': '-9:00', 'description': 'Alaska'}}, 'email': 'aurora.jimenez@example.com', 'login': {'uuid': '17a2f6f2-a259-4f13-9ce4-e5f66ced599d', 'username': 'crazytiger416', 'password': 'upyours', 'salt': 'kwL0hm3U', 'md5': '8a165a6a68e4497cf449c3dbbbf76977', 'sha1': 'c25a4e352dedb9aaf7eeaab51331d84de0cf767f', 'sha256': 'eebcf0716a876b2621af09fe8c30dd8cee7c51e680dcad8f8dc71dbbb70f5f1a'}, 'dob': {'date': '1999-02-06T00:55:29.998Z', 'age': 25}, 'registered': {'date': '2009-10-25T18:36:52.408Z', 'age': 14}, 'phone': '979-836-583', 'cell': '674-746-235', 'id': {'name': 'DNI', 'value': '99835484-P'}, 'picture': {'large': 'https://randomuser.me/api/portraits/women/40.jpg', 'medium': 'https://randomuser.me/api/portraits/med/women/40.jpg', 'thumbnail': 'https://randomuser.me/api/portraits/thumb/women/40.jpg'}, 'nat': 'ES'}], 'info': {'seed': 'feb74a61dca8bae9', 'results': 1, 'page': 1, 'version': '1.4'}}</msg>
<arg>${json_data}</arg>
<doc>Logs the given message with the given level.</doc>
<status status="PASS" start="2024-05-22T03:17:45.832174" elapsed="0.000209"/>
</kw>
<kw name="Dictionary Should Contain Key" owner="Collections">
<msg time="2024-05-22T03:17:45.832823" level="INFO">False</msg>
<arg>${json_data}</arg>
<arg>results</arg>
<doc>Fails if ``key`` is not found from ``dictionary``.</doc>
<status status="PASS" start="2024-05-22T03:17:45.832676" elapsed="0.000183"/>
</kw>
<kw name="Should Not Be Empty" owner="BuiltIn">
<msg time="2024-05-22T03:17:45.833283" level="INFO">Length is 2.</msg>
<arg>${json_data}</arg>
<doc>Verifies that the given item is not empty.</doc>
<status status="PASS" start="2024-05-22T03:17:45.833149" elapsed="0.000170"/>
</kw>
<kw name="Create List" owner="BuiltIn">
<msg time="2024-05-22T03:17:45.833870" level="INFO">${expected_keys} = ['gender', 'name', 'location', 'email', 'login']</msg>
<var>${expected_keys}</var>
<arg>gender</arg>
<arg>name</arg>
<arg>location</arg>
<arg>email</arg>
<arg>login</arg>
<doc>Returns a list containing given items.</doc>
<status status="PASS" start="2024-05-22T03:17:45.833600" elapsed="0.000295"/>
</kw>
<for flavor="IN">
<iter>
<kw name="Dictionary Should Contain Key" owner="Collections">
<msg time="2024-05-22T03:17:45.834894" level="INFO">False</msg>
<arg>${json_data['results'][0]}</arg>
<arg>${key}</arg>
<doc>Fails if ``key`` is not found from ``dictionary``.</doc>
<status status="PASS" start="2024-05-22T03:17:45.834492" elapsed="0.000440"/>
</kw>
<kw name="Log" owner="BuiltIn">
<msg time="2024-05-22T03:17:45.835600" level="INFO">{'gender': 'female', 'name': {'title': 'Mrs', 'first': 'Aurora', 'last': 'Jiménez'}, 'location': {'street': {'number': 9405, 'name': 'Calle de Atocha'}, 'city': 'Vitoria', 'state': 'Canarias', 'country': 'Spain', 'postcode': 70836, 'coordinates': {'latitude': '-35.2316', 'longitude': '47.7653'}, 'timezone': {'offset': '-9:00', 'description': 'Alaska'}}, 'email': 'aurora.jimenez@example.com', 'login': {'uuid': '17a2f6f2-a259-4f13-9ce4-e5f66ced599d', 'username': 'crazytiger416', 'password': 'upyours', 'salt': 'kwL0hm3U', 'md5': '8a165a6a68e4497cf449c3dbbbf76977', 'sha1': 'c25a4e352dedb9aaf7eeaab51331d84de0cf767f', 'sha256': 'eebcf0716a876b2621af09fe8c30dd8cee7c51e680dcad8f8dc71dbbb70f5f1a'}, 'dob': {'date': '1999-02-06T00:55:29.998Z', 'age': 25}, 'registered': {'date': '2009-10-25T18:36:52.408Z', 'age': 14}, 'phone': '979-836-583', 'cell': '674-746-235', 'id': {'name': 'DNI', 'value': '99835484-P'}, 'picture': {'large': 'https://randomuser.me/api/portraits/women/40.jpg', 'medium': 'https://randomuser.me/api/portraits/med/women/40.jpg', 'thumbnail': 'https://randomuser.me/api/portraits/thumb/women/40.jpg'}, 'nat': 'ES'}</msg>
<arg>${json_data['results'][0]}</arg>
<doc>Logs the given message with the given level.</doc>
<status status="PASS" start="2024-05-22T03:17:45.835232" elapsed="0.000427"/>
</kw>
<kw name="Log" owner="BuiltIn">
<msg time="2024-05-22T03:17:45.836078" level="INFO">gender</msg>
<arg>${key}</arg>
<doc>Logs the given message with the given level.</doc>
<status status="PASS" start="2024-05-22T03:17:45.835952" elapsed="0.000162"/>
</kw>
<var name="${key}">gender</var>
<status status="PASS" start="2024-05-22T03:17:45.834330" elapsed="0.001997"/>
</iter>
<iter>
<kw name="Dictionary Should Contain Key" owner="Collections">
<msg time="2024-05-22T03:17:45.836997" level="INFO">False</msg>
<arg>${json_data['results'][0]}</arg>
<arg>${key}</arg>
<doc>Fails if ``key`` is not found from ``dictionary``.</doc>
<status status="PASS" start="2024-05-22T03:17:45.836624" elapsed="0.000409"/>
</kw>
<kw name="Log" owner="BuiltIn">
<msg time="2024-05-22T03:17:45.837718" level="INFO">{'gender': 'female', 'name': {'title': 'Mrs', 'first': 'Aurora', 'last': 'Jiménez'}, 'location': {'street': {'number': 9405, 'name': 'Calle de Atocha'}, 'city': 'Vitoria', 'state': 'Canarias', 'country': 'Spain', 'postcode': 70836, 'coordinates': {'latitude': '-35.2316', 'longitude': '47.7653'}, 'timezone': {'offset': '-9:00', 'description': 'Alaska'}}, 'email': 'aurora.jimenez@example.com', 'login': {'uuid': '17a2f6f2-a259-4f13-9ce4-e5f66ced599d', 'username': 'crazytiger416', 'password': 'upyours', 'salt': 'kwL0hm3U', 'md5': '8a165a6a68e4497cf449c3dbbbf76977', 'sha1': 'c25a4e352dedb9aaf7eeaab51331d84de0cf767f', 'sha256': 'eebcf0716a876b2621af09fe8c30dd8cee7c51e680dcad8f8dc71dbbb70f5f1a'}, 'dob': {'date': '1999-02-06T00:55:29.998Z', 'age': 25}, 'registered': {'date': '2009-10-25T18:36:52.408Z', 'age': 14}, 'phone': '979-836-583', 'cell': '674-746-235', 'id': {'name': 'DNI', 'value': '99835484-P'}, 'picture': {'large': 'https://randomuser.me/api/portraits/women/40.jpg', 'medium': 'https://randomuser.me/api/portraits/med/women/40.jpg', 'thumbnail': 'https://randomuser.me/api/portraits/thumb/women/40.jpg'}, 'nat': 'ES'}</msg>
<arg>${json_data['results'][0]}</arg>
<doc>Logs the given message with the given level.</doc>
<status status="PASS" start="2024-05-22T03:17:45.837353" elapsed="0.000414"/>
</kw>
<kw name="Log" owner="BuiltIn">
<msg time="2024-05-22T03:17:45.838186" level="INFO">name</msg>
<arg>${key}</arg>
<doc>Logs the given message with the given level.</doc>
<status status="PASS" start="2024-05-22T03:17:45.838061" elapsed="0.000161"/>
</kw>
<var name="${key}">name</var>
<status status="PASS" start="2024-05-22T03:17:45.836509" elapsed="0.001948"/>
</iter>
<iter>
<kw name="Dictionary Should Contain Key" owner="Collections">
<msg time="2024-05-22T03:17:45.839130" level="INFO">False</msg>
<arg>${json_data['results'][0]}</arg>
<arg>${key}</arg>
<doc>Fails if ``key`` is not found from ``dictionary``.</doc>
<status status="PASS" start="2024-05-22T03:17:45.838754" elapsed="0.000412"/>
</kw>
<kw name="Log" owner="BuiltIn">
<msg time="2024-05-22T03:17:45.839815" level="INFO">{'gender': 'female', 'name': {'title': 'Mrs', 'first': 'Aurora', 'last': 'Jiménez'}, 'location': {'street': {'number': 9405, 'name': 'Calle de Atocha'}, 'city': 'Vitoria', 'state': 'Canarias', 'country': 'Spain', 'postcode': 70836, 'coordinates': {'latitude': '-35.2316', 'longitude': '47.7653'}, 'timezone': {'offset': '-9:00', 'description': 'Alaska'}}, 'email': 'aurora.jimenez@example.com', 'login': {'uuid': '17a2f6f2-a259-4f13-9ce4-e5f66ced599d', 'username': 'crazytiger416', 'password': 'upyours', 'salt': 'kwL0hm3U', 'md5': '8a165a6a68e4497cf449c3dbbbf76977', 'sha1': 'c25a4e352dedb9aaf7eeaab51331d84de0cf767f', 'sha256': 'eebcf0716a876b2621af09fe8c30dd8cee7c51e680dcad8f8dc71dbbb70f5f1a'}, 'dob': {'date': '1999-02-06T00:55:29.998Z', 'age': 25}, 'registered': {'date': '2009-10-25T18:36:52.408Z', 'age': 14}, 'phone': '979-836-583', 'cell': '674-746-235', 'id': {'name': 'DNI', 'value': '99835484-P'}, 'picture': {'large': 'https://randomuser.me/api/portraits/women/40.jpg', 'medium': 'https://randomuser.me/api/portraits/med/women/40.jpg', 'thumbnail': 'https://randomuser.me/api/portraits/thumb/women/40.jpg'}, 'nat': 'ES'}</msg>
<arg>${json_data['results'][0]}</arg>
<doc>Logs the given message with the given level.</doc>
<status status="PASS" start="2024-05-22T03:17:45.839455" elapsed="0.000407"/>
</kw>
<kw name="Log" owner="BuiltIn">
<msg time="2024-05-22T03:17:45.840283" level="INFO">location</msg>
<arg>${key}</arg>
<doc>Logs the given message with the given level.</doc>
<status status="PASS" start="2024-05-22T03:17:45.840159" elapsed="0.000161"/>
</kw>
<var name="${key}">location</var>
<status status="PASS" start="2024-05-22T03:17:45.838637" elapsed="0.001897"/>
</iter>
<iter>
<kw name="Dictionary Should Contain Key" owner="Collections">
<msg time="2024-05-22T03:17:45.841212" level="INFO">False</msg>
<arg>${json_data['results'][0]}</arg>
<arg>${key}</arg>
<doc>Fails if ``key`` is not found from ``dictionary``.</doc>
<status status="PASS" start="2024-05-22T03:17:45.840812" elapsed="0.000437"/>
</kw>
<kw name="Log" owner="BuiltIn">
<msg time="2024-05-22T03:17:45.841906" level="INFO">{'gender': 'female', 'name': {'title': 'Mrs', 'first': 'Aurora', 'last': 'Jiménez'}, 'location': {'street': {'number': 9405, 'name': 'Calle de Atocha'}, 'city': 'Vitoria', 'state': 'Canarias', 'country': 'Spain', 'postcode': 70836, 'coordinates': {'latitude': '-35.2316', 'longitude': '47.7653'}, 'timezone': {'offset': '-9:00', 'description': 'Alaska'}}, 'email': 'aurora.jimenez@example.com', 'login': {'uuid': '17a2f6f2-a259-4f13-9ce4-e5f66ced599d', 'username': 'crazytiger416', 'password': 'upyours', 'salt': 'kwL0hm3U', 'md5': '8a165a6a68e4497cf449c3dbbbf76977', 'sha1': 'c25a4e352dedb9aaf7eeaab51331d84de0cf767f', 'sha256': 'eebcf0716a876b2621af09fe8c30dd8cee7c51e680dcad8f8dc71dbbb70f5f1a'}, 'dob': {'date': '1999-02-06T00:55:29.998Z', 'age': 25}, 'registered': {'date': '2009-10-25T18:36:52.408Z', 'age': 14}, 'phone': '979-836-583', 'cell': '674-746-235', 'id': {'name': 'DNI', 'value': '99835484-P'}, 'picture': {'large': 'https://randomuser.me/api/portraits/women/40.jpg', 'medium': 'https://randomuser.me/api/portraits/med/women/40.jpg', 'thumbnail': 'https://randomuser.me/api/portraits/thumb/women/40.jpg'}, 'nat': 'ES'}</msg>
<arg>${json_data['results'][0]}</arg>
<doc>Logs the given message with the given level.</doc>
<status status="PASS" start="2024-05-22T03:17:45.841551" elapsed="0.000403"/>
</kw>
<kw name="Log" owner="BuiltIn">
<msg time="2024-05-22T03:17:45.842401" level="INFO">email</msg>
<arg>${key}</arg>
<doc>Logs the given message with the given level.</doc>
<status status="PASS" start="2024-05-22T03:17:45.842246" elapsed="0.000203"/>
</kw>
<var name="${key}">email</var>
<status status="PASS" start="2024-05-22T03:17:45.840703" elapsed="0.001968"/>
</iter>
<iter>
<kw name="Dictionary Should Contain Key" owner="Collections">
<msg time="2024-05-22T03:17:45.843332" level="INFO">False</msg>
<arg>${json_data['results'][0]}</arg>
<arg>${key}</arg>
<doc>Fails if ``key`` is not found from ``dictionary``.</doc>
<status status="PASS" start="2024-05-22T03:17:45.842950" elapsed="0.000418"/>
</kw>
<kw name="Log" owner="BuiltIn">
<msg time="2024-05-22T03:17:45.844015" level="INFO">{'gender': 'female', 'name': {'title': 'Mrs', 'first': 'Aurora', 'last': 'Jiménez'}, 'location': {'street': {'number': 9405, 'name': 'Calle de Atocha'}, 'city': 'Vitoria', 'state': 'Canarias', 'country': 'Spain', 'postcode': 70836, 'coordinates': {'latitude': '-35.2316', 'longitude': '47.7653'}, 'timezone': {'offset': '-9:00', 'description': 'Alaska'}}, 'email': 'aurora.jimenez@example.com', 'login': {'uuid': '17a2f6f2-a259-4f13-9ce4-e5f66ced599d', 'username': 'crazytiger416', 'password': 'upyours', 'salt': 'kwL0hm3U', 'md5': '8a165a6a68e4497cf449c3dbbbf76977', 'sha1': 'c25a4e352dedb9aaf7eeaab51331d84de0cf767f', 'sha256': 'eebcf0716a876b2621af09fe8c30dd8cee7c51e680dcad8f8dc71dbbb70f5f1a'}, 'dob': {'date': '1999-02-06T00:55:29.998Z', 'age': 25}, 'registered': {'date': '2009-10-25T18:36:52.408Z', 'age': 14}, 'phone': '979-836-583', 'cell': '674-746-235', 'id': {'name': 'DNI', 'value': '99835484-P'}, 'picture': {'large': 'https://randomuser.me/api/portraits/women/40.jpg', 'medium': 'https://randomuser.me/api/portraits/med/women/40.jpg', 'thumbnail': 'https://randomuser.me/api/portraits/thumb/women/40.jpg'}, 'nat': 'ES'}</msg>
<arg>${json_data['results'][0]}</arg>
<doc>Logs the given message with the given level.</doc>
<status status="PASS" start="2024-05-22T03:17:45.843656" elapsed="0.000407"/>
</kw>
<kw name="Log" owner="BuiltIn">
<msg time="2024-05-22T03:17:45.844475" level="INFO">login</msg>
<arg>${key}</arg>
<doc>Logs the given message with the given level.</doc>
<status status="PASS" start="2024-05-22T03:17:45.844352" elapsed="0.000159"/>
</kw>
<var name="${key}">login</var>
<status status="PASS" start="2024-05-22T03:17:45.842841" elapsed="0.001887"/>
</iter>
<var>${key}</var>
<value>@{expected_keys}</value>
<status status="PASS" start="2024-05-22T03:17:45.834153" elapsed="0.010721"/>
</for>
<kw name="Create List" owner="BuiltIn">
<msg time="2024-05-22T03:17:45.845201" level="INFO">${expected_keysTwo} = ['username', 'password']</msg>
<var>${expected_keysTwo}</var>
<arg>username</arg>
<arg>password</arg>
<doc>Returns a list containing given items.</doc>
<status status="PASS" start="2024-05-22T03:17:45.845068" elapsed="0.000156"/>
</kw>
<for flavor="IN">
<iter>
<kw name="Dictionary Should Contain Key" owner="Collections">
<msg time="2024-05-22T03:17:45.846089" level="INFO">False</msg>
<arg>${json_data['results'][0]['login']}</arg>
<arg>${keyTwo}</arg>
<doc>Fails if ``key`` is not found from ``dictionary``.</doc>
<status status="PASS" start="2024-05-22T03:17:45.845711" elapsed="0.000414"/>
</kw>
<kw name="Dictionary Should Contain Key" owner="Collections">
<msg time="2024-05-22T03:17:45.846811" level="INFO">False</msg>
<arg>${json_data['results'][0]['login']}</arg>
<arg>${keyTwo}</arg>
<doc>Fails if ``key`` is not found from ``dictionary``.</doc>
<status status="PASS" start="2024-05-22T03:17:45.846434" elapsed="0.000413"/>
</kw>
<kw name="Log" owner="BuiltIn">
<msg time="2024-05-22T03:17:45.847259" level="INFO">username</msg>
<arg>${keyTwo}</arg>
<doc>Logs the given message with the given level.</doc>
<status status="PASS" start="2024-05-22T03:17:45.847134" elapsed="0.000160"/>
</kw>
<var name="${keyTwo}">username</var>
<status status="PASS" start="2024-05-22T03:17:45.845604" elapsed="0.001900"/>
</iter>
<iter>
<kw name="Dictionary Should Contain Key" owner="Collections">
<msg time="2024-05-22T03:17:45.848155" level="INFO">False</msg>
<arg>${json_data['results'][0]['login']}</arg>
<arg>${keyTwo}</arg>
<doc>Fails if ``key`` is not found from ``dictionary``.</doc>
<status status="PASS" start="2024-05-22T03:17:45.847778" elapsed="0.000413"/>
</kw>
<kw name="Dictionary Should Contain Key" owner="Collections">
<msg time="2024-05-22T03:17:45.848932" level="INFO">False</msg>
<arg>${json_data['results'][0]['login']}</arg>
<arg>${keyTwo}</arg>
<doc>Fails if ``key`` is not found from ``dictionary``.</doc>
<status status="PASS" start="2024-05-22T03:17:45.848479" elapsed="0.000492"/>
</kw>
<kw name="Log" owner="BuiltIn">
<msg time="2024-05-22T03:17:45.849392" level="INFO">password</msg>
<arg>${keyTwo}</arg>
<doc>Logs the given message with the given level.</doc>
<status status="PASS" start="2024-05-22T03:17:45.849266" elapsed="0.000162"/>
</kw>
<var name="${keyTwo}">password</var>
<status status="PASS" start="2024-05-22T03:17:45.847670" elapsed="0.001979"/>
</iter>
<var>${keyTwo}</var>
<value>@{expected_keysTwo}</value>
<status status="PASS" start="2024-05-22T03:17:45.845455" elapsed="0.004313"/>
</for>
<status status="PASS" start="2024-05-22T03:17:45.726224" elapsed="0.123678"/>
</kw>
<doc>Testa a estrutura da resposta da API.</doc>
<tag>testeEstruturaResposta</tag>
<status status="PASS" start="2024-05-22T03:17:45.725746" elapsed="0.124299"/>
</test>
<test id="s1-s1-t4" name="Validar tipos de dados" line="28">
<kw name="Teste de Tipos de Dados" owner="random-user-service">
<kw name="GET On Session" owner="RequestsLibrary">
<msg time="2024-05-22T03:17:45.937464" level="INFO">GET Request : url=https://randomuser.me/api 
 path_url=/api 
 headers={'User-Agent': 'python-requests/2.32.2', 'Accept-Encoding': 'gzip, deflate', 'Accept': '*/*', 'Connection': 'keep-alive'} 
 body=None 
 </msg>
<msg time="2024-05-22T03:17:45.937545" level="INFO">GET Response : url=https://randomuser.me/api 
 status=200, reason=OK 
 headers={'Date': 'Wed, 22 May 2024 03:17:45 GMT', 'Content-Type': 'application/json; charset=utf-8', 'Transfer-Encoding': 'chunked', 'Connection': 'keep-alive', 'X-Powered-By': 'Express', 'Access-Control-Allow-Origin': '*', 'Cache-Control': 'no-cache', 'ETag': 'W/"49c-VTlFdOJdBhEdeejPg1KrGrRAj3g"', 'Vary': 'Accept-Encoding', 'Content-Encoding': 'gzip', 'CF-Cache-Status': 'DYNAMIC', 'Report-To': '{"endpoints":[{"url":"https:\\/\\/a.nel.cloudflare.com\\/report\\/v4?s=mkrXmvzCB4vzgFouwp%2F%2FzuLXNOupl2PA2gqAFbqpSFX7xDq8reu%2FELRG4%2BRIEQJ1Xyqisu9J0uMXTm%2FlmEp9rudPdsGhQFQS5kWIzREy4C%2B%2Fvom8WU%2BYt5v%2Ffwuu5Ovz"}],"group":"cf-nel","max_age":604800}', 'NEL': '{"success_fraction":0,"report_to":"cf-nel","max_age":604800}', 'Server': 'cloudflare', 'CF-RAY': '8879a7b19faf2994-ORD', 'alt-svc': 'h3=":443"; ma=86400'} 
 body={"results":[{"gender":"female","name":{"title":"Ms","first":"Gwendolyn","last":"West"},"location":{"street":{"number":1336,"name":"Royal Ln"},"city":"Toowoomba","state":"Western Australia","country":"Australia","postcode":3438,"coordinates":{"latitude":"-84.8224","longitude":"99.3392"},"timezone":{"offset":"+5:30","description":"Bombay, Calcutta, Madras, New Delhi"}},"email":"gwendolyn.west@example.com","login":{"uuid":"6ffb2bde-145b-4f7a-8e1d-d38aba87b07c","username":"ticklishsnake278","password":"barker","salt":"ruT0DNV3","md5":"a466366cbfebe31de490a6bc49b44732","sha1":"0acbea033b2552d075687ca7952099ce108723a0","sha256":"6a4437a0c7c226315d795b3355dddc21b29696f717a754e0d6bda884e127537d"},"dob":{"date":"1975-08-19T08:22:38.268Z","age":48},"registered":{"date":"2015-02-08T23:22:40.996Z","age":9},"phone":"06-5460-4747","cell":"0491-533-233","id":{"name":"TFN","value":"599352041"},"picture":{"large":"https://randomuser.me/api/portraits/women/70.jpg","medium":"https://randomuser.me/api/portraits/med/women/70.jpg","thumbnail":"https://randomuser.me/api/portraits/thumb/women/70.jpg"},"nat":"AU"}],"info":{"seed":"d8efff517bf72029","results":1,"page":1,"version":"1.4"}} 
 </msg>
<msg time="2024-05-22T03:17:45.937616" level="INFO">/opt/hostedtoolcache/Python/3.12.3/x64/lib/python3.12/site-packages/urllib3/connectionpool.py:1103: InsecureRequestWarning: Unverified HTTPS request is being made to host 'randomuser.me'. Adding certificate verification is strongly advised. See: https://urllib3.readthedocs.io/en/latest/advanced-usage.html#tls-warnings
  warnings.warn(</msg>
<msg time="2024-05-22T03:17:45.937724" level="INFO">${response} = &lt;Response [200]&gt;</msg>
<var>${response}</var>
<arg>consultarAPI</arg>
<arg>/api</arg>
<doc>Sends a GET request on a previously created HTTP Session.</doc>
<status status="PASS" start="2024-05-22T03:17:45.852426" elapsed="0.085337"/>
</kw>
<kw name="Set Variable" owner="BuiltIn">
<msg time="2024-05-22T03:17:45.938665" level="INFO">${json_data} = {'results': [{'gender': 'female', 'name': {'title': 'Ms', 'first': 'Gwendolyn', 'last': 'West'}, 'location': {'street': {'number': 1336, 'name': 'Royal Ln'}, 'city': 'Toowoomba', 'state': 'Western Aus...</msg>
<var>${json_data}</var>
<arg>${response.json()}</arg>
<doc>Returns the given values which can then be assigned to a variables.</doc>
<status status="PASS" start="2024-05-22T03:17:45.938178" elapsed="0.000515"/>
</kw>
<kw name="Log" owner="BuiltIn">
<msg time="2024-05-22T03:17:45.939143" level="INFO">{'results': [{'gender': 'female', 'name': {'title': 'Ms', 'first': 'Gwendolyn', 'last': 'West'}, 'location': {'street': {'number': 1336, 'name': 'Royal Ln'}, 'city': 'Toowoomba', 'state': 'Western Australia', 'country': 'Australia', 'postcode': 3438, 'coordinates': {'latitude': '-84.8224', 'longitude': '99.3392'}, 'timezone': {'offset': '+5:30', 'description': 'Bombay, Calcutta, Madras, New Delhi'}}, 'email': 'gwendolyn.west@example.com', 'login': {'uuid': '6ffb2bde-145b-4f7a-8e1d-d38aba87b07c', 'username': 'ticklishsnake278', 'password': 'barker', 'salt': 'ruT0DNV3', 'md5': 'a466366cbfebe31de490a6bc49b44732', 'sha1': '0acbea033b2552d075687ca7952099ce108723a0', 'sha256': '6a4437a0c7c226315d795b3355dddc21b29696f717a754e0d6bda884e127537d'}, 'dob': {'date': '1975-08-19T08:22:38.268Z', 'age': 48}, 'registered': {'date': '2015-02-08T23:22:40.996Z', 'age': 9}, 'phone': '06-5460-4747', 'cell': '0491-533-233', 'id': {'name': 'TFN', 'value': '599352041'}, 'picture': {'large': 'https://randomuser.me/api/portraits/women/70.jpg', 'medium': 'https://randomuser.me/api/portraits/med/women/70.jpg', 'thumbnail': 'https://randomuser.me/api/portraits/thumb/women/70.jpg'}, 'nat': 'AU'}], 'info': {'seed': 'd8efff517bf72029', 'results': 1, 'page': 1, 'version': '1.4'}}</msg>
<arg>${json_data}</arg>
<doc>Logs the given message with the given level.</doc>
<status status="PASS" start="2024-05-22T03:17:45.938994" elapsed="0.000231"/>
</kw>
<kw name="Should Be String" owner="String">
<arg>${json_data['results'][0]['gender']}</arg>
<doc>Fails if the given ``item`` is not a string.</doc>
<status status="PASS" start="2024-05-22T03:17:45.939524" elapsed="0.000349"/>
</kw>
<kw name="Should Match Regexp" owner="BuiltIn">
<arg>${json_data['results'][0]['email']}</arg>
<arg>^[a-zA-Z0-9._%+-]+@[a-zA-Z0-9.-]+\.[a-zA-Z]{2,}$</arg>
<doc>Fails if ``string`` does not match ``pattern`` as a regular expression.</doc>
<status status="PASS" start="2024-05-22T03:17:45.940067" elapsed="0.000489"/>
</kw>
<kw name="Should Match Regexp" owner="BuiltIn">
<arg>${json_data['results'][0]['dob']['date']}</arg>
<arg>\\d{4}-\\d{2}-\\d{2}T\\d{2}:\\d{2}:\\d{2}\\.\\d{3}Z</arg>
<doc>Fails if ``string`` does not match ``pattern`` as a regular expression.</doc>
<status status="PASS" start="2024-05-22T03:17:45.940751" elapsed="0.000477"/>
</kw>
<kw name="Should Match Regexp" owner="BuiltIn">
<arg>${json_data['results'][0]['registered']['date']}</arg>
<arg>\\d{4}-\\d{2}-\\d{2}T\\d{2}:\\d{2}:\\d{2}\\.\\d{3}Z</arg>
<doc>Fails if ``string`` does not match ``pattern`` as a regular expression.</doc>
<status status="PASS" start="2024-05-22T03:17:45.941418" elapsed="0.000357"/>
</kw>
<kw name="Should Match Regexp" owner="BuiltIn">
<arg>${json_data['results'][0]['picture']['large']}</arg>
<arg>^https?://.*\.(?:png|jpe?g|gif|bmp)$</arg>
<doc>Fails if ``string`` does not match ``pattern`` as a regular expression.</doc>
<status status="PASS" start="2024-05-22T03:17:45.941960" elapsed="0.000487"/>
</kw>
<kw name="Should Match Regexp" owner="BuiltIn">
<arg>${json_data['results'][0]['picture']['medium']}</arg>
<arg>^https?://.*\.(?:png|jpe?g|gif|bmp)$</arg>
<doc>Fails if ``string`` does not match ``pattern`` as a regular expression.</doc>
<status status="PASS" start="2024-05-22T03:17:45.942642" elapsed="0.000352"/>
</kw>
<kw name="Should Match Regexp" owner="BuiltIn">
<arg>${json_data['results'][0]['picture']['thumbnail']}</arg>
<arg>^https?://.*\.(?:png|jpe?g|gif|bmp)$</arg>
<doc>Fails if ``string`` does not match ``pattern`` as a regular expression.</doc>
<status status="PASS" start="2024-05-22T03:17:45.943187" elapsed="0.000357"/>
</kw>
<kw name="Log" owner="BuiltIn">
<msg time="2024-05-22T03:17:45.944051" level="INFO">{'large': 'https://randomuser.me/api/portraits/women/70.jpg', 'medium': 'https://randomuser.me/api/portraits/med/women/70.jpg', 'thumbnail': 'https://randomuser.me/api/portraits/thumb/women/70.jpg'}</msg>
<arg>${json_data['results'][0]['picture']}</arg>
<doc>Logs the given message with the given level.</doc>
<status status="PASS" start="2024-05-22T03:17:45.943731" elapsed="0.000363"/>
</kw>
<status status="PASS" start="2024-05-22T03:17:45.852197" elapsed="0.092146"/>
</kw>
<kw name="Teste de Tipos de Dados - Postcode" owner="random-user-service">
<kw name="GET On Session" owner="RequestsLibrary">
<msg time="2024-05-22T03:17:46.037216" level="INFO">GET Request : url=https://randomuser.me/api 
 path_url=/api 
 headers={'User-Agent': 'python-requests/2.32.2', 'Accept-Encoding': 'gzip, deflate', 'Accept': '*/*', 'Connection': 'keep-alive'} 
 body=None 
 </msg>
<msg time="2024-05-22T03:17:46.037277" level="INFO">GET Response : url=https://randomuser.me/api 
 status=200, reason=OK 
 headers={'Date': 'Wed, 22 May 2024 03:17:46 GMT', 'Content-Type': 'application/json; charset=utf-8', 'Transfer-Encoding': 'chunked', 'Connection': 'keep-alive', 'X-Powered-By': 'Express', 'Access-Control-Allow-Origin': '*', 'Cache-Control': 'no-cache', 'ETag': 'W/"487-L9ryLxYRPk6UndeYOx86X5aZFXo"', 'Vary': 'Accept-Encoding', 'Content-Encoding': 'gzip', 'CF-Cache-Status': 'DYNAMIC', 'Report-To': '{"endpoints":[{"url":"https:\\/\\/a.nel.cloudflare.com\\/report\\/v4?s=0x%2Ffvw9aRabLO2AOp%2Fg3QXVFNNfZqO5H56Nv4K5HX54G52EYZNb7jlC1tgIg%2BjkIOx8ZSZHuezeNIDR%2FYu93y2Q90xSEJNUlA%2FTwKi637Ix0xul08eAHUpYliwMZUz9Q"}],"group":"cf-nel","max_age":604800}', 'NEL': '{"success_fraction":0,"report_to":"cf-nel","max_age":604800}', 'Server': 'cloudflare', 'CF-RAY': '8879a7b228382994-ORD', 'alt-svc': 'h3=":443"; ma=86400'} 
 body={"results":[{"gender":"female","name":{"title":"Mrs","first":"Louise","last":"Armstrong"},"location":{"street":{"number":3524,"name":"O'Connell Avenue"},"city":"Roscommon","state":"Louth","country":"Ireland","postcode":43553,"coordinates":{"latitude":"-1.1384","longitude":"135.2859"},"timezone":{"offset":"-11:00","description":"Midway Island, Samoa"}},"email":"louise.armstrong@example.com","login":{"uuid":"a05058c9-5ec2-46c6-91bb-0ef527b2884d","username":"redbear918","password":"poppy","salt":"6XjBWz2g","md5":"b0f9e2d9346b2ac792324881a66f4a70","sha1":"c3f61dba7408e6ffdbb9f6ddd3817d3c58a4ffae","sha256":"f3a8745889344ee54079dfb5a88dcee96863a49b28475589ad875da1b6ecf17e"},"dob":{"date":"1999-09-10T14:59:46.987Z","age":24},"registered":{"date":"2009-10-01T02:09:42.581Z","age":14},"phone":"041-715-5289","cell":"081-721-2171","id":{"name":"PPS","value":"4277372T"},"picture":{"large":"https://randomuser.me/api/portraits/women/12.jpg","medium":"https://randomuser.me/api/portraits/med/women/12.jpg","thumbnail":"https://randomuser.me/api/portraits/thumb/women/12.jpg"},"nat":"IE"}],"info":{"seed":"ed23c659cce42917","results":1,"page":1,"version":"1.4"}} 
 </msg>
<msg time="2024-05-22T03:17:46.037330" level="INFO">/opt/hostedtoolcache/Python/3.12.3/x64/lib/python3.12/site-packages/urllib3/connectionpool.py:1103: InsecureRequestWarning: Unverified HTTPS request is being made to host 'randomuser.me'. Adding certificate verification is strongly advised. See: https://urllib3.readthedocs.io/en/latest/advanced-usage.html#tls-warnings
  warnings.warn(</msg>
<msg time="2024-05-22T03:17:46.037412" level="INFO">${response} = &lt;Response [200]&gt;</msg>
<var>${response}</var>
<arg>consultarAPI</arg>
<arg>/api</arg>
<doc>Sends a GET request on a previously created HTTP Session.</doc>
<status status="PASS" start="2024-05-22T03:17:45.944768" elapsed="0.092681"/>
</kw>
<kw name="Set Variable" owner="BuiltIn">
<msg time="2024-05-22T03:17:46.038225" level="INFO">${json_data} = {'results': [{'gender': 'female', 'name': {'title': 'Mrs', 'first': 'Louise', 'last': 'Armstrong'}, 'location': {'street': {'number': 3524, 'name': "O'Connell Avenue"}, 'city': 'Roscommon', 'state': '...</msg>
<var>${json_data}</var>
<arg>${response.json()}</arg>
<doc>Returns the given values which can then be assigned to a variables.</doc>
<status status="PASS" start="2024-05-22T03:17:46.037787" elapsed="0.000465"/>
</kw>
<kw name="Log" owner="BuiltIn">
<msg time="2024-05-22T03:17:46.038749" level="INFO">{'results': [{'gender': 'female', 'name': {'title': 'Mrs', 'first': 'Louise', 'last': 'Armstrong'}, 'location': {'street': {'number': 3524, 'name': "O'Connell Avenue"}, 'city': 'Roscommon', 'state': 'Louth', 'country': 'Ireland', 'postcode': 43553, 'coordinates': {'latitude': '-1.1384', 'longitude': '135.2859'}, 'timezone': {'offset': '-11:00', 'description': 'Midway Island, Samoa'}}, 'email': 'louise.armstrong@example.com', 'login': {'uuid': 'a05058c9-5ec2-46c6-91bb-0ef527b2884d', 'username': 'redbear918', 'password': 'poppy', 'salt': '6XjBWz2g', 'md5': 'b0f9e2d9346b2ac792324881a66f4a70', 'sha1': 'c3f61dba7408e6ffdbb9f6ddd3817d3c58a4ffae', 'sha256': 'f3a8745889344ee54079dfb5a88dcee96863a49b28475589ad875da1b6ecf17e'}, 'dob': {'date': '1999-09-10T14:59:46.987Z', 'age': 24}, 'registered': {'date': '2009-10-01T02:09:42.581Z', 'age': 14}, 'phone': '041-715-5289', 'cell': '081-721-2171', 'id': {'name': 'PPS', 'value': '4277372T'}, 'picture': {'large': 'https://randomuser.me/api/portraits/women/12.jpg', 'medium': 'https://randomuser.me/api/portraits/med/women/12.jpg', 'thumbnail': 'https://randomuser.me/api/portraits/thumb/women/12.jpg'}, 'nat': 'IE'}], 'info': {'seed': 'ed23c659cce42917', 'results': 1, 'page': 1, 'version': '1.4'}}</msg>
<arg>${json_data}</arg>
<doc>Logs the given message with the given level.</doc>
<status status="PASS" start="2024-05-22T03:17:46.038596" elapsed="0.000229"/>
</kw>
<kw name="Should Be Equal As Numbers" owner="BuiltIn">
<arg>${json_data['results'][0]['location']['postcode']}</arg>
<arg>${json_data['results'][0]['location']['postcode']}</arg>
<doc>Fails if objects are unequal after converting them to real numbers.</doc>
<status status="PASS" start="2024-05-22T03:17:46.039123" elapsed="0.000723"/>
</kw>
<kw name="Log" owner="BuiltIn">
<msg time="2024-05-22T03:17:46.040370" level="INFO">43553</msg>
<arg>${json_data['results'][0]['location']['postcode']}</arg>
<doc>Logs the given message with the given level.</doc>
<status status="PASS" start="2024-05-22T03:17:46.040038" elapsed="0.000371"/>
</kw>
<status status="PASS" start="2024-05-22T03:17:45.944550" elapsed="0.096107"/>
</kw>
<doc>Testa se os tipos de dados na resposta da API estão corretos.</doc>
<tag>testeTiposDados</tag>
<status status="PASS" start="2024-05-22T03:17:45.851787" elapsed="0.189024"/>
</test>
<test id="s1-s1-t5" name="Validar conteudo" line="35">
<kw name="Teste de Tipos de Conteudo" owner="random-user-service">
<kw name="GET On Session" owner="RequestsLibrary">
<msg time="2024-05-22T03:17:46.115711" level="INFO">GET Request : url=https://randomuser.me/api 
 path_url=/api 
 headers={'User-Agent': 'python-requests/2.32.2', 'Accept-Encoding': 'gzip, deflate', 'Accept': '*/*', 'Connection': 'keep-alive'} 
 body=None 
 </msg>
<msg time="2024-05-22T03:17:46.115792" level="INFO">GET Response : url=https://randomuser.me/api 
 status=200, reason=OK 
 headers={'Date': 'Wed, 22 May 2024 03:17:46 GMT', 'Content-Type': 'application/json; charset=utf-8', 'Transfer-Encoding': 'chunked', 'Connection': 'keep-alive', 'X-Powered-By': 'Express', 'Access-Control-Allow-Origin': '*', 'Cache-Control': 'no-cache', 'ETag': 'W/"48d-HG6nN8St/JKyIzyyJkrzzznzFuw"', 'Vary': 'Accept-Encoding', 'Content-Encoding': 'gzip', 'CF-Cache-Status': 'DYNAMIC', 'Report-To': '{"endpoints":[{"url":"https:\\/\\/a.nel.cloudflare.com\\/report\\/v4?s=TRxbNqhoOTQ%2FmzDDVQzpk5coSoJxOhLUZ1fJn1vjIFTxk3ItevtrDvWk0MtYSKJ3fUHWfp0Rietba%2FyJwIvDaV0zrbjVPjqpdDa7cIWqQ%2FfYejYZTsCPheRFdeGEY3OZ"}],"group":"cf-nel","max_age":604800}', 'NEL': '{"success_fraction":0,"report_to":"cf-nel","max_age":604800}', 'Server': 'cloudflare', 'CF-RAY': '8879a7b2c8dd2994-ORD', 'alt-svc': 'h3=":443"; ma=86400'} 
 body={"results":[{"gender":"female","name":{"title":"Ms","first":"Jelena","last":"Mau"},"location":{"street":{"number":9628,"name":"Rosenweg"},"city":"Grabow","state":"Brandenburg","country":"Germany","postcode":58488,"coordinates":{"latitude":"-49.3206","longitude":"138.0374"},"timezone":{"offset":"+1:00","description":"Brussels, Copenhagen, Madrid, Paris"}},"email":"jelena.mau@example.com","login":{"uuid":"89f7fd43-8c7b-4ad9-af00-7acdae8f4f7a","username":"angrykoala705","password":"2004","salt":"WBTO1Kl7","md5":"c1c483c519f4b8523d908554400ab0e3","sha1":"d8decc76e1e77c0443a3911ffeeee8c227c59d47","sha256":"82150ea4b6bea91eb94301b929407757048cef952661c7c1530f32c827ce638a"},"dob":{"date":"1988-01-29T13:09:27.338Z","age":36},"registered":{"date":"2019-06-25T19:06:29.681Z","age":4},"phone":"0859-3946717","cell":"0176-8526889","id":{"name":"SVNR","value":"29 290188 M 616"},"picture":{"large":"https://randomuser.me/api/portraits/women/63.jpg","medium":"https://randomuser.me/api/portraits/med/women/63.jpg","thumbnail":"https://randomuser.me/api/portraits/thumb/women/63.jpg"},"nat":"DE"}],"info":{"seed":"acbf144370bccacb","results":1,"page":1,"version":"1.4"}} 
 </msg>
<msg time="2024-05-22T03:17:46.115863" level="INFO">/opt/hostedtoolcache/Python/3.12.3/x64/lib/python3.12/site-packages/urllib3/connectionpool.py:1103: InsecureRequestWarning: Unverified HTTPS request is being made to host 'randomuser.me'. Adding certificate verification is strongly advised. See: https://urllib3.readthedocs.io/en/latest/advanced-usage.html#tls-warnings
  warnings.warn(</msg>
<msg time="2024-05-22T03:17:46.115972" level="INFO">${response} = &lt;Response [200]&gt;</msg>
<var>${response}</var>
<arg>consultarAPI</arg>
<arg>/api</arg>
<doc>Sends a GET request on a previously created HTTP Session.</doc>
<status status="PASS" start="2024-05-22T03:17:46.043175" elapsed="0.072840"/>
</kw>
<kw name="Set Variable" owner="BuiltIn">
<msg time="2024-05-22T03:17:46.116879" level="INFO">${json_data} = {'results': [{'gender': 'female', 'name': {'title': 'Ms', 'first': 'Jelena', 'last': 'Mau'}, 'location': {'street': {'number': 9628, 'name': 'Rosenweg'}, 'city': 'Grabow', 'state': 'Brandenburg', 'cou...</msg>
<var>${json_data}</var>
<arg>${response.json()}</arg>
<doc>Returns the given values which can then be assigned to a variables.</doc>
<status status="PASS" start="2024-05-22T03:17:46.116446" elapsed="0.000460"/>
</kw>
<kw name="Set Variable" owner="BuiltIn">
<msg time="2024-05-22T03:17:46.117586" level="INFO">${name_title} = Ms</msg>
<var>${name_title}</var>
<arg>${json_data["results"][0]["name"]["title"]}</arg>
<doc>Returns the given values which can then be assigned to a variables.</doc>
<status status="PASS" start="2024-05-22T03:17:46.117205" elapsed="0.000405"/>
</kw>
<kw name="Create List" owner="BuiltIn">
<msg time="2024-05-22T03:17:46.118054" level="INFO">${allowed_titles} = ['Mr', 'Ms', 'Miss', 'Mrs', 'Madame', 'Monsieur']</msg>
<var>${allowed_titles}</var>
<arg>Mr</arg>
<arg>Ms</arg>
<arg>Miss</arg>
<arg>Mrs</arg>
<arg>Madame</arg>
<arg>Monsieur</arg>
<doc>Returns a list containing given items.</doc>
<status status="PASS" start="2024-05-22T03:17:46.117906" elapsed="0.000172"/>
</kw>
<kw name="List Should Contain Value" owner="Collections">
<msg time="2024-05-22T03:17:46.118586" level="INFO">False</msg>
<arg>${allowed_titles}</arg>
<arg>${name_title}</arg>
<doc>Fails if the ``value`` is not found from ``list``.</doc>
<status status="PASS" start="2024-05-22T03:17:46.118410" elapsed="0.000213"/>
</kw>
<kw name="Set Variable" owner="BuiltIn">
<msg time="2024-05-22T03:17:46.119284" level="INFO">${name_country} = DE</msg>
<var>${name_country}</var>
<arg>${json_data["results"][0]["nat"]}</arg>
<doc>Returns the given values which can then be assigned to a variables.</doc>
<status status="PASS" start="2024-05-22T03:17:46.118913" elapsed="0.000396"/>
</kw>
<kw name="Create List" owner="BuiltIn">
<msg time="2024-05-22T03:17:46.120194" level="INFO">${list_country} = ['AD', 'AE', 'AF', 'AG', 'AI', 'AL', 'AM', 'AO', 'AQ', 'AR', 'AS', 'AT', 'AU', 'AW', 'AX', 'AZ', 'BA', 'BB', 'BD', 'BE', 'BF', 'BG', 'BH', 'BI', 'BJ', 'BL', 'BM', 'BN', 'BO', 'BQ', 'BR', 'BS', 'BT', '...</msg>
<var>${list_country}</var>
<arg>AD</arg>
<arg>AE</arg>
<arg>AF</arg>
<arg>AG</arg>
<arg>AI</arg>
<arg>AL</arg>
<arg>AM</arg>
<arg>AO</arg>
<arg>AQ</arg>
<arg>AR</arg>
<arg>AS</arg>
<arg>AT</arg>
<arg>AU</arg>
<arg>AW</arg>
<arg>AX</arg>
<arg>AZ</arg>
<arg>BA</arg>
<arg>BB</arg>
<arg>BD</arg>
<arg>BE</arg>
<arg>BF</arg>
<arg>BG</arg>
<arg>BH</arg>
<arg>BI</arg>
<arg>BJ</arg>
<arg>BL</arg>
<arg>BM</arg>
<arg>BN</arg>
<arg>BO</arg>
<arg>BQ</arg>
<arg>BR</arg>
<arg>BS</arg>
<arg>BT</arg>
<arg>BV</arg>
<arg>BW</arg>
<arg>BY</arg>
<arg>BZ</arg>
<arg>CA</arg>
<arg>CC</arg>
<arg>CD</arg>
<arg>CF</arg>
<arg>CG</arg>
<arg>CH</arg>
<arg>CI</arg>
<arg>CK</arg>
<arg>CL</arg>
<arg>CM</arg>
<arg>CN</arg>
<arg>CO</arg>
<arg>CR</arg>
<arg>CU</arg>
<arg>CV</arg>
<arg>CW</arg>
<arg>CX</arg>
<arg>CY</arg>
<arg>CZ</arg>
<arg>DE</arg>
<arg>DJ</arg>
<arg>DK</arg>
<arg>DM</arg>
<arg>DO</arg>
<arg>DZ</arg>
<arg>EC</arg>
<arg>EE</arg>
<arg>EG</arg>
<arg>EH</arg>
<arg>ER</arg>
<arg>ES</arg>
<arg>ET</arg>
<arg>FI</arg>
<arg>FJ</arg>
<arg>FK</arg>
<arg>FM</arg>
<arg>FO</arg>
<arg>FR</arg>
<arg>GA</arg>
<arg>GB</arg>
<arg>GD</arg>
<arg>GE</arg>
<arg>GF</arg>
<arg>GG</arg>
<arg>GH</arg>
<arg>GI</arg>
<arg>GL</arg>
<arg>GM</arg>
<arg>GN</arg>
<arg>GP</arg>
<arg>GQ</arg>
<arg>GR</arg>
<arg>GS</arg>
<arg>GT</arg>
<arg>GU</arg>
<arg>GW</arg>
<arg>GY</arg>
<arg>HK</arg>
<arg>HM</arg>
<arg>HN</arg>
<arg>HR</arg>
<arg>HT</arg>
<arg>HU</arg>
<arg>ID</arg>
<arg>IE</arg>
<arg>IL</arg>
<arg>IM</arg>
<arg>IN</arg>
<arg>IO</arg>
<arg>IQ</arg>
<arg>IR</arg>
<arg>IS</arg>
<arg>IT</arg>
<arg>JE</arg>
<arg>JM</arg>
<arg>JO</arg>
<arg>JP</arg>
<arg>KE</arg>
<arg>KG</arg>
<arg>KH</arg>
<arg>KI</arg>
<arg>KM</arg>
<arg>KN</arg>
<arg>KP</arg>
<arg>KR</arg>
<arg>KW</arg>
<arg>KY</arg>
<arg>KZ</arg>
<arg>LA</arg>
<arg>LB</arg>
<arg>LC</arg>
<arg>LI</arg>
<arg>LK</arg>
<arg>LR</arg>
<arg>LS</arg>
<arg>LT</arg>
<arg>LU</arg>
<arg>LV</arg>
<arg>LY</arg>
<arg>MA</arg>
<arg>MC</arg>
<arg>MD</arg>
<arg>ME</arg>
<arg>MF</arg>
<arg>MG</arg>
<arg>MH</arg>
<arg>MK</arg>
<arg>ML</arg>
<arg>MM</arg>
<arg>MN</arg>
<arg>MO</arg>
<arg>MP</arg>
<arg>MQ</arg>
<arg>MR</arg>
<arg>MS</arg>
<arg>MT</arg>
<arg>MU</arg>
<arg>MV</arg>
<arg>MW</arg>
<arg>MX</arg>
<arg>MY</arg>
<arg>MZ</arg>
<arg>NA</arg>
<arg>NC</arg>
<arg>NE</arg>
<arg>NF</arg>
<arg>NG</arg>
<arg>NI</arg>
<arg>NL</arg>
<arg>NO</arg>
<arg>NP</arg>
<arg>NR</arg>
<arg>NU</arg>
<arg>NZ</arg>
<arg>OM</arg>
<arg>PA</arg>
<arg>PE</arg>
<arg>PF</arg>
<arg>PG</arg>
<arg>PH</arg>
<arg>PK</arg>
<arg>PL</arg>
<arg>PM</arg>
<arg>PN</arg>
<arg>PR</arg>
<arg>PS</arg>
<arg>PT</arg>
<arg>PW</arg>
<arg>PY</arg>
<arg>QA</arg>
<arg>RE</arg>
<arg>RO</arg>
<arg>RS</arg>
<arg>RU</arg>
<arg>RW</arg>
<arg>SA</arg>
<arg>SB</arg>
<arg>SC</arg>
<arg>SD</arg>
<arg>SE</arg>
<arg>SG</arg>
<arg>SH</arg>
<arg>SI</arg>
<arg>SJ</arg>
<arg>SK</arg>
<arg>SL</arg>
<arg>SM</arg>
<arg>SN</arg>
<arg>SO</arg>
<arg>SR</arg>
<arg>SS</arg>
<arg>ST</arg>
<arg>SV</arg>
<arg>SX</arg>
<arg>SY</arg>
<arg>SZ</arg>
<arg>TC</arg>
<arg>TD</arg>
<arg>TF</arg>
<arg>TG</arg>
<arg>TH</arg>
<arg>TJ</arg>
<arg>TK</arg>
<arg>TL</arg>
<arg>TM</arg>
<arg>TN</arg>
<arg>TO</arg>
<arg>TR</arg>
<arg>TT</arg>
<arg>TV</arg>
<arg>TW</arg>
<arg>TZ</arg>
<arg>UA</arg>
<arg>UG</arg>
<arg>UM</arg>
<arg>US</arg>
<arg>UY</arg>
<arg>UZ</arg>
<arg>VA</arg>
<arg>VC</arg>
<arg>VE</arg>
<arg>VG</arg>
<arg>VI</arg>
<arg>VN</arg>
<arg>VU</arg>
<arg>WF</arg>
<arg>WS</arg>
<arg>XK</arg>
<arg>YE</arg>
<arg>YT</arg>
<arg>ZA</arg>
<arg>ZM</arg>
<arg>ZW</arg>
<doc>Returns a list containing given items.</doc>
<status status="PASS" start="2024-05-22T03:17:46.119603" elapsed="0.000615"/>
</kw>
<kw name="List Should Contain Value" owner="Collections">
<msg time="2024-05-22T03:17:46.121199" level="INFO">False</msg>
<arg>${list_country}</arg>
<arg>${name_country}</arg>
<doc>Fails if the ``value`` is not found from ``list``.</doc>
<status status="PASS" start="2024-05-22T03:17:46.120995" elapsed="0.000240"/>
</kw>
<kw name="Run Keyword If" owner="BuiltIn">
<kw name="Should Be True" owner="BuiltIn">
<arg>${True}</arg>
<doc>Fails if the given condition is not true.</doc>
<status status="PASS" start="2024-05-22T03:17:46.122269" elapsed="0.000166"/>
</kw>
<arg>${json_data["results"][0]["location"]["coordinates"]["latitude"]} &gt;= -90 and ${json_data["results"][0]["location"]["coordinates"]["latitude"]} &lt;= 90</arg>
<arg>Should Be True</arg>
<arg>${True}</arg>
<doc>Runs the given keyword with the given arguments, if ``condition`` is true.</doc>
<status status="PASS" start="2024-05-22T03:17:46.121542" elapsed="0.001019"/>
</kw>
<kw name="Run Keyword If" owner="BuiltIn">
<kw name="Should Be True" owner="BuiltIn">
<arg>${True}</arg>
<doc>Fails if the given condition is not true.</doc>
<status status="PASS" start="2024-05-22T03:17:46.123426" elapsed="0.000241"/>
</kw>
<arg>${json_data["results"][0]["location"]["coordinates"]["longitude"]} &gt;= -180 and ${json_data["results"][0]["location"]["coordinates"]["longitude"]} &lt;= 180</arg>
<arg>Should Be True</arg>
<arg>${True}</arg>
<doc>Runs the given keyword with the given arguments, if ``condition`` is true.</doc>
<status status="PASS" start="2024-05-22T03:17:46.122743" elapsed="0.001049"/>
</kw>
<status status="PASS" start="2024-05-22T03:17:46.042959" elapsed="0.080962"/>
</kw>
<doc>Testa o conteúdo específico dos campos retornados pela API.</doc>
<tag>testeConteudo</tag>
<status status="PASS" start="2024-05-22T03:17:46.042559" elapsed="0.081503"/>
</test>
<status status="PASS" start="2024-05-22T03:17:45.153704" elapsed="0.972245"/>
</suite>
<status status="PASS" start="2024-05-22T03:17:45.140550" elapsed="0.990487"/>
</suite>
<statistics>
<total>
<stat pass="5" fail="0" skip="0">All Tests</stat>
</total>
<tag>
<stat pass="1" fail="0" skip="0">testeConteudo</stat>
<stat pass="1" fail="0" skip="0">testeEstruturaResposta</stat>
<stat pass="1" fail="0" skip="0">testeRequisicaoBasica</stat>
<stat pass="1" fail="0" skip="0">testeTiposDados</stat>
</tag>
<suite>
<stat pass="5" fail="0" skip="0" id="s1" name="Tests">Tests</stat>
<stat pass="5" fail="0" skip="0" id="s1-s1" name="Random-User-Test">Tests.Random-User-Test</stat>
</suite>
</statistics>
<errors>
</errors>
</robot>
