<?xml version="1.0" encoding="UTF-8"?>
<robot generator="Robot 7.0 (Python 3.12.3 on linux)" generated="2024-05-20T03:16:39.238902" rpa="false" schemaversion="5">
<suite id="s1" name="Tests" source="/home/runner/work/DesafioQAItauRogerioJordao/DesafioQAItauRogerioJordao/RamdonUser/tests">
<suite id="s1-s1" name="Random-User-Test" source="/home/runner/work/DesafioQAItauRogerioJordao/DesafioQAItauRogerioJordao/RamdonUser/tests/random-user-test.robot">
<test id="s1-s1-t1" name="Conectar" line="13">
<kw name="Conectar API" owner="random-user-service">
<kw name="Create Session" owner="RequestsLibrary">
<msg time="2024-05-20T03:16:39.601131" level="INFO">Creating Session using : alias=consultarAPI, url=https://randomuser.me/, headers={},                     cookies={}, auth=None, timeout=None, proxies=None, verify=False,                     debug=0 </msg>
<arg>consultarAPI</arg>
<arg>${URL}</arg>
<doc>Create Session: create a HTTP session to a server</doc>
<status status="PASS" start="2024-05-20T03:16:39.600923" elapsed="0.000385"/>
</kw>
<status status="PASS" start="2024-05-20T03:16:39.599938" elapsed="0.001727"/>
</kw>
<status status="PASS" start="2024-05-20T03:16:39.599307" elapsed="0.002555"/>
</test>
<test id="s1-s1-t2" name="Validar retorno 200 e JSON Válido" line="16">
<kw name="Teste de Requisicao Basica" owner="random-user-service">
<kw name="GET On Session" owner="RequestsLibrary">
<msg time="2024-05-20T03:16:39.831161" level="INFO">GET Request : url=https://randomuser.me/api 
 path_url=/api 
 headers={'User-Agent': 'python-requests/2.31.0', 'Accept-Encoding': 'gzip, deflate', 'Accept': '*/*', 'Connection': 'keep-alive'} 
 body=None 
 </msg>
<msg time="2024-05-20T03:16:39.831314" level="INFO">GET Response : url=https://randomuser.me/api 
 status=200, reason=OK 
 headers={'Date': 'Mon, 20 May 2024 03:16:39 GMT', 'Content-Type': 'application/json; charset=utf-8', 'Transfer-Encoding': 'chunked', 'Connection': 'keep-alive', 'X-Powered-By': 'Express', 'Access-Control-Allow-Origin': '*', 'Cache-Control': 'no-cache', 'ETag': 'W/"487-WyAioKLuf+1N8ru/4wnQ8GD9XrA"', 'Vary': 'Accept-Encoding', 'Content-Encoding': 'gzip', 'CF-Cache-Status': 'DYNAMIC', 'Report-To': '{"endpoints":[{"url":"https:\\/\\/a.nel.cloudflare.com\\/report\\/v4?s=LXVw1aEHjBCjcQYQC8bDJBnAL6iYFzDXLGpj6Mo817H0duDrJEclTxIbVIsgnjyFOXqSyaIt0g%2F8gMQM7RXUaI4xxXXGh%2FjHJHJuOYlb487UDtOUBJW5NQq%2FzrvkmMiW"}],"group":"cf-nel","max_age":604800}', 'NEL': '{"success_fraction":0,"report_to":"cf-nel","max_age":604800}', 'Server': 'cloudflare', 'CF-RAY': '88692b54ba742a78-ORD', 'alt-svc': 'h3=":443"; ma=86400'} 
 body={"results":[{"gender":"male","name":{"title":"Mr","first":"Erdal","last":"Westermann"},"location":{"street":{"number":3410,"name":"Grüner Weg"},"city":"Xanten","state":"Sachsen-Anhalt","country":"Germany","postcode":88583,"coordinates":{"latitude":"-54.3068","longitude":"-66.0075"},"timezone":{"offset":"-12:00","description":"Eniwetok, Kwajalein"}},"email":"erdal.westermann@example.com","login":{"uuid":"3f056fdd-363a-45d6-b740-3f90c9a47cb9","username":"crazybird314","password":"hun999","salt":"mynQw2yB","md5":"6fd590770e12142b9f0e0b54e5ba0cb0","sha1":"53a86894b30e1f79dcdcdeb3017fc7987b6c9061","sha256":"a7d5906d4704b5c801f67dad128c3b84d8a7682df6b1e8f901becef794e9ff44"},"dob":{"date":"1998-08-21T17:44:41.281Z","age":25},"registered":{"date":"2014-05-05T09:39:13.949Z","age":10},"phone":"0756-2477572","cell":"0175-9789717","id":{"name":"SVNR","value":"46 210898 W 251"},"picture":{"large":"https://randomuser.me/api/portraits/men/4.jpg","medium":"https://randomuser.me/api/portraits/med/men/4.jpg","thumbnail":"https://randomuser.me/api/portraits/thumb/men/4.jpg"},"nat":"DE"}],"info":{"seed":"63a4ebe535c37099","results":1,"page":1,"version":"1.4"}} 
 </msg>
<msg time="2024-05-20T03:16:39.831398" level="INFO">/opt/hostedtoolcache/Python/3.12.3/x64/lib/python3.12/site-packages/urllib3/connectionpool.py:1103: InsecureRequestWarning: Unverified HTTPS request is being made to host 'randomuser.me'. Adding certificate verification is strongly advised. See: https://urllib3.readthedocs.io/en/latest/advanced-usage.html#tls-warnings
  warnings.warn(</msg>
<msg time="2024-05-20T03:16:39.831564" level="INFO">${response} = &lt;Response [200]&gt;</msg>
<var>${response}</var>
<arg>consultarAPI</arg>
<arg>/api</arg>
<doc>Sends a GET request on a previously created HTTP Session.</doc>
<status status="PASS" start="2024-05-20T03:16:39.604584" elapsed="0.227028"/>
</kw>
<kw name="Should Be Equal As Numbers" owner="BuiltIn">
<msg time="2024-05-20T03:16:39.832716" level="INFO">Argument types are:
&lt;class 'int'&gt;
&lt;class 'str'&gt;</msg>
<arg>${response.status_code}</arg>
<arg>200</arg>
<doc>Fails if objects are unequal after converting them to real numbers.</doc>
<status status="PASS" start="2024-05-20T03:16:39.832244" elapsed="0.000544"/>
</kw>
<kw name="Log" owner="BuiltIn">
<msg time="2024-05-20T03:16:39.833563" level="INFO">200</msg>
<arg>${response.status_code}</arg>
<doc>Logs the given message with the given level.</doc>
<status status="PASS" start="2024-05-20T03:16:39.833182" elapsed="0.000427"/>
</kw>
<kw name="Set Variable" owner="BuiltIn">
<msg time="2024-05-20T03:16:39.834442" level="INFO">${json_data} = {'results': [{'gender': 'male', 'name': {'title': 'Mr', 'first': 'Erdal', 'last': 'Westermann'}, 'location': {'street': {'number': 3410, 'name': 'Grüner Weg'}, 'city': 'Xanten', 'state': 'Sachsen-Anha...</msg>
<var>${json_data}</var>
<arg>${response.json()}</arg>
<doc>Returns the given values which can then be assigned to a variables.</doc>
<status status="PASS" start="2024-05-20T03:16:39.833934" elapsed="0.000539"/>
</kw>
<kw name="Dictionary Should Contain Key" owner="Collections">
<msg time="2024-05-20T03:16:39.834968" level="INFO">False</msg>
<arg>${json_data}</arg>
<arg>results</arg>
<doc>Fails if ``key`` is not found from ``dictionary``.</doc>
<status status="PASS" start="2024-05-20T03:16:39.834792" elapsed="0.000217"/>
</kw>
<status status="PASS" start="2024-05-20T03:16:39.604337" elapsed="0.230940"/>
</kw>
<doc>Testa se a API responde corretamente e retorna um objeto JSON válido.</doc>
<tag>testeRequisicaoBasica</tag>
<status status="PASS" start="2024-05-20T03:16:39.603768" elapsed="0.231698"/>
</test>
<test id="s1-s1-t3" name="Validar estrutura de resposta" line="22">
<kw name="Teste de Estrutura de Resposta" owner="random-user-service">
<kw name="GET On Session" owner="RequestsLibrary">
<msg time="2024-05-20T03:16:39.931226" level="INFO">GET Request : url=https://randomuser.me/api 
 path_url=/api 
 headers={'User-Agent': 'python-requests/2.31.0', 'Accept-Encoding': 'gzip, deflate', 'Accept': '*/*', 'Connection': 'keep-alive'} 
 body=None 
 </msg>
<msg time="2024-05-20T03:16:39.931326" level="INFO">GET Response : url=https://randomuser.me/api 
 status=200, reason=OK 
 headers={'Date': 'Mon, 20 May 2024 03:16:39 GMT', 'Content-Type': 'application/json; charset=utf-8', 'Transfer-Encoding': 'chunked', 'Connection': 'keep-alive', 'X-Powered-By': 'Express', 'Access-Control-Allow-Origin': '*', 'Cache-Control': 'no-cache', 'ETag': 'W/"487-FWp1LM3smNfrirw4FpyoHXeiu8U"', 'Vary': 'Accept-Encoding', 'Content-Encoding': 'gzip', 'CF-Cache-Status': 'DYNAMIC', 'Report-To': '{"endpoints":[{"url":"https:\\/\\/a.nel.cloudflare.com\\/report\\/v4?s=qTerHJws5LRTL48h3BbYzMcpyqXavy6MbROmUwXTnR0Y%2F6OqtXWSuF4xjSR3FS7Z7d1LBnC0F%2Bp2SJQu%2FagkS3LDBOHCBU1epK8X95KREdKk4Rm43bJAF7fcBsYnu72C"}],"group":"cf-nel","max_age":604800}', 'NEL': '{"success_fraction":0,"report_to":"cf-nel","max_age":604800}', 'Server': 'cloudflare', 'CF-RAY': '88692b550ab92a78-ORD', 'alt-svc': 'h3=":443"; ma=86400'} 
 body={"results":[{"gender":"female","name":{"title":"Miss","first":"Ceyhan","last":"Özberk"},"location":{"street":{"number":6796,"name":"Filistin Cd"},"city":"Bursa","state":"Bartın","country":"Turkey","postcode":17313,"coordinates":{"latitude":"67.2169","longitude":"115.5204"},"timezone":{"offset":"-3:00","description":"Brazil, Buenos Aires, Georgetown"}},"email":"ceyhan.ozberk@example.com","login":{"uuid":"2f35a93e-17cb-48ab-89bf-ee94dbba9000","username":"yellowtiger928","password":"plastic","salt":"EVTHNSWL","md5":"f9d64bbebda68c3703e821649aac2a74","sha1":"132ba3730c317c9aa582fc531bc5f566e7018bac","sha256":"47e24089776d76d7d9547adce9eab0a19c4c6139610b57361e961593a29410ed"},"dob":{"date":"1977-03-21T12:25:25.092Z","age":47},"registered":{"date":"2008-04-15T15:49:46.153Z","age":16},"phone":"(766)-600-0415","cell":"(604)-760-3565","id":{"name":"","value":null},"picture":{"large":"https://randomuser.me/api/portraits/women/79.jpg","medium":"https://randomuser.me/api/portraits/med/women/79.jpg","thumbnail":"https://randomuser.me/api/portraits/thumb/women/79.jpg"},"nat":"TR"}],"info":{"seed":"f945b1cb67c47f8b","results":1,"page":1,"version":"1.4"}} 
 </msg>
<msg time="2024-05-20T03:16:39.931456" level="INFO">/opt/hostedtoolcache/Python/3.12.3/x64/lib/python3.12/site-packages/urllib3/connectionpool.py:1103: InsecureRequestWarning: Unverified HTTPS request is being made to host 'randomuser.me'. Adding certificate verification is strongly advised. See: https://urllib3.readthedocs.io/en/latest/advanced-usage.html#tls-warnings
  warnings.warn(</msg>
<msg time="2024-05-20T03:16:39.931588" level="INFO">${response} = &lt;Response [200]&gt;</msg>
<var>${response}</var>
<arg>consultarAPI</arg>
<arg>/api</arg>
<doc>Sends a GET request on a previously created HTTP Session.</doc>
<status status="PASS" start="2024-05-20T03:16:39.838231" elapsed="0.093395"/>
</kw>
<kw name="Set Variable" owner="BuiltIn">
<msg time="2024-05-20T03:16:39.932811" level="INFO">${json_data} = {'results': [{'gender': 'female', 'name': {'title': 'Miss', 'first': 'Ceyhan', 'last': 'Özberk'}, 'location': {'street': {'number': 6796, 'name': 'Filistin Cd'}, 'city': 'Bursa', 'state': 'Bartın', 'c...</msg>
<var>${json_data}</var>
<arg>${response.json()}</arg>
<doc>Returns the given values which can then be assigned to a variables.</doc>
<status status="PASS" start="2024-05-20T03:16:39.932246" elapsed="0.000599"/>
</kw>
<kw name="Log" owner="BuiltIn">
<msg time="2024-05-20T03:16:39.933338" level="INFO">{'results': [{'gender': 'female', 'name': {'title': 'Miss', 'first': 'Ceyhan', 'last': 'Özberk'}, 'location': {'street': {'number': 6796, 'name': 'Filistin Cd'}, 'city': 'Bursa', 'state': 'Bartın', 'country': 'Turkey', 'postcode': 17313, 'coordinates': {'latitude': '67.2169', 'longitude': '115.5204'}, 'timezone': {'offset': '-3:00', 'description': 'Brazil, Buenos Aires, Georgetown'}}, 'email': 'ceyhan.ozberk@example.com', 'login': {'uuid': '2f35a93e-17cb-48ab-89bf-ee94dbba9000', 'username': 'yellowtiger928', 'password': 'plastic', 'salt': 'EVTHNSWL', 'md5': 'f9d64bbebda68c3703e821649aac2a74', 'sha1': '132ba3730c317c9aa582fc531bc5f566e7018bac', 'sha256': '47e24089776d76d7d9547adce9eab0a19c4c6139610b57361e961593a29410ed'}, 'dob': {'date': '1977-03-21T12:25:25.092Z', 'age': 47}, 'registered': {'date': '2008-04-15T15:49:46.153Z', 'age': 16}, 'phone': '(766)-600-0415', 'cell': '(604)-760-3565', 'id': {'name': '', 'value': None}, 'picture': {'large': 'https://randomuser.me/api/portraits/women/79.jpg', 'medium': 'https://randomuser.me/api/portraits/med/women/79.jpg', 'thumbnail': 'https://randomuser.me/api/portraits/thumb/women/79.jpg'}, 'nat': 'TR'}], 'info': {'seed': 'f945b1cb67c47f8b', 'results': 1, 'page': 1, 'version': '1.4'}}</msg>
<arg>${json_data}</arg>
<doc>Logs the given message with the given level.</doc>
<status status="PASS" start="2024-05-20T03:16:39.933167" elapsed="0.000222"/>
</kw>
<kw name="Dictionary Should Contain Key" owner="Collections">
<msg time="2024-05-20T03:16:39.933855" level="INFO">False</msg>
<arg>${json_data}</arg>
<arg>results</arg>
<doc>Fails if ``key`` is not found from ``dictionary``.</doc>
<status status="PASS" start="2024-05-20T03:16:39.933693" elapsed="0.000200"/>
</kw>
<kw name="Should Not Be Empty" owner="BuiltIn">
<msg time="2024-05-20T03:16:39.934372" level="INFO">Length is 2.</msg>
<arg>${json_data}</arg>
<doc>Verifies that the given item is not empty.</doc>
<status status="PASS" start="2024-05-20T03:16:39.934229" elapsed="0.000342"/>
</kw>
<kw name="Create List" owner="BuiltIn">
<msg time="2024-05-20T03:16:39.935028" level="INFO">${expected_keys} = ['gender', 'name', 'location', 'email', 'login']</msg>
<var>${expected_keys}</var>
<arg>gender</arg>
<arg>name</arg>
<arg>location</arg>
<arg>email</arg>
<arg>login</arg>
<doc>Returns a list containing given items.</doc>
<status status="PASS" start="2024-05-20T03:16:39.934871" elapsed="0.000181"/>
</kw>
<for flavor="IN">
<iter>
<kw name="Dictionary Should Contain Key" owner="Collections">
<msg time="2024-05-20T03:16:39.936040" level="INFO">False</msg>
<arg>${json_data['results'][0]}</arg>
<arg>${key}</arg>
<doc>Fails if ``key`` is not found from ``dictionary``.</doc>
<status status="PASS" start="2024-05-20T03:16:39.935630" elapsed="0.000448"/>
</kw>
<kw name="Log" owner="BuiltIn">
<msg time="2024-05-20T03:16:39.936758" level="INFO">{'gender': 'female', 'name': {'title': 'Miss', 'first': 'Ceyhan', 'last': 'Özberk'}, 'location': {'street': {'number': 6796, 'name': 'Filistin Cd'}, 'city': 'Bursa', 'state': 'Bartın', 'country': 'Turkey', 'postcode': 17313, 'coordinates': {'latitude': '67.2169', 'longitude': '115.5204'}, 'timezone': {'offset': '-3:00', 'description': 'Brazil, Buenos Aires, Georgetown'}}, 'email': 'ceyhan.ozberk@example.com', 'login': {'uuid': '2f35a93e-17cb-48ab-89bf-ee94dbba9000', 'username': 'yellowtiger928', 'password': 'plastic', 'salt': 'EVTHNSWL', 'md5': 'f9d64bbebda68c3703e821649aac2a74', 'sha1': '132ba3730c317c9aa582fc531bc5f566e7018bac', 'sha256': '47e24089776d76d7d9547adce9eab0a19c4c6139610b57361e961593a29410ed'}, 'dob': {'date': '1977-03-21T12:25:25.092Z', 'age': 47}, 'registered': {'date': '2008-04-15T15:49:46.153Z', 'age': 16}, 'phone': '(766)-600-0415', 'cell': '(604)-760-3565', 'id': {'name': '', 'value': None}, 'picture': {'large': 'https://randomuser.me/api/portraits/women/79.jpg', 'medium': 'https://randomuser.me/api/portraits/med/women/79.jpg', 'thumbnail': 'https://randomuser.me/api/portraits/thumb/women/79.jpg'}, 'nat': 'TR'}</msg>
<arg>${json_data['results'][0]}</arg>
<doc>Logs the given message with the given level.</doc>
<status status="PASS" start="2024-05-20T03:16:39.936380" elapsed="0.000432"/>
</kw>
<kw name="Log" owner="BuiltIn">
<msg time="2024-05-20T03:16:39.937245" level="INFO">gender</msg>
<arg>${key}</arg>
<doc>Logs the given message with the given level.</doc>
<status status="PASS" start="2024-05-20T03:16:39.937116" elapsed="0.000168"/>
</kw>
<var name="${key}">gender</var>
<status status="PASS" start="2024-05-20T03:16:39.935501" elapsed="0.001999"/>
</iter>
<iter>
<kw name="Dictionary Should Contain Key" owner="Collections">
<msg time="2024-05-20T03:16:39.938251" level="INFO">False</msg>
<arg>${json_data['results'][0]}</arg>
<arg>${key}</arg>
<doc>Fails if ``key`` is not found from ``dictionary``.</doc>
<status status="PASS" start="2024-05-20T03:16:39.937806" elapsed="0.000485"/>
</kw>
<kw name="Log" owner="BuiltIn">
<msg time="2024-05-20T03:16:39.938987" level="INFO">{'gender': 'female', 'name': {'title': 'Miss', 'first': 'Ceyhan', 'last': 'Özberk'}, 'location': {'street': {'number': 6796, 'name': 'Filistin Cd'}, 'city': 'Bursa', 'state': 'Bartın', 'country': 'Turkey', 'postcode': 17313, 'coordinates': {'latitude': '67.2169', 'longitude': '115.5204'}, 'timezone': {'offset': '-3:00', 'description': 'Brazil, Buenos Aires, Georgetown'}}, 'email': 'ceyhan.ozberk@example.com', 'login': {'uuid': '2f35a93e-17cb-48ab-89bf-ee94dbba9000', 'username': 'yellowtiger928', 'password': 'plastic', 'salt': 'EVTHNSWL', 'md5': 'f9d64bbebda68c3703e821649aac2a74', 'sha1': '132ba3730c317c9aa582fc531bc5f566e7018bac', 'sha256': '47e24089776d76d7d9547adce9eab0a19c4c6139610b57361e961593a29410ed'}, 'dob': {'date': '1977-03-21T12:25:25.092Z', 'age': 47}, 'registered': {'date': '2008-04-15T15:49:46.153Z', 'age': 16}, 'phone': '(766)-600-0415', 'cell': '(604)-760-3565', 'id': {'name': '', 'value': None}, 'picture': {'large': 'https://randomuser.me/api/portraits/women/79.jpg', 'medium': 'https://randomuser.me/api/portraits/med/women/79.jpg', 'thumbnail': 'https://randomuser.me/api/portraits/thumb/women/79.jpg'}, 'nat': 'TR'}</msg>
<arg>${json_data['results'][0]}</arg>
<doc>Logs the given message with the given level.</doc>
<status status="PASS" start="2024-05-20T03:16:39.938620" elapsed="0.000420"/>
</kw>
<kw name="Log" owner="BuiltIn">
<msg time="2024-05-20T03:16:39.939471" level="INFO">name</msg>
<arg>${key}</arg>
<doc>Logs the given message with the given level.</doc>
<status status="PASS" start="2024-05-20T03:16:39.939343" elapsed="0.000165"/>
</kw>
<var name="${key}">name</var>
<status status="PASS" start="2024-05-20T03:16:39.937689" elapsed="0.002035"/>
</iter>
<iter>
<kw name="Dictionary Should Contain Key" owner="Collections">
<msg time="2024-05-20T03:16:39.940403" level="INFO">False</msg>
<arg>${json_data['results'][0]}</arg>
<arg>${key}</arg>
<doc>Fails if ``key`` is not found from ``dictionary``.</doc>
<status status="PASS" start="2024-05-20T03:16:39.940016" elapsed="0.000424"/>
</kw>
<kw name="Log" owner="BuiltIn">
<msg time="2024-05-20T03:16:39.941130" level="INFO">{'gender': 'female', 'name': {'title': 'Miss', 'first': 'Ceyhan', 'last': 'Özberk'}, 'location': {'street': {'number': 6796, 'name': 'Filistin Cd'}, 'city': 'Bursa', 'state': 'Bartın', 'country': 'Turkey', 'postcode': 17313, 'coordinates': {'latitude': '67.2169', 'longitude': '115.5204'}, 'timezone': {'offset': '-3:00', 'description': 'Brazil, Buenos Aires, Georgetown'}}, 'email': 'ceyhan.ozberk@example.com', 'login': {'uuid': '2f35a93e-17cb-48ab-89bf-ee94dbba9000', 'username': 'yellowtiger928', 'password': 'plastic', 'salt': 'EVTHNSWL', 'md5': 'f9d64bbebda68c3703e821649aac2a74', 'sha1': '132ba3730c317c9aa582fc531bc5f566e7018bac', 'sha256': '47e24089776d76d7d9547adce9eab0a19c4c6139610b57361e961593a29410ed'}, 'dob': {'date': '1977-03-21T12:25:25.092Z', 'age': 47}, 'registered': {'date': '2008-04-15T15:49:46.153Z', 'age': 16}, 'phone': '(766)-600-0415', 'cell': '(604)-760-3565', 'id': {'name': '', 'value': None}, 'picture': {'large': 'https://randomuser.me/api/portraits/women/79.jpg', 'medium': 'https://randomuser.me/api/portraits/med/women/79.jpg', 'thumbnail': 'https://randomuser.me/api/portraits/thumb/women/79.jpg'}, 'nat': 'TR'}</msg>
<arg>${json_data['results'][0]}</arg>
<doc>Logs the given message with the given level.</doc>
<status status="PASS" start="2024-05-20T03:16:39.940758" elapsed="0.000425"/>
</kw>
<kw name="Log" owner="BuiltIn">
<msg time="2024-05-20T03:16:39.941614" level="INFO">location</msg>
<arg>${key}</arg>
<doc>Logs the given message with the given level.</doc>
<status status="PASS" start="2024-05-20T03:16:39.941487" elapsed="0.000165"/>
</kw>
<var name="${key}">location</var>
<status status="PASS" start="2024-05-20T03:16:39.939903" elapsed="0.001965"/>
</iter>
<iter>
<kw name="Dictionary Should Contain Key" owner="Collections">
<msg time="2024-05-20T03:16:39.942575" level="INFO">False</msg>
<arg>${json_data['results'][0]}</arg>
<arg>${key}</arg>
<doc>Fails if ``key`` is not found from ``dictionary``.</doc>
<status status="PASS" start="2024-05-20T03:16:39.942184" elapsed="0.000428"/>
</kw>
<kw name="Log" owner="BuiltIn">
<msg time="2024-05-20T03:16:39.943275" level="INFO">{'gender': 'female', 'name': {'title': 'Miss', 'first': 'Ceyhan', 'last': 'Özberk'}, 'location': {'street': {'number': 6796, 'name': 'Filistin Cd'}, 'city': 'Bursa', 'state': 'Bartın', 'country': 'Turkey', 'postcode': 17313, 'coordinates': {'latitude': '67.2169', 'longitude': '115.5204'}, 'timezone': {'offset': '-3:00', 'description': 'Brazil, Buenos Aires, Georgetown'}}, 'email': 'ceyhan.ozberk@example.com', 'login': {'uuid': '2f35a93e-17cb-48ab-89bf-ee94dbba9000', 'username': 'yellowtiger928', 'password': 'plastic', 'salt': 'EVTHNSWL', 'md5': 'f9d64bbebda68c3703e821649aac2a74', 'sha1': '132ba3730c317c9aa582fc531bc5f566e7018bac', 'sha256': '47e24089776d76d7d9547adce9eab0a19c4c6139610b57361e961593a29410ed'}, 'dob': {'date': '1977-03-21T12:25:25.092Z', 'age': 47}, 'registered': {'date': '2008-04-15T15:49:46.153Z', 'age': 16}, 'phone': '(766)-600-0415', 'cell': '(604)-760-3565', 'id': {'name': '', 'value': None}, 'picture': {'large': 'https://randomuser.me/api/portraits/women/79.jpg', 'medium': 'https://randomuser.me/api/portraits/med/women/79.jpg', 'thumbnail': 'https://randomuser.me/api/portraits/thumb/women/79.jpg'}, 'nat': 'TR'}</msg>
<arg>${json_data['results'][0]}</arg>
<doc>Logs the given message with the given level.</doc>
<status status="PASS" start="2024-05-20T03:16:39.942914" elapsed="0.000422"/>
</kw>
<kw name="Log" owner="BuiltIn">
<msg time="2024-05-20T03:16:39.943762" level="INFO">email</msg>
<arg>${key}</arg>
<doc>Logs the given message with the given level.</doc>
<status status="PASS" start="2024-05-20T03:16:39.943636" elapsed="0.000163"/>
</kw>
<var name="${key}">email</var>
<status status="PASS" start="2024-05-20T03:16:39.942039" elapsed="0.001978"/>
</iter>
<iter>
<kw name="Dictionary Should Contain Key" owner="Collections">
<msg time="2024-05-20T03:16:39.944691" level="INFO">False</msg>
<arg>${json_data['results'][0]}</arg>
<arg>${key}</arg>
<doc>Fails if ``key`` is not found from ``dictionary``.</doc>
<status status="PASS" start="2024-05-20T03:16:39.944305" elapsed="0.000423"/>
</kw>
<kw name="Log" owner="BuiltIn">
<msg time="2024-05-20T03:16:39.945392" level="INFO">{'gender': 'female', 'name': {'title': 'Miss', 'first': 'Ceyhan', 'last': 'Özberk'}, 'location': {'street': {'number': 6796, 'name': 'Filistin Cd'}, 'city': 'Bursa', 'state': 'Bartın', 'country': 'Turkey', 'postcode': 17313, 'coordinates': {'latitude': '67.2169', 'longitude': '115.5204'}, 'timezone': {'offset': '-3:00', 'description': 'Brazil, Buenos Aires, Georgetown'}}, 'email': 'ceyhan.ozberk@example.com', 'login': {'uuid': '2f35a93e-17cb-48ab-89bf-ee94dbba9000', 'username': 'yellowtiger928', 'password': 'plastic', 'salt': 'EVTHNSWL', 'md5': 'f9d64bbebda68c3703e821649aac2a74', 'sha1': '132ba3730c317c9aa582fc531bc5f566e7018bac', 'sha256': '47e24089776d76d7d9547adce9eab0a19c4c6139610b57361e961593a29410ed'}, 'dob': {'date': '1977-03-21T12:25:25.092Z', 'age': 47}, 'registered': {'date': '2008-04-15T15:49:46.153Z', 'age': 16}, 'phone': '(766)-600-0415', 'cell': '(604)-760-3565', 'id': {'name': '', 'value': None}, 'picture': {'large': 'https://randomuser.me/api/portraits/women/79.jpg', 'medium': 'https://randomuser.me/api/portraits/med/women/79.jpg', 'thumbnail': 'https://randomuser.me/api/portraits/thumb/women/79.jpg'}, 'nat': 'TR'}</msg>
<arg>${json_data['results'][0]}</arg>
<doc>Logs the given message with the given level.</doc>
<status status="PASS" start="2024-05-20T03:16:39.945025" elapsed="0.000428"/>
</kw>
<kw name="Log" owner="BuiltIn">
<msg time="2024-05-20T03:16:39.945891" level="INFO">login</msg>
<arg>${key}</arg>
<doc>Logs the given message with the given level.</doc>
<status status="PASS" start="2024-05-20T03:16:39.945755" elapsed="0.000175"/>
</kw>
<var name="${key}">login</var>
<status status="PASS" start="2024-05-20T03:16:39.944190" elapsed="0.002026"/>
</iter>
<var>${key}</var>
<value>@{expected_keys}</value>
<status status="PASS" start="2024-05-20T03:16:39.935310" elapsed="0.011047"/>
</for>
<kw name="Create List" owner="BuiltIn">
<msg time="2024-05-20T03:16:39.946696" level="INFO">${expected_keysTwo} = ['username', 'password']</msg>
<var>${expected_keysTwo}</var>
<arg>username</arg>
<arg>password</arg>
<doc>Returns a list containing given items.</doc>
<status status="PASS" start="2024-05-20T03:16:39.946558" elapsed="0.000162"/>
</kw>
<for flavor="IN">
<iter>
<kw name="Dictionary Should Contain Key" owner="Collections">
<msg time="2024-05-20T03:16:39.947878" level="INFO">False</msg>
<arg>${json_data['results'][0]['login']}</arg>
<arg>${keyTwo}</arg>
<doc>Fails if ``key`` is not found from ``dictionary``.</doc>
<status status="PASS" start="2024-05-20T03:16:39.947283" elapsed="0.000654"/>
</kw>
<kw name="Dictionary Should Contain Key" owner="Collections">
<msg time="2024-05-20T03:16:39.948878" level="INFO">False</msg>
<arg>${json_data['results'][0]['login']}</arg>
<arg>${keyTwo}</arg>
<doc>Fails if ``key`` is not found from ``dictionary``.</doc>
<status status="PASS" start="2024-05-20T03:16:39.948363" elapsed="0.000554"/>
</kw>
<kw name="Log" owner="BuiltIn">
<msg time="2024-05-20T03:16:39.949349" level="INFO">username</msg>
<arg>${keyTwo}</arg>
<doc>Logs the given message with the given level.</doc>
<status status="PASS" start="2024-05-20T03:16:39.949221" elapsed="0.000171"/>
</kw>
<var name="${keyTwo}">username</var>
<status status="PASS" start="2024-05-20T03:16:39.947121" elapsed="0.002493"/>
</iter>
<iter>
<kw name="Dictionary Should Contain Key" owner="Collections">
<msg time="2024-05-20T03:16:39.950403" level="INFO">False</msg>
<arg>${json_data['results'][0]['login']}</arg>
<arg>${keyTwo}</arg>
<doc>Fails if ``key`` is not found from ``dictionary``.</doc>
<status status="PASS" start="2024-05-20T03:16:39.949899" elapsed="0.000545"/>
</kw>
<kw name="Dictionary Should Contain Key" owner="Collections">
<msg time="2024-05-20T03:16:39.951125" level="INFO">False</msg>
<arg>${json_data['results'][0]['login']}</arg>
<arg>${keyTwo}</arg>
<doc>Fails if ``key`` is not found from ``dictionary``.</doc>
<status status="PASS" start="2024-05-20T03:16:39.950745" elapsed="0.000417"/>
</kw>
<kw name="Log" owner="BuiltIn">
<msg time="2024-05-20T03:16:39.951583" level="INFO">password</msg>
<arg>${keyTwo}</arg>
<doc>Logs the given message with the given level.</doc>
<status status="PASS" start="2024-05-20T03:16:39.951457" elapsed="0.000163"/>
</kw>
<var name="${keyTwo}">password</var>
<status status="PASS" start="2024-05-20T03:16:39.949785" elapsed="0.002052"/>
</iter>
<var>${keyTwo}</var>
<value>@{expected_keysTwo}</value>
<status status="PASS" start="2024-05-20T03:16:39.946960" elapsed="0.004999"/>
</for>
<status status="PASS" start="2024-05-20T03:16:39.837956" elapsed="0.114146"/>
</kw>
<doc>Testa a estrutura da resposta da API.</doc>
<tag>testeEstruturaResposta</tag>
<status status="PASS" start="2024-05-20T03:16:39.837306" elapsed="0.114951"/>
</test>
<test id="s1-s1-t4" name="Validar tipos de dados" line="28">
<kw name="Teste de Tipos de Dados" owner="random-user-service">
<kw name="GET On Session" owner="RequestsLibrary">
<msg time="2024-05-20T03:16:40.037204" level="INFO">GET Request : url=https://randomuser.me/api 
 path_url=/api 
 headers={'User-Agent': 'python-requests/2.31.0', 'Accept-Encoding': 'gzip, deflate', 'Accept': '*/*', 'Connection': 'keep-alive'} 
 body=None 
 </msg>
<msg time="2024-05-20T03:16:40.037300" level="INFO">GET Response : url=https://randomuser.me/api 
 status=200, reason=OK 
 headers={'Date': 'Mon, 20 May 2024 03:16:40 GMT', 'Content-Type': 'application/json; charset=utf-8', 'Transfer-Encoding': 'chunked', 'Connection': 'keep-alive', 'X-Powered-By': 'Express', 'Access-Control-Allow-Origin': '*', 'Cache-Control': 'no-cache', 'ETag': 'W/"49a-RSJNH/LuJWcnOSrGEEUuXH1orrA"', 'Vary': 'Accept-Encoding', 'Content-Encoding': 'gzip', 'CF-Cache-Status': 'DYNAMIC', 'Report-To': '{"endpoints":[{"url":"https:\\/\\/a.nel.cloudflare.com\\/report\\/v4?s=%2F0%2FzZj6xGUUVArYtGnxGyzi0A9gabaLNmjhWPycEnJ45KdU%2BH4qO0IrFhwJgORXy91GHeoFOsIIGOXKtoXENKYurFzaCglA8vFfYX%2BbWvm%2FVvrymAhpKQLIEA%2FBzhQMB"}],"group":"cf-nel","max_age":604800}', 'NEL': '{"success_fraction":0,"report_to":"cf-nel","max_age":604800}', 'Server': 'cloudflare', 'CF-RAY': '88692b55bb642a78-ORD', 'alt-svc': 'h3=":443"; ma=86400'} 
 body={"results":[{"gender":"female","name":{"title":"Ms","first":"Maria","last":"Vasquez"},"location":{"street":{"number":4793,"name":"Park Lane"},"city":"Leicester","state":"Avon","country":"United Kingdom","postcode":"T98 3BG","coordinates":{"latitude":"-7.5573","longitude":"89.5757"},"timezone":{"offset":"+5:30","description":"Bombay, Calcutta, Madras, New Delhi"}},"email":"maria.vasquez@example.com","login":{"uuid":"aefb7970-fff3-4fde-b805-a19820019f9f","username":"greenostrich186","password":"1944","salt":"99m9140H","md5":"25c3ae3c3822fd7039312652f5a2115a","sha1":"4649de79df9a638babe61f8ea4f088bcce5bcd99","sha256":"756f79bfa92462ae9fb75da44f5b379d4d8e57d3b473f5066c2fa6fd119a63f3"},"dob":{"date":"1977-03-04T20:25:43.027Z","age":47},"registered":{"date":"2012-05-29T05:15:32.341Z","age":11},"phone":"015242 38212","cell":"07830 591708","id":{"name":"NINO","value":"ZP 10 82 45 Z"},"picture":{"large":"https://randomuser.me/api/portraits/women/14.jpg","medium":"https://randomuser.me/api/portraits/med/women/14.jpg","thumbnail":"https://randomuser.me/api/portraits/thumb/women/14.jpg"},"nat":"GB"}],"info":{"seed":"a9d0a780bb4b4827","results":1,"page":1,"version":"1.4"}} 
 </msg>
<msg time="2024-05-20T03:16:40.037367" level="INFO">/opt/hostedtoolcache/Python/3.12.3/x64/lib/python3.12/site-packages/urllib3/connectionpool.py:1103: InsecureRequestWarning: Unverified HTTPS request is being made to host 'randomuser.me'. Adding certificate verification is strongly advised. See: https://urllib3.readthedocs.io/en/latest/advanced-usage.html#tls-warnings
  warnings.warn(</msg>
<msg time="2024-05-20T03:16:40.037482" level="INFO">${response} = &lt;Response [200]&gt;</msg>
<var>${response}</var>
<arg>consultarAPI</arg>
<arg>/api</arg>
<doc>Sends a GET request on a previously created HTTP Session.</doc>
<status status="PASS" start="2024-05-20T03:16:39.954703" elapsed="0.082818"/>
</kw>
<kw name="Set Variable" owner="BuiltIn">
<msg time="2024-05-20T03:16:40.038670" level="INFO">${json_data} = {'results': [{'gender': 'female', 'name': {'title': 'Ms', 'first': 'Maria', 'last': 'Vasquez'}, 'location': {'street': {'number': 4793, 'name': 'Park Lane'}, 'city': 'Leicester', 'state': 'Avon', 'cou...</msg>
<var>${json_data}</var>
<arg>${response.json()}</arg>
<doc>Returns the given values which can then be assigned to a variables.</doc>
<status status="PASS" start="2024-05-20T03:16:40.038045" elapsed="0.000654"/>
</kw>
<kw name="Log" owner="BuiltIn">
<msg time="2024-05-20T03:16:40.039190" level="INFO">{'results': [{'gender': 'female', 'name': {'title': 'Ms', 'first': 'Maria', 'last': 'Vasquez'}, 'location': {'street': {'number': 4793, 'name': 'Park Lane'}, 'city': 'Leicester', 'state': 'Avon', 'country': 'United Kingdom', 'postcode': 'T98 3BG', 'coordinates': {'latitude': '-7.5573', 'longitude': '89.5757'}, 'timezone': {'offset': '+5:30', 'description': 'Bombay, Calcutta, Madras, New Delhi'}}, 'email': 'maria.vasquez@example.com', 'login': {'uuid': 'aefb7970-fff3-4fde-b805-a19820019f9f', 'username': 'greenostrich186', 'password': '1944', 'salt': '99m9140H', 'md5': '25c3ae3c3822fd7039312652f5a2115a', 'sha1': '4649de79df9a638babe61f8ea4f088bcce5bcd99', 'sha256': '756f79bfa92462ae9fb75da44f5b379d4d8e57d3b473f5066c2fa6fd119a63f3'}, 'dob': {'date': '1977-03-04T20:25:43.027Z', 'age': 47}, 'registered': {'date': '2012-05-29T05:15:32.341Z', 'age': 11}, 'phone': '015242 38212', 'cell': '07830 591708', 'id': {'name': 'NINO', 'value': 'ZP 10 82 45 Z'}, 'picture': {'large': 'https://randomuser.me/api/portraits/women/14.jpg', 'medium': 'https://randomuser.me/api/portraits/med/women/14.jpg', 'thumbnail': 'https://randomuser.me/api/portraits/thumb/women/14.jpg'}, 'nat': 'GB'}], 'info': {'seed': 'a9d0a780bb4b4827', 'results': 1, 'page': 1, 'version': '1.4'}}</msg>
<arg>${json_data}</arg>
<doc>Logs the given message with the given level.</doc>
<status status="PASS" start="2024-05-20T03:16:40.039032" elapsed="0.000245"/>
</kw>
<kw name="Should Be String" owner="String">
<arg>${json_data['results'][0]['gender']}</arg>
<doc>Fails if the given ``item`` is not a string.</doc>
<status status="PASS" start="2024-05-20T03:16:40.039579" elapsed="0.000369"/>
</kw>
<kw name="Should Match Regexp" owner="BuiltIn">
<arg>${json_data['results'][0]['email']}</arg>
<arg>^[a-zA-Z0-9._%+-]+@[a-zA-Z0-9.-]+\.[a-zA-Z]{2,}$</arg>
<doc>Fails if ``string`` does not match ``pattern`` as a regular expression.</doc>
<status status="PASS" start="2024-05-20T03:16:40.040146" elapsed="0.000524"/>
</kw>
<kw name="Should Match Regexp" owner="BuiltIn">
<arg>${json_data['results'][0]['dob']['date']}</arg>
<arg>\\d{4}-\\d{2}-\\d{2}T\\d{2}:\\d{2}:\\d{2}\\.\\d{3}Z</arg>
<doc>Fails if ``string`` does not match ``pattern`` as a regular expression.</doc>
<status status="PASS" start="2024-05-20T03:16:40.040867" elapsed="0.000487"/>
</kw>
<kw name="Should Match Regexp" owner="BuiltIn">
<arg>${json_data['results'][0]['registered']['date']}</arg>
<arg>\\d{4}-\\d{2}-\\d{2}T\\d{2}:\\d{2}:\\d{2}\\.\\d{3}Z</arg>
<doc>Fails if ``string`` does not match ``pattern`` as a regular expression.</doc>
<status status="PASS" start="2024-05-20T03:16:40.041548" elapsed="0.000367"/>
</kw>
<kw name="Should Match Regexp" owner="BuiltIn">
<arg>${json_data['results'][0]['picture']['large']}</arg>
<arg>^https?://.*\.(?:png|jpe?g|gif|bmp)$</arg>
<doc>Fails if ``string`` does not match ``pattern`` as a regular expression.</doc>
<status status="PASS" start="2024-05-20T03:16:40.042145" elapsed="0.000468"/>
</kw>
<kw name="Should Match Regexp" owner="BuiltIn">
<arg>${json_data['results'][0]['picture']['medium']}</arg>
<arg>^https?://.*\.(?:png|jpe?g|gif|bmp)$</arg>
<doc>Fails if ``string`` does not match ``pattern`` as a regular expression.</doc>
<status status="PASS" start="2024-05-20T03:16:40.042804" elapsed="0.000356"/>
</kw>
<kw name="Should Match Regexp" owner="BuiltIn">
<arg>${json_data['results'][0]['picture']['thumbnail']}</arg>
<arg>^https?://.*\.(?:png|jpe?g|gif|bmp)$</arg>
<doc>Fails if ``string`` does not match ``pattern`` as a regular expression.</doc>
<status status="PASS" start="2024-05-20T03:16:40.043352" elapsed="0.000348"/>
</kw>
<kw name="Log" owner="BuiltIn">
<msg time="2024-05-20T03:16:40.044205" level="INFO">{'large': 'https://randomuser.me/api/portraits/women/14.jpg', 'medium': 'https://randomuser.me/api/portraits/med/women/14.jpg', 'thumbnail': 'https://randomuser.me/api/portraits/thumb/women/14.jpg'}</msg>
<arg>${json_data['results'][0]['picture']}</arg>
<doc>Logs the given message with the given level.</doc>
<status status="PASS" start="2024-05-20T03:16:40.043884" elapsed="0.000363"/>
</kw>
<status status="PASS" start="2024-05-20T03:16:39.954478" elapsed="0.090035"/>
</kw>
<kw name="Teste de Tipos de Dados - Postcode" owner="random-user-service">
<kw name="GET On Session" owner="RequestsLibrary">
<msg time="2024-05-20T03:16:40.138872" level="INFO">GET Request : url=https://randomuser.me/api 
 path_url=/api 
 headers={'User-Agent': 'python-requests/2.31.0', 'Accept-Encoding': 'gzip, deflate', 'Accept': '*/*', 'Connection': 'keep-alive'} 
 body=None 
 </msg>
<msg time="2024-05-20T03:16:40.138971" level="INFO">GET Response : url=https://randomuser.me/api 
 status=200, reason=OK 
 headers={'Date': 'Mon, 20 May 2024 03:16:40 GMT', 'Content-Type': 'application/json; charset=utf-8', 'Transfer-Encoding': 'chunked', 'Connection': 'keep-alive', 'X-Powered-By': 'Express', 'Access-Control-Allow-Origin': '*', 'Cache-Control': 'no-cache', 'ETag': 'W/"48d-oksc3rTibyYYNdZr8FOgZgpNVVY"', 'Vary': 'Accept-Encoding', 'Content-Encoding': 'gzip', 'CF-Cache-Status': 'DYNAMIC', 'Report-To': '{"endpoints":[{"url":"https:\\/\\/a.nel.cloudflare.com\\/report\\/v4?s=w%2BDzyZz90u%2BDbmnDwIZUBlq%2B3cEiVZxV5MKaFKgpwZHqPw6Hqr%2BItxyHibfyxRkfByxlKgT18sOJOgwb8P6s%2F6CrwrVWtN9KBTv4qrBvm2Nkqy4YopxFLSKySiFhLiRO"}],"group":"cf-nel","max_age":604800}', 'NEL': '{"success_fraction":0,"report_to":"cf-nel","max_age":604800}', 'Server': 'cloudflare', 'CF-RAY': '88692b564bf32a78-ORD', 'alt-svc': 'h3=":443"; ma=86400'} 
 body={"results":[{"gender":"female","name":{"title":"Madame","first":"Kelly","last":"Dufour"},"location":{"street":{"number":2787,"name":"Rue de L'Abbé-Migne"},"city":"Zell (Lu)","state":"Genève","country":"Switzerland","postcode":7610,"coordinates":{"latitude":"-61.5816","longitude":"24.9107"},"timezone":{"offset":"-10:00","description":"Hawaii"}},"email":"kelly.dufour@example.com","login":{"uuid":"836149f4-a8c9-4511-b352-b6e0f9bee4a4","username":"bluepeacock443","password":"frankie","salt":"IXKwef7n","md5":"02a765b071160bb0b415be47787a6ea0","sha1":"74bd8d8b30a61057c71486d5a9cfa18c120aa075","sha256":"661cf89021dd6b57c85c6b2a497a6d31c8608760bd1323daa8e418e72f6b98df"},"dob":{"date":"1996-12-25T11:39:29.401Z","age":27},"registered":{"date":"2003-05-23T05:30:04.591Z","age":20},"phone":"079 826 25 56","cell":"077 495 84 19","id":{"name":"AVS","value":"756.8167.5919.38"},"picture":{"large":"https://randomuser.me/api/portraits/women/96.jpg","medium":"https://randomuser.me/api/portraits/med/women/96.jpg","thumbnail":"https://randomuser.me/api/portraits/thumb/women/96.jpg"},"nat":"CH"}],"info":{"seed":"5f56fff4fe551761","results":1,"page":1,"version":"1.4"}} 
 </msg>
<msg time="2024-05-20T03:16:40.139042" level="INFO">/opt/hostedtoolcache/Python/3.12.3/x64/lib/python3.12/site-packages/urllib3/connectionpool.py:1103: InsecureRequestWarning: Unverified HTTPS request is being made to host 'randomuser.me'. Adding certificate verification is strongly advised. See: https://urllib3.readthedocs.io/en/latest/advanced-usage.html#tls-warnings
  warnings.warn(</msg>
<msg time="2024-05-20T03:16:40.139176" level="INFO">${response} = &lt;Response [200]&gt;</msg>
<var>${response}</var>
<arg>consultarAPI</arg>
<arg>/api</arg>
<doc>Sends a GET request on a previously created HTTP Session.</doc>
<status status="PASS" start="2024-05-20T03:16:40.044980" elapsed="0.094234"/>
</kw>
<kw name="Set Variable" owner="BuiltIn">
<msg time="2024-05-20T03:16:40.140362" level="INFO">${json_data} = {'results': [{'gender': 'female', 'name': {'title': 'Madame', 'first': 'Kelly', 'last': 'Dufour'}, 'location': {'street': {'number': 2787, 'name': "Rue de L'Abbé-Migne"}, 'city': 'Zell (Lu)', 'state':...</msg>
<var>${json_data}</var>
<arg>${response.json()}</arg>
<doc>Returns the given values which can then be assigned to a variables.</doc>
<status status="PASS" start="2024-05-20T03:16:40.139817" elapsed="0.000575"/>
</kw>
<kw name="Log" owner="BuiltIn">
<msg time="2024-05-20T03:16:40.140866" level="INFO">{'results': [{'gender': 'female', 'name': {'title': 'Madame', 'first': 'Kelly', 'last': 'Dufour'}, 'location': {'street': {'number': 2787, 'name': "Rue de L'Abbé-Migne"}, 'city': 'Zell (Lu)', 'state': 'Genève', 'country': 'Switzerland', 'postcode': 7610, 'coordinates': {'latitude': '-61.5816', 'longitude': '24.9107'}, 'timezone': {'offset': '-10:00', 'description': 'Hawaii'}}, 'email': 'kelly.dufour@example.com', 'login': {'uuid': '836149f4-a8c9-4511-b352-b6e0f9bee4a4', 'username': 'bluepeacock443', 'password': 'frankie', 'salt': 'IXKwef7n', 'md5': '02a765b071160bb0b415be47787a6ea0', 'sha1': '74bd8d8b30a61057c71486d5a9cfa18c120aa075', 'sha256': '661cf89021dd6b57c85c6b2a497a6d31c8608760bd1323daa8e418e72f6b98df'}, 'dob': {'date': '1996-12-25T11:39:29.401Z', 'age': 27}, 'registered': {'date': '2003-05-23T05:30:04.591Z', 'age': 20}, 'phone': '079 826 25 56', 'cell': '077 495 84 19', 'id': {'name': 'AVS', 'value': '756.8167.5919.38'}, 'picture': {'large': 'https://randomuser.me/api/portraits/women/96.jpg', 'medium': 'https://randomuser.me/api/portraits/med/women/96.jpg', 'thumbnail': 'https://randomuser.me/api/portraits/thumb/women/96.jpg'}, 'nat': 'CH'}], 'info': {'seed': '5f56fff4fe551761', 'results': 1, 'page': 1, 'version': '1.4'}}</msg>
<arg>${json_data}</arg>
<doc>Logs the given message with the given level.</doc>
<status status="PASS" start="2024-05-20T03:16:40.140708" elapsed="0.000252"/>
</kw>
<kw name="Should Be Equal As Numbers" owner="BuiltIn">
<arg>${json_data['results'][0]['location']['postcode']}</arg>
<arg>${json_data['results'][0]['location']['postcode']}</arg>
<doc>Fails if objects are unequal after converting them to real numbers.</doc>
<status status="PASS" start="2024-05-20T03:16:40.141450" elapsed="0.000658"/>
</kw>
<kw name="Log" owner="BuiltIn">
<msg time="2024-05-20T03:16:40.142643" level="INFO">7610</msg>
<arg>${json_data['results'][0]['location']['postcode']}</arg>
<doc>Logs the given message with the given level.</doc>
<status status="PASS" start="2024-05-20T03:16:40.142308" elapsed="0.000375"/>
</kw>
<status status="PASS" start="2024-05-20T03:16:40.044749" elapsed="0.098189"/>
</kw>
<doc>Testa se os tipos de dados na resposta da API estão corretos.</doc>
<tag>testeTiposDados</tag>
<status status="PASS" start="2024-05-20T03:16:39.953991" elapsed="0.189121"/>
</test>
<test id="s1-s1-t5" name="Validar conteudo" line="35">
<kw name="Teste de Tipos de Conteudo" owner="random-user-service">
<kw name="GET On Session" owner="RequestsLibrary">
<msg time="2024-05-20T03:16:40.234192" level="INFO">GET Request : url=https://randomuser.me/api 
 path_url=/api 
 headers={'User-Agent': 'python-requests/2.31.0', 'Accept-Encoding': 'gzip, deflate', 'Accept': '*/*', 'Connection': 'keep-alive'} 
 body=None 
 </msg>
<msg time="2024-05-20T03:16:40.234292" level="INFO">GET Response : url=https://randomuser.me/api 
 status=200, reason=OK 
 headers={'Date': 'Mon, 20 May 2024 03:16:40 GMT', 'Content-Type': 'application/json; charset=utf-8', 'Transfer-Encoding': 'chunked', 'Connection': 'keep-alive', 'X-Powered-By': 'Express', 'Access-Control-Allow-Origin': '*', 'Cache-Control': 'no-cache', 'ETag': 'W/"4a0-qlQEAV49N4SMfiPUDV8nw4wmtmY"', 'Vary': 'Accept-Encoding', 'Content-Encoding': 'gzip', 'CF-Cache-Status': 'DYNAMIC', 'Report-To': '{"endpoints":[{"url":"https:\\/\\/a.nel.cloudflare.com\\/report\\/v4?s=ZiVr6xwpdnsFwN2SLnOHJuA%2FoVGF3ME1OJFVWm3ffhbA1tmSFO4DaL5vauUpvnHibSpHYPzjgwkB3X4satGvzG%2BtgKEfMUFLYzXPet29Tr%2FU1EYNlSnapWO9I0F8pXU0"}],"group":"cf-nel","max_age":604800}', 'NEL': '{"success_fraction":0,"report_to":"cf-nel","max_age":604800}', 'Server': 'cloudflare', 'CF-RAY': '88692b56ec672a78-ORD', 'alt-svc': 'h3=":443"; ma=86400'} 
 body={"results":[{"gender":"female","name":{"title":"Miss","first":"Makivka","last":"Mikolaienko"},"location":{"street":{"number":583,"name":"Guchniy provulok"},"city":"Irmino","state":"Kirovogradska","country":"Ukraine","postcode":70438,"coordinates":{"latitude":"73.8332","longitude":"100.9980"},"timezone":{"offset":"+10:00","description":"Eastern Australia, Guam, Vladivostok"}},"email":"makivka.mikolaienko@example.com","login":{"uuid":"790e0457-a9e2-4cb2-b668-afce7a0b1659","username":"lazymouse997","password":"hillary","salt":"J6kYUhCA","md5":"79e6628fe862bcabc4c0ff0a42e8f19e","sha1":"0e6c3466b85a6ad0438bb3a32ef9eb6d16a51d9d","sha256":"dd69f726b2ce00717fcdfcdb10e960d0e33594042d5feed597e50f43db35c17b"},"dob":{"date":"1989-03-18T13:37:09.586Z","age":35},"registered":{"date":"2020-08-29T09:00:23.208Z","age":3},"phone":"(097) A70-3357","cell":"(099) M31-8630","id":{"name":"","value":null},"picture":{"large":"https://randomuser.me/api/portraits/women/46.jpg","medium":"https://randomuser.me/api/portraits/med/women/46.jpg","thumbnail":"https://randomuser.me/api/portraits/thumb/women/46.jpg"},"nat":"UA"}],"info":{"seed":"f61655de9de004bb","results":1,"page":1,"version":"1.4"}} 
 </msg>
<msg time="2024-05-20T03:16:40.234368" level="INFO">/opt/hostedtoolcache/Python/3.12.3/x64/lib/python3.12/site-packages/urllib3/connectionpool.py:1103: InsecureRequestWarning: Unverified HTTPS request is being made to host 'randomuser.me'. Adding certificate verification is strongly advised. See: https://urllib3.readthedocs.io/en/latest/advanced-usage.html#tls-warnings
  warnings.warn(</msg>
<msg time="2024-05-20T03:16:40.234494" level="INFO">${response} = &lt;Response [200]&gt;</msg>
<var>${response}</var>
<arg>consultarAPI</arg>
<arg>/api</arg>
<doc>Sends a GET request on a previously created HTTP Session.</doc>
<status status="PASS" start="2024-05-20T03:16:40.145605" elapsed="0.088930"/>
</kw>
<kw name="Set Variable" owner="BuiltIn">
<msg time="2024-05-20T03:16:40.235631" level="INFO">${json_data} = {'results': [{'gender': 'female', 'name': {'title': 'Miss', 'first': 'Makivka', 'last': 'Mikolaienko'}, 'location': {'street': {'number': 583, 'name': 'Guchniy provulok'}, 'city': 'Irmino', 'state': '...</msg>
<var>${json_data}</var>
<arg>${response.json()}</arg>
<doc>Returns the given values which can then be assigned to a variables.</doc>
<status status="PASS" start="2024-05-20T03:16:40.235095" elapsed="0.000565"/>
</kw>
<kw name="Set Variable" owner="BuiltIn">
<msg time="2024-05-20T03:16:40.236347" level="INFO">${name_title} = Miss</msg>
<var>${name_title}</var>
<arg>${json_data["results"][0]["name"]["title"]}</arg>
<doc>Returns the given values which can then be assigned to a variables.</doc>
<status status="PASS" start="2024-05-20T03:16:40.235967" elapsed="0.000405"/>
</kw>
<kw name="Create List" owner="BuiltIn">
<msg time="2024-05-20T03:16:40.236828" level="INFO">${allowed_titles} = ['Mr', 'Ms', 'Miss', 'Mrs', 'Madame', 'Monsieur']</msg>
<var>${allowed_titles}</var>
<arg>Mr</arg>
<arg>Ms</arg>
<arg>Miss</arg>
<arg>Mrs</arg>
<arg>Madame</arg>
<arg>Monsieur</arg>
<doc>Returns a list containing given items.</doc>
<status status="PASS" start="2024-05-20T03:16:40.236679" elapsed="0.000173"/>
</kw>
<kw name="List Should Contain Value" owner="Collections">
<msg time="2024-05-20T03:16:40.237334" level="INFO">False</msg>
<arg>${allowed_titles}</arg>
<arg>${name_title}</arg>
<doc>Fails if the ``value`` is not found from ``list``.</doc>
<status status="PASS" start="2024-05-20T03:16:40.237158" elapsed="0.000212"/>
</kw>
<kw name="Set Variable" owner="BuiltIn">
<msg time="2024-05-20T03:16:40.238048" level="INFO">${name_country} = UA</msg>
<var>${name_country}</var>
<arg>${json_data["results"][0]["nat"]}</arg>
<doc>Returns the given values which can then be assigned to a variables.</doc>
<status status="PASS" start="2024-05-20T03:16:40.237671" elapsed="0.000432"/>
</kw>
<kw name="Create List" owner="BuiltIn">
<msg time="2024-05-20T03:16:40.239041" level="INFO">${list_country} = ['AD', 'AE', 'AF', 'AG', 'AI', 'AL', 'AM', 'AO', 'AQ', 'AR', 'AS', 'AT', 'AU', 'AW', 'AX', 'AZ', 'BA', 'BB', 'BD', 'BE', 'BF', 'BG', 'BH', 'BI', 'BJ', 'BL', 'BM', 'BN', 'BO', 'BQ', 'BR', 'BS', 'BT', '...</msg>
<var>${list_country}</var>
<arg>AD</arg>
<arg>AE</arg>
<arg>AF</arg>
<arg>AG</arg>
<arg>AI</arg>
<arg>AL</arg>
<arg>AM</arg>
<arg>AO</arg>
<arg>AQ</arg>
<arg>AR</arg>
<arg>AS</arg>
<arg>AT</arg>
<arg>AU</arg>
<arg>AW</arg>
<arg>AX</arg>
<arg>AZ</arg>
<arg>BA</arg>
<arg>BB</arg>
<arg>BD</arg>
<arg>BE</arg>
<arg>BF</arg>
<arg>BG</arg>
<arg>BH</arg>
<arg>BI</arg>
<arg>BJ</arg>
<arg>BL</arg>
<arg>BM</arg>
<arg>BN</arg>
<arg>BO</arg>
<arg>BQ</arg>
<arg>BR</arg>
<arg>BS</arg>
<arg>BT</arg>
<arg>BV</arg>
<arg>BW</arg>
<arg>BY</arg>
<arg>BZ</arg>
<arg>CA</arg>
<arg>CC</arg>
<arg>CD</arg>
<arg>CF</arg>
<arg>CG</arg>
<arg>CH</arg>
<arg>CI</arg>
<arg>CK</arg>
<arg>CL</arg>
<arg>CM</arg>
<arg>CN</arg>
<arg>CO</arg>
<arg>CR</arg>
<arg>CU</arg>
<arg>CV</arg>
<arg>CW</arg>
<arg>CX</arg>
<arg>CY</arg>
<arg>CZ</arg>
<arg>DE</arg>
<arg>DJ</arg>
<arg>DK</arg>
<arg>DM</arg>
<arg>DO</arg>
<arg>DZ</arg>
<arg>EC</arg>
<arg>EE</arg>
<arg>EG</arg>
<arg>EH</arg>
<arg>ER</arg>
<arg>ES</arg>
<arg>ET</arg>
<arg>FI</arg>
<arg>FJ</arg>
<arg>FK</arg>
<arg>FM</arg>
<arg>FO</arg>
<arg>FR</arg>
<arg>GA</arg>
<arg>GB</arg>
<arg>GD</arg>
<arg>GE</arg>
<arg>GF</arg>
<arg>GG</arg>
<arg>GH</arg>
<arg>GI</arg>
<arg>GL</arg>
<arg>GM</arg>
<arg>GN</arg>
<arg>GP</arg>
<arg>GQ</arg>
<arg>GR</arg>
<arg>GS</arg>
<arg>GT</arg>
<arg>GU</arg>
<arg>GW</arg>
<arg>GY</arg>
<arg>HK</arg>
<arg>HM</arg>
<arg>HN</arg>
<arg>HR</arg>
<arg>HT</arg>
<arg>HU</arg>
<arg>ID</arg>
<arg>IE</arg>
<arg>IL</arg>
<arg>IM</arg>
<arg>IN</arg>
<arg>IO</arg>
<arg>IQ</arg>
<arg>IR</arg>
<arg>IS</arg>
<arg>IT</arg>
<arg>JE</arg>
<arg>JM</arg>
<arg>JO</arg>
<arg>JP</arg>
<arg>KE</arg>
<arg>KG</arg>
<arg>KH</arg>
<arg>KI</arg>
<arg>KM</arg>
<arg>KN</arg>
<arg>KP</arg>
<arg>KR</arg>
<arg>KW</arg>
<arg>KY</arg>
<arg>KZ</arg>
<arg>LA</arg>
<arg>LB</arg>
<arg>LC</arg>
<arg>LI</arg>
<arg>LK</arg>
<arg>LR</arg>
<arg>LS</arg>
<arg>LT</arg>
<arg>LU</arg>
<arg>LV</arg>
<arg>LY</arg>
<arg>MA</arg>
<arg>MC</arg>
<arg>MD</arg>
<arg>ME</arg>
<arg>MF</arg>
<arg>MG</arg>
<arg>MH</arg>
<arg>MK</arg>
<arg>ML</arg>
<arg>MM</arg>
<arg>MN</arg>
<arg>MO</arg>
<arg>MP</arg>
<arg>MQ</arg>
<arg>MR</arg>
<arg>MS</arg>
<arg>MT</arg>
<arg>MU</arg>
<arg>MV</arg>
<arg>MW</arg>
<arg>MX</arg>
<arg>MY</arg>
<arg>MZ</arg>
<arg>NA</arg>
<arg>NC</arg>
<arg>NE</arg>
<arg>NF</arg>
<arg>NG</arg>
<arg>NI</arg>
<arg>NL</arg>
<arg>NO</arg>
<arg>NP</arg>
<arg>NR</arg>
<arg>NU</arg>
<arg>NZ</arg>
<arg>OM</arg>
<arg>PA</arg>
<arg>PE</arg>
<arg>PF</arg>
<arg>PG</arg>
<arg>PH</arg>
<arg>PK</arg>
<arg>PL</arg>
<arg>PM</arg>
<arg>PN</arg>
<arg>PR</arg>
<arg>PS</arg>
<arg>PT</arg>
<arg>PW</arg>
<arg>PY</arg>
<arg>QA</arg>
<arg>RE</arg>
<arg>RO</arg>
<arg>RS</arg>
<arg>RU</arg>
<arg>RW</arg>
<arg>SA</arg>
<arg>SB</arg>
<arg>SC</arg>
<arg>SD</arg>
<arg>SE</arg>
<arg>SG</arg>
<arg>SH</arg>
<arg>SI</arg>
<arg>SJ</arg>
<arg>SK</arg>
<arg>SL</arg>
<arg>SM</arg>
<arg>SN</arg>
<arg>SO</arg>
<arg>SR</arg>
<arg>SS</arg>
<arg>ST</arg>
<arg>SV</arg>
<arg>SX</arg>
<arg>SY</arg>
<arg>SZ</arg>
<arg>TC</arg>
<arg>TD</arg>
<arg>TF</arg>
<arg>TG</arg>
<arg>TH</arg>
<arg>TJ</arg>
<arg>TK</arg>
<arg>TL</arg>
<arg>TM</arg>
<arg>TN</arg>
<arg>TO</arg>
<arg>TR</arg>
<arg>TT</arg>
<arg>TV</arg>
<arg>TW</arg>
<arg>TZ</arg>
<arg>UA</arg>
<arg>UG</arg>
<arg>UM</arg>
<arg>US</arg>
<arg>UY</arg>
<arg>UZ</arg>
<arg>VA</arg>
<arg>VC</arg>
<arg>VE</arg>
<arg>VG</arg>
<arg>VI</arg>
<arg>VN</arg>
<arg>VU</arg>
<arg>WF</arg>
<arg>WS</arg>
<arg>XK</arg>
<arg>YE</arg>
<arg>YT</arg>
<arg>ZA</arg>
<arg>ZM</arg>
<arg>ZW</arg>
<doc>Returns a list containing given items.</doc>
<status status="PASS" start="2024-05-20T03:16:40.238429" elapsed="0.000638"/>
</kw>
<kw name="List Should Contain Value" owner="Collections">
<msg time="2024-05-20T03:16:40.240071" level="INFO">False</msg>
<arg>${list_country}</arg>
<arg>${name_country}</arg>
<doc>Fails if the ``value`` is not found from ``list``.</doc>
<status status="PASS" start="2024-05-20T03:16:40.239870" elapsed="0.000236"/>
</kw>
<kw name="Run Keyword If" owner="BuiltIn">
<kw name="Should Be True" owner="BuiltIn">
<arg>${True}</arg>
<doc>Fails if the given condition is not true.</doc>
<status status="PASS" start="2024-05-20T03:16:40.241159" elapsed="0.000249"/>
</kw>
<arg>${json_data["results"][0]["location"]["coordinates"]["latitude"]} &gt;= -90 and ${json_data["results"][0]["location"]["coordinates"]["latitude"]} &lt;= 90</arg>
<arg>Should Be True</arg>
<arg>${True}</arg>
<doc>Runs the given keyword with the given arguments, if ``condition`` is true.</doc>
<status status="PASS" start="2024-05-20T03:16:40.240415" elapsed="0.001122"/>
</kw>
<kw name="Run Keyword If" owner="BuiltIn">
<kw name="Should Be True" owner="BuiltIn">
<arg>${True}</arg>
<doc>Fails if the given condition is not true.</doc>
<status status="PASS" start="2024-05-20T03:16:40.242456" elapsed="0.000142"/>
</kw>
<arg>${json_data["results"][0]["location"]["coordinates"]["longitude"]} &gt;= -180 and ${json_data["results"][0]["location"]["coordinates"]["longitude"]} &lt;= 180</arg>
<arg>Should Be True</arg>
<arg>${True}</arg>
<doc>Runs the given keyword with the given arguments, if ``condition`` is true.</doc>
<status status="PASS" start="2024-05-20T03:16:40.241723" elapsed="0.001000"/>
</kw>
<status status="PASS" start="2024-05-20T03:16:40.145378" elapsed="0.097474"/>
</kw>
<doc>Testa o conteúdo específico dos campos retornados pela API.</doc>
<tag>testeConteudo</tag>
<status status="PASS" start="2024-05-20T03:16:40.144858" elapsed="0.098142"/>
</test>
<status status="PASS" start="2024-05-20T03:16:39.296946" elapsed="0.948008"/>
</suite>
<status status="PASS" start="2024-05-20T03:16:39.283010" elapsed="0.967221"/>
</suite>
<statistics>
<total>
<stat pass="5" fail="0" skip="0">All Tests</stat>
</total>
<tag>
<stat pass="1" fail="0" skip="0">testeConteudo</stat>
<stat pass="1" fail="0" skip="0">testeEstruturaResposta</stat>
<stat pass="1" fail="0" skip="0">testeRequisicaoBasica</stat>
<stat pass="1" fail="0" skip="0">testeTiposDados</stat>
</tag>
<suite>
<stat pass="5" fail="0" skip="0" id="s1" name="Tests">Tests</stat>
<stat pass="5" fail="0" skip="0" id="s1-s1" name="Random-User-Test">Tests.Random-User-Test</stat>
</suite>
</statistics>
<errors>
</errors>
</robot>
