<?xml version="1.0" encoding="UTF-8"?>
<robot generator="Robot 7.0.1 (Python 3.12.4 on linux)" generated="2024-07-02T09:16:02.387097" rpa="false" schemaversion="5">
<suite id="s1" name="Tests" source="/home/runner/work/ApiRandomUser/ApiRandomUser/RamdonUser/tests">
<suite id="s1-s1" name="Random-User-Test" source="/home/runner/work/ApiRandomUser/ApiRandomUser/RamdonUser/tests/random-user-test.robot">
<test id="s1-s1-t1" name="Conectar" line="13">
<kw name="Conectar API" owner="random-user-service">
<kw name="Create Session" owner="RequestsLibrary">
<msg time="2024-07-02T09:16:02.792435" level="INFO">Creating Session using : alias=consultarAPI, url=https://randomuser.me/, headers={},                     cookies={}, auth=None, timeout=None, proxies=None, verify=False,                     debug=0 </msg>
<arg>consultarAPI</arg>
<arg>${URL}</arg>
<doc>Create Session: create a HTTP session to a server</doc>
<status status="PASS" start="2024-07-02T09:16:02.792222" elapsed="0.000390"/>
</kw>
<status status="PASS" start="2024-07-02T09:16:02.791201" elapsed="0.001773"/>
</kw>
<status status="PASS" start="2024-07-02T09:16:02.790562" elapsed="0.002604"/>
</test>
<test id="s1-s1-t2" name="Validar retorno 200 e JSON Válido" line="16">
<kw name="Teste de Requisicao Basica" owner="random-user-service">
<kw name="GET On Session" owner="RequestsLibrary">
<msg time="2024-07-02T09:16:03.044272" level="INFO">GET Request : url=https://randomuser.me/api 
 path_url=/api 
 headers={'User-Agent': 'python-requests/2.32.3', 'Accept-Encoding': 'gzip, deflate', 'Accept': '*/*', 'Connection': 'keep-alive'} 
 body=None 
 </msg>
<msg time="2024-07-02T09:16:03.044485" level="INFO">GET Response : url=https://randomuser.me/api 
 status=200, reason=OK 
 headers={'Date': 'Tue, 02 Jul 2024 09:16:03 GMT', 'Content-Type': 'application/json; charset=utf-8', 'Transfer-Encoding': 'chunked', 'Connection': 'keep-alive', 'X-Powered-By': 'Express', 'Access-Control-Allow-Origin': '*', 'Cache-Control': 'no-cache', 'ETag': 'W/"477-1GRbRdHH3TzX9nMzZqkVO2Frens"', 'Vary': 'Accept-Encoding', 'Content-Encoding': 'gzip', 'CF-Cache-Status': 'DYNAMIC', 'Report-To': '{"endpoints":[{"url":"https:\\/\\/a.nel.cloudflare.com\\/report\\/v4?s=9WmsoYPE5q%2FXiugcVO0vb%2Fp0IUb2EdcXzTNvaSpptRxyLdPDC13N%2BOBuxAfu9yaSslUnDjlU%2F5JRFnkRKHvmo2JF2rHVlSSmVa6DAvor5TVUSaEBMXhqtJboD%2Btjdv01"}],"group":"cf-nel","max_age":604800}', 'NEL': '{"success_fraction":0,"report_to":"cf-nel","max_age":604800}', 'Server': 'cloudflare', 'CF-RAY': '89cd88e5cad12ebb-LAX', 'alt-svc': 'h3=":443"; ma=86400'} 
 body={"results":[{"gender":"male","name":{"title":"Mr","first":"Todd","last":"Evans"},"location":{"street":{"number":7879,"name":"Church Street"},"city":"Lusk","state":"Cavan","country":"Ireland","postcode":94543,"coordinates":{"latitude":"-1.2685","longitude":"-162.3811"},"timezone":{"offset":"+4:00","description":"Abu Dhabi, Muscat, Baku, Tbilisi"}},"email":"todd.evans@example.com","login":{"uuid":"e3ac190f-078e-44c2-aeac-f6411a6a62bb","username":"redpeacock973","password":"turnip","salt":"dEF6rVlP","md5":"7eeee8781b6dfb795ac8f1ed0023ca3e","sha1":"34f5abbb70f2a977c62c4c789b1bcc8ce3567678","sha256":"47fddbdd4167ebf4fe5a474c937ae89970704fa613e884b5cef4b096f1bd707a"},"dob":{"date":"1968-06-25T05:24:56.052Z","age":56},"registered":{"date":"2008-01-06T17:41:37.091Z","age":16},"phone":"011-646-4177","cell":"081-865-7742","id":{"name":"PPS","value":"4873921T"},"picture":{"large":"https://randomuser.me/api/portraits/men/8.jpg","medium":"https://randomuser.me/api/portraits/med/men/8.jpg","thumbnail":"https://randomuser.me/api/portraits/thumb/men/8.jpg"},"nat":"IE"}],"info":{"seed":"6d0d17663bbc7b61","results":1,"page":1,"version":"1.4"}} 
 </msg>
<msg time="2024-07-02T09:16:03.044621" level="INFO">/opt/hostedtoolcache/Python/3.12.4/x64/lib/python3.12/site-packages/urllib3/connectionpool.py:1099: InsecureRequestWarning: Unverified HTTPS request is being made to host 'randomuser.me'. Adding certificate verification is strongly advised. See: https://urllib3.readthedocs.io/en/latest/advanced-usage.html#tls-warnings
  warnings.warn(</msg>
<msg time="2024-07-02T09:16:03.044944" level="INFO">${response} = &lt;Response [200]&gt;</msg>
<var>${response}</var>
<arg>consultarAPI</arg>
<arg>/api</arg>
<doc>Sends a GET request on a previously created HTTP Session.</doc>
<status status="PASS" start="2024-07-02T09:16:02.795842" elapsed="0.249156"/>
</kw>
<kw name="Should Be Equal As Numbers" owner="BuiltIn">
<msg time="2024-07-02T09:16:03.046455" level="INFO">Argument types are:
&lt;class 'int'&gt;
&lt;class 'str'&gt;</msg>
<arg>${response.status_code}</arg>
<arg>200</arg>
<doc>Fails if objects are unequal after converting them to real numbers.</doc>
<status status="PASS" start="2024-07-02T09:16:03.045721" elapsed="0.000834"/>
</kw>
<kw name="Log" owner="BuiltIn">
<msg time="2024-07-02T09:16:03.047681" level="INFO">200</msg>
<arg>${response.status_code}</arg>
<doc>Logs the given message with the given level.</doc>
<status status="PASS" start="2024-07-02T09:16:03.047040" elapsed="0.000717"/>
</kw>
<kw name="Set Variable" owner="BuiltIn">
<msg time="2024-07-02T09:16:03.048975" level="INFO">${json_data} = {'results': [{'gender': 'male', 'name': {'title': 'Mr', 'first': 'Todd', 'last': 'Evans'}, 'location': {'street': {'number': 7879, 'name': 'Church Street'}, 'city': 'Lusk', 'state': 'Cavan', 'country'...</msg>
<var>${json_data}</var>
<arg>${response.json()}</arg>
<doc>Returns the given values which can then be assigned to a variables.</doc>
<status status="PASS" start="2024-07-02T09:16:03.048255" elapsed="0.000763"/>
</kw>
<kw name="Dictionary Should Contain Key" owner="Collections">
<arg>${json_data}</arg>
<arg>results</arg>
<doc>Fails if ``key`` is not found from ``dictionary``.</doc>
<status status="PASS" start="2024-07-02T09:16:03.049447" elapsed="0.000252"/>
</kw>
<status status="PASS" start="2024-07-02T09:16:02.795590" elapsed="0.254334"/>
</kw>
<doc>Testa se a API responde corretamente e retorna um objeto JSON válido.</doc>
<tag>testeRequisicaoBasica</tag>
<status status="PASS" start="2024-07-02T09:16:02.795009" elapsed="0.255192"/>
</test>
<test id="s1-s1-t3" name="Validar estrutura de resposta" line="22">
<kw name="Teste de Estrutura de Resposta" owner="random-user-service">
<kw name="GET On Session" owner="RequestsLibrary">
<msg time="2024-07-02T09:16:03.250237" level="INFO">GET Request : url=https://randomuser.me/api 
 path_url=/api 
 headers={'User-Agent': 'python-requests/2.32.3', 'Accept-Encoding': 'gzip, deflate', 'Accept': '*/*', 'Connection': 'keep-alive'} 
 body=None 
 </msg>
<msg time="2024-07-02T09:16:03.250359" level="INFO">GET Response : url=https://randomuser.me/api 
 status=200, reason=OK 
 headers={'Date': 'Tue, 02 Jul 2024 09:16:03 GMT', 'Content-Type': 'application/json; charset=utf-8', 'Transfer-Encoding': 'chunked', 'Connection': 'keep-alive', 'X-Powered-By': 'Express', 'Access-Control-Allow-Origin': '*', 'Cache-Control': 'no-cache', 'ETag': 'W/"49c-XlS6VtX+BU2S3OyWOOC4vskVs4A"', 'Vary': 'Accept-Encoding', 'Content-Encoding': 'gzip', 'CF-Cache-Status': 'DYNAMIC', 'Report-To': '{"endpoints":[{"url":"https:\\/\\/a.nel.cloudflare.com\\/report\\/v4?s=8nYeClr0CvKwOOD2mdtKJ8E11ZkM5wn4yW%2B5M76INHWSM2wS2EtzBz%2BTijlHmsGIeJmzsEuotGALZo7ov6FWXas6J2DpBgvSQ59QFKxwhFo%2BFuJnIQ2zjB6AKJebu0xY"}],"group":"cf-nel","max_age":604800}', 'NEL': '{"success_fraction":0,"report_to":"cf-nel","max_age":604800}', 'Server': 'cloudflare', 'CF-RAY': '89cd88e71b782ebb-LAX', 'alt-svc': 'h3=":443"; ma=86400'} 
 body={"results":[{"gender":"male","name":{"title":"Mr","first":"Wyatt","last":"Ryan"},"location":{"street":{"number":4813,"name":"E Center St"},"city":"Pembroke Pines","state":"Pennsylvania","country":"United States","postcode":87941,"coordinates":{"latitude":"87.8236","longitude":"-154.5005"},"timezone":{"offset":"+10:00","description":"Eastern Australia, Guam, Vladivostok"}},"email":"wyatt.ryan@example.com","login":{"uuid":"fcf73abd-c031-405c-9bb1-208b5b5f0045","username":"sadbutterfly215","password":"rated","salt":"VdnedvU2","md5":"891e02394164e396288615e7df0ea919","sha1":"59c1da0087792fa4bf0a4c17d16b918cb9b70e4c","sha256":"bc2e9e3a95e45c6faa95da5845665575296d5803debd91a12b964c63c9147fac"},"dob":{"date":"1947-09-24T17:25:50.396Z","age":76},"registered":{"date":"2012-12-29T18:58:04.408Z","age":11},"phone":"(473) 900-3381","cell":"(710) 782-3907","id":{"name":"SSN","value":"086-37-7000"},"picture":{"large":"https://randomuser.me/api/portraits/men/71.jpg","medium":"https://randomuser.me/api/portraits/med/men/71.jpg","thumbnail":"https://randomuser.me/api/portraits/thumb/men/71.jpg"},"nat":"US"}],"info":{"seed":"7d6dda4fd2e87046","results":1,"page":1,"version":"1.4"}} 
 </msg>
<msg time="2024-07-02T09:16:03.250491" level="INFO">/opt/hostedtoolcache/Python/3.12.4/x64/lib/python3.12/site-packages/urllib3/connectionpool.py:1099: InsecureRequestWarning: Unverified HTTPS request is being made to host 'randomuser.me'. Adding certificate verification is strongly advised. See: https://urllib3.readthedocs.io/en/latest/advanced-usage.html#tls-warnings
  warnings.warn(</msg>
<msg time="2024-07-02T09:16:03.250625" level="INFO">${response} = &lt;Response [200]&gt;</msg>
<var>${response}</var>
<arg>consultarAPI</arg>
<arg>/api</arg>
<doc>Sends a GET request on a previously created HTTP Session.</doc>
<status status="PASS" start="2024-07-02T09:16:03.054607" elapsed="0.196061"/>
</kw>
<kw name="Set Variable" owner="BuiltIn">
<msg time="2024-07-02T09:16:03.251775" level="INFO">${json_data} = {'results': [{'gender': 'male', 'name': {'title': 'Mr', 'first': 'Wyatt', 'last': 'Ryan'}, 'location': {'street': {'number': 4813, 'name': 'E Center St'}, 'city': 'Pembroke Pines', 'state': 'Pennsylva...</msg>
<var>${json_data}</var>
<arg>${response.json()}</arg>
<doc>Returns the given values which can then be assigned to a variables.</doc>
<status status="PASS" start="2024-07-02T09:16:03.251193" elapsed="0.000612"/>
</kw>
<kw name="Log" owner="BuiltIn">
<msg time="2024-07-02T09:16:03.252288" level="INFO">{'results': [{'gender': 'male', 'name': {'title': 'Mr', 'first': 'Wyatt', 'last': 'Ryan'}, 'location': {'street': {'number': 4813, 'name': 'E Center St'}, 'city': 'Pembroke Pines', 'state': 'Pennsylvania', 'country': 'United States', 'postcode': 87941, 'coordinates': {'latitude': '87.8236', 'longitude': '-154.5005'}, 'timezone': {'offset': '+10:00', 'description': 'Eastern Australia, Guam, Vladivostok'}}, 'email': 'wyatt.ryan@example.com', 'login': {'uuid': 'fcf73abd-c031-405c-9bb1-208b5b5f0045', 'username': 'sadbutterfly215', 'password': 'rated', 'salt': 'VdnedvU2', 'md5': '891e02394164e396288615e7df0ea919', 'sha1': '59c1da0087792fa4bf0a4c17d16b918cb9b70e4c', 'sha256': 'bc2e9e3a95e45c6faa95da5845665575296d5803debd91a12b964c63c9147fac'}, 'dob': {'date': '1947-09-24T17:25:50.396Z', 'age': 76}, 'registered': {'date': '2012-12-29T18:58:04.408Z', 'age': 11}, 'phone': '(473) 900-3381', 'cell': '(710) 782-3907', 'id': {'name': 'SSN', 'value': '086-37-7000'}, 'picture': {'large': 'https://randomuser.me/api/portraits/men/71.jpg', 'medium': 'https://randomuser.me/api/portraits/med/men/71.jpg', 'thumbnail': 'https://randomuser.me/api/portraits/thumb/men/71.jpg'}, 'nat': 'US'}], 'info': {'seed': '7d6dda4fd2e87046', 'results': 1, 'page': 1, 'version': '1.4'}}</msg>
<arg>${json_data}</arg>
<doc>Logs the given message with the given level.</doc>
<status status="PASS" start="2024-07-02T09:16:03.252122" elapsed="0.000217"/>
</kw>
<kw name="Dictionary Should Contain Key" owner="Collections">
<arg>${json_data}</arg>
<arg>results</arg>
<doc>Fails if ``key`` is not found from ``dictionary``.</doc>
<status status="PASS" start="2024-07-02T09:16:03.252636" elapsed="0.000178"/>
</kw>
<kw name="Should Not Be Empty" owner="BuiltIn">
<msg time="2024-07-02T09:16:03.253142" level="INFO">Length is 2.</msg>
<arg>${json_data}</arg>
<doc>Verifies that the given item is not empty.</doc>
<status status="PASS" start="2024-07-02T09:16:03.253007" elapsed="0.000175"/>
</kw>
<kw name="Create List" owner="BuiltIn">
<msg time="2024-07-02T09:16:03.253810" level="INFO">${expected_keys} = ['gender', 'name', 'location', 'email', 'login']</msg>
<var>${expected_keys}</var>
<arg>gender</arg>
<arg>name</arg>
<arg>location</arg>
<arg>email</arg>
<arg>login</arg>
<doc>Returns a list containing given items.</doc>
<status status="PASS" start="2024-07-02T09:16:03.253483" elapsed="0.000352"/>
</kw>
<for flavor="IN">
<iter>
<kw name="Dictionary Should Contain Key" owner="Collections">
<arg>${json_data['results'][0]}</arg>
<arg>${key}</arg>
<doc>Fails if ``key`` is not found from ``dictionary``.</doc>
<status status="PASS" start="2024-07-02T09:16:03.254447" elapsed="0.000408"/>
</kw>
<kw name="Log" owner="BuiltIn">
<msg time="2024-07-02T09:16:03.255414" level="INFO">{'gender': 'male', 'name': {'title': 'Mr', 'first': 'Wyatt', 'last': 'Ryan'}, 'location': {'street': {'number': 4813, 'name': 'E Center St'}, 'city': 'Pembroke Pines', 'state': 'Pennsylvania', 'country': 'United States', 'postcode': 87941, 'coordinates': {'latitude': '87.8236', 'longitude': '-154.5005'}, 'timezone': {'offset': '+10:00', 'description': 'Eastern Australia, Guam, Vladivostok'}}, 'email': 'wyatt.ryan@example.com', 'login': {'uuid': 'fcf73abd-c031-405c-9bb1-208b5b5f0045', 'username': 'sadbutterfly215', 'password': 'rated', 'salt': 'VdnedvU2', 'md5': '891e02394164e396288615e7df0ea919', 'sha1': '59c1da0087792fa4bf0a4c17d16b918cb9b70e4c', 'sha256': 'bc2e9e3a95e45c6faa95da5845665575296d5803debd91a12b964c63c9147fac'}, 'dob': {'date': '1947-09-24T17:25:50.396Z', 'age': 76}, 'registered': {'date': '2012-12-29T18:58:04.408Z', 'age': 11}, 'phone': '(473) 900-3381', 'cell': '(710) 782-3907', 'id': {'name': 'SSN', 'value': '086-37-7000'}, 'picture': {'large': 'https://randomuser.me/api/portraits/men/71.jpg', 'medium': 'https://randomuser.me/api/portraits/med/men/71.jpg', 'thumbnail': 'https://randomuser.me/api/portraits/thumb/men/71.jpg'}, 'nat': 'US'}</msg>
<arg>${json_data['results'][0]}</arg>
<doc>Logs the given message with the given level.</doc>
<status status="PASS" start="2024-07-02T09:16:03.255042" elapsed="0.000421"/>
</kw>
<kw name="Log" owner="BuiltIn">
<msg time="2024-07-02T09:16:03.255929" level="INFO">gender</msg>
<arg>${key}</arg>
<doc>Logs the given message with the given level.</doc>
<status status="PASS" start="2024-07-02T09:16:03.255798" elapsed="0.000169"/>
</kw>
<var name="${key}">gender</var>
<status status="PASS" start="2024-07-02T09:16:03.254319" elapsed="0.001871"/>
</iter>
<iter>
<kw name="Dictionary Should Contain Key" owner="Collections">
<arg>${json_data['results'][0]}</arg>
<arg>${key}</arg>
<doc>Fails if ``key`` is not found from ``dictionary``.</doc>
<status status="PASS" start="2024-07-02T09:16:03.256494" elapsed="0.000404"/>
</kw>
<kw name="Log" owner="BuiltIn">
<msg time="2024-07-02T09:16:03.257476" level="INFO">{'gender': 'male', 'name': {'title': 'Mr', 'first': 'Wyatt', 'last': 'Ryan'}, 'location': {'street': {'number': 4813, 'name': 'E Center St'}, 'city': 'Pembroke Pines', 'state': 'Pennsylvania', 'country': 'United States', 'postcode': 87941, 'coordinates': {'latitude': '87.8236', 'longitude': '-154.5005'}, 'timezone': {'offset': '+10:00', 'description': 'Eastern Australia, Guam, Vladivostok'}}, 'email': 'wyatt.ryan@example.com', 'login': {'uuid': 'fcf73abd-c031-405c-9bb1-208b5b5f0045', 'username': 'sadbutterfly215', 'password': 'rated', 'salt': 'VdnedvU2', 'md5': '891e02394164e396288615e7df0ea919', 'sha1': '59c1da0087792fa4bf0a4c17d16b918cb9b70e4c', 'sha256': 'bc2e9e3a95e45c6faa95da5845665575296d5803debd91a12b964c63c9147fac'}, 'dob': {'date': '1947-09-24T17:25:50.396Z', 'age': 76}, 'registered': {'date': '2012-12-29T18:58:04.408Z', 'age': 11}, 'phone': '(473) 900-3381', 'cell': '(710) 782-3907', 'id': {'name': 'SSN', 'value': '086-37-7000'}, 'picture': {'large': 'https://randomuser.me/api/portraits/men/71.jpg', 'medium': 'https://randomuser.me/api/portraits/med/men/71.jpg', 'thumbnail': 'https://randomuser.me/api/portraits/thumb/men/71.jpg'}, 'nat': 'US'}</msg>
<arg>${json_data['results'][0]}</arg>
<doc>Logs the given message with the given level.</doc>
<status status="PASS" start="2024-07-02T09:16:03.257081" elapsed="0.000443"/>
</kw>
<kw name="Log" owner="BuiltIn">
<msg time="2024-07-02T09:16:03.257948" level="INFO">name</msg>
<arg>${key}</arg>
<doc>Logs the given message with the given level.</doc>
<status status="PASS" start="2024-07-02T09:16:03.257819" elapsed="0.000167"/>
</kw>
<var name="${key}">name</var>
<status status="PASS" start="2024-07-02T09:16:03.256380" elapsed="0.001821"/>
</iter>
<iter>
<kw name="Dictionary Should Contain Key" owner="Collections">
<arg>${json_data['results'][0]}</arg>
<arg>${key}</arg>
<doc>Fails if ``key`` is not found from ``dictionary``.</doc>
<status status="PASS" start="2024-07-02T09:16:03.258488" elapsed="0.000384"/>
</kw>
<kw name="Log" owner="BuiltIn">
<msg time="2024-07-02T09:16:03.259404" level="INFO">{'gender': 'male', 'name': {'title': 'Mr', 'first': 'Wyatt', 'last': 'Ryan'}, 'location': {'street': {'number': 4813, 'name': 'E Center St'}, 'city': 'Pembroke Pines', 'state': 'Pennsylvania', 'country': 'United States', 'postcode': 87941, 'coordinates': {'latitude': '87.8236', 'longitude': '-154.5005'}, 'timezone': {'offset': '+10:00', 'description': 'Eastern Australia, Guam, Vladivostok'}}, 'email': 'wyatt.ryan@example.com', 'login': {'uuid': 'fcf73abd-c031-405c-9bb1-208b5b5f0045', 'username': 'sadbutterfly215', 'password': 'rated', 'salt': 'VdnedvU2', 'md5': '891e02394164e396288615e7df0ea919', 'sha1': '59c1da0087792fa4bf0a4c17d16b918cb9b70e4c', 'sha256': 'bc2e9e3a95e45c6faa95da5845665575296d5803debd91a12b964c63c9147fac'}, 'dob': {'date': '1947-09-24T17:25:50.396Z', 'age': 76}, 'registered': {'date': '2012-12-29T18:58:04.408Z', 'age': 11}, 'phone': '(473) 900-3381', 'cell': '(710) 782-3907', 'id': {'name': 'SSN', 'value': '086-37-7000'}, 'picture': {'large': 'https://randomuser.me/api/portraits/men/71.jpg', 'medium': 'https://randomuser.me/api/portraits/med/men/71.jpg', 'thumbnail': 'https://randomuser.me/api/portraits/thumb/men/71.jpg'}, 'nat': 'US'}</msg>
<arg>${json_data['results'][0]}</arg>
<doc>Logs the given message with the given level.</doc>
<status status="PASS" start="2024-07-02T09:16:03.259052" elapsed="0.000398"/>
</kw>
<kw name="Log" owner="BuiltIn">
<msg time="2024-07-02T09:16:03.259908" level="INFO">location</msg>
<arg>${key}</arg>
<doc>Logs the given message with the given level.</doc>
<status status="PASS" start="2024-07-02T09:16:03.259779" elapsed="0.000166"/>
</kw>
<var name="${key}">location</var>
<status status="PASS" start="2024-07-02T09:16:03.258379" elapsed="0.001782"/>
</iter>
<iter>
<kw name="Dictionary Should Contain Key" owner="Collections">
<arg>${json_data['results'][0]}</arg>
<arg>${key}</arg>
<doc>Fails if ``key`` is not found from ``dictionary``.</doc>
<status status="PASS" start="2024-07-02T09:16:03.260447" elapsed="0.000396"/>
</kw>
<kw name="Log" owner="BuiltIn">
<msg time="2024-07-02T09:16:03.261376" level="INFO">{'gender': 'male', 'name': {'title': 'Mr', 'first': 'Wyatt', 'last': 'Ryan'}, 'location': {'street': {'number': 4813, 'name': 'E Center St'}, 'city': 'Pembroke Pines', 'state': 'Pennsylvania', 'country': 'United States', 'postcode': 87941, 'coordinates': {'latitude': '87.8236', 'longitude': '-154.5005'}, 'timezone': {'offset': '+10:00', 'description': 'Eastern Australia, Guam, Vladivostok'}}, 'email': 'wyatt.ryan@example.com', 'login': {'uuid': 'fcf73abd-c031-405c-9bb1-208b5b5f0045', 'username': 'sadbutterfly215', 'password': 'rated', 'salt': 'VdnedvU2', 'md5': '891e02394164e396288615e7df0ea919', 'sha1': '59c1da0087792fa4bf0a4c17d16b918cb9b70e4c', 'sha256': 'bc2e9e3a95e45c6faa95da5845665575296d5803debd91a12b964c63c9147fac'}, 'dob': {'date': '1947-09-24T17:25:50.396Z', 'age': 76}, 'registered': {'date': '2012-12-29T18:58:04.408Z', 'age': 11}, 'phone': '(473) 900-3381', 'cell': '(710) 782-3907', 'id': {'name': 'SSN', 'value': '086-37-7000'}, 'picture': {'large': 'https://randomuser.me/api/portraits/men/71.jpg', 'medium': 'https://randomuser.me/api/portraits/med/men/71.jpg', 'thumbnail': 'https://randomuser.me/api/portraits/thumb/men/71.jpg'}, 'nat': 'US'}</msg>
<arg>${json_data['results'][0]}</arg>
<doc>Logs the given message with the given level.</doc>
<status status="PASS" start="2024-07-02T09:16:03.261025" elapsed="0.000399"/>
</kw>
<kw name="Log" owner="BuiltIn">
<msg time="2024-07-02T09:16:03.261852" level="INFO">email</msg>
<arg>${key}</arg>
<doc>Logs the given message with the given level.</doc>
<status status="PASS" start="2024-07-02T09:16:03.261724" elapsed="0.000167"/>
</kw>
<var name="${key}">email</var>
<status status="PASS" start="2024-07-02T09:16:03.260338" elapsed="0.001774"/>
</iter>
<iter>
<kw name="Dictionary Should Contain Key" owner="Collections">
<arg>${json_data['results'][0]}</arg>
<arg>${key}</arg>
<doc>Fails if ``key`` is not found from ``dictionary``.</doc>
<status status="PASS" start="2024-07-02T09:16:03.262412" elapsed="0.000404"/>
</kw>
<kw name="Log" owner="BuiltIn">
<msg time="2024-07-02T09:16:03.263348" level="INFO">{'gender': 'male', 'name': {'title': 'Mr', 'first': 'Wyatt', 'last': 'Ryan'}, 'location': {'street': {'number': 4813, 'name': 'E Center St'}, 'city': 'Pembroke Pines', 'state': 'Pennsylvania', 'country': 'United States', 'postcode': 87941, 'coordinates': {'latitude': '87.8236', 'longitude': '-154.5005'}, 'timezone': {'offset': '+10:00', 'description': 'Eastern Australia, Guam, Vladivostok'}}, 'email': 'wyatt.ryan@example.com', 'login': {'uuid': 'fcf73abd-c031-405c-9bb1-208b5b5f0045', 'username': 'sadbutterfly215', 'password': 'rated', 'salt': 'VdnedvU2', 'md5': '891e02394164e396288615e7df0ea919', 'sha1': '59c1da0087792fa4bf0a4c17d16b918cb9b70e4c', 'sha256': 'bc2e9e3a95e45c6faa95da5845665575296d5803debd91a12b964c63c9147fac'}, 'dob': {'date': '1947-09-24T17:25:50.396Z', 'age': 76}, 'registered': {'date': '2012-12-29T18:58:04.408Z', 'age': 11}, 'phone': '(473) 900-3381', 'cell': '(710) 782-3907', 'id': {'name': 'SSN', 'value': '086-37-7000'}, 'picture': {'large': 'https://randomuser.me/api/portraits/men/71.jpg', 'medium': 'https://randomuser.me/api/portraits/med/men/71.jpg', 'thumbnail': 'https://randomuser.me/api/portraits/thumb/men/71.jpg'}, 'nat': 'US'}</msg>
<arg>${json_data['results'][0]}</arg>
<doc>Logs the given message with the given level.</doc>
<status status="PASS" start="2024-07-02T09:16:03.262997" elapsed="0.000399"/>
</kw>
<kw name="Log" owner="BuiltIn">
<msg time="2024-07-02T09:16:03.263855" level="INFO">login</msg>
<arg>${key}</arg>
<doc>Logs the given message with the given level.</doc>
<status status="PASS" start="2024-07-02T09:16:03.263723" elapsed="0.000170"/>
</kw>
<var name="${key}">login</var>
<status status="PASS" start="2024-07-02T09:16:03.262295" elapsed="0.001831"/>
</iter>
<var>${key}</var>
<value>@{expected_keys}</value>
<status status="PASS" start="2024-07-02T09:16:03.254119" elapsed="0.010126"/>
</for>
<kw name="Create List" owner="BuiltIn">
<msg time="2024-07-02T09:16:03.264641" level="INFO">${expected_keysTwo} = ['username', 'password']</msg>
<var>${expected_keysTwo}</var>
<arg>username</arg>
<arg>password</arg>
<doc>Returns a list containing given items.</doc>
<status status="PASS" start="2024-07-02T09:16:03.264447" elapsed="0.000220"/>
</kw>
<for flavor="IN">
<iter>
<kw name="Dictionary Should Contain Key" owner="Collections">
<arg>${json_data['results'][0]['login']}</arg>
<arg>${keyTwo}</arg>
<doc>Fails if ``key`` is not found from ``dictionary``.</doc>
<status status="PASS" start="2024-07-02T09:16:03.265190" elapsed="0.000395"/>
</kw>
<kw name="Dictionary Should Contain Key" owner="Collections">
<arg>${json_data['results'][0]['login']}</arg>
<arg>${keyTwo}</arg>
<doc>Fails if ``key`` is not found from ``dictionary``.</doc>
<status status="PASS" start="2024-07-02T09:16:03.265767" elapsed="0.000379"/>
</kw>
<kw name="Log" owner="BuiltIn">
<msg time="2024-07-02T09:16:03.266454" level="INFO">username</msg>
<arg>${keyTwo}</arg>
<doc>Logs the given message with the given level.</doc>
<status status="PASS" start="2024-07-02T09:16:03.266331" elapsed="0.000162"/>
</kw>
<var name="${keyTwo}">username</var>
<status status="PASS" start="2024-07-02T09:16:03.265084" elapsed="0.001635"/>
</iter>
<iter>
<kw name="Dictionary Should Contain Key" owner="Collections">
<arg>${json_data['results'][0]['login']}</arg>
<arg>${keyTwo}</arg>
<doc>Fails if ``key`` is not found from ``dictionary``.</doc>
<status status="PASS" start="2024-07-02T09:16:03.266998" elapsed="0.000386"/>
</kw>
<kw name="Dictionary Should Contain Key" owner="Collections">
<arg>${json_data['results'][0]['login']}</arg>
<arg>${keyTwo}</arg>
<doc>Fails if ``key`` is not found from ``dictionary``.</doc>
<status status="PASS" start="2024-07-02T09:16:03.267606" elapsed="0.000465"/>
</kw>
<kw name="Log" owner="BuiltIn">
<msg time="2024-07-02T09:16:03.268402" level="INFO">password</msg>
<arg>${keyTwo}</arg>
<doc>Logs the given message with the given level.</doc>
<status status="PASS" start="2024-07-02T09:16:03.268279" elapsed="0.000166"/>
</kw>
<var name="${keyTwo}">password</var>
<status status="PASS" start="2024-07-02T09:16:03.266891" elapsed="0.001878"/>
</iter>
<var>${keyTwo}</var>
<value>@{expected_keysTwo}</value>
<status status="PASS" start="2024-07-02T09:16:03.264933" elapsed="0.003957"/>
</for>
<status status="PASS" start="2024-07-02T09:16:03.054251" elapsed="0.214782"/>
</kw>
<doc>Testa a estrutura da resposta da API.</doc>
<tag>testeEstruturaResposta</tag>
<status status="PASS" start="2024-07-02T09:16:03.053454" elapsed="0.215737"/>
</test>
<test id="s1-s1-t4" name="Validar tipos de dados" line="28">
<kw name="Teste de Tipos de Dados" owner="random-user-service">
<kw name="GET On Session" owner="RequestsLibrary">
<msg time="2024-07-02T09:16:03.367860" level="INFO">GET Request : url=https://randomuser.me/api 
 path_url=/api 
 headers={'User-Agent': 'python-requests/2.32.3', 'Accept-Encoding': 'gzip, deflate', 'Accept': '*/*', 'Connection': 'keep-alive'} 
 body=None 
 </msg>
<msg time="2024-07-02T09:16:03.367933" level="INFO">GET Response : url=https://randomuser.me/api 
 status=200, reason=OK 
 headers={'Date': 'Tue, 02 Jul 2024 09:16:03 GMT', 'Content-Type': 'application/json; charset=utf-8', 'Transfer-Encoding': 'chunked', 'Connection': 'keep-alive', 'X-Powered-By': 'Express', 'Access-Control-Allow-Origin': '*', 'Cache-Control': 'no-cache', 'ETag': 'W/"48d-0wvBTuOepka2N3EIwhK0jr9hq1U"', 'Vary': 'Accept-Encoding', 'Content-Encoding': 'gzip', 'CF-Cache-Status': 'DYNAMIC', 'Report-To': '{"endpoints":[{"url":"https:\\/\\/a.nel.cloudflare.com\\/report\\/v4?s=nVrNra2Cl0eQ2tmuI2nn67eOgK%2BID95qHqb%2FoyEZ9sXorY2KRz2HPm9xpP%2BGWonQgBdRfigYSKxZGX6%2BIgOlJlapZBDCtBXDZmlq8k1gLLiHmViM7NUHItQlq6j4kql0"}],"group":"cf-nel","max_age":604800}', 'NEL': '{"success_fraction":0,"report_to":"cf-nel","max_age":604800}', 'Server': 'cloudflare', 'CF-RAY': '89cd88e87c272ebb-LAX', 'alt-svc': 'h3=":443"; ma=86400'} 
 body={"results":[{"gender":"female","name":{"title":"Ms","first":"Thea","last":"Rasmussen"},"location":{"street":{"number":3838,"name":"Morelvej"},"city":"Horsens","state":"Sjælland","country":"Denmark","postcode":30928,"coordinates":{"latitude":"-46.6436","longitude":"155.1333"},"timezone":{"offset":"-4:00","description":"Atlantic Time (Canada), Caracas, La Paz"}},"email":"thea.rasmussen@example.com","login":{"uuid":"fdd4684b-3b43-4d4f-9cae-402f1be6f686","username":"whiteelephant132","password":"nutmeg","salt":"Srl3t92W","md5":"ac3f19b488154bc8fd3006e2a236fb31","sha1":"613ac4d0757620ca812df05688db35ad08b82023","sha256":"993a7992131a01731d0e403b06a5b2854d862f42a6b4ed20c756ba9672768104"},"dob":{"date":"1954-09-12T06:56:02.882Z","age":69},"registered":{"date":"2021-05-08T23:15:53.777Z","age":3},"phone":"69493536","cell":"90719589","id":{"name":"CPR","value":"120954-3064"},"picture":{"large":"https://randomuser.me/api/portraits/women/7.jpg","medium":"https://randomuser.me/api/portraits/med/women/7.jpg","thumbnail":"https://randomuser.me/api/portraits/thumb/women/7.jpg"},"nat":"DK"}],"info":{"seed":"e2d893d4ceec1861","results":1,"page":1,"version":"1.4"}} 
 </msg>
<msg time="2024-07-02T09:16:03.367995" level="INFO">/opt/hostedtoolcache/Python/3.12.4/x64/lib/python3.12/site-packages/urllib3/connectionpool.py:1099: InsecureRequestWarning: Unverified HTTPS request is being made to host 'randomuser.me'. Adding certificate verification is strongly advised. See: https://urllib3.readthedocs.io/en/latest/advanced-usage.html#tls-warnings
  warnings.warn(</msg>
<msg time="2024-07-02T09:16:03.368088" level="INFO">${response} = &lt;Response [200]&gt;</msg>
<var>${response}</var>
<arg>consultarAPI</arg>
<arg>/api</arg>
<doc>Sends a GET request on a previously created HTTP Session.</doc>
<status status="PASS" start="2024-07-02T09:16:03.271694" elapsed="0.096419"/>
</kw>
<kw name="Set Variable" owner="BuiltIn">
<msg time="2024-07-02T09:16:03.369025" level="INFO">${json_data} = {'results': [{'gender': 'female', 'name': {'title': 'Ms', 'first': 'Thea', 'last': 'Rasmussen'}, 'location': {'street': {'number': 3838, 'name': 'Morelvej'}, 'city': 'Horsens', 'state': 'Sjælland', 'c...</msg>
<var>${json_data}</var>
<arg>${response.json()}</arg>
<doc>Returns the given values which can then be assigned to a variables.</doc>
<status status="PASS" start="2024-07-02T09:16:03.368549" elapsed="0.000505"/>
</kw>
<kw name="Log" owner="BuiltIn">
<msg time="2024-07-02T09:16:03.369524" level="INFO">{'results': [{'gender': 'female', 'name': {'title': 'Ms', 'first': 'Thea', 'last': 'Rasmussen'}, 'location': {'street': {'number': 3838, 'name': 'Morelvej'}, 'city': 'Horsens', 'state': 'Sjælland', 'country': 'Denmark', 'postcode': 30928, 'coordinates': {'latitude': '-46.6436', 'longitude': '155.1333'}, 'timezone': {'offset': '-4:00', 'description': 'Atlantic Time (Canada), Caracas, La Paz'}}, 'email': 'thea.rasmussen@example.com', 'login': {'uuid': 'fdd4684b-3b43-4d4f-9cae-402f1be6f686', 'username': 'whiteelephant132', 'password': 'nutmeg', 'salt': 'Srl3t92W', 'md5': 'ac3f19b488154bc8fd3006e2a236fb31', 'sha1': '613ac4d0757620ca812df05688db35ad08b82023', 'sha256': '993a7992131a01731d0e403b06a5b2854d862f42a6b4ed20c756ba9672768104'}, 'dob': {'date': '1954-09-12T06:56:02.882Z', 'age': 69}, 'registered': {'date': '2021-05-08T23:15:53.777Z', 'age': 3}, 'phone': '69493536', 'cell': '90719589', 'id': {'name': 'CPR', 'value': '120954-3064'}, 'picture': {'large': 'https://randomuser.me/api/portraits/women/7.jpg', 'medium': 'https://randomuser.me/api/portraits/med/women/7.jpg', 'thumbnail': 'https://randomuser.me/api/portraits/thumb/women/7.jpg'}, 'nat': 'DK'}], 'info': {'seed': 'e2d893d4ceec1861', 'results': 1, 'page': 1, 'version': '1.4'}}</msg>
<arg>${json_data}</arg>
<doc>Logs the given message with the given level.</doc>
<status status="PASS" start="2024-07-02T09:16:03.369362" elapsed="0.000218"/>
</kw>
<kw name="Should Be String" owner="String">
<arg>${json_data['results'][0]['gender']}</arg>
<doc>Fails if the given ``item`` is not a string.</doc>
<status status="PASS" start="2024-07-02T09:16:03.369894" elapsed="0.000357"/>
</kw>
<kw name="Should Match Regexp" owner="BuiltIn">
<arg>${json_data['results'][0]['email']}</arg>
<arg>^[a-zA-Z0-9._%+-]+@[a-zA-Z0-9.-]+\.[a-zA-Z]{2,}$</arg>
<doc>Fails if ``string`` does not match ``pattern`` as a regular expression.</doc>
<status status="PASS" start="2024-07-02T09:16:03.370439" elapsed="0.000554"/>
</kw>
<kw name="Should Match Regexp" owner="BuiltIn">
<arg>${json_data['results'][0]['dob']['date']}</arg>
<arg>\\d{4}-\\d{2}-\\d{2}T\\d{2}:\\d{2}:\\d{2}\\.\\d{3}Z</arg>
<doc>Fails if ``string`` does not match ``pattern`` as a regular expression.</doc>
<status status="PASS" start="2024-07-02T09:16:03.371186" elapsed="0.000527"/>
</kw>
<kw name="Should Match Regexp" owner="BuiltIn">
<arg>${json_data['results'][0]['registered']['date']}</arg>
<arg>\\d{4}-\\d{2}-\\d{2}T\\d{2}:\\d{2}:\\d{2}\\.\\d{3}Z</arg>
<doc>Fails if ``string`` does not match ``pattern`` as a regular expression.</doc>
<status status="PASS" start="2024-07-02T09:16:03.371906" elapsed="0.000372"/>
</kw>
<kw name="Should Match Regexp" owner="BuiltIn">
<arg>${json_data['results'][0]['picture']['large']}</arg>
<arg>^https?://.*\.(?:png|jpe?g|gif|bmp)$</arg>
<doc>Fails if ``string`` does not match ``pattern`` as a regular expression.</doc>
<status status="PASS" start="2024-07-02T09:16:03.372464" elapsed="0.000467"/>
</kw>
<kw name="Should Match Regexp" owner="BuiltIn">
<arg>${json_data['results'][0]['picture']['medium']}</arg>
<arg>^https?://.*\.(?:png|jpe?g|gif|bmp)$</arg>
<doc>Fails if ``string`` does not match ``pattern`` as a regular expression.</doc>
<status status="PASS" start="2024-07-02T09:16:03.373116" elapsed="0.000357"/>
</kw>
<kw name="Should Match Regexp" owner="BuiltIn">
<arg>${json_data['results'][0]['picture']['thumbnail']}</arg>
<arg>^https?://.*\.(?:png|jpe?g|gif|bmp)$</arg>
<doc>Fails if ``string`` does not match ``pattern`` as a regular expression.</doc>
<status status="PASS" start="2024-07-02T09:16:03.373653" elapsed="0.000357"/>
</kw>
<kw name="Log" owner="BuiltIn">
<msg time="2024-07-02T09:16:03.374527" level="INFO">{'large': 'https://randomuser.me/api/portraits/women/7.jpg', 'medium': 'https://randomuser.me/api/portraits/med/women/7.jpg', 'thumbnail': 'https://randomuser.me/api/portraits/thumb/women/7.jpg'}</msg>
<arg>${json_data['results'][0]['picture']}</arg>
<doc>Logs the given message with the given level.</doc>
<status status="PASS" start="2024-07-02T09:16:03.374198" elapsed="0.000371"/>
</kw>
<status status="PASS" start="2024-07-02T09:16:03.271439" elapsed="0.103397"/>
</kw>
<kw name="Teste de Tipos de Dados - Postcode" owner="random-user-service">
<kw name="GET On Session" owner="RequestsLibrary">
<msg time="2024-07-02T09:16:03.597641" level="INFO">GET Request : url=https://randomuser.me/api 
 path_url=/api 
 headers={'User-Agent': 'python-requests/2.32.3', 'Accept-Encoding': 'gzip, deflate', 'Accept': '*/*', 'Connection': 'keep-alive'} 
 body=None 
 </msg>
<msg time="2024-07-02T09:16:03.597758" level="INFO">GET Response : url=https://randomuser.me/api 
 status=200, reason=OK 
 headers={'Date': 'Tue, 02 Jul 2024 09:16:03 GMT', 'Content-Type': 'application/json; charset=utf-8', 'Transfer-Encoding': 'chunked', 'Connection': 'keep-alive', 'X-Powered-By': 'Express', 'Access-Control-Allow-Origin': '*', 'Cache-Control': 'no-cache', 'ETag': 'W/"47a-do2CRXEVQLA7wQf30/e2me5vzXA"', 'Vary': 'Accept-Encoding', 'Content-Encoding': 'gzip', 'CF-Cache-Status': 'DYNAMIC', 'Report-To': '{"endpoints":[{"url":"https:\\/\\/a.nel.cloudflare.com\\/report\\/v4?s=0X0bFi%2FoVEYz9jKtStAcC4rftMmpwbcCvQyX65lnfWotEsqFO2SoSE2QtuwYeMPOlM%2F91dyYE0wVZeDM5UBtzMTxmoIsK9Hb78J0a1cM0%2FTSivAmV4gEjJc4J9syfFPA"}],"group":"cf-nel","max_age":604800}', 'NEL': '{"success_fraction":0,"report_to":"cf-nel","max_age":604800}', 'Server': 'cloudflare', 'CF-RAY': '89cd88e91c842ebb-LAX', 'alt-svc': 'h3=":443"; ma=86400'} 
 body={"results":[{"gender":"female","name":{"title":"Ms","first":"Ege","last":"Ozansoy"},"location":{"street":{"number":9996,"name":"Anafartalar Cd"},"city":"Bursa","state":"Aydın","country":"Turkey","postcode":42490,"coordinates":{"latitude":"70.6662","longitude":"78.1807"},"timezone":{"offset":"+2:00","description":"Kaliningrad, South Africa"}},"email":"ege.ozansoy@example.com","login":{"uuid":"4ae8f131-5515-4321-8f2d-e9055e3c973d","username":"ticklishwolf624","password":"browns","salt":"vgumlgq9","md5":"6db8d7ad4ae107861fc65761718002a7","sha1":"19dc53562ba921c5c42b0291a6110977fa733ea2","sha256":"d61b1419c5e277332ff69d4c0d111c55f3c0bf37eef29f5c388c8a9c3fb19598"},"dob":{"date":"1945-05-25T03:31:31.199Z","age":79},"registered":{"date":"2009-07-26T11:28:11.785Z","age":14},"phone":"(827)-542-8168","cell":"(625)-612-7222","id":{"name":"","value":null},"picture":{"large":"https://randomuser.me/api/portraits/women/35.jpg","medium":"https://randomuser.me/api/portraits/med/women/35.jpg","thumbnail":"https://randomuser.me/api/portraits/thumb/women/35.jpg"},"nat":"TR"}],"info":{"seed":"a4052b382d50607f","results":1,"page":1,"version":"1.4"}} 
 </msg>
<msg time="2024-07-02T09:16:03.597846" level="INFO">/opt/hostedtoolcache/Python/3.12.4/x64/lib/python3.12/site-packages/urllib3/connectionpool.py:1099: InsecureRequestWarning: Unverified HTTPS request is being made to host 'randomuser.me'. Adding certificate verification is strongly advised. See: https://urllib3.readthedocs.io/en/latest/advanced-usage.html#tls-warnings
  warnings.warn(</msg>
<msg time="2024-07-02T09:16:03.597988" level="INFO">${response} = &lt;Response [200]&gt;</msg>
<var>${response}</var>
<arg>consultarAPI</arg>
<arg>/api</arg>
<doc>Sends a GET request on a previously created HTTP Session.</doc>
<status status="PASS" start="2024-07-02T09:16:03.375278" elapsed="0.222767"/>
</kw>
<kw name="Set Variable" owner="BuiltIn">
<msg time="2024-07-02T09:16:03.599123" level="INFO">${json_data} = {'results': [{'gender': 'female', 'name': {'title': 'Ms', 'first': 'Ege', 'last': 'Ozansoy'}, 'location': {'street': {'number': 9996, 'name': 'Anafartalar Cd'}, 'city': 'Bursa', 'state': 'Aydın', 'cou...</msg>
<var>${json_data}</var>
<arg>${response.json()}</arg>
<doc>Returns the given values which can then be assigned to a variables.</doc>
<status status="PASS" start="2024-07-02T09:16:03.598602" elapsed="0.000554"/>
</kw>
<kw name="Log" owner="BuiltIn">
<msg time="2024-07-02T09:16:03.599670" level="INFO">{'results': [{'gender': 'female', 'name': {'title': 'Ms', 'first': 'Ege', 'last': 'Ozansoy'}, 'location': {'street': {'number': 9996, 'name': 'Anafartalar Cd'}, 'city': 'Bursa', 'state': 'Aydın', 'country': 'Turkey', 'postcode': 42490, 'coordinates': {'latitude': '70.6662', 'longitude': '78.1807'}, 'timezone': {'offset': '+2:00', 'description': 'Kaliningrad, South Africa'}}, 'email': 'ege.ozansoy@example.com', 'login': {'uuid': '4ae8f131-5515-4321-8f2d-e9055e3c973d', 'username': 'ticklishwolf624', 'password': 'browns', 'salt': 'vgumlgq9', 'md5': '6db8d7ad4ae107861fc65761718002a7', 'sha1': '19dc53562ba921c5c42b0291a6110977fa733ea2', 'sha256': 'd61b1419c5e277332ff69d4c0d111c55f3c0bf37eef29f5c388c8a9c3fb19598'}, 'dob': {'date': '1945-05-25T03:31:31.199Z', 'age': 79}, 'registered': {'date': '2009-07-26T11:28:11.785Z', 'age': 14}, 'phone': '(827)-542-8168', 'cell': '(625)-612-7222', 'id': {'name': '', 'value': None}, 'picture': {'large': 'https://randomuser.me/api/portraits/women/35.jpg', 'medium': 'https://randomuser.me/api/portraits/med/women/35.jpg', 'thumbnail': 'https://randomuser.me/api/portraits/thumb/women/35.jpg'}, 'nat': 'TR'}], 'info': {'seed': 'a4052b382d50607f', 'results': 1, 'page': 1, 'version': '1.4'}}</msg>
<arg>${json_data}</arg>
<doc>Logs the given message with the given level.</doc>
<status status="PASS" start="2024-07-02T09:16:03.599471" elapsed="0.000250"/>
</kw>
<kw name="Should Be Equal As Numbers" owner="BuiltIn">
<arg>${json_data['results'][0]['location']['postcode']}</arg>
<arg>${json_data['results'][0]['location']['postcode']}</arg>
<doc>Fails if objects are unequal after converting them to real numbers.</doc>
<status status="PASS" start="2024-07-02T09:16:03.600022" elapsed="0.000642"/>
</kw>
<kw name="Log" owner="BuiltIn">
<msg time="2024-07-02T09:16:03.601366" level="INFO">42490</msg>
<arg>${json_data['results'][0]['location']['postcode']}</arg>
<doc>Logs the given message with the given level.</doc>
<status status="PASS" start="2024-07-02T09:16:03.600861" elapsed="0.000547"/>
</kw>
<status status="PASS" start="2024-07-02T09:16:03.375054" elapsed="0.226647"/>
</kw>
<doc>Testa se os tipos de dados na resposta da API estão corretos.</doc>
<tag>testeTiposDados</tag>
<status status="PASS" start="2024-07-02T09:16:03.270979" elapsed="0.330900"/>
</test>
<test id="s1-s1-t5" name="Validar conteudo" line="35">
<kw name="Teste de Tipos de Conteudo" owner="random-user-service">
<kw name="GET On Session" owner="RequestsLibrary">
<msg time="2024-07-02T09:16:03.703502" level="INFO">GET Request : url=https://randomuser.me/api 
 path_url=/api 
 headers={'User-Agent': 'python-requests/2.32.3', 'Accept-Encoding': 'gzip, deflate', 'Accept': '*/*', 'Connection': 'keep-alive'} 
 body=None 
 </msg>
<msg time="2024-07-02T09:16:03.703614" level="INFO">GET Response : url=https://randomuser.me/api 
 status=200, reason=OK 
 headers={'Date': 'Tue, 02 Jul 2024 09:16:03 GMT', 'Content-Type': 'application/json; charset=utf-8', 'Transfer-Encoding': 'chunked', 'Connection': 'keep-alive', 'X-Powered-By': 'Express', 'Access-Control-Allow-Origin': '*', 'Cache-Control': 'no-cache', 'ETag': 'W/"479-GXLLQGRMbOZJbHNHheQYOpSiwWU"', 'Vary': 'Accept-Encoding', 'Content-Encoding': 'gzip', 'CF-Cache-Status': 'DYNAMIC', 'Report-To': '{"endpoints":[{"url":"https:\\/\\/a.nel.cloudflare.com\\/report\\/v4?s=bKbE8JCGBZbjCQs7DdzuHWBblo2jZ3n0aH91NNTclHrIBH%2F76YsxbVzFJz%2BAoNdo%2FCk46DoVhyrccYJ23DL2goc0mkRitSEOiCv7o0GFQtbBm5zgwpB%2BkUyMXPnQ6CuP"}],"group":"cf-nel","max_age":604800}', 'NEL': '{"success_fraction":0,"report_to":"cf-nel","max_age":604800}', 'Server': 'cloudflare', 'CF-RAY': '89cd88ea8d352ebb-LAX', 'alt-svc': 'h3=":443"; ma=86400'} 
 body={"results":[{"gender":"male","name":{"title":"Mr","first":"Stian","last":"Årseth"},"location":{"street":{"number":5834,"name":"Dalsnaret"},"city":"Sneltvedt","state":"Nord-Trøndelag","country":"Norway","postcode":"5341","coordinates":{"latitude":"40.8276","longitude":"-15.6891"},"timezone":{"offset":"+2:00","description":"Kaliningrad, South Africa"}},"email":"stian.arseth@example.com","login":{"uuid":"df892b77-5e24-46e1-83d4-86b5185296eb","username":"smallfish556","password":"chiks","salt":"t6kqy6ha","md5":"d4712ad47bbb6226002bea757e511153","sha1":"b38f47c7efc9afc4b36642330e2127f2f47f4a8d","sha256":"09a168586c6b861e6d2b72922f595b5fb9701e90e8fd79195d8fdc7128dbe0d8"},"dob":{"date":"1967-07-13T03:30:40.555Z","age":56},"registered":{"date":"2016-07-23T17:35:57.811Z","age":7},"phone":"25315497","cell":"98119193","id":{"name":"FN","value":"13076739506"},"picture":{"large":"https://randomuser.me/api/portraits/men/36.jpg","medium":"https://randomuser.me/api/portraits/med/men/36.jpg","thumbnail":"https://randomuser.me/api/portraits/thumb/men/36.jpg"},"nat":"NO"}],"info":{"seed":"d83ceca5709c9996","results":1,"page":1,"version":"1.4"}} 
 </msg>
<msg time="2024-07-02T09:16:03.703685" level="INFO">/opt/hostedtoolcache/Python/3.12.4/x64/lib/python3.12/site-packages/urllib3/connectionpool.py:1099: InsecureRequestWarning: Unverified HTTPS request is being made to host 'randomuser.me'. Adding certificate verification is strongly advised. See: https://urllib3.readthedocs.io/en/latest/advanced-usage.html#tls-warnings
  warnings.warn(</msg>
<msg time="2024-07-02T09:16:03.703790" level="INFO">${response} = &lt;Response [200]&gt;</msg>
<var>${response}</var>
<arg>consultarAPI</arg>
<arg>/api</arg>
<doc>Sends a GET request on a previously created HTTP Session.</doc>
<status status="PASS" start="2024-07-02T09:16:03.604362" elapsed="0.099475"/>
</kw>
<kw name="Set Variable" owner="BuiltIn">
<msg time="2024-07-02T09:16:03.704997" level="INFO">${json_data} = {'results': [{'gender': 'male', 'name': {'title': 'Mr', 'first': 'Stian', 'last': 'Årseth'}, 'location': {'street': {'number': 5834, 'name': 'Dalsnaret'}, 'city': 'Sneltvedt', 'state': 'Nord-Trøndelag...</msg>
<var>${json_data}</var>
<arg>${response.json()}</arg>
<doc>Returns the given values which can then be assigned to a variables.</doc>
<status status="PASS" start="2024-07-02T09:16:03.704419" elapsed="0.000607"/>
</kw>
<kw name="Set Variable" owner="BuiltIn">
<msg time="2024-07-02T09:16:03.705722" level="INFO">${name_title} = Mr</msg>
<var>${name_title}</var>
<arg>${json_data["results"][0]["name"]["title"]}</arg>
<doc>Returns the given values which can then be assigned to a variables.</doc>
<status status="PASS" start="2024-07-02T09:16:03.705336" elapsed="0.000411"/>
</kw>
<kw name="Create List" owner="BuiltIn">
<msg time="2024-07-02T09:16:03.706190" level="INFO">${allowed_titles} = ['Mr', 'Ms', 'Miss', 'Mrs', 'Madame', 'Monsieur']</msg>
<var>${allowed_titles}</var>
<arg>Mr</arg>
<arg>Ms</arg>
<arg>Miss</arg>
<arg>Mrs</arg>
<arg>Madame</arg>
<arg>Monsieur</arg>
<doc>Returns a list containing given items.</doc>
<status status="PASS" start="2024-07-02T09:16:03.706043" elapsed="0.000170"/>
</kw>
<kw name="List Should Contain Value" owner="Collections">
<arg>${allowed_titles}</arg>
<arg>${name_title}</arg>
<doc>Fails if the ``value`` is not found from ``list``.</doc>
<status status="PASS" start="2024-07-02T09:16:03.706521" elapsed="0.000177"/>
</kw>
<kw name="Set Variable" owner="BuiltIn">
<msg time="2024-07-02T09:16:03.707253" level="INFO">${name_country} = NO</msg>
<var>${name_country}</var>
<arg>${json_data["results"][0]["nat"]}</arg>
<doc>Returns the given values which can then be assigned to a variables.</doc>
<status status="PASS" start="2024-07-02T09:16:03.706887" elapsed="0.000391"/>
</kw>
<kw name="Create List" owner="BuiltIn">
<msg time="2024-07-02T09:16:03.708261" level="INFO">${list_country} = ['AD', 'AE', 'AF', 'AG', 'AI', 'AL', 'AM', 'AO', 'AQ', 'AR', 'AS', 'AT', 'AU', 'AW', 'AX', 'AZ', 'BA', 'BB', 'BD', 'BE', 'BF', 'BG', 'BH', 'BI', 'BJ', 'BL', 'BM', 'BN', 'BO', 'BQ', 'BR', 'BS', 'BT', '...</msg>
<var>${list_country}</var>
<arg>AD</arg>
<arg>AE</arg>
<arg>AF</arg>
<arg>AG</arg>
<arg>AI</arg>
<arg>AL</arg>
<arg>AM</arg>
<arg>AO</arg>
<arg>AQ</arg>
<arg>AR</arg>
<arg>AS</arg>
<arg>AT</arg>
<arg>AU</arg>
<arg>AW</arg>
<arg>AX</arg>
<arg>AZ</arg>
<arg>BA</arg>
<arg>BB</arg>
<arg>BD</arg>
<arg>BE</arg>
<arg>BF</arg>
<arg>BG</arg>
<arg>BH</arg>
<arg>BI</arg>
<arg>BJ</arg>
<arg>BL</arg>
<arg>BM</arg>
<arg>BN</arg>
<arg>BO</arg>
<arg>BQ</arg>
<arg>BR</arg>
<arg>BS</arg>
<arg>BT</arg>
<arg>BV</arg>
<arg>BW</arg>
<arg>BY</arg>
<arg>BZ</arg>
<arg>CA</arg>
<arg>CC</arg>
<arg>CD</arg>
<arg>CF</arg>
<arg>CG</arg>
<arg>CH</arg>
<arg>CI</arg>
<arg>CK</arg>
<arg>CL</arg>
<arg>CM</arg>
<arg>CN</arg>
<arg>CO</arg>
<arg>CR</arg>
<arg>CU</arg>
<arg>CV</arg>
<arg>CW</arg>
<arg>CX</arg>
<arg>CY</arg>
<arg>CZ</arg>
<arg>DE</arg>
<arg>DJ</arg>
<arg>DK</arg>
<arg>DM</arg>
<arg>DO</arg>
<arg>DZ</arg>
<arg>EC</arg>
<arg>EE</arg>
<arg>EG</arg>
<arg>EH</arg>
<arg>ER</arg>
<arg>ES</arg>
<arg>ET</arg>
<arg>FI</arg>
<arg>FJ</arg>
<arg>FK</arg>
<arg>FM</arg>
<arg>FO</arg>
<arg>FR</arg>
<arg>GA</arg>
<arg>GB</arg>
<arg>GD</arg>
<arg>GE</arg>
<arg>GF</arg>
<arg>GG</arg>
<arg>GH</arg>
<arg>GI</arg>
<arg>GL</arg>
<arg>GM</arg>
<arg>GN</arg>
<arg>GP</arg>
<arg>GQ</arg>
<arg>GR</arg>
<arg>GS</arg>
<arg>GT</arg>
<arg>GU</arg>
<arg>GW</arg>
<arg>GY</arg>
<arg>HK</arg>
<arg>HM</arg>
<arg>HN</arg>
<arg>HR</arg>
<arg>HT</arg>
<arg>HU</arg>
<arg>ID</arg>
<arg>IE</arg>
<arg>IL</arg>
<arg>IM</arg>
<arg>IN</arg>
<arg>IO</arg>
<arg>IQ</arg>
<arg>IR</arg>
<arg>IS</arg>
<arg>IT</arg>
<arg>JE</arg>
<arg>JM</arg>
<arg>JO</arg>
<arg>JP</arg>
<arg>KE</arg>
<arg>KG</arg>
<arg>KH</arg>
<arg>KI</arg>
<arg>KM</arg>
<arg>KN</arg>
<arg>KP</arg>
<arg>KR</arg>
<arg>KW</arg>
<arg>KY</arg>
<arg>KZ</arg>
<arg>LA</arg>
<arg>LB</arg>
<arg>LC</arg>
<arg>LI</arg>
<arg>LK</arg>
<arg>LR</arg>
<arg>LS</arg>
<arg>LT</arg>
<arg>LU</arg>
<arg>LV</arg>
<arg>LY</arg>
<arg>MA</arg>
<arg>MC</arg>
<arg>MD</arg>
<arg>ME</arg>
<arg>MF</arg>
<arg>MG</arg>
<arg>MH</arg>
<arg>MK</arg>
<arg>ML</arg>
<arg>MM</arg>
<arg>MN</arg>
<arg>MO</arg>
<arg>MP</arg>
<arg>MQ</arg>
<arg>MR</arg>
<arg>MS</arg>
<arg>MT</arg>
<arg>MU</arg>
<arg>MV</arg>
<arg>MW</arg>
<arg>MX</arg>
<arg>MY</arg>
<arg>MZ</arg>
<arg>NA</arg>
<arg>NC</arg>
<arg>NE</arg>
<arg>NF</arg>
<arg>NG</arg>
<arg>NI</arg>
<arg>NL</arg>
<arg>NO</arg>
<arg>NP</arg>
<arg>NR</arg>
<arg>NU</arg>
<arg>NZ</arg>
<arg>OM</arg>
<arg>PA</arg>
<arg>PE</arg>
<arg>PF</arg>
<arg>PG</arg>
<arg>PH</arg>
<arg>PK</arg>
<arg>PL</arg>
<arg>PM</arg>
<arg>PN</arg>
<arg>PR</arg>
<arg>PS</arg>
<arg>PT</arg>
<arg>PW</arg>
<arg>PY</arg>
<arg>QA</arg>
<arg>RE</arg>
<arg>RO</arg>
<arg>RS</arg>
<arg>RU</arg>
<arg>RW</arg>
<arg>SA</arg>
<arg>SB</arg>
<arg>SC</arg>
<arg>SD</arg>
<arg>SE</arg>
<arg>SG</arg>
<arg>SH</arg>
<arg>SI</arg>
<arg>SJ</arg>
<arg>SK</arg>
<arg>SL</arg>
<arg>SM</arg>
<arg>SN</arg>
<arg>SO</arg>
<arg>SR</arg>
<arg>SS</arg>
<arg>ST</arg>
<arg>SV</arg>
<arg>SX</arg>
<arg>SY</arg>
<arg>SZ</arg>
<arg>TC</arg>
<arg>TD</arg>
<arg>TF</arg>
<arg>TG</arg>
<arg>TH</arg>
<arg>TJ</arg>
<arg>TK</arg>
<arg>TL</arg>
<arg>TM</arg>
<arg>TN</arg>
<arg>TO</arg>
<arg>TR</arg>
<arg>TT</arg>
<arg>TV</arg>
<arg>TW</arg>
<arg>TZ</arg>
<arg>UA</arg>
<arg>UG</arg>
<arg>UM</arg>
<arg>US</arg>
<arg>UY</arg>
<arg>UZ</arg>
<arg>VA</arg>
<arg>VC</arg>
<arg>VE</arg>
<arg>VG</arg>
<arg>VI</arg>
<arg>VN</arg>
<arg>VU</arg>
<arg>WF</arg>
<arg>WS</arg>
<arg>XK</arg>
<arg>YE</arg>
<arg>YT</arg>
<arg>ZA</arg>
<arg>ZM</arg>
<arg>ZW</arg>
<doc>Returns a list containing given items.</doc>
<status status="PASS" start="2024-07-02T09:16:03.707626" elapsed="0.000661"/>
</kw>
<kw name="List Should Contain Value" owner="Collections">
<arg>${list_country}</arg>
<arg>${name_country}</arg>
<doc>Fails if the ``value`` is not found from ``list``.</doc>
<status status="PASS" start="2024-07-02T09:16:03.709083" elapsed="0.000210"/>
</kw>
<kw name="Run Keyword If" owner="BuiltIn">
<kw name="Should Be True" owner="BuiltIn">
<arg>${True}</arg>
<doc>Fails if the given condition is not true.</doc>
<status status="PASS" start="2024-07-02T09:16:03.710239" elapsed="0.000143"/>
</kw>
<arg>${json_data["results"][0]["location"]["coordinates"]["latitude"]} &gt;= -90 and ${json_data["results"][0]["location"]["coordinates"]["latitude"]} &lt;= 90</arg>
<arg>Should Be True</arg>
<arg>${True}</arg>
<doc>Runs the given keyword with the given arguments, if ``condition`` is true.</doc>
<status status="PASS" start="2024-07-02T09:16:03.709485" elapsed="0.001021"/>
</kw>
<kw name="Run Keyword If" owner="BuiltIn">
<kw name="Should Be True" owner="BuiltIn">
<arg>${True}</arg>
<doc>Fails if the given condition is not true.</doc>
<status status="PASS" start="2024-07-02T09:16:03.711375" elapsed="0.000272"/>
</kw>
<arg>${json_data["results"][0]["location"]["coordinates"]["longitude"]} &gt;= -180 and ${json_data["results"][0]["location"]["coordinates"]["longitude"]} &lt;= 180</arg>
<arg>Should Be True</arg>
<arg>${True}</arg>
<doc>Runs the given keyword with the given arguments, if ``condition`` is true.</doc>
<status status="PASS" start="2024-07-02T09:16:03.710687" elapsed="0.001099"/>
</kw>
<status status="PASS" start="2024-07-02T09:16:03.604133" elapsed="0.107788"/>
</kw>
<doc>Testa o conteúdo específico dos campos retornados pela API.</doc>
<tag>testeConteudo</tag>
<status status="PASS" start="2024-07-02T09:16:03.603683" elapsed="0.108385"/>
</test>
<status status="PASS" start="2024-07-02T09:16:02.446451" elapsed="1.267614"/>
</suite>
<status status="PASS" start="2024-07-02T09:16:02.432039" elapsed="1.287072"/>
</suite>
<statistics>
<total>
<stat pass="5" fail="0" skip="0">All Tests</stat>
</total>
<tag>
<stat pass="1" fail="0" skip="0">testeConteudo</stat>
<stat pass="1" fail="0" skip="0">testeEstruturaResposta</stat>
<stat pass="1" fail="0" skip="0">testeRequisicaoBasica</stat>
<stat pass="1" fail="0" skip="0">testeTiposDados</stat>
</tag>
<suite>
<stat pass="5" fail="0" skip="0" id="s1" name="Tests">Tests</stat>
<stat pass="5" fail="0" skip="0" id="s1-s1" name="Random-User-Test">Tests.Random-User-Test</stat>
</suite>
</statistics>
<errors>
</errors>
</robot>
