<?xml version="1.0" encoding="UTF-8"?>
<robot generator="Robot 7.0.1 (Python 3.12.4 on linux)" generated="2024-07-14T01:13:13.482456" rpa="false" schemaversion="5">
<suite id="s1" name="Tests" source="/home/runner/work/ApiRandomUser/ApiRandomUser/RamdonUser/tests">
<suite id="s1-s1" name="Random-User-Test" source="/home/runner/work/ApiRandomUser/ApiRandomUser/RamdonUser/tests/random-user-test.robot">
<test id="s1-s1-t1" name="Conectar" line="13">
<kw name="Conectar API" owner="random-user-service">
<kw name="Create Session" owner="RequestsLibrary">
<msg time="2024-07-14T01:13:13.901713" level="INFO">Creating Session using : alias=consultarAPI, url=https://randomuser.me/, headers={},                     cookies={}, auth=None, timeout=None, proxies=None, verify=False,                     debug=0 </msg>
<arg>consultarAPI</arg>
<arg>${URL}</arg>
<doc>Create Session: create a HTTP session to a server</doc>
<status status="PASS" start="2024-07-14T01:13:13.901465" elapsed="0.000445"/>
</kw>
<status status="PASS" start="2024-07-14T01:13:13.900434" elapsed="0.001855"/>
</kw>
<status status="PASS" start="2024-07-14T01:13:13.899814" elapsed="0.002667"/>
</test>
<test id="s1-s1-t2" name="Validar retorno 200 e JSON Válido" line="16">
<kw name="Teste de Requisicao Basica" owner="random-user-service">
<kw name="GET On Session" owner="RequestsLibrary">
<msg time="2024-07-14T01:13:14.109256" level="INFO">GET Request : url=https://randomuser.me/api 
 path_url=/api 
 headers={'User-Agent': 'python-requests/2.32.3', 'Accept-Encoding': 'gzip, deflate', 'Accept': '*/*', 'Connection': 'keep-alive'} 
 body=None 
 </msg>
<msg time="2024-07-14T01:13:14.109436" level="INFO">GET Response : url=https://randomuser.me/api 
 status=200, reason=OK 
 headers={'Date': 'Sun, 14 Jul 2024 01:13:14 GMT', 'Content-Type': 'application/json; charset=utf-8', 'Transfer-Encoding': 'chunked', 'Connection': 'keep-alive', 'X-Powered-By': 'Express', 'Access-Control-Allow-Origin': '*', 'Cache-Control': 'no-cache', 'ETag': 'W/"4ab-je7OE7rN9c1nCr5OqUOJVvXEwiw"', 'Vary': 'Accept-Encoding', 'Content-Encoding': 'gzip', 'CF-Cache-Status': 'DYNAMIC', 'Report-To': '{"endpoints":[{"url":"https:\\/\\/a.nel.cloudflare.com\\/report\\/v4?s=HkHWV0d%2FEr%2BWgcvLWE%2F7NgcVUr%2BaETupdEcSqyRqaYWDWuIKGrelI6Uz%2BPb9aunraEpQ7%2B30t2OCu4LKtkEP0JpniuV8ptSC5mMhug4mKPS7MfH%2FCMIpqopxTKQUlINc"}],"group":"cf-nel","max_age":604800}', 'NEL': '{"success_fraction":0,"report_to":"cf-nel","max_age":604800}', 'Server': 'cloudflare', 'CF-RAY': '8a2da626cbb52412-IAD', 'alt-svc': 'h3=":443"; ma=86400'} 
 body={"results":[{"gender":"male","name":{"title":"Mr","first":"Salvador","last":"Bradley"},"location":{"street":{"number":6652,"name":"Hunters Creek Dr"},"city":"Lancaster","state":"New Hampshire","country":"United States","postcode":96329,"coordinates":{"latitude":"85.7491","longitude":"-171.5028"},"timezone":{"offset":"+3:00","description":"Baghdad, Riyadh, Moscow, St. Petersburg"}},"email":"salvador.bradley@example.com","login":{"uuid":"d18a678f-582a-4d1d-a090-640d7a7a5bb7","username":"organicbear485","password":"852456","salt":"vIjP1h1h","md5":"210888fbed8eba43932beb8254ba44ef","sha1":"876e36ffe2ef61e5c2ff8aa154cfe0c416477aef","sha256":"6e0269957b69b22b6297d04f3fba78b139633ab3acbeb05d7f07bdf5dc6ef654"},"dob":{"date":"1960-07-13T01:15:42.169Z","age":64},"registered":{"date":"2002-09-28T11:27:59.733Z","age":21},"phone":"(564) 737-6413","cell":"(481) 690-8314","id":{"name":"SSN","value":"599-79-2338"},"picture":{"large":"https://randomuser.me/api/portraits/men/87.jpg","medium":"https://randomuser.me/api/portraits/med/men/87.jpg","thumbnail":"https://randomuser.me/api/portraits/thumb/men/87.jpg"},"nat":"US"}],"info":{"seed":"86ea0c70ac0d2281","results":1,"page":1,"version":"1.4"}} 
 </msg>
<msg time="2024-07-14T01:13:14.109538" level="INFO">/opt/hostedtoolcache/Python/3.12.4/x64/lib/python3.12/site-packages/urllib3/connectionpool.py:1099: InsecureRequestWarning: Unverified HTTPS request is being made to host 'randomuser.me'. Adding certificate verification is strongly advised. See: https://urllib3.readthedocs.io/en/latest/advanced-usage.html#tls-warnings
  warnings.warn(</msg>
<msg time="2024-07-14T01:13:14.109733" level="INFO">${response} = &lt;Response [200]&gt;</msg>
<var>${response}</var>
<arg>consultarAPI</arg>
<arg>/api</arg>
<doc>Sends a GET request on a previously created HTTP Session.</doc>
<status status="PASS" start="2024-07-14T01:13:13.905096" elapsed="0.204693"/>
</kw>
<kw name="Should Be Equal As Numbers" owner="BuiltIn">
<msg time="2024-07-14T01:13:14.110908" level="INFO">Argument types are:
&lt;class 'int'&gt;
&lt;class 'str'&gt;</msg>
<arg>${response.status_code}</arg>
<arg>200</arg>
<doc>Fails if objects are unequal after converting them to real numbers.</doc>
<status status="PASS" start="2024-07-14T01:13:14.110394" elapsed="0.000583"/>
</kw>
<kw name="Log" owner="BuiltIn">
<msg time="2024-07-14T01:13:14.111693" level="INFO">200</msg>
<arg>${response.status_code}</arg>
<doc>Logs the given message with the given level.</doc>
<status status="PASS" start="2024-07-14T01:13:14.111307" elapsed="0.000430"/>
</kw>
<kw name="Set Variable" owner="BuiltIn">
<msg time="2024-07-14T01:13:14.112501" level="INFO">${json_data} = {'results': [{'gender': 'male', 'name': {'title': 'Mr', 'first': 'Salvador', 'last': 'Bradley'}, 'location': {'street': {'number': 6652, 'name': 'Hunters Creek Dr'}, 'city': 'Lancaster', 'state': 'New...</msg>
<var>${json_data}</var>
<arg>${response.json()}</arg>
<doc>Returns the given values which can then be assigned to a variables.</doc>
<status status="PASS" start="2024-07-14T01:13:14.112051" elapsed="0.000479"/>
</kw>
<kw name="Dictionary Should Contain Key" owner="Collections">
<arg>${json_data}</arg>
<arg>results</arg>
<doc>Fails if ``key`` is not found from ``dictionary``.</doc>
<status status="PASS" start="2024-07-14T01:13:14.112829" elapsed="0.000167"/>
</kw>
<status status="PASS" start="2024-07-14T01:13:13.904848" elapsed="0.208300"/>
</kw>
<doc>Testa se a API responde corretamente e retorna um objeto JSON válido.</doc>
<tag>testeRequisicaoBasica</tag>
<status status="PASS" start="2024-07-14T01:13:13.904382" elapsed="0.208954"/>
</test>
<test id="s1-s1-t3" name="Validar estrutura de resposta" line="22">
<kw name="Teste de Estrutura de Resposta" owner="random-user-service">
<kw name="GET On Session" owner="RequestsLibrary">
<msg time="2024-07-14T01:13:14.169455" level="INFO">GET Request : url=https://randomuser.me/api 
 path_url=/api 
 headers={'User-Agent': 'python-requests/2.32.3', 'Accept-Encoding': 'gzip, deflate', 'Accept': '*/*', 'Connection': 'keep-alive'} 
 body=None 
 </msg>
<msg time="2024-07-14T01:13:14.169559" level="INFO">GET Response : url=https://randomuser.me/api 
 status=200, reason=OK 
 headers={'Date': 'Sun, 14 Jul 2024 01:13:14 GMT', 'Content-Type': 'application/json; charset=utf-8', 'Transfer-Encoding': 'chunked', 'Connection': 'keep-alive', 'X-Powered-By': 'Express', 'Access-Control-Allow-Origin': '*', 'Cache-Control': 'no-cache', 'ETag': 'W/"49c-+XAgMp6lopJkl3yuG/OZmbN45kU"', 'Vary': 'Accept-Encoding', 'Content-Encoding': 'gzip', 'CF-Cache-Status': 'DYNAMIC', 'Report-To': '{"endpoints":[{"url":"https:\\/\\/a.nel.cloudflare.com\\/report\\/v4?s=LOxaS%2BEnsBfDB0tL9YhZ0U3D5erNXgu2gtlo4%2BVyDYTU5BOLGKcPDQSVixoIJZaMOQeoesSWhbkXthsphh%2Bt5%2BQ2Kn%2BFA3UOtB7296KjB3hOro3E40cfqYg4i9qrkKxj"}],"group":"cf-nel","max_age":604800}', 'NEL': '{"success_fraction":0,"report_to":"cf-nel","max_age":604800}', 'Server': 'cloudflare', 'CF-RAY': '8a2da6274c2d2412-IAD', 'alt-svc': 'h3=":443"; ma=86400'} 
 body={"results":[{"gender":"female","name":{"title":"Ms","first":"Adrijana","last":"Blagojević"},"location":{"street":{"number":5477,"name":"Dragoljuba Ivkova"},"city":"Inđija","state":"Raška","country":"Serbia","postcode":61462,"coordinates":{"latitude":"63.7782","longitude":"124.9813"},"timezone":{"offset":"+11:00","description":"Magadan, Solomon Islands, New Caledonia"}},"email":"adrijana.blagojevic@example.com","login":{"uuid":"00bf834b-9f27-4809-b14a-beaa132dcdac","username":"redpanda914","password":"dawn","salt":"8jCHaKSe","md5":"4bc416ca2a6a12d3a640495d7d86aa17","sha1":"eea916d25ee2827e5ce198acd78bfcdff4536b07","sha256":"bf00e26fe94517766ef6f3fbb7d80a0077528c7febcb85658545bc1062dc3af6"},"dob":{"date":"1982-10-16T20:23:49.462Z","age":41},"registered":{"date":"2015-10-15T02:07:00.612Z","age":8},"phone":"011-8786-703","cell":"068-1034-829","id":{"name":"SID","value":"603070637"},"picture":{"large":"https://randomuser.me/api/portraits/women/9.jpg","medium":"https://randomuser.me/api/portraits/med/women/9.jpg","thumbnail":"https://randomuser.me/api/portraits/thumb/women/9.jpg"},"nat":"RS"}],"info":{"seed":"a9c4c9b693914793","results":1,"page":1,"version":"1.4"}} 
 </msg>
<msg time="2024-07-14T01:13:14.169745" level="INFO">/opt/hostedtoolcache/Python/3.12.4/x64/lib/python3.12/site-packages/urllib3/connectionpool.py:1099: InsecureRequestWarning: Unverified HTTPS request is being made to host 'randomuser.me'. Adding certificate verification is strongly advised. See: https://urllib3.readthedocs.io/en/latest/advanced-usage.html#tls-warnings
  warnings.warn(</msg>
<msg time="2024-07-14T01:13:14.169875" level="INFO">${response} = &lt;Response [200]&gt;</msg>
<var>${response}</var>
<arg>consultarAPI</arg>
<arg>/api</arg>
<doc>Sends a GET request on a previously created HTTP Session.</doc>
<status status="PASS" start="2024-07-14T01:13:14.116026" elapsed="0.053898"/>
</kw>
<kw name="Set Variable" owner="BuiltIn">
<msg time="2024-07-14T01:13:14.171008" level="INFO">${json_data} = {'results': [{'gender': 'female', 'name': {'title': 'Ms', 'first': 'Adrijana', 'last': 'Blagojević'}, 'location': {'street': {'number': 5477, 'name': 'Dragoljuba Ivkova'}, 'city': 'Inđija', 'state': '...</msg>
<var>${json_data}</var>
<arg>${response.json()}</arg>
<doc>Returns the given values which can then be assigned to a variables.</doc>
<status status="PASS" start="2024-07-14T01:13:14.170465" elapsed="0.000574"/>
</kw>
<kw name="Log" owner="BuiltIn">
<msg time="2024-07-14T01:13:14.171531" level="INFO">{'results': [{'gender': 'female', 'name': {'title': 'Ms', 'first': 'Adrijana', 'last': 'Blagojević'}, 'location': {'street': {'number': 5477, 'name': 'Dragoljuba Ivkova'}, 'city': 'Inđija', 'state': 'Raška', 'country': 'Serbia', 'postcode': 61462, 'coordinates': {'latitude': '63.7782', 'longitude': '124.9813'}, 'timezone': {'offset': '+11:00', 'description': 'Magadan, Solomon Islands, New Caledonia'}}, 'email': 'adrijana.blagojevic@example.com', 'login': {'uuid': '00bf834b-9f27-4809-b14a-beaa132dcdac', 'username': 'redpanda914', 'password': 'dawn', 'salt': '8jCHaKSe', 'md5': '4bc416ca2a6a12d3a640495d7d86aa17', 'sha1': 'eea916d25ee2827e5ce198acd78bfcdff4536b07', 'sha256': 'bf00e26fe94517766ef6f3fbb7d80a0077528c7febcb85658545bc1062dc3af6'}, 'dob': {'date': '1982-10-16T20:23:49.462Z', 'age': 41}, 'registered': {'date': '2015-10-15T02:07:00.612Z', 'age': 8}, 'phone': '011-8786-703', 'cell': '068-1034-829', 'id': {'name': 'SID', 'value': '603070637'}, 'picture': {'large': 'https://randomuser.me/api/portraits/women/9.jpg', 'medium': 'https://randomuser.me/api/portraits/med/women/9.jpg', 'thumbnail': 'https://randomuser.me/api/portraits/thumb/women/9.jpg'}, 'nat': 'RS'}], 'info': {'seed': 'a9c4c9b693914793', 'results': 1, 'page': 1, 'version': '1.4'}}</msg>
<arg>${json_data}</arg>
<doc>Logs the given message with the given level.</doc>
<status status="PASS" start="2024-07-14T01:13:14.171367" elapsed="0.000219"/>
</kw>
<kw name="Dictionary Should Contain Key" owner="Collections">
<arg>${json_data}</arg>
<arg>results</arg>
<doc>Fails if ``key`` is not found from ``dictionary``.</doc>
<status status="PASS" start="2024-07-14T01:13:14.171882" elapsed="0.000173"/>
</kw>
<kw name="Should Not Be Empty" owner="BuiltIn">
<msg time="2024-07-14T01:13:14.172368" level="INFO">Length is 2.</msg>
<arg>${json_data}</arg>
<doc>Verifies that the given item is not empty.</doc>
<status status="PASS" start="2024-07-14T01:13:14.172240" elapsed="0.000172"/>
</kw>
<kw name="Create List" owner="BuiltIn">
<msg time="2024-07-14T01:13:14.172854" level="INFO">${expected_keys} = ['gender', 'name', 'location', 'email', 'login']</msg>
<var>${expected_keys}</var>
<arg>gender</arg>
<arg>name</arg>
<arg>location</arg>
<arg>email</arg>
<arg>login</arg>
<doc>Returns a list containing given items.</doc>
<status status="PASS" start="2024-07-14T01:13:14.172706" elapsed="0.000172"/>
</kw>
<for flavor="IN">
<iter>
<kw name="Dictionary Should Contain Key" owner="Collections">
<arg>${json_data['results'][0]}</arg>
<arg>${key}</arg>
<doc>Fails if ``key`` is not found from ``dictionary``.</doc>
<status status="PASS" start="2024-07-14T01:13:14.173653" elapsed="0.000416"/>
</kw>
<kw name="Log" owner="BuiltIn">
<msg time="2024-07-14T01:13:14.174625" level="INFO">{'gender': 'female', 'name': {'title': 'Ms', 'first': 'Adrijana', 'last': 'Blagojević'}, 'location': {'street': {'number': 5477, 'name': 'Dragoljuba Ivkova'}, 'city': 'Inđija', 'state': 'Raška', 'country': 'Serbia', 'postcode': 61462, 'coordinates': {'latitude': '63.7782', 'longitude': '124.9813'}, 'timezone': {'offset': '+11:00', 'description': 'Magadan, Solomon Islands, New Caledonia'}}, 'email': 'adrijana.blagojevic@example.com', 'login': {'uuid': '00bf834b-9f27-4809-b14a-beaa132dcdac', 'username': 'redpanda914', 'password': 'dawn', 'salt': '8jCHaKSe', 'md5': '4bc416ca2a6a12d3a640495d7d86aa17', 'sha1': 'eea916d25ee2827e5ce198acd78bfcdff4536b07', 'sha256': 'bf00e26fe94517766ef6f3fbb7d80a0077528c7febcb85658545bc1062dc3af6'}, 'dob': {'date': '1982-10-16T20:23:49.462Z', 'age': 41}, 'registered': {'date': '2015-10-15T02:07:00.612Z', 'age': 8}, 'phone': '011-8786-703', 'cell': '068-1034-829', 'id': {'name': 'SID', 'value': '603070637'}, 'picture': {'large': 'https://randomuser.me/api/portraits/women/9.jpg', 'medium': 'https://randomuser.me/api/portraits/med/women/9.jpg', 'thumbnail': 'https://randomuser.me/api/portraits/thumb/women/9.jpg'}, 'nat': 'RS'}</msg>
<arg>${json_data['results'][0]}</arg>
<doc>Logs the given message with the given level.</doc>
<status status="PASS" start="2024-07-14T01:13:14.174264" elapsed="0.000428"/>
</kw>
<kw name="Log" owner="BuiltIn">
<msg time="2024-07-14T01:13:14.175124" level="INFO">gender</msg>
<arg>${key}</arg>
<doc>Logs the given message with the given level.</doc>
<status status="PASS" start="2024-07-14T01:13:14.174997" elapsed="0.000166"/>
</kw>
<var name="${key}">gender</var>
<status status="PASS" start="2024-07-14T01:13:14.173501" elapsed="0.001883"/>
</iter>
<iter>
<kw name="Dictionary Should Contain Key" owner="Collections">
<arg>${json_data['results'][0]}</arg>
<arg>${key}</arg>
<doc>Fails if ``key`` is not found from ``dictionary``.</doc>
<status status="PASS" start="2024-07-14T01:13:14.175675" elapsed="0.000396"/>
</kw>
<kw name="Log" owner="BuiltIn">
<msg time="2024-07-14T01:13:14.176642" level="INFO">{'gender': 'female', 'name': {'title': 'Ms', 'first': 'Adrijana', 'last': 'Blagojević'}, 'location': {'street': {'number': 5477, 'name': 'Dragoljuba Ivkova'}, 'city': 'Inđija', 'state': 'Raška', 'country': 'Serbia', 'postcode': 61462, 'coordinates': {'latitude': '63.7782', 'longitude': '124.9813'}, 'timezone': {'offset': '+11:00', 'description': 'Magadan, Solomon Islands, New Caledonia'}}, 'email': 'adrijana.blagojevic@example.com', 'login': {'uuid': '00bf834b-9f27-4809-b14a-beaa132dcdac', 'username': 'redpanda914', 'password': 'dawn', 'salt': '8jCHaKSe', 'md5': '4bc416ca2a6a12d3a640495d7d86aa17', 'sha1': 'eea916d25ee2827e5ce198acd78bfcdff4536b07', 'sha256': 'bf00e26fe94517766ef6f3fbb7d80a0077528c7febcb85658545bc1062dc3af6'}, 'dob': {'date': '1982-10-16T20:23:49.462Z', 'age': 41}, 'registered': {'date': '2015-10-15T02:07:00.612Z', 'age': 8}, 'phone': '011-8786-703', 'cell': '068-1034-829', 'id': {'name': 'SID', 'value': '603070637'}, 'picture': {'large': 'https://randomuser.me/api/portraits/women/9.jpg', 'medium': 'https://randomuser.me/api/portraits/med/women/9.jpg', 'thumbnail': 'https://randomuser.me/api/portraits/thumb/women/9.jpg'}, 'nat': 'RS'}</msg>
<arg>${json_data['results'][0]}</arg>
<doc>Logs the given message with the given level.</doc>
<status status="PASS" start="2024-07-14T01:13:14.176252" elapsed="0.000444"/>
</kw>
<kw name="Log" owner="BuiltIn">
<msg time="2024-07-14T01:13:14.177120" level="INFO">name</msg>
<arg>${key}</arg>
<doc>Logs the given message with the given level.</doc>
<status status="PASS" start="2024-07-14T01:13:14.176995" elapsed="0.000164"/>
</kw>
<var name="${key}">name</var>
<status status="PASS" start="2024-07-14T01:13:14.175566" elapsed="0.001813"/>
</iter>
<iter>
<kw name="Dictionary Should Contain Key" owner="Collections">
<arg>${json_data['results'][0]}</arg>
<arg>${key}</arg>
<doc>Fails if ``key`` is not found from ``dictionary``.</doc>
<status status="PASS" start="2024-07-14T01:13:14.177692" elapsed="0.000380"/>
</kw>
<kw name="Log" owner="BuiltIn">
<msg time="2024-07-14T01:13:14.178605" level="INFO">{'gender': 'female', 'name': {'title': 'Ms', 'first': 'Adrijana', 'last': 'Blagojević'}, 'location': {'street': {'number': 5477, 'name': 'Dragoljuba Ivkova'}, 'city': 'Inđija', 'state': 'Raška', 'country': 'Serbia', 'postcode': 61462, 'coordinates': {'latitude': '63.7782', 'longitude': '124.9813'}, 'timezone': {'offset': '+11:00', 'description': 'Magadan, Solomon Islands, New Caledonia'}}, 'email': 'adrijana.blagojevic@example.com', 'login': {'uuid': '00bf834b-9f27-4809-b14a-beaa132dcdac', 'username': 'redpanda914', 'password': 'dawn', 'salt': '8jCHaKSe', 'md5': '4bc416ca2a6a12d3a640495d7d86aa17', 'sha1': 'eea916d25ee2827e5ce198acd78bfcdff4536b07', 'sha256': 'bf00e26fe94517766ef6f3fbb7d80a0077528c7febcb85658545bc1062dc3af6'}, 'dob': {'date': '1982-10-16T20:23:49.462Z', 'age': 41}, 'registered': {'date': '2015-10-15T02:07:00.612Z', 'age': 8}, 'phone': '011-8786-703', 'cell': '068-1034-829', 'id': {'name': 'SID', 'value': '603070637'}, 'picture': {'large': 'https://randomuser.me/api/portraits/women/9.jpg', 'medium': 'https://randomuser.me/api/portraits/med/women/9.jpg', 'thumbnail': 'https://randomuser.me/api/portraits/thumb/women/9.jpg'}, 'nat': 'RS'}</msg>
<arg>${json_data['results'][0]}</arg>
<doc>Logs the given message with the given level.</doc>
<status status="PASS" start="2024-07-14T01:13:14.178252" elapsed="0.000404"/>
</kw>
<kw name="Log" owner="BuiltIn">
<msg time="2024-07-14T01:13:14.179080" level="INFO">location</msg>
<arg>${key}</arg>
<doc>Logs the given message with the given level.</doc>
<status status="PASS" start="2024-07-14T01:13:14.178956" elapsed="0.000162"/>
</kw>
<var name="${key}">location</var>
<status status="PASS" start="2024-07-14T01:13:14.177555" elapsed="0.001780"/>
</iter>
<iter>
<kw name="Dictionary Should Contain Key" owner="Collections">
<arg>${json_data['results'][0]}</arg>
<arg>${key}</arg>
<doc>Fails if ``key`` is not found from ``dictionary``.</doc>
<status status="PASS" start="2024-07-14T01:13:14.179611" elapsed="0.000397"/>
</kw>
<kw name="Log" owner="BuiltIn">
<msg time="2024-07-14T01:13:14.180557" level="INFO">{'gender': 'female', 'name': {'title': 'Ms', 'first': 'Adrijana', 'last': 'Blagojević'}, 'location': {'street': {'number': 5477, 'name': 'Dragoljuba Ivkova'}, 'city': 'Inđija', 'state': 'Raška', 'country': 'Serbia', 'postcode': 61462, 'coordinates': {'latitude': '63.7782', 'longitude': '124.9813'}, 'timezone': {'offset': '+11:00', 'description': 'Magadan, Solomon Islands, New Caledonia'}}, 'email': 'adrijana.blagojevic@example.com', 'login': {'uuid': '00bf834b-9f27-4809-b14a-beaa132dcdac', 'username': 'redpanda914', 'password': 'dawn', 'salt': '8jCHaKSe', 'md5': '4bc416ca2a6a12d3a640495d7d86aa17', 'sha1': 'eea916d25ee2827e5ce198acd78bfcdff4536b07', 'sha256': 'bf00e26fe94517766ef6f3fbb7d80a0077528c7febcb85658545bc1062dc3af6'}, 'dob': {'date': '1982-10-16T20:23:49.462Z', 'age': 41}, 'registered': {'date': '2015-10-15T02:07:00.612Z', 'age': 8}, 'phone': '011-8786-703', 'cell': '068-1034-829', 'id': {'name': 'SID', 'value': '603070637'}, 'picture': {'large': 'https://randomuser.me/api/portraits/women/9.jpg', 'medium': 'https://randomuser.me/api/portraits/med/women/9.jpg', 'thumbnail': 'https://randomuser.me/api/portraits/thumb/women/9.jpg'}, 'nat': 'RS'}</msg>
<arg>${json_data['results'][0]}</arg>
<doc>Logs the given message with the given level.</doc>
<status status="PASS" start="2024-07-14T01:13:14.180196" elapsed="0.000415"/>
</kw>
<kw name="Log" owner="BuiltIn">
<msg time="2024-07-14T01:13:14.181034" level="INFO">email</msg>
<arg>${key}</arg>
<doc>Logs the given message with the given level.</doc>
<status status="PASS" start="2024-07-14T01:13:14.180908" elapsed="0.000177"/>
</kw>
<var name="${key}">email</var>
<status status="PASS" start="2024-07-14T01:13:14.179505" elapsed="0.001794"/>
</iter>
<iter>
<kw name="Dictionary Should Contain Key" owner="Collections">
<arg>${json_data['results'][0]}</arg>
<arg>${key}</arg>
<doc>Fails if ``key`` is not found from ``dictionary``.</doc>
<status status="PASS" start="2024-07-14T01:13:14.181579" elapsed="0.000413"/>
</kw>
<kw name="Log" owner="BuiltIn">
<msg time="2024-07-14T01:13:14.182524" level="INFO">{'gender': 'female', 'name': {'title': 'Ms', 'first': 'Adrijana', 'last': 'Blagojević'}, 'location': {'street': {'number': 5477, 'name': 'Dragoljuba Ivkova'}, 'city': 'Inđija', 'state': 'Raška', 'country': 'Serbia', 'postcode': 61462, 'coordinates': {'latitude': '63.7782', 'longitude': '124.9813'}, 'timezone': {'offset': '+11:00', 'description': 'Magadan, Solomon Islands, New Caledonia'}}, 'email': 'adrijana.blagojevic@example.com', 'login': {'uuid': '00bf834b-9f27-4809-b14a-beaa132dcdac', 'username': 'redpanda914', 'password': 'dawn', 'salt': '8jCHaKSe', 'md5': '4bc416ca2a6a12d3a640495d7d86aa17', 'sha1': 'eea916d25ee2827e5ce198acd78bfcdff4536b07', 'sha256': 'bf00e26fe94517766ef6f3fbb7d80a0077528c7febcb85658545bc1062dc3af6'}, 'dob': {'date': '1982-10-16T20:23:49.462Z', 'age': 41}, 'registered': {'date': '2015-10-15T02:07:00.612Z', 'age': 8}, 'phone': '011-8786-703', 'cell': '068-1034-829', 'id': {'name': 'SID', 'value': '603070637'}, 'picture': {'large': 'https://randomuser.me/api/portraits/women/9.jpg', 'medium': 'https://randomuser.me/api/portraits/med/women/9.jpg', 'thumbnail': 'https://randomuser.me/api/portraits/thumb/women/9.jpg'}, 'nat': 'RS'}</msg>
<arg>${json_data['results'][0]}</arg>
<doc>Logs the given message with the given level.</doc>
<status status="PASS" start="2024-07-14T01:13:14.182170" elapsed="0.000407"/>
</kw>
<kw name="Log" owner="BuiltIn">
<msg time="2024-07-14T01:13:14.182995" level="INFO">login</msg>
<arg>${key}</arg>
<doc>Logs the given message with the given level.</doc>
<status status="PASS" start="2024-07-14T01:13:14.182869" elapsed="0.000164"/>
</kw>
<var name="${key}">login</var>
<status status="PASS" start="2024-07-14T01:13:14.181468" elapsed="0.001792"/>
</iter>
<var>${key}</var>
<value>@{expected_keys}</value>
<status status="PASS" start="2024-07-14T01:13:14.173302" elapsed="0.010077"/>
</for>
<kw name="Create List" owner="BuiltIn">
<msg time="2024-07-14T01:13:14.183734" level="INFO">${expected_keysTwo} = ['username', 'password']</msg>
<var>${expected_keysTwo}</var>
<arg>username</arg>
<arg>password</arg>
<doc>Returns a list containing given items.</doc>
<status status="PASS" start="2024-07-14T01:13:14.183597" elapsed="0.000160"/>
</kw>
<for flavor="IN">
<iter>
<kw name="Dictionary Should Contain Key" owner="Collections">
<arg>${json_data['results'][0]['login']}</arg>
<arg>${keyTwo}</arg>
<doc>Fails if ``key`` is not found from ``dictionary``.</doc>
<status status="PASS" start="2024-07-14T01:13:14.184252" elapsed="0.000396"/>
</kw>
<kw name="Dictionary Should Contain Key" owner="Collections">
<arg>${json_data['results'][0]['login']}</arg>
<arg>${keyTwo}</arg>
<doc>Fails if ``key`` is not found from ``dictionary``.</doc>
<status status="PASS" start="2024-07-14T01:13:14.184826" elapsed="0.000363"/>
</kw>
<kw name="Log" owner="BuiltIn">
<msg time="2024-07-14T01:13:14.185491" level="INFO">username</msg>
<arg>${keyTwo}</arg>
<doc>Logs the given message with the given level.</doc>
<status status="PASS" start="2024-07-14T01:13:14.185371" elapsed="0.000158"/>
</kw>
<var name="${keyTwo}">username</var>
<status status="PASS" start="2024-07-14T01:13:14.184146" elapsed="0.001641"/>
</iter>
<iter>
<kw name="Dictionary Should Contain Key" owner="Collections">
<arg>${json_data['results'][0]['login']}</arg>
<arg>${keyTwo}</arg>
<doc>Fails if ``key`` is not found from ``dictionary``.</doc>
<status status="PASS" start="2024-07-14T01:13:14.186120" elapsed="0.000383"/>
</kw>
<kw name="Dictionary Should Contain Key" owner="Collections">
<arg>${json_data['results'][0]['login']}</arg>
<arg>${keyTwo}</arg>
<doc>Fails if ``key`` is not found from ``dictionary``.</doc>
<status status="PASS" start="2024-07-14T01:13:14.186680" elapsed="0.000359"/>
</kw>
<kw name="Log" owner="BuiltIn">
<msg time="2024-07-14T01:13:14.187330" level="INFO">password</msg>
<arg>${keyTwo}</arg>
<doc>Logs the given message with the given level.</doc>
<status status="PASS" start="2024-07-14T01:13:14.187212" elapsed="0.000161"/>
</kw>
<var name="${keyTwo}">password</var>
<status status="PASS" start="2024-07-14T01:13:14.185988" elapsed="0.001618"/>
</iter>
<var>${keyTwo}</var>
<value>@{expected_keysTwo}</value>
<status status="PASS" start="2024-07-14T01:13:14.183995" elapsed="0.003731"/>
</for>
<status status="PASS" start="2024-07-14T01:13:14.115788" elapsed="0.072078"/>
</kw>
<doc>Testa a estrutura da resposta da API.</doc>
<tag>testeEstruturaResposta</tag>
<status status="PASS" start="2024-07-14T01:13:14.115242" elapsed="0.072777"/>
</test>
<test id="s1-s1-t4" name="Validar tipos de dados" line="28">
<kw name="Teste de Tipos de Dados" owner="random-user-service">
<kw name="GET On Session" owner="RequestsLibrary">
<msg time="2024-07-14T01:13:14.268767" level="INFO">GET Request : url=https://randomuser.me/api 
 path_url=/api 
 headers={'User-Agent': 'python-requests/2.32.3', 'Accept-Encoding': 'gzip, deflate', 'Accept': '*/*', 'Connection': 'keep-alive'} 
 body=None 
 </msg>
<msg time="2024-07-14T01:13:14.268889" level="INFO">GET Response : url=https://randomuser.me/api 
 status=200, reason=OK 
 headers={'Date': 'Sun, 14 Jul 2024 01:13:14 GMT', 'Content-Type': 'application/json; charset=utf-8', 'Transfer-Encoding': 'chunked', 'Connection': 'keep-alive', 'X-Powered-By': 'Express', 'Access-Control-Allow-Origin': '*', 'Cache-Control': 'no-cache', 'ETag': 'W/"469-Hkvrp6S24dT4gkS6oR+ajr2bmes"', 'Vary': 'Accept-Encoding', 'Content-Encoding': 'gzip', 'CF-Cache-Status': 'DYNAMIC', 'Report-To': '{"endpoints":[{"url":"https:\\/\\/a.nel.cloudflare.com\\/report\\/v4?s=%2B5ReQnvzOxt8ZkHGaFAlwrDs6vpLJPd7YHTl%2BYeJp2bW9Z00zUpZOChIOn5djztlZs2hY55F6b%2B9tC%2F1X0NUscv7brK%2Bp2uAr%2FQ5lUEdzcfvUq2XsltIM0Zwpr07thdt"}],"group":"cf-nel","max_age":604800}', 'NEL': '{"success_fraction":0,"report_to":"cf-nel","max_age":604800}', 'Server': 'cloudflare', 'CF-RAY': '8a2da627bc9c2412-IAD', 'alt-svc': 'h3=":443"; ma=86400'} 
 body={"results":[{"gender":"male","name":{"title":"Mr","first":"Janko","last":"Divac"},"location":{"street":{"number":9561,"name":"Sofije Jovanović"},"city":"Tutin","state":"Pčinja","country":"Serbia","postcode":76596,"coordinates":{"latitude":"56.7146","longitude":"-170.3339"},"timezone":{"offset":"-10:00","description":"Hawaii"}},"email":"janko.divac@example.com","login":{"uuid":"511fcdab-3982-4d0c-b45f-95cf582c7668","username":"greenzebra626","password":"darryl","salt":"oKFj3cYT","md5":"ef0482f7a8a6c66d07d0849c5624797b","sha1":"30cd7737712ed377be035141abd3a4f32851e2be","sha256":"bc73ae2d19c626a6b14e97065882d9aefee97864b2a0a9a9b950315c203d9001"},"dob":{"date":"1963-03-27T23:46:15.100Z","age":61},"registered":{"date":"2017-09-22T09:50:29.876Z","age":6},"phone":"015-1843-454","cell":"064-5581-377","id":{"name":"SID","value":"165917683"},"picture":{"large":"https://randomuser.me/api/portraits/men/94.jpg","medium":"https://randomuser.me/api/portraits/med/men/94.jpg","thumbnail":"https://randomuser.me/api/portraits/thumb/men/94.jpg"},"nat":"RS"}],"info":{"seed":"30336e412ee63308","results":1,"page":1,"version":"1.4"}} 
 </msg>
<msg time="2024-07-14T01:13:14.268993" level="INFO">/opt/hostedtoolcache/Python/3.12.4/x64/lib/python3.12/site-packages/urllib3/connectionpool.py:1099: InsecureRequestWarning: Unverified HTTPS request is being made to host 'randomuser.me'. Adding certificate verification is strongly advised. See: https://urllib3.readthedocs.io/en/latest/advanced-usage.html#tls-warnings
  warnings.warn(</msg>
<msg time="2024-07-14T01:13:14.269136" level="INFO">${response} = &lt;Response [200]&gt;</msg>
<var>${response}</var>
<arg>consultarAPI</arg>
<arg>/api</arg>
<doc>Sends a GET request on a previously created HTTP Session.</doc>
<status status="PASS" start="2024-07-14T01:13:14.190590" elapsed="0.078587"/>
</kw>
<kw name="Set Variable" owner="BuiltIn">
<msg time="2024-07-14T01:13:14.270813" level="INFO">${json_data} = {'results': [{'gender': 'male', 'name': {'title': 'Mr', 'first': 'Janko', 'last': 'Divac'}, 'location': {'street': {'number': 9561, 'name': 'Sofije Jovanović'}, 'city': 'Tutin', 'state': 'Pčinja', 'co...</msg>
<var>${json_data}</var>
<arg>${response.json()}</arg>
<doc>Returns the given values which can then be assigned to a variables.</doc>
<status status="PASS" start="2024-07-14T01:13:14.269998" elapsed="0.000847"/>
</kw>
<kw name="Log" owner="BuiltIn">
<msg time="2024-07-14T01:13:14.271341" level="INFO">{'results': [{'gender': 'male', 'name': {'title': 'Mr', 'first': 'Janko', 'last': 'Divac'}, 'location': {'street': {'number': 9561, 'name': 'Sofije Jovanović'}, 'city': 'Tutin', 'state': 'Pčinja', 'country': 'Serbia', 'postcode': 76596, 'coordinates': {'latitude': '56.7146', 'longitude': '-170.3339'}, 'timezone': {'offset': '-10:00', 'description': 'Hawaii'}}, 'email': 'janko.divac@example.com', 'login': {'uuid': '511fcdab-3982-4d0c-b45f-95cf582c7668', 'username': 'greenzebra626', 'password': 'darryl', 'salt': 'oKFj3cYT', 'md5': 'ef0482f7a8a6c66d07d0849c5624797b', 'sha1': '30cd7737712ed377be035141abd3a4f32851e2be', 'sha256': 'bc73ae2d19c626a6b14e97065882d9aefee97864b2a0a9a9b950315c203d9001'}, 'dob': {'date': '1963-03-27T23:46:15.100Z', 'age': 61}, 'registered': {'date': '2017-09-22T09:50:29.876Z', 'age': 6}, 'phone': '015-1843-454', 'cell': '064-5581-377', 'id': {'name': 'SID', 'value': '165917683'}, 'picture': {'large': 'https://randomuser.me/api/portraits/men/94.jpg', 'medium': 'https://randomuser.me/api/portraits/med/men/94.jpg', 'thumbnail': 'https://randomuser.me/api/portraits/thumb/men/94.jpg'}, 'nat': 'RS'}], 'info': {'seed': '30336e412ee63308', 'results': 1, 'page': 1, 'version': '1.4'}}</msg>
<arg>${json_data}</arg>
<doc>Logs the given message with the given level.</doc>
<status status="PASS" start="2024-07-14T01:13:14.271177" elapsed="0.000218"/>
</kw>
<kw name="Should Be String" owner="String">
<arg>${json_data['results'][0]['gender']}</arg>
<doc>Fails if the given ``item`` is not a string.</doc>
<status status="PASS" start="2024-07-14T01:13:14.271691" elapsed="0.000379"/>
</kw>
<kw name="Should Match Regexp" owner="BuiltIn">
<arg>${json_data['results'][0]['email']}</arg>
<arg>^[a-zA-Z0-9._%+-]+@[a-zA-Z0-9.-]+\.[a-zA-Z]{2,}$</arg>
<doc>Fails if ``string`` does not match ``pattern`` as a regular expression.</doc>
<status status="PASS" start="2024-07-14T01:13:14.272259" elapsed="0.000530"/>
</kw>
<kw name="Should Match Regexp" owner="BuiltIn">
<arg>${json_data['results'][0]['dob']['date']}</arg>
<arg>\\d{4}-\\d{2}-\\d{2}T\\d{2}:\\d{2}:\\d{2}\\.\\d{3}Z</arg>
<doc>Fails if ``string`` does not match ``pattern`` as a regular expression.</doc>
<status status="PASS" start="2024-07-14T01:13:14.273022" elapsed="0.000490"/>
</kw>
<kw name="Should Match Regexp" owner="BuiltIn">
<arg>${json_data['results'][0]['registered']['date']}</arg>
<arg>\\d{4}-\\d{2}-\\d{2}T\\d{2}:\\d{2}:\\d{2}\\.\\d{3}Z</arg>
<doc>Fails if ``string`` does not match ``pattern`` as a regular expression.</doc>
<status status="PASS" start="2024-07-14T01:13:14.273744" elapsed="0.000376"/>
</kw>
<kw name="Should Match Regexp" owner="BuiltIn">
<arg>${json_data['results'][0]['picture']['large']}</arg>
<arg>^https?://.*\.(?:png|jpe?g|gif|bmp)$</arg>
<doc>Fails if ``string`` does not match ``pattern`` as a regular expression.</doc>
<status status="PASS" start="2024-07-14T01:13:14.274306" elapsed="0.000460"/>
</kw>
<kw name="Should Match Regexp" owner="BuiltIn">
<arg>${json_data['results'][0]['picture']['medium']}</arg>
<arg>^https?://.*\.(?:png|jpe?g|gif|bmp)$</arg>
<doc>Fails if ``string`` does not match ``pattern`` as a regular expression.</doc>
<status status="PASS" start="2024-07-14T01:13:14.274964" elapsed="0.000360"/>
</kw>
<kw name="Should Match Regexp" owner="BuiltIn">
<arg>${json_data['results'][0]['picture']['thumbnail']}</arg>
<arg>^https?://.*\.(?:png|jpe?g|gif|bmp)$</arg>
<doc>Fails if ``string`` does not match ``pattern`` as a regular expression.</doc>
<status status="PASS" start="2024-07-14T01:13:14.275509" elapsed="0.000348"/>
</kw>
<kw name="Log" owner="BuiltIn">
<msg time="2024-07-14T01:13:14.276380" level="INFO">{'large': 'https://randomuser.me/api/portraits/men/94.jpg', 'medium': 'https://randomuser.me/api/portraits/med/men/94.jpg', 'thumbnail': 'https://randomuser.me/api/portraits/thumb/men/94.jpg'}</msg>
<arg>${json_data['results'][0]['picture']}</arg>
<doc>Logs the given message with the given level.</doc>
<status status="PASS" start="2024-07-14T01:13:14.276039" elapsed="0.000398"/>
</kw>
<status status="PASS" start="2024-07-14T01:13:14.190365" elapsed="0.086355"/>
</kw>
<kw name="Teste de Tipos de Dados - Postcode" owner="random-user-service">
<kw name="GET On Session" owner="RequestsLibrary">
<msg time="2024-07-14T01:13:14.367805" level="INFO">GET Request : url=https://randomuser.me/api 
 path_url=/api 
 headers={'User-Agent': 'python-requests/2.32.3', 'Accept-Encoding': 'gzip, deflate', 'Accept': '*/*', 'Connection': 'keep-alive'} 
 body=None 
 </msg>
<msg time="2024-07-14T01:13:14.367916" level="INFO">GET Response : url=https://randomuser.me/api 
 status=200, reason=OK 
 headers={'Date': 'Sun, 14 Jul 2024 01:13:14 GMT', 'Content-Type': 'application/json; charset=utf-8', 'Transfer-Encoding': 'chunked', 'Connection': 'keep-alive', 'X-Powered-By': 'Express', 'Access-Control-Allow-Origin': '*', 'Cache-Control': 'no-cache', 'ETag': 'W/"47a-CXc4E8y3+dlDwCMYeK6FX/9OTG4"', 'Vary': 'Accept-Encoding', 'Content-Encoding': 'gzip', 'CF-Cache-Status': 'DYNAMIC', 'Report-To': '{"endpoints":[{"url":"https:\\/\\/a.nel.cloudflare.com\\/report\\/v4?s=%2BP1k0KDFImJOz%2BcT%2BTtui6Orl4BrhL7Pf4qPQpRolFdEhmCtm7Z5or2fh%2BxruD9HdwEYiA6pSE3Gbm%2FyayUQFTpBZ6rcbIGPY2Uj4aW8yxJYrr18o5s18IzdboQi%2F15u"}],"group":"cf-nel","max_age":604800}', 'NEL': '{"success_fraction":0,"report_to":"cf-nel","max_age":604800}', 'Server': 'cloudflare', 'CF-RAY': '8a2da6284d162412-IAD', 'alt-svc': 'h3=":443"; ma=86400'} 
 body={"results":[{"gender":"male","name":{"title":"Mr","first":"Roland","last":"Dunne"},"location":{"street":{"number":5435,"name":"Henry Street"},"city":"Tullamore","state":"Sligo","country":"Ireland","postcode":20177,"coordinates":{"latitude":"-1.8456","longitude":"-137.3087"},"timezone":{"offset":"-12:00","description":"Eniwetok, Kwajalein"}},"email":"roland.dunne@example.com","login":{"uuid":"d3084fc1-beca-4030-b5d6-3167de0cb5fb","username":"smallgorilla312","password":"february","salt":"R4VOdldD","md5":"602e1b5c3ef96be0ca670586529b1c86","sha1":"2f43e301f4177b6eea31dfd70a43c68df2140039","sha256":"32259f366c805876688d527d9429bd7a5e2967b198aac8906e855d8ff70a53ae"},"dob":{"date":"1949-03-28T12:37:45.138Z","age":75},"registered":{"date":"2010-12-26T03:24:26.417Z","age":13},"phone":"061-807-7396","cell":"081-968-1486","id":{"name":"PPS","value":"4048826T"},"picture":{"large":"https://randomuser.me/api/portraits/men/47.jpg","medium":"https://randomuser.me/api/portraits/med/men/47.jpg","thumbnail":"https://randomuser.me/api/portraits/thumb/men/47.jpg"},"nat":"IE"}],"info":{"seed":"725f3168e830cf24","results":1,"page":1,"version":"1.4"}} 
 </msg>
<msg time="2024-07-14T01:13:14.368001" level="INFO">/opt/hostedtoolcache/Python/3.12.4/x64/lib/python3.12/site-packages/urllib3/connectionpool.py:1099: InsecureRequestWarning: Unverified HTTPS request is being made to host 'randomuser.me'. Adding certificate verification is strongly advised. See: https://urllib3.readthedocs.io/en/latest/advanced-usage.html#tls-warnings
  warnings.warn(</msg>
<msg time="2024-07-14T01:13:14.368142" level="INFO">${response} = &lt;Response [200]&gt;</msg>
<var>${response}</var>
<arg>consultarAPI</arg>
<arg>/api</arg>
<doc>Sends a GET request on a previously created HTTP Session.</doc>
<status status="PASS" start="2024-07-14T01:13:14.277186" elapsed="0.090998"/>
</kw>
<kw name="Set Variable" owner="BuiltIn">
<msg time="2024-07-14T01:13:14.369649" level="INFO">${json_data} = {'results': [{'gender': 'male', 'name': {'title': 'Mr', 'first': 'Roland', 'last': 'Dunne'}, 'location': {'street': {'number': 5435, 'name': 'Henry Street'}, 'city': 'Tullamore', 'state': 'Sligo', 'co...</msg>
<var>${json_data}</var>
<arg>${response.json()}</arg>
<doc>Returns the given values which can then be assigned to a variables.</doc>
<status status="PASS" start="2024-07-14T01:13:14.368952" elapsed="0.000738"/>
</kw>
<kw name="Log" owner="BuiltIn">
<msg time="2024-07-14T01:13:14.370252" level="INFO">{'results': [{'gender': 'male', 'name': {'title': 'Mr', 'first': 'Roland', 'last': 'Dunne'}, 'location': {'street': {'number': 5435, 'name': 'Henry Street'}, 'city': 'Tullamore', 'state': 'Sligo', 'country': 'Ireland', 'postcode': 20177, 'coordinates': {'latitude': '-1.8456', 'longitude': '-137.3087'}, 'timezone': {'offset': '-12:00', 'description': 'Eniwetok, Kwajalein'}}, 'email': 'roland.dunne@example.com', 'login': {'uuid': 'd3084fc1-beca-4030-b5d6-3167de0cb5fb', 'username': 'smallgorilla312', 'password': 'february', 'salt': 'R4VOdldD', 'md5': '602e1b5c3ef96be0ca670586529b1c86', 'sha1': '2f43e301f4177b6eea31dfd70a43c68df2140039', 'sha256': '32259f366c805876688d527d9429bd7a5e2967b198aac8906e855d8ff70a53ae'}, 'dob': {'date': '1949-03-28T12:37:45.138Z', 'age': 75}, 'registered': {'date': '2010-12-26T03:24:26.417Z', 'age': 13}, 'phone': '061-807-7396', 'cell': '081-968-1486', 'id': {'name': 'PPS', 'value': '4048826T'}, 'picture': {'large': 'https://randomuser.me/api/portraits/men/47.jpg', 'medium': 'https://randomuser.me/api/portraits/med/men/47.jpg', 'thumbnail': 'https://randomuser.me/api/portraits/thumb/men/47.jpg'}, 'nat': 'IE'}], 'info': {'seed': '725f3168e830cf24', 'results': 1, 'page': 1, 'version': '1.4'}}</msg>
<arg>${json_data}</arg>
<doc>Logs the given message with the given level.</doc>
<status status="PASS" start="2024-07-14T01:13:14.370073" elapsed="0.000230"/>
</kw>
<kw name="Should Be Equal As Numbers" owner="BuiltIn">
<arg>${json_data['results'][0]['location']['postcode']}</arg>
<arg>${json_data['results'][0]['location']['postcode']}</arg>
<doc>Fails if objects are unequal after converting them to real numbers.</doc>
<status status="PASS" start="2024-07-14T01:13:14.370624" elapsed="0.000647"/>
</kw>
<kw name="Log" owner="BuiltIn">
<msg time="2024-07-14T01:13:14.371808" level="INFO">20177</msg>
<arg>${json_data['results'][0]['location']['postcode']}</arg>
<doc>Logs the given message with the given level.</doc>
<status status="PASS" start="2024-07-14T01:13:14.371470" elapsed="0.000379"/>
</kw>
<status status="PASS" start="2024-07-14T01:13:14.276956" elapsed="0.095195"/>
</kw>
<doc>Testa se os tipos de dados na resposta da API estão corretos.</doc>
<tag>testeTiposDados</tag>
<status status="PASS" start="2024-07-14T01:13:14.189799" elapsed="0.182528"/>
</test>
<test id="s1-s1-t5" name="Validar conteudo" line="35">
<kw name="Teste de Tipos de Conteudo" owner="random-user-service">
<kw name="GET On Session" owner="RequestsLibrary">
<msg time="2024-07-14T01:13:14.469795" level="INFO">GET Request : url=https://randomuser.me/api 
 path_url=/api 
 headers={'User-Agent': 'python-requests/2.32.3', 'Accept-Encoding': 'gzip, deflate', 'Accept': '*/*', 'Connection': 'keep-alive'} 
 body=None 
 </msg>
<msg time="2024-07-14T01:13:14.469912" level="INFO">GET Response : url=https://randomuser.me/api 
 status=200, reason=OK 
 headers={'Date': 'Sun, 14 Jul 2024 01:13:14 GMT', 'Content-Type': 'application/json; charset=utf-8', 'Transfer-Encoding': 'chunked', 'Connection': 'keep-alive', 'X-Powered-By': 'Express', 'Access-Control-Allow-Origin': '*', 'Cache-Control': 'no-cache', 'ETag': 'W/"49b-FeCKU9tjZHyR4lW7kZw+/mtF+K0"', 'Vary': 'Accept-Encoding', 'Content-Encoding': 'gzip', 'CF-Cache-Status': 'DYNAMIC', 'Report-To': '{"endpoints":[{"url":"https:\\/\\/a.nel.cloudflare.com\\/report\\/v4?s=C4eNcnRAVzPo140Be1hyvtZT%2F9FKQpyzi5hL%2F6aGs3LFcm0TWeev5MlUL%2BrKBoM%2F7x4eJMcnqNiDxfIxSp%2Fm9KiqZKWwGZwf%2B35tsjyvKJptcfCyurbq2%2FxEV5wY3DZ4"}],"group":"cf-nel","max_age":604800}', 'NEL': '{"success_fraction":0,"report_to":"cf-nel","max_age":604800}', 'Server': 'cloudflare', 'CF-RAY': '8a2da628edc42412-IAD', 'alt-svc': 'h3=":443"; ma=86400'} 
 body={"results":[{"gender":"female","name":{"title":"Mrs","first":"Olivia","last":"Beck"},"location":{"street":{"number":3252,"name":"Spring St"},"city":"Busselton","state":"New South Wales","country":"Australia","postcode":9335,"coordinates":{"latitude":"-86.1679","longitude":"18.1658"},"timezone":{"offset":"-5:00","description":"Eastern Time (US &amp; Canada), Bogota, Lima"}},"email":"olivia.beck@example.com","login":{"uuid":"b0545c42-0960-4065-b2a2-402dae8176cf","username":"blackelephant153","password":"norway","salt":"Mzcbxt8j","md5":"9c7a0983d9f89ae6c2ec1b62f87ebe71","sha1":"337b2e52d2661824f229687af3e29b6055b9be65","sha256":"d00ad579827c58351a30dca85a26bfc21e6ccbfbd8dccb972c6b44f88e428455"},"dob":{"date":"1953-07-12T05:10:31.928Z","age":71},"registered":{"date":"2019-09-29T22:09:57.064Z","age":4},"phone":"09-5044-7975","cell":"0414-796-578","id":{"name":"TFN","value":"430320446"},"picture":{"large":"https://randomuser.me/api/portraits/women/61.jpg","medium":"https://randomuser.me/api/portraits/med/women/61.jpg","thumbnail":"https://randomuser.me/api/portraits/thumb/women/61.jpg"},"nat":"AU"}],"info":{"seed":"70d3b41bbd1b3cf4","results":1,"page":1,"version":"1.4"}} 
 </msg>
<msg time="2024-07-14T01:13:14.470028" level="INFO">/opt/hostedtoolcache/Python/3.12.4/x64/lib/python3.12/site-packages/urllib3/connectionpool.py:1099: InsecureRequestWarning: Unverified HTTPS request is being made to host 'randomuser.me'. Adding certificate verification is strongly advised. See: https://urllib3.readthedocs.io/en/latest/advanced-usage.html#tls-warnings
  warnings.warn(</msg>
<msg time="2024-07-14T01:13:14.470175" level="INFO">${response} = &lt;Response [200]&gt;</msg>
<var>${response}</var>
<arg>consultarAPI</arg>
<arg>/api</arg>
<doc>Sends a GET request on a previously created HTTP Session.</doc>
<status status="PASS" start="2024-07-14T01:13:14.375085" elapsed="0.095135"/>
</kw>
<kw name="Set Variable" owner="BuiltIn">
<msg time="2024-07-14T01:13:14.471776" level="INFO">${json_data} = {'results': [{'gender': 'female', 'name': {'title': 'Mrs', 'first': 'Olivia', 'last': 'Beck'}, 'location': {'street': {'number': 3252, 'name': 'Spring St'}, 'city': 'Busselton', 'state': 'New South Wa...</msg>
<var>${json_data}</var>
<arg>${response.json()}</arg>
<doc>Returns the given values which can then be assigned to a variables.</doc>
<status status="PASS" start="2024-07-14T01:13:14.471016" elapsed="0.000790"/>
</kw>
<kw name="Set Variable" owner="BuiltIn">
<msg time="2024-07-14T01:13:14.472530" level="INFO">${name_title} = Mrs</msg>
<var>${name_title}</var>
<arg>${json_data["results"][0]["name"]["title"]}</arg>
<doc>Returns the given values which can then be assigned to a variables.</doc>
<status status="PASS" start="2024-07-14T01:13:14.472124" elapsed="0.000433"/>
</kw>
<kw name="Create List" owner="BuiltIn">
<msg time="2024-07-14T01:13:14.473010" level="INFO">${allowed_titles} = ['Mr', 'Ms', 'Miss', 'Mrs', 'Madame', 'Monsieur']</msg>
<var>${allowed_titles}</var>
<arg>Mr</arg>
<arg>Ms</arg>
<arg>Miss</arg>
<arg>Mrs</arg>
<arg>Madame</arg>
<arg>Monsieur</arg>
<doc>Returns a list containing given items.</doc>
<status status="PASS" start="2024-07-14T01:13:14.472860" elapsed="0.000175"/>
</kw>
<kw name="List Should Contain Value" owner="Collections">
<arg>${allowed_titles}</arg>
<arg>${name_title}</arg>
<doc>Fails if the ``value`` is not found from ``list``.</doc>
<status status="PASS" start="2024-07-14T01:13:14.473334" elapsed="0.000177"/>
</kw>
<kw name="Set Variable" owner="BuiltIn">
<msg time="2024-07-14T01:13:14.474101" level="INFO">${name_country} = AU</msg>
<var>${name_country}</var>
<arg>${json_data["results"][0]["nat"]}</arg>
<doc>Returns the given values which can then be assigned to a variables.</doc>
<status status="PASS" start="2024-07-14T01:13:14.473734" elapsed="0.000393"/>
</kw>
<kw name="Create List" owner="BuiltIn">
<msg time="2024-07-14T01:13:14.475050" level="INFO">${list_country} = ['AD', 'AE', 'AF', 'AG', 'AI', 'AL', 'AM', 'AO', 'AQ', 'AR', 'AS', 'AT', 'AU', 'AW', 'AX', 'AZ', 'BA', 'BB', 'BD', 'BE', 'BF', 'BG', 'BH', 'BI', 'BJ', 'BL', 'BM', 'BN', 'BO', 'BQ', 'BR', 'BS', 'BT', '...</msg>
<var>${list_country}</var>
<arg>AD</arg>
<arg>AE</arg>
<arg>AF</arg>
<arg>AG</arg>
<arg>AI</arg>
<arg>AL</arg>
<arg>AM</arg>
<arg>AO</arg>
<arg>AQ</arg>
<arg>AR</arg>
<arg>AS</arg>
<arg>AT</arg>
<arg>AU</arg>
<arg>AW</arg>
<arg>AX</arg>
<arg>AZ</arg>
<arg>BA</arg>
<arg>BB</arg>
<arg>BD</arg>
<arg>BE</arg>
<arg>BF</arg>
<arg>BG</arg>
<arg>BH</arg>
<arg>BI</arg>
<arg>BJ</arg>
<arg>BL</arg>
<arg>BM</arg>
<arg>BN</arg>
<arg>BO</arg>
<arg>BQ</arg>
<arg>BR</arg>
<arg>BS</arg>
<arg>BT</arg>
<arg>BV</arg>
<arg>BW</arg>
<arg>BY</arg>
<arg>BZ</arg>
<arg>CA</arg>
<arg>CC</arg>
<arg>CD</arg>
<arg>CF</arg>
<arg>CG</arg>
<arg>CH</arg>
<arg>CI</arg>
<arg>CK</arg>
<arg>CL</arg>
<arg>CM</arg>
<arg>CN</arg>
<arg>CO</arg>
<arg>CR</arg>
<arg>CU</arg>
<arg>CV</arg>
<arg>CW</arg>
<arg>CX</arg>
<arg>CY</arg>
<arg>CZ</arg>
<arg>DE</arg>
<arg>DJ</arg>
<arg>DK</arg>
<arg>DM</arg>
<arg>DO</arg>
<arg>DZ</arg>
<arg>EC</arg>
<arg>EE</arg>
<arg>EG</arg>
<arg>EH</arg>
<arg>ER</arg>
<arg>ES</arg>
<arg>ET</arg>
<arg>FI</arg>
<arg>FJ</arg>
<arg>FK</arg>
<arg>FM</arg>
<arg>FO</arg>
<arg>FR</arg>
<arg>GA</arg>
<arg>GB</arg>
<arg>GD</arg>
<arg>GE</arg>
<arg>GF</arg>
<arg>GG</arg>
<arg>GH</arg>
<arg>GI</arg>
<arg>GL</arg>
<arg>GM</arg>
<arg>GN</arg>
<arg>GP</arg>
<arg>GQ</arg>
<arg>GR</arg>
<arg>GS</arg>
<arg>GT</arg>
<arg>GU</arg>
<arg>GW</arg>
<arg>GY</arg>
<arg>HK</arg>
<arg>HM</arg>
<arg>HN</arg>
<arg>HR</arg>
<arg>HT</arg>
<arg>HU</arg>
<arg>ID</arg>
<arg>IE</arg>
<arg>IL</arg>
<arg>IM</arg>
<arg>IN</arg>
<arg>IO</arg>
<arg>IQ</arg>
<arg>IR</arg>
<arg>IS</arg>
<arg>IT</arg>
<arg>JE</arg>
<arg>JM</arg>
<arg>JO</arg>
<arg>JP</arg>
<arg>KE</arg>
<arg>KG</arg>
<arg>KH</arg>
<arg>KI</arg>
<arg>KM</arg>
<arg>KN</arg>
<arg>KP</arg>
<arg>KR</arg>
<arg>KW</arg>
<arg>KY</arg>
<arg>KZ</arg>
<arg>LA</arg>
<arg>LB</arg>
<arg>LC</arg>
<arg>LI</arg>
<arg>LK</arg>
<arg>LR</arg>
<arg>LS</arg>
<arg>LT</arg>
<arg>LU</arg>
<arg>LV</arg>
<arg>LY</arg>
<arg>MA</arg>
<arg>MC</arg>
<arg>MD</arg>
<arg>ME</arg>
<arg>MF</arg>
<arg>MG</arg>
<arg>MH</arg>
<arg>MK</arg>
<arg>ML</arg>
<arg>MM</arg>
<arg>MN</arg>
<arg>MO</arg>
<arg>MP</arg>
<arg>MQ</arg>
<arg>MR</arg>
<arg>MS</arg>
<arg>MT</arg>
<arg>MU</arg>
<arg>MV</arg>
<arg>MW</arg>
<arg>MX</arg>
<arg>MY</arg>
<arg>MZ</arg>
<arg>NA</arg>
<arg>NC</arg>
<arg>NE</arg>
<arg>NF</arg>
<arg>NG</arg>
<arg>NI</arg>
<arg>NL</arg>
<arg>NO</arg>
<arg>NP</arg>
<arg>NR</arg>
<arg>NU</arg>
<arg>NZ</arg>
<arg>OM</arg>
<arg>PA</arg>
<arg>PE</arg>
<arg>PF</arg>
<arg>PG</arg>
<arg>PH</arg>
<arg>PK</arg>
<arg>PL</arg>
<arg>PM</arg>
<arg>PN</arg>
<arg>PR</arg>
<arg>PS</arg>
<arg>PT</arg>
<arg>PW</arg>
<arg>PY</arg>
<arg>QA</arg>
<arg>RE</arg>
<arg>RO</arg>
<arg>RS</arg>
<arg>RU</arg>
<arg>RW</arg>
<arg>SA</arg>
<arg>SB</arg>
<arg>SC</arg>
<arg>SD</arg>
<arg>SE</arg>
<arg>SG</arg>
<arg>SH</arg>
<arg>SI</arg>
<arg>SJ</arg>
<arg>SK</arg>
<arg>SL</arg>
<arg>SM</arg>
<arg>SN</arg>
<arg>SO</arg>
<arg>SR</arg>
<arg>SS</arg>
<arg>ST</arg>
<arg>SV</arg>
<arg>SX</arg>
<arg>SY</arg>
<arg>SZ</arg>
<arg>TC</arg>
<arg>TD</arg>
<arg>TF</arg>
<arg>TG</arg>
<arg>TH</arg>
<arg>TJ</arg>
<arg>TK</arg>
<arg>TL</arg>
<arg>TM</arg>
<arg>TN</arg>
<arg>TO</arg>
<arg>TR</arg>
<arg>TT</arg>
<arg>TV</arg>
<arg>TW</arg>
<arg>TZ</arg>
<arg>UA</arg>
<arg>UG</arg>
<arg>UM</arg>
<arg>US</arg>
<arg>UY</arg>
<arg>UZ</arg>
<arg>VA</arg>
<arg>VC</arg>
<arg>VE</arg>
<arg>VG</arg>
<arg>VI</arg>
<arg>VN</arg>
<arg>VU</arg>
<arg>WF</arg>
<arg>WS</arg>
<arg>XK</arg>
<arg>YE</arg>
<arg>YT</arg>
<arg>ZA</arg>
<arg>ZM</arg>
<arg>ZW</arg>
<doc>Returns a list containing given items.</doc>
<status status="PASS" start="2024-07-14T01:13:14.474422" elapsed="0.000653"/>
</kw>
<kw name="List Should Contain Value" owner="Collections">
<arg>${list_country}</arg>
<arg>${name_country}</arg>
<doc>Fails if the ``value`` is not found from ``list``.</doc>
<status status="PASS" start="2024-07-14T01:13:14.475895" elapsed="0.000205"/>
</kw>
<kw name="Run Keyword If" owner="BuiltIn">
<kw name="Should Be True" owner="BuiltIn">
<arg>${True}</arg>
<doc>Fails if the given condition is not true.</doc>
<status status="PASS" start="2024-07-14T01:13:14.477039" elapsed="0.000141"/>
</kw>
<arg>${json_data["results"][0]["location"]["coordinates"]["latitude"]} &gt;= -90 and ${json_data["results"][0]["location"]["coordinates"]["latitude"]} &lt;= 90</arg>
<arg>Should Be True</arg>
<arg>${True}</arg>
<doc>Runs the given keyword with the given arguments, if ``condition`` is true.</doc>
<status status="PASS" start="2024-07-14T01:13:14.476295" elapsed="0.001011"/>
</kw>
<kw name="Run Keyword If" owner="BuiltIn">
<kw name="Should Be True" owner="BuiltIn">
<arg>${True}</arg>
<doc>Fails if the given condition is not true.</doc>
<status status="PASS" start="2024-07-14T01:13:14.478216" elapsed="0.000138"/>
</kw>
<arg>${json_data["results"][0]["location"]["coordinates"]["longitude"]} &gt;= -180 and ${json_data["results"][0]["location"]["coordinates"]["longitude"]} &lt;= 180</arg>
<arg>Should Be True</arg>
<arg>${True}</arg>
<doc>Runs the given keyword with the given arguments, if ``condition`` is true.</doc>
<status status="PASS" start="2024-07-14T01:13:14.477485" elapsed="0.000992"/>
</kw>
<status status="PASS" start="2024-07-14T01:13:14.374662" elapsed="0.103949"/>
</kw>
<doc>Testa o conteúdo específico dos campos retornados pela API.</doc>
<tag>testeConteudo</tag>
<status status="PASS" start="2024-07-14T01:13:14.374176" elapsed="0.104589"/>
</test>
<status status="PASS" start="2024-07-14T01:13:13.542835" elapsed="0.937926"/>
</suite>
<status status="PASS" start="2024-07-14T01:13:13.528137" elapsed="0.957863"/>
</suite>
<statistics>
<total>
<stat pass="5" fail="0" skip="0">All Tests</stat>
</total>
<tag>
<stat pass="1" fail="0" skip="0">testeConteudo</stat>
<stat pass="1" fail="0" skip="0">testeEstruturaResposta</stat>
<stat pass="1" fail="0" skip="0">testeRequisicaoBasica</stat>
<stat pass="1" fail="0" skip="0">testeTiposDados</stat>
</tag>
<suite>
<stat pass="5" fail="0" skip="0" id="s1" name="Tests">Tests</stat>
<stat pass="5" fail="0" skip="0" id="s1-s1" name="Random-User-Test">Tests.Random-User-Test</stat>
</suite>
</statistics>
<errors>
</errors>
</robot>
