<?xml version="1.0" encoding="UTF-8"?>
<robot generator="Robot 7.0 (Python 3.12.3 on linux)" generated="2024-04-21T19:12:11.182736" rpa="false" schemaversion="5">
<suite id="s1" name="Tests" source="/home/runner/work/DesafioQAItauRogerioJordao/DesafioQAItauRogerioJordao/RamdonUser/tests">
<suite id="s1-s1" name="Random-User-Test" source="/home/runner/work/DesafioQAItauRogerioJordao/DesafioQAItauRogerioJordao/RamdonUser/tests/random-user-test.robot">
<test id="s1-s1-t1" name="Conectar" line="13">
<kw name="Conectar API" owner="random-user-service">
<kw name="Create Session" owner="RequestsLibrary">
<msg time="2024-04-21T19:12:11.544464" level="INFO">Creating Session using : alias=consultarAPI, url=https://randomuser.me/, headers={},                     cookies={}, auth=None, timeout=None, proxies=None, verify=False,                     debug=0 </msg>
<arg>consultarAPI</arg>
<arg>${URL}</arg>
<doc>Create Session: create a HTTP session to a server</doc>
<status status="PASS" start="2024-04-21T19:12:11.544265" elapsed="0.000379"/>
</kw>
<status status="PASS" start="2024-04-21T19:12:11.543285" elapsed="0.001725"/>
</kw>
<status status="PASS" start="2024-04-21T19:12:11.542722" elapsed="0.002490"/>
</test>
<test id="s1-s1-t2" name="Validar retorno 200 e JSON Válido" line="16">
<kw name="Teste de Requisicao Basica" owner="random-user-service">
<kw name="GET On Session" owner="RequestsLibrary">
<msg time="2024-04-21T19:12:11.713629" level="INFO">GET Request : url=https://randomuser.me/api 
 path_url=/api 
 headers={'User-Agent': 'python-requests/2.31.0', 'Accept-Encoding': 'gzip, deflate', 'Accept': '*/*', 'Connection': 'keep-alive'} 
 body=None 
 </msg>
<msg time="2024-04-21T19:12:11.713787" level="INFO">GET Response : url=https://randomuser.me/api 
 status=200, reason=OK 
 headers={'Date': 'Sun, 21 Apr 2024 19:12:11 GMT', 'Content-Type': 'application/json; charset=utf-8', 'Transfer-Encoding': 'chunked', 'Connection': 'keep-alive', 'X-Powered-By': 'Express', 'Access-Control-Allow-Origin': '*', 'Cache-Control': 'no-cache', 'ETag': 'W/"4a4-lg6xVq4To66kNDtD6/hwUhkxbeg"', 'Vary': 'Accept-Encoding', 'Content-Encoding': 'gzip', 'CF-Cache-Status': 'DYNAMIC', 'Report-To': '{"endpoints":[{"url":"https:\\/\\/a.nel.cloudflare.com\\/report\\/v4?s=HBKYtXpwOBc7eSULMJrpDQFmbxKr138ADTcm3HUxNHqJSNHD4Zgn8HggJn83VDGcvCZJk0kkPlg5X3E6%2BVbXxJCGc9fMI71M8T%2BEUG1XsU%2Fput9YhV1V%2FehbdkBRXawb"}],"group":"cf-nel","max_age":604800}', 'NEL': '{"success_fraction":0,"report_to":"cf-nel","max_age":604800}', 'Server': 'cloudflare', 'CF-RAY': '877faf2908bb9c67-IAD', 'alt-svc': 'h3=":443"; ma=86400'} 
 body={"results":[{"gender":"male","name":{"title":"Mr","first":"Claudio","last":"Benavídez"},"location":{"street":{"number":7485,"name":"Continuación Norte Raya"},"city":"Jarácuaro","state":"Nuevo Leon","country":"Mexico","postcode":70681,"coordinates":{"latitude":"26.7690","longitude":"-168.6412"},"timezone":{"offset":"-7:00","description":"Mountain Time (US &amp; Canada)"}},"email":"claudio.benavidez@example.com","login":{"uuid":"213b769a-75f5-49fe-8744-6b61f16dbc92","username":"crazyelephant450","password":"iomega","salt":"Eu0xK84c","md5":"e1ef0951b0f713d09e0853d1b26a7870","sha1":"b018df929f56ff2f5e5724a1159c8d9b447b7ae1","sha256":"ecdb0e2022ea9f903310de8c45cee5288bc6707e0356cd7a9ffa0b0dbee4ad63"},"dob":{"date":"1985-08-28T08:50:16.320Z","age":38},"registered":{"date":"2010-08-05T12:37:39.365Z","age":13},"phone":"(691) 386 7515","cell":"(669) 859 3594","id":{"name":"NSS","value":"73 40 60 4720 5"},"picture":{"large":"https://randomuser.me/api/portraits/men/8.jpg","medium":"https://randomuser.me/api/portraits/med/men/8.jpg","thumbnail":"https://randomuser.me/api/portraits/thumb/men/8.jpg"},"nat":"MX"}],"info":{"seed":"426776df34625149","results":1,"page":1,"version":"1.4"}} 
 </msg>
<msg time="2024-04-21T19:12:11.713875" level="INFO">/opt/hostedtoolcache/Python/3.12.3/x64/lib/python3.12/site-packages/urllib3/connectionpool.py:1103: InsecureRequestWarning: Unverified HTTPS request is being made to host 'randomuser.me'. Adding certificate verification is strongly advised. See: https://urllib3.readthedocs.io/en/latest/advanced-usage.html#tls-warnings
  warnings.warn(</msg>
<msg time="2024-04-21T19:12:11.714027" level="INFO">${response} = &lt;Response [200]&gt;</msg>
<var>${response}</var>
<arg>consultarAPI</arg>
<arg>/api</arg>
<doc>Sends a GET request on a previously created HTTP Session.</doc>
<status status="PASS" start="2024-04-21T19:12:11.547895" elapsed="0.166173"/>
</kw>
<kw name="Should Be Equal As Numbers" owner="BuiltIn">
<msg time="2024-04-21T19:12:11.715146" level="INFO">Argument types are:
&lt;class 'int'&gt;
&lt;class 'str'&gt;</msg>
<arg>${response.status_code}</arg>
<arg>200</arg>
<doc>Fails if objects are unequal after converting them to real numbers.</doc>
<status status="PASS" start="2024-04-21T19:12:11.714666" elapsed="0.000546"/>
</kw>
<kw name="Log" owner="BuiltIn">
<msg time="2024-04-21T19:12:11.715891" level="INFO">200</msg>
<arg>${response.status_code}</arg>
<doc>Logs the given message with the given level.</doc>
<status status="PASS" start="2024-04-21T19:12:11.715543" elapsed="0.000389"/>
</kw>
<kw name="Set Variable" owner="BuiltIn">
<msg time="2024-04-21T19:12:11.716697" level="INFO">${json_data} = {'results': [{'gender': 'male', 'name': {'title': 'Mr', 'first': 'Claudio', 'last': 'Benavídez'}, 'location': {'street': {'number': 7485, 'name': 'Continuación Norte Raya'}, 'city': 'Jarácuaro', 'stat...</msg>
<var>${json_data}</var>
<arg>${response.json()}</arg>
<doc>Returns the given values which can then be assigned to a variables.</doc>
<status status="PASS" start="2024-04-21T19:12:11.716239" elapsed="0.000488"/>
</kw>
<kw name="Dictionary Should Contain Key" owner="Collections">
<msg time="2024-04-21T19:12:11.717208" level="INFO">False</msg>
<arg>${json_data}</arg>
<arg>results</arg>
<doc>Fails if ``key`` is not found from ``dictionary``.</doc>
<status status="PASS" start="2024-04-21T19:12:11.717036" elapsed="0.000213"/>
</kw>
<status status="PASS" start="2024-04-21T19:12:11.547641" elapsed="0.169876"/>
</kw>
<doc>Testa se a API responde corretamente e retorna um objeto JSON válido.</doc>
<tag>testeRequisicaoBasica</tag>
<status status="PASS" start="2024-04-21T19:12:11.547157" elapsed="0.170551"/>
</test>
<test id="s1-s1-t3" name="Validar estrutura de resposta" line="22">
<kw name="Teste de Estrutura de Resposta" owner="random-user-service">
<kw name="GET On Session" owner="RequestsLibrary">
<msg time="2024-04-21T19:12:11.815213" level="INFO">GET Request : url=https://randomuser.me/api 
 path_url=/api 
 headers={'User-Agent': 'python-requests/2.31.0', 'Accept-Encoding': 'gzip, deflate', 'Accept': '*/*', 'Connection': 'keep-alive'} 
 body=None 
 </msg>
<msg time="2024-04-21T19:12:11.815330" level="INFO">GET Response : url=https://randomuser.me/api 
 status=200, reason=OK 
 headers={'Date': 'Sun, 21 Apr 2024 19:12:11 GMT', 'Content-Type': 'application/json; charset=utf-8', 'Transfer-Encoding': 'chunked', 'Connection': 'keep-alive', 'X-Powered-By': 'Express', 'Access-Control-Allow-Origin': '*', 'Cache-Control': 'no-cache', 'ETag': 'W/"49b-lyTRnF3J1G+s7RfasTGwKAKJznU"', 'Vary': 'Accept-Encoding', 'Content-Encoding': 'gzip', 'CF-Cache-Status': 'DYNAMIC', 'Report-To': '{"endpoints":[{"url":"https:\\/\\/a.nel.cloudflare.com\\/report\\/v4?s=qFIE9pWQ6wkvNX6Zlc3AcJi4NC4H9%2BLJkVN0GQYpnww2wmockxijHY%2FpOj4idnhEZWAH0nttNI8bGZD9EF4%2FZZUKGXe90uybOk3AJI9oJcRZTt6%2FUlHN80%2FGpWjzO1FR"}],"group":"cf-nel","max_age":604800}', 'NEL': '{"success_fraction":0,"report_to":"cf-nel","max_age":604800}', 'Server': 'cloudflare', 'CF-RAY': '877faf2948ec9c67-IAD', 'alt-svc': 'h3=":443"; ma=86400'} 
 body={"results":[{"gender":"male","name":{"title":"Mr","first":"Nagnibida","last":"Selezinka"},"location":{"street":{"number":4906,"name":"Maydan Vidrodzhennya"},"city":"Irmino","state":"Dnipropetrovska","country":"Ukraine","postcode":80462,"coordinates":{"latitude":"73.3444","longitude":"-4.9439"},"timezone":{"offset":"-6:00","description":"Central Time (US &amp; Canada), Mexico City"}},"email":"nagnibida.selezinka@example.com","login":{"uuid":"9c37852c-3aca-4302-9b74-856e90103eb8","username":"lazyfish587","password":"phil","salt":"pOXPldjL","md5":"f9ce09629ec302cdace2f6aec80fa669","sha1":"b0f0ae82e47a7c0eb7a8efc3810d0a496a6c60ca","sha256":"37598f0de5a77a44789c518902408f2e2d0602913c0e49d36f247f637dcd3733"},"dob":{"date":"1964-01-07T13:33:58.818Z","age":60},"registered":{"date":"2010-03-11T02:33:07.715Z","age":14},"phone":"(097) B00-2975","cell":"(068) Y05-5295","id":{"name":"","value":null},"picture":{"large":"https://randomuser.me/api/portraits/men/90.jpg","medium":"https://randomuser.me/api/portraits/med/men/90.jpg","thumbnail":"https://randomuser.me/api/portraits/thumb/men/90.jpg"},"nat":"UA"}],"info":{"seed":"10fcf2b00e4307d5","results":1,"page":1,"version":"1.4"}} 
 </msg>
<msg time="2024-04-21T19:12:11.815474" level="INFO">/opt/hostedtoolcache/Python/3.12.3/x64/lib/python3.12/site-packages/urllib3/connectionpool.py:1103: InsecureRequestWarning: Unverified HTTPS request is being made to host 'randomuser.me'. Adding certificate verification is strongly advised. See: https://urllib3.readthedocs.io/en/latest/advanced-usage.html#tls-warnings
  warnings.warn(</msg>
<msg time="2024-04-21T19:12:11.815625" level="INFO">${response} = &lt;Response [200]&gt;</msg>
<var>${response}</var>
<arg>consultarAPI</arg>
<arg>/api</arg>
<doc>Sends a GET request on a previously created HTTP Session.</doc>
<status status="PASS" start="2024-04-21T19:12:11.720786" elapsed="0.094878"/>
</kw>
<kw name="Set Variable" owner="BuiltIn">
<msg time="2024-04-21T19:12:11.816745" level="INFO">${json_data} = {'results': [{'gender': 'male', 'name': {'title': 'Mr', 'first': 'Nagnibida', 'last': 'Selezinka'}, 'location': {'street': {'number': 4906, 'name': 'Maydan Vidrodzhennya'}, 'city': 'Irmino', 'state': ...</msg>
<var>${json_data}</var>
<arg>${response.json()}</arg>
<doc>Returns the given values which can then be assigned to a variables.</doc>
<status status="PASS" start="2024-04-21T19:12:11.816219" elapsed="0.000556"/>
</kw>
<kw name="Log" owner="BuiltIn">
<msg time="2024-04-21T19:12:11.817241" level="INFO">{'results': [{'gender': 'male', 'name': {'title': 'Mr', 'first': 'Nagnibida', 'last': 'Selezinka'}, 'location': {'street': {'number': 4906, 'name': 'Maydan Vidrodzhennya'}, 'city': 'Irmino', 'state': 'Dnipropetrovska', 'country': 'Ukraine', 'postcode': 80462, 'coordinates': {'latitude': '73.3444', 'longitude': '-4.9439'}, 'timezone': {'offset': '-6:00', 'description': 'Central Time (US &amp; Canada), Mexico City'}}, 'email': 'nagnibida.selezinka@example.com', 'login': {'uuid': '9c37852c-3aca-4302-9b74-856e90103eb8', 'username': 'lazyfish587', 'password': 'phil', 'salt': 'pOXPldjL', 'md5': 'f9ce09629ec302cdace2f6aec80fa669', 'sha1': 'b0f0ae82e47a7c0eb7a8efc3810d0a496a6c60ca', 'sha256': '37598f0de5a77a44789c518902408f2e2d0602913c0e49d36f247f637dcd3733'}, 'dob': {'date': '1964-01-07T13:33:58.818Z', 'age': 60}, 'registered': {'date': '2010-03-11T02:33:07.715Z', 'age': 14}, 'phone': '(097) B00-2975', 'cell': '(068) Y05-5295', 'id': {'name': '', 'value': None}, 'picture': {'large': 'https://randomuser.me/api/portraits/men/90.jpg', 'medium': 'https://randomuser.me/api/portraits/med/men/90.jpg', 'thumbnail': 'https://randomuser.me/api/portraits/thumb/men/90.jpg'}, 'nat': 'UA'}], 'info': {'seed': '10fcf2b00e4307d5', 'results': 1, 'page': 1, 'version': '1.4'}}</msg>
<arg>${json_data}</arg>
<doc>Logs the given message with the given level.</doc>
<status status="PASS" start="2024-04-21T19:12:11.817082" elapsed="0.000208"/>
</kw>
<kw name="Dictionary Should Contain Key" owner="Collections">
<msg time="2024-04-21T19:12:11.817750" level="INFO">False</msg>
<arg>${json_data}</arg>
<arg>results</arg>
<doc>Fails if ``key`` is not found from ``dictionary``.</doc>
<status status="PASS" start="2024-04-21T19:12:11.817589" elapsed="0.000197"/>
</kw>
<kw name="Should Not Be Empty" owner="BuiltIn">
<msg time="2024-04-21T19:12:11.818204" level="INFO">Length is 2.</msg>
<arg>${json_data}</arg>
<doc>Verifies that the given item is not empty.</doc>
<status status="PASS" start="2024-04-21T19:12:11.818074" elapsed="0.000333"/>
</kw>
<kw name="Create List" owner="BuiltIn">
<msg time="2024-04-21T19:12:11.818948" level="INFO">${expected_keys} = ['gender', 'name', 'location', 'email', 'login']</msg>
<var>${expected_keys}</var>
<arg>gender</arg>
<arg>name</arg>
<arg>location</arg>
<arg>email</arg>
<arg>login</arg>
<doc>Returns a list containing given items.</doc>
<status status="PASS" start="2024-04-21T19:12:11.818792" elapsed="0.000180"/>
</kw>
<for flavor="IN">
<iter>
<kw name="Dictionary Should Contain Key" owner="Collections">
<msg time="2024-04-21T19:12:11.819955" level="INFO">False</msg>
<arg>${json_data['results'][0]}</arg>
<arg>${key}</arg>
<doc>Fails if ``key`` is not found from ``dictionary``.</doc>
<status status="PASS" start="2024-04-21T19:12:11.819556" elapsed="0.000436"/>
</kw>
<kw name="Log" owner="BuiltIn">
<msg time="2024-04-21T19:12:11.820654" level="INFO">{'gender': 'male', 'name': {'title': 'Mr', 'first': 'Nagnibida', 'last': 'Selezinka'}, 'location': {'street': {'number': 4906, 'name': 'Maydan Vidrodzhennya'}, 'city': 'Irmino', 'state': 'Dnipropetrovska', 'country': 'Ukraine', 'postcode': 80462, 'coordinates': {'latitude': '73.3444', 'longitude': '-4.9439'}, 'timezone': {'offset': '-6:00', 'description': 'Central Time (US &amp; Canada), Mexico City'}}, 'email': 'nagnibida.selezinka@example.com', 'login': {'uuid': '9c37852c-3aca-4302-9b74-856e90103eb8', 'username': 'lazyfish587', 'password': 'phil', 'salt': 'pOXPldjL', 'md5': 'f9ce09629ec302cdace2f6aec80fa669', 'sha1': 'b0f0ae82e47a7c0eb7a8efc3810d0a496a6c60ca', 'sha256': '37598f0de5a77a44789c518902408f2e2d0602913c0e49d36f247f637dcd3733'}, 'dob': {'date': '1964-01-07T13:33:58.818Z', 'age': 60}, 'registered': {'date': '2010-03-11T02:33:07.715Z', 'age': 14}, 'phone': '(097) B00-2975', 'cell': '(068) Y05-5295', 'id': {'name': '', 'value': None}, 'picture': {'large': 'https://randomuser.me/api/portraits/men/90.jpg', 'medium': 'https://randomuser.me/api/portraits/med/men/90.jpg', 'thumbnail': 'https://randomuser.me/api/portraits/thumb/men/90.jpg'}, 'nat': 'UA'}</msg>
<arg>${json_data['results'][0]}</arg>
<doc>Logs the given message with the given level.</doc>
<status status="PASS" start="2024-04-21T19:12:11.820291" elapsed="0.000412"/>
</kw>
<kw name="Log" owner="BuiltIn">
<msg time="2024-04-21T19:12:11.821119" level="INFO">gender</msg>
<arg>${key}</arg>
<doc>Logs the given message with the given level.</doc>
<status status="PASS" start="2024-04-21T19:12:11.820995" elapsed="0.000159"/>
</kw>
<var name="${key}">gender</var>
<status status="PASS" start="2024-04-21T19:12:11.819430" elapsed="0.001935"/>
</iter>
<iter>
<kw name="Dictionary Should Contain Key" owner="Collections">
<msg time="2024-04-21T19:12:11.822051" level="INFO">False</msg>
<arg>${json_data['results'][0]}</arg>
<arg>${key}</arg>
<doc>Fails if ``key`` is not found from ``dictionary``.</doc>
<status status="PASS" start="2024-04-21T19:12:11.821658" elapsed="0.000430"/>
</kw>
<kw name="Log" owner="BuiltIn">
<msg time="2024-04-21T19:12:11.822814" level="INFO">{'gender': 'male', 'name': {'title': 'Mr', 'first': 'Nagnibida', 'last': 'Selezinka'}, 'location': {'street': {'number': 4906, 'name': 'Maydan Vidrodzhennya'}, 'city': 'Irmino', 'state': 'Dnipropetrovska', 'country': 'Ukraine', 'postcode': 80462, 'coordinates': {'latitude': '73.3444', 'longitude': '-4.9439'}, 'timezone': {'offset': '-6:00', 'description': 'Central Time (US &amp; Canada), Mexico City'}}, 'email': 'nagnibida.selezinka@example.com', 'login': {'uuid': '9c37852c-3aca-4302-9b74-856e90103eb8', 'username': 'lazyfish587', 'password': 'phil', 'salt': 'pOXPldjL', 'md5': 'f9ce09629ec302cdace2f6aec80fa669', 'sha1': 'b0f0ae82e47a7c0eb7a8efc3810d0a496a6c60ca', 'sha256': '37598f0de5a77a44789c518902408f2e2d0602913c0e49d36f247f637dcd3733'}, 'dob': {'date': '1964-01-07T13:33:58.818Z', 'age': 60}, 'registered': {'date': '2010-03-11T02:33:07.715Z', 'age': 14}, 'phone': '(097) B00-2975', 'cell': '(068) Y05-5295', 'id': {'name': '', 'value': None}, 'picture': {'large': 'https://randomuser.me/api/portraits/men/90.jpg', 'medium': 'https://randomuser.me/api/portraits/med/men/90.jpg', 'thumbnail': 'https://randomuser.me/api/portraits/thumb/men/90.jpg'}, 'nat': 'UA'}</msg>
<arg>${json_data['results'][0]}</arg>
<doc>Logs the given message with the given level.</doc>
<status status="PASS" start="2024-04-21T19:12:11.822406" elapsed="0.000457"/>
</kw>
<kw name="Log" owner="BuiltIn">
<msg time="2024-04-21T19:12:11.823288" level="INFO">name</msg>
<arg>${key}</arg>
<doc>Logs the given message with the given level.</doc>
<status status="PASS" start="2024-04-21T19:12:11.823162" elapsed="0.000162"/>
</kw>
<var name="${key}">name</var>
<status status="PASS" start="2024-04-21T19:12:11.821546" elapsed="0.001991"/>
</iter>
<iter>
<kw name="Dictionary Should Contain Key" owner="Collections">
<msg time="2024-04-21T19:12:11.824202" level="INFO">False</msg>
<arg>${json_data['results'][0]}</arg>
<arg>${key}</arg>
<doc>Fails if ``key`` is not found from ``dictionary``.</doc>
<status status="PASS" start="2024-04-21T19:12:11.823821" elapsed="0.000418"/>
</kw>
<kw name="Log" owner="BuiltIn">
<msg time="2024-04-21T19:12:11.824944" level="INFO">{'gender': 'male', 'name': {'title': 'Mr', 'first': 'Nagnibida', 'last': 'Selezinka'}, 'location': {'street': {'number': 4906, 'name': 'Maydan Vidrodzhennya'}, 'city': 'Irmino', 'state': 'Dnipropetrovska', 'country': 'Ukraine', 'postcode': 80462, 'coordinates': {'latitude': '73.3444', 'longitude': '-4.9439'}, 'timezone': {'offset': '-6:00', 'description': 'Central Time (US &amp; Canada), Mexico City'}}, 'email': 'nagnibida.selezinka@example.com', 'login': {'uuid': '9c37852c-3aca-4302-9b74-856e90103eb8', 'username': 'lazyfish587', 'password': 'phil', 'salt': 'pOXPldjL', 'md5': 'f9ce09629ec302cdace2f6aec80fa669', 'sha1': 'b0f0ae82e47a7c0eb7a8efc3810d0a496a6c60ca', 'sha256': '37598f0de5a77a44789c518902408f2e2d0602913c0e49d36f247f637dcd3733'}, 'dob': {'date': '1964-01-07T13:33:58.818Z', 'age': 60}, 'registered': {'date': '2010-03-11T02:33:07.715Z', 'age': 14}, 'phone': '(097) B00-2975', 'cell': '(068) Y05-5295', 'id': {'name': '', 'value': None}, 'picture': {'large': 'https://randomuser.me/api/portraits/men/90.jpg', 'medium': 'https://randomuser.me/api/portraits/med/men/90.jpg', 'thumbnail': 'https://randomuser.me/api/portraits/thumb/men/90.jpg'}, 'nat': 'UA'}</msg>
<arg>${json_data['results'][0]}</arg>
<doc>Logs the given message with the given level.</doc>
<status status="PASS" start="2024-04-21T19:12:11.824583" elapsed="0.000409"/>
</kw>
<kw name="Log" owner="BuiltIn">
<msg time="2024-04-21T19:12:11.825403" level="INFO">location</msg>
<arg>${key}</arg>
<doc>Logs the given message with the given level.</doc>
<status status="PASS" start="2024-04-21T19:12:11.825280" elapsed="0.000159"/>
</kw>
<var name="${key}">location</var>
<status status="PASS" start="2024-04-21T19:12:11.823711" elapsed="0.001939"/>
</iter>
<iter>
<kw name="Dictionary Should Contain Key" owner="Collections">
<msg time="2024-04-21T19:12:11.826304" level="INFO">False</msg>
<arg>${json_data['results'][0]}</arg>
<arg>${key}</arg>
<doc>Fails if ``key`` is not found from ``dictionary``.</doc>
<status status="PASS" start="2024-04-21T19:12:11.825926" elapsed="0.000414"/>
</kw>
<kw name="Log" owner="BuiltIn">
<msg time="2024-04-21T19:12:11.827024" level="INFO">{'gender': 'male', 'name': {'title': 'Mr', 'first': 'Nagnibida', 'last': 'Selezinka'}, 'location': {'street': {'number': 4906, 'name': 'Maydan Vidrodzhennya'}, 'city': 'Irmino', 'state': 'Dnipropetrovska', 'country': 'Ukraine', 'postcode': 80462, 'coordinates': {'latitude': '73.3444', 'longitude': '-4.9439'}, 'timezone': {'offset': '-6:00', 'description': 'Central Time (US &amp; Canada), Mexico City'}}, 'email': 'nagnibida.selezinka@example.com', 'login': {'uuid': '9c37852c-3aca-4302-9b74-856e90103eb8', 'username': 'lazyfish587', 'password': 'phil', 'salt': 'pOXPldjL', 'md5': 'f9ce09629ec302cdace2f6aec80fa669', 'sha1': 'b0f0ae82e47a7c0eb7a8efc3810d0a496a6c60ca', 'sha256': '37598f0de5a77a44789c518902408f2e2d0602913c0e49d36f247f637dcd3733'}, 'dob': {'date': '1964-01-07T13:33:58.818Z', 'age': 60}, 'registered': {'date': '2010-03-11T02:33:07.715Z', 'age': 14}, 'phone': '(097) B00-2975', 'cell': '(068) Y05-5295', 'id': {'name': '', 'value': None}, 'picture': {'large': 'https://randomuser.me/api/portraits/men/90.jpg', 'medium': 'https://randomuser.me/api/portraits/med/men/90.jpg', 'thumbnail': 'https://randomuser.me/api/portraits/thumb/men/90.jpg'}, 'nat': 'UA'}</msg>
<arg>${json_data['results'][0]}</arg>
<doc>Logs the given message with the given level.</doc>
<status status="PASS" start="2024-04-21T19:12:11.826664" elapsed="0.000429"/>
</kw>
<kw name="Log" owner="BuiltIn">
<msg time="2024-04-21T19:12:11.827547" level="INFO">email</msg>
<arg>${key}</arg>
<doc>Logs the given message with the given level.</doc>
<status status="PASS" start="2024-04-21T19:12:11.827422" elapsed="0.000162"/>
</kw>
<var name="${key}">email</var>
<status status="PASS" start="2024-04-21T19:12:11.825817" elapsed="0.001979"/>
</iter>
<iter>
<kw name="Dictionary Should Contain Key" owner="Collections">
<msg time="2024-04-21T19:12:11.828446" level="INFO">False</msg>
<arg>${json_data['results'][0]}</arg>
<arg>${key}</arg>
<doc>Fails if ``key`` is not found from ``dictionary``.</doc>
<status status="PASS" start="2024-04-21T19:12:11.828069" elapsed="0.000413"/>
</kw>
<kw name="Log" owner="BuiltIn">
<msg time="2024-04-21T19:12:11.829131" level="INFO">{'gender': 'male', 'name': {'title': 'Mr', 'first': 'Nagnibida', 'last': 'Selezinka'}, 'location': {'street': {'number': 4906, 'name': 'Maydan Vidrodzhennya'}, 'city': 'Irmino', 'state': 'Dnipropetrovska', 'country': 'Ukraine', 'postcode': 80462, 'coordinates': {'latitude': '73.3444', 'longitude': '-4.9439'}, 'timezone': {'offset': '-6:00', 'description': 'Central Time (US &amp; Canada), Mexico City'}}, 'email': 'nagnibida.selezinka@example.com', 'login': {'uuid': '9c37852c-3aca-4302-9b74-856e90103eb8', 'username': 'lazyfish587', 'password': 'phil', 'salt': 'pOXPldjL', 'md5': 'f9ce09629ec302cdace2f6aec80fa669', 'sha1': 'b0f0ae82e47a7c0eb7a8efc3810d0a496a6c60ca', 'sha256': '37598f0de5a77a44789c518902408f2e2d0602913c0e49d36f247f637dcd3733'}, 'dob': {'date': '1964-01-07T13:33:58.818Z', 'age': 60}, 'registered': {'date': '2010-03-11T02:33:07.715Z', 'age': 14}, 'phone': '(097) B00-2975', 'cell': '(068) Y05-5295', 'id': {'name': '', 'value': None}, 'picture': {'large': 'https://randomuser.me/api/portraits/men/90.jpg', 'medium': 'https://randomuser.me/api/portraits/med/men/90.jpg', 'thumbnail': 'https://randomuser.me/api/portraits/thumb/men/90.jpg'}, 'nat': 'UA'}</msg>
<arg>${json_data['results'][0]}</arg>
<doc>Logs the given message with the given level.</doc>
<status status="PASS" start="2024-04-21T19:12:11.828772" elapsed="0.000410"/>
</kw>
<kw name="Log" owner="BuiltIn">
<msg time="2024-04-21T19:12:11.829594" level="INFO">login</msg>
<arg>${key}</arg>
<doc>Logs the given message with the given level.</doc>
<status status="PASS" start="2024-04-21T19:12:11.829472" elapsed="0.000157"/>
</kw>
<var name="${key}">login</var>
<status status="PASS" start="2024-04-21T19:12:11.827962" elapsed="0.001901"/>
</iter>
<var>${key}</var>
<value>@{expected_keys}</value>
<status status="PASS" start="2024-04-21T19:12:11.819233" elapsed="0.010749"/>
</for>
<kw name="Create List" owner="BuiltIn">
<msg time="2024-04-21T19:12:11.830299" level="INFO">${expected_keysTwo} = ['username', 'password']</msg>
<var>${expected_keysTwo}</var>
<arg>username</arg>
<arg>password</arg>
<doc>Returns a list containing given items.</doc>
<status status="PASS" start="2024-04-21T19:12:11.830168" elapsed="0.000153"/>
</kw>
<for flavor="IN">
<iter>
<kw name="Dictionary Should Contain Key" owner="Collections">
<msg time="2024-04-21T19:12:11.831231" level="INFO">False</msg>
<arg>${json_data['results'][0]['login']}</arg>
<arg>${keyTwo}</arg>
<doc>Fails if ``key`` is not found from ``dictionary``.</doc>
<status status="PASS" start="2024-04-21T19:12:11.830844" elapsed="0.000424"/>
</kw>
<kw name="Dictionary Should Contain Key" owner="Collections">
<msg time="2024-04-21T19:12:11.831942" level="INFO">False</msg>
<arg>${json_data['results'][0]['login']}</arg>
<arg>${keyTwo}</arg>
<doc>Fails if ``key`` is not found from ``dictionary``.</doc>
<status status="PASS" start="2024-04-21T19:12:11.831558" elapsed="0.000421"/>
</kw>
<kw name="Log" owner="BuiltIn">
<msg time="2024-04-21T19:12:11.832398" level="INFO">username</msg>
<arg>${keyTwo}</arg>
<doc>Logs the given message with the given level.</doc>
<status status="PASS" start="2024-04-21T19:12:11.832271" elapsed="0.000169"/>
</kw>
<var name="${keyTwo}">username</var>
<status status="PASS" start="2024-04-21T19:12:11.830730" elapsed="0.001921"/>
</iter>
<iter>
<kw name="Dictionary Should Contain Key" owner="Collections">
<msg time="2024-04-21T19:12:11.833383" level="INFO">False</msg>
<arg>${json_data['results'][0]['login']}</arg>
<arg>${keyTwo}</arg>
<doc>Fails if ``key`` is not found from ``dictionary``.</doc>
<status status="PASS" start="2024-04-21T19:12:11.832928" elapsed="0.000500"/>
</kw>
<kw name="Dictionary Should Contain Key" owner="Collections">
<msg time="2024-04-21T19:12:11.834093" level="INFO">False</msg>
<arg>${json_data['results'][0]['login']}</arg>
<arg>${keyTwo}</arg>
<doc>Fails if ``key`` is not found from ``dictionary``.</doc>
<status status="PASS" start="2024-04-21T19:12:11.833721" elapsed="0.000407"/>
</kw>
<kw name="Log" owner="BuiltIn">
<msg time="2024-04-21T19:12:11.834537" level="INFO">password</msg>
<arg>${keyTwo}</arg>
<doc>Logs the given message with the given level.</doc>
<status status="PASS" start="2024-04-21T19:12:11.834415" elapsed="0.000193"/>
</kw>
<var name="${keyTwo}">password</var>
<status status="PASS" start="2024-04-21T19:12:11.832819" elapsed="0.002012"/>
</iter>
<var>${keyTwo}</var>
<value>@{expected_keysTwo}</value>
<status status="PASS" start="2024-04-21T19:12:11.830549" elapsed="0.004401"/>
</for>
<status status="PASS" start="2024-04-21T19:12:11.720441" elapsed="0.114647"/>
</kw>
<doc>Testa a estrutura da resposta da API.</doc>
<tag>testeEstruturaResposta</tag>
<status status="PASS" start="2024-04-21T19:12:11.719651" elapsed="0.115594"/>
</test>
<test id="s1-s1-t4" name="Validar tipos de dados" line="28">
<kw name="Teste de Tipos de Dados" owner="random-user-service">
<kw name="GET On Session" owner="RequestsLibrary">
<msg time="2024-04-21T19:12:11.915356" level="INFO">GET Request : url=https://randomuser.me/api 
 path_url=/api 
 headers={'User-Agent': 'python-requests/2.31.0', 'Accept-Encoding': 'gzip, deflate', 'Accept': '*/*', 'Connection': 'keep-alive'} 
 body=None 
 </msg>
<msg time="2024-04-21T19:12:11.915456" level="INFO">GET Response : url=https://randomuser.me/api 
 status=200, reason=OK 
 headers={'Date': 'Sun, 21 Apr 2024 19:12:11 GMT', 'Content-Type': 'application/json; charset=utf-8', 'Transfer-Encoding': 'chunked', 'Connection': 'keep-alive', 'X-Powered-By': 'Express', 'Access-Control-Allow-Origin': '*', 'Cache-Control': 'no-cache', 'ETag': 'W/"47a-3LSh69d0+RDDSJcbXbW/7ijjF8Q"', 'Vary': 'Accept-Encoding', 'Content-Encoding': 'gzip', 'CF-Cache-Status': 'DYNAMIC', 'Report-To': '{"endpoints":[{"url":"https:\\/\\/a.nel.cloudflare.com\\/report\\/v4?s=bH28JK8mGsMBSf9vTIIFC6dMkASJ24Ea%2FzcXzPXS%2BJiWaGGXgXQFeydbqe9SKFLnLfhny7Btiyd0yZH8mrQSaMwFIMG4glkT5TSEUzvEZKTmMnfgIrqmiHVb2TI1xZqB"}],"group":"cf-nel","max_age":604800}', 'NEL': '{"success_fraction":0,"report_to":"cf-nel","max_age":604800}', 'Server': 'cloudflare', 'CF-RAY': '877faf29f9bc9c67-IAD', 'alt-svc': 'h3=":443"; ma=86400'} 
 body={"results":[{"gender":"male","name":{"title":"Mr","first":"Iván","last":"Vidal"},"location":{"street":{"number":7172,"name":"Ronda de Toledo"},"city":"Oviedo","state":"Navarra","country":"Spain","postcode":61142,"coordinates":{"latitude":"-30.3811","longitude":"-18.8389"},"timezone":{"offset":"-8:00","description":"Pacific Time (US &amp; Canada)"}},"email":"ivan.vidal@example.com","login":{"uuid":"8f2bfae9-d7ca-44af-b090-de324a1dce30","username":"organicbird861","password":"444444","salt":"ZCVMsN0B","md5":"0e24937f002f3ff63b7a4e9cdc6c3424","sha1":"ea6c506fa5f06e75637c134b8d09524a65c7548b","sha256":"83502339ca901e574665695a54d8223eb4fa6ac77b13e136b9d7e7ac7d531fed"},"dob":{"date":"1995-02-22T08:37:25.016Z","age":29},"registered":{"date":"2007-02-23T11:49:23.073Z","age":17},"phone":"926-087-920","cell":"656-541-974","id":{"name":"DNI","value":"11264936-U"},"picture":{"large":"https://randomuser.me/api/portraits/men/14.jpg","medium":"https://randomuser.me/api/portraits/med/men/14.jpg","thumbnail":"https://randomuser.me/api/portraits/thumb/men/14.jpg"},"nat":"ES"}],"info":{"seed":"5b557fb46d519045","results":1,"page":1,"version":"1.4"}} 
 </msg>
<msg time="2024-04-21T19:12:11.915536" level="INFO">/opt/hostedtoolcache/Python/3.12.3/x64/lib/python3.12/site-packages/urllib3/connectionpool.py:1103: InsecureRequestWarning: Unverified HTTPS request is being made to host 'randomuser.me'. Adding certificate verification is strongly advised. See: https://urllib3.readthedocs.io/en/latest/advanced-usage.html#tls-warnings
  warnings.warn(</msg>
<msg time="2024-04-21T19:12:11.915683" level="INFO">${response} = &lt;Response [200]&gt;</msg>
<var>${response}</var>
<arg>consultarAPI</arg>
<arg>/api</arg>
<doc>Sends a GET request on a previously created HTTP Session.</doc>
<status status="PASS" start="2024-04-21T19:12:11.837725" elapsed="0.077995"/>
</kw>
<kw name="Set Variable" owner="BuiltIn">
<msg time="2024-04-21T19:12:11.916672" level="INFO">${json_data} = {'results': [{'gender': 'male', 'name': {'title': 'Mr', 'first': 'Iván', 'last': 'Vidal'}, 'location': {'street': {'number': 7172, 'name': 'Ronda de Toledo'}, 'city': 'Oviedo', 'state': 'Navarra', 'co...</msg>
<var>${json_data}</var>
<arg>${response.json()}</arg>
<doc>Returns the given values which can then be assigned to a variables.</doc>
<status status="PASS" start="2024-04-21T19:12:11.916169" elapsed="0.000531"/>
</kw>
<kw name="Log" owner="BuiltIn">
<msg time="2024-04-21T19:12:11.917160" level="INFO">{'results': [{'gender': 'male', 'name': {'title': 'Mr', 'first': 'Iván', 'last': 'Vidal'}, 'location': {'street': {'number': 7172, 'name': 'Ronda de Toledo'}, 'city': 'Oviedo', 'state': 'Navarra', 'country': 'Spain', 'postcode': 61142, 'coordinates': {'latitude': '-30.3811', 'longitude': '-18.8389'}, 'timezone': {'offset': '-8:00', 'description': 'Pacific Time (US &amp; Canada)'}}, 'email': 'ivan.vidal@example.com', 'login': {'uuid': '8f2bfae9-d7ca-44af-b090-de324a1dce30', 'username': 'organicbird861', 'password': '444444', 'salt': 'ZCVMsN0B', 'md5': '0e24937f002f3ff63b7a4e9cdc6c3424', 'sha1': 'ea6c506fa5f06e75637c134b8d09524a65c7548b', 'sha256': '83502339ca901e574665695a54d8223eb4fa6ac77b13e136b9d7e7ac7d531fed'}, 'dob': {'date': '1995-02-22T08:37:25.016Z', 'age': 29}, 'registered': {'date': '2007-02-23T11:49:23.073Z', 'age': 17}, 'phone': '926-087-920', 'cell': '656-541-974', 'id': {'name': 'DNI', 'value': '11264936-U'}, 'picture': {'large': 'https://randomuser.me/api/portraits/men/14.jpg', 'medium': 'https://randomuser.me/api/portraits/med/men/14.jpg', 'thumbnail': 'https://randomuser.me/api/portraits/thumb/men/14.jpg'}, 'nat': 'ES'}], 'info': {'seed': '5b557fb46d519045', 'results': 1, 'page': 1, 'version': '1.4'}}</msg>
<arg>${json_data}</arg>
<doc>Logs the given message with the given level.</doc>
<status status="PASS" start="2024-04-21T19:12:11.917004" elapsed="0.000244"/>
</kw>
<kw name="Should Be String" owner="String">
<arg>${json_data['results'][0]['gender']}</arg>
<doc>Fails if the given ``item`` is not a string.</doc>
<status status="PASS" start="2024-04-21T19:12:11.917545" elapsed="0.000367"/>
</kw>
<kw name="Should Match Regexp" owner="BuiltIn">
<arg>${json_data['results'][0]['email']}</arg>
<arg>^[a-zA-Z0-9._%+-]+@[a-zA-Z0-9.-]+\.[a-zA-Z]{2,}$</arg>
<doc>Fails if ``string`` does not match ``pattern`` as a regular expression.</doc>
<status status="PASS" start="2024-04-21T19:12:11.918102" elapsed="0.000567"/>
</kw>
<kw name="Should Match Regexp" owner="BuiltIn">
<arg>${json_data['results'][0]['dob']['date']}</arg>
<arg>\\d{4}-\\d{2}-\\d{2}T\\d{2}:\\d{2}:\\d{2}\\.\\d{3}Z</arg>
<doc>Fails if ``string`` does not match ``pattern`` as a regular expression.</doc>
<status status="PASS" start="2024-04-21T19:12:11.918870" elapsed="0.000483"/>
</kw>
<kw name="Should Match Regexp" owner="BuiltIn">
<arg>${json_data['results'][0]['registered']['date']}</arg>
<arg>\\d{4}-\\d{2}-\\d{2}T\\d{2}:\\d{2}:\\d{2}\\.\\d{3}Z</arg>
<doc>Fails if ``string`` does not match ``pattern`` as a regular expression.</doc>
<status status="PASS" start="2024-04-21T19:12:11.919543" elapsed="0.000362"/>
</kw>
<kw name="Should Match Regexp" owner="BuiltIn">
<arg>${json_data['results'][0]['picture']['large']}</arg>
<arg>^https?://.*\.(?:png|jpe?g|gif|bmp)$</arg>
<doc>Fails if ``string`` does not match ``pattern`` as a regular expression.</doc>
<status status="PASS" start="2024-04-21T19:12:11.920089" elapsed="0.000464"/>
</kw>
<kw name="Should Match Regexp" owner="BuiltIn">
<arg>${json_data['results'][0]['picture']['medium']}</arg>
<arg>^https?://.*\.(?:png|jpe?g|gif|bmp)$</arg>
<doc>Fails if ``string`` does not match ``pattern`` as a regular expression.</doc>
<status status="PASS" start="2024-04-21T19:12:11.920740" elapsed="0.000359"/>
</kw>
<kw name="Should Match Regexp" owner="BuiltIn">
<arg>${json_data['results'][0]['picture']['thumbnail']}</arg>
<arg>^https?://.*\.(?:png|jpe?g|gif|bmp)$</arg>
<doc>Fails if ``string`` does not match ``pattern`` as a regular expression.</doc>
<status status="PASS" start="2024-04-21T19:12:11.921285" elapsed="0.000346"/>
</kw>
<kw name="Log" owner="BuiltIn">
<msg time="2024-04-21T19:12:11.922127" level="INFO">{'large': 'https://randomuser.me/api/portraits/men/14.jpg', 'medium': 'https://randomuser.me/api/portraits/med/men/14.jpg', 'thumbnail': 'https://randomuser.me/api/portraits/thumb/men/14.jpg'}</msg>
<arg>${json_data['results'][0]['picture']}</arg>
<doc>Logs the given message with the given level.</doc>
<status status="PASS" start="2024-04-21T19:12:11.921808" elapsed="0.000359"/>
</kw>
<status status="PASS" start="2024-04-21T19:12:11.837499" elapsed="0.084921"/>
</kw>
<kw name="Teste de Tipos de Dados - Postcode" owner="random-user-service">
<kw name="GET On Session" owner="RequestsLibrary">
<msg time="2024-04-21T19:12:12.017982" level="INFO">GET Request : url=https://randomuser.me/api 
 path_url=/api 
 headers={'User-Agent': 'python-requests/2.31.0', 'Accept-Encoding': 'gzip, deflate', 'Accept': '*/*', 'Connection': 'keep-alive'} 
 body=None 
 </msg>
<msg time="2024-04-21T19:12:12.018079" level="INFO">GET Response : url=https://randomuser.me/api 
 status=200, reason=OK 
 headers={'Date': 'Sun, 21 Apr 2024 19:12:12 GMT', 'Content-Type': 'application/json; charset=utf-8', 'Transfer-Encoding': 'chunked', 'Connection': 'keep-alive', 'X-Powered-By': 'Express', 'Access-Control-Allow-Origin': '*', 'Cache-Control': 'no-cache', 'ETag': 'W/"480-+jSgourEGG49eXpQzoaSGxwDXB0"', 'Vary': 'Accept-Encoding', 'Content-Encoding': 'gzip', 'CF-Cache-Status': 'DYNAMIC', 'Report-To': '{"endpoints":[{"url":"https:\\/\\/a.nel.cloudflare.com\\/report\\/v4?s=njbEHE3V%2BWY9bk%2FVypOujrgPpOBY3o124icpI0AxeIiaE88xFHKr9CGUGssVM8a25gNvVxmqOHP1BGn%2FHIteFaYCqTADqOeyozrVENB%2FWmvd6XszI8IGuwvokvGbZExa"}],"group":"cf-nel","max_age":604800}', 'NEL': '{"success_fraction":0,"report_to":"cf-nel","max_age":604800}', 'Server': 'cloudflare', 'CF-RAY': '877faf2a8a609c67-IAD', 'alt-svc': 'h3=":443"; ma=86400'} 
 body={"results":[{"gender":"female","name":{"title":"Mrs","first":"Chloe","last":"Lynch"},"location":{"street":{"number":5459,"name":"Oak Ridge Ln"},"city":"Mobile","state":"West Virginia","country":"United States","postcode":98465,"coordinates":{"latitude":"84.9609","longitude":"157.9799"},"timezone":{"offset":"+4:30","description":"Kabul"}},"email":"chloe.lynch@example.com","login":{"uuid":"38aa899f-f2f2-44f1-8a2c-11172c618694","username":"silvercat167","password":"binladen","salt":"l0hr8fVP","md5":"34aca3f30eb800fb0b4605f16e7efccb","sha1":"6558f532cc0d73925b7de78c8dd7919a1f1633a8","sha256":"6e6c48b853bb161b4237b8d8b6bc17c4087df19cf0128ee2e297c1a2dd36f7d4"},"dob":{"date":"1949-05-26T07:15:32.987Z","age":74},"registered":{"date":"2012-04-07T21:22:52.080Z","age":12},"phone":"(830) 645-2375","cell":"(383) 826-5759","id":{"name":"SSN","value":"457-79-8238"},"picture":{"large":"https://randomuser.me/api/portraits/women/15.jpg","medium":"https://randomuser.me/api/portraits/med/women/15.jpg","thumbnail":"https://randomuser.me/api/portraits/thumb/women/15.jpg"},"nat":"US"}],"info":{"seed":"5cfe0e9c0dd5217d","results":1,"page":1,"version":"1.4"}} 
 </msg>
<msg time="2024-04-21T19:12:12.018151" level="INFO">/opt/hostedtoolcache/Python/3.12.3/x64/lib/python3.12/site-packages/urllib3/connectionpool.py:1103: InsecureRequestWarning: Unverified HTTPS request is being made to host 'randomuser.me'. Adding certificate verification is strongly advised. See: https://urllib3.readthedocs.io/en/latest/advanced-usage.html#tls-warnings
  warnings.warn(</msg>
<msg time="2024-04-21T19:12:12.018293" level="INFO">${response} = &lt;Response [200]&gt;</msg>
<var>${response}</var>
<arg>consultarAPI</arg>
<arg>/api</arg>
<doc>Sends a GET request on a previously created HTTP Session.</doc>
<status status="PASS" start="2024-04-21T19:12:11.922921" elapsed="0.095416"/>
</kw>
<kw name="Set Variable" owner="BuiltIn">
<msg time="2024-04-21T19:12:12.019394" level="INFO">${json_data} = {'results': [{'gender': 'female', 'name': {'title': 'Mrs', 'first': 'Chloe', 'last': 'Lynch'}, 'location': {'street': {'number': 5459, 'name': 'Oak Ridge Ln'}, 'city': 'Mobile', 'state': 'West Virgini...</msg>
<var>${json_data}</var>
<arg>${response.json()}</arg>
<doc>Returns the given values which can then be assigned to a variables.</doc>
<status status="PASS" start="2024-04-21T19:12:12.018870" elapsed="0.000558"/>
</kw>
<kw name="Log" owner="BuiltIn">
<msg time="2024-04-21T19:12:12.019889" level="INFO">{'results': [{'gender': 'female', 'name': {'title': 'Mrs', 'first': 'Chloe', 'last': 'Lynch'}, 'location': {'street': {'number': 5459, 'name': 'Oak Ridge Ln'}, 'city': 'Mobile', 'state': 'West Virginia', 'country': 'United States', 'postcode': 98465, 'coordinates': {'latitude': '84.9609', 'longitude': '157.9799'}, 'timezone': {'offset': '+4:30', 'description': 'Kabul'}}, 'email': 'chloe.lynch@example.com', 'login': {'uuid': '38aa899f-f2f2-44f1-8a2c-11172c618694', 'username': 'silvercat167', 'password': 'binladen', 'salt': 'l0hr8fVP', 'md5': '34aca3f30eb800fb0b4605f16e7efccb', 'sha1': '6558f532cc0d73925b7de78c8dd7919a1f1633a8', 'sha256': '6e6c48b853bb161b4237b8d8b6bc17c4087df19cf0128ee2e297c1a2dd36f7d4'}, 'dob': {'date': '1949-05-26T07:15:32.987Z', 'age': 74}, 'registered': {'date': '2012-04-07T21:22:52.080Z', 'age': 12}, 'phone': '(830) 645-2375', 'cell': '(383) 826-5759', 'id': {'name': 'SSN', 'value': '457-79-8238'}, 'picture': {'large': 'https://randomuser.me/api/portraits/women/15.jpg', 'medium': 'https://randomuser.me/api/portraits/med/women/15.jpg', 'thumbnail': 'https://randomuser.me/api/portraits/thumb/women/15.jpg'}, 'nat': 'US'}], 'info': {'seed': '5cfe0e9c0dd5217d', 'results': 1, 'page': 1, 'version': '1.4'}}</msg>
<arg>${json_data}</arg>
<doc>Logs the given message with the given level.</doc>
<status status="PASS" start="2024-04-21T19:12:12.019735" elapsed="0.000235"/>
</kw>
<kw name="Should Be Equal As Numbers" owner="BuiltIn">
<arg>${json_data['results'][0]['location']['postcode']}</arg>
<arg>${json_data['results'][0]['location']['postcode']}</arg>
<doc>Fails if objects are unequal after converting them to real numbers.</doc>
<status status="PASS" start="2024-04-21T19:12:12.020468" elapsed="0.000622"/>
</kw>
<kw name="Log" owner="BuiltIn">
<msg time="2024-04-21T19:12:12.021615" level="INFO">98465</msg>
<arg>${json_data['results'][0]['location']['postcode']}</arg>
<doc>Logs the given message with the given level.</doc>
<status status="PASS" start="2024-04-21T19:12:12.021281" elapsed="0.000372"/>
</kw>
<status status="PASS" start="2024-04-21T19:12:11.922667" elapsed="0.099238"/>
</kw>
<doc>Testa se os tipos de dados na resposta da API estão corretos.</doc>
<tag>testeTiposDados</tag>
<status status="PASS" start="2024-04-21T19:12:11.837030" elapsed="0.185043"/>
</test>
<test id="s1-s1-t5" name="Validar conteudo" line="35">
<kw name="Teste de Tipos de Conteudo" owner="random-user-service">
<kw name="GET On Session" owner="RequestsLibrary">
<msg time="2024-04-21T19:12:12.120864" level="INFO">GET Request : url=https://randomuser.me/api 
 path_url=/api 
 headers={'User-Agent': 'python-requests/2.31.0', 'Accept-Encoding': 'gzip, deflate', 'Accept': '*/*', 'Connection': 'keep-alive'} 
 body=None 
 </msg>
<msg time="2024-04-21T19:12:12.120963" level="INFO">GET Response : url=https://randomuser.me/api 
 status=200, reason=OK 
 headers={'Date': 'Sun, 21 Apr 2024 19:12:12 GMT', 'Content-Type': 'application/json; charset=utf-8', 'Transfer-Encoding': 'chunked', 'Connection': 'keep-alive', 'X-Powered-By': 'Express', 'Access-Control-Allow-Origin': '*', 'Cache-Control': 'no-cache', 'ETag': 'W/"4b6-Hn6cVHsIxIgIzuV7jkuI64NiY6M"', 'Vary': 'Accept-Encoding', 'Content-Encoding': 'gzip', 'CF-Cache-Status': 'DYNAMIC', 'Report-To': '{"endpoints":[{"url":"https:\\/\\/a.nel.cloudflare.com\\/report\\/v4?s=M5MH3yUVgWZSHhHHpqpjn%2FlD4Zc7mFeAXHRpIWkCQul%2Fq4X7rQX1Wh00r47X8l0uK1DN7CQUn%2BdXI5r%2BTGXSntjub8a2rajKktZ4ktNJkXan2%2Bci2lbqGn6EYrXcRTUi"}],"group":"cf-nel","max_age":604800}', 'NEL': '{"success_fraction":0,"report_to":"cf-nel","max_age":604800}', 'Server': 'cloudflare', 'CF-RAY': '877faf2b2b0c9c67-IAD', 'alt-svc': 'h3=":443"; ma=86400'} 
 body={"results":[{"gender":"male","name":{"title":"Mr","first":"پارسا","last":"حسینی"},"location":{"street":{"number":3396,"name":"شهید اکبر وصالی"},"city":"بندرعباس","state":"چهارمحال و بختیاری","country":"Iran","postcode":70131,"coordinates":{"latitude":"20.3812","longitude":"-14.9218"},"timezone":{"offset":"+3:00","description":"Baghdad, Riyadh, Moscow, St. Petersburg"}},"email":"prs.hsyny@example.com","login":{"uuid":"e19564ca-6106-46e6-a1fa-5fa3f623db27","username":"yellowmouse417","password":"baker","salt":"AhcAz4xP","md5":"4337b4467cd2d75f857013e9c65df538","sha1":"d94057e0b2c48aa05302c8515a1918d2d3347b9f","sha256":"06632361335e511ea08023b4bb82f207f06074ae60a6037da442cfcd4dbe4233"},"dob":{"date":"1998-11-23T00:38:22.474Z","age":25},"registered":{"date":"2016-01-02T00:55:51.885Z","age":8},"phone":"094-12871435","cell":"0917-688-5957","id":{"name":"","value":null},"picture":{"large":"https://randomuser.me/api/portraits/men/20.jpg","medium":"https://randomuser.me/api/portraits/med/men/20.jpg","thumbnail":"https://randomuser.me/api/portraits/thumb/men/20.jpg"},"nat":"IR"}],"info":{"seed":"33d8ec98e1d20b3d","results":1,"page":1,"version":"1.4"}} 
 </msg>
<msg time="2024-04-21T19:12:12.121036" level="INFO">/opt/hostedtoolcache/Python/3.12.3/x64/lib/python3.12/site-packages/urllib3/connectionpool.py:1103: InsecureRequestWarning: Unverified HTTPS request is being made to host 'randomuser.me'. Adding certificate verification is strongly advised. See: https://urllib3.readthedocs.io/en/latest/advanced-usage.html#tls-warnings
  warnings.warn(</msg>
<msg time="2024-04-21T19:12:12.121176" level="INFO">${response} = &lt;Response [200]&gt;</msg>
<var>${response}</var>
<arg>consultarAPI</arg>
<arg>/api</arg>
<doc>Sends a GET request on a previously created HTTP Session.</doc>
<status status="PASS" start="2024-04-21T19:12:12.024679" elapsed="0.096536"/>
</kw>
<kw name="Set Variable" owner="BuiltIn">
<msg time="2024-04-21T19:12:12.122288" level="INFO">${json_data} = {'results': [{'gender': 'male', 'name': {'title': 'Mr', 'first': 'پارسا', 'last': 'حسینی'}, 'location': {'street': {'number': 3396, 'name': 'شهید اکبر وصالی'}, 'city': 'بندرعباس', 'state': 'چهارمحال و...</msg>
<var>${json_data}</var>
<arg>${response.json()}</arg>
<doc>Returns the given values which can then be assigned to a variables.</doc>
<status status="PASS" start="2024-04-21T19:12:12.121762" elapsed="0.000556"/>
</kw>
<kw name="Set Variable" owner="BuiltIn">
<msg time="2024-04-21T19:12:12.123052" level="INFO">${name_title} = Mr</msg>
<var>${name_title}</var>
<arg>${json_data["results"][0]["name"]["title"]}</arg>
<doc>Returns the given values which can then be assigned to a variables.</doc>
<status status="PASS" start="2024-04-21T19:12:12.122661" elapsed="0.000416"/>
</kw>
<kw name="Create List" owner="BuiltIn">
<msg time="2024-04-21T19:12:12.123516" level="INFO">${allowed_titles} = ['Mr', 'Ms', 'Miss', 'Mrs', 'Madame', 'Monsieur']</msg>
<var>${allowed_titles}</var>
<arg>Mr</arg>
<arg>Ms</arg>
<arg>Miss</arg>
<arg>Mrs</arg>
<arg>Madame</arg>
<arg>Monsieur</arg>
<doc>Returns a list containing given items.</doc>
<status status="PASS" start="2024-04-21T19:12:12.123373" elapsed="0.000167"/>
</kw>
<kw name="List Should Contain Value" owner="Collections">
<msg time="2024-04-21T19:12:12.124014" level="INFO">False</msg>
<arg>${allowed_titles}</arg>
<arg>${name_title}</arg>
<doc>Fails if the ``value`` is not found from ``list``.</doc>
<status status="PASS" start="2024-04-21T19:12:12.123839" elapsed="0.000212"/>
</kw>
<kw name="Set Variable" owner="BuiltIn">
<msg time="2024-04-21T19:12:12.124727" level="INFO">${name_country} = IR</msg>
<var>${name_country}</var>
<arg>${json_data["results"][0]["nat"]}</arg>
<doc>Returns the given values which can then be assigned to a variables.</doc>
<status status="PASS" start="2024-04-21T19:12:12.124335" elapsed="0.000426"/>
</kw>
<kw name="Create List" owner="BuiltIn">
<msg time="2024-04-21T19:12:12.125884" level="INFO">${list_country} = ['AD', 'AE', 'AF', 'AG', 'AI', 'AL', 'AM', 'AO', 'AQ', 'AR', 'AS', 'AT', 'AU', 'AW', 'AX', 'AZ', 'BA', 'BB', 'BD', 'BE', 'BF', 'BG', 'BH', 'BI', 'BJ', 'BL', 'BM', 'BN', 'BO', 'BQ', 'BR', 'BS', 'BT', '...</msg>
<var>${list_country}</var>
<arg>AD</arg>
<arg>AE</arg>
<arg>AF</arg>
<arg>AG</arg>
<arg>AI</arg>
<arg>AL</arg>
<arg>AM</arg>
<arg>AO</arg>
<arg>AQ</arg>
<arg>AR</arg>
<arg>AS</arg>
<arg>AT</arg>
<arg>AU</arg>
<arg>AW</arg>
<arg>AX</arg>
<arg>AZ</arg>
<arg>BA</arg>
<arg>BB</arg>
<arg>BD</arg>
<arg>BE</arg>
<arg>BF</arg>
<arg>BG</arg>
<arg>BH</arg>
<arg>BI</arg>
<arg>BJ</arg>
<arg>BL</arg>
<arg>BM</arg>
<arg>BN</arg>
<arg>BO</arg>
<arg>BQ</arg>
<arg>BR</arg>
<arg>BS</arg>
<arg>BT</arg>
<arg>BV</arg>
<arg>BW</arg>
<arg>BY</arg>
<arg>BZ</arg>
<arg>CA</arg>
<arg>CC</arg>
<arg>CD</arg>
<arg>CF</arg>
<arg>CG</arg>
<arg>CH</arg>
<arg>CI</arg>
<arg>CK</arg>
<arg>CL</arg>
<arg>CM</arg>
<arg>CN</arg>
<arg>CO</arg>
<arg>CR</arg>
<arg>CU</arg>
<arg>CV</arg>
<arg>CW</arg>
<arg>CX</arg>
<arg>CY</arg>
<arg>CZ</arg>
<arg>DE</arg>
<arg>DJ</arg>
<arg>DK</arg>
<arg>DM</arg>
<arg>DO</arg>
<arg>DZ</arg>
<arg>EC</arg>
<arg>EE</arg>
<arg>EG</arg>
<arg>EH</arg>
<arg>ER</arg>
<arg>ES</arg>
<arg>ET</arg>
<arg>FI</arg>
<arg>FJ</arg>
<arg>FK</arg>
<arg>FM</arg>
<arg>FO</arg>
<arg>FR</arg>
<arg>GA</arg>
<arg>GB</arg>
<arg>GD</arg>
<arg>GE</arg>
<arg>GF</arg>
<arg>GG</arg>
<arg>GH</arg>
<arg>GI</arg>
<arg>GL</arg>
<arg>GM</arg>
<arg>GN</arg>
<arg>GP</arg>
<arg>GQ</arg>
<arg>GR</arg>
<arg>GS</arg>
<arg>GT</arg>
<arg>GU</arg>
<arg>GW</arg>
<arg>GY</arg>
<arg>HK</arg>
<arg>HM</arg>
<arg>HN</arg>
<arg>HR</arg>
<arg>HT</arg>
<arg>HU</arg>
<arg>ID</arg>
<arg>IE</arg>
<arg>IL</arg>
<arg>IM</arg>
<arg>IN</arg>
<arg>IO</arg>
<arg>IQ</arg>
<arg>IR</arg>
<arg>IS</arg>
<arg>IT</arg>
<arg>JE</arg>
<arg>JM</arg>
<arg>JO</arg>
<arg>JP</arg>
<arg>KE</arg>
<arg>KG</arg>
<arg>KH</arg>
<arg>KI</arg>
<arg>KM</arg>
<arg>KN</arg>
<arg>KP</arg>
<arg>KR</arg>
<arg>KW</arg>
<arg>KY</arg>
<arg>KZ</arg>
<arg>LA</arg>
<arg>LB</arg>
<arg>LC</arg>
<arg>LI</arg>
<arg>LK</arg>
<arg>LR</arg>
<arg>LS</arg>
<arg>LT</arg>
<arg>LU</arg>
<arg>LV</arg>
<arg>LY</arg>
<arg>MA</arg>
<arg>MC</arg>
<arg>MD</arg>
<arg>ME</arg>
<arg>MF</arg>
<arg>MG</arg>
<arg>MH</arg>
<arg>MK</arg>
<arg>ML</arg>
<arg>MM</arg>
<arg>MN</arg>
<arg>MO</arg>
<arg>MP</arg>
<arg>MQ</arg>
<arg>MR</arg>
<arg>MS</arg>
<arg>MT</arg>
<arg>MU</arg>
<arg>MV</arg>
<arg>MW</arg>
<arg>MX</arg>
<arg>MY</arg>
<arg>MZ</arg>
<arg>NA</arg>
<arg>NC</arg>
<arg>NE</arg>
<arg>NF</arg>
<arg>NG</arg>
<arg>NI</arg>
<arg>NL</arg>
<arg>NO</arg>
<arg>NP</arg>
<arg>NR</arg>
<arg>NU</arg>
<arg>NZ</arg>
<arg>OM</arg>
<arg>PA</arg>
<arg>PE</arg>
<arg>PF</arg>
<arg>PG</arg>
<arg>PH</arg>
<arg>PK</arg>
<arg>PL</arg>
<arg>PM</arg>
<arg>PN</arg>
<arg>PR</arg>
<arg>PS</arg>
<arg>PT</arg>
<arg>PW</arg>
<arg>PY</arg>
<arg>QA</arg>
<arg>RE</arg>
<arg>RO</arg>
<arg>RS</arg>
<arg>RU</arg>
<arg>RW</arg>
<arg>SA</arg>
<arg>SB</arg>
<arg>SC</arg>
<arg>SD</arg>
<arg>SE</arg>
<arg>SG</arg>
<arg>SH</arg>
<arg>SI</arg>
<arg>SJ</arg>
<arg>SK</arg>
<arg>SL</arg>
<arg>SM</arg>
<arg>SN</arg>
<arg>SO</arg>
<arg>SR</arg>
<arg>SS</arg>
<arg>ST</arg>
<arg>SV</arg>
<arg>SX</arg>
<arg>SY</arg>
<arg>SZ</arg>
<arg>TC</arg>
<arg>TD</arg>
<arg>TF</arg>
<arg>TG</arg>
<arg>TH</arg>
<arg>TJ</arg>
<arg>TK</arg>
<arg>TL</arg>
<arg>TM</arg>
<arg>TN</arg>
<arg>TO</arg>
<arg>TR</arg>
<arg>TT</arg>
<arg>TV</arg>
<arg>TW</arg>
<arg>TZ</arg>
<arg>UA</arg>
<arg>UG</arg>
<arg>UM</arg>
<arg>US</arg>
<arg>UY</arg>
<arg>UZ</arg>
<arg>VA</arg>
<arg>VC</arg>
<arg>VE</arg>
<arg>VG</arg>
<arg>VI</arg>
<arg>VN</arg>
<arg>VU</arg>
<arg>WF</arg>
<arg>WS</arg>
<arg>XK</arg>
<arg>YE</arg>
<arg>YT</arg>
<arg>ZA</arg>
<arg>ZM</arg>
<arg>ZW</arg>
<doc>Returns a list containing given items.</doc>
<status status="PASS" start="2024-04-21T19:12:12.125137" elapsed="0.000785"/>
</kw>
<kw name="List Should Contain Value" owner="Collections">
<msg time="2024-04-21T19:12:12.127154" level="INFO">False</msg>
<arg>${list_country}</arg>
<arg>${name_country}</arg>
<doc>Fails if the ``value`` is not found from ``list``.</doc>
<status status="PASS" start="2024-04-21T19:12:12.126909" elapsed="0.000286"/>
</kw>
<kw name="Run Keyword If" owner="BuiltIn">
<kw name="Should Be True" owner="BuiltIn">
<arg>${True}</arg>
<doc>Fails if the given condition is not true.</doc>
<status status="PASS" start="2024-04-21T19:12:12.128466" elapsed="0.000279"/>
</kw>
<arg>${json_data["results"][0]["location"]["coordinates"]["latitude"]} &gt;= -90 and ${json_data["results"][0]["location"]["coordinates"]["latitude"]} &lt;= 90</arg>
<arg>Should Be True</arg>
<arg>${True}</arg>
<doc>Runs the given keyword with the given arguments, if ``condition`` is true.</doc>
<status status="PASS" start="2024-04-21T19:12:12.127565" elapsed="0.001315"/>
</kw>
<kw name="Run Keyword If" owner="BuiltIn">
<kw name="Should Be True" owner="BuiltIn">
<arg>${True}</arg>
<doc>Fails if the given condition is not true.</doc>
<status status="PASS" start="2024-04-21T19:12:12.129776" elapsed="0.000137"/>
</kw>
<arg>${json_data["results"][0]["location"]["coordinates"]["longitude"]} &gt;= -180 and ${json_data["results"][0]["location"]["coordinates"]["longitude"]} &lt;= 180</arg>
<arg>Should Be True</arg>
<arg>${True}</arg>
<doc>Runs the given keyword with the given arguments, if ``condition`` is true.</doc>
<status status="PASS" start="2024-04-21T19:12:12.129068" elapsed="0.000976"/>
</kw>
<status status="PASS" start="2024-04-21T19:12:12.024450" elapsed="0.105731"/>
</kw>
<doc>Testa o conteúdo específico dos campos retornados pela API.</doc>
<tag>testeConteudo</tag>
<status status="PASS" start="2024-04-21T19:12:12.023913" elapsed="0.106423"/>
</test>
<status status="PASS" start="2024-04-21T19:12:11.241080" elapsed="0.891335"/>
</suite>
<status status="PASS" start="2024-04-21T19:12:11.227452" elapsed="0.910133"/>
</suite>
<statistics>
<total>
<stat pass="5" fail="0" skip="0">All Tests</stat>
</total>
<tag>
<stat pass="1" fail="0" skip="0">testeConteudo</stat>
<stat pass="1" fail="0" skip="0">testeEstruturaResposta</stat>
<stat pass="1" fail="0" skip="0">testeRequisicaoBasica</stat>
<stat pass="1" fail="0" skip="0">testeTiposDados</stat>
</tag>
<suite>
<stat pass="5" fail="0" skip="0" id="s1" name="Tests">Tests</stat>
<stat pass="5" fail="0" skip="0" id="s1-s1" name="Random-User-Test">Tests.Random-User-Test</stat>
</suite>
</statistics>
<errors>
</errors>
</robot>
