<?xml version="1.0" encoding="UTF-8"?>
<robot generator="Robot 7.0 (Python 3.12.3 on linux)" generated="2024-05-13T17:12:24.804992" rpa="false" schemaversion="5">
<suite id="s1" name="Tests" source="/home/runner/work/DesafioQAItauRogerioJordao/DesafioQAItauRogerioJordao/RamdonUser/tests">
<suite id="s1-s1" name="Random-User-Test" source="/home/runner/work/DesafioQAItauRogerioJordao/DesafioQAItauRogerioJordao/RamdonUser/tests/random-user-test.robot">
<test id="s1-s1-t1" name="Conectar" line="13">
<kw name="Conectar API" owner="random-user-service">
<kw name="Create Session" owner="RequestsLibrary">
<msg time="2024-05-13T17:12:25.175905" level="INFO">Creating Session using : alias=consultarAPI, url=https://randomuser.me/, headers={},                     cookies={}, auth=None, timeout=None, proxies=None, verify=False,                     debug=0 </msg>
<arg>consultarAPI</arg>
<arg>${URL}</arg>
<doc>Create Session: create a HTTP session to a server</doc>
<status status="PASS" start="2024-05-13T17:12:25.175707" elapsed="0.000370"/>
</kw>
<status status="PASS" start="2024-05-13T17:12:25.174748" elapsed="0.001686"/>
</kw>
<status status="PASS" start="2024-05-13T17:12:25.174160" elapsed="0.002469"/>
</test>
<test id="s1-s1-t2" name="Validar retorno 200 e JSON Válido" line="16">
<kw name="Teste de Requisicao Basica" owner="random-user-service">
<kw name="GET On Session" owner="RequestsLibrary">
<msg time="2024-05-13T17:12:25.368081" level="INFO">GET Request : url=https://randomuser.me/api 
 path_url=/api 
 headers={'User-Agent': 'python-requests/2.31.0', 'Accept-Encoding': 'gzip, deflate', 'Accept': '*/*', 'Connection': 'keep-alive'} 
 body=None 
 </msg>
<msg time="2024-05-13T17:12:25.368193" level="INFO">GET Response : url=https://randomuser.me/api 
 status=200, reason=OK 
 headers={'Date': 'Mon, 13 May 2024 17:12:25 GMT', 'Content-Type': 'application/json; charset=utf-8', 'Transfer-Encoding': 'chunked', 'Connection': 'keep-alive', 'X-Powered-By': 'Express', 'Access-Control-Allow-Origin': '*', 'Cache-Control': 'no-cache', 'ETag': 'W/"467-3Y+w1dXh8qmEsCEfs1//kVvs//8"', 'Vary': 'Accept-Encoding', 'Content-Encoding': 'gzip', 'CF-Cache-Status': 'DYNAMIC', 'Report-To': '{"endpoints":[{"url":"https:\\/\\/a.nel.cloudflare.com\\/report\\/v4?s=7p51SLGujJ%2FEWzqANKyPaHMmm4RByUfS4o%2FP3yxtIdiv4WMamzhMDw0MR4g89FDVhrlNwo1DKB%2F7yRfwYhJRZWOngQNq6WVxL1%2FfBsxY%2F3ZXVd0tCUxrCl%2BisDobwE4M"}],"group":"cf-nel","max_age":604800}', 'NEL': '{"success_fraction":0,"report_to":"cf-nel","max_age":604800}', 'Server': 'cloudflare', 'CF-RAY': '883445f659f54271-EWR', 'alt-svc': 'h3=":443"; ma=86400'} 
 body={"results":[{"gender":"female","name":{"title":"Ms","first":"Charlie","last":"Addy"},"location":{"street":{"number":7161,"name":"3rd St"},"city":"Hudson","state":"Nunavut","country":"Canada","postcode":"M1X 0Z3","coordinates":{"latitude":"-71.3955","longitude":"42.4618"},"timezone":{"offset":"+4:30","description":"Kabul"}},"email":"charlie.addy@example.com","login":{"uuid":"40bab179-e5a8-43ff-b74f-0d830c37d114","username":"whitebird876","password":"dabomb","salt":"wQHn00nB","md5":"82a2b4e39a99c459d49ebb93fa2d410e","sha1":"4a0db9aace5379d630c7fd372271f3f6d45073a6","sha256":"b3bc78f71599e68e044a2a99d4f7f5f37c37e90328d13d0e655867b690bed523"},"dob":{"date":"1975-01-11T12:13:52.572Z","age":49},"registered":{"date":"2006-07-16T01:44:01.050Z","age":17},"phone":"U24 V00-2945","cell":"V74 U84-9954","id":{"name":"SIN","value":"540628872"},"picture":{"large":"https://randomuser.me/api/portraits/women/5.jpg","medium":"https://randomuser.me/api/portraits/med/women/5.jpg","thumbnail":"https://randomuser.me/api/portraits/thumb/women/5.jpg"},"nat":"CA"}],"info":{"seed":"c1ebc3b86034b73f","results":1,"page":1,"version":"1.4"}} 
 </msg>
<msg time="2024-05-13T17:12:25.368297" level="INFO">/opt/hostedtoolcache/Python/3.12.3/x64/lib/python3.12/site-packages/urllib3/connectionpool.py:1103: InsecureRequestWarning: Unverified HTTPS request is being made to host 'randomuser.me'. Adding certificate verification is strongly advised. See: https://urllib3.readthedocs.io/en/latest/advanced-usage.html#tls-warnings
  warnings.warn(</msg>
<msg time="2024-05-13T17:12:25.368454" level="INFO">${response} = &lt;Response [200]&gt;</msg>
<var>${response}</var>
<arg>consultarAPI</arg>
<arg>/api</arg>
<doc>Sends a GET request on a previously created HTTP Session.</doc>
<status status="PASS" start="2024-05-13T17:12:25.179309" elapsed="0.189185"/>
</kw>
<kw name="Should Be Equal As Numbers" owner="BuiltIn">
<msg time="2024-05-13T17:12:25.369663" level="INFO">Argument types are:
&lt;class 'int'&gt;
&lt;class 'str'&gt;</msg>
<arg>${response.status_code}</arg>
<arg>200</arg>
<doc>Fails if objects are unequal after converting them to real numbers.</doc>
<status status="PASS" start="2024-05-13T17:12:25.369013" elapsed="0.000741"/>
</kw>
<kw name="Log" owner="BuiltIn">
<msg time="2024-05-13T17:12:25.370881" level="INFO">200</msg>
<arg>${response.status_code}</arg>
<doc>Logs the given message with the given level.</doc>
<status status="PASS" start="2024-05-13T17:12:25.370289" elapsed="0.000654"/>
</kw>
<kw name="Set Variable" owner="BuiltIn">
<msg time="2024-05-13T17:12:25.372115" level="INFO">${json_data} = {'results': [{'gender': 'female', 'name': {'title': 'Ms', 'first': 'Charlie', 'last': 'Addy'}, 'location': {'street': {'number': 7161, 'name': '3rd St'}, 'city': 'Hudson', 'state': 'Nunavut', 'country...</msg>
<var>${json_data}</var>
<arg>${response.json()}</arg>
<doc>Returns the given values which can then be assigned to a variables.</doc>
<status status="PASS" start="2024-05-13T17:12:25.371392" elapsed="0.000767"/>
</kw>
<kw name="Dictionary Should Contain Key" owner="Collections">
<msg time="2024-05-13T17:12:25.372821" level="INFO">False</msg>
<arg>${json_data}</arg>
<arg>results</arg>
<doc>Fails if ``key`` is not found from ``dictionary``.</doc>
<status status="PASS" start="2024-05-13T17:12:25.372588" elapsed="0.000299"/>
</kw>
<status status="PASS" start="2024-05-13T17:12:25.179063" elapsed="0.194197"/>
</kw>
<doc>Testa se a API responde corretamente e retorna um objeto JSON válido.</doc>
<tag>testeRequisicaoBasica</tag>
<status status="PASS" start="2024-05-13T17:12:25.178562" elapsed="0.195005"/>
</test>
<test id="s1-s1-t3" name="Validar estrutura de resposta" line="22">
<kw name="Teste de Estrutura de Resposta" owner="random-user-service">
<kw name="GET On Session" owner="RequestsLibrary">
<msg time="2024-05-13T17:12:25.473252" level="INFO">GET Request : url=https://randomuser.me/api 
 path_url=/api 
 headers={'User-Agent': 'python-requests/2.31.0', 'Accept-Encoding': 'gzip, deflate', 'Accept': '*/*', 'Connection': 'keep-alive'} 
 body=None 
 </msg>
<msg time="2024-05-13T17:12:25.473331" level="INFO">GET Response : url=https://randomuser.me/api 
 status=200, reason=OK 
 headers={'Date': 'Mon, 13 May 2024 17:12:25 GMT', 'Content-Type': 'application/json; charset=utf-8', 'Transfer-Encoding': 'chunked', 'Connection': 'keep-alive', 'X-Powered-By': 'Express', 'Access-Control-Allow-Origin': '*', 'Cache-Control': 'no-cache', 'ETag': 'W/"47e-BsS0VBZnPZm0vYgZ0LsGPJyEZLY"', 'Vary': 'Accept-Encoding', 'Content-Encoding': 'gzip', 'CF-Cache-Status': 'DYNAMIC', 'Report-To': '{"endpoints":[{"url":"https:\\/\\/a.nel.cloudflare.com\\/report\\/v4?s=KQJ9utd3kM%2Fbd94ZEH5TqqNxLC3GHHosiAe3fiFYeUF1AaW8a7OnyBEgjLXifgeW4ScY9pw2d%2FGRn%2B7KzWn0tEXBg1tR2GzPGcsDvtnN9D2py4%2B%2F%2BwzhFPQGAvUxDIwF"}],"group":"cf-nel","max_age":604800}', 'NEL': '{"success_fraction":0,"report_to":"cf-nel","max_age":604800}', 'Server': 'cloudflare', 'CF-RAY': '883445f6aa844271-EWR', 'alt-svc': 'h3=":443"; ma=86400'} 
 body={"results":[{"gender":"male","name":{"title":"Mr","first":"Martin","last":"Reynolds"},"location":{"street":{"number":8119,"name":"Green Rd"},"city":"High Point","state":"Texas","country":"United States","postcode":55284,"coordinates":{"latitude":"84.1093","longitude":"-107.1307"},"timezone":{"offset":"-3:30","description":"Newfoundland"}},"email":"martin.reynolds@example.com","login":{"uuid":"ab4c56d8-3178-49c8-ad42-2424b9de9994","username":"crazydog222","password":"smoothie","salt":"phBHLWG6","md5":"692b0d4eb6bc82183fb070b0717f7eae","sha1":"8cd3db1709125b12dab377f2c7eb83d767af10d4","sha256":"e1adb1a858422f3f9ac3a1547e8e5545a71150aeb2ae4cdc1dc18ede12feb023"},"dob":{"date":"1959-03-05T21:39:50.031Z","age":65},"registered":{"date":"2005-07-27T14:59:29.609Z","age":18},"phone":"(758) 965-5267","cell":"(701) 997-0432","id":{"name":"SSN","value":"209-99-2634"},"picture":{"large":"https://randomuser.me/api/portraits/men/29.jpg","medium":"https://randomuser.me/api/portraits/med/men/29.jpg","thumbnail":"https://randomuser.me/api/portraits/thumb/men/29.jpg"},"nat":"US"}],"info":{"seed":"158d17b7b69b0005","results":1,"page":1,"version":"1.4"}} 
 </msg>
<msg time="2024-05-13T17:12:25.473436" level="INFO">/opt/hostedtoolcache/Python/3.12.3/x64/lib/python3.12/site-packages/urllib3/connectionpool.py:1103: InsecureRequestWarning: Unverified HTTPS request is being made to host 'randomuser.me'. Adding certificate verification is strongly advised. See: https://urllib3.readthedocs.io/en/latest/advanced-usage.html#tls-warnings
  warnings.warn(</msg>
<msg time="2024-05-13T17:12:25.473546" level="INFO">${response} = &lt;Response [200]&gt;</msg>
<var>${response}</var>
<arg>consultarAPI</arg>
<arg>/api</arg>
<doc>Sends a GET request on a previously created HTTP Session.</doc>
<status status="PASS" start="2024-05-13T17:12:25.377929" elapsed="0.095656"/>
</kw>
<kw name="Set Variable" owner="BuiltIn">
<msg time="2024-05-13T17:12:25.474486" level="INFO">${json_data} = {'results': [{'gender': 'male', 'name': {'title': 'Mr', 'first': 'Martin', 'last': 'Reynolds'}, 'location': {'street': {'number': 8119, 'name': 'Green Rd'}, 'city': 'High Point', 'state': 'Texas', 'co...</msg>
<var>${json_data}</var>
<arg>${response.json()}</arg>
<doc>Returns the given values which can then be assigned to a variables.</doc>
<status status="PASS" start="2024-05-13T17:12:25.473998" elapsed="0.000517"/>
</kw>
<kw name="Log" owner="BuiltIn">
<msg time="2024-05-13T17:12:25.475030" level="INFO">{'results': [{'gender': 'male', 'name': {'title': 'Mr', 'first': 'Martin', 'last': 'Reynolds'}, 'location': {'street': {'number': 8119, 'name': 'Green Rd'}, 'city': 'High Point', 'state': 'Texas', 'country': 'United States', 'postcode': 55284, 'coordinates': {'latitude': '84.1093', 'longitude': '-107.1307'}, 'timezone': {'offset': '-3:30', 'description': 'Newfoundland'}}, 'email': 'martin.reynolds@example.com', 'login': {'uuid': 'ab4c56d8-3178-49c8-ad42-2424b9de9994', 'username': 'crazydog222', 'password': 'smoothie', 'salt': 'phBHLWG6', 'md5': '692b0d4eb6bc82183fb070b0717f7eae', 'sha1': '8cd3db1709125b12dab377f2c7eb83d767af10d4', 'sha256': 'e1adb1a858422f3f9ac3a1547e8e5545a71150aeb2ae4cdc1dc18ede12feb023'}, 'dob': {'date': '1959-03-05T21:39:50.031Z', 'age': 65}, 'registered': {'date': '2005-07-27T14:59:29.609Z', 'age': 18}, 'phone': '(758) 965-5267', 'cell': '(701) 997-0432', 'id': {'name': 'SSN', 'value': '209-99-2634'}, 'picture': {'large': 'https://randomuser.me/api/portraits/men/29.jpg', 'medium': 'https://randomuser.me/api/portraits/med/men/29.jpg', 'thumbnail': 'https://randomuser.me/api/portraits/thumb/men/29.jpg'}, 'nat': 'US'}], 'info': {'seed': '158d17b7b69b0005', 'results': 1, 'page': 1, 'version': '1.4'}}</msg>
<arg>${json_data}</arg>
<doc>Logs the given message with the given level.</doc>
<status status="PASS" start="2024-05-13T17:12:25.474861" elapsed="0.000220"/>
</kw>
<kw name="Dictionary Should Contain Key" owner="Collections">
<msg time="2024-05-13T17:12:25.475544" level="INFO">False</msg>
<arg>${json_data}</arg>
<arg>results</arg>
<doc>Fails if ``key`` is not found from ``dictionary``.</doc>
<status status="PASS" start="2024-05-13T17:12:25.475387" elapsed="0.000197"/>
</kw>
<kw name="Should Not Be Empty" owner="BuiltIn">
<msg time="2024-05-13T17:12:25.476018" level="INFO">Length is 2.</msg>
<arg>${json_data}</arg>
<doc>Verifies that the given item is not empty.</doc>
<status status="PASS" start="2024-05-13T17:12:25.475884" elapsed="0.000173"/>
</kw>
<kw name="Create List" owner="BuiltIn">
<msg time="2024-05-13T17:12:25.476641" level="INFO">${expected_keys} = ['gender', 'name', 'location', 'email', 'login']</msg>
<var>${expected_keys}</var>
<arg>gender</arg>
<arg>name</arg>
<arg>location</arg>
<arg>email</arg>
<arg>login</arg>
<doc>Returns a list containing given items.</doc>
<status status="PASS" start="2024-05-13T17:12:25.476345" elapsed="0.000321"/>
</kw>
<for flavor="IN">
<iter>
<kw name="Dictionary Should Contain Key" owner="Collections">
<msg time="2024-05-13T17:12:25.477657" level="INFO">False</msg>
<arg>${json_data['results'][0]}</arg>
<arg>${key}</arg>
<doc>Fails if ``key`` is not found from ``dictionary``.</doc>
<status status="PASS" start="2024-05-13T17:12:25.477249" elapsed="0.000448"/>
</kw>
<kw name="Log" owner="BuiltIn">
<msg time="2024-05-13T17:12:25.478396" level="INFO">{'gender': 'male', 'name': {'title': 'Mr', 'first': 'Martin', 'last': 'Reynolds'}, 'location': {'street': {'number': 8119, 'name': 'Green Rd'}, 'city': 'High Point', 'state': 'Texas', 'country': 'United States', 'postcode': 55284, 'coordinates': {'latitude': '84.1093', 'longitude': '-107.1307'}, 'timezone': {'offset': '-3:30', 'description': 'Newfoundland'}}, 'email': 'martin.reynolds@example.com', 'login': {'uuid': 'ab4c56d8-3178-49c8-ad42-2424b9de9994', 'username': 'crazydog222', 'password': 'smoothie', 'salt': 'phBHLWG6', 'md5': '692b0d4eb6bc82183fb070b0717f7eae', 'sha1': '8cd3db1709125b12dab377f2c7eb83d767af10d4', 'sha256': 'e1adb1a858422f3f9ac3a1547e8e5545a71150aeb2ae4cdc1dc18ede12feb023'}, 'dob': {'date': '1959-03-05T21:39:50.031Z', 'age': 65}, 'registered': {'date': '2005-07-27T14:59:29.609Z', 'age': 18}, 'phone': '(758) 965-5267', 'cell': '(701) 997-0432', 'id': {'name': 'SSN', 'value': '209-99-2634'}, 'picture': {'large': 'https://randomuser.me/api/portraits/men/29.jpg', 'medium': 'https://randomuser.me/api/portraits/med/men/29.jpg', 'thumbnail': 'https://randomuser.me/api/portraits/thumb/men/29.jpg'}, 'nat': 'US'}</msg>
<arg>${json_data['results'][0]}</arg>
<doc>Logs the given message with the given level.</doc>
<status status="PASS" start="2024-05-13T17:12:25.477999" elapsed="0.000446"/>
</kw>
<kw name="Log" owner="BuiltIn">
<msg time="2024-05-13T17:12:25.478903" level="INFO">gender</msg>
<arg>${key}</arg>
<doc>Logs the given message with the given level.</doc>
<status status="PASS" start="2024-05-13T17:12:25.478771" elapsed="0.000171"/>
</kw>
<var name="${key}">gender</var>
<status status="PASS" start="2024-05-13T17:12:25.477122" elapsed="0.002039"/>
</iter>
<iter>
<kw name="Dictionary Should Contain Key" owner="Collections">
<msg time="2024-05-13T17:12:25.479860" level="INFO">False</msg>
<arg>${json_data['results'][0]}</arg>
<arg>${key}</arg>
<doc>Fails if ``key`` is not found from ``dictionary``.</doc>
<status status="PASS" start="2024-05-13T17:12:25.479467" elapsed="0.000431"/>
</kw>
<kw name="Log" owner="BuiltIn">
<msg time="2024-05-13T17:12:25.480588" level="INFO">{'gender': 'male', 'name': {'title': 'Mr', 'first': 'Martin', 'last': 'Reynolds'}, 'location': {'street': {'number': 8119, 'name': 'Green Rd'}, 'city': 'High Point', 'state': 'Texas', 'country': 'United States', 'postcode': 55284, 'coordinates': {'latitude': '84.1093', 'longitude': '-107.1307'}, 'timezone': {'offset': '-3:30', 'description': 'Newfoundland'}}, 'email': 'martin.reynolds@example.com', 'login': {'uuid': 'ab4c56d8-3178-49c8-ad42-2424b9de9994', 'username': 'crazydog222', 'password': 'smoothie', 'salt': 'phBHLWG6', 'md5': '692b0d4eb6bc82183fb070b0717f7eae', 'sha1': '8cd3db1709125b12dab377f2c7eb83d767af10d4', 'sha256': 'e1adb1a858422f3f9ac3a1547e8e5545a71150aeb2ae4cdc1dc18ede12feb023'}, 'dob': {'date': '1959-03-05T21:39:50.031Z', 'age': 65}, 'registered': {'date': '2005-07-27T14:59:29.609Z', 'age': 18}, 'phone': '(758) 965-5267', 'cell': '(701) 997-0432', 'id': {'name': 'SSN', 'value': '209-99-2634'}, 'picture': {'large': 'https://randomuser.me/api/portraits/men/29.jpg', 'medium': 'https://randomuser.me/api/portraits/med/men/29.jpg', 'thumbnail': 'https://randomuser.me/api/portraits/thumb/men/29.jpg'}, 'nat': 'US'}</msg>
<arg>${json_data['results'][0]}</arg>
<doc>Logs the given message with the given level.</doc>
<status status="PASS" start="2024-05-13T17:12:25.480223" elapsed="0.000414"/>
</kw>
<kw name="Log" owner="BuiltIn">
<msg time="2024-05-13T17:12:25.481063" level="INFO">name</msg>
<arg>${key}</arg>
<doc>Logs the given message with the given level.</doc>
<status status="PASS" start="2024-05-13T17:12:25.480936" elapsed="0.000166"/>
</kw>
<var name="${key}">name</var>
<status status="PASS" start="2024-05-13T17:12:25.479352" elapsed="0.001964"/>
</iter>
<iter>
<kw name="Dictionary Should Contain Key" owner="Collections">
<msg time="2024-05-13T17:12:25.482004" level="INFO">False</msg>
<arg>${json_data['results'][0]}</arg>
<arg>${key}</arg>
<doc>Fails if ``key`` is not found from ``dictionary``.</doc>
<status status="PASS" start="2024-05-13T17:12:25.481612" elapsed="0.000431"/>
</kw>
<kw name="Log" owner="BuiltIn">
<msg time="2024-05-13T17:12:25.482725" level="INFO">{'gender': 'male', 'name': {'title': 'Mr', 'first': 'Martin', 'last': 'Reynolds'}, 'location': {'street': {'number': 8119, 'name': 'Green Rd'}, 'city': 'High Point', 'state': 'Texas', 'country': 'United States', 'postcode': 55284, 'coordinates': {'latitude': '84.1093', 'longitude': '-107.1307'}, 'timezone': {'offset': '-3:30', 'description': 'Newfoundland'}}, 'email': 'martin.reynolds@example.com', 'login': {'uuid': 'ab4c56d8-3178-49c8-ad42-2424b9de9994', 'username': 'crazydog222', 'password': 'smoothie', 'salt': 'phBHLWG6', 'md5': '692b0d4eb6bc82183fb070b0717f7eae', 'sha1': '8cd3db1709125b12dab377f2c7eb83d767af10d4', 'sha256': 'e1adb1a858422f3f9ac3a1547e8e5545a71150aeb2ae4cdc1dc18ede12feb023'}, 'dob': {'date': '1959-03-05T21:39:50.031Z', 'age': 65}, 'registered': {'date': '2005-07-27T14:59:29.609Z', 'age': 18}, 'phone': '(758) 965-5267', 'cell': '(701) 997-0432', 'id': {'name': 'SSN', 'value': '209-99-2634'}, 'picture': {'large': 'https://randomuser.me/api/portraits/men/29.jpg', 'medium': 'https://randomuser.me/api/portraits/med/men/29.jpg', 'thumbnail': 'https://randomuser.me/api/portraits/thumb/men/29.jpg'}, 'nat': 'US'}</msg>
<arg>${json_data['results'][0]}</arg>
<doc>Logs the given message with the given level.</doc>
<status status="PASS" start="2024-05-13T17:12:25.482341" elapsed="0.000433"/>
</kw>
<kw name="Log" owner="BuiltIn">
<msg time="2024-05-13T17:12:25.483193" level="INFO">location</msg>
<arg>${key}</arg>
<doc>Logs the given message with the given level.</doc>
<status status="PASS" start="2024-05-13T17:12:25.483068" elapsed="0.000164"/>
</kw>
<var name="${key}">location</var>
<status status="PASS" start="2024-05-13T17:12:25.481500" elapsed="0.001944"/>
</iter>
<iter>
<kw name="Dictionary Should Contain Key" owner="Collections">
<msg time="2024-05-13T17:12:25.484121" level="INFO">False</msg>
<arg>${json_data['results'][0]}</arg>
<arg>${key}</arg>
<doc>Fails if ``key`` is not found from ``dictionary``.</doc>
<status status="PASS" start="2024-05-13T17:12:25.483729" elapsed="0.000430"/>
</kw>
<kw name="Log" owner="BuiltIn">
<msg time="2024-05-13T17:12:25.484827" level="INFO">{'gender': 'male', 'name': {'title': 'Mr', 'first': 'Martin', 'last': 'Reynolds'}, 'location': {'street': {'number': 8119, 'name': 'Green Rd'}, 'city': 'High Point', 'state': 'Texas', 'country': 'United States', 'postcode': 55284, 'coordinates': {'latitude': '84.1093', 'longitude': '-107.1307'}, 'timezone': {'offset': '-3:30', 'description': 'Newfoundland'}}, 'email': 'martin.reynolds@example.com', 'login': {'uuid': 'ab4c56d8-3178-49c8-ad42-2424b9de9994', 'username': 'crazydog222', 'password': 'smoothie', 'salt': 'phBHLWG6', 'md5': '692b0d4eb6bc82183fb070b0717f7eae', 'sha1': '8cd3db1709125b12dab377f2c7eb83d767af10d4', 'sha256': 'e1adb1a858422f3f9ac3a1547e8e5545a71150aeb2ae4cdc1dc18ede12feb023'}, 'dob': {'date': '1959-03-05T21:39:50.031Z', 'age': 65}, 'registered': {'date': '2005-07-27T14:59:29.609Z', 'age': 18}, 'phone': '(758) 965-5267', 'cell': '(701) 997-0432', 'id': {'name': 'SSN', 'value': '209-99-2634'}, 'picture': {'large': 'https://randomuser.me/api/portraits/men/29.jpg', 'medium': 'https://randomuser.me/api/portraits/med/men/29.jpg', 'thumbnail': 'https://randomuser.me/api/portraits/thumb/men/29.jpg'}, 'nat': 'US'}</msg>
<arg>${json_data['results'][0]}</arg>
<doc>Logs the given message with the given level.</doc>
<status status="PASS" start="2024-05-13T17:12:25.484458" elapsed="0.000417"/>
</kw>
<kw name="Log" owner="BuiltIn">
<msg time="2024-05-13T17:12:25.485293" level="INFO">email</msg>
<arg>${key}</arg>
<doc>Logs the given message with the given level.</doc>
<status status="PASS" start="2024-05-13T17:12:25.485168" elapsed="0.000163"/>
</kw>
<var name="${key}">email</var>
<status status="PASS" start="2024-05-13T17:12:25.483619" elapsed="0.001923"/>
</iter>
<iter>
<kw name="Dictionary Should Contain Key" owner="Collections">
<msg time="2024-05-13T17:12:25.486220" level="INFO">False</msg>
<arg>${json_data['results'][0]}</arg>
<arg>${key}</arg>
<doc>Fails if ``key`` is not found from ``dictionary``.</doc>
<status status="PASS" start="2024-05-13T17:12:25.485828" elapsed="0.000431"/>
</kw>
<kw name="Log" owner="BuiltIn">
<msg time="2024-05-13T17:12:25.486939" level="INFO">{'gender': 'male', 'name': {'title': 'Mr', 'first': 'Martin', 'last': 'Reynolds'}, 'location': {'street': {'number': 8119, 'name': 'Green Rd'}, 'city': 'High Point', 'state': 'Texas', 'country': 'United States', 'postcode': 55284, 'coordinates': {'latitude': '84.1093', 'longitude': '-107.1307'}, 'timezone': {'offset': '-3:30', 'description': 'Newfoundland'}}, 'email': 'martin.reynolds@example.com', 'login': {'uuid': 'ab4c56d8-3178-49c8-ad42-2424b9de9994', 'username': 'crazydog222', 'password': 'smoothie', 'salt': 'phBHLWG6', 'md5': '692b0d4eb6bc82183fb070b0717f7eae', 'sha1': '8cd3db1709125b12dab377f2c7eb83d767af10d4', 'sha256': 'e1adb1a858422f3f9ac3a1547e8e5545a71150aeb2ae4cdc1dc18ede12feb023'}, 'dob': {'date': '1959-03-05T21:39:50.031Z', 'age': 65}, 'registered': {'date': '2005-07-27T14:59:29.609Z', 'age': 18}, 'phone': '(758) 965-5267', 'cell': '(701) 997-0432', 'id': {'name': 'SSN', 'value': '209-99-2634'}, 'picture': {'large': 'https://randomuser.me/api/portraits/men/29.jpg', 'medium': 'https://randomuser.me/api/portraits/med/men/29.jpg', 'thumbnail': 'https://randomuser.me/api/portraits/thumb/men/29.jpg'}, 'nat': 'US'}</msg>
<arg>${json_data['results'][0]}</arg>
<doc>Logs the given message with the given level.</doc>
<status status="PASS" start="2024-05-13T17:12:25.486556" elapsed="0.000431"/>
</kw>
<kw name="Log" owner="BuiltIn">
<msg time="2024-05-13T17:12:25.487412" level="INFO">login</msg>
<arg>${key}</arg>
<doc>Logs the given message with the given level.</doc>
<status status="PASS" start="2024-05-13T17:12:25.487285" elapsed="0.000166"/>
</kw>
<var name="${key}">login</var>
<status status="PASS" start="2024-05-13T17:12:25.485717" elapsed="0.001949"/>
</iter>
<var>${key}</var>
<value>@{expected_keys}</value>
<status status="PASS" start="2024-05-13T17:12:25.476934" elapsed="0.010880"/>
</for>
<kw name="Create List" owner="BuiltIn">
<msg time="2024-05-13T17:12:25.488149" level="INFO">${expected_keysTwo} = ['username', 'password']</msg>
<var>${expected_keysTwo}</var>
<arg>username</arg>
<arg>password</arg>
<doc>Returns a list containing given items.</doc>
<status status="PASS" start="2024-05-13T17:12:25.488013" elapsed="0.000160"/>
</kw>
<for flavor="IN">
<iter>
<kw name="Dictionary Should Contain Key" owner="Collections">
<msg time="2024-05-13T17:12:25.489081" level="INFO">False</msg>
<arg>${json_data['results'][0]['login']}</arg>
<arg>${keyTwo}</arg>
<doc>Fails if ``key`` is not found from ``dictionary``.</doc>
<status status="PASS" start="2024-05-13T17:12:25.488686" elapsed="0.000433"/>
</kw>
<kw name="Dictionary Should Contain Key" owner="Collections">
<msg time="2024-05-13T17:12:25.489795" level="INFO">False</msg>
<arg>${json_data['results'][0]['login']}</arg>
<arg>${keyTwo}</arg>
<doc>Fails if ``key`` is not found from ``dictionary``.</doc>
<status status="PASS" start="2024-05-13T17:12:25.489414" elapsed="0.000419"/>
</kw>
<kw name="Log" owner="BuiltIn">
<msg time="2024-05-13T17:12:25.490252" level="INFO">username</msg>
<arg>${keyTwo}</arg>
<doc>Logs the given message with the given level.</doc>
<status status="PASS" start="2024-05-13T17:12:25.490126" elapsed="0.000169"/>
</kw>
<var name="${keyTwo}">username</var>
<status status="PASS" start="2024-05-13T17:12:25.488576" elapsed="0.001933"/>
</iter>
<iter>
<kw name="Dictionary Should Contain Key" owner="Collections">
<msg time="2024-05-13T17:12:25.491214" level="INFO">False</msg>
<arg>${json_data['results'][0]['login']}</arg>
<arg>${keyTwo}</arg>
<doc>Fails if ``key`` is not found from ``dictionary``.</doc>
<status status="PASS" start="2024-05-13T17:12:25.490822" elapsed="0.000430"/>
</kw>
<kw name="Dictionary Should Contain Key" owner="Collections">
<msg time="2024-05-13T17:12:25.492024" level="INFO">False</msg>
<arg>${json_data['results'][0]['login']}</arg>
<arg>${keyTwo}</arg>
<doc>Fails if ``key`` is not found from ``dictionary``.</doc>
<status status="PASS" start="2024-05-13T17:12:25.491560" elapsed="0.000503"/>
</kw>
<kw name="Log" owner="BuiltIn">
<msg time="2024-05-13T17:12:25.492496" level="INFO">password</msg>
<arg>${keyTwo}</arg>
<doc>Logs the given message with the given level.</doc>
<status status="PASS" start="2024-05-13T17:12:25.492361" elapsed="0.000173"/>
</kw>
<var name="${keyTwo}">password</var>
<status status="PASS" start="2024-05-13T17:12:25.490709" elapsed="0.002042"/>
</iter>
<var>${keyTwo}</var>
<value>@{expected_keysTwo}</value>
<status status="PASS" start="2024-05-13T17:12:25.488409" elapsed="0.004466"/>
</for>
<status status="PASS" start="2024-05-13T17:12:25.377556" elapsed="0.115459"/>
</kw>
<doc>Testa a estrutura da resposta da API.</doc>
<tag>testeEstruturaResposta</tag>
<status status="PASS" start="2024-05-13T17:12:25.376811" elapsed="0.116362"/>
</test>
<test id="s1-s1-t4" name="Validar tipos de dados" line="28">
<kw name="Teste de Tipos de Dados" owner="random-user-service">
<kw name="GET On Session" owner="RequestsLibrary">
<msg time="2024-05-13T17:12:25.573594" level="INFO">GET Request : url=https://randomuser.me/api 
 path_url=/api 
 headers={'User-Agent': 'python-requests/2.31.0', 'Accept-Encoding': 'gzip, deflate', 'Accept': '*/*', 'Connection': 'keep-alive'} 
 body=None 
 </msg>
<msg time="2024-05-13T17:12:25.573671" level="INFO">GET Response : url=https://randomuser.me/api 
 status=200, reason=OK 
 headers={'Date': 'Mon, 13 May 2024 17:12:25 GMT', 'Content-Type': 'application/json; charset=utf-8', 'Transfer-Encoding': 'chunked', 'Connection': 'keep-alive', 'X-Powered-By': 'Express', 'Access-Control-Allow-Origin': '*', 'Cache-Control': 'no-cache', 'ETag': 'W/"49c-qETvL5xuglfcKn31hL4A+/d3pvg"', 'Vary': 'Accept-Encoding', 'Content-Encoding': 'gzip', 'CF-Cache-Status': 'DYNAMIC', 'Report-To': '{"endpoints":[{"url":"https:\\/\\/a.nel.cloudflare.com\\/report\\/v4?s=wgykUH5xT3aWYRWY775L67kyJHOKYI2vmxJPL4T0iVOEoYsUNhn8Z7S0qEq1uQlSaVtlZ%2BMdhxUJM1KpgJa1coeNMtkuMwXxDzrlF92swoswKdlVj2wIegpcmBKHHgvy"}],"group":"cf-nel","max_age":604800}', 'NEL': '{"success_fraction":0,"report_to":"cf-nel","max_age":604800}', 'Server': 'cloudflare', 'CF-RAY': '883445f76b914271-EWR', 'alt-svc': 'h3=":443"; ma=86400'} 
 body={"results":[{"gender":"female","name":{"title":"Mrs","first":"Maya","last":"Rose"},"location":{"street":{"number":9341,"name":"The Drive"},"city":"Sheffield","state":"West Midlands","country":"United Kingdom","postcode":"RC08 6AB","coordinates":{"latitude":"-7.6607","longitude":"2.4929"},"timezone":{"offset":"-5:00","description":"Eastern Time (US &amp; Canada), Bogota, Lima"}},"email":"maya.rose@example.com","login":{"uuid":"bc63edbf-0efe-46d2-97b4-449d1eb49a01","username":"crazyfish368","password":"qwerty","salt":"394zYlKE","md5":"cfeed4c23a0e49076536b0915c31f3e1","sha1":"61e145b34da72a9ace2156cfc5d56012b07681ca","sha256":"5777230a91b5fecd6fcf72271d377ba2d3b7e04d83d3ff34a118b50bf766cec2"},"dob":{"date":"1979-07-03T05:58:57.027Z","age":44},"registered":{"date":"2018-11-17T15:20:05.169Z","age":5},"phone":"016973 72921","cell":"07780 216911","id":{"name":"NINO","value":"LN 14 99 65 U"},"picture":{"large":"https://randomuser.me/api/portraits/women/6.jpg","medium":"https://randomuser.me/api/portraits/med/women/6.jpg","thumbnail":"https://randomuser.me/api/portraits/thumb/women/6.jpg"},"nat":"GB"}],"info":{"seed":"f303820614c3dcfd","results":1,"page":1,"version":"1.4"}} 
 </msg>
<msg time="2024-05-13T17:12:25.573739" level="INFO">/opt/hostedtoolcache/Python/3.12.3/x64/lib/python3.12/site-packages/urllib3/connectionpool.py:1103: InsecureRequestWarning: Unverified HTTPS request is being made to host 'randomuser.me'. Adding certificate verification is strongly advised. See: https://urllib3.readthedocs.io/en/latest/advanced-usage.html#tls-warnings
  warnings.warn(</msg>
<msg time="2024-05-13T17:12:25.573844" level="INFO">${response} = &lt;Response [200]&gt;</msg>
<var>${response}</var>
<arg>consultarAPI</arg>
<arg>/api</arg>
<doc>Sends a GET request on a previously created HTTP Session.</doc>
<status status="PASS" start="2024-05-13T17:12:25.495783" elapsed="0.078111"/>
</kw>
<kw name="Set Variable" owner="BuiltIn">
<msg time="2024-05-13T17:12:25.575107" level="INFO">${json_data} = {'results': [{'gender': 'female', 'name': {'title': 'Mrs', 'first': 'Maya', 'last': 'Rose'}, 'location': {'street': {'number': 9341, 'name': 'The Drive'}, 'city': 'Sheffield', 'state': 'West Midlands'...</msg>
<var>${json_data}</var>
<arg>${response.json()}</arg>
<doc>Returns the given values which can then be assigned to a variables.</doc>
<status status="PASS" start="2024-05-13T17:12:25.574430" elapsed="0.000706"/>
</kw>
<kw name="Log" owner="BuiltIn">
<msg time="2024-05-13T17:12:25.575600" level="INFO">{'results': [{'gender': 'female', 'name': {'title': 'Mrs', 'first': 'Maya', 'last': 'Rose'}, 'location': {'street': {'number': 9341, 'name': 'The Drive'}, 'city': 'Sheffield', 'state': 'West Midlands', 'country': 'United Kingdom', 'postcode': 'RC08 6AB', 'coordinates': {'latitude': '-7.6607', 'longitude': '2.4929'}, 'timezone': {'offset': '-5:00', 'description': 'Eastern Time (US &amp; Canada), Bogota, Lima'}}, 'email': 'maya.rose@example.com', 'login': {'uuid': 'bc63edbf-0efe-46d2-97b4-449d1eb49a01', 'username': 'crazyfish368', 'password': 'qwerty', 'salt': '394zYlKE', 'md5': 'cfeed4c23a0e49076536b0915c31f3e1', 'sha1': '61e145b34da72a9ace2156cfc5d56012b07681ca', 'sha256': '5777230a91b5fecd6fcf72271d377ba2d3b7e04d83d3ff34a118b50bf766cec2'}, 'dob': {'date': '1979-07-03T05:58:57.027Z', 'age': 44}, 'registered': {'date': '2018-11-17T15:20:05.169Z', 'age': 5}, 'phone': '016973 72921', 'cell': '07780 216911', 'id': {'name': 'NINO', 'value': 'LN 14 99 65 U'}, 'picture': {'large': 'https://randomuser.me/api/portraits/women/6.jpg', 'medium': 'https://randomuser.me/api/portraits/med/women/6.jpg', 'thumbnail': 'https://randomuser.me/api/portraits/thumb/women/6.jpg'}, 'nat': 'GB'}], 'info': {'seed': 'f303820614c3dcfd', 'results': 1, 'page': 1, 'version': '1.4'}}</msg>
<arg>${json_data}</arg>
<doc>Logs the given message with the given level.</doc>
<status status="PASS" start="2024-05-13T17:12:25.575450" elapsed="0.000229"/>
</kw>
<kw name="Should Be String" owner="String">
<arg>${json_data['results'][0]['gender']}</arg>
<doc>Fails if the given ``item`` is not a string.</doc>
<status status="PASS" start="2024-05-13T17:12:25.575975" elapsed="0.000375"/>
</kw>
<kw name="Should Match Regexp" owner="BuiltIn">
<arg>${json_data['results'][0]['email']}</arg>
<arg>^[a-zA-Z0-9._%+-]+@[a-zA-Z0-9.-]+\.[a-zA-Z]{2,}$</arg>
<doc>Fails if ``string`` does not match ``pattern`` as a regular expression.</doc>
<status status="PASS" start="2024-05-13T17:12:25.576542" elapsed="0.000507"/>
</kw>
<kw name="Should Match Regexp" owner="BuiltIn">
<arg>${json_data['results'][0]['dob']['date']}</arg>
<arg>\\d{4}-\\d{2}-\\d{2}T\\d{2}:\\d{2}:\\d{2}\\.\\d{3}Z</arg>
<doc>Fails if ``string`` does not match ``pattern`` as a regular expression.</doc>
<status status="PASS" start="2024-05-13T17:12:25.577243" elapsed="0.000501"/>
</kw>
<kw name="Should Match Regexp" owner="BuiltIn">
<arg>${json_data['results'][0]['registered']['date']}</arg>
<arg>\\d{4}-\\d{2}-\\d{2}T\\d{2}:\\d{2}:\\d{2}\\.\\d{3}Z</arg>
<doc>Fails if ``string`` does not match ``pattern`` as a regular expression.</doc>
<status status="PASS" start="2024-05-13T17:12:25.577933" elapsed="0.000360"/>
</kw>
<kw name="Should Match Regexp" owner="BuiltIn">
<arg>${json_data['results'][0]['picture']['large']}</arg>
<arg>^https?://.*\.(?:png|jpe?g|gif|bmp)$</arg>
<doc>Fails if ``string`` does not match ``pattern`` as a regular expression.</doc>
<status status="PASS" start="2024-05-13T17:12:25.578480" elapsed="0.000501"/>
</kw>
<kw name="Should Match Regexp" owner="BuiltIn">
<arg>${json_data['results'][0]['picture']['medium']}</arg>
<arg>^https?://.*\.(?:png|jpe?g|gif|bmp)$</arg>
<doc>Fails if ``string`` does not match ``pattern`` as a regular expression.</doc>
<status status="PASS" start="2024-05-13T17:12:25.579171" elapsed="0.000362"/>
</kw>
<kw name="Should Match Regexp" owner="BuiltIn">
<arg>${json_data['results'][0]['picture']['thumbnail']}</arg>
<arg>^https?://.*\.(?:png|jpe?g|gif|bmp)$</arg>
<doc>Fails if ``string`` does not match ``pattern`` as a regular expression.</doc>
<status status="PASS" start="2024-05-13T17:12:25.579721" elapsed="0.000347"/>
</kw>
<kw name="Log" owner="BuiltIn">
<msg time="2024-05-13T17:12:25.580573" level="INFO">{'large': 'https://randomuser.me/api/portraits/women/6.jpg', 'medium': 'https://randomuser.me/api/portraits/med/women/6.jpg', 'thumbnail': 'https://randomuser.me/api/portraits/thumb/women/6.jpg'}</msg>
<arg>${json_data['results'][0]['picture']}</arg>
<doc>Logs the given message with the given level.</doc>
<status status="PASS" start="2024-05-13T17:12:25.580242" elapsed="0.000372"/>
</kw>
<status status="PASS" start="2024-05-13T17:12:25.495556" elapsed="0.085306"/>
</kw>
<kw name="Teste de Tipos de Dados - Postcode" owner="random-user-service">
<kw name="GET On Session" owner="RequestsLibrary">
<msg time="2024-05-13T17:12:25.685717" level="INFO">GET Request : url=https://randomuser.me/api 
 path_url=/api 
 headers={'User-Agent': 'python-requests/2.31.0', 'Accept-Encoding': 'gzip, deflate', 'Accept': '*/*', 'Connection': 'keep-alive'} 
 body=None 
 </msg>
<msg time="2024-05-13T17:12:25.685802" level="INFO">GET Response : url=https://randomuser.me/api 
 status=200, reason=OK 
 headers={'Date': 'Mon, 13 May 2024 17:12:25 GMT', 'Content-Type': 'application/json; charset=utf-8', 'Transfer-Encoding': 'chunked', 'Connection': 'keep-alive', 'X-Powered-By': 'Express', 'Access-Control-Allow-Origin': '*', 'Cache-Control': 'no-cache', 'ETag': 'W/"49f-5Vpl+JgmW2iurX9hnb5odSgewLc"', 'Vary': 'Accept-Encoding', 'Content-Encoding': 'gzip', 'CF-Cache-Status': 'DYNAMIC', 'Report-To': '{"endpoints":[{"url":"https:\\/\\/a.nel.cloudflare.com\\/report\\/v4?s=cYP4Wjw89Kp7RpkBkrYYNwcQ2DDRrBLR%2BpCErM%2BUXL1ItBQrx8ASSkFB1CaVKpgyzRiuaEsUs5BxR3KNf37b04Cj1VAFKZycwrquwjD3gqZFyCVIaVg2PHIjx72Uyu%2F6"}],"group":"cf-nel","max_age":604800}', 'NEL': '{"success_fraction":0,"report_to":"cf-nel","max_age":604800}', 'Server': 'cloudflare', 'CF-RAY': '883445f7ec6d4271-EWR', 'alt-svc': 'h3=":443"; ma=86400'} 
 body={"results":[{"gender":"female","name":{"title":"Mrs","first":"Akshita","last":"Vernekar"},"location":{"street":{"number":8167,"name":"Mirza Ismail Rd"},"city":"Madhyamgram","state":"Puducherry","country":"India","postcode":68602,"coordinates":{"latitude":"12.2515","longitude":"178.8926"},"timezone":{"offset":"+1:00","description":"Brussels, Copenhagen, Madrid, Paris"}},"email":"akshita.vernekar@example.com","login":{"uuid":"0f97d98c-a2c7-43b2-aee7-682e1b9ec772","username":"lazygorilla554","password":"sweets","salt":"jWDoSki6","md5":"e0d2b2e380535b52839b553ddbe68001","sha1":"a2518b118f8f33c8cd843d32294adbf14a49b10c","sha256":"b430fb232072bd7d855fbc54345d0104b75fdc56907d170a1528e0eabb7fe9ce"},"dob":{"date":"1954-11-05T13:56:36.431Z","age":69},"registered":{"date":"2020-07-03T01:58:31.928Z","age":3},"phone":"9698441732","cell":"9626610858","id":{"name":"UIDAI","value":"461723159586"},"picture":{"large":"https://randomuser.me/api/portraits/women/12.jpg","medium":"https://randomuser.me/api/portraits/med/women/12.jpg","thumbnail":"https://randomuser.me/api/portraits/thumb/women/12.jpg"},"nat":"IN"}],"info":{"seed":"827eab89fceaf26f","results":1,"page":1,"version":"1.4"}} 
 </msg>
<msg time="2024-05-13T17:12:25.685874" level="INFO">/opt/hostedtoolcache/Python/3.12.3/x64/lib/python3.12/site-packages/urllib3/connectionpool.py:1103: InsecureRequestWarning: Unverified HTTPS request is being made to host 'randomuser.me'. Adding certificate verification is strongly advised. See: https://urllib3.readthedocs.io/en/latest/advanced-usage.html#tls-warnings
  warnings.warn(</msg>
<msg time="2024-05-13T17:12:25.685985" level="INFO">${response} = &lt;Response [200]&gt;</msg>
<var>${response}</var>
<arg>consultarAPI</arg>
<arg>/api</arg>
<doc>Sends a GET request on a previously created HTTP Session.</doc>
<status status="PASS" start="2024-05-13T17:12:25.581298" elapsed="0.104727"/>
</kw>
<kw name="Set Variable" owner="BuiltIn">
<msg time="2024-05-13T17:12:25.686996" level="INFO">${json_data} = {'results': [{'gender': 'female', 'name': {'title': 'Mrs', 'first': 'Akshita', 'last': 'Vernekar'}, 'location': {'street': {'number': 8167, 'name': 'Mirza Ismail Rd'}, 'city': 'Madhyamgram', 'state': ...</msg>
<var>${json_data}</var>
<arg>${response.json()}</arg>
<doc>Returns the given values which can then be assigned to a variables.</doc>
<status status="PASS" start="2024-05-13T17:12:25.686496" elapsed="0.000529"/>
</kw>
<kw name="Log" owner="BuiltIn">
<msg time="2024-05-13T17:12:25.687496" level="INFO">{'results': [{'gender': 'female', 'name': {'title': 'Mrs', 'first': 'Akshita', 'last': 'Vernekar'}, 'location': {'street': {'number': 8167, 'name': 'Mirza Ismail Rd'}, 'city': 'Madhyamgram', 'state': 'Puducherry', 'country': 'India', 'postcode': 68602, 'coordinates': {'latitude': '12.2515', 'longitude': '178.8926'}, 'timezone': {'offset': '+1:00', 'description': 'Brussels, Copenhagen, Madrid, Paris'}}, 'email': 'akshita.vernekar@example.com', 'login': {'uuid': '0f97d98c-a2c7-43b2-aee7-682e1b9ec772', 'username': 'lazygorilla554', 'password': 'sweets', 'salt': 'jWDoSki6', 'md5': 'e0d2b2e380535b52839b553ddbe68001', 'sha1': 'a2518b118f8f33c8cd843d32294adbf14a49b10c', 'sha256': 'b430fb232072bd7d855fbc54345d0104b75fdc56907d170a1528e0eabb7fe9ce'}, 'dob': {'date': '1954-11-05T13:56:36.431Z', 'age': 69}, 'registered': {'date': '2020-07-03T01:58:31.928Z', 'age': 3}, 'phone': '9698441732', 'cell': '9626610858', 'id': {'name': 'UIDAI', 'value': '461723159586'}, 'picture': {'large': 'https://randomuser.me/api/portraits/women/12.jpg', 'medium': 'https://randomuser.me/api/portraits/med/women/12.jpg', 'thumbnail': 'https://randomuser.me/api/portraits/thumb/women/12.jpg'}, 'nat': 'IN'}], 'info': {'seed': '827eab89fceaf26f', 'results': 1, 'page': 1, 'version': '1.4'}}</msg>
<arg>${json_data}</arg>
<doc>Logs the given message with the given level.</doc>
<status status="PASS" start="2024-05-13T17:12:25.687333" elapsed="0.000252"/>
</kw>
<kw name="Should Be Equal As Numbers" owner="BuiltIn">
<arg>${json_data['results'][0]['location']['postcode']}</arg>
<arg>${json_data['results'][0]['location']['postcode']}</arg>
<doc>Fails if objects are unequal after converting them to real numbers.</doc>
<status status="PASS" start="2024-05-13T17:12:25.687888" elapsed="0.000786"/>
</kw>
<kw name="Log" owner="BuiltIn">
<msg time="2024-05-13T17:12:25.689210" level="INFO">68602</msg>
<arg>${json_data['results'][0]['location']['postcode']}</arg>
<doc>Logs the given message with the given level.</doc>
<status status="PASS" start="2024-05-13T17:12:25.688871" elapsed="0.000382"/>
</kw>
<status status="PASS" start="2024-05-13T17:12:25.581075" elapsed="0.108430"/>
</kw>
<doc>Testa se os tipos de dados na resposta da API estão corretos.</doc>
<tag>testeTiposDados</tag>
<status status="PASS" start="2024-05-13T17:12:25.495044" elapsed="0.194626"/>
</test>
<test id="s1-s1-t5" name="Validar conteudo" line="35">
<kw name="Teste de Tipos de Conteudo" owner="random-user-service">
<kw name="GET On Session" owner="RequestsLibrary">
<msg time="2024-05-13T17:12:25.771073" level="INFO">GET Request : url=https://randomuser.me/api 
 path_url=/api 
 headers={'User-Agent': 'python-requests/2.31.0', 'Accept-Encoding': 'gzip, deflate', 'Accept': '*/*', 'Connection': 'keep-alive'} 
 body=None 
 </msg>
<msg time="2024-05-13T17:12:25.771152" level="INFO">GET Response : url=https://randomuser.me/api 
 status=200, reason=OK 
 headers={'Date': 'Mon, 13 May 2024 17:12:25 GMT', 'Content-Type': 'application/json; charset=utf-8', 'Transfer-Encoding': 'chunked', 'Connection': 'keep-alive', 'X-Powered-By': 'Express', 'Access-Control-Allow-Origin': '*', 'Cache-Control': 'no-cache', 'ETag': 'W/"492-fj7a7ZBH5UAJIJrYCdrEkkukGJU"', 'Vary': 'Accept-Encoding', 'Content-Encoding': 'gzip', 'CF-Cache-Status': 'DYNAMIC', 'Report-To': '{"endpoints":[{"url":"https:\\/\\/a.nel.cloudflare.com\\/report\\/v4?s=RCly8YBAiVVlRzE4Gd1SXjcycZYuiabG4rPA%2F3pittGbAdjnb57gtDx2MWyFf%2FPtMVhodSe25FNgBtfP2mhp%2BadtzZMUEuvfpiSk1VbUVNUOTKPelZWMOmFzzVa8HLLu"}],"group":"cf-nel","max_age":604800}', 'NEL': '{"success_fraction":0,"report_to":"cf-nel","max_age":604800}', 'Server': 'cloudflare', 'CF-RAY': '883445f89deb4271-EWR', 'alt-svc': 'h3=":443"; ma=86400'} 
 body={"results":[{"gender":"male","name":{"title":"Mr","first":"Jacob","last":"Adolfsen"},"location":{"street":{"number":9914,"name":"Røaknekken"},"city":"Opakermoen","state":"Møre og Romsdal","country":"Norway","postcode":"5695","coordinates":{"latitude":"44.6977","longitude":"-111.4835"},"timezone":{"offset":"-6:00","description":"Central Time (US &amp; Canada), Mexico City"}},"email":"jacob.adolfsen@example.com","login":{"uuid":"603fb96c-5bb2-43c0-8884-e188c1f75f11","username":"orangefish910","password":"longer","salt":"vQUjoYad","md5":"cd08ed1f0a9067858f23d80cf82faa1f","sha1":"db74b0078eae63fe913a3ce5fa0bac77eebdaa7e","sha256":"4af3871cb5988cfd985ea034dc9a6c57c6402a89096d14626b68cd8e3cf76625"},"dob":{"date":"1951-07-01T09:52:18.651Z","age":72},"registered":{"date":"2012-11-11T02:55:09.697Z","age":11},"phone":"70943900","cell":"94991935","id":{"name":"FN","value":"01075103502"},"picture":{"large":"https://randomuser.me/api/portraits/men/54.jpg","medium":"https://randomuser.me/api/portraits/med/men/54.jpg","thumbnail":"https://randomuser.me/api/portraits/thumb/men/54.jpg"},"nat":"NO"}],"info":{"seed":"f2201711f60ff4a3","results":1,"page":1,"version":"1.4"}} 
 </msg>
<msg time="2024-05-13T17:12:25.771228" level="INFO">/opt/hostedtoolcache/Python/3.12.3/x64/lib/python3.12/site-packages/urllib3/connectionpool.py:1103: InsecureRequestWarning: Unverified HTTPS request is being made to host 'randomuser.me'. Adding certificate verification is strongly advised. See: https://urllib3.readthedocs.io/en/latest/advanced-usage.html#tls-warnings
  warnings.warn(</msg>
<msg time="2024-05-13T17:12:25.771345" level="INFO">${response} = &lt;Response [200]&gt;</msg>
<var>${response}</var>
<arg>consultarAPI</arg>
<arg>/api</arg>
<doc>Sends a GET request on a previously created HTTP Session.</doc>
<status status="PASS" start="2024-05-13T17:12:25.692219" elapsed="0.079177"/>
</kw>
<kw name="Set Variable" owner="BuiltIn">
<msg time="2024-05-13T17:12:25.772497" level="INFO">${json_data} = {'results': [{'gender': 'male', 'name': {'title': 'Mr', 'first': 'Jacob', 'last': 'Adolfsen'}, 'location': {'street': {'number': 9914, 'name': 'Røaknekken'}, 'city': 'Opakermoen', 'state': 'Møre og Ro...</msg>
<var>${json_data}</var>
<arg>${response.json()}</arg>
<doc>Returns the given values which can then be assigned to a variables.</doc>
<status status="PASS" start="2024-05-13T17:12:25.771898" elapsed="0.000630"/>
</kw>
<kw name="Set Variable" owner="BuiltIn">
<msg time="2024-05-13T17:12:25.773236" level="INFO">${name_title} = Mr</msg>
<var>${name_title}</var>
<arg>${json_data["results"][0]["name"]["title"]}</arg>
<doc>Returns the given values which can then be assigned to a variables.</doc>
<status status="PASS" start="2024-05-13T17:12:25.772844" elapsed="0.000418"/>
</kw>
<kw name="Create List" owner="BuiltIn">
<msg time="2024-05-13T17:12:25.773713" level="INFO">${allowed_titles} = ['Mr', 'Ms', 'Miss', 'Mrs', 'Madame', 'Monsieur']</msg>
<var>${allowed_titles}</var>
<arg>Mr</arg>
<arg>Ms</arg>
<arg>Miss</arg>
<arg>Mrs</arg>
<arg>Madame</arg>
<arg>Monsieur</arg>
<doc>Returns a list containing given items.</doc>
<status status="PASS" start="2024-05-13T17:12:25.773564" elapsed="0.000173"/>
</kw>
<kw name="List Should Contain Value" owner="Collections">
<msg time="2024-05-13T17:12:25.774206" level="INFO">False</msg>
<arg>${allowed_titles}</arg>
<arg>${name_title}</arg>
<doc>Fails if the ``value`` is not found from ``list``.</doc>
<status status="PASS" start="2024-05-13T17:12:25.774036" elapsed="0.000207"/>
</kw>
<kw name="Set Variable" owner="BuiltIn">
<msg time="2024-05-13T17:12:25.774964" level="INFO">${name_country} = NO</msg>
<var>${name_country}</var>
<arg>${json_data["results"][0]["nat"]}</arg>
<doc>Returns the given values which can then be assigned to a variables.</doc>
<status status="PASS" start="2024-05-13T17:12:25.774536" elapsed="0.000453"/>
</kw>
<kw name="Create List" owner="BuiltIn">
<msg time="2024-05-13T17:12:25.775886" level="INFO">${list_country} = ['AD', 'AE', 'AF', 'AG', 'AI', 'AL', 'AM', 'AO', 'AQ', 'AR', 'AS', 'AT', 'AU', 'AW', 'AX', 'AZ', 'BA', 'BB', 'BD', 'BE', 'BF', 'BG', 'BH', 'BI', 'BJ', 'BL', 'BM', 'BN', 'BO', 'BQ', 'BR', 'BS', 'BT', '...</msg>
<var>${list_country}</var>
<arg>AD</arg>
<arg>AE</arg>
<arg>AF</arg>
<arg>AG</arg>
<arg>AI</arg>
<arg>AL</arg>
<arg>AM</arg>
<arg>AO</arg>
<arg>AQ</arg>
<arg>AR</arg>
<arg>AS</arg>
<arg>AT</arg>
<arg>AU</arg>
<arg>AW</arg>
<arg>AX</arg>
<arg>AZ</arg>
<arg>BA</arg>
<arg>BB</arg>
<arg>BD</arg>
<arg>BE</arg>
<arg>BF</arg>
<arg>BG</arg>
<arg>BH</arg>
<arg>BI</arg>
<arg>BJ</arg>
<arg>BL</arg>
<arg>BM</arg>
<arg>BN</arg>
<arg>BO</arg>
<arg>BQ</arg>
<arg>BR</arg>
<arg>BS</arg>
<arg>BT</arg>
<arg>BV</arg>
<arg>BW</arg>
<arg>BY</arg>
<arg>BZ</arg>
<arg>CA</arg>
<arg>CC</arg>
<arg>CD</arg>
<arg>CF</arg>
<arg>CG</arg>
<arg>CH</arg>
<arg>CI</arg>
<arg>CK</arg>
<arg>CL</arg>
<arg>CM</arg>
<arg>CN</arg>
<arg>CO</arg>
<arg>CR</arg>
<arg>CU</arg>
<arg>CV</arg>
<arg>CW</arg>
<arg>CX</arg>
<arg>CY</arg>
<arg>CZ</arg>
<arg>DE</arg>
<arg>DJ</arg>
<arg>DK</arg>
<arg>DM</arg>
<arg>DO</arg>
<arg>DZ</arg>
<arg>EC</arg>
<arg>EE</arg>
<arg>EG</arg>
<arg>EH</arg>
<arg>ER</arg>
<arg>ES</arg>
<arg>ET</arg>
<arg>FI</arg>
<arg>FJ</arg>
<arg>FK</arg>
<arg>FM</arg>
<arg>FO</arg>
<arg>FR</arg>
<arg>GA</arg>
<arg>GB</arg>
<arg>GD</arg>
<arg>GE</arg>
<arg>GF</arg>
<arg>GG</arg>
<arg>GH</arg>
<arg>GI</arg>
<arg>GL</arg>
<arg>GM</arg>
<arg>GN</arg>
<arg>GP</arg>
<arg>GQ</arg>
<arg>GR</arg>
<arg>GS</arg>
<arg>GT</arg>
<arg>GU</arg>
<arg>GW</arg>
<arg>GY</arg>
<arg>HK</arg>
<arg>HM</arg>
<arg>HN</arg>
<arg>HR</arg>
<arg>HT</arg>
<arg>HU</arg>
<arg>ID</arg>
<arg>IE</arg>
<arg>IL</arg>
<arg>IM</arg>
<arg>IN</arg>
<arg>IO</arg>
<arg>IQ</arg>
<arg>IR</arg>
<arg>IS</arg>
<arg>IT</arg>
<arg>JE</arg>
<arg>JM</arg>
<arg>JO</arg>
<arg>JP</arg>
<arg>KE</arg>
<arg>KG</arg>
<arg>KH</arg>
<arg>KI</arg>
<arg>KM</arg>
<arg>KN</arg>
<arg>KP</arg>
<arg>KR</arg>
<arg>KW</arg>
<arg>KY</arg>
<arg>KZ</arg>
<arg>LA</arg>
<arg>LB</arg>
<arg>LC</arg>
<arg>LI</arg>
<arg>LK</arg>
<arg>LR</arg>
<arg>LS</arg>
<arg>LT</arg>
<arg>LU</arg>
<arg>LV</arg>
<arg>LY</arg>
<arg>MA</arg>
<arg>MC</arg>
<arg>MD</arg>
<arg>ME</arg>
<arg>MF</arg>
<arg>MG</arg>
<arg>MH</arg>
<arg>MK</arg>
<arg>ML</arg>
<arg>MM</arg>
<arg>MN</arg>
<arg>MO</arg>
<arg>MP</arg>
<arg>MQ</arg>
<arg>MR</arg>
<arg>MS</arg>
<arg>MT</arg>
<arg>MU</arg>
<arg>MV</arg>
<arg>MW</arg>
<arg>MX</arg>
<arg>MY</arg>
<arg>MZ</arg>
<arg>NA</arg>
<arg>NC</arg>
<arg>NE</arg>
<arg>NF</arg>
<arg>NG</arg>
<arg>NI</arg>
<arg>NL</arg>
<arg>NO</arg>
<arg>NP</arg>
<arg>NR</arg>
<arg>NU</arg>
<arg>NZ</arg>
<arg>OM</arg>
<arg>PA</arg>
<arg>PE</arg>
<arg>PF</arg>
<arg>PG</arg>
<arg>PH</arg>
<arg>PK</arg>
<arg>PL</arg>
<arg>PM</arg>
<arg>PN</arg>
<arg>PR</arg>
<arg>PS</arg>
<arg>PT</arg>
<arg>PW</arg>
<arg>PY</arg>
<arg>QA</arg>
<arg>RE</arg>
<arg>RO</arg>
<arg>RS</arg>
<arg>RU</arg>
<arg>RW</arg>
<arg>SA</arg>
<arg>SB</arg>
<arg>SC</arg>
<arg>SD</arg>
<arg>SE</arg>
<arg>SG</arg>
<arg>SH</arg>
<arg>SI</arg>
<arg>SJ</arg>
<arg>SK</arg>
<arg>SL</arg>
<arg>SM</arg>
<arg>SN</arg>
<arg>SO</arg>
<arg>SR</arg>
<arg>SS</arg>
<arg>ST</arg>
<arg>SV</arg>
<arg>SX</arg>
<arg>SY</arg>
<arg>SZ</arg>
<arg>TC</arg>
<arg>TD</arg>
<arg>TF</arg>
<arg>TG</arg>
<arg>TH</arg>
<arg>TJ</arg>
<arg>TK</arg>
<arg>TL</arg>
<arg>TM</arg>
<arg>TN</arg>
<arg>TO</arg>
<arg>TR</arg>
<arg>TT</arg>
<arg>TV</arg>
<arg>TW</arg>
<arg>TZ</arg>
<arg>UA</arg>
<arg>UG</arg>
<arg>UM</arg>
<arg>US</arg>
<arg>UY</arg>
<arg>UZ</arg>
<arg>VA</arg>
<arg>VC</arg>
<arg>VE</arg>
<arg>VG</arg>
<arg>VI</arg>
<arg>VN</arg>
<arg>VU</arg>
<arg>WF</arg>
<arg>WS</arg>
<arg>XK</arg>
<arg>YE</arg>
<arg>YT</arg>
<arg>ZA</arg>
<arg>ZM</arg>
<arg>ZW</arg>
<doc>Returns a list containing given items.</doc>
<status status="PASS" start="2024-05-13T17:12:25.775298" elapsed="0.000613"/>
</kw>
<kw name="List Should Contain Value" owner="Collections">
<msg time="2024-05-13T17:12:25.776910" level="INFO">False</msg>
<arg>${list_country}</arg>
<arg>${name_country}</arg>
<doc>Fails if the ``value`` is not found from ``list``.</doc>
<status status="PASS" start="2024-05-13T17:12:25.776705" elapsed="0.000242"/>
</kw>
<kw name="Run Keyword If" owner="BuiltIn">
<kw name="Should Be True" owner="BuiltIn">
<arg>${True}</arg>
<doc>Fails if the given condition is not true.</doc>
<status status="PASS" start="2024-05-13T17:12:25.778017" elapsed="0.000142"/>
</kw>
<arg>${json_data["results"][0]["location"]["coordinates"]["latitude"]} &gt;= -90 and ${json_data["results"][0]["location"]["coordinates"]["latitude"]} &lt;= 90</arg>
<arg>Should Be True</arg>
<arg>${True}</arg>
<doc>Runs the given keyword with the given arguments, if ``condition`` is true.</doc>
<status status="PASS" start="2024-05-13T17:12:25.777258" elapsed="0.001027"/>
</kw>
<kw name="Run Keyword If" owner="BuiltIn">
<kw name="Should Be True" owner="BuiltIn">
<arg>${True}</arg>
<doc>Fails if the given condition is not true.</doc>
<status status="PASS" start="2024-05-13T17:12:25.779246" elapsed="0.000251"/>
</kw>
<arg>${json_data["results"][0]["location"]["coordinates"]["longitude"]} &gt;= -180 and ${json_data["results"][0]["location"]["coordinates"]["longitude"]} &lt;= 180</arg>
<arg>Should Be True</arg>
<arg>${True}</arg>
<doc>Runs the given keyword with the given arguments, if ``condition`` is true.</doc>
<status status="PASS" start="2024-05-13T17:12:25.778472" elapsed="0.001152"/>
</kw>
<status status="PASS" start="2024-05-13T17:12:25.691996" elapsed="0.087757"/>
</kw>
<doc>Testa o conteúdo específico dos campos retornados pela API.</doc>
<tag>testeConteudo</tag>
<status status="PASS" start="2024-05-13T17:12:25.691481" elapsed="0.088413"/>
</test>
<status status="PASS" start="2024-05-13T17:12:24.862387" elapsed="0.919502"/>
</suite>
<status status="PASS" start="2024-05-13T17:12:24.848963" elapsed="0.938145"/>
</suite>
<statistics>
<total>
<stat pass="5" fail="0" skip="0">All Tests</stat>
</total>
<tag>
<stat pass="1" fail="0" skip="0">testeConteudo</stat>
<stat pass="1" fail="0" skip="0">testeEstruturaResposta</stat>
<stat pass="1" fail="0" skip="0">testeRequisicaoBasica</stat>
<stat pass="1" fail="0" skip="0">testeTiposDados</stat>
</tag>
<suite>
<stat pass="5" fail="0" skip="0" id="s1" name="Tests">Tests</stat>
<stat pass="5" fail="0" skip="0" id="s1-s1" name="Random-User-Test">Tests.Random-User-Test</stat>
</suite>
</statistics>
<errors>
</errors>
</robot>
