<?xml version="1.0" encoding="UTF-8"?>
<robot generator="Robot 7.0 (Python 3.12.2 on linux)" generated="2024-04-03T02:21:04.897697" rpa="false" schemaversion="5">
<suite id="s1" name="Tests" source="/home/runner/work/DesafioQAItauRogerioJordao/DesafioQAItauRogerioJordao/RamdonUser/tests">
<suite id="s1-s1" name="Random-User-Test" source="/home/runner/work/DesafioQAItauRogerioJordao/DesafioQAItauRogerioJordao/RamdonUser/tests/random-user-test.robot">
<test id="s1-s1-t1" name="Conectar" line="13">
<kw name="Conectar API" owner="random-user-service">
<kw name="Create Session" owner="RequestsLibrary">
<msg time="2024-04-03T02:21:05.303318" level="INFO">Creating Session using : alias=consultarAPI, url=https://randomuser.me/, headers={},                     cookies={}, auth=None, timeout=None, proxies=None, verify=False,                     debug=0 </msg>
<arg>consultarAPI</arg>
<arg>${URL}</arg>
<doc>Create Session: create a HTTP session to a server</doc>
<status status="PASS" start="2024-04-03T02:21:05.303103" elapsed="0.000404"/>
</kw>
<status status="PASS" start="2024-04-03T02:21:05.302028" elapsed="0.001859"/>
</kw>
<status status="PASS" start="2024-04-03T02:21:05.301366" elapsed="0.002730"/>
</test>
<test id="s1-s1-t2" name="Validar retorno 200 e JSON Válido" line="16">
<kw name="Teste de Requisicao Basica" owner="random-user-service">
<kw name="GET On Session" owner="RequestsLibrary">
<msg time="2024-04-03T02:21:05.439275" level="INFO">GET Request : url=https://randomuser.me/api 
 path_url=/api 
 headers={'User-Agent': 'python-requests/2.31.0', 'Accept-Encoding': 'gzip, deflate', 'Accept': '*/*', 'Connection': 'keep-alive'} 
 body=None 
 </msg>
<msg time="2024-04-03T02:21:05.439451" level="INFO">GET Response : url=https://randomuser.me/api 
 status=200, reason=OK 
 headers={'Date': 'Wed, 03 Apr 2024 02:21:05 GMT', 'Content-Type': 'application/json; charset=utf-8', 'Transfer-Encoding': 'chunked', 'Connection': 'keep-alive', 'X-Powered-By': 'Express', 'Access-Control-Allow-Origin': '*', 'Cache-Control': 'no-cache', 'ETag': 'W/"49a-UWj2BGAaSqteUMna5plub5fuTeE"', 'Vary': 'Accept-Encoding', 'Content-Encoding': 'gzip', 'CF-Cache-Status': 'DYNAMIC', 'Report-To': '{"endpoints":[{"url":"https:\\/\\/a.nel.cloudflare.com\\/report\\/v4?s=BnSdyaGowQ2VT3AxMRy3wEp86Kr7eXAk4KH5O4atcrmtq2eP%2BqVEVgkRbvyJNup6kuFwanndYRY8zAhwnw1LehEMyaeE%2FkEjz6a0eB9TmiGLMGtBOw6jt91ZZOCl3W05"}],"group":"cf-nel","max_age":604800}', 'NEL': '{"success_fraction":0,"report_to":"cf-nel","max_age":604800}', 'Server': 'cloudflare', 'CF-RAY': '86e5954c5e32cf0d-SJC', 'alt-svc': 'h3=":443"; ma=86400'} 
 body={"results":[{"gender":"male","name":{"title":"Mr","first":"Väinö","last":"Seppala"},"location":{"street":{"number":9337,"name":"Hermiankatu"},"city":"Sottunga","state":"Uusimaa","country":"Finland","postcode":68768,"coordinates":{"latitude":"-23.8324","longitude":"-144.9922"},"timezone":{"offset":"-6:00","description":"Central Time (US &amp; Canada), Mexico City"}},"email":"vaino.seppala@example.com","login":{"uuid":"fd3e3dfa-5cc7-47f2-a502-f1c578492c4c","username":"beautifuldog999","password":"fishfish","salt":"wWXBE8jz","md5":"2a0adae669bacba4b1c381854b9e3e17","sha1":"2b6b034515d5b7bb418c579c7c7d841f5d7a4cae","sha256":"81d2046702533f4c391756efc00fda5844a9cf3eaf87b1d3957fee4833351645"},"dob":{"date":"1949-02-24T01:06:44.327Z","age":75},"registered":{"date":"2018-02-14T12:46:34.465Z","age":6},"phone":"05-525-173","cell":"048-982-45-77","id":{"name":"HETU","value":"NaNNA937undefined"},"picture":{"large":"https://randomuser.me/api/portraits/men/35.jpg","medium":"https://randomuser.me/api/portraits/med/men/35.jpg","thumbnail":"https://randomuser.me/api/portraits/thumb/men/35.jpg"},"nat":"FI"}],"info":{"seed":"2dd6dbc443779b02","results":1,"page":1,"version":"1.4"}} 
 </msg>
<msg time="2024-04-03T02:21:05.439575" level="INFO">/opt/hostedtoolcache/Python/3.12.2/x64/lib/python3.12/site-packages/urllib3/connectionpool.py:1103: InsecureRequestWarning: Unverified HTTPS request is being made to host 'randomuser.me'. Adding certificate verification is strongly advised. See: https://urllib3.readthedocs.io/en/latest/advanced-usage.html#tls-warnings
  warnings.warn(</msg>
<msg time="2024-04-03T02:21:05.439746" level="INFO">${response} = &lt;Response [200]&gt;</msg>
<var>${response}</var>
<arg>consultarAPI</arg>
<arg>/api</arg>
<doc>Sends a GET request on a previously created HTTP Session.</doc>
<status status="PASS" start="2024-04-03T02:21:05.306816" elapsed="0.132976"/>
</kw>
<kw name="Should Be Equal As Numbers" owner="BuiltIn">
<msg time="2024-04-03T02:21:05.440837" level="INFO">Argument types are:
&lt;class 'int'&gt;
&lt;class 'str'&gt;</msg>
<arg>${response.status_code}</arg>
<arg>200</arg>
<doc>Fails if objects are unequal after converting them to real numbers.</doc>
<status status="PASS" start="2024-04-03T02:21:05.440349" elapsed="0.000558"/>
</kw>
<kw name="Log" owner="BuiltIn">
<msg time="2024-04-03T02:21:05.441742" level="INFO">200</msg>
<arg>${response.status_code}</arg>
<doc>Logs the given message with the given level.</doc>
<status status="PASS" start="2024-04-03T02:21:05.441347" elapsed="0.000442"/>
</kw>
<kw name="Set Variable" owner="BuiltIn">
<msg time="2024-04-03T02:21:05.442616" level="INFO">${json_data} = {'results': [{'gender': 'male', 'name': {'title': 'Mr', 'first': 'Väinö', 'last': 'Seppala'}, 'location': {'street': {'number': 9337, 'name': 'Hermiankatu'}, 'city': 'Sottunga', 'state': 'Uusimaa', 'c...</msg>
<var>${json_data}</var>
<arg>${response.json()}</arg>
<doc>Returns the given values which can then be assigned to a variables.</doc>
<status status="PASS" start="2024-04-03T02:21:05.442150" elapsed="0.000496"/>
</kw>
<kw name="Dictionary Should Contain Key" owner="Collections">
<msg time="2024-04-03T02:21:05.443142" level="INFO">False</msg>
<arg>${json_data}</arg>
<arg>results</arg>
<doc>Fails if ``key`` is not found from ``dictionary``.</doc>
<status status="PASS" start="2024-04-03T02:21:05.442965" elapsed="0.000218"/>
</kw>
<status status="PASS" start="2024-04-03T02:21:05.306556" elapsed="0.136894"/>
</kw>
<doc>Testa se a API responde corretamente e retorna um objeto JSON válido.</doc>
<tag>testeRequisicaoBasica</tag>
<status status="PASS" start="2024-04-03T02:21:05.306008" elapsed="0.137631"/>
</test>
<test id="s1-s1-t3" name="Validar estrutura de resposta" line="22">
<kw name="Teste de Estrutura de Resposta" owner="random-user-service">
<kw name="GET On Session" owner="RequestsLibrary">
<msg time="2024-04-03T02:21:05.538159" level="INFO">GET Request : url=https://randomuser.me/api 
 path_url=/api 
 headers={'User-Agent': 'python-requests/2.31.0', 'Accept-Encoding': 'gzip, deflate', 'Accept': '*/*', 'Connection': 'keep-alive'} 
 body=None 
 </msg>
<msg time="2024-04-03T02:21:05.538260" level="INFO">GET Response : url=https://randomuser.me/api 
 status=200, reason=OK 
 headers={'Date': 'Wed, 03 Apr 2024 02:21:05 GMT', 'Content-Type': 'application/json; charset=utf-8', 'Transfer-Encoding': 'chunked', 'Connection': 'keep-alive', 'X-Powered-By': 'Express', 'Access-Control-Allow-Origin': '*', 'Cache-Control': 'no-cache', 'ETag': 'W/"499-eFmUbGRTFO5ZiRSbDo6PCuZRuM4"', 'Vary': 'Accept-Encoding', 'Content-Encoding': 'gzip', 'CF-Cache-Status': 'DYNAMIC', 'Report-To': '{"endpoints":[{"url":"https:\\/\\/a.nel.cloudflare.com\\/report\\/v4?s=slpkfqQ5LLczrnBBK9U65R54fLC6zysKevJsc%2BOmqukBIUJW0qC6PUhS1mhEVbVyOqI6ul3Vr7SnmEMo%2FplTndKytXSQuenlFj3QapcmC%2B0GFXcj0c%2FTEYRt4nLsgd7b"}],"group":"cf-nel","max_age":604800}', 'NEL': '{"success_fraction":0,"report_to":"cf-nel","max_age":604800}', 'Server': 'cloudflare', 'CF-RAY': '86e5954d1ee1cf0d-SJC', 'alt-svc': 'h3=":443"; ma=86400'} 
 body={"results":[{"gender":"female","name":{"title":"Miss","first":"Fiona","last":"Coleman"},"location":{"street":{"number":6430,"name":"Woodlawn Avenue"},"city":"Arklow","state":"Galway","country":"Ireland","postcode":31773,"coordinates":{"latitude":"-0.7080","longitude":"23.9935"},"timezone":{"offset":"0:00","description":"Western Europe Time, London, Lisbon, Casablanca"}},"email":"fiona.coleman@example.com","login":{"uuid":"6257af04-36a5-4f88-8318-a9a34cc26a95","username":"lazymouse617","password":"aries","salt":"xNt0HIpl","md5":"4a7346edb6f322b909efd88ba33f00a1","sha1":"a585d061def74735c9843794c10732c044124279","sha256":"ffa58d756bbc4ab821cbf7c1ea9b0659585b65a5c3d16807ceadeeb5be69c89f"},"dob":{"date":"1981-02-28T11:50:50.980Z","age":43},"registered":{"date":"2007-03-27T04:17:16.457Z","age":17},"phone":"061-714-6634","cell":"081-942-1517","id":{"name":"PPS","value":"5774948T"},"picture":{"large":"https://randomuser.me/api/portraits/women/28.jpg","medium":"https://randomuser.me/api/portraits/med/women/28.jpg","thumbnail":"https://randomuser.me/api/portraits/thumb/women/28.jpg"},"nat":"IE"}],"info":{"seed":"92fe98b20d626a9f","results":1,"page":1,"version":"1.4"}} 
 </msg>
<msg time="2024-04-03T02:21:05.538404" level="INFO">/opt/hostedtoolcache/Python/3.12.2/x64/lib/python3.12/site-packages/urllib3/connectionpool.py:1103: InsecureRequestWarning: Unverified HTTPS request is being made to host 'randomuser.me'. Adding certificate verification is strongly advised. See: https://urllib3.readthedocs.io/en/latest/advanced-usage.html#tls-warnings
  warnings.warn(</msg>
<msg time="2024-04-03T02:21:05.538555" level="INFO">${response} = &lt;Response [200]&gt;</msg>
<var>${response}</var>
<arg>consultarAPI</arg>
<arg>/api</arg>
<doc>Sends a GET request on a previously created HTTP Session.</doc>
<status status="PASS" start="2024-04-03T02:21:05.446554" elapsed="0.092045"/>
</kw>
<kw name="Set Variable" owner="BuiltIn">
<msg time="2024-04-03T02:21:05.539658" level="INFO">${json_data} = {'results': [{'gender': 'female', 'name': {'title': 'Miss', 'first': 'Fiona', 'last': 'Coleman'}, 'location': {'street': {'number': 6430, 'name': 'Woodlawn Avenue'}, 'city': 'Arklow', 'state': 'Galway...</msg>
<var>${json_data}</var>
<arg>${response.json()}</arg>
<doc>Returns the given values which can then be assigned to a variables.</doc>
<status status="PASS" start="2024-04-03T02:21:05.539109" elapsed="0.000578"/>
</kw>
<kw name="Log" owner="BuiltIn">
<msg time="2024-04-03T02:21:05.540237" level="INFO">{'results': [{'gender': 'female', 'name': {'title': 'Miss', 'first': 'Fiona', 'last': 'Coleman'}, 'location': {'street': {'number': 6430, 'name': 'Woodlawn Avenue'}, 'city': 'Arklow', 'state': 'Galway', 'country': 'Ireland', 'postcode': 31773, 'coordinates': {'latitude': '-0.7080', 'longitude': '23.9935'}, 'timezone': {'offset': '0:00', 'description': 'Western Europe Time, London, Lisbon, Casablanca'}}, 'email': 'fiona.coleman@example.com', 'login': {'uuid': '6257af04-36a5-4f88-8318-a9a34cc26a95', 'username': 'lazymouse617', 'password': 'aries', 'salt': 'xNt0HIpl', 'md5': '4a7346edb6f322b909efd88ba33f00a1', 'sha1': 'a585d061def74735c9843794c10732c044124279', 'sha256': 'ffa58d756bbc4ab821cbf7c1ea9b0659585b65a5c3d16807ceadeeb5be69c89f'}, 'dob': {'date': '1981-02-28T11:50:50.980Z', 'age': 43}, 'registered': {'date': '2007-03-27T04:17:16.457Z', 'age': 17}, 'phone': '061-714-6634', 'cell': '081-942-1517', 'id': {'name': 'PPS', 'value': '5774948T'}, 'picture': {'large': 'https://randomuser.me/api/portraits/women/28.jpg', 'medium': 'https://randomuser.me/api/portraits/med/women/28.jpg', 'thumbnail': 'https://randomuser.me/api/portraits/thumb/women/28.jpg'}, 'nat': 'IE'}], 'info': {'seed': '92fe98b20d626a9f', 'results': 1, 'page': 1, 'version': '1.4'}}</msg>
<arg>${json_data}</arg>
<doc>Logs the given message with the given level.</doc>
<status status="PASS" start="2024-04-03T02:21:05.540057" elapsed="0.000230"/>
</kw>
<kw name="Dictionary Should Contain Key" owner="Collections">
<msg time="2024-04-03T02:21:05.540784" level="INFO">False</msg>
<arg>${json_data}</arg>
<arg>results</arg>
<doc>Fails if ``key`` is not found from ``dictionary``.</doc>
<status status="PASS" start="2024-04-03T02:21:05.540613" elapsed="0.000209"/>
</kw>
<kw name="Should Not Be Empty" owner="BuiltIn">
<msg time="2024-04-03T02:21:05.541326" level="INFO">Length is 2.</msg>
<arg>${json_data}</arg>
<doc>Verifies that the given item is not empty.</doc>
<status status="PASS" start="2024-04-03T02:21:05.541182" elapsed="0.000183"/>
</kw>
<kw name="Create List" owner="BuiltIn">
<msg time="2024-04-03T02:21:05.541822" level="INFO">${expected_keys} = ['gender', 'name', 'location', 'email', 'login']</msg>
<var>${expected_keys}</var>
<arg>gender</arg>
<arg>name</arg>
<arg>location</arg>
<arg>email</arg>
<arg>login</arg>
<doc>Returns a list containing given items.</doc>
<status status="PASS" start="2024-04-03T02:21:05.541667" elapsed="0.000180"/>
</kw>
<for flavor="IN">
<iter>
<kw name="Dictionary Should Contain Key" owner="Collections">
<msg time="2024-04-03T02:21:05.542883" level="INFO">False</msg>
<arg>${json_data['results'][0]}</arg>
<arg>${key}</arg>
<doc>Fails if ``key`` is not found from ``dictionary``.</doc>
<status status="PASS" start="2024-04-03T02:21:05.542452" elapsed="0.000472"/>
</kw>
<kw name="Log" owner="BuiltIn">
<msg time="2024-04-03T02:21:05.543607" level="INFO">{'gender': 'female', 'name': {'title': 'Miss', 'first': 'Fiona', 'last': 'Coleman'}, 'location': {'street': {'number': 6430, 'name': 'Woodlawn Avenue'}, 'city': 'Arklow', 'state': 'Galway', 'country': 'Ireland', 'postcode': 31773, 'coordinates': {'latitude': '-0.7080', 'longitude': '23.9935'}, 'timezone': {'offset': '0:00', 'description': 'Western Europe Time, London, Lisbon, Casablanca'}}, 'email': 'fiona.coleman@example.com', 'login': {'uuid': '6257af04-36a5-4f88-8318-a9a34cc26a95', 'username': 'lazymouse617', 'password': 'aries', 'salt': 'xNt0HIpl', 'md5': '4a7346edb6f322b909efd88ba33f00a1', 'sha1': 'a585d061def74735c9843794c10732c044124279', 'sha256': 'ffa58d756bbc4ab821cbf7c1ea9b0659585b65a5c3d16807ceadeeb5be69c89f'}, 'dob': {'date': '1981-02-28T11:50:50.980Z', 'age': 43}, 'registered': {'date': '2007-03-27T04:17:16.457Z', 'age': 17}, 'phone': '061-714-6634', 'cell': '081-942-1517', 'id': {'name': 'PPS', 'value': '5774948T'}, 'picture': {'large': 'https://randomuser.me/api/portraits/women/28.jpg', 'medium': 'https://randomuser.me/api/portraits/med/women/28.jpg', 'thumbnail': 'https://randomuser.me/api/portraits/thumb/women/28.jpg'}, 'nat': 'IE'}</msg>
<arg>${json_data['results'][0]}</arg>
<doc>Logs the given message with the given level.</doc>
<status status="PASS" start="2024-04-03T02:21:05.543235" elapsed="0.000426"/>
</kw>
<kw name="Log" owner="BuiltIn">
<msg time="2024-04-03T02:21:05.544101" level="INFO">gender</msg>
<arg>${key}</arg>
<doc>Logs the given message with the given level.</doc>
<status status="PASS" start="2024-04-03T02:21:05.543969" elapsed="0.000171"/>
</kw>
<var name="${key}">gender</var>
<status status="PASS" start="2024-04-03T02:21:05.542320" elapsed="0.002039"/>
</iter>
<iter>
<kw name="Dictionary Should Contain Key" owner="Collections">
<msg time="2024-04-03T02:21:05.545106" level="INFO">False</msg>
<arg>${json_data['results'][0]}</arg>
<arg>${key}</arg>
<doc>Fails if ``key`` is not found from ``dictionary``.</doc>
<status status="PASS" start="2024-04-03T02:21:05.544678" elapsed="0.000468"/>
</kw>
<kw name="Log" owner="BuiltIn">
<msg time="2024-04-03T02:21:05.545864" level="INFO">{'gender': 'female', 'name': {'title': 'Miss', 'first': 'Fiona', 'last': 'Coleman'}, 'location': {'street': {'number': 6430, 'name': 'Woodlawn Avenue'}, 'city': 'Arklow', 'state': 'Galway', 'country': 'Ireland', 'postcode': 31773, 'coordinates': {'latitude': '-0.7080', 'longitude': '23.9935'}, 'timezone': {'offset': '0:00', 'description': 'Western Europe Time, London, Lisbon, Casablanca'}}, 'email': 'fiona.coleman@example.com', 'login': {'uuid': '6257af04-36a5-4f88-8318-a9a34cc26a95', 'username': 'lazymouse617', 'password': 'aries', 'salt': 'xNt0HIpl', 'md5': '4a7346edb6f322b909efd88ba33f00a1', 'sha1': 'a585d061def74735c9843794c10732c044124279', 'sha256': 'ffa58d756bbc4ab821cbf7c1ea9b0659585b65a5c3d16807ceadeeb5be69c89f'}, 'dob': {'date': '1981-02-28T11:50:50.980Z', 'age': 43}, 'registered': {'date': '2007-03-27T04:17:16.457Z', 'age': 17}, 'phone': '061-714-6634', 'cell': '081-942-1517', 'id': {'name': 'PPS', 'value': '5774948T'}, 'picture': {'large': 'https://randomuser.me/api/portraits/women/28.jpg', 'medium': 'https://randomuser.me/api/portraits/med/women/28.jpg', 'thumbnail': 'https://randomuser.me/api/portraits/thumb/women/28.jpg'}, 'nat': 'IE'}</msg>
<arg>${json_data['results'][0]}</arg>
<doc>Logs the given message with the given level.</doc>
<status status="PASS" start="2024-04-03T02:21:05.545502" elapsed="0.000410"/>
</kw>
<kw name="Log" owner="BuiltIn">
<msg time="2024-04-03T02:21:05.546342" level="INFO">name</msg>
<arg>${key}</arg>
<doc>Logs the given message with the given level.</doc>
<status status="PASS" start="2024-04-03T02:21:05.546214" elapsed="0.000166"/>
</kw>
<var name="${key}">name</var>
<status status="PASS" start="2024-04-03T02:21:05.544559" elapsed="0.002038"/>
</iter>
<iter>
<kw name="Dictionary Should Contain Key" owner="Collections">
<msg time="2024-04-03T02:21:05.547277" level="INFO">False</msg>
<arg>${json_data['results'][0]}</arg>
<arg>${key}</arg>
<doc>Fails if ``key`` is not found from ``dictionary``.</doc>
<status status="PASS" start="2024-04-03T02:21:05.546898" elapsed="0.000417"/>
</kw>
<kw name="Log" owner="BuiltIn">
<msg time="2024-04-03T02:21:05.547978" level="INFO">{'gender': 'female', 'name': {'title': 'Miss', 'first': 'Fiona', 'last': 'Coleman'}, 'location': {'street': {'number': 6430, 'name': 'Woodlawn Avenue'}, 'city': 'Arklow', 'state': 'Galway', 'country': 'Ireland', 'postcode': 31773, 'coordinates': {'latitude': '-0.7080', 'longitude': '23.9935'}, 'timezone': {'offset': '0:00', 'description': 'Western Europe Time, London, Lisbon, Casablanca'}}, 'email': 'fiona.coleman@example.com', 'login': {'uuid': '6257af04-36a5-4f88-8318-a9a34cc26a95', 'username': 'lazymouse617', 'password': 'aries', 'salt': 'xNt0HIpl', 'md5': '4a7346edb6f322b909efd88ba33f00a1', 'sha1': 'a585d061def74735c9843794c10732c044124279', 'sha256': 'ffa58d756bbc4ab821cbf7c1ea9b0659585b65a5c3d16807ceadeeb5be69c89f'}, 'dob': {'date': '1981-02-28T11:50:50.980Z', 'age': 43}, 'registered': {'date': '2007-03-27T04:17:16.457Z', 'age': 17}, 'phone': '061-714-6634', 'cell': '081-942-1517', 'id': {'name': 'PPS', 'value': '5774948T'}, 'picture': {'large': 'https://randomuser.me/api/portraits/women/28.jpg', 'medium': 'https://randomuser.me/api/portraits/med/women/28.jpg', 'thumbnail': 'https://randomuser.me/api/portraits/thumb/women/28.jpg'}, 'nat': 'IE'}</msg>
<arg>${json_data['results'][0]}</arg>
<doc>Logs the given message with the given level.</doc>
<status status="PASS" start="2024-04-03T02:21:05.547614" elapsed="0.000416"/>
</kw>
<kw name="Log" owner="BuiltIn">
<msg time="2024-04-03T02:21:05.548449" level="INFO">location</msg>
<arg>${key}</arg>
<doc>Logs the given message with the given level.</doc>
<status status="PASS" start="2024-04-03T02:21:05.548322" elapsed="0.000165"/>
</kw>
<var name="${key}">location</var>
<status status="PASS" start="2024-04-03T02:21:05.546782" elapsed="0.001920"/>
</iter>
<iter>
<kw name="Dictionary Should Contain Key" owner="Collections">
<msg time="2024-04-03T02:21:05.549423" level="INFO">False</msg>
<arg>${json_data['results'][0]}</arg>
<arg>${key}</arg>
<doc>Fails if ``key`` is not found from ``dictionary``.</doc>
<status status="PASS" start="2024-04-03T02:21:05.548988" elapsed="0.000473"/>
</kw>
<kw name="Log" owner="BuiltIn">
<msg time="2024-04-03T02:21:05.550122" level="INFO">{'gender': 'female', 'name': {'title': 'Miss', 'first': 'Fiona', 'last': 'Coleman'}, 'location': {'street': {'number': 6430, 'name': 'Woodlawn Avenue'}, 'city': 'Arklow', 'state': 'Galway', 'country': 'Ireland', 'postcode': 31773, 'coordinates': {'latitude': '-0.7080', 'longitude': '23.9935'}, 'timezone': {'offset': '0:00', 'description': 'Western Europe Time, London, Lisbon, Casablanca'}}, 'email': 'fiona.coleman@example.com', 'login': {'uuid': '6257af04-36a5-4f88-8318-a9a34cc26a95', 'username': 'lazymouse617', 'password': 'aries', 'salt': 'xNt0HIpl', 'md5': '4a7346edb6f322b909efd88ba33f00a1', 'sha1': 'a585d061def74735c9843794c10732c044124279', 'sha256': 'ffa58d756bbc4ab821cbf7c1ea9b0659585b65a5c3d16807ceadeeb5be69c89f'}, 'dob': {'date': '1981-02-28T11:50:50.980Z', 'age': 43}, 'registered': {'date': '2007-03-27T04:17:16.457Z', 'age': 17}, 'phone': '061-714-6634', 'cell': '081-942-1517', 'id': {'name': 'PPS', 'value': '5774948T'}, 'picture': {'large': 'https://randomuser.me/api/portraits/women/28.jpg', 'medium': 'https://randomuser.me/api/portraits/med/women/28.jpg', 'thumbnail': 'https://randomuser.me/api/portraits/thumb/women/28.jpg'}, 'nat': 'IE'}</msg>
<arg>${json_data['results'][0]}</arg>
<doc>Logs the given message with the given level.</doc>
<status status="PASS" start="2024-04-03T02:21:05.549761" elapsed="0.000409"/>
</kw>
<kw name="Log" owner="BuiltIn">
<msg time="2024-04-03T02:21:05.550589" level="INFO">email</msg>
<arg>${key}</arg>
<doc>Logs the given message with the given level.</doc>
<status status="PASS" start="2024-04-03T02:21:05.550463" elapsed="0.000164"/>
</kw>
<var name="${key}">email</var>
<status status="PASS" start="2024-04-03T02:21:05.548877" elapsed="0.001965"/>
</iter>
<iter>
<kw name="Dictionary Should Contain Key" owner="Collections">
<msg time="2024-04-03T02:21:05.551525" level="INFO">False</msg>
<arg>${json_data['results'][0]}</arg>
<arg>${key}</arg>
<doc>Fails if ``key`` is not found from ``dictionary``.</doc>
<status status="PASS" start="2024-04-03T02:21:05.551135" elapsed="0.000427"/>
</kw>
<kw name="Log" owner="BuiltIn">
<msg time="2024-04-03T02:21:05.552216" level="INFO">{'gender': 'female', 'name': {'title': 'Miss', 'first': 'Fiona', 'last': 'Coleman'}, 'location': {'street': {'number': 6430, 'name': 'Woodlawn Avenue'}, 'city': 'Arklow', 'state': 'Galway', 'country': 'Ireland', 'postcode': 31773, 'coordinates': {'latitude': '-0.7080', 'longitude': '23.9935'}, 'timezone': {'offset': '0:00', 'description': 'Western Europe Time, London, Lisbon, Casablanca'}}, 'email': 'fiona.coleman@example.com', 'login': {'uuid': '6257af04-36a5-4f88-8318-a9a34cc26a95', 'username': 'lazymouse617', 'password': 'aries', 'salt': 'xNt0HIpl', 'md5': '4a7346edb6f322b909efd88ba33f00a1', 'sha1': 'a585d061def74735c9843794c10732c044124279', 'sha256': 'ffa58d756bbc4ab821cbf7c1ea9b0659585b65a5c3d16807ceadeeb5be69c89f'}, 'dob': {'date': '1981-02-28T11:50:50.980Z', 'age': 43}, 'registered': {'date': '2007-03-27T04:17:16.457Z', 'age': 17}, 'phone': '061-714-6634', 'cell': '081-942-1517', 'id': {'name': 'PPS', 'value': '5774948T'}, 'picture': {'large': 'https://randomuser.me/api/portraits/women/28.jpg', 'medium': 'https://randomuser.me/api/portraits/med/women/28.jpg', 'thumbnail': 'https://randomuser.me/api/portraits/thumb/women/28.jpg'}, 'nat': 'IE'}</msg>
<arg>${json_data['results'][0]}</arg>
<doc>Logs the given message with the given level.</doc>
<status status="PASS" start="2024-04-03T02:21:05.551855" elapsed="0.000407"/>
</kw>
<kw name="Log" owner="BuiltIn">
<msg time="2024-04-03T02:21:05.552683" level="INFO">login</msg>
<arg>${key}</arg>
<doc>Logs the given message with the given level.</doc>
<status status="PASS" start="2024-04-03T02:21:05.552554" elapsed="0.000276"/>
</kw>
<var name="${key}">login</var>
<status status="PASS" start="2024-04-03T02:21:05.551017" elapsed="0.002092"/>
</iter>
<var>${key}</var>
<value>@{expected_keys}</value>
<status status="PASS" start="2024-04-03T02:21:05.542122" elapsed="0.011127"/>
</for>
<kw name="Create List" owner="BuiltIn">
<msg time="2024-04-03T02:21:05.553589" level="INFO">${expected_keysTwo} = ['username', 'password']</msg>
<var>${expected_keysTwo}</var>
<arg>username</arg>
<arg>password</arg>
<doc>Returns a list containing given items.</doc>
<status status="PASS" start="2024-04-03T02:21:05.553450" elapsed="0.000164"/>
</kw>
<for flavor="IN">
<iter>
<kw name="Dictionary Should Contain Key" owner="Collections">
<msg time="2024-04-03T02:21:05.554503" level="INFO">False</msg>
<arg>${json_data['results'][0]['login']}</arg>
<arg>${keyTwo}</arg>
<doc>Fails if ``key`` is not found from ``dictionary``.</doc>
<status status="PASS" start="2024-04-03T02:21:05.554123" elapsed="0.000418"/>
</kw>
<kw name="Dictionary Should Contain Key" owner="Collections">
<msg time="2024-04-03T02:21:05.555224" level="INFO">False</msg>
<arg>${json_data['results'][0]['login']}</arg>
<arg>${keyTwo}</arg>
<doc>Fails if ``key`` is not found from ``dictionary``.</doc>
<status status="PASS" start="2024-04-03T02:21:05.554837" elapsed="0.000425"/>
</kw>
<kw name="Log" owner="BuiltIn">
<msg time="2024-04-03T02:21:05.555682" level="INFO">username</msg>
<arg>${keyTwo}</arg>
<doc>Logs the given message with the given level.</doc>
<status status="PASS" start="2024-04-03T02:21:05.555554" elapsed="0.000166"/>
</kw>
<var name="${keyTwo}">username</var>
<status status="PASS" start="2024-04-03T02:21:05.554011" elapsed="0.001924"/>
</iter>
<iter>
<kw name="Dictionary Should Contain Key" owner="Collections">
<msg time="2024-04-03T02:21:05.556592" level="INFO">False</msg>
<arg>${json_data['results'][0]['login']}</arg>
<arg>${keyTwo}</arg>
<doc>Fails if ``key`` is not found from ``dictionary``.</doc>
<status status="PASS" start="2024-04-03T02:21:05.556219" elapsed="0.000411"/>
</kw>
<kw name="Dictionary Should Contain Key" owner="Collections">
<msg time="2024-04-03T02:21:05.557347" level="INFO">False</msg>
<arg>${json_data['results'][0]['login']}</arg>
<arg>${keyTwo}</arg>
<doc>Fails if ``key`` is not found from ``dictionary``.</doc>
<status status="PASS" start="2024-04-03T02:21:05.556935" elapsed="0.000450"/>
</kw>
<kw name="Log" owner="BuiltIn">
<msg time="2024-04-03T02:21:05.557803" level="INFO">password</msg>
<arg>${keyTwo}</arg>
<doc>Logs the given message with the given level.</doc>
<status status="PASS" start="2024-04-03T02:21:05.557674" elapsed="0.000166"/>
</kw>
<var name="${keyTwo}">password</var>
<status status="PASS" start="2024-04-03T02:21:05.556108" elapsed="0.001946"/>
</iter>
<var>${keyTwo}</var>
<value>@{expected_keysTwo}</value>
<status status="PASS" start="2024-04-03T02:21:05.553855" elapsed="0.004321"/>
</for>
<status status="PASS" start="2024-04-03T02:21:05.446307" elapsed="0.112014"/>
</kw>
<doc>Testa a estrutura da resposta da API.</doc>
<tag>testeEstruturaResposta</tag>
<status status="PASS" start="2024-04-03T02:21:05.445501" elapsed="0.112989"/>
</test>
<test id="s1-s1-t4" name="Validar tipos de dados" line="28">
<kw name="Teste de Tipos de Dados" owner="random-user-service">
<kw name="GET On Session" owner="RequestsLibrary">
<msg time="2024-04-03T02:21:05.649159" level="INFO">GET Request : url=https://randomuser.me/api 
 path_url=/api 
 headers={'User-Agent': 'python-requests/2.31.0', 'Accept-Encoding': 'gzip, deflate', 'Accept': '*/*', 'Connection': 'keep-alive'} 
 body=None 
 </msg>
<msg time="2024-04-03T02:21:05.649259" level="INFO">GET Response : url=https://randomuser.me/api 
 status=200, reason=OK 
 headers={'Date': 'Wed, 03 Apr 2024 02:21:05 GMT', 'Content-Type': 'application/json; charset=utf-8', 'Transfer-Encoding': 'chunked', 'Connection': 'keep-alive', 'X-Powered-By': 'Express', 'Access-Control-Allow-Origin': '*', 'Cache-Control': 'no-cache', 'ETag': 'W/"476-BFfwCvKr/M6pFuNuj9zaXsxDy+A"', 'Vary': 'Accept-Encoding', 'Content-Encoding': 'gzip', 'CF-Cache-Status': 'DYNAMIC', 'Report-To': '{"endpoints":[{"url":"https:\\/\\/a.nel.cloudflare.com\\/report\\/v4?s=fw0SzkBW1Ylj8RP8UrCWfDQqYyAQrsVZR1%2FWfxm0mCXkld%2BG9k1o%2FJDeWdjyxAydSno3%2F90a79TAcoU8bOmNZYFt2bCQQiAfSoIf7LNHz8NN25JyuLZRx19U4dnSmd%2Bw"}],"group":"cf-nel","max_age":604800}', 'NEL': '{"success_fraction":0,"report_to":"cf-nel","max_age":604800}', 'Server': 'cloudflare', 'CF-RAY': '86e5954dcf87cf0d-SJC', 'alt-svc': 'h3=":443"; ma=86400'} 
 body={"results":[{"gender":"male","name":{"title":"Mr","first":"Mike","last":"Murray"},"location":{"street":{"number":2696,"name":"Grange Road"},"city":"Wells","state":"Somerset","country":"United Kingdom","postcode":"T57 0SJ","coordinates":{"latitude":"-8.9830","longitude":"-178.0585"},"timezone":{"offset":"-10:00","description":"Hawaii"}},"email":"mike.murray@example.com","login":{"uuid":"ba143ece-35f7-4c05-9769-132cd67267c7","username":"happylion172","password":"iceman1","salt":"ou8CWcxv","md5":"7ccaf26d9c39b4143eae86820fc729cf","sha1":"79fa6cbc699c2be410c51270624b0c32103d74f1","sha256":"792d9ab824b2d34e7fda8f04a36384eb5a3185a0466f94f3433b192dc3528540"},"dob":{"date":"1956-01-01T06:14:09.745Z","age":68},"registered":{"date":"2005-10-05T17:39:03.140Z","age":18},"phone":"017684 38821","cell":"07064 719372","id":{"name":"NINO","value":"NH 40 05 98 E"},"picture":{"large":"https://randomuser.me/api/portraits/men/75.jpg","medium":"https://randomuser.me/api/portraits/med/men/75.jpg","thumbnail":"https://randomuser.me/api/portraits/thumb/men/75.jpg"},"nat":"GB"}],"info":{"seed":"38fd13507b38c4cd","results":1,"page":1,"version":"1.4"}} 
 </msg>
<msg time="2024-04-03T02:21:05.649330" level="INFO">/opt/hostedtoolcache/Python/3.12.2/x64/lib/python3.12/site-packages/urllib3/connectionpool.py:1103: InsecureRequestWarning: Unverified HTTPS request is being made to host 'randomuser.me'. Adding certificate verification is strongly advised. See: https://urllib3.readthedocs.io/en/latest/advanced-usage.html#tls-warnings
  warnings.warn(</msg>
<msg time="2024-04-03T02:21:05.649469" level="INFO">${response} = &lt;Response [200]&gt;</msg>
<var>${response}</var>
<arg>consultarAPI</arg>
<arg>/api</arg>
<doc>Sends a GET request on a previously created HTTP Session.</doc>
<status status="PASS" start="2024-04-03T02:21:05.561095" elapsed="0.088417"/>
</kw>
<kw name="Set Variable" owner="BuiltIn">
<msg time="2024-04-03T02:21:05.650558" level="INFO">${json_data} = {'results': [{'gender': 'male', 'name': {'title': 'Mr', 'first': 'Mike', 'last': 'Murray'}, 'location': {'street': {'number': 2696, 'name': 'Grange Road'}, 'city': 'Wells', 'state': 'Somerset', 'count...</msg>
<var>${json_data}</var>
<arg>${response.json()}</arg>
<doc>Returns the given values which can then be assigned to a variables.</doc>
<status status="PASS" start="2024-04-03T02:21:05.650030" elapsed="0.000556"/>
</kw>
<kw name="Log" owner="BuiltIn">
<msg time="2024-04-03T02:21:05.651120" level="INFO">{'results': [{'gender': 'male', 'name': {'title': 'Mr', 'first': 'Mike', 'last': 'Murray'}, 'location': {'street': {'number': 2696, 'name': 'Grange Road'}, 'city': 'Wells', 'state': 'Somerset', 'country': 'United Kingdom', 'postcode': 'T57 0SJ', 'coordinates': {'latitude': '-8.9830', 'longitude': '-178.0585'}, 'timezone': {'offset': '-10:00', 'description': 'Hawaii'}}, 'email': 'mike.murray@example.com', 'login': {'uuid': 'ba143ece-35f7-4c05-9769-132cd67267c7', 'username': 'happylion172', 'password': 'iceman1', 'salt': 'ou8CWcxv', 'md5': '7ccaf26d9c39b4143eae86820fc729cf', 'sha1': '79fa6cbc699c2be410c51270624b0c32103d74f1', 'sha256': '792d9ab824b2d34e7fda8f04a36384eb5a3185a0466f94f3433b192dc3528540'}, 'dob': {'date': '1956-01-01T06:14:09.745Z', 'age': 68}, 'registered': {'date': '2005-10-05T17:39:03.140Z', 'age': 18}, 'phone': '017684 38821', 'cell': '07064 719372', 'id': {'name': 'NINO', 'value': 'NH 40 05 98 E'}, 'picture': {'large': 'https://randomuser.me/api/portraits/men/75.jpg', 'medium': 'https://randomuser.me/api/portraits/med/men/75.jpg', 'thumbnail': 'https://randomuser.me/api/portraits/thumb/men/75.jpg'}, 'nat': 'GB'}], 'info': {'seed': '38fd13507b38c4cd', 'results': 1, 'page': 1, 'version': '1.4'}}</msg>
<arg>${json_data}</arg>
<doc>Logs the given message with the given level.</doc>
<status status="PASS" start="2024-04-03T02:21:05.650949" elapsed="0.000257"/>
</kw>
<kw name="Should Be String" owner="String">
<arg>${json_data['results'][0]['gender']}</arg>
<doc>Fails if the given ``item`` is not a string.</doc>
<status status="PASS" start="2024-04-03T02:21:05.651521" elapsed="0.000402"/>
</kw>
<kw name="Should Match Regexp" owner="BuiltIn">
<arg>${json_data['results'][0]['email']}</arg>
<arg>^[a-zA-Z0-9._%+-]+@[a-zA-Z0-9.-]+\.[a-zA-Z]{2,}$</arg>
<doc>Fails if ``string`` does not match ``pattern`` as a regular expression.</doc>
<status status="PASS" start="2024-04-03T02:21:05.652122" elapsed="0.000525"/>
</kw>
<kw name="Should Match Regexp" owner="BuiltIn">
<arg>${json_data['results'][0]['dob']['date']}</arg>
<arg>\\d{4}-\\d{2}-\\d{2}T\\d{2}:\\d{2}:\\d{2}\\.\\d{3}Z</arg>
<doc>Fails if ``string`` does not match ``pattern`` as a regular expression.</doc>
<status status="PASS" start="2024-04-03T02:21:05.652847" elapsed="0.000549"/>
</kw>
<kw name="Should Match Regexp" owner="BuiltIn">
<arg>${json_data['results'][0]['registered']['date']}</arg>
<arg>\\d{4}-\\d{2}-\\d{2}T\\d{2}:\\d{2}:\\d{2}\\.\\d{3}Z</arg>
<doc>Fails if ``string`` does not match ``pattern`` as a regular expression.</doc>
<status status="PASS" start="2024-04-03T02:21:05.653595" elapsed="0.000372"/>
</kw>
<kw name="Should Match Regexp" owner="BuiltIn">
<arg>${json_data['results'][0]['picture']['large']}</arg>
<arg>^https?://.*\.(?:png|jpe?g|gif|bmp)$</arg>
<doc>Fails if ``string`` does not match ``pattern`` as a regular expression.</doc>
<status status="PASS" start="2024-04-03T02:21:05.654153" elapsed="0.000459"/>
</kw>
<kw name="Should Match Regexp" owner="BuiltIn">
<arg>${json_data['results'][0]['picture']['medium']}</arg>
<arg>^https?://.*\.(?:png|jpe?g|gif|bmp)$</arg>
<doc>Fails if ``string`` does not match ``pattern`` as a regular expression.</doc>
<status status="PASS" start="2024-04-03T02:21:05.654801" elapsed="0.000355"/>
</kw>
<kw name="Should Match Regexp" owner="BuiltIn">
<arg>${json_data['results'][0]['picture']['thumbnail']}</arg>
<arg>^https?://.*\.(?:png|jpe?g|gif|bmp)$</arg>
<doc>Fails if ``string`` does not match ``pattern`` as a regular expression.</doc>
<status status="PASS" start="2024-04-03T02:21:05.655339" elapsed="0.000354"/>
</kw>
<kw name="Log" owner="BuiltIn">
<msg time="2024-04-03T02:21:05.656200" level="INFO">{'large': 'https://randomuser.me/api/portraits/men/75.jpg', 'medium': 'https://randomuser.me/api/portraits/med/men/75.jpg', 'thumbnail': 'https://randomuser.me/api/portraits/thumb/men/75.jpg'}</msg>
<arg>${json_data['results'][0]['picture']}</arg>
<doc>Logs the given message with the given level.</doc>
<status status="PASS" start="2024-04-03T02:21:05.655873" elapsed="0.000374"/>
</kw>
<status status="PASS" start="2024-04-03T02:21:05.560826" elapsed="0.095684"/>
</kw>
<kw name="Teste de Tipos de Dados - Postcode" owner="random-user-service">
<kw name="GET On Session" owner="RequestsLibrary">
<msg time="2024-04-03T02:21:05.752673" level="INFO">GET Request : url=https://randomuser.me/api 
 path_url=/api 
 headers={'User-Agent': 'python-requests/2.31.0', 'Accept-Encoding': 'gzip, deflate', 'Accept': '*/*', 'Connection': 'keep-alive'} 
 body=None 
 </msg>
<msg time="2024-04-03T02:21:05.752801" level="INFO">GET Response : url=https://randomuser.me/api 
 status=200, reason=OK 
 headers={'Date': 'Wed, 03 Apr 2024 02:21:05 GMT', 'Content-Type': 'application/json; charset=utf-8', 'Transfer-Encoding': 'chunked', 'Connection': 'keep-alive', 'X-Powered-By': 'Express', 'Access-Control-Allow-Origin': '*', 'Cache-Control': 'no-cache', 'ETag': 'W/"46d-UfQLrRf94TIN/gB2uLKfeZPy/II"', 'Vary': 'Accept-Encoding', 'Content-Encoding': 'gzip', 'CF-Cache-Status': 'DYNAMIC', 'Report-To': '{"endpoints":[{"url":"https:\\/\\/a.nel.cloudflare.com\\/report\\/v4?s=f5YKRUY4vm4gt9QmjNwyIOgzuG2ftD4%2BLjgGrLuyeVBB4Igs7eZns1h08Wyhjteu%2FshzXJssY%2B2DNjG1dR9a8m7yhdC5HdlieJ8wu96Zp%2FjCyEFsEA%2Fc89YtmyKKyyBP"}],"group":"cf-nel","max_age":604800}', 'NEL': '{"success_fraction":0,"report_to":"cf-nel","max_age":604800}', 'Server': 'cloudflare', 'CF-RAY': '86e5954e6802cf0d-SJC', 'alt-svc': 'h3=":443"; ma=86400'} 
 body={"results":[{"gender":"female","name":{"title":"Ms","first":"Phoebe","last":"Jenkins"},"location":{"street":{"number":7346,"name":"Highfield Road"},"city":"Cork","state":"Clare","country":"Ireland","postcode":75035,"coordinates":{"latitude":"1.8618","longitude":"26.8345"},"timezone":{"offset":"+5:45","description":"Kathmandu"}},"email":"phoebe.jenkins@example.com","login":{"uuid":"c7fcb541-b40b-495b-881a-01f912f837db","username":"redbird209","password":"asdfasdf","salt":"sdTLvRsI","md5":"922c30c8f43b1ec17ba4f647e749ed08","sha1":"3f88a10caecb3c28b175e5ce9db1bd2e5a52c660","sha256":"948fc4b5c7e14fec96c9f30ff0e4824a922234c7db338338604b1b4ab14c4050"},"dob":{"date":"1998-01-19T05:39:48.532Z","age":26},"registered":{"date":"2014-03-10T00:30:29.379Z","age":10},"phone":"021-952-4877","cell":"081-069-9323","id":{"name":"PPS","value":"2093481T"},"picture":{"large":"https://randomuser.me/api/portraits/women/7.jpg","medium":"https://randomuser.me/api/portraits/med/women/7.jpg","thumbnail":"https://randomuser.me/api/portraits/thumb/women/7.jpg"},"nat":"IE"}],"info":{"seed":"ca9d762a5d2190a4","results":1,"page":1,"version":"1.4"}} 
 </msg>
<msg time="2024-04-03T02:21:05.752903" level="INFO">/opt/hostedtoolcache/Python/3.12.2/x64/lib/python3.12/site-packages/urllib3/connectionpool.py:1103: InsecureRequestWarning: Unverified HTTPS request is being made to host 'randomuser.me'. Adding certificate verification is strongly advised. See: https://urllib3.readthedocs.io/en/latest/advanced-usage.html#tls-warnings
  warnings.warn(</msg>
<msg time="2024-04-03T02:21:05.753098" level="INFO">${response} = &lt;Response [200]&gt;</msg>
<var>${response}</var>
<arg>consultarAPI</arg>
<arg>/api</arg>
<doc>Sends a GET request on a previously created HTTP Session.</doc>
<status status="PASS" start="2024-04-03T02:21:05.657153" elapsed="0.095983"/>
</kw>
<kw name="Set Variable" owner="BuiltIn">
<msg time="2024-04-03T02:21:05.754165" level="INFO">${json_data} = {'results': [{'gender': 'female', 'name': {'title': 'Ms', 'first': 'Phoebe', 'last': 'Jenkins'}, 'location': {'street': {'number': 7346, 'name': 'Highfield Road'}, 'city': 'Cork', 'state': 'Clare', 'c...</msg>
<var>${json_data}</var>
<arg>${response.json()}</arg>
<doc>Returns the given values which can then be assigned to a variables.</doc>
<status status="PASS" start="2024-04-03T02:21:05.753634" elapsed="0.000560"/>
</kw>
<kw name="Log" owner="BuiltIn">
<msg time="2024-04-03T02:21:05.754730" level="INFO">{'results': [{'gender': 'female', 'name': {'title': 'Ms', 'first': 'Phoebe', 'last': 'Jenkins'}, 'location': {'street': {'number': 7346, 'name': 'Highfield Road'}, 'city': 'Cork', 'state': 'Clare', 'country': 'Ireland', 'postcode': 75035, 'coordinates': {'latitude': '1.8618', 'longitude': '26.8345'}, 'timezone': {'offset': '+5:45', 'description': 'Kathmandu'}}, 'email': 'phoebe.jenkins@example.com', 'login': {'uuid': 'c7fcb541-b40b-495b-881a-01f912f837db', 'username': 'redbird209', 'password': 'asdfasdf', 'salt': 'sdTLvRsI', 'md5': '922c30c8f43b1ec17ba4f647e749ed08', 'sha1': '3f88a10caecb3c28b175e5ce9db1bd2e5a52c660', 'sha256': '948fc4b5c7e14fec96c9f30ff0e4824a922234c7db338338604b1b4ab14c4050'}, 'dob': {'date': '1998-01-19T05:39:48.532Z', 'age': 26}, 'registered': {'date': '2014-03-10T00:30:29.379Z', 'age': 10}, 'phone': '021-952-4877', 'cell': '081-069-9323', 'id': {'name': 'PPS', 'value': '2093481T'}, 'picture': {'large': 'https://randomuser.me/api/portraits/women/7.jpg', 'medium': 'https://randomuser.me/api/portraits/med/women/7.jpg', 'thumbnail': 'https://randomuser.me/api/portraits/thumb/women/7.jpg'}, 'nat': 'IE'}], 'info': {'seed': 'ca9d762a5d2190a4', 'results': 1, 'page': 1, 'version': '1.4'}}</msg>
<arg>${json_data}</arg>
<doc>Logs the given message with the given level.</doc>
<status status="PASS" start="2024-04-03T02:21:05.754554" elapsed="0.000258"/>
</kw>
<kw name="Should Be Equal As Numbers" owner="BuiltIn">
<arg>${json_data['results'][0]['location']['postcode']}</arg>
<arg>${json_data['results'][0]['location']['postcode']}</arg>
<doc>Fails if objects are unequal after converting them to real numbers.</doc>
<status status="PASS" start="2024-04-03T02:21:05.755142" elapsed="0.000670"/>
</kw>
<kw name="Log" owner="BuiltIn">
<msg time="2024-04-03T02:21:05.756354" level="INFO">75035</msg>
<arg>${json_data['results'][0]['location']['postcode']}</arg>
<doc>Logs the given message with the given level.</doc>
<status status="PASS" start="2024-04-03T02:21:05.756014" elapsed="0.000381"/>
</kw>
<status status="PASS" start="2024-04-03T02:21:05.656746" elapsed="0.099912"/>
</kw>
<doc>Testa se os tipos de dados na resposta da API estão corretos.</doc>
<tag>testeTiposDados</tag>
<status status="PASS" start="2024-04-03T02:21:05.560245" elapsed="0.196600"/>
</test>
<test id="s1-s1-t5" name="Validar conteudo" line="35">
<kw name="Teste de Tipos de Conteudo" owner="random-user-service">
<kw name="GET On Session" owner="RequestsLibrary">
<msg time="2024-04-03T02:21:05.862897" level="INFO">GET Request : url=https://randomuser.me/api 
 path_url=/api 
 headers={'User-Agent': 'python-requests/2.31.0', 'Accept-Encoding': 'gzip, deflate', 'Accept': '*/*', 'Connection': 'keep-alive'} 
 body=None 
 </msg>
<msg time="2024-04-03T02:21:05.863014" level="INFO">GET Response : url=https://randomuser.me/api 
 status=200, reason=OK 
 headers={'Date': 'Wed, 03 Apr 2024 02:21:05 GMT', 'Content-Type': 'application/json; charset=utf-8', 'Transfer-Encoding': 'chunked', 'Connection': 'keep-alive', 'X-Powered-By': 'Express', 'Access-Control-Allow-Origin': '*', 'Cache-Control': 'no-cache', 'ETag': 'W/"495-d85BFYnbtHe7UYErnROwv/1uHOw"', 'Vary': 'Accept-Encoding', 'Content-Encoding': 'gzip', 'CF-Cache-Status': 'DYNAMIC', 'Report-To': '{"endpoints":[{"url":"https:\\/\\/a.nel.cloudflare.com\\/report\\/v4?s=cU8yzg5pCJm%2FeQim22uJUB74F7QYMkcRboPHJrrFi8NcJ4FYc%2BWygtMsYigYS9Y%2BKKloVZmxrSWzwFe%2F%2BaxzQZkl%2BB56K2q%2FiKOAEKuxACBWZ53G9gaw0%2BzbJr7rPfpF"}],"group":"cf-nel","max_age":604800}', 'NEL': '{"success_fraction":0,"report_to":"cf-nel","max_age":604800}', 'Server': 'cloudflare', 'CF-RAY': '86e5954f08a4cf0d-SJC', 'alt-svc': 'h3=":443"; ma=86400'} 
 body={"results":[{"gender":"female","name":{"title":"Miss","first":"Sara","last":"Rasmussen"},"location":{"street":{"number":2498,"name":"Søndre Landevej"},"city":"Gørløse","state":"Nordjylland","country":"Denmark","postcode":68637,"coordinates":{"latitude":"-43.5332","longitude":"157.0398"},"timezone":{"offset":"+10:00","description":"Eastern Australia, Guam, Vladivostok"}},"email":"sara.rasmussen@example.com","login":{"uuid":"cd1f3d49-accc-42ce-8261-bfb60517a20d","username":"bigpanda995","password":"hhhhhh","salt":"VXXlY6di","md5":"5d116d9568f66a67ce608db2a1e430a1","sha1":"5e002d19d01da0fa859f8c5e0197a84421580f0e","sha256":"4c030d8f8dc629bf8e43744ce72dda7c2cdc4dea0a189cb90ef9fda7f5c65369"},"dob":{"date":"1984-08-29T20:58:21.674Z","age":39},"registered":{"date":"2010-12-27T22:30:45.280Z","age":13},"phone":"30461084","cell":"02122251","id":{"name":"CPR","value":"290884-4319"},"picture":{"large":"https://randomuser.me/api/portraits/women/2.jpg","medium":"https://randomuser.me/api/portraits/med/women/2.jpg","thumbnail":"https://randomuser.me/api/portraits/thumb/women/2.jpg"},"nat":"DK"}],"info":{"seed":"491d8e4a48fc6d75","results":1,"page":1,"version":"1.4"}} 
 </msg>
<msg time="2024-04-03T02:21:05.863101" level="INFO">/opt/hostedtoolcache/Python/3.12.2/x64/lib/python3.12/site-packages/urllib3/connectionpool.py:1103: InsecureRequestWarning: Unverified HTTPS request is being made to host 'randomuser.me'. Adding certificate verification is strongly advised. See: https://urllib3.readthedocs.io/en/latest/advanced-usage.html#tls-warnings
  warnings.warn(</msg>
<msg time="2024-04-03T02:21:05.863268" level="INFO">${response} = &lt;Response [200]&gt;</msg>
<var>${response}</var>
<arg>consultarAPI</arg>
<arg>/api</arg>
<doc>Sends a GET request on a previously created HTTP Session.</doc>
<status status="PASS" start="2024-04-03T02:21:05.760184" elapsed="0.103132"/>
</kw>
<kw name="Set Variable" owner="BuiltIn">
<msg time="2024-04-03T02:21:05.864407" level="INFO">${json_data} = {'results': [{'gender': 'female', 'name': {'title': 'Miss', 'first': 'Sara', 'last': 'Rasmussen'}, 'location': {'street': {'number': 2498, 'name': 'Søndre Landevej'}, 'city': 'Gørløse', 'state': 'Nord...</msg>
<var>${json_data}</var>
<arg>${response.json()}</arg>
<doc>Returns the given values which can then be assigned to a variables.</doc>
<status status="PASS" start="2024-04-03T02:21:05.863855" elapsed="0.000582"/>
</kw>
<kw name="Set Variable" owner="BuiltIn">
<msg time="2024-04-03T02:21:05.865274" level="INFO">${name_title} = Miss</msg>
<var>${name_title}</var>
<arg>${json_data["results"][0]["name"]["title"]}</arg>
<doc>Returns the given values which can then be assigned to a variables.</doc>
<status status="PASS" start="2024-04-03T02:21:05.864800" elapsed="0.000500"/>
</kw>
<kw name="Create List" owner="BuiltIn">
<msg time="2024-04-03T02:21:05.865784" level="INFO">${allowed_titles} = ['Mr', 'Ms', 'Miss', 'Mrs', 'Madame', 'Monsieur']</msg>
<var>${allowed_titles}</var>
<arg>Mr</arg>
<arg>Ms</arg>
<arg>Miss</arg>
<arg>Mrs</arg>
<arg>Madame</arg>
<arg>Monsieur</arg>
<doc>Returns a list containing given items.</doc>
<status status="PASS" start="2024-04-03T02:21:05.865625" elapsed="0.000185"/>
</kw>
<kw name="List Should Contain Value" owner="Collections">
<msg time="2024-04-03T02:21:05.866318" level="INFO">False</msg>
<arg>${allowed_titles}</arg>
<arg>${name_title}</arg>
<doc>Fails if the ``value`` is not found from ``list``.</doc>
<status status="PASS" start="2024-04-03T02:21:05.866131" elapsed="0.000226"/>
</kw>
<kw name="Set Variable" owner="BuiltIn">
<msg time="2024-04-03T02:21:05.867059" level="INFO">${name_country} = DK</msg>
<var>${name_country}</var>
<arg>${json_data["results"][0]["nat"]}</arg>
<doc>Returns the given values which can then be assigned to a variables.</doc>
<status status="PASS" start="2024-04-03T02:21:05.866664" elapsed="0.000421"/>
</kw>
<kw name="Create List" owner="BuiltIn">
<msg time="2024-04-03T02:21:05.868014" level="INFO">${list_country} = ['AD', 'AE', 'AF', 'AG', 'AI', 'AL', 'AM', 'AO', 'AQ', 'AR', 'AS', 'AT', 'AU', 'AW', 'AX', 'AZ', 'BA', 'BB', 'BD', 'BE', 'BF', 'BG', 'BH', 'BI', 'BJ', 'BL', 'BM', 'BN', 'BO', 'BQ', 'BR', 'BS', 'BT', '...</msg>
<var>${list_country}</var>
<arg>AD</arg>
<arg>AE</arg>
<arg>AF</arg>
<arg>AG</arg>
<arg>AI</arg>
<arg>AL</arg>
<arg>AM</arg>
<arg>AO</arg>
<arg>AQ</arg>
<arg>AR</arg>
<arg>AS</arg>
<arg>AT</arg>
<arg>AU</arg>
<arg>AW</arg>
<arg>AX</arg>
<arg>AZ</arg>
<arg>BA</arg>
<arg>BB</arg>
<arg>BD</arg>
<arg>BE</arg>
<arg>BF</arg>
<arg>BG</arg>
<arg>BH</arg>
<arg>BI</arg>
<arg>BJ</arg>
<arg>BL</arg>
<arg>BM</arg>
<arg>BN</arg>
<arg>BO</arg>
<arg>BQ</arg>
<arg>BR</arg>
<arg>BS</arg>
<arg>BT</arg>
<arg>BV</arg>
<arg>BW</arg>
<arg>BY</arg>
<arg>BZ</arg>
<arg>CA</arg>
<arg>CC</arg>
<arg>CD</arg>
<arg>CF</arg>
<arg>CG</arg>
<arg>CH</arg>
<arg>CI</arg>
<arg>CK</arg>
<arg>CL</arg>
<arg>CM</arg>
<arg>CN</arg>
<arg>CO</arg>
<arg>CR</arg>
<arg>CU</arg>
<arg>CV</arg>
<arg>CW</arg>
<arg>CX</arg>
<arg>CY</arg>
<arg>CZ</arg>
<arg>DE</arg>
<arg>DJ</arg>
<arg>DK</arg>
<arg>DM</arg>
<arg>DO</arg>
<arg>DZ</arg>
<arg>EC</arg>
<arg>EE</arg>
<arg>EG</arg>
<arg>EH</arg>
<arg>ER</arg>
<arg>ES</arg>
<arg>ET</arg>
<arg>FI</arg>
<arg>FJ</arg>
<arg>FK</arg>
<arg>FM</arg>
<arg>FO</arg>
<arg>FR</arg>
<arg>GA</arg>
<arg>GB</arg>
<arg>GD</arg>
<arg>GE</arg>
<arg>GF</arg>
<arg>GG</arg>
<arg>GH</arg>
<arg>GI</arg>
<arg>GL</arg>
<arg>GM</arg>
<arg>GN</arg>
<arg>GP</arg>
<arg>GQ</arg>
<arg>GR</arg>
<arg>GS</arg>
<arg>GT</arg>
<arg>GU</arg>
<arg>GW</arg>
<arg>GY</arg>
<arg>HK</arg>
<arg>HM</arg>
<arg>HN</arg>
<arg>HR</arg>
<arg>HT</arg>
<arg>HU</arg>
<arg>ID</arg>
<arg>IE</arg>
<arg>IL</arg>
<arg>IM</arg>
<arg>IN</arg>
<arg>IO</arg>
<arg>IQ</arg>
<arg>IR</arg>
<arg>IS</arg>
<arg>IT</arg>
<arg>JE</arg>
<arg>JM</arg>
<arg>JO</arg>
<arg>JP</arg>
<arg>KE</arg>
<arg>KG</arg>
<arg>KH</arg>
<arg>KI</arg>
<arg>KM</arg>
<arg>KN</arg>
<arg>KP</arg>
<arg>KR</arg>
<arg>KW</arg>
<arg>KY</arg>
<arg>KZ</arg>
<arg>LA</arg>
<arg>LB</arg>
<arg>LC</arg>
<arg>LI</arg>
<arg>LK</arg>
<arg>LR</arg>
<arg>LS</arg>
<arg>LT</arg>
<arg>LU</arg>
<arg>LV</arg>
<arg>LY</arg>
<arg>MA</arg>
<arg>MC</arg>
<arg>MD</arg>
<arg>ME</arg>
<arg>MF</arg>
<arg>MG</arg>
<arg>MH</arg>
<arg>MK</arg>
<arg>ML</arg>
<arg>MM</arg>
<arg>MN</arg>
<arg>MO</arg>
<arg>MP</arg>
<arg>MQ</arg>
<arg>MR</arg>
<arg>MS</arg>
<arg>MT</arg>
<arg>MU</arg>
<arg>MV</arg>
<arg>MW</arg>
<arg>MX</arg>
<arg>MY</arg>
<arg>MZ</arg>
<arg>NA</arg>
<arg>NC</arg>
<arg>NE</arg>
<arg>NF</arg>
<arg>NG</arg>
<arg>NI</arg>
<arg>NL</arg>
<arg>NO</arg>
<arg>NP</arg>
<arg>NR</arg>
<arg>NU</arg>
<arg>NZ</arg>
<arg>OM</arg>
<arg>PA</arg>
<arg>PE</arg>
<arg>PF</arg>
<arg>PG</arg>
<arg>PH</arg>
<arg>PK</arg>
<arg>PL</arg>
<arg>PM</arg>
<arg>PN</arg>
<arg>PR</arg>
<arg>PS</arg>
<arg>PT</arg>
<arg>PW</arg>
<arg>PY</arg>
<arg>QA</arg>
<arg>RE</arg>
<arg>RO</arg>
<arg>RS</arg>
<arg>RU</arg>
<arg>RW</arg>
<arg>SA</arg>
<arg>SB</arg>
<arg>SC</arg>
<arg>SD</arg>
<arg>SE</arg>
<arg>SG</arg>
<arg>SH</arg>
<arg>SI</arg>
<arg>SJ</arg>
<arg>SK</arg>
<arg>SL</arg>
<arg>SM</arg>
<arg>SN</arg>
<arg>SO</arg>
<arg>SR</arg>
<arg>SS</arg>
<arg>ST</arg>
<arg>SV</arg>
<arg>SX</arg>
<arg>SY</arg>
<arg>SZ</arg>
<arg>TC</arg>
<arg>TD</arg>
<arg>TF</arg>
<arg>TG</arg>
<arg>TH</arg>
<arg>TJ</arg>
<arg>TK</arg>
<arg>TL</arg>
<arg>TM</arg>
<arg>TN</arg>
<arg>TO</arg>
<arg>TR</arg>
<arg>TT</arg>
<arg>TV</arg>
<arg>TW</arg>
<arg>TZ</arg>
<arg>UA</arg>
<arg>UG</arg>
<arg>UM</arg>
<arg>US</arg>
<arg>UY</arg>
<arg>UZ</arg>
<arg>VA</arg>
<arg>VC</arg>
<arg>VE</arg>
<arg>VG</arg>
<arg>VI</arg>
<arg>VN</arg>
<arg>VU</arg>
<arg>WF</arg>
<arg>WS</arg>
<arg>XK</arg>
<arg>YE</arg>
<arg>YT</arg>
<arg>ZA</arg>
<arg>ZM</arg>
<arg>ZW</arg>
<doc>Returns a list containing given items.</doc>
<status status="PASS" start="2024-04-03T02:21:05.867403" elapsed="0.000638"/>
</kw>
<kw name="List Should Contain Value" owner="Collections">
<msg time="2024-04-03T02:21:05.869222" level="INFO">False</msg>
<arg>${list_country}</arg>
<arg>${name_country}</arg>
<doc>Fails if the ``value`` is not found from ``list``.</doc>
<status status="PASS" start="2024-04-03T02:21:05.868988" elapsed="0.000273"/>
</kw>
<kw name="Run Keyword If" owner="BuiltIn">
<kw name="Should Be True" owner="BuiltIn">
<arg>${True}</arg>
<doc>Fails if the given condition is not true.</doc>
<status status="PASS" start="2024-04-03T02:21:05.870342" elapsed="0.000150"/>
</kw>
<arg>${json_data["results"][0]["location"]["coordinates"]["latitude"]} &gt;= -90 and ${json_data["results"][0]["location"]["coordinates"]["latitude"]} &lt;= 90</arg>
<arg>Should Be True</arg>
<arg>${True}</arg>
<doc>Runs the given keyword with the given arguments, if ``condition`` is true.</doc>
<status status="PASS" start="2024-04-03T02:21:05.869580" elapsed="0.001042"/>
</kw>
<kw name="Run Keyword If" owner="BuiltIn">
<kw name="Should Be True" owner="BuiltIn">
<arg>${True}</arg>
<doc>Fails if the given condition is not true.</doc>
<status status="PASS" start="2024-04-03T02:21:05.871515" elapsed="0.000141"/>
</kw>
<arg>${json_data["results"][0]["location"]["coordinates"]["longitude"]} &gt;= -180 and ${json_data["results"][0]["location"]["coordinates"]["longitude"]} &lt;= 180</arg>
<arg>Should Be True</arg>
<arg>${True}</arg>
<doc>Runs the given keyword with the given arguments, if ``condition`` is true.</doc>
<status status="PASS" start="2024-04-03T02:21:05.870811" elapsed="0.000972"/>
</kw>
<status status="PASS" start="2024-04-03T02:21:05.759799" elapsed="0.112119"/>
</kw>
<doc>Testa o conteúdo específico dos campos retornados pela API.</doc>
<tag>testeConteudo</tag>
<status status="PASS" start="2024-04-03T02:21:05.759067" elapsed="0.113010"/>
</test>
<status status="PASS" start="2024-04-03T02:21:04.951340" elapsed="0.922690"/>
</suite>
<status status="PASS" start="2024-04-03T02:21:04.936871" elapsed="0.942529"/>
</suite>
<statistics>
<total>
<stat pass="5" fail="0" skip="0">All Tests</stat>
</total>
<tag>
<stat pass="1" fail="0" skip="0">testeConteudo</stat>
<stat pass="1" fail="0" skip="0">testeEstruturaResposta</stat>
<stat pass="1" fail="0" skip="0">testeRequisicaoBasica</stat>
<stat pass="1" fail="0" skip="0">testeTiposDados</stat>
</tag>
<suite>
<stat pass="5" fail="0" skip="0" id="s1" name="Tests">Tests</stat>
<stat pass="5" fail="0" skip="0" id="s1-s1" name="Random-User-Test">Tests.Random-User-Test</stat>
</suite>
</statistics>
<errors>
</errors>
</robot>
