<?xml version="1.0" encoding="UTF-8"?>
<robot generator="Robot 7.0 (Python 3.12.3 on linux)" generated="2024-04-19T13:16:04.195842" rpa="false" schemaversion="5">
<suite id="s1" name="Tests" source="/home/runner/work/DesafioQAItauRogerioJordao/DesafioQAItauRogerioJordao/RamdonUser/tests">
<suite id="s1-s1" name="Random-User-Test" source="/home/runner/work/DesafioQAItauRogerioJordao/DesafioQAItauRogerioJordao/RamdonUser/tests/random-user-test.robot">
<test id="s1-s1-t1" name="Conectar" line="13">
<kw name="Conectar API" owner="random-user-service">
<kw name="Create Session" owner="RequestsLibrary">
<msg time="2024-04-19T13:16:04.587992" level="INFO">Creating Session using : alias=consultarAPI, url=https://randomuser.me/, headers={},                     cookies={}, auth=None, timeout=None, proxies=None, verify=False,                     debug=0 </msg>
<arg>consultarAPI</arg>
<arg>${URL}</arg>
<doc>Create Session: create a HTTP session to a server</doc>
<status status="PASS" start="2024-04-19T13:16:04.587700" elapsed="0.000554"/>
</kw>
<status status="PASS" start="2024-04-19T13:16:04.586534" elapsed="0.002102"/>
</kw>
<status status="PASS" start="2024-04-19T13:16:04.585968" elapsed="0.002867"/>
</test>
<test id="s1-s1-t2" name="Validar retorno 200 e JSON Válido" line="16">
<kw name="Teste de Requisicao Basica" owner="random-user-service">
<kw name="GET On Session" owner="RequestsLibrary">
<msg time="2024-04-19T13:16:04.844092" level="INFO">GET Request : url=https://randomuser.me/api 
 path_url=/api 
 headers={'User-Agent': 'python-requests/2.31.0', 'Accept-Encoding': 'gzip, deflate', 'Accept': '*/*', 'Connection': 'keep-alive'} 
 body=None 
 </msg>
<msg time="2024-04-19T13:16:04.844257" level="INFO">GET Response : url=https://randomuser.me/api 
 status=200, reason=OK 
 headers={'Date': 'Fri, 19 Apr 2024 13:16:04 GMT', 'Content-Type': 'application/json; charset=utf-8', 'Transfer-Encoding': 'chunked', 'Connection': 'keep-alive', 'X-Powered-By': 'Express', 'Access-Control-Allow-Origin': '*', 'Cache-Control': 'no-cache', 'ETag': 'W/"493-sGo2TLA4MtIprvO6xO8kZ731U/w"', 'Vary': 'Accept-Encoding', 'Content-Encoding': 'gzip', 'CF-Cache-Status': 'DYNAMIC', 'Report-To': '{"endpoints":[{"url":"https:\\/\\/a.nel.cloudflare.com\\/report\\/v4?s=nXD%2FlI97fUO5WAGN9F8twPG2bi4FQdCXPn2B92SVdvh60BOUMBwGxSvUVWNzk9pkg16yCr27BVYv1c9M3sivk6Jmp2qeqOVEcQgMGySQmLddCNUv2TaTcbzQKFe1rl8V"}],"group":"cf-nel","max_age":604800}', 'NEL': '{"success_fraction":0,"report_to":"cf-nel","max_age":604800}', 'Server': 'cloudflare', 'CF-RAY': '876d2ac20cd81fe2-IAD', 'alt-svc': 'h3=":443"; ma=86400'} 
 body={"results":[{"gender":"female","name":{"title":"Ms","first":"Hazel","last":"Edwards"},"location":{"street":{"number":9842,"name":"Chatham Road"},"city":"Masterton","state":"Tasman","country":"New Zealand","postcode":67767,"coordinates":{"latitude":"51.5672","longitude":"38.1714"},"timezone":{"offset":"+9:00","description":"Tokyo, Seoul, Osaka, Sapporo, Yakutsk"}},"email":"hazel.edwards@example.com","login":{"uuid":"62cef26c-a623-40f1-bb7d-e613f68ee016","username":"ticklishwolf453","password":"jonathon","salt":"zjpc0fpS","md5":"f718b783e6da90a314972666384a0195","sha1":"48df59dcbb3e05b880b14b1e638646f092b5eb73","sha256":"67e610c75242c827b38a06d6093aa72bf18271ff52b88cf1cca85d924afb170a"},"dob":{"date":"1950-03-28T11:55:20.412Z","age":74},"registered":{"date":"2006-02-18T08:46:35.373Z","age":18},"phone":"(359)-801-3182","cell":"(478)-857-6876","id":{"name":"","value":null},"picture":{"large":"https://randomuser.me/api/portraits/women/96.jpg","medium":"https://randomuser.me/api/portraits/med/women/96.jpg","thumbnail":"https://randomuser.me/api/portraits/thumb/women/96.jpg"},"nat":"NZ"}],"info":{"seed":"718c2fadf6428cfb","results":1,"page":1,"version":"1.4"}} 
 </msg>
<msg time="2024-04-19T13:16:04.844349" level="INFO">/opt/hostedtoolcache/Python/3.12.3/x64/lib/python3.12/site-packages/urllib3/connectionpool.py:1103: InsecureRequestWarning: Unverified HTTPS request is being made to host 'randomuser.me'. Adding certificate verification is strongly advised. See: https://urllib3.readthedocs.io/en/latest/advanced-usage.html#tls-warnings
  warnings.warn(</msg>
<msg time="2024-04-19T13:16:04.844511" level="INFO">${response} = &lt;Response [200]&gt;</msg>
<var>${response}</var>
<arg>consultarAPI</arg>
<arg>/api</arg>
<doc>Sends a GET request on a previously created HTTP Session.</doc>
<status status="PASS" start="2024-04-19T13:16:04.591473" elapsed="0.253081"/>
</kw>
<kw name="Should Be Equal As Numbers" owner="BuiltIn">
<msg time="2024-04-19T13:16:04.845594" level="INFO">Argument types are:
&lt;class 'int'&gt;
&lt;class 'str'&gt;</msg>
<arg>${response.status_code}</arg>
<arg>200</arg>
<doc>Fails if objects are unequal after converting them to real numbers.</doc>
<status status="PASS" start="2024-04-19T13:16:04.845101" elapsed="0.000560"/>
</kw>
<kw name="Log" owner="BuiltIn">
<msg time="2024-04-19T13:16:04.846387" level="INFO">200</msg>
<arg>${response.status_code}</arg>
<doc>Logs the given message with the given level.</doc>
<status status="PASS" start="2024-04-19T13:16:04.846011" elapsed="0.000420"/>
</kw>
<kw name="Set Variable" owner="BuiltIn">
<msg time="2024-04-19T13:16:04.847208" level="INFO">${json_data} = {'results': [{'gender': 'female', 'name': {'title': 'Ms', 'first': 'Hazel', 'last': 'Edwards'}, 'location': {'street': {'number': 9842, 'name': 'Chatham Road'}, 'city': 'Masterton', 'state': 'Tasman',...</msg>
<var>${json_data}</var>
<arg>${response.json()}</arg>
<doc>Returns the given values which can then be assigned to a variables.</doc>
<status status="PASS" start="2024-04-19T13:16:04.846748" elapsed="0.000488"/>
</kw>
<kw name="Dictionary Should Contain Key" owner="Collections">
<msg time="2024-04-19T13:16:04.847719" level="INFO">False</msg>
<arg>${json_data}</arg>
<arg>results</arg>
<doc>Fails if ``key`` is not found from ``dictionary``.</doc>
<status status="PASS" start="2024-04-19T13:16:04.847548" elapsed="0.000211"/>
</kw>
<status status="PASS" start="2024-04-19T13:16:04.591218" elapsed="0.256832"/>
</kw>
<doc>Testa se a API responde corretamente e retorna um objeto JSON válido.</doc>
<tag>testeRequisicaoBasica</tag>
<status status="PASS" start="2024-04-19T13:16:04.590744" elapsed="0.257511"/>
</test>
<test id="s1-s1-t3" name="Validar estrutura de resposta" line="22">
<kw name="Teste de Estrutura de Resposta" owner="random-user-service">
<kw name="GET On Session" owner="RequestsLibrary">
<msg time="2024-04-19T13:16:04.954075" level="INFO">GET Request : url=https://randomuser.me/api 
 path_url=/api 
 headers={'User-Agent': 'python-requests/2.31.0', 'Accept-Encoding': 'gzip, deflate', 'Accept': '*/*', 'Connection': 'keep-alive'} 
 body=None 
 </msg>
<msg time="2024-04-19T13:16:04.954144" level="INFO">GET Response : url=https://randomuser.me/api 
 status=200, reason=OK 
 headers={'Date': 'Fri, 19 Apr 2024 13:16:04 GMT', 'Content-Type': 'application/json; charset=utf-8', 'Transfer-Encoding': 'chunked', 'Connection': 'keep-alive', 'X-Powered-By': 'Express', 'Access-Control-Allow-Origin': '*', 'Cache-Control': 'no-cache', 'ETag': 'W/"4a1-K7coafU+TefZKXKgLfqJUtsZzBc"', 'Vary': 'Accept-Encoding', 'Content-Encoding': 'gzip', 'CF-Cache-Status': 'DYNAMIC', 'Report-To': '{"endpoints":[{"url":"https:\\/\\/a.nel.cloudflare.com\\/report\\/v4?s=j1XGtP8VAt9fgduYHkZ49CV3xCTFxsglMRXauC3FdGxDehl3vnMTcWI2z0iDGFX%2FEqT9HOW83HCK7MrbumNmoIQFDMxVVpintuLkjV52DC9faj6O5FyVgBAQWFH5S0Uu"}],"group":"cf-nel","max_age":604800}', 'NEL': '{"success_fraction":0,"report_to":"cf-nel","max_age":604800}', 'Server': 'cloudflare', 'CF-RAY': '876d2ac25d3e1fe2-IAD', 'alt-svc': 'h3=":443"; ma=86400'} 
 body={"results":[{"gender":"female","name":{"title":"Miss","first":"Iida","last":"Luoma"},"location":{"street":{"number":6072,"name":"Rotuaari"},"city":"Ylivieska","state":"Päijät-Häme","country":"Finland","postcode":89784,"coordinates":{"latitude":"-26.0198","longitude":"123.3499"},"timezone":{"offset":"+3:00","description":"Baghdad, Riyadh, Moscow, St. Petersburg"}},"email":"iida.luoma@example.com","login":{"uuid":"58389bf9-ef38-4858-a5d1-a6ed0e347dc6","username":"beautifulostrich487","password":"southern","salt":"8pGHxFhu","md5":"813d28e4bd20b20b5ee17955dfa3e43f","sha1":"91550307fe6ae50916e336803951919d83e7988d","sha256":"9a1c68dbf1eba4fa96a4431242b9b631a76aa0642fb4e7b9fa1f092d453214f2"},"dob":{"date":"1997-06-12T18:44:13.141Z","age":26},"registered":{"date":"2019-02-03T03:23:15.803Z","age":5},"phone":"09-224-873","cell":"043-697-56-76","id":{"name":"HETU","value":"NaNNA900undefined"},"picture":{"large":"https://randomuser.me/api/portraits/women/2.jpg","medium":"https://randomuser.me/api/portraits/med/women/2.jpg","thumbnail":"https://randomuser.me/api/portraits/thumb/women/2.jpg"},"nat":"FI"}],"info":{"seed":"a43e1df2a2c8f97a","results":1,"page":1,"version":"1.4"}} 
 </msg>
<msg time="2024-04-19T13:16:04.954246" level="INFO">/opt/hostedtoolcache/Python/3.12.3/x64/lib/python3.12/site-packages/urllib3/connectionpool.py:1103: InsecureRequestWarning: Unverified HTTPS request is being made to host 'randomuser.me'. Adding certificate verification is strongly advised. See: https://urllib3.readthedocs.io/en/latest/advanced-usage.html#tls-warnings
  warnings.warn(</msg>
<msg time="2024-04-19T13:16:04.954339" level="INFO">${response} = &lt;Response [200]&gt;</msg>
<var>${response}</var>
<arg>consultarAPI</arg>
<arg>/api</arg>
<doc>Sends a GET request on a previously created HTTP Session.</doc>
<status status="PASS" start="2024-04-19T13:16:04.850958" elapsed="0.103413"/>
</kw>
<kw name="Set Variable" owner="BuiltIn">
<msg time="2024-04-19T13:16:04.955239" level="INFO">${json_data} = {'results': [{'gender': 'female', 'name': {'title': 'Miss', 'first': 'Iida', 'last': 'Luoma'}, 'location': {'street': {'number': 6072, 'name': 'Rotuaari'}, 'city': 'Ylivieska', 'state': 'Päijät-Häme',...</msg>
<var>${json_data}</var>
<arg>${response.json()}</arg>
<doc>Returns the given values which can then be assigned to a variables.</doc>
<status status="PASS" start="2024-04-19T13:16:04.954768" elapsed="0.000500"/>
</kw>
<kw name="Log" owner="BuiltIn">
<msg time="2024-04-19T13:16:04.955728" level="INFO">{'results': [{'gender': 'female', 'name': {'title': 'Miss', 'first': 'Iida', 'last': 'Luoma'}, 'location': {'street': {'number': 6072, 'name': 'Rotuaari'}, 'city': 'Ylivieska', 'state': 'Päijät-Häme', 'country': 'Finland', 'postcode': 89784, 'coordinates': {'latitude': '-26.0198', 'longitude': '123.3499'}, 'timezone': {'offset': '+3:00', 'description': 'Baghdad, Riyadh, Moscow, St. Petersburg'}}, 'email': 'iida.luoma@example.com', 'login': {'uuid': '58389bf9-ef38-4858-a5d1-a6ed0e347dc6', 'username': 'beautifulostrich487', 'password': 'southern', 'salt': '8pGHxFhu', 'md5': '813d28e4bd20b20b5ee17955dfa3e43f', 'sha1': '91550307fe6ae50916e336803951919d83e7988d', 'sha256': '9a1c68dbf1eba4fa96a4431242b9b631a76aa0642fb4e7b9fa1f092d453214f2'}, 'dob': {'date': '1997-06-12T18:44:13.141Z', 'age': 26}, 'registered': {'date': '2019-02-03T03:23:15.803Z', 'age': 5}, 'phone': '09-224-873', 'cell': '043-697-56-76', 'id': {'name': 'HETU', 'value': 'NaNNA900undefined'}, 'picture': {'large': 'https://randomuser.me/api/portraits/women/2.jpg', 'medium': 'https://randomuser.me/api/portraits/med/women/2.jpg', 'thumbnail': 'https://randomuser.me/api/portraits/thumb/women/2.jpg'}, 'nat': 'FI'}], 'info': {'seed': 'a43e1df2a2c8f97a', 'results': 1, 'page': 1, 'version': '1.4'}}</msg>
<arg>${json_data}</arg>
<doc>Logs the given message with the given level.</doc>
<status status="PASS" start="2024-04-19T13:16:04.955571" elapsed="0.000205"/>
</kw>
<kw name="Dictionary Should Contain Key" owner="Collections">
<msg time="2024-04-19T13:16:04.956271" level="INFO">False</msg>
<arg>${json_data}</arg>
<arg>results</arg>
<doc>Fails if ``key`` is not found from ``dictionary``.</doc>
<status status="PASS" start="2024-04-19T13:16:04.956106" elapsed="0.000202"/>
</kw>
<kw name="Should Not Be Empty" owner="BuiltIn">
<msg time="2024-04-19T13:16:04.956735" level="INFO">Length is 2.</msg>
<arg>${json_data}</arg>
<doc>Verifies that the given item is not empty.</doc>
<status status="PASS" start="2024-04-19T13:16:04.956595" elapsed="0.000184"/>
</kw>
<kw name="Create List" owner="BuiltIn">
<msg time="2024-04-19T13:16:04.957355" level="INFO">${expected_keys} = ['gender', 'name', 'location', 'email', 'login']</msg>
<var>${expected_keys}</var>
<arg>gender</arg>
<arg>name</arg>
<arg>location</arg>
<arg>email</arg>
<arg>login</arg>
<doc>Returns a list containing given items.</doc>
<status status="PASS" start="2024-04-19T13:16:04.957066" elapsed="0.000314"/>
</kw>
<for flavor="IN">
<iter>
<kw name="Dictionary Should Contain Key" owner="Collections">
<msg time="2024-04-19T13:16:04.958342" level="INFO">False</msg>
<arg>${json_data['results'][0]}</arg>
<arg>${key}</arg>
<doc>Fails if ``key`` is not found from ``dictionary``.</doc>
<status status="PASS" start="2024-04-19T13:16:04.957947" elapsed="0.000432"/>
</kw>
<kw name="Log" owner="BuiltIn">
<msg time="2024-04-19T13:16:04.959047" level="INFO">{'gender': 'female', 'name': {'title': 'Miss', 'first': 'Iida', 'last': 'Luoma'}, 'location': {'street': {'number': 6072, 'name': 'Rotuaari'}, 'city': 'Ylivieska', 'state': 'Päijät-Häme', 'country': 'Finland', 'postcode': 89784, 'coordinates': {'latitude': '-26.0198', 'longitude': '123.3499'}, 'timezone': {'offset': '+3:00', 'description': 'Baghdad, Riyadh, Moscow, St. Petersburg'}}, 'email': 'iida.luoma@example.com', 'login': {'uuid': '58389bf9-ef38-4858-a5d1-a6ed0e347dc6', 'username': 'beautifulostrich487', 'password': 'southern', 'salt': '8pGHxFhu', 'md5': '813d28e4bd20b20b5ee17955dfa3e43f', 'sha1': '91550307fe6ae50916e336803951919d83e7988d', 'sha256': '9a1c68dbf1eba4fa96a4431242b9b631a76aa0642fb4e7b9fa1f092d453214f2'}, 'dob': {'date': '1997-06-12T18:44:13.141Z', 'age': 26}, 'registered': {'date': '2019-02-03T03:23:15.803Z', 'age': 5}, 'phone': '09-224-873', 'cell': '043-697-56-76', 'id': {'name': 'HETU', 'value': 'NaNNA900undefined'}, 'picture': {'large': 'https://randomuser.me/api/portraits/women/2.jpg', 'medium': 'https://randomuser.me/api/portraits/med/women/2.jpg', 'thumbnail': 'https://randomuser.me/api/portraits/thumb/women/2.jpg'}, 'nat': 'FI'}</msg>
<arg>${json_data['results'][0]}</arg>
<doc>Logs the given message with the given level.</doc>
<status status="PASS" start="2024-04-19T13:16:04.958676" elapsed="0.000419"/>
</kw>
<kw name="Log" owner="BuiltIn">
<msg time="2024-04-19T13:16:04.959521" level="INFO">gender</msg>
<arg>${key}</arg>
<doc>Logs the given message with the given level.</doc>
<status status="PASS" start="2024-04-19T13:16:04.959394" elapsed="0.000163"/>
</kw>
<var name="${key}">gender</var>
<status status="PASS" start="2024-04-19T13:16:04.957822" elapsed="0.001950"/>
</iter>
<iter>
<kw name="Dictionary Should Contain Key" owner="Collections">
<msg time="2024-04-19T13:16:04.960484" level="INFO">False</msg>
<arg>${json_data['results'][0]}</arg>
<arg>${key}</arg>
<doc>Fails if ``key`` is not found from ``dictionary``.</doc>
<status status="PASS" start="2024-04-19T13:16:04.960095" elapsed="0.000426"/>
</kw>
<kw name="Log" owner="BuiltIn">
<msg time="2024-04-19T13:16:04.961202" level="INFO">{'gender': 'female', 'name': {'title': 'Miss', 'first': 'Iida', 'last': 'Luoma'}, 'location': {'street': {'number': 6072, 'name': 'Rotuaari'}, 'city': 'Ylivieska', 'state': 'Päijät-Häme', 'country': 'Finland', 'postcode': 89784, 'coordinates': {'latitude': '-26.0198', 'longitude': '123.3499'}, 'timezone': {'offset': '+3:00', 'description': 'Baghdad, Riyadh, Moscow, St. Petersburg'}}, 'email': 'iida.luoma@example.com', 'login': {'uuid': '58389bf9-ef38-4858-a5d1-a6ed0e347dc6', 'username': 'beautifulostrich487', 'password': 'southern', 'salt': '8pGHxFhu', 'md5': '813d28e4bd20b20b5ee17955dfa3e43f', 'sha1': '91550307fe6ae50916e336803951919d83e7988d', 'sha256': '9a1c68dbf1eba4fa96a4431242b9b631a76aa0642fb4e7b9fa1f092d453214f2'}, 'dob': {'date': '1997-06-12T18:44:13.141Z', 'age': 26}, 'registered': {'date': '2019-02-03T03:23:15.803Z', 'age': 5}, 'phone': '09-224-873', 'cell': '043-697-56-76', 'id': {'name': 'HETU', 'value': 'NaNNA900undefined'}, 'picture': {'large': 'https://randomuser.me/api/portraits/women/2.jpg', 'medium': 'https://randomuser.me/api/portraits/med/women/2.jpg', 'thumbnail': 'https://randomuser.me/api/portraits/thumb/women/2.jpg'}, 'nat': 'FI'}</msg>
<arg>${json_data['results'][0]}</arg>
<doc>Logs the given message with the given level.</doc>
<status status="PASS" start="2024-04-19T13:16:04.960840" elapsed="0.000412"/>
</kw>
<kw name="Log" owner="BuiltIn">
<msg time="2024-04-19T13:16:04.961675" level="INFO">name</msg>
<arg>${key}</arg>
<doc>Logs the given message with the given level.</doc>
<status status="PASS" start="2024-04-19T13:16:04.961550" elapsed="0.000161"/>
</kw>
<var name="${key}">name</var>
<status status="PASS" start="2024-04-19T13:16:04.959957" elapsed="0.001966"/>
</iter>
<iter>
<kw name="Dictionary Should Contain Key" owner="Collections">
<msg time="2024-04-19T13:16:04.962596" level="INFO">False</msg>
<arg>${json_data['results'][0]}</arg>
<arg>${key}</arg>
<doc>Fails if ``key`` is not found from ``dictionary``.</doc>
<status status="PASS" start="2024-04-19T13:16:04.962217" elapsed="0.000416"/>
</kw>
<kw name="Log" owner="BuiltIn">
<msg time="2024-04-19T13:16:04.963297" level="INFO">{'gender': 'female', 'name': {'title': 'Miss', 'first': 'Iida', 'last': 'Luoma'}, 'location': {'street': {'number': 6072, 'name': 'Rotuaari'}, 'city': 'Ylivieska', 'state': 'Päijät-Häme', 'country': 'Finland', 'postcode': 89784, 'coordinates': {'latitude': '-26.0198', 'longitude': '123.3499'}, 'timezone': {'offset': '+3:00', 'description': 'Baghdad, Riyadh, Moscow, St. Petersburg'}}, 'email': 'iida.luoma@example.com', 'login': {'uuid': '58389bf9-ef38-4858-a5d1-a6ed0e347dc6', 'username': 'beautifulostrich487', 'password': 'southern', 'salt': '8pGHxFhu', 'md5': '813d28e4bd20b20b5ee17955dfa3e43f', 'sha1': '91550307fe6ae50916e336803951919d83e7988d', 'sha256': '9a1c68dbf1eba4fa96a4431242b9b631a76aa0642fb4e7b9fa1f092d453214f2'}, 'dob': {'date': '1997-06-12T18:44:13.141Z', 'age': 26}, 'registered': {'date': '2019-02-03T03:23:15.803Z', 'age': 5}, 'phone': '09-224-873', 'cell': '043-697-56-76', 'id': {'name': 'HETU', 'value': 'NaNNA900undefined'}, 'picture': {'large': 'https://randomuser.me/api/portraits/women/2.jpg', 'medium': 'https://randomuser.me/api/portraits/med/women/2.jpg', 'thumbnail': 'https://randomuser.me/api/portraits/thumb/women/2.jpg'}, 'nat': 'FI'}</msg>
<arg>${json_data['results'][0]}</arg>
<doc>Logs the given message with the given level.</doc>
<status status="PASS" start="2024-04-19T13:16:04.962934" elapsed="0.000411"/>
</kw>
<kw name="Log" owner="BuiltIn">
<msg time="2024-04-19T13:16:04.963760" level="INFO">location</msg>
<arg>${key}</arg>
<doc>Logs the given message with the given level.</doc>
<status status="PASS" start="2024-04-19T13:16:04.963636" elapsed="0.000161"/>
</kw>
<var name="${key}">location</var>
<status status="PASS" start="2024-04-19T13:16:04.962096" elapsed="0.001912"/>
</iter>
<iter>
<kw name="Dictionary Should Contain Key" owner="Collections">
<msg time="2024-04-19T13:16:04.964715" level="INFO">False</msg>
<arg>${json_data['results'][0]}</arg>
<arg>${key}</arg>
<doc>Fails if ``key`` is not found from ``dictionary``.</doc>
<status status="PASS" start="2024-04-19T13:16:04.964329" elapsed="0.000424"/>
</kw>
<kw name="Log" owner="BuiltIn">
<msg time="2024-04-19T13:16:04.965417" level="INFO">{'gender': 'female', 'name': {'title': 'Miss', 'first': 'Iida', 'last': 'Luoma'}, 'location': {'street': {'number': 6072, 'name': 'Rotuaari'}, 'city': 'Ylivieska', 'state': 'Päijät-Häme', 'country': 'Finland', 'postcode': 89784, 'coordinates': {'latitude': '-26.0198', 'longitude': '123.3499'}, 'timezone': {'offset': '+3:00', 'description': 'Baghdad, Riyadh, Moscow, St. Petersburg'}}, 'email': 'iida.luoma@example.com', 'login': {'uuid': '58389bf9-ef38-4858-a5d1-a6ed0e347dc6', 'username': 'beautifulostrich487', 'password': 'southern', 'salt': '8pGHxFhu', 'md5': '813d28e4bd20b20b5ee17955dfa3e43f', 'sha1': '91550307fe6ae50916e336803951919d83e7988d', 'sha256': '9a1c68dbf1eba4fa96a4431242b9b631a76aa0642fb4e7b9fa1f092d453214f2'}, 'dob': {'date': '1997-06-12T18:44:13.141Z', 'age': 26}, 'registered': {'date': '2019-02-03T03:23:15.803Z', 'age': 5}, 'phone': '09-224-873', 'cell': '043-697-56-76', 'id': {'name': 'HETU', 'value': 'NaNNA900undefined'}, 'picture': {'large': 'https://randomuser.me/api/portraits/women/2.jpg', 'medium': 'https://randomuser.me/api/portraits/med/women/2.jpg', 'thumbnail': 'https://randomuser.me/api/portraits/thumb/women/2.jpg'}, 'nat': 'FI'}</msg>
<arg>${json_data['results'][0]}</arg>
<doc>Logs the given message with the given level.</doc>
<status status="PASS" start="2024-04-19T13:16:04.965052" elapsed="0.000416"/>
</kw>
<kw name="Log" owner="BuiltIn">
<msg time="2024-04-19T13:16:04.965888" level="INFO">email</msg>
<arg>${key}</arg>
<doc>Logs the given message with the given level.</doc>
<status status="PASS" start="2024-04-19T13:16:04.965761" elapsed="0.000165"/>
</kw>
<var name="${key}">email</var>
<status status="PASS" start="2024-04-19T13:16:04.964216" elapsed="0.001927"/>
</iter>
<iter>
<kw name="Dictionary Should Contain Key" owner="Collections">
<msg time="2024-04-19T13:16:04.966815" level="INFO">False</msg>
<arg>${json_data['results'][0]}</arg>
<arg>${key}</arg>
<doc>Fails if ``key`` is not found from ``dictionary``.</doc>
<status status="PASS" start="2024-04-19T13:16:04.966426" elapsed="0.000426"/>
</kw>
<kw name="Log" owner="BuiltIn">
<msg time="2024-04-19T13:16:04.967520" level="INFO">{'gender': 'female', 'name': {'title': 'Miss', 'first': 'Iida', 'last': 'Luoma'}, 'location': {'street': {'number': 6072, 'name': 'Rotuaari'}, 'city': 'Ylivieska', 'state': 'Päijät-Häme', 'country': 'Finland', 'postcode': 89784, 'coordinates': {'latitude': '-26.0198', 'longitude': '123.3499'}, 'timezone': {'offset': '+3:00', 'description': 'Baghdad, Riyadh, Moscow, St. Petersburg'}}, 'email': 'iida.luoma@example.com', 'login': {'uuid': '58389bf9-ef38-4858-a5d1-a6ed0e347dc6', 'username': 'beautifulostrich487', 'password': 'southern', 'salt': '8pGHxFhu', 'md5': '813d28e4bd20b20b5ee17955dfa3e43f', 'sha1': '91550307fe6ae50916e336803951919d83e7988d', 'sha256': '9a1c68dbf1eba4fa96a4431242b9b631a76aa0642fb4e7b9fa1f092d453214f2'}, 'dob': {'date': '1997-06-12T18:44:13.141Z', 'age': 26}, 'registered': {'date': '2019-02-03T03:23:15.803Z', 'age': 5}, 'phone': '09-224-873', 'cell': '043-697-56-76', 'id': {'name': 'HETU', 'value': 'NaNNA900undefined'}, 'picture': {'large': 'https://randomuser.me/api/portraits/women/2.jpg', 'medium': 'https://randomuser.me/api/portraits/med/women/2.jpg', 'thumbnail': 'https://randomuser.me/api/portraits/thumb/women/2.jpg'}, 'nat': 'FI'}</msg>
<arg>${json_data['results'][0]}</arg>
<doc>Logs the given message with the given level.</doc>
<status status="PASS" start="2024-04-19T13:16:04.967150" elapsed="0.000418"/>
</kw>
<kw name="Log" owner="BuiltIn">
<msg time="2024-04-19T13:16:04.967990" level="INFO">login</msg>
<arg>${key}</arg>
<doc>Logs the given message with the given level.</doc>
<status status="PASS" start="2024-04-19T13:16:04.967863" elapsed="0.000218"/>
</kw>
<var name="${key}">login</var>
<status status="PASS" start="2024-04-19T13:16:04.966315" elapsed="0.001998"/>
</iter>
<var>${key}</var>
<value>@{expected_keys}</value>
<status status="PASS" start="2024-04-19T13:16:04.957636" elapsed="0.010796"/>
</for>
<kw name="Create List" owner="BuiltIn">
<msg time="2024-04-19T13:16:04.968760" level="INFO">${expected_keysTwo} = ['username', 'password']</msg>
<var>${expected_keysTwo}</var>
<arg>username</arg>
<arg>password</arg>
<doc>Returns a list containing given items.</doc>
<status status="PASS" start="2024-04-19T13:16:04.968623" elapsed="0.000160"/>
</kw>
<for flavor="IN">
<iter>
<kw name="Dictionary Should Contain Key" owner="Collections">
<msg time="2024-04-19T13:16:04.969692" level="INFO">False</msg>
<arg>${json_data['results'][0]['login']}</arg>
<arg>${keyTwo}</arg>
<doc>Fails if ``key`` is not found from ``dictionary``.</doc>
<status status="PASS" start="2024-04-19T13:16:04.969294" elapsed="0.000434"/>
</kw>
<kw name="Dictionary Should Contain Key" owner="Collections">
<msg time="2024-04-19T13:16:04.970400" level="INFO">False</msg>
<arg>${json_data['results'][0]['login']}</arg>
<arg>${keyTwo}</arg>
<doc>Fails if ``key`` is not found from ``dictionary``.</doc>
<status status="PASS" start="2024-04-19T13:16:04.970024" elapsed="0.000422"/>
</kw>
<kw name="Log" owner="BuiltIn">
<msg time="2024-04-19T13:16:04.970862" level="INFO">username</msg>
<arg>${keyTwo}</arg>
<doc>Logs the given message with the given level.</doc>
<status status="PASS" start="2024-04-19T13:16:04.970735" elapsed="0.000169"/>
</kw>
<var name="${keyTwo}">username</var>
<status status="PASS" start="2024-04-19T13:16:04.969185" elapsed="0.001931"/>
</iter>
<iter>
<kw name="Dictionary Should Contain Key" owner="Collections">
<msg time="2024-04-19T13:16:04.971779" level="INFO">False</msg>
<arg>${json_data['results'][0]['login']}</arg>
<arg>${keyTwo}</arg>
<doc>Fails if ``key`` is not found from ``dictionary``.</doc>
<status status="PASS" start="2024-04-19T13:16:04.971398" elapsed="0.000424"/>
</kw>
<kw name="Dictionary Should Contain Key" owner="Collections">
<msg time="2024-04-19T13:16:04.972614" level="INFO">False</msg>
<arg>${json_data['results'][0]['login']}</arg>
<arg>${keyTwo}</arg>
<doc>Fails if ``key`` is not found from ``dictionary``.</doc>
<status status="PASS" start="2024-04-19T13:16:04.972135" elapsed="0.000518"/>
</kw>
<kw name="Log" owner="BuiltIn">
<msg time="2024-04-19T13:16:04.973075" level="INFO">password</msg>
<arg>${keyTwo}</arg>
<doc>Logs the given message with the given level.</doc>
<status status="PASS" start="2024-04-19T13:16:04.972949" elapsed="0.000163"/>
</kw>
<var name="${keyTwo}">password</var>
<status status="PASS" start="2024-04-19T13:16:04.971288" elapsed="0.002039"/>
</iter>
<var>${keyTwo}</var>
<value>@{expected_keysTwo}</value>
<status status="PASS" start="2024-04-19T13:16:04.969017" elapsed="0.004430"/>
</for>
<status status="PASS" start="2024-04-19T13:16:04.850712" elapsed="0.122874"/>
</kw>
<doc>Testa a estrutura da resposta da API.</doc>
<tag>testeEstruturaResposta</tag>
<status status="PASS" start="2024-04-19T13:16:04.850162" elapsed="0.123572"/>
</test>
<test id="s1-s1-t4" name="Validar tipos de dados" line="28">
<kw name="Teste de Tipos de Dados" owner="random-user-service">
<kw name="GET On Session" owner="RequestsLibrary">
<msg time="2024-04-19T13:16:05.039289" level="INFO">GET Request : url=https://randomuser.me/api 
 path_url=/api 
 headers={'User-Agent': 'python-requests/2.31.0', 'Accept-Encoding': 'gzip, deflate', 'Accept': '*/*', 'Connection': 'keep-alive'} 
 body=None 
 </msg>
<msg time="2024-04-19T13:16:05.039374" level="INFO">GET Response : url=https://randomuser.me/api 
 status=200, reason=OK 
 headers={'Date': 'Fri, 19 Apr 2024 13:16:05 GMT', 'Content-Type': 'application/json; charset=utf-8', 'Transfer-Encoding': 'chunked', 'Connection': 'keep-alive', 'X-Powered-By': 'Express', 'Access-Control-Allow-Origin': '*', 'Cache-Control': 'no-cache', 'ETag': 'W/"498-IzNbTr1N4v17eh1Gr7+4CTOdVNY"', 'Vary': 'Accept-Encoding', 'Content-Encoding': 'gzip', 'CF-Cache-Status': 'DYNAMIC', 'Report-To': '{"endpoints":[{"url":"https:\\/\\/a.nel.cloudflare.com\\/report\\/v4?s=rG1PYqvNQqPEysnZJrLJu321Hz7IZLFDdTrjraGovKg66chH2H1dae%2Fbbssp41UyKeb7h9iFk1wSCe3KgytVJXfDA56EVd6e2uIbeZVXAZlNSX9y%2FltZPvmE3kopsc76"}],"group":"cf-nel","max_age":604800}', 'NEL': '{"success_fraction":0,"report_to":"cf-nel","max_age":604800}', 'Server': 'cloudflare', 'CF-RAY': '876d2ac32e1c1fe2-IAD', 'alt-svc': 'h3=":443"; ma=86400'} 
 body={"results":[{"gender":"female","name":{"title":"Miss","first":"آیلین","last":"کریمی"},"location":{"street":{"number":8664,"name":"نبرد جنوبی"},"city":"تهران","state":"قزوین","country":"Iran","postcode":63088,"coordinates":{"latitude":"14.7023","longitude":"111.5855"},"timezone":{"offset":"+1:00","description":"Brussels, Copenhagen, Madrid, Paris"}},"email":"aylyn.khrymy@example.com","login":{"uuid":"2d37dd58-9b89-4921-91eb-05d4866e76a7","username":"sadbear392","password":"tacobell","salt":"UFKJiftg","md5":"5eee9ed7f8b4e5fd23a51e5498eba488","sha1":"71caaad9cf25a2d96bbb69b1e74ce80c36561d03","sha256":"5a712dea80883287e959b13948585bc239d264081605c9fe0f3bc6bb18bc7925"},"dob":{"date":"1992-04-28T16:17:39.454Z","age":31},"registered":{"date":"2008-02-23T14:44:14.433Z","age":16},"phone":"044-94364984","cell":"0951-905-8216","id":{"name":"","value":null},"picture":{"large":"https://randomuser.me/api/portraits/women/50.jpg","medium":"https://randomuser.me/api/portraits/med/women/50.jpg","thumbnail":"https://randomuser.me/api/portraits/thumb/women/50.jpg"},"nat":"IR"}],"info":{"seed":"468a9bea660b455d","results":1,"page":1,"version":"1.4"}} 
 </msg>
<msg time="2024-04-19T13:16:05.039457" level="INFO">/opt/hostedtoolcache/Python/3.12.3/x64/lib/python3.12/site-packages/urllib3/connectionpool.py:1103: InsecureRequestWarning: Unverified HTTPS request is being made to host 'randomuser.me'. Adding certificate verification is strongly advised. See: https://urllib3.readthedocs.io/en/latest/advanced-usage.html#tls-warnings
  warnings.warn(</msg>
<msg time="2024-04-19T13:16:05.039542" level="INFO">${response} = &lt;Response [200]&gt;</msg>
<var>${response}</var>
<arg>consultarAPI</arg>
<arg>/api</arg>
<doc>Sends a GET request on a previously created HTTP Session.</doc>
<status status="PASS" start="2024-04-19T13:16:04.976231" elapsed="0.063343"/>
</kw>
<kw name="Set Variable" owner="BuiltIn">
<msg time="2024-04-19T13:16:05.040460" level="INFO">${json_data} = {'results': [{'gender': 'female', 'name': {'title': 'Miss', 'first': 'آیلین', 'last': 'کریمی'}, 'location': {'street': {'number': 8664, 'name': 'نبرد جنوبی'}, 'city': 'تهران', 'state': 'قزوین', 'count...</msg>
<var>${json_data}</var>
<arg>${response.json()}</arg>
<doc>Returns the given values which can then be assigned to a variables.</doc>
<status status="PASS" start="2024-04-19T13:16:05.039962" elapsed="0.000536"/>
</kw>
<kw name="Log" owner="BuiltIn">
<msg time="2024-04-19T13:16:05.040966" level="INFO">{'results': [{'gender': 'female', 'name': {'title': 'Miss', 'first': 'آیلین', 'last': 'کریمی'}, 'location': {'street': {'number': 8664, 'name': 'نبرد جنوبی'}, 'city': 'تهران', 'state': 'قزوین', 'country': 'Iran', 'postcode': 63088, 'coordinates': {'latitude': '14.7023', 'longitude': '111.5855'}, 'timezone': {'offset': '+1:00', 'description': 'Brussels, Copenhagen, Madrid, Paris'}}, 'email': 'aylyn.khrymy@example.com', 'login': {'uuid': '2d37dd58-9b89-4921-91eb-05d4866e76a7', 'username': 'sadbear392', 'password': 'tacobell', 'salt': 'UFKJiftg', 'md5': '5eee9ed7f8b4e5fd23a51e5498eba488', 'sha1': '71caaad9cf25a2d96bbb69b1e74ce80c36561d03', 'sha256': '5a712dea80883287e959b13948585bc239d264081605c9fe0f3bc6bb18bc7925'}, 'dob': {'date': '1992-04-28T16:17:39.454Z', 'age': 31}, 'registered': {'date': '2008-02-23T14:44:14.433Z', 'age': 16}, 'phone': '044-94364984', 'cell': '0951-905-8216', 'id': {'name': '', 'value': None}, 'picture': {'large': 'https://randomuser.me/api/portraits/women/50.jpg', 'medium': 'https://randomuser.me/api/portraits/med/women/50.jpg', 'thumbnail': 'https://randomuser.me/api/portraits/thumb/women/50.jpg'}, 'nat': 'IR'}], 'info': {'seed': '468a9bea660b455d', 'results': 1, 'page': 1, 'version': '1.4'}}</msg>
<arg>${json_data}</arg>
<doc>Logs the given message with the given level.</doc>
<status status="PASS" start="2024-04-19T13:16:05.040809" elapsed="0.000238"/>
</kw>
<kw name="Should Be String" owner="String">
<arg>${json_data['results'][0]['gender']}</arg>
<doc>Fails if the given ``item`` is not a string.</doc>
<status status="PASS" start="2024-04-19T13:16:05.041350" elapsed="0.000363"/>
</kw>
<kw name="Should Match Regexp" owner="BuiltIn">
<arg>${json_data['results'][0]['email']}</arg>
<arg>^[a-zA-Z0-9._%+-]+@[a-zA-Z0-9.-]+\.[a-zA-Z]{2,}$</arg>
<doc>Fails if ``string`` does not match ``pattern`` as a regular expression.</doc>
<status status="PASS" start="2024-04-19T13:16:05.041907" elapsed="0.000516"/>
</kw>
<kw name="Should Match Regexp" owner="BuiltIn">
<arg>${json_data['results'][0]['dob']['date']}</arg>
<arg>\\d{4}-\\d{2}-\\d{2}T\\d{2}:\\d{2}:\\d{2}\\.\\d{3}Z</arg>
<doc>Fails if ``string`` does not match ``pattern`` as a regular expression.</doc>
<status status="PASS" start="2024-04-19T13:16:05.042619" elapsed="0.000482"/>
</kw>
<kw name="Should Match Regexp" owner="BuiltIn">
<arg>${json_data['results'][0]['registered']['date']}</arg>
<arg>\\d{4}-\\d{2}-\\d{2}T\\d{2}:\\d{2}:\\d{2}\\.\\d{3}Z</arg>
<doc>Fails if ``string`` does not match ``pattern`` as a regular expression.</doc>
<status status="PASS" start="2024-04-19T13:16:05.043291" elapsed="0.000374"/>
</kw>
<kw name="Should Match Regexp" owner="BuiltIn">
<arg>${json_data['results'][0]['picture']['large']}</arg>
<arg>^https?://.*\.(?:png|jpe?g|gif|bmp)$</arg>
<doc>Fails if ``string`` does not match ``pattern`` as a regular expression.</doc>
<status status="PASS" start="2024-04-19T13:16:05.043851" elapsed="0.000502"/>
</kw>
<kw name="Should Match Regexp" owner="BuiltIn">
<arg>${json_data['results'][0]['picture']['medium']}</arg>
<arg>^https?://.*\.(?:png|jpe?g|gif|bmp)$</arg>
<doc>Fails if ``string`` does not match ``pattern`` as a regular expression.</doc>
<status status="PASS" start="2024-04-19T13:16:05.044542" elapsed="0.000359"/>
</kw>
<kw name="Should Match Regexp" owner="BuiltIn">
<arg>${json_data['results'][0]['picture']['thumbnail']}</arg>
<arg>^https?://.*\.(?:png|jpe?g|gif|bmp)$</arg>
<doc>Fails if ``string`` does not match ``pattern`` as a regular expression.</doc>
<status status="PASS" start="2024-04-19T13:16:05.045090" elapsed="0.000351"/>
</kw>
<kw name="Log" owner="BuiltIn">
<msg time="2024-04-19T13:16:05.045945" level="INFO">{'large': 'https://randomuser.me/api/portraits/women/50.jpg', 'medium': 'https://randomuser.me/api/portraits/med/women/50.jpg', 'thumbnail': 'https://randomuser.me/api/portraits/thumb/women/50.jpg'}</msg>
<arg>${json_data['results'][0]['picture']}</arg>
<doc>Logs the given message with the given level.</doc>
<status status="PASS" start="2024-04-19T13:16:05.045622" elapsed="0.000364"/>
</kw>
<status status="PASS" start="2024-04-19T13:16:04.975975" elapsed="0.070264"/>
</kw>
<kw name="Teste de Tipos de Dados - Postcode" owner="random-user-service">
<kw name="GET On Session" owner="RequestsLibrary">
<msg time="2024-04-19T13:16:05.134292" level="INFO">GET Request : url=https://randomuser.me/api 
 path_url=/api 
 headers={'User-Agent': 'python-requests/2.31.0', 'Accept-Encoding': 'gzip, deflate', 'Accept': '*/*', 'Connection': 'keep-alive'} 
 body=None 
 </msg>
<msg time="2024-04-19T13:16:05.134376" level="INFO">GET Response : url=https://randomuser.me/api 
 status=200, reason=OK 
 headers={'Date': 'Fri, 19 Apr 2024 13:16:05 GMT', 'Content-Type': 'application/json; charset=utf-8', 'Transfer-Encoding': 'chunked', 'Connection': 'keep-alive', 'X-Powered-By': 'Express', 'Access-Control-Allow-Origin': '*', 'Cache-Control': 'no-cache', 'ETag': 'W/"46f-zyyq63H6VydlQwlz/7SXY2RsKxs"', 'Vary': 'Accept-Encoding', 'Content-Encoding': 'gzip', 'CF-Cache-Status': 'DYNAMIC', 'Report-To': '{"endpoints":[{"url":"https:\\/\\/a.nel.cloudflare.com\\/report\\/v4?s=IrY24gUuyIP6rp%2FTsC0R4mqtbgl%2BaDr%2FLjJowBWuot1PgvXEx%2FtlYt%2BEH%2FS4XqAiPPnJWCUKYvAY6TZwfN9t27%2F3AOddbkc9lOYoPENU8BaJYQW8%2FPG22sPLLuM8i%2BHK"}],"group":"cf-nel","max_age":604800}', 'NEL': '{"success_fraction":0,"report_to":"cf-nel","max_age":604800}', 'Server': 'cloudflare', 'CF-RAY': '876d2ac39e9f1fe2-IAD', 'alt-svc': 'h3=":443"; ma=86400'} 
 body={"results":[{"gender":"female","name":{"title":"Mrs","first":"Pippa","last":"Hall"},"location":{"street":{"number":995,"name":"Wairakei Road"},"city":"Hastings","state":"Nelson","country":"New Zealand","postcode":84842,"coordinates":{"latitude":"55.2906","longitude":"158.2430"},"timezone":{"offset":"+4:30","description":"Kabul"}},"email":"pippa.hall@example.com","login":{"uuid":"c37a1f57-dfc2-4562-9c05-3de5825326d1","username":"goldenelephant886","password":"8675309","salt":"8WhuAj2W","md5":"3c7659a2e04b3bc2b37418cc6458fe1a","sha1":"3b7bd2126ed3d8ded82e6fc2d6e84f46b362dc89","sha256":"674c7ac9b0594b5cec0edc70b447b904aadbf43288a6708df6fd26a842acd821"},"dob":{"date":"1994-12-03T05:13:50.592Z","age":29},"registered":{"date":"2008-11-10T00:40:47.153Z","age":15},"phone":"(132)-148-0369","cell":"(977)-621-8531","id":{"name":"","value":null},"picture":{"large":"https://randomuser.me/api/portraits/women/52.jpg","medium":"https://randomuser.me/api/portraits/med/women/52.jpg","thumbnail":"https://randomuser.me/api/portraits/thumb/women/52.jpg"},"nat":"NZ"}],"info":{"seed":"1e6f9bd5b55ce7fb","results":1,"page":1,"version":"1.4"}} 
 </msg>
<msg time="2024-04-19T13:16:05.134450" level="INFO">/opt/hostedtoolcache/Python/3.12.3/x64/lib/python3.12/site-packages/urllib3/connectionpool.py:1103: InsecureRequestWarning: Unverified HTTPS request is being made to host 'randomuser.me'. Adding certificate verification is strongly advised. See: https://urllib3.readthedocs.io/en/latest/advanced-usage.html#tls-warnings
  warnings.warn(</msg>
<msg time="2024-04-19T13:16:05.134560" level="INFO">${response} = &lt;Response [200]&gt;</msg>
<var>${response}</var>
<arg>consultarAPI</arg>
<arg>/api</arg>
<doc>Sends a GET request on a previously created HTTP Session.</doc>
<status status="PASS" start="2024-04-19T13:16:05.046685" elapsed="0.087913"/>
</kw>
<kw name="Set Variable" owner="BuiltIn">
<msg time="2024-04-19T13:16:05.135433" level="INFO">${json_data} = {'results': [{'gender': 'female', 'name': {'title': 'Mrs', 'first': 'Pippa', 'last': 'Hall'}, 'location': {'street': {'number': 995, 'name': 'Wairakei Road'}, 'city': 'Hastings', 'state': 'Nelson', 'c...</msg>
<var>${json_data}</var>
<arg>${response.json()}</arg>
<doc>Returns the given values which can then be assigned to a variables.</doc>
<status status="PASS" start="2024-04-19T13:16:05.134981" elapsed="0.000479"/>
</kw>
<kw name="Log" owner="BuiltIn">
<msg time="2024-04-19T13:16:05.135919" level="INFO">{'results': [{'gender': 'female', 'name': {'title': 'Mrs', 'first': 'Pippa', 'last': 'Hall'}, 'location': {'street': {'number': 995, 'name': 'Wairakei Road'}, 'city': 'Hastings', 'state': 'Nelson', 'country': 'New Zealand', 'postcode': 84842, 'coordinates': {'latitude': '55.2906', 'longitude': '158.2430'}, 'timezone': {'offset': '+4:30', 'description': 'Kabul'}}, 'email': 'pippa.hall@example.com', 'login': {'uuid': 'c37a1f57-dfc2-4562-9c05-3de5825326d1', 'username': 'goldenelephant886', 'password': '8675309', 'salt': '8WhuAj2W', 'md5': '3c7659a2e04b3bc2b37418cc6458fe1a', 'sha1': '3b7bd2126ed3d8ded82e6fc2d6e84f46b362dc89', 'sha256': '674c7ac9b0594b5cec0edc70b447b904aadbf43288a6708df6fd26a842acd821'}, 'dob': {'date': '1994-12-03T05:13:50.592Z', 'age': 29}, 'registered': {'date': '2008-11-10T00:40:47.153Z', 'age': 15}, 'phone': '(132)-148-0369', 'cell': '(977)-621-8531', 'id': {'name': '', 'value': None}, 'picture': {'large': 'https://randomuser.me/api/portraits/women/52.jpg', 'medium': 'https://randomuser.me/api/portraits/med/women/52.jpg', 'thumbnail': 'https://randomuser.me/api/portraits/thumb/women/52.jpg'}, 'nat': 'NZ'}], 'info': {'seed': '1e6f9bd5b55ce7fb', 'results': 1, 'page': 1, 'version': '1.4'}}</msg>
<arg>${json_data}</arg>
<doc>Logs the given message with the given level.</doc>
<status status="PASS" start="2024-04-19T13:16:05.135765" elapsed="0.000230"/>
</kw>
<kw name="Should Be Equal As Numbers" owner="BuiltIn">
<arg>${json_data['results'][0]['location']['postcode']}</arg>
<arg>${json_data['results'][0]['location']['postcode']}</arg>
<doc>Fails if objects are unequal after converting them to real numbers.</doc>
<status status="PASS" start="2024-04-19T13:16:05.136329" elapsed="0.000750"/>
</kw>
<kw name="Log" owner="BuiltIn">
<msg time="2024-04-19T13:16:05.137620" level="INFO">84842</msg>
<arg>${json_data['results'][0]['location']['postcode']}</arg>
<doc>Logs the given message with the given level.</doc>
<status status="PASS" start="2024-04-19T13:16:05.137283" elapsed="0.000376"/>
</kw>
<status status="PASS" start="2024-04-19T13:16:05.046456" elapsed="0.091450"/>
</kw>
<doc>Testa se os tipos de dados na resposta da API estão corretos.</doc>
<tag>testeTiposDados</tag>
<status status="PASS" start="2024-04-19T13:16:04.975525" elapsed="0.162538"/>
</test>
<test id="s1-s1-t5" name="Validar conteudo" line="35">
<kw name="Teste de Tipos de Conteudo" owner="random-user-service">
<kw name="GET On Session" owner="RequestsLibrary">
<msg time="2024-04-19T13:16:05.236866" level="INFO">GET Request : url=https://randomuser.me/api 
 path_url=/api 
 headers={'User-Agent': 'python-requests/2.31.0', 'Accept-Encoding': 'gzip, deflate', 'Accept': '*/*', 'Connection': 'keep-alive'} 
 body=None 
 </msg>
<msg time="2024-04-19T13:16:05.236935" level="INFO">GET Response : url=https://randomuser.me/api 
 status=200, reason=OK 
 headers={'Date': 'Fri, 19 Apr 2024 13:16:05 GMT', 'Content-Type': 'application/json; charset=utf-8', 'Transfer-Encoding': 'chunked', 'Connection': 'keep-alive', 'X-Powered-By': 'Express', 'Access-Control-Allow-Origin': '*', 'Cache-Control': 'no-cache', 'ETag': 'W/"4a1-udUldQBEmySBljfKMwpxP2RdK4g"', 'Vary': 'Accept-Encoding', 'Content-Encoding': 'gzip', 'CF-Cache-Status': 'DYNAMIC', 'Report-To': '{"endpoints":[{"url":"https:\\/\\/a.nel.cloudflare.com\\/report\\/v4?s=ivvYCI2WLsNs9RzupJNUGnM6d0cMPD0J1Z5vE7qPmo0FhN6vuzs6qKTEcfPIroiKyqoWYO3mlUR08b843sF87lEakIjKVdJ4KQ7yN%2BJnyj7rIr33JyDXsNI3pyY2VTWH"}],"group":"cf-nel","max_age":604800}', 'NEL': '{"success_fraction":0,"report_to":"cf-nel","max_age":604800}', 'Server': 'cloudflare', 'CF-RAY': '876d2ac42f501fe2-IAD', 'alt-svc': 'h3=":443"; ma=86400'} 
 body={"results":[{"gender":"female","name":{"title":"Mrs","first":"Jady","last":"Van der Wilk"},"location":{"street":{"number":4257,"name":"Huetemate"},"city":"Mamelis","state":"Noord-Brabant","country":"Netherlands","postcode":"1339 BZ","coordinates":{"latitude":"35.2493","longitude":"175.6473"},"timezone":{"offset":"-3:00","description":"Brazil, Buenos Aires, Georgetown"}},"email":"jady.vanderwilk@example.com","login":{"uuid":"6c956c88-bd88-4244-8a6f-69e78ed9aac6","username":"yellowgorilla612","password":"gabby","salt":"ZFIjsrpP","md5":"0425b79621967a88a8c76e2fa8316ede","sha1":"58b1b5548999f8cf76e658734527396d9ada7f0c","sha256":"83046331771d45385f4f2dc5552a670fe39caa5a48b236d81abfa8b3d520ca38"},"dob":{"date":"1995-09-18T07:05:20.876Z","age":28},"registered":{"date":"2012-02-02T01:35:44.673Z","age":12},"phone":"(088) 5667472","cell":"(06) 27877182","id":{"name":"BSN","value":"68605979"},"picture":{"large":"https://randomuser.me/api/portraits/women/52.jpg","medium":"https://randomuser.me/api/portraits/med/women/52.jpg","thumbnail":"https://randomuser.me/api/portraits/thumb/women/52.jpg"},"nat":"NL"}],"info":{"seed":"82f0ae97b30e5d59","results":1,"page":1,"version":"1.4"}} 
 </msg>
<msg time="2024-04-19T13:16:05.236997" level="INFO">/opt/hostedtoolcache/Python/3.12.3/x64/lib/python3.12/site-packages/urllib3/connectionpool.py:1103: InsecureRequestWarning: Unverified HTTPS request is being made to host 'randomuser.me'. Adding certificate verification is strongly advised. See: https://urllib3.readthedocs.io/en/latest/advanced-usage.html#tls-warnings
  warnings.warn(</msg>
<msg time="2024-04-19T13:16:05.237085" level="INFO">${response} = &lt;Response [200]&gt;</msg>
<var>${response}</var>
<arg>consultarAPI</arg>
<arg>/api</arg>
<doc>Sends a GET request on a previously created HTTP Session.</doc>
<status status="PASS" start="2024-04-19T13:16:05.140466" elapsed="0.096643"/>
</kw>
<kw name="Set Variable" owner="BuiltIn">
<msg time="2024-04-19T13:16:05.237986" level="INFO">${json_data} = {'results': [{'gender': 'female', 'name': {'title': 'Mrs', 'first': 'Jady', 'last': 'Van der Wilk'}, 'location': {'street': {'number': 4257, 'name': 'Huetemate'}, 'city': 'Mamelis', 'state': 'Noord-Br...</msg>
<var>${json_data}</var>
<arg>${response.json()}</arg>
<doc>Returns the given values which can then be assigned to a variables.</doc>
<status status="PASS" start="2024-04-19T13:16:05.237519" elapsed="0.000505"/>
</kw>
<kw name="Set Variable" owner="BuiltIn">
<msg time="2024-04-19T13:16:05.238708" level="INFO">${name_title} = Mrs</msg>
<var>${name_title}</var>
<arg>${json_data["results"][0]["name"]["title"]}</arg>
<doc>Returns the given values which can then be assigned to a variables.</doc>
<status status="PASS" start="2024-04-19T13:16:05.238326" elapsed="0.000406"/>
</kw>
<kw name="Create List" owner="BuiltIn">
<msg time="2024-04-19T13:16:05.239191" level="INFO">${allowed_titles} = ['Mr', 'Ms', 'Miss', 'Mrs', 'Madame', 'Monsieur']</msg>
<var>${allowed_titles}</var>
<arg>Mr</arg>
<arg>Ms</arg>
<arg>Miss</arg>
<arg>Mrs</arg>
<arg>Madame</arg>
<arg>Monsieur</arg>
<doc>Returns a list containing given items.</doc>
<status status="PASS" start="2024-04-19T13:16:05.239033" elapsed="0.000181"/>
</kw>
<kw name="List Should Contain Value" owner="Collections">
<msg time="2024-04-19T13:16:05.239676" level="INFO">False</msg>
<arg>${allowed_titles}</arg>
<arg>${name_title}</arg>
<doc>Fails if the ``value`` is not found from ``list``.</doc>
<status status="PASS" start="2024-04-19T13:16:05.239508" elapsed="0.000202"/>
</kw>
<kw name="Set Variable" owner="BuiltIn">
<msg time="2024-04-19T13:16:05.240406" level="INFO">${name_country} = NL</msg>
<var>${name_country}</var>
<arg>${json_data["results"][0]["nat"]}</arg>
<doc>Returns the given values which can then be assigned to a variables.</doc>
<status status="PASS" start="2024-04-19T13:16:05.239995" elapsed="0.000436"/>
</kw>
<kw name="Create List" owner="BuiltIn">
<msg time="2024-04-19T13:16:05.241316" level="INFO">${list_country} = ['AD', 'AE', 'AF', 'AG', 'AI', 'AL', 'AM', 'AO', 'AQ', 'AR', 'AS', 'AT', 'AU', 'AW', 'AX', 'AZ', 'BA', 'BB', 'BD', 'BE', 'BF', 'BG', 'BH', 'BI', 'BJ', 'BL', 'BM', 'BN', 'BO', 'BQ', 'BR', 'BS', 'BT', '...</msg>
<var>${list_country}</var>
<arg>AD</arg>
<arg>AE</arg>
<arg>AF</arg>
<arg>AG</arg>
<arg>AI</arg>
<arg>AL</arg>
<arg>AM</arg>
<arg>AO</arg>
<arg>AQ</arg>
<arg>AR</arg>
<arg>AS</arg>
<arg>AT</arg>
<arg>AU</arg>
<arg>AW</arg>
<arg>AX</arg>
<arg>AZ</arg>
<arg>BA</arg>
<arg>BB</arg>
<arg>BD</arg>
<arg>BE</arg>
<arg>BF</arg>
<arg>BG</arg>
<arg>BH</arg>
<arg>BI</arg>
<arg>BJ</arg>
<arg>BL</arg>
<arg>BM</arg>
<arg>BN</arg>
<arg>BO</arg>
<arg>BQ</arg>
<arg>BR</arg>
<arg>BS</arg>
<arg>BT</arg>
<arg>BV</arg>
<arg>BW</arg>
<arg>BY</arg>
<arg>BZ</arg>
<arg>CA</arg>
<arg>CC</arg>
<arg>CD</arg>
<arg>CF</arg>
<arg>CG</arg>
<arg>CH</arg>
<arg>CI</arg>
<arg>CK</arg>
<arg>CL</arg>
<arg>CM</arg>
<arg>CN</arg>
<arg>CO</arg>
<arg>CR</arg>
<arg>CU</arg>
<arg>CV</arg>
<arg>CW</arg>
<arg>CX</arg>
<arg>CY</arg>
<arg>CZ</arg>
<arg>DE</arg>
<arg>DJ</arg>
<arg>DK</arg>
<arg>DM</arg>
<arg>DO</arg>
<arg>DZ</arg>
<arg>EC</arg>
<arg>EE</arg>
<arg>EG</arg>
<arg>EH</arg>
<arg>ER</arg>
<arg>ES</arg>
<arg>ET</arg>
<arg>FI</arg>
<arg>FJ</arg>
<arg>FK</arg>
<arg>FM</arg>
<arg>FO</arg>
<arg>FR</arg>
<arg>GA</arg>
<arg>GB</arg>
<arg>GD</arg>
<arg>GE</arg>
<arg>GF</arg>
<arg>GG</arg>
<arg>GH</arg>
<arg>GI</arg>
<arg>GL</arg>
<arg>GM</arg>
<arg>GN</arg>
<arg>GP</arg>
<arg>GQ</arg>
<arg>GR</arg>
<arg>GS</arg>
<arg>GT</arg>
<arg>GU</arg>
<arg>GW</arg>
<arg>GY</arg>
<arg>HK</arg>
<arg>HM</arg>
<arg>HN</arg>
<arg>HR</arg>
<arg>HT</arg>
<arg>HU</arg>
<arg>ID</arg>
<arg>IE</arg>
<arg>IL</arg>
<arg>IM</arg>
<arg>IN</arg>
<arg>IO</arg>
<arg>IQ</arg>
<arg>IR</arg>
<arg>IS</arg>
<arg>IT</arg>
<arg>JE</arg>
<arg>JM</arg>
<arg>JO</arg>
<arg>JP</arg>
<arg>KE</arg>
<arg>KG</arg>
<arg>KH</arg>
<arg>KI</arg>
<arg>KM</arg>
<arg>KN</arg>
<arg>KP</arg>
<arg>KR</arg>
<arg>KW</arg>
<arg>KY</arg>
<arg>KZ</arg>
<arg>LA</arg>
<arg>LB</arg>
<arg>LC</arg>
<arg>LI</arg>
<arg>LK</arg>
<arg>LR</arg>
<arg>LS</arg>
<arg>LT</arg>
<arg>LU</arg>
<arg>LV</arg>
<arg>LY</arg>
<arg>MA</arg>
<arg>MC</arg>
<arg>MD</arg>
<arg>ME</arg>
<arg>MF</arg>
<arg>MG</arg>
<arg>MH</arg>
<arg>MK</arg>
<arg>ML</arg>
<arg>MM</arg>
<arg>MN</arg>
<arg>MO</arg>
<arg>MP</arg>
<arg>MQ</arg>
<arg>MR</arg>
<arg>MS</arg>
<arg>MT</arg>
<arg>MU</arg>
<arg>MV</arg>
<arg>MW</arg>
<arg>MX</arg>
<arg>MY</arg>
<arg>MZ</arg>
<arg>NA</arg>
<arg>NC</arg>
<arg>NE</arg>
<arg>NF</arg>
<arg>NG</arg>
<arg>NI</arg>
<arg>NL</arg>
<arg>NO</arg>
<arg>NP</arg>
<arg>NR</arg>
<arg>NU</arg>
<arg>NZ</arg>
<arg>OM</arg>
<arg>PA</arg>
<arg>PE</arg>
<arg>PF</arg>
<arg>PG</arg>
<arg>PH</arg>
<arg>PK</arg>
<arg>PL</arg>
<arg>PM</arg>
<arg>PN</arg>
<arg>PR</arg>
<arg>PS</arg>
<arg>PT</arg>
<arg>PW</arg>
<arg>PY</arg>
<arg>QA</arg>
<arg>RE</arg>
<arg>RO</arg>
<arg>RS</arg>
<arg>RU</arg>
<arg>RW</arg>
<arg>SA</arg>
<arg>SB</arg>
<arg>SC</arg>
<arg>SD</arg>
<arg>SE</arg>
<arg>SG</arg>
<arg>SH</arg>
<arg>SI</arg>
<arg>SJ</arg>
<arg>SK</arg>
<arg>SL</arg>
<arg>SM</arg>
<arg>SN</arg>
<arg>SO</arg>
<arg>SR</arg>
<arg>SS</arg>
<arg>ST</arg>
<arg>SV</arg>
<arg>SX</arg>
<arg>SY</arg>
<arg>SZ</arg>
<arg>TC</arg>
<arg>TD</arg>
<arg>TF</arg>
<arg>TG</arg>
<arg>TH</arg>
<arg>TJ</arg>
<arg>TK</arg>
<arg>TL</arg>
<arg>TM</arg>
<arg>TN</arg>
<arg>TO</arg>
<arg>TR</arg>
<arg>TT</arg>
<arg>TV</arg>
<arg>TW</arg>
<arg>TZ</arg>
<arg>UA</arg>
<arg>UG</arg>
<arg>UM</arg>
<arg>US</arg>
<arg>UY</arg>
<arg>UZ</arg>
<arg>VA</arg>
<arg>VC</arg>
<arg>VE</arg>
<arg>VG</arg>
<arg>VI</arg>
<arg>VN</arg>
<arg>VU</arg>
<arg>WF</arg>
<arg>WS</arg>
<arg>XK</arg>
<arg>YE</arg>
<arg>YT</arg>
<arg>ZA</arg>
<arg>ZM</arg>
<arg>ZW</arg>
<doc>Returns a list containing given items.</doc>
<status status="PASS" start="2024-04-19T13:16:05.240728" elapsed="0.000613"/>
</kw>
<kw name="List Should Contain Value" owner="Collections">
<msg time="2024-04-19T13:16:05.242324" level="INFO">False</msg>
<arg>${list_country}</arg>
<arg>${name_country}</arg>
<doc>Fails if the ``value`` is not found from ``list``.</doc>
<status status="PASS" start="2024-04-19T13:16:05.242127" elapsed="0.000232"/>
</kw>
<kw name="Run Keyword If" owner="BuiltIn">
<kw name="Should Be True" owner="BuiltIn">
<arg>${True}</arg>
<doc>Fails if the given condition is not true.</doc>
<status status="PASS" start="2024-04-19T13:16:05.243406" elapsed="0.000141"/>
</kw>
<arg>${json_data["results"][0]["location"]["coordinates"]["latitude"]} &gt;= -90 and ${json_data["results"][0]["location"]["coordinates"]["latitude"]} &lt;= 90</arg>
<arg>Should Be True</arg>
<arg>${True}</arg>
<doc>Runs the given keyword with the given arguments, if ``condition`` is true.</doc>
<status status="PASS" start="2024-04-19T13:16:05.242667" elapsed="0.001004"/>
</kw>
<kw name="Run Keyword If" owner="BuiltIn">
<kw name="Should Be True" owner="BuiltIn">
<arg>${True}</arg>
<doc>Fails if the given condition is not true.</doc>
<status status="PASS" start="2024-04-19T13:16:05.244606" elapsed="0.000247"/>
</kw>
<arg>${json_data["results"][0]["location"]["coordinates"]["longitude"]} &gt;= -180 and ${json_data["results"][0]["location"]["coordinates"]["longitude"]} &lt;= 180</arg>
<arg>Should Be True</arg>
<arg>${True}</arg>
<doc>Runs the given keyword with the given arguments, if ``condition`` is true.</doc>
<status status="PASS" start="2024-04-19T13:16:05.243861" elapsed="0.001118"/>
</kw>
<status status="PASS" start="2024-04-19T13:16:05.140243" elapsed="0.104863"/>
</kw>
<doc>Testa o conteúdo específico dos campos retornados pela API.</doc>
<tag>testeConteudo</tag>
<status status="PASS" start="2024-04-19T13:16:05.139779" elapsed="0.105477"/>
</test>
<status status="PASS" start="2024-04-19T13:16:04.253459" elapsed="0.993763"/>
</suite>
<status status="PASS" start="2024-04-19T13:16:04.239837" elapsed="1.012509"/>
</suite>
<statistics>
<total>
<stat pass="5" fail="0" skip="0">All Tests</stat>
</total>
<tag>
<stat pass="1" fail="0" skip="0">testeConteudo</stat>
<stat pass="1" fail="0" skip="0">testeEstruturaResposta</stat>
<stat pass="1" fail="0" skip="0">testeRequisicaoBasica</stat>
<stat pass="1" fail="0" skip="0">testeTiposDados</stat>
</tag>
<suite>
<stat pass="5" fail="0" skip="0" id="s1" name="Tests">Tests</stat>
<stat pass="5" fail="0" skip="0" id="s1-s1" name="Random-User-Test">Tests.Random-User-Test</stat>
</suite>
</statistics>
<errors>
</errors>
</robot>
