<?xml version="1.0" encoding="UTF-8"?>
<robot generator="Robot 7.0.1 (Python 3.12.3 on linux)" generated="2024-06-15T02:30:15.890735" rpa="false" schemaversion="5">
<suite id="s1" name="Tests" source="/home/runner/work/ApiRandomUser/ApiRandomUser/RamdonUser/tests">
<suite id="s1-s1" name="Random-User-Test" source="/home/runner/work/ApiRandomUser/ApiRandomUser/RamdonUser/tests/random-user-test.robot">
<test id="s1-s1-t1" name="Conectar" line="13">
<kw name="Conectar API" owner="random-user-service">
<kw name="Create Session" owner="RequestsLibrary">
<msg time="2024-06-15T02:30:16.287331" level="INFO">Creating Session using : alias=consultarAPI, url=https://randomuser.me/, headers={},                     cookies={}, auth=None, timeout=None, proxies=None, verify=False,                     debug=0 </msg>
<arg>consultarAPI</arg>
<arg>${URL}</arg>
<doc>Create Session: create a HTTP session to a server</doc>
<status status="PASS" start="2024-06-15T02:30:16.287114" elapsed="0.000428"/>
</kw>
<status status="PASS" start="2024-06-15T02:30:16.285987" elapsed="0.001933"/>
</kw>
<status status="PASS" start="2024-06-15T02:30:16.285404" elapsed="0.002713"/>
</test>
<test id="s1-s1-t2" name="Validar retorno 200 e JSON Válido" line="16">
<kw name="Teste de Requisicao Basica" owner="random-user-service">
<kw name="GET On Session" owner="RequestsLibrary">
<msg time="2024-06-15T02:30:16.545083" level="INFO">GET Request : url=https://randomuser.me/api 
 path_url=/api 
 headers={'User-Agent': 'python-requests/2.32.3', 'Accept-Encoding': 'gzip, deflate', 'Accept': '*/*', 'Connection': 'keep-alive'} 
 body=None 
 </msg>
<msg time="2024-06-15T02:30:16.545262" level="INFO">GET Response : url=https://randomuser.me/api 
 status=200, reason=OK 
 headers={'Date': 'Sat, 15 Jun 2024 02:30:16 GMT', 'Content-Type': 'application/json; charset=utf-8', 'Transfer-Encoding': 'chunked', 'Connection': 'keep-alive', 'X-Powered-By': 'Express', 'Access-Control-Allow-Origin': '*', 'Cache-Control': 'no-cache', 'ETag': 'W/"49e-GwWMBoCbdS5t0En43O0XfdeYZU4"', 'Vary': 'Accept-Encoding', 'Content-Encoding': 'gzip', 'CF-Cache-Status': 'DYNAMIC', 'Report-To': '{"endpoints":[{"url":"https:\\/\\/a.nel.cloudflare.com\\/report\\/v4?s=YuV%2B51VDwD94HzX4%2Bs5CsFoNGCkSlcF4V%2F9gRpceINJyvc2Xsm1ay1rNOh52TNIQ%2FRaYoYOhcaQbFf9qFEevJPk%2FY8QmOAA%2FgD27JvAajDQcAJBcl4VtH%2F8Jc8eSvghK"}],"group":"cf-nel","max_age":604800}', 'NEL': '{"success_fraction":0,"report_to":"cf-nel","max_age":604800}', 'Server': 'cloudflare', 'CF-RAY': '893f2320dfa69e6e-SJC', 'alt-svc': 'h3=":443"; ma=86400'} 
 body={"results":[{"gender":"male","name":{"title":"Mr","first":"Klaus-Michael","last":"Thoma"},"location":{"street":{"number":7141,"name":"Goethestraße"},"city":"Neckarbischofsheim","state":"Bremen","country":"Germany","postcode":55712,"coordinates":{"latitude":"-52.7005","longitude":"-23.1048"},"timezone":{"offset":"+2:00","description":"Kaliningrad, South Africa"}},"email":"klaus-michael.thoma@example.com","login":{"uuid":"9e8b6948-6733-4b62-a1d0-bc9724edcf3b","username":"ticklishbear751","password":"baddog","salt":"zDonSykj","md5":"1ddb637fec86b3d19a63e141bf03ec9c","sha1":"9d03d99791d179b6afe413d984854d49c8920e89","sha256":"a94dc9aa20f1cee5270e5e048d76f14fee5effca8d755a70deb78524f0987e1f"},"dob":{"date":"1987-07-21T01:10:50.987Z","age":36},"registered":{"date":"2013-08-03T01:40:03.427Z","age":10},"phone":"0129-8892792","cell":"0178-7443915","id":{"name":"SVNR","value":"03 200787 T 306"},"picture":{"large":"https://randomuser.me/api/portraits/men/49.jpg","medium":"https://randomuser.me/api/portraits/med/men/49.jpg","thumbnail":"https://randomuser.me/api/portraits/thumb/men/49.jpg"},"nat":"DE"}],"info":{"seed":"131a63b13b335df2","results":1,"page":1,"version":"1.4"}} 
 </msg>
<msg time="2024-06-15T02:30:16.545345" level="INFO">/opt/hostedtoolcache/Python/3.12.3/x64/lib/python3.12/site-packages/urllib3/connectionpool.py:1103: InsecureRequestWarning: Unverified HTTPS request is being made to host 'randomuser.me'. Adding certificate verification is strongly advised. See: https://urllib3.readthedocs.io/en/latest/advanced-usage.html#tls-warnings
  warnings.warn(</msg>
<msg time="2024-06-15T02:30:16.545487" level="INFO">${response} = &lt;Response [200]&gt;</msg>
<var>${response}</var>
<arg>consultarAPI</arg>
<arg>/api</arg>
<doc>Sends a GET request on a previously created HTTP Session.</doc>
<status status="PASS" start="2024-06-15T02:30:16.290714" elapsed="0.254815"/>
</kw>
<kw name="Should Be Equal As Numbers" owner="BuiltIn">
<msg time="2024-06-15T02:30:16.546530" level="INFO">Argument types are:
&lt;class 'int'&gt;
&lt;class 'str'&gt;</msg>
<arg>${response.status_code}</arg>
<arg>200</arg>
<doc>Fails if objects are unequal after converting them to real numbers.</doc>
<status status="PASS" start="2024-06-15T02:30:16.546077" elapsed="0.000517"/>
</kw>
<kw name="Log" owner="BuiltIn">
<msg time="2024-06-15T02:30:16.547303" level="INFO">200</msg>
<arg>${response.status_code}</arg>
<doc>Logs the given message with the given level.</doc>
<status status="PASS" start="2024-06-15T02:30:16.546947" elapsed="0.000403"/>
</kw>
<kw name="Set Variable" owner="BuiltIn">
<msg time="2024-06-15T02:30:16.548090" level="INFO">${json_data} = {'results': [{'gender': 'male', 'name': {'title': 'Mr', 'first': 'Klaus-Michael', 'last': 'Thoma'}, 'location': {'street': {'number': 7141, 'name': 'Goethestraße'}, 'city': 'Neckarbischofsheim', 'stat...</msg>
<var>${json_data}</var>
<arg>${response.json()}</arg>
<doc>Returns the given values which can then be assigned to a variables.</doc>
<status status="PASS" start="2024-06-15T02:30:16.547658" elapsed="0.000460"/>
</kw>
<kw name="Dictionary Should Contain Key" owner="Collections">
<arg>${json_data}</arg>
<arg>results</arg>
<doc>Fails if ``key`` is not found from ``dictionary``.</doc>
<status status="PASS" start="2024-06-15T02:30:16.548421" elapsed="0.000164"/>
</kw>
<status status="PASS" start="2024-06-15T02:30:16.290473" elapsed="0.258261"/>
</kw>
<doc>Testa se a API responde corretamente e retorna um objeto JSON válido.</doc>
<tag>testeRequisicaoBasica</tag>
<status status="PASS" start="2024-06-15T02:30:16.290004" elapsed="0.258905"/>
</test>
<test id="s1-s1-t3" name="Validar estrutura de resposta" line="22">
<kw name="Teste de Estrutura de Resposta" owner="random-user-service">
<kw name="GET On Session" owner="RequestsLibrary">
<msg time="2024-06-15T02:30:16.647517" level="INFO">GET Request : url=https://randomuser.me/api 
 path_url=/api 
 headers={'User-Agent': 'python-requests/2.32.3', 'Accept-Encoding': 'gzip, deflate', 'Accept': '*/*', 'Connection': 'keep-alive'} 
 body=None 
 </msg>
<msg time="2024-06-15T02:30:16.647621" level="INFO">GET Response : url=https://randomuser.me/api 
 status=200, reason=OK 
 headers={'Date': 'Sat, 15 Jun 2024 02:30:16 GMT', 'Content-Type': 'application/json; charset=utf-8', 'Transfer-Encoding': 'chunked', 'Connection': 'keep-alive', 'X-Powered-By': 'Express', 'Access-Control-Allow-Origin': '*', 'Cache-Control': 'no-cache', 'ETag': 'W/"472-qu3d5Wu7pniYO4HZk9tLPV6VoSs"', 'Vary': 'Accept-Encoding', 'Content-Encoding': 'gzip', 'CF-Cache-Status': 'DYNAMIC', 'Report-To': '{"endpoints":[{"url":"https:\\/\\/a.nel.cloudflare.com\\/report\\/v4?s=ODJzAchVqQJpQidmrLicPMIJFjofJnh7Ihe2aIQXdFxvf%2Fl%2FgS5etxwFEl3GjHZlOYUyNQh2Y5K2T2%2BFgoncC2jyZ1%2B4jChCoBbxL36wJjE78k6GyyxecJsekQ%2BjP1Ms"}],"group":"cf-nel","max_age":604800}', 'NEL': '{"success_fraction":0,"report_to":"cf-nel","max_age":604800}', 'Server': 'cloudflare', 'CF-RAY': '893f232178149e6e-SJC', 'alt-svc': 'h3=":443"; ma=86400'} 
 body={"results":[{"gender":"male","name":{"title":"Mr","first":"رضا","last":"كامياران"},"location":{"street":{"number":2112,"name":"شهید کشواد"},"city":"مشهد","state":"سمنان","country":"Iran","postcode":98509,"coordinates":{"latitude":"14.4981","longitude":"-10.6372"},"timezone":{"offset":"-2:00","description":"Mid-Atlantic"}},"email":"rd.kmyrn@example.com","login":{"uuid":"68638b6f-82f3-4c2f-8487-d1f1417afa93","username":"orangekoala839","password":"cubbies","salt":"Hi7oXj9c","md5":"4cde4a2a8dc7ee1a1052139c71c46900","sha1":"f530e9a6a8f50c7a9b03eb294eb19294df712996","sha256":"8e4e3802c65e5a8b3ab5377f3b70b1a2cb5c929d0743d2043ad1857aba52789c"},"dob":{"date":"1949-08-03T01:10:17.811Z","age":74},"registered":{"date":"2022-05-10T13:07:56.839Z","age":2},"phone":"021-46965244","cell":"0962-755-4558","id":{"name":"","value":null},"picture":{"large":"https://randomuser.me/api/portraits/men/7.jpg","medium":"https://randomuser.me/api/portraits/med/men/7.jpg","thumbnail":"https://randomuser.me/api/portraits/thumb/men/7.jpg"},"nat":"IR"}],"info":{"seed":"235b5a3bbd0401e5","results":1,"page":1,"version":"1.4"}} 
 </msg>
<msg time="2024-06-15T02:30:16.647769" level="INFO">/opt/hostedtoolcache/Python/3.12.3/x64/lib/python3.12/site-packages/urllib3/connectionpool.py:1103: InsecureRequestWarning: Unverified HTTPS request is being made to host 'randomuser.me'. Adding certificate verification is strongly advised. See: https://urllib3.readthedocs.io/en/latest/advanced-usage.html#tls-warnings
  warnings.warn(</msg>
<msg time="2024-06-15T02:30:16.647899" level="INFO">${response} = &lt;Response [200]&gt;</msg>
<var>${response}</var>
<arg>consultarAPI</arg>
<arg>/api</arg>
<doc>Sends a GET request on a previously created HTTP Session.</doc>
<status status="PASS" start="2024-06-15T02:30:16.551650" elapsed="0.096291"/>
</kw>
<kw name="Set Variable" owner="BuiltIn">
<msg time="2024-06-15T02:30:16.648992" level="INFO">${json_data} = {'results': [{'gender': 'male', 'name': {'title': 'Mr', 'first': 'رضا', 'last': 'كامياران'}, 'location': {'street': {'number': 2112, 'name': 'شهید کشواد'}, 'city': 'مشهد', 'state': 'سمنان', 'country':...</msg>
<var>${json_data}</var>
<arg>${response.json()}</arg>
<doc>Returns the given values which can then be assigned to a variables.</doc>
<status status="PASS" start="2024-06-15T02:30:16.648453" elapsed="0.000572"/>
</kw>
<kw name="Log" owner="BuiltIn">
<msg time="2024-06-15T02:30:16.649506" level="INFO">{'results': [{'gender': 'male', 'name': {'title': 'Mr', 'first': 'رضا', 'last': 'كامياران'}, 'location': {'street': {'number': 2112, 'name': 'شهید کشواد'}, 'city': 'مشهد', 'state': 'سمنان', 'country': 'Iran', 'postcode': 98509, 'coordinates': {'latitude': '14.4981', 'longitude': '-10.6372'}, 'timezone': {'offset': '-2:00', 'description': 'Mid-Atlantic'}}, 'email': 'rd.kmyrn@example.com', 'login': {'uuid': '68638b6f-82f3-4c2f-8487-d1f1417afa93', 'username': 'orangekoala839', 'password': 'cubbies', 'salt': 'Hi7oXj9c', 'md5': '4cde4a2a8dc7ee1a1052139c71c46900', 'sha1': 'f530e9a6a8f50c7a9b03eb294eb19294df712996', 'sha256': '8e4e3802c65e5a8b3ab5377f3b70b1a2cb5c929d0743d2043ad1857aba52789c'}, 'dob': {'date': '1949-08-03T01:10:17.811Z', 'age': 74}, 'registered': {'date': '2022-05-10T13:07:56.839Z', 'age': 2}, 'phone': '021-46965244', 'cell': '0962-755-4558', 'id': {'name': '', 'value': None}, 'picture': {'large': 'https://randomuser.me/api/portraits/men/7.jpg', 'medium': 'https://randomuser.me/api/portraits/med/men/7.jpg', 'thumbnail': 'https://randomuser.me/api/portraits/thumb/men/7.jpg'}, 'nat': 'IR'}], 'info': {'seed': '235b5a3bbd0401e5', 'results': 1, 'page': 1, 'version': '1.4'}}</msg>
<arg>${json_data}</arg>
<doc>Logs the given message with the given level.</doc>
<status status="PASS" start="2024-06-15T02:30:16.649338" elapsed="0.000219"/>
</kw>
<kw name="Dictionary Should Contain Key" owner="Collections">
<arg>${json_data}</arg>
<arg>results</arg>
<doc>Fails if ``key`` is not found from ``dictionary``.</doc>
<status status="PASS" start="2024-06-15T02:30:16.649856" elapsed="0.000161"/>
</kw>
<kw name="Should Not Be Empty" owner="BuiltIn">
<msg time="2024-06-15T02:30:16.650326" level="INFO">Length is 2.</msg>
<arg>${json_data}</arg>
<doc>Verifies that the given item is not empty.</doc>
<status status="PASS" start="2024-06-15T02:30:16.650201" elapsed="0.000163"/>
</kw>
<kw name="Create List" owner="BuiltIn">
<msg time="2024-06-15T02:30:16.650849" level="INFO">${expected_keys} = ['gender', 'name', 'location', 'email', 'login']</msg>
<var>${expected_keys}</var>
<arg>gender</arg>
<arg>name</arg>
<arg>location</arg>
<arg>email</arg>
<arg>login</arg>
<doc>Returns a list containing given items.</doc>
<status status="PASS" start="2024-06-15T02:30:16.650652" elapsed="0.000227"/>
</kw>
<for flavor="IN">
<iter>
<kw name="Dictionary Should Contain Key" owner="Collections">
<arg>${json_data['results'][0]}</arg>
<arg>${key}</arg>
<doc>Fails if ``key`` is not found from ``dictionary``.</doc>
<status status="PASS" start="2024-06-15T02:30:16.651478" elapsed="0.000403"/>
</kw>
<kw name="Log" owner="BuiltIn">
<msg time="2024-06-15T02:30:16.652434" level="INFO">{'gender': 'male', 'name': {'title': 'Mr', 'first': 'رضا', 'last': 'كامياران'}, 'location': {'street': {'number': 2112, 'name': 'شهید کشواد'}, 'city': 'مشهد', 'state': 'سمنان', 'country': 'Iran', 'postcode': 98509, 'coordinates': {'latitude': '14.4981', 'longitude': '-10.6372'}, 'timezone': {'offset': '-2:00', 'description': 'Mid-Atlantic'}}, 'email': 'rd.kmyrn@example.com', 'login': {'uuid': '68638b6f-82f3-4c2f-8487-d1f1417afa93', 'username': 'orangekoala839', 'password': 'cubbies', 'salt': 'Hi7oXj9c', 'md5': '4cde4a2a8dc7ee1a1052139c71c46900', 'sha1': 'f530e9a6a8f50c7a9b03eb294eb19294df712996', 'sha256': '8e4e3802c65e5a8b3ab5377f3b70b1a2cb5c929d0743d2043ad1857aba52789c'}, 'dob': {'date': '1949-08-03T01:10:17.811Z', 'age': 74}, 'registered': {'date': '2022-05-10T13:07:56.839Z', 'age': 2}, 'phone': '021-46965244', 'cell': '0962-755-4558', 'id': {'name': '', 'value': None}, 'picture': {'large': 'https://randomuser.me/api/portraits/men/7.jpg', 'medium': 'https://randomuser.me/api/portraits/med/men/7.jpg', 'thumbnail': 'https://randomuser.me/api/portraits/thumb/men/7.jpg'}, 'nat': 'IR'}</msg>
<arg>${json_data['results'][0]}</arg>
<doc>Logs the given message with the given level.</doc>
<status status="PASS" start="2024-06-15T02:30:16.652072" elapsed="0.000416"/>
</kw>
<kw name="Log" owner="BuiltIn">
<msg time="2024-06-15T02:30:16.652911" level="INFO">gender</msg>
<arg>${key}</arg>
<doc>Logs the given message with the given level.</doc>
<status status="PASS" start="2024-06-15T02:30:16.652783" elapsed="0.000172"/>
</kw>
<var name="${key}">gender</var>
<status status="PASS" start="2024-06-15T02:30:16.651345" elapsed="0.001830"/>
</iter>
<iter>
<kw name="Dictionary Should Contain Key" owner="Collections">
<arg>${json_data['results'][0]}</arg>
<arg>${key}</arg>
<doc>Fails if ``key`` is not found from ``dictionary``.</doc>
<status status="PASS" start="2024-06-15T02:30:16.653474" elapsed="0.000393"/>
</kw>
<kw name="Log" owner="BuiltIn">
<msg time="2024-06-15T02:30:16.654406" level="INFO">{'gender': 'male', 'name': {'title': 'Mr', 'first': 'رضا', 'last': 'كامياران'}, 'location': {'street': {'number': 2112, 'name': 'شهید کشواد'}, 'city': 'مشهد', 'state': 'سمنان', 'country': 'Iran', 'postcode': 98509, 'coordinates': {'latitude': '14.4981', 'longitude': '-10.6372'}, 'timezone': {'offset': '-2:00', 'description': 'Mid-Atlantic'}}, 'email': 'rd.kmyrn@example.com', 'login': {'uuid': '68638b6f-82f3-4c2f-8487-d1f1417afa93', 'username': 'orangekoala839', 'password': 'cubbies', 'salt': 'Hi7oXj9c', 'md5': '4cde4a2a8dc7ee1a1052139c71c46900', 'sha1': 'f530e9a6a8f50c7a9b03eb294eb19294df712996', 'sha256': '8e4e3802c65e5a8b3ab5377f3b70b1a2cb5c929d0743d2043ad1857aba52789c'}, 'dob': {'date': '1949-08-03T01:10:17.811Z', 'age': 74}, 'registered': {'date': '2022-05-10T13:07:56.839Z', 'age': 2}, 'phone': '021-46965244', 'cell': '0962-755-4558', 'id': {'name': '', 'value': None}, 'picture': {'large': 'https://randomuser.me/api/portraits/men/7.jpg', 'medium': 'https://randomuser.me/api/portraits/med/men/7.jpg', 'thumbnail': 'https://randomuser.me/api/portraits/thumb/men/7.jpg'}, 'nat': 'IR'}</msg>
<arg>${json_data['results'][0]}</arg>
<doc>Logs the given message with the given level.</doc>
<status status="PASS" start="2024-06-15T02:30:16.654051" elapsed="0.000439"/>
</kw>
<kw name="Log" owner="BuiltIn">
<msg time="2024-06-15T02:30:16.654954" level="INFO">name</msg>
<arg>${key}</arg>
<doc>Logs the given message with the given level.</doc>
<status status="PASS" start="2024-06-15T02:30:16.654818" elapsed="0.000175"/>
</kw>
<var name="${key}">name</var>
<status status="PASS" start="2024-06-15T02:30:16.653361" elapsed="0.001852"/>
</iter>
<iter>
<kw name="Dictionary Should Contain Key" owner="Collections">
<arg>${json_data['results'][0]}</arg>
<arg>${key}</arg>
<doc>Fails if ``key`` is not found from ``dictionary``.</doc>
<status status="PASS" start="2024-06-15T02:30:16.655504" elapsed="0.000377"/>
</kw>
<kw name="Log" owner="BuiltIn">
<msg time="2024-06-15T02:30:16.656418" level="INFO">{'gender': 'male', 'name': {'title': 'Mr', 'first': 'رضا', 'last': 'كامياران'}, 'location': {'street': {'number': 2112, 'name': 'شهید کشواد'}, 'city': 'مشهد', 'state': 'سمنان', 'country': 'Iran', 'postcode': 98509, 'coordinates': {'latitude': '14.4981', 'longitude': '-10.6372'}, 'timezone': {'offset': '-2:00', 'description': 'Mid-Atlantic'}}, 'email': 'rd.kmyrn@example.com', 'login': {'uuid': '68638b6f-82f3-4c2f-8487-d1f1417afa93', 'username': 'orangekoala839', 'password': 'cubbies', 'salt': 'Hi7oXj9c', 'md5': '4cde4a2a8dc7ee1a1052139c71c46900', 'sha1': 'f530e9a6a8f50c7a9b03eb294eb19294df712996', 'sha256': '8e4e3802c65e5a8b3ab5377f3b70b1a2cb5c929d0743d2043ad1857aba52789c'}, 'dob': {'date': '1949-08-03T01:10:17.811Z', 'age': 74}, 'registered': {'date': '2022-05-10T13:07:56.839Z', 'age': 2}, 'phone': '021-46965244', 'cell': '0962-755-4558', 'id': {'name': '', 'value': None}, 'picture': {'large': 'https://randomuser.me/api/portraits/men/7.jpg', 'medium': 'https://randomuser.me/api/portraits/med/men/7.jpg', 'thumbnail': 'https://randomuser.me/api/portraits/thumb/men/7.jpg'}, 'nat': 'IR'}</msg>
<arg>${json_data['results'][0]}</arg>
<doc>Logs the given message with the given level.</doc>
<status status="PASS" start="2024-06-15T02:30:16.656067" elapsed="0.000403"/>
</kw>
<kw name="Log" owner="BuiltIn">
<msg time="2024-06-15T02:30:16.656889" level="INFO">location</msg>
<arg>${key}</arg>
<doc>Logs the given message with the given level.</doc>
<status status="PASS" start="2024-06-15T02:30:16.656762" elapsed="0.000169"/>
</kw>
<var name="${key}">location</var>
<status status="PASS" start="2024-06-15T02:30:16.655395" elapsed="0.001752"/>
</iter>
<iter>
<kw name="Dictionary Should Contain Key" owner="Collections">
<arg>${json_data['results'][0]}</arg>
<arg>${key}</arg>
<doc>Fails if ``key`` is not found from ``dictionary``.</doc>
<status status="PASS" start="2024-06-15T02:30:16.657427" elapsed="0.000384"/>
</kw>
<kw name="Log" owner="BuiltIn">
<msg time="2024-06-15T02:30:16.658338" level="INFO">{'gender': 'male', 'name': {'title': 'Mr', 'first': 'رضا', 'last': 'كامياران'}, 'location': {'street': {'number': 2112, 'name': 'شهید کشواد'}, 'city': 'مشهد', 'state': 'سمنان', 'country': 'Iran', 'postcode': 98509, 'coordinates': {'latitude': '14.4981', 'longitude': '-10.6372'}, 'timezone': {'offset': '-2:00', 'description': 'Mid-Atlantic'}}, 'email': 'rd.kmyrn@example.com', 'login': {'uuid': '68638b6f-82f3-4c2f-8487-d1f1417afa93', 'username': 'orangekoala839', 'password': 'cubbies', 'salt': 'Hi7oXj9c', 'md5': '4cde4a2a8dc7ee1a1052139c71c46900', 'sha1': 'f530e9a6a8f50c7a9b03eb294eb19294df712996', 'sha256': '8e4e3802c65e5a8b3ab5377f3b70b1a2cb5c929d0743d2043ad1857aba52789c'}, 'dob': {'date': '1949-08-03T01:10:17.811Z', 'age': 74}, 'registered': {'date': '2022-05-10T13:07:56.839Z', 'age': 2}, 'phone': '021-46965244', 'cell': '0962-755-4558', 'id': {'name': '', 'value': None}, 'picture': {'large': 'https://randomuser.me/api/portraits/men/7.jpg', 'medium': 'https://randomuser.me/api/portraits/med/men/7.jpg', 'thumbnail': 'https://randomuser.me/api/portraits/thumb/men/7.jpg'}, 'nat': 'IR'}</msg>
<arg>${json_data['results'][0]}</arg>
<doc>Logs the given message with the given level.</doc>
<status status="PASS" start="2024-06-15T02:30:16.657991" elapsed="0.000398"/>
</kw>
<kw name="Log" owner="BuiltIn">
<msg time="2024-06-15T02:30:16.658849" level="INFO">email</msg>
<arg>${key}</arg>
<doc>Logs the given message with the given level.</doc>
<status status="PASS" start="2024-06-15T02:30:16.658686" elapsed="0.000204"/>
</kw>
<var name="${key}">email</var>
<status status="PASS" start="2024-06-15T02:30:16.657321" elapsed="0.001790"/>
</iter>
<iter>
<kw name="Dictionary Should Contain Key" owner="Collections">
<arg>${json_data['results'][0]}</arg>
<arg>${key}</arg>
<doc>Fails if ``key`` is not found from ``dictionary``.</doc>
<status status="PASS" start="2024-06-15T02:30:16.659394" elapsed="0.000378"/>
</kw>
<kw name="Log" owner="BuiltIn">
<msg time="2024-06-15T02:30:16.660310" level="INFO">{'gender': 'male', 'name': {'title': 'Mr', 'first': 'رضا', 'last': 'كامياران'}, 'location': {'street': {'number': 2112, 'name': 'شهید کشواد'}, 'city': 'مشهد', 'state': 'سمنان', 'country': 'Iran', 'postcode': 98509, 'coordinates': {'latitude': '14.4981', 'longitude': '-10.6372'}, 'timezone': {'offset': '-2:00', 'description': 'Mid-Atlantic'}}, 'email': 'rd.kmyrn@example.com', 'login': {'uuid': '68638b6f-82f3-4c2f-8487-d1f1417afa93', 'username': 'orangekoala839', 'password': 'cubbies', 'salt': 'Hi7oXj9c', 'md5': '4cde4a2a8dc7ee1a1052139c71c46900', 'sha1': 'f530e9a6a8f50c7a9b03eb294eb19294df712996', 'sha256': '8e4e3802c65e5a8b3ab5377f3b70b1a2cb5c929d0743d2043ad1857aba52789c'}, 'dob': {'date': '1949-08-03T01:10:17.811Z', 'age': 74}, 'registered': {'date': '2022-05-10T13:07:56.839Z', 'age': 2}, 'phone': '021-46965244', 'cell': '0962-755-4558', 'id': {'name': '', 'value': None}, 'picture': {'large': 'https://randomuser.me/api/portraits/men/7.jpg', 'medium': 'https://randomuser.me/api/portraits/med/men/7.jpg', 'thumbnail': 'https://randomuser.me/api/portraits/thumb/men/7.jpg'}, 'nat': 'IR'}</msg>
<arg>${json_data['results'][0]}</arg>
<doc>Logs the given message with the given level.</doc>
<status status="PASS" start="2024-06-15T02:30:16.659957" elapsed="0.000403"/>
</kw>
<kw name="Log" owner="BuiltIn">
<msg time="2024-06-15T02:30:16.660785" level="INFO">login</msg>
<arg>${key}</arg>
<doc>Logs the given message with the given level.</doc>
<status status="PASS" start="2024-06-15T02:30:16.660652" elapsed="0.000171"/>
</kw>
<var name="${key}">login</var>
<status status="PASS" start="2024-06-15T02:30:16.659286" elapsed="0.001760"/>
</iter>
<var>${key}</var>
<value>@{expected_keys}</value>
<status status="PASS" start="2024-06-15T02:30:16.651149" elapsed="0.010021"/>
</for>
<kw name="Create List" owner="BuiltIn">
<msg time="2024-06-15T02:30:16.661495" level="INFO">${expected_keysTwo} = ['username', 'password']</msg>
<var>${expected_keysTwo}</var>
<arg>username</arg>
<arg>password</arg>
<doc>Returns a list containing given items.</doc>
<status status="PASS" start="2024-06-15T02:30:16.661361" elapsed="0.000159"/>
</kw>
<for flavor="IN">
<iter>
<kw name="Dictionary Should Contain Key" owner="Collections">
<arg>${json_data['results'][0]['login']}</arg>
<arg>${keyTwo}</arg>
<doc>Fails if ``key`` is not found from ``dictionary``.</doc>
<status status="PASS" start="2024-06-15T02:30:16.662055" elapsed="0.000396"/>
</kw>
<kw name="Dictionary Should Contain Key" owner="Collections">
<arg>${json_data['results'][0]['login']}</arg>
<arg>${keyTwo}</arg>
<doc>Fails if ``key`` is not found from ``dictionary``.</doc>
<status status="PASS" start="2024-06-15T02:30:16.662637" elapsed="0.000514"/>
</kw>
<kw name="Log" owner="BuiltIn">
<msg time="2024-06-15T02:30:16.663461" level="INFO">username</msg>
<arg>${keyTwo}</arg>
<doc>Logs the given message with the given level.</doc>
<status status="PASS" start="2024-06-15T02:30:16.663338" elapsed="0.000161"/>
</kw>
<var name="${keyTwo}">username</var>
<status status="PASS" start="2024-06-15T02:30:16.661947" elapsed="0.001772"/>
</iter>
<iter>
<kw name="Dictionary Should Contain Key" owner="Collections">
<arg>${json_data['results'][0]['login']}</arg>
<arg>${keyTwo}</arg>
<doc>Fails if ``key`` is not found from ``dictionary``.</doc>
<status status="PASS" start="2024-06-15T02:30:16.664002" elapsed="0.000378"/>
</kw>
<kw name="Dictionary Should Contain Key" owner="Collections">
<arg>${json_data['results'][0]['login']}</arg>
<arg>${keyTwo}</arg>
<doc>Fails if ``key`` is not found from ``dictionary``.</doc>
<status status="PASS" start="2024-06-15T02:30:16.664560" elapsed="0.000367"/>
</kw>
<kw name="Log" owner="BuiltIn">
<msg time="2024-06-15T02:30:16.665223" level="INFO">password</msg>
<arg>${keyTwo}</arg>
<doc>Logs the given message with the given level.</doc>
<status status="PASS" start="2024-06-15T02:30:16.665103" elapsed="0.000156"/>
</kw>
<var name="${keyTwo}">password</var>
<status status="PASS" start="2024-06-15T02:30:16.663895" elapsed="0.001586"/>
</iter>
<var>${keyTwo}</var>
<value>@{expected_keysTwo}</value>
<status status="PASS" start="2024-06-15T02:30:16.661786" elapsed="0.003818"/>
</for>
<status status="PASS" start="2024-06-15T02:30:16.551255" elapsed="0.114493"/>
</kw>
<doc>Testa a estrutura da resposta da API.</doc>
<tag>testeEstruturaResposta</tag>
<status status="PASS" start="2024-06-15T02:30:16.550712" elapsed="0.115199"/>
</test>
<test id="s1-s1-t4" name="Validar tipos de dados" line="28">
<kw name="Teste de Tipos de Dados" owner="random-user-service">
<kw name="GET On Session" owner="RequestsLibrary">
<msg time="2024-06-15T02:30:16.766818" level="INFO">GET Request : url=https://randomuser.me/api 
 path_url=/api 
 headers={'User-Agent': 'python-requests/2.32.3', 'Accept-Encoding': 'gzip, deflate', 'Accept': '*/*', 'Connection': 'keep-alive'} 
 body=None 
 </msg>
<msg time="2024-06-15T02:30:16.766942" level="INFO">GET Response : url=https://randomuser.me/api 
 status=200, reason=OK 
 headers={'Date': 'Sat, 15 Jun 2024 02:30:16 GMT', 'Content-Type': 'application/json; charset=utf-8', 'Transfer-Encoding': 'chunked', 'Connection': 'keep-alive', 'X-Powered-By': 'Express', 'Access-Control-Allow-Origin': '*', 'Cache-Control': 'no-cache', 'ETag': 'W/"46e-r+Ccl+CC7OrXmXHhkK66XiyxU1A"', 'Vary': 'Accept-Encoding', 'Content-Encoding': 'gzip', 'CF-Cache-Status': 'DYNAMIC', 'Report-To': '{"endpoints":[{"url":"https:\\/\\/a.nel.cloudflare.com\\/report\\/v4?s=HnmyyHN0AB4bD6r%2B2dp4ymwUoQ4drLXeNHPCAkd7V%2BMzv8Y0qAYx%2BjMgYI02R7nyzhd%2FY%2FRoPdZmullrfatt9ioMd8UiwSXKZKVzs97tGc80DeKrdIR9L3wZa2T%2FE03M"}],"group":"cf-nel","max_age":604800}', 'NEL': '{"success_fraction":0,"report_to":"cf-nel","max_age":604800}', 'Server': 'cloudflare', 'CF-RAY': '893f232238a39e6e-SJC', 'alt-svc': 'h3=":443"; ma=86400'} 
 body={"results":[{"gender":"male","name":{"title":"Mr","first":"Svitokol","last":"Yanushevich"},"location":{"street":{"number":6890,"name":"Chigorina"},"city":"Irpin","state":"Odeska","country":"Ukraine","postcode":38701,"coordinates":{"latitude":"73.6993","longitude":"-104.6075"},"timezone":{"offset":"-10:00","description":"Hawaii"}},"email":"svitokol.yanushevich@example.com","login":{"uuid":"cf1bf595-a7da-489b-9d59-767c7e3d5048","username":"goldenmouse504","password":"sting","salt":"PC2PIKQM","md5":"d1c69d1994dca89e79942a0d7952d666","sha1":"97e556a8c911ebf1c5ed0bb8e317ac14d33589e3","sha256":"20928e74d5641befd5a9054dc414fb0236d8218febb5226d75fd13d1a0f0bf16"},"dob":{"date":"1967-12-23T07:06:06.233Z","age":56},"registered":{"date":"2011-01-18T16:06:12.997Z","age":13},"phone":"(096) Y28-3025","cell":"(066) R77-1822","id":{"name":"","value":null},"picture":{"large":"https://randomuser.me/api/portraits/men/80.jpg","medium":"https://randomuser.me/api/portraits/med/men/80.jpg","thumbnail":"https://randomuser.me/api/portraits/thumb/men/80.jpg"},"nat":"UA"}],"info":{"seed":"165a81f42765af1b","results":1,"page":1,"version":"1.4"}} 
 </msg>
<msg time="2024-06-15T02:30:16.767032" level="INFO">/opt/hostedtoolcache/Python/3.12.3/x64/lib/python3.12/site-packages/urllib3/connectionpool.py:1103: InsecureRequestWarning: Unverified HTTPS request is being made to host 'randomuser.me'. Adding certificate verification is strongly advised. See: https://urllib3.readthedocs.io/en/latest/advanced-usage.html#tls-warnings
  warnings.warn(</msg>
<msg time="2024-06-15T02:30:16.767159" level="INFO">${response} = &lt;Response [200]&gt;</msg>
<var>${response}</var>
<arg>consultarAPI</arg>
<arg>/api</arg>
<doc>Sends a GET request on a previously created HTTP Session.</doc>
<status status="PASS" start="2024-06-15T02:30:16.668486" elapsed="0.098713"/>
</kw>
<kw name="Set Variable" owner="BuiltIn">
<msg time="2024-06-15T02:30:16.768294" level="INFO">${json_data} = {'results': [{'gender': 'male', 'name': {'title': 'Mr', 'first': 'Svitokol', 'last': 'Yanushevich'}, 'location': {'street': {'number': 6890, 'name': 'Chigorina'}, 'city': 'Irpin', 'state': 'Odeska', '...</msg>
<var>${json_data}</var>
<arg>${response.json()}</arg>
<doc>Returns the given values which can then be assigned to a variables.</doc>
<status status="PASS" start="2024-06-15T02:30:16.767748" elapsed="0.000576"/>
</kw>
<kw name="Log" owner="BuiltIn">
<msg time="2024-06-15T02:30:16.768804" level="INFO">{'results': [{'gender': 'male', 'name': {'title': 'Mr', 'first': 'Svitokol', 'last': 'Yanushevich'}, 'location': {'street': {'number': 6890, 'name': 'Chigorina'}, 'city': 'Irpin', 'state': 'Odeska', 'country': 'Ukraine', 'postcode': 38701, 'coordinates': {'latitude': '73.6993', 'longitude': '-104.6075'}, 'timezone': {'offset': '-10:00', 'description': 'Hawaii'}}, 'email': 'svitokol.yanushevich@example.com', 'login': {'uuid': 'cf1bf595-a7da-489b-9d59-767c7e3d5048', 'username': 'goldenmouse504', 'password': 'sting', 'salt': 'PC2PIKQM', 'md5': 'd1c69d1994dca89e79942a0d7952d666', 'sha1': '97e556a8c911ebf1c5ed0bb8e317ac14d33589e3', 'sha256': '20928e74d5641befd5a9054dc414fb0236d8218febb5226d75fd13d1a0f0bf16'}, 'dob': {'date': '1967-12-23T07:06:06.233Z', 'age': 56}, 'registered': {'date': '2011-01-18T16:06:12.997Z', 'age': 13}, 'phone': '(096) Y28-3025', 'cell': '(066) R77-1822', 'id': {'name': '', 'value': None}, 'picture': {'large': 'https://randomuser.me/api/portraits/men/80.jpg', 'medium': 'https://randomuser.me/api/portraits/med/men/80.jpg', 'thumbnail': 'https://randomuser.me/api/portraits/thumb/men/80.jpg'}, 'nat': 'UA'}], 'info': {'seed': '165a81f42765af1b', 'results': 1, 'page': 1, 'version': '1.4'}}</msg>
<arg>${json_data}</arg>
<doc>Logs the given message with the given level.</doc>
<status status="PASS" start="2024-06-15T02:30:16.768644" elapsed="0.000209"/>
</kw>
<kw name="Should Be String" owner="String">
<arg>${json_data['results'][0]['gender']}</arg>
<doc>Fails if the given ``item`` is not a string.</doc>
<status status="PASS" start="2024-06-15T02:30:16.769152" elapsed="0.000369"/>
</kw>
<kw name="Should Match Regexp" owner="BuiltIn">
<arg>${json_data['results'][0]['email']}</arg>
<arg>^[a-zA-Z0-9._%+-]+@[a-zA-Z0-9.-]+\.[a-zA-Z]{2,}$</arg>
<doc>Fails if ``string`` does not match ``pattern`` as a regular expression.</doc>
<status status="PASS" start="2024-06-15T02:30:16.769714" elapsed="0.000532"/>
</kw>
<kw name="Should Match Regexp" owner="BuiltIn">
<arg>${json_data['results'][0]['dob']['date']}</arg>
<arg>\\d{4}-\\d{2}-\\d{2}T\\d{2}:\\d{2}:\\d{2}\\.\\d{3}Z</arg>
<doc>Fails if ``string`` does not match ``pattern`` as a regular expression.</doc>
<status status="PASS" start="2024-06-15T02:30:16.770488" elapsed="0.000550"/>
</kw>
<kw name="Should Match Regexp" owner="BuiltIn">
<arg>${json_data['results'][0]['registered']['date']}</arg>
<arg>\\d{4}-\\d{2}-\\d{2}T\\d{2}:\\d{2}:\\d{2}\\.\\d{3}Z</arg>
<doc>Fails if ``string`` does not match ``pattern`` as a regular expression.</doc>
<status status="PASS" start="2024-06-15T02:30:16.771242" elapsed="0.000372"/>
</kw>
<kw name="Should Match Regexp" owner="BuiltIn">
<arg>${json_data['results'][0]['picture']['large']}</arg>
<arg>^https?://.*\.(?:png|jpe?g|gif|bmp)$</arg>
<doc>Fails if ``string`` does not match ``pattern`` as a regular expression.</doc>
<status status="PASS" start="2024-06-15T02:30:16.771805" elapsed="0.000460"/>
</kw>
<kw name="Should Match Regexp" owner="BuiltIn">
<arg>${json_data['results'][0]['picture']['medium']}</arg>
<arg>^https?://.*\.(?:png|jpe?g|gif|bmp)$</arg>
<doc>Fails if ``string`` does not match ``pattern`` as a regular expression.</doc>
<status status="PASS" start="2024-06-15T02:30:16.772463" elapsed="0.000355"/>
</kw>
<kw name="Should Match Regexp" owner="BuiltIn">
<arg>${json_data['results'][0]['picture']['thumbnail']}</arg>
<arg>^https?://.*\.(?:png|jpe?g|gif|bmp)$</arg>
<doc>Fails if ``string`` does not match ``pattern`` as a regular expression.</doc>
<status status="PASS" start="2024-06-15T02:30:16.773006" elapsed="0.000356"/>
</kw>
<kw name="Log" owner="BuiltIn">
<msg time="2024-06-15T02:30:16.773868" level="INFO">{'large': 'https://randomuser.me/api/portraits/men/80.jpg', 'medium': 'https://randomuser.me/api/portraits/med/men/80.jpg', 'thumbnail': 'https://randomuser.me/api/portraits/thumb/men/80.jpg'}</msg>
<arg>${json_data['results'][0]['picture']}</arg>
<doc>Logs the given message with the given level.</doc>
<status status="PASS" start="2024-06-15T02:30:16.773544" elapsed="0.000367"/>
</kw>
<status status="PASS" start="2024-06-15T02:30:16.668252" elapsed="0.105930"/>
</kw>
<kw name="Teste de Tipos de Dados - Postcode" owner="random-user-service">
<kw name="GET On Session" owner="RequestsLibrary">
<msg time="2024-06-15T02:30:16.861745" level="INFO">GET Request : url=https://randomuser.me/api 
 path_url=/api 
 headers={'User-Agent': 'python-requests/2.32.3', 'Accept-Encoding': 'gzip, deflate', 'Accept': '*/*', 'Connection': 'keep-alive'} 
 body=None 
 </msg>
<msg time="2024-06-15T02:30:16.861871" level="INFO">GET Response : url=https://randomuser.me/api 
 status=200, reason=OK 
 headers={'Date': 'Sat, 15 Jun 2024 02:30:16 GMT', 'Content-Type': 'application/json; charset=utf-8', 'Transfer-Encoding': 'chunked', 'Connection': 'keep-alive', 'X-Powered-By': 'Express', 'Access-Control-Allow-Origin': '*', 'Cache-Control': 'no-cache', 'ETag': 'W/"493-cn2mwe3hsa5ax8qZlL2kfkSPIQQ"', 'Vary': 'Accept-Encoding', 'Content-Encoding': 'gzip', 'CF-Cache-Status': 'DYNAMIC', 'Report-To': '{"endpoints":[{"url":"https:\\/\\/a.nel.cloudflare.com\\/report\\/v4?s=bwFVjrWjjUkSDbbx3Ct85RQydIspcWwwTWdqSSjcWxY%2Bb3ZNjQh58%2FNK%2F1ealp5V35Yi%2FL0neF0yjuuxFoLbPNjaOYSqOf1l7IoPbIOLfT%2Bfi3tkAsd5bW480jnQU2hl"}],"group":"cf-nel","max_age":604800}', 'NEL': '{"success_fraction":0,"report_to":"cf-nel","max_age":604800}', 'Server': 'cloudflare', 'CF-RAY': '893f2322d9279e6e-SJC', 'alt-svc': 'h3=":443"; ma=86400'} 
 body={"results":[{"gender":"male","name":{"title":"Mr","first":"Kasper","last":"Kristensen"},"location":{"street":{"number":343,"name":"Roskildevej"},"city":"Klitmøller","state":"Nordjylland","country":"Denmark","postcode":49445,"coordinates":{"latitude":"-46.4455","longitude":"-74.6351"},"timezone":{"offset":"+10:00","description":"Eastern Australia, Guam, Vladivostok"}},"email":"kasper.kristensen@example.com","login":{"uuid":"76f0a5a7-e497-4969-a9bb-f0a7678ffd14","username":"silverpanda981","password":"martina","salt":"4rMCKzJj","md5":"b11c7d3ed05bb13e38b853e5adc0f445","sha1":"bea3cf00201546d6c8a11d154759ea1c6b34d827","sha256":"4ffab9e1d286f73d76174b06ddfcaba81c944a17cf823d31a9ef3c0c1ed1fef3"},"dob":{"date":"1946-12-01T06:14:53.572Z","age":77},"registered":{"date":"2015-03-13T11:59:01.348Z","age":9},"phone":"34599802","cell":"14197091","id":{"name":"CPR","value":"011246-2534"},"picture":{"large":"https://randomuser.me/api/portraits/men/49.jpg","medium":"https://randomuser.me/api/portraits/med/men/49.jpg","thumbnail":"https://randomuser.me/api/portraits/thumb/men/49.jpg"},"nat":"DK"}],"info":{"seed":"1052a42886c84958","results":1,"page":1,"version":"1.4"}} 
 </msg>
<msg time="2024-06-15T02:30:16.861950" level="INFO">/opt/hostedtoolcache/Python/3.12.3/x64/lib/python3.12/site-packages/urllib3/connectionpool.py:1103: InsecureRequestWarning: Unverified HTTPS request is being made to host 'randomuser.me'. Adding certificate verification is strongly advised. See: https://urllib3.readthedocs.io/en/latest/advanced-usage.html#tls-warnings
  warnings.warn(</msg>
<msg time="2024-06-15T02:30:16.862086" level="INFO">${response} = &lt;Response [200]&gt;</msg>
<var>${response}</var>
<arg>consultarAPI</arg>
<arg>/api</arg>
<doc>Sends a GET request on a previously created HTTP Session.</doc>
<status status="PASS" start="2024-06-15T02:30:16.774697" elapsed="0.087419"/>
</kw>
<kw name="Set Variable" owner="BuiltIn">
<msg time="2024-06-15T02:30:16.863372" level="INFO">${json_data} = {'results': [{'gender': 'male', 'name': {'title': 'Mr', 'first': 'Kasper', 'last': 'Kristensen'}, 'location': {'street': {'number': 343, 'name': 'Roskildevej'}, 'city': 'Klitmøller', 'state': 'Nordjyl...</msg>
<var>${json_data}</var>
<arg>${response.json()}</arg>
<doc>Returns the given values which can then be assigned to a variables.</doc>
<status status="PASS" start="2024-06-15T02:30:16.862738" elapsed="0.000664"/>
</kw>
<kw name="Log" owner="BuiltIn">
<msg time="2024-06-15T02:30:16.864117" level="INFO">{'results': [{'gender': 'male', 'name': {'title': 'Mr', 'first': 'Kasper', 'last': 'Kristensen'}, 'location': {'street': {'number': 343, 'name': 'Roskildevej'}, 'city': 'Klitmøller', 'state': 'Nordjylland', 'country': 'Denmark', 'postcode': 49445, 'coordinates': {'latitude': '-46.4455', 'longitude': '-74.6351'}, 'timezone': {'offset': '+10:00', 'description': 'Eastern Australia, Guam, Vladivostok'}}, 'email': 'kasper.kristensen@example.com', 'login': {'uuid': '76f0a5a7-e497-4969-a9bb-f0a7678ffd14', 'username': 'silverpanda981', 'password': 'martina', 'salt': '4rMCKzJj', 'md5': 'b11c7d3ed05bb13e38b853e5adc0f445', 'sha1': 'bea3cf00201546d6c8a11d154759ea1c6b34d827', 'sha256': '4ffab9e1d286f73d76174b06ddfcaba81c944a17cf823d31a9ef3c0c1ed1fef3'}, 'dob': {'date': '1946-12-01T06:14:53.572Z', 'age': 77}, 'registered': {'date': '2015-03-13T11:59:01.348Z', 'age': 9}, 'phone': '34599802', 'cell': '14197091', 'id': {'name': 'CPR', 'value': '011246-2534'}, 'picture': {'large': 'https://randomuser.me/api/portraits/men/49.jpg', 'medium': 'https://randomuser.me/api/portraits/med/men/49.jpg', 'thumbnail': 'https://randomuser.me/api/portraits/thumb/men/49.jpg'}, 'nat': 'DK'}], 'info': {'seed': '1052a42886c84958', 'results': 1, 'page': 1, 'version': '1.4'}}</msg>
<arg>${json_data}</arg>
<doc>Logs the given message with the given level.</doc>
<status status="PASS" start="2024-06-15T02:30:16.863950" elapsed="0.000218"/>
</kw>
<kw name="Should Be Equal As Numbers" owner="BuiltIn">
<arg>${json_data['results'][0]['location']['postcode']}</arg>
<arg>${json_data['results'][0]['location']['postcode']}</arg>
<doc>Fails if objects are unequal after converting them to real numbers.</doc>
<status status="PASS" start="2024-06-15T02:30:16.864472" elapsed="0.000637"/>
</kw>
<kw name="Log" owner="BuiltIn">
<msg time="2024-06-15T02:30:16.865642" level="INFO">49445</msg>
<arg>${json_data['results'][0]['location']['postcode']}</arg>
<doc>Logs the given message with the given level.</doc>
<status status="PASS" start="2024-06-15T02:30:16.865303" elapsed="0.000380"/>
</kw>
<status status="PASS" start="2024-06-15T02:30:16.774446" elapsed="0.091498"/>
</kw>
<doc>Testa se os tipos de dados na resposta da API estão corretos.</doc>
<tag>testeTiposDados</tag>
<status status="PASS" start="2024-06-15T02:30:16.667755" elapsed="0.198399"/>
</test>
<test id="s1-s1-t5" name="Validar conteudo" line="35">
<kw name="Teste de Tipos de Conteudo" owner="random-user-service">
<kw name="GET On Session" owner="RequestsLibrary">
<msg time="2024-06-15T02:30:16.960590" level="INFO">GET Request : url=https://randomuser.me/api 
 path_url=/api 
 headers={'User-Agent': 'python-requests/2.32.3', 'Accept-Encoding': 'gzip, deflate', 'Accept': '*/*', 'Connection': 'keep-alive'} 
 body=None 
 </msg>
<msg time="2024-06-15T02:30:16.960691" level="INFO">GET Response : url=https://randomuser.me/api 
 status=200, reason=OK 
 headers={'Date': 'Sat, 15 Jun 2024 02:30:16 GMT', 'Content-Type': 'application/json; charset=utf-8', 'Transfer-Encoding': 'chunked', 'Connection': 'keep-alive', 'X-Powered-By': 'Express', 'Access-Control-Allow-Origin': '*', 'Cache-Control': 'no-cache', 'ETag': 'W/"4a9-to9nQN9g7VabqNPSWCK1UfSb1OE"', 'Vary': 'Accept-Encoding', 'Content-Encoding': 'gzip', 'CF-Cache-Status': 'DYNAMIC', 'Report-To': '{"endpoints":[{"url":"https:\\/\\/a.nel.cloudflare.com\\/report\\/v4?s=RVxlDxM6JXb29j69qKK6ZlJ1NQ%2FDpOJcn92XYcqpLXr4xGdHLnVtkiE4taWKrGlqftUkdp0Cdyt5n1Wbu4Fy%2Bka7vJW34I1TWGVIV7G9tgKxja2tinjbfJbH7OotuoS%2B"}],"group":"cf-nel","max_age":604800}', 'NEL': '{"success_fraction":0,"report_to":"cf-nel","max_age":604800}', 'Server': 'cloudflare', 'CF-RAY': '893f232379919e6e-SJC', 'alt-svc': 'h3=":443"; ma=86400'} 
 body={"results":[{"gender":"male","name":{"title":"Mr","first":"Väinö","last":"Kurtti"},"location":{"street":{"number":5383,"name":"Pispalan Valtatie"},"city":"Pihtipudas","state":"Southern Savonia","country":"Finland","postcode":92368,"coordinates":{"latitude":"-24.8647","longitude":"-170.0335"},"timezone":{"offset":"+8:00","description":"Beijing, Perth, Singapore, Hong Kong"}},"email":"vaino.kurtti@example.com","login":{"uuid":"f6d89ace-b9f6-4f95-afc3-2d596092a635","username":"silverelephant234","password":"virginia","salt":"UJ0A0Lwj","md5":"b5bd23b90db2c3feb56ebda6282d88ce","sha1":"6f07fcd41d2fad818e81a24f9a3cd1fe0bc59f2a","sha256":"6608e4bd94fc054f89814fe0b557416d8411872e58c9fd4c7bc5c1dccc2482e7"},"dob":{"date":"1993-03-11T02:39:49.293Z","age":31},"registered":{"date":"2009-08-07T23:49:17.567Z","age":14},"phone":"05-061-642","cell":"043-491-41-03","id":{"name":"HETU","value":"NaNNA329undefined"},"picture":{"large":"https://randomuser.me/api/portraits/men/57.jpg","medium":"https://randomuser.me/api/portraits/med/men/57.jpg","thumbnail":"https://randomuser.me/api/portraits/thumb/men/57.jpg"},"nat":"FI"}],"info":{"seed":"c145d5a3b52aaadd","results":1,"page":1,"version":"1.4"}} 
 </msg>
<msg time="2024-06-15T02:30:16.960765" level="INFO">/opt/hostedtoolcache/Python/3.12.3/x64/lib/python3.12/site-packages/urllib3/connectionpool.py:1103: InsecureRequestWarning: Unverified HTTPS request is being made to host 'randomuser.me'. Adding certificate verification is strongly advised. See: https://urllib3.readthedocs.io/en/latest/advanced-usage.html#tls-warnings
  warnings.warn(</msg>
<msg time="2024-06-15T02:30:16.960888" level="INFO">${response} = &lt;Response [200]&gt;</msg>
<var>${response}</var>
<arg>consultarAPI</arg>
<arg>/api</arg>
<doc>Sends a GET request on a previously created HTTP Session.</doc>
<status status="PASS" start="2024-06-15T02:30:16.868696" elapsed="0.092220"/>
</kw>
<kw name="Set Variable" owner="BuiltIn">
<msg time="2024-06-15T02:30:16.961997" level="INFO">${json_data} = {'results': [{'gender': 'male', 'name': {'title': 'Mr', 'first': 'Väinö', 'last': 'Kurtti'}, 'location': {'street': {'number': 5383, 'name': 'Pispalan Valtatie'}, 'city': 'Pihtipudas', 'state': 'South...</msg>
<var>${json_data}</var>
<arg>${response.json()}</arg>
<doc>Returns the given values which can then be assigned to a variables.</doc>
<status status="PASS" start="2024-06-15T02:30:16.961473" elapsed="0.000553"/>
</kw>
<kw name="Set Variable" owner="BuiltIn">
<msg time="2024-06-15T02:30:16.962726" level="INFO">${name_title} = Mr</msg>
<var>${name_title}</var>
<arg>${json_data["results"][0]["name"]["title"]}</arg>
<doc>Returns the given values which can then be assigned to a variables.</doc>
<status status="PASS" start="2024-06-15T02:30:16.962336" elapsed="0.000416"/>
</kw>
<kw name="Create List" owner="BuiltIn">
<msg time="2024-06-15T02:30:16.963260" level="INFO">${allowed_titles} = ['Mr', 'Ms', 'Miss', 'Mrs', 'Madame', 'Monsieur']</msg>
<var>${allowed_titles}</var>
<arg>Mr</arg>
<arg>Ms</arg>
<arg>Miss</arg>
<arg>Mrs</arg>
<arg>Madame</arg>
<arg>Monsieur</arg>
<doc>Returns a list containing given items.</doc>
<status status="PASS" start="2024-06-15T02:30:16.963110" elapsed="0.000175"/>
</kw>
<kw name="List Should Contain Value" owner="Collections">
<arg>${allowed_titles}</arg>
<arg>${name_title}</arg>
<doc>Fails if the ``value`` is not found from ``list``.</doc>
<status status="PASS" start="2024-06-15T02:30:16.963586" elapsed="0.000177"/>
</kw>
<kw name="Set Variable" owner="BuiltIn">
<msg time="2024-06-15T02:30:16.964322" level="INFO">${name_country} = FI</msg>
<var>${name_country}</var>
<arg>${json_data["results"][0]["nat"]}</arg>
<doc>Returns the given values which can then be assigned to a variables.</doc>
<status status="PASS" start="2024-06-15T02:30:16.963944" elapsed="0.000404"/>
</kw>
<kw name="Create List" owner="BuiltIn">
<msg time="2024-06-15T02:30:16.965252" level="INFO">${list_country} = ['AD', 'AE', 'AF', 'AG', 'AI', 'AL', 'AM', 'AO', 'AQ', 'AR', 'AS', 'AT', 'AU', 'AW', 'AX', 'AZ', 'BA', 'BB', 'BD', 'BE', 'BF', 'BG', 'BH', 'BI', 'BJ', 'BL', 'BM', 'BN', 'BO', 'BQ', 'BR', 'BS', 'BT', '...</msg>
<var>${list_country}</var>
<arg>AD</arg>
<arg>AE</arg>
<arg>AF</arg>
<arg>AG</arg>
<arg>AI</arg>
<arg>AL</arg>
<arg>AM</arg>
<arg>AO</arg>
<arg>AQ</arg>
<arg>AR</arg>
<arg>AS</arg>
<arg>AT</arg>
<arg>AU</arg>
<arg>AW</arg>
<arg>AX</arg>
<arg>AZ</arg>
<arg>BA</arg>
<arg>BB</arg>
<arg>BD</arg>
<arg>BE</arg>
<arg>BF</arg>
<arg>BG</arg>
<arg>BH</arg>
<arg>BI</arg>
<arg>BJ</arg>
<arg>BL</arg>
<arg>BM</arg>
<arg>BN</arg>
<arg>BO</arg>
<arg>BQ</arg>
<arg>BR</arg>
<arg>BS</arg>
<arg>BT</arg>
<arg>BV</arg>
<arg>BW</arg>
<arg>BY</arg>
<arg>BZ</arg>
<arg>CA</arg>
<arg>CC</arg>
<arg>CD</arg>
<arg>CF</arg>
<arg>CG</arg>
<arg>CH</arg>
<arg>CI</arg>
<arg>CK</arg>
<arg>CL</arg>
<arg>CM</arg>
<arg>CN</arg>
<arg>CO</arg>
<arg>CR</arg>
<arg>CU</arg>
<arg>CV</arg>
<arg>CW</arg>
<arg>CX</arg>
<arg>CY</arg>
<arg>CZ</arg>
<arg>DE</arg>
<arg>DJ</arg>
<arg>DK</arg>
<arg>DM</arg>
<arg>DO</arg>
<arg>DZ</arg>
<arg>EC</arg>
<arg>EE</arg>
<arg>EG</arg>
<arg>EH</arg>
<arg>ER</arg>
<arg>ES</arg>
<arg>ET</arg>
<arg>FI</arg>
<arg>FJ</arg>
<arg>FK</arg>
<arg>FM</arg>
<arg>FO</arg>
<arg>FR</arg>
<arg>GA</arg>
<arg>GB</arg>
<arg>GD</arg>
<arg>GE</arg>
<arg>GF</arg>
<arg>GG</arg>
<arg>GH</arg>
<arg>GI</arg>
<arg>GL</arg>
<arg>GM</arg>
<arg>GN</arg>
<arg>GP</arg>
<arg>GQ</arg>
<arg>GR</arg>
<arg>GS</arg>
<arg>GT</arg>
<arg>GU</arg>
<arg>GW</arg>
<arg>GY</arg>
<arg>HK</arg>
<arg>HM</arg>
<arg>HN</arg>
<arg>HR</arg>
<arg>HT</arg>
<arg>HU</arg>
<arg>ID</arg>
<arg>IE</arg>
<arg>IL</arg>
<arg>IM</arg>
<arg>IN</arg>
<arg>IO</arg>
<arg>IQ</arg>
<arg>IR</arg>
<arg>IS</arg>
<arg>IT</arg>
<arg>JE</arg>
<arg>JM</arg>
<arg>JO</arg>
<arg>JP</arg>
<arg>KE</arg>
<arg>KG</arg>
<arg>KH</arg>
<arg>KI</arg>
<arg>KM</arg>
<arg>KN</arg>
<arg>KP</arg>
<arg>KR</arg>
<arg>KW</arg>
<arg>KY</arg>
<arg>KZ</arg>
<arg>LA</arg>
<arg>LB</arg>
<arg>LC</arg>
<arg>LI</arg>
<arg>LK</arg>
<arg>LR</arg>
<arg>LS</arg>
<arg>LT</arg>
<arg>LU</arg>
<arg>LV</arg>
<arg>LY</arg>
<arg>MA</arg>
<arg>MC</arg>
<arg>MD</arg>
<arg>ME</arg>
<arg>MF</arg>
<arg>MG</arg>
<arg>MH</arg>
<arg>MK</arg>
<arg>ML</arg>
<arg>MM</arg>
<arg>MN</arg>
<arg>MO</arg>
<arg>MP</arg>
<arg>MQ</arg>
<arg>MR</arg>
<arg>MS</arg>
<arg>MT</arg>
<arg>MU</arg>
<arg>MV</arg>
<arg>MW</arg>
<arg>MX</arg>
<arg>MY</arg>
<arg>MZ</arg>
<arg>NA</arg>
<arg>NC</arg>
<arg>NE</arg>
<arg>NF</arg>
<arg>NG</arg>
<arg>NI</arg>
<arg>NL</arg>
<arg>NO</arg>
<arg>NP</arg>
<arg>NR</arg>
<arg>NU</arg>
<arg>NZ</arg>
<arg>OM</arg>
<arg>PA</arg>
<arg>PE</arg>
<arg>PF</arg>
<arg>PG</arg>
<arg>PH</arg>
<arg>PK</arg>
<arg>PL</arg>
<arg>PM</arg>
<arg>PN</arg>
<arg>PR</arg>
<arg>PS</arg>
<arg>PT</arg>
<arg>PW</arg>
<arg>PY</arg>
<arg>QA</arg>
<arg>RE</arg>
<arg>RO</arg>
<arg>RS</arg>
<arg>RU</arg>
<arg>RW</arg>
<arg>SA</arg>
<arg>SB</arg>
<arg>SC</arg>
<arg>SD</arg>
<arg>SE</arg>
<arg>SG</arg>
<arg>SH</arg>
<arg>SI</arg>
<arg>SJ</arg>
<arg>SK</arg>
<arg>SL</arg>
<arg>SM</arg>
<arg>SN</arg>
<arg>SO</arg>
<arg>SR</arg>
<arg>SS</arg>
<arg>ST</arg>
<arg>SV</arg>
<arg>SX</arg>
<arg>SY</arg>
<arg>SZ</arg>
<arg>TC</arg>
<arg>TD</arg>
<arg>TF</arg>
<arg>TG</arg>
<arg>TH</arg>
<arg>TJ</arg>
<arg>TK</arg>
<arg>TL</arg>
<arg>TM</arg>
<arg>TN</arg>
<arg>TO</arg>
<arg>TR</arg>
<arg>TT</arg>
<arg>TV</arg>
<arg>TW</arg>
<arg>TZ</arg>
<arg>UA</arg>
<arg>UG</arg>
<arg>UM</arg>
<arg>US</arg>
<arg>UY</arg>
<arg>UZ</arg>
<arg>VA</arg>
<arg>VC</arg>
<arg>VE</arg>
<arg>VG</arg>
<arg>VI</arg>
<arg>VN</arg>
<arg>VU</arg>
<arg>WF</arg>
<arg>WS</arg>
<arg>XK</arg>
<arg>YE</arg>
<arg>YT</arg>
<arg>ZA</arg>
<arg>ZM</arg>
<arg>ZW</arg>
<doc>Returns a list containing given items.</doc>
<status status="PASS" start="2024-06-15T02:30:16.964648" elapsed="0.000631"/>
</kw>
<kw name="List Should Contain Value" owner="Collections">
<arg>${list_country}</arg>
<arg>${name_country}</arg>
<doc>Fails if the ``value`` is not found from ``list``.</doc>
<status status="PASS" start="2024-06-15T02:30:16.966075" elapsed="0.000206"/>
</kw>
<kw name="Run Keyword If" owner="BuiltIn">
<kw name="Should Be True" owner="BuiltIn">
<arg>${True}</arg>
<doc>Fails if the given condition is not true.</doc>
<status status="PASS" start="2024-06-15T02:30:16.967261" elapsed="0.000263"/>
</kw>
<arg>${json_data["results"][0]["location"]["coordinates"]["latitude"]} &gt;= -90 and ${json_data["results"][0]["location"]["coordinates"]["latitude"]} &lt;= 90</arg>
<arg>Should Be True</arg>
<arg>${True}</arg>
<doc>Runs the given keyword with the given arguments, if ``condition`` is true.</doc>
<status status="PASS" start="2024-06-15T02:30:16.966484" elapsed="0.001171"/>
</kw>
<kw name="Run Keyword If" owner="BuiltIn">
<kw name="Should Be True" owner="BuiltIn">
<arg>${True}</arg>
<doc>Fails if the given condition is not true.</doc>
<status status="PASS" start="2024-06-15T02:30:16.968542" elapsed="0.000138"/>
</kw>
<arg>${json_data["results"][0]["location"]["coordinates"]["longitude"]} &gt;= -180 and ${json_data["results"][0]["location"]["coordinates"]["longitude"]} &lt;= 180</arg>
<arg>Should Be True</arg>
<arg>${True}</arg>
<doc>Runs the given keyword with the given arguments, if ``condition`` is true.</doc>
<status status="PASS" start="2024-06-15T02:30:16.967843" elapsed="0.000961"/>
</kw>
<status status="PASS" start="2024-06-15T02:30:16.868464" elapsed="0.100474"/>
</kw>
<doc>Testa o conteúdo específico dos campos retornados pela API.</doc>
<tag>testeConteudo</tag>
<status status="PASS" start="2024-06-15T02:30:16.867981" elapsed="0.101112"/>
</test>
<status status="PASS" start="2024-06-15T02:30:15.949725" elapsed="1.021371"/>
</suite>
<status status="PASS" start="2024-06-15T02:30:15.935923" elapsed="1.040249"/>
</suite>
<statistics>
<total>
<stat pass="5" fail="0" skip="0">All Tests</stat>
</total>
<tag>
<stat pass="1" fail="0" skip="0">testeConteudo</stat>
<stat pass="1" fail="0" skip="0">testeEstruturaResposta</stat>
<stat pass="1" fail="0" skip="0">testeRequisicaoBasica</stat>
<stat pass="1" fail="0" skip="0">testeTiposDados</stat>
</tag>
<suite>
<stat pass="5" fail="0" skip="0" id="s1" name="Tests">Tests</stat>
<stat pass="5" fail="0" skip="0" id="s1-s1" name="Random-User-Test">Tests.Random-User-Test</stat>
</suite>
</statistics>
<errors>
</errors>
</robot>
