<?xml version="1.0" encoding="UTF-8"?>
<robot generator="Robot 7.0 (Python 3.12.3 on linux)" generated="2024-05-29T11:13:05.398509" rpa="false" schemaversion="5">
<suite id="s1" name="Tests" source="/home/runner/work/ApiRandomUser/ApiRandomUser/RamdonUser/tests">
<suite id="s1-s1" name="Random-User-Test" source="/home/runner/work/ApiRandomUser/ApiRandomUser/RamdonUser/tests/random-user-test.robot">
<test id="s1-s1-t1" name="Conectar" line="13">
<kw name="Conectar API" owner="random-user-service">
<kw name="Create Session" owner="RequestsLibrary">
<msg time="2024-05-29T11:13:05.782575" level="INFO">Creating Session using : alias=consultarAPI, url=https://randomuser.me/, headers={},                     cookies={}, auth=None, timeout=None, proxies=None, verify=False,                     debug=0 </msg>
<arg>consultarAPI</arg>
<arg>${URL}</arg>
<doc>Create Session: create a HTTP session to a server</doc>
<status status="PASS" start="2024-05-29T11:13:05.782374" elapsed="0.000369"/>
</kw>
<status status="PASS" start="2024-05-29T11:13:05.781362" elapsed="0.001759"/>
</kw>
<status status="PASS" start="2024-05-29T11:13:05.780764" elapsed="0.002553"/>
</test>
<test id="s1-s1-t2" name="Validar retorno 200 e JSON Válido" line="16">
<kw name="Teste de Requisicao Basica" owner="random-user-service">
<kw name="GET On Session" owner="RequestsLibrary">
<msg time="2024-05-29T11:13:07.989521" level="INFO">GET Request : url=https://randomuser.me/api 
 path_url=/api 
 headers={'User-Agent': 'python-requests/2.32.2', 'Accept-Encoding': 'gzip, deflate', 'Accept': '*/*', 'Connection': 'keep-alive'} 
 body=None 
 </msg>
<msg time="2024-05-29T11:13:07.989694" level="INFO">GET Response : url=https://randomuser.me/api 
 status=200, reason=OK 
 headers={'Date': 'Wed, 29 May 2024 11:13:07 GMT', 'Content-Type': 'application/json; charset=utf-8', 'Transfer-Encoding': 'chunked', 'Connection': 'keep-alive', 'X-Powered-By': 'Express', 'Access-Control-Allow-Origin': '*', 'Cache-Control': 'no-cache', 'ETag': 'W/"493-EnKEN7IyBav+Q+ZL1N+IM4+60Xw"', 'Vary': 'Accept-Encoding', 'Content-Encoding': 'gzip', 'CF-Cache-Status': 'DYNAMIC', 'Report-To': '{"endpoints":[{"url":"https:\\/\\/a.nel.cloudflare.com\\/report\\/v4?s=REpVcY2yT3OZGBM%2Fm1eIcFkyCvpiOxqfq%2BXN4nIYZfWdTybz8hkuNhPKlCxJjs5maxS1P%2BVcFuv72aAlqQo8RQCGj8AVQUf4hxxBmaBg%2BBzo4%2FzIShIT7xArhY71wa8d"}],"group":"cf-nel","max_age":604800}', 'NEL': '{"success_fraction":0,"report_to":"cf-nel","max_age":604800}', 'Server': 'cloudflare', 'CF-RAY': '88b60d9b8b1113f2-ORD', 'alt-svc': 'h3=":443"; ma=86400'} 
 body={"results":[{"gender":"female","name":{"title":"Ms","first":"Judit","last":"Beishuizen"},"location":{"street":{"number":8424,"name":"De Etstoel"},"city":"Kollumerpomp","state":"Drenthe","country":"Netherlands","postcode":"3727 EW","coordinates":{"latitude":"38.0180","longitude":"153.9365"},"timezone":{"offset":"-12:00","description":"Eniwetok, Kwajalein"}},"email":"judit.beishuizen@example.com","login":{"uuid":"70e0d560-0b4c-4f93-8de6-b2bd48fa887f","username":"happypanda243","password":"titleist","salt":"StY7MmFY","md5":"b18bdf51334f9dd0e7083755b1e081fc","sha1":"61ddfb7c59cf0a5ce1c103538c0d7f900fafd0b2","sha256":"6b0165220a3102a929076374e43d0507a4e6272ba8997ca85d8b837c8d39ce6a"},"dob":{"date":"1987-03-09T06:41:56.938Z","age":37},"registered":{"date":"2019-08-08T11:30:09.333Z","age":4},"phone":"(059) 6554902","cell":"(06) 50472982","id":{"name":"BSN","value":"77578351"},"picture":{"large":"https://randomuser.me/api/portraits/women/27.jpg","medium":"https://randomuser.me/api/portraits/med/women/27.jpg","thumbnail":"https://randomuser.me/api/portraits/thumb/women/27.jpg"},"nat":"NL"}],"info":{"seed":"aa36ef3ef5129cab","results":1,"page":1,"version":"1.4"}} 
 </msg>
<msg time="2024-05-29T11:13:07.989774" level="INFO">/opt/hostedtoolcache/Python/3.12.3/x64/lib/python3.12/site-packages/urllib3/connectionpool.py:1103: InsecureRequestWarning: Unverified HTTPS request is being made to host 'randomuser.me'. Adding certificate verification is strongly advised. See: https://urllib3.readthedocs.io/en/latest/advanced-usage.html#tls-warnings
  warnings.warn(</msg>
<msg time="2024-05-29T11:13:07.989908" level="INFO">${response} = &lt;Response [200]&gt;</msg>
<var>${response}</var>
<arg>consultarAPI</arg>
<arg>/api</arg>
<doc>Sends a GET request on a previously created HTTP Session.</doc>
<status status="PASS" start="2024-05-29T11:13:05.786060" elapsed="2.203890"/>
</kw>
<kw name="Should Be Equal As Numbers" owner="BuiltIn">
<msg time="2024-05-29T11:13:07.990949" level="INFO">Argument types are:
&lt;class 'int'&gt;
&lt;class 'str'&gt;</msg>
<arg>${response.status_code}</arg>
<arg>200</arg>
<doc>Fails if objects are unequal after converting them to real numbers.</doc>
<status status="PASS" start="2024-05-29T11:13:07.990484" elapsed="0.000529"/>
</kw>
<kw name="Log" owner="BuiltIn">
<msg time="2024-05-29T11:13:07.991738" level="INFO">200</msg>
<arg>${response.status_code}</arg>
<doc>Logs the given message with the given level.</doc>
<status status="PASS" start="2024-05-29T11:13:07.991394" elapsed="0.000392"/>
</kw>
<kw name="Set Variable" owner="BuiltIn">
<msg time="2024-05-29T11:13:07.992518" level="INFO">${json_data} = {'results': [{'gender': 'female', 'name': {'title': 'Ms', 'first': 'Judit', 'last': 'Beishuizen'}, 'location': {'street': {'number': 8424, 'name': 'De Etstoel'}, 'city': 'Kollumerpomp', 'state': 'Dren...</msg>
<var>${json_data}</var>
<arg>${response.json()}</arg>
<doc>Returns the given values which can then be assigned to a variables.</doc>
<status status="PASS" start="2024-05-29T11:13:07.992094" elapsed="0.000453"/>
</kw>
<kw name="Dictionary Should Contain Key" owner="Collections">
<msg time="2024-05-29T11:13:07.993025" level="INFO">False</msg>
<arg>${json_data}</arg>
<arg>results</arg>
<doc>Fails if ``key`` is not found from ``dictionary``.</doc>
<status status="PASS" start="2024-05-29T11:13:07.992855" elapsed="0.000365"/>
</kw>
<status status="PASS" start="2024-05-29T11:13:05.785813" elapsed="2.207671"/>
</kw>
<doc>Testa se a API responde corretamente e retorna um objeto JSON válido.</doc>
<tag>testeRequisicaoBasica</tag>
<status status="PASS" start="2024-05-29T11:13:05.785290" elapsed="2.208378"/>
</test>
<test id="s1-s1-t3" name="Validar estrutura de resposta" line="22">
<kw name="Teste de Estrutura de Resposta" owner="random-user-service">
<kw name="GET On Session" owner="RequestsLibrary">
<msg time="2024-05-29T11:13:08.513515" level="INFO">GET Request : url=https://randomuser.me/api 
 path_url=/api 
 headers={'User-Agent': 'python-requests/2.32.2', 'Accept-Encoding': 'gzip, deflate', 'Accept': '*/*', 'Connection': 'keep-alive'} 
 body=None 
 </msg>
<msg time="2024-05-29T11:13:08.513629" level="INFO">GET Response : url=https://randomuser.me/api 
 status=200, reason=OK 
 headers={'Date': 'Wed, 29 May 2024 11:13:08 GMT', 'Content-Type': 'application/json; charset=utf-8', 'Transfer-Encoding': 'chunked', 'Connection': 'keep-alive', 'X-Powered-By': 'Express', 'Access-Control-Allow-Origin': '*', 'Cache-Control': 'no-cache', 'ETag': 'W/"494-EujtEEXqY5gCkxo7MVpVRtx79Ps"', 'Vary': 'Accept-Encoding', 'Content-Encoding': 'gzip', 'CF-Cache-Status': 'DYNAMIC', 'Report-To': '{"endpoints":[{"url":"https:\\/\\/a.nel.cloudflare.com\\/report\\/v4?s=VGLc%2BT45dOKKt9s3I3leI3KJAXLXIWO0vbA7kmWvZV8YI%2BQxYEbEBIY6mzfxnJcUSMYm5SCgkljnuXd5%2FD0KY%2B7OwSKWB%2BKrwMuiTKSZbd8RgLEJQwjf0xL7%2B0XieGYv"}],"group":"cf-nel","max_age":604800}', 'NEL': '{"success_fraction":0,"report_to":"cf-nel","max_age":604800}', 'Server': 'cloudflare', 'CF-RAY': '88b60da90f5613f2-ORD', 'alt-svc': 'h3=":443"; ma=86400'} 
 body={"results":[{"gender":"male","name":{"title":"Mr","first":"Ignacio","last":"González"},"location":{"street":{"number":8851,"name":"Calle de Toledo"},"city":"Parla","state":"Asturias","country":"Spain","postcode":88611,"coordinates":{"latitude":"-30.0447","longitude":"-120.3785"},"timezone":{"offset":"-6:00","description":"Central Time (US &amp; Canada), Mexico City"}},"email":"ignacio.gonzalez@example.com","login":{"uuid":"753eaa1d-fa17-4521-aeaa-8f27eb84479e","username":"redostrich565","password":"thegame","salt":"9OeBvhg4","md5":"1107a7e84a5c29da599bbca78dca3ee1","sha1":"a01b2037ae7c8718ef1cd9d4db37f0594469fc07","sha256":"55e0a11a2d588e3fad5812c6f2bfda3b46cc7603bf4cb79f83d80ec7e59a7639"},"dob":{"date":"1998-08-02T14:09:28.170Z","age":25},"registered":{"date":"2004-12-08T10:57:23.136Z","age":19},"phone":"987-522-469","cell":"665-295-730","id":{"name":"DNI","value":"02125444-N"},"picture":{"large":"https://randomuser.me/api/portraits/men/48.jpg","medium":"https://randomuser.me/api/portraits/med/men/48.jpg","thumbnail":"https://randomuser.me/api/portraits/thumb/men/48.jpg"},"nat":"ES"}],"info":{"seed":"e4f16389a2220ceb","results":1,"page":1,"version":"1.4"}} 
 </msg>
<msg time="2024-05-29T11:13:08.513769" level="INFO">/opt/hostedtoolcache/Python/3.12.3/x64/lib/python3.12/site-packages/urllib3/connectionpool.py:1103: InsecureRequestWarning: Unverified HTTPS request is being made to host 'randomuser.me'. Adding certificate verification is strongly advised. See: https://urllib3.readthedocs.io/en/latest/advanced-usage.html#tls-warnings
  warnings.warn(</msg>
<msg time="2024-05-29T11:13:08.513901" level="INFO">${response} = &lt;Response [200]&gt;</msg>
<var>${response}</var>
<arg>consultarAPI</arg>
<arg>/api</arg>
<doc>Sends a GET request on a previously created HTTP Session.</doc>
<status status="PASS" start="2024-05-29T11:13:07.996243" elapsed="0.517696"/>
</kw>
<kw name="Set Variable" owner="BuiltIn">
<msg time="2024-05-29T11:13:08.515109" level="INFO">${json_data} = {'results': [{'gender': 'male', 'name': {'title': 'Mr', 'first': 'Ignacio', 'last': 'González'}, 'location': {'street': {'number': 8851, 'name': 'Calle de Toledo'}, 'city': 'Parla', 'state': 'Asturias...</msg>
<var>${json_data}</var>
<arg>${response.json()}</arg>
<doc>Returns the given values which can then be assigned to a variables.</doc>
<status status="PASS" start="2024-05-29T11:13:08.514525" elapsed="0.000621"/>
</kw>
<kw name="Log" owner="BuiltIn">
<msg time="2024-05-29T11:13:08.515618" level="INFO">{'results': [{'gender': 'male', 'name': {'title': 'Mr', 'first': 'Ignacio', 'last': 'González'}, 'location': {'street': {'number': 8851, 'name': 'Calle de Toledo'}, 'city': 'Parla', 'state': 'Asturias', 'country': 'Spain', 'postcode': 88611, 'coordinates': {'latitude': '-30.0447', 'longitude': '-120.3785'}, 'timezone': {'offset': '-6:00', 'description': 'Central Time (US &amp; Canada), Mexico City'}}, 'email': 'ignacio.gonzalez@example.com', 'login': {'uuid': '753eaa1d-fa17-4521-aeaa-8f27eb84479e', 'username': 'redostrich565', 'password': 'thegame', 'salt': '9OeBvhg4', 'md5': '1107a7e84a5c29da599bbca78dca3ee1', 'sha1': 'a01b2037ae7c8718ef1cd9d4db37f0594469fc07', 'sha256': '55e0a11a2d588e3fad5812c6f2bfda3b46cc7603bf4cb79f83d80ec7e59a7639'}, 'dob': {'date': '1998-08-02T14:09:28.170Z', 'age': 25}, 'registered': {'date': '2004-12-08T10:57:23.136Z', 'age': 19}, 'phone': '987-522-469', 'cell': '665-295-730', 'id': {'name': 'DNI', 'value': '02125444-N'}, 'picture': {'large': 'https://randomuser.me/api/portraits/men/48.jpg', 'medium': 'https://randomuser.me/api/portraits/med/men/48.jpg', 'thumbnail': 'https://randomuser.me/api/portraits/thumb/men/48.jpg'}, 'nat': 'ES'}], 'info': {'seed': 'e4f16389a2220ceb', 'results': 1, 'page': 1, 'version': '1.4'}}</msg>
<arg>${json_data}</arg>
<doc>Logs the given message with the given level.</doc>
<status status="PASS" start="2024-05-29T11:13:08.515458" elapsed="0.000209"/>
</kw>
<kw name="Dictionary Should Contain Key" owner="Collections">
<msg time="2024-05-29T11:13:08.516111" level="INFO">False</msg>
<arg>${json_data}</arg>
<arg>results</arg>
<doc>Fails if ``key`` is not found from ``dictionary``.</doc>
<status status="PASS" start="2024-05-29T11:13:08.515958" elapsed="0.000191"/>
</kw>
<kw name="Should Not Be Empty" owner="BuiltIn">
<msg time="2024-05-29T11:13:08.516578" level="INFO">Length is 2.</msg>
<arg>${json_data}</arg>
<doc>Verifies that the given item is not empty.</doc>
<status status="PASS" start="2024-05-29T11:13:08.516441" elapsed="0.000175"/>
</kw>
<kw name="Create List" owner="BuiltIn">
<msg time="2024-05-29T11:13:08.517058" level="INFO">${expected_keys} = ['gender', 'name', 'location', 'email', 'login']</msg>
<var>${expected_keys}</var>
<arg>gender</arg>
<arg>name</arg>
<arg>location</arg>
<arg>email</arg>
<arg>login</arg>
<doc>Returns a list containing given items.</doc>
<status status="PASS" start="2024-05-29T11:13:08.516903" elapsed="0.000178"/>
</kw>
<for flavor="IN">
<iter>
<kw name="Dictionary Should Contain Key" owner="Collections">
<msg time="2024-05-29T11:13:08.518063" level="INFO">False</msg>
<arg>${json_data['results'][0]}</arg>
<arg>${key}</arg>
<doc>Fails if ``key`` is not found from ``dictionary``.</doc>
<status status="PASS" start="2024-05-29T11:13:08.517661" elapsed="0.000447"/>
</kw>
<kw name="Log" owner="BuiltIn">
<msg time="2024-05-29T11:13:08.518775" level="INFO">{'gender': 'male', 'name': {'title': 'Mr', 'first': 'Ignacio', 'last': 'González'}, 'location': {'street': {'number': 8851, 'name': 'Calle de Toledo'}, 'city': 'Parla', 'state': 'Asturias', 'country': 'Spain', 'postcode': 88611, 'coordinates': {'latitude': '-30.0447', 'longitude': '-120.3785'}, 'timezone': {'offset': '-6:00', 'description': 'Central Time (US &amp; Canada), Mexico City'}}, 'email': 'ignacio.gonzalez@example.com', 'login': {'uuid': '753eaa1d-fa17-4521-aeaa-8f27eb84479e', 'username': 'redostrich565', 'password': 'thegame', 'salt': '9OeBvhg4', 'md5': '1107a7e84a5c29da599bbca78dca3ee1', 'sha1': 'a01b2037ae7c8718ef1cd9d4db37f0594469fc07', 'sha256': '55e0a11a2d588e3fad5812c6f2bfda3b46cc7603bf4cb79f83d80ec7e59a7639'}, 'dob': {'date': '1998-08-02T14:09:28.170Z', 'age': 25}, 'registered': {'date': '2004-12-08T10:57:23.136Z', 'age': 19}, 'phone': '987-522-469', 'cell': '665-295-730', 'id': {'name': 'DNI', 'value': '02125444-N'}, 'picture': {'large': 'https://randomuser.me/api/portraits/men/48.jpg', 'medium': 'https://randomuser.me/api/portraits/med/men/48.jpg', 'thumbnail': 'https://randomuser.me/api/portraits/thumb/men/48.jpg'}, 'nat': 'ES'}</msg>
<arg>${json_data['results'][0]}</arg>
<doc>Logs the given message with the given level.</doc>
<status status="PASS" start="2024-05-29T11:13:08.518406" elapsed="0.000430"/>
</kw>
<kw name="Log" owner="BuiltIn">
<msg time="2024-05-29T11:13:08.519286" level="INFO">gender</msg>
<arg>${key}</arg>
<doc>Logs the given message with the given level.</doc>
<status status="PASS" start="2024-05-29T11:13:08.519157" elapsed="0.000166"/>
</kw>
<var name="${key}">gender</var>
<status status="PASS" start="2024-05-29T11:13:08.517536" elapsed="0.002010"/>
</iter>
<iter>
<kw name="Dictionary Should Contain Key" owner="Collections">
<msg time="2024-05-29T11:13:08.520227" level="INFO">False</msg>
<arg>${json_data['results'][0]}</arg>
<arg>${key}</arg>
<doc>Fails if ``key`` is not found from ``dictionary``.</doc>
<status status="PASS" start="2024-05-29T11:13:08.519849" elapsed="0.000415"/>
</kw>
<kw name="Log" owner="BuiltIn">
<msg time="2024-05-29T11:13:08.520938" level="INFO">{'gender': 'male', 'name': {'title': 'Mr', 'first': 'Ignacio', 'last': 'González'}, 'location': {'street': {'number': 8851, 'name': 'Calle de Toledo'}, 'city': 'Parla', 'state': 'Asturias', 'country': 'Spain', 'postcode': 88611, 'coordinates': {'latitude': '-30.0447', 'longitude': '-120.3785'}, 'timezone': {'offset': '-6:00', 'description': 'Central Time (US &amp; Canada), Mexico City'}}, 'email': 'ignacio.gonzalez@example.com', 'login': {'uuid': '753eaa1d-fa17-4521-aeaa-8f27eb84479e', 'username': 'redostrich565', 'password': 'thegame', 'salt': '9OeBvhg4', 'md5': '1107a7e84a5c29da599bbca78dca3ee1', 'sha1': 'a01b2037ae7c8718ef1cd9d4db37f0594469fc07', 'sha256': '55e0a11a2d588e3fad5812c6f2bfda3b46cc7603bf4cb79f83d80ec7e59a7639'}, 'dob': {'date': '1998-08-02T14:09:28.170Z', 'age': 25}, 'registered': {'date': '2004-12-08T10:57:23.136Z', 'age': 19}, 'phone': '987-522-469', 'cell': '665-295-730', 'id': {'name': 'DNI', 'value': '02125444-N'}, 'picture': {'large': 'https://randomuser.me/api/portraits/men/48.jpg', 'medium': 'https://randomuser.me/api/portraits/med/men/48.jpg', 'thumbnail': 'https://randomuser.me/api/portraits/thumb/men/48.jpg'}, 'nat': 'ES'}</msg>
<arg>${json_data['results'][0]}</arg>
<doc>Logs the given message with the given level.</doc>
<status status="PASS" start="2024-05-29T11:13:08.520583" elapsed="0.000417"/>
</kw>
<kw name="Log" owner="BuiltIn">
<msg time="2024-05-29T11:13:08.521420" level="INFO">name</msg>
<arg>${key}</arg>
<doc>Logs the given message with the given level.</doc>
<status status="PASS" start="2024-05-29T11:13:08.521294" elapsed="0.000164"/>
</kw>
<var name="${key}">name</var>
<status status="PASS" start="2024-05-29T11:13:08.519734" elapsed="0.001941"/>
</iter>
<iter>
<kw name="Dictionary Should Contain Key" owner="Collections">
<msg time="2024-05-29T11:13:08.522340" level="INFO">False</msg>
<arg>${json_data['results'][0]}</arg>
<arg>${key}</arg>
<doc>Fails if ``key`` is not found from ``dictionary``.</doc>
<status status="PASS" start="2024-05-29T11:13:08.521963" elapsed="0.000414"/>
</kw>
<kw name="Log" owner="BuiltIn">
<msg time="2024-05-29T11:13:08.523064" level="INFO">{'gender': 'male', 'name': {'title': 'Mr', 'first': 'Ignacio', 'last': 'González'}, 'location': {'street': {'number': 8851, 'name': 'Calle de Toledo'}, 'city': 'Parla', 'state': 'Asturias', 'country': 'Spain', 'postcode': 88611, 'coordinates': {'latitude': '-30.0447', 'longitude': '-120.3785'}, 'timezone': {'offset': '-6:00', 'description': 'Central Time (US &amp; Canada), Mexico City'}}, 'email': 'ignacio.gonzalez@example.com', 'login': {'uuid': '753eaa1d-fa17-4521-aeaa-8f27eb84479e', 'username': 'redostrich565', 'password': 'thegame', 'salt': '9OeBvhg4', 'md5': '1107a7e84a5c29da599bbca78dca3ee1', 'sha1': 'a01b2037ae7c8718ef1cd9d4db37f0594469fc07', 'sha256': '55e0a11a2d588e3fad5812c6f2bfda3b46cc7603bf4cb79f83d80ec7e59a7639'}, 'dob': {'date': '1998-08-02T14:09:28.170Z', 'age': 25}, 'registered': {'date': '2004-12-08T10:57:23.136Z', 'age': 19}, 'phone': '987-522-469', 'cell': '665-295-730', 'id': {'name': 'DNI', 'value': '02125444-N'}, 'picture': {'large': 'https://randomuser.me/api/portraits/men/48.jpg', 'medium': 'https://randomuser.me/api/portraits/med/men/48.jpg', 'thumbnail': 'https://randomuser.me/api/portraits/thumb/men/48.jpg'}, 'nat': 'ES'}</msg>
<arg>${json_data['results'][0]}</arg>
<doc>Logs the given message with the given level.</doc>
<status status="PASS" start="2024-05-29T11:13:08.522678" elapsed="0.000449"/>
</kw>
<kw name="Log" owner="BuiltIn">
<msg time="2024-05-29T11:13:08.523558" level="INFO">location</msg>
<arg>${key}</arg>
<doc>Logs the given message with the given level.</doc>
<status status="PASS" start="2024-05-29T11:13:08.523431" elapsed="0.000164"/>
</kw>
<var name="${key}">location</var>
<status status="PASS" start="2024-05-29T11:13:08.521850" elapsed="0.001956"/>
</iter>
<iter>
<kw name="Dictionary Should Contain Key" owner="Collections">
<msg time="2024-05-29T11:13:08.524578" level="INFO">False</msg>
<arg>${json_data['results'][0]}</arg>
<arg>${key}</arg>
<doc>Fails if ``key`` is not found from ``dictionary``.</doc>
<status status="PASS" start="2024-05-29T11:13:08.524092" elapsed="0.000524"/>
</kw>
<kw name="Log" owner="BuiltIn">
<msg time="2024-05-29T11:13:08.525270" level="INFO">{'gender': 'male', 'name': {'title': 'Mr', 'first': 'Ignacio', 'last': 'González'}, 'location': {'street': {'number': 8851, 'name': 'Calle de Toledo'}, 'city': 'Parla', 'state': 'Asturias', 'country': 'Spain', 'postcode': 88611, 'coordinates': {'latitude': '-30.0447', 'longitude': '-120.3785'}, 'timezone': {'offset': '-6:00', 'description': 'Central Time (US &amp; Canada), Mexico City'}}, 'email': 'ignacio.gonzalez@example.com', 'login': {'uuid': '753eaa1d-fa17-4521-aeaa-8f27eb84479e', 'username': 'redostrich565', 'password': 'thegame', 'salt': '9OeBvhg4', 'md5': '1107a7e84a5c29da599bbca78dca3ee1', 'sha1': 'a01b2037ae7c8718ef1cd9d4db37f0594469fc07', 'sha256': '55e0a11a2d588e3fad5812c6f2bfda3b46cc7603bf4cb79f83d80ec7e59a7639'}, 'dob': {'date': '1998-08-02T14:09:28.170Z', 'age': 25}, 'registered': {'date': '2004-12-08T10:57:23.136Z', 'age': 19}, 'phone': '987-522-469', 'cell': '665-295-730', 'id': {'name': 'DNI', 'value': '02125444-N'}, 'picture': {'large': 'https://randomuser.me/api/portraits/men/48.jpg', 'medium': 'https://randomuser.me/api/portraits/med/men/48.jpg', 'thumbnail': 'https://randomuser.me/api/portraits/thumb/men/48.jpg'}, 'nat': 'ES'}</msg>
<arg>${json_data['results'][0]}</arg>
<doc>Logs the given message with the given level.</doc>
<status status="PASS" start="2024-05-29T11:13:08.524913" elapsed="0.000407"/>
</kw>
<kw name="Log" owner="BuiltIn">
<msg time="2024-05-29T11:13:08.525744" level="INFO">email</msg>
<arg>${key}</arg>
<doc>Logs the given message with the given level.</doc>
<status status="PASS" start="2024-05-29T11:13:08.525616" elapsed="0.000165"/>
</kw>
<var name="${key}">email</var>
<status status="PASS" start="2024-05-29T11:13:08.523980" elapsed="0.002014"/>
</iter>
<iter>
<kw name="Dictionary Should Contain Key" owner="Collections">
<msg time="2024-05-29T11:13:08.526657" level="INFO">False</msg>
<arg>${json_data['results'][0]}</arg>
<arg>${key}</arg>
<doc>Fails if ``key`` is not found from ``dictionary``.</doc>
<status status="PASS" start="2024-05-29T11:13:08.526278" elapsed="0.000416"/>
</kw>
<kw name="Log" owner="BuiltIn">
<msg time="2024-05-29T11:13:08.527374" level="INFO">{'gender': 'male', 'name': {'title': 'Mr', 'first': 'Ignacio', 'last': 'González'}, 'location': {'street': {'number': 8851, 'name': 'Calle de Toledo'}, 'city': 'Parla', 'state': 'Asturias', 'country': 'Spain', 'postcode': 88611, 'coordinates': {'latitude': '-30.0447', 'longitude': '-120.3785'}, 'timezone': {'offset': '-6:00', 'description': 'Central Time (US &amp; Canada), Mexico City'}}, 'email': 'ignacio.gonzalez@example.com', 'login': {'uuid': '753eaa1d-fa17-4521-aeaa-8f27eb84479e', 'username': 'redostrich565', 'password': 'thegame', 'salt': '9OeBvhg4', 'md5': '1107a7e84a5c29da599bbca78dca3ee1', 'sha1': 'a01b2037ae7c8718ef1cd9d4db37f0594469fc07', 'sha256': '55e0a11a2d588e3fad5812c6f2bfda3b46cc7603bf4cb79f83d80ec7e59a7639'}, 'dob': {'date': '1998-08-02T14:09:28.170Z', 'age': 25}, 'registered': {'date': '2004-12-08T10:57:23.136Z', 'age': 19}, 'phone': '987-522-469', 'cell': '665-295-730', 'id': {'name': 'DNI', 'value': '02125444-N'}, 'picture': {'large': 'https://randomuser.me/api/portraits/men/48.jpg', 'medium': 'https://randomuser.me/api/portraits/med/men/48.jpg', 'thumbnail': 'https://randomuser.me/api/portraits/thumb/men/48.jpg'}, 'nat': 'ES'}</msg>
<arg>${json_data['results'][0]}</arg>
<doc>Logs the given message with the given level.</doc>
<status status="PASS" start="2024-05-29T11:13:08.526995" elapsed="0.000440"/>
</kw>
<kw name="Log" owner="BuiltIn">
<msg time="2024-05-29T11:13:08.527866" level="INFO">login</msg>
<arg>${key}</arg>
<doc>Logs the given message with the given level.</doc>
<status status="PASS" start="2024-05-29T11:13:08.527727" elapsed="0.000176"/>
</kw>
<var name="${key}">login</var>
<status status="PASS" start="2024-05-29T11:13:08.526166" elapsed="0.001981"/>
</iter>
<var>${key}</var>
<value>@{expected_keys}</value>
<status status="PASS" start="2024-05-29T11:13:08.517339" elapsed="0.010934"/>
</for>
<kw name="Create List" owner="BuiltIn">
<msg time="2024-05-29T11:13:08.528602" level="INFO">${expected_keysTwo} = ['username', 'password']</msg>
<var>${expected_keysTwo}</var>
<arg>username</arg>
<arg>password</arg>
<doc>Returns a list containing given items.</doc>
<status status="PASS" start="2024-05-29T11:13:08.528466" elapsed="0.000160"/>
</kw>
<for flavor="IN">
<iter>
<kw name="Dictionary Should Contain Key" owner="Collections">
<msg time="2024-05-29T11:13:08.529511" level="INFO">False</msg>
<arg>${json_data['results'][0]['login']}</arg>
<arg>${keyTwo}</arg>
<doc>Fails if ``key`` is not found from ``dictionary``.</doc>
<status status="PASS" start="2024-05-29T11:13:08.529116" elapsed="0.000432"/>
</kw>
<kw name="Dictionary Should Contain Key" owner="Collections">
<msg time="2024-05-29T11:13:08.530216" level="INFO">False</msg>
<arg>${json_data['results'][0]['login']}</arg>
<arg>${keyTwo}</arg>
<doc>Fails if ``key`` is not found from ``dictionary``.</doc>
<status status="PASS" start="2024-05-29T11:13:08.529841" elapsed="0.000411"/>
</kw>
<kw name="Log" owner="BuiltIn">
<msg time="2024-05-29T11:13:08.530664" level="INFO">username</msg>
<arg>${keyTwo}</arg>
<doc>Logs the given message with the given level.</doc>
<status status="PASS" start="2024-05-29T11:13:08.530540" elapsed="0.000160"/>
</kw>
<var name="${keyTwo}">username</var>
<status status="PASS" start="2024-05-29T11:13:08.529007" elapsed="0.001912"/>
</iter>
<iter>
<kw name="Dictionary Should Contain Key" owner="Collections">
<msg time="2024-05-29T11:13:08.531614" level="INFO">False</msg>
<arg>${json_data['results'][0]['login']}</arg>
<arg>${keyTwo}</arg>
<doc>Fails if ``key`` is not found from ``dictionary``.</doc>
<status status="PASS" start="2024-05-29T11:13:08.531240" elapsed="0.000410"/>
</kw>
<kw name="Dictionary Should Contain Key" owner="Collections">
<msg time="2024-05-29T11:13:08.532323" level="INFO">False</msg>
<arg>${json_data['results'][0]['login']}</arg>
<arg>${keyTwo}</arg>
<doc>Fails if ``key`` is not found from ``dictionary``.</doc>
<status status="PASS" start="2024-05-29T11:13:08.531952" elapsed="0.000407"/>
</kw>
<kw name="Log" owner="BuiltIn">
<msg time="2024-05-29T11:13:08.532774" level="INFO">password</msg>
<arg>${keyTwo}</arg>
<doc>Logs the given message with the given level.</doc>
<status status="PASS" start="2024-05-29T11:13:08.532647" elapsed="0.000164"/>
</kw>
<var name="${keyTwo}">password</var>
<status status="PASS" start="2024-05-29T11:13:08.531126" elapsed="0.001897"/>
</iter>
<var>${keyTwo}</var>
<value>@{expected_keysTwo}</value>
<status status="PASS" start="2024-05-29T11:13:08.528858" elapsed="0.004284"/>
</for>
<status status="PASS" start="2024-05-29T11:13:07.996005" elapsed="0.537277"/>
</kw>
<doc>Testa a estrutura da resposta da API.</doc>
<tag>testeEstruturaResposta</tag>
<status status="PASS" start="2024-05-29T11:13:07.995488" elapsed="0.537949"/>
</test>
<test id="s1-s1-t4" name="Validar tipos de dados" line="28">
<kw name="Teste de Tipos de Dados" owner="random-user-service">
<kw name="GET On Session" owner="RequestsLibrary">
<msg time="2024-05-29T11:13:08.653598" level="INFO">GET Request : url=https://randomuser.me/api 
 path_url=/api 
 headers={'User-Agent': 'python-requests/2.32.2', 'Accept-Encoding': 'gzip, deflate', 'Accept': '*/*', 'Connection': 'keep-alive'} 
 body=None 
 </msg>
<msg time="2024-05-29T11:13:08.653683" level="INFO">GET Response : url=https://randomuser.me/api 
 status=200, reason=OK 
 headers={'Date': 'Wed, 29 May 2024 11:13:08 GMT', 'Content-Type': 'application/json; charset=utf-8', 'Transfer-Encoding': 'chunked', 'Connection': 'keep-alive', 'X-Powered-By': 'Express', 'Access-Control-Allow-Origin': '*', 'Cache-Control': 'no-cache', 'ETag': 'W/"483-l6rbW1oBPMiR9oPGKeNXar4iZ4I"', 'Vary': 'Accept-Encoding', 'Content-Encoding': 'gzip', 'CF-Cache-Status': 'DYNAMIC', 'Report-To': '{"endpoints":[{"url":"https:\\/\\/a.nel.cloudflare.com\\/report\\/v4?s=3NW%2BPzKlZqCTDRgExtL5laOclplfPkpd7h%2Bcp99XIvSW8oSJ9K9vXQAVTzBpavbo53PjZ5NoaC%2FynRFIcT1FZQdyIKBjU13cj2dr95ar5KmMVdgdJQcMPBw2CPdMsZrU"}],"group":"cf-nel","max_age":604800}', 'NEL': '{"success_fraction":0,"report_to":"cf-nel","max_age":604800}', 'Server': 'cloudflare', 'CF-RAY': '88b60dac5aad13f2-ORD', 'alt-svc': 'h3=":443"; ma=86400'} 
 body={"results":[{"gender":"female","name":{"title":"Miss","first":"Lily","last":"Gagné"},"location":{"street":{"number":4884,"name":"King St"},"city":"Dorchester","state":"Nova Scotia","country":"Canada","postcode":"P6O 6F8","coordinates":{"latitude":"-64.9597","longitude":"143.8014"},"timezone":{"offset":"+6:00","description":"Almaty, Dhaka, Colombo"}},"email":"lily.gagne@example.com","login":{"uuid":"b51c7848-92f7-49c5-b5b3-f18b15ab3b43","username":"bluezebra195","password":"quebec","salt":"l8CIWuSu","md5":"cbfc4143ebd5c302ba7e4cdcadd01e4d","sha1":"71e6636bc3de7b630c87ae62be88fd420bce68c1","sha256":"9775df3512970a33463aec3c21cd9949ca9f37c89ac32677984876f52c27d328"},"dob":{"date":"1976-07-29T04:52:42.942Z","age":47},"registered":{"date":"2016-04-13T07:49:18.148Z","age":8},"phone":"I66 G72-2268","cell":"X12 H41-1258","id":{"name":"SIN","value":"725925523"},"picture":{"large":"https://randomuser.me/api/portraits/women/11.jpg","medium":"https://randomuser.me/api/portraits/med/women/11.jpg","thumbnail":"https://randomuser.me/api/portraits/thumb/women/11.jpg"},"nat":"CA"}],"info":{"seed":"218a76497e4c6640","results":1,"page":1,"version":"1.4"}} 
 </msg>
<msg time="2024-05-29T11:13:08.653757" level="INFO">/opt/hostedtoolcache/Python/3.12.3/x64/lib/python3.12/site-packages/urllib3/connectionpool.py:1103: InsecureRequestWarning: Unverified HTTPS request is being made to host 'randomuser.me'. Adding certificate verification is strongly advised. See: https://urllib3.readthedocs.io/en/latest/advanced-usage.html#tls-warnings
  warnings.warn(</msg>
<msg time="2024-05-29T11:13:08.653875" level="INFO">${response} = &lt;Response [200]&gt;</msg>
<var>${response}</var>
<arg>consultarAPI</arg>
<arg>/api</arg>
<doc>Sends a GET request on a previously created HTTP Session.</doc>
<status status="PASS" start="2024-05-29T11:13:08.535957" elapsed="0.117973"/>
</kw>
<kw name="Set Variable" owner="BuiltIn">
<msg time="2024-05-29T11:13:08.655016" level="INFO">${json_data} = {'results': [{'gender': 'female', 'name': {'title': 'Miss', 'first': 'Lily', 'last': 'Gagné'}, 'location': {'street': {'number': 4884, 'name': 'King St'}, 'city': 'Dorchester', 'state': 'Nova Scotia',...</msg>
<var>${json_data}</var>
<arg>${response.json()}</arg>
<doc>Returns the given values which can then be assigned to a variables.</doc>
<status status="PASS" start="2024-05-29T11:13:08.654414" elapsed="0.000661"/>
</kw>
<kw name="Log" owner="BuiltIn">
<msg time="2024-05-29T11:13:08.655551" level="INFO">{'results': [{'gender': 'female', 'name': {'title': 'Miss', 'first': 'Lily', 'last': 'Gagné'}, 'location': {'street': {'number': 4884, 'name': 'King St'}, 'city': 'Dorchester', 'state': 'Nova Scotia', 'country': 'Canada', 'postcode': 'P6O 6F8', 'coordinates': {'latitude': '-64.9597', 'longitude': '143.8014'}, 'timezone': {'offset': '+6:00', 'description': 'Almaty, Dhaka, Colombo'}}, 'email': 'lily.gagne@example.com', 'login': {'uuid': 'b51c7848-92f7-49c5-b5b3-f18b15ab3b43', 'username': 'bluezebra195', 'password': 'quebec', 'salt': 'l8CIWuSu', 'md5': 'cbfc4143ebd5c302ba7e4cdcadd01e4d', 'sha1': '71e6636bc3de7b630c87ae62be88fd420bce68c1', 'sha256': '9775df3512970a33463aec3c21cd9949ca9f37c89ac32677984876f52c27d328'}, 'dob': {'date': '1976-07-29T04:52:42.942Z', 'age': 47}, 'registered': {'date': '2016-04-13T07:49:18.148Z', 'age': 8}, 'phone': 'I66 G72-2268', 'cell': 'X12 H41-1258', 'id': {'name': 'SIN', 'value': '725925523'}, 'picture': {'large': 'https://randomuser.me/api/portraits/women/11.jpg', 'medium': 'https://randomuser.me/api/portraits/med/women/11.jpg', 'thumbnail': 'https://randomuser.me/api/portraits/thumb/women/11.jpg'}, 'nat': 'CA'}], 'info': {'seed': '218a76497e4c6640', 'results': 1, 'page': 1, 'version': '1.4'}}</msg>
<arg>${json_data}</arg>
<doc>Logs the given message with the given level.</doc>
<status status="PASS" start="2024-05-29T11:13:08.655395" elapsed="0.000236"/>
</kw>
<kw name="Should Be String" owner="String">
<arg>${json_data['results'][0]['gender']}</arg>
<doc>Fails if the given ``item`` is not a string.</doc>
<status status="PASS" start="2024-05-29T11:13:08.655928" elapsed="0.000362"/>
</kw>
<kw name="Should Match Regexp" owner="BuiltIn">
<arg>${json_data['results'][0]['email']}</arg>
<arg>^[a-zA-Z0-9._%+-]+@[a-zA-Z0-9.-]+\.[a-zA-Z]{2,}$</arg>
<doc>Fails if ``string`` does not match ``pattern`` as a regular expression.</doc>
<status status="PASS" start="2024-05-29T11:13:08.656479" elapsed="0.000629"/>
</kw>
<kw name="Should Match Regexp" owner="BuiltIn">
<arg>${json_data['results'][0]['dob']['date']}</arg>
<arg>\\d{4}-\\d{2}-\\d{2}T\\d{2}:\\d{2}:\\d{2}\\.\\d{3}Z</arg>
<doc>Fails if ``string`` does not match ``pattern`` as a regular expression.</doc>
<status status="PASS" start="2024-05-29T11:13:08.657303" elapsed="0.000476"/>
</kw>
<kw name="Should Match Regexp" owner="BuiltIn">
<arg>${json_data['results'][0]['registered']['date']}</arg>
<arg>\\d{4}-\\d{2}-\\d{2}T\\d{2}:\\d{2}:\\d{2}\\.\\d{3}Z</arg>
<doc>Fails if ``string`` does not match ``pattern`` as a regular expression.</doc>
<status status="PASS" start="2024-05-29T11:13:08.657969" elapsed="0.000363"/>
</kw>
<kw name="Should Match Regexp" owner="BuiltIn">
<arg>${json_data['results'][0]['picture']['large']}</arg>
<arg>^https?://.*\.(?:png|jpe?g|gif|bmp)$</arg>
<doc>Fails if ``string`` does not match ``pattern`` as a regular expression.</doc>
<status status="PASS" start="2024-05-29T11:13:08.658518" elapsed="0.000459"/>
</kw>
<kw name="Should Match Regexp" owner="BuiltIn">
<arg>${json_data['results'][0]['picture']['medium']}</arg>
<arg>^https?://.*\.(?:png|jpe?g|gif|bmp)$</arg>
<doc>Fails if ``string`` does not match ``pattern`` as a regular expression.</doc>
<status status="PASS" start="2024-05-29T11:13:08.659219" elapsed="0.000354"/>
</kw>
<kw name="Should Match Regexp" owner="BuiltIn">
<arg>${json_data['results'][0]['picture']['thumbnail']}</arg>
<arg>^https?://.*\.(?:png|jpe?g|gif|bmp)$</arg>
<doc>Fails if ``string`` does not match ``pattern`` as a regular expression.</doc>
<status status="PASS" start="2024-05-29T11:13:08.659762" elapsed="0.000357"/>
</kw>
<kw name="Log" owner="BuiltIn">
<msg time="2024-05-29T11:13:08.660617" level="INFO">{'large': 'https://randomuser.me/api/portraits/women/11.jpg', 'medium': 'https://randomuser.me/api/portraits/med/women/11.jpg', 'thumbnail': 'https://randomuser.me/api/portraits/thumb/women/11.jpg'}</msg>
<arg>${json_data['results'][0]['picture']}</arg>
<doc>Logs the given message with the given level.</doc>
<status status="PASS" start="2024-05-29T11:13:08.660299" elapsed="0.000359"/>
</kw>
<status status="PASS" start="2024-05-29T11:13:08.535725" elapsed="0.125181"/>
</kw>
<kw name="Teste de Tipos de Dados - Postcode" owner="random-user-service">
<kw name="GET On Session" owner="RequestsLibrary">
<msg time="2024-05-29T11:13:08.707622" level="INFO">GET Request : url=https://randomuser.me/api 
 path_url=/api 
 headers={'User-Agent': 'python-requests/2.32.2', 'Accept-Encoding': 'gzip, deflate', 'Accept': '*/*', 'Connection': 'keep-alive'} 
 body=None 
 </msg>
<msg time="2024-05-29T11:13:08.707704" level="INFO">GET Response : url=https://randomuser.me/api 
 status=200, reason=OK 
 headers={'Date': 'Wed, 29 May 2024 11:13:08 GMT', 'Content-Type': 'application/json; charset=utf-8', 'Transfer-Encoding': 'chunked', 'Connection': 'keep-alive', 'X-Powered-By': 'Express', 'Access-Control-Allow-Origin': '*', 'Cache-Control': 'no-cache', 'ETag': 'W/"492-7egd/byILJwN58TO8cTiTnry40E"', 'Vary': 'Accept-Encoding', 'Content-Encoding': 'gzip', 'CF-Cache-Status': 'DYNAMIC', 'Report-To': '{"endpoints":[{"url":"https:\\/\\/a.nel.cloudflare.com\\/report\\/v4?s=5UGmQNOgUuWxYzQBR8S%2BiXnTgzC7UPjiG3Cn6y4wKryW0Rjl%2F0%2BPo96Uk2I3IehwcvtuoG9QmRxAgfnet5LVQ9E%2FeC2c9Hdb93k0UFwb0xkuNEJY621b2a9wwPL%2BZ2OS"}],"group":"cf-nel","max_age":604800}', 'NEL': '{"success_fraction":0,"report_to":"cf-nel","max_age":604800}', 'Server': 'cloudflare', 'CF-RAY': '88b60dad2b5b13f2-ORD', 'alt-svc': 'h3=":443"; ma=86400'} 
 body={"results":[{"gender":"female","name":{"title":"Miss","first":"Buse","last":"Sözeri"},"location":{"street":{"number":5078,"name":"Talak Göktepe Cd"},"city":"Malatya","state":"Tunceli","country":"Turkey","postcode":48507,"coordinates":{"latitude":"69.6979","longitude":"153.8452"},"timezone":{"offset":"-5:00","description":"Eastern Time (US &amp; Canada), Bogota, Lima"}},"email":"buse.sozeri@example.com","login":{"uuid":"1b04848c-642d-480b-8c92-d4f336b764cb","username":"bluesnake351","password":"moonbeam","salt":"rl2GdSYX","md5":"b99aa4c4d707b3c483da2746284c76a8","sha1":"53959cf1059b3599cdb57435b06b6cf641f8e5bc","sha256":"8fac05d5b6ff025d4f1befe0f45ee569504e3a84bf40273b52d19eb336886a64"},"dob":{"date":"2001-02-04T01:21:55.455Z","age":23},"registered":{"date":"2006-02-01T12:06:27.902Z","age":18},"phone":"(474)-427-7953","cell":"(449)-865-2254","id":{"name":"","value":null},"picture":{"large":"https://randomuser.me/api/portraits/women/22.jpg","medium":"https://randomuser.me/api/portraits/med/women/22.jpg","thumbnail":"https://randomuser.me/api/portraits/thumb/women/22.jpg"},"nat":"TR"}],"info":{"seed":"5a34e56f887ebd7a","results":1,"page":1,"version":"1.4"}} 
 </msg>
<msg time="2024-05-29T11:13:08.707781" level="INFO">/opt/hostedtoolcache/Python/3.12.3/x64/lib/python3.12/site-packages/urllib3/connectionpool.py:1103: InsecureRequestWarning: Unverified HTTPS request is being made to host 'randomuser.me'. Adding certificate verification is strongly advised. See: https://urllib3.readthedocs.io/en/latest/advanced-usage.html#tls-warnings
  warnings.warn(</msg>
<msg time="2024-05-29T11:13:08.707921" level="INFO">${response} = &lt;Response [200]&gt;</msg>
<var>${response}</var>
<arg>consultarAPI</arg>
<arg>/api</arg>
<doc>Sends a GET request on a previously created HTTP Session.</doc>
<status status="PASS" start="2024-05-29T11:13:08.661343" elapsed="0.046631"/>
</kw>
<kw name="Set Variable" owner="BuiltIn">
<msg time="2024-05-29T11:13:08.709061" level="INFO">${json_data} = {'results': [{'gender': 'female', 'name': {'title': 'Miss', 'first': 'Buse', 'last': 'Sözeri'}, 'location': {'street': {'number': 5078, 'name': 'Talak Göktepe Cd'}, 'city': 'Malatya', 'state': 'Tuncel...</msg>
<var>${json_data}</var>
<arg>${response.json()}</arg>
<doc>Returns the given values which can then be assigned to a variables.</doc>
<status status="PASS" start="2024-05-29T11:13:08.708454" elapsed="0.000638"/>
</kw>
<kw name="Log" owner="BuiltIn">
<msg time="2024-05-29T11:13:08.709557" level="INFO">{'results': [{'gender': 'female', 'name': {'title': 'Miss', 'first': 'Buse', 'last': 'Sözeri'}, 'location': {'street': {'number': 5078, 'name': 'Talak Göktepe Cd'}, 'city': 'Malatya', 'state': 'Tunceli', 'country': 'Turkey', 'postcode': 48507, 'coordinates': {'latitude': '69.6979', 'longitude': '153.8452'}, 'timezone': {'offset': '-5:00', 'description': 'Eastern Time (US &amp; Canada), Bogota, Lima'}}, 'email': 'buse.sozeri@example.com', 'login': {'uuid': '1b04848c-642d-480b-8c92-d4f336b764cb', 'username': 'bluesnake351', 'password': 'moonbeam', 'salt': 'rl2GdSYX', 'md5': 'b99aa4c4d707b3c483da2746284c76a8', 'sha1': '53959cf1059b3599cdb57435b06b6cf641f8e5bc', 'sha256': '8fac05d5b6ff025d4f1befe0f45ee569504e3a84bf40273b52d19eb336886a64'}, 'dob': {'date': '2001-02-04T01:21:55.455Z', 'age': 23}, 'registered': {'date': '2006-02-01T12:06:27.902Z', 'age': 18}, 'phone': '(474)-427-7953', 'cell': '(449)-865-2254', 'id': {'name': '', 'value': None}, 'picture': {'large': 'https://randomuser.me/api/portraits/women/22.jpg', 'medium': 'https://randomuser.me/api/portraits/med/women/22.jpg', 'thumbnail': 'https://randomuser.me/api/portraits/thumb/women/22.jpg'}, 'nat': 'TR'}], 'info': {'seed': '5a34e56f887ebd7a', 'results': 1, 'page': 1, 'version': '1.4'}}</msg>
<arg>${json_data}</arg>
<doc>Logs the given message with the given level.</doc>
<status status="PASS" start="2024-05-29T11:13:08.709402" elapsed="0.000247"/>
</kw>
<kw name="Should Be Equal As Numbers" owner="BuiltIn">
<arg>${json_data['results'][0]['location']['postcode']}</arg>
<arg>${json_data['results'][0]['location']['postcode']}</arg>
<doc>Fails if objects are unequal after converting them to real numbers.</doc>
<status status="PASS" start="2024-05-29T11:13:08.709952" elapsed="0.000611"/>
</kw>
<kw name="Log" owner="BuiltIn">
<msg time="2024-05-29T11:13:08.711131" level="INFO">48507</msg>
<arg>${json_data['results'][0]['location']['postcode']}</arg>
<doc>Logs the given message with the given level.</doc>
<status status="PASS" start="2024-05-29T11:13:08.710752" elapsed="0.000422"/>
</kw>
<status status="PASS" start="2024-05-29T11:13:08.661117" elapsed="0.050314"/>
</kw>
<doc>Testa se os tipos de dados na resposta da API estão corretos.</doc>
<tag>testeTiposDados</tag>
<status status="PASS" start="2024-05-29T11:13:08.535237" elapsed="0.176355"/>
</test>
<test id="s1-s1-t5" name="Validar conteudo" line="35">
<kw name="Teste de Tipos de Conteudo" owner="random-user-service">
<kw name="GET On Session" owner="RequestsLibrary">
<msg time="2024-05-29T11:13:08.808758" level="INFO">GET Request : url=https://randomuser.me/api 
 path_url=/api 
 headers={'User-Agent': 'python-requests/2.32.2', 'Accept-Encoding': 'gzip, deflate', 'Accept': '*/*', 'Connection': 'keep-alive'} 
 body=None 
 </msg>
<msg time="2024-05-29T11:13:08.808844" level="INFO">GET Response : url=https://randomuser.me/api 
 status=200, reason=OK 
 headers={'Date': 'Wed, 29 May 2024 11:13:08 GMT', 'Content-Type': 'application/json; charset=utf-8', 'Transfer-Encoding': 'chunked', 'Connection': 'keep-alive', 'X-Powered-By': 'Express', 'Access-Control-Allow-Origin': '*', 'Cache-Control': 'no-cache', 'ETag': 'W/"48d-7Gy/eaCyfs2SdkKZ99zGzTzE/YY"', 'Vary': 'Accept-Encoding', 'Content-Encoding': 'gzip', 'CF-Cache-Status': 'DYNAMIC', 'Report-To': '{"endpoints":[{"url":"https:\\/\\/a.nel.cloudflare.com\\/report\\/v4?s=Dyzwe7GKcks5iw2kOQ3CrF4X3BGPzFIv9fpSi2d8c85jp4nTLYXZLHzthuuoVVwIE5URNDFNt5J6Gcv775acTB40YZ%2FoCm850Nw2T%2BMqj8OHnp9mfX6lxzMbjbFya7nJ"}],"group":"cf-nel","max_age":604800}', 'NEL': '{"success_fraction":0,"report_to":"cf-nel","max_age":604800}', 'Server': 'cloudflare', 'CF-RAY': '88b60dad7b9113f2-ORD', 'alt-svc': 'h3=":443"; ma=86400'} 
 body={"results":[{"gender":"female","name":{"title":"Mrs","first":"Agafonika","last":"Burbak"},"location":{"street":{"number":951,"name":"Provulok Skulptora Vitrika"},"city":"Pidgorodne","state":"Luganska","country":"Ukraine","postcode":50659,"coordinates":{"latitude":"80.4892","longitude":"87.6143"},"timezone":{"offset":"-2:00","description":"Mid-Atlantic"}},"email":"agafonika.burbak@example.com","login":{"uuid":"018612a7-738f-454b-9f92-a2b35d04f8a6","username":"blackostrich229","password":"metallic","salt":"nI7wtQf9","md5":"a96d1495a194bd374a7215799e158c41","sha1":"d828f22b315ea1bccbd9939fe88148fa13a176d7","sha256":"36302b9b59e97785b29f30d67cdc4bbb9c2abbb5f9101a7ee3384e479bfc86aa"},"dob":{"date":"1986-05-05T08:16:09.538Z","age":38},"registered":{"date":"2006-10-11T00:02:43.514Z","age":17},"phone":"(099) A29-5643","cell":"(067) U35-0153","id":{"name":"","value":null},"picture":{"large":"https://randomuser.me/api/portraits/women/32.jpg","medium":"https://randomuser.me/api/portraits/med/women/32.jpg","thumbnail":"https://randomuser.me/api/portraits/thumb/women/32.jpg"},"nat":"UA"}],"info":{"seed":"f1d257c2fc6c7465","results":1,"page":1,"version":"1.4"}} 
 </msg>
<msg time="2024-05-29T11:13:08.808918" level="INFO">/opt/hostedtoolcache/Python/3.12.3/x64/lib/python3.12/site-packages/urllib3/connectionpool.py:1103: InsecureRequestWarning: Unverified HTTPS request is being made to host 'randomuser.me'. Adding certificate verification is strongly advised. See: https://urllib3.readthedocs.io/en/latest/advanced-usage.html#tls-warnings
  warnings.warn(</msg>
<msg time="2024-05-29T11:13:08.809029" level="INFO">${response} = &lt;Response [200]&gt;</msg>
<var>${response}</var>
<arg>consultarAPI</arg>
<arg>/api</arg>
<doc>Sends a GET request on a previously created HTTP Session.</doc>
<status status="PASS" start="2024-05-29T11:13:08.714369" elapsed="0.094701"/>
</kw>
<kw name="Set Variable" owner="BuiltIn">
<msg time="2024-05-29T11:13:08.809942" level="INFO">${json_data} = {'results': [{'gender': 'female', 'name': {'title': 'Mrs', 'first': 'Agafonika', 'last': 'Burbak'}, 'location': {'street': {'number': 951, 'name': 'Provulok Skulptora Vitrika'}, 'city': 'Pidgorodne', ...</msg>
<var>${json_data}</var>
<arg>${response.json()}</arg>
<doc>Returns the given values which can then be assigned to a variables.</doc>
<status status="PASS" start="2024-05-29T11:13:08.809503" elapsed="0.000467"/>
</kw>
<kw name="Set Variable" owner="BuiltIn">
<msg time="2024-05-29T11:13:08.810676" level="INFO">${name_title} = Mrs</msg>
<var>${name_title}</var>
<arg>${json_data["results"][0]["name"]["title"]}</arg>
<doc>Returns the given values which can then be assigned to a variables.</doc>
<status status="PASS" start="2024-05-29T11:13:08.810287" elapsed="0.000414"/>
</kw>
<kw name="Create List" owner="BuiltIn">
<msg time="2024-05-29T11:13:08.811221" level="INFO">${allowed_titles} = ['Mr', 'Ms', 'Miss', 'Mrs', 'Madame', 'Monsieur']</msg>
<var>${allowed_titles}</var>
<arg>Mr</arg>
<arg>Ms</arg>
<arg>Miss</arg>
<arg>Mrs</arg>
<arg>Madame</arg>
<arg>Monsieur</arg>
<doc>Returns a list containing given items.</doc>
<status status="PASS" start="2024-05-29T11:13:08.811022" elapsed="0.000224"/>
</kw>
<kw name="List Should Contain Value" owner="Collections">
<msg time="2024-05-29T11:13:08.811729" level="INFO">False</msg>
<arg>${allowed_titles}</arg>
<arg>${name_title}</arg>
<doc>Fails if the ``value`` is not found from ``list``.</doc>
<status status="PASS" start="2024-05-29T11:13:08.811552" elapsed="0.000214"/>
</kw>
<kw name="Set Variable" owner="BuiltIn">
<msg time="2024-05-29T11:13:08.812575" level="INFO">${name_country} = UA</msg>
<var>${name_country}</var>
<arg>${json_data["results"][0]["nat"]}</arg>
<doc>Returns the given values which can then be assigned to a variables.</doc>
<status status="PASS" start="2024-05-29T11:13:08.812060" elapsed="0.000540"/>
</kw>
<kw name="Create List" owner="BuiltIn">
<msg time="2024-05-29T11:13:08.813502" level="INFO">${list_country} = ['AD', 'AE', 'AF', 'AG', 'AI', 'AL', 'AM', 'AO', 'AQ', 'AR', 'AS', 'AT', 'AU', 'AW', 'AX', 'AZ', 'BA', 'BB', 'BD', 'BE', 'BF', 'BG', 'BH', 'BI', 'BJ', 'BL', 'BM', 'BN', 'BO', 'BQ', 'BR', 'BS', 'BT', '...</msg>
<var>${list_country}</var>
<arg>AD</arg>
<arg>AE</arg>
<arg>AF</arg>
<arg>AG</arg>
<arg>AI</arg>
<arg>AL</arg>
<arg>AM</arg>
<arg>AO</arg>
<arg>AQ</arg>
<arg>AR</arg>
<arg>AS</arg>
<arg>AT</arg>
<arg>AU</arg>
<arg>AW</arg>
<arg>AX</arg>
<arg>AZ</arg>
<arg>BA</arg>
<arg>BB</arg>
<arg>BD</arg>
<arg>BE</arg>
<arg>BF</arg>
<arg>BG</arg>
<arg>BH</arg>
<arg>BI</arg>
<arg>BJ</arg>
<arg>BL</arg>
<arg>BM</arg>
<arg>BN</arg>
<arg>BO</arg>
<arg>BQ</arg>
<arg>BR</arg>
<arg>BS</arg>
<arg>BT</arg>
<arg>BV</arg>
<arg>BW</arg>
<arg>BY</arg>
<arg>BZ</arg>
<arg>CA</arg>
<arg>CC</arg>
<arg>CD</arg>
<arg>CF</arg>
<arg>CG</arg>
<arg>CH</arg>
<arg>CI</arg>
<arg>CK</arg>
<arg>CL</arg>
<arg>CM</arg>
<arg>CN</arg>
<arg>CO</arg>
<arg>CR</arg>
<arg>CU</arg>
<arg>CV</arg>
<arg>CW</arg>
<arg>CX</arg>
<arg>CY</arg>
<arg>CZ</arg>
<arg>DE</arg>
<arg>DJ</arg>
<arg>DK</arg>
<arg>DM</arg>
<arg>DO</arg>
<arg>DZ</arg>
<arg>EC</arg>
<arg>EE</arg>
<arg>EG</arg>
<arg>EH</arg>
<arg>ER</arg>
<arg>ES</arg>
<arg>ET</arg>
<arg>FI</arg>
<arg>FJ</arg>
<arg>FK</arg>
<arg>FM</arg>
<arg>FO</arg>
<arg>FR</arg>
<arg>GA</arg>
<arg>GB</arg>
<arg>GD</arg>
<arg>GE</arg>
<arg>GF</arg>
<arg>GG</arg>
<arg>GH</arg>
<arg>GI</arg>
<arg>GL</arg>
<arg>GM</arg>
<arg>GN</arg>
<arg>GP</arg>
<arg>GQ</arg>
<arg>GR</arg>
<arg>GS</arg>
<arg>GT</arg>
<arg>GU</arg>
<arg>GW</arg>
<arg>GY</arg>
<arg>HK</arg>
<arg>HM</arg>
<arg>HN</arg>
<arg>HR</arg>
<arg>HT</arg>
<arg>HU</arg>
<arg>ID</arg>
<arg>IE</arg>
<arg>IL</arg>
<arg>IM</arg>
<arg>IN</arg>
<arg>IO</arg>
<arg>IQ</arg>
<arg>IR</arg>
<arg>IS</arg>
<arg>IT</arg>
<arg>JE</arg>
<arg>JM</arg>
<arg>JO</arg>
<arg>JP</arg>
<arg>KE</arg>
<arg>KG</arg>
<arg>KH</arg>
<arg>KI</arg>
<arg>KM</arg>
<arg>KN</arg>
<arg>KP</arg>
<arg>KR</arg>
<arg>KW</arg>
<arg>KY</arg>
<arg>KZ</arg>
<arg>LA</arg>
<arg>LB</arg>
<arg>LC</arg>
<arg>LI</arg>
<arg>LK</arg>
<arg>LR</arg>
<arg>LS</arg>
<arg>LT</arg>
<arg>LU</arg>
<arg>LV</arg>
<arg>LY</arg>
<arg>MA</arg>
<arg>MC</arg>
<arg>MD</arg>
<arg>ME</arg>
<arg>MF</arg>
<arg>MG</arg>
<arg>MH</arg>
<arg>MK</arg>
<arg>ML</arg>
<arg>MM</arg>
<arg>MN</arg>
<arg>MO</arg>
<arg>MP</arg>
<arg>MQ</arg>
<arg>MR</arg>
<arg>MS</arg>
<arg>MT</arg>
<arg>MU</arg>
<arg>MV</arg>
<arg>MW</arg>
<arg>MX</arg>
<arg>MY</arg>
<arg>MZ</arg>
<arg>NA</arg>
<arg>NC</arg>
<arg>NE</arg>
<arg>NF</arg>
<arg>NG</arg>
<arg>NI</arg>
<arg>NL</arg>
<arg>NO</arg>
<arg>NP</arg>
<arg>NR</arg>
<arg>NU</arg>
<arg>NZ</arg>
<arg>OM</arg>
<arg>PA</arg>
<arg>PE</arg>
<arg>PF</arg>
<arg>PG</arg>
<arg>PH</arg>
<arg>PK</arg>
<arg>PL</arg>
<arg>PM</arg>
<arg>PN</arg>
<arg>PR</arg>
<arg>PS</arg>
<arg>PT</arg>
<arg>PW</arg>
<arg>PY</arg>
<arg>QA</arg>
<arg>RE</arg>
<arg>RO</arg>
<arg>RS</arg>
<arg>RU</arg>
<arg>RW</arg>
<arg>SA</arg>
<arg>SB</arg>
<arg>SC</arg>
<arg>SD</arg>
<arg>SE</arg>
<arg>SG</arg>
<arg>SH</arg>
<arg>SI</arg>
<arg>SJ</arg>
<arg>SK</arg>
<arg>SL</arg>
<arg>SM</arg>
<arg>SN</arg>
<arg>SO</arg>
<arg>SR</arg>
<arg>SS</arg>
<arg>ST</arg>
<arg>SV</arg>
<arg>SX</arg>
<arg>SY</arg>
<arg>SZ</arg>
<arg>TC</arg>
<arg>TD</arg>
<arg>TF</arg>
<arg>TG</arg>
<arg>TH</arg>
<arg>TJ</arg>
<arg>TK</arg>
<arg>TL</arg>
<arg>TM</arg>
<arg>TN</arg>
<arg>TO</arg>
<arg>TR</arg>
<arg>TT</arg>
<arg>TV</arg>
<arg>TW</arg>
<arg>TZ</arg>
<arg>UA</arg>
<arg>UG</arg>
<arg>UM</arg>
<arg>US</arg>
<arg>UY</arg>
<arg>UZ</arg>
<arg>VA</arg>
<arg>VC</arg>
<arg>VE</arg>
<arg>VG</arg>
<arg>VI</arg>
<arg>VN</arg>
<arg>VU</arg>
<arg>WF</arg>
<arg>WS</arg>
<arg>XK</arg>
<arg>YE</arg>
<arg>YT</arg>
<arg>ZA</arg>
<arg>ZM</arg>
<arg>ZW</arg>
<doc>Returns a list containing given items.</doc>
<status status="PASS" start="2024-05-29T11:13:08.812907" elapsed="0.000620"/>
</kw>
<kw name="List Should Contain Value" owner="Collections">
<msg time="2024-05-29T11:13:08.814504" level="INFO">False</msg>
<arg>${list_country}</arg>
<arg>${name_country}</arg>
<doc>Fails if the ``value`` is not found from ``list``.</doc>
<status status="PASS" start="2024-05-29T11:13:08.814302" elapsed="0.000237"/>
</kw>
<kw name="Run Keyword If" owner="BuiltIn">
<kw name="Should Be True" owner="BuiltIn">
<arg>${True}</arg>
<doc>Fails if the given condition is not true.</doc>
<status status="PASS" start="2024-05-29T11:13:08.815643" elapsed="0.000145"/>
</kw>
<arg>${json_data["results"][0]["location"]["coordinates"]["latitude"]} &gt;= -90 and ${json_data["results"][0]["location"]["coordinates"]["latitude"]} &lt;= 90</arg>
<arg>Should Be True</arg>
<arg>${True}</arg>
<doc>Runs the given keyword with the given arguments, if ``condition`` is true.</doc>
<status status="PASS" start="2024-05-29T11:13:08.814852" elapsed="0.001061"/>
</kw>
<kw name="Run Keyword If" owner="BuiltIn">
<kw name="Should Be True" owner="BuiltIn">
<arg>${True}</arg>
<doc>Fails if the given condition is not true.</doc>
<status status="PASS" start="2024-05-29T11:13:08.816807" elapsed="0.000136"/>
</kw>
<arg>${json_data["results"][0]["location"]["coordinates"]["longitude"]} &gt;= -180 and ${json_data["results"][0]["location"]["coordinates"]["longitude"]} &lt;= 180</arg>
<arg>Should Be True</arg>
<arg>${True}</arg>
<doc>Runs the given keyword with the given arguments, if ``condition`` is true.</doc>
<status status="PASS" start="2024-05-29T11:13:08.816099" elapsed="0.000964"/>
</kw>
<status status="PASS" start="2024-05-29T11:13:08.714004" elapsed="0.103186"/>
</kw>
<doc>Testa o conteúdo específico dos campos retornados pela API.</doc>
<tag>testeConteudo</tag>
<status status="PASS" start="2024-05-29T11:13:08.713356" elapsed="0.103977"/>
</test>
<status status="PASS" start="2024-05-29T11:13:05.455879" elapsed="3.363353"/>
</suite>
<status status="PASS" start="2024-05-29T11:13:05.442365" elapsed="3.381954"/>
</suite>
<statistics>
<total>
<stat pass="5" fail="0" skip="0">All Tests</stat>
</total>
<tag>
<stat pass="1" fail="0" skip="0">testeConteudo</stat>
<stat pass="1" fail="0" skip="0">testeEstruturaResposta</stat>
<stat pass="1" fail="0" skip="0">testeRequisicaoBasica</stat>
<stat pass="1" fail="0" skip="0">testeTiposDados</stat>
</tag>
<suite>
<stat pass="5" fail="0" skip="0" id="s1" name="Tests">Tests</stat>
<stat pass="5" fail="0" skip="0" id="s1-s1" name="Random-User-Test">Tests.Random-User-Test</stat>
</suite>
</statistics>
<errors>
</errors>
</robot>
