<?xml version="1.0" encoding="UTF-8"?>
<robot generator="Robot 7.0 (Python 3.12.3 on linux)" generated="2024-06-09T05:13:56.390326" rpa="false" schemaversion="5">
<suite id="s1" name="Tests" source="/home/runner/work/ApiRandomUser/ApiRandomUser/RamdonUser/tests">
<suite id="s1-s1" name="Random-User-Test" source="/home/runner/work/ApiRandomUser/ApiRandomUser/RamdonUser/tests/random-user-test.robot">
<test id="s1-s1-t1" name="Conectar" line="13">
<kw name="Conectar API" owner="random-user-service">
<kw name="Create Session" owner="RequestsLibrary">
<msg time="2024-06-09T05:13:56.798943" level="INFO">Creating Session using : alias=consultarAPI, url=https://randomuser.me/, headers={},                     cookies={}, auth=None, timeout=None, proxies=None, verify=False,                     debug=0 </msg>
<arg>consultarAPI</arg>
<arg>${URL}</arg>
<doc>Create Session: create a HTTP session to a server</doc>
<status status="PASS" start="2024-06-09T05:13:56.798732" elapsed="0.000379"/>
</kw>
<status status="PASS" start="2024-06-09T05:13:56.797668" elapsed="0.001803"/>
</kw>
<status status="PASS" start="2024-06-09T05:13:56.797135" elapsed="0.002540"/>
</test>
<test id="s1-s1-t2" name="Validar retorno 200 e JSON Válido" line="16">
<kw name="Teste de Requisicao Basica" owner="random-user-service">
<kw name="GET On Session" owner="RequestsLibrary">
<msg time="2024-06-09T05:13:56.885240" level="INFO">GET Request : url=https://randomuser.me/api 
 path_url=/api 
 headers={'User-Agent': 'python-requests/2.32.3', 'Accept-Encoding': 'gzip, deflate', 'Accept': '*/*', 'Connection': 'keep-alive'} 
 body=None 
 </msg>
<msg time="2024-06-09T05:13:56.885364" level="INFO">GET Response : url=https://randomuser.me/api 
 status=200, reason=OK 
 headers={'Date': 'Sun, 09 Jun 2024 05:13:56 GMT', 'Content-Type': 'application/json; charset=utf-8', 'Transfer-Encoding': 'chunked', 'Connection': 'keep-alive', 'X-Powered-By': 'Express', 'Access-Control-Allow-Origin': '*', 'Cache-Control': 'no-cache', 'ETag': 'W/"47e-hLiyzx+0ASR+XCJ9kpCiuV4ZH1g"', 'Vary': 'Accept-Encoding', 'Content-Encoding': 'gzip', 'CF-Cache-Status': 'DYNAMIC', 'Report-To': '{"endpoints":[{"url":"https:\\/\\/a.nel.cloudflare.com\\/report\\/v4?s=N4IYiCu0M4ayKbqgrBNW6L0o8XpRgNu3lx%2FKA8umTl%2BLPtXIZqB6j7D%2BqAPBahF2EYMN2NFVVzZQRnBiKKSEh7NTxl4jDE0GebxsgInRwU6%2F2o9YxxdbjWKQw7WbbXNT"}],"group":"cf-nel","max_age":604800}', 'NEL': '{"success_fraction":0,"report_to":"cf-nel","max_age":604800}', 'Server': 'cloudflare', 'CF-RAY': '890ea2a23e7c86e1-ORD', 'alt-svc': 'h3=":443"; ma=86400'} 
 body={"results":[{"gender":"male","name":{"title":"Mr","first":"Archer","last":"Lee"},"location":{"street":{"number":1073,"name":"Halifax Street"},"city":"Invercargill","state":"Hawke'S Bay","country":"New Zealand","postcode":27807,"coordinates":{"latitude":"49.2216","longitude":"-161.3539"},"timezone":{"offset":"-11:00","description":"Midway Island, Samoa"}},"email":"archer.lee@example.com","login":{"uuid":"16015543-9622-43fe-84ec-55863849e365","username":"tinyrabbit403","password":"coolguy","salt":"Kzhjl03W","md5":"167fbc924348e6e6cddcd94f6e710863","sha1":"e13bababb8a084cb095cea822938d0dcfac57c59","sha256":"764658d9f0db75a5439d6e68c1613e1fb3153622ab09eca3ec563e4e20dda460"},"dob":{"date":"1964-09-10T10:13:13.810Z","age":59},"registered":{"date":"2012-08-22T07:06:07.504Z","age":11},"phone":"(252)-692-4345","cell":"(053)-283-8571","id":{"name":"","value":null},"picture":{"large":"https://randomuser.me/api/portraits/men/40.jpg","medium":"https://randomuser.me/api/portraits/med/men/40.jpg","thumbnail":"https://randomuser.me/api/portraits/thumb/men/40.jpg"},"nat":"NZ"}],"info":{"seed":"b23f456ff5665c39","results":1,"page":1,"version":"1.4"}} 
 </msg>
<msg time="2024-06-09T05:13:56.885444" level="INFO">/opt/hostedtoolcache/Python/3.12.3/x64/lib/python3.12/site-packages/urllib3/connectionpool.py:1103: InsecureRequestWarning: Unverified HTTPS request is being made to host 'randomuser.me'. Adding certificate verification is strongly advised. See: https://urllib3.readthedocs.io/en/latest/advanced-usage.html#tls-warnings
  warnings.warn(</msg>
<msg time="2024-06-09T05:13:56.885596" level="INFO">${response} = &lt;Response [200]&gt;</msg>
<var>${response}</var>
<arg>consultarAPI</arg>
<arg>/api</arg>
<doc>Sends a GET request on a previously created HTTP Session.</doc>
<status status="PASS" start="2024-06-09T05:13:56.802257" elapsed="0.083391"/>
</kw>
<kw name="Should Be Equal As Numbers" owner="BuiltIn">
<msg time="2024-06-09T05:13:56.886514" level="INFO">Argument types are:
&lt;class 'int'&gt;
&lt;class 'str'&gt;</msg>
<arg>${response.status_code}</arg>
<arg>200</arg>
<doc>Fails if objects are unequal after converting them to real numbers.</doc>
<status status="PASS" start="2024-06-09T05:13:56.886064" elapsed="0.000515"/>
</kw>
<kw name="Log" owner="BuiltIn">
<msg time="2024-06-09T05:13:56.887266" level="INFO">200</msg>
<arg>${response.status_code}</arg>
<doc>Logs the given message with the given level.</doc>
<status status="PASS" start="2024-06-09T05:13:56.886915" elapsed="0.000399"/>
</kw>
<kw name="Set Variable" owner="BuiltIn">
<msg time="2024-06-09T05:13:56.888054" level="INFO">${json_data} = {'results': [{'gender': 'male', 'name': {'title': 'Mr', 'first': 'Archer', 'last': 'Lee'}, 'location': {'street': {'number': 1073, 'name': 'Halifax Street'}, 'city': 'Invercargill', 'state': "Hawke'S ...</msg>
<var>${json_data}</var>
<arg>${response.json()}</arg>
<doc>Returns the given values which can then be assigned to a variables.</doc>
<status status="PASS" start="2024-06-09T05:13:56.887628" elapsed="0.000454"/>
</kw>
<kw name="Dictionary Should Contain Key" owner="Collections">
<msg time="2024-06-09T05:13:56.888555" level="INFO">False</msg>
<arg>${json_data}</arg>
<arg>results</arg>
<doc>Fails if ``key`` is not found from ``dictionary``.</doc>
<status status="PASS" start="2024-06-09T05:13:56.888386" elapsed="0.000338"/>
</kw>
<status status="PASS" start="2024-06-09T05:13:56.802013" elapsed="0.086972"/>
</kw>
<doc>Testa se a API responde corretamente e retorna um objeto JSON válido.</doc>
<tag>testeRequisicaoBasica</tag>
<status status="PASS" start="2024-06-09T05:13:56.801533" elapsed="0.087620"/>
</test>
<test id="s1-s1-t3" name="Validar estrutura de resposta" line="22">
<kw name="Teste de Estrutura de Resposta" owner="random-user-service">
<kw name="GET On Session" owner="RequestsLibrary">
<msg time="2024-06-09T05:13:56.988915" level="INFO">GET Request : url=https://randomuser.me/api 
 path_url=/api 
 headers={'User-Agent': 'python-requests/2.32.3', 'Accept-Encoding': 'gzip, deflate', 'Accept': '*/*', 'Connection': 'keep-alive'} 
 body=None 
 </msg>
<msg time="2024-06-09T05:13:56.988987" level="INFO">GET Response : url=https://randomuser.me/api 
 status=200, reason=OK 
 headers={'Date': 'Sun, 09 Jun 2024 05:13:56 GMT', 'Content-Type': 'application/json; charset=utf-8', 'Transfer-Encoding': 'chunked', 'Connection': 'keep-alive', 'X-Powered-By': 'Express', 'Access-Control-Allow-Origin': '*', 'Cache-Control': 'no-cache', 'ETag': 'W/"4c4-VOG8KO29T7+utIrmZ6eacTWeICk"', 'Vary': 'Accept-Encoding', 'Content-Encoding': 'gzip', 'CF-Cache-Status': 'DYNAMIC', 'Report-To': '{"endpoints":[{"url":"https:\\/\\/a.nel.cloudflare.com\\/report\\/v4?s=T1Vo43l3BYN9n5beaQH9efp%2FY1gKxC%2BRnTNtvy%2F39dctTUy5G4F3ww95Gm4esILL34jrIxjX4asjfHNkCCmNO8WMrYCXPWadwpv%2FaDgEw1ZFBwZYBe9HZlJI8rZWFqnm"}],"group":"cf-nel","max_age":604800}', 'NEL': '{"success_fraction":0,"report_to":"cf-nel","max_age":604800}', 'Server': 'cloudflare', 'CF-RAY': '890ea2a29ed086e1-ORD', 'alt-svc': 'h3=":443"; ma=86400'} 
 body={"results":[{"gender":"female","name":{"title":"Madame","first":"Margareta","last":"Andre"},"location":{"street":{"number":8924,"name":"Rue du Bât-D'Argent"},"city":"L'Abergement","state":"Appenzell Ausserrhoden","country":"Switzerland","postcode":7007,"coordinates":{"latitude":"-61.3233","longitude":"59.7473"},"timezone":{"offset":"+8:00","description":"Beijing, Perth, Singapore, Hong Kong"}},"email":"margareta.andre@example.com","login":{"uuid":"a06dec71-eed1-49d2-87f9-74138ea9e86b","username":"organicladybug328","password":"violin","salt":"4YhJ1itE","md5":"baed7cf398d23870016b6914c05d0767","sha1":"9ddc5ed020f8aad8d902d1f3ed730e8c4c7908d2","sha256":"fb393b8a07c490428cdfa7157867ddaa312b0ad845f0422b572782ea5dbea321"},"dob":{"date":"1950-10-01T07:40:04.725Z","age":73},"registered":{"date":"2007-02-10T02:03:29.184Z","age":17},"phone":"078 854 71 46","cell":"077 757 28 62","id":{"name":"AVS","value":"756.2405.9231.53"},"picture":{"large":"https://randomuser.me/api/portraits/women/51.jpg","medium":"https://randomuser.me/api/portraits/med/women/51.jpg","thumbnail":"https://randomuser.me/api/portraits/thumb/women/51.jpg"},"nat":"CH"}],"info":{"seed":"1545d799685d3b30","results":1,"page":1,"version":"1.4"}} 
 </msg>
<msg time="2024-06-09T05:13:56.989078" level="INFO">/opt/hostedtoolcache/Python/3.12.3/x64/lib/python3.12/site-packages/urllib3/connectionpool.py:1103: InsecureRequestWarning: Unverified HTTPS request is being made to host 'randomuser.me'. Adding certificate verification is strongly advised. See: https://urllib3.readthedocs.io/en/latest/advanced-usage.html#tls-warnings
  warnings.warn(</msg>
<msg time="2024-06-09T05:13:56.989169" level="INFO">${response} = &lt;Response [200]&gt;</msg>
<var>${response}</var>
<arg>consultarAPI</arg>
<arg>/api</arg>
<doc>Sends a GET request on a previously created HTTP Session.</doc>
<status status="PASS" start="2024-06-09T05:13:56.892020" elapsed="0.097175"/>
</kw>
<kw name="Set Variable" owner="BuiltIn">
<msg time="2024-06-09T05:13:56.990036" level="INFO">${json_data} = {'results': [{'gender': 'female', 'name': {'title': 'Madame', 'first': 'Margareta', 'last': 'Andre'}, 'location': {'street': {'number': 8924, 'name': "Rue du Bât-D'Argent"}, 'city': "L'Abergement", 's...</msg>
<var>${json_data}</var>
<arg>${response.json()}</arg>
<doc>Returns the given values which can then be assigned to a variables.</doc>
<status status="PASS" start="2024-06-09T05:13:56.989580" elapsed="0.000488"/>
</kw>
<kw name="Log" owner="BuiltIn">
<msg time="2024-06-09T05:13:56.990585" level="INFO">{'results': [{'gender': 'female', 'name': {'title': 'Madame', 'first': 'Margareta', 'last': 'Andre'}, 'location': {'street': {'number': 8924, 'name': "Rue du Bât-D'Argent"}, 'city': "L'Abergement", 'state': 'Appenzell Ausserrhoden', 'country': 'Switzerland', 'postcode': 7007, 'coordinates': {'latitude': '-61.3233', 'longitude': '59.7473'}, 'timezone': {'offset': '+8:00', 'description': 'Beijing, Perth, Singapore, Hong Kong'}}, 'email': 'margareta.andre@example.com', 'login': {'uuid': 'a06dec71-eed1-49d2-87f9-74138ea9e86b', 'username': 'organicladybug328', 'password': 'violin', 'salt': '4YhJ1itE', 'md5': 'baed7cf398d23870016b6914c05d0767', 'sha1': '9ddc5ed020f8aad8d902d1f3ed730e8c4c7908d2', 'sha256': 'fb393b8a07c490428cdfa7157867ddaa312b0ad845f0422b572782ea5dbea321'}, 'dob': {'date': '1950-10-01T07:40:04.725Z', 'age': 73}, 'registered': {'date': '2007-02-10T02:03:29.184Z', 'age': 17}, 'phone': '078 854 71 46', 'cell': '077 757 28 62', 'id': {'name': 'AVS', 'value': '756.2405.9231.53'}, 'picture': {'large': 'https://randomuser.me/api/portraits/women/51.jpg', 'medium': 'https://randomuser.me/api/portraits/med/women/51.jpg', 'thumbnail': 'https://randomuser.me/api/portraits/thumb/women/51.jpg'}, 'nat': 'CH'}], 'info': {'seed': '1545d799685d3b30', 'results': 1, 'page': 1, 'version': '1.4'}}</msg>
<arg>${json_data}</arg>
<doc>Logs the given message with the given level.</doc>
<status status="PASS" start="2024-06-09T05:13:56.990422" elapsed="0.000210"/>
</kw>
<kw name="Dictionary Should Contain Key" owner="Collections">
<msg time="2024-06-09T05:13:56.991082" level="INFO">False</msg>
<arg>${json_data}</arg>
<arg>results</arg>
<doc>Fails if ``key`` is not found from ``dictionary``.</doc>
<status status="PASS" start="2024-06-09T05:13:56.990929" elapsed="0.000190"/>
</kw>
<kw name="Should Not Be Empty" owner="BuiltIn">
<msg time="2024-06-09T05:13:56.991551" level="INFO">Length is 2.</msg>
<arg>${json_data}</arg>
<doc>Verifies that the given item is not empty.</doc>
<status status="PASS" start="2024-06-09T05:13:56.991413" elapsed="0.000175"/>
</kw>
<kw name="Create List" owner="BuiltIn">
<msg time="2024-06-09T05:13:56.992028" level="INFO">${expected_keys} = ['gender', 'name', 'location', 'email', 'login']</msg>
<var>${expected_keys}</var>
<arg>gender</arg>
<arg>name</arg>
<arg>location</arg>
<arg>email</arg>
<arg>login</arg>
<doc>Returns a list containing given items.</doc>
<status status="PASS" start="2024-06-09T05:13:56.991883" elapsed="0.000169"/>
</kw>
<for flavor="IN">
<iter>
<kw name="Dictionary Should Contain Key" owner="Collections">
<msg time="2024-06-09T05:13:56.993007" level="INFO">False</msg>
<arg>${json_data['results'][0]}</arg>
<arg>${key}</arg>
<doc>Fails if ``key`` is not found from ``dictionary``.</doc>
<status status="PASS" start="2024-06-09T05:13:56.992608" elapsed="0.000443"/>
</kw>
<kw name="Log" owner="BuiltIn">
<msg time="2024-06-09T05:13:56.993722" level="INFO">{'gender': 'female', 'name': {'title': 'Madame', 'first': 'Margareta', 'last': 'Andre'}, 'location': {'street': {'number': 8924, 'name': "Rue du Bât-D'Argent"}, 'city': "L'Abergement", 'state': 'Appenzell Ausserrhoden', 'country': 'Switzerland', 'postcode': 7007, 'coordinates': {'latitude': '-61.3233', 'longitude': '59.7473'}, 'timezone': {'offset': '+8:00', 'description': 'Beijing, Perth, Singapore, Hong Kong'}}, 'email': 'margareta.andre@example.com', 'login': {'uuid': 'a06dec71-eed1-49d2-87f9-74138ea9e86b', 'username': 'organicladybug328', 'password': 'violin', 'salt': '4YhJ1itE', 'md5': 'baed7cf398d23870016b6914c05d0767', 'sha1': '9ddc5ed020f8aad8d902d1f3ed730e8c4c7908d2', 'sha256': 'fb393b8a07c490428cdfa7157867ddaa312b0ad845f0422b572782ea5dbea321'}, 'dob': {'date': '1950-10-01T07:40:04.725Z', 'age': 73}, 'registered': {'date': '2007-02-10T02:03:29.184Z', 'age': 17}, 'phone': '078 854 71 46', 'cell': '077 757 28 62', 'id': {'name': 'AVS', 'value': '756.2405.9231.53'}, 'picture': {'large': 'https://randomuser.me/api/portraits/women/51.jpg', 'medium': 'https://randomuser.me/api/portraits/med/women/51.jpg', 'thumbnail': 'https://randomuser.me/api/portraits/thumb/women/51.jpg'}, 'nat': 'CH'}</msg>
<arg>${json_data['results'][0]}</arg>
<doc>Logs the given message with the given level.</doc>
<status status="PASS" start="2024-06-09T05:13:56.993350" elapsed="0.000433"/>
</kw>
<kw name="Log" owner="BuiltIn">
<msg time="2024-06-09T05:13:56.994210" level="INFO">gender</msg>
<arg>${key}</arg>
<doc>Logs the given message with the given level.</doc>
<status status="PASS" start="2024-06-09T05:13:56.994084" elapsed="0.000163"/>
</kw>
<var name="${key}">gender</var>
<status status="PASS" start="2024-06-09T05:13:56.992483" elapsed="0.002009"/>
</iter>
<iter>
<kw name="Dictionary Should Contain Key" owner="Collections">
<msg time="2024-06-09T05:13:56.995209" level="INFO">False</msg>
<arg>${json_data['results'][0]}</arg>
<arg>${key}</arg>
<doc>Fails if ``key`` is not found from ``dictionary``.</doc>
<status status="PASS" start="2024-06-09T05:13:56.994792" elapsed="0.000467"/>
</kw>
<kw name="Log" owner="BuiltIn">
<msg time="2024-06-09T05:13:56.995933" level="INFO">{'gender': 'female', 'name': {'title': 'Madame', 'first': 'Margareta', 'last': 'Andre'}, 'location': {'street': {'number': 8924, 'name': "Rue du Bât-D'Argent"}, 'city': "L'Abergement", 'state': 'Appenzell Ausserrhoden', 'country': 'Switzerland', 'postcode': 7007, 'coordinates': {'latitude': '-61.3233', 'longitude': '59.7473'}, 'timezone': {'offset': '+8:00', 'description': 'Beijing, Perth, Singapore, Hong Kong'}}, 'email': 'margareta.andre@example.com', 'login': {'uuid': 'a06dec71-eed1-49d2-87f9-74138ea9e86b', 'username': 'organicladybug328', 'password': 'violin', 'salt': '4YhJ1itE', 'md5': 'baed7cf398d23870016b6914c05d0767', 'sha1': '9ddc5ed020f8aad8d902d1f3ed730e8c4c7908d2', 'sha256': 'fb393b8a07c490428cdfa7157867ddaa312b0ad845f0422b572782ea5dbea321'}, 'dob': {'date': '1950-10-01T07:40:04.725Z', 'age': 73}, 'registered': {'date': '2007-02-10T02:03:29.184Z', 'age': 17}, 'phone': '078 854 71 46', 'cell': '077 757 28 62', 'id': {'name': 'AVS', 'value': '756.2405.9231.53'}, 'picture': {'large': 'https://randomuser.me/api/portraits/women/51.jpg', 'medium': 'https://randomuser.me/api/portraits/med/women/51.jpg', 'thumbnail': 'https://randomuser.me/api/portraits/thumb/women/51.jpg'}, 'nat': 'CH'}</msg>
<arg>${json_data['results'][0]}</arg>
<doc>Logs the given message with the given level.</doc>
<status status="PASS" start="2024-06-09T05:13:56.995569" elapsed="0.000419"/>
</kw>
<kw name="Log" owner="BuiltIn">
<msg time="2024-06-09T05:13:56.996407" level="INFO">name</msg>
<arg>${key}</arg>
<doc>Logs the given message with the given level.</doc>
<status status="PASS" start="2024-06-09T05:13:56.996283" elapsed="0.000170"/>
</kw>
<var name="${key}">name</var>
<status status="PASS" start="2024-06-09T05:13:56.994676" elapsed="0.001999"/>
</iter>
<iter>
<kw name="Dictionary Should Contain Key" owner="Collections">
<msg time="2024-06-09T05:13:56.997345" level="INFO">False</msg>
<arg>${json_data['results'][0]}</arg>
<arg>${key}</arg>
<doc>Fails if ``key`` is not found from ``dictionary``.</doc>
<status status="PASS" start="2024-06-09T05:13:56.996963" elapsed="0.000419"/>
</kw>
<kw name="Log" owner="BuiltIn">
<msg time="2024-06-09T05:13:56.998063" level="INFO">{'gender': 'female', 'name': {'title': 'Madame', 'first': 'Margareta', 'last': 'Andre'}, 'location': {'street': {'number': 8924, 'name': "Rue du Bât-D'Argent"}, 'city': "L'Abergement", 'state': 'Appenzell Ausserrhoden', 'country': 'Switzerland', 'postcode': 7007, 'coordinates': {'latitude': '-61.3233', 'longitude': '59.7473'}, 'timezone': {'offset': '+8:00', 'description': 'Beijing, Perth, Singapore, Hong Kong'}}, 'email': 'margareta.andre@example.com', 'login': {'uuid': 'a06dec71-eed1-49d2-87f9-74138ea9e86b', 'username': 'organicladybug328', 'password': 'violin', 'salt': '4YhJ1itE', 'md5': 'baed7cf398d23870016b6914c05d0767', 'sha1': '9ddc5ed020f8aad8d902d1f3ed730e8c4c7908d2', 'sha256': 'fb393b8a07c490428cdfa7157867ddaa312b0ad845f0422b572782ea5dbea321'}, 'dob': {'date': '1950-10-01T07:40:04.725Z', 'age': 73}, 'registered': {'date': '2007-02-10T02:03:29.184Z', 'age': 17}, 'phone': '078 854 71 46', 'cell': '077 757 28 62', 'id': {'name': 'AVS', 'value': '756.2405.9231.53'}, 'picture': {'large': 'https://randomuser.me/api/portraits/women/51.jpg', 'medium': 'https://randomuser.me/api/portraits/med/women/51.jpg', 'thumbnail': 'https://randomuser.me/api/portraits/thumb/women/51.jpg'}, 'nat': 'CH'}</msg>
<arg>${json_data['results'][0]}</arg>
<doc>Logs the given message with the given level.</doc>
<status status="PASS" start="2024-06-09T05:13:56.997700" elapsed="0.000413"/>
</kw>
<kw name="Log" owner="BuiltIn">
<msg time="2024-06-09T05:13:56.998590" level="INFO">location</msg>
<arg>${key}</arg>
<doc>Logs the given message with the given level.</doc>
<status status="PASS" start="2024-06-09T05:13:56.998459" elapsed="0.000169"/>
</kw>
<var name="${key}">location</var>
<status status="PASS" start="2024-06-09T05:13:56.996850" elapsed="0.001998"/>
</iter>
<iter>
<kw name="Dictionary Should Contain Key" owner="Collections">
<msg time="2024-06-09T05:13:56.999617" level="INFO">False</msg>
<arg>${json_data['results'][0]}</arg>
<arg>${key}</arg>
<doc>Fails if ``key`` is not found from ``dictionary``.</doc>
<status status="PASS" start="2024-06-09T05:13:56.999131" elapsed="0.000524"/>
</kw>
<kw name="Log" owner="BuiltIn">
<msg time="2024-06-09T05:13:57.000316" level="INFO">{'gender': 'female', 'name': {'title': 'Madame', 'first': 'Margareta', 'last': 'Andre'}, 'location': {'street': {'number': 8924, 'name': "Rue du Bât-D'Argent"}, 'city': "L'Abergement", 'state': 'Appenzell Ausserrhoden', 'country': 'Switzerland', 'postcode': 7007, 'coordinates': {'latitude': '-61.3233', 'longitude': '59.7473'}, 'timezone': {'offset': '+8:00', 'description': 'Beijing, Perth, Singapore, Hong Kong'}}, 'email': 'margareta.andre@example.com', 'login': {'uuid': 'a06dec71-eed1-49d2-87f9-74138ea9e86b', 'username': 'organicladybug328', 'password': 'violin', 'salt': '4YhJ1itE', 'md5': 'baed7cf398d23870016b6914c05d0767', 'sha1': '9ddc5ed020f8aad8d902d1f3ed730e8c4c7908d2', 'sha256': 'fb393b8a07c490428cdfa7157867ddaa312b0ad845f0422b572782ea5dbea321'}, 'dob': {'date': '1950-10-01T07:40:04.725Z', 'age': 73}, 'registered': {'date': '2007-02-10T02:03:29.184Z', 'age': 17}, 'phone': '078 854 71 46', 'cell': '077 757 28 62', 'id': {'name': 'AVS', 'value': '756.2405.9231.53'}, 'picture': {'large': 'https://randomuser.me/api/portraits/women/51.jpg', 'medium': 'https://randomuser.me/api/portraits/med/women/51.jpg', 'thumbnail': 'https://randomuser.me/api/portraits/thumb/women/51.jpg'}, 'nat': 'CH'}</msg>
<arg>${json_data['results'][0]}</arg>
<doc>Logs the given message with the given level.</doc>
<status status="PASS" start="2024-06-09T05:13:56.999955" elapsed="0.000412"/>
</kw>
<kw name="Log" owner="BuiltIn">
<msg time="2024-06-09T05:13:57.000786" level="INFO">email</msg>
<arg>${key}</arg>
<doc>Logs the given message with the given level.</doc>
<status status="PASS" start="2024-06-09T05:13:57.000659" elapsed="0.000164"/>
</kw>
<var name="${key}">email</var>
<status status="PASS" start="2024-06-09T05:13:56.999019" elapsed="0.002015"/>
</iter>
<iter>
<kw name="Dictionary Should Contain Key" owner="Collections">
<msg time="2024-06-09T05:13:57.001692" level="INFO">False</msg>
<arg>${json_data['results'][0]}</arg>
<arg>${key}</arg>
<doc>Fails if ``key`` is not found from ``dictionary``.</doc>
<status status="PASS" start="2024-06-09T05:13:57.001314" elapsed="0.000415"/>
</kw>
<kw name="Log" owner="BuiltIn">
<msg time="2024-06-09T05:13:57.002411" level="INFO">{'gender': 'female', 'name': {'title': 'Madame', 'first': 'Margareta', 'last': 'Andre'}, 'location': {'street': {'number': 8924, 'name': "Rue du Bât-D'Argent"}, 'city': "L'Abergement", 'state': 'Appenzell Ausserrhoden', 'country': 'Switzerland', 'postcode': 7007, 'coordinates': {'latitude': '-61.3233', 'longitude': '59.7473'}, 'timezone': {'offset': '+8:00', 'description': 'Beijing, Perth, Singapore, Hong Kong'}}, 'email': 'margareta.andre@example.com', 'login': {'uuid': 'a06dec71-eed1-49d2-87f9-74138ea9e86b', 'username': 'organicladybug328', 'password': 'violin', 'salt': '4YhJ1itE', 'md5': 'baed7cf398d23870016b6914c05d0767', 'sha1': '9ddc5ed020f8aad8d902d1f3ed730e8c4c7908d2', 'sha256': 'fb393b8a07c490428cdfa7157867ddaa312b0ad845f0422b572782ea5dbea321'}, 'dob': {'date': '1950-10-01T07:40:04.725Z', 'age': 73}, 'registered': {'date': '2007-02-10T02:03:29.184Z', 'age': 17}, 'phone': '078 854 71 46', 'cell': '077 757 28 62', 'id': {'name': 'AVS', 'value': '756.2405.9231.53'}, 'picture': {'large': 'https://randomuser.me/api/portraits/women/51.jpg', 'medium': 'https://randomuser.me/api/portraits/med/women/51.jpg', 'thumbnail': 'https://randomuser.me/api/portraits/thumb/women/51.jpg'}, 'nat': 'CH'}</msg>
<arg>${json_data['results'][0]}</arg>
<doc>Logs the given message with the given level.</doc>
<status status="PASS" start="2024-06-09T05:13:57.002026" elapsed="0.000475"/>
</kw>
<kw name="Log" owner="BuiltIn">
<msg time="2024-06-09T05:13:57.002925" level="INFO">login</msg>
<arg>${key}</arg>
<doc>Logs the given message with the given level.</doc>
<status status="PASS" start="2024-06-09T05:13:57.002800" elapsed="0.000163"/>
</kw>
<var name="${key}">login</var>
<status status="PASS" start="2024-06-09T05:13:57.001204" elapsed="0.001973"/>
</iter>
<var>${key}</var>
<value>@{expected_keys}</value>
<status status="PASS" start="2024-06-09T05:13:56.992304" elapsed="0.010992"/>
</for>
<kw name="Create List" owner="BuiltIn">
<msg time="2024-06-09T05:13:57.003622" level="INFO">${expected_keysTwo} = ['username', 'password']</msg>
<var>${expected_keysTwo}</var>
<arg>username</arg>
<arg>password</arg>
<doc>Returns a list containing given items.</doc>
<status status="PASS" start="2024-06-09T05:13:57.003487" elapsed="0.000158"/>
</kw>
<for flavor="IN">
<iter>
<kw name="Dictionary Should Contain Key" owner="Collections">
<msg time="2024-06-09T05:13:57.004510" level="INFO">False</msg>
<arg>${json_data['results'][0]['login']}</arg>
<arg>${keyTwo}</arg>
<doc>Fails if ``key`` is not found from ``dictionary``.</doc>
<status status="PASS" start="2024-06-09T05:13:57.004137" elapsed="0.000411"/>
</kw>
<kw name="Dictionary Should Contain Key" owner="Collections">
<msg time="2024-06-09T05:13:57.005210" level="INFO">False</msg>
<arg>${json_data['results'][0]['login']}</arg>
<arg>${keyTwo}</arg>
<doc>Fails if ``key`` is not found from ``dictionary``.</doc>
<status status="PASS" start="2024-06-09T05:13:57.004840" elapsed="0.000407"/>
</kw>
<kw name="Log" owner="BuiltIn">
<msg time="2024-06-09T05:13:57.005668" level="INFO">username</msg>
<arg>${keyTwo}</arg>
<doc>Logs the given message with the given level.</doc>
<status status="PASS" start="2024-06-09T05:13:57.005543" elapsed="0.000162"/>
</kw>
<var name="${keyTwo}">username</var>
<status status="PASS" start="2024-06-09T05:13:57.004028" elapsed="0.001888"/>
</iter>
<iter>
<kw name="Dictionary Should Contain Key" owner="Collections">
<msg time="2024-06-09T05:13:57.006630" level="INFO">False</msg>
<arg>${json_data['results'][0]['login']}</arg>
<arg>${keyTwo}</arg>
<doc>Fails if ``key`` is not found from ``dictionary``.</doc>
<status status="PASS" start="2024-06-09T05:13:57.006202" elapsed="0.000465"/>
</kw>
<kw name="Dictionary Should Contain Key" owner="Collections">
<msg time="2024-06-09T05:13:57.007333" level="INFO">False</msg>
<arg>${json_data['results'][0]['login']}</arg>
<arg>${keyTwo}</arg>
<doc>Fails if ``key`` is not found from ``dictionary``.</doc>
<status status="PASS" start="2024-06-09T05:13:57.006958" elapsed="0.000412"/>
</kw>
<kw name="Log" owner="BuiltIn">
<msg time="2024-06-09T05:13:57.007783" level="INFO">password</msg>
<arg>${keyTwo}</arg>
<doc>Logs the given message with the given level.</doc>
<status status="PASS" start="2024-06-09T05:13:57.007658" elapsed="0.000162"/>
</kw>
<var name="${keyTwo}">password</var>
<status status="PASS" start="2024-06-09T05:13:57.006084" elapsed="0.001948"/>
</iter>
<var>${keyTwo}</var>
<value>@{expected_keysTwo}</value>
<status status="PASS" start="2024-06-09T05:13:57.003879" elapsed="0.004271"/>
</for>
<status status="PASS" start="2024-06-09T05:13:56.891676" elapsed="0.116609"/>
</kw>
<doc>Testa a estrutura da resposta da API.</doc>
<tag>testeEstruturaResposta</tag>
<status status="PASS" start="2024-06-09T05:13:56.890956" elapsed="0.117474"/>
</test>
<test id="s1-s1-t4" name="Validar tipos de dados" line="28">
<kw name="Teste de Tipos de Dados" owner="random-user-service">
<kw name="GET On Session" owner="RequestsLibrary">
<msg time="2024-06-09T05:13:57.092023" level="INFO">GET Request : url=https://randomuser.me/api 
 path_url=/api 
 headers={'User-Agent': 'python-requests/2.32.3', 'Accept-Encoding': 'gzip, deflate', 'Accept': '*/*', 'Connection': 'keep-alive'} 
 body=None 
 </msg>
<msg time="2024-06-09T05:13:57.092103" level="INFO">GET Response : url=https://randomuser.me/api 
 status=200, reason=OK 
 headers={'Date': 'Sun, 09 Jun 2024 05:13:57 GMT', 'Content-Type': 'application/json; charset=utf-8', 'Transfer-Encoding': 'chunked', 'Connection': 'keep-alive', 'X-Powered-By': 'Express', 'Access-Control-Allow-Origin': '*', 'Cache-Control': 'no-cache', 'ETag': 'W/"495-vHO++/kxi6EDazlseebcjEuZhmY"', 'Vary': 'Accept-Encoding', 'Content-Encoding': 'gzip', 'CF-Cache-Status': 'DYNAMIC', 'Report-To': '{"endpoints":[{"url":"https:\\/\\/a.nel.cloudflare.com\\/report\\/v4?s=zh6QbS5Iol2MW7wedd3WjHGk9yl8ukZ2B9dXwLrLqG%2Fo%2B9oZ5RvD0KrmRwccnFoRTwjzWnP%2BU3HnelUeH80inaS91oTc0TyXUfeZ1tg3BBFP%2Bn8T3reqj%2B3BZQx%2Fr1C1"}],"group":"cf-nel","max_age":604800}', 'NEL': '{"success_fraction":0,"report_to":"cf-nel","max_age":604800}', 'Server': 'cloudflare', 'CF-RAY': '890ea2a35f8c86e1-ORD', 'alt-svc': 'h3=":443"; ma=86400'} 
 body={"results":[{"gender":"male","name":{"title":"Mr","first":"Bryan","last":"Hulshof"},"location":{"street":{"number":6757,"name":"Annecyhof"},"city":"Hoogezand-Sappemeer","state":"Zuid-Holland","country":"Netherlands","postcode":"5577 KH","coordinates":{"latitude":"33.8074","longitude":"-156.6327"},"timezone":{"offset":"-1:00","description":"Azores, Cape Verde Islands"}},"email":"bryan.hulshof@example.com","login":{"uuid":"256a15fc-238a-4f5b-8bff-3c1517f5de1c","username":"yellowwolf319","password":"proxy","salt":"jpHP9wSp","md5":"7f4c640ec5e1e7b48278979f1845f7db","sha1":"cbf30784ae55125d3e8d09d2e81b11f3f4ac2afe","sha256":"4bfbb07704f2fc75570be75e0bb477c00bbce14738dc4b9880a44e6f0bca66e2"},"dob":{"date":"1989-12-31T14:35:05.979Z","age":34},"registered":{"date":"2004-02-10T17:34:04.808Z","age":20},"phone":"(004) 9388188","cell":"(06) 70096417","id":{"name":"BSN","value":"84683294"},"picture":{"large":"https://randomuser.me/api/portraits/men/32.jpg","medium":"https://randomuser.me/api/portraits/med/men/32.jpg","thumbnail":"https://randomuser.me/api/portraits/thumb/men/32.jpg"},"nat":"NL"}],"info":{"seed":"b06cbec1934d1a36","results":1,"page":1,"version":"1.4"}} 
 </msg>
<msg time="2024-06-09T05:13:57.092167" level="INFO">/opt/hostedtoolcache/Python/3.12.3/x64/lib/python3.12/site-packages/urllib3/connectionpool.py:1103: InsecureRequestWarning: Unverified HTTPS request is being made to host 'randomuser.me'. Adding certificate verification is strongly advised. See: https://urllib3.readthedocs.io/en/latest/advanced-usage.html#tls-warnings
  warnings.warn(</msg>
<msg time="2024-06-09T05:13:57.092247" level="INFO">${response} = &lt;Response [200]&gt;</msg>
<var>${response}</var>
<arg>consultarAPI</arg>
<arg>/api</arg>
<doc>Sends a GET request on a previously created HTTP Session.</doc>
<status status="PASS" start="2024-06-09T05:13:57.010860" elapsed="0.081415"/>
</kw>
<kw name="Set Variable" owner="BuiltIn">
<msg time="2024-06-09T05:13:57.093084" level="INFO">${json_data} = {'results': [{'gender': 'male', 'name': {'title': 'Mr', 'first': 'Bryan', 'last': 'Hulshof'}, 'location': {'street': {'number': 6757, 'name': 'Annecyhof'}, 'city': 'Hoogezand-Sappemeer', 'state': 'Zui...</msg>
<var>${json_data}</var>
<arg>${response.json()}</arg>
<doc>Returns the given values which can then be assigned to a variables.</doc>
<status status="PASS" start="2024-06-09T05:13:57.092644" elapsed="0.000467"/>
</kw>
<kw name="Log" owner="BuiltIn">
<msg time="2024-06-09T05:13:57.093566" level="INFO">{'results': [{'gender': 'male', 'name': {'title': 'Mr', 'first': 'Bryan', 'last': 'Hulshof'}, 'location': {'street': {'number': 6757, 'name': 'Annecyhof'}, 'city': 'Hoogezand-Sappemeer', 'state': 'Zuid-Holland', 'country': 'Netherlands', 'postcode': '5577 KH', 'coordinates': {'latitude': '33.8074', 'longitude': '-156.6327'}, 'timezone': {'offset': '-1:00', 'description': 'Azores, Cape Verde Islands'}}, 'email': 'bryan.hulshof@example.com', 'login': {'uuid': '256a15fc-238a-4f5b-8bff-3c1517f5de1c', 'username': 'yellowwolf319', 'password': 'proxy', 'salt': 'jpHP9wSp', 'md5': '7f4c640ec5e1e7b48278979f1845f7db', 'sha1': 'cbf30784ae55125d3e8d09d2e81b11f3f4ac2afe', 'sha256': '4bfbb07704f2fc75570be75e0bb477c00bbce14738dc4b9880a44e6f0bca66e2'}, 'dob': {'date': '1989-12-31T14:35:05.979Z', 'age': 34}, 'registered': {'date': '2004-02-10T17:34:04.808Z', 'age': 20}, 'phone': '(004) 9388188', 'cell': '(06) 70096417', 'id': {'name': 'BSN', 'value': '84683294'}, 'picture': {'large': 'https://randomuser.me/api/portraits/men/32.jpg', 'medium': 'https://randomuser.me/api/portraits/med/men/32.jpg', 'thumbnail': 'https://randomuser.me/api/portraits/thumb/men/32.jpg'}, 'nat': 'NL'}], 'info': {'seed': 'b06cbec1934d1a36', 'results': 1, 'page': 1, 'version': '1.4'}}</msg>
<arg>${json_data}</arg>
<doc>Logs the given message with the given level.</doc>
<status status="PASS" start="2024-06-09T05:13:57.093417" elapsed="0.000228"/>
</kw>
<kw name="Should Be String" owner="String">
<arg>${json_data['results'][0]['gender']}</arg>
<doc>Fails if the given ``item`` is not a string.</doc>
<status status="PASS" start="2024-06-09T05:13:57.093945" elapsed="0.000407"/>
</kw>
<kw name="Should Match Regexp" owner="BuiltIn">
<arg>${json_data['results'][0]['email']}</arg>
<arg>^[a-zA-Z0-9._%+-]+@[a-zA-Z0-9.-]+\.[a-zA-Z]{2,}$</arg>
<doc>Fails if ``string`` does not match ``pattern`` as a regular expression.</doc>
<status status="PASS" start="2024-06-09T05:13:57.094568" elapsed="0.000614"/>
</kw>
<kw name="Should Match Regexp" owner="BuiltIn">
<arg>${json_data['results'][0]['dob']['date']}</arg>
<arg>\\d{4}-\\d{2}-\\d{2}T\\d{2}:\\d{2}:\\d{2}\\.\\d{3}Z</arg>
<doc>Fails if ``string`` does not match ``pattern`` as a regular expression.</doc>
<status status="PASS" start="2024-06-09T05:13:57.095379" elapsed="0.000489"/>
</kw>
<kw name="Should Match Regexp" owner="BuiltIn">
<arg>${json_data['results'][0]['registered']['date']}</arg>
<arg>\\d{4}-\\d{2}-\\d{2}T\\d{2}:\\d{2}:\\d{2}\\.\\d{3}Z</arg>
<doc>Fails if ``string`` does not match ``pattern`` as a regular expression.</doc>
<status status="PASS" start="2024-06-09T05:13:57.096059" elapsed="0.000361"/>
</kw>
<kw name="Should Match Regexp" owner="BuiltIn">
<arg>${json_data['results'][0]['picture']['large']}</arg>
<arg>^https?://.*\.(?:png|jpe?g|gif|bmp)$</arg>
<doc>Fails if ``string`` does not match ``pattern`` as a regular expression.</doc>
<status status="PASS" start="2024-06-09T05:13:57.096605" elapsed="0.000466"/>
</kw>
<kw name="Should Match Regexp" owner="BuiltIn">
<arg>${json_data['results'][0]['picture']['medium']}</arg>
<arg>^https?://.*\.(?:png|jpe?g|gif|bmp)$</arg>
<doc>Fails if ``string`` does not match ``pattern`` as a regular expression.</doc>
<status status="PASS" start="2024-06-09T05:13:57.097259" elapsed="0.000349"/>
</kw>
<kw name="Should Match Regexp" owner="BuiltIn">
<arg>${json_data['results'][0]['picture']['thumbnail']}</arg>
<arg>^https?://.*\.(?:png|jpe?g|gif|bmp)$</arg>
<doc>Fails if ``string`` does not match ``pattern`` as a regular expression.</doc>
<status status="PASS" start="2024-06-09T05:13:57.097794" elapsed="0.000355"/>
</kw>
<kw name="Log" owner="BuiltIn">
<msg time="2024-06-09T05:13:57.098689" level="INFO">{'large': 'https://randomuser.me/api/portraits/men/32.jpg', 'medium': 'https://randomuser.me/api/portraits/med/men/32.jpg', 'thumbnail': 'https://randomuser.me/api/portraits/thumb/men/32.jpg'}</msg>
<arg>${json_data['results'][0]['picture']}</arg>
<doc>Logs the given message with the given level.</doc>
<status status="PASS" start="2024-06-09T05:13:57.098352" elapsed="0.000379"/>
</kw>
<status status="PASS" start="2024-06-09T05:13:57.010633" elapsed="0.088349"/>
</kw>
<kw name="Teste de Tipos de Dados - Postcode" owner="random-user-service">
<kw name="GET On Session" owner="RequestsLibrary">
<msg time="2024-06-09T05:13:57.201085" level="INFO">GET Request : url=https://randomuser.me/api 
 path_url=/api 
 headers={'User-Agent': 'python-requests/2.32.3', 'Accept-Encoding': 'gzip, deflate', 'Accept': '*/*', 'Connection': 'keep-alive'} 
 body=None 
 </msg>
<msg time="2024-06-09T05:13:57.201148" level="INFO">GET Response : url=https://randomuser.me/api 
 status=200, reason=OK 
 headers={'Date': 'Sun, 09 Jun 2024 05:13:57 GMT', 'Content-Type': 'application/json; charset=utf-8', 'Transfer-Encoding': 'chunked', 'Connection': 'keep-alive', 'X-Powered-By': 'Express', 'Access-Control-Allow-Origin': '*', 'Cache-Control': 'no-cache', 'ETag': 'W/"484-pKuAYSk3PRFwOExJUpA24OCLK7Q"', 'Vary': 'Accept-Encoding', 'Content-Encoding': 'gzip', 'CF-Cache-Status': 'DYNAMIC', 'Report-To': '{"endpoints":[{"url":"https:\\/\\/a.nel.cloudflare.com\\/report\\/v4?s=yH%2FIONj5MmUFOdUWyRpNAweTuBEa8MmS8X9BP7cE0msAOPpvXjeILCP7ZmiDCcHEyx2yUScmvL3vWsCFZY5qjFbu9U9ng%2BO3J%2F%2FTUspKckr54q36kr1bPPdMoDtjEP5I"}],"group":"cf-nel","max_age":604800}', 'NEL': '{"success_fraction":0,"report_to":"cf-nel","max_age":604800}', 'Server': 'cloudflare', 'CF-RAY': '890ea2a3e83b86e1-ORD', 'alt-svc': 'h3=":443"; ma=86400'} 
 body={"results":[{"gender":"female","name":{"title":"Ms","first":"Izolda","last":"Vidić"},"location":{"street":{"number":7336,"name":"Porodice Simonović"},"city":"Irig","state":"Bor","country":"Serbia","postcode":95633,"coordinates":{"latitude":"57.5517","longitude":"169.9835"},"timezone":{"offset":"-1:00","description":"Azores, Cape Verde Islands"}},"email":"izolda.vidic@example.com","login":{"uuid":"5ec6bb40-f40b-4b6a-8e73-4d23e30480a6","username":"blueelephant836","password":"jiao","salt":"qcQTAPG5","md5":"24f39f1c92c4aadea047f88608c3fac5","sha1":"bc341e79ae63549758482f9c138ec743d6591ecc","sha256":"5619f68e8c475114d218ee81da3cc39ea2ce9e5d1578fbddd25198b2161ae792"},"dob":{"date":"1954-11-28T09:11:24.169Z","age":69},"registered":{"date":"2006-10-18T09:24:14.619Z","age":17},"phone":"010-3506-401","cell":"062-5211-255","id":{"name":"SID","value":"545890499"},"picture":{"large":"https://randomuser.me/api/portraits/women/88.jpg","medium":"https://randomuser.me/api/portraits/med/women/88.jpg","thumbnail":"https://randomuser.me/api/portraits/thumb/women/88.jpg"},"nat":"RS"}],"info":{"seed":"e2c553a93a073bbe","results":1,"page":1,"version":"1.4"}} 
 </msg>
<msg time="2024-06-09T05:13:57.201204" level="INFO">/opt/hostedtoolcache/Python/3.12.3/x64/lib/python3.12/site-packages/urllib3/connectionpool.py:1103: InsecureRequestWarning: Unverified HTTPS request is being made to host 'randomuser.me'. Adding certificate verification is strongly advised. See: https://urllib3.readthedocs.io/en/latest/advanced-usage.html#tls-warnings
  warnings.warn(</msg>
<msg time="2024-06-09T05:13:57.201286" level="INFO">${response} = &lt;Response [200]&gt;</msg>
<var>${response}</var>
<arg>consultarAPI</arg>
<arg>/api</arg>
<doc>Sends a GET request on a previously created HTTP Session.</doc>
<status status="PASS" start="2024-06-09T05:13:57.099408" elapsed="0.101901"/>
</kw>
<kw name="Set Variable" owner="BuiltIn">
<msg time="2024-06-09T05:13:57.202157" level="INFO">${json_data} = {'results': [{'gender': 'female', 'name': {'title': 'Ms', 'first': 'Izolda', 'last': 'Vidić'}, 'location': {'street': {'number': 7336, 'name': 'Porodice Simonović'}, 'city': 'Irig', 'state': 'Bor', 'c...</msg>
<var>${json_data}</var>
<arg>${response.json()}</arg>
<doc>Returns the given values which can then be assigned to a variables.</doc>
<status status="PASS" start="2024-06-09T05:13:57.201696" elapsed="0.000491"/>
</kw>
<kw name="Log" owner="BuiltIn">
<msg time="2024-06-09T05:13:57.202718" level="INFO">{'results': [{'gender': 'female', 'name': {'title': 'Ms', 'first': 'Izolda', 'last': 'Vidić'}, 'location': {'street': {'number': 7336, 'name': 'Porodice Simonović'}, 'city': 'Irig', 'state': 'Bor', 'country': 'Serbia', 'postcode': 95633, 'coordinates': {'latitude': '57.5517', 'longitude': '169.9835'}, 'timezone': {'offset': '-1:00', 'description': 'Azores, Cape Verde Islands'}}, 'email': 'izolda.vidic@example.com', 'login': {'uuid': '5ec6bb40-f40b-4b6a-8e73-4d23e30480a6', 'username': 'blueelephant836', 'password': 'jiao', 'salt': 'qcQTAPG5', 'md5': '24f39f1c92c4aadea047f88608c3fac5', 'sha1': 'bc341e79ae63549758482f9c138ec743d6591ecc', 'sha256': '5619f68e8c475114d218ee81da3cc39ea2ce9e5d1578fbddd25198b2161ae792'}, 'dob': {'date': '1954-11-28T09:11:24.169Z', 'age': 69}, 'registered': {'date': '2006-10-18T09:24:14.619Z', 'age': 17}, 'phone': '010-3506-401', 'cell': '062-5211-255', 'id': {'name': 'SID', 'value': '545890499'}, 'picture': {'large': 'https://randomuser.me/api/portraits/women/88.jpg', 'medium': 'https://randomuser.me/api/portraits/med/women/88.jpg', 'thumbnail': 'https://randomuser.me/api/portraits/thumb/women/88.jpg'}, 'nat': 'RS'}], 'info': {'seed': 'e2c553a93a073bbe', 'results': 1, 'page': 1, 'version': '1.4'}}</msg>
<arg>${json_data}</arg>
<doc>Logs the given message with the given level.</doc>
<status status="PASS" start="2024-06-09T05:13:57.202561" elapsed="0.000238"/>
</kw>
<kw name="Should Be Equal As Numbers" owner="BuiltIn">
<arg>${json_data['results'][0]['location']['postcode']}</arg>
<arg>${json_data['results'][0]['location']['postcode']}</arg>
<doc>Fails if objects are unequal after converting them to real numbers.</doc>
<status status="PASS" start="2024-06-09T05:13:57.203103" elapsed="0.000624"/>
</kw>
<kw name="Log" owner="BuiltIn">
<msg time="2024-06-09T05:13:57.204268" level="INFO">95633</msg>
<arg>${json_data['results'][0]['location']['postcode']}</arg>
<doc>Logs the given message with the given level.</doc>
<status status="PASS" start="2024-06-09T05:13:57.203936" elapsed="0.000371"/>
</kw>
<status status="PASS" start="2024-06-09T05:13:57.099190" elapsed="0.105362"/>
</kw>
<doc>Testa se os tipos de dados na resposta da API estão corretos.</doc>
<tag>testeTiposDados</tag>
<status status="PASS" start="2024-06-09T05:13:57.010146" elapsed="0.194562"/>
</test>
<test id="s1-s1-t5" name="Validar conteudo" line="35">
<kw name="Teste de Tipos de Conteudo" owner="random-user-service">
<kw name="GET On Session" owner="RequestsLibrary">
<msg time="2024-06-09T05:13:57.291198" level="INFO">GET Request : url=https://randomuser.me/api 
 path_url=/api 
 headers={'User-Agent': 'python-requests/2.32.3', 'Accept-Encoding': 'gzip, deflate', 'Accept': '*/*', 'Connection': 'keep-alive'} 
 body=None 
 </msg>
<msg time="2024-06-09T05:13:57.291259" level="INFO">GET Response : url=https://randomuser.me/api 
 status=200, reason=OK 
 headers={'Date': 'Sun, 09 Jun 2024 05:13:57 GMT', 'Content-Type': 'application/json; charset=utf-8', 'Transfer-Encoding': 'chunked', 'Connection': 'keep-alive', 'X-Powered-By': 'Express', 'Access-Control-Allow-Origin': '*', 'Cache-Control': 'no-cache', 'ETag': 'W/"496-aw8wBSQtYrLG0hXY0Ha3j+ytOLA"', 'Vary': 'Accept-Encoding', 'Content-Encoding': 'gzip', 'CF-Cache-Status': 'DYNAMIC', 'Report-To': '{"endpoints":[{"url":"https:\\/\\/a.nel.cloudflare.com\\/report\\/v4?s=X2wekwvh9GNJylXS%2FvS2nyl%2Bkz9rRER4Xk%2FwyB%2FuPvfPf8iVY7J6796wO%2FI%2FKYZkT6TmOeQZQLoPcRYmizqaJ3qVL11sxBgPWDrmNIZS6sYwrNxfDZt1Ca4zpewDUu%2BP"}],"group":"cf-nel","max_age":604800}', 'NEL': '{"success_fraction":0,"report_to":"cf-nel","max_age":604800}', 'Server': 'cloudflare', 'CF-RAY': '890ea2a4895d86e1-ORD', 'alt-svc': 'h3=":443"; ma=86400'} 
 body={"results":[{"gender":"female","name":{"title":"Mrs","first":"Ariana","last":"Walker"},"location":{"street":{"number":9023,"name":"Great North Road"},"city":"Masterton","state":"Southland","country":"New Zealand","postcode":14070,"coordinates":{"latitude":"53.0948","longitude":"37.9584"},"timezone":{"offset":"-6:00","description":"Central Time (US &amp; Canada), Mexico City"}},"email":"ariana.walker@example.com","login":{"uuid":"1c93e56a-0b9e-456c-ba27-0e8bd502de97","username":"heavybird930","password":"brady","salt":"SL4tyYCM","md5":"4411002dcc291227bcaa5b2a7b369d5d","sha1":"0ee3bd2414f8401276bb709cf6b786ec65ade901","sha256":"94d90823b0b37dbaf8df8b4beb64ef867587e3bce442f0a57bceb6ea6a678f26"},"dob":{"date":"1974-12-21T01:50:34.703Z","age":49},"registered":{"date":"2016-05-03T22:58:17.771Z","age":8},"phone":"(301)-886-4843","cell":"(105)-662-7833","id":{"name":"","value":null},"picture":{"large":"https://randomuser.me/api/portraits/women/81.jpg","medium":"https://randomuser.me/api/portraits/med/women/81.jpg","thumbnail":"https://randomuser.me/api/portraits/thumb/women/81.jpg"},"nat":"NZ"}],"info":{"seed":"eb3a94f4c1058d9e","results":1,"page":1,"version":"1.4"}} 
 </msg>
<msg time="2024-06-09T05:13:57.291314" level="INFO">/opt/hostedtoolcache/Python/3.12.3/x64/lib/python3.12/site-packages/urllib3/connectionpool.py:1103: InsecureRequestWarning: Unverified HTTPS request is being made to host 'randomuser.me'. Adding certificate verification is strongly advised. See: https://urllib3.readthedocs.io/en/latest/advanced-usage.html#tls-warnings
  warnings.warn(</msg>
<msg time="2024-06-09T05:13:57.291402" level="INFO">${response} = &lt;Response [200]&gt;</msg>
<var>${response}</var>
<arg>consultarAPI</arg>
<arg>/api</arg>
<doc>Sends a GET request on a previously created HTTP Session.</doc>
<status status="PASS" start="2024-06-09T05:13:57.207071" elapsed="0.084355"/>
</kw>
<kw name="Set Variable" owner="BuiltIn">
<msg time="2024-06-09T05:13:57.292228" level="INFO">${json_data} = {'results': [{'gender': 'female', 'name': {'title': 'Mrs', 'first': 'Ariana', 'last': 'Walker'}, 'location': {'street': {'number': 9023, 'name': 'Great North Road'}, 'city': 'Masterton', 'state': 'Sou...</msg>
<var>${json_data}</var>
<arg>${response.json()}</arg>
<doc>Returns the given values which can then be assigned to a variables.</doc>
<status status="PASS" start="2024-06-09T05:13:57.291799" elapsed="0.000458"/>
</kw>
<kw name="Set Variable" owner="BuiltIn">
<msg time="2024-06-09T05:13:57.292930" level="INFO">${name_title} = Mrs</msg>
<var>${name_title}</var>
<arg>${json_data["results"][0]["name"]["title"]}</arg>
<doc>Returns the given values which can then be assigned to a variables.</doc>
<status status="PASS" start="2024-06-09T05:13:57.292553" elapsed="0.000402"/>
</kw>
<kw name="Create List" owner="BuiltIn">
<msg time="2024-06-09T05:13:57.293392" level="INFO">${allowed_titles} = ['Mr', 'Ms', 'Miss', 'Mrs', 'Madame', 'Monsieur']</msg>
<var>${allowed_titles}</var>
<arg>Mr</arg>
<arg>Ms</arg>
<arg>Miss</arg>
<arg>Mrs</arg>
<arg>Madame</arg>
<arg>Monsieur</arg>
<doc>Returns a list containing given items.</doc>
<status status="PASS" start="2024-06-09T05:13:57.293245" elapsed="0.000171"/>
</kw>
<kw name="List Should Contain Value" owner="Collections">
<msg time="2024-06-09T05:13:57.293884" level="INFO">False</msg>
<arg>${allowed_titles}</arg>
<arg>${name_title}</arg>
<doc>Fails if the ``value`` is not found from ``list``.</doc>
<status status="PASS" start="2024-06-09T05:13:57.293716" elapsed="0.000210"/>
</kw>
<kw name="Set Variable" owner="BuiltIn">
<msg time="2024-06-09T05:13:57.294773" level="INFO">${name_country} = NZ</msg>
<var>${name_country}</var>
<arg>${json_data["results"][0]["nat"]}</arg>
<doc>Returns the given values which can then be assigned to a variables.</doc>
<status status="PASS" start="2024-06-09T05:13:57.294215" elapsed="0.000584"/>
</kw>
<kw name="Create List" owner="BuiltIn">
<msg time="2024-06-09T05:13:57.295714" level="INFO">${list_country} = ['AD', 'AE', 'AF', 'AG', 'AI', 'AL', 'AM', 'AO', 'AQ', 'AR', 'AS', 'AT', 'AU', 'AW', 'AX', 'AZ', 'BA', 'BB', 'BD', 'BE', 'BF', 'BG', 'BH', 'BI', 'BJ', 'BL', 'BM', 'BN', 'BO', 'BQ', 'BR', 'BS', 'BT', '...</msg>
<var>${list_country}</var>
<arg>AD</arg>
<arg>AE</arg>
<arg>AF</arg>
<arg>AG</arg>
<arg>AI</arg>
<arg>AL</arg>
<arg>AM</arg>
<arg>AO</arg>
<arg>AQ</arg>
<arg>AR</arg>
<arg>AS</arg>
<arg>AT</arg>
<arg>AU</arg>
<arg>AW</arg>
<arg>AX</arg>
<arg>AZ</arg>
<arg>BA</arg>
<arg>BB</arg>
<arg>BD</arg>
<arg>BE</arg>
<arg>BF</arg>
<arg>BG</arg>
<arg>BH</arg>
<arg>BI</arg>
<arg>BJ</arg>
<arg>BL</arg>
<arg>BM</arg>
<arg>BN</arg>
<arg>BO</arg>
<arg>BQ</arg>
<arg>BR</arg>
<arg>BS</arg>
<arg>BT</arg>
<arg>BV</arg>
<arg>BW</arg>
<arg>BY</arg>
<arg>BZ</arg>
<arg>CA</arg>
<arg>CC</arg>
<arg>CD</arg>
<arg>CF</arg>
<arg>CG</arg>
<arg>CH</arg>
<arg>CI</arg>
<arg>CK</arg>
<arg>CL</arg>
<arg>CM</arg>
<arg>CN</arg>
<arg>CO</arg>
<arg>CR</arg>
<arg>CU</arg>
<arg>CV</arg>
<arg>CW</arg>
<arg>CX</arg>
<arg>CY</arg>
<arg>CZ</arg>
<arg>DE</arg>
<arg>DJ</arg>
<arg>DK</arg>
<arg>DM</arg>
<arg>DO</arg>
<arg>DZ</arg>
<arg>EC</arg>
<arg>EE</arg>
<arg>EG</arg>
<arg>EH</arg>
<arg>ER</arg>
<arg>ES</arg>
<arg>ET</arg>
<arg>FI</arg>
<arg>FJ</arg>
<arg>FK</arg>
<arg>FM</arg>
<arg>FO</arg>
<arg>FR</arg>
<arg>GA</arg>
<arg>GB</arg>
<arg>GD</arg>
<arg>GE</arg>
<arg>GF</arg>
<arg>GG</arg>
<arg>GH</arg>
<arg>GI</arg>
<arg>GL</arg>
<arg>GM</arg>
<arg>GN</arg>
<arg>GP</arg>
<arg>GQ</arg>
<arg>GR</arg>
<arg>GS</arg>
<arg>GT</arg>
<arg>GU</arg>
<arg>GW</arg>
<arg>GY</arg>
<arg>HK</arg>
<arg>HM</arg>
<arg>HN</arg>
<arg>HR</arg>
<arg>HT</arg>
<arg>HU</arg>
<arg>ID</arg>
<arg>IE</arg>
<arg>IL</arg>
<arg>IM</arg>
<arg>IN</arg>
<arg>IO</arg>
<arg>IQ</arg>
<arg>IR</arg>
<arg>IS</arg>
<arg>IT</arg>
<arg>JE</arg>
<arg>JM</arg>
<arg>JO</arg>
<arg>JP</arg>
<arg>KE</arg>
<arg>KG</arg>
<arg>KH</arg>
<arg>KI</arg>
<arg>KM</arg>
<arg>KN</arg>
<arg>KP</arg>
<arg>KR</arg>
<arg>KW</arg>
<arg>KY</arg>
<arg>KZ</arg>
<arg>LA</arg>
<arg>LB</arg>
<arg>LC</arg>
<arg>LI</arg>
<arg>LK</arg>
<arg>LR</arg>
<arg>LS</arg>
<arg>LT</arg>
<arg>LU</arg>
<arg>LV</arg>
<arg>LY</arg>
<arg>MA</arg>
<arg>MC</arg>
<arg>MD</arg>
<arg>ME</arg>
<arg>MF</arg>
<arg>MG</arg>
<arg>MH</arg>
<arg>MK</arg>
<arg>ML</arg>
<arg>MM</arg>
<arg>MN</arg>
<arg>MO</arg>
<arg>MP</arg>
<arg>MQ</arg>
<arg>MR</arg>
<arg>MS</arg>
<arg>MT</arg>
<arg>MU</arg>
<arg>MV</arg>
<arg>MW</arg>
<arg>MX</arg>
<arg>MY</arg>
<arg>MZ</arg>
<arg>NA</arg>
<arg>NC</arg>
<arg>NE</arg>
<arg>NF</arg>
<arg>NG</arg>
<arg>NI</arg>
<arg>NL</arg>
<arg>NO</arg>
<arg>NP</arg>
<arg>NR</arg>
<arg>NU</arg>
<arg>NZ</arg>
<arg>OM</arg>
<arg>PA</arg>
<arg>PE</arg>
<arg>PF</arg>
<arg>PG</arg>
<arg>PH</arg>
<arg>PK</arg>
<arg>PL</arg>
<arg>PM</arg>
<arg>PN</arg>
<arg>PR</arg>
<arg>PS</arg>
<arg>PT</arg>
<arg>PW</arg>
<arg>PY</arg>
<arg>QA</arg>
<arg>RE</arg>
<arg>RO</arg>
<arg>RS</arg>
<arg>RU</arg>
<arg>RW</arg>
<arg>SA</arg>
<arg>SB</arg>
<arg>SC</arg>
<arg>SD</arg>
<arg>SE</arg>
<arg>SG</arg>
<arg>SH</arg>
<arg>SI</arg>
<arg>SJ</arg>
<arg>SK</arg>
<arg>SL</arg>
<arg>SM</arg>
<arg>SN</arg>
<arg>SO</arg>
<arg>SR</arg>
<arg>SS</arg>
<arg>ST</arg>
<arg>SV</arg>
<arg>SX</arg>
<arg>SY</arg>
<arg>SZ</arg>
<arg>TC</arg>
<arg>TD</arg>
<arg>TF</arg>
<arg>TG</arg>
<arg>TH</arg>
<arg>TJ</arg>
<arg>TK</arg>
<arg>TL</arg>
<arg>TM</arg>
<arg>TN</arg>
<arg>TO</arg>
<arg>TR</arg>
<arg>TT</arg>
<arg>TV</arg>
<arg>TW</arg>
<arg>TZ</arg>
<arg>UA</arg>
<arg>UG</arg>
<arg>UM</arg>
<arg>US</arg>
<arg>UY</arg>
<arg>UZ</arg>
<arg>VA</arg>
<arg>VC</arg>
<arg>VE</arg>
<arg>VG</arg>
<arg>VI</arg>
<arg>VN</arg>
<arg>VU</arg>
<arg>WF</arg>
<arg>WS</arg>
<arg>XK</arg>
<arg>YE</arg>
<arg>YT</arg>
<arg>ZA</arg>
<arg>ZM</arg>
<arg>ZW</arg>
<doc>Returns a list containing given items.</doc>
<status status="PASS" start="2024-06-09T05:13:57.295111" elapsed="0.000628"/>
</kw>
<kw name="List Should Contain Value" owner="Collections">
<msg time="2024-06-09T05:13:57.296720" level="INFO">False</msg>
<arg>${list_country}</arg>
<arg>${name_country}</arg>
<doc>Fails if the ``value`` is not found from ``list``.</doc>
<status status="PASS" start="2024-06-09T05:13:57.296517" elapsed="0.000239"/>
</kw>
<kw name="Run Keyword If" owner="BuiltIn">
<kw name="Should Be True" owner="BuiltIn">
<arg>${True}</arg>
<doc>Fails if the given condition is not true.</doc>
<status status="PASS" start="2024-06-09T05:13:57.297813" elapsed="0.000145"/>
</kw>
<arg>${json_data["results"][0]["location"]["coordinates"]["latitude"]} &gt;= -90 and ${json_data["results"][0]["location"]["coordinates"]["latitude"]} &lt;= 90</arg>
<arg>Should Be True</arg>
<arg>${True}</arg>
<doc>Runs the given keyword with the given arguments, if ``condition`` is true.</doc>
<status status="PASS" start="2024-06-09T05:13:57.297065" elapsed="0.001020"/>
</kw>
<kw name="Run Keyword If" owner="BuiltIn">
<kw name="Should Be True" owner="BuiltIn">
<arg>${True}</arg>
<doc>Fails if the given condition is not true.</doc>
<status status="PASS" start="2024-06-09T05:13:57.299023" elapsed="0.000150"/>
</kw>
<arg>${json_data["results"][0]["location"]["coordinates"]["longitude"]} &gt;= -180 and ${json_data["results"][0]["location"]["coordinates"]["longitude"]} &lt;= 180</arg>
<arg>Should Be True</arg>
<arg>${True}</arg>
<doc>Runs the given keyword with the given arguments, if ``condition`` is true.</doc>
<status status="PASS" start="2024-06-09T05:13:57.298284" elapsed="0.001011"/>
</kw>
<status status="PASS" start="2024-06-09T05:13:57.206853" elapsed="0.092579"/>
</kw>
<doc>Testa o conteúdo específico dos campos retornados pela API.</doc>
<tag>testeConteudo</tag>
<status status="PASS" start="2024-06-09T05:13:57.206436" elapsed="0.093134"/>
</test>
<status status="PASS" start="2024-06-09T05:13:56.447455" elapsed="0.854044"/>
</suite>
<status status="PASS" start="2024-06-09T05:13:56.433885" elapsed="0.872749"/>
</suite>
<statistics>
<total>
<stat pass="5" fail="0" skip="0">All Tests</stat>
</total>
<tag>
<stat pass="1" fail="0" skip="0">testeConteudo</stat>
<stat pass="1" fail="0" skip="0">testeEstruturaResposta</stat>
<stat pass="1" fail="0" skip="0">testeRequisicaoBasica</stat>
<stat pass="1" fail="0" skip="0">testeTiposDados</stat>
</tag>
<suite>
<stat pass="5" fail="0" skip="0" id="s1" name="Tests">Tests</stat>
<stat pass="5" fail="0" skip="0" id="s1-s1" name="Random-User-Test">Tests.Random-User-Test</stat>
</suite>
</statistics>
<errors>
</errors>
</robot>
