<?xml version="1.0" encoding="UTF-8"?>
<robot generator="Robot 7.0 (Python 3.12.2 on linux)" generated="2024-04-10T00:59:10.158152" rpa="false" schemaversion="5">
<suite id="s1" name="Tests" source="/home/runner/work/DesafioQAItauRogerioJordao/DesafioQAItauRogerioJordao/RamdonUser/tests">
<suite id="s1-s1" name="Random-User-Test" source="/home/runner/work/DesafioQAItauRogerioJordao/DesafioQAItauRogerioJordao/RamdonUser/tests/random-user-test.robot">
<test id="s1-s1-t1" name="Conectar" line="13">
<kw name="Conectar API" owner="random-user-service">
<kw name="Create Session" owner="RequestsLibrary">
<msg time="2024-04-10T00:59:10.524340" level="INFO">Creating Session using : alias=consultarAPI, url=https://randomuser.me/, headers={},                     cookies={}, auth=None, timeout=None, proxies=None, verify=False,                     debug=0 </msg>
<arg>consultarAPI</arg>
<arg>${URL}</arg>
<doc>Create Session: create a HTTP session to a server</doc>
<status status="PASS" start="2024-04-10T00:59:10.524135" elapsed="0.000390"/>
</kw>
<status status="PASS" start="2024-04-10T00:59:10.523051" elapsed="0.001843"/>
</kw>
<status status="PASS" start="2024-04-10T00:59:10.522507" elapsed="0.002593"/>
</test>
<test id="s1-s1-t2" name="Validar retorno 200 e JSON Válido" line="16">
<kw name="Teste de Requisicao Basica" owner="random-user-service">
<kw name="GET On Session" owner="RequestsLibrary">
<msg time="2024-04-10T00:59:10.607123" level="INFO">GET Request : url=https://randomuser.me/api 
 path_url=/api 
 headers={'User-Agent': 'python-requests/2.31.0', 'Accept-Encoding': 'gzip, deflate', 'Accept': '*/*', 'Connection': 'keep-alive'} 
 body=None 
 </msg>
<msg time="2024-04-10T00:59:10.607325" level="INFO">GET Response : url=https://randomuser.me/api 
 status=200, reason=OK 
 headers={'Date': 'Wed, 10 Apr 2024 00:59:10 GMT', 'Content-Type': 'application/json; charset=utf-8', 'Transfer-Encoding': 'chunked', 'Connection': 'keep-alive', 'X-Powered-By': 'Express', 'Access-Control-Allow-Origin': '*', 'Cache-Control': 'no-cache', 'ETag': 'W/"4a6-6QCD2YG/ZeU2IYLUDnvk0fo6xWA"', 'Vary': 'Accept-Encoding', 'Content-Encoding': 'gzip', 'CF-Cache-Status': 'DYNAMIC', 'Report-To': '{"endpoints":[{"url":"https:\\/\\/a.nel.cloudflare.com\\/report\\/v4?s=KCfhvN3FATvPzcfl265srz9BOiMcG7RyWo%2B%2B2XrSaOuaU6LYw%2BoEEadmZyDy6Cs%2BYXWmojqT1iULiDeZ2V8dzvtqi3kMNP1%2BSK5mxTgrF1pR1cQi1r34nZFCrGnDZpCP"}],"group":"cf-nel","max_age":604800}', 'NEL': '{"success_fraction":0,"report_to":"cf-nel","max_age":604800}', 'Server': 'cloudflare', 'CF-RAY': '871ecaef09ff7fb2-IAD', 'alt-svc': 'h3=":443"; ma=86400'} 
 body={"results":[{"gender":"female","name":{"title":"Mrs","first":"Encarnación","last":"Santos"},"location":{"street":{"number":8760,"name":"Avenida de Castilla"},"city":"Santander","state":"Cantabria","country":"Spain","postcode":19082,"coordinates":{"latitude":"-34.7366","longitude":"24.6251"},"timezone":{"offset":"+5:30","description":"Bombay, Calcutta, Madras, New Delhi"}},"email":"encarnacion.santos@example.com","login":{"uuid":"5e8be1c4-1c69-4def-b88a-63fbc6b114d2","username":"purplekoala310","password":"katherine","salt":"UzJ250DH","md5":"62a05ab3fe2a5a530c3bb3051387bc2b","sha1":"9f5ede4e5b6158cf9da106c1d5643f727f85160d","sha256":"b4a884e5412793aecb35ab147a9a54ea828b7c0a500770d3351343f54795dbd4"},"dob":{"date":"1999-10-13T11:59:24.222Z","age":24},"registered":{"date":"2017-04-21T13:42:32.599Z","age":6},"phone":"937-012-811","cell":"655-851-107","id":{"name":"DNI","value":"54871699-G"},"picture":{"large":"https://randomuser.me/api/portraits/women/73.jpg","medium":"https://randomuser.me/api/portraits/med/women/73.jpg","thumbnail":"https://randomuser.me/api/portraits/thumb/women/73.jpg"},"nat":"ES"}],"info":{"seed":"11a9cdc9227fa211","results":1,"page":1,"version":"1.4"}} 
 </msg>
<msg time="2024-04-10T00:59:10.607414" level="INFO">/opt/hostedtoolcache/Python/3.12.2/x64/lib/python3.12/site-packages/urllib3/connectionpool.py:1103: InsecureRequestWarning: Unverified HTTPS request is being made to host 'randomuser.me'. Adding certificate verification is strongly advised. See: https://urllib3.readthedocs.io/en/latest/advanced-usage.html#tls-warnings
  warnings.warn(</msg>
<msg time="2024-04-10T00:59:10.607570" level="INFO">${response} = &lt;Response [200]&gt;</msg>
<var>${response}</var>
<arg>consultarAPI</arg>
<arg>/api</arg>
<doc>Sends a GET request on a previously created HTTP Session.</doc>
<status status="PASS" start="2024-04-10T00:59:10.527655" elapsed="0.079957"/>
</kw>
<kw name="Should Be Equal As Numbers" owner="BuiltIn">
<msg time="2024-04-10T00:59:10.608652" level="INFO">Argument types are:
&lt;class 'int'&gt;
&lt;class 'str'&gt;</msg>
<arg>${response.status_code}</arg>
<arg>200</arg>
<doc>Fails if objects are unequal after converting them to real numbers.</doc>
<status status="PASS" start="2024-04-10T00:59:10.608179" elapsed="0.000541"/>
</kw>
<kw name="Log" owner="BuiltIn">
<msg time="2024-04-10T00:59:10.609426" level="INFO">200</msg>
<arg>${response.status_code}</arg>
<doc>Logs the given message with the given level.</doc>
<status status="PASS" start="2024-04-10T00:59:10.609061" elapsed="0.000411"/>
</kw>
<kw name="Set Variable" owner="BuiltIn">
<msg time="2024-04-10T00:59:10.610256" level="INFO">${json_data} = {'results': [{'gender': 'female', 'name': {'title': 'Mrs', 'first': 'Encarnación', 'last': 'Santos'}, 'location': {'street': {'number': 8760, 'name': 'Avenida de Castilla'}, 'city': 'Santander', 'stat...</msg>
<var>${json_data}</var>
<arg>${response.json()}</arg>
<doc>Returns the given values which can then be assigned to a variables.</doc>
<status status="PASS" start="2024-04-10T00:59:10.609806" elapsed="0.000481"/>
</kw>
<kw name="Dictionary Should Contain Key" owner="Collections">
<msg time="2024-04-10T00:59:10.610769" level="INFO">False</msg>
<arg>${json_data}</arg>
<arg>results</arg>
<doc>Fails if ``key`` is not found from ``dictionary``.</doc>
<status status="PASS" start="2024-04-10T00:59:10.610593" elapsed="0.000217"/>
</kw>
<status status="PASS" start="2024-04-10T00:59:10.527402" elapsed="0.083671"/>
</kw>
<doc>Testa se a API responde corretamente e retorna um objeto JSON válido.</doc>
<tag>testeRequisicaoBasica</tag>
<status status="PASS" start="2024-04-10T00:59:10.526947" elapsed="0.084320"/>
</test>
<test id="s1-s1-t3" name="Validar estrutura de resposta" line="22">
<kw name="Teste de Estrutura de Resposta" owner="random-user-service">
<kw name="GET On Session" owner="RequestsLibrary">
<msg time="2024-04-10T00:59:10.712458" level="INFO">GET Request : url=https://randomuser.me/api 
 path_url=/api 
 headers={'User-Agent': 'python-requests/2.31.0', 'Accept-Encoding': 'gzip, deflate', 'Accept': '*/*', 'Connection': 'keep-alive'} 
 body=None 
 </msg>
<msg time="2024-04-10T00:59:10.712554" level="INFO">GET Response : url=https://randomuser.me/api 
 status=200, reason=OK 
 headers={'Date': 'Wed, 10 Apr 2024 00:59:10 GMT', 'Content-Type': 'application/json; charset=utf-8', 'Transfer-Encoding': 'chunked', 'Connection': 'keep-alive', 'X-Powered-By': 'Express', 'Access-Control-Allow-Origin': '*', 'Cache-Control': 'no-cache', 'ETag': 'W/"4b3-gh9zDLXR260LiLlw5Rg4TYV2Flg"', 'Vary': 'Accept-Encoding', 'Content-Encoding': 'gzip', 'CF-Cache-Status': 'DYNAMIC', 'Report-To': '{"endpoints":[{"url":"https:\\/\\/a.nel.cloudflare.com\\/report\\/v4?s=IdNvK9G5aptOVk%2BuKdbLX%2FQ2QIsoQ395N4jzfDhFM5nMm%2F65XdisgHBAVisFNUkjqCWMvxOmkNL3QnTkEz2LhWtdIatCIyNCVK8VKWSVApi7ihJ5OxfYnkubaBGl0PxO"}],"group":"cf-nel","max_age":604800}', 'NEL': '{"success_fraction":0,"report_to":"cf-nel","max_age":604800}', 'Server': 'cloudflare', 'CF-RAY': '871ecaef5a4c7fb2-IAD', 'alt-svc': 'h3=":443"; ma=86400'} 
 body={"results":[{"gender":"male","name":{"title":"Monsieur","first":"Alban","last":"Mathieu"},"location":{"street":{"number":186,"name":"Avenue du Fort-Caire"},"city":"Reigoldswil","state":"Neuchâtel","country":"Switzerland","postcode":3475,"coordinates":{"latitude":"-62.7796","longitude":"-109.7696"},"timezone":{"offset":"+5:00","description":"Ekaterinburg, Islamabad, Karachi, Tashkent"}},"email":"alban.mathieu@example.com","login":{"uuid":"0aa01b7a-d06b-4dda-9eda-5fe540c386a2","username":"ticklishostrich402","password":"vader","salt":"ZbzRZYPw","md5":"19a34e2299ede74088b9477d15d3e29b","sha1":"b4dcc72cbaf0d2bc86d0f333bbc28001187e1a91","sha256":"87134c0288019738c5c81ba72a0c29b80baad5702071a1f7360045739010c54e"},"dob":{"date":"2000-12-11T00:07:03.740Z","age":23},"registered":{"date":"2020-01-20T19:11:04.562Z","age":4},"phone":"075 725 36 18","cell":"079 616 73 81","id":{"name":"AVS","value":"756.9472.7056.09"},"picture":{"large":"https://randomuser.me/api/portraits/men/36.jpg","medium":"https://randomuser.me/api/portraits/med/men/36.jpg","thumbnail":"https://randomuser.me/api/portraits/thumb/men/36.jpg"},"nat":"CH"}],"info":{"seed":"e85acdc3f8ba547f","results":1,"page":1,"version":"1.4"}} 
 </msg>
<msg time="2024-04-10T00:59:10.712696" level="INFO">/opt/hostedtoolcache/Python/3.12.2/x64/lib/python3.12/site-packages/urllib3/connectionpool.py:1103: InsecureRequestWarning: Unverified HTTPS request is being made to host 'randomuser.me'. Adding certificate verification is strongly advised. See: https://urllib3.readthedocs.io/en/latest/advanced-usage.html#tls-warnings
  warnings.warn(</msg>
<msg time="2024-04-10T00:59:10.712830" level="INFO">${response} = &lt;Response [200]&gt;</msg>
<var>${response}</var>
<arg>consultarAPI</arg>
<arg>/api</arg>
<doc>Sends a GET request on a previously created HTTP Session.</doc>
<status status="PASS" start="2024-04-10T00:59:10.614498" elapsed="0.098373"/>
</kw>
<kw name="Set Variable" owner="BuiltIn">
<msg time="2024-04-10T00:59:10.714052" level="INFO">${json_data} = {'results': [{'gender': 'male', 'name': {'title': 'Monsieur', 'first': 'Alban', 'last': 'Mathieu'}, 'location': {'street': {'number': 186, 'name': 'Avenue du Fort-Caire'}, 'city': 'Reigoldswil', 'stat...</msg>
<var>${json_data}</var>
<arg>${response.json()}</arg>
<doc>Returns the given values which can then be assigned to a variables.</doc>
<status status="PASS" start="2024-04-10T00:59:10.713483" elapsed="0.000598"/>
</kw>
<kw name="Log" owner="BuiltIn">
<msg time="2024-04-10T00:59:10.714572" level="INFO">{'results': [{'gender': 'male', 'name': {'title': 'Monsieur', 'first': 'Alban', 'last': 'Mathieu'}, 'location': {'street': {'number': 186, 'name': 'Avenue du Fort-Caire'}, 'city': 'Reigoldswil', 'state': 'Neuchâtel', 'country': 'Switzerland', 'postcode': 3475, 'coordinates': {'latitude': '-62.7796', 'longitude': '-109.7696'}, 'timezone': {'offset': '+5:00', 'description': 'Ekaterinburg, Islamabad, Karachi, Tashkent'}}, 'email': 'alban.mathieu@example.com', 'login': {'uuid': '0aa01b7a-d06b-4dda-9eda-5fe540c386a2', 'username': 'ticklishostrich402', 'password': 'vader', 'salt': 'ZbzRZYPw', 'md5': '19a34e2299ede74088b9477d15d3e29b', 'sha1': 'b4dcc72cbaf0d2bc86d0f333bbc28001187e1a91', 'sha256': '87134c0288019738c5c81ba72a0c29b80baad5702071a1f7360045739010c54e'}, 'dob': {'date': '2000-12-11T00:07:03.740Z', 'age': 23}, 'registered': {'date': '2020-01-20T19:11:04.562Z', 'age': 4}, 'phone': '075 725 36 18', 'cell': '079 616 73 81', 'id': {'name': 'AVS', 'value': '756.9472.7056.09'}, 'picture': {'large': 'https://randomuser.me/api/portraits/men/36.jpg', 'medium': 'https://randomuser.me/api/portraits/med/men/36.jpg', 'thumbnail': 'https://randomuser.me/api/portraits/thumb/men/36.jpg'}, 'nat': 'CH'}], 'info': {'seed': 'e85acdc3f8ba547f', 'results': 1, 'page': 1, 'version': '1.4'}}</msg>
<arg>${json_data}</arg>
<doc>Logs the given message with the given level.</doc>
<status status="PASS" start="2024-04-10T00:59:10.714405" elapsed="0.000218"/>
</kw>
<kw name="Dictionary Should Contain Key" owner="Collections">
<msg time="2024-04-10T00:59:10.715078" level="INFO">False</msg>
<arg>${json_data}</arg>
<arg>results</arg>
<doc>Fails if ``key`` is not found from ``dictionary``.</doc>
<status status="PASS" start="2024-04-10T00:59:10.714922" elapsed="0.000194"/>
</kw>
<kw name="Should Not Be Empty" owner="BuiltIn">
<msg time="2024-04-10T00:59:10.715544" level="INFO">Length is 2.</msg>
<arg>${json_data}</arg>
<doc>Verifies that the given item is not empty.</doc>
<status status="PASS" start="2024-04-10T00:59:10.715410" elapsed="0.000173"/>
</kw>
<kw name="Create List" owner="BuiltIn">
<msg time="2024-04-10T00:59:10.716062" level="INFO">${expected_keys} = ['gender', 'name', 'location', 'email', 'login']</msg>
<var>${expected_keys}</var>
<arg>gender</arg>
<arg>name</arg>
<arg>location</arg>
<arg>email</arg>
<arg>login</arg>
<doc>Returns a list containing given items.</doc>
<status status="PASS" start="2024-04-10T00:59:10.715898" elapsed="0.000189"/>
</kw>
<for flavor="IN">
<iter>
<kw name="Dictionary Should Contain Key" owner="Collections">
<msg time="2024-04-10T00:59:10.717078" level="INFO">False</msg>
<arg>${json_data['results'][0]}</arg>
<arg>${key}</arg>
<doc>Fails if ``key`` is not found from ``dictionary``.</doc>
<status status="PASS" start="2024-04-10T00:59:10.716677" elapsed="0.000441"/>
</kw>
<kw name="Log" owner="BuiltIn">
<msg time="2024-04-10T00:59:10.717797" level="INFO">{'gender': 'male', 'name': {'title': 'Monsieur', 'first': 'Alban', 'last': 'Mathieu'}, 'location': {'street': {'number': 186, 'name': 'Avenue du Fort-Caire'}, 'city': 'Reigoldswil', 'state': 'Neuchâtel', 'country': 'Switzerland', 'postcode': 3475, 'coordinates': {'latitude': '-62.7796', 'longitude': '-109.7696'}, 'timezone': {'offset': '+5:00', 'description': 'Ekaterinburg, Islamabad, Karachi, Tashkent'}}, 'email': 'alban.mathieu@example.com', 'login': {'uuid': '0aa01b7a-d06b-4dda-9eda-5fe540c386a2', 'username': 'ticklishostrich402', 'password': 'vader', 'salt': 'ZbzRZYPw', 'md5': '19a34e2299ede74088b9477d15d3e29b', 'sha1': 'b4dcc72cbaf0d2bc86d0f333bbc28001187e1a91', 'sha256': '87134c0288019738c5c81ba72a0c29b80baad5702071a1f7360045739010c54e'}, 'dob': {'date': '2000-12-11T00:07:03.740Z', 'age': 23}, 'registered': {'date': '2020-01-20T19:11:04.562Z', 'age': 4}, 'phone': '075 725 36 18', 'cell': '079 616 73 81', 'id': {'name': 'AVS', 'value': '756.9472.7056.09'}, 'picture': {'large': 'https://randomuser.me/api/portraits/men/36.jpg', 'medium': 'https://randomuser.me/api/portraits/med/men/36.jpg', 'thumbnail': 'https://randomuser.me/api/portraits/thumb/men/36.jpg'}, 'nat': 'CH'}</msg>
<arg>${json_data['results'][0]}</arg>
<doc>Logs the given message with the given level.</doc>
<status status="PASS" start="2024-04-10T00:59:10.717427" elapsed="0.000426"/>
</kw>
<kw name="Log" owner="BuiltIn">
<msg time="2024-04-10T00:59:10.718286" level="INFO">gender</msg>
<arg>${key}</arg>
<doc>Logs the given message with the given level.</doc>
<status status="PASS" start="2024-04-10T00:59:10.718156" elapsed="0.000169"/>
</kw>
<var name="${key}">gender</var>
<status status="PASS" start="2024-04-10T00:59:10.716544" elapsed="0.002005"/>
</iter>
<iter>
<kw name="Dictionary Should Contain Key" owner="Collections">
<msg time="2024-04-10T00:59:10.719241" level="INFO">False</msg>
<arg>${json_data['results'][0]}</arg>
<arg>${key}</arg>
<doc>Fails if ``key`` is not found from ``dictionary``.</doc>
<status status="PASS" start="2024-04-10T00:59:10.718854" elapsed="0.000457"/>
</kw>
<kw name="Log" owner="BuiltIn">
<msg time="2024-04-10T00:59:10.720053" level="INFO">{'gender': 'male', 'name': {'title': 'Monsieur', 'first': 'Alban', 'last': 'Mathieu'}, 'location': {'street': {'number': 186, 'name': 'Avenue du Fort-Caire'}, 'city': 'Reigoldswil', 'state': 'Neuchâtel', 'country': 'Switzerland', 'postcode': 3475, 'coordinates': {'latitude': '-62.7796', 'longitude': '-109.7696'}, 'timezone': {'offset': '+5:00', 'description': 'Ekaterinburg, Islamabad, Karachi, Tashkent'}}, 'email': 'alban.mathieu@example.com', 'login': {'uuid': '0aa01b7a-d06b-4dda-9eda-5fe540c386a2', 'username': 'ticklishostrich402', 'password': 'vader', 'salt': 'ZbzRZYPw', 'md5': '19a34e2299ede74088b9477d15d3e29b', 'sha1': 'b4dcc72cbaf0d2bc86d0f333bbc28001187e1a91', 'sha256': '87134c0288019738c5c81ba72a0c29b80baad5702071a1f7360045739010c54e'}, 'dob': {'date': '2000-12-11T00:07:03.740Z', 'age': 23}, 'registered': {'date': '2020-01-20T19:11:04.562Z', 'age': 4}, 'phone': '075 725 36 18', 'cell': '079 616 73 81', 'id': {'name': 'AVS', 'value': '756.9472.7056.09'}, 'picture': {'large': 'https://randomuser.me/api/portraits/men/36.jpg', 'medium': 'https://randomuser.me/api/portraits/med/men/36.jpg', 'thumbnail': 'https://randomuser.me/api/portraits/thumb/men/36.jpg'}, 'nat': 'CH'}</msg>
<arg>${json_data['results'][0]}</arg>
<doc>Logs the given message with the given level.</doc>
<status status="PASS" start="2024-04-10T00:59:10.719615" elapsed="0.000493"/>
</kw>
<kw name="Log" owner="BuiltIn">
<msg time="2024-04-10T00:59:10.720539" level="INFO">name</msg>
<arg>${key}</arg>
<doc>Logs the given message with the given level.</doc>
<status status="PASS" start="2024-04-10T00:59:10.720410" elapsed="0.000167"/>
</kw>
<var name="${key}">name</var>
<status status="PASS" start="2024-04-10T00:59:10.718740" elapsed="0.002055"/>
</iter>
<iter>
<kw name="Dictionary Should Contain Key" owner="Collections">
<msg time="2024-04-10T00:59:10.721464" level="INFO">False</msg>
<arg>${json_data['results'][0]}</arg>
<arg>${key}</arg>
<doc>Fails if ``key`` is not found from ``dictionary``.</doc>
<status status="PASS" start="2024-04-10T00:59:10.721088" elapsed="0.000414"/>
</kw>
<kw name="Log" owner="BuiltIn">
<msg time="2024-04-10T00:59:10.722171" level="INFO">{'gender': 'male', 'name': {'title': 'Monsieur', 'first': 'Alban', 'last': 'Mathieu'}, 'location': {'street': {'number': 186, 'name': 'Avenue du Fort-Caire'}, 'city': 'Reigoldswil', 'state': 'Neuchâtel', 'country': 'Switzerland', 'postcode': 3475, 'coordinates': {'latitude': '-62.7796', 'longitude': '-109.7696'}, 'timezone': {'offset': '+5:00', 'description': 'Ekaterinburg, Islamabad, Karachi, Tashkent'}}, 'email': 'alban.mathieu@example.com', 'login': {'uuid': '0aa01b7a-d06b-4dda-9eda-5fe540c386a2', 'username': 'ticklishostrich402', 'password': 'vader', 'salt': 'ZbzRZYPw', 'md5': '19a34e2299ede74088b9477d15d3e29b', 'sha1': 'b4dcc72cbaf0d2bc86d0f333bbc28001187e1a91', 'sha256': '87134c0288019738c5c81ba72a0c29b80baad5702071a1f7360045739010c54e'}, 'dob': {'date': '2000-12-11T00:07:03.740Z', 'age': 23}, 'registered': {'date': '2020-01-20T19:11:04.562Z', 'age': 4}, 'phone': '075 725 36 18', 'cell': '079 616 73 81', 'id': {'name': 'AVS', 'value': '756.9472.7056.09'}, 'picture': {'large': 'https://randomuser.me/api/portraits/men/36.jpg', 'medium': 'https://randomuser.me/api/portraits/med/men/36.jpg', 'thumbnail': 'https://randomuser.me/api/portraits/thumb/men/36.jpg'}, 'nat': 'CH'}</msg>
<arg>${json_data['results'][0]}</arg>
<doc>Logs the given message with the given level.</doc>
<status status="PASS" start="2024-04-10T00:59:10.721804" elapsed="0.000420"/>
</kw>
<kw name="Log" owner="BuiltIn">
<msg time="2024-04-10T00:59:10.722646" level="INFO">location</msg>
<arg>${key}</arg>
<doc>Logs the given message with the given level.</doc>
<status status="PASS" start="2024-04-10T00:59:10.722519" elapsed="0.000166"/>
</kw>
<var name="${key}">location</var>
<status status="PASS" start="2024-04-10T00:59:10.720976" elapsed="0.001923"/>
</iter>
<iter>
<kw name="Dictionary Should Contain Key" owner="Collections">
<msg time="2024-04-10T00:59:10.723562" level="INFO">False</msg>
<arg>${json_data['results'][0]}</arg>
<arg>${key}</arg>
<doc>Fails if ``key`` is not found from ``dictionary``.</doc>
<status status="PASS" start="2024-04-10T00:59:10.723181" elapsed="0.000419"/>
</kw>
<kw name="Log" owner="BuiltIn">
<msg time="2024-04-10T00:59:10.724304" level="INFO">{'gender': 'male', 'name': {'title': 'Monsieur', 'first': 'Alban', 'last': 'Mathieu'}, 'location': {'street': {'number': 186, 'name': 'Avenue du Fort-Caire'}, 'city': 'Reigoldswil', 'state': 'Neuchâtel', 'country': 'Switzerland', 'postcode': 3475, 'coordinates': {'latitude': '-62.7796', 'longitude': '-109.7696'}, 'timezone': {'offset': '+5:00', 'description': 'Ekaterinburg, Islamabad, Karachi, Tashkent'}}, 'email': 'alban.mathieu@example.com', 'login': {'uuid': '0aa01b7a-d06b-4dda-9eda-5fe540c386a2', 'username': 'ticklishostrich402', 'password': 'vader', 'salt': 'ZbzRZYPw', 'md5': '19a34e2299ede74088b9477d15d3e29b', 'sha1': 'b4dcc72cbaf0d2bc86d0f333bbc28001187e1a91', 'sha256': '87134c0288019738c5c81ba72a0c29b80baad5702071a1f7360045739010c54e'}, 'dob': {'date': '2000-12-11T00:07:03.740Z', 'age': 23}, 'registered': {'date': '2020-01-20T19:11:04.562Z', 'age': 4}, 'phone': '075 725 36 18', 'cell': '079 616 73 81', 'id': {'name': 'AVS', 'value': '756.9472.7056.09'}, 'picture': {'large': 'https://randomuser.me/api/portraits/men/36.jpg', 'medium': 'https://randomuser.me/api/portraits/med/men/36.jpg', 'thumbnail': 'https://randomuser.me/api/portraits/thumb/men/36.jpg'}, 'nat': 'CH'}</msg>
<arg>${json_data['results'][0]}</arg>
<doc>Logs the given message with the given level.</doc>
<status status="PASS" start="2024-04-10T00:59:10.723931" elapsed="0.000422"/>
</kw>
<kw name="Log" owner="BuiltIn">
<msg time="2024-04-10T00:59:10.724780" level="INFO">email</msg>
<arg>${key}</arg>
<doc>Logs the given message with the given level.</doc>
<status status="PASS" start="2024-04-10T00:59:10.724653" elapsed="0.000165"/>
</kw>
<var name="${key}">email</var>
<status status="PASS" start="2024-04-10T00:59:10.723071" elapsed="0.001959"/>
</iter>
<iter>
<kw name="Dictionary Should Contain Key" owner="Collections">
<msg time="2024-04-10T00:59:10.725694" level="INFO">False</msg>
<arg>${json_data['results'][0]}</arg>
<arg>${key}</arg>
<doc>Fails if ``key`` is not found from ``dictionary``.</doc>
<status status="PASS" start="2024-04-10T00:59:10.725312" elapsed="0.000419"/>
</kw>
<kw name="Log" owner="BuiltIn">
<msg time="2024-04-10T00:59:10.726382" level="INFO">{'gender': 'male', 'name': {'title': 'Monsieur', 'first': 'Alban', 'last': 'Mathieu'}, 'location': {'street': {'number': 186, 'name': 'Avenue du Fort-Caire'}, 'city': 'Reigoldswil', 'state': 'Neuchâtel', 'country': 'Switzerland', 'postcode': 3475, 'coordinates': {'latitude': '-62.7796', 'longitude': '-109.7696'}, 'timezone': {'offset': '+5:00', 'description': 'Ekaterinburg, Islamabad, Karachi, Tashkent'}}, 'email': 'alban.mathieu@example.com', 'login': {'uuid': '0aa01b7a-d06b-4dda-9eda-5fe540c386a2', 'username': 'ticklishostrich402', 'password': 'vader', 'salt': 'ZbzRZYPw', 'md5': '19a34e2299ede74088b9477d15d3e29b', 'sha1': 'b4dcc72cbaf0d2bc86d0f333bbc28001187e1a91', 'sha256': '87134c0288019738c5c81ba72a0c29b80baad5702071a1f7360045739010c54e'}, 'dob': {'date': '2000-12-11T00:07:03.740Z', 'age': 23}, 'registered': {'date': '2020-01-20T19:11:04.562Z', 'age': 4}, 'phone': '075 725 36 18', 'cell': '079 616 73 81', 'id': {'name': 'AVS', 'value': '756.9472.7056.09'}, 'picture': {'large': 'https://randomuser.me/api/portraits/men/36.jpg', 'medium': 'https://randomuser.me/api/portraits/med/men/36.jpg', 'thumbnail': 'https://randomuser.me/api/portraits/thumb/men/36.jpg'}, 'nat': 'CH'}</msg>
<arg>${json_data['results'][0]}</arg>
<doc>Logs the given message with the given level.</doc>
<status status="PASS" start="2024-04-10T00:59:10.726021" elapsed="0.000410"/>
</kw>
<kw name="Log" owner="BuiltIn">
<msg time="2024-04-10T00:59:10.726878" level="INFO">login</msg>
<arg>${key}</arg>
<doc>Logs the given message with the given level.</doc>
<status status="PASS" start="2024-04-10T00:59:10.726750" elapsed="0.000172"/>
</kw>
<var name="${key}">login</var>
<status status="PASS" start="2024-04-10T00:59:10.725203" elapsed="0.001955"/>
</iter>
<var>${key}</var>
<value>@{expected_keys}</value>
<status status="PASS" start="2024-04-10T00:59:10.716350" elapsed="0.010989"/>
</for>
<kw name="Create List" owner="BuiltIn">
<msg time="2024-04-10T00:59:10.727820" level="INFO">${expected_keysTwo} = ['username', 'password']</msg>
<var>${expected_keysTwo}</var>
<arg>username</arg>
<arg>password</arg>
<doc>Returns a list containing given items.</doc>
<status status="PASS" start="2024-04-10T00:59:10.727623" elapsed="0.000237"/>
</kw>
<for flavor="IN">
<iter>
<kw name="Dictionary Should Contain Key" owner="Collections">
<msg time="2024-04-10T00:59:10.728963" level="INFO">False</msg>
<arg>${json_data['results'][0]['login']}</arg>
<arg>${keyTwo}</arg>
<doc>Fails if ``key`` is not found from ``dictionary``.</doc>
<status status="PASS" start="2024-04-10T00:59:10.728567" elapsed="0.000434"/>
</kw>
<kw name="Dictionary Should Contain Key" owner="Collections">
<msg time="2024-04-10T00:59:10.729679" level="INFO">False</msg>
<arg>${json_data['results'][0]['login']}</arg>
<arg>${keyTwo}</arg>
<doc>Fails if ``key`` is not found from ``dictionary``.</doc>
<status status="PASS" start="2024-04-10T00:59:10.729302" elapsed="0.000421"/>
</kw>
<kw name="Log" owner="BuiltIn">
<msg time="2024-04-10T00:59:10.730141" level="INFO">username</msg>
<arg>${keyTwo}</arg>
<doc>Logs the given message with the given level.</doc>
<status status="PASS" start="2024-04-10T00:59:10.730015" elapsed="0.000165"/>
</kw>
<var name="${keyTwo}">username</var>
<status status="PASS" start="2024-04-10T00:59:10.728455" elapsed="0.001937"/>
</iter>
<iter>
<kw name="Dictionary Should Contain Key" owner="Collections">
<msg time="2024-04-10T00:59:10.731042" level="INFO">False</msg>
<arg>${json_data['results'][0]['login']}</arg>
<arg>${keyTwo}</arg>
<doc>Fails if ``key`` is not found from ``dictionary``.</doc>
<status status="PASS" start="2024-04-10T00:59:10.730670" elapsed="0.000410"/>
</kw>
<kw name="Dictionary Should Contain Key" owner="Collections">
<msg time="2024-04-10T00:59:10.731748" level="INFO">False</msg>
<arg>${json_data['results'][0]['login']}</arg>
<arg>${keyTwo}</arg>
<doc>Fails if ``key`` is not found from ``dictionary``.</doc>
<status status="PASS" start="2024-04-10T00:59:10.731370" elapsed="0.000415"/>
</kw>
<kw name="Log" owner="BuiltIn">
<msg time="2024-04-10T00:59:10.732241" level="INFO">password</msg>
<arg>${keyTwo}</arg>
<doc>Logs the given message with the given level.</doc>
<status status="PASS" start="2024-04-10T00:59:10.732110" elapsed="0.000168"/>
</kw>
<var name="${keyTwo}">password</var>
<status status="PASS" start="2024-04-10T00:59:10.730562" elapsed="0.001936"/>
</iter>
<var>${keyTwo}</var>
<value>@{expected_keysTwo}</value>
<status status="PASS" start="2024-04-10T00:59:10.728191" elapsed="0.004428"/>
</for>
<status status="PASS" start="2024-04-10T00:59:10.614145" elapsed="0.118615"/>
</kw>
<doc>Testa a estrutura da resposta da API.</doc>
<tag>testeEstruturaResposta</tag>
<status status="PASS" start="2024-04-10T00:59:10.613233" elapsed="0.119693"/>
</test>
<test id="s1-s1-t4" name="Validar tipos de dados" line="28">
<kw name="Teste de Tipos de Dados" owner="random-user-service">
<kw name="GET On Session" owner="RequestsLibrary">
<msg time="2024-04-10T00:59:10.809792" level="INFO">GET Request : url=https://randomuser.me/api 
 path_url=/api 
 headers={'User-Agent': 'python-requests/2.31.0', 'Accept-Encoding': 'gzip, deflate', 'Accept': '*/*', 'Connection': 'keep-alive'} 
 body=None 
 </msg>
<msg time="2024-04-10T00:59:10.809880" level="INFO">GET Response : url=https://randomuser.me/api 
 status=200, reason=OK 
 headers={'Date': 'Wed, 10 Apr 2024 00:59:10 GMT', 'Content-Type': 'application/json; charset=utf-8', 'Transfer-Encoding': 'chunked', 'Connection': 'keep-alive', 'X-Powered-By': 'Express', 'Access-Control-Allow-Origin': '*', 'Cache-Control': 'no-cache', 'ETag': 'W/"46f-mXcN8zg2LeeXR9+pQK6xOcAHx4w"', 'Vary': 'Accept-Encoding', 'Content-Encoding': 'gzip', 'CF-Cache-Status': 'DYNAMIC', 'Report-To': '{"endpoints":[{"url":"https:\\/\\/a.nel.cloudflare.com\\/report\\/v4?s=VotVYwIRv7OGsJKxeol1%2BrN%2BwHvU8KRLv09fIvwDOE9itMki%2FXODV6VAD1n8OthVWCGBLuInzUwIqXS4dZInvL42nH016EAZffDRxjYUzc1dmEEuGaQ%2FK%2FJlgFIbA1G2"}],"group":"cf-nel","max_age":604800}', 'NEL': '{"success_fraction":0,"report_to":"cf-nel","max_age":604800}', 'Server': 'cloudflare', 'CF-RAY': '871ecaf01b617fb2-IAD', 'alt-svc': 'h3=":443"; ma=86400'} 
 body={"results":[{"gender":"female","name":{"title":"Mrs","first":"Ayşe","last":"Koçoğlu"},"location":{"street":{"number":6502,"name":"Necatibey Cd"},"city":"Aksaray","state":"Batman","country":"Turkey","postcode":58416,"coordinates":{"latitude":"72.6144","longitude":"111.0363"},"timezone":{"offset":"-2:00","description":"Mid-Atlantic"}},"email":"ayse.kocoglu@example.com","login":{"uuid":"0876a8de-84a4-432b-aa7e-2b37dcf155d3","username":"tinycat748","password":"jennaj","salt":"tQsoiS5O","md5":"04af1812aecd1ccd14d6f459c49eaa1b","sha1":"2ffa16d3ae4aea880b5c491f46272eb76e02020d","sha256":"b6d0ce1bf353b72e8505040ab367329f3d728e74795f1dba234455235afceb3e"},"dob":{"date":"1958-08-13T20:43:24.199Z","age":65},"registered":{"date":"2012-02-29T12:16:56.263Z","age":12},"phone":"(790)-338-2904","cell":"(127)-758-5355","id":{"name":"","value":null},"picture":{"large":"https://randomuser.me/api/portraits/women/81.jpg","medium":"https://randomuser.me/api/portraits/med/women/81.jpg","thumbnail":"https://randomuser.me/api/portraits/thumb/women/81.jpg"},"nat":"TR"}],"info":{"seed":"3a98256f4b41620a","results":1,"page":1,"version":"1.4"}} 
 </msg>
<msg time="2024-04-10T00:59:10.809959" level="INFO">/opt/hostedtoolcache/Python/3.12.2/x64/lib/python3.12/site-packages/urllib3/connectionpool.py:1103: InsecureRequestWarning: Unverified HTTPS request is being made to host 'randomuser.me'. Adding certificate verification is strongly advised. See: https://urllib3.readthedocs.io/en/latest/advanced-usage.html#tls-warnings
  warnings.warn(</msg>
<msg time="2024-04-10T00:59:10.810080" level="INFO">${response} = &lt;Response [200]&gt;</msg>
<var>${response}</var>
<arg>consultarAPI</arg>
<arg>/api</arg>
<doc>Sends a GET request on a previously created HTTP Session.</doc>
<status status="PASS" start="2024-04-10T00:59:10.735481" elapsed="0.074647"/>
</kw>
<kw name="Set Variable" owner="BuiltIn">
<msg time="2024-04-10T00:59:10.811330" level="INFO">${json_data} = {'results': [{'gender': 'female', 'name': {'title': 'Mrs', 'first': 'Ayşe', 'last': 'Koçoğlu'}, 'location': {'street': {'number': 6502, 'name': 'Necatibey Cd'}, 'city': 'Aksaray', 'state': 'Batman', '...</msg>
<var>${json_data}</var>
<arg>${response.json()}</arg>
<doc>Returns the given values which can then be assigned to a variables.</doc>
<status status="PASS" start="2024-04-10T00:59:10.810746" elapsed="0.000619"/>
</kw>
<kw name="Log" owner="BuiltIn">
<msg time="2024-04-10T00:59:10.811840" level="INFO">{'results': [{'gender': 'female', 'name': {'title': 'Mrs', 'first': 'Ayşe', 'last': 'Koçoğlu'}, 'location': {'street': {'number': 6502, 'name': 'Necatibey Cd'}, 'city': 'Aksaray', 'state': 'Batman', 'country': 'Turkey', 'postcode': 58416, 'coordinates': {'latitude': '72.6144', 'longitude': '111.0363'}, 'timezone': {'offset': '-2:00', 'description': 'Mid-Atlantic'}}, 'email': 'ayse.kocoglu@example.com', 'login': {'uuid': '0876a8de-84a4-432b-aa7e-2b37dcf155d3', 'username': 'tinycat748', 'password': 'jennaj', 'salt': 'tQsoiS5O', 'md5': '04af1812aecd1ccd14d6f459c49eaa1b', 'sha1': '2ffa16d3ae4aea880b5c491f46272eb76e02020d', 'sha256': 'b6d0ce1bf353b72e8505040ab367329f3d728e74795f1dba234455235afceb3e'}, 'dob': {'date': '1958-08-13T20:43:24.199Z', 'age': 65}, 'registered': {'date': '2012-02-29T12:16:56.263Z', 'age': 12}, 'phone': '(790)-338-2904', 'cell': '(127)-758-5355', 'id': {'name': '', 'value': None}, 'picture': {'large': 'https://randomuser.me/api/portraits/women/81.jpg', 'medium': 'https://randomuser.me/api/portraits/med/women/81.jpg', 'thumbnail': 'https://randomuser.me/api/portraits/thumb/women/81.jpg'}, 'nat': 'TR'}], 'info': {'seed': '3a98256f4b41620a', 'results': 1, 'page': 1, 'version': '1.4'}}</msg>
<arg>${json_data}</arg>
<doc>Logs the given message with the given level.</doc>
<status status="PASS" start="2024-04-10T00:59:10.811681" elapsed="0.000281"/>
</kw>
<kw name="Should Be String" owner="String">
<arg>${json_data['results'][0]['gender']}</arg>
<doc>Fails if the given ``item`` is not a string.</doc>
<status status="PASS" start="2024-04-10T00:59:10.812282" elapsed="0.000375"/>
</kw>
<kw name="Should Match Regexp" owner="BuiltIn">
<arg>${json_data['results'][0]['email']}</arg>
<arg>^[a-zA-Z0-9._%+-]+@[a-zA-Z0-9.-]+\.[a-zA-Z]{2,}$</arg>
<doc>Fails if ``string`` does not match ``pattern`` as a regular expression.</doc>
<status status="PASS" start="2024-04-10T00:59:10.812852" elapsed="0.000510"/>
</kw>
<kw name="Should Match Regexp" owner="BuiltIn">
<arg>${json_data['results'][0]['dob']['date']}</arg>
<arg>\\d{4}-\\d{2}-\\d{2}T\\d{2}:\\d{2}:\\d{2}\\.\\d{3}Z</arg>
<doc>Fails if ``string`` does not match ``pattern`` as a regular expression.</doc>
<status status="PASS" start="2024-04-10T00:59:10.813560" elapsed="0.000499"/>
</kw>
<kw name="Should Match Regexp" owner="BuiltIn">
<arg>${json_data['results'][0]['registered']['date']}</arg>
<arg>\\d{4}-\\d{2}-\\d{2}T\\d{2}:\\d{2}:\\d{2}\\.\\d{3}Z</arg>
<doc>Fails if ``string`` does not match ``pattern`` as a regular expression.</doc>
<status status="PASS" start="2024-04-10T00:59:10.814261" elapsed="0.000371"/>
</kw>
<kw name="Should Match Regexp" owner="BuiltIn">
<arg>${json_data['results'][0]['picture']['large']}</arg>
<arg>^https?://.*\.(?:png|jpe?g|gif|bmp)$</arg>
<doc>Fails if ``string`` does not match ``pattern`` as a regular expression.</doc>
<status status="PASS" start="2024-04-10T00:59:10.814820" elapsed="0.000459"/>
</kw>
<kw name="Should Match Regexp" owner="BuiltIn">
<arg>${json_data['results'][0]['picture']['medium']}</arg>
<arg>^https?://.*\.(?:png|jpe?g|gif|bmp)$</arg>
<doc>Fails if ``string`` does not match ``pattern`` as a regular expression.</doc>
<status status="PASS" start="2024-04-10T00:59:10.815472" elapsed="0.000363"/>
</kw>
<kw name="Should Match Regexp" owner="BuiltIn">
<arg>${json_data['results'][0]['picture']['thumbnail']}</arg>
<arg>^https?://.*\.(?:png|jpe?g|gif|bmp)$</arg>
<doc>Fails if ``string`` does not match ``pattern`` as a regular expression.</doc>
<status status="PASS" start="2024-04-10T00:59:10.816069" elapsed="0.000370"/>
</kw>
<kw name="Log" owner="BuiltIn">
<msg time="2024-04-10T00:59:10.816950" level="INFO">{'large': 'https://randomuser.me/api/portraits/women/81.jpg', 'medium': 'https://randomuser.me/api/portraits/med/women/81.jpg', 'thumbnail': 'https://randomuser.me/api/portraits/thumb/women/81.jpg'}</msg>
<arg>${json_data['results'][0]['picture']}</arg>
<doc>Logs the given message with the given level.</doc>
<status status="PASS" start="2024-04-10T00:59:10.816625" elapsed="0.000366"/>
</kw>
<status status="PASS" start="2024-04-10T00:59:10.735251" elapsed="0.081994"/>
</kw>
<kw name="Teste de Tipos de Dados - Postcode" owner="random-user-service">
<kw name="GET On Session" owner="RequestsLibrary">
<msg time="2024-04-10T00:59:10.935819" level="INFO">GET Request : url=https://randomuser.me/api 
 path_url=/api 
 headers={'User-Agent': 'python-requests/2.31.0', 'Accept-Encoding': 'gzip, deflate', 'Accept': '*/*', 'Connection': 'keep-alive'} 
 body=None 
 </msg>
<msg time="2024-04-10T00:59:10.935992" level="INFO">GET Response : url=https://randomuser.me/api 
 status=200, reason=OK 
 headers={'Date': 'Wed, 10 Apr 2024 00:59:10 GMT', 'Content-Type': 'application/json; charset=utf-8', 'Transfer-Encoding': 'chunked', 'Connection': 'keep-alive', 'X-Powered-By': 'Express', 'Access-Control-Allow-Origin': '*', 'Cache-Control': 'no-cache', 'ETag': 'W/"495-m604Oe3E7hzgtTpUCYV/zJZDCqk"', 'Vary': 'Accept-Encoding', 'Content-Encoding': 'gzip', 'CF-Cache-Status': 'DYNAMIC', 'Report-To': '{"endpoints":[{"url":"https:\\/\\/a.nel.cloudflare.com\\/report\\/v4?s=ndwK90VV3uzT6y%2B584VZLY5RmACDAP0JS0Su2PQAFKMghEC%2F0CY1Yam95AkXi5h0Xya283yevqcxFgzpIKiY0pt5a3lL0qwJCurq9Ho5RkLjeRctv0%2FjGv92F387UPXN"}],"group":"cf-nel","max_age":604800}', 'NEL': '{"success_fraction":0,"report_to":"cf-nel","max_age":604800}', 'Server': 'cloudflare', 'CF-RAY': '871ecaf0abdb7fb2-IAD', 'alt-svc': 'h3=":443"; ma=86400'} 
 body={"results":[{"gender":"male","name":{"title":"Mr","first":"Freddie","last":"Spencer"},"location":{"street":{"number":7824,"name":"College St"},"city":"Stockton","state":"Hawaii","country":"United States","postcode":82168,"coordinates":{"latitude":"86.2448","longitude":"-78.0844"},"timezone":{"offset":"+10:00","description":"Eastern Australia, Guam, Vladivostok"}},"email":"freddie.spencer@example.com","login":{"uuid":"5dfc1d3c-91d6-43a2-b1a0-9d1219554f45","username":"redbear638","password":"avenger","salt":"LgYznQlS","md5":"7eb828c791c61deeef4bfd0e1147bc41","sha1":"18f9e3c8e0e9d85e39e15f3ecf5d098687d219de","sha256":"b4c8a1ab9be743e46923267eaedaac527e2b6940fa556eeaf095605cf2050b3a"},"dob":{"date":"1992-10-24T17:00:54.620Z","age":31},"registered":{"date":"2004-07-26T05:06:42.614Z","age":19},"phone":"(263) 429-2335","cell":"(298) 264-0333","id":{"name":"SSN","value":"450-31-4686"},"picture":{"large":"https://randomuser.me/api/portraits/men/15.jpg","medium":"https://randomuser.me/api/portraits/med/men/15.jpg","thumbnail":"https://randomuser.me/api/portraits/thumb/men/15.jpg"},"nat":"US"}],"info":{"seed":"50bf151ca85379f2","results":1,"page":1,"version":"1.4"}} 
 </msg>
<msg time="2024-04-10T00:59:10.936128" level="INFO">/opt/hostedtoolcache/Python/3.12.2/x64/lib/python3.12/site-packages/urllib3/connectionpool.py:1103: InsecureRequestWarning: Unverified HTTPS request is being made to host 'randomuser.me'. Adding certificate verification is strongly advised. See: https://urllib3.readthedocs.io/en/latest/advanced-usage.html#tls-warnings
  warnings.warn(</msg>
<msg time="2024-04-10T00:59:10.936311" level="INFO">${response} = &lt;Response [200]&gt;</msg>
<var>${response}</var>
<arg>consultarAPI</arg>
<arg>/api</arg>
<doc>Sends a GET request on a previously created HTTP Session.</doc>
<status status="PASS" start="2024-04-10T00:59:10.817711" elapsed="0.118650"/>
</kw>
<kw name="Set Variable" owner="BuiltIn">
<msg time="2024-04-10T00:59:10.937852" level="INFO">${json_data} = {'results': [{'gender': 'male', 'name': {'title': 'Mr', 'first': 'Freddie', 'last': 'Spencer'}, 'location': {'street': {'number': 7824, 'name': 'College St'}, 'city': 'Stockton', 'state': 'Hawaii', 'c...</msg>
<var>${json_data}</var>
<arg>${response.json()}</arg>
<doc>Returns the given values which can then be assigned to a variables.</doc>
<status status="PASS" start="2024-04-10T00:59:10.937065" elapsed="0.000830"/>
</kw>
<kw name="Log" owner="BuiltIn">
<msg time="2024-04-10T00:59:10.938597" level="INFO">{'results': [{'gender': 'male', 'name': {'title': 'Mr', 'first': 'Freddie', 'last': 'Spencer'}, 'location': {'street': {'number': 7824, 'name': 'College St'}, 'city': 'Stockton', 'state': 'Hawaii', 'country': 'United States', 'postcode': 82168, 'coordinates': {'latitude': '86.2448', 'longitude': '-78.0844'}, 'timezone': {'offset': '+10:00', 'description': 'Eastern Australia, Guam, Vladivostok'}}, 'email': 'freddie.spencer@example.com', 'login': {'uuid': '5dfc1d3c-91d6-43a2-b1a0-9d1219554f45', 'username': 'redbear638', 'password': 'avenger', 'salt': 'LgYznQlS', 'md5': '7eb828c791c61deeef4bfd0e1147bc41', 'sha1': '18f9e3c8e0e9d85e39e15f3ecf5d098687d219de', 'sha256': 'b4c8a1ab9be743e46923267eaedaac527e2b6940fa556eeaf095605cf2050b3a'}, 'dob': {'date': '1992-10-24T17:00:54.620Z', 'age': 31}, 'registered': {'date': '2004-07-26T05:06:42.614Z', 'age': 19}, 'phone': '(263) 429-2335', 'cell': '(298) 264-0333', 'id': {'name': 'SSN', 'value': '450-31-4686'}, 'picture': {'large': 'https://randomuser.me/api/portraits/men/15.jpg', 'medium': 'https://randomuser.me/api/portraits/med/men/15.jpg', 'thumbnail': 'https://randomuser.me/api/portraits/thumb/men/15.jpg'}, 'nat': 'US'}], 'info': {'seed': '50bf151ca85379f2', 'results': 1, 'page': 1, 'version': '1.4'}}</msg>
<arg>${json_data}</arg>
<doc>Logs the given message with the given level.</doc>
<status status="PASS" start="2024-04-10T00:59:10.938346" elapsed="0.000383"/>
</kw>
<kw name="Should Be Equal As Numbers" owner="BuiltIn">
<arg>${json_data['results'][0]['location']['postcode']}</arg>
<arg>${json_data['results'][0]['location']['postcode']}</arg>
<doc>Fails if objects are unequal after converting them to real numbers.</doc>
<status status="PASS" start="2024-04-10T00:59:10.939184" elapsed="0.001092"/>
</kw>
<kw name="Log" owner="BuiltIn">
<msg time="2024-04-10T00:59:10.941199" level="INFO">82168</msg>
<arg>${json_data['results'][0]['location']['postcode']}</arg>
<doc>Logs the given message with the given level.</doc>
<status status="PASS" start="2024-04-10T00:59:10.940626" elapsed="0.000636"/>
</kw>
<status status="PASS" start="2024-04-10T00:59:10.817472" elapsed="0.124183"/>
</kw>
<doc>Testa se os tipos de dados na resposta da API estão corretos.</doc>
<tag>testeTiposDados</tag>
<status status="PASS" start="2024-04-10T00:59:10.734710" elapsed="0.207219"/>
</test>
<test id="s1-s1-t5" name="Validar conteudo" line="35">
<kw name="Teste de Tipos de Conteudo" owner="random-user-service">
<kw name="GET On Session" owner="RequestsLibrary">
<msg time="2024-04-10T00:59:11.029218" level="INFO">GET Request : url=https://randomuser.me/api 
 path_url=/api 
 headers={'User-Agent': 'python-requests/2.31.0', 'Accept-Encoding': 'gzip, deflate', 'Accept': '*/*', 'Connection': 'keep-alive'} 
 body=None 
 </msg>
<msg time="2024-04-10T00:59:11.029317" level="INFO">GET Response : url=https://randomuser.me/api 
 status=200, reason=OK 
 headers={'Date': 'Wed, 10 Apr 2024 00:59:11 GMT', 'Content-Type': 'application/json; charset=utf-8', 'Transfer-Encoding': 'chunked', 'Connection': 'keep-alive', 'X-Powered-By': 'Express', 'Access-Control-Allow-Origin': '*', 'Cache-Control': 'no-cache', 'ETag': 'W/"499-vt6vDhMhNL9ODGmLesgwSE/4OpY"', 'Vary': 'Accept-Encoding', 'Content-Encoding': 'gzip', 'CF-Cache-Status': 'DYNAMIC', 'Report-To': '{"endpoints":[{"url":"https:\\/\\/a.nel.cloudflare.com\\/report\\/v4?s=%2FoEx7eFNtQReDixxgl57dNzTQKJ6vNxCaOdewsUZO43q7vfui2H9ElMGVYJrEA3CanQKMKQ%2FNHrGmd7Po4Sv7oxJBp4g%2ByXdCG8ptQ1w4cP4GoEMmVxW%2FlaGvDAjItU3"}],"group":"cf-nel","max_age":604800}', 'NEL': '{"success_fraction":0,"report_to":"cf-nel","max_age":604800}', 'Server': 'cloudflare', 'CF-RAY': '871ecaf17cc27fb2-IAD', 'alt-svc': 'h3=":443"; ma=86400'} 
 body={"results":[{"gender":"male","name":{"title":"Mr","first":"Abhishek","last":"Hiremath"},"location":{"street":{"number":6650,"name":"Tank Bund Rd"},"city":"Firozabad","state":"Daman and Diu","country":"India","postcode":23542,"coordinates":{"latitude":"11.0125","longitude":"-151.7157"},"timezone":{"offset":"+8:00","description":"Beijing, Perth, Singapore, Hong Kong"}},"email":"abhishek.hiremath@example.com","login":{"uuid":"05daf442-a428-499e-88c7-525d595cb3dd","username":"smallkoala425","password":"kathryn","salt":"PrkIJJ3X","md5":"7b300bb8efbf9beb6b970cafb5d0ac9a","sha1":"d4b40c4a063d1da629ed7cf7e4d1c0d3ccfee2dd","sha256":"007cfc130e07bb2ee85502362c2476c877c27d82838df1a4baf83b28f8d74925"},"dob":{"date":"1954-08-28T17:47:41.032Z","age":69},"registered":{"date":"2009-09-19T13:13:58.231Z","age":14},"phone":"7637728861","cell":"7029273406","id":{"name":"UIDAI","value":"308927576175"},"picture":{"large":"https://randomuser.me/api/portraits/men/81.jpg","medium":"https://randomuser.me/api/portraits/med/men/81.jpg","thumbnail":"https://randomuser.me/api/portraits/thumb/men/81.jpg"},"nat":"IN"}],"info":{"seed":"818e7d50a13ff86c","results":1,"page":1,"version":"1.4"}} 
 </msg>
<msg time="2024-04-10T00:59:11.029391" level="INFO">/opt/hostedtoolcache/Python/3.12.2/x64/lib/python3.12/site-packages/urllib3/connectionpool.py:1103: InsecureRequestWarning: Unverified HTTPS request is being made to host 'randomuser.me'. Adding certificate verification is strongly advised. See: https://urllib3.readthedocs.io/en/latest/advanced-usage.html#tls-warnings
  warnings.warn(</msg>
<msg time="2024-04-10T00:59:11.029512" level="INFO">${response} = &lt;Response [200]&gt;</msg>
<var>${response}</var>
<arg>consultarAPI</arg>
<arg>/api</arg>
<doc>Sends a GET request on a previously created HTTP Session.</doc>
<status status="PASS" start="2024-04-10T00:59:10.946219" elapsed="0.083320"/>
</kw>
<kw name="Set Variable" owner="BuiltIn">
<msg time="2024-04-10T00:59:11.030621" level="INFO">${json_data} = {'results': [{'gender': 'male', 'name': {'title': 'Mr', 'first': 'Abhishek', 'last': 'Hiremath'}, 'location': {'street': {'number': 6650, 'name': 'Tank Bund Rd'}, 'city': 'Firozabad', 'state': 'Daman ...</msg>
<var>${json_data}</var>
<arg>${response.json()}</arg>
<doc>Returns the given values which can then be assigned to a variables.</doc>
<status status="PASS" start="2024-04-10T00:59:11.030092" elapsed="0.000559"/>
</kw>
<kw name="Set Variable" owner="BuiltIn">
<msg time="2024-04-10T00:59:11.031385" level="INFO">${name_title} = Mr</msg>
<var>${name_title}</var>
<arg>${json_data["results"][0]["name"]["title"]}</arg>
<doc>Returns the given values which can then be assigned to a variables.</doc>
<status status="PASS" start="2024-04-10T00:59:11.030968" elapsed="0.000443"/>
</kw>
<kw name="Create List" owner="BuiltIn">
<msg time="2024-04-10T00:59:11.031871" level="INFO">${allowed_titles} = ['Mr', 'Ms', 'Miss', 'Mrs', 'Madame', 'Monsieur']</msg>
<var>${allowed_titles}</var>
<arg>Mr</arg>
<arg>Ms</arg>
<arg>Miss</arg>
<arg>Mrs</arg>
<arg>Madame</arg>
<arg>Monsieur</arg>
<doc>Returns a list containing given items.</doc>
<status status="PASS" start="2024-04-10T00:59:11.031717" elapsed="0.000209"/>
</kw>
<kw name="List Should Contain Value" owner="Collections">
<msg time="2024-04-10T00:59:11.032434" level="INFO">False</msg>
<arg>${allowed_titles}</arg>
<arg>${name_title}</arg>
<doc>Fails if the ``value`` is not found from ``list``.</doc>
<status status="PASS" start="2024-04-10T00:59:11.032257" elapsed="0.000215"/>
</kw>
<kw name="Set Variable" owner="BuiltIn">
<msg time="2024-04-10T00:59:11.033156" level="INFO">${name_country} = IN</msg>
<var>${name_country}</var>
<arg>${json_data["results"][0]["nat"]}</arg>
<doc>Returns the given values which can then be assigned to a variables.</doc>
<status status="PASS" start="2024-04-10T00:59:11.032767" elapsed="0.000414"/>
</kw>
<kw name="Create List" owner="BuiltIn">
<msg time="2024-04-10T00:59:11.034095" level="INFO">${list_country} = ['AD', 'AE', 'AF', 'AG', 'AI', 'AL', 'AM', 'AO', 'AQ', 'AR', 'AS', 'AT', 'AU', 'AW', 'AX', 'AZ', 'BA', 'BB', 'BD', 'BE', 'BF', 'BG', 'BH', 'BI', 'BJ', 'BL', 'BM', 'BN', 'BO', 'BQ', 'BR', 'BS', 'BT', '...</msg>
<var>${list_country}</var>
<arg>AD</arg>
<arg>AE</arg>
<arg>AF</arg>
<arg>AG</arg>
<arg>AI</arg>
<arg>AL</arg>
<arg>AM</arg>
<arg>AO</arg>
<arg>AQ</arg>
<arg>AR</arg>
<arg>AS</arg>
<arg>AT</arg>
<arg>AU</arg>
<arg>AW</arg>
<arg>AX</arg>
<arg>AZ</arg>
<arg>BA</arg>
<arg>BB</arg>
<arg>BD</arg>
<arg>BE</arg>
<arg>BF</arg>
<arg>BG</arg>
<arg>BH</arg>
<arg>BI</arg>
<arg>BJ</arg>
<arg>BL</arg>
<arg>BM</arg>
<arg>BN</arg>
<arg>BO</arg>
<arg>BQ</arg>
<arg>BR</arg>
<arg>BS</arg>
<arg>BT</arg>
<arg>BV</arg>
<arg>BW</arg>
<arg>BY</arg>
<arg>BZ</arg>
<arg>CA</arg>
<arg>CC</arg>
<arg>CD</arg>
<arg>CF</arg>
<arg>CG</arg>
<arg>CH</arg>
<arg>CI</arg>
<arg>CK</arg>
<arg>CL</arg>
<arg>CM</arg>
<arg>CN</arg>
<arg>CO</arg>
<arg>CR</arg>
<arg>CU</arg>
<arg>CV</arg>
<arg>CW</arg>
<arg>CX</arg>
<arg>CY</arg>
<arg>CZ</arg>
<arg>DE</arg>
<arg>DJ</arg>
<arg>DK</arg>
<arg>DM</arg>
<arg>DO</arg>
<arg>DZ</arg>
<arg>EC</arg>
<arg>EE</arg>
<arg>EG</arg>
<arg>EH</arg>
<arg>ER</arg>
<arg>ES</arg>
<arg>ET</arg>
<arg>FI</arg>
<arg>FJ</arg>
<arg>FK</arg>
<arg>FM</arg>
<arg>FO</arg>
<arg>FR</arg>
<arg>GA</arg>
<arg>GB</arg>
<arg>GD</arg>
<arg>GE</arg>
<arg>GF</arg>
<arg>GG</arg>
<arg>GH</arg>
<arg>GI</arg>
<arg>GL</arg>
<arg>GM</arg>
<arg>GN</arg>
<arg>GP</arg>
<arg>GQ</arg>
<arg>GR</arg>
<arg>GS</arg>
<arg>GT</arg>
<arg>GU</arg>
<arg>GW</arg>
<arg>GY</arg>
<arg>HK</arg>
<arg>HM</arg>
<arg>HN</arg>
<arg>HR</arg>
<arg>HT</arg>
<arg>HU</arg>
<arg>ID</arg>
<arg>IE</arg>
<arg>IL</arg>
<arg>IM</arg>
<arg>IN</arg>
<arg>IO</arg>
<arg>IQ</arg>
<arg>IR</arg>
<arg>IS</arg>
<arg>IT</arg>
<arg>JE</arg>
<arg>JM</arg>
<arg>JO</arg>
<arg>JP</arg>
<arg>KE</arg>
<arg>KG</arg>
<arg>KH</arg>
<arg>KI</arg>
<arg>KM</arg>
<arg>KN</arg>
<arg>KP</arg>
<arg>KR</arg>
<arg>KW</arg>
<arg>KY</arg>
<arg>KZ</arg>
<arg>LA</arg>
<arg>LB</arg>
<arg>LC</arg>
<arg>LI</arg>
<arg>LK</arg>
<arg>LR</arg>
<arg>LS</arg>
<arg>LT</arg>
<arg>LU</arg>
<arg>LV</arg>
<arg>LY</arg>
<arg>MA</arg>
<arg>MC</arg>
<arg>MD</arg>
<arg>ME</arg>
<arg>MF</arg>
<arg>MG</arg>
<arg>MH</arg>
<arg>MK</arg>
<arg>ML</arg>
<arg>MM</arg>
<arg>MN</arg>
<arg>MO</arg>
<arg>MP</arg>
<arg>MQ</arg>
<arg>MR</arg>
<arg>MS</arg>
<arg>MT</arg>
<arg>MU</arg>
<arg>MV</arg>
<arg>MW</arg>
<arg>MX</arg>
<arg>MY</arg>
<arg>MZ</arg>
<arg>NA</arg>
<arg>NC</arg>
<arg>NE</arg>
<arg>NF</arg>
<arg>NG</arg>
<arg>NI</arg>
<arg>NL</arg>
<arg>NO</arg>
<arg>NP</arg>
<arg>NR</arg>
<arg>NU</arg>
<arg>NZ</arg>
<arg>OM</arg>
<arg>PA</arg>
<arg>PE</arg>
<arg>PF</arg>
<arg>PG</arg>
<arg>PH</arg>
<arg>PK</arg>
<arg>PL</arg>
<arg>PM</arg>
<arg>PN</arg>
<arg>PR</arg>
<arg>PS</arg>
<arg>PT</arg>
<arg>PW</arg>
<arg>PY</arg>
<arg>QA</arg>
<arg>RE</arg>
<arg>RO</arg>
<arg>RS</arg>
<arg>RU</arg>
<arg>RW</arg>
<arg>SA</arg>
<arg>SB</arg>
<arg>SC</arg>
<arg>SD</arg>
<arg>SE</arg>
<arg>SG</arg>
<arg>SH</arg>
<arg>SI</arg>
<arg>SJ</arg>
<arg>SK</arg>
<arg>SL</arg>
<arg>SM</arg>
<arg>SN</arg>
<arg>SO</arg>
<arg>SR</arg>
<arg>SS</arg>
<arg>ST</arg>
<arg>SV</arg>
<arg>SX</arg>
<arg>SY</arg>
<arg>SZ</arg>
<arg>TC</arg>
<arg>TD</arg>
<arg>TF</arg>
<arg>TG</arg>
<arg>TH</arg>
<arg>TJ</arg>
<arg>TK</arg>
<arg>TL</arg>
<arg>TM</arg>
<arg>TN</arg>
<arg>TO</arg>
<arg>TR</arg>
<arg>TT</arg>
<arg>TV</arg>
<arg>TW</arg>
<arg>TZ</arg>
<arg>UA</arg>
<arg>UG</arg>
<arg>UM</arg>
<arg>US</arg>
<arg>UY</arg>
<arg>UZ</arg>
<arg>VA</arg>
<arg>VC</arg>
<arg>VE</arg>
<arg>VG</arg>
<arg>VI</arg>
<arg>VN</arg>
<arg>VU</arg>
<arg>WF</arg>
<arg>WS</arg>
<arg>XK</arg>
<arg>YE</arg>
<arg>YT</arg>
<arg>ZA</arg>
<arg>ZM</arg>
<arg>ZW</arg>
<doc>Returns a list containing given items.</doc>
<status status="PASS" start="2024-04-10T00:59:11.033488" elapsed="0.000634"/>
</kw>
<kw name="List Should Contain Value" owner="Collections">
<msg time="2024-04-10T00:59:11.035154" level="INFO">False</msg>
<arg>${list_country}</arg>
<arg>${name_country}</arg>
<doc>Fails if the ``value`` is not found from ``list``.</doc>
<status status="PASS" start="2024-04-10T00:59:11.034931" elapsed="0.000265"/>
</kw>
<kw name="Run Keyword If" owner="BuiltIn">
<kw name="Should Be True" owner="BuiltIn">
<arg>${True}</arg>
<doc>Fails if the given condition is not true.</doc>
<status status="PASS" start="2024-04-10T00:59:11.036465" elapsed="0.000148"/>
</kw>
<arg>${json_data["results"][0]["location"]["coordinates"]["latitude"]} &gt;= -90 and ${json_data["results"][0]["location"]["coordinates"]["latitude"]} &lt;= 90</arg>
<arg>Should Be True</arg>
<arg>${True}</arg>
<doc>Runs the given keyword with the given arguments, if ``condition`` is true.</doc>
<status status="PASS" start="2024-04-10T00:59:11.035514" elapsed="0.001234"/>
</kw>
<kw name="Run Keyword If" owner="BuiltIn">
<kw name="Should Be True" owner="BuiltIn">
<arg>${True}</arg>
<doc>Fails if the given condition is not true.</doc>
<status status="PASS" start="2024-04-10T00:59:11.037677" elapsed="0.000142"/>
</kw>
<arg>${json_data["results"][0]["location"]["coordinates"]["longitude"]} &gt;= -180 and ${json_data["results"][0]["location"]["coordinates"]["longitude"]} &lt;= 180</arg>
<arg>Should Be True</arg>
<arg>${True}</arg>
<doc>Runs the given keyword with the given arguments, if ``condition`` is true.</doc>
<status status="PASS" start="2024-04-10T00:59:11.036939" elapsed="0.001007"/>
</kw>
<status status="PASS" start="2024-04-10T00:59:10.945848" elapsed="0.092232"/>
</kw>
<doc>Testa o conteúdo específico dos campos retornados pela API.</doc>
<tag>testeConteudo</tag>
<status status="PASS" start="2024-04-10T00:59:10.945142" elapsed="0.093094"/>
</test>
<status status="PASS" start="2024-04-10T00:59:10.211967" elapsed="0.828204"/>
</suite>
<status status="PASS" start="2024-04-10T00:59:10.197345" elapsed="0.848104"/>
</suite>
<statistics>
<total>
<stat pass="5" fail="0" skip="0">All Tests</stat>
</total>
<tag>
<stat pass="1" fail="0" skip="0">testeConteudo</stat>
<stat pass="1" fail="0" skip="0">testeEstruturaResposta</stat>
<stat pass="1" fail="0" skip="0">testeRequisicaoBasica</stat>
<stat pass="1" fail="0" skip="0">testeTiposDados</stat>
</tag>
<suite>
<stat pass="5" fail="0" skip="0" id="s1" name="Tests">Tests</stat>
<stat pass="5" fail="0" skip="0" id="s1-s1" name="Random-User-Test">Tests.Random-User-Test</stat>
</suite>
</statistics>
<errors>
</errors>
</robot>
