<?xml version="1.0" encoding="UTF-8"?>
<robot generator="Robot 7.0 (Python 3.12.3 on linux)" generated="2024-05-03T12:25:07.148310" rpa="false" schemaversion="5">
<suite id="s1" name="Tests" source="/home/runner/work/DesafioQAItauRogerioJordao/DesafioQAItauRogerioJordao/RamdonUser/tests">
<suite id="s1-s1" name="Random-User-Test" source="/home/runner/work/DesafioQAItauRogerioJordao/DesafioQAItauRogerioJordao/RamdonUser/tests/random-user-test.robot">
<test id="s1-s1-t1" name="Conectar" line="13">
<kw name="Conectar API" owner="random-user-service">
<kw name="Create Session" owner="RequestsLibrary">
<msg time="2024-05-03T12:25:07.512875" level="INFO">Creating Session using : alias=consultarAPI, url=https://randomuser.me/, headers={},                     cookies={}, auth=None, timeout=None, proxies=None, verify=False,                     debug=0 </msg>
<arg>consultarAPI</arg>
<arg>${URL}</arg>
<doc>Create Session: create a HTTP session to a server</doc>
<status status="PASS" start="2024-05-03T12:25:07.512680" elapsed="0.000355"/>
</kw>
<status status="PASS" start="2024-05-03T12:25:07.511757" elapsed="0.001620"/>
</kw>
<status status="PASS" start="2024-05-03T12:25:07.511232" elapsed="0.002339"/>
</test>
<test id="s1-s1-t2" name="Validar retorno 200 e JSON Válido" line="16">
<kw name="Teste de Requisicao Basica" owner="random-user-service">
<kw name="GET On Session" owner="RequestsLibrary">
<msg time="2024-05-03T12:25:07.595568" level="INFO">GET Request : url=https://randomuser.me/api 
 path_url=/api 
 headers={'User-Agent': 'python-requests/2.31.0', 'Accept-Encoding': 'gzip, deflate', 'Accept': '*/*', 'Connection': 'keep-alive'} 
 body=None 
 </msg>
<msg time="2024-05-03T12:25:07.595670" level="INFO">GET Response : url=https://randomuser.me/api 
 status=200, reason=OK 
 headers={'Date': 'Fri, 03 May 2024 12:25:07 GMT', 'Content-Type': 'application/json; charset=utf-8', 'Transfer-Encoding': 'chunked', 'Connection': 'keep-alive', 'X-Powered-By': 'Express', 'Access-Control-Allow-Origin': '*', 'Cache-Control': 'no-cache', 'ETag': 'W/"49d-68JnjPSKX42rhT4RTrfFGMo7Xoc"', 'Vary': 'Accept-Encoding', 'Content-Encoding': 'gzip', 'CF-Cache-Status': 'DYNAMIC', 'Report-To': '{"endpoints":[{"url":"https:\\/\\/a.nel.cloudflare.com\\/report\\/v4?s=HBv8hlgL9CtCvf5O01WBjCfheabCeySTm8qlQbSSvgbxYKAjqAEqyGnFh2UlX3PGIhjalsbqPKLGIgizGCjJOfM4BZbHC4u3VLUq5hIhhHDX6lWcI5JClLeuExEoOtRM"}],"group":"cf-nel","max_age":604800}', 'NEL': '{"success_fraction":0,"report_to":"cf-nel","max_age":604800}', 'Server': 'cloudflare', 'CF-RAY': '87e03b5e3f3f297a-ORD', 'alt-svc': 'h3=":443"; ma=86400'} 
 body={"results":[{"gender":"female","name":{"title":"Mrs","first":"Kathy","last":"Chavez"},"location":{"street":{"number":9686,"name":"Parker Rd"},"city":"Shepparton","state":"Australian Capital Territory","country":"Australia","postcode":5408,"coordinates":{"latitude":"-83.2814","longitude":"109.7181"},"timezone":{"offset":"-1:00","description":"Azores, Cape Verde Islands"}},"email":"kathy.chavez@example.com","login":{"uuid":"8276f9b1-b336-43c8-86c4-ce3af2e1b053","username":"crazypeacock888","password":"shazam","salt":"olzoYHHA","md5":"4000ed68e3fe5f42f6383088337e57a0","sha1":"39958c1487e4d0316ae5659726374cae256768ae","sha256":"a3f91b9c29d7582929f2b589509c74efb9843dc0fc0bd7e79de025817bb846da"},"dob":{"date":"1958-10-12T03:43:23.135Z","age":65},"registered":{"date":"2015-03-25T18:53:52.966Z","age":9},"phone":"01-9070-3229","cell":"0428-392-876","id":{"name":"TFN","value":"693052221"},"picture":{"large":"https://randomuser.me/api/portraits/women/96.jpg","medium":"https://randomuser.me/api/portraits/med/women/96.jpg","thumbnail":"https://randomuser.me/api/portraits/thumb/women/96.jpg"},"nat":"AU"}],"info":{"seed":"af09731e42aa603e","results":1,"page":1,"version":"1.4"}} 
 </msg>
<msg time="2024-05-03T12:25:07.595738" level="INFO">/opt/hostedtoolcache/Python/3.12.3/x64/lib/python3.12/site-packages/urllib3/connectionpool.py:1103: InsecureRequestWarning: Unverified HTTPS request is being made to host 'randomuser.me'. Adding certificate verification is strongly advised. See: https://urllib3.readthedocs.io/en/latest/advanced-usage.html#tls-warnings
  warnings.warn(</msg>
<msg time="2024-05-03T12:25:07.595848" level="INFO">${response} = &lt;Response [200]&gt;</msg>
<var>${response}</var>
<arg>consultarAPI</arg>
<arg>/api</arg>
<doc>Sends a GET request on a previously created HTTP Session.</doc>
<status status="PASS" start="2024-05-03T12:25:07.516228" elapsed="0.079663"/>
</kw>
<kw name="Should Be Equal As Numbers" owner="BuiltIn">
<msg time="2024-05-03T12:25:07.596903" level="INFO">Argument types are:
&lt;class 'int'&gt;
&lt;class 'str'&gt;</msg>
<arg>${response.status_code}</arg>
<arg>200</arg>
<doc>Fails if objects are unequal after converting them to real numbers.</doc>
<status status="PASS" start="2024-05-03T12:25:07.596380" elapsed="0.000586"/>
</kw>
<kw name="Log" owner="BuiltIn">
<msg time="2024-05-03T12:25:07.597693" level="INFO">200</msg>
<arg>${response.status_code}</arg>
<doc>Logs the given message with the given level.</doc>
<status status="PASS" start="2024-05-03T12:25:07.597326" elapsed="0.000410"/>
</kw>
<kw name="Set Variable" owner="BuiltIn">
<msg time="2024-05-03T12:25:07.598513" level="INFO">${json_data} = {'results': [{'gender': 'female', 'name': {'title': 'Mrs', 'first': 'Kathy', 'last': 'Chavez'}, 'location': {'street': {'number': 9686, 'name': 'Parker Rd'}, 'city': 'Shepparton', 'state': 'Australian...</msg>
<var>${json_data}</var>
<arg>${response.json()}</arg>
<doc>Returns the given values which can then be assigned to a variables.</doc>
<status status="PASS" start="2024-05-03T12:25:07.598044" elapsed="0.000503"/>
</kw>
<kw name="Dictionary Should Contain Key" owner="Collections">
<msg time="2024-05-03T12:25:07.599020" level="INFO">False</msg>
<arg>${json_data}</arg>
<arg>results</arg>
<doc>Fails if ``key`` is not found from ``dictionary``.</doc>
<status status="PASS" start="2024-05-03T12:25:07.598852" elapsed="0.000208"/>
</kw>
<status status="PASS" start="2024-05-03T12:25:07.515984" elapsed="0.083343"/>
</kw>
<doc>Testa se a API responde corretamente e retorna um objeto JSON válido.</doc>
<tag>testeRequisicaoBasica</tag>
<status status="PASS" start="2024-05-03T12:25:07.515516" elapsed="0.083976"/>
</test>
<test id="s1-s1-t3" name="Validar estrutura de resposta" line="22">
<kw name="Teste de Estrutura de Resposta" owner="random-user-service">
<kw name="GET On Session" owner="RequestsLibrary">
<msg time="2024-05-03T12:25:08.296330" level="INFO">GET Request : url=https://randomuser.me/api 
 path_url=/api 
 headers={'User-Agent': 'python-requests/2.31.0', 'Accept-Encoding': 'gzip, deflate', 'Accept': '*/*', 'Connection': 'keep-alive'} 
 body=None 
 </msg>
<msg time="2024-05-03T12:25:08.296444" level="INFO">GET Response : url=https://randomuser.me/api 
 status=200, reason=OK 
 headers={'Date': 'Fri, 03 May 2024 12:25:08 GMT', 'Content-Type': 'application/json; charset=utf-8', 'Transfer-Encoding': 'chunked', 'Connection': 'keep-alive', 'X-Powered-By': 'Express', 'Access-Control-Allow-Origin': '*', 'Cache-Control': 'no-cache', 'ETag': 'W/"481-FEQcS+loqrAC0WLiA3T/lp9V1cg"', 'Vary': 'Accept-Encoding', 'Content-Encoding': 'gzip', 'CF-Cache-Status': 'DYNAMIC', 'Report-To': '{"endpoints":[{"url":"https:\\/\\/a.nel.cloudflare.com\\/report\\/v4?s=EzAFtntzC0R%2F8tpYxK9CAy6TNFDmxg%2Fx7tziUrKisb1cYlmELvu6OnzdkUgJQqw5my22ru3iFycLjWqig6cKpA%2F8deuW0xMzFPlNpLNFajKY4dbPrD%2FqOIHt1L1ZU%2F4P"}],"group":"cf-nel","max_age":604800}', 'NEL': '{"success_fraction":0,"report_to":"cf-nel","max_age":604800}', 'Server': 'cloudflare', 'CF-RAY': '87e03b5e8f82297a-ORD', 'alt-svc': 'h3=":443"; ma=86400'} 
 body={"results":[{"gender":"male","name":{"title":"Mr","first":"Radomisl","last":"Kulik"},"location":{"street":{"number":1777,"name":"Osokorska"},"city":"Svalyava","state":"Hersonska","country":"Ukraine","postcode":73390,"coordinates":{"latitude":"80.2832","longitude":"-67.3259"},"timezone":{"offset":"+5:30","description":"Bombay, Calcutta, Madras, New Delhi"}},"email":"radomisl.kulik@example.com","login":{"uuid":"b7b2acdb-4651-4d55-8424-e747a1734613","username":"bluefish915","password":"connie","salt":"sAveYwxW","md5":"1ce77bf21d6aaaa2a9367a0a64bbf92b","sha1":"b2a3b317a3dce32605b9f0ca57a0cab53646d5b1","sha256":"8a3905e1eef5c989bf4049f36e4bd9d3a3b1f8ed60112d21167f1f3f3d40f43b"},"dob":{"date":"1971-09-10T20:42:36.929Z","age":52},"registered":{"date":"2007-11-09T00:20:11.551Z","age":16},"phone":"(097) B42-2312","cell":"(068) H50-2857","id":{"name":"","value":null},"picture":{"large":"https://randomuser.me/api/portraits/men/46.jpg","medium":"https://randomuser.me/api/portraits/med/men/46.jpg","thumbnail":"https://randomuser.me/api/portraits/thumb/men/46.jpg"},"nat":"UA"}],"info":{"seed":"7c9164c32c8ae6e7","results":1,"page":1,"version":"1.4"}} 
 </msg>
<msg time="2024-05-03T12:25:08.296576" level="INFO">/opt/hostedtoolcache/Python/3.12.3/x64/lib/python3.12/site-packages/urllib3/connectionpool.py:1103: InsecureRequestWarning: Unverified HTTPS request is being made to host 'randomuser.me'. Adding certificate verification is strongly advised. See: https://urllib3.readthedocs.io/en/latest/advanced-usage.html#tls-warnings
  warnings.warn(</msg>
<msg time="2024-05-03T12:25:08.296716" level="INFO">${response} = &lt;Response [200]&gt;</msg>
<var>${response}</var>
<arg>consultarAPI</arg>
<arg>/api</arg>
<doc>Sends a GET request on a previously created HTTP Session.</doc>
<status status="PASS" start="2024-05-03T12:25:07.601998" elapsed="0.694757"/>
</kw>
<kw name="Set Variable" owner="BuiltIn">
<msg time="2024-05-03T12:25:08.297904" level="INFO">${json_data} = {'results': [{'gender': 'male', 'name': {'title': 'Mr', 'first': 'Radomisl', 'last': 'Kulik'}, 'location': {'street': {'number': 1777, 'name': 'Osokorska'}, 'city': 'Svalyava', 'state': 'Hersonska', '...</msg>
<var>${json_data}</var>
<arg>${response.json()}</arg>
<doc>Returns the given values which can then be assigned to a variables.</doc>
<status status="PASS" start="2024-05-03T12:25:08.297343" elapsed="0.000590"/>
</kw>
<kw name="Log" owner="BuiltIn">
<msg time="2024-05-03T12:25:08.298400" level="INFO">{'results': [{'gender': 'male', 'name': {'title': 'Mr', 'first': 'Radomisl', 'last': 'Kulik'}, 'location': {'street': {'number': 1777, 'name': 'Osokorska'}, 'city': 'Svalyava', 'state': 'Hersonska', 'country': 'Ukraine', 'postcode': 73390, 'coordinates': {'latitude': '80.2832', 'longitude': '-67.3259'}, 'timezone': {'offset': '+5:30', 'description': 'Bombay, Calcutta, Madras, New Delhi'}}, 'email': 'radomisl.kulik@example.com', 'login': {'uuid': 'b7b2acdb-4651-4d55-8424-e747a1734613', 'username': 'bluefish915', 'password': 'connie', 'salt': 'sAveYwxW', 'md5': '1ce77bf21d6aaaa2a9367a0a64bbf92b', 'sha1': 'b2a3b317a3dce32605b9f0ca57a0cab53646d5b1', 'sha256': '8a3905e1eef5c989bf4049f36e4bd9d3a3b1f8ed60112d21167f1f3f3d40f43b'}, 'dob': {'date': '1971-09-10T20:42:36.929Z', 'age': 52}, 'registered': {'date': '2007-11-09T00:20:11.551Z', 'age': 16}, 'phone': '(097) B42-2312', 'cell': '(068) H50-2857', 'id': {'name': '', 'value': None}, 'picture': {'large': 'https://randomuser.me/api/portraits/men/46.jpg', 'medium': 'https://randomuser.me/api/portraits/med/men/46.jpg', 'thumbnail': 'https://randomuser.me/api/portraits/thumb/men/46.jpg'}, 'nat': 'UA'}], 'info': {'seed': '7c9164c32c8ae6e7', 'results': 1, 'page': 1, 'version': '1.4'}}</msg>
<arg>${json_data}</arg>
<doc>Logs the given message with the given level.</doc>
<status status="PASS" start="2024-05-03T12:25:08.298240" elapsed="0.000208"/>
</kw>
<kw name="Dictionary Should Contain Key" owner="Collections">
<msg time="2024-05-03T12:25:08.298949" level="INFO">False</msg>
<arg>${json_data}</arg>
<arg>results</arg>
<doc>Fails if ``key`` is not found from ``dictionary``.</doc>
<status status="PASS" start="2024-05-03T12:25:08.298787" elapsed="0.000201"/>
</kw>
<kw name="Should Not Be Empty" owner="BuiltIn">
<msg time="2024-05-03T12:25:08.299415" level="INFO">Length is 2.</msg>
<arg>${json_data}</arg>
<doc>Verifies that the given item is not empty.</doc>
<status status="PASS" start="2024-05-03T12:25:08.299283" elapsed="0.000332"/>
</kw>
<kw name="Create List" owner="BuiltIn">
<msg time="2024-05-03T12:25:08.300066" level="INFO">${expected_keys} = ['gender', 'name', 'location', 'email', 'login']</msg>
<var>${expected_keys}</var>
<arg>gender</arg>
<arg>name</arg>
<arg>location</arg>
<arg>email</arg>
<arg>login</arg>
<doc>Returns a list containing given items.</doc>
<status status="PASS" start="2024-05-03T12:25:08.299910" elapsed="0.000180"/>
</kw>
<for flavor="IN">
<iter>
<kw name="Dictionary Should Contain Key" owner="Collections">
<msg time="2024-05-03T12:25:08.301085" level="INFO">False</msg>
<arg>${json_data['results'][0]}</arg>
<arg>${key}</arg>
<doc>Fails if ``key`` is not found from ``dictionary``.</doc>
<status status="PASS" start="2024-05-03T12:25:08.300683" elapsed="0.000441"/>
</kw>
<kw name="Log" owner="BuiltIn">
<msg time="2024-05-03T12:25:08.301796" level="INFO">{'gender': 'male', 'name': {'title': 'Mr', 'first': 'Radomisl', 'last': 'Kulik'}, 'location': {'street': {'number': 1777, 'name': 'Osokorska'}, 'city': 'Svalyava', 'state': 'Hersonska', 'country': 'Ukraine', 'postcode': 73390, 'coordinates': {'latitude': '80.2832', 'longitude': '-67.3259'}, 'timezone': {'offset': '+5:30', 'description': 'Bombay, Calcutta, Madras, New Delhi'}}, 'email': 'radomisl.kulik@example.com', 'login': {'uuid': 'b7b2acdb-4651-4d55-8424-e747a1734613', 'username': 'bluefish915', 'password': 'connie', 'salt': 'sAveYwxW', 'md5': '1ce77bf21d6aaaa2a9367a0a64bbf92b', 'sha1': 'b2a3b317a3dce32605b9f0ca57a0cab53646d5b1', 'sha256': '8a3905e1eef5c989bf4049f36e4bd9d3a3b1f8ed60112d21167f1f3f3d40f43b'}, 'dob': {'date': '1971-09-10T20:42:36.929Z', 'age': 52}, 'registered': {'date': '2007-11-09T00:20:11.551Z', 'age': 16}, 'phone': '(097) B42-2312', 'cell': '(068) H50-2857', 'id': {'name': '', 'value': None}, 'picture': {'large': 'https://randomuser.me/api/portraits/men/46.jpg', 'medium': 'https://randomuser.me/api/portraits/med/men/46.jpg', 'thumbnail': 'https://randomuser.me/api/portraits/thumb/men/46.jpg'}, 'nat': 'UA'}</msg>
<arg>${json_data['results'][0]}</arg>
<doc>Logs the given message with the given level.</doc>
<status status="PASS" start="2024-05-03T12:25:08.301423" elapsed="0.000421"/>
</kw>
<kw name="Log" owner="BuiltIn">
<msg time="2024-05-03T12:25:08.302269" level="INFO">gender</msg>
<arg>${key}</arg>
<doc>Logs the given message with the given level.</doc>
<status status="PASS" start="2024-05-03T12:25:08.302142" elapsed="0.000164"/>
</kw>
<var name="${key}">gender</var>
<status status="PASS" start="2024-05-03T12:25:08.300556" elapsed="0.001994"/>
</iter>
<iter>
<kw name="Dictionary Should Contain Key" owner="Collections">
<msg time="2024-05-03T12:25:08.303294" level="INFO">False</msg>
<arg>${json_data['results'][0]}</arg>
<arg>${key}</arg>
<doc>Fails if ``key`` is not found from ``dictionary``.</doc>
<status status="PASS" start="2024-05-03T12:25:08.302914" elapsed="0.000417"/>
</kw>
<kw name="Log" owner="BuiltIn">
<msg time="2024-05-03T12:25:08.304010" level="INFO">{'gender': 'male', 'name': {'title': 'Mr', 'first': 'Radomisl', 'last': 'Kulik'}, 'location': {'street': {'number': 1777, 'name': 'Osokorska'}, 'city': 'Svalyava', 'state': 'Hersonska', 'country': 'Ukraine', 'postcode': 73390, 'coordinates': {'latitude': '80.2832', 'longitude': '-67.3259'}, 'timezone': {'offset': '+5:30', 'description': 'Bombay, Calcutta, Madras, New Delhi'}}, 'email': 'radomisl.kulik@example.com', 'login': {'uuid': 'b7b2acdb-4651-4d55-8424-e747a1734613', 'username': 'bluefish915', 'password': 'connie', 'salt': 'sAveYwxW', 'md5': '1ce77bf21d6aaaa2a9367a0a64bbf92b', 'sha1': 'b2a3b317a3dce32605b9f0ca57a0cab53646d5b1', 'sha256': '8a3905e1eef5c989bf4049f36e4bd9d3a3b1f8ed60112d21167f1f3f3d40f43b'}, 'dob': {'date': '1971-09-10T20:42:36.929Z', 'age': 52}, 'registered': {'date': '2007-11-09T00:20:11.551Z', 'age': 16}, 'phone': '(097) B42-2312', 'cell': '(068) H50-2857', 'id': {'name': '', 'value': None}, 'picture': {'large': 'https://randomuser.me/api/portraits/men/46.jpg', 'medium': 'https://randomuser.me/api/portraits/med/men/46.jpg', 'thumbnail': 'https://randomuser.me/api/portraits/thumb/men/46.jpg'}, 'nat': 'UA'}</msg>
<arg>${json_data['results'][0]}</arg>
<doc>Logs the given message with the given level.</doc>
<status status="PASS" start="2024-05-03T12:25:08.303650" elapsed="0.000408"/>
</kw>
<kw name="Log" owner="BuiltIn">
<msg time="2024-05-03T12:25:08.304488" level="INFO">name</msg>
<arg>${key}</arg>
<doc>Logs the given message with the given level.</doc>
<status status="PASS" start="2024-05-03T12:25:08.304362" elapsed="0.000163"/>
</kw>
<var name="${key}">name</var>
<status status="PASS" start="2024-05-03T12:25:08.302795" elapsed="0.001942"/>
</iter>
<iter>
<kw name="Dictionary Should Contain Key" owner="Collections">
<msg time="2024-05-03T12:25:08.305402" level="INFO">False</msg>
<arg>${json_data['results'][0]}</arg>
<arg>${key}</arg>
<doc>Fails if ``key`` is not found from ``dictionary``.</doc>
<status status="PASS" start="2024-05-03T12:25:08.305021" elapsed="0.000418"/>
</kw>
<kw name="Log" owner="BuiltIn">
<msg time="2024-05-03T12:25:08.306084" level="INFO">{'gender': 'male', 'name': {'title': 'Mr', 'first': 'Radomisl', 'last': 'Kulik'}, 'location': {'street': {'number': 1777, 'name': 'Osokorska'}, 'city': 'Svalyava', 'state': 'Hersonska', 'country': 'Ukraine', 'postcode': 73390, 'coordinates': {'latitude': '80.2832', 'longitude': '-67.3259'}, 'timezone': {'offset': '+5:30', 'description': 'Bombay, Calcutta, Madras, New Delhi'}}, 'email': 'radomisl.kulik@example.com', 'login': {'uuid': 'b7b2acdb-4651-4d55-8424-e747a1734613', 'username': 'bluefish915', 'password': 'connie', 'salt': 'sAveYwxW', 'md5': '1ce77bf21d6aaaa2a9367a0a64bbf92b', 'sha1': 'b2a3b317a3dce32605b9f0ca57a0cab53646d5b1', 'sha256': '8a3905e1eef5c989bf4049f36e4bd9d3a3b1f8ed60112d21167f1f3f3d40f43b'}, 'dob': {'date': '1971-09-10T20:42:36.929Z', 'age': 52}, 'registered': {'date': '2007-11-09T00:20:11.551Z', 'age': 16}, 'phone': '(097) B42-2312', 'cell': '(068) H50-2857', 'id': {'name': '', 'value': None}, 'picture': {'large': 'https://randomuser.me/api/portraits/men/46.jpg', 'medium': 'https://randomuser.me/api/portraits/med/men/46.jpg', 'thumbnail': 'https://randomuser.me/api/portraits/thumb/men/46.jpg'}, 'nat': 'UA'}</msg>
<arg>${json_data['results'][0]}</arg>
<doc>Logs the given message with the given level.</doc>
<status status="PASS" start="2024-05-03T12:25:08.305732" elapsed="0.000399"/>
</kw>
<kw name="Log" owner="BuiltIn">
<msg time="2024-05-03T12:25:08.306578" level="INFO">location</msg>
<arg>${key}</arg>
<doc>Logs the given message with the given level.</doc>
<status status="PASS" start="2024-05-03T12:25:08.306421" elapsed="0.000195"/>
</kw>
<var name="${key}">location</var>
<status status="PASS" start="2024-05-03T12:25:08.304912" elapsed="0.001916"/>
</iter>
<iter>
<kw name="Dictionary Should Contain Key" owner="Collections">
<msg time="2024-05-03T12:25:08.307489" level="INFO">False</msg>
<arg>${json_data['results'][0]}</arg>
<arg>${key}</arg>
<doc>Fails if ``key`` is not found from ``dictionary``.</doc>
<status status="PASS" start="2024-05-03T12:25:08.307109" elapsed="0.000417"/>
</kw>
<kw name="Log" owner="BuiltIn">
<msg time="2024-05-03T12:25:08.308184" level="INFO">{'gender': 'male', 'name': {'title': 'Mr', 'first': 'Radomisl', 'last': 'Kulik'}, 'location': {'street': {'number': 1777, 'name': 'Osokorska'}, 'city': 'Svalyava', 'state': 'Hersonska', 'country': 'Ukraine', 'postcode': 73390, 'coordinates': {'latitude': '80.2832', 'longitude': '-67.3259'}, 'timezone': {'offset': '+5:30', 'description': 'Bombay, Calcutta, Madras, New Delhi'}}, 'email': 'radomisl.kulik@example.com', 'login': {'uuid': 'b7b2acdb-4651-4d55-8424-e747a1734613', 'username': 'bluefish915', 'password': 'connie', 'salt': 'sAveYwxW', 'md5': '1ce77bf21d6aaaa2a9367a0a64bbf92b', 'sha1': 'b2a3b317a3dce32605b9f0ca57a0cab53646d5b1', 'sha256': '8a3905e1eef5c989bf4049f36e4bd9d3a3b1f8ed60112d21167f1f3f3d40f43b'}, 'dob': {'date': '1971-09-10T20:42:36.929Z', 'age': 52}, 'registered': {'date': '2007-11-09T00:20:11.551Z', 'age': 16}, 'phone': '(097) B42-2312', 'cell': '(068) H50-2857', 'id': {'name': '', 'value': None}, 'picture': {'large': 'https://randomuser.me/api/portraits/men/46.jpg', 'medium': 'https://randomuser.me/api/portraits/med/men/46.jpg', 'thumbnail': 'https://randomuser.me/api/portraits/thumb/men/46.jpg'}, 'nat': 'UA'}</msg>
<arg>${json_data['results'][0]}</arg>
<doc>Logs the given message with the given level.</doc>
<status status="PASS" start="2024-05-03T12:25:08.307821" elapsed="0.000410"/>
</kw>
<kw name="Log" owner="BuiltIn">
<msg time="2024-05-03T12:25:08.308641" level="INFO">email</msg>
<arg>${key}</arg>
<doc>Logs the given message with the given level.</doc>
<status status="PASS" start="2024-05-03T12:25:08.308517" elapsed="0.000161"/>
</kw>
<var name="${key}">email</var>
<status status="PASS" start="2024-05-03T12:25:08.306999" elapsed="0.001886"/>
</iter>
<iter>
<kw name="Dictionary Should Contain Key" owner="Collections">
<msg time="2024-05-03T12:25:08.309550" level="INFO">False</msg>
<arg>${json_data['results'][0]}</arg>
<arg>${key}</arg>
<doc>Fails if ``key`` is not found from ``dictionary``.</doc>
<status status="PASS" start="2024-05-03T12:25:08.309165" elapsed="0.000423"/>
</kw>
<kw name="Log" owner="BuiltIn">
<msg time="2024-05-03T12:25:08.310238" level="INFO">{'gender': 'male', 'name': {'title': 'Mr', 'first': 'Radomisl', 'last': 'Kulik'}, 'location': {'street': {'number': 1777, 'name': 'Osokorska'}, 'city': 'Svalyava', 'state': 'Hersonska', 'country': 'Ukraine', 'postcode': 73390, 'coordinates': {'latitude': '80.2832', 'longitude': '-67.3259'}, 'timezone': {'offset': '+5:30', 'description': 'Bombay, Calcutta, Madras, New Delhi'}}, 'email': 'radomisl.kulik@example.com', 'login': {'uuid': 'b7b2acdb-4651-4d55-8424-e747a1734613', 'username': 'bluefish915', 'password': 'connie', 'salt': 'sAveYwxW', 'md5': '1ce77bf21d6aaaa2a9367a0a64bbf92b', 'sha1': 'b2a3b317a3dce32605b9f0ca57a0cab53646d5b1', 'sha256': '8a3905e1eef5c989bf4049f36e4bd9d3a3b1f8ed60112d21167f1f3f3d40f43b'}, 'dob': {'date': '1971-09-10T20:42:36.929Z', 'age': 52}, 'registered': {'date': '2007-11-09T00:20:11.551Z', 'age': 16}, 'phone': '(097) B42-2312', 'cell': '(068) H50-2857', 'id': {'name': '', 'value': None}, 'picture': {'large': 'https://randomuser.me/api/portraits/men/46.jpg', 'medium': 'https://randomuser.me/api/portraits/med/men/46.jpg', 'thumbnail': 'https://randomuser.me/api/portraits/thumb/men/46.jpg'}, 'nat': 'UA'}</msg>
<arg>${json_data['results'][0]}</arg>
<doc>Logs the given message with the given level.</doc>
<status status="PASS" start="2024-05-03T12:25:08.309880" elapsed="0.000406"/>
</kw>
<kw name="Log" owner="BuiltIn">
<msg time="2024-05-03T12:25:08.310765" level="INFO">login</msg>
<arg>${key}</arg>
<doc>Logs the given message with the given level.</doc>
<status status="PASS" start="2024-05-03T12:25:08.310634" elapsed="0.000168"/>
</kw>
<var name="${key}">login</var>
<status status="PASS" start="2024-05-03T12:25:08.309056" elapsed="0.001967"/>
</iter>
<var>${key}</var>
<value>@{expected_keys}</value>
<status status="PASS" start="2024-05-03T12:25:08.300353" elapsed="0.010815"/>
</for>
<kw name="Create List" owner="BuiltIn">
<msg time="2024-05-03T12:25:08.311605" level="INFO">${expected_keysTwo} = ['username', 'password']</msg>
<var>${expected_keysTwo}</var>
<arg>username</arg>
<arg>password</arg>
<doc>Returns a list containing given items.</doc>
<status status="PASS" start="2024-05-03T12:25:08.311388" elapsed="0.000244"/>
</kw>
<for flavor="IN">
<iter>
<kw name="Dictionary Should Contain Key" owner="Collections">
<msg time="2024-05-03T12:25:08.312561" level="INFO">False</msg>
<arg>${json_data['results'][0]['login']}</arg>
<arg>${keyTwo}</arg>
<doc>Fails if ``key`` is not found from ``dictionary``.</doc>
<status status="PASS" start="2024-05-03T12:25:08.312173" elapsed="0.000425"/>
</kw>
<kw name="Dictionary Should Contain Key" owner="Collections">
<msg time="2024-05-03T12:25:08.313298" level="INFO">False</msg>
<arg>${json_data['results'][0]['login']}</arg>
<arg>${keyTwo}</arg>
<doc>Fails if ``key`` is not found from ``dictionary``.</doc>
<status status="PASS" start="2024-05-03T12:25:08.312911" elapsed="0.000422"/>
</kw>
<kw name="Log" owner="BuiltIn">
<msg time="2024-05-03T12:25:08.313765" level="INFO">username</msg>
<arg>${keyTwo}</arg>
<doc>Logs the given message with the given level.</doc>
<status status="PASS" start="2024-05-03T12:25:08.313639" elapsed="0.000166"/>
</kw>
<var name="${keyTwo}">username</var>
<status status="PASS" start="2024-05-03T12:25:08.312064" elapsed="0.001953"/>
</iter>
<iter>
<kw name="Dictionary Should Contain Key" owner="Collections">
<msg time="2024-05-03T12:25:08.314820" level="INFO">False</msg>
<arg>${json_data['results'][0]['login']}</arg>
<arg>${keyTwo}</arg>
<doc>Fails if ``key`` is not found from ``dictionary``.</doc>
<status status="PASS" start="2024-05-03T12:25:08.314295" elapsed="0.000565"/>
</kw>
<kw name="Dictionary Should Contain Key" owner="Collections">
<msg time="2024-05-03T12:25:08.315551" level="INFO">False</msg>
<arg>${json_data['results'][0]['login']}</arg>
<arg>${keyTwo}</arg>
<doc>Fails if ``key`` is not found from ``dictionary``.</doc>
<status status="PASS" start="2024-05-03T12:25:08.315174" elapsed="0.000414"/>
</kw>
<kw name="Log" owner="BuiltIn">
<msg time="2024-05-03T12:25:08.316027" level="INFO">password</msg>
<arg>${keyTwo}</arg>
<doc>Logs the given message with the given level.</doc>
<status status="PASS" start="2024-05-03T12:25:08.315901" elapsed="0.000175"/>
</kw>
<var name="${keyTwo}">password</var>
<status status="PASS" start="2024-05-03T12:25:08.314187" elapsed="0.002133"/>
</iter>
<var>${keyTwo}</var>
<value>@{expected_keysTwo}</value>
<status status="PASS" start="2024-05-03T12:25:08.311909" elapsed="0.004532"/>
</for>
<status status="PASS" start="2024-05-03T12:25:07.601770" elapsed="0.714809"/>
</kw>
<doc>Testa a estrutura da resposta da API.</doc>
<tag>testeEstruturaResposta</tag>
<status status="PASS" start="2024-05-03T12:25:07.601291" elapsed="0.715444"/>
</test>
<test id="s1-s1-t4" name="Validar tipos de dados" line="28">
<kw name="Teste de Tipos de Dados" owner="random-user-service">
<kw name="GET On Session" owner="RequestsLibrary">
<msg time="2024-05-03T12:25:09.286303" level="INFO">GET Request : url=https://randomuser.me/api 
 path_url=/api 
 headers={'User-Agent': 'python-requests/2.31.0', 'Accept-Encoding': 'gzip, deflate', 'Accept': '*/*', 'Connection': 'keep-alive'} 
 body=None 
 </msg>
<msg time="2024-05-03T12:25:09.286417" level="INFO">GET Response : url=https://randomuser.me/api 
 status=200, reason=OK 
 headers={'Date': 'Fri, 03 May 2024 12:25:09 GMT', 'Content-Type': 'application/json; charset=utf-8', 'Transfer-Encoding': 'chunked', 'Connection': 'keep-alive', 'X-Powered-By': 'Express', 'Access-Control-Allow-Origin': '*', 'Cache-Control': 'no-cache', 'ETag': 'W/"48e-mhFDiRzcDk/To0pbSLexxJ/Q/7o"', 'Vary': 'Accept-Encoding', 'Content-Encoding': 'gzip', 'CF-Cache-Status': 'DYNAMIC', 'Report-To': '{"endpoints":[{"url":"https:\\/\\/a.nel.cloudflare.com\\/report\\/v4?s=xWmnH%2FPHKnFp9jE93nMN%2BruqCHTh6HC8iqGG3RUI2N8QSmnZBfqre1X8bvH6kOylDSmD7G%2Fzega3U3I181XupL8MzmDezk%2BMgLPhYqDsWMTRWaGLi444Mkiq8wL1H%2BWU"}],"group":"cf-nel","max_age":604800}', 'NEL': '{"success_fraction":0,"report_to":"cf-nel","max_age":604800}', 'Server': 'cloudflare', 'CF-RAY': '87e03b630c82297a-ORD', 'alt-svc': 'h3=":443"; ma=86400'} 
 body={"results":[{"gender":"female","name":{"title":"Ms","first":"Saana","last":"Laine"},"location":{"street":{"number":6073,"name":"Visiokatu"},"city":"Kuhmoinen","state":"Ostrobothnia","country":"Finland","postcode":50025,"coordinates":{"latitude":"-23.9098","longitude":"19.7086"},"timezone":{"offset":"+7:00","description":"Bangkok, Hanoi, Jakarta"}},"email":"saana.laine@example.com","login":{"uuid":"d6cc9f58-7924-4e00-95a0-d5f4bf943aa2","username":"angrysnake417","password":"password1","salt":"Jis4abhw","md5":"f37953044e5dd563b3de3458a9e37bb9","sha1":"ffad9b06192cb8262604812afc96a77fff6344a8","sha256":"27ae4bb931126f2cfc8250a1a077879289cd1dc4185d85907317979d76846adc"},"dob":{"date":"1999-04-22T22:54:35.416Z","age":25},"registered":{"date":"2007-04-21T08:26:00.591Z","age":17},"phone":"09-622-661","cell":"045-296-28-32","id":{"name":"HETU","value":"NaNNA696undefined"},"picture":{"large":"https://randomuser.me/api/portraits/women/67.jpg","medium":"https://randomuser.me/api/portraits/med/women/67.jpg","thumbnail":"https://randomuser.me/api/portraits/thumb/women/67.jpg"},"nat":"FI"}],"info":{"seed":"69fb4386abfca92a","results":1,"page":1,"version":"1.4"}} 
 </msg>
<msg time="2024-05-03T12:25:09.286537" level="INFO">/opt/hostedtoolcache/Python/3.12.3/x64/lib/python3.12/site-packages/urllib3/connectionpool.py:1103: InsecureRequestWarning: Unverified HTTPS request is being made to host 'randomuser.me'. Adding certificate verification is strongly advised. See: https://urllib3.readthedocs.io/en/latest/advanced-usage.html#tls-warnings
  warnings.warn(</msg>
<msg time="2024-05-03T12:25:09.286664" level="INFO">${response} = &lt;Response [200]&gt;</msg>
<var>${response}</var>
<arg>consultarAPI</arg>
<arg>/api</arg>
<doc>Sends a GET request on a previously created HTTP Session.</doc>
<status status="PASS" start="2024-05-03T12:25:08.319278" elapsed="0.967425"/>
</kw>
<kw name="Set Variable" owner="BuiltIn">
<msg time="2024-05-03T12:25:09.287865" level="INFO">${json_data} = {'results': [{'gender': 'female', 'name': {'title': 'Ms', 'first': 'Saana', 'last': 'Laine'}, 'location': {'street': {'number': 6073, 'name': 'Visiokatu'}, 'city': 'Kuhmoinen', 'state': 'Ostrobothnia'...</msg>
<var>${json_data}</var>
<arg>${response.json()}</arg>
<doc>Returns the given values which can then be assigned to a variables.</doc>
<status status="PASS" start="2024-05-03T12:25:09.287289" elapsed="0.000603"/>
</kw>
<kw name="Log" owner="BuiltIn">
<msg time="2024-05-03T12:25:09.288363" level="INFO">{'results': [{'gender': 'female', 'name': {'title': 'Ms', 'first': 'Saana', 'last': 'Laine'}, 'location': {'street': {'number': 6073, 'name': 'Visiokatu'}, 'city': 'Kuhmoinen', 'state': 'Ostrobothnia', 'country': 'Finland', 'postcode': 50025, 'coordinates': {'latitude': '-23.9098', 'longitude': '19.7086'}, 'timezone': {'offset': '+7:00', 'description': 'Bangkok, Hanoi, Jakarta'}}, 'email': 'saana.laine@example.com', 'login': {'uuid': 'd6cc9f58-7924-4e00-95a0-d5f4bf943aa2', 'username': 'angrysnake417', 'password': 'password1', 'salt': 'Jis4abhw', 'md5': 'f37953044e5dd563b3de3458a9e37bb9', 'sha1': 'ffad9b06192cb8262604812afc96a77fff6344a8', 'sha256': '27ae4bb931126f2cfc8250a1a077879289cd1dc4185d85907317979d76846adc'}, 'dob': {'date': '1999-04-22T22:54:35.416Z', 'age': 25}, 'registered': {'date': '2007-04-21T08:26:00.591Z', 'age': 17}, 'phone': '09-622-661', 'cell': '045-296-28-32', 'id': {'name': 'HETU', 'value': 'NaNNA696undefined'}, 'picture': {'large': 'https://randomuser.me/api/portraits/women/67.jpg', 'medium': 'https://randomuser.me/api/portraits/med/women/67.jpg', 'thumbnail': 'https://randomuser.me/api/portraits/thumb/women/67.jpg'}, 'nat': 'FI'}], 'info': {'seed': '69fb4386abfca92a', 'results': 1, 'page': 1, 'version': '1.4'}}</msg>
<arg>${json_data}</arg>
<doc>Logs the given message with the given level.</doc>
<status status="PASS" start="2024-05-03T12:25:09.288209" elapsed="0.000237"/>
</kw>
<kw name="Should Be String" owner="String">
<arg>${json_data['results'][0]['gender']}</arg>
<doc>Fails if the given ``item`` is not a string.</doc>
<status status="PASS" start="2024-05-03T12:25:09.288773" elapsed="0.000358"/>
</kw>
<kw name="Should Match Regexp" owner="BuiltIn">
<arg>${json_data['results'][0]['email']}</arg>
<arg>^[a-zA-Z0-9._%+-]+@[a-zA-Z0-9.-]+\.[a-zA-Z]{2,}$</arg>
<doc>Fails if ``string`` does not match ``pattern`` as a regular expression.</doc>
<status status="PASS" start="2024-05-03T12:25:09.289321" elapsed="0.000516"/>
</kw>
<kw name="Should Match Regexp" owner="BuiltIn">
<arg>${json_data['results'][0]['dob']['date']}</arg>
<arg>\\d{4}-\\d{2}-\\d{2}T\\d{2}:\\d{2}:\\d{2}\\.\\d{3}Z</arg>
<doc>Fails if ``string`` does not match ``pattern`` as a regular expression.</doc>
<status status="PASS" start="2024-05-03T12:25:09.290028" elapsed="0.000522"/>
</kw>
<kw name="Should Match Regexp" owner="BuiltIn">
<arg>${json_data['results'][0]['registered']['date']}</arg>
<arg>\\d{4}-\\d{2}-\\d{2}T\\d{2}:\\d{2}:\\d{2}\\.\\d{3}Z</arg>
<doc>Fails if ``string`` does not match ``pattern`` as a regular expression.</doc>
<status status="PASS" start="2024-05-03T12:25:09.290754" elapsed="0.000412"/>
</kw>
<kw name="Should Match Regexp" owner="BuiltIn">
<arg>${json_data['results'][0]['picture']['large']}</arg>
<arg>^https?://.*\.(?:png|jpe?g|gif|bmp)$</arg>
<doc>Fails if ``string`` does not match ``pattern`` as a regular expression.</doc>
<status status="PASS" start="2024-05-03T12:25:09.291370" elapsed="0.000455"/>
</kw>
<kw name="Should Match Regexp" owner="BuiltIn">
<arg>${json_data['results'][0]['picture']['medium']}</arg>
<arg>^https?://.*\.(?:png|jpe?g|gif|bmp)$</arg>
<doc>Fails if ``string`` does not match ``pattern`` as a regular expression.</doc>
<status status="PASS" start="2024-05-03T12:25:09.292017" elapsed="0.000355"/>
</kw>
<kw name="Should Match Regexp" owner="BuiltIn">
<arg>${json_data['results'][0]['picture']['thumbnail']}</arg>
<arg>^https?://.*\.(?:png|jpe?g|gif|bmp)$</arg>
<doc>Fails if ``string`` does not match ``pattern`` as a regular expression.</doc>
<status status="PASS" start="2024-05-03T12:25:09.292572" elapsed="0.000344"/>
</kw>
<kw name="Log" owner="BuiltIn">
<msg time="2024-05-03T12:25:09.293403" level="INFO">{'large': 'https://randomuser.me/api/portraits/women/67.jpg', 'medium': 'https://randomuser.me/api/portraits/med/women/67.jpg', 'thumbnail': 'https://randomuser.me/api/portraits/thumb/women/67.jpg'}</msg>
<arg>${json_data['results'][0]['picture']}</arg>
<doc>Logs the given message with the given level.</doc>
<status status="PASS" start="2024-05-03T12:25:09.293090" elapsed="0.000354"/>
</kw>
<status status="PASS" start="2024-05-03T12:25:08.319042" elapsed="0.974655"/>
</kw>
<kw name="Teste de Tipos de Dados - Postcode" owner="random-user-service">
<kw name="GET On Session" owner="RequestsLibrary">
<msg time="2024-05-03T12:25:09.448137" level="INFO">GET Request : url=https://randomuser.me/api 
 path_url=/api 
 headers={'User-Agent': 'python-requests/2.31.0', 'Accept-Encoding': 'gzip, deflate', 'Accept': '*/*', 'Connection': 'keep-alive'} 
 body=None 
 </msg>
<msg time="2024-05-03T12:25:09.448200" level="INFO">GET Response : url=https://randomuser.me/api 
 status=200, reason=OK 
 headers={'Date': 'Fri, 03 May 2024 12:25:09 GMT', 'Content-Type': 'application/json; charset=utf-8', 'Transfer-Encoding': 'chunked', 'Connection': 'keep-alive', 'X-Powered-By': 'Express', 'Access-Control-Allow-Origin': '*', 'Cache-Control': 'no-cache', 'ETag': 'W/"4ae-AzCAe8k5bu1TErM1qAwGc3Aw1wM"', 'Vary': 'Accept-Encoding', 'Content-Encoding': 'gzip', 'CF-Cache-Status': 'DYNAMIC', 'Report-To': '{"endpoints":[{"url":"https:\\/\\/a.nel.cloudflare.com\\/report\\/v4?s=B11ffU5Or9F7ImLUAVaVw%2Bh6rsEHu%2FJr%2BgTw%2BbMkDC1SEPbB9mU8JkVH134jPHPV1ksW3Fhf3G8alViqvcA8%2BxnpX%2B%2B7F8ULqcGh93RFUL5KHxveIDW2qVfRhp%2FVVGU2"}],"group":"cf-nel","max_age":604800}', 'NEL': '{"success_fraction":0,"report_to":"cf-nel","max_age":604800}', 'Server': 'cloudflare', 'CF-RAY': '87e03b691bfe297a-ORD', 'alt-svc': 'h3=":443"; ma=86400'} 
 body={"results":[{"gender":"female","name":{"title":"Mademoiselle","first":"Jocelyne","last":"Nguyen"},"location":{"street":{"number":7948,"name":"Place de L'Europe"},"city":"Seehof","state":"Luzern","country":"Switzerland","postcode":8544,"coordinates":{"latitude":"-58.1673","longitude":"64.8527"},"timezone":{"offset":"+5:30","description":"Bombay, Calcutta, Madras, New Delhi"}},"email":"jocelyne.nguyen@example.com","login":{"uuid":"7babc3c7-5fb6-4a4e-8f15-105163dd1625","username":"greenbutterfly127","password":"abby","salt":"9TAMr5H0","md5":"f9e4e5d3c4b091dbd82bd4487957b78e","sha1":"2c33f1ffb5e0dcc3ba1f6838d898df141e92ea01","sha256":"8932d1f3125de57cb1853bdeb5bc4f7e510e5a1d7bac23905f3580b2cbab4078"},"dob":{"date":"1964-12-30T16:32:18.822Z","age":59},"registered":{"date":"2004-07-19T16:32:58.346Z","age":19},"phone":"079 131 37 56","cell":"077 663 50 22","id":{"name":"AVS","value":"756.9727.2908.40"},"picture":{"large":"https://randomuser.me/api/portraits/women/41.jpg","medium":"https://randomuser.me/api/portraits/med/women/41.jpg","thumbnail":"https://randomuser.me/api/portraits/thumb/women/41.jpg"},"nat":"CH"}],"info":{"seed":"6e71d941ddc79839","results":1,"page":1,"version":"1.4"}} 
 </msg>
<msg time="2024-05-03T12:25:09.448255" level="INFO">/opt/hostedtoolcache/Python/3.12.3/x64/lib/python3.12/site-packages/urllib3/connectionpool.py:1103: InsecureRequestWarning: Unverified HTTPS request is being made to host 'randomuser.me'. Adding certificate verification is strongly advised. See: https://urllib3.readthedocs.io/en/latest/advanced-usage.html#tls-warnings
  warnings.warn(</msg>
<msg time="2024-05-03T12:25:09.448337" level="INFO">${response} = &lt;Response [200]&gt;</msg>
<var>${response}</var>
<arg>consultarAPI</arg>
<arg>/api</arg>
<doc>Sends a GET request on a previously created HTTP Session.</doc>
<status status="PASS" start="2024-05-03T12:25:09.294156" elapsed="0.154204"/>
</kw>
<kw name="Set Variable" owner="BuiltIn">
<msg time="2024-05-03T12:25:09.449162" level="INFO">${json_data} = {'results': [{'gender': 'female', 'name': {'title': 'Mademoiselle', 'first': 'Jocelyne', 'last': 'Nguyen'}, 'location': {'street': {'number': 7948, 'name': "Place de L'Europe"}, 'city': 'Seehof', 'sta...</msg>
<var>${json_data}</var>
<arg>${response.json()}</arg>
<doc>Returns the given values which can then be assigned to a variables.</doc>
<status status="PASS" start="2024-05-03T12:25:09.448731" elapsed="0.000466"/>
</kw>
<kw name="Log" owner="BuiltIn">
<msg time="2024-05-03T12:25:09.449646" level="INFO">{'results': [{'gender': 'female', 'name': {'title': 'Mademoiselle', 'first': 'Jocelyne', 'last': 'Nguyen'}, 'location': {'street': {'number': 7948, 'name': "Place de L'Europe"}, 'city': 'Seehof', 'state': 'Luzern', 'country': 'Switzerland', 'postcode': 8544, 'coordinates': {'latitude': '-58.1673', 'longitude': '64.8527'}, 'timezone': {'offset': '+5:30', 'description': 'Bombay, Calcutta, Madras, New Delhi'}}, 'email': 'jocelyne.nguyen@example.com', 'login': {'uuid': '7babc3c7-5fb6-4a4e-8f15-105163dd1625', 'username': 'greenbutterfly127', 'password': 'abby', 'salt': '9TAMr5H0', 'md5': 'f9e4e5d3c4b091dbd82bd4487957b78e', 'sha1': '2c33f1ffb5e0dcc3ba1f6838d898df141e92ea01', 'sha256': '8932d1f3125de57cb1853bdeb5bc4f7e510e5a1d7bac23905f3580b2cbab4078'}, 'dob': {'date': '1964-12-30T16:32:18.822Z', 'age': 59}, 'registered': {'date': '2004-07-19T16:32:58.346Z', 'age': 19}, 'phone': '079 131 37 56', 'cell': '077 663 50 22', 'id': {'name': 'AVS', 'value': '756.9727.2908.40'}, 'picture': {'large': 'https://randomuser.me/api/portraits/women/41.jpg', 'medium': 'https://randomuser.me/api/portraits/med/women/41.jpg', 'thumbnail': 'https://randomuser.me/api/portraits/thumb/women/41.jpg'}, 'nat': 'CH'}], 'info': {'seed': '6e71d941ddc79839', 'results': 1, 'page': 1, 'version': '1.4'}}</msg>
<arg>${json_data}</arg>
<doc>Logs the given message with the given level.</doc>
<status status="PASS" start="2024-05-03T12:25:09.449498" elapsed="0.000223"/>
</kw>
<kw name="Should Be Equal As Numbers" owner="BuiltIn">
<arg>${json_data['results'][0]['location']['postcode']}</arg>
<arg>${json_data['results'][0]['location']['postcode']}</arg>
<doc>Fails if objects are unequal after converting them to real numbers.</doc>
<status status="PASS" start="2024-05-03T12:25:09.450154" elapsed="0.000678"/>
</kw>
<kw name="Log" owner="BuiltIn">
<msg time="2024-05-03T12:25:09.451361" level="INFO">8544</msg>
<arg>${json_data['results'][0]['location']['postcode']}</arg>
<doc>Logs the given message with the given level.</doc>
<status status="PASS" start="2024-05-03T12:25:09.451025" elapsed="0.000375"/>
</kw>
<status status="PASS" start="2024-05-03T12:25:09.293923" elapsed="0.157724"/>
</kw>
<doc>Testa se os tipos de dados na resposta da API estão corretos.</doc>
<tag>testeTiposDados</tag>
<status status="PASS" start="2024-05-03T12:25:08.318564" elapsed="1.133246"/>
</test>
<test id="s1-s1-t5" name="Validar conteudo" line="35">
<kw name="Teste de Tipos de Conteudo" owner="random-user-service">
<kw name="GET On Session" owner="RequestsLibrary">
<msg time="2024-05-03T12:25:09.511544" level="INFO">GET Request : url=https://randomuser.me/api 
 path_url=/api 
 headers={'User-Agent': 'python-requests/2.31.0', 'Accept-Encoding': 'gzip, deflate', 'Accept': '*/*', 'Connection': 'keep-alive'} 
 body=None 
 </msg>
<msg time="2024-05-03T12:25:09.511629" level="INFO">GET Response : url=https://randomuser.me/api 
 status=200, reason=OK 
 headers={'Date': 'Fri, 03 May 2024 12:25:09 GMT', 'Content-Type': 'application/json; charset=utf-8', 'Transfer-Encoding': 'chunked', 'Connection': 'keep-alive', 'X-Powered-By': 'Express', 'Access-Control-Allow-Origin': '*', 'Cache-Control': 'no-cache', 'ETag': 'W/"478-erggc5YfvU+TvgL5ZsMuE+XfG1g"', 'Vary': 'Accept-Encoding', 'Content-Encoding': 'gzip', 'CF-Cache-Status': 'DYNAMIC', 'Report-To': '{"endpoints":[{"url":"https:\\/\\/a.nel.cloudflare.com\\/report\\/v4?s=TmWMBbbCRe5Ml3E7eJlI%2Fbyn1e28opfNX0clwECe5Q5ukCp7hjz9VLHLXngyLEcLIadMf49wCx2h3pzNCxsIXLnpAhbcUMP2wrg9ijSOIZNaROGPwrIluo%2FtXqviHDXl"}],"group":"cf-nel","max_age":604800}', 'NEL': '{"success_fraction":0,"report_to":"cf-nel","max_age":604800}', 'Server': 'cloudflare', 'CF-RAY': '87e03b6a1d0c297a-ORD', 'alt-svc': 'h3=":443"; ma=86400'} 
 body={"results":[{"gender":"female","name":{"title":"Miss","first":"دینا","last":"صدر"},"location":{"street":{"number":6916,"name":"پیروزی"},"city":"خرم‌آباد","state":"خوزستان","country":"Iran","postcode":38075,"coordinates":{"latitude":"20.9340","longitude":"16.4574"},"timezone":{"offset":"+9:30","description":"Adelaide, Darwin"}},"email":"dyn.sdr@example.com","login":{"uuid":"562ebf55-4a16-44d9-aee1-b0320cad047d","username":"bigpanda147","password":"thing","salt":"QeztZJO5","md5":"dae9029a10766aacb042da934532ea14","sha1":"643ddcc470545411e4f788b3ff8e07b830b49511","sha256":"0afa0cd2f01643e61ab77c97d871ebca182bbc993a2b1579961935ecbdcd0230"},"dob":{"date":"1957-04-02T17:29:33.015Z","age":67},"registered":{"date":"2005-01-28T18:40:43.522Z","age":19},"phone":"086-80248560","cell":"0973-015-5803","id":{"name":"","value":null},"picture":{"large":"https://randomuser.me/api/portraits/women/4.jpg","medium":"https://randomuser.me/api/portraits/med/women/4.jpg","thumbnail":"https://randomuser.me/api/portraits/thumb/women/4.jpg"},"nat":"IR"}],"info":{"seed":"58c2148aad7400a3","results":1,"page":1,"version":"1.4"}} 
 </msg>
<msg time="2024-05-03T12:25:09.511704" level="INFO">/opt/hostedtoolcache/Python/3.12.3/x64/lib/python3.12/site-packages/urllib3/connectionpool.py:1103: InsecureRequestWarning: Unverified HTTPS request is being made to host 'randomuser.me'. Adding certificate verification is strongly advised. See: https://urllib3.readthedocs.io/en/latest/advanced-usage.html#tls-warnings
  warnings.warn(</msg>
<msg time="2024-05-03T12:25:09.511819" level="INFO">${response} = &lt;Response [200]&gt;</msg>
<var>${response}</var>
<arg>consultarAPI</arg>
<arg>/api</arg>
<doc>Sends a GET request on a previously created HTTP Session.</doc>
<status status="PASS" start="2024-05-03T12:25:09.454578" elapsed="0.057295"/>
</kw>
<kw name="Set Variable" owner="BuiltIn">
<msg time="2024-05-03T12:25:09.512916" level="INFO">${json_data} = {'results': [{'gender': 'female', 'name': {'title': 'Miss', 'first': 'دینا', 'last': 'صدر'}, 'location': {'street': {'number': 6916, 'name': 'پیروزی'}, 'city': 'خرم\u200cآباد', 'state': 'خوزستان', 'co...</msg>
<var>${json_data}</var>
<arg>${response.json()}</arg>
<doc>Returns the given values which can then be assigned to a variables.</doc>
<status status="PASS" start="2024-05-03T12:25:09.512346" elapsed="0.000599"/>
</kw>
<kw name="Set Variable" owner="BuiltIn">
<msg time="2024-05-03T12:25:09.513641" level="INFO">${name_title} = Miss</msg>
<var>${name_title}</var>
<arg>${json_data["results"][0]["name"]["title"]}</arg>
<doc>Returns the given values which can then be assigned to a variables.</doc>
<status status="PASS" start="2024-05-03T12:25:09.513255" elapsed="0.000411"/>
</kw>
<kw name="Create List" owner="BuiltIn">
<msg time="2024-05-03T12:25:09.514108" level="INFO">${allowed_titles} = ['Mr', 'Ms', 'Miss', 'Mrs', 'Madame', 'Monsieur']</msg>
<var>${allowed_titles}</var>
<arg>Mr</arg>
<arg>Ms</arg>
<arg>Miss</arg>
<arg>Mrs</arg>
<arg>Madame</arg>
<arg>Monsieur</arg>
<doc>Returns a list containing given items.</doc>
<status status="PASS" start="2024-05-03T12:25:09.513960" elapsed="0.000172"/>
</kw>
<kw name="List Should Contain Value" owner="Collections">
<msg time="2024-05-03T12:25:09.514651" level="INFO">False</msg>
<arg>${allowed_titles}</arg>
<arg>${name_title}</arg>
<doc>Fails if the ``value`` is not found from ``list``.</doc>
<status status="PASS" start="2024-05-03T12:25:09.514434" elapsed="0.000254"/>
</kw>
<kw name="Set Variable" owner="BuiltIn">
<msg time="2024-05-03T12:25:09.515354" level="INFO">${name_country} = IR</msg>
<var>${name_country}</var>
<arg>${json_data["results"][0]["nat"]}</arg>
<doc>Returns the given values which can then be assigned to a variables.</doc>
<status status="PASS" start="2024-05-03T12:25:09.514980" elapsed="0.000398"/>
</kw>
<kw name="Create List" owner="BuiltIn">
<msg time="2024-05-03T12:25:09.516260" level="INFO">${list_country} = ['AD', 'AE', 'AF', 'AG', 'AI', 'AL', 'AM', 'AO', 'AQ', 'AR', 'AS', 'AT', 'AU', 'AW', 'AX', 'AZ', 'BA', 'BB', 'BD', 'BE', 'BF', 'BG', 'BH', 'BI', 'BJ', 'BL', 'BM', 'BN', 'BO', 'BQ', 'BR', 'BS', 'BT', '...</msg>
<var>${list_country}</var>
<arg>AD</arg>
<arg>AE</arg>
<arg>AF</arg>
<arg>AG</arg>
<arg>AI</arg>
<arg>AL</arg>
<arg>AM</arg>
<arg>AO</arg>
<arg>AQ</arg>
<arg>AR</arg>
<arg>AS</arg>
<arg>AT</arg>
<arg>AU</arg>
<arg>AW</arg>
<arg>AX</arg>
<arg>AZ</arg>
<arg>BA</arg>
<arg>BB</arg>
<arg>BD</arg>
<arg>BE</arg>
<arg>BF</arg>
<arg>BG</arg>
<arg>BH</arg>
<arg>BI</arg>
<arg>BJ</arg>
<arg>BL</arg>
<arg>BM</arg>
<arg>BN</arg>
<arg>BO</arg>
<arg>BQ</arg>
<arg>BR</arg>
<arg>BS</arg>
<arg>BT</arg>
<arg>BV</arg>
<arg>BW</arg>
<arg>BY</arg>
<arg>BZ</arg>
<arg>CA</arg>
<arg>CC</arg>
<arg>CD</arg>
<arg>CF</arg>
<arg>CG</arg>
<arg>CH</arg>
<arg>CI</arg>
<arg>CK</arg>
<arg>CL</arg>
<arg>CM</arg>
<arg>CN</arg>
<arg>CO</arg>
<arg>CR</arg>
<arg>CU</arg>
<arg>CV</arg>
<arg>CW</arg>
<arg>CX</arg>
<arg>CY</arg>
<arg>CZ</arg>
<arg>DE</arg>
<arg>DJ</arg>
<arg>DK</arg>
<arg>DM</arg>
<arg>DO</arg>
<arg>DZ</arg>
<arg>EC</arg>
<arg>EE</arg>
<arg>EG</arg>
<arg>EH</arg>
<arg>ER</arg>
<arg>ES</arg>
<arg>ET</arg>
<arg>FI</arg>
<arg>FJ</arg>
<arg>FK</arg>
<arg>FM</arg>
<arg>FO</arg>
<arg>FR</arg>
<arg>GA</arg>
<arg>GB</arg>
<arg>GD</arg>
<arg>GE</arg>
<arg>GF</arg>
<arg>GG</arg>
<arg>GH</arg>
<arg>GI</arg>
<arg>GL</arg>
<arg>GM</arg>
<arg>GN</arg>
<arg>GP</arg>
<arg>GQ</arg>
<arg>GR</arg>
<arg>GS</arg>
<arg>GT</arg>
<arg>GU</arg>
<arg>GW</arg>
<arg>GY</arg>
<arg>HK</arg>
<arg>HM</arg>
<arg>HN</arg>
<arg>HR</arg>
<arg>HT</arg>
<arg>HU</arg>
<arg>ID</arg>
<arg>IE</arg>
<arg>IL</arg>
<arg>IM</arg>
<arg>IN</arg>
<arg>IO</arg>
<arg>IQ</arg>
<arg>IR</arg>
<arg>IS</arg>
<arg>IT</arg>
<arg>JE</arg>
<arg>JM</arg>
<arg>JO</arg>
<arg>JP</arg>
<arg>KE</arg>
<arg>KG</arg>
<arg>KH</arg>
<arg>KI</arg>
<arg>KM</arg>
<arg>KN</arg>
<arg>KP</arg>
<arg>KR</arg>
<arg>KW</arg>
<arg>KY</arg>
<arg>KZ</arg>
<arg>LA</arg>
<arg>LB</arg>
<arg>LC</arg>
<arg>LI</arg>
<arg>LK</arg>
<arg>LR</arg>
<arg>LS</arg>
<arg>LT</arg>
<arg>LU</arg>
<arg>LV</arg>
<arg>LY</arg>
<arg>MA</arg>
<arg>MC</arg>
<arg>MD</arg>
<arg>ME</arg>
<arg>MF</arg>
<arg>MG</arg>
<arg>MH</arg>
<arg>MK</arg>
<arg>ML</arg>
<arg>MM</arg>
<arg>MN</arg>
<arg>MO</arg>
<arg>MP</arg>
<arg>MQ</arg>
<arg>MR</arg>
<arg>MS</arg>
<arg>MT</arg>
<arg>MU</arg>
<arg>MV</arg>
<arg>MW</arg>
<arg>MX</arg>
<arg>MY</arg>
<arg>MZ</arg>
<arg>NA</arg>
<arg>NC</arg>
<arg>NE</arg>
<arg>NF</arg>
<arg>NG</arg>
<arg>NI</arg>
<arg>NL</arg>
<arg>NO</arg>
<arg>NP</arg>
<arg>NR</arg>
<arg>NU</arg>
<arg>NZ</arg>
<arg>OM</arg>
<arg>PA</arg>
<arg>PE</arg>
<arg>PF</arg>
<arg>PG</arg>
<arg>PH</arg>
<arg>PK</arg>
<arg>PL</arg>
<arg>PM</arg>
<arg>PN</arg>
<arg>PR</arg>
<arg>PS</arg>
<arg>PT</arg>
<arg>PW</arg>
<arg>PY</arg>
<arg>QA</arg>
<arg>RE</arg>
<arg>RO</arg>
<arg>RS</arg>
<arg>RU</arg>
<arg>RW</arg>
<arg>SA</arg>
<arg>SB</arg>
<arg>SC</arg>
<arg>SD</arg>
<arg>SE</arg>
<arg>SG</arg>
<arg>SH</arg>
<arg>SI</arg>
<arg>SJ</arg>
<arg>SK</arg>
<arg>SL</arg>
<arg>SM</arg>
<arg>SN</arg>
<arg>SO</arg>
<arg>SR</arg>
<arg>SS</arg>
<arg>ST</arg>
<arg>SV</arg>
<arg>SX</arg>
<arg>SY</arg>
<arg>SZ</arg>
<arg>TC</arg>
<arg>TD</arg>
<arg>TF</arg>
<arg>TG</arg>
<arg>TH</arg>
<arg>TJ</arg>
<arg>TK</arg>
<arg>TL</arg>
<arg>TM</arg>
<arg>TN</arg>
<arg>TO</arg>
<arg>TR</arg>
<arg>TT</arg>
<arg>TV</arg>
<arg>TW</arg>
<arg>TZ</arg>
<arg>UA</arg>
<arg>UG</arg>
<arg>UM</arg>
<arg>US</arg>
<arg>UY</arg>
<arg>UZ</arg>
<arg>VA</arg>
<arg>VC</arg>
<arg>VE</arg>
<arg>VG</arg>
<arg>VI</arg>
<arg>VN</arg>
<arg>VU</arg>
<arg>WF</arg>
<arg>WS</arg>
<arg>XK</arg>
<arg>YE</arg>
<arg>YT</arg>
<arg>ZA</arg>
<arg>ZM</arg>
<arg>ZW</arg>
<doc>Returns a list containing given items.</doc>
<status status="PASS" start="2024-05-03T12:25:09.515673" elapsed="0.000612"/>
</kw>
<kw name="List Should Contain Value" owner="Collections">
<msg time="2024-05-03T12:25:09.517261" level="INFO">False</msg>
<arg>${list_country}</arg>
<arg>${name_country}</arg>
<doc>Fails if the ``value`` is not found from ``list``.</doc>
<status status="PASS" start="2024-05-03T12:25:09.517065" elapsed="0.000233"/>
</kw>
<kw name="Run Keyword If" owner="BuiltIn">
<kw name="Should Be True" owner="BuiltIn">
<arg>${True}</arg>
<doc>Fails if the given condition is not true.</doc>
<status status="PASS" start="2024-05-03T12:25:09.518352" elapsed="0.000271"/>
</kw>
<arg>${json_data["results"][0]["location"]["coordinates"]["latitude"]} &gt;= -90 and ${json_data["results"][0]["location"]["coordinates"]["latitude"]} &lt;= 90</arg>
<arg>Should Be True</arg>
<arg>${True}</arg>
<doc>Runs the given keyword with the given arguments, if ``condition`` is true.</doc>
<status status="PASS" start="2024-05-03T12:25:09.517603" elapsed="0.001155"/>
</kw>
<kw name="Run Keyword If" owner="BuiltIn">
<kw name="Should Be True" owner="BuiltIn">
<arg>${True}</arg>
<doc>Fails if the given condition is not true.</doc>
<status status="PASS" start="2024-05-03T12:25:09.519640" elapsed="0.000139"/>
</kw>
<arg>${json_data["results"][0]["location"]["coordinates"]["longitude"]} &gt;= -180 and ${json_data["results"][0]["location"]["coordinates"]["longitude"]} &lt;= 180</arg>
<arg>Should Be True</arg>
<arg>${True}</arg>
<doc>Runs the given keyword with the given arguments, if ``condition`` is true.</doc>
<status status="PASS" start="2024-05-03T12:25:09.518944" elapsed="0.000968"/>
</kw>
<status status="PASS" start="2024-05-03T12:25:09.454191" elapsed="0.065847"/>
</kw>
<doc>Testa o conteúdo específico dos campos retornados pela API.</doc>
<tag>testeConteudo</tag>
<status status="PASS" start="2024-05-03T12:25:09.453557" elapsed="0.066620"/>
</test>
<status status="PASS" start="2024-05-03T12:25:07.207082" elapsed="2.315024"/>
</suite>
<status status="PASS" start="2024-05-03T12:25:07.192560" elapsed="2.334663"/>
</suite>
<statistics>
<total>
<stat pass="5" fail="0" skip="0">All Tests</stat>
</total>
<tag>
<stat pass="1" fail="0" skip="0">testeConteudo</stat>
<stat pass="1" fail="0" skip="0">testeEstruturaResposta</stat>
<stat pass="1" fail="0" skip="0">testeRequisicaoBasica</stat>
<stat pass="1" fail="0" skip="0">testeTiposDados</stat>
</tag>
<suite>
<stat pass="5" fail="0" skip="0" id="s1" name="Tests">Tests</stat>
<stat pass="5" fail="0" skip="0" id="s1-s1" name="Random-User-Test">Tests.Random-User-Test</stat>
</suite>
</statistics>
<errors>
</errors>
</robot>
