<?xml version="1.0" encoding="UTF-8"?>
<robot generator="Robot 7.0 (Python 3.12.2 on linux)" generated="2024-03-28T10:14:21.289755" rpa="false" schemaversion="5">
<suite id="s1" name="Tests" source="/home/runner/work/DesafioQAItauRogerioJordao/DesafioQAItauRogerioJordao/RamdonUser/tests">
<suite id="s1-s1" name="Random-User-Test" source="/home/runner/work/DesafioQAItauRogerioJordao/DesafioQAItauRogerioJordao/RamdonUser/tests/random-user-test.robot">
<test id="s1-s1-t1" name="Conectar" line="13">
<kw name="Conectar API" owner="random-user-service">
<kw name="Create Session" owner="RequestsLibrary">
<msg time="2024-03-28T10:14:21.665312" level="INFO">Creating Session using : alias=consultarAPI, url=https://randomuser.me/, headers={},                     cookies={}, auth=None, timeout=None, proxies=None, verify=False,                     debug=0 </msg>
<arg>consultarAPI</arg>
<arg>${URL}</arg>
<doc>Create Session: create a HTTP session to a server</doc>
<status status="PASS" start="2024-03-28T10:14:21.665092" elapsed="0.000412"/>
</kw>
<status status="PASS" start="2024-03-28T10:14:21.664000" elapsed="0.001895"/>
</kw>
<status status="PASS" start="2024-03-28T10:14:21.663287" elapsed="0.002826"/>
</test>
<test id="s1-s1-t2" name="Validar retorno 200 e JSON Válido" line="16">
<kw name="Teste de Requisicao Basica" owner="random-user-service">
<kw name="GET On Session" owner="RequestsLibrary">
<msg time="2024-03-28T10:14:22.080407" level="INFO">GET Request : url=https://randomuser.me/api 
 path_url=/api 
 headers={'User-Agent': 'python-requests/2.31.0', 'Accept-Encoding': 'gzip, deflate', 'Accept': '*/*', 'Connection': 'keep-alive'} 
 body=None 
 </msg>
<msg time="2024-03-28T10:14:22.080557" level="INFO">GET Response : url=https://randomuser.me/api 
 status=200, reason=OK 
 headers={'Date': 'Thu, 28 Mar 2024 10:14:22 GMT', 'Content-Type': 'application/json; charset=utf-8', 'Transfer-Encoding': 'chunked', 'Connection': 'keep-alive', 'X-Powered-By': 'Express', 'Access-Control-Allow-Origin': '*', 'Cache-Control': 'no-cache', 'ETag': 'W/"4b3-cwuYtM9N3HG8HFwL9bI3pvRhkak"', 'Vary': 'Accept-Encoding', 'Content-Encoding': 'gzip', 'CF-Cache-Status': 'DYNAMIC', 'Report-To': '{"endpoints":[{"url":"https:\\/\\/a.nel.cloudflare.com\\/report\\/v4?s=3GcByhNKsXpBEjDrkANLKXzDJcYiT7HM2bkzlVejRNzn%2BmU6I%2Bw%2FnuzuiIAawqzum98LMLBdLdfbt1Wrm%2BsrS4nCtmcadKryNYGIlVii1v%2B2RTDYC68KxyI3ummyCBAi"}],"group":"cf-nel","max_age":604800}', 'NEL': '{"success_fraction":0,"report_to":"cf-nel","max_age":604800}', 'Server': 'cloudflare', 'CF-RAY': '86b6da523c6067bf-SJC', 'alt-svc': 'h3=":443"; ma=86400'} 
 body={"results":[{"gender":"female","name":{"title":"Ms","first":"Florencia","last":"Camacho"},"location":{"street":{"number":369,"name":"Cerrada Sur Rico"},"city":"Almoloya de las Granadas","state":"Oaxaca","country":"Mexico","postcode":82893,"coordinates":{"latitude":"24.9865","longitude":"15.1187"},"timezone":{"offset":"+3:00","description":"Baghdad, Riyadh, Moscow, St. Petersburg"}},"email":"florencia.camacho@example.com","login":{"uuid":"62f80509-c051-478b-9b07-3eccd3764fd9","username":"lazyduck898","password":"686868","salt":"dveCIULR","md5":"eed2cfe4611909780fc84fb9ef303c5b","sha1":"9ea6a17ce77b2573e8cf5e2e24c7edaac3ac5f7c","sha256":"24f5185f8c750163e6576b47bbdbdd6a476dee03e02a823d0a1cbb082e8cbd17"},"dob":{"date":"1988-10-07T20:46:32.458Z","age":35},"registered":{"date":"2017-10-01T01:44:06.248Z","age":6},"phone":"(614) 429 8547","cell":"(611) 997 3746","id":{"name":"NSS","value":"00 68 86 5355 2"},"picture":{"large":"https://randomuser.me/api/portraits/women/82.jpg","medium":"https://randomuser.me/api/portraits/med/women/82.jpg","thumbnail":"https://randomuser.me/api/portraits/thumb/women/82.jpg"},"nat":"MX"}],"info":{"seed":"1d9cceff917b2bef","results":1,"page":1,"version":"1.4"}} 
 </msg>
<msg time="2024-03-28T10:14:22.080665" level="INFO">/opt/hostedtoolcache/Python/3.12.2/x64/lib/python3.12/site-packages/urllib3/connectionpool.py:1103: InsecureRequestWarning: Unverified HTTPS request is being made to host 'randomuser.me'. Adding certificate verification is strongly advised. See: https://urllib3.readthedocs.io/en/latest/advanced-usage.html#tls-warnings
  warnings.warn(</msg>
<msg time="2024-03-28T10:14:22.080801" level="INFO">${response} = &lt;Response [200]&gt;</msg>
<var>${response}</var>
<arg>consultarAPI</arg>
<arg>/api</arg>
<doc>Sends a GET request on a previously created HTTP Session.</doc>
<status status="PASS" start="2024-03-28T10:14:21.668881" elapsed="0.411960"/>
</kw>
<kw name="Should Be Equal As Numbers" owner="BuiltIn">
<msg time="2024-03-28T10:14:22.081864" level="INFO">Argument types are:
&lt;class 'int'&gt;
&lt;class 'str'&gt;</msg>
<arg>${response.status_code}</arg>
<arg>200</arg>
<doc>Fails if objects are unequal after converting them to real numbers.</doc>
<status status="PASS" start="2024-03-28T10:14:22.081393" elapsed="0.000537"/>
</kw>
<kw name="Log" owner="BuiltIn">
<msg time="2024-03-28T10:14:22.082601" level="INFO">200</msg>
<arg>${response.status_code}</arg>
<doc>Logs the given message with the given level.</doc>
<status status="PASS" start="2024-03-28T10:14:22.082248" elapsed="0.000396"/>
</kw>
<kw name="Set Variable" owner="BuiltIn">
<msg time="2024-03-28T10:14:22.083402" level="INFO">${json_data} = {'results': [{'gender': 'female', 'name': {'title': 'Ms', 'first': 'Florencia', 'last': 'Camacho'}, 'location': {'street': {'number': 369, 'name': 'Cerrada Sur Rico'}, 'city': 'Almoloya de las Granada...</msg>
<var>${json_data}</var>
<arg>${response.json()}</arg>
<doc>Returns the given values which can then be assigned to a variables.</doc>
<status status="PASS" start="2024-03-28T10:14:22.082966" elapsed="0.000464"/>
</kw>
<kw name="Dictionary Should Contain Key" owner="Collections">
<msg time="2024-03-28T10:14:22.083948" level="INFO">False</msg>
<arg>${json_data}</arg>
<arg>results</arg>
<doc>Fails if ``key`` is not found from ``dictionary``.</doc>
<status status="PASS" start="2024-03-28T10:14:22.083781" elapsed="0.000205"/>
</kw>
<status status="PASS" start="2024-03-28T10:14:21.668617" elapsed="0.415628"/>
</kw>
<doc>Testa se a API responde corretamente e retorna um objeto JSON válido.</doc>
<tag>testeRequisicaoBasica</tag>
<status status="PASS" start="2024-03-28T10:14:21.668065" elapsed="0.416367"/>
</test>
<test id="s1-s1-t3" name="Validar estrutura de resposta" line="22">
<kw name="Teste de Estrutura de Resposta" owner="random-user-service">
<kw name="GET On Session" owner="RequestsLibrary">
<msg time="2024-03-28T10:14:22.176473" level="INFO">GET Request : url=https://randomuser.me/api 
 path_url=/api 
 headers={'User-Agent': 'python-requests/2.31.0', 'Accept-Encoding': 'gzip, deflate', 'Accept': '*/*', 'Connection': 'keep-alive'} 
 body=None 
 </msg>
<msg time="2024-03-28T10:14:22.176552" level="INFO">GET Response : url=https://randomuser.me/api 
 status=200, reason=OK 
 headers={'Date': 'Thu, 28 Mar 2024 10:14:22 GMT', 'Content-Type': 'application/json; charset=utf-8', 'Transfer-Encoding': 'chunked', 'Connection': 'keep-alive', 'X-Powered-By': 'Express', 'Access-Control-Allow-Origin': '*', 'Cache-Control': 'no-cache', 'ETag': 'W/"486-1oy/PuwgTySb02ss4vHOv5Jv0R4"', 'Vary': 'Accept-Encoding', 'Content-Encoding': 'gzip', 'CF-Cache-Status': 'DYNAMIC', 'Report-To': '{"endpoints":[{"url":"https:\\/\\/a.nel.cloudflare.com\\/report\\/v4?s=2UgOMXwhc2z7WSpOYyMiBysYbSsDywgdIRi4utxTS%2FkhUDgEE1mHL6BBvVuXBOnsBxWr6E9ZKL0smqa7ZQkhrkyR879GD7sX%2BqMJT9fBVgI7wAij%2FyS4mT4lIXpRdlhI"}],"group":"cf-nel","max_age":604800}', 'NEL': '{"success_fraction":0,"report_to":"cf-nel","max_age":604800}', 'Server': 'cloudflare', 'CF-RAY': '86b6da541d6a67bf-SJC', 'alt-svc': 'h3=":443"; ma=86400'} 
 body={"results":[{"gender":"male","name":{"title":"Mr","first":"Adrian","last":"Polotnyuk"},"location":{"street":{"number":3309,"name":"Nazaruka"},"city":"Ivano-Frankivsk","state":"Harkivska","country":"Ukraine","postcode":18223,"coordinates":{"latitude":"81.3794","longitude":"-132.7284"},"timezone":{"offset":"+2:00","description":"Kaliningrad, South Africa"}},"email":"adrian.polotnyuk@example.com","login":{"uuid":"0b8595c1-ecf5-4dd8-bc0a-9d2d93580476","username":"angryostrich613","password":"shrimp","salt":"5X8uYZGn","md5":"5e5411a121a272b6260c95affcd54fd4","sha1":"58bf51daf95ae485936ea6f311c39799b851311d","sha256":"dfa9b733e7c75a5d767a04f3ddb276d6900dc23f471ebf49c848f730b8556ec5"},"dob":{"date":"1992-10-19T22:32:46.502Z","age":31},"registered":{"date":"2005-12-04T00:13:34.871Z","age":18},"phone":"(097) F35-0343","cell":"(099) C29-1441","id":{"name":"","value":null},"picture":{"large":"https://randomuser.me/api/portraits/men/86.jpg","medium":"https://randomuser.me/api/portraits/med/men/86.jpg","thumbnail":"https://randomuser.me/api/portraits/thumb/men/86.jpg"},"nat":"UA"}],"info":{"seed":"79b70915613aa838","results":1,"page":1,"version":"1.4"}} 
 </msg>
<msg time="2024-03-28T10:14:22.176670" level="INFO">/opt/hostedtoolcache/Python/3.12.2/x64/lib/python3.12/site-packages/urllib3/connectionpool.py:1103: InsecureRequestWarning: Unverified HTTPS request is being made to host 'randomuser.me'. Adding certificate verification is strongly advised. See: https://urllib3.readthedocs.io/en/latest/advanced-usage.html#tls-warnings
  warnings.warn(</msg>
<msg time="2024-03-28T10:14:22.176778" level="INFO">${response} = &lt;Response [200]&gt;</msg>
<var>${response}</var>
<arg>consultarAPI</arg>
<arg>/api</arg>
<doc>Sends a GET request on a previously created HTTP Session.</doc>
<status status="PASS" start="2024-03-28T10:14:22.087135" elapsed="0.089683"/>
</kw>
<kw name="Set Variable" owner="BuiltIn">
<msg time="2024-03-28T10:14:22.177886" level="INFO">${json_data} = {'results': [{'gender': 'male', 'name': {'title': 'Mr', 'first': 'Adrian', 'last': 'Polotnyuk'}, 'location': {'street': {'number': 3309, 'name': 'Nazaruka'}, 'city': 'Ivano-Frankivsk', 'state': 'Harki...</msg>
<var>${json_data}</var>
<arg>${response.json()}</arg>
<doc>Returns the given values which can then be assigned to a variables.</doc>
<status status="PASS" start="2024-03-28T10:14:22.177315" elapsed="0.000600"/>
</kw>
<kw name="Log" owner="BuiltIn">
<msg time="2024-03-28T10:14:22.178381" level="INFO">{'results': [{'gender': 'male', 'name': {'title': 'Mr', 'first': 'Adrian', 'last': 'Polotnyuk'}, 'location': {'street': {'number': 3309, 'name': 'Nazaruka'}, 'city': 'Ivano-Frankivsk', 'state': 'Harkivska', 'country': 'Ukraine', 'postcode': 18223, 'coordinates': {'latitude': '81.3794', 'longitude': '-132.7284'}, 'timezone': {'offset': '+2:00', 'description': 'Kaliningrad, South Africa'}}, 'email': 'adrian.polotnyuk@example.com', 'login': {'uuid': '0b8595c1-ecf5-4dd8-bc0a-9d2d93580476', 'username': 'angryostrich613', 'password': 'shrimp', 'salt': '5X8uYZGn', 'md5': '5e5411a121a272b6260c95affcd54fd4', 'sha1': '58bf51daf95ae485936ea6f311c39799b851311d', 'sha256': 'dfa9b733e7c75a5d767a04f3ddb276d6900dc23f471ebf49c848f730b8556ec5'}, 'dob': {'date': '1992-10-19T22:32:46.502Z', 'age': 31}, 'registered': {'date': '2005-12-04T00:13:34.871Z', 'age': 18}, 'phone': '(097) F35-0343', 'cell': '(099) C29-1441', 'id': {'name': '', 'value': None}, 'picture': {'large': 'https://randomuser.me/api/portraits/men/86.jpg', 'medium': 'https://randomuser.me/api/portraits/med/men/86.jpg', 'thumbnail': 'https://randomuser.me/api/portraits/thumb/men/86.jpg'}, 'nat': 'UA'}], 'info': {'seed': '79b70915613aa838', 'results': 1, 'page': 1, 'version': '1.4'}}</msg>
<arg>${json_data}</arg>
<doc>Logs the given message with the given level.</doc>
<status status="PASS" start="2024-03-28T10:14:22.178224" elapsed="0.000203"/>
</kw>
<kw name="Dictionary Should Contain Key" owner="Collections">
<msg time="2024-03-28T10:14:22.178878" level="INFO">False</msg>
<arg>${json_data}</arg>
<arg>results</arg>
<doc>Fails if ``key`` is not found from ``dictionary``.</doc>
<status status="PASS" start="2024-03-28T10:14:22.178723" elapsed="0.000191"/>
</kw>
<kw name="Should Not Be Empty" owner="BuiltIn">
<msg time="2024-03-28T10:14:22.179336" level="INFO">Length is 2.</msg>
<arg>${json_data}</arg>
<doc>Verifies that the given item is not empty.</doc>
<status status="PASS" start="2024-03-28T10:14:22.179205" elapsed="0.000167"/>
</kw>
<kw name="Create List" owner="BuiltIn">
<msg time="2024-03-28T10:14:22.179849" level="INFO">${expected_keys} = ['gender', 'name', 'location', 'email', 'login']</msg>
<var>${expected_keys}</var>
<arg>gender</arg>
<arg>name</arg>
<arg>location</arg>
<arg>email</arg>
<arg>login</arg>
<doc>Returns a list containing given items.</doc>
<status status="PASS" start="2024-03-28T10:14:22.179702" elapsed="0.000172"/>
</kw>
<for flavor="IN">
<iter>
<kw name="Dictionary Should Contain Key" owner="Collections">
<msg time="2024-03-28T10:14:22.180847" level="INFO">False</msg>
<arg>${json_data['results'][0]}</arg>
<arg>${key}</arg>
<doc>Fails if ``key`` is not found from ``dictionary``.</doc>
<status status="PASS" start="2024-03-28T10:14:22.180453" elapsed="0.000433"/>
</kw>
<kw name="Log" owner="BuiltIn">
<msg time="2024-03-28T10:14:22.181554" level="INFO">{'gender': 'male', 'name': {'title': 'Mr', 'first': 'Adrian', 'last': 'Polotnyuk'}, 'location': {'street': {'number': 3309, 'name': 'Nazaruka'}, 'city': 'Ivano-Frankivsk', 'state': 'Harkivska', 'country': 'Ukraine', 'postcode': 18223, 'coordinates': {'latitude': '81.3794', 'longitude': '-132.7284'}, 'timezone': {'offset': '+2:00', 'description': 'Kaliningrad, South Africa'}}, 'email': 'adrian.polotnyuk@example.com', 'login': {'uuid': '0b8595c1-ecf5-4dd8-bc0a-9d2d93580476', 'username': 'angryostrich613', 'password': 'shrimp', 'salt': '5X8uYZGn', 'md5': '5e5411a121a272b6260c95affcd54fd4', 'sha1': '58bf51daf95ae485936ea6f311c39799b851311d', 'sha256': 'dfa9b733e7c75a5d767a04f3ddb276d6900dc23f471ebf49c848f730b8556ec5'}, 'dob': {'date': '1992-10-19T22:32:46.502Z', 'age': 31}, 'registered': {'date': '2005-12-04T00:13:34.871Z', 'age': 18}, 'phone': '(097) F35-0343', 'cell': '(099) C29-1441', 'id': {'name': '', 'value': None}, 'picture': {'large': 'https://randomuser.me/api/portraits/men/86.jpg', 'medium': 'https://randomuser.me/api/portraits/med/men/86.jpg', 'thumbnail': 'https://randomuser.me/api/portraits/thumb/men/86.jpg'}, 'nat': 'UA'}</msg>
<arg>${json_data['results'][0]}</arg>
<doc>Logs the given message with the given level.</doc>
<status status="PASS" start="2024-03-28T10:14:22.181189" elapsed="0.000417"/>
</kw>
<kw name="Log" owner="BuiltIn">
<msg time="2024-03-28T10:14:22.182032" level="INFO">gender</msg>
<arg>${key}</arg>
<doc>Logs the given message with the given level.</doc>
<status status="PASS" start="2024-03-28T10:14:22.181904" elapsed="0.000166"/>
</kw>
<var name="${key}">gender</var>
<status status="PASS" start="2024-03-28T10:14:22.180328" elapsed="0.001962"/>
</iter>
<iter>
<kw name="Dictionary Should Contain Key" owner="Collections">
<msg time="2024-03-28T10:14:22.183013" level="INFO">False</msg>
<arg>${json_data['results'][0]}</arg>
<arg>${key}</arg>
<doc>Fails if ``key`` is not found from ``dictionary``.</doc>
<status status="PASS" start="2024-03-28T10:14:22.182594" elapsed="0.000456"/>
</kw>
<kw name="Log" owner="BuiltIn">
<msg time="2024-03-28T10:14:22.183779" level="INFO">{'gender': 'male', 'name': {'title': 'Mr', 'first': 'Adrian', 'last': 'Polotnyuk'}, 'location': {'street': {'number': 3309, 'name': 'Nazaruka'}, 'city': 'Ivano-Frankivsk', 'state': 'Harkivska', 'country': 'Ukraine', 'postcode': 18223, 'coordinates': {'latitude': '81.3794', 'longitude': '-132.7284'}, 'timezone': {'offset': '+2:00', 'description': 'Kaliningrad, South Africa'}}, 'email': 'adrian.polotnyuk@example.com', 'login': {'uuid': '0b8595c1-ecf5-4dd8-bc0a-9d2d93580476', 'username': 'angryostrich613', 'password': 'shrimp', 'salt': '5X8uYZGn', 'md5': '5e5411a121a272b6260c95affcd54fd4', 'sha1': '58bf51daf95ae485936ea6f311c39799b851311d', 'sha256': 'dfa9b733e7c75a5d767a04f3ddb276d6900dc23f471ebf49c848f730b8556ec5'}, 'dob': {'date': '1992-10-19T22:32:46.502Z', 'age': 31}, 'registered': {'date': '2005-12-04T00:13:34.871Z', 'age': 18}, 'phone': '(097) F35-0343', 'cell': '(099) C29-1441', 'id': {'name': '', 'value': None}, 'picture': {'large': 'https://randomuser.me/api/portraits/men/86.jpg', 'medium': 'https://randomuser.me/api/portraits/med/men/86.jpg', 'thumbnail': 'https://randomuser.me/api/portraits/thumb/men/86.jpg'}, 'nat': 'UA'}</msg>
<arg>${json_data['results'][0]}</arg>
<doc>Logs the given message with the given level.</doc>
<status status="PASS" start="2024-03-28T10:14:22.183380" elapsed="0.000447"/>
</kw>
<kw name="Log" owner="BuiltIn">
<msg time="2024-03-28T10:14:22.184253" level="INFO">name</msg>
<arg>${key}</arg>
<doc>Logs the given message with the given level.</doc>
<status status="PASS" start="2024-03-28T10:14:22.184125" elapsed="0.000165"/>
</kw>
<var name="${key}">name</var>
<status status="PASS" start="2024-03-28T10:14:22.182479" elapsed="0.002024"/>
</iter>
<iter>
<kw name="Dictionary Should Contain Key" owner="Collections">
<msg time="2024-03-28T10:14:22.185280" level="INFO">False</msg>
<arg>${json_data['results'][0]}</arg>
<arg>${key}</arg>
<doc>Fails if ``key`` is not found from ``dictionary``.</doc>
<status status="PASS" start="2024-03-28T10:14:22.184847" elapsed="0.000471"/>
</kw>
<kw name="Log" owner="BuiltIn">
<msg time="2024-03-28T10:14:22.185980" level="INFO">{'gender': 'male', 'name': {'title': 'Mr', 'first': 'Adrian', 'last': 'Polotnyuk'}, 'location': {'street': {'number': 3309, 'name': 'Nazaruka'}, 'city': 'Ivano-Frankivsk', 'state': 'Harkivska', 'country': 'Ukraine', 'postcode': 18223, 'coordinates': {'latitude': '81.3794', 'longitude': '-132.7284'}, 'timezone': {'offset': '+2:00', 'description': 'Kaliningrad, South Africa'}}, 'email': 'adrian.polotnyuk@example.com', 'login': {'uuid': '0b8595c1-ecf5-4dd8-bc0a-9d2d93580476', 'username': 'angryostrich613', 'password': 'shrimp', 'salt': '5X8uYZGn', 'md5': '5e5411a121a272b6260c95affcd54fd4', 'sha1': '58bf51daf95ae485936ea6f311c39799b851311d', 'sha256': 'dfa9b733e7c75a5d767a04f3ddb276d6900dc23f471ebf49c848f730b8556ec5'}, 'dob': {'date': '1992-10-19T22:32:46.502Z', 'age': 31}, 'registered': {'date': '2005-12-04T00:13:34.871Z', 'age': 18}, 'phone': '(097) F35-0343', 'cell': '(099) C29-1441', 'id': {'name': '', 'value': None}, 'picture': {'large': 'https://randomuser.me/api/portraits/men/86.jpg', 'medium': 'https://randomuser.me/api/portraits/med/men/86.jpg', 'thumbnail': 'https://randomuser.me/api/portraits/thumb/men/86.jpg'}, 'nat': 'UA'}</msg>
<arg>${json_data['results'][0]}</arg>
<doc>Logs the given message with the given level.</doc>
<status status="PASS" start="2024-03-28T10:14:22.185621" elapsed="0.000412"/>
</kw>
<kw name="Log" owner="BuiltIn">
<msg time="2024-03-28T10:14:22.186455" level="INFO">location</msg>
<arg>${key}</arg>
<doc>Logs the given message with the given level.</doc>
<status status="PASS" start="2024-03-28T10:14:22.186328" elapsed="0.000165"/>
</kw>
<var name="${key}">location</var>
<status status="PASS" start="2024-03-28T10:14:22.184678" elapsed="0.002028"/>
</iter>
<iter>
<kw name="Dictionary Should Contain Key" owner="Collections">
<msg time="2024-03-28T10:14:22.187373" level="INFO">False</msg>
<arg>${json_data['results'][0]}</arg>
<arg>${key}</arg>
<doc>Fails if ``key`` is not found from ``dictionary``.</doc>
<status status="PASS" start="2024-03-28T10:14:22.186987" elapsed="0.000423"/>
</kw>
<kw name="Log" owner="BuiltIn">
<msg time="2024-03-28T10:14:22.188104" level="INFO">{'gender': 'male', 'name': {'title': 'Mr', 'first': 'Adrian', 'last': 'Polotnyuk'}, 'location': {'street': {'number': 3309, 'name': 'Nazaruka'}, 'city': 'Ivano-Frankivsk', 'state': 'Harkivska', 'country': 'Ukraine', 'postcode': 18223, 'coordinates': {'latitude': '81.3794', 'longitude': '-132.7284'}, 'timezone': {'offset': '+2:00', 'description': 'Kaliningrad, South Africa'}}, 'email': 'adrian.polotnyuk@example.com', 'login': {'uuid': '0b8595c1-ecf5-4dd8-bc0a-9d2d93580476', 'username': 'angryostrich613', 'password': 'shrimp', 'salt': '5X8uYZGn', 'md5': '5e5411a121a272b6260c95affcd54fd4', 'sha1': '58bf51daf95ae485936ea6f311c39799b851311d', 'sha256': 'dfa9b733e7c75a5d767a04f3ddb276d6900dc23f471ebf49c848f730b8556ec5'}, 'dob': {'date': '1992-10-19T22:32:46.502Z', 'age': 31}, 'registered': {'date': '2005-12-04T00:13:34.871Z', 'age': 18}, 'phone': '(097) F35-0343', 'cell': '(099) C29-1441', 'id': {'name': '', 'value': None}, 'picture': {'large': 'https://randomuser.me/api/portraits/men/86.jpg', 'medium': 'https://randomuser.me/api/portraits/med/men/86.jpg', 'thumbnail': 'https://randomuser.me/api/portraits/thumb/men/86.jpg'}, 'nat': 'UA'}</msg>
<arg>${json_data['results'][0]}</arg>
<doc>Logs the given message with the given level.</doc>
<status status="PASS" start="2024-03-28T10:14:22.187749" elapsed="0.000403"/>
</kw>
<kw name="Log" owner="BuiltIn">
<msg time="2024-03-28T10:14:22.188571" level="INFO">email</msg>
<arg>${key}</arg>
<doc>Logs the given message with the given level.</doc>
<status status="PASS" start="2024-03-28T10:14:22.188443" elapsed="0.000165"/>
</kw>
<var name="${key}">email</var>
<status status="PASS" start="2024-03-28T10:14:22.186877" elapsed="0.001954"/>
</iter>
<iter>
<kw name="Dictionary Should Contain Key" owner="Collections">
<msg time="2024-03-28T10:14:22.189512" level="INFO">False</msg>
<arg>${json_data['results'][0]}</arg>
<arg>${key}</arg>
<doc>Fails if ``key`` is not found from ``dictionary``.</doc>
<status status="PASS" start="2024-03-28T10:14:22.189120" elapsed="0.000429"/>
</kw>
<kw name="Log" owner="BuiltIn">
<msg time="2024-03-28T10:14:22.190206" level="INFO">{'gender': 'male', 'name': {'title': 'Mr', 'first': 'Adrian', 'last': 'Polotnyuk'}, 'location': {'street': {'number': 3309, 'name': 'Nazaruka'}, 'city': 'Ivano-Frankivsk', 'state': 'Harkivska', 'country': 'Ukraine', 'postcode': 18223, 'coordinates': {'latitude': '81.3794', 'longitude': '-132.7284'}, 'timezone': {'offset': '+2:00', 'description': 'Kaliningrad, South Africa'}}, 'email': 'adrian.polotnyuk@example.com', 'login': {'uuid': '0b8595c1-ecf5-4dd8-bc0a-9d2d93580476', 'username': 'angryostrich613', 'password': 'shrimp', 'salt': '5X8uYZGn', 'md5': '5e5411a121a272b6260c95affcd54fd4', 'sha1': '58bf51daf95ae485936ea6f311c39799b851311d', 'sha256': 'dfa9b733e7c75a5d767a04f3ddb276d6900dc23f471ebf49c848f730b8556ec5'}, 'dob': {'date': '1992-10-19T22:32:46.502Z', 'age': 31}, 'registered': {'date': '2005-12-04T00:13:34.871Z', 'age': 18}, 'phone': '(097) F35-0343', 'cell': '(099) C29-1441', 'id': {'name': '', 'value': None}, 'picture': {'large': 'https://randomuser.me/api/portraits/men/86.jpg', 'medium': 'https://randomuser.me/api/portraits/med/men/86.jpg', 'thumbnail': 'https://randomuser.me/api/portraits/thumb/men/86.jpg'}, 'nat': 'UA'}</msg>
<arg>${json_data['results'][0]}</arg>
<doc>Logs the given message with the given level.</doc>
<status status="PASS" start="2024-03-28T10:14:22.189843" elapsed="0.000410"/>
</kw>
<kw name="Log" owner="BuiltIn">
<msg time="2024-03-28T10:14:22.190674" level="INFO">login</msg>
<arg>${key}</arg>
<doc>Logs the given message with the given level.</doc>
<status status="PASS" start="2024-03-28T10:14:22.190546" elapsed="0.000274"/>
</kw>
<var name="${key}">login</var>
<status status="PASS" start="2024-03-28T10:14:22.189003" elapsed="0.002044"/>
</iter>
<var>${key}</var>
<value>@{expected_keys}</value>
<status status="PASS" start="2024-03-28T10:14:22.180139" elapsed="0.011060"/>
</for>
<kw name="Create List" owner="BuiltIn">
<msg time="2024-03-28T10:14:22.191579" level="INFO">${expected_keysTwo} = ['username', 'password']</msg>
<var>${expected_keysTwo}</var>
<arg>username</arg>
<arg>password</arg>
<doc>Returns a list containing given items.</doc>
<status status="PASS" start="2024-03-28T10:14:22.191403" elapsed="0.000202"/>
</kw>
<for flavor="IN">
<iter>
<kw name="Dictionary Should Contain Key" owner="Collections">
<msg time="2024-03-28T10:14:22.192494" level="INFO">False</msg>
<arg>${json_data['results'][0]['login']}</arg>
<arg>${keyTwo}</arg>
<doc>Fails if ``key`` is not found from ``dictionary``.</doc>
<status status="PASS" start="2024-03-28T10:14:22.192115" elapsed="0.000415"/>
</kw>
<kw name="Dictionary Should Contain Key" owner="Collections">
<msg time="2024-03-28T10:14:22.193223" level="INFO">False</msg>
<arg>${json_data['results'][0]['login']}</arg>
<arg>${keyTwo}</arg>
<doc>Fails if ``key`` is not found from ``dictionary``.</doc>
<status status="PASS" start="2024-03-28T10:14:22.192827" elapsed="0.000434"/>
</kw>
<kw name="Log" owner="BuiltIn">
<msg time="2024-03-28T10:14:22.193682" level="INFO">username</msg>
<arg>${keyTwo}</arg>
<doc>Logs the given message with the given level.</doc>
<status status="PASS" start="2024-03-28T10:14:22.193553" elapsed="0.000166"/>
</kw>
<var name="${keyTwo}">username</var>
<status status="PASS" start="2024-03-28T10:14:22.192004" elapsed="0.001930"/>
</iter>
<iter>
<kw name="Dictionary Should Contain Key" owner="Collections">
<msg time="2024-03-28T10:14:22.194584" level="INFO">False</msg>
<arg>${json_data['results'][0]['login']}</arg>
<arg>${keyTwo}</arg>
<doc>Fails if ``key`` is not found from ``dictionary``.</doc>
<status status="PASS" start="2024-03-28T10:14:22.194213" elapsed="0.000408"/>
</kw>
<kw name="Dictionary Should Contain Key" owner="Collections">
<msg time="2024-03-28T10:14:22.195292" level="INFO">False</msg>
<arg>${json_data['results'][0]['login']}</arg>
<arg>${keyTwo}</arg>
<doc>Fails if ``key`` is not found from ``dictionary``.</doc>
<status status="PASS" start="2024-03-28T10:14:22.194913" elapsed="0.000415"/>
</kw>
<kw name="Log" owner="BuiltIn">
<msg time="2024-03-28T10:14:22.195783" level="INFO">password</msg>
<arg>${keyTwo}</arg>
<doc>Logs the given message with the given level.</doc>
<status status="PASS" start="2024-03-28T10:14:22.195652" elapsed="0.000169"/>
</kw>
<var name="${keyTwo}">password</var>
<status status="PASS" start="2024-03-28T10:14:22.194104" elapsed="0.001932"/>
</iter>
<var>${keyTwo}</var>
<value>@{expected_keysTwo}</value>
<status status="PASS" start="2024-03-28T10:14:22.191849" elapsed="0.004307"/>
</for>
<status status="PASS" start="2024-03-28T10:14:22.086901" elapsed="0.109396"/>
</kw>
<doc>Testa a estrutura da resposta da API.</doc>
<tag>testeEstruturaResposta</tag>
<status status="PASS" start="2024-03-28T10:14:22.086253" elapsed="0.110206"/>
</test>
<test id="s1-s1-t4" name="Validar tipos de dados" line="28">
<kw name="Teste de Tipos de Dados" owner="random-user-service">
<kw name="GET On Session" owner="RequestsLibrary">
<msg time="2024-03-28T10:14:22.289943" level="INFO">GET Request : url=https://randomuser.me/api 
 path_url=/api 
 headers={'User-Agent': 'python-requests/2.31.0', 'Accept-Encoding': 'gzip, deflate', 'Accept': '*/*', 'Connection': 'keep-alive'} 
 body=None 
 </msg>
<msg time="2024-03-28T10:14:22.290030" level="INFO">GET Response : url=https://randomuser.me/api 
 status=200, reason=OK 
 headers={'Date': 'Thu, 28 Mar 2024 10:14:22 GMT', 'Content-Type': 'application/json; charset=utf-8', 'Transfer-Encoding': 'chunked', 'Connection': 'keep-alive', 'X-Powered-By': 'Express', 'Access-Control-Allow-Origin': '*', 'Cache-Control': 'no-cache', 'ETag': 'W/"48e-WppLjgdvPVHozlK0bPdp2EBupgY"', 'Vary': 'Accept-Encoding', 'Content-Encoding': 'gzip', 'CF-Cache-Status': 'DYNAMIC', 'Report-To': '{"endpoints":[{"url":"https:\\/\\/a.nel.cloudflare.com\\/report\\/v4?s=a1z%2FNzRF280B%2Fn7pmYzUesBTlE%2Fp2I8U2zUZF3bwl4LkQ9w2D3XmGBbPciY%2BQP6sc1c0dIBNUhdkaf193I4XVHD7OdPQgcS7a5qv8BX6I5glWIyQd1eLVniDBSlNzH6s"}],"group":"cf-nel","max_age":604800}', 'NEL': '{"success_fraction":0,"report_to":"cf-nel","max_age":604800}', 'Server': 'cloudflare', 'CF-RAY': '86b6da54cdfa67bf-SJC', 'alt-svc': 'h3=":443"; ma=86400'} 
 body={"results":[{"gender":"female","name":{"title":"Miss","first":"Alba","last":"Gallardo"},"location":{"street":{"number":2228,"name":"Calle de Arturo Soria"},"city":"Zaragoza","state":"Ceuta","country":"Spain","postcode":83826,"coordinates":{"latitude":"-36.3884","longitude":"119.5924"},"timezone":{"offset":"-8:00","description":"Pacific Time (US &amp; Canada)"}},"email":"alba.gallardo@example.com","login":{"uuid":"041236f6-de04-4afa-9429-4d0e55648eb1","username":"organicfish887","password":"briggs","salt":"4cqQ9OZr","md5":"61edf9fc22a567bef0d8b54769d645e0","sha1":"a090234fc6ddfc5a253da15151748a1435bd9cd8","sha256":"804797d6dd2e4cc2b0b69c69cefbc2d97d0919ef5bd2aae821a504f35d3bd81c"},"dob":{"date":"1947-12-08T04:27:21.198Z","age":76},"registered":{"date":"2019-12-16T01:43:11.525Z","age":4},"phone":"933-259-705","cell":"652-589-120","id":{"name":"DNI","value":"97489410-H"},"picture":{"large":"https://randomuser.me/api/portraits/women/36.jpg","medium":"https://randomuser.me/api/portraits/med/women/36.jpg","thumbnail":"https://randomuser.me/api/portraits/thumb/women/36.jpg"},"nat":"ES"}],"info":{"seed":"3f6d96471dfa47ba","results":1,"page":1,"version":"1.4"}} 
 </msg>
<msg time="2024-03-28T10:14:22.290106" level="INFO">/opt/hostedtoolcache/Python/3.12.2/x64/lib/python3.12/site-packages/urllib3/connectionpool.py:1103: InsecureRequestWarning: Unverified HTTPS request is being made to host 'randomuser.me'. Adding certificate verification is strongly advised. See: https://urllib3.readthedocs.io/en/latest/advanced-usage.html#tls-warnings
  warnings.warn(</msg>
<msg time="2024-03-28T10:14:22.290223" level="INFO">${response} = &lt;Response [200]&gt;</msg>
<var>${response}</var>
<arg>consultarAPI</arg>
<arg>/api</arg>
<doc>Sends a GET request on a previously created HTTP Session.</doc>
<status status="PASS" start="2024-03-28T10:14:22.198857" elapsed="0.091415"/>
</kw>
<kw name="Set Variable" owner="BuiltIn">
<msg time="2024-03-28T10:14:22.291522" level="INFO">${json_data} = {'results': [{'gender': 'female', 'name': {'title': 'Miss', 'first': 'Alba', 'last': 'Gallardo'}, 'location': {'street': {'number': 2228, 'name': 'Calle de Arturo Soria'}, 'city': 'Zaragoza', 'state':...</msg>
<var>${json_data}</var>
<arg>${response.json()}</arg>
<doc>Returns the given values which can then be assigned to a variables.</doc>
<status status="PASS" start="2024-03-28T10:14:22.290881" elapsed="0.000674"/>
</kw>
<kw name="Log" owner="BuiltIn">
<msg time="2024-03-28T10:14:22.292026" level="INFO">{'results': [{'gender': 'female', 'name': {'title': 'Miss', 'first': 'Alba', 'last': 'Gallardo'}, 'location': {'street': {'number': 2228, 'name': 'Calle de Arturo Soria'}, 'city': 'Zaragoza', 'state': 'Ceuta', 'country': 'Spain', 'postcode': 83826, 'coordinates': {'latitude': '-36.3884', 'longitude': '119.5924'}, 'timezone': {'offset': '-8:00', 'description': 'Pacific Time (US &amp; Canada)'}}, 'email': 'alba.gallardo@example.com', 'login': {'uuid': '041236f6-de04-4afa-9429-4d0e55648eb1', 'username': 'organicfish887', 'password': 'briggs', 'salt': '4cqQ9OZr', 'md5': '61edf9fc22a567bef0d8b54769d645e0', 'sha1': 'a090234fc6ddfc5a253da15151748a1435bd9cd8', 'sha256': '804797d6dd2e4cc2b0b69c69cefbc2d97d0919ef5bd2aae821a504f35d3bd81c'}, 'dob': {'date': '1947-12-08T04:27:21.198Z', 'age': 76}, 'registered': {'date': '2019-12-16T01:43:11.525Z', 'age': 4}, 'phone': '933-259-705', 'cell': '652-589-120', 'id': {'name': 'DNI', 'value': '97489410-H'}, 'picture': {'large': 'https://randomuser.me/api/portraits/women/36.jpg', 'medium': 'https://randomuser.me/api/portraits/med/women/36.jpg', 'thumbnail': 'https://randomuser.me/api/portraits/thumb/women/36.jpg'}, 'nat': 'ES'}], 'info': {'seed': '3f6d96471dfa47ba', 'results': 1, 'page': 1, 'version': '1.4'}}</msg>
<arg>${json_data}</arg>
<doc>Logs the given message with the given level.</doc>
<status status="PASS" start="2024-03-28T10:14:22.291871" elapsed="0.000239"/>
</kw>
<kw name="Should Be String" owner="String">
<arg>${json_data['results'][0]['gender']}</arg>
<doc>Fails if the given ``item`` is not a string.</doc>
<status status="PASS" start="2024-03-28T10:14:22.292410" elapsed="0.000367"/>
</kw>
<kw name="Should Match Regexp" owner="BuiltIn">
<arg>${json_data['results'][0]['email']}</arg>
<arg>^[a-zA-Z0-9._%+-]+@[a-zA-Z0-9.-]+\.[a-zA-Z]{2,}$</arg>
<doc>Fails if ``string`` does not match ``pattern`` as a regular expression.</doc>
<status status="PASS" start="2024-03-28T10:14:22.292971" elapsed="0.000511"/>
</kw>
<kw name="Should Match Regexp" owner="BuiltIn">
<arg>${json_data['results'][0]['dob']['date']}</arg>
<arg>\\d{4}-\\d{2}-\\d{2}T\\d{2}:\\d{2}:\\d{2}\\.\\d{3}Z</arg>
<doc>Fails if ``string`` does not match ``pattern`` as a regular expression.</doc>
<status status="PASS" start="2024-03-28T10:14:22.293679" elapsed="0.000489"/>
</kw>
<kw name="Should Match Regexp" owner="BuiltIn">
<arg>${json_data['results'][0]['registered']['date']}</arg>
<arg>\\d{4}-\\d{2}-\\d{2}T\\d{2}:\\d{2}:\\d{2}\\.\\d{3}Z</arg>
<doc>Fails if ``string`` does not match ``pattern`` as a regular expression.</doc>
<status status="PASS" start="2024-03-28T10:14:22.294361" elapsed="0.000364"/>
</kw>
<kw name="Should Match Regexp" owner="BuiltIn">
<arg>${json_data['results'][0]['picture']['large']}</arg>
<arg>^https?://.*\.(?:png|jpe?g|gif|bmp)$</arg>
<doc>Fails if ``string`` does not match ``pattern`` as a regular expression.</doc>
<status status="PASS" start="2024-03-28T10:14:22.294913" elapsed="0.000459"/>
</kw>
<kw name="Should Match Regexp" owner="BuiltIn">
<arg>${json_data['results'][0]['picture']['medium']}</arg>
<arg>^https?://.*\.(?:png|jpe?g|gif|bmp)$</arg>
<doc>Fails if ``string`` does not match ``pattern`` as a regular expression.</doc>
<status status="PASS" start="2024-03-28T10:14:22.295590" elapsed="0.000361"/>
</kw>
<kw name="Should Match Regexp" owner="BuiltIn">
<arg>${json_data['results'][0]['picture']['thumbnail']}</arg>
<arg>^https?://.*\.(?:png|jpe?g|gif|bmp)$</arg>
<doc>Fails if ``string`` does not match ``pattern`` as a regular expression.</doc>
<status status="PASS" start="2024-03-28T10:14:22.296137" elapsed="0.000346"/>
</kw>
<kw name="Log" owner="BuiltIn">
<msg time="2024-03-28T10:14:22.296990" level="INFO">{'large': 'https://randomuser.me/api/portraits/women/36.jpg', 'medium': 'https://randomuser.me/api/portraits/med/women/36.jpg', 'thumbnail': 'https://randomuser.me/api/portraits/thumb/women/36.jpg'}</msg>
<arg>${json_data['results'][0]['picture']}</arg>
<doc>Logs the given message with the given level.</doc>
<status status="PASS" start="2024-03-28T10:14:22.296663" elapsed="0.000374"/>
</kw>
<status status="PASS" start="2024-03-28T10:14:22.198626" elapsed="0.098667"/>
</kw>
<kw name="Teste de Tipos de Dados - Postcode" owner="random-user-service">
<kw name="GET On Session" owner="RequestsLibrary">
<msg time="2024-03-28T10:14:22.390734" level="INFO">GET Request : url=https://randomuser.me/api 
 path_url=/api 
 headers={'User-Agent': 'python-requests/2.31.0', 'Accept-Encoding': 'gzip, deflate', 'Accept': '*/*', 'Connection': 'keep-alive'} 
 body=None 
 </msg>
<msg time="2024-03-28T10:14:22.390843" level="INFO">GET Response : url=https://randomuser.me/api 
 status=200, reason=OK 
 headers={'Date': 'Thu, 28 Mar 2024 10:14:22 GMT', 'Content-Type': 'application/json; charset=utf-8', 'Transfer-Encoding': 'chunked', 'Connection': 'keep-alive', 'X-Powered-By': 'Express', 'Access-Control-Allow-Origin': '*', 'Cache-Control': 'no-cache', 'ETag': 'W/"489-JduP/HgpJAfFxJiJe94RqYMWCzc"', 'Vary': 'Accept-Encoding', 'Content-Encoding': 'gzip', 'CF-Cache-Status': 'DYNAMIC', 'Report-To': '{"endpoints":[{"url":"https:\\/\\/a.nel.cloudflare.com\\/report\\/v4?s=9TZgWz%2BYuV8T5cSV4mN26mC8IB0%2BAq24d0XWy%2BCUnCQqMsDTZwzFDJzZ4iP5oj0NIUpWJ2Mk%2FBzYLZJ2JQEgaJE4ykq61Btmn%2F9KbbPGgooHrbHJiS2nwwStBTHWhfs%2B"}],"group":"cf-nel","max_age":604800}', 'NEL': '{"success_fraction":0,"report_to":"cf-nel","max_age":604800}', 'Server': 'cloudflare', 'CF-RAY': '86b6da556e6267bf-SJC', 'alt-svc': 'h3=":443"; ma=86400'} 
 body={"results":[{"gender":"male","name":{"title":"Mr","first":"Arthur","last":"Thorshaug"},"location":{"street":{"number":8310,"name":"Ringnesveien"},"city":"Preststranda","state":"Hordaland","country":"Norway","postcode":"1447","coordinates":{"latitude":"45.3575","longitude":"-169.4200"},"timezone":{"offset":"-1:00","description":"Azores, Cape Verde Islands"}},"email":"arthur.thorshaug@example.com","login":{"uuid":"1d6db95c-6035-4820-83bc-b4268ffda482","username":"silverrabbit722","password":"chickens","salt":"AamvIkcU","md5":"7988307267bab417ecb22c93ab103412","sha1":"939815fd8e3e7877b2180465c171ff2272a6c08d","sha256":"4c77a34f781082963081cf5da79a91c10b905fb5dc373fa20861aac49755065f"},"dob":{"date":"1961-12-07T00:03:33.653Z","age":62},"registered":{"date":"2005-03-04T00:49:32.404Z","age":19},"phone":"69986351","cell":"98605307","id":{"name":"FN","value":"07126104922"},"picture":{"large":"https://randomuser.me/api/portraits/men/40.jpg","medium":"https://randomuser.me/api/portraits/med/men/40.jpg","thumbnail":"https://randomuser.me/api/portraits/thumb/men/40.jpg"},"nat":"NO"}],"info":{"seed":"4151ba3fda6042a7","results":1,"page":1,"version":"1.4"}} 
 </msg>
<msg time="2024-03-28T10:14:22.390943" level="INFO">/opt/hostedtoolcache/Python/3.12.2/x64/lib/python3.12/site-packages/urllib3/connectionpool.py:1103: InsecureRequestWarning: Unverified HTTPS request is being made to host 'randomuser.me'. Adding certificate verification is strongly advised. See: https://urllib3.readthedocs.io/en/latest/advanced-usage.html#tls-warnings
  warnings.warn(</msg>
<msg time="2024-03-28T10:14:22.391070" level="INFO">${response} = &lt;Response [200]&gt;</msg>
<var>${response}</var>
<arg>consultarAPI</arg>
<arg>/api</arg>
<doc>Sends a GET request on a previously created HTTP Session.</doc>
<status status="PASS" start="2024-03-28T10:14:22.297882" elapsed="0.093227"/>
</kw>
<kw name="Set Variable" owner="BuiltIn">
<msg time="2024-03-28T10:14:22.392344" level="INFO">${json_data} = {'results': [{'gender': 'male', 'name': {'title': 'Mr', 'first': 'Arthur', 'last': 'Thorshaug'}, 'location': {'street': {'number': 8310, 'name': 'Ringnesveien'}, 'city': 'Preststranda', 'state': 'Hord...</msg>
<var>${json_data}</var>
<arg>${response.json()}</arg>
<doc>Returns the given values which can then be assigned to a variables.</doc>
<status status="PASS" start="2024-03-28T10:14:22.391771" elapsed="0.000602"/>
</kw>
<kw name="Log" owner="BuiltIn">
<msg time="2024-03-28T10:14:22.392839" level="INFO">{'results': [{'gender': 'male', 'name': {'title': 'Mr', 'first': 'Arthur', 'last': 'Thorshaug'}, 'location': {'street': {'number': 8310, 'name': 'Ringnesveien'}, 'city': 'Preststranda', 'state': 'Hordaland', 'country': 'Norway', 'postcode': '1447', 'coordinates': {'latitude': '45.3575', 'longitude': '-169.4200'}, 'timezone': {'offset': '-1:00', 'description': 'Azores, Cape Verde Islands'}}, 'email': 'arthur.thorshaug@example.com', 'login': {'uuid': '1d6db95c-6035-4820-83bc-b4268ffda482', 'username': 'silverrabbit722', 'password': 'chickens', 'salt': 'AamvIkcU', 'md5': '7988307267bab417ecb22c93ab103412', 'sha1': '939815fd8e3e7877b2180465c171ff2272a6c08d', 'sha256': '4c77a34f781082963081cf5da79a91c10b905fb5dc373fa20861aac49755065f'}, 'dob': {'date': '1961-12-07T00:03:33.653Z', 'age': 62}, 'registered': {'date': '2005-03-04T00:49:32.404Z', 'age': 19}, 'phone': '69986351', 'cell': '98605307', 'id': {'name': 'FN', 'value': '07126104922'}, 'picture': {'large': 'https://randomuser.me/api/portraits/men/40.jpg', 'medium': 'https://randomuser.me/api/portraits/med/men/40.jpg', 'thumbnail': 'https://randomuser.me/api/portraits/thumb/men/40.jpg'}, 'nat': 'NO'}], 'info': {'seed': '4151ba3fda6042a7', 'results': 1, 'page': 1, 'version': '1.4'}}</msg>
<arg>${json_data}</arg>
<doc>Logs the given message with the given level.</doc>
<status status="PASS" start="2024-03-28T10:14:22.392683" elapsed="0.000240"/>
</kw>
<kw name="Should Be Equal As Numbers" owner="BuiltIn">
<arg>${json_data['results'][0]['location']['postcode']}</arg>
<arg>${json_data['results'][0]['location']['postcode']}</arg>
<doc>Fails if objects are unequal after converting them to real numbers.</doc>
<status status="PASS" start="2024-03-28T10:14:22.393226" elapsed="0.000629"/>
</kw>
<kw name="Log" owner="BuiltIn">
<msg time="2024-03-28T10:14:22.394380" level="INFO">1447</msg>
<arg>${json_data['results'][0]['location']['postcode']}</arg>
<doc>Logs the given message with the given level.</doc>
<status status="PASS" start="2024-03-28T10:14:22.394048" elapsed="0.000372"/>
</kw>
<status status="PASS" start="2024-03-28T10:14:22.297517" elapsed="0.097161"/>
</kw>
<doc>Testa se os tipos de dados na resposta da API estão corretos.</doc>
<tag>testeTiposDados</tag>
<status status="PASS" start="2024-03-28T10:14:22.198189" elapsed="0.196657"/>
</test>
<test id="s1-s1-t5" name="Validar conteudo" line="35">
<kw name="Teste de Tipos de Conteudo" owner="random-user-service">
<kw name="GET On Session" owner="RequestsLibrary">
<msg time="2024-03-28T10:14:22.486779" level="INFO">GET Request : url=https://randomuser.me/api 
 path_url=/api 
 headers={'User-Agent': 'python-requests/2.31.0', 'Accept-Encoding': 'gzip, deflate', 'Accept': '*/*', 'Connection': 'keep-alive'} 
 body=None 
 </msg>
<msg time="2024-03-28T10:14:22.486868" level="INFO">GET Response : url=https://randomuser.me/api 
 status=200, reason=OK 
 headers={'Date': 'Thu, 28 Mar 2024 10:14:22 GMT', 'Content-Type': 'application/json; charset=utf-8', 'Transfer-Encoding': 'chunked', 'Connection': 'keep-alive', 'X-Powered-By': 'Express', 'Access-Control-Allow-Origin': '*', 'Cache-Control': 'no-cache', 'ETag': 'W/"49a-EpwLrIhyqBGuMelPJHPWxa96DDE"', 'Vary': 'Accept-Encoding', 'Content-Encoding': 'gzip', 'CF-Cache-Status': 'DYNAMIC', 'Report-To': '{"endpoints":[{"url":"https:\\/\\/a.nel.cloudflare.com\\/report\\/v4?s=64fxSw6nrhAIa1sTwFqEgVhk8BiHXsjBU8uFwoyq3KgitZXrGZQXVsPmqhbiqVUflkMp2%2F2JSeO6IRSP7A0ba%2FGhiKAsKwWTDAXF1EGmLwdE9lx17QnJonMf5pLLNu0%2B"}],"group":"cf-nel","max_age":604800}', 'NEL': '{"success_fraction":0,"report_to":"cf-nel","max_age":604800}', 'Server': 'cloudflare', 'CF-RAY': '86b6da560ea367bf-SJC', 'alt-svc': 'h3=":443"; ma=86400'} 
 body={"results":[{"gender":"male","name":{"title":"Mr","first":"Girish","last":"Padmanabha"},"location":{"street":{"number":4055,"name":"Sao Tome Old Quarter"},"city":"Mira-Bhayandar","state":"Goa","country":"India","postcode":15046,"coordinates":{"latitude":"10.7941","longitude":"-68.8267"},"timezone":{"offset":"+1:00","description":"Brussels, Copenhagen, Madrid, Paris"}},"email":"girish.padmanabha@example.com","login":{"uuid":"6a76d940-6449-44b2-bf25-795a8dce81f9","username":"bluegoose547","password":"verbatim","salt":"ysqLrRjp","md5":"24899267e1bc44b6b0126ba4df38a908","sha1":"def85d176fd1f2efb9ccbd70ff8bba581b19bcb3","sha256":"400735702c1918e22c0e08067bcad3c690649f0287d63973a68ae547dbb1c83b"},"dob":{"date":"1976-12-26T23:07:29.019Z","age":47},"registered":{"date":"2009-03-13T08:41:35.656Z","age":15},"phone":"8879509670","cell":"8895589610","id":{"name":"UIDAI","value":"411054990658"},"picture":{"large":"https://randomuser.me/api/portraits/men/67.jpg","medium":"https://randomuser.me/api/portraits/med/men/67.jpg","thumbnail":"https://randomuser.me/api/portraits/thumb/men/67.jpg"},"nat":"IN"}],"info":{"seed":"089c13a5f5d40c61","results":1,"page":1,"version":"1.4"}} 
 </msg>
<msg time="2024-03-28T10:14:22.486939" level="INFO">/opt/hostedtoolcache/Python/3.12.2/x64/lib/python3.12/site-packages/urllib3/connectionpool.py:1103: InsecureRequestWarning: Unverified HTTPS request is being made to host 'randomuser.me'. Adding certificate verification is strongly advised. See: https://urllib3.readthedocs.io/en/latest/advanced-usage.html#tls-warnings
  warnings.warn(</msg>
<msg time="2024-03-28T10:14:22.487059" level="INFO">${response} = &lt;Response [200]&gt;</msg>
<var>${response}</var>
<arg>consultarAPI</arg>
<arg>/api</arg>
<doc>Sends a GET request on a previously created HTTP Session.</doc>
<status status="PASS" start="2024-03-28T10:14:22.397412" elapsed="0.089697"/>
</kw>
<kw name="Set Variable" owner="BuiltIn">
<msg time="2024-03-28T10:14:22.488261" level="INFO">${json_data} = {'results': [{'gender': 'male', 'name': {'title': 'Mr', 'first': 'Girish', 'last': 'Padmanabha'}, 'location': {'street': {'number': 4055, 'name': 'Sao Tome Old Quarter'}, 'city': 'Mira-Bhayandar', 'st...</msg>
<var>${json_data}</var>
<arg>${response.json()}</arg>
<doc>Returns the given values which can then be assigned to a variables.</doc>
<status status="PASS" start="2024-03-28T10:14:22.487706" elapsed="0.000582"/>
</kw>
<kw name="Set Variable" owner="BuiltIn">
<msg time="2024-03-28T10:14:22.488978" level="INFO">${name_title} = Mr</msg>
<var>${name_title}</var>
<arg>${json_data["results"][0]["name"]["title"]}</arg>
<doc>Returns the given values which can then be assigned to a variables.</doc>
<status status="PASS" start="2024-03-28T10:14:22.488593" elapsed="0.000410"/>
</kw>
<kw name="Create List" owner="BuiltIn">
<msg time="2024-03-28T10:14:22.489455" level="INFO">${allowed_titles} = ['Mr', 'Ms', 'Miss', 'Mrs', 'Madame', 'Monsieur']</msg>
<var>${allowed_titles}</var>
<arg>Mr</arg>
<arg>Ms</arg>
<arg>Miss</arg>
<arg>Mrs</arg>
<arg>Madame</arg>
<arg>Monsieur</arg>
<doc>Returns a list containing given items.</doc>
<status status="PASS" start="2024-03-28T10:14:22.489307" elapsed="0.000172"/>
</kw>
<kw name="List Should Contain Value" owner="Collections">
<msg time="2024-03-28T10:14:22.489961" level="INFO">False</msg>
<arg>${allowed_titles}</arg>
<arg>${name_title}</arg>
<doc>Fails if the ``value`` is not found from ``list``.</doc>
<status status="PASS" start="2024-03-28T10:14:22.489788" elapsed="0.000209"/>
</kw>
<kw name="Set Variable" owner="BuiltIn">
<msg time="2024-03-28T10:14:22.490662" level="INFO">${name_country} = IN</msg>
<var>${name_country}</var>
<arg>${json_data["results"][0]["nat"]}</arg>
<doc>Returns the given values which can then be assigned to a variables.</doc>
<status status="PASS" start="2024-03-28T10:14:22.490287" elapsed="0.000399"/>
</kw>
<kw name="Create List" owner="BuiltIn">
<msg time="2024-03-28T10:14:22.491635" level="INFO">${list_country} = ['AD', 'AE', 'AF', 'AG', 'AI', 'AL', 'AM', 'AO', 'AQ', 'AR', 'AS', 'AT', 'AU', 'AW', 'AX', 'AZ', 'BA', 'BB', 'BD', 'BE', 'BF', 'BG', 'BH', 'BI', 'BJ', 'BL', 'BM', 'BN', 'BO', 'BQ', 'BR', 'BS', 'BT', '...</msg>
<var>${list_country}</var>
<arg>AD</arg>
<arg>AE</arg>
<arg>AF</arg>
<arg>AG</arg>
<arg>AI</arg>
<arg>AL</arg>
<arg>AM</arg>
<arg>AO</arg>
<arg>AQ</arg>
<arg>AR</arg>
<arg>AS</arg>
<arg>AT</arg>
<arg>AU</arg>
<arg>AW</arg>
<arg>AX</arg>
<arg>AZ</arg>
<arg>BA</arg>
<arg>BB</arg>
<arg>BD</arg>
<arg>BE</arg>
<arg>BF</arg>
<arg>BG</arg>
<arg>BH</arg>
<arg>BI</arg>
<arg>BJ</arg>
<arg>BL</arg>
<arg>BM</arg>
<arg>BN</arg>
<arg>BO</arg>
<arg>BQ</arg>
<arg>BR</arg>
<arg>BS</arg>
<arg>BT</arg>
<arg>BV</arg>
<arg>BW</arg>
<arg>BY</arg>
<arg>BZ</arg>
<arg>CA</arg>
<arg>CC</arg>
<arg>CD</arg>
<arg>CF</arg>
<arg>CG</arg>
<arg>CH</arg>
<arg>CI</arg>
<arg>CK</arg>
<arg>CL</arg>
<arg>CM</arg>
<arg>CN</arg>
<arg>CO</arg>
<arg>CR</arg>
<arg>CU</arg>
<arg>CV</arg>
<arg>CW</arg>
<arg>CX</arg>
<arg>CY</arg>
<arg>CZ</arg>
<arg>DE</arg>
<arg>DJ</arg>
<arg>DK</arg>
<arg>DM</arg>
<arg>DO</arg>
<arg>DZ</arg>
<arg>EC</arg>
<arg>EE</arg>
<arg>EG</arg>
<arg>EH</arg>
<arg>ER</arg>
<arg>ES</arg>
<arg>ET</arg>
<arg>FI</arg>
<arg>FJ</arg>
<arg>FK</arg>
<arg>FM</arg>
<arg>FO</arg>
<arg>FR</arg>
<arg>GA</arg>
<arg>GB</arg>
<arg>GD</arg>
<arg>GE</arg>
<arg>GF</arg>
<arg>GG</arg>
<arg>GH</arg>
<arg>GI</arg>
<arg>GL</arg>
<arg>GM</arg>
<arg>GN</arg>
<arg>GP</arg>
<arg>GQ</arg>
<arg>GR</arg>
<arg>GS</arg>
<arg>GT</arg>
<arg>GU</arg>
<arg>GW</arg>
<arg>GY</arg>
<arg>HK</arg>
<arg>HM</arg>
<arg>HN</arg>
<arg>HR</arg>
<arg>HT</arg>
<arg>HU</arg>
<arg>ID</arg>
<arg>IE</arg>
<arg>IL</arg>
<arg>IM</arg>
<arg>IN</arg>
<arg>IO</arg>
<arg>IQ</arg>
<arg>IR</arg>
<arg>IS</arg>
<arg>IT</arg>
<arg>JE</arg>
<arg>JM</arg>
<arg>JO</arg>
<arg>JP</arg>
<arg>KE</arg>
<arg>KG</arg>
<arg>KH</arg>
<arg>KI</arg>
<arg>KM</arg>
<arg>KN</arg>
<arg>KP</arg>
<arg>KR</arg>
<arg>KW</arg>
<arg>KY</arg>
<arg>KZ</arg>
<arg>LA</arg>
<arg>LB</arg>
<arg>LC</arg>
<arg>LI</arg>
<arg>LK</arg>
<arg>LR</arg>
<arg>LS</arg>
<arg>LT</arg>
<arg>LU</arg>
<arg>LV</arg>
<arg>LY</arg>
<arg>MA</arg>
<arg>MC</arg>
<arg>MD</arg>
<arg>ME</arg>
<arg>MF</arg>
<arg>MG</arg>
<arg>MH</arg>
<arg>MK</arg>
<arg>ML</arg>
<arg>MM</arg>
<arg>MN</arg>
<arg>MO</arg>
<arg>MP</arg>
<arg>MQ</arg>
<arg>MR</arg>
<arg>MS</arg>
<arg>MT</arg>
<arg>MU</arg>
<arg>MV</arg>
<arg>MW</arg>
<arg>MX</arg>
<arg>MY</arg>
<arg>MZ</arg>
<arg>NA</arg>
<arg>NC</arg>
<arg>NE</arg>
<arg>NF</arg>
<arg>NG</arg>
<arg>NI</arg>
<arg>NL</arg>
<arg>NO</arg>
<arg>NP</arg>
<arg>NR</arg>
<arg>NU</arg>
<arg>NZ</arg>
<arg>OM</arg>
<arg>PA</arg>
<arg>PE</arg>
<arg>PF</arg>
<arg>PG</arg>
<arg>PH</arg>
<arg>PK</arg>
<arg>PL</arg>
<arg>PM</arg>
<arg>PN</arg>
<arg>PR</arg>
<arg>PS</arg>
<arg>PT</arg>
<arg>PW</arg>
<arg>PY</arg>
<arg>QA</arg>
<arg>RE</arg>
<arg>RO</arg>
<arg>RS</arg>
<arg>RU</arg>
<arg>RW</arg>
<arg>SA</arg>
<arg>SB</arg>
<arg>SC</arg>
<arg>SD</arg>
<arg>SE</arg>
<arg>SG</arg>
<arg>SH</arg>
<arg>SI</arg>
<arg>SJ</arg>
<arg>SK</arg>
<arg>SL</arg>
<arg>SM</arg>
<arg>SN</arg>
<arg>SO</arg>
<arg>SR</arg>
<arg>SS</arg>
<arg>ST</arg>
<arg>SV</arg>
<arg>SX</arg>
<arg>SY</arg>
<arg>SZ</arg>
<arg>TC</arg>
<arg>TD</arg>
<arg>TF</arg>
<arg>TG</arg>
<arg>TH</arg>
<arg>TJ</arg>
<arg>TK</arg>
<arg>TL</arg>
<arg>TM</arg>
<arg>TN</arg>
<arg>TO</arg>
<arg>TR</arg>
<arg>TT</arg>
<arg>TV</arg>
<arg>TW</arg>
<arg>TZ</arg>
<arg>UA</arg>
<arg>UG</arg>
<arg>UM</arg>
<arg>US</arg>
<arg>UY</arg>
<arg>UZ</arg>
<arg>VA</arg>
<arg>VC</arg>
<arg>VE</arg>
<arg>VG</arg>
<arg>VI</arg>
<arg>VN</arg>
<arg>VU</arg>
<arg>WF</arg>
<arg>WS</arg>
<arg>XK</arg>
<arg>YE</arg>
<arg>YT</arg>
<arg>ZA</arg>
<arg>ZM</arg>
<arg>ZW</arg>
<doc>Returns a list containing given items.</doc>
<status status="PASS" start="2024-03-28T10:14:22.490991" elapsed="0.000671"/>
</kw>
<kw name="List Should Contain Value" owner="Collections">
<msg time="2024-03-28T10:14:22.492786" level="INFO">False</msg>
<arg>${list_country}</arg>
<arg>${name_country}</arg>
<doc>Fails if the ``value`` is not found from ``list``.</doc>
<status status="PASS" start="2024-03-28T10:14:22.492581" elapsed="0.000241"/>
</kw>
<kw name="Run Keyword If" owner="BuiltIn">
<kw name="Should Be True" owner="BuiltIn">
<arg>${True}</arg>
<doc>Fails if the given condition is not true.</doc>
<status status="PASS" start="2024-03-28T10:14:22.493903" elapsed="0.000147"/>
</kw>
<arg>${json_data["results"][0]["location"]["coordinates"]["latitude"]} &gt;= -90 and ${json_data["results"][0]["location"]["coordinates"]["latitude"]} &lt;= 90</arg>
<arg>Should Be True</arg>
<arg>${True}</arg>
<doc>Runs the given keyword with the given arguments, if ``condition`` is true.</doc>
<status status="PASS" start="2024-03-28T10:14:22.493133" elapsed="0.001046"/>
</kw>
<kw name="Run Keyword If" owner="BuiltIn">
<kw name="Should Be True" owner="BuiltIn">
<arg>${True}</arg>
<doc>Fails if the given condition is not true.</doc>
<status status="PASS" start="2024-03-28T10:14:22.495058" elapsed="0.000138"/>
</kw>
<arg>${json_data["results"][0]["location"]["coordinates"]["longitude"]} &gt;= -180 and ${json_data["results"][0]["location"]["coordinates"]["longitude"]} &lt;= 180</arg>
<arg>Should Be True</arg>
<arg>${True}</arg>
<doc>Runs the given keyword with the given arguments, if ``condition`` is true.</doc>
<status status="PASS" start="2024-03-28T10:14:22.494365" elapsed="0.000957"/>
</kw>
<status status="PASS" start="2024-03-28T10:14:22.397179" elapsed="0.098274"/>
</kw>
<doc>Testa o conteúdo específico dos campos retornados pela API.</doc>
<tag>testeConteudo</tag>
<status status="PASS" start="2024-03-28T10:14:22.396632" elapsed="0.099022"/>
</test>
<status status="PASS" start="2024-03-28T10:14:21.343050" elapsed="1.154549"/>
</suite>
<status status="PASS" start="2024-03-28T10:14:21.329280" elapsed="1.173692"/>
</suite>
<statistics>
<total>
<stat pass="5" fail="0" skip="0">All Tests</stat>
</total>
<tag>
<stat pass="1" fail="0" skip="0">testeConteudo</stat>
<stat pass="1" fail="0" skip="0">testeEstruturaResposta</stat>
<stat pass="1" fail="0" skip="0">testeRequisicaoBasica</stat>
<stat pass="1" fail="0" skip="0">testeTiposDados</stat>
</tag>
<suite>
<stat pass="5" fail="0" skip="0" id="s1" name="Tests">Tests</stat>
<stat pass="5" fail="0" skip="0" id="s1-s1" name="Random-User-Test">Tests.Random-User-Test</stat>
</suite>
</statistics>
<errors>
</errors>
</robot>
