<?xml version="1.0" encoding="UTF-8"?>
<robot generator="Robot 7.0 (Python 3.12.2 on linux)" generated="2024-04-07T14:12:32.849368" rpa="false" schemaversion="5">
<suite id="s1" name="Tests" source="/home/runner/work/DesafioQAItauRogerioJordao/DesafioQAItauRogerioJordao/RamdonUser/tests">
<suite id="s1-s1" name="Random-User-Test" source="/home/runner/work/DesafioQAItauRogerioJordao/DesafioQAItauRogerioJordao/RamdonUser/tests/random-user-test.robot">
<test id="s1-s1-t1" name="Conectar" line="13">
<kw name="Conectar API" owner="random-user-service">
<kw name="Create Session" owner="RequestsLibrary">
<msg time="2024-04-07T14:12:33.240234" level="INFO">Creating Session using : alias=consultarAPI, url=https://randomuser.me/, headers={},                     cookies={}, auth=None, timeout=None, proxies=None, verify=False,                     debug=0 </msg>
<arg>consultarAPI</arg>
<arg>${URL}</arg>
<doc>Create Session: create a HTTP session to a server</doc>
<status status="PASS" start="2024-04-07T14:12:33.240012" elapsed="0.000415"/>
</kw>
<status status="PASS" start="2024-04-07T14:12:33.238894" elapsed="0.001939"/>
</kw>
<status status="PASS" start="2024-04-07T14:12:33.238296" elapsed="0.002755"/>
</test>
<test id="s1-s1-t2" name="Validar retorno 200 e JSON Válido" line="16">
<kw name="Teste de Requisicao Basica" owner="random-user-service">
<kw name="GET On Session" owner="RequestsLibrary">
<msg time="2024-04-07T14:12:33.407812" level="INFO">GET Request : url=https://randomuser.me/api 
 path_url=/api 
 headers={'User-Agent': 'python-requests/2.31.0', 'Accept-Encoding': 'gzip, deflate', 'Accept': '*/*', 'Connection': 'keep-alive'} 
 body=None 
 </msg>
<msg time="2024-04-07T14:12:33.407991" level="INFO">GET Response : url=https://randomuser.me/api 
 status=200, reason=OK 
 headers={'Date': 'Sun, 07 Apr 2024 14:12:33 GMT', 'Content-Type': 'application/json; charset=utf-8', 'Transfer-Encoding': 'chunked', 'Connection': 'keep-alive', 'X-Powered-By': 'Express', 'Access-Control-Allow-Origin': '*', 'Cache-Control': 'no-cache', 'ETag': 'W/"4a5-jRQMfvyTUhvvLWUPJENcSg18ft0"', 'Vary': 'Accept-Encoding', 'Content-Encoding': 'gzip', 'CF-Cache-Status': 'DYNAMIC', 'Report-To': '{"endpoints":[{"url":"https:\\/\\/a.nel.cloudflare.com\\/report\\/v4?s=IIXebbgTeZvWrI19JE5yJKs8R9wx3FoUYSqsVnTgbuduyMxEw8EMveB1IPflMpeuirGTmtMT7H4R0WW9WfZ%2FI%2FqpzlsGpI%2BHQ1ba77KgJUGfPcgbiCI8GwnU27GHVbqc"}],"group":"cf-nel","max_age":604800}', 'NEL': '{"success_fraction":0,"report_to":"cf-nel","max_age":604800}', 'Server': 'cloudflare', 'CF-RAY': '870a9cfc2bc20feb-LAX', 'alt-svc': 'h3=":443"; ma=86400'} 
 body={"results":[{"gender":"male","name":{"title":"Monsieur","first":"Gion","last":"Fournier"},"location":{"street":{"number":3176,"name":"Rue des Ecrivains"},"city":"Ballaigues","state":"Basel-Stadt","country":"Switzerland","postcode":4957,"coordinates":{"latitude":"-63.4498","longitude":"-104.8746"},"timezone":{"offset":"+4:00","description":"Abu Dhabi, Muscat, Baku, Tbilisi"}},"email":"gion.fournier@example.com","login":{"uuid":"5595b031-a649-4152-beb8-3a657b2fabfa","username":"sadleopard281","password":"thunder","salt":"PBrKfuiR","md5":"b8121c77f0d4c6eb8d1a7308e260055a","sha1":"52baeae0d6e923a21bc40386b3eff58de73486f0","sha256":"72c0b8ab266b6aa7239f80d1e5f10f1689b57b9529a5ad021700c59b54c9c71b"},"dob":{"date":"1980-03-05T03:52:34.219Z","age":44},"registered":{"date":"2009-12-17T11:12:34.580Z","age":14},"phone":"078 196 79 66","cell":"078 444 22 56","id":{"name":"AVS","value":"756.4933.6001.64"},"picture":{"large":"https://randomuser.me/api/portraits/men/37.jpg","medium":"https://randomuser.me/api/portraits/med/men/37.jpg","thumbnail":"https://randomuser.me/api/portraits/thumb/men/37.jpg"},"nat":"CH"}],"info":{"seed":"28daec45721967f4","results":1,"page":1,"version":"1.4"}} 
 </msg>
<msg time="2024-04-07T14:12:33.408126" level="INFO">/opt/hostedtoolcache/Python/3.12.2/x64/lib/python3.12/site-packages/urllib3/connectionpool.py:1103: InsecureRequestWarning: Unverified HTTPS request is being made to host 'randomuser.me'. Adding certificate verification is strongly advised. See: https://urllib3.readthedocs.io/en/latest/advanced-usage.html#tls-warnings
  warnings.warn(</msg>
<msg time="2024-04-07T14:12:33.408297" level="INFO">${response} = &lt;Response [200]&gt;</msg>
<var>${response}</var>
<arg>consultarAPI</arg>
<arg>/api</arg>
<doc>Sends a GET request on a previously created HTTP Session.</doc>
<status status="PASS" start="2024-04-07T14:12:33.243817" elapsed="0.164527"/>
</kw>
<kw name="Should Be Equal As Numbers" owner="BuiltIn">
<msg time="2024-04-07T14:12:33.409729" level="INFO">Argument types are:
&lt;class 'int'&gt;
&lt;class 'str'&gt;</msg>
<arg>${response.status_code}</arg>
<arg>200</arg>
<doc>Fails if objects are unequal after converting them to real numbers.</doc>
<status status="PASS" start="2024-04-07T14:12:33.409133" elapsed="0.000679"/>
</kw>
<kw name="Log" owner="BuiltIn">
<msg time="2024-04-07T14:12:33.410655" level="INFO">200</msg>
<arg>${response.status_code}</arg>
<doc>Logs the given message with the given level.</doc>
<status status="PASS" start="2024-04-07T14:12:33.410240" elapsed="0.000463"/>
</kw>
<kw name="Set Variable" owner="BuiltIn">
<msg time="2024-04-07T14:12:33.411563" level="INFO">${json_data} = {'results': [{'gender': 'male', 'name': {'title': 'Monsieur', 'first': 'Gion', 'last': 'Fournier'}, 'location': {'street': {'number': 3176, 'name': 'Rue des Ecrivains'}, 'city': 'Ballaigues', 'state':...</msg>
<var>${json_data}</var>
<arg>${response.json()}</arg>
<doc>Returns the given values which can then be assigned to a variables.</doc>
<status status="PASS" start="2024-04-07T14:12:33.411089" elapsed="0.000504"/>
</kw>
<kw name="Dictionary Should Contain Key" owner="Collections">
<msg time="2024-04-07T14:12:33.412106" level="INFO">False</msg>
<arg>${json_data}</arg>
<arg>results</arg>
<doc>Fails if ``key`` is not found from ``dictionary``.</doc>
<status status="PASS" start="2024-04-07T14:12:33.411919" elapsed="0.000229"/>
</kw>
<status status="PASS" start="2024-04-07T14:12:33.243527" elapsed="0.168891"/>
</kw>
<doc>Testa se a API responde corretamente e retorna um objeto JSON válido.</doc>
<tag>testeRequisicaoBasica</tag>
<status status="PASS" start="2024-04-07T14:12:33.243034" elapsed="0.169596"/>
</test>
<test id="s1-s1-t3" name="Validar estrutura de resposta" line="22">
<kw name="Teste de Estrutura de Resposta" owner="random-user-service">
<kw name="GET On Session" owner="RequestsLibrary">
<msg time="2024-04-07T14:12:33.522984" level="INFO">GET Request : url=https://randomuser.me/api 
 path_url=/api 
 headers={'User-Agent': 'python-requests/2.31.0', 'Accept-Encoding': 'gzip, deflate', 'Accept': '*/*', 'Connection': 'keep-alive'} 
 body=None 
 </msg>
<msg time="2024-04-07T14:12:33.523091" level="INFO">GET Response : url=https://randomuser.me/api 
 status=200, reason=OK 
 headers={'Date': 'Sun, 07 Apr 2024 14:12:33 GMT', 'Content-Type': 'application/json; charset=utf-8', 'Transfer-Encoding': 'chunked', 'Connection': 'keep-alive', 'X-Powered-By': 'Express', 'Access-Control-Allow-Origin': '*', 'Cache-Control': 'no-cache', 'ETag': 'W/"477-fmK0kB06bgFVY6bYSGd/ZSnq9QQ"', 'Vary': 'Accept-Encoding', 'Content-Encoding': 'gzip', 'CF-Cache-Status': 'DYNAMIC', 'Report-To': '{"endpoints":[{"url":"https:\\/\\/a.nel.cloudflare.com\\/report\\/v4?s=bMMH8NtDOUdwX2arnv98qwyYKccwmboGVCsOSXQpmg4ryBSmGpoeRecQMTe%2F6EuXWv%2FU4Lv0VyPQPCSb2BsrDxAZihzFEX7frGnvcrWPe3aXln3ofd%2FPUmKkj2QB0kcc"}],"group":"cf-nel","max_age":604800}', 'NEL': '{"success_fraction":0,"report_to":"cf-nel","max_age":604800}', 'Server': 'cloudflare', 'CF-RAY': '870a9cfcdc580feb-LAX', 'alt-svc': 'h3=":443"; ma=86400'} 
 body={"results":[{"gender":"female","name":{"title":"Mrs","first":"Hanna","last":"Brewer"},"location":{"street":{"number":7158,"name":"Strand Road"},"city":"Carrick-on-Shannon","state":"Kerry","country":"Ireland","postcode":72870,"coordinates":{"latitude":"0.7623","longitude":"52.9481"},"timezone":{"offset":"+3:30","description":"Tehran"}},"email":"hanna.brewer@example.com","login":{"uuid":"6179bc26-b721-4eaa-b6f2-5dfe74b38024","username":"blackgoose866","password":"welcome1","salt":"Cle6OP0A","md5":"825e000c0397756911f58fae4eb91058","sha1":"8c839445b59949a2d63c10b25a0eac71fabfac03","sha256":"9d56ced1804e218843942b6542c44e8b78ca960def661d57fb3d02e0b5898ee1"},"dob":{"date":"2000-02-29T05:03:18.947Z","age":24},"registered":{"date":"2020-11-03T15:35:41.756Z","age":3},"phone":"031-725-0132","cell":"081-345-5648","id":{"name":"PPS","value":"7850254T"},"picture":{"large":"https://randomuser.me/api/portraits/women/43.jpg","medium":"https://randomuser.me/api/portraits/med/women/43.jpg","thumbnail":"https://randomuser.me/api/portraits/thumb/women/43.jpg"},"nat":"IE"}],"info":{"seed":"1e1f137f5b8a0fa3","results":1,"page":1,"version":"1.4"}} 
 </msg>
<msg time="2024-04-07T14:12:33.523249" level="INFO">/opt/hostedtoolcache/Python/3.12.2/x64/lib/python3.12/site-packages/urllib3/connectionpool.py:1103: InsecureRequestWarning: Unverified HTTPS request is being made to host 'randomuser.me'. Adding certificate verification is strongly advised. See: https://urllib3.readthedocs.io/en/latest/advanced-usage.html#tls-warnings
  warnings.warn(</msg>
<msg time="2024-04-07T14:12:33.523396" level="INFO">${response} = &lt;Response [200]&gt;</msg>
<var>${response}</var>
<arg>consultarAPI</arg>
<arg>/api</arg>
<doc>Sends a GET request on a previously created HTTP Session.</doc>
<status status="PASS" start="2024-04-07T14:12:33.415673" elapsed="0.107766"/>
</kw>
<kw name="Set Variable" owner="BuiltIn">
<msg time="2024-04-07T14:12:33.524749" level="INFO">${json_data} = {'results': [{'gender': 'female', 'name': {'title': 'Mrs', 'first': 'Hanna', 'last': 'Brewer'}, 'location': {'street': {'number': 7158, 'name': 'Strand Road'}, 'city': 'Carrick-on-Shannon', 'state': '...</msg>
<var>${json_data}</var>
<arg>${response.json()}</arg>
<doc>Returns the given values which can then be assigned to a variables.</doc>
<status status="PASS" start="2024-04-07T14:12:33.524136" elapsed="0.000644"/>
</kw>
<kw name="Log" owner="BuiltIn">
<msg time="2024-04-07T14:12:33.525410" level="INFO">{'results': [{'gender': 'female', 'name': {'title': 'Mrs', 'first': 'Hanna', 'last': 'Brewer'}, 'location': {'street': {'number': 7158, 'name': 'Strand Road'}, 'city': 'Carrick-on-Shannon', 'state': 'Kerry', 'country': 'Ireland', 'postcode': 72870, 'coordinates': {'latitude': '0.7623', 'longitude': '52.9481'}, 'timezone': {'offset': '+3:30', 'description': 'Tehran'}}, 'email': 'hanna.brewer@example.com', 'login': {'uuid': '6179bc26-b721-4eaa-b6f2-5dfe74b38024', 'username': 'blackgoose866', 'password': 'welcome1', 'salt': 'Cle6OP0A', 'md5': '825e000c0397756911f58fae4eb91058', 'sha1': '8c839445b59949a2d63c10b25a0eac71fabfac03', 'sha256': '9d56ced1804e218843942b6542c44e8b78ca960def661d57fb3d02e0b5898ee1'}, 'dob': {'date': '2000-02-29T05:03:18.947Z', 'age': 24}, 'registered': {'date': '2020-11-03T15:35:41.756Z', 'age': 3}, 'phone': '031-725-0132', 'cell': '081-345-5648', 'id': {'name': 'PPS', 'value': '7850254T'}, 'picture': {'large': 'https://randomuser.me/api/portraits/women/43.jpg', 'medium': 'https://randomuser.me/api/portraits/med/women/43.jpg', 'thumbnail': 'https://randomuser.me/api/portraits/thumb/women/43.jpg'}, 'nat': 'IE'}], 'info': {'seed': '1e1f137f5b8a0fa3', 'results': 1, 'page': 1, 'version': '1.4'}}</msg>
<arg>${json_data}</arg>
<doc>Logs the given message with the given level.</doc>
<status status="PASS" start="2024-04-07T14:12:33.525179" elapsed="0.000294"/>
</kw>
<kw name="Dictionary Should Contain Key" owner="Collections">
<msg time="2024-04-07T14:12:33.525988" level="INFO">False</msg>
<arg>${json_data}</arg>
<arg>results</arg>
<doc>Fails if ``key`` is not found from ``dictionary``.</doc>
<status status="PASS" start="2024-04-07T14:12:33.525812" elapsed="0.000215"/>
</kw>
<kw name="Should Not Be Empty" owner="BuiltIn">
<msg time="2024-04-07T14:12:33.526485" level="INFO">Length is 2.</msg>
<arg>${json_data}</arg>
<doc>Verifies that the given item is not empty.</doc>
<status status="PASS" start="2024-04-07T14:12:33.526347" elapsed="0.000179"/>
</kw>
<kw name="Create List" owner="BuiltIn">
<msg time="2024-04-07T14:12:33.526989" level="INFO">${expected_keys} = ['gender', 'name', 'location', 'email', 'login']</msg>
<var>${expected_keys}</var>
<arg>gender</arg>
<arg>name</arg>
<arg>location</arg>
<arg>email</arg>
<arg>login</arg>
<doc>Returns a list containing given items.</doc>
<status status="PASS" start="2024-04-07T14:12:33.526832" elapsed="0.000182"/>
</kw>
<for flavor="IN">
<iter>
<kw name="Dictionary Should Contain Key" owner="Collections">
<msg time="2024-04-07T14:12:33.528059" level="INFO">False</msg>
<arg>${json_data['results'][0]}</arg>
<arg>${key}</arg>
<doc>Fails if ``key`` is not found from ``dictionary``.</doc>
<status status="PASS" start="2024-04-07T14:12:33.527622" elapsed="0.000478"/>
</kw>
<kw name="Log" owner="BuiltIn">
<msg time="2024-04-07T14:12:33.528804" level="INFO">{'gender': 'female', 'name': {'title': 'Mrs', 'first': 'Hanna', 'last': 'Brewer'}, 'location': {'street': {'number': 7158, 'name': 'Strand Road'}, 'city': 'Carrick-on-Shannon', 'state': 'Kerry', 'country': 'Ireland', 'postcode': 72870, 'coordinates': {'latitude': '0.7623', 'longitude': '52.9481'}, 'timezone': {'offset': '+3:30', 'description': 'Tehran'}}, 'email': 'hanna.brewer@example.com', 'login': {'uuid': '6179bc26-b721-4eaa-b6f2-5dfe74b38024', 'username': 'blackgoose866', 'password': 'welcome1', 'salt': 'Cle6OP0A', 'md5': '825e000c0397756911f58fae4eb91058', 'sha1': '8c839445b59949a2d63c10b25a0eac71fabfac03', 'sha256': '9d56ced1804e218843942b6542c44e8b78ca960def661d57fb3d02e0b5898ee1'}, 'dob': {'date': '2000-02-29T05:03:18.947Z', 'age': 24}, 'registered': {'date': '2020-11-03T15:35:41.756Z', 'age': 3}, 'phone': '031-725-0132', 'cell': '081-345-5648', 'id': {'name': 'PPS', 'value': '7850254T'}, 'picture': {'large': 'https://randomuser.me/api/portraits/women/43.jpg', 'medium': 'https://randomuser.me/api/portraits/med/women/43.jpg', 'thumbnail': 'https://randomuser.me/api/portraits/thumb/women/43.jpg'}, 'nat': 'IE'}</msg>
<arg>${json_data['results'][0]}</arg>
<doc>Logs the given message with the given level.</doc>
<status status="PASS" start="2024-04-07T14:12:33.528424" elapsed="0.000431"/>
</kw>
<kw name="Log" owner="BuiltIn">
<msg time="2024-04-07T14:12:33.529297" level="INFO">gender</msg>
<arg>${key}</arg>
<doc>Logs the given message with the given level.</doc>
<status status="PASS" start="2024-04-07T14:12:33.529164" elapsed="0.000202"/>
</kw>
<var name="${key}">gender</var>
<status status="PASS" start="2024-04-07T14:12:33.527487" elapsed="0.002114"/>
</iter>
<iter>
<kw name="Dictionary Should Contain Key" owner="Collections">
<msg time="2024-04-07T14:12:33.530341" level="INFO">False</msg>
<arg>${json_data['results'][0]}</arg>
<arg>${key}</arg>
<doc>Fails if ``key`` is not found from ``dictionary``.</doc>
<status status="PASS" start="2024-04-07T14:12:33.529927" elapsed="0.000453"/>
</kw>
<kw name="Log" owner="BuiltIn">
<msg time="2024-04-07T14:12:33.531088" level="INFO">{'gender': 'female', 'name': {'title': 'Mrs', 'first': 'Hanna', 'last': 'Brewer'}, 'location': {'street': {'number': 7158, 'name': 'Strand Road'}, 'city': 'Carrick-on-Shannon', 'state': 'Kerry', 'country': 'Ireland', 'postcode': 72870, 'coordinates': {'latitude': '0.7623', 'longitude': '52.9481'}, 'timezone': {'offset': '+3:30', 'description': 'Tehran'}}, 'email': 'hanna.brewer@example.com', 'login': {'uuid': '6179bc26-b721-4eaa-b6f2-5dfe74b38024', 'username': 'blackgoose866', 'password': 'welcome1', 'salt': 'Cle6OP0A', 'md5': '825e000c0397756911f58fae4eb91058', 'sha1': '8c839445b59949a2d63c10b25a0eac71fabfac03', 'sha256': '9d56ced1804e218843942b6542c44e8b78ca960def661d57fb3d02e0b5898ee1'}, 'dob': {'date': '2000-02-29T05:03:18.947Z', 'age': 24}, 'registered': {'date': '2020-11-03T15:35:41.756Z', 'age': 3}, 'phone': '031-725-0132', 'cell': '081-345-5648', 'id': {'name': 'PPS', 'value': '7850254T'}, 'picture': {'large': 'https://randomuser.me/api/portraits/women/43.jpg', 'medium': 'https://randomuser.me/api/portraits/med/women/43.jpg', 'thumbnail': 'https://randomuser.me/api/portraits/thumb/women/43.jpg'}, 'nat': 'IE'}</msg>
<arg>${json_data['results'][0]}</arg>
<doc>Logs the given message with the given level.</doc>
<status status="PASS" start="2024-04-07T14:12:33.530720" elapsed="0.000416"/>
</kw>
<kw name="Log" owner="BuiltIn">
<msg time="2024-04-07T14:12:33.531572" level="INFO">name</msg>
<arg>${key}</arg>
<doc>Logs the given message with the given level.</doc>
<status status="PASS" start="2024-04-07T14:12:33.531440" elapsed="0.000170"/>
</kw>
<var name="${key}">name</var>
<status status="PASS" start="2024-04-07T14:12:33.529806" elapsed="0.002025"/>
</iter>
<iter>
<kw name="Dictionary Should Contain Key" owner="Collections">
<msg time="2024-04-07T14:12:33.532515" level="INFO">False</msg>
<arg>${json_data['results'][0]}</arg>
<arg>${key}</arg>
<doc>Fails if ``key`` is not found from ``dictionary``.</doc>
<status status="PASS" start="2024-04-07T14:12:33.532133" elapsed="0.000421"/>
</kw>
<kw name="Log" owner="BuiltIn">
<msg time="2024-04-07T14:12:33.533225" level="INFO">{'gender': 'female', 'name': {'title': 'Mrs', 'first': 'Hanna', 'last': 'Brewer'}, 'location': {'street': {'number': 7158, 'name': 'Strand Road'}, 'city': 'Carrick-on-Shannon', 'state': 'Kerry', 'country': 'Ireland', 'postcode': 72870, 'coordinates': {'latitude': '0.7623', 'longitude': '52.9481'}, 'timezone': {'offset': '+3:30', 'description': 'Tehran'}}, 'email': 'hanna.brewer@example.com', 'login': {'uuid': '6179bc26-b721-4eaa-b6f2-5dfe74b38024', 'username': 'blackgoose866', 'password': 'welcome1', 'salt': 'Cle6OP0A', 'md5': '825e000c0397756911f58fae4eb91058', 'sha1': '8c839445b59949a2d63c10b25a0eac71fabfac03', 'sha256': '9d56ced1804e218843942b6542c44e8b78ca960def661d57fb3d02e0b5898ee1'}, 'dob': {'date': '2000-02-29T05:03:18.947Z', 'age': 24}, 'registered': {'date': '2020-11-03T15:35:41.756Z', 'age': 3}, 'phone': '031-725-0132', 'cell': '081-345-5648', 'id': {'name': 'PPS', 'value': '7850254T'}, 'picture': {'large': 'https://randomuser.me/api/portraits/women/43.jpg', 'medium': 'https://randomuser.me/api/portraits/med/women/43.jpg', 'thumbnail': 'https://randomuser.me/api/portraits/thumb/women/43.jpg'}, 'nat': 'IE'}</msg>
<arg>${json_data['results'][0]}</arg>
<doc>Logs the given message with the given level.</doc>
<status status="PASS" start="2024-04-07T14:12:33.532859" elapsed="0.000419"/>
</kw>
<kw name="Log" owner="BuiltIn">
<msg time="2024-04-07T14:12:33.533748" level="INFO">location</msg>
<arg>${key}</arg>
<doc>Logs the given message with the given level.</doc>
<status status="PASS" start="2024-04-07T14:12:33.533619" elapsed="0.000167"/>
</kw>
<var name="${key}">location</var>
<status status="PASS" start="2024-04-07T14:12:33.532019" elapsed="0.001986"/>
</iter>
<iter>
<kw name="Dictionary Should Contain Key" owner="Collections">
<msg time="2024-04-07T14:12:33.534695" level="INFO">False</msg>
<arg>${json_data['results'][0]}</arg>
<arg>${key}</arg>
<doc>Fails if ``key`` is not found from ``dictionary``.</doc>
<status status="PASS" start="2024-04-07T14:12:33.534300" elapsed="0.000433"/>
</kw>
<kw name="Log" owner="BuiltIn">
<msg time="2024-04-07T14:12:33.535389" level="INFO">{'gender': 'female', 'name': {'title': 'Mrs', 'first': 'Hanna', 'last': 'Brewer'}, 'location': {'street': {'number': 7158, 'name': 'Strand Road'}, 'city': 'Carrick-on-Shannon', 'state': 'Kerry', 'country': 'Ireland', 'postcode': 72870, 'coordinates': {'latitude': '0.7623', 'longitude': '52.9481'}, 'timezone': {'offset': '+3:30', 'description': 'Tehran'}}, 'email': 'hanna.brewer@example.com', 'login': {'uuid': '6179bc26-b721-4eaa-b6f2-5dfe74b38024', 'username': 'blackgoose866', 'password': 'welcome1', 'salt': 'Cle6OP0A', 'md5': '825e000c0397756911f58fae4eb91058', 'sha1': '8c839445b59949a2d63c10b25a0eac71fabfac03', 'sha256': '9d56ced1804e218843942b6542c44e8b78ca960def661d57fb3d02e0b5898ee1'}, 'dob': {'date': '2000-02-29T05:03:18.947Z', 'age': 24}, 'registered': {'date': '2020-11-03T15:35:41.756Z', 'age': 3}, 'phone': '031-725-0132', 'cell': '081-345-5648', 'id': {'name': 'PPS', 'value': '7850254T'}, 'picture': {'large': 'https://randomuser.me/api/portraits/women/43.jpg', 'medium': 'https://randomuser.me/api/portraits/med/women/43.jpg', 'thumbnail': 'https://randomuser.me/api/portraits/thumb/women/43.jpg'}, 'nat': 'IE'}</msg>
<arg>${json_data['results'][0]}</arg>
<doc>Logs the given message with the given level.</doc>
<status status="PASS" start="2024-04-07T14:12:33.535033" elapsed="0.000403"/>
</kw>
<kw name="Log" owner="BuiltIn">
<msg time="2024-04-07T14:12:33.535862" level="INFO">email</msg>
<arg>${key}</arg>
<doc>Logs the given message with the given level.</doc>
<status status="PASS" start="2024-04-07T14:12:33.535734" elapsed="0.000167"/>
</kw>
<var name="${key}">email</var>
<status status="PASS" start="2024-04-07T14:12:33.534185" elapsed="0.001936"/>
</iter>
<iter>
<kw name="Dictionary Should Contain Key" owner="Collections">
<msg time="2024-04-07T14:12:33.536820" level="INFO">False</msg>
<arg>${json_data['results'][0]}</arg>
<arg>${key}</arg>
<doc>Fails if ``key`` is not found from ``dictionary``.</doc>
<status status="PASS" start="2024-04-07T14:12:33.536431" elapsed="0.000428"/>
</kw>
<kw name="Log" owner="BuiltIn">
<msg time="2024-04-07T14:12:33.537566" level="INFO">{'gender': 'female', 'name': {'title': 'Mrs', 'first': 'Hanna', 'last': 'Brewer'}, 'location': {'street': {'number': 7158, 'name': 'Strand Road'}, 'city': 'Carrick-on-Shannon', 'state': 'Kerry', 'country': 'Ireland', 'postcode': 72870, 'coordinates': {'latitude': '0.7623', 'longitude': '52.9481'}, 'timezone': {'offset': '+3:30', 'description': 'Tehran'}}, 'email': 'hanna.brewer@example.com', 'login': {'uuid': '6179bc26-b721-4eaa-b6f2-5dfe74b38024', 'username': 'blackgoose866', 'password': 'welcome1', 'salt': 'Cle6OP0A', 'md5': '825e000c0397756911f58fae4eb91058', 'sha1': '8c839445b59949a2d63c10b25a0eac71fabfac03', 'sha256': '9d56ced1804e218843942b6542c44e8b78ca960def661d57fb3d02e0b5898ee1'}, 'dob': {'date': '2000-02-29T05:03:18.947Z', 'age': 24}, 'registered': {'date': '2020-11-03T15:35:41.756Z', 'age': 3}, 'phone': '031-725-0132', 'cell': '081-345-5648', 'id': {'name': 'PPS', 'value': '7850254T'}, 'picture': {'large': 'https://randomuser.me/api/portraits/women/43.jpg', 'medium': 'https://randomuser.me/api/portraits/med/women/43.jpg', 'thumbnail': 'https://randomuser.me/api/portraits/thumb/women/43.jpg'}, 'nat': 'IE'}</msg>
<arg>${json_data['results'][0]}</arg>
<doc>Logs the given message with the given level.</doc>
<status status="PASS" start="2024-04-07T14:12:33.537154" elapsed="0.000461"/>
</kw>
<kw name="Log" owner="BuiltIn">
<msg time="2024-04-07T14:12:33.538047" level="INFO">login</msg>
<arg>${key}</arg>
<doc>Logs the given message with the given level.</doc>
<status status="PASS" start="2024-04-07T14:12:33.537917" elapsed="0.000284"/>
</kw>
<var name="${key}">login</var>
<status status="PASS" start="2024-04-07T14:12:33.536299" elapsed="0.002138"/>
</iter>
<var>${key}</var>
<value>@{expected_keys}</value>
<status status="PASS" start="2024-04-07T14:12:33.527282" elapsed="0.011282"/>
</for>
<kw name="Create List" owner="BuiltIn">
<msg time="2024-04-07T14:12:33.538946" level="INFO">${expected_keysTwo} = ['username', 'password']</msg>
<var>${expected_keysTwo}</var>
<arg>username</arg>
<arg>password</arg>
<doc>Returns a list containing given items.</doc>
<status status="PASS" start="2024-04-07T14:12:33.538802" elapsed="0.000168"/>
</kw>
<for flavor="IN">
<iter>
<kw name="Dictionary Should Contain Key" owner="Collections">
<msg time="2024-04-07T14:12:33.539875" level="INFO">False</msg>
<arg>${json_data['results'][0]['login']}</arg>
<arg>${keyTwo}</arg>
<doc>Fails if ``key`` is not found from ``dictionary``.</doc>
<status status="PASS" start="2024-04-07T14:12:33.539486" elapsed="0.000427"/>
</kw>
<kw name="Dictionary Should Contain Key" owner="Collections">
<msg time="2024-04-07T14:12:33.540602" level="INFO">False</msg>
<arg>${json_data['results'][0]['login']}</arg>
<arg>${keyTwo}</arg>
<doc>Fails if ``key`` is not found from ``dictionary``.</doc>
<status status="PASS" start="2024-04-07T14:12:33.540218" elapsed="0.000423"/>
</kw>
<kw name="Log" owner="BuiltIn">
<msg time="2024-04-07T14:12:33.541067" level="INFO">username</msg>
<arg>${keyTwo}</arg>
<doc>Logs the given message with the given level.</doc>
<status status="PASS" start="2024-04-07T14:12:33.540937" elapsed="0.000168"/>
</kw>
<var name="${keyTwo}">username</var>
<status status="PASS" start="2024-04-07T14:12:33.539374" elapsed="0.001985"/>
</iter>
<iter>
<kw name="Dictionary Should Contain Key" owner="Collections">
<msg time="2024-04-07T14:12:33.542046" level="INFO">False</msg>
<arg>${json_data['results'][0]['login']}</arg>
<arg>${keyTwo}</arg>
<doc>Fails if ``key`` is not found from ``dictionary``.</doc>
<status status="PASS" start="2024-04-07T14:12:33.541664" elapsed="0.000420"/>
</kw>
<kw name="Dictionary Should Contain Key" owner="Collections">
<msg time="2024-04-07T14:12:33.542763" level="INFO">False</msg>
<arg>${json_data['results'][0]['login']}</arg>
<arg>${keyTwo}</arg>
<doc>Fails if ``key`` is not found from ``dictionary``.</doc>
<status status="PASS" start="2024-04-07T14:12:33.542381" elapsed="0.000419"/>
</kw>
<kw name="Log" owner="BuiltIn">
<msg time="2024-04-07T14:12:33.543222" level="INFO">password</msg>
<arg>${keyTwo}</arg>
<doc>Logs the given message with the given level.</doc>
<status status="PASS" start="2024-04-07T14:12:33.543094" elapsed="0.000167"/>
</kw>
<var name="${keyTwo}">password</var>
<status status="PASS" start="2024-04-07T14:12:33.541551" elapsed="0.001928"/>
</iter>
<var>${keyTwo}</var>
<value>@{expected_keysTwo}</value>
<status status="PASS" start="2024-04-07T14:12:33.539214" elapsed="0.004388"/>
</for>
<status status="PASS" start="2024-04-07T14:12:33.415410" elapsed="0.128349"/>
</kw>
<doc>Testa a estrutura da resposta da API.</doc>
<tag>testeEstruturaResposta</tag>
<status status="PASS" start="2024-04-07T14:12:33.414558" elapsed="0.129371"/>
</test>
<test id="s1-s1-t4" name="Validar tipos de dados" line="28">
<kw name="Teste de Tipos de Dados" owner="random-user-service">
<kw name="GET On Session" owner="RequestsLibrary">
<msg time="2024-04-07T14:12:33.645826" level="INFO">GET Request : url=https://randomuser.me/api 
 path_url=/api 
 headers={'User-Agent': 'python-requests/2.31.0', 'Accept-Encoding': 'gzip, deflate', 'Accept': '*/*', 'Connection': 'keep-alive'} 
 body=None 
 </msg>
<msg time="2024-04-07T14:12:33.645949" level="INFO">GET Response : url=https://randomuser.me/api 
 status=200, reason=OK 
 headers={'Date': 'Sun, 07 Apr 2024 14:12:33 GMT', 'Content-Type': 'application/json; charset=utf-8', 'Transfer-Encoding': 'chunked', 'Connection': 'keep-alive', 'X-Powered-By': 'Express', 'Access-Control-Allow-Origin': '*', 'Cache-Control': 'no-cache', 'ETag': 'W/"4aa-ip31FzbuZ6kKr0bh0PegRun5HNA"', 'Vary': 'Accept-Encoding', 'Content-Encoding': 'gzip', 'CF-Cache-Status': 'DYNAMIC', 'Report-To': '{"endpoints":[{"url":"https:\\/\\/a.nel.cloudflare.com\\/report\\/v4?s=SFGd2N%2BKmP0sf6ngNiM0BrQY0Oe35DB2AgT3zH10EXR8yI0L%2BRlevIkiSib5UDrUSOtoIakAXSqr3S4OCfy6t1JEq3OQN%2BZX88TTZPT3OzHZyi6IMLBrhL%2FVY7nkYjYg"}],"group":"cf-nel","max_age":604800}', 'NEL': '{"success_fraction":0,"report_to":"cf-nel","max_age":604800}', 'Server': 'cloudflare', 'CF-RAY': '870a9cfdbd060feb-LAX', 'alt-svc': 'h3=":443"; ma=86400'} 
 body={"results":[{"gender":"female","name":{"title":"Miss","first":"Bharathy","last":"Pujari"},"location":{"street":{"number":5925,"name":"Bhavani Peth"},"city":"Nagercoil","state":"Dadra and Nagar Haveli","country":"India","postcode":62213,"coordinates":{"latitude":"8.3097","longitude":"174.2815"},"timezone":{"offset":"+3:00","description":"Baghdad, Riyadh, Moscow, St. Petersburg"}},"email":"bharathy.pujari@example.com","login":{"uuid":"2b4891a3-90fd-48b7-9cbd-933fa2c0f17a","username":"ticklishmouse323","password":"quebec","salt":"d02ISEtX","md5":"5d1a8af631e4e1c8bc1d8be38545d23e","sha1":"51d602919ec7e8f2c46defaf565d2321d9a429ed","sha256":"deaeea922fb27bfc4765dd5e7b406879e92f61922c20242190ec3811811e454f"},"dob":{"date":"1955-08-11T22:26:18.640Z","age":68},"registered":{"date":"2022-01-27T23:27:29.047Z","age":2},"phone":"7709046054","cell":"8356805423","id":{"name":"UIDAI","value":"139212261831"},"picture":{"large":"https://randomuser.me/api/portraits/women/62.jpg","medium":"https://randomuser.me/api/portraits/med/women/62.jpg","thumbnail":"https://randomuser.me/api/portraits/thumb/women/62.jpg"},"nat":"IN"}],"info":{"seed":"2e8b8cf01297706e","results":1,"page":1,"version":"1.4"}} 
 </msg>
<msg time="2024-04-07T14:12:33.646032" level="INFO">/opt/hostedtoolcache/Python/3.12.2/x64/lib/python3.12/site-packages/urllib3/connectionpool.py:1103: InsecureRequestWarning: Unverified HTTPS request is being made to host 'randomuser.me'. Adding certificate verification is strongly advised. See: https://urllib3.readthedocs.io/en/latest/advanced-usage.html#tls-warnings
  warnings.warn(</msg>
<msg time="2024-04-07T14:12:33.646181" level="INFO">${response} = &lt;Response [200]&gt;</msg>
<var>${response}</var>
<arg>consultarAPI</arg>
<arg>/api</arg>
<doc>Sends a GET request on a previously created HTTP Session.</doc>
<status status="PASS" start="2024-04-07T14:12:33.546610" elapsed="0.099623"/>
</kw>
<kw name="Set Variable" owner="BuiltIn">
<msg time="2024-04-07T14:12:33.647346" level="INFO">${json_data} = {'results': [{'gender': 'female', 'name': {'title': 'Miss', 'first': 'Bharathy', 'last': 'Pujari'}, 'location': {'street': {'number': 5925, 'name': 'Bhavani Peth'}, 'city': 'Nagercoil', 'state': 'Dadr...</msg>
<var>${json_data}</var>
<arg>${response.json()}</arg>
<doc>Returns the given values which can then be assigned to a variables.</doc>
<status status="PASS" start="2024-04-07T14:12:33.646796" elapsed="0.000580"/>
</kw>
<kw name="Log" owner="BuiltIn">
<msg time="2024-04-07T14:12:33.647862" level="INFO">{'results': [{'gender': 'female', 'name': {'title': 'Miss', 'first': 'Bharathy', 'last': 'Pujari'}, 'location': {'street': {'number': 5925, 'name': 'Bhavani Peth'}, 'city': 'Nagercoil', 'state': 'Dadra and Nagar Haveli', 'country': 'India', 'postcode': 62213, 'coordinates': {'latitude': '8.3097', 'longitude': '174.2815'}, 'timezone': {'offset': '+3:00', 'description': 'Baghdad, Riyadh, Moscow, St. Petersburg'}}, 'email': 'bharathy.pujari@example.com', 'login': {'uuid': '2b4891a3-90fd-48b7-9cbd-933fa2c0f17a', 'username': 'ticklishmouse323', 'password': 'quebec', 'salt': 'd02ISEtX', 'md5': '5d1a8af631e4e1c8bc1d8be38545d23e', 'sha1': '51d602919ec7e8f2c46defaf565d2321d9a429ed', 'sha256': 'deaeea922fb27bfc4765dd5e7b406879e92f61922c20242190ec3811811e454f'}, 'dob': {'date': '1955-08-11T22:26:18.640Z', 'age': 68}, 'registered': {'date': '2022-01-27T23:27:29.047Z', 'age': 2}, 'phone': '7709046054', 'cell': '8356805423', 'id': {'name': 'UIDAI', 'value': '139212261831'}, 'picture': {'large': 'https://randomuser.me/api/portraits/women/62.jpg', 'medium': 'https://randomuser.me/api/portraits/med/women/62.jpg', 'thumbnail': 'https://randomuser.me/api/portraits/thumb/women/62.jpg'}, 'nat': 'IN'}], 'info': {'seed': '2e8b8cf01297706e', 'results': 1, 'page': 1, 'version': '1.4'}}</msg>
<arg>${json_data}</arg>
<doc>Logs the given message with the given level.</doc>
<status status="PASS" start="2024-04-07T14:12:33.647697" elapsed="0.000252"/>
</kw>
<kw name="Should Be String" owner="String">
<arg>${json_data['results'][0]['gender']}</arg>
<doc>Fails if the given ``item`` is not a string.</doc>
<status status="PASS" start="2024-04-07T14:12:33.648259" elapsed="0.000392"/>
</kw>
<kw name="Should Match Regexp" owner="BuiltIn">
<arg>${json_data['results'][0]['email']}</arg>
<arg>^[a-zA-Z0-9._%+-]+@[a-zA-Z0-9.-]+\.[a-zA-Z]{2,}$</arg>
<doc>Fails if ``string`` does not match ``pattern`` as a regular expression.</doc>
<status status="PASS" start="2024-04-07T14:12:33.648852" elapsed="0.000563"/>
</kw>
<kw name="Should Match Regexp" owner="BuiltIn">
<arg>${json_data['results'][0]['dob']['date']}</arg>
<arg>\\d{4}-\\d{2}-\\d{2}T\\d{2}:\\d{2}:\\d{2}\\.\\d{3}Z</arg>
<doc>Fails if ``string`` does not match ``pattern`` as a regular expression.</doc>
<status status="PASS" start="2024-04-07T14:12:33.649631" elapsed="0.000501"/>
</kw>
<kw name="Should Match Regexp" owner="BuiltIn">
<arg>${json_data['results'][0]['registered']['date']}</arg>
<arg>\\d{4}-\\d{2}-\\d{2}T\\d{2}:\\d{2}:\\d{2}\\.\\d{3}Z</arg>
<doc>Fails if ``string`` does not match ``pattern`` as a regular expression.</doc>
<status status="PASS" start="2024-04-07T14:12:33.650328" elapsed="0.000375"/>
</kw>
<kw name="Should Match Regexp" owner="BuiltIn">
<arg>${json_data['results'][0]['picture']['large']}</arg>
<arg>^https?://.*\.(?:png|jpe?g|gif|bmp)$</arg>
<doc>Fails if ``string`` does not match ``pattern`` as a regular expression.</doc>
<status status="PASS" start="2024-04-07T14:12:33.650895" elapsed="0.000465"/>
</kw>
<kw name="Should Match Regexp" owner="BuiltIn">
<arg>${json_data['results'][0]['picture']['medium']}</arg>
<arg>^https?://.*\.(?:png|jpe?g|gif|bmp)$</arg>
<doc>Fails if ``string`` does not match ``pattern`` as a regular expression.</doc>
<status status="PASS" start="2024-04-07T14:12:33.651560" elapsed="0.000363"/>
</kw>
<kw name="Should Match Regexp" owner="BuiltIn">
<arg>${json_data['results'][0]['picture']['thumbnail']}</arg>
<arg>^https?://.*\.(?:png|jpe?g|gif|bmp)$</arg>
<doc>Fails if ``string`` does not match ``pattern`` as a regular expression.</doc>
<status status="PASS" start="2024-04-07T14:12:33.652112" elapsed="0.000364"/>
</kw>
<kw name="Log" owner="BuiltIn">
<msg time="2024-04-07T14:12:33.652982" level="INFO">{'large': 'https://randomuser.me/api/portraits/women/62.jpg', 'medium': 'https://randomuser.me/api/portraits/med/women/62.jpg', 'thumbnail': 'https://randomuser.me/api/portraits/thumb/women/62.jpg'}</msg>
<arg>${json_data['results'][0]['picture']}</arg>
<doc>Logs the given message with the given level.</doc>
<status status="PASS" start="2024-04-07T14:12:33.652660" elapsed="0.000365"/>
</kw>
<status status="PASS" start="2024-04-07T14:12:33.546370" elapsed="0.106918"/>
</kw>
<kw name="Teste de Tipos de Dados - Postcode" owner="random-user-service">
<kw name="GET On Session" owner="RequestsLibrary">
<msg time="2024-04-07T14:12:33.752121" level="INFO">GET Request : url=https://randomuser.me/api 
 path_url=/api 
 headers={'User-Agent': 'python-requests/2.31.0', 'Accept-Encoding': 'gzip, deflate', 'Accept': '*/*', 'Connection': 'keep-alive'} 
 body=None 
 </msg>
<msg time="2024-04-07T14:12:33.752242" level="INFO">GET Response : url=https://randomuser.me/api 
 status=200, reason=OK 
 headers={'Date': 'Sun, 07 Apr 2024 14:12:33 GMT', 'Content-Type': 'application/json; charset=utf-8', 'Transfer-Encoding': 'chunked', 'Connection': 'keep-alive', 'X-Powered-By': 'Express', 'Access-Control-Allow-Origin': '*', 'Cache-Control': 'no-cache', 'ETag': 'W/"489-mjMvkJgXqH2scCRRBuZ/ok9NLcU"', 'Vary': 'Accept-Encoding', 'Content-Encoding': 'gzip', 'CF-Cache-Status': 'DYNAMIC', 'Report-To': '{"endpoints":[{"url":"https:\\/\\/a.nel.cloudflare.com\\/report\\/v4?s=uNCJDKc8uk5sYos7v9yVkLeX4Muevi1Vtvjy45WPu%2FldpO8PdPk80zaO%2Bp5OjtoSbpScvgeGn0bMG%2BM4oJSVdjSFQFUT2bUxdMzNTSQbu8fgFZ0OJ9hKNaDXxEO6QpcQ"}],"group":"cf-nel","max_age":604800}', 'NEL': '{"success_fraction":0,"report_to":"cf-nel","max_age":604800}', 'Server': 'cloudflare', 'CF-RAY': '870a9cfe5dc50feb-LAX', 'alt-svc': 'h3=":443"; ma=86400'} 
 body={"results":[{"gender":"male","name":{"title":"Mr","first":"Christian","last":"Thompson"},"location":{"street":{"number":7981,"name":"Bollinger Rd"},"city":"Lakewood","state":"Ohio","country":"United States","postcode":38374,"coordinates":{"latitude":"86.6596","longitude":"-79.4946"},"timezone":{"offset":"+6:00","description":"Almaty, Dhaka, Colombo"}},"email":"christian.thompson@example.com","login":{"uuid":"2ecc07b5-fbb8-4a83-8bab-fe30cad766d8","username":"redpanda965","password":"powers","salt":"7USHNInI","md5":"c44358f514ef04dde55762712c1e15e2","sha1":"68a7feaf9f5ef6bea80799fe06f92b6000822707","sha256":"9f10e481733d6690deb23edbb50fc10c152a9432a56e5617689b74353b04af21"},"dob":{"date":"1995-06-22T18:23:21.048Z","age":28},"registered":{"date":"2006-05-01T12:15:08.272Z","age":17},"phone":"(868) 544-8570","cell":"(564) 625-8126","id":{"name":"SSN","value":"377-76-9933"},"picture":{"large":"https://randomuser.me/api/portraits/men/3.jpg","medium":"https://randomuser.me/api/portraits/med/men/3.jpg","thumbnail":"https://randomuser.me/api/portraits/thumb/men/3.jpg"},"nat":"US"}],"info":{"seed":"e8b377d68250f5dc","results":1,"page":1,"version":"1.4"}} 
 </msg>
<msg time="2024-04-07T14:12:33.752353" level="INFO">/opt/hostedtoolcache/Python/3.12.2/x64/lib/python3.12/site-packages/urllib3/connectionpool.py:1103: InsecureRequestWarning: Unverified HTTPS request is being made to host 'randomuser.me'. Adding certificate verification is strongly advised. See: https://urllib3.readthedocs.io/en/latest/advanced-usage.html#tls-warnings
  warnings.warn(</msg>
<msg time="2024-04-07T14:12:33.752500" level="INFO">${response} = &lt;Response [200]&gt;</msg>
<var>${response}</var>
<arg>consultarAPI</arg>
<arg>/api</arg>
<doc>Sends a GET request on a previously created HTTP Session.</doc>
<status status="PASS" start="2024-04-07T14:12:33.653983" elapsed="0.098551"/>
</kw>
<kw name="Set Variable" owner="BuiltIn">
<msg time="2024-04-07T14:12:33.753819" level="INFO">${json_data} = {'results': [{'gender': 'male', 'name': {'title': 'Mr', 'first': 'Christian', 'last': 'Thompson'}, 'location': {'street': {'number': 7981, 'name': 'Bollinger Rd'}, 'city': 'Lakewood', 'state': 'Ohio',...</msg>
<var>${json_data}</var>
<arg>${response.json()}</arg>
<doc>Returns the given values which can then be assigned to a variables.</doc>
<status status="PASS" start="2024-04-07T14:12:33.753178" elapsed="0.000673"/>
</kw>
<kw name="Log" owner="BuiltIn">
<msg time="2024-04-07T14:12:33.754496" level="INFO">{'results': [{'gender': 'male', 'name': {'title': 'Mr', 'first': 'Christian', 'last': 'Thompson'}, 'location': {'street': {'number': 7981, 'name': 'Bollinger Rd'}, 'city': 'Lakewood', 'state': 'Ohio', 'country': 'United States', 'postcode': 38374, 'coordinates': {'latitude': '86.6596', 'longitude': '-79.4946'}, 'timezone': {'offset': '+6:00', 'description': 'Almaty, Dhaka, Colombo'}}, 'email': 'christian.thompson@example.com', 'login': {'uuid': '2ecc07b5-fbb8-4a83-8bab-fe30cad766d8', 'username': 'redpanda965', 'password': 'powers', 'salt': '7USHNInI', 'md5': 'c44358f514ef04dde55762712c1e15e2', 'sha1': '68a7feaf9f5ef6bea80799fe06f92b6000822707', 'sha256': '9f10e481733d6690deb23edbb50fc10c152a9432a56e5617689b74353b04af21'}, 'dob': {'date': '1995-06-22T18:23:21.048Z', 'age': 28}, 'registered': {'date': '2006-05-01T12:15:08.272Z', 'age': 17}, 'phone': '(868) 544-8570', 'cell': '(564) 625-8126', 'id': {'name': 'SSN', 'value': '377-76-9933'}, 'picture': {'large': 'https://randomuser.me/api/portraits/men/3.jpg', 'medium': 'https://randomuser.me/api/portraits/med/men/3.jpg', 'thumbnail': 'https://randomuser.me/api/portraits/thumb/men/3.jpg'}, 'nat': 'US'}], 'info': {'seed': 'e8b377d68250f5dc', 'results': 1, 'page': 1, 'version': '1.4'}}</msg>
<arg>${json_data}</arg>
<doc>Logs the given message with the given level.</doc>
<status status="PASS" start="2024-04-07T14:12:33.754292" elapsed="0.000297"/>
</kw>
<kw name="Should Be Equal As Numbers" owner="BuiltIn">
<arg>${json_data['results'][0]['location']['postcode']}</arg>
<arg>${json_data['results'][0]['location']['postcode']}</arg>
<doc>Fails if objects are unequal after converting them to real numbers.</doc>
<status status="PASS" start="2024-04-07T14:12:33.754980" elapsed="0.000730"/>
</kw>
<kw name="Log" owner="BuiltIn">
<msg time="2024-04-07T14:12:33.756356" level="INFO">38374</msg>
<arg>${json_data['results'][0]['location']['postcode']}</arg>
<doc>Logs the given message with the given level.</doc>
<status status="PASS" start="2024-04-07T14:12:33.755952" elapsed="0.000459"/>
</kw>
<status status="PASS" start="2024-04-07T14:12:33.653572" elapsed="0.103199"/>
</kw>
<doc>Testa se os tipos de dados na resposta da API estão corretos.</doc>
<tag>testeTiposDados</tag>
<status status="PASS" start="2024-04-07T14:12:33.545764" elapsed="0.211222"/>
</test>
<test id="s1-s1-t5" name="Validar conteudo" line="35">
<kw name="Teste de Tipos de Conteudo" owner="random-user-service">
<kw name="GET On Session" owner="RequestsLibrary">
<msg time="2024-04-07T14:12:33.868764" level="INFO">GET Request : url=https://randomuser.me/api 
 path_url=/api 
 headers={'User-Agent': 'python-requests/2.31.0', 'Accept-Encoding': 'gzip, deflate', 'Accept': '*/*', 'Connection': 'keep-alive'} 
 body=None 
 </msg>
<msg time="2024-04-07T14:12:33.868874" level="INFO">GET Response : url=https://randomuser.me/api 
 status=200, reason=OK 
 headers={'Date': 'Sun, 07 Apr 2024 14:12:33 GMT', 'Content-Type': 'application/json; charset=utf-8', 'Transfer-Encoding': 'chunked', 'Connection': 'keep-alive', 'X-Powered-By': 'Express', 'Access-Control-Allow-Origin': '*', 'Cache-Control': 'no-cache', 'ETag': 'W/"4bc-BXho8l9kaD1U2AYFp1vJikM+/Ac"', 'Vary': 'Accept-Encoding', 'Content-Encoding': 'gzip', 'CF-Cache-Status': 'DYNAMIC', 'Report-To': '{"endpoints":[{"url":"https:\\/\\/a.nel.cloudflare.com\\/report\\/v4?s=VMKJbSvSqN%2Fbc70Cqo2c8A%2B8piT%2Fe4PhM%2F5G7VJj1%2Bx0XJBP5Nn%2BKvrWHthaOq0Jslh68p4K2QX3EtswjkQ6XTmBWeemTGkqIgiZwvGZTxxhcUGNPSiD68YpT6Hp0Cmk"}],"group":"cf-nel","max_age":604800}', 'NEL': '{"success_fraction":0,"report_to":"cf-nel","max_age":604800}', 'Server': 'cloudflare', 'CF-RAY': '870a9cff0e630feb-LAX', 'alt-svc': 'h3=":443"; ma=86400'} 
 body={"results":[{"gender":"female","name":{"title":"Mrs","first":"Trisha","last":"Jasperse"},"location":{"street":{"number":255,"name":"Ds L Tinholtstraat"},"city":"Waaxens gem Dongeradeel","state":"Noord-Holland","country":"Netherlands","postcode":"8638 LD","coordinates":{"latitude":"38.2002","longitude":"70.0594"},"timezone":{"offset":"-6:00","description":"Central Time (US &amp; Canada), Mexico City"}},"email":"trisha.jasperse@example.com","login":{"uuid":"e58307ea-67a3-4dd9-a5cd-33384e130a71","username":"smallelephant310","password":"shai","salt":"BQn2ZK4w","md5":"b1f05726c4143fab41dba05fab38049b","sha1":"bece22d643c9e2c6b7ffbdaf7cb9f68c78202512","sha256":"f601381d39cb86c628e24573ce0071e45e45ff73ea49fe625e86704f089dd1ca"},"dob":{"date":"1955-09-29T14:15:16.236Z","age":68},"registered":{"date":"2012-08-09T04:57:40.579Z","age":11},"phone":"(0864) 933283","cell":"(06) 91878358","id":{"name":"BSN","value":"51510410"},"picture":{"large":"https://randomuser.me/api/portraits/women/26.jpg","medium":"https://randomuser.me/api/portraits/med/women/26.jpg","thumbnail":"https://randomuser.me/api/portraits/thumb/women/26.jpg"},"nat":"NL"}],"info":{"seed":"301c5afd01a3524e","results":1,"page":1,"version":"1.4"}} 
 </msg>
<msg time="2024-04-07T14:12:33.868946" level="INFO">/opt/hostedtoolcache/Python/3.12.2/x64/lib/python3.12/site-packages/urllib3/connectionpool.py:1103: InsecureRequestWarning: Unverified HTTPS request is being made to host 'randomuser.me'. Adding certificate verification is strongly advised. See: https://urllib3.readthedocs.io/en/latest/advanced-usage.html#tls-warnings
  warnings.warn(</msg>
<msg time="2024-04-07T14:12:33.869072" level="INFO">${response} = &lt;Response [200]&gt;</msg>
<var>${response}</var>
<arg>consultarAPI</arg>
<arg>/api</arg>
<doc>Sends a GET request on a previously created HTTP Session.</doc>
<status status="PASS" start="2024-04-07T14:12:33.759877" elapsed="0.109221"/>
</kw>
<kw name="Set Variable" owner="BuiltIn">
<msg time="2024-04-07T14:12:33.870233" level="INFO">${json_data} = {'results': [{'gender': 'female', 'name': {'title': 'Mrs', 'first': 'Trisha', 'last': 'Jasperse'}, 'location': {'street': {'number': 255, 'name': 'Ds L Tinholtstraat'}, 'city': 'Waaxens gem Dongeradee...</msg>
<var>${json_data}</var>
<arg>${response.json()}</arg>
<doc>Returns the given values which can then be assigned to a variables.</doc>
<status status="PASS" start="2024-04-07T14:12:33.869701" elapsed="0.000560"/>
</kw>
<kw name="Set Variable" owner="BuiltIn">
<msg time="2024-04-07T14:12:33.870970" level="INFO">${name_title} = Mrs</msg>
<var>${name_title}</var>
<arg>${json_data["results"][0]["name"]["title"]}</arg>
<doc>Returns the given values which can then be assigned to a variables.</doc>
<status status="PASS" start="2024-04-07T14:12:33.870578" elapsed="0.000417"/>
</kw>
<kw name="Create List" owner="BuiltIn">
<msg time="2024-04-07T14:12:33.871444" level="INFO">${allowed_titles} = ['Mr', 'Ms', 'Miss', 'Mrs', 'Madame', 'Monsieur']</msg>
<var>${allowed_titles}</var>
<arg>Mr</arg>
<arg>Ms</arg>
<arg>Miss</arg>
<arg>Mrs</arg>
<arg>Madame</arg>
<arg>Monsieur</arg>
<doc>Returns a list containing given items.</doc>
<status status="PASS" start="2024-04-07T14:12:33.871295" elapsed="0.000173"/>
</kw>
<kw name="List Should Contain Value" owner="Collections">
<msg time="2024-04-07T14:12:33.871947" level="INFO">False</msg>
<arg>${allowed_titles}</arg>
<arg>${name_title}</arg>
<doc>Fails if the ``value`` is not found from ``list``.</doc>
<status status="PASS" start="2024-04-07T14:12:33.871771" elapsed="0.000213"/>
</kw>
<kw name="Set Variable" owner="BuiltIn">
<msg time="2024-04-07T14:12:33.872660" level="INFO">${name_country} = NL</msg>
<var>${name_country}</var>
<arg>${json_data["results"][0]["nat"]}</arg>
<doc>Returns the given values which can then be assigned to a variables.</doc>
<status status="PASS" start="2024-04-07T14:12:33.872273" elapsed="0.000411"/>
</kw>
<kw name="Create List" owner="BuiltIn">
<msg time="2024-04-07T14:12:33.873652" level="INFO">${list_country} = ['AD', 'AE', 'AF', 'AG', 'AI', 'AL', 'AM', 'AO', 'AQ', 'AR', 'AS', 'AT', 'AU', 'AW', 'AX', 'AZ', 'BA', 'BB', 'BD', 'BE', 'BF', 'BG', 'BH', 'BI', 'BJ', 'BL', 'BM', 'BN', 'BO', 'BQ', 'BR', 'BS', 'BT', '...</msg>
<var>${list_country}</var>
<arg>AD</arg>
<arg>AE</arg>
<arg>AF</arg>
<arg>AG</arg>
<arg>AI</arg>
<arg>AL</arg>
<arg>AM</arg>
<arg>AO</arg>
<arg>AQ</arg>
<arg>AR</arg>
<arg>AS</arg>
<arg>AT</arg>
<arg>AU</arg>
<arg>AW</arg>
<arg>AX</arg>
<arg>AZ</arg>
<arg>BA</arg>
<arg>BB</arg>
<arg>BD</arg>
<arg>BE</arg>
<arg>BF</arg>
<arg>BG</arg>
<arg>BH</arg>
<arg>BI</arg>
<arg>BJ</arg>
<arg>BL</arg>
<arg>BM</arg>
<arg>BN</arg>
<arg>BO</arg>
<arg>BQ</arg>
<arg>BR</arg>
<arg>BS</arg>
<arg>BT</arg>
<arg>BV</arg>
<arg>BW</arg>
<arg>BY</arg>
<arg>BZ</arg>
<arg>CA</arg>
<arg>CC</arg>
<arg>CD</arg>
<arg>CF</arg>
<arg>CG</arg>
<arg>CH</arg>
<arg>CI</arg>
<arg>CK</arg>
<arg>CL</arg>
<arg>CM</arg>
<arg>CN</arg>
<arg>CO</arg>
<arg>CR</arg>
<arg>CU</arg>
<arg>CV</arg>
<arg>CW</arg>
<arg>CX</arg>
<arg>CY</arg>
<arg>CZ</arg>
<arg>DE</arg>
<arg>DJ</arg>
<arg>DK</arg>
<arg>DM</arg>
<arg>DO</arg>
<arg>DZ</arg>
<arg>EC</arg>
<arg>EE</arg>
<arg>EG</arg>
<arg>EH</arg>
<arg>ER</arg>
<arg>ES</arg>
<arg>ET</arg>
<arg>FI</arg>
<arg>FJ</arg>
<arg>FK</arg>
<arg>FM</arg>
<arg>FO</arg>
<arg>FR</arg>
<arg>GA</arg>
<arg>GB</arg>
<arg>GD</arg>
<arg>GE</arg>
<arg>GF</arg>
<arg>GG</arg>
<arg>GH</arg>
<arg>GI</arg>
<arg>GL</arg>
<arg>GM</arg>
<arg>GN</arg>
<arg>GP</arg>
<arg>GQ</arg>
<arg>GR</arg>
<arg>GS</arg>
<arg>GT</arg>
<arg>GU</arg>
<arg>GW</arg>
<arg>GY</arg>
<arg>HK</arg>
<arg>HM</arg>
<arg>HN</arg>
<arg>HR</arg>
<arg>HT</arg>
<arg>HU</arg>
<arg>ID</arg>
<arg>IE</arg>
<arg>IL</arg>
<arg>IM</arg>
<arg>IN</arg>
<arg>IO</arg>
<arg>IQ</arg>
<arg>IR</arg>
<arg>IS</arg>
<arg>IT</arg>
<arg>JE</arg>
<arg>JM</arg>
<arg>JO</arg>
<arg>JP</arg>
<arg>KE</arg>
<arg>KG</arg>
<arg>KH</arg>
<arg>KI</arg>
<arg>KM</arg>
<arg>KN</arg>
<arg>KP</arg>
<arg>KR</arg>
<arg>KW</arg>
<arg>KY</arg>
<arg>KZ</arg>
<arg>LA</arg>
<arg>LB</arg>
<arg>LC</arg>
<arg>LI</arg>
<arg>LK</arg>
<arg>LR</arg>
<arg>LS</arg>
<arg>LT</arg>
<arg>LU</arg>
<arg>LV</arg>
<arg>LY</arg>
<arg>MA</arg>
<arg>MC</arg>
<arg>MD</arg>
<arg>ME</arg>
<arg>MF</arg>
<arg>MG</arg>
<arg>MH</arg>
<arg>MK</arg>
<arg>ML</arg>
<arg>MM</arg>
<arg>MN</arg>
<arg>MO</arg>
<arg>MP</arg>
<arg>MQ</arg>
<arg>MR</arg>
<arg>MS</arg>
<arg>MT</arg>
<arg>MU</arg>
<arg>MV</arg>
<arg>MW</arg>
<arg>MX</arg>
<arg>MY</arg>
<arg>MZ</arg>
<arg>NA</arg>
<arg>NC</arg>
<arg>NE</arg>
<arg>NF</arg>
<arg>NG</arg>
<arg>NI</arg>
<arg>NL</arg>
<arg>NO</arg>
<arg>NP</arg>
<arg>NR</arg>
<arg>NU</arg>
<arg>NZ</arg>
<arg>OM</arg>
<arg>PA</arg>
<arg>PE</arg>
<arg>PF</arg>
<arg>PG</arg>
<arg>PH</arg>
<arg>PK</arg>
<arg>PL</arg>
<arg>PM</arg>
<arg>PN</arg>
<arg>PR</arg>
<arg>PS</arg>
<arg>PT</arg>
<arg>PW</arg>
<arg>PY</arg>
<arg>QA</arg>
<arg>RE</arg>
<arg>RO</arg>
<arg>RS</arg>
<arg>RU</arg>
<arg>RW</arg>
<arg>SA</arg>
<arg>SB</arg>
<arg>SC</arg>
<arg>SD</arg>
<arg>SE</arg>
<arg>SG</arg>
<arg>SH</arg>
<arg>SI</arg>
<arg>SJ</arg>
<arg>SK</arg>
<arg>SL</arg>
<arg>SM</arg>
<arg>SN</arg>
<arg>SO</arg>
<arg>SR</arg>
<arg>SS</arg>
<arg>ST</arg>
<arg>SV</arg>
<arg>SX</arg>
<arg>SY</arg>
<arg>SZ</arg>
<arg>TC</arg>
<arg>TD</arg>
<arg>TF</arg>
<arg>TG</arg>
<arg>TH</arg>
<arg>TJ</arg>
<arg>TK</arg>
<arg>TL</arg>
<arg>TM</arg>
<arg>TN</arg>
<arg>TO</arg>
<arg>TR</arg>
<arg>TT</arg>
<arg>TV</arg>
<arg>TW</arg>
<arg>TZ</arg>
<arg>UA</arg>
<arg>UG</arg>
<arg>UM</arg>
<arg>US</arg>
<arg>UY</arg>
<arg>UZ</arg>
<arg>VA</arg>
<arg>VC</arg>
<arg>VE</arg>
<arg>VG</arg>
<arg>VI</arg>
<arg>VN</arg>
<arg>VU</arg>
<arg>WF</arg>
<arg>WS</arg>
<arg>XK</arg>
<arg>YE</arg>
<arg>YT</arg>
<arg>ZA</arg>
<arg>ZM</arg>
<arg>ZW</arg>
<doc>Returns a list containing given items.</doc>
<status status="PASS" start="2024-04-07T14:12:33.872994" elapsed="0.000685"/>
</kw>
<kw name="List Should Contain Value" owner="Collections">
<msg time="2024-04-07T14:12:33.874843" level="INFO">False</msg>
<arg>${list_country}</arg>
<arg>${name_country}</arg>
<doc>Fails if the ``value`` is not found from ``list``.</doc>
<status status="PASS" start="2024-04-07T14:12:33.874626" elapsed="0.000255"/>
</kw>
<kw name="Run Keyword If" owner="BuiltIn">
<kw name="Should Be True" owner="BuiltIn">
<arg>${True}</arg>
<doc>Fails if the given condition is not true.</doc>
<status status="PASS" start="2024-04-07T14:12:33.875970" elapsed="0.000147"/>
</kw>
<arg>${json_data["results"][0]["location"]["coordinates"]["latitude"]} &gt;= -90 and ${json_data["results"][0]["location"]["coordinates"]["latitude"]} &lt;= 90</arg>
<arg>Should Be True</arg>
<arg>${True}</arg>
<doc>Runs the given keyword with the given arguments, if ``condition`` is true.</doc>
<status status="PASS" start="2024-04-07T14:12:33.875198" elapsed="0.001049"/>
</kw>
<kw name="Run Keyword If" owner="BuiltIn">
<kw name="Should Be True" owner="BuiltIn">
<arg>${True}</arg>
<doc>Fails if the given condition is not true.</doc>
<status status="PASS" start="2024-04-07T14:12:33.877170" elapsed="0.000141"/>
</kw>
<arg>${json_data["results"][0]["location"]["coordinates"]["longitude"]} &gt;= -180 and ${json_data["results"][0]["location"]["coordinates"]["longitude"]} &lt;= 180</arg>
<arg>Should Be True</arg>
<arg>${True}</arg>
<doc>Runs the given keyword with the given arguments, if ``condition`` is true.</doc>
<status status="PASS" start="2024-04-07T14:12:33.876431" elapsed="0.001040"/>
</kw>
<status status="PASS" start="2024-04-07T14:12:33.759617" elapsed="0.118003"/>
</kw>
<doc>Testa o conteúdo específico dos campos retornados pela API.</doc>
<tag>testeConteudo</tag>
<status status="PASS" start="2024-04-07T14:12:33.759054" elapsed="0.118733"/>
</test>
<status status="PASS" start="2024-04-07T14:12:32.904056" elapsed="0.975809"/>
</suite>
<status status="PASS" start="2024-04-07T14:12:32.890287" elapsed="0.995152"/>
</suite>
<statistics>
<total>
<stat pass="5" fail="0" skip="0">All Tests</stat>
</total>
<tag>
<stat pass="1" fail="0" skip="0">testeConteudo</stat>
<stat pass="1" fail="0" skip="0">testeEstruturaResposta</stat>
<stat pass="1" fail="0" skip="0">testeRequisicaoBasica</stat>
<stat pass="1" fail="0" skip="0">testeTiposDados</stat>
</tag>
<suite>
<stat pass="5" fail="0" skip="0" id="s1" name="Tests">Tests</stat>
<stat pass="5" fail="0" skip="0" id="s1-s1" name="Random-User-Test">Tests.Random-User-Test</stat>
</suite>
</statistics>
<errors>
</errors>
</robot>
