<?xml version="1.0" encoding="UTF-8"?>
<robot generator="Robot 7.0 (Python 3.12.3 on linux)" generated="2024-04-23T22:14:18.487837" rpa="false" schemaversion="5">
<suite id="s1" name="Tests" source="/home/runner/work/DesafioQAItauRogerioJordao/DesafioQAItauRogerioJordao/RamdonUser/tests">
<suite id="s1-s1" name="Random-User-Test" source="/home/runner/work/DesafioQAItauRogerioJordao/DesafioQAItauRogerioJordao/RamdonUser/tests/random-user-test.robot">
<test id="s1-s1-t1" name="Conectar" line="13">
<kw name="Conectar API" owner="random-user-service">
<kw name="Create Session" owner="RequestsLibrary">
<msg time="2024-04-23T22:14:18.843548" level="INFO">Creating Session using : alias=consultarAPI, url=https://randomuser.me/, headers={},                     cookies={}, auth=None, timeout=None, proxies=None, verify=False,                     debug=0 </msg>
<arg>consultarAPI</arg>
<arg>${URL}</arg>
<doc>Create Session: create a HTTP session to a server</doc>
<status status="PASS" start="2024-04-23T22:14:18.843352" elapsed="0.000361"/>
</kw>
<status status="PASS" start="2024-04-23T22:14:18.842431" elapsed="0.001629"/>
</kw>
<status status="PASS" start="2024-04-23T22:14:18.841861" elapsed="0.002426"/>
</test>
<test id="s1-s1-t2" name="Validar retorno 200 e JSON Válido" line="16">
<kw name="Teste de Requisicao Basica" owner="random-user-service">
<kw name="GET On Session" owner="RequestsLibrary">
<msg time="2024-04-23T22:14:18.958600" level="INFO">GET Request : url=https://randomuser.me/api 
 path_url=/api 
 headers={'User-Agent': 'python-requests/2.31.0', 'Accept-Encoding': 'gzip, deflate', 'Accept': '*/*', 'Connection': 'keep-alive'} 
 body=None 
 </msg>
<msg time="2024-04-23T22:14:18.958746" level="INFO">GET Response : url=https://randomuser.me/api 
 status=200, reason=OK 
 headers={'Date': 'Tue, 23 Apr 2024 22:14:18 GMT', 'Content-Type': 'application/json; charset=utf-8', 'Transfer-Encoding': 'chunked', 'Connection': 'keep-alive', 'X-Powered-By': 'Express', 'Access-Control-Allow-Origin': '*', 'Cache-Control': 'no-cache', 'ETag': 'W/"47c-p61rd+aohnutlCzqhdBzfMGIXUo"', 'Vary': 'Accept-Encoding', 'Content-Encoding': 'gzip', 'CF-Cache-Status': 'DYNAMIC', 'Report-To': '{"endpoints":[{"url":"https:\\/\\/a.nel.cloudflare.com\\/report\\/v4?s=QOAXZFSjEpj9gCTtjFQIkOxEEPO6AvUfdCQtIG2t2XJ84U8oJ%2BSw3RxRafbIVhoX54VIW31GFvUTbhvy8YejE%2BlYG%2FkyvlL2N5dtkxreisEDrOrjwz4FdNCePdZqoIaX"}],"group":"cf-nel","max_age":604800}', 'NEL': '{"success_fraction":0,"report_to":"cf-nel","max_age":604800}', 'Server': 'cloudflare', 'CF-RAY': '879134b00e395c90-ORD', 'alt-svc': 'h3=":443"; ma=86400'} 
 body={"results":[{"gender":"male","name":{"title":"Mr","first":"Hans","last":"Böhme"},"location":{"street":{"number":2564,"name":"Amselweg"},"city":"Kenzingen","state":"Brandenburg","country":"Germany","postcode":74291,"coordinates":{"latitude":"-48.9832","longitude":"-42.1023"},"timezone":{"offset":"-12:00","description":"Eniwetok, Kwajalein"}},"email":"hans.bohme@example.com","login":{"uuid":"5104063b-5311-4574-9739-4fd087ae2850","username":"bluemeercat378","password":"hoosier","salt":"umfgwCp1","md5":"64dd3b38bc379282b67a80ce4cb57f0b","sha1":"b1801f57f4132b77b42c5f72571abb9c2592a52d","sha256":"7d3835141411469f829042bcc5c454ef823f487519718361d09cce06c086f0be"},"dob":{"date":"2001-05-15T08:01:27.843Z","age":22},"registered":{"date":"2019-09-28T11:28:08.854Z","age":4},"phone":"0546-9153084","cell":"0172-8295449","id":{"name":"SVNR","value":"66 1505101 B 052"},"picture":{"large":"https://randomuser.me/api/portraits/men/5.jpg","medium":"https://randomuser.me/api/portraits/med/men/5.jpg","thumbnail":"https://randomuser.me/api/portraits/thumb/men/5.jpg"},"nat":"DE"}],"info":{"seed":"e3cd2a439ff82d6a","results":1,"page":1,"version":"1.4"}} 
 </msg>
<msg time="2024-04-23T22:14:18.958851" level="INFO">/opt/hostedtoolcache/Python/3.12.3/x64/lib/python3.12/site-packages/urllib3/connectionpool.py:1103: InsecureRequestWarning: Unverified HTTPS request is being made to host 'randomuser.me'. Adding certificate verification is strongly advised. See: https://urllib3.readthedocs.io/en/latest/advanced-usage.html#tls-warnings
  warnings.warn(</msg>
<msg time="2024-04-23T22:14:18.959022" level="INFO">${response} = &lt;Response [200]&gt;</msg>
<var>${response}</var>
<arg>consultarAPI</arg>
<arg>/api</arg>
<doc>Sends a GET request on a previously created HTTP Session.</doc>
<status status="PASS" start="2024-04-23T22:14:18.846972" elapsed="0.112091"/>
</kw>
<kw name="Should Be Equal As Numbers" owner="BuiltIn">
<msg time="2024-04-23T22:14:18.959925" level="INFO">Argument types are:
&lt;class 'int'&gt;
&lt;class 'str'&gt;</msg>
<arg>${response.status_code}</arg>
<arg>200</arg>
<doc>Fails if objects are unequal after converting them to real numbers.</doc>
<status status="PASS" start="2024-04-23T22:14:18.959507" elapsed="0.000480"/>
</kw>
<kw name="Log" owner="BuiltIn">
<msg time="2024-04-23T22:14:18.960697" level="INFO">200</msg>
<arg>${response.status_code}</arg>
<doc>Logs the given message with the given level.</doc>
<status status="PASS" start="2024-04-23T22:14:18.960355" elapsed="0.000382"/>
</kw>
<kw name="Set Variable" owner="BuiltIn">
<msg time="2024-04-23T22:14:18.961471" level="INFO">${json_data} = {'results': [{'gender': 'male', 'name': {'title': 'Mr', 'first': 'Hans', 'last': 'Böhme'}, 'location': {'street': {'number': 2564, 'name': 'Amselweg'}, 'city': 'Kenzingen', 'state': 'Brandenburg', 'co...</msg>
<var>${json_data}</var>
<arg>${response.json()}</arg>
<doc>Returns the given values which can then be assigned to a variables.</doc>
<status status="PASS" start="2024-04-23T22:14:18.961038" elapsed="0.000461"/>
</kw>
<kw name="Dictionary Should Contain Key" owner="Collections">
<msg time="2024-04-23T22:14:18.961969" level="INFO">False</msg>
<arg>${json_data}</arg>
<arg>results</arg>
<doc>Fails if ``key`` is not found from ``dictionary``.</doc>
<status status="PASS" start="2024-04-23T22:14:18.961800" elapsed="0.000208"/>
</kw>
<status status="PASS" start="2024-04-23T22:14:18.846726" elapsed="0.115533"/>
</kw>
<doc>Testa se a API responde corretamente e retorna um objeto JSON válido.</doc>
<tag>testeRequisicaoBasica</tag>
<status status="PASS" start="2024-04-23T22:14:18.846195" elapsed="0.116235"/>
</test>
<test id="s1-s1-t3" name="Validar estrutura de resposta" line="22">
<kw name="Teste de Estrutura de Resposta" owner="random-user-service">
<kw name="GET On Session" owner="RequestsLibrary">
<msg time="2024-04-23T22:14:19.061007" level="INFO">GET Request : url=https://randomuser.me/api 
 path_url=/api 
 headers={'User-Agent': 'python-requests/2.31.0', 'Accept-Encoding': 'gzip, deflate', 'Accept': '*/*', 'Connection': 'keep-alive'} 
 body=None 
 </msg>
<msg time="2024-04-23T22:14:19.061089" level="INFO">GET Response : url=https://randomuser.me/api 
 status=200, reason=OK 
 headers={'Date': 'Tue, 23 Apr 2024 22:14:19 GMT', 'Content-Type': 'application/json; charset=utf-8', 'Transfer-Encoding': 'chunked', 'Connection': 'keep-alive', 'X-Powered-By': 'Express', 'Access-Control-Allow-Origin': '*', 'Cache-Control': 'no-cache', 'ETag': 'W/"466-B+4OwgOOQUkBD9VMF8npQpelrQg"', 'Vary': 'Accept-Encoding', 'Content-Encoding': 'gzip', 'CF-Cache-Status': 'DYNAMIC', 'Report-To': '{"endpoints":[{"url":"https:\\/\\/a.nel.cloudflare.com\\/report\\/v4?s=pJKqopazMFCUrzIRzszcDDYLxoWRG8XQ90CgTIMeA5h0NmRhGl4NESNRgSjgROjShyA0cjiqpJh6zzHrtdhAlpqHEQ5Hj18xIDqhIVMcr33Fyr%2FXj628l0JodVYsqsj9"}],"group":"cf-nel","max_age":604800}', 'NEL': '{"success_fraction":0,"report_to":"cf-nel","max_age":604800}', 'Server': 'cloudflare', 'CF-RAY': '879134b08eea5c90-ORD', 'alt-svc': 'h3=":443"; ma=86400'} 
 body={"results":[{"gender":"male","name":{"title":"Mr","first":"Gabriel","last":"Slawa"},"location":{"street":{"number":8668,"name":"George St"},"city":"Minto","state":"Yukon","country":"Canada","postcode":"D7X 0P3","coordinates":{"latitude":"-71.5103","longitude":"-64.4328"},"timezone":{"offset":"-9:00","description":"Alaska"}},"email":"gabriel.slawa@example.com","login":{"uuid":"6d2d89fe-d7da-4fe9-ab8a-915c6746c19b","username":"lazymouse660","password":"philip","salt":"2E2O85MA","md5":"fc0a1ac2116e57b3f4ea51c48d02d6f4","sha1":"565d91ec763ea63e14688e3da397651fa920cf35","sha256":"cb3ee137e68f1153e4d75049fe9380976e12c500a71c5a6d06fcda7ef0f38100"},"dob":{"date":"1948-05-31T17:55:40.616Z","age":75},"registered":{"date":"2009-05-24T03:56:56.957Z","age":14},"phone":"K42 L81-5710","cell":"V84 O81-1638","id":{"name":"SIN","value":"645285974"},"picture":{"large":"https://randomuser.me/api/portraits/men/76.jpg","medium":"https://randomuser.me/api/portraits/med/men/76.jpg","thumbnail":"https://randomuser.me/api/portraits/thumb/men/76.jpg"},"nat":"CA"}],"info":{"seed":"8b99c4d68e71e50a","results":1,"page":1,"version":"1.4"}} 
 </msg>
<msg time="2024-04-23T22:14:19.061203" level="INFO">/opt/hostedtoolcache/Python/3.12.3/x64/lib/python3.12/site-packages/urllib3/connectionpool.py:1103: InsecureRequestWarning: Unverified HTTPS request is being made to host 'randomuser.me'. Adding certificate verification is strongly advised. See: https://urllib3.readthedocs.io/en/latest/advanced-usage.html#tls-warnings
  warnings.warn(</msg>
<msg time="2024-04-23T22:14:19.061340" level="INFO">${response} = &lt;Response [200]&gt;</msg>
<var>${response}</var>
<arg>consultarAPI</arg>
<arg>/api</arg>
<doc>Sends a GET request on a previously created HTTP Session.</doc>
<status status="PASS" start="2024-04-23T22:14:18.964905" elapsed="0.096465"/>
</kw>
<kw name="Set Variable" owner="BuiltIn">
<msg time="2024-04-23T22:14:19.062178" level="INFO">${json_data} = {'results': [{'gender': 'male', 'name': {'title': 'Mr', 'first': 'Gabriel', 'last': 'Slawa'}, 'location': {'street': {'number': 8668, 'name': 'George St'}, 'city': 'Minto', 'state': 'Yukon', 'country'...</msg>
<var>${json_data}</var>
<arg>${response.json()}</arg>
<doc>Returns the given values which can then be assigned to a variables.</doc>
<status status="PASS" start="2024-04-23T22:14:19.061718" elapsed="0.000489"/>
</kw>
<kw name="Log" owner="BuiltIn">
<msg time="2024-04-23T22:14:19.062662" level="INFO">{'results': [{'gender': 'male', 'name': {'title': 'Mr', 'first': 'Gabriel', 'last': 'Slawa'}, 'location': {'street': {'number': 8668, 'name': 'George St'}, 'city': 'Minto', 'state': 'Yukon', 'country': 'Canada', 'postcode': 'D7X 0P3', 'coordinates': {'latitude': '-71.5103', 'longitude': '-64.4328'}, 'timezone': {'offset': '-9:00', 'description': 'Alaska'}}, 'email': 'gabriel.slawa@example.com', 'login': {'uuid': '6d2d89fe-d7da-4fe9-ab8a-915c6746c19b', 'username': 'lazymouse660', 'password': 'philip', 'salt': '2E2O85MA', 'md5': 'fc0a1ac2116e57b3f4ea51c48d02d6f4', 'sha1': '565d91ec763ea63e14688e3da397651fa920cf35', 'sha256': 'cb3ee137e68f1153e4d75049fe9380976e12c500a71c5a6d06fcda7ef0f38100'}, 'dob': {'date': '1948-05-31T17:55:40.616Z', 'age': 75}, 'registered': {'date': '2009-05-24T03:56:56.957Z', 'age': 14}, 'phone': 'K42 L81-5710', 'cell': 'V84 O81-1638', 'id': {'name': 'SIN', 'value': '645285974'}, 'picture': {'large': 'https://randomuser.me/api/portraits/men/76.jpg', 'medium': 'https://randomuser.me/api/portraits/med/men/76.jpg', 'thumbnail': 'https://randomuser.me/api/portraits/thumb/men/76.jpg'}, 'nat': 'CA'}], 'info': {'seed': '8b99c4d68e71e50a', 'results': 1, 'page': 1, 'version': '1.4'}}</msg>
<arg>${json_data}</arg>
<doc>Logs the given message with the given level.</doc>
<status status="PASS" start="2024-04-23T22:14:19.062507" elapsed="0.000201"/>
</kw>
<kw name="Dictionary Should Contain Key" owner="Collections">
<msg time="2024-04-23T22:14:19.063149" level="INFO">False</msg>
<arg>${json_data}</arg>
<arg>results</arg>
<doc>Fails if ``key`` is not found from ``dictionary``.</doc>
<status status="PASS" start="2024-04-23T22:14:19.062993" elapsed="0.000192"/>
</kw>
<kw name="Should Not Be Empty" owner="BuiltIn">
<msg time="2024-04-23T22:14:19.063599" level="INFO">Length is 2.</msg>
<arg>${json_data}</arg>
<doc>Verifies that the given item is not empty.</doc>
<status status="PASS" start="2024-04-23T22:14:19.063472" elapsed="0.000299"/>
</kw>
<kw name="Create List" owner="BuiltIn">
<msg time="2024-04-23T22:14:19.064254" level="INFO">${expected_keys} = ['gender', 'name', 'location', 'email', 'login']</msg>
<var>${expected_keys}</var>
<arg>gender</arg>
<arg>name</arg>
<arg>location</arg>
<arg>email</arg>
<arg>login</arg>
<doc>Returns a list containing given items.</doc>
<status status="PASS" start="2024-04-23T22:14:19.064067" elapsed="0.000212"/>
</kw>
<for flavor="IN">
<iter>
<kw name="Dictionary Should Contain Key" owner="Collections">
<msg time="2024-04-23T22:14:19.065249" level="INFO">False</msg>
<arg>${json_data['results'][0]}</arg>
<arg>${key}</arg>
<doc>Fails if ``key`` is not found from ``dictionary``.</doc>
<status status="PASS" start="2024-04-23T22:14:19.064851" elapsed="0.000435"/>
</kw>
<kw name="Log" owner="BuiltIn">
<msg time="2024-04-23T22:14:19.065964" level="INFO">{'gender': 'male', 'name': {'title': 'Mr', 'first': 'Gabriel', 'last': 'Slawa'}, 'location': {'street': {'number': 8668, 'name': 'George St'}, 'city': 'Minto', 'state': 'Yukon', 'country': 'Canada', 'postcode': 'D7X 0P3', 'coordinates': {'latitude': '-71.5103', 'longitude': '-64.4328'}, 'timezone': {'offset': '-9:00', 'description': 'Alaska'}}, 'email': 'gabriel.slawa@example.com', 'login': {'uuid': '6d2d89fe-d7da-4fe9-ab8a-915c6746c19b', 'username': 'lazymouse660', 'password': 'philip', 'salt': '2E2O85MA', 'md5': 'fc0a1ac2116e57b3f4ea51c48d02d6f4', 'sha1': '565d91ec763ea63e14688e3da397651fa920cf35', 'sha256': 'cb3ee137e68f1153e4d75049fe9380976e12c500a71c5a6d06fcda7ef0f38100'}, 'dob': {'date': '1948-05-31T17:55:40.616Z', 'age': 75}, 'registered': {'date': '2009-05-24T03:56:56.957Z', 'age': 14}, 'phone': 'K42 L81-5710', 'cell': 'V84 O81-1638', 'id': {'name': 'SIN', 'value': '645285974'}, 'picture': {'large': 'https://randomuser.me/api/portraits/men/76.jpg', 'medium': 'https://randomuser.me/api/portraits/med/men/76.jpg', 'thumbnail': 'https://randomuser.me/api/portraits/thumb/men/76.jpg'}, 'nat': 'CA'}</msg>
<arg>${json_data['results'][0]}</arg>
<doc>Logs the given message with the given level.</doc>
<status status="PASS" start="2024-04-23T22:14:19.065597" elapsed="0.000414"/>
</kw>
<kw name="Log" owner="BuiltIn">
<msg time="2024-04-23T22:14:19.066426" level="INFO">gender</msg>
<arg>${key}</arg>
<doc>Logs the given message with the given level.</doc>
<status status="PASS" start="2024-04-23T22:14:19.066300" elapsed="0.000161"/>
</kw>
<var name="${key}">gender</var>
<status status="PASS" start="2024-04-23T22:14:19.064727" elapsed="0.001945"/>
</iter>
<iter>
<kw name="Dictionary Should Contain Key" owner="Collections">
<msg time="2024-04-23T22:14:19.067348" level="INFO">False</msg>
<arg>${json_data['results'][0]}</arg>
<arg>${key}</arg>
<doc>Fails if ``key`` is not found from ``dictionary``.</doc>
<status status="PASS" start="2024-04-23T22:14:19.066970" elapsed="0.000422"/>
</kw>
<kw name="Log" owner="BuiltIn">
<msg time="2024-04-23T22:14:19.068076" level="INFO">{'gender': 'male', 'name': {'title': 'Mr', 'first': 'Gabriel', 'last': 'Slawa'}, 'location': {'street': {'number': 8668, 'name': 'George St'}, 'city': 'Minto', 'state': 'Yukon', 'country': 'Canada', 'postcode': 'D7X 0P3', 'coordinates': {'latitude': '-71.5103', 'longitude': '-64.4328'}, 'timezone': {'offset': '-9:00', 'description': 'Alaska'}}, 'email': 'gabriel.slawa@example.com', 'login': {'uuid': '6d2d89fe-d7da-4fe9-ab8a-915c6746c19b', 'username': 'lazymouse660', 'password': 'philip', 'salt': '2E2O85MA', 'md5': 'fc0a1ac2116e57b3f4ea51c48d02d6f4', 'sha1': '565d91ec763ea63e14688e3da397651fa920cf35', 'sha256': 'cb3ee137e68f1153e4d75049fe9380976e12c500a71c5a6d06fcda7ef0f38100'}, 'dob': {'date': '1948-05-31T17:55:40.616Z', 'age': 75}, 'registered': {'date': '2009-05-24T03:56:56.957Z', 'age': 14}, 'phone': 'K42 L81-5710', 'cell': 'V84 O81-1638', 'id': {'name': 'SIN', 'value': '645285974'}, 'picture': {'large': 'https://randomuser.me/api/portraits/men/76.jpg', 'medium': 'https://randomuser.me/api/portraits/med/men/76.jpg', 'thumbnail': 'https://randomuser.me/api/portraits/thumb/men/76.jpg'}, 'nat': 'CA'}</msg>
<arg>${json_data['results'][0]}</arg>
<doc>Logs the given message with the given level.</doc>
<status status="PASS" start="2024-04-23T22:14:19.067686" elapsed="0.000466"/>
</kw>
<kw name="Log" owner="BuiltIn">
<msg time="2024-04-23T22:14:19.068587" level="INFO">name</msg>
<arg>${key}</arg>
<doc>Logs the given message with the given level.</doc>
<status status="PASS" start="2024-04-23T22:14:19.068460" elapsed="0.000163"/>
</kw>
<var name="${key}">name</var>
<status status="PASS" start="2024-04-23T22:14:19.066855" elapsed="0.001980"/>
</iter>
<iter>
<kw name="Dictionary Should Contain Key" owner="Collections">
<msg time="2024-04-23T22:14:19.069500" level="INFO">False</msg>
<arg>${json_data['results'][0]}</arg>
<arg>${key}</arg>
<doc>Fails if ``key`` is not found from ``dictionary``.</doc>
<status status="PASS" start="2024-04-23T22:14:19.069125" elapsed="0.000412"/>
</kw>
<kw name="Log" owner="BuiltIn">
<msg time="2024-04-23T22:14:19.070232" level="INFO">{'gender': 'male', 'name': {'title': 'Mr', 'first': 'Gabriel', 'last': 'Slawa'}, 'location': {'street': {'number': 8668, 'name': 'George St'}, 'city': 'Minto', 'state': 'Yukon', 'country': 'Canada', 'postcode': 'D7X 0P3', 'coordinates': {'latitude': '-71.5103', 'longitude': '-64.4328'}, 'timezone': {'offset': '-9:00', 'description': 'Alaska'}}, 'email': 'gabriel.slawa@example.com', 'login': {'uuid': '6d2d89fe-d7da-4fe9-ab8a-915c6746c19b', 'username': 'lazymouse660', 'password': 'philip', 'salt': '2E2O85MA', 'md5': 'fc0a1ac2116e57b3f4ea51c48d02d6f4', 'sha1': '565d91ec763ea63e14688e3da397651fa920cf35', 'sha256': 'cb3ee137e68f1153e4d75049fe9380976e12c500a71c5a6d06fcda7ef0f38100'}, 'dob': {'date': '1948-05-31T17:55:40.616Z', 'age': 75}, 'registered': {'date': '2009-05-24T03:56:56.957Z', 'age': 14}, 'phone': 'K42 L81-5710', 'cell': 'V84 O81-1638', 'id': {'name': 'SIN', 'value': '645285974'}, 'picture': {'large': 'https://randomuser.me/api/portraits/men/76.jpg', 'medium': 'https://randomuser.me/api/portraits/med/men/76.jpg', 'thumbnail': 'https://randomuser.me/api/portraits/thumb/men/76.jpg'}, 'nat': 'CA'}</msg>
<arg>${json_data['results'][0]}</arg>
<doc>Logs the given message with the given level.</doc>
<status status="PASS" start="2024-04-23T22:14:19.069853" elapsed="0.000432"/>
</kw>
<kw name="Log" owner="BuiltIn">
<msg time="2024-04-23T22:14:19.070708" level="INFO">location</msg>
<arg>${key}</arg>
<doc>Logs the given message with the given level.</doc>
<status status="PASS" start="2024-04-23T22:14:19.070577" elapsed="0.000167"/>
</kw>
<var name="${key}">location</var>
<status status="PASS" start="2024-04-23T22:14:19.069012" elapsed="0.001945"/>
</iter>
<iter>
<kw name="Dictionary Should Contain Key" owner="Collections">
<msg time="2024-04-23T22:14:19.071618" level="INFO">False</msg>
<arg>${json_data['results'][0]}</arg>
<arg>${key}</arg>
<doc>Fails if ``key`` is not found from ``dictionary``.</doc>
<status status="PASS" start="2024-04-23T22:14:19.071240" elapsed="0.000414"/>
</kw>
<kw name="Log" owner="BuiltIn">
<msg time="2024-04-23T22:14:19.072349" level="INFO">{'gender': 'male', 'name': {'title': 'Mr', 'first': 'Gabriel', 'last': 'Slawa'}, 'location': {'street': {'number': 8668, 'name': 'George St'}, 'city': 'Minto', 'state': 'Yukon', 'country': 'Canada', 'postcode': 'D7X 0P3', 'coordinates': {'latitude': '-71.5103', 'longitude': '-64.4328'}, 'timezone': {'offset': '-9:00', 'description': 'Alaska'}}, 'email': 'gabriel.slawa@example.com', 'login': {'uuid': '6d2d89fe-d7da-4fe9-ab8a-915c6746c19b', 'username': 'lazymouse660', 'password': 'philip', 'salt': '2E2O85MA', 'md5': 'fc0a1ac2116e57b3f4ea51c48d02d6f4', 'sha1': '565d91ec763ea63e14688e3da397651fa920cf35', 'sha256': 'cb3ee137e68f1153e4d75049fe9380976e12c500a71c5a6d06fcda7ef0f38100'}, 'dob': {'date': '1948-05-31T17:55:40.616Z', 'age': 75}, 'registered': {'date': '2009-05-24T03:56:56.957Z', 'age': 14}, 'phone': 'K42 L81-5710', 'cell': 'V84 O81-1638', 'id': {'name': 'SIN', 'value': '645285974'}, 'picture': {'large': 'https://randomuser.me/api/portraits/men/76.jpg', 'medium': 'https://randomuser.me/api/portraits/med/men/76.jpg', 'thumbnail': 'https://randomuser.me/api/portraits/thumb/men/76.jpg'}, 'nat': 'CA'}</msg>
<arg>${json_data['results'][0]}</arg>
<doc>Logs the given message with the given level.</doc>
<status status="PASS" start="2024-04-23T22:14:19.071961" elapsed="0.000435"/>
</kw>
<kw name="Log" owner="BuiltIn">
<msg time="2024-04-23T22:14:19.072822" level="INFO">email</msg>
<arg>${key}</arg>
<doc>Logs the given message with the given level.</doc>
<status status="PASS" start="2024-04-23T22:14:19.072694" elapsed="0.000164"/>
</kw>
<var name="${key}">email</var>
<status status="PASS" start="2024-04-23T22:14:19.071129" elapsed="0.001941"/>
</iter>
<iter>
<kw name="Dictionary Should Contain Key" owner="Collections">
<msg time="2024-04-23T22:14:19.073730" level="INFO">False</msg>
<arg>${json_data['results'][0]}</arg>
<arg>${key}</arg>
<doc>Fails if ``key`` is not found from ``dictionary``.</doc>
<status status="PASS" start="2024-04-23T22:14:19.073353" elapsed="0.000413"/>
</kw>
<kw name="Log" owner="BuiltIn">
<msg time="2024-04-23T22:14:19.074437" level="INFO">{'gender': 'male', 'name': {'title': 'Mr', 'first': 'Gabriel', 'last': 'Slawa'}, 'location': {'street': {'number': 8668, 'name': 'George St'}, 'city': 'Minto', 'state': 'Yukon', 'country': 'Canada', 'postcode': 'D7X 0P3', 'coordinates': {'latitude': '-71.5103', 'longitude': '-64.4328'}, 'timezone': {'offset': '-9:00', 'description': 'Alaska'}}, 'email': 'gabriel.slawa@example.com', 'login': {'uuid': '6d2d89fe-d7da-4fe9-ab8a-915c6746c19b', 'username': 'lazymouse660', 'password': 'philip', 'salt': '2E2O85MA', 'md5': 'fc0a1ac2116e57b3f4ea51c48d02d6f4', 'sha1': '565d91ec763ea63e14688e3da397651fa920cf35', 'sha256': 'cb3ee137e68f1153e4d75049fe9380976e12c500a71c5a6d06fcda7ef0f38100'}, 'dob': {'date': '1948-05-31T17:55:40.616Z', 'age': 75}, 'registered': {'date': '2009-05-24T03:56:56.957Z', 'age': 14}, 'phone': 'K42 L81-5710', 'cell': 'V84 O81-1638', 'id': {'name': 'SIN', 'value': '645285974'}, 'picture': {'large': 'https://randomuser.me/api/portraits/men/76.jpg', 'medium': 'https://randomuser.me/api/portraits/med/men/76.jpg', 'thumbnail': 'https://randomuser.me/api/portraits/thumb/men/76.jpg'}, 'nat': 'CA'}</msg>
<arg>${json_data['results'][0]}</arg>
<doc>Logs the given message with the given level.</doc>
<status status="PASS" start="2024-04-23T22:14:19.074073" elapsed="0.000409"/>
</kw>
<kw name="Log" owner="BuiltIn">
<msg time="2024-04-23T22:14:19.074897" level="INFO">login</msg>
<arg>${key}</arg>
<doc>Logs the given message with the given level.</doc>
<status status="PASS" start="2024-04-23T22:14:19.074773" elapsed="0.000169"/>
</kw>
<var name="${key}">login</var>
<status status="PASS" start="2024-04-23T22:14:19.073241" elapsed="0.001925"/>
</iter>
<var>${key}</var>
<value>@{expected_keys}</value>
<status status="PASS" start="2024-04-23T22:14:19.064541" elapsed="0.010744"/>
</for>
<kw name="Create List" owner="BuiltIn">
<msg time="2024-04-23T22:14:19.075641" level="INFO">${expected_keysTwo} = ['username', 'password']</msg>
<var>${expected_keysTwo}</var>
<arg>username</arg>
<arg>password</arg>
<doc>Returns a list containing given items.</doc>
<status status="PASS" start="2024-04-23T22:14:19.075474" elapsed="0.000191"/>
</kw>
<for flavor="IN">
<iter>
<kw name="Dictionary Should Contain Key" owner="Collections">
<msg time="2024-04-23T22:14:19.076589" level="INFO">False</msg>
<arg>${json_data['results'][0]['login']}</arg>
<arg>${keyTwo}</arg>
<doc>Fails if ``key`` is not found from ``dictionary``.</doc>
<status status="PASS" start="2024-04-23T22:14:19.076196" elapsed="0.000429"/>
</kw>
<kw name="Dictionary Should Contain Key" owner="Collections">
<msg time="2024-04-23T22:14:19.077300" level="INFO">False</msg>
<arg>${json_data['results'][0]['login']}</arg>
<arg>${keyTwo}</arg>
<doc>Fails if ``key`` is not found from ``dictionary``.</doc>
<status status="PASS" start="2024-04-23T22:14:19.076916" elapsed="0.000420"/>
</kw>
<kw name="Log" owner="BuiltIn">
<msg time="2024-04-23T22:14:19.077757" level="INFO">username</msg>
<arg>${keyTwo}</arg>
<doc>Logs the given message with the given level.</doc>
<status status="PASS" start="2024-04-23T22:14:19.077625" elapsed="0.000174"/>
</kw>
<var name="${keyTwo}">username</var>
<status status="PASS" start="2024-04-23T22:14:19.076053" elapsed="0.001967"/>
</iter>
<iter>
<kw name="Dictionary Should Contain Key" owner="Collections">
<msg time="2024-04-23T22:14:19.078774" level="INFO">False</msg>
<arg>${json_data['results'][0]['login']}</arg>
<arg>${keyTwo}</arg>
<doc>Fails if ``key`` is not found from ``dictionary``.</doc>
<status status="PASS" start="2024-04-23T22:14:19.078314" elapsed="0.000505"/>
</kw>
<kw name="Dictionary Should Contain Key" owner="Collections">
<msg time="2024-04-23T22:14:19.079494" level="INFO">False</msg>
<arg>${json_data['results'][0]['login']}</arg>
<arg>${keyTwo}</arg>
<doc>Fails if ``key`` is not found from ``dictionary``.</doc>
<status status="PASS" start="2024-04-23T22:14:19.079117" elapsed="0.000415"/>
</kw>
<kw name="Log" owner="BuiltIn">
<msg time="2024-04-23T22:14:19.079954" level="INFO">password</msg>
<arg>${keyTwo}</arg>
<doc>Logs the given message with the given level.</doc>
<status status="PASS" start="2024-04-23T22:14:19.079827" elapsed="0.000166"/>
</kw>
<var name="${keyTwo}">password</var>
<status status="PASS" start="2024-04-23T22:14:19.078205" elapsed="0.002044"/>
</iter>
<var>${keyTwo}</var>
<value>@{expected_keysTwo}</value>
<status status="PASS" start="2024-04-23T22:14:19.075899" elapsed="0.004483"/>
</for>
<status status="PASS" start="2024-04-23T22:14:18.964674" elapsed="0.115850"/>
</kw>
<doc>Testa a estrutura da resposta da API.</doc>
<tag>testeEstruturaResposta</tag>
<status status="PASS" start="2024-04-23T22:14:18.964209" elapsed="0.116469"/>
</test>
<test id="s1-s1-t4" name="Validar tipos de dados" line="28">
<kw name="Teste de Tipos de Dados" owner="random-user-service">
<kw name="GET On Session" owner="RequestsLibrary">
<msg time="2024-04-23T22:14:19.138792" level="INFO">GET Request : url=https://randomuser.me/api 
 path_url=/api 
 headers={'User-Agent': 'python-requests/2.31.0', 'Accept-Encoding': 'gzip, deflate', 'Accept': '*/*', 'Connection': 'keep-alive'} 
 body=None 
 </msg>
<msg time="2024-04-23T22:14:19.138866" level="INFO">GET Response : url=https://randomuser.me/api 
 status=200, reason=OK 
 headers={'Date': 'Tue, 23 Apr 2024 22:14:19 GMT', 'Content-Type': 'application/json; charset=utf-8', 'Transfer-Encoding': 'chunked', 'Connection': 'keep-alive', 'X-Powered-By': 'Express', 'Access-Control-Allow-Origin': '*', 'Cache-Control': 'no-cache', 'ETag': 'W/"484-PQFVz+RCy0EhTSH5gFqzGE043og"', 'Vary': 'Accept-Encoding', 'Content-Encoding': 'gzip', 'CF-Cache-Status': 'DYNAMIC', 'Report-To': '{"endpoints":[{"url":"https:\\/\\/a.nel.cloudflare.com\\/report\\/v4?s=u3Xjd%2FmDB%2ByPbCaZyL8ArpaCwihxxWa1mX50%2Fi6VISBPmAkaRJ2b6TgJFJWIk5yrNRTxnHKsEcCUeatfpPy06M1FUX2hvJXuwAiL%2BPqQVQNedBBN2orpgg06aNqZCMfU"}],"group":"cf-nel","max_age":604800}', 'NEL': '{"success_fraction":0,"report_to":"cf-nel","max_age":604800}', 'Server': 'cloudflare', 'CF-RAY': '879134b14fb95c90-ORD', 'alt-svc': 'h3=":443"; ma=86400'} 
 body={"results":[{"gender":"male","name":{"title":"Mr","first":"Ivo","last":"Lopes"},"location":{"street":{"number":6498,"name":"Rua Quinze de Novembro "},"city":"Patos de Minas","state":"Tocantins","country":"Brazil","postcode":77558,"coordinates":{"latitude":"-75.0589","longitude":"-96.6464"},"timezone":{"offset":"-10:00","description":"Hawaii"}},"email":"ivo.lopes@example.com","login":{"uuid":"881a9afc-094e-439f-97d1-269f12b39fc4","username":"tinybutterfly237","password":"hotrats","salt":"cMr4nK7L","md5":"9de07ee6d6added91bccdce4e7728a4a","sha1":"b6abf6f260d384b7c9d518378f58f40e12f67817","sha256":"3f9d8dc4f7a4bde9d0de0077df068822fa93a62a262ff2b679106cd48d8530c8"},"dob":{"date":"1968-12-16T14:52:23.718Z","age":55},"registered":{"date":"2014-01-03T14:19:30.936Z","age":10},"phone":"(01) 7259-7385","cell":"(68) 9002-8718","id":{"name":"CPF","value":"983.125.132-47"},"picture":{"large":"https://randomuser.me/api/portraits/men/95.jpg","medium":"https://randomuser.me/api/portraits/med/men/95.jpg","thumbnail":"https://randomuser.me/api/portraits/thumb/men/95.jpg"},"nat":"BR"}],"info":{"seed":"5137a194d372239f","results":1,"page":1,"version":"1.4"}} 
 </msg>
<msg time="2024-04-23T22:14:19.138933" level="INFO">/opt/hostedtoolcache/Python/3.12.3/x64/lib/python3.12/site-packages/urllib3/connectionpool.py:1103: InsecureRequestWarning: Unverified HTTPS request is being made to host 'randomuser.me'. Adding certificate verification is strongly advised. See: https://urllib3.readthedocs.io/en/latest/advanced-usage.html#tls-warnings
  warnings.warn(</msg>
<msg time="2024-04-23T22:14:19.139058" level="INFO">${response} = &lt;Response [200]&gt;</msg>
<var>${response}</var>
<arg>consultarAPI</arg>
<arg>/api</arg>
<doc>Sends a GET request on a previously created HTTP Session.</doc>
<status status="PASS" start="2024-04-23T22:14:19.083077" elapsed="0.056031"/>
</kw>
<kw name="Set Variable" owner="BuiltIn">
<msg time="2024-04-23T22:14:19.139974" level="INFO">${json_data} = {'results': [{'gender': 'male', 'name': {'title': 'Mr', 'first': 'Ivo', 'last': 'Lopes'}, 'location': {'street': {'number': 6498, 'name': 'Rua Quinze de Novembro '}, 'city': 'Patos de Minas', 'state':...</msg>
<var>${json_data}</var>
<arg>${response.json()}</arg>
<doc>Returns the given values which can then be assigned to a variables.</doc>
<status status="PASS" start="2024-04-23T22:14:19.139540" elapsed="0.000461"/>
</kw>
<kw name="Log" owner="BuiltIn">
<msg time="2024-04-23T22:14:19.140503" level="INFO">{'results': [{'gender': 'male', 'name': {'title': 'Mr', 'first': 'Ivo', 'last': 'Lopes'}, 'location': {'street': {'number': 6498, 'name': 'Rua Quinze de Novembro '}, 'city': 'Patos de Minas', 'state': 'Tocantins', 'country': 'Brazil', 'postcode': 77558, 'coordinates': {'latitude': '-75.0589', 'longitude': '-96.6464'}, 'timezone': {'offset': '-10:00', 'description': 'Hawaii'}}, 'email': 'ivo.lopes@example.com', 'login': {'uuid': '881a9afc-094e-439f-97d1-269f12b39fc4', 'username': 'tinybutterfly237', 'password': 'hotrats', 'salt': 'cMr4nK7L', 'md5': '9de07ee6d6added91bccdce4e7728a4a', 'sha1': 'b6abf6f260d384b7c9d518378f58f40e12f67817', 'sha256': '3f9d8dc4f7a4bde9d0de0077df068822fa93a62a262ff2b679106cd48d8530c8'}, 'dob': {'date': '1968-12-16T14:52:23.718Z', 'age': 55}, 'registered': {'date': '2014-01-03T14:19:30.936Z', 'age': 10}, 'phone': '(01) 7259-7385', 'cell': '(68) 9002-8718', 'id': {'name': 'CPF', 'value': '983.125.132-47'}, 'picture': {'large': 'https://randomuser.me/api/portraits/men/95.jpg', 'medium': 'https://randomuser.me/api/portraits/med/men/95.jpg', 'thumbnail': 'https://randomuser.me/api/portraits/thumb/men/95.jpg'}, 'nat': 'BR'}], 'info': {'seed': '5137a194d372239f', 'results': 1, 'page': 1, 'version': '1.4'}}</msg>
<arg>${json_data}</arg>
<doc>Logs the given message with the given level.</doc>
<status status="PASS" start="2024-04-23T22:14:19.140334" elapsed="0.000215"/>
</kw>
<kw name="Should Be String" owner="String">
<arg>${json_data['results'][0]['gender']}</arg>
<doc>Fails if the given ``item`` is not a string.</doc>
<status status="PASS" start="2024-04-23T22:14:19.140846" elapsed="0.000385"/>
</kw>
<kw name="Should Match Regexp" owner="BuiltIn">
<arg>${json_data['results'][0]['email']}</arg>
<arg>^[a-zA-Z0-9._%+-]+@[a-zA-Z0-9.-]+\.[a-zA-Z]{2,}$</arg>
<doc>Fails if ``string`` does not match ``pattern`` as a regular expression.</doc>
<status status="PASS" start="2024-04-23T22:14:19.141422" elapsed="0.000522"/>
</kw>
<kw name="Should Match Regexp" owner="BuiltIn">
<arg>${json_data['results'][0]['dob']['date']}</arg>
<arg>\\d{4}-\\d{2}-\\d{2}T\\d{2}:\\d{2}:\\d{2}\\.\\d{3}Z</arg>
<doc>Fails if ``string`` does not match ``pattern`` as a regular expression.</doc>
<status status="PASS" start="2024-04-23T22:14:19.142142" elapsed="0.000480"/>
</kw>
<kw name="Should Match Regexp" owner="BuiltIn">
<arg>${json_data['results'][0]['registered']['date']}</arg>
<arg>\\d{4}-\\d{2}-\\d{2}T\\d{2}:\\d{2}:\\d{2}\\.\\d{3}Z</arg>
<doc>Fails if ``string`` does not match ``pattern`` as a regular expression.</doc>
<status status="PASS" start="2024-04-23T22:14:19.142813" elapsed="0.000371"/>
</kw>
<kw name="Should Match Regexp" owner="BuiltIn">
<arg>${json_data['results'][0]['picture']['large']}</arg>
<arg>^https?://.*\.(?:png|jpe?g|gif|bmp)$</arg>
<doc>Fails if ``string`` does not match ``pattern`` as a regular expression.</doc>
<status status="PASS" start="2024-04-23T22:14:19.143370" elapsed="0.000452"/>
</kw>
<kw name="Should Match Regexp" owner="BuiltIn">
<arg>${json_data['results'][0]['picture']['medium']}</arg>
<arg>^https?://.*\.(?:png|jpe?g|gif|bmp)$</arg>
<doc>Fails if ``string`` does not match ``pattern`` as a regular expression.</doc>
<status status="PASS" start="2024-04-23T22:14:19.144021" elapsed="0.000385"/>
</kw>
<kw name="Should Match Regexp" owner="BuiltIn">
<arg>${json_data['results'][0]['picture']['thumbnail']}</arg>
<arg>^https?://.*\.(?:png|jpe?g|gif|bmp)$</arg>
<doc>Fails if ``string`` does not match ``pattern`` as a regular expression.</doc>
<status status="PASS" start="2024-04-23T22:14:19.144598" elapsed="0.000367"/>
</kw>
<kw name="Log" owner="BuiltIn">
<msg time="2024-04-23T22:14:19.145467" level="INFO">{'large': 'https://randomuser.me/api/portraits/men/95.jpg', 'medium': 'https://randomuser.me/api/portraits/med/men/95.jpg', 'thumbnail': 'https://randomuser.me/api/portraits/thumb/men/95.jpg'}</msg>
<arg>${json_data['results'][0]['picture']}</arg>
<doc>Logs the given message with the given level.</doc>
<status status="PASS" start="2024-04-23T22:14:19.145147" elapsed="0.000362"/>
</kw>
<status status="PASS" start="2024-04-23T22:14:19.082853" elapsed="0.062916"/>
</kw>
<kw name="Teste de Tipos de Dados - Postcode" owner="random-user-service">
<kw name="GET On Session" owner="RequestsLibrary">
<msg time="2024-04-23T22:14:19.243799" level="INFO">GET Request : url=https://randomuser.me/api 
 path_url=/api 
 headers={'User-Agent': 'python-requests/2.31.0', 'Accept-Encoding': 'gzip, deflate', 'Accept': '*/*', 'Connection': 'keep-alive'} 
 body=None 
 </msg>
<msg time="2024-04-23T22:14:19.243874" level="INFO">GET Response : url=https://randomuser.me/api 
 status=200, reason=OK 
 headers={'Date': 'Tue, 23 Apr 2024 22:14:19 GMT', 'Content-Type': 'application/json; charset=utf-8', 'Transfer-Encoding': 'chunked', 'Connection': 'keep-alive', 'X-Powered-By': 'Express', 'Access-Control-Allow-Origin': '*', 'Cache-Control': 'no-cache', 'ETag': 'W/"478-il64bdxqcH70rIn8VhUiEcTJmY8"', 'Vary': 'Accept-Encoding', 'Content-Encoding': 'gzip', 'CF-Cache-Status': 'DYNAMIC', 'Report-To': '{"endpoints":[{"url":"https:\\/\\/a.nel.cloudflare.com\\/report\\/v4?s=B0RgGi4VKwvUbaUi6v4iDASgL7RMFo48UAtk0al%2FFVEY5JsnEtlh2iXi9Br96jOMn8XqD%2FY1u75GzJeiqRcUx0%2FqnKEHa7gJY5LoIH5ShHj%2B%2F%2BAyiuC2LCKy5OjroitP"}],"group":"cf-nel","max_age":604800}', 'NEL': '{"success_fraction":0,"report_to":"cf-nel","max_age":604800}', 'Server': 'cloudflare', 'CF-RAY': '879134b1b8505c90-ORD', 'alt-svc': 'h3=":443"; ma=86400'} 
 body={"results":[{"gender":"male","name":{"title":"Mr","first":"Samuel","last":"Harris"},"location":{"street":{"number":525,"name":"Lake Terrace"},"city":"Auckland","state":"Auckland","country":"New Zealand","postcode":34451,"coordinates":{"latitude":"55.2546","longitude":"-127.1720"},"timezone":{"offset":"-11:00","description":"Midway Island, Samoa"}},"email":"samuel.harris@example.com","login":{"uuid":"e4107004-aa47-463e-abb6-31ac4f50177c","username":"sadgorilla271","password":"powers","salt":"MQqDzm6N","md5":"d1b6443db0b37c3291ab4e41a85238a4","sha1":"3d71a3934fd451e09f836ee80a151b40a4e9c93b","sha256":"cd52c0cc1fd69748c9bad4ad439054c38cd3858951c1a2b21bfb6d5f71ba1852"},"dob":{"date":"1951-03-26T01:18:23.527Z","age":73},"registered":{"date":"2015-08-14T06:18:26.454Z","age":8},"phone":"(293)-004-4704","cell":"(744)-395-6376","id":{"name":"","value":null},"picture":{"large":"https://randomuser.me/api/portraits/men/77.jpg","medium":"https://randomuser.me/api/portraits/med/men/77.jpg","thumbnail":"https://randomuser.me/api/portraits/thumb/men/77.jpg"},"nat":"NZ"}],"info":{"seed":"5f8d926f8d4f72e8","results":1,"page":1,"version":"1.4"}} 
 </msg>
<msg time="2024-04-23T22:14:19.243939" level="INFO">/opt/hostedtoolcache/Python/3.12.3/x64/lib/python3.12/site-packages/urllib3/connectionpool.py:1103: InsecureRequestWarning: Unverified HTTPS request is being made to host 'randomuser.me'. Adding certificate verification is strongly advised. See: https://urllib3.readthedocs.io/en/latest/advanced-usage.html#tls-warnings
  warnings.warn(</msg>
<msg time="2024-04-23T22:14:19.244059" level="INFO">${response} = &lt;Response [200]&gt;</msg>
<var>${response}</var>
<arg>consultarAPI</arg>
<arg>/api</arg>
<doc>Sends a GET request on a previously created HTTP Session.</doc>
<status status="PASS" start="2024-04-23T22:14:19.146214" elapsed="0.097888"/>
</kw>
<kw name="Set Variable" owner="BuiltIn">
<msg time="2024-04-23T22:14:19.245027" level="INFO">${json_data} = {'results': [{'gender': 'male', 'name': {'title': 'Mr', 'first': 'Samuel', 'last': 'Harris'}, 'location': {'street': {'number': 525, 'name': 'Lake Terrace'}, 'city': 'Auckland', 'state': 'Auckland', '...</msg>
<var>${json_data}</var>
<arg>${response.json()}</arg>
<doc>Returns the given values which can then be assigned to a variables.</doc>
<status status="PASS" start="2024-04-23T22:14:19.244541" elapsed="0.000514"/>
</kw>
<kw name="Log" owner="BuiltIn">
<msg time="2024-04-23T22:14:19.245537" level="INFO">{'results': [{'gender': 'male', 'name': {'title': 'Mr', 'first': 'Samuel', 'last': 'Harris'}, 'location': {'street': {'number': 525, 'name': 'Lake Terrace'}, 'city': 'Auckland', 'state': 'Auckland', 'country': 'New Zealand', 'postcode': 34451, 'coordinates': {'latitude': '55.2546', 'longitude': '-127.1720'}, 'timezone': {'offset': '-11:00', 'description': 'Midway Island, Samoa'}}, 'email': 'samuel.harris@example.com', 'login': {'uuid': 'e4107004-aa47-463e-abb6-31ac4f50177c', 'username': 'sadgorilla271', 'password': 'powers', 'salt': 'MQqDzm6N', 'md5': 'd1b6443db0b37c3291ab4e41a85238a4', 'sha1': '3d71a3934fd451e09f836ee80a151b40a4e9c93b', 'sha256': 'cd52c0cc1fd69748c9bad4ad439054c38cd3858951c1a2b21bfb6d5f71ba1852'}, 'dob': {'date': '1951-03-26T01:18:23.527Z', 'age': 73}, 'registered': {'date': '2015-08-14T06:18:26.454Z', 'age': 8}, 'phone': '(293)-004-4704', 'cell': '(744)-395-6376', 'id': {'name': '', 'value': None}, 'picture': {'large': 'https://randomuser.me/api/portraits/men/77.jpg', 'medium': 'https://randomuser.me/api/portraits/med/men/77.jpg', 'thumbnail': 'https://randomuser.me/api/portraits/thumb/men/77.jpg'}, 'nat': 'NZ'}], 'info': {'seed': '5f8d926f8d4f72e8', 'results': 1, 'page': 1, 'version': '1.4'}}</msg>
<arg>${json_data}</arg>
<doc>Logs the given message with the given level.</doc>
<status status="PASS" start="2024-04-23T22:14:19.245377" elapsed="0.000208"/>
</kw>
<kw name="Should Be Equal As Numbers" owner="BuiltIn">
<arg>${json_data['results'][0]['location']['postcode']}</arg>
<arg>${json_data['results'][0]['location']['postcode']}</arg>
<doc>Fails if objects are unequal after converting them to real numbers.</doc>
<status status="PASS" start="2024-04-23T22:14:19.246065" elapsed="0.000633"/>
</kw>
<kw name="Log" owner="BuiltIn">
<msg time="2024-04-23T22:14:19.247270" level="INFO">34451</msg>
<arg>${json_data['results'][0]['location']['postcode']}</arg>
<doc>Logs the given message with the given level.</doc>
<status status="PASS" start="2024-04-23T22:14:19.246928" elapsed="0.000383"/>
</kw>
<status status="PASS" start="2024-04-23T22:14:19.145986" elapsed="0.101581"/>
</kw>
<doc>Testa se os tipos de dados na resposta da API estão corretos.</doc>
<tag>testeTiposDados</tag>
<status status="PASS" start="2024-04-23T22:14:19.082403" elapsed="0.165330"/>
</test>
<test id="s1-s1-t5" name="Validar conteudo" line="35">
<kw name="Teste de Tipos de Conteudo" owner="random-user-service">
<kw name="GET On Session" owner="RequestsLibrary">
<msg time="2024-04-23T22:14:19.342674" level="INFO">GET Request : url=https://randomuser.me/api 
 path_url=/api 
 headers={'User-Agent': 'python-requests/2.31.0', 'Accept-Encoding': 'gzip, deflate', 'Accept': '*/*', 'Connection': 'keep-alive'} 
 body=None 
 </msg>
<msg time="2024-04-23T22:14:19.342765" level="INFO">GET Response : url=https://randomuser.me/api 
 status=200, reason=OK 
 headers={'Date': 'Tue, 23 Apr 2024 22:14:19 GMT', 'Content-Type': 'application/json; charset=utf-8', 'Transfer-Encoding': 'chunked', 'Connection': 'keep-alive', 'X-Powered-By': 'Express', 'Access-Control-Allow-Origin': '*', 'Cache-Control': 'no-cache', 'ETag': 'W/"47e-7plZ/bH9L4qcWO0YClT9Ian+hHM"', 'Vary': 'Accept-Encoding', 'Content-Encoding': 'gzip', 'CF-Cache-Status': 'DYNAMIC', 'Report-To': '{"endpoints":[{"url":"https:\\/\\/a.nel.cloudflare.com\\/report\\/v4?s=Kd0PJ4T7dGk6SwaPbtQIhsFUeP5j%2FhbiwtvVsuSUAjcah%2FSMrLRl%2FNEhG%2Ft2vQ8KS5IXUXw1jX%2BJTfoeagTMxgPXzHE9qtvnBBuvDXNl9kE2ImIiUzTizQ2G11pM95CR"}],"group":"cf-nel","max_age":604800}', 'NEL': '{"success_fraction":0,"report_to":"cf-nel","max_age":604800}', 'Server': 'cloudflare', 'CF-RAY': '879134b2590c5c90-ORD', 'alt-svc': 'h3=":443"; ma=86400'} 
 body={"results":[{"gender":"female","name":{"title":"Ms","first":"Marta","last":"Diez"},"location":{"street":{"number":4922,"name":"Calle de Ángel García"},"city":"La Palma","state":"Galicia","country":"Spain","postcode":82996,"coordinates":{"latitude":"-32.1417","longitude":"128.0202"},"timezone":{"offset":"-3:30","description":"Newfoundland"}},"email":"marta.diez@example.com","login":{"uuid":"a3a47b6a-cb25-4aeb-af8a-b6e07c07a19b","username":"purplepanda451","password":"krypton","salt":"UkuP6TN7","md5":"7be9b789f990f3d0aa3d7f310ecba215","sha1":"36f576a7a18d887724748f99d157f6f5b7b4d6c9","sha256":"2f1d36da147fdcb71e6b73f33790dbb367c9ae565f89a98918f8b1bbd0bc2770"},"dob":{"date":"1994-09-30T04:14:05.815Z","age":29},"registered":{"date":"2002-04-21T21:00:24.934Z","age":22},"phone":"970-461-679","cell":"630-313-418","id":{"name":"DNI","value":"04666237-D"},"picture":{"large":"https://randomuser.me/api/portraits/women/45.jpg","medium":"https://randomuser.me/api/portraits/med/women/45.jpg","thumbnail":"https://randomuser.me/api/portraits/thumb/women/45.jpg"},"nat":"ES"}],"info":{"seed":"afacf880e75f56b3","results":1,"page":1,"version":"1.4"}} 
 </msg>
<msg time="2024-04-23T22:14:19.342849" level="INFO">/opt/hostedtoolcache/Python/3.12.3/x64/lib/python3.12/site-packages/urllib3/connectionpool.py:1103: InsecureRequestWarning: Unverified HTTPS request is being made to host 'randomuser.me'. Adding certificate verification is strongly advised. See: https://urllib3.readthedocs.io/en/latest/advanced-usage.html#tls-warnings
  warnings.warn(</msg>
<msg time="2024-04-23T22:14:19.342974" level="INFO">${response} = &lt;Response [200]&gt;</msg>
<var>${response}</var>
<arg>consultarAPI</arg>
<arg>/api</arg>
<doc>Sends a GET request on a previously created HTTP Session.</doc>
<status status="PASS" start="2024-04-23T22:14:19.250626" elapsed="0.092398"/>
</kw>
<kw name="Set Variable" owner="BuiltIn">
<msg time="2024-04-23T22:14:19.343873" level="INFO">${json_data} = {'results': [{'gender': 'female', 'name': {'title': 'Ms', 'first': 'Marta', 'last': 'Diez'}, 'location': {'street': {'number': 4922, 'name': 'Calle de Ángel García'}, 'city': 'La Palma', 'state': 'Gal...</msg>
<var>${json_data}</var>
<arg>${response.json()}</arg>
<doc>Returns the given values which can then be assigned to a variables.</doc>
<status status="PASS" start="2024-04-23T22:14:19.343401" elapsed="0.000502"/>
</kw>
<kw name="Set Variable" owner="BuiltIn">
<msg time="2024-04-23T22:14:19.344663" level="INFO">${name_title} = Ms</msg>
<var>${name_title}</var>
<arg>${json_data["results"][0]["name"]["title"]}</arg>
<doc>Returns the given values which can then be assigned to a variables.</doc>
<status status="PASS" start="2024-04-23T22:14:19.344254" elapsed="0.000435"/>
</kw>
<kw name="Create List" owner="BuiltIn">
<msg time="2024-04-23T22:14:19.345155" level="INFO">${allowed_titles} = ['Mr', 'Ms', 'Miss', 'Mrs', 'Madame', 'Monsieur']</msg>
<var>${allowed_titles}</var>
<arg>Mr</arg>
<arg>Ms</arg>
<arg>Miss</arg>
<arg>Mrs</arg>
<arg>Madame</arg>
<arg>Monsieur</arg>
<doc>Returns a list containing given items.</doc>
<status status="PASS" start="2024-04-23T22:14:19.344998" elapsed="0.000186"/>
</kw>
<kw name="List Should Contain Value" owner="Collections">
<msg time="2024-04-23T22:14:19.345669" level="INFO">False</msg>
<arg>${allowed_titles}</arg>
<arg>${name_title}</arg>
<doc>Fails if the ``value`` is not found from ``list``.</doc>
<status status="PASS" start="2024-04-23T22:14:19.345492" elapsed="0.000214"/>
</kw>
<kw name="Set Variable" owner="BuiltIn">
<msg time="2024-04-23T22:14:19.346394" level="INFO">${name_country} = ES</msg>
<var>${name_country}</var>
<arg>${json_data["results"][0]["nat"]}</arg>
<doc>Returns the given values which can then be assigned to a variables.</doc>
<status status="PASS" start="2024-04-23T22:14:19.346007" elapsed="0.000412"/>
</kw>
<kw name="Create List" owner="BuiltIn">
<msg time="2024-04-23T22:14:19.347310" level="INFO">${list_country} = ['AD', 'AE', 'AF', 'AG', 'AI', 'AL', 'AM', 'AO', 'AQ', 'AR', 'AS', 'AT', 'AU', 'AW', 'AX', 'AZ', 'BA', 'BB', 'BD', 'BE', 'BF', 'BG', 'BH', 'BI', 'BJ', 'BL', 'BM', 'BN', 'BO', 'BQ', 'BR', 'BS', 'BT', '...</msg>
<var>${list_country}</var>
<arg>AD</arg>
<arg>AE</arg>
<arg>AF</arg>
<arg>AG</arg>
<arg>AI</arg>
<arg>AL</arg>
<arg>AM</arg>
<arg>AO</arg>
<arg>AQ</arg>
<arg>AR</arg>
<arg>AS</arg>
<arg>AT</arg>
<arg>AU</arg>
<arg>AW</arg>
<arg>AX</arg>
<arg>AZ</arg>
<arg>BA</arg>
<arg>BB</arg>
<arg>BD</arg>
<arg>BE</arg>
<arg>BF</arg>
<arg>BG</arg>
<arg>BH</arg>
<arg>BI</arg>
<arg>BJ</arg>
<arg>BL</arg>
<arg>BM</arg>
<arg>BN</arg>
<arg>BO</arg>
<arg>BQ</arg>
<arg>BR</arg>
<arg>BS</arg>
<arg>BT</arg>
<arg>BV</arg>
<arg>BW</arg>
<arg>BY</arg>
<arg>BZ</arg>
<arg>CA</arg>
<arg>CC</arg>
<arg>CD</arg>
<arg>CF</arg>
<arg>CG</arg>
<arg>CH</arg>
<arg>CI</arg>
<arg>CK</arg>
<arg>CL</arg>
<arg>CM</arg>
<arg>CN</arg>
<arg>CO</arg>
<arg>CR</arg>
<arg>CU</arg>
<arg>CV</arg>
<arg>CW</arg>
<arg>CX</arg>
<arg>CY</arg>
<arg>CZ</arg>
<arg>DE</arg>
<arg>DJ</arg>
<arg>DK</arg>
<arg>DM</arg>
<arg>DO</arg>
<arg>DZ</arg>
<arg>EC</arg>
<arg>EE</arg>
<arg>EG</arg>
<arg>EH</arg>
<arg>ER</arg>
<arg>ES</arg>
<arg>ET</arg>
<arg>FI</arg>
<arg>FJ</arg>
<arg>FK</arg>
<arg>FM</arg>
<arg>FO</arg>
<arg>FR</arg>
<arg>GA</arg>
<arg>GB</arg>
<arg>GD</arg>
<arg>GE</arg>
<arg>GF</arg>
<arg>GG</arg>
<arg>GH</arg>
<arg>GI</arg>
<arg>GL</arg>
<arg>GM</arg>
<arg>GN</arg>
<arg>GP</arg>
<arg>GQ</arg>
<arg>GR</arg>
<arg>GS</arg>
<arg>GT</arg>
<arg>GU</arg>
<arg>GW</arg>
<arg>GY</arg>
<arg>HK</arg>
<arg>HM</arg>
<arg>HN</arg>
<arg>HR</arg>
<arg>HT</arg>
<arg>HU</arg>
<arg>ID</arg>
<arg>IE</arg>
<arg>IL</arg>
<arg>IM</arg>
<arg>IN</arg>
<arg>IO</arg>
<arg>IQ</arg>
<arg>IR</arg>
<arg>IS</arg>
<arg>IT</arg>
<arg>JE</arg>
<arg>JM</arg>
<arg>JO</arg>
<arg>JP</arg>
<arg>KE</arg>
<arg>KG</arg>
<arg>KH</arg>
<arg>KI</arg>
<arg>KM</arg>
<arg>KN</arg>
<arg>KP</arg>
<arg>KR</arg>
<arg>KW</arg>
<arg>KY</arg>
<arg>KZ</arg>
<arg>LA</arg>
<arg>LB</arg>
<arg>LC</arg>
<arg>LI</arg>
<arg>LK</arg>
<arg>LR</arg>
<arg>LS</arg>
<arg>LT</arg>
<arg>LU</arg>
<arg>LV</arg>
<arg>LY</arg>
<arg>MA</arg>
<arg>MC</arg>
<arg>MD</arg>
<arg>ME</arg>
<arg>MF</arg>
<arg>MG</arg>
<arg>MH</arg>
<arg>MK</arg>
<arg>ML</arg>
<arg>MM</arg>
<arg>MN</arg>
<arg>MO</arg>
<arg>MP</arg>
<arg>MQ</arg>
<arg>MR</arg>
<arg>MS</arg>
<arg>MT</arg>
<arg>MU</arg>
<arg>MV</arg>
<arg>MW</arg>
<arg>MX</arg>
<arg>MY</arg>
<arg>MZ</arg>
<arg>NA</arg>
<arg>NC</arg>
<arg>NE</arg>
<arg>NF</arg>
<arg>NG</arg>
<arg>NI</arg>
<arg>NL</arg>
<arg>NO</arg>
<arg>NP</arg>
<arg>NR</arg>
<arg>NU</arg>
<arg>NZ</arg>
<arg>OM</arg>
<arg>PA</arg>
<arg>PE</arg>
<arg>PF</arg>
<arg>PG</arg>
<arg>PH</arg>
<arg>PK</arg>
<arg>PL</arg>
<arg>PM</arg>
<arg>PN</arg>
<arg>PR</arg>
<arg>PS</arg>
<arg>PT</arg>
<arg>PW</arg>
<arg>PY</arg>
<arg>QA</arg>
<arg>RE</arg>
<arg>RO</arg>
<arg>RS</arg>
<arg>RU</arg>
<arg>RW</arg>
<arg>SA</arg>
<arg>SB</arg>
<arg>SC</arg>
<arg>SD</arg>
<arg>SE</arg>
<arg>SG</arg>
<arg>SH</arg>
<arg>SI</arg>
<arg>SJ</arg>
<arg>SK</arg>
<arg>SL</arg>
<arg>SM</arg>
<arg>SN</arg>
<arg>SO</arg>
<arg>SR</arg>
<arg>SS</arg>
<arg>ST</arg>
<arg>SV</arg>
<arg>SX</arg>
<arg>SY</arg>
<arg>SZ</arg>
<arg>TC</arg>
<arg>TD</arg>
<arg>TF</arg>
<arg>TG</arg>
<arg>TH</arg>
<arg>TJ</arg>
<arg>TK</arg>
<arg>TL</arg>
<arg>TM</arg>
<arg>TN</arg>
<arg>TO</arg>
<arg>TR</arg>
<arg>TT</arg>
<arg>TV</arg>
<arg>TW</arg>
<arg>TZ</arg>
<arg>UA</arg>
<arg>UG</arg>
<arg>UM</arg>
<arg>US</arg>
<arg>UY</arg>
<arg>UZ</arg>
<arg>VA</arg>
<arg>VC</arg>
<arg>VE</arg>
<arg>VG</arg>
<arg>VI</arg>
<arg>VN</arg>
<arg>VU</arg>
<arg>WF</arg>
<arg>WS</arg>
<arg>XK</arg>
<arg>YE</arg>
<arg>YT</arg>
<arg>ZA</arg>
<arg>ZM</arg>
<arg>ZW</arg>
<doc>Returns a list containing given items.</doc>
<status status="PASS" start="2024-04-23T22:14:19.346722" elapsed="0.000614"/>
</kw>
<kw name="List Should Contain Value" owner="Collections">
<msg time="2024-04-23T22:14:19.348377" level="INFO">False</msg>
<arg>${list_country}</arg>
<arg>${name_country}</arg>
<doc>Fails if the ``value`` is not found from ``list``.</doc>
<status status="PASS" start="2024-04-23T22:14:19.348169" elapsed="0.000244"/>
</kw>
<kw name="Run Keyword If" owner="BuiltIn">
<kw name="Should Be True" owner="BuiltIn">
<arg>${True}</arg>
<doc>Fails if the given condition is not true.</doc>
<status status="PASS" start="2024-04-23T22:14:19.349481" elapsed="0.000256"/>
</kw>
<arg>${json_data["results"][0]["location"]["coordinates"]["latitude"]} &gt;= -90 and ${json_data["results"][0]["location"]["coordinates"]["latitude"]} &lt;= 90</arg>
<arg>Should Be True</arg>
<arg>${True}</arg>
<doc>Runs the given keyword with the given arguments, if ``condition`` is true.</doc>
<status status="PASS" start="2024-04-23T22:14:19.348727" elapsed="0.001154"/>
</kw>
<kw name="Run Keyword If" owner="BuiltIn">
<kw name="Should Be True" owner="BuiltIn">
<arg>${True}</arg>
<doc>Fails if the given condition is not true.</doc>
<status status="PASS" start="2024-04-23T22:14:19.350777" elapsed="0.000139"/>
</kw>
<arg>${json_data["results"][0]["location"]["coordinates"]["longitude"]} &gt;= -180 and ${json_data["results"][0]["location"]["coordinates"]["longitude"]} &lt;= 180</arg>
<arg>Should Be True</arg>
<arg>${True}</arg>
<doc>Runs the given keyword with the given arguments, if ``condition`` is true.</doc>
<status status="PASS" start="2024-04-23T22:14:19.350073" elapsed="0.000967"/>
</kw>
<status status="PASS" start="2024-04-23T22:14:19.250251" elapsed="0.100920"/>
</kw>
<doc>Testa o conteúdo específico dos campos retornados pela API.</doc>
<tag>testeConteudo</tag>
<status status="PASS" start="2024-04-23T22:14:19.249563" elapsed="0.101791"/>
</test>
<status status="PASS" start="2024-04-23T22:14:18.544969" elapsed="0.808324"/>
</suite>
<status status="PASS" start="2024-04-23T22:14:18.531563" elapsed="0.826965"/>
</suite>
<statistics>
<total>
<stat pass="5" fail="0" skip="0">All Tests</stat>
</total>
<tag>
<stat pass="1" fail="0" skip="0">testeConteudo</stat>
<stat pass="1" fail="0" skip="0">testeEstruturaResposta</stat>
<stat pass="1" fail="0" skip="0">testeRequisicaoBasica</stat>
<stat pass="1" fail="0" skip="0">testeTiposDados</stat>
</tag>
<suite>
<stat pass="5" fail="0" skip="0" id="s1" name="Tests">Tests</stat>
<stat pass="5" fail="0" skip="0" id="s1-s1" name="Random-User-Test">Tests.Random-User-Test</stat>
</suite>
</statistics>
<errors>
</errors>
</robot>
