<?xml version="1.0" encoding="UTF-8"?>
<robot generator="Robot 7.0 (Python 3.12.3 on linux)" generated="2024-04-21T13:15:02.446037" rpa="false" schemaversion="5">
<suite id="s1" name="Tests" source="/home/runner/work/DesafioQAItauRogerioJordao/DesafioQAItauRogerioJordao/RamdonUser/tests">
<suite id="s1-s1" name="Random-User-Test" source="/home/runner/work/DesafioQAItauRogerioJordao/DesafioQAItauRogerioJordao/RamdonUser/tests/random-user-test.robot">
<test id="s1-s1-t1" name="Conectar" line="13">
<kw name="Conectar API" owner="random-user-service">
<kw name="Create Session" owner="RequestsLibrary">
<msg time="2024-04-21T13:15:02.825224" level="INFO">Creating Session using : alias=consultarAPI, url=https://randomuser.me/, headers={},                     cookies={}, auth=None, timeout=None, proxies=None, verify=False,                     debug=0 </msg>
<arg>consultarAPI</arg>
<arg>${URL}</arg>
<doc>Create Session: create a HTTP session to a server</doc>
<status status="PASS" start="2024-04-21T13:15:02.825009" elapsed="0.000398"/>
</kw>
<status status="PASS" start="2024-04-21T13:15:02.823877" elapsed="0.001901"/>
</kw>
<status status="PASS" start="2024-04-21T13:15:02.823164" elapsed="0.002809"/>
</test>
<test id="s1-s1-t2" name="Validar retorno 200 e JSON Válido" line="16">
<kw name="Teste de Requisicao Basica" owner="random-user-service">
<kw name="GET On Session" owner="RequestsLibrary">
<msg time="2024-04-21T13:15:03.194043" level="INFO">GET Request : url=https://randomuser.me/api 
 path_url=/api 
 headers={'User-Agent': 'python-requests/2.31.0', 'Accept-Encoding': 'gzip, deflate', 'Accept': '*/*', 'Connection': 'keep-alive'} 
 body=None 
 </msg>
<msg time="2024-04-21T13:15:03.194196" level="INFO">GET Response : url=https://randomuser.me/api 
 status=200, reason=OK 
 headers={'Date': 'Sun, 21 Apr 2024 13:15:03 GMT', 'Content-Type': 'application/json; charset=utf-8', 'Transfer-Encoding': 'chunked', 'Connection': 'keep-alive', 'X-Powered-By': 'Express', 'Access-Control-Allow-Origin': '*', 'Cache-Control': 'no-cache', 'ETag': 'W/"4a7-7CTDzZK0pVrl9ZNTFkjyOWlNFKI"', 'Vary': 'Accept-Encoding', 'Content-Encoding': 'gzip', 'CF-Cache-Status': 'DYNAMIC', 'Report-To': '{"endpoints":[{"url":"https:\\/\\/a.nel.cloudflare.com\\/report\\/v4?s=wnwP4jyKLnUWutPnV7wbdyxukt2sErCnoERj90g2Lgap6Wz0DNChKD9A38JuvSeJ8DrkM%2FEOu%2Bp52kDO2nqLfACQJ1u3BQ2%2FdC753IOsi96905lL99GRZKnhEb%2B0xDAu"}],"group":"cf-nel","max_age":604800}', 'NEL': '{"success_fraction":0,"report_to":"cf-nel","max_age":604800}', 'Server': 'cloudflare', 'CF-RAY': '877da3ffc91b67b8-SJC', 'alt-svc': 'h3=":443"; ma=86400'} 
 body={"results":[{"gender":"female","name":{"title":"Ms","first":"Joanne","last":"Horton"},"location":{"street":{"number":3958,"name":"W Belt Line Rd"},"city":"Warrnambool","state":"Northern Territory","country":"Australia","postcode":1819,"coordinates":{"latitude":"-87.6440","longitude":"178.4512"},"timezone":{"offset":"+5:00","description":"Ekaterinburg, Islamabad, Karachi, Tashkent"}},"email":"joanne.horton@example.com","login":{"uuid":"76eb6df4-72ab-40a3-8f66-f55ce393c4e2","username":"greenwolf411","password":"helmut","salt":"lMQaNmG0","md5":"70b864a9f9562967e8819f5269860831","sha1":"8af05c289a16d309166f054c6061506118ea2ee8","sha256":"5dce7599400d4257e334c7e0a08d61d930aaafe1d8317c35ad7d0a6c7e545169"},"dob":{"date":"1965-07-25T21:03:54.516Z","age":58},"registered":{"date":"2018-05-18T07:52:31.667Z","age":5},"phone":"02-5273-9173","cell":"0409-072-559","id":{"name":"TFN","value":"050122788"},"picture":{"large":"https://randomuser.me/api/portraits/women/90.jpg","medium":"https://randomuser.me/api/portraits/med/women/90.jpg","thumbnail":"https://randomuser.me/api/portraits/thumb/women/90.jpg"},"nat":"AU"}],"info":{"seed":"affb9f5d16d9884f","results":1,"page":1,"version":"1.4"}} 
 </msg>
<msg time="2024-04-21T13:15:03.194275" level="INFO">/opt/hostedtoolcache/Python/3.12.3/x64/lib/python3.12/site-packages/urllib3/connectionpool.py:1103: InsecureRequestWarning: Unverified HTTPS request is being made to host 'randomuser.me'. Adding certificate verification is strongly advised. See: https://urllib3.readthedocs.io/en/latest/advanced-usage.html#tls-warnings
  warnings.warn(</msg>
<msg time="2024-04-21T13:15:03.194415" level="INFO">${response} = &lt;Response [200]&gt;</msg>
<var>${response}</var>
<arg>consultarAPI</arg>
<arg>/api</arg>
<doc>Sends a GET request on a previously created HTTP Session.</doc>
<status status="PASS" start="2024-04-21T13:15:02.828679" elapsed="0.365773"/>
</kw>
<kw name="Should Be Equal As Numbers" owner="BuiltIn">
<msg time="2024-04-21T13:15:03.195512" level="INFO">Argument types are:
&lt;class 'int'&gt;
&lt;class 'str'&gt;</msg>
<arg>${response.status_code}</arg>
<arg>200</arg>
<doc>Fails if objects are unequal after converting them to real numbers.</doc>
<status status="PASS" start="2024-04-21T13:15:03.195052" elapsed="0.000523"/>
</kw>
<kw name="Log" owner="BuiltIn">
<msg time="2024-04-21T13:15:03.196260" level="INFO">200</msg>
<arg>${response.status_code}</arg>
<doc>Logs the given message with the given level.</doc>
<status status="PASS" start="2024-04-21T13:15:03.195913" elapsed="0.000387"/>
</kw>
<kw name="Set Variable" owner="BuiltIn">
<msg time="2024-04-21T13:15:03.197040" level="INFO">${json_data} = {'results': [{'gender': 'female', 'name': {'title': 'Ms', 'first': 'Joanne', 'last': 'Horton'}, 'location': {'street': {'number': 3958, 'name': 'W Belt Line Rd'}, 'city': 'Warrnambool', 'state': 'Nort...</msg>
<var>${json_data}</var>
<arg>${response.json()}</arg>
<doc>Returns the given values which can then be assigned to a variables.</doc>
<status status="PASS" start="2024-04-21T13:15:03.196609" elapsed="0.000459"/>
</kw>
<kw name="Dictionary Should Contain Key" owner="Collections">
<msg time="2024-04-21T13:15:03.197531" level="INFO">False</msg>
<arg>${json_data}</arg>
<arg>results</arg>
<doc>Fails if ``key`` is not found from ``dictionary``.</doc>
<status status="PASS" start="2024-04-21T13:15:03.197363" elapsed="0.000207"/>
</kw>
<status status="PASS" start="2024-04-21T13:15:02.828427" elapsed="0.369404"/>
</kw>
<doc>Testa se a API responde corretamente e retorna um objeto JSON válido.</doc>
<tag>testeRequisicaoBasica</tag>
<status status="PASS" start="2024-04-21T13:15:02.827918" elapsed="0.370097"/>
</test>
<test id="s1-s1-t3" name="Validar estrutura de resposta" line="22">
<kw name="Teste de Estrutura de Resposta" owner="random-user-service">
<kw name="GET On Session" owner="RequestsLibrary">
<msg time="2024-04-21T13:15:03.315357" level="INFO">GET Request : url=https://randomuser.me/api 
 path_url=/api 
 headers={'User-Agent': 'python-requests/2.31.0', 'Accept-Encoding': 'gzip, deflate', 'Accept': '*/*', 'Connection': 'keep-alive'} 
 body=None 
 </msg>
<msg time="2024-04-21T13:15:03.315453" level="INFO">GET Response : url=https://randomuser.me/api 
 status=200, reason=OK 
 headers={'Date': 'Sun, 21 Apr 2024 13:15:03 GMT', 'Content-Type': 'application/json; charset=utf-8', 'Transfer-Encoding': 'chunked', 'Connection': 'keep-alive', 'X-Powered-By': 'Express', 'Access-Control-Allow-Origin': '*', 'Cache-Control': 'no-cache', 'ETag': 'W/"495-MTnJZ3GmRoC3Yka5hlS9cPNvWTo"', 'Vary': 'Accept-Encoding', 'Content-Encoding': 'gzip', 'CF-Cache-Status': 'DYNAMIC', 'Report-To': '{"endpoints":[{"url":"https:\\/\\/a.nel.cloudflare.com\\/report\\/v4?s=4Ko%2FcXGugCebhlmFbqLrccdKfK7Vfb8TVOk6yGFbTnzHhYTciK%2Fn07i6THyFC65X6H5b7TWj9rYGxuaVTwFBnScQNFnuNTfkCSRnxc7YkpC9iS5GToimoZQvOu2gYq08"}],"group":"cf-nel","max_age":604800}', 'NEL': '{"success_fraction":0,"report_to":"cf-nel","max_age":604800}', 'Server': 'cloudflare', 'CF-RAY': '877da4010a1967b8-SJC', 'alt-svc': 'h3=":443"; ma=86400'} 
 body={"results":[{"gender":"female","name":{"title":"Mrs","first":"Axelle","last":"Vidal"},"location":{"street":{"number":5560,"name":"Rue D'Abbeville"},"city":"Aubervilliers","state":"Tarn","country":"France","postcode":97947,"coordinates":{"latitude":"-21.3882","longitude":"75.8770"},"timezone":{"offset":"+6:00","description":"Almaty, Dhaka, Colombo"}},"email":"axelle.vidal@example.com","login":{"uuid":"2f8c871e-ffef-4fc6-aac2-ef9cf02fb7b5","username":"blacktiger949","password":"seductive","salt":"0607UAxQ","md5":"907da162fbbe5ae5ebb821408e307a1d","sha1":"14f0df2da1a2042f5356b45f43abd0e26c871a2b","sha256":"95bf8a4c1d19a55abeeb7c9627e099a97032adf41a76414871ada8fa3e90d96e"},"dob":{"date":"1977-06-10T00:55:31.984Z","age":46},"registered":{"date":"2017-12-04T14:34:19.388Z","age":6},"phone":"01-19-64-73-65","cell":"06-75-28-89-58","id":{"name":"INSEE","value":"2770540804615 74"},"picture":{"large":"https://randomuser.me/api/portraits/women/92.jpg","medium":"https://randomuser.me/api/portraits/med/women/92.jpg","thumbnail":"https://randomuser.me/api/portraits/thumb/women/92.jpg"},"nat":"FR"}],"info":{"seed":"60cfab31ec3c6e0e","results":1,"page":1,"version":"1.4"}} 
 </msg>
<msg time="2024-04-21T13:15:03.315585" level="INFO">/opt/hostedtoolcache/Python/3.12.3/x64/lib/python3.12/site-packages/urllib3/connectionpool.py:1103: InsecureRequestWarning: Unverified HTTPS request is being made to host 'randomuser.me'. Adding certificate verification is strongly advised. See: https://urllib3.readthedocs.io/en/latest/advanced-usage.html#tls-warnings
  warnings.warn(</msg>
<msg time="2024-04-21T13:15:03.315827" level="INFO">${response} = &lt;Response [200]&gt;</msg>
<var>${response}</var>
<arg>consultarAPI</arg>
<arg>/api</arg>
<doc>Sends a GET request on a previously created HTTP Session.</doc>
<status status="PASS" start="2024-04-21T13:15:03.200627" elapsed="0.115235"/>
</kw>
<kw name="Set Variable" owner="BuiltIn">
<msg time="2024-04-21T13:15:03.316781" level="INFO">${json_data} = {'results': [{'gender': 'female', 'name': {'title': 'Mrs', 'first': 'Axelle', 'last': 'Vidal'}, 'location': {'street': {'number': 5560, 'name': "Rue D'Abbeville"}, 'city': 'Aubervilliers', 'state': 'T...</msg>
<var>${json_data}</var>
<arg>${response.json()}</arg>
<doc>Returns the given values which can then be assigned to a variables.</doc>
<status status="PASS" start="2024-04-21T13:15:03.316277" elapsed="0.000533"/>
</kw>
<kw name="Log" owner="BuiltIn">
<msg time="2024-04-21T13:15:03.317278" level="INFO">{'results': [{'gender': 'female', 'name': {'title': 'Mrs', 'first': 'Axelle', 'last': 'Vidal'}, 'location': {'street': {'number': 5560, 'name': "Rue D'Abbeville"}, 'city': 'Aubervilliers', 'state': 'Tarn', 'country': 'France', 'postcode': 97947, 'coordinates': {'latitude': '-21.3882', 'longitude': '75.8770'}, 'timezone': {'offset': '+6:00', 'description': 'Almaty, Dhaka, Colombo'}}, 'email': 'axelle.vidal@example.com', 'login': {'uuid': '2f8c871e-ffef-4fc6-aac2-ef9cf02fb7b5', 'username': 'blacktiger949', 'password': 'seductive', 'salt': '0607UAxQ', 'md5': '907da162fbbe5ae5ebb821408e307a1d', 'sha1': '14f0df2da1a2042f5356b45f43abd0e26c871a2b', 'sha256': '95bf8a4c1d19a55abeeb7c9627e099a97032adf41a76414871ada8fa3e90d96e'}, 'dob': {'date': '1977-06-10T00:55:31.984Z', 'age': 46}, 'registered': {'date': '2017-12-04T14:34:19.388Z', 'age': 6}, 'phone': '01-19-64-73-65', 'cell': '06-75-28-89-58', 'id': {'name': 'INSEE', 'value': '2770540804615 74'}, 'picture': {'large': 'https://randomuser.me/api/portraits/women/92.jpg', 'medium': 'https://randomuser.me/api/portraits/med/women/92.jpg', 'thumbnail': 'https://randomuser.me/api/portraits/thumb/women/92.jpg'}, 'nat': 'FR'}], 'info': {'seed': '60cfab31ec3c6e0e', 'results': 1, 'page': 1, 'version': '1.4'}}</msg>
<arg>${json_data}</arg>
<doc>Logs the given message with the given level.</doc>
<status status="PASS" start="2024-04-21T13:15:03.317117" elapsed="0.000209"/>
</kw>
<kw name="Dictionary Should Contain Key" owner="Collections">
<msg time="2024-04-21T13:15:03.317781" level="INFO">False</msg>
<arg>${json_data}</arg>
<arg>results</arg>
<doc>Fails if ``key`` is not found from ``dictionary``.</doc>
<status status="PASS" start="2024-04-21T13:15:03.317621" elapsed="0.000196"/>
</kw>
<kw name="Should Not Be Empty" owner="BuiltIn">
<msg time="2024-04-21T13:15:03.318579" level="INFO">Length is 2.</msg>
<arg>${json_data}</arg>
<doc>Verifies that the given item is not empty.</doc>
<status status="PASS" start="2024-04-21T13:15:03.318308" elapsed="0.000924"/>
</kw>
<kw name="Create List" owner="BuiltIn">
<msg time="2024-04-21T13:15:03.319698" level="INFO">${expected_keys} = ['gender', 'name', 'location', 'email', 'login']</msg>
<var>${expected_keys}</var>
<arg>gender</arg>
<arg>name</arg>
<arg>location</arg>
<arg>email</arg>
<arg>login</arg>
<doc>Returns a list containing given items.</doc>
<status status="PASS" start="2024-04-21T13:15:03.319545" elapsed="0.000178"/>
</kw>
<for flavor="IN">
<iter>
<kw name="Dictionary Should Contain Key" owner="Collections">
<msg time="2024-04-21T13:15:03.320769" level="INFO">False</msg>
<arg>${json_data['results'][0]}</arg>
<arg>${key}</arg>
<doc>Fails if ``key`` is not found from ``dictionary``.</doc>
<status status="PASS" start="2024-04-21T13:15:03.320304" elapsed="0.000503"/>
</kw>
<kw name="Log" owner="BuiltIn">
<msg time="2024-04-21T13:15:03.321493" level="INFO">{'gender': 'female', 'name': {'title': 'Mrs', 'first': 'Axelle', 'last': 'Vidal'}, 'location': {'street': {'number': 5560, 'name': "Rue D'Abbeville"}, 'city': 'Aubervilliers', 'state': 'Tarn', 'country': 'France', 'postcode': 97947, 'coordinates': {'latitude': '-21.3882', 'longitude': '75.8770'}, 'timezone': {'offset': '+6:00', 'description': 'Almaty, Dhaka, Colombo'}}, 'email': 'axelle.vidal@example.com', 'login': {'uuid': '2f8c871e-ffef-4fc6-aac2-ef9cf02fb7b5', 'username': 'blacktiger949', 'password': 'seductive', 'salt': '0607UAxQ', 'md5': '907da162fbbe5ae5ebb821408e307a1d', 'sha1': '14f0df2da1a2042f5356b45f43abd0e26c871a2b', 'sha256': '95bf8a4c1d19a55abeeb7c9627e099a97032adf41a76414871ada8fa3e90d96e'}, 'dob': {'date': '1977-06-10T00:55:31.984Z', 'age': 46}, 'registered': {'date': '2017-12-04T14:34:19.388Z', 'age': 6}, 'phone': '01-19-64-73-65', 'cell': '06-75-28-89-58', 'id': {'name': 'INSEE', 'value': '2770540804615 74'}, 'picture': {'large': 'https://randomuser.me/api/portraits/women/92.jpg', 'medium': 'https://randomuser.me/api/portraits/med/women/92.jpg', 'thumbnail': 'https://randomuser.me/api/portraits/thumb/women/92.jpg'}, 'nat': 'FR'}</msg>
<arg>${json_data['results'][0]}</arg>
<doc>Logs the given message with the given level.</doc>
<status status="PASS" start="2024-04-21T13:15:03.321114" elapsed="0.000444"/>
</kw>
<kw name="Log" owner="BuiltIn">
<msg time="2024-04-21T13:15:03.321987" level="INFO">gender</msg>
<arg>${key}</arg>
<doc>Logs the given message with the given level.</doc>
<status status="PASS" start="2024-04-21T13:15:03.321857" elapsed="0.000168"/>
</kw>
<var name="${key}">gender</var>
<status status="PASS" start="2024-04-21T13:15:03.320177" elapsed="0.002061"/>
</iter>
<iter>
<kw name="Dictionary Should Contain Key" owner="Collections">
<msg time="2024-04-21T13:15:03.322947" level="INFO">False</msg>
<arg>${json_data['results'][0]}</arg>
<arg>${key}</arg>
<doc>Fails if ``key`` is not found from ``dictionary``.</doc>
<status status="PASS" start="2024-04-21T13:15:03.322543" elapsed="0.000441"/>
</kw>
<kw name="Log" owner="BuiltIn">
<msg time="2024-04-21T13:15:03.323720" level="INFO">{'gender': 'female', 'name': {'title': 'Mrs', 'first': 'Axelle', 'last': 'Vidal'}, 'location': {'street': {'number': 5560, 'name': "Rue D'Abbeville"}, 'city': 'Aubervilliers', 'state': 'Tarn', 'country': 'France', 'postcode': 97947, 'coordinates': {'latitude': '-21.3882', 'longitude': '75.8770'}, 'timezone': {'offset': '+6:00', 'description': 'Almaty, Dhaka, Colombo'}}, 'email': 'axelle.vidal@example.com', 'login': {'uuid': '2f8c871e-ffef-4fc6-aac2-ef9cf02fb7b5', 'username': 'blacktiger949', 'password': 'seductive', 'salt': '0607UAxQ', 'md5': '907da162fbbe5ae5ebb821408e307a1d', 'sha1': '14f0df2da1a2042f5356b45f43abd0e26c871a2b', 'sha256': '95bf8a4c1d19a55abeeb7c9627e099a97032adf41a76414871ada8fa3e90d96e'}, 'dob': {'date': '1977-06-10T00:55:31.984Z', 'age': 46}, 'registered': {'date': '2017-12-04T14:34:19.388Z', 'age': 6}, 'phone': '01-19-64-73-65', 'cell': '06-75-28-89-58', 'id': {'name': 'INSEE', 'value': '2770540804615 74'}, 'picture': {'large': 'https://randomuser.me/api/portraits/women/92.jpg', 'medium': 'https://randomuser.me/api/portraits/med/women/92.jpg', 'thumbnail': 'https://randomuser.me/api/portraits/thumb/women/92.jpg'}, 'nat': 'FR'}</msg>
<arg>${json_data['results'][0]}</arg>
<doc>Logs the given message with the given level.</doc>
<status status="PASS" start="2024-04-21T13:15:03.323316" elapsed="0.000455"/>
</kw>
<kw name="Log" owner="BuiltIn">
<msg time="2024-04-21T13:15:03.324204" level="INFO">name</msg>
<arg>${key}</arg>
<doc>Logs the given message with the given level.</doc>
<status status="PASS" start="2024-04-21T13:15:03.324076" elapsed="0.000166"/>
</kw>
<var name="${key}">name</var>
<status status="PASS" start="2024-04-21T13:15:03.322428" elapsed="0.002029"/>
</iter>
<iter>
<kw name="Dictionary Should Contain Key" owner="Collections">
<msg time="2024-04-21T13:15:03.325134" level="INFO">False</msg>
<arg>${json_data['results'][0]}</arg>
<arg>${key}</arg>
<doc>Fails if ``key`` is not found from ``dictionary``.</doc>
<status status="PASS" start="2024-04-21T13:15:03.324747" elapsed="0.000424"/>
</kw>
<kw name="Log" owner="BuiltIn">
<msg time="2024-04-21T13:15:03.325830" level="INFO">{'gender': 'female', 'name': {'title': 'Mrs', 'first': 'Axelle', 'last': 'Vidal'}, 'location': {'street': {'number': 5560, 'name': "Rue D'Abbeville"}, 'city': 'Aubervilliers', 'state': 'Tarn', 'country': 'France', 'postcode': 97947, 'coordinates': {'latitude': '-21.3882', 'longitude': '75.8770'}, 'timezone': {'offset': '+6:00', 'description': 'Almaty, Dhaka, Colombo'}}, 'email': 'axelle.vidal@example.com', 'login': {'uuid': '2f8c871e-ffef-4fc6-aac2-ef9cf02fb7b5', 'username': 'blacktiger949', 'password': 'seductive', 'salt': '0607UAxQ', 'md5': '907da162fbbe5ae5ebb821408e307a1d', 'sha1': '14f0df2da1a2042f5356b45f43abd0e26c871a2b', 'sha256': '95bf8a4c1d19a55abeeb7c9627e099a97032adf41a76414871ada8fa3e90d96e'}, 'dob': {'date': '1977-06-10T00:55:31.984Z', 'age': 46}, 'registered': {'date': '2017-12-04T14:34:19.388Z', 'age': 6}, 'phone': '01-19-64-73-65', 'cell': '06-75-28-89-58', 'id': {'name': 'INSEE', 'value': '2770540804615 74'}, 'picture': {'large': 'https://randomuser.me/api/portraits/women/92.jpg', 'medium': 'https://randomuser.me/api/portraits/med/women/92.jpg', 'thumbnail': 'https://randomuser.me/api/portraits/thumb/women/92.jpg'}, 'nat': 'FR'}</msg>
<arg>${json_data['results'][0]}</arg>
<doc>Logs the given message with the given level.</doc>
<status status="PASS" start="2024-04-21T13:15:03.325468" elapsed="0.000409"/>
</kw>
<kw name="Log" owner="BuiltIn">
<msg time="2024-04-21T13:15:03.326294" level="INFO">location</msg>
<arg>${key}</arg>
<doc>Logs the given message with the given level.</doc>
<status status="PASS" start="2024-04-21T13:15:03.326170" elapsed="0.000161"/>
</kw>
<var name="${key}">location</var>
<status status="PASS" start="2024-04-21T13:15:03.324635" elapsed="0.001908"/>
</iter>
<iter>
<kw name="Dictionary Should Contain Key" owner="Collections">
<msg time="2024-04-21T13:15:03.327234" level="INFO">False</msg>
<arg>${json_data['results'][0]}</arg>
<arg>${key}</arg>
<doc>Fails if ``key`` is not found from ``dictionary``.</doc>
<status status="PASS" start="2024-04-21T13:15:03.326848" elapsed="0.000423"/>
</kw>
<kw name="Log" owner="BuiltIn">
<msg time="2024-04-21T13:15:03.327924" level="INFO">{'gender': 'female', 'name': {'title': 'Mrs', 'first': 'Axelle', 'last': 'Vidal'}, 'location': {'street': {'number': 5560, 'name': "Rue D'Abbeville"}, 'city': 'Aubervilliers', 'state': 'Tarn', 'country': 'France', 'postcode': 97947, 'coordinates': {'latitude': '-21.3882', 'longitude': '75.8770'}, 'timezone': {'offset': '+6:00', 'description': 'Almaty, Dhaka, Colombo'}}, 'email': 'axelle.vidal@example.com', 'login': {'uuid': '2f8c871e-ffef-4fc6-aac2-ef9cf02fb7b5', 'username': 'blacktiger949', 'password': 'seductive', 'salt': '0607UAxQ', 'md5': '907da162fbbe5ae5ebb821408e307a1d', 'sha1': '14f0df2da1a2042f5356b45f43abd0e26c871a2b', 'sha256': '95bf8a4c1d19a55abeeb7c9627e099a97032adf41a76414871ada8fa3e90d96e'}, 'dob': {'date': '1977-06-10T00:55:31.984Z', 'age': 46}, 'registered': {'date': '2017-12-04T14:34:19.388Z', 'age': 6}, 'phone': '01-19-64-73-65', 'cell': '06-75-28-89-58', 'id': {'name': 'INSEE', 'value': '2770540804615 74'}, 'picture': {'large': 'https://randomuser.me/api/portraits/women/92.jpg', 'medium': 'https://randomuser.me/api/portraits/med/women/92.jpg', 'thumbnail': 'https://randomuser.me/api/portraits/thumb/women/92.jpg'}, 'nat': 'FR'}</msg>
<arg>${json_data['results'][0]}</arg>
<doc>Logs the given message with the given level.</doc>
<status status="PASS" start="2024-04-21T13:15:03.327562" elapsed="0.000409"/>
</kw>
<kw name="Log" owner="BuiltIn">
<msg time="2024-04-21T13:15:03.328385" level="INFO">email</msg>
<arg>${key}</arg>
<doc>Logs the given message with the given level.</doc>
<status status="PASS" start="2024-04-21T13:15:03.328261" elapsed="0.000161"/>
</kw>
<var name="${key}">email</var>
<status status="PASS" start="2024-04-21T13:15:03.326714" elapsed="0.001916"/>
</iter>
<iter>
<kw name="Dictionary Should Contain Key" owner="Collections">
<msg time="2024-04-21T13:15:03.329287" level="INFO">False</msg>
<arg>${json_data['results'][0]}</arg>
<arg>${key}</arg>
<doc>Fails if ``key`` is not found from ``dictionary``.</doc>
<status status="PASS" start="2024-04-21T13:15:03.328905" elapsed="0.000420"/>
</kw>
<kw name="Log" owner="BuiltIn">
<msg time="2024-04-21T13:15:03.329979" level="INFO">{'gender': 'female', 'name': {'title': 'Mrs', 'first': 'Axelle', 'last': 'Vidal'}, 'location': {'street': {'number': 5560, 'name': "Rue D'Abbeville"}, 'city': 'Aubervilliers', 'state': 'Tarn', 'country': 'France', 'postcode': 97947, 'coordinates': {'latitude': '-21.3882', 'longitude': '75.8770'}, 'timezone': {'offset': '+6:00', 'description': 'Almaty, Dhaka, Colombo'}}, 'email': 'axelle.vidal@example.com', 'login': {'uuid': '2f8c871e-ffef-4fc6-aac2-ef9cf02fb7b5', 'username': 'blacktiger949', 'password': 'seductive', 'salt': '0607UAxQ', 'md5': '907da162fbbe5ae5ebb821408e307a1d', 'sha1': '14f0df2da1a2042f5356b45f43abd0e26c871a2b', 'sha256': '95bf8a4c1d19a55abeeb7c9627e099a97032adf41a76414871ada8fa3e90d96e'}, 'dob': {'date': '1977-06-10T00:55:31.984Z', 'age': 46}, 'registered': {'date': '2017-12-04T14:34:19.388Z', 'age': 6}, 'phone': '01-19-64-73-65', 'cell': '06-75-28-89-58', 'id': {'name': 'INSEE', 'value': '2770540804615 74'}, 'picture': {'large': 'https://randomuser.me/api/portraits/women/92.jpg', 'medium': 'https://randomuser.me/api/portraits/med/women/92.jpg', 'thumbnail': 'https://randomuser.me/api/portraits/thumb/women/92.jpg'}, 'nat': 'FR'}</msg>
<arg>${json_data['results'][0]}</arg>
<doc>Logs the given message with the given level.</doc>
<status status="PASS" start="2024-04-21T13:15:03.329618" elapsed="0.000407"/>
</kw>
<kw name="Log" owner="BuiltIn">
<msg time="2024-04-21T13:15:03.330440" level="INFO">login</msg>
<arg>${key}</arg>
<doc>Logs the given message with the given level.</doc>
<status status="PASS" start="2024-04-21T13:15:03.330316" elapsed="0.000161"/>
</kw>
<var name="${key}">login</var>
<status status="PASS" start="2024-04-21T13:15:03.328796" elapsed="0.001922"/>
</iter>
<var>${key}</var>
<value>@{expected_keys}</value>
<status status="PASS" start="2024-04-21T13:15:03.319985" elapsed="0.010884"/>
</for>
<kw name="Create List" owner="BuiltIn">
<msg time="2024-04-21T13:15:03.331197" level="INFO">${expected_keysTwo} = ['username', 'password']</msg>
<var>${expected_keysTwo}</var>
<arg>username</arg>
<arg>password</arg>
<doc>Returns a list containing given items.</doc>
<status status="PASS" start="2024-04-21T13:15:03.331062" elapsed="0.000158"/>
</kw>
<for flavor="IN">
<iter>
<kw name="Dictionary Should Contain Key" owner="Collections">
<msg time="2024-04-21T13:15:03.332105" level="INFO">False</msg>
<arg>${json_data['results'][0]['login']}</arg>
<arg>${keyTwo}</arg>
<doc>Fails if ``key`` is not found from ``dictionary``.</doc>
<status status="PASS" start="2024-04-21T13:15:03.331715" elapsed="0.000426"/>
</kw>
<kw name="Dictionary Should Contain Key" owner="Collections">
<msg time="2024-04-21T13:15:03.332811" level="INFO">False</msg>
<arg>${json_data['results'][0]['login']}</arg>
<arg>${keyTwo}</arg>
<doc>Fails if ``key`` is not found from ``dictionary``.</doc>
<status status="PASS" start="2024-04-21T13:15:03.332428" elapsed="0.000420"/>
</kw>
<kw name="Log" owner="BuiltIn">
<msg time="2024-04-21T13:15:03.333261" level="INFO">username</msg>
<arg>${keyTwo}</arg>
<doc>Logs the given message with the given level.</doc>
<status status="PASS" start="2024-04-21T13:15:03.333136" elapsed="0.000168"/>
</kw>
<var name="${keyTwo}">username</var>
<status status="PASS" start="2024-04-21T13:15:03.331607" elapsed="0.001906"/>
</iter>
<iter>
<kw name="Dictionary Should Contain Key" owner="Collections">
<msg time="2024-04-21T13:15:03.334251" level="INFO">False</msg>
<arg>${json_data['results'][0]['login']}</arg>
<arg>${keyTwo}</arg>
<doc>Fails if ``key`` is not found from ``dictionary``.</doc>
<status status="PASS" start="2024-04-21T13:15:03.333791" elapsed="0.000505"/>
</kw>
<kw name="Dictionary Should Contain Key" owner="Collections">
<msg time="2024-04-21T13:15:03.334987" level="INFO">False</msg>
<arg>${json_data['results'][0]['login']}</arg>
<arg>${keyTwo}</arg>
<doc>Fails if ``key`` is not found from ``dictionary``.</doc>
<status status="PASS" start="2024-04-21T13:15:03.334589" elapsed="0.000434"/>
</kw>
<kw name="Log" owner="BuiltIn">
<msg time="2024-04-21T13:15:03.335437" level="INFO">password</msg>
<arg>${keyTwo}</arg>
<doc>Logs the given message with the given level.</doc>
<status status="PASS" start="2024-04-21T13:15:03.335312" elapsed="0.000162"/>
</kw>
<var name="${keyTwo}">password</var>
<status status="PASS" start="2024-04-21T13:15:03.333683" elapsed="0.002009"/>
</iter>
<var>${keyTwo}</var>
<value>@{expected_keysTwo}</value>
<status status="PASS" start="2024-04-21T13:15:03.331455" elapsed="0.004357"/>
</for>
<status status="PASS" start="2024-04-21T13:15:03.200390" elapsed="0.135560"/>
</kw>
<doc>Testa a estrutura da resposta da API.</doc>
<tag>testeEstruturaResposta</tag>
<status status="PASS" start="2024-04-21T13:15:03.199880" elapsed="0.136222"/>
</test>
<test id="s1-s1-t4" name="Validar tipos de dados" line="28">
<kw name="Teste de Tipos de Dados" owner="random-user-service">
<kw name="GET On Session" owner="RequestsLibrary">
<msg time="2024-04-21T13:15:03.440200" level="INFO">GET Request : url=https://randomuser.me/api 
 path_url=/api 
 headers={'User-Agent': 'python-requests/2.31.0', 'Accept-Encoding': 'gzip, deflate', 'Accept': '*/*', 'Connection': 'keep-alive'} 
 body=None 
 </msg>
<msg time="2024-04-21T13:15:03.440365" level="INFO">GET Response : url=https://randomuser.me/api 
 status=200, reason=OK 
 headers={'Date': 'Sun, 21 Apr 2024 13:15:03 GMT', 'Content-Type': 'application/json; charset=utf-8', 'Transfer-Encoding': 'chunked', 'Connection': 'keep-alive', 'X-Powered-By': 'Express', 'Access-Control-Allow-Origin': '*', 'Cache-Control': 'no-cache', 'ETag': 'W/"494-RSh+kXWauRvFaEd/4rdwnka1KkA"', 'Vary': 'Accept-Encoding', 'Content-Encoding': 'gzip', 'CF-Cache-Status': 'DYNAMIC', 'Report-To': '{"endpoints":[{"url":"https:\\/\\/a.nel.cloudflare.com\\/report\\/v4?s=z5B4UMXSwtybUkq2EKK4mI%2FIWynEHRhYntP4WziuHb124LPvN5SP%2FNfGHdoUuMCgoj1UL2QI4HbL%2F8O29lZkJzV1zyUbIHyeNegS0p9cFkP4vfR8WHk9iHlQO4OhvyDt"}],"group":"cf-nel","max_age":604800}', 'NEL': '{"success_fraction":0,"report_to":"cf-nel","max_age":604800}', 'Server': 'cloudflare', 'CF-RAY': '877da401ea9d67b8-SJC', 'alt-svc': 'h3=":443"; ma=86400'} 
 body={"results":[{"gender":"female","name":{"title":"Mrs","first":"Imogen","last":"Singh"},"location":{"street":{"number":259,"name":"Pioneer Highway"},"city":"Greymouth","state":"Taranaki","country":"New Zealand","postcode":44427,"coordinates":{"latitude":"47.2866","longitude":"108.1339"},"timezone":{"offset":"-5:00","description":"Eastern Time (US &amp; Canada), Bogota, Lima"}},"email":"imogen.singh@example.com","login":{"uuid":"6a840a3b-638f-4aed-b068-cc4b0f438bf5","username":"orangerabbit777","password":"gloria","salt":"oI9P61Ec","md5":"b5d28f296064a00d2bfbec018841ea88","sha1":"4b2cad0dea6cbfff897ff1bc5530f7fd494ce8f9","sha256":"a98af20912756aa284ae83cafdd1c14893075bd5d036ff9a6acdfd5e46a9ca71"},"dob":{"date":"1961-10-10T15:01:48.356Z","age":62},"registered":{"date":"2017-01-02T00:41:01.280Z","age":7},"phone":"(921)-579-3789","cell":"(255)-202-1488","id":{"name":"","value":null},"picture":{"large":"https://randomuser.me/api/portraits/women/2.jpg","medium":"https://randomuser.me/api/portraits/med/women/2.jpg","thumbnail":"https://randomuser.me/api/portraits/thumb/women/2.jpg"},"nat":"NZ"}],"info":{"seed":"26d2e1da37e1dd20","results":1,"page":1,"version":"1.4"}} 
 </msg>
<msg time="2024-04-21T13:15:03.440424" level="INFO">/opt/hostedtoolcache/Python/3.12.3/x64/lib/python3.12/site-packages/urllib3/connectionpool.py:1103: InsecureRequestWarning: Unverified HTTPS request is being made to host 'randomuser.me'. Adding certificate verification is strongly advised. See: https://urllib3.readthedocs.io/en/latest/advanced-usage.html#tls-warnings
  warnings.warn(</msg>
<msg time="2024-04-21T13:15:03.440642" level="INFO">${response} = &lt;Response [200]&gt;</msg>
<var>${response}</var>
<arg>consultarAPI</arg>
<arg>/api</arg>
<doc>Sends a GET request on a previously created HTTP Session.</doc>
<status status="PASS" start="2024-04-21T13:15:03.338670" elapsed="0.102013"/>
</kw>
<kw name="Set Variable" owner="BuiltIn">
<msg time="2024-04-21T13:15:03.441495" level="INFO">${json_data} = {'results': [{'gender': 'female', 'name': {'title': 'Mrs', 'first': 'Imogen', 'last': 'Singh'}, 'location': {'street': {'number': 259, 'name': 'Pioneer Highway'}, 'city': 'Greymouth', 'state': 'Tarana...</msg>
<var>${json_data}</var>
<arg>${response.json()}</arg>
<doc>Returns the given values which can then be assigned to a variables.</doc>
<status status="PASS" start="2024-04-21T13:15:03.441038" elapsed="0.000485"/>
</kw>
<kw name="Log" owner="BuiltIn">
<msg time="2024-04-21T13:15:03.441986" level="INFO">{'results': [{'gender': 'female', 'name': {'title': 'Mrs', 'first': 'Imogen', 'last': 'Singh'}, 'location': {'street': {'number': 259, 'name': 'Pioneer Highway'}, 'city': 'Greymouth', 'state': 'Taranaki', 'country': 'New Zealand', 'postcode': 44427, 'coordinates': {'latitude': '47.2866', 'longitude': '108.1339'}, 'timezone': {'offset': '-5:00', 'description': 'Eastern Time (US &amp; Canada), Bogota, Lima'}}, 'email': 'imogen.singh@example.com', 'login': {'uuid': '6a840a3b-638f-4aed-b068-cc4b0f438bf5', 'username': 'orangerabbit777', 'password': 'gloria', 'salt': 'oI9P61Ec', 'md5': 'b5d28f296064a00d2bfbec018841ea88', 'sha1': '4b2cad0dea6cbfff897ff1bc5530f7fd494ce8f9', 'sha256': 'a98af20912756aa284ae83cafdd1c14893075bd5d036ff9a6acdfd5e46a9ca71'}, 'dob': {'date': '1961-10-10T15:01:48.356Z', 'age': 62}, 'registered': {'date': '2017-01-02T00:41:01.280Z', 'age': 7}, 'phone': '(921)-579-3789', 'cell': '(255)-202-1488', 'id': {'name': '', 'value': None}, 'picture': {'large': 'https://randomuser.me/api/portraits/women/2.jpg', 'medium': 'https://randomuser.me/api/portraits/med/women/2.jpg', 'thumbnail': 'https://randomuser.me/api/portraits/thumb/women/2.jpg'}, 'nat': 'NZ'}], 'info': {'seed': '26d2e1da37e1dd20', 'results': 1, 'page': 1, 'version': '1.4'}}</msg>
<arg>${json_data}</arg>
<doc>Logs the given message with the given level.</doc>
<status status="PASS" start="2024-04-21T13:15:03.441832" elapsed="0.000235"/>
</kw>
<kw name="Should Be String" owner="String">
<arg>${json_data['results'][0]['gender']}</arg>
<doc>Fails if the given ``item`` is not a string.</doc>
<status status="PASS" start="2024-04-21T13:15:03.442371" elapsed="0.000365"/>
</kw>
<kw name="Should Match Regexp" owner="BuiltIn">
<arg>${json_data['results'][0]['email']}</arg>
<arg>^[a-zA-Z0-9._%+-]+@[a-zA-Z0-9.-]+\.[a-zA-Z]{2,}$</arg>
<doc>Fails if ``string`` does not match ``pattern`` as a regular expression.</doc>
<status status="PASS" start="2024-04-21T13:15:03.442965" elapsed="0.000517"/>
</kw>
<kw name="Should Match Regexp" owner="BuiltIn">
<arg>${json_data['results'][0]['dob']['date']}</arg>
<arg>\\d{4}-\\d{2}-\\d{2}T\\d{2}:\\d{2}:\\d{2}\\.\\d{3}Z</arg>
<doc>Fails if ``string`` does not match ``pattern`` as a regular expression.</doc>
<status status="PASS" start="2024-04-21T13:15:03.443681" elapsed="0.000484"/>
</kw>
<kw name="Should Match Regexp" owner="BuiltIn">
<arg>${json_data['results'][0]['registered']['date']}</arg>
<arg>\\d{4}-\\d{2}-\\d{2}T\\d{2}:\\d{2}:\\d{2}\\.\\d{3}Z</arg>
<doc>Fails if ``string`` does not match ``pattern`` as a regular expression.</doc>
<status status="PASS" start="2024-04-21T13:15:03.444355" elapsed="0.000372"/>
</kw>
<kw name="Should Match Regexp" owner="BuiltIn">
<arg>${json_data['results'][0]['picture']['large']}</arg>
<arg>^https?://.*\.(?:png|jpe?g|gif|bmp)$</arg>
<doc>Fails if ``string`` does not match ``pattern`` as a regular expression.</doc>
<status status="PASS" start="2024-04-21T13:15:03.444916" elapsed="0.000474"/>
</kw>
<kw name="Should Match Regexp" owner="BuiltIn">
<arg>${json_data['results'][0]['picture']['medium']}</arg>
<arg>^https?://.*\.(?:png|jpe?g|gif|bmp)$</arg>
<doc>Fails if ``string`` does not match ``pattern`` as a regular expression.</doc>
<status status="PASS" start="2024-04-21T13:15:03.445581" elapsed="0.000361"/>
</kw>
<kw name="Should Match Regexp" owner="BuiltIn">
<arg>${json_data['results'][0]['picture']['thumbnail']}</arg>
<arg>^https?://.*\.(?:png|jpe?g|gif|bmp)$</arg>
<doc>Fails if ``string`` does not match ``pattern`` as a regular expression.</doc>
<status status="PASS" start="2024-04-21T13:15:03.446133" elapsed="0.000357"/>
</kw>
<kw name="Log" owner="BuiltIn">
<msg time="2024-04-21T13:15:03.447015" level="INFO">{'large': 'https://randomuser.me/api/portraits/women/2.jpg', 'medium': 'https://randomuser.me/api/portraits/med/women/2.jpg', 'thumbnail': 'https://randomuser.me/api/portraits/thumb/women/2.jpg'}</msg>
<arg>${json_data['results'][0]['picture']}</arg>
<doc>Logs the given message with the given level.</doc>
<status status="PASS" start="2024-04-21T13:15:03.446671" elapsed="0.000384"/>
</kw>
<status status="PASS" start="2024-04-21T13:15:03.338442" elapsed="0.108869"/>
</kw>
<kw name="Teste de Tipos de Dados - Postcode" owner="random-user-service">
<kw name="GET On Session" owner="RequestsLibrary">
<msg time="2024-04-21T13:15:04.340463" level="INFO">GET Request : url=https://randomuser.me/api 
 path_url=/api 
 headers={'User-Agent': 'python-requests/2.31.0', 'Accept-Encoding': 'gzip, deflate', 'Accept': '*/*', 'Connection': 'keep-alive'} 
 body=None 
 </msg>
<msg time="2024-04-21T13:15:04.340572" level="INFO">GET Response : url=https://randomuser.me/api 
 status=200, reason=OK 
 headers={'Date': 'Sun, 21 Apr 2024 13:15:04 GMT', 'Content-Type': 'application/json; charset=utf-8', 'Transfer-Encoding': 'chunked', 'Connection': 'keep-alive', 'X-Powered-By': 'Express', 'Access-Control-Allow-Origin': '*', 'Cache-Control': 'no-cache', 'ETag': 'W/"47a-CzxpdODrqqKQX855OQ48IlEqoKU"', 'Vary': 'Accept-Encoding', 'Content-Encoding': 'gzip', 'CF-Cache-Status': 'DYNAMIC', 'Report-To': '{"endpoints":[{"url":"https:\\/\\/a.nel.cloudflare.com\\/report\\/v4?s=nsZx3Ybzt2IWXM8Umm4%2FORCsakohWYj1lgoHxuk%2FdZ0fTxJLoETBtfXtVTvPkL4Fh7FCFsyig9TvbMb1t26mIfEoEI4zSPvjz6FE4WTNxy3%2Fo8E%2FCbjmnc2wKf36BIYg"}],"group":"cf-nel","max_age":604800}', 'NEL': '{"success_fraction":0,"report_to":"cf-nel","max_age":604800}', 'Server': 'cloudflare', 'CF-RAY': '877da4029af367b8-SJC', 'alt-svc': 'h3=":443"; ma=86400'} 
 body={"results":[{"gender":"female","name":{"title":"Mrs","first":"Lyubislava","last":"Zhurba"},"location":{"street":{"number":3522,"name":"Kurenivska"},"city":"Fastiv","state":"Ivano-Frankivska","country":"Ukraine","postcode":45220,"coordinates":{"latitude":"77.8301","longitude":"150.0307"},"timezone":{"offset":"+3:30","description":"Tehran"}},"email":"lyubislava.zhurba@example.com","login":{"uuid":"755957e5-6eb9-47bf-92b4-19492e819eed","username":"crazycat611","password":"puppydog","salt":"6TJES9vj","md5":"03acd846c6307ae4e62ee3fd09af8ed4","sha1":"c61abd2d7d2f7e5922bc49ad91b965fbcb6e8670","sha256":"02a43fe10568f38371d38efe35e6f81bf4d3523fe93a9d4204f3147ae32dc1e9"},"dob":{"date":"1962-05-12T20:43:54.134Z","age":61},"registered":{"date":"2014-10-09T09:05:45.461Z","age":9},"phone":"(099) N16-9884","cell":"(067) I79-4167","id":{"name":"","value":null},"picture":{"large":"https://randomuser.me/api/portraits/women/17.jpg","medium":"https://randomuser.me/api/portraits/med/women/17.jpg","thumbnail":"https://randomuser.me/api/portraits/thumb/women/17.jpg"},"nat":"UA"}],"info":{"seed":"d3409f57e353501f","results":1,"page":1,"version":"1.4"}} 
 </msg>
<msg time="2024-04-21T13:15:04.340649" level="INFO">/opt/hostedtoolcache/Python/3.12.3/x64/lib/python3.12/site-packages/urllib3/connectionpool.py:1103: InsecureRequestWarning: Unverified HTTPS request is being made to host 'randomuser.me'. Adding certificate verification is strongly advised. See: https://urllib3.readthedocs.io/en/latest/advanced-usage.html#tls-warnings
  warnings.warn(</msg>
<msg time="2024-04-21T13:15:04.340764" level="INFO">${response} = &lt;Response [200]&gt;</msg>
<var>${response}</var>
<arg>consultarAPI</arg>
<arg>/api</arg>
<doc>Sends a GET request on a previously created HTTP Session.</doc>
<status status="PASS" start="2024-04-21T13:15:03.447751" elapsed="0.893055"/>
</kw>
<kw name="Set Variable" owner="BuiltIn">
<msg time="2024-04-21T13:15:04.341829" level="INFO">${json_data} = {'results': [{'gender': 'female', 'name': {'title': 'Mrs', 'first': 'Lyubislava', 'last': 'Zhurba'}, 'location': {'street': {'number': 3522, 'name': 'Kurenivska'}, 'city': 'Fastiv', 'state': 'Ivano-Fr...</msg>
<var>${json_data}</var>
<arg>${response.json()}</arg>
<doc>Returns the given values which can then be assigned to a variables.</doc>
<status status="PASS" start="2024-04-21T13:15:04.341320" elapsed="0.000536"/>
</kw>
<kw name="Log" owner="BuiltIn">
<msg time="2024-04-21T13:15:04.342317" level="INFO">{'results': [{'gender': 'female', 'name': {'title': 'Mrs', 'first': 'Lyubislava', 'last': 'Zhurba'}, 'location': {'street': {'number': 3522, 'name': 'Kurenivska'}, 'city': 'Fastiv', 'state': 'Ivano-Frankivska', 'country': 'Ukraine', 'postcode': 45220, 'coordinates': {'latitude': '77.8301', 'longitude': '150.0307'}, 'timezone': {'offset': '+3:30', 'description': 'Tehran'}}, 'email': 'lyubislava.zhurba@example.com', 'login': {'uuid': '755957e5-6eb9-47bf-92b4-19492e819eed', 'username': 'crazycat611', 'password': 'puppydog', 'salt': '6TJES9vj', 'md5': '03acd846c6307ae4e62ee3fd09af8ed4', 'sha1': 'c61abd2d7d2f7e5922bc49ad91b965fbcb6e8670', 'sha256': '02a43fe10568f38371d38efe35e6f81bf4d3523fe93a9d4204f3147ae32dc1e9'}, 'dob': {'date': '1962-05-12T20:43:54.134Z', 'age': 61}, 'registered': {'date': '2014-10-09T09:05:45.461Z', 'age': 9}, 'phone': '(099) N16-9884', 'cell': '(067) I79-4167', 'id': {'name': '', 'value': None}, 'picture': {'large': 'https://randomuser.me/api/portraits/women/17.jpg', 'medium': 'https://randomuser.me/api/portraits/med/women/17.jpg', 'thumbnail': 'https://randomuser.me/api/portraits/thumb/women/17.jpg'}, 'nat': 'UA'}], 'info': {'seed': 'd3409f57e353501f', 'results': 1, 'page': 1, 'version': '1.4'}}</msg>
<arg>${json_data}</arg>
<doc>Logs the given message with the given level.</doc>
<status status="PASS" start="2024-04-21T13:15:04.342163" elapsed="0.000234"/>
</kw>
<kw name="Should Be Equal As Numbers" owner="BuiltIn">
<arg>${json_data['results'][0]['location']['postcode']}</arg>
<arg>${json_data['results'][0]['location']['postcode']}</arg>
<doc>Fails if objects are unequal after converting them to real numbers.</doc>
<status status="PASS" start="2024-04-21T13:15:04.342912" elapsed="0.000630"/>
</kw>
<kw name="Log" owner="BuiltIn">
<msg time="2024-04-21T13:15:04.344069" level="INFO">45220</msg>
<arg>${json_data['results'][0]['location']['postcode']}</arg>
<doc>Logs the given message with the given level.</doc>
<status status="PASS" start="2024-04-21T13:15:04.343733" elapsed="0.000375"/>
</kw>
<status status="PASS" start="2024-04-21T13:15:03.447526" elapsed="0.896836"/>
</kw>
<doc>Testa se os tipos de dados na resposta da API estão corretos.</doc>
<tag>testeTiposDados</tag>
<status status="PASS" start="2024-04-21T13:15:03.337858" elapsed="1.006667"/>
</test>
<test id="s1-s1-t5" name="Validar conteudo" line="35">
<kw name="Teste de Tipos de Conteudo" owner="random-user-service">
<kw name="GET On Session" owner="RequestsLibrary">
<msg time="2024-04-21T13:15:04.531069" level="INFO">GET Request : url=https://randomuser.me/api 
 path_url=/api 
 headers={'User-Agent': 'python-requests/2.31.0', 'Accept-Encoding': 'gzip, deflate', 'Accept': '*/*', 'Connection': 'keep-alive'} 
 body=None 
 </msg>
<msg time="2024-04-21T13:15:04.531167" level="INFO">GET Response : url=https://randomuser.me/api 
 status=200, reason=OK 
 headers={'Date': 'Sun, 21 Apr 2024 13:15:04 GMT', 'Content-Type': 'application/json; charset=utf-8', 'Transfer-Encoding': 'chunked', 'Connection': 'keep-alive', 'X-Powered-By': 'Express', 'Access-Control-Allow-Origin': '*', 'Cache-Control': 'no-cache', 'ETag': 'W/"482-S0vHHJCaw6iugFAdbhf52Ejisnc"', 'Vary': 'Accept-Encoding', 'Content-Encoding': 'gzip', 'CF-Cache-Status': 'DYNAMIC', 'Report-To': '{"endpoints":[{"url":"https:\\/\\/a.nel.cloudflare.com\\/report\\/v4?s=5UN0u3uzIxpwO%2B8NsZjL3DxFYzj7eAOrst6fEx3SQGs5FDyHQBfx3AqL7nKaFNivts4Rm5XPrUTvp5PlQtbtmoEUXwEXmBPCImHTHfiZ1kYfus1jZdljFAxHSpoJEO2P"}],"group":"cf-nel","max_age":604800}', 'NEL': '{"success_fraction":0,"report_to":"cf-nel","max_age":604800}', 'Server': 'cloudflare', 'CF-RAY': '877da4083e9367b8-SJC', 'alt-svc': 'h3=":443"; ma=86400'} 
 body={"results":[{"gender":"female","name":{"title":"Mrs","first":"Ava","last":"Frazier"},"location":{"street":{"number":1917,"name":"Rookery Road"},"city":"Trim","state":"Galway City","country":"Ireland","postcode":52327,"coordinates":{"latitude":"-0.3512","longitude":"36.2677"},"timezone":{"offset":"-8:00","description":"Pacific Time (US &amp; Canada)"}},"email":"ava.frazier@example.com","login":{"uuid":"14823be5-7b42-4087-bf99-30e91ee9ea74","username":"purpleduck143","password":"milton","salt":"TskbGDo8","md5":"c8dd8d801de8d0b08398dfee98a903f5","sha1":"e0bb99c6c76537b36264f0b4bd5392d1718b6f41","sha256":"31cc1341e08e1541d1debf7a26ee2de6d79fcfa9c8caff96ac38c0ac7d4fb7c7"},"dob":{"date":"1996-11-10T02:13:15.607Z","age":27},"registered":{"date":"2014-01-27T15:11:04.793Z","age":10},"phone":"071-969-6438","cell":"081-664-5223","id":{"name":"PPS","value":"8620144T"},"picture":{"large":"https://randomuser.me/api/portraits/women/10.jpg","medium":"https://randomuser.me/api/portraits/med/women/10.jpg","thumbnail":"https://randomuser.me/api/portraits/thumb/women/10.jpg"},"nat":"IE"}],"info":{"seed":"cfe15c0b129ba319","results":1,"page":1,"version":"1.4"}} 
 </msg>
<msg time="2024-04-21T13:15:04.531228" level="INFO">/opt/hostedtoolcache/Python/3.12.3/x64/lib/python3.12/site-packages/urllib3/connectionpool.py:1103: InsecureRequestWarning: Unverified HTTPS request is being made to host 'randomuser.me'. Adding certificate verification is strongly advised. See: https://urllib3.readthedocs.io/en/latest/advanced-usage.html#tls-warnings
  warnings.warn(</msg>
<msg time="2024-04-21T13:15:04.531320" level="INFO">${response} = &lt;Response [200]&gt;</msg>
<var>${response}</var>
<arg>consultarAPI</arg>
<arg>/api</arg>
<doc>Sends a GET request on a previously created HTTP Session.</doc>
<status status="PASS" start="2024-04-21T13:15:04.346944" elapsed="0.184405"/>
</kw>
<kw name="Set Variable" owner="BuiltIn">
<msg time="2024-04-21T13:15:04.532217" level="INFO">${json_data} = {'results': [{'gender': 'female', 'name': {'title': 'Mrs', 'first': 'Ava', 'last': 'Frazier'}, 'location': {'street': {'number': 1917, 'name': 'Rookery Road'}, 'city': 'Trim', 'state': 'Galway City', ...</msg>
<var>${json_data}</var>
<arg>${response.json()}</arg>
<doc>Returns the given values which can then be assigned to a variables.</doc>
<status status="PASS" start="2024-04-21T13:15:04.531758" elapsed="0.000486"/>
</kw>
<kw name="Set Variable" owner="BuiltIn">
<msg time="2024-04-21T13:15:04.532927" level="INFO">${name_title} = Mrs</msg>
<var>${name_title}</var>
<arg>${json_data["results"][0]["name"]["title"]}</arg>
<doc>Returns the given values which can then be assigned to a variables.</doc>
<status status="PASS" start="2024-04-21T13:15:04.532550" elapsed="0.000402"/>
</kw>
<kw name="Create List" owner="BuiltIn">
<msg time="2024-04-21T13:15:04.533394" level="INFO">${allowed_titles} = ['Mr', 'Ms', 'Miss', 'Mrs', 'Madame', 'Monsieur']</msg>
<var>${allowed_titles}</var>
<arg>Mr</arg>
<arg>Ms</arg>
<arg>Miss</arg>
<arg>Mrs</arg>
<arg>Madame</arg>
<arg>Monsieur</arg>
<doc>Returns a list containing given items.</doc>
<status status="PASS" start="2024-04-21T13:15:04.533249" elapsed="0.000169"/>
</kw>
<kw name="List Should Contain Value" owner="Collections">
<msg time="2024-04-21T13:15:04.533883" level="INFO">False</msg>
<arg>${allowed_titles}</arg>
<arg>${name_title}</arg>
<doc>Fails if the ``value`` is not found from ``list``.</doc>
<status status="PASS" start="2024-04-21T13:15:04.533712" elapsed="0.000206"/>
</kw>
<kw name="Set Variable" owner="BuiltIn">
<msg time="2024-04-21T13:15:04.534574" level="INFO">${name_country} = IE</msg>
<var>${name_country}</var>
<arg>${json_data["results"][0]["nat"]}</arg>
<doc>Returns the given values which can then be assigned to a variables.</doc>
<status status="PASS" start="2024-04-21T13:15:04.534207" elapsed="0.000392"/>
</kw>
<kw name="Create List" owner="BuiltIn">
<msg time="2024-04-21T13:15:04.535518" level="INFO">${list_country} = ['AD', 'AE', 'AF', 'AG', 'AI', 'AL', 'AM', 'AO', 'AQ', 'AR', 'AS', 'AT', 'AU', 'AW', 'AX', 'AZ', 'BA', 'BB', 'BD', 'BE', 'BF', 'BG', 'BH', 'BI', 'BJ', 'BL', 'BM', 'BN', 'BO', 'BQ', 'BR', 'BS', 'BT', '...</msg>
<var>${list_country}</var>
<arg>AD</arg>
<arg>AE</arg>
<arg>AF</arg>
<arg>AG</arg>
<arg>AI</arg>
<arg>AL</arg>
<arg>AM</arg>
<arg>AO</arg>
<arg>AQ</arg>
<arg>AR</arg>
<arg>AS</arg>
<arg>AT</arg>
<arg>AU</arg>
<arg>AW</arg>
<arg>AX</arg>
<arg>AZ</arg>
<arg>BA</arg>
<arg>BB</arg>
<arg>BD</arg>
<arg>BE</arg>
<arg>BF</arg>
<arg>BG</arg>
<arg>BH</arg>
<arg>BI</arg>
<arg>BJ</arg>
<arg>BL</arg>
<arg>BM</arg>
<arg>BN</arg>
<arg>BO</arg>
<arg>BQ</arg>
<arg>BR</arg>
<arg>BS</arg>
<arg>BT</arg>
<arg>BV</arg>
<arg>BW</arg>
<arg>BY</arg>
<arg>BZ</arg>
<arg>CA</arg>
<arg>CC</arg>
<arg>CD</arg>
<arg>CF</arg>
<arg>CG</arg>
<arg>CH</arg>
<arg>CI</arg>
<arg>CK</arg>
<arg>CL</arg>
<arg>CM</arg>
<arg>CN</arg>
<arg>CO</arg>
<arg>CR</arg>
<arg>CU</arg>
<arg>CV</arg>
<arg>CW</arg>
<arg>CX</arg>
<arg>CY</arg>
<arg>CZ</arg>
<arg>DE</arg>
<arg>DJ</arg>
<arg>DK</arg>
<arg>DM</arg>
<arg>DO</arg>
<arg>DZ</arg>
<arg>EC</arg>
<arg>EE</arg>
<arg>EG</arg>
<arg>EH</arg>
<arg>ER</arg>
<arg>ES</arg>
<arg>ET</arg>
<arg>FI</arg>
<arg>FJ</arg>
<arg>FK</arg>
<arg>FM</arg>
<arg>FO</arg>
<arg>FR</arg>
<arg>GA</arg>
<arg>GB</arg>
<arg>GD</arg>
<arg>GE</arg>
<arg>GF</arg>
<arg>GG</arg>
<arg>GH</arg>
<arg>GI</arg>
<arg>GL</arg>
<arg>GM</arg>
<arg>GN</arg>
<arg>GP</arg>
<arg>GQ</arg>
<arg>GR</arg>
<arg>GS</arg>
<arg>GT</arg>
<arg>GU</arg>
<arg>GW</arg>
<arg>GY</arg>
<arg>HK</arg>
<arg>HM</arg>
<arg>HN</arg>
<arg>HR</arg>
<arg>HT</arg>
<arg>HU</arg>
<arg>ID</arg>
<arg>IE</arg>
<arg>IL</arg>
<arg>IM</arg>
<arg>IN</arg>
<arg>IO</arg>
<arg>IQ</arg>
<arg>IR</arg>
<arg>IS</arg>
<arg>IT</arg>
<arg>JE</arg>
<arg>JM</arg>
<arg>JO</arg>
<arg>JP</arg>
<arg>KE</arg>
<arg>KG</arg>
<arg>KH</arg>
<arg>KI</arg>
<arg>KM</arg>
<arg>KN</arg>
<arg>KP</arg>
<arg>KR</arg>
<arg>KW</arg>
<arg>KY</arg>
<arg>KZ</arg>
<arg>LA</arg>
<arg>LB</arg>
<arg>LC</arg>
<arg>LI</arg>
<arg>LK</arg>
<arg>LR</arg>
<arg>LS</arg>
<arg>LT</arg>
<arg>LU</arg>
<arg>LV</arg>
<arg>LY</arg>
<arg>MA</arg>
<arg>MC</arg>
<arg>MD</arg>
<arg>ME</arg>
<arg>MF</arg>
<arg>MG</arg>
<arg>MH</arg>
<arg>MK</arg>
<arg>ML</arg>
<arg>MM</arg>
<arg>MN</arg>
<arg>MO</arg>
<arg>MP</arg>
<arg>MQ</arg>
<arg>MR</arg>
<arg>MS</arg>
<arg>MT</arg>
<arg>MU</arg>
<arg>MV</arg>
<arg>MW</arg>
<arg>MX</arg>
<arg>MY</arg>
<arg>MZ</arg>
<arg>NA</arg>
<arg>NC</arg>
<arg>NE</arg>
<arg>NF</arg>
<arg>NG</arg>
<arg>NI</arg>
<arg>NL</arg>
<arg>NO</arg>
<arg>NP</arg>
<arg>NR</arg>
<arg>NU</arg>
<arg>NZ</arg>
<arg>OM</arg>
<arg>PA</arg>
<arg>PE</arg>
<arg>PF</arg>
<arg>PG</arg>
<arg>PH</arg>
<arg>PK</arg>
<arg>PL</arg>
<arg>PM</arg>
<arg>PN</arg>
<arg>PR</arg>
<arg>PS</arg>
<arg>PT</arg>
<arg>PW</arg>
<arg>PY</arg>
<arg>QA</arg>
<arg>RE</arg>
<arg>RO</arg>
<arg>RS</arg>
<arg>RU</arg>
<arg>RW</arg>
<arg>SA</arg>
<arg>SB</arg>
<arg>SC</arg>
<arg>SD</arg>
<arg>SE</arg>
<arg>SG</arg>
<arg>SH</arg>
<arg>SI</arg>
<arg>SJ</arg>
<arg>SK</arg>
<arg>SL</arg>
<arg>SM</arg>
<arg>SN</arg>
<arg>SO</arg>
<arg>SR</arg>
<arg>SS</arg>
<arg>ST</arg>
<arg>SV</arg>
<arg>SX</arg>
<arg>SY</arg>
<arg>SZ</arg>
<arg>TC</arg>
<arg>TD</arg>
<arg>TF</arg>
<arg>TG</arg>
<arg>TH</arg>
<arg>TJ</arg>
<arg>TK</arg>
<arg>TL</arg>
<arg>TM</arg>
<arg>TN</arg>
<arg>TO</arg>
<arg>TR</arg>
<arg>TT</arg>
<arg>TV</arg>
<arg>TW</arg>
<arg>TZ</arg>
<arg>UA</arg>
<arg>UG</arg>
<arg>UM</arg>
<arg>US</arg>
<arg>UY</arg>
<arg>UZ</arg>
<arg>VA</arg>
<arg>VC</arg>
<arg>VE</arg>
<arg>VG</arg>
<arg>VI</arg>
<arg>VN</arg>
<arg>VU</arg>
<arg>WF</arg>
<arg>WS</arg>
<arg>XK</arg>
<arg>YE</arg>
<arg>YT</arg>
<arg>ZA</arg>
<arg>ZM</arg>
<arg>ZW</arg>
<doc>Returns a list containing given items.</doc>
<status status="PASS" start="2024-04-21T13:15:04.534931" elapsed="0.000613"/>
</kw>
<kw name="List Should Contain Value" owner="Collections">
<msg time="2024-04-21T13:15:04.536531" level="INFO">False</msg>
<arg>${list_country}</arg>
<arg>${name_country}</arg>
<doc>Fails if the ``value`` is not found from ``list``.</doc>
<status status="PASS" start="2024-04-21T13:15:04.536333" elapsed="0.000234"/>
</kw>
<kw name="Run Keyword If" owner="BuiltIn">
<kw name="Should Be True" owner="BuiltIn">
<arg>${True}</arg>
<doc>Fails if the given condition is not true.</doc>
<status status="PASS" start="2024-04-21T13:15:04.537621" elapsed="0.000248"/>
</kw>
<arg>${json_data["results"][0]["location"]["coordinates"]["latitude"]} &gt;= -90 and ${json_data["results"][0]["location"]["coordinates"]["latitude"]} &lt;= 90</arg>
<arg>Should Be True</arg>
<arg>${True}</arg>
<doc>Runs the given keyword with the given arguments, if ``condition`` is true.</doc>
<status status="PASS" start="2024-04-21T13:15:04.536873" elapsed="0.001128"/>
</kw>
<kw name="Run Keyword If" owner="BuiltIn">
<kw name="Should Be True" owner="BuiltIn">
<arg>${True}</arg>
<doc>Fails if the given condition is not true.</doc>
<status status="PASS" start="2024-04-21T13:15:04.538923" elapsed="0.000137"/>
</kw>
<arg>${json_data["results"][0]["location"]["coordinates"]["longitude"]} &gt;= -180 and ${json_data["results"][0]["location"]["coordinates"]["longitude"]} &lt;= 180</arg>
<arg>Should Be True</arg>
<arg>${True}</arg>
<doc>Runs the given keyword with the given arguments, if ``condition`` is true.</doc>
<status status="PASS" start="2024-04-21T13:15:04.538186" elapsed="0.000996"/>
</kw>
<status status="PASS" start="2024-04-21T13:15:04.346697" elapsed="0.192612"/>
</kw>
<doc>Testa o conteúdo específico dos campos retornados pela API.</doc>
<tag>testeConteudo</tag>
<status status="PASS" start="2024-04-21T13:15:04.346241" elapsed="0.193211"/>
</test>
<status status="PASS" start="2024-04-21T13:15:02.514392" elapsed="2.026974"/>
</suite>
<status status="PASS" start="2024-04-21T13:15:02.500739" elapsed="2.045732"/>
</suite>
<statistics>
<total>
<stat pass="5" fail="0" skip="0">All Tests</stat>
</total>
<tag>
<stat pass="1" fail="0" skip="0">testeConteudo</stat>
<stat pass="1" fail="0" skip="0">testeEstruturaResposta</stat>
<stat pass="1" fail="0" skip="0">testeRequisicaoBasica</stat>
<stat pass="1" fail="0" skip="0">testeTiposDados</stat>
</tag>
<suite>
<stat pass="5" fail="0" skip="0" id="s1" name="Tests">Tests</stat>
<stat pass="5" fail="0" skip="0" id="s1-s1" name="Random-User-Test">Tests.Random-User-Test</stat>
</suite>
</statistics>
<errors>
</errors>
</robot>
