<?xml version="1.0" encoding="UTF-8"?>
<robot generator="Robot 7.0 (Python 3.12.3 on linux)" generated="2024-05-20T12:29:13.039558" rpa="false" schemaversion="5">
<suite id="s1" name="Tests" source="/home/runner/work/DesafioQAItauRogerioJordao/DesafioQAItauRogerioJordao/RamdonUser/tests">
<suite id="s1-s1" name="Random-User-Test" source="/home/runner/work/DesafioQAItauRogerioJordao/DesafioQAItauRogerioJordao/RamdonUser/tests/random-user-test.robot">
<test id="s1-s1-t1" name="Conectar" line="13">
<kw name="Conectar API" owner="random-user-service">
<kw name="Create Session" owner="RequestsLibrary">
<msg time="2024-05-20T12:29:13.423386" level="INFO">Creating Session using : alias=consultarAPI, url=https://randomuser.me/, headers={},                     cookies={}, auth=None, timeout=None, proxies=None, verify=False,                     debug=0 </msg>
<arg>consultarAPI</arg>
<arg>${URL}</arg>
<doc>Create Session: create a HTTP session to a server</doc>
<status status="PASS" start="2024-05-20T12:29:13.423174" elapsed="0.000406"/>
</kw>
<status status="PASS" start="2024-05-20T12:29:13.422165" elapsed="0.001782"/>
</kw>
<status status="PASS" start="2024-05-20T12:29:13.421528" elapsed="0.002659"/>
</test>
<test id="s1-s1-t2" name="Validar retorno 200 e JSON Válido" line="16">
<kw name="Teste de Requisicao Basica" owner="random-user-service">
<kw name="GET On Session" owner="RequestsLibrary">
<msg time="2024-05-20T12:29:13.589585" level="INFO">GET Request : url=https://randomuser.me/api 
 path_url=/api 
 headers={'User-Agent': 'python-requests/2.31.0', 'Accept-Encoding': 'gzip, deflate', 'Accept': '*/*', 'Connection': 'keep-alive'} 
 body=None 
 </msg>
<msg time="2024-05-20T12:29:13.589742" level="INFO">GET Response : url=https://randomuser.me/api 
 status=200, reason=OK 
 headers={'Date': 'Mon, 20 May 2024 12:29:13 GMT', 'Content-Type': 'application/json; charset=utf-8', 'Transfer-Encoding': 'chunked', 'Connection': 'keep-alive', 'X-Powered-By': 'Express', 'Access-Control-Allow-Origin': '*', 'Cache-Control': 'no-cache', 'ETag': 'W/"47e-sTEfyC4XyFhbiPa8MyYznB2iwnI"', 'Vary': 'Accept-Encoding', 'Content-Encoding': 'gzip', 'CF-Cache-Status': 'DYNAMIC', 'Report-To': '{"endpoints":[{"url":"https:\\/\\/a.nel.cloudflare.com\\/report\\/v4?s=U1ilBiHBUxmZNYXh8M6h7tG3s3gQFVvQh1qL87izRH8dvhB9WOnN5suVJM6c%2BC7LyEc2j8qlLGW%2BLxrTbOvLnoiTc%2BsEtYbZ0IxMRuNE14hsHQlvrO1hNaySmyo%2BKJFq"}],"group":"cf-nel","max_age":604800}', 'NEL': '{"success_fraction":0,"report_to":"cf-nel","max_age":604800}', 'Server': 'cloudflare', 'CF-RAY': '886c54bf2bcc607c-ORD', 'alt-svc': 'h3=":443"; ma=86400'} 
 body={"results":[{"gender":"male","name":{"title":"Mr","first":"Hunter","last":"Jones"},"location":{"street":{"number":6435,"name":"Lincoln Road"},"city":"Palmerston North","state":"Tasman","country":"New Zealand","postcode":73428,"coordinates":{"latitude":"48.9057","longitude":"-60.8213"},"timezone":{"offset":"-7:00","description":"Mountain Time (US &amp; Canada)"}},"email":"hunter.jones@example.com","login":{"uuid":"752a79cb-2a3e-4f3f-97be-6ef138499540","username":"sadwolf460","password":"hoops","salt":"kOn69o71","md5":"34a9248879b03f30c04aec682fd34127","sha1":"ca74b15cad6092a91d8f804604f4455afcd4f5ee","sha256":"0c1fb31875cc58d2c931fa33aea834a1d9bd2c04a238ee35120fb4e861ff4d84"},"dob":{"date":"1996-09-24T09:31:18.064Z","age":27},"registered":{"date":"2021-03-03T01:00:24.285Z","age":3},"phone":"(253)-553-2023","cell":"(732)-940-0193","id":{"name":"","value":null},"picture":{"large":"https://randomuser.me/api/portraits/men/11.jpg","medium":"https://randomuser.me/api/portraits/med/men/11.jpg","thumbnail":"https://randomuser.me/api/portraits/thumb/men/11.jpg"},"nat":"NZ"}],"info":{"seed":"b3f88b81fda3404b","results":1,"page":1,"version":"1.4"}} 
 </msg>
<msg time="2024-05-20T12:29:13.589831" level="INFO">/opt/hostedtoolcache/Python/3.12.3/x64/lib/python3.12/site-packages/urllib3/connectionpool.py:1103: InsecureRequestWarning: Unverified HTTPS request is being made to host 'randomuser.me'. Adding certificate verification is strongly advised. See: https://urllib3.readthedocs.io/en/latest/advanced-usage.html#tls-warnings
  warnings.warn(</msg>
<msg time="2024-05-20T12:29:13.589992" level="INFO">${response} = &lt;Response [200]&gt;</msg>
<var>${response}</var>
<arg>consultarAPI</arg>
<arg>/api</arg>
<doc>Sends a GET request on a previously created HTTP Session.</doc>
<status status="PASS" start="2024-05-20T12:29:13.426842" elapsed="0.163194"/>
</kw>
<kw name="Should Be Equal As Numbers" owner="BuiltIn">
<msg time="2024-05-20T12:29:13.591255" level="INFO">Argument types are:
&lt;class 'int'&gt;
&lt;class 'str'&gt;</msg>
<arg>${response.status_code}</arg>
<arg>200</arg>
<doc>Fails if objects are unequal after converting them to real numbers.</doc>
<status status="PASS" start="2024-05-20T12:29:13.590743" elapsed="0.000580"/>
</kw>
<kw name="Log" owner="BuiltIn">
<msg time="2024-05-20T12:29:13.592090" level="INFO">200</msg>
<arg>${response.status_code}</arg>
<doc>Logs the given message with the given level.</doc>
<status status="PASS" start="2024-05-20T12:29:13.591687" elapsed="0.000454"/>
</kw>
<kw name="Set Variable" owner="BuiltIn">
<msg time="2024-05-20T12:29:13.592895" level="INFO">${json_data} = {'results': [{'gender': 'male', 'name': {'title': 'Mr', 'first': 'Hunter', 'last': 'Jones'}, 'location': {'street': {'number': 6435, 'name': 'Lincoln Road'}, 'city': 'Palmerston North', 'state': 'Tasm...</msg>
<var>${json_data}</var>
<arg>${response.json()}</arg>
<doc>Returns the given values which can then be assigned to a variables.</doc>
<status status="PASS" start="2024-05-20T12:29:13.592456" elapsed="0.000468"/>
</kw>
<kw name="Dictionary Should Contain Key" owner="Collections">
<msg time="2024-05-20T12:29:13.593402" level="INFO">False</msg>
<arg>${json_data}</arg>
<arg>results</arg>
<doc>Fails if ``key`` is not found from ``dictionary``.</doc>
<status status="PASS" start="2024-05-20T12:29:13.593227" elapsed="0.000215"/>
</kw>
<status status="PASS" start="2024-05-20T12:29:13.426592" elapsed="0.167110"/>
</kw>
<doc>Testa se a API responde corretamente e retorna um objeto JSON válido.</doc>
<tag>testeRequisicaoBasica</tag>
<status status="PASS" start="2024-05-20T12:29:13.426065" elapsed="0.167824"/>
</test>
<test id="s1-s1-t3" name="Validar estrutura de resposta" line="22">
<kw name="Teste de Estrutura de Resposta" owner="random-user-service">
<kw name="GET On Session" owner="RequestsLibrary">
<msg time="2024-05-20T12:29:13.639519" level="INFO">GET Request : url=https://randomuser.me/api 
 path_url=/api 
 headers={'User-Agent': 'python-requests/2.31.0', 'Accept-Encoding': 'gzip, deflate', 'Accept': '*/*', 'Connection': 'keep-alive'} 
 body=None 
 </msg>
<msg time="2024-05-20T12:29:13.639630" level="INFO">GET Response : url=https://randomuser.me/api 
 status=200, reason=OK 
 headers={'Date': 'Mon, 20 May 2024 12:29:13 GMT', 'Content-Type': 'application/json; charset=utf-8', 'Transfer-Encoding': 'chunked', 'Connection': 'keep-alive', 'X-Powered-By': 'Express', 'Access-Control-Allow-Origin': '*', 'Cache-Control': 'no-cache', 'ETag': 'W/"46e-ylnN/eSN/oXZzQqmvZgxOeSgvKU"', 'Vary': 'Accept-Encoding', 'Content-Encoding': 'gzip', 'CF-Cache-Status': 'DYNAMIC', 'Report-To': '{"endpoints":[{"url":"https:\\/\\/a.nel.cloudflare.com\\/report\\/v4?s=bVYi1Wnw42Zg0lpo1tU5eqnClwGEkrwZUrz%2Bu4MQHm%2FZXmttBIPPtfPkhrQ%2FazgnlLcYQv7FdhOCD%2FVJOuIubH2XqYD8kCxublu%2F528oVvmB9TMdjWfJwGmhYvNKIMXI"}],"group":"cf-nel","max_age":604800}', 'NEL': '{"success_fraction":0,"report_to":"cf-nel","max_age":604800}', 'Server': 'cloudflare', 'CF-RAY': '886c54bffcca607c-ORD', 'alt-svc': 'h3=":443"; ma=86400'} 
 body={"results":[{"gender":"female","name":{"title":"Miss","first":"Sudha","last":"Salian"},"location":{"street":{"number":9995,"name":"Mall Rd"},"city":"Kharagpur","state":"Odisha","country":"India","postcode":26555,"coordinates":{"latitude":"11.9804","longitude":"150.1585"},"timezone":{"offset":"-10:00","description":"Hawaii"}},"email":"sudha.salian@example.com","login":{"uuid":"dc01f77b-2e04-40af-be57-e29b3a86c0da","username":"heavytiger219","password":"freeway","salt":"4cscN9R3","md5":"d0d3b9c57ddcd1968ece62cb6799dc42","sha1":"056995a5ec30a58ac28df1c1831826c3eecf08be","sha256":"117b998462ab85105c31e3e73ef5ca1cc313c4151c0b6bb9826f5509f13518b6"},"dob":{"date":"1979-04-08T16:51:11.972Z","age":45},"registered":{"date":"2016-06-11T13:10:38.329Z","age":7},"phone":"8547086310","cell":"8861735652","id":{"name":"UIDAI","value":"908973234910"},"picture":{"large":"https://randomuser.me/api/portraits/women/19.jpg","medium":"https://randomuser.me/api/portraits/med/women/19.jpg","thumbnail":"https://randomuser.me/api/portraits/thumb/women/19.jpg"},"nat":"IN"}],"info":{"seed":"de3423d138129c8a","results":1,"page":1,"version":"1.4"}} 
 </msg>
<msg time="2024-05-20T12:29:13.639786" level="INFO">/opt/hostedtoolcache/Python/3.12.3/x64/lib/python3.12/site-packages/urllib3/connectionpool.py:1103: InsecureRequestWarning: Unverified HTTPS request is being made to host 'randomuser.me'. Adding certificate verification is strongly advised. See: https://urllib3.readthedocs.io/en/latest/advanced-usage.html#tls-warnings
  warnings.warn(</msg>
<msg time="2024-05-20T12:29:13.639940" level="INFO">${response} = &lt;Response [200]&gt;</msg>
<var>${response}</var>
<arg>consultarAPI</arg>
<arg>/api</arg>
<doc>Sends a GET request on a previously created HTTP Session.</doc>
<status status="PASS" start="2024-05-20T12:29:13.596624" elapsed="0.043356"/>
</kw>
<kw name="Set Variable" owner="BuiltIn">
<msg time="2024-05-20T12:29:13.641229" level="INFO">${json_data} = {'results': [{'gender': 'female', 'name': {'title': 'Miss', 'first': 'Sudha', 'last': 'Salian'}, 'location': {'street': {'number': 9995, 'name': 'Mall Rd'}, 'city': 'Kharagpur', 'state': 'Odisha', 'co...</msg>
<var>${json_data}</var>
<arg>${response.json()}</arg>
<doc>Returns the given values which can then be assigned to a variables.</doc>
<status status="PASS" start="2024-05-20T12:29:13.640636" elapsed="0.000622"/>
</kw>
<kw name="Log" owner="BuiltIn">
<msg time="2024-05-20T12:29:13.641741" level="INFO">{'results': [{'gender': 'female', 'name': {'title': 'Miss', 'first': 'Sudha', 'last': 'Salian'}, 'location': {'street': {'number': 9995, 'name': 'Mall Rd'}, 'city': 'Kharagpur', 'state': 'Odisha', 'country': 'India', 'postcode': 26555, 'coordinates': {'latitude': '11.9804', 'longitude': '150.1585'}, 'timezone': {'offset': '-10:00', 'description': 'Hawaii'}}, 'email': 'sudha.salian@example.com', 'login': {'uuid': 'dc01f77b-2e04-40af-be57-e29b3a86c0da', 'username': 'heavytiger219', 'password': 'freeway', 'salt': '4cscN9R3', 'md5': 'd0d3b9c57ddcd1968ece62cb6799dc42', 'sha1': '056995a5ec30a58ac28df1c1831826c3eecf08be', 'sha256': '117b998462ab85105c31e3e73ef5ca1cc313c4151c0b6bb9826f5509f13518b6'}, 'dob': {'date': '1979-04-08T16:51:11.972Z', 'age': 45}, 'registered': {'date': '2016-06-11T13:10:38.329Z', 'age': 7}, 'phone': '8547086310', 'cell': '8861735652', 'id': {'name': 'UIDAI', 'value': '908973234910'}, 'picture': {'large': 'https://randomuser.me/api/portraits/women/19.jpg', 'medium': 'https://randomuser.me/api/portraits/med/women/19.jpg', 'thumbnail': 'https://randomuser.me/api/portraits/thumb/women/19.jpg'}, 'nat': 'IN'}], 'info': {'seed': 'de3423d138129c8a', 'results': 1, 'page': 1, 'version': '1.4'}}</msg>
<arg>${json_data}</arg>
<doc>Logs the given message with the given level.</doc>
<status status="PASS" start="2024-05-20T12:29:13.641573" elapsed="0.000226"/>
</kw>
<kw name="Dictionary Should Contain Key" owner="Collections">
<msg time="2024-05-20T12:29:13.642256" level="INFO">False</msg>
<arg>${json_data}</arg>
<arg>results</arg>
<doc>Fails if ``key`` is not found from ``dictionary``.</doc>
<status status="PASS" start="2024-05-20T12:29:13.642096" elapsed="0.000197"/>
</kw>
<kw name="Should Not Be Empty" owner="BuiltIn">
<msg time="2024-05-20T12:29:13.642712" level="INFO">Length is 2.</msg>
<arg>${json_data}</arg>
<doc>Verifies that the given item is not empty.</doc>
<status status="PASS" start="2024-05-20T12:29:13.642582" elapsed="0.000336"/>
</kw>
<kw name="Create List" owner="BuiltIn">
<msg time="2024-05-20T12:29:13.643367" level="INFO">${expected_keys} = ['gender', 'name', 'location', 'email', 'login']</msg>
<var>${expected_keys}</var>
<arg>gender</arg>
<arg>name</arg>
<arg>location</arg>
<arg>email</arg>
<arg>login</arg>
<doc>Returns a list containing given items.</doc>
<status status="PASS" start="2024-05-20T12:29:13.643212" elapsed="0.000179"/>
</kw>
<for flavor="IN">
<iter>
<kw name="Dictionary Should Contain Key" owner="Collections">
<msg time="2024-05-20T12:29:13.644425" level="INFO">False</msg>
<arg>${json_data['results'][0]}</arg>
<arg>${key}</arg>
<doc>Fails if ``key`` is not found from ``dictionary``.</doc>
<status status="PASS" start="2024-05-20T12:29:13.643978" elapsed="0.000485"/>
</kw>
<kw name="Log" owner="BuiltIn">
<msg time="2024-05-20T12:29:13.645126" level="INFO">{'gender': 'female', 'name': {'title': 'Miss', 'first': 'Sudha', 'last': 'Salian'}, 'location': {'street': {'number': 9995, 'name': 'Mall Rd'}, 'city': 'Kharagpur', 'state': 'Odisha', 'country': 'India', 'postcode': 26555, 'coordinates': {'latitude': '11.9804', 'longitude': '150.1585'}, 'timezone': {'offset': '-10:00', 'description': 'Hawaii'}}, 'email': 'sudha.salian@example.com', 'login': {'uuid': 'dc01f77b-2e04-40af-be57-e29b3a86c0da', 'username': 'heavytiger219', 'password': 'freeway', 'salt': '4cscN9R3', 'md5': 'd0d3b9c57ddcd1968ece62cb6799dc42', 'sha1': '056995a5ec30a58ac28df1c1831826c3eecf08be', 'sha256': '117b998462ab85105c31e3e73ef5ca1cc313c4151c0b6bb9826f5509f13518b6'}, 'dob': {'date': '1979-04-08T16:51:11.972Z', 'age': 45}, 'registered': {'date': '2016-06-11T13:10:38.329Z', 'age': 7}, 'phone': '8547086310', 'cell': '8861735652', 'id': {'name': 'UIDAI', 'value': '908973234910'}, 'picture': {'large': 'https://randomuser.me/api/portraits/women/19.jpg', 'medium': 'https://randomuser.me/api/portraits/med/women/19.jpg', 'thumbnail': 'https://randomuser.me/api/portraits/thumb/women/19.jpg'}, 'nat': 'IN'}</msg>
<arg>${json_data['results'][0]}</arg>
<doc>Logs the given message with the given level.</doc>
<status status="PASS" start="2024-05-20T12:29:13.644764" elapsed="0.000410"/>
</kw>
<kw name="Log" owner="BuiltIn">
<msg time="2024-05-20T12:29:13.645601" level="INFO">gender</msg>
<arg>${key}</arg>
<doc>Logs the given message with the given level.</doc>
<status status="PASS" start="2024-05-20T12:29:13.645473" elapsed="0.000166"/>
</kw>
<var name="${key}">gender</var>
<status status="PASS" start="2024-05-20T12:29:13.643851" elapsed="0.002006"/>
</iter>
<iter>
<kw name="Dictionary Should Contain Key" owner="Collections">
<msg time="2024-05-20T12:29:13.646548" level="INFO">False</msg>
<arg>${json_data['results'][0]}</arg>
<arg>${key}</arg>
<doc>Fails if ``key`` is not found from ``dictionary``.</doc>
<status status="PASS" start="2024-05-20T12:29:13.646162" elapsed="0.000423"/>
</kw>
<kw name="Log" owner="BuiltIn">
<msg time="2024-05-20T12:29:13.647270" level="INFO">{'gender': 'female', 'name': {'title': 'Miss', 'first': 'Sudha', 'last': 'Salian'}, 'location': {'street': {'number': 9995, 'name': 'Mall Rd'}, 'city': 'Kharagpur', 'state': 'Odisha', 'country': 'India', 'postcode': 26555, 'coordinates': {'latitude': '11.9804', 'longitude': '150.1585'}, 'timezone': {'offset': '-10:00', 'description': 'Hawaii'}}, 'email': 'sudha.salian@example.com', 'login': {'uuid': 'dc01f77b-2e04-40af-be57-e29b3a86c0da', 'username': 'heavytiger219', 'password': 'freeway', 'salt': '4cscN9R3', 'md5': 'd0d3b9c57ddcd1968ece62cb6799dc42', 'sha1': '056995a5ec30a58ac28df1c1831826c3eecf08be', 'sha256': '117b998462ab85105c31e3e73ef5ca1cc313c4151c0b6bb9826f5509f13518b6'}, 'dob': {'date': '1979-04-08T16:51:11.972Z', 'age': 45}, 'registered': {'date': '2016-06-11T13:10:38.329Z', 'age': 7}, 'phone': '8547086310', 'cell': '8861735652', 'id': {'name': 'UIDAI', 'value': '908973234910'}, 'picture': {'large': 'https://randomuser.me/api/portraits/women/19.jpg', 'medium': 'https://randomuser.me/api/portraits/med/women/19.jpg', 'thumbnail': 'https://randomuser.me/api/portraits/thumb/women/19.jpg'}, 'nat': 'IN'}</msg>
<arg>${json_data['results'][0]}</arg>
<doc>Logs the given message with the given level.</doc>
<status status="PASS" start="2024-05-20T12:29:13.646912" elapsed="0.000405"/>
</kw>
<kw name="Log" owner="BuiltIn">
<msg time="2024-05-20T12:29:13.647737" level="INFO">name</msg>
<arg>${key}</arg>
<doc>Logs the given message with the given level.</doc>
<status status="PASS" start="2024-05-20T12:29:13.647610" elapsed="0.000165"/>
</kw>
<var name="${key}">name</var>
<status status="PASS" start="2024-05-20T12:29:13.646045" elapsed="0.001947"/>
</iter>
<iter>
<kw name="Dictionary Should Contain Key" owner="Collections">
<msg time="2024-05-20T12:29:13.648705" level="INFO">False</msg>
<arg>${json_data['results'][0]}</arg>
<arg>${key}</arg>
<doc>Fails if ``key`` is not found from ``dictionary``.</doc>
<status status="PASS" start="2024-05-20T12:29:13.648321" elapsed="0.000423"/>
</kw>
<kw name="Log" owner="BuiltIn">
<msg time="2024-05-20T12:29:13.649402" level="INFO">{'gender': 'female', 'name': {'title': 'Miss', 'first': 'Sudha', 'last': 'Salian'}, 'location': {'street': {'number': 9995, 'name': 'Mall Rd'}, 'city': 'Kharagpur', 'state': 'Odisha', 'country': 'India', 'postcode': 26555, 'coordinates': {'latitude': '11.9804', 'longitude': '150.1585'}, 'timezone': {'offset': '-10:00', 'description': 'Hawaii'}}, 'email': 'sudha.salian@example.com', 'login': {'uuid': 'dc01f77b-2e04-40af-be57-e29b3a86c0da', 'username': 'heavytiger219', 'password': 'freeway', 'salt': '4cscN9R3', 'md5': 'd0d3b9c57ddcd1968ece62cb6799dc42', 'sha1': '056995a5ec30a58ac28df1c1831826c3eecf08be', 'sha256': '117b998462ab85105c31e3e73ef5ca1cc313c4151c0b6bb9826f5509f13518b6'}, 'dob': {'date': '1979-04-08T16:51:11.972Z', 'age': 45}, 'registered': {'date': '2016-06-11T13:10:38.329Z', 'age': 7}, 'phone': '8547086310', 'cell': '8861735652', 'id': {'name': 'UIDAI', 'value': '908973234910'}, 'picture': {'large': 'https://randomuser.me/api/portraits/women/19.jpg', 'medium': 'https://randomuser.me/api/portraits/med/women/19.jpg', 'thumbnail': 'https://randomuser.me/api/portraits/thumb/women/19.jpg'}, 'nat': 'IN'}</msg>
<arg>${json_data['results'][0]}</arg>
<doc>Logs the given message with the given level.</doc>
<status status="PASS" start="2024-05-20T12:29:13.649046" elapsed="0.000404"/>
</kw>
<kw name="Log" owner="BuiltIn">
<msg time="2024-05-20T12:29:13.649877" level="INFO">location</msg>
<arg>${key}</arg>
<doc>Logs the given message with the given level.</doc>
<status status="PASS" start="2024-05-20T12:29:13.649744" elapsed="0.000170"/>
</kw>
<var name="${key}">location</var>
<status status="PASS" start="2024-05-20T12:29:13.648206" elapsed="0.001923"/>
</iter>
<iter>
<kw name="Dictionary Should Contain Key" owner="Collections">
<msg time="2024-05-20T12:29:13.650793" level="INFO">False</msg>
<arg>${json_data['results'][0]}</arg>
<arg>${key}</arg>
<doc>Fails if ``key`` is not found from ``dictionary``.</doc>
<status status="PASS" start="2024-05-20T12:29:13.650415" elapsed="0.000415"/>
</kw>
<kw name="Log" owner="BuiltIn">
<msg time="2024-05-20T12:29:13.651477" level="INFO">{'gender': 'female', 'name': {'title': 'Miss', 'first': 'Sudha', 'last': 'Salian'}, 'location': {'street': {'number': 9995, 'name': 'Mall Rd'}, 'city': 'Kharagpur', 'state': 'Odisha', 'country': 'India', 'postcode': 26555, 'coordinates': {'latitude': '11.9804', 'longitude': '150.1585'}, 'timezone': {'offset': '-10:00', 'description': 'Hawaii'}}, 'email': 'sudha.salian@example.com', 'login': {'uuid': 'dc01f77b-2e04-40af-be57-e29b3a86c0da', 'username': 'heavytiger219', 'password': 'freeway', 'salt': '4cscN9R3', 'md5': 'd0d3b9c57ddcd1968ece62cb6799dc42', 'sha1': '056995a5ec30a58ac28df1c1831826c3eecf08be', 'sha256': '117b998462ab85105c31e3e73ef5ca1cc313c4151c0b6bb9826f5509f13518b6'}, 'dob': {'date': '1979-04-08T16:51:11.972Z', 'age': 45}, 'registered': {'date': '2016-06-11T13:10:38.329Z', 'age': 7}, 'phone': '8547086310', 'cell': '8861735652', 'id': {'name': 'UIDAI', 'value': '908973234910'}, 'picture': {'large': 'https://randomuser.me/api/portraits/women/19.jpg', 'medium': 'https://randomuser.me/api/portraits/med/women/19.jpg', 'thumbnail': 'https://randomuser.me/api/portraits/thumb/women/19.jpg'}, 'nat': 'IN'}</msg>
<arg>${json_data['results'][0]}</arg>
<doc>Logs the given message with the given level.</doc>
<status status="PASS" start="2024-05-20T12:29:13.651126" elapsed="0.000398"/>
</kw>
<kw name="Log" owner="BuiltIn">
<msg time="2024-05-20T12:29:13.651946" level="INFO">email</msg>
<arg>${key}</arg>
<doc>Logs the given message with the given level.</doc>
<status status="PASS" start="2024-05-20T12:29:13.651823" elapsed="0.000159"/>
</kw>
<var name="${key}">email</var>
<status status="PASS" start="2024-05-20T12:29:13.650299" elapsed="0.001939"/>
</iter>
<iter>
<kw name="Dictionary Should Contain Key" owner="Collections">
<msg time="2024-05-20T12:29:13.652895" level="INFO">False</msg>
<arg>${json_data['results'][0]}</arg>
<arg>${key}</arg>
<doc>Fails if ``key`` is not found from ``dictionary``.</doc>
<status status="PASS" start="2024-05-20T12:29:13.652519" elapsed="0.000414"/>
</kw>
<kw name="Log" owner="BuiltIn">
<msg time="2024-05-20T12:29:13.653596" level="INFO">{'gender': 'female', 'name': {'title': 'Miss', 'first': 'Sudha', 'last': 'Salian'}, 'location': {'street': {'number': 9995, 'name': 'Mall Rd'}, 'city': 'Kharagpur', 'state': 'Odisha', 'country': 'India', 'postcode': 26555, 'coordinates': {'latitude': '11.9804', 'longitude': '150.1585'}, 'timezone': {'offset': '-10:00', 'description': 'Hawaii'}}, 'email': 'sudha.salian@example.com', 'login': {'uuid': 'dc01f77b-2e04-40af-be57-e29b3a86c0da', 'username': 'heavytiger219', 'password': 'freeway', 'salt': '4cscN9R3', 'md5': 'd0d3b9c57ddcd1968ece62cb6799dc42', 'sha1': '056995a5ec30a58ac28df1c1831826c3eecf08be', 'sha256': '117b998462ab85105c31e3e73ef5ca1cc313c4151c0b6bb9826f5509f13518b6'}, 'dob': {'date': '1979-04-08T16:51:11.972Z', 'age': 45}, 'registered': {'date': '2016-06-11T13:10:38.329Z', 'age': 7}, 'phone': '8547086310', 'cell': '8861735652', 'id': {'name': 'UIDAI', 'value': '908973234910'}, 'picture': {'large': 'https://randomuser.me/api/portraits/women/19.jpg', 'medium': 'https://randomuser.me/api/portraits/med/women/19.jpg', 'thumbnail': 'https://randomuser.me/api/portraits/thumb/women/19.jpg'}, 'nat': 'IN'}</msg>
<arg>${json_data['results'][0]}</arg>
<doc>Logs the given message with the given level.</doc>
<status status="PASS" start="2024-05-20T12:29:13.653231" elapsed="0.000411"/>
</kw>
<kw name="Log" owner="BuiltIn">
<msg time="2024-05-20T12:29:13.654066" level="INFO">login</msg>
<arg>${key}</arg>
<doc>Logs the given message with the given level.</doc>
<status status="PASS" start="2024-05-20T12:29:13.653939" elapsed="0.000164"/>
</kw>
<var name="${key}">login</var>
<status status="PASS" start="2024-05-20T12:29:13.652407" elapsed="0.001917"/>
</iter>
<var>${key}</var>
<value>@{expected_keys}</value>
<status status="PASS" start="2024-05-20T12:29:13.643655" elapsed="0.010788"/>
</for>
<kw name="Create List" owner="BuiltIn">
<msg time="2024-05-20T12:29:13.654818" level="INFO">${expected_keysTwo} = ['username', 'password']</msg>
<var>${expected_keysTwo}</var>
<arg>username</arg>
<arg>password</arg>
<doc>Returns a list containing given items.</doc>
<status status="PASS" start="2024-05-20T12:29:13.654676" elapsed="0.000166"/>
</kw>
<for flavor="IN">
<iter>
<kw name="Dictionary Should Contain Key" owner="Collections">
<msg time="2024-05-20T12:29:13.655735" level="INFO">False</msg>
<arg>${json_data['results'][0]['login']}</arg>
<arg>${keyTwo}</arg>
<doc>Fails if ``key`` is not found from ``dictionary``.</doc>
<status status="PASS" start="2024-05-20T12:29:13.655353" elapsed="0.000419"/>
</kw>
<kw name="Dictionary Should Contain Key" owner="Collections">
<msg time="2024-05-20T12:29:13.656484" level="INFO">False</msg>
<arg>${json_data['results'][0]['login']}</arg>
<arg>${keyTwo}</arg>
<doc>Fails if ``key`` is not found from ``dictionary``.</doc>
<status status="PASS" start="2024-05-20T12:29:13.656099" elapsed="0.000422"/>
</kw>
<kw name="Log" owner="BuiltIn">
<msg time="2024-05-20T12:29:13.656988" level="INFO">username</msg>
<arg>${keyTwo}</arg>
<doc>Logs the given message with the given level.</doc>
<status status="PASS" start="2024-05-20T12:29:13.656859" elapsed="0.000171"/>
</kw>
<var name="${keyTwo}">username</var>
<status status="PASS" start="2024-05-20T12:29:13.655238" elapsed="0.002008"/>
</iter>
<iter>
<kw name="Dictionary Should Contain Key" owner="Collections">
<msg time="2024-05-20T12:29:13.657987" level="INFO">False</msg>
<arg>${json_data['results'][0]['login']}</arg>
<arg>${keyTwo}</arg>
<doc>Fails if ``key`` is not found from ``dictionary``.</doc>
<status status="PASS" start="2024-05-20T12:29:13.657523" elapsed="0.000503"/>
</kw>
<kw name="Dictionary Should Contain Key" owner="Collections">
<msg time="2024-05-20T12:29:13.658696" level="INFO">False</msg>
<arg>${json_data['results'][0]['login']}</arg>
<arg>${keyTwo}</arg>
<doc>Fails if ``key`` is not found from ``dictionary``.</doc>
<status status="PASS" start="2024-05-20T12:29:13.658323" elapsed="0.000410"/>
</kw>
<kw name="Log" owner="BuiltIn">
<msg time="2024-05-20T12:29:13.659151" level="INFO">password</msg>
<arg>${keyTwo}</arg>
<doc>Logs the given message with the given level.</doc>
<status status="PASS" start="2024-05-20T12:29:13.659026" elapsed="0.000161"/>
</kw>
<var name="${keyTwo}">password</var>
<status status="PASS" start="2024-05-20T12:29:13.657412" elapsed="0.001987"/>
</iter>
<var>${keyTwo}</var>
<value>@{expected_keysTwo}</value>
<status status="PASS" start="2024-05-20T12:29:13.655080" elapsed="0.004439"/>
</for>
<status status="PASS" start="2024-05-20T12:29:13.596376" elapsed="0.063287"/>
</kw>
<doc>Testa a estrutura da resposta da API.</doc>
<tag>testeEstruturaResposta</tag>
<status status="PASS" start="2024-05-20T12:29:13.595725" elapsed="0.064100"/>
</test>
<test id="s1-s1-t4" name="Validar tipos de dados" line="28">
<kw name="Teste de Tipos de Dados" owner="random-user-service">
<kw name="GET On Session" owner="RequestsLibrary">
<msg time="2024-05-20T12:29:13.736542" level="INFO">GET Request : url=https://randomuser.me/api 
 path_url=/api 
 headers={'User-Agent': 'python-requests/2.31.0', 'Accept-Encoding': 'gzip, deflate', 'Accept': '*/*', 'Connection': 'keep-alive'} 
 body=None 
 </msg>
<msg time="2024-05-20T12:29:13.736655" level="INFO">GET Response : url=https://randomuser.me/api 
 status=200, reason=OK 
 headers={'Date': 'Mon, 20 May 2024 12:29:13 GMT', 'Content-Type': 'application/json; charset=utf-8', 'Transfer-Encoding': 'chunked', 'Connection': 'keep-alive', 'X-Powered-By': 'Express', 'Access-Control-Allow-Origin': '*', 'Cache-Control': 'no-cache', 'ETag': 'W/"4aa-xR/Zwtp8iQGEvByW4BfqXjeteog"', 'Vary': 'Accept-Encoding', 'Content-Encoding': 'gzip', 'CF-Cache-Status': 'DYNAMIC', 'Report-To': '{"endpoints":[{"url":"https:\\/\\/a.nel.cloudflare.com\\/report\\/v4?s=Z8Qc2KbyxPj6WMGyBqxUiqhUrZHygwEdATg7eVtwc4XFQ9%2FM7l8pU%2FPDYSDKkYiJ%2BLdnIbarJM2uhG%2FTcFx9OeoM0RCt9LqzZoNHVbG%2F%2Ffb6cGRLDQQtphJ4bxgj%2F9TN"}],"group":"cf-nel","max_age":604800}', 'NEL': '{"success_fraction":0,"report_to":"cf-nel","max_age":604800}', 'Server': 'cloudflare', 'CF-RAY': '886c54c06d1c607c-ORD', 'alt-svc': 'h3=":443"; ma=86400'} 
 body={"results":[{"gender":"male","name":{"title":"Mr","first":"Carmelo","last":"Cano"},"location":{"street":{"number":6327,"name":"Avenida de La Albufera"},"city":"Las Palmas de Gran Canaria","state":"Comunidad de Madrid","country":"Spain","postcode":96796,"coordinates":{"latitude":"-34.0462","longitude":"-30.3115"},"timezone":{"offset":"+4:00","description":"Abu Dhabi, Muscat, Baku, Tbilisi"}},"email":"carmelo.cano@example.com","login":{"uuid":"319a167f-d3f0-4ee5-85d2-2acc113c48f3","username":"ticklishcat214","password":"enterme","salt":"2m9c66wH","md5":"1e43314d534a35144d8f40722616be14","sha1":"b79ece591e75836641745452c8ccb7c2a5650c22","sha256":"e8fc96f3df82af231650119c43a39269b0c81ad5708ea38124dc2052afe05064"},"dob":{"date":"1981-04-14T19:00:17.817Z","age":43},"registered":{"date":"2018-06-15T18:34:24.865Z","age":5},"phone":"900-272-592","cell":"674-088-447","id":{"name":"DNI","value":"07086448-D"},"picture":{"large":"https://randomuser.me/api/portraits/men/76.jpg","medium":"https://randomuser.me/api/portraits/med/men/76.jpg","thumbnail":"https://randomuser.me/api/portraits/thumb/men/76.jpg"},"nat":"ES"}],"info":{"seed":"ad07b97d2a85f44c","results":1,"page":1,"version":"1.4"}} 
 </msg>
<msg time="2024-05-20T12:29:13.736736" level="INFO">/opt/hostedtoolcache/Python/3.12.3/x64/lib/python3.12/site-packages/urllib3/connectionpool.py:1103: InsecureRequestWarning: Unverified HTTPS request is being made to host 'randomuser.me'. Adding certificate verification is strongly advised. See: https://urllib3.readthedocs.io/en/latest/advanced-usage.html#tls-warnings
  warnings.warn(</msg>
<msg time="2024-05-20T12:29:13.736892" level="INFO">${response} = &lt;Response [200]&gt;</msg>
<var>${response}</var>
<arg>consultarAPI</arg>
<arg>/api</arg>
<doc>Sends a GET request on a previously created HTTP Session.</doc>
<status status="PASS" start="2024-05-20T12:29:13.662441" elapsed="0.074498"/>
</kw>
<kw name="Set Variable" owner="BuiltIn">
<msg time="2024-05-20T12:29:13.738196" level="INFO">${json_data} = {'results': [{'gender': 'male', 'name': {'title': 'Mr', 'first': 'Carmelo', 'last': 'Cano'}, 'location': {'street': {'number': 6327, 'name': 'Avenida de La Albufera'}, 'city': 'Las Palmas de Gran Cana...</msg>
<var>${json_data}</var>
<arg>${response.json()}</arg>
<doc>Returns the given values which can then be assigned to a variables.</doc>
<status status="PASS" start="2024-05-20T12:29:13.737609" elapsed="0.000618"/>
</kw>
<kw name="Log" owner="BuiltIn">
<msg time="2024-05-20T12:29:13.738713" level="INFO">{'results': [{'gender': 'male', 'name': {'title': 'Mr', 'first': 'Carmelo', 'last': 'Cano'}, 'location': {'street': {'number': 6327, 'name': 'Avenida de La Albufera'}, 'city': 'Las Palmas de Gran Canaria', 'state': 'Comunidad de Madrid', 'country': 'Spain', 'postcode': 96796, 'coordinates': {'latitude': '-34.0462', 'longitude': '-30.3115'}, 'timezone': {'offset': '+4:00', 'description': 'Abu Dhabi, Muscat, Baku, Tbilisi'}}, 'email': 'carmelo.cano@example.com', 'login': {'uuid': '319a167f-d3f0-4ee5-85d2-2acc113c48f3', 'username': 'ticklishcat214', 'password': 'enterme', 'salt': '2m9c66wH', 'md5': '1e43314d534a35144d8f40722616be14', 'sha1': 'b79ece591e75836641745452c8ccb7c2a5650c22', 'sha256': 'e8fc96f3df82af231650119c43a39269b0c81ad5708ea38124dc2052afe05064'}, 'dob': {'date': '1981-04-14T19:00:17.817Z', 'age': 43}, 'registered': {'date': '2018-06-15T18:34:24.865Z', 'age': 5}, 'phone': '900-272-592', 'cell': '674-088-447', 'id': {'name': 'DNI', 'value': '07086448-D'}, 'picture': {'large': 'https://randomuser.me/api/portraits/men/76.jpg', 'medium': 'https://randomuser.me/api/portraits/med/men/76.jpg', 'thumbnail': 'https://randomuser.me/api/portraits/thumb/men/76.jpg'}, 'nat': 'ES'}], 'info': {'seed': 'ad07b97d2a85f44c', 'results': 1, 'page': 1, 'version': '1.4'}}</msg>
<arg>${json_data}</arg>
<doc>Logs the given message with the given level.</doc>
<status status="PASS" start="2024-05-20T12:29:13.738552" elapsed="0.000246"/>
</kw>
<kw name="Should Be String" owner="String">
<arg>${json_data['results'][0]['gender']}</arg>
<doc>Fails if the given ``item`` is not a string.</doc>
<status status="PASS" start="2024-05-20T12:29:13.739101" elapsed="0.000371"/>
</kw>
<kw name="Should Match Regexp" owner="BuiltIn">
<arg>${json_data['results'][0]['email']}</arg>
<arg>^[a-zA-Z0-9._%+-]+@[a-zA-Z0-9.-]+\.[a-zA-Z]{2,}$</arg>
<doc>Fails if ``string`` does not match ``pattern`` as a regular expression.</doc>
<status status="PASS" start="2024-05-20T12:29:13.739669" elapsed="0.000559"/>
</kw>
<kw name="Should Match Regexp" owner="BuiltIn">
<arg>${json_data['results'][0]['dob']['date']}</arg>
<arg>\\d{4}-\\d{2}-\\d{2}T\\d{2}:\\d{2}:\\d{2}\\.\\d{3}Z</arg>
<doc>Fails if ``string`` does not match ``pattern`` as a regular expression.</doc>
<status status="PASS" start="2024-05-20T12:29:13.740431" elapsed="0.000493"/>
</kw>
<kw name="Should Match Regexp" owner="BuiltIn">
<arg>${json_data['results'][0]['registered']['date']}</arg>
<arg>\\d{4}-\\d{2}-\\d{2}T\\d{2}:\\d{2}:\\d{2}\\.\\d{3}Z</arg>
<doc>Fails if ``string`` does not match ``pattern`` as a regular expression.</doc>
<status status="PASS" start="2024-05-20T12:29:13.741122" elapsed="0.000371"/>
</kw>
<kw name="Should Match Regexp" owner="BuiltIn">
<arg>${json_data['results'][0]['picture']['large']}</arg>
<arg>^https?://.*\.(?:png|jpe?g|gif|bmp)$</arg>
<doc>Fails if ``string`` does not match ``pattern`` as a regular expression.</doc>
<status status="PASS" start="2024-05-20T12:29:13.741687" elapsed="0.000457"/>
</kw>
<kw name="Should Match Regexp" owner="BuiltIn">
<arg>${json_data['results'][0]['picture']['medium']}</arg>
<arg>^https?://.*\.(?:png|jpe?g|gif|bmp)$</arg>
<doc>Fails if ``string`` does not match ``pattern`` as a regular expression.</doc>
<status status="PASS" start="2024-05-20T12:29:13.742333" elapsed="0.000355"/>
</kw>
<kw name="Should Match Regexp" owner="BuiltIn">
<arg>${json_data['results'][0]['picture']['thumbnail']}</arg>
<arg>^https?://.*\.(?:png|jpe?g|gif|bmp)$</arg>
<doc>Fails if ``string`` does not match ``pattern`` as a regular expression.</doc>
<status status="PASS" start="2024-05-20T12:29:13.742880" elapsed="0.000350"/>
</kw>
<kw name="Log" owner="BuiltIn">
<msg time="2024-05-20T12:29:13.743744" level="INFO">{'large': 'https://randomuser.me/api/portraits/men/76.jpg', 'medium': 'https://randomuser.me/api/portraits/med/men/76.jpg', 'thumbnail': 'https://randomuser.me/api/portraits/thumb/men/76.jpg'}</msg>
<arg>${json_data['results'][0]['picture']}</arg>
<doc>Logs the given message with the given level.</doc>
<status status="PASS" start="2024-05-20T12:29:13.743421" elapsed="0.000364"/>
</kw>
<status status="PASS" start="2024-05-20T12:29:13.662206" elapsed="0.081884"/>
</kw>
<kw name="Teste de Tipos de Dados - Postcode" owner="random-user-service">
<kw name="GET On Session" owner="RequestsLibrary">
<msg time="2024-05-20T12:29:13.845989" level="INFO">GET Request : url=https://randomuser.me/api 
 path_url=/api 
 headers={'User-Agent': 'python-requests/2.31.0', 'Accept-Encoding': 'gzip, deflate', 'Accept': '*/*', 'Connection': 'keep-alive'} 
 body=None 
 </msg>
<msg time="2024-05-20T12:29:13.846100" level="INFO">GET Response : url=https://randomuser.me/api 
 status=200, reason=OK 
 headers={'Date': 'Mon, 20 May 2024 12:29:13 GMT', 'Content-Type': 'application/json; charset=utf-8', 'Transfer-Encoding': 'chunked', 'Connection': 'keep-alive', 'X-Powered-By': 'Express', 'Access-Control-Allow-Origin': '*', 'Cache-Control': 'no-cache', 'ETag': 'W/"491-M1wN6+TluEJREVIbTTsPSvz6MJM"', 'Vary': 'Accept-Encoding', 'Content-Encoding': 'gzip', 'CF-Cache-Status': 'DYNAMIC', 'Report-To': '{"endpoints":[{"url":"https:\\/\\/a.nel.cloudflare.com\\/report\\/v4?s=LW6FQppDd0mDUDmcqUJ0Dw2KW2CzXjGl%2FUauA%2F35bVKPdji0rsqIwJjaoTB1ZeeFWscawjhCWoeLEpHJxTwS7RxijOermSWwmSgmWCVCMNPGCqja%2FlLfSdnGY8SlMQAn"}],"group":"cf-nel","max_age":604800}', 'NEL': '{"success_fraction":0,"report_to":"cf-nel","max_age":604800}', 'Server': 'cloudflare', 'CF-RAY': '886c54c0ed82607c-ORD', 'alt-svc': 'h3=":443"; ma=86400'} 
 body={"results":[{"gender":"male","name":{"title":"Mr","first":"Dylan","last":"Noel"},"location":{"street":{"number":1856,"name":"Avenue Goerges Clémenceau"},"city":"Nancy","state":"Haute-Loire","country":"France","postcode":70633,"coordinates":{"latitude":"-12.9040","longitude":"-162.0612"},"timezone":{"offset":"+7:00","description":"Bangkok, Hanoi, Jakarta"}},"email":"dylan.noel@example.com","login":{"uuid":"3cd2186a-2bfd-4de1-b133-58ee1097322a","username":"blueduck405","password":"alfredo","salt":"iU0Z14gR","md5":"8456bb16f093c76457dd36320012cf00","sha1":"31b01a9a344f631abdb7365a69db9bb86eb2f4d0","sha256":"5e3732ba94c3c3f90dcba36e958e932894400a71cdc3294e7096fca68ae8ecbc"},"dob":{"date":"1975-08-09T07:09:37.890Z","age":48},"registered":{"date":"2020-03-10T09:29:16.966Z","age":4},"phone":"01-06-41-11-60","cell":"06-25-20-67-02","id":{"name":"INSEE","value":"1750767813271 84"},"picture":{"large":"https://randomuser.me/api/portraits/men/92.jpg","medium":"https://randomuser.me/api/portraits/med/men/92.jpg","thumbnail":"https://randomuser.me/api/portraits/thumb/men/92.jpg"},"nat":"FR"}],"info":{"seed":"a288611ae22ce98f","results":1,"page":1,"version":"1.4"}} 
 </msg>
<msg time="2024-05-20T12:29:13.846183" level="INFO">/opt/hostedtoolcache/Python/3.12.3/x64/lib/python3.12/site-packages/urllib3/connectionpool.py:1103: InsecureRequestWarning: Unverified HTTPS request is being made to host 'randomuser.me'. Adding certificate verification is strongly advised. See: https://urllib3.readthedocs.io/en/latest/advanced-usage.html#tls-warnings
  warnings.warn(</msg>
<msg time="2024-05-20T12:29:13.846321" level="INFO">${response} = &lt;Response [200]&gt;</msg>
<var>${response}</var>
<arg>consultarAPI</arg>
<arg>/api</arg>
<doc>Sends a GET request on a previously created HTTP Session.</doc>
<status status="PASS" start="2024-05-20T12:29:13.744569" elapsed="0.101792"/>
</kw>
<kw name="Set Variable" owner="BuiltIn">
<msg time="2024-05-20T12:29:13.847592" level="INFO">${json_data} = {'results': [{'gender': 'male', 'name': {'title': 'Mr', 'first': 'Dylan', 'last': 'Noel'}, 'location': {'street': {'number': 1856, 'name': 'Avenue Goerges Clémenceau'}, 'city': 'Nancy', 'state': 'Haut...</msg>
<var>${json_data}</var>
<arg>${response.json()}</arg>
<doc>Returns the given values which can then be assigned to a variables.</doc>
<status status="PASS" start="2024-05-20T12:29:13.847014" elapsed="0.000606"/>
</kw>
<kw name="Log" owner="BuiltIn">
<msg time="2024-05-20T12:29:13.848133" level="INFO">{'results': [{'gender': 'male', 'name': {'title': 'Mr', 'first': 'Dylan', 'last': 'Noel'}, 'location': {'street': {'number': 1856, 'name': 'Avenue Goerges Clémenceau'}, 'city': 'Nancy', 'state': 'Haute-Loire', 'country': 'France', 'postcode': 70633, 'coordinates': {'latitude': '-12.9040', 'longitude': '-162.0612'}, 'timezone': {'offset': '+7:00', 'description': 'Bangkok, Hanoi, Jakarta'}}, 'email': 'dylan.noel@example.com', 'login': {'uuid': '3cd2186a-2bfd-4de1-b133-58ee1097322a', 'username': 'blueduck405', 'password': 'alfredo', 'salt': 'iU0Z14gR', 'md5': '8456bb16f093c76457dd36320012cf00', 'sha1': '31b01a9a344f631abdb7365a69db9bb86eb2f4d0', 'sha256': '5e3732ba94c3c3f90dcba36e958e932894400a71cdc3294e7096fca68ae8ecbc'}, 'dob': {'date': '1975-08-09T07:09:37.890Z', 'age': 48}, 'registered': {'date': '2020-03-10T09:29:16.966Z', 'age': 4}, 'phone': '01-06-41-11-60', 'cell': '06-25-20-67-02', 'id': {'name': 'INSEE', 'value': '1750767813271 84'}, 'picture': {'large': 'https://randomuser.me/api/portraits/men/92.jpg', 'medium': 'https://randomuser.me/api/portraits/med/men/92.jpg', 'thumbnail': 'https://randomuser.me/api/portraits/thumb/men/92.jpg'}, 'nat': 'FR'}], 'info': {'seed': 'a288611ae22ce98f', 'results': 1, 'page': 1, 'version': '1.4'}}</msg>
<arg>${json_data}</arg>
<doc>Logs the given message with the given level.</doc>
<status status="PASS" start="2024-05-20T12:29:13.847930" elapsed="0.000290"/>
</kw>
<kw name="Should Be Equal As Numbers" owner="BuiltIn">
<arg>${json_data['results'][0]['location']['postcode']}</arg>
<arg>${json_data['results'][0]['location']['postcode']}</arg>
<doc>Fails if objects are unequal after converting them to real numbers.</doc>
<status status="PASS" start="2024-05-20T12:29:13.848710" elapsed="0.000632"/>
</kw>
<kw name="Log" owner="BuiltIn">
<msg time="2024-05-20T12:29:13.849866" level="INFO">70633</msg>
<arg>${json_data['results'][0]['location']['postcode']}</arg>
<doc>Logs the given message with the given level.</doc>
<status status="PASS" start="2024-05-20T12:29:13.849536" elapsed="0.000370"/>
</kw>
<status status="PASS" start="2024-05-20T12:29:13.744332" elapsed="0.105829"/>
</kw>
<doc>Testa se os tipos de dados na resposta da API estão corretos.</doc>
<tag>testeTiposDados</tag>
<status status="PASS" start="2024-05-20T12:29:13.661640" elapsed="0.188691"/>
</test>
<test id="s1-s1-t5" name="Validar conteudo" line="35">
<kw name="Teste de Tipos de Conteudo" owner="random-user-service">
<kw name="GET On Session" owner="RequestsLibrary">
<msg time="2024-05-20T12:29:13.982711" level="INFO">GET Request : url=https://randomuser.me/api 
 path_url=/api 
 headers={'User-Agent': 'python-requests/2.31.0', 'Accept-Encoding': 'gzip, deflate', 'Accept': '*/*', 'Connection': 'keep-alive'} 
 body=None 
 </msg>
<msg time="2024-05-20T12:29:13.982813" level="INFO">GET Response : url=https://randomuser.me/api 
 status=200, reason=OK 
 headers={'Date': 'Mon, 20 May 2024 12:29:13 GMT', 'Content-Type': 'application/json; charset=utf-8', 'Transfer-Encoding': 'chunked', 'Connection': 'keep-alive', 'X-Powered-By': 'Express', 'Access-Control-Allow-Origin': '*', 'Cache-Control': 'no-cache', 'ETag': 'W/"48e-1hFmu2gr7kh6LM8ho5pjbU0F3Sc"', 'Vary': 'Accept-Encoding', 'Content-Encoding': 'gzip', 'CF-Cache-Status': 'DYNAMIC', 'Report-To': '{"endpoints":[{"url":"https:\\/\\/a.nel.cloudflare.com\\/report\\/v4?s=EaJRvCgqV0b7y4ZpBKjNp%2FixBlitT1XF9tWquK%2BsHxU5SpMGAB6nrwf8bYmNAeDZW5EPqjOoHcVicB0Q8fMQzLhvUqFrr6lKjARoH%2B32EOr9QiFnrARRAf8NHVG2tpFg"}],"group":"cf-nel","max_age":604800}', 'NEL': '{"success_fraction":0,"report_to":"cf-nel","max_age":604800}', 'Server': 'cloudflare', 'CF-RAY': '886c54c19e3c607c-ORD', 'alt-svc': 'h3=":443"; ma=86400'} 
 body={"results":[{"gender":"female","name":{"title":"Miss","first":"Željka","last":"Vuksanović"},"location":{"street":{"number":8966,"name":"Porodice Radojčić"},"city":"Plandište","state":"Nišava","country":"Serbia","postcode":45122,"coordinates":{"latitude":"59.5636","longitude":"75.2780"},"timezone":{"offset":"-2:00","description":"Mid-Atlantic"}},"email":"zeljka.vuksanovic@example.com","login":{"uuid":"ff26ea95-6a68-48ea-baff-18c78364da3e","username":"whitebutterfly557","password":"zzzz","salt":"OyHH4OpP","md5":"0d50b8e84e18a93a2b8a79f496f8e987","sha1":"c019ef123d05b4fce0be08931d029e016eb7663c","sha256":"c83a322983dbdf6791ab65d214737a6726f266e52a6c29b2cc0b801a2582d9b9"},"dob":{"date":"1987-07-05T00:58:29.194Z","age":36},"registered":{"date":"2011-12-31T16:37:35.663Z","age":12},"phone":"014-2862-850","cell":"061-2591-132","id":{"name":"SID","value":"079865255"},"picture":{"large":"https://randomuser.me/api/portraits/women/53.jpg","medium":"https://randomuser.me/api/portraits/med/women/53.jpg","thumbnail":"https://randomuser.me/api/portraits/thumb/women/53.jpg"},"nat":"RS"}],"info":{"seed":"77404ef734fd297e","results":1,"page":1,"version":"1.4"}} 
 </msg>
<msg time="2024-05-20T12:29:13.982888" level="INFO">/opt/hostedtoolcache/Python/3.12.3/x64/lib/python3.12/site-packages/urllib3/connectionpool.py:1103: InsecureRequestWarning: Unverified HTTPS request is being made to host 'randomuser.me'. Adding certificate verification is strongly advised. See: https://urllib3.readthedocs.io/en/latest/advanced-usage.html#tls-warnings
  warnings.warn(</msg>
<msg time="2024-05-20T12:29:13.983034" level="INFO">${response} = &lt;Response [200]&gt;</msg>
<var>${response}</var>
<arg>consultarAPI</arg>
<arg>/api</arg>
<doc>Sends a GET request on a previously created HTTP Session.</doc>
<status status="PASS" start="2024-05-20T12:29:13.852871" elapsed="0.130206"/>
</kw>
<kw name="Set Variable" owner="BuiltIn">
<msg time="2024-05-20T12:29:13.984340" level="INFO">${json_data} = {'results': [{'gender': 'female', 'name': {'title': 'Miss', 'first': 'Željka', 'last': 'Vuksanović'}, 'location': {'street': {'number': 8966, 'name': 'Porodice Radojčić'}, 'city': 'Plandište', 'state'...</msg>
<var>${json_data}</var>
<arg>${response.json()}</arg>
<doc>Returns the given values which can then be assigned to a variables.</doc>
<status status="PASS" start="2024-05-20T12:29:13.983723" elapsed="0.000648"/>
</kw>
<kw name="Set Variable" owner="BuiltIn">
<msg time="2024-05-20T12:29:13.985096" level="INFO">${name_title} = Miss</msg>
<var>${name_title}</var>
<arg>${json_data["results"][0]["name"]["title"]}</arg>
<doc>Returns the given values which can then be assigned to a variables.</doc>
<status status="PASS" start="2024-05-20T12:29:13.984701" elapsed="0.000421"/>
</kw>
<kw name="Create List" owner="BuiltIn">
<msg time="2024-05-20T12:29:13.985605" level="INFO">${allowed_titles} = ['Mr', 'Ms', 'Miss', 'Mrs', 'Madame', 'Monsieur']</msg>
<var>${allowed_titles}</var>
<arg>Mr</arg>
<arg>Ms</arg>
<arg>Miss</arg>
<arg>Mrs</arg>
<arg>Madame</arg>
<arg>Monsieur</arg>
<doc>Returns a list containing given items.</doc>
<status status="PASS" start="2024-05-20T12:29:13.985450" elapsed="0.000182"/>
</kw>
<kw name="List Should Contain Value" owner="Collections">
<msg time="2024-05-20T12:29:13.986122" level="INFO">False</msg>
<arg>${allowed_titles}</arg>
<arg>${name_title}</arg>
<doc>Fails if the ``value`` is not found from ``list``.</doc>
<status status="PASS" start="2024-05-20T12:29:13.985939" elapsed="0.000221"/>
</kw>
<kw name="Set Variable" owner="BuiltIn">
<msg time="2024-05-20T12:29:13.986844" level="INFO">${name_country} = RS</msg>
<var>${name_country}</var>
<arg>${json_data["results"][0]["nat"]}</arg>
<doc>Returns the given values which can then be assigned to a variables.</doc>
<status status="PASS" start="2024-05-20T12:29:13.986466" elapsed="0.000403"/>
</kw>
<kw name="Create List" owner="BuiltIn">
<msg time="2024-05-20T12:29:13.987771" level="INFO">${list_country} = ['AD', 'AE', 'AF', 'AG', 'AI', 'AL', 'AM', 'AO', 'AQ', 'AR', 'AS', 'AT', 'AU', 'AW', 'AX', 'AZ', 'BA', 'BB', 'BD', 'BE', 'BF', 'BG', 'BH', 'BI', 'BJ', 'BL', 'BM', 'BN', 'BO', 'BQ', 'BR', 'BS', 'BT', '...</msg>
<var>${list_country}</var>
<arg>AD</arg>
<arg>AE</arg>
<arg>AF</arg>
<arg>AG</arg>
<arg>AI</arg>
<arg>AL</arg>
<arg>AM</arg>
<arg>AO</arg>
<arg>AQ</arg>
<arg>AR</arg>
<arg>AS</arg>
<arg>AT</arg>
<arg>AU</arg>
<arg>AW</arg>
<arg>AX</arg>
<arg>AZ</arg>
<arg>BA</arg>
<arg>BB</arg>
<arg>BD</arg>
<arg>BE</arg>
<arg>BF</arg>
<arg>BG</arg>
<arg>BH</arg>
<arg>BI</arg>
<arg>BJ</arg>
<arg>BL</arg>
<arg>BM</arg>
<arg>BN</arg>
<arg>BO</arg>
<arg>BQ</arg>
<arg>BR</arg>
<arg>BS</arg>
<arg>BT</arg>
<arg>BV</arg>
<arg>BW</arg>
<arg>BY</arg>
<arg>BZ</arg>
<arg>CA</arg>
<arg>CC</arg>
<arg>CD</arg>
<arg>CF</arg>
<arg>CG</arg>
<arg>CH</arg>
<arg>CI</arg>
<arg>CK</arg>
<arg>CL</arg>
<arg>CM</arg>
<arg>CN</arg>
<arg>CO</arg>
<arg>CR</arg>
<arg>CU</arg>
<arg>CV</arg>
<arg>CW</arg>
<arg>CX</arg>
<arg>CY</arg>
<arg>CZ</arg>
<arg>DE</arg>
<arg>DJ</arg>
<arg>DK</arg>
<arg>DM</arg>
<arg>DO</arg>
<arg>DZ</arg>
<arg>EC</arg>
<arg>EE</arg>
<arg>EG</arg>
<arg>EH</arg>
<arg>ER</arg>
<arg>ES</arg>
<arg>ET</arg>
<arg>FI</arg>
<arg>FJ</arg>
<arg>FK</arg>
<arg>FM</arg>
<arg>FO</arg>
<arg>FR</arg>
<arg>GA</arg>
<arg>GB</arg>
<arg>GD</arg>
<arg>GE</arg>
<arg>GF</arg>
<arg>GG</arg>
<arg>GH</arg>
<arg>GI</arg>
<arg>GL</arg>
<arg>GM</arg>
<arg>GN</arg>
<arg>GP</arg>
<arg>GQ</arg>
<arg>GR</arg>
<arg>GS</arg>
<arg>GT</arg>
<arg>GU</arg>
<arg>GW</arg>
<arg>GY</arg>
<arg>HK</arg>
<arg>HM</arg>
<arg>HN</arg>
<arg>HR</arg>
<arg>HT</arg>
<arg>HU</arg>
<arg>ID</arg>
<arg>IE</arg>
<arg>IL</arg>
<arg>IM</arg>
<arg>IN</arg>
<arg>IO</arg>
<arg>IQ</arg>
<arg>IR</arg>
<arg>IS</arg>
<arg>IT</arg>
<arg>JE</arg>
<arg>JM</arg>
<arg>JO</arg>
<arg>JP</arg>
<arg>KE</arg>
<arg>KG</arg>
<arg>KH</arg>
<arg>KI</arg>
<arg>KM</arg>
<arg>KN</arg>
<arg>KP</arg>
<arg>KR</arg>
<arg>KW</arg>
<arg>KY</arg>
<arg>KZ</arg>
<arg>LA</arg>
<arg>LB</arg>
<arg>LC</arg>
<arg>LI</arg>
<arg>LK</arg>
<arg>LR</arg>
<arg>LS</arg>
<arg>LT</arg>
<arg>LU</arg>
<arg>LV</arg>
<arg>LY</arg>
<arg>MA</arg>
<arg>MC</arg>
<arg>MD</arg>
<arg>ME</arg>
<arg>MF</arg>
<arg>MG</arg>
<arg>MH</arg>
<arg>MK</arg>
<arg>ML</arg>
<arg>MM</arg>
<arg>MN</arg>
<arg>MO</arg>
<arg>MP</arg>
<arg>MQ</arg>
<arg>MR</arg>
<arg>MS</arg>
<arg>MT</arg>
<arg>MU</arg>
<arg>MV</arg>
<arg>MW</arg>
<arg>MX</arg>
<arg>MY</arg>
<arg>MZ</arg>
<arg>NA</arg>
<arg>NC</arg>
<arg>NE</arg>
<arg>NF</arg>
<arg>NG</arg>
<arg>NI</arg>
<arg>NL</arg>
<arg>NO</arg>
<arg>NP</arg>
<arg>NR</arg>
<arg>NU</arg>
<arg>NZ</arg>
<arg>OM</arg>
<arg>PA</arg>
<arg>PE</arg>
<arg>PF</arg>
<arg>PG</arg>
<arg>PH</arg>
<arg>PK</arg>
<arg>PL</arg>
<arg>PM</arg>
<arg>PN</arg>
<arg>PR</arg>
<arg>PS</arg>
<arg>PT</arg>
<arg>PW</arg>
<arg>PY</arg>
<arg>QA</arg>
<arg>RE</arg>
<arg>RO</arg>
<arg>RS</arg>
<arg>RU</arg>
<arg>RW</arg>
<arg>SA</arg>
<arg>SB</arg>
<arg>SC</arg>
<arg>SD</arg>
<arg>SE</arg>
<arg>SG</arg>
<arg>SH</arg>
<arg>SI</arg>
<arg>SJ</arg>
<arg>SK</arg>
<arg>SL</arg>
<arg>SM</arg>
<arg>SN</arg>
<arg>SO</arg>
<arg>SR</arg>
<arg>SS</arg>
<arg>ST</arg>
<arg>SV</arg>
<arg>SX</arg>
<arg>SY</arg>
<arg>SZ</arg>
<arg>TC</arg>
<arg>TD</arg>
<arg>TF</arg>
<arg>TG</arg>
<arg>TH</arg>
<arg>TJ</arg>
<arg>TK</arg>
<arg>TL</arg>
<arg>TM</arg>
<arg>TN</arg>
<arg>TO</arg>
<arg>TR</arg>
<arg>TT</arg>
<arg>TV</arg>
<arg>TW</arg>
<arg>TZ</arg>
<arg>UA</arg>
<arg>UG</arg>
<arg>UM</arg>
<arg>US</arg>
<arg>UY</arg>
<arg>UZ</arg>
<arg>VA</arg>
<arg>VC</arg>
<arg>VE</arg>
<arg>VG</arg>
<arg>VI</arg>
<arg>VN</arg>
<arg>VU</arg>
<arg>WF</arg>
<arg>WS</arg>
<arg>XK</arg>
<arg>YE</arg>
<arg>YT</arg>
<arg>ZA</arg>
<arg>ZM</arg>
<arg>ZW</arg>
<doc>Returns a list containing given items.</doc>
<status status="PASS" start="2024-05-20T12:29:13.987173" elapsed="0.000625"/>
</kw>
<kw name="List Should Contain Value" owner="Collections">
<msg time="2024-05-20T12:29:13.988850" level="INFO">False</msg>
<arg>${list_country}</arg>
<arg>${name_country}</arg>
<doc>Fails if the ``value`` is not found from ``list``.</doc>
<status status="PASS" start="2024-05-20T12:29:13.988641" elapsed="0.000246"/>
</kw>
<kw name="Run Keyword If" owner="BuiltIn">
<kw name="Should Be True" owner="BuiltIn">
<arg>${True}</arg>
<doc>Fails if the given condition is not true.</doc>
<status status="PASS" start="2024-05-20T12:29:13.989970" elapsed="0.000267"/>
</kw>
<arg>${json_data["results"][0]["location"]["coordinates"]["latitude"]} &gt;= -90 and ${json_data["results"][0]["location"]["coordinates"]["latitude"]} &lt;= 90</arg>
<arg>Should Be True</arg>
<arg>${True}</arg>
<doc>Runs the given keyword with the given arguments, if ``condition`` is true.</doc>
<status status="PASS" start="2024-05-20T12:29:13.989204" elapsed="0.001165"/>
</kw>
<kw name="Run Keyword If" owner="BuiltIn">
<kw name="Should Be True" owner="BuiltIn">
<arg>${True}</arg>
<doc>Fails if the given condition is not true.</doc>
<status status="PASS" start="2024-05-20T12:29:13.991284" elapsed="0.000140"/>
</kw>
<arg>${json_data["results"][0]["location"]["coordinates"]["longitude"]} &gt;= -180 and ${json_data["results"][0]["location"]["coordinates"]["longitude"]} &lt;= 180</arg>
<arg>Should Be True</arg>
<arg>${True}</arg>
<doc>Runs the given keyword with the given arguments, if ``condition`` is true.</doc>
<status status="PASS" start="2024-05-20T12:29:13.990573" elapsed="0.000977"/>
</kw>
<status status="PASS" start="2024-05-20T12:29:13.852639" elapsed="0.139048"/>
</kw>
<doc>Testa o conteúdo específico dos campos retornados pela API.</doc>
<tag>testeConteudo</tag>
<status status="PASS" start="2024-05-20T12:29:13.852092" elapsed="0.139750"/>
</test>
<status status="PASS" start="2024-05-20T12:29:13.102099" elapsed="0.891777"/>
</suite>
<status status="PASS" start="2024-05-20T12:29:13.087406" elapsed="0.911746"/>
</suite>
<statistics>
<total>
<stat pass="5" fail="0" skip="0">All Tests</stat>
</total>
<tag>
<stat pass="1" fail="0" skip="0">testeConteudo</stat>
<stat pass="1" fail="0" skip="0">testeEstruturaResposta</stat>
<stat pass="1" fail="0" skip="0">testeRequisicaoBasica</stat>
<stat pass="1" fail="0" skip="0">testeTiposDados</stat>
</tag>
<suite>
<stat pass="5" fail="0" skip="0" id="s1" name="Tests">Tests</stat>
<stat pass="5" fail="0" skip="0" id="s1-s1" name="Random-User-Test">Tests.Random-User-Test</stat>
</suite>
</statistics>
<errors>
</errors>
</robot>
