<?xml version="1.0" encoding="UTF-8"?>
<robot generator="Robot 7.0 (Python 3.12.3 on linux)" generated="2024-05-27T17:13:04.951636" rpa="false" schemaversion="5">
<suite id="s1" name="Tests" source="/home/runner/work/ApiRandomUser/ApiRandomUser/RamdonUser/tests">
<suite id="s1-s1" name="Random-User-Test" source="/home/runner/work/ApiRandomUser/ApiRandomUser/RamdonUser/tests/random-user-test.robot">
<test id="s1-s1-t1" name="Conectar" line="13">
<kw name="Conectar API" owner="random-user-service">
<kw name="Create Session" owner="RequestsLibrary">
<msg time="2024-05-27T17:13:05.390601" level="INFO">Creating Session using : alias=consultarAPI, url=https://randomuser.me/, headers={},                     cookies={}, auth=None, timeout=None, proxies=None, verify=False,                     debug=0 </msg>
<arg>consultarAPI</arg>
<arg>${URL}</arg>
<doc>Create Session: create a HTTP session to a server</doc>
<status status="PASS" start="2024-05-27T17:13:05.390401" elapsed="0.000362"/>
</kw>
<status status="PASS" start="2024-05-27T17:13:05.389357" elapsed="0.001750"/>
</kw>
<status status="PASS" start="2024-05-27T17:13:05.388797" elapsed="0.002502"/>
</test>
<test id="s1-s1-t2" name="Validar retorno 200 e JSON Válido" line="16">
<kw name="Teste de Requisicao Basica" owner="random-user-service">
<kw name="GET On Session" owner="RequestsLibrary">
<msg time="2024-05-27T17:13:05.841452" level="INFO">GET Request : url=https://randomuser.me/api 
 path_url=/api 
 headers={'User-Agent': 'python-requests/2.32.2', 'Accept-Encoding': 'gzip, deflate', 'Accept': '*/*', 'Connection': 'keep-alive'} 
 body=None 
 </msg>
<msg time="2024-05-27T17:13:05.841566" level="INFO">GET Response : url=https://randomuser.me/api 
 status=200, reason=OK 
 headers={'Date': 'Mon, 27 May 2024 17:13:05 GMT', 'Content-Type': 'application/json; charset=utf-8', 'Transfer-Encoding': 'chunked', 'Connection': 'keep-alive', 'X-Powered-By': 'Express', 'Access-Control-Allow-Origin': '*', 'Cache-Control': 'no-cache', 'ETag': 'W/"473-FcwFmcUFQEQ4RENvOfs7azTpxU4"', 'Vary': 'Accept-Encoding', 'Content-Encoding': 'gzip', 'CF-Cache-Status': 'DYNAMIC', 'Report-To': '{"endpoints":[{"url":"https:\\/\\/a.nel.cloudflare.com\\/report\\/v4?s=RsvCI6iD4f6%2B%2Fb65h1NHkap34jgjlt9VDmZesfkIl1Uq1iRbVXTle2%2FrNOkiE0EnJ8d6qKEk9tDdryuYdPsbvnbuHgKfMnJ1MEH4nYBvYDR3wR6YM2RAqJyID9Hoo76I"}],"group":"cf-nel","max_age":604800}', 'NEL': '{"success_fraction":0,"report_to":"cf-nel","max_age":604800}', 'Server': 'cloudflare', 'CF-RAY': '88a7a231ff367cb9-LAX', 'alt-svc': 'h3=":443"; ma=86400'} 
 body={"results":[{"gender":"male","name":{"title":"Mr","first":"Dylan","last":"Curtis"},"location":{"street":{"number":529,"name":"Cherry St"},"city":"Melbourne","state":"Northern Territory","country":"Australia","postcode":6881,"coordinates":{"latitude":"-85.1605","longitude":"-140.0522"},"timezone":{"offset":"+5:45","description":"Kathmandu"}},"email":"dylan.curtis@example.com","login":{"uuid":"43c0194a-e277-4230-8eb1-7bc0c80312b7","username":"sadbutterfly508","password":"tail","salt":"5iCBkmac","md5":"a6b42afb90d3bceddc50fb393817b172","sha1":"6024339354bdb5ce90fe23ed2523a68f63f7a786","sha256":"57f6e5029814242229196cbaa0c64fb6461fcbfeb5a4e4eafc9582caea27054e"},"dob":{"date":"1984-06-06T04:36:30.412Z","age":39},"registered":{"date":"2018-06-26T13:53:59.327Z","age":5},"phone":"07-5021-1745","cell":"0463-264-275","id":{"name":"TFN","value":"048636223"},"picture":{"large":"https://randomuser.me/api/portraits/men/4.jpg","medium":"https://randomuser.me/api/portraits/med/men/4.jpg","thumbnail":"https://randomuser.me/api/portraits/thumb/men/4.jpg"},"nat":"AU"}],"info":{"seed":"6a78bb1713555d01","results":1,"page":1,"version":"1.4"}} 
 </msg>
<msg time="2024-05-27T17:13:05.841634" level="INFO">/opt/hostedtoolcache/Python/3.12.3/x64/lib/python3.12/site-packages/urllib3/connectionpool.py:1103: InsecureRequestWarning: Unverified HTTPS request is being made to host 'randomuser.me'. Adding certificate verification is strongly advised. See: https://urllib3.readthedocs.io/en/latest/advanced-usage.html#tls-warnings
  warnings.warn(</msg>
<msg time="2024-05-27T17:13:05.841752" level="INFO">${response} = &lt;Response [200]&gt;</msg>
<var>${response}</var>
<arg>consultarAPI</arg>
<arg>/api</arg>
<doc>Sends a GET request on a previously created HTTP Session.</doc>
<status status="PASS" start="2024-05-27T17:13:05.393940" elapsed="0.447855"/>
</kw>
<kw name="Should Be Equal As Numbers" owner="BuiltIn">
<msg time="2024-05-27T17:13:05.842823" level="INFO">Argument types are:
&lt;class 'int'&gt;
&lt;class 'str'&gt;</msg>
<arg>${response.status_code}</arg>
<arg>200</arg>
<doc>Fails if objects are unequal after converting them to real numbers.</doc>
<status status="PASS" start="2024-05-27T17:13:05.842335" elapsed="0.000551"/>
</kw>
<kw name="Log" owner="BuiltIn">
<msg time="2024-05-27T17:13:05.843580" level="INFO">200</msg>
<arg>${response.status_code}</arg>
<doc>Logs the given message with the given level.</doc>
<status status="PASS" start="2024-05-27T17:13:05.843234" elapsed="0.000393"/>
</kw>
<kw name="Set Variable" owner="BuiltIn">
<msg time="2024-05-27T17:13:05.844353" level="INFO">${json_data} = {'results': [{'gender': 'male', 'name': {'title': 'Mr', 'first': 'Dylan', 'last': 'Curtis'}, 'location': {'street': {'number': 529, 'name': 'Cherry St'}, 'city': 'Melbourne', 'state': 'Northern Territ...</msg>
<var>${json_data}</var>
<arg>${response.json()}</arg>
<doc>Returns the given values which can then be assigned to a variables.</doc>
<status status="PASS" start="2024-05-27T17:13:05.843931" elapsed="0.000449"/>
</kw>
<kw name="Dictionary Should Contain Key" owner="Collections">
<msg time="2024-05-27T17:13:05.844844" level="INFO">False</msg>
<arg>${json_data}</arg>
<arg>results</arg>
<doc>Fails if ``key`` is not found from ``dictionary``.</doc>
<status status="PASS" start="2024-05-27T17:13:05.844679" elapsed="0.000344"/>
</kw>
<status status="PASS" start="2024-05-27T17:13:05.393690" elapsed="0.451596"/>
</kw>
<doc>Testa se a API responde corretamente e retorna um objeto JSON válido.</doc>
<tag>testeRequisicaoBasica</tag>
<status status="PASS" start="2024-05-27T17:13:05.393176" elapsed="0.452278"/>
</test>
<test id="s1-s1-t3" name="Validar estrutura de resposta" line="22">
<kw name="Teste de Estrutura de Resposta" owner="random-user-service">
<kw name="GET On Session" owner="RequestsLibrary">
<msg time="2024-05-27T17:13:06.072619" level="INFO">GET Request : url=https://randomuser.me/api 
 path_url=/api 
 headers={'User-Agent': 'python-requests/2.32.2', 'Accept-Encoding': 'gzip, deflate', 'Accept': '*/*', 'Connection': 'keep-alive'} 
 body=None 
 </msg>
<msg time="2024-05-27T17:13:06.072698" level="INFO">GET Response : url=https://randomuser.me/api 
 status=200, reason=OK 
 headers={'Date': 'Mon, 27 May 2024 17:13:06 GMT', 'Content-Type': 'application/json; charset=utf-8', 'Transfer-Encoding': 'chunked', 'Connection': 'keep-alive', 'X-Powered-By': 'Express', 'Access-Control-Allow-Origin': '*', 'Cache-Control': 'no-cache', 'ETag': 'W/"49c-ROAKYoFKenjLkI2nKeSEkfV9DvU"', 'Vary': 'Accept-Encoding', 'Content-Encoding': 'gzip', 'CF-Cache-Status': 'DYNAMIC', 'Report-To': '{"endpoints":[{"url":"https:\\/\\/a.nel.cloudflare.com\\/report\\/v4?s=2bjLPMNJg2%2FGZ2noKhlbYtFNXMMDb5eC1gJXO7GSpFQYIhWjzXdpogbA1rmZ2W04NnJZtsxSrw8voFZd9Ea3iRQywIbC5RFTKNILI5FM%2Fty0M3MEAqg%2FHQEQ5fEyLymN"}],"group":"cf-nel","max_age":604800}', 'NEL': '{"success_fraction":0,"report_to":"cf-nel","max_age":604800}', 'Server': 'cloudflare', 'CF-RAY': '88a7a23398f97cb9-LAX', 'alt-svc': 'h3=":443"; ma=86400'} 
 body={"results":[{"gender":"female","name":{"title":"Ms","first":"Molly","last":"Li"},"location":{"street":{"number":3175,"name":"Trafalgar Street"},"city":"Upper Hutt","state":"Bay of Plenty","country":"New Zealand","postcode":62389,"coordinates":{"latitude":"47.8205","longitude":"46.6596"},"timezone":{"offset":"0:00","description":"Western Europe Time, London, Lisbon, Casablanca"}},"email":"molly.li@example.com","login":{"uuid":"b7f75ed1-941d-4762-9ec9-724a53b8cd6d","username":"organicladybug222","password":"river","salt":"se1DyjJ6","md5":"56bd5d7ff194caa3ff92862d02b0a2b3","sha1":"bc97f56d619091d895a9d8048163f890690851ad","sha256":"e268365563a32cbda8693bf1f474046dd0537302a8e6df8c855d7650835febf7"},"dob":{"date":"1959-01-21T07:40:58.869Z","age":65},"registered":{"date":"2015-06-09T04:04:24.727Z","age":8},"phone":"(265)-883-8694","cell":"(021)-082-0503","id":{"name":"","value":null},"picture":{"large":"https://randomuser.me/api/portraits/women/33.jpg","medium":"https://randomuser.me/api/portraits/med/women/33.jpg","thumbnail":"https://randomuser.me/api/portraits/thumb/women/33.jpg"},"nat":"NZ"}],"info":{"seed":"168612b55bcf47fe","results":1,"page":1,"version":"1.4"}} 
 </msg>
<msg time="2024-05-27T17:13:06.072802" level="INFO">/opt/hostedtoolcache/Python/3.12.3/x64/lib/python3.12/site-packages/urllib3/connectionpool.py:1103: InsecureRequestWarning: Unverified HTTPS request is being made to host 'randomuser.me'. Adding certificate verification is strongly advised. See: https://urllib3.readthedocs.io/en/latest/advanced-usage.html#tls-warnings
  warnings.warn(</msg>
<msg time="2024-05-27T17:13:06.072900" level="INFO">${response} = &lt;Response [200]&gt;</msg>
<var>${response}</var>
<arg>consultarAPI</arg>
<arg>/api</arg>
<doc>Sends a GET request on a previously created HTTP Session.</doc>
<status status="PASS" start="2024-05-27T17:13:05.848014" elapsed="0.224927"/>
</kw>
<kw name="Set Variable" owner="BuiltIn">
<msg time="2024-05-27T17:13:06.073940" level="INFO">${json_data} = {'results': [{'gender': 'female', 'name': {'title': 'Ms', 'first': 'Molly', 'last': 'Li'}, 'location': {'street': {'number': 3175, 'name': 'Trafalgar Street'}, 'city': 'Upper Hutt', 'state': 'Bay of P...</msg>
<var>${json_data}</var>
<arg>${response.json()}</arg>
<doc>Returns the given values which can then be assigned to a variables.</doc>
<status status="PASS" start="2024-05-27T17:13:06.073384" elapsed="0.000584"/>
</kw>
<kw name="Log" owner="BuiltIn">
<msg time="2024-05-27T17:13:06.074484" level="INFO">{'results': [{'gender': 'female', 'name': {'title': 'Ms', 'first': 'Molly', 'last': 'Li'}, 'location': {'street': {'number': 3175, 'name': 'Trafalgar Street'}, 'city': 'Upper Hutt', 'state': 'Bay of Plenty', 'country': 'New Zealand', 'postcode': 62389, 'coordinates': {'latitude': '47.8205', 'longitude': '46.6596'}, 'timezone': {'offset': '0:00', 'description': 'Western Europe Time, London, Lisbon, Casablanca'}}, 'email': 'molly.li@example.com', 'login': {'uuid': 'b7f75ed1-941d-4762-9ec9-724a53b8cd6d', 'username': 'organicladybug222', 'password': 'river', 'salt': 'se1DyjJ6', 'md5': '56bd5d7ff194caa3ff92862d02b0a2b3', 'sha1': 'bc97f56d619091d895a9d8048163f890690851ad', 'sha256': 'e268365563a32cbda8693bf1f474046dd0537302a8e6df8c855d7650835febf7'}, 'dob': {'date': '1959-01-21T07:40:58.869Z', 'age': 65}, 'registered': {'date': '2015-06-09T04:04:24.727Z', 'age': 8}, 'phone': '(265)-883-8694', 'cell': '(021)-082-0503', 'id': {'name': '', 'value': None}, 'picture': {'large': 'https://randomuser.me/api/portraits/women/33.jpg', 'medium': 'https://randomuser.me/api/portraits/med/women/33.jpg', 'thumbnail': 'https://randomuser.me/api/portraits/thumb/women/33.jpg'}, 'nat': 'NZ'}], 'info': {'seed': '168612b55bcf47fe', 'results': 1, 'page': 1, 'version': '1.4'}}</msg>
<arg>${json_data}</arg>
<doc>Logs the given message with the given level.</doc>
<status status="PASS" start="2024-05-27T17:13:06.074311" elapsed="0.000220"/>
</kw>
<kw name="Dictionary Should Contain Key" owner="Collections">
<msg time="2024-05-27T17:13:06.074981" level="INFO">False</msg>
<arg>${json_data}</arg>
<arg>results</arg>
<doc>Fails if ``key`` is not found from ``dictionary``.</doc>
<status status="PASS" start="2024-05-27T17:13:06.074829" elapsed="0.000189"/>
</kw>
<kw name="Should Not Be Empty" owner="BuiltIn">
<msg time="2024-05-27T17:13:06.075451" level="INFO">Length is 2.</msg>
<arg>${json_data}</arg>
<doc>Verifies that the given item is not empty.</doc>
<status status="PASS" start="2024-05-27T17:13:06.075317" elapsed="0.000172"/>
</kw>
<kw name="Create List" owner="BuiltIn">
<msg time="2024-05-27T17:13:06.075935" level="INFO">${expected_keys} = ['gender', 'name', 'location', 'email', 'login']</msg>
<var>${expected_keys}</var>
<arg>gender</arg>
<arg>name</arg>
<arg>location</arg>
<arg>email</arg>
<arg>login</arg>
<doc>Returns a list containing given items.</doc>
<status status="PASS" start="2024-05-27T17:13:06.075787" elapsed="0.000172"/>
</kw>
<for flavor="IN">
<iter>
<kw name="Dictionary Should Contain Key" owner="Collections">
<msg time="2024-05-27T17:13:06.076930" level="INFO">False</msg>
<arg>${json_data['results'][0]}</arg>
<arg>${key}</arg>
<doc>Fails if ``key`` is not found from ``dictionary``.</doc>
<status status="PASS" start="2024-05-27T17:13:06.076530" elapsed="0.000438"/>
</kw>
<kw name="Log" owner="BuiltIn">
<msg time="2024-05-27T17:13:06.077643" level="INFO">{'gender': 'female', 'name': {'title': 'Ms', 'first': 'Molly', 'last': 'Li'}, 'location': {'street': {'number': 3175, 'name': 'Trafalgar Street'}, 'city': 'Upper Hutt', 'state': 'Bay of Plenty', 'country': 'New Zealand', 'postcode': 62389, 'coordinates': {'latitude': '47.8205', 'longitude': '46.6596'}, 'timezone': {'offset': '0:00', 'description': 'Western Europe Time, London, Lisbon, Casablanca'}}, 'email': 'molly.li@example.com', 'login': {'uuid': 'b7f75ed1-941d-4762-9ec9-724a53b8cd6d', 'username': 'organicladybug222', 'password': 'river', 'salt': 'se1DyjJ6', 'md5': '56bd5d7ff194caa3ff92862d02b0a2b3', 'sha1': 'bc97f56d619091d895a9d8048163f890690851ad', 'sha256': 'e268365563a32cbda8693bf1f474046dd0537302a8e6df8c855d7650835febf7'}, 'dob': {'date': '1959-01-21T07:40:58.869Z', 'age': 65}, 'registered': {'date': '2015-06-09T04:04:24.727Z', 'age': 8}, 'phone': '(265)-883-8694', 'cell': '(021)-082-0503', 'id': {'name': '', 'value': None}, 'picture': {'large': 'https://randomuser.me/api/portraits/women/33.jpg', 'medium': 'https://randomuser.me/api/portraits/med/women/33.jpg', 'thumbnail': 'https://randomuser.me/api/portraits/thumb/women/33.jpg'}, 'nat': 'NZ'}</msg>
<arg>${json_data['results'][0]}</arg>
<doc>Logs the given message with the given level.</doc>
<status status="PASS" start="2024-05-27T17:13:06.077266" elapsed="0.000428"/>
</kw>
<kw name="Log" owner="BuiltIn">
<msg time="2024-05-27T17:13:06.078125" level="INFO">gender</msg>
<arg>${key}</arg>
<doc>Logs the given message with the given level.</doc>
<status status="PASS" start="2024-05-27T17:13:06.077994" elapsed="0.000168"/>
</kw>
<var name="${key}">gender</var>
<status status="PASS" start="2024-05-27T17:13:06.076406" elapsed="0.002010"/>
</iter>
<iter>
<kw name="Dictionary Should Contain Key" owner="Collections">
<msg time="2024-05-27T17:13:06.079109" level="INFO">False</msg>
<arg>${json_data['results'][0]}</arg>
<arg>${key}</arg>
<doc>Fails if ``key`` is not found from ``dictionary``.</doc>
<status status="PASS" start="2024-05-27T17:13:06.078723" elapsed="0.000423"/>
</kw>
<kw name="Log" owner="BuiltIn">
<msg time="2024-05-27T17:13:06.079827" level="INFO">{'gender': 'female', 'name': {'title': 'Ms', 'first': 'Molly', 'last': 'Li'}, 'location': {'street': {'number': 3175, 'name': 'Trafalgar Street'}, 'city': 'Upper Hutt', 'state': 'Bay of Plenty', 'country': 'New Zealand', 'postcode': 62389, 'coordinates': {'latitude': '47.8205', 'longitude': '46.6596'}, 'timezone': {'offset': '0:00', 'description': 'Western Europe Time, London, Lisbon, Casablanca'}}, 'email': 'molly.li@example.com', 'login': {'uuid': 'b7f75ed1-941d-4762-9ec9-724a53b8cd6d', 'username': 'organicladybug222', 'password': 'river', 'salt': 'se1DyjJ6', 'md5': '56bd5d7ff194caa3ff92862d02b0a2b3', 'sha1': 'bc97f56d619091d895a9d8048163f890690851ad', 'sha256': 'e268365563a32cbda8693bf1f474046dd0537302a8e6df8c855d7650835febf7'}, 'dob': {'date': '1959-01-21T07:40:58.869Z', 'age': 65}, 'registered': {'date': '2015-06-09T04:04:24.727Z', 'age': 8}, 'phone': '(265)-883-8694', 'cell': '(021)-082-0503', 'id': {'name': '', 'value': None}, 'picture': {'large': 'https://randomuser.me/api/portraits/women/33.jpg', 'medium': 'https://randomuser.me/api/portraits/med/women/33.jpg', 'thumbnail': 'https://randomuser.me/api/portraits/thumb/women/33.jpg'}, 'nat': 'NZ'}</msg>
<arg>${json_data['results'][0]}</arg>
<doc>Logs the given message with the given level.</doc>
<status status="PASS" start="2024-05-27T17:13:06.079468" elapsed="0.000408"/>
</kw>
<kw name="Log" owner="BuiltIn">
<msg time="2024-05-27T17:13:06.080304" level="INFO">name</msg>
<arg>${key}</arg>
<doc>Logs the given message with the given level.</doc>
<status status="PASS" start="2024-05-27T17:13:06.080176" elapsed="0.000165"/>
</kw>
<var name="${key}">name</var>
<status status="PASS" start="2024-05-27T17:13:06.078607" elapsed="0.001956"/>
</iter>
<iter>
<kw name="Dictionary Should Contain Key" owner="Collections">
<msg time="2024-05-27T17:13:06.081232" level="INFO">False</msg>
<arg>${json_data['results'][0]}</arg>
<arg>${key}</arg>
<doc>Fails if ``key`` is not found from ``dictionary``.</doc>
<status status="PASS" start="2024-05-27T17:13:06.080856" elapsed="0.000414"/>
</kw>
<kw name="Log" owner="BuiltIn">
<msg time="2024-05-27T17:13:06.081943" level="INFO">{'gender': 'female', 'name': {'title': 'Ms', 'first': 'Molly', 'last': 'Li'}, 'location': {'street': {'number': 3175, 'name': 'Trafalgar Street'}, 'city': 'Upper Hutt', 'state': 'Bay of Plenty', 'country': 'New Zealand', 'postcode': 62389, 'coordinates': {'latitude': '47.8205', 'longitude': '46.6596'}, 'timezone': {'offset': '0:00', 'description': 'Western Europe Time, London, Lisbon, Casablanca'}}, 'email': 'molly.li@example.com', 'login': {'uuid': 'b7f75ed1-941d-4762-9ec9-724a53b8cd6d', 'username': 'organicladybug222', 'password': 'river', 'salt': 'se1DyjJ6', 'md5': '56bd5d7ff194caa3ff92862d02b0a2b3', 'sha1': 'bc97f56d619091d895a9d8048163f890690851ad', 'sha256': 'e268365563a32cbda8693bf1f474046dd0537302a8e6df8c855d7650835febf7'}, 'dob': {'date': '1959-01-21T07:40:58.869Z', 'age': 65}, 'registered': {'date': '2015-06-09T04:04:24.727Z', 'age': 8}, 'phone': '(265)-883-8694', 'cell': '(021)-082-0503', 'id': {'name': '', 'value': None}, 'picture': {'large': 'https://randomuser.me/api/portraits/women/33.jpg', 'medium': 'https://randomuser.me/api/portraits/med/women/33.jpg', 'thumbnail': 'https://randomuser.me/api/portraits/thumb/women/33.jpg'}, 'nat': 'NZ'}</msg>
<arg>${json_data['results'][0]}</arg>
<doc>Logs the given message with the given level.</doc>
<status status="PASS" start="2024-05-27T17:13:06.081574" elapsed="0.000418"/>
</kw>
<kw name="Log" owner="BuiltIn">
<msg time="2024-05-27T17:13:06.082465" level="INFO">location</msg>
<arg>${key}</arg>
<doc>Logs the given message with the given level.</doc>
<status status="PASS" start="2024-05-27T17:13:06.082329" elapsed="0.000175"/>
</kw>
<var name="${key}">location</var>
<status status="PASS" start="2024-05-27T17:13:06.080743" elapsed="0.001978"/>
</iter>
<iter>
<kw name="Dictionary Should Contain Key" owner="Collections">
<msg time="2024-05-27T17:13:06.083496" level="INFO">False</msg>
<arg>${json_data['results'][0]}</arg>
<arg>${key}</arg>
<doc>Fails if ``key`` is not found from ``dictionary``.</doc>
<status status="PASS" start="2024-05-27T17:13:06.083008" elapsed="0.000528"/>
</kw>
<kw name="Log" owner="BuiltIn">
<msg time="2024-05-27T17:13:06.084200" level="INFO">{'gender': 'female', 'name': {'title': 'Ms', 'first': 'Molly', 'last': 'Li'}, 'location': {'street': {'number': 3175, 'name': 'Trafalgar Street'}, 'city': 'Upper Hutt', 'state': 'Bay of Plenty', 'country': 'New Zealand', 'postcode': 62389, 'coordinates': {'latitude': '47.8205', 'longitude': '46.6596'}, 'timezone': {'offset': '0:00', 'description': 'Western Europe Time, London, Lisbon, Casablanca'}}, 'email': 'molly.li@example.com', 'login': {'uuid': 'b7f75ed1-941d-4762-9ec9-724a53b8cd6d', 'username': 'organicladybug222', 'password': 'river', 'salt': 'se1DyjJ6', 'md5': '56bd5d7ff194caa3ff92862d02b0a2b3', 'sha1': 'bc97f56d619091d895a9d8048163f890690851ad', 'sha256': 'e268365563a32cbda8693bf1f474046dd0537302a8e6df8c855d7650835febf7'}, 'dob': {'date': '1959-01-21T07:40:58.869Z', 'age': 65}, 'registered': {'date': '2015-06-09T04:04:24.727Z', 'age': 8}, 'phone': '(265)-883-8694', 'cell': '(021)-082-0503', 'id': {'name': '', 'value': None}, 'picture': {'large': 'https://randomuser.me/api/portraits/women/33.jpg', 'medium': 'https://randomuser.me/api/portraits/med/women/33.jpg', 'thumbnail': 'https://randomuser.me/api/portraits/thumb/women/33.jpg'}, 'nat': 'NZ'}</msg>
<arg>${json_data['results'][0]}</arg>
<doc>Logs the given message with the given level.</doc>
<status status="PASS" start="2024-05-27T17:13:06.083837" elapsed="0.000412"/>
</kw>
<kw name="Log" owner="BuiltIn">
<msg time="2024-05-27T17:13:06.084675" level="INFO">email</msg>
<arg>${key}</arg>
<doc>Logs the given message with the given level.</doc>
<status status="PASS" start="2024-05-27T17:13:06.084546" elapsed="0.000166"/>
</kw>
<var name="${key}">email</var>
<status status="PASS" start="2024-05-27T17:13:06.082895" elapsed="0.002033"/>
</iter>
<iter>
<kw name="Dictionary Should Contain Key" owner="Collections">
<msg time="2024-05-27T17:13:06.085606" level="INFO">False</msg>
<arg>${json_data['results'][0]}</arg>
<arg>${key}</arg>
<doc>Fails if ``key`` is not found from ``dictionary``.</doc>
<status status="PASS" start="2024-05-27T17:13:06.085218" elapsed="0.000425"/>
</kw>
<kw name="Log" owner="BuiltIn">
<msg time="2024-05-27T17:13:06.086331" level="INFO">{'gender': 'female', 'name': {'title': 'Ms', 'first': 'Molly', 'last': 'Li'}, 'location': {'street': {'number': 3175, 'name': 'Trafalgar Street'}, 'city': 'Upper Hutt', 'state': 'Bay of Plenty', 'country': 'New Zealand', 'postcode': 62389, 'coordinates': {'latitude': '47.8205', 'longitude': '46.6596'}, 'timezone': {'offset': '0:00', 'description': 'Western Europe Time, London, Lisbon, Casablanca'}}, 'email': 'molly.li@example.com', 'login': {'uuid': 'b7f75ed1-941d-4762-9ec9-724a53b8cd6d', 'username': 'organicladybug222', 'password': 'river', 'salt': 'se1DyjJ6', 'md5': '56bd5d7ff194caa3ff92862d02b0a2b3', 'sha1': 'bc97f56d619091d895a9d8048163f890690851ad', 'sha256': 'e268365563a32cbda8693bf1f474046dd0537302a8e6df8c855d7650835febf7'}, 'dob': {'date': '1959-01-21T07:40:58.869Z', 'age': 65}, 'registered': {'date': '2015-06-09T04:04:24.727Z', 'age': 8}, 'phone': '(265)-883-8694', 'cell': '(021)-082-0503', 'id': {'name': '', 'value': None}, 'picture': {'large': 'https://randomuser.me/api/portraits/women/33.jpg', 'medium': 'https://randomuser.me/api/portraits/med/women/33.jpg', 'thumbnail': 'https://randomuser.me/api/portraits/thumb/women/33.jpg'}, 'nat': 'NZ'}</msg>
<arg>${json_data['results'][0]}</arg>
<doc>Logs the given message with the given level.</doc>
<status status="PASS" start="2024-05-27T17:13:06.085942" elapsed="0.000446"/>
</kw>
<kw name="Log" owner="BuiltIn">
<msg time="2024-05-27T17:13:06.086815" level="INFO">login</msg>
<arg>${key}</arg>
<doc>Logs the given message with the given level.</doc>
<status status="PASS" start="2024-05-27T17:13:06.086686" elapsed="0.000167"/>
</kw>
<var name="${key}">login</var>
<status status="PASS" start="2024-05-27T17:13:06.085104" elapsed="0.001990"/>
</iter>
<var>${key}</var>
<value>@{expected_keys}</value>
<status status="PASS" start="2024-05-27T17:13:06.076222" elapsed="0.010998"/>
</for>
<kw name="Create List" owner="BuiltIn">
<msg time="2024-05-27T17:13:06.087555" level="INFO">${expected_keysTwo} = ['username', 'password']</msg>
<var>${expected_keysTwo}</var>
<arg>username</arg>
<arg>password</arg>
<doc>Returns a list containing given items.</doc>
<status status="PASS" start="2024-05-27T17:13:06.087415" elapsed="0.000164"/>
</kw>
<for flavor="IN">
<iter>
<kw name="Dictionary Should Contain Key" owner="Collections">
<msg time="2024-05-27T17:13:06.088469" level="INFO">False</msg>
<arg>${json_data['results'][0]['login']}</arg>
<arg>${keyTwo}</arg>
<doc>Fails if ``key`` is not found from ``dictionary``.</doc>
<status status="PASS" start="2024-05-27T17:13:06.088083" elapsed="0.000423"/>
</kw>
<kw name="Dictionary Should Contain Key" owner="Collections">
<msg time="2024-05-27T17:13:06.089179" level="INFO">False</msg>
<arg>${json_data['results'][0]['login']}</arg>
<arg>${keyTwo}</arg>
<doc>Fails if ``key`` is not found from ``dictionary``.</doc>
<status status="PASS" start="2024-05-27T17:13:06.088804" elapsed="0.000412"/>
</kw>
<kw name="Log" owner="BuiltIn">
<msg time="2024-05-27T17:13:06.089643" level="INFO">username</msg>
<arg>${keyTwo}</arg>
<doc>Logs the given message with the given level.</doc>
<status status="PASS" start="2024-05-27T17:13:06.089514" elapsed="0.000166"/>
</kw>
<var name="${keyTwo}">username</var>
<status status="PASS" start="2024-05-27T17:13:06.087972" elapsed="0.001922"/>
</iter>
<iter>
<kw name="Dictionary Should Contain Key" owner="Collections">
<msg time="2024-05-27T17:13:06.090600" level="INFO">False</msg>
<arg>${json_data['results'][0]['login']}</arg>
<arg>${keyTwo}</arg>
<doc>Fails if ``key`` is not found from ``dictionary``.</doc>
<status status="PASS" start="2024-05-27T17:13:06.090179" elapsed="0.000459"/>
</kw>
<kw name="Dictionary Should Contain Key" owner="Collections">
<msg time="2024-05-27T17:13:06.091313" level="INFO">False</msg>
<arg>${json_data['results'][0]['login']}</arg>
<arg>${keyTwo}</arg>
<doc>Fails if ``key`` is not found from ``dictionary``.</doc>
<status status="PASS" start="2024-05-27T17:13:06.090937" elapsed="0.000414"/>
</kw>
<kw name="Log" owner="BuiltIn">
<msg time="2024-05-27T17:13:06.091773" level="INFO">password</msg>
<arg>${keyTwo}</arg>
<doc>Logs the given message with the given level.</doc>
<status status="PASS" start="2024-05-27T17:13:06.091645" elapsed="0.000165"/>
</kw>
<var name="${keyTwo}">password</var>
<status status="PASS" start="2024-05-27T17:13:06.090067" elapsed="0.001957"/>
</iter>
<var>${keyTwo}</var>
<value>@{expected_keysTwo}</value>
<status status="PASS" start="2024-05-27T17:13:06.087816" elapsed="0.004329"/>
</for>
<status status="PASS" start="2024-05-27T17:13:05.847778" elapsed="0.244504"/>
</kw>
<doc>Testa a estrutura da resposta da API.</doc>
<tag>testeEstruturaResposta</tag>
<status status="PASS" start="2024-05-27T17:13:05.847282" elapsed="0.245149"/>
</test>
<test id="s1-s1-t4" name="Validar tipos de dados" line="28">
<kw name="Teste de Tipos de Dados" owner="random-user-service">
<kw name="GET On Session" owner="RequestsLibrary">
<msg time="2024-05-27T17:13:06.232581" level="INFO">GET Request : url=https://randomuser.me/api 
 path_url=/api 
 headers={'User-Agent': 'python-requests/2.32.2', 'Accept-Encoding': 'gzip, deflate', 'Accept': '*/*', 'Connection': 'keep-alive'} 
 body=None 
 </msg>
<msg time="2024-05-27T17:13:06.232663" level="INFO">GET Response : url=https://randomuser.me/api 
 status=200, reason=OK 
 headers={'Date': 'Mon, 27 May 2024 17:13:06 GMT', 'Content-Type': 'application/json; charset=utf-8', 'Transfer-Encoding': 'chunked', 'Connection': 'keep-alive', 'X-Powered-By': 'Express', 'Access-Control-Allow-Origin': '*', 'Cache-Control': 'no-cache', 'ETag': 'W/"49c-6oQJtX2TPSomuymChI5gW9L+VIw"', 'Vary': 'Accept-Encoding', 'Content-Encoding': 'gzip', 'CF-Cache-Status': 'DYNAMIC', 'Report-To': '{"endpoints":[{"url":"https:\\/\\/a.nel.cloudflare.com\\/report\\/v4?s=N8%2Fpd3WQ3YyNTZzqfN2AexqELX9CGmTFjbSDXTx%2BAuRwNMhj3gBVN4yGhXH6V5j3miHiKOYSfHglqSF01A2zQQpLkIL3PCiJvFy6kmoap098yfcbTLZLYDlOu2XIHg88"}],"group":"cf-nel","max_age":604800}', 'NEL': '{"success_fraction":0,"report_to":"cf-nel","max_age":604800}', 'Server': 'cloudflare', 'CF-RAY': '88a7a2351a967cb9-LAX', 'alt-svc': 'h3=":443"; ma=86400'} 
 body={"results":[{"gender":"female","name":{"title":"Ms","first":"Ashley","last":"Simmmons"},"location":{"street":{"number":1162,"name":"Lakeshore Rd"},"city":"Boston","state":"Louisiana","country":"United States","postcode":67518,"coordinates":{"latitude":"81.8044","longitude":"18.1466"},"timezone":{"offset":"+4:00","description":"Abu Dhabi, Muscat, Baku, Tbilisi"}},"email":"ashley.simmmons@example.com","login":{"uuid":"1da91615-a9fe-4b6d-a367-8bcd06972d6a","username":"heavyleopard756","password":"ginscoot","salt":"M96TAZxo","md5":"0451738de8b2b505743d598aeee9dae1","sha1":"b48a4ae8640de840b532776e6469d06b7013b503","sha256":"75962be6bd73e21e215f4919f29174d86bbc0b2b9503411592d54620e551e4d3"},"dob":{"date":"1989-07-20T02:32:54.190Z","age":34},"registered":{"date":"2019-06-28T11:42:44.383Z","age":4},"phone":"(554) 384-6291","cell":"(346) 406-2894","id":{"name":"SSN","value":"493-74-2638"},"picture":{"large":"https://randomuser.me/api/portraits/women/3.jpg","medium":"https://randomuser.me/api/portraits/med/women/3.jpg","thumbnail":"https://randomuser.me/api/portraits/thumb/women/3.jpg"},"nat":"US"}],"info":{"seed":"678c3ebbf4377edd","results":1,"page":1,"version":"1.4"}} 
 </msg>
<msg time="2024-05-27T17:13:06.232734" level="INFO">/opt/hostedtoolcache/Python/3.12.3/x64/lib/python3.12/site-packages/urllib3/connectionpool.py:1103: InsecureRequestWarning: Unverified HTTPS request is being made to host 'randomuser.me'. Adding certificate verification is strongly advised. See: https://urllib3.readthedocs.io/en/latest/advanced-usage.html#tls-warnings
  warnings.warn(</msg>
<msg time="2024-05-27T17:13:06.232848" level="INFO">${response} = &lt;Response [200]&gt;</msg>
<var>${response}</var>
<arg>consultarAPI</arg>
<arg>/api</arg>
<doc>Sends a GET request on a previously created HTTP Session.</doc>
<status status="PASS" start="2024-05-27T17:13:06.094895" elapsed="0.138007"/>
</kw>
<kw name="Set Variable" owner="BuiltIn">
<msg time="2024-05-27T17:13:06.233937" level="INFO">${json_data} = {'results': [{'gender': 'female', 'name': {'title': 'Ms', 'first': 'Ashley', 'last': 'Simmmons'}, 'location': {'street': {'number': 1162, 'name': 'Lakeshore Rd'}, 'city': 'Boston', 'state': 'Louisiana...</msg>
<var>${json_data}</var>
<arg>${response.json()}</arg>
<doc>Returns the given values which can then be assigned to a variables.</doc>
<status status="PASS" start="2024-05-27T17:13:06.233393" elapsed="0.000572"/>
</kw>
<kw name="Log" owner="BuiltIn">
<msg time="2024-05-27T17:13:06.234481" level="INFO">{'results': [{'gender': 'female', 'name': {'title': 'Ms', 'first': 'Ashley', 'last': 'Simmmons'}, 'location': {'street': {'number': 1162, 'name': 'Lakeshore Rd'}, 'city': 'Boston', 'state': 'Louisiana', 'country': 'United States', 'postcode': 67518, 'coordinates': {'latitude': '81.8044', 'longitude': '18.1466'}, 'timezone': {'offset': '+4:00', 'description': 'Abu Dhabi, Muscat, Baku, Tbilisi'}}, 'email': 'ashley.simmmons@example.com', 'login': {'uuid': '1da91615-a9fe-4b6d-a367-8bcd06972d6a', 'username': 'heavyleopard756', 'password': 'ginscoot', 'salt': 'M96TAZxo', 'md5': '0451738de8b2b505743d598aeee9dae1', 'sha1': 'b48a4ae8640de840b532776e6469d06b7013b503', 'sha256': '75962be6bd73e21e215f4919f29174d86bbc0b2b9503411592d54620e551e4d3'}, 'dob': {'date': '1989-07-20T02:32:54.190Z', 'age': 34}, 'registered': {'date': '2019-06-28T11:42:44.383Z', 'age': 4}, 'phone': '(554) 384-6291', 'cell': '(346) 406-2894', 'id': {'name': 'SSN', 'value': '493-74-2638'}, 'picture': {'large': 'https://randomuser.me/api/portraits/women/3.jpg', 'medium': 'https://randomuser.me/api/portraits/med/women/3.jpg', 'thumbnail': 'https://randomuser.me/api/portraits/thumb/women/3.jpg'}, 'nat': 'US'}], 'info': {'seed': '678c3ebbf4377edd', 'results': 1, 'page': 1, 'version': '1.4'}}</msg>
<arg>${json_data}</arg>
<doc>Logs the given message with the given level.</doc>
<status status="PASS" start="2024-05-27T17:13:06.234307" elapsed="0.000255"/>
</kw>
<kw name="Should Be String" owner="String">
<arg>${json_data['results'][0]['gender']}</arg>
<doc>Fails if the given ``item`` is not a string.</doc>
<status status="PASS" start="2024-05-27T17:13:06.234865" elapsed="0.000369"/>
</kw>
<kw name="Should Match Regexp" owner="BuiltIn">
<arg>${json_data['results'][0]['email']}</arg>
<arg>^[a-zA-Z0-9._%+-]+@[a-zA-Z0-9.-]+\.[a-zA-Z]{2,}$</arg>
<doc>Fails if ``string`` does not match ``pattern`` as a regular expression.</doc>
<status status="PASS" start="2024-05-27T17:13:06.235426" elapsed="0.000610"/>
</kw>
<kw name="Should Match Regexp" owner="BuiltIn">
<arg>${json_data['results'][0]['dob']['date']}</arg>
<arg>\\d{4}-\\d{2}-\\d{2}T\\d{2}:\\d{2}:\\d{2}\\.\\d{3}Z</arg>
<doc>Fails if ``string`` does not match ``pattern`` as a regular expression.</doc>
<status status="PASS" start="2024-05-27T17:13:06.236234" elapsed="0.000485"/>
</kw>
<kw name="Should Match Regexp" owner="BuiltIn">
<arg>${json_data['results'][0]['registered']['date']}</arg>
<arg>\\d{4}-\\d{2}-\\d{2}T\\d{2}:\\d{2}:\\d{2}\\.\\d{3}Z</arg>
<doc>Fails if ``string`` does not match ``pattern`` as a regular expression.</doc>
<status status="PASS" start="2024-05-27T17:13:06.236912" elapsed="0.000369"/>
</kw>
<kw name="Should Match Regexp" owner="BuiltIn">
<arg>${json_data['results'][0]['picture']['large']}</arg>
<arg>^https?://.*\.(?:png|jpe?g|gif|bmp)$</arg>
<doc>Fails if ``string`` does not match ``pattern`` as a regular expression.</doc>
<status status="PASS" start="2024-05-27T17:13:06.237470" elapsed="0.000452"/>
</kw>
<kw name="Should Match Regexp" owner="BuiltIn">
<arg>${json_data['results'][0]['picture']['medium']}</arg>
<arg>^https?://.*\.(?:png|jpe?g|gif|bmp)$</arg>
<doc>Fails if ``string`` does not match ``pattern`` as a regular expression.</doc>
<status status="PASS" start="2024-05-27T17:13:06.238111" elapsed="0.000386"/>
</kw>
<kw name="Should Match Regexp" owner="BuiltIn">
<arg>${json_data['results'][0]['picture']['thumbnail']}</arg>
<arg>^https?://.*\.(?:png|jpe?g|gif|bmp)$</arg>
<doc>Fails if ``string`` does not match ``pattern`` as a regular expression.</doc>
<status status="PASS" start="2024-05-27T17:13:06.238687" elapsed="0.000346"/>
</kw>
<kw name="Log" owner="BuiltIn">
<msg time="2024-05-27T17:13:06.239535" level="INFO">{'large': 'https://randomuser.me/api/portraits/women/3.jpg', 'medium': 'https://randomuser.me/api/portraits/med/women/3.jpg', 'thumbnail': 'https://randomuser.me/api/portraits/thumb/women/3.jpg'}</msg>
<arg>${json_data['results'][0]['picture']}</arg>
<doc>Logs the given message with the given level.</doc>
<status status="PASS" start="2024-05-27T17:13:06.239215" elapsed="0.000361"/>
</kw>
<status status="PASS" start="2024-05-27T17:13:06.094667" elapsed="0.145162"/>
</kw>
<kw name="Teste de Tipos de Dados - Postcode" owner="random-user-service">
<kw name="GET On Session" owner="RequestsLibrary">
<msg time="2024-05-27T17:13:06.410609" level="INFO">GET Request : url=https://randomuser.me/api 
 path_url=/api 
 headers={'User-Agent': 'python-requests/2.32.2', 'Accept-Encoding': 'gzip, deflate', 'Accept': '*/*', 'Connection': 'keep-alive'} 
 body=None 
 </msg>
<msg time="2024-05-27T17:13:06.410692" level="INFO">GET Response : url=https://randomuser.me/api 
 status=200, reason=OK 
 headers={'Date': 'Mon, 27 May 2024 17:13:06 GMT', 'Content-Type': 'application/json; charset=utf-8', 'Transfer-Encoding': 'chunked', 'Connection': 'keep-alive', 'X-Powered-By': 'Express', 'Access-Control-Allow-Origin': '*', 'Cache-Control': 'no-cache', 'ETag': 'W/"499-D5O8VVexhOaluW5pTJimj3wt3Y4"', 'Vary': 'Accept-Encoding', 'Content-Encoding': 'gzip', 'CF-Cache-Status': 'DYNAMIC', 'Report-To': '{"endpoints":[{"url":"https:\\/\\/a.nel.cloudflare.com\\/report\\/v4?s=sgmhcc7snN38ax5o6a5pLuIKlyMXxQM4yL9AJ1DfkovJwycE1il%2BI90E6QUa1CpanufwFQOI9VzmdfLOq41TPaozaF9jqnAo3v%2FKPkwKbsi%2FSuRpJnL%2F5p2PMaqLi0Ev"}],"group":"cf-nel","max_age":604800}', 'NEL': '{"success_fraction":0,"report_to":"cf-nel","max_age":604800}', 'Server': 'cloudflare', 'CF-RAY': '88a7a2360b937cb9-LAX', 'alt-svc': 'h3=":443"; ma=86400'} 
 body={"results":[{"gender":"female","name":{"title":"Mrs","first":"Soncedara","last":"Bachevskiy"},"location":{"street":{"number":5016,"name":"Gastello"},"city":"Reshetilivka","state":"Vinnicka","country":"Ukraine","postcode":25868,"coordinates":{"latitude":"75.6529","longitude":"36.2784"},"timezone":{"offset":"+4:00","description":"Abu Dhabi, Muscat, Baku, Tbilisi"}},"email":"soncedara.bachevskiy@example.com","login":{"uuid":"d06a83b0-2018-48e2-9f21-54bce31c9eda","username":"beautifulgoose375","password":"bonsai","salt":"chGF6i38","md5":"464f110b1cc0a4715a36858ddfec59e8","sha1":"b506b41da03a32071d3a43ae536aa4f04609a67d","sha256":"208de2c97153e98b44d9ef056dcb801df0b1e169e8b6db126b28c4a44625db1b"},"dob":{"date":"1985-11-30T11:07:10.850Z","age":38},"registered":{"date":"2018-04-18T01:09:33.874Z","age":6},"phone":"(067) C76-9864","cell":"(066) Z62-9192","id":{"name":"","value":null},"picture":{"large":"https://randomuser.me/api/portraits/women/89.jpg","medium":"https://randomuser.me/api/portraits/med/women/89.jpg","thumbnail":"https://randomuser.me/api/portraits/thumb/women/89.jpg"},"nat":"UA"}],"info":{"seed":"02e1646753ba2d1d","results":1,"page":1,"version":"1.4"}} 
 </msg>
<msg time="2024-05-27T17:13:06.410762" level="INFO">/opt/hostedtoolcache/Python/3.12.3/x64/lib/python3.12/site-packages/urllib3/connectionpool.py:1103: InsecureRequestWarning: Unverified HTTPS request is being made to host 'randomuser.me'. Adding certificate verification is strongly advised. See: https://urllib3.readthedocs.io/en/latest/advanced-usage.html#tls-warnings
  warnings.warn(</msg>
<msg time="2024-05-27T17:13:06.410877" level="INFO">${response} = &lt;Response [200]&gt;</msg>
<var>${response}</var>
<arg>consultarAPI</arg>
<arg>/api</arg>
<doc>Sends a GET request on a previously created HTTP Session.</doc>
<status status="PASS" start="2024-05-27T17:13:06.240261" elapsed="0.170670"/>
</kw>
<kw name="Set Variable" owner="BuiltIn">
<msg time="2024-05-27T17:13:06.412010" level="INFO">${json_data} = {'results': [{'gender': 'female', 'name': {'title': 'Mrs', 'first': 'Soncedara', 'last': 'Bachevskiy'}, 'location': {'street': {'number': 5016, 'name': 'Gastello'}, 'city': 'Reshetilivka', 'state': 'V...</msg>
<var>${json_data}</var>
<arg>${response.json()}</arg>
<doc>Returns the given values which can then be assigned to a variables.</doc>
<status status="PASS" start="2024-05-27T17:13:06.411476" elapsed="0.000564"/>
</kw>
<kw name="Log" owner="BuiltIn">
<msg time="2024-05-27T17:13:06.412503" level="INFO">{'results': [{'gender': 'female', 'name': {'title': 'Mrs', 'first': 'Soncedara', 'last': 'Bachevskiy'}, 'location': {'street': {'number': 5016, 'name': 'Gastello'}, 'city': 'Reshetilivka', 'state': 'Vinnicka', 'country': 'Ukraine', 'postcode': 25868, 'coordinates': {'latitude': '75.6529', 'longitude': '36.2784'}, 'timezone': {'offset': '+4:00', 'description': 'Abu Dhabi, Muscat, Baku, Tbilisi'}}, 'email': 'soncedara.bachevskiy@example.com', 'login': {'uuid': 'd06a83b0-2018-48e2-9f21-54bce31c9eda', 'username': 'beautifulgoose375', 'password': 'bonsai', 'salt': 'chGF6i38', 'md5': '464f110b1cc0a4715a36858ddfec59e8', 'sha1': 'b506b41da03a32071d3a43ae536aa4f04609a67d', 'sha256': '208de2c97153e98b44d9ef056dcb801df0b1e169e8b6db126b28c4a44625db1b'}, 'dob': {'date': '1985-11-30T11:07:10.850Z', 'age': 38}, 'registered': {'date': '2018-04-18T01:09:33.874Z', 'age': 6}, 'phone': '(067) C76-9864', 'cell': '(066) Z62-9192', 'id': {'name': '', 'value': None}, 'picture': {'large': 'https://randomuser.me/api/portraits/women/89.jpg', 'medium': 'https://randomuser.me/api/portraits/med/women/89.jpg', 'thumbnail': 'https://randomuser.me/api/portraits/thumb/women/89.jpg'}, 'nat': 'UA'}], 'info': {'seed': '02e1646753ba2d1d', 'results': 1, 'page': 1, 'version': '1.4'}}</msg>
<arg>${json_data}</arg>
<doc>Logs the given message with the given level.</doc>
<status status="PASS" start="2024-05-27T17:13:06.412349" elapsed="0.000230"/>
</kw>
<kw name="Should Be Equal As Numbers" owner="BuiltIn">
<arg>${json_data['results'][0]['location']['postcode']}</arg>
<arg>${json_data['results'][0]['location']['postcode']}</arg>
<doc>Fails if objects are unequal after converting them to real numbers.</doc>
<status status="PASS" start="2024-05-27T17:13:06.412880" elapsed="0.000613"/>
</kw>
<kw name="Log" owner="BuiltIn">
<msg time="2024-05-27T17:13:06.414024" level="INFO">25868</msg>
<arg>${json_data['results'][0]['location']['postcode']}</arg>
<doc>Logs the given message with the given level.</doc>
<status status="PASS" start="2024-05-27T17:13:06.413691" elapsed="0.000373"/>
</kw>
<status status="PASS" start="2024-05-27T17:13:06.240039" elapsed="0.174313"/>
</kw>
<doc>Testa se os tipos de dados na resposta da API estão corretos.</doc>
<tag>testeTiposDados</tag>
<status status="PASS" start="2024-05-27T17:13:06.094168" elapsed="0.320343"/>
</test>
<test id="s1-s1-t5" name="Validar conteudo" line="35">
<kw name="Teste de Tipos de Conteudo" owner="random-user-service">
<kw name="GET On Session" owner="RequestsLibrary">
<msg time="2024-05-27T17:13:06.606870" level="INFO">GET Request : url=https://randomuser.me/api 
 path_url=/api 
 headers={'User-Agent': 'python-requests/2.32.2', 'Accept-Encoding': 'gzip, deflate', 'Accept': '*/*', 'Connection': 'keep-alive'} 
 body=None 
 </msg>
<msg time="2024-05-27T17:13:06.606954" level="INFO">GET Response : url=https://randomuser.me/api 
 status=200, reason=OK 
 headers={'Date': 'Mon, 27 May 2024 17:13:06 GMT', 'Content-Type': 'application/json; charset=utf-8', 'Transfer-Encoding': 'chunked', 'Connection': 'keep-alive', 'X-Powered-By': 'Express', 'Access-Control-Allow-Origin': '*', 'Cache-Control': 'no-cache', 'ETag': 'W/"493-1ne819yCi2ZbHmoglZLkyJCWsD4"', 'Vary': 'Accept-Encoding', 'Content-Encoding': 'gzip', 'CF-Cache-Status': 'DYNAMIC', 'Report-To': '{"endpoints":[{"url":"https:\\/\\/a.nel.cloudflare.com\\/report\\/v4?s=pvslIgj9q%2B55%2FJMrq0K13qiR%2BZKFIDck2y3liuokTKbkt7oixagozGaeUmVNaoDY%2F3uGTSZ3wDLuVJQZQjTvNHPiktm%2BimtQCgQ8Hge%2B4ubkVR4jv%2FPLnfAAnorO09m%2B"}],"group":"cf-nel","max_age":604800}', 'NEL': '{"success_fraction":0,"report_to":"cf-nel","max_age":604800}', 'Server': 'cloudflare', 'CF-RAY': '88a7a2372c8d7cb9-LAX', 'alt-svc': 'h3=":443"; ma=86400'} 
 body={"results":[{"gender":"female","name":{"title":"Ms","first":"Niara","last":"Peixoto"},"location":{"street":{"number":2023,"name":"Rua São Paulo "},"city":"Limeira","state":"Espírito Santo","country":"Brazil","postcode":44782,"coordinates":{"latitude":"-79.4071","longitude":"45.8102"},"timezone":{"offset":"-12:00","description":"Eniwetok, Kwajalein"}},"email":"niara.peixoto@example.com","login":{"uuid":"bbb03c74-6570-49b9-80ac-355dde17aef6","username":"smallduck398","password":"penelope","salt":"vCdJSJUa","md5":"3a48bbcedb921d31e1beb7119f6eb81e","sha1":"abbd9708d153ee63acfe173ecacbb4e76861e5e9","sha256":"90c91c76aca1967e00946d365b00a0d6a46a3825a43f6fb8b66af4bd5ba6f15a"},"dob":{"date":"1963-12-19T05:04:26.569Z","age":60},"registered":{"date":"2018-12-15T16:25:32.504Z","age":5},"phone":"(90) 4699-4948","cell":"(78) 0712-3215","id":{"name":"CPF","value":"903.013.127-97"},"picture":{"large":"https://randomuser.me/api/portraits/women/82.jpg","medium":"https://randomuser.me/api/portraits/med/women/82.jpg","thumbnail":"https://randomuser.me/api/portraits/thumb/women/82.jpg"},"nat":"BR"}],"info":{"seed":"efeb9d976448aa93","results":1,"page":1,"version":"1.4"}} 
 </msg>
<msg time="2024-05-27T17:13:06.607027" level="INFO">/opt/hostedtoolcache/Python/3.12.3/x64/lib/python3.12/site-packages/urllib3/connectionpool.py:1103: InsecureRequestWarning: Unverified HTTPS request is being made to host 'randomuser.me'. Adding certificate verification is strongly advised. See: https://urllib3.readthedocs.io/en/latest/advanced-usage.html#tls-warnings
  warnings.warn(</msg>
<msg time="2024-05-27T17:13:06.607136" level="INFO">${response} = &lt;Response [200]&gt;</msg>
<var>${response}</var>
<arg>consultarAPI</arg>
<arg>/api</arg>
<doc>Sends a GET request on a previously created HTTP Session.</doc>
<status status="PASS" start="2024-05-27T17:13:06.417274" elapsed="0.189904"/>
</kw>
<kw name="Set Variable" owner="BuiltIn">
<msg time="2024-05-27T17:13:06.608108" level="INFO">${json_data} = {'results': [{'gender': 'female', 'name': {'title': 'Ms', 'first': 'Niara', 'last': 'Peixoto'}, 'location': {'street': {'number': 2023, 'name': 'Rua São Paulo '}, 'city': 'Limeira', 'state': 'Espírito...</msg>
<var>${json_data}</var>
<arg>${response.json()}</arg>
<doc>Returns the given values which can then be assigned to a variables.</doc>
<status status="PASS" start="2024-05-27T17:13:06.607665" elapsed="0.000472"/>
</kw>
<kw name="Set Variable" owner="BuiltIn">
<msg time="2024-05-27T17:13:06.608827" level="INFO">${name_title} = Ms</msg>
<var>${name_title}</var>
<arg>${json_data["results"][0]["name"]["title"]}</arg>
<doc>Returns the given values which can then be assigned to a variables.</doc>
<status status="PASS" start="2024-05-27T17:13:06.608443" elapsed="0.000409"/>
</kw>
<kw name="Create List" owner="BuiltIn">
<msg time="2024-05-27T17:13:06.609298" level="INFO">${allowed_titles} = ['Mr', 'Ms', 'Miss', 'Mrs', 'Madame', 'Monsieur']</msg>
<var>${allowed_titles}</var>
<arg>Mr</arg>
<arg>Ms</arg>
<arg>Miss</arg>
<arg>Mrs</arg>
<arg>Madame</arg>
<arg>Monsieur</arg>
<doc>Returns a list containing given items.</doc>
<status status="PASS" start="2024-05-27T17:13:06.609148" elapsed="0.000174"/>
</kw>
<kw name="List Should Contain Value" owner="Collections">
<msg time="2024-05-27T17:13:06.609795" level="INFO">False</msg>
<arg>${allowed_titles}</arg>
<arg>${name_title}</arg>
<doc>Fails if the ``value`` is not found from ``list``.</doc>
<status status="PASS" start="2024-05-27T17:13:06.609621" elapsed="0.000211"/>
</kw>
<kw name="Set Variable" owner="BuiltIn">
<msg time="2024-05-27T17:13:06.610691" level="INFO">${name_country} = BR</msg>
<var>${name_country}</var>
<arg>${json_data["results"][0]["nat"]}</arg>
<doc>Returns the given values which can then be assigned to a variables.</doc>
<status status="PASS" start="2024-05-27T17:13:06.610129" elapsed="0.000588"/>
</kw>
<kw name="Create List" owner="BuiltIn">
<msg time="2024-05-27T17:13:06.611628" level="INFO">${list_country} = ['AD', 'AE', 'AF', 'AG', 'AI', 'AL', 'AM', 'AO', 'AQ', 'AR', 'AS', 'AT', 'AU', 'AW', 'AX', 'AZ', 'BA', 'BB', 'BD', 'BE', 'BF', 'BG', 'BH', 'BI', 'BJ', 'BL', 'BM', 'BN', 'BO', 'BQ', 'BR', 'BS', 'BT', '...</msg>
<var>${list_country}</var>
<arg>AD</arg>
<arg>AE</arg>
<arg>AF</arg>
<arg>AG</arg>
<arg>AI</arg>
<arg>AL</arg>
<arg>AM</arg>
<arg>AO</arg>
<arg>AQ</arg>
<arg>AR</arg>
<arg>AS</arg>
<arg>AT</arg>
<arg>AU</arg>
<arg>AW</arg>
<arg>AX</arg>
<arg>AZ</arg>
<arg>BA</arg>
<arg>BB</arg>
<arg>BD</arg>
<arg>BE</arg>
<arg>BF</arg>
<arg>BG</arg>
<arg>BH</arg>
<arg>BI</arg>
<arg>BJ</arg>
<arg>BL</arg>
<arg>BM</arg>
<arg>BN</arg>
<arg>BO</arg>
<arg>BQ</arg>
<arg>BR</arg>
<arg>BS</arg>
<arg>BT</arg>
<arg>BV</arg>
<arg>BW</arg>
<arg>BY</arg>
<arg>BZ</arg>
<arg>CA</arg>
<arg>CC</arg>
<arg>CD</arg>
<arg>CF</arg>
<arg>CG</arg>
<arg>CH</arg>
<arg>CI</arg>
<arg>CK</arg>
<arg>CL</arg>
<arg>CM</arg>
<arg>CN</arg>
<arg>CO</arg>
<arg>CR</arg>
<arg>CU</arg>
<arg>CV</arg>
<arg>CW</arg>
<arg>CX</arg>
<arg>CY</arg>
<arg>CZ</arg>
<arg>DE</arg>
<arg>DJ</arg>
<arg>DK</arg>
<arg>DM</arg>
<arg>DO</arg>
<arg>DZ</arg>
<arg>EC</arg>
<arg>EE</arg>
<arg>EG</arg>
<arg>EH</arg>
<arg>ER</arg>
<arg>ES</arg>
<arg>ET</arg>
<arg>FI</arg>
<arg>FJ</arg>
<arg>FK</arg>
<arg>FM</arg>
<arg>FO</arg>
<arg>FR</arg>
<arg>GA</arg>
<arg>GB</arg>
<arg>GD</arg>
<arg>GE</arg>
<arg>GF</arg>
<arg>GG</arg>
<arg>GH</arg>
<arg>GI</arg>
<arg>GL</arg>
<arg>GM</arg>
<arg>GN</arg>
<arg>GP</arg>
<arg>GQ</arg>
<arg>GR</arg>
<arg>GS</arg>
<arg>GT</arg>
<arg>GU</arg>
<arg>GW</arg>
<arg>GY</arg>
<arg>HK</arg>
<arg>HM</arg>
<arg>HN</arg>
<arg>HR</arg>
<arg>HT</arg>
<arg>HU</arg>
<arg>ID</arg>
<arg>IE</arg>
<arg>IL</arg>
<arg>IM</arg>
<arg>IN</arg>
<arg>IO</arg>
<arg>IQ</arg>
<arg>IR</arg>
<arg>IS</arg>
<arg>IT</arg>
<arg>JE</arg>
<arg>JM</arg>
<arg>JO</arg>
<arg>JP</arg>
<arg>KE</arg>
<arg>KG</arg>
<arg>KH</arg>
<arg>KI</arg>
<arg>KM</arg>
<arg>KN</arg>
<arg>KP</arg>
<arg>KR</arg>
<arg>KW</arg>
<arg>KY</arg>
<arg>KZ</arg>
<arg>LA</arg>
<arg>LB</arg>
<arg>LC</arg>
<arg>LI</arg>
<arg>LK</arg>
<arg>LR</arg>
<arg>LS</arg>
<arg>LT</arg>
<arg>LU</arg>
<arg>LV</arg>
<arg>LY</arg>
<arg>MA</arg>
<arg>MC</arg>
<arg>MD</arg>
<arg>ME</arg>
<arg>MF</arg>
<arg>MG</arg>
<arg>MH</arg>
<arg>MK</arg>
<arg>ML</arg>
<arg>MM</arg>
<arg>MN</arg>
<arg>MO</arg>
<arg>MP</arg>
<arg>MQ</arg>
<arg>MR</arg>
<arg>MS</arg>
<arg>MT</arg>
<arg>MU</arg>
<arg>MV</arg>
<arg>MW</arg>
<arg>MX</arg>
<arg>MY</arg>
<arg>MZ</arg>
<arg>NA</arg>
<arg>NC</arg>
<arg>NE</arg>
<arg>NF</arg>
<arg>NG</arg>
<arg>NI</arg>
<arg>NL</arg>
<arg>NO</arg>
<arg>NP</arg>
<arg>NR</arg>
<arg>NU</arg>
<arg>NZ</arg>
<arg>OM</arg>
<arg>PA</arg>
<arg>PE</arg>
<arg>PF</arg>
<arg>PG</arg>
<arg>PH</arg>
<arg>PK</arg>
<arg>PL</arg>
<arg>PM</arg>
<arg>PN</arg>
<arg>PR</arg>
<arg>PS</arg>
<arg>PT</arg>
<arg>PW</arg>
<arg>PY</arg>
<arg>QA</arg>
<arg>RE</arg>
<arg>RO</arg>
<arg>RS</arg>
<arg>RU</arg>
<arg>RW</arg>
<arg>SA</arg>
<arg>SB</arg>
<arg>SC</arg>
<arg>SD</arg>
<arg>SE</arg>
<arg>SG</arg>
<arg>SH</arg>
<arg>SI</arg>
<arg>SJ</arg>
<arg>SK</arg>
<arg>SL</arg>
<arg>SM</arg>
<arg>SN</arg>
<arg>SO</arg>
<arg>SR</arg>
<arg>SS</arg>
<arg>ST</arg>
<arg>SV</arg>
<arg>SX</arg>
<arg>SY</arg>
<arg>SZ</arg>
<arg>TC</arg>
<arg>TD</arg>
<arg>TF</arg>
<arg>TG</arg>
<arg>TH</arg>
<arg>TJ</arg>
<arg>TK</arg>
<arg>TL</arg>
<arg>TM</arg>
<arg>TN</arg>
<arg>TO</arg>
<arg>TR</arg>
<arg>TT</arg>
<arg>TV</arg>
<arg>TW</arg>
<arg>TZ</arg>
<arg>UA</arg>
<arg>UG</arg>
<arg>UM</arg>
<arg>US</arg>
<arg>UY</arg>
<arg>UZ</arg>
<arg>VA</arg>
<arg>VC</arg>
<arg>VE</arg>
<arg>VG</arg>
<arg>VI</arg>
<arg>VN</arg>
<arg>VU</arg>
<arg>WF</arg>
<arg>WS</arg>
<arg>XK</arg>
<arg>YE</arg>
<arg>YT</arg>
<arg>ZA</arg>
<arg>ZM</arg>
<arg>ZW</arg>
<doc>Returns a list containing given items.</doc>
<status status="PASS" start="2024-05-27T17:13:06.611029" elapsed="0.000624"/>
</kw>
<kw name="List Should Contain Value" owner="Collections">
<msg time="2024-05-27T17:13:06.612633" level="INFO">False</msg>
<arg>${list_country}</arg>
<arg>${name_country}</arg>
<doc>Fails if the ``value`` is not found from ``list``.</doc>
<status status="PASS" start="2024-05-27T17:13:06.612431" elapsed="0.000238"/>
</kw>
<kw name="Run Keyword If" owner="BuiltIn">
<kw name="Should Be True" owner="BuiltIn">
<arg>${True}</arg>
<doc>Fails if the given condition is not true.</doc>
<status status="PASS" start="2024-05-27T17:13:06.613734" elapsed="0.000143"/>
</kw>
<arg>${json_data["results"][0]["location"]["coordinates"]["latitude"]} &gt;= -90 and ${json_data["results"][0]["location"]["coordinates"]["latitude"]} &lt;= 90</arg>
<arg>Should Be True</arg>
<arg>${True}</arg>
<doc>Runs the given keyword with the given arguments, if ``condition`` is true.</doc>
<status status="PASS" start="2024-05-27T17:13:06.612982" elapsed="0.001022"/>
</kw>
<kw name="Run Keyword If" owner="BuiltIn">
<kw name="Should Be True" owner="BuiltIn">
<arg>${True}</arg>
<doc>Fails if the given condition is not true.</doc>
<status status="PASS" start="2024-05-27T17:13:06.614912" elapsed="0.000143"/>
</kw>
<arg>${json_data["results"][0]["location"]["coordinates"]["longitude"]} &gt;= -180 and ${json_data["results"][0]["location"]["coordinates"]["longitude"]} &lt;= 180</arg>
<arg>Should Be True</arg>
<arg>${True}</arg>
<doc>Runs the given keyword with the given arguments, if ``condition`` is true.</doc>
<status status="PASS" start="2024-05-27T17:13:06.614190" elapsed="0.000989"/>
</kw>
<status status="PASS" start="2024-05-27T17:13:06.416902" elapsed="0.198403"/>
</kw>
<doc>Testa o conteúdo específico dos campos retornados pela API.</doc>
<tag>testeConteudo</tag>
<status status="PASS" start="2024-05-27T17:13:06.416244" elapsed="0.199202"/>
</test>
<status status="PASS" start="2024-05-27T17:13:05.008150" elapsed="1.609139"/>
</suite>
<status status="PASS" start="2024-05-27T17:13:04.994816" elapsed="1.627550"/>
</suite>
<statistics>
<total>
<stat pass="5" fail="0" skip="0">All Tests</stat>
</total>
<tag>
<stat pass="1" fail="0" skip="0">testeConteudo</stat>
<stat pass="1" fail="0" skip="0">testeEstruturaResposta</stat>
<stat pass="1" fail="0" skip="0">testeRequisicaoBasica</stat>
<stat pass="1" fail="0" skip="0">testeTiposDados</stat>
</tag>
<suite>
<stat pass="5" fail="0" skip="0" id="s1" name="Tests">Tests</stat>
<stat pass="5" fail="0" skip="0" id="s1-s1" name="Random-User-Test">Tests.Random-User-Test</stat>
</suite>
</statistics>
<errors>
</errors>
</robot>
