<?xml version="1.0" encoding="UTF-8"?>
<robot generator="Robot 7.0.1 (Python 3.12.4 on linux)" generated="2024-07-17T04:17:49.776349" rpa="false" schemaversion="5">
<suite id="s1" name="Tests" source="/home/runner/work/ApiRandomUser/ApiRandomUser/RamdonUser/tests">
<suite id="s1-s1" name="Random-User-Test" source="/home/runner/work/ApiRandomUser/ApiRandomUser/RamdonUser/tests/random-user-test.robot">
<test id="s1-s1-t1" name="Conectar" line="13">
<kw name="Conectar API" owner="random-user-service">
<kw name="Create Session" owner="RequestsLibrary">
<msg time="2024-07-17T04:17:50.168217" level="INFO">Creating Session using : alias=consultarAPI, url=https://randomuser.me/, headers={},                     cookies={}, auth=None, timeout=None, proxies=None, verify=False,                     debug=0 </msg>
<arg>consultarAPI</arg>
<arg>${URL}</arg>
<doc>Create Session: create a HTTP session to a server</doc>
<status status="PASS" start="2024-07-17T04:17:50.167977" elapsed="0.000416"/>
</kw>
<status status="PASS" start="2024-07-17T04:17:50.167002" elapsed="0.001751"/>
</kw>
<status status="PASS" start="2024-07-17T04:17:50.166391" elapsed="0.002557"/>
</test>
<test id="s1-s1-t2" name="Validar retorno 200 e JSON Válido" line="16">
<kw name="Teste de Requisicao Basica" owner="random-user-service">
<kw name="GET On Session" owner="RequestsLibrary">
<msg time="2024-07-17T04:17:50.246772" level="INFO">GET Request : url=https://randomuser.me/api 
 path_url=/api 
 headers={'User-Agent': 'python-requests/2.32.3', 'Accept-Encoding': 'gzip, deflate', 'Accept': '*/*', 'Connection': 'keep-alive'} 
 body=None 
 </msg>
<msg time="2024-07-17T04:17:50.246906" level="INFO">GET Response : url=https://randomuser.me/api 
 status=200, reason=OK 
 headers={'Date': 'Wed, 17 Jul 2024 04:17:50 GMT', 'Content-Type': 'application/json; charset=utf-8', 'Transfer-Encoding': 'chunked', 'Connection': 'keep-alive', 'X-Powered-By': 'Express', 'Access-Control-Allow-Origin': '*', 'Cache-Control': 'no-cache', 'ETag': 'W/"47a-SY7JY40ANjYEzwaUpxKHbye/bCk"', 'Vary': 'Accept-Encoding', 'Content-Encoding': 'gzip', 'CF-Cache-Status': 'DYNAMIC', 'Report-To': '{"endpoints":[{"url":"https:\\/\\/a.nel.cloudflare.com\\/report\\/v4?s=0PMy5bajb7mPVFwAYdhIkgLXUKHbF6muKGa4XJc4A3JBniQ3yGv62BlvMPYZbhnTm%2BGBEyYz2cjEsytCaJbvkZ3XHFWvZkOpyUIkCZnVJWvw3A9otBD4qhUNwUwtf0em"}],"group":"cf-nel","max_age":604800}', 'NEL': '{"success_fraction":0,"report_to":"cf-nel","max_age":604800}', 'Server': 'cloudflare', 'CF-RAY': '8a476cb0cdfc0a7d-IAD', 'alt-svc': 'h3=":443"; ma=86400'} 
 body={"results":[{"gender":"female","name":{"title":"Mrs","first":"Lobna","last":"Blauw"},"location":{"street":{"number":2100,"name":"Dubelaarstraat"},"city":"De Kiel","state":"Groningen","country":"Netherlands","postcode":"0858 KQ","coordinates":{"latitude":"30.9749","longitude":"144.7919"},"timezone":{"offset":"-9:00","description":"Alaska"}},"email":"lobna.blauw@example.com","login":{"uuid":"80723725-47d6-4c99-842a-f22d366b60bf","username":"redwolf212","password":"brucelee","salt":"CYzVKJsr","md5":"25e90ebf26c613777d8006157c168804","sha1":"58c5e5c1c62243b78464fa8aa06f5afc2ceca189","sha256":"06fb5aa725b2808403ff3f49a66f214382a666189cb12f958392bdb59b85cdd6"},"dob":{"date":"1951-12-30T23:15:13.459Z","age":72},"registered":{"date":"2018-11-15T13:36:37.709Z","age":5},"phone":"(0660) 679813","cell":"(06) 20198487","id":{"name":"BSN","value":"58326472"},"picture":{"large":"https://randomuser.me/api/portraits/women/24.jpg","medium":"https://randomuser.me/api/portraits/med/women/24.jpg","thumbnail":"https://randomuser.me/api/portraits/thumb/women/24.jpg"},"nat":"NL"}],"info":{"seed":"ab4f2eb15f9b2c07","results":1,"page":1,"version":"1.4"}} 
 </msg>
<msg time="2024-07-17T04:17:50.246982" level="INFO">/opt/hostedtoolcache/Python/3.12.4/x64/lib/python3.12/site-packages/urllib3/connectionpool.py:1099: InsecureRequestWarning: Unverified HTTPS request is being made to host 'randomuser.me'. Adding certificate verification is strongly advised. See: https://urllib3.readthedocs.io/en/latest/advanced-usage.html#tls-warnings
  warnings.warn(</msg>
<msg time="2024-07-17T04:17:50.247118" level="INFO">${response} = &lt;Response [200]&gt;</msg>
<var>${response}</var>
<arg>consultarAPI</arg>
<arg>/api</arg>
<doc>Sends a GET request on a previously created HTTP Session.</doc>
<status status="PASS" start="2024-07-17T04:17:50.171599" elapsed="0.075560"/>
</kw>
<kw name="Should Be Equal As Numbers" owner="BuiltIn">
<msg time="2024-07-17T04:17:50.248233" level="INFO">Argument types are:
&lt;class 'int'&gt;
&lt;class 'str'&gt;</msg>
<arg>${response.status_code}</arg>
<arg>200</arg>
<doc>Fails if objects are unequal after converting them to real numbers.</doc>
<status status="PASS" start="2024-07-17T04:17:50.247701" elapsed="0.000597"/>
</kw>
<kw name="Log" owner="BuiltIn">
<msg time="2024-07-17T04:17:50.248987" level="INFO">200</msg>
<arg>${response.status_code}</arg>
<doc>Logs the given message with the given level.</doc>
<status status="PASS" start="2024-07-17T04:17:50.248635" elapsed="0.000395"/>
</kw>
<kw name="Set Variable" owner="BuiltIn">
<msg time="2024-07-17T04:17:50.249767" level="INFO">${json_data} = {'results': [{'gender': 'female', 'name': {'title': 'Mrs', 'first': 'Lobna', 'last': 'Blauw'}, 'location': {'street': {'number': 2100, 'name': 'Dubelaarstraat'}, 'city': 'De Kiel', 'state': 'Groningen...</msg>
<var>${json_data}</var>
<arg>${response.json()}</arg>
<doc>Returns the given values which can then be assigned to a variables.</doc>
<status status="PASS" start="2024-07-17T04:17:50.249336" elapsed="0.000458"/>
</kw>
<kw name="Dictionary Should Contain Key" owner="Collections">
<arg>${json_data}</arg>
<arg>results</arg>
<doc>Fails if ``key`` is not found from ``dictionary``.</doc>
<status status="PASS" start="2024-07-17T04:17:50.250097" elapsed="0.000164"/>
</kw>
<status status="PASS" start="2024-07-17T04:17:50.171350" elapsed="0.079058"/>
</kw>
<doc>Testa se a API responde corretamente e retorna um objeto JSON válido.</doc>
<tag>testeRequisicaoBasica</tag>
<status status="PASS" start="2024-07-17T04:17:50.170820" elapsed="0.079758"/>
</test>
<test id="s1-s1-t3" name="Validar estrutura de resposta" line="22">
<kw name="Teste de Estrutura de Resposta" owner="random-user-service">
<kw name="GET On Session" owner="RequestsLibrary">
<msg time="2024-07-17T04:17:50.357970" level="INFO">GET Request : url=https://randomuser.me/api 
 path_url=/api 
 headers={'User-Agent': 'python-requests/2.32.3', 'Accept-Encoding': 'gzip, deflate', 'Accept': '*/*', 'Connection': 'keep-alive'} 
 body=None 
 </msg>
<msg time="2024-07-17T04:17:50.358088" level="INFO">GET Response : url=https://randomuser.me/api 
 status=200, reason=OK 
 headers={'Date': 'Wed, 17 Jul 2024 04:17:50 GMT', 'Content-Type': 'application/json; charset=utf-8', 'Transfer-Encoding': 'chunked', 'Connection': 'keep-alive', 'X-Powered-By': 'Express', 'Access-Control-Allow-Origin': '*', 'Cache-Control': 'no-cache', 'ETag': 'W/"45d-ISpLoR/n9FKkP+lsRrQ6PCYQjng"', 'Vary': 'Accept-Encoding', 'Content-Encoding': 'gzip', 'CF-Cache-Status': 'DYNAMIC', 'Report-To': '{"endpoints":[{"url":"https:\\/\\/a.nel.cloudflare.com\\/report\\/v4?s=4ZBTTAGiEkdDgRcazwNJD6ygzcOOFUiCSUWAQkoIUoRIJ%2FDpgllJuNKsEkxyjKQpuITuQOKvifCgFaT54MwLXVOoBIFmaPXIrhs6pseoeEGV9RBJrjbRBY271R%2BEpoA5"}],"group":"cf-nel","max_age":604800}', 'NEL': '{"success_fraction":0,"report_to":"cf-nel","max_age":604800}', 'Server': 'cloudflare', 'CF-RAY': '8a476cb11e2b0a7d-IAD', 'alt-svc': 'h3=":443"; ma=86400'} 
 body={"results":[{"gender":"male","name":{"title":"Mr","first":"Önal","last":"Karaer"},"location":{"street":{"number":8258,"name":"Necatibey Cd"},"city":"Aydın","state":"Ağrı","country":"Turkey","postcode":59258,"coordinates":{"latitude":"64.3367","longitude":"-124.6031"},"timezone":{"offset":"-9:00","description":"Alaska"}},"email":"onal.karaer@example.com","login":{"uuid":"d71d8108-5064-4ea6-9550-f1ad09f68606","username":"greenbird978","password":"fishin","salt":"ubxp6Qzt","md5":"678c4286a6617f42281d742be6cfaa1c","sha1":"ce79fb57942c1694a10a14890e99052cabe7a879","sha256":"0e645bcb32bbcd4255e91fb6f8b711a546b852436998c9e0f31532fbcd8a1126"},"dob":{"date":"1951-05-30T19:47:24.511Z","age":73},"registered":{"date":"2014-11-13T08:33:26.897Z","age":9},"phone":"(059)-454-0305","cell":"(982)-684-4123","id":{"name":"","value":null},"picture":{"large":"https://randomuser.me/api/portraits/men/82.jpg","medium":"https://randomuser.me/api/portraits/med/men/82.jpg","thumbnail":"https://randomuser.me/api/portraits/thumb/men/82.jpg"},"nat":"TR"}],"info":{"seed":"04082d9eb7542bac","results":1,"page":1,"version":"1.4"}} 
 </msg>
<msg time="2024-07-17T04:17:50.358232" level="INFO">/opt/hostedtoolcache/Python/3.12.4/x64/lib/python3.12/site-packages/urllib3/connectionpool.py:1099: InsecureRequestWarning: Unverified HTTPS request is being made to host 'randomuser.me'. Adding certificate verification is strongly advised. See: https://urllib3.readthedocs.io/en/latest/advanced-usage.html#tls-warnings
  warnings.warn(</msg>
<msg time="2024-07-17T04:17:50.358355" level="INFO">${response} = &lt;Response [200]&gt;</msg>
<var>${response}</var>
<arg>consultarAPI</arg>
<arg>/api</arg>
<doc>Sends a GET request on a previously created HTTP Session.</doc>
<status status="PASS" start="2024-07-17T04:17:50.253238" elapsed="0.105159"/>
</kw>
<kw name="Set Variable" owner="BuiltIn">
<msg time="2024-07-17T04:17:50.359462" level="INFO">${json_data} = {'results': [{'gender': 'male', 'name': {'title': 'Mr', 'first': 'Önal', 'last': 'Karaer'}, 'location': {'street': {'number': 8258, 'name': 'Necatibey Cd'}, 'city': 'Aydın', 'state': 'Ağrı', 'country'...</msg>
<var>${json_data}</var>
<arg>${response.json()}</arg>
<doc>Returns the given values which can then be assigned to a variables.</doc>
<status status="PASS" start="2024-07-17T04:17:50.358925" elapsed="0.000569"/>
</kw>
<kw name="Log" owner="BuiltIn">
<msg time="2024-07-17T04:17:50.360018" level="INFO">{'results': [{'gender': 'male', 'name': {'title': 'Mr', 'first': 'Önal', 'last': 'Karaer'}, 'location': {'street': {'number': 8258, 'name': 'Necatibey Cd'}, 'city': 'Aydın', 'state': 'Ağrı', 'country': 'Turkey', 'postcode': 59258, 'coordinates': {'latitude': '64.3367', 'longitude': '-124.6031'}, 'timezone': {'offset': '-9:00', 'description': 'Alaska'}}, 'email': 'onal.karaer@example.com', 'login': {'uuid': 'd71d8108-5064-4ea6-9550-f1ad09f68606', 'username': 'greenbird978', 'password': 'fishin', 'salt': 'ubxp6Qzt', 'md5': '678c4286a6617f42281d742be6cfaa1c', 'sha1': 'ce79fb57942c1694a10a14890e99052cabe7a879', 'sha256': '0e645bcb32bbcd4255e91fb6f8b711a546b852436998c9e0f31532fbcd8a1126'}, 'dob': {'date': '1951-05-30T19:47:24.511Z', 'age': 73}, 'registered': {'date': '2014-11-13T08:33:26.897Z', 'age': 9}, 'phone': '(059)-454-0305', 'cell': '(982)-684-4123', 'id': {'name': '', 'value': None}, 'picture': {'large': 'https://randomuser.me/api/portraits/men/82.jpg', 'medium': 'https://randomuser.me/api/portraits/med/men/82.jpg', 'thumbnail': 'https://randomuser.me/api/portraits/thumb/men/82.jpg'}, 'nat': 'TR'}], 'info': {'seed': '04082d9eb7542bac', 'results': 1, 'page': 1, 'version': '1.4'}}</msg>
<arg>${json_data}</arg>
<doc>Logs the given message with the given level.</doc>
<status status="PASS" start="2024-07-17T04:17:50.359844" elapsed="0.000275"/>
</kw>
<kw name="Dictionary Should Contain Key" owner="Collections">
<arg>${json_data}</arg>
<arg>results</arg>
<doc>Fails if ``key`` is not found from ``dictionary``.</doc>
<status status="PASS" start="2024-07-17T04:17:50.360448" elapsed="0.000174"/>
</kw>
<kw name="Should Not Be Empty" owner="BuiltIn">
<msg time="2024-07-17T04:17:50.360946" level="INFO">Length is 2.</msg>
<arg>${json_data}</arg>
<doc>Verifies that the given item is not empty.</doc>
<status status="PASS" start="2024-07-17T04:17:50.360814" elapsed="0.000172"/>
</kw>
<kw name="Create List" owner="BuiltIn">
<msg time="2024-07-17T04:17:50.361639" level="INFO">${expected_keys} = ['gender', 'name', 'location', 'email', 'login']</msg>
<var>${expected_keys}</var>
<arg>gender</arg>
<arg>name</arg>
<arg>location</arg>
<arg>email</arg>
<arg>login</arg>
<doc>Returns a list containing given items.</doc>
<status status="PASS" start="2024-07-17T04:17:50.361316" elapsed="0.000349"/>
</kw>
<for flavor="IN">
<iter>
<kw name="Dictionary Should Contain Key" owner="Collections">
<arg>${json_data['results'][0]}</arg>
<arg>${key}</arg>
<doc>Fails if ``key`` is not found from ``dictionary``.</doc>
<status status="PASS" start="2024-07-17T04:17:50.362264" elapsed="0.000414"/>
</kw>
<kw name="Log" owner="BuiltIn">
<msg time="2024-07-17T04:17:50.363232" level="INFO">{'gender': 'male', 'name': {'title': 'Mr', 'first': 'Önal', 'last': 'Karaer'}, 'location': {'street': {'number': 8258, 'name': 'Necatibey Cd'}, 'city': 'Aydın', 'state': 'Ağrı', 'country': 'Turkey', 'postcode': 59258, 'coordinates': {'latitude': '64.3367', 'longitude': '-124.6031'}, 'timezone': {'offset': '-9:00', 'description': 'Alaska'}}, 'email': 'onal.karaer@example.com', 'login': {'uuid': 'd71d8108-5064-4ea6-9550-f1ad09f68606', 'username': 'greenbird978', 'password': 'fishin', 'salt': 'ubxp6Qzt', 'md5': '678c4286a6617f42281d742be6cfaa1c', 'sha1': 'ce79fb57942c1694a10a14890e99052cabe7a879', 'sha256': '0e645bcb32bbcd4255e91fb6f8b711a546b852436998c9e0f31532fbcd8a1126'}, 'dob': {'date': '1951-05-30T19:47:24.511Z', 'age': 73}, 'registered': {'date': '2014-11-13T08:33:26.897Z', 'age': 9}, 'phone': '(059)-454-0305', 'cell': '(982)-684-4123', 'id': {'name': '', 'value': None}, 'picture': {'large': 'https://randomuser.me/api/portraits/men/82.jpg', 'medium': 'https://randomuser.me/api/portraits/med/men/82.jpg', 'thumbnail': 'https://randomuser.me/api/portraits/thumb/men/82.jpg'}, 'nat': 'TR'}</msg>
<arg>${json_data['results'][0]}</arg>
<doc>Logs the given message with the given level.</doc>
<status status="PASS" start="2024-07-17T04:17:50.362867" elapsed="0.000418"/>
</kw>
<kw name="Log" owner="BuiltIn">
<msg time="2024-07-17T04:17:50.363727" level="INFO">gender</msg>
<arg>${key}</arg>
<doc>Logs the given message with the given level.</doc>
<status status="PASS" start="2024-07-17T04:17:50.363596" elapsed="0.000171"/>
</kw>
<var name="${key}">gender</var>
<status status="PASS" start="2024-07-17T04:17:50.362139" elapsed="0.001850"/>
</iter>
<iter>
<kw name="Dictionary Should Contain Key" owner="Collections">
<arg>${json_data['results'][0]}</arg>
<arg>${key}</arg>
<doc>Fails if ``key`` is not found from ``dictionary``.</doc>
<status status="PASS" start="2024-07-17T04:17:50.364330" elapsed="0.000395"/>
</kw>
<kw name="Log" owner="BuiltIn">
<msg time="2024-07-17T04:17:50.365273" level="INFO">{'gender': 'male', 'name': {'title': 'Mr', 'first': 'Önal', 'last': 'Karaer'}, 'location': {'street': {'number': 8258, 'name': 'Necatibey Cd'}, 'city': 'Aydın', 'state': 'Ağrı', 'country': 'Turkey', 'postcode': 59258, 'coordinates': {'latitude': '64.3367', 'longitude': '-124.6031'}, 'timezone': {'offset': '-9:00', 'description': 'Alaska'}}, 'email': 'onal.karaer@example.com', 'login': {'uuid': 'd71d8108-5064-4ea6-9550-f1ad09f68606', 'username': 'greenbird978', 'password': 'fishin', 'salt': 'ubxp6Qzt', 'md5': '678c4286a6617f42281d742be6cfaa1c', 'sha1': 'ce79fb57942c1694a10a14890e99052cabe7a879', 'sha256': '0e645bcb32bbcd4255e91fb6f8b711a546b852436998c9e0f31532fbcd8a1126'}, 'dob': {'date': '1951-05-30T19:47:24.511Z', 'age': 73}, 'registered': {'date': '2014-11-13T08:33:26.897Z', 'age': 9}, 'phone': '(059)-454-0305', 'cell': '(982)-684-4123', 'id': {'name': '', 'value': None}, 'picture': {'large': 'https://randomuser.me/api/portraits/men/82.jpg', 'medium': 'https://randomuser.me/api/portraits/med/men/82.jpg', 'thumbnail': 'https://randomuser.me/api/portraits/thumb/men/82.jpg'}, 'nat': 'TR'}</msg>
<arg>${json_data['results'][0]}</arg>
<doc>Logs the given message with the given level.</doc>
<status status="PASS" start="2024-07-17T04:17:50.364911" elapsed="0.000447"/>
</kw>
<kw name="Log" owner="BuiltIn">
<msg time="2024-07-17T04:17:50.365810" level="INFO">name</msg>
<arg>${key}</arg>
<doc>Logs the given message with the given level.</doc>
<status status="PASS" start="2024-07-17T04:17:50.365681" elapsed="0.000166"/>
</kw>
<var name="${key}">name</var>
<status status="PASS" start="2024-07-17T04:17:50.364213" elapsed="0.001853"/>
</iter>
<iter>
<kw name="Dictionary Should Contain Key" owner="Collections">
<arg>${json_data['results'][0]}</arg>
<arg>${key}</arg>
<doc>Fails if ``key`` is not found from ``dictionary``.</doc>
<status status="PASS" start="2024-07-17T04:17:50.366358" elapsed="0.000390"/>
</kw>
<kw name="Log" owner="BuiltIn">
<msg time="2024-07-17T04:17:50.367287" level="INFO">{'gender': 'male', 'name': {'title': 'Mr', 'first': 'Önal', 'last': 'Karaer'}, 'location': {'street': {'number': 8258, 'name': 'Necatibey Cd'}, 'city': 'Aydın', 'state': 'Ağrı', 'country': 'Turkey', 'postcode': 59258, 'coordinates': {'latitude': '64.3367', 'longitude': '-124.6031'}, 'timezone': {'offset': '-9:00', 'description': 'Alaska'}}, 'email': 'onal.karaer@example.com', 'login': {'uuid': 'd71d8108-5064-4ea6-9550-f1ad09f68606', 'username': 'greenbird978', 'password': 'fishin', 'salt': 'ubxp6Qzt', 'md5': '678c4286a6617f42281d742be6cfaa1c', 'sha1': 'ce79fb57942c1694a10a14890e99052cabe7a879', 'sha256': '0e645bcb32bbcd4255e91fb6f8b711a546b852436998c9e0f31532fbcd8a1126'}, 'dob': {'date': '1951-05-30T19:47:24.511Z', 'age': 73}, 'registered': {'date': '2014-11-13T08:33:26.897Z', 'age': 9}, 'phone': '(059)-454-0305', 'cell': '(982)-684-4123', 'id': {'name': '', 'value': None}, 'picture': {'large': 'https://randomuser.me/api/portraits/men/82.jpg', 'medium': 'https://randomuser.me/api/portraits/med/men/82.jpg', 'thumbnail': 'https://randomuser.me/api/portraits/thumb/men/82.jpg'}, 'nat': 'TR'}</msg>
<arg>${json_data['results'][0]}</arg>
<doc>Logs the given message with the given level.</doc>
<status status="PASS" start="2024-07-17T04:17:50.366933" elapsed="0.000408"/>
</kw>
<kw name="Log" owner="BuiltIn">
<msg time="2024-07-17T04:17:50.367773" level="INFO">location</msg>
<arg>${key}</arg>
<doc>Logs the given message with the given level.</doc>
<status status="PASS" start="2024-07-17T04:17:50.367646" elapsed="0.000165"/>
</kw>
<var name="${key}">location</var>
<status status="PASS" start="2024-07-17T04:17:50.366248" elapsed="0.001786"/>
</iter>
<iter>
<kw name="Dictionary Should Contain Key" owner="Collections">
<arg>${json_data['results'][0]}</arg>
<arg>${key}</arg>
<doc>Fails if ``key`` is not found from ``dictionary``.</doc>
<status status="PASS" start="2024-07-17T04:17:50.368350" elapsed="0.000390"/>
</kw>
<kw name="Log" owner="BuiltIn">
<msg time="2024-07-17T04:17:50.369281" level="INFO">{'gender': 'male', 'name': {'title': 'Mr', 'first': 'Önal', 'last': 'Karaer'}, 'location': {'street': {'number': 8258, 'name': 'Necatibey Cd'}, 'city': 'Aydın', 'state': 'Ağrı', 'country': 'Turkey', 'postcode': 59258, 'coordinates': {'latitude': '64.3367', 'longitude': '-124.6031'}, 'timezone': {'offset': '-9:00', 'description': 'Alaska'}}, 'email': 'onal.karaer@example.com', 'login': {'uuid': 'd71d8108-5064-4ea6-9550-f1ad09f68606', 'username': 'greenbird978', 'password': 'fishin', 'salt': 'ubxp6Qzt', 'md5': '678c4286a6617f42281d742be6cfaa1c', 'sha1': 'ce79fb57942c1694a10a14890e99052cabe7a879', 'sha256': '0e645bcb32bbcd4255e91fb6f8b711a546b852436998c9e0f31532fbcd8a1126'}, 'dob': {'date': '1951-05-30T19:47:24.511Z', 'age': 73}, 'registered': {'date': '2014-11-13T08:33:26.897Z', 'age': 9}, 'phone': '(059)-454-0305', 'cell': '(982)-684-4123', 'id': {'name': '', 'value': None}, 'picture': {'large': 'https://randomuser.me/api/portraits/men/82.jpg', 'medium': 'https://randomuser.me/api/portraits/med/men/82.jpg', 'thumbnail': 'https://randomuser.me/api/portraits/thumb/men/82.jpg'}, 'nat': 'TR'}</msg>
<arg>${json_data['results'][0]}</arg>
<doc>Logs the given message with the given level.</doc>
<status status="PASS" start="2024-07-17T04:17:50.368925" elapsed="0.000407"/>
</kw>
<kw name="Log" owner="BuiltIn">
<msg time="2024-07-17T04:17:50.369793" level="INFO">email</msg>
<arg>${key}</arg>
<doc>Logs the given message with the given level.</doc>
<status status="PASS" start="2024-07-17T04:17:50.369660" elapsed="0.000172"/>
</kw>
<var name="${key}">email</var>
<status status="PASS" start="2024-07-17T04:17:50.368241" elapsed="0.001809"/>
</iter>
<iter>
<kw name="Dictionary Should Contain Key" owner="Collections">
<arg>${json_data['results'][0]}</arg>
<arg>${key}</arg>
<doc>Fails if ``key`` is not found from ``dictionary``.</doc>
<status status="PASS" start="2024-07-17T04:17:50.370336" elapsed="0.000391"/>
</kw>
<kw name="Log" owner="BuiltIn">
<msg time="2024-07-17T04:17:50.371265" level="INFO">{'gender': 'male', 'name': {'title': 'Mr', 'first': 'Önal', 'last': 'Karaer'}, 'location': {'street': {'number': 8258, 'name': 'Necatibey Cd'}, 'city': 'Aydın', 'state': 'Ağrı', 'country': 'Turkey', 'postcode': 59258, 'coordinates': {'latitude': '64.3367', 'longitude': '-124.6031'}, 'timezone': {'offset': '-9:00', 'description': 'Alaska'}}, 'email': 'onal.karaer@example.com', 'login': {'uuid': 'd71d8108-5064-4ea6-9550-f1ad09f68606', 'username': 'greenbird978', 'password': 'fishin', 'salt': 'ubxp6Qzt', 'md5': '678c4286a6617f42281d742be6cfaa1c', 'sha1': 'ce79fb57942c1694a10a14890e99052cabe7a879', 'sha256': '0e645bcb32bbcd4255e91fb6f8b711a546b852436998c9e0f31532fbcd8a1126'}, 'dob': {'date': '1951-05-30T19:47:24.511Z', 'age': 73}, 'registered': {'date': '2014-11-13T08:33:26.897Z', 'age': 9}, 'phone': '(059)-454-0305', 'cell': '(982)-684-4123', 'id': {'name': '', 'value': None}, 'picture': {'large': 'https://randomuser.me/api/portraits/men/82.jpg', 'medium': 'https://randomuser.me/api/portraits/med/men/82.jpg', 'thumbnail': 'https://randomuser.me/api/portraits/thumb/men/82.jpg'}, 'nat': 'TR'}</msg>
<arg>${json_data['results'][0]}</arg>
<doc>Logs the given message with the given level.</doc>
<status status="PASS" start="2024-07-17T04:17:50.370911" elapsed="0.000407"/>
</kw>
<kw name="Log" owner="BuiltIn">
<msg time="2024-07-17T04:17:50.371741" level="INFO">login</msg>
<arg>${key}</arg>
<doc>Logs the given message with the given level.</doc>
<status status="PASS" start="2024-07-17T04:17:50.371615" elapsed="0.000164"/>
</kw>
<var name="${key}">login</var>
<status status="PASS" start="2024-07-17T04:17:50.370222" elapsed="0.001773"/>
</iter>
<var>${key}</var>
<value>@{expected_keys}</value>
<status status="PASS" start="2024-07-17T04:17:50.361937" elapsed="0.010217"/>
</for>
<kw name="Create List" owner="BuiltIn">
<msg time="2024-07-17T04:17:50.372491" level="INFO">${expected_keysTwo} = ['username', 'password']</msg>
<var>${expected_keysTwo}</var>
<arg>username</arg>
<arg>password</arg>
<doc>Returns a list containing given items.</doc>
<status status="PASS" start="2024-07-17T04:17:50.372349" elapsed="0.000166"/>
</kw>
<for flavor="IN">
<iter>
<kw name="Dictionary Should Contain Key" owner="Collections">
<arg>${json_data['results'][0]['login']}</arg>
<arg>${keyTwo}</arg>
<doc>Fails if ``key`` is not found from ``dictionary``.</doc>
<status status="PASS" start="2024-07-17T04:17:50.373059" elapsed="0.000386"/>
</kw>
<kw name="Dictionary Should Contain Key" owner="Collections">
<arg>${json_data['results'][0]['login']}</arg>
<arg>${keyTwo}</arg>
<doc>Fails if ``key`` is not found from ``dictionary``.</doc>
<status status="PASS" start="2024-07-17T04:17:50.373631" elapsed="0.000382"/>
</kw>
<kw name="Log" owner="BuiltIn">
<msg time="2024-07-17T04:17:50.374319" level="INFO">username</msg>
<arg>${keyTwo}</arg>
<doc>Logs the given message with the given level.</doc>
<status status="PASS" start="2024-07-17T04:17:50.374195" elapsed="0.000162"/>
</kw>
<var name="${keyTwo}">username</var>
<status status="PASS" start="2024-07-17T04:17:50.372948" elapsed="0.001635"/>
</iter>
<iter>
<kw name="Dictionary Should Contain Key" owner="Collections">
<arg>${json_data['results'][0]['login']}</arg>
<arg>${keyTwo}</arg>
<doc>Fails if ``key`` is not found from ``dictionary``.</doc>
<status status="PASS" start="2024-07-17T04:17:50.374864" elapsed="0.000393"/>
</kw>
<kw name="Dictionary Should Contain Key" owner="Collections">
<arg>${json_data['results'][0]['login']}</arg>
<arg>${keyTwo}</arg>
<doc>Fails if ``key`` is not found from ``dictionary``.</doc>
<status status="PASS" start="2024-07-17T04:17:50.375440" elapsed="0.000372"/>
</kw>
<kw name="Log" owner="BuiltIn">
<msg time="2024-07-17T04:17:50.376135" level="INFO">password</msg>
<arg>${keyTwo}</arg>
<doc>Logs the given message with the given level.</doc>
<status status="PASS" start="2024-07-17T04:17:50.375992" elapsed="0.000196"/>
</kw>
<var name="${keyTwo}">password</var>
<status status="PASS" start="2024-07-17T04:17:50.374757" elapsed="0.001750"/>
</iter>
<var>${keyTwo}</var>
<value>@{expected_keysTwo}</value>
<status status="PASS" start="2024-07-17T04:17:50.372785" elapsed="0.003846"/>
</for>
<status status="PASS" start="2024-07-17T04:17:50.253005" elapsed="0.123770"/>
</kw>
<doc>Testa a estrutura da resposta da API.</doc>
<tag>testeEstruturaResposta</tag>
<status status="PASS" start="2024-07-17T04:17:50.252427" elapsed="0.124504"/>
</test>
<test id="s1-s1-t4" name="Validar tipos de dados" line="28">
<kw name="Teste de Tipos de Dados" owner="random-user-service">
<kw name="GET On Session" owner="RequestsLibrary">
<msg time="2024-07-17T04:17:50.453444" level="INFO">GET Request : url=https://randomuser.me/api 
 path_url=/api 
 headers={'User-Agent': 'python-requests/2.32.3', 'Accept-Encoding': 'gzip, deflate', 'Accept': '*/*', 'Connection': 'keep-alive'} 
 body=None 
 </msg>
<msg time="2024-07-17T04:17:50.453510" level="INFO">GET Response : url=https://randomuser.me/api 
 status=200, reason=OK 
 headers={'Date': 'Wed, 17 Jul 2024 04:17:50 GMT', 'Content-Type': 'application/json; charset=utf-8', 'Transfer-Encoding': 'chunked', 'Connection': 'keep-alive', 'X-Powered-By': 'Express', 'Access-Control-Allow-Origin': '*', 'Cache-Control': 'no-cache', 'ETag': 'W/"489-VMG/PCifeksYi0ojTD3PMWpJDPY"', 'Vary': 'Accept-Encoding', 'Content-Encoding': 'gzip', 'CF-Cache-Status': 'DYNAMIC', 'Report-To': '{"endpoints":[{"url":"https:\\/\\/a.nel.cloudflare.com\\/report\\/v4?s=3p9%2BUM7GdwHH29FLwXrfFzGQvh4txtIlzTMUO%2FS1qyjXPvK%2Bxd5ah3xCmH0GDTdGqiUctHLsioxgFqo6rMFo%2FhL0pjBrkz1I4Jinsiq%2FHAo62piLL3dyYN%2BCY0VCXaxM"}],"group":"cf-nel","max_age":604800}', 'NEL': '{"success_fraction":0,"report_to":"cf-nel","max_age":604800}', 'Server': 'cloudflare', 'CF-RAY': '8a476cb1eebf0a7d-IAD', 'alt-svc': 'h3=":443"; ma=86400'} 
 body={"results":[{"gender":"female","name":{"title":"Miss","first":"Sophia","last":"Ford"},"location":{"street":{"number":9131,"name":"Samaritan Dr"},"city":"Stamford","state":"Tennessee","country":"United States","postcode":81653,"coordinates":{"latitude":"82.9718","longitude":"9.5431"},"timezone":{"offset":"+6:00","description":"Almaty, Dhaka, Colombo"}},"email":"sophia.ford@example.com","login":{"uuid":"d41cebdd-c6e2-4eab-9408-f33ebbc28a48","username":"lazyzebra307","password":"2003","salt":"z4k5QQ2s","md5":"c8489f22668a0728ede0081ad9bc97be","sha1":"505ba32b087e6f6d8c5e18588cd358150c2ed4d5","sha256":"ce77527e631de62c6267899015334287bb7ce1bf4a15b0a8595dff9c8fedcf0a"},"dob":{"date":"1956-01-24T22:47:50.871Z","age":68},"registered":{"date":"2020-01-07T01:11:40.398Z","age":4},"phone":"(781) 662-5806","cell":"(751) 592-7597","id":{"name":"SSN","value":"231-69-1302"},"picture":{"large":"https://randomuser.me/api/portraits/women/67.jpg","medium":"https://randomuser.me/api/portraits/med/women/67.jpg","thumbnail":"https://randomuser.me/api/portraits/thumb/women/67.jpg"},"nat":"US"}],"info":{"seed":"b5d7edfc0e3de4a7","results":1,"page":1,"version":"1.4"}} 
 </msg>
<msg time="2024-07-17T04:17:50.453569" level="INFO">/opt/hostedtoolcache/Python/3.12.4/x64/lib/python3.12/site-packages/urllib3/connectionpool.py:1099: InsecureRequestWarning: Unverified HTTPS request is being made to host 'randomuser.me'. Adding certificate verification is strongly advised. See: https://urllib3.readthedocs.io/en/latest/advanced-usage.html#tls-warnings
  warnings.warn(</msg>
<msg time="2024-07-17T04:17:50.453655" level="INFO">${response} = &lt;Response [200]&gt;</msg>
<var>${response}</var>
<arg>consultarAPI</arg>
<arg>/api</arg>
<doc>Sends a GET request on a previously created HTTP Session.</doc>
<status status="PASS" start="2024-07-17T04:17:50.379410" elapsed="0.074270"/>
</kw>
<kw name="Set Variable" owner="BuiltIn">
<msg time="2024-07-17T04:17:50.454534" level="INFO">${json_data} = {'results': [{'gender': 'female', 'name': {'title': 'Miss', 'first': 'Sophia', 'last': 'Ford'}, 'location': {'street': {'number': 9131, 'name': 'Samaritan Dr'}, 'city': 'Stamford', 'state': 'Tennessee...</msg>
<var>${json_data}</var>
<arg>${response.json()}</arg>
<doc>Returns the given values which can then be assigned to a variables.</doc>
<status status="PASS" start="2024-07-17T04:17:50.454068" elapsed="0.000495"/>
</kw>
<kw name="Log" owner="BuiltIn">
<msg time="2024-07-17T04:17:50.455022" level="INFO">{'results': [{'gender': 'female', 'name': {'title': 'Miss', 'first': 'Sophia', 'last': 'Ford'}, 'location': {'street': {'number': 9131, 'name': 'Samaritan Dr'}, 'city': 'Stamford', 'state': 'Tennessee', 'country': 'United States', 'postcode': 81653, 'coordinates': {'latitude': '82.9718', 'longitude': '9.5431'}, 'timezone': {'offset': '+6:00', 'description': 'Almaty, Dhaka, Colombo'}}, 'email': 'sophia.ford@example.com', 'login': {'uuid': 'd41cebdd-c6e2-4eab-9408-f33ebbc28a48', 'username': 'lazyzebra307', 'password': '2003', 'salt': 'z4k5QQ2s', 'md5': 'c8489f22668a0728ede0081ad9bc97be', 'sha1': '505ba32b087e6f6d8c5e18588cd358150c2ed4d5', 'sha256': 'ce77527e631de62c6267899015334287bb7ce1bf4a15b0a8595dff9c8fedcf0a'}, 'dob': {'date': '1956-01-24T22:47:50.871Z', 'age': 68}, 'registered': {'date': '2020-01-07T01:11:40.398Z', 'age': 4}, 'phone': '(781) 662-5806', 'cell': '(751) 592-7597', 'id': {'name': 'SSN', 'value': '231-69-1302'}, 'picture': {'large': 'https://randomuser.me/api/portraits/women/67.jpg', 'medium': 'https://randomuser.me/api/portraits/med/women/67.jpg', 'thumbnail': 'https://randomuser.me/api/portraits/thumb/women/67.jpg'}, 'nat': 'US'}], 'info': {'seed': 'b5d7edfc0e3de4a7', 'results': 1, 'page': 1, 'version': '1.4'}}</msg>
<arg>${json_data}</arg>
<doc>Logs the given message with the given level.</doc>
<status status="PASS" start="2024-07-17T04:17:50.454868" elapsed="0.000201"/>
</kw>
<kw name="Should Be String" owner="String">
<arg>${json_data['results'][0]['gender']}</arg>
<doc>Fails if the given ``item`` is not a string.</doc>
<status status="PASS" start="2024-07-17T04:17:50.455363" elapsed="0.000352"/>
</kw>
<kw name="Should Match Regexp" owner="BuiltIn">
<arg>${json_data['results'][0]['email']}</arg>
<arg>^[a-zA-Z0-9._%+-]+@[a-zA-Z0-9.-]+\.[a-zA-Z]{2,}$</arg>
<doc>Fails if ``string`` does not match ``pattern`` as a regular expression.</doc>
<status status="PASS" start="2024-07-17T04:17:50.455905" elapsed="0.000561"/>
</kw>
<kw name="Should Match Regexp" owner="BuiltIn">
<arg>${json_data['results'][0]['dob']['date']}</arg>
<arg>\\d{4}-\\d{2}-\\d{2}T\\d{2}:\\d{2}:\\d{2}\\.\\d{3}Z</arg>
<doc>Fails if ``string`` does not match ``pattern`` as a regular expression.</doc>
<status status="PASS" start="2024-07-17T04:17:50.456698" elapsed="0.000498"/>
</kw>
<kw name="Should Match Regexp" owner="BuiltIn">
<arg>${json_data['results'][0]['registered']['date']}</arg>
<arg>\\d{4}-\\d{2}-\\d{2}T\\d{2}:\\d{2}:\\d{2}\\.\\d{3}Z</arg>
<doc>Fails if ``string`` does not match ``pattern`` as a regular expression.</doc>
<status status="PASS" start="2024-07-17T04:17:50.457389" elapsed="0.000367"/>
</kw>
<kw name="Should Match Regexp" owner="BuiltIn">
<arg>${json_data['results'][0]['picture']['large']}</arg>
<arg>^https?://.*\.(?:png|jpe?g|gif|bmp)$</arg>
<doc>Fails if ``string`` does not match ``pattern`` as a regular expression.</doc>
<status status="PASS" start="2024-07-17T04:17:50.457945" elapsed="0.000460"/>
</kw>
<kw name="Should Match Regexp" owner="BuiltIn">
<arg>${json_data['results'][0]['picture']['medium']}</arg>
<arg>^https?://.*\.(?:png|jpe?g|gif|bmp)$</arg>
<doc>Fails if ``string`` does not match ``pattern`` as a regular expression.</doc>
<status status="PASS" start="2024-07-17T04:17:50.458594" elapsed="0.000353"/>
</kw>
<kw name="Should Match Regexp" owner="BuiltIn">
<arg>${json_data['results'][0]['picture']['thumbnail']}</arg>
<arg>^https?://.*\.(?:png|jpe?g|gif|bmp)$</arg>
<doc>Fails if ``string`` does not match ``pattern`` as a regular expression.</doc>
<status status="PASS" start="2024-07-17T04:17:50.459134" elapsed="0.000363"/>
</kw>
<kw name="Log" owner="BuiltIn">
<msg time="2024-07-17T04:17:50.460010" level="INFO">{'large': 'https://randomuser.me/api/portraits/women/67.jpg', 'medium': 'https://randomuser.me/api/portraits/med/women/67.jpg', 'thumbnail': 'https://randomuser.me/api/portraits/thumb/women/67.jpg'}</msg>
<arg>${json_data['results'][0]['picture']}</arg>
<doc>Logs the given message with the given level.</doc>
<status status="PASS" start="2024-07-17T04:17:50.459684" elapsed="0.000393"/>
</kw>
<status status="PASS" start="2024-07-17T04:17:50.379182" elapsed="0.081168"/>
</kw>
<kw name="Teste de Tipos de Dados - Postcode" owner="random-user-service">
<kw name="GET On Session" owner="RequestsLibrary">
<msg time="2024-07-17T04:17:50.546034" level="INFO">GET Request : url=https://randomuser.me/api 
 path_url=/api 
 headers={'User-Agent': 'python-requests/2.32.3', 'Accept-Encoding': 'gzip, deflate', 'Accept': '*/*', 'Connection': 'keep-alive'} 
 body=None 
 </msg>
<msg time="2024-07-17T04:17:50.546117" level="INFO">GET Response : url=https://randomuser.me/api 
 status=200, reason=OK 
 headers={'Date': 'Wed, 17 Jul 2024 04:17:50 GMT', 'Content-Type': 'application/json; charset=utf-8', 'Transfer-Encoding': 'chunked', 'Connection': 'keep-alive', 'X-Powered-By': 'Express', 'Access-Control-Allow-Origin': '*', 'Cache-Control': 'no-cache', 'ETag': 'W/"486-qhOG8N64d6aJNbGjZeEWtZohKLU"', 'Vary': 'Accept-Encoding', 'Content-Encoding': 'gzip', 'CF-Cache-Status': 'DYNAMIC', 'Report-To': '{"endpoints":[{"url":"https:\\/\\/a.nel.cloudflare.com\\/report\\/v4?s=C2GJ01fY4CB7V1FIUENa3eODNupfT52jaMW3GBL9ZGn%2BjxudLBd7JWlGv9dIYOQOtczRAi6dScRY0rmhlEv8wVhjLD6AhrnjqY8wg9Oniq1cOtLbsfpe4X%2FxdeYRU2XT"}],"group":"cf-nel","max_age":604800}', 'NEL': '{"success_fraction":0,"report_to":"cf-nel","max_age":604800}', 'Server': 'cloudflare', 'CF-RAY': '8a476cb26f1a0a7d-IAD', 'alt-svc': 'h3=":443"; ma=86400'} 
 body={"results":[{"gender":"female","name":{"title":"Ms","first":"Fotina","last":"Sokolenko"},"location":{"street":{"number":4538,"name":"Zolotoniska"},"city":"Vasilivka","state":"Zaporizka","country":"Ukraine","postcode":43851,"coordinates":{"latitude":"75.1044","longitude":"101.5674"},"timezone":{"offset":"+7:00","description":"Bangkok, Hanoi, Jakarta"}},"email":"fotina.sokolenko@example.com","login":{"uuid":"fcbd7525-6455-42e4-806e-515b3bd31308","username":"tinygoose207","password":"gargoyle","salt":"stwk5pHa","md5":"450922ec66b43993b2bafaf3d0fe28e5","sha1":"c9af99146d7384406f00a834ef9e1a5456f4aa62","sha256":"bf41533d605cab8c4213189e9664d29cc377329a670c9d8e9f84f5a76a379b0d"},"dob":{"date":"1962-06-11T13:27:57.787Z","age":62},"registered":{"date":"2017-02-13T00:33:37.176Z","age":7},"phone":"(098) W20-2058","cell":"(098) K10-2344","id":{"name":"","value":null},"picture":{"large":"https://randomuser.me/api/portraits/women/18.jpg","medium":"https://randomuser.me/api/portraits/med/women/18.jpg","thumbnail":"https://randomuser.me/api/portraits/thumb/women/18.jpg"},"nat":"UA"}],"info":{"seed":"4cab74fdbc64316e","results":1,"page":1,"version":"1.4"}} 
 </msg>
<msg time="2024-07-17T04:17:50.546190" level="INFO">/opt/hostedtoolcache/Python/3.12.4/x64/lib/python3.12/site-packages/urllib3/connectionpool.py:1099: InsecureRequestWarning: Unverified HTTPS request is being made to host 'randomuser.me'. Adding certificate verification is strongly advised. See: https://urllib3.readthedocs.io/en/latest/advanced-usage.html#tls-warnings
  warnings.warn(</msg>
<msg time="2024-07-17T04:17:50.546301" level="INFO">${response} = &lt;Response [200]&gt;</msg>
<var>${response}</var>
<arg>consultarAPI</arg>
<arg>/api</arg>
<doc>Sends a GET request on a previously created HTTP Session.</doc>
<status status="PASS" start="2024-07-17T04:17:50.460798" elapsed="0.085544"/>
</kw>
<kw name="Set Variable" owner="BuiltIn">
<msg time="2024-07-17T04:17:50.547218" level="INFO">${json_data} = {'results': [{'gender': 'female', 'name': {'title': 'Ms', 'first': 'Fotina', 'last': 'Sokolenko'}, 'location': {'street': {'number': 4538, 'name': 'Zolotoniska'}, 'city': 'Vasilivka', 'state': 'Zapori...</msg>
<var>${json_data}</var>
<arg>${response.json()}</arg>
<doc>Returns the given values which can then be assigned to a variables.</doc>
<status status="PASS" start="2024-07-17T04:17:50.546763" elapsed="0.000484"/>
</kw>
<kw name="Log" owner="BuiltIn">
<msg time="2024-07-17T04:17:50.547714" level="INFO">{'results': [{'gender': 'female', 'name': {'title': 'Ms', 'first': 'Fotina', 'last': 'Sokolenko'}, 'location': {'street': {'number': 4538, 'name': 'Zolotoniska'}, 'city': 'Vasilivka', 'state': 'Zaporizka', 'country': 'Ukraine', 'postcode': 43851, 'coordinates': {'latitude': '75.1044', 'longitude': '101.5674'}, 'timezone': {'offset': '+7:00', 'description': 'Bangkok, Hanoi, Jakarta'}}, 'email': 'fotina.sokolenko@example.com', 'login': {'uuid': 'fcbd7525-6455-42e4-806e-515b3bd31308', 'username': 'tinygoose207', 'password': 'gargoyle', 'salt': 'stwk5pHa', 'md5': '450922ec66b43993b2bafaf3d0fe28e5', 'sha1': 'c9af99146d7384406f00a834ef9e1a5456f4aa62', 'sha256': 'bf41533d605cab8c4213189e9664d29cc377329a670c9d8e9f84f5a76a379b0d'}, 'dob': {'date': '1962-06-11T13:27:57.787Z', 'age': 62}, 'registered': {'date': '2017-02-13T00:33:37.176Z', 'age': 7}, 'phone': '(098) W20-2058', 'cell': '(098) K10-2344', 'id': {'name': '', 'value': None}, 'picture': {'large': 'https://randomuser.me/api/portraits/women/18.jpg', 'medium': 'https://randomuser.me/api/portraits/med/women/18.jpg', 'thumbnail': 'https://randomuser.me/api/portraits/thumb/women/18.jpg'}, 'nat': 'UA'}], 'info': {'seed': '4cab74fdbc64316e', 'results': 1, 'page': 1, 'version': '1.4'}}</msg>
<arg>${json_data}</arg>
<doc>Logs the given message with the given level.</doc>
<status status="PASS" start="2024-07-17T04:17:50.547561" elapsed="0.000209"/>
</kw>
<kw name="Should Be Equal As Numbers" owner="BuiltIn">
<arg>${json_data['results'][0]['location']['postcode']}</arg>
<arg>${json_data['results'][0]['location']['postcode']}</arg>
<doc>Fails if objects are unequal after converting them to real numbers.</doc>
<status status="PASS" start="2024-07-17T04:17:50.548096" elapsed="0.000655"/>
</kw>
<kw name="Log" owner="BuiltIn">
<msg time="2024-07-17T04:17:50.549436" level="INFO">43851</msg>
<arg>${json_data['results'][0]['location']['postcode']}</arg>
<doc>Logs the given message with the given level.</doc>
<status status="PASS" start="2024-07-17T04:17:50.548942" elapsed="0.000538"/>
</kw>
<status status="PASS" start="2024-07-17T04:17:50.460575" elapsed="0.089164"/>
</kw>
<doc>Testa se os tipos de dados na resposta da API estão corretos.</doc>
<tag>testeTiposDados</tag>
<status status="PASS" start="2024-07-17T04:17:50.378716" elapsed="0.171219"/>
</test>
<test id="s1-s1-t5" name="Validar conteudo" line="35">
<kw name="Teste de Tipos de Conteudo" owner="random-user-service">
<kw name="GET On Session" owner="RequestsLibrary">
<msg time="2024-07-17T04:17:50.650116" level="INFO">GET Request : url=https://randomuser.me/api 
 path_url=/api 
 headers={'User-Agent': 'python-requests/2.32.3', 'Accept-Encoding': 'gzip, deflate', 'Accept': '*/*', 'Connection': 'keep-alive'} 
 body=None 
 </msg>
<msg time="2024-07-17T04:17:50.650214" level="INFO">GET Response : url=https://randomuser.me/api 
 status=200, reason=OK 
 headers={'Date': 'Wed, 17 Jul 2024 04:17:50 GMT', 'Content-Type': 'application/json; charset=utf-8', 'Transfer-Encoding': 'chunked', 'Connection': 'keep-alive', 'X-Powered-By': 'Express', 'Access-Control-Allow-Origin': '*', 'Cache-Control': 'no-cache', 'ETag': 'W/"4ab-rmyBo1LZGu+Bf6+za99rAzyWxQs"', 'Vary': 'Accept-Encoding', 'Content-Encoding': 'gzip', 'CF-Cache-Status': 'DYNAMIC', 'Report-To': '{"endpoints":[{"url":"https:\\/\\/a.nel.cloudflare.com\\/report\\/v4?s=ls1FVpEaSq6u%2BcknGcjS%2Foe4BHA0wGoWIYtpFAHw97JvVKLWy7dKT8Li%2BwIGHRcBynAZ2Cco9CFuzPbKF5W2OcxS9Dpg4F%2FQ6KNGh%2F1%2B9D7PXV6%2BSNJzNh%2BMNoq%2BMdVY"}],"group":"cf-nel","max_age":604800}', 'NEL': '{"success_fraction":0,"report_to":"cf-nel","max_age":604800}', 'Server': 'cloudflare', 'CF-RAY': '8a476cb2ff920a7d-IAD', 'alt-svc': 'h3=":443"; ma=86400'} 
 body={"results":[{"gender":"female","name":{"title":"Miss","first":"Chanelle","last":"Rinzema"},"location":{"street":{"number":6150,"name":"Andrys Geartswei"},"city":"Diever","state":"Flevoland","country":"Netherlands","postcode":"4115 BV","coordinates":{"latitude":"31.7330","longitude":"72.3777"},"timezone":{"offset":"+3:00","description":"Baghdad, Riyadh, Moscow, St. Petersburg"}},"email":"chanelle.rinzema@example.com","login":{"uuid":"29389021-744e-43ec-806b-9474a4af0e99","username":"silvermeercat370","password":"girls1","salt":"qp6m6XXa","md5":"4e32557d2e389d714f18baaf2d033d0a","sha1":"5612d7001a9291c05130e2ec9de593a0fb66271a","sha256":"c4f15694c18356f9f68d6ceb0b3209c1f81c5fb3ab1da0e09f53c69f641bb456"},"dob":{"date":"1972-07-29T13:16:32.678Z","age":51},"registered":{"date":"2007-10-16T19:01:33.221Z","age":16},"phone":"(026) 9086682","cell":"(06) 44506049","id":{"name":"BSN","value":"64519793"},"picture":{"large":"https://randomuser.me/api/portraits/women/66.jpg","medium":"https://randomuser.me/api/portraits/med/women/66.jpg","thumbnail":"https://randomuser.me/api/portraits/thumb/women/66.jpg"},"nat":"NL"}],"info":{"seed":"8e342062b136bc9a","results":1,"page":1,"version":"1.4"}} 
 </msg>
<msg time="2024-07-17T04:17:50.650281" level="INFO">/opt/hostedtoolcache/Python/3.12.4/x64/lib/python3.12/site-packages/urllib3/connectionpool.py:1099: InsecureRequestWarning: Unverified HTTPS request is being made to host 'randomuser.me'. Adding certificate verification is strongly advised. See: https://urllib3.readthedocs.io/en/latest/advanced-usage.html#tls-warnings
  warnings.warn(</msg>
<msg time="2024-07-17T04:17:50.650397" level="INFO">${response} = &lt;Response [200]&gt;</msg>
<var>${response}</var>
<arg>consultarAPI</arg>
<arg>/api</arg>
<doc>Sends a GET request on a previously created HTTP Session.</doc>
<status status="PASS" start="2024-07-17T04:17:50.552434" elapsed="0.097989"/>
</kw>
<kw name="Set Variable" owner="BuiltIn">
<msg time="2024-07-17T04:17:50.651479" level="INFO">${json_data} = {'results': [{'gender': 'female', 'name': {'title': 'Miss', 'first': 'Chanelle', 'last': 'Rinzema'}, 'location': {'street': {'number': 6150, 'name': 'Andrys Geartswei'}, 'city': 'Diever', 'state': 'Fl...</msg>
<var>${json_data}</var>
<arg>${response.json()}</arg>
<doc>Returns the given values which can then be assigned to a variables.</doc>
<status status="PASS" start="2024-07-17T04:17:50.650968" elapsed="0.000539"/>
</kw>
<kw name="Set Variable" owner="BuiltIn">
<msg time="2024-07-17T04:17:50.652255" level="INFO">${name_title} = Miss</msg>
<var>${name_title}</var>
<arg>${json_data["results"][0]["name"]["title"]}</arg>
<doc>Returns the given values which can then be assigned to a variables.</doc>
<status status="PASS" start="2024-07-17T04:17:50.651813" elapsed="0.000468"/>
</kw>
<kw name="Create List" owner="BuiltIn">
<msg time="2024-07-17T04:17:50.652728" level="INFO">${allowed_titles} = ['Mr', 'Ms', 'Miss', 'Mrs', 'Madame', 'Monsieur']</msg>
<var>${allowed_titles}</var>
<arg>Mr</arg>
<arg>Ms</arg>
<arg>Miss</arg>
<arg>Mrs</arg>
<arg>Madame</arg>
<arg>Monsieur</arg>
<doc>Returns a list containing given items.</doc>
<status status="PASS" start="2024-07-17T04:17:50.652580" elapsed="0.000173"/>
</kw>
<kw name="List Should Contain Value" owner="Collections">
<arg>${allowed_titles}</arg>
<arg>${name_title}</arg>
<doc>Fails if the ``value`` is not found from ``list``.</doc>
<status status="PASS" start="2024-07-17T04:17:50.653056" elapsed="0.000172"/>
</kw>
<kw name="Set Variable" owner="BuiltIn">
<msg time="2024-07-17T04:17:50.653770" level="INFO">${name_country} = NL</msg>
<var>${name_country}</var>
<arg>${json_data["results"][0]["nat"]}</arg>
<doc>Returns the given values which can then be assigned to a variables.</doc>
<status status="PASS" start="2024-07-17T04:17:50.653406" elapsed="0.000389"/>
</kw>
<kw name="Create List" owner="BuiltIn">
<msg time="2024-07-17T04:17:50.654673" level="INFO">${list_country} = ['AD', 'AE', 'AF', 'AG', 'AI', 'AL', 'AM', 'AO', 'AQ', 'AR', 'AS', 'AT', 'AU', 'AW', 'AX', 'AZ', 'BA', 'BB', 'BD', 'BE', 'BF', 'BG', 'BH', 'BI', 'BJ', 'BL', 'BM', 'BN', 'BO', 'BQ', 'BR', 'BS', 'BT', '...</msg>
<var>${list_country}</var>
<arg>AD</arg>
<arg>AE</arg>
<arg>AF</arg>
<arg>AG</arg>
<arg>AI</arg>
<arg>AL</arg>
<arg>AM</arg>
<arg>AO</arg>
<arg>AQ</arg>
<arg>AR</arg>
<arg>AS</arg>
<arg>AT</arg>
<arg>AU</arg>
<arg>AW</arg>
<arg>AX</arg>
<arg>AZ</arg>
<arg>BA</arg>
<arg>BB</arg>
<arg>BD</arg>
<arg>BE</arg>
<arg>BF</arg>
<arg>BG</arg>
<arg>BH</arg>
<arg>BI</arg>
<arg>BJ</arg>
<arg>BL</arg>
<arg>BM</arg>
<arg>BN</arg>
<arg>BO</arg>
<arg>BQ</arg>
<arg>BR</arg>
<arg>BS</arg>
<arg>BT</arg>
<arg>BV</arg>
<arg>BW</arg>
<arg>BY</arg>
<arg>BZ</arg>
<arg>CA</arg>
<arg>CC</arg>
<arg>CD</arg>
<arg>CF</arg>
<arg>CG</arg>
<arg>CH</arg>
<arg>CI</arg>
<arg>CK</arg>
<arg>CL</arg>
<arg>CM</arg>
<arg>CN</arg>
<arg>CO</arg>
<arg>CR</arg>
<arg>CU</arg>
<arg>CV</arg>
<arg>CW</arg>
<arg>CX</arg>
<arg>CY</arg>
<arg>CZ</arg>
<arg>DE</arg>
<arg>DJ</arg>
<arg>DK</arg>
<arg>DM</arg>
<arg>DO</arg>
<arg>DZ</arg>
<arg>EC</arg>
<arg>EE</arg>
<arg>EG</arg>
<arg>EH</arg>
<arg>ER</arg>
<arg>ES</arg>
<arg>ET</arg>
<arg>FI</arg>
<arg>FJ</arg>
<arg>FK</arg>
<arg>FM</arg>
<arg>FO</arg>
<arg>FR</arg>
<arg>GA</arg>
<arg>GB</arg>
<arg>GD</arg>
<arg>GE</arg>
<arg>GF</arg>
<arg>GG</arg>
<arg>GH</arg>
<arg>GI</arg>
<arg>GL</arg>
<arg>GM</arg>
<arg>GN</arg>
<arg>GP</arg>
<arg>GQ</arg>
<arg>GR</arg>
<arg>GS</arg>
<arg>GT</arg>
<arg>GU</arg>
<arg>GW</arg>
<arg>GY</arg>
<arg>HK</arg>
<arg>HM</arg>
<arg>HN</arg>
<arg>HR</arg>
<arg>HT</arg>
<arg>HU</arg>
<arg>ID</arg>
<arg>IE</arg>
<arg>IL</arg>
<arg>IM</arg>
<arg>IN</arg>
<arg>IO</arg>
<arg>IQ</arg>
<arg>IR</arg>
<arg>IS</arg>
<arg>IT</arg>
<arg>JE</arg>
<arg>JM</arg>
<arg>JO</arg>
<arg>JP</arg>
<arg>KE</arg>
<arg>KG</arg>
<arg>KH</arg>
<arg>KI</arg>
<arg>KM</arg>
<arg>KN</arg>
<arg>KP</arg>
<arg>KR</arg>
<arg>KW</arg>
<arg>KY</arg>
<arg>KZ</arg>
<arg>LA</arg>
<arg>LB</arg>
<arg>LC</arg>
<arg>LI</arg>
<arg>LK</arg>
<arg>LR</arg>
<arg>LS</arg>
<arg>LT</arg>
<arg>LU</arg>
<arg>LV</arg>
<arg>LY</arg>
<arg>MA</arg>
<arg>MC</arg>
<arg>MD</arg>
<arg>ME</arg>
<arg>MF</arg>
<arg>MG</arg>
<arg>MH</arg>
<arg>MK</arg>
<arg>ML</arg>
<arg>MM</arg>
<arg>MN</arg>
<arg>MO</arg>
<arg>MP</arg>
<arg>MQ</arg>
<arg>MR</arg>
<arg>MS</arg>
<arg>MT</arg>
<arg>MU</arg>
<arg>MV</arg>
<arg>MW</arg>
<arg>MX</arg>
<arg>MY</arg>
<arg>MZ</arg>
<arg>NA</arg>
<arg>NC</arg>
<arg>NE</arg>
<arg>NF</arg>
<arg>NG</arg>
<arg>NI</arg>
<arg>NL</arg>
<arg>NO</arg>
<arg>NP</arg>
<arg>NR</arg>
<arg>NU</arg>
<arg>NZ</arg>
<arg>OM</arg>
<arg>PA</arg>
<arg>PE</arg>
<arg>PF</arg>
<arg>PG</arg>
<arg>PH</arg>
<arg>PK</arg>
<arg>PL</arg>
<arg>PM</arg>
<arg>PN</arg>
<arg>PR</arg>
<arg>PS</arg>
<arg>PT</arg>
<arg>PW</arg>
<arg>PY</arg>
<arg>QA</arg>
<arg>RE</arg>
<arg>RO</arg>
<arg>RS</arg>
<arg>RU</arg>
<arg>RW</arg>
<arg>SA</arg>
<arg>SB</arg>
<arg>SC</arg>
<arg>SD</arg>
<arg>SE</arg>
<arg>SG</arg>
<arg>SH</arg>
<arg>SI</arg>
<arg>SJ</arg>
<arg>SK</arg>
<arg>SL</arg>
<arg>SM</arg>
<arg>SN</arg>
<arg>SO</arg>
<arg>SR</arg>
<arg>SS</arg>
<arg>ST</arg>
<arg>SV</arg>
<arg>SX</arg>
<arg>SY</arg>
<arg>SZ</arg>
<arg>TC</arg>
<arg>TD</arg>
<arg>TF</arg>
<arg>TG</arg>
<arg>TH</arg>
<arg>TJ</arg>
<arg>TK</arg>
<arg>TL</arg>
<arg>TM</arg>
<arg>TN</arg>
<arg>TO</arg>
<arg>TR</arg>
<arg>TT</arg>
<arg>TV</arg>
<arg>TW</arg>
<arg>TZ</arg>
<arg>UA</arg>
<arg>UG</arg>
<arg>UM</arg>
<arg>US</arg>
<arg>UY</arg>
<arg>UZ</arg>
<arg>VA</arg>
<arg>VC</arg>
<arg>VE</arg>
<arg>VG</arg>
<arg>VI</arg>
<arg>VN</arg>
<arg>VU</arg>
<arg>WF</arg>
<arg>WS</arg>
<arg>XK</arg>
<arg>YE</arg>
<arg>YT</arg>
<arg>ZA</arg>
<arg>ZM</arg>
<arg>ZW</arg>
<doc>Returns a list containing given items.</doc>
<status status="PASS" start="2024-07-17T04:17:50.654084" elapsed="0.000614"/>
</kw>
<kw name="List Should Contain Value" owner="Collections">
<arg>${list_country}</arg>
<arg>${name_country}</arg>
<doc>Fails if the ``value`` is not found from ``list``.</doc>
<status status="PASS" start="2024-07-17T04:17:50.655486" elapsed="0.000200"/>
</kw>
<kw name="Run Keyword If" owner="BuiltIn">
<kw name="Should Be True" owner="BuiltIn">
<arg>${True}</arg>
<doc>Fails if the given condition is not true.</doc>
<status status="PASS" start="2024-07-17T04:17:50.656661" elapsed="0.000141"/>
</kw>
<arg>${json_data["results"][0]["location"]["coordinates"]["latitude"]} &gt;= -90 and ${json_data["results"][0]["location"]["coordinates"]["latitude"]} &lt;= 90</arg>
<arg>Should Be True</arg>
<arg>${True}</arg>
<doc>Runs the given keyword with the given arguments, if ``condition`` is true.</doc>
<status status="PASS" start="2024-07-17T04:17:50.655892" elapsed="0.001034"/>
</kw>
<kw name="Run Keyword If" owner="BuiltIn">
<kw name="Should Be True" owner="BuiltIn">
<arg>${True}</arg>
<doc>Fails if the given condition is not true.</doc>
<status status="PASS" start="2024-07-17T04:17:50.657797" elapsed="0.000264"/>
</kw>
<arg>${json_data["results"][0]["location"]["coordinates"]["longitude"]} &gt;= -180 and ${json_data["results"][0]["location"]["coordinates"]["longitude"]} &lt;= 180</arg>
<arg>Should Be True</arg>
<arg>${True}</arg>
<doc>Runs the given keyword with the given arguments, if ``condition`` is true.</doc>
<status status="PASS" start="2024-07-17T04:17:50.657104" elapsed="0.001090"/>
</kw>
<status status="PASS" start="2024-07-17T04:17:50.552208" elapsed="0.106121"/>
</kw>
<doc>Testa o conteúdo específico dos campos retornados pela API.</doc>
<tag>testeConteudo</tag>
<status status="PASS" start="2024-07-17T04:17:50.551723" elapsed="0.106758"/>
</test>
<status status="PASS" start="2024-07-17T04:17:49.836986" elapsed="0.823451"/>
</suite>
<status status="PASS" start="2024-07-17T04:17:49.821319" elapsed="0.844143"/>
</suite>
<statistics>
<total>
<stat pass="5" fail="0" skip="0">All Tests</stat>
</total>
<tag>
<stat pass="1" fail="0" skip="0">testeConteudo</stat>
<stat pass="1" fail="0" skip="0">testeEstruturaResposta</stat>
<stat pass="1" fail="0" skip="0">testeRequisicaoBasica</stat>
<stat pass="1" fail="0" skip="0">testeTiposDados</stat>
</tag>
<suite>
<stat pass="5" fail="0" skip="0" id="s1" name="Tests">Tests</stat>
<stat pass="5" fail="0" skip="0" id="s1-s1" name="Random-User-Test">Tests.Random-User-Test</stat>
</suite>
</statistics>
<errors>
</errors>
</robot>
