<?xml version="1.0" encoding="UTF-8"?>
<robot generator="Robot 7.0.1 (Python 3.12.4 on linux)" generated="2024-07-16T14:14:47.596969" rpa="false" schemaversion="5">
<suite id="s1" name="Tests" source="/home/runner/work/ApiRandomUser/ApiRandomUser/RamdonUser/tests">
<suite id="s1-s1" name="Random-User-Test" source="/home/runner/work/ApiRandomUser/ApiRandomUser/RamdonUser/tests/random-user-test.robot">
<test id="s1-s1-t1" name="Conectar" line="13">
<kw name="Conectar API" owner="random-user-service">
<kw name="Create Session" owner="RequestsLibrary">
<msg time="2024-07-16T14:14:48.006583" level="INFO">Creating Session using : alias=consultarAPI, url=https://randomuser.me/, headers={},                     cookies={}, auth=None, timeout=None, proxies=None, verify=False,                     debug=0 </msg>
<arg>consultarAPI</arg>
<arg>${URL}</arg>
<doc>Create Session: create a HTTP session to a server</doc>
<status status="PASS" start="2024-07-16T14:14:48.006380" elapsed="0.000390"/>
</kw>
<status status="PASS" start="2024-07-16T14:14:48.005401" elapsed="0.001729"/>
</kw>
<status status="PASS" start="2024-07-16T14:14:48.004737" elapsed="0.002584"/>
</test>
<test id="s1-s1-t2" name="Validar retorno 200 e JSON Válido" line="16">
<kw name="Teste de Requisicao Basica" owner="random-user-service">
<kw name="GET On Session" owner="RequestsLibrary">
<msg time="2024-07-16T14:14:48.245497" level="INFO">GET Request : url=https://randomuser.me/api 
 path_url=/api 
 headers={'User-Agent': 'python-requests/2.32.3', 'Accept-Encoding': 'gzip, deflate', 'Accept': '*/*', 'Connection': 'keep-alive'} 
 body=None 
 </msg>
<msg time="2024-07-16T14:14:48.245653" level="INFO">GET Response : url=https://randomuser.me/api 
 status=200, reason=OK 
 headers={'Date': 'Tue, 16 Jul 2024 14:14:48 GMT', 'Content-Type': 'application/json; charset=utf-8', 'Transfer-Encoding': 'chunked', 'Connection': 'keep-alive', 'X-Powered-By': 'Express', 'Access-Control-Allow-Origin': '*', 'Cache-Control': 'no-cache', 'ETag': 'W/"492-m7ogqopjoKJ75Z2vRAsJeBYen4M"', 'Vary': 'Accept-Encoding', 'Content-Encoding': 'gzip', 'CF-Cache-Status': 'DYNAMIC', 'Report-To': '{"endpoints":[{"url":"https:\\/\\/a.nel.cloudflare.com\\/report\\/v4?s=%2BZdzmde6ycoGEQzH1U8PKCUHSGHXbWbptwY7g7uVBQu4Vu%2B%2BF2f6f7log8Uh7egdRpGcZYb8I1WAR92INYJqgZFoWCJKGi0IWlxC6Xa8RN7uVP%2F1bRjTQBQYXFN2crQS"}],"group":"cf-nel","max_age":604800}', 'NEL': '{"success_fraction":0,"report_to":"cf-nel","max_age":604800}', 'Server': 'cloudflare', 'CF-RAY': '8a4299c73a902425-IAD', 'alt-svc': 'h3=":443"; ma=86400'} 
 body={"results":[{"gender":"male","name":{"title":"Mr","first":"Julian","last":"Aardal"},"location":{"street":{"number":2689,"name":"Nordmarkveien"},"city":"Prestegårdshagen","state":"Sogn og Fjordane","country":"Norway","postcode":"6772","coordinates":{"latitude":"43.0662","longitude":"-171.5033"},"timezone":{"offset":"+5:30","description":"Bombay, Calcutta, Madras, New Delhi"}},"email":"julian.aardal@example.com","login":{"uuid":"7fb499a4-ddd8-48f2-be04-c160d3717501","username":"angryfish793","password":"tootsie","salt":"221FI0jn","md5":"abe29adde809f2376768746b360e9364","sha1":"30221843fb9d1a7d307a80caae2f7014a6b17d86","sha256":"c125365ac56e14e439603897e535f23c6c3b88aba1091a913b53633cc8c573a5"},"dob":{"date":"1950-06-10T01:54:36.590Z","age":74},"registered":{"date":"2010-06-17T17:07:46.587Z","age":14},"phone":"82414301","cell":"94065233","id":{"name":"FN","value":"10065015183"},"picture":{"large":"https://randomuser.me/api/portraits/men/5.jpg","medium":"https://randomuser.me/api/portraits/med/men/5.jpg","thumbnail":"https://randomuser.me/api/portraits/thumb/men/5.jpg"},"nat":"NO"}],"info":{"seed":"194bf8b496fb8dd3","results":1,"page":1,"version":"1.4"}} 
 </msg>
<msg time="2024-07-16T14:14:48.245749" level="INFO">/opt/hostedtoolcache/Python/3.12.4/x64/lib/python3.12/site-packages/urllib3/connectionpool.py:1099: InsecureRequestWarning: Unverified HTTPS request is being made to host 'randomuser.me'. Adding certificate verification is strongly advised. See: https://urllib3.readthedocs.io/en/latest/advanced-usage.html#tls-warnings
  warnings.warn(</msg>
<msg time="2024-07-16T14:14:48.245890" level="INFO">${response} = &lt;Response [200]&gt;</msg>
<var>${response}</var>
<arg>consultarAPI</arg>
<arg>/api</arg>
<doc>Sends a GET request on a previously created HTTP Session.</doc>
<status status="PASS" start="2024-07-16T14:14:48.009987" elapsed="0.235948"/>
</kw>
<kw name="Should Be Equal As Numbers" owner="BuiltIn">
<msg time="2024-07-16T14:14:48.246983" level="INFO">Argument types are:
&lt;class 'int'&gt;
&lt;class 'str'&gt;</msg>
<arg>${response.status_code}</arg>
<arg>200</arg>
<doc>Fails if objects are unequal after converting them to real numbers.</doc>
<status status="PASS" start="2024-07-16T14:14:48.246504" elapsed="0.000545"/>
</kw>
<kw name="Log" owner="BuiltIn">
<msg time="2024-07-16T14:14:48.247725" level="INFO">200</msg>
<arg>${response.status_code}</arg>
<doc>Logs the given message with the given level.</doc>
<status status="PASS" start="2024-07-16T14:14:48.247373" elapsed="0.000396"/>
</kw>
<kw name="Set Variable" owner="BuiltIn">
<msg time="2024-07-16T14:14:48.248527" level="INFO">${json_data} = {'results': [{'gender': 'male', 'name': {'title': 'Mr', 'first': 'Julian', 'last': 'Aardal'}, 'location': {'street': {'number': 2689, 'name': 'Nordmarkveien'}, 'city': 'Prestegårdshagen', 'state': 'So...</msg>
<var>${json_data}</var>
<arg>${response.json()}</arg>
<doc>Returns the given values which can then be assigned to a variables.</doc>
<status status="PASS" start="2024-07-16T14:14:48.248075" elapsed="0.000483"/>
</kw>
<kw name="Dictionary Should Contain Key" owner="Collections">
<arg>${json_data}</arg>
<arg>results</arg>
<doc>Fails if ``key`` is not found from ``dictionary``.</doc>
<status status="PASS" start="2024-07-16T14:14:48.248859" elapsed="0.000200"/>
</kw>
<status status="PASS" start="2024-07-16T14:14:48.009735" elapsed="0.239499"/>
</kw>
<doc>Testa se a API responde corretamente e retorna um objeto JSON válido.</doc>
<tag>testeRequisicaoBasica</tag>
<status status="PASS" start="2024-07-16T14:14:48.009215" elapsed="0.240208"/>
</test>
<test id="s1-s1-t3" name="Validar estrutura de resposta" line="22">
<kw name="Teste de Estrutura de Resposta" owner="random-user-service">
<kw name="GET On Session" owner="RequestsLibrary">
<msg time="2024-07-16T14:14:48.364879" level="INFO">GET Request : url=https://randomuser.me/api 
 path_url=/api 
 headers={'User-Agent': 'python-requests/2.32.3', 'Accept-Encoding': 'gzip, deflate', 'Accept': '*/*', 'Connection': 'keep-alive'} 
 body=None 
 </msg>
<msg time="2024-07-16T14:14:48.365030" level="INFO">GET Response : url=https://randomuser.me/api 
 status=200, reason=OK 
 headers={'Date': 'Tue, 16 Jul 2024 14:14:48 GMT', 'Content-Type': 'application/json; charset=utf-8', 'Transfer-Encoding': 'chunked', 'Connection': 'keep-alive', 'X-Powered-By': 'Express', 'Access-Control-Allow-Origin': '*', 'Cache-Control': 'no-cache', 'ETag': 'W/"47d-Gke3EgxIEZOk6KZ2erD5rblkLl0"', 'Vary': 'Accept-Encoding', 'Content-Encoding': 'gzip', 'CF-Cache-Status': 'DYNAMIC', 'Report-To': '{"endpoints":[{"url":"https:\\/\\/a.nel.cloudflare.com\\/report\\/v4?s=j%2FEbKpDM29rgVlWmekJ68ABq5G4FtStoBgAMSJLnJ3RjjTNHhdjjNKnM0pgh14G6ZmEQJikpMlyNbWHr59pUFD%2B5U2Bj%2FieCNArOQNjGFcCg5v9MddECyCq4jVH7mVb9"}],"group":"cf-nel","max_age":604800}', 'NEL': '{"success_fraction":0,"report_to":"cf-nel","max_age":604800}', 'Server': 'cloudflare', 'CF-RAY': '8a4299c79b052425-IAD', 'alt-svc': 'h3=":443"; ma=86400'} 
 body={"results":[{"gender":"female","name":{"title":"Miss","first":"Jackie","last":"Garza"},"location":{"street":{"number":8335,"name":"Frances Ct"},"city":"Provo","state":"Indiana","country":"United States","postcode":68683,"coordinates":{"latitude":"82.5352","longitude":"152.6014"},"timezone":{"offset":"-2:00","description":"Mid-Atlantic"}},"email":"jackie.garza@example.com","login":{"uuid":"6415d4b4-a5b3-436f-ae6a-87ec18055689","username":"redleopard549","password":"glacier","salt":"xRnnz0i3","md5":"f5776b5a6d7556bd01d1c65e9049dfcd","sha1":"ace5fcba7515de9cb5864c4c40e998a7c7fd1561","sha256":"1da1f4f8a99321a7c9ef51db37adfb0b7b7519cadb50b54384ee531b4d9564ec"},"dob":{"date":"1997-10-27T20:32:02.183Z","age":26},"registered":{"date":"2018-08-07T03:38:02.480Z","age":5},"phone":"(603) 445-5587","cell":"(402) 708-7526","id":{"name":"SSN","value":"812-98-7054"},"picture":{"large":"https://randomuser.me/api/portraits/women/9.jpg","medium":"https://randomuser.me/api/portraits/med/women/9.jpg","thumbnail":"https://randomuser.me/api/portraits/thumb/women/9.jpg"},"nat":"US"}],"info":{"seed":"becb2c96c1f1b33f","results":1,"page":1,"version":"1.4"}} 
 </msg>
<msg time="2024-07-16T14:14:48.365187" level="INFO">/opt/hostedtoolcache/Python/3.12.4/x64/lib/python3.12/site-packages/urllib3/connectionpool.py:1099: InsecureRequestWarning: Unverified HTTPS request is being made to host 'randomuser.me'. Adding certificate verification is strongly advised. See: https://urllib3.readthedocs.io/en/latest/advanced-usage.html#tls-warnings
  warnings.warn(</msg>
<msg time="2024-07-16T14:14:48.365326" level="INFO">${response} = &lt;Response [200]&gt;</msg>
<var>${response}</var>
<arg>consultarAPI</arg>
<arg>/api</arg>
<doc>Sends a GET request on a previously created HTTP Session.</doc>
<status status="PASS" start="2024-07-16T14:14:48.252103" elapsed="0.113261"/>
</kw>
<kw name="Set Variable" owner="BuiltIn">
<msg time="2024-07-16T14:14:48.366413" level="INFO">${json_data} = {'results': [{'gender': 'female', 'name': {'title': 'Miss', 'first': 'Jackie', 'last': 'Garza'}, 'location': {'street': {'number': 8335, 'name': 'Frances Ct'}, 'city': 'Provo', 'state': 'Indiana', 'co...</msg>
<var>${json_data}</var>
<arg>${response.json()}</arg>
<doc>Returns the given values which can then be assigned to a variables.</doc>
<status status="PASS" start="2024-07-16T14:14:48.365892" elapsed="0.000549"/>
</kw>
<kw name="Log" owner="BuiltIn">
<msg time="2024-07-16T14:14:48.366917" level="INFO">{'results': [{'gender': 'female', 'name': {'title': 'Miss', 'first': 'Jackie', 'last': 'Garza'}, 'location': {'street': {'number': 8335, 'name': 'Frances Ct'}, 'city': 'Provo', 'state': 'Indiana', 'country': 'United States', 'postcode': 68683, 'coordinates': {'latitude': '82.5352', 'longitude': '152.6014'}, 'timezone': {'offset': '-2:00', 'description': 'Mid-Atlantic'}}, 'email': 'jackie.garza@example.com', 'login': {'uuid': '6415d4b4-a5b3-436f-ae6a-87ec18055689', 'username': 'redleopard549', 'password': 'glacier', 'salt': 'xRnnz0i3', 'md5': 'f5776b5a6d7556bd01d1c65e9049dfcd', 'sha1': 'ace5fcba7515de9cb5864c4c40e998a7c7fd1561', 'sha256': '1da1f4f8a99321a7c9ef51db37adfb0b7b7519cadb50b54384ee531b4d9564ec'}, 'dob': {'date': '1997-10-27T20:32:02.183Z', 'age': 26}, 'registered': {'date': '2018-08-07T03:38:02.480Z', 'age': 5}, 'phone': '(603) 445-5587', 'cell': '(402) 708-7526', 'id': {'name': 'SSN', 'value': '812-98-7054'}, 'picture': {'large': 'https://randomuser.me/api/portraits/women/9.jpg', 'medium': 'https://randomuser.me/api/portraits/med/women/9.jpg', 'thumbnail': 'https://randomuser.me/api/portraits/thumb/women/9.jpg'}, 'nat': 'US'}], 'info': {'seed': 'becb2c96c1f1b33f', 'results': 1, 'page': 1, 'version': '1.4'}}</msg>
<arg>${json_data}</arg>
<doc>Logs the given message with the given level.</doc>
<status status="PASS" start="2024-07-16T14:14:48.366759" elapsed="0.000207"/>
</kw>
<kw name="Dictionary Should Contain Key" owner="Collections">
<arg>${json_data}</arg>
<arg>results</arg>
<doc>Fails if ``key`` is not found from ``dictionary``.</doc>
<status status="PASS" start="2024-07-16T14:14:48.367254" elapsed="0.000160"/>
</kw>
<kw name="Should Not Be Empty" owner="BuiltIn">
<msg time="2024-07-16T14:14:48.367721" level="INFO">Length is 2.</msg>
<arg>${json_data}</arg>
<doc>Verifies that the given item is not empty.</doc>
<status status="PASS" start="2024-07-16T14:14:48.367595" elapsed="0.000165"/>
</kw>
<kw name="Create List" owner="BuiltIn">
<msg time="2024-07-16T14:14:48.368349" level="INFO">${expected_keys} = ['gender', 'name', 'location', 'email', 'login']</msg>
<var>${expected_keys}</var>
<arg>gender</arg>
<arg>name</arg>
<arg>location</arg>
<arg>email</arg>
<arg>login</arg>
<doc>Returns a list containing given items.</doc>
<status status="PASS" start="2024-07-16T14:14:48.368042" elapsed="0.000332"/>
</kw>
<for flavor="IN">
<iter>
<kw name="Dictionary Should Contain Key" owner="Collections">
<arg>${json_data['results'][0]}</arg>
<arg>${key}</arg>
<doc>Fails if ``key`` is not found from ``dictionary``.</doc>
<status status="PASS" start="2024-07-16T14:14:48.368956" elapsed="0.000444"/>
</kw>
<kw name="Log" owner="BuiltIn">
<msg time="2024-07-16T14:14:48.369948" level="INFO">{'gender': 'female', 'name': {'title': 'Miss', 'first': 'Jackie', 'last': 'Garza'}, 'location': {'street': {'number': 8335, 'name': 'Frances Ct'}, 'city': 'Provo', 'state': 'Indiana', 'country': 'United States', 'postcode': 68683, 'coordinates': {'latitude': '82.5352', 'longitude': '152.6014'}, 'timezone': {'offset': '-2:00', 'description': 'Mid-Atlantic'}}, 'email': 'jackie.garza@example.com', 'login': {'uuid': '6415d4b4-a5b3-436f-ae6a-87ec18055689', 'username': 'redleopard549', 'password': 'glacier', 'salt': 'xRnnz0i3', 'md5': 'f5776b5a6d7556bd01d1c65e9049dfcd', 'sha1': 'ace5fcba7515de9cb5864c4c40e998a7c7fd1561', 'sha256': '1da1f4f8a99321a7c9ef51db37adfb0b7b7519cadb50b54384ee531b4d9564ec'}, 'dob': {'date': '1997-10-27T20:32:02.183Z', 'age': 26}, 'registered': {'date': '2018-08-07T03:38:02.480Z', 'age': 5}, 'phone': '(603) 445-5587', 'cell': '(402) 708-7526', 'id': {'name': 'SSN', 'value': '812-98-7054'}, 'picture': {'large': 'https://randomuser.me/api/portraits/women/9.jpg', 'medium': 'https://randomuser.me/api/portraits/med/women/9.jpg', 'thumbnail': 'https://randomuser.me/api/portraits/thumb/women/9.jpg'}, 'nat': 'US'}</msg>
<arg>${json_data['results'][0]}</arg>
<doc>Logs the given message with the given level.</doc>
<status status="PASS" start="2024-07-16T14:14:48.369586" elapsed="0.000412"/>
</kw>
<kw name="Log" owner="BuiltIn">
<msg time="2024-07-16T14:14:48.370422" level="INFO">gender</msg>
<arg>${key}</arg>
<doc>Logs the given message with the given level.</doc>
<status status="PASS" start="2024-07-16T14:14:48.370296" elapsed="0.000164"/>
</kw>
<var name="${key}">gender</var>
<status status="PASS" start="2024-07-16T14:14:48.368826" elapsed="0.001849"/>
</iter>
<iter>
<kw name="Dictionary Should Contain Key" owner="Collections">
<arg>${json_data['results'][0]}</arg>
<arg>${key}</arg>
<doc>Fails if ``key`` is not found from ``dictionary``.</doc>
<status status="PASS" start="2024-07-16T14:14:48.370973" elapsed="0.000383"/>
</kw>
<kw name="Log" owner="BuiltIn">
<msg time="2024-07-16T14:14:48.371892" level="INFO">{'gender': 'female', 'name': {'title': 'Miss', 'first': 'Jackie', 'last': 'Garza'}, 'location': {'street': {'number': 8335, 'name': 'Frances Ct'}, 'city': 'Provo', 'state': 'Indiana', 'country': 'United States', 'postcode': 68683, 'coordinates': {'latitude': '82.5352', 'longitude': '152.6014'}, 'timezone': {'offset': '-2:00', 'description': 'Mid-Atlantic'}}, 'email': 'jackie.garza@example.com', 'login': {'uuid': '6415d4b4-a5b3-436f-ae6a-87ec18055689', 'username': 'redleopard549', 'password': 'glacier', 'salt': 'xRnnz0i3', 'md5': 'f5776b5a6d7556bd01d1c65e9049dfcd', 'sha1': 'ace5fcba7515de9cb5864c4c40e998a7c7fd1561', 'sha256': '1da1f4f8a99321a7c9ef51db37adfb0b7b7519cadb50b54384ee531b4d9564ec'}, 'dob': {'date': '1997-10-27T20:32:02.183Z', 'age': 26}, 'registered': {'date': '2018-08-07T03:38:02.480Z', 'age': 5}, 'phone': '(603) 445-5587', 'cell': '(402) 708-7526', 'id': {'name': 'SSN', 'value': '812-98-7054'}, 'picture': {'large': 'https://randomuser.me/api/portraits/women/9.jpg', 'medium': 'https://randomuser.me/api/portraits/med/women/9.jpg', 'thumbnail': 'https://randomuser.me/api/portraits/thumb/women/9.jpg'}, 'nat': 'US'}</msg>
<arg>${json_data['results'][0]}</arg>
<doc>Logs the given message with the given level.</doc>
<status status="PASS" start="2024-07-16T14:14:48.371537" elapsed="0.000445"/>
</kw>
<kw name="Log" owner="BuiltIn">
<msg time="2024-07-16T14:14:48.372406" level="INFO">name</msg>
<arg>${key}</arg>
<doc>Logs the given message with the given level.</doc>
<status status="PASS" start="2024-07-16T14:14:48.372280" elapsed="0.000163"/>
</kw>
<var name="${key}">name</var>
<status status="PASS" start="2024-07-16T14:14:48.370861" elapsed="0.001796"/>
</iter>
<iter>
<kw name="Dictionary Should Contain Key" owner="Collections">
<arg>${json_data['results'][0]}</arg>
<arg>${key}</arg>
<doc>Fails if ``key`` is not found from ``dictionary``.</doc>
<status status="PASS" start="2024-07-16T14:14:48.372940" elapsed="0.000400"/>
</kw>
<kw name="Log" owner="BuiltIn">
<msg time="2024-07-16T14:14:48.373863" level="INFO">{'gender': 'female', 'name': {'title': 'Miss', 'first': 'Jackie', 'last': 'Garza'}, 'location': {'street': {'number': 8335, 'name': 'Frances Ct'}, 'city': 'Provo', 'state': 'Indiana', 'country': 'United States', 'postcode': 68683, 'coordinates': {'latitude': '82.5352', 'longitude': '152.6014'}, 'timezone': {'offset': '-2:00', 'description': 'Mid-Atlantic'}}, 'email': 'jackie.garza@example.com', 'login': {'uuid': '6415d4b4-a5b3-436f-ae6a-87ec18055689', 'username': 'redleopard549', 'password': 'glacier', 'salt': 'xRnnz0i3', 'md5': 'f5776b5a6d7556bd01d1c65e9049dfcd', 'sha1': 'ace5fcba7515de9cb5864c4c40e998a7c7fd1561', 'sha256': '1da1f4f8a99321a7c9ef51db37adfb0b7b7519cadb50b54384ee531b4d9564ec'}, 'dob': {'date': '1997-10-27T20:32:02.183Z', 'age': 26}, 'registered': {'date': '2018-08-07T03:38:02.480Z', 'age': 5}, 'phone': '(603) 445-5587', 'cell': '(402) 708-7526', 'id': {'name': 'SSN', 'value': '812-98-7054'}, 'picture': {'large': 'https://randomuser.me/api/portraits/women/9.jpg', 'medium': 'https://randomuser.me/api/portraits/med/women/9.jpg', 'thumbnail': 'https://randomuser.me/api/portraits/thumb/women/9.jpg'}, 'nat': 'US'}</msg>
<arg>${json_data['results'][0]}</arg>
<doc>Logs the given message with the given level.</doc>
<status status="PASS" start="2024-07-16T14:14:48.373521" elapsed="0.000389"/>
</kw>
<kw name="Log" owner="BuiltIn">
<msg time="2024-07-16T14:14:48.374323" level="INFO">location</msg>
<arg>${key}</arg>
<doc>Logs the given message with the given level.</doc>
<status status="PASS" start="2024-07-16T14:14:48.374199" elapsed="0.000161"/>
</kw>
<var name="${key}">location</var>
<status status="PASS" start="2024-07-16T14:14:48.372833" elapsed="0.001760"/>
</iter>
<iter>
<kw name="Dictionary Should Contain Key" owner="Collections">
<arg>${json_data['results'][0]}</arg>
<arg>${key}</arg>
<doc>Fails if ``key`` is not found from ``dictionary``.</doc>
<status status="PASS" start="2024-07-16T14:14:48.374867" elapsed="0.000377"/>
</kw>
<kw name="Log" owner="BuiltIn">
<msg time="2024-07-16T14:14:48.375774" level="INFO">{'gender': 'female', 'name': {'title': 'Miss', 'first': 'Jackie', 'last': 'Garza'}, 'location': {'street': {'number': 8335, 'name': 'Frances Ct'}, 'city': 'Provo', 'state': 'Indiana', 'country': 'United States', 'postcode': 68683, 'coordinates': {'latitude': '82.5352', 'longitude': '152.6014'}, 'timezone': {'offset': '-2:00', 'description': 'Mid-Atlantic'}}, 'email': 'jackie.garza@example.com', 'login': {'uuid': '6415d4b4-a5b3-436f-ae6a-87ec18055689', 'username': 'redleopard549', 'password': 'glacier', 'salt': 'xRnnz0i3', 'md5': 'f5776b5a6d7556bd01d1c65e9049dfcd', 'sha1': 'ace5fcba7515de9cb5864c4c40e998a7c7fd1561', 'sha256': '1da1f4f8a99321a7c9ef51db37adfb0b7b7519cadb50b54384ee531b4d9564ec'}, 'dob': {'date': '1997-10-27T20:32:02.183Z', 'age': 26}, 'registered': {'date': '2018-08-07T03:38:02.480Z', 'age': 5}, 'phone': '(603) 445-5587', 'cell': '(402) 708-7526', 'id': {'name': 'SSN', 'value': '812-98-7054'}, 'picture': {'large': 'https://randomuser.me/api/portraits/women/9.jpg', 'medium': 'https://randomuser.me/api/portraits/med/women/9.jpg', 'thumbnail': 'https://randomuser.me/api/portraits/thumb/women/9.jpg'}, 'nat': 'US'}</msg>
<arg>${json_data['results'][0]}</arg>
<doc>Logs the given message with the given level.</doc>
<status status="PASS" start="2024-07-16T14:14:48.375429" elapsed="0.000392"/>
</kw>
<kw name="Log" owner="BuiltIn">
<msg time="2024-07-16T14:14:48.376238" level="INFO">email</msg>
<arg>${key}</arg>
<doc>Logs the given message with the given level.</doc>
<status status="PASS" start="2024-07-16T14:14:48.376111" elapsed="0.000166"/>
</kw>
<var name="${key}">email</var>
<status status="PASS" start="2024-07-16T14:14:48.374761" elapsed="0.001739"/>
</iter>
<iter>
<kw name="Dictionary Should Contain Key" owner="Collections">
<arg>${json_data['results'][0]}</arg>
<arg>${key}</arg>
<doc>Fails if ``key`` is not found from ``dictionary``.</doc>
<status status="PASS" start="2024-07-16T14:14:48.376780" elapsed="0.000418"/>
</kw>
<kw name="Log" owner="BuiltIn">
<msg time="2024-07-16T14:14:48.377730" level="INFO">{'gender': 'female', 'name': {'title': 'Miss', 'first': 'Jackie', 'last': 'Garza'}, 'location': {'street': {'number': 8335, 'name': 'Frances Ct'}, 'city': 'Provo', 'state': 'Indiana', 'country': 'United States', 'postcode': 68683, 'coordinates': {'latitude': '82.5352', 'longitude': '152.6014'}, 'timezone': {'offset': '-2:00', 'description': 'Mid-Atlantic'}}, 'email': 'jackie.garza@example.com', 'login': {'uuid': '6415d4b4-a5b3-436f-ae6a-87ec18055689', 'username': 'redleopard549', 'password': 'glacier', 'salt': 'xRnnz0i3', 'md5': 'f5776b5a6d7556bd01d1c65e9049dfcd', 'sha1': 'ace5fcba7515de9cb5864c4c40e998a7c7fd1561', 'sha256': '1da1f4f8a99321a7c9ef51db37adfb0b7b7519cadb50b54384ee531b4d9564ec'}, 'dob': {'date': '1997-10-27T20:32:02.183Z', 'age': 26}, 'registered': {'date': '2018-08-07T03:38:02.480Z', 'age': 5}, 'phone': '(603) 445-5587', 'cell': '(402) 708-7526', 'id': {'name': 'SSN', 'value': '812-98-7054'}, 'picture': {'large': 'https://randomuser.me/api/portraits/women/9.jpg', 'medium': 'https://randomuser.me/api/portraits/med/women/9.jpg', 'thumbnail': 'https://randomuser.me/api/portraits/thumb/women/9.jpg'}, 'nat': 'US'}</msg>
<arg>${json_data['results'][0]}</arg>
<doc>Logs the given message with the given level.</doc>
<status status="PASS" start="2024-07-16T14:14:48.377381" elapsed="0.000398"/>
</kw>
<kw name="Log" owner="BuiltIn">
<msg time="2024-07-16T14:14:48.378197" level="INFO">login</msg>
<arg>${key}</arg>
<doc>Logs the given message with the given level.</doc>
<status status="PASS" start="2024-07-16T14:14:48.378073" elapsed="0.000161"/>
</kw>
<var name="${key}">login</var>
<status status="PASS" start="2024-07-16T14:14:48.376668" elapsed="0.001776"/>
</iter>
<var>${key}</var>
<value>@{expected_keys}</value>
<status status="PASS" start="2024-07-16T14:14:48.368635" elapsed="0.009930"/>
</for>
<kw name="Create List" owner="BuiltIn">
<msg time="2024-07-16T14:14:48.378899" level="INFO">${expected_keysTwo} = ['username', 'password']</msg>
<var>${expected_keysTwo}</var>
<arg>username</arg>
<arg>password</arg>
<doc>Returns a list containing given items.</doc>
<status status="PASS" start="2024-07-16T14:14:48.378759" elapsed="0.000164"/>
</kw>
<for flavor="IN">
<iter>
<kw name="Dictionary Should Contain Key" owner="Collections">
<arg>${json_data['results'][0]['login']}</arg>
<arg>${keyTwo}</arg>
<doc>Fails if ``key`` is not found from ``dictionary``.</doc>
<status status="PASS" start="2024-07-16T14:14:48.379451" elapsed="0.000379"/>
</kw>
<kw name="Dictionary Should Contain Key" owner="Collections">
<arg>${json_data['results'][0]['login']}</arg>
<arg>${keyTwo}</arg>
<doc>Fails if ``key`` is not found from ``dictionary``.</doc>
<status status="PASS" start="2024-07-16T14:14:48.380009" elapsed="0.000374"/>
</kw>
<kw name="Log" owner="BuiltIn">
<msg time="2024-07-16T14:14:48.380685" level="INFO">username</msg>
<arg>${keyTwo}</arg>
<doc>Logs the given message with the given level.</doc>
<status status="PASS" start="2024-07-16T14:14:48.380566" elapsed="0.000156"/>
</kw>
<var name="${keyTwo}">username</var>
<status status="PASS" start="2024-07-16T14:14:48.379346" elapsed="0.001593"/>
</iter>
<iter>
<kw name="Dictionary Should Contain Key" owner="Collections">
<arg>${json_data['results'][0]['login']}</arg>
<arg>${keyTwo}</arg>
<doc>Fails if ``key`` is not found from ``dictionary``.</doc>
<status status="PASS" start="2024-07-16T14:14:48.381250" elapsed="0.000384"/>
</kw>
<kw name="Dictionary Should Contain Key" owner="Collections">
<arg>${json_data['results'][0]['login']}</arg>
<arg>${keyTwo}</arg>
<doc>Fails if ``key`` is not found from ``dictionary``.</doc>
<status status="PASS" start="2024-07-16T14:14:48.381810" elapsed="0.000359"/>
</kw>
<kw name="Log" owner="BuiltIn">
<msg time="2024-07-16T14:14:48.382459" level="INFO">password</msg>
<arg>${keyTwo}</arg>
<doc>Logs the given message with the given level.</doc>
<status status="PASS" start="2024-07-16T14:14:48.382344" elapsed="0.000156"/>
</kw>
<var name="${keyTwo}">password</var>
<status status="PASS" start="2024-07-16T14:14:48.381144" elapsed="0.001675"/>
</iter>
<var>${keyTwo}</var>
<value>@{expected_keysTwo}</value>
<status status="PASS" start="2024-07-16T14:14:48.379190" elapsed="0.003748"/>
</for>
<status status="PASS" start="2024-07-16T14:14:48.251859" elapsed="0.131223"/>
</kw>
<doc>Testa a estrutura da resposta da API.</doc>
<tag>testeEstruturaResposta</tag>
<status status="PASS" start="2024-07-16T14:14:48.251298" elapsed="0.131941"/>
</test>
<test id="s1-s1-t4" name="Validar tipos de dados" line="28">
<kw name="Teste de Tipos de Dados" owner="random-user-service">
<kw name="GET On Session" owner="RequestsLibrary">
<msg time="2024-07-16T14:14:48.449232" level="INFO">GET Request : url=https://randomuser.me/api 
 path_url=/api 
 headers={'User-Agent': 'python-requests/2.32.3', 'Accept-Encoding': 'gzip, deflate', 'Accept': '*/*', 'Connection': 'keep-alive'} 
 body=None 
 </msg>
<msg time="2024-07-16T14:14:48.449343" level="INFO">GET Response : url=https://randomuser.me/api 
 status=200, reason=OK 
 headers={'Date': 'Tue, 16 Jul 2024 14:14:48 GMT', 'Content-Type': 'application/json; charset=utf-8', 'Transfer-Encoding': 'chunked', 'Connection': 'keep-alive', 'X-Powered-By': 'Express', 'Access-Control-Allow-Origin': '*', 'Cache-Control': 'no-cache', 'ETag': 'W/"476-6YMquz1fJ4cI7BxiHHmYH0DErok"', 'Vary': 'Accept-Encoding', 'Content-Encoding': 'gzip', 'CF-Cache-Status': 'DYNAMIC', 'Report-To': '{"endpoints":[{"url":"https:\\/\\/a.nel.cloudflare.com\\/report\\/v4?s=xzMmrjBHUwUAsCw2ef8VMEfZlrgnVkyjL0TjLJt%2BIpxQKdvyr2zPWxBB6rs2Ip5qTCePe5icDDb3kkkfXUOUXx1ydBZlSpFud5t0FFayyo9SYnwWL%2BA%2FbeqKYSU3YIhb"}],"group":"cf-nel","max_age":604800}', 'NEL': '{"success_fraction":0,"report_to":"cf-nel","max_age":604800}', 'Server': 'cloudflare', 'CF-RAY': '8a4299c86c002425-IAD', 'alt-svc': 'h3=":443"; ma=86400'} 
 body={"results":[{"gender":"male","name":{"title":"Mr","first":"Laksh","last":"Nayak"},"location":{"street":{"number":7447,"name":"Old Jail Rd"},"city":"Rajahmundry","state":"Arunachal Pradesh","country":"India","postcode":66676,"coordinates":{"latitude":"11.6059","longitude":"-107.3687"},"timezone":{"offset":"+5:45","description":"Kathmandu"}},"email":"laksh.nayak@example.com","login":{"uuid":"99cb9c1a-4520-44cc-b4bf-db0b7a757c9d","username":"silverwolf870","password":"dabomb","salt":"rviarXYB","md5":"2a330d265d66632d99e41c0e8f790d8c","sha1":"2ab8740497b9364748b3af6dd0d6dc554f5fe8d0","sha256":"baec21bd97760639ccc99a274890c91cd56cab9dcda5d3049902a833ea77cc37"},"dob":{"date":"1986-02-18T20:07:27.901Z","age":38},"registered":{"date":"2002-08-18T09:37:17.662Z","age":21},"phone":"8643475866","cell":"8454000801","id":{"name":"UIDAI","value":"986355833473"},"picture":{"large":"https://randomuser.me/api/portraits/men/71.jpg","medium":"https://randomuser.me/api/portraits/med/men/71.jpg","thumbnail":"https://randomuser.me/api/portraits/thumb/men/71.jpg"},"nat":"IN"}],"info":{"seed":"c020458852e086af","results":1,"page":1,"version":"1.4"}} 
 </msg>
<msg time="2024-07-16T14:14:48.449421" level="INFO">/opt/hostedtoolcache/Python/3.12.4/x64/lib/python3.12/site-packages/urllib3/connectionpool.py:1099: InsecureRequestWarning: Unverified HTTPS request is being made to host 'randomuser.me'. Adding certificate verification is strongly advised. See: https://urllib3.readthedocs.io/en/latest/advanced-usage.html#tls-warnings
  warnings.warn(</msg>
<msg time="2024-07-16T14:14:48.449548" level="INFO">${response} = &lt;Response [200]&gt;</msg>
<var>${response}</var>
<arg>consultarAPI</arg>
<arg>/api</arg>
<doc>Sends a GET request on a previously created HTTP Session.</doc>
<status status="PASS" start="2024-07-16T14:14:48.385757" elapsed="0.063822"/>
</kw>
<kw name="Set Variable" owner="BuiltIn">
<msg time="2024-07-16T14:14:48.450637" level="INFO">${json_data} = {'results': [{'gender': 'male', 'name': {'title': 'Mr', 'first': 'Laksh', 'last': 'Nayak'}, 'location': {'street': {'number': 7447, 'name': 'Old Jail Rd'}, 'city': 'Rajahmundry', 'state': 'Arunachal P...</msg>
<var>${json_data}</var>
<arg>${response.json()}</arg>
<doc>Returns the given values which can then be assigned to a variables.</doc>
<status status="PASS" start="2024-07-16T14:14:48.450120" elapsed="0.000546"/>
</kw>
<kw name="Log" owner="BuiltIn">
<msg time="2024-07-16T14:14:48.451133" level="INFO">{'results': [{'gender': 'male', 'name': {'title': 'Mr', 'first': 'Laksh', 'last': 'Nayak'}, 'location': {'street': {'number': 7447, 'name': 'Old Jail Rd'}, 'city': 'Rajahmundry', 'state': 'Arunachal Pradesh', 'country': 'India', 'postcode': 66676, 'coordinates': {'latitude': '11.6059', 'longitude': '-107.3687'}, 'timezone': {'offset': '+5:45', 'description': 'Kathmandu'}}, 'email': 'laksh.nayak@example.com', 'login': {'uuid': '99cb9c1a-4520-44cc-b4bf-db0b7a757c9d', 'username': 'silverwolf870', 'password': 'dabomb', 'salt': 'rviarXYB', 'md5': '2a330d265d66632d99e41c0e8f790d8c', 'sha1': '2ab8740497b9364748b3af6dd0d6dc554f5fe8d0', 'sha256': 'baec21bd97760639ccc99a274890c91cd56cab9dcda5d3049902a833ea77cc37'}, 'dob': {'date': '1986-02-18T20:07:27.901Z', 'age': 38}, 'registered': {'date': '2002-08-18T09:37:17.662Z', 'age': 21}, 'phone': '8643475866', 'cell': '8454000801', 'id': {'name': 'UIDAI', 'value': '986355833473'}, 'picture': {'large': 'https://randomuser.me/api/portraits/men/71.jpg', 'medium': 'https://randomuser.me/api/portraits/med/men/71.jpg', 'thumbnail': 'https://randomuser.me/api/portraits/thumb/men/71.jpg'}, 'nat': 'IN'}], 'info': {'seed': 'c020458852e086af', 'results': 1, 'page': 1, 'version': '1.4'}}</msg>
<arg>${json_data}</arg>
<doc>Logs the given message with the given level.</doc>
<status status="PASS" start="2024-07-16T14:14:48.450978" elapsed="0.000203"/>
</kw>
<kw name="Should Be String" owner="String">
<arg>${json_data['results'][0]['gender']}</arg>
<doc>Fails if the given ``item`` is not a string.</doc>
<status status="PASS" start="2024-07-16T14:14:48.451471" elapsed="0.000354"/>
</kw>
<kw name="Should Match Regexp" owner="BuiltIn">
<arg>${json_data['results'][0]['email']}</arg>
<arg>^[a-zA-Z0-9._%+-]+@[a-zA-Z0-9.-]+\.[a-zA-Z]{2,}$</arg>
<doc>Fails if ``string`` does not match ``pattern`` as a regular expression.</doc>
<status status="PASS" start="2024-07-16T14:14:48.452012" elapsed="0.000503"/>
</kw>
<kw name="Should Match Regexp" owner="BuiltIn">
<arg>${json_data['results'][0]['dob']['date']}</arg>
<arg>\\d{4}-\\d{2}-\\d{2}T\\d{2}:\\d{2}:\\d{2}\\.\\d{3}Z</arg>
<doc>Fails if ``string`` does not match ``pattern`` as a regular expression.</doc>
<status status="PASS" start="2024-07-16T14:14:48.452744" elapsed="0.000530"/>
</kw>
<kw name="Should Match Regexp" owner="BuiltIn">
<arg>${json_data['results'][0]['registered']['date']}</arg>
<arg>\\d{4}-\\d{2}-\\d{2}T\\d{2}:\\d{2}:\\d{2}\\.\\d{3}Z</arg>
<doc>Fails if ``string`` does not match ``pattern`` as a regular expression.</doc>
<status status="PASS" start="2024-07-16T14:14:48.453468" elapsed="0.000366"/>
</kw>
<kw name="Should Match Regexp" owner="BuiltIn">
<arg>${json_data['results'][0]['picture']['large']}</arg>
<arg>^https?://.*\.(?:png|jpe?g|gif|bmp)$</arg>
<doc>Fails if ``string`` does not match ``pattern`` as a regular expression.</doc>
<status status="PASS" start="2024-07-16T14:14:48.454018" elapsed="0.000463"/>
</kw>
<kw name="Should Match Regexp" owner="BuiltIn">
<arg>${json_data['results'][0]['picture']['medium']}</arg>
<arg>^https?://.*\.(?:png|jpe?g|gif|bmp)$</arg>
<doc>Fails if ``string`` does not match ``pattern`` as a regular expression.</doc>
<status status="PASS" start="2024-07-16T14:14:48.454667" elapsed="0.000347"/>
</kw>
<kw name="Should Match Regexp" owner="BuiltIn">
<arg>${json_data['results'][0]['picture']['thumbnail']}</arg>
<arg>^https?://.*\.(?:png|jpe?g|gif|bmp)$</arg>
<doc>Fails if ``string`` does not match ``pattern`` as a regular expression.</doc>
<status status="PASS" start="2024-07-16T14:14:48.455192" elapsed="0.000351"/>
</kw>
<kw name="Log" owner="BuiltIn">
<msg time="2024-07-16T14:14:48.456046" level="INFO">{'large': 'https://randomuser.me/api/portraits/men/71.jpg', 'medium': 'https://randomuser.me/api/portraits/med/men/71.jpg', 'thumbnail': 'https://randomuser.me/api/portraits/thumb/men/71.jpg'}</msg>
<arg>${json_data['results'][0]['picture']}</arg>
<doc>Logs the given message with the given level.</doc>
<status status="PASS" start="2024-07-16T14:14:48.455722" elapsed="0.000366"/>
</kw>
<status status="PASS" start="2024-07-16T14:14:48.385531" elapsed="0.070820"/>
</kw>
<kw name="Teste de Tipos de Dados - Postcode" owner="random-user-service">
<kw name="GET On Session" owner="RequestsLibrary">
<msg time="2024-07-16T14:14:48.542797" level="INFO">GET Request : url=https://randomuser.me/api 
 path_url=/api 
 headers={'User-Agent': 'python-requests/2.32.3', 'Accept-Encoding': 'gzip, deflate', 'Accept': '*/*', 'Connection': 'keep-alive'} 
 body=None 
 </msg>
<msg time="2024-07-16T14:14:48.542894" level="INFO">GET Response : url=https://randomuser.me/api 
 status=200, reason=OK 
 headers={'Date': 'Tue, 16 Jul 2024 14:14:48 GMT', 'Content-Type': 'application/json; charset=utf-8', 'Transfer-Encoding': 'chunked', 'Connection': 'keep-alive', 'X-Powered-By': 'Express', 'Access-Control-Allow-Origin': '*', 'Cache-Control': 'no-cache', 'ETag': 'W/"4a7-4ry0owULHgsEz6HGV5W74A8gorQ"', 'Vary': 'Accept-Encoding', 'Content-Encoding': 'gzip', 'CF-Cache-Status': 'DYNAMIC', 'Report-To': '{"endpoints":[{"url":"https:\\/\\/a.nel.cloudflare.com\\/report\\/v4?s=uc5EFzNC6mxefU0WoAS2ICpSX%2FKTHS4wkrf%2FxKIOk9RHd%2F85NOwEt2Nf9lA4us%2Fdu7oy%2BAzb1%2BGWNzeYg93kXPw0N43h5BRlwuVAgG424qi8USEyXV7lYsmOxE7%2BloEh"}],"group":"cf-nel","max_age":604800}', 'NEL': '{"success_fraction":0,"report_to":"cf-nel","max_age":604800}', 'Server': 'cloudflare', 'CF-RAY': '8a4299c8dc9f2425-IAD', 'alt-svc': 'h3=":443"; ma=86400'} 
 body={"results":[{"gender":"male","name":{"title":"Mr","first":"Konsta","last":"Hatala"},"location":{"street":{"number":1224,"name":"Otavalankatu"},"city":"Kristinestad","state":"Southern Ostrobothnia","country":"Finland","postcode":80243,"coordinates":{"latitude":"-22.5431","longitude":"-32.8545"},"timezone":{"offset":"+5:00","description":"Ekaterinburg, Islamabad, Karachi, Tashkent"}},"email":"konsta.hatala@example.com","login":{"uuid":"72b185cc-4303-4fd5-9a11-f086b48664f0","username":"bigcat950","password":"natalia","salt":"pnco0Yt2","md5":"33a50fdd1e500b01a41c4421aeb6c636","sha1":"ada54436ca3fb3991e641a1c36a1cf00f292c348","sha256":"f81da4930b4dc440da91a4fb1bb5ca547f372bca2c91e1f46ecea9b173b77a34"},"dob":{"date":"1945-06-24T20:35:12.850Z","age":79},"registered":{"date":"2012-10-09T16:38:04.645Z","age":11},"phone":"07-254-439","cell":"040-222-08-13","id":{"name":"HETU","value":"NaNNA707undefined"},"picture":{"large":"https://randomuser.me/api/portraits/men/43.jpg","medium":"https://randomuser.me/api/portraits/med/men/43.jpg","thumbnail":"https://randomuser.me/api/portraits/thumb/men/43.jpg"},"nat":"FI"}],"info":{"seed":"8c8da92760e5bc6b","results":1,"page":1,"version":"1.4"}} 
 </msg>
<msg time="2024-07-16T14:14:48.542963" level="INFO">/opt/hostedtoolcache/Python/3.12.4/x64/lib/python3.12/site-packages/urllib3/connectionpool.py:1099: InsecureRequestWarning: Unverified HTTPS request is being made to host 'randomuser.me'. Adding certificate verification is strongly advised. See: https://urllib3.readthedocs.io/en/latest/advanced-usage.html#tls-warnings
  warnings.warn(</msg>
<msg time="2024-07-16T14:14:48.543079" level="INFO">${response} = &lt;Response [200]&gt;</msg>
<var>${response}</var>
<arg>consultarAPI</arg>
<arg>/api</arg>
<doc>Sends a GET request on a previously created HTTP Session.</doc>
<status status="PASS" start="2024-07-16T14:14:48.456813" elapsed="0.086308"/>
</kw>
<kw name="Set Variable" owner="BuiltIn">
<msg time="2024-07-16T14:14:48.544132" level="INFO">${json_data} = {'results': [{'gender': 'male', 'name': {'title': 'Mr', 'first': 'Konsta', 'last': 'Hatala'}, 'location': {'street': {'number': 1224, 'name': 'Otavalankatu'}, 'city': 'Kristinestad', 'state': 'Souther...</msg>
<var>${json_data}</var>
<arg>${response.json()}</arg>
<doc>Returns the given values which can then be assigned to a variables.</doc>
<status status="PASS" start="2024-07-16T14:14:48.543617" elapsed="0.000543"/>
</kw>
<kw name="Log" owner="BuiltIn">
<msg time="2024-07-16T14:14:48.544641" level="INFO">{'results': [{'gender': 'male', 'name': {'title': 'Mr', 'first': 'Konsta', 'last': 'Hatala'}, 'location': {'street': {'number': 1224, 'name': 'Otavalankatu'}, 'city': 'Kristinestad', 'state': 'Southern Ostrobothnia', 'country': 'Finland', 'postcode': 80243, 'coordinates': {'latitude': '-22.5431', 'longitude': '-32.8545'}, 'timezone': {'offset': '+5:00', 'description': 'Ekaterinburg, Islamabad, Karachi, Tashkent'}}, 'email': 'konsta.hatala@example.com', 'login': {'uuid': '72b185cc-4303-4fd5-9a11-f086b48664f0', 'username': 'bigcat950', 'password': 'natalia', 'salt': 'pnco0Yt2', 'md5': '33a50fdd1e500b01a41c4421aeb6c636', 'sha1': 'ada54436ca3fb3991e641a1c36a1cf00f292c348', 'sha256': 'f81da4930b4dc440da91a4fb1bb5ca547f372bca2c91e1f46ecea9b173b77a34'}, 'dob': {'date': '1945-06-24T20:35:12.850Z', 'age': 79}, 'registered': {'date': '2012-10-09T16:38:04.645Z', 'age': 11}, 'phone': '07-254-439', 'cell': '040-222-08-13', 'id': {'name': 'HETU', 'value': 'NaNNA707undefined'}, 'picture': {'large': 'https://randomuser.me/api/portraits/men/43.jpg', 'medium': 'https://randomuser.me/api/portraits/med/men/43.jpg', 'thumbnail': 'https://randomuser.me/api/portraits/thumb/men/43.jpg'}, 'nat': 'FI'}], 'info': {'seed': '8c8da92760e5bc6b', 'results': 1, 'page': 1, 'version': '1.4'}}</msg>
<arg>${json_data}</arg>
<doc>Logs the given message with the given level.</doc>
<status status="PASS" start="2024-07-16T14:14:48.544483" elapsed="0.000207"/>
</kw>
<kw name="Should Be Equal As Numbers" owner="BuiltIn">
<arg>${json_data['results'][0]['location']['postcode']}</arg>
<arg>${json_data['results'][0]['location']['postcode']}</arg>
<doc>Fails if objects are unequal after converting them to real numbers.</doc>
<status status="PASS" start="2024-07-16T14:14:48.545008" elapsed="0.000637"/>
</kw>
<kw name="Log" owner="BuiltIn">
<msg time="2024-07-16T14:14:48.546342" level="INFO">80243</msg>
<arg>${json_data['results'][0]['location']['postcode']}</arg>
<doc>Logs the given message with the given level.</doc>
<status status="PASS" start="2024-07-16T14:14:48.545833" elapsed="0.000551"/>
</kw>
<status status="PASS" start="2024-07-16T14:14:48.456582" elapsed="0.090085"/>
</kw>
<doc>Testa se os tipos de dados na resposta da API estão corretos.</doc>
<tag>testeTiposDados</tag>
<status status="PASS" start="2024-07-16T14:14:48.385058" elapsed="0.161782"/>
</test>
<test id="s1-s1-t5" name="Validar conteudo" line="35">
<kw name="Teste de Tipos de Conteudo" owner="random-user-service">
<kw name="GET On Session" owner="RequestsLibrary">
<msg time="2024-07-16T14:14:48.656626" level="INFO">GET Request : url=https://randomuser.me/api 
 path_url=/api 
 headers={'User-Agent': 'python-requests/2.32.3', 'Accept-Encoding': 'gzip, deflate', 'Accept': '*/*', 'Connection': 'keep-alive'} 
 body=None 
 </msg>
<msg time="2024-07-16T14:14:48.656738" level="INFO">GET Response : url=https://randomuser.me/api 
 status=200, reason=OK 
 headers={'Date': 'Tue, 16 Jul 2024 14:14:48 GMT', 'Content-Type': 'application/json; charset=utf-8', 'Transfer-Encoding': 'chunked', 'Connection': 'keep-alive', 'X-Powered-By': 'Express', 'Access-Control-Allow-Origin': '*', 'Cache-Control': 'no-cache', 'ETag': 'W/"48c-rdxU/6DiOZFxC5Si9M64kKXuUzU"', 'Vary': 'Accept-Encoding', 'Content-Encoding': 'gzip', 'CF-Cache-Status': 'DYNAMIC', 'Report-To': '{"endpoints":[{"url":"https:\\/\\/a.nel.cloudflare.com\\/report\\/v4?s=HMA2QbIOGMBG2vVUVTY1AcS3kFnSBP4wRDoqIsmhvQYnzpsn2iAbK%2B2R%2FJgUI8yrfcQfSir7AzQxqOjwzva7%2F4q2d%2BWiDi3aEUYUT%2FfZJeCIsJWSCt0xtI6TC1MM9njJ"}],"group":"cf-nel","max_age":604800}', 'NEL': '{"success_fraction":0,"report_to":"cf-nel","max_age":604800}', 'Server': 'cloudflare', 'CF-RAY': '8a4299c97d3c2425-IAD', 'alt-svc': 'h3=":443"; ma=86400'} 
 body={"results":[{"gender":"female","name":{"title":"Ms","first":"Susie","last":"Lopez"},"location":{"street":{"number":3040,"name":"Novara Avenue"},"city":"Malahide","state":"Limerick","country":"Ireland","postcode":91865,"coordinates":{"latitude":"1.4953","longitude":"174.3745"},"timezone":{"offset":"+5:30","description":"Bombay, Calcutta, Madras, New Delhi"}},"email":"susie.lopez@example.com","login":{"uuid":"e8fb4898-e225-45dd-aa81-afd8c13d752b","username":"bigostrich966","password":"justme","salt":"liwx116N","md5":"b26e78d2673b89e2a95b4e003835c249","sha1":"23ea6ce53c7c7b17adfa81b40ecf8f18abbe28b8","sha256":"9245b1b116c4cd3209f1708ce7f32d482b1379530716d98b570a5b7bff50154b"},"dob":{"date":"1991-01-29T07:33:46.223Z","age":33},"registered":{"date":"2013-07-08T12:18:46.990Z","age":11},"phone":"011-284-3164","cell":"081-218-4887","id":{"name":"PPS","value":"8954784T"},"picture":{"large":"https://randomuser.me/api/portraits/women/73.jpg","medium":"https://randomuser.me/api/portraits/med/women/73.jpg","thumbnail":"https://randomuser.me/api/portraits/thumb/women/73.jpg"},"nat":"IE"}],"info":{"seed":"8eee5f2ad8c599a4","results":1,"page":1,"version":"1.4"}} 
 </msg>
<msg time="2024-07-16T14:14:48.656820" level="INFO">/opt/hostedtoolcache/Python/3.12.4/x64/lib/python3.12/site-packages/urllib3/connectionpool.py:1099: InsecureRequestWarning: Unverified HTTPS request is being made to host 'randomuser.me'. Adding certificate verification is strongly advised. See: https://urllib3.readthedocs.io/en/latest/advanced-usage.html#tls-warnings
  warnings.warn(</msg>
<msg time="2024-07-16T14:14:48.656958" level="INFO">${response} = &lt;Response [200]&gt;</msg>
<var>${response}</var>
<arg>consultarAPI</arg>
<arg>/api</arg>
<doc>Sends a GET request on a previously created HTTP Session.</doc>
<status status="PASS" start="2024-07-16T14:14:48.549335" elapsed="0.107687"/>
</kw>
<kw name="Set Variable" owner="BuiltIn">
<msg time="2024-07-16T14:14:48.658272" level="INFO">${json_data} = {'results': [{'gender': 'female', 'name': {'title': 'Ms', 'first': 'Susie', 'last': 'Lopez'}, 'location': {'street': {'number': 3040, 'name': 'Novara Avenue'}, 'city': 'Malahide', 'state': 'Limerick',...</msg>
<var>${json_data}</var>
<arg>${response.json()}</arg>
<doc>Returns the given values which can then be assigned to a variables.</doc>
<status status="PASS" start="2024-07-16T14:14:48.657660" elapsed="0.000641"/>
</kw>
<kw name="Set Variable" owner="BuiltIn">
<msg time="2024-07-16T14:14:48.659000" level="INFO">${name_title} = Ms</msg>
<var>${name_title}</var>
<arg>${json_data["results"][0]["name"]["title"]}</arg>
<doc>Returns the given values which can then be assigned to a variables.</doc>
<status status="PASS" start="2024-07-16T14:14:48.658612" elapsed="0.000414"/>
</kw>
<kw name="Create List" owner="BuiltIn">
<msg time="2024-07-16T14:14:48.659470" level="INFO">${allowed_titles} = ['Mr', 'Ms', 'Miss', 'Mrs', 'Madame', 'Monsieur']</msg>
<var>${allowed_titles}</var>
<arg>Mr</arg>
<arg>Ms</arg>
<arg>Miss</arg>
<arg>Mrs</arg>
<arg>Madame</arg>
<arg>Monsieur</arg>
<doc>Returns a list containing given items.</doc>
<status status="PASS" start="2024-07-16T14:14:48.659323" elapsed="0.000172"/>
</kw>
<kw name="List Should Contain Value" owner="Collections">
<arg>${allowed_titles}</arg>
<arg>${name_title}</arg>
<doc>Fails if the ``value`` is not found from ``list``.</doc>
<status status="PASS" start="2024-07-16T14:14:48.659796" elapsed="0.000183"/>
</kw>
<kw name="Set Variable" owner="BuiltIn">
<msg time="2024-07-16T14:14:48.660526" level="INFO">${name_country} = IE</msg>
<var>${name_country}</var>
<arg>${json_data["results"][0]["nat"]}</arg>
<doc>Returns the given values which can then be assigned to a variables.</doc>
<status status="PASS" start="2024-07-16T14:14:48.660158" elapsed="0.000393"/>
</kw>
<kw name="Create List" owner="BuiltIn">
<msg time="2024-07-16T14:14:48.661485" level="INFO">${list_country} = ['AD', 'AE', 'AF', 'AG', 'AI', 'AL', 'AM', 'AO', 'AQ', 'AR', 'AS', 'AT', 'AU', 'AW', 'AX', 'AZ', 'BA', 'BB', 'BD', 'BE', 'BF', 'BG', 'BH', 'BI', 'BJ', 'BL', 'BM', 'BN', 'BO', 'BQ', 'BR', 'BS', 'BT', '...</msg>
<var>${list_country}</var>
<arg>AD</arg>
<arg>AE</arg>
<arg>AF</arg>
<arg>AG</arg>
<arg>AI</arg>
<arg>AL</arg>
<arg>AM</arg>
<arg>AO</arg>
<arg>AQ</arg>
<arg>AR</arg>
<arg>AS</arg>
<arg>AT</arg>
<arg>AU</arg>
<arg>AW</arg>
<arg>AX</arg>
<arg>AZ</arg>
<arg>BA</arg>
<arg>BB</arg>
<arg>BD</arg>
<arg>BE</arg>
<arg>BF</arg>
<arg>BG</arg>
<arg>BH</arg>
<arg>BI</arg>
<arg>BJ</arg>
<arg>BL</arg>
<arg>BM</arg>
<arg>BN</arg>
<arg>BO</arg>
<arg>BQ</arg>
<arg>BR</arg>
<arg>BS</arg>
<arg>BT</arg>
<arg>BV</arg>
<arg>BW</arg>
<arg>BY</arg>
<arg>BZ</arg>
<arg>CA</arg>
<arg>CC</arg>
<arg>CD</arg>
<arg>CF</arg>
<arg>CG</arg>
<arg>CH</arg>
<arg>CI</arg>
<arg>CK</arg>
<arg>CL</arg>
<arg>CM</arg>
<arg>CN</arg>
<arg>CO</arg>
<arg>CR</arg>
<arg>CU</arg>
<arg>CV</arg>
<arg>CW</arg>
<arg>CX</arg>
<arg>CY</arg>
<arg>CZ</arg>
<arg>DE</arg>
<arg>DJ</arg>
<arg>DK</arg>
<arg>DM</arg>
<arg>DO</arg>
<arg>DZ</arg>
<arg>EC</arg>
<arg>EE</arg>
<arg>EG</arg>
<arg>EH</arg>
<arg>ER</arg>
<arg>ES</arg>
<arg>ET</arg>
<arg>FI</arg>
<arg>FJ</arg>
<arg>FK</arg>
<arg>FM</arg>
<arg>FO</arg>
<arg>FR</arg>
<arg>GA</arg>
<arg>GB</arg>
<arg>GD</arg>
<arg>GE</arg>
<arg>GF</arg>
<arg>GG</arg>
<arg>GH</arg>
<arg>GI</arg>
<arg>GL</arg>
<arg>GM</arg>
<arg>GN</arg>
<arg>GP</arg>
<arg>GQ</arg>
<arg>GR</arg>
<arg>GS</arg>
<arg>GT</arg>
<arg>GU</arg>
<arg>GW</arg>
<arg>GY</arg>
<arg>HK</arg>
<arg>HM</arg>
<arg>HN</arg>
<arg>HR</arg>
<arg>HT</arg>
<arg>HU</arg>
<arg>ID</arg>
<arg>IE</arg>
<arg>IL</arg>
<arg>IM</arg>
<arg>IN</arg>
<arg>IO</arg>
<arg>IQ</arg>
<arg>IR</arg>
<arg>IS</arg>
<arg>IT</arg>
<arg>JE</arg>
<arg>JM</arg>
<arg>JO</arg>
<arg>JP</arg>
<arg>KE</arg>
<arg>KG</arg>
<arg>KH</arg>
<arg>KI</arg>
<arg>KM</arg>
<arg>KN</arg>
<arg>KP</arg>
<arg>KR</arg>
<arg>KW</arg>
<arg>KY</arg>
<arg>KZ</arg>
<arg>LA</arg>
<arg>LB</arg>
<arg>LC</arg>
<arg>LI</arg>
<arg>LK</arg>
<arg>LR</arg>
<arg>LS</arg>
<arg>LT</arg>
<arg>LU</arg>
<arg>LV</arg>
<arg>LY</arg>
<arg>MA</arg>
<arg>MC</arg>
<arg>MD</arg>
<arg>ME</arg>
<arg>MF</arg>
<arg>MG</arg>
<arg>MH</arg>
<arg>MK</arg>
<arg>ML</arg>
<arg>MM</arg>
<arg>MN</arg>
<arg>MO</arg>
<arg>MP</arg>
<arg>MQ</arg>
<arg>MR</arg>
<arg>MS</arg>
<arg>MT</arg>
<arg>MU</arg>
<arg>MV</arg>
<arg>MW</arg>
<arg>MX</arg>
<arg>MY</arg>
<arg>MZ</arg>
<arg>NA</arg>
<arg>NC</arg>
<arg>NE</arg>
<arg>NF</arg>
<arg>NG</arg>
<arg>NI</arg>
<arg>NL</arg>
<arg>NO</arg>
<arg>NP</arg>
<arg>NR</arg>
<arg>NU</arg>
<arg>NZ</arg>
<arg>OM</arg>
<arg>PA</arg>
<arg>PE</arg>
<arg>PF</arg>
<arg>PG</arg>
<arg>PH</arg>
<arg>PK</arg>
<arg>PL</arg>
<arg>PM</arg>
<arg>PN</arg>
<arg>PR</arg>
<arg>PS</arg>
<arg>PT</arg>
<arg>PW</arg>
<arg>PY</arg>
<arg>QA</arg>
<arg>RE</arg>
<arg>RO</arg>
<arg>RS</arg>
<arg>RU</arg>
<arg>RW</arg>
<arg>SA</arg>
<arg>SB</arg>
<arg>SC</arg>
<arg>SD</arg>
<arg>SE</arg>
<arg>SG</arg>
<arg>SH</arg>
<arg>SI</arg>
<arg>SJ</arg>
<arg>SK</arg>
<arg>SL</arg>
<arg>SM</arg>
<arg>SN</arg>
<arg>SO</arg>
<arg>SR</arg>
<arg>SS</arg>
<arg>ST</arg>
<arg>SV</arg>
<arg>SX</arg>
<arg>SY</arg>
<arg>SZ</arg>
<arg>TC</arg>
<arg>TD</arg>
<arg>TF</arg>
<arg>TG</arg>
<arg>TH</arg>
<arg>TJ</arg>
<arg>TK</arg>
<arg>TL</arg>
<arg>TM</arg>
<arg>TN</arg>
<arg>TO</arg>
<arg>TR</arg>
<arg>TT</arg>
<arg>TV</arg>
<arg>TW</arg>
<arg>TZ</arg>
<arg>UA</arg>
<arg>UG</arg>
<arg>UM</arg>
<arg>US</arg>
<arg>UY</arg>
<arg>UZ</arg>
<arg>VA</arg>
<arg>VC</arg>
<arg>VE</arg>
<arg>VG</arg>
<arg>VI</arg>
<arg>VN</arg>
<arg>VU</arg>
<arg>WF</arg>
<arg>WS</arg>
<arg>XK</arg>
<arg>YE</arg>
<arg>YT</arg>
<arg>ZA</arg>
<arg>ZM</arg>
<arg>ZW</arg>
<doc>Returns a list containing given items.</doc>
<status status="PASS" start="2024-07-16T14:14:48.660851" elapsed="0.000660"/>
</kw>
<kw name="List Should Contain Value" owner="Collections">
<arg>${list_country}</arg>
<arg>${name_country}</arg>
<doc>Fails if the ``value`` is not found from ``list``.</doc>
<status status="PASS" start="2024-07-16T14:14:48.662317" elapsed="0.000202"/>
</kw>
<kw name="Run Keyword If" owner="BuiltIn">
<kw name="Should Be True" owner="BuiltIn">
<arg>${True}</arg>
<doc>Fails if the given condition is not true.</doc>
<status status="PASS" start="2024-07-16T14:14:48.663451" elapsed="0.000140"/>
</kw>
<arg>${json_data["results"][0]["location"]["coordinates"]["latitude"]} &gt;= -90 and ${json_data["results"][0]["location"]["coordinates"]["latitude"]} &lt;= 90</arg>
<arg>Should Be True</arg>
<arg>${True}</arg>
<doc>Runs the given keyword with the given arguments, if ``condition`` is true.</doc>
<status status="PASS" start="2024-07-16T14:14:48.662716" elapsed="0.000999"/>
</kw>
<kw name="Run Keyword If" owner="BuiltIn">
<kw name="Should Be True" owner="BuiltIn">
<arg>${True}</arg>
<doc>Fails if the given condition is not true.</doc>
<status status="PASS" start="2024-07-16T14:14:48.664582" elapsed="0.000244"/>
</kw>
<arg>${json_data["results"][0]["location"]["coordinates"]["longitude"]} &gt;= -180 and ${json_data["results"][0]["location"]["coordinates"]["longitude"]} &lt;= 180</arg>
<arg>Should Be True</arg>
<arg>${True}</arg>
<doc>Runs the given keyword with the given arguments, if ``condition`` is true.</doc>
<status status="PASS" start="2024-07-16T14:14:48.663893" elapsed="0.001060"/>
</kw>
<status status="PASS" start="2024-07-16T14:14:48.549107" elapsed="0.116028"/>
</kw>
<doc>Testa o conteúdo específico dos campos retornados pela API.</doc>
<tag>testeConteudo</tag>
<status status="PASS" start="2024-07-16T14:14:48.548611" elapsed="0.116677"/>
</test>
<status status="PASS" start="2024-07-16T14:14:47.657254" elapsed="1.009979"/>
</suite>
<status status="PASS" start="2024-07-16T14:14:47.642560" elapsed="1.029705"/>
</suite>
<statistics>
<total>
<stat pass="5" fail="0" skip="0">All Tests</stat>
</total>
<tag>
<stat pass="1" fail="0" skip="0">testeConteudo</stat>
<stat pass="1" fail="0" skip="0">testeEstruturaResposta</stat>
<stat pass="1" fail="0" skip="0">testeRequisicaoBasica</stat>
<stat pass="1" fail="0" skip="0">testeTiposDados</stat>
</tag>
<suite>
<stat pass="5" fail="0" skip="0" id="s1" name="Tests">Tests</stat>
<stat pass="5" fail="0" skip="0" id="s1-s1" name="Random-User-Test">Tests.Random-User-Test</stat>
</suite>
</statistics>
<errors>
</errors>
</robot>
