<?xml version="1.0" encoding="UTF-8"?>
<robot generator="Robot 7.0 (Python 3.12.3 on linux)" generated="2024-04-26T19:12:09.735726" rpa="false" schemaversion="5">
<suite id="s1" name="Tests" source="/home/runner/work/DesafioQAItauRogerioJordao/DesafioQAItauRogerioJordao/RamdonUser/tests">
<suite id="s1-s1" name="Random-User-Test" source="/home/runner/work/DesafioQAItauRogerioJordao/DesafioQAItauRogerioJordao/RamdonUser/tests/random-user-test.robot">
<test id="s1-s1-t1" name="Conectar" line="13">
<kw name="Conectar API" owner="random-user-service">
<kw name="Create Session" owner="RequestsLibrary">
<msg time="2024-04-26T19:12:10.091434" level="INFO">Creating Session using : alias=consultarAPI, url=https://randomuser.me/, headers={},                     cookies={}, auth=None, timeout=None, proxies=None, verify=False,                     debug=0 </msg>
<arg>consultarAPI</arg>
<arg>${URL}</arg>
<doc>Create Session: create a HTTP session to a server</doc>
<status status="PASS" start="2024-04-26T19:12:10.091232" elapsed="0.000386"/>
</kw>
<status status="PASS" start="2024-04-26T19:12:10.090246" elapsed="0.001732"/>
</kw>
<status status="PASS" start="2024-04-26T19:12:10.089560" elapsed="0.002613"/>
</test>
<test id="s1-s1-t2" name="Validar retorno 200 e JSON Válido" line="16">
<kw name="Teste de Requisicao Basica" owner="random-user-service">
<kw name="GET On Session" owner="RequestsLibrary">
<msg time="2024-04-26T19:12:10.190532" level="INFO">GET Request : url=https://randomuser.me/api 
 path_url=/api 
 headers={'User-Agent': 'python-requests/2.31.0', 'Accept-Encoding': 'gzip, deflate', 'Accept': '*/*', 'Connection': 'keep-alive'} 
 body=None 
 </msg>
<msg time="2024-04-26T19:12:10.190682" level="INFO">GET Response : url=https://randomuser.me/api 
 status=200, reason=OK 
 headers={'Date': 'Fri, 26 Apr 2024 19:12:10 GMT', 'Content-Type': 'application/json; charset=utf-8', 'Transfer-Encoding': 'chunked', 'Connection': 'keep-alive', 'X-Powered-By': 'Express', 'Access-Control-Allow-Origin': '*', 'Cache-Control': 'no-cache', 'ETag': 'W/"489-Ki9b2vl+OoVAely4bqlP7HPherA"', 'Vary': 'Accept-Encoding', 'Content-Encoding': 'gzip', 'CF-Cache-Status': 'DYNAMIC', 'Report-To': '{"endpoints":[{"url":"https:\\/\\/a.nel.cloudflare.com\\/report\\/v4?s=1bQJGVTtJ66cmHH%2BwOwzuWnSKDYb%2BHao2xVioH0OT4EFLInpigZgUsbay%2Babf3JpjsKvJ6s2wZLiadf306Q4zkRFeD%2FnqNQqbT1gadZ3y4Jhb%2Bw%2FhfiJnfB03Ol5vHSB"}],"group":"cf-nel","max_age":604800}', 'NEL': '{"success_fraction":0,"report_to":"cf-nel","max_age":604800}', 'Server': 'cloudflare', 'CF-RAY': '87a8e1ff5e0161c0-ORD', 'alt-svc': 'h3=":443"; ma=86400'} 
 body={"results":[{"gender":"male","name":{"title":"Mr","first":"Luis","last":"Roybal"},"location":{"street":{"number":3426,"name":"Periférico Sinaloa"},"city":"El Tephe","state":"Ciudad de Mexico","country":"Mexico","postcode":47137,"coordinates":{"latitude":"23.3548","longitude":"-112.2980"},"timezone":{"offset":"-12:00","description":"Eniwetok, Kwajalein"}},"email":"luis.roybal@example.com","login":{"uuid":"9c05c436-4561-42ab-97be-3fddb5c1ea3f","username":"sadwolf270","password":"hose","salt":"qwBglMRM","md5":"18b0797a7b887f2460be1c8860292e83","sha1":"edda80b3d0f03bfc134a510e3df1e625861aafc3","sha256":"4b03912b4854b6ad4304697ccac07eb74d54290cd1d22ade5435190520f793e9"},"dob":{"date":"2000-01-19T16:27:23.002Z","age":24},"registered":{"date":"2018-09-13T13:37:22.546Z","age":5},"phone":"(663) 718 6296","cell":"(614) 608 0115","id":{"name":"NSS","value":"48 34 32 8366 7"},"picture":{"large":"https://randomuser.me/api/portraits/men/84.jpg","medium":"https://randomuser.me/api/portraits/med/men/84.jpg","thumbnail":"https://randomuser.me/api/portraits/thumb/men/84.jpg"},"nat":"MX"}],"info":{"seed":"e275b16b2566cc0e","results":1,"page":1,"version":"1.4"}} 
 </msg>
<msg time="2024-04-26T19:12:10.190776" level="INFO">/opt/hostedtoolcache/Python/3.12.3/x64/lib/python3.12/site-packages/urllib3/connectionpool.py:1103: InsecureRequestWarning: Unverified HTTPS request is being made to host 'randomuser.me'. Adding certificate verification is strongly advised. See: https://urllib3.readthedocs.io/en/latest/advanced-usage.html#tls-warnings
  warnings.warn(</msg>
<msg time="2024-04-26T19:12:10.190935" level="INFO">${response} = &lt;Response [200]&gt;</msg>
<var>${response}</var>
<arg>consultarAPI</arg>
<arg>/api</arg>
<doc>Sends a GET request on a previously created HTTP Session.</doc>
<status status="PASS" start="2024-04-26T19:12:10.094878" elapsed="0.096103"/>
</kw>
<kw name="Should Be Equal As Numbers" owner="BuiltIn">
<msg time="2024-04-26T19:12:10.192005" level="INFO">Argument types are:
&lt;class 'int'&gt;
&lt;class 'str'&gt;</msg>
<arg>${response.status_code}</arg>
<arg>200</arg>
<doc>Fails if objects are unequal after converting them to real numbers.</doc>
<status status="PASS" start="2024-04-26T19:12:10.191539" elapsed="0.000532"/>
</kw>
<kw name="Log" owner="BuiltIn">
<msg time="2024-04-26T19:12:10.192769" level="INFO">200</msg>
<arg>${response.status_code}</arg>
<doc>Logs the given message with the given level.</doc>
<status status="PASS" start="2024-04-26T19:12:10.192423" elapsed="0.000387"/>
</kw>
<kw name="Set Variable" owner="BuiltIn">
<msg time="2024-04-26T19:12:10.193563" level="INFO">${json_data} = {'results': [{'gender': 'male', 'name': {'title': 'Mr', 'first': 'Luis', 'last': 'Roybal'}, 'location': {'street': {'number': 3426, 'name': 'Periférico Sinaloa'}, 'city': 'El Tephe', 'state': 'Ciudad ...</msg>
<var>${json_data}</var>
<arg>${response.json()}</arg>
<doc>Returns the given values which can then be assigned to a variables.</doc>
<status status="PASS" start="2024-04-26T19:12:10.193114" elapsed="0.000478"/>
</kw>
<kw name="Dictionary Should Contain Key" owner="Collections">
<msg time="2024-04-26T19:12:10.194094" level="INFO">False</msg>
<arg>${json_data}</arg>
<arg>results</arg>
<doc>Fails if ``key`` is not found from ``dictionary``.</doc>
<status status="PASS" start="2024-04-26T19:12:10.193896" elapsed="0.000243"/>
</kw>
<status status="PASS" start="2024-04-26T19:12:10.094631" elapsed="0.099778"/>
</kw>
<doc>Testa se a API responde corretamente e retorna um objeto JSON válido.</doc>
<tag>testeRequisicaoBasica</tag>
<status status="PASS" start="2024-04-26T19:12:10.094098" elapsed="0.100515"/>
</test>
<test id="s1-s1-t3" name="Validar estrutura de resposta" line="22">
<kw name="Teste de Estrutura de Resposta" owner="random-user-service">
<kw name="GET On Session" owner="RequestsLibrary">
<msg time="2024-04-26T19:12:10.294158" level="INFO">GET Request : url=https://randomuser.me/api 
 path_url=/api 
 headers={'User-Agent': 'python-requests/2.31.0', 'Accept-Encoding': 'gzip, deflate', 'Accept': '*/*', 'Connection': 'keep-alive'} 
 body=None 
 </msg>
<msg time="2024-04-26T19:12:10.294271" level="INFO">GET Response : url=https://randomuser.me/api 
 status=200, reason=OK 
 headers={'Date': 'Fri, 26 Apr 2024 19:12:10 GMT', 'Content-Type': 'application/json; charset=utf-8', 'Transfer-Encoding': 'chunked', 'Connection': 'keep-alive', 'X-Powered-By': 'Express', 'Access-Control-Allow-Origin': '*', 'Cache-Control': 'no-cache', 'ETag': 'W/"48e-+JZzN7ymfJRfBB274hujnCWiKCE"', 'Vary': 'Accept-Encoding', 'Content-Encoding': 'gzip', 'CF-Cache-Status': 'DYNAMIC', 'Report-To': '{"endpoints":[{"url":"https:\\/\\/a.nel.cloudflare.com\\/report\\/v4?s=k%2FMmlH7WCUTsWZvV082622o8mTQElIMwD3fJcF0IU2IlepYAs8ZbdKJxuVDDUsVQLeK8NaeGyYYcA9WncvYnt3zFyQyk04wNWUw32QqomvaUxLv0xLDmver75pjyqLy0"}],"group":"cf-nel","max_age":604800}', 'NEL': '{"success_fraction":0,"report_to":"cf-nel","max_age":604800}', 'Server': 'cloudflare', 'CF-RAY': '87a8e1ffbe8361c0-ORD', 'alt-svc': 'h3=":443"; ma=86400'} 
 body={"results":[{"gender":"female","name":{"title":"Mrs","first":"Phyllis","last":"Chambers"},"location":{"street":{"number":2474,"name":"Avondale Ave"},"city":"Kalgoorlie","state":"New South Wales","country":"Australia","postcode":8378,"coordinates":{"latitude":"-83.0790","longitude":"168.8091"},"timezone":{"offset":"-2:00","description":"Mid-Atlantic"}},"email":"phyllis.chambers@example.com","login":{"uuid":"c2663072-6910-4d00-a4da-7ba4439c6fb5","username":"redladybug739","password":"stargate","salt":"Jga1abys","md5":"ca1d5bede1b846269d37ecc4080167b6","sha1":"9566ddad0eb9576648daa23968da08a6622238b9","sha256":"1de289b4fabe175b08b8e2d5ef90556743fd61047f5d1d9b0b95482ed53a0814"},"dob":{"date":"1982-02-18T20:35:14.255Z","age":42},"registered":{"date":"2007-10-10T18:13:57.195Z","age":16},"phone":"02-5749-7398","cell":"0464-455-996","id":{"name":"TFN","value":"419824541"},"picture":{"large":"https://randomuser.me/api/portraits/women/29.jpg","medium":"https://randomuser.me/api/portraits/med/women/29.jpg","thumbnail":"https://randomuser.me/api/portraits/thumb/women/29.jpg"},"nat":"AU"}],"info":{"seed":"e430d2d961325a18","results":1,"page":1,"version":"1.4"}} 
 </msg>
<msg time="2024-04-26T19:12:10.294412" level="INFO">/opt/hostedtoolcache/Python/3.12.3/x64/lib/python3.12/site-packages/urllib3/connectionpool.py:1103: InsecureRequestWarning: Unverified HTTPS request is being made to host 'randomuser.me'. Adding certificate verification is strongly advised. See: https://urllib3.readthedocs.io/en/latest/advanced-usage.html#tls-warnings
  warnings.warn(</msg>
<msg time="2024-04-26T19:12:10.294545" level="INFO">${response} = &lt;Response [200]&gt;</msg>
<var>${response}</var>
<arg>consultarAPI</arg>
<arg>/api</arg>
<doc>Sends a GET request on a previously created HTTP Session.</doc>
<status status="PASS" start="2024-04-26T19:12:10.197398" elapsed="0.097188"/>
</kw>
<kw name="Set Variable" owner="BuiltIn">
<msg time="2024-04-26T19:12:10.295821" level="INFO">${json_data} = {'results': [{'gender': 'female', 'name': {'title': 'Mrs', 'first': 'Phyllis', 'last': 'Chambers'}, 'location': {'street': {'number': 2474, 'name': 'Avondale Ave'}, 'city': 'Kalgoorlie', 'state': 'New...</msg>
<var>${json_data}</var>
<arg>${response.json()}</arg>
<doc>Returns the given values which can then be assigned to a variables.</doc>
<status status="PASS" start="2024-04-26T19:12:10.295217" elapsed="0.000632"/>
</kw>
<kw name="Log" owner="BuiltIn">
<msg time="2024-04-26T19:12:10.296319" level="INFO">{'results': [{'gender': 'female', 'name': {'title': 'Mrs', 'first': 'Phyllis', 'last': 'Chambers'}, 'location': {'street': {'number': 2474, 'name': 'Avondale Ave'}, 'city': 'Kalgoorlie', 'state': 'New South Wales', 'country': 'Australia', 'postcode': 8378, 'coordinates': {'latitude': '-83.0790', 'longitude': '168.8091'}, 'timezone': {'offset': '-2:00', 'description': 'Mid-Atlantic'}}, 'email': 'phyllis.chambers@example.com', 'login': {'uuid': 'c2663072-6910-4d00-a4da-7ba4439c6fb5', 'username': 'redladybug739', 'password': 'stargate', 'salt': 'Jga1abys', 'md5': 'ca1d5bede1b846269d37ecc4080167b6', 'sha1': '9566ddad0eb9576648daa23968da08a6622238b9', 'sha256': '1de289b4fabe175b08b8e2d5ef90556743fd61047f5d1d9b0b95482ed53a0814'}, 'dob': {'date': '1982-02-18T20:35:14.255Z', 'age': 42}, 'registered': {'date': '2007-10-10T18:13:57.195Z', 'age': 16}, 'phone': '02-5749-7398', 'cell': '0464-455-996', 'id': {'name': 'TFN', 'value': '419824541'}, 'picture': {'large': 'https://randomuser.me/api/portraits/women/29.jpg', 'medium': 'https://randomuser.me/api/portraits/med/women/29.jpg', 'thumbnail': 'https://randomuser.me/api/portraits/thumb/women/29.jpg'}, 'nat': 'AU'}], 'info': {'seed': 'e430d2d961325a18', 'results': 1, 'page': 1, 'version': '1.4'}}</msg>
<arg>${json_data}</arg>
<doc>Logs the given message with the given level.</doc>
<status status="PASS" start="2024-04-26T19:12:10.296160" elapsed="0.000209"/>
</kw>
<kw name="Dictionary Should Contain Key" owner="Collections">
<msg time="2024-04-26T19:12:10.296824" level="INFO">False</msg>
<arg>${json_data}</arg>
<arg>results</arg>
<doc>Fails if ``key`` is not found from ``dictionary``.</doc>
<status status="PASS" start="2024-04-26T19:12:10.296662" elapsed="0.000199"/>
</kw>
<kw name="Should Not Be Empty" owner="BuiltIn">
<msg time="2024-04-26T19:12:10.297283" level="INFO">Length is 2.</msg>
<arg>${json_data}</arg>
<doc>Verifies that the given item is not empty.</doc>
<status status="PASS" start="2024-04-26T19:12:10.297153" elapsed="0.000169"/>
</kw>
<kw name="Create List" owner="BuiltIn">
<msg time="2024-04-26T19:12:10.297921" level="INFO">${expected_keys} = ['gender', 'name', 'location', 'email', 'login']</msg>
<var>${expected_keys}</var>
<arg>gender</arg>
<arg>name</arg>
<arg>location</arg>
<arg>email</arg>
<arg>login</arg>
<doc>Returns a list containing given items.</doc>
<status status="PASS" start="2024-04-26T19:12:10.297612" elapsed="0.000364"/>
</kw>
<for flavor="IN">
<iter>
<kw name="Dictionary Should Contain Key" owner="Collections">
<msg time="2024-04-26T19:12:10.299005" level="INFO">False</msg>
<arg>${json_data['results'][0]}</arg>
<arg>${key}</arg>
<doc>Fails if ``key`` is not found from ``dictionary``.</doc>
<status status="PASS" start="2024-04-26T19:12:10.298590" elapsed="0.000453"/>
</kw>
<kw name="Log" owner="BuiltIn">
<msg time="2024-04-26T19:12:10.299723" level="INFO">{'gender': 'female', 'name': {'title': 'Mrs', 'first': 'Phyllis', 'last': 'Chambers'}, 'location': {'street': {'number': 2474, 'name': 'Avondale Ave'}, 'city': 'Kalgoorlie', 'state': 'New South Wales', 'country': 'Australia', 'postcode': 8378, 'coordinates': {'latitude': '-83.0790', 'longitude': '168.8091'}, 'timezone': {'offset': '-2:00', 'description': 'Mid-Atlantic'}}, 'email': 'phyllis.chambers@example.com', 'login': {'uuid': 'c2663072-6910-4d00-a4da-7ba4439c6fb5', 'username': 'redladybug739', 'password': 'stargate', 'salt': 'Jga1abys', 'md5': 'ca1d5bede1b846269d37ecc4080167b6', 'sha1': '9566ddad0eb9576648daa23968da08a6622238b9', 'sha256': '1de289b4fabe175b08b8e2d5ef90556743fd61047f5d1d9b0b95482ed53a0814'}, 'dob': {'date': '1982-02-18T20:35:14.255Z', 'age': 42}, 'registered': {'date': '2007-10-10T18:13:57.195Z', 'age': 16}, 'phone': '02-5749-7398', 'cell': '0464-455-996', 'id': {'name': 'TFN', 'value': '419824541'}, 'picture': {'large': 'https://randomuser.me/api/portraits/women/29.jpg', 'medium': 'https://randomuser.me/api/portraits/med/women/29.jpg', 'thumbnail': 'https://randomuser.me/api/portraits/thumb/women/29.jpg'}, 'nat': 'AU'}</msg>
<arg>${json_data['results'][0]}</arg>
<doc>Logs the given message with the given level.</doc>
<status status="PASS" start="2024-04-26T19:12:10.299357" elapsed="0.000414"/>
</kw>
<kw name="Log" owner="BuiltIn">
<msg time="2024-04-26T19:12:10.300193" level="INFO">gender</msg>
<arg>${key}</arg>
<doc>Logs the given message with the given level.</doc>
<status status="PASS" start="2024-04-26T19:12:10.300068" elapsed="0.000161"/>
</kw>
<var name="${key}">gender</var>
<status status="PASS" start="2024-04-26T19:12:10.298463" elapsed="0.001978"/>
</iter>
<iter>
<kw name="Dictionary Should Contain Key" owner="Collections">
<msg time="2024-04-26T19:12:10.301133" level="INFO">False</msg>
<arg>${json_data['results'][0]}</arg>
<arg>${key}</arg>
<doc>Fails if ``key`` is not found from ``dictionary``.</doc>
<status status="PASS" start="2024-04-26T19:12:10.300744" elapsed="0.000427"/>
</kw>
<kw name="Log" owner="BuiltIn">
<msg time="2024-04-26T19:12:10.301855" level="INFO">{'gender': 'female', 'name': {'title': 'Mrs', 'first': 'Phyllis', 'last': 'Chambers'}, 'location': {'street': {'number': 2474, 'name': 'Avondale Ave'}, 'city': 'Kalgoorlie', 'state': 'New South Wales', 'country': 'Australia', 'postcode': 8378, 'coordinates': {'latitude': '-83.0790', 'longitude': '168.8091'}, 'timezone': {'offset': '-2:00', 'description': 'Mid-Atlantic'}}, 'email': 'phyllis.chambers@example.com', 'login': {'uuid': 'c2663072-6910-4d00-a4da-7ba4439c6fb5', 'username': 'redladybug739', 'password': 'stargate', 'salt': 'Jga1abys', 'md5': 'ca1d5bede1b846269d37ecc4080167b6', 'sha1': '9566ddad0eb9576648daa23968da08a6622238b9', 'sha256': '1de289b4fabe175b08b8e2d5ef90556743fd61047f5d1d9b0b95482ed53a0814'}, 'dob': {'date': '1982-02-18T20:35:14.255Z', 'age': 42}, 'registered': {'date': '2007-10-10T18:13:57.195Z', 'age': 16}, 'phone': '02-5749-7398', 'cell': '0464-455-996', 'id': {'name': 'TFN', 'value': '419824541'}, 'picture': {'large': 'https://randomuser.me/api/portraits/women/29.jpg', 'medium': 'https://randomuser.me/api/portraits/med/women/29.jpg', 'thumbnail': 'https://randomuser.me/api/portraits/thumb/women/29.jpg'}, 'nat': 'AU'}</msg>
<arg>${json_data['results'][0]}</arg>
<doc>Logs the given message with the given level.</doc>
<status status="PASS" start="2024-04-26T19:12:10.301492" elapsed="0.000411"/>
</kw>
<kw name="Log" owner="BuiltIn">
<msg time="2024-04-26T19:12:10.302355" level="INFO">name</msg>
<arg>${key}</arg>
<doc>Logs the given message with the given level.</doc>
<status status="PASS" start="2024-04-26T19:12:10.302229" elapsed="0.000163"/>
</kw>
<var name="${key}">name</var>
<status status="PASS" start="2024-04-26T19:12:10.300628" elapsed="0.001977"/>
</iter>
<iter>
<kw name="Dictionary Should Contain Key" owner="Collections">
<msg time="2024-04-26T19:12:10.303276" level="INFO">False</msg>
<arg>${json_data['results'][0]}</arg>
<arg>${key}</arg>
<doc>Fails if ``key`` is not found from ``dictionary``.</doc>
<status status="PASS" start="2024-04-26T19:12:10.302894" elapsed="0.000419"/>
</kw>
<kw name="Log" owner="BuiltIn">
<msg time="2024-04-26T19:12:10.303986" level="INFO">{'gender': 'female', 'name': {'title': 'Mrs', 'first': 'Phyllis', 'last': 'Chambers'}, 'location': {'street': {'number': 2474, 'name': 'Avondale Ave'}, 'city': 'Kalgoorlie', 'state': 'New South Wales', 'country': 'Australia', 'postcode': 8378, 'coordinates': {'latitude': '-83.0790', 'longitude': '168.8091'}, 'timezone': {'offset': '-2:00', 'description': 'Mid-Atlantic'}}, 'email': 'phyllis.chambers@example.com', 'login': {'uuid': 'c2663072-6910-4d00-a4da-7ba4439c6fb5', 'username': 'redladybug739', 'password': 'stargate', 'salt': 'Jga1abys', 'md5': 'ca1d5bede1b846269d37ecc4080167b6', 'sha1': '9566ddad0eb9576648daa23968da08a6622238b9', 'sha256': '1de289b4fabe175b08b8e2d5ef90556743fd61047f5d1d9b0b95482ed53a0814'}, 'dob': {'date': '1982-02-18T20:35:14.255Z', 'age': 42}, 'registered': {'date': '2007-10-10T18:13:57.195Z', 'age': 16}, 'phone': '02-5749-7398', 'cell': '0464-455-996', 'id': {'name': 'TFN', 'value': '419824541'}, 'picture': {'large': 'https://randomuser.me/api/portraits/women/29.jpg', 'medium': 'https://randomuser.me/api/portraits/med/women/29.jpg', 'thumbnail': 'https://randomuser.me/api/portraits/thumb/women/29.jpg'}, 'nat': 'AU'}</msg>
<arg>${json_data['results'][0]}</arg>
<doc>Logs the given message with the given level.</doc>
<status status="PASS" start="2024-04-26T19:12:10.303618" elapsed="0.000417"/>
</kw>
<kw name="Log" owner="BuiltIn">
<msg time="2024-04-26T19:12:10.304457" level="INFO">location</msg>
<arg>${key}</arg>
<doc>Logs the given message with the given level.</doc>
<status status="PASS" start="2024-04-26T19:12:10.304329" elapsed="0.000166"/>
</kw>
<var name="${key}">location</var>
<status status="PASS" start="2024-04-26T19:12:10.302782" elapsed="0.001928"/>
</iter>
<iter>
<kw name="Dictionary Should Contain Key" owner="Collections">
<msg time="2024-04-26T19:12:10.305384" level="INFO">False</msg>
<arg>${json_data['results'][0]}</arg>
<arg>${key}</arg>
<doc>Fails if ``key`` is not found from ``dictionary``.</doc>
<status status="PASS" start="2024-04-26T19:12:10.304994" elapsed="0.000427"/>
</kw>
<kw name="Log" owner="BuiltIn">
<msg time="2024-04-26T19:12:10.306113" level="INFO">{'gender': 'female', 'name': {'title': 'Mrs', 'first': 'Phyllis', 'last': 'Chambers'}, 'location': {'street': {'number': 2474, 'name': 'Avondale Ave'}, 'city': 'Kalgoorlie', 'state': 'New South Wales', 'country': 'Australia', 'postcode': 8378, 'coordinates': {'latitude': '-83.0790', 'longitude': '168.8091'}, 'timezone': {'offset': '-2:00', 'description': 'Mid-Atlantic'}}, 'email': 'phyllis.chambers@example.com', 'login': {'uuid': 'c2663072-6910-4d00-a4da-7ba4439c6fb5', 'username': 'redladybug739', 'password': 'stargate', 'salt': 'Jga1abys', 'md5': 'ca1d5bede1b846269d37ecc4080167b6', 'sha1': '9566ddad0eb9576648daa23968da08a6622238b9', 'sha256': '1de289b4fabe175b08b8e2d5ef90556743fd61047f5d1d9b0b95482ed53a0814'}, 'dob': {'date': '1982-02-18T20:35:14.255Z', 'age': 42}, 'registered': {'date': '2007-10-10T18:13:57.195Z', 'age': 16}, 'phone': '02-5749-7398', 'cell': '0464-455-996', 'id': {'name': 'TFN', 'value': '419824541'}, 'picture': {'large': 'https://randomuser.me/api/portraits/women/29.jpg', 'medium': 'https://randomuser.me/api/portraits/med/women/29.jpg', 'thumbnail': 'https://randomuser.me/api/portraits/thumb/women/29.jpg'}, 'nat': 'AU'}</msg>
<arg>${json_data['results'][0]}</arg>
<doc>Logs the given message with the given level.</doc>
<status status="PASS" start="2024-04-26T19:12:10.305715" elapsed="0.000448"/>
</kw>
<kw name="Log" owner="BuiltIn">
<msg time="2024-04-26T19:12:10.306593" level="INFO">email</msg>
<arg>${key}</arg>
<doc>Logs the given message with the given level.</doc>
<status status="PASS" start="2024-04-26T19:12:10.306463" elapsed="0.000167"/>
</kw>
<var name="${key}">email</var>
<status status="PASS" start="2024-04-26T19:12:10.304883" elapsed="0.001961"/>
</iter>
<iter>
<kw name="Dictionary Should Contain Key" owner="Collections">
<msg time="2024-04-26T19:12:10.307503" level="INFO">False</msg>
<arg>${json_data['results'][0]}</arg>
<arg>${key}</arg>
<doc>Fails if ``key`` is not found from ``dictionary``.</doc>
<status status="PASS" start="2024-04-26T19:12:10.307125" elapsed="0.000416"/>
</kw>
<kw name="Log" owner="BuiltIn">
<msg time="2024-04-26T19:12:10.308204" level="INFO">{'gender': 'female', 'name': {'title': 'Mrs', 'first': 'Phyllis', 'last': 'Chambers'}, 'location': {'street': {'number': 2474, 'name': 'Avondale Ave'}, 'city': 'Kalgoorlie', 'state': 'New South Wales', 'country': 'Australia', 'postcode': 8378, 'coordinates': {'latitude': '-83.0790', 'longitude': '168.8091'}, 'timezone': {'offset': '-2:00', 'description': 'Mid-Atlantic'}}, 'email': 'phyllis.chambers@example.com', 'login': {'uuid': 'c2663072-6910-4d00-a4da-7ba4439c6fb5', 'username': 'redladybug739', 'password': 'stargate', 'salt': 'Jga1abys', 'md5': 'ca1d5bede1b846269d37ecc4080167b6', 'sha1': '9566ddad0eb9576648daa23968da08a6622238b9', 'sha256': '1de289b4fabe175b08b8e2d5ef90556743fd61047f5d1d9b0b95482ed53a0814'}, 'dob': {'date': '1982-02-18T20:35:14.255Z', 'age': 42}, 'registered': {'date': '2007-10-10T18:13:57.195Z', 'age': 16}, 'phone': '02-5749-7398', 'cell': '0464-455-996', 'id': {'name': 'TFN', 'value': '419824541'}, 'picture': {'large': 'https://randomuser.me/api/portraits/women/29.jpg', 'medium': 'https://randomuser.me/api/portraits/med/women/29.jpg', 'thumbnail': 'https://randomuser.me/api/portraits/thumb/women/29.jpg'}, 'nat': 'AU'}</msg>
<arg>${json_data['results'][0]}</arg>
<doc>Logs the given message with the given level.</doc>
<status status="PASS" start="2024-04-26T19:12:10.307834" elapsed="0.000418"/>
</kw>
<kw name="Log" owner="BuiltIn">
<msg time="2024-04-26T19:12:10.308669" level="INFO">login</msg>
<arg>${key}</arg>
<doc>Logs the given message with the given level.</doc>
<status status="PASS" start="2024-04-26T19:12:10.308545" elapsed="0.000167"/>
</kw>
<var name="${key}">login</var>
<status status="PASS" start="2024-04-26T19:12:10.307015" elapsed="0.001937"/>
</iter>
<var>${key}</var>
<value>@{expected_keys}</value>
<status status="PASS" start="2024-04-26T19:12:10.298268" elapsed="0.010809"/>
</for>
<kw name="Create List" owner="BuiltIn">
<msg time="2024-04-26T19:12:10.309405" level="INFO">${expected_keysTwo} = ['username', 'password']</msg>
<var>${expected_keysTwo}</var>
<arg>username</arg>
<arg>password</arg>
<doc>Returns a list containing given items.</doc>
<status status="PASS" start="2024-04-26T19:12:10.309271" elapsed="0.000157"/>
</kw>
<for flavor="IN">
<iter>
<kw name="Dictionary Should Contain Key" owner="Collections">
<msg time="2024-04-26T19:12:10.310345" level="INFO">False</msg>
<arg>${json_data['results'][0]['login']}</arg>
<arg>${keyTwo}</arg>
<doc>Fails if ``key`` is not found from ``dictionary``.</doc>
<status status="PASS" start="2024-04-26T19:12:10.309921" elapsed="0.000461"/>
</kw>
<kw name="Dictionary Should Contain Key" owner="Collections">
<msg time="2024-04-26T19:12:10.311059" level="INFO">False</msg>
<arg>${json_data['results'][0]['login']}</arg>
<arg>${keyTwo}</arg>
<doc>Fails if ``key`` is not found from ``dictionary``.</doc>
<status status="PASS" start="2024-04-26T19:12:10.310672" elapsed="0.000423"/>
</kw>
<kw name="Log" owner="BuiltIn">
<msg time="2024-04-26T19:12:10.311507" level="INFO">username</msg>
<arg>${keyTwo}</arg>
<doc>Logs the given message with the given level.</doc>
<status status="PASS" start="2024-04-26T19:12:10.311383" elapsed="0.000161"/>
</kw>
<var name="${keyTwo}">username</var>
<status status="PASS" start="2024-04-26T19:12:10.309811" elapsed="0.001944"/>
</iter>
<iter>
<kw name="Dictionary Should Contain Key" owner="Collections">
<msg time="2024-04-26T19:12:10.312414" level="INFO">False</msg>
<arg>${json_data['results'][0]['login']}</arg>
<arg>${keyTwo}</arg>
<doc>Fails if ``key`` is not found from ``dictionary``.</doc>
<status status="PASS" start="2024-04-26T19:12:10.312032" elapsed="0.000424"/>
</kw>
<kw name="Dictionary Should Contain Key" owner="Collections">
<msg time="2024-04-26T19:12:10.313197" level="INFO">False</msg>
<arg>${json_data['results'][0]['login']}</arg>
<arg>${keyTwo}</arg>
<doc>Fails if ``key`` is not found from ``dictionary``.</doc>
<status status="PASS" start="2024-04-26T19:12:10.312744" elapsed="0.000492"/>
</kw>
<kw name="Log" owner="BuiltIn">
<msg time="2024-04-26T19:12:10.313653" level="INFO">password</msg>
<arg>${keyTwo}</arg>
<doc>Logs the given message with the given level.</doc>
<status status="PASS" start="2024-04-26T19:12:10.313528" elapsed="0.000163"/>
</kw>
<var name="${keyTwo}">password</var>
<status status="PASS" start="2024-04-26T19:12:10.311924" elapsed="0.001995"/>
</iter>
<var>${keyTwo}</var>
<value>@{expected_keysTwo}</value>
<status status="PASS" start="2024-04-26T19:12:10.309662" elapsed="0.004413"/>
</for>
<status status="PASS" start="2024-04-26T19:12:10.197150" elapsed="0.117069"/>
</kw>
<doc>Testa a estrutura da resposta da API.</doc>
<tag>testeEstruturaResposta</tag>
<status status="PASS" start="2024-04-26T19:12:10.196471" elapsed="0.117907"/>
</test>
<test id="s1-s1-t4" name="Validar tipos de dados" line="28">
<kw name="Teste de Tipos de Dados" owner="random-user-service">
<kw name="GET On Session" owner="RequestsLibrary">
<msg time="2024-04-26T19:12:10.390590" level="INFO">GET Request : url=https://randomuser.me/api 
 path_url=/api 
 headers={'User-Agent': 'python-requests/2.31.0', 'Accept-Encoding': 'gzip, deflate', 'Accept': '*/*', 'Connection': 'keep-alive'} 
 body=None 
 </msg>
<msg time="2024-04-26T19:12:10.390665" level="INFO">GET Response : url=https://randomuser.me/api 
 status=200, reason=OK 
 headers={'Date': 'Fri, 26 Apr 2024 19:12:10 GMT', 'Content-Type': 'application/json; charset=utf-8', 'Transfer-Encoding': 'chunked', 'Connection': 'keep-alive', 'X-Powered-By': 'Express', 'Access-Control-Allow-Origin': '*', 'Cache-Control': 'no-cache', 'ETag': 'W/"4a6-WQeOrTHjgPgAc/Ho+PsHOKH7HiQ"', 'Vary': 'Accept-Encoding', 'Content-Encoding': 'gzip', 'CF-Cache-Status': 'DYNAMIC', 'Report-To': '{"endpoints":[{"url":"https:\\/\\/a.nel.cloudflare.com\\/report\\/v4?s=hwv2sJNpXoHzK3htp0fcI4N4d15EP7rfJNajA4u0KMM7Qy06%2B5DuZEIUYWPj8iSY17vgG2IGxZtoCNjSRndki1XwULs%2FaFUHbdWowvVHgGdlC1tq%2BxaZGlzWwYPA8asT"}],"group":"cf-nel","max_age":604800}', 'NEL': '{"success_fraction":0,"report_to":"cf-nel","max_age":604800}', 'Server': 'cloudflare', 'CF-RAY': '87a8e2007f8061c0-ORD', 'alt-svc': 'h3=":443"; ma=86400'} 
 body={"results":[{"gender":"male","name":{"title":"Mr","first":"Timoteo","last":"Roybal"},"location":{"street":{"number":9671,"name":"Calle Norte Varela"},"city":"Gabriel Leyva Solanoj","state":"Tabasco","country":"Mexico","postcode":33493,"coordinates":{"latitude":"23.7464","longitude":"-119.6063"},"timezone":{"offset":"+10:00","description":"Eastern Australia, Guam, Vladivostok"}},"email":"timoteo.roybal@example.com","login":{"uuid":"ecef34d4-a8fc-4a68-b44a-5b6005ee63ae","username":"crazymouse389","password":"draven","salt":"OH9XPAGp","md5":"9097ac54500fc9a4bcf7779fab9a90ad","sha1":"ecdf8fe9e2d983f205ceb67803b87788c1b354f8","sha256":"672cbc61b83aa2193950c0e22d5f58013a123d755835a12ed10bad0727ff8d8f"},"dob":{"date":"1984-12-13T23:25:13.625Z","age":39},"registered":{"date":"2010-06-04T15:55:24.994Z","age":13},"phone":"(603) 883 2697","cell":"(638) 130 7649","id":{"name":"NSS","value":"59 70 62 8837 9"},"picture":{"large":"https://randomuser.me/api/portraits/men/5.jpg","medium":"https://randomuser.me/api/portraits/med/men/5.jpg","thumbnail":"https://randomuser.me/api/portraits/thumb/men/5.jpg"},"nat":"MX"}],"info":{"seed":"abadd33b4899a95f","results":1,"page":1,"version":"1.4"}} 
 </msg>
<msg time="2024-04-26T19:12:10.390727" level="INFO">/opt/hostedtoolcache/Python/3.12.3/x64/lib/python3.12/site-packages/urllib3/connectionpool.py:1103: InsecureRequestWarning: Unverified HTTPS request is being made to host 'randomuser.me'. Adding certificate verification is strongly advised. See: https://urllib3.readthedocs.io/en/latest/advanced-usage.html#tls-warnings
  warnings.warn(</msg>
<msg time="2024-04-26T19:12:10.390829" level="INFO">${response} = &lt;Response [200]&gt;</msg>
<var>${response}</var>
<arg>consultarAPI</arg>
<arg>/api</arg>
<doc>Sends a GET request on a previously created HTTP Session.</doc>
<status status="PASS" start="2024-04-26T19:12:10.316950" elapsed="0.073920"/>
</kw>
<kw name="Set Variable" owner="BuiltIn">
<msg time="2024-04-26T19:12:10.392020" level="INFO">${json_data} = {'results': [{'gender': 'male', 'name': {'title': 'Mr', 'first': 'Timoteo', 'last': 'Roybal'}, 'location': {'street': {'number': 9671, 'name': 'Calle Norte Varela'}, 'city': 'Gabriel Leyva Solanoj', '...</msg>
<var>${json_data}</var>
<arg>${response.json()}</arg>
<doc>Returns the given values which can then be assigned to a variables.</doc>
<status status="PASS" start="2024-04-26T19:12:10.391410" elapsed="0.000639"/>
</kw>
<kw name="Log" owner="BuiltIn">
<msg time="2024-04-26T19:12:10.392510" level="INFO">{'results': [{'gender': 'male', 'name': {'title': 'Mr', 'first': 'Timoteo', 'last': 'Roybal'}, 'location': {'street': {'number': 9671, 'name': 'Calle Norte Varela'}, 'city': 'Gabriel Leyva Solanoj', 'state': 'Tabasco', 'country': 'Mexico', 'postcode': 33493, 'coordinates': {'latitude': '23.7464', 'longitude': '-119.6063'}, 'timezone': {'offset': '+10:00', 'description': 'Eastern Australia, Guam, Vladivostok'}}, 'email': 'timoteo.roybal@example.com', 'login': {'uuid': 'ecef34d4-a8fc-4a68-b44a-5b6005ee63ae', 'username': 'crazymouse389', 'password': 'draven', 'salt': 'OH9XPAGp', 'md5': '9097ac54500fc9a4bcf7779fab9a90ad', 'sha1': 'ecdf8fe9e2d983f205ceb67803b87788c1b354f8', 'sha256': '672cbc61b83aa2193950c0e22d5f58013a123d755835a12ed10bad0727ff8d8f'}, 'dob': {'date': '1984-12-13T23:25:13.625Z', 'age': 39}, 'registered': {'date': '2010-06-04T15:55:24.994Z', 'age': 13}, 'phone': '(603) 883 2697', 'cell': '(638) 130 7649', 'id': {'name': 'NSS', 'value': '59 70 62 8837 9'}, 'picture': {'large': 'https://randomuser.me/api/portraits/men/5.jpg', 'medium': 'https://randomuser.me/api/portraits/med/men/5.jpg', 'thumbnail': 'https://randomuser.me/api/portraits/thumb/men/5.jpg'}, 'nat': 'MX'}], 'info': {'seed': 'abadd33b4899a95f', 'results': 1, 'page': 1, 'version': '1.4'}}</msg>
<arg>${json_data}</arg>
<doc>Logs the given message with the given level.</doc>
<status status="PASS" start="2024-04-26T19:12:10.392355" elapsed="0.000240"/>
</kw>
<kw name="Should Be String" owner="String">
<arg>${json_data['results'][0]['gender']}</arg>
<doc>Fails if the given ``item`` is not a string.</doc>
<status status="PASS" start="2024-04-26T19:12:10.392891" elapsed="0.000357"/>
</kw>
<kw name="Should Match Regexp" owner="BuiltIn">
<arg>${json_data['results'][0]['email']}</arg>
<arg>^[a-zA-Z0-9._%+-]+@[a-zA-Z0-9.-]+\.[a-zA-Z]{2,}$</arg>
<doc>Fails if ``string`` does not match ``pattern`` as a regular expression.</doc>
<status status="PASS" start="2024-04-26T19:12:10.393439" elapsed="0.000560"/>
</kw>
<kw name="Should Match Regexp" owner="BuiltIn">
<arg>${json_data['results'][0]['dob']['date']}</arg>
<arg>\\d{4}-\\d{2}-\\d{2}T\\d{2}:\\d{2}:\\d{2}\\.\\d{3}Z</arg>
<doc>Fails if ``string`` does not match ``pattern`` as a regular expression.</doc>
<status status="PASS" start="2024-04-26T19:12:10.394208" elapsed="0.000490"/>
</kw>
<kw name="Should Match Regexp" owner="BuiltIn">
<arg>${json_data['results'][0]['registered']['date']}</arg>
<arg>\\d{4}-\\d{2}-\\d{2}T\\d{2}:\\d{2}:\\d{2}\\.\\d{3}Z</arg>
<doc>Fails if ``string`` does not match ``pattern`` as a regular expression.</doc>
<status status="PASS" start="2024-04-26T19:12:10.394888" elapsed="0.000366"/>
</kw>
<kw name="Should Match Regexp" owner="BuiltIn">
<arg>${json_data['results'][0]['picture']['large']}</arg>
<arg>^https?://.*\.(?:png|jpe?g|gif|bmp)$</arg>
<doc>Fails if ``string`` does not match ``pattern`` as a regular expression.</doc>
<status status="PASS" start="2024-04-26T19:12:10.395442" elapsed="0.000463"/>
</kw>
<kw name="Should Match Regexp" owner="BuiltIn">
<arg>${json_data['results'][0]['picture']['medium']}</arg>
<arg>^https?://.*\.(?:png|jpe?g|gif|bmp)$</arg>
<doc>Fails if ``string`` does not match ``pattern`` as a regular expression.</doc>
<status status="PASS" start="2024-04-26T19:12:10.396098" elapsed="0.000356"/>
</kw>
<kw name="Should Match Regexp" owner="BuiltIn">
<arg>${json_data['results'][0]['picture']['thumbnail']}</arg>
<arg>^https?://.*\.(?:png|jpe?g|gif|bmp)$</arg>
<doc>Fails if ``string`` does not match ``pattern`` as a regular expression.</doc>
<status status="PASS" start="2024-04-26T19:12:10.396637" elapsed="0.000353"/>
</kw>
<kw name="Log" owner="BuiltIn">
<msg time="2024-04-26T19:12:10.397489" level="INFO">{'large': 'https://randomuser.me/api/portraits/men/5.jpg', 'medium': 'https://randomuser.me/api/portraits/med/men/5.jpg', 'thumbnail': 'https://randomuser.me/api/portraits/thumb/men/5.jpg'}</msg>
<arg>${json_data['results'][0]['picture']}</arg>
<doc>Logs the given message with the given level.</doc>
<status status="PASS" start="2024-04-26T19:12:10.397170" elapsed="0.000360"/>
</kw>
<status status="PASS" start="2024-04-26T19:12:10.316723" elapsed="0.081061"/>
</kw>
<kw name="Teste de Tipos de Dados - Postcode" owner="random-user-service">
<kw name="GET On Session" owner="RequestsLibrary">
<msg time="2024-04-26T19:12:10.495057" level="INFO">GET Request : url=https://randomuser.me/api 
 path_url=/api 
 headers={'User-Agent': 'python-requests/2.31.0', 'Accept-Encoding': 'gzip, deflate', 'Accept': '*/*', 'Connection': 'keep-alive'} 
 body=None 
 </msg>
<msg time="2024-04-26T19:12:10.495124" level="INFO">GET Response : url=https://randomuser.me/api 
 status=200, reason=OK 
 headers={'Date': 'Fri, 26 Apr 2024 19:12:10 GMT', 'Content-Type': 'application/json; charset=utf-8', 'Transfer-Encoding': 'chunked', 'Connection': 'keep-alive', 'X-Powered-By': 'Express', 'Access-Control-Allow-Origin': '*', 'Cache-Control': 'no-cache', 'ETag': 'W/"4a1-MRKSI3mhg32oPLFZaO61C+s3HBA"', 'Vary': 'Accept-Encoding', 'Content-Encoding': 'gzip', 'CF-Cache-Status': 'DYNAMIC', 'Report-To': '{"endpoints":[{"url":"https:\\/\\/a.nel.cloudflare.com\\/report\\/v4?s=k8%2BODNubiMxzJeL4fs1lotkYpf1paIl2ixk5ncnJ%2B81Fpt5NA%2Fr5UrZelCO%2Bu8kcdnfQJk%2FoMmU4yfsT5CD5Gz7QrPe3bdiALM6SYXXeFZYjw537WZzt5ytQMh4SXgLz"}],"group":"cf-nel","max_age":604800}', 'NEL': '{"success_fraction":0,"report_to":"cf-nel","max_age":604800}', 'Server': 'cloudflare', 'CF-RAY': '87a8e201083761c0-ORD', 'alt-svc': 'h3=":443"; ma=86400'} 
 body={"results":[{"gender":"female","name":{"title":"Mrs","first":"Ronja","last":"Niskanen"},"location":{"street":{"number":7167,"name":"Mechelininkatu"},"city":"Pyhäntä","state":"Southern Ostrobothnia","country":"Finland","postcode":21463,"coordinates":{"latitude":"-22.8963","longitude":"79.9118"},"timezone":{"offset":"+2:00","description":"Kaliningrad, South Africa"}},"email":"ronja.niskanen@example.com","login":{"uuid":"ca98b6bc-2062-4f12-87fa-967cfab0a29b","username":"redmeercat469","password":"wasabi","salt":"cAk8gjIC","md5":"13ffb4ef1dab6fe87ed4d71d45885113","sha1":"f45ca6a5fe973ab8d9f6481fcd38598e82bfd105","sha256":"4f7df23f5bb6dac7e1c4097e226278b5dd29bd2b554c8a45c2338b04a41b81c7"},"dob":{"date":"1970-08-01T13:27:46.970Z","age":53},"registered":{"date":"2018-06-14T03:39:23.963Z","age":5},"phone":"07-606-157","cell":"048-403-78-89","id":{"name":"HETU","value":"NaNNA756undefined"},"picture":{"large":"https://randomuser.me/api/portraits/women/96.jpg","medium":"https://randomuser.me/api/portraits/med/women/96.jpg","thumbnail":"https://randomuser.me/api/portraits/thumb/women/96.jpg"},"nat":"FI"}],"info":{"seed":"8e303e0d79905669","results":1,"page":1,"version":"1.4"}} 
 </msg>
<msg time="2024-04-26T19:12:10.495187" level="INFO">/opt/hostedtoolcache/Python/3.12.3/x64/lib/python3.12/site-packages/urllib3/connectionpool.py:1103: InsecureRequestWarning: Unverified HTTPS request is being made to host 'randomuser.me'. Adding certificate verification is strongly advised. See: https://urllib3.readthedocs.io/en/latest/advanced-usage.html#tls-warnings
  warnings.warn(</msg>
<msg time="2024-04-26T19:12:10.495288" level="INFO">${response} = &lt;Response [200]&gt;</msg>
<var>${response}</var>
<arg>consultarAPI</arg>
<arg>/api</arg>
<doc>Sends a GET request on a previously created HTTP Session.</doc>
<status status="PASS" start="2024-04-26T19:12:10.398277" elapsed="0.097053"/>
</kw>
<kw name="Set Variable" owner="BuiltIn">
<msg time="2024-04-26T19:12:10.496446" level="INFO">${json_data} = {'results': [{'gender': 'female', 'name': {'title': 'Mrs', 'first': 'Ronja', 'last': 'Niskanen'}, 'location': {'street': {'number': 7167, 'name': 'Mechelininkatu'}, 'city': 'Pyhäntä', 'state': 'Southe...</msg>
<var>${json_data}</var>
<arg>${response.json()}</arg>
<doc>Returns the given values which can then be assigned to a variables.</doc>
<status status="PASS" start="2024-04-26T19:12:10.495839" elapsed="0.000635"/>
</kw>
<kw name="Log" owner="BuiltIn">
<msg time="2024-04-26T19:12:10.496943" level="INFO">{'results': [{'gender': 'female', 'name': {'title': 'Mrs', 'first': 'Ronja', 'last': 'Niskanen'}, 'location': {'street': {'number': 7167, 'name': 'Mechelininkatu'}, 'city': 'Pyhäntä', 'state': 'Southern Ostrobothnia', 'country': 'Finland', 'postcode': 21463, 'coordinates': {'latitude': '-22.8963', 'longitude': '79.9118'}, 'timezone': {'offset': '+2:00', 'description': 'Kaliningrad, South Africa'}}, 'email': 'ronja.niskanen@example.com', 'login': {'uuid': 'ca98b6bc-2062-4f12-87fa-967cfab0a29b', 'username': 'redmeercat469', 'password': 'wasabi', 'salt': 'cAk8gjIC', 'md5': '13ffb4ef1dab6fe87ed4d71d45885113', 'sha1': 'f45ca6a5fe973ab8d9f6481fcd38598e82bfd105', 'sha256': '4f7df23f5bb6dac7e1c4097e226278b5dd29bd2b554c8a45c2338b04a41b81c7'}, 'dob': {'date': '1970-08-01T13:27:46.970Z', 'age': 53}, 'registered': {'date': '2018-06-14T03:39:23.963Z', 'age': 5}, 'phone': '07-606-157', 'cell': '048-403-78-89', 'id': {'name': 'HETU', 'value': 'NaNNA756undefined'}, 'picture': {'large': 'https://randomuser.me/api/portraits/women/96.jpg', 'medium': 'https://randomuser.me/api/portraits/med/women/96.jpg', 'thumbnail': 'https://randomuser.me/api/portraits/thumb/women/96.jpg'}, 'nat': 'FI'}], 'info': {'seed': '8e303e0d79905669', 'results': 1, 'page': 1, 'version': '1.4'}}</msg>
<arg>${json_data}</arg>
<doc>Logs the given message with the given level.</doc>
<status status="PASS" start="2024-04-26T19:12:10.496786" elapsed="0.000237"/>
</kw>
<kw name="Should Be Equal As Numbers" owner="BuiltIn">
<arg>${json_data['results'][0]['location']['postcode']}</arg>
<arg>${json_data['results'][0]['location']['postcode']}</arg>
<doc>Fails if objects are unequal after converting them to real numbers.</doc>
<status status="PASS" start="2024-04-26T19:12:10.497346" elapsed="0.000808"/>
</kw>
<kw name="Log" owner="BuiltIn">
<msg time="2024-04-26T19:12:10.498690" level="INFO">21463</msg>
<arg>${json_data['results'][0]['location']['postcode']}</arg>
<doc>Logs the given message with the given level.</doc>
<status status="PASS" start="2024-04-26T19:12:10.498351" elapsed="0.000381"/>
</kw>
<status status="PASS" start="2024-04-26T19:12:10.398036" elapsed="0.100949"/>
</kw>
<doc>Testa se os tipos de dados na resposta da API estão corretos.</doc>
<tag>testeTiposDados</tag>
<status status="PASS" start="2024-04-26T19:12:10.316167" elapsed="0.182982"/>
</test>
<test id="s1-s1-t5" name="Validar conteudo" line="35">
<kw name="Teste de Tipos de Conteudo" owner="random-user-service">
<kw name="GET On Session" owner="RequestsLibrary">
<msg time="2024-04-26T19:12:10.594714" level="INFO">GET Request : url=https://randomuser.me/api 
 path_url=/api 
 headers={'User-Agent': 'python-requests/2.31.0', 'Accept-Encoding': 'gzip, deflate', 'Accept': '*/*', 'Connection': 'keep-alive'} 
 body=None 
 </msg>
<msg time="2024-04-26T19:12:10.594822" level="INFO">GET Response : url=https://randomuser.me/api 
 status=200, reason=OK 
 headers={'Date': 'Fri, 26 Apr 2024 19:12:10 GMT', 'Content-Type': 'application/json; charset=utf-8', 'Transfer-Encoding': 'chunked', 'Connection': 'keep-alive', 'X-Powered-By': 'Express', 'Access-Control-Allow-Origin': '*', 'Cache-Control': 'no-cache', 'ETag': 'W/"483-m1dqVQORB0N60zFRLQh2txLdqBw"', 'Vary': 'Accept-Encoding', 'Content-Encoding': 'gzip', 'CF-Cache-Status': 'DYNAMIC', 'Report-To': '{"endpoints":[{"url":"https:\\/\\/a.nel.cloudflare.com\\/report\\/v4?s=2tOYScYFTwgqykbhCi03lROe2IT5z868WnJe3R03zSlSvvsdkizcHEitFybA7rxN63lqGAVmjVNL04HinfaGH7v4Qc%2Fnch8fIbCNWD10mL2JnYYdMduVR8qtSNM1ea58"}],"group":"cf-nel","max_age":604800}', 'NEL': '{"success_fraction":0,"report_to":"cf-nel","max_age":604800}', 'Server': 'cloudflare', 'CF-RAY': '87a8e201a93161c0-ORD', 'alt-svc': 'h3=":443"; ma=86400'} 
 body={"results":[{"gender":"female","name":{"title":"Mrs","first":"Latife","last":"Kunter"},"location":{"street":{"number":6034,"name":"Doktorlar Cd"},"city":"Eskişehir","state":"Iğdır","country":"Turkey","postcode":50297,"coordinates":{"latitude":"72.1110","longitude":"33.0176"},"timezone":{"offset":"-1:00","description":"Azores, Cape Verde Islands"}},"email":"latife.kunter@example.com","login":{"uuid":"9966925f-777e-4575-b375-d97db9651629","username":"greensnake640","password":"jonathon","salt":"BD4tEvml","md5":"18cc8a26b87a816b15b98a3d34ac8ef6","sha1":"d55ea84be85a9a3dd806aa65b47bab28086f934a","sha256":"84ad67d4439021bba5245473c64ece191f62e8817d2f7dd04ddcf4265b783516"},"dob":{"date":"1970-11-21T11:26:34.366Z","age":53},"registered":{"date":"2019-09-26T20:34:36.150Z","age":4},"phone":"(543)-031-5329","cell":"(569)-060-6732","id":{"name":"","value":null},"picture":{"large":"https://randomuser.me/api/portraits/women/69.jpg","medium":"https://randomuser.me/api/portraits/med/women/69.jpg","thumbnail":"https://randomuser.me/api/portraits/thumb/women/69.jpg"},"nat":"TR"}],"info":{"seed":"56f110f28110c071","results":1,"page":1,"version":"1.4"}} 
 </msg>
<msg time="2024-04-26T19:12:10.594909" level="INFO">/opt/hostedtoolcache/Python/3.12.3/x64/lib/python3.12/site-packages/urllib3/connectionpool.py:1103: InsecureRequestWarning: Unverified HTTPS request is being made to host 'randomuser.me'. Adding certificate verification is strongly advised. See: https://urllib3.readthedocs.io/en/latest/advanced-usage.html#tls-warnings
  warnings.warn(</msg>
<msg time="2024-04-26T19:12:10.595026" level="INFO">${response} = &lt;Response [200]&gt;</msg>
<var>${response}</var>
<arg>consultarAPI</arg>
<arg>/api</arg>
<doc>Sends a GET request on a previously created HTTP Session.</doc>
<status status="PASS" start="2024-04-26T19:12:10.501680" elapsed="0.093386"/>
</kw>
<kw name="Set Variable" owner="BuiltIn">
<msg time="2024-04-26T19:12:10.596055" level="INFO">${json_data} = {'results': [{'gender': 'female', 'name': {'title': 'Mrs', 'first': 'Latife', 'last': 'Kunter'}, 'location': {'street': {'number': 6034, 'name': 'Doktorlar Cd'}, 'city': 'Eskişehir', 'state': 'Iğdır',...</msg>
<var>${json_data}</var>
<arg>${response.json()}</arg>
<doc>Returns the given values which can then be assigned to a variables.</doc>
<status status="PASS" start="2024-04-26T19:12:10.595542" elapsed="0.000544"/>
</kw>
<kw name="Set Variable" owner="BuiltIn">
<msg time="2024-04-26T19:12:10.596769" level="INFO">${name_title} = Mrs</msg>
<var>${name_title}</var>
<arg>${json_data["results"][0]["name"]["title"]}</arg>
<doc>Returns the given values which can then be assigned to a variables.</doc>
<status status="PASS" start="2024-04-26T19:12:10.596392" elapsed="0.000403"/>
</kw>
<kw name="Create List" owner="BuiltIn">
<msg time="2024-04-26T19:12:10.597244" level="INFO">${allowed_titles} = ['Mr', 'Ms', 'Miss', 'Mrs', 'Madame', 'Monsieur']</msg>
<var>${allowed_titles}</var>
<arg>Mr</arg>
<arg>Ms</arg>
<arg>Miss</arg>
<arg>Mrs</arg>
<arg>Madame</arg>
<arg>Monsieur</arg>
<doc>Returns a list containing given items.</doc>
<status status="PASS" start="2024-04-26T19:12:10.597097" elapsed="0.000171"/>
</kw>
<kw name="List Should Contain Value" owner="Collections">
<msg time="2024-04-26T19:12:10.597745" level="INFO">False</msg>
<arg>${allowed_titles}</arg>
<arg>${name_title}</arg>
<doc>Fails if the ``value`` is not found from ``list``.</doc>
<status status="PASS" start="2024-04-26T19:12:10.597572" elapsed="0.000209"/>
</kw>
<kw name="Set Variable" owner="BuiltIn">
<msg time="2024-04-26T19:12:10.598498" level="INFO">${name_country} = TR</msg>
<var>${name_country}</var>
<arg>${json_data["results"][0]["nat"]}</arg>
<doc>Returns the given values which can then be assigned to a variables.</doc>
<status status="PASS" start="2024-04-26T19:12:10.598110" elapsed="0.000413"/>
</kw>
<kw name="Create List" owner="BuiltIn">
<msg time="2024-04-26T19:12:10.599413" level="INFO">${list_country} = ['AD', 'AE', 'AF', 'AG', 'AI', 'AL', 'AM', 'AO', 'AQ', 'AR', 'AS', 'AT', 'AU', 'AW', 'AX', 'AZ', 'BA', 'BB', 'BD', 'BE', 'BF', 'BG', 'BH', 'BI', 'BJ', 'BL', 'BM', 'BN', 'BO', 'BQ', 'BR', 'BS', 'BT', '...</msg>
<var>${list_country}</var>
<arg>AD</arg>
<arg>AE</arg>
<arg>AF</arg>
<arg>AG</arg>
<arg>AI</arg>
<arg>AL</arg>
<arg>AM</arg>
<arg>AO</arg>
<arg>AQ</arg>
<arg>AR</arg>
<arg>AS</arg>
<arg>AT</arg>
<arg>AU</arg>
<arg>AW</arg>
<arg>AX</arg>
<arg>AZ</arg>
<arg>BA</arg>
<arg>BB</arg>
<arg>BD</arg>
<arg>BE</arg>
<arg>BF</arg>
<arg>BG</arg>
<arg>BH</arg>
<arg>BI</arg>
<arg>BJ</arg>
<arg>BL</arg>
<arg>BM</arg>
<arg>BN</arg>
<arg>BO</arg>
<arg>BQ</arg>
<arg>BR</arg>
<arg>BS</arg>
<arg>BT</arg>
<arg>BV</arg>
<arg>BW</arg>
<arg>BY</arg>
<arg>BZ</arg>
<arg>CA</arg>
<arg>CC</arg>
<arg>CD</arg>
<arg>CF</arg>
<arg>CG</arg>
<arg>CH</arg>
<arg>CI</arg>
<arg>CK</arg>
<arg>CL</arg>
<arg>CM</arg>
<arg>CN</arg>
<arg>CO</arg>
<arg>CR</arg>
<arg>CU</arg>
<arg>CV</arg>
<arg>CW</arg>
<arg>CX</arg>
<arg>CY</arg>
<arg>CZ</arg>
<arg>DE</arg>
<arg>DJ</arg>
<arg>DK</arg>
<arg>DM</arg>
<arg>DO</arg>
<arg>DZ</arg>
<arg>EC</arg>
<arg>EE</arg>
<arg>EG</arg>
<arg>EH</arg>
<arg>ER</arg>
<arg>ES</arg>
<arg>ET</arg>
<arg>FI</arg>
<arg>FJ</arg>
<arg>FK</arg>
<arg>FM</arg>
<arg>FO</arg>
<arg>FR</arg>
<arg>GA</arg>
<arg>GB</arg>
<arg>GD</arg>
<arg>GE</arg>
<arg>GF</arg>
<arg>GG</arg>
<arg>GH</arg>
<arg>GI</arg>
<arg>GL</arg>
<arg>GM</arg>
<arg>GN</arg>
<arg>GP</arg>
<arg>GQ</arg>
<arg>GR</arg>
<arg>GS</arg>
<arg>GT</arg>
<arg>GU</arg>
<arg>GW</arg>
<arg>GY</arg>
<arg>HK</arg>
<arg>HM</arg>
<arg>HN</arg>
<arg>HR</arg>
<arg>HT</arg>
<arg>HU</arg>
<arg>ID</arg>
<arg>IE</arg>
<arg>IL</arg>
<arg>IM</arg>
<arg>IN</arg>
<arg>IO</arg>
<arg>IQ</arg>
<arg>IR</arg>
<arg>IS</arg>
<arg>IT</arg>
<arg>JE</arg>
<arg>JM</arg>
<arg>JO</arg>
<arg>JP</arg>
<arg>KE</arg>
<arg>KG</arg>
<arg>KH</arg>
<arg>KI</arg>
<arg>KM</arg>
<arg>KN</arg>
<arg>KP</arg>
<arg>KR</arg>
<arg>KW</arg>
<arg>KY</arg>
<arg>KZ</arg>
<arg>LA</arg>
<arg>LB</arg>
<arg>LC</arg>
<arg>LI</arg>
<arg>LK</arg>
<arg>LR</arg>
<arg>LS</arg>
<arg>LT</arg>
<arg>LU</arg>
<arg>LV</arg>
<arg>LY</arg>
<arg>MA</arg>
<arg>MC</arg>
<arg>MD</arg>
<arg>ME</arg>
<arg>MF</arg>
<arg>MG</arg>
<arg>MH</arg>
<arg>MK</arg>
<arg>ML</arg>
<arg>MM</arg>
<arg>MN</arg>
<arg>MO</arg>
<arg>MP</arg>
<arg>MQ</arg>
<arg>MR</arg>
<arg>MS</arg>
<arg>MT</arg>
<arg>MU</arg>
<arg>MV</arg>
<arg>MW</arg>
<arg>MX</arg>
<arg>MY</arg>
<arg>MZ</arg>
<arg>NA</arg>
<arg>NC</arg>
<arg>NE</arg>
<arg>NF</arg>
<arg>NG</arg>
<arg>NI</arg>
<arg>NL</arg>
<arg>NO</arg>
<arg>NP</arg>
<arg>NR</arg>
<arg>NU</arg>
<arg>NZ</arg>
<arg>OM</arg>
<arg>PA</arg>
<arg>PE</arg>
<arg>PF</arg>
<arg>PG</arg>
<arg>PH</arg>
<arg>PK</arg>
<arg>PL</arg>
<arg>PM</arg>
<arg>PN</arg>
<arg>PR</arg>
<arg>PS</arg>
<arg>PT</arg>
<arg>PW</arg>
<arg>PY</arg>
<arg>QA</arg>
<arg>RE</arg>
<arg>RO</arg>
<arg>RS</arg>
<arg>RU</arg>
<arg>RW</arg>
<arg>SA</arg>
<arg>SB</arg>
<arg>SC</arg>
<arg>SD</arg>
<arg>SE</arg>
<arg>SG</arg>
<arg>SH</arg>
<arg>SI</arg>
<arg>SJ</arg>
<arg>SK</arg>
<arg>SL</arg>
<arg>SM</arg>
<arg>SN</arg>
<arg>SO</arg>
<arg>SR</arg>
<arg>SS</arg>
<arg>ST</arg>
<arg>SV</arg>
<arg>SX</arg>
<arg>SY</arg>
<arg>SZ</arg>
<arg>TC</arg>
<arg>TD</arg>
<arg>TF</arg>
<arg>TG</arg>
<arg>TH</arg>
<arg>TJ</arg>
<arg>TK</arg>
<arg>TL</arg>
<arg>TM</arg>
<arg>TN</arg>
<arg>TO</arg>
<arg>TR</arg>
<arg>TT</arg>
<arg>TV</arg>
<arg>TW</arg>
<arg>TZ</arg>
<arg>UA</arg>
<arg>UG</arg>
<arg>UM</arg>
<arg>US</arg>
<arg>UY</arg>
<arg>UZ</arg>
<arg>VA</arg>
<arg>VC</arg>
<arg>VE</arg>
<arg>VG</arg>
<arg>VI</arg>
<arg>VN</arg>
<arg>VU</arg>
<arg>WF</arg>
<arg>WS</arg>
<arg>XK</arg>
<arg>YE</arg>
<arg>YT</arg>
<arg>ZA</arg>
<arg>ZM</arg>
<arg>ZW</arg>
<doc>Returns a list containing given items.</doc>
<status status="PASS" start="2024-04-26T19:12:10.598828" elapsed="0.000610"/>
</kw>
<kw name="List Should Contain Value" owner="Collections">
<msg time="2024-04-26T19:12:10.600435" level="INFO">False</msg>
<arg>${list_country}</arg>
<arg>${name_country}</arg>
<doc>Fails if the ``value`` is not found from ``list``.</doc>
<status status="PASS" start="2024-04-26T19:12:10.600232" elapsed="0.000239"/>
</kw>
<kw name="Run Keyword If" owner="BuiltIn">
<kw name="Should Be True" owner="BuiltIn">
<arg>${True}</arg>
<doc>Fails if the given condition is not true.</doc>
<status status="PASS" start="2024-04-26T19:12:10.601540" elapsed="0.000142"/>
</kw>
<arg>${json_data["results"][0]["location"]["coordinates"]["latitude"]} &gt;= -90 and ${json_data["results"][0]["location"]["coordinates"]["latitude"]} &lt;= 90</arg>
<arg>Should Be True</arg>
<arg>${True}</arg>
<doc>Runs the given keyword with the given arguments, if ``condition`` is true.</doc>
<status status="PASS" start="2024-04-26T19:12:10.600784" elapsed="0.001023"/>
</kw>
<kw name="Run Keyword If" owner="BuiltIn">
<kw name="Should Be True" owner="BuiltIn">
<arg>${True}</arg>
<doc>Fails if the given condition is not true.</doc>
<status status="PASS" start="2024-04-26T19:12:10.602730" elapsed="0.000256"/>
</kw>
<arg>${json_data["results"][0]["location"]["coordinates"]["longitude"]} &gt;= -180 and ${json_data["results"][0]["location"]["coordinates"]["longitude"]} &lt;= 180</arg>
<arg>Should Be True</arg>
<arg>${True}</arg>
<doc>Runs the given keyword with the given arguments, if ``condition`` is true.</doc>
<status status="PASS" start="2024-04-26T19:12:10.602028" elapsed="0.001083"/>
</kw>
<status status="PASS" start="2024-04-26T19:12:10.501456" elapsed="0.101788"/>
</kw>
<doc>Testa o conteúdo específico dos campos retornados pela API.</doc>
<tag>testeConteudo</tag>
<status status="PASS" start="2024-04-26T19:12:10.500926" elapsed="0.102474"/>
</test>
<status status="PASS" start="2024-04-26T19:12:09.794193" elapsed="0.811182"/>
</suite>
<status status="PASS" start="2024-04-26T19:12:09.780706" elapsed="0.829827"/>
</suite>
<statistics>
<total>
<stat pass="5" fail="0" skip="0">All Tests</stat>
</total>
<tag>
<stat pass="1" fail="0" skip="0">testeConteudo</stat>
<stat pass="1" fail="0" skip="0">testeEstruturaResposta</stat>
<stat pass="1" fail="0" skip="0">testeRequisicaoBasica</stat>
<stat pass="1" fail="0" skip="0">testeTiposDados</stat>
</tag>
<suite>
<stat pass="5" fail="0" skip="0" id="s1" name="Tests">Tests</stat>
<stat pass="5" fail="0" skip="0" id="s1-s1" name="Random-User-Test">Tests.Random-User-Test</stat>
</suite>
</statistics>
<errors>
</errors>
</robot>
