<?xml version="1.0" encoding="UTF-8"?>
<robot generator="Robot 7.0 (Python 3.12.3 on linux)" generated="2024-04-22T18:17:04.905996" rpa="false" schemaversion="5">
<suite id="s1" name="Tests" source="/home/runner/work/DesafioQAItauRogerioJordao/DesafioQAItauRogerioJordao/RamdonUser/tests">
<suite id="s1-s1" name="Random-User-Test" source="/home/runner/work/DesafioQAItauRogerioJordao/DesafioQAItauRogerioJordao/RamdonUser/tests/random-user-test.robot">
<test id="s1-s1-t1" name="Conectar" line="13">
<kw name="Conectar API" owner="random-user-service">
<kw name="Create Session" owner="RequestsLibrary">
<msg time="2024-04-22T18:17:05.273057" level="INFO">Creating Session using : alias=consultarAPI, url=https://randomuser.me/, headers={},                     cookies={}, auth=None, timeout=None, proxies=None, verify=False,                     debug=0 </msg>
<arg>consultarAPI</arg>
<arg>${URL}</arg>
<doc>Create Session: create a HTTP session to a server</doc>
<status status="PASS" start="2024-04-22T18:17:05.272844" elapsed="0.000395"/>
</kw>
<status status="PASS" start="2024-04-22T18:17:05.271309" elapsed="0.002293"/>
</kw>
<status status="PASS" start="2024-04-22T18:17:05.270701" elapsed="0.003093"/>
</test>
<test id="s1-s1-t2" name="Validar retorno 200 e JSON Válido" line="16">
<kw name="Teste de Requisicao Basica" owner="random-user-service">
<kw name="GET On Session" owner="RequestsLibrary">
<msg time="2024-04-22T18:17:05.453804" level="INFO">GET Request : url=https://randomuser.me/api 
 path_url=/api 
 headers={'User-Agent': 'python-requests/2.31.0', 'Accept-Encoding': 'gzip, deflate', 'Accept': '*/*', 'Connection': 'keep-alive'} 
 body=None 
 </msg>
<msg time="2024-04-22T18:17:05.453957" level="INFO">GET Response : url=https://randomuser.me/api 
 status=200, reason=OK 
 headers={'Date': 'Mon, 22 Apr 2024 18:17:05 GMT', 'Content-Type': 'application/json; charset=utf-8', 'Transfer-Encoding': 'chunked', 'Connection': 'keep-alive', 'X-Powered-By': 'Express', 'Access-Control-Allow-Origin': '*', 'Cache-Control': 'no-cache', 'ETag': 'W/"477-NLc+f5ENWJZJ/5inygic/NhEgcg"', 'Vary': 'Accept-Encoding', 'Content-Encoding': 'gzip', 'CF-Cache-Status': 'DYNAMIC', 'Report-To': '{"endpoints":[{"url":"https:\\/\\/a.nel.cloudflare.com\\/report\\/v4?s=xNxkDVUANNfyLV6xpBonmp1fwgt5pNNljgS5gpYoUPXjF3rVttKNbBZgH40zcjGfWdC2NFsED537y1OdNBwuh9qITCqoMI%2FJ7WBLZ5p1QKm1dQevav1xTp7g3jdTfd3Q"}],"group":"cf-nel","max_age":604800}', 'NEL': '{"success_fraction":0,"report_to":"cf-nel","max_age":604800}', 'Server': 'cloudflare', 'CF-RAY': '87879bd0da2f3952-IAD', 'alt-svc': 'h3=":443"; ma=86400'} 
 body={"results":[{"gender":"female","name":{"title":"Mrs","first":"عسل","last":"گلشن"},"location":{"street":{"number":3200,"name":"شهید سرتیپ نامجو"},"city":"بابل","state":"بوشهر","country":"Iran","postcode":81362,"coordinates":{"latitude":"13.5297","longitude":"48.6632"},"timezone":{"offset":"-9:00","description":"Alaska"}},"email":"aasl.glshn@example.com","login":{"uuid":"8fa25723-ca07-463a-b082-bb040abd0286","username":"bluepanda734","password":"logan1","salt":"PcDAnM9d","md5":"e82b7144ddbe2b3212951db44f4fbd6c","sha1":"33841923f6b8823d275400a9cc54d718546e885c","sha256":"bdc343398e2b6d3e49f2f7f959c425124e920925080d861f48d5301ffa76d67d"},"dob":{"date":"1945-04-15T04:56:39.287Z","age":79},"registered":{"date":"2007-08-11T13:45:28.948Z","age":16},"phone":"067-80154839","cell":"0964-551-3691","id":{"name":"","value":null},"picture":{"large":"https://randomuser.me/api/portraits/women/4.jpg","medium":"https://randomuser.me/api/portraits/med/women/4.jpg","thumbnail":"https://randomuser.me/api/portraits/thumb/women/4.jpg"},"nat":"IR"}],"info":{"seed":"2ec1f518db5e9acf","results":1,"page":1,"version":"1.4"}} 
 </msg>
<msg time="2024-04-22T18:17:05.454047" level="INFO">/opt/hostedtoolcache/Python/3.12.3/x64/lib/python3.12/site-packages/urllib3/connectionpool.py:1103: InsecureRequestWarning: Unverified HTTPS request is being made to host 'randomuser.me'. Adding certificate verification is strongly advised. See: https://urllib3.readthedocs.io/en/latest/advanced-usage.html#tls-warnings
  warnings.warn(</msg>
<msg time="2024-04-22T18:17:05.454208" level="INFO">${response} = &lt;Response [200]&gt;</msg>
<var>${response}</var>
<arg>consultarAPI</arg>
<arg>/api</arg>
<doc>Sends a GET request on a previously created HTTP Session.</doc>
<status status="PASS" start="2024-04-22T18:17:05.276451" elapsed="0.177801"/>
</kw>
<kw name="Should Be Equal As Numbers" owner="BuiltIn">
<msg time="2024-04-22T18:17:05.455236" level="INFO">Argument types are:
&lt;class 'int'&gt;
&lt;class 'str'&gt;</msg>
<arg>${response.status_code}</arg>
<arg>200</arg>
<doc>Fails if objects are unequal after converting them to real numbers.</doc>
<status status="PASS" start="2024-04-22T18:17:05.454776" elapsed="0.000526"/>
</kw>
<kw name="Log" owner="BuiltIn">
<msg time="2024-04-22T18:17:05.456001" level="INFO">200</msg>
<arg>${response.status_code}</arg>
<doc>Logs the given message with the given level.</doc>
<status status="PASS" start="2024-04-22T18:17:05.455648" elapsed="0.000396"/>
</kw>
<kw name="Set Variable" owner="BuiltIn">
<msg time="2024-04-22T18:17:05.456834" level="INFO">${json_data} = {'results': [{'gender': 'female', 'name': {'title': 'Mrs', 'first': 'عسل', 'last': 'گلشن'}, 'location': {'street': {'number': 3200, 'name': 'شهید سرتیپ نامجو'}, 'city': 'بابل', 'state': 'بوشهر', 'coun...</msg>
<var>${json_data}</var>
<arg>${response.json()}</arg>
<doc>Returns the given values which can then be assigned to a variables.</doc>
<status status="PASS" start="2024-04-22T18:17:05.456351" elapsed="0.000513"/>
</kw>
<kw name="Dictionary Should Contain Key" owner="Collections">
<msg time="2024-04-22T18:17:05.457338" level="INFO">False</msg>
<arg>${json_data}</arg>
<arg>results</arg>
<doc>Fails if ``key`` is not found from ``dictionary``.</doc>
<status status="PASS" start="2024-04-22T18:17:05.457169" elapsed="0.000210"/>
</kw>
<status status="PASS" start="2024-04-22T18:17:05.276206" elapsed="0.181434"/>
</kw>
<doc>Testa se a API responde corretamente e retorna um objeto JSON válido.</doc>
<tag>testeRequisicaoBasica</tag>
<status status="PASS" start="2024-04-22T18:17:05.275682" elapsed="0.182145"/>
</test>
<test id="s1-s1-t3" name="Validar estrutura de resposta" line="22">
<kw name="Teste de Estrutura de Resposta" owner="random-user-service">
<kw name="GET On Session" owner="RequestsLibrary">
<msg time="2024-04-22T18:17:05.582018" level="INFO">GET Request : url=https://randomuser.me/api 
 path_url=/api 
 headers={'User-Agent': 'python-requests/2.31.0', 'Accept-Encoding': 'gzip, deflate', 'Accept': '*/*', 'Connection': 'keep-alive'} 
 body=None 
 </msg>
<msg time="2024-04-22T18:17:05.582129" level="INFO">GET Response : url=https://randomuser.me/api 
 status=200, reason=OK 
 headers={'Date': 'Mon, 22 Apr 2024 18:17:05 GMT', 'Content-Type': 'application/json; charset=utf-8', 'Transfer-Encoding': 'chunked', 'Connection': 'keep-alive', 'X-Powered-By': 'Express', 'Access-Control-Allow-Origin': '*', 'Cache-Control': 'no-cache', 'ETag': 'W/"4b4-amn4eFAm23k4sXWd0IgUBcgTVtw"', 'Vary': 'Accept-Encoding', 'Content-Encoding': 'gzip', 'CF-Cache-Status': 'DYNAMIC', 'Report-To': '{"endpoints":[{"url":"https:\\/\\/a.nel.cloudflare.com\\/report\\/v4?s=9fvmbVwJCIBMfdo8CTmDUr%2B1XJ%2FenictnAaIKmXpXCegijhdHMAfyA%2BQ4PvyIKZiTOU4aHTnctNho1mgyvXAomZrKHF3oP2ps07Nn9d%2BvavrG6wSqyCFqJNgSEvYOZl5"}],"group":"cf-nel","max_age":604800}', 'NEL': '{"success_fraction":0,"report_to":"cf-nel","max_age":604800}', 'Server': 'cloudflare', 'CF-RAY': '87879bd12a813952-IAD', 'alt-svc': 'h3=":443"; ma=86400'} 
 body={"results":[{"gender":"female","name":{"title":"Mrs","first":"María Cristina","last":"Contreras"},"location":{"street":{"number":1607,"name":"Periférico Nuevo León"},"city":"Moroleón","state":"Sonora","country":"Mexico","postcode":84602,"coordinates":{"latitude":"24.3155","longitude":"49.6521"},"timezone":{"offset":"+4:00","description":"Abu Dhabi, Muscat, Baku, Tbilisi"}},"email":"mariacristina.contreras@example.com","login":{"uuid":"a36a2c8c-d6c6-4bef-9737-14ed9be6d51d","username":"lazybird367","password":"chubby","salt":"AYyS49uC","md5":"cc203b23c1c231e45da04941c97dc864","sha1":"376a9df92ab462cdb3cc2e34e4c732b1b0b67727","sha256":"5a7634ed64583d29a1eabdbdfcb0382dfce77f4614863fa3045dd5c16cd112ff"},"dob":{"date":"1995-12-09T14:59:54.835Z","age":28},"registered":{"date":"2018-11-02T04:33:46.038Z","age":5},"phone":"(678) 383 0814","cell":"(621) 610 7348","id":{"name":"NSS","value":"55 23 47 1386 3"},"picture":{"large":"https://randomuser.me/api/portraits/women/58.jpg","medium":"https://randomuser.me/api/portraits/med/women/58.jpg","thumbnail":"https://randomuser.me/api/portraits/thumb/women/58.jpg"},"nat":"MX"}],"info":{"seed":"6690226e93226e63","results":1,"page":1,"version":"1.4"}} 
 </msg>
<msg time="2024-04-22T18:17:05.582266" level="INFO">/opt/hostedtoolcache/Python/3.12.3/x64/lib/python3.12/site-packages/urllib3/connectionpool.py:1103: InsecureRequestWarning: Unverified HTTPS request is being made to host 'randomuser.me'. Adding certificate verification is strongly advised. See: https://urllib3.readthedocs.io/en/latest/advanced-usage.html#tls-warnings
  warnings.warn(</msg>
<msg time="2024-04-22T18:17:05.582416" level="INFO">${response} = &lt;Response [200]&gt;</msg>
<var>${response}</var>
<arg>consultarAPI</arg>
<arg>/api</arg>
<doc>Sends a GET request on a previously created HTTP Session.</doc>
<status status="PASS" start="2024-04-22T18:17:05.460590" elapsed="0.121870"/>
</kw>
<kw name="Set Variable" owner="BuiltIn">
<msg time="2024-04-22T18:17:05.583477" level="INFO">${json_data} = {'results': [{'gender': 'female', 'name': {'title': 'Mrs', 'first': 'María Cristina', 'last': 'Contreras'}, 'location': {'street': {'number': 1607, 'name': 'Periférico Nuevo León'}, 'city': 'Moroleón'...</msg>
<var>${json_data}</var>
<arg>${response.json()}</arg>
<doc>Returns the given values which can then be assigned to a variables.</doc>
<status status="PASS" start="2024-04-22T18:17:05.582956" elapsed="0.000550"/>
</kw>
<kw name="Log" owner="BuiltIn">
<msg time="2024-04-22T18:17:05.583978" level="INFO">{'results': [{'gender': 'female', 'name': {'title': 'Mrs', 'first': 'María Cristina', 'last': 'Contreras'}, 'location': {'street': {'number': 1607, 'name': 'Periférico Nuevo León'}, 'city': 'Moroleón', 'state': 'Sonora', 'country': 'Mexico', 'postcode': 84602, 'coordinates': {'latitude': '24.3155', 'longitude': '49.6521'}, 'timezone': {'offset': '+4:00', 'description': 'Abu Dhabi, Muscat, Baku, Tbilisi'}}, 'email': 'mariacristina.contreras@example.com', 'login': {'uuid': 'a36a2c8c-d6c6-4bef-9737-14ed9be6d51d', 'username': 'lazybird367', 'password': 'chubby', 'salt': 'AYyS49uC', 'md5': 'cc203b23c1c231e45da04941c97dc864', 'sha1': '376a9df92ab462cdb3cc2e34e4c732b1b0b67727', 'sha256': '5a7634ed64583d29a1eabdbdfcb0382dfce77f4614863fa3045dd5c16cd112ff'}, 'dob': {'date': '1995-12-09T14:59:54.835Z', 'age': 28}, 'registered': {'date': '2018-11-02T04:33:46.038Z', 'age': 5}, 'phone': '(678) 383 0814', 'cell': '(621) 610 7348', 'id': {'name': 'NSS', 'value': '55 23 47 1386 3'}, 'picture': {'large': 'https://randomuser.me/api/portraits/women/58.jpg', 'medium': 'https://randomuser.me/api/portraits/med/women/58.jpg', 'thumbnail': 'https://randomuser.me/api/portraits/thumb/women/58.jpg'}, 'nat': 'MX'}], 'info': {'seed': '6690226e93226e63', 'results': 1, 'page': 1, 'version': '1.4'}}</msg>
<arg>${json_data}</arg>
<doc>Logs the given message with the given level.</doc>
<status status="PASS" start="2024-04-22T18:17:05.583817" elapsed="0.000211"/>
</kw>
<kw name="Dictionary Should Contain Key" owner="Collections">
<msg time="2024-04-22T18:17:05.584484" level="INFO">False</msg>
<arg>${json_data}</arg>
<arg>results</arg>
<doc>Fails if ``key`` is not found from ``dictionary``.</doc>
<status status="PASS" start="2024-04-22T18:17:05.584323" elapsed="0.000198"/>
</kw>
<kw name="Should Not Be Empty" owner="BuiltIn">
<msg time="2024-04-22T18:17:05.584980" level="INFO">Length is 2.</msg>
<arg>${json_data}</arg>
<doc>Verifies that the given item is not empty.</doc>
<status status="PASS" start="2024-04-22T18:17:05.584848" elapsed="0.000329"/>
</kw>
<kw name="Create List" owner="BuiltIn">
<msg time="2024-04-22T18:17:05.585623" level="INFO">${expected_keys} = ['gender', 'name', 'location', 'email', 'login']</msg>
<var>${expected_keys}</var>
<arg>gender</arg>
<arg>name</arg>
<arg>location</arg>
<arg>email</arg>
<arg>login</arg>
<doc>Returns a list containing given items.</doc>
<status status="PASS" start="2024-04-22T18:17:05.585470" elapsed="0.000177"/>
</kw>
<for flavor="IN">
<iter>
<kw name="Dictionary Should Contain Key" owner="Collections">
<msg time="2024-04-22T18:17:05.586631" level="INFO">False</msg>
<arg>${json_data['results'][0]}</arg>
<arg>${key}</arg>
<doc>Fails if ``key`` is not found from ``dictionary``.</doc>
<status status="PASS" start="2024-04-22T18:17:05.586233" elapsed="0.000437"/>
</kw>
<kw name="Log" owner="BuiltIn">
<msg time="2024-04-22T18:17:05.587335" level="INFO">{'gender': 'female', 'name': {'title': 'Mrs', 'first': 'María Cristina', 'last': 'Contreras'}, 'location': {'street': {'number': 1607, 'name': 'Periférico Nuevo León'}, 'city': 'Moroleón', 'state': 'Sonora', 'country': 'Mexico', 'postcode': 84602, 'coordinates': {'latitude': '24.3155', 'longitude': '49.6521'}, 'timezone': {'offset': '+4:00', 'description': 'Abu Dhabi, Muscat, Baku, Tbilisi'}}, 'email': 'mariacristina.contreras@example.com', 'login': {'uuid': 'a36a2c8c-d6c6-4bef-9737-14ed9be6d51d', 'username': 'lazybird367', 'password': 'chubby', 'salt': 'AYyS49uC', 'md5': 'cc203b23c1c231e45da04941c97dc864', 'sha1': '376a9df92ab462cdb3cc2e34e4c732b1b0b67727', 'sha256': '5a7634ed64583d29a1eabdbdfcb0382dfce77f4614863fa3045dd5c16cd112ff'}, 'dob': {'date': '1995-12-09T14:59:54.835Z', 'age': 28}, 'registered': {'date': '2018-11-02T04:33:46.038Z', 'age': 5}, 'phone': '(678) 383 0814', 'cell': '(621) 610 7348', 'id': {'name': 'NSS', 'value': '55 23 47 1386 3'}, 'picture': {'large': 'https://randomuser.me/api/portraits/women/58.jpg', 'medium': 'https://randomuser.me/api/portraits/med/women/58.jpg', 'thumbnail': 'https://randomuser.me/api/portraits/thumb/women/58.jpg'}, 'nat': 'MX'}</msg>
<arg>${json_data['results'][0]}</arg>
<doc>Logs the given message with the given level.</doc>
<status status="PASS" start="2024-04-22T18:17:05.586969" elapsed="0.000417"/>
</kw>
<kw name="Log" owner="BuiltIn">
<msg time="2024-04-22T18:17:05.587803" level="INFO">gender</msg>
<arg>${key}</arg>
<doc>Logs the given message with the given level.</doc>
<status status="PASS" start="2024-04-22T18:17:05.587678" elapsed="0.000163"/>
</kw>
<var name="${key}">gender</var>
<status status="PASS" start="2024-04-22T18:17:05.586110" elapsed="0.001944"/>
</iter>
<iter>
<kw name="Dictionary Should Contain Key" owner="Collections">
<msg time="2024-04-22T18:17:05.588763" level="INFO">False</msg>
<arg>${json_data['results'][0]}</arg>
<arg>${key}</arg>
<doc>Fails if ``key`` is not found from ``dictionary``.</doc>
<status status="PASS" start="2024-04-22T18:17:05.588354" elapsed="0.000478"/>
</kw>
<kw name="Log" owner="BuiltIn">
<msg time="2024-04-22T18:17:05.589488" level="INFO">{'gender': 'female', 'name': {'title': 'Mrs', 'first': 'María Cristina', 'last': 'Contreras'}, 'location': {'street': {'number': 1607, 'name': 'Periférico Nuevo León'}, 'city': 'Moroleón', 'state': 'Sonora', 'country': 'Mexico', 'postcode': 84602, 'coordinates': {'latitude': '24.3155', 'longitude': '49.6521'}, 'timezone': {'offset': '+4:00', 'description': 'Abu Dhabi, Muscat, Baku, Tbilisi'}}, 'email': 'mariacristina.contreras@example.com', 'login': {'uuid': 'a36a2c8c-d6c6-4bef-9737-14ed9be6d51d', 'username': 'lazybird367', 'password': 'chubby', 'salt': 'AYyS49uC', 'md5': 'cc203b23c1c231e45da04941c97dc864', 'sha1': '376a9df92ab462cdb3cc2e34e4c732b1b0b67727', 'sha256': '5a7634ed64583d29a1eabdbdfcb0382dfce77f4614863fa3045dd5c16cd112ff'}, 'dob': {'date': '1995-12-09T14:59:54.835Z', 'age': 28}, 'registered': {'date': '2018-11-02T04:33:46.038Z', 'age': 5}, 'phone': '(678) 383 0814', 'cell': '(621) 610 7348', 'id': {'name': 'NSS', 'value': '55 23 47 1386 3'}, 'picture': {'large': 'https://randomuser.me/api/portraits/women/58.jpg', 'medium': 'https://randomuser.me/api/portraits/med/women/58.jpg', 'thumbnail': 'https://randomuser.me/api/portraits/thumb/women/58.jpg'}, 'nat': 'MX'}</msg>
<arg>${json_data['results'][0]}</arg>
<doc>Logs the given message with the given level.</doc>
<status status="PASS" start="2024-04-22T18:17:05.589129" elapsed="0.000408"/>
</kw>
<kw name="Log" owner="BuiltIn">
<msg time="2024-04-22T18:17:05.589955" level="INFO">name</msg>
<arg>${key}</arg>
<doc>Logs the given message with the given level.</doc>
<status status="PASS" start="2024-04-22T18:17:05.589830" elapsed="0.000162"/>
</kw>
<var name="${key}">name</var>
<status status="PASS" start="2024-04-22T18:17:05.588240" elapsed="0.001968"/>
</iter>
<iter>
<kw name="Dictionary Should Contain Key" owner="Collections">
<msg time="2024-04-22T18:17:05.590882" level="INFO">False</msg>
<arg>${json_data['results'][0]}</arg>
<arg>${key}</arg>
<doc>Fails if ``key`` is not found from ``dictionary``.</doc>
<status status="PASS" start="2024-04-22T18:17:05.590496" elapsed="0.000423"/>
</kw>
<kw name="Log" owner="BuiltIn">
<msg time="2024-04-22T18:17:05.591581" level="INFO">{'gender': 'female', 'name': {'title': 'Mrs', 'first': 'María Cristina', 'last': 'Contreras'}, 'location': {'street': {'number': 1607, 'name': 'Periférico Nuevo León'}, 'city': 'Moroleón', 'state': 'Sonora', 'country': 'Mexico', 'postcode': 84602, 'coordinates': {'latitude': '24.3155', 'longitude': '49.6521'}, 'timezone': {'offset': '+4:00', 'description': 'Abu Dhabi, Muscat, Baku, Tbilisi'}}, 'email': 'mariacristina.contreras@example.com', 'login': {'uuid': 'a36a2c8c-d6c6-4bef-9737-14ed9be6d51d', 'username': 'lazybird367', 'password': 'chubby', 'salt': 'AYyS49uC', 'md5': 'cc203b23c1c231e45da04941c97dc864', 'sha1': '376a9df92ab462cdb3cc2e34e4c732b1b0b67727', 'sha256': '5a7634ed64583d29a1eabdbdfcb0382dfce77f4614863fa3045dd5c16cd112ff'}, 'dob': {'date': '1995-12-09T14:59:54.835Z', 'age': 28}, 'registered': {'date': '2018-11-02T04:33:46.038Z', 'age': 5}, 'phone': '(678) 383 0814', 'cell': '(621) 610 7348', 'id': {'name': 'NSS', 'value': '55 23 47 1386 3'}, 'picture': {'large': 'https://randomuser.me/api/portraits/women/58.jpg', 'medium': 'https://randomuser.me/api/portraits/med/women/58.jpg', 'thumbnail': 'https://randomuser.me/api/portraits/thumb/women/58.jpg'}, 'nat': 'MX'}</msg>
<arg>${json_data['results'][0]}</arg>
<doc>Logs the given message with the given level.</doc>
<status status="PASS" start="2024-04-22T18:17:05.591218" elapsed="0.000410"/>
</kw>
<kw name="Log" owner="BuiltIn">
<msg time="2024-04-22T18:17:05.592037" level="INFO">location</msg>
<arg>${key}</arg>
<doc>Logs the given message with the given level.</doc>
<status status="PASS" start="2024-04-22T18:17:05.591915" elapsed="0.000159"/>
</kw>
<var name="${key}">location</var>
<status status="PASS" start="2024-04-22T18:17:05.590386" elapsed="0.001907"/>
</iter>
<iter>
<kw name="Dictionary Should Contain Key" owner="Collections">
<msg time="2024-04-22T18:17:05.592980" level="INFO">False</msg>
<arg>${json_data['results'][0]}</arg>
<arg>${key}</arg>
<doc>Fails if ``key`` is not found from ``dictionary``.</doc>
<status status="PASS" start="2024-04-22T18:17:05.592590" elapsed="0.000427"/>
</kw>
<kw name="Log" owner="BuiltIn">
<msg time="2024-04-22T18:17:05.593668" level="INFO">{'gender': 'female', 'name': {'title': 'Mrs', 'first': 'María Cristina', 'last': 'Contreras'}, 'location': {'street': {'number': 1607, 'name': 'Periférico Nuevo León'}, 'city': 'Moroleón', 'state': 'Sonora', 'country': 'Mexico', 'postcode': 84602, 'coordinates': {'latitude': '24.3155', 'longitude': '49.6521'}, 'timezone': {'offset': '+4:00', 'description': 'Abu Dhabi, Muscat, Baku, Tbilisi'}}, 'email': 'mariacristina.contreras@example.com', 'login': {'uuid': 'a36a2c8c-d6c6-4bef-9737-14ed9be6d51d', 'username': 'lazybird367', 'password': 'chubby', 'salt': 'AYyS49uC', 'md5': 'cc203b23c1c231e45da04941c97dc864', 'sha1': '376a9df92ab462cdb3cc2e34e4c732b1b0b67727', 'sha256': '5a7634ed64583d29a1eabdbdfcb0382dfce77f4614863fa3045dd5c16cd112ff'}, 'dob': {'date': '1995-12-09T14:59:54.835Z', 'age': 28}, 'registered': {'date': '2018-11-02T04:33:46.038Z', 'age': 5}, 'phone': '(678) 383 0814', 'cell': '(621) 610 7348', 'id': {'name': 'NSS', 'value': '55 23 47 1386 3'}, 'picture': {'large': 'https://randomuser.me/api/portraits/women/58.jpg', 'medium': 'https://randomuser.me/api/portraits/med/women/58.jpg', 'thumbnail': 'https://randomuser.me/api/portraits/thumb/women/58.jpg'}, 'nat': 'MX'}</msg>
<arg>${json_data['results'][0]}</arg>
<doc>Logs the given message with the given level.</doc>
<status status="PASS" start="2024-04-22T18:17:05.593309" elapsed="0.000408"/>
</kw>
<kw name="Log" owner="BuiltIn">
<msg time="2024-04-22T18:17:05.594143" level="INFO">email</msg>
<arg>${key}</arg>
<doc>Logs the given message with the given level.</doc>
<status status="PASS" start="2024-04-22T18:17:05.594017" elapsed="0.000162"/>
</kw>
<var name="${key}">email</var>
<status status="PASS" start="2024-04-22T18:17:05.592463" elapsed="0.001926"/>
</iter>
<iter>
<kw name="Dictionary Should Contain Key" owner="Collections">
<msg time="2024-04-22T18:17:05.595050" level="INFO">False</msg>
<arg>${json_data['results'][0]}</arg>
<arg>${key}</arg>
<doc>Fails if ``key`` is not found from ``dictionary``.</doc>
<status status="PASS" start="2024-04-22T18:17:05.594667" elapsed="0.000420"/>
</kw>
<kw name="Log" owner="BuiltIn">
<msg time="2024-04-22T18:17:05.595741" level="INFO">{'gender': 'female', 'name': {'title': 'Mrs', 'first': 'María Cristina', 'last': 'Contreras'}, 'location': {'street': {'number': 1607, 'name': 'Periférico Nuevo León'}, 'city': 'Moroleón', 'state': 'Sonora', 'country': 'Mexico', 'postcode': 84602, 'coordinates': {'latitude': '24.3155', 'longitude': '49.6521'}, 'timezone': {'offset': '+4:00', 'description': 'Abu Dhabi, Muscat, Baku, Tbilisi'}}, 'email': 'mariacristina.contreras@example.com', 'login': {'uuid': 'a36a2c8c-d6c6-4bef-9737-14ed9be6d51d', 'username': 'lazybird367', 'password': 'chubby', 'salt': 'AYyS49uC', 'md5': 'cc203b23c1c231e45da04941c97dc864', 'sha1': '376a9df92ab462cdb3cc2e34e4c732b1b0b67727', 'sha256': '5a7634ed64583d29a1eabdbdfcb0382dfce77f4614863fa3045dd5c16cd112ff'}, 'dob': {'date': '1995-12-09T14:59:54.835Z', 'age': 28}, 'registered': {'date': '2018-11-02T04:33:46.038Z', 'age': 5}, 'phone': '(678) 383 0814', 'cell': '(621) 610 7348', 'id': {'name': 'NSS', 'value': '55 23 47 1386 3'}, 'picture': {'large': 'https://randomuser.me/api/portraits/women/58.jpg', 'medium': 'https://randomuser.me/api/portraits/med/women/58.jpg', 'thumbnail': 'https://randomuser.me/api/portraits/thumb/women/58.jpg'}, 'nat': 'MX'}</msg>
<arg>${json_data['results'][0]}</arg>
<doc>Logs the given message with the given level.</doc>
<status status="PASS" start="2024-04-22T18:17:05.595375" elapsed="0.000415"/>
</kw>
<kw name="Log" owner="BuiltIn">
<msg time="2024-04-22T18:17:05.596234" level="INFO">login</msg>
<arg>${key}</arg>
<doc>Logs the given message with the given level.</doc>
<status status="PASS" start="2024-04-22T18:17:05.596107" elapsed="0.000164"/>
</kw>
<var name="${key}">login</var>
<status status="PASS" start="2024-04-22T18:17:05.594558" elapsed="0.001923"/>
</iter>
<var>${key}</var>
<value>@{expected_keys}</value>
<status status="PASS" start="2024-04-22T18:17:05.585912" elapsed="0.010714"/>
</for>
<kw name="Create List" owner="BuiltIn">
<msg time="2024-04-22T18:17:05.596955" level="INFO">${expected_keysTwo} = ['username', 'password']</msg>
<var>${expected_keysTwo}</var>
<arg>username</arg>
<arg>password</arg>
<doc>Returns a list containing given items.</doc>
<status status="PASS" start="2024-04-22T18:17:05.596819" elapsed="0.000160"/>
</kw>
<for flavor="IN">
<iter>
<kw name="Dictionary Should Contain Key" owner="Collections">
<msg time="2024-04-22T18:17:05.597851" level="INFO">False</msg>
<arg>${json_data['results'][0]['login']}</arg>
<arg>${keyTwo}</arg>
<doc>Fails if ``key`` is not found from ``dictionary``.</doc>
<status status="PASS" start="2024-04-22T18:17:05.597467" elapsed="0.000421"/>
</kw>
<kw name="Dictionary Should Contain Key" owner="Collections">
<msg time="2024-04-22T18:17:05.598555" level="INFO">False</msg>
<arg>${json_data['results'][0]['login']}</arg>
<arg>${keyTwo}</arg>
<doc>Fails if ``key`` is not found from ``dictionary``.</doc>
<status status="PASS" start="2024-04-22T18:17:05.598174" elapsed="0.000417"/>
</kw>
<kw name="Log" owner="BuiltIn">
<msg time="2024-04-22T18:17:05.598998" level="INFO">username</msg>
<arg>${keyTwo}</arg>
<doc>Logs the given message with the given level.</doc>
<status status="PASS" start="2024-04-22T18:17:05.598874" elapsed="0.000165"/>
</kw>
<var name="${keyTwo}">username</var>
<status status="PASS" start="2024-04-22T18:17:05.597359" elapsed="0.001893"/>
</iter>
<iter>
<kw name="Dictionary Should Contain Key" owner="Collections">
<msg time="2024-04-22T18:17:05.599990" level="INFO">False</msg>
<arg>${json_data['results'][0]['login']}</arg>
<arg>${keyTwo}</arg>
<doc>Fails if ``key`` is not found from ``dictionary``.</doc>
<status status="PASS" start="2024-04-22T18:17:05.599528" elapsed="0.000503"/>
</kw>
<kw name="Dictionary Should Contain Key" owner="Collections">
<msg time="2024-04-22T18:17:05.600731" level="INFO">False</msg>
<arg>${json_data['results'][0]['login']}</arg>
<arg>${keyTwo}</arg>
<doc>Fails if ``key`` is not found from ``dictionary``.</doc>
<status status="PASS" start="2024-04-22T18:17:05.600329" elapsed="0.000438"/>
</kw>
<kw name="Log" owner="BuiltIn">
<msg time="2024-04-22T18:17:05.601184" level="INFO">password</msg>
<arg>${keyTwo}</arg>
<doc>Logs the given message with the given level.</doc>
<status status="PASS" start="2024-04-22T18:17:05.601058" elapsed="0.000162"/>
</kw>
<var name="${keyTwo}">password</var>
<status status="PASS" start="2024-04-22T18:17:05.599419" elapsed="0.002013"/>
</iter>
<var>${keyTwo}</var>
<value>@{expected_keysTwo}</value>
<status status="PASS" start="2024-04-22T18:17:05.597211" elapsed="0.004340"/>
</for>
<status status="PASS" start="2024-04-22T18:17:05.460326" elapsed="0.141365"/>
</kw>
<doc>Testa a estrutura da resposta da API.</doc>
<tag>testeEstruturaResposta</tag>
<status status="PASS" start="2024-04-22T18:17:05.459712" elapsed="0.142134"/>
</test>
<test id="s1-s1-t4" name="Validar tipos de dados" line="28">
<kw name="Teste de Tipos de Dados" owner="random-user-service">
<kw name="GET On Session" owner="RequestsLibrary">
<msg time="2024-04-22T18:17:05.665721" level="INFO">GET Request : url=https://randomuser.me/api 
 path_url=/api 
 headers={'User-Agent': 'python-requests/2.31.0', 'Accept-Encoding': 'gzip, deflate', 'Accept': '*/*', 'Connection': 'keep-alive'} 
 body=None 
 </msg>
<msg time="2024-04-22T18:17:05.665807" level="INFO">GET Response : url=https://randomuser.me/api 
 status=200, reason=OK 
 headers={'Date': 'Mon, 22 Apr 2024 18:17:05 GMT', 'Content-Type': 'application/json; charset=utf-8', 'Transfer-Encoding': 'chunked', 'Connection': 'keep-alive', 'X-Powered-By': 'Express', 'Access-Control-Allow-Origin': '*', 'Cache-Control': 'no-cache', 'ETag': 'W/"46f-KNv4ZBL/a6HlKR5gM70d2ydbHqg"', 'Vary': 'Accept-Encoding', 'Content-Encoding': 'gzip', 'CF-Cache-Status': 'DYNAMIC', 'Report-To': '{"endpoints":[{"url":"https:\\/\\/a.nel.cloudflare.com\\/report\\/v4?s=mwP%2FJE0kj2TxUItqlpFyODlX%2FniIv6KTtT6d%2F8%2FoLetdzaFcIYjAWkfKRbvoGmuZrYZFMu826SONSKt3P7gz42gyesjU80QCJ7M880bo11cen4xg8nXfSnFvNxaiCHQT"}],"group":"cf-nel","max_age":604800}', 'NEL': '{"success_fraction":0,"report_to":"cf-nel","max_age":604800}', 'Server': 'cloudflare', 'CF-RAY': '87879bd20ba33952-IAD', 'alt-svc': 'h3=":443"; ma=86400'} 
 body={"results":[{"gender":"male","name":{"title":"Mr","first":"Thomas","last":"Jackson"},"location":{"street":{"number":6221,"name":"Pakowhai Road"},"city":"Taupo","state":"Hawke'S Bay","country":"New Zealand","postcode":62233,"coordinates":{"latitude":"53.2644","longitude":"-31.0363"},"timezone":{"offset":"+3:30","description":"Tehran"}},"email":"thomas.jackson@example.com","login":{"uuid":"e499ab49-d2aa-45e4-ad97-7b3ac9de4830","username":"organickoala510","password":"susan1","salt":"YkNOx6sy","md5":"cb8535fb9d5343998d56f266b6bd8073","sha1":"a3d740537f9ec6e857729cc0593ae7715a3f4930","sha256":"ab8e82e0f59a34e8901a646eb5431caf4b8a2c73cbba67c8b732d3a8ede05b75"},"dob":{"date":"1986-03-31T15:22:31.232Z","age":38},"registered":{"date":"2006-10-31T03:27:40.746Z","age":17},"phone":"(768)-925-1075","cell":"(744)-863-4597","id":{"name":"","value":null},"picture":{"large":"https://randomuser.me/api/portraits/men/64.jpg","medium":"https://randomuser.me/api/portraits/med/men/64.jpg","thumbnail":"https://randomuser.me/api/portraits/thumb/men/64.jpg"},"nat":"NZ"}],"info":{"seed":"80a8fcdf1eae2990","results":1,"page":1,"version":"1.4"}} 
 </msg>
<msg time="2024-04-22T18:17:05.665883" level="INFO">/opt/hostedtoolcache/Python/3.12.3/x64/lib/python3.12/site-packages/urllib3/connectionpool.py:1103: InsecureRequestWarning: Unverified HTTPS request is being made to host 'randomuser.me'. Adding certificate verification is strongly advised. See: https://urllib3.readthedocs.io/en/latest/advanced-usage.html#tls-warnings
  warnings.warn(</msg>
<msg time="2024-04-22T18:17:05.666024" level="INFO">${response} = &lt;Response [200]&gt;</msg>
<var>${response}</var>
<arg>consultarAPI</arg>
<arg>/api</arg>
<doc>Sends a GET request on a previously created HTTP Session.</doc>
<status status="PASS" start="2024-04-22T18:17:05.604384" elapsed="0.061685"/>
</kw>
<kw name="Set Variable" owner="BuiltIn">
<msg time="2024-04-22T18:17:05.666984" level="INFO">${json_data} = {'results': [{'gender': 'male', 'name': {'title': 'Mr', 'first': 'Thomas', 'last': 'Jackson'}, 'location': {'street': {'number': 6221, 'name': 'Pakowhai Road'}, 'city': 'Taupo', 'state': "Hawke'S Bay"...</msg>
<var>${json_data}</var>
<arg>${response.json()}</arg>
<doc>Returns the given values which can then be assigned to a variables.</doc>
<status status="PASS" start="2024-04-22T18:17:05.666471" elapsed="0.000543"/>
</kw>
<kw name="Log" owner="BuiltIn">
<msg time="2024-04-22T18:17:05.667464" level="INFO">{'results': [{'gender': 'male', 'name': {'title': 'Mr', 'first': 'Thomas', 'last': 'Jackson'}, 'location': {'street': {'number': 6221, 'name': 'Pakowhai Road'}, 'city': 'Taupo', 'state': "Hawke'S Bay", 'country': 'New Zealand', 'postcode': 62233, 'coordinates': {'latitude': '53.2644', 'longitude': '-31.0363'}, 'timezone': {'offset': '+3:30', 'description': 'Tehran'}}, 'email': 'thomas.jackson@example.com', 'login': {'uuid': 'e499ab49-d2aa-45e4-ad97-7b3ac9de4830', 'username': 'organickoala510', 'password': 'susan1', 'salt': 'YkNOx6sy', 'md5': 'cb8535fb9d5343998d56f266b6bd8073', 'sha1': 'a3d740537f9ec6e857729cc0593ae7715a3f4930', 'sha256': 'ab8e82e0f59a34e8901a646eb5431caf4b8a2c73cbba67c8b732d3a8ede05b75'}, 'dob': {'date': '1986-03-31T15:22:31.232Z', 'age': 38}, 'registered': {'date': '2006-10-31T03:27:40.746Z', 'age': 17}, 'phone': '(768)-925-1075', 'cell': '(744)-863-4597', 'id': {'name': '', 'value': None}, 'picture': {'large': 'https://randomuser.me/api/portraits/men/64.jpg', 'medium': 'https://randomuser.me/api/portraits/med/men/64.jpg', 'thumbnail': 'https://randomuser.me/api/portraits/thumb/men/64.jpg'}, 'nat': 'NZ'}], 'info': {'seed': '80a8fcdf1eae2990', 'results': 1, 'page': 1, 'version': '1.4'}}</msg>
<arg>${json_data}</arg>
<doc>Logs the given message with the given level.</doc>
<status status="PASS" start="2024-04-22T18:17:05.667316" elapsed="0.000229"/>
</kw>
<kw name="Should Be String" owner="String">
<arg>${json_data['results'][0]['gender']}</arg>
<doc>Fails if the given ``item`` is not a string.</doc>
<status status="PASS" start="2024-04-22T18:17:05.667837" elapsed="0.000414"/>
</kw>
<kw name="Should Match Regexp" owner="BuiltIn">
<arg>${json_data['results'][0]['email']}</arg>
<arg>^[a-zA-Z0-9._%+-]+@[a-zA-Z0-9.-]+\.[a-zA-Z]{2,}$</arg>
<doc>Fails if ``string`` does not match ``pattern`` as a regular expression.</doc>
<status status="PASS" start="2024-04-22T18:17:05.668444" elapsed="0.000556"/>
</kw>
<kw name="Should Match Regexp" owner="BuiltIn">
<arg>${json_data['results'][0]['dob']['date']}</arg>
<arg>\\d{4}-\\d{2}-\\d{2}T\\d{2}:\\d{2}:\\d{2}\\.\\d{3}Z</arg>
<doc>Fails if ``string`` does not match ``pattern`` as a regular expression.</doc>
<status status="PASS" start="2024-04-22T18:17:05.669195" elapsed="0.000479"/>
</kw>
<kw name="Should Match Regexp" owner="BuiltIn">
<arg>${json_data['results'][0]['registered']['date']}</arg>
<arg>\\d{4}-\\d{2}-\\d{2}T\\d{2}:\\d{2}:\\d{2}\\.\\d{3}Z</arg>
<doc>Fails if ``string`` does not match ``pattern`` as a regular expression.</doc>
<status status="PASS" start="2024-04-22T18:17:05.669865" elapsed="0.000371"/>
</kw>
<kw name="Should Match Regexp" owner="BuiltIn">
<arg>${json_data['results'][0]['picture']['large']}</arg>
<arg>^https?://.*\.(?:png|jpe?g|gif|bmp)$</arg>
<doc>Fails if ``string`` does not match ``pattern`` as a regular expression.</doc>
<status status="PASS" start="2024-04-22T18:17:05.670431" elapsed="0.000461"/>
</kw>
<kw name="Should Match Regexp" owner="BuiltIn">
<arg>${json_data['results'][0]['picture']['medium']}</arg>
<arg>^https?://.*\.(?:png|jpe?g|gif|bmp)$</arg>
<doc>Fails if ``string`` does not match ``pattern`` as a regular expression.</doc>
<status status="PASS" start="2024-04-22T18:17:05.671081" elapsed="0.000361"/>
</kw>
<kw name="Should Match Regexp" owner="BuiltIn">
<arg>${json_data['results'][0]['picture']['thumbnail']}</arg>
<arg>^https?://.*\.(?:png|jpe?g|gif|bmp)$</arg>
<doc>Fails if ``string`` does not match ``pattern`` as a regular expression.</doc>
<status status="PASS" start="2024-04-22T18:17:05.671630" elapsed="0.000347"/>
</kw>
<kw name="Log" owner="BuiltIn">
<msg time="2024-04-22T18:17:05.672481" level="INFO">{'large': 'https://randomuser.me/api/portraits/men/64.jpg', 'medium': 'https://randomuser.me/api/portraits/med/men/64.jpg', 'thumbnail': 'https://randomuser.me/api/portraits/thumb/men/64.jpg'}</msg>
<arg>${json_data['results'][0]['picture']}</arg>
<doc>Logs the given message with the given level.</doc>
<status status="PASS" start="2024-04-22T18:17:05.672163" elapsed="0.000358"/>
</kw>
<status status="PASS" start="2024-04-22T18:17:05.604158" elapsed="0.068637"/>
</kw>
<kw name="Teste de Tipos de Dados - Postcode" owner="random-user-service">
<kw name="GET On Session" owner="RequestsLibrary">
<msg time="2024-04-22T18:17:05.760226" level="INFO">GET Request : url=https://randomuser.me/api 
 path_url=/api 
 headers={'User-Agent': 'python-requests/2.31.0', 'Accept-Encoding': 'gzip, deflate', 'Accept': '*/*', 'Connection': 'keep-alive'} 
 body=None 
 </msg>
<msg time="2024-04-22T18:17:05.760312" level="INFO">GET Response : url=https://randomuser.me/api 
 status=200, reason=OK 
 headers={'Date': 'Mon, 22 Apr 2024 18:17:05 GMT', 'Content-Type': 'application/json; charset=utf-8', 'Transfer-Encoding': 'chunked', 'Connection': 'keep-alive', 'X-Powered-By': 'Express', 'Access-Control-Allow-Origin': '*', 'Cache-Control': 'no-cache', 'ETag': 'W/"4a7-Rls4UTLO0nBqetfWbnOp+AonITQ"', 'Vary': 'Accept-Encoding', 'Content-Encoding': 'gzip', 'CF-Cache-Status': 'DYNAMIC', 'Report-To': '{"endpoints":[{"url":"https:\\/\\/a.nel.cloudflare.com\\/report\\/v4?s=tMboO6dVJxbH%2BFWd%2BV%2B3TrT9kv91AFnF4UHK8omqtoWL1HnGcV4d%2FpYXLZZaaJ2hulzsQORuyu66lDoj8jhFy%2BW%2FYRYPSscRExh1n4A1Rt51dBdqsUbfVLoljhuSECJt"}],"group":"cf-nel","max_age":604800}', 'NEL': '{"success_fraction":0,"report_to":"cf-nel","max_age":604800}', 'Server': 'cloudflare', 'CF-RAY': '87879bd27c233952-IAD', 'alt-svc': 'h3=":443"; ma=86400'} 
 body={"results":[{"gender":"female","name":{"title":"Miss","first":"Gertrude","last":"Barrett"},"location":{"street":{"number":1235,"name":"Edwards Rd"},"city":"Warragul","state":"New South Wales","country":"Australia","postcode":6996,"coordinates":{"latitude":"-86.8663","longitude":"29.6724"},"timezone":{"offset":"+5:00","description":"Ekaterinburg, Islamabad, Karachi, Tashkent"}},"email":"gertrude.barrett@example.com","login":{"uuid":"502a13f2-ff6e-4c9b-8195-93a6312c9af9","username":"goldenmouse283","password":"mature","salt":"8y6VLSrg","md5":"4d73c902978877e6c535da50aad8db72","sha1":"60095c81fe32dd12539873358de22f7fe151f1ae","sha256":"eb338e8d3e0624b72bcb3bf68f4f0c22f6e9586cff3b1968bb4041db0f3c1056"},"dob":{"date":"1981-10-10T23:54:41.175Z","age":42},"registered":{"date":"2010-09-29T22:12:18.500Z","age":13},"phone":"00-1866-9501","cell":"0414-958-667","id":{"name":"TFN","value":"858691259"},"picture":{"large":"https://randomuser.me/api/portraits/women/18.jpg","medium":"https://randomuser.me/api/portraits/med/women/18.jpg","thumbnail":"https://randomuser.me/api/portraits/thumb/women/18.jpg"},"nat":"AU"}],"info":{"seed":"0002a055849f2a48","results":1,"page":1,"version":"1.4"}} 
 </msg>
<msg time="2024-04-22T18:17:05.760383" level="INFO">/opt/hostedtoolcache/Python/3.12.3/x64/lib/python3.12/site-packages/urllib3/connectionpool.py:1103: InsecureRequestWarning: Unverified HTTPS request is being made to host 'randomuser.me'. Adding certificate verification is strongly advised. See: https://urllib3.readthedocs.io/en/latest/advanced-usage.html#tls-warnings
  warnings.warn(</msg>
<msg time="2024-04-22T18:17:05.760512" level="INFO">${response} = &lt;Response [200]&gt;</msg>
<var>${response}</var>
<arg>consultarAPI</arg>
<arg>/api</arg>
<doc>Sends a GET request on a previously created HTTP Session.</doc>
<status status="PASS" start="2024-04-22T18:17:05.673241" elapsed="0.087311"/>
</kw>
<kw name="Set Variable" owner="BuiltIn">
<msg time="2024-04-22T18:17:05.761645" level="INFO">${json_data} = {'results': [{'gender': 'female', 'name': {'title': 'Miss', 'first': 'Gertrude', 'last': 'Barrett'}, 'location': {'street': {'number': 1235, 'name': 'Edwards Rd'}, 'city': 'Warragul', 'state': 'New So...</msg>
<var>${json_data}</var>
<arg>${response.json()}</arg>
<doc>Returns the given values which can then be assigned to a variables.</doc>
<status status="PASS" start="2024-04-22T18:17:05.761148" elapsed="0.000525"/>
</kw>
<kw name="Log" owner="BuiltIn">
<msg time="2024-04-22T18:17:05.762130" level="INFO">{'results': [{'gender': 'female', 'name': {'title': 'Miss', 'first': 'Gertrude', 'last': 'Barrett'}, 'location': {'street': {'number': 1235, 'name': 'Edwards Rd'}, 'city': 'Warragul', 'state': 'New South Wales', 'country': 'Australia', 'postcode': 6996, 'coordinates': {'latitude': '-86.8663', 'longitude': '29.6724'}, 'timezone': {'offset': '+5:00', 'description': 'Ekaterinburg, Islamabad, Karachi, Tashkent'}}, 'email': 'gertrude.barrett@example.com', 'login': {'uuid': '502a13f2-ff6e-4c9b-8195-93a6312c9af9', 'username': 'goldenmouse283', 'password': 'mature', 'salt': '8y6VLSrg', 'md5': '4d73c902978877e6c535da50aad8db72', 'sha1': '60095c81fe32dd12539873358de22f7fe151f1ae', 'sha256': 'eb338e8d3e0624b72bcb3bf68f4f0c22f6e9586cff3b1968bb4041db0f3c1056'}, 'dob': {'date': '1981-10-10T23:54:41.175Z', 'age': 42}, 'registered': {'date': '2010-09-29T22:12:18.500Z', 'age': 13}, 'phone': '00-1866-9501', 'cell': '0414-958-667', 'id': {'name': 'TFN', 'value': '858691259'}, 'picture': {'large': 'https://randomuser.me/api/portraits/women/18.jpg', 'medium': 'https://randomuser.me/api/portraits/med/women/18.jpg', 'thumbnail': 'https://randomuser.me/api/portraits/thumb/women/18.jpg'}, 'nat': 'AU'}], 'info': {'seed': '0002a055849f2a48', 'results': 1, 'page': 1, 'version': '1.4'}}</msg>
<arg>${json_data}</arg>
<doc>Logs the given message with the given level.</doc>
<status status="PASS" start="2024-04-22T18:17:05.761980" elapsed="0.000229"/>
</kw>
<kw name="Should Be Equal As Numbers" owner="BuiltIn">
<arg>${json_data['results'][0]['location']['postcode']}</arg>
<arg>${json_data['results'][0]['location']['postcode']}</arg>
<doc>Fails if objects are unequal after converting them to real numbers.</doc>
<status status="PASS" start="2024-04-22T18:17:05.762666" elapsed="0.000620"/>
</kw>
<kw name="Log" owner="BuiltIn">
<msg time="2024-04-22T18:17:05.763810" level="INFO">6996</msg>
<arg>${json_data['results'][0]['location']['postcode']}</arg>
<doc>Logs the given message with the given level.</doc>
<status status="PASS" start="2024-04-22T18:17:05.763475" elapsed="0.000376"/>
</kw>
<status status="PASS" start="2024-04-22T18:17:05.673013" elapsed="0.091088"/>
</kw>
<doc>Testa se os tipos de dados na resposta da API estão corretos.</doc>
<tag>testeTiposDados</tag>
<status status="PASS" start="2024-04-22T18:17:05.603623" elapsed="0.160651"/>
</test>
<test id="s1-s1-t5" name="Validar conteudo" line="35">
<kw name="Teste de Tipos de Conteudo" owner="random-user-service">
<kw name="GET On Session" owner="RequestsLibrary">
<msg time="2024-04-22T18:17:05.852230" level="INFO">GET Request : url=https://randomuser.me/api 
 path_url=/api 
 headers={'User-Agent': 'python-requests/2.31.0', 'Accept-Encoding': 'gzip, deflate', 'Accept': '*/*', 'Connection': 'keep-alive'} 
 body=None 
 </msg>
<msg time="2024-04-22T18:17:05.852313" level="INFO">GET Response : url=https://randomuser.me/api 
 status=200, reason=OK 
 headers={'Date': 'Mon, 22 Apr 2024 18:17:05 GMT', 'Content-Type': 'application/json; charset=utf-8', 'Transfer-Encoding': 'chunked', 'Connection': 'keep-alive', 'X-Powered-By': 'Express', 'Access-Control-Allow-Origin': '*', 'Cache-Control': 'no-cache', 'ETag': 'W/"485-/00EpDiT1PLSsZpiVVfqdw4dcOQ"', 'Vary': 'Accept-Encoding', 'Content-Encoding': 'gzip', 'CF-Cache-Status': 'DYNAMIC', 'Report-To': '{"endpoints":[{"url":"https:\\/\\/a.nel.cloudflare.com\\/report\\/v4?s=otAjo9%2FqDazhTJIEyqH6psHCAEmRZts2NvWkCTzZ5Ro7eq4QkISIQV87%2BINnXWWGrY5oHrjevau4Ogn5uBvpA7eVmwj2BSrBF9Y1RkN9E%2FJg3imJZGnYyQ2Aenn2cHUW"}],"group":"cf-nel","max_age":604800}', 'NEL': '{"success_fraction":0,"report_to":"cf-nel","max_age":604800}', 'Server': 'cloudflare', 'CF-RAY': '87879bd30cf63952-IAD', 'alt-svc': 'h3=":443"; ma=86400'} 
 body={"results":[{"gender":"male","name":{"title":"Mr","first":"Rushil","last":"Gupta"},"location":{"street":{"number":7624,"name":"Colaba Causeway"},"city":"Coimbatore","state":"Uttarakhand","country":"India","postcode":61918,"coordinates":{"latitude":"12.0135","longitude":"-84.1667"},"timezone":{"offset":"+2:00","description":"Kaliningrad, South Africa"}},"email":"rushil.gupta@example.com","login":{"uuid":"d58c33f9-37cf-409a-869d-6f5ef17226d2","username":"organicswan455","password":"hello1","salt":"oBV0dJOa","md5":"24a1bc911450d401a9f5338f0f3ceac0","sha1":"8d8c784a249fec821f605b2e1e1c80164e70f3fc","sha256":"c130110ff17c42ff36bbb6eb749f19857cf532e1f81bfefb232bb64697ebaf90"},"dob":{"date":"1998-11-15T00:27:04.234Z","age":25},"registered":{"date":"2008-09-04T13:40:32.102Z","age":15},"phone":"9041138183","cell":"9819179454","id":{"name":"UIDAI","value":"451553595662"},"picture":{"large":"https://randomuser.me/api/portraits/men/90.jpg","medium":"https://randomuser.me/api/portraits/med/men/90.jpg","thumbnail":"https://randomuser.me/api/portraits/thumb/men/90.jpg"},"nat":"IN"}],"info":{"seed":"78e6a6a8a210a124","results":1,"page":1,"version":"1.4"}} 
 </msg>
<msg time="2024-04-22T18:17:05.852384" level="INFO">/opt/hostedtoolcache/Python/3.12.3/x64/lib/python3.12/site-packages/urllib3/connectionpool.py:1103: InsecureRequestWarning: Unverified HTTPS request is being made to host 'randomuser.me'. Adding certificate verification is strongly advised. See: https://urllib3.readthedocs.io/en/latest/advanced-usage.html#tls-warnings
  warnings.warn(</msg>
<msg time="2024-04-22T18:17:05.852494" level="INFO">${response} = &lt;Response [200]&gt;</msg>
<var>${response}</var>
<arg>consultarAPI</arg>
<arg>/api</arg>
<doc>Sends a GET request on a previously created HTTP Session.</doc>
<status status="PASS" start="2024-04-22T18:17:05.766792" elapsed="0.085744"/>
</kw>
<kw name="Set Variable" owner="BuiltIn">
<msg time="2024-04-22T18:17:05.853416" level="INFO">${json_data} = {'results': [{'gender': 'male', 'name': {'title': 'Mr', 'first': 'Rushil', 'last': 'Gupta'}, 'location': {'street': {'number': 7624, 'name': 'Colaba Causeway'}, 'city': 'Coimbatore', 'state': 'Uttarak...</msg>
<var>${json_data}</var>
<arg>${response.json()}</arg>
<doc>Returns the given values which can then be assigned to a variables.</doc>
<status status="PASS" start="2024-04-22T18:17:05.852963" elapsed="0.000486"/>
</kw>
<kw name="Set Variable" owner="BuiltIn">
<msg time="2024-04-22T18:17:05.854132" level="INFO">${name_title} = Mr</msg>
<var>${name_title}</var>
<arg>${json_data["results"][0]["name"]["title"]}</arg>
<doc>Returns the given values which can then be assigned to a variables.</doc>
<status status="PASS" start="2024-04-22T18:17:05.853754" elapsed="0.000403"/>
</kw>
<kw name="Create List" owner="BuiltIn">
<msg time="2024-04-22T18:17:05.854589" level="INFO">${allowed_titles} = ['Mr', 'Ms', 'Miss', 'Mrs', 'Madame', 'Monsieur']</msg>
<var>${allowed_titles}</var>
<arg>Mr</arg>
<arg>Ms</arg>
<arg>Miss</arg>
<arg>Mrs</arg>
<arg>Madame</arg>
<arg>Monsieur</arg>
<doc>Returns a list containing given items.</doc>
<status status="PASS" start="2024-04-22T18:17:05.854447" elapsed="0.000167"/>
</kw>
<kw name="List Should Contain Value" owner="Collections">
<msg time="2024-04-22T18:17:05.855076" level="INFO">False</msg>
<arg>${allowed_titles}</arg>
<arg>${name_title}</arg>
<doc>Fails if the ``value`` is not found from ``list``.</doc>
<status status="PASS" start="2024-04-22T18:17:05.854907" elapsed="0.000204"/>
</kw>
<kw name="Set Variable" owner="BuiltIn">
<msg time="2024-04-22T18:17:05.855769" level="INFO">${name_country} = IN</msg>
<var>${name_country}</var>
<arg>${json_data["results"][0]["nat"]}</arg>
<doc>Returns the given values which can then be assigned to a variables.</doc>
<status status="PASS" start="2024-04-22T18:17:05.855392" elapsed="0.000402"/>
</kw>
<kw name="Create List" owner="BuiltIn">
<msg time="2024-04-22T18:17:05.856754" level="INFO">${list_country} = ['AD', 'AE', 'AF', 'AG', 'AI', 'AL', 'AM', 'AO', 'AQ', 'AR', 'AS', 'AT', 'AU', 'AW', 'AX', 'AZ', 'BA', 'BB', 'BD', 'BE', 'BF', 'BG', 'BH', 'BI', 'BJ', 'BL', 'BM', 'BN', 'BO', 'BQ', 'BR', 'BS', 'BT', '...</msg>
<var>${list_country}</var>
<arg>AD</arg>
<arg>AE</arg>
<arg>AF</arg>
<arg>AG</arg>
<arg>AI</arg>
<arg>AL</arg>
<arg>AM</arg>
<arg>AO</arg>
<arg>AQ</arg>
<arg>AR</arg>
<arg>AS</arg>
<arg>AT</arg>
<arg>AU</arg>
<arg>AW</arg>
<arg>AX</arg>
<arg>AZ</arg>
<arg>BA</arg>
<arg>BB</arg>
<arg>BD</arg>
<arg>BE</arg>
<arg>BF</arg>
<arg>BG</arg>
<arg>BH</arg>
<arg>BI</arg>
<arg>BJ</arg>
<arg>BL</arg>
<arg>BM</arg>
<arg>BN</arg>
<arg>BO</arg>
<arg>BQ</arg>
<arg>BR</arg>
<arg>BS</arg>
<arg>BT</arg>
<arg>BV</arg>
<arg>BW</arg>
<arg>BY</arg>
<arg>BZ</arg>
<arg>CA</arg>
<arg>CC</arg>
<arg>CD</arg>
<arg>CF</arg>
<arg>CG</arg>
<arg>CH</arg>
<arg>CI</arg>
<arg>CK</arg>
<arg>CL</arg>
<arg>CM</arg>
<arg>CN</arg>
<arg>CO</arg>
<arg>CR</arg>
<arg>CU</arg>
<arg>CV</arg>
<arg>CW</arg>
<arg>CX</arg>
<arg>CY</arg>
<arg>CZ</arg>
<arg>DE</arg>
<arg>DJ</arg>
<arg>DK</arg>
<arg>DM</arg>
<arg>DO</arg>
<arg>DZ</arg>
<arg>EC</arg>
<arg>EE</arg>
<arg>EG</arg>
<arg>EH</arg>
<arg>ER</arg>
<arg>ES</arg>
<arg>ET</arg>
<arg>FI</arg>
<arg>FJ</arg>
<arg>FK</arg>
<arg>FM</arg>
<arg>FO</arg>
<arg>FR</arg>
<arg>GA</arg>
<arg>GB</arg>
<arg>GD</arg>
<arg>GE</arg>
<arg>GF</arg>
<arg>GG</arg>
<arg>GH</arg>
<arg>GI</arg>
<arg>GL</arg>
<arg>GM</arg>
<arg>GN</arg>
<arg>GP</arg>
<arg>GQ</arg>
<arg>GR</arg>
<arg>GS</arg>
<arg>GT</arg>
<arg>GU</arg>
<arg>GW</arg>
<arg>GY</arg>
<arg>HK</arg>
<arg>HM</arg>
<arg>HN</arg>
<arg>HR</arg>
<arg>HT</arg>
<arg>HU</arg>
<arg>ID</arg>
<arg>IE</arg>
<arg>IL</arg>
<arg>IM</arg>
<arg>IN</arg>
<arg>IO</arg>
<arg>IQ</arg>
<arg>IR</arg>
<arg>IS</arg>
<arg>IT</arg>
<arg>JE</arg>
<arg>JM</arg>
<arg>JO</arg>
<arg>JP</arg>
<arg>KE</arg>
<arg>KG</arg>
<arg>KH</arg>
<arg>KI</arg>
<arg>KM</arg>
<arg>KN</arg>
<arg>KP</arg>
<arg>KR</arg>
<arg>KW</arg>
<arg>KY</arg>
<arg>KZ</arg>
<arg>LA</arg>
<arg>LB</arg>
<arg>LC</arg>
<arg>LI</arg>
<arg>LK</arg>
<arg>LR</arg>
<arg>LS</arg>
<arg>LT</arg>
<arg>LU</arg>
<arg>LV</arg>
<arg>LY</arg>
<arg>MA</arg>
<arg>MC</arg>
<arg>MD</arg>
<arg>ME</arg>
<arg>MF</arg>
<arg>MG</arg>
<arg>MH</arg>
<arg>MK</arg>
<arg>ML</arg>
<arg>MM</arg>
<arg>MN</arg>
<arg>MO</arg>
<arg>MP</arg>
<arg>MQ</arg>
<arg>MR</arg>
<arg>MS</arg>
<arg>MT</arg>
<arg>MU</arg>
<arg>MV</arg>
<arg>MW</arg>
<arg>MX</arg>
<arg>MY</arg>
<arg>MZ</arg>
<arg>NA</arg>
<arg>NC</arg>
<arg>NE</arg>
<arg>NF</arg>
<arg>NG</arg>
<arg>NI</arg>
<arg>NL</arg>
<arg>NO</arg>
<arg>NP</arg>
<arg>NR</arg>
<arg>NU</arg>
<arg>NZ</arg>
<arg>OM</arg>
<arg>PA</arg>
<arg>PE</arg>
<arg>PF</arg>
<arg>PG</arg>
<arg>PH</arg>
<arg>PK</arg>
<arg>PL</arg>
<arg>PM</arg>
<arg>PN</arg>
<arg>PR</arg>
<arg>PS</arg>
<arg>PT</arg>
<arg>PW</arg>
<arg>PY</arg>
<arg>QA</arg>
<arg>RE</arg>
<arg>RO</arg>
<arg>RS</arg>
<arg>RU</arg>
<arg>RW</arg>
<arg>SA</arg>
<arg>SB</arg>
<arg>SC</arg>
<arg>SD</arg>
<arg>SE</arg>
<arg>SG</arg>
<arg>SH</arg>
<arg>SI</arg>
<arg>SJ</arg>
<arg>SK</arg>
<arg>SL</arg>
<arg>SM</arg>
<arg>SN</arg>
<arg>SO</arg>
<arg>SR</arg>
<arg>SS</arg>
<arg>ST</arg>
<arg>SV</arg>
<arg>SX</arg>
<arg>SY</arg>
<arg>SZ</arg>
<arg>TC</arg>
<arg>TD</arg>
<arg>TF</arg>
<arg>TG</arg>
<arg>TH</arg>
<arg>TJ</arg>
<arg>TK</arg>
<arg>TL</arg>
<arg>TM</arg>
<arg>TN</arg>
<arg>TO</arg>
<arg>TR</arg>
<arg>TT</arg>
<arg>TV</arg>
<arg>TW</arg>
<arg>TZ</arg>
<arg>UA</arg>
<arg>UG</arg>
<arg>UM</arg>
<arg>US</arg>
<arg>UY</arg>
<arg>UZ</arg>
<arg>VA</arg>
<arg>VC</arg>
<arg>VE</arg>
<arg>VG</arg>
<arg>VI</arg>
<arg>VN</arg>
<arg>VU</arg>
<arg>WF</arg>
<arg>WS</arg>
<arg>XK</arg>
<arg>YE</arg>
<arg>YT</arg>
<arg>ZA</arg>
<arg>ZM</arg>
<arg>ZW</arg>
<doc>Returns a list containing given items.</doc>
<status status="PASS" start="2024-04-22T18:17:05.856089" elapsed="0.000692"/>
</kw>
<kw name="List Should Contain Value" owner="Collections">
<msg time="2024-04-22T18:17:05.857767" level="INFO">False</msg>
<arg>${list_country}</arg>
<arg>${name_country}</arg>
<doc>Fails if the ``value`` is not found from ``list``.</doc>
<status status="PASS" start="2024-04-22T18:17:05.857568" elapsed="0.000234"/>
</kw>
<kw name="Run Keyword If" owner="BuiltIn">
<kw name="Should Be True" owner="BuiltIn">
<arg>${True}</arg>
<doc>Fails if the given condition is not true.</doc>
<status status="PASS" start="2024-04-22T18:17:05.858870" elapsed="0.000246"/>
</kw>
<arg>${json_data["results"][0]["location"]["coordinates"]["latitude"]} &gt;= -90 and ${json_data["results"][0]["location"]["coordinates"]["latitude"]} &lt;= 90</arg>
<arg>Should Be True</arg>
<arg>${True}</arg>
<doc>Runs the given keyword with the given arguments, if ``condition`` is true.</doc>
<status status="PASS" start="2024-04-22T18:17:05.858118" elapsed="0.001138"/>
</kw>
<kw name="Run Keyword If" owner="BuiltIn">
<kw name="Should Be True" owner="BuiltIn">
<arg>${True}</arg>
<doc>Fails if the given condition is not true.</doc>
<status status="PASS" start="2024-04-22T18:17:05.860153" elapsed="0.000136"/>
</kw>
<arg>${json_data["results"][0]["location"]["coordinates"]["longitude"]} &gt;= -180 and ${json_data["results"][0]["location"]["coordinates"]["longitude"]} &lt;= 180</arg>
<arg>Should Be True</arg>
<arg>${True}</arg>
<doc>Runs the given keyword with the given arguments, if ``condition`` is true.</doc>
<status status="PASS" start="2024-04-22T18:17:05.859444" elapsed="0.000967"/>
</kw>
<status status="PASS" start="2024-04-22T18:17:05.766567" elapsed="0.093972"/>
</kw>
<doc>Testa o conteúdo específico dos campos retornados pela API.</doc>
<tag>testeConteudo</tag>
<status status="PASS" start="2024-04-22T18:17:05.766116" elapsed="0.094600"/>
</test>
<status status="PASS" start="2024-04-22T18:17:04.966060" elapsed="0.896590"/>
</suite>
<status status="PASS" start="2024-04-22T18:17:04.952080" elapsed="0.915719"/>
</suite>
<statistics>
<total>
<stat pass="5" fail="0" skip="0">All Tests</stat>
</total>
<tag>
<stat pass="1" fail="0" skip="0">testeConteudo</stat>
<stat pass="1" fail="0" skip="0">testeEstruturaResposta</stat>
<stat pass="1" fail="0" skip="0">testeRequisicaoBasica</stat>
<stat pass="1" fail="0" skip="0">testeTiposDados</stat>
</tag>
<suite>
<stat pass="5" fail="0" skip="0" id="s1" name="Tests">Tests</stat>
<stat pass="5" fail="0" skip="0" id="s1-s1" name="Random-User-Test">Tests.Random-User-Test</stat>
</suite>
</statistics>
<errors>
</errors>
</robot>
