<?xml version="1.0" encoding="UTF-8"?>
<robot generator="Robot 7.0.1 (Python 3.12.4 on linux)" generated="2024-07-24T03:17:23.435330" rpa="false" schemaversion="5">
<suite id="s1" name="Tests" source="/home/runner/work/ApiRandomUser/ApiRandomUser/RamdonUser/tests">
<suite id="s1-s1" name="Random-User-Test" source="/home/runner/work/ApiRandomUser/ApiRandomUser/RamdonUser/tests/random-user-test.robot">
<test id="s1-s1-t1" name="Conectar" line="13">
<kw name="Conectar API" owner="random-user-service">
<kw name="Create Session" owner="RequestsLibrary">
<msg time="2024-07-24T03:17:23.827480" level="INFO">Creating Session using : alias=consultarAPI, url=https://randomuser.me/, headers={},                     cookies={}, auth=None, timeout=None, proxies=None, verify=False,                     debug=0 </msg>
<arg>consultarAPI</arg>
<arg>${URL}</arg>
<doc>Create Session: create a HTTP session to a server</doc>
<status status="PASS" start="2024-07-24T03:17:23.827286" elapsed="0.000362"/>
</kw>
<status status="PASS" start="2024-07-24T03:17:23.826301" elapsed="0.001723"/>
</kw>
<status status="PASS" start="2024-07-24T03:17:23.825720" elapsed="0.002499"/>
</test>
<test id="s1-s1-t2" name="Validar retorno 200 e JSON Válido" line="16">
<kw name="Teste de Requisicao Basica" owner="random-user-service">
<kw name="GET On Session" owner="RequestsLibrary">
<msg time="2024-07-24T03:17:24.053279" level="INFO">GET Request : url=https://randomuser.me/api 
 path_url=/api 
 headers={'User-Agent': 'python-requests/2.32.3', 'Accept-Encoding': 'gzip, deflate', 'Accept': '*/*', 'Connection': 'keep-alive'} 
 body=None 
 </msg>
<msg time="2024-07-24T03:17:24.053390" level="INFO">GET Response : url=https://randomuser.me/api 
 status=200, reason=OK 
 headers={'Date': 'Wed, 24 Jul 2024 03:17:24 GMT', 'Content-Type': 'application/json; charset=utf-8', 'Transfer-Encoding': 'chunked', 'Connection': 'keep-alive', 'X-Powered-By': 'Express', 'Access-Control-Allow-Origin': '*', 'Cache-Control': 'no-cache', 'ETag': 'W/"484-275l8fGrFH8SeZsyPVYAm28Q6Qw"', 'Vary': 'Accept-Encoding', 'Content-Encoding': 'gzip', 'CF-Cache-Status': 'DYNAMIC', 'Report-To': '{"endpoints":[{"url":"https:\\/\\/a.nel.cloudflare.com\\/report\\/v4?s=wSA9EZP2QSH%2BgoES2jZln4wTaRPzRy3H6E9SxaVyiQeydu8so6XaSTMJcfsMQ8oXeJ%2FXmLq4OVTyjQWYrLnS00ZVonaOCYUoookUT%2BcP9hU6Gl5%2BGVUl04GfYyvC3yl8"}],"group":"cf-nel","max_age":604800}', 'NEL': '{"success_fraction":0,"report_to":"cf-nel","max_age":604800}', 'Server': 'cloudflare', 'CF-RAY': '8a80c1c8dd5f8021-IAD', 'alt-svc': 'h3=":443"; ma=86400'} 
 body={"results":[{"gender":"female","name":{"title":"Mrs","first":"Ilona","last":"Ketola"},"location":{"street":{"number":4896,"name":"Pispalan Valtatie"},"city":"Soini","state":"Pirkanmaa","country":"Finland","postcode":85983,"coordinates":{"latitude":"-29.3576","longitude":"122.1849"},"timezone":{"offset":"-3:30","description":"Newfoundland"}},"email":"ilona.ketola@example.com","login":{"uuid":"647479d8-d8af-4caf-894b-ca0872155065","username":"redrabbit712","password":"davids","salt":"IP8VQ8GK","md5":"1c377c1f62f724dc1822ea971c288b44","sha1":"264d29a3b97c9ae9b45e013a92f971b21ec82389","sha256":"af561d80a992b6ffc5534aa6d839c1c21ffd5a02c3f71ab0073557bf48f09823"},"dob":{"date":"1947-10-18T18:14:50.884Z","age":76},"registered":{"date":"2012-07-20T20:45:30.034Z","age":12},"phone":"03-033-033","cell":"048-786-02-13","id":{"name":"HETU","value":"NaNNA158undefined"},"picture":{"large":"https://randomuser.me/api/portraits/women/47.jpg","medium":"https://randomuser.me/api/portraits/med/women/47.jpg","thumbnail":"https://randomuser.me/api/portraits/thumb/women/47.jpg"},"nat":"FI"}],"info":{"seed":"eae1649e6d179159","results":1,"page":1,"version":"1.4"}} 
 </msg>
<msg time="2024-07-24T03:17:24.053466" level="INFO">/opt/hostedtoolcache/Python/3.12.4/x64/lib/python3.12/site-packages/urllib3/connectionpool.py:1099: InsecureRequestWarning: Unverified HTTPS request is being made to host 'randomuser.me'. Adding certificate verification is strongly advised. See: https://urllib3.readthedocs.io/en/latest/advanced-usage.html#tls-warnings
  warnings.warn(</msg>
<msg time="2024-07-24T03:17:24.053580" level="INFO">${response} = &lt;Response [200]&gt;</msg>
<var>${response}</var>
<arg>consultarAPI</arg>
<arg>/api</arg>
<doc>Sends a GET request on a previously created HTTP Session.</doc>
<status status="PASS" start="2024-07-24T03:17:23.830879" elapsed="0.222746"/>
</kw>
<kw name="Should Be Equal As Numbers" owner="BuiltIn">
<msg time="2024-07-24T03:17:24.054816" level="INFO">Argument types are:
&lt;class 'int'&gt;
&lt;class 'str'&gt;</msg>
<arg>${response.status_code}</arg>
<arg>200</arg>
<doc>Fails if objects are unequal after converting them to real numbers.</doc>
<status status="PASS" start="2024-07-24T03:17:24.054223" elapsed="0.000658"/>
</kw>
<kw name="Log" owner="BuiltIn">
<msg time="2024-07-24T03:17:24.055570" level="INFO">200</msg>
<arg>${response.status_code}</arg>
<doc>Logs the given message with the given level.</doc>
<status status="PASS" start="2024-07-24T03:17:24.055210" elapsed="0.000404"/>
</kw>
<kw name="Set Variable" owner="BuiltIn">
<msg time="2024-07-24T03:17:24.056386" level="INFO">${json_data} = {'results': [{'gender': 'female', 'name': {'title': 'Mrs', 'first': 'Ilona', 'last': 'Ketola'}, 'location': {'street': {'number': 4896, 'name': 'Pispalan Valtatie'}, 'city': 'Soini', 'state': 'Pirkanm...</msg>
<var>${json_data}</var>
<arg>${response.json()}</arg>
<doc>Returns the given values which can then be assigned to a variables.</doc>
<status status="PASS" start="2024-07-24T03:17:24.055954" elapsed="0.000460"/>
</kw>
<kw name="Dictionary Should Contain Key" owner="Collections">
<arg>${json_data}</arg>
<arg>results</arg>
<doc>Fails if ``key`` is not found from ``dictionary``.</doc>
<status status="PASS" start="2024-07-24T03:17:24.056726" elapsed="0.000293"/>
</kw>
<status status="PASS" start="2024-07-24T03:17:23.830633" elapsed="0.226535"/>
</kw>
<doc>Testa se a API responde corretamente e retorna um objeto JSON válido.</doc>
<tag>testeRequisicaoBasica</tag>
<status status="PASS" start="2024-07-24T03:17:23.830107" elapsed="0.227220"/>
</test>
<test id="s1-s1-t3" name="Validar estrutura de resposta" line="22">
<kw name="Teste de Estrutura de Resposta" owner="random-user-service">
<kw name="GET On Session" owner="RequestsLibrary">
<msg time="2024-07-24T03:17:24.138838" level="INFO">GET Request : url=https://randomuser.me/api 
 path_url=/api 
 headers={'User-Agent': 'python-requests/2.32.3', 'Accept-Encoding': 'gzip, deflate', 'Accept': '*/*', 'Connection': 'keep-alive'} 
 body=None 
 </msg>
<msg time="2024-07-24T03:17:24.138914" level="INFO">GET Response : url=https://randomuser.me/api 
 status=200, reason=OK 
 headers={'Date': 'Wed, 24 Jul 2024 03:17:24 GMT', 'Content-Type': 'application/json; charset=utf-8', 'Transfer-Encoding': 'chunked', 'Connection': 'keep-alive', 'X-Powered-By': 'Express', 'Access-Control-Allow-Origin': '*', 'Cache-Control': 'no-cache', 'ETag': 'W/"4a0-US9uznFaAcKC1RFCEkOB/4svDuk"', 'Vary': 'Accept-Encoding', 'Content-Encoding': 'gzip', 'CF-Cache-Status': 'DYNAMIC', 'Report-To': '{"endpoints":[{"url":"https:\\/\\/a.nel.cloudflare.com\\/report\\/v4?s=%2BVhqMmS3uAJErEK53Y6NT5WZyp6zpQElj4wc8b8qbKXN4va7CY5Z3Qx8uBTaoiOCW%2BBQyHL%2B5urXwHjTF0%2F8My7F66ec%2BeBlVRp0Cs%2Fr8aQ2WV0DIj4EoNdF4bHTE10x"}],"group":"cf-nel","max_age":604800}', 'NEL': '{"success_fraction":0,"report_to":"cf-nel","max_age":604800}', 'Server': 'cloudflare', 'CF-RAY': '8a80c1c96e3e8021-IAD', 'alt-svc': 'h3=":443"; ma=86400'} 
 body={"results":[{"gender":"female","name":{"title":"Miss","first":"Concepción","last":"Flores"},"location":{"street":{"number":8449,"name":"Paseo de Zorrilla"},"city":"Elche","state":"Extremadura","country":"Spain","postcode":33374,"coordinates":{"latitude":"-32.7815","longitude":"143.3735"},"timezone":{"offset":"+3:00","description":"Baghdad, Riyadh, Moscow, St. Petersburg"}},"email":"concepcion.flores@example.com","login":{"uuid":"3428df49-40ae-4b68-994c-d320bfc767e1","username":"smallswan290","password":"derf","salt":"aM7UAIZL","md5":"ad97fe42926351b0db7770efb7ad4232","sha1":"f08a48190180b2bbd453cc4de31187c32dee2218","sha256":"cea2ba94c1bf659253e7e947ae98ca90a2591e41dc4668f5b988794c1a1f8291"},"dob":{"date":"1954-06-28T04:18:28.714Z","age":70},"registered":{"date":"2003-02-15T13:22:01.680Z","age":21},"phone":"997-444-805","cell":"670-483-431","id":{"name":"DNI","value":"28809503-D"},"picture":{"large":"https://randomuser.me/api/portraits/women/67.jpg","medium":"https://randomuser.me/api/portraits/med/women/67.jpg","thumbnail":"https://randomuser.me/api/portraits/thumb/women/67.jpg"},"nat":"ES"}],"info":{"seed":"7ccc3f98c36175fd","results":1,"page":1,"version":"1.4"}} 
 </msg>
<msg time="2024-07-24T03:17:24.139031" level="INFO">/opt/hostedtoolcache/Python/3.12.4/x64/lib/python3.12/site-packages/urllib3/connectionpool.py:1099: InsecureRequestWarning: Unverified HTTPS request is being made to host 'randomuser.me'. Adding certificate verification is strongly advised. See: https://urllib3.readthedocs.io/en/latest/advanced-usage.html#tls-warnings
  warnings.warn(</msg>
<msg time="2024-07-24T03:17:24.139149" level="INFO">${response} = &lt;Response [200]&gt;</msg>
<var>${response}</var>
<arg>consultarAPI</arg>
<arg>/api</arg>
<doc>Sends a GET request on a previously created HTTP Session.</doc>
<status status="PASS" start="2024-07-24T03:17:24.059956" elapsed="0.079269"/>
</kw>
<kw name="Set Variable" owner="BuiltIn">
<msg time="2024-07-24T03:17:24.140519" level="INFO">${json_data} = {'results': [{'gender': 'female', 'name': {'title': 'Miss', 'first': 'Concepción', 'last': 'Flores'}, 'location': {'street': {'number': 8449, 'name': 'Paseo de Zorrilla'}, 'city': 'Elche', 'state': 'E...</msg>
<var>${json_data}</var>
<arg>${response.json()}</arg>
<doc>Returns the given values which can then be assigned to a variables.</doc>
<status status="PASS" start="2024-07-24T03:17:24.139829" elapsed="0.000722"/>
</kw>
<kw name="Log" owner="BuiltIn">
<msg time="2024-07-24T03:17:24.141040" level="INFO">{'results': [{'gender': 'female', 'name': {'title': 'Miss', 'first': 'Concepción', 'last': 'Flores'}, 'location': {'street': {'number': 8449, 'name': 'Paseo de Zorrilla'}, 'city': 'Elche', 'state': 'Extremadura', 'country': 'Spain', 'postcode': 33374, 'coordinates': {'latitude': '-32.7815', 'longitude': '143.3735'}, 'timezone': {'offset': '+3:00', 'description': 'Baghdad, Riyadh, Moscow, St. Petersburg'}}, 'email': 'concepcion.flores@example.com', 'login': {'uuid': '3428df49-40ae-4b68-994c-d320bfc767e1', 'username': 'smallswan290', 'password': 'derf', 'salt': 'aM7UAIZL', 'md5': 'ad97fe42926351b0db7770efb7ad4232', 'sha1': 'f08a48190180b2bbd453cc4de31187c32dee2218', 'sha256': 'cea2ba94c1bf659253e7e947ae98ca90a2591e41dc4668f5b988794c1a1f8291'}, 'dob': {'date': '1954-06-28T04:18:28.714Z', 'age': 70}, 'registered': {'date': '2003-02-15T13:22:01.680Z', 'age': 21}, 'phone': '997-444-805', 'cell': '670-483-431', 'id': {'name': 'DNI', 'value': '28809503-D'}, 'picture': {'large': 'https://randomuser.me/api/portraits/women/67.jpg', 'medium': 'https://randomuser.me/api/portraits/med/women/67.jpg', 'thumbnail': 'https://randomuser.me/api/portraits/thumb/women/67.jpg'}, 'nat': 'ES'}], 'info': {'seed': '7ccc3f98c36175fd', 'results': 1, 'page': 1, 'version': '1.4'}}</msg>
<arg>${json_data}</arg>
<doc>Logs the given message with the given level.</doc>
<status status="PASS" start="2024-07-24T03:17:24.140870" elapsed="0.000221"/>
</kw>
<kw name="Dictionary Should Contain Key" owner="Collections">
<arg>${json_data}</arg>
<arg>results</arg>
<doc>Fails if ``key`` is not found from ``dictionary``.</doc>
<status status="PASS" start="2024-07-24T03:17:24.141395" elapsed="0.000167"/>
</kw>
<kw name="Should Not Be Empty" owner="BuiltIn">
<msg time="2024-07-24T03:17:24.141879" level="INFO">Length is 2.</msg>
<arg>${json_data}</arg>
<doc>Verifies that the given item is not empty.</doc>
<status status="PASS" start="2024-07-24T03:17:24.141749" elapsed="0.000169"/>
</kw>
<kw name="Create List" owner="BuiltIn">
<msg time="2024-07-24T03:17:24.142362" level="INFO">${expected_keys} = ['gender', 'name', 'location', 'email', 'login']</msg>
<var>${expected_keys}</var>
<arg>gender</arg>
<arg>name</arg>
<arg>location</arg>
<arg>email</arg>
<arg>login</arg>
<doc>Returns a list containing given items.</doc>
<status status="PASS" start="2024-07-24T03:17:24.142207" elapsed="0.000179"/>
</kw>
<for flavor="IN">
<iter>
<kw name="Dictionary Should Contain Key" owner="Collections">
<arg>${json_data['results'][0]}</arg>
<arg>${key}</arg>
<doc>Fails if ``key`` is not found from ``dictionary``.</doc>
<status status="PASS" start="2024-07-24T03:17:24.142958" elapsed="0.000410"/>
</kw>
<kw name="Log" owner="BuiltIn">
<msg time="2024-07-24T03:17:24.143957" level="INFO">{'gender': 'female', 'name': {'title': 'Miss', 'first': 'Concepción', 'last': 'Flores'}, 'location': {'street': {'number': 8449, 'name': 'Paseo de Zorrilla'}, 'city': 'Elche', 'state': 'Extremadura', 'country': 'Spain', 'postcode': 33374, 'coordinates': {'latitude': '-32.7815', 'longitude': '143.3735'}, 'timezone': {'offset': '+3:00', 'description': 'Baghdad, Riyadh, Moscow, St. Petersburg'}}, 'email': 'concepcion.flores@example.com', 'login': {'uuid': '3428df49-40ae-4b68-994c-d320bfc767e1', 'username': 'smallswan290', 'password': 'derf', 'salt': 'aM7UAIZL', 'md5': 'ad97fe42926351b0db7770efb7ad4232', 'sha1': 'f08a48190180b2bbd453cc4de31187c32dee2218', 'sha256': 'cea2ba94c1bf659253e7e947ae98ca90a2591e41dc4668f5b988794c1a1f8291'}, 'dob': {'date': '1954-06-28T04:18:28.714Z', 'age': 70}, 'registered': {'date': '2003-02-15T13:22:01.680Z', 'age': 21}, 'phone': '997-444-805', 'cell': '670-483-431', 'id': {'name': 'DNI', 'value': '28809503-D'}, 'picture': {'large': 'https://randomuser.me/api/portraits/women/67.jpg', 'medium': 'https://randomuser.me/api/portraits/med/women/67.jpg', 'thumbnail': 'https://randomuser.me/api/portraits/thumb/women/67.jpg'}, 'nat': 'ES'}</msg>
<arg>${json_data['results'][0]}</arg>
<doc>Logs the given message with the given level.</doc>
<status status="PASS" start="2024-07-24T03:17:24.143561" elapsed="0.000446"/>
</kw>
<kw name="Log" owner="BuiltIn">
<msg time="2024-07-24T03:17:24.144440" level="INFO">gender</msg>
<arg>${key}</arg>
<doc>Logs the given message with the given level.</doc>
<status status="PASS" start="2024-07-24T03:17:24.144310" elapsed="0.000169"/>
</kw>
<var name="${key}">gender</var>
<status status="PASS" start="2024-07-24T03:17:24.142832" elapsed="0.001865"/>
</iter>
<iter>
<kw name="Dictionary Should Contain Key" owner="Collections">
<arg>${json_data['results'][0]}</arg>
<arg>${key}</arg>
<doc>Fails if ``key`` is not found from ``dictionary``.</doc>
<status status="PASS" start="2024-07-24T03:17:24.144997" elapsed="0.000394"/>
</kw>
<kw name="Log" owner="BuiltIn">
<msg time="2024-07-24T03:17:24.145973" level="INFO">{'gender': 'female', 'name': {'title': 'Miss', 'first': 'Concepción', 'last': 'Flores'}, 'location': {'street': {'number': 8449, 'name': 'Paseo de Zorrilla'}, 'city': 'Elche', 'state': 'Extremadura', 'country': 'Spain', 'postcode': 33374, 'coordinates': {'latitude': '-32.7815', 'longitude': '143.3735'}, 'timezone': {'offset': '+3:00', 'description': 'Baghdad, Riyadh, Moscow, St. Petersburg'}}, 'email': 'concepcion.flores@example.com', 'login': {'uuid': '3428df49-40ae-4b68-994c-d320bfc767e1', 'username': 'smallswan290', 'password': 'derf', 'salt': 'aM7UAIZL', 'md5': 'ad97fe42926351b0db7770efb7ad4232', 'sha1': 'f08a48190180b2bbd453cc4de31187c32dee2218', 'sha256': 'cea2ba94c1bf659253e7e947ae98ca90a2591e41dc4668f5b988794c1a1f8291'}, 'dob': {'date': '1954-06-28T04:18:28.714Z', 'age': 70}, 'registered': {'date': '2003-02-15T13:22:01.680Z', 'age': 21}, 'phone': '997-444-805', 'cell': '670-483-431', 'id': {'name': 'DNI', 'value': '28809503-D'}, 'picture': {'large': 'https://randomuser.me/api/portraits/women/67.jpg', 'medium': 'https://randomuser.me/api/portraits/med/women/67.jpg', 'thumbnail': 'https://randomuser.me/api/portraits/thumb/women/67.jpg'}, 'nat': 'ES'}</msg>
<arg>${json_data['results'][0]}</arg>
<doc>Logs the given message with the given level.</doc>
<status status="PASS" start="2024-07-24T03:17:24.145578" elapsed="0.000445"/>
</kw>
<kw name="Log" owner="BuiltIn">
<msg time="2024-07-24T03:17:24.146457" level="INFO">name</msg>
<arg>${key}</arg>
<doc>Logs the given message with the given level.</doc>
<status status="PASS" start="2024-07-24T03:17:24.146327" elapsed="0.000168"/>
</kw>
<var name="${key}">name</var>
<status status="PASS" start="2024-07-24T03:17:24.144885" elapsed="0.001828"/>
</iter>
<iter>
<kw name="Dictionary Should Contain Key" owner="Collections">
<arg>${json_data['results'][0]}</arg>
<arg>${key}</arg>
<doc>Fails if ``key`` is not found from ``dictionary``.</doc>
<status status="PASS" start="2024-07-24T03:17:24.147005" elapsed="0.000384"/>
</kw>
<kw name="Log" owner="BuiltIn">
<msg time="2024-07-24T03:17:24.147977" level="INFO">{'gender': 'female', 'name': {'title': 'Miss', 'first': 'Concepción', 'last': 'Flores'}, 'location': {'street': {'number': 8449, 'name': 'Paseo de Zorrilla'}, 'city': 'Elche', 'state': 'Extremadura', 'country': 'Spain', 'postcode': 33374, 'coordinates': {'latitude': '-32.7815', 'longitude': '143.3735'}, 'timezone': {'offset': '+3:00', 'description': 'Baghdad, Riyadh, Moscow, St. Petersburg'}}, 'email': 'concepcion.flores@example.com', 'login': {'uuid': '3428df49-40ae-4b68-994c-d320bfc767e1', 'username': 'smallswan290', 'password': 'derf', 'salt': 'aM7UAIZL', 'md5': 'ad97fe42926351b0db7770efb7ad4232', 'sha1': 'f08a48190180b2bbd453cc4de31187c32dee2218', 'sha256': 'cea2ba94c1bf659253e7e947ae98ca90a2591e41dc4668f5b988794c1a1f8291'}, 'dob': {'date': '1954-06-28T04:18:28.714Z', 'age': 70}, 'registered': {'date': '2003-02-15T13:22:01.680Z', 'age': 21}, 'phone': '997-444-805', 'cell': '670-483-431', 'id': {'name': 'DNI', 'value': '28809503-D'}, 'picture': {'large': 'https://randomuser.me/api/portraits/women/67.jpg', 'medium': 'https://randomuser.me/api/portraits/med/women/67.jpg', 'thumbnail': 'https://randomuser.me/api/portraits/thumb/women/67.jpg'}, 'nat': 'ES'}</msg>
<arg>${json_data['results'][0]}</arg>
<doc>Logs the given message with the given level.</doc>
<status status="PASS" start="2024-07-24T03:17:24.147583" elapsed="0.000444"/>
</kw>
<kw name="Log" owner="BuiltIn">
<msg time="2024-07-24T03:17:24.148465" level="INFO">location</msg>
<arg>${key}</arg>
<doc>Logs the given message with the given level.</doc>
<status status="PASS" start="2024-07-24T03:17:24.148336" elapsed="0.000167"/>
</kw>
<var name="${key}">location</var>
<status status="PASS" start="2024-07-24T03:17:24.146895" elapsed="0.001824"/>
</iter>
<iter>
<kw name="Dictionary Should Contain Key" owner="Collections">
<arg>${json_data['results'][0]}</arg>
<arg>${key}</arg>
<doc>Fails if ``key`` is not found from ``dictionary``.</doc>
<status status="PASS" start="2024-07-24T03:17:24.149004" elapsed="0.000384"/>
</kw>
<kw name="Log" owner="BuiltIn">
<msg time="2024-07-24T03:17:24.150048" level="INFO">{'gender': 'female', 'name': {'title': 'Miss', 'first': 'Concepción', 'last': 'Flores'}, 'location': {'street': {'number': 8449, 'name': 'Paseo de Zorrilla'}, 'city': 'Elche', 'state': 'Extremadura', 'country': 'Spain', 'postcode': 33374, 'coordinates': {'latitude': '-32.7815', 'longitude': '143.3735'}, 'timezone': {'offset': '+3:00', 'description': 'Baghdad, Riyadh, Moscow, St. Petersburg'}}, 'email': 'concepcion.flores@example.com', 'login': {'uuid': '3428df49-40ae-4b68-994c-d320bfc767e1', 'username': 'smallswan290', 'password': 'derf', 'salt': 'aM7UAIZL', 'md5': 'ad97fe42926351b0db7770efb7ad4232', 'sha1': 'f08a48190180b2bbd453cc4de31187c32dee2218', 'sha256': 'cea2ba94c1bf659253e7e947ae98ca90a2591e41dc4668f5b988794c1a1f8291'}, 'dob': {'date': '1954-06-28T04:18:28.714Z', 'age': 70}, 'registered': {'date': '2003-02-15T13:22:01.680Z', 'age': 21}, 'phone': '997-444-805', 'cell': '670-483-431', 'id': {'name': 'DNI', 'value': '28809503-D'}, 'picture': {'large': 'https://randomuser.me/api/portraits/women/67.jpg', 'medium': 'https://randomuser.me/api/portraits/med/women/67.jpg', 'thumbnail': 'https://randomuser.me/api/portraits/thumb/women/67.jpg'}, 'nat': 'ES'}</msg>
<arg>${json_data['results'][0]}</arg>
<doc>Logs the given message with the given level.</doc>
<status status="PASS" start="2024-07-24T03:17:24.149690" elapsed="0.000407"/>
</kw>
<kw name="Log" owner="BuiltIn">
<msg time="2024-07-24T03:17:24.150524" level="INFO">email</msg>
<arg>${key}</arg>
<doc>Logs the given message with the given level.</doc>
<status status="PASS" start="2024-07-24T03:17:24.150396" elapsed="0.000166"/>
</kw>
<var name="${key}">email</var>
<status status="PASS" start="2024-07-24T03:17:24.148895" elapsed="0.001892"/>
</iter>
<iter>
<kw name="Dictionary Should Contain Key" owner="Collections">
<arg>${json_data['results'][0]}</arg>
<arg>${key}</arg>
<doc>Fails if ``key`` is not found from ``dictionary``.</doc>
<status status="PASS" start="2024-07-24T03:17:24.151074" elapsed="0.000380"/>
</kw>
<kw name="Log" owner="BuiltIn">
<msg time="2024-07-24T03:17:24.152032" level="INFO">{'gender': 'female', 'name': {'title': 'Miss', 'first': 'Concepción', 'last': 'Flores'}, 'location': {'street': {'number': 8449, 'name': 'Paseo de Zorrilla'}, 'city': 'Elche', 'state': 'Extremadura', 'country': 'Spain', 'postcode': 33374, 'coordinates': {'latitude': '-32.7815', 'longitude': '143.3735'}, 'timezone': {'offset': '+3:00', 'description': 'Baghdad, Riyadh, Moscow, St. Petersburg'}}, 'email': 'concepcion.flores@example.com', 'login': {'uuid': '3428df49-40ae-4b68-994c-d320bfc767e1', 'username': 'smallswan290', 'password': 'derf', 'salt': 'aM7UAIZL', 'md5': 'ad97fe42926351b0db7770efb7ad4232', 'sha1': 'f08a48190180b2bbd453cc4de31187c32dee2218', 'sha256': 'cea2ba94c1bf659253e7e947ae98ca90a2591e41dc4668f5b988794c1a1f8291'}, 'dob': {'date': '1954-06-28T04:18:28.714Z', 'age': 70}, 'registered': {'date': '2003-02-15T13:22:01.680Z', 'age': 21}, 'phone': '997-444-805', 'cell': '670-483-431', 'id': {'name': 'DNI', 'value': '28809503-D'}, 'picture': {'large': 'https://randomuser.me/api/portraits/women/67.jpg', 'medium': 'https://randomuser.me/api/portraits/med/women/67.jpg', 'thumbnail': 'https://randomuser.me/api/portraits/thumb/women/67.jpg'}, 'nat': 'ES'}</msg>
<arg>${json_data['results'][0]}</arg>
<doc>Logs the given message with the given level.</doc>
<status status="PASS" start="2024-07-24T03:17:24.151638" elapsed="0.000444"/>
</kw>
<kw name="Log" owner="BuiltIn">
<msg time="2024-07-24T03:17:24.152513" level="INFO">login</msg>
<arg>${key}</arg>
<doc>Logs the given message with the given level.</doc>
<status status="PASS" start="2024-07-24T03:17:24.152384" elapsed="0.000168"/>
</kw>
<var name="${key}">login</var>
<status status="PASS" start="2024-07-24T03:17:24.150965" elapsed="0.001804"/>
</iter>
<var>${key}</var>
<value>@{expected_keys}</value>
<status status="PASS" start="2024-07-24T03:17:24.142647" elapsed="0.010245"/>
</for>
<kw name="Create List" owner="BuiltIn">
<msg time="2024-07-24T03:17:24.153254" level="INFO">${expected_keysTwo} = ['username', 'password']</msg>
<var>${expected_keysTwo}</var>
<arg>username</arg>
<arg>password</arg>
<doc>Returns a list containing given items.</doc>
<status status="PASS" start="2024-07-24T03:17:24.153114" elapsed="0.000165"/>
</kw>
<for flavor="IN">
<iter>
<kw name="Dictionary Should Contain Key" owner="Collections">
<arg>${json_data['results'][0]['login']}</arg>
<arg>${keyTwo}</arg>
<doc>Fails if ``key`` is not found from ``dictionary``.</doc>
<status status="PASS" start="2024-07-24T03:17:24.153781" elapsed="0.000390"/>
</kw>
<kw name="Dictionary Should Contain Key" owner="Collections">
<arg>${json_data['results'][0]['login']}</arg>
<arg>${keyTwo}</arg>
<doc>Fails if ``key`` is not found from ``dictionary``.</doc>
<status status="PASS" start="2024-07-24T03:17:24.154354" elapsed="0.000373"/>
</kw>
<kw name="Log" owner="BuiltIn">
<msg time="2024-07-24T03:17:24.155025" level="INFO">username</msg>
<arg>${keyTwo}</arg>
<doc>Logs the given message with the given level.</doc>
<status status="PASS" start="2024-07-24T03:17:24.154907" elapsed="0.000157"/>
</kw>
<var name="${keyTwo}">username</var>
<status status="PASS" start="2024-07-24T03:17:24.153673" elapsed="0.001610"/>
</iter>
<iter>
<kw name="Dictionary Should Contain Key" owner="Collections">
<arg>${json_data['results'][0]['login']}</arg>
<arg>${keyTwo}</arg>
<doc>Fails if ``key`` is not found from ``dictionary``.</doc>
<status status="PASS" start="2024-07-24T03:17:24.155572" elapsed="0.000416"/>
</kw>
<kw name="Dictionary Should Contain Key" owner="Collections">
<arg>${json_data['results'][0]['login']}</arg>
<arg>${keyTwo}</arg>
<doc>Fails if ``key`` is not found from ``dictionary``.</doc>
<status status="PASS" start="2024-07-24T03:17:24.156173" elapsed="0.000378"/>
</kw>
<kw name="Log" owner="BuiltIn">
<msg time="2024-07-24T03:17:24.156852" level="INFO">password</msg>
<arg>${keyTwo}</arg>
<doc>Logs the given message with the given level.</doc>
<status status="PASS" start="2024-07-24T03:17:24.156729" elapsed="0.000160"/>
</kw>
<var name="${keyTwo}">password</var>
<status status="PASS" start="2024-07-24T03:17:24.155460" elapsed="0.001653"/>
</iter>
<var>${keyTwo}</var>
<value>@{expected_keysTwo}</value>
<status status="PASS" start="2024-07-24T03:17:24.153517" elapsed="0.003720"/>
</for>
<status status="PASS" start="2024-07-24T03:17:24.059696" elapsed="0.097683"/>
</kw>
<doc>Testa a estrutura da resposta da API.</doc>
<tag>testeEstruturaResposta</tag>
<status status="PASS" start="2024-07-24T03:17:24.059128" elapsed="0.098400"/>
</test>
<test id="s1-s1-t4" name="Validar tipos de dados" line="28">
<kw name="Teste de Tipos de Dados" owner="random-user-service">
<kw name="GET On Session" owner="RequestsLibrary">
<msg time="2024-07-24T03:17:24.238957" level="INFO">GET Request : url=https://randomuser.me/api 
 path_url=/api 
 headers={'User-Agent': 'python-requests/2.32.3', 'Accept-Encoding': 'gzip, deflate', 'Accept': '*/*', 'Connection': 'keep-alive'} 
 body=None 
 </msg>
<msg time="2024-07-24T03:17:24.239039" level="INFO">GET Response : url=https://randomuser.me/api 
 status=200, reason=OK 
 headers={'Date': 'Wed, 24 Jul 2024 03:17:24 GMT', 'Content-Type': 'application/json; charset=utf-8', 'Transfer-Encoding': 'chunked', 'Connection': 'keep-alive', 'X-Powered-By': 'Express', 'Access-Control-Allow-Origin': '*', 'Cache-Control': 'no-cache', 'ETag': 'W/"484-mHV57UezV7vDlx2Ap8dyqADL8Pg"', 'Vary': 'Accept-Encoding', 'Content-Encoding': 'gzip', 'cf-cache-status': 'DYNAMIC', 'Report-To': '{"endpoints":[{"url":"https:\\/\\/a.nel.cloudflare.com\\/report\\/v4?s=uXPHqplu0tq00URXDvI%2Br5dbwQS3C%2BTETVno%2FM04C%2BC0R1Q%2B1oJSbHcaijNysukTsZiksF65GtTf%2BYeO19BIA3sKlmC6zLs5t3zecFfnPFhA3fNZe%2FkWMTSOxa3d1bwl"}],"group":"cf-nel","max_age":604800}', 'NEL': '{"success_fraction":0,"report_to":"cf-nel","max_age":604800}', 'Server': 'cloudflare', 'CF-RAY': '8a80c1ca0f0c8021-IAD', 'alt-svc': 'h3=":443"; ma=86400'} 
 body={"results":[{"gender":"male","name":{"title":"Mr","first":"Grayson","last":"Thompson"},"location":{"street":{"number":8589,"name":"Esk Street"},"city":"Gisborne","state":"Southland","country":"New Zealand","postcode":32935,"coordinates":{"latitude":"47.5921","longitude":"-77.3515"},"timezone":{"offset":"-7:00","description":"Mountain Time (US &amp; Canada)"}},"email":"grayson.thompson@example.com","login":{"uuid":"6b2d43a4-8131-4a59-abbd-76f862a807e6","username":"silversnake501","password":"redred","salt":"FfngOuKO","md5":"12989cd1122a437c7e2a31676b333332","sha1":"cb6825eb8e7db0ccf0f79e19ca735261a2fb5cc0","sha256":"0b6aa6d95e2a3aed4386d0e84cb3f249432530a7d4c2e10c56bd0daca74f6035"},"dob":{"date":"1968-02-10T07:08:31.013Z","age":56},"registered":{"date":"2022-04-01T03:58:51.182Z","age":2},"phone":"(316)-504-9364","cell":"(910)-314-0904","id":{"name":"","value":null},"picture":{"large":"https://randomuser.me/api/portraits/men/50.jpg","medium":"https://randomuser.me/api/portraits/med/men/50.jpg","thumbnail":"https://randomuser.me/api/portraits/thumb/men/50.jpg"},"nat":"NZ"}],"info":{"seed":"c97b5230dbc9f747","results":1,"page":1,"version":"1.4"}} 
 </msg>
<msg time="2024-07-24T03:17:24.239119" level="INFO">/opt/hostedtoolcache/Python/3.12.4/x64/lib/python3.12/site-packages/urllib3/connectionpool.py:1099: InsecureRequestWarning: Unverified HTTPS request is being made to host 'randomuser.me'. Adding certificate verification is strongly advised. See: https://urllib3.readthedocs.io/en/latest/advanced-usage.html#tls-warnings
  warnings.warn(</msg>
<msg time="2024-07-24T03:17:24.239235" level="INFO">${response} = &lt;Response [200]&gt;</msg>
<var>${response}</var>
<arg>consultarAPI</arg>
<arg>/api</arg>
<doc>Sends a GET request on a previously created HTTP Session.</doc>
<status status="PASS" start="2024-07-24T03:17:24.160052" elapsed="0.079240"/>
</kw>
<kw name="Set Variable" owner="BuiltIn">
<msg time="2024-07-24T03:17:24.240735" level="INFO">${json_data} = {'results': [{'gender': 'male', 'name': {'title': 'Mr', 'first': 'Grayson', 'last': 'Thompson'}, 'location': {'street': {'number': 8589, 'name': 'Esk Street'}, 'city': 'Gisborne', 'state': 'Southland'...</msg>
<var>${json_data}</var>
<arg>${response.json()}</arg>
<doc>Returns the given values which can then be assigned to a variables.</doc>
<status status="PASS" start="2024-07-24T03:17:24.239951" elapsed="0.000815"/>
</kw>
<kw name="Log" owner="BuiltIn">
<msg time="2024-07-24T03:17:24.241237" level="INFO">{'results': [{'gender': 'male', 'name': {'title': 'Mr', 'first': 'Grayson', 'last': 'Thompson'}, 'location': {'street': {'number': 8589, 'name': 'Esk Street'}, 'city': 'Gisborne', 'state': 'Southland', 'country': 'New Zealand', 'postcode': 32935, 'coordinates': {'latitude': '47.5921', 'longitude': '-77.3515'}, 'timezone': {'offset': '-7:00', 'description': 'Mountain Time (US &amp; Canada)'}}, 'email': 'grayson.thompson@example.com', 'login': {'uuid': '6b2d43a4-8131-4a59-abbd-76f862a807e6', 'username': 'silversnake501', 'password': 'redred', 'salt': 'FfngOuKO', 'md5': '12989cd1122a437c7e2a31676b333332', 'sha1': 'cb6825eb8e7db0ccf0f79e19ca735261a2fb5cc0', 'sha256': '0b6aa6d95e2a3aed4386d0e84cb3f249432530a7d4c2e10c56bd0daca74f6035'}, 'dob': {'date': '1968-02-10T07:08:31.013Z', 'age': 56}, 'registered': {'date': '2022-04-01T03:58:51.182Z', 'age': 2}, 'phone': '(316)-504-9364', 'cell': '(910)-314-0904', 'id': {'name': '', 'value': None}, 'picture': {'large': 'https://randomuser.me/api/portraits/men/50.jpg', 'medium': 'https://randomuser.me/api/portraits/med/men/50.jpg', 'thumbnail': 'https://randomuser.me/api/portraits/thumb/men/50.jpg'}, 'nat': 'NZ'}], 'info': {'seed': 'c97b5230dbc9f747', 'results': 1, 'page': 1, 'version': '1.4'}}</msg>
<arg>${json_data}</arg>
<doc>Logs the given message with the given level.</doc>
<status status="PASS" start="2024-07-24T03:17:24.241076" elapsed="0.000211"/>
</kw>
<kw name="Should Be String" owner="String">
<arg>${json_data['results'][0]['gender']}</arg>
<doc>Fails if the given ``item`` is not a string.</doc>
<status status="PASS" start="2024-07-24T03:17:24.241582" elapsed="0.000367"/>
</kw>
<kw name="Should Match Regexp" owner="BuiltIn">
<arg>${json_data['results'][0]['email']}</arg>
<arg>^[a-zA-Z0-9._%+-]+@[a-zA-Z0-9.-]+\.[a-zA-Z]{2,}$</arg>
<doc>Fails if ``string`` does not match ``pattern`` as a regular expression.</doc>
<status status="PASS" start="2024-07-24T03:17:24.242173" elapsed="0.000504"/>
</kw>
<kw name="Should Match Regexp" owner="BuiltIn">
<arg>${json_data['results'][0]['dob']['date']}</arg>
<arg>\\d{4}-\\d{2}-\\d{2}T\\d{2}:\\d{2}:\\d{2}\\.\\d{3}Z</arg>
<doc>Fails if ``string`` does not match ``pattern`` as a regular expression.</doc>
<status status="PASS" start="2024-07-24T03:17:24.242875" elapsed="0.000605"/>
</kw>
<kw name="Should Match Regexp" owner="BuiltIn">
<arg>${json_data['results'][0]['registered']['date']}</arg>
<arg>\\d{4}-\\d{2}-\\d{2}T\\d{2}:\\d{2}:\\d{2}\\.\\d{3}Z</arg>
<doc>Fails if ``string`` does not match ``pattern`` as a regular expression.</doc>
<status status="PASS" start="2024-07-24T03:17:24.243677" elapsed="0.000419"/>
</kw>
<kw name="Should Match Regexp" owner="BuiltIn">
<arg>${json_data['results'][0]['picture']['large']}</arg>
<arg>^https?://.*\.(?:png|jpe?g|gif|bmp)$</arg>
<doc>Fails if ``string`` does not match ``pattern`` as a regular expression.</doc>
<status status="PASS" start="2024-07-24T03:17:24.244288" elapsed="0.000462"/>
</kw>
<kw name="Should Match Regexp" owner="BuiltIn">
<arg>${json_data['results'][0]['picture']['medium']}</arg>
<arg>^https?://.*\.(?:png|jpe?g|gif|bmp)$</arg>
<doc>Fails if ``string`` does not match ``pattern`` as a regular expression.</doc>
<status status="PASS" start="2024-07-24T03:17:24.244942" elapsed="0.000360"/>
</kw>
<kw name="Should Match Regexp" owner="BuiltIn">
<arg>${json_data['results'][0]['picture']['thumbnail']}</arg>
<arg>^https?://.*\.(?:png|jpe?g|gif|bmp)$</arg>
<doc>Fails if ``string`` does not match ``pattern`` as a regular expression.</doc>
<status status="PASS" start="2024-07-24T03:17:24.245490" elapsed="0.000351"/>
</kw>
<kw name="Log" owner="BuiltIn">
<msg time="2024-07-24T03:17:24.246354" level="INFO">{'large': 'https://randomuser.me/api/portraits/men/50.jpg', 'medium': 'https://randomuser.me/api/portraits/med/men/50.jpg', 'thumbnail': 'https://randomuser.me/api/portraits/thumb/men/50.jpg'}</msg>
<arg>${json_data['results'][0]['picture']}</arg>
<doc>Logs the given message with the given level.</doc>
<status status="PASS" start="2024-07-24T03:17:24.246029" elapsed="0.000368"/>
</kw>
<status status="PASS" start="2024-07-24T03:17:24.159822" elapsed="0.086838"/>
</kw>
<kw name="Teste de Tipos de Dados - Postcode" owner="random-user-service">
<kw name="GET On Session" owner="RequestsLibrary">
<msg time="2024-07-24T03:17:24.361968" level="INFO">GET Request : url=https://randomuser.me/api 
 path_url=/api 
 headers={'User-Agent': 'python-requests/2.32.3', 'Accept-Encoding': 'gzip, deflate', 'Accept': '*/*', 'Connection': 'keep-alive'} 
 body=None 
 </msg>
<msg time="2024-07-24T03:17:24.362032" level="INFO">GET Response : url=https://randomuser.me/api 
 status=200, reason=OK 
 headers={'Date': 'Wed, 24 Jul 2024 03:17:24 GMT', 'Content-Type': 'application/json; charset=utf-8', 'Transfer-Encoding': 'chunked', 'Connection': 'keep-alive', 'X-Powered-By': 'Express', 'Access-Control-Allow-Origin': '*', 'Cache-Control': 'no-cache', 'ETag': 'W/"476-e0fBP9LHXZ9I7Z4frxdcZKG/NdU"', 'Vary': 'Accept-Encoding', 'Content-Encoding': 'gzip', 'CF-Cache-Status': 'DYNAMIC', 'Report-To': '{"endpoints":[{"url":"https:\\/\\/a.nel.cloudflare.com\\/report\\/v4?s=QxxNUpuFDBYMmf37t6lrEFjyOJfToyZ5jlnGUnfZ9MjLn4Ixs1zemuxXM8gSAHIhuD2ms6glSbViHk64EMWvkZQqiGnWRBJzkt6NJ51jSUYj6AbsTxLu0ciXEOGn9GJl"}],"group":"cf-nel","max_age":604800}', 'NEL': '{"success_fraction":0,"report_to":"cf-nel","max_age":604800}', 'Server': 'cloudflare', 'CF-RAY': '8a80c1ca9fb68021-IAD', 'alt-svc': 'h3=":443"; ma=86400'} 
 body={"results":[{"gender":"female","name":{"title":"Ms","first":"Cathriona","last":"Willis"},"location":{"street":{"number":4393,"name":"High Street"},"city":"Cork","state":"Offaly","country":"Ireland","postcode":49228,"coordinates":{"latitude":"-2.1628","longitude":"10.1295"},"timezone":{"offset":"-2:00","description":"Mid-Atlantic"}},"email":"cathriona.willis@example.com","login":{"uuid":"3fb6744b-6c87-4563-8572-d36e3fdc520b","username":"blacksnake284","password":"julian","salt":"VGDuAnGt","md5":"79798a20b1cebc74e282543d0f30ff0a","sha1":"766eae82c39987fa3ef3476b1c17dc63eb5816ce","sha256":"2961caa39333ba484d033bd5cf26a0b87aabc40b6e8ea9a943877610f7076d43"},"dob":{"date":"1967-11-30T01:00:12.458Z","age":56},"registered":{"date":"2020-04-05T12:21:48.661Z","age":4},"phone":"071-873-1070","cell":"081-688-6572","id":{"name":"PPS","value":"2247702T"},"picture":{"large":"https://randomuser.me/api/portraits/women/23.jpg","medium":"https://randomuser.me/api/portraits/med/women/23.jpg","thumbnail":"https://randomuser.me/api/portraits/thumb/women/23.jpg"},"nat":"IE"}],"info":{"seed":"253ea0eb5987ec2c","results":1,"page":1,"version":"1.4"}} 
 </msg>
<msg time="2024-07-24T03:17:24.362091" level="INFO">/opt/hostedtoolcache/Python/3.12.4/x64/lib/python3.12/site-packages/urllib3/connectionpool.py:1099: InsecureRequestWarning: Unverified HTTPS request is being made to host 'randomuser.me'. Adding certificate verification is strongly advised. See: https://urllib3.readthedocs.io/en/latest/advanced-usage.html#tls-warnings
  warnings.warn(</msg>
<msg time="2024-07-24T03:17:24.362279" level="INFO">${response} = &lt;Response [200]&gt;</msg>
<var>${response}</var>
<arg>consultarAPI</arg>
<arg>/api</arg>
<doc>Sends a GET request on a previously created HTTP Session.</doc>
<status status="PASS" start="2024-07-24T03:17:24.247098" elapsed="0.115217"/>
</kw>
<kw name="Set Variable" owner="BuiltIn">
<msg time="2024-07-24T03:17:24.363099" level="INFO">${json_data} = {'results': [{'gender': 'female', 'name': {'title': 'Ms', 'first': 'Cathriona', 'last': 'Willis'}, 'location': {'street': {'number': 4393, 'name': 'High Street'}, 'city': 'Cork', 'state': 'Offaly', 'c...</msg>
<var>${json_data}</var>
<arg>${response.json()}</arg>
<doc>Returns the given values which can then be assigned to a variables.</doc>
<status status="PASS" start="2024-07-24T03:17:24.362655" elapsed="0.000472"/>
</kw>
<kw name="Log" owner="BuiltIn">
<msg time="2024-07-24T03:17:24.363583" level="INFO">{'results': [{'gender': 'female', 'name': {'title': 'Ms', 'first': 'Cathriona', 'last': 'Willis'}, 'location': {'street': {'number': 4393, 'name': 'High Street'}, 'city': 'Cork', 'state': 'Offaly', 'country': 'Ireland', 'postcode': 49228, 'coordinates': {'latitude': '-2.1628', 'longitude': '10.1295'}, 'timezone': {'offset': '-2:00', 'description': 'Mid-Atlantic'}}, 'email': 'cathriona.willis@example.com', 'login': {'uuid': '3fb6744b-6c87-4563-8572-d36e3fdc520b', 'username': 'blacksnake284', 'password': 'julian', 'salt': 'VGDuAnGt', 'md5': '79798a20b1cebc74e282543d0f30ff0a', 'sha1': '766eae82c39987fa3ef3476b1c17dc63eb5816ce', 'sha256': '2961caa39333ba484d033bd5cf26a0b87aabc40b6e8ea9a943877610f7076d43'}, 'dob': {'date': '1967-11-30T01:00:12.458Z', 'age': 56}, 'registered': {'date': '2020-04-05T12:21:48.661Z', 'age': 4}, 'phone': '071-873-1070', 'cell': '081-688-6572', 'id': {'name': 'PPS', 'value': '2247702T'}, 'picture': {'large': 'https://randomuser.me/api/portraits/women/23.jpg', 'medium': 'https://randomuser.me/api/portraits/med/women/23.jpg', 'thumbnail': 'https://randomuser.me/api/portraits/thumb/women/23.jpg'}, 'nat': 'IE'}], 'info': {'seed': '253ea0eb5987ec2c', 'results': 1, 'page': 1, 'version': '1.4'}}</msg>
<arg>${json_data}</arg>
<doc>Logs the given message with the given level.</doc>
<status status="PASS" start="2024-07-24T03:17:24.363427" elapsed="0.000202"/>
</kw>
<kw name="Should Be Equal As Numbers" owner="BuiltIn">
<arg>${json_data['results'][0]['location']['postcode']}</arg>
<arg>${json_data['results'][0]['location']['postcode']}</arg>
<doc>Fails if objects are unequal after converting them to real numbers.</doc>
<status status="PASS" start="2024-07-24T03:17:24.363952" elapsed="0.000616"/>
</kw>
<kw name="Log" owner="BuiltIn">
<msg time="2024-07-24T03:17:24.365101" level="INFO">49228</msg>
<arg>${json_data['results'][0]['location']['postcode']}</arg>
<doc>Logs the given message with the given level.</doc>
<status status="PASS" start="2024-07-24T03:17:24.364762" elapsed="0.000409"/>
</kw>
<status status="PASS" start="2024-07-24T03:17:24.246876" elapsed="0.118545"/>
</kw>
<doc>Testa se os tipos de dados na resposta da API estão corretos.</doc>
<tag>testeTiposDados</tag>
<status status="PASS" start="2024-07-24T03:17:24.159269" elapsed="0.206308"/>
</test>
<test id="s1-s1-t5" name="Validar conteudo" line="35">
<kw name="Teste de Tipos de Conteudo" owner="random-user-service">
<kw name="GET On Session" owner="RequestsLibrary">
<msg time="2024-07-24T03:17:24.446461" level="INFO">GET Request : url=https://randomuser.me/api 
 path_url=/api 
 headers={'User-Agent': 'python-requests/2.32.3', 'Accept-Encoding': 'gzip, deflate', 'Accept': '*/*', 'Connection': 'keep-alive'} 
 body=None 
 </msg>
<msg time="2024-07-24T03:17:24.446550" level="INFO">GET Response : url=https://randomuser.me/api 
 status=200, reason=OK 
 headers={'Date': 'Wed, 24 Jul 2024 03:17:24 GMT', 'Content-Type': 'application/json; charset=utf-8', 'Transfer-Encoding': 'chunked', 'Connection': 'keep-alive', 'X-Powered-By': 'Express', 'Access-Control-Allow-Origin': '*', 'Cache-Control': 'no-cache', 'ETag': 'W/"495-KCMFFVpu7Ne6wZfpCZSFE2rUX9M"', 'Vary': 'Accept-Encoding', 'Content-Encoding': 'gzip', 'CF-Cache-Status': 'DYNAMIC', 'Report-To': '{"endpoints":[{"url":"https:\\/\\/a.nel.cloudflare.com\\/report\\/v4?s=lZHLk7JnmL9uLXFtrrYqFmJBUxRqQe5GYZyD5Fzg2WJn9OAI0SyHZpMfcmDkUGjcNloXfnG3kc4IPO1Mwo%2FlF4sKz1lQXlczm0rOyrjvQb3OW%2BClkg7Av57Ffku%2Fdop6"}],"group":"cf-nel","max_age":604800}', 'NEL': '{"success_fraction":0,"report_to":"cf-nel","max_age":604800}', 'Server': 'cloudflare', 'CF-RAY': '8a80c1cb58d68021-IAD', 'alt-svc': 'h3=":443"; ma=86400'} 
 body={"results":[{"gender":"female","name":{"title":"Miss","first":"Tereza","last":"Barbosa"},"location":{"street":{"number":8015,"name":"Rua Amazonas "},"city":"Belo Horizonte","state":"Piauí","country":"Brazil","postcode":25829,"coordinates":{"latitude":"-80.6317","longitude":"3.8495"},"timezone":{"offset":"+2:00","description":"Kaliningrad, South Africa"}},"email":"tereza.barbosa@example.com","login":{"uuid":"e118c11a-2d3d-4667-98d3-ecf49d389b06","username":"browntiger827","password":"star","salt":"1l2yxE2F","md5":"e2ebd60b038a40dfd73559f95a44f2bf","sha1":"c72e2ec1881b65fb8601dfd27589cfd0a13542a8","sha256":"f6682bb83a044b7b6a47ba55671b5bb865f960976524af9d4e608a9c25359526"},"dob":{"date":"2000-12-25T07:50:54.082Z","age":23},"registered":{"date":"2007-11-01T14:00:20.814Z","age":16},"phone":"(82) 5570-4417","cell":"(98) 9655-3159","id":{"name":"CPF","value":"713.575.168-30"},"picture":{"large":"https://randomuser.me/api/portraits/women/57.jpg","medium":"https://randomuser.me/api/portraits/med/women/57.jpg","thumbnail":"https://randomuser.me/api/portraits/thumb/women/57.jpg"},"nat":"BR"}],"info":{"seed":"1ace04704d0f671b","results":1,"page":1,"version":"1.4"}} 
 </msg>
<msg time="2024-07-24T03:17:24.446637" level="INFO">/opt/hostedtoolcache/Python/3.12.4/x64/lib/python3.12/site-packages/urllib3/connectionpool.py:1099: InsecureRequestWarning: Unverified HTTPS request is being made to host 'randomuser.me'. Adding certificate verification is strongly advised. See: https://urllib3.readthedocs.io/en/latest/advanced-usage.html#tls-warnings
  warnings.warn(</msg>
<msg time="2024-07-24T03:17:24.446767" level="INFO">${response} = &lt;Response [200]&gt;</msg>
<var>${response}</var>
<arg>consultarAPI</arg>
<arg>/api</arg>
<doc>Sends a GET request on a previously created HTTP Session.</doc>
<status status="PASS" start="2024-07-24T03:17:24.368031" elapsed="0.078793"/>
</kw>
<kw name="Set Variable" owner="BuiltIn">
<msg time="2024-07-24T03:17:24.447748" level="INFO">${json_data} = {'results': [{'gender': 'female', 'name': {'title': 'Miss', 'first': 'Tereza', 'last': 'Barbosa'}, 'location': {'street': {'number': 8015, 'name': 'Rua Amazonas '}, 'city': 'Belo Horizonte', 'state': ...</msg>
<var>${json_data}</var>
<arg>${response.json()}</arg>
<doc>Returns the given values which can then be assigned to a variables.</doc>
<status status="PASS" start="2024-07-24T03:17:24.447279" elapsed="0.000524"/>
</kw>
<kw name="Set Variable" owner="BuiltIn">
<msg time="2024-07-24T03:17:24.448501" level="INFO">${name_title} = Miss</msg>
<var>${name_title}</var>
<arg>${json_data["results"][0]["name"]["title"]}</arg>
<doc>Returns the given values which can then be assigned to a variables.</doc>
<status status="PASS" start="2024-07-24T03:17:24.448121" elapsed="0.000405"/>
</kw>
<kw name="Create List" owner="BuiltIn">
<msg time="2024-07-24T03:17:24.448970" level="INFO">${allowed_titles} = ['Mr', 'Ms', 'Miss', 'Mrs', 'Madame', 'Monsieur']</msg>
<var>${allowed_titles}</var>
<arg>Mr</arg>
<arg>Ms</arg>
<arg>Miss</arg>
<arg>Mrs</arg>
<arg>Madame</arg>
<arg>Monsieur</arg>
<doc>Returns a list containing given items.</doc>
<status status="PASS" start="2024-07-24T03:17:24.448822" elapsed="0.000173"/>
</kw>
<kw name="List Should Contain Value" owner="Collections">
<arg>${allowed_titles}</arg>
<arg>${name_title}</arg>
<doc>Fails if the ``value`` is not found from ``list``.</doc>
<status status="PASS" start="2024-07-24T03:17:24.449293" elapsed="0.000182"/>
</kw>
<kw name="Set Variable" owner="BuiltIn">
<msg time="2024-07-24T03:17:24.450031" level="INFO">${name_country} = BR</msg>
<var>${name_country}</var>
<arg>${json_data["results"][0]["nat"]}</arg>
<doc>Returns the given values which can then be assigned to a variables.</doc>
<status status="PASS" start="2024-07-24T03:17:24.449657" elapsed="0.000399"/>
</kw>
<kw name="Create List" owner="BuiltIn">
<msg time="2024-07-24T03:17:24.450939" level="INFO">${list_country} = ['AD', 'AE', 'AF', 'AG', 'AI', 'AL', 'AM', 'AO', 'AQ', 'AR', 'AS', 'AT', 'AU', 'AW', 'AX', 'AZ', 'BA', 'BB', 'BD', 'BE', 'BF', 'BG', 'BH', 'BI', 'BJ', 'BL', 'BM', 'BN', 'BO', 'BQ', 'BR', 'BS', 'BT', '...</msg>
<var>${list_country}</var>
<arg>AD</arg>
<arg>AE</arg>
<arg>AF</arg>
<arg>AG</arg>
<arg>AI</arg>
<arg>AL</arg>
<arg>AM</arg>
<arg>AO</arg>
<arg>AQ</arg>
<arg>AR</arg>
<arg>AS</arg>
<arg>AT</arg>
<arg>AU</arg>
<arg>AW</arg>
<arg>AX</arg>
<arg>AZ</arg>
<arg>BA</arg>
<arg>BB</arg>
<arg>BD</arg>
<arg>BE</arg>
<arg>BF</arg>
<arg>BG</arg>
<arg>BH</arg>
<arg>BI</arg>
<arg>BJ</arg>
<arg>BL</arg>
<arg>BM</arg>
<arg>BN</arg>
<arg>BO</arg>
<arg>BQ</arg>
<arg>BR</arg>
<arg>BS</arg>
<arg>BT</arg>
<arg>BV</arg>
<arg>BW</arg>
<arg>BY</arg>
<arg>BZ</arg>
<arg>CA</arg>
<arg>CC</arg>
<arg>CD</arg>
<arg>CF</arg>
<arg>CG</arg>
<arg>CH</arg>
<arg>CI</arg>
<arg>CK</arg>
<arg>CL</arg>
<arg>CM</arg>
<arg>CN</arg>
<arg>CO</arg>
<arg>CR</arg>
<arg>CU</arg>
<arg>CV</arg>
<arg>CW</arg>
<arg>CX</arg>
<arg>CY</arg>
<arg>CZ</arg>
<arg>DE</arg>
<arg>DJ</arg>
<arg>DK</arg>
<arg>DM</arg>
<arg>DO</arg>
<arg>DZ</arg>
<arg>EC</arg>
<arg>EE</arg>
<arg>EG</arg>
<arg>EH</arg>
<arg>ER</arg>
<arg>ES</arg>
<arg>ET</arg>
<arg>FI</arg>
<arg>FJ</arg>
<arg>FK</arg>
<arg>FM</arg>
<arg>FO</arg>
<arg>FR</arg>
<arg>GA</arg>
<arg>GB</arg>
<arg>GD</arg>
<arg>GE</arg>
<arg>GF</arg>
<arg>GG</arg>
<arg>GH</arg>
<arg>GI</arg>
<arg>GL</arg>
<arg>GM</arg>
<arg>GN</arg>
<arg>GP</arg>
<arg>GQ</arg>
<arg>GR</arg>
<arg>GS</arg>
<arg>GT</arg>
<arg>GU</arg>
<arg>GW</arg>
<arg>GY</arg>
<arg>HK</arg>
<arg>HM</arg>
<arg>HN</arg>
<arg>HR</arg>
<arg>HT</arg>
<arg>HU</arg>
<arg>ID</arg>
<arg>IE</arg>
<arg>IL</arg>
<arg>IM</arg>
<arg>IN</arg>
<arg>IO</arg>
<arg>IQ</arg>
<arg>IR</arg>
<arg>IS</arg>
<arg>IT</arg>
<arg>JE</arg>
<arg>JM</arg>
<arg>JO</arg>
<arg>JP</arg>
<arg>KE</arg>
<arg>KG</arg>
<arg>KH</arg>
<arg>KI</arg>
<arg>KM</arg>
<arg>KN</arg>
<arg>KP</arg>
<arg>KR</arg>
<arg>KW</arg>
<arg>KY</arg>
<arg>KZ</arg>
<arg>LA</arg>
<arg>LB</arg>
<arg>LC</arg>
<arg>LI</arg>
<arg>LK</arg>
<arg>LR</arg>
<arg>LS</arg>
<arg>LT</arg>
<arg>LU</arg>
<arg>LV</arg>
<arg>LY</arg>
<arg>MA</arg>
<arg>MC</arg>
<arg>MD</arg>
<arg>ME</arg>
<arg>MF</arg>
<arg>MG</arg>
<arg>MH</arg>
<arg>MK</arg>
<arg>ML</arg>
<arg>MM</arg>
<arg>MN</arg>
<arg>MO</arg>
<arg>MP</arg>
<arg>MQ</arg>
<arg>MR</arg>
<arg>MS</arg>
<arg>MT</arg>
<arg>MU</arg>
<arg>MV</arg>
<arg>MW</arg>
<arg>MX</arg>
<arg>MY</arg>
<arg>MZ</arg>
<arg>NA</arg>
<arg>NC</arg>
<arg>NE</arg>
<arg>NF</arg>
<arg>NG</arg>
<arg>NI</arg>
<arg>NL</arg>
<arg>NO</arg>
<arg>NP</arg>
<arg>NR</arg>
<arg>NU</arg>
<arg>NZ</arg>
<arg>OM</arg>
<arg>PA</arg>
<arg>PE</arg>
<arg>PF</arg>
<arg>PG</arg>
<arg>PH</arg>
<arg>PK</arg>
<arg>PL</arg>
<arg>PM</arg>
<arg>PN</arg>
<arg>PR</arg>
<arg>PS</arg>
<arg>PT</arg>
<arg>PW</arg>
<arg>PY</arg>
<arg>QA</arg>
<arg>RE</arg>
<arg>RO</arg>
<arg>RS</arg>
<arg>RU</arg>
<arg>RW</arg>
<arg>SA</arg>
<arg>SB</arg>
<arg>SC</arg>
<arg>SD</arg>
<arg>SE</arg>
<arg>SG</arg>
<arg>SH</arg>
<arg>SI</arg>
<arg>SJ</arg>
<arg>SK</arg>
<arg>SL</arg>
<arg>SM</arg>
<arg>SN</arg>
<arg>SO</arg>
<arg>SR</arg>
<arg>SS</arg>
<arg>ST</arg>
<arg>SV</arg>
<arg>SX</arg>
<arg>SY</arg>
<arg>SZ</arg>
<arg>TC</arg>
<arg>TD</arg>
<arg>TF</arg>
<arg>TG</arg>
<arg>TH</arg>
<arg>TJ</arg>
<arg>TK</arg>
<arg>TL</arg>
<arg>TM</arg>
<arg>TN</arg>
<arg>TO</arg>
<arg>TR</arg>
<arg>TT</arg>
<arg>TV</arg>
<arg>TW</arg>
<arg>TZ</arg>
<arg>UA</arg>
<arg>UG</arg>
<arg>UM</arg>
<arg>US</arg>
<arg>UY</arg>
<arg>UZ</arg>
<arg>VA</arg>
<arg>VC</arg>
<arg>VE</arg>
<arg>VG</arg>
<arg>VI</arg>
<arg>VN</arg>
<arg>VU</arg>
<arg>WF</arg>
<arg>WS</arg>
<arg>XK</arg>
<arg>YE</arg>
<arg>YT</arg>
<arg>ZA</arg>
<arg>ZM</arg>
<arg>ZW</arg>
<doc>Returns a list containing given items.</doc>
<status status="PASS" start="2024-07-24T03:17:24.450344" elapsed="0.000620"/>
</kw>
<kw name="List Should Contain Value" owner="Collections">
<arg>${list_country}</arg>
<arg>${name_country}</arg>
<doc>Fails if the ``value`` is not found from ``list``.</doc>
<status status="PASS" start="2024-07-24T03:17:24.451928" elapsed="0.000210"/>
</kw>
<kw name="Run Keyword If" owner="BuiltIn">
<kw name="Should Be True" owner="BuiltIn">
<arg>${True}</arg>
<doc>Fails if the given condition is not true.</doc>
<status status="PASS" start="2024-07-24T03:17:24.453085" elapsed="0.000143"/>
</kw>
<arg>${json_data["results"][0]["location"]["coordinates"]["latitude"]} &gt;= -90 and ${json_data["results"][0]["location"]["coordinates"]["latitude"]} &lt;= 90</arg>
<arg>Should Be True</arg>
<arg>${True}</arg>
<doc>Runs the given keyword with the given arguments, if ``condition`` is true.</doc>
<status status="PASS" start="2024-07-24T03:17:24.452340" elapsed="0.001014"/>
</kw>
<kw name="Run Keyword If" owner="BuiltIn">
<kw name="Should Be True" owner="BuiltIn">
<arg>${True}</arg>
<doc>Fails if the given condition is not true.</doc>
<status status="PASS" start="2024-07-24T03:17:24.454222" elapsed="0.000138"/>
</kw>
<arg>${json_data["results"][0]["location"]["coordinates"]["longitude"]} &gt;= -180 and ${json_data["results"][0]["location"]["coordinates"]["longitude"]} &lt;= 180</arg>
<arg>Should Be True</arg>
<arg>${True}</arg>
<doc>Runs the given keyword with the given arguments, if ``condition`` is true.</doc>
<status status="PASS" start="2024-07-24T03:17:24.453537" elapsed="0.000947"/>
</kw>
<status status="PASS" start="2024-07-24T03:17:24.367810" elapsed="0.086804"/>
</kw>
<doc>Testa o conteúdo específico dos campos retornados pela API.</doc>
<tag>testeConteudo</tag>
<status status="PASS" start="2024-07-24T03:17:24.367291" elapsed="0.087464"/>
</test>
<status status="PASS" start="2024-07-24T03:17:23.494522" elapsed="0.962135"/>
</suite>
<status status="PASS" start="2024-07-24T03:17:23.480204" elapsed="0.981671"/>
</suite>
<statistics>
<total>
<stat pass="5" fail="0" skip="0">All Tests</stat>
</total>
<tag>
<stat pass="1" fail="0" skip="0">testeConteudo</stat>
<stat pass="1" fail="0" skip="0">testeEstruturaResposta</stat>
<stat pass="1" fail="0" skip="0">testeRequisicaoBasica</stat>
<stat pass="1" fail="0" skip="0">testeTiposDados</stat>
</tag>
<suite>
<stat pass="5" fail="0" skip="0" id="s1" name="Tests">Tests</stat>
<stat pass="5" fail="0" skip="0" id="s1-s1" name="Random-User-Test">Tests.Random-User-Test</stat>
</suite>
</statistics>
<errors>
</errors>
</robot>
