<?xml version="1.0" encoding="UTF-8"?>
<robot generator="Robot 7.0.1 (Python 3.12.4 on linux)" generated="2024-06-26T13:17:30.365619" rpa="false" schemaversion="5">
<suite id="s1" name="Tests" source="/home/runner/work/ApiRandomUser/ApiRandomUser/RamdonUser/tests">
<suite id="s1-s1" name="Random-User-Test" source="/home/runner/work/ApiRandomUser/ApiRandomUser/RamdonUser/tests/random-user-test.robot">
<test id="s1-s1-t1" name="Conectar" line="13">
<kw name="Conectar API" owner="random-user-service">
<kw name="Create Session" owner="RequestsLibrary">
<msg time="2024-06-26T13:17:30.862742" level="INFO">Creating Session using : alias=consultarAPI, url=https://randomuser.me/, headers={},                     cookies={}, auth=None, timeout=None, proxies=None, verify=False,                     debug=0 </msg>
<arg>consultarAPI</arg>
<arg>${URL}</arg>
<doc>Create Session: create a HTTP session to a server</doc>
<status status="PASS" start="2024-06-26T13:17:30.862409" elapsed="0.000619"/>
</kw>
<status status="PASS" start="2024-06-26T13:17:30.861110" elapsed="0.002537"/>
</kw>
<status status="PASS" start="2024-06-26T13:17:30.860205" elapsed="0.003724"/>
</test>
<test id="s1-s1-t2" name="Validar retorno 200 e JSON Válido" line="16">
<kw name="Teste de Requisicao Basica" owner="random-user-service">
<kw name="GET On Session" owner="RequestsLibrary">
<msg time="2024-06-26T13:17:31.065155" level="INFO">GET Request : url=https://randomuser.me/api 
 path_url=/api 
 headers={'User-Agent': 'python-requests/2.32.3', 'Accept-Encoding': 'gzip, deflate', 'Accept': '*/*', 'Connection': 'keep-alive'} 
 body=None 
 </msg>
<msg time="2024-06-26T13:17:31.065392" level="INFO">GET Response : url=https://randomuser.me/api 
 status=200, reason=OK 
 headers={'Date': 'Wed, 26 Jun 2024 13:17:31 GMT', 'Content-Type': 'application/json; charset=utf-8', 'Transfer-Encoding': 'chunked', 'Connection': 'keep-alive', 'X-Powered-By': 'Express', 'Access-Control-Allow-Origin': '*', 'Cache-Control': 'no-cache', 'ETag': 'W/"492-CWcjAVyPjp0P2j/n2P8Dnw7thL4"', 'Vary': 'Accept-Encoding', 'Content-Encoding': 'gzip', 'CF-Cache-Status': 'DYNAMIC', 'Report-To': '{"endpoints":[{"url":"https:\\/\\/a.nel.cloudflare.com\\/report\\/v4?s=cAhHSr3GKs%2B63OqXfs%2BaGFoM5NymEzl7Cx8kjXD4E0BGS%2FDX599wSN%2FJs%2B6FaDGrDrMjXyw6qEvZCVH7xr6MAiPbSEj5RslkWMQ9uu500Ni340UsL9riZf54bkL3zQVb"}],"group":"cf-nel","max_age":604800}', 'NEL': '{"success_fraction":0,"report_to":"cf-nel","max_age":604800}', 'Server': 'cloudflare', 'CF-RAY': '899d7a5cda01093d-IAD', 'alt-svc': 'h3=":443"; ma=86400'} 
 body={"results":[{"gender":"male","name":{"title":"Mr","first":"Villads","last":"Christensen"},"location":{"street":{"number":556,"name":"Harevænget"},"city":"Ulsted, Hals","state":"Danmark","country":"Denmark","postcode":92986,"coordinates":{"latitude":"-39.2313","longitude":"-65.9724"},"timezone":{"offset":"-4:00","description":"Atlantic Time (Canada), Caracas, La Paz"}},"email":"villads.christensen@example.com","login":{"uuid":"f0404e0e-daeb-47d4-9dd3-7daae4f1b10e","username":"smallduck513","password":"skunk","salt":"ZO3SBYr1","md5":"53d756bf1512dc8c7baf8478c26746e0","sha1":"bc26ace2547ade2309628bb58e5d6cedd0bf56b4","sha256":"8c6586343d6ccbbb5eeb5299e7033967a5edce59e94ff97686f97afa00e34fd3"},"dob":{"date":"1993-02-21T06:34:11.051Z","age":31},"registered":{"date":"2014-11-27T05:28:56.366Z","age":9},"phone":"92906008","cell":"93990754","id":{"name":"CPR","value":"210293-5605"},"picture":{"large":"https://randomuser.me/api/portraits/men/67.jpg","medium":"https://randomuser.me/api/portraits/med/men/67.jpg","thumbnail":"https://randomuser.me/api/portraits/thumb/men/67.jpg"},"nat":"DK"}],"info":{"seed":"90cfb3b303f82bb1","results":1,"page":1,"version":"1.4"}} 
 </msg>
<msg time="2024-06-26T13:17:31.065570" level="INFO">/opt/hostedtoolcache/Python/3.12.4/x64/lib/python3.12/site-packages/urllib3/connectionpool.py:1099: InsecureRequestWarning: Unverified HTTPS request is being made to host 'randomuser.me'. Adding certificate verification is strongly advised. See: https://urllib3.readthedocs.io/en/latest/advanced-usage.html#tls-warnings
  warnings.warn(</msg>
<msg time="2024-06-26T13:17:31.065883" level="INFO">${response} = &lt;Response [200]&gt;</msg>
<var>${response}</var>
<arg>consultarAPI</arg>
<arg>/api</arg>
<doc>Sends a GET request on a previously created HTTP Session.</doc>
<status status="PASS" start="2024-06-26T13:17:30.867516" elapsed="0.198441"/>
</kw>
<kw name="Should Be Equal As Numbers" owner="BuiltIn">
<msg time="2024-06-26T13:17:31.067943" level="INFO">Argument types are:
&lt;class 'int'&gt;
&lt;class 'str'&gt;</msg>
<arg>${response.status_code}</arg>
<arg>200</arg>
<doc>Fails if objects are unequal after converting them to real numbers.</doc>
<status status="PASS" start="2024-06-26T13:17:31.067091" elapsed="0.000980"/>
</kw>
<kw name="Log" owner="BuiltIn">
<msg time="2024-06-26T13:17:31.069502" level="INFO">200</msg>
<arg>${response.status_code}</arg>
<doc>Logs the given message with the given level.</doc>
<status status="PASS" start="2024-06-26T13:17:31.068829" elapsed="0.000767"/>
</kw>
<kw name="Set Variable" owner="BuiltIn">
<msg time="2024-06-26T13:17:31.070875" level="INFO">${json_data} = {'results': [{'gender': 'male', 'name': {'title': 'Mr', 'first': 'Villads', 'last': 'Christensen'}, 'location': {'street': {'number': 556, 'name': 'Harevænget'}, 'city': 'Ulsted, Hals', 'state': 'Danm...</msg>
<var>${json_data}</var>
<arg>${response.json()}</arg>
<doc>Returns the given values which can then be assigned to a variables.</doc>
<status status="PASS" start="2024-06-26T13:17:31.070220" elapsed="0.000691"/>
</kw>
<kw name="Dictionary Should Contain Key" owner="Collections">
<arg>${json_data}</arg>
<arg>results</arg>
<doc>Fails if ``key`` is not found from ``dictionary``.</doc>
<status status="PASS" start="2024-06-26T13:17:31.071374" elapsed="0.000249"/>
</kw>
<status status="PASS" start="2024-06-26T13:17:30.867122" elapsed="0.204698"/>
</kw>
<doc>Testa se a API responde corretamente e retorna um objeto JSON válido.</doc>
<tag>testeRequisicaoBasica</tag>
<status status="PASS" start="2024-06-26T13:17:30.866363" elapsed="0.205674"/>
</test>
<test id="s1-s1-t3" name="Validar estrutura de resposta" line="22">
<kw name="Teste de Estrutura de Resposta" owner="random-user-service">
<kw name="GET On Session" owner="RequestsLibrary">
<msg time="2024-06-26T13:17:31.170254" level="INFO">GET Request : url=https://randomuser.me/api 
 path_url=/api 
 headers={'User-Agent': 'python-requests/2.32.3', 'Accept-Encoding': 'gzip, deflate', 'Accept': '*/*', 'Connection': 'keep-alive'} 
 body=None 
 </msg>
<msg time="2024-06-26T13:17:31.170392" level="INFO">GET Response : url=https://randomuser.me/api 
 status=200, reason=OK 
 headers={'Date': 'Wed, 26 Jun 2024 13:17:31 GMT', 'Content-Type': 'application/json; charset=utf-8', 'Transfer-Encoding': 'chunked', 'Connection': 'keep-alive', 'X-Powered-By': 'Express', 'Access-Control-Allow-Origin': '*', 'Cache-Control': 'no-cache', 'ETag': 'W/"47b-OsL+WdvfwsweOjEFFZjlZWPzD4A"', 'Vary': 'Accept-Encoding', 'Content-Encoding': 'gzip', 'CF-Cache-Status': 'DYNAMIC', 'Report-To': '{"endpoints":[{"url":"https:\\/\\/a.nel.cloudflare.com\\/report\\/v4?s=N9FfFeN2kLBT3uwZrs8bUWrhfHYoysQgg9g4M5GItj%2B5fRdwiTs%2Bb2subWCLmchAWiBmJr7s0FGDuz26g2eUZqk1cn9uLRPfPHt5kguKHdAtKTOgBm0rgRJ3VvVzlkwc"}],"group":"cf-nel","max_age":604800}', 'NEL': '{"success_fraction":0,"report_to":"cf-nel","max_age":604800}', 'Server': 'cloudflare', 'CF-RAY': '899d7a5d4a4f093d-IAD', 'alt-svc': 'h3=":443"; ma=86400'} 
 body={"results":[{"gender":"male","name":{"title":"Mr","first":"Mar'yan","last":"Dyachenko"},"location":{"street":{"number":6761,"name":"Provulok Prishvina"},"city":"Kiliya","state":"Mikolayivska","country":"Ukraine","postcode":76462,"coordinates":{"latitude":"76.9038","longitude":"-156.7951"},"timezone":{"offset":"-3:30","description":"Newfoundland"}},"email":"mar'yan.dyachenko@example.com","login":{"uuid":"844ab69b-f44e-47ce-9743-d6ec13a8a051","username":"crazydog886","password":"jordan1","salt":"0ss5CV6L","md5":"fb8938f8e9daba7991c8777700313d82","sha1":"f75435aa36d8dd7d46810e097be2ec920048110c","sha256":"b358a443c9ec9ab1d0d3c0499deafc5b74fffcd953c29ed0ff66290523ef1e79"},"dob":{"date":"1967-04-08T00:36:15.951Z","age":57},"registered":{"date":"2019-12-08T16:29:15.050Z","age":4},"phone":"(066) G65-6030","cell":"(068) P68-1051","id":{"name":"","value":null},"picture":{"large":"https://randomuser.me/api/portraits/men/79.jpg","medium":"https://randomuser.me/api/portraits/med/men/79.jpg","thumbnail":"https://randomuser.me/api/portraits/thumb/men/79.jpg"},"nat":"UA"}],"info":{"seed":"3c77ee88f3540a95","results":1,"page":1,"version":"1.4"}} 
 </msg>
<msg time="2024-06-26T13:17:31.170571" level="INFO">/opt/hostedtoolcache/Python/3.12.4/x64/lib/python3.12/site-packages/urllib3/connectionpool.py:1099: InsecureRequestWarning: Unverified HTTPS request is being made to host 'randomuser.me'. Adding certificate verification is strongly advised. See: https://urllib3.readthedocs.io/en/latest/advanced-usage.html#tls-warnings
  warnings.warn(</msg>
<msg time="2024-06-26T13:17:31.170725" level="INFO">${response} = &lt;Response [200]&gt;</msg>
<var>${response}</var>
<arg>consultarAPI</arg>
<arg>/api</arg>
<doc>Sends a GET request on a previously created HTTP Session.</doc>
<status status="PASS" start="2024-06-26T13:17:31.075641" elapsed="0.095130"/>
</kw>
<kw name="Set Variable" owner="BuiltIn">
<msg time="2024-06-26T13:17:31.172038" level="INFO">${json_data} = {'results': [{'gender': 'male', 'name': {'title': 'Mr', 'first': "Mar'yan", 'last': 'Dyachenko'}, 'location': {'street': {'number': 6761, 'name': 'Provulok Prishvina'}, 'city': 'Kiliya', 'state': 'Mik...</msg>
<var>${json_data}</var>
<arg>${response.json()}</arg>
<doc>Returns the given values which can then be assigned to a variables.</doc>
<status status="PASS" start="2024-06-26T13:17:31.171408" elapsed="0.000661"/>
</kw>
<kw name="Log" owner="BuiltIn">
<msg time="2024-06-26T13:17:31.172797" level="INFO">{'results': [{'gender': 'male', 'name': {'title': 'Mr', 'first': "Mar'yan", 'last': 'Dyachenko'}, 'location': {'street': {'number': 6761, 'name': 'Provulok Prishvina'}, 'city': 'Kiliya', 'state': 'Mikolayivska', 'country': 'Ukraine', 'postcode': 76462, 'coordinates': {'latitude': '76.9038', 'longitude': '-156.7951'}, 'timezone': {'offset': '-3:30', 'description': 'Newfoundland'}}, 'email': "mar'yan.dyachenko@example.com", 'login': {'uuid': '844ab69b-f44e-47ce-9743-d6ec13a8a051', 'username': 'crazydog886', 'password': 'jordan1', 'salt': '0ss5CV6L', 'md5': 'fb8938f8e9daba7991c8777700313d82', 'sha1': 'f75435aa36d8dd7d46810e097be2ec920048110c', 'sha256': 'b358a443c9ec9ab1d0d3c0499deafc5b74fffcd953c29ed0ff66290523ef1e79'}, 'dob': {'date': '1967-04-08T00:36:15.951Z', 'age': 57}, 'registered': {'date': '2019-12-08T16:29:15.050Z', 'age': 4}, 'phone': '(066) G65-6030', 'cell': '(068) P68-1051', 'id': {'name': '', 'value': None}, 'picture': {'large': 'https://randomuser.me/api/portraits/men/79.jpg', 'medium': 'https://randomuser.me/api/portraits/med/men/79.jpg', 'thumbnail': 'https://randomuser.me/api/portraits/thumb/men/79.jpg'}, 'nat': 'UA'}], 'info': {'seed': '3c77ee88f3540a95', 'results': 1, 'page': 1, 'version': '1.4'}}</msg>
<arg>${json_data}</arg>
<doc>Logs the given message with the given level.</doc>
<status status="PASS" start="2024-06-26T13:17:31.172573" elapsed="0.000280"/>
</kw>
<kw name="Dictionary Should Contain Key" owner="Collections">
<arg>${json_data}</arg>
<arg>results</arg>
<doc>Fails if ``key`` is not found from ``dictionary``.</doc>
<status status="PASS" start="2024-06-26T13:17:31.173265" elapsed="0.000216"/>
</kw>
<kw name="Should Not Be Empty" owner="BuiltIn">
<msg time="2024-06-26T13:17:31.173900" level="INFO">Length is 2.</msg>
<arg>${json_data}</arg>
<doc>Verifies that the given item is not empty.</doc>
<status status="PASS" start="2024-06-26T13:17:31.173717" elapsed="0.000235"/>
</kw>
<kw name="Create List" owner="BuiltIn">
<msg time="2024-06-26T13:17:31.174770" level="INFO">${expected_keys} = ['gender', 'name', 'location', 'email', 'login']</msg>
<var>${expected_keys}</var>
<arg>gender</arg>
<arg>name</arg>
<arg>location</arg>
<arg>email</arg>
<arg>login</arg>
<doc>Returns a list containing given items.</doc>
<status status="PASS" start="2024-06-26T13:17:31.174342" elapsed="0.000457"/>
</kw>
<for flavor="IN">
<iter>
<kw name="Dictionary Should Contain Key" owner="Collections">
<arg>${json_data['results'][0]}</arg>
<arg>${key}</arg>
<doc>Fails if ``key`` is not found from ``dictionary``.</doc>
<status status="PASS" start="2024-06-26T13:17:31.175549" elapsed="0.000503"/>
</kw>
<kw name="Log" owner="BuiltIn">
<msg time="2024-06-26T13:17:31.176774" level="INFO">{'gender': 'male', 'name': {'title': 'Mr', 'first': "Mar'yan", 'last': 'Dyachenko'}, 'location': {'street': {'number': 6761, 'name': 'Provulok Prishvina'}, 'city': 'Kiliya', 'state': 'Mikolayivska', 'country': 'Ukraine', 'postcode': 76462, 'coordinates': {'latitude': '76.9038', 'longitude': '-156.7951'}, 'timezone': {'offset': '-3:30', 'description': 'Newfoundland'}}, 'email': "mar'yan.dyachenko@example.com", 'login': {'uuid': '844ab69b-f44e-47ce-9743-d6ec13a8a051', 'username': 'crazydog886', 'password': 'jordan1', 'salt': '0ss5CV6L', 'md5': 'fb8938f8e9daba7991c8777700313d82', 'sha1': 'f75435aa36d8dd7d46810e097be2ec920048110c', 'sha256': 'b358a443c9ec9ab1d0d3c0499deafc5b74fffcd953c29ed0ff66290523ef1e79'}, 'dob': {'date': '1967-04-08T00:36:15.951Z', 'age': 57}, 'registered': {'date': '2019-12-08T16:29:15.050Z', 'age': 4}, 'phone': '(066) G65-6030', 'cell': '(068) P68-1051', 'id': {'name': '', 'value': None}, 'picture': {'large': 'https://randomuser.me/api/portraits/men/79.jpg', 'medium': 'https://randomuser.me/api/portraits/med/men/79.jpg', 'thumbnail': 'https://randomuser.me/api/portraits/thumb/men/79.jpg'}, 'nat': 'UA'}</msg>
<arg>${json_data['results'][0]}</arg>
<doc>Logs the given message with the given level.</doc>
<status status="PASS" start="2024-06-26T13:17:31.176291" elapsed="0.000536"/>
</kw>
<kw name="Log" owner="BuiltIn">
<msg time="2024-06-26T13:17:31.177388" level="INFO">gender</msg>
<arg>${key}</arg>
<doc>Logs the given message with the given level.</doc>
<status status="PASS" start="2024-06-26T13:17:31.177241" elapsed="0.000190"/>
</kw>
<var name="${key}">gender</var>
<status status="PASS" start="2024-06-26T13:17:31.175376" elapsed="0.002315"/>
</iter>
<iter>
<kw name="Dictionary Should Contain Key" owner="Collections">
<arg>${json_data['results'][0]}</arg>
<arg>${key}</arg>
<doc>Fails if ``key`` is not found from ``dictionary``.</doc>
<status status="PASS" start="2024-06-26T13:17:31.178074" elapsed="0.000468"/>
</kw>
<kw name="Log" owner="BuiltIn">
<msg time="2024-06-26T13:17:31.179147" level="INFO">{'gender': 'male', 'name': {'title': 'Mr', 'first': "Mar'yan", 'last': 'Dyachenko'}, 'location': {'street': {'number': 6761, 'name': 'Provulok Prishvina'}, 'city': 'Kiliya', 'state': 'Mikolayivska', 'country': 'Ukraine', 'postcode': 76462, 'coordinates': {'latitude': '76.9038', 'longitude': '-156.7951'}, 'timezone': {'offset': '-3:30', 'description': 'Newfoundland'}}, 'email': "mar'yan.dyachenko@example.com", 'login': {'uuid': '844ab69b-f44e-47ce-9743-d6ec13a8a051', 'username': 'crazydog886', 'password': 'jordan1', 'salt': '0ss5CV6L', 'md5': 'fb8938f8e9daba7991c8777700313d82', 'sha1': 'f75435aa36d8dd7d46810e097be2ec920048110c', 'sha256': 'b358a443c9ec9ab1d0d3c0499deafc5b74fffcd953c29ed0ff66290523ef1e79'}, 'dob': {'date': '1967-04-08T00:36:15.951Z', 'age': 57}, 'registered': {'date': '2019-12-08T16:29:15.050Z', 'age': 4}, 'phone': '(066) G65-6030', 'cell': '(068) P68-1051', 'id': {'name': '', 'value': None}, 'picture': {'large': 'https://randomuser.me/api/portraits/men/79.jpg', 'medium': 'https://randomuser.me/api/portraits/med/men/79.jpg', 'thumbnail': 'https://randomuser.me/api/portraits/thumb/men/79.jpg'}, 'nat': 'UA'}</msg>
<arg>${json_data['results'][0]}</arg>
<doc>Logs the given message with the given level.</doc>
<status status="PASS" start="2024-06-26T13:17:31.178750" elapsed="0.000494"/>
</kw>
<kw name="Log" owner="BuiltIn">
<msg time="2024-06-26T13:17:31.179744" level="INFO">name</msg>
<arg>${key}</arg>
<doc>Logs the given message with the given level.</doc>
<status status="PASS" start="2024-06-26T13:17:31.179602" elapsed="0.000182"/>
</kw>
<var name="${key}">name</var>
<status status="PASS" start="2024-06-26T13:17:31.177936" elapsed="0.002101"/>
</iter>
<iter>
<kw name="Dictionary Should Contain Key" owner="Collections">
<arg>${json_data['results'][0]}</arg>
<arg>${key}</arg>
<doc>Fails if ``key`` is not found from ``dictionary``.</doc>
<status status="PASS" start="2024-06-26T13:17:31.180393" elapsed="0.000533"/>
</kw>
<kw name="Log" owner="BuiltIn">
<msg time="2024-06-26T13:17:31.181535" level="INFO">{'gender': 'male', 'name': {'title': 'Mr', 'first': "Mar'yan", 'last': 'Dyachenko'}, 'location': {'street': {'number': 6761, 'name': 'Provulok Prishvina'}, 'city': 'Kiliya', 'state': 'Mikolayivska', 'country': 'Ukraine', 'postcode': 76462, 'coordinates': {'latitude': '76.9038', 'longitude': '-156.7951'}, 'timezone': {'offset': '-3:30', 'description': 'Newfoundland'}}, 'email': "mar'yan.dyachenko@example.com", 'login': {'uuid': '844ab69b-f44e-47ce-9743-d6ec13a8a051', 'username': 'crazydog886', 'password': 'jordan1', 'salt': '0ss5CV6L', 'md5': 'fb8938f8e9daba7991c8777700313d82', 'sha1': 'f75435aa36d8dd7d46810e097be2ec920048110c', 'sha256': 'b358a443c9ec9ab1d0d3c0499deafc5b74fffcd953c29ed0ff66290523ef1e79'}, 'dob': {'date': '1967-04-08T00:36:15.951Z', 'age': 57}, 'registered': {'date': '2019-12-08T16:29:15.050Z', 'age': 4}, 'phone': '(066) G65-6030', 'cell': '(068) P68-1051', 'id': {'name': '', 'value': None}, 'picture': {'large': 'https://randomuser.me/api/portraits/men/79.jpg', 'medium': 'https://randomuser.me/api/portraits/med/men/79.jpg', 'thumbnail': 'https://randomuser.me/api/portraits/thumb/men/79.jpg'}, 'nat': 'UA'}</msg>
<arg>${json_data['results'][0]}</arg>
<doc>Logs the given message with the given level.</doc>
<status status="PASS" start="2024-06-26T13:17:31.181135" elapsed="0.000461"/>
</kw>
<kw name="Log" owner="BuiltIn">
<msg time="2024-06-26T13:17:31.182187" level="INFO">location</msg>
<arg>${key}</arg>
<doc>Logs the given message with the given level.</doc>
<status status="PASS" start="2024-06-26T13:17:31.182031" elapsed="0.000197"/>
</kw>
<var name="${key}">location</var>
<status status="PASS" start="2024-06-26T13:17:31.180253" elapsed="0.002224"/>
</iter>
<iter>
<kw name="Dictionary Should Contain Key" owner="Collections">
<arg>${json_data['results'][0]}</arg>
<arg>${key}</arg>
<doc>Fails if ``key`` is not found from ``dictionary``.</doc>
<status status="PASS" start="2024-06-26T13:17:31.182796" elapsed="0.000456"/>
</kw>
<kw name="Log" owner="BuiltIn">
<msg time="2024-06-26T13:17:31.183839" level="INFO">{'gender': 'male', 'name': {'title': 'Mr', 'first': "Mar'yan", 'last': 'Dyachenko'}, 'location': {'street': {'number': 6761, 'name': 'Provulok Prishvina'}, 'city': 'Kiliya', 'state': 'Mikolayivska', 'country': 'Ukraine', 'postcode': 76462, 'coordinates': {'latitude': '76.9038', 'longitude': '-156.7951'}, 'timezone': {'offset': '-3:30', 'description': 'Newfoundland'}}, 'email': "mar'yan.dyachenko@example.com", 'login': {'uuid': '844ab69b-f44e-47ce-9743-d6ec13a8a051', 'username': 'crazydog886', 'password': 'jordan1', 'salt': '0ss5CV6L', 'md5': 'fb8938f8e9daba7991c8777700313d82', 'sha1': 'f75435aa36d8dd7d46810e097be2ec920048110c', 'sha256': 'b358a443c9ec9ab1d0d3c0499deafc5b74fffcd953c29ed0ff66290523ef1e79'}, 'dob': {'date': '1967-04-08T00:36:15.951Z', 'age': 57}, 'registered': {'date': '2019-12-08T16:29:15.050Z', 'age': 4}, 'phone': '(066) G65-6030', 'cell': '(068) P68-1051', 'id': {'name': '', 'value': None}, 'picture': {'large': 'https://randomuser.me/api/portraits/men/79.jpg', 'medium': 'https://randomuser.me/api/portraits/med/men/79.jpg', 'thumbnail': 'https://randomuser.me/api/portraits/thumb/men/79.jpg'}, 'nat': 'UA'}</msg>
<arg>${json_data['results'][0]}</arg>
<doc>Logs the given message with the given level.</doc>
<status status="PASS" start="2024-06-26T13:17:31.183451" elapsed="0.000436"/>
</kw>
<kw name="Log" owner="BuiltIn">
<msg time="2024-06-26T13:17:31.184385" level="INFO">email</msg>
<arg>${key}</arg>
<doc>Logs the given message with the given level.</doc>
<status status="PASS" start="2024-06-26T13:17:31.184249" elapsed="0.000177"/>
</kw>
<var name="${key}">email</var>
<status status="PASS" start="2024-06-26T13:17:31.182674" elapsed="0.002029"/>
</iter>
<iter>
<kw name="Dictionary Should Contain Key" owner="Collections">
<arg>${json_data['results'][0]}</arg>
<arg>${key}</arg>
<doc>Fails if ``key`` is not found from ``dictionary``.</doc>
<status status="PASS" start="2024-06-26T13:17:31.185015" elapsed="0.000431"/>
</kw>
<kw name="Log" owner="BuiltIn">
<msg time="2024-06-26T13:17:31.186032" level="INFO">{'gender': 'male', 'name': {'title': 'Mr', 'first': "Mar'yan", 'last': 'Dyachenko'}, 'location': {'street': {'number': 6761, 'name': 'Provulok Prishvina'}, 'city': 'Kiliya', 'state': 'Mikolayivska', 'country': 'Ukraine', 'postcode': 76462, 'coordinates': {'latitude': '76.9038', 'longitude': '-156.7951'}, 'timezone': {'offset': '-3:30', 'description': 'Newfoundland'}}, 'email': "mar'yan.dyachenko@example.com", 'login': {'uuid': '844ab69b-f44e-47ce-9743-d6ec13a8a051', 'username': 'crazydog886', 'password': 'jordan1', 'salt': '0ss5CV6L', 'md5': 'fb8938f8e9daba7991c8777700313d82', 'sha1': 'f75435aa36d8dd7d46810e097be2ec920048110c', 'sha256': 'b358a443c9ec9ab1d0d3c0499deafc5b74fffcd953c29ed0ff66290523ef1e79'}, 'dob': {'date': '1967-04-08T00:36:15.951Z', 'age': 57}, 'registered': {'date': '2019-12-08T16:29:15.050Z', 'age': 4}, 'phone': '(066) G65-6030', 'cell': '(068) P68-1051', 'id': {'name': '', 'value': None}, 'picture': {'large': 'https://randomuser.me/api/portraits/men/79.jpg', 'medium': 'https://randomuser.me/api/portraits/med/men/79.jpg', 'thumbnail': 'https://randomuser.me/api/portraits/thumb/men/79.jpg'}, 'nat': 'UA'}</msg>
<arg>${json_data['results'][0]}</arg>
<doc>Logs the given message with the given level.</doc>
<status status="PASS" start="2024-06-26T13:17:31.185638" elapsed="0.000442"/>
</kw>
<kw name="Log" owner="BuiltIn">
<msg time="2024-06-26T13:17:31.186558" level="INFO">login</msg>
<arg>${key}</arg>
<doc>Logs the given message with the given level.</doc>
<status status="PASS" start="2024-06-26T13:17:31.186410" elapsed="0.000190"/>
</kw>
<var name="${key}">login</var>
<status status="PASS" start="2024-06-26T13:17:31.184895" elapsed="0.001959"/>
</iter>
<var>${key}</var>
<value>@{expected_keys}</value>
<status status="PASS" start="2024-06-26T13:17:31.175129" elapsed="0.011852"/>
</for>
<kw name="Create List" owner="BuiltIn">
<msg time="2024-06-26T13:17:31.187344" level="INFO">${expected_keysTwo} = ['username', 'password']</msg>
<var>${expected_keysTwo}</var>
<arg>username</arg>
<arg>password</arg>
<doc>Returns a list containing given items.</doc>
<status status="PASS" start="2024-06-26T13:17:31.187198" elapsed="0.000170"/>
</kw>
<for flavor="IN">
<iter>
<kw name="Dictionary Should Contain Key" owner="Collections">
<arg>${json_data['results'][0]['login']}</arg>
<arg>${keyTwo}</arg>
<doc>Fails if ``key`` is not found from ``dictionary``.</doc>
<status status="PASS" start="2024-06-26T13:17:31.188015" elapsed="0.000420"/>
</kw>
<kw name="Dictionary Should Contain Key" owner="Collections">
<arg>${json_data['results'][0]['login']}</arg>
<arg>${keyTwo}</arg>
<doc>Fails if ``key`` is not found from ``dictionary``.</doc>
<status status="PASS" start="2024-06-26T13:17:31.188691" elapsed="0.000431"/>
</kw>
<kw name="Log" owner="BuiltIn">
<msg time="2024-06-26T13:17:31.189460" level="INFO">username</msg>
<arg>${keyTwo}</arg>
<doc>Logs the given message with the given level.</doc>
<status status="PASS" start="2024-06-26T13:17:31.189317" elapsed="0.000182"/>
</kw>
<var name="${keyTwo}">username</var>
<status status="PASS" start="2024-06-26T13:17:31.187897" elapsed="0.001928"/>
</iter>
<iter>
<kw name="Dictionary Should Contain Key" owner="Collections">
<arg>${json_data['results'][0]['login']}</arg>
<arg>${keyTwo}</arg>
<doc>Fails if ``key`` is not found from ``dictionary``.</doc>
<status status="PASS" start="2024-06-26T13:17:31.190179" elapsed="0.000453"/>
</kw>
<kw name="Dictionary Should Contain Key" owner="Collections">
<arg>${json_data['results'][0]['login']}</arg>
<arg>${keyTwo}</arg>
<doc>Fails if ``key`` is not found from ``dictionary``.</doc>
<status status="PASS" start="2024-06-26T13:17:31.190830" elapsed="0.000412"/>
</kw>
<kw name="Log" owner="BuiltIn">
<msg time="2024-06-26T13:17:31.191568" level="INFO">password</msg>
<arg>${keyTwo}</arg>
<doc>Logs the given message with the given level.</doc>
<status status="PASS" start="2024-06-26T13:17:31.191431" elapsed="0.000178"/>
</kw>
<var name="${keyTwo}">password</var>
<status status="PASS" start="2024-06-26T13:17:31.190039" elapsed="0.002005"/>
</iter>
<var>${keyTwo}</var>
<value>@{expected_keysTwo}</value>
<status status="PASS" start="2024-06-26T13:17:31.187693" elapsed="0.004479"/>
</for>
<status status="PASS" start="2024-06-26T13:17:31.075152" elapsed="0.117185"/>
</kw>
<doc>Testa a estrutura da resposta da API.</doc>
<tag>testeEstruturaResposta</tag>
<status status="PASS" start="2024-06-26T13:17:31.074326" elapsed="0.118233"/>
</test>
<test id="s1-s1-t4" name="Validar tipos de dados" line="28">
<kw name="Teste de Tipos de Dados" owner="random-user-service">
<kw name="GET On Session" owner="RequestsLibrary">
<msg time="2024-06-26T13:17:31.346756" level="INFO">GET Request : url=https://randomuser.me/api 
 path_url=/api 
 headers={'User-Agent': 'python-requests/2.32.3', 'Accept-Encoding': 'gzip, deflate', 'Accept': '*/*', 'Connection': 'keep-alive'} 
 body=None 
 </msg>
<msg time="2024-06-26T13:17:31.346880" level="INFO">GET Response : url=https://randomuser.me/api 
 status=200, reason=OK 
 headers={'Date': 'Wed, 26 Jun 2024 13:17:31 GMT', 'Content-Type': 'application/json; charset=utf-8', 'Transfer-Encoding': 'chunked', 'Connection': 'keep-alive', 'X-Powered-By': 'Express', 'Access-Control-Allow-Origin': '*', 'Cache-Control': 'no-cache', 'ETag': 'W/"48c-EzGGsJqXs2MJocGkjwehdptyVSA"', 'Vary': 'Accept-Encoding', 'Content-Encoding': 'gzip', 'CF-Cache-Status': 'DYNAMIC', 'Report-To': '{"endpoints":[{"url":"https:\\/\\/a.nel.cloudflare.com\\/report\\/v4?s=O8eCUOB8x218rvpX4yZiP4iYo5bBTgqNIfyYyjPrdVFa241HeCU0Nx8VLGEkpQq4F8vT8tmRCYnYqQbjYojhtF1%2FtTF6i37bi6vZWp1aiYbsKcB3fZXOXY7ZalGxp1Hp"}],"group":"cf-nel","max_age":604800}', 'NEL': '{"success_fraction":0,"report_to":"cf-nel","max_age":604800}', 'Server': 'cloudflare', 'CF-RAY': '899d7a5dfaf9093d-IAD', 'alt-svc': 'h3=":443"; ma=86400'} 
 body={"results":[{"gender":"male","name":{"title":"Mr","first":"Cooper","last":"Walker"},"location":{"street":{"number":5104,"name":"Ellerslie-Panmure Highway"},"city":"Porirua","state":"West Coast","country":"New Zealand","postcode":80844,"coordinates":{"latitude":"50.2612","longitude":"-88.2142"},"timezone":{"offset":"+4:00","description":"Abu Dhabi, Muscat, Baku, Tbilisi"}},"email":"cooper.walker@example.com","login":{"uuid":"4ca83afc-8439-486e-b032-36d10b792467","username":"bluecat272","password":"4121","salt":"GsmJFz3B","md5":"656f9d9395747a00f0de7ac21bf44b97","sha1":"7c1e63b5ad3e1e4c0641a8b9bbf88432e78a1a30","sha256":"734345d325144c759a7409b4607a599e19644a032be555b777ba99db2572ff00"},"dob":{"date":"1966-01-11T14:04:08.548Z","age":58},"registered":{"date":"2019-01-27T00:59:21.405Z","age":5},"phone":"(074)-513-4416","cell":"(869)-103-5378","id":{"name":"","value":null},"picture":{"large":"https://randomuser.me/api/portraits/men/10.jpg","medium":"https://randomuser.me/api/portraits/med/men/10.jpg","thumbnail":"https://randomuser.me/api/portraits/thumb/men/10.jpg"},"nat":"NZ"}],"info":{"seed":"5d99c1a1adb92169","results":1,"page":1,"version":"1.4"}} 
 </msg>
<msg time="2024-06-26T13:17:31.346969" level="INFO">/opt/hostedtoolcache/Python/3.12.4/x64/lib/python3.12/site-packages/urllib3/connectionpool.py:1099: InsecureRequestWarning: Unverified HTTPS request is being made to host 'randomuser.me'. Adding certificate verification is strongly advised. See: https://urllib3.readthedocs.io/en/latest/advanced-usage.html#tls-warnings
  warnings.warn(</msg>
<msg time="2024-06-26T13:17:31.347125" level="INFO">${response} = &lt;Response [200]&gt;</msg>
<var>${response}</var>
<arg>consultarAPI</arg>
<arg>/api</arg>
<doc>Sends a GET request on a previously created HTTP Session.</doc>
<status status="PASS" start="2024-06-26T13:17:31.195335" elapsed="0.151839"/>
</kw>
<kw name="Set Variable" owner="BuiltIn">
<msg time="2024-06-26T13:17:31.348783" level="INFO">${json_data} = {'results': [{'gender': 'male', 'name': {'title': 'Mr', 'first': 'Cooper', 'last': 'Walker'}, 'location': {'street': {'number': 5104, 'name': 'Ellerslie-Panmure Highway'}, 'city': 'Porirua', 'state': ...</msg>
<var>${json_data}</var>
<arg>${response.json()}</arg>
<doc>Returns the given values which can then be assigned to a variables.</doc>
<status status="PASS" start="2024-06-26T13:17:31.347925" elapsed="0.000897"/>
</kw>
<kw name="Log" owner="BuiltIn">
<msg time="2024-06-26T13:17:31.349544" level="INFO">{'results': [{'gender': 'male', 'name': {'title': 'Mr', 'first': 'Cooper', 'last': 'Walker'}, 'location': {'street': {'number': 5104, 'name': 'Ellerslie-Panmure Highway'}, 'city': 'Porirua', 'state': 'West Coast', 'country': 'New Zealand', 'postcode': 80844, 'coordinates': {'latitude': '50.2612', 'longitude': '-88.2142'}, 'timezone': {'offset': '+4:00', 'description': 'Abu Dhabi, Muscat, Baku, Tbilisi'}}, 'email': 'cooper.walker@example.com', 'login': {'uuid': '4ca83afc-8439-486e-b032-36d10b792467', 'username': 'bluecat272', 'password': '4121', 'salt': 'GsmJFz3B', 'md5': '656f9d9395747a00f0de7ac21bf44b97', 'sha1': '7c1e63b5ad3e1e4c0641a8b9bbf88432e78a1a30', 'sha256': '734345d325144c759a7409b4607a599e19644a032be555b777ba99db2572ff00'}, 'dob': {'date': '1966-01-11T14:04:08.548Z', 'age': 58}, 'registered': {'date': '2019-01-27T00:59:21.405Z', 'age': 5}, 'phone': '(074)-513-4416', 'cell': '(869)-103-5378', 'id': {'name': '', 'value': None}, 'picture': {'large': 'https://randomuser.me/api/portraits/men/10.jpg', 'medium': 'https://randomuser.me/api/portraits/med/men/10.jpg', 'thumbnail': 'https://randomuser.me/api/portraits/thumb/men/10.jpg'}, 'nat': 'NZ'}], 'info': {'seed': '5d99c1a1adb92169', 'results': 1, 'page': 1, 'version': '1.4'}}</msg>
<arg>${json_data}</arg>
<doc>Logs the given message with the given level.</doc>
<status status="PASS" start="2024-06-26T13:17:31.349311" elapsed="0.000298"/>
</kw>
<kw name="Should Be String" owner="String">
<arg>${json_data['results'][0]['gender']}</arg>
<doc>Fails if the given ``item`` is not a string.</doc>
<status status="PASS" start="2024-06-26T13:17:31.350058" elapsed="0.000490"/>
</kw>
<kw name="Should Match Regexp" owner="BuiltIn">
<arg>${json_data['results'][0]['email']}</arg>
<arg>^[a-zA-Z0-9._%+-]+@[a-zA-Z0-9.-]+\.[a-zA-Z]{2,}$</arg>
<doc>Fails if ``string`` does not match ``pattern`` as a regular expression.</doc>
<status status="PASS" start="2024-06-26T13:17:31.350802" elapsed="0.000628"/>
</kw>
<kw name="Should Match Regexp" owner="BuiltIn">
<arg>${json_data['results'][0]['dob']['date']}</arg>
<arg>\\d{4}-\\d{2}-\\d{2}T\\d{2}:\\d{2}:\\d{2}\\.\\d{3}Z</arg>
<doc>Fails if ``string`` does not match ``pattern`` as a regular expression.</doc>
<status status="PASS" start="2024-06-26T13:17:31.351733" elapsed="0.000621"/>
</kw>
<kw name="Should Match Regexp" owner="BuiltIn">
<arg>${json_data['results'][0]['registered']['date']}</arg>
<arg>\\d{4}-\\d{2}-\\d{2}T\\d{2}:\\d{2}:\\d{2}\\.\\d{3}Z</arg>
<doc>Fails if ``string`` does not match ``pattern`` as a regular expression.</doc>
<status status="PASS" start="2024-06-26T13:17:31.352711" elapsed="0.000562"/>
</kw>
<kw name="Should Match Regexp" owner="BuiltIn">
<arg>${json_data['results'][0]['picture']['large']}</arg>
<arg>^https?://.*\.(?:png|jpe?g|gif|bmp)$</arg>
<doc>Fails if ``string`` does not match ``pattern`` as a regular expression.</doc>
<status status="PASS" start="2024-06-26T13:17:31.353538" elapsed="0.000602"/>
</kw>
<kw name="Should Match Regexp" owner="BuiltIn">
<arg>${json_data['results'][0]['picture']['medium']}</arg>
<arg>^https?://.*\.(?:png|jpe?g|gif|bmp)$</arg>
<doc>Fails if ``string`` does not match ``pattern`` as a regular expression.</doc>
<status status="PASS" start="2024-06-26T13:17:31.354413" elapsed="0.000440"/>
</kw>
<kw name="Should Match Regexp" owner="BuiltIn">
<arg>${json_data['results'][0]['picture']['thumbnail']}</arg>
<arg>^https?://.*\.(?:png|jpe?g|gif|bmp)$</arg>
<doc>Fails if ``string`` does not match ``pattern`` as a regular expression.</doc>
<status status="PASS" start="2024-06-26T13:17:31.355074" elapsed="0.000396"/>
</kw>
<kw name="Log" owner="BuiltIn">
<msg time="2024-06-26T13:17:31.356063" level="INFO">{'large': 'https://randomuser.me/api/portraits/men/10.jpg', 'medium': 'https://randomuser.me/api/portraits/med/men/10.jpg', 'thumbnail': 'https://randomuser.me/api/portraits/thumb/men/10.jpg'}</msg>
<arg>${json_data['results'][0]['picture']}</arg>
<doc>Logs the given message with the given level.</doc>
<status status="PASS" start="2024-06-26T13:17:31.355681" elapsed="0.000430"/>
</kw>
<status status="PASS" start="2024-06-26T13:17:31.195021" elapsed="0.161522"/>
</kw>
<kw name="Teste de Tipos de Dados - Postcode" owner="random-user-service">
<kw name="GET On Session" owner="RequestsLibrary">
<msg time="2024-06-26T13:17:31.443213" level="INFO">GET Request : url=https://randomuser.me/api 
 path_url=/api 
 headers={'User-Agent': 'python-requests/2.32.3', 'Accept-Encoding': 'gzip, deflate', 'Accept': '*/*', 'Connection': 'keep-alive'} 
 body=None 
 </msg>
<msg time="2024-06-26T13:17:31.443325" level="INFO">GET Response : url=https://randomuser.me/api 
 status=200, reason=OK 
 headers={'Date': 'Wed, 26 Jun 2024 13:17:31 GMT', 'Content-Type': 'application/json; charset=utf-8', 'Transfer-Encoding': 'chunked', 'Connection': 'keep-alive', 'X-Powered-By': 'Express', 'Access-Control-Allow-Origin': '*', 'Cache-Control': 'no-cache', 'ETag': 'W/"480-emnP4FZk5tzWZ1xKdtSu/DKm63E"', 'Vary': 'Accept-Encoding', 'Content-Encoding': 'gzip', 'CF-Cache-Status': 'DYNAMIC', 'Report-To': '{"endpoints":[{"url":"https:\\/\\/a.nel.cloudflare.com\\/report\\/v4?s=3wryZ1lMGHib9aXXP8rboxwkJVEnQclbPLLfQaaiES4TcaNbaJl0EVa89zoBh%2BweZYqVjEhwPR%2FY7Lh9fIGWAifLc%2FCwGNaAnb77TEaqOXS3iS15G0M5iXG8ioLxJDUP"}],"group":"cf-nel","max_age":604800}', 'NEL': '{"success_fraction":0,"report_to":"cf-nel","max_age":604800}', 'Server': 'cloudflare', 'CF-RAY': '899d7a5f0bdf093d-IAD', 'alt-svc': 'h3=":443"; ma=86400'} 
 body={"results":[{"gender":"male","name":{"title":"Mr","first":"Noam","last":"Lacroix"},"location":{"street":{"number":4166,"name":"Rue du Dauphiné"},"city":"Rouen","state":"Haute-Vienne","country":"France","postcode":61127,"coordinates":{"latitude":"-14.4658","longitude":"-98.7291"},"timezone":{"offset":"-2:00","description":"Mid-Atlantic"}},"email":"noam.lacroix@example.com","login":{"uuid":"b766cc69-febf-42a4-84e2-4789496b7200","username":"tinydog370","password":"dilbert","salt":"04U8lNqF","md5":"fcc3e4b0023433959f9fbe97f4632424","sha1":"a27d56e2d02974fa31b8587493cfe09932cb0bf0","sha256":"154b2d0609a31028b0f8670b5ad1238086c54103a906b8b7497f6c5ac1cb7521"},"dob":{"date":"1971-08-07T07:47:05.737Z","age":52},"registered":{"date":"2012-07-28T17:35:27.588Z","age":11},"phone":"02-53-74-10-02","cell":"06-20-31-80-78","id":{"name":"INSEE","value":"1710768031502 08"},"picture":{"large":"https://randomuser.me/api/portraits/men/58.jpg","medium":"https://randomuser.me/api/portraits/med/men/58.jpg","thumbnail":"https://randomuser.me/api/portraits/thumb/men/58.jpg"},"nat":"FR"}],"info":{"seed":"b870e69f53517743","results":1,"page":1,"version":"1.4"}} 
 </msg>
<msg time="2024-06-26T13:17:31.443407" level="INFO">/opt/hostedtoolcache/Python/3.12.4/x64/lib/python3.12/site-packages/urllib3/connectionpool.py:1099: InsecureRequestWarning: Unverified HTTPS request is being made to host 'randomuser.me'. Adding certificate verification is strongly advised. See: https://urllib3.readthedocs.io/en/latest/advanced-usage.html#tls-warnings
  warnings.warn(</msg>
<msg time="2024-06-26T13:17:31.443541" level="INFO">${response} = &lt;Response [200]&gt;</msg>
<var>${response}</var>
<arg>consultarAPI</arg>
<arg>/api</arg>
<doc>Sends a GET request on a previously created HTTP Session.</doc>
<status status="PASS" start="2024-06-26T13:17:31.357096" elapsed="0.086475"/>
</kw>
<kw name="Set Variable" owner="BuiltIn">
<msg time="2024-06-26T13:17:31.444781" level="INFO">${json_data} = {'results': [{'gender': 'male', 'name': {'title': 'Mr', 'first': 'Noam', 'last': 'Lacroix'}, 'location': {'street': {'number': 4166, 'name': 'Rue du Dauphiné'}, 'city': 'Rouen', 'state': 'Haute-Vienne...</msg>
<var>${json_data}</var>
<arg>${response.json()}</arg>
<doc>Returns the given values which can then be assigned to a variables.</doc>
<status status="PASS" start="2024-06-26T13:17:31.444158" elapsed="0.000655"/>
</kw>
<kw name="Log" owner="BuiltIn">
<msg time="2024-06-26T13:17:31.445653" level="INFO">{'results': [{'gender': 'male', 'name': {'title': 'Mr', 'first': 'Noam', 'last': 'Lacroix'}, 'location': {'street': {'number': 4166, 'name': 'Rue du Dauphiné'}, 'city': 'Rouen', 'state': 'Haute-Vienne', 'country': 'France', 'postcode': 61127, 'coordinates': {'latitude': '-14.4658', 'longitude': '-98.7291'}, 'timezone': {'offset': '-2:00', 'description': 'Mid-Atlantic'}}, 'email': 'noam.lacroix@example.com', 'login': {'uuid': 'b766cc69-febf-42a4-84e2-4789496b7200', 'username': 'tinydog370', 'password': 'dilbert', 'salt': '04U8lNqF', 'md5': 'fcc3e4b0023433959f9fbe97f4632424', 'sha1': 'a27d56e2d02974fa31b8587493cfe09932cb0bf0', 'sha256': '154b2d0609a31028b0f8670b5ad1238086c54103a906b8b7497f6c5ac1cb7521'}, 'dob': {'date': '1971-08-07T07:47:05.737Z', 'age': 52}, 'registered': {'date': '2012-07-28T17:35:27.588Z', 'age': 11}, 'phone': '02-53-74-10-02', 'cell': '06-20-31-80-78', 'id': {'name': 'INSEE', 'value': '1710768031502 08'}, 'picture': {'large': 'https://randomuser.me/api/portraits/men/58.jpg', 'medium': 'https://randomuser.me/api/portraits/med/men/58.jpg', 'thumbnail': 'https://randomuser.me/api/portraits/thumb/men/58.jpg'}, 'nat': 'FR'}], 'info': {'seed': 'b870e69f53517743', 'results': 1, 'page': 1, 'version': '1.4'}}</msg>
<arg>${json_data}</arg>
<doc>Logs the given message with the given level.</doc>
<status status="PASS" start="2024-06-26T13:17:31.445363" elapsed="0.000357"/>
</kw>
<kw name="Should Be Equal As Numbers" owner="BuiltIn">
<arg>${json_data['results'][0]['location']['postcode']}</arg>
<arg>${json_data['results'][0]['location']['postcode']}</arg>
<doc>Fails if objects are unequal after converting them to real numbers.</doc>
<status status="PASS" start="2024-06-26T13:17:31.446195" elapsed="0.000984"/>
</kw>
<kw name="Log" owner="BuiltIn">
<msg time="2024-06-26T13:17:31.448446" level="INFO">61127</msg>
<arg>${json_data['results'][0]['location']['postcode']}</arg>
<doc>Logs the given message with the given level.</doc>
<status status="PASS" start="2024-06-26T13:17:31.447517" elapsed="0.001062"/>
</kw>
<status status="PASS" start="2024-06-26T13:17:31.356810" elapsed="0.092457"/>
</kw>
<doc>Testa se os tipos de dados na resposta da API estão corretos.</doc>
<tag>testeTiposDados</tag>
<status status="PASS" start="2024-06-26T13:17:31.194446" elapsed="0.255073"/>
</test>
<test id="s1-s1-t5" name="Validar conteudo" line="35">
<kw name="Teste de Tipos de Conteudo" owner="random-user-service">
<kw name="GET On Session" owner="RequestsLibrary">
<msg time="2024-06-26T13:17:31.519899" level="INFO">GET Request : url=https://randomuser.me/api 
 path_url=/api 
 headers={'User-Agent': 'python-requests/2.32.3', 'Accept-Encoding': 'gzip, deflate', 'Accept': '*/*', 'Connection': 'keep-alive'} 
 body=None 
 </msg>
<msg time="2024-06-26T13:17:31.520035" level="INFO">GET Response : url=https://randomuser.me/api 
 status=200, reason=OK 
 headers={'Date': 'Wed, 26 Jun 2024 13:17:31 GMT', 'Content-Type': 'application/json; charset=utf-8', 'Transfer-Encoding': 'chunked', 'Connection': 'keep-alive', 'X-Powered-By': 'Express', 'Access-Control-Allow-Origin': '*', 'Cache-Control': 'no-cache', 'ETag': 'W/"463-E3EqxKhND2eSXhQyPxgpSzKwhzs"', 'Vary': 'Accept-Encoding', 'Content-Encoding': 'gzip', 'CF-Cache-Status': 'DYNAMIC', 'Report-To': '{"endpoints":[{"url":"https:\\/\\/a.nel.cloudflare.com\\/report\\/v4?s=h4t4EOrQLpVbFiAosHayJtqOuVydLIbI2mU1SJPi0597mbHmAB5VUHOpK9105JOS29X7tdZt%2BpmhwhGM1pNdQKUtpRSEr3TZNw4%2Bd3%2FK0kjDfTHQ1og914GfFwt7fn4d"}],"group":"cf-nel","max_age":604800}', 'NEL': '{"success_fraction":0,"report_to":"cf-nel","max_age":604800}', 'Server': 'cloudflare', 'CF-RAY': '899d7a5f9c5e093d-IAD', 'alt-svc': 'h3=":443"; ma=86400'} 
 body={"results":[{"gender":"male","name":{"title":"Mr","first":"Ali","last":"Çankaya"},"location":{"street":{"number":8087,"name":"Şehitler Cd"},"city":"Eskişehir","state":"Bolu","country":"Turkey","postcode":90069,"coordinates":{"latitude":"68.9637","longitude":"-178.2066"},"timezone":{"offset":"+4:30","description":"Kabul"}},"email":"ali.cankaya@example.com","login":{"uuid":"04ac552e-755c-415c-a59b-088fa714a194","username":"purplepanda146","password":"frederic","salt":"CwvWgwWk","md5":"0f2e4b26c1d1837fcfc62c2283809db8","sha1":"ba2b7539ebfac21a9ca3d44978b17c48b2c96686","sha256":"f200f936435e2ccc04beb5efdf5c8610ce4bd9a1e859a72feaebd64cf4e8dcc2"},"dob":{"date":"1976-07-24T13:06:58.918Z","age":47},"registered":{"date":"2013-04-30T16:41:51.626Z","age":11},"phone":"(641)-361-5241","cell":"(319)-071-3755","id":{"name":"","value":null},"picture":{"large":"https://randomuser.me/api/portraits/men/93.jpg","medium":"https://randomuser.me/api/portraits/med/men/93.jpg","thumbnail":"https://randomuser.me/api/portraits/thumb/men/93.jpg"},"nat":"TR"}],"info":{"seed":"9631abd74aae08fb","results":1,"page":1,"version":"1.4"}} 
 </msg>
<msg time="2024-06-26T13:17:31.520142" level="INFO">/opt/hostedtoolcache/Python/3.12.4/x64/lib/python3.12/site-packages/urllib3/connectionpool.py:1099: InsecureRequestWarning: Unverified HTTPS request is being made to host 'randomuser.me'. Adding certificate verification is strongly advised. See: https://urllib3.readthedocs.io/en/latest/advanced-usage.html#tls-warnings
  warnings.warn(</msg>
<msg time="2024-06-26T13:17:31.520298" level="INFO">${response} = &lt;Response [200]&gt;</msg>
<var>${response}</var>
<arg>consultarAPI</arg>
<arg>/api</arg>
<doc>Sends a GET request on a previously created HTTP Session.</doc>
<status status="PASS" start="2024-06-26T13:17:31.453693" elapsed="0.066659"/>
</kw>
<kw name="Set Variable" owner="BuiltIn">
<msg time="2024-06-26T13:17:31.521757" level="INFO">${json_data} = {'results': [{'gender': 'male', 'name': {'title': 'Mr', 'first': 'Ali', 'last': 'Çankaya'}, 'location': {'street': {'number': 8087, 'name': 'Şehitler Cd'}, 'city': 'Eskişehir', 'state': 'Bolu', 'count...</msg>
<var>${json_data}</var>
<arg>${response.json()}</arg>
<doc>Returns the given values which can then be assigned to a variables.</doc>
<status status="PASS" start="2024-06-26T13:17:31.521052" elapsed="0.000746"/>
</kw>
<kw name="Set Variable" owner="BuiltIn">
<msg time="2024-06-26T13:17:31.522878" level="INFO">${name_title} = Mr</msg>
<var>${name_title}</var>
<arg>${json_data["results"][0]["name"]["title"]}</arg>
<doc>Returns the given values which can then be assigned to a variables.</doc>
<status status="PASS" start="2024-06-26T13:17:31.522292" elapsed="0.000615"/>
</kw>
<kw name="Create List" owner="BuiltIn">
<msg time="2024-06-26T13:17:31.523576" level="INFO">${allowed_titles} = ['Mr', 'Ms', 'Miss', 'Mrs', 'Madame', 'Monsieur']</msg>
<var>${allowed_titles}</var>
<arg>Mr</arg>
<arg>Ms</arg>
<arg>Miss</arg>
<arg>Mrs</arg>
<arg>Madame</arg>
<arg>Monsieur</arg>
<doc>Returns a list containing given items.</doc>
<status status="PASS" start="2024-06-26T13:17:31.523364" elapsed="0.000239"/>
</kw>
<kw name="List Should Contain Value" owner="Collections">
<arg>${allowed_titles}</arg>
<arg>${name_title}</arg>
<doc>Fails if the ``value`` is not found from ``list``.</doc>
<status status="PASS" start="2024-06-26T13:17:31.524005" elapsed="0.000231"/>
</kw>
<kw name="Set Variable" owner="BuiltIn">
<msg time="2024-06-26T13:17:31.524967" level="INFO">${name_country} = TR</msg>
<var>${name_country}</var>
<arg>${json_data["results"][0]["nat"]}</arg>
<doc>Returns the given values which can then be assigned to a variables.</doc>
<status status="PASS" start="2024-06-26T13:17:31.524518" elapsed="0.000476"/>
</kw>
<kw name="Create List" owner="BuiltIn">
<msg time="2024-06-26T13:17:31.526019" level="INFO">${list_country} = ['AD', 'AE', 'AF', 'AG', 'AI', 'AL', 'AM', 'AO', 'AQ', 'AR', 'AS', 'AT', 'AU', 'AW', 'AX', 'AZ', 'BA', 'BB', 'BD', 'BE', 'BF', 'BG', 'BH', 'BI', 'BJ', 'BL', 'BM', 'BN', 'BO', 'BQ', 'BR', 'BS', 'BT', '...</msg>
<var>${list_country}</var>
<arg>AD</arg>
<arg>AE</arg>
<arg>AF</arg>
<arg>AG</arg>
<arg>AI</arg>
<arg>AL</arg>
<arg>AM</arg>
<arg>AO</arg>
<arg>AQ</arg>
<arg>AR</arg>
<arg>AS</arg>
<arg>AT</arg>
<arg>AU</arg>
<arg>AW</arg>
<arg>AX</arg>
<arg>AZ</arg>
<arg>BA</arg>
<arg>BB</arg>
<arg>BD</arg>
<arg>BE</arg>
<arg>BF</arg>
<arg>BG</arg>
<arg>BH</arg>
<arg>BI</arg>
<arg>BJ</arg>
<arg>BL</arg>
<arg>BM</arg>
<arg>BN</arg>
<arg>BO</arg>
<arg>BQ</arg>
<arg>BR</arg>
<arg>BS</arg>
<arg>BT</arg>
<arg>BV</arg>
<arg>BW</arg>
<arg>BY</arg>
<arg>BZ</arg>
<arg>CA</arg>
<arg>CC</arg>
<arg>CD</arg>
<arg>CF</arg>
<arg>CG</arg>
<arg>CH</arg>
<arg>CI</arg>
<arg>CK</arg>
<arg>CL</arg>
<arg>CM</arg>
<arg>CN</arg>
<arg>CO</arg>
<arg>CR</arg>
<arg>CU</arg>
<arg>CV</arg>
<arg>CW</arg>
<arg>CX</arg>
<arg>CY</arg>
<arg>CZ</arg>
<arg>DE</arg>
<arg>DJ</arg>
<arg>DK</arg>
<arg>DM</arg>
<arg>DO</arg>
<arg>DZ</arg>
<arg>EC</arg>
<arg>EE</arg>
<arg>EG</arg>
<arg>EH</arg>
<arg>ER</arg>
<arg>ES</arg>
<arg>ET</arg>
<arg>FI</arg>
<arg>FJ</arg>
<arg>FK</arg>
<arg>FM</arg>
<arg>FO</arg>
<arg>FR</arg>
<arg>GA</arg>
<arg>GB</arg>
<arg>GD</arg>
<arg>GE</arg>
<arg>GF</arg>
<arg>GG</arg>
<arg>GH</arg>
<arg>GI</arg>
<arg>GL</arg>
<arg>GM</arg>
<arg>GN</arg>
<arg>GP</arg>
<arg>GQ</arg>
<arg>GR</arg>
<arg>GS</arg>
<arg>GT</arg>
<arg>GU</arg>
<arg>GW</arg>
<arg>GY</arg>
<arg>HK</arg>
<arg>HM</arg>
<arg>HN</arg>
<arg>HR</arg>
<arg>HT</arg>
<arg>HU</arg>
<arg>ID</arg>
<arg>IE</arg>
<arg>IL</arg>
<arg>IM</arg>
<arg>IN</arg>
<arg>IO</arg>
<arg>IQ</arg>
<arg>IR</arg>
<arg>IS</arg>
<arg>IT</arg>
<arg>JE</arg>
<arg>JM</arg>
<arg>JO</arg>
<arg>JP</arg>
<arg>KE</arg>
<arg>KG</arg>
<arg>KH</arg>
<arg>KI</arg>
<arg>KM</arg>
<arg>KN</arg>
<arg>KP</arg>
<arg>KR</arg>
<arg>KW</arg>
<arg>KY</arg>
<arg>KZ</arg>
<arg>LA</arg>
<arg>LB</arg>
<arg>LC</arg>
<arg>LI</arg>
<arg>LK</arg>
<arg>LR</arg>
<arg>LS</arg>
<arg>LT</arg>
<arg>LU</arg>
<arg>LV</arg>
<arg>LY</arg>
<arg>MA</arg>
<arg>MC</arg>
<arg>MD</arg>
<arg>ME</arg>
<arg>MF</arg>
<arg>MG</arg>
<arg>MH</arg>
<arg>MK</arg>
<arg>ML</arg>
<arg>MM</arg>
<arg>MN</arg>
<arg>MO</arg>
<arg>MP</arg>
<arg>MQ</arg>
<arg>MR</arg>
<arg>MS</arg>
<arg>MT</arg>
<arg>MU</arg>
<arg>MV</arg>
<arg>MW</arg>
<arg>MX</arg>
<arg>MY</arg>
<arg>MZ</arg>
<arg>NA</arg>
<arg>NC</arg>
<arg>NE</arg>
<arg>NF</arg>
<arg>NG</arg>
<arg>NI</arg>
<arg>NL</arg>
<arg>NO</arg>
<arg>NP</arg>
<arg>NR</arg>
<arg>NU</arg>
<arg>NZ</arg>
<arg>OM</arg>
<arg>PA</arg>
<arg>PE</arg>
<arg>PF</arg>
<arg>PG</arg>
<arg>PH</arg>
<arg>PK</arg>
<arg>PL</arg>
<arg>PM</arg>
<arg>PN</arg>
<arg>PR</arg>
<arg>PS</arg>
<arg>PT</arg>
<arg>PW</arg>
<arg>PY</arg>
<arg>QA</arg>
<arg>RE</arg>
<arg>RO</arg>
<arg>RS</arg>
<arg>RU</arg>
<arg>RW</arg>
<arg>SA</arg>
<arg>SB</arg>
<arg>SC</arg>
<arg>SD</arg>
<arg>SE</arg>
<arg>SG</arg>
<arg>SH</arg>
<arg>SI</arg>
<arg>SJ</arg>
<arg>SK</arg>
<arg>SL</arg>
<arg>SM</arg>
<arg>SN</arg>
<arg>SO</arg>
<arg>SR</arg>
<arg>SS</arg>
<arg>ST</arg>
<arg>SV</arg>
<arg>SX</arg>
<arg>SY</arg>
<arg>SZ</arg>
<arg>TC</arg>
<arg>TD</arg>
<arg>TF</arg>
<arg>TG</arg>
<arg>TH</arg>
<arg>TJ</arg>
<arg>TK</arg>
<arg>TL</arg>
<arg>TM</arg>
<arg>TN</arg>
<arg>TO</arg>
<arg>TR</arg>
<arg>TT</arg>
<arg>TV</arg>
<arg>TW</arg>
<arg>TZ</arg>
<arg>UA</arg>
<arg>UG</arg>
<arg>UM</arg>
<arg>US</arg>
<arg>UY</arg>
<arg>UZ</arg>
<arg>VA</arg>
<arg>VC</arg>
<arg>VE</arg>
<arg>VG</arg>
<arg>VI</arg>
<arg>VN</arg>
<arg>VU</arg>
<arg>WF</arg>
<arg>WS</arg>
<arg>XK</arg>
<arg>YE</arg>
<arg>YT</arg>
<arg>ZA</arg>
<arg>ZM</arg>
<arg>ZW</arg>
<doc>Returns a list containing given items.</doc>
<status status="PASS" start="2024-06-26T13:17:31.525386" elapsed="0.000661"/>
</kw>
<kw name="List Should Contain Value" owner="Collections">
<arg>${list_country}</arg>
<arg>${name_country}</arg>
<doc>Fails if the ``value`` is not found from ``list``.</doc>
<status status="PASS" start="2024-06-26T13:17:31.526965" elapsed="0.000247"/>
</kw>
<kw name="Run Keyword If" owner="BuiltIn">
<kw name="Should Be True" owner="BuiltIn">
<arg>${True}</arg>
<doc>Fails if the given condition is not true.</doc>
<status status="PASS" start="2024-06-26T13:17:31.528384" elapsed="0.000222"/>
</kw>
<arg>${json_data["results"][0]["location"]["coordinates"]["latitude"]} &gt;= -90 and ${json_data["results"][0]["location"]["coordinates"]["latitude"]} &lt;= 90</arg>
<arg>Should Be True</arg>
<arg>${True}</arg>
<doc>Runs the given keyword with the given arguments, if ``condition`` is true.</doc>
<status status="PASS" start="2024-06-26T13:17:31.527471" elapsed="0.001277"/>
</kw>
<kw name="Run Keyword If" owner="BuiltIn">
<kw name="Should Be True" owner="BuiltIn">
<arg>${True}</arg>
<doc>Fails if the given condition is not true.</doc>
<status status="PASS" start="2024-06-26T13:17:31.529737" elapsed="0.000311"/>
</kw>
<arg>${json_data["results"][0]["location"]["coordinates"]["longitude"]} &gt;= -180 and ${json_data["results"][0]["location"]["coordinates"]["longitude"]} &lt;= 180</arg>
<arg>Should Be True</arg>
<arg>${True}</arg>
<doc>Runs the given keyword with the given arguments, if ``condition`` is true.</doc>
<status status="PASS" start="2024-06-26T13:17:31.528963" elapsed="0.001224"/>
</kw>
<status status="PASS" start="2024-06-26T13:17:31.453066" elapsed="0.077263"/>
</kw>
<doc>Testa o conteúdo específico dos campos retornados pela API.</doc>
<tag>testeConteudo</tag>
<status status="PASS" start="2024-06-26T13:17:31.451902" elapsed="0.078600"/>
</test>
<status status="PASS" start="2024-06-26T13:17:30.431656" elapsed="1.101008"/>
</suite>
<status status="PASS" start="2024-06-26T13:17:30.415245" elapsed="1.123336"/>
</suite>
<statistics>
<total>
<stat pass="5" fail="0" skip="0">All Tests</stat>
</total>
<tag>
<stat pass="1" fail="0" skip="0">testeConteudo</stat>
<stat pass="1" fail="0" skip="0">testeEstruturaResposta</stat>
<stat pass="1" fail="0" skip="0">testeRequisicaoBasica</stat>
<stat pass="1" fail="0" skip="0">testeTiposDados</stat>
</tag>
<suite>
<stat pass="5" fail="0" skip="0" id="s1" name="Tests">Tests</stat>
<stat pass="5" fail="0" skip="0" id="s1-s1" name="Random-User-Test">Tests.Random-User-Test</stat>
</suite>
</statistics>
<errors>
</errors>
</robot>
