<?xml version="1.0" encoding="UTF-8"?>
<robot generator="Robot 7.0.1 (Python 3.12.4 on linux)" generated="2024-07-23T22:14:51.900979" rpa="false" schemaversion="5">
<suite id="s1" name="Tests" source="/home/runner/work/ApiRandomUser/ApiRandomUser/RamdonUser/tests">
<suite id="s1-s1" name="Random-User-Test" source="/home/runner/work/ApiRandomUser/ApiRandomUser/RamdonUser/tests/random-user-test.robot">
<test id="s1-s1-t1" name="Conectar" line="13">
<kw name="Conectar API" owner="random-user-service">
<kw name="Create Session" owner="RequestsLibrary">
<msg time="2024-07-23T22:14:52.335518" level="INFO">Creating Session using : alias=consultarAPI, url=https://randomuser.me/, headers={},                     cookies={}, auth=None, timeout=None, proxies=None, verify=False,                     debug=0 </msg>
<arg>consultarAPI</arg>
<arg>${URL}</arg>
<doc>Create Session: create a HTTP session to a server</doc>
<status status="PASS" start="2024-07-23T22:14:52.335299" elapsed="0.000425"/>
</kw>
<status status="PASS" start="2024-07-23T22:14:52.334280" elapsed="0.001829"/>
</kw>
<status status="PASS" start="2024-07-23T22:14:52.333661" elapsed="0.002652"/>
</test>
<test id="s1-s1-t2" name="Validar retorno 200 e JSON Válido" line="16">
<kw name="Teste de Requisicao Basica" owner="random-user-service">
<kw name="GET On Session" owner="RequestsLibrary">
<msg time="2024-07-23T22:14:52.532620" level="INFO">GET Request : url=https://randomuser.me/api 
 path_url=/api 
 headers={'User-Agent': 'python-requests/2.32.3', 'Accept-Encoding': 'gzip, deflate', 'Accept': '*/*', 'Connection': 'keep-alive'} 
 body=None 
 </msg>
<msg time="2024-07-23T22:14:52.532804" level="INFO">GET Response : url=https://randomuser.me/api 
 status=200, reason=OK 
 headers={'Date': 'Tue, 23 Jul 2024 22:14:52 GMT', 'Content-Type': 'application/json; charset=utf-8', 'Transfer-Encoding': 'chunked', 'Connection': 'keep-alive', 'X-Powered-By': 'Express', 'Access-Control-Allow-Origin': '*', 'Cache-Control': 'no-cache', 'ETag': 'W/"47c-/Op6e4VHSAz0sAI9qpGF+M5iXPo"', 'Vary': 'Accept-Encoding', 'Content-Encoding': 'gzip', 'CF-Cache-Status': 'DYNAMIC', 'Report-To': '{"endpoints":[{"url":"https:\\/\\/a.nel.cloudflare.com\\/report\\/v4?s=DhvYGB0JebOn9TFXPohKcYxhOjIeVHj%2F9r1DHTwKF8qtuV3rTpxpHwaJAWmHIMaEDUmSE%2FG1lDmk1i4Okg2UAUoMNGRno7d5pDS30lpGSAsIgPsWqPcydYuYCGzqb0kL"}],"group":"cf-nel","max_age":604800}', 'NEL': '{"success_fraction":0,"report_to":"cf-nel","max_age":604800}', 'Server': 'cloudflare', 'CF-RAY': '8a7f06a20a0a2a18-ORD', 'alt-svc': 'h3=":443"; ma=86400'} 
 body={"results":[{"gender":"male","name":{"title":"Mr","first":"Konon","last":"Bih"},"location":{"street":{"number":2648,"name":"Radgospniy provulok"},"city":"Piryatin","state":"Kirovogradska","country":"Ukraine","postcode":59840,"coordinates":{"latitude":"80.7403","longitude":"-157.5969"},"timezone":{"offset":"-1:00","description":"Azores, Cape Verde Islands"}},"email":"konon.bih@example.com","login":{"uuid":"7164ca68-be4c-413e-a582-88509c5f62a6","username":"orangecat576","password":"firefox","salt":"R6sVgn5O","md5":"7fcab0066a43eaabfb3f28d1246185ab","sha1":"ce7062717318be65e6bcebbaed869e3d9ff80130","sha256":"dd2871aa20be08c310f907c1a5a0548b9dfd0be5dfc4f5243b9958db592d371a"},"dob":{"date":"1975-11-15T06:44:42.603Z","age":48},"registered":{"date":"2009-04-06T12:35:48.375Z","age":15},"phone":"(096) U39-4163","cell":"(097) E08-0451","id":{"name":"","value":null},"picture":{"large":"https://randomuser.me/api/portraits/men/3.jpg","medium":"https://randomuser.me/api/portraits/med/men/3.jpg","thumbnail":"https://randomuser.me/api/portraits/thumb/men/3.jpg"},"nat":"UA"}],"info":{"seed":"3a0619734c5143da","results":1,"page":1,"version":"1.4"}} 
 </msg>
<msg time="2024-07-23T22:14:52.532898" level="INFO">/opt/hostedtoolcache/Python/3.12.4/x64/lib/python3.12/site-packages/urllib3/connectionpool.py:1099: InsecureRequestWarning: Unverified HTTPS request is being made to host 'randomuser.me'. Adding certificate verification is strongly advised. See: https://urllib3.readthedocs.io/en/latest/advanced-usage.html#tls-warnings
  warnings.warn(</msg>
<msg time="2024-07-23T22:14:52.533045" level="INFO">${response} = &lt;Response [200]&gt;</msg>
<var>${response}</var>
<arg>consultarAPI</arg>
<arg>/api</arg>
<doc>Sends a GET request on a previously created HTTP Session.</doc>
<status status="PASS" start="2024-07-23T22:14:52.339089" elapsed="0.194002"/>
</kw>
<kw name="Should Be Equal As Numbers" owner="BuiltIn">
<msg time="2024-07-23T22:14:52.534158" level="INFO">Argument types are:
&lt;class 'int'&gt;
&lt;class 'str'&gt;</msg>
<arg>${response.status_code}</arg>
<arg>200</arg>
<doc>Fails if objects are unequal after converting them to real numbers.</doc>
<status status="PASS" start="2024-07-23T22:14:52.533671" elapsed="0.000561"/>
</kw>
<kw name="Log" owner="BuiltIn">
<msg time="2024-07-23T22:14:52.535015" level="INFO">200</msg>
<arg>${response.status_code}</arg>
<doc>Logs the given message with the given level.</doc>
<status status="PASS" start="2024-07-23T22:14:52.534618" elapsed="0.000444"/>
</kw>
<kw name="Set Variable" owner="BuiltIn">
<msg time="2024-07-23T22:14:52.535880" level="INFO">${json_data} = {'results': [{'gender': 'male', 'name': {'title': 'Mr', 'first': 'Konon', 'last': 'Bih'}, 'location': {'street': {'number': 2648, 'name': 'Radgospniy provulok'}, 'city': 'Piryatin', 'state': 'Kirovogr...</msg>
<var>${json_data}</var>
<arg>${response.json()}</arg>
<doc>Returns the given values which can then be assigned to a variables.</doc>
<status status="PASS" start="2024-07-23T22:14:52.535401" elapsed="0.000510"/>
</kw>
<kw name="Dictionary Should Contain Key" owner="Collections">
<arg>${json_data}</arg>
<arg>results</arg>
<doc>Fails if ``key`` is not found from ``dictionary``.</doc>
<status status="PASS" start="2024-07-23T22:14:52.536241" elapsed="0.000181"/>
</kw>
<status status="PASS" start="2024-07-23T22:14:52.338826" elapsed="0.197815"/>
</kw>
<doc>Testa se a API responde corretamente e retorna um objeto JSON válido.</doc>
<tag>testeRequisicaoBasica</tag>
<status status="PASS" start="2024-07-23T22:14:52.338344" elapsed="0.198486"/>
</test>
<test id="s1-s1-t3" name="Validar estrutura de resposta" line="22">
<kw name="Teste de Estrutura de Resposta" owner="random-user-service">
<kw name="GET On Session" owner="RequestsLibrary">
<msg time="2024-07-23T22:14:52.624094" level="INFO">GET Request : url=https://randomuser.me/api 
 path_url=/api 
 headers={'User-Agent': 'python-requests/2.32.3', 'Accept-Encoding': 'gzip, deflate', 'Accept': '*/*', 'Connection': 'keep-alive'} 
 body=None 
 </msg>
<msg time="2024-07-23T22:14:52.624219" level="INFO">GET Response : url=https://randomuser.me/api 
 status=200, reason=OK 
 headers={'Date': 'Tue, 23 Jul 2024 22:14:52 GMT', 'Content-Type': 'application/json; charset=utf-8', 'Transfer-Encoding': 'chunked', 'Connection': 'keep-alive', 'X-Powered-By': 'Express', 'Access-Control-Allow-Origin': '*', 'Cache-Control': 'no-cache', 'ETag': 'W/"48b-j9eEwEeyxbQDRBbURv/3Vxt+CSg"', 'Vary': 'Accept-Encoding', 'Content-Encoding': 'gzip', 'CF-Cache-Status': 'DYNAMIC', 'Report-To': '{"endpoints":[{"url":"https:\\/\\/a.nel.cloudflare.com\\/report\\/v4?s=%2B5qRwvB8v%2Fyhe11P5rf0CbM8I3U1mlknVO7pbhgp9s4TdY49AJax2nhsWeoco6iy0P%2BmRNIRBlvuf9QfoiWpekdZwDW2ZzQOr8bYqYklYQZk8%2Fy67v6B33G37j0U%2FMEs"}],"group":"cf-nel","max_age":604800}', 'NEL': '{"success_fraction":0,"report_to":"cf-nel","max_age":604800}', 'Server': 'cloudflare', 'CF-RAY': '8a7f06a26a732a18-ORD', 'alt-svc': 'h3=":443"; ma=86400'} 
 body={"results":[{"gender":"male","name":{"title":"Mr","first":"Vladeta","last":"Trajković"},"location":{"street":{"number":9061,"name":"Žikice Jovanovića-Španca"},"city":"Žitište","state":"Nišava","country":"Serbia","postcode":56797,"coordinates":{"latitude":"56.2603","longitude":"-155.4127"},"timezone":{"offset":"-2:00","description":"Mid-Atlantic"}},"email":"vladeta.trajkovic@example.com","login":{"uuid":"ed6eff58-01d3-4e7e-8ac8-d6e8b3620d7d","username":"smallleopard865","password":"obelix","salt":"be1p6B6H","md5":"85087d65fe9e03d7ed77bacef633ff69","sha1":"66271363be7494eea07baf43d2615a18eef96f6a","sha256":"ebe6687482fd141690e85d79bd59faf0616b75021f13fb6e74a374c0e79f7c73"},"dob":{"date":"1967-05-10T21:43:13.560Z","age":57},"registered":{"date":"2020-05-10T00:50:14.872Z","age":4},"phone":"031-4108-481","cell":"068-0442-433","id":{"name":"SID","value":"937923923"},"picture":{"large":"https://randomuser.me/api/portraits/men/51.jpg","medium":"https://randomuser.me/api/portraits/med/men/51.jpg","thumbnail":"https://randomuser.me/api/portraits/thumb/men/51.jpg"},"nat":"RS"}],"info":{"seed":"650f2c4ef12c2d95","results":1,"page":1,"version":"1.4"}} 
 </msg>
<msg time="2024-07-23T22:14:52.624371" level="INFO">/opt/hostedtoolcache/Python/3.12.4/x64/lib/python3.12/site-packages/urllib3/connectionpool.py:1099: InsecureRequestWarning: Unverified HTTPS request is being made to host 'randomuser.me'. Adding certificate verification is strongly advised. See: https://urllib3.readthedocs.io/en/latest/advanced-usage.html#tls-warnings
  warnings.warn(</msg>
<msg time="2024-07-23T22:14:52.624544" level="INFO">${response} = &lt;Response [200]&gt;</msg>
<var>${response}</var>
<arg>consultarAPI</arg>
<arg>/api</arg>
<doc>Sends a GET request on a previously created HTTP Session.</doc>
<status status="PASS" start="2024-07-23T22:14:52.539831" elapsed="0.084759"/>
</kw>
<kw name="Set Variable" owner="BuiltIn">
<msg time="2024-07-23T22:14:52.625695" level="INFO">${json_data} = {'results': [{'gender': 'male', 'name': {'title': 'Mr', 'first': 'Vladeta', 'last': 'Trajković'}, 'location': {'street': {'number': 9061, 'name': 'Žikice Jovanovića-Španca'}, 'city': 'Žitište', 'state...</msg>
<var>${json_data}</var>
<arg>${response.json()}</arg>
<doc>Returns the given values which can then be assigned to a variables.</doc>
<status status="PASS" start="2024-07-23T22:14:52.625144" elapsed="0.000583"/>
</kw>
<kw name="Log" owner="BuiltIn">
<msg time="2024-07-23T22:14:52.626280" level="INFO">{'results': [{'gender': 'male', 'name': {'title': 'Mr', 'first': 'Vladeta', 'last': 'Trajković'}, 'location': {'street': {'number': 9061, 'name': 'Žikice Jovanovića-Španca'}, 'city': 'Žitište', 'state': 'Nišava', 'country': 'Serbia', 'postcode': 56797, 'coordinates': {'latitude': '56.2603', 'longitude': '-155.4127'}, 'timezone': {'offset': '-2:00', 'description': 'Mid-Atlantic'}}, 'email': 'vladeta.trajkovic@example.com', 'login': {'uuid': 'ed6eff58-01d3-4e7e-8ac8-d6e8b3620d7d', 'username': 'smallleopard865', 'password': 'obelix', 'salt': 'be1p6B6H', 'md5': '85087d65fe9e03d7ed77bacef633ff69', 'sha1': '66271363be7494eea07baf43d2615a18eef96f6a', 'sha256': 'ebe6687482fd141690e85d79bd59faf0616b75021f13fb6e74a374c0e79f7c73'}, 'dob': {'date': '1967-05-10T21:43:13.560Z', 'age': 57}, 'registered': {'date': '2020-05-10T00:50:14.872Z', 'age': 4}, 'phone': '031-4108-481', 'cell': '068-0442-433', 'id': {'name': 'SID', 'value': '937923923'}, 'picture': {'large': 'https://randomuser.me/api/portraits/men/51.jpg', 'medium': 'https://randomuser.me/api/portraits/med/men/51.jpg', 'thumbnail': 'https://randomuser.me/api/portraits/thumb/men/51.jpg'}, 'nat': 'RS'}], 'info': {'seed': '650f2c4ef12c2d95', 'results': 1, 'page': 1, 'version': '1.4'}}</msg>
<arg>${json_data}</arg>
<doc>Logs the given message with the given level.</doc>
<status status="PASS" start="2024-07-23T22:14:52.626092" elapsed="0.000245"/>
</kw>
<kw name="Dictionary Should Contain Key" owner="Collections">
<arg>${json_data}</arg>
<arg>results</arg>
<doc>Fails if ``key`` is not found from ``dictionary``.</doc>
<status status="PASS" start="2024-07-23T22:14:52.626663" elapsed="0.000173"/>
</kw>
<kw name="Should Not Be Empty" owner="BuiltIn">
<msg time="2024-07-23T22:14:52.627174" level="INFO">Length is 2.</msg>
<arg>${json_data}</arg>
<doc>Verifies that the given item is not empty.</doc>
<status status="PASS" start="2024-07-23T22:14:52.627037" elapsed="0.000179"/>
</kw>
<kw name="Create List" owner="BuiltIn">
<msg time="2024-07-23T22:14:52.627867" level="INFO">${expected_keys} = ['gender', 'name', 'location', 'email', 'login']</msg>
<var>${expected_keys}</var>
<arg>gender</arg>
<arg>name</arg>
<arg>location</arg>
<arg>email</arg>
<arg>login</arg>
<doc>Returns a list containing given items.</doc>
<status status="PASS" start="2024-07-23T22:14:52.627525" elapsed="0.000369"/>
</kw>
<for flavor="IN">
<iter>
<kw name="Dictionary Should Contain Key" owner="Collections">
<arg>${json_data['results'][0]}</arg>
<arg>${key}</arg>
<doc>Fails if ``key`` is not found from ``dictionary``.</doc>
<status status="PASS" start="2024-07-23T22:14:52.628536" elapsed="0.000434"/>
</kw>
<kw name="Log" owner="BuiltIn">
<msg time="2024-07-23T22:14:52.629533" level="INFO">{'gender': 'male', 'name': {'title': 'Mr', 'first': 'Vladeta', 'last': 'Trajković'}, 'location': {'street': {'number': 9061, 'name': 'Žikice Jovanovića-Španca'}, 'city': 'Žitište', 'state': 'Nišava', 'country': 'Serbia', 'postcode': 56797, 'coordinates': {'latitude': '56.2603', 'longitude': '-155.4127'}, 'timezone': {'offset': '-2:00', 'description': 'Mid-Atlantic'}}, 'email': 'vladeta.trajkovic@example.com', 'login': {'uuid': 'ed6eff58-01d3-4e7e-8ac8-d6e8b3620d7d', 'username': 'smallleopard865', 'password': 'obelix', 'salt': 'be1p6B6H', 'md5': '85087d65fe9e03d7ed77bacef633ff69', 'sha1': '66271363be7494eea07baf43d2615a18eef96f6a', 'sha256': 'ebe6687482fd141690e85d79bd59faf0616b75021f13fb6e74a374c0e79f7c73'}, 'dob': {'date': '1967-05-10T21:43:13.560Z', 'age': 57}, 'registered': {'date': '2020-05-10T00:50:14.872Z', 'age': 4}, 'phone': '031-4108-481', 'cell': '068-0442-433', 'id': {'name': 'SID', 'value': '937923923'}, 'picture': {'large': 'https://randomuser.me/api/portraits/men/51.jpg', 'medium': 'https://randomuser.me/api/portraits/med/men/51.jpg', 'thumbnail': 'https://randomuser.me/api/portraits/thumb/men/51.jpg'}, 'nat': 'RS'}</msg>
<arg>${json_data['results'][0]}</arg>
<doc>Logs the given message with the given level.</doc>
<status status="PASS" start="2024-07-23T22:14:52.629160" elapsed="0.000427"/>
</kw>
<kw name="Log" owner="BuiltIn">
<msg time="2024-07-23T22:14:52.630019" level="INFO">gender</msg>
<arg>${key}</arg>
<doc>Logs the given message with the given level.</doc>
<status status="PASS" start="2024-07-23T22:14:52.629890" elapsed="0.000168"/>
</kw>
<var name="${key}">gender</var>
<status status="PASS" start="2024-07-23T22:14:52.628378" elapsed="0.001898"/>
</iter>
<iter>
<kw name="Dictionary Should Contain Key" owner="Collections">
<arg>${json_data['results'][0]}</arg>
<arg>${key}</arg>
<doc>Fails if ``key`` is not found from ``dictionary``.</doc>
<status status="PASS" start="2024-07-23T22:14:52.630579" elapsed="0.000401"/>
</kw>
<kw name="Log" owner="BuiltIn">
<msg time="2024-07-23T22:14:52.631524" level="INFO">{'gender': 'male', 'name': {'title': 'Mr', 'first': 'Vladeta', 'last': 'Trajković'}, 'location': {'street': {'number': 9061, 'name': 'Žikice Jovanovića-Španca'}, 'city': 'Žitište', 'state': 'Nišava', 'country': 'Serbia', 'postcode': 56797, 'coordinates': {'latitude': '56.2603', 'longitude': '-155.4127'}, 'timezone': {'offset': '-2:00', 'description': 'Mid-Atlantic'}}, 'email': 'vladeta.trajkovic@example.com', 'login': {'uuid': 'ed6eff58-01d3-4e7e-8ac8-d6e8b3620d7d', 'username': 'smallleopard865', 'password': 'obelix', 'salt': 'be1p6B6H', 'md5': '85087d65fe9e03d7ed77bacef633ff69', 'sha1': '66271363be7494eea07baf43d2615a18eef96f6a', 'sha256': 'ebe6687482fd141690e85d79bd59faf0616b75021f13fb6e74a374c0e79f7c73'}, 'dob': {'date': '1967-05-10T21:43:13.560Z', 'age': 57}, 'registered': {'date': '2020-05-10T00:50:14.872Z', 'age': 4}, 'phone': '031-4108-481', 'cell': '068-0442-433', 'id': {'name': 'SID', 'value': '937923923'}, 'picture': {'large': 'https://randomuser.me/api/portraits/men/51.jpg', 'medium': 'https://randomuser.me/api/portraits/med/men/51.jpg', 'thumbnail': 'https://randomuser.me/api/portraits/thumb/men/51.jpg'}, 'nat': 'RS'}</msg>
<arg>${json_data['results'][0]}</arg>
<doc>Logs the given message with the given level.</doc>
<status status="PASS" start="2024-07-23T22:14:52.631166" elapsed="0.000449"/>
</kw>
<kw name="Log" owner="BuiltIn">
<msg time="2024-07-23T22:14:52.632049" level="INFO">name</msg>
<arg>${key}</arg>
<doc>Logs the given message with the given level.</doc>
<status status="PASS" start="2024-07-23T22:14:52.631918" elapsed="0.000169"/>
</kw>
<var name="${key}">name</var>
<status status="PASS" start="2024-07-23T22:14:52.630466" elapsed="0.001841"/>
</iter>
<iter>
<kw name="Dictionary Should Contain Key" owner="Collections">
<arg>${json_data['results'][0]}</arg>
<arg>${key}</arg>
<doc>Fails if ``key`` is not found from ``dictionary``.</doc>
<status status="PASS" start="2024-07-23T22:14:52.632654" elapsed="0.000390"/>
</kw>
<kw name="Log" owner="BuiltIn">
<msg time="2024-07-23T22:14:52.633592" level="INFO">{'gender': 'male', 'name': {'title': 'Mr', 'first': 'Vladeta', 'last': 'Trajković'}, 'location': {'street': {'number': 9061, 'name': 'Žikice Jovanovića-Španca'}, 'city': 'Žitište', 'state': 'Nišava', 'country': 'Serbia', 'postcode': 56797, 'coordinates': {'latitude': '56.2603', 'longitude': '-155.4127'}, 'timezone': {'offset': '-2:00', 'description': 'Mid-Atlantic'}}, 'email': 'vladeta.trajkovic@example.com', 'login': {'uuid': 'ed6eff58-01d3-4e7e-8ac8-d6e8b3620d7d', 'username': 'smallleopard865', 'password': 'obelix', 'salt': 'be1p6B6H', 'md5': '85087d65fe9e03d7ed77bacef633ff69', 'sha1': '66271363be7494eea07baf43d2615a18eef96f6a', 'sha256': 'ebe6687482fd141690e85d79bd59faf0616b75021f13fb6e74a374c0e79f7c73'}, 'dob': {'date': '1967-05-10T21:43:13.560Z', 'age': 57}, 'registered': {'date': '2020-05-10T00:50:14.872Z', 'age': 4}, 'phone': '031-4108-481', 'cell': '068-0442-433', 'id': {'name': 'SID', 'value': '937923923'}, 'picture': {'large': 'https://randomuser.me/api/portraits/men/51.jpg', 'medium': 'https://randomuser.me/api/portraits/med/men/51.jpg', 'thumbnail': 'https://randomuser.me/api/portraits/thumb/men/51.jpg'}, 'nat': 'RS'}</msg>
<arg>${json_data['results'][0]}</arg>
<doc>Logs the given message with the given level.</doc>
<status status="PASS" start="2024-07-23T22:14:52.633238" elapsed="0.000408"/>
</kw>
<kw name="Log" owner="BuiltIn">
<msg time="2024-07-23T22:14:52.634071" level="INFO">location</msg>
<arg>${key}</arg>
<doc>Logs the given message with the given level.</doc>
<status status="PASS" start="2024-07-23T22:14:52.633942" elapsed="0.000169"/>
</kw>
<var name="${key}">location</var>
<status status="PASS" start="2024-07-23T22:14:52.632530" elapsed="0.001797"/>
</iter>
<iter>
<kw name="Dictionary Should Contain Key" owner="Collections">
<arg>${json_data['results'][0]}</arg>
<arg>${key}</arg>
<doc>Fails if ``key`` is not found from ``dictionary``.</doc>
<status status="PASS" start="2024-07-23T22:14:52.634615" elapsed="0.000387"/>
</kw>
<kw name="Log" owner="BuiltIn">
<msg time="2024-07-23T22:14:52.635545" level="INFO">{'gender': 'male', 'name': {'title': 'Mr', 'first': 'Vladeta', 'last': 'Trajković'}, 'location': {'street': {'number': 9061, 'name': 'Žikice Jovanovića-Španca'}, 'city': 'Žitište', 'state': 'Nišava', 'country': 'Serbia', 'postcode': 56797, 'coordinates': {'latitude': '56.2603', 'longitude': '-155.4127'}, 'timezone': {'offset': '-2:00', 'description': 'Mid-Atlantic'}}, 'email': 'vladeta.trajkovic@example.com', 'login': {'uuid': 'ed6eff58-01d3-4e7e-8ac8-d6e8b3620d7d', 'username': 'smallleopard865', 'password': 'obelix', 'salt': 'be1p6B6H', 'md5': '85087d65fe9e03d7ed77bacef633ff69', 'sha1': '66271363be7494eea07baf43d2615a18eef96f6a', 'sha256': 'ebe6687482fd141690e85d79bd59faf0616b75021f13fb6e74a374c0e79f7c73'}, 'dob': {'date': '1967-05-10T21:43:13.560Z', 'age': 57}, 'registered': {'date': '2020-05-10T00:50:14.872Z', 'age': 4}, 'phone': '031-4108-481', 'cell': '068-0442-433', 'id': {'name': 'SID', 'value': '937923923'}, 'picture': {'large': 'https://randomuser.me/api/portraits/men/51.jpg', 'medium': 'https://randomuser.me/api/portraits/med/men/51.jpg', 'thumbnail': 'https://randomuser.me/api/portraits/thumb/men/51.jpg'}, 'nat': 'RS'}</msg>
<arg>${json_data['results'][0]}</arg>
<doc>Logs the given message with the given level.</doc>
<status status="PASS" start="2024-07-23T22:14:52.635187" elapsed="0.000412"/>
</kw>
<kw name="Log" owner="BuiltIn">
<msg time="2024-07-23T22:14:52.636023" level="INFO">email</msg>
<arg>${key}</arg>
<doc>Logs the given message with the given level.</doc>
<status status="PASS" start="2024-07-23T22:14:52.635895" elapsed="0.000168"/>
</kw>
<var name="${key}">email</var>
<status status="PASS" start="2024-07-23T22:14:52.634500" elapsed="0.001779"/>
</iter>
<iter>
<kw name="Dictionary Should Contain Key" owner="Collections">
<arg>${json_data['results'][0]}</arg>
<arg>${key}</arg>
<doc>Fails if ``key`` is not found from ``dictionary``.</doc>
<status status="PASS" start="2024-07-23T22:14:52.636594" elapsed="0.000402"/>
</kw>
<kw name="Log" owner="BuiltIn">
<msg time="2024-07-23T22:14:52.637538" level="INFO">{'gender': 'male', 'name': {'title': 'Mr', 'first': 'Vladeta', 'last': 'Trajković'}, 'location': {'street': {'number': 9061, 'name': 'Žikice Jovanovića-Španca'}, 'city': 'Žitište', 'state': 'Nišava', 'country': 'Serbia', 'postcode': 56797, 'coordinates': {'latitude': '56.2603', 'longitude': '-155.4127'}, 'timezone': {'offset': '-2:00', 'description': 'Mid-Atlantic'}}, 'email': 'vladeta.trajkovic@example.com', 'login': {'uuid': 'ed6eff58-01d3-4e7e-8ac8-d6e8b3620d7d', 'username': 'smallleopard865', 'password': 'obelix', 'salt': 'be1p6B6H', 'md5': '85087d65fe9e03d7ed77bacef633ff69', 'sha1': '66271363be7494eea07baf43d2615a18eef96f6a', 'sha256': 'ebe6687482fd141690e85d79bd59faf0616b75021f13fb6e74a374c0e79f7c73'}, 'dob': {'date': '1967-05-10T21:43:13.560Z', 'age': 57}, 'registered': {'date': '2020-05-10T00:50:14.872Z', 'age': 4}, 'phone': '031-4108-481', 'cell': '068-0442-433', 'id': {'name': 'SID', 'value': '937923923'}, 'picture': {'large': 'https://randomuser.me/api/portraits/men/51.jpg', 'medium': 'https://randomuser.me/api/portraits/med/men/51.jpg', 'thumbnail': 'https://randomuser.me/api/portraits/thumb/men/51.jpg'}, 'nat': 'RS'}</msg>
<arg>${json_data['results'][0]}</arg>
<doc>Logs the given message with the given level.</doc>
<status status="PASS" start="2024-07-23T22:14:52.637183" elapsed="0.000408"/>
</kw>
<kw name="Log" owner="BuiltIn">
<msg time="2024-07-23T22:14:52.638012" level="INFO">login</msg>
<arg>${key}</arg>
<doc>Logs the given message with the given level.</doc>
<status status="PASS" start="2024-07-23T22:14:52.637886" elapsed="0.000169"/>
</kw>
<var name="${key}">login</var>
<status status="PASS" start="2024-07-23T22:14:52.636476" elapsed="0.001800"/>
</iter>
<var>${key}</var>
<value>@{expected_keys}</value>
<status status="PASS" start="2024-07-23T22:14:52.628171" elapsed="0.010226"/>
</for>
<kw name="Create List" owner="BuiltIn">
<msg time="2024-07-23T22:14:52.638727" level="INFO">${expected_keysTwo} = ['username', 'password']</msg>
<var>${expected_keysTwo}</var>
<arg>username</arg>
<arg>password</arg>
<doc>Returns a list containing given items.</doc>
<status status="PASS" start="2024-07-23T22:14:52.638593" elapsed="0.000188"/>
</kw>
<for flavor="IN">
<iter>
<kw name="Dictionary Should Contain Key" owner="Collections">
<arg>${json_data['results'][0]['login']}</arg>
<arg>${keyTwo}</arg>
<doc>Fails if ``key`` is not found from ``dictionary``.</doc>
<status status="PASS" start="2024-07-23T22:14:52.639304" elapsed="0.000386"/>
</kw>
<kw name="Dictionary Should Contain Key" owner="Collections">
<arg>${json_data['results'][0]['login']}</arg>
<arg>${keyTwo}</arg>
<doc>Fails if ``key`` is not found from ``dictionary``.</doc>
<status status="PASS" start="2024-07-23T22:14:52.639870" elapsed="0.000375"/>
</kw>
<kw name="Log" owner="BuiltIn">
<msg time="2024-07-23T22:14:52.640620" level="INFO">username</msg>
<arg>${keyTwo}</arg>
<doc>Logs the given message with the given level.</doc>
<status status="PASS" start="2024-07-23T22:14:52.640465" elapsed="0.000193"/>
</kw>
<var name="${keyTwo}">username</var>
<status status="PASS" start="2024-07-23T22:14:52.639185" elapsed="0.001697"/>
</iter>
<iter>
<kw name="Dictionary Should Contain Key" owner="Collections">
<arg>${json_data['results'][0]['login']}</arg>
<arg>${keyTwo}</arg>
<doc>Fails if ``key`` is not found from ``dictionary``.</doc>
<status status="PASS" start="2024-07-23T22:14:52.641172" elapsed="0.000388"/>
</kw>
<kw name="Dictionary Should Contain Key" owner="Collections">
<arg>${json_data['results'][0]['login']}</arg>
<arg>${keyTwo}</arg>
<doc>Fails if ``key`` is not found from ``dictionary``.</doc>
<status status="PASS" start="2024-07-23T22:14:52.641752" elapsed="0.000376"/>
</kw>
<kw name="Log" owner="BuiltIn">
<msg time="2024-07-23T22:14:52.642430" level="INFO">password</msg>
<arg>${keyTwo}</arg>
<doc>Logs the given message with the given level.</doc>
<status status="PASS" start="2024-07-23T22:14:52.642305" elapsed="0.000161"/>
</kw>
<var name="${keyTwo}">password</var>
<status status="PASS" start="2024-07-23T22:14:52.641061" elapsed="0.001722"/>
</iter>
<var>${keyTwo}</var>
<value>@{expected_keysTwo}</value>
<status status="PASS" start="2024-07-23T22:14:52.639031" elapsed="0.003875"/>
</for>
<status status="PASS" start="2024-07-23T22:14:52.539453" elapsed="0.103598"/>
</kw>
<doc>Testa a estrutura da resposta da API.</doc>
<tag>testeEstruturaResposta</tag>
<status status="PASS" start="2024-07-23T22:14:52.538722" elapsed="0.104487"/>
</test>
<test id="s1-s1-t4" name="Validar tipos de dados" line="28">
<kw name="Teste de Tipos de Dados" owner="random-user-service">
<kw name="GET On Session" owner="RequestsLibrary">
<msg time="2024-07-23T22:14:52.732632" level="INFO">GET Request : url=https://randomuser.me/api 
 path_url=/api 
 headers={'User-Agent': 'python-requests/2.32.3', 'Accept-Encoding': 'gzip, deflate', 'Accept': '*/*', 'Connection': 'keep-alive'} 
 body=None 
 </msg>
<msg time="2024-07-23T22:14:52.732739" level="INFO">GET Response : url=https://randomuser.me/api 
 status=200, reason=OK 
 headers={'Date': 'Tue, 23 Jul 2024 22:14:52 GMT', 'Content-Type': 'application/json; charset=utf-8', 'Transfer-Encoding': 'chunked', 'Connection': 'keep-alive', 'X-Powered-By': 'Express', 'Access-Control-Allow-Origin': '*', 'Cache-Control': 'no-cache', 'ETag': 'W/"49c-v53ReeTUP7T9dflLtMUiTO7G9Aw"', 'Vary': 'Accept-Encoding', 'Content-Encoding': 'gzip', 'CF-Cache-Status': 'DYNAMIC', 'Report-To': '{"endpoints":[{"url":"https:\\/\\/a.nel.cloudflare.com\\/report\\/v4?s=2cYyvL7V2o774BZVTgdN3DDeEaZTSQYm290BicYHWbq2h5mfA4PTBsI2Lm7hdz3Rea9qYEPBU0MFNlisqGL4b1FKHQPMcSBLftklmerHV2oYHKtvyl3AM7WJiZTPZp9d"}],"group":"cf-nel","max_age":604800}', 'NEL': '{"success_fraction":0,"report_to":"cf-nel","max_age":604800}', 'Server': 'cloudflare', 'CF-RAY': '8a7f06a30b422a18-ORD', 'alt-svc': 'h3=":443"; ma=86400'} 
 body={"results":[{"gender":"male","name":{"title":"Mr","first":"Javier","last":"Foster"},"location":{"street":{"number":6331,"name":"Mcclellan Rd"},"city":"Waxahachie","state":"Michigan","country":"United States","postcode":63371,"coordinates":{"latitude":"88.1045","longitude":"-178.6150"},"timezone":{"offset":"-6:00","description":"Central Time (US &amp; Canada), Mexico City"}},"email":"javier.foster@example.com","login":{"uuid":"743a7f69-0dde-47df-8a2d-a73442f74b61","username":"blacksnake709","password":"nitram","salt":"cY26D17X","md5":"707b3fc919e5452beae24a361881e1c8","sha1":"861fea94c4ddb2095b457f27dec60c987cdf5716","sha256":"557e75e6a6abf98ff496abaf5804ac3c149b8722d9ab3135a7b85c5d36f3814e"},"dob":{"date":"1969-09-09T00:24:20.595Z","age":54},"registered":{"date":"2006-08-22T03:09:01.978Z","age":17},"phone":"(419) 527-3185","cell":"(893) 991-9994","id":{"name":"SSN","value":"098-44-9566"},"picture":{"large":"https://randomuser.me/api/portraits/men/25.jpg","medium":"https://randomuser.me/api/portraits/med/men/25.jpg","thumbnail":"https://randomuser.me/api/portraits/thumb/men/25.jpg"},"nat":"US"}],"info":{"seed":"86e8abfb2a611f4e","results":1,"page":1,"version":"1.4"}} 
 </msg>
<msg time="2024-07-23T22:14:52.732820" level="INFO">/opt/hostedtoolcache/Python/3.12.4/x64/lib/python3.12/site-packages/urllib3/connectionpool.py:1099: InsecureRequestWarning: Unverified HTTPS request is being made to host 'randomuser.me'. Adding certificate verification is strongly advised. See: https://urllib3.readthedocs.io/en/latest/advanced-usage.html#tls-warnings
  warnings.warn(</msg>
<msg time="2024-07-23T22:14:52.732946" level="INFO">${response} = &lt;Response [200]&gt;</msg>
<var>${response}</var>
<arg>consultarAPI</arg>
<arg>/api</arg>
<doc>Sends a GET request on a previously created HTTP Session.</doc>
<status status="PASS" start="2024-07-23T22:14:52.645743" elapsed="0.087248"/>
</kw>
<kw name="Set Variable" owner="BuiltIn">
<msg time="2024-07-23T22:14:52.734305" level="INFO">${json_data} = {'results': [{'gender': 'male', 'name': {'title': 'Mr', 'first': 'Javier', 'last': 'Foster'}, 'location': {'street': {'number': 6331, 'name': 'Mcclellan Rd'}, 'city': 'Waxahachie', 'state': 'Michigan'...</msg>
<var>${json_data}</var>
<arg>${response.json()}</arg>
<doc>Returns the given values which can then be assigned to a variables.</doc>
<status status="PASS" start="2024-07-23T22:14:52.733679" elapsed="0.000657"/>
</kw>
<kw name="Log" owner="BuiltIn">
<msg time="2024-07-23T22:14:52.734921" level="INFO">{'results': [{'gender': 'male', 'name': {'title': 'Mr', 'first': 'Javier', 'last': 'Foster'}, 'location': {'street': {'number': 6331, 'name': 'Mcclellan Rd'}, 'city': 'Waxahachie', 'state': 'Michigan', 'country': 'United States', 'postcode': 63371, 'coordinates': {'latitude': '88.1045', 'longitude': '-178.6150'}, 'timezone': {'offset': '-6:00', 'description': 'Central Time (US &amp; Canada), Mexico City'}}, 'email': 'javier.foster@example.com', 'login': {'uuid': '743a7f69-0dde-47df-8a2d-a73442f74b61', 'username': 'blacksnake709', 'password': 'nitram', 'salt': 'cY26D17X', 'md5': '707b3fc919e5452beae24a361881e1c8', 'sha1': '861fea94c4ddb2095b457f27dec60c987cdf5716', 'sha256': '557e75e6a6abf98ff496abaf5804ac3c149b8722d9ab3135a7b85c5d36f3814e'}, 'dob': {'date': '1969-09-09T00:24:20.595Z', 'age': 54}, 'registered': {'date': '2006-08-22T03:09:01.978Z', 'age': 17}, 'phone': '(419) 527-3185', 'cell': '(893) 991-9994', 'id': {'name': 'SSN', 'value': '098-44-9566'}, 'picture': {'large': 'https://randomuser.me/api/portraits/men/25.jpg', 'medium': 'https://randomuser.me/api/portraits/med/men/25.jpg', 'thumbnail': 'https://randomuser.me/api/portraits/thumb/men/25.jpg'}, 'nat': 'US'}], 'info': {'seed': '86e8abfb2a611f4e', 'results': 1, 'page': 1, 'version': '1.4'}}</msg>
<arg>${json_data}</arg>
<doc>Logs the given message with the given level.</doc>
<status status="PASS" start="2024-07-23T22:14:52.734734" elapsed="0.000264"/>
</kw>
<kw name="Should Be String" owner="String">
<arg>${json_data['results'][0]['gender']}</arg>
<doc>Fails if the given ``item`` is not a string.</doc>
<status status="PASS" start="2024-07-23T22:14:52.735363" elapsed="0.000414"/>
</kw>
<kw name="Should Match Regexp" owner="BuiltIn">
<arg>${json_data['results'][0]['email']}</arg>
<arg>^[a-zA-Z0-9._%+-]+@[a-zA-Z0-9.-]+\.[a-zA-Z]{2,}$</arg>
<doc>Fails if ``string`` does not match ``pattern`` as a regular expression.</doc>
<status status="PASS" start="2024-07-23T22:14:52.735999" elapsed="0.000610"/>
</kw>
<kw name="Should Match Regexp" owner="BuiltIn">
<arg>${json_data['results'][0]['dob']['date']}</arg>
<arg>\\d{4}-\\d{2}-\\d{2}T\\d{2}:\\d{2}:\\d{2}\\.\\d{3}Z</arg>
<doc>Fails if ``string`` does not match ``pattern`` as a regular expression.</doc>
<status status="PASS" start="2024-07-23T22:14:52.736875" elapsed="0.000539"/>
</kw>
<kw name="Should Match Regexp" owner="BuiltIn">
<arg>${json_data['results'][0]['registered']['date']}</arg>
<arg>\\d{4}-\\d{2}-\\d{2}T\\d{2}:\\d{2}:\\d{2}\\.\\d{3}Z</arg>
<doc>Fails if ``string`` does not match ``pattern`` as a regular expression.</doc>
<status status="PASS" start="2024-07-23T22:14:52.737626" elapsed="0.000400"/>
</kw>
<kw name="Should Match Regexp" owner="BuiltIn">
<arg>${json_data['results'][0]['picture']['large']}</arg>
<arg>^https?://.*\.(?:png|jpe?g|gif|bmp)$</arg>
<doc>Fails if ``string`` does not match ``pattern`` as a regular expression.</doc>
<status status="PASS" start="2024-07-23T22:14:52.738223" elapsed="0.000486"/>
</kw>
<kw name="Should Match Regexp" owner="BuiltIn">
<arg>${json_data['results'][0]['picture']['medium']}</arg>
<arg>^https?://.*\.(?:png|jpe?g|gif|bmp)$</arg>
<doc>Fails if ``string`` does not match ``pattern`` as a regular expression.</doc>
<status status="PASS" start="2024-07-23T22:14:52.738916" elapsed="0.000372"/>
</kw>
<kw name="Should Match Regexp" owner="BuiltIn">
<arg>${json_data['results'][0]['picture']['thumbnail']}</arg>
<arg>^https?://.*\.(?:png|jpe?g|gif|bmp)$</arg>
<doc>Fails if ``string`` does not match ``pattern`` as a regular expression.</doc>
<status status="PASS" start="2024-07-23T22:14:52.739481" elapsed="0.000362"/>
</kw>
<kw name="Log" owner="BuiltIn">
<msg time="2024-07-23T22:14:52.740371" level="INFO">{'large': 'https://randomuser.me/api/portraits/men/25.jpg', 'medium': 'https://randomuser.me/api/portraits/med/men/25.jpg', 'thumbnail': 'https://randomuser.me/api/portraits/thumb/men/25.jpg'}</msg>
<arg>${json_data['results'][0]['picture']}</arg>
<doc>Logs the given message with the given level.</doc>
<status status="PASS" start="2024-07-23T22:14:52.740028" elapsed="0.000388"/>
</kw>
<status status="PASS" start="2024-07-23T22:14:52.645515" elapsed="0.095223"/>
</kw>
<kw name="Teste de Tipos de Dados - Postcode" owner="random-user-service">
<kw name="GET On Session" owner="RequestsLibrary">
<msg time="2024-07-23T22:14:52.824665" level="INFO">GET Request : url=https://randomuser.me/api 
 path_url=/api 
 headers={'User-Agent': 'python-requests/2.32.3', 'Accept-Encoding': 'gzip, deflate', 'Accept': '*/*', 'Connection': 'keep-alive'} 
 body=None 
 </msg>
<msg time="2024-07-23T22:14:52.824777" level="INFO">GET Response : url=https://randomuser.me/api 
 status=200, reason=OK 
 headers={'Date': 'Tue, 23 Jul 2024 22:14:52 GMT', 'Content-Type': 'application/json; charset=utf-8', 'Transfer-Encoding': 'chunked', 'Connection': 'keep-alive', 'X-Powered-By': 'Express', 'Access-Control-Allow-Origin': '*', 'Cache-Control': 'no-cache', 'ETag': 'W/"493-u232xENPNtQc6KEvvwIXl/ftMt4"', 'Vary': 'Accept-Encoding', 'Content-Encoding': 'gzip', 'CF-Cache-Status': 'DYNAMIC', 'Report-To': '{"endpoints":[{"url":"https:\\/\\/a.nel.cloudflare.com\\/report\\/v4?s=qepiMl6IbP8q2Z%2Bvr5da6ERanar0jmirmPeYLelAnJkPdCGKqVEvr4fKWhPSnkNxyJsbluc9fnVFWkPvRmOoMt5K4CE8NJlzZDE0NSjoW6Je%2F8quj5%2Bom3gEB4peQD9a"}],"group":"cf-nel","max_age":604800}', 'NEL': '{"success_fraction":0,"report_to":"cf-nel","max_age":604800}', 'Server': 'cloudflare', 'CF-RAY': '8a7f06a3abf52a18-ORD', 'alt-svc': 'h3=":443"; ma=86400'} 
 body={"results":[{"gender":"female","name":{"title":"Ms","first":"Faustine","last":"Nguyen"},"location":{"street":{"number":839,"name":"Rue des Ecrivains"},"city":"Dijon","state":"Bas-Rhin","country":"France","postcode":25838,"coordinates":{"latitude":"-20.1508","longitude":"69.4659"},"timezone":{"offset":"-11:00","description":"Midway Island, Samoa"}},"email":"faustine.nguyen@example.com","login":{"uuid":"6bc11b51-2321-4619-b79a-e1c541b4bd36","username":"redtiger190","password":"mankind","salt":"migzhJCC","md5":"cd64a8865fff325528fb62ecc46487ce","sha1":"641cfc76082ab70324329bbe25b7dc61e043478b","sha256":"fd03fab0a7939f6f436c50d360997a55d5cb3673d8a02ee6f97e96901a3d8767"},"dob":{"date":"1989-07-01T03:19:36.069Z","age":35},"registered":{"date":"2008-07-27T18:18:42.697Z","age":15},"phone":"01-73-78-24-49","cell":"06-45-77-48-48","id":{"name":"INSEE","value":"2890574906781 95"},"picture":{"large":"https://randomuser.me/api/portraits/women/27.jpg","medium":"https://randomuser.me/api/portraits/med/women/27.jpg","thumbnail":"https://randomuser.me/api/portraits/thumb/women/27.jpg"},"nat":"FR"}],"info":{"seed":"7fdb43cb84df3a7d","results":1,"page":1,"version":"1.4"}} 
 </msg>
<msg time="2024-07-23T22:14:52.824855" level="INFO">/opt/hostedtoolcache/Python/3.12.4/x64/lib/python3.12/site-packages/urllib3/connectionpool.py:1099: InsecureRequestWarning: Unverified HTTPS request is being made to host 'randomuser.me'. Adding certificate verification is strongly advised. See: https://urllib3.readthedocs.io/en/latest/advanced-usage.html#tls-warnings
  warnings.warn(</msg>
<msg time="2024-07-23T22:14:52.824988" level="INFO">${response} = &lt;Response [200]&gt;</msg>
<var>${response}</var>
<arg>consultarAPI</arg>
<arg>/api</arg>
<doc>Sends a GET request on a previously created HTTP Session.</doc>
<status status="PASS" start="2024-07-23T22:14:52.741229" elapsed="0.083803"/>
</kw>
<kw name="Set Variable" owner="BuiltIn">
<msg time="2024-07-23T22:14:52.826384" level="INFO">${json_data} = {'results': [{'gender': 'female', 'name': {'title': 'Ms', 'first': 'Faustine', 'last': 'Nguyen'}, 'location': {'street': {'number': 839, 'name': 'Rue des Ecrivains'}, 'city': 'Dijon', 'state': 'Bas-Rh...</msg>
<var>${json_data}</var>
<arg>${response.json()}</arg>
<doc>Returns the given values which can then be assigned to a variables.</doc>
<status status="PASS" start="2024-07-23T22:14:52.825720" elapsed="0.000694"/>
</kw>
<kw name="Log" owner="BuiltIn">
<msg time="2024-07-23T22:14:52.827008" level="INFO">{'results': [{'gender': 'female', 'name': {'title': 'Ms', 'first': 'Faustine', 'last': 'Nguyen'}, 'location': {'street': {'number': 839, 'name': 'Rue des Ecrivains'}, 'city': 'Dijon', 'state': 'Bas-Rhin', 'country': 'France', 'postcode': 25838, 'coordinates': {'latitude': '-20.1508', 'longitude': '69.4659'}, 'timezone': {'offset': '-11:00', 'description': 'Midway Island, Samoa'}}, 'email': 'faustine.nguyen@example.com', 'login': {'uuid': '6bc11b51-2321-4619-b79a-e1c541b4bd36', 'username': 'redtiger190', 'password': 'mankind', 'salt': 'migzhJCC', 'md5': 'cd64a8865fff325528fb62ecc46487ce', 'sha1': '641cfc76082ab70324329bbe25b7dc61e043478b', 'sha256': 'fd03fab0a7939f6f436c50d360997a55d5cb3673d8a02ee6f97e96901a3d8767'}, 'dob': {'date': '1989-07-01T03:19:36.069Z', 'age': 35}, 'registered': {'date': '2008-07-27T18:18:42.697Z', 'age': 15}, 'phone': '01-73-78-24-49', 'cell': '06-45-77-48-48', 'id': {'name': 'INSEE', 'value': '2890574906781 95'}, 'picture': {'large': 'https://randomuser.me/api/portraits/women/27.jpg', 'medium': 'https://randomuser.me/api/portraits/med/women/27.jpg', 'thumbnail': 'https://randomuser.me/api/portraits/thumb/women/27.jpg'}, 'nat': 'FR'}], 'info': {'seed': '7fdb43cb84df3a7d', 'results': 1, 'page': 1, 'version': '1.4'}}</msg>
<arg>${json_data}</arg>
<doc>Logs the given message with the given level.</doc>
<status status="PASS" start="2024-07-23T22:14:52.826822" elapsed="0.000238"/>
</kw>
<kw name="Should Be Equal As Numbers" owner="BuiltIn">
<arg>${json_data['results'][0]['location']['postcode']}</arg>
<arg>${json_data['results'][0]['location']['postcode']}</arg>
<doc>Fails if objects are unequal after converting them to real numbers.</doc>
<status status="PASS" start="2024-07-23T22:14:52.827386" elapsed="0.000672"/>
</kw>
<kw name="Log" owner="BuiltIn">
<msg time="2024-07-23T22:14:52.828854" level="INFO">25838</msg>
<arg>${json_data['results'][0]['location']['postcode']}</arg>
<doc>Logs the given message with the given level.</doc>
<status status="PASS" start="2024-07-23T22:14:52.828252" elapsed="0.000646"/>
</kw>
<status status="PASS" start="2024-07-23T22:14:52.740977" elapsed="0.088220"/>
</kw>
<doc>Testa se os tipos de dados na resposta da API estão corretos.</doc>
<tag>testeTiposDados</tag>
<status status="PASS" start="2024-07-23T22:14:52.645022" elapsed="0.184351"/>
</test>
<test id="s1-s1-t5" name="Validar conteudo" line="35">
<kw name="Teste de Tipos de Conteudo" owner="random-user-service">
<kw name="GET On Session" owner="RequestsLibrary">
<msg time="2024-07-23T22:14:52.929699" level="INFO">GET Request : url=https://randomuser.me/api 
 path_url=/api 
 headers={'User-Agent': 'python-requests/2.32.3', 'Accept-Encoding': 'gzip, deflate', 'Accept': '*/*', 'Connection': 'keep-alive'} 
 body=None 
 </msg>
<msg time="2024-07-23T22:14:52.929810" level="INFO">GET Response : url=https://randomuser.me/api 
 status=200, reason=OK 
 headers={'Date': 'Tue, 23 Jul 2024 22:14:52 GMT', 'Content-Type': 'application/json; charset=utf-8', 'Transfer-Encoding': 'chunked', 'Connection': 'keep-alive', 'X-Powered-By': 'Express', 'Access-Control-Allow-Origin': '*', 'Cache-Control': 'no-cache', 'ETag': 'W/"474-gxuPa7hebloL6DlQRpQHh4v7Ng0"', 'Vary': 'Accept-Encoding', 'Content-Encoding': 'gzip', 'CF-Cache-Status': 'DYNAMIC', 'Report-To': '{"endpoints":[{"url":"https:\\/\\/a.nel.cloudflare.com\\/report\\/v4?s=deJCvZXN%2BTg9TnSeZOSdgSPsZTAafai%2B2mqOp9FwMbVOMoFkAMFgHBuTD%2BLaT%2BnJCWQUGTzArpAaeV55LKlJULcrV4iksweoFJfT06iFtrcGnNIoQBpGeYhj2JRb2Xud"}],"group":"cf-nel","max_age":604800}', 'NEL': '{"success_fraction":0,"report_to":"cf-nel","max_age":604800}', 'Server': 'cloudflare', 'CF-RAY': '8a7f06a43c8f2a18-ORD', 'alt-svc': 'h3=":443"; ma=86400'} 
 body={"results":[{"gender":"male","name":{"title":"Mr","first":"Arthur","last":"Knight"},"location":{"street":{"number":1286,"name":"King St"},"city":"Sidney","state":"New Brunswick","country":"Canada","postcode":"Y8T 7O1","coordinates":{"latitude":"-67.4956","longitude":"-108.3680"},"timezone":{"offset":"+3:30","description":"Tehran"}},"email":"arthur.knight@example.com","login":{"uuid":"27929c4d-c7fa-4961-b3ca-6127ee9adc87","username":"silverostrich442","password":"calimero","salt":"WC8OJAg7","md5":"b18d78c662948ddadc46b07bdcaf633c","sha1":"bb2e2822f4cadb89ab431a3887d7b4037976ef38","sha256":"01cc5fd2c3a90395a7ce3b470bef7a681650156a99b98fe34c2b1110988fc194"},"dob":{"date":"1948-08-19T03:48:15.412Z","age":75},"registered":{"date":"2004-11-11T10:20:10.799Z","age":19},"phone":"X96 Q87-5454","cell":"Y94 W84-1789","id":{"name":"SIN","value":"287701494"},"picture":{"large":"https://randomuser.me/api/portraits/men/45.jpg","medium":"https://randomuser.me/api/portraits/med/men/45.jpg","thumbnail":"https://randomuser.me/api/portraits/thumb/men/45.jpg"},"nat":"CA"}],"info":{"seed":"dadb12f45f45fb15","results":1,"page":1,"version":"1.4"}} 
 </msg>
<msg time="2024-07-23T22:14:52.929881" level="INFO">/opt/hostedtoolcache/Python/3.12.4/x64/lib/python3.12/site-packages/urllib3/connectionpool.py:1099: InsecureRequestWarning: Unverified HTTPS request is being made to host 'randomuser.me'. Adding certificate verification is strongly advised. See: https://urllib3.readthedocs.io/en/latest/advanced-usage.html#tls-warnings
  warnings.warn(</msg>
<msg time="2024-07-23T22:14:52.930013" level="INFO">${response} = &lt;Response [200]&gt;</msg>
<var>${response}</var>
<arg>consultarAPI</arg>
<arg>/api</arg>
<doc>Sends a GET request on a previously created HTTP Session.</doc>
<status status="PASS" start="2024-07-23T22:14:52.831966" elapsed="0.098089"/>
</kw>
<kw name="Set Variable" owner="BuiltIn">
<msg time="2024-07-23T22:14:52.931273" level="INFO">${json_data} = {'results': [{'gender': 'male', 'name': {'title': 'Mr', 'first': 'Arthur', 'last': 'Knight'}, 'location': {'street': {'number': 1286, 'name': 'King St'}, 'city': 'Sidney', 'state': 'New Brunswick', 'c...</msg>
<var>${json_data}</var>
<arg>${response.json()}</arg>
<doc>Returns the given values which can then be assigned to a variables.</doc>
<status status="PASS" start="2024-07-23T22:14:52.930699" elapsed="0.000604"/>
</kw>
<kw name="Set Variable" owner="BuiltIn">
<msg time="2024-07-23T22:14:52.932020" level="INFO">${name_title} = Mr</msg>
<var>${name_title}</var>
<arg>${json_data["results"][0]["name"]["title"]}</arg>
<doc>Returns the given values which can then be assigned to a variables.</doc>
<status status="PASS" start="2024-07-23T22:14:52.931620" elapsed="0.000426"/>
</kw>
<kw name="Create List" owner="BuiltIn">
<msg time="2024-07-23T22:14:52.932557" level="INFO">${allowed_titles} = ['Mr', 'Ms', 'Miss', 'Mrs', 'Madame', 'Monsieur']</msg>
<var>${allowed_titles}</var>
<arg>Mr</arg>
<arg>Ms</arg>
<arg>Miss</arg>
<arg>Mrs</arg>
<arg>Madame</arg>
<arg>Monsieur</arg>
<doc>Returns a list containing given items.</doc>
<status status="PASS" start="2024-07-23T22:14:52.932348" elapsed="0.000236"/>
</kw>
<kw name="List Should Contain Value" owner="Collections">
<arg>${allowed_titles}</arg>
<arg>${name_title}</arg>
<doc>Fails if the ``value`` is not found from ``list``.</doc>
<status status="PASS" start="2024-07-23T22:14:52.932894" elapsed="0.000194"/>
</kw>
<kw name="Set Variable" owner="BuiltIn">
<msg time="2024-07-23T22:14:52.933639" level="INFO">${name_country} = CA</msg>
<var>${name_country}</var>
<arg>${json_data["results"][0]["nat"]}</arg>
<doc>Returns the given values which can then be assigned to a variables.</doc>
<status status="PASS" start="2024-07-23T22:14:52.933268" elapsed="0.000396"/>
</kw>
<kw name="Create List" owner="BuiltIn">
<msg time="2024-07-23T22:14:52.934552" level="INFO">${list_country} = ['AD', 'AE', 'AF', 'AG', 'AI', 'AL', 'AM', 'AO', 'AQ', 'AR', 'AS', 'AT', 'AU', 'AW', 'AX', 'AZ', 'BA', 'BB', 'BD', 'BE', 'BF', 'BG', 'BH', 'BI', 'BJ', 'BL', 'BM', 'BN', 'BO', 'BQ', 'BR', 'BS', 'BT', '...</msg>
<var>${list_country}</var>
<arg>AD</arg>
<arg>AE</arg>
<arg>AF</arg>
<arg>AG</arg>
<arg>AI</arg>
<arg>AL</arg>
<arg>AM</arg>
<arg>AO</arg>
<arg>AQ</arg>
<arg>AR</arg>
<arg>AS</arg>
<arg>AT</arg>
<arg>AU</arg>
<arg>AW</arg>
<arg>AX</arg>
<arg>AZ</arg>
<arg>BA</arg>
<arg>BB</arg>
<arg>BD</arg>
<arg>BE</arg>
<arg>BF</arg>
<arg>BG</arg>
<arg>BH</arg>
<arg>BI</arg>
<arg>BJ</arg>
<arg>BL</arg>
<arg>BM</arg>
<arg>BN</arg>
<arg>BO</arg>
<arg>BQ</arg>
<arg>BR</arg>
<arg>BS</arg>
<arg>BT</arg>
<arg>BV</arg>
<arg>BW</arg>
<arg>BY</arg>
<arg>BZ</arg>
<arg>CA</arg>
<arg>CC</arg>
<arg>CD</arg>
<arg>CF</arg>
<arg>CG</arg>
<arg>CH</arg>
<arg>CI</arg>
<arg>CK</arg>
<arg>CL</arg>
<arg>CM</arg>
<arg>CN</arg>
<arg>CO</arg>
<arg>CR</arg>
<arg>CU</arg>
<arg>CV</arg>
<arg>CW</arg>
<arg>CX</arg>
<arg>CY</arg>
<arg>CZ</arg>
<arg>DE</arg>
<arg>DJ</arg>
<arg>DK</arg>
<arg>DM</arg>
<arg>DO</arg>
<arg>DZ</arg>
<arg>EC</arg>
<arg>EE</arg>
<arg>EG</arg>
<arg>EH</arg>
<arg>ER</arg>
<arg>ES</arg>
<arg>ET</arg>
<arg>FI</arg>
<arg>FJ</arg>
<arg>FK</arg>
<arg>FM</arg>
<arg>FO</arg>
<arg>FR</arg>
<arg>GA</arg>
<arg>GB</arg>
<arg>GD</arg>
<arg>GE</arg>
<arg>GF</arg>
<arg>GG</arg>
<arg>GH</arg>
<arg>GI</arg>
<arg>GL</arg>
<arg>GM</arg>
<arg>GN</arg>
<arg>GP</arg>
<arg>GQ</arg>
<arg>GR</arg>
<arg>GS</arg>
<arg>GT</arg>
<arg>GU</arg>
<arg>GW</arg>
<arg>GY</arg>
<arg>HK</arg>
<arg>HM</arg>
<arg>HN</arg>
<arg>HR</arg>
<arg>HT</arg>
<arg>HU</arg>
<arg>ID</arg>
<arg>IE</arg>
<arg>IL</arg>
<arg>IM</arg>
<arg>IN</arg>
<arg>IO</arg>
<arg>IQ</arg>
<arg>IR</arg>
<arg>IS</arg>
<arg>IT</arg>
<arg>JE</arg>
<arg>JM</arg>
<arg>JO</arg>
<arg>JP</arg>
<arg>KE</arg>
<arg>KG</arg>
<arg>KH</arg>
<arg>KI</arg>
<arg>KM</arg>
<arg>KN</arg>
<arg>KP</arg>
<arg>KR</arg>
<arg>KW</arg>
<arg>KY</arg>
<arg>KZ</arg>
<arg>LA</arg>
<arg>LB</arg>
<arg>LC</arg>
<arg>LI</arg>
<arg>LK</arg>
<arg>LR</arg>
<arg>LS</arg>
<arg>LT</arg>
<arg>LU</arg>
<arg>LV</arg>
<arg>LY</arg>
<arg>MA</arg>
<arg>MC</arg>
<arg>MD</arg>
<arg>ME</arg>
<arg>MF</arg>
<arg>MG</arg>
<arg>MH</arg>
<arg>MK</arg>
<arg>ML</arg>
<arg>MM</arg>
<arg>MN</arg>
<arg>MO</arg>
<arg>MP</arg>
<arg>MQ</arg>
<arg>MR</arg>
<arg>MS</arg>
<arg>MT</arg>
<arg>MU</arg>
<arg>MV</arg>
<arg>MW</arg>
<arg>MX</arg>
<arg>MY</arg>
<arg>MZ</arg>
<arg>NA</arg>
<arg>NC</arg>
<arg>NE</arg>
<arg>NF</arg>
<arg>NG</arg>
<arg>NI</arg>
<arg>NL</arg>
<arg>NO</arg>
<arg>NP</arg>
<arg>NR</arg>
<arg>NU</arg>
<arg>NZ</arg>
<arg>OM</arg>
<arg>PA</arg>
<arg>PE</arg>
<arg>PF</arg>
<arg>PG</arg>
<arg>PH</arg>
<arg>PK</arg>
<arg>PL</arg>
<arg>PM</arg>
<arg>PN</arg>
<arg>PR</arg>
<arg>PS</arg>
<arg>PT</arg>
<arg>PW</arg>
<arg>PY</arg>
<arg>QA</arg>
<arg>RE</arg>
<arg>RO</arg>
<arg>RS</arg>
<arg>RU</arg>
<arg>RW</arg>
<arg>SA</arg>
<arg>SB</arg>
<arg>SC</arg>
<arg>SD</arg>
<arg>SE</arg>
<arg>SG</arg>
<arg>SH</arg>
<arg>SI</arg>
<arg>SJ</arg>
<arg>SK</arg>
<arg>SL</arg>
<arg>SM</arg>
<arg>SN</arg>
<arg>SO</arg>
<arg>SR</arg>
<arg>SS</arg>
<arg>ST</arg>
<arg>SV</arg>
<arg>SX</arg>
<arg>SY</arg>
<arg>SZ</arg>
<arg>TC</arg>
<arg>TD</arg>
<arg>TF</arg>
<arg>TG</arg>
<arg>TH</arg>
<arg>TJ</arg>
<arg>TK</arg>
<arg>TL</arg>
<arg>TM</arg>
<arg>TN</arg>
<arg>TO</arg>
<arg>TR</arg>
<arg>TT</arg>
<arg>TV</arg>
<arg>TW</arg>
<arg>TZ</arg>
<arg>UA</arg>
<arg>UG</arg>
<arg>UM</arg>
<arg>US</arg>
<arg>UY</arg>
<arg>UZ</arg>
<arg>VA</arg>
<arg>VC</arg>
<arg>VE</arg>
<arg>VG</arg>
<arg>VI</arg>
<arg>VN</arg>
<arg>VU</arg>
<arg>WF</arg>
<arg>WS</arg>
<arg>XK</arg>
<arg>YE</arg>
<arg>YT</arg>
<arg>ZA</arg>
<arg>ZM</arg>
<arg>ZW</arg>
<doc>Returns a list containing given items.</doc>
<status status="PASS" start="2024-07-23T22:14:52.933956" elapsed="0.000622"/>
</kw>
<kw name="List Should Contain Value" owner="Collections">
<arg>${list_country}</arg>
<arg>${name_country}</arg>
<doc>Fails if the ``value`` is not found from ``list``.</doc>
<status status="PASS" start="2024-07-23T22:14:52.935376" elapsed="0.000205"/>
</kw>
<kw name="Run Keyword If" owner="BuiltIn">
<kw name="Should Be True" owner="BuiltIn">
<arg>${True}</arg>
<doc>Fails if the given condition is not true.</doc>
<status status="PASS" start="2024-07-23T22:14:52.936548" elapsed="0.000146"/>
</kw>
<arg>${json_data["results"][0]["location"]["coordinates"]["latitude"]} &gt;= -90 and ${json_data["results"][0]["location"]["coordinates"]["latitude"]} &lt;= 90</arg>
<arg>Should Be True</arg>
<arg>${True}</arg>
<doc>Runs the given keyword with the given arguments, if ``condition`` is true.</doc>
<status status="PASS" start="2024-07-23T22:14:52.935777" elapsed="0.001044"/>
</kw>
<kw name="Run Keyword If" owner="BuiltIn">
<kw name="Should Be True" owner="BuiltIn">
<arg>${True}</arg>
<doc>Fails if the given condition is not true.</doc>
<status status="PASS" start="2024-07-23T22:14:52.937719" elapsed="0.000262"/>
</kw>
<arg>${json_data["results"][0]["location"]["coordinates"]["longitude"]} &gt;= -180 and ${json_data["results"][0]["location"]["coordinates"]["longitude"]} &lt;= 180</arg>
<arg>Should Be True</arg>
<arg>${True}</arg>
<doc>Runs the given keyword with the given arguments, if ``condition`` is true.</doc>
<status status="PASS" start="2024-07-23T22:14:52.937021" elapsed="0.001093"/>
</kw>
<status status="PASS" start="2024-07-23T22:14:52.831736" elapsed="0.106511"/>
</kw>
<doc>Testa o conteúdo específico dos campos retornados pela API.</doc>
<tag>testeConteudo</tag>
<status status="PASS" start="2024-07-23T22:14:52.831168" elapsed="0.107231"/>
</test>
<status status="PASS" start="2024-07-23T22:14:51.962242" elapsed="0.978169"/>
</suite>
<status status="PASS" start="2024-07-23T22:14:51.947602" elapsed="0.997996"/>
</suite>
<statistics>
<total>
<stat pass="5" fail="0" skip="0">All Tests</stat>
</total>
<tag>
<stat pass="1" fail="0" skip="0">testeConteudo</stat>
<stat pass="1" fail="0" skip="0">testeEstruturaResposta</stat>
<stat pass="1" fail="0" skip="0">testeRequisicaoBasica</stat>
<stat pass="1" fail="0" skip="0">testeTiposDados</stat>
</tag>
<suite>
<stat pass="5" fail="0" skip="0" id="s1" name="Tests">Tests</stat>
<stat pass="5" fail="0" skip="0" id="s1-s1" name="Random-User-Test">Tests.Random-User-Test</stat>
</suite>
</statistics>
<errors>
</errors>
</robot>
