<?xml version="1.0" encoding="UTF-8"?>
<robot generator="Robot 7.0 (Python 3.12.3 on linux)" generated="2024-04-23T01:01:15.007476" rpa="false" schemaversion="5">
<suite id="s1" name="Tests" source="/home/runner/work/DesafioQAItauRogerioJordao/DesafioQAItauRogerioJordao/RamdonUser/tests">
<suite id="s1-s1" name="Random-User-Test" source="/home/runner/work/DesafioQAItauRogerioJordao/DesafioQAItauRogerioJordao/RamdonUser/tests/random-user-test.robot">
<test id="s1-s1-t1" name="Conectar" line="13">
<kw name="Conectar API" owner="random-user-service">
<kw name="Create Session" owner="RequestsLibrary">
<msg time="2024-04-23T01:01:15.379223" level="INFO">Creating Session using : alias=consultarAPI, url=https://randomuser.me/, headers={},                     cookies={}, auth=None, timeout=None, proxies=None, verify=False,                     debug=0 </msg>
<arg>consultarAPI</arg>
<arg>${URL}</arg>
<doc>Create Session: create a HTTP session to a server</doc>
<status status="PASS" start="2024-04-23T01:01:15.379001" elapsed="0.000426"/>
</kw>
<status status="PASS" start="2024-04-23T01:01:15.377941" elapsed="0.001874"/>
</kw>
<status status="PASS" start="2024-04-23T01:01:15.377257" elapsed="0.002761"/>
</test>
<test id="s1-s1-t2" name="Validar retorno 200 e JSON Válido" line="16">
<kw name="Teste de Requisicao Basica" owner="random-user-service">
<kw name="GET On Session" owner="RequestsLibrary">
<msg time="2024-04-23T01:01:15.597814" level="INFO">GET Request : url=https://randomuser.me/api 
 path_url=/api 
 headers={'User-Agent': 'python-requests/2.31.0', 'Accept-Encoding': 'gzip, deflate', 'Accept': '*/*', 'Connection': 'keep-alive'} 
 body=None 
 </msg>
<msg time="2024-04-23T01:01:15.597966" level="INFO">GET Response : url=https://randomuser.me/api 
 status=200, reason=OK 
 headers={'Date': 'Tue, 23 Apr 2024 01:01:15 GMT', 'Content-Type': 'application/json; charset=utf-8', 'Transfer-Encoding': 'chunked', 'Connection': 'keep-alive', 'X-Powered-By': 'Express', 'Access-Control-Allow-Origin': '*', 'Cache-Control': 'no-cache', 'ETag': 'W/"481-jJF4Dm7BxlGLbYSabHiURyGM2fE"', 'Vary': 'Accept-Encoding', 'Content-Encoding': 'gzip', 'CF-Cache-Status': 'DYNAMIC', 'Report-To': '{"endpoints":[{"url":"https:\\/\\/a.nel.cloudflare.com\\/report\\/v4?s=cGM7AeSKH3CTLHx1tlGQGAL2e7GmpTDC8a3CQ1Ra%2FChh5RRyLD7QYtYdEKfXU9aRjw22g4OLYP9Ws%2FG7zLTMgmf%2FamUWAs%2BF1sJzBs7QoKvpjihbeN9XAnwx1SqwJjhw"}],"group":"cf-nel","max_age":604800}', 'NEL': '{"success_fraction":0,"report_to":"cf-nel","max_age":604800}', 'Server': 'cloudflare', 'CF-RAY': '8789ebdc0e6a3968-IAD', 'alt-svc': 'h3=":443"; ma=86400'} 
 body={"results":[{"gender":"male","name":{"title":"Mr","first":"Judd","last":"Olson"},"location":{"street":{"number":7923,"name":"Shady Ln Dr"},"city":"Augusta","state":"Tennessee","country":"United States","postcode":38004,"coordinates":{"latitude":"83.4769","longitude":"-71.8442"},"timezone":{"offset":"+6:00","description":"Almaty, Dhaka, Colombo"}},"email":"judd.olson@example.com","login":{"uuid":"8accb0d4-e864-475f-af3f-515eabb29584","username":"brownzebra434","password":"wright","salt":"3FxrBw7P","md5":"b8bfb43c32b2adeed00d8d084d7aa405","sha1":"6c001c4259a6f4e8a70a3e31fedd1866d77e67a4","sha256":"ed75b6e67d029726b559be99ac5247a62ea5fd950505d5e8f765f6eec716de4c"},"dob":{"date":"1949-11-03T12:39:52.705Z","age":74},"registered":{"date":"2008-12-30T07:10:58.555Z","age":15},"phone":"(767) 353-5372","cell":"(468) 428-4853","id":{"name":"SSN","value":"111-27-5766"},"picture":{"large":"https://randomuser.me/api/portraits/men/90.jpg","medium":"https://randomuser.me/api/portraits/med/men/90.jpg","thumbnail":"https://randomuser.me/api/portraits/thumb/men/90.jpg"},"nat":"US"}],"info":{"seed":"16a61933abfdcaf8","results":1,"page":1,"version":"1.4"}} 
 </msg>
<msg time="2024-04-23T01:01:15.598045" level="INFO">/opt/hostedtoolcache/Python/3.12.3/x64/lib/python3.12/site-packages/urllib3/connectionpool.py:1103: InsecureRequestWarning: Unverified HTTPS request is being made to host 'randomuser.me'. Adding certificate verification is strongly advised. See: https://urllib3.readthedocs.io/en/latest/advanced-usage.html#tls-warnings
  warnings.warn(</msg>
<msg time="2024-04-23T01:01:15.598209" level="INFO">${response} = &lt;Response [200]&gt;</msg>
<var>${response}</var>
<arg>consultarAPI</arg>
<arg>/api</arg>
<doc>Sends a GET request on a previously created HTTP Session.</doc>
<status status="PASS" start="2024-04-23T01:01:15.382880" elapsed="0.215365"/>
</kw>
<kw name="Should Be Equal As Numbers" owner="BuiltIn">
<msg time="2024-04-23T01:01:15.599264" level="INFO">Argument types are:
&lt;class 'int'&gt;
&lt;class 'str'&gt;</msg>
<arg>${response.status_code}</arg>
<arg>200</arg>
<doc>Fails if objects are unequal after converting them to real numbers.</doc>
<status status="PASS" start="2024-04-23T01:01:15.598787" elapsed="0.000545"/>
</kw>
<kw name="Log" owner="BuiltIn">
<msg time="2024-04-23T01:01:15.600035" level="INFO">200</msg>
<arg>${response.status_code}</arg>
<doc>Logs the given message with the given level.</doc>
<status status="PASS" start="2024-04-23T01:01:15.599678" elapsed="0.000401"/>
</kw>
<kw name="Set Variable" owner="BuiltIn">
<msg time="2024-04-23T01:01:15.600852" level="INFO">${json_data} = {'results': [{'gender': 'male', 'name': {'title': 'Mr', 'first': 'Judd', 'last': 'Olson'}, 'location': {'street': {'number': 7923, 'name': 'Shady Ln Dr'}, 'city': 'Augusta', 'state': 'Tennessee', 'cou...</msg>
<var>${json_data}</var>
<arg>${response.json()}</arg>
<doc>Returns the given values which can then be assigned to a variables.</doc>
<status status="PASS" start="2024-04-23T01:01:15.600398" elapsed="0.000483"/>
</kw>
<kw name="Dictionary Should Contain Key" owner="Collections">
<msg time="2024-04-23T01:01:15.601373" level="INFO">False</msg>
<arg>${json_data}</arg>
<arg>results</arg>
<doc>Fails if ``key`` is not found from ``dictionary``.</doc>
<status status="PASS" start="2024-04-23T01:01:15.601195" elapsed="0.000218"/>
</kw>
<status status="PASS" start="2024-04-23T01:01:15.382587" elapsed="0.219093"/>
</kw>
<doc>Testa se a API responde corretamente e retorna um objeto JSON válido.</doc>
<tag>testeRequisicaoBasica</tag>
<status status="PASS" start="2024-04-23T01:01:15.381962" elapsed="0.219910"/>
</test>
<test id="s1-s1-t3" name="Validar estrutura de resposta" line="22">
<kw name="Teste de Estrutura de Resposta" owner="random-user-service">
<kw name="GET On Session" owner="RequestsLibrary">
<msg time="2024-04-23T01:01:15.682105" level="INFO">GET Request : url=https://randomuser.me/api 
 path_url=/api 
 headers={'User-Agent': 'python-requests/2.31.0', 'Accept-Encoding': 'gzip, deflate', 'Accept': '*/*', 'Connection': 'keep-alive'} 
 body=None 
 </msg>
<msg time="2024-04-23T01:01:15.682172" level="INFO">GET Response : url=https://randomuser.me/api 
 status=200, reason=OK 
 headers={'Date': 'Tue, 23 Apr 2024 01:01:15 GMT', 'Content-Type': 'application/json; charset=utf-8', 'Transfer-Encoding': 'chunked', 'Connection': 'keep-alive', 'X-Powered-By': 'Express', 'Access-Control-Allow-Origin': '*', 'Cache-Control': 'no-cache', 'ETag': 'W/"47c-HTvbeWreSN3LV8uK96+p84ZKNrs"', 'Vary': 'Accept-Encoding', 'Content-Encoding': 'gzip', 'CF-Cache-Status': 'DYNAMIC', 'Report-To': '{"endpoints":[{"url":"https:\\/\\/a.nel.cloudflare.com\\/report\\/v4?s=6zJi8EOnaPf6JCkLboXBR8xAlsTtoth8SljtHc0cw7zA%2Bi9%2FQqfqFU%2BjKfCBHbAdY3ZdOoYfEjllS%2BQSlbbahyMT%2F6RMHzvRUUWcLFkOcHKLOTSLCLQq2m8Clpj8j4vx"}],"group":"cf-nel","max_age":604800}', 'NEL': '{"success_fraction":0,"report_to":"cf-nel","max_age":604800}', 'Server': 'cloudflare', 'CF-RAY': '8789ebdc8ef73968-IAD', 'alt-svc': 'h3=":443"; ma=86400'} 
 body={"results":[{"gender":"male","name":{"title":"Mr","first":"Carmelo","last":"Montero"},"location":{"street":{"number":2382,"name":"Calle de La Luna"},"city":"Cuenca","state":"La Rioja","country":"Spain","postcode":26946,"coordinates":{"latitude":"-38.2153","longitude":"-108.3328"},"timezone":{"offset":"+9:30","description":"Adelaide, Darwin"}},"email":"carmelo.montero@example.com","login":{"uuid":"39e383b3-5be5-498e-88b3-a5871ecc5ade","username":"sadelephant677","password":"justus","salt":"tT6tMG6b","md5":"3dc8b2666428393ee2f674eebce60ce0","sha1":"4fa171e2dfecd04d6456dada7ad36b882701c369","sha256":"7de71a69fee357419015b7e18e55dee7ed630b100fda652f1cb72fa4a124cff7"},"dob":{"date":"1963-03-12T09:22:37.839Z","age":61},"registered":{"date":"2013-06-07T01:34:47.338Z","age":10},"phone":"918-783-688","cell":"662-998-084","id":{"name":"DNI","value":"26021655-S"},"picture":{"large":"https://randomuser.me/api/portraits/men/47.jpg","medium":"https://randomuser.me/api/portraits/med/men/47.jpg","thumbnail":"https://randomuser.me/api/portraits/thumb/men/47.jpg"},"nat":"ES"}],"info":{"seed":"d9687f68f8370d45","results":1,"page":1,"version":"1.4"}} 
 </msg>
<msg time="2024-04-23T01:01:15.682269" level="INFO">/opt/hostedtoolcache/Python/3.12.3/x64/lib/python3.12/site-packages/urllib3/connectionpool.py:1103: InsecureRequestWarning: Unverified HTTPS request is being made to host 'randomuser.me'. Adding certificate verification is strongly advised. See: https://urllib3.readthedocs.io/en/latest/advanced-usage.html#tls-warnings
  warnings.warn(</msg>
<msg time="2024-04-23T01:01:15.682382" level="INFO">${response} = &lt;Response [200]&gt;</msg>
<var>${response}</var>
<arg>consultarAPI</arg>
<arg>/api</arg>
<doc>Sends a GET request on a previously created HTTP Session.</doc>
<status status="PASS" start="2024-04-23T01:01:15.604553" elapsed="0.077872"/>
</kw>
<kw name="Set Variable" owner="BuiltIn">
<msg time="2024-04-23T01:01:15.683302" level="INFO">${json_data} = {'results': [{'gender': 'male', 'name': {'title': 'Mr', 'first': 'Carmelo', 'last': 'Montero'}, 'location': {'street': {'number': 2382, 'name': 'Calle de La Luna'}, 'city': 'Cuenca', 'state': 'La Rioj...</msg>
<var>${json_data}</var>
<arg>${response.json()}</arg>
<doc>Returns the given values which can then be assigned to a variables.</doc>
<status status="PASS" start="2024-04-23T01:01:15.682830" elapsed="0.000501"/>
</kw>
<kw name="Log" owner="BuiltIn">
<msg time="2024-04-23T01:01:15.683798" level="INFO">{'results': [{'gender': 'male', 'name': {'title': 'Mr', 'first': 'Carmelo', 'last': 'Montero'}, 'location': {'street': {'number': 2382, 'name': 'Calle de La Luna'}, 'city': 'Cuenca', 'state': 'La Rioja', 'country': 'Spain', 'postcode': 26946, 'coordinates': {'latitude': '-38.2153', 'longitude': '-108.3328'}, 'timezone': {'offset': '+9:30', 'description': 'Adelaide, Darwin'}}, 'email': 'carmelo.montero@example.com', 'login': {'uuid': '39e383b3-5be5-498e-88b3-a5871ecc5ade', 'username': 'sadelephant677', 'password': 'justus', 'salt': 'tT6tMG6b', 'md5': '3dc8b2666428393ee2f674eebce60ce0', 'sha1': '4fa171e2dfecd04d6456dada7ad36b882701c369', 'sha256': '7de71a69fee357419015b7e18e55dee7ed630b100fda652f1cb72fa4a124cff7'}, 'dob': {'date': '1963-03-12T09:22:37.839Z', 'age': 61}, 'registered': {'date': '2013-06-07T01:34:47.338Z', 'age': 10}, 'phone': '918-783-688', 'cell': '662-998-084', 'id': {'name': 'DNI', 'value': '26021655-S'}, 'picture': {'large': 'https://randomuser.me/api/portraits/men/47.jpg', 'medium': 'https://randomuser.me/api/portraits/med/men/47.jpg', 'thumbnail': 'https://randomuser.me/api/portraits/thumb/men/47.jpg'}, 'nat': 'ES'}], 'info': {'seed': 'd9687f68f8370d45', 'results': 1, 'page': 1, 'version': '1.4'}}</msg>
<arg>${json_data}</arg>
<doc>Logs the given message with the given level.</doc>
<status status="PASS" start="2024-04-23T01:01:15.683640" elapsed="0.000206"/>
</kw>
<kw name="Dictionary Should Contain Key" owner="Collections">
<msg time="2024-04-23T01:01:15.684298" level="INFO">False</msg>
<arg>${json_data}</arg>
<arg>results</arg>
<doc>Fails if ``key`` is not found from ``dictionary``.</doc>
<status status="PASS" start="2024-04-23T01:01:15.684141" elapsed="0.000195"/>
</kw>
<kw name="Should Not Be Empty" owner="BuiltIn">
<msg time="2024-04-23T01:01:15.684761" level="INFO">Length is 2.</msg>
<arg>${json_data}</arg>
<doc>Verifies that the given item is not empty.</doc>
<status status="PASS" start="2024-04-23T01:01:15.684630" elapsed="0.000320"/>
</kw>
<kw name="Create List" owner="BuiltIn">
<msg time="2024-04-23T01:01:15.685405" level="INFO">${expected_keys} = ['gender', 'name', 'location', 'email', 'login']</msg>
<var>${expected_keys}</var>
<arg>gender</arg>
<arg>name</arg>
<arg>location</arg>
<arg>email</arg>
<arg>login</arg>
<doc>Returns a list containing given items.</doc>
<status status="PASS" start="2024-04-23T01:01:15.685251" elapsed="0.000179"/>
</kw>
<for flavor="IN">
<iter>
<kw name="Dictionary Should Contain Key" owner="Collections">
<msg time="2024-04-23T01:01:15.686411" level="INFO">False</msg>
<arg>${json_data['results'][0]}</arg>
<arg>${key}</arg>
<doc>Fails if ``key`` is not found from ``dictionary``.</doc>
<status status="PASS" start="2024-04-23T01:01:15.686015" elapsed="0.000435"/>
</kw>
<kw name="Log" owner="BuiltIn">
<msg time="2024-04-23T01:01:15.687162" level="INFO">{'gender': 'male', 'name': {'title': 'Mr', 'first': 'Carmelo', 'last': 'Montero'}, 'location': {'street': {'number': 2382, 'name': 'Calle de La Luna'}, 'city': 'Cuenca', 'state': 'La Rioja', 'country': 'Spain', 'postcode': 26946, 'coordinates': {'latitude': '-38.2153', 'longitude': '-108.3328'}, 'timezone': {'offset': '+9:30', 'description': 'Adelaide, Darwin'}}, 'email': 'carmelo.montero@example.com', 'login': {'uuid': '39e383b3-5be5-498e-88b3-a5871ecc5ade', 'username': 'sadelephant677', 'password': 'justus', 'salt': 'tT6tMG6b', 'md5': '3dc8b2666428393ee2f674eebce60ce0', 'sha1': '4fa171e2dfecd04d6456dada7ad36b882701c369', 'sha256': '7de71a69fee357419015b7e18e55dee7ed630b100fda652f1cb72fa4a124cff7'}, 'dob': {'date': '1963-03-12T09:22:37.839Z', 'age': 61}, 'registered': {'date': '2013-06-07T01:34:47.338Z', 'age': 10}, 'phone': '918-783-688', 'cell': '662-998-084', 'id': {'name': 'DNI', 'value': '26021655-S'}, 'picture': {'large': 'https://randomuser.me/api/portraits/men/47.jpg', 'medium': 'https://randomuser.me/api/portraits/med/men/47.jpg', 'thumbnail': 'https://randomuser.me/api/portraits/thumb/men/47.jpg'}, 'nat': 'ES'}</msg>
<arg>${json_data['results'][0]}</arg>
<doc>Logs the given message with the given level.</doc>
<status status="PASS" start="2024-04-23T01:01:15.686779" elapsed="0.000433"/>
</kw>
<kw name="Log" owner="BuiltIn">
<msg time="2024-04-23T01:01:15.687633" level="INFO">gender</msg>
<arg>${key}</arg>
<doc>Logs the given message with the given level.</doc>
<status status="PASS" start="2024-04-23T01:01:15.687508" elapsed="0.000162"/>
</kw>
<var name="${key}">gender</var>
<status status="PASS" start="2024-04-23T01:01:15.685886" elapsed="0.002003"/>
</iter>
<iter>
<kw name="Dictionary Should Contain Key" owner="Collections">
<msg time="2024-04-23T01:01:15.688581" level="INFO">False</msg>
<arg>${json_data['results'][0]}</arg>
<arg>${key}</arg>
<doc>Fails if ``key`` is not found from ``dictionary``.</doc>
<status status="PASS" start="2024-04-23T01:01:15.688193" elapsed="0.000427"/>
</kw>
<kw name="Log" owner="BuiltIn">
<msg time="2024-04-23T01:01:15.689312" level="INFO">{'gender': 'male', 'name': {'title': 'Mr', 'first': 'Carmelo', 'last': 'Montero'}, 'location': {'street': {'number': 2382, 'name': 'Calle de La Luna'}, 'city': 'Cuenca', 'state': 'La Rioja', 'country': 'Spain', 'postcode': 26946, 'coordinates': {'latitude': '-38.2153', 'longitude': '-108.3328'}, 'timezone': {'offset': '+9:30', 'description': 'Adelaide, Darwin'}}, 'email': 'carmelo.montero@example.com', 'login': {'uuid': '39e383b3-5be5-498e-88b3-a5871ecc5ade', 'username': 'sadelephant677', 'password': 'justus', 'salt': 'tT6tMG6b', 'md5': '3dc8b2666428393ee2f674eebce60ce0', 'sha1': '4fa171e2dfecd04d6456dada7ad36b882701c369', 'sha256': '7de71a69fee357419015b7e18e55dee7ed630b100fda652f1cb72fa4a124cff7'}, 'dob': {'date': '1963-03-12T09:22:37.839Z', 'age': 61}, 'registered': {'date': '2013-06-07T01:34:47.338Z', 'age': 10}, 'phone': '918-783-688', 'cell': '662-998-084', 'id': {'name': 'DNI', 'value': '26021655-S'}, 'picture': {'large': 'https://randomuser.me/api/portraits/men/47.jpg', 'medium': 'https://randomuser.me/api/portraits/med/men/47.jpg', 'thumbnail': 'https://randomuser.me/api/portraits/thumb/men/47.jpg'}, 'nat': 'ES'}</msg>
<arg>${json_data['results'][0]}</arg>
<doc>Logs the given message with the given level.</doc>
<status status="PASS" start="2024-04-23T01:01:15.688947" elapsed="0.000416"/>
</kw>
<kw name="Log" owner="BuiltIn">
<msg time="2024-04-23T01:01:15.689789" level="INFO">name</msg>
<arg>${key}</arg>
<doc>Logs the given message with the given level.</doc>
<status status="PASS" start="2024-04-23T01:01:15.689661" elapsed="0.000171"/>
</kw>
<var name="${key}">name</var>
<status status="PASS" start="2024-04-23T01:01:15.688078" elapsed="0.001971"/>
</iter>
<iter>
<kw name="Dictionary Should Contain Key" owner="Collections">
<msg time="2024-04-23T01:01:15.690729" level="INFO">False</msg>
<arg>${json_data['results'][0]}</arg>
<arg>${key}</arg>
<doc>Fails if ``key`` is not found from ``dictionary``.</doc>
<status status="PASS" start="2024-04-23T01:01:15.690344" elapsed="0.000458"/>
</kw>
<kw name="Log" owner="BuiltIn">
<msg time="2024-04-23T01:01:15.691492" level="INFO">{'gender': 'male', 'name': {'title': 'Mr', 'first': 'Carmelo', 'last': 'Montero'}, 'location': {'street': {'number': 2382, 'name': 'Calle de La Luna'}, 'city': 'Cuenca', 'state': 'La Rioja', 'country': 'Spain', 'postcode': 26946, 'coordinates': {'latitude': '-38.2153', 'longitude': '-108.3328'}, 'timezone': {'offset': '+9:30', 'description': 'Adelaide, Darwin'}}, 'email': 'carmelo.montero@example.com', 'login': {'uuid': '39e383b3-5be5-498e-88b3-a5871ecc5ade', 'username': 'sadelephant677', 'password': 'justus', 'salt': 'tT6tMG6b', 'md5': '3dc8b2666428393ee2f674eebce60ce0', 'sha1': '4fa171e2dfecd04d6456dada7ad36b882701c369', 'sha256': '7de71a69fee357419015b7e18e55dee7ed630b100fda652f1cb72fa4a124cff7'}, 'dob': {'date': '1963-03-12T09:22:37.839Z', 'age': 61}, 'registered': {'date': '2013-06-07T01:34:47.338Z', 'age': 10}, 'phone': '918-783-688', 'cell': '662-998-084', 'id': {'name': 'DNI', 'value': '26021655-S'}, 'picture': {'large': 'https://randomuser.me/api/portraits/men/47.jpg', 'medium': 'https://randomuser.me/api/portraits/med/men/47.jpg', 'thumbnail': 'https://randomuser.me/api/portraits/thumb/men/47.jpg'}, 'nat': 'ES'}</msg>
<arg>${json_data['results'][0]}</arg>
<doc>Logs the given message with the given level.</doc>
<status status="PASS" start="2024-04-23T01:01:15.691117" elapsed="0.000425"/>
</kw>
<kw name="Log" owner="BuiltIn">
<msg time="2024-04-23T01:01:15.691966" level="INFO">location</msg>
<arg>${key}</arg>
<doc>Logs the given message with the given level.</doc>
<status status="PASS" start="2024-04-23T01:01:15.691840" elapsed="0.000165"/>
</kw>
<var name="${key}">location</var>
<status status="PASS" start="2024-04-23T01:01:15.690231" elapsed="0.002024"/>
</iter>
<iter>
<kw name="Dictionary Should Contain Key" owner="Collections">
<msg time="2024-04-23T01:01:15.692942" level="INFO">False</msg>
<arg>${json_data['results'][0]}</arg>
<arg>${key}</arg>
<doc>Fails if ``key`` is not found from ``dictionary``.</doc>
<status status="PASS" start="2024-04-23T01:01:15.692555" elapsed="0.000425"/>
</kw>
<kw name="Log" owner="BuiltIn">
<msg time="2024-04-23T01:01:15.693645" level="INFO">{'gender': 'male', 'name': {'title': 'Mr', 'first': 'Carmelo', 'last': 'Montero'}, 'location': {'street': {'number': 2382, 'name': 'Calle de La Luna'}, 'city': 'Cuenca', 'state': 'La Rioja', 'country': 'Spain', 'postcode': 26946, 'coordinates': {'latitude': '-38.2153', 'longitude': '-108.3328'}, 'timezone': {'offset': '+9:30', 'description': 'Adelaide, Darwin'}}, 'email': 'carmelo.montero@example.com', 'login': {'uuid': '39e383b3-5be5-498e-88b3-a5871ecc5ade', 'username': 'sadelephant677', 'password': 'justus', 'salt': 'tT6tMG6b', 'md5': '3dc8b2666428393ee2f674eebce60ce0', 'sha1': '4fa171e2dfecd04d6456dada7ad36b882701c369', 'sha256': '7de71a69fee357419015b7e18e55dee7ed630b100fda652f1cb72fa4a124cff7'}, 'dob': {'date': '1963-03-12T09:22:37.839Z', 'age': 61}, 'registered': {'date': '2013-06-07T01:34:47.338Z', 'age': 10}, 'phone': '918-783-688', 'cell': '662-998-084', 'id': {'name': 'DNI', 'value': '26021655-S'}, 'picture': {'large': 'https://randomuser.me/api/portraits/men/47.jpg', 'medium': 'https://randomuser.me/api/portraits/med/men/47.jpg', 'thumbnail': 'https://randomuser.me/api/portraits/thumb/men/47.jpg'}, 'nat': 'ES'}</msg>
<arg>${json_data['results'][0]}</arg>
<doc>Logs the given message with the given level.</doc>
<status status="PASS" start="2024-04-23T01:01:15.693281" elapsed="0.000414"/>
</kw>
<kw name="Log" owner="BuiltIn">
<msg time="2024-04-23T01:01:15.694116" level="INFO">email</msg>
<arg>${key}</arg>
<doc>Logs the given message with the given level.</doc>
<status status="PASS" start="2024-04-23T01:01:15.693989" elapsed="0.000164"/>
</kw>
<var name="${key}">email</var>
<status status="PASS" start="2024-04-23T01:01:15.692432" elapsed="0.001931"/>
</iter>
<iter>
<kw name="Dictionary Should Contain Key" owner="Collections">
<msg time="2024-04-23T01:01:15.695061" level="INFO">False</msg>
<arg>${json_data['results'][0]}</arg>
<arg>${key}</arg>
<doc>Fails if ``key`` is not found from ``dictionary``.</doc>
<status status="PASS" start="2024-04-23T01:01:15.694648" elapsed="0.000451"/>
</kw>
<kw name="Log" owner="BuiltIn">
<msg time="2024-04-23T01:01:15.695766" level="INFO">{'gender': 'male', 'name': {'title': 'Mr', 'first': 'Carmelo', 'last': 'Montero'}, 'location': {'street': {'number': 2382, 'name': 'Calle de La Luna'}, 'city': 'Cuenca', 'state': 'La Rioja', 'country': 'Spain', 'postcode': 26946, 'coordinates': {'latitude': '-38.2153', 'longitude': '-108.3328'}, 'timezone': {'offset': '+9:30', 'description': 'Adelaide, Darwin'}}, 'email': 'carmelo.montero@example.com', 'login': {'uuid': '39e383b3-5be5-498e-88b3-a5871ecc5ade', 'username': 'sadelephant677', 'password': 'justus', 'salt': 'tT6tMG6b', 'md5': '3dc8b2666428393ee2f674eebce60ce0', 'sha1': '4fa171e2dfecd04d6456dada7ad36b882701c369', 'sha256': '7de71a69fee357419015b7e18e55dee7ed630b100fda652f1cb72fa4a124cff7'}, 'dob': {'date': '1963-03-12T09:22:37.839Z', 'age': 61}, 'registered': {'date': '2013-06-07T01:34:47.338Z', 'age': 10}, 'phone': '918-783-688', 'cell': '662-998-084', 'id': {'name': 'DNI', 'value': '26021655-S'}, 'picture': {'large': 'https://randomuser.me/api/portraits/men/47.jpg', 'medium': 'https://randomuser.me/api/portraits/med/men/47.jpg', 'thumbnail': 'https://randomuser.me/api/portraits/thumb/men/47.jpg'}, 'nat': 'ES'}</msg>
<arg>${json_data['results'][0]}</arg>
<doc>Logs the given message with the given level.</doc>
<status status="PASS" start="2024-04-23T01:01:15.695398" elapsed="0.000416"/>
</kw>
<kw name="Log" owner="BuiltIn">
<msg time="2024-04-23T01:01:15.696240" level="INFO">login</msg>
<arg>${key}</arg>
<doc>Logs the given message with the given level.</doc>
<status status="PASS" start="2024-04-23T01:01:15.696112" elapsed="0.000166"/>
</kw>
<var name="${key}">login</var>
<status status="PASS" start="2024-04-23T01:01:15.694536" elapsed="0.001958"/>
</iter>
<var>${key}</var>
<value>@{expected_keys}</value>
<status status="PASS" start="2024-04-23T01:01:15.685689" elapsed="0.010950"/>
</for>
<kw name="Create List" owner="BuiltIn">
<msg time="2024-04-23T01:01:15.696988" level="INFO">${expected_keysTwo} = ['username', 'password']</msg>
<var>${expected_keysTwo}</var>
<arg>username</arg>
<arg>password</arg>
<doc>Returns a list containing given items.</doc>
<status status="PASS" start="2024-04-23T01:01:15.696848" elapsed="0.000164"/>
</kw>
<for flavor="IN">
<iter>
<kw name="Dictionary Should Contain Key" owner="Collections">
<msg time="2024-04-23T01:01:15.697909" level="INFO">False</msg>
<arg>${json_data['results'][0]['login']}</arg>
<arg>${keyTwo}</arg>
<doc>Fails if ``key`` is not found from ``dictionary``.</doc>
<status status="PASS" start="2024-04-23T01:01:15.697518" elapsed="0.000429"/>
</kw>
<kw name="Dictionary Should Contain Key" owner="Collections">
<msg time="2024-04-23T01:01:15.698621" level="INFO">False</msg>
<arg>${json_data['results'][0]['login']}</arg>
<arg>${keyTwo}</arg>
<doc>Fails if ``key`` is not found from ``dictionary``.</doc>
<status status="PASS" start="2024-04-23T01:01:15.698240" elapsed="0.000418"/>
</kw>
<kw name="Log" owner="BuiltIn">
<msg time="2024-04-23T01:01:15.699115" level="INFO">username</msg>
<arg>${keyTwo}</arg>
<doc>Logs the given message with the given level.</doc>
<status status="PASS" start="2024-04-23T01:01:15.698987" elapsed="0.000172"/>
</kw>
<var name="${keyTwo}">username</var>
<status status="PASS" start="2024-04-23T01:01:15.697408" elapsed="0.001967"/>
</iter>
<iter>
<kw name="Dictionary Should Contain Key" owner="Collections">
<msg time="2024-04-23T01:01:15.700133" level="INFO">False</msg>
<arg>${json_data['results'][0]['login']}</arg>
<arg>${keyTwo}</arg>
<doc>Fails if ``key`` is not found from ``dictionary``.</doc>
<status status="PASS" start="2024-04-23T01:01:15.699658" elapsed="0.000520"/>
</kw>
<kw name="Dictionary Should Contain Key" owner="Collections">
<msg time="2024-04-23T01:01:15.700854" level="INFO">False</msg>
<arg>${json_data['results'][0]['login']}</arg>
<arg>${keyTwo}</arg>
<doc>Fails if ``key`` is not found from ``dictionary``.</doc>
<status status="PASS" start="2024-04-23T01:01:15.700474" elapsed="0.000417"/>
</kw>
<kw name="Log" owner="BuiltIn">
<msg time="2024-04-23T01:01:15.701328" level="INFO">password</msg>
<arg>${keyTwo}</arg>
<doc>Logs the given message with the given level.</doc>
<status status="PASS" start="2024-04-23T01:01:15.701202" elapsed="0.000163"/>
</kw>
<var name="${keyTwo}">password</var>
<status status="PASS" start="2024-04-23T01:01:15.699549" elapsed="0.002036"/>
</iter>
<var>${keyTwo}</var>
<value>@{expected_keysTwo}</value>
<status status="PASS" start="2024-04-23T01:01:15.697252" elapsed="0.004453"/>
</for>
<status status="PASS" start="2024-04-23T01:01:15.604309" elapsed="0.097534"/>
</kw>
<doc>Testa a estrutura da resposta da API.</doc>
<tag>testeEstruturaResposta</tag>
<status status="PASS" start="2024-04-23T01:01:15.603771" elapsed="0.098224"/>
</test>
<test id="s1-s1-t4" name="Validar tipos de dados" line="28">
<kw name="Teste de Tipos de Dados" owner="random-user-service">
<kw name="GET On Session" owner="RequestsLibrary">
<msg time="2024-04-23T01:01:15.763673" level="INFO">GET Request : url=https://randomuser.me/api 
 path_url=/api 
 headers={'User-Agent': 'python-requests/2.31.0', 'Accept-Encoding': 'gzip, deflate', 'Accept': '*/*', 'Connection': 'keep-alive'} 
 body=None 
 </msg>
<msg time="2024-04-23T01:01:15.763748" level="INFO">GET Response : url=https://randomuser.me/api 
 status=200, reason=OK 
 headers={'Date': 'Tue, 23 Apr 2024 01:01:15 GMT', 'Content-Type': 'application/json; charset=utf-8', 'Transfer-Encoding': 'chunked', 'Connection': 'keep-alive', 'X-Powered-By': 'Express', 'Access-Control-Allow-Origin': '*', 'Cache-Control': 'no-cache', 'ETag': 'W/"49e-z1gL3NtHN7FSlY6dTgjOAEGPyQA"', 'Vary': 'Accept-Encoding', 'Content-Encoding': 'gzip', 'CF-Cache-Status': 'DYNAMIC', 'Report-To': '{"endpoints":[{"url":"https:\\/\\/a.nel.cloudflare.com\\/report\\/v4?s=9RgUyzccEPVr1IQSEi6va10GS6LPq287zN%2BREweemssDw2Qetb0SlofyBle19glp9gTWCVPnOURtAO6x0pY%2BbHHyUN1igs%2B9QzkjNHD4AILFoCtaIbA6sUsMciAlWLdT"}],"group":"cf-nel","max_age":604800}', 'NEL': '{"success_fraction":0,"report_to":"cf-nel","max_age":604800}', 'Server': 'cloudflare', 'CF-RAY': '8789ebdd2fe93968-IAD', 'alt-svc': 'h3=":443"; ma=86400'} 
 body={"results":[{"gender":"male","name":{"title":"Mr","first":"Kenji","last":"Boekema"},"location":{"street":{"number":6429,"name":"Crocuspad"},"city":"Cromstrijen","state":"Zuid-Holland","country":"Netherlands","postcode":"1412 ON","coordinates":{"latitude":"31.2472","longitude":"-140.0987"},"timezone":{"offset":"+11:00","description":"Magadan, Solomon Islands, New Caledonia"}},"email":"kenji.boekema@example.com","login":{"uuid":"81fa42fc-8fef-4812-841e-340787988efd","username":"beautifulwolf284","password":"dingo","salt":"G769Hfka","md5":"628157b25bd2116d31f5f3e1d5078a1d","sha1":"7c82aa81247dce8ac4b2d13e4729a7208ac09dd6","sha256":"135113da88bf63668951659aac35f960ead9f1984e50f2c2003710a0b9076188"},"dob":{"date":"1958-12-25T03:29:03.726Z","age":65},"registered":{"date":"2002-10-08T22:35:11.513Z","age":21},"phone":"(054) 5559986","cell":"(06) 21357298","id":{"name":"BSN","value":"38891769"},"picture":{"large":"https://randomuser.me/api/portraits/men/48.jpg","medium":"https://randomuser.me/api/portraits/med/men/48.jpg","thumbnail":"https://randomuser.me/api/portraits/thumb/men/48.jpg"},"nat":"NL"}],"info":{"seed":"b563e0db8d0096cd","results":1,"page":1,"version":"1.4"}} 
 </msg>
<msg time="2024-04-23T01:01:15.763815" level="INFO">/opt/hostedtoolcache/Python/3.12.3/x64/lib/python3.12/site-packages/urllib3/connectionpool.py:1103: InsecureRequestWarning: Unverified HTTPS request is being made to host 'randomuser.me'. Adding certificate verification is strongly advised. See: https://urllib3.readthedocs.io/en/latest/advanced-usage.html#tls-warnings
  warnings.warn(</msg>
<msg time="2024-04-23T01:01:15.763942" level="INFO">${response} = &lt;Response [200]&gt;</msg>
<var>${response}</var>
<arg>consultarAPI</arg>
<arg>/api</arg>
<doc>Sends a GET request on a previously created HTTP Session.</doc>
<status status="PASS" start="2024-04-23T01:01:15.704494" elapsed="0.059497"/>
</kw>
<kw name="Set Variable" owner="BuiltIn">
<msg time="2024-04-23T01:01:15.764843" level="INFO">${json_data} = {'results': [{'gender': 'male', 'name': {'title': 'Mr', 'first': 'Kenji', 'last': 'Boekema'}, 'location': {'street': {'number': 6429, 'name': 'Crocuspad'}, 'city': 'Cromstrijen', 'state': 'Zuid-Hollan...</msg>
<var>${json_data}</var>
<arg>${response.json()}</arg>
<doc>Returns the given values which can then be assigned to a variables.</doc>
<status status="PASS" start="2024-04-23T01:01:15.764392" elapsed="0.000479"/>
</kw>
<kw name="Log" owner="BuiltIn">
<msg time="2024-04-23T01:01:15.765321" level="INFO">{'results': [{'gender': 'male', 'name': {'title': 'Mr', 'first': 'Kenji', 'last': 'Boekema'}, 'location': {'street': {'number': 6429, 'name': 'Crocuspad'}, 'city': 'Cromstrijen', 'state': 'Zuid-Holland', 'country': 'Netherlands', 'postcode': '1412 ON', 'coordinates': {'latitude': '31.2472', 'longitude': '-140.0987'}, 'timezone': {'offset': '+11:00', 'description': 'Magadan, Solomon Islands, New Caledonia'}}, 'email': 'kenji.boekema@example.com', 'login': {'uuid': '81fa42fc-8fef-4812-841e-340787988efd', 'username': 'beautifulwolf284', 'password': 'dingo', 'salt': 'G769Hfka', 'md5': '628157b25bd2116d31f5f3e1d5078a1d', 'sha1': '7c82aa81247dce8ac4b2d13e4729a7208ac09dd6', 'sha256': '135113da88bf63668951659aac35f960ead9f1984e50f2c2003710a0b9076188'}, 'dob': {'date': '1958-12-25T03:29:03.726Z', 'age': 65}, 'registered': {'date': '2002-10-08T22:35:11.513Z', 'age': 21}, 'phone': '(054) 5559986', 'cell': '(06) 21357298', 'id': {'name': 'BSN', 'value': '38891769'}, 'picture': {'large': 'https://randomuser.me/api/portraits/men/48.jpg', 'medium': 'https://randomuser.me/api/portraits/med/men/48.jpg', 'thumbnail': 'https://randomuser.me/api/portraits/thumb/men/48.jpg'}, 'nat': 'NL'}], 'info': {'seed': 'b563e0db8d0096cd', 'results': 1, 'page': 1, 'version': '1.4'}}</msg>
<arg>${json_data}</arg>
<doc>Logs the given message with the given level.</doc>
<status status="PASS" start="2024-04-23T01:01:15.765171" elapsed="0.000228"/>
</kw>
<kw name="Should Be String" owner="String">
<arg>${json_data['results'][0]['gender']}</arg>
<doc>Fails if the given ``item`` is not a string.</doc>
<status status="PASS" start="2024-04-23T01:01:15.765699" elapsed="0.000370"/>
</kw>
<kw name="Should Match Regexp" owner="BuiltIn">
<arg>${json_data['results'][0]['email']}</arg>
<arg>^[a-zA-Z0-9._%+-]+@[a-zA-Z0-9.-]+\.[a-zA-Z]{2,}$</arg>
<doc>Fails if ``string`` does not match ``pattern`` as a regular expression.</doc>
<status status="PASS" start="2024-04-23T01:01:15.766260" elapsed="0.000554"/>
</kw>
<kw name="Should Match Regexp" owner="BuiltIn">
<arg>${json_data['results'][0]['dob']['date']}</arg>
<arg>\\d{4}-\\d{2}-\\d{2}T\\d{2}:\\d{2}:\\d{2}\\.\\d{3}Z</arg>
<doc>Fails if ``string`` does not match ``pattern`` as a regular expression.</doc>
<status status="PASS" start="2024-04-23T01:01:15.767023" elapsed="0.000501"/>
</kw>
<kw name="Should Match Regexp" owner="BuiltIn">
<arg>${json_data['results'][0]['registered']['date']}</arg>
<arg>\\d{4}-\\d{2}-\\d{2}T\\d{2}:\\d{2}:\\d{2}\\.\\d{3}Z</arg>
<doc>Fails if ``string`` does not match ``pattern`` as a regular expression.</doc>
<status status="PASS" start="2024-04-23T01:01:15.767713" elapsed="0.000368"/>
</kw>
<kw name="Should Match Regexp" owner="BuiltIn">
<arg>${json_data['results'][0]['picture']['large']}</arg>
<arg>^https?://.*\.(?:png|jpe?g|gif|bmp)$</arg>
<doc>Fails if ``string`` does not match ``pattern`` as a regular expression.</doc>
<status status="PASS" start="2024-04-23T01:01:15.768264" elapsed="0.000462"/>
</kw>
<kw name="Should Match Regexp" owner="BuiltIn">
<arg>${json_data['results'][0]['picture']['medium']}</arg>
<arg>^https?://.*\.(?:png|jpe?g|gif|bmp)$</arg>
<doc>Fails if ``string`` does not match ``pattern`` as a regular expression.</doc>
<status status="PASS" start="2024-04-23T01:01:15.768912" elapsed="0.000362"/>
</kw>
<kw name="Should Match Regexp" owner="BuiltIn">
<arg>${json_data['results'][0]['picture']['thumbnail']}</arg>
<arg>^https?://.*\.(?:png|jpe?g|gif|bmp)$</arg>
<doc>Fails if ``string`` does not match ``pattern`` as a regular expression.</doc>
<status status="PASS" start="2024-04-23T01:01:15.769463" elapsed="0.000350"/>
</kw>
<kw name="Log" owner="BuiltIn">
<msg time="2024-04-23T01:01:15.770311" level="INFO">{'large': 'https://randomuser.me/api/portraits/men/48.jpg', 'medium': 'https://randomuser.me/api/portraits/med/men/48.jpg', 'thumbnail': 'https://randomuser.me/api/portraits/thumb/men/48.jpg'}</msg>
<arg>${json_data['results'][0]['picture']}</arg>
<doc>Logs the given message with the given level.</doc>
<status status="PASS" start="2024-04-23T01:01:15.769990" elapsed="0.000362"/>
</kw>
<status status="PASS" start="2024-04-23T01:01:15.704265" elapsed="0.066341"/>
</kw>
<kw name="Teste de Tipos de Dados - Postcode" owner="random-user-service">
<kw name="GET On Session" owner="RequestsLibrary">
<msg time="2024-04-23T01:01:15.862288" level="INFO">GET Request : url=https://randomuser.me/api 
 path_url=/api 
 headers={'User-Agent': 'python-requests/2.31.0', 'Accept-Encoding': 'gzip, deflate', 'Accept': '*/*', 'Connection': 'keep-alive'} 
 body=None 
 </msg>
<msg time="2024-04-23T01:01:15.862365" level="INFO">GET Response : url=https://randomuser.me/api 
 status=200, reason=OK 
 headers={'Date': 'Tue, 23 Apr 2024 01:01:15 GMT', 'Content-Type': 'application/json; charset=utf-8', 'Transfer-Encoding': 'chunked', 'Connection': 'keep-alive', 'X-Powered-By': 'Express', 'Access-Control-Allow-Origin': '*', 'Cache-Control': 'no-cache', 'ETag': 'W/"47c-wd3mfa+pbciJD5jewrFZH12eEeM"', 'Vary': 'Accept-Encoding', 'Content-Encoding': 'gzip', 'CF-Cache-Status': 'DYNAMIC', 'Report-To': '{"endpoints":[{"url":"https:\\/\\/a.nel.cloudflare.com\\/report\\/v4?s=zUcvVsctPLIzrE8dQBhty1NAWpsZSlLKi4y7aItOVHKTIYRDTyATqR1KrbqHDv7WW8IJK3oExYu%2BWn03GlNKzYjP9sWkEQ7HIqq1cy3GFWVNIDI%2B0BrrkNoGrXKR5XqO"}],"group":"cf-nel","max_age":604800}', 'NEL': '{"success_fraction":0,"report_to":"cf-nel","max_age":604800}', 'Server': 'cloudflare', 'CF-RAY': '8789ebdd986b3968-IAD', 'alt-svc': 'h3=":443"; ma=86400'} 
 body={"results":[{"gender":"female","name":{"title":"Mrs","first":"Andrea","last":"Olsen"},"location":{"street":{"number":8520,"name":"Kildevænget"},"city":"Saltum","state":"Midtjylland","country":"Denmark","postcode":69473,"coordinates":{"latitude":"-39.3765","longitude":"125.3060"},"timezone":{"offset":"-11:00","description":"Midway Island, Samoa"}},"email":"andrea.olsen@example.com","login":{"uuid":"1aa0d6b6-aa99-42c8-a5d6-5a6efc9dc82d","username":"happyfrog686","password":"stylus","salt":"PKLiWF4t","md5":"c488d8be717552fc6a57d6d5bb23c91e","sha1":"d406589e7f9b2b2c479b3b826c31f307c1d66e4a","sha256":"4a8ca1b9e715cb200f70997a6c1474807b8e8240844f30a243edf92337df76c8"},"dob":{"date":"1967-05-30T09:19:36.980Z","age":56},"registered":{"date":"2020-10-08T14:18:39.265Z","age":3},"phone":"75885188","cell":"50241150","id":{"name":"CPR","value":"300567-6096"},"picture":{"large":"https://randomuser.me/api/portraits/women/95.jpg","medium":"https://randomuser.me/api/portraits/med/women/95.jpg","thumbnail":"https://randomuser.me/api/portraits/thumb/women/95.jpg"},"nat":"DK"}],"info":{"seed":"c21ed3ce42175218","results":1,"page":1,"version":"1.4"}} 
 </msg>
<msg time="2024-04-23T01:01:15.862421" level="INFO">/opt/hostedtoolcache/Python/3.12.3/x64/lib/python3.12/site-packages/urllib3/connectionpool.py:1103: InsecureRequestWarning: Unverified HTTPS request is being made to host 'randomuser.me'. Adding certificate verification is strongly advised. See: https://urllib3.readthedocs.io/en/latest/advanced-usage.html#tls-warnings
  warnings.warn(</msg>
<msg time="2024-04-23T01:01:15.862523" level="INFO">${response} = &lt;Response [200]&gt;</msg>
<var>${response}</var>
<arg>consultarAPI</arg>
<arg>/api</arg>
<doc>Sends a GET request on a previously created HTTP Session.</doc>
<status status="PASS" start="2024-04-23T01:01:15.771073" elapsed="0.091492"/>
</kw>
<kw name="Set Variable" owner="BuiltIn">
<msg time="2024-04-23T01:01:15.863418" level="INFO">${json_data} = {'results': [{'gender': 'female', 'name': {'title': 'Mrs', 'first': 'Andrea', 'last': 'Olsen'}, 'location': {'street': {'number': 8520, 'name': 'Kildevænget'}, 'city': 'Saltum', 'state': 'Midtjylland'...</msg>
<var>${json_data}</var>
<arg>${response.json()}</arg>
<doc>Returns the given values which can then be assigned to a variables.</doc>
<status status="PASS" start="2024-04-23T01:01:15.862960" elapsed="0.000487"/>
</kw>
<kw name="Log" owner="BuiltIn">
<msg time="2024-04-23T01:01:15.863903" level="INFO">{'results': [{'gender': 'female', 'name': {'title': 'Mrs', 'first': 'Andrea', 'last': 'Olsen'}, 'location': {'street': {'number': 8520, 'name': 'Kildevænget'}, 'city': 'Saltum', 'state': 'Midtjylland', 'country': 'Denmark', 'postcode': 69473, 'coordinates': {'latitude': '-39.3765', 'longitude': '125.3060'}, 'timezone': {'offset': '-11:00', 'description': 'Midway Island, Samoa'}}, 'email': 'andrea.olsen@example.com', 'login': {'uuid': '1aa0d6b6-aa99-42c8-a5d6-5a6efc9dc82d', 'username': 'happyfrog686', 'password': 'stylus', 'salt': 'PKLiWF4t', 'md5': 'c488d8be717552fc6a57d6d5bb23c91e', 'sha1': 'd406589e7f9b2b2c479b3b826c31f307c1d66e4a', 'sha256': '4a8ca1b9e715cb200f70997a6c1474807b8e8240844f30a243edf92337df76c8'}, 'dob': {'date': '1967-05-30T09:19:36.980Z', 'age': 56}, 'registered': {'date': '2020-10-08T14:18:39.265Z', 'age': 3}, 'phone': '75885188', 'cell': '50241150', 'id': {'name': 'CPR', 'value': '300567-6096'}, 'picture': {'large': 'https://randomuser.me/api/portraits/women/95.jpg', 'medium': 'https://randomuser.me/api/portraits/med/women/95.jpg', 'thumbnail': 'https://randomuser.me/api/portraits/thumb/women/95.jpg'}, 'nat': 'DK'}], 'info': {'seed': 'c21ed3ce42175218', 'results': 1, 'page': 1, 'version': '1.4'}}</msg>
<arg>${json_data}</arg>
<doc>Logs the given message with the given level.</doc>
<status status="PASS" start="2024-04-23T01:01:15.863752" elapsed="0.000229"/>
</kw>
<kw name="Should Be Equal As Numbers" owner="BuiltIn">
<arg>${json_data['results'][0]['location']['postcode']}</arg>
<arg>${json_data['results'][0]['location']['postcode']}</arg>
<doc>Fails if objects are unequal after converting them to real numbers.</doc>
<status status="PASS" start="2024-04-23T01:01:15.864410" elapsed="0.000617"/>
</kw>
<kw name="Log" owner="BuiltIn">
<msg time="2024-04-23T01:01:15.865557" level="INFO">69473</msg>
<arg>${json_data['results'][0]['location']['postcode']}</arg>
<doc>Logs the given message with the given level.</doc>
<status status="PASS" start="2024-04-23T01:01:15.865218" elapsed="0.000380"/>
</kw>
<status status="PASS" start="2024-04-23T01:01:15.770846" elapsed="0.095012"/>
</kw>
<doc>Testa se os tipos de dados na resposta da API estão corretos.</doc>
<tag>testeTiposDados</tag>
<status status="PASS" start="2024-04-23T01:01:15.703800" elapsed="0.162218"/>
</test>
<test id="s1-s1-t5" name="Validar conteudo" line="35">
<kw name="Teste de Tipos de Conteudo" owner="random-user-service">
<kw name="GET On Session" owner="RequestsLibrary">
<msg time="2024-04-23T01:01:15.981764" level="INFO">GET Request : url=https://randomuser.me/api 
 path_url=/api 
 headers={'User-Agent': 'python-requests/2.31.0', 'Accept-Encoding': 'gzip, deflate', 'Accept': '*/*', 'Connection': 'keep-alive'} 
 body=None 
 </msg>
<msg time="2024-04-23T01:01:15.981855" level="INFO">GET Response : url=https://randomuser.me/api 
 status=200, reason=OK 
 headers={'Date': 'Tue, 23 Apr 2024 01:01:15 GMT', 'Content-Type': 'application/json; charset=utf-8', 'Transfer-Encoding': 'chunked', 'Connection': 'keep-alive', 'X-Powered-By': 'Express', 'Access-Control-Allow-Origin': '*', 'Cache-Control': 'no-cache', 'ETag': 'W/"47c-JRTKFeui+J2ZhJ/cK+ZbLtgwCa4"', 'Vary': 'Accept-Encoding', 'Content-Encoding': 'gzip', 'CF-Cache-Status': 'DYNAMIC', 'Report-To': '{"endpoints":[{"url":"https:\\/\\/a.nel.cloudflare.com\\/report\\/v4?s=j3ynApWHaHGuY3MFWUMrDi5LBE9Qqeh05X84x3Y959MQRL9T44fawZfUxHFpjxIsCnlU%2FssbmPyFQWWWaRSxaE4%2BqaWZ4Y4iuMCjMWowzGJL5JkNcQc0uRUJMtba1S1p"}],"group":"cf-nel","max_age":604800}', 'NEL': '{"success_fraction":0,"report_to":"cf-nel","max_age":604800}', 'Server': 'cloudflare', 'CF-RAY': '8789ebde291d3968-IAD', 'alt-svc': 'h3=":443"; ma=86400'} 
 body={"results":[{"gender":"female","name":{"title":"Miss","first":"Aleena","last":"Langnes"},"location":{"street":{"number":449,"name":"Dronning Astrids gate"},"city":"Skodje","state":"Rogaland","country":"Norway","postcode":"9290","coordinates":{"latitude":"43.1604","longitude":"28.3429"},"timezone":{"offset":"+9:30","description":"Adelaide, Darwin"}},"email":"aleena.langnes@example.com","login":{"uuid":"073e02ba-854c-4213-b70e-545e26529188","username":"tinygoose331","password":"0420","salt":"wqUihnED","md5":"048c527e791324353e3ce681f5e75eb9","sha1":"e5832095402191126dfb00b5dbf343f3c1b029df","sha256":"c5bb003ff9409638fadcb5d611337bce37b1a658bac55afeb650dfd948d5279c"},"dob":{"date":"1964-07-13T01:20:08.704Z","age":59},"registered":{"date":"2021-01-02T11:27:57.318Z","age":3},"phone":"53150551","cell":"47979158","id":{"name":"FN","value":"13076421042"},"picture":{"large":"https://randomuser.me/api/portraits/women/15.jpg","medium":"https://randomuser.me/api/portraits/med/women/15.jpg","thumbnail":"https://randomuser.me/api/portraits/thumb/women/15.jpg"},"nat":"NO"}],"info":{"seed":"23e0d0ab2e74d990","results":1,"page":1,"version":"1.4"}} 
 </msg>
<msg time="2024-04-23T01:01:15.981919" level="INFO">/opt/hostedtoolcache/Python/3.12.3/x64/lib/python3.12/site-packages/urllib3/connectionpool.py:1103: InsecureRequestWarning: Unverified HTTPS request is being made to host 'randomuser.me'. Adding certificate verification is strongly advised. See: https://urllib3.readthedocs.io/en/latest/advanced-usage.html#tls-warnings
  warnings.warn(</msg>
<msg time="2024-04-23T01:01:15.982051" level="INFO">${response} = &lt;Response [200]&gt;</msg>
<var>${response}</var>
<arg>consultarAPI</arg>
<arg>/api</arg>
<doc>Sends a GET request on a previously created HTTP Session.</doc>
<status status="PASS" start="2024-04-23T01:01:15.868523" elapsed="0.113572"/>
</kw>
<kw name="Set Variable" owner="BuiltIn">
<msg time="2024-04-23T01:01:15.983148" level="INFO">${json_data} = {'results': [{'gender': 'female', 'name': {'title': 'Miss', 'first': 'Aleena', 'last': 'Langnes'}, 'location': {'street': {'number': 449, 'name': 'Dronning Astrids gate'}, 'city': 'Skodje', 'state': '...</msg>
<var>${json_data}</var>
<arg>${response.json()}</arg>
<doc>Returns the given values which can then be assigned to a variables.</doc>
<status status="PASS" start="2024-04-23T01:01:15.982608" elapsed="0.000569"/>
</kw>
<kw name="Set Variable" owner="BuiltIn">
<msg time="2024-04-23T01:01:15.983873" level="INFO">${name_title} = Miss</msg>
<var>${name_title}</var>
<arg>${json_data["results"][0]["name"]["title"]}</arg>
<doc>Returns the given values which can then be assigned to a variables.</doc>
<status status="PASS" start="2024-04-23T01:01:15.983481" elapsed="0.000417"/>
</kw>
<kw name="Create List" owner="BuiltIn">
<msg time="2024-04-23T01:01:15.984340" level="INFO">${allowed_titles} = ['Mr', 'Ms', 'Miss', 'Mrs', 'Madame', 'Monsieur']</msg>
<var>${allowed_titles}</var>
<arg>Mr</arg>
<arg>Ms</arg>
<arg>Miss</arg>
<arg>Mrs</arg>
<arg>Madame</arg>
<arg>Monsieur</arg>
<doc>Returns a list containing given items.</doc>
<status status="PASS" start="2024-04-23T01:01:15.984194" elapsed="0.000170"/>
</kw>
<kw name="List Should Contain Value" owner="Collections">
<msg time="2024-04-23T01:01:15.984831" level="INFO">False</msg>
<arg>${allowed_titles}</arg>
<arg>${name_title}</arg>
<doc>Fails if the ``value`` is not found from ``list``.</doc>
<status status="PASS" start="2024-04-23T01:01:15.984662" elapsed="0.000204"/>
</kw>
<kw name="Set Variable" owner="BuiltIn">
<msg time="2024-04-23T01:01:15.985527" level="INFO">${name_country} = NO</msg>
<var>${name_country}</var>
<arg>${json_data["results"][0]["nat"]}</arg>
<doc>Returns the given values which can then be assigned to a variables.</doc>
<status status="PASS" start="2024-04-23T01:01:15.985151" elapsed="0.000400"/>
</kw>
<kw name="Create List" owner="BuiltIn">
<msg time="2024-04-23T01:01:15.986445" level="INFO">${list_country} = ['AD', 'AE', 'AF', 'AG', 'AI', 'AL', 'AM', 'AO', 'AQ', 'AR', 'AS', 'AT', 'AU', 'AW', 'AX', 'AZ', 'BA', 'BB', 'BD', 'BE', 'BF', 'BG', 'BH', 'BI', 'BJ', 'BL', 'BM', 'BN', 'BO', 'BQ', 'BR', 'BS', 'BT', '...</msg>
<var>${list_country}</var>
<arg>AD</arg>
<arg>AE</arg>
<arg>AF</arg>
<arg>AG</arg>
<arg>AI</arg>
<arg>AL</arg>
<arg>AM</arg>
<arg>AO</arg>
<arg>AQ</arg>
<arg>AR</arg>
<arg>AS</arg>
<arg>AT</arg>
<arg>AU</arg>
<arg>AW</arg>
<arg>AX</arg>
<arg>AZ</arg>
<arg>BA</arg>
<arg>BB</arg>
<arg>BD</arg>
<arg>BE</arg>
<arg>BF</arg>
<arg>BG</arg>
<arg>BH</arg>
<arg>BI</arg>
<arg>BJ</arg>
<arg>BL</arg>
<arg>BM</arg>
<arg>BN</arg>
<arg>BO</arg>
<arg>BQ</arg>
<arg>BR</arg>
<arg>BS</arg>
<arg>BT</arg>
<arg>BV</arg>
<arg>BW</arg>
<arg>BY</arg>
<arg>BZ</arg>
<arg>CA</arg>
<arg>CC</arg>
<arg>CD</arg>
<arg>CF</arg>
<arg>CG</arg>
<arg>CH</arg>
<arg>CI</arg>
<arg>CK</arg>
<arg>CL</arg>
<arg>CM</arg>
<arg>CN</arg>
<arg>CO</arg>
<arg>CR</arg>
<arg>CU</arg>
<arg>CV</arg>
<arg>CW</arg>
<arg>CX</arg>
<arg>CY</arg>
<arg>CZ</arg>
<arg>DE</arg>
<arg>DJ</arg>
<arg>DK</arg>
<arg>DM</arg>
<arg>DO</arg>
<arg>DZ</arg>
<arg>EC</arg>
<arg>EE</arg>
<arg>EG</arg>
<arg>EH</arg>
<arg>ER</arg>
<arg>ES</arg>
<arg>ET</arg>
<arg>FI</arg>
<arg>FJ</arg>
<arg>FK</arg>
<arg>FM</arg>
<arg>FO</arg>
<arg>FR</arg>
<arg>GA</arg>
<arg>GB</arg>
<arg>GD</arg>
<arg>GE</arg>
<arg>GF</arg>
<arg>GG</arg>
<arg>GH</arg>
<arg>GI</arg>
<arg>GL</arg>
<arg>GM</arg>
<arg>GN</arg>
<arg>GP</arg>
<arg>GQ</arg>
<arg>GR</arg>
<arg>GS</arg>
<arg>GT</arg>
<arg>GU</arg>
<arg>GW</arg>
<arg>GY</arg>
<arg>HK</arg>
<arg>HM</arg>
<arg>HN</arg>
<arg>HR</arg>
<arg>HT</arg>
<arg>HU</arg>
<arg>ID</arg>
<arg>IE</arg>
<arg>IL</arg>
<arg>IM</arg>
<arg>IN</arg>
<arg>IO</arg>
<arg>IQ</arg>
<arg>IR</arg>
<arg>IS</arg>
<arg>IT</arg>
<arg>JE</arg>
<arg>JM</arg>
<arg>JO</arg>
<arg>JP</arg>
<arg>KE</arg>
<arg>KG</arg>
<arg>KH</arg>
<arg>KI</arg>
<arg>KM</arg>
<arg>KN</arg>
<arg>KP</arg>
<arg>KR</arg>
<arg>KW</arg>
<arg>KY</arg>
<arg>KZ</arg>
<arg>LA</arg>
<arg>LB</arg>
<arg>LC</arg>
<arg>LI</arg>
<arg>LK</arg>
<arg>LR</arg>
<arg>LS</arg>
<arg>LT</arg>
<arg>LU</arg>
<arg>LV</arg>
<arg>LY</arg>
<arg>MA</arg>
<arg>MC</arg>
<arg>MD</arg>
<arg>ME</arg>
<arg>MF</arg>
<arg>MG</arg>
<arg>MH</arg>
<arg>MK</arg>
<arg>ML</arg>
<arg>MM</arg>
<arg>MN</arg>
<arg>MO</arg>
<arg>MP</arg>
<arg>MQ</arg>
<arg>MR</arg>
<arg>MS</arg>
<arg>MT</arg>
<arg>MU</arg>
<arg>MV</arg>
<arg>MW</arg>
<arg>MX</arg>
<arg>MY</arg>
<arg>MZ</arg>
<arg>NA</arg>
<arg>NC</arg>
<arg>NE</arg>
<arg>NF</arg>
<arg>NG</arg>
<arg>NI</arg>
<arg>NL</arg>
<arg>NO</arg>
<arg>NP</arg>
<arg>NR</arg>
<arg>NU</arg>
<arg>NZ</arg>
<arg>OM</arg>
<arg>PA</arg>
<arg>PE</arg>
<arg>PF</arg>
<arg>PG</arg>
<arg>PH</arg>
<arg>PK</arg>
<arg>PL</arg>
<arg>PM</arg>
<arg>PN</arg>
<arg>PR</arg>
<arg>PS</arg>
<arg>PT</arg>
<arg>PW</arg>
<arg>PY</arg>
<arg>QA</arg>
<arg>RE</arg>
<arg>RO</arg>
<arg>RS</arg>
<arg>RU</arg>
<arg>RW</arg>
<arg>SA</arg>
<arg>SB</arg>
<arg>SC</arg>
<arg>SD</arg>
<arg>SE</arg>
<arg>SG</arg>
<arg>SH</arg>
<arg>SI</arg>
<arg>SJ</arg>
<arg>SK</arg>
<arg>SL</arg>
<arg>SM</arg>
<arg>SN</arg>
<arg>SO</arg>
<arg>SR</arg>
<arg>SS</arg>
<arg>ST</arg>
<arg>SV</arg>
<arg>SX</arg>
<arg>SY</arg>
<arg>SZ</arg>
<arg>TC</arg>
<arg>TD</arg>
<arg>TF</arg>
<arg>TG</arg>
<arg>TH</arg>
<arg>TJ</arg>
<arg>TK</arg>
<arg>TL</arg>
<arg>TM</arg>
<arg>TN</arg>
<arg>TO</arg>
<arg>TR</arg>
<arg>TT</arg>
<arg>TV</arg>
<arg>TW</arg>
<arg>TZ</arg>
<arg>UA</arg>
<arg>UG</arg>
<arg>UM</arg>
<arg>US</arg>
<arg>UY</arg>
<arg>UZ</arg>
<arg>VA</arg>
<arg>VC</arg>
<arg>VE</arg>
<arg>VG</arg>
<arg>VI</arg>
<arg>VN</arg>
<arg>VU</arg>
<arg>WF</arg>
<arg>WS</arg>
<arg>XK</arg>
<arg>YE</arg>
<arg>YT</arg>
<arg>ZA</arg>
<arg>ZM</arg>
<arg>ZW</arg>
<doc>Returns a list containing given items.</doc>
<status status="PASS" start="2024-04-23T01:01:15.985862" elapsed="0.000608"/>
</kw>
<kw name="List Should Contain Value" owner="Collections">
<msg time="2024-04-23T01:01:15.987475" level="INFO">False</msg>
<arg>${list_country}</arg>
<arg>${name_country}</arg>
<doc>Fails if the ``value`` is not found from ``list``.</doc>
<status status="PASS" start="2024-04-23T01:01:15.987277" elapsed="0.000233"/>
</kw>
<kw name="Run Keyword If" owner="BuiltIn">
<kw name="Should Be True" owner="BuiltIn">
<arg>${True}</arg>
<doc>Fails if the given condition is not true.</doc>
<status status="PASS" start="2024-04-23T01:01:15.988575" elapsed="0.000254"/>
</kw>
<arg>${json_data["results"][0]["location"]["coordinates"]["latitude"]} &gt;= -90 and ${json_data["results"][0]["location"]["coordinates"]["latitude"]} &lt;= 90</arg>
<arg>Should Be True</arg>
<arg>${True}</arg>
<doc>Runs the given keyword with the given arguments, if ``condition`` is true.</doc>
<status status="PASS" start="2024-04-23T01:01:15.987818" elapsed="0.001149"/>
</kw>
<kw name="Run Keyword If" owner="BuiltIn">
<kw name="Should Be True" owner="BuiltIn">
<arg>${True}</arg>
<doc>Fails if the given condition is not true.</doc>
<status status="PASS" start="2024-04-23T01:01:15.989859" elapsed="0.000136"/>
</kw>
<arg>${json_data["results"][0]["location"]["coordinates"]["longitude"]} &gt;= -180 and ${json_data["results"][0]["location"]["coordinates"]["longitude"]} &lt;= 180</arg>
<arg>Should Be True</arg>
<arg>${True}</arg>
<doc>Runs the given keyword with the given arguments, if ``condition`` is true.</doc>
<status status="PASS" start="2024-04-23T01:01:15.989155" elapsed="0.000962"/>
</kw>
<status status="PASS" start="2024-04-23T01:01:15.868300" elapsed="0.121949"/>
</kw>
<doc>Testa o conteúdo específico dos campos retornados pela API.</doc>
<tag>testeConteudo</tag>
<status status="PASS" start="2024-04-23T01:01:15.867861" elapsed="0.122538"/>
</test>
<status status="PASS" start="2024-04-23T01:01:15.065190" elapsed="0.927205"/>
</suite>
<status status="PASS" start="2024-04-23T01:01:15.051598" elapsed="0.945890"/>
</suite>
<statistics>
<total>
<stat pass="5" fail="0" skip="0">All Tests</stat>
</total>
<tag>
<stat pass="1" fail="0" skip="0">testeConteudo</stat>
<stat pass="1" fail="0" skip="0">testeEstruturaResposta</stat>
<stat pass="1" fail="0" skip="0">testeRequisicaoBasica</stat>
<stat pass="1" fail="0" skip="0">testeTiposDados</stat>
</tag>
<suite>
<stat pass="5" fail="0" skip="0" id="s1" name="Tests">Tests</stat>
<stat pass="5" fail="0" skip="0" id="s1-s1" name="Random-User-Test">Tests.Random-User-Test</stat>
</suite>
</statistics>
<errors>
</errors>
</robot>
