<?xml version="1.0" encoding="UTF-8"?>
<robot generator="Robot 7.0 (Python 3.12.2 on linux)" generated="2024-04-01T06:18:24.389983" rpa="false" schemaversion="5">
<suite id="s1" name="Tests" source="/home/runner/work/DesafioQAItauRogerioJordao/DesafioQAItauRogerioJordao/RamdonUser/tests">
<suite id="s1-s1" name="Random-User-Test" source="/home/runner/work/DesafioQAItauRogerioJordao/DesafioQAItauRogerioJordao/RamdonUser/tests/random-user-test.robot">
<test id="s1-s1-t1" name="Conectar" line="13">
<kw name="Conectar API" owner="random-user-service">
<kw name="Create Session" owner="RequestsLibrary">
<msg time="2024-04-01T06:18:24.783990" level="INFO">Creating Session using : alias=consultarAPI, url=https://randomuser.me/, headers={},                     cookies={}, auth=None, timeout=None, proxies=None, verify=False,                     debug=0 </msg>
<arg>consultarAPI</arg>
<arg>${URL}</arg>
<doc>Create Session: create a HTTP session to a server</doc>
<status status="PASS" start="2024-04-01T06:18:24.783779" elapsed="0.000394"/>
</kw>
<status status="PASS" start="2024-04-01T06:18:24.782713" elapsed="0.001836"/>
</kw>
<status status="PASS" start="2024-04-01T06:18:24.782138" elapsed="0.002622"/>
</test>
<test id="s1-s1-t2" name="Validar retorno 200 e JSON Válido" line="16">
<kw name="Teste de Requisicao Basica" owner="random-user-service">
<kw name="GET On Session" owner="RequestsLibrary">
<msg time="2024-04-01T06:18:24.897653" level="INFO">GET Request : url=https://randomuser.me/api 
 path_url=/api 
 headers={'User-Agent': 'python-requests/2.31.0', 'Accept-Encoding': 'gzip, deflate', 'Accept': '*/*', 'Connection': 'keep-alive'} 
 body=None 
 </msg>
<msg time="2024-04-01T06:18:24.897820" level="INFO">GET Response : url=https://randomuser.me/api 
 status=200, reason=OK 
 headers={'Date': 'Mon, 01 Apr 2024 06:18:24 GMT', 'Content-Type': 'application/json; charset=utf-8', 'Transfer-Encoding': 'chunked', 'Connection': 'keep-alive', 'X-Powered-By': 'Express', 'Access-Control-Allow-Origin': '*', 'Cache-Control': 'no-cache', 'ETag': 'W/"481-60tyVUrsDYpK2BvuCabeZ8b+bpE"', 'Vary': 'Accept-Encoding', 'Content-Encoding': 'gzip', 'CF-Cache-Status': 'DYNAMIC', 'Report-To': '{"endpoints":[{"url":"https:\\/\\/a.nel.cloudflare.com\\/report\\/v4?s=VezH2Gw6SVkGT%2FKOMQtld6icA1jyRMefEPscYzNOYx3ZyplGI%2BSYTOc9o1U7hgFAfDjZ%2F%2FjyxiQlH1OZ4SHrcSB4FNf6LCAjjC4lY21fadgohc0SuRmvlUiECZ7KrQdZ"}],"group":"cf-nel","max_age":604800}', 'NEL': '{"success_fraction":0,"report_to":"cf-nel","max_age":604800}', 'Server': 'cloudflare', 'CF-RAY': '86d676311cbb980b-SJC', 'alt-svc': 'h3=":443"; ma=86400'} 
 body={"results":[{"gender":"female","name":{"title":"Ms","first":"Mestan","last":"Özbey"},"location":{"street":{"number":6002,"name":"Atatürk Sk"},"city":"Manisa","state":"Mardin","country":"Turkey","postcode":53518,"coordinates":{"latitude":"65.5222","longitude":"10.9566"},"timezone":{"offset":"-6:00","description":"Central Time (US &amp; Canada), Mexico City"}},"email":"mestan.ozbey@example.com","login":{"uuid":"9fc39089-77b3-4a97-a5e1-2c2fdd8e8ef3","username":"bigdog813","password":"sword","salt":"CTnPMDNu","md5":"250ca5ce779e6c14ec55b17f5abe35b1","sha1":"a7c12b1ec1e463203d102f62d8de2c74ff44fe27","sha256":"58f9ccdb49d2977d4e9f26dd531f18648c5c98fceb4971c7efbdd46933c3b27d"},"dob":{"date":"1953-03-19T19:36:07.647Z","age":71},"registered":{"date":"2021-08-04T05:58:48.365Z","age":2},"phone":"(858)-599-2004","cell":"(373)-109-2031","id":{"name":"","value":null},"picture":{"large":"https://randomuser.me/api/portraits/women/78.jpg","medium":"https://randomuser.me/api/portraits/med/women/78.jpg","thumbnail":"https://randomuser.me/api/portraits/thumb/women/78.jpg"},"nat":"TR"}],"info":{"seed":"f8ca30e1d000ee9d","results":1,"page":1,"version":"1.4"}} 
 </msg>
<msg time="2024-04-01T06:18:24.897953" level="INFO">/opt/hostedtoolcache/Python/3.12.2/x64/lib/python3.12/site-packages/urllib3/connectionpool.py:1103: InsecureRequestWarning: Unverified HTTPS request is being made to host 'randomuser.me'. Adding certificate verification is strongly advised. See: https://urllib3.readthedocs.io/en/latest/advanced-usage.html#tls-warnings
  warnings.warn(</msg>
<msg time="2024-04-01T06:18:24.898141" level="INFO">${response} = &lt;Response [200]&gt;</msg>
<var>${response}</var>
<arg>consultarAPI</arg>
<arg>/api</arg>
<doc>Sends a GET request on a previously created HTTP Session.</doc>
<status status="PASS" start="2024-04-01T06:18:24.787378" elapsed="0.110806"/>
</kw>
<kw name="Should Be Equal As Numbers" owner="BuiltIn">
<msg time="2024-04-01T06:18:24.899180" level="INFO">Argument types are:
&lt;class 'int'&gt;
&lt;class 'str'&gt;</msg>
<arg>${response.status_code}</arg>
<arg>200</arg>
<doc>Fails if objects are unequal after converting them to real numbers.</doc>
<status status="PASS" start="2024-04-01T06:18:24.898713" elapsed="0.000536"/>
</kw>
<kw name="Log" owner="BuiltIn">
<msg time="2024-04-01T06:18:24.899977" level="INFO">200</msg>
<arg>${response.status_code}</arg>
<doc>Logs the given message with the given level.</doc>
<status status="PASS" start="2024-04-01T06:18:24.899598" elapsed="0.000423"/>
</kw>
<kw name="Set Variable" owner="BuiltIn">
<msg time="2024-04-01T06:18:24.900835" level="INFO">${json_data} = {'results': [{'gender': 'female', 'name': {'title': 'Ms', 'first': 'Mestan', 'last': 'Özbey'}, 'location': {'street': {'number': 6002, 'name': 'Atatürk Sk'}, 'city': 'Manisa', 'state': 'Mardin', 'coun...</msg>
<var>${json_data}</var>
<arg>${response.json()}</arg>
<doc>Returns the given values which can then be assigned to a variables.</doc>
<status status="PASS" start="2024-04-01T06:18:24.900377" elapsed="0.000488"/>
</kw>
<kw name="Dictionary Should Contain Key" owner="Collections">
<msg time="2024-04-01T06:18:24.901348" level="INFO">False</msg>
<arg>${json_data}</arg>
<arg>results</arg>
<doc>Fails if ``key`` is not found from ``dictionary``.</doc>
<status status="PASS" start="2024-04-01T06:18:24.901176" elapsed="0.000213"/>
</kw>
<status status="PASS" start="2024-04-01T06:18:24.787113" elapsed="0.114535"/>
</kw>
<doc>Testa se a API responde corretamente e retorna um objeto JSON válido.</doc>
<tag>testeRequisicaoBasica</tag>
<status status="PASS" start="2024-04-01T06:18:24.786637" elapsed="0.115204"/>
</test>
<test id="s1-s1-t3" name="Validar estrutura de resposta" line="22">
<kw name="Teste de Estrutura de Resposta" owner="random-user-service">
<kw name="GET On Session" owner="RequestsLibrary">
<msg time="2024-04-01T06:18:25.000251" level="INFO">GET Request : url=https://randomuser.me/api 
 path_url=/api 
 headers={'User-Agent': 'python-requests/2.31.0', 'Accept-Encoding': 'gzip, deflate', 'Accept': '*/*', 'Connection': 'keep-alive'} 
 body=None 
 </msg>
<msg time="2024-04-01T06:18:25.000355" level="INFO">GET Response : url=https://randomuser.me/api 
 status=200, reason=OK 
 headers={'Date': 'Mon, 01 Apr 2024 06:18:25 GMT', 'Content-Type': 'application/json; charset=utf-8', 'Transfer-Encoding': 'chunked', 'Connection': 'keep-alive', 'X-Powered-By': 'Express', 'Access-Control-Allow-Origin': '*', 'Cache-Control': 'no-cache', 'ETag': 'W/"47f-N+qNmp0qvHEOQPhIMo0i51X1VH8"', 'Vary': 'Accept-Encoding', 'Content-Encoding': 'gzip', 'CF-Cache-Status': 'DYNAMIC', 'Report-To': '{"endpoints":[{"url":"https:\\/\\/a.nel.cloudflare.com\\/report\\/v4?s=i5H65n71%2B2iOq6FUzC2osEFgHNbddziwxXx7m08Zm2jHugMj%2Ftf1W%2BevkVRujEkxV4Gtj4OhMZWjYGim1Y7vSdFCCOTZCjgb9sUrc2Oj8q0ZdF9J5l9Ic2xLLYPlbvM1"}],"group":"cf-nel","max_age":604800}', 'NEL': '{"success_fraction":0,"report_to":"cf-nel","max_age":604800}', 'Server': 'cloudflare', 'CF-RAY': '86d67631ad29980b-SJC', 'alt-svc': 'h3=":443"; ma=86400'} 
 body={"results":[{"gender":"female","name":{"title":"Miss","first":"Olga","last":"Borojević"},"location":{"street":{"number":5517,"name":"Porodice Stojić"},"city":"Niš","state":"Central Banat","country":"Serbia","postcode":49332,"coordinates":{"latitude":"62.3662","longitude":"19.0558"},"timezone":{"offset":"+3:30","description":"Tehran"}},"email":"olga.borojevic@example.com","login":{"uuid":"a1098b81-63c2-4d78-b8c5-895f89bac75f","username":"goldenleopard611","password":"senator","salt":"nUj1CIEF","md5":"60c7dce0ab4ba2be1bea594bafc8cfce","sha1":"da8930fed43f16b166b99fa3ce3e79cbb980f929","sha256":"0d5a76f5c745e186a7ccb558150c7739dff8aa26ad480cde5a65da9ebf6527d5"},"dob":{"date":"1963-12-13T01:48:17.926Z","age":60},"registered":{"date":"2021-06-14T16:14:13.162Z","age":2},"phone":"027-6743-909","cell":"067-2304-546","id":{"name":"SID","value":"319244251"},"picture":{"large":"https://randomuser.me/api/portraits/women/53.jpg","medium":"https://randomuser.me/api/portraits/med/women/53.jpg","thumbnail":"https://randomuser.me/api/portraits/thumb/women/53.jpg"},"nat":"RS"}],"info":{"seed":"51c42f8b666b871d","results":1,"page":1,"version":"1.4"}} 
 </msg>
<msg time="2024-04-01T06:18:25.000504" level="INFO">/opt/hostedtoolcache/Python/3.12.2/x64/lib/python3.12/site-packages/urllib3/connectionpool.py:1103: InsecureRequestWarning: Unverified HTTPS request is being made to host 'randomuser.me'. Adding certificate verification is strongly advised. See: https://urllib3.readthedocs.io/en/latest/advanced-usage.html#tls-warnings
  warnings.warn(</msg>
<msg time="2024-04-01T06:18:25.000635" level="INFO">${response} = &lt;Response [200]&gt;</msg>
<var>${response}</var>
<arg>consultarAPI</arg>
<arg>/api</arg>
<doc>Sends a GET request on a previously created HTTP Session.</doc>
<status status="PASS" start="2024-04-01T06:18:24.905104" elapsed="0.095575"/>
</kw>
<kw name="Set Variable" owner="BuiltIn">
<msg time="2024-04-01T06:18:25.001791" level="INFO">${json_data} = {'results': [{'gender': 'female', 'name': {'title': 'Miss', 'first': 'Olga', 'last': 'Borojević'}, 'location': {'street': {'number': 5517, 'name': 'Porodice Stojić'}, 'city': 'Niš', 'state': 'Central ...</msg>
<var>${json_data}</var>
<arg>${response.json()}</arg>
<doc>Returns the given values which can then be assigned to a variables.</doc>
<status status="PASS" start="2024-04-01T06:18:25.001222" elapsed="0.000601"/>
</kw>
<kw name="Log" owner="BuiltIn">
<msg time="2024-04-01T06:18:25.002412" level="INFO">{'results': [{'gender': 'female', 'name': {'title': 'Miss', 'first': 'Olga', 'last': 'Borojević'}, 'location': {'street': {'number': 5517, 'name': 'Porodice Stojić'}, 'city': 'Niš', 'state': 'Central Banat', 'country': 'Serbia', 'postcode': 49332, 'coordinates': {'latitude': '62.3662', 'longitude': '19.0558'}, 'timezone': {'offset': '+3:30', 'description': 'Tehran'}}, 'email': 'olga.borojevic@example.com', 'login': {'uuid': 'a1098b81-63c2-4d78-b8c5-895f89bac75f', 'username': 'goldenleopard611', 'password': 'senator', 'salt': 'nUj1CIEF', 'md5': '60c7dce0ab4ba2be1bea594bafc8cfce', 'sha1': 'da8930fed43f16b166b99fa3ce3e79cbb980f929', 'sha256': '0d5a76f5c745e186a7ccb558150c7739dff8aa26ad480cde5a65da9ebf6527d5'}, 'dob': {'date': '1963-12-13T01:48:17.926Z', 'age': 60}, 'registered': {'date': '2021-06-14T16:14:13.162Z', 'age': 2}, 'phone': '027-6743-909', 'cell': '067-2304-546', 'id': {'name': 'SID', 'value': '319244251'}, 'picture': {'large': 'https://randomuser.me/api/portraits/women/53.jpg', 'medium': 'https://randomuser.me/api/portraits/med/women/53.jpg', 'thumbnail': 'https://randomuser.me/api/portraits/thumb/women/53.jpg'}, 'nat': 'RS'}], 'info': {'seed': '51c42f8b666b871d', 'results': 1, 'page': 1, 'version': '1.4'}}</msg>
<arg>${json_data}</arg>
<doc>Logs the given message with the given level.</doc>
<status status="PASS" start="2024-04-01T06:18:25.002231" elapsed="0.000234"/>
</kw>
<kw name="Dictionary Should Contain Key" owner="Collections">
<msg time="2024-04-01T06:18:25.002950" level="INFO">False</msg>
<arg>${json_data}</arg>
<arg>results</arg>
<doc>Fails if ``key`` is not found from ``dictionary``.</doc>
<status status="PASS" start="2024-04-01T06:18:25.002784" elapsed="0.000205"/>
</kw>
<kw name="Should Not Be Empty" owner="BuiltIn">
<msg time="2024-04-01T06:18:25.003441" level="INFO">Length is 2.</msg>
<arg>${json_data}</arg>
<doc>Verifies that the given item is not empty.</doc>
<status status="PASS" start="2024-04-01T06:18:25.003304" elapsed="0.000178"/>
</kw>
<kw name="Create List" owner="BuiltIn">
<msg time="2024-04-01T06:18:25.003938" level="INFO">${expected_keys} = ['gender', 'name', 'location', 'email', 'login']</msg>
<var>${expected_keys}</var>
<arg>gender</arg>
<arg>name</arg>
<arg>location</arg>
<arg>email</arg>
<arg>login</arg>
<doc>Returns a list containing given items.</doc>
<status status="PASS" start="2024-04-01T06:18:25.003783" elapsed="0.000180"/>
</kw>
<for flavor="IN">
<iter>
<kw name="Dictionary Should Contain Key" owner="Collections">
<msg time="2024-04-01T06:18:25.004988" level="INFO">False</msg>
<arg>${json_data['results'][0]}</arg>
<arg>${key}</arg>
<doc>Fails if ``key`` is not found from ``dictionary``.</doc>
<status status="PASS" start="2024-04-01T06:18:25.004565" elapsed="0.000464"/>
</kw>
<kw name="Log" owner="BuiltIn">
<msg time="2024-04-01T06:18:25.005749" level="INFO">{'gender': 'female', 'name': {'title': 'Miss', 'first': 'Olga', 'last': 'Borojević'}, 'location': {'street': {'number': 5517, 'name': 'Porodice Stojić'}, 'city': 'Niš', 'state': 'Central Banat', 'country': 'Serbia', 'postcode': 49332, 'coordinates': {'latitude': '62.3662', 'longitude': '19.0558'}, 'timezone': {'offset': '+3:30', 'description': 'Tehran'}}, 'email': 'olga.borojevic@example.com', 'login': {'uuid': 'a1098b81-63c2-4d78-b8c5-895f89bac75f', 'username': 'goldenleopard611', 'password': 'senator', 'salt': 'nUj1CIEF', 'md5': '60c7dce0ab4ba2be1bea594bafc8cfce', 'sha1': 'da8930fed43f16b166b99fa3ce3e79cbb980f929', 'sha256': '0d5a76f5c745e186a7ccb558150c7739dff8aa26ad480cde5a65da9ebf6527d5'}, 'dob': {'date': '1963-12-13T01:48:17.926Z', 'age': 60}, 'registered': {'date': '2021-06-14T16:14:13.162Z', 'age': 2}, 'phone': '027-6743-909', 'cell': '067-2304-546', 'id': {'name': 'SID', 'value': '319244251'}, 'picture': {'large': 'https://randomuser.me/api/portraits/women/53.jpg', 'medium': 'https://randomuser.me/api/portraits/med/women/53.jpg', 'thumbnail': 'https://randomuser.me/api/portraits/thumb/women/53.jpg'}, 'nat': 'RS'}</msg>
<arg>${json_data['results'][0]}</arg>
<doc>Logs the given message with the given level.</doc>
<status status="PASS" start="2024-04-01T06:18:25.005342" elapsed="0.000465"/>
</kw>
<kw name="Log" owner="BuiltIn">
<msg time="2024-04-01T06:18:25.006288" level="INFO">gender</msg>
<arg>${key}</arg>
<doc>Logs the given message with the given level.</doc>
<status status="PASS" start="2024-04-01T06:18:25.006144" elapsed="0.000183"/>
</kw>
<var name="${key}">gender</var>
<status status="PASS" start="2024-04-01T06:18:25.004437" elapsed="0.002112"/>
</iter>
<iter>
<kw name="Dictionary Should Contain Key" owner="Collections">
<msg time="2024-04-01T06:18:25.007255" level="INFO">False</msg>
<arg>${json_data['results'][0]}</arg>
<arg>${key}</arg>
<doc>Fails if ``key`` is not found from ``dictionary``.</doc>
<status status="PASS" start="2024-04-01T06:18:25.006860" elapsed="0.000434"/>
</kw>
<kw name="Log" owner="BuiltIn">
<msg time="2024-04-01T06:18:25.007999" level="INFO">{'gender': 'female', 'name': {'title': 'Miss', 'first': 'Olga', 'last': 'Borojević'}, 'location': {'street': {'number': 5517, 'name': 'Porodice Stojić'}, 'city': 'Niš', 'state': 'Central Banat', 'country': 'Serbia', 'postcode': 49332, 'coordinates': {'latitude': '62.3662', 'longitude': '19.0558'}, 'timezone': {'offset': '+3:30', 'description': 'Tehran'}}, 'email': 'olga.borojevic@example.com', 'login': {'uuid': 'a1098b81-63c2-4d78-b8c5-895f89bac75f', 'username': 'goldenleopard611', 'password': 'senator', 'salt': 'nUj1CIEF', 'md5': '60c7dce0ab4ba2be1bea594bafc8cfce', 'sha1': 'da8930fed43f16b166b99fa3ce3e79cbb980f929', 'sha256': '0d5a76f5c745e186a7ccb558150c7739dff8aa26ad480cde5a65da9ebf6527d5'}, 'dob': {'date': '1963-12-13T01:48:17.926Z', 'age': 60}, 'registered': {'date': '2021-06-14T16:14:13.162Z', 'age': 2}, 'phone': '027-6743-909', 'cell': '067-2304-546', 'id': {'name': 'SID', 'value': '319244251'}, 'picture': {'large': 'https://randomuser.me/api/portraits/women/53.jpg', 'medium': 'https://randomuser.me/api/portraits/med/women/53.jpg', 'thumbnail': 'https://randomuser.me/api/portraits/thumb/women/53.jpg'}, 'nat': 'RS'}</msg>
<arg>${json_data['results'][0]}</arg>
<doc>Logs the given message with the given level.</doc>
<status status="PASS" start="2024-04-01T06:18:25.007631" elapsed="0.000420"/>
</kw>
<kw name="Log" owner="BuiltIn">
<msg time="2024-04-01T06:18:25.008518" level="INFO">name</msg>
<arg>${key}</arg>
<doc>Logs the given message with the given level.</doc>
<status status="PASS" start="2024-04-01T06:18:25.008378" elapsed="0.000179"/>
</kw>
<var name="${key}">name</var>
<status status="PASS" start="2024-04-01T06:18:25.006744" elapsed="0.002030"/>
</iter>
<iter>
<kw name="Dictionary Should Contain Key" owner="Collections">
<msg time="2024-04-01T06:18:25.009446" level="INFO">False</msg>
<arg>${json_data['results'][0]}</arg>
<arg>${key}</arg>
<doc>Fails if ``key`` is not found from ``dictionary``.</doc>
<status status="PASS" start="2024-04-01T06:18:25.009066" elapsed="0.000418"/>
</kw>
<kw name="Log" owner="BuiltIn">
<msg time="2024-04-01T06:18:25.010189" level="INFO">{'gender': 'female', 'name': {'title': 'Miss', 'first': 'Olga', 'last': 'Borojević'}, 'location': {'street': {'number': 5517, 'name': 'Porodice Stojić'}, 'city': 'Niš', 'state': 'Central Banat', 'country': 'Serbia', 'postcode': 49332, 'coordinates': {'latitude': '62.3662', 'longitude': '19.0558'}, 'timezone': {'offset': '+3:30', 'description': 'Tehran'}}, 'email': 'olga.borojevic@example.com', 'login': {'uuid': 'a1098b81-63c2-4d78-b8c5-895f89bac75f', 'username': 'goldenleopard611', 'password': 'senator', 'salt': 'nUj1CIEF', 'md5': '60c7dce0ab4ba2be1bea594bafc8cfce', 'sha1': 'da8930fed43f16b166b99fa3ce3e79cbb980f929', 'sha256': '0d5a76f5c745e186a7ccb558150c7739dff8aa26ad480cde5a65da9ebf6527d5'}, 'dob': {'date': '1963-12-13T01:48:17.926Z', 'age': 60}, 'registered': {'date': '2021-06-14T16:14:13.162Z', 'age': 2}, 'phone': '027-6743-909', 'cell': '067-2304-546', 'id': {'name': 'SID', 'value': '319244251'}, 'picture': {'large': 'https://randomuser.me/api/portraits/women/53.jpg', 'medium': 'https://randomuser.me/api/portraits/med/women/53.jpg', 'thumbnail': 'https://randomuser.me/api/portraits/thumb/women/53.jpg'}, 'nat': 'RS'}</msg>
<arg>${json_data['results'][0]}</arg>
<doc>Logs the given message with the given level.</doc>
<status status="PASS" start="2024-04-01T06:18:25.009786" elapsed="0.000460"/>
</kw>
<kw name="Log" owner="BuiltIn">
<msg time="2024-04-01T06:18:25.010673" level="INFO">location</msg>
<arg>${key}</arg>
<doc>Logs the given message with the given level.</doc>
<status status="PASS" start="2024-04-01T06:18:25.010545" elapsed="0.000167"/>
</kw>
<var name="${key}">location</var>
<status status="PASS" start="2024-04-01T06:18:25.008956" elapsed="0.002036"/>
</iter>
<iter>
<kw name="Dictionary Should Contain Key" owner="Collections">
<msg time="2024-04-01T06:18:25.012126" level="INFO">False</msg>
<arg>${json_data['results'][0]}</arg>
<arg>${key}</arg>
<doc>Fails if ``key`` is not found from ``dictionary``.</doc>
<status status="PASS" start="2024-04-01T06:18:25.011436" elapsed="0.000749"/>
</kw>
<kw name="Log" owner="BuiltIn">
<msg time="2024-04-01T06:18:25.013266" level="INFO">{'gender': 'female', 'name': {'title': 'Miss', 'first': 'Olga', 'last': 'Borojević'}, 'location': {'street': {'number': 5517, 'name': 'Porodice Stojić'}, 'city': 'Niš', 'state': 'Central Banat', 'country': 'Serbia', 'postcode': 49332, 'coordinates': {'latitude': '62.3662', 'longitude': '19.0558'}, 'timezone': {'offset': '+3:30', 'description': 'Tehran'}}, 'email': 'olga.borojevic@example.com', 'login': {'uuid': 'a1098b81-63c2-4d78-b8c5-895f89bac75f', 'username': 'goldenleopard611', 'password': 'senator', 'salt': 'nUj1CIEF', 'md5': '60c7dce0ab4ba2be1bea594bafc8cfce', 'sha1': 'da8930fed43f16b166b99fa3ce3e79cbb980f929', 'sha256': '0d5a76f5c745e186a7ccb558150c7739dff8aa26ad480cde5a65da9ebf6527d5'}, 'dob': {'date': '1963-12-13T01:48:17.926Z', 'age': 60}, 'registered': {'date': '2021-06-14T16:14:13.162Z', 'age': 2}, 'phone': '027-6743-909', 'cell': '067-2304-546', 'id': {'name': 'SID', 'value': '319244251'}, 'picture': {'large': 'https://randomuser.me/api/portraits/women/53.jpg', 'medium': 'https://randomuser.me/api/portraits/med/women/53.jpg', 'thumbnail': 'https://randomuser.me/api/portraits/thumb/women/53.jpg'}, 'nat': 'RS'}</msg>
<arg>${json_data['results'][0]}</arg>
<doc>Logs the given message with the given level.</doc>
<status status="PASS" start="2024-04-01T06:18:25.012649" elapsed="0.000701"/>
</kw>
<kw name="Log" owner="BuiltIn">
<msg time="2024-04-01T06:18:25.014013" level="INFO">email</msg>
<arg>${key}</arg>
<doc>Logs the given message with the given level.</doc>
<status status="PASS" start="2024-04-01T06:18:25.013808" elapsed="0.000298"/>
</kw>
<var name="${key}">email</var>
<status status="PASS" start="2024-04-01T06:18:25.011262" elapsed="0.003201"/>
</iter>
<iter>
<kw name="Dictionary Should Contain Key" owner="Collections">
<msg time="2024-04-01T06:18:25.015576" level="INFO">False</msg>
<arg>${json_data['results'][0]}</arg>
<arg>${key}</arg>
<doc>Fails if ``key`` is not found from ``dictionary``.</doc>
<status status="PASS" start="2024-04-01T06:18:25.014924" elapsed="0.000720"/>
</kw>
<kw name="Log" owner="BuiltIn">
<msg time="2024-04-01T06:18:25.016727" level="INFO">{'gender': 'female', 'name': {'title': 'Miss', 'first': 'Olga', 'last': 'Borojević'}, 'location': {'street': {'number': 5517, 'name': 'Porodice Stojić'}, 'city': 'Niš', 'state': 'Central Banat', 'country': 'Serbia', 'postcode': 49332, 'coordinates': {'latitude': '62.3662', 'longitude': '19.0558'}, 'timezone': {'offset': '+3:30', 'description': 'Tehran'}}, 'email': 'olga.borojevic@example.com', 'login': {'uuid': 'a1098b81-63c2-4d78-b8c5-895f89bac75f', 'username': 'goldenleopard611', 'password': 'senator', 'salt': 'nUj1CIEF', 'md5': '60c7dce0ab4ba2be1bea594bafc8cfce', 'sha1': 'da8930fed43f16b166b99fa3ce3e79cbb980f929', 'sha256': '0d5a76f5c745e186a7ccb558150c7739dff8aa26ad480cde5a65da9ebf6527d5'}, 'dob': {'date': '1963-12-13T01:48:17.926Z', 'age': 60}, 'registered': {'date': '2021-06-14T16:14:13.162Z', 'age': 2}, 'phone': '027-6743-909', 'cell': '067-2304-546', 'id': {'name': 'SID', 'value': '319244251'}, 'picture': {'large': 'https://randomuser.me/api/portraits/women/53.jpg', 'medium': 'https://randomuser.me/api/portraits/med/women/53.jpg', 'thumbnail': 'https://randomuser.me/api/portraits/thumb/women/53.jpg'}, 'nat': 'RS'}</msg>
<arg>${json_data['results'][0]}</arg>
<doc>Logs the given message with the given level.</doc>
<status status="PASS" start="2024-04-01T06:18:25.016125" elapsed="0.000688"/>
</kw>
<kw name="Log" owner="BuiltIn">
<msg time="2024-04-01T06:18:25.017340" level="INFO">login</msg>
<arg>${key}</arg>
<doc>Logs the given message with the given level.</doc>
<status status="PASS" start="2024-04-01T06:18:25.017201" elapsed="0.000294"/>
</kw>
<var name="${key}">login</var>
<status status="PASS" start="2024-04-01T06:18:25.014733" elapsed="0.003001"/>
</iter>
<var>${key}</var>
<value>@{expected_keys}</value>
<status status="PASS" start="2024-04-01T06:18:25.004235" elapsed="0.013652"/>
</for>
<kw name="Create List" owner="BuiltIn">
<msg time="2024-04-01T06:18:25.018278" level="INFO">${expected_keysTwo} = ['username', 'password']</msg>
<var>${expected_keysTwo}</var>
<arg>username</arg>
<arg>password</arg>
<doc>Returns a list containing given items.</doc>
<status status="PASS" start="2024-04-01T06:18:25.018123" elapsed="0.000180"/>
</kw>
<for flavor="IN">
<iter>
<kw name="Dictionary Should Contain Key" owner="Collections">
<msg time="2024-04-01T06:18:25.019233" level="INFO">False</msg>
<arg>${json_data['results'][0]['login']}</arg>
<arg>${keyTwo}</arg>
<doc>Fails if ``key`` is not found from ``dictionary``.</doc>
<status status="PASS" start="2024-04-01T06:18:25.018823" elapsed="0.000449"/>
</kw>
<kw name="Dictionary Should Contain Key" owner="Collections">
<msg time="2024-04-01T06:18:25.019966" level="INFO">False</msg>
<arg>${json_data['results'][0]['login']}</arg>
<arg>${keyTwo}</arg>
<doc>Fails if ``key`` is not found from ``dictionary``.</doc>
<status status="PASS" start="2024-04-01T06:18:25.019577" elapsed="0.000428"/>
</kw>
<kw name="Log" owner="BuiltIn">
<msg time="2024-04-01T06:18:25.020436" level="INFO">username</msg>
<arg>${keyTwo}</arg>
<doc>Logs the given message with the given level.</doc>
<status status="PASS" start="2024-04-01T06:18:25.020304" elapsed="0.000170"/>
</kw>
<var name="${keyTwo}">username</var>
<status status="PASS" start="2024-04-01T06:18:25.018710" elapsed="0.001984"/>
</iter>
<iter>
<kw name="Dictionary Should Contain Key" owner="Collections">
<msg time="2024-04-01T06:18:25.021365" level="INFO">False</msg>
<arg>${json_data['results'][0]['login']}</arg>
<arg>${keyTwo}</arg>
<doc>Fails if ``key`` is not found from ``dictionary``.</doc>
<status status="PASS" start="2024-04-01T06:18:25.020983" elapsed="0.000420"/>
</kw>
<kw name="Dictionary Should Contain Key" owner="Collections">
<msg time="2024-04-01T06:18:25.022115" level="INFO">False</msg>
<arg>${json_data['results'][0]['login']}</arg>
<arg>${keyTwo}</arg>
<doc>Fails if ``key`` is not found from ``dictionary``.</doc>
<status status="PASS" start="2024-04-01T06:18:25.021696" elapsed="0.000465"/>
</kw>
<kw name="Log" owner="BuiltIn">
<msg time="2024-04-01T06:18:25.022592" level="INFO">password</msg>
<arg>${keyTwo}</arg>
<doc>Logs the given message with the given level.</doc>
<status status="PASS" start="2024-04-01T06:18:25.022463" elapsed="0.000168"/>
</kw>
<var name="${keyTwo}">password</var>
<status status="PASS" start="2024-04-01T06:18:25.020872" elapsed="0.001977"/>
</iter>
<var>${keyTwo}</var>
<value>@{expected_keysTwo}</value>
<status status="PASS" start="2024-04-01T06:18:25.018551" elapsed="0.004423"/>
</for>
<status status="PASS" start="2024-04-01T06:18:24.904760" elapsed="0.118361"/>
</kw>
<doc>Testa a estrutura da resposta da API.</doc>
<tag>testeEstruturaResposta</tag>
<status status="PASS" start="2024-04-01T06:18:24.903756" elapsed="0.119536"/>
</test>
<test id="s1-s1-t4" name="Validar tipos de dados" line="28">
<kw name="Teste de Tipos de Dados" owner="random-user-service">
<kw name="GET On Session" owner="RequestsLibrary">
<msg time="2024-04-01T06:18:25.113702" level="INFO">GET Request : url=https://randomuser.me/api 
 path_url=/api 
 headers={'User-Agent': 'python-requests/2.31.0', 'Accept-Encoding': 'gzip, deflate', 'Accept': '*/*', 'Connection': 'keep-alive'} 
 body=None 
 </msg>
<msg time="2024-04-01T06:18:25.113799" level="INFO">GET Response : url=https://randomuser.me/api 
 status=200, reason=OK 
 headers={'Date': 'Mon, 01 Apr 2024 06:18:25 GMT', 'Content-Type': 'application/json; charset=utf-8', 'Transfer-Encoding': 'chunked', 'Connection': 'keep-alive', 'X-Powered-By': 'Express', 'Access-Control-Allow-Origin': '*', 'Cache-Control': 'no-cache', 'ETag': 'W/"48b-ahfrbLFUBljgQH+fjliegWJFD10"', 'Vary': 'Accept-Encoding', 'Content-Encoding': 'gzip', 'CF-Cache-Status': 'DYNAMIC', 'Report-To': '{"endpoints":[{"url":"https:\\/\\/a.nel.cloudflare.com\\/report\\/v4?s=dkrp707bsIvcY4Y7ygjoooc5c7sMqDfs5%2FyuZySEOeZBkuuSKRhZpEQ1Z3r%2B3X0zvlC5UpakaPazi2z2tUy2JLLfD8AiQ1jIxKpEj5YCHhyxZQ%2BfzU6P71XNi2PhaWPW"}],"group":"cf-nel","max_age":604800}', 'NEL': '{"success_fraction":0,"report_to":"cf-nel","max_age":604800}', 'Server': 'cloudflare', 'CF-RAY': '86d676326da3980b-SJC', 'alt-svc': 'h3=":443"; ma=86400'} 
 body={"results":[{"gender":"male","name":{"title":"Mr","first":"Johan","last":"Colin"},"location":{"street":{"number":2228,"name":"Place de L'Europe"},"city":"Aubervilliers","state":"Aube","country":"France","postcode":57909,"coordinates":{"latitude":"-19.0384","longitude":"-111.0758"},"timezone":{"offset":"+2:00","description":"Kaliningrad, South Africa"}},"email":"johan.colin@example.com","login":{"uuid":"62833118-f8b6-46a1-a1bb-8602b59731f0","username":"redpanda601","password":"away","salt":"7IQzxOf4","md5":"06a42a0f095b0ad31b95604eca828688","sha1":"454c08e264406c6b6057ab8e0838ac7a165d3332","sha256":"5950d7837d9d9531af36c4ccc0ae1010f6dda5154d5515be71ac22148282d278"},"dob":{"date":"1969-01-14T13:42:08.139Z","age":55},"registered":{"date":"2003-01-15T03:10:40.482Z","age":21},"phone":"04-36-42-09-02","cell":"06-94-10-87-27","id":{"name":"INSEE","value":"1690073378834 78"},"picture":{"large":"https://randomuser.me/api/portraits/men/13.jpg","medium":"https://randomuser.me/api/portraits/med/men/13.jpg","thumbnail":"https://randomuser.me/api/portraits/thumb/men/13.jpg"},"nat":"FR"}],"info":{"seed":"a9ef32935bbdc132","results":1,"page":1,"version":"1.4"}} 
 </msg>
<msg time="2024-04-01T06:18:25.113885" level="INFO">/opt/hostedtoolcache/Python/3.12.2/x64/lib/python3.12/site-packages/urllib3/connectionpool.py:1103: InsecureRequestWarning: Unverified HTTPS request is being made to host 'randomuser.me'. Adding certificate verification is strongly advised. See: https://urllib3.readthedocs.io/en/latest/advanced-usage.html#tls-warnings
  warnings.warn(</msg>
<msg time="2024-04-01T06:18:25.114028" level="INFO">${response} = &lt;Response [200]&gt;</msg>
<var>${response}</var>
<arg>consultarAPI</arg>
<arg>/api</arg>
<doc>Sends a GET request on a previously created HTTP Session.</doc>
<status status="PASS" start="2024-04-01T06:18:25.025759" elapsed="0.088342"/>
</kw>
<kw name="Set Variable" owner="BuiltIn">
<msg time="2024-04-01T06:18:25.115298" level="INFO">${json_data} = {'results': [{'gender': 'male', 'name': {'title': 'Mr', 'first': 'Johan', 'last': 'Colin'}, 'location': {'street': {'number': 2228, 'name': "Place de L'Europe"}, 'city': 'Aubervilliers', 'state': 'Aub...</msg>
<var>${json_data}</var>
<arg>${response.json()}</arg>
<doc>Returns the given values which can then be assigned to a variables.</doc>
<status status="PASS" start="2024-04-01T06:18:25.114715" elapsed="0.000612"/>
</kw>
<kw name="Log" owner="BuiltIn">
<msg time="2024-04-01T06:18:25.115802" level="INFO">{'results': [{'gender': 'male', 'name': {'title': 'Mr', 'first': 'Johan', 'last': 'Colin'}, 'location': {'street': {'number': 2228, 'name': "Place de L'Europe"}, 'city': 'Aubervilliers', 'state': 'Aube', 'country': 'France', 'postcode': 57909, 'coordinates': {'latitude': '-19.0384', 'longitude': '-111.0758'}, 'timezone': {'offset': '+2:00', 'description': 'Kaliningrad, South Africa'}}, 'email': 'johan.colin@example.com', 'login': {'uuid': '62833118-f8b6-46a1-a1bb-8602b59731f0', 'username': 'redpanda601', 'password': 'away', 'salt': '7IQzxOf4', 'md5': '06a42a0f095b0ad31b95604eca828688', 'sha1': '454c08e264406c6b6057ab8e0838ac7a165d3332', 'sha256': '5950d7837d9d9531af36c4ccc0ae1010f6dda5154d5515be71ac22148282d278'}, 'dob': {'date': '1969-01-14T13:42:08.139Z', 'age': 55}, 'registered': {'date': '2003-01-15T03:10:40.482Z', 'age': 21}, 'phone': '04-36-42-09-02', 'cell': '06-94-10-87-27', 'id': {'name': 'INSEE', 'value': '1690073378834 78'}, 'picture': {'large': 'https://randomuser.me/api/portraits/men/13.jpg', 'medium': 'https://randomuser.me/api/portraits/med/men/13.jpg', 'thumbnail': 'https://randomuser.me/api/portraits/thumb/men/13.jpg'}, 'nat': 'FR'}], 'info': {'seed': 'a9ef32935bbdc132', 'results': 1, 'page': 1, 'version': '1.4'}}</msg>
<arg>${json_data}</arg>
<doc>Logs the given message with the given level.</doc>
<status status="PASS" start="2024-04-01T06:18:25.115646" elapsed="0.000238"/>
</kw>
<kw name="Should Be String" owner="String">
<arg>${json_data['results'][0]['gender']}</arg>
<doc>Fails if the given ``item`` is not a string.</doc>
<status status="PASS" start="2024-04-01T06:18:25.116183" elapsed="0.000365"/>
</kw>
<kw name="Should Match Regexp" owner="BuiltIn">
<arg>${json_data['results'][0]['email']}</arg>
<arg>^[a-zA-Z0-9._%+-]+@[a-zA-Z0-9.-]+\.[a-zA-Z]{2,}$</arg>
<doc>Fails if ``string`` does not match ``pattern`` as a regular expression.</doc>
<status status="PASS" start="2024-04-01T06:18:25.116742" elapsed="0.000520"/>
</kw>
<kw name="Should Match Regexp" owner="BuiltIn">
<arg>${json_data['results'][0]['dob']['date']}</arg>
<arg>\\d{4}-\\d{2}-\\d{2}T\\d{2}:\\d{2}:\\d{2}\\.\\d{3}Z</arg>
<doc>Fails if ``string`` does not match ``pattern`` as a regular expression.</doc>
<status status="PASS" start="2024-04-01T06:18:25.117460" elapsed="0.000496"/>
</kw>
<kw name="Should Match Regexp" owner="BuiltIn">
<arg>${json_data['results'][0]['registered']['date']}</arg>
<arg>\\d{4}-\\d{2}-\\d{2}T\\d{2}:\\d{2}:\\d{2}\\.\\d{3}Z</arg>
<doc>Fails if ``string`` does not match ``pattern`` as a regular expression.</doc>
<status status="PASS" start="2024-04-01T06:18:25.118190" elapsed="0.000394"/>
</kw>
<kw name="Should Match Regexp" owner="BuiltIn">
<arg>${json_data['results'][0]['picture']['large']}</arg>
<arg>^https?://.*\.(?:png|jpe?g|gif|bmp)$</arg>
<doc>Fails if ``string`` does not match ``pattern`` as a regular expression.</doc>
<status status="PASS" start="2024-04-01T06:18:25.118773" elapsed="0.000472"/>
</kw>
<kw name="Should Match Regexp" owner="BuiltIn">
<arg>${json_data['results'][0]['picture']['medium']}</arg>
<arg>^https?://.*\.(?:png|jpe?g|gif|bmp)$</arg>
<doc>Fails if ``string`` does not match ``pattern`` as a regular expression.</doc>
<status status="PASS" start="2024-04-01T06:18:25.119434" elapsed="0.000357"/>
</kw>
<kw name="Should Match Regexp" owner="BuiltIn">
<arg>${json_data['results'][0]['picture']['thumbnail']}</arg>
<arg>^https?://.*\.(?:png|jpe?g|gif|bmp)$</arg>
<doc>Fails if ``string`` does not match ``pattern`` as a regular expression.</doc>
<status status="PASS" start="2024-04-01T06:18:25.119976" elapsed="0.000352"/>
</kw>
<kw name="Log" owner="BuiltIn">
<msg time="2024-04-01T06:18:25.120825" level="INFO">{'large': 'https://randomuser.me/api/portraits/men/13.jpg', 'medium': 'https://randomuser.me/api/portraits/med/men/13.jpg', 'thumbnail': 'https://randomuser.me/api/portraits/thumb/men/13.jpg'}</msg>
<arg>${json_data['results'][0]['picture']}</arg>
<doc>Logs the given message with the given level.</doc>
<status status="PASS" start="2024-04-01T06:18:25.120508" elapsed="0.000364"/>
</kw>
<status status="PASS" start="2024-04-01T06:18:25.025529" elapsed="0.095598"/>
</kw>
<kw name="Teste de Tipos de Dados - Postcode" owner="random-user-service">
<kw name="GET On Session" owner="RequestsLibrary">
<msg time="2024-04-01T06:18:25.214327" level="INFO">GET Request : url=https://randomuser.me/api 
 path_url=/api 
 headers={'User-Agent': 'python-requests/2.31.0', 'Accept-Encoding': 'gzip, deflate', 'Accept': '*/*', 'Connection': 'keep-alive'} 
 body=None 
 </msg>
<msg time="2024-04-01T06:18:25.214435" level="INFO">GET Response : url=https://randomuser.me/api 
 status=200, reason=OK 
 headers={'Date': 'Mon, 01 Apr 2024 06:18:25 GMT', 'Content-Type': 'application/json; charset=utf-8', 'Transfer-Encoding': 'chunked', 'Connection': 'keep-alive', 'X-Powered-By': 'Express', 'Access-Control-Allow-Origin': '*', 'Cache-Control': 'no-cache', 'ETag': 'W/"491-85YwOJKiFB4r5U/mhPVQPO1uNP8"', 'Vary': 'Accept-Encoding', 'Content-Encoding': 'gzip', 'CF-Cache-Status': 'DYNAMIC', 'Report-To': '{"endpoints":[{"url":"https:\\/\\/a.nel.cloudflare.com\\/report\\/v4?s=8wOZZ2bC7jJeLSrvLS4q%2BeCOZIEW03Y7QHFkSeW5fTrZF%2FZ7EpqJGtYlVhdrG10wKJkVShRt9gTS5J5cN%2FMNEKz1oMfk8Iqgy%2BOnzMayasNd2IimLEIdlsDkOOccrD3B"}],"group":"cf-nel","max_age":604800}', 'NEL': '{"success_fraction":0,"report_to":"cf-nel","max_age":604800}', 'Server': 'cloudflare', 'CF-RAY': '86d676330e08980b-SJC', 'alt-svc': 'h3=":443"; ma=86400'} 
 body={"results":[{"gender":"female","name":{"title":"Ms","first":"Harshitha","last":"Kouser"},"location":{"street":{"number":3555,"name":"Kazimar St"},"city":"Siwan","state":"Goa","country":"India","postcode":39312,"coordinates":{"latitude":"10.3669","longitude":"57.7130"},"timezone":{"offset":"+9:00","description":"Tokyo, Seoul, Osaka, Sapporo, Yakutsk"}},"email":"harshitha.kouser@example.com","login":{"uuid":"37fe56d4-5c96-4d2b-87b8-02e77992fc5d","username":"lazybear234","password":"pornographic","salt":"WJxZhSrB","md5":"f8b0da83f69a10d73902187f2312cde6","sha1":"dd2a89615263a3a42cce4bc96931105fba7a4049","sha256":"344d1c798b19841b0f42d3a60edc0767e01a83a00a2aa2e2dade4b81df395adf"},"dob":{"date":"1995-01-18T17:21:13.751Z","age":29},"registered":{"date":"2011-05-10T13:23:55.333Z","age":12},"phone":"8619838764","cell":"8767279120","id":{"name":"UIDAI","value":"628192802093"},"picture":{"large":"https://randomuser.me/api/portraits/women/43.jpg","medium":"https://randomuser.me/api/portraits/med/women/43.jpg","thumbnail":"https://randomuser.me/api/portraits/thumb/women/43.jpg"},"nat":"IN"}],"info":{"seed":"ac79ce114964ac86","results":1,"page":1,"version":"1.4"}} 
 </msg>
<msg time="2024-04-01T06:18:25.214519" level="INFO">/opt/hostedtoolcache/Python/3.12.2/x64/lib/python3.12/site-packages/urllib3/connectionpool.py:1103: InsecureRequestWarning: Unverified HTTPS request is being made to host 'randomuser.me'. Adding certificate verification is strongly advised. See: https://urllib3.readthedocs.io/en/latest/advanced-usage.html#tls-warnings
  warnings.warn(</msg>
<msg time="2024-04-01T06:18:25.214644" level="INFO">${response} = &lt;Response [200]&gt;</msg>
<var>${response}</var>
<arg>consultarAPI</arg>
<arg>/api</arg>
<doc>Sends a GET request on a previously created HTTP Session.</doc>
<status status="PASS" start="2024-04-01T06:18:25.121727" elapsed="0.092964"/>
</kw>
<kw name="Set Variable" owner="BuiltIn">
<msg time="2024-04-01T06:18:25.215834" level="INFO">${json_data} = {'results': [{'gender': 'female', 'name': {'title': 'Ms', 'first': 'Harshitha', 'last': 'Kouser'}, 'location': {'street': {'number': 3555, 'name': 'Kazimar St'}, 'city': 'Siwan', 'state': 'Goa', 'coun...</msg>
<var>${json_data}</var>
<arg>${response.json()}</arg>
<doc>Returns the given values which can then be assigned to a variables.</doc>
<status status="PASS" start="2024-04-01T06:18:25.215290" elapsed="0.000571"/>
</kw>
<kw name="Log" owner="BuiltIn">
<msg time="2024-04-01T06:18:25.216342" level="INFO">{'results': [{'gender': 'female', 'name': {'title': 'Ms', 'first': 'Harshitha', 'last': 'Kouser'}, 'location': {'street': {'number': 3555, 'name': 'Kazimar St'}, 'city': 'Siwan', 'state': 'Goa', 'country': 'India', 'postcode': 39312, 'coordinates': {'latitude': '10.3669', 'longitude': '57.7130'}, 'timezone': {'offset': '+9:00', 'description': 'Tokyo, Seoul, Osaka, Sapporo, Yakutsk'}}, 'email': 'harshitha.kouser@example.com', 'login': {'uuid': '37fe56d4-5c96-4d2b-87b8-02e77992fc5d', 'username': 'lazybear234', 'password': 'pornographic', 'salt': 'WJxZhSrB', 'md5': 'f8b0da83f69a10d73902187f2312cde6', 'sha1': 'dd2a89615263a3a42cce4bc96931105fba7a4049', 'sha256': '344d1c798b19841b0f42d3a60edc0767e01a83a00a2aa2e2dade4b81df395adf'}, 'dob': {'date': '1995-01-18T17:21:13.751Z', 'age': 29}, 'registered': {'date': '2011-05-10T13:23:55.333Z', 'age': 12}, 'phone': '8619838764', 'cell': '8767279120', 'id': {'name': 'UIDAI', 'value': '628192802093'}, 'picture': {'large': 'https://randomuser.me/api/portraits/women/43.jpg', 'medium': 'https://randomuser.me/api/portraits/med/women/43.jpg', 'thumbnail': 'https://randomuser.me/api/portraits/thumb/women/43.jpg'}, 'nat': 'IN'}], 'info': {'seed': 'ac79ce114964ac86', 'results': 1, 'page': 1, 'version': '1.4'}}</msg>
<arg>${json_data}</arg>
<doc>Logs the given message with the given level.</doc>
<status status="PASS" start="2024-04-01T06:18:25.216191" elapsed="0.000232"/>
</kw>
<kw name="Should Be Equal As Numbers" owner="BuiltIn">
<arg>${json_data['results'][0]['location']['postcode']}</arg>
<arg>${json_data['results'][0]['location']['postcode']}</arg>
<doc>Fails if objects are unequal after converting them to real numbers.</doc>
<status status="PASS" start="2024-04-01T06:18:25.216723" elapsed="0.000628"/>
</kw>
<kw name="Log" owner="BuiltIn">
<msg time="2024-04-01T06:18:25.217883" level="INFO">39312</msg>
<arg>${json_data['results'][0]['location']['postcode']}</arg>
<doc>Logs the given message with the given level.</doc>
<status status="PASS" start="2024-04-01T06:18:25.217544" elapsed="0.000379"/>
</kw>
<status status="PASS" start="2024-04-01T06:18:25.121357" elapsed="0.096857"/>
</kw>
<doc>Testa se os tipos de dados na resposta da API estão corretos.</doc>
<tag>testeTiposDados</tag>
<status status="PASS" start="2024-04-01T06:18:25.025069" elapsed="0.193320"/>
</test>
<test id="s1-s1-t5" name="Validar conteudo" line="35">
<kw name="Teste de Tipos de Conteudo" owner="random-user-service">
<kw name="GET On Session" owner="RequestsLibrary">
<msg time="2024-04-01T06:18:25.310689" level="INFO">GET Request : url=https://randomuser.me/api 
 path_url=/api 
 headers={'User-Agent': 'python-requests/2.31.0', 'Accept-Encoding': 'gzip, deflate', 'Accept': '*/*', 'Connection': 'keep-alive'} 
 body=None 
 </msg>
<msg time="2024-04-01T06:18:25.310797" level="INFO">GET Response : url=https://randomuser.me/api 
 status=200, reason=OK 
 headers={'Date': 'Mon, 01 Apr 2024 06:18:25 GMT', 'Content-Type': 'application/json; charset=utf-8', 'Transfer-Encoding': 'chunked', 'Connection': 'keep-alive', 'X-Powered-By': 'Express', 'Access-Control-Allow-Origin': '*', 'Cache-Control': 'no-cache', 'ETag': 'W/"470-yIS0WD32nW7Bh25iRfRjE3yq9ts"', 'Vary': 'Accept-Encoding', 'Content-Encoding': 'gzip', 'CF-Cache-Status': 'DYNAMIC', 'Report-To': '{"endpoints":[{"url":"https:\\/\\/a.nel.cloudflare.com\\/report\\/v4?s=LU0ja%2Byyt50BoyciLCnWe%2FfeR47ZJZ8vvKJAhIGsN1XEowOs1%2B7lEPx57NEtPKefWwoyehtsZGx8ZAr2wPuJyoL2iZM8fWbj8zk05KAzRt8E%2BlYV69Kg4QMG183JHATS"}],"group":"cf-nel","max_age":604800}', 'NEL': '{"success_fraction":0,"report_to":"cf-nel","max_age":604800}', 'Server': 'cloudflare', 'CF-RAY': '86d67633ae93980b-SJC', 'alt-svc': 'h3=":443"; ma=86400'} 
 body={"results":[{"gender":"female","name":{"title":"Mrs","first":"Amber","last":"Hall"},"location":{"street":{"number":4131,"name":"Pakowhai Road"},"city":"Wellington","state":"Southland","country":"New Zealand","postcode":18852,"coordinates":{"latitude":"55.6517","longitude":"139.9649"},"timezone":{"offset":"-10:00","description":"Hawaii"}},"email":"amber.hall@example.com","login":{"uuid":"03916aea-1098-4f4a-b710-de2481034656","username":"angryswan922","password":"bear1","salt":"bKH8sQTC","md5":"7b1ba634d710aafe365c467a85ff0112","sha1":"31d7d2e557f93b35999f23aa028cb03d50887a71","sha256":"7560763311b3a4e2d2f78b0058cfcf9d823c9b8076654876bd4c4ab7095fa5e1"},"dob":{"date":"1952-04-18T13:09:13.446Z","age":71},"registered":{"date":"2007-09-09T02:56:19.408Z","age":16},"phone":"(102)-243-3007","cell":"(042)-285-5497","id":{"name":"","value":null},"picture":{"large":"https://randomuser.me/api/portraits/women/48.jpg","medium":"https://randomuser.me/api/portraits/med/women/48.jpg","thumbnail":"https://randomuser.me/api/portraits/thumb/women/48.jpg"},"nat":"NZ"}],"info":{"seed":"620aecd4d60b34b9","results":1,"page":1,"version":"1.4"}} 
 </msg>
<msg time="2024-04-01T06:18:25.310862" level="INFO">/opt/hostedtoolcache/Python/3.12.2/x64/lib/python3.12/site-packages/urllib3/connectionpool.py:1103: InsecureRequestWarning: Unverified HTTPS request is being made to host 'randomuser.me'. Adding certificate verification is strongly advised. See: https://urllib3.readthedocs.io/en/latest/advanced-usage.html#tls-warnings
  warnings.warn(</msg>
<msg time="2024-04-01T06:18:25.310975" level="INFO">${response} = &lt;Response [200]&gt;</msg>
<var>${response}</var>
<arg>consultarAPI</arg>
<arg>/api</arg>
<doc>Sends a GET request on a previously created HTTP Session.</doc>
<status status="PASS" start="2024-04-01T06:18:25.220939" elapsed="0.090076"/>
</kw>
<kw name="Set Variable" owner="BuiltIn">
<msg time="2024-04-01T06:18:25.312137" level="INFO">${json_data} = {'results': [{'gender': 'female', 'name': {'title': 'Mrs', 'first': 'Amber', 'last': 'Hall'}, 'location': {'street': {'number': 4131, 'name': 'Pakowhai Road'}, 'city': 'Wellington', 'state': 'Southlan...</msg>
<var>${json_data}</var>
<arg>${response.json()}</arg>
<doc>Returns the given values which can then be assigned to a variables.</doc>
<status status="PASS" start="2024-04-01T06:18:25.311584" elapsed="0.000582"/>
</kw>
<kw name="Set Variable" owner="BuiltIn">
<msg time="2024-04-01T06:18:25.312860" level="INFO">${name_title} = Mrs</msg>
<var>${name_title}</var>
<arg>${json_data["results"][0]["name"]["title"]}</arg>
<doc>Returns the given values which can then be assigned to a variables.</doc>
<status status="PASS" start="2024-04-01T06:18:25.312472" elapsed="0.000413"/>
</kw>
<kw name="Create List" owner="BuiltIn">
<msg time="2024-04-01T06:18:25.313329" level="INFO">${allowed_titles} = ['Mr', 'Ms', 'Miss', 'Mrs', 'Madame', 'Monsieur']</msg>
<var>${allowed_titles}</var>
<arg>Mr</arg>
<arg>Ms</arg>
<arg>Miss</arg>
<arg>Mrs</arg>
<arg>Madame</arg>
<arg>Monsieur</arg>
<doc>Returns a list containing given items.</doc>
<status status="PASS" start="2024-04-01T06:18:25.313181" elapsed="0.000171"/>
</kw>
<kw name="List Should Contain Value" owner="Collections">
<msg time="2024-04-01T06:18:25.313828" level="INFO">False</msg>
<arg>${allowed_titles}</arg>
<arg>${name_title}</arg>
<doc>Fails if the ``value`` is not found from ``list``.</doc>
<status status="PASS" start="2024-04-01T06:18:25.313654" elapsed="0.000209"/>
</kw>
<kw name="Set Variable" owner="BuiltIn">
<msg time="2024-04-01T06:18:25.314569" level="INFO">${name_country} = NZ</msg>
<var>${name_country}</var>
<arg>${json_data["results"][0]["nat"]}</arg>
<doc>Returns the given values which can then be assigned to a variables.</doc>
<status status="PASS" start="2024-04-01T06:18:25.314190" elapsed="0.000404"/>
</kw>
<kw name="Create List" owner="BuiltIn">
<msg time="2024-04-01T06:18:25.315502" level="INFO">${list_country} = ['AD', 'AE', 'AF', 'AG', 'AI', 'AL', 'AM', 'AO', 'AQ', 'AR', 'AS', 'AT', 'AU', 'AW', 'AX', 'AZ', 'BA', 'BB', 'BD', 'BE', 'BF', 'BG', 'BH', 'BI', 'BJ', 'BL', 'BM', 'BN', 'BO', 'BQ', 'BR', 'BS', 'BT', '...</msg>
<var>${list_country}</var>
<arg>AD</arg>
<arg>AE</arg>
<arg>AF</arg>
<arg>AG</arg>
<arg>AI</arg>
<arg>AL</arg>
<arg>AM</arg>
<arg>AO</arg>
<arg>AQ</arg>
<arg>AR</arg>
<arg>AS</arg>
<arg>AT</arg>
<arg>AU</arg>
<arg>AW</arg>
<arg>AX</arg>
<arg>AZ</arg>
<arg>BA</arg>
<arg>BB</arg>
<arg>BD</arg>
<arg>BE</arg>
<arg>BF</arg>
<arg>BG</arg>
<arg>BH</arg>
<arg>BI</arg>
<arg>BJ</arg>
<arg>BL</arg>
<arg>BM</arg>
<arg>BN</arg>
<arg>BO</arg>
<arg>BQ</arg>
<arg>BR</arg>
<arg>BS</arg>
<arg>BT</arg>
<arg>BV</arg>
<arg>BW</arg>
<arg>BY</arg>
<arg>BZ</arg>
<arg>CA</arg>
<arg>CC</arg>
<arg>CD</arg>
<arg>CF</arg>
<arg>CG</arg>
<arg>CH</arg>
<arg>CI</arg>
<arg>CK</arg>
<arg>CL</arg>
<arg>CM</arg>
<arg>CN</arg>
<arg>CO</arg>
<arg>CR</arg>
<arg>CU</arg>
<arg>CV</arg>
<arg>CW</arg>
<arg>CX</arg>
<arg>CY</arg>
<arg>CZ</arg>
<arg>DE</arg>
<arg>DJ</arg>
<arg>DK</arg>
<arg>DM</arg>
<arg>DO</arg>
<arg>DZ</arg>
<arg>EC</arg>
<arg>EE</arg>
<arg>EG</arg>
<arg>EH</arg>
<arg>ER</arg>
<arg>ES</arg>
<arg>ET</arg>
<arg>FI</arg>
<arg>FJ</arg>
<arg>FK</arg>
<arg>FM</arg>
<arg>FO</arg>
<arg>FR</arg>
<arg>GA</arg>
<arg>GB</arg>
<arg>GD</arg>
<arg>GE</arg>
<arg>GF</arg>
<arg>GG</arg>
<arg>GH</arg>
<arg>GI</arg>
<arg>GL</arg>
<arg>GM</arg>
<arg>GN</arg>
<arg>GP</arg>
<arg>GQ</arg>
<arg>GR</arg>
<arg>GS</arg>
<arg>GT</arg>
<arg>GU</arg>
<arg>GW</arg>
<arg>GY</arg>
<arg>HK</arg>
<arg>HM</arg>
<arg>HN</arg>
<arg>HR</arg>
<arg>HT</arg>
<arg>HU</arg>
<arg>ID</arg>
<arg>IE</arg>
<arg>IL</arg>
<arg>IM</arg>
<arg>IN</arg>
<arg>IO</arg>
<arg>IQ</arg>
<arg>IR</arg>
<arg>IS</arg>
<arg>IT</arg>
<arg>JE</arg>
<arg>JM</arg>
<arg>JO</arg>
<arg>JP</arg>
<arg>KE</arg>
<arg>KG</arg>
<arg>KH</arg>
<arg>KI</arg>
<arg>KM</arg>
<arg>KN</arg>
<arg>KP</arg>
<arg>KR</arg>
<arg>KW</arg>
<arg>KY</arg>
<arg>KZ</arg>
<arg>LA</arg>
<arg>LB</arg>
<arg>LC</arg>
<arg>LI</arg>
<arg>LK</arg>
<arg>LR</arg>
<arg>LS</arg>
<arg>LT</arg>
<arg>LU</arg>
<arg>LV</arg>
<arg>LY</arg>
<arg>MA</arg>
<arg>MC</arg>
<arg>MD</arg>
<arg>ME</arg>
<arg>MF</arg>
<arg>MG</arg>
<arg>MH</arg>
<arg>MK</arg>
<arg>ML</arg>
<arg>MM</arg>
<arg>MN</arg>
<arg>MO</arg>
<arg>MP</arg>
<arg>MQ</arg>
<arg>MR</arg>
<arg>MS</arg>
<arg>MT</arg>
<arg>MU</arg>
<arg>MV</arg>
<arg>MW</arg>
<arg>MX</arg>
<arg>MY</arg>
<arg>MZ</arg>
<arg>NA</arg>
<arg>NC</arg>
<arg>NE</arg>
<arg>NF</arg>
<arg>NG</arg>
<arg>NI</arg>
<arg>NL</arg>
<arg>NO</arg>
<arg>NP</arg>
<arg>NR</arg>
<arg>NU</arg>
<arg>NZ</arg>
<arg>OM</arg>
<arg>PA</arg>
<arg>PE</arg>
<arg>PF</arg>
<arg>PG</arg>
<arg>PH</arg>
<arg>PK</arg>
<arg>PL</arg>
<arg>PM</arg>
<arg>PN</arg>
<arg>PR</arg>
<arg>PS</arg>
<arg>PT</arg>
<arg>PW</arg>
<arg>PY</arg>
<arg>QA</arg>
<arg>RE</arg>
<arg>RO</arg>
<arg>RS</arg>
<arg>RU</arg>
<arg>RW</arg>
<arg>SA</arg>
<arg>SB</arg>
<arg>SC</arg>
<arg>SD</arg>
<arg>SE</arg>
<arg>SG</arg>
<arg>SH</arg>
<arg>SI</arg>
<arg>SJ</arg>
<arg>SK</arg>
<arg>SL</arg>
<arg>SM</arg>
<arg>SN</arg>
<arg>SO</arg>
<arg>SR</arg>
<arg>SS</arg>
<arg>ST</arg>
<arg>SV</arg>
<arg>SX</arg>
<arg>SY</arg>
<arg>SZ</arg>
<arg>TC</arg>
<arg>TD</arg>
<arg>TF</arg>
<arg>TG</arg>
<arg>TH</arg>
<arg>TJ</arg>
<arg>TK</arg>
<arg>TL</arg>
<arg>TM</arg>
<arg>TN</arg>
<arg>TO</arg>
<arg>TR</arg>
<arg>TT</arg>
<arg>TV</arg>
<arg>TW</arg>
<arg>TZ</arg>
<arg>UA</arg>
<arg>UG</arg>
<arg>UM</arg>
<arg>US</arg>
<arg>UY</arg>
<arg>UZ</arg>
<arg>VA</arg>
<arg>VC</arg>
<arg>VE</arg>
<arg>VG</arg>
<arg>VI</arg>
<arg>VN</arg>
<arg>VU</arg>
<arg>WF</arg>
<arg>WS</arg>
<arg>XK</arg>
<arg>YE</arg>
<arg>YT</arg>
<arg>ZA</arg>
<arg>ZM</arg>
<arg>ZW</arg>
<doc>Returns a list containing given items.</doc>
<status status="PASS" start="2024-04-01T06:18:25.314902" elapsed="0.000626"/>
</kw>
<kw name="List Should Contain Value" owner="Collections">
<msg time="2024-04-01T06:18:25.316643" level="INFO">False</msg>
<arg>${list_country}</arg>
<arg>${name_country}</arg>
<doc>Fails if the ``value`` is not found from ``list``.</doc>
<status status="PASS" start="2024-04-01T06:18:25.316439" elapsed="0.000241"/>
</kw>
<kw name="Run Keyword If" owner="BuiltIn">
<kw name="Should Be True" owner="BuiltIn">
<arg>${True}</arg>
<doc>Fails if the given condition is not true.</doc>
<status status="PASS" start="2024-04-01T06:18:25.317747" elapsed="0.000145"/>
</kw>
<arg>${json_data["results"][0]["location"]["coordinates"]["latitude"]} &gt;= -90 and ${json_data["results"][0]["location"]["coordinates"]["latitude"]} &lt;= 90</arg>
<arg>Should Be True</arg>
<arg>${True}</arg>
<doc>Runs the given keyword with the given arguments, if ``condition`` is true.</doc>
<status status="PASS" start="2024-04-01T06:18:25.316993" elapsed="0.001027"/>
</kw>
<kw name="Run Keyword If" owner="BuiltIn">
<kw name="Should Be True" owner="BuiltIn">
<arg>${True}</arg>
<doc>Fails if the given condition is not true.</doc>
<status status="PASS" start="2024-04-01T06:18:25.318943" elapsed="0.000138"/>
</kw>
<arg>${json_data["results"][0]["location"]["coordinates"]["longitude"]} &gt;= -180 and ${json_data["results"][0]["location"]["coordinates"]["longitude"]} &lt;= 180</arg>
<arg>Should Be True</arg>
<arg>${True}</arg>
<doc>Runs the given keyword with the given arguments, if ``condition`` is true.</doc>
<status status="PASS" start="2024-04-01T06:18:25.318237" elapsed="0.000967"/>
</kw>
<status status="PASS" start="2024-04-01T06:18:25.220709" elapsed="0.098627"/>
</kw>
<doc>Testa o conteúdo específico dos campos retornados pela API.</doc>
<tag>testeConteudo</tag>
<status status="PASS" start="2024-04-01T06:18:25.220164" elapsed="0.099324"/>
</test>
<status status="PASS" start="2024-04-01T06:18:24.443377" elapsed="0.878078"/>
</suite>
<status status="PASS" start="2024-04-01T06:18:24.428875" elapsed="0.897926"/>
</suite>
<statistics>
<total>
<stat pass="5" fail="0" skip="0">All Tests</stat>
</total>
<tag>
<stat pass="1" fail="0" skip="0">testeConteudo</stat>
<stat pass="1" fail="0" skip="0">testeEstruturaResposta</stat>
<stat pass="1" fail="0" skip="0">testeRequisicaoBasica</stat>
<stat pass="1" fail="0" skip="0">testeTiposDados</stat>
</tag>
<suite>
<stat pass="5" fail="0" skip="0" id="s1" name="Tests">Tests</stat>
<stat pass="5" fail="0" skip="0" id="s1-s1" name="Random-User-Test">Tests.Random-User-Test</stat>
</suite>
</statistics>
<errors>
</errors>
</robot>
