<?xml version="1.0" encoding="UTF-8"?>
<robot generator="Robot 7.0.1 (Python 3.12.4 on linux)" generated="2024-06-19T19:12:54.372158" rpa="false" schemaversion="5">
<suite id="s1" name="Tests" source="/home/runner/work/ApiRandomUser/ApiRandomUser/RamdonUser/tests">
<suite id="s1-s1" name="Random-User-Test" source="/home/runner/work/ApiRandomUser/ApiRandomUser/RamdonUser/tests/random-user-test.robot">
<test id="s1-s1-t1" name="Conectar" line="13">
<kw name="Conectar API" owner="random-user-service">
<kw name="Create Session" owner="RequestsLibrary">
<msg time="2024-06-19T19:12:54.787119" level="INFO">Creating Session using : alias=consultarAPI, url=https://randomuser.me/, headers={},                     cookies={}, auth=None, timeout=None, proxies=None, verify=False,                     debug=0 </msg>
<arg>consultarAPI</arg>
<arg>${URL}</arg>
<doc>Create Session: create a HTTP session to a server</doc>
<status status="PASS" start="2024-06-19T19:12:54.786900" elapsed="0.000417"/>
</kw>
<status status="PASS" start="2024-06-19T19:12:54.785882" elapsed="0.001881"/>
</kw>
<status status="PASS" start="2024-06-19T19:12:54.785227" elapsed="0.002741"/>
</test>
<test id="s1-s1-t2" name="Validar retorno 200 e JSON Válido" line="16">
<kw name="Teste de Requisicao Basica" owner="random-user-service">
<kw name="GET On Session" owner="RequestsLibrary">
<msg time="2024-06-19T19:12:55.156008" level="INFO">GET Request : url=https://randomuser.me/api 
 path_url=/api 
 headers={'User-Agent': 'python-requests/2.32.3', 'Accept-Encoding': 'gzip, deflate', 'Accept': '*/*', 'Connection': 'keep-alive'} 
 body=None 
 </msg>
<msg time="2024-06-19T19:12:55.156158" level="INFO">GET Response : url=https://randomuser.me/api 
 status=200, reason=OK 
 headers={'Date': 'Wed, 19 Jun 2024 19:12:55 GMT', 'Content-Type': 'application/json; charset=utf-8', 'Transfer-Encoding': 'chunked', 'Connection': 'keep-alive', 'X-Powered-By': 'Express', 'Access-Control-Allow-Origin': '*', 'Cache-Control': 'no-cache', 'ETag': 'W/"488-XeJ6/Q7MtwiayI9/RZ/V81OL4YU"', 'Vary': 'Accept-Encoding', 'Content-Encoding': 'gzip', 'CF-Cache-Status': 'DYNAMIC', 'Report-To': '{"endpoints":[{"url":"https:\\/\\/a.nel.cloudflare.com\\/report\\/v4?s=EfVi96YZ4%2B%2BDyarlsEfRJlJATEKeK6LhILsUKh0uivO4etoVEAqX7lYVp44EGkUP8nleVlJEPVpawEI9tbmTHZ1GlltBtTma5vJRImQkuEnovV%2FFPxeQG%2Fyb8uVwEkEj"}],"group":"cf-nel","max_age":604800}', 'NEL': '{"success_fraction":0,"report_to":"cf-nel","max_age":604800}', 'Server': 'cloudflare', 'CF-RAY': '8965d556acab125b-ORD', 'alt-svc': 'h3=":443"; ma=86400'} 
 body={"results":[{"gender":"female","name":{"title":"Miss","first":"Ronja","last":"Makela"},"location":{"street":{"number":9076,"name":"Fredrikinkatu"},"city":"Saarijärvi","state":"Southern Savonia","country":"Finland","postcode":20492,"coordinates":{"latitude":"-27.3126","longitude":"59.2378"},"timezone":{"offset":"-10:00","description":"Hawaii"}},"email":"ronja.makela@example.com","login":{"uuid":"d811e2cc-1ff0-4a8b-9661-ee7fb05f2e8b","username":"bigtiger903","password":"gonzalez","salt":"89dOGTLy","md5":"82f7269c46204e6e3f3e26b1a455628c","sha1":"53328499a636029bd4cb63f11ae6b424158b1a3e","sha256":"e3c13c46d531c2adf13e9d803538723e1db7f8671a81d8a9a750870b86d7a57b"},"dob":{"date":"1972-07-25T04:24:57.638Z","age":51},"registered":{"date":"2021-07-21T11:48:41.463Z","age":2},"phone":"02-391-956","cell":"045-766-08-66","id":{"name":"HETU","value":"NaNNA490undefined"},"picture":{"large":"https://randomuser.me/api/portraits/women/67.jpg","medium":"https://randomuser.me/api/portraits/med/women/67.jpg","thumbnail":"https://randomuser.me/api/portraits/thumb/women/67.jpg"},"nat":"FI"}],"info":{"seed":"b6f1b366a6617f56","results":1,"page":1,"version":"1.4"}} 
 </msg>
<msg time="2024-06-19T19:12:55.156244" level="INFO">/opt/hostedtoolcache/Python/3.12.4/x64/lib/python3.12/site-packages/urllib3/connectionpool.py:1099: InsecureRequestWarning: Unverified HTTPS request is being made to host 'randomuser.me'. Adding certificate verification is strongly advised. See: https://urllib3.readthedocs.io/en/latest/advanced-usage.html#tls-warnings
  warnings.warn(</msg>
<msg time="2024-06-19T19:12:55.156413" level="INFO">${response} = &lt;Response [200]&gt;</msg>
<var>${response}</var>
<arg>consultarAPI</arg>
<arg>/api</arg>
<doc>Sends a GET request on a previously created HTTP Session.</doc>
<status status="PASS" start="2024-06-19T19:12:54.790656" elapsed="0.365801"/>
</kw>
<kw name="Should Be Equal As Numbers" owner="BuiltIn">
<msg time="2024-06-19T19:12:55.157587" level="INFO">Argument types are:
&lt;class 'int'&gt;
&lt;class 'str'&gt;</msg>
<arg>${response.status_code}</arg>
<arg>200</arg>
<doc>Fails if objects are unequal after converting them to real numbers.</doc>
<status status="PASS" start="2024-06-19T19:12:55.157006" elapsed="0.000670"/>
</kw>
<kw name="Log" owner="BuiltIn">
<msg time="2024-06-19T19:12:55.158632" level="INFO">200</msg>
<arg>${response.status_code}</arg>
<doc>Logs the given message with the given level.</doc>
<status status="PASS" start="2024-06-19T19:12:55.158183" elapsed="0.000492"/>
</kw>
<kw name="Set Variable" owner="BuiltIn">
<msg time="2024-06-19T19:12:55.159432" level="INFO">${json_data} = {'results': [{'gender': 'female', 'name': {'title': 'Miss', 'first': 'Ronja', 'last': 'Makela'}, 'location': {'street': {'number': 9076, 'name': 'Fredrikinkatu'}, 'city': 'Saarijärvi', 'state': 'South...</msg>
<var>${json_data}</var>
<arg>${response.json()}</arg>
<doc>Returns the given values which can then be assigned to a variables.</doc>
<status status="PASS" start="2024-06-19T19:12:55.158984" elapsed="0.000477"/>
</kw>
<kw name="Dictionary Should Contain Key" owner="Collections">
<arg>${json_data}</arg>
<arg>results</arg>
<doc>Fails if ``key`` is not found from ``dictionary``.</doc>
<status status="PASS" start="2024-06-19T19:12:55.159787" elapsed="0.000170"/>
</kw>
<status status="PASS" start="2024-06-19T19:12:54.790403" elapsed="0.369708"/>
</kw>
<doc>Testa se a API responde corretamente e retorna um objeto JSON válido.</doc>
<tag>testeRequisicaoBasica</tag>
<status status="PASS" start="2024-06-19T19:12:54.789870" elapsed="0.370412"/>
</test>
<test id="s1-s1-t3" name="Validar estrutura de resposta" line="22">
<kw name="Teste de Estrutura de Resposta" owner="random-user-service">
<kw name="GET On Session" owner="RequestsLibrary">
<msg time="2024-06-19T19:12:55.363067" level="INFO">GET Request : url=https://randomuser.me/api 
 path_url=/api 
 headers={'User-Agent': 'python-requests/2.32.3', 'Accept-Encoding': 'gzip, deflate', 'Accept': '*/*', 'Connection': 'keep-alive'} 
 body=None 
 </msg>
<msg time="2024-06-19T19:12:55.363169" level="INFO">GET Response : url=https://randomuser.me/api 
 status=200, reason=OK 
 headers={'Date': 'Wed, 19 Jun 2024 19:12:55 GMT', 'Content-Type': 'application/json; charset=utf-8', 'Transfer-Encoding': 'chunked', 'Connection': 'keep-alive', 'X-Powered-By': 'Express', 'Access-Control-Allow-Origin': '*', 'Cache-Control': 'no-cache', 'ETag': 'W/"493-yMGrcEfLvcrRk6Gge68ElFtEsz4"', 'Vary': 'Accept-Encoding', 'Content-Encoding': 'gzip', 'CF-Cache-Status': 'DYNAMIC', 'Report-To': '{"endpoints":[{"url":"https:\\/\\/a.nel.cloudflare.com\\/report\\/v4?s=aJx2renmK2pPt0dvOlWAoLdRQUJ9UIdGtS23SKDkbAYFMyllhjscXfFSQ0FqBMxaYHZM7oo%2F5s%2F7uCvsKG4cDjf3vFbtAh7ttIsjbCfoDi0jQ%2FmPwZvrTW2%2F1bPEhQxB"}],"group":"cf-nel","max_age":604800}', 'NEL': '{"success_fraction":0,"report_to":"cf-nel","max_age":604800}', 'Server': 'cloudflare', 'CF-RAY': '8965d558c81a125b-ORD', 'alt-svc': 'h3=":443"; ma=86400'} 
 body={"results":[{"gender":"female","name":{"title":"Miss","first":"Yasemin","last":"Alnıaçık"},"location":{"street":{"number":3422,"name":"Anafartalar Cd"},"city":"Karaman","state":"Amasya","country":"Turkey","postcode":23332,"coordinates":{"latitude":"72.4913","longitude":"1.5655"},"timezone":{"offset":"+3:00","description":"Baghdad, Riyadh, Moscow, St. Petersburg"}},"email":"yasemin.alniacik@example.com","login":{"uuid":"f10851d0-2fe9-4e28-959b-60e5b27da08f","username":"redgoose108","password":"moore","salt":"74L4iIgu","md5":"5ec370f41b9fa6e7bcc86406a7451001","sha1":"771219ac626347ea9c7d23aab821bfd9ebe769c5","sha256":"cae152fbbd12bdf52f83409abc96545f971ecc88baa8976472493c81ecae4373"},"dob":{"date":"1994-06-11T19:29:33.320Z","age":30},"registered":{"date":"2009-05-04T12:13:16.541Z","age":15},"phone":"(148)-605-9045","cell":"(561)-177-8914","id":{"name":"","value":null},"picture":{"large":"https://randomuser.me/api/portraits/women/68.jpg","medium":"https://randomuser.me/api/portraits/med/women/68.jpg","thumbnail":"https://randomuser.me/api/portraits/thumb/women/68.jpg"},"nat":"TR"}],"info":{"seed":"e287bdc15070466e","results":1,"page":1,"version":"1.4"}} 
 </msg>
<msg time="2024-06-19T19:12:55.363303" level="INFO">/opt/hostedtoolcache/Python/3.12.4/x64/lib/python3.12/site-packages/urllib3/connectionpool.py:1099: InsecureRequestWarning: Unverified HTTPS request is being made to host 'randomuser.me'. Adding certificate verification is strongly advised. See: https://urllib3.readthedocs.io/en/latest/advanced-usage.html#tls-warnings
  warnings.warn(</msg>
<msg time="2024-06-19T19:12:55.363435" level="INFO">${response} = &lt;Response [200]&gt;</msg>
<var>${response}</var>
<arg>consultarAPI</arg>
<arg>/api</arg>
<doc>Sends a GET request on a previously created HTTP Session.</doc>
<status status="PASS" start="2024-06-19T19:12:55.163231" elapsed="0.200246"/>
</kw>
<kw name="Set Variable" owner="BuiltIn">
<msg time="2024-06-19T19:12:55.364703" level="INFO">${json_data} = {'results': [{'gender': 'female', 'name': {'title': 'Miss', 'first': 'Yasemin', 'last': 'Alnıaçık'}, 'location': {'street': {'number': 3422, 'name': 'Anafartalar Cd'}, 'city': 'Karaman', 'state': 'Ama...</msg>
<var>${json_data}</var>
<arg>${response.json()}</arg>
<doc>Returns the given values which can then be assigned to a variables.</doc>
<status status="PASS" start="2024-06-19T19:12:55.364114" elapsed="0.000620"/>
</kw>
<kw name="Log" owner="BuiltIn">
<msg time="2024-06-19T19:12:55.365221" level="INFO">{'results': [{'gender': 'female', 'name': {'title': 'Miss', 'first': 'Yasemin', 'last': 'Alnıaçık'}, 'location': {'street': {'number': 3422, 'name': 'Anafartalar Cd'}, 'city': 'Karaman', 'state': 'Amasya', 'country': 'Turkey', 'postcode': 23332, 'coordinates': {'latitude': '72.4913', 'longitude': '1.5655'}, 'timezone': {'offset': '+3:00', 'description': 'Baghdad, Riyadh, Moscow, St. Petersburg'}}, 'email': 'yasemin.alniacik@example.com', 'login': {'uuid': 'f10851d0-2fe9-4e28-959b-60e5b27da08f', 'username': 'redgoose108', 'password': 'moore', 'salt': '74L4iIgu', 'md5': '5ec370f41b9fa6e7bcc86406a7451001', 'sha1': '771219ac626347ea9c7d23aab821bfd9ebe769c5', 'sha256': 'cae152fbbd12bdf52f83409abc96545f971ecc88baa8976472493c81ecae4373'}, 'dob': {'date': '1994-06-11T19:29:33.320Z', 'age': 30}, 'registered': {'date': '2009-05-04T12:13:16.541Z', 'age': 15}, 'phone': '(148)-605-9045', 'cell': '(561)-177-8914', 'id': {'name': '', 'value': None}, 'picture': {'large': 'https://randomuser.me/api/portraits/women/68.jpg', 'medium': 'https://randomuser.me/api/portraits/med/women/68.jpg', 'thumbnail': 'https://randomuser.me/api/portraits/thumb/women/68.jpg'}, 'nat': 'TR'}], 'info': {'seed': 'e287bdc15070466e', 'results': 1, 'page': 1, 'version': '1.4'}}</msg>
<arg>${json_data}</arg>
<doc>Logs the given message with the given level.</doc>
<status status="PASS" start="2024-06-19T19:12:55.365050" elapsed="0.000223"/>
</kw>
<kw name="Dictionary Should Contain Key" owner="Collections">
<arg>${json_data}</arg>
<arg>results</arg>
<doc>Fails if ``key`` is not found from ``dictionary``.</doc>
<status status="PASS" start="2024-06-19T19:12:55.365569" elapsed="0.000160"/>
</kw>
<kw name="Should Not Be Empty" owner="BuiltIn">
<msg time="2024-06-19T19:12:55.366034" level="INFO">Length is 2.</msg>
<arg>${json_data}</arg>
<doc>Verifies that the given item is not empty.</doc>
<status status="PASS" start="2024-06-19T19:12:55.365909" elapsed="0.000163"/>
</kw>
<kw name="Create List" owner="BuiltIn">
<msg time="2024-06-19T19:12:55.366672" level="INFO">${expected_keys} = ['gender', 'name', 'location', 'email', 'login']</msg>
<var>${expected_keys}</var>
<arg>gender</arg>
<arg>name</arg>
<arg>location</arg>
<arg>email</arg>
<arg>login</arg>
<doc>Returns a list containing given items.</doc>
<status status="PASS" start="2024-06-19T19:12:55.366358" elapsed="0.000340"/>
</kw>
<for flavor="IN">
<iter>
<kw name="Dictionary Should Contain Key" owner="Collections">
<arg>${json_data['results'][0]}</arg>
<arg>${key}</arg>
<doc>Fails if ``key`` is not found from ``dictionary``.</doc>
<status status="PASS" start="2024-06-19T19:12:55.367304" elapsed="0.000447"/>
</kw>
<kw name="Log" owner="BuiltIn">
<msg time="2024-06-19T19:12:55.368312" level="INFO">{'gender': 'female', 'name': {'title': 'Miss', 'first': 'Yasemin', 'last': 'Alnıaçık'}, 'location': {'street': {'number': 3422, 'name': 'Anafartalar Cd'}, 'city': 'Karaman', 'state': 'Amasya', 'country': 'Turkey', 'postcode': 23332, 'coordinates': {'latitude': '72.4913', 'longitude': '1.5655'}, 'timezone': {'offset': '+3:00', 'description': 'Baghdad, Riyadh, Moscow, St. Petersburg'}}, 'email': 'yasemin.alniacik@example.com', 'login': {'uuid': 'f10851d0-2fe9-4e28-959b-60e5b27da08f', 'username': 'redgoose108', 'password': 'moore', 'salt': '74L4iIgu', 'md5': '5ec370f41b9fa6e7bcc86406a7451001', 'sha1': '771219ac626347ea9c7d23aab821bfd9ebe769c5', 'sha256': 'cae152fbbd12bdf52f83409abc96545f971ecc88baa8976472493c81ecae4373'}, 'dob': {'date': '1994-06-11T19:29:33.320Z', 'age': 30}, 'registered': {'date': '2009-05-04T12:13:16.541Z', 'age': 15}, 'phone': '(148)-605-9045', 'cell': '(561)-177-8914', 'id': {'name': '', 'value': None}, 'picture': {'large': 'https://randomuser.me/api/portraits/women/68.jpg', 'medium': 'https://randomuser.me/api/portraits/med/women/68.jpg', 'thumbnail': 'https://randomuser.me/api/portraits/thumb/women/68.jpg'}, 'nat': 'TR'}</msg>
<arg>${json_data['results'][0]}</arg>
<doc>Logs the given message with the given level.</doc>
<status status="PASS" start="2024-06-19T19:12:55.367950" elapsed="0.000414"/>
</kw>
<kw name="Log" owner="BuiltIn">
<msg time="2024-06-19T19:12:55.368797" level="INFO">gender</msg>
<arg>${key}</arg>
<doc>Logs the given message with the given level.</doc>
<status status="PASS" start="2024-06-19T19:12:55.368667" elapsed="0.000168"/>
</kw>
<var name="${key}">gender</var>
<status status="PASS" start="2024-06-19T19:12:55.367180" elapsed="0.001870"/>
</iter>
<iter>
<kw name="Dictionary Should Contain Key" owner="Collections">
<arg>${json_data['results'][0]}</arg>
<arg>${key}</arg>
<doc>Fails if ``key`` is not found from ``dictionary``.</doc>
<status status="PASS" start="2024-06-19T19:12:55.369341" elapsed="0.000392"/>
</kw>
<kw name="Log" owner="BuiltIn">
<msg time="2024-06-19T19:12:55.370271" level="INFO">{'gender': 'female', 'name': {'title': 'Miss', 'first': 'Yasemin', 'last': 'Alnıaçık'}, 'location': {'street': {'number': 3422, 'name': 'Anafartalar Cd'}, 'city': 'Karaman', 'state': 'Amasya', 'country': 'Turkey', 'postcode': 23332, 'coordinates': {'latitude': '72.4913', 'longitude': '1.5655'}, 'timezone': {'offset': '+3:00', 'description': 'Baghdad, Riyadh, Moscow, St. Petersburg'}}, 'email': 'yasemin.alniacik@example.com', 'login': {'uuid': 'f10851d0-2fe9-4e28-959b-60e5b27da08f', 'username': 'redgoose108', 'password': 'moore', 'salt': '74L4iIgu', 'md5': '5ec370f41b9fa6e7bcc86406a7451001', 'sha1': '771219ac626347ea9c7d23aab821bfd9ebe769c5', 'sha256': 'cae152fbbd12bdf52f83409abc96545f971ecc88baa8976472493c81ecae4373'}, 'dob': {'date': '1994-06-11T19:29:33.320Z', 'age': 30}, 'registered': {'date': '2009-05-04T12:13:16.541Z', 'age': 15}, 'phone': '(148)-605-9045', 'cell': '(561)-177-8914', 'id': {'name': '', 'value': None}, 'picture': {'large': 'https://randomuser.me/api/portraits/women/68.jpg', 'medium': 'https://randomuser.me/api/portraits/med/women/68.jpg', 'thumbnail': 'https://randomuser.me/api/portraits/thumb/women/68.jpg'}, 'nat': 'TR'}</msg>
<arg>${json_data['results'][0]}</arg>
<doc>Logs the given message with the given level.</doc>
<status status="PASS" start="2024-06-19T19:12:55.369915" elapsed="0.000438"/>
</kw>
<kw name="Log" owner="BuiltIn">
<msg time="2024-06-19T19:12:55.370786" level="INFO">name</msg>
<arg>${key}</arg>
<doc>Logs the given message with the given level.</doc>
<status status="PASS" start="2024-06-19T19:12:55.370649" elapsed="0.000174"/>
</kw>
<var name="${key}">name</var>
<status status="PASS" start="2024-06-19T19:12:55.369231" elapsed="0.001814"/>
</iter>
<iter>
<kw name="Dictionary Should Contain Key" owner="Collections">
<arg>${json_data['results'][0]}</arg>
<arg>${key}</arg>
<doc>Fails if ``key`` is not found from ``dictionary``.</doc>
<status status="PASS" start="2024-06-19T19:12:55.371324" elapsed="0.000413"/>
</kw>
<kw name="Log" owner="BuiltIn">
<msg time="2024-06-19T19:12:55.372275" level="INFO">{'gender': 'female', 'name': {'title': 'Miss', 'first': 'Yasemin', 'last': 'Alnıaçık'}, 'location': {'street': {'number': 3422, 'name': 'Anafartalar Cd'}, 'city': 'Karaman', 'state': 'Amasya', 'country': 'Turkey', 'postcode': 23332, 'coordinates': {'latitude': '72.4913', 'longitude': '1.5655'}, 'timezone': {'offset': '+3:00', 'description': 'Baghdad, Riyadh, Moscow, St. Petersburg'}}, 'email': 'yasemin.alniacik@example.com', 'login': {'uuid': 'f10851d0-2fe9-4e28-959b-60e5b27da08f', 'username': 'redgoose108', 'password': 'moore', 'salt': '74L4iIgu', 'md5': '5ec370f41b9fa6e7bcc86406a7451001', 'sha1': '771219ac626347ea9c7d23aab821bfd9ebe769c5', 'sha256': 'cae152fbbd12bdf52f83409abc96545f971ecc88baa8976472493c81ecae4373'}, 'dob': {'date': '1994-06-11T19:29:33.320Z', 'age': 30}, 'registered': {'date': '2009-05-04T12:13:16.541Z', 'age': 15}, 'phone': '(148)-605-9045', 'cell': '(561)-177-8914', 'id': {'name': '', 'value': None}, 'picture': {'large': 'https://randomuser.me/api/portraits/women/68.jpg', 'medium': 'https://randomuser.me/api/portraits/med/women/68.jpg', 'thumbnail': 'https://randomuser.me/api/portraits/thumb/women/68.jpg'}, 'nat': 'TR'}</msg>
<arg>${json_data['results'][0]}</arg>
<doc>Logs the given message with the given level.</doc>
<status status="PASS" start="2024-06-19T19:12:55.371918" elapsed="0.000406"/>
</kw>
<kw name="Log" owner="BuiltIn">
<msg time="2024-06-19T19:12:55.372743" level="INFO">location</msg>
<arg>${key}</arg>
<doc>Logs the given message with the given level.</doc>
<status status="PASS" start="2024-06-19T19:12:55.372617" elapsed="0.000164"/>
</kw>
<var name="${key}">location</var>
<status status="PASS" start="2024-06-19T19:12:55.371219" elapsed="0.001772"/>
</iter>
<iter>
<kw name="Dictionary Should Contain Key" owner="Collections">
<arg>${json_data['results'][0]}</arg>
<arg>${key}</arg>
<doc>Fails if ``key`` is not found from ``dictionary``.</doc>
<status status="PASS" start="2024-06-19T19:12:55.373266" elapsed="0.000373"/>
</kw>
<kw name="Log" owner="BuiltIn">
<msg time="2024-06-19T19:12:55.374177" level="INFO">{'gender': 'female', 'name': {'title': 'Miss', 'first': 'Yasemin', 'last': 'Alnıaçık'}, 'location': {'street': {'number': 3422, 'name': 'Anafartalar Cd'}, 'city': 'Karaman', 'state': 'Amasya', 'country': 'Turkey', 'postcode': 23332, 'coordinates': {'latitude': '72.4913', 'longitude': '1.5655'}, 'timezone': {'offset': '+3:00', 'description': 'Baghdad, Riyadh, Moscow, St. Petersburg'}}, 'email': 'yasemin.alniacik@example.com', 'login': {'uuid': 'f10851d0-2fe9-4e28-959b-60e5b27da08f', 'username': 'redgoose108', 'password': 'moore', 'salt': '74L4iIgu', 'md5': '5ec370f41b9fa6e7bcc86406a7451001', 'sha1': '771219ac626347ea9c7d23aab821bfd9ebe769c5', 'sha256': 'cae152fbbd12bdf52f83409abc96545f971ecc88baa8976472493c81ecae4373'}, 'dob': {'date': '1994-06-11T19:29:33.320Z', 'age': 30}, 'registered': {'date': '2009-05-04T12:13:16.541Z', 'age': 15}, 'phone': '(148)-605-9045', 'cell': '(561)-177-8914', 'id': {'name': '', 'value': None}, 'picture': {'large': 'https://randomuser.me/api/portraits/women/68.jpg', 'medium': 'https://randomuser.me/api/portraits/med/women/68.jpg', 'thumbnail': 'https://randomuser.me/api/portraits/thumb/women/68.jpg'}, 'nat': 'TR'}</msg>
<arg>${json_data['results'][0]}</arg>
<doc>Logs the given message with the given level.</doc>
<status status="PASS" start="2024-06-19T19:12:55.373821" elapsed="0.000410"/>
</kw>
<kw name="Log" owner="BuiltIn">
<msg time="2024-06-19T19:12:55.374658" level="INFO">email</msg>
<arg>${key}</arg>
<doc>Logs the given message with the given level.</doc>
<status status="PASS" start="2024-06-19T19:12:55.374523" elapsed="0.000171"/>
</kw>
<var name="${key}">email</var>
<status status="PASS" start="2024-06-19T19:12:55.373160" elapsed="0.001743"/>
</iter>
<iter>
<kw name="Dictionary Should Contain Key" owner="Collections">
<arg>${json_data['results'][0]}</arg>
<arg>${key}</arg>
<doc>Fails if ``key`` is not found from ``dictionary``.</doc>
<status status="PASS" start="2024-06-19T19:12:55.375173" elapsed="0.000380"/>
</kw>
<kw name="Log" owner="BuiltIn">
<msg time="2024-06-19T19:12:55.376115" level="INFO">{'gender': 'female', 'name': {'title': 'Miss', 'first': 'Yasemin', 'last': 'Alnıaçık'}, 'location': {'street': {'number': 3422, 'name': 'Anafartalar Cd'}, 'city': 'Karaman', 'state': 'Amasya', 'country': 'Turkey', 'postcode': 23332, 'coordinates': {'latitude': '72.4913', 'longitude': '1.5655'}, 'timezone': {'offset': '+3:00', 'description': 'Baghdad, Riyadh, Moscow, St. Petersburg'}}, 'email': 'yasemin.alniacik@example.com', 'login': {'uuid': 'f10851d0-2fe9-4e28-959b-60e5b27da08f', 'username': 'redgoose108', 'password': 'moore', 'salt': '74L4iIgu', 'md5': '5ec370f41b9fa6e7bcc86406a7451001', 'sha1': '771219ac626347ea9c7d23aab821bfd9ebe769c5', 'sha256': 'cae152fbbd12bdf52f83409abc96545f971ecc88baa8976472493c81ecae4373'}, 'dob': {'date': '1994-06-11T19:29:33.320Z', 'age': 30}, 'registered': {'date': '2009-05-04T12:13:16.541Z', 'age': 15}, 'phone': '(148)-605-9045', 'cell': '(561)-177-8914', 'id': {'name': '', 'value': None}, 'picture': {'large': 'https://randomuser.me/api/portraits/women/68.jpg', 'medium': 'https://randomuser.me/api/portraits/med/women/68.jpg', 'thumbnail': 'https://randomuser.me/api/portraits/thumb/women/68.jpg'}, 'nat': 'TR'}</msg>
<arg>${json_data['results'][0]}</arg>
<doc>Logs the given message with the given level.</doc>
<status status="PASS" start="2024-06-19T19:12:55.375765" elapsed="0.000399"/>
</kw>
<kw name="Log" owner="BuiltIn">
<msg time="2024-06-19T19:12:55.376594" level="INFO">login</msg>
<arg>${key}</arg>
<doc>Logs the given message with the given level.</doc>
<status status="PASS" start="2024-06-19T19:12:55.376458" elapsed="0.000172"/>
</kw>
<var name="${key}">login</var>
<status status="PASS" start="2024-06-19T19:12:55.375068" elapsed="0.001779"/>
</iter>
<var>${key}</var>
<value>@{expected_keys}</value>
<status status="PASS" start="2024-06-19T19:12:55.366963" elapsed="0.010000"/>
</for>
<kw name="Create List" owner="BuiltIn">
<msg time="2024-06-19T19:12:55.377280" level="INFO">${expected_keysTwo} = ['username', 'password']</msg>
<var>${expected_keysTwo}</var>
<arg>username</arg>
<arg>password</arg>
<doc>Returns a list containing given items.</doc>
<status status="PASS" start="2024-06-19T19:12:55.377148" elapsed="0.000182"/>
</kw>
<for flavor="IN">
<iter>
<kw name="Dictionary Should Contain Key" owner="Collections">
<arg>${json_data['results'][0]['login']}</arg>
<arg>${keyTwo}</arg>
<doc>Fails if ``key`` is not found from ``dictionary``.</doc>
<status status="PASS" start="2024-06-19T19:12:55.377821" elapsed="0.000381"/>
</kw>
<kw name="Dictionary Should Contain Key" owner="Collections">
<arg>${json_data['results'][0]['login']}</arg>
<arg>${keyTwo}</arg>
<doc>Fails if ``key`` is not found from ``dictionary``.</doc>
<status status="PASS" start="2024-06-19T19:12:55.378383" elapsed="0.000368"/>
</kw>
<kw name="Log" owner="BuiltIn">
<msg time="2024-06-19T19:12:55.379042" level="INFO">username</msg>
<arg>${keyTwo}</arg>
<doc>Logs the given message with the given level.</doc>
<status status="PASS" start="2024-06-19T19:12:55.378925" elapsed="0.000153"/>
</kw>
<var name="${keyTwo}">username</var>
<status status="PASS" start="2024-06-19T19:12:55.377716" elapsed="0.001594"/>
</iter>
<iter>
<kw name="Dictionary Should Contain Key" owner="Collections">
<arg>${json_data['results'][0]['login']}</arg>
<arg>${keyTwo}</arg>
<doc>Fails if ``key`` is not found from ``dictionary``.</doc>
<status status="PASS" start="2024-06-19T19:12:55.379590" elapsed="0.000415"/>
</kw>
<kw name="Dictionary Should Contain Key" owner="Collections">
<arg>${json_data['results'][0]['login']}</arg>
<arg>${keyTwo}</arg>
<doc>Fails if ``key`` is not found from ``dictionary``.</doc>
<status status="PASS" start="2024-06-19T19:12:55.380181" elapsed="0.000391"/>
</kw>
<kw name="Log" owner="BuiltIn">
<msg time="2024-06-19T19:12:55.380861" level="INFO">password</msg>
<arg>${keyTwo}</arg>
<doc>Logs the given message with the given level.</doc>
<status status="PASS" start="2024-06-19T19:12:55.380743" elapsed="0.000153"/>
</kw>
<var name="${keyTwo}">password</var>
<status status="PASS" start="2024-06-19T19:12:55.379486" elapsed="0.001717"/>
</iter>
<var>${keyTwo}</var>
<value>@{expected_keysTwo}</value>
<status status="PASS" start="2024-06-19T19:12:55.377566" elapsed="0.003756"/>
</for>
<status status="PASS" start="2024-06-19T19:12:55.162835" elapsed="0.218625"/>
</kw>
<doc>Testa a estrutura da resposta da API.</doc>
<tag>testeEstruturaResposta</tag>
<status status="PASS" start="2024-06-19T19:12:55.162092" elapsed="0.219522"/>
</test>
<test id="s1-s1-t4" name="Validar tipos de dados" line="28">
<kw name="Teste de Tipos de Dados" owner="random-user-service">
<kw name="GET On Session" owner="RequestsLibrary">
<msg time="2024-06-19T19:12:55.563824" level="INFO">GET Request : url=https://randomuser.me/api 
 path_url=/api 
 headers={'User-Agent': 'python-requests/2.32.3', 'Accept-Encoding': 'gzip, deflate', 'Accept': '*/*', 'Connection': 'keep-alive'} 
 body=None 
 </msg>
<msg time="2024-06-19T19:12:55.563922" level="INFO">GET Response : url=https://randomuser.me/api 
 status=200, reason=OK 
 headers={'Date': 'Wed, 19 Jun 2024 19:12:55 GMT', 'Content-Type': 'application/json; charset=utf-8', 'Transfer-Encoding': 'chunked', 'Connection': 'keep-alive', 'X-Powered-By': 'Express', 'Access-Control-Allow-Origin': '*', 'Cache-Control': 'no-cache', 'ETag': 'W/"4a1-nKpEuaNgzcIHOT4SeLfaxHm83UM"', 'Vary': 'Accept-Encoding', 'Content-Encoding': 'gzip', 'CF-Cache-Status': 'DYNAMIC', 'Report-To': '{"endpoints":[{"url":"https:\\/\\/a.nel.cloudflare.com\\/report\\/v4?s=G%2BsYuBLzbUsVjoUjn0lFXWFckzSWx%2FNKdFHt5G8s655AzeiWIBuHbdCJrPmZCSZtyvxl%2BhoRNFba%2BPwFRU1sANvwghwTnAK6waYwPmu9i6AlCqmXneT1UWnTqL7GLWqi"}],"group":"cf-nel","max_age":604800}', 'NEL': '{"success_fraction":0,"report_to":"cf-nel","max_age":604800}', 'Server': 'cloudflare', 'CF-RAY': '8965d55a2aa3125b-ORD', 'alt-svc': 'h3=":443"; ma=86400'} 
 body={"results":[{"gender":"female","name":{"title":"Ms","first":"Charlotte","last":"Barbier"},"location":{"street":{"number":2892,"name":"Boulevard de Balmont"},"city":"Strasbourg","state":"Charente-Maritime","country":"France","postcode":46812,"coordinates":{"latitude":"-14.1756","longitude":"126.0076"},"timezone":{"offset":"-10:00","description":"Hawaii"}},"email":"charlotte.barbier@example.com","login":{"uuid":"20f142d2-6102-4fb3-9900-31cc4d3990c8","username":"beautifulduck174","password":"19841984","salt":"gal9RmYJ","md5":"4a05059f300eb0767f8c29e635f01a74","sha1":"18e7fedc513df7ca0380e13769b629d438fe609e","sha256":"1248dbc1ffe1a3058b2cd86938511bb81caf6d752cde433f7e21c63a0348a65d"},"dob":{"date":"1990-09-03T00:14:40.832Z","age":33},"registered":{"date":"2017-10-17T16:14:50.222Z","age":6},"phone":"05-26-50-75-95","cell":"06-20-26-44-98","id":{"name":"INSEE","value":"2900852476199 08"},"picture":{"large":"https://randomuser.me/api/portraits/women/24.jpg","medium":"https://randomuser.me/api/portraits/med/women/24.jpg","thumbnail":"https://randomuser.me/api/portraits/thumb/women/24.jpg"},"nat":"FR"}],"info":{"seed":"ec9beba668d422e7","results":1,"page":1,"version":"1.4"}} 
 </msg>
<msg time="2024-06-19T19:12:55.563999" level="INFO">/opt/hostedtoolcache/Python/3.12.4/x64/lib/python3.12/site-packages/urllib3/connectionpool.py:1099: InsecureRequestWarning: Unverified HTTPS request is being made to host 'randomuser.me'. Adding certificate verification is strongly advised. See: https://urllib3.readthedocs.io/en/latest/advanced-usage.html#tls-warnings
  warnings.warn(</msg>
<msg time="2024-06-19T19:12:55.564121" level="INFO">${response} = &lt;Response [200]&gt;</msg>
<var>${response}</var>
<arg>consultarAPI</arg>
<arg>/api</arg>
<doc>Sends a GET request on a previously created HTTP Session.</doc>
<status status="PASS" start="2024-06-19T19:12:55.384153" elapsed="0.180007"/>
</kw>
<kw name="Set Variable" owner="BuiltIn">
<msg time="2024-06-19T19:12:55.565352" level="INFO">${json_data} = {'results': [{'gender': 'female', 'name': {'title': 'Ms', 'first': 'Charlotte', 'last': 'Barbier'}, 'location': {'street': {'number': 2892, 'name': 'Boulevard de Balmont'}, 'city': 'Strasbourg', 'stat...</msg>
<var>${json_data}</var>
<arg>${response.json()}</arg>
<doc>Returns the given values which can then be assigned to a variables.</doc>
<status status="PASS" start="2024-06-19T19:12:55.564794" elapsed="0.000586"/>
</kw>
<kw name="Log" owner="BuiltIn">
<msg time="2024-06-19T19:12:55.565841" level="INFO">{'results': [{'gender': 'female', 'name': {'title': 'Ms', 'first': 'Charlotte', 'last': 'Barbier'}, 'location': {'street': {'number': 2892, 'name': 'Boulevard de Balmont'}, 'city': 'Strasbourg', 'state': 'Charente-Maritime', 'country': 'France', 'postcode': 46812, 'coordinates': {'latitude': '-14.1756', 'longitude': '126.0076'}, 'timezone': {'offset': '-10:00', 'description': 'Hawaii'}}, 'email': 'charlotte.barbier@example.com', 'login': {'uuid': '20f142d2-6102-4fb3-9900-31cc4d3990c8', 'username': 'beautifulduck174', 'password': '19841984', 'salt': 'gal9RmYJ', 'md5': '4a05059f300eb0767f8c29e635f01a74', 'sha1': '18e7fedc513df7ca0380e13769b629d438fe609e', 'sha256': '1248dbc1ffe1a3058b2cd86938511bb81caf6d752cde433f7e21c63a0348a65d'}, 'dob': {'date': '1990-09-03T00:14:40.832Z', 'age': 33}, 'registered': {'date': '2017-10-17T16:14:50.222Z', 'age': 6}, 'phone': '05-26-50-75-95', 'cell': '06-20-26-44-98', 'id': {'name': 'INSEE', 'value': '2900852476199 08'}, 'picture': {'large': 'https://randomuser.me/api/portraits/women/24.jpg', 'medium': 'https://randomuser.me/api/portraits/med/women/24.jpg', 'thumbnail': 'https://randomuser.me/api/portraits/thumb/women/24.jpg'}, 'nat': 'FR'}], 'info': {'seed': 'ec9beba668d422e7', 'results': 1, 'page': 1, 'version': '1.4'}}</msg>
<arg>${json_data}</arg>
<doc>Logs the given message with the given level.</doc>
<status status="PASS" start="2024-06-19T19:12:55.565683" elapsed="0.000206"/>
</kw>
<kw name="Should Be String" owner="String">
<arg>${json_data['results'][0]['gender']}</arg>
<doc>Fails if the given ``item`` is not a string.</doc>
<status status="PASS" start="2024-06-19T19:12:55.566176" elapsed="0.000371"/>
</kw>
<kw name="Should Match Regexp" owner="BuiltIn">
<arg>${json_data['results'][0]['email']}</arg>
<arg>^[a-zA-Z0-9._%+-]+@[a-zA-Z0-9.-]+\.[a-zA-Z]{2,}$</arg>
<doc>Fails if ``string`` does not match ``pattern`` as a regular expression.</doc>
<status status="PASS" start="2024-06-19T19:12:55.566732" elapsed="0.000557"/>
</kw>
<kw name="Should Match Regexp" owner="BuiltIn">
<arg>${json_data['results'][0]['dob']['date']}</arg>
<arg>\\d{4}-\\d{2}-\\d{2}T\\d{2}:\\d{2}:\\d{2}\\.\\d{3}Z</arg>
<doc>Fails if ``string`` does not match ``pattern`` as a regular expression.</doc>
<status status="PASS" start="2024-06-19T19:12:55.567480" elapsed="0.000538"/>
</kw>
<kw name="Should Match Regexp" owner="BuiltIn">
<arg>${json_data['results'][0]['registered']['date']}</arg>
<arg>\\d{4}-\\d{2}-\\d{2}T\\d{2}:\\d{2}:\\d{2}\\.\\d{3}Z</arg>
<doc>Fails if ``string`` does not match ``pattern`` as a regular expression.</doc>
<status status="PASS" start="2024-06-19T19:12:55.568211" elapsed="0.000368"/>
</kw>
<kw name="Should Match Regexp" owner="BuiltIn">
<arg>${json_data['results'][0]['picture']['large']}</arg>
<arg>^https?://.*\.(?:png|jpe?g|gif|bmp)$</arg>
<doc>Fails if ``string`` does not match ``pattern`` as a regular expression.</doc>
<status status="PASS" start="2024-06-19T19:12:55.568762" elapsed="0.000452"/>
</kw>
<kw name="Should Match Regexp" owner="BuiltIn">
<arg>${json_data['results'][0]['picture']['medium']}</arg>
<arg>^https?://.*\.(?:png|jpe?g|gif|bmp)$</arg>
<doc>Fails if ``string`` does not match ``pattern`` as a regular expression.</doc>
<status status="PASS" start="2024-06-19T19:12:55.569398" elapsed="0.000356"/>
</kw>
<kw name="Should Match Regexp" owner="BuiltIn">
<arg>${json_data['results'][0]['picture']['thumbnail']}</arg>
<arg>^https?://.*\.(?:png|jpe?g|gif|bmp)$</arg>
<doc>Fails if ``string`` does not match ``pattern`` as a regular expression.</doc>
<status status="PASS" start="2024-06-19T19:12:55.569932" elapsed="0.000346"/>
</kw>
<kw name="Log" owner="BuiltIn">
<msg time="2024-06-19T19:12:55.570786" level="INFO">{'large': 'https://randomuser.me/api/portraits/women/24.jpg', 'medium': 'https://randomuser.me/api/portraits/med/women/24.jpg', 'thumbnail': 'https://randomuser.me/api/portraits/thumb/women/24.jpg'}</msg>
<arg>${json_data['results'][0]['picture']}</arg>
<doc>Logs the given message with the given level.</doc>
<status status="PASS" start="2024-06-19T19:12:55.570458" elapsed="0.000369"/>
</kw>
<status status="PASS" start="2024-06-19T19:12:55.383920" elapsed="0.187163"/>
</kw>
<kw name="Teste de Tipos de Dados - Postcode" owner="random-user-service">
<kw name="GET On Session" owner="RequestsLibrary">
<msg time="2024-06-19T19:12:55.670808" level="INFO">GET Request : url=https://randomuser.me/api 
 path_url=/api 
 headers={'User-Agent': 'python-requests/2.32.3', 'Accept-Encoding': 'gzip, deflate', 'Accept': '*/*', 'Connection': 'keep-alive'} 
 body=None 
 </msg>
<msg time="2024-06-19T19:12:55.670908" level="INFO">GET Response : url=https://randomuser.me/api 
 status=200, reason=OK 
 headers={'Date': 'Wed, 19 Jun 2024 19:12:55 GMT', 'Content-Type': 'application/json; charset=utf-8', 'Transfer-Encoding': 'chunked', 'Connection': 'keep-alive', 'X-Powered-By': 'Express', 'Access-Control-Allow-Origin': '*', 'Cache-Control': 'no-cache', 'ETag': 'W/"490-7eSXnw2Y5x4zZzzGHmaSWxJ/iE4"', 'Vary': 'Accept-Encoding', 'Content-Encoding': 'gzip', 'CF-Cache-Status': 'DYNAMIC', 'Report-To': '{"endpoints":[{"url":"https:\\/\\/a.nel.cloudflare.com\\/report\\/v4?s=j5cHJBr4soUbo%2BCVlYmI6xQoF27bP%2BACSeeEHMeOIGjhuCgxvQ8H2FzpeHsX1XEcZS3KjpQz118Q1SgXehh4YMZ9x2Z%2Fn61RtrkZbCGMnqO0lxL7pAYV55fAI6TSZsRd"}],"group":"cf-nel","max_age":604800}', 'NEL': '{"success_fraction":0,"report_to":"cf-nel","max_age":604800}', 'Server': 'cloudflare', 'CF-RAY': '8965d55b5cac125b-ORD', 'alt-svc': 'h3=":443"; ma=86400'} 
 body={"results":[{"gender":"male","name":{"title":"Mr","first":"رادین","last":"علیزاده"},"location":{"street":{"number":5330,"name":"آفریقا"},"city":"بندرعباس","state":"قم","country":"Iran","postcode":99373,"coordinates":{"latitude":"18.9246","longitude":"-61.9123"},"timezone":{"offset":"+3:00","description":"Baghdad, Riyadh, Moscow, St. Petersburg"}},"email":"rdyn.aalyzdh@example.com","login":{"uuid":"5788049f-7062-4ec4-a445-4b5e7f9f81bd","username":"crazygoose358","password":"cutter","salt":"Dcxj3VrP","md5":"d034d2ddeb851f6545a8ccb9ce3c54f8","sha1":"c7496c6c396667e06c923b0961302cfe215e91bc","sha256":"9dbc037e7eed34d798e2bf1d5a675ab705babc664f90a272e012a23df823a275"},"dob":{"date":"1985-06-01T03:56:56.665Z","age":39},"registered":{"date":"2008-07-31T06:07:34.896Z","age":15},"phone":"049-59507887","cell":"0962-298-0858","id":{"name":"","value":null},"picture":{"large":"https://randomuser.me/api/portraits/men/91.jpg","medium":"https://randomuser.me/api/portraits/med/men/91.jpg","thumbnail":"https://randomuser.me/api/portraits/thumb/men/91.jpg"},"nat":"IR"}],"info":{"seed":"eb5d0b5838933224","results":1,"page":1,"version":"1.4"}} 
 </msg>
<msg time="2024-06-19T19:12:55.670984" level="INFO">/opt/hostedtoolcache/Python/3.12.4/x64/lib/python3.12/site-packages/urllib3/connectionpool.py:1099: InsecureRequestWarning: Unverified HTTPS request is being made to host 'randomuser.me'. Adding certificate verification is strongly advised. See: https://urllib3.readthedocs.io/en/latest/advanced-usage.html#tls-warnings
  warnings.warn(</msg>
<msg time="2024-06-19T19:12:55.671105" level="INFO">${response} = &lt;Response [200]&gt;</msg>
<var>${response}</var>
<arg>consultarAPI</arg>
<arg>/api</arg>
<doc>Sends a GET request on a previously created HTTP Session.</doc>
<status status="PASS" start="2024-06-19T19:12:55.571543" elapsed="0.099603"/>
</kw>
<kw name="Set Variable" owner="BuiltIn">
<msg time="2024-06-19T19:12:55.672428" level="INFO">${json_data} = {'results': [{'gender': 'male', 'name': {'title': 'Mr', 'first': 'رادین', 'last': 'علیزاده'}, 'location': {'street': {'number': 5330, 'name': 'آفریقا'}, 'city': 'بندرعباس', 'state': 'قم', 'country': '...</msg>
<var>${json_data}</var>
<arg>${response.json()}</arg>
<doc>Returns the given values which can then be assigned to a variables.</doc>
<status status="PASS" start="2024-06-19T19:12:55.671836" elapsed="0.000623"/>
</kw>
<kw name="Log" owner="BuiltIn">
<msg time="2024-06-19T19:12:55.672929" level="INFO">{'results': [{'gender': 'male', 'name': {'title': 'Mr', 'first': 'رادین', 'last': 'علیزاده'}, 'location': {'street': {'number': 5330, 'name': 'آفریقا'}, 'city': 'بندرعباس', 'state': 'قم', 'country': 'Iran', 'postcode': 99373, 'coordinates': {'latitude': '18.9246', 'longitude': '-61.9123'}, 'timezone': {'offset': '+3:00', 'description': 'Baghdad, Riyadh, Moscow, St. Petersburg'}}, 'email': 'rdyn.aalyzdh@example.com', 'login': {'uuid': '5788049f-7062-4ec4-a445-4b5e7f9f81bd', 'username': 'crazygoose358', 'password': 'cutter', 'salt': 'Dcxj3VrP', 'md5': 'd034d2ddeb851f6545a8ccb9ce3c54f8', 'sha1': 'c7496c6c396667e06c923b0961302cfe215e91bc', 'sha256': '9dbc037e7eed34d798e2bf1d5a675ab705babc664f90a272e012a23df823a275'}, 'dob': {'date': '1985-06-01T03:56:56.665Z', 'age': 39}, 'registered': {'date': '2008-07-31T06:07:34.896Z', 'age': 15}, 'phone': '049-59507887', 'cell': '0962-298-0858', 'id': {'name': '', 'value': None}, 'picture': {'large': 'https://randomuser.me/api/portraits/men/91.jpg', 'medium': 'https://randomuser.me/api/portraits/med/men/91.jpg', 'thumbnail': 'https://randomuser.me/api/portraits/thumb/men/91.jpg'}, 'nat': 'IR'}], 'info': {'seed': 'eb5d0b5838933224', 'results': 1, 'page': 1, 'version': '1.4'}}</msg>
<arg>${json_data}</arg>
<doc>Logs the given message with the given level.</doc>
<status status="PASS" start="2024-06-19T19:12:55.672766" elapsed="0.000213"/>
</kw>
<kw name="Should Be Equal As Numbers" owner="BuiltIn">
<arg>${json_data['results'][0]['location']['postcode']}</arg>
<arg>${json_data['results'][0]['location']['postcode']}</arg>
<doc>Fails if objects are unequal after converting them to real numbers.</doc>
<status status="PASS" start="2024-06-19T19:12:55.673278" elapsed="0.000626"/>
</kw>
<kw name="Log" owner="BuiltIn">
<msg time="2024-06-19T19:12:55.674593" level="INFO">99373</msg>
<arg>${json_data['results'][0]['location']['postcode']}</arg>
<doc>Logs the given message with the given level.</doc>
<status status="PASS" start="2024-06-19T19:12:55.674089" elapsed="0.000579"/>
</kw>
<status status="PASS" start="2024-06-19T19:12:55.571316" elapsed="0.103612"/>
</kw>
<doc>Testa se os tipos de dados na resposta da API estão corretos.</doc>
<tag>testeTiposDados</tag>
<status status="PASS" start="2024-06-19T19:12:55.383365" elapsed="0.291728"/>
</test>
<test id="s1-s1-t5" name="Validar conteudo" line="35">
<kw name="Teste de Tipos de Conteudo" owner="random-user-service">
<kw name="GET On Session" owner="RequestsLibrary">
<msg time="2024-06-19T19:12:55.737324" level="INFO">GET Request : url=https://randomuser.me/api 
 path_url=/api 
 headers={'User-Agent': 'python-requests/2.32.3', 'Accept-Encoding': 'gzip, deflate', 'Accept': '*/*', 'Connection': 'keep-alive'} 
 body=None 
 </msg>
<msg time="2024-06-19T19:12:55.737403" level="INFO">GET Response : url=https://randomuser.me/api 
 status=200, reason=OK 
 headers={'Date': 'Wed, 19 Jun 2024 19:12:55 GMT', 'Content-Type': 'application/json; charset=utf-8', 'Transfer-Encoding': 'chunked', 'Connection': 'keep-alive', 'X-Powered-By': 'Express', 'Access-Control-Allow-Origin': '*', 'Cache-Control': 'no-cache', 'ETag': 'W/"46e-oclOn93Q3WNGzJqygP+P94Rn3qc"', 'Vary': 'Accept-Encoding', 'Content-Encoding': 'gzip', 'CF-Cache-Status': 'DYNAMIC', 'Report-To': '{"endpoints":[{"url":"https:\\/\\/a.nel.cloudflare.com\\/report\\/v4?s=d%2BbBCLEdeYXgtD0iA6assx%2FH8B%2BfpLRvr0d7XSp9QZsiDR1XAet%2F9TrbRxPpIJbxXdvIzInFk68fGQD6BJuPWfM%2BGckprEmxzCbdGI6qe2ppgWSBobgKspYc1B4wy7B5"}],"group":"cf-nel","max_age":604800}', 'NEL': '{"success_fraction":0,"report_to":"cf-nel","max_age":604800}', 'Server': 'cloudflare', 'CF-RAY': '8965d55bfddc125b-ORD', 'alt-svc': 'h3=":443"; ma=86400'} 
 body={"results":[{"gender":"male","name":{"title":"Mr","first":"Troy","last":"May"},"location":{"street":{"number":6038,"name":"First Street"},"city":"Amarillo","state":"Colorado","country":"United States","postcode":99839,"coordinates":{"latitude":"85.9736","longitude":"-41.5033"},"timezone":{"offset":"+4:30","description":"Kabul"}},"email":"troy.may@example.com","login":{"uuid":"f9a9401f-176b-4a3b-aec5-85a1989d35f0","username":"silverfrog566","password":"testtest","salt":"gBATOoSi","md5":"9a7790ac2079096c034baf11299605cd","sha1":"fcd18f419af829c21b99d1405e15fb4fa44a912a","sha256":"00b5fe1dcebcc2bd4452a2e0314bc3a275b3b6a6270e3a6f1c01bdb8fd42ffa0"},"dob":{"date":"1965-04-21T06:58:26.109Z","age":59},"registered":{"date":"2015-03-26T22:45:58.814Z","age":9},"phone":"(656) 823-9058","cell":"(631) 852-8571","id":{"name":"SSN","value":"596-42-3347"},"picture":{"large":"https://randomuser.me/api/portraits/men/12.jpg","medium":"https://randomuser.me/api/portraits/med/men/12.jpg","thumbnail":"https://randomuser.me/api/portraits/thumb/men/12.jpg"},"nat":"US"}],"info":{"seed":"45813e0ee3489f73","results":1,"page":1,"version":"1.4"}} 
 </msg>
<msg time="2024-06-19T19:12:55.737478" level="INFO">/opt/hostedtoolcache/Python/3.12.4/x64/lib/python3.12/site-packages/urllib3/connectionpool.py:1099: InsecureRequestWarning: Unverified HTTPS request is being made to host 'randomuser.me'. Adding certificate verification is strongly advised. See: https://urllib3.readthedocs.io/en/latest/advanced-usage.html#tls-warnings
  warnings.warn(</msg>
<msg time="2024-06-19T19:12:55.737589" level="INFO">${response} = &lt;Response [200]&gt;</msg>
<var>${response}</var>
<arg>consultarAPI</arg>
<arg>/api</arg>
<doc>Sends a GET request on a previously created HTTP Session.</doc>
<status status="PASS" start="2024-06-19T19:12:55.677624" elapsed="0.060015"/>
</kw>
<kw name="Set Variable" owner="BuiltIn">
<msg time="2024-06-19T19:12:55.738736" level="INFO">${json_data} = {'results': [{'gender': 'male', 'name': {'title': 'Mr', 'first': 'Troy', 'last': 'May'}, 'location': {'street': {'number': 6038, 'name': 'First Street'}, 'city': 'Amarillo', 'state': 'Colorado', 'coun...</msg>
<var>${json_data}</var>
<arg>${response.json()}</arg>
<doc>Returns the given values which can then be assigned to a variables.</doc>
<status status="PASS" start="2024-06-19T19:12:55.738147" elapsed="0.000619"/>
</kw>
<kw name="Set Variable" owner="BuiltIn">
<msg time="2024-06-19T19:12:55.739434" level="INFO">${name_title} = Mr</msg>
<var>${name_title}</var>
<arg>${json_data["results"][0]["name"]["title"]}</arg>
<doc>Returns the given values which can then be assigned to a variables.</doc>
<status status="PASS" start="2024-06-19T19:12:55.739064" elapsed="0.000395"/>
</kw>
<kw name="Create List" owner="BuiltIn">
<msg time="2024-06-19T19:12:55.739947" level="INFO">${allowed_titles} = ['Mr', 'Ms', 'Miss', 'Mrs', 'Madame', 'Monsieur']</msg>
<var>${allowed_titles}</var>
<arg>Mr</arg>
<arg>Ms</arg>
<arg>Miss</arg>
<arg>Mrs</arg>
<arg>Madame</arg>
<arg>Monsieur</arg>
<doc>Returns a list containing given items.</doc>
<status status="PASS" start="2024-06-19T19:12:55.739799" elapsed="0.000172"/>
</kw>
<kw name="List Should Contain Value" owner="Collections">
<arg>${allowed_titles}</arg>
<arg>${name_title}</arg>
<doc>Fails if the ``value`` is not found from ``list``.</doc>
<status status="PASS" start="2024-06-19T19:12:55.740275" elapsed="0.000175"/>
</kw>
<kw name="Set Variable" owner="BuiltIn">
<msg time="2024-06-19T19:12:55.740990" level="INFO">${name_country} = US</msg>
<var>${name_country}</var>
<arg>${json_data["results"][0]["nat"]}</arg>
<doc>Returns the given values which can then be assigned to a variables.</doc>
<status status="PASS" start="2024-06-19T19:12:55.740623" elapsed="0.000391"/>
</kw>
<kw name="Create List" owner="BuiltIn">
<msg time="2024-06-19T19:12:55.741893" level="INFO">${list_country} = ['AD', 'AE', 'AF', 'AG', 'AI', 'AL', 'AM', 'AO', 'AQ', 'AR', 'AS', 'AT', 'AU', 'AW', 'AX', 'AZ', 'BA', 'BB', 'BD', 'BE', 'BF', 'BG', 'BH', 'BI', 'BJ', 'BL', 'BM', 'BN', 'BO', 'BQ', 'BR', 'BS', 'BT', '...</msg>
<var>${list_country}</var>
<arg>AD</arg>
<arg>AE</arg>
<arg>AF</arg>
<arg>AG</arg>
<arg>AI</arg>
<arg>AL</arg>
<arg>AM</arg>
<arg>AO</arg>
<arg>AQ</arg>
<arg>AR</arg>
<arg>AS</arg>
<arg>AT</arg>
<arg>AU</arg>
<arg>AW</arg>
<arg>AX</arg>
<arg>AZ</arg>
<arg>BA</arg>
<arg>BB</arg>
<arg>BD</arg>
<arg>BE</arg>
<arg>BF</arg>
<arg>BG</arg>
<arg>BH</arg>
<arg>BI</arg>
<arg>BJ</arg>
<arg>BL</arg>
<arg>BM</arg>
<arg>BN</arg>
<arg>BO</arg>
<arg>BQ</arg>
<arg>BR</arg>
<arg>BS</arg>
<arg>BT</arg>
<arg>BV</arg>
<arg>BW</arg>
<arg>BY</arg>
<arg>BZ</arg>
<arg>CA</arg>
<arg>CC</arg>
<arg>CD</arg>
<arg>CF</arg>
<arg>CG</arg>
<arg>CH</arg>
<arg>CI</arg>
<arg>CK</arg>
<arg>CL</arg>
<arg>CM</arg>
<arg>CN</arg>
<arg>CO</arg>
<arg>CR</arg>
<arg>CU</arg>
<arg>CV</arg>
<arg>CW</arg>
<arg>CX</arg>
<arg>CY</arg>
<arg>CZ</arg>
<arg>DE</arg>
<arg>DJ</arg>
<arg>DK</arg>
<arg>DM</arg>
<arg>DO</arg>
<arg>DZ</arg>
<arg>EC</arg>
<arg>EE</arg>
<arg>EG</arg>
<arg>EH</arg>
<arg>ER</arg>
<arg>ES</arg>
<arg>ET</arg>
<arg>FI</arg>
<arg>FJ</arg>
<arg>FK</arg>
<arg>FM</arg>
<arg>FO</arg>
<arg>FR</arg>
<arg>GA</arg>
<arg>GB</arg>
<arg>GD</arg>
<arg>GE</arg>
<arg>GF</arg>
<arg>GG</arg>
<arg>GH</arg>
<arg>GI</arg>
<arg>GL</arg>
<arg>GM</arg>
<arg>GN</arg>
<arg>GP</arg>
<arg>GQ</arg>
<arg>GR</arg>
<arg>GS</arg>
<arg>GT</arg>
<arg>GU</arg>
<arg>GW</arg>
<arg>GY</arg>
<arg>HK</arg>
<arg>HM</arg>
<arg>HN</arg>
<arg>HR</arg>
<arg>HT</arg>
<arg>HU</arg>
<arg>ID</arg>
<arg>IE</arg>
<arg>IL</arg>
<arg>IM</arg>
<arg>IN</arg>
<arg>IO</arg>
<arg>IQ</arg>
<arg>IR</arg>
<arg>IS</arg>
<arg>IT</arg>
<arg>JE</arg>
<arg>JM</arg>
<arg>JO</arg>
<arg>JP</arg>
<arg>KE</arg>
<arg>KG</arg>
<arg>KH</arg>
<arg>KI</arg>
<arg>KM</arg>
<arg>KN</arg>
<arg>KP</arg>
<arg>KR</arg>
<arg>KW</arg>
<arg>KY</arg>
<arg>KZ</arg>
<arg>LA</arg>
<arg>LB</arg>
<arg>LC</arg>
<arg>LI</arg>
<arg>LK</arg>
<arg>LR</arg>
<arg>LS</arg>
<arg>LT</arg>
<arg>LU</arg>
<arg>LV</arg>
<arg>LY</arg>
<arg>MA</arg>
<arg>MC</arg>
<arg>MD</arg>
<arg>ME</arg>
<arg>MF</arg>
<arg>MG</arg>
<arg>MH</arg>
<arg>MK</arg>
<arg>ML</arg>
<arg>MM</arg>
<arg>MN</arg>
<arg>MO</arg>
<arg>MP</arg>
<arg>MQ</arg>
<arg>MR</arg>
<arg>MS</arg>
<arg>MT</arg>
<arg>MU</arg>
<arg>MV</arg>
<arg>MW</arg>
<arg>MX</arg>
<arg>MY</arg>
<arg>MZ</arg>
<arg>NA</arg>
<arg>NC</arg>
<arg>NE</arg>
<arg>NF</arg>
<arg>NG</arg>
<arg>NI</arg>
<arg>NL</arg>
<arg>NO</arg>
<arg>NP</arg>
<arg>NR</arg>
<arg>NU</arg>
<arg>NZ</arg>
<arg>OM</arg>
<arg>PA</arg>
<arg>PE</arg>
<arg>PF</arg>
<arg>PG</arg>
<arg>PH</arg>
<arg>PK</arg>
<arg>PL</arg>
<arg>PM</arg>
<arg>PN</arg>
<arg>PR</arg>
<arg>PS</arg>
<arg>PT</arg>
<arg>PW</arg>
<arg>PY</arg>
<arg>QA</arg>
<arg>RE</arg>
<arg>RO</arg>
<arg>RS</arg>
<arg>RU</arg>
<arg>RW</arg>
<arg>SA</arg>
<arg>SB</arg>
<arg>SC</arg>
<arg>SD</arg>
<arg>SE</arg>
<arg>SG</arg>
<arg>SH</arg>
<arg>SI</arg>
<arg>SJ</arg>
<arg>SK</arg>
<arg>SL</arg>
<arg>SM</arg>
<arg>SN</arg>
<arg>SO</arg>
<arg>SR</arg>
<arg>SS</arg>
<arg>ST</arg>
<arg>SV</arg>
<arg>SX</arg>
<arg>SY</arg>
<arg>SZ</arg>
<arg>TC</arg>
<arg>TD</arg>
<arg>TF</arg>
<arg>TG</arg>
<arg>TH</arg>
<arg>TJ</arg>
<arg>TK</arg>
<arg>TL</arg>
<arg>TM</arg>
<arg>TN</arg>
<arg>TO</arg>
<arg>TR</arg>
<arg>TT</arg>
<arg>TV</arg>
<arg>TW</arg>
<arg>TZ</arg>
<arg>UA</arg>
<arg>UG</arg>
<arg>UM</arg>
<arg>US</arg>
<arg>UY</arg>
<arg>UZ</arg>
<arg>VA</arg>
<arg>VC</arg>
<arg>VE</arg>
<arg>VG</arg>
<arg>VI</arg>
<arg>VN</arg>
<arg>VU</arg>
<arg>WF</arg>
<arg>WS</arg>
<arg>XK</arg>
<arg>YE</arg>
<arg>YT</arg>
<arg>ZA</arg>
<arg>ZM</arg>
<arg>ZW</arg>
<doc>Returns a list containing given items.</doc>
<status status="PASS" start="2024-06-19T19:12:55.741299" elapsed="0.000619"/>
</kw>
<kw name="List Should Contain Value" owner="Collections">
<arg>${list_country}</arg>
<arg>${name_country}</arg>
<doc>Fails if the ``value`` is not found from ``list``.</doc>
<status status="PASS" start="2024-06-19T19:12:55.742703" elapsed="0.000202"/>
</kw>
<kw name="Run Keyword If" owner="BuiltIn">
<kw name="Should Be True" owner="BuiltIn">
<arg>${True}</arg>
<doc>Fails if the given condition is not true.</doc>
<status status="PASS" start="2024-06-19T19:12:55.743856" elapsed="0.000142"/>
</kw>
<arg>${json_data["results"][0]["location"]["coordinates"]["latitude"]} &gt;= -90 and ${json_data["results"][0]["location"]["coordinates"]["latitude"]} &lt;= 90</arg>
<arg>Should Be True</arg>
<arg>${True}</arg>
<doc>Runs the given keyword with the given arguments, if ``condition`` is true.</doc>
<status status="PASS" start="2024-06-19T19:12:55.743102" elapsed="0.001021"/>
</kw>
<kw name="Run Keyword If" owner="BuiltIn">
<kw name="Should Be True" owner="BuiltIn">
<arg>${True}</arg>
<doc>Fails if the given condition is not true.</doc>
<status status="PASS" start="2024-06-19T19:12:55.744989" elapsed="0.000228"/>
</kw>
<arg>${json_data["results"][0]["location"]["coordinates"]["longitude"]} &gt;= -180 and ${json_data["results"][0]["location"]["coordinates"]["longitude"]} &lt;= 180</arg>
<arg>Should Be True</arg>
<arg>${True}</arg>
<doc>Runs the given keyword with the given arguments, if ``condition`` is true.</doc>
<status status="PASS" start="2024-06-19T19:12:55.744298" elapsed="0.001048"/>
</kw>
<status status="PASS" start="2024-06-19T19:12:55.677400" elapsed="0.068077"/>
</kw>
<doc>Testa o conteúdo específico dos campos retornados pela API.</doc>
<tag>testeConteudo</tag>
<status status="PASS" start="2024-06-19T19:12:55.676854" elapsed="0.068774"/>
</test>
<status status="PASS" start="2024-06-19T19:12:54.431498" elapsed="1.316085"/>
</suite>
<status status="PASS" start="2024-06-19T19:12:54.416745" elapsed="1.335968"/>
</suite>
<statistics>
<total>
<stat pass="5" fail="0" skip="0">All Tests</stat>
</total>
<tag>
<stat pass="1" fail="0" skip="0">testeConteudo</stat>
<stat pass="1" fail="0" skip="0">testeEstruturaResposta</stat>
<stat pass="1" fail="0" skip="0">testeRequisicaoBasica</stat>
<stat pass="1" fail="0" skip="0">testeTiposDados</stat>
</tag>
<suite>
<stat pass="5" fail="0" skip="0" id="s1" name="Tests">Tests</stat>
<stat pass="5" fail="0" skip="0" id="s1-s1" name="Random-User-Test">Tests.Random-User-Test</stat>
</suite>
</statistics>
<errors>
</errors>
</robot>
