<?xml version="1.0" encoding="UTF-8"?>
<robot generator="Robot 7.0 (Python 3.12.2 on linux)" generated="2024-04-05T23:14:31.714925" rpa="false" schemaversion="5">
<suite id="s1" name="Tests" source="/home/runner/work/DesafioQAItauRogerioJordao/DesafioQAItauRogerioJordao/RamdonUser/tests">
<suite id="s1-s1" name="Random-User-Test" source="/home/runner/work/DesafioQAItauRogerioJordao/DesafioQAItauRogerioJordao/RamdonUser/tests/random-user-test.robot">
<test id="s1-s1-t1" name="Conectar" line="13">
<kw name="Conectar API" owner="random-user-service">
<kw name="Create Session" owner="RequestsLibrary">
<msg time="2024-04-05T23:14:32.069401" level="INFO">Creating Session using : alias=consultarAPI, url=https://randomuser.me/, headers={},                     cookies={}, auth=None, timeout=None, proxies=None, verify=False,                     debug=0 </msg>
<arg>consultarAPI</arg>
<arg>${URL}</arg>
<doc>Create Session: create a HTTP session to a server</doc>
<status status="PASS" start="2024-04-05T23:14:32.069192" elapsed="0.000389"/>
</kw>
<status status="PASS" start="2024-04-05T23:14:32.068143" elapsed="0.001841"/>
</kw>
<status status="PASS" start="2024-04-05T23:14:32.067519" elapsed="0.002684"/>
</test>
<test id="s1-s1-t2" name="Validar retorno 200 e JSON Válido" line="16">
<kw name="Teste de Requisicao Basica" owner="random-user-service">
<kw name="GET On Session" owner="RequestsLibrary">
<msg time="2024-04-05T23:14:32.191568" level="INFO">GET Request : url=https://randomuser.me/api 
 path_url=/api 
 headers={'User-Agent': 'python-requests/2.31.0', 'Accept-Encoding': 'gzip, deflate', 'Accept': '*/*', 'Connection': 'keep-alive'} 
 body=None 
 </msg>
<msg time="2024-04-05T23:14:32.191731" level="INFO">GET Response : url=https://randomuser.me/api 
 status=200, reason=OK 
 headers={'Date': 'Fri, 05 Apr 2024 23:14:32 GMT', 'Content-Type': 'application/json; charset=utf-8', 'Transfer-Encoding': 'chunked', 'Connection': 'keep-alive', 'X-Powered-By': 'Express', 'Access-Control-Allow-Origin': '*', 'Cache-Control': 'no-cache', 'ETag': 'W/"49c-27oYNeB1Pdcixwt2gYFE5tNBPEY"', 'Vary': 'Accept-Encoding', 'Content-Encoding': 'gzip', 'CF-Cache-Status': 'DYNAMIC', 'Report-To': '{"endpoints":[{"url":"https:\\/\\/a.nel.cloudflare.com\\/report\\/v4?s=qsKeDx%2BZNRSBEPLFBldlIlq63PxRmwsRxEmKRqb0FO%2BmHkUp96kAU5JgLUlKtxLj%2BPUq2O0BtrbUJZrzBHAfYQSQ2jkwyDJSXb4C2vuc3XjS6JYLmMEYDTT3U3QwdJlL"}],"group":"cf-nel","max_age":604800}', 'NEL': '{"success_fraction":0,"report_to":"cf-nel","max_age":604800}', 'Server': 'cloudflare', 'CF-RAY': '86fd3c26a86e67d1-SJC', 'alt-svc': 'h3=":443"; ma=86400'} 
 body={"results":[{"gender":"male","name":{"title":"Mr","first":"Larry","last":"Carter"},"location":{"street":{"number":8958,"name":"Henry Street"},"city":"Mountmellick","state":"Dún Laoghaire–Rathdown","country":"Ireland","postcode":52278,"coordinates":{"latitude":"0.1192","longitude":"-81.0065"},"timezone":{"offset":"+5:30","description":"Bombay, Calcutta, Madras, New Delhi"}},"email":"larry.carter@example.com","login":{"uuid":"92be4a37-a8f0-4eb9-af27-e9a665ee2e2a","username":"blackladybug901","password":"vintage","salt":"NI7d3SLQ","md5":"9074b0af8fe49ab1b7a39bc0aa82f28e","sha1":"a394d5821bcdbc642a184a0afdcc2f3be6ebe3f5","sha256":"e5b6cf3b66f23c870e189cc67af28ae7f9c9d9fac0c6a3e40061918c58ee2820"},"dob":{"date":"1977-06-16T16:21:58.609Z","age":46},"registered":{"date":"2016-01-30T03:05:20.974Z","age":8},"phone":"031-399-1816","cell":"081-882-7531","id":{"name":"PPS","value":"1087647T"},"picture":{"large":"https://randomuser.me/api/portraits/men/38.jpg","medium":"https://randomuser.me/api/portraits/med/men/38.jpg","thumbnail":"https://randomuser.me/api/portraits/thumb/men/38.jpg"},"nat":"IE"}],"info":{"seed":"2627219223914227","results":1,"page":1,"version":"1.4"}} 
 </msg>
<msg time="2024-04-05T23:14:32.191848" level="INFO">/opt/hostedtoolcache/Python/3.12.2/x64/lib/python3.12/site-packages/urllib3/connectionpool.py:1103: InsecureRequestWarning: Unverified HTTPS request is being made to host 'randomuser.me'. Adding certificate verification is strongly advised. See: https://urllib3.readthedocs.io/en/latest/advanced-usage.html#tls-warnings
  warnings.warn(</msg>
<msg time="2024-04-05T23:14:32.192009" level="INFO">${response} = &lt;Response [200]&gt;</msg>
<var>${response}</var>
<arg>consultarAPI</arg>
<arg>/api</arg>
<doc>Sends a GET request on a previously created HTTP Session.</doc>
<status status="PASS" start="2024-04-05T23:14:32.072831" elapsed="0.119224"/>
</kw>
<kw name="Should Be Equal As Numbers" owner="BuiltIn">
<msg time="2024-04-05T23:14:32.193104" level="INFO">Argument types are:
&lt;class 'int'&gt;
&lt;class 'str'&gt;</msg>
<arg>${response.status_code}</arg>
<arg>200</arg>
<doc>Fails if objects are unequal after converting them to real numbers.</doc>
<status status="PASS" start="2024-04-05T23:14:32.192636" elapsed="0.000541"/>
</kw>
<kw name="Log" owner="BuiltIn">
<msg time="2024-04-05T23:14:32.193859" level="INFO">200</msg>
<arg>${response.status_code}</arg>
<doc>Logs the given message with the given level.</doc>
<status status="PASS" start="2024-04-05T23:14:32.193501" elapsed="0.000403"/>
</kw>
<kw name="Set Variable" owner="BuiltIn">
<msg time="2024-04-05T23:14:32.194759" level="INFO">${json_data} = {'results': [{'gender': 'male', 'name': {'title': 'Mr', 'first': 'Larry', 'last': 'Carter'}, 'location': {'street': {'number': 8958, 'name': 'Henry Street'}, 'city': 'Mountmellick', 'state': 'Dún Laog...</msg>
<var>${json_data}</var>
<arg>${response.json()}</arg>
<doc>Returns the given values which can then be assigned to a variables.</doc>
<status status="PASS" start="2024-04-05T23:14:32.194303" elapsed="0.000486"/>
</kw>
<kw name="Dictionary Should Contain Key" owner="Collections">
<msg time="2024-04-05T23:14:32.195270" level="INFO">False</msg>
<arg>${json_data}</arg>
<arg>results</arg>
<doc>Fails if ``key`` is not found from ``dictionary``.</doc>
<status status="PASS" start="2024-04-05T23:14:32.195099" elapsed="0.000212"/>
</kw>
<status status="PASS" start="2024-04-05T23:14:32.072581" elapsed="0.122992"/>
</kw>
<doc>Testa se a API responde corretamente e retorna um objeto JSON válido.</doc>
<tag>testeRequisicaoBasica</tag>
<status status="PASS" start="2024-04-05T23:14:32.072040" elapsed="0.123730"/>
</test>
<test id="s1-s1-t3" name="Validar estrutura de resposta" line="22">
<kw name="Teste de Estrutura de Resposta" owner="random-user-service">
<kw name="GET On Session" owner="RequestsLibrary">
<msg time="2024-04-05T23:14:32.292395" level="INFO">GET Request : url=https://randomuser.me/api 
 path_url=/api 
 headers={'User-Agent': 'python-requests/2.31.0', 'Accept-Encoding': 'gzip, deflate', 'Accept': '*/*', 'Connection': 'keep-alive'} 
 body=None 
 </msg>
<msg time="2024-04-05T23:14:32.292510" level="INFO">GET Response : url=https://randomuser.me/api 
 status=200, reason=OK 
 headers={'Date': 'Fri, 05 Apr 2024 23:14:32 GMT', 'Content-Type': 'application/json; charset=utf-8', 'Transfer-Encoding': 'chunked', 'Connection': 'keep-alive', 'X-Powered-By': 'Express', 'Access-Control-Allow-Origin': '*', 'Cache-Control': 'no-cache', 'ETag': 'W/"4a3-giI5pm8IvWbnM2tx6xXCfnkzFF0"', 'Vary': 'Accept-Encoding', 'Content-Encoding': 'gzip', 'CF-Cache-Status': 'DYNAMIC', 'Report-To': '{"endpoints":[{"url":"https:\\/\\/a.nel.cloudflare.com\\/report\\/v4?s=TF5kWYoMRtGA8TpKopOUZYv8gDVRAQDSu1YUTCm%2BZrdpyDyZI7j%2BDwj2fnJdJoBuKg8H5hu1f2Ts5uDdJSC72CfV2Km0SqaIl0ABzPFl%2F90jal6yn7%2B9%2BYZGgVO30c4e"}],"group":"cf-nel","max_age":604800}', 'NEL': '{"success_fraction":0,"report_to":"cf-nel","max_age":604800}', 'Server': 'cloudflare', 'CF-RAY': '86fd3c2748d067d1-SJC', 'alt-svc': 'h3=":443"; ma=86400'} 
 body={"results":[{"gender":"male","name":{"title":"Mr","first":"Cesaltino","last":"Farias"},"location":{"street":{"number":6246,"name":"Rua Dom Pedro Ii "},"city":"Limeira","state":"Rio de Janeiro","country":"Brazil","postcode":83185,"coordinates":{"latitude":"-74.9559","longitude":"-24.8622"},"timezone":{"offset":"-5:00","description":"Eastern Time (US &amp; Canada), Bogota, Lima"}},"email":"cesaltino.farias@example.com","login":{"uuid":"363947ad-c06c-4156-b2ed-b6caff0f7347","username":"tinysnake753","password":"bone","salt":"VcyVhwzT","md5":"afb14a12db4452858908342c53b1b710","sha1":"a467c3229494b1fc3f9766c7fb568415e55d9ada","sha256":"4bcb666d217b3be1445ff715c5b5bc32c5b82f7b388de6bc3eb7dbfc9c7c2cc9"},"dob":{"date":"1966-07-19T06:48:27.267Z","age":57},"registered":{"date":"2018-03-05T23:23:47.768Z","age":6},"phone":"(99) 0942-3419","cell":"(24) 9718-9960","id":{"name":"CPF","value":"166.249.309-15"},"picture":{"large":"https://randomuser.me/api/portraits/men/64.jpg","medium":"https://randomuser.me/api/portraits/med/men/64.jpg","thumbnail":"https://randomuser.me/api/portraits/thumb/men/64.jpg"},"nat":"BR"}],"info":{"seed":"70be8f536829a807","results":1,"page":1,"version":"1.4"}} 
 </msg>
<msg time="2024-04-05T23:14:32.292668" level="INFO">/opt/hostedtoolcache/Python/3.12.2/x64/lib/python3.12/site-packages/urllib3/connectionpool.py:1103: InsecureRequestWarning: Unverified HTTPS request is being made to host 'randomuser.me'. Adding certificate verification is strongly advised. See: https://urllib3.readthedocs.io/en/latest/advanced-usage.html#tls-warnings
  warnings.warn(</msg>
<msg time="2024-04-05T23:14:32.292793" level="INFO">${response} = &lt;Response [200]&gt;</msg>
<var>${response}</var>
<arg>consultarAPI</arg>
<arg>/api</arg>
<doc>Sends a GET request on a previously created HTTP Session.</doc>
<status status="PASS" start="2024-04-05T23:14:32.198558" elapsed="0.094266"/>
</kw>
<kw name="Set Variable" owner="BuiltIn">
<msg time="2024-04-05T23:14:32.293909" level="INFO">${json_data} = {'results': [{'gender': 'male', 'name': {'title': 'Mr', 'first': 'Cesaltino', 'last': 'Farias'}, 'location': {'street': {'number': 6246, 'name': 'Rua Dom Pedro Ii '}, 'city': 'Limeira', 'state': 'Rio ...</msg>
<var>${json_data}</var>
<arg>${response.json()}</arg>
<doc>Returns the given values which can then be assigned to a variables.</doc>
<status status="PASS" start="2024-04-05T23:14:32.293386" elapsed="0.000604"/>
</kw>
<kw name="Log" owner="BuiltIn">
<msg time="2024-04-05T23:14:32.294488" level="INFO">{'results': [{'gender': 'male', 'name': {'title': 'Mr', 'first': 'Cesaltino', 'last': 'Farias'}, 'location': {'street': {'number': 6246, 'name': 'Rua Dom Pedro Ii '}, 'city': 'Limeira', 'state': 'Rio de Janeiro', 'country': 'Brazil', 'postcode': 83185, 'coordinates': {'latitude': '-74.9559', 'longitude': '-24.8622'}, 'timezone': {'offset': '-5:00', 'description': 'Eastern Time (US &amp; Canada), Bogota, Lima'}}, 'email': 'cesaltino.farias@example.com', 'login': {'uuid': '363947ad-c06c-4156-b2ed-b6caff0f7347', 'username': 'tinysnake753', 'password': 'bone', 'salt': 'VcyVhwzT', 'md5': 'afb14a12db4452858908342c53b1b710', 'sha1': 'a467c3229494b1fc3f9766c7fb568415e55d9ada', 'sha256': '4bcb666d217b3be1445ff715c5b5bc32c5b82f7b388de6bc3eb7dbfc9c7c2cc9'}, 'dob': {'date': '1966-07-19T06:48:27.267Z', 'age': 57}, 'registered': {'date': '2018-03-05T23:23:47.768Z', 'age': 6}, 'phone': '(99) 0942-3419', 'cell': '(24) 9718-9960', 'id': {'name': 'CPF', 'value': '166.249.309-15'}, 'picture': {'large': 'https://randomuser.me/api/portraits/men/64.jpg', 'medium': 'https://randomuser.me/api/portraits/med/men/64.jpg', 'thumbnail': 'https://randomuser.me/api/portraits/thumb/men/64.jpg'}, 'nat': 'BR'}], 'info': {'seed': '70be8f536829a807', 'results': 1, 'page': 1, 'version': '1.4'}}</msg>
<arg>${json_data}</arg>
<doc>Logs the given message with the given level.</doc>
<status status="PASS" start="2024-04-05T23:14:32.294325" elapsed="0.000213"/>
</kw>
<kw name="Dictionary Should Contain Key" owner="Collections">
<msg time="2024-04-05T23:14:32.295004" level="INFO">False</msg>
<arg>${json_data}</arg>
<arg>results</arg>
<doc>Fails if ``key`` is not found from ``dictionary``.</doc>
<status status="PASS" start="2024-04-05T23:14:32.294842" elapsed="0.000201"/>
</kw>
<kw name="Should Not Be Empty" owner="BuiltIn">
<msg time="2024-04-05T23:14:32.295479" level="INFO">Length is 2.</msg>
<arg>${json_data}</arg>
<doc>Verifies that the given item is not empty.</doc>
<status status="PASS" start="2024-04-05T23:14:32.295343" elapsed="0.000177"/>
</kw>
<kw name="Create List" owner="BuiltIn">
<msg time="2024-04-05T23:14:32.295968" level="INFO">${expected_keys} = ['gender', 'name', 'location', 'email', 'login']</msg>
<var>${expected_keys}</var>
<arg>gender</arg>
<arg>name</arg>
<arg>location</arg>
<arg>email</arg>
<arg>login</arg>
<doc>Returns a list containing given items.</doc>
<status status="PASS" start="2024-04-05T23:14:32.295817" elapsed="0.000176"/>
</kw>
<for flavor="IN">
<iter>
<kw name="Dictionary Should Contain Key" owner="Collections">
<msg time="2024-04-05T23:14:32.296995" level="INFO">False</msg>
<arg>${json_data['results'][0]}</arg>
<arg>${key}</arg>
<doc>Fails if ``key`` is not found from ``dictionary``.</doc>
<status status="PASS" start="2024-04-05T23:14:32.296586" elapsed="0.000450"/>
</kw>
<kw name="Log" owner="BuiltIn">
<msg time="2024-04-05T23:14:32.297728" level="INFO">{'gender': 'male', 'name': {'title': 'Mr', 'first': 'Cesaltino', 'last': 'Farias'}, 'location': {'street': {'number': 6246, 'name': 'Rua Dom Pedro Ii '}, 'city': 'Limeira', 'state': 'Rio de Janeiro', 'country': 'Brazil', 'postcode': 83185, 'coordinates': {'latitude': '-74.9559', 'longitude': '-24.8622'}, 'timezone': {'offset': '-5:00', 'description': 'Eastern Time (US &amp; Canada), Bogota, Lima'}}, 'email': 'cesaltino.farias@example.com', 'login': {'uuid': '363947ad-c06c-4156-b2ed-b6caff0f7347', 'username': 'tinysnake753', 'password': 'bone', 'salt': 'VcyVhwzT', 'md5': 'afb14a12db4452858908342c53b1b710', 'sha1': 'a467c3229494b1fc3f9766c7fb568415e55d9ada', 'sha256': '4bcb666d217b3be1445ff715c5b5bc32c5b82f7b388de6bc3eb7dbfc9c7c2cc9'}, 'dob': {'date': '1966-07-19T06:48:27.267Z', 'age': 57}, 'registered': {'date': '2018-03-05T23:23:47.768Z', 'age': 6}, 'phone': '(99) 0942-3419', 'cell': '(24) 9718-9960', 'id': {'name': 'CPF', 'value': '166.249.309-15'}, 'picture': {'large': 'https://randomuser.me/api/portraits/men/64.jpg', 'medium': 'https://randomuser.me/api/portraits/med/men/64.jpg', 'thumbnail': 'https://randomuser.me/api/portraits/thumb/men/64.jpg'}, 'nat': 'BR'}</msg>
<arg>${json_data['results'][0]}</arg>
<doc>Logs the given message with the given level.</doc>
<status status="PASS" start="2024-04-05T23:14:32.297353" elapsed="0.000426"/>
</kw>
<kw name="Log" owner="BuiltIn">
<msg time="2024-04-05T23:14:32.298258" level="INFO">gender</msg>
<arg>${key}</arg>
<doc>Logs the given message with the given level.</doc>
<status status="PASS" start="2024-04-05T23:14:32.298123" elapsed="0.000176"/>
</kw>
<var name="${key}">gender</var>
<status status="PASS" start="2024-04-05T23:14:32.296458" elapsed="0.002065"/>
</iter>
<iter>
<kw name="Dictionary Should Contain Key" owner="Collections">
<msg time="2024-04-05T23:14:32.299232" level="INFO">False</msg>
<arg>${json_data['results'][0]}</arg>
<arg>${key}</arg>
<doc>Fails if ``key`` is not found from ``dictionary``.</doc>
<status status="PASS" start="2024-04-05T23:14:32.298835" elapsed="0.000437"/>
</kw>
<kw name="Log" owner="BuiltIn">
<msg time="2024-04-05T23:14:32.299967" level="INFO">{'gender': 'male', 'name': {'title': 'Mr', 'first': 'Cesaltino', 'last': 'Farias'}, 'location': {'street': {'number': 6246, 'name': 'Rua Dom Pedro Ii '}, 'city': 'Limeira', 'state': 'Rio de Janeiro', 'country': 'Brazil', 'postcode': 83185, 'coordinates': {'latitude': '-74.9559', 'longitude': '-24.8622'}, 'timezone': {'offset': '-5:00', 'description': 'Eastern Time (US &amp; Canada), Bogota, Lima'}}, 'email': 'cesaltino.farias@example.com', 'login': {'uuid': '363947ad-c06c-4156-b2ed-b6caff0f7347', 'username': 'tinysnake753', 'password': 'bone', 'salt': 'VcyVhwzT', 'md5': 'afb14a12db4452858908342c53b1b710', 'sha1': 'a467c3229494b1fc3f9766c7fb568415e55d9ada', 'sha256': '4bcb666d217b3be1445ff715c5b5bc32c5b82f7b388de6bc3eb7dbfc9c7c2cc9'}, 'dob': {'date': '1966-07-19T06:48:27.267Z', 'age': 57}, 'registered': {'date': '2018-03-05T23:23:47.768Z', 'age': 6}, 'phone': '(99) 0942-3419', 'cell': '(24) 9718-9960', 'id': {'name': 'CPF', 'value': '166.249.309-15'}, 'picture': {'large': 'https://randomuser.me/api/portraits/men/64.jpg', 'medium': 'https://randomuser.me/api/portraits/med/men/64.jpg', 'thumbnail': 'https://randomuser.me/api/portraits/thumb/men/64.jpg'}, 'nat': 'BR'}</msg>
<arg>${json_data['results'][0]}</arg>
<doc>Logs the given message with the given level.</doc>
<status status="PASS" start="2024-04-05T23:14:32.299604" elapsed="0.000414"/>
</kw>
<kw name="Log" owner="BuiltIn">
<msg time="2024-04-05T23:14:32.300450" level="INFO">name</msg>
<arg>${key}</arg>
<doc>Logs the given message with the given level.</doc>
<status status="PASS" start="2024-04-05T23:14:32.300319" elapsed="0.000170"/>
</kw>
<var name="${key}">name</var>
<status status="PASS" start="2024-04-05T23:14:32.298719" elapsed="0.001992"/>
</iter>
<iter>
<kw name="Dictionary Should Contain Key" owner="Collections">
<msg time="2024-04-05T23:14:32.301380" level="INFO">False</msg>
<arg>${json_data['results'][0]}</arg>
<arg>${key}</arg>
<doc>Fails if ``key`` is not found from ``dictionary``.</doc>
<status status="PASS" start="2024-04-05T23:14:32.301005" elapsed="0.000414"/>
</kw>
<kw name="Log" owner="BuiltIn">
<msg time="2024-04-05T23:14:32.302187" level="INFO">{'gender': 'male', 'name': {'title': 'Mr', 'first': 'Cesaltino', 'last': 'Farias'}, 'location': {'street': {'number': 6246, 'name': 'Rua Dom Pedro Ii '}, 'city': 'Limeira', 'state': 'Rio de Janeiro', 'country': 'Brazil', 'postcode': 83185, 'coordinates': {'latitude': '-74.9559', 'longitude': '-24.8622'}, 'timezone': {'offset': '-5:00', 'description': 'Eastern Time (US &amp; Canada), Bogota, Lima'}}, 'email': 'cesaltino.farias@example.com', 'login': {'uuid': '363947ad-c06c-4156-b2ed-b6caff0f7347', 'username': 'tinysnake753', 'password': 'bone', 'salt': 'VcyVhwzT', 'md5': 'afb14a12db4452858908342c53b1b710', 'sha1': 'a467c3229494b1fc3f9766c7fb568415e55d9ada', 'sha256': '4bcb666d217b3be1445ff715c5b5bc32c5b82f7b388de6bc3eb7dbfc9c7c2cc9'}, 'dob': {'date': '1966-07-19T06:48:27.267Z', 'age': 57}, 'registered': {'date': '2018-03-05T23:23:47.768Z', 'age': 6}, 'phone': '(99) 0942-3419', 'cell': '(24) 9718-9960', 'id': {'name': 'CPF', 'value': '166.249.309-15'}, 'picture': {'large': 'https://randomuser.me/api/portraits/men/64.jpg', 'medium': 'https://randomuser.me/api/portraits/med/men/64.jpg', 'thumbnail': 'https://randomuser.me/api/portraits/thumb/men/64.jpg'}, 'nat': 'BR'}</msg>
<arg>${json_data['results'][0]}</arg>
<doc>Logs the given message with the given level.</doc>
<status status="PASS" start="2024-04-05T23:14:32.301734" elapsed="0.000528"/>
</kw>
<kw name="Log" owner="BuiltIn">
<msg time="2024-04-05T23:14:32.302787" level="INFO">location</msg>
<arg>${key}</arg>
<doc>Logs the given message with the given level.</doc>
<status status="PASS" start="2024-04-05T23:14:32.302622" elapsed="0.000207"/>
</kw>
<var name="${key}">location</var>
<status status="PASS" start="2024-04-05T23:14:32.300893" elapsed="0.002202"/>
</iter>
<iter>
<kw name="Dictionary Should Contain Key" owner="Collections">
<msg time="2024-04-05T23:14:32.303921" level="INFO">False</msg>
<arg>${json_data['results'][0]}</arg>
<arg>${key}</arg>
<doc>Fails if ``key`` is not found from ``dictionary``.</doc>
<status status="PASS" start="2024-04-05T23:14:32.303455" elapsed="0.000518"/>
</kw>
<kw name="Log" owner="BuiltIn">
<msg time="2024-04-05T23:14:32.304785" level="INFO">{'gender': 'male', 'name': {'title': 'Mr', 'first': 'Cesaltino', 'last': 'Farias'}, 'location': {'street': {'number': 6246, 'name': 'Rua Dom Pedro Ii '}, 'city': 'Limeira', 'state': 'Rio de Janeiro', 'country': 'Brazil', 'postcode': 83185, 'coordinates': {'latitude': '-74.9559', 'longitude': '-24.8622'}, 'timezone': {'offset': '-5:00', 'description': 'Eastern Time (US &amp; Canada), Bogota, Lima'}}, 'email': 'cesaltino.farias@example.com', 'login': {'uuid': '363947ad-c06c-4156-b2ed-b6caff0f7347', 'username': 'tinysnake753', 'password': 'bone', 'salt': 'VcyVhwzT', 'md5': 'afb14a12db4452858908342c53b1b710', 'sha1': 'a467c3229494b1fc3f9766c7fb568415e55d9ada', 'sha256': '4bcb666d217b3be1445ff715c5b5bc32c5b82f7b388de6bc3eb7dbfc9c7c2cc9'}, 'dob': {'date': '1966-07-19T06:48:27.267Z', 'age': 57}, 'registered': {'date': '2018-03-05T23:23:47.768Z', 'age': 6}, 'phone': '(99) 0942-3419', 'cell': '(24) 9718-9960', 'id': {'name': 'CPF', 'value': '166.249.309-15'}, 'picture': {'large': 'https://randomuser.me/api/portraits/men/64.jpg', 'medium': 'https://randomuser.me/api/portraits/med/men/64.jpg', 'thumbnail': 'https://randomuser.me/api/portraits/thumb/men/64.jpg'}, 'nat': 'BR'}</msg>
<arg>${json_data['results'][0]}</arg>
<doc>Logs the given message with the given level.</doc>
<status status="PASS" start="2024-04-05T23:14:32.304340" elapsed="0.000498"/>
</kw>
<kw name="Log" owner="BuiltIn">
<msg time="2024-04-05T23:14:32.305282" level="INFO">email</msg>
<arg>${key}</arg>
<doc>Logs the given message with the given level.</doc>
<status status="PASS" start="2024-04-05T23:14:32.305151" elapsed="0.000171"/>
</kw>
<var name="${key}">email</var>
<status status="PASS" start="2024-04-05T23:14:32.303321" elapsed="0.002219"/>
</iter>
<iter>
<kw name="Dictionary Should Contain Key" owner="Collections">
<msg time="2024-04-05T23:14:32.306243" level="INFO">False</msg>
<arg>${json_data['results'][0]}</arg>
<arg>${key}</arg>
<doc>Fails if ``key`` is not found from ``dictionary``.</doc>
<status status="PASS" start="2024-04-05T23:14:32.305836" elapsed="0.000446"/>
</kw>
<kw name="Log" owner="BuiltIn">
<msg time="2024-04-05T23:14:32.306953" level="INFO">{'gender': 'male', 'name': {'title': 'Mr', 'first': 'Cesaltino', 'last': 'Farias'}, 'location': {'street': {'number': 6246, 'name': 'Rua Dom Pedro Ii '}, 'city': 'Limeira', 'state': 'Rio de Janeiro', 'country': 'Brazil', 'postcode': 83185, 'coordinates': {'latitude': '-74.9559', 'longitude': '-24.8622'}, 'timezone': {'offset': '-5:00', 'description': 'Eastern Time (US &amp; Canada), Bogota, Lima'}}, 'email': 'cesaltino.farias@example.com', 'login': {'uuid': '363947ad-c06c-4156-b2ed-b6caff0f7347', 'username': 'tinysnake753', 'password': 'bone', 'salt': 'VcyVhwzT', 'md5': 'afb14a12db4452858908342c53b1b710', 'sha1': 'a467c3229494b1fc3f9766c7fb568415e55d9ada', 'sha256': '4bcb666d217b3be1445ff715c5b5bc32c5b82f7b388de6bc3eb7dbfc9c7c2cc9'}, 'dob': {'date': '1966-07-19T06:48:27.267Z', 'age': 57}, 'registered': {'date': '2018-03-05T23:23:47.768Z', 'age': 6}, 'phone': '(99) 0942-3419', 'cell': '(24) 9718-9960', 'id': {'name': 'CPF', 'value': '166.249.309-15'}, 'picture': {'large': 'https://randomuser.me/api/portraits/men/64.jpg', 'medium': 'https://randomuser.me/api/portraits/med/men/64.jpg', 'thumbnail': 'https://randomuser.me/api/portraits/thumb/men/64.jpg'}, 'nat': 'BR'}</msg>
<arg>${json_data['results'][0]}</arg>
<doc>Logs the given message with the given level.</doc>
<status status="PASS" start="2024-04-05T23:14:32.306582" elapsed="0.000420"/>
</kw>
<kw name="Log" owner="BuiltIn">
<msg time="2024-04-05T23:14:32.307432" level="INFO">login</msg>
<arg>${key}</arg>
<doc>Logs the given message with the given level.</doc>
<status status="PASS" start="2024-04-05T23:14:32.307304" elapsed="0.000313"/>
</kw>
<var name="${key}">login</var>
<status status="PASS" start="2024-04-05T23:14:32.305718" elapsed="0.002130"/>
</iter>
<var>${key}</var>
<value>@{expected_keys}</value>
<status status="PASS" start="2024-04-05T23:14:32.296260" elapsed="0.011713"/>
</for>
<kw name="Create List" owner="BuiltIn">
<msg time="2024-04-05T23:14:32.308312" level="INFO">${expected_keysTwo} = ['username', 'password']</msg>
<var>${expected_keysTwo}</var>
<arg>username</arg>
<arg>password</arg>
<doc>Returns a list containing given items.</doc>
<status status="PASS" start="2024-04-05T23:14:32.308171" elapsed="0.000165"/>
</kw>
<for flavor="IN">
<iter>
<kw name="Dictionary Should Contain Key" owner="Collections">
<msg time="2024-04-05T23:14:32.309233" level="INFO">False</msg>
<arg>${json_data['results'][0]['login']}</arg>
<arg>${keyTwo}</arg>
<doc>Fails if ``key`` is not found from ``dictionary``.</doc>
<status status="PASS" start="2024-04-05T23:14:32.308851" elapsed="0.000420"/>
</kw>
<kw name="Dictionary Should Contain Key" owner="Collections">
<msg time="2024-04-05T23:14:32.309989" level="INFO">False</msg>
<arg>${json_data['results'][0]['login']}</arg>
<arg>${keyTwo}</arg>
<doc>Fails if ``key`` is not found from ``dictionary``.</doc>
<status status="PASS" start="2024-04-05T23:14:32.309570" elapsed="0.000470"/>
</kw>
<kw name="Log" owner="BuiltIn">
<msg time="2024-04-05T23:14:32.310470" level="INFO">username</msg>
<arg>${keyTwo}</arg>
<doc>Logs the given message with the given level.</doc>
<status status="PASS" start="2024-04-05T23:14:32.310341" elapsed="0.000167"/>
</kw>
<var name="${keyTwo}">username</var>
<status status="PASS" start="2024-04-05T23:14:32.308738" elapsed="0.001986"/>
</iter>
<iter>
<kw name="Dictionary Should Contain Key" owner="Collections">
<msg time="2024-04-05T23:14:32.311388" level="INFO">False</msg>
<arg>${json_data['results'][0]['login']}</arg>
<arg>${keyTwo}</arg>
<doc>Fails if ``key`` is not found from ``dictionary``.</doc>
<status status="PASS" start="2024-04-05T23:14:32.311009" elapsed="0.000417"/>
</kw>
<kw name="Dictionary Should Contain Key" owner="Collections">
<msg time="2024-04-05T23:14:32.312139" level="INFO">False</msg>
<arg>${json_data['results'][0]['login']}</arg>
<arg>${keyTwo}</arg>
<doc>Fails if ``key`` is not found from ``dictionary``.</doc>
<status status="PASS" start="2024-04-05T23:14:32.311723" elapsed="0.000454"/>
</kw>
<kw name="Log" owner="BuiltIn">
<msg time="2024-04-05T23:14:32.312611" level="INFO">password</msg>
<arg>${keyTwo}</arg>
<doc>Logs the given message with the given level.</doc>
<status status="PASS" start="2024-04-05T23:14:32.312480" elapsed="0.000170"/>
</kw>
<var name="${keyTwo}">password</var>
<status status="PASS" start="2024-04-05T23:14:32.310899" elapsed="0.001971"/>
</iter>
<var>${keyTwo}</var>
<value>@{expected_keysTwo}</value>
<status status="PASS" start="2024-04-05T23:14:32.308580" elapsed="0.004415"/>
</for>
<status status="PASS" start="2024-04-05T23:14:32.198319" elapsed="0.114826"/>
</kw>
<doc>Testa a estrutura da resposta da API.</doc>
<tag>testeEstruturaResposta</tag>
<status status="PASS" start="2024-04-05T23:14:32.197635" elapsed="0.115686"/>
</test>
<test id="s1-s1-t4" name="Validar tipos de dados" line="28">
<kw name="Teste de Tipos de Dados" owner="random-user-service">
<kw name="GET On Session" owner="RequestsLibrary">
<msg time="2024-04-05T23:14:32.415049" level="INFO">GET Request : url=https://randomuser.me/api 
 path_url=/api 
 headers={'User-Agent': 'python-requests/2.31.0', 'Accept-Encoding': 'gzip, deflate', 'Accept': '*/*', 'Connection': 'keep-alive'} 
 body=None 
 </msg>
<msg time="2024-04-05T23:14:32.415148" level="INFO">GET Response : url=https://randomuser.me/api 
 status=200, reason=OK 
 headers={'Date': 'Fri, 05 Apr 2024 23:14:32 GMT', 'Content-Type': 'application/json; charset=utf-8', 'Transfer-Encoding': 'chunked', 'Connection': 'keep-alive', 'X-Powered-By': 'Express', 'Access-Control-Allow-Origin': '*', 'Cache-Control': 'no-cache', 'ETag': 'W/"489-CDEI9bZvPeRjhhEAXMJgfTGSiIA"', 'Vary': 'Accept-Encoding', 'Content-Encoding': 'gzip', 'CF-Cache-Status': 'DYNAMIC', 'Report-To': '{"endpoints":[{"url":"https:\\/\\/a.nel.cloudflare.com\\/report\\/v4?s=IADszXGBYX%2F5rAYsYCL%2Far17OwevZP%2ByBGf04jB5NV6Z0pG%2B644SQwLsM9GGXbFCG64jh%2BL%2B1K2mZdmWKAk20hOBAHrC4mrO5kypYk9aSaitqbFe0OwHlYzvKrg8FUFe"}],"group":"cf-nel","max_age":604800}', 'NEL': '{"success_fraction":0,"report_to":"cf-nel","max_age":604800}', 'Server': 'cloudflare', 'CF-RAY': '86fd3c27f93a67d1-SJC', 'alt-svc': 'h3=":443"; ma=86400'} 
 body={"results":[{"gender":"male","name":{"title":"Mr","first":"Mateja","last":"Abramović"},"location":{"street":{"number":433,"name":"Ljubiše Glišića "},"city":"Subotica","state":"North Bačka","country":"Serbia","postcode":64416,"coordinates":{"latitude":"61.5491","longitude":"-34.2894"},"timezone":{"offset":"+6:00","description":"Almaty, Dhaka, Colombo"}},"email":"mateja.abramovic@example.com","login":{"uuid":"60c07c79-6709-4a5f-b6e4-41cd2632e84d","username":"tinyfish362","password":"gerard","salt":"yBbMNt9T","md5":"a4d28f58eef26f72ac2c9d4035cb4f5c","sha1":"53dcd66427768c040768d1e764b5034fa1a23dd7","sha256":"38ea25a6e6ffa2101436b5b82357eac286446b919d083236153579228013be97"},"dob":{"date":"1948-10-29T21:44:45.074Z","age":75},"registered":{"date":"2017-11-04T00:00:41.585Z","age":6},"phone":"014-2195-388","cell":"064-8108-238","id":{"name":"SID","value":"861638348"},"picture":{"large":"https://randomuser.me/api/portraits/men/85.jpg","medium":"https://randomuser.me/api/portraits/med/men/85.jpg","thumbnail":"https://randomuser.me/api/portraits/thumb/men/85.jpg"},"nat":"RS"}],"info":{"seed":"25c739661e5d88ee","results":1,"page":1,"version":"1.4"}} 
 </msg>
<msg time="2024-04-05T23:14:32.415220" level="INFO">/opt/hostedtoolcache/Python/3.12.2/x64/lib/python3.12/site-packages/urllib3/connectionpool.py:1103: InsecureRequestWarning: Unverified HTTPS request is being made to host 'randomuser.me'. Adding certificate verification is strongly advised. See: https://urllib3.readthedocs.io/en/latest/advanced-usage.html#tls-warnings
  warnings.warn(</msg>
<msg time="2024-04-05T23:14:32.415338" level="INFO">${response} = &lt;Response [200]&gt;</msg>
<var>${response}</var>
<arg>consultarAPI</arg>
<arg>/api</arg>
<doc>Sends a GET request on a previously created HTTP Session.</doc>
<status status="PASS" start="2024-04-05T23:14:32.315833" elapsed="0.099564"/>
</kw>
<kw name="Set Variable" owner="BuiltIn">
<msg time="2024-04-05T23:14:32.416447" level="INFO">${json_data} = {'results': [{'gender': 'male', 'name': {'title': 'Mr', 'first': 'Mateja', 'last': 'Abramović'}, 'location': {'street': {'number': 433, 'name': 'Ljubiše Glišića '}, 'city': 'Subotica', 'state': 'North...</msg>
<var>${json_data}</var>
<arg>${response.json()}</arg>
<doc>Returns the given values which can then be assigned to a variables.</doc>
<status status="PASS" start="2024-04-05T23:14:32.415922" elapsed="0.000561"/>
</kw>
<kw name="Log" owner="BuiltIn">
<msg time="2024-04-05T23:14:32.416973" level="INFO">{'results': [{'gender': 'male', 'name': {'title': 'Mr', 'first': 'Mateja', 'last': 'Abramović'}, 'location': {'street': {'number': 433, 'name': 'Ljubiše Glišića '}, 'city': 'Subotica', 'state': 'North Bačka', 'country': 'Serbia', 'postcode': 64416, 'coordinates': {'latitude': '61.5491', 'longitude': '-34.2894'}, 'timezone': {'offset': '+6:00', 'description': 'Almaty, Dhaka, Colombo'}}, 'email': 'mateja.abramovic@example.com', 'login': {'uuid': '60c07c79-6709-4a5f-b6e4-41cd2632e84d', 'username': 'tinyfish362', 'password': 'gerard', 'salt': 'yBbMNt9T', 'md5': 'a4d28f58eef26f72ac2c9d4035cb4f5c', 'sha1': '53dcd66427768c040768d1e764b5034fa1a23dd7', 'sha256': '38ea25a6e6ffa2101436b5b82357eac286446b919d083236153579228013be97'}, 'dob': {'date': '1948-10-29T21:44:45.074Z', 'age': 75}, 'registered': {'date': '2017-11-04T00:00:41.585Z', 'age': 6}, 'phone': '014-2195-388', 'cell': '064-8108-238', 'id': {'name': 'SID', 'value': '861638348'}, 'picture': {'large': 'https://randomuser.me/api/portraits/men/85.jpg', 'medium': 'https://randomuser.me/api/portraits/med/men/85.jpg', 'thumbnail': 'https://randomuser.me/api/portraits/thumb/men/85.jpg'}, 'nat': 'RS'}], 'info': {'seed': '25c739661e5d88ee', 'results': 1, 'page': 1, 'version': '1.4'}}</msg>
<arg>${json_data}</arg>
<doc>Logs the given message with the given level.</doc>
<status status="PASS" start="2024-04-05T23:14:32.416803" elapsed="0.000261"/>
</kw>
<kw name="Should Be String" owner="String">
<arg>${json_data['results'][0]['gender']}</arg>
<doc>Fails if the given ``item`` is not a string.</doc>
<status status="PASS" start="2024-04-05T23:14:32.417383" elapsed="0.000373"/>
</kw>
<kw name="Should Match Regexp" owner="BuiltIn">
<arg>${json_data['results'][0]['email']}</arg>
<arg>^[a-zA-Z0-9._%+-]+@[a-zA-Z0-9.-]+\.[a-zA-Z]{2,}$</arg>
<doc>Fails if ``string`` does not match ``pattern`` as a regular expression.</doc>
<status status="PASS" start="2024-04-05T23:14:32.417983" elapsed="0.000538"/>
</kw>
<kw name="Should Match Regexp" owner="BuiltIn">
<arg>${json_data['results'][0]['dob']['date']}</arg>
<arg>\\d{4}-\\d{2}-\\d{2}T\\d{2}:\\d{2}:\\d{2}\\.\\d{3}Z</arg>
<doc>Fails if ``string`` does not match ``pattern`` as a regular expression.</doc>
<status status="PASS" start="2024-04-05T23:14:32.418721" elapsed="0.000496"/>
</kw>
<kw name="Should Match Regexp" owner="BuiltIn">
<arg>${json_data['results'][0]['registered']['date']}</arg>
<arg>\\d{4}-\\d{2}-\\d{2}T\\d{2}:\\d{2}:\\d{2}\\.\\d{3}Z</arg>
<doc>Fails if ``string`` does not match ``pattern`` as a regular expression.</doc>
<status status="PASS" start="2024-04-05T23:14:32.419412" elapsed="0.000368"/>
</kw>
<kw name="Should Match Regexp" owner="BuiltIn">
<arg>${json_data['results'][0]['picture']['large']}</arg>
<arg>^https?://.*\.(?:png|jpe?g|gif|bmp)$</arg>
<doc>Fails if ``string`` does not match ``pattern`` as a regular expression.</doc>
<status status="PASS" start="2024-04-05T23:14:32.419968" elapsed="0.000470"/>
</kw>
<kw name="Should Match Regexp" owner="BuiltIn">
<arg>${json_data['results'][0]['picture']['medium']}</arg>
<arg>^https?://.*\.(?:png|jpe?g|gif|bmp)$</arg>
<doc>Fails if ``string`` does not match ``pattern`` as a regular expression.</doc>
<status status="PASS" start="2024-04-05T23:14:32.420636" elapsed="0.000352"/>
</kw>
<kw name="Should Match Regexp" owner="BuiltIn">
<arg>${json_data['results'][0]['picture']['thumbnail']}</arg>
<arg>^https?://.*\.(?:png|jpe?g|gif|bmp)$</arg>
<doc>Fails if ``string`` does not match ``pattern`` as a regular expression.</doc>
<status status="PASS" start="2024-04-05T23:14:32.421176" elapsed="0.000352"/>
</kw>
<kw name="Log" owner="BuiltIn">
<msg time="2024-04-05T23:14:32.422114" level="INFO">{'large': 'https://randomuser.me/api/portraits/men/85.jpg', 'medium': 'https://randomuser.me/api/portraits/med/men/85.jpg', 'thumbnail': 'https://randomuser.me/api/portraits/thumb/men/85.jpg'}</msg>
<arg>${json_data['results'][0]['picture']}</arg>
<doc>Logs the given message with the given level.</doc>
<status status="PASS" start="2024-04-05T23:14:32.421717" elapsed="0.000441"/>
</kw>
<status status="PASS" start="2024-04-05T23:14:32.315595" elapsed="0.106834"/>
</kw>
<kw name="Teste de Tipos de Dados - Postcode" owner="random-user-service">
<kw name="GET On Session" owner="RequestsLibrary">
<msg time="2024-04-05T23:14:32.507155" level="INFO">GET Request : url=https://randomuser.me/api 
 path_url=/api 
 headers={'User-Agent': 'python-requests/2.31.0', 'Accept-Encoding': 'gzip, deflate', 'Accept': '*/*', 'Connection': 'keep-alive'} 
 body=None 
 </msg>
<msg time="2024-04-05T23:14:32.507253" level="INFO">GET Response : url=https://randomuser.me/api 
 status=200, reason=OK 
 headers={'Date': 'Fri, 05 Apr 2024 23:14:32 GMT', 'Content-Type': 'application/json; charset=utf-8', 'Transfer-Encoding': 'chunked', 'Connection': 'keep-alive', 'X-Powered-By': 'Express', 'Access-Control-Allow-Origin': '*', 'Cache-Control': 'no-cache', 'ETag': 'W/"475-BZMsfjaEBGnMRiyUydrLd4TyZKI"', 'Vary': 'Accept-Encoding', 'Content-Encoding': 'gzip', 'CF-Cache-Status': 'DYNAMIC', 'Report-To': '{"endpoints":[{"url":"https:\\/\\/a.nel.cloudflare.com\\/report\\/v4?s=GASAGQeDyOgRxd7Q%2FySuZJ1vlZv%2FjZiR0lnZ8UiMwsv6jJXiWMhmI90ISW0TH2sJztK5H0y%2BnEyi3GWKiCAQIEBoH58Q0Kc0pB1wtFlYWjWmvbz5CsozPFKdFAo%2FZDa9"}],"group":"cf-nel","max_age":604800}', 'NEL': '{"success_fraction":0,"report_to":"cf-nel","max_age":604800}', 'Server': 'cloudflare', 'CF-RAY': '86fd3c28a9a867d1-SJC', 'alt-svc': 'h3=":443"; ma=86400'} 
 body={"results":[{"gender":"male","name":{"title":"Mr","first":"Adolfo","last":"Jiménez"},"location":{"street":{"number":3525,"name":"Calle de Pedro Bosch"},"city":"Logroño","state":"Melilla","country":"Spain","postcode":57832,"coordinates":{"latitude":"-36.4339","longitude":"-76.5384"},"timezone":{"offset":"-9:00","description":"Alaska"}},"email":"adolfo.jimenez@example.com","login":{"uuid":"071597d8-4113-483b-8f04-b86844d73245","username":"angryelephant753","password":"zhao","salt":"tgfoFpQb","md5":"34584fdd53278c90fd857c25fa18a7de","sha1":"68d71918f0eb60ab0e88667a6c14f69bab52030d","sha256":"804c14958eda62f9d6899c359718f0e8de1f6d83f440c8f1332fcfb7f91d7a15"},"dob":{"date":"1976-03-06T03:56:20.935Z","age":48},"registered":{"date":"2010-04-15T04:40:27.520Z","age":13},"phone":"922-841-123","cell":"676-120-044","id":{"name":"DNI","value":"34477055-N"},"picture":{"large":"https://randomuser.me/api/portraits/men/55.jpg","medium":"https://randomuser.me/api/portraits/med/men/55.jpg","thumbnail":"https://randomuser.me/api/portraits/thumb/men/55.jpg"},"nat":"ES"}],"info":{"seed":"c329ec12a59fe0b2","results":1,"page":1,"version":"1.4"}} 
 </msg>
<msg time="2024-04-05T23:14:32.507343" level="INFO">/opt/hostedtoolcache/Python/3.12.2/x64/lib/python3.12/site-packages/urllib3/connectionpool.py:1103: InsecureRequestWarning: Unverified HTTPS request is being made to host 'randomuser.me'. Adding certificate verification is strongly advised. See: https://urllib3.readthedocs.io/en/latest/advanced-usage.html#tls-warnings
  warnings.warn(</msg>
<msg time="2024-04-05T23:14:32.507479" level="INFO">${response} = &lt;Response [200]&gt;</msg>
<var>${response}</var>
<arg>consultarAPI</arg>
<arg>/api</arg>
<doc>Sends a GET request on a previously created HTTP Session.</doc>
<status status="PASS" start="2024-04-05T23:14:32.423075" elapsed="0.084447"/>
</kw>
<kw name="Set Variable" owner="BuiltIn">
<msg time="2024-04-05T23:14:32.508789" level="INFO">${json_data} = {'results': [{'gender': 'male', 'name': {'title': 'Mr', 'first': 'Adolfo', 'last': 'Jiménez'}, 'location': {'street': {'number': 3525, 'name': 'Calle de Pedro Bosch'}, 'city': 'Logroño', 'state': 'Mel...</msg>
<var>${json_data}</var>
<arg>${response.json()}</arg>
<doc>Returns the given values which can then be assigned to a variables.</doc>
<status status="PASS" start="2024-04-05T23:14:32.508244" elapsed="0.000575"/>
</kw>
<kw name="Log" owner="BuiltIn">
<msg time="2024-04-05T23:14:32.509295" level="INFO">{'results': [{'gender': 'male', 'name': {'title': 'Mr', 'first': 'Adolfo', 'last': 'Jiménez'}, 'location': {'street': {'number': 3525, 'name': 'Calle de Pedro Bosch'}, 'city': 'Logroño', 'state': 'Melilla', 'country': 'Spain', 'postcode': 57832, 'coordinates': {'latitude': '-36.4339', 'longitude': '-76.5384'}, 'timezone': {'offset': '-9:00', 'description': 'Alaska'}}, 'email': 'adolfo.jimenez@example.com', 'login': {'uuid': '071597d8-4113-483b-8f04-b86844d73245', 'username': 'angryelephant753', 'password': 'zhao', 'salt': 'tgfoFpQb', 'md5': '34584fdd53278c90fd857c25fa18a7de', 'sha1': '68d71918f0eb60ab0e88667a6c14f69bab52030d', 'sha256': '804c14958eda62f9d6899c359718f0e8de1f6d83f440c8f1332fcfb7f91d7a15'}, 'dob': {'date': '1976-03-06T03:56:20.935Z', 'age': 48}, 'registered': {'date': '2010-04-15T04:40:27.520Z', 'age': 13}, 'phone': '922-841-123', 'cell': '676-120-044', 'id': {'name': 'DNI', 'value': '34477055-N'}, 'picture': {'large': 'https://randomuser.me/api/portraits/men/55.jpg', 'medium': 'https://randomuser.me/api/portraits/med/men/55.jpg', 'thumbnail': 'https://randomuser.me/api/portraits/thumb/men/55.jpg'}, 'nat': 'ES'}], 'info': {'seed': 'c329ec12a59fe0b2', 'results': 1, 'page': 1, 'version': '1.4'}}</msg>
<arg>${json_data}</arg>
<doc>Logs the given message with the given level.</doc>
<status status="PASS" start="2024-04-05T23:14:32.509133" elapsed="0.000251"/>
</kw>
<kw name="Should Be Equal As Numbers" owner="BuiltIn">
<arg>${json_data['results'][0]['location']['postcode']}</arg>
<arg>${json_data['results'][0]['location']['postcode']}</arg>
<doc>Fails if objects are unequal after converting them to real numbers.</doc>
<status status="PASS" start="2024-04-05T23:14:32.509693" elapsed="0.000691"/>
</kw>
<kw name="Log" owner="BuiltIn">
<msg time="2024-04-05T23:14:32.510922" level="INFO">57832</msg>
<arg>${json_data['results'][0]['location']['postcode']}</arg>
<doc>Logs the given message with the given level.</doc>
<status status="PASS" start="2024-04-05T23:14:32.510583" elapsed="0.000381"/>
</kw>
<status status="PASS" start="2024-04-05T23:14:32.422670" elapsed="0.088557"/>
</kw>
<doc>Testa se os tipos de dados na resposta da API estão corretos.</doc>
<tag>testeTiposDados</tag>
<status status="PASS" start="2024-04-05T23:14:32.315130" elapsed="0.196273"/>
</test>
<test id="s1-s1-t5" name="Validar conteudo" line="35">
<kw name="Teste de Tipos de Conteudo" owner="random-user-service">
<kw name="GET On Session" owner="RequestsLibrary">
<msg time="2024-04-05T23:14:32.607765" level="INFO">GET Request : url=https://randomuser.me/api 
 path_url=/api 
 headers={'User-Agent': 'python-requests/2.31.0', 'Accept-Encoding': 'gzip, deflate', 'Accept': '*/*', 'Connection': 'keep-alive'} 
 body=None 
 </msg>
<msg time="2024-04-05T23:14:32.607866" level="INFO">GET Response : url=https://randomuser.me/api 
 status=200, reason=OK 
 headers={'Date': 'Fri, 05 Apr 2024 23:14:32 GMT', 'Content-Type': 'application/json; charset=utf-8', 'Transfer-Encoding': 'chunked', 'Connection': 'keep-alive', 'X-Powered-By': 'Express', 'Access-Control-Allow-Origin': '*', 'Cache-Control': 'no-cache', 'ETag': 'W/"498-H5YwoB/i8lW6pxpBvOYDPi6oRj8"', 'Vary': 'Accept-Encoding', 'Content-Encoding': 'gzip', 'CF-Cache-Status': 'DYNAMIC', 'Report-To': '{"endpoints":[{"url":"https:\\/\\/a.nel.cloudflare.com\\/report\\/v4?s=rDQEKyc0Taw%2FH4kddJ9lqiWsm1dtHWSU%2FEOrES9ocjeFpddMgg1Tvc2eSxXyQPO6iaTc7QEugrcOtr3%2BXldYocvfyLieObmFj7SnhEmSqmMXywNEqJy%2BlgJhIixzFw29"}],"group":"cf-nel","max_age":604800}', 'NEL': '{"success_fraction":0,"report_to":"cf-nel","max_age":604800}', 'Server': 'cloudflare', 'CF-RAY': '86fd3c293a7867d1-SJC', 'alt-svc': 'h3=":443"; ma=86400'} 
 body={"results":[{"gender":"male","name":{"title":"Mr","first":"Jerónimo","last":"Benavides"},"location":{"street":{"number":9862,"name":"Callejón Yemen"},"city":"Caltimacán","state":"Veracruz","country":"Mexico","postcode":31721,"coordinates":{"latitude":"27.5290","longitude":"-43.5856"},"timezone":{"offset":"-12:00","description":"Eniwetok, Kwajalein"}},"email":"jeronimo.benavides@example.com","login":{"uuid":"710f41e3-7392-4102-801b-4a43fd726bfc","username":"beautifulpeacock362","password":"2580","salt":"BmLieclb","md5":"7e4c0008ac704de32c4806151494205c","sha1":"1411328d73a4da66b8295b279454ca3052800577","sha256":"6a28827020e4e41f1946aee3e3bc922082e5502220fd444aa39abb9fdbbaec4a"},"dob":{"date":"1980-05-26T22:05:22.125Z","age":43},"registered":{"date":"2007-08-02T15:53:51.249Z","age":16},"phone":"(698) 414 7971","cell":"(634) 077 3898","id":{"name":"NSS","value":"72 73 06 2326 1"},"picture":{"large":"https://randomuser.me/api/portraits/men/21.jpg","medium":"https://randomuser.me/api/portraits/med/men/21.jpg","thumbnail":"https://randomuser.me/api/portraits/thumb/men/21.jpg"},"nat":"MX"}],"info":{"seed":"1ecc33051325475b","results":1,"page":1,"version":"1.4"}} 
 </msg>
<msg time="2024-04-05T23:14:32.607937" level="INFO">/opt/hostedtoolcache/Python/3.12.2/x64/lib/python3.12/site-packages/urllib3/connectionpool.py:1103: InsecureRequestWarning: Unverified HTTPS request is being made to host 'randomuser.me'. Adding certificate verification is strongly advised. See: https://urllib3.readthedocs.io/en/latest/advanced-usage.html#tls-warnings
  warnings.warn(</msg>
<msg time="2024-04-05T23:14:32.608071" level="INFO">${response} = &lt;Response [200]&gt;</msg>
<var>${response}</var>
<arg>consultarAPI</arg>
<arg>/api</arg>
<doc>Sends a GET request on a previously created HTTP Session.</doc>
<status status="PASS" start="2024-04-05T23:14:32.513997" elapsed="0.094116"/>
</kw>
<kw name="Set Variable" owner="BuiltIn">
<msg time="2024-04-05T23:14:32.609295" level="INFO">${json_data} = {'results': [{'gender': 'male', 'name': {'title': 'Mr', 'first': 'Jerónimo', 'last': 'Benavides'}, 'location': {'street': {'number': 9862, 'name': 'Callejón Yemen'}, 'city': 'Caltimacán', 'state': 'Ve...</msg>
<var>${json_data}</var>
<arg>${response.json()}</arg>
<doc>Returns the given values which can then be assigned to a variables.</doc>
<status status="PASS" start="2024-04-05T23:14:32.608741" elapsed="0.000583"/>
</kw>
<kw name="Set Variable" owner="BuiltIn">
<msg time="2024-04-05T23:14:32.610054" level="INFO">${name_title} = Mr</msg>
<var>${name_title}</var>
<arg>${json_data["results"][0]["name"]["title"]}</arg>
<doc>Returns the given values which can then be assigned to a variables.</doc>
<status status="PASS" start="2024-04-05T23:14:32.609633" elapsed="0.000447"/>
</kw>
<kw name="Create List" owner="BuiltIn">
<msg time="2024-04-05T23:14:32.610540" level="INFO">${allowed_titles} = ['Mr', 'Ms', 'Miss', 'Mrs', 'Madame', 'Monsieur']</msg>
<var>${allowed_titles}</var>
<arg>Mr</arg>
<arg>Ms</arg>
<arg>Miss</arg>
<arg>Mrs</arg>
<arg>Madame</arg>
<arg>Monsieur</arg>
<doc>Returns a list containing given items.</doc>
<status status="PASS" start="2024-04-05T23:14:32.610388" elapsed="0.000176"/>
</kw>
<kw name="List Should Contain Value" owner="Collections">
<msg time="2024-04-05T23:14:32.611050" level="INFO">False</msg>
<arg>${allowed_titles}</arg>
<arg>${name_title}</arg>
<doc>Fails if the ``value`` is not found from ``list``.</doc>
<status status="PASS" start="2024-04-05T23:14:32.610872" elapsed="0.000216"/>
</kw>
<kw name="Set Variable" owner="BuiltIn">
<msg time="2024-04-05T23:14:32.611758" level="INFO">${name_country} = MX</msg>
<var>${name_country}</var>
<arg>${json_data["results"][0]["nat"]}</arg>
<doc>Returns the given values which can then be assigned to a variables.</doc>
<status status="PASS" start="2024-04-05T23:14:32.611378" elapsed="0.000406"/>
</kw>
<kw name="Create List" owner="BuiltIn">
<msg time="2024-04-05T23:14:32.612702" level="INFO">${list_country} = ['AD', 'AE', 'AF', 'AG', 'AI', 'AL', 'AM', 'AO', 'AQ', 'AR', 'AS', 'AT', 'AU', 'AW', 'AX', 'AZ', 'BA', 'BB', 'BD', 'BE', 'BF', 'BG', 'BH', 'BI', 'BJ', 'BL', 'BM', 'BN', 'BO', 'BQ', 'BR', 'BS', 'BT', '...</msg>
<var>${list_country}</var>
<arg>AD</arg>
<arg>AE</arg>
<arg>AF</arg>
<arg>AG</arg>
<arg>AI</arg>
<arg>AL</arg>
<arg>AM</arg>
<arg>AO</arg>
<arg>AQ</arg>
<arg>AR</arg>
<arg>AS</arg>
<arg>AT</arg>
<arg>AU</arg>
<arg>AW</arg>
<arg>AX</arg>
<arg>AZ</arg>
<arg>BA</arg>
<arg>BB</arg>
<arg>BD</arg>
<arg>BE</arg>
<arg>BF</arg>
<arg>BG</arg>
<arg>BH</arg>
<arg>BI</arg>
<arg>BJ</arg>
<arg>BL</arg>
<arg>BM</arg>
<arg>BN</arg>
<arg>BO</arg>
<arg>BQ</arg>
<arg>BR</arg>
<arg>BS</arg>
<arg>BT</arg>
<arg>BV</arg>
<arg>BW</arg>
<arg>BY</arg>
<arg>BZ</arg>
<arg>CA</arg>
<arg>CC</arg>
<arg>CD</arg>
<arg>CF</arg>
<arg>CG</arg>
<arg>CH</arg>
<arg>CI</arg>
<arg>CK</arg>
<arg>CL</arg>
<arg>CM</arg>
<arg>CN</arg>
<arg>CO</arg>
<arg>CR</arg>
<arg>CU</arg>
<arg>CV</arg>
<arg>CW</arg>
<arg>CX</arg>
<arg>CY</arg>
<arg>CZ</arg>
<arg>DE</arg>
<arg>DJ</arg>
<arg>DK</arg>
<arg>DM</arg>
<arg>DO</arg>
<arg>DZ</arg>
<arg>EC</arg>
<arg>EE</arg>
<arg>EG</arg>
<arg>EH</arg>
<arg>ER</arg>
<arg>ES</arg>
<arg>ET</arg>
<arg>FI</arg>
<arg>FJ</arg>
<arg>FK</arg>
<arg>FM</arg>
<arg>FO</arg>
<arg>FR</arg>
<arg>GA</arg>
<arg>GB</arg>
<arg>GD</arg>
<arg>GE</arg>
<arg>GF</arg>
<arg>GG</arg>
<arg>GH</arg>
<arg>GI</arg>
<arg>GL</arg>
<arg>GM</arg>
<arg>GN</arg>
<arg>GP</arg>
<arg>GQ</arg>
<arg>GR</arg>
<arg>GS</arg>
<arg>GT</arg>
<arg>GU</arg>
<arg>GW</arg>
<arg>GY</arg>
<arg>HK</arg>
<arg>HM</arg>
<arg>HN</arg>
<arg>HR</arg>
<arg>HT</arg>
<arg>HU</arg>
<arg>ID</arg>
<arg>IE</arg>
<arg>IL</arg>
<arg>IM</arg>
<arg>IN</arg>
<arg>IO</arg>
<arg>IQ</arg>
<arg>IR</arg>
<arg>IS</arg>
<arg>IT</arg>
<arg>JE</arg>
<arg>JM</arg>
<arg>JO</arg>
<arg>JP</arg>
<arg>KE</arg>
<arg>KG</arg>
<arg>KH</arg>
<arg>KI</arg>
<arg>KM</arg>
<arg>KN</arg>
<arg>KP</arg>
<arg>KR</arg>
<arg>KW</arg>
<arg>KY</arg>
<arg>KZ</arg>
<arg>LA</arg>
<arg>LB</arg>
<arg>LC</arg>
<arg>LI</arg>
<arg>LK</arg>
<arg>LR</arg>
<arg>LS</arg>
<arg>LT</arg>
<arg>LU</arg>
<arg>LV</arg>
<arg>LY</arg>
<arg>MA</arg>
<arg>MC</arg>
<arg>MD</arg>
<arg>ME</arg>
<arg>MF</arg>
<arg>MG</arg>
<arg>MH</arg>
<arg>MK</arg>
<arg>ML</arg>
<arg>MM</arg>
<arg>MN</arg>
<arg>MO</arg>
<arg>MP</arg>
<arg>MQ</arg>
<arg>MR</arg>
<arg>MS</arg>
<arg>MT</arg>
<arg>MU</arg>
<arg>MV</arg>
<arg>MW</arg>
<arg>MX</arg>
<arg>MY</arg>
<arg>MZ</arg>
<arg>NA</arg>
<arg>NC</arg>
<arg>NE</arg>
<arg>NF</arg>
<arg>NG</arg>
<arg>NI</arg>
<arg>NL</arg>
<arg>NO</arg>
<arg>NP</arg>
<arg>NR</arg>
<arg>NU</arg>
<arg>NZ</arg>
<arg>OM</arg>
<arg>PA</arg>
<arg>PE</arg>
<arg>PF</arg>
<arg>PG</arg>
<arg>PH</arg>
<arg>PK</arg>
<arg>PL</arg>
<arg>PM</arg>
<arg>PN</arg>
<arg>PR</arg>
<arg>PS</arg>
<arg>PT</arg>
<arg>PW</arg>
<arg>PY</arg>
<arg>QA</arg>
<arg>RE</arg>
<arg>RO</arg>
<arg>RS</arg>
<arg>RU</arg>
<arg>RW</arg>
<arg>SA</arg>
<arg>SB</arg>
<arg>SC</arg>
<arg>SD</arg>
<arg>SE</arg>
<arg>SG</arg>
<arg>SH</arg>
<arg>SI</arg>
<arg>SJ</arg>
<arg>SK</arg>
<arg>SL</arg>
<arg>SM</arg>
<arg>SN</arg>
<arg>SO</arg>
<arg>SR</arg>
<arg>SS</arg>
<arg>ST</arg>
<arg>SV</arg>
<arg>SX</arg>
<arg>SY</arg>
<arg>SZ</arg>
<arg>TC</arg>
<arg>TD</arg>
<arg>TF</arg>
<arg>TG</arg>
<arg>TH</arg>
<arg>TJ</arg>
<arg>TK</arg>
<arg>TL</arg>
<arg>TM</arg>
<arg>TN</arg>
<arg>TO</arg>
<arg>TR</arg>
<arg>TT</arg>
<arg>TV</arg>
<arg>TW</arg>
<arg>TZ</arg>
<arg>UA</arg>
<arg>UG</arg>
<arg>UM</arg>
<arg>US</arg>
<arg>UY</arg>
<arg>UZ</arg>
<arg>VA</arg>
<arg>VC</arg>
<arg>VE</arg>
<arg>VG</arg>
<arg>VI</arg>
<arg>VN</arg>
<arg>VU</arg>
<arg>WF</arg>
<arg>WS</arg>
<arg>XK</arg>
<arg>YE</arg>
<arg>YT</arg>
<arg>ZA</arg>
<arg>ZM</arg>
<arg>ZW</arg>
<doc>Returns a list containing given items.</doc>
<status status="PASS" start="2024-04-05T23:14:32.612095" elapsed="0.000633"/>
</kw>
<kw name="List Should Contain Value" owner="Collections">
<msg time="2024-04-05T23:14:32.613881" level="INFO">False</msg>
<arg>${list_country}</arg>
<arg>${name_country}</arg>
<doc>Fails if the ``value`` is not found from ``list``.</doc>
<status status="PASS" start="2024-04-05T23:14:32.613672" elapsed="0.000247"/>
</kw>
<kw name="Run Keyword If" owner="BuiltIn">
<kw name="Should Be True" owner="BuiltIn">
<arg>${True}</arg>
<doc>Fails if the given condition is not true.</doc>
<status status="PASS" start="2024-04-05T23:14:32.615035" elapsed="0.000150"/>
</kw>
<arg>${json_data["results"][0]["location"]["coordinates"]["latitude"]} &gt;= -90 and ${json_data["results"][0]["location"]["coordinates"]["latitude"]} &lt;= 90</arg>
<arg>Should Be True</arg>
<arg>${True}</arg>
<doc>Runs the given keyword with the given arguments, if ``condition`` is true.</doc>
<status status="PASS" start="2024-04-05T23:14:32.614271" elapsed="0.001043"/>
</kw>
<kw name="Run Keyword If" owner="BuiltIn">
<kw name="Should Be True" owner="BuiltIn">
<arg>${True}</arg>
<doc>Fails if the given condition is not true.</doc>
<status status="PASS" start="2024-04-05T23:14:32.616208" elapsed="0.000139"/>
</kw>
<arg>${json_data["results"][0]["location"]["coordinates"]["longitude"]} &gt;= -180 and ${json_data["results"][0]["location"]["coordinates"]["longitude"]} &lt;= 180</arg>
<arg>Should Be True</arg>
<arg>${True}</arg>
<doc>Runs the given keyword with the given arguments, if ``condition`` is true.</doc>
<status status="PASS" start="2024-04-05T23:14:32.615502" elapsed="0.000969"/>
</kw>
<status status="PASS" start="2024-04-05T23:14:32.513734" elapsed="0.102875"/>
</kw>
<doc>Testa o conteúdo específico dos campos retornados pela API.</doc>
<tag>testeConteudo</tag>
<status status="PASS" start="2024-04-05T23:14:32.513181" elapsed="0.103585"/>
</test>
<status status="PASS" start="2024-04-05T23:14:31.768936" elapsed="0.849863"/>
</suite>
<status status="PASS" start="2024-04-05T23:14:31.754704" elapsed="0.869547"/>
</suite>
<statistics>
<total>
<stat pass="5" fail="0" skip="0">All Tests</stat>
</total>
<tag>
<stat pass="1" fail="0" skip="0">testeConteudo</stat>
<stat pass="1" fail="0" skip="0">testeEstruturaResposta</stat>
<stat pass="1" fail="0" skip="0">testeRequisicaoBasica</stat>
<stat pass="1" fail="0" skip="0">testeTiposDados</stat>
</tag>
<suite>
<stat pass="5" fail="0" skip="0" id="s1" name="Tests">Tests</stat>
<stat pass="5" fail="0" skip="0" id="s1-s1" name="Random-User-Test">Tests.Random-User-Test</stat>
</suite>
</statistics>
<errors>
</errors>
</robot>
