<?xml version="1.0" encoding="UTF-8"?>
<robot generator="Robot 7.0 (Python 3.12.3 on linux)" generated="2024-05-02T21:13:18.241157" rpa="false" schemaversion="5">
<suite id="s1" name="Tests" source="/home/runner/work/DesafioQAItauRogerioJordao/DesafioQAItauRogerioJordao/RamdonUser/tests">
<suite id="s1-s1" name="Random-User-Test" source="/home/runner/work/DesafioQAItauRogerioJordao/DesafioQAItauRogerioJordao/RamdonUser/tests/random-user-test.robot">
<test id="s1-s1-t1" name="Conectar" line="13">
<kw name="Conectar API" owner="random-user-service">
<kw name="Create Session" owner="RequestsLibrary">
<msg time="2024-05-02T21:13:18.661778" level="INFO">Creating Session using : alias=consultarAPI, url=https://randomuser.me/, headers={},                     cookies={}, auth=None, timeout=None, proxies=None, verify=False,                     debug=0 </msg>
<arg>consultarAPI</arg>
<arg>${URL}</arg>
<doc>Create Session: create a HTTP session to a server</doc>
<status status="PASS" start="2024-05-02T21:13:18.661531" elapsed="0.000444"/>
</kw>
<status status="PASS" start="2024-05-02T21:13:18.660434" elapsed="0.001921"/>
</kw>
<status status="PASS" start="2024-05-02T21:13:18.659847" elapsed="0.002706"/>
</test>
<test id="s1-s1-t2" name="Validar retorno 200 e JSON Válido" line="16">
<kw name="Teste de Requisicao Basica" owner="random-user-service">
<kw name="GET On Session" owner="RequestsLibrary">
<msg time="2024-05-02T21:13:18.962013" level="INFO">GET Request : url=https://randomuser.me/api 
 path_url=/api 
 headers={'User-Agent': 'python-requests/2.31.0', 'Accept-Encoding': 'gzip, deflate', 'Accept': '*/*', 'Connection': 'keep-alive'} 
 body=None 
 </msg>
<msg time="2024-05-02T21:13:18.962170" level="INFO">GET Response : url=https://randomuser.me/api 
 status=200, reason=OK 
 headers={'Date': 'Thu, 02 May 2024 21:13:18 GMT', 'Content-Type': 'application/json; charset=utf-8', 'Transfer-Encoding': 'chunked', 'Connection': 'keep-alive', 'X-Powered-By': 'Express', 'Access-Control-Allow-Origin': '*', 'Cache-Control': 'no-cache', 'ETag': 'W/"47a-QojC+IpBFxjztklvKFvG19d5wEc"', 'Vary': 'Accept-Encoding', 'Content-Encoding': 'gzip', 'CF-Cache-Status': 'DYNAMIC', 'Report-To': '{"endpoints":[{"url":"https:\\/\\/a.nel.cloudflare.com\\/report\\/v4?s=pewzD9XmXOMrphoNNwhuENEZUIjxv%2FeYYldSxmowbD66i3XS2ZcZ%2Fci00kh3LWHoFeXXLp15deo919cT1jpiOJBhUQ5hAm0ML8NtPa0EKTnBIbiuWnrmDDduZvb8WO4l"}],"group":"cf-nel","max_age":604800}', 'NEL': '{"success_fraction":0,"report_to":"cf-nel","max_age":604800}', 'Server': 'cloudflare', 'CF-RAY': '87db03b4ca462b54-LAX', 'alt-svc': 'h3=":443"; ma=86400'} 
 body={"results":[{"gender":"male","name":{"title":"Mr","first":"Hudson","last":"Clark"},"location":{"street":{"number":9411,"name":"Alfred St"},"city":"Killarney","state":"New Brunswick","country":"Canada","postcode":"T2A 9Z8","coordinates":{"latitude":"-64.9529","longitude":"-100.4848"},"timezone":{"offset":"-3:30","description":"Newfoundland"}},"email":"hudson.clark@example.com","login":{"uuid":"634f274b-5b94-4543-b409-531604f7a949","username":"angrymeercat419","password":"cutter","salt":"xRMqvqnl","md5":"075e2e65bb1cb6459a28be9df4de9317","sha1":"58da9ea1975c2cfb10c1839531b16758b62da373","sha256":"14fcbaf66eab8cfe925dfce84da8d3a1e6613ddd77139e727085adc8ed0403b6"},"dob":{"date":"1955-11-29T09:44:54.471Z","age":68},"registered":{"date":"2004-06-04T02:56:04.510Z","age":19},"phone":"B39 L65-3625","cell":"R95 H76-6186","id":{"name":"SIN","value":"320231582"},"picture":{"large":"https://randomuser.me/api/portraits/men/40.jpg","medium":"https://randomuser.me/api/portraits/med/men/40.jpg","thumbnail":"https://randomuser.me/api/portraits/thumb/men/40.jpg"},"nat":"CA"}],"info":{"seed":"caacea7536b60181","results":1,"page":1,"version":"1.4"}} 
 </msg>
<msg time="2024-05-02T21:13:18.962255" level="INFO">/opt/hostedtoolcache/Python/3.12.3/x64/lib/python3.12/site-packages/urllib3/connectionpool.py:1103: InsecureRequestWarning: Unverified HTTPS request is being made to host 'randomuser.me'. Adding certificate verification is strongly advised. See: https://urllib3.readthedocs.io/en/latest/advanced-usage.html#tls-warnings
  warnings.warn(</msg>
<msg time="2024-05-02T21:13:18.962427" level="INFO">${response} = &lt;Response [200]&gt;</msg>
<var>${response}</var>
<arg>consultarAPI</arg>
<arg>/api</arg>
<doc>Sends a GET request on a previously created HTTP Session.</doc>
<status status="PASS" start="2024-05-02T21:13:18.665162" elapsed="0.297309"/>
</kw>
<kw name="Should Be Equal As Numbers" owner="BuiltIn">
<msg time="2024-05-02T21:13:18.963497" level="INFO">Argument types are:
&lt;class 'int'&gt;
&lt;class 'str'&gt;</msg>
<arg>${response.status_code}</arg>
<arg>200</arg>
<doc>Fails if objects are unequal after converting them to real numbers.</doc>
<status status="PASS" start="2024-05-02T21:13:18.963009" elapsed="0.000558"/>
</kw>
<kw name="Log" owner="BuiltIn">
<msg time="2024-05-02T21:13:18.964323" level="INFO">200</msg>
<arg>${response.status_code}</arg>
<doc>Logs the given message with the given level.</doc>
<status status="PASS" start="2024-05-02T21:13:18.963946" elapsed="0.000421"/>
</kw>
<kw name="Set Variable" owner="BuiltIn">
<msg time="2024-05-02T21:13:18.965141" level="INFO">${json_data} = {'results': [{'gender': 'male', 'name': {'title': 'Mr', 'first': 'Hudson', 'last': 'Clark'}, 'location': {'street': {'number': 9411, 'name': 'Alfred St'}, 'city': 'Killarney', 'state': 'New Brunswick'...</msg>
<var>${json_data}</var>
<arg>${response.json()}</arg>
<doc>Returns the given values which can then be assigned to a variables.</doc>
<status status="PASS" start="2024-05-02T21:13:18.964690" elapsed="0.000479"/>
</kw>
<kw name="Dictionary Should Contain Key" owner="Collections">
<msg time="2024-05-02T21:13:18.965702" level="INFO">False</msg>
<arg>${json_data}</arg>
<arg>results</arg>
<doc>Fails if ``key`` is not found from ``dictionary``.</doc>
<status status="PASS" start="2024-05-02T21:13:18.965486" elapsed="0.000261"/>
</kw>
<status status="PASS" start="2024-05-02T21:13:18.664910" elapsed="0.301120"/>
</kw>
<doc>Testa se a API responde corretamente e retorna um objeto JSON válido.</doc>
<tag>testeRequisicaoBasica</tag>
<status status="PASS" start="2024-05-02T21:13:18.664438" elapsed="0.301785"/>
</test>
<test id="s1-s1-t3" name="Validar estrutura de resposta" line="22">
<kw name="Teste de Estrutura de Resposta" owner="random-user-service">
<kw name="GET On Session" owner="RequestsLibrary">
<msg time="2024-05-02T21:13:19.075338" level="INFO">GET Request : url=https://randomuser.me/api 
 path_url=/api 
 headers={'User-Agent': 'python-requests/2.31.0', 'Accept-Encoding': 'gzip, deflate', 'Accept': '*/*', 'Connection': 'keep-alive'} 
 body=None 
 </msg>
<msg time="2024-05-02T21:13:19.075437" level="INFO">GET Response : url=https://randomuser.me/api 
 status=200, reason=OK 
 headers={'Date': 'Thu, 02 May 2024 21:13:19 GMT', 'Content-Type': 'application/json; charset=utf-8', 'Transfer-Encoding': 'chunked', 'Connection': 'keep-alive', 'X-Powered-By': 'Express', 'Access-Control-Allow-Origin': '*', 'Cache-Control': 'no-cache', 'ETag': 'W/"49d-k+GRvkpo+LRW1gDZMZjGIgC4/88"', 'Vary': 'Accept-Encoding', 'Content-Encoding': 'gzip', 'CF-Cache-Status': 'DYNAMIC', 'Report-To': '{"endpoints":[{"url":"https:\\/\\/a.nel.cloudflare.com\\/report\\/v4?s=swLj%2Bise9PLvMKar%2F2CGAHk%2Bo9q0CGTVqxIrUMyYYgo2N%2Fmz11k%2F4aKi9izRbotnUYacT79aTC5KAr%2BaYp2fK9CHu%2BHFh8ORW%2F9LK7HnGLN03P0%2BhTqpdmBUpwlOCn0w"}],"group":"cf-nel","max_age":604800}', 'NEL': '{"success_fraction":0,"report_to":"cf-nel","max_age":604800}', 'Server': 'cloudflare', 'CF-RAY': '87db03b59b4d2b54-LAX', 'alt-svc': 'h3=":443"; ma=86400'} 
 body={"results":[{"gender":"female","name":{"title":"Mrs","first":"Viënne","last":"Lekkerkerker"},"location":{"street":{"number":6170,"name":"Kapitalendam"},"city":"Rasquert","state":"Noord-Brabant","country":"Netherlands","postcode":"5370 RQ","coordinates":{"latitude":"31.1373","longitude":"74.1996"},"timezone":{"offset":"+9:30","description":"Adelaide, Darwin"}},"email":"vienne.lekkerkerker@example.com","login":{"uuid":"f65e9eb8-47ad-4a58-b15b-bf8ea7c94087","username":"silverpeacock980","password":"espresso","salt":"EP1OvHpf","md5":"6d8dcd09ed5e956c1c3d9d0dfb565de2","sha1":"2ecc2cbf2abffc6e1e36c1861054a979d9568e19","sha256":"d52ff6d51c24fddad598c0e14cbb6ea6cfea76c85efd880dec1ec56adc2b7ef5"},"dob":{"date":"1973-12-25T04:19:47.445Z","age":50},"registered":{"date":"2021-01-14T11:12:19.491Z","age":3},"phone":"(0658) 040309","cell":"(06) 27966277","id":{"name":"BSN","value":"24358633"},"picture":{"large":"https://randomuser.me/api/portraits/women/62.jpg","medium":"https://randomuser.me/api/portraits/med/women/62.jpg","thumbnail":"https://randomuser.me/api/portraits/thumb/women/62.jpg"},"nat":"NL"}],"info":{"seed":"ea3348e4da422fdf","results":1,"page":1,"version":"1.4"}} 
 </msg>
<msg time="2024-05-02T21:13:19.075568" level="INFO">/opt/hostedtoolcache/Python/3.12.3/x64/lib/python3.12/site-packages/urllib3/connectionpool.py:1103: InsecureRequestWarning: Unverified HTTPS request is being made to host 'randomuser.me'. Adding certificate verification is strongly advised. See: https://urllib3.readthedocs.io/en/latest/advanced-usage.html#tls-warnings
  warnings.warn(</msg>
<msg time="2024-05-02T21:13:19.075720" level="INFO">${response} = &lt;Response [200]&gt;</msg>
<var>${response}</var>
<arg>consultarAPI</arg>
<arg>/api</arg>
<doc>Sends a GET request on a previously created HTTP Session.</doc>
<status status="PASS" start="2024-05-02T21:13:18.968875" elapsed="0.106896"/>
</kw>
<kw name="Set Variable" owner="BuiltIn">
<msg time="2024-05-02T21:13:19.076709" level="INFO">${json_data} = {'results': [{'gender': 'female', 'name': {'title': 'Mrs', 'first': 'Viënne', 'last': 'Lekkerkerker'}, 'location': {'street': {'number': 6170, 'name': 'Kapitalendam'}, 'city': 'Rasquert', 'state': 'No...</msg>
<var>${json_data}</var>
<arg>${response.json()}</arg>
<doc>Returns the given values which can then be assigned to a variables.</doc>
<status status="PASS" start="2024-05-02T21:13:19.076211" elapsed="0.000527"/>
</kw>
<kw name="Log" owner="BuiltIn">
<msg time="2024-05-02T21:13:19.077208" level="INFO">{'results': [{'gender': 'female', 'name': {'title': 'Mrs', 'first': 'Viënne', 'last': 'Lekkerkerker'}, 'location': {'street': {'number': 6170, 'name': 'Kapitalendam'}, 'city': 'Rasquert', 'state': 'Noord-Brabant', 'country': 'Netherlands', 'postcode': '5370 RQ', 'coordinates': {'latitude': '31.1373', 'longitude': '74.1996'}, 'timezone': {'offset': '+9:30', 'description': 'Adelaide, Darwin'}}, 'email': 'vienne.lekkerkerker@example.com', 'login': {'uuid': 'f65e9eb8-47ad-4a58-b15b-bf8ea7c94087', 'username': 'silverpeacock980', 'password': 'espresso', 'salt': 'EP1OvHpf', 'md5': '6d8dcd09ed5e956c1c3d9d0dfb565de2', 'sha1': '2ecc2cbf2abffc6e1e36c1861054a979d9568e19', 'sha256': 'd52ff6d51c24fddad598c0e14cbb6ea6cfea76c85efd880dec1ec56adc2b7ef5'}, 'dob': {'date': '1973-12-25T04:19:47.445Z', 'age': 50}, 'registered': {'date': '2021-01-14T11:12:19.491Z', 'age': 3}, 'phone': '(0658) 040309', 'cell': '(06) 27966277', 'id': {'name': 'BSN', 'value': '24358633'}, 'picture': {'large': 'https://randomuser.me/api/portraits/women/62.jpg', 'medium': 'https://randomuser.me/api/portraits/med/women/62.jpg', 'thumbnail': 'https://randomuser.me/api/portraits/thumb/women/62.jpg'}, 'nat': 'NL'}], 'info': {'seed': 'ea3348e4da422fdf', 'results': 1, 'page': 1, 'version': '1.4'}}</msg>
<arg>${json_data}</arg>
<doc>Logs the given message with the given level.</doc>
<status status="PASS" start="2024-05-02T21:13:19.077047" elapsed="0.000209"/>
</kw>
<kw name="Dictionary Should Contain Key" owner="Collections">
<msg time="2024-05-02T21:13:19.077738" level="INFO">False</msg>
<arg>${json_data}</arg>
<arg>results</arg>
<doc>Fails if ``key`` is not found from ``dictionary``.</doc>
<status status="PASS" start="2024-05-02T21:13:19.077547" elapsed="0.000237"/>
</kw>
<kw name="Should Not Be Empty" owner="BuiltIn">
<msg time="2024-05-02T21:13:19.078237" level="INFO">Length is 2.</msg>
<arg>${json_data}</arg>
<doc>Verifies that the given item is not empty.</doc>
<status status="PASS" start="2024-05-02T21:13:19.078097" elapsed="0.000336"/>
</kw>
<kw name="Create List" owner="BuiltIn">
<msg time="2024-05-02T21:13:19.078892" level="INFO">${expected_keys} = ['gender', 'name', 'location', 'email', 'login']</msg>
<var>${expected_keys}</var>
<arg>gender</arg>
<arg>name</arg>
<arg>location</arg>
<arg>email</arg>
<arg>login</arg>
<doc>Returns a list containing given items.</doc>
<status status="PASS" start="2024-05-02T21:13:19.078739" elapsed="0.000176"/>
</kw>
<for flavor="IN">
<iter>
<kw name="Dictionary Should Contain Key" owner="Collections">
<msg time="2024-05-02T21:13:19.079895" level="INFO">False</msg>
<arg>${json_data['results'][0]}</arg>
<arg>${key}</arg>
<doc>Fails if ``key`` is not found from ``dictionary``.</doc>
<status status="PASS" start="2024-05-02T21:13:19.079495" elapsed="0.000438"/>
</kw>
<kw name="Log" owner="BuiltIn">
<msg time="2024-05-02T21:13:19.080603" level="INFO">{'gender': 'female', 'name': {'title': 'Mrs', 'first': 'Viënne', 'last': 'Lekkerkerker'}, 'location': {'street': {'number': 6170, 'name': 'Kapitalendam'}, 'city': 'Rasquert', 'state': 'Noord-Brabant', 'country': 'Netherlands', 'postcode': '5370 RQ', 'coordinates': {'latitude': '31.1373', 'longitude': '74.1996'}, 'timezone': {'offset': '+9:30', 'description': 'Adelaide, Darwin'}}, 'email': 'vienne.lekkerkerker@example.com', 'login': {'uuid': 'f65e9eb8-47ad-4a58-b15b-bf8ea7c94087', 'username': 'silverpeacock980', 'password': 'espresso', 'salt': 'EP1OvHpf', 'md5': '6d8dcd09ed5e956c1c3d9d0dfb565de2', 'sha1': '2ecc2cbf2abffc6e1e36c1861054a979d9568e19', 'sha256': 'd52ff6d51c24fddad598c0e14cbb6ea6cfea76c85efd880dec1ec56adc2b7ef5'}, 'dob': {'date': '1973-12-25T04:19:47.445Z', 'age': 50}, 'registered': {'date': '2021-01-14T11:12:19.491Z', 'age': 3}, 'phone': '(0658) 040309', 'cell': '(06) 27966277', 'id': {'name': 'BSN', 'value': '24358633'}, 'picture': {'large': 'https://randomuser.me/api/portraits/women/62.jpg', 'medium': 'https://randomuser.me/api/portraits/med/women/62.jpg', 'thumbnail': 'https://randomuser.me/api/portraits/thumb/women/62.jpg'}, 'nat': 'NL'}</msg>
<arg>${json_data['results'][0]}</arg>
<doc>Logs the given message with the given level.</doc>
<status status="PASS" start="2024-05-02T21:13:19.080228" elapsed="0.000424"/>
</kw>
<kw name="Log" owner="BuiltIn">
<msg time="2024-05-02T21:13:19.081079" level="INFO">gender</msg>
<arg>${key}</arg>
<doc>Logs the given message with the given level.</doc>
<status status="PASS" start="2024-05-02T21:13:19.080952" elapsed="0.000163"/>
</kw>
<var name="${key}">gender</var>
<status status="PASS" start="2024-05-02T21:13:19.079370" elapsed="0.001957"/>
</iter>
<iter>
<kw name="Dictionary Should Contain Key" owner="Collections">
<msg time="2024-05-02T21:13:19.082044" level="INFO">False</msg>
<arg>${json_data['results'][0]}</arg>
<arg>${key}</arg>
<doc>Fails if ``key`` is not found from ``dictionary``.</doc>
<status status="PASS" start="2024-05-02T21:13:19.081649" elapsed="0.000438"/>
</kw>
<kw name="Log" owner="BuiltIn">
<msg time="2024-05-02T21:13:19.082779" level="INFO">{'gender': 'female', 'name': {'title': 'Mrs', 'first': 'Viënne', 'last': 'Lekkerkerker'}, 'location': {'street': {'number': 6170, 'name': 'Kapitalendam'}, 'city': 'Rasquert', 'state': 'Noord-Brabant', 'country': 'Netherlands', 'postcode': '5370 RQ', 'coordinates': {'latitude': '31.1373', 'longitude': '74.1996'}, 'timezone': {'offset': '+9:30', 'description': 'Adelaide, Darwin'}}, 'email': 'vienne.lekkerkerker@example.com', 'login': {'uuid': 'f65e9eb8-47ad-4a58-b15b-bf8ea7c94087', 'username': 'silverpeacock980', 'password': 'espresso', 'salt': 'EP1OvHpf', 'md5': '6d8dcd09ed5e956c1c3d9d0dfb565de2', 'sha1': '2ecc2cbf2abffc6e1e36c1861054a979d9568e19', 'sha256': 'd52ff6d51c24fddad598c0e14cbb6ea6cfea76c85efd880dec1ec56adc2b7ef5'}, 'dob': {'date': '1973-12-25T04:19:47.445Z', 'age': 50}, 'registered': {'date': '2021-01-14T11:12:19.491Z', 'age': 3}, 'phone': '(0658) 040309', 'cell': '(06) 27966277', 'id': {'name': 'BSN', 'value': '24358633'}, 'picture': {'large': 'https://randomuser.me/api/portraits/women/62.jpg', 'medium': 'https://randomuser.me/api/portraits/med/women/62.jpg', 'thumbnail': 'https://randomuser.me/api/portraits/thumb/women/62.jpg'}, 'nat': 'NL'}</msg>
<arg>${json_data['results'][0]}</arg>
<doc>Logs the given message with the given level.</doc>
<status status="PASS" start="2024-05-02T21:13:19.082416" elapsed="0.000412"/>
</kw>
<kw name="Log" owner="BuiltIn">
<msg time="2024-05-02T21:13:19.083260" level="INFO">name</msg>
<arg>${key}</arg>
<doc>Logs the given message with the given level.</doc>
<status status="PASS" start="2024-05-02T21:13:19.083130" elapsed="0.000166"/>
</kw>
<var name="${key}">name</var>
<status status="PASS" start="2024-05-02T21:13:19.081513" elapsed="0.001994"/>
</iter>
<iter>
<kw name="Dictionary Should Contain Key" owner="Collections">
<msg time="2024-05-02T21:13:19.084180" level="INFO">False</msg>
<arg>${json_data['results'][0]}</arg>
<arg>${key}</arg>
<doc>Fails if ``key`` is not found from ``dictionary``.</doc>
<status status="PASS" start="2024-05-02T21:13:19.083796" elapsed="0.000421"/>
</kw>
<kw name="Log" owner="BuiltIn">
<msg time="2024-05-02T21:13:19.084884" level="INFO">{'gender': 'female', 'name': {'title': 'Mrs', 'first': 'Viënne', 'last': 'Lekkerkerker'}, 'location': {'street': {'number': 6170, 'name': 'Kapitalendam'}, 'city': 'Rasquert', 'state': 'Noord-Brabant', 'country': 'Netherlands', 'postcode': '5370 RQ', 'coordinates': {'latitude': '31.1373', 'longitude': '74.1996'}, 'timezone': {'offset': '+9:30', 'description': 'Adelaide, Darwin'}}, 'email': 'vienne.lekkerkerker@example.com', 'login': {'uuid': 'f65e9eb8-47ad-4a58-b15b-bf8ea7c94087', 'username': 'silverpeacock980', 'password': 'espresso', 'salt': 'EP1OvHpf', 'md5': '6d8dcd09ed5e956c1c3d9d0dfb565de2', 'sha1': '2ecc2cbf2abffc6e1e36c1861054a979d9568e19', 'sha256': 'd52ff6d51c24fddad598c0e14cbb6ea6cfea76c85efd880dec1ec56adc2b7ef5'}, 'dob': {'date': '1973-12-25T04:19:47.445Z', 'age': 50}, 'registered': {'date': '2021-01-14T11:12:19.491Z', 'age': 3}, 'phone': '(0658) 040309', 'cell': '(06) 27966277', 'id': {'name': 'BSN', 'value': '24358633'}, 'picture': {'large': 'https://randomuser.me/api/portraits/women/62.jpg', 'medium': 'https://randomuser.me/api/portraits/med/women/62.jpg', 'thumbnail': 'https://randomuser.me/api/portraits/thumb/women/62.jpg'}, 'nat': 'NL'}</msg>
<arg>${json_data['results'][0]}</arg>
<doc>Logs the given message with the given level.</doc>
<status status="PASS" start="2024-05-02T21:13:19.084515" elapsed="0.000417"/>
</kw>
<kw name="Log" owner="BuiltIn">
<msg time="2024-05-02T21:13:19.085352" level="INFO">location</msg>
<arg>${key}</arg>
<doc>Logs the given message with the given level.</doc>
<status status="PASS" start="2024-05-02T21:13:19.085227" elapsed="0.000161"/>
</kw>
<var name="${key}">location</var>
<status status="PASS" start="2024-05-02T21:13:19.083684" elapsed="0.001936"/>
</iter>
<iter>
<kw name="Dictionary Should Contain Key" owner="Collections">
<msg time="2024-05-02T21:13:19.086296" level="INFO">False</msg>
<arg>${json_data['results'][0]}</arg>
<arg>${key}</arg>
<doc>Fails if ``key`` is not found from ``dictionary``.</doc>
<status status="PASS" start="2024-05-02T21:13:19.085913" elapsed="0.000419"/>
</kw>
<kw name="Log" owner="BuiltIn">
<msg time="2024-05-02T21:13:19.086988" level="INFO">{'gender': 'female', 'name': {'title': 'Mrs', 'first': 'Viënne', 'last': 'Lekkerkerker'}, 'location': {'street': {'number': 6170, 'name': 'Kapitalendam'}, 'city': 'Rasquert', 'state': 'Noord-Brabant', 'country': 'Netherlands', 'postcode': '5370 RQ', 'coordinates': {'latitude': '31.1373', 'longitude': '74.1996'}, 'timezone': {'offset': '+9:30', 'description': 'Adelaide, Darwin'}}, 'email': 'vienne.lekkerkerker@example.com', 'login': {'uuid': 'f65e9eb8-47ad-4a58-b15b-bf8ea7c94087', 'username': 'silverpeacock980', 'password': 'espresso', 'salt': 'EP1OvHpf', 'md5': '6d8dcd09ed5e956c1c3d9d0dfb565de2', 'sha1': '2ecc2cbf2abffc6e1e36c1861054a979d9568e19', 'sha256': 'd52ff6d51c24fddad598c0e14cbb6ea6cfea76c85efd880dec1ec56adc2b7ef5'}, 'dob': {'date': '1973-12-25T04:19:47.445Z', 'age': 50}, 'registered': {'date': '2021-01-14T11:12:19.491Z', 'age': 3}, 'phone': '(0658) 040309', 'cell': '(06) 27966277', 'id': {'name': 'BSN', 'value': '24358633'}, 'picture': {'large': 'https://randomuser.me/api/portraits/women/62.jpg', 'medium': 'https://randomuser.me/api/portraits/med/women/62.jpg', 'thumbnail': 'https://randomuser.me/api/portraits/thumb/women/62.jpg'}, 'nat': 'NL'}</msg>
<arg>${json_data['results'][0]}</arg>
<doc>Logs the given message with the given level.</doc>
<status status="PASS" start="2024-05-02T21:13:19.086629" elapsed="0.000407"/>
</kw>
<kw name="Log" owner="BuiltIn">
<msg time="2024-05-02T21:13:19.087453" level="INFO">email</msg>
<arg>${key}</arg>
<doc>Logs the given message with the given level.</doc>
<status status="PASS" start="2024-05-02T21:13:19.087328" elapsed="0.000162"/>
</kw>
<var name="${key}">email</var>
<status status="PASS" start="2024-05-02T21:13:19.085802" elapsed="0.001899"/>
</iter>
<iter>
<kw name="Dictionary Should Contain Key" owner="Collections">
<msg time="2024-05-02T21:13:19.088364" level="INFO">False</msg>
<arg>${json_data['results'][0]}</arg>
<arg>${key}</arg>
<doc>Fails if ``key`` is not found from ``dictionary``.</doc>
<status status="PASS" start="2024-05-02T21:13:19.087981" elapsed="0.000421"/>
</kw>
<kw name="Log" owner="BuiltIn">
<msg time="2024-05-02T21:13:19.089066" level="INFO">{'gender': 'female', 'name': {'title': 'Mrs', 'first': 'Viënne', 'last': 'Lekkerkerker'}, 'location': {'street': {'number': 6170, 'name': 'Kapitalendam'}, 'city': 'Rasquert', 'state': 'Noord-Brabant', 'country': 'Netherlands', 'postcode': '5370 RQ', 'coordinates': {'latitude': '31.1373', 'longitude': '74.1996'}, 'timezone': {'offset': '+9:30', 'description': 'Adelaide, Darwin'}}, 'email': 'vienne.lekkerkerker@example.com', 'login': {'uuid': 'f65e9eb8-47ad-4a58-b15b-bf8ea7c94087', 'username': 'silverpeacock980', 'password': 'espresso', 'salt': 'EP1OvHpf', 'md5': '6d8dcd09ed5e956c1c3d9d0dfb565de2', 'sha1': '2ecc2cbf2abffc6e1e36c1861054a979d9568e19', 'sha256': 'd52ff6d51c24fddad598c0e14cbb6ea6cfea76c85efd880dec1ec56adc2b7ef5'}, 'dob': {'date': '1973-12-25T04:19:47.445Z', 'age': 50}, 'registered': {'date': '2021-01-14T11:12:19.491Z', 'age': 3}, 'phone': '(0658) 040309', 'cell': '(06) 27966277', 'id': {'name': 'BSN', 'value': '24358633'}, 'picture': {'large': 'https://randomuser.me/api/portraits/women/62.jpg', 'medium': 'https://randomuser.me/api/portraits/med/women/62.jpg', 'thumbnail': 'https://randomuser.me/api/portraits/thumb/women/62.jpg'}, 'nat': 'NL'}</msg>
<arg>${json_data['results'][0]}</arg>
<doc>Logs the given message with the given level.</doc>
<status status="PASS" start="2024-05-02T21:13:19.088698" elapsed="0.000415"/>
</kw>
<kw name="Log" owner="BuiltIn">
<msg time="2024-05-02T21:13:19.089536" level="INFO">login</msg>
<arg>${key}</arg>
<doc>Logs the given message with the given level.</doc>
<status status="PASS" start="2024-05-02T21:13:19.089411" elapsed="0.000161"/>
</kw>
<var name="${key}">login</var>
<status status="PASS" start="2024-05-02T21:13:19.087872" elapsed="0.001981"/>
</iter>
<var>${key}</var>
<value>@{expected_keys}</value>
<status status="PASS" start="2024-05-02T21:13:19.079173" elapsed="0.010805"/>
</for>
<kw name="Create List" owner="BuiltIn">
<msg time="2024-05-02T21:13:19.090311" level="INFO">${expected_keysTwo} = ['username', 'password']</msg>
<var>${expected_keysTwo}</var>
<arg>username</arg>
<arg>password</arg>
<doc>Returns a list containing given items.</doc>
<status status="PASS" start="2024-05-02T21:13:19.090173" elapsed="0.000161"/>
</kw>
<for flavor="IN">
<iter>
<kw name="Dictionary Should Contain Key" owner="Collections">
<msg time="2024-05-02T21:13:19.091237" level="INFO">False</msg>
<arg>${json_data['results'][0]['login']}</arg>
<arg>${keyTwo}</arg>
<doc>Fails if ``key`` is not found from ``dictionary``.</doc>
<status status="PASS" start="2024-05-02T21:13:19.090837" elapsed="0.000438"/>
</kw>
<kw name="Dictionary Should Contain Key" owner="Collections">
<msg time="2024-05-02T21:13:19.091954" level="INFO">False</msg>
<arg>${json_data['results'][0]['login']}</arg>
<arg>${keyTwo}</arg>
<doc>Fails if ``key`` is not found from ``dictionary``.</doc>
<status status="PASS" start="2024-05-02T21:13:19.091571" elapsed="0.000421"/>
</kw>
<kw name="Log" owner="BuiltIn">
<msg time="2024-05-02T21:13:19.092415" level="INFO">username</msg>
<arg>${keyTwo}</arg>
<doc>Logs the given message with the given level.</doc>
<status status="PASS" start="2024-05-02T21:13:19.092289" elapsed="0.000175"/>
</kw>
<var name="${keyTwo}">username</var>
<status status="PASS" start="2024-05-02T21:13:19.090727" elapsed="0.001953"/>
</iter>
<iter>
<kw name="Dictionary Should Contain Key" owner="Collections">
<msg time="2024-05-02T21:13:19.093430" level="INFO">False</msg>
<arg>${json_data['results'][0]['login']}</arg>
<arg>${keyTwo}</arg>
<doc>Fails if ``key`` is not found from ``dictionary``.</doc>
<status status="PASS" start="2024-05-02T21:13:19.092966" elapsed="0.000503"/>
</kw>
<kw name="Dictionary Should Contain Key" owner="Collections">
<msg time="2024-05-02T21:13:19.094186" level="INFO">False</msg>
<arg>${json_data['results'][0]['login']}</arg>
<arg>${keyTwo}</arg>
<doc>Fails if ``key`` is not found from ``dictionary``.</doc>
<status status="PASS" start="2024-05-02T21:13:19.093799" elapsed="0.000424"/>
</kw>
<kw name="Log" owner="BuiltIn">
<msg time="2024-05-02T21:13:19.094650" level="INFO">password</msg>
<arg>${keyTwo}</arg>
<doc>Logs the given message with the given level.</doc>
<status status="PASS" start="2024-05-02T21:13:19.094523" elapsed="0.000163"/>
</kw>
<var name="${keyTwo}">password</var>
<status status="PASS" start="2024-05-02T21:13:19.092852" elapsed="0.002050"/>
</iter>
<var>${keyTwo}</var>
<value>@{expected_keysTwo}</value>
<status status="PASS" start="2024-05-02T21:13:19.090574" elapsed="0.004453"/>
</for>
<status status="PASS" start="2024-05-02T21:13:18.968635" elapsed="0.126537"/>
</kw>
<doc>Testa a estrutura da resposta da API.</doc>
<tag>testeEstruturaResposta</tag>
<status status="PASS" start="2024-05-02T21:13:18.968105" elapsed="0.127224"/>
</test>
<test id="s1-s1-t4" name="Validar tipos de dados" line="28">
<kw name="Teste de Tipos de Dados" owner="random-user-service">
<kw name="GET On Session" owner="RequestsLibrary">
<msg time="2024-05-02T21:13:19.196685" level="INFO">GET Request : url=https://randomuser.me/api 
 path_url=/api 
 headers={'User-Agent': 'python-requests/2.31.0', 'Accept-Encoding': 'gzip, deflate', 'Accept': '*/*', 'Connection': 'keep-alive'} 
 body=None 
 </msg>
<msg time="2024-05-02T21:13:19.196773" level="INFO">GET Response : url=https://randomuser.me/api 
 status=200, reason=OK 
 headers={'Date': 'Thu, 02 May 2024 21:13:19 GMT', 'Content-Type': 'application/json; charset=utf-8', 'Transfer-Encoding': 'chunked', 'Connection': 'keep-alive', 'X-Powered-By': 'Express', 'Access-Control-Allow-Origin': '*', 'Cache-Control': 'no-cache', 'ETag': 'W/"48d-ggRMZKdauw64tYKPo+l1kpHGbaA"', 'Vary': 'Accept-Encoding', 'Content-Encoding': 'gzip', 'CF-Cache-Status': 'DYNAMIC', 'Report-To': '{"endpoints":[{"url":"https:\\/\\/a.nel.cloudflare.com\\/report\\/v4?s=gb9ayL25O6W3%2BNR9ZI9S1mZ%2FUYqnEsdyfkUVejFpmBPeFh22JFZWU%2B1bclUoiDw6wtgLV%2FQ%2FDHYYRIAwT7kUL5g9D0LQmETOGEpnWgdXa6gyHuTLVDlnyD3VKk7RID8J"}],"group":"cf-nel","max_age":604800}', 'NEL': '{"success_fraction":0,"report_to":"cf-nel","max_age":604800}', 'Server': 'cloudflare', 'CF-RAY': '87db03b66c5f2b54-LAX', 'alt-svc': 'h3=":443"; ma=86400'} 
 body={"results":[{"gender":"male","name":{"title":"Mr","first":"Yuliy","last":"Petrik"},"location":{"street":{"number":1643,"name":"Volgo-Donskiy provulok"},"city":"Selidove","state":"Hersonska","country":"Ukraine","postcode":64991,"coordinates":{"latitude":"73.2330","longitude":"-38.9367"},"timezone":{"offset":"+1:00","description":"Brussels, Copenhagen, Madrid, Paris"}},"email":"yuliy.petrik@example.com","login":{"uuid":"fa722cd9-c402-4569-8388-508b82b2de33","username":"orangelion403","password":"comfort","salt":"XsckwzJb","md5":"556aaa30eabf7be94b2e33918ed55eda","sha1":"9d4c4e4b3144e4318c1968b56d1f6705677f8ec5","sha256":"3644889685e23cb21781c3b3de380422a6a19fb411086205ad1f9c8f153753e3"},"dob":{"date":"1948-03-03T09:27:51.802Z","age":76},"registered":{"date":"2012-06-22T15:40:51.080Z","age":11},"phone":"(096) E71-8821","cell":"(068) V05-3334","id":{"name":"","value":null},"picture":{"large":"https://randomuser.me/api/portraits/men/68.jpg","medium":"https://randomuser.me/api/portraits/med/men/68.jpg","thumbnail":"https://randomuser.me/api/portraits/thumb/men/68.jpg"},"nat":"UA"}],"info":{"seed":"1da547888b943e06","results":1,"page":1,"version":"1.4"}} 
 </msg>
<msg time="2024-05-02T21:13:19.196848" level="INFO">/opt/hostedtoolcache/Python/3.12.3/x64/lib/python3.12/site-packages/urllib3/connectionpool.py:1103: InsecureRequestWarning: Unverified HTTPS request is being made to host 'randomuser.me'. Adding certificate verification is strongly advised. See: https://urllib3.readthedocs.io/en/latest/advanced-usage.html#tls-warnings
  warnings.warn(</msg>
<msg time="2024-05-02T21:13:19.196991" level="INFO">${response} = &lt;Response [200]&gt;</msg>
<var>${response}</var>
<arg>consultarAPI</arg>
<arg>/api</arg>
<doc>Sends a GET request on a previously created HTTP Session.</doc>
<status status="PASS" start="2024-05-02T21:13:19.097950" elapsed="0.099094"/>
</kw>
<kw name="Set Variable" owner="BuiltIn">
<msg time="2024-05-02T21:13:19.198004" level="INFO">${json_data} = {'results': [{'gender': 'male', 'name': {'title': 'Mr', 'first': 'Yuliy', 'last': 'Petrik'}, 'location': {'street': {'number': 1643, 'name': 'Volgo-Donskiy provulok'}, 'city': 'Selidove', 'state': 'He...</msg>
<var>${json_data}</var>
<arg>${response.json()}</arg>
<doc>Returns the given values which can then be assigned to a variables.</doc>
<status status="PASS" start="2024-05-02T21:13:19.197522" elapsed="0.000510"/>
</kw>
<kw name="Log" owner="BuiltIn">
<msg time="2024-05-02T21:13:19.198497" level="INFO">{'results': [{'gender': 'male', 'name': {'title': 'Mr', 'first': 'Yuliy', 'last': 'Petrik'}, 'location': {'street': {'number': 1643, 'name': 'Volgo-Donskiy provulok'}, 'city': 'Selidove', 'state': 'Hersonska', 'country': 'Ukraine', 'postcode': 64991, 'coordinates': {'latitude': '73.2330', 'longitude': '-38.9367'}, 'timezone': {'offset': '+1:00', 'description': 'Brussels, Copenhagen, Madrid, Paris'}}, 'email': 'yuliy.petrik@example.com', 'login': {'uuid': 'fa722cd9-c402-4569-8388-508b82b2de33', 'username': 'orangelion403', 'password': 'comfort', 'salt': 'XsckwzJb', 'md5': '556aaa30eabf7be94b2e33918ed55eda', 'sha1': '9d4c4e4b3144e4318c1968b56d1f6705677f8ec5', 'sha256': '3644889685e23cb21781c3b3de380422a6a19fb411086205ad1f9c8f153753e3'}, 'dob': {'date': '1948-03-03T09:27:51.802Z', 'age': 76}, 'registered': {'date': '2012-06-22T15:40:51.080Z', 'age': 11}, 'phone': '(096) E71-8821', 'cell': '(068) V05-3334', 'id': {'name': '', 'value': None}, 'picture': {'large': 'https://randomuser.me/api/portraits/men/68.jpg', 'medium': 'https://randomuser.me/api/portraits/med/men/68.jpg', 'thumbnail': 'https://randomuser.me/api/portraits/thumb/men/68.jpg'}, 'nat': 'UA'}], 'info': {'seed': '1da547888b943e06', 'results': 1, 'page': 1, 'version': '1.4'}}</msg>
<arg>${json_data}</arg>
<doc>Logs the given message with the given level.</doc>
<status status="PASS" start="2024-05-02T21:13:19.198346" elapsed="0.000235"/>
</kw>
<kw name="Should Be String" owner="String">
<arg>${json_data['results'][0]['gender']}</arg>
<doc>Fails if the given ``item`` is not a string.</doc>
<status status="PASS" start="2024-05-02T21:13:19.198881" elapsed="0.000365"/>
</kw>
<kw name="Should Match Regexp" owner="BuiltIn">
<arg>${json_data['results'][0]['email']}</arg>
<arg>^[a-zA-Z0-9._%+-]+@[a-zA-Z0-9.-]+\.[a-zA-Z]{2,}$</arg>
<doc>Fails if ``string`` does not match ``pattern`` as a regular expression.</doc>
<status status="PASS" start="2024-05-02T21:13:19.199449" elapsed="0.000515"/>
</kw>
<kw name="Should Match Regexp" owner="BuiltIn">
<arg>${json_data['results'][0]['dob']['date']}</arg>
<arg>\\d{4}-\\d{2}-\\d{2}T\\d{2}:\\d{2}:\\d{2}\\.\\d{3}Z</arg>
<doc>Fails if ``string`` does not match ``pattern`` as a regular expression.</doc>
<status status="PASS" start="2024-05-02T21:13:19.200164" elapsed="0.000490"/>
</kw>
<kw name="Should Match Regexp" owner="BuiltIn">
<arg>${json_data['results'][0]['registered']['date']}</arg>
<arg>\\d{4}-\\d{2}-\\d{2}T\\d{2}:\\d{2}:\\d{2}\\.\\d{3}Z</arg>
<doc>Fails if ``string`` does not match ``pattern`` as a regular expression.</doc>
<status status="PASS" start="2024-05-02T21:13:19.200846" elapsed="0.000369"/>
</kw>
<kw name="Should Match Regexp" owner="BuiltIn">
<arg>${json_data['results'][0]['picture']['large']}</arg>
<arg>^https?://.*\.(?:png|jpe?g|gif|bmp)$</arg>
<doc>Fails if ``string`` does not match ``pattern`` as a regular expression.</doc>
<status status="PASS" start="2024-05-02T21:13:19.201405" elapsed="0.000494"/>
</kw>
<kw name="Should Match Regexp" owner="BuiltIn">
<arg>${json_data['results'][0]['picture']['medium']}</arg>
<arg>^https?://.*\.(?:png|jpe?g|gif|bmp)$</arg>
<doc>Fails if ``string`` does not match ``pattern`` as a regular expression.</doc>
<status status="PASS" start="2024-05-02T21:13:19.202089" elapsed="0.000385"/>
</kw>
<kw name="Should Match Regexp" owner="BuiltIn">
<arg>${json_data['results'][0]['picture']['thumbnail']}</arg>
<arg>^https?://.*\.(?:png|jpe?g|gif|bmp)$</arg>
<doc>Fails if ``string`` does not match ``pattern`` as a regular expression.</doc>
<status status="PASS" start="2024-05-02T21:13:19.202664" elapsed="0.000349"/>
</kw>
<kw name="Log" owner="BuiltIn">
<msg time="2024-05-02T21:13:19.203512" level="INFO">{'large': 'https://randomuser.me/api/portraits/men/68.jpg', 'medium': 'https://randomuser.me/api/portraits/med/men/68.jpg', 'thumbnail': 'https://randomuser.me/api/portraits/thumb/men/68.jpg'}</msg>
<arg>${json_data['results'][0]['picture']}</arg>
<doc>Logs the given message with the given level.</doc>
<status status="PASS" start="2024-05-02T21:13:19.203191" elapsed="0.000362"/>
</kw>
<status status="PASS" start="2024-05-02T21:13:19.097714" elapsed="0.106110"/>
</kw>
<kw name="Teste de Tipos de Dados - Postcode" owner="random-user-service">
<kw name="GET On Session" owner="RequestsLibrary">
<msg time="2024-05-02T21:13:19.315086" level="INFO">GET Request : url=https://randomuser.me/api 
 path_url=/api 
 headers={'User-Agent': 'python-requests/2.31.0', 'Accept-Encoding': 'gzip, deflate', 'Accept': '*/*', 'Connection': 'keep-alive'} 
 body=None 
 </msg>
<msg time="2024-05-02T21:13:19.315178" level="INFO">GET Response : url=https://randomuser.me/api 
 status=200, reason=OK 
 headers={'Date': 'Thu, 02 May 2024 21:13:19 GMT', 'Content-Type': 'application/json; charset=utf-8', 'Transfer-Encoding': 'chunked', 'Connection': 'keep-alive', 'X-Powered-By': 'Express', 'Access-Control-Allow-Origin': '*', 'Cache-Control': 'no-cache', 'ETag': 'W/"488-WFQqggUi3AZuLQsDFiAy97tQ21U"', 'Vary': 'Accept-Encoding', 'Content-Encoding': 'gzip', 'CF-Cache-Status': 'DYNAMIC', 'Report-To': '{"endpoints":[{"url":"https:\\/\\/a.nel.cloudflare.com\\/report\\/v4?s=z7b231%2F3Urx7%2F0jhF7JABvOPKl6brqd1x53FyjJAFQ5A%2Fz1Z7xPbBCapx05XUzwIq3c6xOxcwu4WA1c5v6eXGhh67lI%2FiCJy0N1Q3RFThC9njOb%2BtzEC%2BvkjvVJKGkMO"}],"group":"cf-nel","max_age":604800}', 'NEL': '{"success_fraction":0,"report_to":"cf-nel","max_age":604800}', 'Server': 'cloudflare', 'CF-RAY': '87db03b70d7b2b54-LAX', 'alt-svc': 'h3=":443"; ma=86400'} 
 body={"results":[{"gender":"male","name":{"title":"Mr","first":"Maksymilian","last":"Tengesdal"},"location":{"street":{"number":3550,"name":"Kongsberggata"},"city":"Darbu","state":"Hordaland","country":"Norway","postcode":"3613","coordinates":{"latitude":"40.6627","longitude":"-84.5619"},"timezone":{"offset":"+4:00","description":"Abu Dhabi, Muscat, Baku, Tbilisi"}},"email":"maksymilian.tengesdal@example.com","login":{"uuid":"9da5715b-16f6-42fd-8c1f-a4300afca7d2","username":"bigwolf705","password":"ripper","salt":"gz8xl9ZG","md5":"7d9a3536d7af0c6362c1f97616070ce0","sha1":"e44bb82b39c9cc6f320f22bd5de9e93f6713d6e7","sha256":"51f3457aa74336d2cb4ea7b9fa7b34a07784d362d73d199be5a9445367ff248f"},"dob":{"date":"1959-07-01T12:18:16.611Z","age":64},"registered":{"date":"2006-05-21T09:35:50.628Z","age":17},"phone":"26976481","cell":"91910136","id":{"name":"FN","value":"01075901549"},"picture":{"large":"https://randomuser.me/api/portraits/men/1.jpg","medium":"https://randomuser.me/api/portraits/med/men/1.jpg","thumbnail":"https://randomuser.me/api/portraits/thumb/men/1.jpg"},"nat":"NO"}],"info":{"seed":"850b254b0ded25ee","results":1,"page":1,"version":"1.4"}} 
 </msg>
<msg time="2024-05-02T21:13:19.315253" level="INFO">/opt/hostedtoolcache/Python/3.12.3/x64/lib/python3.12/site-packages/urllib3/connectionpool.py:1103: InsecureRequestWarning: Unverified HTTPS request is being made to host 'randomuser.me'. Adding certificate verification is strongly advised. See: https://urllib3.readthedocs.io/en/latest/advanced-usage.html#tls-warnings
  warnings.warn(</msg>
<msg time="2024-05-02T21:13:19.315367" level="INFO">${response} = &lt;Response [200]&gt;</msg>
<var>${response}</var>
<arg>consultarAPI</arg>
<arg>/api</arg>
<doc>Sends a GET request on a previously created HTTP Session.</doc>
<status status="PASS" start="2024-05-02T21:13:19.204273" elapsed="0.111124"/>
</kw>
<kw name="Set Variable" owner="BuiltIn">
<msg time="2024-05-02T21:13:19.316333" level="INFO">${json_data} = {'results': [{'gender': 'male', 'name': {'title': 'Mr', 'first': 'Maksymilian', 'last': 'Tengesdal'}, 'location': {'street': {'number': 3550, 'name': 'Kongsberggata'}, 'city': 'Darbu', 'state': 'Horda...</msg>
<var>${json_data}</var>
<arg>${response.json()}</arg>
<doc>Returns the given values which can then be assigned to a variables.</doc>
<status status="PASS" start="2024-05-02T21:13:19.315846" elapsed="0.000515"/>
</kw>
<kw name="Log" owner="BuiltIn">
<msg time="2024-05-02T21:13:19.316827" level="INFO">{'results': [{'gender': 'male', 'name': {'title': 'Mr', 'first': 'Maksymilian', 'last': 'Tengesdal'}, 'location': {'street': {'number': 3550, 'name': 'Kongsberggata'}, 'city': 'Darbu', 'state': 'Hordaland', 'country': 'Norway', 'postcode': '3613', 'coordinates': {'latitude': '40.6627', 'longitude': '-84.5619'}, 'timezone': {'offset': '+4:00', 'description': 'Abu Dhabi, Muscat, Baku, Tbilisi'}}, 'email': 'maksymilian.tengesdal@example.com', 'login': {'uuid': '9da5715b-16f6-42fd-8c1f-a4300afca7d2', 'username': 'bigwolf705', 'password': 'ripper', 'salt': 'gz8xl9ZG', 'md5': '7d9a3536d7af0c6362c1f97616070ce0', 'sha1': 'e44bb82b39c9cc6f320f22bd5de9e93f6713d6e7', 'sha256': '51f3457aa74336d2cb4ea7b9fa7b34a07784d362d73d199be5a9445367ff248f'}, 'dob': {'date': '1959-07-01T12:18:16.611Z', 'age': 64}, 'registered': {'date': '2006-05-21T09:35:50.628Z', 'age': 17}, 'phone': '26976481', 'cell': '91910136', 'id': {'name': 'FN', 'value': '01075901549'}, 'picture': {'large': 'https://randomuser.me/api/portraits/men/1.jpg', 'medium': 'https://randomuser.me/api/portraits/med/men/1.jpg', 'thumbnail': 'https://randomuser.me/api/portraits/thumb/men/1.jpg'}, 'nat': 'NO'}], 'info': {'seed': '850b254b0ded25ee', 'results': 1, 'page': 1, 'version': '1.4'}}</msg>
<arg>${json_data}</arg>
<doc>Logs the given message with the given level.</doc>
<status status="PASS" start="2024-05-02T21:13:19.316676" elapsed="0.000230"/>
</kw>
<kw name="Should Be Equal As Numbers" owner="BuiltIn">
<arg>${json_data['results'][0]['location']['postcode']}</arg>
<arg>${json_data['results'][0]['location']['postcode']}</arg>
<doc>Fails if objects are unequal after converting them to real numbers.</doc>
<status status="PASS" start="2024-05-02T21:13:19.317358" elapsed="0.000688"/>
</kw>
<kw name="Log" owner="BuiltIn">
<msg time="2024-05-02T21:13:19.318586" level="INFO">3613</msg>
<arg>${json_data['results'][0]['location']['postcode']}</arg>
<doc>Logs the given message with the given level.</doc>
<status status="PASS" start="2024-05-02T21:13:19.318239" elapsed="0.000386"/>
</kw>
<status status="PASS" start="2024-05-02T21:13:19.204047" elapsed="0.114831"/>
</kw>
<doc>Testa se os tipos de dados na resposta da API estão corretos.</doc>
<tag>testeTiposDados</tag>
<status status="PASS" start="2024-05-02T21:13:19.097127" elapsed="0.221917"/>
</test>
<test id="s1-s1-t5" name="Validar conteudo" line="35">
<kw name="Teste de Tipos de Conteudo" owner="random-user-service">
<kw name="GET On Session" owner="RequestsLibrary">
<msg time="2024-05-02T21:13:19.438248" level="INFO">GET Request : url=https://randomuser.me/api 
 path_url=/api 
 headers={'User-Agent': 'python-requests/2.31.0', 'Accept-Encoding': 'gzip, deflate', 'Accept': '*/*', 'Connection': 'keep-alive'} 
 body=None 
 </msg>
<msg time="2024-05-02T21:13:19.438362" level="INFO">GET Response : url=https://randomuser.me/api 
 status=200, reason=OK 
 headers={'Date': 'Thu, 02 May 2024 21:13:19 GMT', 'Content-Type': 'application/json; charset=utf-8', 'Transfer-Encoding': 'chunked', 'Connection': 'keep-alive', 'X-Powered-By': 'Express', 'Access-Control-Allow-Origin': '*', 'Cache-Control': 'no-cache', 'ETag': 'W/"48a-dvfisvywmirFLpXVt00a17T9gi8"', 'Vary': 'Accept-Encoding', 'Content-Encoding': 'gzip', 'CF-Cache-Status': 'DYNAMIC', 'Report-To': '{"endpoints":[{"url":"https:\\/\\/a.nel.cloudflare.com\\/report\\/v4?s=ZO4JIBKJqmFDer6SWW4Ao8LNsnA72adMW1WGu3EZme5WK%2BptEi9SyiV4KCGRBJ%2BJvxZc6zZVoeyPYTHTC6E%2BYgb1fCS%2BgiXi1Z6auoIdys9eEieMPWL3qT2a5gIY%2FMMY"}],"group":"cf-nel","max_age":604800}', 'NEL': '{"success_fraction":0,"report_to":"cf-nel","max_age":604800}', 'Server': 'cloudflare', 'CF-RAY': '87db03b7ce9e2b54-LAX', 'alt-svc': 'h3=":443"; ma=86400'} 
 body={"results":[{"gender":"male","name":{"title":"Mr","first":"Joshua","last":"Wheeler"},"location":{"street":{"number":5709,"name":"College St"},"city":"Geelong","state":"Northern Territory","country":"Australia","postcode":5365,"coordinates":{"latitude":"-86.0722","longitude":"-129.6369"},"timezone":{"offset":"-7:00","description":"Mountain Time (US &amp; Canada)"}},"email":"joshua.wheeler@example.com","login":{"uuid":"8f391641-7846-4aec-9835-1f3039bd29aa","username":"bluegoose175","password":"kennedy","salt":"CHszN5Wv","md5":"3c16b0bc11b02d2dfca0d52aefadc807","sha1":"929c1caed1faf5649d562e9602ede502fbce268c","sha256":"fb335f61f3015e7aecbdb52e027bb8a76e3fafb82e856f57482455f47da50865"},"dob":{"date":"1999-01-03T22:35:57.739Z","age":25},"registered":{"date":"2006-01-19T05:55:45.845Z","age":18},"phone":"02-5681-5667","cell":"0401-987-921","id":{"name":"TFN","value":"557439219"},"picture":{"large":"https://randomuser.me/api/portraits/men/1.jpg","medium":"https://randomuser.me/api/portraits/med/men/1.jpg","thumbnail":"https://randomuser.me/api/portraits/thumb/men/1.jpg"},"nat":"AU"}],"info":{"seed":"3385505bb16bb27a","results":1,"page":1,"version":"1.4"}} 
 </msg>
<msg time="2024-05-02T21:13:19.438449" level="INFO">/opt/hostedtoolcache/Python/3.12.3/x64/lib/python3.12/site-packages/urllib3/connectionpool.py:1103: InsecureRequestWarning: Unverified HTTPS request is being made to host 'randomuser.me'. Adding certificate verification is strongly advised. See: https://urllib3.readthedocs.io/en/latest/advanced-usage.html#tls-warnings
  warnings.warn(</msg>
<msg time="2024-05-02T21:13:19.438591" level="INFO">${response} = &lt;Response [200]&gt;</msg>
<var>${response}</var>
<arg>consultarAPI</arg>
<arg>/api</arg>
<doc>Sends a GET request on a previously created HTTP Session.</doc>
<status status="PASS" start="2024-05-02T21:13:19.321478" elapsed="0.117166"/>
</kw>
<kw name="Set Variable" owner="BuiltIn">
<msg time="2024-05-02T21:13:19.439729" level="INFO">${json_data} = {'results': [{'gender': 'male', 'name': {'title': 'Mr', 'first': 'Joshua', 'last': 'Wheeler'}, 'location': {'street': {'number': 5709, 'name': 'College St'}, 'city': 'Geelong', 'state': 'Northern Terr...</msg>
<var>${json_data}</var>
<arg>${response.json()}</arg>
<doc>Returns the given values which can then be assigned to a variables.</doc>
<status status="PASS" start="2024-05-02T21:13:19.439211" elapsed="0.000546"/>
</kw>
<kw name="Set Variable" owner="BuiltIn">
<msg time="2024-05-02T21:13:19.440453" level="INFO">${name_title} = Mr</msg>
<var>${name_title}</var>
<arg>${json_data["results"][0]["name"]["title"]}</arg>
<doc>Returns the given values which can then be assigned to a variables.</doc>
<status status="PASS" start="2024-05-02T21:13:19.440062" elapsed="0.000416"/>
</kw>
<kw name="Create List" owner="BuiltIn">
<msg time="2024-05-02T21:13:19.440923" level="INFO">${allowed_titles} = ['Mr', 'Ms', 'Miss', 'Mrs', 'Madame', 'Monsieur']</msg>
<var>${allowed_titles}</var>
<arg>Mr</arg>
<arg>Ms</arg>
<arg>Miss</arg>
<arg>Mrs</arg>
<arg>Madame</arg>
<arg>Monsieur</arg>
<doc>Returns a list containing given items.</doc>
<status status="PASS" start="2024-05-02T21:13:19.440774" elapsed="0.000173"/>
</kw>
<kw name="List Should Contain Value" owner="Collections">
<msg time="2024-05-02T21:13:19.441418" level="INFO">False</msg>
<arg>${allowed_titles}</arg>
<arg>${name_title}</arg>
<doc>Fails if the ``value`` is not found from ``list``.</doc>
<status status="PASS" start="2024-05-02T21:13:19.441245" elapsed="0.000209"/>
</kw>
<kw name="Set Variable" owner="BuiltIn">
<msg time="2024-05-02T21:13:19.442163" level="INFO">${name_country} = AU</msg>
<var>${name_country}</var>
<arg>${json_data["results"][0]["nat"]}</arg>
<doc>Returns the given values which can then be assigned to a variables.</doc>
<status status="PASS" start="2024-05-02T21:13:19.441784" elapsed="0.000403"/>
</kw>
<kw name="Create List" owner="BuiltIn">
<msg time="2024-05-02T21:13:19.443088" level="INFO">${list_country} = ['AD', 'AE', 'AF', 'AG', 'AI', 'AL', 'AM', 'AO', 'AQ', 'AR', 'AS', 'AT', 'AU', 'AW', 'AX', 'AZ', 'BA', 'BB', 'BD', 'BE', 'BF', 'BG', 'BH', 'BI', 'BJ', 'BL', 'BM', 'BN', 'BO', 'BQ', 'BR', 'BS', 'BT', '...</msg>
<var>${list_country}</var>
<arg>AD</arg>
<arg>AE</arg>
<arg>AF</arg>
<arg>AG</arg>
<arg>AI</arg>
<arg>AL</arg>
<arg>AM</arg>
<arg>AO</arg>
<arg>AQ</arg>
<arg>AR</arg>
<arg>AS</arg>
<arg>AT</arg>
<arg>AU</arg>
<arg>AW</arg>
<arg>AX</arg>
<arg>AZ</arg>
<arg>BA</arg>
<arg>BB</arg>
<arg>BD</arg>
<arg>BE</arg>
<arg>BF</arg>
<arg>BG</arg>
<arg>BH</arg>
<arg>BI</arg>
<arg>BJ</arg>
<arg>BL</arg>
<arg>BM</arg>
<arg>BN</arg>
<arg>BO</arg>
<arg>BQ</arg>
<arg>BR</arg>
<arg>BS</arg>
<arg>BT</arg>
<arg>BV</arg>
<arg>BW</arg>
<arg>BY</arg>
<arg>BZ</arg>
<arg>CA</arg>
<arg>CC</arg>
<arg>CD</arg>
<arg>CF</arg>
<arg>CG</arg>
<arg>CH</arg>
<arg>CI</arg>
<arg>CK</arg>
<arg>CL</arg>
<arg>CM</arg>
<arg>CN</arg>
<arg>CO</arg>
<arg>CR</arg>
<arg>CU</arg>
<arg>CV</arg>
<arg>CW</arg>
<arg>CX</arg>
<arg>CY</arg>
<arg>CZ</arg>
<arg>DE</arg>
<arg>DJ</arg>
<arg>DK</arg>
<arg>DM</arg>
<arg>DO</arg>
<arg>DZ</arg>
<arg>EC</arg>
<arg>EE</arg>
<arg>EG</arg>
<arg>EH</arg>
<arg>ER</arg>
<arg>ES</arg>
<arg>ET</arg>
<arg>FI</arg>
<arg>FJ</arg>
<arg>FK</arg>
<arg>FM</arg>
<arg>FO</arg>
<arg>FR</arg>
<arg>GA</arg>
<arg>GB</arg>
<arg>GD</arg>
<arg>GE</arg>
<arg>GF</arg>
<arg>GG</arg>
<arg>GH</arg>
<arg>GI</arg>
<arg>GL</arg>
<arg>GM</arg>
<arg>GN</arg>
<arg>GP</arg>
<arg>GQ</arg>
<arg>GR</arg>
<arg>GS</arg>
<arg>GT</arg>
<arg>GU</arg>
<arg>GW</arg>
<arg>GY</arg>
<arg>HK</arg>
<arg>HM</arg>
<arg>HN</arg>
<arg>HR</arg>
<arg>HT</arg>
<arg>HU</arg>
<arg>ID</arg>
<arg>IE</arg>
<arg>IL</arg>
<arg>IM</arg>
<arg>IN</arg>
<arg>IO</arg>
<arg>IQ</arg>
<arg>IR</arg>
<arg>IS</arg>
<arg>IT</arg>
<arg>JE</arg>
<arg>JM</arg>
<arg>JO</arg>
<arg>JP</arg>
<arg>KE</arg>
<arg>KG</arg>
<arg>KH</arg>
<arg>KI</arg>
<arg>KM</arg>
<arg>KN</arg>
<arg>KP</arg>
<arg>KR</arg>
<arg>KW</arg>
<arg>KY</arg>
<arg>KZ</arg>
<arg>LA</arg>
<arg>LB</arg>
<arg>LC</arg>
<arg>LI</arg>
<arg>LK</arg>
<arg>LR</arg>
<arg>LS</arg>
<arg>LT</arg>
<arg>LU</arg>
<arg>LV</arg>
<arg>LY</arg>
<arg>MA</arg>
<arg>MC</arg>
<arg>MD</arg>
<arg>ME</arg>
<arg>MF</arg>
<arg>MG</arg>
<arg>MH</arg>
<arg>MK</arg>
<arg>ML</arg>
<arg>MM</arg>
<arg>MN</arg>
<arg>MO</arg>
<arg>MP</arg>
<arg>MQ</arg>
<arg>MR</arg>
<arg>MS</arg>
<arg>MT</arg>
<arg>MU</arg>
<arg>MV</arg>
<arg>MW</arg>
<arg>MX</arg>
<arg>MY</arg>
<arg>MZ</arg>
<arg>NA</arg>
<arg>NC</arg>
<arg>NE</arg>
<arg>NF</arg>
<arg>NG</arg>
<arg>NI</arg>
<arg>NL</arg>
<arg>NO</arg>
<arg>NP</arg>
<arg>NR</arg>
<arg>NU</arg>
<arg>NZ</arg>
<arg>OM</arg>
<arg>PA</arg>
<arg>PE</arg>
<arg>PF</arg>
<arg>PG</arg>
<arg>PH</arg>
<arg>PK</arg>
<arg>PL</arg>
<arg>PM</arg>
<arg>PN</arg>
<arg>PR</arg>
<arg>PS</arg>
<arg>PT</arg>
<arg>PW</arg>
<arg>PY</arg>
<arg>QA</arg>
<arg>RE</arg>
<arg>RO</arg>
<arg>RS</arg>
<arg>RU</arg>
<arg>RW</arg>
<arg>SA</arg>
<arg>SB</arg>
<arg>SC</arg>
<arg>SD</arg>
<arg>SE</arg>
<arg>SG</arg>
<arg>SH</arg>
<arg>SI</arg>
<arg>SJ</arg>
<arg>SK</arg>
<arg>SL</arg>
<arg>SM</arg>
<arg>SN</arg>
<arg>SO</arg>
<arg>SR</arg>
<arg>SS</arg>
<arg>ST</arg>
<arg>SV</arg>
<arg>SX</arg>
<arg>SY</arg>
<arg>SZ</arg>
<arg>TC</arg>
<arg>TD</arg>
<arg>TF</arg>
<arg>TG</arg>
<arg>TH</arg>
<arg>TJ</arg>
<arg>TK</arg>
<arg>TL</arg>
<arg>TM</arg>
<arg>TN</arg>
<arg>TO</arg>
<arg>TR</arg>
<arg>TT</arg>
<arg>TV</arg>
<arg>TW</arg>
<arg>TZ</arg>
<arg>UA</arg>
<arg>UG</arg>
<arg>UM</arg>
<arg>US</arg>
<arg>UY</arg>
<arg>UZ</arg>
<arg>VA</arg>
<arg>VC</arg>
<arg>VE</arg>
<arg>VG</arg>
<arg>VI</arg>
<arg>VN</arg>
<arg>VU</arg>
<arg>WF</arg>
<arg>WS</arg>
<arg>XK</arg>
<arg>YE</arg>
<arg>YT</arg>
<arg>ZA</arg>
<arg>ZM</arg>
<arg>ZW</arg>
<doc>Returns a list containing given items.</doc>
<status status="PASS" start="2024-05-02T21:13:19.442490" elapsed="0.000623"/>
</kw>
<kw name="List Should Contain Value" owner="Collections">
<msg time="2024-05-02T21:13:19.444116" level="INFO">False</msg>
<arg>${list_country}</arg>
<arg>${name_country}</arg>
<doc>Fails if the ``value`` is not found from ``list``.</doc>
<status status="PASS" start="2024-05-02T21:13:19.443919" elapsed="0.000234"/>
</kw>
<kw name="Run Keyword If" owner="BuiltIn">
<kw name="Should Be True" owner="BuiltIn">
<arg>${True}</arg>
<doc>Fails if the given condition is not true.</doc>
<status status="PASS" start="2024-05-02T21:13:19.445222" elapsed="0.000259"/>
</kw>
<arg>${json_data["results"][0]["location"]["coordinates"]["latitude"]} &gt;= -90 and ${json_data["results"][0]["location"]["coordinates"]["latitude"]} &lt;= 90</arg>
<arg>Should Be True</arg>
<arg>${True}</arg>
<doc>Runs the given keyword with the given arguments, if ``condition`` is true.</doc>
<status status="PASS" start="2024-05-02T21:13:19.444463" elapsed="0.001171"/>
</kw>
<kw name="Run Keyword If" owner="BuiltIn">
<kw name="Should Be True" owner="BuiltIn">
<arg>${True}</arg>
<doc>Fails if the given condition is not true.</doc>
<status status="PASS" start="2024-05-02T21:13:19.446533" elapsed="0.000138"/>
</kw>
<arg>${json_data["results"][0]["location"]["coordinates"]["longitude"]} &gt;= -180 and ${json_data["results"][0]["location"]["coordinates"]["longitude"]} &lt;= 180</arg>
<arg>Should Be True</arg>
<arg>${True}</arg>
<doc>Runs the given keyword with the given arguments, if ``condition`` is true.</doc>
<status status="PASS" start="2024-05-02T21:13:19.445833" elapsed="0.000959"/>
</kw>
<status status="PASS" start="2024-05-02T21:13:19.321255" elapsed="0.125666"/>
</kw>
<doc>Testa o conteúdo específico dos campos retornados pela API.</doc>
<tag>testeConteudo</tag>
<status status="PASS" start="2024-05-02T21:13:19.320804" elapsed="0.126269"/>
</test>
<status status="PASS" start="2024-05-02T21:13:18.299288" elapsed="1.149741"/>
</suite>
<status status="PASS" start="2024-05-02T21:13:18.285474" elapsed="1.168977"/>
</suite>
<statistics>
<total>
<stat pass="5" fail="0" skip="0">All Tests</stat>
</total>
<tag>
<stat pass="1" fail="0" skip="0">testeConteudo</stat>
<stat pass="1" fail="0" skip="0">testeEstruturaResposta</stat>
<stat pass="1" fail="0" skip="0">testeRequisicaoBasica</stat>
<stat pass="1" fail="0" skip="0">testeTiposDados</stat>
</tag>
<suite>
<stat pass="5" fail="0" skip="0" id="s1" name="Tests">Tests</stat>
<stat pass="5" fail="0" skip="0" id="s1-s1" name="Random-User-Test">Tests.Random-User-Test</stat>
</suite>
</statistics>
<errors>
</errors>
</robot>
