<?xml version="1.0" encoding="UTF-8"?>
<robot generator="Robot 7.0 (Python 3.12.3 on linux)" generated="2024-05-09T10:16:42.153544" rpa="false" schemaversion="5">
<suite id="s1" name="Tests" source="/home/runner/work/DesafioQAItauRogerioJordao/DesafioQAItauRogerioJordao/RamdonUser/tests">
<suite id="s1-s1" name="Random-User-Test" source="/home/runner/work/DesafioQAItauRogerioJordao/DesafioQAItauRogerioJordao/RamdonUser/tests/random-user-test.robot">
<test id="s1-s1-t1" name="Conectar" line="13">
<kw name="Conectar API" owner="random-user-service">
<kw name="Create Session" owner="RequestsLibrary">
<msg time="2024-05-09T10:16:42.512448" level="INFO">Creating Session using : alias=consultarAPI, url=https://randomuser.me/, headers={},                     cookies={}, auth=None, timeout=None, proxies=None, verify=False,                     debug=0 </msg>
<arg>consultarAPI</arg>
<arg>${URL}</arg>
<doc>Create Session: create a HTTP session to a server</doc>
<status status="PASS" start="2024-05-09T10:16:42.512223" elapsed="0.000399"/>
</kw>
<status status="PASS" start="2024-05-09T10:16:42.511303" elapsed="0.001669"/>
</kw>
<status status="PASS" start="2024-05-09T10:16:42.510709" elapsed="0.002453"/>
</test>
<test id="s1-s1-t2" name="Validar retorno 200 e JSON Válido" line="16">
<kw name="Teste de Requisicao Basica" owner="random-user-service">
<kw name="GET On Session" owner="RequestsLibrary">
<msg time="2024-05-09T10:16:42.584786" level="INFO">GET Request : url=https://randomuser.me/api 
 path_url=/api 
 headers={'User-Agent': 'python-requests/2.31.0', 'Accept-Encoding': 'gzip, deflate', 'Accept': '*/*', 'Connection': 'keep-alive'} 
 body=None 
 </msg>
<msg time="2024-05-09T10:16:42.584888" level="INFO">GET Response : url=https://randomuser.me/api 
 status=200, reason=OK 
 headers={'Date': 'Thu, 09 May 2024 10:16:42 GMT', 'Content-Type': 'application/json; charset=utf-8', 'Transfer-Encoding': 'chunked', 'Connection': 'keep-alive', 'X-Powered-By': 'Express', 'Access-Control-Allow-Origin': '*', 'Cache-Control': 'no-cache', 'ETag': 'W/"484-kv9QnEF8kIUNhFQob+Brx6HhUzQ"', 'Vary': 'Accept-Encoding', 'Content-Encoding': 'gzip', 'CF-Cache-Status': 'DYNAMIC', 'Report-To': '{"endpoints":[{"url":"https:\\/\\/a.nel.cloudflare.com\\/report\\/v4?s=RshzLf%2BYMOjdt8uxHGADBTcAN%2BV%2F5Fam3H1sLm3XjmnAt2%2BnGAsEB1QMyRxd3UR5ys8Z1Hp7YXo31WZrxVqW3FvyfAuL9HatGz2Oa7CYApYiSnm6%2Bd49uFDvEdOUvjzq"}],"group":"cf-nel","max_age":604800}', 'NEL': '{"success_fraction":0,"report_to":"cf-nel","max_age":604800}', 'Server': 'cloudflare', 'CF-RAY': '8810ef81de4a5b1c-IAD', 'alt-svc': 'h3=":443"; ma=86400'} 
 body={"results":[{"gender":"male","name":{"title":"Mr","first":"Zackary","last":"Lavigne"},"location":{"street":{"number":6688,"name":"3rd St"},"city":"Enterprise","state":"Saskatchewan","country":"Canada","postcode":"N6E 4C4","coordinates":{"latitude":"-71.9810","longitude":"-15.5888"},"timezone":{"offset":"-11:00","description":"Midway Island, Samoa"}},"email":"zackary.lavigne@example.com","login":{"uuid":"f80a14e1-d17d-4f6a-b179-02965f5c6faf","username":"heavylion136","password":"attitude","salt":"YfC28xOC","md5":"62f4f82ff8c63fb750a4a1895b794e3e","sha1":"2a4ae8be7438055bcb371e47b6c96c40f1385bfb","sha256":"6d5d195c990f6b654ed90ea3db69059d0232811e0c223c888ef48a2e8e4a32d9"},"dob":{"date":"1952-08-07T21:45:27.518Z","age":71},"registered":{"date":"2013-09-21T06:19:17.139Z","age":10},"phone":"I93 T49-6950","cell":"Q47 F89-3092","id":{"name":"SIN","value":"726866445"},"picture":{"large":"https://randomuser.me/api/portraits/men/39.jpg","medium":"https://randomuser.me/api/portraits/med/men/39.jpg","thumbnail":"https://randomuser.me/api/portraits/thumb/men/39.jpg"},"nat":"CA"}],"info":{"seed":"c8934dfd5d4266e4","results":1,"page":1,"version":"1.4"}} 
 </msg>
<msg time="2024-05-09T10:16:42.584955" level="INFO">/opt/hostedtoolcache/Python/3.12.3/x64/lib/python3.12/site-packages/urllib3/connectionpool.py:1103: InsecureRequestWarning: Unverified HTTPS request is being made to host 'randomuser.me'. Adding certificate verification is strongly advised. See: https://urllib3.readthedocs.io/en/latest/advanced-usage.html#tls-warnings
  warnings.warn(</msg>
<msg time="2024-05-09T10:16:42.585175" level="INFO">${response} = &lt;Response [200]&gt;</msg>
<var>${response}</var>
<arg>consultarAPI</arg>
<arg>/api</arg>
<doc>Sends a GET request on a previously created HTTP Session.</doc>
<status status="PASS" start="2024-05-09T10:16:42.515824" elapsed="0.069387"/>
</kw>
<kw name="Should Be Equal As Numbers" owner="BuiltIn">
<msg time="2024-05-09T10:16:42.585996" level="INFO">Argument types are:
&lt;class 'int'&gt;
&lt;class 'str'&gt;</msg>
<arg>${response.status_code}</arg>
<arg>200</arg>
<doc>Fails if objects are unequal after converting them to real numbers.</doc>
<status status="PASS" start="2024-05-09T10:16:42.585593" elapsed="0.000464"/>
</kw>
<kw name="Log" owner="BuiltIn">
<msg time="2024-05-09T10:16:42.586750" level="INFO">200</msg>
<arg>${response.status_code}</arg>
<doc>Logs the given message with the given level.</doc>
<status status="PASS" start="2024-05-09T10:16:42.586393" elapsed="0.000400"/>
</kw>
<kw name="Set Variable" owner="BuiltIn">
<msg time="2024-05-09T10:16:42.587529" level="INFO">${json_data} = {'results': [{'gender': 'male', 'name': {'title': 'Mr', 'first': 'Zackary', 'last': 'Lavigne'}, 'location': {'street': {'number': 6688, 'name': '3rd St'}, 'city': 'Enterprise', 'state': 'Saskatchewan'...</msg>
<var>${json_data}</var>
<arg>${response.json()}</arg>
<doc>Returns the given values which can then be assigned to a variables.</doc>
<status status="PASS" start="2024-05-09T10:16:42.587096" elapsed="0.000462"/>
</kw>
<kw name="Dictionary Should Contain Key" owner="Collections">
<msg time="2024-05-09T10:16:42.588024" level="INFO">False</msg>
<arg>${json_data}</arg>
<arg>results</arg>
<doc>Fails if ``key`` is not found from ``dictionary``.</doc>
<status status="PASS" start="2024-05-09T10:16:42.587856" elapsed="0.000208"/>
</kw>
<status status="PASS" start="2024-05-09T10:16:42.515584" elapsed="0.072729"/>
</kw>
<doc>Testa se a API responde corretamente e retorna um objeto JSON válido.</doc>
<tag>testeRequisicaoBasica</tag>
<status status="PASS" start="2024-05-09T10:16:42.515052" elapsed="0.073469"/>
</test>
<test id="s1-s1-t3" name="Validar estrutura de resposta" line="22">
<kw name="Teste de Estrutura de Resposta" owner="random-user-service">
<kw name="GET On Session" owner="RequestsLibrary">
<msg time="2024-05-09T10:16:42.673540" level="INFO">GET Request : url=https://randomuser.me/api 
 path_url=/api 
 headers={'User-Agent': 'python-requests/2.31.0', 'Accept-Encoding': 'gzip, deflate', 'Accept': '*/*', 'Connection': 'keep-alive'} 
 body=None 
 </msg>
<msg time="2024-05-09T10:16:42.673627" level="INFO">GET Response : url=https://randomuser.me/api 
 status=200, reason=OK 
 headers={'Date': 'Thu, 09 May 2024 10:16:42 GMT', 'Content-Type': 'application/json; charset=utf-8', 'Transfer-Encoding': 'chunked', 'Connection': 'keep-alive', 'X-Powered-By': 'Express', 'Access-Control-Allow-Origin': '*', 'Cache-Control': 'no-cache', 'ETag': 'W/"490-RvKvSHk9B1x67dUXpE6qbRasxXU"', 'Vary': 'Accept-Encoding', 'Content-Encoding': 'gzip', 'CF-Cache-Status': 'DYNAMIC', 'Report-To': '{"endpoints":[{"url":"https:\\/\\/a.nel.cloudflare.com\\/report\\/v4?s=SXjvNsyu0L8xo3WrWqCUa7NtD8MA3Nk3d%2FW6hZt2dZRm%2F9ZVjFKToAe1SktzOOJSwApuyxlGo2JY7dieCQAbik%2Bl1iElQNYOu6WbnealIuA1uG9uQYpuo4%2FIpnimLs0K"}],"group":"cf-nel","max_age":604800}', 'NEL': '{"success_fraction":0,"report_to":"cf-nel","max_age":604800}', 'Server': 'cloudflare', 'CF-RAY': '8810ef823e965b1c-IAD', 'alt-svc': 'h3=":443"; ma=86400'} 
 body={"results":[{"gender":"male","name":{"title":"Mr","first":"Stanoje","last":"Selaković"},"location":{"street":{"number":2086,"name":"Đurakovačka"},"city":"Lebane","state":"Rasina","country":"Serbia","postcode":34127,"coordinates":{"latitude":"56.1081","longitude":"-23.4907"},"timezone":{"offset":"+3:00","description":"Baghdad, Riyadh, Moscow, St. Petersburg"}},"email":"stanoje.selakovic@example.com","login":{"uuid":"ca8336b4-8e62-41cc-863d-4fb238518571","username":"brownswan364","password":"hiphop","salt":"I3AjfWUa","md5":"277aacdb3f05cdefbfba4a11778a0913","sha1":"8b02202b44881f9f52d92730b78edf088cde24be","sha256":"735dcb69506b1ea015eade284a25ea195d25ad9e78855106792a8129ee2e61bb"},"dob":{"date":"1998-06-22T19:08:16.378Z","age":25},"registered":{"date":"2016-06-03T23:41:31.910Z","age":7},"phone":"015-3153-412","cell":"068-3203-751","id":{"name":"SID","value":"822664139"},"picture":{"large":"https://randomuser.me/api/portraits/men/13.jpg","medium":"https://randomuser.me/api/portraits/med/men/13.jpg","thumbnail":"https://randomuser.me/api/portraits/thumb/men/13.jpg"},"nat":"RS"}],"info":{"seed":"0f6323379ae52e19","results":1,"page":1,"version":"1.4"}} 
 </msg>
<msg time="2024-05-09T10:16:42.673751" level="INFO">/opt/hostedtoolcache/Python/3.12.3/x64/lib/python3.12/site-packages/urllib3/connectionpool.py:1103: InsecureRequestWarning: Unverified HTTPS request is being made to host 'randomuser.me'. Adding certificate verification is strongly advised. See: https://urllib3.readthedocs.io/en/latest/advanced-usage.html#tls-warnings
  warnings.warn(</msg>
<msg time="2024-05-09T10:16:42.673845" level="INFO">${response} = &lt;Response [200]&gt;</msg>
<var>${response}</var>
<arg>consultarAPI</arg>
<arg>/api</arg>
<doc>Sends a GET request on a previously created HTTP Session.</doc>
<status status="PASS" start="2024-05-09T10:16:42.591154" elapsed="0.082729"/>
</kw>
<kw name="Set Variable" owner="BuiltIn">
<msg time="2024-05-09T10:16:42.674709" level="INFO">${json_data} = {'results': [{'gender': 'male', 'name': {'title': 'Mr', 'first': 'Stanoje', 'last': 'Selaković'}, 'location': {'street': {'number': 2086, 'name': 'Đurakovačka'}, 'city': 'Lebane', 'state': 'Rasina', '...</msg>
<var>${json_data}</var>
<arg>${response.json()}</arg>
<doc>Returns the given values which can then be assigned to a variables.</doc>
<status status="PASS" start="2024-05-09T10:16:42.674249" elapsed="0.000490"/>
</kw>
<kw name="Log" owner="BuiltIn">
<msg time="2024-05-09T10:16:42.675205" level="INFO">{'results': [{'gender': 'male', 'name': {'title': 'Mr', 'first': 'Stanoje', 'last': 'Selaković'}, 'location': {'street': {'number': 2086, 'name': 'Đurakovačka'}, 'city': 'Lebane', 'state': 'Rasina', 'country': 'Serbia', 'postcode': 34127, 'coordinates': {'latitude': '56.1081', 'longitude': '-23.4907'}, 'timezone': {'offset': '+3:00', 'description': 'Baghdad, Riyadh, Moscow, St. Petersburg'}}, 'email': 'stanoje.selakovic@example.com', 'login': {'uuid': 'ca8336b4-8e62-41cc-863d-4fb238518571', 'username': 'brownswan364', 'password': 'hiphop', 'salt': 'I3AjfWUa', 'md5': '277aacdb3f05cdefbfba4a11778a0913', 'sha1': '8b02202b44881f9f52d92730b78edf088cde24be', 'sha256': '735dcb69506b1ea015eade284a25ea195d25ad9e78855106792a8129ee2e61bb'}, 'dob': {'date': '1998-06-22T19:08:16.378Z', 'age': 25}, 'registered': {'date': '2016-06-03T23:41:31.910Z', 'age': 7}, 'phone': '015-3153-412', 'cell': '068-3203-751', 'id': {'name': 'SID', 'value': '822664139'}, 'picture': {'large': 'https://randomuser.me/api/portraits/men/13.jpg', 'medium': 'https://randomuser.me/api/portraits/med/men/13.jpg', 'thumbnail': 'https://randomuser.me/api/portraits/thumb/men/13.jpg'}, 'nat': 'RS'}], 'info': {'seed': '0f6323379ae52e19', 'results': 1, 'page': 1, 'version': '1.4'}}</msg>
<arg>${json_data}</arg>
<doc>Logs the given message with the given level.</doc>
<status status="PASS" start="2024-05-09T10:16:42.675046" elapsed="0.000210"/>
</kw>
<kw name="Dictionary Should Contain Key" owner="Collections">
<msg time="2024-05-09T10:16:42.675708" level="INFO">False</msg>
<arg>${json_data}</arg>
<arg>results</arg>
<doc>Fails if ``key`` is not found from ``dictionary``.</doc>
<status status="PASS" start="2024-05-09T10:16:42.675549" elapsed="0.000198"/>
</kw>
<kw name="Should Not Be Empty" owner="BuiltIn">
<msg time="2024-05-09T10:16:42.676171" level="INFO">Length is 2.</msg>
<arg>${json_data}</arg>
<doc>Verifies that the given item is not empty.</doc>
<status status="PASS" start="2024-05-09T10:16:42.676040" elapsed="0.000290"/>
</kw>
<kw name="Create List" owner="BuiltIn">
<msg time="2024-05-09T10:16:42.676816" level="INFO">${expected_keys} = ['gender', 'name', 'location', 'email', 'login']</msg>
<var>${expected_keys}</var>
<arg>gender</arg>
<arg>name</arg>
<arg>location</arg>
<arg>email</arg>
<arg>login</arg>
<doc>Returns a list containing given items.</doc>
<status status="PASS" start="2024-05-09T10:16:42.676661" elapsed="0.000179"/>
</kw>
<for flavor="IN">
<iter>
<kw name="Dictionary Should Contain Key" owner="Collections">
<msg time="2024-05-09T10:16:42.677813" level="INFO">False</msg>
<arg>${json_data['results'][0]}</arg>
<arg>${key}</arg>
<doc>Fails if ``key`` is not found from ``dictionary``.</doc>
<status status="PASS" start="2024-05-09T10:16:42.677402" elapsed="0.000449"/>
</kw>
<kw name="Log" owner="BuiltIn">
<msg time="2024-05-09T10:16:42.678523" level="INFO">{'gender': 'male', 'name': {'title': 'Mr', 'first': 'Stanoje', 'last': 'Selaković'}, 'location': {'street': {'number': 2086, 'name': 'Đurakovačka'}, 'city': 'Lebane', 'state': 'Rasina', 'country': 'Serbia', 'postcode': 34127, 'coordinates': {'latitude': '56.1081', 'longitude': '-23.4907'}, 'timezone': {'offset': '+3:00', 'description': 'Baghdad, Riyadh, Moscow, St. Petersburg'}}, 'email': 'stanoje.selakovic@example.com', 'login': {'uuid': 'ca8336b4-8e62-41cc-863d-4fb238518571', 'username': 'brownswan364', 'password': 'hiphop', 'salt': 'I3AjfWUa', 'md5': '277aacdb3f05cdefbfba4a11778a0913', 'sha1': '8b02202b44881f9f52d92730b78edf088cde24be', 'sha256': '735dcb69506b1ea015eade284a25ea195d25ad9e78855106792a8129ee2e61bb'}, 'dob': {'date': '1998-06-22T19:08:16.378Z', 'age': 25}, 'registered': {'date': '2016-06-03T23:41:31.910Z', 'age': 7}, 'phone': '015-3153-412', 'cell': '068-3203-751', 'id': {'name': 'SID', 'value': '822664139'}, 'picture': {'large': 'https://randomuser.me/api/portraits/men/13.jpg', 'medium': 'https://randomuser.me/api/portraits/med/men/13.jpg', 'thumbnail': 'https://randomuser.me/api/portraits/thumb/men/13.jpg'}, 'nat': 'RS'}</msg>
<arg>${json_data['results'][0]}</arg>
<doc>Logs the given message with the given level.</doc>
<status status="PASS" start="2024-05-09T10:16:42.678149" elapsed="0.000426"/>
</kw>
<kw name="Log" owner="BuiltIn">
<msg time="2024-05-09T10:16:42.679001" level="INFO">gender</msg>
<arg>${key}</arg>
<doc>Logs the given message with the given level.</doc>
<status status="PASS" start="2024-05-09T10:16:42.678874" elapsed="0.000165"/>
</kw>
<var name="${key}">gender</var>
<status status="PASS" start="2024-05-09T10:16:42.677278" elapsed="0.001975"/>
</iter>
<iter>
<kw name="Dictionary Should Contain Key" owner="Collections">
<msg time="2024-05-09T10:16:42.679929" level="INFO">False</msg>
<arg>${json_data['results'][0]}</arg>
<arg>${key}</arg>
<doc>Fails if ``key`` is not found from ``dictionary``.</doc>
<status status="PASS" start="2024-05-09T10:16:42.679552" elapsed="0.000414"/>
</kw>
<kw name="Log" owner="BuiltIn">
<msg time="2024-05-09T10:16:42.680678" level="INFO">{'gender': 'male', 'name': {'title': 'Mr', 'first': 'Stanoje', 'last': 'Selaković'}, 'location': {'street': {'number': 2086, 'name': 'Đurakovačka'}, 'city': 'Lebane', 'state': 'Rasina', 'country': 'Serbia', 'postcode': 34127, 'coordinates': {'latitude': '56.1081', 'longitude': '-23.4907'}, 'timezone': {'offset': '+3:00', 'description': 'Baghdad, Riyadh, Moscow, St. Petersburg'}}, 'email': 'stanoje.selakovic@example.com', 'login': {'uuid': 'ca8336b4-8e62-41cc-863d-4fb238518571', 'username': 'brownswan364', 'password': 'hiphop', 'salt': 'I3AjfWUa', 'md5': '277aacdb3f05cdefbfba4a11778a0913', 'sha1': '8b02202b44881f9f52d92730b78edf088cde24be', 'sha256': '735dcb69506b1ea015eade284a25ea195d25ad9e78855106792a8129ee2e61bb'}, 'dob': {'date': '1998-06-22T19:08:16.378Z', 'age': 25}, 'registered': {'date': '2016-06-03T23:41:31.910Z', 'age': 7}, 'phone': '015-3153-412', 'cell': '068-3203-751', 'id': {'name': 'SID', 'value': '822664139'}, 'picture': {'large': 'https://randomuser.me/api/portraits/men/13.jpg', 'medium': 'https://randomuser.me/api/portraits/med/men/13.jpg', 'thumbnail': 'https://randomuser.me/api/portraits/thumb/men/13.jpg'}, 'nat': 'RS'}</msg>
<arg>${json_data['results'][0]}</arg>
<doc>Logs the given message with the given level.</doc>
<status status="PASS" start="2024-05-09T10:16:42.680288" elapsed="0.000440"/>
</kw>
<kw name="Log" owner="BuiltIn">
<msg time="2024-05-09T10:16:42.681156" level="INFO">name</msg>
<arg>${key}</arg>
<doc>Logs the given message with the given level.</doc>
<status status="PASS" start="2024-05-09T10:16:42.681029" elapsed="0.000164"/>
</kw>
<var name="${key}">name</var>
<status status="PASS" start="2024-05-09T10:16:42.679438" elapsed="0.001968"/>
</iter>
<iter>
<kw name="Dictionary Should Contain Key" owner="Collections">
<msg time="2024-05-09T10:16:42.682088" level="INFO">False</msg>
<arg>${json_data['results'][0]}</arg>
<arg>${key}</arg>
<doc>Fails if ``key`` is not found from ``dictionary``.</doc>
<status status="PASS" start="2024-05-09T10:16:42.681701" elapsed="0.000424"/>
</kw>
<kw name="Log" owner="BuiltIn">
<msg time="2024-05-09T10:16:42.682789" level="INFO">{'gender': 'male', 'name': {'title': 'Mr', 'first': 'Stanoje', 'last': 'Selaković'}, 'location': {'street': {'number': 2086, 'name': 'Đurakovačka'}, 'city': 'Lebane', 'state': 'Rasina', 'country': 'Serbia', 'postcode': 34127, 'coordinates': {'latitude': '56.1081', 'longitude': '-23.4907'}, 'timezone': {'offset': '+3:00', 'description': 'Baghdad, Riyadh, Moscow, St. Petersburg'}}, 'email': 'stanoje.selakovic@example.com', 'login': {'uuid': 'ca8336b4-8e62-41cc-863d-4fb238518571', 'username': 'brownswan364', 'password': 'hiphop', 'salt': 'I3AjfWUa', 'md5': '277aacdb3f05cdefbfba4a11778a0913', 'sha1': '8b02202b44881f9f52d92730b78edf088cde24be', 'sha256': '735dcb69506b1ea015eade284a25ea195d25ad9e78855106792a8129ee2e61bb'}, 'dob': {'date': '1998-06-22T19:08:16.378Z', 'age': 25}, 'registered': {'date': '2016-06-03T23:41:31.910Z', 'age': 7}, 'phone': '015-3153-412', 'cell': '068-3203-751', 'id': {'name': 'SID', 'value': '822664139'}, 'picture': {'large': 'https://randomuser.me/api/portraits/men/13.jpg', 'medium': 'https://randomuser.me/api/portraits/med/men/13.jpg', 'thumbnail': 'https://randomuser.me/api/portraits/thumb/men/13.jpg'}, 'nat': 'RS'}</msg>
<arg>${json_data['results'][0]}</arg>
<doc>Logs the given message with the given level.</doc>
<status status="PASS" start="2024-05-09T10:16:42.682424" elapsed="0.000415"/>
</kw>
<kw name="Log" owner="BuiltIn">
<msg time="2024-05-09T10:16:42.683263" level="INFO">location</msg>
<arg>${key}</arg>
<doc>Logs the given message with the given level.</doc>
<status status="PASS" start="2024-05-09T10:16:42.683136" elapsed="0.000165"/>
</kw>
<var name="${key}">location</var>
<status status="PASS" start="2024-05-09T10:16:42.681583" elapsed="0.001931"/>
</iter>
<iter>
<kw name="Dictionary Should Contain Key" owner="Collections">
<msg time="2024-05-09T10:16:42.684182" level="INFO">False</msg>
<arg>${json_data['results'][0]}</arg>
<arg>${key}</arg>
<doc>Fails if ``key`` is not found from ``dictionary``.</doc>
<status status="PASS" start="2024-05-09T10:16:42.683797" elapsed="0.000421"/>
</kw>
<kw name="Log" owner="BuiltIn">
<msg time="2024-05-09T10:16:42.684911" level="INFO">{'gender': 'male', 'name': {'title': 'Mr', 'first': 'Stanoje', 'last': 'Selaković'}, 'location': {'street': {'number': 2086, 'name': 'Đurakovačka'}, 'city': 'Lebane', 'state': 'Rasina', 'country': 'Serbia', 'postcode': 34127, 'coordinates': {'latitude': '56.1081', 'longitude': '-23.4907'}, 'timezone': {'offset': '+3:00', 'description': 'Baghdad, Riyadh, Moscow, St. Petersburg'}}, 'email': 'stanoje.selakovic@example.com', 'login': {'uuid': 'ca8336b4-8e62-41cc-863d-4fb238518571', 'username': 'brownswan364', 'password': 'hiphop', 'salt': 'I3AjfWUa', 'md5': '277aacdb3f05cdefbfba4a11778a0913', 'sha1': '8b02202b44881f9f52d92730b78edf088cde24be', 'sha256': '735dcb69506b1ea015eade284a25ea195d25ad9e78855106792a8129ee2e61bb'}, 'dob': {'date': '1998-06-22T19:08:16.378Z', 'age': 25}, 'registered': {'date': '2016-06-03T23:41:31.910Z', 'age': 7}, 'phone': '015-3153-412', 'cell': '068-3203-751', 'id': {'name': 'SID', 'value': '822664139'}, 'picture': {'large': 'https://randomuser.me/api/portraits/men/13.jpg', 'medium': 'https://randomuser.me/api/portraits/med/men/13.jpg', 'thumbnail': 'https://randomuser.me/api/portraits/thumb/men/13.jpg'}, 'nat': 'RS'}</msg>
<arg>${json_data['results'][0]}</arg>
<doc>Logs the given message with the given level.</doc>
<status status="PASS" start="2024-05-09T10:16:42.684534" elapsed="0.000427"/>
</kw>
<kw name="Log" owner="BuiltIn">
<msg time="2024-05-09T10:16:42.685387" level="INFO">email</msg>
<arg>${key}</arg>
<doc>Logs the given message with the given level.</doc>
<status status="PASS" start="2024-05-09T10:16:42.685258" elapsed="0.000167"/>
</kw>
<var name="${key}">email</var>
<status status="PASS" start="2024-05-09T10:16:42.683687" elapsed="0.001953"/>
</iter>
<iter>
<kw name="Dictionary Should Contain Key" owner="Collections">
<msg time="2024-05-09T10:16:42.686305" level="INFO">False</msg>
<arg>${json_data['results'][0]}</arg>
<arg>${key}</arg>
<doc>Fails if ``key`` is not found from ``dictionary``.</doc>
<status status="PASS" start="2024-05-09T10:16:42.685923" elapsed="0.000420"/>
</kw>
<kw name="Log" owner="BuiltIn">
<msg time="2024-05-09T10:16:42.687011" level="INFO">{'gender': 'male', 'name': {'title': 'Mr', 'first': 'Stanoje', 'last': 'Selaković'}, 'location': {'street': {'number': 2086, 'name': 'Đurakovačka'}, 'city': 'Lebane', 'state': 'Rasina', 'country': 'Serbia', 'postcode': 34127, 'coordinates': {'latitude': '56.1081', 'longitude': '-23.4907'}, 'timezone': {'offset': '+3:00', 'description': 'Baghdad, Riyadh, Moscow, St. Petersburg'}}, 'email': 'stanoje.selakovic@example.com', 'login': {'uuid': 'ca8336b4-8e62-41cc-863d-4fb238518571', 'username': 'brownswan364', 'password': 'hiphop', 'salt': 'I3AjfWUa', 'md5': '277aacdb3f05cdefbfba4a11778a0913', 'sha1': '8b02202b44881f9f52d92730b78edf088cde24be', 'sha256': '735dcb69506b1ea015eade284a25ea195d25ad9e78855106792a8129ee2e61bb'}, 'dob': {'date': '1998-06-22T19:08:16.378Z', 'age': 25}, 'registered': {'date': '2016-06-03T23:41:31.910Z', 'age': 7}, 'phone': '015-3153-412', 'cell': '068-3203-751', 'id': {'name': 'SID', 'value': '822664139'}, 'picture': {'large': 'https://randomuser.me/api/portraits/men/13.jpg', 'medium': 'https://randomuser.me/api/portraits/med/men/13.jpg', 'thumbnail': 'https://randomuser.me/api/portraits/thumb/men/13.jpg'}, 'nat': 'RS'}</msg>
<arg>${json_data['results'][0]}</arg>
<doc>Logs the given message with the given level.</doc>
<status status="PASS" start="2024-05-09T10:16:42.686644" elapsed="0.000417"/>
</kw>
<kw name="Log" owner="BuiltIn">
<msg time="2024-05-09T10:16:42.687486" level="INFO">login</msg>
<arg>${key}</arg>
<doc>Logs the given message with the given level.</doc>
<status status="PASS" start="2024-05-09T10:16:42.687359" elapsed="0.000165"/>
</kw>
<var name="${key}">login</var>
<status status="PASS" start="2024-05-09T10:16:42.685813" elapsed="0.001953"/>
</iter>
<var>${key}</var>
<value>@{expected_keys}</value>
<status status="PASS" start="2024-05-09T10:16:42.677093" elapsed="0.010798"/>
</for>
<kw name="Create List" owner="BuiltIn">
<msg time="2024-05-09T10:16:42.688219" level="INFO">${expected_keysTwo} = ['username', 'password']</msg>
<var>${expected_keysTwo}</var>
<arg>username</arg>
<arg>password</arg>
<doc>Returns a list containing given items.</doc>
<status status="PASS" start="2024-05-09T10:16:42.688083" elapsed="0.000160"/>
</kw>
<for flavor="IN">
<iter>
<kw name="Dictionary Should Contain Key" owner="Collections">
<msg time="2024-05-09T10:16:42.689155" level="INFO">False</msg>
<arg>${json_data['results'][0]['login']}</arg>
<arg>${keyTwo}</arg>
<doc>Fails if ``key`` is not found from ``dictionary``.</doc>
<status status="PASS" start="2024-05-09T10:16:42.688764" elapsed="0.000428"/>
</kw>
<kw name="Dictionary Should Contain Key" owner="Collections">
<msg time="2024-05-09T10:16:42.689869" level="INFO">False</msg>
<arg>${json_data['results'][0]['login']}</arg>
<arg>${keyTwo}</arg>
<doc>Fails if ``key`` is not found from ``dictionary``.</doc>
<status status="PASS" start="2024-05-09T10:16:42.689487" elapsed="0.000420"/>
</kw>
<kw name="Log" owner="BuiltIn">
<msg time="2024-05-09T10:16:42.690327" level="INFO">username</msg>
<arg>${keyTwo}</arg>
<doc>Logs the given message with the given level.</doc>
<status status="PASS" start="2024-05-09T10:16:42.690201" elapsed="0.000167"/>
</kw>
<var name="${keyTwo}">username</var>
<status status="PASS" start="2024-05-09T10:16:42.688653" elapsed="0.001928"/>
</iter>
<iter>
<kw name="Dictionary Should Contain Key" owner="Collections">
<msg time="2024-05-09T10:16:42.691325" level="INFO">False</msg>
<arg>${json_data['results'][0]['login']}</arg>
<arg>${keyTwo}</arg>
<doc>Fails if ``key`` is not found from ``dictionary``.</doc>
<status status="PASS" start="2024-05-09T10:16:42.690862" elapsed="0.000502"/>
</kw>
<kw name="Dictionary Should Contain Key" owner="Collections">
<msg time="2024-05-09T10:16:42.692047" level="INFO">False</msg>
<arg>${json_data['results'][0]['login']}</arg>
<arg>${keyTwo}</arg>
<doc>Fails if ``key`` is not found from ``dictionary``.</doc>
<status status="PASS" start="2024-05-09T10:16:42.691666" elapsed="0.000418"/>
</kw>
<kw name="Log" owner="BuiltIn">
<msg time="2024-05-09T10:16:42.692523" level="INFO">password</msg>
<arg>${keyTwo}</arg>
<doc>Logs the given message with the given level.</doc>
<status status="PASS" start="2024-05-09T10:16:42.692376" elapsed="0.000185"/>
</kw>
<var name="${keyTwo}">password</var>
<status status="PASS" start="2024-05-09T10:16:42.690753" elapsed="0.002024"/>
</iter>
<var>${keyTwo}</var>
<value>@{expected_keysTwo}</value>
<status status="PASS" start="2024-05-09T10:16:42.688498" elapsed="0.004399"/>
</for>
<status status="PASS" start="2024-05-09T10:16:42.590923" elapsed="0.102110"/>
</kw>
<doc>Testa a estrutura da resposta da API.</doc>
<tag>testeEstruturaResposta</tag>
<status status="PASS" start="2024-05-09T10:16:42.590343" elapsed="0.102836"/>
</test>
<test id="s1-s1-t4" name="Validar tipos de dados" line="28">
<kw name="Teste de Tipos de Dados" owner="random-user-service">
<kw name="GET On Session" owner="RequestsLibrary">
<msg time="2024-05-09T10:16:42.784392" level="INFO">GET Request : url=https://randomuser.me/api 
 path_url=/api 
 headers={'User-Agent': 'python-requests/2.31.0', 'Accept-Encoding': 'gzip, deflate', 'Accept': '*/*', 'Connection': 'keep-alive'} 
 body=None 
 </msg>
<msg time="2024-05-09T10:16:42.784517" level="INFO">GET Response : url=https://randomuser.me/api 
 status=200, reason=OK 
 headers={'Date': 'Thu, 09 May 2024 10:16:42 GMT', 'Content-Type': 'application/json; charset=utf-8', 'Transfer-Encoding': 'chunked', 'Connection': 'keep-alive', 'X-Powered-By': 'Express', 'Access-Control-Allow-Origin': '*', 'Cache-Control': 'no-cache', 'ETag': 'W/"48e-nPF/WB7JNfBlwwh8fbt5jaKqqZ4"', 'Vary': 'Accept-Encoding', 'Content-Encoding': 'gzip', 'CF-Cache-Status': 'DYNAMIC', 'Report-To': '{"endpoints":[{"url":"https:\\/\\/a.nel.cloudflare.com\\/report\\/v4?s=yMDyDx60C3Ycc%2B8Q0LHLjVIBgDHwhz%2B404x9fdBuYcdwpzc44pEM%2FT6IirQFln1mHhqNtxr54oWS503hPj1QieEHXLBAh0fz2KdOM%2FG4kyo9a4ualYSA1t69k%2Bz%2Fqs%2FQ"}],"group":"cf-nel","max_age":604800}', 'NEL': '{"success_fraction":0,"report_to":"cf-nel","max_age":604800}', 'Server': 'cloudflare', 'CF-RAY': '8810ef82deff5b1c-IAD', 'alt-svc': 'h3=":443"; ma=86400'} 
 body={"results":[{"gender":"female","name":{"title":"Mrs","first":"Charlotte","last":"Myers"},"location":{"street":{"number":8342,"name":"Spring St"},"city":"Bunbury","state":"Western Australia","country":"Australia","postcode":6748,"coordinates":{"latitude":"-86.9885","longitude":"30.4659"},"timezone":{"offset":"-12:00","description":"Eniwetok, Kwajalein"}},"email":"charlotte.myers@example.com","login":{"uuid":"2a70dc3f-9cd4-4df3-a3ac-873742657e03","username":"smalllion500","password":"oooooooo","salt":"V1q19nAl","md5":"72a6d97a75ca743cb84eb52471f8e145","sha1":"ae5aa54e1cb143bdc90b2f888cc7120e18fe4e29","sha256":"299c37262028dcd9647075705feb52f5f98c915585c053c87a1e208b1d9ef1ef"},"dob":{"date":"1956-07-06T22:58:03.526Z","age":67},"registered":{"date":"2012-03-08T12:20:01.781Z","age":12},"phone":"01-4348-0200","cell":"0415-297-441","id":{"name":"TFN","value":"645746252"},"picture":{"large":"https://randomuser.me/api/portraits/women/25.jpg","medium":"https://randomuser.me/api/portraits/med/women/25.jpg","thumbnail":"https://randomuser.me/api/portraits/thumb/women/25.jpg"},"nat":"AU"}],"info":{"seed":"a29ef9760737ba60","results":1,"page":1,"version":"1.4"}} 
 </msg>
<msg time="2024-05-09T10:16:42.784591" level="INFO">/opt/hostedtoolcache/Python/3.12.3/x64/lib/python3.12/site-packages/urllib3/connectionpool.py:1103: InsecureRequestWarning: Unverified HTTPS request is being made to host 'randomuser.me'. Adding certificate verification is strongly advised. See: https://urllib3.readthedocs.io/en/latest/advanced-usage.html#tls-warnings
  warnings.warn(</msg>
<msg time="2024-05-09T10:16:42.784705" level="INFO">${response} = &lt;Response [200]&gt;</msg>
<var>${response}</var>
<arg>consultarAPI</arg>
<arg>/api</arg>
<doc>Sends a GET request on a previously created HTTP Session.</doc>
<status status="PASS" start="2024-05-09T10:16:42.695625" elapsed="0.089133"/>
</kw>
<kw name="Set Variable" owner="BuiltIn">
<msg time="2024-05-09T10:16:42.785790" level="INFO">${json_data} = {'results': [{'gender': 'female', 'name': {'title': 'Mrs', 'first': 'Charlotte', 'last': 'Myers'}, 'location': {'street': {'number': 8342, 'name': 'Spring St'}, 'city': 'Bunbury', 'state': 'Western Au...</msg>
<var>${json_data}</var>
<arg>${response.json()}</arg>
<doc>Returns the given values which can then be assigned to a variables.</doc>
<status status="PASS" start="2024-05-09T10:16:42.785241" elapsed="0.000578"/>
</kw>
<kw name="Log" owner="BuiltIn">
<msg time="2024-05-09T10:16:42.786273" level="INFO">{'results': [{'gender': 'female', 'name': {'title': 'Mrs', 'first': 'Charlotte', 'last': 'Myers'}, 'location': {'street': {'number': 8342, 'name': 'Spring St'}, 'city': 'Bunbury', 'state': 'Western Australia', 'country': 'Australia', 'postcode': 6748, 'coordinates': {'latitude': '-86.9885', 'longitude': '30.4659'}, 'timezone': {'offset': '-12:00', 'description': 'Eniwetok, Kwajalein'}}, 'email': 'charlotte.myers@example.com', 'login': {'uuid': '2a70dc3f-9cd4-4df3-a3ac-873742657e03', 'username': 'smalllion500', 'password': 'oooooooo', 'salt': 'V1q19nAl', 'md5': '72a6d97a75ca743cb84eb52471f8e145', 'sha1': 'ae5aa54e1cb143bdc90b2f888cc7120e18fe4e29', 'sha256': '299c37262028dcd9647075705feb52f5f98c915585c053c87a1e208b1d9ef1ef'}, 'dob': {'date': '1956-07-06T22:58:03.526Z', 'age': 67}, 'registered': {'date': '2012-03-08T12:20:01.781Z', 'age': 12}, 'phone': '01-4348-0200', 'cell': '0415-297-441', 'id': {'name': 'TFN', 'value': '645746252'}, 'picture': {'large': 'https://randomuser.me/api/portraits/women/25.jpg', 'medium': 'https://randomuser.me/api/portraits/med/women/25.jpg', 'thumbnail': 'https://randomuser.me/api/portraits/thumb/women/25.jpg'}, 'nat': 'AU'}], 'info': {'seed': 'a29ef9760737ba60', 'results': 1, 'page': 1, 'version': '1.4'}}</msg>
<arg>${json_data}</arg>
<doc>Logs the given message with the given level.</doc>
<status status="PASS" start="2024-05-09T10:16:42.786123" elapsed="0.000228"/>
</kw>
<kw name="Should Be String" owner="String">
<arg>${json_data['results'][0]['gender']}</arg>
<doc>Fails if the given ``item`` is not a string.</doc>
<status status="PASS" start="2024-05-09T10:16:42.786646" elapsed="0.000364"/>
</kw>
<kw name="Should Match Regexp" owner="BuiltIn">
<arg>${json_data['results'][0]['email']}</arg>
<arg>^[a-zA-Z0-9._%+-]+@[a-zA-Z0-9.-]+\.[a-zA-Z]{2,}$</arg>
<doc>Fails if ``string`` does not match ``pattern`` as a regular expression.</doc>
<status status="PASS" start="2024-05-09T10:16:42.787201" elapsed="0.000487"/>
</kw>
<kw name="Should Match Regexp" owner="BuiltIn">
<arg>${json_data['results'][0]['dob']['date']}</arg>
<arg>\\d{4}-\\d{2}-\\d{2}T\\d{2}:\\d{2}:\\d{2}\\.\\d{3}Z</arg>
<doc>Fails if ``string`` does not match ``pattern`` as a regular expression.</doc>
<status status="PASS" start="2024-05-09T10:16:42.787879" elapsed="0.000490"/>
</kw>
<kw name="Should Match Regexp" owner="BuiltIn">
<arg>${json_data['results'][0]['registered']['date']}</arg>
<arg>\\d{4}-\\d{2}-\\d{2}T\\d{2}:\\d{2}:\\d{2}\\.\\d{3}Z</arg>
<doc>Fails if ``string`` does not match ``pattern`` as a regular expression.</doc>
<status status="PASS" start="2024-05-09T10:16:42.788606" elapsed="0.000373"/>
</kw>
<kw name="Should Match Regexp" owner="BuiltIn">
<arg>${json_data['results'][0]['picture']['large']}</arg>
<arg>^https?://.*\.(?:png|jpe?g|gif|bmp)$</arg>
<doc>Fails if ``string`` does not match ``pattern`` as a regular expression.</doc>
<status status="PASS" start="2024-05-09T10:16:42.789171" elapsed="0.000454"/>
</kw>
<kw name="Should Match Regexp" owner="BuiltIn">
<arg>${json_data['results'][0]['picture']['medium']}</arg>
<arg>^https?://.*\.(?:png|jpe?g|gif|bmp)$</arg>
<doc>Fails if ``string`` does not match ``pattern`` as a regular expression.</doc>
<status status="PASS" start="2024-05-09T10:16:42.789813" elapsed="0.000360"/>
</kw>
<kw name="Should Match Regexp" owner="BuiltIn">
<arg>${json_data['results'][0]['picture']['thumbnail']}</arg>
<arg>^https?://.*\.(?:png|jpe?g|gif|bmp)$</arg>
<doc>Fails if ``string`` does not match ``pattern`` as a regular expression.</doc>
<status status="PASS" start="2024-05-09T10:16:42.790363" elapsed="0.000350"/>
</kw>
<kw name="Log" owner="BuiltIn">
<msg time="2024-05-09T10:16:42.791216" level="INFO">{'large': 'https://randomuser.me/api/portraits/women/25.jpg', 'medium': 'https://randomuser.me/api/portraits/med/women/25.jpg', 'thumbnail': 'https://randomuser.me/api/portraits/thumb/women/25.jpg'}</msg>
<arg>${json_data['results'][0]['picture']}</arg>
<doc>Logs the given message with the given level.</doc>
<status status="PASS" start="2024-05-09T10:16:42.790892" elapsed="0.000365"/>
</kw>
<status status="PASS" start="2024-05-09T10:16:42.695407" elapsed="0.096100"/>
</kw>
<kw name="Teste de Tipos de Dados - Postcode" owner="random-user-service">
<kw name="GET On Session" owner="RequestsLibrary">
<msg time="2024-05-09T10:16:42.871521" level="INFO">GET Request : url=https://randomuser.me/api 
 path_url=/api 
 headers={'User-Agent': 'python-requests/2.31.0', 'Accept-Encoding': 'gzip, deflate', 'Accept': '*/*', 'Connection': 'keep-alive'} 
 body=None 
 </msg>
<msg time="2024-05-09T10:16:42.871602" level="INFO">GET Response : url=https://randomuser.me/api 
 status=200, reason=OK 
 headers={'Date': 'Thu, 09 May 2024 10:16:42 GMT', 'Content-Type': 'application/json; charset=utf-8', 'Transfer-Encoding': 'chunked', 'Connection': 'keep-alive', 'X-Powered-By': 'Express', 'Access-Control-Allow-Origin': '*', 'Cache-Control': 'no-cache', 'ETag': 'W/"46f-0xLsln/o1/pSCAsXtI1ZG5PLXSE"', 'Vary': 'Accept-Encoding', 'Content-Encoding': 'gzip', 'CF-Cache-Status': 'DYNAMIC', 'Report-To': '{"endpoints":[{"url":"https:\\/\\/a.nel.cloudflare.com\\/report\\/v4?s=2t1pFvTKNJeRcrrINdQd2%2FmMKwSTUv7pBqsGooWe5JDO61trXlsWFxaDXWCceHp1tYKK%2F%2BNQf54zimYba%2BfaWFoNM9OUchvW4mG2IZj5Cv6yP%2BUZYMvJl%2FB1QPTM0A0f"}],"group":"cf-nel","max_age":604800}', 'NEL': '{"success_fraction":0,"report_to":"cf-nel","max_age":604800}', 'Server': 'cloudflare', 'CF-RAY': '8810ef837f685b1c-IAD', 'alt-svc': 'h3=":443"; ma=86400'} 
 body={"results":[{"gender":"male","name":{"title":"Mr","first":"Harry","last":"Long"},"location":{"street":{"number":5787,"name":"College St"},"city":"Reno","state":"South Dakota","country":"United States","postcode":51141,"coordinates":{"latitude":"86.7884","longitude":"-171.3987"},"timezone":{"offset":"-9:00","description":"Alaska"}},"email":"harry.long@example.com","login":{"uuid":"68191bc7-d691-473f-987d-c6e425456d85","username":"lazysnake795","password":"karina","salt":"YxJeEn9L","md5":"7c18c9c921a72a8c0204400707baf48c","sha1":"c5657e01f1961b7f0101ab13a7468282464d0126","sha256":"dedab85f15dc9fe93186b78d3cb5df21a46fb5316f3711b57a54fc67e34bef3b"},"dob":{"date":"1969-05-10T22:02:27.651Z","age":54},"registered":{"date":"2020-03-26T13:02:09.319Z","age":4},"phone":"(332) 448-5345","cell":"(489) 269-5641","id":{"name":"SSN","value":"606-44-9332"},"picture":{"large":"https://randomuser.me/api/portraits/men/25.jpg","medium":"https://randomuser.me/api/portraits/med/men/25.jpg","thumbnail":"https://randomuser.me/api/portraits/thumb/men/25.jpg"},"nat":"US"}],"info":{"seed":"903796f0528feb5c","results":1,"page":1,"version":"1.4"}} 
 </msg>
<msg time="2024-05-09T10:16:42.871673" level="INFO">/opt/hostedtoolcache/Python/3.12.3/x64/lib/python3.12/site-packages/urllib3/connectionpool.py:1103: InsecureRequestWarning: Unverified HTTPS request is being made to host 'randomuser.me'. Adding certificate verification is strongly advised. See: https://urllib3.readthedocs.io/en/latest/advanced-usage.html#tls-warnings
  warnings.warn(</msg>
<msg time="2024-05-09T10:16:42.871781" level="INFO">${response} = &lt;Response [200]&gt;</msg>
<var>${response}</var>
<arg>consultarAPI</arg>
<arg>/api</arg>
<doc>Sends a GET request on a previously created HTTP Session.</doc>
<status status="PASS" start="2024-05-09T10:16:42.791932" elapsed="0.079889"/>
</kw>
<kw name="Set Variable" owner="BuiltIn">
<msg time="2024-05-09T10:16:42.872736" level="INFO">${json_data} = {'results': [{'gender': 'male', 'name': {'title': 'Mr', 'first': 'Harry', 'last': 'Long'}, 'location': {'street': {'number': 5787, 'name': 'College St'}, 'city': 'Reno', 'state': 'South Dakota', 'coun...</msg>
<var>${json_data}</var>
<arg>${response.json()}</arg>
<doc>Returns the given values which can then be assigned to a variables.</doc>
<status status="PASS" start="2024-05-09T10:16:42.872261" elapsed="0.000502"/>
</kw>
<kw name="Log" owner="BuiltIn">
<msg time="2024-05-09T10:16:42.873218" level="INFO">{'results': [{'gender': 'male', 'name': {'title': 'Mr', 'first': 'Harry', 'last': 'Long'}, 'location': {'street': {'number': 5787, 'name': 'College St'}, 'city': 'Reno', 'state': 'South Dakota', 'country': 'United States', 'postcode': 51141, 'coordinates': {'latitude': '86.7884', 'longitude': '-171.3987'}, 'timezone': {'offset': '-9:00', 'description': 'Alaska'}}, 'email': 'harry.long@example.com', 'login': {'uuid': '68191bc7-d691-473f-987d-c6e425456d85', 'username': 'lazysnake795', 'password': 'karina', 'salt': 'YxJeEn9L', 'md5': '7c18c9c921a72a8c0204400707baf48c', 'sha1': 'c5657e01f1961b7f0101ab13a7468282464d0126', 'sha256': 'dedab85f15dc9fe93186b78d3cb5df21a46fb5316f3711b57a54fc67e34bef3b'}, 'dob': {'date': '1969-05-10T22:02:27.651Z', 'age': 54}, 'registered': {'date': '2020-03-26T13:02:09.319Z', 'age': 4}, 'phone': '(332) 448-5345', 'cell': '(489) 269-5641', 'id': {'name': 'SSN', 'value': '606-44-9332'}, 'picture': {'large': 'https://randomuser.me/api/portraits/men/25.jpg', 'medium': 'https://randomuser.me/api/portraits/med/men/25.jpg', 'thumbnail': 'https://randomuser.me/api/portraits/thumb/men/25.jpg'}, 'nat': 'US'}], 'info': {'seed': '903796f0528feb5c', 'results': 1, 'page': 1, 'version': '1.4'}}</msg>
<arg>${json_data}</arg>
<doc>Logs the given message with the given level.</doc>
<status status="PASS" start="2024-05-09T10:16:42.873068" elapsed="0.000225"/>
</kw>
<kw name="Should Be Equal As Numbers" owner="BuiltIn">
<arg>${json_data['results'][0]['location']['postcode']}</arg>
<arg>${json_data['results'][0]['location']['postcode']}</arg>
<doc>Fails if objects are unequal after converting them to real numbers.</doc>
<status status="PASS" start="2024-05-09T10:16:42.873713" elapsed="0.000625"/>
</kw>
<kw name="Log" owner="BuiltIn">
<msg time="2024-05-09T10:16:42.874865" level="INFO">51141</msg>
<arg>${json_data['results'][0]['location']['postcode']}</arg>
<doc>Logs the given message with the given level.</doc>
<status status="PASS" start="2024-05-09T10:16:42.874528" elapsed="0.000377"/>
</kw>
<status status="PASS" start="2024-05-09T10:16:42.791715" elapsed="0.083440"/>
</kw>
<doc>Testa se os tipos de dados na resposta da API estão corretos.</doc>
<tag>testeTiposDados</tag>
<status status="PASS" start="2024-05-09T10:16:42.694912" elapsed="0.180401"/>
</test>
<test id="s1-s1-t5" name="Validar conteudo" line="35">
<kw name="Teste de Tipos de Conteudo" owner="random-user-service">
<kw name="GET On Session" owner="RequestsLibrary">
<msg time="2024-05-09T10:16:42.971580" level="INFO">GET Request : url=https://randomuser.me/api 
 path_url=/api 
 headers={'User-Agent': 'python-requests/2.31.0', 'Accept-Encoding': 'gzip, deflate', 'Accept': '*/*', 'Connection': 'keep-alive'} 
 body=None 
 </msg>
<msg time="2024-05-09T10:16:42.971663" level="INFO">GET Response : url=https://randomuser.me/api 
 status=200, reason=OK 
 headers={'Date': 'Thu, 09 May 2024 10:16:42 GMT', 'Content-Type': 'application/json; charset=utf-8', 'Transfer-Encoding': 'chunked', 'Connection': 'keep-alive', 'X-Powered-By': 'Express', 'Access-Control-Allow-Origin': '*', 'Cache-Control': 'no-cache', 'ETag': 'W/"486-UNLXb+/1Gau83fFaTRcvVxUtHaA"', 'Vary': 'Accept-Encoding', 'Content-Encoding': 'gzip', 'CF-Cache-Status': 'DYNAMIC', 'Report-To': '{"endpoints":[{"url":"https:\\/\\/a.nel.cloudflare.com\\/report\\/v4?s=LvS4uOOhZ8qHLjG1dI72BgzuXFYDypK1MDVFJ052lGGRi%2F5y94usEECur82DqiFo8EpvakZG236DN362J1jnwiI2RnS4OHUQzXqrkv6IS9m5idmR%2BkHDB7Yx%2Batsuey1"}],"group":"cf-nel","max_age":604800}', 'NEL': '{"success_fraction":0,"report_to":"cf-nel","max_age":604800}', 'Server': 'cloudflare', 'CF-RAY': '8810ef83ffc15b1c-IAD', 'alt-svc': 'h3=":443"; ma=86400'} 
 body={"results":[{"gender":"female","name":{"title":"Mrs","first":"Zhozefina","last":"Pashkovskiy"},"location":{"street":{"number":5114,"name":"Shevska"},"city":"Rava-Ruska","state":"Kiyivska","country":"Ukraine","postcode":51073,"coordinates":{"latitude":"73.7543","longitude":"142.8438"},"timezone":{"offset":"-12:00","description":"Eniwetok, Kwajalein"}},"email":"zhozefina.pashkovskiy@example.com","login":{"uuid":"4a808fb6-7eb2-4ddc-b531-9ec7d452ce83","username":"biglion901","password":"cigar","salt":"4Tk1ZX8w","md5":"8ba71e73f3f8cc10f90214ad4a8a3bf5","sha1":"5daf3548813e71320fef501170e18056db853132","sha256":"85946304425e598342ecd82a31c7d1cefd670ba6cc34925e21ddb494265dd887"},"dob":{"date":"1987-06-24T00:12:11.508Z","age":36},"registered":{"date":"2011-05-31T15:06:11.067Z","age":12},"phone":"(067) J17-8526","cell":"(066) Y61-1657","id":{"name":"","value":null},"picture":{"large":"https://randomuser.me/api/portraits/women/83.jpg","medium":"https://randomuser.me/api/portraits/med/women/83.jpg","thumbnail":"https://randomuser.me/api/portraits/thumb/women/83.jpg"},"nat":"UA"}],"info":{"seed":"2e1a7aac792ac9ef","results":1,"page":1,"version":"1.4"}} 
 </msg>
<msg time="2024-05-09T10:16:42.971735" level="INFO">/opt/hostedtoolcache/Python/3.12.3/x64/lib/python3.12/site-packages/urllib3/connectionpool.py:1103: InsecureRequestWarning: Unverified HTTPS request is being made to host 'randomuser.me'. Adding certificate verification is strongly advised. See: https://urllib3.readthedocs.io/en/latest/advanced-usage.html#tls-warnings
  warnings.warn(</msg>
<msg time="2024-05-09T10:16:42.971853" level="INFO">${response} = &lt;Response [200]&gt;</msg>
<var>${response}</var>
<arg>consultarAPI</arg>
<arg>/api</arg>
<doc>Sends a GET request on a previously created HTTP Session.</doc>
<status status="PASS" start="2024-05-09T10:16:42.877797" elapsed="0.094110"/>
</kw>
<kw name="Set Variable" owner="BuiltIn">
<msg time="2024-05-09T10:16:42.973005" level="INFO">${json_data} = {'results': [{'gender': 'female', 'name': {'title': 'Mrs', 'first': 'Zhozefina', 'last': 'Pashkovskiy'}, 'location': {'street': {'number': 5114, 'name': 'Shevska'}, 'city': 'Rava-Ruska', 'state': 'Kiy...</msg>
<var>${json_data}</var>
<arg>${response.json()}</arg>
<doc>Returns the given values which can then be assigned to a variables.</doc>
<status status="PASS" start="2024-05-09T10:16:42.972467" elapsed="0.000566"/>
</kw>
<kw name="Set Variable" owner="BuiltIn">
<msg time="2024-05-09T10:16:42.973724" level="INFO">${name_title} = Mrs</msg>
<var>${name_title}</var>
<arg>${json_data["results"][0]["name"]["title"]}</arg>
<doc>Returns the given values which can then be assigned to a variables.</doc>
<status status="PASS" start="2024-05-09T10:16:42.973337" elapsed="0.000413"/>
</kw>
<kw name="Create List" owner="BuiltIn">
<msg time="2024-05-09T10:16:42.974188" level="INFO">${allowed_titles} = ['Mr', 'Ms', 'Miss', 'Mrs', 'Madame', 'Monsieur']</msg>
<var>${allowed_titles}</var>
<arg>Mr</arg>
<arg>Ms</arg>
<arg>Miss</arg>
<arg>Mrs</arg>
<arg>Madame</arg>
<arg>Monsieur</arg>
<doc>Returns a list containing given items.</doc>
<status status="PASS" start="2024-05-09T10:16:42.974043" elapsed="0.000168"/>
</kw>
<kw name="List Should Contain Value" owner="Collections">
<msg time="2024-05-09T10:16:42.974667" level="INFO">False</msg>
<arg>${allowed_titles}</arg>
<arg>${name_title}</arg>
<doc>Fails if the ``value`` is not found from ``list``.</doc>
<status status="PASS" start="2024-05-09T10:16:42.974502" elapsed="0.000200"/>
</kw>
<kw name="Set Variable" owner="BuiltIn">
<msg time="2024-05-09T10:16:42.975372" level="INFO">${name_country} = UA</msg>
<var>${name_country}</var>
<arg>${json_data["results"][0]["nat"]}</arg>
<doc>Returns the given values which can then be assigned to a variables.</doc>
<status status="PASS" start="2024-05-09T10:16:42.974992" elapsed="0.000404"/>
</kw>
<kw name="Create List" owner="BuiltIn">
<msg time="2024-05-09T10:16:42.976275" level="INFO">${list_country} = ['AD', 'AE', 'AF', 'AG', 'AI', 'AL', 'AM', 'AO', 'AQ', 'AR', 'AS', 'AT', 'AU', 'AW', 'AX', 'AZ', 'BA', 'BB', 'BD', 'BE', 'BF', 'BG', 'BH', 'BI', 'BJ', 'BL', 'BM', 'BN', 'BO', 'BQ', 'BR', 'BS', 'BT', '...</msg>
<var>${list_country}</var>
<arg>AD</arg>
<arg>AE</arg>
<arg>AF</arg>
<arg>AG</arg>
<arg>AI</arg>
<arg>AL</arg>
<arg>AM</arg>
<arg>AO</arg>
<arg>AQ</arg>
<arg>AR</arg>
<arg>AS</arg>
<arg>AT</arg>
<arg>AU</arg>
<arg>AW</arg>
<arg>AX</arg>
<arg>AZ</arg>
<arg>BA</arg>
<arg>BB</arg>
<arg>BD</arg>
<arg>BE</arg>
<arg>BF</arg>
<arg>BG</arg>
<arg>BH</arg>
<arg>BI</arg>
<arg>BJ</arg>
<arg>BL</arg>
<arg>BM</arg>
<arg>BN</arg>
<arg>BO</arg>
<arg>BQ</arg>
<arg>BR</arg>
<arg>BS</arg>
<arg>BT</arg>
<arg>BV</arg>
<arg>BW</arg>
<arg>BY</arg>
<arg>BZ</arg>
<arg>CA</arg>
<arg>CC</arg>
<arg>CD</arg>
<arg>CF</arg>
<arg>CG</arg>
<arg>CH</arg>
<arg>CI</arg>
<arg>CK</arg>
<arg>CL</arg>
<arg>CM</arg>
<arg>CN</arg>
<arg>CO</arg>
<arg>CR</arg>
<arg>CU</arg>
<arg>CV</arg>
<arg>CW</arg>
<arg>CX</arg>
<arg>CY</arg>
<arg>CZ</arg>
<arg>DE</arg>
<arg>DJ</arg>
<arg>DK</arg>
<arg>DM</arg>
<arg>DO</arg>
<arg>DZ</arg>
<arg>EC</arg>
<arg>EE</arg>
<arg>EG</arg>
<arg>EH</arg>
<arg>ER</arg>
<arg>ES</arg>
<arg>ET</arg>
<arg>FI</arg>
<arg>FJ</arg>
<arg>FK</arg>
<arg>FM</arg>
<arg>FO</arg>
<arg>FR</arg>
<arg>GA</arg>
<arg>GB</arg>
<arg>GD</arg>
<arg>GE</arg>
<arg>GF</arg>
<arg>GG</arg>
<arg>GH</arg>
<arg>GI</arg>
<arg>GL</arg>
<arg>GM</arg>
<arg>GN</arg>
<arg>GP</arg>
<arg>GQ</arg>
<arg>GR</arg>
<arg>GS</arg>
<arg>GT</arg>
<arg>GU</arg>
<arg>GW</arg>
<arg>GY</arg>
<arg>HK</arg>
<arg>HM</arg>
<arg>HN</arg>
<arg>HR</arg>
<arg>HT</arg>
<arg>HU</arg>
<arg>ID</arg>
<arg>IE</arg>
<arg>IL</arg>
<arg>IM</arg>
<arg>IN</arg>
<arg>IO</arg>
<arg>IQ</arg>
<arg>IR</arg>
<arg>IS</arg>
<arg>IT</arg>
<arg>JE</arg>
<arg>JM</arg>
<arg>JO</arg>
<arg>JP</arg>
<arg>KE</arg>
<arg>KG</arg>
<arg>KH</arg>
<arg>KI</arg>
<arg>KM</arg>
<arg>KN</arg>
<arg>KP</arg>
<arg>KR</arg>
<arg>KW</arg>
<arg>KY</arg>
<arg>KZ</arg>
<arg>LA</arg>
<arg>LB</arg>
<arg>LC</arg>
<arg>LI</arg>
<arg>LK</arg>
<arg>LR</arg>
<arg>LS</arg>
<arg>LT</arg>
<arg>LU</arg>
<arg>LV</arg>
<arg>LY</arg>
<arg>MA</arg>
<arg>MC</arg>
<arg>MD</arg>
<arg>ME</arg>
<arg>MF</arg>
<arg>MG</arg>
<arg>MH</arg>
<arg>MK</arg>
<arg>ML</arg>
<arg>MM</arg>
<arg>MN</arg>
<arg>MO</arg>
<arg>MP</arg>
<arg>MQ</arg>
<arg>MR</arg>
<arg>MS</arg>
<arg>MT</arg>
<arg>MU</arg>
<arg>MV</arg>
<arg>MW</arg>
<arg>MX</arg>
<arg>MY</arg>
<arg>MZ</arg>
<arg>NA</arg>
<arg>NC</arg>
<arg>NE</arg>
<arg>NF</arg>
<arg>NG</arg>
<arg>NI</arg>
<arg>NL</arg>
<arg>NO</arg>
<arg>NP</arg>
<arg>NR</arg>
<arg>NU</arg>
<arg>NZ</arg>
<arg>OM</arg>
<arg>PA</arg>
<arg>PE</arg>
<arg>PF</arg>
<arg>PG</arg>
<arg>PH</arg>
<arg>PK</arg>
<arg>PL</arg>
<arg>PM</arg>
<arg>PN</arg>
<arg>PR</arg>
<arg>PS</arg>
<arg>PT</arg>
<arg>PW</arg>
<arg>PY</arg>
<arg>QA</arg>
<arg>RE</arg>
<arg>RO</arg>
<arg>RS</arg>
<arg>RU</arg>
<arg>RW</arg>
<arg>SA</arg>
<arg>SB</arg>
<arg>SC</arg>
<arg>SD</arg>
<arg>SE</arg>
<arg>SG</arg>
<arg>SH</arg>
<arg>SI</arg>
<arg>SJ</arg>
<arg>SK</arg>
<arg>SL</arg>
<arg>SM</arg>
<arg>SN</arg>
<arg>SO</arg>
<arg>SR</arg>
<arg>SS</arg>
<arg>ST</arg>
<arg>SV</arg>
<arg>SX</arg>
<arg>SY</arg>
<arg>SZ</arg>
<arg>TC</arg>
<arg>TD</arg>
<arg>TF</arg>
<arg>TG</arg>
<arg>TH</arg>
<arg>TJ</arg>
<arg>TK</arg>
<arg>TL</arg>
<arg>TM</arg>
<arg>TN</arg>
<arg>TO</arg>
<arg>TR</arg>
<arg>TT</arg>
<arg>TV</arg>
<arg>TW</arg>
<arg>TZ</arg>
<arg>UA</arg>
<arg>UG</arg>
<arg>UM</arg>
<arg>US</arg>
<arg>UY</arg>
<arg>UZ</arg>
<arg>VA</arg>
<arg>VC</arg>
<arg>VE</arg>
<arg>VG</arg>
<arg>VI</arg>
<arg>VN</arg>
<arg>VU</arg>
<arg>WF</arg>
<arg>WS</arg>
<arg>XK</arg>
<arg>YE</arg>
<arg>YT</arg>
<arg>ZA</arg>
<arg>ZM</arg>
<arg>ZW</arg>
<doc>Returns a list containing given items.</doc>
<status status="PASS" start="2024-05-09T10:16:42.975692" elapsed="0.000608"/>
</kw>
<kw name="List Should Contain Value" owner="Collections">
<msg time="2024-05-09T10:16:42.977321" level="INFO">False</msg>
<arg>${list_country}</arg>
<arg>${name_country}</arg>
<doc>Fails if the ``value`` is not found from ``list``.</doc>
<status status="PASS" start="2024-05-09T10:16:42.977119" elapsed="0.000238"/>
</kw>
<kw name="Run Keyword If" owner="BuiltIn">
<kw name="Should Be True" owner="BuiltIn">
<arg>${True}</arg>
<doc>Fails if the given condition is not true.</doc>
<status status="PASS" start="2024-05-09T10:16:42.978399" elapsed="0.000242"/>
</kw>
<arg>${json_data["results"][0]["location"]["coordinates"]["latitude"]} &gt;= -90 and ${json_data["results"][0]["location"]["coordinates"]["latitude"]} &lt;= 90</arg>
<arg>Should Be True</arg>
<arg>${True}</arg>
<doc>Runs the given keyword with the given arguments, if ``condition`` is true.</doc>
<status status="PASS" start="2024-05-09T10:16:42.977661" elapsed="0.001112"/>
</kw>
<kw name="Run Keyword If" owner="BuiltIn">
<kw name="Should Be True" owner="BuiltIn">
<arg>${True}</arg>
<doc>Fails if the given condition is not true.</doc>
<status status="PASS" start="2024-05-09T10:16:42.979673" elapsed="0.000138"/>
</kw>
<arg>${json_data["results"][0]["location"]["coordinates"]["longitude"]} &gt;= -180 and ${json_data["results"][0]["location"]["coordinates"]["longitude"]} &lt;= 180</arg>
<arg>Should Be True</arg>
<arg>${True}</arg>
<doc>Runs the given keyword with the given arguments, if ``condition`` is true.</doc>
<status status="PASS" start="2024-05-09T10:16:42.978965" elapsed="0.000970"/>
</kw>
<status status="PASS" start="2024-05-09T10:16:42.877576" elapsed="0.102487"/>
</kw>
<doc>Testa o conteúdo específico dos campos retornados pela API.</doc>
<tag>testeConteudo</tag>
<status status="PASS" start="2024-05-09T10:16:42.877076" elapsed="0.103127"/>
</test>
<status status="PASS" start="2024-05-09T10:16:42.211265" elapsed="0.770880"/>
</suite>
<status status="PASS" start="2024-05-09T10:16:42.197219" elapsed="0.789943"/>
</suite>
<statistics>
<total>
<stat pass="5" fail="0" skip="0">All Tests</stat>
</total>
<tag>
<stat pass="1" fail="0" skip="0">testeConteudo</stat>
<stat pass="1" fail="0" skip="0">testeEstruturaResposta</stat>
<stat pass="1" fail="0" skip="0">testeRequisicaoBasica</stat>
<stat pass="1" fail="0" skip="0">testeTiposDados</stat>
</tag>
<suite>
<stat pass="5" fail="0" skip="0" id="s1" name="Tests">Tests</stat>
<stat pass="5" fail="0" skip="0" id="s1-s1" name="Random-User-Test">Tests.Random-User-Test</stat>
</suite>
</statistics>
<errors>
</errors>
</robot>
