<?xml version="1.0" encoding="UTF-8"?>
<robot generator="Robot 7.0 (Python 3.12.3 on linux)" generated="2024-05-16T15:14:41.343422" rpa="false" schemaversion="5">
<suite id="s1" name="Tests" source="/home/runner/work/DesafioQAItauRogerioJordao/DesafioQAItauRogerioJordao/RamdonUser/tests">
<suite id="s1-s1" name="Random-User-Test" source="/home/runner/work/DesafioQAItauRogerioJordao/DesafioQAItauRogerioJordao/RamdonUser/tests/random-user-test.robot">
<test id="s1-s1-t1" name="Conectar" line="13">
<kw name="Conectar API" owner="random-user-service">
<kw name="Create Session" owner="RequestsLibrary">
<msg time="2024-05-16T15:14:41.707976" level="INFO">Creating Session using : alias=consultarAPI, url=https://randomuser.me/, headers={},                     cookies={}, auth=None, timeout=None, proxies=None, verify=False,                     debug=0 </msg>
<arg>consultarAPI</arg>
<arg>${URL}</arg>
<doc>Create Session: create a HTTP session to a server</doc>
<status status="PASS" start="2024-05-16T15:14:41.707773" elapsed="0.000384"/>
</kw>
<status status="PASS" start="2024-05-16T15:14:41.706788" elapsed="0.001768"/>
</kw>
<status status="PASS" start="2024-05-16T15:14:41.706213" elapsed="0.002543"/>
</test>
<test id="s1-s1-t2" name="Validar retorno 200 e JSON Válido" line="16">
<kw name="Teste de Requisicao Basica" owner="random-user-service">
<kw name="GET On Session" owner="RequestsLibrary">
<msg time="2024-05-16T15:14:41.802985" level="INFO">GET Request : url=https://randomuser.me/api 
 path_url=/api 
 headers={'User-Agent': 'python-requests/2.31.0', 'Accept-Encoding': 'gzip, deflate', 'Accept': '*/*', 'Connection': 'keep-alive'} 
 body=None 
 </msg>
<msg time="2024-05-16T15:14:41.803119" level="INFO">GET Response : url=https://randomuser.me/api 
 status=200, reason=OK 
 headers={'Date': 'Thu, 16 May 2024 15:14:41 GMT', 'Content-Type': 'application/json; charset=utf-8', 'Transfer-Encoding': 'chunked', 'Connection': 'keep-alive', 'X-Powered-By': 'Express', 'Access-Control-Allow-Origin': '*', 'Cache-Control': 'no-cache', 'ETag': 'W/"497-aFoR7/FIAcWyvQoBwIZLheOfWMs"', 'Vary': 'Accept-Encoding', 'Content-Encoding': 'gzip', 'CF-Cache-Status': 'DYNAMIC', 'Report-To': '{"endpoints":[{"url":"https:\\/\\/a.nel.cloudflare.com\\/report\\/v4?s=1pnb1dr3JShFy3T4Pk%2Fu1vtph%2FP3JZjW%2BXmbdIq%2F06V2P8MIWdrwza2XNW7V2uW91sklDT0oIuJbc69Mfv85OCReawO1JbV1%2FjrRVcgxhpmJo2AJGf8PUCIBpAk7MHED"}],"group":"cf-nel","max_age":604800}', 'NEL': '{"success_fraction":0,"report_to":"cf-nel","max_age":604800}', 'Server': 'cloudflare', 'CF-RAY': '884c51a2fd737ffa-IAD', 'alt-svc': 'h3=":443"; ma=86400'} 
 body={"results":[{"gender":"female","name":{"title":"Miss","first":"Remedios","last":"Ruiz"},"location":{"street":{"number":2983,"name":"Ronda de Toledo"},"city":"Logroño","state":"Navarra","country":"Spain","postcode":92044,"coordinates":{"latitude":"-30.1111","longitude":"169.8392"},"timezone":{"offset":"+5:00","description":"Ekaterinburg, Islamabad, Karachi, Tashkent"}},"email":"remedios.ruiz@example.com","login":{"uuid":"cd3a4f7d-e115-4e31-96d8-2de811bd1bec","username":"orangecat870","password":"skyhawk","salt":"hew4ohKA","md5":"063101902c8424249aa54a88bcc715d9","sha1":"29497c63ba51744c9b618425b1146c50a2f80c55","sha256":"db0545cfd11c10dc5a2723b0339e212f3c0c0a515a2eb81df8efdbe8d80ed195"},"dob":{"date":"1994-09-06T03:55:52.726Z","age":29},"registered":{"date":"2013-03-19T03:59:09.588Z","age":11},"phone":"906-807-974","cell":"656-788-806","id":{"name":"DNI","value":"32662972-A"},"picture":{"large":"https://randomuser.me/api/portraits/women/7.jpg","medium":"https://randomuser.me/api/portraits/med/women/7.jpg","thumbnail":"https://randomuser.me/api/portraits/thumb/women/7.jpg"},"nat":"ES"}],"info":{"seed":"d4df2cf6d1e33a12","results":1,"page":1,"version":"1.4"}} 
 </msg>
<msg time="2024-05-16T15:14:41.803214" level="INFO">/opt/hostedtoolcache/Python/3.12.3/x64/lib/python3.12/site-packages/urllib3/connectionpool.py:1103: InsecureRequestWarning: Unverified HTTPS request is being made to host 'randomuser.me'. Adding certificate verification is strongly advised. See: https://urllib3.readthedocs.io/en/latest/advanced-usage.html#tls-warnings
  warnings.warn(</msg>
<msg time="2024-05-16T15:14:41.803374" level="INFO">${response} = &lt;Response [200]&gt;</msg>
<var>${response}</var>
<arg>consultarAPI</arg>
<arg>/api</arg>
<doc>Sends a GET request on a previously created HTTP Session.</doc>
<status status="PASS" start="2024-05-16T15:14:41.711364" elapsed="0.092054"/>
</kw>
<kw name="Should Be Equal As Numbers" owner="BuiltIn">
<msg time="2024-05-16T15:14:41.804547" level="INFO">Argument types are:
&lt;class 'int'&gt;
&lt;class 'str'&gt;</msg>
<arg>${response.status_code}</arg>
<arg>200</arg>
<doc>Fails if objects are unequal after converting them to real numbers.</doc>
<status status="PASS" start="2024-05-16T15:14:41.804024" elapsed="0.000592"/>
</kw>
<kw name="Log" owner="BuiltIn">
<msg time="2024-05-16T15:14:41.805371" level="INFO">200</msg>
<arg>${response.status_code}</arg>
<doc>Logs the given message with the given level.</doc>
<status status="PASS" start="2024-05-16T15:14:41.804995" elapsed="0.000421"/>
</kw>
<kw name="Set Variable" owner="BuiltIn">
<msg time="2024-05-16T15:14:41.806190" level="INFO">${json_data} = {'results': [{'gender': 'female', 'name': {'title': 'Miss', 'first': 'Remedios', 'last': 'Ruiz'}, 'location': {'street': {'number': 2983, 'name': 'Ronda de Toledo'}, 'city': 'Logroño', 'state': 'Navar...</msg>
<var>${json_data}</var>
<arg>${response.json()}</arg>
<doc>Returns the given values which can then be assigned to a variables.</doc>
<status status="PASS" start="2024-05-16T15:14:41.805739" elapsed="0.000481"/>
</kw>
<kw name="Dictionary Should Contain Key" owner="Collections">
<msg time="2024-05-16T15:14:41.806710" level="INFO">False</msg>
<arg>${json_data}</arg>
<arg>results</arg>
<doc>Fails if ``key`` is not found from ``dictionary``.</doc>
<status status="PASS" start="2024-05-16T15:14:41.806535" elapsed="0.000216"/>
</kw>
<status status="PASS" start="2024-05-16T15:14:41.711115" elapsed="0.095898"/>
</kw>
<doc>Testa se a API responde corretamente e retorna um objeto JSON válido.</doc>
<tag>testeRequisicaoBasica</tag>
<status status="PASS" start="2024-05-16T15:14:41.710633" elapsed="0.096575"/>
</test>
<test id="s1-s1-t3" name="Validar estrutura de resposta" line="22">
<kw name="Teste de Estrutura de Resposta" owner="random-user-service">
<kw name="GET On Session" owner="RequestsLibrary">
<msg time="2024-05-16T15:14:41.906258" level="INFO">GET Request : url=https://randomuser.me/api 
 path_url=/api 
 headers={'User-Agent': 'python-requests/2.31.0', 'Accept-Encoding': 'gzip, deflate', 'Accept': '*/*', 'Connection': 'keep-alive'} 
 body=None 
 </msg>
<msg time="2024-05-16T15:14:41.906330" level="INFO">GET Response : url=https://randomuser.me/api 
 status=200, reason=OK 
 headers={'Date': 'Thu, 16 May 2024 15:14:41 GMT', 'Content-Type': 'application/json; charset=utf-8', 'Transfer-Encoding': 'chunked', 'Connection': 'keep-alive', 'X-Powered-By': 'Express', 'Access-Control-Allow-Origin': '*', 'Cache-Control': 'no-cache', 'ETag': 'W/"485-sF6P7xM8my+B9wR0giWa8m7KaC8"', 'Vary': 'Accept-Encoding', 'Content-Encoding': 'gzip', 'CF-Cache-Status': 'DYNAMIC', 'Report-To': '{"endpoints":[{"url":"https:\\/\\/a.nel.cloudflare.com\\/report\\/v4?s=2CXAkqi6%2FS2SJCi6hOxpnF9aMu1c%2F1XyEV4WN0iFQErOfI3i4BkxQxTJXm9jqNWUqNAu2sFOOwqis99iH0bgLRg%2BxTzGzi3OF6m%2FoHxu10kay8z%2B9fwUqhnsFoaSBM98"}],"group":"cf-nel","max_age":604800}', 'NEL': '{"success_fraction":0,"report_to":"cf-nel","max_age":604800}', 'Server': 'cloudflare', 'CF-RAY': '884c51a35e0c7ffa-IAD', 'alt-svc': 'h3=":443"; ma=86400'} 
 body={"results":[{"gender":"male","name":{"title":"Mr","first":"Arthur","last":"Cunningham"},"location":{"street":{"number":4867,"name":"Alexander Road"},"city":"Shannon","state":"Waterford","country":"Ireland","postcode":12532,"coordinates":{"latitude":"3.0873","longitude":"-88.3350"},"timezone":{"offset":"+2:00","description":"Kaliningrad, South Africa"}},"email":"arthur.cunningham@example.com","login":{"uuid":"02870de0-8111-4635-afab-e733b5d875ae","username":"redpeacock932","password":"zhua","salt":"GgggAotQ","md5":"70bbc62e7407a7e3c8cf7fe955422105","sha1":"5ce4417b844ed09d8a375472981f96087d25d79d","sha256":"0cc46b03378e296d5afc643998f17bc67d4e5d047d74fb90fc2fbee474a734cd"},"dob":{"date":"1972-04-13T04:26:03.797Z","age":52},"registered":{"date":"2006-06-11T13:28:46.403Z","age":17},"phone":"051-385-4369","cell":"081-398-5008","id":{"name":"PPS","value":"1928207T"},"picture":{"large":"https://randomuser.me/api/portraits/men/21.jpg","medium":"https://randomuser.me/api/portraits/med/men/21.jpg","thumbnail":"https://randomuser.me/api/portraits/thumb/men/21.jpg"},"nat":"IE"}],"info":{"seed":"d7fd39fa3724c803","results":1,"page":1,"version":"1.4"}} 
 </msg>
<msg time="2024-05-16T15:14:41.906432" level="INFO">/opt/hostedtoolcache/Python/3.12.3/x64/lib/python3.12/site-packages/urllib3/connectionpool.py:1103: InsecureRequestWarning: Unverified HTTPS request is being made to host 'randomuser.me'. Adding certificate verification is strongly advised. See: https://urllib3.readthedocs.io/en/latest/advanced-usage.html#tls-warnings
  warnings.warn(</msg>
<msg time="2024-05-16T15:14:41.906535" level="INFO">${response} = &lt;Response [200]&gt;</msg>
<var>${response}</var>
<arg>consultarAPI</arg>
<arg>/api</arg>
<doc>Sends a GET request on a previously created HTTP Session.</doc>
<status status="PASS" start="2024-05-16T15:14:41.809844" elapsed="0.096732"/>
</kw>
<kw name="Set Variable" owner="BuiltIn">
<msg time="2024-05-16T15:14:41.907641" level="INFO">${json_data} = {'results': [{'gender': 'male', 'name': {'title': 'Mr', 'first': 'Arthur', 'last': 'Cunningham'}, 'location': {'street': {'number': 4867, 'name': 'Alexander Road'}, 'city': 'Shannon', 'state': 'Waterf...</msg>
<var>${json_data}</var>
<arg>${response.json()}</arg>
<doc>Returns the given values which can then be assigned to a variables.</doc>
<status status="PASS" start="2024-05-16T15:14:41.907064" elapsed="0.000607"/>
</kw>
<kw name="Log" owner="BuiltIn">
<msg time="2024-05-16T15:14:41.908143" level="INFO">{'results': [{'gender': 'male', 'name': {'title': 'Mr', 'first': 'Arthur', 'last': 'Cunningham'}, 'location': {'street': {'number': 4867, 'name': 'Alexander Road'}, 'city': 'Shannon', 'state': 'Waterford', 'country': 'Ireland', 'postcode': 12532, 'coordinates': {'latitude': '3.0873', 'longitude': '-88.3350'}, 'timezone': {'offset': '+2:00', 'description': 'Kaliningrad, South Africa'}}, 'email': 'arthur.cunningham@example.com', 'login': {'uuid': '02870de0-8111-4635-afab-e733b5d875ae', 'username': 'redpeacock932', 'password': 'zhua', 'salt': 'GgggAotQ', 'md5': '70bbc62e7407a7e3c8cf7fe955422105', 'sha1': '5ce4417b844ed09d8a375472981f96087d25d79d', 'sha256': '0cc46b03378e296d5afc643998f17bc67d4e5d047d74fb90fc2fbee474a734cd'}, 'dob': {'date': '1972-04-13T04:26:03.797Z', 'age': 52}, 'registered': {'date': '2006-06-11T13:28:46.403Z', 'age': 17}, 'phone': '051-385-4369', 'cell': '081-398-5008', 'id': {'name': 'PPS', 'value': '1928207T'}, 'picture': {'large': 'https://randomuser.me/api/portraits/men/21.jpg', 'medium': 'https://randomuser.me/api/portraits/med/men/21.jpg', 'thumbnail': 'https://randomuser.me/api/portraits/thumb/men/21.jpg'}, 'nat': 'IE'}], 'info': {'seed': 'd7fd39fa3724c803', 'results': 1, 'page': 1, 'version': '1.4'}}</msg>
<arg>${json_data}</arg>
<doc>Logs the given message with the given level.</doc>
<status status="PASS" start="2024-05-16T15:14:41.907986" elapsed="0.000204"/>
</kw>
<kw name="Dictionary Should Contain Key" owner="Collections">
<msg time="2024-05-16T15:14:41.908697" level="INFO">False</msg>
<arg>${json_data}</arg>
<arg>results</arg>
<doc>Fails if ``key`` is not found from ``dictionary``.</doc>
<status status="PASS" start="2024-05-16T15:14:41.908536" elapsed="0.000198"/>
</kw>
<kw name="Should Not Be Empty" owner="BuiltIn">
<msg time="2024-05-16T15:14:41.909163" level="INFO">Length is 2.</msg>
<arg>${json_data}</arg>
<doc>Verifies that the given item is not empty.</doc>
<status status="PASS" start="2024-05-16T15:14:41.909031" elapsed="0.000319"/>
</kw>
<kw name="Create List" owner="BuiltIn">
<msg time="2024-05-16T15:14:41.909806" level="INFO">${expected_keys} = ['gender', 'name', 'location', 'email', 'login']</msg>
<var>${expected_keys}</var>
<arg>gender</arg>
<arg>name</arg>
<arg>location</arg>
<arg>email</arg>
<arg>login</arg>
<doc>Returns a list containing given items.</doc>
<status status="PASS" start="2024-05-16T15:14:41.909650" elapsed="0.000181"/>
</kw>
<for flavor="IN">
<iter>
<kw name="Dictionary Should Contain Key" owner="Collections">
<msg time="2024-05-16T15:14:41.910815" level="INFO">False</msg>
<arg>${json_data['results'][0]}</arg>
<arg>${key}</arg>
<doc>Fails if ``key`` is not found from ``dictionary``.</doc>
<status status="PASS" start="2024-05-16T15:14:41.910420" elapsed="0.000434"/>
</kw>
<kw name="Log" owner="BuiltIn">
<msg time="2024-05-16T15:14:41.911515" level="INFO">{'gender': 'male', 'name': {'title': 'Mr', 'first': 'Arthur', 'last': 'Cunningham'}, 'location': {'street': {'number': 4867, 'name': 'Alexander Road'}, 'city': 'Shannon', 'state': 'Waterford', 'country': 'Ireland', 'postcode': 12532, 'coordinates': {'latitude': '3.0873', 'longitude': '-88.3350'}, 'timezone': {'offset': '+2:00', 'description': 'Kaliningrad, South Africa'}}, 'email': 'arthur.cunningham@example.com', 'login': {'uuid': '02870de0-8111-4635-afab-e733b5d875ae', 'username': 'redpeacock932', 'password': 'zhua', 'salt': 'GgggAotQ', 'md5': '70bbc62e7407a7e3c8cf7fe955422105', 'sha1': '5ce4417b844ed09d8a375472981f96087d25d79d', 'sha256': '0cc46b03378e296d5afc643998f17bc67d4e5d047d74fb90fc2fbee474a734cd'}, 'dob': {'date': '1972-04-13T04:26:03.797Z', 'age': 52}, 'registered': {'date': '2006-06-11T13:28:46.403Z', 'age': 17}, 'phone': '051-385-4369', 'cell': '081-398-5008', 'id': {'name': 'PPS', 'value': '1928207T'}, 'picture': {'large': 'https://randomuser.me/api/portraits/men/21.jpg', 'medium': 'https://randomuser.me/api/portraits/med/men/21.jpg', 'thumbnail': 'https://randomuser.me/api/portraits/thumb/men/21.jpg'}, 'nat': 'IE'}</msg>
<arg>${json_data['results'][0]}</arg>
<doc>Logs the given message with the given level.</doc>
<status status="PASS" start="2024-05-16T15:14:41.911156" elapsed="0.000408"/>
</kw>
<kw name="Log" owner="BuiltIn">
<msg time="2024-05-16T15:14:41.912001" level="INFO">gender</msg>
<arg>${key}</arg>
<doc>Logs the given message with the given level.</doc>
<status status="PASS" start="2024-05-16T15:14:41.911872" elapsed="0.000167"/>
</kw>
<var name="${key}">gender</var>
<status status="PASS" start="2024-05-16T15:14:41.910293" elapsed="0.001988"/>
</iter>
<iter>
<kw name="Dictionary Should Contain Key" owner="Collections">
<msg time="2024-05-16T15:14:41.912988" level="INFO">False</msg>
<arg>${json_data['results'][0]}</arg>
<arg>${key}</arg>
<doc>Fails if ``key`` is not found from ``dictionary``.</doc>
<status status="PASS" start="2024-05-16T15:14:41.912602" elapsed="0.000425"/>
</kw>
<kw name="Log" owner="BuiltIn">
<msg time="2024-05-16T15:14:41.913717" level="INFO">{'gender': 'male', 'name': {'title': 'Mr', 'first': 'Arthur', 'last': 'Cunningham'}, 'location': {'street': {'number': 4867, 'name': 'Alexander Road'}, 'city': 'Shannon', 'state': 'Waterford', 'country': 'Ireland', 'postcode': 12532, 'coordinates': {'latitude': '3.0873', 'longitude': '-88.3350'}, 'timezone': {'offset': '+2:00', 'description': 'Kaliningrad, South Africa'}}, 'email': 'arthur.cunningham@example.com', 'login': {'uuid': '02870de0-8111-4635-afab-e733b5d875ae', 'username': 'redpeacock932', 'password': 'zhua', 'salt': 'GgggAotQ', 'md5': '70bbc62e7407a7e3c8cf7fe955422105', 'sha1': '5ce4417b844ed09d8a375472981f96087d25d79d', 'sha256': '0cc46b03378e296d5afc643998f17bc67d4e5d047d74fb90fc2fbee474a734cd'}, 'dob': {'date': '1972-04-13T04:26:03.797Z', 'age': 52}, 'registered': {'date': '2006-06-11T13:28:46.403Z', 'age': 17}, 'phone': '051-385-4369', 'cell': '081-398-5008', 'id': {'name': 'PPS', 'value': '1928207T'}, 'picture': {'large': 'https://randomuser.me/api/portraits/men/21.jpg', 'medium': 'https://randomuser.me/api/portraits/med/men/21.jpg', 'thumbnail': 'https://randomuser.me/api/portraits/thumb/men/21.jpg'}, 'nat': 'IE'}</msg>
<arg>${json_data['results'][0]}</arg>
<doc>Logs the given message with the given level.</doc>
<status status="PASS" start="2024-05-16T15:14:41.913358" elapsed="0.000418"/>
</kw>
<kw name="Log" owner="BuiltIn">
<msg time="2024-05-16T15:14:41.914206" level="INFO">name</msg>
<arg>${key}</arg>
<doc>Logs the given message with the given level.</doc>
<status status="PASS" start="2024-05-16T15:14:41.914079" elapsed="0.000166"/>
</kw>
<var name="${key}">name</var>
<status status="PASS" start="2024-05-16T15:14:41.912485" elapsed="0.001976"/>
</iter>
<iter>
<kw name="Dictionary Should Contain Key" owner="Collections">
<msg time="2024-05-16T15:14:41.915136" level="INFO">False</msg>
<arg>${json_data['results'][0]}</arg>
<arg>${key}</arg>
<doc>Fails if ``key`` is not found from ``dictionary``.</doc>
<status status="PASS" start="2024-05-16T15:14:41.914754" elapsed="0.000420"/>
</kw>
<kw name="Log" owner="BuiltIn">
<msg time="2024-05-16T15:14:41.915826" level="INFO">{'gender': 'male', 'name': {'title': 'Mr', 'first': 'Arthur', 'last': 'Cunningham'}, 'location': {'street': {'number': 4867, 'name': 'Alexander Road'}, 'city': 'Shannon', 'state': 'Waterford', 'country': 'Ireland', 'postcode': 12532, 'coordinates': {'latitude': '3.0873', 'longitude': '-88.3350'}, 'timezone': {'offset': '+2:00', 'description': 'Kaliningrad, South Africa'}}, 'email': 'arthur.cunningham@example.com', 'login': {'uuid': '02870de0-8111-4635-afab-e733b5d875ae', 'username': 'redpeacock932', 'password': 'zhua', 'salt': 'GgggAotQ', 'md5': '70bbc62e7407a7e3c8cf7fe955422105', 'sha1': '5ce4417b844ed09d8a375472981f96087d25d79d', 'sha256': '0cc46b03378e296d5afc643998f17bc67d4e5d047d74fb90fc2fbee474a734cd'}, 'dob': {'date': '1972-04-13T04:26:03.797Z', 'age': 52}, 'registered': {'date': '2006-06-11T13:28:46.403Z', 'age': 17}, 'phone': '051-385-4369', 'cell': '081-398-5008', 'id': {'name': 'PPS', 'value': '1928207T'}, 'picture': {'large': 'https://randomuser.me/api/portraits/men/21.jpg', 'medium': 'https://randomuser.me/api/portraits/med/men/21.jpg', 'thumbnail': 'https://randomuser.me/api/portraits/thumb/men/21.jpg'}, 'nat': 'IE'}</msg>
<arg>${json_data['results'][0]}</arg>
<doc>Logs the given message with the given level.</doc>
<status status="PASS" start="2024-05-16T15:14:41.915474" elapsed="0.000401"/>
</kw>
<kw name="Log" owner="BuiltIn">
<msg time="2024-05-16T15:14:41.916341" level="INFO">location</msg>
<arg>${key}</arg>
<doc>Logs the given message with the given level.</doc>
<status status="PASS" start="2024-05-16T15:14:41.916170" elapsed="0.000221"/>
</kw>
<var name="${key}">location</var>
<status status="PASS" start="2024-05-16T15:14:41.914641" elapsed="0.001974"/>
</iter>
<iter>
<kw name="Dictionary Should Contain Key" owner="Collections">
<msg time="2024-05-16T15:14:41.917280" level="INFO">False</msg>
<arg>${json_data['results'][0]}</arg>
<arg>${key}</arg>
<doc>Fails if ``key`` is not found from ``dictionary``.</doc>
<status status="PASS" start="2024-05-16T15:14:41.916900" elapsed="0.000417"/>
</kw>
<kw name="Log" owner="BuiltIn">
<msg time="2024-05-16T15:14:41.917966" level="INFO">{'gender': 'male', 'name': {'title': 'Mr', 'first': 'Arthur', 'last': 'Cunningham'}, 'location': {'street': {'number': 4867, 'name': 'Alexander Road'}, 'city': 'Shannon', 'state': 'Waterford', 'country': 'Ireland', 'postcode': 12532, 'coordinates': {'latitude': '3.0873', 'longitude': '-88.3350'}, 'timezone': {'offset': '+2:00', 'description': 'Kaliningrad, South Africa'}}, 'email': 'arthur.cunningham@example.com', 'login': {'uuid': '02870de0-8111-4635-afab-e733b5d875ae', 'username': 'redpeacock932', 'password': 'zhua', 'salt': 'GgggAotQ', 'md5': '70bbc62e7407a7e3c8cf7fe955422105', 'sha1': '5ce4417b844ed09d8a375472981f96087d25d79d', 'sha256': '0cc46b03378e296d5afc643998f17bc67d4e5d047d74fb90fc2fbee474a734cd'}, 'dob': {'date': '1972-04-13T04:26:03.797Z', 'age': 52}, 'registered': {'date': '2006-06-11T13:28:46.403Z', 'age': 17}, 'phone': '051-385-4369', 'cell': '081-398-5008', 'id': {'name': 'PPS', 'value': '1928207T'}, 'picture': {'large': 'https://randomuser.me/api/portraits/men/21.jpg', 'medium': 'https://randomuser.me/api/portraits/med/men/21.jpg', 'thumbnail': 'https://randomuser.me/api/portraits/thumb/men/21.jpg'}, 'nat': 'IE'}</msg>
<arg>${json_data['results'][0]}</arg>
<doc>Logs the given message with the given level.</doc>
<status status="PASS" start="2024-05-16T15:14:41.917616" elapsed="0.000400"/>
</kw>
<kw name="Log" owner="BuiltIn">
<msg time="2024-05-16T15:14:41.918434" level="INFO">email</msg>
<arg>${key}</arg>
<doc>Logs the given message with the given level.</doc>
<status status="PASS" start="2024-05-16T15:14:41.918309" elapsed="0.000162"/>
</kw>
<var name="${key}">email</var>
<status status="PASS" start="2024-05-16T15:14:41.916789" elapsed="0.001897"/>
</iter>
<iter>
<kw name="Dictionary Should Contain Key" owner="Collections">
<msg time="2024-05-16T15:14:41.919349" level="INFO">False</msg>
<arg>${json_data['results'][0]}</arg>
<arg>${key}</arg>
<doc>Fails if ``key`` is not found from ``dictionary``.</doc>
<status status="PASS" start="2024-05-16T15:14:41.918967" elapsed="0.000419"/>
</kw>
<kw name="Log" owner="BuiltIn">
<msg time="2024-05-16T15:14:41.920033" level="INFO">{'gender': 'male', 'name': {'title': 'Mr', 'first': 'Arthur', 'last': 'Cunningham'}, 'location': {'street': {'number': 4867, 'name': 'Alexander Road'}, 'city': 'Shannon', 'state': 'Waterford', 'country': 'Ireland', 'postcode': 12532, 'coordinates': {'latitude': '3.0873', 'longitude': '-88.3350'}, 'timezone': {'offset': '+2:00', 'description': 'Kaliningrad, South Africa'}}, 'email': 'arthur.cunningham@example.com', 'login': {'uuid': '02870de0-8111-4635-afab-e733b5d875ae', 'username': 'redpeacock932', 'password': 'zhua', 'salt': 'GgggAotQ', 'md5': '70bbc62e7407a7e3c8cf7fe955422105', 'sha1': '5ce4417b844ed09d8a375472981f96087d25d79d', 'sha256': '0cc46b03378e296d5afc643998f17bc67d4e5d047d74fb90fc2fbee474a734cd'}, 'dob': {'date': '1972-04-13T04:26:03.797Z', 'age': 52}, 'registered': {'date': '2006-06-11T13:28:46.403Z', 'age': 17}, 'phone': '051-385-4369', 'cell': '081-398-5008', 'id': {'name': 'PPS', 'value': '1928207T'}, 'picture': {'large': 'https://randomuser.me/api/portraits/men/21.jpg', 'medium': 'https://randomuser.me/api/portraits/med/men/21.jpg', 'thumbnail': 'https://randomuser.me/api/portraits/thumb/men/21.jpg'}, 'nat': 'IE'}</msg>
<arg>${json_data['results'][0]}</arg>
<doc>Logs the given message with the given level.</doc>
<status status="PASS" start="2024-05-16T15:14:41.919683" elapsed="0.000397"/>
</kw>
<kw name="Log" owner="BuiltIn">
<msg time="2024-05-16T15:14:41.920540" level="INFO">login</msg>
<arg>${key}</arg>
<doc>Logs the given message with the given level.</doc>
<status status="PASS" start="2024-05-16T15:14:41.920410" elapsed="0.000168"/>
</kw>
<var name="${key}">login</var>
<status status="PASS" start="2024-05-16T15:14:41.918856" elapsed="0.001949"/>
</iter>
<var>${key}</var>
<value>@{expected_keys}</value>
<status status="PASS" start="2024-05-16T15:14:41.910097" elapsed="0.010857"/>
</for>
<kw name="Create List" owner="BuiltIn">
<msg time="2024-05-16T15:14:41.921295" level="INFO">${expected_keysTwo} = ['username', 'password']</msg>
<var>${expected_keysTwo}</var>
<arg>username</arg>
<arg>password</arg>
<doc>Returns a list containing given items.</doc>
<status status="PASS" start="2024-05-16T15:14:41.921159" elapsed="0.000159"/>
</kw>
<for flavor="IN">
<iter>
<kw name="Dictionary Should Contain Key" owner="Collections">
<msg time="2024-05-16T15:14:41.922225" level="INFO">False</msg>
<arg>${json_data['results'][0]['login']}</arg>
<arg>${keyTwo}</arg>
<doc>Fails if ``key`` is not found from ``dictionary``.</doc>
<status status="PASS" start="2024-05-16T15:14:41.921837" elapsed="0.000425"/>
</kw>
<kw name="Dictionary Should Contain Key" owner="Collections">
<msg time="2024-05-16T15:14:41.922939" level="INFO">False</msg>
<arg>${json_data['results'][0]['login']}</arg>
<arg>${keyTwo}</arg>
<doc>Fails if ``key`` is not found from ``dictionary``.</doc>
<status status="PASS" start="2024-05-16T15:14:41.922558" elapsed="0.000419"/>
</kw>
<kw name="Log" owner="BuiltIn">
<msg time="2024-05-16T15:14:41.923397" level="INFO">username</msg>
<arg>${keyTwo}</arg>
<doc>Logs the given message with the given level.</doc>
<status status="PASS" start="2024-05-16T15:14:41.923271" elapsed="0.000168"/>
</kw>
<var name="${keyTwo}">username</var>
<status status="PASS" start="2024-05-16T15:14:41.921715" elapsed="0.001941"/>
</iter>
<iter>
<kw name="Dictionary Should Contain Key" owner="Collections">
<msg time="2024-05-16T15:14:41.924433" level="INFO">False</msg>
<arg>${json_data['results'][0]['login']}</arg>
<arg>${keyTwo}</arg>
<doc>Fails if ``key`` is not found from ``dictionary``.</doc>
<status status="PASS" start="2024-05-16T15:14:41.923938" elapsed="0.000535"/>
</kw>
<kw name="Dictionary Should Contain Key" owner="Collections">
<msg time="2024-05-16T15:14:41.925144" level="INFO">False</msg>
<arg>${json_data['results'][0]['login']}</arg>
<arg>${keyTwo}</arg>
<doc>Fails if ``key`` is not found from ``dictionary``.</doc>
<status status="PASS" start="2024-05-16T15:14:41.924773" elapsed="0.000408"/>
</kw>
<kw name="Log" owner="BuiltIn">
<msg time="2024-05-16T15:14:41.925605" level="INFO">password</msg>
<arg>${keyTwo}</arg>
<doc>Logs the given message with the given level.</doc>
<status status="PASS" start="2024-05-16T15:14:41.925477" elapsed="0.000165"/>
</kw>
<var name="${keyTwo}">password</var>
<status status="PASS" start="2024-05-16T15:14:41.923828" elapsed="0.002031"/>
</iter>
<var>${keyTwo}</var>
<value>@{expected_keysTwo}</value>
<status status="PASS" start="2024-05-16T15:14:41.921558" elapsed="0.004421"/>
</for>
<status status="PASS" start="2024-05-16T15:14:41.809586" elapsed="0.116532"/>
</kw>
<doc>Testa a estrutura da resposta da API.</doc>
<tag>testeEstruturaResposta</tag>
<status status="PASS" start="2024-05-16T15:14:41.809074" elapsed="0.117197"/>
</test>
<test id="s1-s1-t4" name="Validar tipos de dados" line="28">
<kw name="Teste de Tipos de Dados" owner="random-user-service">
<kw name="GET On Session" owner="RequestsLibrary">
<msg time="2024-05-16T15:14:42.026924" level="INFO">GET Request : url=https://randomuser.me/api 
 path_url=/api 
 headers={'User-Agent': 'python-requests/2.31.0', 'Accept-Encoding': 'gzip, deflate', 'Accept': '*/*', 'Connection': 'keep-alive'} 
 body=None 
 </msg>
<msg time="2024-05-16T15:14:42.027026" level="INFO">GET Response : url=https://randomuser.me/api 
 status=200, reason=OK 
 headers={'Date': 'Thu, 16 May 2024 15:14:42 GMT', 'Content-Type': 'application/json; charset=utf-8', 'Transfer-Encoding': 'chunked', 'Connection': 'keep-alive', 'X-Powered-By': 'Express', 'Access-Control-Allow-Origin': '*', 'Cache-Control': 'no-cache', 'ETag': 'W/"49f-PVZalQ46ESoXFZxMq2z5+6z12XA"', 'Vary': 'Accept-Encoding', 'Content-Encoding': 'gzip', 'CF-Cache-Status': 'DYNAMIC', 'Report-To': '{"endpoints":[{"url":"https:\\/\\/a.nel.cloudflare.com\\/report\\/v4?s=jm0yZasqzI6luA1YfxP3SAVGU33oO0MfckjKxmPt9sKSdeMIA6k23e1Vt4mbp1M12xodgQgB6CPPmlwtFqfp3ALlQaUXA0qJB4ipu6woNfvhKNOlr0Ya%2F3UJoSNV7XBz"}],"group":"cf-nel","max_age":604800}', 'NEL': '{"success_fraction":0,"report_to":"cf-nel","max_age":604800}', 'Server': 'cloudflare', 'CF-RAY': '884c51a41f0a7ffa-IAD', 'alt-svc': 'h3=":443"; ma=86400'} 
 body={"results":[{"gender":"female","name":{"title":"Mrs","first":"Tülay","last":"Wiener"},"location":{"street":{"number":4347,"name":"Birkenweg"},"city":"Altensteig","state":"Rheinland-Pfalz","country":"Germany","postcode":18521,"coordinates":{"latitude":"-47.1982","longitude":"69.7881"},"timezone":{"offset":"+5:30","description":"Bombay, Calcutta, Madras, New Delhi"}},"email":"tulay.wiener@example.com","login":{"uuid":"ffab620a-150d-46e2-8ed3-7760a5c1218a","username":"brownladybug533","password":"simon","salt":"xa1y6iU5","md5":"feec16157f1794a9a80d297928e19928","sha1":"c504cb6a88a48685db213c5aed415e5ef68ea0e6","sha256":"3a6bec004dca7ea889db09988c33de82f9a66ef4f96e987767ecf8a81ff4fe8a"},"dob":{"date":"1967-03-28T02:26:48.326Z","age":57},"registered":{"date":"2002-04-21T09:14:54.343Z","age":22},"phone":"0370-1056038","cell":"0173-9053758","id":{"name":"SVNR","value":"21 270367 W 584"},"picture":{"large":"https://randomuser.me/api/portraits/women/63.jpg","medium":"https://randomuser.me/api/portraits/med/women/63.jpg","thumbnail":"https://randomuser.me/api/portraits/thumb/women/63.jpg"},"nat":"DE"}],"info":{"seed":"d56846743eb5b16e","results":1,"page":1,"version":"1.4"}} 
 </msg>
<msg time="2024-05-16T15:14:42.027124" level="INFO">/opt/hostedtoolcache/Python/3.12.3/x64/lib/python3.12/site-packages/urllib3/connectionpool.py:1103: InsecureRequestWarning: Unverified HTTPS request is being made to host 'randomuser.me'. Adding certificate verification is strongly advised. See: https://urllib3.readthedocs.io/en/latest/advanced-usage.html#tls-warnings
  warnings.warn(</msg>
<msg time="2024-05-16T15:14:42.027257" level="INFO">${response} = &lt;Response [200]&gt;</msg>
<var>${response}</var>
<arg>consultarAPI</arg>
<arg>/api</arg>
<doc>Sends a GET request on a previously created HTTP Session.</doc>
<status status="PASS" start="2024-05-16T15:14:41.928744" elapsed="0.098553"/>
</kw>
<kw name="Set Variable" owner="BuiltIn">
<msg time="2024-05-16T15:14:42.028711" level="INFO">${json_data} = {'results': [{'gender': 'female', 'name': {'title': 'Mrs', 'first': 'Tülay', 'last': 'Wiener'}, 'location': {'street': {'number': 4347, 'name': 'Birkenweg'}, 'city': 'Altensteig', 'state': 'Rheinland-...</msg>
<var>${json_data}</var>
<arg>${response.json()}</arg>
<doc>Returns the given values which can then be assigned to a variables.</doc>
<status status="PASS" start="2024-05-16T15:14:42.027888" elapsed="0.000871"/>
</kw>
<kw name="Log" owner="BuiltIn">
<msg time="2024-05-16T15:14:42.029487" level="INFO">{'results': [{'gender': 'female', 'name': {'title': 'Mrs', 'first': 'Tülay', 'last': 'Wiener'}, 'location': {'street': {'number': 4347, 'name': 'Birkenweg'}, 'city': 'Altensteig', 'state': 'Rheinland-Pfalz', 'country': 'Germany', 'postcode': 18521, 'coordinates': {'latitude': '-47.1982', 'longitude': '69.7881'}, 'timezone': {'offset': '+5:30', 'description': 'Bombay, Calcutta, Madras, New Delhi'}}, 'email': 'tulay.wiener@example.com', 'login': {'uuid': 'ffab620a-150d-46e2-8ed3-7760a5c1218a', 'username': 'brownladybug533', 'password': 'simon', 'salt': 'xa1y6iU5', 'md5': 'feec16157f1794a9a80d297928e19928', 'sha1': 'c504cb6a88a48685db213c5aed415e5ef68ea0e6', 'sha256': '3a6bec004dca7ea889db09988c33de82f9a66ef4f96e987767ecf8a81ff4fe8a'}, 'dob': {'date': '1967-03-28T02:26:48.326Z', 'age': 57}, 'registered': {'date': '2002-04-21T09:14:54.343Z', 'age': 22}, 'phone': '0370-1056038', 'cell': '0173-9053758', 'id': {'name': 'SVNR', 'value': '21 270367 W 584'}, 'picture': {'large': 'https://randomuser.me/api/portraits/women/63.jpg', 'medium': 'https://randomuser.me/api/portraits/med/women/63.jpg', 'thumbnail': 'https://randomuser.me/api/portraits/thumb/women/63.jpg'}, 'nat': 'DE'}], 'info': {'seed': 'd56846743eb5b16e', 'results': 1, 'page': 1, 'version': '1.4'}}</msg>
<arg>${json_data}</arg>
<doc>Logs the given message with the given level.</doc>
<status status="PASS" start="2024-05-16T15:14:42.029233" elapsed="0.000397"/>
</kw>
<kw name="Should Be String" owner="String">
<arg>${json_data['results'][0]['gender']}</arg>
<doc>Fails if the given ``item`` is not a string.</doc>
<status status="PASS" start="2024-05-16T15:14:42.030136" elapsed="0.000563"/>
</kw>
<kw name="Should Match Regexp" owner="BuiltIn">
<arg>${json_data['results'][0]['email']}</arg>
<arg>^[a-zA-Z0-9._%+-]+@[a-zA-Z0-9.-]+\.[a-zA-Z]{2,}$</arg>
<doc>Fails if ``string`` does not match ``pattern`` as a regular expression.</doc>
<status status="PASS" start="2024-05-16T15:14:42.030994" elapsed="0.000815"/>
</kw>
<kw name="Should Match Regexp" owner="BuiltIn">
<arg>${json_data['results'][0]['dob']['date']}</arg>
<arg>\\d{4}-\\d{2}-\\d{2}T\\d{2}:\\d{2}:\\d{2}\\.\\d{3}Z</arg>
<doc>Fails if ``string`` does not match ``pattern`` as a regular expression.</doc>
<status status="PASS" start="2024-05-16T15:14:42.032143" elapsed="0.000840"/>
</kw>
<kw name="Should Match Regexp" owner="BuiltIn">
<arg>${json_data['results'][0]['registered']['date']}</arg>
<arg>\\d{4}-\\d{2}-\\d{2}T\\d{2}:\\d{2}:\\d{2}\\.\\d{3}Z</arg>
<doc>Fails if ``string`` does not match ``pattern`` as a regular expression.</doc>
<status status="PASS" start="2024-05-16T15:14:42.033287" elapsed="0.000609"/>
</kw>
<kw name="Should Match Regexp" owner="BuiltIn">
<arg>${json_data['results'][0]['picture']['large']}</arg>
<arg>^https?://.*\.(?:png|jpe?g|gif|bmp)$</arg>
<doc>Fails if ``string`` does not match ``pattern`` as a regular expression.</doc>
<status status="PASS" start="2024-05-16T15:14:42.034231" elapsed="0.000786"/>
</kw>
<kw name="Should Match Regexp" owner="BuiltIn">
<arg>${json_data['results'][0]['picture']['medium']}</arg>
<arg>^https?://.*\.(?:png|jpe?g|gif|bmp)$</arg>
<doc>Fails if ``string`` does not match ``pattern`` as a regular expression.</doc>
<status status="PASS" start="2024-05-16T15:14:42.035332" elapsed="0.000603"/>
</kw>
<kw name="Should Match Regexp" owner="BuiltIn">
<arg>${json_data['results'][0]['picture']['thumbnail']}</arg>
<arg>^https?://.*\.(?:png|jpe?g|gif|bmp)$</arg>
<doc>Fails if ``string`` does not match ``pattern`` as a regular expression.</doc>
<status status="PASS" start="2024-05-16T15:14:42.036285" elapsed="0.000604"/>
</kw>
<kw name="Log" owner="BuiltIn">
<msg time="2024-05-16T15:14:42.037743" level="INFO">{'large': 'https://randomuser.me/api/portraits/women/63.jpg', 'medium': 'https://randomuser.me/api/portraits/med/women/63.jpg', 'thumbnail': 'https://randomuser.me/api/portraits/thumb/women/63.jpg'}</msg>
<arg>${json_data['results'][0]['picture']}</arg>
<doc>Logs the given message with the given level.</doc>
<status status="PASS" start="2024-05-16T15:14:42.037184" elapsed="0.000629"/>
</kw>
<status status="PASS" start="2024-05-16T15:14:41.928513" elapsed="0.109665"/>
</kw>
<kw name="Teste de Tipos de Dados - Postcode" owner="random-user-service">
<kw name="GET On Session" owner="RequestsLibrary">
<msg time="2024-05-16T15:14:42.103200" level="INFO">GET Request : url=https://randomuser.me/api 
 path_url=/api 
 headers={'User-Agent': 'python-requests/2.31.0', 'Accept-Encoding': 'gzip, deflate', 'Accept': '*/*', 'Connection': 'keep-alive'} 
 body=None 
 </msg>
<msg time="2024-05-16T15:14:42.103284" level="INFO">GET Response : url=https://randomuser.me/api 
 status=200, reason=OK 
 headers={'Date': 'Thu, 16 May 2024 15:14:42 GMT', 'Content-Type': 'application/json; charset=utf-8', 'Transfer-Encoding': 'chunked', 'Connection': 'keep-alive', 'X-Powered-By': 'Express', 'Access-Control-Allow-Origin': '*', 'Cache-Control': 'no-cache', 'ETag': 'W/"491-kXafQmag1IZ4p31CqEVbIn64kGM"', 'Vary': 'Accept-Encoding', 'Content-Encoding': 'gzip', 'CF-Cache-Status': 'DYNAMIC', 'Report-To': '{"endpoints":[{"url":"https:\\/\\/a.nel.cloudflare.com\\/report\\/v4?s=AtAIi%2FB6jB5ydbP%2FuIuGvff8VveYYj7VY5nXdzVsJ7yp9VO0I06sPIDcFj5kEesdsDBsm2%2FBsJtt%2Fsfzf0SZKIC2LlgM3T8JU%2FCJ7gE7ZZnUK%2BQzA0ISzsdifGzJ4AH4"}],"group":"cf-nel","max_age":604800}', 'NEL': '{"success_fraction":0,"report_to":"cf-nel","max_age":604800}', 'Server': 'cloudflare', 'CF-RAY': '884c51a4c8257ffa-IAD', 'alt-svc': 'h3=":443"; ma=86400'} 
 body={"results":[{"gender":"female","name":{"title":"Miss","first":"Karla","last":"Rasmussen"},"location":{"street":{"number":9574,"name":"Holmevej"},"city":"Øster Assels","state":"Midtjylland","country":"Denmark","postcode":15959,"coordinates":{"latitude":"-41.2884","longitude":"179.9455"},"timezone":{"offset":"+4:00","description":"Abu Dhabi, Muscat, Baku, Tbilisi"}},"email":"karla.rasmussen@example.com","login":{"uuid":"7e39f5f6-10b5-48c3-a2e4-9f2f12f83604","username":"brownmeercat976","password":"tzpvaw","salt":"cStGXojl","md5":"5080d88fc540f86d230b45afe543b37e","sha1":"f5fa657508d8c0434dfa11e4041cf6b4a81ab179","sha256":"f169dca8c98ebb482732c23b2614787180aad659a840aa54b3526691ff8871cd"},"dob":{"date":"1951-09-30T17:00:41.591Z","age":72},"registered":{"date":"2021-05-28T18:26:27.665Z","age":2},"phone":"19523022","cell":"06232519","id":{"name":"CPR","value":"300951-4030"},"picture":{"large":"https://randomuser.me/api/portraits/women/9.jpg","medium":"https://randomuser.me/api/portraits/med/women/9.jpg","thumbnail":"https://randomuser.me/api/portraits/thumb/women/9.jpg"},"nat":"DK"}],"info":{"seed":"0eaccbd57fb41622","results":1,"page":1,"version":"1.4"}} 
 </msg>
<msg time="2024-05-16T15:14:42.103358" level="INFO">/opt/hostedtoolcache/Python/3.12.3/x64/lib/python3.12/site-packages/urllib3/connectionpool.py:1103: InsecureRequestWarning: Unverified HTTPS request is being made to host 'randomuser.me'. Adding certificate verification is strongly advised. See: https://urllib3.readthedocs.io/en/latest/advanced-usage.html#tls-warnings
  warnings.warn(</msg>
<msg time="2024-05-16T15:14:42.103468" level="INFO">${response} = &lt;Response [200]&gt;</msg>
<var>${response}</var>
<arg>consultarAPI</arg>
<arg>/api</arg>
<doc>Sends a GET request on a previously created HTTP Session.</doc>
<status status="PASS" start="2024-05-16T15:14:42.038880" elapsed="0.064625"/>
</kw>
<kw name="Set Variable" owner="BuiltIn">
<msg time="2024-05-16T15:14:42.104528" level="INFO">${json_data} = {'results': [{'gender': 'female', 'name': {'title': 'Miss', 'first': 'Karla', 'last': 'Rasmussen'}, 'location': {'street': {'number': 9574, 'name': 'Holmevej'}, 'city': 'Øster Assels', 'state': 'Midtj...</msg>
<var>${json_data}</var>
<arg>${response.json()}</arg>
<doc>Returns the given values which can then be assigned to a variables.</doc>
<status status="PASS" start="2024-05-16T15:14:42.103997" elapsed="0.000562"/>
</kw>
<kw name="Log" owner="BuiltIn">
<msg time="2024-05-16T15:14:42.105041" level="INFO">{'results': [{'gender': 'female', 'name': {'title': 'Miss', 'first': 'Karla', 'last': 'Rasmussen'}, 'location': {'street': {'number': 9574, 'name': 'Holmevej'}, 'city': 'Øster Assels', 'state': 'Midtjylland', 'country': 'Denmark', 'postcode': 15959, 'coordinates': {'latitude': '-41.2884', 'longitude': '179.9455'}, 'timezone': {'offset': '+4:00', 'description': 'Abu Dhabi, Muscat, Baku, Tbilisi'}}, 'email': 'karla.rasmussen@example.com', 'login': {'uuid': '7e39f5f6-10b5-48c3-a2e4-9f2f12f83604', 'username': 'brownmeercat976', 'password': 'tzpvaw', 'salt': 'cStGXojl', 'md5': '5080d88fc540f86d230b45afe543b37e', 'sha1': 'f5fa657508d8c0434dfa11e4041cf6b4a81ab179', 'sha256': 'f169dca8c98ebb482732c23b2614787180aad659a840aa54b3526691ff8871cd'}, 'dob': {'date': '1951-09-30T17:00:41.591Z', 'age': 72}, 'registered': {'date': '2021-05-28T18:26:27.665Z', 'age': 2}, 'phone': '19523022', 'cell': '06232519', 'id': {'name': 'CPR', 'value': '300951-4030'}, 'picture': {'large': 'https://randomuser.me/api/portraits/women/9.jpg', 'medium': 'https://randomuser.me/api/portraits/med/women/9.jpg', 'thumbnail': 'https://randomuser.me/api/portraits/thumb/women/9.jpg'}, 'nat': 'DK'}], 'info': {'seed': '0eaccbd57fb41622', 'results': 1, 'page': 1, 'version': '1.4'}}</msg>
<arg>${json_data}</arg>
<doc>Logs the given message with the given level.</doc>
<status status="PASS" start="2024-05-16T15:14:42.104876" elapsed="0.000248"/>
</kw>
<kw name="Should Be Equal As Numbers" owner="BuiltIn">
<arg>${json_data['results'][0]['location']['postcode']}</arg>
<arg>${json_data['results'][0]['location']['postcode']}</arg>
<doc>Fails if objects are unequal after converting them to real numbers.</doc>
<status status="PASS" start="2024-05-16T15:14:42.105595" elapsed="0.000627"/>
</kw>
<kw name="Log" owner="BuiltIn">
<msg time="2024-05-16T15:14:42.106758" level="INFO">15959</msg>
<arg>${json_data['results'][0]['location']['postcode']}</arg>
<doc>Logs the given message with the given level.</doc>
<status status="PASS" start="2024-05-16T15:14:42.106419" elapsed="0.000379"/>
</kw>
<status status="PASS" start="2024-05-16T15:14:42.038511" elapsed="0.068545"/>
</kw>
<doc>Testa se os tipos de dados na resposta da API estão corretos.</doc>
<tag>testeTiposDados</tag>
<status status="PASS" start="2024-05-16T15:14:41.928020" elapsed="0.179211"/>
</test>
<test id="s1-s1-t5" name="Validar conteudo" line="35">
<kw name="Teste de Tipos de Conteudo" owner="random-user-service">
<kw name="GET On Session" owner="RequestsLibrary">
<msg time="2024-05-16T15:14:42.215538" level="INFO">GET Request : url=https://randomuser.me/api 
 path_url=/api 
 headers={'User-Agent': 'python-requests/2.31.0', 'Accept-Encoding': 'gzip, deflate', 'Accept': '*/*', 'Connection': 'keep-alive'} 
 body=None 
 </msg>
<msg time="2024-05-16T15:14:42.215649" level="INFO">GET Response : url=https://randomuser.me/api 
 status=200, reason=OK 
 headers={'Date': 'Thu, 16 May 2024 15:14:42 GMT', 'Content-Type': 'application/json; charset=utf-8', 'Transfer-Encoding': 'chunked', 'Connection': 'keep-alive', 'X-Powered-By': 'Express', 'Access-Control-Allow-Origin': '*', 'Cache-Control': 'no-cache', 'ETag': 'W/"49a-n0gv1/TN4u73aU6JGSccmlsyi1M"', 'Vary': 'Accept-Encoding', 'Content-Encoding': 'gzip', 'CF-Cache-Status': 'DYNAMIC', 'Report-To': '{"endpoints":[{"url":"https:\\/\\/a.nel.cloudflare.com\\/report\\/v4?s=QPGiDzXTz6fY%2BQU0b%2FEVnoSeLtc33nEH3CXvQ8gEyh8xsoEMnQrSeFvcNlBK9Q%2BEi4rpspHwmPYJF4kcSHo%2BKYCa6KrmUG62baWwUFlGoM3203YDC4NU2aThVbzlu7wv"}],"group":"cf-nel","max_age":604800}', 'NEL': '{"success_fraction":0,"report_to":"cf-nel","max_age":604800}', 'Server': 'cloudflare', 'CF-RAY': '884c51a538df7ffa-IAD', 'alt-svc': 'h3=":443"; ma=86400'} 
 body={"results":[{"gender":"female","name":{"title":"Mrs","first":"Inés","last":"Pérez"},"location":{"street":{"number":1082,"name":"Calle de Pedro Bosch"},"city":"Murcia","state":"Región de Murcia","country":"Spain","postcode":37736,"coordinates":{"latitude":"-35.8496","longitude":"80.5796"},"timezone":{"offset":"+11:00","description":"Magadan, Solomon Islands, New Caledonia"}},"email":"ines.perez@example.com","login":{"uuid":"6b7f198f-40ea-4514-be9b-4df5cfa5fa82","username":"sadfrog866","password":"meme","salt":"c3Qxgrp6","md5":"a22f834323553097fb566f412c3319b9","sha1":"6c2ac8c488ace46cdb3c6a85dbdebc44a7d4c04c","sha256":"1de16a687493fe66424248235405e7d6ab6688e8437f3c87c0db856d0263804f"},"dob":{"date":"1999-12-11T07:45:32.631Z","age":24},"registered":{"date":"2009-02-17T02:10:19.767Z","age":15},"phone":"996-396-519","cell":"676-779-468","id":{"name":"DNI","value":"48815799-K"},"picture":{"large":"https://randomuser.me/api/portraits/women/78.jpg","medium":"https://randomuser.me/api/portraits/med/women/78.jpg","thumbnail":"https://randomuser.me/api/portraits/thumb/women/78.jpg"},"nat":"ES"}],"info":{"seed":"11d0ebc92f801ee9","results":1,"page":1,"version":"1.4"}} 
 </msg>
<msg time="2024-05-16T15:14:42.215731" level="INFO">/opt/hostedtoolcache/Python/3.12.3/x64/lib/python3.12/site-packages/urllib3/connectionpool.py:1103: InsecureRequestWarning: Unverified HTTPS request is being made to host 'randomuser.me'. Adding certificate verification is strongly advised. See: https://urllib3.readthedocs.io/en/latest/advanced-usage.html#tls-warnings
  warnings.warn(</msg>
<msg time="2024-05-16T15:14:42.215863" level="INFO">${response} = &lt;Response [200]&gt;</msg>
<var>${response}</var>
<arg>consultarAPI</arg>
<arg>/api</arg>
<doc>Sends a GET request on a previously created HTTP Session.</doc>
<status status="PASS" start="2024-05-16T15:14:42.109701" elapsed="0.106202"/>
</kw>
<kw name="Set Variable" owner="BuiltIn">
<msg time="2024-05-16T15:14:42.217154" level="INFO">${json_data} = {'results': [{'gender': 'female', 'name': {'title': 'Mrs', 'first': 'Inés', 'last': 'Pérez'}, 'location': {'street': {'number': 1082, 'name': 'Calle de Pedro Bosch'}, 'city': 'Murcia', 'state': 'Regió...</msg>
<var>${json_data}</var>
<arg>${response.json()}</arg>
<doc>Returns the given values which can then be assigned to a variables.</doc>
<status status="PASS" start="2024-05-16T15:14:42.216580" elapsed="0.000607"/>
</kw>
<kw name="Set Variable" owner="BuiltIn">
<msg time="2024-05-16T15:14:42.217894" level="INFO">${name_title} = Mrs</msg>
<var>${name_title}</var>
<arg>${json_data["results"][0]["name"]["title"]}</arg>
<doc>Returns the given values which can then be assigned to a variables.</doc>
<status status="PASS" start="2024-05-16T15:14:42.217505" elapsed="0.000415"/>
</kw>
<kw name="Create List" owner="BuiltIn">
<msg time="2024-05-16T15:14:42.218378" level="INFO">${allowed_titles} = ['Mr', 'Ms', 'Miss', 'Mrs', 'Madame', 'Monsieur']</msg>
<var>${allowed_titles}</var>
<arg>Mr</arg>
<arg>Ms</arg>
<arg>Miss</arg>
<arg>Mrs</arg>
<arg>Madame</arg>
<arg>Monsieur</arg>
<doc>Returns a list containing given items.</doc>
<status status="PASS" start="2024-05-16T15:14:42.218226" elapsed="0.000178"/>
</kw>
<kw name="List Should Contain Value" owner="Collections">
<msg time="2024-05-16T15:14:42.218894" level="INFO">False</msg>
<arg>${allowed_titles}</arg>
<arg>${name_title}</arg>
<doc>Fails if the ``value`` is not found from ``list``.</doc>
<status status="PASS" start="2024-05-16T15:14:42.218715" elapsed="0.000217"/>
</kw>
<kw name="Set Variable" owner="BuiltIn">
<msg time="2024-05-16T15:14:42.219616" level="INFO">${name_country} = ES</msg>
<var>${name_country}</var>
<arg>${json_data["results"][0]["nat"]}</arg>
<doc>Returns the given values which can then be assigned to a variables.</doc>
<status status="PASS" start="2024-05-16T15:14:42.219232" elapsed="0.000411"/>
</kw>
<kw name="Create List" owner="BuiltIn">
<msg time="2024-05-16T15:14:42.220587" level="INFO">${list_country} = ['AD', 'AE', 'AF', 'AG', 'AI', 'AL', 'AM', 'AO', 'AQ', 'AR', 'AS', 'AT', 'AU', 'AW', 'AX', 'AZ', 'BA', 'BB', 'BD', 'BE', 'BF', 'BG', 'BH', 'BI', 'BJ', 'BL', 'BM', 'BN', 'BO', 'BQ', 'BR', 'BS', 'BT', '...</msg>
<var>${list_country}</var>
<arg>AD</arg>
<arg>AE</arg>
<arg>AF</arg>
<arg>AG</arg>
<arg>AI</arg>
<arg>AL</arg>
<arg>AM</arg>
<arg>AO</arg>
<arg>AQ</arg>
<arg>AR</arg>
<arg>AS</arg>
<arg>AT</arg>
<arg>AU</arg>
<arg>AW</arg>
<arg>AX</arg>
<arg>AZ</arg>
<arg>BA</arg>
<arg>BB</arg>
<arg>BD</arg>
<arg>BE</arg>
<arg>BF</arg>
<arg>BG</arg>
<arg>BH</arg>
<arg>BI</arg>
<arg>BJ</arg>
<arg>BL</arg>
<arg>BM</arg>
<arg>BN</arg>
<arg>BO</arg>
<arg>BQ</arg>
<arg>BR</arg>
<arg>BS</arg>
<arg>BT</arg>
<arg>BV</arg>
<arg>BW</arg>
<arg>BY</arg>
<arg>BZ</arg>
<arg>CA</arg>
<arg>CC</arg>
<arg>CD</arg>
<arg>CF</arg>
<arg>CG</arg>
<arg>CH</arg>
<arg>CI</arg>
<arg>CK</arg>
<arg>CL</arg>
<arg>CM</arg>
<arg>CN</arg>
<arg>CO</arg>
<arg>CR</arg>
<arg>CU</arg>
<arg>CV</arg>
<arg>CW</arg>
<arg>CX</arg>
<arg>CY</arg>
<arg>CZ</arg>
<arg>DE</arg>
<arg>DJ</arg>
<arg>DK</arg>
<arg>DM</arg>
<arg>DO</arg>
<arg>DZ</arg>
<arg>EC</arg>
<arg>EE</arg>
<arg>EG</arg>
<arg>EH</arg>
<arg>ER</arg>
<arg>ES</arg>
<arg>ET</arg>
<arg>FI</arg>
<arg>FJ</arg>
<arg>FK</arg>
<arg>FM</arg>
<arg>FO</arg>
<arg>FR</arg>
<arg>GA</arg>
<arg>GB</arg>
<arg>GD</arg>
<arg>GE</arg>
<arg>GF</arg>
<arg>GG</arg>
<arg>GH</arg>
<arg>GI</arg>
<arg>GL</arg>
<arg>GM</arg>
<arg>GN</arg>
<arg>GP</arg>
<arg>GQ</arg>
<arg>GR</arg>
<arg>GS</arg>
<arg>GT</arg>
<arg>GU</arg>
<arg>GW</arg>
<arg>GY</arg>
<arg>HK</arg>
<arg>HM</arg>
<arg>HN</arg>
<arg>HR</arg>
<arg>HT</arg>
<arg>HU</arg>
<arg>ID</arg>
<arg>IE</arg>
<arg>IL</arg>
<arg>IM</arg>
<arg>IN</arg>
<arg>IO</arg>
<arg>IQ</arg>
<arg>IR</arg>
<arg>IS</arg>
<arg>IT</arg>
<arg>JE</arg>
<arg>JM</arg>
<arg>JO</arg>
<arg>JP</arg>
<arg>KE</arg>
<arg>KG</arg>
<arg>KH</arg>
<arg>KI</arg>
<arg>KM</arg>
<arg>KN</arg>
<arg>KP</arg>
<arg>KR</arg>
<arg>KW</arg>
<arg>KY</arg>
<arg>KZ</arg>
<arg>LA</arg>
<arg>LB</arg>
<arg>LC</arg>
<arg>LI</arg>
<arg>LK</arg>
<arg>LR</arg>
<arg>LS</arg>
<arg>LT</arg>
<arg>LU</arg>
<arg>LV</arg>
<arg>LY</arg>
<arg>MA</arg>
<arg>MC</arg>
<arg>MD</arg>
<arg>ME</arg>
<arg>MF</arg>
<arg>MG</arg>
<arg>MH</arg>
<arg>MK</arg>
<arg>ML</arg>
<arg>MM</arg>
<arg>MN</arg>
<arg>MO</arg>
<arg>MP</arg>
<arg>MQ</arg>
<arg>MR</arg>
<arg>MS</arg>
<arg>MT</arg>
<arg>MU</arg>
<arg>MV</arg>
<arg>MW</arg>
<arg>MX</arg>
<arg>MY</arg>
<arg>MZ</arg>
<arg>NA</arg>
<arg>NC</arg>
<arg>NE</arg>
<arg>NF</arg>
<arg>NG</arg>
<arg>NI</arg>
<arg>NL</arg>
<arg>NO</arg>
<arg>NP</arg>
<arg>NR</arg>
<arg>NU</arg>
<arg>NZ</arg>
<arg>OM</arg>
<arg>PA</arg>
<arg>PE</arg>
<arg>PF</arg>
<arg>PG</arg>
<arg>PH</arg>
<arg>PK</arg>
<arg>PL</arg>
<arg>PM</arg>
<arg>PN</arg>
<arg>PR</arg>
<arg>PS</arg>
<arg>PT</arg>
<arg>PW</arg>
<arg>PY</arg>
<arg>QA</arg>
<arg>RE</arg>
<arg>RO</arg>
<arg>RS</arg>
<arg>RU</arg>
<arg>RW</arg>
<arg>SA</arg>
<arg>SB</arg>
<arg>SC</arg>
<arg>SD</arg>
<arg>SE</arg>
<arg>SG</arg>
<arg>SH</arg>
<arg>SI</arg>
<arg>SJ</arg>
<arg>SK</arg>
<arg>SL</arg>
<arg>SM</arg>
<arg>SN</arg>
<arg>SO</arg>
<arg>SR</arg>
<arg>SS</arg>
<arg>ST</arg>
<arg>SV</arg>
<arg>SX</arg>
<arg>SY</arg>
<arg>SZ</arg>
<arg>TC</arg>
<arg>TD</arg>
<arg>TF</arg>
<arg>TG</arg>
<arg>TH</arg>
<arg>TJ</arg>
<arg>TK</arg>
<arg>TL</arg>
<arg>TM</arg>
<arg>TN</arg>
<arg>TO</arg>
<arg>TR</arg>
<arg>TT</arg>
<arg>TV</arg>
<arg>TW</arg>
<arg>TZ</arg>
<arg>UA</arg>
<arg>UG</arg>
<arg>UM</arg>
<arg>US</arg>
<arg>UY</arg>
<arg>UZ</arg>
<arg>VA</arg>
<arg>VC</arg>
<arg>VE</arg>
<arg>VG</arg>
<arg>VI</arg>
<arg>VN</arg>
<arg>VU</arg>
<arg>WF</arg>
<arg>WS</arg>
<arg>XK</arg>
<arg>YE</arg>
<arg>YT</arg>
<arg>ZA</arg>
<arg>ZM</arg>
<arg>ZW</arg>
<doc>Returns a list containing given items.</doc>
<status status="PASS" start="2024-05-16T15:14:42.219951" elapsed="0.000663"/>
</kw>
<kw name="List Should Contain Value" owner="Collections">
<msg time="2024-05-16T15:14:42.221613" level="INFO">False</msg>
<arg>${list_country}</arg>
<arg>${name_country}</arg>
<doc>Fails if the ``value`` is not found from ``list``.</doc>
<status status="PASS" start="2024-05-16T15:14:42.221412" elapsed="0.000238"/>
</kw>
<kw name="Run Keyword If" owner="BuiltIn">
<kw name="Should Be True" owner="BuiltIn">
<arg>${True}</arg>
<doc>Fails if the given condition is not true.</doc>
<status status="PASS" start="2024-05-16T15:14:42.222742" elapsed="0.000268"/>
</kw>
<arg>${json_data["results"][0]["location"]["coordinates"]["latitude"]} &gt;= -90 and ${json_data["results"][0]["location"]["coordinates"]["latitude"]} &lt;= 90</arg>
<arg>Should Be True</arg>
<arg>${True}</arg>
<doc>Runs the given keyword with the given arguments, if ``condition`` is true.</doc>
<status status="PASS" start="2024-05-16T15:14:42.221969" elapsed="0.001178"/>
</kw>
<kw name="Run Keyword If" owner="BuiltIn">
<kw name="Should Be True" owner="BuiltIn">
<arg>${True}</arg>
<doc>Fails if the given condition is not true.</doc>
<status status="PASS" start="2024-05-16T15:14:42.224036" elapsed="0.000140"/>
</kw>
<arg>${json_data["results"][0]["location"]["coordinates"]["longitude"]} &gt;= -180 and ${json_data["results"][0]["location"]["coordinates"]["longitude"]} &lt;= 180</arg>
<arg>Should Be True</arg>
<arg>${True}</arg>
<doc>Runs the given keyword with the given arguments, if ``condition`` is true.</doc>
<status status="PASS" start="2024-05-16T15:14:42.223337" elapsed="0.001014"/>
</kw>
<status status="PASS" start="2024-05-16T15:14:42.109474" elapsed="0.115016"/>
</kw>
<doc>Testa o conteúdo específico dos campos retornados pela API.</doc>
<tag>testeConteudo</tag>
<status status="PASS" start="2024-05-16T15:14:42.109015" elapsed="0.115633"/>
</test>
<status status="PASS" start="2024-05-16T15:14:41.401189" elapsed="0.825438"/>
</suite>
<status status="PASS" start="2024-05-16T15:14:41.387592" elapsed="0.844311"/>
</suite>
<statistics>
<total>
<stat pass="5" fail="0" skip="0">All Tests</stat>
</total>
<tag>
<stat pass="1" fail="0" skip="0">testeConteudo</stat>
<stat pass="1" fail="0" skip="0">testeEstruturaResposta</stat>
<stat pass="1" fail="0" skip="0">testeRequisicaoBasica</stat>
<stat pass="1" fail="0" skip="0">testeTiposDados</stat>
</tag>
<suite>
<stat pass="5" fail="0" skip="0" id="s1" name="Tests">Tests</stat>
<stat pass="5" fail="0" skip="0" id="s1-s1" name="Random-User-Test">Tests.Random-User-Test</stat>
</suite>
</statistics>
<errors>
</errors>
</robot>
