<?xml version="1.0" encoding="UTF-8"?>
<robot generator="Robot 7.0.1 (Python 3.12.3 on linux)" generated="2024-06-17T04:18:57.262716" rpa="false" schemaversion="5">
<suite id="s1" name="Tests" source="/home/runner/work/ApiRandomUser/ApiRandomUser/RamdonUser/tests">
<suite id="s1-s1" name="Random-User-Test" source="/home/runner/work/ApiRandomUser/ApiRandomUser/RamdonUser/tests/random-user-test.robot">
<test id="s1-s1-t1" name="Conectar" line="13">
<kw name="Conectar API" owner="random-user-service">
<kw name="Create Session" owner="RequestsLibrary">
<msg time="2024-06-17T04:18:57.680770" level="INFO">Creating Session using : alias=consultarAPI, url=https://randomuser.me/, headers={},                     cookies={}, auth=None, timeout=None, proxies=None, verify=False,                     debug=0 </msg>
<arg>consultarAPI</arg>
<arg>${URL}</arg>
<doc>Create Session: create a HTTP session to a server</doc>
<status status="PASS" start="2024-06-17T04:18:57.680555" elapsed="0.000432"/>
</kw>
<status status="PASS" start="2024-06-17T04:18:57.679434" elapsed="0.001944"/>
</kw>
<status status="PASS" start="2024-06-17T04:18:57.678826" elapsed="0.002776"/>
</test>
<test id="s1-s1-t2" name="Validar retorno 200 e JSON Válido" line="16">
<kw name="Teste de Requisicao Basica" owner="random-user-service">
<kw name="GET On Session" owner="RequestsLibrary">
<msg time="2024-06-17T04:18:57.908372" level="INFO">GET Request : url=https://randomuser.me/api 
 path_url=/api 
 headers={'User-Agent': 'python-requests/2.32.3', 'Accept-Encoding': 'gzip, deflate', 'Accept': '*/*', 'Connection': 'keep-alive'} 
 body=None 
 </msg>
<msg time="2024-06-17T04:18:57.908547" level="INFO">GET Response : url=https://randomuser.me/api 
 status=200, reason=OK 
 headers={'Date': 'Mon, 17 Jun 2024 04:18:57 GMT', 'Content-Type': 'application/json; charset=utf-8', 'Transfer-Encoding': 'chunked', 'Connection': 'keep-alive', 'X-Powered-By': 'Express', 'Access-Control-Allow-Origin': '*', 'Cache-Control': 'no-cache', 'ETag': 'W/"4b0-PGUv+UVnsOJZqMpZnjY0aV6uA8Y"', 'Vary': 'Accept-Encoding', 'Content-Encoding': 'gzip', 'CF-Cache-Status': 'DYNAMIC', 'Report-To': '{"endpoints":[{"url":"https:\\/\\/a.nel.cloudflare.com\\/report\\/v4?s=IS4td%2Fio4RO%2FnXpd32WdvCXavx%2F2VgshzJoJ3jU5tfnVnItncOGels2NR5Dr0cZSJTPM%2BbusqvS9en5IjcxOeZPpRunjozhgJY9eOlDrOxgnJ5UceGgMQ0uE8kLqdqvY"}],"group":"cf-nel","max_age":604800}', 'NEL': '{"success_fraction":0,"report_to":"cf-nel","max_age":604800}', 'Server': 'cloudflare', 'CF-RAY': '89503d17bb0e81c1-IAD', 'alt-svc': 'h3=":443"; ma=86400'} 
 body={"results":[{"gender":"female","name":{"title":"Mrs","first":"Vilma","last":"Raisanen"},"location":{"street":{"number":1105,"name":"Esplanadi"},"city":"Merikarvia","state":"Central Ostrobothnia","country":"Finland","postcode":77272,"coordinates":{"latitude":"-21.5411","longitude":"132.5001"},"timezone":{"offset":"-5:00","description":"Eastern Time (US &amp; Canada), Bogota, Lima"}},"email":"vilma.raisanen@example.com","login":{"uuid":"fb731181-b8b6-402f-b4c7-3a9dffd11921","username":"heavyelephant710","password":"scooby1","salt":"FQybj0Rs","md5":"f135848a94c767b886646a656a7c2a22","sha1":"95f7e879999885bd1be354e02935cd22b8e876bf","sha256":"1ee5183f0b271661a509fc71d160ea70a13ceb288866422247c091c616a60dcb"},"dob":{"date":"1978-01-11T00:11:24.699Z","age":46},"registered":{"date":"2018-12-09T20:15:18.593Z","age":5},"phone":"09-810-510","cell":"040-829-71-80","id":{"name":"HETU","value":"NaNNA962undefined"},"picture":{"large":"https://randomuser.me/api/portraits/women/96.jpg","medium":"https://randomuser.me/api/portraits/med/women/96.jpg","thumbnail":"https://randomuser.me/api/portraits/thumb/women/96.jpg"},"nat":"FI"}],"info":{"seed":"315dfababc90e334","results":1,"page":1,"version":"1.4"}} 
 </msg>
<msg time="2024-06-17T04:18:57.908644" level="INFO">/opt/hostedtoolcache/Python/3.12.3/x64/lib/python3.12/site-packages/urllib3/connectionpool.py:1103: InsecureRequestWarning: Unverified HTTPS request is being made to host 'randomuser.me'. Adding certificate verification is strongly advised. See: https://urllib3.readthedocs.io/en/latest/advanced-usage.html#tls-warnings
  warnings.warn(</msg>
<msg time="2024-06-17T04:18:57.908810" level="INFO">${response} = &lt;Response [200]&gt;</msg>
<var>${response}</var>
<arg>consultarAPI</arg>
<arg>/api</arg>
<doc>Sends a GET request on a previously created HTTP Session.</doc>
<status status="PASS" start="2024-06-17T04:18:57.684190" elapsed="0.224670"/>
</kw>
<kw name="Should Be Equal As Numbers" owner="BuiltIn">
<msg time="2024-06-17T04:18:57.910024" level="INFO">Argument types are:
&lt;class 'int'&gt;
&lt;class 'str'&gt;</msg>
<arg>${response.status_code}</arg>
<arg>200</arg>
<doc>Fails if objects are unequal after converting them to real numbers.</doc>
<status status="PASS" start="2024-06-17T04:18:57.909479" elapsed="0.000615"/>
</kw>
<kw name="Log" owner="BuiltIn">
<msg time="2024-06-17T04:18:57.910814" level="INFO">200</msg>
<arg>${response.status_code}</arg>
<doc>Logs the given message with the given level.</doc>
<status status="PASS" start="2024-06-17T04:18:57.910459" elapsed="0.000403"/>
</kw>
<kw name="Set Variable" owner="BuiltIn">
<msg time="2024-06-17T04:18:57.911609" level="INFO">${json_data} = {'results': [{'gender': 'female', 'name': {'title': 'Mrs', 'first': 'Vilma', 'last': 'Raisanen'}, 'location': {'street': {'number': 1105, 'name': 'Esplanadi'}, 'city': 'Merikarvia', 'state': 'Central ...</msg>
<var>${json_data}</var>
<arg>${response.json()}</arg>
<doc>Returns the given values which can then be assigned to a variables.</doc>
<status status="PASS" start="2024-06-17T04:18:57.911171" elapsed="0.000467"/>
</kw>
<kw name="Dictionary Should Contain Key" owner="Collections">
<arg>${json_data}</arg>
<arg>results</arg>
<doc>Fails if ``key`` is not found from ``dictionary``.</doc>
<status status="PASS" start="2024-06-17T04:18:57.911941" elapsed="0.000168"/>
</kw>
<status status="PASS" start="2024-06-17T04:18:57.683951" elapsed="0.228314"/>
</kw>
<doc>Testa se a API responde corretamente e retorna um objeto JSON válido.</doc>
<tag>testeRequisicaoBasica</tag>
<status status="PASS" start="2024-06-17T04:18:57.683497" elapsed="0.228955"/>
</test>
<test id="s1-s1-t3" name="Validar estrutura de resposta" line="22">
<kw name="Teste de Estrutura de Resposta" owner="random-user-service">
<kw name="GET On Session" owner="RequestsLibrary">
<msg time="2024-06-17T04:18:58.002802" level="INFO">GET Request : url=https://randomuser.me/api 
 path_url=/api 
 headers={'User-Agent': 'python-requests/2.32.3', 'Accept-Encoding': 'gzip, deflate', 'Accept': '*/*', 'Connection': 'keep-alive'} 
 body=None 
 </msg>
<msg time="2024-06-17T04:18:58.002919" level="INFO">GET Response : url=https://randomuser.me/api 
 status=200, reason=OK 
 headers={'Date': 'Mon, 17 Jun 2024 04:18:58 GMT', 'Content-Type': 'application/json; charset=utf-8', 'Transfer-Encoding': 'chunked', 'Connection': 'keep-alive', 'X-Powered-By': 'Express', 'Access-Control-Allow-Origin': '*', 'Cache-Control': 'no-cache', 'ETag': 'W/"46f-HmV2e0fWGtIA8fwOxAiU77kYhQg"', 'Vary': 'Accept-Encoding', 'Content-Encoding': 'gzip', 'CF-Cache-Status': 'DYNAMIC', 'Report-To': '{"endpoints":[{"url":"https:\\/\\/a.nel.cloudflare.com\\/report\\/v4?s=P7lR2GAWDCJgndcvVH5d7LxHuvtEhsrIFx2JAG6YPQlK5iWNnzPAPxhTkAAt7iNbR71d%2Fho18nnSMtI0yat96CUjR%2FZtuDL5h%2FDhAUKvpiZMxXIcTFAIw8mPlg9GMSK%2F"}],"group":"cf-nel","max_age":604800}', 'NEL': '{"success_fraction":0,"report_to":"cf-nel","max_age":604800}', 'Server': 'cloudflare', 'CF-RAY': '89503d17fb5a81c1-IAD', 'alt-svc': 'h3=":443"; ma=86400'} 
 body={"results":[{"gender":"male","name":{"title":"Mr","first":"George","last":"Walker"},"location":{"street":{"number":8437,"name":"Queenstown Road"},"city":"Whangarei","state":"Auckland","country":"New Zealand","postcode":10311,"coordinates":{"latitude":"47.6698","longitude":"-150.5422"},"timezone":{"offset":"+3:30","description":"Tehran"}},"email":"george.walker@example.com","login":{"uuid":"6c9dbf00-f3a2-4f1c-9452-31aeff33788e","username":"goldendog294","password":"darthvad","salt":"8oOi9gXL","md5":"4ee3677788a1ddeaa32b4d05439176c1","sha1":"07cae535b096d4a0ff7097b04565e593624ac20f","sha256":"b83ba9d698f9736dd492ab9537f6dac66b4c3d3dd2c8b006fb3277f73d9af980"},"dob":{"date":"1949-11-23T06:34:59.557Z","age":74},"registered":{"date":"2015-09-13T07:06:12.794Z","age":8},"phone":"(992)-145-5849","cell":"(196)-430-4237","id":{"name":"","value":null},"picture":{"large":"https://randomuser.me/api/portraits/men/89.jpg","medium":"https://randomuser.me/api/portraits/med/men/89.jpg","thumbnail":"https://randomuser.me/api/portraits/thumb/men/89.jpg"},"nat":"NZ"}],"info":{"seed":"7039403d27dbb4e7","results":1,"page":1,"version":"1.4"}} 
 </msg>
<msg time="2024-06-17T04:18:58.003102" level="INFO">/opt/hostedtoolcache/Python/3.12.3/x64/lib/python3.12/site-packages/urllib3/connectionpool.py:1103: InsecureRequestWarning: Unverified HTTPS request is being made to host 'randomuser.me'. Adding certificate verification is strongly advised. See: https://urllib3.readthedocs.io/en/latest/advanced-usage.html#tls-warnings
  warnings.warn(</msg>
<msg time="2024-06-17T04:18:58.003259" level="INFO">${response} = &lt;Response [200]&gt;</msg>
<var>${response}</var>
<arg>consultarAPI</arg>
<arg>/api</arg>
<doc>Sends a GET request on a previously created HTTP Session.</doc>
<status status="PASS" start="2024-06-17T04:18:57.915467" elapsed="0.087845"/>
</kw>
<kw name="Set Variable" owner="BuiltIn">
<msg time="2024-06-17T04:18:58.004427" level="INFO">${json_data} = {'results': [{'gender': 'male', 'name': {'title': 'Mr', 'first': 'George', 'last': 'Walker'}, 'location': {'street': {'number': 8437, 'name': 'Queenstown Road'}, 'city': 'Whangarei', 'state': 'Aucklan...</msg>
<var>${json_data}</var>
<arg>${response.json()}</arg>
<doc>Returns the given values which can then be assigned to a variables.</doc>
<status status="PASS" start="2024-06-17T04:18:58.003875" elapsed="0.000582"/>
</kw>
<kw name="Log" owner="BuiltIn">
<msg time="2024-06-17T04:18:58.004962" level="INFO">{'results': [{'gender': 'male', 'name': {'title': 'Mr', 'first': 'George', 'last': 'Walker'}, 'location': {'street': {'number': 8437, 'name': 'Queenstown Road'}, 'city': 'Whangarei', 'state': 'Auckland', 'country': 'New Zealand', 'postcode': 10311, 'coordinates': {'latitude': '47.6698', 'longitude': '-150.5422'}, 'timezone': {'offset': '+3:30', 'description': 'Tehran'}}, 'email': 'george.walker@example.com', 'login': {'uuid': '6c9dbf00-f3a2-4f1c-9452-31aeff33788e', 'username': 'goldendog294', 'password': 'darthvad', 'salt': '8oOi9gXL', 'md5': '4ee3677788a1ddeaa32b4d05439176c1', 'sha1': '07cae535b096d4a0ff7097b04565e593624ac20f', 'sha256': 'b83ba9d698f9736dd492ab9537f6dac66b4c3d3dd2c8b006fb3277f73d9af980'}, 'dob': {'date': '1949-11-23T06:34:59.557Z', 'age': 74}, 'registered': {'date': '2015-09-13T07:06:12.794Z', 'age': 8}, 'phone': '(992)-145-5849', 'cell': '(196)-430-4237', 'id': {'name': '', 'value': None}, 'picture': {'large': 'https://randomuser.me/api/portraits/men/89.jpg', 'medium': 'https://randomuser.me/api/portraits/med/men/89.jpg', 'thumbnail': 'https://randomuser.me/api/portraits/thumb/men/89.jpg'}, 'nat': 'NZ'}], 'info': {'seed': '7039403d27dbb4e7', 'results': 1, 'page': 1, 'version': '1.4'}}</msg>
<arg>${json_data}</arg>
<doc>Logs the given message with the given level.</doc>
<status status="PASS" start="2024-06-17T04:18:58.004793" elapsed="0.000219"/>
</kw>
<kw name="Dictionary Should Contain Key" owner="Collections">
<arg>${json_data}</arg>
<arg>results</arg>
<doc>Fails if ``key`` is not found from ``dictionary``.</doc>
<status status="PASS" start="2024-06-17T04:18:58.005317" elapsed="0.000198"/>
</kw>
<kw name="Should Not Be Empty" owner="BuiltIn">
<msg time="2024-06-17T04:18:58.005853" level="INFO">Length is 2.</msg>
<arg>${json_data}</arg>
<doc>Verifies that the given item is not empty.</doc>
<status status="PASS" start="2024-06-17T04:18:58.005720" elapsed="0.000172"/>
</kw>
<kw name="Create List" owner="BuiltIn">
<msg time="2024-06-17T04:18:58.006339" level="INFO">${expected_keys} = ['gender', 'name', 'location', 'email', 'login']</msg>
<var>${expected_keys}</var>
<arg>gender</arg>
<arg>name</arg>
<arg>location</arg>
<arg>email</arg>
<arg>login</arg>
<doc>Returns a list containing given items.</doc>
<status status="PASS" start="2024-06-17T04:18:58.006191" elapsed="0.000173"/>
</kw>
<for flavor="IN">
<iter>
<kw name="Dictionary Should Contain Key" owner="Collections">
<arg>${json_data['results'][0]}</arg>
<arg>${key}</arg>
<doc>Fails if ``key`` is not found from ``dictionary``.</doc>
<status status="PASS" start="2024-06-17T04:18:58.006975" elapsed="0.000424"/>
</kw>
<kw name="Log" owner="BuiltIn">
<msg time="2024-06-17T04:18:58.007961" level="INFO">{'gender': 'male', 'name': {'title': 'Mr', 'first': 'George', 'last': 'Walker'}, 'location': {'street': {'number': 8437, 'name': 'Queenstown Road'}, 'city': 'Whangarei', 'state': 'Auckland', 'country': 'New Zealand', 'postcode': 10311, 'coordinates': {'latitude': '47.6698', 'longitude': '-150.5422'}, 'timezone': {'offset': '+3:30', 'description': 'Tehran'}}, 'email': 'george.walker@example.com', 'login': {'uuid': '6c9dbf00-f3a2-4f1c-9452-31aeff33788e', 'username': 'goldendog294', 'password': 'darthvad', 'salt': '8oOi9gXL', 'md5': '4ee3677788a1ddeaa32b4d05439176c1', 'sha1': '07cae535b096d4a0ff7097b04565e593624ac20f', 'sha256': 'b83ba9d698f9736dd492ab9537f6dac66b4c3d3dd2c8b006fb3277f73d9af980'}, 'dob': {'date': '1949-11-23T06:34:59.557Z', 'age': 74}, 'registered': {'date': '2015-09-13T07:06:12.794Z', 'age': 8}, 'phone': '(992)-145-5849', 'cell': '(196)-430-4237', 'id': {'name': '', 'value': None}, 'picture': {'large': 'https://randomuser.me/api/portraits/men/89.jpg', 'medium': 'https://randomuser.me/api/portraits/med/men/89.jpg', 'thumbnail': 'https://randomuser.me/api/portraits/thumb/men/89.jpg'}, 'nat': 'NZ'}</msg>
<arg>${json_data['results'][0]}</arg>
<doc>Logs the given message with the given level.</doc>
<status status="PASS" start="2024-06-17T04:18:58.007596" elapsed="0.000417"/>
</kw>
<kw name="Log" owner="BuiltIn">
<msg time="2024-06-17T04:18:58.008449" level="INFO">gender</msg>
<arg>${key}</arg>
<doc>Logs the given message with the given level.</doc>
<status status="PASS" start="2024-06-17T04:18:58.008317" elapsed="0.000171"/>
</kw>
<var name="${key}">gender</var>
<status status="PASS" start="2024-06-17T04:18:58.006848" elapsed="0.001868"/>
</iter>
<iter>
<kw name="Dictionary Should Contain Key" owner="Collections">
<arg>${json_data['results'][0]}</arg>
<arg>${key}</arg>
<doc>Fails if ``key`` is not found from ``dictionary``.</doc>
<status status="PASS" start="2024-06-17T04:18:58.009024" elapsed="0.000388"/>
</kw>
<kw name="Log" owner="BuiltIn">
<msg time="2024-06-17T04:18:58.009986" level="INFO">{'gender': 'male', 'name': {'title': 'Mr', 'first': 'George', 'last': 'Walker'}, 'location': {'street': {'number': 8437, 'name': 'Queenstown Road'}, 'city': 'Whangarei', 'state': 'Auckland', 'country': 'New Zealand', 'postcode': 10311, 'coordinates': {'latitude': '47.6698', 'longitude': '-150.5422'}, 'timezone': {'offset': '+3:30', 'description': 'Tehran'}}, 'email': 'george.walker@example.com', 'login': {'uuid': '6c9dbf00-f3a2-4f1c-9452-31aeff33788e', 'username': 'goldendog294', 'password': 'darthvad', 'salt': '8oOi9gXL', 'md5': '4ee3677788a1ddeaa32b4d05439176c1', 'sha1': '07cae535b096d4a0ff7097b04565e593624ac20f', 'sha256': 'b83ba9d698f9736dd492ab9537f6dac66b4c3d3dd2c8b006fb3277f73d9af980'}, 'dob': {'date': '1949-11-23T06:34:59.557Z', 'age': 74}, 'registered': {'date': '2015-09-13T07:06:12.794Z', 'age': 8}, 'phone': '(992)-145-5849', 'cell': '(196)-430-4237', 'id': {'name': '', 'value': None}, 'picture': {'large': 'https://randomuser.me/api/portraits/men/89.jpg', 'medium': 'https://randomuser.me/api/portraits/med/men/89.jpg', 'thumbnail': 'https://randomuser.me/api/portraits/thumb/men/89.jpg'}, 'nat': 'NZ'}</msg>
<arg>${json_data['results'][0]}</arg>
<doc>Logs the given message with the given level.</doc>
<status status="PASS" start="2024-06-17T04:18:58.009635" elapsed="0.000435"/>
</kw>
<kw name="Log" owner="BuiltIn">
<msg time="2024-06-17T04:18:58.010511" level="INFO">name</msg>
<arg>${key}</arg>
<doc>Logs the given message with the given level.</doc>
<status status="PASS" start="2024-06-17T04:18:58.010375" elapsed="0.000176"/>
</kw>
<var name="${key}">name</var>
<status status="PASS" start="2024-06-17T04:18:58.008910" elapsed="0.001867"/>
</iter>
<iter>
<kw name="Dictionary Should Contain Key" owner="Collections">
<arg>${json_data['results'][0]}</arg>
<arg>${key}</arg>
<doc>Fails if ``key`` is not found from ``dictionary``.</doc>
<status status="PASS" start="2024-06-17T04:18:58.011072" elapsed="0.000380"/>
</kw>
<kw name="Log" owner="BuiltIn">
<msg time="2024-06-17T04:18:58.012005" level="INFO">{'gender': 'male', 'name': {'title': 'Mr', 'first': 'George', 'last': 'Walker'}, 'location': {'street': {'number': 8437, 'name': 'Queenstown Road'}, 'city': 'Whangarei', 'state': 'Auckland', 'country': 'New Zealand', 'postcode': 10311, 'coordinates': {'latitude': '47.6698', 'longitude': '-150.5422'}, 'timezone': {'offset': '+3:30', 'description': 'Tehran'}}, 'email': 'george.walker@example.com', 'login': {'uuid': '6c9dbf00-f3a2-4f1c-9452-31aeff33788e', 'username': 'goldendog294', 'password': 'darthvad', 'salt': '8oOi9gXL', 'md5': '4ee3677788a1ddeaa32b4d05439176c1', 'sha1': '07cae535b096d4a0ff7097b04565e593624ac20f', 'sha256': 'b83ba9d698f9736dd492ab9537f6dac66b4c3d3dd2c8b006fb3277f73d9af980'}, 'dob': {'date': '1949-11-23T06:34:59.557Z', 'age': 74}, 'registered': {'date': '2015-09-13T07:06:12.794Z', 'age': 8}, 'phone': '(992)-145-5849', 'cell': '(196)-430-4237', 'id': {'name': '', 'value': None}, 'picture': {'large': 'https://randomuser.me/api/portraits/men/89.jpg', 'medium': 'https://randomuser.me/api/portraits/med/men/89.jpg', 'thumbnail': 'https://randomuser.me/api/portraits/thumb/men/89.jpg'}, 'nat': 'NZ'}</msg>
<arg>${json_data['results'][0]}</arg>
<doc>Logs the given message with the given level.</doc>
<status status="PASS" start="2024-06-17T04:18:58.011651" elapsed="0.000403"/>
</kw>
<kw name="Log" owner="BuiltIn">
<msg time="2024-06-17T04:18:58.012481" level="INFO">location</msg>
<arg>${key}</arg>
<doc>Logs the given message with the given level.</doc>
<status status="PASS" start="2024-06-17T04:18:58.012354" elapsed="0.000165"/>
</kw>
<var name="${key}">location</var>
<status status="PASS" start="2024-06-17T04:18:58.010961" elapsed="0.001786"/>
</iter>
<iter>
<kw name="Dictionary Should Contain Key" owner="Collections">
<arg>${json_data['results'][0]}</arg>
<arg>${key}</arg>
<doc>Fails if ``key`` is not found from ``dictionary``.</doc>
<status status="PASS" start="2024-06-17T04:18:58.013032" elapsed="0.000379"/>
</kw>
<kw name="Log" owner="BuiltIn">
<msg time="2024-06-17T04:18:58.014019" level="INFO">{'gender': 'male', 'name': {'title': 'Mr', 'first': 'George', 'last': 'Walker'}, 'location': {'street': {'number': 8437, 'name': 'Queenstown Road'}, 'city': 'Whangarei', 'state': 'Auckland', 'country': 'New Zealand', 'postcode': 10311, 'coordinates': {'latitude': '47.6698', 'longitude': '-150.5422'}, 'timezone': {'offset': '+3:30', 'description': 'Tehran'}}, 'email': 'george.walker@example.com', 'login': {'uuid': '6c9dbf00-f3a2-4f1c-9452-31aeff33788e', 'username': 'goldendog294', 'password': 'darthvad', 'salt': '8oOi9gXL', 'md5': '4ee3677788a1ddeaa32b4d05439176c1', 'sha1': '07cae535b096d4a0ff7097b04565e593624ac20f', 'sha256': 'b83ba9d698f9736dd492ab9537f6dac66b4c3d3dd2c8b006fb3277f73d9af980'}, 'dob': {'date': '1949-11-23T06:34:59.557Z', 'age': 74}, 'registered': {'date': '2015-09-13T07:06:12.794Z', 'age': 8}, 'phone': '(992)-145-5849', 'cell': '(196)-430-4237', 'id': {'name': '', 'value': None}, 'picture': {'large': 'https://randomuser.me/api/portraits/men/89.jpg', 'medium': 'https://randomuser.me/api/portraits/med/men/89.jpg', 'thumbnail': 'https://randomuser.me/api/portraits/thumb/men/89.jpg'}, 'nat': 'NZ'}</msg>
<arg>${json_data['results'][0]}</arg>
<doc>Logs the given message with the given level.</doc>
<status status="PASS" start="2024-06-17T04:18:58.013658" elapsed="0.000408"/>
</kw>
<kw name="Log" owner="BuiltIn">
<msg time="2024-06-17T04:18:58.014496" level="INFO">email</msg>
<arg>${key}</arg>
<doc>Logs the given message with the given level.</doc>
<status status="PASS" start="2024-06-17T04:18:58.014368" elapsed="0.000167"/>
</kw>
<var name="${key}">email</var>
<status status="PASS" start="2024-06-17T04:18:58.012924" elapsed="0.001833"/>
</iter>
<iter>
<kw name="Dictionary Should Contain Key" owner="Collections">
<arg>${json_data['results'][0]}</arg>
<arg>${key}</arg>
<doc>Fails if ``key`` is not found from ``dictionary``.</doc>
<status status="PASS" start="2024-06-17T04:18:58.015038" elapsed="0.000379"/>
</kw>
<kw name="Log" owner="BuiltIn">
<msg time="2024-06-17T04:18:58.015949" level="INFO">{'gender': 'male', 'name': {'title': 'Mr', 'first': 'George', 'last': 'Walker'}, 'location': {'street': {'number': 8437, 'name': 'Queenstown Road'}, 'city': 'Whangarei', 'state': 'Auckland', 'country': 'New Zealand', 'postcode': 10311, 'coordinates': {'latitude': '47.6698', 'longitude': '-150.5422'}, 'timezone': {'offset': '+3:30', 'description': 'Tehran'}}, 'email': 'george.walker@example.com', 'login': {'uuid': '6c9dbf00-f3a2-4f1c-9452-31aeff33788e', 'username': 'goldendog294', 'password': 'darthvad', 'salt': '8oOi9gXL', 'md5': '4ee3677788a1ddeaa32b4d05439176c1', 'sha1': '07cae535b096d4a0ff7097b04565e593624ac20f', 'sha256': 'b83ba9d698f9736dd492ab9537f6dac66b4c3d3dd2c8b006fb3277f73d9af980'}, 'dob': {'date': '1949-11-23T06:34:59.557Z', 'age': 74}, 'registered': {'date': '2015-09-13T07:06:12.794Z', 'age': 8}, 'phone': '(992)-145-5849', 'cell': '(196)-430-4237', 'id': {'name': '', 'value': None}, 'picture': {'large': 'https://randomuser.me/api/portraits/men/89.jpg', 'medium': 'https://randomuser.me/api/portraits/med/men/89.jpg', 'thumbnail': 'https://randomuser.me/api/portraits/thumb/men/89.jpg'}, 'nat': 'NZ'}</msg>
<arg>${json_data['results'][0]}</arg>
<doc>Logs the given message with the given level.</doc>
<status status="PASS" start="2024-06-17T04:18:58.015604" elapsed="0.000403"/>
</kw>
<kw name="Log" owner="BuiltIn">
<msg time="2024-06-17T04:18:58.016561" level="INFO">login</msg>
<arg>${key}</arg>
<doc>Logs the given message with the given level.</doc>
<status status="PASS" start="2024-06-17T04:18:58.016302" elapsed="0.000297"/>
</kw>
<var name="${key}">login</var>
<status status="PASS" start="2024-06-17T04:18:58.014930" elapsed="0.001886"/>
</iter>
<var>${key}</var>
<value>@{expected_keys}</value>
<status status="PASS" start="2024-06-17T04:18:58.006644" elapsed="0.010296"/>
</for>
<kw name="Create List" owner="BuiltIn">
<msg time="2024-06-17T04:18:58.017274" level="INFO">${expected_keysTwo} = ['username', 'password']</msg>
<var>${expected_keysTwo}</var>
<arg>username</arg>
<arg>password</arg>
<doc>Returns a list containing given items.</doc>
<status status="PASS" start="2024-06-17T04:18:58.017139" elapsed="0.000159"/>
</kw>
<for flavor="IN">
<iter>
<kw name="Dictionary Should Contain Key" owner="Collections">
<arg>${json_data['results'][0]['login']}</arg>
<arg>${keyTwo}</arg>
<doc>Fails if ``key`` is not found from ``dictionary``.</doc>
<status status="PASS" start="2024-06-17T04:18:58.017863" elapsed="0.000385"/>
</kw>
<kw name="Dictionary Should Contain Key" owner="Collections">
<arg>${json_data['results'][0]['login']}</arg>
<arg>${keyTwo}</arg>
<doc>Fails if ``key`` is not found from ``dictionary``.</doc>
<status status="PASS" start="2024-06-17T04:18:58.018431" elapsed="0.000383"/>
</kw>
<kw name="Log" owner="BuiltIn">
<msg time="2024-06-17T04:18:58.019119" level="INFO">username</msg>
<arg>${keyTwo}</arg>
<doc>Logs the given message with the given level.</doc>
<status status="PASS" start="2024-06-17T04:18:58.018997" elapsed="0.000159"/>
</kw>
<var name="${keyTwo}">username</var>
<status status="PASS" start="2024-06-17T04:18:58.017755" elapsed="0.001630"/>
</iter>
<iter>
<kw name="Dictionary Should Contain Key" owner="Collections">
<arg>${json_data['results'][0]['login']}</arg>
<arg>${keyTwo}</arg>
<doc>Fails if ``key`` is not found from ``dictionary``.</doc>
<status status="PASS" start="2024-06-17T04:18:58.019674" elapsed="0.000374"/>
</kw>
<kw name="Dictionary Should Contain Key" owner="Collections">
<arg>${json_data['results'][0]['login']}</arg>
<arg>${keyTwo}</arg>
<doc>Fails if ``key`` is not found from ``dictionary``.</doc>
<status status="PASS" start="2024-06-17T04:18:58.020229" elapsed="0.000369"/>
</kw>
<kw name="Log" owner="BuiltIn">
<msg time="2024-06-17T04:18:58.020901" level="INFO">password</msg>
<arg>${keyTwo}</arg>
<doc>Logs the given message with the given level.</doc>
<status status="PASS" start="2024-06-17T04:18:58.020778" elapsed="0.000163"/>
</kw>
<var name="${keyTwo}">password</var>
<status status="PASS" start="2024-06-17T04:18:58.019566" elapsed="0.001620"/>
</iter>
<var>${keyTwo}</var>
<value>@{expected_keysTwo}</value>
<status status="PASS" start="2024-06-17T04:18:58.017593" elapsed="0.003722"/>
</for>
<status status="PASS" start="2024-06-17T04:18:57.915224" elapsed="0.106243"/>
</kw>
<doc>Testa a estrutura da resposta da API.</doc>
<tag>testeEstruturaResposta</tag>
<status status="PASS" start="2024-06-17T04:18:57.914407" elapsed="0.107264"/>
</test>
<test id="s1-s1-t4" name="Validar tipos de dados" line="28">
<kw name="Teste de Tipos de Dados" owner="random-user-service">
<kw name="GET On Session" owner="RequestsLibrary">
<msg time="2024-06-17T04:18:58.103994" level="INFO">GET Request : url=https://randomuser.me/api 
 path_url=/api 
 headers={'User-Agent': 'python-requests/2.32.3', 'Accept-Encoding': 'gzip, deflate', 'Accept': '*/*', 'Connection': 'keep-alive'} 
 body=None 
 </msg>
<msg time="2024-06-17T04:18:58.104110" level="INFO">GET Response : url=https://randomuser.me/api 
 status=200, reason=OK 
 headers={'Date': 'Mon, 17 Jun 2024 04:18:58 GMT', 'Content-Type': 'application/json; charset=utf-8', 'Transfer-Encoding': 'chunked', 'Connection': 'keep-alive', 'X-Powered-By': 'Express', 'Access-Control-Allow-Origin': '*', 'Cache-Control': 'no-cache', 'ETag': 'W/"484-+tgt/OgKLNUgaOw0TMEsVDwCfqA"', 'Vary': 'Accept-Encoding', 'Content-Encoding': 'gzip', 'CF-Cache-Status': 'DYNAMIC', 'Report-To': '{"endpoints":[{"url":"https:\\/\\/a.nel.cloudflare.com\\/report\\/v4?s=H%2FeuXzAvWrsqLeauWEAOaFhG21GCr2RhXhuY%2BM0%2B0Mtc4zu4UtRAjp3lmF%2Fbq0%2FrkR0VMsPwau4o%2FWYMRLSwmvFTl9stoYRoLKpuEJv0xtIvp1alQo1oLTpiGIFO3IWG"}],"group":"cf-nel","max_age":604800}', 'NEL': '{"success_fraction":0,"report_to":"cf-nel","max_age":604800}', 'Server': 'cloudflare', 'CF-RAY': '89503d18abfa81c1-IAD', 'alt-svc': 'h3=":443"; ma=86400'} 
 body={"results":[{"gender":"female","name":{"title":"Ms","first":"Asmaa","last":"Van Mill"},"location":{"street":{"number":3324,"name":"Jan van Den Boschstraat"},"city":"Camerig","state":"Zeeland","country":"Netherlands","postcode":"4316 XZ","coordinates":{"latitude":"33.7742","longitude":"34.0875"},"timezone":{"offset":"-9:00","description":"Alaska"}},"email":"asmaa.vanmill@example.com","login":{"uuid":"1db15d2d-d048-45cb-b94c-d9f8ede64132","username":"smallswan618","password":"dimas","salt":"aqHtXREJ","md5":"0f8c43a5994589dd9ef47709e750fc3d","sha1":"f54474cb6764318e866ae5fd18582396e57226b2","sha256":"bf53538904db02b0a5a952494ff80d9a10f4ae68d79b0cf304a4a92173a09583"},"dob":{"date":"1999-05-25T12:45:20.419Z","age":25},"registered":{"date":"2013-04-23T08:49:47.147Z","age":11},"phone":"(0282) 541249","cell":"(06) 50521240","id":{"name":"BSN","value":"40650480"},"picture":{"large":"https://randomuser.me/api/portraits/women/85.jpg","medium":"https://randomuser.me/api/portraits/med/women/85.jpg","thumbnail":"https://randomuser.me/api/portraits/thumb/women/85.jpg"},"nat":"NL"}],"info":{"seed":"e3f252677beecdbe","results":1,"page":1,"version":"1.4"}} 
 </msg>
<msg time="2024-06-17T04:18:58.104199" level="INFO">/opt/hostedtoolcache/Python/3.12.3/x64/lib/python3.12/site-packages/urllib3/connectionpool.py:1103: InsecureRequestWarning: Unverified HTTPS request is being made to host 'randomuser.me'. Adding certificate verification is strongly advised. See: https://urllib3.readthedocs.io/en/latest/advanced-usage.html#tls-warnings
  warnings.warn(</msg>
<msg time="2024-06-17T04:18:58.104353" level="INFO">${response} = &lt;Response [200]&gt;</msg>
<var>${response}</var>
<arg>consultarAPI</arg>
<arg>/api</arg>
<doc>Sends a GET request on a previously created HTTP Session.</doc>
<status status="PASS" start="2024-06-17T04:18:58.024412" elapsed="0.079990"/>
</kw>
<kw name="Set Variable" owner="BuiltIn">
<msg time="2024-06-17T04:18:58.105789" level="INFO">${json_data} = {'results': [{'gender': 'female', 'name': {'title': 'Ms', 'first': 'Asmaa', 'last': 'Van Mill'}, 'location': {'street': {'number': 3324, 'name': 'Jan van Den Boschstraat'}, 'city': 'Camerig', 'state':...</msg>
<var>${json_data}</var>
<arg>${response.json()}</arg>
<doc>Returns the given values which can then be assigned to a variables.</doc>
<status status="PASS" start="2024-06-17T04:18:58.105127" elapsed="0.000692"/>
</kw>
<kw name="Log" owner="BuiltIn">
<msg time="2024-06-17T04:18:58.106301" level="INFO">{'results': [{'gender': 'female', 'name': {'title': 'Ms', 'first': 'Asmaa', 'last': 'Van Mill'}, 'location': {'street': {'number': 3324, 'name': 'Jan van Den Boschstraat'}, 'city': 'Camerig', 'state': 'Zeeland', 'country': 'Netherlands', 'postcode': '4316 XZ', 'coordinates': {'latitude': '33.7742', 'longitude': '34.0875'}, 'timezone': {'offset': '-9:00', 'description': 'Alaska'}}, 'email': 'asmaa.vanmill@example.com', 'login': {'uuid': '1db15d2d-d048-45cb-b94c-d9f8ede64132', 'username': 'smallswan618', 'password': 'dimas', 'salt': 'aqHtXREJ', 'md5': '0f8c43a5994589dd9ef47709e750fc3d', 'sha1': 'f54474cb6764318e866ae5fd18582396e57226b2', 'sha256': 'bf53538904db02b0a5a952494ff80d9a10f4ae68d79b0cf304a4a92173a09583'}, 'dob': {'date': '1999-05-25T12:45:20.419Z', 'age': 25}, 'registered': {'date': '2013-04-23T08:49:47.147Z', 'age': 11}, 'phone': '(0282) 541249', 'cell': '(06) 50521240', 'id': {'name': 'BSN', 'value': '40650480'}, 'picture': {'large': 'https://randomuser.me/api/portraits/women/85.jpg', 'medium': 'https://randomuser.me/api/portraits/med/women/85.jpg', 'thumbnail': 'https://randomuser.me/api/portraits/thumb/women/85.jpg'}, 'nat': 'NL'}], 'info': {'seed': 'e3f252677beecdbe', 'results': 1, 'page': 1, 'version': '1.4'}}</msg>
<arg>${json_data}</arg>
<doc>Logs the given message with the given level.</doc>
<status status="PASS" start="2024-06-17T04:18:58.106141" elapsed="0.000207"/>
</kw>
<kw name="Should Be String" owner="String">
<arg>${json_data['results'][0]['gender']}</arg>
<doc>Fails if the given ``item`` is not a string.</doc>
<status status="PASS" start="2024-06-17T04:18:58.106644" elapsed="0.000372"/>
</kw>
<kw name="Should Match Regexp" owner="BuiltIn">
<arg>${json_data['results'][0]['email']}</arg>
<arg>^[a-zA-Z0-9._%+-]+@[a-zA-Z0-9.-]+\.[a-zA-Z]{2,}$</arg>
<doc>Fails if ``string`` does not match ``pattern`` as a regular expression.</doc>
<status status="PASS" start="2024-06-17T04:18:58.107204" elapsed="0.000512"/>
</kw>
<kw name="Should Match Regexp" owner="BuiltIn">
<arg>${json_data['results'][0]['dob']['date']}</arg>
<arg>\\d{4}-\\d{2}-\\d{2}T\\d{2}:\\d{2}:\\d{2}\\.\\d{3}Z</arg>
<doc>Fails if ``string`` does not match ``pattern`` as a regular expression.</doc>
<status status="PASS" start="2024-06-17T04:18:58.107947" elapsed="0.000495"/>
</kw>
<kw name="Should Match Regexp" owner="BuiltIn">
<arg>${json_data['results'][0]['registered']['date']}</arg>
<arg>\\d{4}-\\d{2}-\\d{2}T\\d{2}:\\d{2}:\\d{2}\\.\\d{3}Z</arg>
<doc>Fails if ``string`` does not match ``pattern`` as a regular expression.</doc>
<status status="PASS" start="2024-06-17T04:18:58.108633" elapsed="0.000363"/>
</kw>
<kw name="Should Match Regexp" owner="BuiltIn">
<arg>${json_data['results'][0]['picture']['large']}</arg>
<arg>^https?://.*\.(?:png|jpe?g|gif|bmp)$</arg>
<doc>Fails if ``string`` does not match ``pattern`` as a regular expression.</doc>
<status status="PASS" start="2024-06-17T04:18:58.109180" elapsed="0.000521"/>
</kw>
<kw name="Should Match Regexp" owner="BuiltIn">
<arg>${json_data['results'][0]['picture']['medium']}</arg>
<arg>^https?://.*\.(?:png|jpe?g|gif|bmp)$</arg>
<doc>Fails if ``string`` does not match ``pattern`` as a regular expression.</doc>
<status status="PASS" start="2024-06-17T04:18:58.109907" elapsed="0.000361"/>
</kw>
<kw name="Should Match Regexp" owner="BuiltIn">
<arg>${json_data['results'][0]['picture']['thumbnail']}</arg>
<arg>^https?://.*\.(?:png|jpe?g|gif|bmp)$</arg>
<doc>Fails if ``string`` does not match ``pattern`` as a regular expression.</doc>
<status status="PASS" start="2024-06-17T04:18:58.110461" elapsed="0.000348"/>
</kw>
<kw name="Log" owner="BuiltIn">
<msg time="2024-06-17T04:18:58.111319" level="INFO">{'large': 'https://randomuser.me/api/portraits/women/85.jpg', 'medium': 'https://randomuser.me/api/portraits/med/women/85.jpg', 'thumbnail': 'https://randomuser.me/api/portraits/thumb/women/85.jpg'}</msg>
<arg>${json_data['results'][0]['picture']}</arg>
<doc>Logs the given message with the given level.</doc>
<status status="PASS" start="2024-06-17T04:18:58.110992" elapsed="0.000370"/>
</kw>
<status status="PASS" start="2024-06-17T04:18:58.024136" elapsed="0.087498"/>
</kw>
<kw name="Teste de Tipos de Dados - Postcode" owner="random-user-service">
<kw name="GET On Session" owner="RequestsLibrary">
<msg time="2024-06-17T04:18:58.201968" level="INFO">GET Request : url=https://randomuser.me/api 
 path_url=/api 
 headers={'User-Agent': 'python-requests/2.32.3', 'Accept-Encoding': 'gzip, deflate', 'Accept': '*/*', 'Connection': 'keep-alive'} 
 body=None 
 </msg>
<msg time="2024-06-17T04:18:58.202076" level="INFO">GET Response : url=https://randomuser.me/api 
 status=200, reason=OK 
 headers={'Date': 'Mon, 17 Jun 2024 04:18:58 GMT', 'Content-Type': 'application/json; charset=utf-8', 'Transfer-Encoding': 'chunked', 'Connection': 'keep-alive', 'X-Powered-By': 'Express', 'Access-Control-Allow-Origin': '*', 'Cache-Control': 'no-cache', 'ETag': 'W/"47d-AOaqzbyX546koxDyKeq8fNo5v8Q"', 'Vary': 'Accept-Encoding', 'Content-Encoding': 'gzip', 'CF-Cache-Status': 'DYNAMIC', 'Report-To': '{"endpoints":[{"url":"https:\\/\\/a.nel.cloudflare.com\\/report\\/v4?s=ZNdS9G%2BDQEmsmwHBBmo9vGLA4b0Gwecrm3sBzMkEoAAHuJ4ULZxAxt2BJy%2BTGaJyav%2B%2Fo8NSdDuT70pT20NU02uwImmGxF6R6WKAsLlrU%2BY4r4F%2BsolrUpcDE5h9XveX"}],"group":"cf-nel","max_age":604800}', 'NEL': '{"success_fraction":0,"report_to":"cf-nel","max_age":604800}', 'Server': 'cloudflare', 'CF-RAY': '89503d193c8381c1-IAD', 'alt-svc': 'h3=":443"; ma=86400'} 
 body={"results":[{"gender":"male","name":{"title":"Mr","first":"Shaurya","last":"Gupta"},"location":{"street":{"number":280,"name":"Shivajinagar"},"city":"Ahmednagar","state":"Haryana","country":"India","postcode":63046,"coordinates":{"latitude":"9.4457","longitude":"-52.5016"},"timezone":{"offset":"+7:00","description":"Bangkok, Hanoi, Jakarta"}},"email":"shaurya.gupta@example.com","login":{"uuid":"d5c0e059-c3c7-4ec1-87fc-4fa499d99d99","username":"yellowrabbit353","password":"jabroni","salt":"WpWC4Uea","md5":"efaff18b6a5a2d5f6ad3a1caa496205c","sha1":"cc9f0714f3ddf7e956518fd5a296664cf39b9c45","sha256":"212fcefe8c58bf1ac7d6e94f3ea5e203bf75370d4e49f9642ec0c22fd79149ce"},"dob":{"date":"2000-11-26T04:19:32.420Z","age":23},"registered":{"date":"2016-02-01T06:08:35.470Z","age":8},"phone":"8585585688","cell":"7338241209","id":{"name":"UIDAI","value":"393582349793"},"picture":{"large":"https://randomuser.me/api/portraits/men/25.jpg","medium":"https://randomuser.me/api/portraits/med/men/25.jpg","thumbnail":"https://randomuser.me/api/portraits/thumb/men/25.jpg"},"nat":"IN"}],"info":{"seed":"bbe621136c0e0530","results":1,"page":1,"version":"1.4"}} 
 </msg>
<msg time="2024-06-17T04:18:58.202176" level="INFO">/opt/hostedtoolcache/Python/3.12.3/x64/lib/python3.12/site-packages/urllib3/connectionpool.py:1103: InsecureRequestWarning: Unverified HTTPS request is being made to host 'randomuser.me'. Adding certificate verification is strongly advised. See: https://urllib3.readthedocs.io/en/latest/advanced-usage.html#tls-warnings
  warnings.warn(</msg>
<msg time="2024-06-17T04:18:58.202307" level="INFO">${response} = &lt;Response [200]&gt;</msg>
<var>${response}</var>
<arg>consultarAPI</arg>
<arg>/api</arg>
<doc>Sends a GET request on a previously created HTTP Session.</doc>
<status status="PASS" start="2024-06-17T04:18:58.112120" elapsed="0.090227"/>
</kw>
<kw name="Set Variable" owner="BuiltIn">
<msg time="2024-06-17T04:18:58.203650" level="INFO">${json_data} = {'results': [{'gender': 'male', 'name': {'title': 'Mr', 'first': 'Shaurya', 'last': 'Gupta'}, 'location': {'street': {'number': 280, 'name': 'Shivajinagar'}, 'city': 'Ahmednagar', 'state': 'Haryana', ...</msg>
<var>${json_data}</var>
<arg>${response.json()}</arg>
<doc>Returns the given values which can then be assigned to a variables.</doc>
<status status="PASS" start="2024-06-17T04:18:58.203050" elapsed="0.000629"/>
</kw>
<kw name="Log" owner="BuiltIn">
<msg time="2024-06-17T04:18:58.204167" level="INFO">{'results': [{'gender': 'male', 'name': {'title': 'Mr', 'first': 'Shaurya', 'last': 'Gupta'}, 'location': {'street': {'number': 280, 'name': 'Shivajinagar'}, 'city': 'Ahmednagar', 'state': 'Haryana', 'country': 'India', 'postcode': 63046, 'coordinates': {'latitude': '9.4457', 'longitude': '-52.5016'}, 'timezone': {'offset': '+7:00', 'description': 'Bangkok, Hanoi, Jakarta'}}, 'email': 'shaurya.gupta@example.com', 'login': {'uuid': 'd5c0e059-c3c7-4ec1-87fc-4fa499d99d99', 'username': 'yellowrabbit353', 'password': 'jabroni', 'salt': 'WpWC4Uea', 'md5': 'efaff18b6a5a2d5f6ad3a1caa496205c', 'sha1': 'cc9f0714f3ddf7e956518fd5a296664cf39b9c45', 'sha256': '212fcefe8c58bf1ac7d6e94f3ea5e203bf75370d4e49f9642ec0c22fd79149ce'}, 'dob': {'date': '2000-11-26T04:19:32.420Z', 'age': 23}, 'registered': {'date': '2016-02-01T06:08:35.470Z', 'age': 8}, 'phone': '8585585688', 'cell': '7338241209', 'id': {'name': 'UIDAI', 'value': '393582349793'}, 'picture': {'large': 'https://randomuser.me/api/portraits/men/25.jpg', 'medium': 'https://randomuser.me/api/portraits/med/men/25.jpg', 'thumbnail': 'https://randomuser.me/api/portraits/thumb/men/25.jpg'}, 'nat': 'IN'}], 'info': {'seed': 'bbe621136c0e0530', 'results': 1, 'page': 1, 'version': '1.4'}}</msg>
<arg>${json_data}</arg>
<doc>Logs the given message with the given level.</doc>
<status status="PASS" start="2024-06-17T04:18:58.204007" elapsed="0.000208"/>
</kw>
<kw name="Should Be Equal As Numbers" owner="BuiltIn">
<arg>${json_data['results'][0]['location']['postcode']}</arg>
<arg>${json_data['results'][0]['location']['postcode']}</arg>
<doc>Fails if objects are unequal after converting them to real numbers.</doc>
<status status="PASS" start="2024-06-17T04:18:58.204514" elapsed="0.000627"/>
</kw>
<kw name="Log" owner="BuiltIn">
<msg time="2024-06-17T04:18:58.205716" level="INFO">63046</msg>
<arg>${json_data['results'][0]['location']['postcode']}</arg>
<doc>Logs the given message with the given level.</doc>
<status status="PASS" start="2024-06-17T04:18:58.205331" elapsed="0.000427"/>
</kw>
<status status="PASS" start="2024-06-17T04:18:58.111871" elapsed="0.094155"/>
</kw>
<doc>Testa se os tipos de dados na resposta da API estão corretos.</doc>
<tag>testeTiposDados</tag>
<status status="PASS" start="2024-06-17T04:18:58.023543" elapsed="0.182697"/>
</test>
<test id="s1-s1-t5" name="Validar conteudo" line="35">
<kw name="Teste de Tipos de Conteudo" owner="random-user-service">
<kw name="GET On Session" owner="RequestsLibrary">
<msg time="2024-06-17T04:18:58.307527" level="INFO">GET Request : url=https://randomuser.me/api 
 path_url=/api 
 headers={'User-Agent': 'python-requests/2.32.3', 'Accept-Encoding': 'gzip, deflate', 'Accept': '*/*', 'Connection': 'keep-alive'} 
 body=None 
 </msg>
<msg time="2024-06-17T04:18:58.307655" level="INFO">GET Response : url=https://randomuser.me/api 
 status=200, reason=OK 
 headers={'Date': 'Mon, 17 Jun 2024 04:18:58 GMT', 'Content-Type': 'application/json; charset=utf-8', 'Transfer-Encoding': 'chunked', 'Connection': 'keep-alive', 'X-Powered-By': 'Express', 'Access-Control-Allow-Origin': '*', 'Cache-Control': 'no-cache', 'ETag': 'W/"48b-q/QsCG0aWoA7f1uNhGQB6EeM/mY"', 'Vary': 'Accept-Encoding', 'Content-Encoding': 'gzip', 'CF-Cache-Status': 'DYNAMIC', 'Report-To': '{"endpoints":[{"url":"https:\\/\\/a.nel.cloudflare.com\\/report\\/v4?s=eRmSCoxfUxdciPi9j%2BVJsJizGVjYe4oxReUIYxgKDhVkyjhcMOf949rHD2RcuN3Sk0dGidQr%2FeDqmSp3AUTa9%2B2C9THZQSZCp6K5uS99a%2F4oE%2Bzr5m9HPJPaUCmNpv8T"}],"group":"cf-nel","max_age":604800}', 'NEL': '{"success_fraction":0,"report_to":"cf-nel","max_age":604800}', 'Server': 'cloudflare', 'CF-RAY': '89503d19dd0e81c1-IAD', 'alt-svc': 'h3=":443"; ma=86400'} 
 body={"results":[{"gender":"male","name":{"title":"Mr","first":"August","last":"Thomsen"},"location":{"street":{"number":606,"name":"Digevej"},"city":"Agerbæk","state":"Hovedstaden","country":"Denmark","postcode":70821,"coordinates":{"latitude":"-40.7468","longitude":"-88.0523"},"timezone":{"offset":"+9:00","description":"Tokyo, Seoul, Osaka, Sapporo, Yakutsk"}},"email":"august.thomsen@example.com","login":{"uuid":"1fd0203a-2cac-4846-bb1c-2db5528aa090","username":"beautifulpeacock265","password":"pickles","salt":"jUNVFryB","md5":"e8f33b353cf7e3b071991fb28e637a8e","sha1":"64ddba9e98ce205c8c11e0d77f205345d7b0a734","sha256":"0ed65126c490d6ac9b4409af88fec4adfc5d4ee2cb73441d4cfb0d127cdcc034"},"dob":{"date":"1994-01-07T06:17:37.649Z","age":30},"registered":{"date":"2016-08-06T20:59:37.198Z","age":7},"phone":"31566050","cell":"11877180","id":{"name":"CPR","value":"070194-0272"},"picture":{"large":"https://randomuser.me/api/portraits/men/32.jpg","medium":"https://randomuser.me/api/portraits/med/men/32.jpg","thumbnail":"https://randomuser.me/api/portraits/thumb/men/32.jpg"},"nat":"DK"}],"info":{"seed":"e0e2c2be612038ff","results":1,"page":1,"version":"1.4"}} 
 </msg>
<msg time="2024-06-17T04:18:58.307750" level="INFO">/opt/hostedtoolcache/Python/3.12.3/x64/lib/python3.12/site-packages/urllib3/connectionpool.py:1103: InsecureRequestWarning: Unverified HTTPS request is being made to host 'randomuser.me'. Adding certificate verification is strongly advised. See: https://urllib3.readthedocs.io/en/latest/advanced-usage.html#tls-warnings
  warnings.warn(</msg>
<msg time="2024-06-17T04:18:58.307902" level="INFO">${response} = &lt;Response [200]&gt;</msg>
<var>${response}</var>
<arg>consultarAPI</arg>
<arg>/api</arg>
<doc>Sends a GET request on a previously created HTTP Session.</doc>
<status status="PASS" start="2024-06-17T04:18:58.208859" elapsed="0.099081"/>
</kw>
<kw name="Set Variable" owner="BuiltIn">
<msg time="2024-06-17T04:18:58.309404" level="INFO">${json_data} = {'results': [{'gender': 'male', 'name': {'title': 'Mr', 'first': 'August', 'last': 'Thomsen'}, 'location': {'street': {'number': 606, 'name': 'Digevej'}, 'city': 'Agerbæk', 'state': 'Hovedstaden', 'co...</msg>
<var>${json_data}</var>
<arg>${response.json()}</arg>
<doc>Returns the given values which can then be assigned to a variables.</doc>
<status status="PASS" start="2024-06-17T04:18:58.308704" elapsed="0.000730"/>
</kw>
<kw name="Set Variable" owner="BuiltIn">
<msg time="2024-06-17T04:18:58.310199" level="INFO">${name_title} = Mr</msg>
<var>${name_title}</var>
<arg>${json_data["results"][0]["name"]["title"]}</arg>
<doc>Returns the given values which can then be assigned to a variables.</doc>
<status status="PASS" start="2024-06-17T04:18:58.309806" elapsed="0.000418"/>
</kw>
<kw name="Create List" owner="BuiltIn">
<msg time="2024-06-17T04:18:58.310682" level="INFO">${allowed_titles} = ['Mr', 'Ms', 'Miss', 'Mrs', 'Madame', 'Monsieur']</msg>
<var>${allowed_titles}</var>
<arg>Mr</arg>
<arg>Ms</arg>
<arg>Miss</arg>
<arg>Mrs</arg>
<arg>Madame</arg>
<arg>Monsieur</arg>
<doc>Returns a list containing given items.</doc>
<status status="PASS" start="2024-06-17T04:18:58.310532" elapsed="0.000175"/>
</kw>
<kw name="List Should Contain Value" owner="Collections">
<arg>${allowed_titles}</arg>
<arg>${name_title}</arg>
<doc>Fails if the ``value`` is not found from ``list``.</doc>
<status status="PASS" start="2024-06-17T04:18:58.311007" elapsed="0.000177"/>
</kw>
<kw name="Set Variable" owner="BuiltIn">
<msg time="2024-06-17T04:18:58.311731" level="INFO">${name_country} = DK</msg>
<var>${name_country}</var>
<arg>${json_data["results"][0]["nat"]}</arg>
<doc>Returns the given values which can then be assigned to a variables.</doc>
<status status="PASS" start="2024-06-17T04:18:58.311366" elapsed="0.000389"/>
</kw>
<kw name="Create List" owner="BuiltIn">
<msg time="2024-06-17T04:18:58.312647" level="INFO">${list_country} = ['AD', 'AE', 'AF', 'AG', 'AI', 'AL', 'AM', 'AO', 'AQ', 'AR', 'AS', 'AT', 'AU', 'AW', 'AX', 'AZ', 'BA', 'BB', 'BD', 'BE', 'BF', 'BG', 'BH', 'BI', 'BJ', 'BL', 'BM', 'BN', 'BO', 'BQ', 'BR', 'BS', 'BT', '...</msg>
<var>${list_country}</var>
<arg>AD</arg>
<arg>AE</arg>
<arg>AF</arg>
<arg>AG</arg>
<arg>AI</arg>
<arg>AL</arg>
<arg>AM</arg>
<arg>AO</arg>
<arg>AQ</arg>
<arg>AR</arg>
<arg>AS</arg>
<arg>AT</arg>
<arg>AU</arg>
<arg>AW</arg>
<arg>AX</arg>
<arg>AZ</arg>
<arg>BA</arg>
<arg>BB</arg>
<arg>BD</arg>
<arg>BE</arg>
<arg>BF</arg>
<arg>BG</arg>
<arg>BH</arg>
<arg>BI</arg>
<arg>BJ</arg>
<arg>BL</arg>
<arg>BM</arg>
<arg>BN</arg>
<arg>BO</arg>
<arg>BQ</arg>
<arg>BR</arg>
<arg>BS</arg>
<arg>BT</arg>
<arg>BV</arg>
<arg>BW</arg>
<arg>BY</arg>
<arg>BZ</arg>
<arg>CA</arg>
<arg>CC</arg>
<arg>CD</arg>
<arg>CF</arg>
<arg>CG</arg>
<arg>CH</arg>
<arg>CI</arg>
<arg>CK</arg>
<arg>CL</arg>
<arg>CM</arg>
<arg>CN</arg>
<arg>CO</arg>
<arg>CR</arg>
<arg>CU</arg>
<arg>CV</arg>
<arg>CW</arg>
<arg>CX</arg>
<arg>CY</arg>
<arg>CZ</arg>
<arg>DE</arg>
<arg>DJ</arg>
<arg>DK</arg>
<arg>DM</arg>
<arg>DO</arg>
<arg>DZ</arg>
<arg>EC</arg>
<arg>EE</arg>
<arg>EG</arg>
<arg>EH</arg>
<arg>ER</arg>
<arg>ES</arg>
<arg>ET</arg>
<arg>FI</arg>
<arg>FJ</arg>
<arg>FK</arg>
<arg>FM</arg>
<arg>FO</arg>
<arg>FR</arg>
<arg>GA</arg>
<arg>GB</arg>
<arg>GD</arg>
<arg>GE</arg>
<arg>GF</arg>
<arg>GG</arg>
<arg>GH</arg>
<arg>GI</arg>
<arg>GL</arg>
<arg>GM</arg>
<arg>GN</arg>
<arg>GP</arg>
<arg>GQ</arg>
<arg>GR</arg>
<arg>GS</arg>
<arg>GT</arg>
<arg>GU</arg>
<arg>GW</arg>
<arg>GY</arg>
<arg>HK</arg>
<arg>HM</arg>
<arg>HN</arg>
<arg>HR</arg>
<arg>HT</arg>
<arg>HU</arg>
<arg>ID</arg>
<arg>IE</arg>
<arg>IL</arg>
<arg>IM</arg>
<arg>IN</arg>
<arg>IO</arg>
<arg>IQ</arg>
<arg>IR</arg>
<arg>IS</arg>
<arg>IT</arg>
<arg>JE</arg>
<arg>JM</arg>
<arg>JO</arg>
<arg>JP</arg>
<arg>KE</arg>
<arg>KG</arg>
<arg>KH</arg>
<arg>KI</arg>
<arg>KM</arg>
<arg>KN</arg>
<arg>KP</arg>
<arg>KR</arg>
<arg>KW</arg>
<arg>KY</arg>
<arg>KZ</arg>
<arg>LA</arg>
<arg>LB</arg>
<arg>LC</arg>
<arg>LI</arg>
<arg>LK</arg>
<arg>LR</arg>
<arg>LS</arg>
<arg>LT</arg>
<arg>LU</arg>
<arg>LV</arg>
<arg>LY</arg>
<arg>MA</arg>
<arg>MC</arg>
<arg>MD</arg>
<arg>ME</arg>
<arg>MF</arg>
<arg>MG</arg>
<arg>MH</arg>
<arg>MK</arg>
<arg>ML</arg>
<arg>MM</arg>
<arg>MN</arg>
<arg>MO</arg>
<arg>MP</arg>
<arg>MQ</arg>
<arg>MR</arg>
<arg>MS</arg>
<arg>MT</arg>
<arg>MU</arg>
<arg>MV</arg>
<arg>MW</arg>
<arg>MX</arg>
<arg>MY</arg>
<arg>MZ</arg>
<arg>NA</arg>
<arg>NC</arg>
<arg>NE</arg>
<arg>NF</arg>
<arg>NG</arg>
<arg>NI</arg>
<arg>NL</arg>
<arg>NO</arg>
<arg>NP</arg>
<arg>NR</arg>
<arg>NU</arg>
<arg>NZ</arg>
<arg>OM</arg>
<arg>PA</arg>
<arg>PE</arg>
<arg>PF</arg>
<arg>PG</arg>
<arg>PH</arg>
<arg>PK</arg>
<arg>PL</arg>
<arg>PM</arg>
<arg>PN</arg>
<arg>PR</arg>
<arg>PS</arg>
<arg>PT</arg>
<arg>PW</arg>
<arg>PY</arg>
<arg>QA</arg>
<arg>RE</arg>
<arg>RO</arg>
<arg>RS</arg>
<arg>RU</arg>
<arg>RW</arg>
<arg>SA</arg>
<arg>SB</arg>
<arg>SC</arg>
<arg>SD</arg>
<arg>SE</arg>
<arg>SG</arg>
<arg>SH</arg>
<arg>SI</arg>
<arg>SJ</arg>
<arg>SK</arg>
<arg>SL</arg>
<arg>SM</arg>
<arg>SN</arg>
<arg>SO</arg>
<arg>SR</arg>
<arg>SS</arg>
<arg>ST</arg>
<arg>SV</arg>
<arg>SX</arg>
<arg>SY</arg>
<arg>SZ</arg>
<arg>TC</arg>
<arg>TD</arg>
<arg>TF</arg>
<arg>TG</arg>
<arg>TH</arg>
<arg>TJ</arg>
<arg>TK</arg>
<arg>TL</arg>
<arg>TM</arg>
<arg>TN</arg>
<arg>TO</arg>
<arg>TR</arg>
<arg>TT</arg>
<arg>TV</arg>
<arg>TW</arg>
<arg>TZ</arg>
<arg>UA</arg>
<arg>UG</arg>
<arg>UM</arg>
<arg>US</arg>
<arg>UY</arg>
<arg>UZ</arg>
<arg>VA</arg>
<arg>VC</arg>
<arg>VE</arg>
<arg>VG</arg>
<arg>VI</arg>
<arg>VN</arg>
<arg>VU</arg>
<arg>WF</arg>
<arg>WS</arg>
<arg>XK</arg>
<arg>YE</arg>
<arg>YT</arg>
<arg>ZA</arg>
<arg>ZM</arg>
<arg>ZW</arg>
<doc>Returns a list containing given items.</doc>
<status status="PASS" start="2024-06-17T04:18:58.312046" elapsed="0.000626"/>
</kw>
<kw name="List Should Contain Value" owner="Collections">
<arg>${list_country}</arg>
<arg>${name_country}</arg>
<doc>Fails if the ``value`` is not found from ``list``.</doc>
<status status="PASS" start="2024-06-17T04:18:58.313471" elapsed="0.000259"/>
</kw>
<kw name="Run Keyword If" owner="BuiltIn">
<kw name="Should Be True" owner="BuiltIn">
<arg>${True}</arg>
<doc>Fails if the given condition is not true.</doc>
<status status="PASS" start="2024-06-17T04:18:58.314868" elapsed="0.000145"/>
</kw>
<arg>${json_data["results"][0]["location"]["coordinates"]["latitude"]} &gt;= -90 and ${json_data["results"][0]["location"]["coordinates"]["latitude"]} &lt;= 90</arg>
<arg>Should Be True</arg>
<arg>${True}</arg>
<doc>Runs the given keyword with the given arguments, if ``condition`` is true.</doc>
<status status="PASS" start="2024-06-17T04:18:58.313941" elapsed="0.001199"/>
</kw>
<kw name="Run Keyword If" owner="BuiltIn">
<kw name="Should Be True" owner="BuiltIn">
<arg>${True}</arg>
<doc>Fails if the given condition is not true.</doc>
<status status="PASS" start="2024-06-17T04:18:58.316014" elapsed="0.000140"/>
</kw>
<arg>${json_data["results"][0]["location"]["coordinates"]["longitude"]} &gt;= -180 and ${json_data["results"][0]["location"]["coordinates"]["longitude"]} &lt;= 180</arg>
<arg>Should Be True</arg>
<arg>${True}</arg>
<doc>Runs the given keyword with the given arguments, if ``condition`` is true.</doc>
<status status="PASS" start="2024-06-17T04:18:58.315322" elapsed="0.000956"/>
</kw>
<status status="PASS" start="2024-06-17T04:18:58.208622" elapsed="0.107790"/>
</kw>
<doc>Testa o conteúdo específico dos campos retornados pela API.</doc>
<tag>testeConteudo</tag>
<status status="PASS" start="2024-06-17T04:18:58.208048" elapsed="0.108529"/>
</test>
<status status="PASS" start="2024-06-17T04:18:57.324111" elapsed="0.994553"/>
</suite>
<status status="PASS" start="2024-06-17T04:18:57.310047" elapsed="1.013951"/>
</suite>
<statistics>
<total>
<stat pass="5" fail="0" skip="0">All Tests</stat>
</total>
<tag>
<stat pass="1" fail="0" skip="0">testeConteudo</stat>
<stat pass="1" fail="0" skip="0">testeEstruturaResposta</stat>
<stat pass="1" fail="0" skip="0">testeRequisicaoBasica</stat>
<stat pass="1" fail="0" skip="0">testeTiposDados</stat>
</tag>
<suite>
<stat pass="5" fail="0" skip="0" id="s1" name="Tests">Tests</stat>
<stat pass="5" fail="0" skip="0" id="s1-s1" name="Random-User-Test">Tests.Random-User-Test</stat>
</suite>
</statistics>
<errors>
</errors>
</robot>
