<?xml version="1.0" encoding="UTF-8"?>
<robot generator="Robot 7.0 (Python 3.12.3 on linux)" generated="2024-04-23T05:13:26.915868" rpa="false" schemaversion="5">
<suite id="s1" name="Tests" source="/home/runner/work/DesafioQAItauRogerioJordao/DesafioQAItauRogerioJordao/RamdonUser/tests">
<suite id="s1-s1" name="Random-User-Test" source="/home/runner/work/DesafioQAItauRogerioJordao/DesafioQAItauRogerioJordao/RamdonUser/tests/random-user-test.robot">
<test id="s1-s1-t1" name="Conectar" line="13">
<kw name="Conectar API" owner="random-user-service">
<kw name="Create Session" owner="RequestsLibrary">
<msg time="2024-04-23T05:13:27.298732" level="INFO">Creating Session using : alias=consultarAPI, url=https://randomuser.me/, headers={},                     cookies={}, auth=None, timeout=None, proxies=None, verify=False,                     debug=0 </msg>
<arg>consultarAPI</arg>
<arg>${URL}</arg>
<doc>Create Session: create a HTTP session to a server</doc>
<status status="PASS" start="2024-04-23T05:13:27.298529" elapsed="0.000383"/>
</kw>
<status status="PASS" start="2024-04-23T05:13:27.297538" elapsed="0.001736"/>
</kw>
<status status="PASS" start="2024-04-23T05:13:27.296913" elapsed="0.002552"/>
</test>
<test id="s1-s1-t2" name="Validar retorno 200 e JSON Válido" line="16">
<kw name="Teste de Requisicao Basica" owner="random-user-service">
<kw name="GET On Session" owner="RequestsLibrary">
<msg time="2024-04-23T05:13:27.526378" level="INFO">GET Request : url=https://randomuser.me/api 
 path_url=/api 
 headers={'User-Agent': 'python-requests/2.31.0', 'Accept-Encoding': 'gzip, deflate', 'Accept': '*/*', 'Connection': 'keep-alive'} 
 body=None 
 </msg>
<msg time="2024-04-23T05:13:27.526542" level="INFO">GET Response : url=https://randomuser.me/api 
 status=200, reason=OK 
 headers={'Date': 'Tue, 23 Apr 2024 05:13:27 GMT', 'Content-Type': 'application/json; charset=utf-8', 'Transfer-Encoding': 'chunked', 'Connection': 'keep-alive', 'X-Powered-By': 'Express', 'Access-Control-Allow-Origin': '*', 'Cache-Control': 'no-cache', 'ETag': 'W/"4ab-gHXZzikiiEnbc3D3NvS/aJBkjfM"', 'Vary': 'Accept-Encoding', 'Content-Encoding': 'gzip', 'CF-Cache-Status': 'DYNAMIC', 'Report-To': '{"endpoints":[{"url":"https:\\/\\/a.nel.cloudflare.com\\/report\\/v4?s=dOfkVFIGEhEJmDUVWfOfjxzldEDdU01iTzNPAwo3OBYmcrCYu2xDpnN2rCYkXLKRIZGNtpOV3QPRe1ubgQeKuDesmsarTrNcqczg4dcWIpnCvOtTHDSGtVfa74oBsiJf"}],"group":"cf-nel","max_age":604800}', 'NEL': '{"success_fraction":0,"report_to":"cf-nel","max_age":604800}', 'Server': 'cloudflare', 'CF-RAY': '878b5d4ac8333aee-IAD', 'alt-svc': 'h3=":443"; ma=86400'} 
 body={"results":[{"gender":"male","name":{"title":"Mr","first":"Sergio","last":"Peralta"},"location":{"street":{"number":3353,"name":"Continuación Yucatán"},"city":"Tepuzhuacán","state":"Baja California","country":"Mexico","postcode":30362,"coordinates":{"latitude":"23.0712","longitude":"-168.6792"},"timezone":{"offset":"+10:00","description":"Eastern Australia, Guam, Vladivostok"}},"email":"sergio.peralta@example.com","login":{"uuid":"ebf57e03-c5da-4f62-b23c-0e300e91d502","username":"brownrabbit154","password":"bonjour","salt":"XtZQ7xkT","md5":"e5c1cc2cf36687357092f6e1ab2e329b","sha1":"b188c2a4d89ae9a3053e436319ad25c3d00f3c5b","sha256":"50d5666387dbc532c6b138e0b64d08cb105b36fe2dbdee6a23afdc98a9e7a9c1"},"dob":{"date":"1996-06-27T12:51:44.027Z","age":27},"registered":{"date":"2006-01-11T12:39:21.400Z","age":18},"phone":"(609) 508 3013","cell":"(699) 340 8631","id":{"name":"NSS","value":"67 42 50 1143 2"},"picture":{"large":"https://randomuser.me/api/portraits/men/5.jpg","medium":"https://randomuser.me/api/portraits/med/men/5.jpg","thumbnail":"https://randomuser.me/api/portraits/thumb/men/5.jpg"},"nat":"MX"}],"info":{"seed":"6cc36a3a5c29b79e","results":1,"page":1,"version":"1.4"}} 
 </msg>
<msg time="2024-04-23T05:13:27.526633" level="INFO">/opt/hostedtoolcache/Python/3.12.3/x64/lib/python3.12/site-packages/urllib3/connectionpool.py:1103: InsecureRequestWarning: Unverified HTTPS request is being made to host 'randomuser.me'. Adding certificate verification is strongly advised. See: https://urllib3.readthedocs.io/en/latest/advanced-usage.html#tls-warnings
  warnings.warn(</msg>
<msg time="2024-04-23T05:13:27.526790" level="INFO">${response} = &lt;Response [200]&gt;</msg>
<var>${response}</var>
<arg>consultarAPI</arg>
<arg>/api</arg>
<doc>Sends a GET request on a previously created HTTP Session.</doc>
<status status="PASS" start="2024-04-23T05:13:27.302207" elapsed="0.224633"/>
</kw>
<kw name="Should Be Equal As Numbers" owner="BuiltIn">
<msg time="2024-04-23T05:13:27.527868" level="INFO">Argument types are:
&lt;class 'int'&gt;
&lt;class 'str'&gt;</msg>
<arg>${response.status_code}</arg>
<arg>200</arg>
<doc>Fails if objects are unequal after converting them to real numbers.</doc>
<status status="PASS" start="2024-04-23T05:13:27.527427" elapsed="0.000504"/>
</kw>
<kw name="Log" owner="BuiltIn">
<msg time="2024-04-23T05:13:27.528593" level="INFO">200</msg>
<arg>${response.status_code}</arg>
<doc>Logs the given message with the given level.</doc>
<status status="PASS" start="2024-04-23T05:13:27.528249" elapsed="0.000384"/>
</kw>
<kw name="Set Variable" owner="BuiltIn">
<msg time="2024-04-23T05:13:27.529374" level="INFO">${json_data} = {'results': [{'gender': 'male', 'name': {'title': 'Mr', 'first': 'Sergio', 'last': 'Peralta'}, 'location': {'street': {'number': 3353, 'name': 'Continuación Yucatán'}, 'city': 'Tepuzhuacán', 'state': ...</msg>
<var>${json_data}</var>
<arg>${response.json()}</arg>
<doc>Returns the given values which can then be assigned to a variables.</doc>
<status status="PASS" start="2024-04-23T05:13:27.528928" elapsed="0.000475"/>
</kw>
<kw name="Dictionary Should Contain Key" owner="Collections">
<msg time="2024-04-23T05:13:27.529896" level="INFO">False</msg>
<arg>${json_data}</arg>
<arg>results</arg>
<doc>Fails if ``key`` is not found from ``dictionary``.</doc>
<status status="PASS" start="2024-04-23T05:13:27.529732" elapsed="0.000203"/>
</kw>
<status status="PASS" start="2024-04-23T05:13:27.301948" elapsed="0.228247"/>
</kw>
<doc>Testa se a API responde corretamente e retorna um objeto JSON válido.</doc>
<tag>testeRequisicaoBasica</tag>
<status status="PASS" start="2024-04-23T05:13:27.301346" elapsed="0.229025"/>
</test>
<test id="s1-s1-t3" name="Validar estrutura de resposta" line="22">
<kw name="Teste de Estrutura de Resposta" owner="random-user-service">
<kw name="GET On Session" owner="RequestsLibrary">
<msg time="2024-04-23T05:13:27.622442" level="INFO">GET Request : url=https://randomuser.me/api 
 path_url=/api 
 headers={'User-Agent': 'python-requests/2.31.0', 'Accept-Encoding': 'gzip, deflate', 'Accept': '*/*', 'Connection': 'keep-alive'} 
 body=None 
 </msg>
<msg time="2024-04-23T05:13:27.622528" level="INFO">GET Response : url=https://randomuser.me/api 
 status=200, reason=OK 
 headers={'Date': 'Tue, 23 Apr 2024 05:13:27 GMT', 'Content-Type': 'application/json; charset=utf-8', 'Transfer-Encoding': 'chunked', 'Connection': 'keep-alive', 'X-Powered-By': 'Express', 'Access-Control-Allow-Origin': '*', 'Cache-Control': 'no-cache', 'ETag': 'W/"4af-ZZDCDg3/WhVa+ts6qOysU3OR604"', 'Vary': 'Accept-Encoding', 'Content-Encoding': 'gzip', 'CF-Cache-Status': 'DYNAMIC', 'Report-To': '{"endpoints":[{"url":"https:\\/\\/a.nel.cloudflare.com\\/report\\/v4?s=Kjoy4%2Bd9%2F1cg0O%2FrCGOQp8PgRHKqcdH9%2BMiiqL%2FHJec%2BASlF%2BzWKvOlhkTBnO3Dvj0xFWKFOKCCTXz4I3HurTjK50WjNORzEJs%2Bs9%2Bc5rYGs1j%2BOXJi0ahE8vnQ5AivE"}],"group":"cf-nel","max_age":604800}', 'NEL': '{"success_fraction":0,"report_to":"cf-nel","max_age":604800}', 'Server': 'cloudflare', 'CF-RAY': '878b5d4b187a3aee-IAD', 'alt-svc': 'h3=":443"; ma=86400'} 
 body={"results":[{"gender":"female","name":{"title":"Mademoiselle","first":"Dina","last":"Giraud"},"location":{"street":{"number":2191,"name":"Rue des Écoles"},"city":"Val-de-Ruz","state":"Ticino","country":"Switzerland","postcode":1808,"coordinates":{"latitude":"-60.5179","longitude":"128.1078"},"timezone":{"offset":"+5:00","description":"Ekaterinburg, Islamabad, Karachi, Tashkent"}},"email":"dina.giraud@example.com","login":{"uuid":"36ab3bec-80e7-4334-83c1-be3752146112","username":"bigpeacock908","password":"shuttle","salt":"b4Eontbn","md5":"7ff2a4dbf0a0a82ba1a6d722b843a29e","sha1":"3f7d219681f9920bba3243e532885a12eb521333","sha256":"ea526ba534e6e9766686d95e23c17acfa308c2a865ff79f6387090c316327acc"},"dob":{"date":"1956-09-21T17:49:45.579Z","age":67},"registered":{"date":"2011-11-27T07:19:37.917Z","age":12},"phone":"076 401 13 49","cell":"078 028 95 66","id":{"name":"AVS","value":"756.7286.3288.55"},"picture":{"large":"https://randomuser.me/api/portraits/women/34.jpg","medium":"https://randomuser.me/api/portraits/med/women/34.jpg","thumbnail":"https://randomuser.me/api/portraits/thumb/women/34.jpg"},"nat":"CH"}],"info":{"seed":"b0c0574714d818c5","results":1,"page":1,"version":"1.4"}} 
 </msg>
<msg time="2024-04-23T05:13:27.622650" level="INFO">/opt/hostedtoolcache/Python/3.12.3/x64/lib/python3.12/site-packages/urllib3/connectionpool.py:1103: InsecureRequestWarning: Unverified HTTPS request is being made to host 'randomuser.me'. Adding certificate verification is strongly advised. See: https://urllib3.readthedocs.io/en/latest/advanced-usage.html#tls-warnings
  warnings.warn(</msg>
<msg time="2024-04-23T05:13:27.622782" level="INFO">${response} = &lt;Response [200]&gt;</msg>
<var>${response}</var>
<arg>consultarAPI</arg>
<arg>/api</arg>
<doc>Sends a GET request on a previously created HTTP Session.</doc>
<status status="PASS" start="2024-04-23T05:13:27.532999" elapsed="0.089831"/>
</kw>
<kw name="Set Variable" owner="BuiltIn">
<msg time="2024-04-23T05:13:27.623909" level="INFO">${json_data} = {'results': [{'gender': 'female', 'name': {'title': 'Mademoiselle', 'first': 'Dina', 'last': 'Giraud'}, 'location': {'street': {'number': 2191, 'name': 'Rue des Écoles'}, 'city': 'Val-de-Ruz', 'state'...</msg>
<var>${json_data}</var>
<arg>${response.json()}</arg>
<doc>Returns the given values which can then be assigned to a variables.</doc>
<status status="PASS" start="2024-04-23T05:13:27.623347" elapsed="0.000592"/>
</kw>
<kw name="Log" owner="BuiltIn">
<msg time="2024-04-23T05:13:27.624407" level="INFO">{'results': [{'gender': 'female', 'name': {'title': 'Mademoiselle', 'first': 'Dina', 'last': 'Giraud'}, 'location': {'street': {'number': 2191, 'name': 'Rue des Écoles'}, 'city': 'Val-de-Ruz', 'state': 'Ticino', 'country': 'Switzerland', 'postcode': 1808, 'coordinates': {'latitude': '-60.5179', 'longitude': '128.1078'}, 'timezone': {'offset': '+5:00', 'description': 'Ekaterinburg, Islamabad, Karachi, Tashkent'}}, 'email': 'dina.giraud@example.com', 'login': {'uuid': '36ab3bec-80e7-4334-83c1-be3752146112', 'username': 'bigpeacock908', 'password': 'shuttle', 'salt': 'b4Eontbn', 'md5': '7ff2a4dbf0a0a82ba1a6d722b843a29e', 'sha1': '3f7d219681f9920bba3243e532885a12eb521333', 'sha256': 'ea526ba534e6e9766686d95e23c17acfa308c2a865ff79f6387090c316327acc'}, 'dob': {'date': '1956-09-21T17:49:45.579Z', 'age': 67}, 'registered': {'date': '2011-11-27T07:19:37.917Z', 'age': 12}, 'phone': '076 401 13 49', 'cell': '078 028 95 66', 'id': {'name': 'AVS', 'value': '756.7286.3288.55'}, 'picture': {'large': 'https://randomuser.me/api/portraits/women/34.jpg', 'medium': 'https://randomuser.me/api/portraits/med/women/34.jpg', 'thumbnail': 'https://randomuser.me/api/portraits/thumb/women/34.jpg'}, 'nat': 'CH'}], 'info': {'seed': 'b0c0574714d818c5', 'results': 1, 'page': 1, 'version': '1.4'}}</msg>
<arg>${json_data}</arg>
<doc>Logs the given message with the given level.</doc>
<status status="PASS" start="2024-04-23T05:13:27.624249" elapsed="0.000207"/>
</kw>
<kw name="Dictionary Should Contain Key" owner="Collections">
<msg time="2024-04-23T05:13:27.624899" level="INFO">False</msg>
<arg>${json_data}</arg>
<arg>results</arg>
<doc>Fails if ``key`` is not found from ``dictionary``.</doc>
<status status="PASS" start="2024-04-23T05:13:27.624748" elapsed="0.000186"/>
</kw>
<kw name="Should Not Be Empty" owner="BuiltIn">
<msg time="2024-04-23T05:13:27.625344" level="INFO">Length is 2.</msg>
<arg>${json_data}</arg>
<doc>Verifies that the given item is not empty.</doc>
<status status="PASS" start="2024-04-23T05:13:27.625218" elapsed="0.000163"/>
</kw>
<kw name="Create List" owner="BuiltIn">
<msg time="2024-04-23T05:13:27.625981" level="INFO">${expected_keys} = ['gender', 'name', 'location', 'email', 'login']</msg>
<var>${expected_keys}</var>
<arg>gender</arg>
<arg>name</arg>
<arg>location</arg>
<arg>email</arg>
<arg>login</arg>
<doc>Returns a list containing given items.</doc>
<status status="PASS" start="2024-04-23T05:13:27.625689" elapsed="0.000317"/>
</kw>
<for flavor="IN">
<iter>
<kw name="Dictionary Should Contain Key" owner="Collections">
<msg time="2024-04-23T05:13:27.626974" level="INFO">False</msg>
<arg>${json_data['results'][0]}</arg>
<arg>${key}</arg>
<doc>Fails if ``key`` is not found from ``dictionary``.</doc>
<status status="PASS" start="2024-04-23T05:13:27.626582" elapsed="0.000429"/>
</kw>
<kw name="Log" owner="BuiltIn">
<msg time="2024-04-23T05:13:27.627671" level="INFO">{'gender': 'female', 'name': {'title': 'Mademoiselle', 'first': 'Dina', 'last': 'Giraud'}, 'location': {'street': {'number': 2191, 'name': 'Rue des Écoles'}, 'city': 'Val-de-Ruz', 'state': 'Ticino', 'country': 'Switzerland', 'postcode': 1808, 'coordinates': {'latitude': '-60.5179', 'longitude': '128.1078'}, 'timezone': {'offset': '+5:00', 'description': 'Ekaterinburg, Islamabad, Karachi, Tashkent'}}, 'email': 'dina.giraud@example.com', 'login': {'uuid': '36ab3bec-80e7-4334-83c1-be3752146112', 'username': 'bigpeacock908', 'password': 'shuttle', 'salt': 'b4Eontbn', 'md5': '7ff2a4dbf0a0a82ba1a6d722b843a29e', 'sha1': '3f7d219681f9920bba3243e532885a12eb521333', 'sha256': 'ea526ba534e6e9766686d95e23c17acfa308c2a865ff79f6387090c316327acc'}, 'dob': {'date': '1956-09-21T17:49:45.579Z', 'age': 67}, 'registered': {'date': '2011-11-27T07:19:37.917Z', 'age': 12}, 'phone': '076 401 13 49', 'cell': '078 028 95 66', 'id': {'name': 'AVS', 'value': '756.7286.3288.55'}, 'picture': {'large': 'https://randomuser.me/api/portraits/women/34.jpg', 'medium': 'https://randomuser.me/api/portraits/med/women/34.jpg', 'thumbnail': 'https://randomuser.me/api/portraits/thumb/women/34.jpg'}, 'nat': 'CH'}</msg>
<arg>${json_data['results'][0]}</arg>
<doc>Logs the given message with the given level.</doc>
<status status="PASS" start="2024-04-23T05:13:27.627308" elapsed="0.000411"/>
</kw>
<kw name="Log" owner="BuiltIn">
<msg time="2024-04-23T05:13:27.628137" level="INFO">gender</msg>
<arg>${key}</arg>
<doc>Logs the given message with the given level.</doc>
<status status="PASS" start="2024-04-23T05:13:27.628010" elapsed="0.000162"/>
</kw>
<var name="${key}">gender</var>
<status status="PASS" start="2024-04-23T05:13:27.626458" elapsed="0.001928"/>
</iter>
<iter>
<kw name="Dictionary Should Contain Key" owner="Collections">
<msg time="2024-04-23T05:13:27.629061" level="INFO">False</msg>
<arg>${json_data['results'][0]}</arg>
<arg>${key}</arg>
<doc>Fails if ``key`` is not found from ``dictionary``.</doc>
<status status="PASS" start="2024-04-23T05:13:27.628681" elapsed="0.000448"/>
</kw>
<kw name="Log" owner="BuiltIn">
<msg time="2024-04-23T05:13:27.629807" level="INFO">{'gender': 'female', 'name': {'title': 'Mademoiselle', 'first': 'Dina', 'last': 'Giraud'}, 'location': {'street': {'number': 2191, 'name': 'Rue des Écoles'}, 'city': 'Val-de-Ruz', 'state': 'Ticino', 'country': 'Switzerland', 'postcode': 1808, 'coordinates': {'latitude': '-60.5179', 'longitude': '128.1078'}, 'timezone': {'offset': '+5:00', 'description': 'Ekaterinburg, Islamabad, Karachi, Tashkent'}}, 'email': 'dina.giraud@example.com', 'login': {'uuid': '36ab3bec-80e7-4334-83c1-be3752146112', 'username': 'bigpeacock908', 'password': 'shuttle', 'salt': 'b4Eontbn', 'md5': '7ff2a4dbf0a0a82ba1a6d722b843a29e', 'sha1': '3f7d219681f9920bba3243e532885a12eb521333', 'sha256': 'ea526ba534e6e9766686d95e23c17acfa308c2a865ff79f6387090c316327acc'}, 'dob': {'date': '1956-09-21T17:49:45.579Z', 'age': 67}, 'registered': {'date': '2011-11-27T07:19:37.917Z', 'age': 12}, 'phone': '076 401 13 49', 'cell': '078 028 95 66', 'id': {'name': 'AVS', 'value': '756.7286.3288.55'}, 'picture': {'large': 'https://randomuser.me/api/portraits/women/34.jpg', 'medium': 'https://randomuser.me/api/portraits/med/women/34.jpg', 'thumbnail': 'https://randomuser.me/api/portraits/thumb/women/34.jpg'}, 'nat': 'CH'}</msg>
<arg>${json_data['results'][0]}</arg>
<doc>Logs the given message with the given level.</doc>
<status status="PASS" start="2024-04-23T05:13:27.629422" elapsed="0.000433"/>
</kw>
<kw name="Log" owner="BuiltIn">
<msg time="2024-04-23T05:13:27.630282" level="INFO">name</msg>
<arg>${key}</arg>
<doc>Logs the given message with the given level.</doc>
<status status="PASS" start="2024-04-23T05:13:27.630159" elapsed="0.000159"/>
</kw>
<var name="${key}">name</var>
<status status="PASS" start="2024-04-23T05:13:27.628570" elapsed="0.001959"/>
</iter>
<iter>
<kw name="Dictionary Should Contain Key" owner="Collections">
<msg time="2024-04-23T05:13:27.631197" level="INFO">False</msg>
<arg>${json_data['results'][0]}</arg>
<arg>${key}</arg>
<doc>Fails if ``key`` is not found from ``dictionary``.</doc>
<status status="PASS" start="2024-04-23T05:13:27.630813" elapsed="0.000421"/>
</kw>
<kw name="Log" owner="BuiltIn">
<msg time="2024-04-23T05:13:27.631883" level="INFO">{'gender': 'female', 'name': {'title': 'Mademoiselle', 'first': 'Dina', 'last': 'Giraud'}, 'location': {'street': {'number': 2191, 'name': 'Rue des Écoles'}, 'city': 'Val-de-Ruz', 'state': 'Ticino', 'country': 'Switzerland', 'postcode': 1808, 'coordinates': {'latitude': '-60.5179', 'longitude': '128.1078'}, 'timezone': {'offset': '+5:00', 'description': 'Ekaterinburg, Islamabad, Karachi, Tashkent'}}, 'email': 'dina.giraud@example.com', 'login': {'uuid': '36ab3bec-80e7-4334-83c1-be3752146112', 'username': 'bigpeacock908', 'password': 'shuttle', 'salt': 'b4Eontbn', 'md5': '7ff2a4dbf0a0a82ba1a6d722b843a29e', 'sha1': '3f7d219681f9920bba3243e532885a12eb521333', 'sha256': 'ea526ba534e6e9766686d95e23c17acfa308c2a865ff79f6387090c316327acc'}, 'dob': {'date': '1956-09-21T17:49:45.579Z', 'age': 67}, 'registered': {'date': '2011-11-27T07:19:37.917Z', 'age': 12}, 'phone': '076 401 13 49', 'cell': '078 028 95 66', 'id': {'name': 'AVS', 'value': '756.7286.3288.55'}, 'picture': {'large': 'https://randomuser.me/api/portraits/women/34.jpg', 'medium': 'https://randomuser.me/api/portraits/med/women/34.jpg', 'thumbnail': 'https://randomuser.me/api/portraits/thumb/women/34.jpg'}, 'nat': 'CH'}</msg>
<arg>${json_data['results'][0]}</arg>
<doc>Logs the given message with the given level.</doc>
<status status="PASS" start="2024-04-23T05:13:27.631526" elapsed="0.000406"/>
</kw>
<kw name="Log" owner="BuiltIn">
<msg time="2024-04-23T05:13:27.632354" level="INFO">location</msg>
<arg>${key}</arg>
<doc>Logs the given message with the given level.</doc>
<status status="PASS" start="2024-04-23T05:13:27.632232" elapsed="0.000159"/>
</kw>
<var name="${key}">location</var>
<status status="PASS" start="2024-04-23T05:13:27.630704" elapsed="0.001899"/>
</iter>
<iter>
<kw name="Dictionary Should Contain Key" owner="Collections">
<msg time="2024-04-23T05:13:27.633258" level="INFO">False</msg>
<arg>${json_data['results'][0]}</arg>
<arg>${key}</arg>
<doc>Fails if ``key`` is not found from ``dictionary``.</doc>
<status status="PASS" start="2024-04-23T05:13:27.632878" elapsed="0.000416"/>
</kw>
<kw name="Log" owner="BuiltIn">
<msg time="2024-04-23T05:13:27.633964" level="INFO">{'gender': 'female', 'name': {'title': 'Mademoiselle', 'first': 'Dina', 'last': 'Giraud'}, 'location': {'street': {'number': 2191, 'name': 'Rue des Écoles'}, 'city': 'Val-de-Ruz', 'state': 'Ticino', 'country': 'Switzerland', 'postcode': 1808, 'coordinates': {'latitude': '-60.5179', 'longitude': '128.1078'}, 'timezone': {'offset': '+5:00', 'description': 'Ekaterinburg, Islamabad, Karachi, Tashkent'}}, 'email': 'dina.giraud@example.com', 'login': {'uuid': '36ab3bec-80e7-4334-83c1-be3752146112', 'username': 'bigpeacock908', 'password': 'shuttle', 'salt': 'b4Eontbn', 'md5': '7ff2a4dbf0a0a82ba1a6d722b843a29e', 'sha1': '3f7d219681f9920bba3243e532885a12eb521333', 'sha256': 'ea526ba534e6e9766686d95e23c17acfa308c2a865ff79f6387090c316327acc'}, 'dob': {'date': '1956-09-21T17:49:45.579Z', 'age': 67}, 'registered': {'date': '2011-11-27T07:19:37.917Z', 'age': 12}, 'phone': '076 401 13 49', 'cell': '078 028 95 66', 'id': {'name': 'AVS', 'value': '756.7286.3288.55'}, 'picture': {'large': 'https://randomuser.me/api/portraits/women/34.jpg', 'medium': 'https://randomuser.me/api/portraits/med/women/34.jpg', 'thumbnail': 'https://randomuser.me/api/portraits/thumb/women/34.jpg'}, 'nat': 'CH'}</msg>
<arg>${json_data['results'][0]}</arg>
<doc>Logs the given message with the given level.</doc>
<status status="PASS" start="2024-04-23T05:13:27.633585" elapsed="0.000427"/>
</kw>
<kw name="Log" owner="BuiltIn">
<msg time="2024-04-23T05:13:27.634431" level="INFO">email</msg>
<arg>${key}</arg>
<doc>Logs the given message with the given level.</doc>
<status status="PASS" start="2024-04-23T05:13:27.634306" elapsed="0.000161"/>
</kw>
<var name="${key}">email</var>
<status status="PASS" start="2024-04-23T05:13:27.632772" elapsed="0.001912"/>
</iter>
<iter>
<kw name="Dictionary Should Contain Key" owner="Collections">
<msg time="2024-04-23T05:13:27.635343" level="INFO">False</msg>
<arg>${json_data['results'][0]}</arg>
<arg>${key}</arg>
<doc>Fails if ``key`` is not found from ``dictionary``.</doc>
<status status="PASS" start="2024-04-23T05:13:27.634962" elapsed="0.000418"/>
</kw>
<kw name="Log" owner="BuiltIn">
<msg time="2024-04-23T05:13:27.636027" level="INFO">{'gender': 'female', 'name': {'title': 'Mademoiselle', 'first': 'Dina', 'last': 'Giraud'}, 'location': {'street': {'number': 2191, 'name': 'Rue des Écoles'}, 'city': 'Val-de-Ruz', 'state': 'Ticino', 'country': 'Switzerland', 'postcode': 1808, 'coordinates': {'latitude': '-60.5179', 'longitude': '128.1078'}, 'timezone': {'offset': '+5:00', 'description': 'Ekaterinburg, Islamabad, Karachi, Tashkent'}}, 'email': 'dina.giraud@example.com', 'login': {'uuid': '36ab3bec-80e7-4334-83c1-be3752146112', 'username': 'bigpeacock908', 'password': 'shuttle', 'salt': 'b4Eontbn', 'md5': '7ff2a4dbf0a0a82ba1a6d722b843a29e', 'sha1': '3f7d219681f9920bba3243e532885a12eb521333', 'sha256': 'ea526ba534e6e9766686d95e23c17acfa308c2a865ff79f6387090c316327acc'}, 'dob': {'date': '1956-09-21T17:49:45.579Z', 'age': 67}, 'registered': {'date': '2011-11-27T07:19:37.917Z', 'age': 12}, 'phone': '076 401 13 49', 'cell': '078 028 95 66', 'id': {'name': 'AVS', 'value': '756.7286.3288.55'}, 'picture': {'large': 'https://randomuser.me/api/portraits/women/34.jpg', 'medium': 'https://randomuser.me/api/portraits/med/women/34.jpg', 'thumbnail': 'https://randomuser.me/api/portraits/thumb/women/34.jpg'}, 'nat': 'CH'}</msg>
<arg>${json_data['results'][0]}</arg>
<doc>Logs the given message with the given level.</doc>
<status status="PASS" start="2024-04-23T05:13:27.635667" elapsed="0.000407"/>
</kw>
<kw name="Log" owner="BuiltIn">
<msg time="2024-04-23T05:13:27.636515" level="INFO">login</msg>
<arg>${key}</arg>
<doc>Logs the given message with the given level.</doc>
<status status="PASS" start="2024-04-23T05:13:27.636391" elapsed="0.000160"/>
</kw>
<var name="${key}">login</var>
<status status="PASS" start="2024-04-23T05:13:27.634854" elapsed="0.001908"/>
</iter>
<var>${key}</var>
<value>@{expected_keys}</value>
<status status="PASS" start="2024-04-23T05:13:27.626270" elapsed="0.010614"/>
</for>
<kw name="Create List" owner="BuiltIn">
<msg time="2024-04-23T05:13:27.637206" level="INFO">${expected_keysTwo} = ['username', 'password']</msg>
<var>${expected_keysTwo}</var>
<arg>username</arg>
<arg>password</arg>
<doc>Returns a list containing given items.</doc>
<status status="PASS" start="2024-04-23T05:13:27.637074" elapsed="0.000154"/>
</kw>
<for flavor="IN">
<iter>
<kw name="Dictionary Should Contain Key" owner="Collections">
<msg time="2024-04-23T05:13:27.638135" level="INFO">False</msg>
<arg>${json_data['results'][0]['login']}</arg>
<arg>${keyTwo}</arg>
<doc>Fails if ``key`` is not found from ``dictionary``.</doc>
<status status="PASS" start="2024-04-23T05:13:27.637751" elapsed="0.000420"/>
</kw>
<kw name="Dictionary Should Contain Key" owner="Collections">
<msg time="2024-04-23T05:13:27.638838" level="INFO">False</msg>
<arg>${json_data['results'][0]['login']}</arg>
<arg>${keyTwo}</arg>
<doc>Fails if ``key`` is not found from ``dictionary``.</doc>
<status status="PASS" start="2024-04-23T05:13:27.638458" elapsed="0.000416"/>
</kw>
<kw name="Log" owner="BuiltIn">
<msg time="2024-04-23T05:13:27.639280" level="INFO">username</msg>
<arg>${keyTwo}</arg>
<doc>Logs the given message with the given level.</doc>
<status status="PASS" start="2024-04-23T05:13:27.639157" elapsed="0.000164"/>
</kw>
<var name="${keyTwo}">username</var>
<status status="PASS" start="2024-04-23T05:13:27.637606" elapsed="0.001926"/>
</iter>
<iter>
<kw name="Dictionary Should Contain Key" owner="Collections">
<msg time="2024-04-23T05:13:27.640184" level="INFO">False</msg>
<arg>${json_data['results'][0]['login']}</arg>
<arg>${keyTwo}</arg>
<doc>Fails if ``key`` is not found from ``dictionary``.</doc>
<status status="PASS" start="2024-04-23T05:13:27.639807" elapsed="0.000413"/>
</kw>
<kw name="Dictionary Should Contain Key" owner="Collections">
<msg time="2024-04-23T05:13:27.640954" level="INFO">False</msg>
<arg>${json_data['results'][0]['login']}</arg>
<arg>${keyTwo}</arg>
<doc>Fails if ``key`` is not found from ``dictionary``.</doc>
<status status="PASS" start="2024-04-23T05:13:27.640504" elapsed="0.000487"/>
</kw>
<kw name="Log" owner="BuiltIn">
<msg time="2024-04-23T05:13:27.641404" level="INFO">password</msg>
<arg>${keyTwo}</arg>
<doc>Logs the given message with the given level.</doc>
<status status="PASS" start="2024-04-23T05:13:27.641280" elapsed="0.000160"/>
</kw>
<var name="${keyTwo}">password</var>
<status status="PASS" start="2024-04-23T05:13:27.639701" elapsed="0.001975"/>
</iter>
<var>${keyTwo}</var>
<value>@{expected_keysTwo}</value>
<status status="PASS" start="2024-04-23T05:13:27.637457" elapsed="0.004345"/>
</for>
<status status="PASS" start="2024-04-23T05:13:27.532761" elapsed="0.109178"/>
</kw>
<doc>Testa a estrutura da resposta da API.</doc>
<tag>testeEstruturaResposta</tag>
<status status="PASS" start="2024-04-23T05:13:27.532171" elapsed="0.109916"/>
</test>
<test id="s1-s1-t4" name="Validar tipos de dados" line="28">
<kw name="Teste de Tipos de Dados" owner="random-user-service">
<kw name="GET On Session" owner="RequestsLibrary">
<msg time="2024-04-23T05:13:27.722517" level="INFO">GET Request : url=https://randomuser.me/api 
 path_url=/api 
 headers={'User-Agent': 'python-requests/2.31.0', 'Accept-Encoding': 'gzip, deflate', 'Accept': '*/*', 'Connection': 'keep-alive'} 
 body=None 
 </msg>
<msg time="2024-04-23T05:13:27.722593" level="INFO">GET Response : url=https://randomuser.me/api 
 status=200, reason=OK 
 headers={'Date': 'Tue, 23 Apr 2024 05:13:27 GMT', 'Content-Type': 'application/json; charset=utf-8', 'Transfer-Encoding': 'chunked', 'Connection': 'keep-alive', 'X-Powered-By': 'Express', 'Access-Control-Allow-Origin': '*', 'Cache-Control': 'no-cache', 'ETag': 'W/"494-Kh+7fEqioPhFheATMsHQdot9kw8"', 'Vary': 'Accept-Encoding', 'Content-Encoding': 'gzip', 'CF-Cache-Status': 'DYNAMIC', 'Report-To': '{"endpoints":[{"url":"https:\\/\\/a.nel.cloudflare.com\\/report\\/v4?s=69v1sZE2gjzAksIhjUYuo4hwP6ZOSX%2BwGY7ybwdKyb7xcQAddTs%2BBUiAFtkjbWL6yZta9VKHILy0hmSb8VzS6iMx116MyhkrJQbuTqxK4Mx%2BZheFP6f%2FXLpRoESNTolI"}],"group":"cf-nel","max_age":604800}', 'NEL': '{"success_fraction":0,"report_to":"cf-nel","max_age":604800}', 'Server': 'cloudflare', 'CF-RAY': '878b5d4bc92a3aee-IAD', 'alt-svc': 'h3=":443"; ma=86400'} 
 body={"results":[{"gender":"female","name":{"title":"Miss","first":"Axelle","last":"Laurent"},"location":{"street":{"number":1356,"name":"Rue Bataille"},"city":"Limoges","state":"Paris","country":"France","postcode":58394,"coordinates":{"latitude":"-13.2479","longitude":"89.7219"},"timezone":{"offset":"+2:00","description":"Kaliningrad, South Africa"}},"email":"axelle.laurent@example.com","login":{"uuid":"2748267c-8d51-4be1-88c7-36c6ffb6d1d5","username":"lazyelephant468","password":"shark","salt":"1veT3eWI","md5":"50fc458ef5354856629b903993f116ff","sha1":"e82a0c58774ac968d41b83ca64a8051ed4813fe1","sha256":"591455fdccc63d797297a47effe850e0c18700af3df5df1a49bf5b303f5c1a50"},"dob":{"date":"1989-12-23T07:31:46.364Z","age":34},"registered":{"date":"2009-11-28T09:06:41.943Z","age":14},"phone":"05-74-80-83-12","cell":"06-97-10-46-49","id":{"name":"INSEE","value":"2891165485419 40"},"picture":{"large":"https://randomuser.me/api/portraits/women/95.jpg","medium":"https://randomuser.me/api/portraits/med/women/95.jpg","thumbnail":"https://randomuser.me/api/portraits/thumb/women/95.jpg"},"nat":"FR"}],"info":{"seed":"f7d54e651216b97a","results":1,"page":1,"version":"1.4"}} 
 </msg>
<msg time="2024-04-23T05:13:27.722658" level="INFO">/opt/hostedtoolcache/Python/3.12.3/x64/lib/python3.12/site-packages/urllib3/connectionpool.py:1103: InsecureRequestWarning: Unverified HTTPS request is being made to host 'randomuser.me'. Adding certificate verification is strongly advised. See: https://urllib3.readthedocs.io/en/latest/advanced-usage.html#tls-warnings
  warnings.warn(</msg>
<msg time="2024-04-23T05:13:27.722772" level="INFO">${response} = &lt;Response [200]&gt;</msg>
<var>${response}</var>
<arg>consultarAPI</arg>
<arg>/api</arg>
<doc>Sends a GET request on a previously created HTTP Session.</doc>
<status status="PASS" start="2024-04-23T05:13:27.644593" elapsed="0.078227"/>
</kw>
<kw name="Set Variable" owner="BuiltIn">
<msg time="2024-04-23T05:13:27.723900" level="INFO">${json_data} = {'results': [{'gender': 'female', 'name': {'title': 'Miss', 'first': 'Axelle', 'last': 'Laurent'}, 'location': {'street': {'number': 1356, 'name': 'Rue Bataille'}, 'city': 'Limoges', 'state': 'Paris',...</msg>
<var>${json_data}</var>
<arg>${response.json()}</arg>
<doc>Returns the given values which can then be assigned to a variables.</doc>
<status status="PASS" start="2024-04-23T05:13:27.723344" elapsed="0.000584"/>
</kw>
<kw name="Log" owner="BuiltIn">
<msg time="2024-04-23T05:13:27.724380" level="INFO">{'results': [{'gender': 'female', 'name': {'title': 'Miss', 'first': 'Axelle', 'last': 'Laurent'}, 'location': {'street': {'number': 1356, 'name': 'Rue Bataille'}, 'city': 'Limoges', 'state': 'Paris', 'country': 'France', 'postcode': 58394, 'coordinates': {'latitude': '-13.2479', 'longitude': '89.7219'}, 'timezone': {'offset': '+2:00', 'description': 'Kaliningrad, South Africa'}}, 'email': 'axelle.laurent@example.com', 'login': {'uuid': '2748267c-8d51-4be1-88c7-36c6ffb6d1d5', 'username': 'lazyelephant468', 'password': 'shark', 'salt': '1veT3eWI', 'md5': '50fc458ef5354856629b903993f116ff', 'sha1': 'e82a0c58774ac968d41b83ca64a8051ed4813fe1', 'sha256': '591455fdccc63d797297a47effe850e0c18700af3df5df1a49bf5b303f5c1a50'}, 'dob': {'date': '1989-12-23T07:31:46.364Z', 'age': 34}, 'registered': {'date': '2009-11-28T09:06:41.943Z', 'age': 14}, 'phone': '05-74-80-83-12', 'cell': '06-97-10-46-49', 'id': {'name': 'INSEE', 'value': '2891165485419 40'}, 'picture': {'large': 'https://randomuser.me/api/portraits/women/95.jpg', 'medium': 'https://randomuser.me/api/portraits/med/women/95.jpg', 'thumbnail': 'https://randomuser.me/api/portraits/thumb/women/95.jpg'}, 'nat': 'FR'}], 'info': {'seed': 'f7d54e651216b97a', 'results': 1, 'page': 1, 'version': '1.4'}}</msg>
<arg>${json_data}</arg>
<doc>Logs the given message with the given level.</doc>
<status status="PASS" start="2024-04-23T05:13:27.724229" elapsed="0.000229"/>
</kw>
<kw name="Should Be String" owner="String">
<arg>${json_data['results'][0]['gender']}</arg>
<doc>Fails if the given ``item`` is not a string.</doc>
<status status="PASS" start="2024-04-23T05:13:27.724752" elapsed="0.000351"/>
</kw>
<kw name="Should Match Regexp" owner="BuiltIn">
<arg>${json_data['results'][0]['email']}</arg>
<arg>^[a-zA-Z0-9._%+-]+@[a-zA-Z0-9.-]+\.[a-zA-Z]{2,}$</arg>
<doc>Fails if ``string`` does not match ``pattern`` as a regular expression.</doc>
<status status="PASS" start="2024-04-23T05:13:27.725289" elapsed="0.000546"/>
</kw>
<kw name="Should Match Regexp" owner="BuiltIn">
<arg>${json_data['results'][0]['dob']['date']}</arg>
<arg>\\d{4}-\\d{2}-\\d{2}T\\d{2}:\\d{2}:\\d{2}\\.\\d{3}Z</arg>
<doc>Fails if ``string`` does not match ``pattern`` as a regular expression.</doc>
<status status="PASS" start="2024-04-23T05:13:27.726030" elapsed="0.000486"/>
</kw>
<kw name="Should Match Regexp" owner="BuiltIn">
<arg>${json_data['results'][0]['registered']['date']}</arg>
<arg>\\d{4}-\\d{2}-\\d{2}T\\d{2}:\\d{2}:\\d{2}\\.\\d{3}Z</arg>
<doc>Fails if ``string`` does not match ``pattern`` as a regular expression.</doc>
<status status="PASS" start="2024-04-23T05:13:27.726705" elapsed="0.000366"/>
</kw>
<kw name="Should Match Regexp" owner="BuiltIn">
<arg>${json_data['results'][0]['picture']['large']}</arg>
<arg>^https?://.*\.(?:png|jpe?g|gif|bmp)$</arg>
<doc>Fails if ``string`` does not match ``pattern`` as a regular expression.</doc>
<status status="PASS" start="2024-04-23T05:13:27.727253" elapsed="0.000455"/>
</kw>
<kw name="Should Match Regexp" owner="BuiltIn">
<arg>${json_data['results'][0]['picture']['medium']}</arg>
<arg>^https?://.*\.(?:png|jpe?g|gif|bmp)$</arg>
<doc>Fails if ``string`` does not match ``pattern`` as a regular expression.</doc>
<status status="PASS" start="2024-04-23T05:13:27.727897" elapsed="0.000361"/>
</kw>
<kw name="Should Match Regexp" owner="BuiltIn">
<arg>${json_data['results'][0]['picture']['thumbnail']}</arg>
<arg>^https?://.*\.(?:png|jpe?g|gif|bmp)$</arg>
<doc>Fails if ``string`` does not match ``pattern`` as a regular expression.</doc>
<status status="PASS" start="2024-04-23T05:13:27.728448" elapsed="0.000353"/>
</kw>
<kw name="Log" owner="BuiltIn">
<msg time="2024-04-23T05:13:27.729297" level="INFO">{'large': 'https://randomuser.me/api/portraits/women/95.jpg', 'medium': 'https://randomuser.me/api/portraits/med/women/95.jpg', 'thumbnail': 'https://randomuser.me/api/portraits/thumb/women/95.jpg'}</msg>
<arg>${json_data['results'][0]['picture']}</arg>
<doc>Logs the given message with the given level.</doc>
<status status="PASS" start="2024-04-23T05:13:27.728977" elapsed="0.000361"/>
</kw>
<status status="PASS" start="2024-04-23T05:13:27.644369" elapsed="0.085220"/>
</kw>
<kw name="Teste de Tipos de Dados - Postcode" owner="random-user-service">
<kw name="GET On Session" owner="RequestsLibrary">
<msg time="2024-04-23T05:13:27.822180" level="INFO">GET Request : url=https://randomuser.me/api 
 path_url=/api 
 headers={'User-Agent': 'python-requests/2.31.0', 'Accept-Encoding': 'gzip, deflate', 'Accept': '*/*', 'Connection': 'keep-alive'} 
 body=None 
 </msg>
<msg time="2024-04-23T05:13:27.822284" level="INFO">GET Response : url=https://randomuser.me/api 
 status=200, reason=OK 
 headers={'Date': 'Tue, 23 Apr 2024 05:13:27 GMT', 'Content-Type': 'application/json; charset=utf-8', 'Transfer-Encoding': 'chunked', 'Connection': 'keep-alive', 'X-Powered-By': 'Express', 'Access-Control-Allow-Origin': '*', 'Cache-Control': 'no-cache', 'ETag': 'W/"46c-2EX2H3kLa7GHzVlxnWSBKTM0ypU"', 'Vary': 'Accept-Encoding', 'Content-Encoding': 'gzip', 'CF-Cache-Status': 'DYNAMIC', 'Report-To': '{"endpoints":[{"url":"https:\\/\\/a.nel.cloudflare.com\\/report\\/v4?s=XFM0Kxw%2Bq2sSOP2kYv57MnopUYceXJ%2BFQUq8uriN98GW6TWXGMwYe%2FytpYfz6AhbmI%2Bw5NYtASjZbA%2BZN03WxAM4XhtYYv%2BHYoSJp9S%2BH9DEnxna6Gjj4gdmwaZVk6%2Ff"}],"group":"cf-nel","max_age":604800}', 'NEL': '{"success_fraction":0,"report_to":"cf-nel","max_age":604800}', 'Server': 'cloudflare', 'CF-RAY': '878b5d4c59ac3aee-IAD', 'alt-svc': 'h3=":443"; ma=86400'} 
 body={"results":[{"gender":"male","name":{"title":"Mr","first":"Lawrence","last":"Martin"},"location":{"street":{"number":458,"name":"Richmond Park"},"city":"Navan","state":"Fingal","country":"Ireland","postcode":46035,"coordinates":{"latitude":"3.8305","longitude":"-175.8491"},"timezone":{"offset":"+3:30","description":"Tehran"}},"email":"lawrence.martin@example.com","login":{"uuid":"9990ba46-308b-40b2-8206-2b79b7f2eada","username":"angrygorilla265","password":"blunts","salt":"odGTbRja","md5":"4cf489de7d24d3c9768b7ea9b81dd372","sha1":"59bf67d95095d0fdc1add5f0df9f140a0441187e","sha256":"8982c90d16a2a1db11333bee5d7b02ab77c2b9df5e122fd1cad69cbc499db886"},"dob":{"date":"1985-09-09T13:24:23.428Z","age":38},"registered":{"date":"2011-04-16T07:47:21.174Z","age":13},"phone":"051-491-9686","cell":"081-312-6783","id":{"name":"PPS","value":"2590047T"},"picture":{"large":"https://randomuser.me/api/portraits/men/58.jpg","medium":"https://randomuser.me/api/portraits/med/men/58.jpg","thumbnail":"https://randomuser.me/api/portraits/thumb/men/58.jpg"},"nat":"IE"}],"info":{"seed":"55504a2450690e13","results":1,"page":1,"version":"1.4"}} 
 </msg>
<msg time="2024-04-23T05:13:27.822361" level="INFO">/opt/hostedtoolcache/Python/3.12.3/x64/lib/python3.12/site-packages/urllib3/connectionpool.py:1103: InsecureRequestWarning: Unverified HTTPS request is being made to host 'randomuser.me'. Adding certificate verification is strongly advised. See: https://urllib3.readthedocs.io/en/latest/advanced-usage.html#tls-warnings
  warnings.warn(</msg>
<msg time="2024-04-23T05:13:27.822504" level="INFO">${response} = &lt;Response [200]&gt;</msg>
<var>${response}</var>
<arg>consultarAPI</arg>
<arg>/api</arg>
<doc>Sends a GET request on a previously created HTTP Session.</doc>
<status status="PASS" start="2024-04-23T05:13:27.730069" elapsed="0.092472"/>
</kw>
<kw name="Set Variable" owner="BuiltIn">
<msg time="2024-04-23T05:13:27.823677" level="INFO">${json_data} = {'results': [{'gender': 'male', 'name': {'title': 'Mr', 'first': 'Lawrence', 'last': 'Martin'}, 'location': {'street': {'number': 458, 'name': 'Richmond Park'}, 'city': 'Navan', 'state': 'Fingal', 'co...</msg>
<var>${json_data}</var>
<arg>${response.json()}</arg>
<doc>Returns the given values which can then be assigned to a variables.</doc>
<status status="PASS" start="2024-04-23T05:13:27.823128" elapsed="0.000578"/>
</kw>
<kw name="Log" owner="BuiltIn">
<msg time="2024-04-23T05:13:27.824172" level="INFO">{'results': [{'gender': 'male', 'name': {'title': 'Mr', 'first': 'Lawrence', 'last': 'Martin'}, 'location': {'street': {'number': 458, 'name': 'Richmond Park'}, 'city': 'Navan', 'state': 'Fingal', 'country': 'Ireland', 'postcode': 46035, 'coordinates': {'latitude': '3.8305', 'longitude': '-175.8491'}, 'timezone': {'offset': '+3:30', 'description': 'Tehran'}}, 'email': 'lawrence.martin@example.com', 'login': {'uuid': '9990ba46-308b-40b2-8206-2b79b7f2eada', 'username': 'angrygorilla265', 'password': 'blunts', 'salt': 'odGTbRja', 'md5': '4cf489de7d24d3c9768b7ea9b81dd372', 'sha1': '59bf67d95095d0fdc1add5f0df9f140a0441187e', 'sha256': '8982c90d16a2a1db11333bee5d7b02ab77c2b9df5e122fd1cad69cbc499db886'}, 'dob': {'date': '1985-09-09T13:24:23.428Z', 'age': 38}, 'registered': {'date': '2011-04-16T07:47:21.174Z', 'age': 13}, 'phone': '051-491-9686', 'cell': '081-312-6783', 'id': {'name': 'PPS', 'value': '2590047T'}, 'picture': {'large': 'https://randomuser.me/api/portraits/men/58.jpg', 'medium': 'https://randomuser.me/api/portraits/med/men/58.jpg', 'thumbnail': 'https://randomuser.me/api/portraits/thumb/men/58.jpg'}, 'nat': 'IE'}], 'info': {'seed': '55504a2450690e13', 'results': 1, 'page': 1, 'version': '1.4'}}</msg>
<arg>${json_data}</arg>
<doc>Logs the given message with the given level.</doc>
<status status="PASS" start="2024-04-23T05:13:27.824017" elapsed="0.000235"/>
</kw>
<kw name="Should Be Equal As Numbers" owner="BuiltIn">
<arg>${json_data['results'][0]['location']['postcode']}</arg>
<arg>${json_data['results'][0]['location']['postcode']}</arg>
<doc>Fails if objects are unequal after converting them to real numbers.</doc>
<status status="PASS" start="2024-04-23T05:13:27.824544" elapsed="0.000798"/>
</kw>
<kw name="Log" owner="BuiltIn">
<msg time="2024-04-23T05:13:27.825914" level="INFO">46035</msg>
<arg>${json_data['results'][0]['location']['postcode']}</arg>
<doc>Logs the given message with the given level.</doc>
<status status="PASS" start="2024-04-23T05:13:27.825533" elapsed="0.000421"/>
</kw>
<status status="PASS" start="2024-04-23T05:13:27.729840" elapsed="0.096368"/>
</kw>
<doc>Testa se os tipos de dados na resposta da API estão corretos.</doc>
<tag>testeTiposDados</tag>
<status status="PASS" start="2024-04-23T05:13:27.643832" elapsed="0.182539"/>
</test>
<test id="s1-s1-t5" name="Validar conteudo" line="35">
<kw name="Teste de Tipos de Conteudo" owner="random-user-service">
<kw name="GET On Session" owner="RequestsLibrary">
<msg time="2024-04-23T05:13:27.921028" level="INFO">GET Request : url=https://randomuser.me/api 
 path_url=/api 
 headers={'User-Agent': 'python-requests/2.31.0', 'Accept-Encoding': 'gzip, deflate', 'Accept': '*/*', 'Connection': 'keep-alive'} 
 body=None 
 </msg>
<msg time="2024-04-23T05:13:27.921151" level="INFO">GET Response : url=https://randomuser.me/api 
 status=200, reason=OK 
 headers={'Date': 'Tue, 23 Apr 2024 05:13:27 GMT', 'Content-Type': 'application/json; charset=utf-8', 'Transfer-Encoding': 'chunked', 'Connection': 'keep-alive', 'X-Powered-By': 'Express', 'Access-Control-Allow-Origin': '*', 'Cache-Control': 'no-cache', 'ETag': 'W/"48d-e8jx23+tnXHbGWPEQy3rK1ZkUDE"', 'Vary': 'Accept-Encoding', 'Content-Encoding': 'gzip', 'CF-Cache-Status': 'DYNAMIC', 'Report-To': '{"endpoints":[{"url":"https:\\/\\/a.nel.cloudflare.com\\/report\\/v4?s=Jhg2BYHH9WCgqpTP%2BBOKyBh6L%2F%2BS0XXT8SF4KJRIX6G5U2NHBm8zqiWJL4zdfbrJeFeOSlS8ODyUB1Ru2%2FMlS%2FJ%2Fo6p%2Fn0Dj5lH%2BbV9nV89ZFodibHM%2BmVavmjZQDSq6"}],"group":"cf-nel","max_age":604800}', 'NEL': '{"success_fraction":0,"report_to":"cf-nel","max_age":604800}', 'Server': 'cloudflare', 'CF-RAY': '878b5d4cea433aee-IAD', 'alt-svc': 'h3=":443"; ma=86400'} 
 body={"results":[{"gender":"male","name":{"title":"Mr","first":"Darius","last":"Domburg"},"location":{"street":{"number":5194,"name":"Dambeern"},"city":"Leimuiderbrug","state":"Zeeland","country":"Netherlands","postcode":"6671 SM","coordinates":{"latitude":"35.0570","longitude":"-86.7986"},"timezone":{"offset":"+2:00","description":"Kaliningrad, South Africa"}},"email":"darius.domburg@example.com","login":{"uuid":"228857d3-dec3-43ac-b878-c0a5fe14a398","username":"heavyleopard811","password":"lonesome","salt":"16VnoOV9","md5":"faf8a5a459510cfbc090c3ca7ebe4da1","sha1":"1f626a3cfcd44ea0f2e086bd1cd3a69129a9b18f","sha256":"8e60afc8b746780517caa8d79ffb090ee05f950ac45bfc7c0f1bb8a0b3f025a3"},"dob":{"date":"1944-09-12T04:16:01.010Z","age":79},"registered":{"date":"2015-03-06T12:10:33.027Z","age":9},"phone":"(099) 0262554","cell":"(06) 37330903","id":{"name":"BSN","value":"30406268"},"picture":{"large":"https://randomuser.me/api/portraits/men/36.jpg","medium":"https://randomuser.me/api/portraits/med/men/36.jpg","thumbnail":"https://randomuser.me/api/portraits/thumb/men/36.jpg"},"nat":"NL"}],"info":{"seed":"459856933262257c","results":1,"page":1,"version":"1.4"}} 
 </msg>
<msg time="2024-04-23T05:13:27.921229" level="INFO">/opt/hostedtoolcache/Python/3.12.3/x64/lib/python3.12/site-packages/urllib3/connectionpool.py:1103: InsecureRequestWarning: Unverified HTTPS request is being made to host 'randomuser.me'. Adding certificate verification is strongly advised. See: https://urllib3.readthedocs.io/en/latest/advanced-usage.html#tls-warnings
  warnings.warn(</msg>
<msg time="2024-04-23T05:13:27.921367" level="INFO">${response} = &lt;Response [200]&gt;</msg>
<var>${response}</var>
<arg>consultarAPI</arg>
<arg>/api</arg>
<doc>Sends a GET request on a previously created HTTP Session.</doc>
<status status="PASS" start="2024-04-23T05:13:27.828893" elapsed="0.092522"/>
</kw>
<kw name="Set Variable" owner="BuiltIn">
<msg time="2024-04-23T05:13:27.922604" level="INFO">${json_data} = {'results': [{'gender': 'male', 'name': {'title': 'Mr', 'first': 'Darius', 'last': 'Domburg'}, 'location': {'street': {'number': 5194, 'name': 'Dambeern'}, 'city': 'Leimuiderbrug', 'state': 'Zeeland',...</msg>
<var>${json_data}</var>
<arg>${response.json()}</arg>
<doc>Returns the given values which can then be assigned to a variables.</doc>
<status status="PASS" start="2024-04-23T05:13:27.922059" elapsed="0.000573"/>
</kw>
<kw name="Set Variable" owner="BuiltIn">
<msg time="2024-04-23T05:13:27.923320" level="INFO">${name_title} = Mr</msg>
<var>${name_title}</var>
<arg>${json_data["results"][0]["name"]["title"]}</arg>
<doc>Returns the given values which can then be assigned to a variables.</doc>
<status status="PASS" start="2024-04-23T05:13:27.922934" elapsed="0.000411"/>
</kw>
<kw name="Create List" owner="BuiltIn">
<msg time="2024-04-23T05:13:27.923790" level="INFO">${allowed_titles} = ['Mr', 'Ms', 'Miss', 'Mrs', 'Madame', 'Monsieur']</msg>
<var>${allowed_titles}</var>
<arg>Mr</arg>
<arg>Ms</arg>
<arg>Miss</arg>
<arg>Mrs</arg>
<arg>Madame</arg>
<arg>Monsieur</arg>
<doc>Returns a list containing given items.</doc>
<status status="PASS" start="2024-04-23T05:13:27.923643" elapsed="0.000171"/>
</kw>
<kw name="List Should Contain Value" owner="Collections">
<msg time="2024-04-23T05:13:27.924277" level="INFO">False</msg>
<arg>${allowed_titles}</arg>
<arg>${name_title}</arg>
<doc>Fails if the ``value`` is not found from ``list``.</doc>
<status status="PASS" start="2024-04-23T05:13:27.924107" elapsed="0.000206"/>
</kw>
<kw name="Set Variable" owner="BuiltIn">
<msg time="2024-04-23T05:13:27.924975" level="INFO">${name_country} = NL</msg>
<var>${name_country}</var>
<arg>${json_data["results"][0]["nat"]}</arg>
<doc>Returns the given values which can then be assigned to a variables.</doc>
<status status="PASS" start="2024-04-23T05:13:27.924592" elapsed="0.000408"/>
</kw>
<kw name="Create List" owner="BuiltIn">
<msg time="2024-04-23T05:13:27.925912" level="INFO">${list_country} = ['AD', 'AE', 'AF', 'AG', 'AI', 'AL', 'AM', 'AO', 'AQ', 'AR', 'AS', 'AT', 'AU', 'AW', 'AX', 'AZ', 'BA', 'BB', 'BD', 'BE', 'BF', 'BG', 'BH', 'BI', 'BJ', 'BL', 'BM', 'BN', 'BO', 'BQ', 'BR', 'BS', 'BT', '...</msg>
<var>${list_country}</var>
<arg>AD</arg>
<arg>AE</arg>
<arg>AF</arg>
<arg>AG</arg>
<arg>AI</arg>
<arg>AL</arg>
<arg>AM</arg>
<arg>AO</arg>
<arg>AQ</arg>
<arg>AR</arg>
<arg>AS</arg>
<arg>AT</arg>
<arg>AU</arg>
<arg>AW</arg>
<arg>AX</arg>
<arg>AZ</arg>
<arg>BA</arg>
<arg>BB</arg>
<arg>BD</arg>
<arg>BE</arg>
<arg>BF</arg>
<arg>BG</arg>
<arg>BH</arg>
<arg>BI</arg>
<arg>BJ</arg>
<arg>BL</arg>
<arg>BM</arg>
<arg>BN</arg>
<arg>BO</arg>
<arg>BQ</arg>
<arg>BR</arg>
<arg>BS</arg>
<arg>BT</arg>
<arg>BV</arg>
<arg>BW</arg>
<arg>BY</arg>
<arg>BZ</arg>
<arg>CA</arg>
<arg>CC</arg>
<arg>CD</arg>
<arg>CF</arg>
<arg>CG</arg>
<arg>CH</arg>
<arg>CI</arg>
<arg>CK</arg>
<arg>CL</arg>
<arg>CM</arg>
<arg>CN</arg>
<arg>CO</arg>
<arg>CR</arg>
<arg>CU</arg>
<arg>CV</arg>
<arg>CW</arg>
<arg>CX</arg>
<arg>CY</arg>
<arg>CZ</arg>
<arg>DE</arg>
<arg>DJ</arg>
<arg>DK</arg>
<arg>DM</arg>
<arg>DO</arg>
<arg>DZ</arg>
<arg>EC</arg>
<arg>EE</arg>
<arg>EG</arg>
<arg>EH</arg>
<arg>ER</arg>
<arg>ES</arg>
<arg>ET</arg>
<arg>FI</arg>
<arg>FJ</arg>
<arg>FK</arg>
<arg>FM</arg>
<arg>FO</arg>
<arg>FR</arg>
<arg>GA</arg>
<arg>GB</arg>
<arg>GD</arg>
<arg>GE</arg>
<arg>GF</arg>
<arg>GG</arg>
<arg>GH</arg>
<arg>GI</arg>
<arg>GL</arg>
<arg>GM</arg>
<arg>GN</arg>
<arg>GP</arg>
<arg>GQ</arg>
<arg>GR</arg>
<arg>GS</arg>
<arg>GT</arg>
<arg>GU</arg>
<arg>GW</arg>
<arg>GY</arg>
<arg>HK</arg>
<arg>HM</arg>
<arg>HN</arg>
<arg>HR</arg>
<arg>HT</arg>
<arg>HU</arg>
<arg>ID</arg>
<arg>IE</arg>
<arg>IL</arg>
<arg>IM</arg>
<arg>IN</arg>
<arg>IO</arg>
<arg>IQ</arg>
<arg>IR</arg>
<arg>IS</arg>
<arg>IT</arg>
<arg>JE</arg>
<arg>JM</arg>
<arg>JO</arg>
<arg>JP</arg>
<arg>KE</arg>
<arg>KG</arg>
<arg>KH</arg>
<arg>KI</arg>
<arg>KM</arg>
<arg>KN</arg>
<arg>KP</arg>
<arg>KR</arg>
<arg>KW</arg>
<arg>KY</arg>
<arg>KZ</arg>
<arg>LA</arg>
<arg>LB</arg>
<arg>LC</arg>
<arg>LI</arg>
<arg>LK</arg>
<arg>LR</arg>
<arg>LS</arg>
<arg>LT</arg>
<arg>LU</arg>
<arg>LV</arg>
<arg>LY</arg>
<arg>MA</arg>
<arg>MC</arg>
<arg>MD</arg>
<arg>ME</arg>
<arg>MF</arg>
<arg>MG</arg>
<arg>MH</arg>
<arg>MK</arg>
<arg>ML</arg>
<arg>MM</arg>
<arg>MN</arg>
<arg>MO</arg>
<arg>MP</arg>
<arg>MQ</arg>
<arg>MR</arg>
<arg>MS</arg>
<arg>MT</arg>
<arg>MU</arg>
<arg>MV</arg>
<arg>MW</arg>
<arg>MX</arg>
<arg>MY</arg>
<arg>MZ</arg>
<arg>NA</arg>
<arg>NC</arg>
<arg>NE</arg>
<arg>NF</arg>
<arg>NG</arg>
<arg>NI</arg>
<arg>NL</arg>
<arg>NO</arg>
<arg>NP</arg>
<arg>NR</arg>
<arg>NU</arg>
<arg>NZ</arg>
<arg>OM</arg>
<arg>PA</arg>
<arg>PE</arg>
<arg>PF</arg>
<arg>PG</arg>
<arg>PH</arg>
<arg>PK</arg>
<arg>PL</arg>
<arg>PM</arg>
<arg>PN</arg>
<arg>PR</arg>
<arg>PS</arg>
<arg>PT</arg>
<arg>PW</arg>
<arg>PY</arg>
<arg>QA</arg>
<arg>RE</arg>
<arg>RO</arg>
<arg>RS</arg>
<arg>RU</arg>
<arg>RW</arg>
<arg>SA</arg>
<arg>SB</arg>
<arg>SC</arg>
<arg>SD</arg>
<arg>SE</arg>
<arg>SG</arg>
<arg>SH</arg>
<arg>SI</arg>
<arg>SJ</arg>
<arg>SK</arg>
<arg>SL</arg>
<arg>SM</arg>
<arg>SN</arg>
<arg>SO</arg>
<arg>SR</arg>
<arg>SS</arg>
<arg>ST</arg>
<arg>SV</arg>
<arg>SX</arg>
<arg>SY</arg>
<arg>SZ</arg>
<arg>TC</arg>
<arg>TD</arg>
<arg>TF</arg>
<arg>TG</arg>
<arg>TH</arg>
<arg>TJ</arg>
<arg>TK</arg>
<arg>TL</arg>
<arg>TM</arg>
<arg>TN</arg>
<arg>TO</arg>
<arg>TR</arg>
<arg>TT</arg>
<arg>TV</arg>
<arg>TW</arg>
<arg>TZ</arg>
<arg>UA</arg>
<arg>UG</arg>
<arg>UM</arg>
<arg>US</arg>
<arg>UY</arg>
<arg>UZ</arg>
<arg>VA</arg>
<arg>VC</arg>
<arg>VE</arg>
<arg>VG</arg>
<arg>VI</arg>
<arg>VN</arg>
<arg>VU</arg>
<arg>WF</arg>
<arg>WS</arg>
<arg>XK</arg>
<arg>YE</arg>
<arg>YT</arg>
<arg>ZA</arg>
<arg>ZM</arg>
<arg>ZW</arg>
<doc>Returns a list containing given items.</doc>
<status status="PASS" start="2024-04-23T05:13:27.925297" elapsed="0.000640"/>
</kw>
<kw name="List Should Contain Value" owner="Collections">
<msg time="2024-04-23T05:13:27.926922" level="INFO">False</msg>
<arg>${list_country}</arg>
<arg>${name_country}</arg>
<doc>Fails if the ``value`` is not found from ``list``.</doc>
<status status="PASS" start="2024-04-23T05:13:27.926723" elapsed="0.000235"/>
</kw>
<kw name="Run Keyword If" owner="BuiltIn">
<kw name="Should Be True" owner="BuiltIn">
<arg>${True}</arg>
<doc>Fails if the given condition is not true.</doc>
<status status="PASS" start="2024-04-23T05:13:27.928016" elapsed="0.000142"/>
</kw>
<arg>${json_data["results"][0]["location"]["coordinates"]["latitude"]} &gt;= -90 and ${json_data["results"][0]["location"]["coordinates"]["latitude"]} &lt;= 90</arg>
<arg>Should Be True</arg>
<arg>${True}</arg>
<doc>Runs the given keyword with the given arguments, if ``condition`` is true.</doc>
<status status="PASS" start="2024-04-23T05:13:27.927261" elapsed="0.001021"/>
</kw>
<kw name="Run Keyword If" owner="BuiltIn">
<kw name="Should Be True" owner="BuiltIn">
<arg>${True}</arg>
<doc>Fails if the given condition is not true.</doc>
<status status="PASS" start="2024-04-23T05:13:27.929159" elapsed="0.000257"/>
</kw>
<arg>${json_data["results"][0]["location"]["coordinates"]["longitude"]} &gt;= -180 and ${json_data["results"][0]["location"]["coordinates"]["longitude"]} &lt;= 180</arg>
<arg>Should Be True</arg>
<arg>${True}</arg>
<doc>Runs the given keyword with the given arguments, if ``condition`` is true.</doc>
<status status="PASS" start="2024-04-23T05:13:27.928464" elapsed="0.001078"/>
</kw>
<status status="PASS" start="2024-04-23T05:13:27.828666" elapsed="0.101036"/>
</kw>
<doc>Testa o conteúdo específico dos campos retornados pela API.</doc>
<tag>testeConteudo</tag>
<status status="PASS" start="2024-04-23T05:13:27.828109" elapsed="0.101749"/>
</test>
<status status="PASS" start="2024-04-23T05:13:26.972993" elapsed="0.958871"/>
</suite>
<status status="PASS" start="2024-04-23T05:13:26.959651" elapsed="0.977424"/>
</suite>
<statistics>
<total>
<stat pass="5" fail="0" skip="0">All Tests</stat>
</total>
<tag>
<stat pass="1" fail="0" skip="0">testeConteudo</stat>
<stat pass="1" fail="0" skip="0">testeEstruturaResposta</stat>
<stat pass="1" fail="0" skip="0">testeRequisicaoBasica</stat>
<stat pass="1" fail="0" skip="0">testeTiposDados</stat>
</tag>
<suite>
<stat pass="5" fail="0" skip="0" id="s1" name="Tests">Tests</stat>
<stat pass="5" fail="0" skip="0" id="s1-s1" name="Random-User-Test">Tests.Random-User-Test</stat>
</suite>
</statistics>
<errors>
</errors>
</robot>
