<?xml version="1.0" encoding="UTF-8"?>
<robot generator="Robot 7.0 (Python 3.12.3 on linux)" generated="2024-05-22T12:28:01.006108" rpa="false" schemaversion="5">
<suite id="s1" name="Tests" source="/home/runner/work/DesafioQAItauRogerioJordao/DesafioQAItauRogerioJordao/RamdonUser/tests">
<suite id="s1-s1" name="Random-User-Test" source="/home/runner/work/DesafioQAItauRogerioJordao/DesafioQAItauRogerioJordao/RamdonUser/tests/random-user-test.robot">
<test id="s1-s1-t1" name="Conectar" line="13">
<kw name="Conectar API" owner="random-user-service">
<kw name="Create Session" owner="RequestsLibrary">
<msg time="2024-05-22T12:28:01.416435" level="INFO">Creating Session using : alias=consultarAPI, url=https://randomuser.me/, headers={},                     cookies={}, auth=None, timeout=None, proxies=None, verify=False,                     debug=0 </msg>
<arg>consultarAPI</arg>
<arg>${URL}</arg>
<doc>Create Session: create a HTTP session to a server</doc>
<status status="PASS" start="2024-05-22T12:28:01.416232" elapsed="0.000384"/>
</kw>
<status status="PASS" start="2024-05-22T12:28:01.415166" elapsed="0.001842"/>
</kw>
<status status="PASS" start="2024-05-22T12:28:01.414580" elapsed="0.002623"/>
</test>
<test id="s1-s1-t2" name="Validar retorno 200 e JSON Válido" line="16">
<kw name="Teste de Requisicao Basica" owner="random-user-service">
<kw name="GET On Session" owner="RequestsLibrary">
<msg time="2024-05-22T12:28:07.765816" level="INFO">GET Request : url=https://randomuser.me/api 
 path_url=/api 
 headers={'User-Agent': 'python-requests/2.32.2', 'Accept-Encoding': 'gzip, deflate', 'Accept': '*/*', 'Connection': 'keep-alive'} 
 body=None 
 </msg>
<msg time="2024-05-22T12:28:07.765973" level="INFO">GET Response : url=https://randomuser.me/api 
 status=200, reason=OK 
 headers={'Date': 'Wed, 22 May 2024 12:28:07 GMT', 'Content-Type': 'application/json; charset=utf-8', 'Transfer-Encoding': 'chunked', 'Connection': 'keep-alive', 'X-Powered-By': 'Express', 'Access-Control-Allow-Origin': '*', 'Cache-Control': 'no-cache', 'ETag': 'W/"496-TeErLq0JP8bJSBQvuDi2wGlulRY"', 'Vary': 'Accept-Encoding', 'Content-Encoding': 'gzip', 'CF-Cache-Status': 'DYNAMIC', 'Report-To': '{"endpoints":[{"url":"https:\\/\\/a.nel.cloudflare.com\\/report\\/v4?s=6tt9JjiazDF1rH%2F9yJ5HWxtwmY9uZZvr0SwAuXilS3LUXSQGY4iRqdXozPdUMYC1GmqC929BcAXbg%2B%2B9lyySUafcG3KcQhuLicdHL%2BtMSjANrKVybKZ8kt6rns73x1Oc"}],"group":"cf-nel","max_age":604800}', 'NEL': '{"success_fraction":0,"report_to":"cf-nel","max_age":604800}', 'Server': 'cloudflare', 'CF-RAY': '887ccdbdbd1a1ff4-IAD', 'alt-svc': 'h3=":443"; ma=86400'} 
 body={"results":[{"gender":"female","name":{"title":"Miss","first":"Dunja","last":"Tomović"},"location":{"street":{"number":8273,"name":"Andrije Stojkovića"},"city":"Osečina","state":"Toplica","country":"Serbia","postcode":98395,"coordinates":{"latitude":"60.8907","longitude":"162.6167"},"timezone":{"offset":"+4:00","description":"Abu Dhabi, Muscat, Baku, Tbilisi"}},"email":"dunja.tomovic@example.com","login":{"uuid":"3d4ad09e-f576-49a1-97a7-989ed33c5ba0","username":"lazymeercat589","password":"niners","salt":"wBxLOeuB","md5":"c397dacc247b4244484a231e6e555c61","sha1":"4b11dd086d9374fe725ca2a60cea8d47aa20175d","sha256":"4942a0568aac6445485e8b3471ef20c8164806cbc9abeaa59ffbd9f41e7b96c8"},"dob":{"date":"1978-07-06T13:15:10.284Z","age":45},"registered":{"date":"2020-07-06T19:02:43.841Z","age":3},"phone":"012-7376-010","cell":"060-8291-261","id":{"name":"SID","value":"340031209"},"picture":{"large":"https://randomuser.me/api/portraits/women/79.jpg","medium":"https://randomuser.me/api/portraits/med/women/79.jpg","thumbnail":"https://randomuser.me/api/portraits/thumb/women/79.jpg"},"nat":"RS"}],"info":{"seed":"0fd457a1a2ce5657","results":1,"page":1,"version":"1.4"}} 
 </msg>
<msg time="2024-05-22T12:28:07.766059" level="INFO">/opt/hostedtoolcache/Python/3.12.3/x64/lib/python3.12/site-packages/urllib3/connectionpool.py:1103: InsecureRequestWarning: Unverified HTTPS request is being made to host 'randomuser.me'. Adding certificate verification is strongly advised. See: https://urllib3.readthedocs.io/en/latest/advanced-usage.html#tls-warnings
  warnings.warn(</msg>
<msg time="2024-05-22T12:28:07.766219" level="INFO">${response} = &lt;Response [200]&gt;</msg>
<var>${response}</var>
<arg>consultarAPI</arg>
<arg>/api</arg>
<doc>Sends a GET request on a previously created HTTP Session.</doc>
<status status="PASS" start="2024-05-22T12:28:01.419828" elapsed="6.346437"/>
</kw>
<kw name="Should Be Equal As Numbers" owner="BuiltIn">
<msg time="2024-05-22T12:28:07.767290" level="INFO">Argument types are:
&lt;class 'int'&gt;
&lt;class 'str'&gt;</msg>
<arg>${response.status_code}</arg>
<arg>200</arg>
<doc>Fails if objects are unequal after converting them to real numbers.</doc>
<status status="PASS" start="2024-05-22T12:28:07.766832" elapsed="0.000522"/>
</kw>
<kw name="Log" owner="BuiltIn">
<msg time="2024-05-22T12:28:07.768037" level="INFO">200</msg>
<arg>${response.status_code}</arg>
<doc>Logs the given message with the given level.</doc>
<status status="PASS" start="2024-05-22T12:28:07.767695" elapsed="0.000391"/>
</kw>
<kw name="Set Variable" owner="BuiltIn">
<msg time="2024-05-22T12:28:07.768881" level="INFO">${json_data} = {'results': [{'gender': 'female', 'name': {'title': 'Miss', 'first': 'Dunja', 'last': 'Tomović'}, 'location': {'street': {'number': 8273, 'name': 'Andrije Stojkovića'}, 'city': 'Osečina', 'state': 'To...</msg>
<var>${json_data}</var>
<arg>${response.json()}</arg>
<doc>Returns the given values which can then be assigned to a variables.</doc>
<status status="PASS" start="2024-05-22T12:28:07.768388" elapsed="0.000527"/>
</kw>
<kw name="Dictionary Should Contain Key" owner="Collections">
<msg time="2024-05-22T12:28:07.769402" level="INFO">False</msg>
<arg>${json_data}</arg>
<arg>results</arg>
<doc>Fails if ``key`` is not found from ``dictionary``.</doc>
<status status="PASS" start="2024-05-22T12:28:07.769231" elapsed="0.000370"/>
</kw>
<status status="PASS" start="2024-05-22T12:28:01.419571" elapsed="6.350299"/>
</kw>
<doc>Testa se a API responde corretamente e retorna um objeto JSON válido.</doc>
<tag>testeRequisicaoBasica</tag>
<status status="PASS" start="2024-05-22T12:28:01.419080" elapsed="6.350970"/>
</test>
<test id="s1-s1-t3" name="Validar estrutura de resposta" line="22">
<kw name="Teste de Estrutura de Resposta" owner="random-user-service">
<kw name="GET On Session" owner="RequestsLibrary">
<msg time="2024-05-22T12:28:12.570229" level="INFO">GET Request : url=https://randomuser.me/api 
 path_url=/api 
 headers={'User-Agent': 'python-requests/2.32.2', 'Accept-Encoding': 'gzip, deflate', 'Accept': '*/*', 'Connection': 'keep-alive'} 
 body=None 
 </msg>
<msg time="2024-05-22T12:28:12.570344" level="INFO">GET Response : url=https://randomuser.me/api 
 status=200, reason=OK 
 headers={'Date': 'Wed, 22 May 2024 12:28:12 GMT', 'Content-Type': 'application/json; charset=utf-8', 'Transfer-Encoding': 'chunked', 'Connection': 'keep-alive', 'X-Powered-By': 'Express', 'Access-Control-Allow-Origin': '*', 'Cache-Control': 'no-cache', 'ETag': 'W/"47c-Y2BlXABWgwfTFC7RYMpiMXW7X8s"', 'Vary': 'Accept-Encoding', 'Content-Encoding': 'gzip', 'CF-Cache-Status': 'DYNAMIC', 'Report-To': '{"endpoints":[{"url":"https:\\/\\/a.nel.cloudflare.com\\/report\\/v4?s=NaMmdS4781m5eBFbVcKn3ccqR4fOKYhN1VC50iTp%2BuKxk%2BSjF7Ynxv%2F0rL5JnLIL0Q%2F4mw5gBlMkmLbrzve3HETPWgYST9pvrgUNL1%2BnIm9O7QZfu1dSvGiWJrjT02I1"}],"group":"cf-nel","max_age":604800}', 'NEL': '{"success_fraction":0,"report_to":"cf-nel","max_age":604800}', 'Server': 'cloudflare', 'CF-RAY': '887ccde49b731ff4-IAD', 'alt-svc': 'h3=":443"; ma=86400'} 
 body={"results":[{"gender":"female","name":{"title":"Ms","first":"Saloni","last":"Moolya"},"location":{"street":{"number":7396,"name":"Coaker's Walk"},"city":"Miryalaguda","state":"Bihar","country":"India","postcode":23329,"coordinates":{"latitude":"9.1496","longitude":"118.7325"},"timezone":{"offset":"-3:30","description":"Newfoundland"}},"email":"saloni.moolya@example.com","login":{"uuid":"a8f4b392-2f99-4daa-a650-faa7750494d1","username":"beautifulzebra688","password":"frogs","salt":"0LIZON6y","md5":"ef955d1faecdb80e414bfed6002a591c","sha1":"4f8deccbee142cc4028ab0a242602a7003f8ada9","sha256":"2b913807fffde7909e55512d6db8358bfaf74ccd6368c53bda3f2aad458b5335"},"dob":{"date":"1981-01-02T19:23:42.110Z","age":43},"registered":{"date":"2011-05-13T09:32:59.712Z","age":13},"phone":"8026280224","cell":"8363456915","id":{"name":"UIDAI","value":"670266640645"},"picture":{"large":"https://randomuser.me/api/portraits/women/43.jpg","medium":"https://randomuser.me/api/portraits/med/women/43.jpg","thumbnail":"https://randomuser.me/api/portraits/thumb/women/43.jpg"},"nat":"IN"}],"info":{"seed":"9aa3163ba752e23c","results":1,"page":1,"version":"1.4"}} 
 </msg>
<msg time="2024-05-22T12:28:12.570480" level="INFO">/opt/hostedtoolcache/Python/3.12.3/x64/lib/python3.12/site-packages/urllib3/connectionpool.py:1103: InsecureRequestWarning: Unverified HTTPS request is being made to host 'randomuser.me'. Adding certificate verification is strongly advised. See: https://urllib3.readthedocs.io/en/latest/advanced-usage.html#tls-warnings
  warnings.warn(</msg>
<msg time="2024-05-22T12:28:12.570633" level="INFO">${response} = &lt;Response [200]&gt;</msg>
<var>${response}</var>
<arg>consultarAPI</arg>
<arg>/api</arg>
<doc>Sends a GET request on a previously created HTTP Session.</doc>
<status status="PASS" start="2024-05-22T12:28:07.772562" elapsed="4.798117"/>
</kw>
<kw name="Set Variable" owner="BuiltIn">
<msg time="2024-05-22T12:28:12.571702" level="INFO">${json_data} = {'results': [{'gender': 'female', 'name': {'title': 'Ms', 'first': 'Saloni', 'last': 'Moolya'}, 'location': {'street': {'number': 7396, 'name': "Coaker's Walk"}, 'city': 'Miryalaguda', 'state': 'Bihar...</msg>
<var>${json_data}</var>
<arg>${response.json()}</arg>
<doc>Returns the given values which can then be assigned to a variables.</doc>
<status status="PASS" start="2024-05-22T12:28:12.571181" elapsed="0.000551"/>
</kw>
<kw name="Log" owner="BuiltIn">
<msg time="2024-05-22T12:28:12.572195" level="INFO">{'results': [{'gender': 'female', 'name': {'title': 'Ms', 'first': 'Saloni', 'last': 'Moolya'}, 'location': {'street': {'number': 7396, 'name': "Coaker's Walk"}, 'city': 'Miryalaguda', 'state': 'Bihar', 'country': 'India', 'postcode': 23329, 'coordinates': {'latitude': '9.1496', 'longitude': '118.7325'}, 'timezone': {'offset': '-3:30', 'description': 'Newfoundland'}}, 'email': 'saloni.moolya@example.com', 'login': {'uuid': 'a8f4b392-2f99-4daa-a650-faa7750494d1', 'username': 'beautifulzebra688', 'password': 'frogs', 'salt': '0LIZON6y', 'md5': 'ef955d1faecdb80e414bfed6002a591c', 'sha1': '4f8deccbee142cc4028ab0a242602a7003f8ada9', 'sha256': '2b913807fffde7909e55512d6db8358bfaf74ccd6368c53bda3f2aad458b5335'}, 'dob': {'date': '1981-01-02T19:23:42.110Z', 'age': 43}, 'registered': {'date': '2011-05-13T09:32:59.712Z', 'age': 13}, 'phone': '8026280224', 'cell': '8363456915', 'id': {'name': 'UIDAI', 'value': '670266640645'}, 'picture': {'large': 'https://randomuser.me/api/portraits/women/43.jpg', 'medium': 'https://randomuser.me/api/portraits/med/women/43.jpg', 'thumbnail': 'https://randomuser.me/api/portraits/thumb/women/43.jpg'}, 'nat': 'IN'}], 'info': {'seed': '9aa3163ba752e23c', 'results': 1, 'page': 1, 'version': '1.4'}}</msg>
<arg>${json_data}</arg>
<doc>Logs the given message with the given level.</doc>
<status status="PASS" start="2024-05-22T12:28:12.572040" elapsed="0.000202"/>
</kw>
<kw name="Dictionary Should Contain Key" owner="Collections">
<msg time="2024-05-22T12:28:12.572686" level="INFO">False</msg>
<arg>${json_data}</arg>
<arg>results</arg>
<doc>Fails if ``key`` is not found from ``dictionary``.</doc>
<status status="PASS" start="2024-05-22T12:28:12.572532" elapsed="0.000190"/>
</kw>
<kw name="Should Not Be Empty" owner="BuiltIn">
<msg time="2024-05-22T12:28:12.573215" level="INFO">Length is 2.</msg>
<arg>${json_data}</arg>
<doc>Verifies that the given item is not empty.</doc>
<status status="PASS" start="2024-05-22T12:28:12.573075" elapsed="0.000178"/>
</kw>
<kw name="Create List" owner="BuiltIn">
<msg time="2024-05-22T12:28:12.573699" level="INFO">${expected_keys} = ['gender', 'name', 'location', 'email', 'login']</msg>
<var>${expected_keys}</var>
<arg>gender</arg>
<arg>name</arg>
<arg>location</arg>
<arg>email</arg>
<arg>login</arg>
<doc>Returns a list containing given items.</doc>
<status status="PASS" start="2024-05-22T12:28:12.573548" elapsed="0.000175"/>
</kw>
<for flavor="IN">
<iter>
<kw name="Dictionary Should Contain Key" owner="Collections">
<msg time="2024-05-22T12:28:12.574708" level="INFO">False</msg>
<arg>${json_data['results'][0]}</arg>
<arg>${key}</arg>
<doc>Fails if ``key`` is not found from ``dictionary``.</doc>
<status status="PASS" start="2024-05-22T12:28:12.574306" elapsed="0.000445"/>
</kw>
<kw name="Log" owner="BuiltIn">
<msg time="2024-05-22T12:28:12.575405" level="INFO">{'gender': 'female', 'name': {'title': 'Ms', 'first': 'Saloni', 'last': 'Moolya'}, 'location': {'street': {'number': 7396, 'name': "Coaker's Walk"}, 'city': 'Miryalaguda', 'state': 'Bihar', 'country': 'India', 'postcode': 23329, 'coordinates': {'latitude': '9.1496', 'longitude': '118.7325'}, 'timezone': {'offset': '-3:30', 'description': 'Newfoundland'}}, 'email': 'saloni.moolya@example.com', 'login': {'uuid': 'a8f4b392-2f99-4daa-a650-faa7750494d1', 'username': 'beautifulzebra688', 'password': 'frogs', 'salt': '0LIZON6y', 'md5': 'ef955d1faecdb80e414bfed6002a591c', 'sha1': '4f8deccbee142cc4028ab0a242602a7003f8ada9', 'sha256': '2b913807fffde7909e55512d6db8358bfaf74ccd6368c53bda3f2aad458b5335'}, 'dob': {'date': '1981-01-02T19:23:42.110Z', 'age': 43}, 'registered': {'date': '2011-05-13T09:32:59.712Z', 'age': 13}, 'phone': '8026280224', 'cell': '8363456915', 'id': {'name': 'UIDAI', 'value': '670266640645'}, 'picture': {'large': 'https://randomuser.me/api/portraits/women/43.jpg', 'medium': 'https://randomuser.me/api/portraits/med/women/43.jpg', 'thumbnail': 'https://randomuser.me/api/portraits/thumb/women/43.jpg'}, 'nat': 'IN'}</msg>
<arg>${json_data['results'][0]}</arg>
<doc>Logs the given message with the given level.</doc>
<status status="PASS" start="2024-05-22T12:28:12.575049" elapsed="0.000404"/>
</kw>
<kw name="Log" owner="BuiltIn">
<msg time="2024-05-22T12:28:12.575875" level="INFO">gender</msg>
<arg>${key}</arg>
<doc>Logs the given message with the given level.</doc>
<status status="PASS" start="2024-05-22T12:28:12.575748" elapsed="0.000164"/>
</kw>
<var name="${key}">gender</var>
<status status="PASS" start="2024-05-22T12:28:12.574182" elapsed="0.001942"/>
</iter>
<iter>
<kw name="Dictionary Should Contain Key" owner="Collections">
<msg time="2024-05-22T12:28:12.576831" level="INFO">False</msg>
<arg>${json_data['results'][0]}</arg>
<arg>${key}</arg>
<doc>Fails if ``key`` is not found from ``dictionary``.</doc>
<status status="PASS" start="2024-05-22T12:28:12.576425" elapsed="0.000445"/>
</kw>
<kw name="Log" owner="BuiltIn">
<msg time="2024-05-22T12:28:12.577557" level="INFO">{'gender': 'female', 'name': {'title': 'Ms', 'first': 'Saloni', 'last': 'Moolya'}, 'location': {'street': {'number': 7396, 'name': "Coaker's Walk"}, 'city': 'Miryalaguda', 'state': 'Bihar', 'country': 'India', 'postcode': 23329, 'coordinates': {'latitude': '9.1496', 'longitude': '118.7325'}, 'timezone': {'offset': '-3:30', 'description': 'Newfoundland'}}, 'email': 'saloni.moolya@example.com', 'login': {'uuid': 'a8f4b392-2f99-4daa-a650-faa7750494d1', 'username': 'beautifulzebra688', 'password': 'frogs', 'salt': '0LIZON6y', 'md5': 'ef955d1faecdb80e414bfed6002a591c', 'sha1': '4f8deccbee142cc4028ab0a242602a7003f8ada9', 'sha256': '2b913807fffde7909e55512d6db8358bfaf74ccd6368c53bda3f2aad458b5335'}, 'dob': {'date': '1981-01-02T19:23:42.110Z', 'age': 43}, 'registered': {'date': '2011-05-13T09:32:59.712Z', 'age': 13}, 'phone': '8026280224', 'cell': '8363456915', 'id': {'name': 'UIDAI', 'value': '670266640645'}, 'picture': {'large': 'https://randomuser.me/api/portraits/women/43.jpg', 'medium': 'https://randomuser.me/api/portraits/med/women/43.jpg', 'thumbnail': 'https://randomuser.me/api/portraits/thumb/women/43.jpg'}, 'nat': 'IN'}</msg>
<arg>${json_data['results'][0]}</arg>
<doc>Logs the given message with the given level.</doc>
<status status="PASS" start="2024-05-22T12:28:12.577204" elapsed="0.000401"/>
</kw>
<kw name="Log" owner="BuiltIn">
<msg time="2024-05-22T12:28:12.578025" level="INFO">name</msg>
<arg>${key}</arg>
<doc>Logs the given message with the given level.</doc>
<status status="PASS" start="2024-05-22T12:28:12.577896" elapsed="0.000167"/>
</kw>
<var name="${key}">name</var>
<status status="PASS" start="2024-05-22T12:28:12.576311" elapsed="0.001964"/>
</iter>
<iter>
<kw name="Dictionary Should Contain Key" owner="Collections">
<msg time="2024-05-22T12:28:12.578943" level="INFO">False</msg>
<arg>${json_data['results'][0]}</arg>
<arg>${key}</arg>
<doc>Fails if ``key`` is not found from ``dictionary``.</doc>
<status status="PASS" start="2024-05-22T12:28:12.578576" elapsed="0.000404"/>
</kw>
<kw name="Log" owner="BuiltIn">
<msg time="2024-05-22T12:28:12.579640" level="INFO">{'gender': 'female', 'name': {'title': 'Ms', 'first': 'Saloni', 'last': 'Moolya'}, 'location': {'street': {'number': 7396, 'name': "Coaker's Walk"}, 'city': 'Miryalaguda', 'state': 'Bihar', 'country': 'India', 'postcode': 23329, 'coordinates': {'latitude': '9.1496', 'longitude': '118.7325'}, 'timezone': {'offset': '-3:30', 'description': 'Newfoundland'}}, 'email': 'saloni.moolya@example.com', 'login': {'uuid': 'a8f4b392-2f99-4daa-a650-faa7750494d1', 'username': 'beautifulzebra688', 'password': 'frogs', 'salt': '0LIZON6y', 'md5': 'ef955d1faecdb80e414bfed6002a591c', 'sha1': '4f8deccbee142cc4028ab0a242602a7003f8ada9', 'sha256': '2b913807fffde7909e55512d6db8358bfaf74ccd6368c53bda3f2aad458b5335'}, 'dob': {'date': '1981-01-02T19:23:42.110Z', 'age': 43}, 'registered': {'date': '2011-05-13T09:32:59.712Z', 'age': 13}, 'phone': '8026280224', 'cell': '8363456915', 'id': {'name': 'UIDAI', 'value': '670266640645'}, 'picture': {'large': 'https://randomuser.me/api/portraits/women/43.jpg', 'medium': 'https://randomuser.me/api/portraits/med/women/43.jpg', 'thumbnail': 'https://randomuser.me/api/portraits/thumb/women/43.jpg'}, 'nat': 'IN'}</msg>
<arg>${json_data['results'][0]}</arg>
<doc>Logs the given message with the given level.</doc>
<status status="PASS" start="2024-05-22T12:28:12.579280" elapsed="0.000409"/>
</kw>
<kw name="Log" owner="BuiltIn">
<msg time="2024-05-22T12:28:12.580101" level="INFO">location</msg>
<arg>${key}</arg>
<doc>Logs the given message with the given level.</doc>
<status status="PASS" start="2024-05-22T12:28:12.579976" elapsed="0.000163"/>
</kw>
<var name="${key}">location</var>
<status status="PASS" start="2024-05-22T12:28:12.578457" elapsed="0.001898"/>
</iter>
<iter>
<kw name="Dictionary Should Contain Key" owner="Collections">
<msg time="2024-05-22T12:28:12.581153" level="INFO">False</msg>
<arg>${json_data['results'][0]}</arg>
<arg>${key}</arg>
<doc>Fails if ``key`` is not found from ``dictionary``.</doc>
<status status="PASS" start="2024-05-22T12:28:12.580633" elapsed="0.000559"/>
</kw>
<kw name="Log" owner="BuiltIn">
<msg time="2024-05-22T12:28:12.581847" level="INFO">{'gender': 'female', 'name': {'title': 'Ms', 'first': 'Saloni', 'last': 'Moolya'}, 'location': {'street': {'number': 7396, 'name': "Coaker's Walk"}, 'city': 'Miryalaguda', 'state': 'Bihar', 'country': 'India', 'postcode': 23329, 'coordinates': {'latitude': '9.1496', 'longitude': '118.7325'}, 'timezone': {'offset': '-3:30', 'description': 'Newfoundland'}}, 'email': 'saloni.moolya@example.com', 'login': {'uuid': 'a8f4b392-2f99-4daa-a650-faa7750494d1', 'username': 'beautifulzebra688', 'password': 'frogs', 'salt': '0LIZON6y', 'md5': 'ef955d1faecdb80e414bfed6002a591c', 'sha1': '4f8deccbee142cc4028ab0a242602a7003f8ada9', 'sha256': '2b913807fffde7909e55512d6db8358bfaf74ccd6368c53bda3f2aad458b5335'}, 'dob': {'date': '1981-01-02T19:23:42.110Z', 'age': 43}, 'registered': {'date': '2011-05-13T09:32:59.712Z', 'age': 13}, 'phone': '8026280224', 'cell': '8363456915', 'id': {'name': 'UIDAI', 'value': '670266640645'}, 'picture': {'large': 'https://randomuser.me/api/portraits/women/43.jpg', 'medium': 'https://randomuser.me/api/portraits/med/women/43.jpg', 'thumbnail': 'https://randomuser.me/api/portraits/thumb/women/43.jpg'}, 'nat': 'IN'}</msg>
<arg>${json_data['results'][0]}</arg>
<doc>Logs the given message with the given level.</doc>
<status status="PASS" start="2024-05-22T12:28:12.581491" elapsed="0.000404"/>
</kw>
<kw name="Log" owner="BuiltIn">
<msg time="2024-05-22T12:28:12.582314" level="INFO">email</msg>
<arg>${key}</arg>
<doc>Logs the given message with the given level.</doc>
<status status="PASS" start="2024-05-22T12:28:12.582187" elapsed="0.000163"/>
</kw>
<var name="${key}">email</var>
<status status="PASS" start="2024-05-22T12:28:12.580525" elapsed="0.002042"/>
</iter>
<iter>
<kw name="Dictionary Should Contain Key" owner="Collections">
<msg time="2024-05-22T12:28:12.583239" level="INFO">False</msg>
<arg>${json_data['results'][0]}</arg>
<arg>${key}</arg>
<doc>Fails if ``key`` is not found from ``dictionary``.</doc>
<status status="PASS" start="2024-05-22T12:28:12.582850" elapsed="0.000427"/>
</kw>
<kw name="Log" owner="BuiltIn">
<msg time="2024-05-22T12:28:12.583924" level="INFO">{'gender': 'female', 'name': {'title': 'Ms', 'first': 'Saloni', 'last': 'Moolya'}, 'location': {'street': {'number': 7396, 'name': "Coaker's Walk"}, 'city': 'Miryalaguda', 'state': 'Bihar', 'country': 'India', 'postcode': 23329, 'coordinates': {'latitude': '9.1496', 'longitude': '118.7325'}, 'timezone': {'offset': '-3:30', 'description': 'Newfoundland'}}, 'email': 'saloni.moolya@example.com', 'login': {'uuid': 'a8f4b392-2f99-4daa-a650-faa7750494d1', 'username': 'beautifulzebra688', 'password': 'frogs', 'salt': '0LIZON6y', 'md5': 'ef955d1faecdb80e414bfed6002a591c', 'sha1': '4f8deccbee142cc4028ab0a242602a7003f8ada9', 'sha256': '2b913807fffde7909e55512d6db8358bfaf74ccd6368c53bda3f2aad458b5335'}, 'dob': {'date': '1981-01-02T19:23:42.110Z', 'age': 43}, 'registered': {'date': '2011-05-13T09:32:59.712Z', 'age': 13}, 'phone': '8026280224', 'cell': '8363456915', 'id': {'name': 'UIDAI', 'value': '670266640645'}, 'picture': {'large': 'https://randomuser.me/api/portraits/women/43.jpg', 'medium': 'https://randomuser.me/api/portraits/med/women/43.jpg', 'thumbnail': 'https://randomuser.me/api/portraits/thumb/women/43.jpg'}, 'nat': 'IN'}</msg>
<arg>${json_data['results'][0]}</arg>
<doc>Logs the given message with the given level.</doc>
<status status="PASS" start="2024-05-22T12:28:12.583576" elapsed="0.000396"/>
</kw>
<kw name="Log" owner="BuiltIn">
<msg time="2024-05-22T12:28:12.584388" level="INFO">login</msg>
<arg>${key}</arg>
<doc>Logs the given message with the given level.</doc>
<status status="PASS" start="2024-05-22T12:28:12.584264" elapsed="0.000162"/>
</kw>
<var name="${key}">login</var>
<status status="PASS" start="2024-05-22T12:28:12.582740" elapsed="0.001900"/>
</iter>
<var>${key}</var>
<value>@{expected_keys}</value>
<status status="PASS" start="2024-05-22T12:28:12.573987" elapsed="0.010823"/>
</for>
<kw name="Create List" owner="BuiltIn">
<msg time="2024-05-22T12:28:12.585151" level="INFO">${expected_keysTwo} = ['username', 'password']</msg>
<var>${expected_keysTwo}</var>
<arg>username</arg>
<arg>password</arg>
<doc>Returns a list containing given items.</doc>
<status status="PASS" start="2024-05-22T12:28:12.585016" elapsed="0.000158"/>
</kw>
<for flavor="IN">
<iter>
<kw name="Dictionary Should Contain Key" owner="Collections">
<msg time="2024-05-22T12:28:12.586051" level="INFO">False</msg>
<arg>${json_data['results'][0]['login']}</arg>
<arg>${keyTwo}</arg>
<doc>Fails if ``key`` is not found from ``dictionary``.</doc>
<status status="PASS" start="2024-05-22T12:28:12.585670" elapsed="0.000417"/>
</kw>
<kw name="Dictionary Should Contain Key" owner="Collections">
<msg time="2024-05-22T12:28:12.586754" level="INFO">False</msg>
<arg>${json_data['results'][0]['login']}</arg>
<arg>${keyTwo}</arg>
<doc>Fails if ``key`` is not found from ``dictionary``.</doc>
<status status="PASS" start="2024-05-22T12:28:12.586381" elapsed="0.000410"/>
</kw>
<kw name="Log" owner="BuiltIn">
<msg time="2024-05-22T12:28:12.587207" level="INFO">username</msg>
<arg>${keyTwo}</arg>
<doc>Logs the given message with the given level.</doc>
<status status="PASS" start="2024-05-22T12:28:12.587082" elapsed="0.000163"/>
</kw>
<var name="${keyTwo}">username</var>
<status status="PASS" start="2024-05-22T12:28:12.585562" elapsed="0.001898"/>
</iter>
<iter>
<kw name="Dictionary Should Contain Key" owner="Collections">
<msg time="2024-05-22T12:28:12.588114" level="INFO">False</msg>
<arg>${json_data['results'][0]['login']}</arg>
<arg>${keyTwo}</arg>
<doc>Fails if ``key`` is not found from ``dictionary``.</doc>
<status status="PASS" start="2024-05-22T12:28:12.587739" elapsed="0.000413"/>
</kw>
<kw name="Dictionary Should Contain Key" owner="Collections">
<msg time="2024-05-22T12:28:12.588839" level="INFO">False</msg>
<arg>${json_data['results'][0]['login']}</arg>
<arg>${keyTwo}</arg>
<doc>Fails if ``key`` is not found from ``dictionary``.</doc>
<status status="PASS" start="2024-05-22T12:28:12.588445" elapsed="0.000431"/>
</kw>
<kw name="Log" owner="BuiltIn">
<msg time="2024-05-22T12:28:12.589307" level="INFO">password</msg>
<arg>${keyTwo}</arg>
<doc>Logs the given message with the given level.</doc>
<status status="PASS" start="2024-05-22T12:28:12.589180" elapsed="0.000164"/>
</kw>
<var name="${keyTwo}">password</var>
<status status="PASS" start="2024-05-22T12:28:12.587630" elapsed="0.001928"/>
</iter>
<var>${keyTwo}</var>
<value>@{expected_keysTwo}</value>
<status status="PASS" start="2024-05-22T12:28:12.585411" elapsed="0.004265"/>
</for>
<status status="PASS" start="2024-05-22T12:28:07.772319" elapsed="4.817496"/>
</kw>
<doc>Testa a estrutura da resposta da API.</doc>
<tag>testeEstruturaResposta</tag>
<status status="PASS" start="2024-05-22T12:28:07.771819" elapsed="4.818153"/>
</test>
<test id="s1-s1-t4" name="Validar tipos de dados" line="28">
<kw name="Teste de Tipos de Dados" owner="random-user-service">
<kw name="GET On Session" owner="RequestsLibrary">
<msg time="2024-05-22T12:28:15.941680" level="INFO">GET Request : url=https://randomuser.me/api 
 path_url=/api 
 headers={'User-Agent': 'python-requests/2.32.2', 'Accept-Encoding': 'gzip, deflate', 'Accept': '*/*', 'Connection': 'keep-alive'} 
 body=None 
 </msg>
<msg time="2024-05-22T12:28:15.941775" level="INFO">GET Response : url=https://randomuser.me/api 
 status=200, reason=OK 
 headers={'Date': 'Wed, 22 May 2024 12:28:15 GMT', 'Content-Type': 'application/json; charset=utf-8', 'Transfer-Encoding': 'chunked', 'Connection': 'keep-alive', 'X-Powered-By': 'Express', 'Access-Control-Allow-Origin': '*', 'Cache-Control': 'no-cache', 'ETag': 'W/"498-E8MHrlkDXF8PG+ENQoFpS2//+5s"', 'Vary': 'Accept-Encoding', 'Content-Encoding': 'gzip', 'CF-Cache-Status': 'DYNAMIC', 'Report-To': '{"endpoints":[{"url":"https:\\/\\/a.nel.cloudflare.com\\/report\\/v4?s=c8Sn3Jl36w27YpYYhRNiO8RFbsoY1vtiyOK6n9PoI5E9gc%2BcVJG8YzAGTyEiOtYNN85%2BZWpShKSuABeN3uydkXOnCKUzl0jpC2LiQbxns9GtT2Y3IHPTr8xkzD8iICB5"}],"group":"cf-nel","max_age":604800}', 'NEL': '{"success_fraction":0,"report_to":"cf-nel","max_age":604800}', 'Server': 'cloudflare', 'CF-RAY': '887cce02bfb41ff4-IAD', 'alt-svc': 'h3=":443"; ma=86400'} 
 body={"results":[{"gender":"male","name":{"title":"Mr","first":"Alexis","last":"Singh"},"location":{"street":{"number":8435,"name":"St. Catherine St"},"city":"Maidstone","state":"Northwest Territories","country":"Canada","postcode":"V5H 0C7","coordinates":{"latitude":"-69.9798","longitude":"-34.5698"},"timezone":{"offset":"+4:00","description":"Abu Dhabi, Muscat, Baku, Tbilisi"}},"email":"alexis.singh@example.com","login":{"uuid":"1d9dd863-db6c-43b4-a7fe-9ee220d3df07","username":"whiteswan634","password":"joseph","salt":"ZRzVnRsA","md5":"29565a0aa28428421f6b8a28d4dfb7c7","sha1":"5a737c5c7e7c72e76b1b4e9df3cc5bf73e729ebb","sha256":"8eef6d706ad434b0d9cb75a593f33d0e8d89d591188500b3ce1d6a23333ca06f"},"dob":{"date":"1997-04-03T22:35:21.579Z","age":27},"registered":{"date":"2020-11-22T21:52:58.431Z","age":3},"phone":"D08 G89-0426","cell":"I40 Q60-9873","id":{"name":"SIN","value":"508330172"},"picture":{"large":"https://randomuser.me/api/portraits/men/17.jpg","medium":"https://randomuser.me/api/portraits/med/men/17.jpg","thumbnail":"https://randomuser.me/api/portraits/thumb/men/17.jpg"},"nat":"CA"}],"info":{"seed":"35b01413db98323d","results":1,"page":1,"version":"1.4"}} 
 </msg>
<msg time="2024-05-22T12:28:15.941846" level="INFO">/opt/hostedtoolcache/Python/3.12.3/x64/lib/python3.12/site-packages/urllib3/connectionpool.py:1103: InsecureRequestWarning: Unverified HTTPS request is being made to host 'randomuser.me'. Adding certificate verification is strongly advised. See: https://urllib3.readthedocs.io/en/latest/advanced-usage.html#tls-warnings
  warnings.warn(</msg>
<msg time="2024-05-22T12:28:15.941990" level="INFO">${response} = &lt;Response [200]&gt;</msg>
<var>${response}</var>
<arg>consultarAPI</arg>
<arg>/api</arg>
<doc>Sends a GET request on a previously created HTTP Session.</doc>
<status status="PASS" start="2024-05-22T12:28:12.592447" elapsed="3.349585"/>
</kw>
<kw name="Set Variable" owner="BuiltIn">
<msg time="2024-05-22T12:28:15.943052" level="INFO">${json_data} = {'results': [{'gender': 'male', 'name': {'title': 'Mr', 'first': 'Alexis', 'last': 'Singh'}, 'location': {'street': {'number': 8435, 'name': 'St. Catherine St'}, 'city': 'Maidstone', 'state': 'Northwe...</msg>
<var>${json_data}</var>
<arg>${response.json()}</arg>
<doc>Returns the given values which can then be assigned to a variables.</doc>
<status status="PASS" start="2024-05-22T12:28:15.942539" elapsed="0.000541"/>
</kw>
<kw name="Log" owner="BuiltIn">
<msg time="2024-05-22T12:28:15.943540" level="INFO">{'results': [{'gender': 'male', 'name': {'title': 'Mr', 'first': 'Alexis', 'last': 'Singh'}, 'location': {'street': {'number': 8435, 'name': 'St. Catherine St'}, 'city': 'Maidstone', 'state': 'Northwest Territories', 'country': 'Canada', 'postcode': 'V5H 0C7', 'coordinates': {'latitude': '-69.9798', 'longitude': '-34.5698'}, 'timezone': {'offset': '+4:00', 'description': 'Abu Dhabi, Muscat, Baku, Tbilisi'}}, 'email': 'alexis.singh@example.com', 'login': {'uuid': '1d9dd863-db6c-43b4-a7fe-9ee220d3df07', 'username': 'whiteswan634', 'password': 'joseph', 'salt': 'ZRzVnRsA', 'md5': '29565a0aa28428421f6b8a28d4dfb7c7', 'sha1': '5a737c5c7e7c72e76b1b4e9df3cc5bf73e729ebb', 'sha256': '8eef6d706ad434b0d9cb75a593f33d0e8d89d591188500b3ce1d6a23333ca06f'}, 'dob': {'date': '1997-04-03T22:35:21.579Z', 'age': 27}, 'registered': {'date': '2020-11-22T21:52:58.431Z', 'age': 3}, 'phone': 'D08 G89-0426', 'cell': 'I40 Q60-9873', 'id': {'name': 'SIN', 'value': '508330172'}, 'picture': {'large': 'https://randomuser.me/api/portraits/men/17.jpg', 'medium': 'https://randomuser.me/api/portraits/med/men/17.jpg', 'thumbnail': 'https://randomuser.me/api/portraits/thumb/men/17.jpg'}, 'nat': 'CA'}], 'info': {'seed': '35b01413db98323d', 'results': 1, 'page': 1, 'version': '1.4'}}</msg>
<arg>${json_data}</arg>
<doc>Logs the given message with the given level.</doc>
<status status="PASS" start="2024-05-22T12:28:15.943385" elapsed="0.000238"/>
</kw>
<kw name="Should Be String" owner="String">
<arg>${json_data['results'][0]['gender']}</arg>
<doc>Fails if the given ``item`` is not a string.</doc>
<status status="PASS" start="2024-05-22T12:28:15.943919" elapsed="0.000370"/>
</kw>
<kw name="Should Match Regexp" owner="BuiltIn">
<arg>${json_data['results'][0]['email']}</arg>
<arg>^[a-zA-Z0-9._%+-]+@[a-zA-Z0-9.-]+\.[a-zA-Z]{2,}$</arg>
<doc>Fails if ``string`` does not match ``pattern`` as a regular expression.</doc>
<status status="PASS" start="2024-05-22T12:28:15.944481" elapsed="0.000707"/>
</kw>
<kw name="Should Match Regexp" owner="BuiltIn">
<arg>${json_data['results'][0]['dob']['date']}</arg>
<arg>\\d{4}-\\d{2}-\\d{2}T\\d{2}:\\d{2}:\\d{2}\\.\\d{3}Z</arg>
<doc>Fails if ``string`` does not match ``pattern`` as a regular expression.</doc>
<status status="PASS" start="2024-05-22T12:28:15.945388" elapsed="0.000484"/>
</kw>
<kw name="Should Match Regexp" owner="BuiltIn">
<arg>${json_data['results'][0]['registered']['date']}</arg>
<arg>\\d{4}-\\d{2}-\\d{2}T\\d{2}:\\d{2}:\\d{2}\\.\\d{3}Z</arg>
<doc>Fails if ``string`` does not match ``pattern`` as a regular expression.</doc>
<status status="PASS" start="2024-05-22T12:28:15.946067" elapsed="0.000384"/>
</kw>
<kw name="Should Match Regexp" owner="BuiltIn">
<arg>${json_data['results'][0]['picture']['large']}</arg>
<arg>^https?://.*\.(?:png|jpe?g|gif|bmp)$</arg>
<doc>Fails if ``string`` does not match ``pattern`` as a regular expression.</doc>
<status status="PASS" start="2024-05-22T12:28:15.946644" elapsed="0.000456"/>
</kw>
<kw name="Should Match Regexp" owner="BuiltIn">
<arg>${json_data['results'][0]['picture']['medium']}</arg>
<arg>^https?://.*\.(?:png|jpe?g|gif|bmp)$</arg>
<doc>Fails if ``string`` does not match ``pattern`` as a regular expression.</doc>
<status status="PASS" start="2024-05-22T12:28:15.947318" elapsed="0.000364"/>
</kw>
<kw name="Should Match Regexp" owner="BuiltIn">
<arg>${json_data['results'][0]['picture']['thumbnail']}</arg>
<arg>^https?://.*\.(?:png|jpe?g|gif|bmp)$</arg>
<doc>Fails if ``string`` does not match ``pattern`` as a regular expression.</doc>
<status status="PASS" start="2024-05-22T12:28:15.947871" elapsed="0.000345"/>
</kw>
<kw name="Log" owner="BuiltIn">
<msg time="2024-05-22T12:28:15.948718" level="INFO">{'large': 'https://randomuser.me/api/portraits/men/17.jpg', 'medium': 'https://randomuser.me/api/portraits/med/men/17.jpg', 'thumbnail': 'https://randomuser.me/api/portraits/thumb/men/17.jpg'}</msg>
<arg>${json_data['results'][0]['picture']}</arg>
<doc>Logs the given message with the given level.</doc>
<status status="PASS" start="2024-05-22T12:28:15.948398" elapsed="0.000361"/>
</kw>
<status status="PASS" start="2024-05-22T12:28:12.592213" elapsed="3.356827"/>
</kw>
<kw name="Teste de Tipos de Dados - Postcode" owner="random-user-service">
<kw name="GET On Session" owner="RequestsLibrary">
<msg time="2024-05-22T12:28:18.405717" level="INFO">GET Request : url=https://randomuser.me/api 
 path_url=/api 
 headers={'User-Agent': 'python-requests/2.32.2', 'Accept-Encoding': 'gzip, deflate', 'Accept': '*/*', 'Connection': 'keep-alive'} 
 body=None 
 </msg>
<msg time="2024-05-22T12:28:18.405825" level="INFO">GET Response : url=https://randomuser.me/api 
 status=200, reason=OK 
 headers={'Date': 'Wed, 22 May 2024 12:28:18 GMT', 'Content-Type': 'application/json; charset=utf-8', 'Transfer-Encoding': 'chunked', 'Connection': 'keep-alive', 'X-Powered-By': 'Express', 'Access-Control-Allow-Origin': '*', 'Cache-Control': 'no-cache', 'ETag': 'W/"480-K90ZeWUUojIQu4q+6ipP8eN7PfI"', 'Vary': 'Accept-Encoding', 'Content-Encoding': 'gzip', 'CF-Cache-Status': 'DYNAMIC', 'Report-To': '{"endpoints":[{"url":"https:\\/\\/a.nel.cloudflare.com\\/report\\/v4?s=bafkG%2BoH%2FfsQS9KRTKTm%2Fc2rifkMUa2w9QBLQHYYcnz%2FvjNXNl6N2iXixzGYd%2BEz%2FqtrPsrUBr6mncfns5jtIxNnbaBBlw7CKewbQJiQjEzy3vSaBcFWuhifUxwcOzgX"}],"group":"cf-nel","max_age":604800}', 'NEL': '{"success_fraction":0,"report_to":"cf-nel","max_age":604800}', 'Server': 'cloudflare', 'CF-RAY': '887cce17b8ea1ff4-IAD', 'alt-svc': 'h3=":443"; ma=86400'} 
 body={"results":[{"gender":"male","name":{"title":"Mr","first":"Bryan","last":"Duncan"},"location":{"street":{"number":5938,"name":"Hillcrest Rd"},"city":"Traralgon","state":"Tasmania","country":"Australia","postcode":9960,"coordinates":{"latitude":"-84.3762","longitude":"-131.5771"},"timezone":{"offset":"+2:00","description":"Kaliningrad, South Africa"}},"email":"bryan.duncan@example.com","login":{"uuid":"23895ea0-dc4e-4beb-8740-60fc70db0734","username":"crazybear449","password":"jarhead","salt":"1Ws5T3Rc","md5":"0967861efbeec6a75f2deeb73eecb54d","sha1":"d6f77943539f3842151a73fe8978f5ad3f4a140f","sha256":"45cb88b76622b7351cc5efe7c429044981e86a7d1025165b9f286eef69ce28f8"},"dob":{"date":"1947-11-21T02:28:21.982Z","age":76},"registered":{"date":"2021-11-10T16:54:20.011Z","age":2},"phone":"04-0870-4223","cell":"0416-202-928","id":{"name":"TFN","value":"471450387"},"picture":{"large":"https://randomuser.me/api/portraits/men/76.jpg","medium":"https://randomuser.me/api/portraits/med/men/76.jpg","thumbnail":"https://randomuser.me/api/portraits/thumb/men/76.jpg"},"nat":"AU"}],"info":{"seed":"b418b75e0fb26853","results":1,"page":1,"version":"1.4"}} 
 </msg>
<msg time="2024-05-22T12:28:18.405910" level="INFO">/opt/hostedtoolcache/Python/3.12.3/x64/lib/python3.12/site-packages/urllib3/connectionpool.py:1103: InsecureRequestWarning: Unverified HTTPS request is being made to host 'randomuser.me'. Adding certificate verification is strongly advised. See: https://urllib3.readthedocs.io/en/latest/advanced-usage.html#tls-warnings
  warnings.warn(</msg>
<msg time="2024-05-22T12:28:18.406074" level="INFO">${response} = &lt;Response [200]&gt;</msg>
<var>${response}</var>
<arg>consultarAPI</arg>
<arg>/api</arg>
<doc>Sends a GET request on a previously created HTTP Session.</doc>
<status status="PASS" start="2024-05-22T12:28:15.949500" elapsed="2.456626"/>
</kw>
<kw name="Set Variable" owner="BuiltIn">
<msg time="2024-05-22T12:28:18.407212" level="INFO">${json_data} = {'results': [{'gender': 'male', 'name': {'title': 'Mr', 'first': 'Bryan', 'last': 'Duncan'}, 'location': {'street': {'number': 5938, 'name': 'Hillcrest Rd'}, 'city': 'Traralgon', 'state': 'Tasmania', ...</msg>
<var>${json_data}</var>
<arg>${response.json()}</arg>
<doc>Returns the given values which can then be assigned to a variables.</doc>
<status status="PASS" start="2024-05-22T12:28:18.406657" elapsed="0.000586"/>
</kw>
<kw name="Log" owner="BuiltIn">
<msg time="2024-05-22T12:28:18.407723" level="INFO">{'results': [{'gender': 'male', 'name': {'title': 'Mr', 'first': 'Bryan', 'last': 'Duncan'}, 'location': {'street': {'number': 5938, 'name': 'Hillcrest Rd'}, 'city': 'Traralgon', 'state': 'Tasmania', 'country': 'Australia', 'postcode': 9960, 'coordinates': {'latitude': '-84.3762', 'longitude': '-131.5771'}, 'timezone': {'offset': '+2:00', 'description': 'Kaliningrad, South Africa'}}, 'email': 'bryan.duncan@example.com', 'login': {'uuid': '23895ea0-dc4e-4beb-8740-60fc70db0734', 'username': 'crazybear449', 'password': 'jarhead', 'salt': '1Ws5T3Rc', 'md5': '0967861efbeec6a75f2deeb73eecb54d', 'sha1': 'd6f77943539f3842151a73fe8978f5ad3f4a140f', 'sha256': '45cb88b76622b7351cc5efe7c429044981e86a7d1025165b9f286eef69ce28f8'}, 'dob': {'date': '1947-11-21T02:28:21.982Z', 'age': 76}, 'registered': {'date': '2021-11-10T16:54:20.011Z', 'age': 2}, 'phone': '04-0870-4223', 'cell': '0416-202-928', 'id': {'name': 'TFN', 'value': '471450387'}, 'picture': {'large': 'https://randomuser.me/api/portraits/men/76.jpg', 'medium': 'https://randomuser.me/api/portraits/med/men/76.jpg', 'thumbnail': 'https://randomuser.me/api/portraits/thumb/men/76.jpg'}, 'nat': 'AU'}], 'info': {'seed': 'b418b75e0fb26853', 'results': 1, 'page': 1, 'version': '1.4'}}</msg>
<arg>${json_data}</arg>
<doc>Logs the given message with the given level.</doc>
<status status="PASS" start="2024-05-22T12:28:18.407568" elapsed="0.000237"/>
</kw>
<kw name="Should Be Equal As Numbers" owner="BuiltIn">
<arg>${json_data['results'][0]['location']['postcode']}</arg>
<arg>${json_data['results'][0]['location']['postcode']}</arg>
<doc>Fails if objects are unequal after converting them to real numbers.</doc>
<status status="PASS" start="2024-05-22T12:28:18.408111" elapsed="0.000641"/>
</kw>
<kw name="Log" owner="BuiltIn">
<msg time="2024-05-22T12:28:18.409358" level="INFO">9960</msg>
<arg>${json_data['results'][0]['location']['postcode']}</arg>
<doc>Logs the given message with the given level.</doc>
<status status="PASS" start="2024-05-22T12:28:18.409009" elapsed="0.000391"/>
</kw>
<status status="PASS" start="2024-05-22T12:28:15.949269" elapsed="2.460392"/>
</kw>
<doc>Testa se os tipos de dados na resposta da API estão corretos.</doc>
<tag>testeTiposDados</tag>
<status status="PASS" start="2024-05-22T12:28:12.591736" elapsed="5.818100"/>
</test>
<test id="s1-s1-t5" name="Validar conteudo" line="35">
<kw name="Teste de Tipos de Conteudo" owner="random-user-service">
<kw name="GET On Session" owner="RequestsLibrary">
<msg time="2024-05-22T12:28:19.469760" level="INFO">GET Request : url=https://randomuser.me/api 
 path_url=/api 
 headers={'User-Agent': 'python-requests/2.32.2', 'Accept-Encoding': 'gzip, deflate', 'Accept': '*/*', 'Connection': 'keep-alive'} 
 body=None 
 </msg>
<msg time="2024-05-22T12:28:19.469872" level="INFO">GET Response : url=https://randomuser.me/api 
 status=200, reason=OK 
 headers={'Date': 'Wed, 22 May 2024 12:28:19 GMT', 'Content-Type': 'application/json; charset=utf-8', 'Transfer-Encoding': 'chunked', 'Connection': 'keep-alive', 'X-Powered-By': 'Express', 'Access-Control-Allow-Origin': '*', 'Cache-Control': 'no-cache', 'ETag': 'W/"494-G0hZi9mzNrPC0dZVkbSk2Pnbecw"', 'Vary': 'Accept-Encoding', 'Content-Encoding': 'gzip', 'CF-Cache-Status': 'DYNAMIC', 'Report-To': '{"endpoints":[{"url":"https:\\/\\/a.nel.cloudflare.com\\/report\\/v4?s=Lg6Qc8yxnpFU3bZ40P05blQnADxmKllwW0BwKV4IvNoM7Q02MeB1hdJQK%2BEjT7EVSVtTwKIl6p5aMJqCaqHUPL%2FQvi%2Be7cHw8n0ASR7%2FYNUfSJSjmxhUDGf5vXjerg5A"}],"group":"cf-nel","max_age":604800}', 'NEL': '{"success_fraction":0,"report_to":"cf-nel","max_age":604800}', 'Server': 'cloudflare', 'CF-RAY': '887cce271bf51ff4-IAD', 'alt-svc': 'h3=":443"; ma=86400'} 
 body={"results":[{"gender":"female","name":{"title":"Ms","first":"Victoria","last":"Nielsen"},"location":{"street":{"number":4335,"name":"Blåbærvej"},"city":"Ulsted, Hals","state":"Sjælland","country":"Denmark","postcode":74782,"coordinates":{"latitude":"-46.9453","longitude":"129.0487"},"timezone":{"offset":"+1:00","description":"Brussels, Copenhagen, Madrid, Paris"}},"email":"victoria.nielsen@example.com","login":{"uuid":"fac761ec-bb24-4eda-80ec-bb280e77cba1","username":"silverpanda770","password":"topgun","salt":"Rjq6ZOYc","md5":"751c4ed5304a621575515fd0f420a1e1","sha1":"d892c4de05ec5f54657505a1dcbe3c1538cb914b","sha256":"78e0508f176da5085da18a09371b994c6120cd3b29426f2d66ee32b036ba147e"},"dob":{"date":"1952-07-28T21:01:31.952Z","age":71},"registered":{"date":"2012-09-01T01:11:25.536Z","age":11},"phone":"84477600","cell":"30562180","id":{"name":"CPR","value":"280752-2345"},"picture":{"large":"https://randomuser.me/api/portraits/women/4.jpg","medium":"https://randomuser.me/api/portraits/med/women/4.jpg","thumbnail":"https://randomuser.me/api/portraits/thumb/women/4.jpg"},"nat":"DK"}],"info":{"seed":"fef3a728b8dcc3e1","results":1,"page":1,"version":"1.4"}} 
 </msg>
<msg time="2024-05-22T12:28:19.469958" level="INFO">/opt/hostedtoolcache/Python/3.12.3/x64/lib/python3.12/site-packages/urllib3/connectionpool.py:1103: InsecureRequestWarning: Unverified HTTPS request is being made to host 'randomuser.me'. Adding certificate verification is strongly advised. See: https://urllib3.readthedocs.io/en/latest/advanced-usage.html#tls-warnings
  warnings.warn(</msg>
<msg time="2024-05-22T12:28:19.470132" level="INFO">${response} = &lt;Response [200]&gt;</msg>
<var>${response}</var>
<arg>consultarAPI</arg>
<arg>/api</arg>
<doc>Sends a GET request on a previously created HTTP Session.</doc>
<status status="PASS" start="2024-05-22T12:28:18.412610" elapsed="1.057577"/>
</kw>
<kw name="Set Variable" owner="BuiltIn">
<msg time="2024-05-22T12:28:19.471228" level="INFO">${json_data} = {'results': [{'gender': 'female', 'name': {'title': 'Ms', 'first': 'Victoria', 'last': 'Nielsen'}, 'location': {'street': {'number': 4335, 'name': 'Blåbærvej'}, 'city': 'Ulsted, Hals', 'state': 'Sjæll...</msg>
<var>${json_data}</var>
<arg>${response.json()}</arg>
<doc>Returns the given values which can then be assigned to a variables.</doc>
<status status="PASS" start="2024-05-22T12:28:19.470715" elapsed="0.000542"/>
</kw>
<kw name="Set Variable" owner="BuiltIn">
<msg time="2024-05-22T12:28:19.471950" level="INFO">${name_title} = Ms</msg>
<var>${name_title}</var>
<arg>${json_data["results"][0]["name"]["title"]}</arg>
<doc>Returns the given values which can then be assigned to a variables.</doc>
<status status="PASS" start="2024-05-22T12:28:19.471561" elapsed="0.000414"/>
</kw>
<kw name="Create List" owner="BuiltIn">
<msg time="2024-05-22T12:28:19.472424" level="INFO">${allowed_titles} = ['Mr', 'Ms', 'Miss', 'Mrs', 'Madame', 'Monsieur']</msg>
<var>${allowed_titles}</var>
<arg>Mr</arg>
<arg>Ms</arg>
<arg>Miss</arg>
<arg>Mrs</arg>
<arg>Madame</arg>
<arg>Monsieur</arg>
<doc>Returns a list containing given items.</doc>
<status status="PASS" start="2024-05-22T12:28:19.472276" elapsed="0.000172"/>
</kw>
<kw name="List Should Contain Value" owner="Collections">
<msg time="2024-05-22T12:28:19.472975" level="INFO">False</msg>
<arg>${allowed_titles}</arg>
<arg>${name_title}</arg>
<doc>Fails if the ``value`` is not found from ``list``.</doc>
<status status="PASS" start="2024-05-22T12:28:19.472747" elapsed="0.000266"/>
</kw>
<kw name="Set Variable" owner="BuiltIn">
<msg time="2024-05-22T12:28:19.473866" level="INFO">${name_country} = DK</msg>
<var>${name_country}</var>
<arg>${json_data["results"][0]["nat"]}</arg>
<doc>Returns the given values which can then be assigned to a variables.</doc>
<status status="PASS" start="2024-05-22T12:28:19.473308" elapsed="0.000588"/>
</kw>
<kw name="Create List" owner="BuiltIn">
<msg time="2024-05-22T12:28:19.474803" level="INFO">${list_country} = ['AD', 'AE', 'AF', 'AG', 'AI', 'AL', 'AM', 'AO', 'AQ', 'AR', 'AS', 'AT', 'AU', 'AW', 'AX', 'AZ', 'BA', 'BB', 'BD', 'BE', 'BF', 'BG', 'BH', 'BI', 'BJ', 'BL', 'BM', 'BN', 'BO', 'BQ', 'BR', 'BS', 'BT', '...</msg>
<var>${list_country}</var>
<arg>AD</arg>
<arg>AE</arg>
<arg>AF</arg>
<arg>AG</arg>
<arg>AI</arg>
<arg>AL</arg>
<arg>AM</arg>
<arg>AO</arg>
<arg>AQ</arg>
<arg>AR</arg>
<arg>AS</arg>
<arg>AT</arg>
<arg>AU</arg>
<arg>AW</arg>
<arg>AX</arg>
<arg>AZ</arg>
<arg>BA</arg>
<arg>BB</arg>
<arg>BD</arg>
<arg>BE</arg>
<arg>BF</arg>
<arg>BG</arg>
<arg>BH</arg>
<arg>BI</arg>
<arg>BJ</arg>
<arg>BL</arg>
<arg>BM</arg>
<arg>BN</arg>
<arg>BO</arg>
<arg>BQ</arg>
<arg>BR</arg>
<arg>BS</arg>
<arg>BT</arg>
<arg>BV</arg>
<arg>BW</arg>
<arg>BY</arg>
<arg>BZ</arg>
<arg>CA</arg>
<arg>CC</arg>
<arg>CD</arg>
<arg>CF</arg>
<arg>CG</arg>
<arg>CH</arg>
<arg>CI</arg>
<arg>CK</arg>
<arg>CL</arg>
<arg>CM</arg>
<arg>CN</arg>
<arg>CO</arg>
<arg>CR</arg>
<arg>CU</arg>
<arg>CV</arg>
<arg>CW</arg>
<arg>CX</arg>
<arg>CY</arg>
<arg>CZ</arg>
<arg>DE</arg>
<arg>DJ</arg>
<arg>DK</arg>
<arg>DM</arg>
<arg>DO</arg>
<arg>DZ</arg>
<arg>EC</arg>
<arg>EE</arg>
<arg>EG</arg>
<arg>EH</arg>
<arg>ER</arg>
<arg>ES</arg>
<arg>ET</arg>
<arg>FI</arg>
<arg>FJ</arg>
<arg>FK</arg>
<arg>FM</arg>
<arg>FO</arg>
<arg>FR</arg>
<arg>GA</arg>
<arg>GB</arg>
<arg>GD</arg>
<arg>GE</arg>
<arg>GF</arg>
<arg>GG</arg>
<arg>GH</arg>
<arg>GI</arg>
<arg>GL</arg>
<arg>GM</arg>
<arg>GN</arg>
<arg>GP</arg>
<arg>GQ</arg>
<arg>GR</arg>
<arg>GS</arg>
<arg>GT</arg>
<arg>GU</arg>
<arg>GW</arg>
<arg>GY</arg>
<arg>HK</arg>
<arg>HM</arg>
<arg>HN</arg>
<arg>HR</arg>
<arg>HT</arg>
<arg>HU</arg>
<arg>ID</arg>
<arg>IE</arg>
<arg>IL</arg>
<arg>IM</arg>
<arg>IN</arg>
<arg>IO</arg>
<arg>IQ</arg>
<arg>IR</arg>
<arg>IS</arg>
<arg>IT</arg>
<arg>JE</arg>
<arg>JM</arg>
<arg>JO</arg>
<arg>JP</arg>
<arg>KE</arg>
<arg>KG</arg>
<arg>KH</arg>
<arg>KI</arg>
<arg>KM</arg>
<arg>KN</arg>
<arg>KP</arg>
<arg>KR</arg>
<arg>KW</arg>
<arg>KY</arg>
<arg>KZ</arg>
<arg>LA</arg>
<arg>LB</arg>
<arg>LC</arg>
<arg>LI</arg>
<arg>LK</arg>
<arg>LR</arg>
<arg>LS</arg>
<arg>LT</arg>
<arg>LU</arg>
<arg>LV</arg>
<arg>LY</arg>
<arg>MA</arg>
<arg>MC</arg>
<arg>MD</arg>
<arg>ME</arg>
<arg>MF</arg>
<arg>MG</arg>
<arg>MH</arg>
<arg>MK</arg>
<arg>ML</arg>
<arg>MM</arg>
<arg>MN</arg>
<arg>MO</arg>
<arg>MP</arg>
<arg>MQ</arg>
<arg>MR</arg>
<arg>MS</arg>
<arg>MT</arg>
<arg>MU</arg>
<arg>MV</arg>
<arg>MW</arg>
<arg>MX</arg>
<arg>MY</arg>
<arg>MZ</arg>
<arg>NA</arg>
<arg>NC</arg>
<arg>NE</arg>
<arg>NF</arg>
<arg>NG</arg>
<arg>NI</arg>
<arg>NL</arg>
<arg>NO</arg>
<arg>NP</arg>
<arg>NR</arg>
<arg>NU</arg>
<arg>NZ</arg>
<arg>OM</arg>
<arg>PA</arg>
<arg>PE</arg>
<arg>PF</arg>
<arg>PG</arg>
<arg>PH</arg>
<arg>PK</arg>
<arg>PL</arg>
<arg>PM</arg>
<arg>PN</arg>
<arg>PR</arg>
<arg>PS</arg>
<arg>PT</arg>
<arg>PW</arg>
<arg>PY</arg>
<arg>QA</arg>
<arg>RE</arg>
<arg>RO</arg>
<arg>RS</arg>
<arg>RU</arg>
<arg>RW</arg>
<arg>SA</arg>
<arg>SB</arg>
<arg>SC</arg>
<arg>SD</arg>
<arg>SE</arg>
<arg>SG</arg>
<arg>SH</arg>
<arg>SI</arg>
<arg>SJ</arg>
<arg>SK</arg>
<arg>SL</arg>
<arg>SM</arg>
<arg>SN</arg>
<arg>SO</arg>
<arg>SR</arg>
<arg>SS</arg>
<arg>ST</arg>
<arg>SV</arg>
<arg>SX</arg>
<arg>SY</arg>
<arg>SZ</arg>
<arg>TC</arg>
<arg>TD</arg>
<arg>TF</arg>
<arg>TG</arg>
<arg>TH</arg>
<arg>TJ</arg>
<arg>TK</arg>
<arg>TL</arg>
<arg>TM</arg>
<arg>TN</arg>
<arg>TO</arg>
<arg>TR</arg>
<arg>TT</arg>
<arg>TV</arg>
<arg>TW</arg>
<arg>TZ</arg>
<arg>UA</arg>
<arg>UG</arg>
<arg>UM</arg>
<arg>US</arg>
<arg>UY</arg>
<arg>UZ</arg>
<arg>VA</arg>
<arg>VC</arg>
<arg>VE</arg>
<arg>VG</arg>
<arg>VI</arg>
<arg>VN</arg>
<arg>VU</arg>
<arg>WF</arg>
<arg>WS</arg>
<arg>XK</arg>
<arg>YE</arg>
<arg>YT</arg>
<arg>ZA</arg>
<arg>ZM</arg>
<arg>ZW</arg>
<doc>Returns a list containing given items.</doc>
<status status="PASS" start="2024-05-22T12:28:19.474207" elapsed="0.000622"/>
</kw>
<kw name="List Should Contain Value" owner="Collections">
<msg time="2024-05-22T12:28:19.475830" level="INFO">False</msg>
<arg>${list_country}</arg>
<arg>${name_country}</arg>
<doc>Fails if the ``value`` is not found from ``list``.</doc>
<status status="PASS" start="2024-05-22T12:28:19.475623" elapsed="0.000244"/>
</kw>
<kw name="Run Keyword If" owner="BuiltIn">
<kw name="Should Be True" owner="BuiltIn">
<arg>${True}</arg>
<doc>Fails if the given condition is not true.</doc>
<status status="PASS" start="2024-05-22T12:28:19.476965" elapsed="0.000150"/>
</kw>
<arg>${json_data["results"][0]["location"]["coordinates"]["latitude"]} &gt;= -90 and ${json_data["results"][0]["location"]["coordinates"]["latitude"]} &lt;= 90</arg>
<arg>Should Be True</arg>
<arg>${True}</arg>
<doc>Runs the given keyword with the given arguments, if ``condition`` is true.</doc>
<status status="PASS" start="2024-05-22T12:28:19.476180" elapsed="0.001064"/>
</kw>
<kw name="Run Keyword If" owner="BuiltIn">
<kw name="Should Be True" owner="BuiltIn">
<arg>${True}</arg>
<doc>Fails if the given condition is not true.</doc>
<status status="PASS" start="2024-05-22T12:28:19.478145" elapsed="0.000141"/>
</kw>
<arg>${json_data["results"][0]["location"]["coordinates"]["longitude"]} &gt;= -180 and ${json_data["results"][0]["location"]["coordinates"]["longitude"]} &lt;= 180</arg>
<arg>Should Be True</arg>
<arg>${True}</arg>
<doc>Runs the given keyword with the given arguments, if ``condition`` is true.</doc>
<status status="PASS" start="2024-05-22T12:28:19.477429" elapsed="0.000980"/>
</kw>
<status status="PASS" start="2024-05-22T12:28:18.412235" elapsed="1.066307"/>
</kw>
<doc>Testa o conteúdo específico dos campos retornados pela API.</doc>
<tag>testeConteudo</tag>
<status status="PASS" start="2024-05-22T12:28:18.411596" elapsed="1.067106"/>
</test>
<status status="PASS" start="2024-05-22T12:28:01.063559" elapsed="18.417120"/>
</suite>
<status status="PASS" start="2024-05-22T12:28:01.049965" elapsed="18.435919"/>
</suite>
<statistics>
<total>
<stat pass="5" fail="0" skip="0">All Tests</stat>
</total>
<tag>
<stat pass="1" fail="0" skip="0">testeConteudo</stat>
<stat pass="1" fail="0" skip="0">testeEstruturaResposta</stat>
<stat pass="1" fail="0" skip="0">testeRequisicaoBasica</stat>
<stat pass="1" fail="0" skip="0">testeTiposDados</stat>
</tag>
<suite>
<stat pass="5" fail="0" skip="0" id="s1" name="Tests">Tests</stat>
<stat pass="5" fail="0" skip="0" id="s1-s1" name="Random-User-Test">Tests.Random-User-Test</stat>
</suite>
</statistics>
<errors>
</errors>
</robot>
