<?xml version="1.0" encoding="UTF-8"?>
<robot generator="Robot 7.0 (Python 3.12.3 on linux)" generated="2024-05-09T07:15:25.349684" rpa="false" schemaversion="5">
<suite id="s1" name="Tests" source="/home/runner/work/DesafioQAItauRogerioJordao/DesafioQAItauRogerioJordao/RamdonUser/tests">
<suite id="s1-s1" name="Random-User-Test" source="/home/runner/work/DesafioQAItauRogerioJordao/DesafioQAItauRogerioJordao/RamdonUser/tests/random-user-test.robot">
<test id="s1-s1-t1" name="Conectar" line="13">
<kw name="Conectar API" owner="random-user-service">
<kw name="Create Session" owner="RequestsLibrary">
<msg time="2024-05-09T07:15:25.738810" level="INFO">Creating Session using : alias=consultarAPI, url=https://randomuser.me/, headers={},                     cookies={}, auth=None, timeout=None, proxies=None, verify=False,                     debug=0 </msg>
<arg>consultarAPI</arg>
<arg>${URL}</arg>
<doc>Create Session: create a HTTP session to a server</doc>
<status status="PASS" start="2024-05-09T07:15:25.738603" elapsed="0.000399"/>
</kw>
<status status="PASS" start="2024-05-09T07:15:25.737553" elapsed="0.001823"/>
</kw>
<status status="PASS" start="2024-05-09T07:15:25.736973" elapsed="0.002600"/>
</test>
<test id="s1-s1-t2" name="Validar retorno 200 e JSON Válido" line="16">
<kw name="Teste de Requisicao Basica" owner="random-user-service">
<kw name="GET On Session" owner="RequestsLibrary">
<msg time="2024-05-09T07:15:25.931922" level="INFO">GET Request : url=https://randomuser.me/api 
 path_url=/api 
 headers={'User-Agent': 'python-requests/2.31.0', 'Accept-Encoding': 'gzip, deflate', 'Accept': '*/*', 'Connection': 'keep-alive'} 
 body=None 
 </msg>
<msg time="2024-05-09T07:15:25.932055" level="INFO">GET Response : url=https://randomuser.me/api 
 status=200, reason=OK 
 headers={'Date': 'Thu, 09 May 2024 07:15:25 GMT', 'Content-Type': 'application/json; charset=utf-8', 'Transfer-Encoding': 'chunked', 'Connection': 'keep-alive', 'X-Powered-By': 'Express', 'Access-Control-Allow-Origin': '*', 'Cache-Control': 'no-cache', 'ETag': 'W/"4a4-gNLOSKaN/n6BfYj8qkGiqwvMvrE"', 'Vary': 'Accept-Encoding', 'Content-Encoding': 'gzip', 'CF-Cache-Status': 'DYNAMIC', 'Report-To': '{"endpoints":[{"url":"https:\\/\\/a.nel.cloudflare.com\\/report\\/v4?s=dCnG8Nb6HJl4MnHeUmAzBlNYCX3hdhf1Kz9eCxxov6Dwq5qs%2Ft30duvzBqiAR4VPmkJvQz1m9kvfwg6PN8IoCdJkCgJzlQFZTiJamOl1HmIY2H5mWnCbF%2BqI9Va11Swy"}],"group":"cf-nel","max_age":604800}', 'NEL': '{"success_fraction":0,"report_to":"cf-nel","max_age":604800}', 'Server': 'cloudflare', 'CF-RAY': '880fe5f6cb8613f2-ORD', 'alt-svc': 'h3=":443"; ma=86400'} 
 body={"results":[{"gender":"male","name":{"title":"Mr","first":"Patrick","last":"Bennett"},"location":{"street":{"number":2555,"name":"Springfield Road"},"city":"Exeter","state":"Cumbria","country":"United Kingdom","postcode":"SH4 1XH","coordinates":{"latitude":"-9.3475","longitude":"-54.2509"},"timezone":{"offset":"+11:00","description":"Magadan, Solomon Islands, New Caledonia"}},"email":"patrick.bennett@example.com","login":{"uuid":"b0f4c541-2bda-41fb-b1cf-2f7c46bfd2c6","username":"silverzebra222","password":"account","salt":"jR2Nh0Tm","md5":"5e958b0950f8102da385c8c93ab20c48","sha1":"e47bc7e9cd607bbbc28e2f4d3376360c2d292840","sha256":"3f1ced25e999fb0fe410b9a2fb8bdb5c1392d7cfdace8f217555c68efef12e9f"},"dob":{"date":"1998-03-31T21:09:24.055Z","age":26},"registered":{"date":"2012-04-04T23:59:42.194Z","age":12},"phone":"016977 1724","cell":"07321 801862","id":{"name":"NINO","value":"EW 58 38 82 M"},"picture":{"large":"https://randomuser.me/api/portraits/men/80.jpg","medium":"https://randomuser.me/api/portraits/med/men/80.jpg","thumbnail":"https://randomuser.me/api/portraits/thumb/men/80.jpg"},"nat":"GB"}],"info":{"seed":"caeaceb34bfbfc1e","results":1,"page":1,"version":"1.4"}} 
 </msg>
<msg time="2024-05-09T07:15:25.932140" level="INFO">/opt/hostedtoolcache/Python/3.12.3/x64/lib/python3.12/site-packages/urllib3/connectionpool.py:1103: InsecureRequestWarning: Unverified HTTPS request is being made to host 'randomuser.me'. Adding certificate verification is strongly advised. See: https://urllib3.readthedocs.io/en/latest/advanced-usage.html#tls-warnings
  warnings.warn(</msg>
<msg time="2024-05-09T07:15:25.932297" level="INFO">${response} = &lt;Response [200]&gt;</msg>
<var>${response}</var>
<arg>consultarAPI</arg>
<arg>/api</arg>
<doc>Sends a GET request on a previously created HTTP Session.</doc>
<status status="PASS" start="2024-05-09T07:15:25.742232" elapsed="0.190115"/>
</kw>
<kw name="Should Be Equal As Numbers" owner="BuiltIn">
<msg time="2024-05-09T07:15:25.933224" level="INFO">Argument types are:
&lt;class 'int'&gt;
&lt;class 'str'&gt;</msg>
<arg>${response.status_code}</arg>
<arg>200</arg>
<doc>Fails if objects are unequal after converting them to real numbers.</doc>
<status status="PASS" start="2024-05-09T07:15:25.932810" elapsed="0.000478"/>
</kw>
<kw name="Log" owner="BuiltIn">
<msg time="2024-05-09T07:15:25.933980" level="INFO">200</msg>
<arg>${response.status_code}</arg>
<doc>Logs the given message with the given level.</doc>
<status status="PASS" start="2024-05-09T07:15:25.933632" elapsed="0.000389"/>
</kw>
<kw name="Set Variable" owner="BuiltIn">
<msg time="2024-05-09T07:15:25.934749" level="INFO">${json_data} = {'results': [{'gender': 'male', 'name': {'title': 'Mr', 'first': 'Patrick', 'last': 'Bennett'}, 'location': {'street': {'number': 2555, 'name': 'Springfield Road'}, 'city': 'Exeter', 'state': 'Cumbria...</msg>
<var>${json_data}</var>
<arg>${response.json()}</arg>
<doc>Returns the given values which can then be assigned to a variables.</doc>
<status status="PASS" start="2024-05-09T07:15:25.934323" elapsed="0.000453"/>
</kw>
<kw name="Dictionary Should Contain Key" owner="Collections">
<msg time="2024-05-09T07:15:25.935242" level="INFO">False</msg>
<arg>${json_data}</arg>
<arg>results</arg>
<doc>Fails if ``key`` is not found from ``dictionary``.</doc>
<status status="PASS" start="2024-05-09T07:15:25.935072" elapsed="0.000209"/>
</kw>
<status status="PASS" start="2024-05-09T07:15:25.741990" elapsed="0.193544"/>
</kw>
<doc>Testa se a API responde corretamente e retorna um objeto JSON válido.</doc>
<tag>testeRequisicaoBasica</tag>
<status status="PASS" start="2024-05-09T07:15:25.741513" elapsed="0.194194"/>
</test>
<test id="s1-s1-t3" name="Validar estrutura de resposta" line="22">
<kw name="Teste de Estrutura de Resposta" owner="random-user-service">
<kw name="GET On Session" owner="RequestsLibrary">
<msg time="2024-05-09T07:15:26.027548" level="INFO">GET Request : url=https://randomuser.me/api 
 path_url=/api 
 headers={'User-Agent': 'python-requests/2.31.0', 'Accept-Encoding': 'gzip, deflate', 'Accept': '*/*', 'Connection': 'keep-alive'} 
 body=None 
 </msg>
<msg time="2024-05-09T07:15:26.027641" level="INFO">GET Response : url=https://randomuser.me/api 
 status=200, reason=OK 
 headers={'Date': 'Thu, 09 May 2024 07:15:26 GMT', 'Content-Type': 'application/json; charset=utf-8', 'Transfer-Encoding': 'chunked', 'Connection': 'keep-alive', 'X-Powered-By': 'Express', 'Access-Control-Allow-Origin': '*', 'Cache-Control': 'no-cache', 'ETag': 'W/"4bd-fQHSCyM6nCr8fQGrDUbRwxxtVgI"', 'Vary': 'Accept-Encoding', 'Content-Encoding': 'gzip', 'CF-Cache-Status': 'DYNAMIC', 'Report-To': '{"endpoints":[{"url":"https:\\/\\/a.nel.cloudflare.com\\/report\\/v4?s=hx%2FKeu4crlWnc4PVUImwv3GWsycC%2F5%2FoG2d2lBW8qSg9iS7RGyB%2FXR%2FjoFZVvS6b3rENkx7yjn0frX9DWzWxfeIRNGX2UA7JJTdh6q44%2BqXUsmw0v9Fp2uL9rBPmk5%2BL"}],"group":"cf-nel","max_age":604800}', 'NEL': '{"success_fraction":0,"report_to":"cf-nel","max_age":604800}', 'Server': 'cloudflare', 'CF-RAY': '880fe5f71bcd13f2-ORD', 'alt-svc': 'h3=":443"; ma=86400'} 
 body={"results":[{"gender":"female","name":{"title":"Miss","first":"María Elena","last":"Caraballo"},"location":{"street":{"number":7088,"name":"Continuación Baja California Sur"},"city":"Etchojoa","state":"Colima","country":"Mexico","postcode":57070,"coordinates":{"latitude":"26.1200","longitude":"68.3635"},"timezone":{"offset":"+1:00","description":"Brussels, Copenhagen, Madrid, Paris"}},"email":"mariaelena.caraballo@example.com","login":{"uuid":"a247b644-8d33-4533-9de8-77a2ffb36263","username":"lazykoala510","password":"texas1","salt":"ZnnumnhY","md5":"0ef99c2a4990f48ed79d88fa0802aae7","sha1":"61e7c63e4d80948e9e930ae73568c6fb5e2ae81f","sha256":"55db6e10564709b1a05aca0990b0dab0bc51b26041485bc0063956258b9dea6c"},"dob":{"date":"1982-10-27T20:57:58.197Z","age":41},"registered":{"date":"2005-10-05T11:27:40.316Z","age":18},"phone":"(697) 241 4217","cell":"(618) 736 4506","id":{"name":"NSS","value":"13 03 71 0388 9"},"picture":{"large":"https://randomuser.me/api/portraits/women/95.jpg","medium":"https://randomuser.me/api/portraits/med/women/95.jpg","thumbnail":"https://randomuser.me/api/portraits/thumb/women/95.jpg"},"nat":"MX"}],"info":{"seed":"986a91890a49cf92","results":1,"page":1,"version":"1.4"}} 
 </msg>
<msg time="2024-05-09T07:15:26.027762" level="INFO">/opt/hostedtoolcache/Python/3.12.3/x64/lib/python3.12/site-packages/urllib3/connectionpool.py:1103: InsecureRequestWarning: Unverified HTTPS request is being made to host 'randomuser.me'. Adding certificate verification is strongly advised. See: https://urllib3.readthedocs.io/en/latest/advanced-usage.html#tls-warnings
  warnings.warn(</msg>
<msg time="2024-05-09T07:15:26.027901" level="INFO">${response} = &lt;Response [200]&gt;</msg>
<var>${response}</var>
<arg>consultarAPI</arg>
<arg>/api</arg>
<doc>Sends a GET request on a previously created HTTP Session.</doc>
<status status="PASS" start="2024-05-09T07:15:25.938818" elapsed="0.089126"/>
</kw>
<kw name="Set Variable" owner="BuiltIn">
<msg time="2024-05-09T07:15:26.028972" level="INFO">${json_data} = {'results': [{'gender': 'female', 'name': {'title': 'Miss', 'first': 'María Elena', 'last': 'Caraballo'}, 'location': {'street': {'number': 7088, 'name': 'Continuación Baja California Sur'}, 'city': '...</msg>
<var>${json_data}</var>
<arg>${response.json()}</arg>
<doc>Returns the given values which can then be assigned to a variables.</doc>
<status status="PASS" start="2024-05-09T07:15:26.028400" elapsed="0.000603"/>
</kw>
<kw name="Log" owner="BuiltIn">
<msg time="2024-05-09T07:15:26.029488" level="INFO">{'results': [{'gender': 'female', 'name': {'title': 'Miss', 'first': 'María Elena', 'last': 'Caraballo'}, 'location': {'street': {'number': 7088, 'name': 'Continuación Baja California Sur'}, 'city': 'Etchojoa', 'state': 'Colima', 'country': 'Mexico', 'postcode': 57070, 'coordinates': {'latitude': '26.1200', 'longitude': '68.3635'}, 'timezone': {'offset': '+1:00', 'description': 'Brussels, Copenhagen, Madrid, Paris'}}, 'email': 'mariaelena.caraballo@example.com', 'login': {'uuid': 'a247b644-8d33-4533-9de8-77a2ffb36263', 'username': 'lazykoala510', 'password': 'texas1', 'salt': 'ZnnumnhY', 'md5': '0ef99c2a4990f48ed79d88fa0802aae7', 'sha1': '61e7c63e4d80948e9e930ae73568c6fb5e2ae81f', 'sha256': '55db6e10564709b1a05aca0990b0dab0bc51b26041485bc0063956258b9dea6c'}, 'dob': {'date': '1982-10-27T20:57:58.197Z', 'age': 41}, 'registered': {'date': '2005-10-05T11:27:40.316Z', 'age': 18}, 'phone': '(697) 241 4217', 'cell': '(618) 736 4506', 'id': {'name': 'NSS', 'value': '13 03 71 0388 9'}, 'picture': {'large': 'https://randomuser.me/api/portraits/women/95.jpg', 'medium': 'https://randomuser.me/api/portraits/med/women/95.jpg', 'thumbnail': 'https://randomuser.me/api/portraits/thumb/women/95.jpg'}, 'nat': 'MX'}], 'info': {'seed': '986a91890a49cf92', 'results': 1, 'page': 1, 'version': '1.4'}}</msg>
<arg>${json_data}</arg>
<doc>Logs the given message with the given level.</doc>
<status status="PASS" start="2024-05-09T07:15:26.029321" elapsed="0.000217"/>
</kw>
<kw name="Dictionary Should Contain Key" owner="Collections">
<msg time="2024-05-09T07:15:26.030028" level="INFO">False</msg>
<arg>${json_data}</arg>
<arg>results</arg>
<doc>Fails if ``key`` is not found from ``dictionary``.</doc>
<status status="PASS" start="2024-05-09T07:15:26.029862" elapsed="0.000204"/>
</kw>
<kw name="Should Not Be Empty" owner="BuiltIn">
<msg time="2024-05-09T07:15:26.030494" level="INFO">Length is 2.</msg>
<arg>${json_data}</arg>
<doc>Verifies that the given item is not empty.</doc>
<status status="PASS" start="2024-05-09T07:15:26.030360" elapsed="0.000342"/>
</kw>
<kw name="Create List" owner="BuiltIn">
<msg time="2024-05-09T07:15:26.031158" level="INFO">${expected_keys} = ['gender', 'name', 'location', 'email', 'login']</msg>
<var>${expected_keys}</var>
<arg>gender</arg>
<arg>name</arg>
<arg>location</arg>
<arg>email</arg>
<arg>login</arg>
<doc>Returns a list containing given items.</doc>
<status status="PASS" start="2024-05-09T07:15:26.031005" elapsed="0.000177"/>
</kw>
<for flavor="IN">
<iter>
<kw name="Dictionary Should Contain Key" owner="Collections">
<msg time="2024-05-09T07:15:26.032160" level="INFO">False</msg>
<arg>${json_data['results'][0]}</arg>
<arg>${key}</arg>
<doc>Fails if ``key`` is not found from ``dictionary``.</doc>
<status status="PASS" start="2024-05-09T07:15:26.031760" elapsed="0.000438"/>
</kw>
<kw name="Log" owner="BuiltIn">
<msg time="2024-05-09T07:15:26.032908" level="INFO">{'gender': 'female', 'name': {'title': 'Miss', 'first': 'María Elena', 'last': 'Caraballo'}, 'location': {'street': {'number': 7088, 'name': 'Continuación Baja California Sur'}, 'city': 'Etchojoa', 'state': 'Colima', 'country': 'Mexico', 'postcode': 57070, 'coordinates': {'latitude': '26.1200', 'longitude': '68.3635'}, 'timezone': {'offset': '+1:00', 'description': 'Brussels, Copenhagen, Madrid, Paris'}}, 'email': 'mariaelena.caraballo@example.com', 'login': {'uuid': 'a247b644-8d33-4533-9de8-77a2ffb36263', 'username': 'lazykoala510', 'password': 'texas1', 'salt': 'ZnnumnhY', 'md5': '0ef99c2a4990f48ed79d88fa0802aae7', 'sha1': '61e7c63e4d80948e9e930ae73568c6fb5e2ae81f', 'sha256': '55db6e10564709b1a05aca0990b0dab0bc51b26041485bc0063956258b9dea6c'}, 'dob': {'date': '1982-10-27T20:57:58.197Z', 'age': 41}, 'registered': {'date': '2005-10-05T11:27:40.316Z', 'age': 18}, 'phone': '(697) 241 4217', 'cell': '(618) 736 4506', 'id': {'name': 'NSS', 'value': '13 03 71 0388 9'}, 'picture': {'large': 'https://randomuser.me/api/portraits/women/95.jpg', 'medium': 'https://randomuser.me/api/portraits/med/women/95.jpg', 'thumbnail': 'https://randomuser.me/api/portraits/thumb/women/95.jpg'}, 'nat': 'MX'}</msg>
<arg>${json_data['results'][0]}</arg>
<doc>Logs the given message with the given level.</doc>
<status status="PASS" start="2024-05-09T07:15:26.032497" elapsed="0.000461"/>
</kw>
<kw name="Log" owner="BuiltIn">
<msg time="2024-05-09T07:15:26.033395" level="INFO">gender</msg>
<arg>${key}</arg>
<doc>Logs the given message with the given level.</doc>
<status status="PASS" start="2024-05-09T07:15:26.033267" elapsed="0.000166"/>
</kw>
<var name="${key}">gender</var>
<status status="PASS" start="2024-05-09T07:15:26.031634" elapsed="0.002015"/>
</iter>
<iter>
<kw name="Dictionary Should Contain Key" owner="Collections">
<msg time="2024-05-09T07:15:26.034375" level="INFO">False</msg>
<arg>${json_data['results'][0]}</arg>
<arg>${key}</arg>
<doc>Fails if ``key`` is not found from ``dictionary``.</doc>
<status status="PASS" start="2024-05-09T07:15:26.033954" elapsed="0.000461"/>
</kw>
<kw name="Log" owner="BuiltIn">
<msg time="2024-05-09T07:15:26.035074" level="INFO">{'gender': 'female', 'name': {'title': 'Miss', 'first': 'María Elena', 'last': 'Caraballo'}, 'location': {'street': {'number': 7088, 'name': 'Continuación Baja California Sur'}, 'city': 'Etchojoa', 'state': 'Colima', 'country': 'Mexico', 'postcode': 57070, 'coordinates': {'latitude': '26.1200', 'longitude': '68.3635'}, 'timezone': {'offset': '+1:00', 'description': 'Brussels, Copenhagen, Madrid, Paris'}}, 'email': 'mariaelena.caraballo@example.com', 'login': {'uuid': 'a247b644-8d33-4533-9de8-77a2ffb36263', 'username': 'lazykoala510', 'password': 'texas1', 'salt': 'ZnnumnhY', 'md5': '0ef99c2a4990f48ed79d88fa0802aae7', 'sha1': '61e7c63e4d80948e9e930ae73568c6fb5e2ae81f', 'sha256': '55db6e10564709b1a05aca0990b0dab0bc51b26041485bc0063956258b9dea6c'}, 'dob': {'date': '1982-10-27T20:57:58.197Z', 'age': 41}, 'registered': {'date': '2005-10-05T11:27:40.316Z', 'age': 18}, 'phone': '(697) 241 4217', 'cell': '(618) 736 4506', 'id': {'name': 'NSS', 'value': '13 03 71 0388 9'}, 'picture': {'large': 'https://randomuser.me/api/portraits/women/95.jpg', 'medium': 'https://randomuser.me/api/portraits/med/women/95.jpg', 'thumbnail': 'https://randomuser.me/api/portraits/thumb/women/95.jpg'}, 'nat': 'MX'}</msg>
<arg>${json_data['results'][0]}</arg>
<doc>Logs the given message with the given level.</doc>
<status status="PASS" start="2024-05-09T07:15:26.034716" elapsed="0.000407"/>
</kw>
<kw name="Log" owner="BuiltIn">
<msg time="2024-05-09T07:15:26.035570" level="INFO">name</msg>
<arg>${key}</arg>
<doc>Logs the given message with the given level.</doc>
<status status="PASS" start="2024-05-09T07:15:26.035419" elapsed="0.000190"/>
</kw>
<var name="${key}">name</var>
<status status="PASS" start="2024-05-09T07:15:26.033837" elapsed="0.001988"/>
</iter>
<iter>
<kw name="Dictionary Should Contain Key" owner="Collections">
<msg time="2024-05-09T07:15:26.036510" level="INFO">False</msg>
<arg>${json_data['results'][0]}</arg>
<arg>${key}</arg>
<doc>Fails if ``key`` is not found from ``dictionary``.</doc>
<status status="PASS" start="2024-05-09T07:15:26.036118" elapsed="0.000429"/>
</kw>
<kw name="Log" owner="BuiltIn">
<msg time="2024-05-09T07:15:26.037255" level="INFO">{'gender': 'female', 'name': {'title': 'Miss', 'first': 'María Elena', 'last': 'Caraballo'}, 'location': {'street': {'number': 7088, 'name': 'Continuación Baja California Sur'}, 'city': 'Etchojoa', 'state': 'Colima', 'country': 'Mexico', 'postcode': 57070, 'coordinates': {'latitude': '26.1200', 'longitude': '68.3635'}, 'timezone': {'offset': '+1:00', 'description': 'Brussels, Copenhagen, Madrid, Paris'}}, 'email': 'mariaelena.caraballo@example.com', 'login': {'uuid': 'a247b644-8d33-4533-9de8-77a2ffb36263', 'username': 'lazykoala510', 'password': 'texas1', 'salt': 'ZnnumnhY', 'md5': '0ef99c2a4990f48ed79d88fa0802aae7', 'sha1': '61e7c63e4d80948e9e930ae73568c6fb5e2ae81f', 'sha256': '55db6e10564709b1a05aca0990b0dab0bc51b26041485bc0063956258b9dea6c'}, 'dob': {'date': '1982-10-27T20:57:58.197Z', 'age': 41}, 'registered': {'date': '2005-10-05T11:27:40.316Z', 'age': 18}, 'phone': '(697) 241 4217', 'cell': '(618) 736 4506', 'id': {'name': 'NSS', 'value': '13 03 71 0388 9'}, 'picture': {'large': 'https://randomuser.me/api/portraits/women/95.jpg', 'medium': 'https://randomuser.me/api/portraits/med/women/95.jpg', 'thumbnail': 'https://randomuser.me/api/portraits/thumb/women/95.jpg'}, 'nat': 'MX'}</msg>
<arg>${json_data['results'][0]}</arg>
<doc>Logs the given message with the given level.</doc>
<status status="PASS" start="2024-05-09T07:15:26.036888" elapsed="0.000416"/>
</kw>
<kw name="Log" owner="BuiltIn">
<msg time="2024-05-09T07:15:26.037725" level="INFO">location</msg>
<arg>${key}</arg>
<doc>Logs the given message with the given level.</doc>
<status status="PASS" start="2024-05-09T07:15:26.037599" elapsed="0.000163"/>
</kw>
<var name="${key}">location</var>
<status status="PASS" start="2024-05-09T07:15:26.036005" elapsed="0.001969"/>
</iter>
<iter>
<kw name="Dictionary Should Contain Key" owner="Collections">
<msg time="2024-05-09T07:15:26.038652" level="INFO">False</msg>
<arg>${json_data['results'][0]}</arg>
<arg>${key}</arg>
<doc>Fails if ``key`` is not found from ``dictionary``.</doc>
<status status="PASS" start="2024-05-09T07:15:26.038259" elapsed="0.000431"/>
</kw>
<kw name="Log" owner="BuiltIn">
<msg time="2024-05-09T07:15:26.039351" level="INFO">{'gender': 'female', 'name': {'title': 'Miss', 'first': 'María Elena', 'last': 'Caraballo'}, 'location': {'street': {'number': 7088, 'name': 'Continuación Baja California Sur'}, 'city': 'Etchojoa', 'state': 'Colima', 'country': 'Mexico', 'postcode': 57070, 'coordinates': {'latitude': '26.1200', 'longitude': '68.3635'}, 'timezone': {'offset': '+1:00', 'description': 'Brussels, Copenhagen, Madrid, Paris'}}, 'email': 'mariaelena.caraballo@example.com', 'login': {'uuid': 'a247b644-8d33-4533-9de8-77a2ffb36263', 'username': 'lazykoala510', 'password': 'texas1', 'salt': 'ZnnumnhY', 'md5': '0ef99c2a4990f48ed79d88fa0802aae7', 'sha1': '61e7c63e4d80948e9e930ae73568c6fb5e2ae81f', 'sha256': '55db6e10564709b1a05aca0990b0dab0bc51b26041485bc0063956258b9dea6c'}, 'dob': {'date': '1982-10-27T20:57:58.197Z', 'age': 41}, 'registered': {'date': '2005-10-05T11:27:40.316Z', 'age': 18}, 'phone': '(697) 241 4217', 'cell': '(618) 736 4506', 'id': {'name': 'NSS', 'value': '13 03 71 0388 9'}, 'picture': {'large': 'https://randomuser.me/api/portraits/women/95.jpg', 'medium': 'https://randomuser.me/api/portraits/med/women/95.jpg', 'thumbnail': 'https://randomuser.me/api/portraits/thumb/women/95.jpg'}, 'nat': 'MX'}</msg>
<arg>${json_data['results'][0]}</arg>
<doc>Logs the given message with the given level.</doc>
<status status="PASS" start="2024-05-09T07:15:26.038988" elapsed="0.000412"/>
</kw>
<kw name="Log" owner="BuiltIn">
<msg time="2024-05-09T07:15:26.039845" level="INFO">email</msg>
<arg>${key}</arg>
<doc>Logs the given message with the given level.</doc>
<status status="PASS" start="2024-05-09T07:15:26.039708" elapsed="0.000175"/>
</kw>
<var name="${key}">email</var>
<status status="PASS" start="2024-05-09T07:15:26.038148" elapsed="0.001949"/>
</iter>
<iter>
<kw name="Dictionary Should Contain Key" owner="Collections">
<msg time="2024-05-09T07:15:26.040789" level="INFO">False</msg>
<arg>${json_data['results'][0]}</arg>
<arg>${key}</arg>
<doc>Fails if ``key`` is not found from ``dictionary``.</doc>
<status status="PASS" start="2024-05-09T07:15:26.040382" elapsed="0.000447"/>
</kw>
<kw name="Log" owner="BuiltIn">
<msg time="2024-05-09T07:15:26.041511" level="INFO">{'gender': 'female', 'name': {'title': 'Miss', 'first': 'María Elena', 'last': 'Caraballo'}, 'location': {'street': {'number': 7088, 'name': 'Continuación Baja California Sur'}, 'city': 'Etchojoa', 'state': 'Colima', 'country': 'Mexico', 'postcode': 57070, 'coordinates': {'latitude': '26.1200', 'longitude': '68.3635'}, 'timezone': {'offset': '+1:00', 'description': 'Brussels, Copenhagen, Madrid, Paris'}}, 'email': 'mariaelena.caraballo@example.com', 'login': {'uuid': 'a247b644-8d33-4533-9de8-77a2ffb36263', 'username': 'lazykoala510', 'password': 'texas1', 'salt': 'ZnnumnhY', 'md5': '0ef99c2a4990f48ed79d88fa0802aae7', 'sha1': '61e7c63e4d80948e9e930ae73568c6fb5e2ae81f', 'sha256': '55db6e10564709b1a05aca0990b0dab0bc51b26041485bc0063956258b9dea6c'}, 'dob': {'date': '1982-10-27T20:57:58.197Z', 'age': 41}, 'registered': {'date': '2005-10-05T11:27:40.316Z', 'age': 18}, 'phone': '(697) 241 4217', 'cell': '(618) 736 4506', 'id': {'name': 'NSS', 'value': '13 03 71 0388 9'}, 'picture': {'large': 'https://randomuser.me/api/portraits/women/95.jpg', 'medium': 'https://randomuser.me/api/portraits/med/women/95.jpg', 'thumbnail': 'https://randomuser.me/api/portraits/thumb/women/95.jpg'}, 'nat': 'MX'}</msg>
<arg>${json_data['results'][0]}</arg>
<doc>Logs the given message with the given level.</doc>
<status status="PASS" start="2024-05-09T07:15:26.041143" elapsed="0.000416"/>
</kw>
<kw name="Log" owner="BuiltIn">
<msg time="2024-05-09T07:15:26.042010" level="INFO">login</msg>
<arg>${key}</arg>
<doc>Logs the given message with the given level.</doc>
<status status="PASS" start="2024-05-09T07:15:26.041880" elapsed="0.000175"/>
</kw>
<var name="${key}">login</var>
<status status="PASS" start="2024-05-09T07:15:26.040270" elapsed="0.002000"/>
</iter>
<var>${key}</var>
<value>@{expected_keys}</value>
<status status="PASS" start="2024-05-09T07:15:26.031441" elapsed="0.010950"/>
</for>
<kw name="Create List" owner="BuiltIn">
<msg time="2024-05-09T07:15:26.042724" level="INFO">${expected_keysTwo} = ['username', 'password']</msg>
<var>${expected_keysTwo}</var>
<arg>username</arg>
<arg>password</arg>
<doc>Returns a list containing given items.</doc>
<status status="PASS" start="2024-05-09T07:15:26.042587" elapsed="0.000161"/>
</kw>
<for flavor="IN">
<iter>
<kw name="Dictionary Should Contain Key" owner="Collections">
<msg time="2024-05-09T07:15:26.043640" level="INFO">False</msg>
<arg>${json_data['results'][0]['login']}</arg>
<arg>${keyTwo}</arg>
<doc>Fails if ``key`` is not found from ``dictionary``.</doc>
<status status="PASS" start="2024-05-09T07:15:26.043252" elapsed="0.000425"/>
</kw>
<kw name="Dictionary Should Contain Key" owner="Collections">
<msg time="2024-05-09T07:15:26.044356" level="INFO">False</msg>
<arg>${json_data['results'][0]['login']}</arg>
<arg>${keyTwo}</arg>
<doc>Fails if ``key`` is not found from ``dictionary``.</doc>
<status status="PASS" start="2024-05-09T07:15:26.043974" elapsed="0.000420"/>
</kw>
<kw name="Log" owner="BuiltIn">
<msg time="2024-05-09T07:15:26.044837" level="INFO">username</msg>
<arg>${keyTwo}</arg>
<doc>Logs the given message with the given level.</doc>
<status status="PASS" start="2024-05-09T07:15:26.044682" elapsed="0.000206"/>
</kw>
<var name="${keyTwo}">username</var>
<status status="PASS" start="2024-05-09T07:15:26.043137" elapsed="0.001966"/>
</iter>
<iter>
<kw name="Dictionary Should Contain Key" owner="Collections">
<msg time="2024-05-09T07:15:26.045851" level="INFO">False</msg>
<arg>${json_data['results'][0]['login']}</arg>
<arg>${keyTwo}</arg>
<doc>Fails if ``key`` is not found from ``dictionary``.</doc>
<status status="PASS" start="2024-05-09T07:15:26.045390" elapsed="0.000501"/>
</kw>
<kw name="Dictionary Should Contain Key" owner="Collections">
<msg time="2024-05-09T07:15:26.046571" level="INFO">False</msg>
<arg>${json_data['results'][0]['login']}</arg>
<arg>${keyTwo}</arg>
<doc>Fails if ``key`` is not found from ``dictionary``.</doc>
<status status="PASS" start="2024-05-09T07:15:26.046190" elapsed="0.000419"/>
</kw>
<kw name="Log" owner="BuiltIn">
<msg time="2024-05-09T07:15:26.047026" level="INFO">password</msg>
<arg>${keyTwo}</arg>
<doc>Logs the given message with the given level.</doc>
<status status="PASS" start="2024-05-09T07:15:26.046900" elapsed="0.000164"/>
</kw>
<var name="${keyTwo}">password</var>
<status status="PASS" start="2024-05-09T07:15:26.045275" elapsed="0.002001"/>
</iter>
<var>${keyTwo}</var>
<value>@{expected_keysTwo}</value>
<status status="PASS" start="2024-05-09T07:15:26.042981" elapsed="0.004415"/>
</for>
<status status="PASS" start="2024-05-09T07:15:25.938487" elapsed="0.109051"/>
</kw>
<doc>Testa a estrutura da resposta da API.</doc>
<tag>testeEstruturaResposta</tag>
<status status="PASS" start="2024-05-09T07:15:25.937723" elapsed="0.109971"/>
</test>
<test id="s1-s1-t4" name="Validar tipos de dados" line="28">
<kw name="Teste de Tipos de Dados" owner="random-user-service">
<kw name="GET On Session" owner="RequestsLibrary">
<msg time="2024-05-09T07:15:26.127217" level="INFO">GET Request : url=https://randomuser.me/api 
 path_url=/api 
 headers={'User-Agent': 'python-requests/2.31.0', 'Accept-Encoding': 'gzip, deflate', 'Accept': '*/*', 'Connection': 'keep-alive'} 
 body=None 
 </msg>
<msg time="2024-05-09T07:15:26.127309" level="INFO">GET Response : url=https://randomuser.me/api 
 status=200, reason=OK 
 headers={'Date': 'Thu, 09 May 2024 07:15:26 GMT', 'Content-Type': 'application/json; charset=utf-8', 'Transfer-Encoding': 'chunked', 'Connection': 'keep-alive', 'X-Powered-By': 'Express', 'Access-Control-Allow-Origin': '*', 'Cache-Control': 'no-cache', 'ETag': 'W/"489-WNvMkEnGtPqByEyL1KKArL6mthY"', 'Vary': 'Accept-Encoding', 'Content-Encoding': 'gzip', 'CF-Cache-Status': 'DYNAMIC', 'Report-To': '{"endpoints":[{"url":"https:\\/\\/a.nel.cloudflare.com\\/report\\/v4?s=ZpoNi0UMYkYU6RmWy7zJkyC1%2Fnbh7CZzEKaNjRcL4alsCp0AXXIMiP7UqxYP2pMy1F5L10Yaz5dFp4R4v0w2OQ5znH8H3ALQtl8jTsKF0vaY2cpaeejfPUrSM9g5Fd58"}],"group":"cf-nel","max_age":604800}', 'NEL': '{"success_fraction":0,"report_to":"cf-nel","max_age":604800}', 'Server': 'cloudflare', 'CF-RAY': '880fe5f7dc6713f2-ORD', 'alt-svc': 'h3=":443"; ma=86400'} 
 body={"results":[{"gender":"male","name":{"title":"Mr","first":"آرش","last":"قاسمی"},"location":{"street":{"number":490,"name":"جمهوری"},"city":"سبزوار","state":"فارس","country":"Iran","postcode":90748,"coordinates":{"latitude":"19.5331","longitude":"-165.8802"},"timezone":{"offset":"+3:00","description":"Baghdad, Riyadh, Moscow, St. Petersburg"}},"email":"arsh.qsmy@example.com","login":{"uuid":"1880387e-d8ea-4894-8c5c-0a93ab9abb99","username":"greenpeacock121","password":"roadking","salt":"1H3MIJrH","md5":"797769167ba992ee4ee29da35313e09e","sha1":"75d395ec09452d66fe747e43de18ac304153b967","sha256":"eba79f9a4da024d9001229f8b6827a74610d89ca8c3bbd95050d9280ea394d8b"},"dob":{"date":"1981-10-27T04:49:54.022Z","age":42},"registered":{"date":"2013-10-18T01:46:18.679Z","age":10},"phone":"067-56776681","cell":"0941-510-5422","id":{"name":"","value":null},"picture":{"large":"https://randomuser.me/api/portraits/men/20.jpg","medium":"https://randomuser.me/api/portraits/med/men/20.jpg","thumbnail":"https://randomuser.me/api/portraits/thumb/men/20.jpg"},"nat":"IR"}],"info":{"seed":"9f82857a7943c0ee","results":1,"page":1,"version":"1.4"}} 
 </msg>
<msg time="2024-05-09T07:15:26.127389" level="INFO">/opt/hostedtoolcache/Python/3.12.3/x64/lib/python3.12/site-packages/urllib3/connectionpool.py:1103: InsecureRequestWarning: Unverified HTTPS request is being made to host 'randomuser.me'. Adding certificate verification is strongly advised. See: https://urllib3.readthedocs.io/en/latest/advanced-usage.html#tls-warnings
  warnings.warn(</msg>
<msg time="2024-05-09T07:15:26.127534" level="INFO">${response} = &lt;Response [200]&gt;</msg>
<var>${response}</var>
<arg>consultarAPI</arg>
<arg>/api</arg>
<doc>Sends a GET request on a previously created HTTP Session.</doc>
<status status="PASS" start="2024-05-09T07:15:26.050181" elapsed="0.077409"/>
</kw>
<kw name="Set Variable" owner="BuiltIn">
<msg time="2024-05-09T07:15:26.128487" level="INFO">${json_data} = {'results': [{'gender': 'male', 'name': {'title': 'Mr', 'first': 'آرش', 'last': 'قاسمی'}, 'location': {'street': {'number': 490, 'name': 'جمهوری'}, 'city': 'سبزوار', 'state': 'فارس', 'country': 'Iran'...</msg>
<var>${json_data}</var>
<arg>${response.json()}</arg>
<doc>Returns the given values which can then be assigned to a variables.</doc>
<status status="PASS" start="2024-05-09T07:15:26.128017" elapsed="0.000501"/>
</kw>
<kw name="Log" owner="BuiltIn">
<msg time="2024-05-09T07:15:26.129026" level="INFO">{'results': [{'gender': 'male', 'name': {'title': 'Mr', 'first': 'آرش', 'last': 'قاسمی'}, 'location': {'street': {'number': 490, 'name': 'جمهوری'}, 'city': 'سبزوار', 'state': 'فارس', 'country': 'Iran', 'postcode': 90748, 'coordinates': {'latitude': '19.5331', 'longitude': '-165.8802'}, 'timezone': {'offset': '+3:00', 'description': 'Baghdad, Riyadh, Moscow, St. Petersburg'}}, 'email': 'arsh.qsmy@example.com', 'login': {'uuid': '1880387e-d8ea-4894-8c5c-0a93ab9abb99', 'username': 'greenpeacock121', 'password': 'roadking', 'salt': '1H3MIJrH', 'md5': '797769167ba992ee4ee29da35313e09e', 'sha1': '75d395ec09452d66fe747e43de18ac304153b967', 'sha256': 'eba79f9a4da024d9001229f8b6827a74610d89ca8c3bbd95050d9280ea394d8b'}, 'dob': {'date': '1981-10-27T04:49:54.022Z', 'age': 42}, 'registered': {'date': '2013-10-18T01:46:18.679Z', 'age': 10}, 'phone': '067-56776681', 'cell': '0941-510-5422', 'id': {'name': '', 'value': None}, 'picture': {'large': 'https://randomuser.me/api/portraits/men/20.jpg', 'medium': 'https://randomuser.me/api/portraits/med/men/20.jpg', 'thumbnail': 'https://randomuser.me/api/portraits/thumb/men/20.jpg'}, 'nat': 'IR'}], 'info': {'seed': '9f82857a7943c0ee', 'results': 1, 'page': 1, 'version': '1.4'}}</msg>
<arg>${json_data}</arg>
<doc>Logs the given message with the given level.</doc>
<status status="PASS" start="2024-05-09T07:15:26.128864" elapsed="0.000245"/>
</kw>
<kw name="Should Be String" owner="String">
<arg>${json_data['results'][0]['gender']}</arg>
<doc>Fails if the given ``item`` is not a string.</doc>
<status status="PASS" start="2024-05-09T07:15:26.129417" elapsed="0.000366"/>
</kw>
<kw name="Should Match Regexp" owner="BuiltIn">
<arg>${json_data['results'][0]['email']}</arg>
<arg>^[a-zA-Z0-9._%+-]+@[a-zA-Z0-9.-]+\.[a-zA-Z]{2,}$</arg>
<doc>Fails if ``string`` does not match ``pattern`` as a regular expression.</doc>
<status status="PASS" start="2024-05-09T07:15:26.129978" elapsed="0.000513"/>
</kw>
<kw name="Should Match Regexp" owner="BuiltIn">
<arg>${json_data['results'][0]['dob']['date']}</arg>
<arg>\\d{4}-\\d{2}-\\d{2}T\\d{2}:\\d{2}:\\d{2}\\.\\d{3}Z</arg>
<doc>Fails if ``string`` does not match ``pattern`` as a regular expression.</doc>
<status status="PASS" start="2024-05-09T07:15:26.130687" elapsed="0.000493"/>
</kw>
<kw name="Should Match Regexp" owner="BuiltIn">
<arg>${json_data['results'][0]['registered']['date']}</arg>
<arg>\\d{4}-\\d{2}-\\d{2}T\\d{2}:\\d{2}:\\d{2}\\.\\d{3}Z</arg>
<doc>Fails if ``string`` does not match ``pattern`` as a regular expression.</doc>
<status status="PASS" start="2024-05-09T07:15:26.131373" elapsed="0.000366"/>
</kw>
<kw name="Should Match Regexp" owner="BuiltIn">
<arg>${json_data['results'][0]['picture']['large']}</arg>
<arg>^https?://.*\.(?:png|jpe?g|gif|bmp)$</arg>
<doc>Fails if ``string`` does not match ``pattern`` as a regular expression.</doc>
<status status="PASS" start="2024-05-09T07:15:26.131939" elapsed="0.000462"/>
</kw>
<kw name="Should Match Regexp" owner="BuiltIn">
<arg>${json_data['results'][0]['picture']['medium']}</arg>
<arg>^https?://.*\.(?:png|jpe?g|gif|bmp)$</arg>
<doc>Fails if ``string`` does not match ``pattern`` as a regular expression.</doc>
<status status="PASS" start="2024-05-09T07:15:26.132590" elapsed="0.000392"/>
</kw>
<kw name="Should Match Regexp" owner="BuiltIn">
<arg>${json_data['results'][0]['picture']['thumbnail']}</arg>
<arg>^https?://.*\.(?:png|jpe?g|gif|bmp)$</arg>
<doc>Fails if ``string`` does not match ``pattern`` as a regular expression.</doc>
<status status="PASS" start="2024-05-09T07:15:26.133175" elapsed="0.000358"/>
</kw>
<kw name="Log" owner="BuiltIn">
<msg time="2024-05-09T07:15:26.134035" level="INFO">{'large': 'https://randomuser.me/api/portraits/men/20.jpg', 'medium': 'https://randomuser.me/api/portraits/med/men/20.jpg', 'thumbnail': 'https://randomuser.me/api/portraits/thumb/men/20.jpg'}</msg>
<arg>${json_data['results'][0]['picture']}</arg>
<doc>Logs the given message with the given level.</doc>
<status status="PASS" start="2024-05-09T07:15:26.133715" elapsed="0.000361"/>
</kw>
<status status="PASS" start="2024-05-09T07:15:26.049956" elapsed="0.084375"/>
</kw>
<kw name="Teste de Tipos de Dados - Postcode" owner="random-user-service">
<kw name="GET On Session" owner="RequestsLibrary">
<msg time="2024-05-09T07:15:26.233816" level="INFO">GET Request : url=https://randomuser.me/api 
 path_url=/api 
 headers={'User-Agent': 'python-requests/2.31.0', 'Accept-Encoding': 'gzip, deflate', 'Accept': '*/*', 'Connection': 'keep-alive'} 
 body=None 
 </msg>
<msg time="2024-05-09T07:15:26.233922" level="INFO">GET Response : url=https://randomuser.me/api 
 status=200, reason=OK 
 headers={'Date': 'Thu, 09 May 2024 07:15:26 GMT', 'Content-Type': 'application/json; charset=utf-8', 'Transfer-Encoding': 'chunked', 'Connection': 'keep-alive', 'X-Powered-By': 'Express', 'Access-Control-Allow-Origin': '*', 'Cache-Control': 'no-cache', 'ETag': 'W/"496-zAk+UvDmQ/BfOzXfD/PzGOUGW34"', 'Vary': 'Accept-Encoding', 'Content-Encoding': 'gzip', 'CF-Cache-Status': 'DYNAMIC', 'Report-To': '{"endpoints":[{"url":"https:\\/\\/a.nel.cloudflare.com\\/report\\/v4?s=A2Lka7F1jjexYANpIlkWeq7b9ERq0aTzlRzzIKRPznN3oWJ2jLJcNUJQc3Xvqz8iOnWiZKUIOJEO%2FFA0MayNPmiE7zHesWjPGcZ6TmuXT%2FXLKkCJRQe6Fs9Wo05%2F6w1X"}],"group":"cf-nel","max_age":604800}', 'NEL': '{"success_fraction":0,"report_to":"cf-nel","max_age":604800}', 'Server': 'cloudflare', 'CF-RAY': '880fe5f85cd713f2-ORD', 'alt-svc': 'h3=":443"; ma=86400'} 
 body={"results":[{"gender":"female","name":{"title":"Mrs","first":"تارا","last":"سالاری"},"location":{"street":{"number":7779,"name":"شیخ فضل الله نوری"},"city":"آمل","state":"چهارمحال و بختیاری","country":"Iran","postcode":26956,"coordinates":{"latitude":"13.3014","longitude":"42.6029"},"timezone":{"offset":"-10:00","description":"Hawaii"}},"email":"tr.slry@example.com","login":{"uuid":"4481c80c-3333-4fd3-852f-0efa2e956664","username":"yellowbird903","password":"belmont","salt":"pmn71mWw","md5":"3e42b5f0f35ec573f73117aff8824601","sha1":"cd81a44271891395b89c7aef56bcbea28007fd9c","sha256":"fbc458d2be03b399ca5279658e1d6f780693a1fefc09218c5d9163ffe4f4ffbf"},"dob":{"date":"1998-03-14T22:45:07.010Z","age":26},"registered":{"date":"2015-09-13T16:41:57.597Z","age":8},"phone":"095-34442188","cell":"0998-082-6780","id":{"name":"","value":null},"picture":{"large":"https://randomuser.me/api/portraits/women/13.jpg","medium":"https://randomuser.me/api/portraits/med/women/13.jpg","thumbnail":"https://randomuser.me/api/portraits/thumb/women/13.jpg"},"nat":"IR"}],"info":{"seed":"eab0ae7b70df9665","results":1,"page":1,"version":"1.4"}} 
 </msg>
<msg time="2024-05-09T07:15:26.234008" level="INFO">/opt/hostedtoolcache/Python/3.12.3/x64/lib/python3.12/site-packages/urllib3/connectionpool.py:1103: InsecureRequestWarning: Unverified HTTPS request is being made to host 'randomuser.me'. Adding certificate verification is strongly advised. See: https://urllib3.readthedocs.io/en/latest/advanced-usage.html#tls-warnings
  warnings.warn(</msg>
<msg time="2024-05-09T07:15:26.234136" level="INFO">${response} = &lt;Response [200]&gt;</msg>
<var>${response}</var>
<arg>consultarAPI</arg>
<arg>/api</arg>
<doc>Sends a GET request on a previously created HTTP Session.</doc>
<status status="PASS" start="2024-05-09T07:15:26.134776" elapsed="0.099400"/>
</kw>
<kw name="Set Variable" owner="BuiltIn">
<msg time="2024-05-09T07:15:26.235148" level="INFO">${json_data} = {'results': [{'gender': 'female', 'name': {'title': 'Mrs', 'first': 'تارا', 'last': 'سالاری'}, 'location': {'street': {'number': 7779, 'name': 'شیخ فضل الله نوری'}, 'city': 'آمل', 'state': 'چهارمحال و...</msg>
<var>${json_data}</var>
<arg>${response.json()}</arg>
<doc>Returns the given values which can then be assigned to a variables.</doc>
<status status="PASS" start="2024-05-09T07:15:26.234633" elapsed="0.000545"/>
</kw>
<kw name="Log" owner="BuiltIn">
<msg time="2024-05-09T07:15:26.235677" level="INFO">{'results': [{'gender': 'female', 'name': {'title': 'Mrs', 'first': 'تارا', 'last': 'سالاری'}, 'location': {'street': {'number': 7779, 'name': 'شیخ فضل الله نوری'}, 'city': 'آمل', 'state': 'چهارمحال و بختیاری', 'country': 'Iran', 'postcode': 26956, 'coordinates': {'latitude': '13.3014', 'longitude': '42.6029'}, 'timezone': {'offset': '-10:00', 'description': 'Hawaii'}}, 'email': 'tr.slry@example.com', 'login': {'uuid': '4481c80c-3333-4fd3-852f-0efa2e956664', 'username': 'yellowbird903', 'password': 'belmont', 'salt': 'pmn71mWw', 'md5': '3e42b5f0f35ec573f73117aff8824601', 'sha1': 'cd81a44271891395b89c7aef56bcbea28007fd9c', 'sha256': 'fbc458d2be03b399ca5279658e1d6f780693a1fefc09218c5d9163ffe4f4ffbf'}, 'dob': {'date': '1998-03-14T22:45:07.010Z', 'age': 26}, 'registered': {'date': '2015-09-13T16:41:57.597Z', 'age': 8}, 'phone': '095-34442188', 'cell': '0998-082-6780', 'id': {'name': '', 'value': None}, 'picture': {'large': 'https://randomuser.me/api/portraits/women/13.jpg', 'medium': 'https://randomuser.me/api/portraits/med/women/13.jpg', 'thumbnail': 'https://randomuser.me/api/portraits/thumb/women/13.jpg'}, 'nat': 'IR'}], 'info': {'seed': 'eab0ae7b70df9665', 'results': 1, 'page': 1, 'version': '1.4'}}</msg>
<arg>${json_data}</arg>
<doc>Logs the given message with the given level.</doc>
<status status="PASS" start="2024-05-09T07:15:26.235512" elapsed="0.000252"/>
</kw>
<kw name="Should Be Equal As Numbers" owner="BuiltIn">
<arg>${json_data['results'][0]['location']['postcode']}</arg>
<arg>${json_data['results'][0]['location']['postcode']}</arg>
<doc>Fails if objects are unequal after converting them to real numbers.</doc>
<status status="PASS" start="2024-05-09T07:15:26.236258" elapsed="0.000686"/>
</kw>
<kw name="Log" owner="BuiltIn">
<msg time="2024-05-09T07:15:26.237485" level="INFO">26956</msg>
<arg>${json_data['results'][0]['location']['postcode']}</arg>
<doc>Logs the given message with the given level.</doc>
<status status="PASS" start="2024-05-09T07:15:26.237140" elapsed="0.000386"/>
</kw>
<status status="PASS" start="2024-05-09T07:15:26.134551" elapsed="0.103233"/>
</kw>
<doc>Testa se os tipos de dados na resposta da API estão corretos.</doc>
<tag>testeTiposDados</tag>
<status status="PASS" start="2024-05-09T07:15:26.049505" elapsed="0.188459"/>
</test>
<test id="s1-s1-t5" name="Validar conteudo" line="35">
<kw name="Teste de Tipos de Conteudo" owner="random-user-service">
<kw name="GET On Session" owner="RequestsLibrary">
<msg time="2024-05-09T07:15:26.347656" level="INFO">GET Request : url=https://randomuser.me/api 
 path_url=/api 
 headers={'User-Agent': 'python-requests/2.31.0', 'Accept-Encoding': 'gzip, deflate', 'Accept': '*/*', 'Connection': 'keep-alive'} 
 body=None 
 </msg>
<msg time="2024-05-09T07:15:26.347766" level="INFO">GET Response : url=https://randomuser.me/api 
 status=200, reason=OK 
 headers={'Date': 'Thu, 09 May 2024 07:15:26 GMT', 'Content-Type': 'application/json; charset=utf-8', 'Transfer-Encoding': 'chunked', 'Connection': 'keep-alive', 'X-Powered-By': 'Express', 'Access-Control-Allow-Origin': '*', 'Cache-Control': 'no-cache', 'ETag': 'W/"498-6GwZgJBLfVUVMXhWP9dO+uONy9E"', 'Vary': 'Accept-Encoding', 'Content-Encoding': 'gzip', 'CF-Cache-Status': 'DYNAMIC', 'Report-To': '{"endpoints":[{"url":"https:\\/\\/a.nel.cloudflare.com\\/report\\/v4?s=7EQWBx3TnRFsigWZgxt5ZH%2FBtFj04A4Kd8UwRztb1HNc45H0TC9pCRhdrZjrxh9UuVvi%2F3DwxpjqcuDeHyjsbHJwUhl8LXbj8Nml%2FK4A3i1Mm1a7MCMGyATVwze9Q9sO"}],"group":"cf-nel","max_age":604800}', 'NEL': '{"success_fraction":0,"report_to":"cf-nel","max_age":604800}', 'Server': 'cloudflare', 'CF-RAY': '880fe5f90d5b13f2-ORD', 'alt-svc': 'h3=":443"; ma=86400'} 
 body={"results":[{"gender":"female","name":{"title":"Miss","first":"Esmee","last":"Peulen"},"location":{"street":{"number":2714,"name":"Arteveldestraat"},"city":"Oosterwijk","state":"Friesland","country":"Netherlands","postcode":"7667 ZE","coordinates":{"latitude":"35.8507","longitude":"116.5439"},"timezone":{"offset":"+6:00","description":"Almaty, Dhaka, Colombo"}},"email":"esmee.peulen@example.com","login":{"uuid":"484c41a3-42ff-4e32-9ce9-b0e0a39ca49d","username":"organicostrich129","password":"terrier","salt":"k904nieV","md5":"b58d649b46fc7732123f9f28bb619a2b","sha1":"7bbe0ef9cae16d7d9b3419ef8d82f0a0559b7b9e","sha256":"a8f12c58e69311545c8cdeabd40446d31709fe4ac2c41392635790eac2c3d475"},"dob":{"date":"1996-08-18T12:17:05.838Z","age":27},"registered":{"date":"2002-12-05T11:37:46.139Z","age":21},"phone":"(015) 7626829","cell":"(06) 31802922","id":{"name":"BSN","value":"46070163"},"picture":{"large":"https://randomuser.me/api/portraits/women/65.jpg","medium":"https://randomuser.me/api/portraits/med/women/65.jpg","thumbnail":"https://randomuser.me/api/portraits/thumb/women/65.jpg"},"nat":"NL"}],"info":{"seed":"75b988aa42c75ce3","results":1,"page":1,"version":"1.4"}} 
 </msg>
<msg time="2024-05-09T07:15:26.347846" level="INFO">/opt/hostedtoolcache/Python/3.12.3/x64/lib/python3.12/site-packages/urllib3/connectionpool.py:1103: InsecureRequestWarning: Unverified HTTPS request is being made to host 'randomuser.me'. Adding certificate verification is strongly advised. See: https://urllib3.readthedocs.io/en/latest/advanced-usage.html#tls-warnings
  warnings.warn(</msg>
<msg time="2024-05-09T07:15:26.348010" level="INFO">${response} = &lt;Response [200]&gt;</msg>
<var>${response}</var>
<arg>consultarAPI</arg>
<arg>/api</arg>
<doc>Sends a GET request on a previously created HTTP Session.</doc>
<status status="PASS" start="2024-05-09T07:15:26.240588" elapsed="0.107468"/>
</kw>
<kw name="Set Variable" owner="BuiltIn">
<msg time="2024-05-09T07:15:26.349081" level="INFO">${json_data} = {'results': [{'gender': 'female', 'name': {'title': 'Miss', 'first': 'Esmee', 'last': 'Peulen'}, 'location': {'street': {'number': 2714, 'name': 'Arteveldestraat'}, 'city': 'Oosterwijk', 'state': 'Fri...</msg>
<var>${json_data}</var>
<arg>${response.json()}</arg>
<doc>Returns the given values which can then be assigned to a variables.</doc>
<status status="PASS" start="2024-05-09T07:15:26.348555" elapsed="0.000554"/>
</kw>
<kw name="Set Variable" owner="BuiltIn">
<msg time="2024-05-09T07:15:26.349797" level="INFO">${name_title} = Miss</msg>
<var>${name_title}</var>
<arg>${json_data["results"][0]["name"]["title"]}</arg>
<doc>Returns the given values which can then be assigned to a variables.</doc>
<status status="PASS" start="2024-05-09T07:15:26.349411" elapsed="0.000411"/>
</kw>
<kw name="Create List" owner="BuiltIn">
<msg time="2024-05-09T07:15:26.350265" level="INFO">${allowed_titles} = ['Mr', 'Ms', 'Miss', 'Mrs', 'Madame', 'Monsieur']</msg>
<var>${allowed_titles}</var>
<arg>Mr</arg>
<arg>Ms</arg>
<arg>Miss</arg>
<arg>Mrs</arg>
<arg>Madame</arg>
<arg>Monsieur</arg>
<doc>Returns a list containing given items.</doc>
<status status="PASS" start="2024-05-09T07:15:26.350117" elapsed="0.000172"/>
</kw>
<kw name="List Should Contain Value" owner="Collections">
<msg time="2024-05-09T07:15:26.350757" level="INFO">False</msg>
<arg>${allowed_titles}</arg>
<arg>${name_title}</arg>
<doc>Fails if the ``value`` is not found from ``list``.</doc>
<status status="PASS" start="2024-05-09T07:15:26.350584" elapsed="0.000209"/>
</kw>
<kw name="Set Variable" owner="BuiltIn">
<msg time="2024-05-09T07:15:26.351461" level="INFO">${name_country} = NL</msg>
<var>${name_country}</var>
<arg>${json_data["results"][0]["nat"]}</arg>
<doc>Returns the given values which can then be assigned to a variables.</doc>
<status status="PASS" start="2024-05-09T07:15:26.351080" elapsed="0.000405"/>
</kw>
<kw name="Create List" owner="BuiltIn">
<msg time="2024-05-09T07:15:26.352372" level="INFO">${list_country} = ['AD', 'AE', 'AF', 'AG', 'AI', 'AL', 'AM', 'AO', 'AQ', 'AR', 'AS', 'AT', 'AU', 'AW', 'AX', 'AZ', 'BA', 'BB', 'BD', 'BE', 'BF', 'BG', 'BH', 'BI', 'BJ', 'BL', 'BM', 'BN', 'BO', 'BQ', 'BR', 'BS', 'BT', '...</msg>
<var>${list_country}</var>
<arg>AD</arg>
<arg>AE</arg>
<arg>AF</arg>
<arg>AG</arg>
<arg>AI</arg>
<arg>AL</arg>
<arg>AM</arg>
<arg>AO</arg>
<arg>AQ</arg>
<arg>AR</arg>
<arg>AS</arg>
<arg>AT</arg>
<arg>AU</arg>
<arg>AW</arg>
<arg>AX</arg>
<arg>AZ</arg>
<arg>BA</arg>
<arg>BB</arg>
<arg>BD</arg>
<arg>BE</arg>
<arg>BF</arg>
<arg>BG</arg>
<arg>BH</arg>
<arg>BI</arg>
<arg>BJ</arg>
<arg>BL</arg>
<arg>BM</arg>
<arg>BN</arg>
<arg>BO</arg>
<arg>BQ</arg>
<arg>BR</arg>
<arg>BS</arg>
<arg>BT</arg>
<arg>BV</arg>
<arg>BW</arg>
<arg>BY</arg>
<arg>BZ</arg>
<arg>CA</arg>
<arg>CC</arg>
<arg>CD</arg>
<arg>CF</arg>
<arg>CG</arg>
<arg>CH</arg>
<arg>CI</arg>
<arg>CK</arg>
<arg>CL</arg>
<arg>CM</arg>
<arg>CN</arg>
<arg>CO</arg>
<arg>CR</arg>
<arg>CU</arg>
<arg>CV</arg>
<arg>CW</arg>
<arg>CX</arg>
<arg>CY</arg>
<arg>CZ</arg>
<arg>DE</arg>
<arg>DJ</arg>
<arg>DK</arg>
<arg>DM</arg>
<arg>DO</arg>
<arg>DZ</arg>
<arg>EC</arg>
<arg>EE</arg>
<arg>EG</arg>
<arg>EH</arg>
<arg>ER</arg>
<arg>ES</arg>
<arg>ET</arg>
<arg>FI</arg>
<arg>FJ</arg>
<arg>FK</arg>
<arg>FM</arg>
<arg>FO</arg>
<arg>FR</arg>
<arg>GA</arg>
<arg>GB</arg>
<arg>GD</arg>
<arg>GE</arg>
<arg>GF</arg>
<arg>GG</arg>
<arg>GH</arg>
<arg>GI</arg>
<arg>GL</arg>
<arg>GM</arg>
<arg>GN</arg>
<arg>GP</arg>
<arg>GQ</arg>
<arg>GR</arg>
<arg>GS</arg>
<arg>GT</arg>
<arg>GU</arg>
<arg>GW</arg>
<arg>GY</arg>
<arg>HK</arg>
<arg>HM</arg>
<arg>HN</arg>
<arg>HR</arg>
<arg>HT</arg>
<arg>HU</arg>
<arg>ID</arg>
<arg>IE</arg>
<arg>IL</arg>
<arg>IM</arg>
<arg>IN</arg>
<arg>IO</arg>
<arg>IQ</arg>
<arg>IR</arg>
<arg>IS</arg>
<arg>IT</arg>
<arg>JE</arg>
<arg>JM</arg>
<arg>JO</arg>
<arg>JP</arg>
<arg>KE</arg>
<arg>KG</arg>
<arg>KH</arg>
<arg>KI</arg>
<arg>KM</arg>
<arg>KN</arg>
<arg>KP</arg>
<arg>KR</arg>
<arg>KW</arg>
<arg>KY</arg>
<arg>KZ</arg>
<arg>LA</arg>
<arg>LB</arg>
<arg>LC</arg>
<arg>LI</arg>
<arg>LK</arg>
<arg>LR</arg>
<arg>LS</arg>
<arg>LT</arg>
<arg>LU</arg>
<arg>LV</arg>
<arg>LY</arg>
<arg>MA</arg>
<arg>MC</arg>
<arg>MD</arg>
<arg>ME</arg>
<arg>MF</arg>
<arg>MG</arg>
<arg>MH</arg>
<arg>MK</arg>
<arg>ML</arg>
<arg>MM</arg>
<arg>MN</arg>
<arg>MO</arg>
<arg>MP</arg>
<arg>MQ</arg>
<arg>MR</arg>
<arg>MS</arg>
<arg>MT</arg>
<arg>MU</arg>
<arg>MV</arg>
<arg>MW</arg>
<arg>MX</arg>
<arg>MY</arg>
<arg>MZ</arg>
<arg>NA</arg>
<arg>NC</arg>
<arg>NE</arg>
<arg>NF</arg>
<arg>NG</arg>
<arg>NI</arg>
<arg>NL</arg>
<arg>NO</arg>
<arg>NP</arg>
<arg>NR</arg>
<arg>NU</arg>
<arg>NZ</arg>
<arg>OM</arg>
<arg>PA</arg>
<arg>PE</arg>
<arg>PF</arg>
<arg>PG</arg>
<arg>PH</arg>
<arg>PK</arg>
<arg>PL</arg>
<arg>PM</arg>
<arg>PN</arg>
<arg>PR</arg>
<arg>PS</arg>
<arg>PT</arg>
<arg>PW</arg>
<arg>PY</arg>
<arg>QA</arg>
<arg>RE</arg>
<arg>RO</arg>
<arg>RS</arg>
<arg>RU</arg>
<arg>RW</arg>
<arg>SA</arg>
<arg>SB</arg>
<arg>SC</arg>
<arg>SD</arg>
<arg>SE</arg>
<arg>SG</arg>
<arg>SH</arg>
<arg>SI</arg>
<arg>SJ</arg>
<arg>SK</arg>
<arg>SL</arg>
<arg>SM</arg>
<arg>SN</arg>
<arg>SO</arg>
<arg>SR</arg>
<arg>SS</arg>
<arg>ST</arg>
<arg>SV</arg>
<arg>SX</arg>
<arg>SY</arg>
<arg>SZ</arg>
<arg>TC</arg>
<arg>TD</arg>
<arg>TF</arg>
<arg>TG</arg>
<arg>TH</arg>
<arg>TJ</arg>
<arg>TK</arg>
<arg>TL</arg>
<arg>TM</arg>
<arg>TN</arg>
<arg>TO</arg>
<arg>TR</arg>
<arg>TT</arg>
<arg>TV</arg>
<arg>TW</arg>
<arg>TZ</arg>
<arg>UA</arg>
<arg>UG</arg>
<arg>UM</arg>
<arg>US</arg>
<arg>UY</arg>
<arg>UZ</arg>
<arg>VA</arg>
<arg>VC</arg>
<arg>VE</arg>
<arg>VG</arg>
<arg>VI</arg>
<arg>VN</arg>
<arg>VU</arg>
<arg>WF</arg>
<arg>WS</arg>
<arg>XK</arg>
<arg>YE</arg>
<arg>YT</arg>
<arg>ZA</arg>
<arg>ZM</arg>
<arg>ZW</arg>
<doc>Returns a list containing given items.</doc>
<status status="PASS" start="2024-05-09T07:15:26.351783" elapsed="0.000615"/>
</kw>
<kw name="List Should Contain Value" owner="Collections">
<msg time="2024-05-09T07:15:26.353416" level="INFO">False</msg>
<arg>${list_country}</arg>
<arg>${name_country}</arg>
<doc>Fails if the ``value`` is not found from ``list``.</doc>
<status status="PASS" start="2024-05-09T07:15:26.353213" elapsed="0.000240"/>
</kw>
<kw name="Run Keyword If" owner="BuiltIn">
<kw name="Should Be True" owner="BuiltIn">
<arg>${True}</arg>
<doc>Fails if the given condition is not true.</doc>
<status status="PASS" start="2024-05-09T07:15:26.354521" elapsed="0.000261"/>
</kw>
<arg>${json_data["results"][0]["location"]["coordinates"]["latitude"]} &gt;= -90 and ${json_data["results"][0]["location"]["coordinates"]["latitude"]} &lt;= 90</arg>
<arg>Should Be True</arg>
<arg>${True}</arg>
<doc>Runs the given keyword with the given arguments, if ``condition`` is true.</doc>
<status status="PASS" start="2024-05-09T07:15:26.353766" elapsed="0.001146"/>
</kw>
<kw name="Run Keyword If" owner="BuiltIn">
<kw name="Should Be True" owner="BuiltIn">
<arg>${True}</arg>
<doc>Fails if the given condition is not true.</doc>
<status status="PASS" start="2024-05-09T07:15:26.355799" elapsed="0.000140"/>
</kw>
<arg>${json_data["results"][0]["location"]["coordinates"]["longitude"]} &gt;= -180 and ${json_data["results"][0]["location"]["coordinates"]["longitude"]} &lt;= 180</arg>
<arg>Should Be True</arg>
<arg>${True}</arg>
<doc>Runs the given keyword with the given arguments, if ``condition`` is true.</doc>
<status status="PASS" start="2024-05-09T07:15:26.355099" elapsed="0.000963"/>
</kw>
<status status="PASS" start="2024-05-09T07:15:26.240351" elapsed="0.115844"/>
</kw>
<doc>Testa o conteúdo específico dos campos retornados pela API.</doc>
<tag>testeConteudo</tag>
<status status="PASS" start="2024-05-09T07:15:26.239796" elapsed="0.116552"/>
</test>
<status status="PASS" start="2024-05-09T07:15:25.408533" elapsed="0.949787"/>
</suite>
<status status="PASS" start="2024-05-09T07:15:25.394777" elapsed="0.968649"/>
</suite>
<statistics>
<total>
<stat pass="5" fail="0" skip="0">All Tests</stat>
</total>
<tag>
<stat pass="1" fail="0" skip="0">testeConteudo</stat>
<stat pass="1" fail="0" skip="0">testeEstruturaResposta</stat>
<stat pass="1" fail="0" skip="0">testeRequisicaoBasica</stat>
<stat pass="1" fail="0" skip="0">testeTiposDados</stat>
</tag>
<suite>
<stat pass="5" fail="0" skip="0" id="s1" name="Tests">Tests</stat>
<stat pass="5" fail="0" skip="0" id="s1-s1" name="Random-User-Test">Tests.Random-User-Test</stat>
</suite>
</statistics>
<errors>
</errors>
</robot>
