<?xml version="1.0" encoding="UTF-8"?>
<robot generator="Robot 7.0 (Python 3.12.3 on linux)" generated="2024-06-05T11:12:27.206653" rpa="false" schemaversion="5">
<suite id="s1" name="Tests" source="/home/runner/work/ApiRandomUser/ApiRandomUser/RamdonUser/tests">
<suite id="s1-s1" name="Random-User-Test" source="/home/runner/work/ApiRandomUser/ApiRandomUser/RamdonUser/tests/random-user-test.robot">
<test id="s1-s1-t1" name="Conectar" line="13">
<kw name="Conectar API" owner="random-user-service">
<kw name="Create Session" owner="RequestsLibrary">
<msg time="2024-06-05T11:12:27.601526" level="INFO">Creating Session using : alias=consultarAPI, url=https://randomuser.me/, headers={},                     cookies={}, auth=None, timeout=None, proxies=None, verify=False,                     debug=0 </msg>
<arg>consultarAPI</arg>
<arg>${URL}</arg>
<doc>Create Session: create a HTTP session to a server</doc>
<status status="PASS" start="2024-06-05T11:12:27.601318" elapsed="0.000385"/>
</kw>
<status status="PASS" start="2024-06-05T11:12:27.600278" elapsed="0.001792"/>
</kw>
<status status="PASS" start="2024-06-05T11:12:27.599725" elapsed="0.002544"/>
</test>
<test id="s1-s1-t2" name="Validar retorno 200 e JSON Válido" line="16">
<kw name="Teste de Requisicao Basica" owner="random-user-service">
<kw name="GET On Session" owner="RequestsLibrary">
<msg time="2024-06-05T11:12:27.836642" level="INFO">GET Request : url=https://randomuser.me/api 
 path_url=/api 
 headers={'User-Agent': 'python-requests/2.32.3', 'Accept-Encoding': 'gzip, deflate', 'Accept': '*/*', 'Connection': 'keep-alive'} 
 body=None 
 </msg>
<msg time="2024-06-05T11:12:27.836807" level="INFO">GET Response : url=https://randomuser.me/api 
 status=200, reason=OK 
 headers={'Date': 'Wed, 05 Jun 2024 11:12:27 GMT', 'Content-Type': 'application/json; charset=utf-8', 'Transfer-Encoding': 'chunked', 'Connection': 'keep-alive', 'X-Powered-By': 'Express', 'Access-Control-Allow-Origin': '*', 'Cache-Control': 'no-cache', 'ETag': 'W/"479-p4O2K12UMt+PJ14PDiKvacyL4TQ"', 'Vary': 'Accept-Encoding', 'Content-Encoding': 'gzip', 'CF-Cache-Status': 'DYNAMIC', 'Report-To': '{"endpoints":[{"url":"https:\\/\\/a.nel.cloudflare.com\\/report\\/v4?s=jbkG3D%2BIZtZyp0zyvDwjz3M3ATHFDkSzddLMGwqYLbYuclt9yPB2W0Y0OVLUKUhsadBwIIWdepBUgQ0OhMmFpL7m705N93Q%2Fc3gRBJg0hqcdsd6czyIB%2FpKg%2FRA0JL0%2B"}],"group":"cf-nel","max_age":604800}', 'NEL': '{"success_fraction":0,"report_to":"cf-nel","max_age":604800}', 'Server': 'cloudflare', 'CF-RAY': '88efba4dbf8da3e2-ORD', 'alt-svc': 'h3=":443"; ma=86400'} 
 body={"results":[{"gender":"female","name":{"title":"Miss","first":"Tatiana","last":"Jović"},"location":{"street":{"number":6760,"name":"Vojna Pošta"},"city":"Trgovište","state":"Nišava","country":"Serbia","postcode":35952,"coordinates":{"latitude":"59.7152","longitude":"14.0328"},"timezone":{"offset":"-2:00","description":"Mid-Atlantic"}},"email":"tatiana.jovic@example.com","login":{"uuid":"d416aed6-487f-46e6-a6ff-4439a8b85b0d","username":"yellowfish379","password":"zhan","salt":"HE7A7Azy","md5":"64d70826f6dcc22c1dfd98d6d2fa884f","sha1":"59bf3e2d5176b688bc8f5d0660be15492787a3c7","sha256":"c4e0a9aba5067064b8d305d2fd06d4d6d292f272b8df9874afb99a93243a7395"},"dob":{"date":"1957-12-08T02:27:19.574Z","age":66},"registered":{"date":"2014-08-08T21:29:11.453Z","age":9},"phone":"027-5370-867","cell":"064-9204-581","id":{"name":"SID","value":"674519763"},"picture":{"large":"https://randomuser.me/api/portraits/women/61.jpg","medium":"https://randomuser.me/api/portraits/med/women/61.jpg","thumbnail":"https://randomuser.me/api/portraits/thumb/women/61.jpg"},"nat":"RS"}],"info":{"seed":"7775c0b69710b575","results":1,"page":1,"version":"1.4"}} 
 </msg>
<msg time="2024-06-05T11:12:27.836895" level="INFO">/opt/hostedtoolcache/Python/3.12.3/x64/lib/python3.12/site-packages/urllib3/connectionpool.py:1103: InsecureRequestWarning: Unverified HTTPS request is being made to host 'randomuser.me'. Adding certificate verification is strongly advised. See: https://urllib3.readthedocs.io/en/latest/advanced-usage.html#tls-warnings
  warnings.warn(</msg>
<msg time="2024-06-05T11:12:27.837057" level="INFO">${response} = &lt;Response [200]&gt;</msg>
<var>${response}</var>
<arg>consultarAPI</arg>
<arg>/api</arg>
<doc>Sends a GET request on a previously created HTTP Session.</doc>
<status status="PASS" start="2024-06-05T11:12:27.604842" elapsed="0.232256"/>
</kw>
<kw name="Should Be Equal As Numbers" owner="BuiltIn">
<msg time="2024-06-05T11:12:27.838077" level="INFO">Argument types are:
&lt;class 'int'&gt;
&lt;class 'str'&gt;</msg>
<arg>${response.status_code}</arg>
<arg>200</arg>
<doc>Fails if objects are unequal after converting them to real numbers.</doc>
<status status="PASS" start="2024-06-05T11:12:27.837606" elapsed="0.000540"/>
</kw>
<kw name="Log" owner="BuiltIn">
<msg time="2024-06-05T11:12:27.838938" level="INFO">200</msg>
<arg>${response.status_code}</arg>
<doc>Logs the given message with the given level.</doc>
<status status="PASS" start="2024-06-05T11:12:27.838562" elapsed="0.000424"/>
</kw>
<kw name="Set Variable" owner="BuiltIn">
<msg time="2024-06-05T11:12:27.839765" level="INFO">${json_data} = {'results': [{'gender': 'female', 'name': {'title': 'Miss', 'first': 'Tatiana', 'last': 'Jović'}, 'location': {'street': {'number': 6760, 'name': 'Vojna Pošta'}, 'city': 'Trgovište', 'state': 'Nišava'...</msg>
<var>${json_data}</var>
<arg>${response.json()}</arg>
<doc>Returns the given values which can then be assigned to a variables.</doc>
<status status="PASS" start="2024-06-05T11:12:27.839309" elapsed="0.000487"/>
</kw>
<kw name="Dictionary Should Contain Key" owner="Collections">
<msg time="2024-06-05T11:12:27.840282" level="INFO">False</msg>
<arg>${json_data}</arg>
<arg>results</arg>
<doc>Fails if ``key`` is not found from ``dictionary``.</doc>
<status status="PASS" start="2024-06-05T11:12:27.840108" elapsed="0.000376"/>
</kw>
<status status="PASS" start="2024-06-05T11:12:27.604589" elapsed="0.236163"/>
</kw>
<doc>Testa se a API responde corretamente e retorna um objeto JSON válido.</doc>
<tag>testeRequisicaoBasica</tag>
<status status="PASS" start="2024-06-05T11:12:27.604132" elapsed="0.236806"/>
</test>
<test id="s1-s1-t3" name="Validar estrutura de resposta" line="22">
<kw name="Teste de Estrutura de Resposta" owner="random-user-service">
<kw name="GET On Session" owner="RequestsLibrary">
<msg time="2024-06-05T11:12:27.947151" level="INFO">GET Request : url=https://randomuser.me/api 
 path_url=/api 
 headers={'User-Agent': 'python-requests/2.32.3', 'Accept-Encoding': 'gzip, deflate', 'Accept': '*/*', 'Connection': 'keep-alive'} 
 body=None 
 </msg>
<msg time="2024-06-05T11:12:27.947243" level="INFO">GET Response : url=https://randomuser.me/api 
 status=200, reason=OK 
 headers={'Date': 'Wed, 05 Jun 2024 11:12:27 GMT', 'Content-Type': 'application/json; charset=utf-8', 'Transfer-Encoding': 'chunked', 'Connection': 'keep-alive', 'X-Powered-By': 'Express', 'Access-Control-Allow-Origin': '*', 'Cache-Control': 'no-cache', 'ETag': 'W/"48e-L2UjQ5rORqHOzdluY2zmR8tf9DA"', 'Vary': 'Accept-Encoding', 'Content-Encoding': 'gzip', 'CF-Cache-Status': 'DYNAMIC', 'Report-To': '{"endpoints":[{"url":"https:\\/\\/a.nel.cloudflare.com\\/report\\/v4?s=98DEr07G0a5nQQNtXKqwoadRBfy7%2Bfwg%2FbbYgTLksjSbV8n2AQ24lVZbkLwtHdE8%2BSK0ymPbvNwZvf2awH5pfx5sDW6jw%2BerCPyYZ41HcEUkUJqqOL7qvKU6FxZgG70n"}],"group":"cf-nel","max_age":604800}', 'NEL': '{"success_fraction":0,"report_to":"cf-nel","max_age":604800}', 'Server': 'cloudflare', 'CF-RAY': '88efba4e0fbaa3e2-ORD', 'alt-svc': 'h3=":443"; ma=86400'} 
 body={"results":[{"gender":"male","name":{"title":"Mr","first":"Leonard","last":"Rhodes"},"location":{"street":{"number":2871,"name":"Windsor Road"},"city":"Winchester","state":"Wiltshire","country":"United Kingdom","postcode":"FS54 6BP","coordinates":{"latitude":"-12.8424","longitude":"-154.4160"},"timezone":{"offset":"-3:30","description":"Newfoundland"}},"email":"leonard.rhodes@example.com","login":{"uuid":"9c54fff5-eb81-4b9c-a483-63b7063c92bd","username":"orangeelephant465","password":"cooldude","salt":"6UHgRJWN","md5":"6ffad236999b6e80a166b074bcc03cef","sha1":"de503aee678159cbd3cc8505c119032c296bd7aa","sha256":"71f4492ca167ad95947a7e8c1cd00c9eb3415a83e58013503f094e1391597722"},"dob":{"date":"1956-09-13T22:13:56.769Z","age":67},"registered":{"date":"2016-06-06T18:42:54.558Z","age":7},"phone":"016977 5086","cell":"07331 590605","id":{"name":"NINO","value":"TZ 95 31 04 P"},"picture":{"large":"https://randomuser.me/api/portraits/men/49.jpg","medium":"https://randomuser.me/api/portraits/med/men/49.jpg","thumbnail":"https://randomuser.me/api/portraits/thumb/men/49.jpg"},"nat":"GB"}],"info":{"seed":"4b087df16266b270","results":1,"page":1,"version":"1.4"}} 
 </msg>
<msg time="2024-06-05T11:12:27.947364" level="INFO">/opt/hostedtoolcache/Python/3.12.3/x64/lib/python3.12/site-packages/urllib3/connectionpool.py:1103: InsecureRequestWarning: Unverified HTTPS request is being made to host 'randomuser.me'. Adding certificate verification is strongly advised. See: https://urllib3.readthedocs.io/en/latest/advanced-usage.html#tls-warnings
  warnings.warn(</msg>
<msg time="2024-06-05T11:12:27.947497" level="INFO">${response} = &lt;Response [200]&gt;</msg>
<var>${response}</var>
<arg>consultarAPI</arg>
<arg>/api</arg>
<doc>Sends a GET request on a previously created HTTP Session.</doc>
<status status="PASS" start="2024-06-05T11:12:27.843653" elapsed="0.103887"/>
</kw>
<kw name="Set Variable" owner="BuiltIn">
<msg time="2024-06-05T11:12:27.948504" level="INFO">${json_data} = {'results': [{'gender': 'male', 'name': {'title': 'Mr', 'first': 'Leonard', 'last': 'Rhodes'}, 'location': {'street': {'number': 2871, 'name': 'Windsor Road'}, 'city': 'Winchester', 'state': 'Wiltshir...</msg>
<var>${json_data}</var>
<arg>${response.json()}</arg>
<doc>Returns the given values which can then be assigned to a variables.</doc>
<status status="PASS" start="2024-06-05T11:12:27.947995" elapsed="0.000540"/>
</kw>
<kw name="Log" owner="BuiltIn">
<msg time="2024-06-05T11:12:27.949002" level="INFO">{'results': [{'gender': 'male', 'name': {'title': 'Mr', 'first': 'Leonard', 'last': 'Rhodes'}, 'location': {'street': {'number': 2871, 'name': 'Windsor Road'}, 'city': 'Winchester', 'state': 'Wiltshire', 'country': 'United Kingdom', 'postcode': 'FS54 6BP', 'coordinates': {'latitude': '-12.8424', 'longitude': '-154.4160'}, 'timezone': {'offset': '-3:30', 'description': 'Newfoundland'}}, 'email': 'leonard.rhodes@example.com', 'login': {'uuid': '9c54fff5-eb81-4b9c-a483-63b7063c92bd', 'username': 'orangeelephant465', 'password': 'cooldude', 'salt': '6UHgRJWN', 'md5': '6ffad236999b6e80a166b074bcc03cef', 'sha1': 'de503aee678159cbd3cc8505c119032c296bd7aa', 'sha256': '71f4492ca167ad95947a7e8c1cd00c9eb3415a83e58013503f094e1391597722'}, 'dob': {'date': '1956-09-13T22:13:56.769Z', 'age': 67}, 'registered': {'date': '2016-06-06T18:42:54.558Z', 'age': 7}, 'phone': '016977 5086', 'cell': '07331 590605', 'id': {'name': 'NINO', 'value': 'TZ 95 31 04 P'}, 'picture': {'large': 'https://randomuser.me/api/portraits/men/49.jpg', 'medium': 'https://randomuser.me/api/portraits/med/men/49.jpg', 'thumbnail': 'https://randomuser.me/api/portraits/thumb/men/49.jpg'}, 'nat': 'GB'}], 'info': {'seed': '4b087df16266b270', 'results': 1, 'page': 1, 'version': '1.4'}}</msg>
<arg>${json_data}</arg>
<doc>Logs the given message with the given level.</doc>
<status status="PASS" start="2024-06-05T11:12:27.948842" elapsed="0.000207"/>
</kw>
<kw name="Dictionary Should Contain Key" owner="Collections">
<msg time="2024-06-05T11:12:27.949500" level="INFO">False</msg>
<arg>${json_data}</arg>
<arg>results</arg>
<doc>Fails if ``key`` is not found from ``dictionary``.</doc>
<status status="PASS" start="2024-06-05T11:12:27.949341" elapsed="0.000195"/>
</kw>
<kw name="Should Not Be Empty" owner="BuiltIn">
<msg time="2024-06-05T11:12:27.949958" level="INFO">Length is 2.</msg>
<arg>${json_data}</arg>
<doc>Verifies that the given item is not empty.</doc>
<status status="PASS" start="2024-06-05T11:12:27.949826" elapsed="0.000175"/>
</kw>
<kw name="Create List" owner="BuiltIn">
<msg time="2024-06-05T11:12:27.950436" level="INFO">${expected_keys} = ['gender', 'name', 'location', 'email', 'login']</msg>
<var>${expected_keys}</var>
<arg>gender</arg>
<arg>name</arg>
<arg>location</arg>
<arg>email</arg>
<arg>login</arg>
<doc>Returns a list containing given items.</doc>
<status status="PASS" start="2024-06-05T11:12:27.950290" elapsed="0.000170"/>
</kw>
<for flavor="IN">
<iter>
<kw name="Dictionary Should Contain Key" owner="Collections">
<msg time="2024-06-05T11:12:27.951488" level="INFO">False</msg>
<arg>${json_data['results'][0]}</arg>
<arg>${key}</arg>
<doc>Fails if ``key`` is not found from ``dictionary``.</doc>
<status status="PASS" start="2024-06-05T11:12:27.951088" elapsed="0.000443"/>
</kw>
<kw name="Log" owner="BuiltIn">
<msg time="2024-06-05T11:12:27.952190" level="INFO">{'gender': 'male', 'name': {'title': 'Mr', 'first': 'Leonard', 'last': 'Rhodes'}, 'location': {'street': {'number': 2871, 'name': 'Windsor Road'}, 'city': 'Winchester', 'state': 'Wiltshire', 'country': 'United Kingdom', 'postcode': 'FS54 6BP', 'coordinates': {'latitude': '-12.8424', 'longitude': '-154.4160'}, 'timezone': {'offset': '-3:30', 'description': 'Newfoundland'}}, 'email': 'leonard.rhodes@example.com', 'login': {'uuid': '9c54fff5-eb81-4b9c-a483-63b7063c92bd', 'username': 'orangeelephant465', 'password': 'cooldude', 'salt': '6UHgRJWN', 'md5': '6ffad236999b6e80a166b074bcc03cef', 'sha1': 'de503aee678159cbd3cc8505c119032c296bd7aa', 'sha256': '71f4492ca167ad95947a7e8c1cd00c9eb3415a83e58013503f094e1391597722'}, 'dob': {'date': '1956-09-13T22:13:56.769Z', 'age': 67}, 'registered': {'date': '2016-06-06T18:42:54.558Z', 'age': 7}, 'phone': '016977 5086', 'cell': '07331 590605', 'id': {'name': 'NINO', 'value': 'TZ 95 31 04 P'}, 'picture': {'large': 'https://randomuser.me/api/portraits/men/49.jpg', 'medium': 'https://randomuser.me/api/portraits/med/men/49.jpg', 'thumbnail': 'https://randomuser.me/api/portraits/thumb/men/49.jpg'}, 'nat': 'GB'}</msg>
<arg>${json_data['results'][0]}</arg>
<doc>Logs the given message with the given level.</doc>
<status status="PASS" start="2024-06-05T11:12:27.951833" elapsed="0.000406"/>
</kw>
<kw name="Log" owner="BuiltIn">
<msg time="2024-06-05T11:12:27.952666" level="INFO">gender</msg>
<arg>${key}</arg>
<doc>Logs the given message with the given level.</doc>
<status status="PASS" start="2024-06-05T11:12:27.952539" elapsed="0.000165"/>
</kw>
<var name="${key}">gender</var>
<status status="PASS" start="2024-06-05T11:12:27.950961" elapsed="0.001969"/>
</iter>
<iter>
<kw name="Dictionary Should Contain Key" owner="Collections">
<msg time="2024-06-05T11:12:27.953631" level="INFO">False</msg>
<arg>${json_data['results'][0]}</arg>
<arg>${key}</arg>
<doc>Fails if ``key`` is not found from ``dictionary``.</doc>
<status status="PASS" start="2024-06-05T11:12:27.953230" elapsed="0.000437"/>
</kw>
<kw name="Log" owner="BuiltIn">
<msg time="2024-06-05T11:12:27.954342" level="INFO">{'gender': 'male', 'name': {'title': 'Mr', 'first': 'Leonard', 'last': 'Rhodes'}, 'location': {'street': {'number': 2871, 'name': 'Windsor Road'}, 'city': 'Winchester', 'state': 'Wiltshire', 'country': 'United Kingdom', 'postcode': 'FS54 6BP', 'coordinates': {'latitude': '-12.8424', 'longitude': '-154.4160'}, 'timezone': {'offset': '-3:30', 'description': 'Newfoundland'}}, 'email': 'leonard.rhodes@example.com', 'login': {'uuid': '9c54fff5-eb81-4b9c-a483-63b7063c92bd', 'username': 'orangeelephant465', 'password': 'cooldude', 'salt': '6UHgRJWN', 'md5': '6ffad236999b6e80a166b074bcc03cef', 'sha1': 'de503aee678159cbd3cc8505c119032c296bd7aa', 'sha256': '71f4492ca167ad95947a7e8c1cd00c9eb3415a83e58013503f094e1391597722'}, 'dob': {'date': '1956-09-13T22:13:56.769Z', 'age': 67}, 'registered': {'date': '2016-06-06T18:42:54.558Z', 'age': 7}, 'phone': '016977 5086', 'cell': '07331 590605', 'id': {'name': 'NINO', 'value': 'TZ 95 31 04 P'}, 'picture': {'large': 'https://randomuser.me/api/portraits/men/49.jpg', 'medium': 'https://randomuser.me/api/portraits/med/men/49.jpg', 'thumbnail': 'https://randomuser.me/api/portraits/thumb/men/49.jpg'}, 'nat': 'GB'}</msg>
<arg>${json_data['results'][0]}</arg>
<doc>Logs the given message with the given level.</doc>
<status status="PASS" start="2024-06-05T11:12:27.953988" elapsed="0.000402"/>
</kw>
<kw name="Log" owner="BuiltIn">
<msg time="2024-06-05T11:12:27.954834" level="INFO">name</msg>
<arg>${key}</arg>
<doc>Logs the given message with the given level.</doc>
<status status="PASS" start="2024-06-05T11:12:27.954706" elapsed="0.000164"/>
</kw>
<var name="${key}">name</var>
<status status="PASS" start="2024-06-05T11:12:27.953115" elapsed="0.001974"/>
</iter>
<iter>
<kw name="Dictionary Should Contain Key" owner="Collections">
<msg time="2024-06-05T11:12:27.955744" level="INFO">False</msg>
<arg>${json_data['results'][0]}</arg>
<arg>${key}</arg>
<doc>Fails if ``key`` is not found from ``dictionary``.</doc>
<status status="PASS" start="2024-06-05T11:12:27.955375" elapsed="0.000405"/>
</kw>
<kw name="Log" owner="BuiltIn">
<msg time="2024-06-05T11:12:27.956442" level="INFO">{'gender': 'male', 'name': {'title': 'Mr', 'first': 'Leonard', 'last': 'Rhodes'}, 'location': {'street': {'number': 2871, 'name': 'Windsor Road'}, 'city': 'Winchester', 'state': 'Wiltshire', 'country': 'United Kingdom', 'postcode': 'FS54 6BP', 'coordinates': {'latitude': '-12.8424', 'longitude': '-154.4160'}, 'timezone': {'offset': '-3:30', 'description': 'Newfoundland'}}, 'email': 'leonard.rhodes@example.com', 'login': {'uuid': '9c54fff5-eb81-4b9c-a483-63b7063c92bd', 'username': 'orangeelephant465', 'password': 'cooldude', 'salt': '6UHgRJWN', 'md5': '6ffad236999b6e80a166b074bcc03cef', 'sha1': 'de503aee678159cbd3cc8505c119032c296bd7aa', 'sha256': '71f4492ca167ad95947a7e8c1cd00c9eb3415a83e58013503f094e1391597722'}, 'dob': {'date': '1956-09-13T22:13:56.769Z', 'age': 67}, 'registered': {'date': '2016-06-06T18:42:54.558Z', 'age': 7}, 'phone': '016977 5086', 'cell': '07331 590605', 'id': {'name': 'NINO', 'value': 'TZ 95 31 04 P'}, 'picture': {'large': 'https://randomuser.me/api/portraits/men/49.jpg', 'medium': 'https://randomuser.me/api/portraits/med/men/49.jpg', 'thumbnail': 'https://randomuser.me/api/portraits/thumb/men/49.jpg'}, 'nat': 'GB'}</msg>
<arg>${json_data['results'][0]}</arg>
<doc>Logs the given message with the given level.</doc>
<status status="PASS" start="2024-06-05T11:12:27.956085" elapsed="0.000404"/>
</kw>
<kw name="Log" owner="BuiltIn">
<msg time="2024-06-05T11:12:27.956913" level="INFO">location</msg>
<arg>${key}</arg>
<doc>Logs the given message with the given level.</doc>
<status status="PASS" start="2024-06-05T11:12:27.956787" elapsed="0.000164"/>
</kw>
<var name="${key}">location</var>
<status status="PASS" start="2024-06-05T11:12:27.955264" elapsed="0.001900"/>
</iter>
<iter>
<kw name="Dictionary Should Contain Key" owner="Collections">
<msg time="2024-06-05T11:12:27.957926" level="INFO">False</msg>
<arg>${json_data['results'][0]}</arg>
<arg>${key}</arg>
<doc>Fails if ``key`` is not found from ``dictionary``.</doc>
<status status="PASS" start="2024-06-05T11:12:27.957442" elapsed="0.000521"/>
</kw>
<kw name="Log" owner="BuiltIn">
<msg time="2024-06-05T11:12:27.958659" level="INFO">{'gender': 'male', 'name': {'title': 'Mr', 'first': 'Leonard', 'last': 'Rhodes'}, 'location': {'street': {'number': 2871, 'name': 'Windsor Road'}, 'city': 'Winchester', 'state': 'Wiltshire', 'country': 'United Kingdom', 'postcode': 'FS54 6BP', 'coordinates': {'latitude': '-12.8424', 'longitude': '-154.4160'}, 'timezone': {'offset': '-3:30', 'description': 'Newfoundland'}}, 'email': 'leonard.rhodes@example.com', 'login': {'uuid': '9c54fff5-eb81-4b9c-a483-63b7063c92bd', 'username': 'orangeelephant465', 'password': 'cooldude', 'salt': '6UHgRJWN', 'md5': '6ffad236999b6e80a166b074bcc03cef', 'sha1': 'de503aee678159cbd3cc8505c119032c296bd7aa', 'sha256': '71f4492ca167ad95947a7e8c1cd00c9eb3415a83e58013503f094e1391597722'}, 'dob': {'date': '1956-09-13T22:13:56.769Z', 'age': 67}, 'registered': {'date': '2016-06-06T18:42:54.558Z', 'age': 7}, 'phone': '016977 5086', 'cell': '07331 590605', 'id': {'name': 'NINO', 'value': 'TZ 95 31 04 P'}, 'picture': {'large': 'https://randomuser.me/api/portraits/men/49.jpg', 'medium': 'https://randomuser.me/api/portraits/med/men/49.jpg', 'thumbnail': 'https://randomuser.me/api/portraits/thumb/men/49.jpg'}, 'nat': 'GB'}</msg>
<arg>${json_data['results'][0]}</arg>
<doc>Logs the given message with the given level.</doc>
<status status="PASS" start="2024-06-05T11:12:27.958262" elapsed="0.000445"/>
</kw>
<kw name="Log" owner="BuiltIn">
<msg time="2024-06-05T11:12:27.959130" level="INFO">email</msg>
<arg>${key}</arg>
<doc>Logs the given message with the given level.</doc>
<status status="PASS" start="2024-06-05T11:12:27.959003" elapsed="0.000163"/>
</kw>
<var name="${key}">email</var>
<status status="PASS" start="2024-06-05T11:12:27.957333" elapsed="0.002048"/>
</iter>
<iter>
<kw name="Dictionary Should Contain Key" owner="Collections">
<msg time="2024-06-05T11:12:27.960042" level="INFO">False</msg>
<arg>${json_data['results'][0]}</arg>
<arg>${key}</arg>
<doc>Fails if ``key`` is not found from ``dictionary``.</doc>
<status status="PASS" start="2024-06-05T11:12:27.959664" elapsed="0.000413"/>
</kw>
<kw name="Log" owner="BuiltIn">
<msg time="2024-06-05T11:12:27.960718" level="INFO">{'gender': 'male', 'name': {'title': 'Mr', 'first': 'Leonard', 'last': 'Rhodes'}, 'location': {'street': {'number': 2871, 'name': 'Windsor Road'}, 'city': 'Winchester', 'state': 'Wiltshire', 'country': 'United Kingdom', 'postcode': 'FS54 6BP', 'coordinates': {'latitude': '-12.8424', 'longitude': '-154.4160'}, 'timezone': {'offset': '-3:30', 'description': 'Newfoundland'}}, 'email': 'leonard.rhodes@example.com', 'login': {'uuid': '9c54fff5-eb81-4b9c-a483-63b7063c92bd', 'username': 'orangeelephant465', 'password': 'cooldude', 'salt': '6UHgRJWN', 'md5': '6ffad236999b6e80a166b074bcc03cef', 'sha1': 'de503aee678159cbd3cc8505c119032c296bd7aa', 'sha256': '71f4492ca167ad95947a7e8c1cd00c9eb3415a83e58013503f094e1391597722'}, 'dob': {'date': '1956-09-13T22:13:56.769Z', 'age': 67}, 'registered': {'date': '2016-06-06T18:42:54.558Z', 'age': 7}, 'phone': '016977 5086', 'cell': '07331 590605', 'id': {'name': 'NINO', 'value': 'TZ 95 31 04 P'}, 'picture': {'large': 'https://randomuser.me/api/portraits/men/49.jpg', 'medium': 'https://randomuser.me/api/portraits/med/men/49.jpg', 'thumbnail': 'https://randomuser.me/api/portraits/thumb/men/49.jpg'}, 'nat': 'GB'}</msg>
<arg>${json_data['results'][0]}</arg>
<doc>Logs the given message with the given level.</doc>
<status status="PASS" start="2024-06-05T11:12:27.960370" elapsed="0.000394"/>
</kw>
<kw name="Log" owner="BuiltIn">
<msg time="2024-06-05T11:12:27.961178" level="INFO">login</msg>
<arg>${key}</arg>
<doc>Logs the given message with the given level.</doc>
<status status="PASS" start="2024-06-05T11:12:27.961053" elapsed="0.000162"/>
</kw>
<var name="${key}">login</var>
<status status="PASS" start="2024-06-05T11:12:27.959553" elapsed="0.001897"/>
</iter>
<var>${key}</var>
<value>@{expected_keys}</value>
<status status="PASS" start="2024-06-05T11:12:27.950766" elapsed="0.010809"/>
</for>
<kw name="Create List" owner="BuiltIn">
<msg time="2024-06-05T11:12:27.961901" level="INFO">${expected_keysTwo} = ['username', 'password']</msg>
<var>${expected_keysTwo}</var>
<arg>username</arg>
<arg>password</arg>
<doc>Returns a list containing given items.</doc>
<status status="PASS" start="2024-06-05T11:12:27.961766" elapsed="0.000158"/>
</kw>
<for flavor="IN">
<iter>
<kw name="Dictionary Should Contain Key" owner="Collections">
<msg time="2024-06-05T11:12:27.962824" level="INFO">False</msg>
<arg>${json_data['results'][0]['login']}</arg>
<arg>${keyTwo}</arg>
<doc>Fails if ``key`` is not found from ``dictionary``.</doc>
<status status="PASS" start="2024-06-05T11:12:27.962416" elapsed="0.000459"/>
</kw>
<kw name="Dictionary Should Contain Key" owner="Collections">
<msg time="2024-06-05T11:12:27.963550" level="INFO">False</msg>
<arg>${json_data['results'][0]['login']}</arg>
<arg>${keyTwo}</arg>
<doc>Fails if ``key`` is not found from ``dictionary``.</doc>
<status status="PASS" start="2024-06-05T11:12:27.963172" elapsed="0.000416"/>
</kw>
<kw name="Log" owner="BuiltIn">
<msg time="2024-06-05T11:12:27.964003" level="INFO">username</msg>
<arg>${keyTwo}</arg>
<doc>Logs the given message with the given level.</doc>
<status status="PASS" start="2024-06-05T11:12:27.963878" elapsed="0.000161"/>
</kw>
<var name="${keyTwo}">username</var>
<status status="PASS" start="2024-06-05T11:12:27.962307" elapsed="0.001944"/>
</iter>
<iter>
<kw name="Dictionary Should Contain Key" owner="Collections">
<msg time="2024-06-05T11:12:27.964906" level="INFO">False</msg>
<arg>${json_data['results'][0]['login']}</arg>
<arg>${keyTwo}</arg>
<doc>Fails if ``key`` is not found from ``dictionary``.</doc>
<status status="PASS" start="2024-06-05T11:12:27.964534" elapsed="0.000408"/>
</kw>
<kw name="Dictionary Should Contain Key" owner="Collections">
<msg time="2024-06-05T11:12:27.965611" level="INFO">False</msg>
<arg>${json_data['results'][0]['login']}</arg>
<arg>${keyTwo}</arg>
<doc>Fails if ``key`` is not found from ``dictionary``.</doc>
<status status="PASS" start="2024-06-05T11:12:27.965231" elapsed="0.000417"/>
</kw>
<kw name="Log" owner="BuiltIn">
<msg time="2024-06-05T11:12:27.966064" level="INFO">password</msg>
<arg>${keyTwo}</arg>
<doc>Logs the given message with the given level.</doc>
<status status="PASS" start="2024-06-05T11:12:27.965938" elapsed="0.000162"/>
</kw>
<var name="${keyTwo}">password</var>
<status status="PASS" start="2024-06-05T11:12:27.964421" elapsed="0.001890"/>
</iter>
<var>${keyTwo}</var>
<value>@{expected_keysTwo}</value>
<status status="PASS" start="2024-06-05T11:12:27.962158" elapsed="0.004273"/>
</for>
<status status="PASS" start="2024-06-05T11:12:27.843405" elapsed="0.123212"/>
</kw>
<doc>Testa a estrutura da resposta da API.</doc>
<tag>testeEstruturaResposta</tag>
<status status="PASS" start="2024-06-05T11:12:27.842782" elapsed="0.123995"/>
</test>
<test id="s1-s1-t4" name="Validar tipos de dados" line="28">
<kw name="Teste de Tipos de Dados" owner="random-user-service">
<kw name="GET On Session" owner="RequestsLibrary">
<msg time="2024-06-05T11:12:28.041143" level="INFO">GET Request : url=https://randomuser.me/api 
 path_url=/api 
 headers={'User-Agent': 'python-requests/2.32.3', 'Accept-Encoding': 'gzip, deflate', 'Accept': '*/*', 'Connection': 'keep-alive'} 
 body=None 
 </msg>
<msg time="2024-06-05T11:12:28.041223" level="INFO">GET Response : url=https://randomuser.me/api 
 status=200, reason=OK 
 headers={'Date': 'Wed, 05 Jun 2024 11:12:28 GMT', 'Content-Type': 'application/json; charset=utf-8', 'Transfer-Encoding': 'chunked', 'Connection': 'keep-alive', 'X-Powered-By': 'Express', 'Access-Control-Allow-Origin': '*', 'Cache-Control': 'no-cache', 'ETag': 'W/"4ab-DW14/vFEvou9ltX2Gq3T8Q+TMqI"', 'Vary': 'Accept-Encoding', 'Content-Encoding': 'gzip', 'CF-Cache-Status': 'DYNAMIC', 'Report-To': '{"endpoints":[{"url":"https:\\/\\/a.nel.cloudflare.com\\/report\\/v4?s=0ayVKmTXHcFXi0HIbJGSbDlRVXRRlHXbxU5wGCsk%2BNi57okdl26hcP3QFVSsWiD%2FrvHgC%2F3YS6WhDtvFhfiSM2zKbFwhNGJkToiDTKrTFhDn98e9Jphf4ZH%2BsXLBTfks"}],"group":"cf-nel","max_age":604800}', 'NEL': '{"success_fraction":0,"report_to":"cf-nel","max_age":604800}', 'Server': 'cloudflare', 'CF-RAY': '88efba4ed894a3e2-ORD', 'alt-svc': 'h3=":443"; ma=86400'} 
 body={"results":[{"gender":"female","name":{"title":"Mademoiselle","first":"Édith","last":"Clement"},"location":{"street":{"number":1498,"name":"Rue Abel-Ferry"},"city":"Mont-Vully","state":"Ticino","country":"Switzerland","postcode":7625,"coordinates":{"latitude":"-61.4110","longitude":"153.8312"},"timezone":{"offset":"+5:30","description":"Bombay, Calcutta, Madras, New Delhi"}},"email":"edith.clement@example.com","login":{"uuid":"425b259c-f31b-4e4f-8f79-e0ddc2b20e37","username":"purpletiger110","password":"impact","salt":"mgS6t8b0","md5":"bbdc67cae947e8dafbc18f74d19a962d","sha1":"d2c82b983928cf4cd44a2165e6ff647ea29e40a4","sha256":"cd4121eeea914f69910554d55d9ae9c12a921387286ad1c42464e981f722356e"},"dob":{"date":"1991-07-31T09:54:30.598Z","age":32},"registered":{"date":"2018-08-13T13:06:37.428Z","age":5},"phone":"075 082 40 47","cell":"075 145 52 42","id":{"name":"AVS","value":"756.3664.3743.41"},"picture":{"large":"https://randomuser.me/api/portraits/women/76.jpg","medium":"https://randomuser.me/api/portraits/med/women/76.jpg","thumbnail":"https://randomuser.me/api/portraits/thumb/women/76.jpg"},"nat":"CH"}],"info":{"seed":"2800157e669ff171","results":1,"page":1,"version":"1.4"}} 
 </msg>
<msg time="2024-06-05T11:12:28.041288" level="INFO">/opt/hostedtoolcache/Python/3.12.3/x64/lib/python3.12/site-packages/urllib3/connectionpool.py:1103: InsecureRequestWarning: Unverified HTTPS request is being made to host 'randomuser.me'. Adding certificate verification is strongly advised. See: https://urllib3.readthedocs.io/en/latest/advanced-usage.html#tls-warnings
  warnings.warn(</msg>
<msg time="2024-06-05T11:12:28.041411" level="INFO">${response} = &lt;Response [200]&gt;</msg>
<var>${response}</var>
<arg>consultarAPI</arg>
<arg>/api</arg>
<doc>Sends a GET request on a previously created HTTP Session.</doc>
<status status="PASS" start="2024-06-05T11:12:27.969353" elapsed="0.072101"/>
</kw>
<kw name="Set Variable" owner="BuiltIn">
<msg time="2024-06-05T11:12:28.042379" level="INFO">${json_data} = {'results': [{'gender': 'female', 'name': {'title': 'Mademoiselle', 'first': 'Édith', 'last': 'Clement'}, 'location': {'street': {'number': 1498, 'name': 'Rue Abel-Ferry'}, 'city': 'Mont-Vully', 'stat...</msg>
<var>${json_data}</var>
<arg>${response.json()}</arg>
<doc>Returns the given values which can then be assigned to a variables.</doc>
<status status="PASS" start="2024-06-05T11:12:28.041883" elapsed="0.000527"/>
</kw>
<kw name="Log" owner="BuiltIn">
<msg time="2024-06-05T11:12:28.042942" level="INFO">{'results': [{'gender': 'female', 'name': {'title': 'Mademoiselle', 'first': 'Édith', 'last': 'Clement'}, 'location': {'street': {'number': 1498, 'name': 'Rue Abel-Ferry'}, 'city': 'Mont-Vully', 'state': 'Ticino', 'country': 'Switzerland', 'postcode': 7625, 'coordinates': {'latitude': '-61.4110', 'longitude': '153.8312'}, 'timezone': {'offset': '+5:30', 'description': 'Bombay, Calcutta, Madras, New Delhi'}}, 'email': 'edith.clement@example.com', 'login': {'uuid': '425b259c-f31b-4e4f-8f79-e0ddc2b20e37', 'username': 'purpletiger110', 'password': 'impact', 'salt': 'mgS6t8b0', 'md5': 'bbdc67cae947e8dafbc18f74d19a962d', 'sha1': 'd2c82b983928cf4cd44a2165e6ff647ea29e40a4', 'sha256': 'cd4121eeea914f69910554d55d9ae9c12a921387286ad1c42464e981f722356e'}, 'dob': {'date': '1991-07-31T09:54:30.598Z', 'age': 32}, 'registered': {'date': '2018-08-13T13:06:37.428Z', 'age': 5}, 'phone': '075 082 40 47', 'cell': '075 145 52 42', 'id': {'name': 'AVS', 'value': '756.3664.3743.41'}, 'picture': {'large': 'https://randomuser.me/api/portraits/women/76.jpg', 'medium': 'https://randomuser.me/api/portraits/med/women/76.jpg', 'thumbnail': 'https://randomuser.me/api/portraits/thumb/women/76.jpg'}, 'nat': 'CH'}], 'info': {'seed': '2800157e669ff171', 'results': 1, 'page': 1, 'version': '1.4'}}</msg>
<arg>${json_data}</arg>
<doc>Logs the given message with the given level.</doc>
<status status="PASS" start="2024-06-05T11:12:28.042778" elapsed="0.000251"/>
</kw>
<kw name="Should Be String" owner="String">
<arg>${json_data['results'][0]['gender']}</arg>
<doc>Fails if the given ``item`` is not a string.</doc>
<status status="PASS" start="2024-06-05T11:12:28.043332" elapsed="0.000359"/>
</kw>
<kw name="Should Match Regexp" owner="BuiltIn">
<arg>${json_data['results'][0]['email']}</arg>
<arg>^[a-zA-Z0-9._%+-]+@[a-zA-Z0-9.-]+\.[a-zA-Z]{2,}$</arg>
<doc>Fails if ``string`` does not match ``pattern`` as a regular expression.</doc>
<status status="PASS" start="2024-06-05T11:12:28.043882" elapsed="0.000654"/>
</kw>
<kw name="Should Match Regexp" owner="BuiltIn">
<arg>${json_data['results'][0]['dob']['date']}</arg>
<arg>\\d{4}-\\d{2}-\\d{2}T\\d{2}:\\d{2}:\\d{2}\\.\\d{3}Z</arg>
<doc>Fails if ``string`` does not match ``pattern`` as a regular expression.</doc>
<status status="PASS" start="2024-06-05T11:12:28.044735" elapsed="0.000483"/>
</kw>
<kw name="Should Match Regexp" owner="BuiltIn">
<arg>${json_data['results'][0]['registered']['date']}</arg>
<arg>\\d{4}-\\d{2}-\\d{2}T\\d{2}:\\d{2}:\\d{2}\\.\\d{3}Z</arg>
<doc>Fails if ``string`` does not match ``pattern`` as a regular expression.</doc>
<status status="PASS" start="2024-06-05T11:12:28.045409" elapsed="0.000361"/>
</kw>
<kw name="Should Match Regexp" owner="BuiltIn">
<arg>${json_data['results'][0]['picture']['large']}</arg>
<arg>^https?://.*\.(?:png|jpe?g|gif|bmp)$</arg>
<doc>Fails if ``string`` does not match ``pattern`` as a regular expression.</doc>
<status status="PASS" start="2024-06-05T11:12:28.045956" elapsed="0.000451"/>
</kw>
<kw name="Should Match Regexp" owner="BuiltIn">
<arg>${json_data['results'][0]['picture']['medium']}</arg>
<arg>^https?://.*\.(?:png|jpe?g|gif|bmp)$</arg>
<doc>Fails if ``string`` does not match ``pattern`` as a regular expression.</doc>
<status status="PASS" start="2024-06-05T11:12:28.046629" elapsed="0.000356"/>
</kw>
<kw name="Should Match Regexp" owner="BuiltIn">
<arg>${json_data['results'][0]['picture']['thumbnail']}</arg>
<arg>^https?://.*\.(?:png|jpe?g|gif|bmp)$</arg>
<doc>Fails if ``string`` does not match ``pattern`` as a regular expression.</doc>
<status status="PASS" start="2024-06-05T11:12:28.047175" elapsed="0.000353"/>
</kw>
<kw name="Log" owner="BuiltIn">
<msg time="2024-06-05T11:12:28.048029" level="INFO">{'large': 'https://randomuser.me/api/portraits/women/76.jpg', 'medium': 'https://randomuser.me/api/portraits/med/women/76.jpg', 'thumbnail': 'https://randomuser.me/api/portraits/thumb/women/76.jpg'}</msg>
<arg>${json_data['results'][0]['picture']}</arg>
<doc>Logs the given message with the given level.</doc>
<status status="PASS" start="2024-06-05T11:12:28.047710" elapsed="0.000360"/>
</kw>
<status status="PASS" start="2024-06-05T11:12:27.969123" elapsed="0.079201"/>
</kw>
<kw name="Teste de Tipos de Dados - Postcode" owner="random-user-service">
<kw name="GET On Session" owner="RequestsLibrary">
<msg time="2024-06-05T11:12:28.145367" level="INFO">GET Request : url=https://randomuser.me/api 
 path_url=/api 
 headers={'User-Agent': 'python-requests/2.32.3', 'Accept-Encoding': 'gzip, deflate', 'Accept': '*/*', 'Connection': 'keep-alive'} 
 body=None 
 </msg>
<msg time="2024-06-05T11:12:28.145453" level="INFO">GET Response : url=https://randomuser.me/api 
 status=200, reason=OK 
 headers={'Date': 'Wed, 05 Jun 2024 11:12:28 GMT', 'Content-Type': 'application/json; charset=utf-8', 'Transfer-Encoding': 'chunked', 'Connection': 'keep-alive', 'X-Powered-By': 'Express', 'Access-Control-Allow-Origin': '*', 'Cache-Control': 'no-cache', 'ETag': 'W/"48c-+P2S9f7iN1rG0Jj44riTw2A2Rgk"', 'Vary': 'Accept-Encoding', 'Content-Encoding': 'gzip', 'CF-Cache-Status': 'DYNAMIC', 'Report-To': '{"endpoints":[{"url":"https:\\/\\/a.nel.cloudflare.com\\/report\\/v4?s=ZsmxcQFu11RLUh3j9dIRsYwgguzC4co5uHF8W8I%2F%2FLeSvHy0cfBdgDvDUtt2RmOehgD6wOnG98N2MxKjQJQsV4RPue7HsdrXpvpJvH%2FGL%2FTCu4lgTtwqJGWmuHTbPyGK"}],"group":"cf-nel","max_age":604800}', 'NEL': '{"success_fraction":0,"report_to":"cf-nel","max_age":604800}', 'Server': 'cloudflare', 'CF-RAY': '88efba4f58eca3e2-ORD', 'alt-svc': 'h3=":443"; ma=86400'} 
 body={"results":[{"gender":"female","name":{"title":"Mrs","first":"Ilariya","last":"Slyusar"},"location":{"street":{"number":3821,"name":"Grigoriya Skovorodi"},"city":"Mogiliv-Podilskiy","state":"Poltavska","country":"Ukraine","postcode":20850,"coordinates":{"latitude":"75.0416","longitude":"144.6806"},"timezone":{"offset":"-10:00","description":"Hawaii"}},"email":"ilariya.slyusar@example.com","login":{"uuid":"5c916d8a-110c-4f7d-9dad-b765f29fd2b2","username":"ticklishpeacock524","password":"packers1","salt":"faX0BYYY","md5":"1781cfe5baa3617f288c8ce94b053197","sha1":"bae443499f1b2d64b162377a6be158e8c3e93a5e","sha256":"27bd4a55cc784367d0521e5ea233b4f09f5bf5d4d284c88779d9fda6fb620c69"},"dob":{"date":"1968-07-11T05:38:07.470Z","age":55},"registered":{"date":"2009-03-26T01:18:35.852Z","age":15},"phone":"(067) Q98-1715","cell":"(066) P12-6684","id":{"name":"","value":null},"picture":{"large":"https://randomuser.me/api/portraits/women/95.jpg","medium":"https://randomuser.me/api/portraits/med/women/95.jpg","thumbnail":"https://randomuser.me/api/portraits/thumb/women/95.jpg"},"nat":"UA"}],"info":{"seed":"0c9aa08e077f1ac1","results":1,"page":1,"version":"1.4"}} 
 </msg>
<msg time="2024-06-05T11:12:28.145521" level="INFO">/opt/hostedtoolcache/Python/3.12.3/x64/lib/python3.12/site-packages/urllib3/connectionpool.py:1103: InsecureRequestWarning: Unverified HTTPS request is being made to host 'randomuser.me'. Adding certificate verification is strongly advised. See: https://urllib3.readthedocs.io/en/latest/advanced-usage.html#tls-warnings
  warnings.warn(</msg>
<msg time="2024-06-05T11:12:28.145651" level="INFO">${response} = &lt;Response [200]&gt;</msg>
<var>${response}</var>
<arg>consultarAPI</arg>
<arg>/api</arg>
<doc>Sends a GET request on a previously created HTTP Session.</doc>
<status status="PASS" start="2024-06-05T11:12:28.048772" elapsed="0.096922"/>
</kw>
<kw name="Set Variable" owner="BuiltIn">
<msg time="2024-06-05T11:12:28.146689" level="INFO">${json_data} = {'results': [{'gender': 'female', 'name': {'title': 'Mrs', 'first': 'Ilariya', 'last': 'Slyusar'}, 'location': {'street': {'number': 3821, 'name': 'Grigoriya Skovorodi'}, 'city': 'Mogiliv-Podilskiy', ...</msg>
<var>${json_data}</var>
<arg>${response.json()}</arg>
<doc>Returns the given values which can then be assigned to a variables.</doc>
<status status="PASS" start="2024-06-05T11:12:28.146147" elapsed="0.000571"/>
</kw>
<kw name="Log" owner="BuiltIn">
<msg time="2024-06-05T11:12:28.147192" level="INFO">{'results': [{'gender': 'female', 'name': {'title': 'Mrs', 'first': 'Ilariya', 'last': 'Slyusar'}, 'location': {'street': {'number': 3821, 'name': 'Grigoriya Skovorodi'}, 'city': 'Mogiliv-Podilskiy', 'state': 'Poltavska', 'country': 'Ukraine', 'postcode': 20850, 'coordinates': {'latitude': '75.0416', 'longitude': '144.6806'}, 'timezone': {'offset': '-10:00', 'description': 'Hawaii'}}, 'email': 'ilariya.slyusar@example.com', 'login': {'uuid': '5c916d8a-110c-4f7d-9dad-b765f29fd2b2', 'username': 'ticklishpeacock524', 'password': 'packers1', 'salt': 'faX0BYYY', 'md5': '1781cfe5baa3617f288c8ce94b053197', 'sha1': 'bae443499f1b2d64b162377a6be158e8c3e93a5e', 'sha256': '27bd4a55cc784367d0521e5ea233b4f09f5bf5d4d284c88779d9fda6fb620c69'}, 'dob': {'date': '1968-07-11T05:38:07.470Z', 'age': 55}, 'registered': {'date': '2009-03-26T01:18:35.852Z', 'age': 15}, 'phone': '(067) Q98-1715', 'cell': '(066) P12-6684', 'id': {'name': '', 'value': None}, 'picture': {'large': 'https://randomuser.me/api/portraits/women/95.jpg', 'medium': 'https://randomuser.me/api/portraits/med/women/95.jpg', 'thumbnail': 'https://randomuser.me/api/portraits/thumb/women/95.jpg'}, 'nat': 'UA'}], 'info': {'seed': '0c9aa08e077f1ac1', 'results': 1, 'page': 1, 'version': '1.4'}}</msg>
<arg>${json_data}</arg>
<doc>Logs the given message with the given level.</doc>
<status status="PASS" start="2024-06-05T11:12:28.147036" elapsed="0.000239"/>
</kw>
<kw name="Should Be Equal As Numbers" owner="BuiltIn">
<arg>${json_data['results'][0]['location']['postcode']}</arg>
<arg>${json_data['results'][0]['location']['postcode']}</arg>
<doc>Fails if objects are unequal after converting them to real numbers.</doc>
<status status="PASS" start="2024-06-05T11:12:28.147582" elapsed="0.000621"/>
</kw>
<kw name="Log" owner="BuiltIn">
<msg time="2024-06-05T11:12:28.148736" level="INFO">20850</msg>
<arg>${json_data['results'][0]['location']['postcode']}</arg>
<doc>Logs the given message with the given level.</doc>
<status status="PASS" start="2024-06-05T11:12:28.148395" elapsed="0.000382"/>
</kw>
<status status="PASS" start="2024-06-05T11:12:28.048545" elapsed="0.100488"/>
</kw>
<doc>Testa se os tipos de dados na resposta da API estão corretos.</doc>
<tag>testeTiposDados</tag>
<status status="PASS" start="2024-06-05T11:12:27.968528" elapsed="0.180676"/>
</test>
<test id="s1-s1-t5" name="Validar conteudo" line="35">
<kw name="Teste de Tipos de Conteudo" owner="random-user-service">
<kw name="GET On Session" owner="RequestsLibrary">
<msg time="2024-06-05T11:12:28.292404" level="INFO">GET Request : url=https://randomuser.me/api 
 path_url=/api 
 headers={'User-Agent': 'python-requests/2.32.3', 'Accept-Encoding': 'gzip, deflate', 'Accept': '*/*', 'Connection': 'keep-alive'} 
 body=None 
 </msg>
<msg time="2024-06-05T11:12:28.292498" level="INFO">GET Response : url=https://randomuser.me/api 
 status=200, reason=OK 
 headers={'Date': 'Wed, 05 Jun 2024 11:12:28 GMT', 'Content-Type': 'application/json; charset=utf-8', 'Transfer-Encoding': 'chunked', 'Connection': 'keep-alive', 'X-Powered-By': 'Express', 'Access-Control-Allow-Origin': '*', 'Cache-Control': 'no-cache', 'ETag': 'W/"47e-56HL2og/PL8k1JcNgaZnDAv4XCg"', 'Vary': 'Accept-Encoding', 'Content-Encoding': 'gzip', 'CF-Cache-Status': 'DYNAMIC', 'Report-To': '{"endpoints":[{"url":"https:\\/\\/a.nel.cloudflare.com\\/report\\/v4?s=ZUutgAGfKgaFrryG3oem7R2NCZy8P91qHI%2BJ1dT%2FWUSmQ4aPxp21xqyHT0kla6d40t4fkfdz7FM28ad9xwLh%2F282aNTmbw4dOHdCuUrfEVQ2xU8mjFf53Vd2QdiXAyYw"}],"group":"cf-nel","max_age":604800}', 'NEL': '{"success_fraction":0,"report_to":"cf-nel","max_age":604800}', 'Server': 'cloudflare', 'CF-RAY': '88efba4ff95da3e2-ORD', 'alt-svc': 'h3=":443"; ma=86400'} 
 body={"results":[{"gender":"female","name":{"title":"Ms","first":"Avrora","last":"Kovalyuk"},"location":{"street":{"number":9354,"name":"Portova"},"city":"Slavutich","state":"Cherkaska","country":"Ukraine","postcode":82352,"coordinates":{"latitude":"76.4551","longitude":"136.1098"},"timezone":{"offset":"-12:00","description":"Eniwetok, Kwajalein"}},"email":"avrora.kovalyuk@example.com","login":{"uuid":"06d0ebce-c902-4b7b-b902-39e1d32786ab","username":"blackelephant638","password":"0911","salt":"LakUET9L","md5":"e5fcf8d0a4eae9ab9c790ea9185a9618","sha1":"aa2f7b82413aebe8d2a0f7e5010b27cfdcd8493a","sha256":"853109504ef89b405c9c1a6c64fb18b399229e6b256b3e217b1e843eb5f34976"},"dob":{"date":"1994-12-09T15:13:14.331Z","age":29},"registered":{"date":"2004-08-06T06:36:55.577Z","age":19},"phone":"(067) D45-3679","cell":"(098) H11-4756","id":{"name":"","value":null},"picture":{"large":"https://randomuser.me/api/portraits/women/81.jpg","medium":"https://randomuser.me/api/portraits/med/women/81.jpg","thumbnail":"https://randomuser.me/api/portraits/thumb/women/81.jpg"},"nat":"UA"}],"info":{"seed":"ef60d2c9342da954","results":1,"page":1,"version":"1.4"}} 
 </msg>
<msg time="2024-06-05T11:12:28.292568" level="INFO">/opt/hostedtoolcache/Python/3.12.3/x64/lib/python3.12/site-packages/urllib3/connectionpool.py:1103: InsecureRequestWarning: Unverified HTTPS request is being made to host 'randomuser.me'. Adding certificate verification is strongly advised. See: https://urllib3.readthedocs.io/en/latest/advanced-usage.html#tls-warnings
  warnings.warn(</msg>
<msg time="2024-06-05T11:12:28.292708" level="INFO">${response} = &lt;Response [200]&gt;</msg>
<var>${response}</var>
<arg>consultarAPI</arg>
<arg>/api</arg>
<doc>Sends a GET request on a previously created HTTP Session.</doc>
<status status="PASS" start="2024-06-05T11:12:28.151971" elapsed="0.140783"/>
</kw>
<kw name="Set Variable" owner="BuiltIn">
<msg time="2024-06-05T11:12:28.293760" level="INFO">${json_data} = {'results': [{'gender': 'female', 'name': {'title': 'Ms', 'first': 'Avrora', 'last': 'Kovalyuk'}, 'location': {'street': {'number': 9354, 'name': 'Portova'}, 'city': 'Slavutich', 'state': 'Cherkaska',...</msg>
<var>${json_data}</var>
<arg>${response.json()}</arg>
<doc>Returns the given values which can then be assigned to a variables.</doc>
<status status="PASS" start="2024-06-05T11:12:28.293256" elapsed="0.000533"/>
</kw>
<kw name="Set Variable" owner="BuiltIn">
<msg time="2024-06-05T11:12:28.294503" level="INFO">${name_title} = Ms</msg>
<var>${name_title}</var>
<arg>${json_data["results"][0]["name"]["title"]}</arg>
<doc>Returns the given values which can then be assigned to a variables.</doc>
<status status="PASS" start="2024-06-05T11:12:28.294098" elapsed="0.000434"/>
</kw>
<kw name="Create List" owner="BuiltIn">
<msg time="2024-06-05T11:12:28.294987" level="INFO">${allowed_titles} = ['Mr', 'Ms', 'Miss', 'Mrs', 'Madame', 'Monsieur']</msg>
<var>${allowed_titles}</var>
<arg>Mr</arg>
<arg>Ms</arg>
<arg>Miss</arg>
<arg>Mrs</arg>
<arg>Madame</arg>
<arg>Monsieur</arg>
<doc>Returns a list containing given items.</doc>
<status status="PASS" start="2024-06-05T11:12:28.294838" elapsed="0.000173"/>
</kw>
<kw name="List Should Contain Value" owner="Collections">
<msg time="2024-06-05T11:12:28.295485" level="INFO">False</msg>
<arg>${allowed_titles}</arg>
<arg>${name_title}</arg>
<doc>Fails if the ``value`` is not found from ``list``.</doc>
<status status="PASS" start="2024-06-05T11:12:28.295311" elapsed="0.000210"/>
</kw>
<kw name="Set Variable" owner="BuiltIn">
<msg time="2024-06-05T11:12:28.296374" level="INFO">${name_country} = UA</msg>
<var>${name_country}</var>
<arg>${json_data["results"][0]["nat"]}</arg>
<doc>Returns the given values which can then be assigned to a variables.</doc>
<status status="PASS" start="2024-06-05T11:12:28.295811" elapsed="0.000588"/>
</kw>
<kw name="Create List" owner="BuiltIn">
<msg time="2024-06-05T11:12:28.297302" level="INFO">${list_country} = ['AD', 'AE', 'AF', 'AG', 'AI', 'AL', 'AM', 'AO', 'AQ', 'AR', 'AS', 'AT', 'AU', 'AW', 'AX', 'AZ', 'BA', 'BB', 'BD', 'BE', 'BF', 'BG', 'BH', 'BI', 'BJ', 'BL', 'BM', 'BN', 'BO', 'BQ', 'BR', 'BS', 'BT', '...</msg>
<var>${list_country}</var>
<arg>AD</arg>
<arg>AE</arg>
<arg>AF</arg>
<arg>AG</arg>
<arg>AI</arg>
<arg>AL</arg>
<arg>AM</arg>
<arg>AO</arg>
<arg>AQ</arg>
<arg>AR</arg>
<arg>AS</arg>
<arg>AT</arg>
<arg>AU</arg>
<arg>AW</arg>
<arg>AX</arg>
<arg>AZ</arg>
<arg>BA</arg>
<arg>BB</arg>
<arg>BD</arg>
<arg>BE</arg>
<arg>BF</arg>
<arg>BG</arg>
<arg>BH</arg>
<arg>BI</arg>
<arg>BJ</arg>
<arg>BL</arg>
<arg>BM</arg>
<arg>BN</arg>
<arg>BO</arg>
<arg>BQ</arg>
<arg>BR</arg>
<arg>BS</arg>
<arg>BT</arg>
<arg>BV</arg>
<arg>BW</arg>
<arg>BY</arg>
<arg>BZ</arg>
<arg>CA</arg>
<arg>CC</arg>
<arg>CD</arg>
<arg>CF</arg>
<arg>CG</arg>
<arg>CH</arg>
<arg>CI</arg>
<arg>CK</arg>
<arg>CL</arg>
<arg>CM</arg>
<arg>CN</arg>
<arg>CO</arg>
<arg>CR</arg>
<arg>CU</arg>
<arg>CV</arg>
<arg>CW</arg>
<arg>CX</arg>
<arg>CY</arg>
<arg>CZ</arg>
<arg>DE</arg>
<arg>DJ</arg>
<arg>DK</arg>
<arg>DM</arg>
<arg>DO</arg>
<arg>DZ</arg>
<arg>EC</arg>
<arg>EE</arg>
<arg>EG</arg>
<arg>EH</arg>
<arg>ER</arg>
<arg>ES</arg>
<arg>ET</arg>
<arg>FI</arg>
<arg>FJ</arg>
<arg>FK</arg>
<arg>FM</arg>
<arg>FO</arg>
<arg>FR</arg>
<arg>GA</arg>
<arg>GB</arg>
<arg>GD</arg>
<arg>GE</arg>
<arg>GF</arg>
<arg>GG</arg>
<arg>GH</arg>
<arg>GI</arg>
<arg>GL</arg>
<arg>GM</arg>
<arg>GN</arg>
<arg>GP</arg>
<arg>GQ</arg>
<arg>GR</arg>
<arg>GS</arg>
<arg>GT</arg>
<arg>GU</arg>
<arg>GW</arg>
<arg>GY</arg>
<arg>HK</arg>
<arg>HM</arg>
<arg>HN</arg>
<arg>HR</arg>
<arg>HT</arg>
<arg>HU</arg>
<arg>ID</arg>
<arg>IE</arg>
<arg>IL</arg>
<arg>IM</arg>
<arg>IN</arg>
<arg>IO</arg>
<arg>IQ</arg>
<arg>IR</arg>
<arg>IS</arg>
<arg>IT</arg>
<arg>JE</arg>
<arg>JM</arg>
<arg>JO</arg>
<arg>JP</arg>
<arg>KE</arg>
<arg>KG</arg>
<arg>KH</arg>
<arg>KI</arg>
<arg>KM</arg>
<arg>KN</arg>
<arg>KP</arg>
<arg>KR</arg>
<arg>KW</arg>
<arg>KY</arg>
<arg>KZ</arg>
<arg>LA</arg>
<arg>LB</arg>
<arg>LC</arg>
<arg>LI</arg>
<arg>LK</arg>
<arg>LR</arg>
<arg>LS</arg>
<arg>LT</arg>
<arg>LU</arg>
<arg>LV</arg>
<arg>LY</arg>
<arg>MA</arg>
<arg>MC</arg>
<arg>MD</arg>
<arg>ME</arg>
<arg>MF</arg>
<arg>MG</arg>
<arg>MH</arg>
<arg>MK</arg>
<arg>ML</arg>
<arg>MM</arg>
<arg>MN</arg>
<arg>MO</arg>
<arg>MP</arg>
<arg>MQ</arg>
<arg>MR</arg>
<arg>MS</arg>
<arg>MT</arg>
<arg>MU</arg>
<arg>MV</arg>
<arg>MW</arg>
<arg>MX</arg>
<arg>MY</arg>
<arg>MZ</arg>
<arg>NA</arg>
<arg>NC</arg>
<arg>NE</arg>
<arg>NF</arg>
<arg>NG</arg>
<arg>NI</arg>
<arg>NL</arg>
<arg>NO</arg>
<arg>NP</arg>
<arg>NR</arg>
<arg>NU</arg>
<arg>NZ</arg>
<arg>OM</arg>
<arg>PA</arg>
<arg>PE</arg>
<arg>PF</arg>
<arg>PG</arg>
<arg>PH</arg>
<arg>PK</arg>
<arg>PL</arg>
<arg>PM</arg>
<arg>PN</arg>
<arg>PR</arg>
<arg>PS</arg>
<arg>PT</arg>
<arg>PW</arg>
<arg>PY</arg>
<arg>QA</arg>
<arg>RE</arg>
<arg>RO</arg>
<arg>RS</arg>
<arg>RU</arg>
<arg>RW</arg>
<arg>SA</arg>
<arg>SB</arg>
<arg>SC</arg>
<arg>SD</arg>
<arg>SE</arg>
<arg>SG</arg>
<arg>SH</arg>
<arg>SI</arg>
<arg>SJ</arg>
<arg>SK</arg>
<arg>SL</arg>
<arg>SM</arg>
<arg>SN</arg>
<arg>SO</arg>
<arg>SR</arg>
<arg>SS</arg>
<arg>ST</arg>
<arg>SV</arg>
<arg>SX</arg>
<arg>SY</arg>
<arg>SZ</arg>
<arg>TC</arg>
<arg>TD</arg>
<arg>TF</arg>
<arg>TG</arg>
<arg>TH</arg>
<arg>TJ</arg>
<arg>TK</arg>
<arg>TL</arg>
<arg>TM</arg>
<arg>TN</arg>
<arg>TO</arg>
<arg>TR</arg>
<arg>TT</arg>
<arg>TV</arg>
<arg>TW</arg>
<arg>TZ</arg>
<arg>UA</arg>
<arg>UG</arg>
<arg>UM</arg>
<arg>US</arg>
<arg>UY</arg>
<arg>UZ</arg>
<arg>VA</arg>
<arg>VC</arg>
<arg>VE</arg>
<arg>VG</arg>
<arg>VI</arg>
<arg>VN</arg>
<arg>VU</arg>
<arg>WF</arg>
<arg>WS</arg>
<arg>XK</arg>
<arg>YE</arg>
<arg>YT</arg>
<arg>ZA</arg>
<arg>ZM</arg>
<arg>ZW</arg>
<doc>Returns a list containing given items.</doc>
<status status="PASS" start="2024-06-05T11:12:28.296707" elapsed="0.000620"/>
</kw>
<kw name="List Should Contain Value" owner="Collections">
<msg time="2024-06-05T11:12:28.298307" level="INFO">False</msg>
<arg>${list_country}</arg>
<arg>${name_country}</arg>
<doc>Fails if the ``value`` is not found from ``list``.</doc>
<status status="PASS" start="2024-06-05T11:12:28.298105" elapsed="0.000238"/>
</kw>
<kw name="Run Keyword If" owner="BuiltIn">
<kw name="Should Be True" owner="BuiltIn">
<arg>${True}</arg>
<doc>Fails if the given condition is not true.</doc>
<status status="PASS" start="2024-06-05T11:12:28.299424" elapsed="0.000141"/>
</kw>
<arg>${json_data["results"][0]["location"]["coordinates"]["latitude"]} &gt;= -90 and ${json_data["results"][0]["location"]["coordinates"]["latitude"]} &lt;= 90</arg>
<arg>Should Be True</arg>
<arg>${True}</arg>
<doc>Runs the given keyword with the given arguments, if ``condition`` is true.</doc>
<status status="PASS" start="2024-06-05T11:12:28.298685" elapsed="0.001006"/>
</kw>
<kw name="Run Keyword If" owner="BuiltIn">
<kw name="Should Be True" owner="BuiltIn">
<arg>${True}</arg>
<doc>Fails if the given condition is not true.</doc>
<status status="PASS" start="2024-06-05T11:12:28.300576" elapsed="0.000135"/>
</kw>
<arg>${json_data["results"][0]["location"]["coordinates"]["longitude"]} &gt;= -180 and ${json_data["results"][0]["location"]["coordinates"]["longitude"]} &lt;= 180</arg>
<arg>Should Be True</arg>
<arg>${True}</arg>
<doc>Runs the given keyword with the given arguments, if ``condition`` is true.</doc>
<status status="PASS" start="2024-06-05T11:12:28.299880" elapsed="0.000953"/>
</kw>
<status status="PASS" start="2024-06-05T11:12:28.151592" elapsed="0.149372"/>
</kw>
<doc>Testa o conteúdo específico dos campos retornados pela API.</doc>
<tag>testeConteudo</tag>
<status status="PASS" start="2024-06-05T11:12:28.150946" elapsed="0.150169"/>
</test>
<status status="PASS" start="2024-06-05T11:12:27.264886" elapsed="1.038179"/>
</suite>
<status status="PASS" start="2024-06-05T11:12:27.251193" elapsed="1.057027"/>
</suite>
<statistics>
<total>
<stat pass="5" fail="0" skip="0">All Tests</stat>
</total>
<tag>
<stat pass="1" fail="0" skip="0">testeConteudo</stat>
<stat pass="1" fail="0" skip="0">testeEstruturaResposta</stat>
<stat pass="1" fail="0" skip="0">testeRequisicaoBasica</stat>
<stat pass="1" fail="0" skip="0">testeTiposDados</stat>
</tag>
<suite>
<stat pass="5" fail="0" skip="0" id="s1" name="Tests">Tests</stat>
<stat pass="5" fail="0" skip="0" id="s1-s1" name="Random-User-Test">Tests.Random-User-Test</stat>
</suite>
</statistics>
<errors>
</errors>
</robot>
