<?xml version="1.0" encoding="UTF-8"?>
<robot generator="Robot 7.0.1 (Python 3.12.4 on linux)" generated="2024-08-05T03:17:24.330932" rpa="false" schemaversion="5">
<suite id="s1" name="Tests" source="/home/runner/work/ApiRandomUser/ApiRandomUser/RamdonUser/tests">
<suite id="s1-s1" name="Random-User-Test" source="/home/runner/work/ApiRandomUser/ApiRandomUser/RamdonUser/tests/random-user-test.robot">
<test id="s1-s1-t1" name="Conectar" line="13">
<kw name="Conectar API" owner="random-user-service">
<kw name="Create Session" owner="RequestsLibrary">
<msg time="2024-08-05T03:17:24.756369" level="INFO">Creating Session using : alias=consultarAPI, url=https://randomuser.me/, headers={},                     cookies={}, auth=None, timeout=None, proxies=None, verify=False,                     debug=0 </msg>
<arg>consultarAPI</arg>
<arg>${URL}</arg>
<doc>Create Session: create a HTTP session to a server</doc>
<status status="PASS" start="2024-08-05T03:17:24.756159" elapsed="0.000394"/>
</kw>
<status status="PASS" start="2024-08-05T03:17:24.755077" elapsed="0.001836"/>
</kw>
<status status="PASS" start="2024-08-05T03:17:24.754468" elapsed="0.002646"/>
</test>
<test id="s1-s1-t2" name="Validar retorno 200 e JSON Válido" line="16">
<kw name="Teste de Requisicao Basica" owner="random-user-service">
<kw name="GET On Session" owner="RequestsLibrary">
<msg time="2024-08-05T03:17:24.944601" level="INFO">GET Request : url=https://randomuser.me/api 
 path_url=/api 
 headers={'User-Agent': 'python-requests/2.32.3', 'Accept-Encoding': 'gzip, deflate', 'Accept': '*/*', 'Connection': 'keep-alive'} 
 body=None 
 </msg>
<msg time="2024-08-05T03:17:24.944755" level="INFO">GET Response : url=https://randomuser.me/api 
 status=200, reason=OK 
 headers={'Date': 'Mon, 05 Aug 2024 03:17:24 GMT', 'Content-Type': 'application/json; charset=utf-8', 'Transfer-Encoding': 'chunked', 'Connection': 'keep-alive', 'X-Powered-By': 'Express', 'Access-Control-Allow-Origin': '*', 'Cache-Control': 'no-cache', 'ETag': 'W/"49a-3c/fBxCgOeqb+KLkBEo1PfQCbcI"', 'Vary': 'Accept-Encoding', 'Content-Encoding': 'gzip', 'CF-Cache-Status': 'DYNAMIC', 'Report-To': '{"endpoints":[{"url":"https:\\/\\/a.nel.cloudflare.com\\/report\\/v4?s=iWxjse9brYSIC2uTplvKQEBbnMtdYxAxl6XJgG2GXLwSarGzzQann4J%2FDF9QoRKfT%2FS3QRV6DwELsRXJTA1rxescA0TbYVig0L3heiKkv2zP%2FRSS1ihXfAvk9WcGtv8c"}],"group":"cf-nel","max_age":604800}', 'NEL': '{"success_fraction":0,"report_to":"cf-nel","max_age":604800}', 'Server': 'cloudflare', 'CF-RAY': '8ae3a24eae67115e-ORD', 'alt-svc': 'h3=":443"; ma=86400'} 
 body={"results":[{"gender":"male","name":{"title":"Mr","first":"Reginald","last":"Kreis"},"location":{"street":{"number":1306,"name":"Ahornweg"},"city":"Abensberg","state":"Schleswig-Holstein","country":"Germany","postcode":29109,"coordinates":{"latitude":"-53.8970","longitude":"-97.5165"},"timezone":{"offset":"+9:00","description":"Tokyo, Seoul, Osaka, Sapporo, Yakutsk"}},"email":"reginald.kreis@example.com","login":{"uuid":"c7e200e3-e5a5-4acd-b6bb-bbe625add3a9","username":"sadpeacock771","password":"heels","salt":"6wOuPUZC","md5":"c8bd519111053fba95d97eb73525bc57","sha1":"4794eb0fa35990101122f6880d5e9d0c3a77ee6a","sha256":"671d8b4d95c8f8d7d0f3bcd6939a674bc486779fb8c2732efd1d2c9792010c86"},"dob":{"date":"1986-12-08T18:15:56.924Z","age":37},"registered":{"date":"2020-12-31T13:41:07.611Z","age":3},"phone":"0136-8826534","cell":"0175-7813183","id":{"name":"SVNR","value":"04 081286 K 499"},"picture":{"large":"https://randomuser.me/api/portraits/men/40.jpg","medium":"https://randomuser.me/api/portraits/med/men/40.jpg","thumbnail":"https://randomuser.me/api/portraits/thumb/men/40.jpg"},"nat":"DE"}],"info":{"seed":"d8958dfa49645360","results":1,"page":1,"version":"1.4"}} 
 </msg>
<msg time="2024-08-05T03:17:24.944837" level="INFO">/opt/hostedtoolcache/Python/3.12.4/x64/lib/python3.12/site-packages/urllib3/connectionpool.py:1099: InsecureRequestWarning: Unverified HTTPS request is being made to host 'randomuser.me'. Adding certificate verification is strongly advised. See: https://urllib3.readthedocs.io/en/latest/advanced-usage.html#tls-warnings
  warnings.warn(</msg>
<msg time="2024-08-05T03:17:24.945000" level="INFO">${response} = &lt;Response [200]&gt;</msg>
<var>${response}</var>
<arg>consultarAPI</arg>
<arg>/api</arg>
<doc>Sends a GET request on a previously created HTTP Session.</doc>
<status status="PASS" start="2024-08-05T03:17:24.759732" elapsed="0.185313"/>
</kw>
<kw name="Should Be Equal As Numbers" owner="BuiltIn">
<msg time="2024-08-05T03:17:24.946064" level="INFO">Argument types are:
&lt;class 'int'&gt;
&lt;class 'str'&gt;</msg>
<arg>${response.status_code}</arg>
<arg>200</arg>
<doc>Fails if objects are unequal after converting them to real numbers.</doc>
<status status="PASS" start="2024-08-05T03:17:24.945587" elapsed="0.000545"/>
</kw>
<kw name="Log" owner="BuiltIn">
<msg time="2024-08-05T03:17:24.946855" level="INFO">200</msg>
<arg>${response.status_code}</arg>
<doc>Logs the given message with the given level.</doc>
<status status="PASS" start="2024-08-05T03:17:24.946487" elapsed="0.000410"/>
</kw>
<kw name="Set Variable" owner="BuiltIn">
<msg time="2024-08-05T03:17:24.947662" level="INFO">${json_data} = {'results': [{'gender': 'male', 'name': {'title': 'Mr', 'first': 'Reginald', 'last': 'Kreis'}, 'location': {'street': {'number': 1306, 'name': 'Ahornweg'}, 'city': 'Abensberg', 'state': 'Schleswig-Hol...</msg>
<var>${json_data}</var>
<arg>${response.json()}</arg>
<doc>Returns the given values which can then be assigned to a variables.</doc>
<status status="PASS" start="2024-08-05T03:17:24.947215" elapsed="0.000476"/>
</kw>
<kw name="Dictionary Should Contain Key" owner="Collections">
<arg>${json_data}</arg>
<arg>results</arg>
<doc>Fails if ``key`` is not found from ``dictionary``.</doc>
<status status="PASS" start="2024-08-05T03:17:24.947999" elapsed="0.000368"/>
</kw>
<status status="PASS" start="2024-08-05T03:17:24.759489" elapsed="0.189037"/>
</kw>
<doc>Testa se a API responde corretamente e retorna um objeto JSON válido.</doc>
<tag>testeRequisicaoBasica</tag>
<status status="PASS" start="2024-08-05T03:17:24.758967" elapsed="0.189736"/>
</test>
<test id="s1-s1-t3" name="Validar estrutura de resposta" line="22">
<kw name="Teste de Estrutura de Resposta" owner="random-user-service">
<kw name="GET On Session" owner="RequestsLibrary">
<msg time="2024-08-05T03:17:25.120404" level="INFO">GET Request : url=https://randomuser.me/api 
 path_url=/api 
 headers={'User-Agent': 'python-requests/2.32.3', 'Accept-Encoding': 'gzip, deflate', 'Accept': '*/*', 'Connection': 'keep-alive'} 
 body=None 
 </msg>
<msg time="2024-08-05T03:17:25.120505" level="INFO">GET Response : url=https://randomuser.me/api 
 status=200, reason=OK 
 headers={'Date': 'Mon, 05 Aug 2024 03:17:25 GMT', 'Content-Type': 'application/json; charset=utf-8', 'Transfer-Encoding': 'chunked', 'Connection': 'keep-alive', 'X-Powered-By': 'Express', 'Access-Control-Allow-Origin': '*', 'Cache-Control': 'no-cache', 'ETag': 'W/"495-HtvrECeF3Ja9mD966ww9rMJdim4"', 'Vary': 'Accept-Encoding', 'Content-Encoding': 'gzip', 'CF-Cache-Status': 'DYNAMIC', 'Report-To': '{"endpoints":[{"url":"https:\\/\\/a.nel.cloudflare.com\\/report\\/v4?s=97ouODx8MT5VysPL54juR1TCK0gJjYMy7I8Nj1ZHCvgmoR5VYJRPmG6yEqdo4ih3KuY3yNM5p4sGQbzYDOVw4EmczouKx6cQpJBvjrjTADKdUqftNLovXZMmkPNbLbQv"}],"group":"cf-nel","max_age":604800}', 'NEL': '{"success_fraction":0,"report_to":"cf-nel","max_age":604800}', 'Server': 'cloudflare', 'CF-RAY': '8ae3a24efed5115e-ORD', 'alt-svc': 'h3=":443"; ma=86400'} 
 body={"results":[{"gender":"male","name":{"title":"Mr","first":"Duško","last":"Anđelković"},"location":{"street":{"number":8985,"name":"Ajzenštajnova"},"city":"Novi Kneževac","state":"Peć","country":"Serbia","postcode":48429,"coordinates":{"latitude":"63.6791","longitude":"-166.9548"},"timezone":{"offset":"-4:00","description":"Atlantic Time (Canada), Caracas, La Paz"}},"email":"dusko.andelkovic@example.com","login":{"uuid":"404e0876-e505-4235-a069-b460d651dfb1","username":"happylion753","password":"13579","salt":"3tbuinwj","md5":"d9af1ddae735086fe966d704480d68e0","sha1":"c0ca50a47172d5183195c340acb1c61ffc847dc7","sha256":"02d67cc7345bc7a9c735f0ea04106156fcc03048127411803ab9b04db61e380e"},"dob":{"date":"1959-01-19T11:16:19.156Z","age":65},"registered":{"date":"2010-04-18T09:47:05.317Z","age":14},"phone":"033-3089-711","cell":"063-8629-642","id":{"name":"SID","value":"402671807"},"picture":{"large":"https://randomuser.me/api/portraits/men/2.jpg","medium":"https://randomuser.me/api/portraits/med/men/2.jpg","thumbnail":"https://randomuser.me/api/portraits/thumb/men/2.jpg"},"nat":"RS"}],"info":{"seed":"31640d202b3fe25e","results":1,"page":1,"version":"1.4"}} 
 </msg>
<msg time="2024-08-05T03:17:25.120642" level="INFO">/opt/hostedtoolcache/Python/3.12.4/x64/lib/python3.12/site-packages/urllib3/connectionpool.py:1099: InsecureRequestWarning: Unverified HTTPS request is being made to host 'randomuser.me'. Adding certificate verification is strongly advised. See: https://urllib3.readthedocs.io/en/latest/advanced-usage.html#tls-warnings
  warnings.warn(</msg>
<msg time="2024-08-05T03:17:25.120755" level="INFO">${response} = &lt;Response [200]&gt;</msg>
<var>${response}</var>
<arg>consultarAPI</arg>
<arg>/api</arg>
<doc>Sends a GET request on a previously created HTTP Session.</doc>
<status status="PASS" start="2024-08-05T03:17:24.951313" elapsed="0.169480"/>
</kw>
<kw name="Set Variable" owner="BuiltIn">
<msg time="2024-08-05T03:17:25.121749" level="INFO">${json_data} = {'results': [{'gender': 'male', 'name': {'title': 'Mr', 'first': 'Duško', 'last': 'Anđelković'}, 'location': {'street': {'number': 8985, 'name': 'Ajzenštajnova'}, 'city': 'Novi Kneževac', 'state': 'Pe...</msg>
<var>${json_data}</var>
<arg>${response.json()}</arg>
<doc>Returns the given values which can then be assigned to a variables.</doc>
<status status="PASS" start="2024-08-05T03:17:25.121248" elapsed="0.000532"/>
</kw>
<kw name="Log" owner="BuiltIn">
<msg time="2024-08-05T03:17:25.122247" level="INFO">{'results': [{'gender': 'male', 'name': {'title': 'Mr', 'first': 'Duško', 'last': 'Anđelković'}, 'location': {'street': {'number': 8985, 'name': 'Ajzenštajnova'}, 'city': 'Novi Kneževac', 'state': 'Peć', 'country': 'Serbia', 'postcode': 48429, 'coordinates': {'latitude': '63.6791', 'longitude': '-166.9548'}, 'timezone': {'offset': '-4:00', 'description': 'Atlantic Time (Canada), Caracas, La Paz'}}, 'email': 'dusko.andelkovic@example.com', 'login': {'uuid': '404e0876-e505-4235-a069-b460d651dfb1', 'username': 'happylion753', 'password': '13579', 'salt': '3tbuinwj', 'md5': 'd9af1ddae735086fe966d704480d68e0', 'sha1': 'c0ca50a47172d5183195c340acb1c61ffc847dc7', 'sha256': '02d67cc7345bc7a9c735f0ea04106156fcc03048127411803ab9b04db61e380e'}, 'dob': {'date': '1959-01-19T11:16:19.156Z', 'age': 65}, 'registered': {'date': '2010-04-18T09:47:05.317Z', 'age': 14}, 'phone': '033-3089-711', 'cell': '063-8629-642', 'id': {'name': 'SID', 'value': '402671807'}, 'picture': {'large': 'https://randomuser.me/api/portraits/men/2.jpg', 'medium': 'https://randomuser.me/api/portraits/med/men/2.jpg', 'thumbnail': 'https://randomuser.me/api/portraits/thumb/men/2.jpg'}, 'nat': 'RS'}], 'info': {'seed': '31640d202b3fe25e', 'results': 1, 'page': 1, 'version': '1.4'}}</msg>
<arg>${json_data}</arg>
<doc>Logs the given message with the given level.</doc>
<status status="PASS" start="2024-08-05T03:17:25.122085" elapsed="0.000214"/>
</kw>
<kw name="Dictionary Should Contain Key" owner="Collections">
<arg>${json_data}</arg>
<arg>results</arg>
<doc>Fails if ``key`` is not found from ``dictionary``.</doc>
<status status="PASS" start="2024-08-05T03:17:25.122588" elapsed="0.000164"/>
</kw>
<kw name="Should Not Be Empty" owner="BuiltIn">
<msg time="2024-08-05T03:17:25.123055" level="INFO">Length is 2.</msg>
<arg>${json_data}</arg>
<doc>Verifies that the given item is not empty.</doc>
<status status="PASS" start="2024-08-05T03:17:25.122931" elapsed="0.000161"/>
</kw>
<kw name="Create List" owner="BuiltIn">
<msg time="2024-08-05T03:17:25.123515" level="INFO">${expected_keys} = ['gender', 'name', 'location', 'email', 'login']</msg>
<var>${expected_keys}</var>
<arg>gender</arg>
<arg>name</arg>
<arg>location</arg>
<arg>email</arg>
<arg>login</arg>
<doc>Returns a list containing given items.</doc>
<status status="PASS" start="2024-08-05T03:17:25.123370" elapsed="0.000168"/>
</kw>
<for flavor="IN">
<iter>
<kw name="Dictionary Should Contain Key" owner="Collections">
<arg>${json_data['results'][0]}</arg>
<arg>${key}</arg>
<doc>Fails if ``key`` is not found from ``dictionary``.</doc>
<status status="PASS" start="2024-08-05T03:17:25.124126" elapsed="0.000418"/>
</kw>
<kw name="Log" owner="BuiltIn">
<msg time="2024-08-05T03:17:25.125089" level="INFO">{'gender': 'male', 'name': {'title': 'Mr', 'first': 'Duško', 'last': 'Anđelković'}, 'location': {'street': {'number': 8985, 'name': 'Ajzenštajnova'}, 'city': 'Novi Kneževac', 'state': 'Peć', 'country': 'Serbia', 'postcode': 48429, 'coordinates': {'latitude': '63.6791', 'longitude': '-166.9548'}, 'timezone': {'offset': '-4:00', 'description': 'Atlantic Time (Canada), Caracas, La Paz'}}, 'email': 'dusko.andelkovic@example.com', 'login': {'uuid': '404e0876-e505-4235-a069-b460d651dfb1', 'username': 'happylion753', 'password': '13579', 'salt': '3tbuinwj', 'md5': 'd9af1ddae735086fe966d704480d68e0', 'sha1': 'c0ca50a47172d5183195c340acb1c61ffc847dc7', 'sha256': '02d67cc7345bc7a9c735f0ea04106156fcc03048127411803ab9b04db61e380e'}, 'dob': {'date': '1959-01-19T11:16:19.156Z', 'age': 65}, 'registered': {'date': '2010-04-18T09:47:05.317Z', 'age': 14}, 'phone': '033-3089-711', 'cell': '063-8629-642', 'id': {'name': 'SID', 'value': '402671807'}, 'picture': {'large': 'https://randomuser.me/api/portraits/men/2.jpg', 'medium': 'https://randomuser.me/api/portraits/med/men/2.jpg', 'thumbnail': 'https://randomuser.me/api/portraits/thumb/men/2.jpg'}, 'nat': 'RS'}</msg>
<arg>${json_data['results'][0]}</arg>
<doc>Logs the given message with the given level.</doc>
<status status="PASS" start="2024-08-05T03:17:25.124734" elapsed="0.000406"/>
</kw>
<kw name="Log" owner="BuiltIn">
<msg time="2024-08-05T03:17:25.125568" level="INFO">gender</msg>
<arg>${key}</arg>
<doc>Logs the given message with the given level.</doc>
<status status="PASS" start="2024-08-05T03:17:25.125441" elapsed="0.000165"/>
</kw>
<var name="${key}">gender</var>
<status status="PASS" start="2024-08-05T03:17:25.123980" elapsed="0.001844"/>
</iter>
<iter>
<kw name="Dictionary Should Contain Key" owner="Collections">
<arg>${json_data['results'][0]}</arg>
<arg>${key}</arg>
<doc>Fails if ``key`` is not found from ``dictionary``.</doc>
<status status="PASS" start="2024-08-05T03:17:25.126115" elapsed="0.000391"/>
</kw>
<kw name="Log" owner="BuiltIn">
<msg time="2024-08-05T03:17:25.127036" level="INFO">{'gender': 'male', 'name': {'title': 'Mr', 'first': 'Duško', 'last': 'Anđelković'}, 'location': {'street': {'number': 8985, 'name': 'Ajzenštajnova'}, 'city': 'Novi Kneževac', 'state': 'Peć', 'country': 'Serbia', 'postcode': 48429, 'coordinates': {'latitude': '63.6791', 'longitude': '-166.9548'}, 'timezone': {'offset': '-4:00', 'description': 'Atlantic Time (Canada), Caracas, La Paz'}}, 'email': 'dusko.andelkovic@example.com', 'login': {'uuid': '404e0876-e505-4235-a069-b460d651dfb1', 'username': 'happylion753', 'password': '13579', 'salt': '3tbuinwj', 'md5': 'd9af1ddae735086fe966d704480d68e0', 'sha1': 'c0ca50a47172d5183195c340acb1c61ffc847dc7', 'sha256': '02d67cc7345bc7a9c735f0ea04106156fcc03048127411803ab9b04db61e380e'}, 'dob': {'date': '1959-01-19T11:16:19.156Z', 'age': 65}, 'registered': {'date': '2010-04-18T09:47:05.317Z', 'age': 14}, 'phone': '033-3089-711', 'cell': '063-8629-642', 'id': {'name': 'SID', 'value': '402671807'}, 'picture': {'large': 'https://randomuser.me/api/portraits/men/2.jpg', 'medium': 'https://randomuser.me/api/portraits/med/men/2.jpg', 'thumbnail': 'https://randomuser.me/api/portraits/thumb/men/2.jpg'}, 'nat': 'RS'}</msg>
<arg>${json_data['results'][0]}</arg>
<doc>Logs the given message with the given level.</doc>
<status status="PASS" start="2024-08-05T03:17:25.126689" elapsed="0.000429"/>
</kw>
<kw name="Log" owner="BuiltIn">
<msg time="2024-08-05T03:17:25.127550" level="INFO">name</msg>
<arg>${key}</arg>
<doc>Logs the given message with the given level.</doc>
<status status="PASS" start="2024-08-05T03:17:25.127421" elapsed="0.000166"/>
</kw>
<var name="${key}">name</var>
<status status="PASS" start="2024-08-05T03:17:25.126006" elapsed="0.001796"/>
</iter>
<iter>
<kw name="Dictionary Should Contain Key" owner="Collections">
<arg>${json_data['results'][0]}</arg>
<arg>${key}</arg>
<doc>Fails if ``key`` is not found from ``dictionary``.</doc>
<status status="PASS" start="2024-08-05T03:17:25.128085" elapsed="0.000403"/>
</kw>
<kw name="Log" owner="BuiltIn">
<msg time="2024-08-05T03:17:25.129016" level="INFO">{'gender': 'male', 'name': {'title': 'Mr', 'first': 'Duško', 'last': 'Anđelković'}, 'location': {'street': {'number': 8985, 'name': 'Ajzenštajnova'}, 'city': 'Novi Kneževac', 'state': 'Peć', 'country': 'Serbia', 'postcode': 48429, 'coordinates': {'latitude': '63.6791', 'longitude': '-166.9548'}, 'timezone': {'offset': '-4:00', 'description': 'Atlantic Time (Canada), Caracas, La Paz'}}, 'email': 'dusko.andelkovic@example.com', 'login': {'uuid': '404e0876-e505-4235-a069-b460d651dfb1', 'username': 'happylion753', 'password': '13579', 'salt': '3tbuinwj', 'md5': 'd9af1ddae735086fe966d704480d68e0', 'sha1': 'c0ca50a47172d5183195c340acb1c61ffc847dc7', 'sha256': '02d67cc7345bc7a9c735f0ea04106156fcc03048127411803ab9b04db61e380e'}, 'dob': {'date': '1959-01-19T11:16:19.156Z', 'age': 65}, 'registered': {'date': '2010-04-18T09:47:05.317Z', 'age': 14}, 'phone': '033-3089-711', 'cell': '063-8629-642', 'id': {'name': 'SID', 'value': '402671807'}, 'picture': {'large': 'https://randomuser.me/api/portraits/men/2.jpg', 'medium': 'https://randomuser.me/api/portraits/med/men/2.jpg', 'thumbnail': 'https://randomuser.me/api/portraits/thumb/men/2.jpg'}, 'nat': 'RS'}</msg>
<arg>${json_data['results'][0]}</arg>
<doc>Logs the given message with the given level.</doc>
<status status="PASS" start="2024-08-05T03:17:25.128671" elapsed="0.000396"/>
</kw>
<kw name="Log" owner="BuiltIn">
<msg time="2024-08-05T03:17:25.129493" level="INFO">location</msg>
<arg>${key}</arg>
<doc>Logs the given message with the given level.</doc>
<status status="PASS" start="2024-08-05T03:17:25.129366" elapsed="0.000165"/>
</kw>
<var name="${key}">location</var>
<status status="PASS" start="2024-08-05T03:17:25.127978" elapsed="0.001777"/>
</iter>
<iter>
<kw name="Dictionary Should Contain Key" owner="Collections">
<arg>${json_data['results'][0]}</arg>
<arg>${key}</arg>
<doc>Fails if ``key`` is not found from ``dictionary``.</doc>
<status status="PASS" start="2024-08-05T03:17:25.130039" elapsed="0.000373"/>
</kw>
<kw name="Log" owner="BuiltIn">
<msg time="2024-08-05T03:17:25.131057" level="INFO">{'gender': 'male', 'name': {'title': 'Mr', 'first': 'Duško', 'last': 'Anđelković'}, 'location': {'street': {'number': 8985, 'name': 'Ajzenštajnova'}, 'city': 'Novi Kneževac', 'state': 'Peć', 'country': 'Serbia', 'postcode': 48429, 'coordinates': {'latitude': '63.6791', 'longitude': '-166.9548'}, 'timezone': {'offset': '-4:00', 'description': 'Atlantic Time (Canada), Caracas, La Paz'}}, 'email': 'dusko.andelkovic@example.com', 'login': {'uuid': '404e0876-e505-4235-a069-b460d651dfb1', 'username': 'happylion753', 'password': '13579', 'salt': '3tbuinwj', 'md5': 'd9af1ddae735086fe966d704480d68e0', 'sha1': 'c0ca50a47172d5183195c340acb1c61ffc847dc7', 'sha256': '02d67cc7345bc7a9c735f0ea04106156fcc03048127411803ab9b04db61e380e'}, 'dob': {'date': '1959-01-19T11:16:19.156Z', 'age': 65}, 'registered': {'date': '2010-04-18T09:47:05.317Z', 'age': 14}, 'phone': '033-3089-711', 'cell': '063-8629-642', 'id': {'name': 'SID', 'value': '402671807'}, 'picture': {'large': 'https://randomuser.me/api/portraits/men/2.jpg', 'medium': 'https://randomuser.me/api/portraits/med/men/2.jpg', 'thumbnail': 'https://randomuser.me/api/portraits/thumb/men/2.jpg'}, 'nat': 'RS'}</msg>
<arg>${json_data['results'][0]}</arg>
<doc>Logs the given message with the given level.</doc>
<status status="PASS" start="2024-08-05T03:17:25.130707" elapsed="0.000400"/>
</kw>
<kw name="Log" owner="BuiltIn">
<msg time="2024-08-05T03:17:25.131528" level="INFO">email</msg>
<arg>${key}</arg>
<doc>Logs the given message with the given level.</doc>
<status status="PASS" start="2024-08-05T03:17:25.131402" elapsed="0.000163"/>
</kw>
<var name="${key}">email</var>
<status status="PASS" start="2024-08-05T03:17:25.129932" elapsed="0.001848"/>
</iter>
<iter>
<kw name="Dictionary Should Contain Key" owner="Collections">
<arg>${json_data['results'][0]}</arg>
<arg>${key}</arg>
<doc>Fails if ``key`` is not found from ``dictionary``.</doc>
<status status="PASS" start="2024-08-05T03:17:25.132060" elapsed="0.000397"/>
</kw>
<kw name="Log" owner="BuiltIn">
<msg time="2024-08-05T03:17:25.132984" level="INFO">{'gender': 'male', 'name': {'title': 'Mr', 'first': 'Duško', 'last': 'Anđelković'}, 'location': {'street': {'number': 8985, 'name': 'Ajzenštajnova'}, 'city': 'Novi Kneževac', 'state': 'Peć', 'country': 'Serbia', 'postcode': 48429, 'coordinates': {'latitude': '63.6791', 'longitude': '-166.9548'}, 'timezone': {'offset': '-4:00', 'description': 'Atlantic Time (Canada), Caracas, La Paz'}}, 'email': 'dusko.andelkovic@example.com', 'login': {'uuid': '404e0876-e505-4235-a069-b460d651dfb1', 'username': 'happylion753', 'password': '13579', 'salt': '3tbuinwj', 'md5': 'd9af1ddae735086fe966d704480d68e0', 'sha1': 'c0ca50a47172d5183195c340acb1c61ffc847dc7', 'sha256': '02d67cc7345bc7a9c735f0ea04106156fcc03048127411803ab9b04db61e380e'}, 'dob': {'date': '1959-01-19T11:16:19.156Z', 'age': 65}, 'registered': {'date': '2010-04-18T09:47:05.317Z', 'age': 14}, 'phone': '033-3089-711', 'cell': '063-8629-642', 'id': {'name': 'SID', 'value': '402671807'}, 'picture': {'large': 'https://randomuser.me/api/portraits/men/2.jpg', 'medium': 'https://randomuser.me/api/portraits/med/men/2.jpg', 'thumbnail': 'https://randomuser.me/api/portraits/thumb/men/2.jpg'}, 'nat': 'RS'}</msg>
<arg>${json_data['results'][0]}</arg>
<doc>Logs the given message with the given level.</doc>
<status status="PASS" start="2024-08-05T03:17:25.132636" elapsed="0.000397"/>
</kw>
<kw name="Log" owner="BuiltIn">
<msg time="2024-08-05T03:17:25.133449" level="INFO">login</msg>
<arg>${key}</arg>
<doc>Logs the given message with the given level.</doc>
<status status="PASS" start="2024-08-05T03:17:25.133323" elapsed="0.000163"/>
</kw>
<var name="${key}">login</var>
<status status="PASS" start="2024-08-05T03:17:25.131954" elapsed="0.001742"/>
</iter>
<var>${key}</var>
<value>@{expected_keys}</value>
<status status="PASS" start="2024-08-05T03:17:25.123798" elapsed="0.010015"/>
</for>
<kw name="Create List" owner="BuiltIn">
<msg time="2024-08-05T03:17:25.134129" level="INFO">${expected_keysTwo} = ['username', 'password']</msg>
<var>${expected_keysTwo}</var>
<arg>username</arg>
<arg>password</arg>
<doc>Returns a list containing given items.</doc>
<status status="PASS" start="2024-08-05T03:17:25.133997" elapsed="0.000182"/>
</kw>
<for flavor="IN">
<iter>
<kw name="Dictionary Should Contain Key" owner="Collections">
<arg>${json_data['results'][0]['login']}</arg>
<arg>${keyTwo}</arg>
<doc>Fails if ``key`` is not found from ``dictionary``.</doc>
<status status="PASS" start="2024-08-05T03:17:25.134683" elapsed="0.000375"/>
</kw>
<kw name="Dictionary Should Contain Key" owner="Collections">
<arg>${json_data['results'][0]['login']}</arg>
<arg>${keyTwo}</arg>
<doc>Fails if ``key`` is not found from ``dictionary``.</doc>
<status status="PASS" start="2024-08-05T03:17:25.135238" elapsed="0.000366"/>
</kw>
<kw name="Log" owner="BuiltIn">
<msg time="2024-08-05T03:17:25.135896" level="INFO">username</msg>
<arg>${keyTwo}</arg>
<doc>Logs the given message with the given level.</doc>
<status status="PASS" start="2024-08-05T03:17:25.135780" elapsed="0.000153"/>
</kw>
<var name="${keyTwo}">username</var>
<status status="PASS" start="2024-08-05T03:17:25.134578" elapsed="0.001592"/>
</iter>
<iter>
<kw name="Dictionary Should Contain Key" owner="Collections">
<arg>${json_data['results'][0]['login']}</arg>
<arg>${keyTwo}</arg>
<doc>Fails if ``key`` is not found from ``dictionary``.</doc>
<status status="PASS" start="2024-08-05T03:17:25.136455" elapsed="0.000381"/>
</kw>
<kw name="Dictionary Should Contain Key" owner="Collections">
<arg>${json_data['results'][0]['login']}</arg>
<arg>${keyTwo}</arg>
<doc>Fails if ``key`` is not found from ``dictionary``.</doc>
<status status="PASS" start="2024-08-05T03:17:25.137012" elapsed="0.000357"/>
</kw>
<kw name="Log" owner="BuiltIn">
<msg time="2024-08-05T03:17:25.137657" level="INFO">password</msg>
<arg>${keyTwo}</arg>
<doc>Logs the given message with the given level.</doc>
<status status="PASS" start="2024-08-05T03:17:25.137541" elapsed="0.000153"/>
</kw>
<var name="${keyTwo}">password</var>
<status status="PASS" start="2024-08-05T03:17:25.136350" elapsed="0.001565"/>
</iter>
<var>${keyTwo}</var>
<value>@{expected_keysTwo}</value>
<status status="PASS" start="2024-08-05T03:17:25.134432" elapsed="0.003602"/>
</for>
<status status="PASS" start="2024-08-05T03:17:24.951076" elapsed="0.187096"/>
</kw>
<doc>Testa a estrutura da resposta da API.</doc>
<tag>testeEstruturaResposta</tag>
<status status="PASS" start="2024-08-05T03:17:24.950568" elapsed="0.187758"/>
</test>
<test id="s1-s1-t4" name="Validar tipos de dados" line="28">
<kw name="Teste de Tipos de Dados" owner="random-user-service">
<kw name="GET On Session" owner="RequestsLibrary">
<msg time="2024-08-05T03:17:25.212771" level="INFO">GET Request : url=https://randomuser.me/api 
 path_url=/api 
 headers={'User-Agent': 'python-requests/2.32.3', 'Accept-Encoding': 'gzip, deflate', 'Accept': '*/*', 'Connection': 'keep-alive'} 
 body=None 
 </msg>
<msg time="2024-08-05T03:17:25.212841" level="INFO">GET Response : url=https://randomuser.me/api 
 status=200, reason=OK 
 headers={'Date': 'Mon, 05 Aug 2024 03:17:25 GMT', 'Content-Type': 'application/json; charset=utf-8', 'Transfer-Encoding': 'chunked', 'Connection': 'keep-alive', 'X-Powered-By': 'Express', 'Access-Control-Allow-Origin': '*', 'Cache-Control': 'no-cache', 'ETag': 'W/"48f-JeAnh6LbYio02Ysb3y4iAcc7lIg"', 'Vary': 'Accept-Encoding', 'Content-Encoding': 'gzip', 'CF-Cache-Status': 'DYNAMIC', 'Report-To': '{"endpoints":[{"url":"https:\\/\\/a.nel.cloudflare.com\\/report\\/v4?s=Tlt79gyxGCgWJuBlgiEIorB73PqWA214g3M6fIT7XGblTKgO%2Bv8PdsfWWTew3MCVV%2F%2B9%2BzijM9Bl69FcIrehQIfShg4C9dGXDJ0QVDRbrRIGT5QCztERHVvT9w2GIKTE"}],"group":"cf-nel","max_age":604800}', 'NEL': '{"success_fraction":0,"report_to":"cf-nel","max_age":604800}', 'Server': 'cloudflare', 'CF-RAY': '8ae3a2502853115e-ORD', 'alt-svc': 'h3=":443"; ma=86400'} 
 body={"results":[{"gender":"male","name":{"title":"Mr","first":"Tobias","last":"Rasmussen"},"location":{"street":{"number":3118,"name":"Sundvej"},"city":"Nimtofte","state":"Midtjylland","country":"Denmark","postcode":41646,"coordinates":{"latitude":"-38.6325","longitude":"-164.1859"},"timezone":{"offset":"-5:00","description":"Eastern Time (US &amp; Canada), Bogota, Lima"}},"email":"tobias.rasmussen@example.com","login":{"uuid":"ed44c865-b3ea-445a-9ca7-5264a005868d","username":"purplekoala410","password":"rooney","salt":"Qo3OpuNh","md5":"56f81e5e8cb814bf220be4ccfb82584b","sha1":"54047ca6741443988f2f817fcbd94bdbc931382e","sha256":"89274c5b4005023168790e9d26359b03ad31d607de5f5a458db90a3ba596fd3b"},"dob":{"date":"1952-04-08T05:22:56.395Z","age":72},"registered":{"date":"2010-03-07T11:36:30.552Z","age":14},"phone":"60035358","cell":"89373536","id":{"name":"CPR","value":"070452-4028"},"picture":{"large":"https://randomuser.me/api/portraits/men/25.jpg","medium":"https://randomuser.me/api/portraits/med/men/25.jpg","thumbnail":"https://randomuser.me/api/portraits/thumb/men/25.jpg"},"nat":"DK"}],"info":{"seed":"bd5c5e2234ce6694","results":1,"page":1,"version":"1.4"}} 
 </msg>
<msg time="2024-08-05T03:17:25.212898" level="INFO">/opt/hostedtoolcache/Python/3.12.4/x64/lib/python3.12/site-packages/urllib3/connectionpool.py:1099: InsecureRequestWarning: Unverified HTTPS request is being made to host 'randomuser.me'. Adding certificate verification is strongly advised. See: https://urllib3.readthedocs.io/en/latest/advanced-usage.html#tls-warnings
  warnings.warn(</msg>
<msg time="2024-08-05T03:17:25.212978" level="INFO">${response} = &lt;Response [200]&gt;</msg>
<var>${response}</var>
<arg>consultarAPI</arg>
<arg>/api</arg>
<doc>Sends a GET request on a previously created HTTP Session.</doc>
<status status="PASS" start="2024-08-05T03:17:25.140787" elapsed="0.072218"/>
</kw>
<kw name="Set Variable" owner="BuiltIn">
<msg time="2024-08-05T03:17:25.213822" level="INFO">${json_data} = {'results': [{'gender': 'male', 'name': {'title': 'Mr', 'first': 'Tobias', 'last': 'Rasmussen'}, 'location': {'street': {'number': 3118, 'name': 'Sundvej'}, 'city': 'Nimtofte', 'state': 'Midtjylland',...</msg>
<var>${json_data}</var>
<arg>${response.json()}</arg>
<doc>Returns the given values which can then be assigned to a variables.</doc>
<status status="PASS" start="2024-08-05T03:17:25.213385" elapsed="0.000464"/>
</kw>
<kw name="Log" owner="BuiltIn">
<msg time="2024-08-05T03:17:25.214294" level="INFO">{'results': [{'gender': 'male', 'name': {'title': 'Mr', 'first': 'Tobias', 'last': 'Rasmussen'}, 'location': {'street': {'number': 3118, 'name': 'Sundvej'}, 'city': 'Nimtofte', 'state': 'Midtjylland', 'country': 'Denmark', 'postcode': 41646, 'coordinates': {'latitude': '-38.6325', 'longitude': '-164.1859'}, 'timezone': {'offset': '-5:00', 'description': 'Eastern Time (US &amp; Canada), Bogota, Lima'}}, 'email': 'tobias.rasmussen@example.com', 'login': {'uuid': 'ed44c865-b3ea-445a-9ca7-5264a005868d', 'username': 'purplekoala410', 'password': 'rooney', 'salt': 'Qo3OpuNh', 'md5': '56f81e5e8cb814bf220be4ccfb82584b', 'sha1': '54047ca6741443988f2f817fcbd94bdbc931382e', 'sha256': '89274c5b4005023168790e9d26359b03ad31d607de5f5a458db90a3ba596fd3b'}, 'dob': {'date': '1952-04-08T05:22:56.395Z', 'age': 72}, 'registered': {'date': '2010-03-07T11:36:30.552Z', 'age': 14}, 'phone': '60035358', 'cell': '89373536', 'id': {'name': 'CPR', 'value': '070452-4028'}, 'picture': {'large': 'https://randomuser.me/api/portraits/men/25.jpg', 'medium': 'https://randomuser.me/api/portraits/med/men/25.jpg', 'thumbnail': 'https://randomuser.me/api/portraits/thumb/men/25.jpg'}, 'nat': 'DK'}], 'info': {'seed': 'bd5c5e2234ce6694', 'results': 1, 'page': 1, 'version': '1.4'}}</msg>
<arg>${json_data}</arg>
<doc>Logs the given message with the given level.</doc>
<status status="PASS" start="2024-08-05T03:17:25.214146" elapsed="0.000195"/>
</kw>
<kw name="Should Be String" owner="String">
<arg>${json_data['results'][0]['gender']}</arg>
<doc>Fails if the given ``item`` is not a string.</doc>
<status status="PASS" start="2024-08-05T03:17:25.214628" elapsed="0.000355"/>
</kw>
<kw name="Should Match Regexp" owner="BuiltIn">
<arg>${json_data['results'][0]['email']}</arg>
<arg>^[a-zA-Z0-9._%+-]+@[a-zA-Z0-9.-]+\.[a-zA-Z]{2,}$</arg>
<doc>Fails if ``string`` does not match ``pattern`` as a regular expression.</doc>
<status status="PASS" start="2024-08-05T03:17:25.215175" elapsed="0.000542"/>
</kw>
<kw name="Should Match Regexp" owner="BuiltIn">
<arg>${json_data['results'][0]['dob']['date']}</arg>
<arg>\\d{4}-\\d{2}-\\d{2}T\\d{2}:\\d{2}:\\d{2}\\.\\d{3}Z</arg>
<doc>Fails if ``string`` does not match ``pattern`` as a regular expression.</doc>
<status status="PASS" start="2024-08-05T03:17:25.215908" elapsed="0.000641"/>
</kw>
<kw name="Should Match Regexp" owner="BuiltIn">
<arg>${json_data['results'][0]['registered']['date']}</arg>
<arg>\\d{4}-\\d{2}-\\d{2}T\\d{2}:\\d{2}:\\d{2}\\.\\d{3}Z</arg>
<doc>Fails if ``string`` does not match ``pattern`` as a regular expression.</doc>
<status status="PASS" start="2024-08-05T03:17:25.216742" elapsed="0.000369"/>
</kw>
<kw name="Should Match Regexp" owner="BuiltIn">
<arg>${json_data['results'][0]['picture']['large']}</arg>
<arg>^https?://.*\.(?:png|jpe?g|gif|bmp)$</arg>
<doc>Fails if ``string`` does not match ``pattern`` as a regular expression.</doc>
<status status="PASS" start="2024-08-05T03:17:25.217296" elapsed="0.000454"/>
</kw>
<kw name="Should Match Regexp" owner="BuiltIn">
<arg>${json_data['results'][0]['picture']['medium']}</arg>
<arg>^https?://.*\.(?:png|jpe?g|gif|bmp)$</arg>
<doc>Fails if ``string`` does not match ``pattern`` as a regular expression.</doc>
<status status="PASS" start="2024-08-05T03:17:25.217935" elapsed="0.000350"/>
</kw>
<kw name="Should Match Regexp" owner="BuiltIn">
<arg>${json_data['results'][0]['picture']['thumbnail']}</arg>
<arg>^https?://.*\.(?:png|jpe?g|gif|bmp)$</arg>
<doc>Fails if ``string`` does not match ``pattern`` as a regular expression.</doc>
<status status="PASS" start="2024-08-05T03:17:25.218465" elapsed="0.000341"/>
</kw>
<kw name="Log" owner="BuiltIn">
<msg time="2024-08-05T03:17:25.219299" level="INFO">{'large': 'https://randomuser.me/api/portraits/men/25.jpg', 'medium': 'https://randomuser.me/api/portraits/med/men/25.jpg', 'thumbnail': 'https://randomuser.me/api/portraits/thumb/men/25.jpg'}</msg>
<arg>${json_data['results'][0]['picture']}</arg>
<doc>Logs the given message with the given level.</doc>
<status status="PASS" start="2024-08-05T03:17:25.218984" elapsed="0.000356"/>
</kw>
<status status="PASS" start="2024-08-05T03:17:25.140571" elapsed="0.079021"/>
</kw>
<kw name="Teste de Tipos de Dados - Postcode" owner="random-user-service">
<kw name="GET On Session" owner="RequestsLibrary">
<msg time="2024-08-05T03:17:25.299247" level="INFO">GET Request : url=https://randomuser.me/api 
 path_url=/api 
 headers={'User-Agent': 'python-requests/2.32.3', 'Accept-Encoding': 'gzip, deflate', 'Accept': '*/*', 'Connection': 'keep-alive'} 
 body=None 
 </msg>
<msg time="2024-08-05T03:17:25.299328" level="INFO">GET Response : url=https://randomuser.me/api 
 status=200, reason=OK 
 headers={'Date': 'Mon, 05 Aug 2024 03:17:25 GMT', 'Content-Type': 'application/json; charset=utf-8', 'Transfer-Encoding': 'chunked', 'Connection': 'keep-alive', 'X-Powered-By': 'Express', 'Access-Control-Allow-Origin': '*', 'Cache-Control': 'no-cache', 'ETag': 'W/"4a8-g6sRWuiwxH2MJuA2Rfo9y0CxQGQ"', 'Vary': 'Accept-Encoding', 'Content-Encoding': 'gzip', 'CF-Cache-Status': 'DYNAMIC', 'Report-To': '{"endpoints":[{"url":"https:\\/\\/a.nel.cloudflare.com\\/report\\/v4?s=6rhlovagLeIPY7DUm5Ta%2Fe%2B8%2FVZNUEWaxhe8fzQE4XOhrwIxP4i%2BQZFc%2BASdHCkeZauhe%2FaPisJSpW4oI78NyFYNXs2zjLggQwC%2F1%2B%2B7EKGqWEGNMKmS%2BbVSqZMI6ZLs"}],"group":"cf-nel","max_age":604800}', 'NEL': '{"success_fraction":0,"report_to":"cf-nel","max_age":604800}', 'Server': 'cloudflare', 'CF-RAY': '8ae3a250a8f3115e-ORD', 'alt-svc': 'h3=":443"; ma=86400'} 
 body={"results":[{"gender":"male","name":{"title":"Mr","first":"Orandino","last":"Moreira"},"location":{"street":{"number":3641,"name":"Travessa dos Açorianos"},"city":"Cabo Frio","state":"Maranhão","country":"Brazil","postcode":56612,"coordinates":{"latitude":"-76.7778","longitude":"-171.7868"},"timezone":{"offset":"-4:00","description":"Atlantic Time (Canada), Caracas, La Paz"}},"email":"orandino.moreira@example.com","login":{"uuid":"ba45f258-ed9c-4a44-852e-76f74648bedd","username":"bluetiger509","password":"enters","salt":"42LWNtqU","md5":"8b9e26bfa043448f26b286e37f4efb89","sha1":"f7aaf413c4990da9bfbe2593aa2ff1bed50d424c","sha256":"f56869ff0afb46b1d09e814ea77b8e87afe6511d686038efaf1f6cd0e0a28b67"},"dob":{"date":"1968-02-26T22:03:18.109Z","age":56},"registered":{"date":"2022-05-19T21:01:51.511Z","age":2},"phone":"(24) 2579-8819","cell":"(22) 3382-6808","id":{"name":"CPF","value":"136.018.023-21"},"picture":{"large":"https://randomuser.me/api/portraits/men/47.jpg","medium":"https://randomuser.me/api/portraits/med/men/47.jpg","thumbnail":"https://randomuser.me/api/portraits/thumb/men/47.jpg"},"nat":"BR"}],"info":{"seed":"c402a219aa33d799","results":1,"page":1,"version":"1.4"}} 
 </msg>
<msg time="2024-08-05T03:17:25.299398" level="INFO">/opt/hostedtoolcache/Python/3.12.4/x64/lib/python3.12/site-packages/urllib3/connectionpool.py:1099: InsecureRequestWarning: Unverified HTTPS request is being made to host 'randomuser.me'. Adding certificate verification is strongly advised. See: https://urllib3.readthedocs.io/en/latest/advanced-usage.html#tls-warnings
  warnings.warn(</msg>
<msg time="2024-08-05T03:17:25.299503" level="INFO">${response} = &lt;Response [200]&gt;</msg>
<var>${response}</var>
<arg>consultarAPI</arg>
<arg>/api</arg>
<doc>Sends a GET request on a previously created HTTP Session.</doc>
<status status="PASS" start="2024-08-05T03:17:25.220019" elapsed="0.079525"/>
</kw>
<kw name="Set Variable" owner="BuiltIn">
<msg time="2024-08-05T03:17:25.300509" level="INFO">${json_data} = {'results': [{'gender': 'male', 'name': {'title': 'Mr', 'first': 'Orandino', 'last': 'Moreira'}, 'location': {'street': {'number': 3641, 'name': 'Travessa dos Açorianos'}, 'city': 'Cabo Frio', 'state'...</msg>
<var>${json_data}</var>
<arg>${response.json()}</arg>
<doc>Returns the given values which can then be assigned to a variables.</doc>
<status status="PASS" start="2024-08-05T03:17:25.300014" elapsed="0.000523"/>
</kw>
<kw name="Log" owner="BuiltIn">
<msg time="2024-08-05T03:17:25.300996" level="INFO">{'results': [{'gender': 'male', 'name': {'title': 'Mr', 'first': 'Orandino', 'last': 'Moreira'}, 'location': {'street': {'number': 3641, 'name': 'Travessa dos Açorianos'}, 'city': 'Cabo Frio', 'state': 'Maranhão', 'country': 'Brazil', 'postcode': 56612, 'coordinates': {'latitude': '-76.7778', 'longitude': '-171.7868'}, 'timezone': {'offset': '-4:00', 'description': 'Atlantic Time (Canada), Caracas, La Paz'}}, 'email': 'orandino.moreira@example.com', 'login': {'uuid': 'ba45f258-ed9c-4a44-852e-76f74648bedd', 'username': 'bluetiger509', 'password': 'enters', 'salt': '42LWNtqU', 'md5': '8b9e26bfa043448f26b286e37f4efb89', 'sha1': 'f7aaf413c4990da9bfbe2593aa2ff1bed50d424c', 'sha256': 'f56869ff0afb46b1d09e814ea77b8e87afe6511d686038efaf1f6cd0e0a28b67'}, 'dob': {'date': '1968-02-26T22:03:18.109Z', 'age': 56}, 'registered': {'date': '2022-05-19T21:01:51.511Z', 'age': 2}, 'phone': '(24) 2579-8819', 'cell': '(22) 3382-6808', 'id': {'name': 'CPF', 'value': '136.018.023-21'}, 'picture': {'large': 'https://randomuser.me/api/portraits/men/47.jpg', 'medium': 'https://randomuser.me/api/portraits/med/men/47.jpg', 'thumbnail': 'https://randomuser.me/api/portraits/thumb/men/47.jpg'}, 'nat': 'BR'}], 'info': {'seed': 'c402a219aa33d799', 'results': 1, 'page': 1, 'version': '1.4'}}</msg>
<arg>${json_data}</arg>
<doc>Logs the given message with the given level.</doc>
<status status="PASS" start="2024-08-05T03:17:25.300837" elapsed="0.000207"/>
</kw>
<kw name="Should Be Equal As Numbers" owner="BuiltIn">
<arg>${json_data['results'][0]['location']['postcode']}</arg>
<arg>${json_data['results'][0]['location']['postcode']}</arg>
<doc>Fails if objects are unequal after converting them to real numbers.</doc>
<status status="PASS" start="2024-08-05T03:17:25.301335" elapsed="0.000613"/>
</kw>
<kw name="Log" owner="BuiltIn">
<msg time="2024-08-05T03:17:25.302508" level="INFO">56612</msg>
<arg>${json_data['results'][0]['location']['postcode']}</arg>
<doc>Logs the given message with the given level.</doc>
<status status="PASS" start="2024-08-05T03:17:25.302137" elapsed="0.000411"/>
</kw>
<status status="PASS" start="2024-08-05T03:17:25.219804" elapsed="0.082998"/>
</kw>
<doc>Testa se os tipos de dados na resposta da API estão corretos.</doc>
<tag>testeTiposDados</tag>
<status status="PASS" start="2024-08-05T03:17:25.140062" elapsed="0.162902"/>
</test>
<test id="s1-s1-t5" name="Validar conteudo" line="35">
<kw name="Teste de Tipos de Conteudo" owner="random-user-service">
<kw name="GET On Session" owner="RequestsLibrary">
<msg time="2024-08-05T03:17:25.399454" level="INFO">GET Request : url=https://randomuser.me/api 
 path_url=/api 
 headers={'User-Agent': 'python-requests/2.32.3', 'Accept-Encoding': 'gzip, deflate', 'Accept': '*/*', 'Connection': 'keep-alive'} 
 body=None 
 </msg>
<msg time="2024-08-05T03:17:25.399554" level="INFO">GET Response : url=https://randomuser.me/api 
 status=200, reason=OK 
 headers={'Date': 'Mon, 05 Aug 2024 03:17:25 GMT', 'Content-Type': 'application/json; charset=utf-8', 'Transfer-Encoding': 'chunked', 'Connection': 'keep-alive', 'X-Powered-By': 'Express', 'Access-Control-Allow-Origin': '*', 'Cache-Control': 'no-cache', 'ETag': 'W/"496-W4ZnhPiswJgYd5aAXkN5wH0hF1k"', 'Vary': 'Accept-Encoding', 'Content-Encoding': 'gzip', 'CF-Cache-Status': 'DYNAMIC', 'Report-To': '{"endpoints":[{"url":"https:\\/\\/a.nel.cloudflare.com\\/report\\/v4?s=XnOa%2FgJ7qENnHnRo8GPzmcHYX2pYLbPnLCcaEcmufGvv46X7FiwJ0dlPFiOK91abon7838iR9WuZkNXrev%2BOGr1MzvmMNSaczTKDBTvdVs0%2FDeaZbrhEdw0B1bVqm0l5"}],"group":"cf-nel","max_age":604800}', 'NEL': '{"success_fraction":0,"report_to":"cf-nel","max_age":604800}', 'Server': 'cloudflare', 'CF-RAY': '8ae3a251298b115e-ORD', 'alt-svc': 'h3=":443"; ma=86400'} 
 body={"results":[{"gender":"female","name":{"title":"Miss","first":"مریم","last":"نكو نظر"},"location":{"street":{"number":3604,"name":"آیت الله مدرس"},"city":"کرمان","state":"هرمزگان","country":"Iran","postcode":45728,"coordinates":{"latitude":"17.2897","longitude":"114.9977"},"timezone":{"offset":"-1:00","description":"Azores, Cape Verde Islands"}},"email":"mrym.nkwnzr@example.com","login":{"uuid":"ab1651ea-60e4-4ccd-842b-574d84b1522c","username":"sadfrog537","password":"bengals","salt":"a6sYWYGq","md5":"54d8eb9b4236d43d492bf58d7335de27","sha1":"f72c7ad1193fbaded74812ecbfeee85362ed9de8","sha256":"0405cc4afe750688da9bf4ede4b06c35f2b5e9b481ea262a5d4dc46edcaca421"},"dob":{"date":"1960-03-16T00:58:17.055Z","age":64},"registered":{"date":"2019-01-29T08:52:59.944Z","age":5},"phone":"027-03117929","cell":"0983-337-6490","id":{"name":"","value":null},"picture":{"large":"https://randomuser.me/api/portraits/women/52.jpg","medium":"https://randomuser.me/api/portraits/med/women/52.jpg","thumbnail":"https://randomuser.me/api/portraits/thumb/women/52.jpg"},"nat":"IR"}],"info":{"seed":"5e0f489e3d762505","results":1,"page":1,"version":"1.4"}} 
 </msg>
<msg time="2024-08-05T03:17:25.399627" level="INFO">/opt/hostedtoolcache/Python/3.12.4/x64/lib/python3.12/site-packages/urllib3/connectionpool.py:1099: InsecureRequestWarning: Unverified HTTPS request is being made to host 'randomuser.me'. Adding certificate verification is strongly advised. See: https://urllib3.readthedocs.io/en/latest/advanced-usage.html#tls-warnings
  warnings.warn(</msg>
<msg time="2024-08-05T03:17:25.399743" level="INFO">${response} = &lt;Response [200]&gt;</msg>
<var>${response}</var>
<arg>consultarAPI</arg>
<arg>/api</arg>
<doc>Sends a GET request on a previously created HTTP Session.</doc>
<status status="PASS" start="2024-08-05T03:17:25.305664" elapsed="0.094106"/>
</kw>
<kw name="Set Variable" owner="BuiltIn">
<msg time="2024-08-05T03:17:25.400892" level="INFO">${json_data} = {'results': [{'gender': 'female', 'name': {'title': 'Miss', 'first': 'مریم', 'last': 'نكو نظر'}, 'location': {'street': {'number': 3604, 'name': 'آیت الله مدرس'}, 'city': 'کرمان', 'state': 'هرمزگان', ...</msg>
<var>${json_data}</var>
<arg>${response.json()}</arg>
<doc>Returns the given values which can then be assigned to a variables.</doc>
<status status="PASS" start="2024-08-05T03:17:25.400365" elapsed="0.000558"/>
</kw>
<kw name="Set Variable" owner="BuiltIn">
<msg time="2024-08-05T03:17:25.401619" level="INFO">${name_title} = Miss</msg>
<var>${name_title}</var>
<arg>${json_data["results"][0]["name"]["title"]}</arg>
<doc>Returns the given values which can then be assigned to a variables.</doc>
<status status="PASS" start="2024-08-05T03:17:25.401244" elapsed="0.000400"/>
</kw>
<kw name="Create List" owner="BuiltIn">
<msg time="2024-08-05T03:17:25.402085" level="INFO">${allowed_titles} = ['Mr', 'Ms', 'Miss', 'Mrs', 'Madame', 'Monsieur']</msg>
<var>${allowed_titles}</var>
<arg>Mr</arg>
<arg>Ms</arg>
<arg>Miss</arg>
<arg>Mrs</arg>
<arg>Madame</arg>
<arg>Monsieur</arg>
<doc>Returns a list containing given items.</doc>
<status status="PASS" start="2024-08-05T03:17:25.401939" elapsed="0.000171"/>
</kw>
<kw name="List Should Contain Value" owner="Collections">
<arg>${allowed_titles}</arg>
<arg>${name_title}</arg>
<doc>Fails if the ``value`` is not found from ``list``.</doc>
<status status="PASS" start="2024-08-05T03:17:25.402404" elapsed="0.000186"/>
</kw>
<kw name="Set Variable" owner="BuiltIn">
<msg time="2024-08-05T03:17:25.403153" level="INFO">${name_country} = IR</msg>
<var>${name_country}</var>
<arg>${json_data["results"][0]["nat"]}</arg>
<doc>Returns the given values which can then be assigned to a variables.</doc>
<status status="PASS" start="2024-08-05T03:17:25.402774" elapsed="0.000404"/>
</kw>
<kw name="Create List" owner="BuiltIn">
<msg time="2024-08-05T03:17:25.404053" level="INFO">${list_country} = ['AD', 'AE', 'AF', 'AG', 'AI', 'AL', 'AM', 'AO', 'AQ', 'AR', 'AS', 'AT', 'AU', 'AW', 'AX', 'AZ', 'BA', 'BB', 'BD', 'BE', 'BF', 'BG', 'BH', 'BI', 'BJ', 'BL', 'BM', 'BN', 'BO', 'BQ', 'BR', 'BS', 'BT', '...</msg>
<var>${list_country}</var>
<arg>AD</arg>
<arg>AE</arg>
<arg>AF</arg>
<arg>AG</arg>
<arg>AI</arg>
<arg>AL</arg>
<arg>AM</arg>
<arg>AO</arg>
<arg>AQ</arg>
<arg>AR</arg>
<arg>AS</arg>
<arg>AT</arg>
<arg>AU</arg>
<arg>AW</arg>
<arg>AX</arg>
<arg>AZ</arg>
<arg>BA</arg>
<arg>BB</arg>
<arg>BD</arg>
<arg>BE</arg>
<arg>BF</arg>
<arg>BG</arg>
<arg>BH</arg>
<arg>BI</arg>
<arg>BJ</arg>
<arg>BL</arg>
<arg>BM</arg>
<arg>BN</arg>
<arg>BO</arg>
<arg>BQ</arg>
<arg>BR</arg>
<arg>BS</arg>
<arg>BT</arg>
<arg>BV</arg>
<arg>BW</arg>
<arg>BY</arg>
<arg>BZ</arg>
<arg>CA</arg>
<arg>CC</arg>
<arg>CD</arg>
<arg>CF</arg>
<arg>CG</arg>
<arg>CH</arg>
<arg>CI</arg>
<arg>CK</arg>
<arg>CL</arg>
<arg>CM</arg>
<arg>CN</arg>
<arg>CO</arg>
<arg>CR</arg>
<arg>CU</arg>
<arg>CV</arg>
<arg>CW</arg>
<arg>CX</arg>
<arg>CY</arg>
<arg>CZ</arg>
<arg>DE</arg>
<arg>DJ</arg>
<arg>DK</arg>
<arg>DM</arg>
<arg>DO</arg>
<arg>DZ</arg>
<arg>EC</arg>
<arg>EE</arg>
<arg>EG</arg>
<arg>EH</arg>
<arg>ER</arg>
<arg>ES</arg>
<arg>ET</arg>
<arg>FI</arg>
<arg>FJ</arg>
<arg>FK</arg>
<arg>FM</arg>
<arg>FO</arg>
<arg>FR</arg>
<arg>GA</arg>
<arg>GB</arg>
<arg>GD</arg>
<arg>GE</arg>
<arg>GF</arg>
<arg>GG</arg>
<arg>GH</arg>
<arg>GI</arg>
<arg>GL</arg>
<arg>GM</arg>
<arg>GN</arg>
<arg>GP</arg>
<arg>GQ</arg>
<arg>GR</arg>
<arg>GS</arg>
<arg>GT</arg>
<arg>GU</arg>
<arg>GW</arg>
<arg>GY</arg>
<arg>HK</arg>
<arg>HM</arg>
<arg>HN</arg>
<arg>HR</arg>
<arg>HT</arg>
<arg>HU</arg>
<arg>ID</arg>
<arg>IE</arg>
<arg>IL</arg>
<arg>IM</arg>
<arg>IN</arg>
<arg>IO</arg>
<arg>IQ</arg>
<arg>IR</arg>
<arg>IS</arg>
<arg>IT</arg>
<arg>JE</arg>
<arg>JM</arg>
<arg>JO</arg>
<arg>JP</arg>
<arg>KE</arg>
<arg>KG</arg>
<arg>KH</arg>
<arg>KI</arg>
<arg>KM</arg>
<arg>KN</arg>
<arg>KP</arg>
<arg>KR</arg>
<arg>KW</arg>
<arg>KY</arg>
<arg>KZ</arg>
<arg>LA</arg>
<arg>LB</arg>
<arg>LC</arg>
<arg>LI</arg>
<arg>LK</arg>
<arg>LR</arg>
<arg>LS</arg>
<arg>LT</arg>
<arg>LU</arg>
<arg>LV</arg>
<arg>LY</arg>
<arg>MA</arg>
<arg>MC</arg>
<arg>MD</arg>
<arg>ME</arg>
<arg>MF</arg>
<arg>MG</arg>
<arg>MH</arg>
<arg>MK</arg>
<arg>ML</arg>
<arg>MM</arg>
<arg>MN</arg>
<arg>MO</arg>
<arg>MP</arg>
<arg>MQ</arg>
<arg>MR</arg>
<arg>MS</arg>
<arg>MT</arg>
<arg>MU</arg>
<arg>MV</arg>
<arg>MW</arg>
<arg>MX</arg>
<arg>MY</arg>
<arg>MZ</arg>
<arg>NA</arg>
<arg>NC</arg>
<arg>NE</arg>
<arg>NF</arg>
<arg>NG</arg>
<arg>NI</arg>
<arg>NL</arg>
<arg>NO</arg>
<arg>NP</arg>
<arg>NR</arg>
<arg>NU</arg>
<arg>NZ</arg>
<arg>OM</arg>
<arg>PA</arg>
<arg>PE</arg>
<arg>PF</arg>
<arg>PG</arg>
<arg>PH</arg>
<arg>PK</arg>
<arg>PL</arg>
<arg>PM</arg>
<arg>PN</arg>
<arg>PR</arg>
<arg>PS</arg>
<arg>PT</arg>
<arg>PW</arg>
<arg>PY</arg>
<arg>QA</arg>
<arg>RE</arg>
<arg>RO</arg>
<arg>RS</arg>
<arg>RU</arg>
<arg>RW</arg>
<arg>SA</arg>
<arg>SB</arg>
<arg>SC</arg>
<arg>SD</arg>
<arg>SE</arg>
<arg>SG</arg>
<arg>SH</arg>
<arg>SI</arg>
<arg>SJ</arg>
<arg>SK</arg>
<arg>SL</arg>
<arg>SM</arg>
<arg>SN</arg>
<arg>SO</arg>
<arg>SR</arg>
<arg>SS</arg>
<arg>ST</arg>
<arg>SV</arg>
<arg>SX</arg>
<arg>SY</arg>
<arg>SZ</arg>
<arg>TC</arg>
<arg>TD</arg>
<arg>TF</arg>
<arg>TG</arg>
<arg>TH</arg>
<arg>TJ</arg>
<arg>TK</arg>
<arg>TL</arg>
<arg>TM</arg>
<arg>TN</arg>
<arg>TO</arg>
<arg>TR</arg>
<arg>TT</arg>
<arg>TV</arg>
<arg>TW</arg>
<arg>TZ</arg>
<arg>UA</arg>
<arg>UG</arg>
<arg>UM</arg>
<arg>US</arg>
<arg>UY</arg>
<arg>UZ</arg>
<arg>VA</arg>
<arg>VC</arg>
<arg>VE</arg>
<arg>VG</arg>
<arg>VI</arg>
<arg>VN</arg>
<arg>VU</arg>
<arg>WF</arg>
<arg>WS</arg>
<arg>XK</arg>
<arg>YE</arg>
<arg>YT</arg>
<arg>ZA</arg>
<arg>ZM</arg>
<arg>ZW</arg>
<doc>Returns a list containing given items.</doc>
<status status="PASS" start="2024-08-05T03:17:25.403465" elapsed="0.000613"/>
</kw>
<kw name="List Should Contain Value" owner="Collections">
<arg>${list_country}</arg>
<arg>${name_country}</arg>
<doc>Fails if the ``value`` is not found from ``list``.</doc>
<status status="PASS" start="2024-08-05T03:17:25.405095" elapsed="0.000206"/>
</kw>
<kw name="Run Keyword If" owner="BuiltIn">
<kw name="Should Be True" owner="BuiltIn">
<arg>${True}</arg>
<doc>Fails if the given condition is not true.</doc>
<status status="PASS" start="2024-08-05T03:17:25.406233" elapsed="0.000142"/>
</kw>
<arg>${json_data["results"][0]["location"]["coordinates"]["latitude"]} &gt;= -90 and ${json_data["results"][0]["location"]["coordinates"]["latitude"]} &lt;= 90</arg>
<arg>Should Be True</arg>
<arg>${True}</arg>
<doc>Runs the given keyword with the given arguments, if ``condition`` is true.</doc>
<status status="PASS" start="2024-08-05T03:17:25.405499" elapsed="0.001002"/>
</kw>
<kw name="Run Keyword If" owner="BuiltIn">
<kw name="Should Be True" owner="BuiltIn">
<arg>${True}</arg>
<doc>Fails if the given condition is not true.</doc>
<status status="PASS" start="2024-08-05T03:17:25.407357" elapsed="0.000135"/>
</kw>
<arg>${json_data["results"][0]["location"]["coordinates"]["longitude"]} &gt;= -180 and ${json_data["results"][0]["location"]["coordinates"]["longitude"]} &lt;= 180</arg>
<arg>Should Be True</arg>
<arg>${True}</arg>
<doc>Runs the given keyword with the given arguments, if ``condition`` is true.</doc>
<status status="PASS" start="2024-08-05T03:17:25.406679" elapsed="0.000939"/>
</kw>
<status status="PASS" start="2024-08-05T03:17:25.305306" elapsed="0.102442"/>
</kw>
<doc>Testa o conteúdo específico dos campos retornados pela API.</doc>
<tag>testeConteudo</tag>
<status status="PASS" start="2024-08-05T03:17:25.304682" elapsed="0.103215"/>
</test>
<status status="PASS" start="2024-08-05T03:17:24.388947" elapsed="1.020872"/>
</suite>
<status status="PASS" start="2024-08-05T03:17:24.374684" elapsed="1.040266"/>
</suite>
<statistics>
<total>
<stat pass="5" fail="0" skip="0">All Tests</stat>
</total>
<tag>
<stat pass="1" fail="0" skip="0">testeConteudo</stat>
<stat pass="1" fail="0" skip="0">testeEstruturaResposta</stat>
<stat pass="1" fail="0" skip="0">testeRequisicaoBasica</stat>
<stat pass="1" fail="0" skip="0">testeTiposDados</stat>
</tag>
<suite>
<stat pass="5" fail="0" skip="0" id="s1" name="Tests">Tests</stat>
<stat pass="5" fail="0" skip="0" id="s1-s1" name="Random-User-Test">Tests.Random-User-Test</stat>
</suite>
</statistics>
<errors>
</errors>
</robot>
