<?xml version="1.0" encoding="UTF-8"?>
<robot generator="Robot 7.0 (Python 3.12.3 on linux)" generated="2024-06-08T18:18:26.669728" rpa="false" schemaversion="5">
<suite id="s1" name="Tests" source="/home/runner/work/ApiRandomUser/ApiRandomUser/RamdonUser/tests">
<suite id="s1-s1" name="Random-User-Test" source="/home/runner/work/ApiRandomUser/ApiRandomUser/RamdonUser/tests/random-user-test.robot">
<test id="s1-s1-t1" name="Conectar" line="13">
<kw name="Conectar API" owner="random-user-service">
<kw name="Create Session" owner="RequestsLibrary">
<msg time="2024-06-08T18:18:27.081253" level="INFO">Creating Session using : alias=consultarAPI, url=https://randomuser.me/, headers={},                     cookies={}, auth=None, timeout=None, proxies=None, verify=False,                     debug=0 </msg>
<arg>consultarAPI</arg>
<arg>${URL}</arg>
<doc>Create Session: create a HTTP session to a server</doc>
<status status="PASS" start="2024-06-08T18:18:27.081004" elapsed="0.000438"/>
</kw>
<status status="PASS" start="2024-06-08T18:18:27.080012" elapsed="0.001786"/>
</kw>
<status status="PASS" start="2024-06-08T18:18:27.079416" elapsed="0.002578"/>
</test>
<test id="s1-s1-t2" name="Validar retorno 200 e JSON Válido" line="16">
<kw name="Teste de Requisicao Basica" owner="random-user-service">
<kw name="GET On Session" owner="RequestsLibrary">
<msg time="2024-06-08T18:18:27.157863" level="INFO">GET Request : url=https://randomuser.me/api 
 path_url=/api 
 headers={'User-Agent': 'python-requests/2.32.3', 'Accept-Encoding': 'gzip, deflate', 'Accept': '*/*', 'Connection': 'keep-alive'} 
 body=None 
 </msg>
<msg time="2024-06-08T18:18:27.157967" level="INFO">GET Response : url=https://randomuser.me/api 
 status=200, reason=OK 
 headers={'Date': 'Sat, 08 Jun 2024 18:18:27 GMT', 'Content-Type': 'application/json; charset=utf-8', 'Transfer-Encoding': 'chunked', 'Connection': 'keep-alive', 'X-Powered-By': 'Express', 'Access-Control-Allow-Origin': '*', 'Cache-Control': 'no-cache', 'ETag': 'W/"4a3-w8gPxrd5t8GXDZdejNiqsETS3wE"', 'Vary': 'Accept-Encoding', 'Content-Encoding': 'gzip', 'CF-Cache-Status': 'DYNAMIC', 'Report-To': '{"endpoints":[{"url":"https:\\/\\/a.nel.cloudflare.com\\/report\\/v4?s=hjpYsWPwvIvoYZT34rrfsj0G68Um%2FrJlirYN0%2Fk9g2J79LX0yPoV0edXqj19jsNnOOBNKbGKDj0ijWNdC4R6VNX44jCx8lqV7RgQCt0AfXuwwNuIzYAtcwfqkDYZkovU"}],"group":"cf-nel","max_age":604800}', 'NEL': '{"success_fraction":0,"report_to":"cf-nel","max_age":604800}', 'Server': 'cloudflare', 'CF-RAY': '890ae26f8a932c48-ORD', 'alt-svc': 'h3=":443"; ma=86400'} 
 body={"results":[{"gender":"female","name":{"title":"Miss","first":"Emilia","last":"Perala"},"location":{"street":{"number":951,"name":"Hämeenkatu"},"city":"Tuusula","state":"Southern Savonia","country":"Finland","postcode":47878,"coordinates":{"latitude":"-27.3158","longitude":"93.4399"},"timezone":{"offset":"+1:00","description":"Brussels, Copenhagen, Madrid, Paris"}},"email":"emilia.perala@example.com","login":{"uuid":"3b0713ec-6d27-4033-91a9-bd8ec46216c5","username":"organicpeacock848","password":"oldman","salt":"ZjEcppwg","md5":"d3d5b738487e6afc24913b472f76a916","sha1":"b6531aaa4d2183d4dd33e7bf24922cab6b059eb7","sha256":"7453712b9aa81981e041d0d634a506505aa4a23b6c241c975279c209fa2b6a92"},"dob":{"date":"1973-03-12T04:10:06.423Z","age":51},"registered":{"date":"2020-01-23T03:38:06.915Z","age":4},"phone":"04-410-373","cell":"043-075-92-51","id":{"name":"HETU","value":"NaNNA002undefined"},"picture":{"large":"https://randomuser.me/api/portraits/women/77.jpg","medium":"https://randomuser.me/api/portraits/med/women/77.jpg","thumbnail":"https://randomuser.me/api/portraits/thumb/women/77.jpg"},"nat":"FI"}],"info":{"seed":"bcd66146b7b4311f","results":1,"page":1,"version":"1.4"}} 
 </msg>
<msg time="2024-06-08T18:18:27.158036" level="INFO">/opt/hostedtoolcache/Python/3.12.3/x64/lib/python3.12/site-packages/urllib3/connectionpool.py:1103: InsecureRequestWarning: Unverified HTTPS request is being made to host 'randomuser.me'. Adding certificate verification is strongly advised. See: https://urllib3.readthedocs.io/en/latest/advanced-usage.html#tls-warnings
  warnings.warn(</msg>
<msg time="2024-06-08T18:18:27.158158" level="INFO">${response} = &lt;Response [200]&gt;</msg>
<var>${response}</var>
<arg>consultarAPI</arg>
<arg>/api</arg>
<doc>Sends a GET request on a previously created HTTP Session.</doc>
<status status="PASS" start="2024-06-08T18:18:27.084711" elapsed="0.073487"/>
</kw>
<kw name="Should Be Equal As Numbers" owner="BuiltIn">
<msg time="2024-06-08T18:18:27.159161" level="INFO">Argument types are:
&lt;class 'int'&gt;
&lt;class 'str'&gt;</msg>
<arg>${response.status_code}</arg>
<arg>200</arg>
<doc>Fails if objects are unequal after converting them to real numbers.</doc>
<status status="PASS" start="2024-06-08T18:18:27.158675" elapsed="0.000552"/>
</kw>
<kw name="Log" owner="BuiltIn">
<msg time="2024-06-08T18:18:27.159943" level="INFO">200</msg>
<arg>${response.status_code}</arg>
<doc>Logs the given message with the given level.</doc>
<status status="PASS" start="2024-06-08T18:18:27.159582" elapsed="0.000409"/>
</kw>
<kw name="Set Variable" owner="BuiltIn">
<msg time="2024-06-08T18:18:27.160786" level="INFO">${json_data} = {'results': [{'gender': 'female', 'name': {'title': 'Miss', 'first': 'Emilia', 'last': 'Perala'}, 'location': {'street': {'number': 951, 'name': 'Hämeenkatu'}, 'city': 'Tuusula', 'state': 'Southern Sa...</msg>
<var>${json_data}</var>
<arg>${response.json()}</arg>
<doc>Returns the given values which can then be assigned to a variables.</doc>
<status status="PASS" start="2024-06-08T18:18:27.160335" elapsed="0.000481"/>
</kw>
<kw name="Dictionary Should Contain Key" owner="Collections">
<msg time="2024-06-08T18:18:27.161296" level="INFO">False</msg>
<arg>${json_data}</arg>
<arg>results</arg>
<doc>Fails if ``key`` is not found from ``dictionary``.</doc>
<status status="PASS" start="2024-06-08T18:18:27.161127" elapsed="0.000210"/>
</kw>
<status status="PASS" start="2024-06-08T18:18:27.084460" elapsed="0.077130"/>
</kw>
<doc>Testa se a API responde corretamente e retorna um objeto JSON válido.</doc>
<tag>testeRequisicaoBasica</tag>
<status status="PASS" start="2024-06-08T18:18:27.083900" elapsed="0.077866"/>
</test>
<test id="s1-s1-t3" name="Validar estrutura de resposta" line="22">
<kw name="Teste de Estrutura de Resposta" owner="random-user-service">
<kw name="GET On Session" owner="RequestsLibrary">
<msg time="2024-06-08T18:18:27.259224" level="INFO">GET Request : url=https://randomuser.me/api 
 path_url=/api 
 headers={'User-Agent': 'python-requests/2.32.3', 'Accept-Encoding': 'gzip, deflate', 'Accept': '*/*', 'Connection': 'keep-alive'} 
 body=None 
 </msg>
<msg time="2024-06-08T18:18:27.259314" level="INFO">GET Response : url=https://randomuser.me/api 
 status=200, reason=OK 
 headers={'Date': 'Sat, 08 Jun 2024 18:18:27 GMT', 'Content-Type': 'application/json; charset=utf-8', 'Transfer-Encoding': 'chunked', 'Connection': 'keep-alive', 'X-Powered-By': 'Express', 'Access-Control-Allow-Origin': '*', 'Cache-Control': 'no-cache', 'ETag': 'W/"499-qP1jRwlZUhdin9hcI1yWdga7TnA"', 'Vary': 'Accept-Encoding', 'Content-Encoding': 'gzip', 'CF-Cache-Status': 'DYNAMIC', 'Report-To': '{"endpoints":[{"url":"https:\\/\\/a.nel.cloudflare.com\\/report\\/v4?s=A9eS8QNj%2Ft3NuZsNme2kQXnWJANIXlOsjI4uhun68%2BCn1zUpK7BfK7lnIO8NrFiapM6IrbxPYPlPGZSCqdX0vTshwVIVBGMTc90afLHz%2FYuneLK3KXISl5%2FpQLwC092K"}],"group":"cf-nel","max_age":604800}', 'NEL': '{"success_fraction":0,"report_to":"cf-nel","max_age":604800}', 'Server': 'cloudflare', 'CF-RAY': '890ae26fcb152c48-ORD', 'alt-svc': 'h3=":443"; ma=86400'} 
 body={"results":[{"gender":"male","name":{"title":"Mr","first":"علی رضا","last":"گلشن"},"location":{"street":{"number":915,"name":"میدان ولیعصر (عج)"},"city":"دزفول","state":"فارس","country":"Iran","postcode":57989,"coordinates":{"latitude":"18.5476","longitude":"-176.7877"},"timezone":{"offset":"-3:00","description":"Brazil, Buenos Aires, Georgetown"}},"email":"aalyrd.glshn@example.com","login":{"uuid":"ae51c678-5fe5-4975-9951-18e80c0c8dce","username":"greenbutterfly206","password":"midori","salt":"t76uLDvu","md5":"110c39e75e773f3bd31fbb30c58953e0","sha1":"dbb85ae88f88f196b7db1511a7a31764a91fafa2","sha256":"01197c31cf70c508f4ae510e09206ab437779224dd41b60e6ea81014e1b8cb49"},"dob":{"date":"1975-05-09T17:14:02.986Z","age":49},"registered":{"date":"2020-05-26T16:39:08.048Z","age":4},"phone":"007-07587901","cell":"0929-522-3496","id":{"name":"","value":null},"picture":{"large":"https://randomuser.me/api/portraits/men/55.jpg","medium":"https://randomuser.me/api/portraits/med/men/55.jpg","thumbnail":"https://randomuser.me/api/portraits/thumb/men/55.jpg"},"nat":"IR"}],"info":{"seed":"8adb74668a6fb1b8","results":1,"page":1,"version":"1.4"}} 
 </msg>
<msg time="2024-06-08T18:18:27.259440" level="INFO">/opt/hostedtoolcache/Python/3.12.3/x64/lib/python3.12/site-packages/urllib3/connectionpool.py:1103: InsecureRequestWarning: Unverified HTTPS request is being made to host 'randomuser.me'. Adding certificate verification is strongly advised. See: https://urllib3.readthedocs.io/en/latest/advanced-usage.html#tls-warnings
  warnings.warn(</msg>
<msg time="2024-06-08T18:18:27.259569" level="INFO">${response} = &lt;Response [200]&gt;</msg>
<var>${response}</var>
<arg>consultarAPI</arg>
<arg>/api</arg>
<doc>Sends a GET request on a previously created HTTP Session.</doc>
<status status="PASS" start="2024-06-08T18:18:27.164418" elapsed="0.095207"/>
</kw>
<kw name="Set Variable" owner="BuiltIn">
<msg time="2024-06-08T18:18:27.260906" level="INFO">${json_data} = {'results': [{'gender': 'male', 'name': {'title': 'Mr', 'first': 'علی رضا', 'last': 'گلشن'}, 'location': {'street': {'number': 915, 'name': 'میدان ولیعصر (عج)'}, 'city': 'دزفول', 'state': 'فارس', 'cou...</msg>
<var>${json_data}</var>
<arg>${response.json()}</arg>
<doc>Returns the given values which can then be assigned to a variables.</doc>
<status status="PASS" start="2024-06-08T18:18:27.260306" elapsed="0.000633"/>
</kw>
<kw name="Log" owner="BuiltIn">
<msg time="2024-06-08T18:18:27.261422" level="INFO">{'results': [{'gender': 'male', 'name': {'title': 'Mr', 'first': 'علی رضا', 'last': 'گلشن'}, 'location': {'street': {'number': 915, 'name': 'میدان ولیعصر (عج)'}, 'city': 'دزفول', 'state': 'فارس', 'country': 'Iran', 'postcode': 57989, 'coordinates': {'latitude': '18.5476', 'longitude': '-176.7877'}, 'timezone': {'offset': '-3:00', 'description': 'Brazil, Buenos Aires, Georgetown'}}, 'email': 'aalyrd.glshn@example.com', 'login': {'uuid': 'ae51c678-5fe5-4975-9951-18e80c0c8dce', 'username': 'greenbutterfly206', 'password': 'midori', 'salt': 't76uLDvu', 'md5': '110c39e75e773f3bd31fbb30c58953e0', 'sha1': 'dbb85ae88f88f196b7db1511a7a31764a91fafa2', 'sha256': '01197c31cf70c508f4ae510e09206ab437779224dd41b60e6ea81014e1b8cb49'}, 'dob': {'date': '1975-05-09T17:14:02.986Z', 'age': 49}, 'registered': {'date': '2020-05-26T16:39:08.048Z', 'age': 4}, 'phone': '007-07587901', 'cell': '0929-522-3496', 'id': {'name': '', 'value': None}, 'picture': {'large': 'https://randomuser.me/api/portraits/men/55.jpg', 'medium': 'https://randomuser.me/api/portraits/med/men/55.jpg', 'thumbnail': 'https://randomuser.me/api/portraits/thumb/men/55.jpg'}, 'nat': 'IR'}], 'info': {'seed': '8adb74668a6fb1b8', 'results': 1, 'page': 1, 'version': '1.4'}}</msg>
<arg>${json_data}</arg>
<doc>Logs the given message with the given level.</doc>
<status status="PASS" start="2024-06-08T18:18:27.261253" elapsed="0.000226"/>
</kw>
<kw name="Dictionary Should Contain Key" owner="Collections">
<msg time="2024-06-08T18:18:27.261941" level="INFO">False</msg>
<arg>${json_data}</arg>
<arg>results</arg>
<doc>Fails if ``key`` is not found from ``dictionary``.</doc>
<status status="PASS" start="2024-06-08T18:18:27.261778" elapsed="0.000201"/>
</kw>
<kw name="Should Not Be Empty" owner="BuiltIn">
<msg time="2024-06-08T18:18:27.262409" level="INFO">Length is 2.</msg>
<arg>${json_data}</arg>
<doc>Verifies that the given item is not empty.</doc>
<status status="PASS" start="2024-06-08T18:18:27.262274" elapsed="0.000175"/>
</kw>
<kw name="Create List" owner="BuiltIn">
<msg time="2024-06-08T18:18:27.263019" level="INFO">${expected_keys} = ['gender', 'name', 'location', 'email', 'login']</msg>
<var>${expected_keys}</var>
<arg>gender</arg>
<arg>name</arg>
<arg>location</arg>
<arg>email</arg>
<arg>login</arg>
<doc>Returns a list containing given items.</doc>
<status status="PASS" start="2024-06-08T18:18:27.262743" elapsed="0.000302"/>
</kw>
<for flavor="IN">
<iter>
<kw name="Dictionary Should Contain Key" owner="Collections">
<msg time="2024-06-08T18:18:27.264042" level="INFO">False</msg>
<arg>${json_data['results'][0]}</arg>
<arg>${key}</arg>
<doc>Fails if ``key`` is not found from ``dictionary``.</doc>
<status status="PASS" start="2024-06-08T18:18:27.263634" elapsed="0.000448"/>
</kw>
<kw name="Log" owner="BuiltIn">
<msg time="2024-06-08T18:18:27.264799" level="INFO">{'gender': 'male', 'name': {'title': 'Mr', 'first': 'علی رضا', 'last': 'گلشن'}, 'location': {'street': {'number': 915, 'name': 'میدان ولیعصر (عج)'}, 'city': 'دزفول', 'state': 'فارس', 'country': 'Iran', 'postcode': 57989, 'coordinates': {'latitude': '18.5476', 'longitude': '-176.7877'}, 'timezone': {'offset': '-3:00', 'description': 'Brazil, Buenos Aires, Georgetown'}}, 'email': 'aalyrd.glshn@example.com', 'login': {'uuid': 'ae51c678-5fe5-4975-9951-18e80c0c8dce', 'username': 'greenbutterfly206', 'password': 'midori', 'salt': 't76uLDvu', 'md5': '110c39e75e773f3bd31fbb30c58953e0', 'sha1': 'dbb85ae88f88f196b7db1511a7a31764a91fafa2', 'sha256': '01197c31cf70c508f4ae510e09206ab437779224dd41b60e6ea81014e1b8cb49'}, 'dob': {'date': '1975-05-09T17:14:02.986Z', 'age': 49}, 'registered': {'date': '2020-05-26T16:39:08.048Z', 'age': 4}, 'phone': '007-07587901', 'cell': '0929-522-3496', 'id': {'name': '', 'value': None}, 'picture': {'large': 'https://randomuser.me/api/portraits/men/55.jpg', 'medium': 'https://randomuser.me/api/portraits/med/men/55.jpg', 'thumbnail': 'https://randomuser.me/api/portraits/thumb/men/55.jpg'}, 'nat': 'IR'}</msg>
<arg>${json_data['results'][0]}</arg>
<doc>Logs the given message with the given level.</doc>
<status status="PASS" start="2024-06-08T18:18:27.264419" elapsed="0.000442"/>
</kw>
<kw name="Log" owner="BuiltIn">
<msg time="2024-06-08T18:18:27.265299" level="INFO">gender</msg>
<arg>${key}</arg>
<doc>Logs the given message with the given level.</doc>
<status status="PASS" start="2024-06-08T18:18:27.265167" elapsed="0.000170"/>
</kw>
<var name="${key}">gender</var>
<status status="PASS" start="2024-06-08T18:18:27.263502" elapsed="0.002053"/>
</iter>
<iter>
<kw name="Dictionary Should Contain Key" owner="Collections">
<msg time="2024-06-08T18:18:27.266255" level="INFO">False</msg>
<arg>${json_data['results'][0]}</arg>
<arg>${key}</arg>
<doc>Fails if ``key`` is not found from ``dictionary``.</doc>
<status status="PASS" start="2024-06-08T18:18:27.265865" elapsed="0.000429"/>
</kw>
<kw name="Log" owner="BuiltIn">
<msg time="2024-06-08T18:18:27.266986" level="INFO">{'gender': 'male', 'name': {'title': 'Mr', 'first': 'علی رضا', 'last': 'گلشن'}, 'location': {'street': {'number': 915, 'name': 'میدان ولیعصر (عج)'}, 'city': 'دزفول', 'state': 'فارس', 'country': 'Iran', 'postcode': 57989, 'coordinates': {'latitude': '18.5476', 'longitude': '-176.7877'}, 'timezone': {'offset': '-3:00', 'description': 'Brazil, Buenos Aires, Georgetown'}}, 'email': 'aalyrd.glshn@example.com', 'login': {'uuid': 'ae51c678-5fe5-4975-9951-18e80c0c8dce', 'username': 'greenbutterfly206', 'password': 'midori', 'salt': 't76uLDvu', 'md5': '110c39e75e773f3bd31fbb30c58953e0', 'sha1': 'dbb85ae88f88f196b7db1511a7a31764a91fafa2', 'sha256': '01197c31cf70c508f4ae510e09206ab437779224dd41b60e6ea81014e1b8cb49'}, 'dob': {'date': '1975-05-09T17:14:02.986Z', 'age': 49}, 'registered': {'date': '2020-05-26T16:39:08.048Z', 'age': 4}, 'phone': '007-07587901', 'cell': '0929-522-3496', 'id': {'name': '', 'value': None}, 'picture': {'large': 'https://randomuser.me/api/portraits/men/55.jpg', 'medium': 'https://randomuser.me/api/portraits/med/men/55.jpg', 'thumbnail': 'https://randomuser.me/api/portraits/thumb/men/55.jpg'}, 'nat': 'IR'}</msg>
<arg>${json_data['results'][0]}</arg>
<doc>Logs the given message with the given level.</doc>
<status status="PASS" start="2024-06-08T18:18:27.266621" elapsed="0.000422"/>
</kw>
<kw name="Log" owner="BuiltIn">
<msg time="2024-06-08T18:18:27.267470" level="INFO">name</msg>
<arg>${key}</arg>
<doc>Logs the given message with the given level.</doc>
<status status="PASS" start="2024-06-08T18:18:27.267342" elapsed="0.000166"/>
</kw>
<var name="${key}">name</var>
<status status="PASS" start="2024-06-08T18:18:27.265743" elapsed="0.001982"/>
</iter>
<iter>
<kw name="Dictionary Should Contain Key" owner="Collections">
<msg time="2024-06-08T18:18:27.268443" level="INFO">False</msg>
<arg>${json_data['results'][0]}</arg>
<arg>${key}</arg>
<doc>Fails if ``key`` is not found from ``dictionary``.</doc>
<status status="PASS" start="2024-06-08T18:18:27.268022" elapsed="0.000460"/>
</kw>
<kw name="Log" owner="BuiltIn">
<msg time="2024-06-08T18:18:27.269150" level="INFO">{'gender': 'male', 'name': {'title': 'Mr', 'first': 'علی رضا', 'last': 'گلشن'}, 'location': {'street': {'number': 915, 'name': 'میدان ولیعصر (عج)'}, 'city': 'دزفول', 'state': 'فارس', 'country': 'Iran', 'postcode': 57989, 'coordinates': {'latitude': '18.5476', 'longitude': '-176.7877'}, 'timezone': {'offset': '-3:00', 'description': 'Brazil, Buenos Aires, Georgetown'}}, 'email': 'aalyrd.glshn@example.com', 'login': {'uuid': 'ae51c678-5fe5-4975-9951-18e80c0c8dce', 'username': 'greenbutterfly206', 'password': 'midori', 'salt': 't76uLDvu', 'md5': '110c39e75e773f3bd31fbb30c58953e0', 'sha1': 'dbb85ae88f88f196b7db1511a7a31764a91fafa2', 'sha256': '01197c31cf70c508f4ae510e09206ab437779224dd41b60e6ea81014e1b8cb49'}, 'dob': {'date': '1975-05-09T17:14:02.986Z', 'age': 49}, 'registered': {'date': '2020-05-26T16:39:08.048Z', 'age': 4}, 'phone': '007-07587901', 'cell': '0929-522-3496', 'id': {'name': '', 'value': None}, 'picture': {'large': 'https://randomuser.me/api/portraits/men/55.jpg', 'medium': 'https://randomuser.me/api/portraits/med/men/55.jpg', 'thumbnail': 'https://randomuser.me/api/portraits/thumb/men/55.jpg'}, 'nat': 'IR'}</msg>
<arg>${json_data['results'][0]}</arg>
<doc>Logs the given message with the given level.</doc>
<status status="PASS" start="2024-06-08T18:18:27.268788" elapsed="0.000423"/>
</kw>
<kw name="Log" owner="BuiltIn">
<msg time="2024-06-08T18:18:27.269647" level="INFO">location</msg>
<arg>${key}</arg>
<doc>Logs the given message with the given level.</doc>
<status status="PASS" start="2024-06-08T18:18:27.269518" elapsed="0.000166"/>
</kw>
<var name="${key}">location</var>
<status status="PASS" start="2024-06-08T18:18:27.267905" elapsed="0.001993"/>
</iter>
<iter>
<kw name="Dictionary Should Contain Key" owner="Collections">
<msg time="2024-06-08T18:18:27.270572" level="INFO">False</msg>
<arg>${json_data['results'][0]}</arg>
<arg>${key}</arg>
<doc>Fails if ``key`` is not found from ``dictionary``.</doc>
<status status="PASS" start="2024-06-08T18:18:27.270194" elapsed="0.000415"/>
</kw>
<kw name="Log" owner="BuiltIn">
<msg time="2024-06-08T18:18:27.271282" level="INFO">{'gender': 'male', 'name': {'title': 'Mr', 'first': 'علی رضا', 'last': 'گلشن'}, 'location': {'street': {'number': 915, 'name': 'میدان ولیعصر (عج)'}, 'city': 'دزفول', 'state': 'فارس', 'country': 'Iran', 'postcode': 57989, 'coordinates': {'latitude': '18.5476', 'longitude': '-176.7877'}, 'timezone': {'offset': '-3:00', 'description': 'Brazil, Buenos Aires, Georgetown'}}, 'email': 'aalyrd.glshn@example.com', 'login': {'uuid': 'ae51c678-5fe5-4975-9951-18e80c0c8dce', 'username': 'greenbutterfly206', 'password': 'midori', 'salt': 't76uLDvu', 'md5': '110c39e75e773f3bd31fbb30c58953e0', 'sha1': 'dbb85ae88f88f196b7db1511a7a31764a91fafa2', 'sha256': '01197c31cf70c508f4ae510e09206ab437779224dd41b60e6ea81014e1b8cb49'}, 'dob': {'date': '1975-05-09T17:14:02.986Z', 'age': 49}, 'registered': {'date': '2020-05-26T16:39:08.048Z', 'age': 4}, 'phone': '007-07587901', 'cell': '0929-522-3496', 'id': {'name': '', 'value': None}, 'picture': {'large': 'https://randomuser.me/api/portraits/men/55.jpg', 'medium': 'https://randomuser.me/api/portraits/med/men/55.jpg', 'thumbnail': 'https://randomuser.me/api/portraits/thumb/men/55.jpg'}, 'nat': 'IR'}</msg>
<arg>${json_data['results'][0]}</arg>
<doc>Logs the given message with the given level.</doc>
<status status="PASS" start="2024-06-08T18:18:27.270911" elapsed="0.000432"/>
</kw>
<kw name="Log" owner="BuiltIn">
<msg time="2024-06-08T18:18:27.271775" level="INFO">email</msg>
<arg>${key}</arg>
<doc>Logs the given message with the given level.</doc>
<status status="PASS" start="2024-06-08T18:18:27.271644" elapsed="0.000170"/>
</kw>
<var name="${key}">email</var>
<status status="PASS" start="2024-06-08T18:18:27.270073" elapsed="0.001955"/>
</iter>
<iter>
<kw name="Dictionary Should Contain Key" owner="Collections">
<msg time="2024-06-08T18:18:27.272728" level="INFO">False</msg>
<arg>${json_data['results'][0]}</arg>
<arg>${key}</arg>
<doc>Fails if ``key`` is not found from ``dictionary``.</doc>
<status status="PASS" start="2024-06-08T18:18:27.272342" elapsed="0.000424"/>
</kw>
<kw name="Log" owner="BuiltIn">
<msg time="2024-06-08T18:18:27.273447" level="INFO">{'gender': 'male', 'name': {'title': 'Mr', 'first': 'علی رضا', 'last': 'گلشن'}, 'location': {'street': {'number': 915, 'name': 'میدان ولیعصر (عج)'}, 'city': 'دزفول', 'state': 'فارس', 'country': 'Iran', 'postcode': 57989, 'coordinates': {'latitude': '18.5476', 'longitude': '-176.7877'}, 'timezone': {'offset': '-3:00', 'description': 'Brazil, Buenos Aires, Georgetown'}}, 'email': 'aalyrd.glshn@example.com', 'login': {'uuid': 'ae51c678-5fe5-4975-9951-18e80c0c8dce', 'username': 'greenbutterfly206', 'password': 'midori', 'salt': 't76uLDvu', 'md5': '110c39e75e773f3bd31fbb30c58953e0', 'sha1': 'dbb85ae88f88f196b7db1511a7a31764a91fafa2', 'sha256': '01197c31cf70c508f4ae510e09206ab437779224dd41b60e6ea81014e1b8cb49'}, 'dob': {'date': '1975-05-09T17:14:02.986Z', 'age': 49}, 'registered': {'date': '2020-05-26T16:39:08.048Z', 'age': 4}, 'phone': '007-07587901', 'cell': '0929-522-3496', 'id': {'name': '', 'value': None}, 'picture': {'large': 'https://randomuser.me/api/portraits/men/55.jpg', 'medium': 'https://randomuser.me/api/portraits/med/men/55.jpg', 'thumbnail': 'https://randomuser.me/api/portraits/thumb/men/55.jpg'}, 'nat': 'IR'}</msg>
<arg>${json_data['results'][0]}</arg>
<doc>Logs the given message with the given level.</doc>
<status status="PASS" start="2024-06-08T18:18:27.273071" elapsed="0.000428"/>
</kw>
<kw name="Log" owner="BuiltIn">
<msg time="2024-06-08T18:18:27.273927" level="INFO">login</msg>
<arg>${key}</arg>
<doc>Logs the given message with the given level.</doc>
<status status="PASS" start="2024-06-08T18:18:27.273798" elapsed="0.000168"/>
</kw>
<var name="${key}">login</var>
<status status="PASS" start="2024-06-08T18:18:27.272220" elapsed="0.001988"/>
</iter>
<var>${key}</var>
<value>@{expected_keys}</value>
<status status="PASS" start="2024-06-08T18:18:27.263313" elapsed="0.011022"/>
</for>
<kw name="Create List" owner="BuiltIn">
<msg time="2024-06-08T18:18:27.274683" level="INFO">${expected_keysTwo} = ['username', 'password']</msg>
<var>${expected_keysTwo}</var>
<arg>username</arg>
<arg>password</arg>
<doc>Returns a list containing given items.</doc>
<status status="PASS" start="2024-06-08T18:18:27.274532" elapsed="0.000181"/>
</kw>
<for flavor="IN">
<iter>
<kw name="Dictionary Should Contain Key" owner="Collections">
<msg time="2024-06-08T18:18:27.275656" level="INFO">False</msg>
<arg>${json_data['results'][0]['login']}</arg>
<arg>${keyTwo}</arg>
<doc>Fails if ``key`` is not found from ``dictionary``.</doc>
<status status="PASS" start="2024-06-08T18:18:27.275261" elapsed="0.000433"/>
</kw>
<kw name="Dictionary Should Contain Key" owner="Collections">
<msg time="2024-06-08T18:18:27.276420" level="INFO">False</msg>
<arg>${json_data['results'][0]['login']}</arg>
<arg>${keyTwo}</arg>
<doc>Fails if ``key`` is not found from ``dictionary``.</doc>
<status status="PASS" start="2024-06-08T18:18:27.276001" elapsed="0.000457"/>
</kw>
<kw name="Log" owner="BuiltIn">
<msg time="2024-06-08T18:18:27.276888" level="INFO">username</msg>
<arg>${keyTwo}</arg>
<doc>Logs the given message with the given level.</doc>
<status status="PASS" start="2024-06-08T18:18:27.276756" elapsed="0.000170"/>
</kw>
<var name="${keyTwo}">username</var>
<status status="PASS" start="2024-06-08T18:18:27.275145" elapsed="0.001996"/>
</iter>
<iter>
<kw name="Dictionary Should Contain Key" owner="Collections">
<msg time="2024-06-08T18:18:27.277826" level="INFO">False</msg>
<arg>${json_data['results'][0]['login']}</arg>
<arg>${keyTwo}</arg>
<doc>Fails if ``key`` is not found from ``dictionary``.</doc>
<status status="PASS" start="2024-06-08T18:18:27.277437" elapsed="0.000428"/>
</kw>
<kw name="Dictionary Should Contain Key" owner="Collections">
<msg time="2024-06-08T18:18:27.278624" level="INFO">False</msg>
<arg>${json_data['results'][0]['login']}</arg>
<arg>${keyTwo}</arg>
<doc>Fails if ``key`` is not found from ``dictionary``.</doc>
<status status="PASS" start="2024-06-08T18:18:27.278163" elapsed="0.000500"/>
</kw>
<kw name="Log" owner="BuiltIn">
<msg time="2024-06-08T18:18:27.279094" level="INFO">password</msg>
<arg>${keyTwo}</arg>
<doc>Logs the given message with the given level.</doc>
<status status="PASS" start="2024-06-08T18:18:27.278965" elapsed="0.000166"/>
</kw>
<var name="${keyTwo}">password</var>
<status status="PASS" start="2024-06-08T18:18:27.277314" elapsed="0.002031"/>
</iter>
<var>${keyTwo}</var>
<value>@{expected_keysTwo}</value>
<status status="PASS" start="2024-06-08T18:18:27.274976" elapsed="0.004488"/>
</for>
<status status="PASS" start="2024-06-08T18:18:27.164153" elapsed="0.115448"/>
</kw>
<doc>Testa a estrutura da resposta da API.</doc>
<tag>testeEstruturaResposta</tag>
<status status="PASS" start="2024-06-08T18:18:27.163589" elapsed="0.116159"/>
</test>
<test id="s1-s1-t4" name="Validar tipos de dados" line="28">
<kw name="Teste de Tipos de Dados" owner="random-user-service">
<kw name="GET On Session" owner="RequestsLibrary">
<msg time="2024-06-08T18:18:27.364336" level="INFO">GET Request : url=https://randomuser.me/api 
 path_url=/api 
 headers={'User-Agent': 'python-requests/2.32.3', 'Accept-Encoding': 'gzip, deflate', 'Accept': '*/*', 'Connection': 'keep-alive'} 
 body=None 
 </msg>
<msg time="2024-06-08T18:18:27.364415" level="INFO">GET Response : url=https://randomuser.me/api 
 status=200, reason=OK 
 headers={'Date': 'Sat, 08 Jun 2024 18:18:27 GMT', 'Content-Type': 'application/json; charset=utf-8', 'Transfer-Encoding': 'chunked', 'Connection': 'keep-alive', 'X-Powered-By': 'Express', 'Access-Control-Allow-Origin': '*', 'Cache-Control': 'no-cache', 'ETag': 'W/"4a3-aI2rbE/oO7U97xlFpQvnxq1R8j4"', 'Vary': 'Accept-Encoding', 'Content-Encoding': 'gzip', 'CF-Cache-Status': 'DYNAMIC', 'Report-To': '{"endpoints":[{"url":"https:\\/\\/a.nel.cloudflare.com\\/report\\/v4?s=lBoM9z5ewxNiEYuEacFCUHlOIHBCDjBYwjOmzlLKxGl87ArIREr6LST1yyoeiJHnGLg4h%2F%2Fxs8x93Y8AE3DslO%2FoFW5Ck9teICLRXqJyqwwxk2NaaSLScG8La%2BDwEef%2F"}],"group":"cf-nel","max_age":604800}', 'NEL': '{"success_fraction":0,"report_to":"cf-nel","max_age":604800}', 'Server': 'cloudflare', 'CF-RAY': '890ae2708be82c48-ORD', 'alt-svc': 'h3=":443"; ma=86400'} 
 body={"results":[{"gender":"female","name":{"title":"Miss","first":"Francisca","last":"Melo"},"location":{"street":{"number":9424,"name":"Rua Tiradentes "},"city":"Colombo","state":"Maranhão","country":"Brazil","postcode":67607,"coordinates":{"latitude":"-81.2954","longitude":"16.7625"},"timezone":{"offset":"+10:00","description":"Eastern Australia, Guam, Vladivostok"}},"email":"francisca.melo@example.com","login":{"uuid":"590ffd35-a72c-4d0d-ab3a-8c6fdcb65e9e","username":"purpleleopard784","password":"chris","salt":"DjX1bYAS","md5":"dc316b806c43938ccadfc34553826e92","sha1":"2d2279506867baeba47cf6a90c65b0682856c298","sha256":"ade3d4d563dcf33c3cd8d39187531e5647819a8843789df4ca1c7d08e8090d1f"},"dob":{"date":"1968-11-08T11:25:32.203Z","age":55},"registered":{"date":"2021-03-12T10:17:53.679Z","age":3},"phone":"(77) 3396-9279","cell":"(84) 2779-0521","id":{"name":"CPF","value":"796.300.659-98"},"picture":{"large":"https://randomuser.me/api/portraits/women/79.jpg","medium":"https://randomuser.me/api/portraits/med/women/79.jpg","thumbnail":"https://randomuser.me/api/portraits/thumb/women/79.jpg"},"nat":"BR"}],"info":{"seed":"22555df51dd5cbc0","results":1,"page":1,"version":"1.4"}} 
 </msg>
<msg time="2024-06-08T18:18:27.364485" level="INFO">/opt/hostedtoolcache/Python/3.12.3/x64/lib/python3.12/site-packages/urllib3/connectionpool.py:1103: InsecureRequestWarning: Unverified HTTPS request is being made to host 'randomuser.me'. Adding certificate verification is strongly advised. See: https://urllib3.readthedocs.io/en/latest/advanced-usage.html#tls-warnings
  warnings.warn(</msg>
<msg time="2024-06-08T18:18:27.364599" level="INFO">${response} = &lt;Response [200]&gt;</msg>
<var>${response}</var>
<arg>consultarAPI</arg>
<arg>/api</arg>
<doc>Sends a GET request on a previously created HTTP Session.</doc>
<status status="PASS" start="2024-06-08T18:18:27.282287" elapsed="0.082363"/>
</kw>
<kw name="Set Variable" owner="BuiltIn">
<msg time="2024-06-08T18:18:27.365720" level="INFO">${json_data} = {'results': [{'gender': 'female', 'name': {'title': 'Miss', 'first': 'Francisca', 'last': 'Melo'}, 'location': {'street': {'number': 9424, 'name': 'Rua Tiradentes '}, 'city': 'Colombo', 'state': 'Mara...</msg>
<var>${json_data}</var>
<arg>${response.json()}</arg>
<doc>Returns the given values which can then be assigned to a variables.</doc>
<status status="PASS" start="2024-06-08T18:18:27.365164" elapsed="0.000587"/>
</kw>
<kw name="Log" owner="BuiltIn">
<msg time="2024-06-08T18:18:27.366224" level="INFO">{'results': [{'gender': 'female', 'name': {'title': 'Miss', 'first': 'Francisca', 'last': 'Melo'}, 'location': {'street': {'number': 9424, 'name': 'Rua Tiradentes '}, 'city': 'Colombo', 'state': 'Maranhão', 'country': 'Brazil', 'postcode': 67607, 'coordinates': {'latitude': '-81.2954', 'longitude': '16.7625'}, 'timezone': {'offset': '+10:00', 'description': 'Eastern Australia, Guam, Vladivostok'}}, 'email': 'francisca.melo@example.com', 'login': {'uuid': '590ffd35-a72c-4d0d-ab3a-8c6fdcb65e9e', 'username': 'purpleleopard784', 'password': 'chris', 'salt': 'DjX1bYAS', 'md5': 'dc316b806c43938ccadfc34553826e92', 'sha1': '2d2279506867baeba47cf6a90c65b0682856c298', 'sha256': 'ade3d4d563dcf33c3cd8d39187531e5647819a8843789df4ca1c7d08e8090d1f'}, 'dob': {'date': '1968-11-08T11:25:32.203Z', 'age': 55}, 'registered': {'date': '2021-03-12T10:17:53.679Z', 'age': 3}, 'phone': '(77) 3396-9279', 'cell': '(84) 2779-0521', 'id': {'name': 'CPF', 'value': '796.300.659-98'}, 'picture': {'large': 'https://randomuser.me/api/portraits/women/79.jpg', 'medium': 'https://randomuser.me/api/portraits/med/women/79.jpg', 'thumbnail': 'https://randomuser.me/api/portraits/thumb/women/79.jpg'}, 'nat': 'BR'}], 'info': {'seed': '22555df51dd5cbc0', 'results': 1, 'page': 1, 'version': '1.4'}}</msg>
<arg>${json_data}</arg>
<doc>Logs the given message with the given level.</doc>
<status status="PASS" start="2024-06-08T18:18:27.366065" elapsed="0.000240"/>
</kw>
<kw name="Should Be String" owner="String">
<arg>${json_data['results'][0]['gender']}</arg>
<doc>Fails if the given ``item`` is not a string.</doc>
<status status="PASS" start="2024-06-08T18:18:27.366609" elapsed="0.000366"/>
</kw>
<kw name="Should Match Regexp" owner="BuiltIn">
<arg>${json_data['results'][0]['email']}</arg>
<arg>^[a-zA-Z0-9._%+-]+@[a-zA-Z0-9.-]+\.[a-zA-Z]{2,}$</arg>
<doc>Fails if ``string`` does not match ``pattern`` as a regular expression.</doc>
<status status="PASS" start="2024-06-08T18:18:27.367172" elapsed="0.000519"/>
</kw>
<kw name="Should Match Regexp" owner="BuiltIn">
<arg>${json_data['results'][0]['dob']['date']}</arg>
<arg>\\d{4}-\\d{2}-\\d{2}T\\d{2}:\\d{2}:\\d{2}\\.\\d{3}Z</arg>
<doc>Fails if ``string`` does not match ``pattern`` as a regular expression.</doc>
<status status="PASS" start="2024-06-08T18:18:27.367896" elapsed="0.000550"/>
</kw>
<kw name="Should Match Regexp" owner="BuiltIn">
<arg>${json_data['results'][0]['registered']['date']}</arg>
<arg>\\d{4}-\\d{2}-\\d{2}T\\d{2}:\\d{2}:\\d{2}\\.\\d{3}Z</arg>
<doc>Fails if ``string`` does not match ``pattern`` as a regular expression.</doc>
<status status="PASS" start="2024-06-08T18:18:27.368652" elapsed="0.000396"/>
</kw>
<kw name="Should Match Regexp" owner="BuiltIn">
<arg>${json_data['results'][0]['picture']['large']}</arg>
<arg>^https?://.*\.(?:png|jpe?g|gif|bmp)$</arg>
<doc>Fails if ``string`` does not match ``pattern`` as a regular expression.</doc>
<status status="PASS" start="2024-06-08T18:18:27.369242" elapsed="0.000468"/>
</kw>
<kw name="Should Match Regexp" owner="BuiltIn">
<arg>${json_data['results'][0]['picture']['medium']}</arg>
<arg>^https?://.*\.(?:png|jpe?g|gif|bmp)$</arg>
<doc>Fails if ``string`` does not match ``pattern`` as a regular expression.</doc>
<status status="PASS" start="2024-06-08T18:18:27.369907" elapsed="0.000360"/>
</kw>
<kw name="Should Match Regexp" owner="BuiltIn">
<arg>${json_data['results'][0]['picture']['thumbnail']}</arg>
<arg>^https?://.*\.(?:png|jpe?g|gif|bmp)$</arg>
<doc>Fails if ``string`` does not match ``pattern`` as a regular expression.</doc>
<status status="PASS" start="2024-06-08T18:18:27.370457" elapsed="0.000353"/>
</kw>
<kw name="Log" owner="BuiltIn">
<msg time="2024-06-08T18:18:27.371333" level="INFO">{'large': 'https://randomuser.me/api/portraits/women/79.jpg', 'medium': 'https://randomuser.me/api/portraits/med/women/79.jpg', 'thumbnail': 'https://randomuser.me/api/portraits/thumb/women/79.jpg'}</msg>
<arg>${json_data['results'][0]['picture']}</arg>
<doc>Logs the given message with the given level.</doc>
<status status="PASS" start="2024-06-08T18:18:27.371000" elapsed="0.000377"/>
</kw>
<status status="PASS" start="2024-06-08T18:18:27.282061" elapsed="0.089568"/>
</kw>
<kw name="Teste de Tipos de Dados - Postcode" owner="random-user-service">
<kw name="GET On Session" owner="RequestsLibrary">
<msg time="2024-06-08T18:18:27.470214" level="INFO">GET Request : url=https://randomuser.me/api 
 path_url=/api 
 headers={'User-Agent': 'python-requests/2.32.3', 'Accept-Encoding': 'gzip, deflate', 'Accept': '*/*', 'Connection': 'keep-alive'} 
 body=None 
 </msg>
<msg time="2024-06-08T18:18:27.470282" level="INFO">GET Response : url=https://randomuser.me/api 
 status=200, reason=OK 
 headers={'Date': 'Sat, 08 Jun 2024 18:18:27 GMT', 'Content-Type': 'application/json; charset=utf-8', 'Transfer-Encoding': 'chunked', 'Connection': 'keep-alive', 'X-Powered-By': 'Express', 'Access-Control-Allow-Origin': '*', 'Cache-Control': 'no-cache', 'ETag': 'W/"471-qK1xWNGFZBjkQtBH6DXdqwknf3I"', 'Vary': 'Accept-Encoding', 'Content-Encoding': 'gzip', 'CF-Cache-Status': 'DYNAMIC', 'Report-To': '{"endpoints":[{"url":"https:\\/\\/a.nel.cloudflare.com\\/report\\/v4?s=LfEIl780hI76nlY4Da4qeOfRZ2O6FPr%2FXqwlWHBdiy45njOFo0ze1nO9x%2BgiHtgKD4WylCGCO12a2gSyMYHC%2BPDCWsW9sbnqt%2BnlMFinUkUgYBAX50P63o1D6BKmI%2Bh5"}],"group":"cf-nel","max_age":604800}', 'NEL': '{"success_fraction":0,"report_to":"cf-nel","max_age":604800}', 'Server': 'cloudflare', 'CF-RAY': '890ae2711cf12c48-ORD', 'alt-svc': 'h3=":443"; ma=86400'} 
 body={"results":[{"gender":"male","name":{"title":"Mr","first":"Mio","last":"Helle"},"location":{"street":{"number":9297,"name":"Skullerudveien"},"city":"Ormåsen","state":"Telemark","country":"Norway","postcode":"5574","coordinates":{"latitude":"42.4379","longitude":"-75.2433"},"timezone":{"offset":"-1:00","description":"Azores, Cape Verde Islands"}},"email":"mio.helle@example.com","login":{"uuid":"a56ec9c1-cc13-4fd7-af8d-a9ae8a56c945","username":"lazyswan703","password":"weather","salt":"WVfp8ZBx","md5":"4bd02e235441fc72edeaafaac1ec5eb2","sha1":"9e409b0d06a1482ebdca9bdbb7f2465006eae966","sha256":"1ea92f0e56b049f2c2838ea162358d54de83a97dafc87382175303b59fe1608a"},"dob":{"date":"1979-10-26T22:44:10.639Z","age":44},"registered":{"date":"2016-01-14T21:54:35.141Z","age":8},"phone":"66337633","cell":"41053440","id":{"name":"FN","value":"26107928706"},"picture":{"large":"https://randomuser.me/api/portraits/men/89.jpg","medium":"https://randomuser.me/api/portraits/med/men/89.jpg","thumbnail":"https://randomuser.me/api/portraits/thumb/men/89.jpg"},"nat":"NO"}],"info":{"seed":"1000fc58260594ba","results":1,"page":1,"version":"1.4"}} 
 </msg>
<msg time="2024-06-08T18:18:27.470339" level="INFO">/opt/hostedtoolcache/Python/3.12.3/x64/lib/python3.12/site-packages/urllib3/connectionpool.py:1103: InsecureRequestWarning: Unverified HTTPS request is being made to host 'randomuser.me'. Adding certificate verification is strongly advised. See: https://urllib3.readthedocs.io/en/latest/advanced-usage.html#tls-warnings
  warnings.warn(</msg>
<msg time="2024-06-08T18:18:27.470430" level="INFO">${response} = &lt;Response [200]&gt;</msg>
<var>${response}</var>
<arg>consultarAPI</arg>
<arg>/api</arg>
<doc>Sends a GET request on a previously created HTTP Session.</doc>
<status status="PASS" start="2024-06-08T18:18:27.372063" elapsed="0.098394"/>
</kw>
<kw name="Set Variable" owner="BuiltIn">
<msg time="2024-06-08T18:18:27.471345" level="INFO">${json_data} = {'results': [{'gender': 'male', 'name': {'title': 'Mr', 'first': 'Mio', 'last': 'Helle'}, 'location': {'street': {'number': 9297, 'name': 'Skullerudveien'}, 'city': 'Ormåsen', 'state': 'Telemark', 'co...</msg>
<var>${json_data}</var>
<arg>${response.json()}</arg>
<doc>Returns the given values which can then be assigned to a variables.</doc>
<status status="PASS" start="2024-06-08T18:18:27.470868" elapsed="0.000508"/>
</kw>
<kw name="Log" owner="BuiltIn">
<msg time="2024-06-08T18:18:27.471857" level="INFO">{'results': [{'gender': 'male', 'name': {'title': 'Mr', 'first': 'Mio', 'last': 'Helle'}, 'location': {'street': {'number': 9297, 'name': 'Skullerudveien'}, 'city': 'Ormåsen', 'state': 'Telemark', 'country': 'Norway', 'postcode': '5574', 'coordinates': {'latitude': '42.4379', 'longitude': '-75.2433'}, 'timezone': {'offset': '-1:00', 'description': 'Azores, Cape Verde Islands'}}, 'email': 'mio.helle@example.com', 'login': {'uuid': 'a56ec9c1-cc13-4fd7-af8d-a9ae8a56c945', 'username': 'lazyswan703', 'password': 'weather', 'salt': 'WVfp8ZBx', 'md5': '4bd02e235441fc72edeaafaac1ec5eb2', 'sha1': '9e409b0d06a1482ebdca9bdbb7f2465006eae966', 'sha256': '1ea92f0e56b049f2c2838ea162358d54de83a97dafc87382175303b59fe1608a'}, 'dob': {'date': '1979-10-26T22:44:10.639Z', 'age': 44}, 'registered': {'date': '2016-01-14T21:54:35.141Z', 'age': 8}, 'phone': '66337633', 'cell': '41053440', 'id': {'name': 'FN', 'value': '26107928706'}, 'picture': {'large': 'https://randomuser.me/api/portraits/men/89.jpg', 'medium': 'https://randomuser.me/api/portraits/med/men/89.jpg', 'thumbnail': 'https://randomuser.me/api/portraits/thumb/men/89.jpg'}, 'nat': 'NO'}], 'info': {'seed': '1000fc58260594ba', 'results': 1, 'page': 1, 'version': '1.4'}}</msg>
<arg>${json_data}</arg>
<doc>Logs the given message with the given level.</doc>
<status status="PASS" start="2024-06-08T18:18:27.471692" elapsed="0.000246"/>
</kw>
<kw name="Should Be Equal As Numbers" owner="BuiltIn">
<arg>${json_data['results'][0]['location']['postcode']}</arg>
<arg>${json_data['results'][0]['location']['postcode']}</arg>
<doc>Fails if objects are unequal after converting them to real numbers.</doc>
<status status="PASS" start="2024-06-08T18:18:27.472287" elapsed="0.000787"/>
</kw>
<kw name="Log" owner="BuiltIn">
<msg time="2024-06-08T18:18:27.473623" level="INFO">5574</msg>
<arg>${json_data['results'][0]['location']['postcode']}</arg>
<doc>Logs the given message with the given level.</doc>
<status status="PASS" start="2024-06-08T18:18:27.473277" elapsed="0.000388"/>
</kw>
<status status="PASS" start="2024-06-08T18:18:27.371842" elapsed="0.102082"/>
</kw>
<doc>Testa se os tipos de dados na resposta da API estão corretos.</doc>
<tag>testeTiposDados</tag>
<status status="PASS" start="2024-06-08T18:18:27.281522" elapsed="0.192569"/>
</test>
<test id="s1-s1-t5" name="Validar conteudo" line="35">
<kw name="Teste de Tipos de Conteudo" owner="random-user-service">
<kw name="GET On Session" owner="RequestsLibrary">
<msg time="2024-06-08T18:18:27.571384" level="INFO">GET Request : url=https://randomuser.me/api 
 path_url=/api 
 headers={'User-Agent': 'python-requests/2.32.3', 'Accept-Encoding': 'gzip, deflate', 'Accept': '*/*', 'Connection': 'keep-alive'} 
 body=None 
 </msg>
<msg time="2024-06-08T18:18:27.571447" level="INFO">GET Response : url=https://randomuser.me/api 
 status=200, reason=OK 
 headers={'Date': 'Sat, 08 Jun 2024 18:18:27 GMT', 'Content-Type': 'application/json; charset=utf-8', 'Transfer-Encoding': 'chunked', 'Connection': 'keep-alive', 'X-Powered-By': 'Express', 'Access-Control-Allow-Origin': '*', 'Cache-Control': 'no-cache', 'ETag': 'W/"490-30+Ws5aQ5NI2Qshiri51R/8HaJY"', 'Vary': 'Accept-Encoding', 'Content-Encoding': 'gzip', 'CF-Cache-Status': 'DYNAMIC', 'Report-To': '{"endpoints":[{"url":"https:\\/\\/a.nel.cloudflare.com\\/report\\/v4?s=d7nRyXCfdxGoAF56qiLF9F%2FdFHFHILqWXCi66zmivxiCqy2EoaOyX%2FbXdOsjx09uyhKuVrjDZfdHMHB4yKWAQwSnKvZfsSP8ZOJTca635ejgGnPcotxRUs3OZ2bDVHbV"}],"group":"cf-nel","max_age":604800}', 'NEL': '{"success_fraction":0,"report_to":"cf-nel","max_age":604800}', 'Server': 'cloudflare', 'CF-RAY': '890ae271bdb82c48-ORD', 'alt-svc': 'h3=":443"; ma=86400'} 
 body={"results":[{"gender":"female","name":{"title":"Miss","first":"Liesel","last":"Lanz"},"location":{"street":{"number":4307,"name":"Erlenweg"},"city":"Ratingen","state":"Thüringen","country":"Germany","postcode":19687,"coordinates":{"latitude":"-47.3207","longitude":"76.9982"},"timezone":{"offset":"-3:00","description":"Brazil, Buenos Aires, Georgetown"}},"email":"liesel.lanz@example.com","login":{"uuid":"984564bf-18ea-4c18-8eee-fb0eefdfcd35","username":"tinyzebra744","password":"tracker","salt":"I4PVfGp5","md5":"b5fe1aecb0caf0f212e3f8939b471ecd","sha1":"9a3bfa89bacd05f60e89ef020e71d183b73d1c21","sha256":"60f72cc4d4447135e33c44e00f06919a3cdf3387c86ed46ac50fead8fc6adc07"},"dob":{"date":"1946-08-18T22:44:00.155Z","age":77},"registered":{"date":"2019-11-21T20:40:49.206Z","age":4},"phone":"0989-7813461","cell":"0179-9750981","id":{"name":"SVNR","value":"21 180846 L 899"},"picture":{"large":"https://randomuser.me/api/portraits/women/86.jpg","medium":"https://randomuser.me/api/portraits/med/women/86.jpg","thumbnail":"https://randomuser.me/api/portraits/thumb/women/86.jpg"},"nat":"DE"}],"info":{"seed":"483a30a4c9895b67","results":1,"page":1,"version":"1.4"}} 
 </msg>
<msg time="2024-06-08T18:18:27.571503" level="INFO">/opt/hostedtoolcache/Python/3.12.3/x64/lib/python3.12/site-packages/urllib3/connectionpool.py:1103: InsecureRequestWarning: Unverified HTTPS request is being made to host 'randomuser.me'. Adding certificate verification is strongly advised. See: https://urllib3.readthedocs.io/en/latest/advanced-usage.html#tls-warnings
  warnings.warn(</msg>
<msg time="2024-06-08T18:18:27.571596" level="INFO">${response} = &lt;Response [200]&gt;</msg>
<var>${response}</var>
<arg>consultarAPI</arg>
<arg>/api</arg>
<doc>Sends a GET request on a previously created HTTP Session.</doc>
<status status="PASS" start="2024-06-08T18:18:27.476627" elapsed="0.095009"/>
</kw>
<kw name="Set Variable" owner="BuiltIn">
<msg time="2024-06-08T18:18:27.572659" level="INFO">${json_data} = {'results': [{'gender': 'female', 'name': {'title': 'Miss', 'first': 'Liesel', 'last': 'Lanz'}, 'location': {'street': {'number': 4307, 'name': 'Erlenweg'}, 'city': 'Ratingen', 'state': 'Thüringen', '...</msg>
<var>${json_data}</var>
<arg>${response.json()}</arg>
<doc>Returns the given values which can then be assigned to a variables.</doc>
<status status="PASS" start="2024-06-08T18:18:27.572074" elapsed="0.000615"/>
</kw>
<kw name="Set Variable" owner="BuiltIn">
<msg time="2024-06-08T18:18:27.573401" level="INFO">${name_title} = Miss</msg>
<var>${name_title}</var>
<arg>${json_data["results"][0]["name"]["title"]}</arg>
<doc>Returns the given values which can then be assigned to a variables.</doc>
<status status="PASS" start="2024-06-08T18:18:27.573007" elapsed="0.000420"/>
</kw>
<kw name="Create List" owner="BuiltIn">
<msg time="2024-06-08T18:18:27.573875" level="INFO">${allowed_titles} = ['Mr', 'Ms', 'Miss', 'Mrs', 'Madame', 'Monsieur']</msg>
<var>${allowed_titles}</var>
<arg>Mr</arg>
<arg>Ms</arg>
<arg>Miss</arg>
<arg>Mrs</arg>
<arg>Madame</arg>
<arg>Monsieur</arg>
<doc>Returns a list containing given items.</doc>
<status status="PASS" start="2024-06-08T18:18:27.573726" elapsed="0.000173"/>
</kw>
<kw name="List Should Contain Value" owner="Collections">
<msg time="2024-06-08T18:18:27.574380" level="INFO">False</msg>
<arg>${allowed_titles}</arg>
<arg>${name_title}</arg>
<doc>Fails if the ``value`` is not found from ``list``.</doc>
<status status="PASS" start="2024-06-08T18:18:27.574206" elapsed="0.000209"/>
</kw>
<kw name="Set Variable" owner="BuiltIn">
<msg time="2024-06-08T18:18:27.575077" level="INFO">${name_country} = DE</msg>
<var>${name_country}</var>
<arg>${json_data["results"][0]["nat"]}</arg>
<doc>Returns the given values which can then be assigned to a variables.</doc>
<status status="PASS" start="2024-06-08T18:18:27.574709" elapsed="0.000393"/>
</kw>
<kw name="Create List" owner="BuiltIn">
<msg time="2024-06-08T18:18:27.576040" level="INFO">${list_country} = ['AD', 'AE', 'AF', 'AG', 'AI', 'AL', 'AM', 'AO', 'AQ', 'AR', 'AS', 'AT', 'AU', 'AW', 'AX', 'AZ', 'BA', 'BB', 'BD', 'BE', 'BF', 'BG', 'BH', 'BI', 'BJ', 'BL', 'BM', 'BN', 'BO', 'BQ', 'BR', 'BS', 'BT', '...</msg>
<var>${list_country}</var>
<arg>AD</arg>
<arg>AE</arg>
<arg>AF</arg>
<arg>AG</arg>
<arg>AI</arg>
<arg>AL</arg>
<arg>AM</arg>
<arg>AO</arg>
<arg>AQ</arg>
<arg>AR</arg>
<arg>AS</arg>
<arg>AT</arg>
<arg>AU</arg>
<arg>AW</arg>
<arg>AX</arg>
<arg>AZ</arg>
<arg>BA</arg>
<arg>BB</arg>
<arg>BD</arg>
<arg>BE</arg>
<arg>BF</arg>
<arg>BG</arg>
<arg>BH</arg>
<arg>BI</arg>
<arg>BJ</arg>
<arg>BL</arg>
<arg>BM</arg>
<arg>BN</arg>
<arg>BO</arg>
<arg>BQ</arg>
<arg>BR</arg>
<arg>BS</arg>
<arg>BT</arg>
<arg>BV</arg>
<arg>BW</arg>
<arg>BY</arg>
<arg>BZ</arg>
<arg>CA</arg>
<arg>CC</arg>
<arg>CD</arg>
<arg>CF</arg>
<arg>CG</arg>
<arg>CH</arg>
<arg>CI</arg>
<arg>CK</arg>
<arg>CL</arg>
<arg>CM</arg>
<arg>CN</arg>
<arg>CO</arg>
<arg>CR</arg>
<arg>CU</arg>
<arg>CV</arg>
<arg>CW</arg>
<arg>CX</arg>
<arg>CY</arg>
<arg>CZ</arg>
<arg>DE</arg>
<arg>DJ</arg>
<arg>DK</arg>
<arg>DM</arg>
<arg>DO</arg>
<arg>DZ</arg>
<arg>EC</arg>
<arg>EE</arg>
<arg>EG</arg>
<arg>EH</arg>
<arg>ER</arg>
<arg>ES</arg>
<arg>ET</arg>
<arg>FI</arg>
<arg>FJ</arg>
<arg>FK</arg>
<arg>FM</arg>
<arg>FO</arg>
<arg>FR</arg>
<arg>GA</arg>
<arg>GB</arg>
<arg>GD</arg>
<arg>GE</arg>
<arg>GF</arg>
<arg>GG</arg>
<arg>GH</arg>
<arg>GI</arg>
<arg>GL</arg>
<arg>GM</arg>
<arg>GN</arg>
<arg>GP</arg>
<arg>GQ</arg>
<arg>GR</arg>
<arg>GS</arg>
<arg>GT</arg>
<arg>GU</arg>
<arg>GW</arg>
<arg>GY</arg>
<arg>HK</arg>
<arg>HM</arg>
<arg>HN</arg>
<arg>HR</arg>
<arg>HT</arg>
<arg>HU</arg>
<arg>ID</arg>
<arg>IE</arg>
<arg>IL</arg>
<arg>IM</arg>
<arg>IN</arg>
<arg>IO</arg>
<arg>IQ</arg>
<arg>IR</arg>
<arg>IS</arg>
<arg>IT</arg>
<arg>JE</arg>
<arg>JM</arg>
<arg>JO</arg>
<arg>JP</arg>
<arg>KE</arg>
<arg>KG</arg>
<arg>KH</arg>
<arg>KI</arg>
<arg>KM</arg>
<arg>KN</arg>
<arg>KP</arg>
<arg>KR</arg>
<arg>KW</arg>
<arg>KY</arg>
<arg>KZ</arg>
<arg>LA</arg>
<arg>LB</arg>
<arg>LC</arg>
<arg>LI</arg>
<arg>LK</arg>
<arg>LR</arg>
<arg>LS</arg>
<arg>LT</arg>
<arg>LU</arg>
<arg>LV</arg>
<arg>LY</arg>
<arg>MA</arg>
<arg>MC</arg>
<arg>MD</arg>
<arg>ME</arg>
<arg>MF</arg>
<arg>MG</arg>
<arg>MH</arg>
<arg>MK</arg>
<arg>ML</arg>
<arg>MM</arg>
<arg>MN</arg>
<arg>MO</arg>
<arg>MP</arg>
<arg>MQ</arg>
<arg>MR</arg>
<arg>MS</arg>
<arg>MT</arg>
<arg>MU</arg>
<arg>MV</arg>
<arg>MW</arg>
<arg>MX</arg>
<arg>MY</arg>
<arg>MZ</arg>
<arg>NA</arg>
<arg>NC</arg>
<arg>NE</arg>
<arg>NF</arg>
<arg>NG</arg>
<arg>NI</arg>
<arg>NL</arg>
<arg>NO</arg>
<arg>NP</arg>
<arg>NR</arg>
<arg>NU</arg>
<arg>NZ</arg>
<arg>OM</arg>
<arg>PA</arg>
<arg>PE</arg>
<arg>PF</arg>
<arg>PG</arg>
<arg>PH</arg>
<arg>PK</arg>
<arg>PL</arg>
<arg>PM</arg>
<arg>PN</arg>
<arg>PR</arg>
<arg>PS</arg>
<arg>PT</arg>
<arg>PW</arg>
<arg>PY</arg>
<arg>QA</arg>
<arg>RE</arg>
<arg>RO</arg>
<arg>RS</arg>
<arg>RU</arg>
<arg>RW</arg>
<arg>SA</arg>
<arg>SB</arg>
<arg>SC</arg>
<arg>SD</arg>
<arg>SE</arg>
<arg>SG</arg>
<arg>SH</arg>
<arg>SI</arg>
<arg>SJ</arg>
<arg>SK</arg>
<arg>SL</arg>
<arg>SM</arg>
<arg>SN</arg>
<arg>SO</arg>
<arg>SR</arg>
<arg>SS</arg>
<arg>ST</arg>
<arg>SV</arg>
<arg>SX</arg>
<arg>SY</arg>
<arg>SZ</arg>
<arg>TC</arg>
<arg>TD</arg>
<arg>TF</arg>
<arg>TG</arg>
<arg>TH</arg>
<arg>TJ</arg>
<arg>TK</arg>
<arg>TL</arg>
<arg>TM</arg>
<arg>TN</arg>
<arg>TO</arg>
<arg>TR</arg>
<arg>TT</arg>
<arg>TV</arg>
<arg>TW</arg>
<arg>TZ</arg>
<arg>UA</arg>
<arg>UG</arg>
<arg>UM</arg>
<arg>US</arg>
<arg>UY</arg>
<arg>UZ</arg>
<arg>VA</arg>
<arg>VC</arg>
<arg>VE</arg>
<arg>VG</arg>
<arg>VI</arg>
<arg>VN</arg>
<arg>VU</arg>
<arg>WF</arg>
<arg>WS</arg>
<arg>XK</arg>
<arg>YE</arg>
<arg>YT</arg>
<arg>ZA</arg>
<arg>ZM</arg>
<arg>ZW</arg>
<doc>Returns a list containing given items.</doc>
<status status="PASS" start="2024-06-08T18:18:27.575405" elapsed="0.000661"/>
</kw>
<kw name="List Should Contain Value" owner="Collections">
<msg time="2024-06-08T18:18:27.577101" level="INFO">False</msg>
<arg>${list_country}</arg>
<arg>${name_country}</arg>
<doc>Fails if the ``value`` is not found from ``list``.</doc>
<status status="PASS" start="2024-06-08T18:18:27.576885" elapsed="0.000252"/>
</kw>
<kw name="Run Keyword If" owner="BuiltIn">
<kw name="Should Be True" owner="BuiltIn">
<arg>${True}</arg>
<doc>Fails if the given condition is not true.</doc>
<status status="PASS" start="2024-06-08T18:18:27.578210" elapsed="0.000141"/>
</kw>
<arg>${json_data["results"][0]["location"]["coordinates"]["latitude"]} &gt;= -90 and ${json_data["results"][0]["location"]["coordinates"]["latitude"]} &lt;= 90</arg>
<arg>Should Be True</arg>
<arg>${True}</arg>
<doc>Runs the given keyword with the given arguments, if ``condition`` is true.</doc>
<status status="PASS" start="2024-06-08T18:18:27.577470" elapsed="0.001008"/>
</kw>
<kw name="Run Keyword If" owner="BuiltIn">
<kw name="Should Be True" owner="BuiltIn">
<arg>${True}</arg>
<doc>Fails if the given condition is not true.</doc>
<status status="PASS" start="2024-06-08T18:18:27.579359" elapsed="0.000241"/>
</kw>
<arg>${json_data["results"][0]["location"]["coordinates"]["longitude"]} &gt;= -180 and ${json_data["results"][0]["location"]["coordinates"]["longitude"]} &lt;= 180</arg>
<arg>Should Be True</arg>
<arg>${True}</arg>
<doc>Runs the given keyword with the given arguments, if ``condition`` is true.</doc>
<status status="PASS" start="2024-06-08T18:18:27.578662" elapsed="0.001065"/>
</kw>
<status status="PASS" start="2024-06-08T18:18:27.476397" elapsed="0.103458"/>
</kw>
<doc>Testa o conteúdo específico dos campos retornados pela API.</doc>
<tag>testeConteudo</tag>
<status status="PASS" start="2024-06-08T18:18:27.475863" elapsed="0.104135"/>
</test>
<status status="PASS" start="2024-06-08T18:18:26.726785" elapsed="0.855207"/>
</suite>
<status status="PASS" start="2024-06-08T18:18:26.713523" elapsed="0.873581"/>
</suite>
<statistics>
<total>
<stat pass="5" fail="0" skip="0">All Tests</stat>
</total>
<tag>
<stat pass="1" fail="0" skip="0">testeConteudo</stat>
<stat pass="1" fail="0" skip="0">testeEstruturaResposta</stat>
<stat pass="1" fail="0" skip="0">testeRequisicaoBasica</stat>
<stat pass="1" fail="0" skip="0">testeTiposDados</stat>
</tag>
<suite>
<stat pass="5" fail="0" skip="0" id="s1" name="Tests">Tests</stat>
<stat pass="5" fail="0" skip="0" id="s1-s1" name="Random-User-Test">Tests.Random-User-Test</stat>
</suite>
</statistics>
<errors>
</errors>
</robot>
