<?xml version="1.0" encoding="UTF-8"?>
<robot generator="Robot 7.0 (Python 3.12.3 on linux)" generated="2024-05-01T23:14:49.152161" rpa="false" schemaversion="5">
<suite id="s1" name="Tests" source="/home/runner/work/DesafioQAItauRogerioJordao/DesafioQAItauRogerioJordao/RamdonUser/tests">
<suite id="s1-s1" name="Random-User-Test" source="/home/runner/work/DesafioQAItauRogerioJordao/DesafioQAItauRogerioJordao/RamdonUser/tests/random-user-test.robot">
<test id="s1-s1-t1" name="Conectar" line="13">
<kw name="Conectar API" owner="random-user-service">
<kw name="Create Session" owner="RequestsLibrary">
<msg time="2024-05-01T23:14:49.555608" level="INFO">Creating Session using : alias=consultarAPI, url=https://randomuser.me/, headers={},                     cookies={}, auth=None, timeout=None, proxies=None, verify=False,                     debug=0 </msg>
<arg>consultarAPI</arg>
<arg>${URL}</arg>
<doc>Create Session: create a HTTP session to a server</doc>
<status status="PASS" start="2024-05-01T23:14:49.555369" elapsed="0.000460"/>
</kw>
<status status="PASS" start="2024-05-01T23:14:49.554303" elapsed="0.001933"/>
</kw>
<status status="PASS" start="2024-05-01T23:14:49.553633" elapsed="0.002827"/>
</test>
<test id="s1-s1-t2" name="Validar retorno 200 e JSON Válido" line="16">
<kw name="Teste de Requisicao Basica" owner="random-user-service">
<kw name="GET On Session" owner="RequestsLibrary">
<msg time="2024-05-01T23:14:49.741696" level="INFO">GET Request : url=https://randomuser.me/api 
 path_url=/api 
 headers={'User-Agent': 'python-requests/2.31.0', 'Accept-Encoding': 'gzip, deflate', 'Accept': '*/*', 'Connection': 'keep-alive'} 
 body=None 
 </msg>
<msg time="2024-05-01T23:14:49.741879" level="INFO">GET Response : url=https://randomuser.me/api 
 status=200, reason=OK 
 headers={'Date': 'Wed, 01 May 2024 23:14:49 GMT', 'Content-Type': 'application/json; charset=utf-8', 'Transfer-Encoding': 'chunked', 'Connection': 'keep-alive', 'X-Powered-By': 'Express', 'Access-Control-Allow-Origin': '*', 'Cache-Control': 'no-cache', 'ETag': 'W/"4a3-q7Ec0FteLZCo3bMoy6Z5LP0+YZM"', 'Vary': 'Accept-Encoding', 'Content-Encoding': 'gzip', 'CF-Cache-Status': 'DYNAMIC', 'Report-To': '{"endpoints":[{"url":"https:\\/\\/a.nel.cloudflare.com\\/report\\/v4?s=GO0SX8k8HPg9U9efCq7QwMvGwYLOwfn5dDQcZ%2BhoXkVdgYOfuy1IjiE4F8lE%2Bj7PaBESygs%2B7aBBandmtsgSNJ6hZ7IJzgvO9yWM7NMWyegZZLrBi0xLjyaxo0pgv7Wg"}],"group":"cf-nel","max_age":604800}', 'NEL': '{"success_fraction":0,"report_to":"cf-nel","max_age":604800}', 'Server': 'cloudflare', 'CF-RAY': '87d37854acba3997-IAD', 'alt-svc': 'h3=":443"; ma=86400'} 
 body={"results":[{"gender":"female","name":{"title":"Ms","first":"Lisa","last":"Wallace"},"location":{"street":{"number":7919,"name":"Main Road"},"city":"Brighton and Hove","state":"County Down","country":"United Kingdom","postcode":"DL1 9DB","coordinates":{"latitude":"-8.0836","longitude":"21.5191"},"timezone":{"offset":"+4:00","description":"Abu Dhabi, Muscat, Baku, Tbilisi"}},"email":"lisa.wallace@example.com","login":{"uuid":"aed9c513-3178-4ddd-aeca-47aeda576c7b","username":"purplefish516","password":"rocker","salt":"dEIZ2156","md5":"4c96eb42d9b4304b0ec1f4f8941b508f","sha1":"18fc6162a865d1f7b30b76b4a018273a7a363221","sha256":"056d6acd4328831b47c639f89a0d7c0320ff208e0c492bb5936e77406db61ec6"},"dob":{"date":"1983-03-04T17:52:31.824Z","age":41},"registered":{"date":"2020-01-20T23:37:46.014Z","age":4},"phone":"015394 48081","cell":"07431 946208","id":{"name":"NINO","value":"MZ 38 38 87 W"},"picture":{"large":"https://randomuser.me/api/portraits/women/84.jpg","medium":"https://randomuser.me/api/portraits/med/women/84.jpg","thumbnail":"https://randomuser.me/api/portraits/thumb/women/84.jpg"},"nat":"GB"}],"info":{"seed":"2c52d04c88b3dbc7","results":1,"page":1,"version":"1.4"}} 
 </msg>
<msg time="2024-05-01T23:14:49.741963" level="INFO">/opt/hostedtoolcache/Python/3.12.3/x64/lib/python3.12/site-packages/urllib3/connectionpool.py:1103: InsecureRequestWarning: Unverified HTTPS request is being made to host 'randomuser.me'. Adding certificate verification is strongly advised. See: https://urllib3.readthedocs.io/en/latest/advanced-usage.html#tls-warnings
  warnings.warn(</msg>
<msg time="2024-05-01T23:14:49.742096" level="INFO">${response} = &lt;Response [200]&gt;</msg>
<var>${response}</var>
<arg>consultarAPI</arg>
<arg>/api</arg>
<doc>Sends a GET request on a previously created HTTP Session.</doc>
<status status="PASS" start="2024-05-01T23:14:49.559205" elapsed="0.182934"/>
</kw>
<kw name="Should Be Equal As Numbers" owner="BuiltIn">
<msg time="2024-05-01T23:14:49.743157" level="INFO">Argument types are:
&lt;class 'int'&gt;
&lt;class 'str'&gt;</msg>
<arg>${response.status_code}</arg>
<arg>200</arg>
<doc>Fails if objects are unequal after converting them to real numbers.</doc>
<status status="PASS" start="2024-05-01T23:14:49.742680" elapsed="0.000544"/>
</kw>
<kw name="Log" owner="BuiltIn">
<msg time="2024-05-01T23:14:49.743964" level="INFO">200</msg>
<arg>${response.status_code}</arg>
<doc>Logs the given message with the given level.</doc>
<status status="PASS" start="2024-05-01T23:14:49.743589" elapsed="0.000423"/>
</kw>
<kw name="Set Variable" owner="BuiltIn">
<msg time="2024-05-01T23:14:49.744776" level="INFO">${json_data} = {'results': [{'gender': 'female', 'name': {'title': 'Ms', 'first': 'Lisa', 'last': 'Wallace'}, 'location': {'street': {'number': 7919, 'name': 'Main Road'}, 'city': 'Brighton and Hove', 'state': 'Coun...</msg>
<var>${json_data}</var>
<arg>${response.json()}</arg>
<doc>Returns the given values which can then be assigned to a variables.</doc>
<status status="PASS" start="2024-05-01T23:14:49.744329" elapsed="0.000475"/>
</kw>
<kw name="Dictionary Should Contain Key" owner="Collections">
<msg time="2024-05-01T23:14:49.745271" level="INFO">False</msg>
<arg>${json_data}</arg>
<arg>results</arg>
<doc>Fails if ``key`` is not found from ``dictionary``.</doc>
<status status="PASS" start="2024-05-01T23:14:49.745102" elapsed="0.000209"/>
</kw>
<status status="PASS" start="2024-05-01T23:14:49.558926" elapsed="0.186643"/>
</kw>
<doc>Testa se a API responde corretamente e retorna um objeto JSON válido.</doc>
<tag>testeRequisicaoBasica</tag>
<status status="PASS" start="2024-05-01T23:14:49.558421" elapsed="0.187367"/>
</test>
<test id="s1-s1-t3" name="Validar estrutura de resposta" line="22">
<kw name="Teste de Estrutura de Resposta" owner="random-user-service">
<kw name="GET On Session" owner="RequestsLibrary">
<msg time="2024-05-01T23:14:49.852056" level="INFO">GET Request : url=https://randomuser.me/api 
 path_url=/api 
 headers={'User-Agent': 'python-requests/2.31.0', 'Accept-Encoding': 'gzip, deflate', 'Accept': '*/*', 'Connection': 'keep-alive'} 
 body=None 
 </msg>
<msg time="2024-05-01T23:14:49.852154" level="INFO">GET Response : url=https://randomuser.me/api 
 status=200, reason=OK 
 headers={'Date': 'Wed, 01 May 2024 23:14:49 GMT', 'Content-Type': 'application/json; charset=utf-8', 'Transfer-Encoding': 'chunked', 'Connection': 'keep-alive', 'X-Powered-By': 'Express', 'Access-Control-Allow-Origin': '*', 'Cache-Control': 'no-cache', 'ETag': 'W/"49e-U6WO8eiBIPwWlpJaimhI5zIEVbU"', 'Vary': 'Accept-Encoding', 'Content-Encoding': 'gzip', 'CF-Cache-Status': 'DYNAMIC', 'Report-To': '{"endpoints":[{"url":"https:\\/\\/a.nel.cloudflare.com\\/report\\/v4?s=PNX7hdhCzV5jLBJG89DVpZTLlheeFisskxEV3pjDiPaYpnpxQA50w%2BjUN0EI5NFC%2Bv9eLBRpLK85hQCUcg%2Bh9g2JP8carUtwQDpjeIwW6M50UtPK%2B1G59AThfXoGYOTY"}],"group":"cf-nel","max_age":604800}', 'NEL': '{"success_fraction":0,"report_to":"cf-nel","max_age":604800}', 'Server': 'cloudflare', 'CF-RAY': '87d37854fd0d3997-IAD', 'alt-svc': 'h3=":443"; ma=86400'} 
 body={"results":[{"gender":"female","name":{"title":"Mrs","first":"Emma","last":"Christiansen"},"location":{"street":{"number":9569,"name":"Sæbyvej"},"city":"Sommersted","state":"Midtjylland","country":"Denmark","postcode":39041,"coordinates":{"latitude":"-43.7939","longitude":"100.0386"},"timezone":{"offset":"+5:00","description":"Ekaterinburg, Islamabad, Karachi, Tashkent"}},"email":"emma.christiansen@example.com","login":{"uuid":"429bfdc7-5828-4bde-b2e5-745d3ec923bc","username":"greenkoala378","password":"tarheels","salt":"HkIU150i","md5":"0102751ed35d9a757f32da78e3eea0cf","sha1":"e1476552f309059c8bd192e8a00ebf8691450918","sha256":"0b6eea6da4e833cff88e934c4df1343569b9c41d84b43d551dcf77252e2256e6"},"dob":{"date":"1964-02-15T07:27:16.074Z","age":60},"registered":{"date":"2019-07-23T04:24:53.540Z","age":4},"phone":"87512770","cell":"61845960","id":{"name":"CPR","value":"150264-8266"},"picture":{"large":"https://randomuser.me/api/portraits/women/20.jpg","medium":"https://randomuser.me/api/portraits/med/women/20.jpg","thumbnail":"https://randomuser.me/api/portraits/thumb/women/20.jpg"},"nat":"DK"}],"info":{"seed":"d8d033857ff546d5","results":1,"page":1,"version":"1.4"}} 
 </msg>
<msg time="2024-05-01T23:14:49.852284" level="INFO">/opt/hostedtoolcache/Python/3.12.3/x64/lib/python3.12/site-packages/urllib3/connectionpool.py:1103: InsecureRequestWarning: Unverified HTTPS request is being made to host 'randomuser.me'. Adding certificate verification is strongly advised. See: https://urllib3.readthedocs.io/en/latest/advanced-usage.html#tls-warnings
  warnings.warn(</msg>
<msg time="2024-05-01T23:14:49.852413" level="INFO">${response} = &lt;Response [200]&gt;</msg>
<var>${response}</var>
<arg>consultarAPI</arg>
<arg>/api</arg>
<doc>Sends a GET request on a previously created HTTP Session.</doc>
<status status="PASS" start="2024-05-01T23:14:49.748808" elapsed="0.103643"/>
</kw>
<kw name="Set Variable" owner="BuiltIn">
<msg time="2024-05-01T23:14:49.853531" level="INFO">${json_data} = {'results': [{'gender': 'female', 'name': {'title': 'Mrs', 'first': 'Emma', 'last': 'Christiansen'}, 'location': {'street': {'number': 9569, 'name': 'Sæbyvej'}, 'city': 'Sommersted', 'state': 'Midtjyl...</msg>
<var>${json_data}</var>
<arg>${response.json()}</arg>
<doc>Returns the given values which can then be assigned to a variables.</doc>
<status status="PASS" start="2024-05-01T23:14:49.852975" elapsed="0.000586"/>
</kw>
<kw name="Log" owner="BuiltIn">
<msg time="2024-05-01T23:14:49.854141" level="INFO">{'results': [{'gender': 'female', 'name': {'title': 'Mrs', 'first': 'Emma', 'last': 'Christiansen'}, 'location': {'street': {'number': 9569, 'name': 'Sæbyvej'}, 'city': 'Sommersted', 'state': 'Midtjylland', 'country': 'Denmark', 'postcode': 39041, 'coordinates': {'latitude': '-43.7939', 'longitude': '100.0386'}, 'timezone': {'offset': '+5:00', 'description': 'Ekaterinburg, Islamabad, Karachi, Tashkent'}}, 'email': 'emma.christiansen@example.com', 'login': {'uuid': '429bfdc7-5828-4bde-b2e5-745d3ec923bc', 'username': 'greenkoala378', 'password': 'tarheels', 'salt': 'HkIU150i', 'md5': '0102751ed35d9a757f32da78e3eea0cf', 'sha1': 'e1476552f309059c8bd192e8a00ebf8691450918', 'sha256': '0b6eea6da4e833cff88e934c4df1343569b9c41d84b43d551dcf77252e2256e6'}, 'dob': {'date': '1964-02-15T07:27:16.074Z', 'age': 60}, 'registered': {'date': '2019-07-23T04:24:53.540Z', 'age': 4}, 'phone': '87512770', 'cell': '61845960', 'id': {'name': 'CPR', 'value': '150264-8266'}, 'picture': {'large': 'https://randomuser.me/api/portraits/women/20.jpg', 'medium': 'https://randomuser.me/api/portraits/med/women/20.jpg', 'thumbnail': 'https://randomuser.me/api/portraits/thumb/women/20.jpg'}, 'nat': 'DK'}], 'info': {'seed': 'd8d033857ff546d5', 'results': 1, 'page': 1, 'version': '1.4'}}</msg>
<arg>${json_data}</arg>
<doc>Logs the given message with the given level.</doc>
<status status="PASS" start="2024-05-01T23:14:49.853957" elapsed="0.000236"/>
</kw>
<kw name="Dictionary Should Contain Key" owner="Collections">
<msg time="2024-05-01T23:14:49.854674" level="INFO">False</msg>
<arg>${json_data}</arg>
<arg>results</arg>
<doc>Fails if ``key`` is not found from ``dictionary``.</doc>
<status status="PASS" start="2024-05-01T23:14:49.854511" elapsed="0.000200"/>
</kw>
<kw name="Should Not Be Empty" owner="BuiltIn">
<msg time="2024-05-01T23:14:49.855148" level="INFO">Length is 2.</msg>
<arg>${json_data}</arg>
<doc>Verifies that the given item is not empty.</doc>
<status status="PASS" start="2024-05-01T23:14:49.855016" elapsed="0.000169"/>
</kw>
<kw name="Create List" owner="BuiltIn">
<msg time="2024-05-01T23:14:49.855794" level="INFO">${expected_keys} = ['gender', 'name', 'location', 'email', 'login']</msg>
<var>${expected_keys}</var>
<arg>gender</arg>
<arg>name</arg>
<arg>location</arg>
<arg>email</arg>
<arg>login</arg>
<doc>Returns a list containing given items.</doc>
<status status="PASS" start="2024-05-01T23:14:49.855481" elapsed="0.000337"/>
</kw>
<for flavor="IN">
<iter>
<kw name="Dictionary Should Contain Key" owner="Collections">
<msg time="2024-05-01T23:14:49.856837" level="INFO">False</msg>
<arg>${json_data['results'][0]}</arg>
<arg>${key}</arg>
<doc>Fails if ``key`` is not found from ``dictionary``.</doc>
<status status="PASS" start="2024-05-01T23:14:49.856415" elapsed="0.000460"/>
</kw>
<kw name="Log" owner="BuiltIn">
<msg time="2024-05-01T23:14:49.857553" level="INFO">{'gender': 'female', 'name': {'title': 'Mrs', 'first': 'Emma', 'last': 'Christiansen'}, 'location': {'street': {'number': 9569, 'name': 'Sæbyvej'}, 'city': 'Sommersted', 'state': 'Midtjylland', 'country': 'Denmark', 'postcode': 39041, 'coordinates': {'latitude': '-43.7939', 'longitude': '100.0386'}, 'timezone': {'offset': '+5:00', 'description': 'Ekaterinburg, Islamabad, Karachi, Tashkent'}}, 'email': 'emma.christiansen@example.com', 'login': {'uuid': '429bfdc7-5828-4bde-b2e5-745d3ec923bc', 'username': 'greenkoala378', 'password': 'tarheels', 'salt': 'HkIU150i', 'md5': '0102751ed35d9a757f32da78e3eea0cf', 'sha1': 'e1476552f309059c8bd192e8a00ebf8691450918', 'sha256': '0b6eea6da4e833cff88e934c4df1343569b9c41d84b43d551dcf77252e2256e6'}, 'dob': {'date': '1964-02-15T07:27:16.074Z', 'age': 60}, 'registered': {'date': '2019-07-23T04:24:53.540Z', 'age': 4}, 'phone': '87512770', 'cell': '61845960', 'id': {'name': 'CPR', 'value': '150264-8266'}, 'picture': {'large': 'https://randomuser.me/api/portraits/women/20.jpg', 'medium': 'https://randomuser.me/api/portraits/med/women/20.jpg', 'thumbnail': 'https://randomuser.me/api/portraits/thumb/women/20.jpg'}, 'nat': 'DK'}</msg>
<arg>${json_data['results'][0]}</arg>
<doc>Logs the given message with the given level.</doc>
<status status="PASS" start="2024-05-01T23:14:49.857178" elapsed="0.000426"/>
</kw>
<kw name="Log" owner="BuiltIn">
<msg time="2024-05-01T23:14:49.858067" level="INFO">gender</msg>
<arg>${key}</arg>
<doc>Logs the given message with the given level.</doc>
<status status="PASS" start="2024-05-01T23:14:49.857936" elapsed="0.000168"/>
</kw>
<var name="${key}">gender</var>
<status status="PASS" start="2024-05-01T23:14:49.856286" elapsed="0.002032"/>
</iter>
<iter>
<kw name="Dictionary Should Contain Key" owner="Collections">
<msg time="2024-05-01T23:14:49.859026" level="INFO">False</msg>
<arg>${json_data['results'][0]}</arg>
<arg>${key}</arg>
<doc>Fails if ``key`` is not found from ``dictionary``.</doc>
<status status="PASS" start="2024-05-01T23:14:49.858627" elapsed="0.000437"/>
</kw>
<kw name="Log" owner="BuiltIn">
<msg time="2024-05-01T23:14:49.859750" level="INFO">{'gender': 'female', 'name': {'title': 'Mrs', 'first': 'Emma', 'last': 'Christiansen'}, 'location': {'street': {'number': 9569, 'name': 'Sæbyvej'}, 'city': 'Sommersted', 'state': 'Midtjylland', 'country': 'Denmark', 'postcode': 39041, 'coordinates': {'latitude': '-43.7939', 'longitude': '100.0386'}, 'timezone': {'offset': '+5:00', 'description': 'Ekaterinburg, Islamabad, Karachi, Tashkent'}}, 'email': 'emma.christiansen@example.com', 'login': {'uuid': '429bfdc7-5828-4bde-b2e5-745d3ec923bc', 'username': 'greenkoala378', 'password': 'tarheels', 'salt': 'HkIU150i', 'md5': '0102751ed35d9a757f32da78e3eea0cf', 'sha1': 'e1476552f309059c8bd192e8a00ebf8691450918', 'sha256': '0b6eea6da4e833cff88e934c4df1343569b9c41d84b43d551dcf77252e2256e6'}, 'dob': {'date': '1964-02-15T07:27:16.074Z', 'age': 60}, 'registered': {'date': '2019-07-23T04:24:53.540Z', 'age': 4}, 'phone': '87512770', 'cell': '61845960', 'id': {'name': 'CPR', 'value': '150264-8266'}, 'picture': {'large': 'https://randomuser.me/api/portraits/women/20.jpg', 'medium': 'https://randomuser.me/api/portraits/med/women/20.jpg', 'thumbnail': 'https://randomuser.me/api/portraits/thumb/women/20.jpg'}, 'nat': 'DK'}</msg>
<arg>${json_data['results'][0]}</arg>
<doc>Logs the given message with the given level.</doc>
<status status="PASS" start="2024-05-01T23:14:49.859387" elapsed="0.000413"/>
</kw>
<kw name="Log" owner="BuiltIn">
<msg time="2024-05-01T23:14:49.860223" level="INFO">name</msg>
<arg>${key}</arg>
<doc>Logs the given message with the given level.</doc>
<status status="PASS" start="2024-05-01T23:14:49.860097" elapsed="0.000162"/>
</kw>
<var name="${key}">name</var>
<status status="PASS" start="2024-05-01T23:14:49.858511" elapsed="0.001964"/>
</iter>
<iter>
<kw name="Dictionary Should Contain Key" owner="Collections">
<msg time="2024-05-01T23:14:49.861151" level="INFO">False</msg>
<arg>${json_data['results'][0]}</arg>
<arg>${key}</arg>
<doc>Fails if ``key`` is not found from ``dictionary``.</doc>
<status status="PASS" start="2024-05-01T23:14:49.860767" elapsed="0.000421"/>
</kw>
<kw name="Log" owner="BuiltIn">
<msg time="2024-05-01T23:14:49.861869" level="INFO">{'gender': 'female', 'name': {'title': 'Mrs', 'first': 'Emma', 'last': 'Christiansen'}, 'location': {'street': {'number': 9569, 'name': 'Sæbyvej'}, 'city': 'Sommersted', 'state': 'Midtjylland', 'country': 'Denmark', 'postcode': 39041, 'coordinates': {'latitude': '-43.7939', 'longitude': '100.0386'}, 'timezone': {'offset': '+5:00', 'description': 'Ekaterinburg, Islamabad, Karachi, Tashkent'}}, 'email': 'emma.christiansen@example.com', 'login': {'uuid': '429bfdc7-5828-4bde-b2e5-745d3ec923bc', 'username': 'greenkoala378', 'password': 'tarheels', 'salt': 'HkIU150i', 'md5': '0102751ed35d9a757f32da78e3eea0cf', 'sha1': 'e1476552f309059c8bd192e8a00ebf8691450918', 'sha256': '0b6eea6da4e833cff88e934c4df1343569b9c41d84b43d551dcf77252e2256e6'}, 'dob': {'date': '1964-02-15T07:27:16.074Z', 'age': 60}, 'registered': {'date': '2019-07-23T04:24:53.540Z', 'age': 4}, 'phone': '87512770', 'cell': '61845960', 'id': {'name': 'CPR', 'value': '150264-8266'}, 'picture': {'large': 'https://randomuser.me/api/portraits/women/20.jpg', 'medium': 'https://randomuser.me/api/portraits/med/women/20.jpg', 'thumbnail': 'https://randomuser.me/api/portraits/thumb/women/20.jpg'}, 'nat': 'DK'}</msg>
<arg>${json_data['results'][0]}</arg>
<doc>Logs the given message with the given level.</doc>
<status status="PASS" start="2024-05-01T23:14:49.861482" elapsed="0.000442"/>
</kw>
<kw name="Log" owner="BuiltIn">
<msg time="2024-05-01T23:14:49.862351" level="INFO">location</msg>
<arg>${key}</arg>
<doc>Logs the given message with the given level.</doc>
<status status="PASS" start="2024-05-01T23:14:49.862226" elapsed="0.000162"/>
</kw>
<var name="${key}">location</var>
<status status="PASS" start="2024-05-01T23:14:49.860655" elapsed="0.001946"/>
</iter>
<iter>
<kw name="Dictionary Should Contain Key" owner="Collections">
<msg time="2024-05-01T23:14:49.863266" level="INFO">False</msg>
<arg>${json_data['results'][0]}</arg>
<arg>${key}</arg>
<doc>Fails if ``key`` is not found from ``dictionary``.</doc>
<status status="PASS" start="2024-05-01T23:14:49.862883" elapsed="0.000419"/>
</kw>
<kw name="Log" owner="BuiltIn">
<msg time="2024-05-01T23:14:49.863959" level="INFO">{'gender': 'female', 'name': {'title': 'Mrs', 'first': 'Emma', 'last': 'Christiansen'}, 'location': {'street': {'number': 9569, 'name': 'Sæbyvej'}, 'city': 'Sommersted', 'state': 'Midtjylland', 'country': 'Denmark', 'postcode': 39041, 'coordinates': {'latitude': '-43.7939', 'longitude': '100.0386'}, 'timezone': {'offset': '+5:00', 'description': 'Ekaterinburg, Islamabad, Karachi, Tashkent'}}, 'email': 'emma.christiansen@example.com', 'login': {'uuid': '429bfdc7-5828-4bde-b2e5-745d3ec923bc', 'username': 'greenkoala378', 'password': 'tarheels', 'salt': 'HkIU150i', 'md5': '0102751ed35d9a757f32da78e3eea0cf', 'sha1': 'e1476552f309059c8bd192e8a00ebf8691450918', 'sha256': '0b6eea6da4e833cff88e934c4df1343569b9c41d84b43d551dcf77252e2256e6'}, 'dob': {'date': '1964-02-15T07:27:16.074Z', 'age': 60}, 'registered': {'date': '2019-07-23T04:24:53.540Z', 'age': 4}, 'phone': '87512770', 'cell': '61845960', 'id': {'name': 'CPR', 'value': '150264-8266'}, 'picture': {'large': 'https://randomuser.me/api/portraits/women/20.jpg', 'medium': 'https://randomuser.me/api/portraits/med/women/20.jpg', 'thumbnail': 'https://randomuser.me/api/portraits/thumb/women/20.jpg'}, 'nat': 'DK'}</msg>
<arg>${json_data['results'][0]}</arg>
<doc>Logs the given message with the given level.</doc>
<status status="PASS" start="2024-05-01T23:14:49.863598" elapsed="0.000409"/>
</kw>
<kw name="Log" owner="BuiltIn">
<msg time="2024-05-01T23:14:49.864422" level="INFO">email</msg>
<arg>${key}</arg>
<doc>Logs the given message with the given level.</doc>
<status status="PASS" start="2024-05-01T23:14:49.864297" elapsed="0.000161"/>
</kw>
<var name="${key}">email</var>
<status status="PASS" start="2024-05-01T23:14:49.862774" elapsed="0.001902"/>
</iter>
<iter>
<kw name="Dictionary Should Contain Key" owner="Collections">
<msg time="2024-05-01T23:14:49.865343" level="INFO">False</msg>
<arg>${json_data['results'][0]}</arg>
<arg>${key}</arg>
<doc>Fails if ``key`` is not found from ``dictionary``.</doc>
<status status="PASS" start="2024-05-01T23:14:49.864957" elapsed="0.000423"/>
</kw>
<kw name="Log" owner="BuiltIn">
<msg time="2024-05-01T23:14:49.866061" level="INFO">{'gender': 'female', 'name': {'title': 'Mrs', 'first': 'Emma', 'last': 'Christiansen'}, 'location': {'street': {'number': 9569, 'name': 'Sæbyvej'}, 'city': 'Sommersted', 'state': 'Midtjylland', 'country': 'Denmark', 'postcode': 39041, 'coordinates': {'latitude': '-43.7939', 'longitude': '100.0386'}, 'timezone': {'offset': '+5:00', 'description': 'Ekaterinburg, Islamabad, Karachi, Tashkent'}}, 'email': 'emma.christiansen@example.com', 'login': {'uuid': '429bfdc7-5828-4bde-b2e5-745d3ec923bc', 'username': 'greenkoala378', 'password': 'tarheels', 'salt': 'HkIU150i', 'md5': '0102751ed35d9a757f32da78e3eea0cf', 'sha1': 'e1476552f309059c8bd192e8a00ebf8691450918', 'sha256': '0b6eea6da4e833cff88e934c4df1343569b9c41d84b43d551dcf77252e2256e6'}, 'dob': {'date': '1964-02-15T07:27:16.074Z', 'age': 60}, 'registered': {'date': '2019-07-23T04:24:53.540Z', 'age': 4}, 'phone': '87512770', 'cell': '61845960', 'id': {'name': 'CPR', 'value': '150264-8266'}, 'picture': {'large': 'https://randomuser.me/api/portraits/women/20.jpg', 'medium': 'https://randomuser.me/api/portraits/med/women/20.jpg', 'thumbnail': 'https://randomuser.me/api/portraits/thumb/women/20.jpg'}, 'nat': 'DK'}</msg>
<arg>${json_data['results'][0]}</arg>
<doc>Logs the given message with the given level.</doc>
<status status="PASS" start="2024-05-01T23:14:49.865670" elapsed="0.000439"/>
</kw>
<kw name="Log" owner="BuiltIn">
<msg time="2024-05-01T23:14:49.866530" level="INFO">login</msg>
<arg>${key}</arg>
<doc>Logs the given message with the given level.</doc>
<status status="PASS" start="2024-05-01T23:14:49.866406" elapsed="0.000161"/>
</kw>
<var name="${key}">login</var>
<status status="PASS" start="2024-05-01T23:14:49.864848" elapsed="0.001956"/>
</iter>
<var>${key}</var>
<value>@{expected_keys}</value>
<status status="PASS" start="2024-05-01T23:14:49.856090" elapsed="0.010837"/>
</for>
<kw name="Create List" owner="BuiltIn">
<msg time="2024-05-01T23:14:49.867259" level="INFO">${expected_keysTwo} = ['username', 'password']</msg>
<var>${expected_keysTwo}</var>
<arg>username</arg>
<arg>password</arg>
<doc>Returns a list containing given items.</doc>
<status status="PASS" start="2024-05-01T23:14:49.867124" elapsed="0.000158"/>
</kw>
<for flavor="IN">
<iter>
<kw name="Dictionary Should Contain Key" owner="Collections">
<msg time="2024-05-01T23:14:49.868171" level="INFO">False</msg>
<arg>${json_data['results'][0]['login']}</arg>
<arg>${keyTwo}</arg>
<doc>Fails if ``key`` is not found from ``dictionary``.</doc>
<status status="PASS" start="2024-05-01T23:14:49.867781" elapsed="0.000426"/>
</kw>
<kw name="Dictionary Should Contain Key" owner="Collections">
<msg time="2024-05-01T23:14:49.868881" level="INFO">False</msg>
<arg>${json_data['results'][0]['login']}</arg>
<arg>${keyTwo}</arg>
<doc>Fails if ``key`` is not found from ``dictionary``.</doc>
<status status="PASS" start="2024-05-01T23:14:49.868499" elapsed="0.000419"/>
</kw>
<kw name="Log" owner="BuiltIn">
<msg time="2024-05-01T23:14:49.869342" level="INFO">username</msg>
<arg>${keyTwo}</arg>
<doc>Logs the given message with the given level.</doc>
<status status="PASS" start="2024-05-01T23:14:49.869218" elapsed="0.000166"/>
</kw>
<var name="${keyTwo}">username</var>
<status status="PASS" start="2024-05-01T23:14:49.867672" elapsed="0.001925"/>
</iter>
<iter>
<kw name="Dictionary Should Contain Key" owner="Collections">
<msg time="2024-05-01T23:14:49.870326" level="INFO">False</msg>
<arg>${json_data['results'][0]['login']}</arg>
<arg>${keyTwo}</arg>
<doc>Fails if ``key`` is not found from ``dictionary``.</doc>
<status status="PASS" start="2024-05-01T23:14:49.869928" elapsed="0.000434"/>
</kw>
<kw name="Dictionary Should Contain Key" owner="Collections">
<msg time="2024-05-01T23:14:49.871114" level="INFO">False</msg>
<arg>${json_data['results'][0]['login']}</arg>
<arg>${keyTwo}</arg>
<doc>Fails if ``key`` is not found from ``dictionary``.</doc>
<status status="PASS" start="2024-05-01T23:14:49.870652" elapsed="0.000500"/>
</kw>
<kw name="Log" owner="BuiltIn">
<msg time="2024-05-01T23:14:49.871572" level="INFO">password</msg>
<arg>${keyTwo}</arg>
<doc>Logs the given message with the given level.</doc>
<status status="PASS" start="2024-05-01T23:14:49.871445" elapsed="0.000163"/>
</kw>
<var name="${keyTwo}">password</var>
<status status="PASS" start="2024-05-01T23:14:49.869798" elapsed="0.002021"/>
</iter>
<var>${keyTwo}</var>
<value>@{expected_keysTwo}</value>
<status status="PASS" start="2024-05-01T23:14:49.867519" elapsed="0.004427"/>
</for>
<status status="PASS" start="2024-05-01T23:14:49.748467" elapsed="0.123625"/>
</kw>
<doc>Testa a estrutura da resposta da API.</doc>
<tag>testeEstruturaResposta</tag>
<status status="PASS" start="2024-05-01T23:14:49.747664" elapsed="0.124590"/>
</test>
<test id="s1-s1-t4" name="Validar tipos de dados" line="28">
<kw name="Teste de Tipos de Dados" owner="random-user-service">
<kw name="GET On Session" owner="RequestsLibrary">
<msg time="2024-05-01T23:14:49.946276" level="INFO">GET Request : url=https://randomuser.me/api 
 path_url=/api 
 headers={'User-Agent': 'python-requests/2.31.0', 'Accept-Encoding': 'gzip, deflate', 'Accept': '*/*', 'Connection': 'keep-alive'} 
 body=None 
 </msg>
<msg time="2024-05-01T23:14:49.946381" level="INFO">GET Response : url=https://randomuser.me/api 
 status=200, reason=OK 
 headers={'Date': 'Wed, 01 May 2024 23:14:49 GMT', 'Content-Type': 'application/json; charset=utf-8', 'Transfer-Encoding': 'chunked', 'Connection': 'keep-alive', 'X-Powered-By': 'Express', 'Access-Control-Allow-Origin': '*', 'Cache-Control': 'no-cache', 'ETag': 'W/"479-M3LRfg3fSuwP5wlcPDBqJURXQzQ"', 'Vary': 'Accept-Encoding', 'Content-Encoding': 'gzip', 'CF-Cache-Status': 'DYNAMIC', 'Report-To': '{"endpoints":[{"url":"https:\\/\\/a.nel.cloudflare.com\\/report\\/v4?s=h6vrurNVAQCBzC4N61YgbZQux1CxZrQ3GfU3OjqJB0ji3%2BclupOlXWwrN%2BKJPMTZdXgEojy3f35ZF5hNptiXFMj9UsOysnF8dqoK2cvjw7qL7HcNPcfzb2y0r7JVAj5h"}],"group":"cf-nel","max_age":604800}', 'NEL': '{"success_fraction":0,"report_to":"cf-nel","max_age":604800}', 'Server': 'cloudflare', 'CF-RAY': '87d37855ce023997-IAD', 'alt-svc': 'h3=":443"; ma=86400'} 
 body={"results":[{"gender":"male","name":{"title":"Mr","first":"Lewis","last":"Lewis"},"location":{"street":{"number":2512,"name":"Trafalgar Street"},"city":"Wellington","state":"Northland","country":"New Zealand","postcode":28895,"coordinates":{"latitude":"50.3341","longitude":"-66.8162"},"timezone":{"offset":"+9:30","description":"Adelaide, Darwin"}},"email":"lewis.lewis@example.com","login":{"uuid":"a7e4ee83-756a-4607-878c-31c528097396","username":"orangepeacock323","password":"jethro","salt":"DuxOydBc","md5":"0471a55b3772872ddf01368eec0245dc","sha1":"7b5f4177a3cd13cff4be327bc55f304d69abe255","sha256":"dd7458bb78340fe24c5162bc769290ca2338f3bd8d8101cbc834f92b69bba5c0"},"dob":{"date":"1950-12-12T12:23:58.987Z","age":73},"registered":{"date":"2017-10-14T14:49:29.207Z","age":6},"phone":"(150)-542-6486","cell":"(131)-188-0210","id":{"name":"","value":null},"picture":{"large":"https://randomuser.me/api/portraits/men/31.jpg","medium":"https://randomuser.me/api/portraits/med/men/31.jpg","thumbnail":"https://randomuser.me/api/portraits/thumb/men/31.jpg"},"nat":"NZ"}],"info":{"seed":"4e656786c96818ce","results":1,"page":1,"version":"1.4"}} 
 </msg>
<msg time="2024-05-01T23:14:49.946455" level="INFO">/opt/hostedtoolcache/Python/3.12.3/x64/lib/python3.12/site-packages/urllib3/connectionpool.py:1103: InsecureRequestWarning: Unverified HTTPS request is being made to host 'randomuser.me'. Adding certificate verification is strongly advised. See: https://urllib3.readthedocs.io/en/latest/advanced-usage.html#tls-warnings
  warnings.warn(</msg>
<msg time="2024-05-01T23:14:49.946577" level="INFO">${response} = &lt;Response [200]&gt;</msg>
<var>${response}</var>
<arg>consultarAPI</arg>
<arg>/api</arg>
<doc>Sends a GET request on a previously created HTTP Session.</doc>
<status status="PASS" start="2024-05-01T23:14:49.874758" elapsed="0.071845"/>
</kw>
<kw name="Set Variable" owner="BuiltIn">
<msg time="2024-05-01T23:14:49.947767" level="INFO">${json_data} = {'results': [{'gender': 'male', 'name': {'title': 'Mr', 'first': 'Lewis', 'last': 'Lewis'}, 'location': {'street': {'number': 2512, 'name': 'Trafalgar Street'}, 'city': 'Wellington', 'state': 'Northla...</msg>
<var>${json_data}</var>
<arg>${response.json()}</arg>
<doc>Returns the given values which can then be assigned to a variables.</doc>
<status status="PASS" start="2024-05-01T23:14:49.947204" elapsed="0.000593"/>
</kw>
<kw name="Log" owner="BuiltIn">
<msg time="2024-05-01T23:14:49.948367" level="INFO">{'results': [{'gender': 'male', 'name': {'title': 'Mr', 'first': 'Lewis', 'last': 'Lewis'}, 'location': {'street': {'number': 2512, 'name': 'Trafalgar Street'}, 'city': 'Wellington', 'state': 'Northland', 'country': 'New Zealand', 'postcode': 28895, 'coordinates': {'latitude': '50.3341', 'longitude': '-66.8162'}, 'timezone': {'offset': '+9:30', 'description': 'Adelaide, Darwin'}}, 'email': 'lewis.lewis@example.com', 'login': {'uuid': 'a7e4ee83-756a-4607-878c-31c528097396', 'username': 'orangepeacock323', 'password': 'jethro', 'salt': 'DuxOydBc', 'md5': '0471a55b3772872ddf01368eec0245dc', 'sha1': '7b5f4177a3cd13cff4be327bc55f304d69abe255', 'sha256': 'dd7458bb78340fe24c5162bc769290ca2338f3bd8d8101cbc834f92b69bba5c0'}, 'dob': {'date': '1950-12-12T12:23:58.987Z', 'age': 73}, 'registered': {'date': '2017-10-14T14:49:29.207Z', 'age': 6}, 'phone': '(150)-542-6486', 'cell': '(131)-188-0210', 'id': {'name': '', 'value': None}, 'picture': {'large': 'https://randomuser.me/api/portraits/men/31.jpg', 'medium': 'https://randomuser.me/api/portraits/med/men/31.jpg', 'thumbnail': 'https://randomuser.me/api/portraits/thumb/men/31.jpg'}, 'nat': 'NZ'}], 'info': {'seed': '4e656786c96818ce', 'results': 1, 'page': 1, 'version': '1.4'}}</msg>
<arg>${json_data}</arg>
<doc>Logs the given message with the given level.</doc>
<status status="PASS" start="2024-05-01T23:14:49.948185" elapsed="0.000275"/>
</kw>
<kw name="Should Be String" owner="String">
<arg>${json_data['results'][0]['gender']}</arg>
<doc>Fails if the given ``item`` is not a string.</doc>
<status status="PASS" start="2024-05-01T23:14:49.948804" elapsed="0.000401"/>
</kw>
<kw name="Should Match Regexp" owner="BuiltIn">
<arg>${json_data['results'][0]['email']}</arg>
<arg>^[a-zA-Z0-9._%+-]+@[a-zA-Z0-9.-]+\.[a-zA-Z]{2,}$</arg>
<doc>Fails if ``string`` does not match ``pattern`` as a regular expression.</doc>
<status status="PASS" start="2024-05-01T23:14:49.949413" elapsed="0.000576"/>
</kw>
<kw name="Should Match Regexp" owner="BuiltIn">
<arg>${json_data['results'][0]['dob']['date']}</arg>
<arg>\\d{4}-\\d{2}-\\d{2}T\\d{2}:\\d{2}:\\d{2}\\.\\d{3}Z</arg>
<doc>Fails if ``string`` does not match ``pattern`` as a regular expression.</doc>
<status status="PASS" start="2024-05-01T23:14:49.950194" elapsed="0.000512"/>
</kw>
<kw name="Should Match Regexp" owner="BuiltIn">
<arg>${json_data['results'][0]['registered']['date']}</arg>
<arg>\\d{4}-\\d{2}-\\d{2}T\\d{2}:\\d{2}:\\d{2}\\.\\d{3}Z</arg>
<doc>Fails if ``string`` does not match ``pattern`` as a regular expression.</doc>
<status status="PASS" start="2024-05-01T23:14:49.950900" elapsed="0.000369"/>
</kw>
<kw name="Should Match Regexp" owner="BuiltIn">
<arg>${json_data['results'][0]['picture']['large']}</arg>
<arg>^https?://.*\.(?:png|jpe?g|gif|bmp)$</arg>
<doc>Fails if ``string`` does not match ``pattern`` as a regular expression.</doc>
<status status="PASS" start="2024-05-01T23:14:49.951466" elapsed="0.000481"/>
</kw>
<kw name="Should Match Regexp" owner="BuiltIn">
<arg>${json_data['results'][0]['picture']['medium']}</arg>
<arg>^https?://.*\.(?:png|jpe?g|gif|bmp)$</arg>
<doc>Fails if ``string`` does not match ``pattern`` as a regular expression.</doc>
<status status="PASS" start="2024-05-01T23:14:49.952135" elapsed="0.000362"/>
</kw>
<kw name="Should Match Regexp" owner="BuiltIn">
<arg>${json_data['results'][0]['picture']['thumbnail']}</arg>
<arg>^https?://.*\.(?:png|jpe?g|gif|bmp)$</arg>
<doc>Fails if ``string`` does not match ``pattern`` as a regular expression.</doc>
<status status="PASS" start="2024-05-01T23:14:49.952690" elapsed="0.000355"/>
</kw>
<kw name="Log" owner="BuiltIn">
<msg time="2024-05-01T23:14:49.953553" level="INFO">{'large': 'https://randomuser.me/api/portraits/men/31.jpg', 'medium': 'https://randomuser.me/api/portraits/med/men/31.jpg', 'thumbnail': 'https://randomuser.me/api/portraits/thumb/men/31.jpg'}</msg>
<arg>${json_data['results'][0]['picture']}</arg>
<doc>Logs the given message with the given level.</doc>
<status status="PASS" start="2024-05-01T23:14:49.953226" elapsed="0.000368"/>
</kw>
<status status="PASS" start="2024-05-01T23:14:49.874528" elapsed="0.079375"/>
</kw>
<kw name="Teste de Tipos de Dados - Postcode" owner="random-user-service">
<kw name="GET On Session" owner="RequestsLibrary">
<msg time="2024-05-01T23:14:50.042069" level="INFO">GET Request : url=https://randomuser.me/api 
 path_url=/api 
 headers={'User-Agent': 'python-requests/2.31.0', 'Accept-Encoding': 'gzip, deflate', 'Accept': '*/*', 'Connection': 'keep-alive'} 
 body=None 
 </msg>
<msg time="2024-05-01T23:14:50.042168" level="INFO">GET Response : url=https://randomuser.me/api 
 status=200, reason=OK 
 headers={'Date': 'Wed, 01 May 2024 23:14:50 GMT', 'Content-Type': 'application/json; charset=utf-8', 'Transfer-Encoding': 'chunked', 'Connection': 'keep-alive', 'X-Powered-By': 'Express', 'Access-Control-Allow-Origin': '*', 'Cache-Control': 'no-cache', 'ETag': 'W/"48c-ksf6bgSKv2r1TvFDsoYHrSMY1go"', 'Vary': 'Accept-Encoding', 'Content-Encoding': 'gzip', 'CF-Cache-Status': 'DYNAMIC', 'Report-To': '{"endpoints":[{"url":"https:\\/\\/a.nel.cloudflare.com\\/report\\/v4?s=2LWoJ%2BZFp3uKBPIJRWxkN5H3xYwFFYeR7lcN25WIkgV0f88flDWXeII0sJcTarqJOLx%2B3G9nWXxevkCHTLsAl3O4aEvAAY5JbXWcOp0om1fAI%2BCIfrwA5xMKNPHgZ25c"}],"group":"cf-nel","max_age":604800}', 'NEL': '{"success_fraction":0,"report_to":"cf-nel","max_age":604800}', 'Server': 'cloudflare', 'CF-RAY': '87d378563e723997-IAD', 'alt-svc': 'h3=":443"; ma=86400'} 
 body={"results":[{"gender":"female","name":{"title":"Mrs","first":"Gorana","last":"Rukavina"},"location":{"street":{"number":9987,"name":"Cetinjska"},"city":"Koceljeva","state":"Bor","country":"Serbia","postcode":41296,"coordinates":{"latitude":"55.9260","longitude":"73.3289"},"timezone":{"offset":"-3:00","description":"Brazil, Buenos Aires, Georgetown"}},"email":"gorana.rukavina@example.com","login":{"uuid":"4aa5f250-57fb-486f-bae4-7579af637c1c","username":"crazyladybug393","password":"taurus","salt":"B0SHz0RO","md5":"b0ecd5d633573e741aac3f25b4bf6e87","sha1":"31020d2cac7f8502577bd451f39641bc7f94054f","sha256":"e77efd8eba9f7baa7f5db42e209e2aaa2d1921e4e39f20e18f40250699086b2a"},"dob":{"date":"1972-10-25T10:57:31.590Z","age":51},"registered":{"date":"2013-09-20T17:47:33.851Z","age":10},"phone":"033-2470-755","cell":"066-8668-521","id":{"name":"SID","value":"258698636"},"picture":{"large":"https://randomuser.me/api/portraits/women/62.jpg","medium":"https://randomuser.me/api/portraits/med/women/62.jpg","thumbnail":"https://randomuser.me/api/portraits/thumb/women/62.jpg"},"nat":"RS"}],"info":{"seed":"51b7ddbadf9e6d26","results":1,"page":1,"version":"1.4"}} 
 </msg>
<msg time="2024-05-01T23:14:50.042237" level="INFO">/opt/hostedtoolcache/Python/3.12.3/x64/lib/python3.12/site-packages/urllib3/connectionpool.py:1103: InsecureRequestWarning: Unverified HTTPS request is being made to host 'randomuser.me'. Adding certificate verification is strongly advised. See: https://urllib3.readthedocs.io/en/latest/advanced-usage.html#tls-warnings
  warnings.warn(</msg>
<msg time="2024-05-01T23:14:50.042354" level="INFO">${response} = &lt;Response [200]&gt;</msg>
<var>${response}</var>
<arg>consultarAPI</arg>
<arg>/api</arg>
<doc>Sends a GET request on a previously created HTTP Session.</doc>
<status status="PASS" start="2024-05-01T23:14:49.954387" elapsed="0.088008"/>
</kw>
<kw name="Set Variable" owner="BuiltIn">
<msg time="2024-05-01T23:14:50.043425" level="INFO">${json_data} = {'results': [{'gender': 'female', 'name': {'title': 'Mrs', 'first': 'Gorana', 'last': 'Rukavina'}, 'location': {'street': {'number': 9987, 'name': 'Cetinjska'}, 'city': 'Koceljeva', 'state': 'Bor', 'c...</msg>
<var>${json_data}</var>
<arg>${response.json()}</arg>
<doc>Returns the given values which can then be assigned to a variables.</doc>
<status status="PASS" start="2024-05-01T23:14:50.042907" elapsed="0.000547"/>
</kw>
<kw name="Log" owner="BuiltIn">
<msg time="2024-05-01T23:14:50.043914" level="INFO">{'results': [{'gender': 'female', 'name': {'title': 'Mrs', 'first': 'Gorana', 'last': 'Rukavina'}, 'location': {'street': {'number': 9987, 'name': 'Cetinjska'}, 'city': 'Koceljeva', 'state': 'Bor', 'country': 'Serbia', 'postcode': 41296, 'coordinates': {'latitude': '55.9260', 'longitude': '73.3289'}, 'timezone': {'offset': '-3:00', 'description': 'Brazil, Buenos Aires, Georgetown'}}, 'email': 'gorana.rukavina@example.com', 'login': {'uuid': '4aa5f250-57fb-486f-bae4-7579af637c1c', 'username': 'crazyladybug393', 'password': 'taurus', 'salt': 'B0SHz0RO', 'md5': 'b0ecd5d633573e741aac3f25b4bf6e87', 'sha1': '31020d2cac7f8502577bd451f39641bc7f94054f', 'sha256': 'e77efd8eba9f7baa7f5db42e209e2aaa2d1921e4e39f20e18f40250699086b2a'}, 'dob': {'date': '1972-10-25T10:57:31.590Z', 'age': 51}, 'registered': {'date': '2013-09-20T17:47:33.851Z', 'age': 10}, 'phone': '033-2470-755', 'cell': '066-8668-521', 'id': {'name': 'SID', 'value': '258698636'}, 'picture': {'large': 'https://randomuser.me/api/portraits/women/62.jpg', 'medium': 'https://randomuser.me/api/portraits/med/women/62.jpg', 'thumbnail': 'https://randomuser.me/api/portraits/thumb/women/62.jpg'}, 'nat': 'RS'}], 'info': {'seed': '51b7ddbadf9e6d26', 'results': 1, 'page': 1, 'version': '1.4'}}</msg>
<arg>${json_data}</arg>
<doc>Logs the given message with the given level.</doc>
<status status="PASS" start="2024-05-01T23:14:50.043760" elapsed="0.000236"/>
</kw>
<kw name="Should Be Equal As Numbers" owner="BuiltIn">
<arg>${json_data['results'][0]['location']['postcode']}</arg>
<arg>${json_data['results'][0]['location']['postcode']}</arg>
<doc>Fails if objects are unequal after converting them to real numbers.</doc>
<status status="PASS" start="2024-05-01T23:14:50.044309" elapsed="0.000802"/>
</kw>
<kw name="Log" owner="BuiltIn">
<msg time="2024-05-01T23:14:50.045639" level="INFO">41296</msg>
<arg>${json_data['results'][0]['location']['postcode']}</arg>
<doc>Logs the given message with the given level.</doc>
<status status="PASS" start="2024-05-01T23:14:50.045306" elapsed="0.000371"/>
</kw>
<status status="PASS" start="2024-05-01T23:14:49.954144" elapsed="0.091831"/>
</kw>
<doc>Testa se os tipos de dados na resposta da API estão corretos.</doc>
<tag>testeTiposDados</tag>
<status status="PASS" start="2024-05-01T23:14:49.874051" elapsed="0.172094"/>
</test>
<test id="s1-s1-t5" name="Validar conteudo" line="35">
<kw name="Teste de Tipos de Conteudo" owner="random-user-service">
<kw name="GET On Session" owner="RequestsLibrary">
<msg time="2024-05-01T23:14:50.141402" level="INFO">GET Request : url=https://randomuser.me/api 
 path_url=/api 
 headers={'User-Agent': 'python-requests/2.31.0', 'Accept-Encoding': 'gzip, deflate', 'Accept': '*/*', 'Connection': 'keep-alive'} 
 body=None 
 </msg>
<msg time="2024-05-01T23:14:50.141498" level="INFO">GET Response : url=https://randomuser.me/api 
 status=200, reason=OK 
 headers={'Date': 'Wed, 01 May 2024 23:14:50 GMT', 'Content-Type': 'application/json; charset=utf-8', 'Transfer-Encoding': 'chunked', 'Connection': 'keep-alive', 'X-Powered-By': 'Express', 'Access-Control-Allow-Origin': '*', 'Cache-Control': 'no-cache', 'ETag': 'W/"484-2pjbmc7CSeXEgLiIMYFVU1eDbLI"', 'Vary': 'Accept-Encoding', 'Content-Encoding': 'gzip', 'CF-Cache-Status': 'DYNAMIC', 'Report-To': '{"endpoints":[{"url":"https:\\/\\/a.nel.cloudflare.com\\/report\\/v4?s=hayQmgnKn7%2B504zF31YXPx32%2B9MkGMYWmVcFKg0e7hfZ1whQ3DcgYZc7RuBeUo%2BRBvZPD3Mla8aQUsbLVEhBvrYL%2Fv1rnXo0TtlxomWz7siP5RO43v3Hmy9w4kuYxYp7"}],"group":"cf-nel","max_age":604800}', 'NEL': '{"success_fraction":0,"report_to":"cf-nel","max_age":604800}', 'Server': 'cloudflare', 'CF-RAY': '87d37856df353997-IAD', 'alt-svc': 'h3=":443"; ma=86400'} 
 body={"results":[{"gender":"male","name":{"title":"Mr","first":"Blake","last":"Bailey"},"location":{"street":{"number":6815,"name":"Bridge Road"},"city":"Ely","state":"Devon","country":"United Kingdom","postcode":"KM06 7PN","coordinates":{"latitude":"-12.4964","longitude":"-92.1252"},"timezone":{"offset":"+7:00","description":"Bangkok, Hanoi, Jakarta"}},"email":"blake.bailey@example.com","login":{"uuid":"10ca1549-8276-456c-bbc4-1c8f3f861157","username":"smallfish179","password":"prodigy","salt":"HiEytyYB","md5":"7fdd1a2005e199afcb4993d7d912407d","sha1":"82d77e666f229b5341fb01540d194921c9b1df03","sha256":"73772d1436ab9425d7bfa5e856a16d41497481fd50d9592f526f24565ae35a29"},"dob":{"date":"1987-11-07T00:44:34.713Z","age":36},"registered":{"date":"2013-04-17T04:23:04.933Z","age":11},"phone":"016974 36403","cell":"07384 131252","id":{"name":"NINO","value":"RJ 47 46 16 O"},"picture":{"large":"https://randomuser.me/api/portraits/men/99.jpg","medium":"https://randomuser.me/api/portraits/med/men/99.jpg","thumbnail":"https://randomuser.me/api/portraits/thumb/men/99.jpg"},"nat":"GB"}],"info":{"seed":"d40630d11b502196","results":1,"page":1,"version":"1.4"}} 
 </msg>
<msg time="2024-05-01T23:14:50.141568" level="INFO">/opt/hostedtoolcache/Python/3.12.3/x64/lib/python3.12/site-packages/urllib3/connectionpool.py:1103: InsecureRequestWarning: Unverified HTTPS request is being made to host 'randomuser.me'. Adding certificate verification is strongly advised. See: https://urllib3.readthedocs.io/en/latest/advanced-usage.html#tls-warnings
  warnings.warn(</msg>
<msg time="2024-05-01T23:14:50.141683" level="INFO">${response} = &lt;Response [200]&gt;</msg>
<var>${response}</var>
<arg>consultarAPI</arg>
<arg>/api</arg>
<doc>Sends a GET request on a previously created HTTP Session.</doc>
<status status="PASS" start="2024-05-01T23:14:50.048604" elapsed="0.093106"/>
</kw>
<kw name="Set Variable" owner="BuiltIn">
<msg time="2024-05-01T23:14:50.142774" level="INFO">${json_data} = {'results': [{'gender': 'male', 'name': {'title': 'Mr', 'first': 'Blake', 'last': 'Bailey'}, 'location': {'street': {'number': 6815, 'name': 'Bridge Road'}, 'city': 'Ely', 'state': 'Devon', 'country':...</msg>
<var>${json_data}</var>
<arg>${response.json()}</arg>
<doc>Returns the given values which can then be assigned to a variables.</doc>
<status status="PASS" start="2024-05-01T23:14:50.142271" elapsed="0.000531"/>
</kw>
<kw name="Set Variable" owner="BuiltIn">
<msg time="2024-05-01T23:14:50.143489" level="INFO">${name_title} = Mr</msg>
<var>${name_title}</var>
<arg>${json_data["results"][0]["name"]["title"]}</arg>
<doc>Returns the given values which can then be assigned to a variables.</doc>
<status status="PASS" start="2024-05-01T23:14:50.143105" elapsed="0.000409"/>
</kw>
<kw name="Create List" owner="BuiltIn">
<msg time="2024-05-01T23:14:50.143964" level="INFO">${allowed_titles} = ['Mr', 'Ms', 'Miss', 'Mrs', 'Madame', 'Monsieur']</msg>
<var>${allowed_titles}</var>
<arg>Mr</arg>
<arg>Ms</arg>
<arg>Miss</arg>
<arg>Mrs</arg>
<arg>Madame</arg>
<arg>Monsieur</arg>
<doc>Returns a list containing given items.</doc>
<status status="PASS" start="2024-05-01T23:14:50.143815" elapsed="0.000173"/>
</kw>
<kw name="List Should Contain Value" owner="Collections">
<msg time="2024-05-01T23:14:50.144462" level="INFO">False</msg>
<arg>${allowed_titles}</arg>
<arg>${name_title}</arg>
<doc>Fails if the ``value`` is not found from ``list``.</doc>
<status status="PASS" start="2024-05-01T23:14:50.144287" elapsed="0.000211"/>
</kw>
<kw name="Set Variable" owner="BuiltIn">
<msg time="2024-05-01T23:14:50.145170" level="INFO">${name_country} = GB</msg>
<var>${name_country}</var>
<arg>${json_data["results"][0]["nat"]}</arg>
<doc>Returns the given values which can then be assigned to a variables.</doc>
<status status="PASS" start="2024-05-01T23:14:50.144788" elapsed="0.000406"/>
</kw>
<kw name="Create List" owner="BuiltIn">
<msg time="2024-05-01T23:14:50.146106" level="INFO">${list_country} = ['AD', 'AE', 'AF', 'AG', 'AI', 'AL', 'AM', 'AO', 'AQ', 'AR', 'AS', 'AT', 'AU', 'AW', 'AX', 'AZ', 'BA', 'BB', 'BD', 'BE', 'BF', 'BG', 'BH', 'BI', 'BJ', 'BL', 'BM', 'BN', 'BO', 'BQ', 'BR', 'BS', 'BT', '...</msg>
<var>${list_country}</var>
<arg>AD</arg>
<arg>AE</arg>
<arg>AF</arg>
<arg>AG</arg>
<arg>AI</arg>
<arg>AL</arg>
<arg>AM</arg>
<arg>AO</arg>
<arg>AQ</arg>
<arg>AR</arg>
<arg>AS</arg>
<arg>AT</arg>
<arg>AU</arg>
<arg>AW</arg>
<arg>AX</arg>
<arg>AZ</arg>
<arg>BA</arg>
<arg>BB</arg>
<arg>BD</arg>
<arg>BE</arg>
<arg>BF</arg>
<arg>BG</arg>
<arg>BH</arg>
<arg>BI</arg>
<arg>BJ</arg>
<arg>BL</arg>
<arg>BM</arg>
<arg>BN</arg>
<arg>BO</arg>
<arg>BQ</arg>
<arg>BR</arg>
<arg>BS</arg>
<arg>BT</arg>
<arg>BV</arg>
<arg>BW</arg>
<arg>BY</arg>
<arg>BZ</arg>
<arg>CA</arg>
<arg>CC</arg>
<arg>CD</arg>
<arg>CF</arg>
<arg>CG</arg>
<arg>CH</arg>
<arg>CI</arg>
<arg>CK</arg>
<arg>CL</arg>
<arg>CM</arg>
<arg>CN</arg>
<arg>CO</arg>
<arg>CR</arg>
<arg>CU</arg>
<arg>CV</arg>
<arg>CW</arg>
<arg>CX</arg>
<arg>CY</arg>
<arg>CZ</arg>
<arg>DE</arg>
<arg>DJ</arg>
<arg>DK</arg>
<arg>DM</arg>
<arg>DO</arg>
<arg>DZ</arg>
<arg>EC</arg>
<arg>EE</arg>
<arg>EG</arg>
<arg>EH</arg>
<arg>ER</arg>
<arg>ES</arg>
<arg>ET</arg>
<arg>FI</arg>
<arg>FJ</arg>
<arg>FK</arg>
<arg>FM</arg>
<arg>FO</arg>
<arg>FR</arg>
<arg>GA</arg>
<arg>GB</arg>
<arg>GD</arg>
<arg>GE</arg>
<arg>GF</arg>
<arg>GG</arg>
<arg>GH</arg>
<arg>GI</arg>
<arg>GL</arg>
<arg>GM</arg>
<arg>GN</arg>
<arg>GP</arg>
<arg>GQ</arg>
<arg>GR</arg>
<arg>GS</arg>
<arg>GT</arg>
<arg>GU</arg>
<arg>GW</arg>
<arg>GY</arg>
<arg>HK</arg>
<arg>HM</arg>
<arg>HN</arg>
<arg>HR</arg>
<arg>HT</arg>
<arg>HU</arg>
<arg>ID</arg>
<arg>IE</arg>
<arg>IL</arg>
<arg>IM</arg>
<arg>IN</arg>
<arg>IO</arg>
<arg>IQ</arg>
<arg>IR</arg>
<arg>IS</arg>
<arg>IT</arg>
<arg>JE</arg>
<arg>JM</arg>
<arg>JO</arg>
<arg>JP</arg>
<arg>KE</arg>
<arg>KG</arg>
<arg>KH</arg>
<arg>KI</arg>
<arg>KM</arg>
<arg>KN</arg>
<arg>KP</arg>
<arg>KR</arg>
<arg>KW</arg>
<arg>KY</arg>
<arg>KZ</arg>
<arg>LA</arg>
<arg>LB</arg>
<arg>LC</arg>
<arg>LI</arg>
<arg>LK</arg>
<arg>LR</arg>
<arg>LS</arg>
<arg>LT</arg>
<arg>LU</arg>
<arg>LV</arg>
<arg>LY</arg>
<arg>MA</arg>
<arg>MC</arg>
<arg>MD</arg>
<arg>ME</arg>
<arg>MF</arg>
<arg>MG</arg>
<arg>MH</arg>
<arg>MK</arg>
<arg>ML</arg>
<arg>MM</arg>
<arg>MN</arg>
<arg>MO</arg>
<arg>MP</arg>
<arg>MQ</arg>
<arg>MR</arg>
<arg>MS</arg>
<arg>MT</arg>
<arg>MU</arg>
<arg>MV</arg>
<arg>MW</arg>
<arg>MX</arg>
<arg>MY</arg>
<arg>MZ</arg>
<arg>NA</arg>
<arg>NC</arg>
<arg>NE</arg>
<arg>NF</arg>
<arg>NG</arg>
<arg>NI</arg>
<arg>NL</arg>
<arg>NO</arg>
<arg>NP</arg>
<arg>NR</arg>
<arg>NU</arg>
<arg>NZ</arg>
<arg>OM</arg>
<arg>PA</arg>
<arg>PE</arg>
<arg>PF</arg>
<arg>PG</arg>
<arg>PH</arg>
<arg>PK</arg>
<arg>PL</arg>
<arg>PM</arg>
<arg>PN</arg>
<arg>PR</arg>
<arg>PS</arg>
<arg>PT</arg>
<arg>PW</arg>
<arg>PY</arg>
<arg>QA</arg>
<arg>RE</arg>
<arg>RO</arg>
<arg>RS</arg>
<arg>RU</arg>
<arg>RW</arg>
<arg>SA</arg>
<arg>SB</arg>
<arg>SC</arg>
<arg>SD</arg>
<arg>SE</arg>
<arg>SG</arg>
<arg>SH</arg>
<arg>SI</arg>
<arg>SJ</arg>
<arg>SK</arg>
<arg>SL</arg>
<arg>SM</arg>
<arg>SN</arg>
<arg>SO</arg>
<arg>SR</arg>
<arg>SS</arg>
<arg>ST</arg>
<arg>SV</arg>
<arg>SX</arg>
<arg>SY</arg>
<arg>SZ</arg>
<arg>TC</arg>
<arg>TD</arg>
<arg>TF</arg>
<arg>TG</arg>
<arg>TH</arg>
<arg>TJ</arg>
<arg>TK</arg>
<arg>TL</arg>
<arg>TM</arg>
<arg>TN</arg>
<arg>TO</arg>
<arg>TR</arg>
<arg>TT</arg>
<arg>TV</arg>
<arg>TW</arg>
<arg>TZ</arg>
<arg>UA</arg>
<arg>UG</arg>
<arg>UM</arg>
<arg>US</arg>
<arg>UY</arg>
<arg>UZ</arg>
<arg>VA</arg>
<arg>VC</arg>
<arg>VE</arg>
<arg>VG</arg>
<arg>VI</arg>
<arg>VN</arg>
<arg>VU</arg>
<arg>WF</arg>
<arg>WS</arg>
<arg>XK</arg>
<arg>YE</arg>
<arg>YT</arg>
<arg>ZA</arg>
<arg>ZM</arg>
<arg>ZW</arg>
<doc>Returns a list containing given items.</doc>
<status status="PASS" start="2024-05-01T23:14:50.145491" elapsed="0.000640"/>
</kw>
<kw name="List Should Contain Value" owner="Collections">
<msg time="2024-05-01T23:14:50.147123" level="INFO">False</msg>
<arg>${list_country}</arg>
<arg>${name_country}</arg>
<doc>Fails if the ``value`` is not found from ``list``.</doc>
<status status="PASS" start="2024-05-01T23:14:50.146926" elapsed="0.000233"/>
</kw>
<kw name="Run Keyword If" owner="BuiltIn">
<kw name="Should Be True" owner="BuiltIn">
<arg>${True}</arg>
<doc>Fails if the given condition is not true.</doc>
<status status="PASS" start="2024-05-01T23:14:50.148225" elapsed="0.000149"/>
</kw>
<arg>${json_data["results"][0]["location"]["coordinates"]["latitude"]} &gt;= -90 and ${json_data["results"][0]["location"]["coordinates"]["latitude"]} &lt;= 90</arg>
<arg>Should Be True</arg>
<arg>${True}</arg>
<doc>Runs the given keyword with the given arguments, if ``condition`` is true.</doc>
<status status="PASS" start="2024-05-01T23:14:50.147466" elapsed="0.001035"/>
</kw>
<kw name="Run Keyword If" owner="BuiltIn">
<kw name="Should Be True" owner="BuiltIn">
<arg>${True}</arg>
<doc>Fails if the given condition is not true.</doc>
<status status="PASS" start="2024-05-01T23:14:50.149381" elapsed="0.000255"/>
</kw>
<arg>${json_data["results"][0]["location"]["coordinates"]["longitude"]} &gt;= -180 and ${json_data["results"][0]["location"]["coordinates"]["longitude"]} &lt;= 180</arg>
<arg>Should Be True</arg>
<arg>${True}</arg>
<doc>Runs the given keyword with the given arguments, if ``condition`` is true.</doc>
<status status="PASS" start="2024-05-01T23:14:50.148685" elapsed="0.001104"/>
</kw>
<status status="PASS" start="2024-05-01T23:14:50.048373" elapsed="0.101555"/>
</kw>
<doc>Testa o conteúdo específico dos campos retornados pela API.</doc>
<tag>testeConteudo</tag>
<status status="PASS" start="2024-05-01T23:14:50.047902" elapsed="0.102179"/>
</test>
<status status="PASS" start="2024-05-01T23:14:49.210011" elapsed="0.942060"/>
</suite>
<status status="PASS" start="2024-05-01T23:14:49.195996" elapsed="0.961210"/>
</suite>
<statistics>
<total>
<stat pass="5" fail="0" skip="0">All Tests</stat>
</total>
<tag>
<stat pass="1" fail="0" skip="0">testeConteudo</stat>
<stat pass="1" fail="0" skip="0">testeEstruturaResposta</stat>
<stat pass="1" fail="0" skip="0">testeRequisicaoBasica</stat>
<stat pass="1" fail="0" skip="0">testeTiposDados</stat>
</tag>
<suite>
<stat pass="5" fail="0" skip="0" id="s1" name="Tests">Tests</stat>
<stat pass="5" fail="0" skip="0" id="s1-s1" name="Random-User-Test">Tests.Random-User-Test</stat>
</suite>
</statistics>
<errors>
</errors>
</robot>
