<?xml version="1.0" encoding="UTF-8"?>
<robot generator="Robot 7.0 (Python 3.12.2 on linux)" generated="2024-04-10T07:14:40.542250" rpa="false" schemaversion="5">
<suite id="s1" name="Tests" source="/home/runner/work/DesafioQAItauRogerioJordao/DesafioQAItauRogerioJordao/RamdonUser/tests">
<suite id="s1-s1" name="Random-User-Test" source="/home/runner/work/DesafioQAItauRogerioJordao/DesafioQAItauRogerioJordao/RamdonUser/tests/random-user-test.robot">
<test id="s1-s1-t1" name="Conectar" line="13">
<kw name="Conectar API" owner="random-user-service">
<kw name="Create Session" owner="RequestsLibrary">
<msg time="2024-04-10T07:14:40.909797" level="INFO">Creating Session using : alias=consultarAPI, url=https://randomuser.me/, headers={},                     cookies={}, auth=None, timeout=None, proxies=None, verify=False,                     debug=0 </msg>
<arg>consultarAPI</arg>
<arg>${URL}</arg>
<doc>Create Session: create a HTTP session to a server</doc>
<status status="PASS" start="2024-04-10T07:14:40.909565" elapsed="0.000424"/>
</kw>
<status status="PASS" start="2024-04-10T07:14:40.908468" elapsed="0.001886"/>
</kw>
<status status="PASS" start="2024-04-10T07:14:40.907912" elapsed="0.002649"/>
</test>
<test id="s1-s1-t2" name="Validar retorno 200 e JSON Válido" line="16">
<kw name="Teste de Requisicao Basica" owner="random-user-service">
<kw name="GET On Session" owner="RequestsLibrary">
<msg time="2024-04-10T07:14:41.127412" level="INFO">GET Request : url=https://randomuser.me/api 
 path_url=/api 
 headers={'User-Agent': 'python-requests/2.31.0', 'Accept-Encoding': 'gzip, deflate', 'Accept': '*/*', 'Connection': 'keep-alive'} 
 body=None 
 </msg>
<msg time="2024-04-10T07:14:41.127577" level="INFO">GET Response : url=https://randomuser.me/api 
 status=200, reason=OK 
 headers={'Date': 'Wed, 10 Apr 2024 07:14:41 GMT', 'Content-Type': 'application/json; charset=utf-8', 'Transfer-Encoding': 'chunked', 'Connection': 'keep-alive', 'X-Powered-By': 'Express', 'Access-Control-Allow-Origin': '*', 'Cache-Control': 'no-cache', 'ETag': 'W/"492-0ZNTUS8OVs3ZWEk5xY3n/UE78ng"', 'Vary': 'Accept-Encoding', 'Content-Encoding': 'gzip', 'CF-Cache-Status': 'DYNAMIC', 'Report-To': '{"endpoints":[{"url":"https:\\/\\/a.nel.cloudflare.com\\/report\\/v4?s=Y6V9Y%2BXeXodMUIrDDhnoiZO2uVshf2SeAgLDn1BV60wMT76knkfC8Ltakj1LyVU9Vuhdz7fOfBKmZ1%2FlS3lxpZIYst%2F3cqCMVycZ%2FyupjmNEKten4RP0hulMTz1k2cV%2F"}],"group":"cf-nel","max_age":604800}', 'NEL': '{"success_fraction":0,"report_to":"cf-nel","max_age":604800}', 'Server': 'cloudflare', 'CF-RAY': '8720f0fe8eed15a4-SJC', 'alt-svc': 'h3=":443"; ma=86400'} 
 body={"results":[{"gender":"male","name":{"title":"Monsieur","first":"Carmelo","last":"Noel"},"location":{"street":{"number":3646,"name":"Rue du Village"},"city":"Lantsch/Lenz","state":"Thurgau","country":"Switzerland","postcode":5322,"coordinates":{"latitude":"-59.5236","longitude":"-153.1109"},"timezone":{"offset":"+7:00","description":"Bangkok, Hanoi, Jakarta"}},"email":"carmelo.noel@example.com","login":{"uuid":"2cc5d7c7-6cd9-448f-9b05-dcc7727cc758","username":"angrygoose857","password":"pluto","salt":"yV1JrH0u","md5":"15a925ff85d510d063ee61f092b2e099","sha1":"05e84f32d04b4cfdab10c6777b83fe7701d85261","sha256":"c314b795a8a4d3050d797919e9e63f98aa2e1d70ff306d8ec0329d21337524ef"},"dob":{"date":"1988-01-19T02:34:00.016Z","age":36},"registered":{"date":"2017-11-05T22:21:42.391Z","age":6},"phone":"075 477 43 50","cell":"075 522 59 31","id":{"name":"AVS","value":"756.9840.2415.22"},"picture":{"large":"https://randomuser.me/api/portraits/men/48.jpg","medium":"https://randomuser.me/api/portraits/med/men/48.jpg","thumbnail":"https://randomuser.me/api/portraits/thumb/men/48.jpg"},"nat":"CH"}],"info":{"seed":"feaff3bdb446a885","results":1,"page":1,"version":"1.4"}} 
 </msg>
<msg time="2024-04-10T07:14:41.127657" level="INFO">/opt/hostedtoolcache/Python/3.12.2/x64/lib/python3.12/site-packages/urllib3/connectionpool.py:1103: InsecureRequestWarning: Unverified HTTPS request is being made to host 'randomuser.me'. Adding certificate verification is strongly advised. See: https://urllib3.readthedocs.io/en/latest/advanced-usage.html#tls-warnings
  warnings.warn(</msg>
<msg time="2024-04-10T07:14:41.127796" level="INFO">${response} = &lt;Response [200]&gt;</msg>
<var>${response}</var>
<arg>consultarAPI</arg>
<arg>/api</arg>
<doc>Sends a GET request on a previously created HTTP Session.</doc>
<status status="PASS" start="2024-04-10T07:14:40.913098" elapsed="0.214742"/>
</kw>
<kw name="Should Be Equal As Numbers" owner="BuiltIn">
<msg time="2024-04-10T07:14:41.128879" level="INFO">Argument types are:
&lt;class 'int'&gt;
&lt;class 'str'&gt;</msg>
<arg>${response.status_code}</arg>
<arg>200</arg>
<doc>Fails if objects are unequal after converting them to real numbers.</doc>
<status status="PASS" start="2024-04-10T07:14:41.128384" elapsed="0.000563"/>
</kw>
<kw name="Log" owner="BuiltIn">
<msg time="2024-04-10T07:14:41.129634" level="INFO">200</msg>
<arg>${response.status_code}</arg>
<doc>Logs the given message with the given level.</doc>
<status status="PASS" start="2024-04-10T07:14:41.129276" elapsed="0.000401"/>
</kw>
<kw name="Set Variable" owner="BuiltIn">
<msg time="2024-04-10T07:14:41.130497" level="INFO">${json_data} = {'results': [{'gender': 'male', 'name': {'title': 'Monsieur', 'first': 'Carmelo', 'last': 'Noel'}, 'location': {'street': {'number': 3646, 'name': 'Rue du Village'}, 'city': 'Lantsch/Lenz', 'state': '...</msg>
<var>${json_data}</var>
<arg>${response.json()}</arg>
<doc>Returns the given values which can then be assigned to a variables.</doc>
<status status="PASS" start="2024-04-10T07:14:41.130048" elapsed="0.000477"/>
</kw>
<kw name="Dictionary Should Contain Key" owner="Collections">
<msg time="2024-04-10T07:14:41.131004" level="INFO">False</msg>
<arg>${json_data}</arg>
<arg>results</arg>
<doc>Fails if ``key`` is not found from ``dictionary``.</doc>
<status status="PASS" start="2024-04-10T07:14:41.130834" elapsed="0.000209"/>
</kw>
<status status="PASS" start="2024-04-10T07:14:40.912846" elapsed="0.218463"/>
</kw>
<doc>Testa se a API responde corretamente e retorna um objeto JSON válido.</doc>
<tag>testeRequisicaoBasica</tag>
<status status="PASS" start="2024-04-10T07:14:40.912373" elapsed="0.219128"/>
</test>
<test id="s1-s1-t3" name="Validar estrutura de resposta" line="22">
<kw name="Teste de Estrutura de Resposta" owner="random-user-service">
<kw name="GET On Session" owner="RequestsLibrary">
<msg time="2024-04-10T07:14:41.231270" level="INFO">GET Request : url=https://randomuser.me/api 
 path_url=/api 
 headers={'User-Agent': 'python-requests/2.31.0', 'Accept-Encoding': 'gzip, deflate', 'Accept': '*/*', 'Connection': 'keep-alive'} 
 body=None 
 </msg>
<msg time="2024-04-10T07:14:41.231384" level="INFO">GET Response : url=https://randomuser.me/api 
 status=200, reason=OK 
 headers={'Date': 'Wed, 10 Apr 2024 07:14:41 GMT', 'Content-Type': 'application/json; charset=utf-8', 'Transfer-Encoding': 'chunked', 'Connection': 'keep-alive', 'X-Powered-By': 'Express', 'Access-Control-Allow-Origin': '*', 'Cache-Control': 'no-cache', 'ETag': 'W/"48f-YgRvdpA7elWkWBmIwvhCUZLT3VU"', 'Vary': 'Accept-Encoding', 'Content-Encoding': 'gzip', 'CF-Cache-Status': 'DYNAMIC', 'Report-To': '{"endpoints":[{"url":"https:\\/\\/a.nel.cloudflare.com\\/report\\/v4?s=Blg0gG5QThEKYYE3GCWG6bq8UVQ7iq9DbVIsIVus6A8%2BXR4wcC%2F6nK7xIG5sggVe4SBh%2Bq%2FWoUZ%2BSKyYakJ3xcCqh0pxkJi%2Fzl2snYboAkih%2FGjTM6xj%2BOhVbyCbkHh4"}],"group":"cf-nel","max_age":604800}', 'NEL': '{"success_fraction":0,"report_to":"cf-nel","max_age":604800}', 'Server': 'cloudflare', 'CF-RAY': '8720f0ff2f9115a4-SJC', 'alt-svc': 'h3=":443"; ma=86400'} 
 body={"results":[{"gender":"female","name":{"title":"Ms","first":"Albina","last":"Nascimento"},"location":{"street":{"number":883,"name":"Travessa dos Açorianos"},"city":"Timon","state":"São Paulo","country":"Brazil","postcode":34044,"coordinates":{"latitude":"-80.4832","longitude":"115.0773"},"timezone":{"offset":"+3:30","description":"Tehran"}},"email":"albina.nascimento@example.com","login":{"uuid":"0af91fef-44a2-4781-a120-b03bcb818a94","username":"angryostrich146","password":"bronco","salt":"rOhBFf6f","md5":"e35dc1b98cb9dd8dfbe8a1a4b633f8c1","sha1":"29017ecc5482654cf446867dbef8280cabb5b4b6","sha256":"bff6f222d6cce5700ec62d6b81e438c2c787c322dd90854a5ab23047c59cdae9"},"dob":{"date":"1957-11-01T06:30:00.008Z","age":66},"registered":{"date":"2016-08-24T11:16:57.408Z","age":7},"phone":"(75) 0565-3035","cell":"(82) 6403-5416","id":{"name":"CPF","value":"363.944.158-67"},"picture":{"large":"https://randomuser.me/api/portraits/women/77.jpg","medium":"https://randomuser.me/api/portraits/med/women/77.jpg","thumbnail":"https://randomuser.me/api/portraits/thumb/women/77.jpg"},"nat":"BR"}],"info":{"seed":"f12ea2b437723f41","results":1,"page":1,"version":"1.4"}} 
 </msg>
<msg time="2024-04-10T07:14:41.231549" level="INFO">/opt/hostedtoolcache/Python/3.12.2/x64/lib/python3.12/site-packages/urllib3/connectionpool.py:1103: InsecureRequestWarning: Unverified HTTPS request is being made to host 'randomuser.me'. Adding certificate verification is strongly advised. See: https://urllib3.readthedocs.io/en/latest/advanced-usage.html#tls-warnings
  warnings.warn(</msg>
<msg time="2024-04-10T07:14:41.231679" level="INFO">${response} = &lt;Response [200]&gt;</msg>
<var>${response}</var>
<arg>consultarAPI</arg>
<arg>/api</arg>
<doc>Sends a GET request on a previously created HTTP Session.</doc>
<status status="PASS" start="2024-04-10T07:14:41.134362" elapsed="0.097359"/>
</kw>
<kw name="Set Variable" owner="BuiltIn">
<msg time="2024-04-10T07:14:41.232771" level="INFO">${json_data} = {'results': [{'gender': 'female', 'name': {'title': 'Ms', 'first': 'Albina', 'last': 'Nascimento'}, 'location': {'street': {'number': 883, 'name': 'Travessa dos Açorianos'}, 'city': 'Timon', 'state': ...</msg>
<var>${json_data}</var>
<arg>${response.json()}</arg>
<doc>Returns the given values which can then be assigned to a variables.</doc>
<status status="PASS" start="2024-04-10T07:14:41.232240" elapsed="0.000562"/>
</kw>
<kw name="Log" owner="BuiltIn">
<msg time="2024-04-10T07:14:41.233285" level="INFO">{'results': [{'gender': 'female', 'name': {'title': 'Ms', 'first': 'Albina', 'last': 'Nascimento'}, 'location': {'street': {'number': 883, 'name': 'Travessa dos Açorianos'}, 'city': 'Timon', 'state': 'São Paulo', 'country': 'Brazil', 'postcode': 34044, 'coordinates': {'latitude': '-80.4832', 'longitude': '115.0773'}, 'timezone': {'offset': '+3:30', 'description': 'Tehran'}}, 'email': 'albina.nascimento@example.com', 'login': {'uuid': '0af91fef-44a2-4781-a120-b03bcb818a94', 'username': 'angryostrich146', 'password': 'bronco', 'salt': 'rOhBFf6f', 'md5': 'e35dc1b98cb9dd8dfbe8a1a4b633f8c1', 'sha1': '29017ecc5482654cf446867dbef8280cabb5b4b6', 'sha256': 'bff6f222d6cce5700ec62d6b81e438c2c787c322dd90854a5ab23047c59cdae9'}, 'dob': {'date': '1957-11-01T06:30:00.008Z', 'age': 66}, 'registered': {'date': '2016-08-24T11:16:57.408Z', 'age': 7}, 'phone': '(75) 0565-3035', 'cell': '(82) 6403-5416', 'id': {'name': 'CPF', 'value': '363.944.158-67'}, 'picture': {'large': 'https://randomuser.me/api/portraits/women/77.jpg', 'medium': 'https://randomuser.me/api/portraits/med/women/77.jpg', 'thumbnail': 'https://randomuser.me/api/portraits/thumb/women/77.jpg'}, 'nat': 'BR'}], 'info': {'seed': 'f12ea2b437723f41', 'results': 1, 'page': 1, 'version': '1.4'}}</msg>
<arg>${json_data}</arg>
<doc>Logs the given message with the given level.</doc>
<status status="PASS" start="2024-04-10T07:14:41.233118" elapsed="0.000217"/>
</kw>
<kw name="Dictionary Should Contain Key" owner="Collections">
<msg time="2024-04-10T07:14:41.233833" level="INFO">False</msg>
<arg>${json_data}</arg>
<arg>results</arg>
<doc>Fails if ``key`` is not found from ``dictionary``.</doc>
<status status="PASS" start="2024-04-10T07:14:41.233639" elapsed="0.000240"/>
</kw>
<kw name="Should Not Be Empty" owner="BuiltIn">
<msg time="2024-04-10T07:14:41.234320" level="INFO">Length is 2.</msg>
<arg>${json_data}</arg>
<doc>Verifies that the given item is not empty.</doc>
<status status="PASS" start="2024-04-10T07:14:41.234184" elapsed="0.000176"/>
</kw>
<kw name="Create List" owner="BuiltIn">
<msg time="2024-04-10T07:14:41.234820" level="INFO">${expected_keys} = ['gender', 'name', 'location', 'email', 'login']</msg>
<var>${expected_keys}</var>
<arg>gender</arg>
<arg>name</arg>
<arg>location</arg>
<arg>email</arg>
<arg>login</arg>
<doc>Returns a list containing given items.</doc>
<status status="PASS" start="2024-04-10T07:14:41.234657" elapsed="0.000188"/>
</kw>
<for flavor="IN">
<iter>
<kw name="Dictionary Should Contain Key" owner="Collections">
<msg time="2024-04-10T07:14:41.235846" level="INFO">False</msg>
<arg>${json_data['results'][0]}</arg>
<arg>${key}</arg>
<doc>Fails if ``key`` is not found from ``dictionary``.</doc>
<status status="PASS" start="2024-04-10T07:14:41.235438" elapsed="0.000449"/>
</kw>
<kw name="Log" owner="BuiltIn">
<msg time="2024-04-10T07:14:41.236579" level="INFO">{'gender': 'female', 'name': {'title': 'Ms', 'first': 'Albina', 'last': 'Nascimento'}, 'location': {'street': {'number': 883, 'name': 'Travessa dos Açorianos'}, 'city': 'Timon', 'state': 'São Paulo', 'country': 'Brazil', 'postcode': 34044, 'coordinates': {'latitude': '-80.4832', 'longitude': '115.0773'}, 'timezone': {'offset': '+3:30', 'description': 'Tehran'}}, 'email': 'albina.nascimento@example.com', 'login': {'uuid': '0af91fef-44a2-4781-a120-b03bcb818a94', 'username': 'angryostrich146', 'password': 'bronco', 'salt': 'rOhBFf6f', 'md5': 'e35dc1b98cb9dd8dfbe8a1a4b633f8c1', 'sha1': '29017ecc5482654cf446867dbef8280cabb5b4b6', 'sha256': 'bff6f222d6cce5700ec62d6b81e438c2c787c322dd90854a5ab23047c59cdae9'}, 'dob': {'date': '1957-11-01T06:30:00.008Z', 'age': 66}, 'registered': {'date': '2016-08-24T11:16:57.408Z', 'age': 7}, 'phone': '(75) 0565-3035', 'cell': '(82) 6403-5416', 'id': {'name': 'CPF', 'value': '363.944.158-67'}, 'picture': {'large': 'https://randomuser.me/api/portraits/women/77.jpg', 'medium': 'https://randomuser.me/api/portraits/med/women/77.jpg', 'thumbnail': 'https://randomuser.me/api/portraits/thumb/women/77.jpg'}, 'nat': 'BR'}</msg>
<arg>${json_data['results'][0]}</arg>
<doc>Logs the given message with the given level.</doc>
<status status="PASS" start="2024-04-10T07:14:41.236201" elapsed="0.000434"/>
</kw>
<kw name="Log" owner="BuiltIn">
<msg time="2024-04-10T07:14:41.237073" level="INFO">gender</msg>
<arg>${key}</arg>
<doc>Logs the given message with the given level.</doc>
<status status="PASS" start="2024-04-10T07:14:41.236941" elapsed="0.000172"/>
</kw>
<var name="${key}">gender</var>
<status status="PASS" start="2024-04-10T07:14:41.235312" elapsed="0.002022"/>
</iter>
<iter>
<kw name="Dictionary Should Contain Key" owner="Collections">
<msg time="2024-04-10T07:14:41.238059" level="INFO">False</msg>
<arg>${json_data['results'][0]}</arg>
<arg>${key}</arg>
<doc>Fails if ``key`` is not found from ``dictionary``.</doc>
<status status="PASS" start="2024-04-10T07:14:41.237640" elapsed="0.000457"/>
</kw>
<kw name="Log" owner="BuiltIn">
<msg time="2024-04-10T07:14:41.238792" level="INFO">{'gender': 'female', 'name': {'title': 'Ms', 'first': 'Albina', 'last': 'Nascimento'}, 'location': {'street': {'number': 883, 'name': 'Travessa dos Açorianos'}, 'city': 'Timon', 'state': 'São Paulo', 'country': 'Brazil', 'postcode': 34044, 'coordinates': {'latitude': '-80.4832', 'longitude': '115.0773'}, 'timezone': {'offset': '+3:30', 'description': 'Tehran'}}, 'email': 'albina.nascimento@example.com', 'login': {'uuid': '0af91fef-44a2-4781-a120-b03bcb818a94', 'username': 'angryostrich146', 'password': 'bronco', 'salt': 'rOhBFf6f', 'md5': 'e35dc1b98cb9dd8dfbe8a1a4b633f8c1', 'sha1': '29017ecc5482654cf446867dbef8280cabb5b4b6', 'sha256': 'bff6f222d6cce5700ec62d6b81e438c2c787c322dd90854a5ab23047c59cdae9'}, 'dob': {'date': '1957-11-01T06:30:00.008Z', 'age': 66}, 'registered': {'date': '2016-08-24T11:16:57.408Z', 'age': 7}, 'phone': '(75) 0565-3035', 'cell': '(82) 6403-5416', 'id': {'name': 'CPF', 'value': '363.944.158-67'}, 'picture': {'large': 'https://randomuser.me/api/portraits/women/77.jpg', 'medium': 'https://randomuser.me/api/portraits/med/women/77.jpg', 'thumbnail': 'https://randomuser.me/api/portraits/thumb/women/77.jpg'}, 'nat': 'BR'}</msg>
<arg>${json_data['results'][0]}</arg>
<doc>Logs the given message with the given level.</doc>
<status status="PASS" start="2024-04-10T07:14:41.238428" elapsed="0.000413"/>
</kw>
<kw name="Log" owner="BuiltIn">
<msg time="2024-04-10T07:14:41.239273" level="INFO">name</msg>
<arg>${key}</arg>
<doc>Logs the given message with the given level.</doc>
<status status="PASS" start="2024-04-10T07:14:41.239142" elapsed="0.000169"/>
</kw>
<var name="${key}">name</var>
<status status="PASS" start="2024-04-10T07:14:41.237524" elapsed="0.002009"/>
</iter>
<iter>
<kw name="Dictionary Should Contain Key" owner="Collections">
<msg time="2024-04-10T07:14:41.240207" level="INFO">False</msg>
<arg>${json_data['results'][0]}</arg>
<arg>${key}</arg>
<doc>Fails if ``key`` is not found from ``dictionary``.</doc>
<status status="PASS" start="2024-04-10T07:14:41.239824" elapsed="0.000422"/>
</kw>
<kw name="Log" owner="BuiltIn">
<msg time="2024-04-10T07:14:41.240913" level="INFO">{'gender': 'female', 'name': {'title': 'Ms', 'first': 'Albina', 'last': 'Nascimento'}, 'location': {'street': {'number': 883, 'name': 'Travessa dos Açorianos'}, 'city': 'Timon', 'state': 'São Paulo', 'country': 'Brazil', 'postcode': 34044, 'coordinates': {'latitude': '-80.4832', 'longitude': '115.0773'}, 'timezone': {'offset': '+3:30', 'description': 'Tehran'}}, 'email': 'albina.nascimento@example.com', 'login': {'uuid': '0af91fef-44a2-4781-a120-b03bcb818a94', 'username': 'angryostrich146', 'password': 'bronco', 'salt': 'rOhBFf6f', 'md5': 'e35dc1b98cb9dd8dfbe8a1a4b633f8c1', 'sha1': '29017ecc5482654cf446867dbef8280cabb5b4b6', 'sha256': 'bff6f222d6cce5700ec62d6b81e438c2c787c322dd90854a5ab23047c59cdae9'}, 'dob': {'date': '1957-11-01T06:30:00.008Z', 'age': 66}, 'registered': {'date': '2016-08-24T11:16:57.408Z', 'age': 7}, 'phone': '(75) 0565-3035', 'cell': '(82) 6403-5416', 'id': {'name': 'CPF', 'value': '363.944.158-67'}, 'picture': {'large': 'https://randomuser.me/api/portraits/women/77.jpg', 'medium': 'https://randomuser.me/api/portraits/med/women/77.jpg', 'thumbnail': 'https://randomuser.me/api/portraits/thumb/women/77.jpg'}, 'nat': 'BR'}</msg>
<arg>${json_data['results'][0]}</arg>
<doc>Logs the given message with the given level.</doc>
<status status="PASS" start="2024-04-10T07:14:41.240546" elapsed="0.000421"/>
</kw>
<kw name="Log" owner="BuiltIn">
<msg time="2024-04-10T07:14:41.241392" level="INFO">location</msg>
<arg>${key}</arg>
<doc>Logs the given message with the given level.</doc>
<status status="PASS" start="2024-04-10T07:14:41.241265" elapsed="0.000166"/>
</kw>
<var name="${key}">location</var>
<status status="PASS" start="2024-04-10T07:14:41.239712" elapsed="0.001938"/>
</iter>
<iter>
<kw name="Dictionary Should Contain Key" owner="Collections">
<msg time="2024-04-10T07:14:41.242343" level="INFO">False</msg>
<arg>${json_data['results'][0]}</arg>
<arg>${key}</arg>
<doc>Fails if ``key`` is not found from ``dictionary``.</doc>
<status status="PASS" start="2024-04-10T07:14:41.241967" elapsed="0.000414"/>
</kw>
<kw name="Log" owner="BuiltIn">
<msg time="2024-04-10T07:14:41.243045" level="INFO">{'gender': 'female', 'name': {'title': 'Ms', 'first': 'Albina', 'last': 'Nascimento'}, 'location': {'street': {'number': 883, 'name': 'Travessa dos Açorianos'}, 'city': 'Timon', 'state': 'São Paulo', 'country': 'Brazil', 'postcode': 34044, 'coordinates': {'latitude': '-80.4832', 'longitude': '115.0773'}, 'timezone': {'offset': '+3:30', 'description': 'Tehran'}}, 'email': 'albina.nascimento@example.com', 'login': {'uuid': '0af91fef-44a2-4781-a120-b03bcb818a94', 'username': 'angryostrich146', 'password': 'bronco', 'salt': 'rOhBFf6f', 'md5': 'e35dc1b98cb9dd8dfbe8a1a4b633f8c1', 'sha1': '29017ecc5482654cf446867dbef8280cabb5b4b6', 'sha256': 'bff6f222d6cce5700ec62d6b81e438c2c787c322dd90854a5ab23047c59cdae9'}, 'dob': {'date': '1957-11-01T06:30:00.008Z', 'age': 66}, 'registered': {'date': '2016-08-24T11:16:57.408Z', 'age': 7}, 'phone': '(75) 0565-3035', 'cell': '(82) 6403-5416', 'id': {'name': 'CPF', 'value': '363.944.158-67'}, 'picture': {'large': 'https://randomuser.me/api/portraits/women/77.jpg', 'medium': 'https://randomuser.me/api/portraits/med/women/77.jpg', 'thumbnail': 'https://randomuser.me/api/portraits/thumb/women/77.jpg'}, 'nat': 'BR'}</msg>
<arg>${json_data['results'][0]}</arg>
<doc>Logs the given message with the given level.</doc>
<status status="PASS" start="2024-04-10T07:14:41.242686" elapsed="0.000409"/>
</kw>
<kw name="Log" owner="BuiltIn">
<msg time="2024-04-10T07:14:41.243525" level="INFO">email</msg>
<arg>${key}</arg>
<doc>Logs the given message with the given level.</doc>
<status status="PASS" start="2024-04-10T07:14:41.243397" elapsed="0.000165"/>
</kw>
<var name="${key}">email</var>
<status status="PASS" start="2024-04-10T07:14:41.241846" elapsed="0.001936"/>
</iter>
<iter>
<kw name="Dictionary Should Contain Key" owner="Collections">
<msg time="2024-04-10T07:14:41.244449" level="INFO">False</msg>
<arg>${json_data['results'][0]}</arg>
<arg>${key}</arg>
<doc>Fails if ``key`` is not found from ``dictionary``.</doc>
<status status="PASS" start="2024-04-10T07:14:41.244065" elapsed="0.000421"/>
</kw>
<kw name="Log" owner="BuiltIn">
<msg time="2024-04-10T07:14:41.245143" level="INFO">{'gender': 'female', 'name': {'title': 'Ms', 'first': 'Albina', 'last': 'Nascimento'}, 'location': {'street': {'number': 883, 'name': 'Travessa dos Açorianos'}, 'city': 'Timon', 'state': 'São Paulo', 'country': 'Brazil', 'postcode': 34044, 'coordinates': {'latitude': '-80.4832', 'longitude': '115.0773'}, 'timezone': {'offset': '+3:30', 'description': 'Tehran'}}, 'email': 'albina.nascimento@example.com', 'login': {'uuid': '0af91fef-44a2-4781-a120-b03bcb818a94', 'username': 'angryostrich146', 'password': 'bronco', 'salt': 'rOhBFf6f', 'md5': 'e35dc1b98cb9dd8dfbe8a1a4b633f8c1', 'sha1': '29017ecc5482654cf446867dbef8280cabb5b4b6', 'sha256': 'bff6f222d6cce5700ec62d6b81e438c2c787c322dd90854a5ab23047c59cdae9'}, 'dob': {'date': '1957-11-01T06:30:00.008Z', 'age': 66}, 'registered': {'date': '2016-08-24T11:16:57.408Z', 'age': 7}, 'phone': '(75) 0565-3035', 'cell': '(82) 6403-5416', 'id': {'name': 'CPF', 'value': '363.944.158-67'}, 'picture': {'large': 'https://randomuser.me/api/portraits/women/77.jpg', 'medium': 'https://randomuser.me/api/portraits/med/women/77.jpg', 'thumbnail': 'https://randomuser.me/api/portraits/thumb/women/77.jpg'}, 'nat': 'BR'}</msg>
<arg>${json_data['results'][0]}</arg>
<doc>Logs the given message with the given level.</doc>
<status status="PASS" start="2024-04-10T07:14:41.244779" elapsed="0.000418"/>
</kw>
<kw name="Log" owner="BuiltIn">
<msg time="2024-04-10T07:14:41.245625" level="INFO">login</msg>
<arg>${key}</arg>
<doc>Logs the given message with the given level.</doc>
<status status="PASS" start="2024-04-10T07:14:41.245497" elapsed="0.000172"/>
</kw>
<var name="${key}">login</var>
<status status="PASS" start="2024-04-10T07:14:41.243954" elapsed="0.001984"/>
</iter>
<var>${key}</var>
<value>@{expected_keys}</value>
<status status="PASS" start="2024-04-10T07:14:41.235111" elapsed="0.010955"/>
</for>
<kw name="Create List" owner="BuiltIn">
<msg time="2024-04-10T07:14:41.246397" level="INFO">${expected_keysTwo} = ['username', 'password']</msg>
<var>${expected_keysTwo}</var>
<arg>username</arg>
<arg>password</arg>
<doc>Returns a list containing given items.</doc>
<status status="PASS" start="2024-04-10T07:14:41.246258" elapsed="0.000163"/>
</kw>
<for flavor="IN">
<iter>
<kw name="Dictionary Should Contain Key" owner="Collections">
<msg time="2024-04-10T07:14:41.247422" level="INFO">False</msg>
<arg>${json_data['results'][0]['login']}</arg>
<arg>${keyTwo}</arg>
<doc>Fails if ``key`` is not found from ``dictionary``.</doc>
<status status="PASS" start="2024-04-10T07:14:41.247037" elapsed="0.000423"/>
</kw>
<kw name="Dictionary Should Contain Key" owner="Collections">
<msg time="2024-04-10T07:14:41.248140" level="INFO">False</msg>
<arg>${json_data['results'][0]['login']}</arg>
<arg>${keyTwo}</arg>
<doc>Fails if ``key`` is not found from ``dictionary``.</doc>
<status status="PASS" start="2024-04-10T07:14:41.247760" elapsed="0.000417"/>
</kw>
<kw name="Log" owner="BuiltIn">
<msg time="2024-04-10T07:14:41.248600" level="INFO">username</msg>
<arg>${keyTwo}</arg>
<doc>Logs the given message with the given level.</doc>
<status status="PASS" start="2024-04-10T07:14:41.248473" elapsed="0.000165"/>
</kw>
<var name="${keyTwo}">username</var>
<status status="PASS" start="2024-04-10T07:14:41.246923" elapsed="0.001932"/>
</iter>
<iter>
<kw name="Dictionary Should Contain Key" owner="Collections">
<msg time="2024-04-10T07:14:41.249550" level="INFO">False</msg>
<arg>${json_data['results'][0]['login']}</arg>
<arg>${keyTwo}</arg>
<doc>Fails if ``key`` is not found from ``dictionary``.</doc>
<status status="PASS" start="2024-04-10T07:14:41.249139" elapsed="0.000471"/>
</kw>
<kw name="Dictionary Should Contain Key" owner="Collections">
<msg time="2024-04-10T07:14:41.250732" level="INFO">False</msg>
<arg>${json_data['results'][0]['login']}</arg>
<arg>${keyTwo}</arg>
<doc>Fails if ``key`` is not found from ``dictionary``.</doc>
<status status="PASS" start="2024-04-10T07:14:41.250119" elapsed="0.000669"/>
</kw>
<kw name="Log" owner="BuiltIn">
<msg time="2024-04-10T07:14:41.251342" level="INFO">password</msg>
<arg>${keyTwo}</arg>
<doc>Logs the given message with the given level.</doc>
<status status="PASS" start="2024-04-10T07:14:41.251200" elapsed="0.000182"/>
</kw>
<var name="${keyTwo}">password</var>
<status status="PASS" start="2024-04-10T07:14:41.249029" elapsed="0.002582"/>
</iter>
<var>${keyTwo}</var>
<value>@{expected_keysTwo}</value>
<status status="PASS" start="2024-04-10T07:14:41.246662" elapsed="0.005074"/>
</for>
<status status="PASS" start="2024-04-10T07:14:41.134121" elapsed="0.117763"/>
</kw>
<doc>Testa a estrutura da resposta da API.</doc>
<tag>testeEstruturaResposta</tag>
<status status="PASS" start="2024-04-10T07:14:41.133371" elapsed="0.118682"/>
</test>
<test id="s1-s1-t4" name="Validar tipos de dados" line="28">
<kw name="Teste de Tipos de Dados" owner="random-user-service">
<kw name="GET On Session" owner="RequestsLibrary">
<msg time="2024-04-10T07:14:41.340749" level="INFO">GET Request : url=https://randomuser.me/api 
 path_url=/api 
 headers={'User-Agent': 'python-requests/2.31.0', 'Accept-Encoding': 'gzip, deflate', 'Accept': '*/*', 'Connection': 'keep-alive'} 
 body=None 
 </msg>
<msg time="2024-04-10T07:14:41.340841" level="INFO">GET Response : url=https://randomuser.me/api 
 status=200, reason=OK 
 headers={'Date': 'Wed, 10 Apr 2024 07:14:41 GMT', 'Content-Type': 'application/json; charset=utf-8', 'Transfer-Encoding': 'chunked', 'Connection': 'keep-alive', 'X-Powered-By': 'Express', 'Access-Control-Allow-Origin': '*', 'Cache-Control': 'no-cache', 'ETag': 'W/"48e-AkmEyv4+6RYhsay1QT8JxEaI7aI"', 'Vary': 'Accept-Encoding', 'Content-Encoding': 'gzip', 'CF-Cache-Status': 'DYNAMIC', 'Report-To': '{"endpoints":[{"url":"https:\\/\\/a.nel.cloudflare.com\\/report\\/v4?s=2IL2cBVDSWjLPyAP8FiENKha6b5pvDzO4Adp8RaU1W3eY5L0toAmVklxpbSpuhjhGlNVNDO1XBJZMbmVpMYrD3rVBAn3NvOjweb7VrThqw55Y4tfJWRY3wcXeLj%2F4U95"}],"group":"cf-nel","max_age":604800}', 'NEL': '{"success_fraction":0,"report_to":"cf-nel","max_age":604800}', 'Server': 'cloudflare', 'CF-RAY': '8720f0ffe87815a4-SJC', 'alt-svc': 'h3=":443"; ma=86400'} 
 body={"results":[{"gender":"male","name":{"title":"Mr","first":"Stanimir","last":"Balanovskiy"},"location":{"street":{"number":7421,"name":"Akademika Filatova"},"city":"Gadyach","state":"Luganska","country":"Ukraine","postcode":32499,"coordinates":{"latitude":"80.7420","longitude":"-46.6005"},"timezone":{"offset":"-1:00","description":"Azores, Cape Verde Islands"}},"email":"stanimir.balanovskiy@example.com","login":{"uuid":"d06be373-7ec1-417e-9207-7e8250e24876","username":"angrykoala516","password":"borders","salt":"B4UggD3L","md5":"9ec179929b9d4963f644240f97455247","sha1":"4f9e34704d5b4dcf43daf41e245bc2cffdd3010d","sha256":"af2f6ded4efcb107094e0c9dada4aaefe1a199d72c774300c13123f7f20b2c5e"},"dob":{"date":"1995-02-14T21:51:08.142Z","age":29},"registered":{"date":"2013-05-09T20:40:50.084Z","age":10},"phone":"(068) B91-2544","cell":"(099) Z15-7487","id":{"name":"","value":null},"picture":{"large":"https://randomuser.me/api/portraits/men/15.jpg","medium":"https://randomuser.me/api/portraits/med/men/15.jpg","thumbnail":"https://randomuser.me/api/portraits/thumb/men/15.jpg"},"nat":"UA"}],"info":{"seed":"28aea08ee8a5695d","results":1,"page":1,"version":"1.4"}} 
 </msg>
<msg time="2024-04-10T07:14:41.340908" level="INFO">/opt/hostedtoolcache/Python/3.12.2/x64/lib/python3.12/site-packages/urllib3/connectionpool.py:1103: InsecureRequestWarning: Unverified HTTPS request is being made to host 'randomuser.me'. Adding certificate verification is strongly advised. See: https://urllib3.readthedocs.io/en/latest/advanced-usage.html#tls-warnings
  warnings.warn(</msg>
<msg time="2024-04-10T07:14:41.341019" level="INFO">${response} = &lt;Response [200]&gt;</msg>
<var>${response}</var>
<arg>consultarAPI</arg>
<arg>/api</arg>
<doc>Sends a GET request on a previously created HTTP Session.</doc>
<status status="PASS" start="2024-04-10T07:14:41.254644" elapsed="0.086416"/>
</kw>
<kw name="Set Variable" owner="BuiltIn">
<msg time="2024-04-10T07:14:41.342263" level="INFO">${json_data} = {'results': [{'gender': 'male', 'name': {'title': 'Mr', 'first': 'Stanimir', 'last': 'Balanovskiy'}, 'location': {'street': {'number': 7421, 'name': 'Akademika Filatova'}, 'city': 'Gadyach', 'state': ...</msg>
<var>${json_data}</var>
<arg>${response.json()}</arg>
<doc>Returns the given values which can then be assigned to a variables.</doc>
<status status="PASS" start="2024-04-10T07:14:41.341678" elapsed="0.000614"/>
</kw>
<kw name="Log" owner="BuiltIn">
<msg time="2024-04-10T07:14:41.342799" level="INFO">{'results': [{'gender': 'male', 'name': {'title': 'Mr', 'first': 'Stanimir', 'last': 'Balanovskiy'}, 'location': {'street': {'number': 7421, 'name': 'Akademika Filatova'}, 'city': 'Gadyach', 'state': 'Luganska', 'country': 'Ukraine', 'postcode': 32499, 'coordinates': {'latitude': '80.7420', 'longitude': '-46.6005'}, 'timezone': {'offset': '-1:00', 'description': 'Azores, Cape Verde Islands'}}, 'email': 'stanimir.balanovskiy@example.com', 'login': {'uuid': 'd06be373-7ec1-417e-9207-7e8250e24876', 'username': 'angrykoala516', 'password': 'borders', 'salt': 'B4UggD3L', 'md5': '9ec179929b9d4963f644240f97455247', 'sha1': '4f9e34704d5b4dcf43daf41e245bc2cffdd3010d', 'sha256': 'af2f6ded4efcb107094e0c9dada4aaefe1a199d72c774300c13123f7f20b2c5e'}, 'dob': {'date': '1995-02-14T21:51:08.142Z', 'age': 29}, 'registered': {'date': '2013-05-09T20:40:50.084Z', 'age': 10}, 'phone': '(068) B91-2544', 'cell': '(099) Z15-7487', 'id': {'name': '', 'value': None}, 'picture': {'large': 'https://randomuser.me/api/portraits/men/15.jpg', 'medium': 'https://randomuser.me/api/portraits/med/men/15.jpg', 'thumbnail': 'https://randomuser.me/api/portraits/thumb/men/15.jpg'}, 'nat': 'UA'}], 'info': {'seed': '28aea08ee8a5695d', 'results': 1, 'page': 1, 'version': '1.4'}}</msg>
<arg>${json_data}</arg>
<doc>Logs the given message with the given level.</doc>
<status status="PASS" start="2024-04-10T07:14:41.342633" elapsed="0.000253"/>
</kw>
<kw name="Should Be String" owner="String">
<arg>${json_data['results'][0]['gender']}</arg>
<doc>Fails if the given ``item`` is not a string.</doc>
<status status="PASS" start="2024-04-10T07:14:41.343197" elapsed="0.000379"/>
</kw>
<kw name="Should Match Regexp" owner="BuiltIn">
<arg>${json_data['results'][0]['email']}</arg>
<arg>^[a-zA-Z0-9._%+-]+@[a-zA-Z0-9.-]+\.[a-zA-Z]{2,}$</arg>
<doc>Fails if ``string`` does not match ``pattern`` as a regular expression.</doc>
<status status="PASS" start="2024-04-10T07:14:41.343776" elapsed="0.000514"/>
</kw>
<kw name="Should Match Regexp" owner="BuiltIn">
<arg>${json_data['results'][0]['dob']['date']}</arg>
<arg>\\d{4}-\\d{2}-\\d{2}T\\d{2}:\\d{2}:\\d{2}\\.\\d{3}Z</arg>
<doc>Fails if ``string`` does not match ``pattern`` as a regular expression.</doc>
<status status="PASS" start="2024-04-10T07:14:41.344497" elapsed="0.000493"/>
</kw>
<kw name="Should Match Regexp" owner="BuiltIn">
<arg>${json_data['results'][0]['registered']['date']}</arg>
<arg>\\d{4}-\\d{2}-\\d{2}T\\d{2}:\\d{2}:\\d{2}\\.\\d{3}Z</arg>
<doc>Fails if ``string`` does not match ``pattern`` as a regular expression.</doc>
<status status="PASS" start="2024-04-10T07:14:41.345193" elapsed="0.000375"/>
</kw>
<kw name="Should Match Regexp" owner="BuiltIn">
<arg>${json_data['results'][0]['picture']['large']}</arg>
<arg>^https?://.*\.(?:png|jpe?g|gif|bmp)$</arg>
<doc>Fails if ``string`` does not match ``pattern`` as a regular expression.</doc>
<status status="PASS" start="2024-04-10T07:14:41.345786" elapsed="0.000468"/>
</kw>
<kw name="Should Match Regexp" owner="BuiltIn">
<arg>${json_data['results'][0]['picture']['medium']}</arg>
<arg>^https?://.*\.(?:png|jpe?g|gif|bmp)$</arg>
<doc>Fails if ``string`` does not match ``pattern`` as a regular expression.</doc>
<status status="PASS" start="2024-04-10T07:14:41.346446" elapsed="0.000362"/>
</kw>
<kw name="Should Match Regexp" owner="BuiltIn">
<arg>${json_data['results'][0]['picture']['thumbnail']}</arg>
<arg>^https?://.*\.(?:png|jpe?g|gif|bmp)$</arg>
<doc>Fails if ``string`` does not match ``pattern`` as a regular expression.</doc>
<status status="PASS" start="2024-04-10T07:14:41.346995" elapsed="0.000350"/>
</kw>
<kw name="Log" owner="BuiltIn">
<msg time="2024-04-10T07:14:41.347851" level="INFO">{'large': 'https://randomuser.me/api/portraits/men/15.jpg', 'medium': 'https://randomuser.me/api/portraits/med/men/15.jpg', 'thumbnail': 'https://randomuser.me/api/portraits/thumb/men/15.jpg'}</msg>
<arg>${json_data['results'][0]['picture']}</arg>
<doc>Logs the given message with the given level.</doc>
<status status="PASS" start="2024-04-10T07:14:41.347526" elapsed="0.000367"/>
</kw>
<status status="PASS" start="2024-04-10T07:14:41.254410" elapsed="0.093743"/>
</kw>
<kw name="Teste de Tipos de Dados - Postcode" owner="random-user-service">
<kw name="GET On Session" owner="RequestsLibrary">
<msg time="2024-04-10T07:14:41.442325" level="INFO">GET Request : url=https://randomuser.me/api 
 path_url=/api 
 headers={'User-Agent': 'python-requests/2.31.0', 'Accept-Encoding': 'gzip, deflate', 'Accept': '*/*', 'Connection': 'keep-alive'} 
 body=None 
 </msg>
<msg time="2024-04-10T07:14:41.442445" level="INFO">GET Response : url=https://randomuser.me/api 
 status=200, reason=OK 
 headers={'Date': 'Wed, 10 Apr 2024 07:14:41 GMT', 'Content-Type': 'application/json; charset=utf-8', 'Transfer-Encoding': 'chunked', 'Connection': 'keep-alive', 'X-Powered-By': 'Express', 'Access-Control-Allow-Origin': '*', 'Cache-Control': 'no-cache', 'ETag': 'W/"484-LXPxuGJsaftHO1kKpbK/cMRahxU"', 'Vary': 'Accept-Encoding', 'Content-Encoding': 'gzip', 'CF-Cache-Status': 'DYNAMIC', 'Report-To': '{"endpoints":[{"url":"https:\\/\\/a.nel.cloudflare.com\\/report\\/v4?s=uzCiy3aXKol2iYuU8C7YB52RCuuuSdRelr7vlVUS1cbM4FF3iGsSLeHXO88XukJYqPTFlMByIQoPoVL65F031rxfO%2BIwHxgJl1dDVSEJ10oa9golaefue8DIqGMzVKNH"}],"group":"cf-nel","max_age":604800}', 'NEL': '{"success_fraction":0,"report_to":"cf-nel","max_age":604800}', 'Server': 'cloudflare', 'CF-RAY': '8720f10078f515a4-SJC', 'alt-svc': 'h3=":443"; ma=86400'} 
 body={"results":[{"gender":"male","name":{"title":"Mr","first":"William","last":"Jones"},"location":{"street":{"number":9140,"name":"South Western Arterial"},"city":"Hamilton","state":"Otago","country":"New Zealand","postcode":59460,"coordinates":{"latitude":"50.4101","longitude":"-156.2137"},"timezone":{"offset":"-1:00","description":"Azores, Cape Verde Islands"}},"email":"william.jones@example.com","login":{"uuid":"f56ec498-3d90-41a3-a08d-3f0ac2a1ac29","username":"lazyswan272","password":"147258","salt":"l1MbhOpO","md5":"9f01e2bdb01b409b2489fba6caf77547","sha1":"450d537d281a145e269d6570165668d65cfcd2a5","sha256":"78ad9c986b371375f403b91ad3420434843ebcf7b99888e1690ccb864e297a8b"},"dob":{"date":"1998-02-22T07:44:29.951Z","age":26},"registered":{"date":"2003-03-16T10:31:30.498Z","age":21},"phone":"(716)-167-1608","cell":"(833)-565-5613","id":{"name":"","value":null},"picture":{"large":"https://randomuser.me/api/portraits/men/67.jpg","medium":"https://randomuser.me/api/portraits/med/men/67.jpg","thumbnail":"https://randomuser.me/api/portraits/thumb/men/67.jpg"},"nat":"NZ"}],"info":{"seed":"a60a3c37639b906f","results":1,"page":1,"version":"1.4"}} 
 </msg>
<msg time="2024-04-10T07:14:41.442556" level="INFO">/opt/hostedtoolcache/Python/3.12.2/x64/lib/python3.12/site-packages/urllib3/connectionpool.py:1103: InsecureRequestWarning: Unverified HTTPS request is being made to host 'randomuser.me'. Adding certificate verification is strongly advised. See: https://urllib3.readthedocs.io/en/latest/advanced-usage.html#tls-warnings
  warnings.warn(</msg>
<msg time="2024-04-10T07:14:41.442713" level="INFO">${response} = &lt;Response [200]&gt;</msg>
<var>${response}</var>
<arg>consultarAPI</arg>
<arg>/api</arg>
<doc>Sends a GET request on a previously created HTTP Session.</doc>
<status status="PASS" start="2024-04-10T07:14:41.348635" elapsed="0.094126"/>
</kw>
<kw name="Set Variable" owner="BuiltIn">
<msg time="2024-04-10T07:14:41.443954" level="INFO">${json_data} = {'results': [{'gender': 'male', 'name': {'title': 'Mr', 'first': 'William', 'last': 'Jones'}, 'location': {'street': {'number': 9140, 'name': 'South Western Arterial'}, 'city': 'Hamilton', 'state': 'O...</msg>
<var>${json_data}</var>
<arg>${response.json()}</arg>
<doc>Returns the given values which can then be assigned to a variables.</doc>
<status status="PASS" start="2024-04-10T07:14:41.443421" elapsed="0.000561"/>
</kw>
<kw name="Log" owner="BuiltIn">
<msg time="2024-04-10T07:14:41.444468" level="INFO">{'results': [{'gender': 'male', 'name': {'title': 'Mr', 'first': 'William', 'last': 'Jones'}, 'location': {'street': {'number': 9140, 'name': 'South Western Arterial'}, 'city': 'Hamilton', 'state': 'Otago', 'country': 'New Zealand', 'postcode': 59460, 'coordinates': {'latitude': '50.4101', 'longitude': '-156.2137'}, 'timezone': {'offset': '-1:00', 'description': 'Azores, Cape Verde Islands'}}, 'email': 'william.jones@example.com', 'login': {'uuid': 'f56ec498-3d90-41a3-a08d-3f0ac2a1ac29', 'username': 'lazyswan272', 'password': '147258', 'salt': 'l1MbhOpO', 'md5': '9f01e2bdb01b409b2489fba6caf77547', 'sha1': '450d537d281a145e269d6570165668d65cfcd2a5', 'sha256': '78ad9c986b371375f403b91ad3420434843ebcf7b99888e1690ccb864e297a8b'}, 'dob': {'date': '1998-02-22T07:44:29.951Z', 'age': 26}, 'registered': {'date': '2003-03-16T10:31:30.498Z', 'age': 21}, 'phone': '(716)-167-1608', 'cell': '(833)-565-5613', 'id': {'name': '', 'value': None}, 'picture': {'large': 'https://randomuser.me/api/portraits/men/67.jpg', 'medium': 'https://randomuser.me/api/portraits/med/men/67.jpg', 'thumbnail': 'https://randomuser.me/api/portraits/thumb/men/67.jpg'}, 'nat': 'NZ'}], 'info': {'seed': 'a60a3c37639b906f', 'results': 1, 'page': 1, 'version': '1.4'}}</msg>
<arg>${json_data}</arg>
<doc>Logs the given message with the given level.</doc>
<status status="PASS" start="2024-04-10T07:14:41.444307" elapsed="0.000246"/>
</kw>
<kw name="Should Be Equal As Numbers" owner="BuiltIn">
<arg>${json_data['results'][0]['location']['postcode']}</arg>
<arg>${json_data['results'][0]['location']['postcode']}</arg>
<doc>Fails if objects are unequal after converting them to real numbers.</doc>
<status status="PASS" start="2024-04-10T07:14:41.444860" elapsed="0.000633"/>
</kw>
<kw name="Log" owner="BuiltIn">
<msg time="2024-04-10T07:14:41.446075" level="INFO">59460</msg>
<arg>${json_data['results'][0]['location']['postcode']}</arg>
<doc>Logs the given message with the given level.</doc>
<status status="PASS" start="2024-04-10T07:14:41.445691" elapsed="0.000426"/>
</kw>
<status status="PASS" start="2024-04-10T07:14:41.348392" elapsed="0.097990"/>
</kw>
<doc>Testa se os tipos de dados na resposta da API estão corretos.</doc>
<tag>testeTiposDados</tag>
<status status="PASS" start="2024-04-10T07:14:41.253849" elapsed="0.192711"/>
</test>
<test id="s1-s1-t5" name="Validar conteudo" line="35">
<kw name="Teste de Tipos de Conteudo" owner="random-user-service">
<kw name="GET On Session" owner="RequestsLibrary">
<msg time="2024-04-10T07:14:41.547097" level="INFO">GET Request : url=https://randomuser.me/api 
 path_url=/api 
 headers={'User-Agent': 'python-requests/2.31.0', 'Accept-Encoding': 'gzip, deflate', 'Accept': '*/*', 'Connection': 'keep-alive'} 
 body=None 
 </msg>
<msg time="2024-04-10T07:14:41.547200" level="INFO">GET Response : url=https://randomuser.me/api 
 status=200, reason=OK 
 headers={'Date': 'Wed, 10 Apr 2024 07:14:41 GMT', 'Content-Type': 'application/json; charset=utf-8', 'Transfer-Encoding': 'chunked', 'Connection': 'keep-alive', 'X-Powered-By': 'Express', 'Access-Control-Allow-Origin': '*', 'Cache-Control': 'no-cache', 'ETag': 'W/"489-jPQltvTyYpF2cZeXx/Pcl9noPrM"', 'Vary': 'Accept-Encoding', 'Content-Encoding': 'gzip', 'CF-Cache-Status': 'DYNAMIC', 'Report-To': '{"endpoints":[{"url":"https:\\/\\/a.nel.cloudflare.com\\/report\\/v4?s=p4xYD%2Fhh2bwHAl8yqwWdLEK18bgjLC34wU8eOi2lnD6YQL5MLzsPKNc2FDXKosIR360JzQGGRHPftx6kUQo7Jp20zrhXCd7LdNDag7%2F0dkxr822MiKsx%2B60EQp7gTryx"}],"group":"cf-nel","max_age":604800}', 'NEL': '{"success_fraction":0,"report_to":"cf-nel","max_age":604800}', 'Server': 'cloudflare', 'CF-RAY': '8720f101199715a4-SJC', 'alt-svc': 'h3=":443"; ma=86400'} 
 body={"results":[{"gender":"male","name":{"title":"Mr","first":"Jaime","last":"Mora"},"location":{"street":{"number":1806,"name":"Paseo de Extremadura"},"city":"La Coruña","state":"Navarra","country":"Spain","postcode":49533,"coordinates":{"latitude":"-33.5584","longitude":"-59.6562"},"timezone":{"offset":"+4:00","description":"Abu Dhabi, Muscat, Baku, Tbilisi"}},"email":"jaime.mora@example.com","login":{"uuid":"8992e6d7-ec52-4691-bdee-ba3ee4a3d870","username":"whitetiger721","password":"slowhand","salt":"6WulAKgE","md5":"9ef864c30ca448e0285c249bb479acab","sha1":"f96f0e996ee125381de04417978214183c46834c","sha256":"93b69981c47fd2428ca4ede32c32c90b681f518c185bfa84b133adcc01103478"},"dob":{"date":"1983-02-14T17:16:31.496Z","age":41},"registered":{"date":"2007-01-24T22:02:51.137Z","age":17},"phone":"992-628-540","cell":"691-568-954","id":{"name":"DNI","value":"31718105-T"},"picture":{"large":"https://randomuser.me/api/portraits/men/93.jpg","medium":"https://randomuser.me/api/portraits/med/men/93.jpg","thumbnail":"https://randomuser.me/api/portraits/thumb/men/93.jpg"},"nat":"ES"}],"info":{"seed":"8d8b52802715449c","results":1,"page":1,"version":"1.4"}} 
 </msg>
<msg time="2024-04-10T07:14:41.547273" level="INFO">/opt/hostedtoolcache/Python/3.12.2/x64/lib/python3.12/site-packages/urllib3/connectionpool.py:1103: InsecureRequestWarning: Unverified HTTPS request is being made to host 'randomuser.me'. Adding certificate verification is strongly advised. See: https://urllib3.readthedocs.io/en/latest/advanced-usage.html#tls-warnings
  warnings.warn(</msg>
<msg time="2024-04-10T07:14:41.547387" level="INFO">${response} = &lt;Response [200]&gt;</msg>
<var>${response}</var>
<arg>consultarAPI</arg>
<arg>/api</arg>
<doc>Sends a GET request on a previously created HTTP Session.</doc>
<status status="PASS" start="2024-04-10T07:14:41.449395" elapsed="0.098027"/>
</kw>
<kw name="Set Variable" owner="BuiltIn">
<msg time="2024-04-10T07:14:41.548477" level="INFO">${json_data} = {'results': [{'gender': 'male', 'name': {'title': 'Mr', 'first': 'Jaime', 'last': 'Mora'}, 'location': {'street': {'number': 1806, 'name': 'Paseo de Extremadura'}, 'city': 'La Coruña', 'state': 'Navar...</msg>
<var>${json_data}</var>
<arg>${response.json()}</arg>
<doc>Returns the given values which can then be assigned to a variables.</doc>
<status status="PASS" start="2024-04-10T07:14:41.547957" elapsed="0.000550"/>
</kw>
<kw name="Set Variable" owner="BuiltIn">
<msg time="2024-04-10T07:14:41.549226" level="INFO">${name_title} = Mr</msg>
<var>${name_title}</var>
<arg>${json_data["results"][0]["name"]["title"]}</arg>
<doc>Returns the given values which can then be assigned to a variables.</doc>
<status status="PASS" start="2024-04-10T07:14:41.548824" elapsed="0.000428"/>
</kw>
<kw name="Create List" owner="BuiltIn">
<msg time="2024-04-10T07:14:41.549712" level="INFO">${allowed_titles} = ['Mr', 'Ms', 'Miss', 'Mrs', 'Madame', 'Monsieur']</msg>
<var>${allowed_titles}</var>
<arg>Mr</arg>
<arg>Ms</arg>
<arg>Miss</arg>
<arg>Mrs</arg>
<arg>Madame</arg>
<arg>Monsieur</arg>
<doc>Returns a list containing given items.</doc>
<status status="PASS" start="2024-04-10T07:14:41.549559" elapsed="0.000178"/>
</kw>
<kw name="List Should Contain Value" owner="Collections">
<msg time="2024-04-10T07:14:41.550287" level="INFO">False</msg>
<arg>${allowed_titles}</arg>
<arg>${name_title}</arg>
<doc>Fails if the ``value`` is not found from ``list``.</doc>
<status status="PASS" start="2024-04-10T07:14:41.550098" elapsed="0.000229"/>
</kw>
<kw name="Set Variable" owner="BuiltIn">
<msg time="2024-04-10T07:14:41.551001" level="INFO">${name_country} = ES</msg>
<var>${name_country}</var>
<arg>${json_data["results"][0]["nat"]}</arg>
<doc>Returns the given values which can then be assigned to a variables.</doc>
<status status="PASS" start="2024-04-10T07:14:41.550624" elapsed="0.000402"/>
</kw>
<kw name="Create List" owner="BuiltIn">
<msg time="2024-04-10T07:14:41.551940" level="INFO">${list_country} = ['AD', 'AE', 'AF', 'AG', 'AI', 'AL', 'AM', 'AO', 'AQ', 'AR', 'AS', 'AT', 'AU', 'AW', 'AX', 'AZ', 'BA', 'BB', 'BD', 'BE', 'BF', 'BG', 'BH', 'BI', 'BJ', 'BL', 'BM', 'BN', 'BO', 'BQ', 'BR', 'BS', 'BT', '...</msg>
<var>${list_country}</var>
<arg>AD</arg>
<arg>AE</arg>
<arg>AF</arg>
<arg>AG</arg>
<arg>AI</arg>
<arg>AL</arg>
<arg>AM</arg>
<arg>AO</arg>
<arg>AQ</arg>
<arg>AR</arg>
<arg>AS</arg>
<arg>AT</arg>
<arg>AU</arg>
<arg>AW</arg>
<arg>AX</arg>
<arg>AZ</arg>
<arg>BA</arg>
<arg>BB</arg>
<arg>BD</arg>
<arg>BE</arg>
<arg>BF</arg>
<arg>BG</arg>
<arg>BH</arg>
<arg>BI</arg>
<arg>BJ</arg>
<arg>BL</arg>
<arg>BM</arg>
<arg>BN</arg>
<arg>BO</arg>
<arg>BQ</arg>
<arg>BR</arg>
<arg>BS</arg>
<arg>BT</arg>
<arg>BV</arg>
<arg>BW</arg>
<arg>BY</arg>
<arg>BZ</arg>
<arg>CA</arg>
<arg>CC</arg>
<arg>CD</arg>
<arg>CF</arg>
<arg>CG</arg>
<arg>CH</arg>
<arg>CI</arg>
<arg>CK</arg>
<arg>CL</arg>
<arg>CM</arg>
<arg>CN</arg>
<arg>CO</arg>
<arg>CR</arg>
<arg>CU</arg>
<arg>CV</arg>
<arg>CW</arg>
<arg>CX</arg>
<arg>CY</arg>
<arg>CZ</arg>
<arg>DE</arg>
<arg>DJ</arg>
<arg>DK</arg>
<arg>DM</arg>
<arg>DO</arg>
<arg>DZ</arg>
<arg>EC</arg>
<arg>EE</arg>
<arg>EG</arg>
<arg>EH</arg>
<arg>ER</arg>
<arg>ES</arg>
<arg>ET</arg>
<arg>FI</arg>
<arg>FJ</arg>
<arg>FK</arg>
<arg>FM</arg>
<arg>FO</arg>
<arg>FR</arg>
<arg>GA</arg>
<arg>GB</arg>
<arg>GD</arg>
<arg>GE</arg>
<arg>GF</arg>
<arg>GG</arg>
<arg>GH</arg>
<arg>GI</arg>
<arg>GL</arg>
<arg>GM</arg>
<arg>GN</arg>
<arg>GP</arg>
<arg>GQ</arg>
<arg>GR</arg>
<arg>GS</arg>
<arg>GT</arg>
<arg>GU</arg>
<arg>GW</arg>
<arg>GY</arg>
<arg>HK</arg>
<arg>HM</arg>
<arg>HN</arg>
<arg>HR</arg>
<arg>HT</arg>
<arg>HU</arg>
<arg>ID</arg>
<arg>IE</arg>
<arg>IL</arg>
<arg>IM</arg>
<arg>IN</arg>
<arg>IO</arg>
<arg>IQ</arg>
<arg>IR</arg>
<arg>IS</arg>
<arg>IT</arg>
<arg>JE</arg>
<arg>JM</arg>
<arg>JO</arg>
<arg>JP</arg>
<arg>KE</arg>
<arg>KG</arg>
<arg>KH</arg>
<arg>KI</arg>
<arg>KM</arg>
<arg>KN</arg>
<arg>KP</arg>
<arg>KR</arg>
<arg>KW</arg>
<arg>KY</arg>
<arg>KZ</arg>
<arg>LA</arg>
<arg>LB</arg>
<arg>LC</arg>
<arg>LI</arg>
<arg>LK</arg>
<arg>LR</arg>
<arg>LS</arg>
<arg>LT</arg>
<arg>LU</arg>
<arg>LV</arg>
<arg>LY</arg>
<arg>MA</arg>
<arg>MC</arg>
<arg>MD</arg>
<arg>ME</arg>
<arg>MF</arg>
<arg>MG</arg>
<arg>MH</arg>
<arg>MK</arg>
<arg>ML</arg>
<arg>MM</arg>
<arg>MN</arg>
<arg>MO</arg>
<arg>MP</arg>
<arg>MQ</arg>
<arg>MR</arg>
<arg>MS</arg>
<arg>MT</arg>
<arg>MU</arg>
<arg>MV</arg>
<arg>MW</arg>
<arg>MX</arg>
<arg>MY</arg>
<arg>MZ</arg>
<arg>NA</arg>
<arg>NC</arg>
<arg>NE</arg>
<arg>NF</arg>
<arg>NG</arg>
<arg>NI</arg>
<arg>NL</arg>
<arg>NO</arg>
<arg>NP</arg>
<arg>NR</arg>
<arg>NU</arg>
<arg>NZ</arg>
<arg>OM</arg>
<arg>PA</arg>
<arg>PE</arg>
<arg>PF</arg>
<arg>PG</arg>
<arg>PH</arg>
<arg>PK</arg>
<arg>PL</arg>
<arg>PM</arg>
<arg>PN</arg>
<arg>PR</arg>
<arg>PS</arg>
<arg>PT</arg>
<arg>PW</arg>
<arg>PY</arg>
<arg>QA</arg>
<arg>RE</arg>
<arg>RO</arg>
<arg>RS</arg>
<arg>RU</arg>
<arg>RW</arg>
<arg>SA</arg>
<arg>SB</arg>
<arg>SC</arg>
<arg>SD</arg>
<arg>SE</arg>
<arg>SG</arg>
<arg>SH</arg>
<arg>SI</arg>
<arg>SJ</arg>
<arg>SK</arg>
<arg>SL</arg>
<arg>SM</arg>
<arg>SN</arg>
<arg>SO</arg>
<arg>SR</arg>
<arg>SS</arg>
<arg>ST</arg>
<arg>SV</arg>
<arg>SX</arg>
<arg>SY</arg>
<arg>SZ</arg>
<arg>TC</arg>
<arg>TD</arg>
<arg>TF</arg>
<arg>TG</arg>
<arg>TH</arg>
<arg>TJ</arg>
<arg>TK</arg>
<arg>TL</arg>
<arg>TM</arg>
<arg>TN</arg>
<arg>TO</arg>
<arg>TR</arg>
<arg>TT</arg>
<arg>TV</arg>
<arg>TW</arg>
<arg>TZ</arg>
<arg>UA</arg>
<arg>UG</arg>
<arg>UM</arg>
<arg>US</arg>
<arg>UY</arg>
<arg>UZ</arg>
<arg>VA</arg>
<arg>VC</arg>
<arg>VE</arg>
<arg>VG</arg>
<arg>VI</arg>
<arg>VN</arg>
<arg>VU</arg>
<arg>WF</arg>
<arg>WS</arg>
<arg>XK</arg>
<arg>YE</arg>
<arg>YT</arg>
<arg>ZA</arg>
<arg>ZM</arg>
<arg>ZW</arg>
<doc>Returns a list containing given items.</doc>
<status status="PASS" start="2024-04-10T07:14:41.551339" elapsed="0.000628"/>
</kw>
<kw name="List Should Contain Value" owner="Collections">
<msg time="2024-04-10T07:14:41.552987" level="INFO">False</msg>
<arg>${list_country}</arg>
<arg>${name_country}</arg>
<doc>Fails if the ``value`` is not found from ``list``.</doc>
<status status="PASS" start="2024-04-10T07:14:41.552774" elapsed="0.000252"/>
</kw>
<kw name="Run Keyword If" owner="BuiltIn">
<kw name="Should Be True" owner="BuiltIn">
<arg>${True}</arg>
<doc>Fails if the given condition is not true.</doc>
<status status="PASS" start="2024-04-10T07:14:41.554305" elapsed="0.000148"/>
</kw>
<arg>${json_data["results"][0]["location"]["coordinates"]["latitude"]} &gt;= -90 and ${json_data["results"][0]["location"]["coordinates"]["latitude"]} &lt;= 90</arg>
<arg>Should Be True</arg>
<arg>${True}</arg>
<doc>Runs the given keyword with the given arguments, if ``condition`` is true.</doc>
<status status="PASS" start="2024-04-10T07:14:41.553343" elapsed="0.001239"/>
</kw>
<kw name="Run Keyword If" owner="BuiltIn">
<kw name="Should Be True" owner="BuiltIn">
<arg>${True}</arg>
<doc>Fails if the given condition is not true.</doc>
<status status="PASS" start="2024-04-10T07:14:41.555478" elapsed="0.000158"/>
</kw>
<arg>${json_data["results"][0]["location"]["coordinates"]["longitude"]} &gt;= -180 and ${json_data["results"][0]["location"]["coordinates"]["longitude"]} &lt;= 180</arg>
<arg>Should Be True</arg>
<arg>${True}</arg>
<doc>Runs the given keyword with the given arguments, if ``condition`` is true.</doc>
<status status="PASS" start="2024-04-10T07:14:41.554770" elapsed="0.001043"/>
</kw>
<status status="PASS" start="2024-04-10T07:14:41.449017" elapsed="0.107006"/>
</kw>
<doc>Testa o conteúdo específico dos campos retornados pela API.</doc>
<tag>testeConteudo</tag>
<status status="PASS" start="2024-04-10T07:14:41.448336" elapsed="0.107877"/>
</test>
<status status="PASS" start="2024-04-10T07:14:40.596017" elapsed="0.962202"/>
</suite>
<status status="PASS" start="2024-04-10T07:14:40.581593" elapsed="0.981947"/>
</suite>
<statistics>
<total>
<stat pass="5" fail="0" skip="0">All Tests</stat>
</total>
<tag>
<stat pass="1" fail="0" skip="0">testeConteudo</stat>
<stat pass="1" fail="0" skip="0">testeEstruturaResposta</stat>
<stat pass="1" fail="0" skip="0">testeRequisicaoBasica</stat>
<stat pass="1" fail="0" skip="0">testeTiposDados</stat>
</tag>
<suite>
<stat pass="5" fail="0" skip="0" id="s1" name="Tests">Tests</stat>
<stat pass="5" fail="0" skip="0" id="s1-s1" name="Random-User-Test">Tests.Random-User-Test</stat>
</suite>
</statistics>
<errors>
</errors>
</robot>
