<?xml version="1.0" encoding="UTF-8"?>
<robot generator="Robot 7.0 (Python 3.12.3 on linux)" generated="2024-05-12T16:16:55.618687" rpa="false" schemaversion="5">
<suite id="s1" name="Tests" source="/home/runner/work/DesafioQAItauRogerioJordao/DesafioQAItauRogerioJordao/RamdonUser/tests">
<suite id="s1-s1" name="Random-User-Test" source="/home/runner/work/DesafioQAItauRogerioJordao/DesafioQAItauRogerioJordao/RamdonUser/tests/random-user-test.robot">
<test id="s1-s1-t1" name="Conectar" line="13">
<kw name="Conectar API" owner="random-user-service">
<kw name="Create Session" owner="RequestsLibrary">
<msg time="2024-05-12T16:16:55.980729" level="INFO">Creating Session using : alias=consultarAPI, url=https://randomuser.me/, headers={},                     cookies={}, auth=None, timeout=None, proxies=None, verify=False,                     debug=0 </msg>
<arg>consultarAPI</arg>
<arg>${URL}</arg>
<doc>Create Session: create a HTTP session to a server</doc>
<status status="PASS" start="2024-05-12T16:16:55.980523" elapsed="0.000391"/>
</kw>
<status status="PASS" start="2024-05-12T16:16:55.979523" elapsed="0.001757"/>
</kw>
<status status="PASS" start="2024-05-12T16:16:55.978896" elapsed="0.002613"/>
</test>
<test id="s1-s1-t2" name="Validar retorno 200 e JSON Válido" line="16">
<kw name="Teste de Requisicao Basica" owner="random-user-service">
<kw name="GET On Session" owner="RequestsLibrary">
<msg time="2024-05-12T16:16:56.251501" level="INFO">GET Request : url=https://randomuser.me/api 
 path_url=/api 
 headers={'User-Agent': 'python-requests/2.31.0', 'Accept-Encoding': 'gzip, deflate', 'Accept': '*/*', 'Connection': 'keep-alive'} 
 body=None 
 </msg>
<msg time="2024-05-12T16:16:56.251654" level="INFO">GET Response : url=https://randomuser.me/api 
 status=200, reason=OK 
 headers={'Date': 'Sun, 12 May 2024 16:16:56 GMT', 'Content-Type': 'application/json; charset=utf-8', 'Transfer-Encoding': 'chunked', 'Connection': 'keep-alive', 'X-Powered-By': 'Express', 'Access-Control-Allow-Origin': '*', 'Cache-Control': 'no-cache', 'ETag': 'W/"4aa-q+CHDDX8xpFuALnkQBlceKAemiY"', 'Vary': 'Accept-Encoding', 'Content-Encoding': 'gzip', 'CF-Cache-Status': 'DYNAMIC', 'Report-To': '{"endpoints":[{"url":"https:\\/\\/a.nel.cloudflare.com\\/report\\/v4?s=f51kEtQP2mKLqWNeEfIOVgrjkupyzsoRO2H6jSzoBDzHBI40EYKg0RWGIGP%2F5InkWNrtrUyLhlFl60S8Z2KdA0ZepdyDVB2Gwt3%2BI5d4PnknC1o9g4A%2F8kGQvpAoPkix"}],"group":"cf-nel","max_age":604800}', 'NEL': '{"success_fraction":0,"report_to":"cf-nel","max_age":604800}', 'Server': 'cloudflare', 'CF-RAY': '882bb74efcae9695-SJC', 'alt-svc': 'h3=":443"; ma=86400'} 
 body={"results":[{"gender":"male","name":{"title":"Monsieur","first":"Domenico","last":"Martinez"},"location":{"street":{"number":3357,"name":"Rue de la Mairie"},"city":"Unterägeri","state":"Thurgau","country":"Switzerland","postcode":9998,"coordinates":{"latitude":"-59.0734","longitude":"-153.7155"},"timezone":{"offset":"+8:00","description":"Beijing, Perth, Singapore, Hong Kong"}},"email":"domenico.martinez@example.com","login":{"uuid":"3ad5aec6-0863-4bbb-8eac-546efa5bbc07","username":"redpeacock431","password":"uuuu","salt":"cGzoTSQX","md5":"6e30d818b1ef4afab5dc38a23a159fa1","sha1":"96bfaa7b9810be4ef3e08d049d558872b5638719","sha256":"401c1325ad4f772233daacb4fdbc3be6c342020ae24b789a50757405b512d044"},"dob":{"date":"1961-12-12T19:36:52.503Z","age":62},"registered":{"date":"2010-05-31T06:51:55.704Z","age":13},"phone":"078 377 70 45","cell":"075 478 59 21","id":{"name":"AVS","value":"756.2616.7447.92"},"picture":{"large":"https://randomuser.me/api/portraits/men/89.jpg","medium":"https://randomuser.me/api/portraits/med/men/89.jpg","thumbnail":"https://randomuser.me/api/portraits/thumb/men/89.jpg"},"nat":"CH"}],"info":{"seed":"60f4e08295480bfd","results":1,"page":1,"version":"1.4"}} 
 </msg>
<msg time="2024-05-12T16:16:56.251747" level="INFO">/opt/hostedtoolcache/Python/3.12.3/x64/lib/python3.12/site-packages/urllib3/connectionpool.py:1103: InsecureRequestWarning: Unverified HTTPS request is being made to host 'randomuser.me'. Adding certificate verification is strongly advised. See: https://urllib3.readthedocs.io/en/latest/advanced-usage.html#tls-warnings
  warnings.warn(</msg>
<msg time="2024-05-12T16:16:56.251893" level="INFO">${response} = &lt;Response [200]&gt;</msg>
<var>${response}</var>
<arg>consultarAPI</arg>
<arg>/api</arg>
<doc>Sends a GET request on a previously created HTTP Session.</doc>
<status status="PASS" start="2024-05-12T16:16:55.984205" elapsed="0.267731"/>
</kw>
<kw name="Should Be Equal As Numbers" owner="BuiltIn">
<msg time="2024-05-12T16:16:56.252998" level="INFO">Argument types are:
&lt;class 'int'&gt;
&lt;class 'str'&gt;</msg>
<arg>${response.status_code}</arg>
<arg>200</arg>
<doc>Fails if objects are unequal after converting them to real numbers.</doc>
<status status="PASS" start="2024-05-12T16:16:56.252519" elapsed="0.000551"/>
</kw>
<kw name="Log" owner="BuiltIn">
<msg time="2024-05-12T16:16:56.253944" level="INFO">200</msg>
<arg>${response.status_code}</arg>
<doc>Logs the given message with the given level.</doc>
<status status="PASS" start="2024-05-12T16:16:56.253541" elapsed="0.000449"/>
</kw>
<kw name="Set Variable" owner="BuiltIn">
<msg time="2024-05-12T16:16:56.254825" level="INFO">${json_data} = {'results': [{'gender': 'male', 'name': {'title': 'Monsieur', 'first': 'Domenico', 'last': 'Martinez'}, 'location': {'street': {'number': 3357, 'name': 'Rue de la Mairie'}, 'city': 'Unterägeri', 'stat...</msg>
<var>${json_data}</var>
<arg>${response.json()}</arg>
<doc>Returns the given values which can then be assigned to a variables.</doc>
<status status="PASS" start="2024-05-12T16:16:56.254342" elapsed="0.000512"/>
</kw>
<kw name="Dictionary Should Contain Key" owner="Collections">
<msg time="2024-05-12T16:16:56.255371" level="INFO">False</msg>
<arg>${json_data}</arg>
<arg>results</arg>
<doc>Fails if ``key`` is not found from ``dictionary``.</doc>
<status status="PASS" start="2024-05-12T16:16:56.255187" elapsed="0.000225"/>
</kw>
<status status="PASS" start="2024-05-12T16:16:55.983958" elapsed="0.271726"/>
</kw>
<doc>Testa se a API responde corretamente e retorna um objeto JSON válido.</doc>
<tag>testeRequisicaoBasica</tag>
<status status="PASS" start="2024-05-12T16:16:55.983425" elapsed="0.272449"/>
</test>
<test id="s1-s1-t3" name="Validar estrutura de resposta" line="22">
<kw name="Teste de Estrutura de Resposta" owner="random-user-service">
<kw name="GET On Session" owner="RequestsLibrary">
<msg time="2024-05-12T16:16:56.341762" level="INFO">GET Request : url=https://randomuser.me/api 
 path_url=/api 
 headers={'User-Agent': 'python-requests/2.31.0', 'Accept-Encoding': 'gzip, deflate', 'Accept': '*/*', 'Connection': 'keep-alive'} 
 body=None 
 </msg>
<msg time="2024-05-12T16:16:56.341857" level="INFO">GET Response : url=https://randomuser.me/api 
 status=200, reason=OK 
 headers={'Date': 'Sun, 12 May 2024 16:16:56 GMT', 'Content-Type': 'application/json; charset=utf-8', 'Transfer-Encoding': 'chunked', 'Connection': 'keep-alive', 'X-Powered-By': 'Express', 'Access-Control-Allow-Origin': '*', 'Cache-Control': 'no-cache', 'ETag': 'W/"486-A0cFwKo216edNCXHmSU8GbF3Xuw"', 'Vary': 'Accept-Encoding', 'Content-Encoding': 'gzip', 'CF-Cache-Status': 'DYNAMIC', 'Report-To': '{"endpoints":[{"url":"https:\\/\\/a.nel.cloudflare.com\\/report\\/v4?s=M5Didt6j6CqWIPZwV4eG%2FMMAuG%2BiZOe8wGjqr97CdI3oyz%2B6PtS3ZtmlORfQkrDJQLNcDz4CUVaxx6%2Bngb1Hr%2BFrss2mCaRBIVsF8tKuvoB8eho3H4fbH9BR3px%2FgFDv"}],"group":"cf-nel","max_age":604800}', 'NEL': '{"success_fraction":0,"report_to":"cf-nel","max_age":604800}', 'Server': 'cloudflare', 'CF-RAY': '882bb74facfa9695-SJC', 'alt-svc': 'h3=":443"; ma=86400'} 
 body={"results":[{"gender":"male","name":{"title":"Mr","first":"Vujadin","last":"Abramović"},"location":{"street":{"number":7895,"name":"Junička"},"city":"Krupanj","state":"North Bačka","country":"Serbia","postcode":57091,"coordinates":{"latitude":"60.3022","longitude":"-173.6317"},"timezone":{"offset":"-1:00","description":"Azores, Cape Verde Islands"}},"email":"vujadin.abramovic@example.com","login":{"uuid":"e06c5578-ffff-4599-8689-bac80b8cb10f","username":"orangelion733","password":"henry","salt":"9798wLLq","md5":"277bb5fd21c330984fec3aaa2b15c130","sha1":"93873fdddb4b44f93b6837bed71ad4d1e17d9644","sha256":"662c9b38c9cc2cb7b484821b445d55be0f3902ddd5b539f0f8baf5f5a3a23815"},"dob":{"date":"1980-05-11T14:25:12.470Z","age":44},"registered":{"date":"2018-01-31T20:59:23.877Z","age":6},"phone":"017-5771-094","cell":"065-5047-088","id":{"name":"SID","value":"925976245"},"picture":{"large":"https://randomuser.me/api/portraits/men/53.jpg","medium":"https://randomuser.me/api/portraits/med/men/53.jpg","thumbnail":"https://randomuser.me/api/portraits/thumb/men/53.jpg"},"nat":"RS"}],"info":{"seed":"6c6717c6c3e9d671","results":1,"page":1,"version":"1.4"}} 
 </msg>
<msg time="2024-05-12T16:16:56.341976" level="INFO">/opt/hostedtoolcache/Python/3.12.3/x64/lib/python3.12/site-packages/urllib3/connectionpool.py:1103: InsecureRequestWarning: Unverified HTTPS request is being made to host 'randomuser.me'. Adding certificate verification is strongly advised. See: https://urllib3.readthedocs.io/en/latest/advanced-usage.html#tls-warnings
  warnings.warn(</msg>
<msg time="2024-05-12T16:16:56.342116" level="INFO">${response} = &lt;Response [200]&gt;</msg>
<var>${response}</var>
<arg>consultarAPI</arg>
<arg>/api</arg>
<doc>Sends a GET request on a previously created HTTP Session.</doc>
<status status="PASS" start="2024-05-12T16:16:56.258607" elapsed="0.083548"/>
</kw>
<kw name="Set Variable" owner="BuiltIn">
<msg time="2024-05-12T16:16:56.343174" level="INFO">${json_data} = {'results': [{'gender': 'male', 'name': {'title': 'Mr', 'first': 'Vujadin', 'last': 'Abramović'}, 'location': {'street': {'number': 7895, 'name': 'Junička'}, 'city': 'Krupanj', 'state': 'North Bačka',...</msg>
<var>${json_data}</var>
<arg>${response.json()}</arg>
<doc>Returns the given values which can then be assigned to a variables.</doc>
<status status="PASS" start="2024-05-12T16:16:56.342653" elapsed="0.000551"/>
</kw>
<kw name="Log" owner="BuiltIn">
<msg time="2024-05-12T16:16:56.343671" level="INFO">{'results': [{'gender': 'male', 'name': {'title': 'Mr', 'first': 'Vujadin', 'last': 'Abramović'}, 'location': {'street': {'number': 7895, 'name': 'Junička'}, 'city': 'Krupanj', 'state': 'North Bačka', 'country': 'Serbia', 'postcode': 57091, 'coordinates': {'latitude': '60.3022', 'longitude': '-173.6317'}, 'timezone': {'offset': '-1:00', 'description': 'Azores, Cape Verde Islands'}}, 'email': 'vujadin.abramovic@example.com', 'login': {'uuid': 'e06c5578-ffff-4599-8689-bac80b8cb10f', 'username': 'orangelion733', 'password': 'henry', 'salt': '9798wLLq', 'md5': '277bb5fd21c330984fec3aaa2b15c130', 'sha1': '93873fdddb4b44f93b6837bed71ad4d1e17d9644', 'sha256': '662c9b38c9cc2cb7b484821b445d55be0f3902ddd5b539f0f8baf5f5a3a23815'}, 'dob': {'date': '1980-05-11T14:25:12.470Z', 'age': 44}, 'registered': {'date': '2018-01-31T20:59:23.877Z', 'age': 6}, 'phone': '017-5771-094', 'cell': '065-5047-088', 'id': {'name': 'SID', 'value': '925976245'}, 'picture': {'large': 'https://randomuser.me/api/portraits/men/53.jpg', 'medium': 'https://randomuser.me/api/portraits/med/men/53.jpg', 'thumbnail': 'https://randomuser.me/api/portraits/thumb/men/53.jpg'}, 'nat': 'RS'}], 'info': {'seed': '6c6717c6c3e9d671', 'results': 1, 'page': 1, 'version': '1.4'}}</msg>
<arg>${json_data}</arg>
<doc>Logs the given message with the given level.</doc>
<status status="PASS" start="2024-05-12T16:16:56.343509" elapsed="0.000211"/>
</kw>
<kw name="Dictionary Should Contain Key" owner="Collections">
<msg time="2024-05-12T16:16:56.344181" level="INFO">False</msg>
<arg>${json_data}</arg>
<arg>results</arg>
<doc>Fails if ``key`` is not found from ``dictionary``.</doc>
<status status="PASS" start="2024-05-12T16:16:56.344022" elapsed="0.000194"/>
</kw>
<kw name="Should Not Be Empty" owner="BuiltIn">
<msg time="2024-05-12T16:16:56.344640" level="INFO">Length is 2.</msg>
<arg>${json_data}</arg>
<doc>Verifies that the given item is not empty.</doc>
<status status="PASS" start="2024-05-12T16:16:56.344511" elapsed="0.000320"/>
</kw>
<kw name="Create List" owner="BuiltIn">
<msg time="2024-05-12T16:16:56.345276" level="INFO">${expected_keys} = ['gender', 'name', 'location', 'email', 'login']</msg>
<var>${expected_keys}</var>
<arg>gender</arg>
<arg>name</arg>
<arg>location</arg>
<arg>email</arg>
<arg>login</arg>
<doc>Returns a list containing given items.</doc>
<status status="PASS" start="2024-05-12T16:16:56.345122" elapsed="0.000178"/>
</kw>
<for flavor="IN">
<iter>
<kw name="Dictionary Should Contain Key" owner="Collections">
<msg time="2024-05-12T16:16:56.346346" level="INFO">False</msg>
<arg>${json_data['results'][0]}</arg>
<arg>${key}</arg>
<doc>Fails if ``key`` is not found from ``dictionary``.</doc>
<status status="PASS" start="2024-05-12T16:16:56.345945" elapsed="0.000438"/>
</kw>
<kw name="Log" owner="BuiltIn">
<msg time="2024-05-12T16:16:56.347086" level="INFO">{'gender': 'male', 'name': {'title': 'Mr', 'first': 'Vujadin', 'last': 'Abramović'}, 'location': {'street': {'number': 7895, 'name': 'Junička'}, 'city': 'Krupanj', 'state': 'North Bačka', 'country': 'Serbia', 'postcode': 57091, 'coordinates': {'latitude': '60.3022', 'longitude': '-173.6317'}, 'timezone': {'offset': '-1:00', 'description': 'Azores, Cape Verde Islands'}}, 'email': 'vujadin.abramovic@example.com', 'login': {'uuid': 'e06c5578-ffff-4599-8689-bac80b8cb10f', 'username': 'orangelion733', 'password': 'henry', 'salt': '9798wLLq', 'md5': '277bb5fd21c330984fec3aaa2b15c130', 'sha1': '93873fdddb4b44f93b6837bed71ad4d1e17d9644', 'sha256': '662c9b38c9cc2cb7b484821b445d55be0f3902ddd5b539f0f8baf5f5a3a23815'}, 'dob': {'date': '1980-05-11T14:25:12.470Z', 'age': 44}, 'registered': {'date': '2018-01-31T20:59:23.877Z', 'age': 6}, 'phone': '017-5771-094', 'cell': '065-5047-088', 'id': {'name': 'SID', 'value': '925976245'}, 'picture': {'large': 'https://randomuser.me/api/portraits/men/53.jpg', 'medium': 'https://randomuser.me/api/portraits/med/men/53.jpg', 'thumbnail': 'https://randomuser.me/api/portraits/thumb/men/53.jpg'}, 'nat': 'RS'}</msg>
<arg>${json_data['results'][0]}</arg>
<doc>Logs the given message with the given level.</doc>
<status status="PASS" start="2024-05-12T16:16:56.346681" elapsed="0.000456"/>
</kw>
<kw name="Log" owner="BuiltIn">
<msg time="2024-05-12T16:16:56.347564" level="INFO">gender</msg>
<arg>${key}</arg>
<doc>Logs the given message with the given level.</doc>
<status status="PASS" start="2024-05-12T16:16:56.347438" elapsed="0.000163"/>
</kw>
<var name="${key}">gender</var>
<status status="PASS" start="2024-05-12T16:16:56.345812" elapsed="0.002000"/>
</iter>
<iter>
<kw name="Dictionary Should Contain Key" owner="Collections">
<msg time="2024-05-12T16:16:56.348493" level="INFO">False</msg>
<arg>${json_data['results'][0]}</arg>
<arg>${key}</arg>
<doc>Fails if ``key`` is not found from ``dictionary``.</doc>
<status status="PASS" start="2024-05-12T16:16:56.348109" elapsed="0.000421"/>
</kw>
<kw name="Log" owner="BuiltIn">
<msg time="2024-05-12T16:16:56.349209" level="INFO">{'gender': 'male', 'name': {'title': 'Mr', 'first': 'Vujadin', 'last': 'Abramović'}, 'location': {'street': {'number': 7895, 'name': 'Junička'}, 'city': 'Krupanj', 'state': 'North Bačka', 'country': 'Serbia', 'postcode': 57091, 'coordinates': {'latitude': '60.3022', 'longitude': '-173.6317'}, 'timezone': {'offset': '-1:00', 'description': 'Azores, Cape Verde Islands'}}, 'email': 'vujadin.abramovic@example.com', 'login': {'uuid': 'e06c5578-ffff-4599-8689-bac80b8cb10f', 'username': 'orangelion733', 'password': 'henry', 'salt': '9798wLLq', 'md5': '277bb5fd21c330984fec3aaa2b15c130', 'sha1': '93873fdddb4b44f93b6837bed71ad4d1e17d9644', 'sha256': '662c9b38c9cc2cb7b484821b445d55be0f3902ddd5b539f0f8baf5f5a3a23815'}, 'dob': {'date': '1980-05-11T14:25:12.470Z', 'age': 44}, 'registered': {'date': '2018-01-31T20:59:23.877Z', 'age': 6}, 'phone': '017-5771-094', 'cell': '065-5047-088', 'id': {'name': 'SID', 'value': '925976245'}, 'picture': {'large': 'https://randomuser.me/api/portraits/men/53.jpg', 'medium': 'https://randomuser.me/api/portraits/med/men/53.jpg', 'thumbnail': 'https://randomuser.me/api/portraits/thumb/men/53.jpg'}, 'nat': 'RS'}</msg>
<arg>${json_data['results'][0]}</arg>
<doc>Logs the given message with the given level.</doc>
<status status="PASS" start="2024-05-12T16:16:56.348849" elapsed="0.000410"/>
</kw>
<kw name="Log" owner="BuiltIn">
<msg time="2024-05-12T16:16:56.349711" level="INFO">name</msg>
<arg>${key}</arg>
<doc>Logs the given message with the given level.</doc>
<status status="PASS" start="2024-05-12T16:16:56.349586" elapsed="0.000162"/>
</kw>
<var name="${key}">name</var>
<status status="PASS" start="2024-05-12T16:16:56.347996" elapsed="0.001971"/>
</iter>
<iter>
<kw name="Dictionary Should Contain Key" owner="Collections">
<msg time="2024-05-12T16:16:56.350633" level="INFO">False</msg>
<arg>${json_data['results'][0]}</arg>
<arg>${key}</arg>
<doc>Fails if ``key`` is not found from ``dictionary``.</doc>
<status status="PASS" start="2024-05-12T16:16:56.350253" elapsed="0.000418"/>
</kw>
<kw name="Log" owner="BuiltIn">
<msg time="2024-05-12T16:16:56.351321" level="INFO">{'gender': 'male', 'name': {'title': 'Mr', 'first': 'Vujadin', 'last': 'Abramović'}, 'location': {'street': {'number': 7895, 'name': 'Junička'}, 'city': 'Krupanj', 'state': 'North Bačka', 'country': 'Serbia', 'postcode': 57091, 'coordinates': {'latitude': '60.3022', 'longitude': '-173.6317'}, 'timezone': {'offset': '-1:00', 'description': 'Azores, Cape Verde Islands'}}, 'email': 'vujadin.abramovic@example.com', 'login': {'uuid': 'e06c5578-ffff-4599-8689-bac80b8cb10f', 'username': 'orangelion733', 'password': 'henry', 'salt': '9798wLLq', 'md5': '277bb5fd21c330984fec3aaa2b15c130', 'sha1': '93873fdddb4b44f93b6837bed71ad4d1e17d9644', 'sha256': '662c9b38c9cc2cb7b484821b445d55be0f3902ddd5b539f0f8baf5f5a3a23815'}, 'dob': {'date': '1980-05-11T14:25:12.470Z', 'age': 44}, 'registered': {'date': '2018-01-31T20:59:23.877Z', 'age': 6}, 'phone': '017-5771-094', 'cell': '065-5047-088', 'id': {'name': 'SID', 'value': '925976245'}, 'picture': {'large': 'https://randomuser.me/api/portraits/men/53.jpg', 'medium': 'https://randomuser.me/api/portraits/med/men/53.jpg', 'thumbnail': 'https://randomuser.me/api/portraits/thumb/men/53.jpg'}, 'nat': 'RS'}</msg>
<arg>${json_data['results'][0]}</arg>
<doc>Logs the given message with the given level.</doc>
<status status="PASS" start="2024-05-12T16:16:56.350963" elapsed="0.000407"/>
</kw>
<kw name="Log" owner="BuiltIn">
<msg time="2024-05-12T16:16:56.351796" level="INFO">location</msg>
<arg>${key}</arg>
<doc>Logs the given message with the given level.</doc>
<status status="PASS" start="2024-05-12T16:16:56.351661" elapsed="0.000171"/>
</kw>
<var name="${key}">location</var>
<status status="PASS" start="2024-05-12T16:16:56.350141" elapsed="0.001902"/>
</iter>
<iter>
<kw name="Dictionary Should Contain Key" owner="Collections">
<msg time="2024-05-12T16:16:56.352710" level="INFO">False</msg>
<arg>${json_data['results'][0]}</arg>
<arg>${key}</arg>
<doc>Fails if ``key`` is not found from ``dictionary``.</doc>
<status status="PASS" start="2024-05-12T16:16:56.352320" elapsed="0.000426"/>
</kw>
<kw name="Log" owner="BuiltIn">
<msg time="2024-05-12T16:16:56.353400" level="INFO">{'gender': 'male', 'name': {'title': 'Mr', 'first': 'Vujadin', 'last': 'Abramović'}, 'location': {'street': {'number': 7895, 'name': 'Junička'}, 'city': 'Krupanj', 'state': 'North Bačka', 'country': 'Serbia', 'postcode': 57091, 'coordinates': {'latitude': '60.3022', 'longitude': '-173.6317'}, 'timezone': {'offset': '-1:00', 'description': 'Azores, Cape Verde Islands'}}, 'email': 'vujadin.abramovic@example.com', 'login': {'uuid': 'e06c5578-ffff-4599-8689-bac80b8cb10f', 'username': 'orangelion733', 'password': 'henry', 'salt': '9798wLLq', 'md5': '277bb5fd21c330984fec3aaa2b15c130', 'sha1': '93873fdddb4b44f93b6837bed71ad4d1e17d9644', 'sha256': '662c9b38c9cc2cb7b484821b445d55be0f3902ddd5b539f0f8baf5f5a3a23815'}, 'dob': {'date': '1980-05-11T14:25:12.470Z', 'age': 44}, 'registered': {'date': '2018-01-31T20:59:23.877Z', 'age': 6}, 'phone': '017-5771-094', 'cell': '065-5047-088', 'id': {'name': 'SID', 'value': '925976245'}, 'picture': {'large': 'https://randomuser.me/api/portraits/men/53.jpg', 'medium': 'https://randomuser.me/api/portraits/med/men/53.jpg', 'thumbnail': 'https://randomuser.me/api/portraits/thumb/men/53.jpg'}, 'nat': 'RS'}</msg>
<arg>${json_data['results'][0]}</arg>
<doc>Logs the given message with the given level.</doc>
<status status="PASS" start="2024-05-12T16:16:56.353040" elapsed="0.000438"/>
</kw>
<kw name="Log" owner="BuiltIn">
<msg time="2024-05-12T16:16:56.353903" level="INFO">email</msg>
<arg>${key}</arg>
<doc>Logs the given message with the given level.</doc>
<status status="PASS" start="2024-05-12T16:16:56.353775" elapsed="0.000166"/>
</kw>
<var name="${key}">email</var>
<status status="PASS" start="2024-05-12T16:16:56.352211" elapsed="0.001940"/>
</iter>
<iter>
<kw name="Dictionary Should Contain Key" owner="Collections">
<msg time="2024-05-12T16:16:56.354823" level="INFO">False</msg>
<arg>${json_data['results'][0]}</arg>
<arg>${key}</arg>
<doc>Fails if ``key`` is not found from ``dictionary``.</doc>
<status status="PASS" start="2024-05-12T16:16:56.354436" elapsed="0.000424"/>
</kw>
<kw name="Log" owner="BuiltIn">
<msg time="2024-05-12T16:16:56.355518" level="INFO">{'gender': 'male', 'name': {'title': 'Mr', 'first': 'Vujadin', 'last': 'Abramović'}, 'location': {'street': {'number': 7895, 'name': 'Junička'}, 'city': 'Krupanj', 'state': 'North Bačka', 'country': 'Serbia', 'postcode': 57091, 'coordinates': {'latitude': '60.3022', 'longitude': '-173.6317'}, 'timezone': {'offset': '-1:00', 'description': 'Azores, Cape Verde Islands'}}, 'email': 'vujadin.abramovic@example.com', 'login': {'uuid': 'e06c5578-ffff-4599-8689-bac80b8cb10f', 'username': 'orangelion733', 'password': 'henry', 'salt': '9798wLLq', 'md5': '277bb5fd21c330984fec3aaa2b15c130', 'sha1': '93873fdddb4b44f93b6837bed71ad4d1e17d9644', 'sha256': '662c9b38c9cc2cb7b484821b445d55be0f3902ddd5b539f0f8baf5f5a3a23815'}, 'dob': {'date': '1980-05-11T14:25:12.470Z', 'age': 44}, 'registered': {'date': '2018-01-31T20:59:23.877Z', 'age': 6}, 'phone': '017-5771-094', 'cell': '065-5047-088', 'id': {'name': 'SID', 'value': '925976245'}, 'picture': {'large': 'https://randomuser.me/api/portraits/men/53.jpg', 'medium': 'https://randomuser.me/api/portraits/med/men/53.jpg', 'thumbnail': 'https://randomuser.me/api/portraits/thumb/men/53.jpg'}, 'nat': 'RS'}</msg>
<arg>${json_data['results'][0]}</arg>
<doc>Logs the given message with the given level.</doc>
<status status="PASS" start="2024-05-12T16:16:56.355151" elapsed="0.000418"/>
</kw>
<kw name="Log" owner="BuiltIn">
<msg time="2024-05-12T16:16:56.355989" level="INFO">login</msg>
<arg>${key}</arg>
<doc>Logs the given message with the given level.</doc>
<status status="PASS" start="2024-05-12T16:16:56.355864" elapsed="0.000163"/>
</kw>
<var name="${key}">login</var>
<status status="PASS" start="2024-05-12T16:16:56.354326" elapsed="0.001917"/>
</iter>
<var>${key}</var>
<value>@{expected_keys}</value>
<status status="PASS" start="2024-05-12T16:16:56.345615" elapsed="0.010775"/>
</for>
<kw name="Create List" owner="BuiltIn">
<msg time="2024-05-12T16:16:56.356726" level="INFO">${expected_keysTwo} = ['username', 'password']</msg>
<var>${expected_keysTwo}</var>
<arg>username</arg>
<arg>password</arg>
<doc>Returns a list containing given items.</doc>
<status status="PASS" start="2024-05-12T16:16:56.356588" elapsed="0.000162"/>
</kw>
<for flavor="IN">
<iter>
<kw name="Dictionary Should Contain Key" owner="Collections">
<msg time="2024-05-12T16:16:56.357725" level="INFO">False</msg>
<arg>${json_data['results'][0]['login']}</arg>
<arg>${keyTwo}</arg>
<doc>Fails if ``key`` is not found from ``dictionary``.</doc>
<status status="PASS" start="2024-05-12T16:16:56.357310" elapsed="0.000453"/>
</kw>
<kw name="Dictionary Should Contain Key" owner="Collections">
<msg time="2024-05-12T16:16:56.358437" level="INFO">False</msg>
<arg>${json_data['results'][0]['login']}</arg>
<arg>${keyTwo}</arg>
<doc>Fails if ``key`` is not found from ``dictionary``.</doc>
<status status="PASS" start="2024-05-12T16:16:56.358057" elapsed="0.000417"/>
</kw>
<kw name="Log" owner="BuiltIn">
<msg time="2024-05-12T16:16:56.358888" level="INFO">username</msg>
<arg>${keyTwo}</arg>
<doc>Logs the given message with the given level.</doc>
<status status="PASS" start="2024-05-12T16:16:56.358762" elapsed="0.000172"/>
</kw>
<var name="${keyTwo}">username</var>
<status status="PASS" start="2024-05-12T16:16:56.357200" elapsed="0.001951"/>
</iter>
<iter>
<kw name="Dictionary Should Contain Key" owner="Collections">
<msg time="2024-05-12T16:16:56.359889" level="INFO">False</msg>
<arg>${json_data['results'][0]['login']}</arg>
<arg>${keyTwo}</arg>
<doc>Fails if ``key`` is not found from ``dictionary``.</doc>
<status status="PASS" start="2024-05-12T16:16:56.359429" elapsed="0.000500"/>
</kw>
<kw name="Dictionary Should Contain Key" owner="Collections">
<msg time="2024-05-12T16:16:56.360598" level="INFO">False</msg>
<arg>${json_data['results'][0]['login']}</arg>
<arg>${keyTwo}</arg>
<doc>Fails if ``key`` is not found from ``dictionary``.</doc>
<status status="PASS" start="2024-05-12T16:16:56.360224" elapsed="0.000411"/>
</kw>
<kw name="Log" owner="BuiltIn">
<msg time="2024-05-12T16:16:56.361055" level="INFO">password</msg>
<arg>${keyTwo}</arg>
<doc>Logs the given message with the given level.</doc>
<status status="PASS" start="2024-05-12T16:16:56.360928" elapsed="0.000164"/>
</kw>
<var name="${keyTwo}">password</var>
<status status="PASS" start="2024-05-12T16:16:56.359320" elapsed="0.001985"/>
</iter>
<var>${keyTwo}</var>
<value>@{expected_keysTwo}</value>
<status status="PASS" start="2024-05-12T16:16:56.357025" elapsed="0.004422"/>
</for>
<status status="PASS" start="2024-05-12T16:16:56.258353" elapsed="0.103241"/>
</kw>
<doc>Testa a estrutura da resposta da API.</doc>
<tag>testeEstruturaResposta</tag>
<status status="PASS" start="2024-05-12T16:16:56.257802" elapsed="0.103952"/>
</test>
<test id="s1-s1-t4" name="Validar tipos de dados" line="28">
<kw name="Teste de Tipos de Dados" owner="random-user-service">
<kw name="GET On Session" owner="RequestsLibrary">
<msg time="2024-05-12T16:16:56.468331" level="INFO">GET Request : url=https://randomuser.me/api 
 path_url=/api 
 headers={'User-Agent': 'python-requests/2.31.0', 'Accept-Encoding': 'gzip, deflate', 'Accept': '*/*', 'Connection': 'keep-alive'} 
 body=None 
 </msg>
<msg time="2024-05-12T16:16:56.468445" level="INFO">GET Response : url=https://randomuser.me/api 
 status=200, reason=OK 
 headers={'Date': 'Sun, 12 May 2024 16:16:56 GMT', 'Content-Type': 'application/json; charset=utf-8', 'Transfer-Encoding': 'chunked', 'Connection': 'keep-alive', 'X-Powered-By': 'Express', 'Access-Control-Allow-Origin': '*', 'Cache-Control': 'no-cache', 'ETag': 'W/"495-W2xgxTX4ILQAsosCATjZIUCnQ5k"', 'Vary': 'Accept-Encoding', 'Content-Encoding': 'gzip', 'CF-Cache-Status': 'DYNAMIC', 'Report-To': '{"endpoints":[{"url":"https:\\/\\/a.nel.cloudflare.com\\/report\\/v4?s=Jn4CZ42F2COLkmVUkuJOLxoKz7hhpniYWCBF3B2no816wc0kxlUGgQLCUY0AyeA7BTjE%2Br%2FwjbIN0%2BLins1MlX%2BWqPPmjG0vQ7XXtu6KQFEuFvtr%2FuxXmOCNar0PzhCU"}],"group":"cf-nel","max_age":604800}', 'NEL': '{"success_fraction":0,"report_to":"cf-nel","max_age":604800}', 'Server': 'cloudflare', 'CF-RAY': '882bb7504d959695-SJC', 'alt-svc': 'h3=":443"; ma=86400'} 
 body={"results":[{"gender":"female","name":{"title":"Mrs","first":"Dragica","last":"Daničić"},"location":{"street":{"number":5376,"name":"Siluanova"},"city":"Lučani","state":"Prizren","country":"Serbia","postcode":95263,"coordinates":{"latitude":"60.6726","longitude":"141.5983"},"timezone":{"offset":"+8:00","description":"Beijing, Perth, Singapore, Hong Kong"}},"email":"dragica.danicic@example.com","login":{"uuid":"316d8c7a-ff73-46fd-868f-cd6a5cda2e7c","username":"yellowpeacock863","password":"lucky7","salt":"7CpA81XA","md5":"f254e725e2c36813efdada5ddee93ce4","sha1":"b92e43fff3768a26a03a097483acaf7a42e26227","sha256":"53d889067e4a53dbfbc1e210b8776e6fcdd230e07b03f3d77a70c4d12df6e89a"},"dob":{"date":"1967-07-02T00:00:26.613Z","age":56},"registered":{"date":"2015-06-13T21:29:36.574Z","age":8},"phone":"038-6184-725","cell":"061-9355-181","id":{"name":"SID","value":"046054450"},"picture":{"large":"https://randomuser.me/api/portraits/women/30.jpg","medium":"https://randomuser.me/api/portraits/med/women/30.jpg","thumbnail":"https://randomuser.me/api/portraits/thumb/women/30.jpg"},"nat":"RS"}],"info":{"seed":"1bc99d3f93383c78","results":1,"page":1,"version":"1.4"}} 
 </msg>
<msg time="2024-05-12T16:16:56.468533" level="INFO">/opt/hostedtoolcache/Python/3.12.3/x64/lib/python3.12/site-packages/urllib3/connectionpool.py:1103: InsecureRequestWarning: Unverified HTTPS request is being made to host 'randomuser.me'. Adding certificate verification is strongly advised. See: https://urllib3.readthedocs.io/en/latest/advanced-usage.html#tls-warnings
  warnings.warn(</msg>
<msg time="2024-05-12T16:16:56.468699" level="INFO">${response} = &lt;Response [200]&gt;</msg>
<var>${response}</var>
<arg>consultarAPI</arg>
<arg>/api</arg>
<doc>Sends a GET request on a previously created HTTP Session.</doc>
<status status="PASS" start="2024-05-12T16:16:56.364372" elapsed="0.104375"/>
</kw>
<kw name="Set Variable" owner="BuiltIn">
<msg time="2024-05-12T16:16:56.469822" level="INFO">${json_data} = {'results': [{'gender': 'female', 'name': {'title': 'Mrs', 'first': 'Dragica', 'last': 'Daničić'}, 'location': {'street': {'number': 5376, 'name': 'Siluanova'}, 'city': 'Lučani', 'state': 'Prizren', '...</msg>
<var>${json_data}</var>
<arg>${response.json()}</arg>
<doc>Returns the given values which can then be assigned to a variables.</doc>
<status status="PASS" start="2024-05-12T16:16:56.469261" elapsed="0.000591"/>
</kw>
<kw name="Log" owner="BuiltIn">
<msg time="2024-05-12T16:16:56.470440" level="INFO">{'results': [{'gender': 'female', 'name': {'title': 'Mrs', 'first': 'Dragica', 'last': 'Daničić'}, 'location': {'street': {'number': 5376, 'name': 'Siluanova'}, 'city': 'Lučani', 'state': 'Prizren', 'country': 'Serbia', 'postcode': 95263, 'coordinates': {'latitude': '60.6726', 'longitude': '141.5983'}, 'timezone': {'offset': '+8:00', 'description': 'Beijing, Perth, Singapore, Hong Kong'}}, 'email': 'dragica.danicic@example.com', 'login': {'uuid': '316d8c7a-ff73-46fd-868f-cd6a5cda2e7c', 'username': 'yellowpeacock863', 'password': 'lucky7', 'salt': '7CpA81XA', 'md5': 'f254e725e2c36813efdada5ddee93ce4', 'sha1': 'b92e43fff3768a26a03a097483acaf7a42e26227', 'sha256': '53d889067e4a53dbfbc1e210b8776e6fcdd230e07b03f3d77a70c4d12df6e89a'}, 'dob': {'date': '1967-07-02T00:00:26.613Z', 'age': 56}, 'registered': {'date': '2015-06-13T21:29:36.574Z', 'age': 8}, 'phone': '038-6184-725', 'cell': '061-9355-181', 'id': {'name': 'SID', 'value': '046054450'}, 'picture': {'large': 'https://randomuser.me/api/portraits/women/30.jpg', 'medium': 'https://randomuser.me/api/portraits/med/women/30.jpg', 'thumbnail': 'https://randomuser.me/api/portraits/thumb/women/30.jpg'}, 'nat': 'RS'}], 'info': {'seed': '1bc99d3f93383c78', 'results': 1, 'page': 1, 'version': '1.4'}}</msg>
<arg>${json_data}</arg>
<doc>Logs the given message with the given level.</doc>
<status status="PASS" start="2024-05-12T16:16:56.470222" elapsed="0.000339"/>
</kw>
<kw name="Should Be String" owner="String">
<arg>${json_data['results'][0]['gender']}</arg>
<doc>Fails if the given ``item`` is not a string.</doc>
<status status="PASS" start="2024-05-12T16:16:56.470991" elapsed="0.000402"/>
</kw>
<kw name="Should Match Regexp" owner="BuiltIn">
<arg>${json_data['results'][0]['email']}</arg>
<arg>^[a-zA-Z0-9._%+-]+@[a-zA-Z0-9.-]+\.[a-zA-Z]{2,}$</arg>
<doc>Fails if ``string`` does not match ``pattern`` as a regular expression.</doc>
<status status="PASS" start="2024-05-12T16:16:56.471590" elapsed="0.000522"/>
</kw>
<kw name="Should Match Regexp" owner="BuiltIn">
<arg>${json_data['results'][0]['dob']['date']}</arg>
<arg>\\d{4}-\\d{2}-\\d{2}T\\d{2}:\\d{2}:\\d{2}\\.\\d{3}Z</arg>
<doc>Fails if ``string`` does not match ``pattern`` as a regular expression.</doc>
<status status="PASS" start="2024-05-12T16:16:56.472306" elapsed="0.000496"/>
</kw>
<kw name="Should Match Regexp" owner="BuiltIn">
<arg>${json_data['results'][0]['registered']['date']}</arg>
<arg>\\d{4}-\\d{2}-\\d{2}T\\d{2}:\\d{2}:\\d{2}\\.\\d{3}Z</arg>
<doc>Fails if ``string`` does not match ``pattern`` as a regular expression.</doc>
<status status="PASS" start="2024-05-12T16:16:56.472995" elapsed="0.000383"/>
</kw>
<kw name="Should Match Regexp" owner="BuiltIn">
<arg>${json_data['results'][0]['picture']['large']}</arg>
<arg>^https?://.*\.(?:png|jpe?g|gif|bmp)$</arg>
<doc>Fails if ``string`` does not match ``pattern`` as a regular expression.</doc>
<status status="PASS" start="2024-05-12T16:16:56.473607" elapsed="0.000466"/>
</kw>
<kw name="Should Match Regexp" owner="BuiltIn">
<arg>${json_data['results'][0]['picture']['medium']}</arg>
<arg>^https?://.*\.(?:png|jpe?g|gif|bmp)$</arg>
<doc>Fails if ``string`` does not match ``pattern`` as a regular expression.</doc>
<status status="PASS" start="2024-05-12T16:16:56.474261" elapsed="0.000353"/>
</kw>
<kw name="Should Match Regexp" owner="BuiltIn">
<arg>${json_data['results'][0]['picture']['thumbnail']}</arg>
<arg>^https?://.*\.(?:png|jpe?g|gif|bmp)$</arg>
<doc>Fails if ``string`` does not match ``pattern`` as a regular expression.</doc>
<status status="PASS" start="2024-05-12T16:16:56.474802" elapsed="0.000357"/>
</kw>
<kw name="Log" owner="BuiltIn">
<msg time="2024-05-12T16:16:56.475846" level="INFO">{'large': 'https://randomuser.me/api/portraits/women/30.jpg', 'medium': 'https://randomuser.me/api/portraits/med/women/30.jpg', 'thumbnail': 'https://randomuser.me/api/portraits/thumb/women/30.jpg'}</msg>
<arg>${json_data['results'][0]['picture']}</arg>
<doc>Logs the given message with the given level.</doc>
<status status="PASS" start="2024-05-12T16:16:56.475478" elapsed="0.000411"/>
</kw>
<status status="PASS" start="2024-05-12T16:16:56.364128" elapsed="0.112022"/>
</kw>
<kw name="Teste de Tipos de Dados - Postcode" owner="random-user-service">
<kw name="GET On Session" owner="RequestsLibrary">
<msg time="2024-05-12T16:16:56.572912" level="INFO">GET Request : url=https://randomuser.me/api 
 path_url=/api 
 headers={'User-Agent': 'python-requests/2.31.0', 'Accept-Encoding': 'gzip, deflate', 'Accept': '*/*', 'Connection': 'keep-alive'} 
 body=None 
 </msg>
<msg time="2024-05-12T16:16:56.573014" level="INFO">GET Response : url=https://randomuser.me/api 
 status=200, reason=OK 
 headers={'Date': 'Sun, 12 May 2024 16:16:56 GMT', 'Content-Type': 'application/json; charset=utf-8', 'Transfer-Encoding': 'chunked', 'Connection': 'keep-alive', 'X-Powered-By': 'Express', 'Access-Control-Allow-Origin': '*', 'Cache-Control': 'no-cache', 'ETag': 'W/"49f-LKS+BYhjvhOKyrnwodgBtw3dLUQ"', 'Vary': 'Accept-Encoding', 'Content-Encoding': 'gzip', 'CF-Cache-Status': 'DYNAMIC', 'Report-To': '{"endpoints":[{"url":"https:\\/\\/a.nel.cloudflare.com\\/report\\/v4?s=2DcRMpuyBTiIEG07AL85GA5CLcuF%2FHbHGFV3hdlyo%2FCaDcC7stAvwVVDRBt1n5U7wypPH0X38golnWA0vaAnjLoURHkYzM26K%2FP6PeSU2IkoygYuUuqHfMIyLRbmq9kw"}],"group":"cf-nel","max_age":604800}', 'NEL': '{"success_fraction":0,"report_to":"cf-nel","max_age":604800}', 'Server': 'cloudflare', 'CF-RAY': '882bb7510e069695-SJC', 'alt-svc': 'h3=":443"; ma=86400'} 
 body={"results":[{"gender":"male","name":{"title":"Mr","first":"German","last":"Arias"},"location":{"street":{"number":4666,"name":"Calle de La Democracia"},"city":"Granada","state":"Castilla la Mancha","country":"Spain","postcode":11880,"coordinates":{"latitude":"-36.8718","longitude":"-106.7810"},"timezone":{"offset":"-5:00","description":"Eastern Time (US &amp; Canada), Bogota, Lima"}},"email":"german.arias@example.com","login":{"uuid":"60478540-8809-407f-bf8e-9f222bf28d90","username":"orangewolf629","password":"visitor","salt":"HGcKbB97","md5":"ce19b31e87cb349a1d0067a506f942f0","sha1":"ac7dff1f5d4b0ca46af97ffc559d08fc35488c3d","sha256":"faaa4e58be3dc7c57563ec56105dc4753917f09daea9f8daac6859673e0a4c5d"},"dob":{"date":"1998-12-18T04:53:27.945Z","age":25},"registered":{"date":"2005-11-03T02:30:00.234Z","age":18},"phone":"917-915-850","cell":"675-833-466","id":{"name":"DNI","value":"91915985-L"},"picture":{"large":"https://randomuser.me/api/portraits/men/16.jpg","medium":"https://randomuser.me/api/portraits/med/men/16.jpg","thumbnail":"https://randomuser.me/api/portraits/thumb/men/16.jpg"},"nat":"ES"}],"info":{"seed":"713b84902bb0064c","results":1,"page":1,"version":"1.4"}} 
 </msg>
<msg time="2024-05-12T16:16:56.573086" level="INFO">/opt/hostedtoolcache/Python/3.12.3/x64/lib/python3.12/site-packages/urllib3/connectionpool.py:1103: InsecureRequestWarning: Unverified HTTPS request is being made to host 'randomuser.me'. Adding certificate verification is strongly advised. See: https://urllib3.readthedocs.io/en/latest/advanced-usage.html#tls-warnings
  warnings.warn(</msg>
<msg time="2024-05-12T16:16:56.573229" level="INFO">${response} = &lt;Response [200]&gt;</msg>
<var>${response}</var>
<arg>consultarAPI</arg>
<arg>/api</arg>
<doc>Sends a GET request on a previously created HTTP Session.</doc>
<status status="PASS" start="2024-05-12T16:16:56.476613" elapsed="0.096656"/>
</kw>
<kw name="Set Variable" owner="BuiltIn">
<msg time="2024-05-12T16:16:56.574357" level="INFO">${json_data} = {'results': [{'gender': 'male', 'name': {'title': 'Mr', 'first': 'German', 'last': 'Arias'}, 'location': {'street': {'number': 4666, 'name': 'Calle de La Democracia'}, 'city': 'Granada', 'state': 'Cas...</msg>
<var>${json_data}</var>
<arg>${response.json()}</arg>
<doc>Returns the given values which can then be assigned to a variables.</doc>
<status status="PASS" start="2024-05-12T16:16:56.573836" elapsed="0.000549"/>
</kw>
<kw name="Log" owner="BuiltIn">
<msg time="2024-05-12T16:16:56.574848" level="INFO">{'results': [{'gender': 'male', 'name': {'title': 'Mr', 'first': 'German', 'last': 'Arias'}, 'location': {'street': {'number': 4666, 'name': 'Calle de La Democracia'}, 'city': 'Granada', 'state': 'Castilla la Mancha', 'country': 'Spain', 'postcode': 11880, 'coordinates': {'latitude': '-36.8718', 'longitude': '-106.7810'}, 'timezone': {'offset': '-5:00', 'description': 'Eastern Time (US &amp; Canada), Bogota, Lima'}}, 'email': 'german.arias@example.com', 'login': {'uuid': '60478540-8809-407f-bf8e-9f222bf28d90', 'username': 'orangewolf629', 'password': 'visitor', 'salt': 'HGcKbB97', 'md5': 'ce19b31e87cb349a1d0067a506f942f0', 'sha1': 'ac7dff1f5d4b0ca46af97ffc559d08fc35488c3d', 'sha256': 'faaa4e58be3dc7c57563ec56105dc4753917f09daea9f8daac6859673e0a4c5d'}, 'dob': {'date': '1998-12-18T04:53:27.945Z', 'age': 25}, 'registered': {'date': '2005-11-03T02:30:00.234Z', 'age': 18}, 'phone': '917-915-850', 'cell': '675-833-466', 'id': {'name': 'DNI', 'value': '91915985-L'}, 'picture': {'large': 'https://randomuser.me/api/portraits/men/16.jpg', 'medium': 'https://randomuser.me/api/portraits/med/men/16.jpg', 'thumbnail': 'https://randomuser.me/api/portraits/thumb/men/16.jpg'}, 'nat': 'ES'}], 'info': {'seed': '713b84902bb0064c', 'results': 1, 'page': 1, 'version': '1.4'}}</msg>
<arg>${json_data}</arg>
<doc>Logs the given message with the given level.</doc>
<status status="PASS" start="2024-05-12T16:16:56.574694" elapsed="0.000237"/>
</kw>
<kw name="Should Be Equal As Numbers" owner="BuiltIn">
<arg>${json_data['results'][0]['location']['postcode']}</arg>
<arg>${json_data['results'][0]['location']['postcode']}</arg>
<doc>Fails if objects are unequal after converting them to real numbers.</doc>
<status status="PASS" start="2024-05-12T16:16:56.575408" elapsed="0.000611"/>
</kw>
<kw name="Log" owner="BuiltIn">
<msg time="2024-05-12T16:16:56.576540" level="INFO">11880</msg>
<arg>${json_data['results'][0]['location']['postcode']}</arg>
<doc>Logs the given message with the given level.</doc>
<status status="PASS" start="2024-05-12T16:16:56.576208" elapsed="0.000371"/>
</kw>
<status status="PASS" start="2024-05-12T16:16:56.476383" elapsed="0.100451"/>
</kw>
<doc>Testa se os tipos de dados na resposta da API estão corretos.</doc>
<tag>testeTiposDados</tag>
<status status="PASS" start="2024-05-12T16:16:56.363541" elapsed="0.213461"/>
</test>
<test id="s1-s1-t5" name="Validar conteudo" line="35">
<kw name="Teste de Tipos de Conteudo" owner="random-user-service">
<kw name="GET On Session" owner="RequestsLibrary">
<msg time="2024-05-12T16:16:56.663337" level="INFO">GET Request : url=https://randomuser.me/api 
 path_url=/api 
 headers={'User-Agent': 'python-requests/2.31.0', 'Accept-Encoding': 'gzip, deflate', 'Accept': '*/*', 'Connection': 'keep-alive'} 
 body=None 
 </msg>
<msg time="2024-05-12T16:16:56.663438" level="INFO">GET Response : url=https://randomuser.me/api 
 status=200, reason=OK 
 headers={'Date': 'Sun, 12 May 2024 16:16:56 GMT', 'Content-Type': 'application/json; charset=utf-8', 'Transfer-Encoding': 'chunked', 'Connection': 'keep-alive', 'X-Powered-By': 'Express', 'Access-Control-Allow-Origin': '*', 'Cache-Control': 'no-cache', 'ETag': 'W/"484-Ls/5QAZJMN7GjQCY69QfXcTqH28"', 'Vary': 'Accept-Encoding', 'Content-Encoding': 'gzip', 'CF-Cache-Status': 'DYNAMIC', 'Report-To': '{"endpoints":[{"url":"https:\\/\\/a.nel.cloudflare.com\\/report\\/v4?s=5%2BeLNc2p7PhveWVSHyrWLJ5Q%2F0%2BiPzz%2BedVcWHcgU6zk9mK%2Fpu7T9drsEQtY5FWq0ZNTouDqlRdr7FslB0JN51ejx2MyXkXLxDxY2b4YQRiCCDI1GTdoUlN%2FAFCLUl1E"}],"group":"cf-nel","max_age":604800}', 'NEL': '{"success_fraction":0,"report_to":"cf-nel","max_age":604800}', 'Server': 'cloudflare', 'CF-RAY': '882bb751ae519695-SJC', 'alt-svc': 'h3=":443"; ma=86400'} 
 body={"results":[{"gender":"male","name":{"title":"Mr","first":"Noah","last":"Poulsen"},"location":{"street":{"number":3272,"name":"Fasanvej"},"city":"Støvring ","state":"Hovedstaden","country":"Denmark","postcode":34148,"coordinates":{"latitude":"-45.5020","longitude":"-88.0703"},"timezone":{"offset":"-4:00","description":"Atlantic Time (Canada), Caracas, La Paz"}},"email":"noah.poulsen@example.com","login":{"uuid":"bd452d34-923b-4305-8fbd-cf16d212e0af","username":"sadswan787","password":"zurich","salt":"KjoRmauW","md5":"ec363a022dfca0c8aa5b7140cc659ffd","sha1":"1a6f4b4bbdfea7653f02895e4c089bd724d0ca70","sha256":"c78aed527911404ea9effc9aa06f3abe820c5c47f6ebf935edb9d5e9190ce54f"},"dob":{"date":"1999-09-07T19:51:42.504Z","age":24},"registered":{"date":"2004-04-21T20:30:45.845Z","age":20},"phone":"81119069","cell":"43922613","id":{"name":"CPR","value":"070999-5648"},"picture":{"large":"https://randomuser.me/api/portraits/men/38.jpg","medium":"https://randomuser.me/api/portraits/med/men/38.jpg","thumbnail":"https://randomuser.me/api/portraits/thumb/men/38.jpg"},"nat":"DK"}],"info":{"seed":"1f987cdb0c51ec25","results":1,"page":1,"version":"1.4"}} 
 </msg>
<msg time="2024-05-12T16:16:56.663516" level="INFO">/opt/hostedtoolcache/Python/3.12.3/x64/lib/python3.12/site-packages/urllib3/connectionpool.py:1103: InsecureRequestWarning: Unverified HTTPS request is being made to host 'randomuser.me'. Adding certificate verification is strongly advised. See: https://urllib3.readthedocs.io/en/latest/advanced-usage.html#tls-warnings
  warnings.warn(</msg>
<msg time="2024-05-12T16:16:56.663659" level="INFO">${response} = &lt;Response [200]&gt;</msg>
<var>${response}</var>
<arg>consultarAPI</arg>
<arg>/api</arg>
<doc>Sends a GET request on a previously created HTTP Session.</doc>
<status status="PASS" start="2024-05-12T16:16:56.579588" elapsed="0.084115"/>
</kw>
<kw name="Set Variable" owner="BuiltIn">
<msg time="2024-05-12T16:16:56.664733" level="INFO">${json_data} = {'results': [{'gender': 'male', 'name': {'title': 'Mr', 'first': 'Noah', 'last': 'Poulsen'}, 'location': {'street': {'number': 3272, 'name': 'Fasanvej'}, 'city': 'Støvring ', 'state': 'Hovedstaden', '...</msg>
<var>${json_data}</var>
<arg>${response.json()}</arg>
<doc>Returns the given values which can then be assigned to a variables.</doc>
<status status="PASS" start="2024-05-12T16:16:56.664216" elapsed="0.000547"/>
</kw>
<kw name="Set Variable" owner="BuiltIn">
<msg time="2024-05-12T16:16:56.665500" level="INFO">${name_title} = Mr</msg>
<var>${name_title}</var>
<arg>${json_data["results"][0]["name"]["title"]}</arg>
<doc>Returns the given values which can then be assigned to a variables.</doc>
<status status="PASS" start="2024-05-12T16:16:56.665069" elapsed="0.000458"/>
</kw>
<kw name="Create List" owner="BuiltIn">
<msg time="2024-05-12T16:16:56.665989" level="INFO">${allowed_titles} = ['Mr', 'Ms', 'Miss', 'Mrs', 'Madame', 'Monsieur']</msg>
<var>${allowed_titles}</var>
<arg>Mr</arg>
<arg>Ms</arg>
<arg>Miss</arg>
<arg>Mrs</arg>
<arg>Madame</arg>
<arg>Monsieur</arg>
<doc>Returns a list containing given items.</doc>
<status status="PASS" start="2024-05-12T16:16:56.665840" elapsed="0.000173"/>
</kw>
<kw name="List Should Contain Value" owner="Collections">
<msg time="2024-05-12T16:16:56.666482" level="INFO">False</msg>
<arg>${allowed_titles}</arg>
<arg>${name_title}</arg>
<doc>Fails if the ``value`` is not found from ``list``.</doc>
<status status="PASS" start="2024-05-12T16:16:56.666310" elapsed="0.000207"/>
</kw>
<kw name="Set Variable" owner="BuiltIn">
<msg time="2024-05-12T16:16:56.667183" level="INFO">${name_country} = DK</msg>
<var>${name_country}</var>
<arg>${json_data["results"][0]["nat"]}</arg>
<doc>Returns the given values which can then be assigned to a variables.</doc>
<status status="PASS" start="2024-05-12T16:16:56.666806" elapsed="0.000402"/>
</kw>
<kw name="Create List" owner="BuiltIn">
<msg time="2024-05-12T16:16:56.668089" level="INFO">${list_country} = ['AD', 'AE', 'AF', 'AG', 'AI', 'AL', 'AM', 'AO', 'AQ', 'AR', 'AS', 'AT', 'AU', 'AW', 'AX', 'AZ', 'BA', 'BB', 'BD', 'BE', 'BF', 'BG', 'BH', 'BI', 'BJ', 'BL', 'BM', 'BN', 'BO', 'BQ', 'BR', 'BS', 'BT', '...</msg>
<var>${list_country}</var>
<arg>AD</arg>
<arg>AE</arg>
<arg>AF</arg>
<arg>AG</arg>
<arg>AI</arg>
<arg>AL</arg>
<arg>AM</arg>
<arg>AO</arg>
<arg>AQ</arg>
<arg>AR</arg>
<arg>AS</arg>
<arg>AT</arg>
<arg>AU</arg>
<arg>AW</arg>
<arg>AX</arg>
<arg>AZ</arg>
<arg>BA</arg>
<arg>BB</arg>
<arg>BD</arg>
<arg>BE</arg>
<arg>BF</arg>
<arg>BG</arg>
<arg>BH</arg>
<arg>BI</arg>
<arg>BJ</arg>
<arg>BL</arg>
<arg>BM</arg>
<arg>BN</arg>
<arg>BO</arg>
<arg>BQ</arg>
<arg>BR</arg>
<arg>BS</arg>
<arg>BT</arg>
<arg>BV</arg>
<arg>BW</arg>
<arg>BY</arg>
<arg>BZ</arg>
<arg>CA</arg>
<arg>CC</arg>
<arg>CD</arg>
<arg>CF</arg>
<arg>CG</arg>
<arg>CH</arg>
<arg>CI</arg>
<arg>CK</arg>
<arg>CL</arg>
<arg>CM</arg>
<arg>CN</arg>
<arg>CO</arg>
<arg>CR</arg>
<arg>CU</arg>
<arg>CV</arg>
<arg>CW</arg>
<arg>CX</arg>
<arg>CY</arg>
<arg>CZ</arg>
<arg>DE</arg>
<arg>DJ</arg>
<arg>DK</arg>
<arg>DM</arg>
<arg>DO</arg>
<arg>DZ</arg>
<arg>EC</arg>
<arg>EE</arg>
<arg>EG</arg>
<arg>EH</arg>
<arg>ER</arg>
<arg>ES</arg>
<arg>ET</arg>
<arg>FI</arg>
<arg>FJ</arg>
<arg>FK</arg>
<arg>FM</arg>
<arg>FO</arg>
<arg>FR</arg>
<arg>GA</arg>
<arg>GB</arg>
<arg>GD</arg>
<arg>GE</arg>
<arg>GF</arg>
<arg>GG</arg>
<arg>GH</arg>
<arg>GI</arg>
<arg>GL</arg>
<arg>GM</arg>
<arg>GN</arg>
<arg>GP</arg>
<arg>GQ</arg>
<arg>GR</arg>
<arg>GS</arg>
<arg>GT</arg>
<arg>GU</arg>
<arg>GW</arg>
<arg>GY</arg>
<arg>HK</arg>
<arg>HM</arg>
<arg>HN</arg>
<arg>HR</arg>
<arg>HT</arg>
<arg>HU</arg>
<arg>ID</arg>
<arg>IE</arg>
<arg>IL</arg>
<arg>IM</arg>
<arg>IN</arg>
<arg>IO</arg>
<arg>IQ</arg>
<arg>IR</arg>
<arg>IS</arg>
<arg>IT</arg>
<arg>JE</arg>
<arg>JM</arg>
<arg>JO</arg>
<arg>JP</arg>
<arg>KE</arg>
<arg>KG</arg>
<arg>KH</arg>
<arg>KI</arg>
<arg>KM</arg>
<arg>KN</arg>
<arg>KP</arg>
<arg>KR</arg>
<arg>KW</arg>
<arg>KY</arg>
<arg>KZ</arg>
<arg>LA</arg>
<arg>LB</arg>
<arg>LC</arg>
<arg>LI</arg>
<arg>LK</arg>
<arg>LR</arg>
<arg>LS</arg>
<arg>LT</arg>
<arg>LU</arg>
<arg>LV</arg>
<arg>LY</arg>
<arg>MA</arg>
<arg>MC</arg>
<arg>MD</arg>
<arg>ME</arg>
<arg>MF</arg>
<arg>MG</arg>
<arg>MH</arg>
<arg>MK</arg>
<arg>ML</arg>
<arg>MM</arg>
<arg>MN</arg>
<arg>MO</arg>
<arg>MP</arg>
<arg>MQ</arg>
<arg>MR</arg>
<arg>MS</arg>
<arg>MT</arg>
<arg>MU</arg>
<arg>MV</arg>
<arg>MW</arg>
<arg>MX</arg>
<arg>MY</arg>
<arg>MZ</arg>
<arg>NA</arg>
<arg>NC</arg>
<arg>NE</arg>
<arg>NF</arg>
<arg>NG</arg>
<arg>NI</arg>
<arg>NL</arg>
<arg>NO</arg>
<arg>NP</arg>
<arg>NR</arg>
<arg>NU</arg>
<arg>NZ</arg>
<arg>OM</arg>
<arg>PA</arg>
<arg>PE</arg>
<arg>PF</arg>
<arg>PG</arg>
<arg>PH</arg>
<arg>PK</arg>
<arg>PL</arg>
<arg>PM</arg>
<arg>PN</arg>
<arg>PR</arg>
<arg>PS</arg>
<arg>PT</arg>
<arg>PW</arg>
<arg>PY</arg>
<arg>QA</arg>
<arg>RE</arg>
<arg>RO</arg>
<arg>RS</arg>
<arg>RU</arg>
<arg>RW</arg>
<arg>SA</arg>
<arg>SB</arg>
<arg>SC</arg>
<arg>SD</arg>
<arg>SE</arg>
<arg>SG</arg>
<arg>SH</arg>
<arg>SI</arg>
<arg>SJ</arg>
<arg>SK</arg>
<arg>SL</arg>
<arg>SM</arg>
<arg>SN</arg>
<arg>SO</arg>
<arg>SR</arg>
<arg>SS</arg>
<arg>ST</arg>
<arg>SV</arg>
<arg>SX</arg>
<arg>SY</arg>
<arg>SZ</arg>
<arg>TC</arg>
<arg>TD</arg>
<arg>TF</arg>
<arg>TG</arg>
<arg>TH</arg>
<arg>TJ</arg>
<arg>TK</arg>
<arg>TL</arg>
<arg>TM</arg>
<arg>TN</arg>
<arg>TO</arg>
<arg>TR</arg>
<arg>TT</arg>
<arg>TV</arg>
<arg>TW</arg>
<arg>TZ</arg>
<arg>UA</arg>
<arg>UG</arg>
<arg>UM</arg>
<arg>US</arg>
<arg>UY</arg>
<arg>UZ</arg>
<arg>VA</arg>
<arg>VC</arg>
<arg>VE</arg>
<arg>VG</arg>
<arg>VI</arg>
<arg>VN</arg>
<arg>VU</arg>
<arg>WF</arg>
<arg>WS</arg>
<arg>XK</arg>
<arg>YE</arg>
<arg>YT</arg>
<arg>ZA</arg>
<arg>ZM</arg>
<arg>ZW</arg>
<doc>Returns a list containing given items.</doc>
<status status="PASS" start="2024-05-12T16:16:56.667509" elapsed="0.000604"/>
</kw>
<kw name="List Should Contain Value" owner="Collections">
<msg time="2024-05-12T16:16:56.669093" level="INFO">False</msg>
<arg>${list_country}</arg>
<arg>${name_country}</arg>
<doc>Fails if the ``value`` is not found from ``list``.</doc>
<status status="PASS" start="2024-05-12T16:16:56.668899" elapsed="0.000230"/>
</kw>
<kw name="Run Keyword If" owner="BuiltIn">
<kw name="Should Be True" owner="BuiltIn">
<arg>${True}</arg>
<doc>Fails if the given condition is not true.</doc>
<status status="PASS" start="2024-05-12T16:16:56.670213" elapsed="0.000261"/>
</kw>
<arg>${json_data["results"][0]["location"]["coordinates"]["latitude"]} &gt;= -90 and ${json_data["results"][0]["location"]["coordinates"]["latitude"]} &lt;= 90</arg>
<arg>Should Be True</arg>
<arg>${True}</arg>
<doc>Runs the given keyword with the given arguments, if ``condition`` is true.</doc>
<status status="PASS" start="2024-05-12T16:16:56.669456" elapsed="0.001151"/>
</kw>
<kw name="Run Keyword If" owner="BuiltIn">
<kw name="Should Be True" owner="BuiltIn">
<arg>${True}</arg>
<doc>Fails if the given condition is not true.</doc>
<status status="PASS" start="2024-05-12T16:16:56.671550" elapsed="0.000139"/>
</kw>
<arg>${json_data["results"][0]["location"]["coordinates"]["longitude"]} &gt;= -180 and ${json_data["results"][0]["location"]["coordinates"]["longitude"]} &lt;= 180</arg>
<arg>Should Be True</arg>
<arg>${True}</arg>
<doc>Runs the given keyword with the given arguments, if ``condition`` is true.</doc>
<status status="PASS" start="2024-05-12T16:16:56.670791" elapsed="0.001023"/>
</kw>
<status status="PASS" start="2024-05-12T16:16:56.579361" elapsed="0.092583"/>
</kw>
<doc>Testa o conteúdo específico dos campos retornados pela API.</doc>
<tag>testeConteudo</tag>
<status status="PASS" start="2024-05-12T16:16:56.578821" elapsed="0.093274"/>
</test>
<status status="PASS" start="2024-05-12T16:16:55.676276" elapsed="0.997878"/>
</suite>
<status status="PASS" start="2024-05-12T16:16:55.662848" elapsed="1.016499"/>
</suite>
<statistics>
<total>
<stat pass="5" fail="0" skip="0">All Tests</stat>
</total>
<tag>
<stat pass="1" fail="0" skip="0">testeConteudo</stat>
<stat pass="1" fail="0" skip="0">testeEstruturaResposta</stat>
<stat pass="1" fail="0" skip="0">testeRequisicaoBasica</stat>
<stat pass="1" fail="0" skip="0">testeTiposDados</stat>
</tag>
<suite>
<stat pass="5" fail="0" skip="0" id="s1" name="Tests">Tests</stat>
<stat pass="5" fail="0" skip="0" id="s1-s1" name="Random-User-Test">Tests.Random-User-Test</stat>
</suite>
</statistics>
<errors>
</errors>
</robot>
