<?xml version="1.0" encoding="UTF-8"?>
<robot generator="Robot 7.0.1 (Python 3.12.4 on linux)" generated="2024-06-23T18:18:12.793605" rpa="false" schemaversion="5">
<suite id="s1" name="Tests" source="/home/runner/work/ApiRandomUser/ApiRandomUser/RamdonUser/tests">
<suite id="s1-s1" name="Random-User-Test" source="/home/runner/work/ApiRandomUser/ApiRandomUser/RamdonUser/tests/random-user-test.robot">
<test id="s1-s1-t1" name="Conectar" line="13">
<kw name="Conectar API" owner="random-user-service">
<kw name="Create Session" owner="RequestsLibrary">
<msg time="2024-06-23T18:18:13.184876" level="INFO">Creating Session using : alias=consultarAPI, url=https://randomuser.me/, headers={},                     cookies={}, auth=None, timeout=None, proxies=None, verify=False,                     debug=0 </msg>
<arg>consultarAPI</arg>
<arg>${URL}</arg>
<doc>Create Session: create a HTTP session to a server</doc>
<status status="PASS" start="2024-06-23T18:18:13.184681" elapsed="0.000351"/>
</kw>
<status status="PASS" start="2024-06-23T18:18:13.183749" elapsed="0.001627"/>
</kw>
<status status="PASS" start="2024-06-23T18:18:13.183221" elapsed="0.002339"/>
</test>
<test id="s1-s1-t2" name="Validar retorno 200 e JSON Válido" line="16">
<kw name="Teste de Requisicao Basica" owner="random-user-service">
<kw name="GET On Session" owner="RequestsLibrary">
<msg time="2024-06-23T18:18:13.279996" level="INFO">GET Request : url=https://randomuser.me/api 
 path_url=/api 
 headers={'User-Agent': 'python-requests/2.32.3', 'Accept-Encoding': 'gzip, deflate', 'Accept': '*/*', 'Connection': 'keep-alive'} 
 body=None 
 </msg>
<msg time="2024-06-23T18:18:13.280119" level="INFO">GET Response : url=https://randomuser.me/api 
 status=200, reason=OK 
 headers={'Date': 'Sun, 23 Jun 2024 18:18:13 GMT', 'Content-Type': 'application/json; charset=utf-8', 'Transfer-Encoding': 'chunked', 'Connection': 'keep-alive', 'X-Powered-By': 'Express', 'Access-Control-Allow-Origin': '*', 'Cache-Control': 'no-cache', 'ETag': 'W/"484-0VNHOSD9mwYKZUkovgKgDd+guC4"', 'Vary': 'Accept-Encoding', 'Content-Encoding': 'gzip', 'CF-Cache-Status': 'DYNAMIC', 'Report-To': '{"endpoints":[{"url":"https:\\/\\/a.nel.cloudflare.com\\/report\\/v4?s=57KCHdABwcgRzel9Mw6zxpTC%2BxYMJJmIfpfAwu3N1TFDck6mwK%2FcKrDTBalsBaB7RsEHhS%2FM%2BMP%2FpoZvFTpHimIf0omfXyt8KipcG43wyGDZe3P9YrUBENpFrX%2FnzHzE"}],"group":"cf-nel","max_age":604800}', 'NEL': '{"success_fraction":0,"report_to":"cf-nel","max_age":604800}', 'Server': 'cloudflare', 'CF-RAY': '89867ab8bf4d080e-IAD', 'alt-svc': 'h3=":443"; ma=86400'} 
 body={"results":[{"gender":"male","name":{"title":"Mr","first":"Craig","last":"Kennedy"},"location":{"street":{"number":3278,"name":"Rochestown Road"},"city":"Sligo","state":"Clare","country":"Ireland","postcode":32342,"coordinates":{"latitude":"-1.4508","longitude":"-63.8361"},"timezone":{"offset":"+1:00","description":"Brussels, Copenhagen, Madrid, Paris"}},"email":"craig.kennedy@example.com","login":{"uuid":"3775bd13-df26-4f06-a647-1110a34acc8e","username":"goldenladybug165","password":"goats","salt":"18ky8czi","md5":"0a246d86b6377cc7f5c57536894aed03","sha1":"c6b412f118da203e8acdaf470f6c07bc257e7933","sha256":"d1fa7eebe6db7a0281331b074d369a2359ff1967b5ebc0659a48cf9c3d9d7d13"},"dob":{"date":"1950-07-29T21:00:54.140Z","age":73},"registered":{"date":"2003-11-14T13:23:53.138Z","age":20},"phone":"051-126-7759","cell":"081-515-1444","id":{"name":"PPS","value":"3424788T"},"picture":{"large":"https://randomuser.me/api/portraits/men/2.jpg","medium":"https://randomuser.me/api/portraits/med/men/2.jpg","thumbnail":"https://randomuser.me/api/portraits/thumb/men/2.jpg"},"nat":"IE"}],"info":{"seed":"e53ce861223e3c5b","results":1,"page":1,"version":"1.4"}} 
 </msg>
<msg time="2024-06-23T18:18:13.280193" level="INFO">/opt/hostedtoolcache/Python/3.12.4/x64/lib/python3.12/site-packages/urllib3/connectionpool.py:1099: InsecureRequestWarning: Unverified HTTPS request is being made to host 'randomuser.me'. Adding certificate verification is strongly advised. See: https://urllib3.readthedocs.io/en/latest/advanced-usage.html#tls-warnings
  warnings.warn(</msg>
<msg time="2024-06-23T18:18:13.280333" level="INFO">${response} = &lt;Response [200]&gt;</msg>
<var>${response}</var>
<arg>consultarAPI</arg>
<arg>/api</arg>
<doc>Sends a GET request on a previously created HTTP Session.</doc>
<status status="PASS" start="2024-06-23T18:18:13.188137" elapsed="0.092235"/>
</kw>
<kw name="Should Be Equal As Numbers" owner="BuiltIn">
<msg time="2024-06-23T18:18:13.281227" level="INFO">Argument types are:
&lt;class 'int'&gt;
&lt;class 'str'&gt;</msg>
<arg>${response.status_code}</arg>
<arg>200</arg>
<doc>Fails if objects are unequal after converting them to real numbers.</doc>
<status status="PASS" start="2024-06-23T18:18:13.280804" elapsed="0.000489"/>
</kw>
<kw name="Log" owner="BuiltIn">
<msg time="2024-06-23T18:18:13.281946" level="INFO">200</msg>
<arg>${response.status_code}</arg>
<doc>Logs the given message with the given level.</doc>
<status status="PASS" start="2024-06-23T18:18:13.281602" elapsed="0.000386"/>
</kw>
<kw name="Set Variable" owner="BuiltIn">
<msg time="2024-06-23T18:18:13.282755" level="INFO">${json_data} = {'results': [{'gender': 'male', 'name': {'title': 'Mr', 'first': 'Craig', 'last': 'Kennedy'}, 'location': {'street': {'number': 3278, 'name': 'Rochestown Road'}, 'city': 'Sligo', 'state': 'Clare', 'co...</msg>
<var>${json_data}</var>
<arg>${response.json()}</arg>
<doc>Returns the given values which can then be assigned to a variables.</doc>
<status status="PASS" start="2024-06-23T18:18:13.282285" elapsed="0.000498"/>
</kw>
<kw name="Dictionary Should Contain Key" owner="Collections">
<arg>${json_data}</arg>
<arg>results</arg>
<doc>Fails if ``key`` is not found from ``dictionary``.</doc>
<status status="PASS" start="2024-06-23T18:18:13.283079" elapsed="0.000165"/>
</kw>
<status status="PASS" start="2024-06-23T18:18:13.187892" elapsed="0.095497"/>
</kw>
<doc>Testa se a API responde corretamente e retorna um objeto JSON válido.</doc>
<tag>testeRequisicaoBasica</tag>
<status status="PASS" start="2024-06-23T18:18:13.187437" elapsed="0.096113"/>
</test>
<test id="s1-s1-t3" name="Validar estrutura de resposta" line="22">
<kw name="Teste de Estrutura de Resposta" owner="random-user-service">
<kw name="GET On Session" owner="RequestsLibrary">
<msg time="2024-06-23T18:18:13.379248" level="INFO">GET Request : url=https://randomuser.me/api 
 path_url=/api 
 headers={'User-Agent': 'python-requests/2.32.3', 'Accept-Encoding': 'gzip, deflate', 'Accept': '*/*', 'Connection': 'keep-alive'} 
 body=None 
 </msg>
<msg time="2024-06-23T18:18:13.379328" level="INFO">GET Response : url=https://randomuser.me/api 
 status=200, reason=OK 
 headers={'Date': 'Sun, 23 Jun 2024 18:18:13 GMT', 'Content-Type': 'application/json; charset=utf-8', 'Transfer-Encoding': 'chunked', 'Connection': 'keep-alive', 'X-Powered-By': 'Express', 'Access-Control-Allow-Origin': '*', 'Cache-Control': 'no-cache', 'ETag': 'W/"47f-iR9xa0zA1GLz0PaE5SG5U8qfaZE"', 'Vary': 'Accept-Encoding', 'Content-Encoding': 'gzip', 'CF-Cache-Status': 'DYNAMIC', 'Report-To': '{"endpoints":[{"url":"https:\\/\\/a.nel.cloudflare.com\\/report\\/v4?s=%2B72nELaCLMWd4NUV3fqFf4zh%2B5ot9H5xKYFH8UYc9mJUA%2FWeTnkQksAoPSCd1OYQxwMLvytZyBgOV8Ix1uDW%2FaynEKQ4g3shjeW81NjLAd5GZU2AD8RpJsZLycFYJ0jK"}],"group":"cf-nel","max_age":604800}', 'NEL': '{"success_fraction":0,"report_to":"cf-nel","max_age":604800}', 'Server': 'cloudflare', 'CF-RAY': '89867ab91fb0080e-IAD', 'alt-svc': 'h3=":443"; ma=86400'} 
 body={"results":[{"gender":"male","name":{"title":"Mr","first":"Oliver","last":"Madsen"},"location":{"street":{"number":8768,"name":"Bakkevænget"},"city":"Randers Nv","state":"Midtjylland","country":"Denmark","postcode":14115,"coordinates":{"latitude":"-42.6303","longitude":"-118.7963"},"timezone":{"offset":"-7:00","description":"Mountain Time (US &amp; Canada)"}},"email":"oliver.madsen@example.com","login":{"uuid":"b72e0970-b559-4e50-85ff-deab76ea6878","username":"whitewolf857","password":"dylan","salt":"SuwK3ucp","md5":"bd432de44b0d72263a87f1fcd97cb035","sha1":"946e5df5e58bd94d6b378520417a96ec1d07155b","sha256":"190afa7729acae5a049821b3ae7f36c5f29109ead7d630085850c31bc7f19912"},"dob":{"date":"1995-03-27T17:06:42.332Z","age":29},"registered":{"date":"2015-11-07T15:55:49.791Z","age":8},"phone":"44963545","cell":"55290228","id":{"name":"CPR","value":"270395-6104"},"picture":{"large":"https://randomuser.me/api/portraits/men/69.jpg","medium":"https://randomuser.me/api/portraits/med/men/69.jpg","thumbnail":"https://randomuser.me/api/portraits/thumb/men/69.jpg"},"nat":"DK"}],"info":{"seed":"82f9d44cc56904c8","results":1,"page":1,"version":"1.4"}} 
 </msg>
<msg time="2024-06-23T18:18:13.379449" level="INFO">/opt/hostedtoolcache/Python/3.12.4/x64/lib/python3.12/site-packages/urllib3/connectionpool.py:1099: InsecureRequestWarning: Unverified HTTPS request is being made to host 'randomuser.me'. Adding certificate verification is strongly advised. See: https://urllib3.readthedocs.io/en/latest/advanced-usage.html#tls-warnings
  warnings.warn(</msg>
<msg time="2024-06-23T18:18:13.379577" level="INFO">${response} = &lt;Response [200]&gt;</msg>
<var>${response}</var>
<arg>consultarAPI</arg>
<arg>/api</arg>
<doc>Sends a GET request on a previously created HTTP Session.</doc>
<status status="PASS" start="2024-06-23T18:18:13.286042" elapsed="0.093574"/>
</kw>
<kw name="Set Variable" owner="BuiltIn">
<msg time="2024-06-23T18:18:13.380528" level="INFO">${json_data} = {'results': [{'gender': 'male', 'name': {'title': 'Mr', 'first': 'Oliver', 'last': 'Madsen'}, 'location': {'street': {'number': 8768, 'name': 'Bakkevænget'}, 'city': 'Randers Nv', 'state': 'Midtjyllan...</msg>
<var>${json_data}</var>
<arg>${response.json()}</arg>
<doc>Returns the given values which can then be assigned to a variables.</doc>
<status status="PASS" start="2024-06-23T18:18:13.380044" elapsed="0.000513"/>
</kw>
<kw name="Log" owner="BuiltIn">
<msg time="2024-06-23T18:18:13.381025" level="INFO">{'results': [{'gender': 'male', 'name': {'title': 'Mr', 'first': 'Oliver', 'last': 'Madsen'}, 'location': {'street': {'number': 8768, 'name': 'Bakkevænget'}, 'city': 'Randers Nv', 'state': 'Midtjylland', 'country': 'Denmark', 'postcode': 14115, 'coordinates': {'latitude': '-42.6303', 'longitude': '-118.7963'}, 'timezone': {'offset': '-7:00', 'description': 'Mountain Time (US &amp; Canada)'}}, 'email': 'oliver.madsen@example.com', 'login': {'uuid': 'b72e0970-b559-4e50-85ff-deab76ea6878', 'username': 'whitewolf857', 'password': 'dylan', 'salt': 'SuwK3ucp', 'md5': 'bd432de44b0d72263a87f1fcd97cb035', 'sha1': '946e5df5e58bd94d6b378520417a96ec1d07155b', 'sha256': '190afa7729acae5a049821b3ae7f36c5f29109ead7d630085850c31bc7f19912'}, 'dob': {'date': '1995-03-27T17:06:42.332Z', 'age': 29}, 'registered': {'date': '2015-11-07T15:55:49.791Z', 'age': 8}, 'phone': '44963545', 'cell': '55290228', 'id': {'name': 'CPR', 'value': '270395-6104'}, 'picture': {'large': 'https://randomuser.me/api/portraits/men/69.jpg', 'medium': 'https://randomuser.me/api/portraits/med/men/69.jpg', 'thumbnail': 'https://randomuser.me/api/portraits/thumb/men/69.jpg'}, 'nat': 'DK'}], 'info': {'seed': '82f9d44cc56904c8', 'results': 1, 'page': 1, 'version': '1.4'}}</msg>
<arg>${json_data}</arg>
<doc>Logs the given message with the given level.</doc>
<status status="PASS" start="2024-06-23T18:18:13.380863" elapsed="0.000212"/>
</kw>
<kw name="Dictionary Should Contain Key" owner="Collections">
<arg>${json_data}</arg>
<arg>results</arg>
<doc>Fails if ``key`` is not found from ``dictionary``.</doc>
<status status="PASS" start="2024-06-23T18:18:13.381368" elapsed="0.000159"/>
</kw>
<kw name="Should Not Be Empty" owner="BuiltIn">
<msg time="2024-06-23T18:18:13.381834" level="INFO">Length is 2.</msg>
<arg>${json_data}</arg>
<doc>Verifies that the given item is not empty.</doc>
<status status="PASS" start="2024-06-23T18:18:13.381713" elapsed="0.000158"/>
</kw>
<kw name="Create List" owner="BuiltIn">
<msg time="2024-06-23T18:18:13.382483" level="INFO">${expected_keys} = ['gender', 'name', 'location', 'email', 'login']</msg>
<var>${expected_keys}</var>
<arg>gender</arg>
<arg>name</arg>
<arg>location</arg>
<arg>email</arg>
<arg>login</arg>
<doc>Returns a list containing given items.</doc>
<status status="PASS" start="2024-06-23T18:18:13.382155" elapsed="0.000358"/>
</kw>
<for flavor="IN">
<iter>
<kw name="Dictionary Should Contain Key" owner="Collections">
<arg>${json_data['results'][0]}</arg>
<arg>${key}</arg>
<doc>Fails if ``key`` is not found from ``dictionary``.</doc>
<status status="PASS" start="2024-06-23T18:18:13.383112" elapsed="0.000405"/>
</kw>
<kw name="Log" owner="BuiltIn">
<msg time="2024-06-23T18:18:13.384073" level="INFO">{'gender': 'male', 'name': {'title': 'Mr', 'first': 'Oliver', 'last': 'Madsen'}, 'location': {'street': {'number': 8768, 'name': 'Bakkevænget'}, 'city': 'Randers Nv', 'state': 'Midtjylland', 'country': 'Denmark', 'postcode': 14115, 'coordinates': {'latitude': '-42.6303', 'longitude': '-118.7963'}, 'timezone': {'offset': '-7:00', 'description': 'Mountain Time (US &amp; Canada)'}}, 'email': 'oliver.madsen@example.com', 'login': {'uuid': 'b72e0970-b559-4e50-85ff-deab76ea6878', 'username': 'whitewolf857', 'password': 'dylan', 'salt': 'SuwK3ucp', 'md5': 'bd432de44b0d72263a87f1fcd97cb035', 'sha1': '946e5df5e58bd94d6b378520417a96ec1d07155b', 'sha256': '190afa7729acae5a049821b3ae7f36c5f29109ead7d630085850c31bc7f19912'}, 'dob': {'date': '1995-03-27T17:06:42.332Z', 'age': 29}, 'registered': {'date': '2015-11-07T15:55:49.791Z', 'age': 8}, 'phone': '44963545', 'cell': '55290228', 'id': {'name': 'CPR', 'value': '270395-6104'}, 'picture': {'large': 'https://randomuser.me/api/portraits/men/69.jpg', 'medium': 'https://randomuser.me/api/portraits/med/men/69.jpg', 'thumbnail': 'https://randomuser.me/api/portraits/thumb/men/69.jpg'}, 'nat': 'DK'}</msg>
<arg>${json_data['results'][0]}</arg>
<doc>Logs the given message with the given level.</doc>
<status status="PASS" start="2024-06-23T18:18:13.383707" elapsed="0.000417"/>
</kw>
<kw name="Log" owner="BuiltIn">
<msg time="2024-06-23T18:18:13.384550" level="INFO">gender</msg>
<arg>${key}</arg>
<doc>Logs the given message with the given level.</doc>
<status status="PASS" start="2024-06-23T18:18:13.384422" elapsed="0.000165"/>
</kw>
<var name="${key}">gender</var>
<status status="PASS" start="2024-06-23T18:18:13.382989" elapsed="0.001813"/>
</iter>
<iter>
<kw name="Dictionary Should Contain Key" owner="Collections">
<arg>${json_data['results'][0]}</arg>
<arg>${key}</arg>
<doc>Fails if ``key`` is not found from ``dictionary``.</doc>
<status status="PASS" start="2024-06-23T18:18:13.385095" elapsed="0.000387"/>
</kw>
<kw name="Log" owner="BuiltIn">
<msg time="2024-06-23T18:18:13.386021" level="INFO">{'gender': 'male', 'name': {'title': 'Mr', 'first': 'Oliver', 'last': 'Madsen'}, 'location': {'street': {'number': 8768, 'name': 'Bakkevænget'}, 'city': 'Randers Nv', 'state': 'Midtjylland', 'country': 'Denmark', 'postcode': 14115, 'coordinates': {'latitude': '-42.6303', 'longitude': '-118.7963'}, 'timezone': {'offset': '-7:00', 'description': 'Mountain Time (US &amp; Canada)'}}, 'email': 'oliver.madsen@example.com', 'login': {'uuid': 'b72e0970-b559-4e50-85ff-deab76ea6878', 'username': 'whitewolf857', 'password': 'dylan', 'salt': 'SuwK3ucp', 'md5': 'bd432de44b0d72263a87f1fcd97cb035', 'sha1': '946e5df5e58bd94d6b378520417a96ec1d07155b', 'sha256': '190afa7729acae5a049821b3ae7f36c5f29109ead7d630085850c31bc7f19912'}, 'dob': {'date': '1995-03-27T17:06:42.332Z', 'age': 29}, 'registered': {'date': '2015-11-07T15:55:49.791Z', 'age': 8}, 'phone': '44963545', 'cell': '55290228', 'id': {'name': 'CPR', 'value': '270395-6104'}, 'picture': {'large': 'https://randomuser.me/api/portraits/men/69.jpg', 'medium': 'https://randomuser.me/api/portraits/med/men/69.jpg', 'thumbnail': 'https://randomuser.me/api/portraits/thumb/men/69.jpg'}, 'nat': 'DK'}</msg>
<arg>${json_data['results'][0]}</arg>
<doc>Logs the given message with the given level.</doc>
<status status="PASS" start="2024-06-23T18:18:13.385667" elapsed="0.000434"/>
</kw>
<kw name="Log" owner="BuiltIn">
<msg time="2024-06-23T18:18:13.386573" level="INFO">name</msg>
<arg>${key}</arg>
<doc>Logs the given message with the given level.</doc>
<status status="PASS" start="2024-06-23T18:18:13.386395" elapsed="0.000219"/>
</kw>
<var name="${key}">name</var>
<status status="PASS" start="2024-06-23T18:18:13.384984" elapsed="0.001854"/>
</iter>
<iter>
<kw name="Dictionary Should Contain Key" owner="Collections">
<arg>${json_data['results'][0]}</arg>
<arg>${key}</arg>
<doc>Fails if ``key`` is not found from ``dictionary``.</doc>
<status status="PASS" start="2024-06-23T18:18:13.387125" elapsed="0.000383"/>
</kw>
<kw name="Log" owner="BuiltIn">
<msg time="2024-06-23T18:18:13.388042" level="INFO">{'gender': 'male', 'name': {'title': 'Mr', 'first': 'Oliver', 'last': 'Madsen'}, 'location': {'street': {'number': 8768, 'name': 'Bakkevænget'}, 'city': 'Randers Nv', 'state': 'Midtjylland', 'country': 'Denmark', 'postcode': 14115, 'coordinates': {'latitude': '-42.6303', 'longitude': '-118.7963'}, 'timezone': {'offset': '-7:00', 'description': 'Mountain Time (US &amp; Canada)'}}, 'email': 'oliver.madsen@example.com', 'login': {'uuid': 'b72e0970-b559-4e50-85ff-deab76ea6878', 'username': 'whitewolf857', 'password': 'dylan', 'salt': 'SuwK3ucp', 'md5': 'bd432de44b0d72263a87f1fcd97cb035', 'sha1': '946e5df5e58bd94d6b378520417a96ec1d07155b', 'sha256': '190afa7729acae5a049821b3ae7f36c5f29109ead7d630085850c31bc7f19912'}, 'dob': {'date': '1995-03-27T17:06:42.332Z', 'age': 29}, 'registered': {'date': '2015-11-07T15:55:49.791Z', 'age': 8}, 'phone': '44963545', 'cell': '55290228', 'id': {'name': 'CPR', 'value': '270395-6104'}, 'picture': {'large': 'https://randomuser.me/api/portraits/men/69.jpg', 'medium': 'https://randomuser.me/api/portraits/med/men/69.jpg', 'thumbnail': 'https://randomuser.me/api/portraits/thumb/men/69.jpg'}, 'nat': 'DK'}</msg>
<arg>${json_data['results'][0]}</arg>
<doc>Logs the given message with the given level.</doc>
<status status="PASS" start="2024-06-23T18:18:13.387685" elapsed="0.000417"/>
</kw>
<kw name="Log" owner="BuiltIn">
<msg time="2024-06-23T18:18:13.388520" level="INFO">location</msg>
<arg>${key}</arg>
<doc>Logs the given message with the given level.</doc>
<status status="PASS" start="2024-06-23T18:18:13.388393" elapsed="0.000163"/>
</kw>
<var name="${key}">location</var>
<status status="PASS" start="2024-06-23T18:18:13.387016" elapsed="0.001753"/>
</iter>
<iter>
<kw name="Dictionary Should Contain Key" owner="Collections">
<arg>${json_data['results'][0]}</arg>
<arg>${key}</arg>
<doc>Fails if ``key`` is not found from ``dictionary``.</doc>
<status status="PASS" start="2024-06-23T18:18:13.389048" elapsed="0.000378"/>
</kw>
<kw name="Log" owner="BuiltIn">
<msg time="2024-06-23T18:18:13.389977" level="INFO">{'gender': 'male', 'name': {'title': 'Mr', 'first': 'Oliver', 'last': 'Madsen'}, 'location': {'street': {'number': 8768, 'name': 'Bakkevænget'}, 'city': 'Randers Nv', 'state': 'Midtjylland', 'country': 'Denmark', 'postcode': 14115, 'coordinates': {'latitude': '-42.6303', 'longitude': '-118.7963'}, 'timezone': {'offset': '-7:00', 'description': 'Mountain Time (US &amp; Canada)'}}, 'email': 'oliver.madsen@example.com', 'login': {'uuid': 'b72e0970-b559-4e50-85ff-deab76ea6878', 'username': 'whitewolf857', 'password': 'dylan', 'salt': 'SuwK3ucp', 'md5': 'bd432de44b0d72263a87f1fcd97cb035', 'sha1': '946e5df5e58bd94d6b378520417a96ec1d07155b', 'sha256': '190afa7729acae5a049821b3ae7f36c5f29109ead7d630085850c31bc7f19912'}, 'dob': {'date': '1995-03-27T17:06:42.332Z', 'age': 29}, 'registered': {'date': '2015-11-07T15:55:49.791Z', 'age': 8}, 'phone': '44963545', 'cell': '55290228', 'id': {'name': 'CPR', 'value': '270395-6104'}, 'picture': {'large': 'https://randomuser.me/api/portraits/men/69.jpg', 'medium': 'https://randomuser.me/api/portraits/med/men/69.jpg', 'thumbnail': 'https://randomuser.me/api/portraits/thumb/men/69.jpg'}, 'nat': 'DK'}</msg>
<arg>${json_data['results'][0]}</arg>
<doc>Logs the given message with the given level.</doc>
<status status="PASS" start="2024-06-23T18:18:13.389609" elapsed="0.000423"/>
</kw>
<kw name="Log" owner="BuiltIn">
<msg time="2024-06-23T18:18:13.390482" level="INFO">email</msg>
<arg>${key}</arg>
<doc>Logs the given message with the given level.</doc>
<status status="PASS" start="2024-06-23T18:18:13.390325" elapsed="0.000201"/>
</kw>
<var name="${key}">email</var>
<status status="PASS" start="2024-06-23T18:18:13.388942" elapsed="0.001804"/>
</iter>
<iter>
<kw name="Dictionary Should Contain Key" owner="Collections">
<arg>${json_data['results'][0]}</arg>
<arg>${key}</arg>
<doc>Fails if ``key`` is not found from ``dictionary``.</doc>
<status status="PASS" start="2024-06-23T18:18:13.391023" elapsed="0.000385"/>
</kw>
<kw name="Log" owner="BuiltIn">
<msg time="2024-06-23T18:18:13.391936" level="INFO">{'gender': 'male', 'name': {'title': 'Mr', 'first': 'Oliver', 'last': 'Madsen'}, 'location': {'street': {'number': 8768, 'name': 'Bakkevænget'}, 'city': 'Randers Nv', 'state': 'Midtjylland', 'country': 'Denmark', 'postcode': 14115, 'coordinates': {'latitude': '-42.6303', 'longitude': '-118.7963'}, 'timezone': {'offset': '-7:00', 'description': 'Mountain Time (US &amp; Canada)'}}, 'email': 'oliver.madsen@example.com', 'login': {'uuid': 'b72e0970-b559-4e50-85ff-deab76ea6878', 'username': 'whitewolf857', 'password': 'dylan', 'salt': 'SuwK3ucp', 'md5': 'bd432de44b0d72263a87f1fcd97cb035', 'sha1': '946e5df5e58bd94d6b378520417a96ec1d07155b', 'sha256': '190afa7729acae5a049821b3ae7f36c5f29109ead7d630085850c31bc7f19912'}, 'dob': {'date': '1995-03-27T17:06:42.332Z', 'age': 29}, 'registered': {'date': '2015-11-07T15:55:49.791Z', 'age': 8}, 'phone': '44963545', 'cell': '55290228', 'id': {'name': 'CPR', 'value': '270395-6104'}, 'picture': {'large': 'https://randomuser.me/api/portraits/men/69.jpg', 'medium': 'https://randomuser.me/api/portraits/med/men/69.jpg', 'thumbnail': 'https://randomuser.me/api/portraits/thumb/men/69.jpg'}, 'nat': 'DK'}</msg>
<arg>${json_data['results'][0]}</arg>
<doc>Logs the given message with the given level.</doc>
<status status="PASS" start="2024-06-23T18:18:13.391587" elapsed="0.000400"/>
</kw>
<kw name="Log" owner="BuiltIn">
<msg time="2024-06-23T18:18:13.392408" level="INFO">login</msg>
<arg>${key}</arg>
<doc>Logs the given message with the given level.</doc>
<status status="PASS" start="2024-06-23T18:18:13.392281" elapsed="0.000164"/>
</kw>
<var name="${key}">login</var>
<status status="PASS" start="2024-06-23T18:18:13.390916" elapsed="0.001743"/>
</iter>
<var>${key}</var>
<value>@{expected_keys}</value>
<status status="PASS" start="2024-06-23T18:18:13.382785" elapsed="0.009993"/>
</for>
<kw name="Create List" owner="BuiltIn">
<msg time="2024-06-23T18:18:13.393096" level="INFO">${expected_keysTwo} = ['username', 'password']</msg>
<var>${expected_keysTwo}</var>
<arg>username</arg>
<arg>password</arg>
<doc>Returns a list containing given items.</doc>
<status status="PASS" start="2024-06-23T18:18:13.392962" elapsed="0.000158"/>
</kw>
<for flavor="IN">
<iter>
<kw name="Dictionary Should Contain Key" owner="Collections">
<arg>${json_data['results'][0]['login']}</arg>
<arg>${keyTwo}</arg>
<doc>Fails if ``key`` is not found from ``dictionary``.</doc>
<status status="PASS" start="2024-06-23T18:18:13.393636" elapsed="0.000391"/>
</kw>
<kw name="Dictionary Should Contain Key" owner="Collections">
<arg>${json_data['results'][0]['login']}</arg>
<arg>${keyTwo}</arg>
<doc>Fails if ``key`` is not found from ``dictionary``.</doc>
<status status="PASS" start="2024-06-23T18:18:13.394211" elapsed="0.000398"/>
</kw>
<kw name="Log" owner="BuiltIn">
<msg time="2024-06-23T18:18:13.394902" level="INFO">username</msg>
<arg>${keyTwo}</arg>
<doc>Logs the given message with the given level.</doc>
<status status="PASS" start="2024-06-23T18:18:13.394784" elapsed="0.000154"/>
</kw>
<var name="${keyTwo}">username</var>
<status status="PASS" start="2024-06-23T18:18:13.393530" elapsed="0.001629"/>
</iter>
<iter>
<kw name="Dictionary Should Contain Key" owner="Collections">
<arg>${json_data['results'][0]['login']}</arg>
<arg>${keyTwo}</arg>
<doc>Fails if ``key`` is not found from ``dictionary``.</doc>
<status status="PASS" start="2024-06-23T18:18:13.395441" elapsed="0.000384"/>
</kw>
<kw name="Dictionary Should Contain Key" owner="Collections">
<arg>${json_data['results'][0]['login']}</arg>
<arg>${keyTwo}</arg>
<doc>Fails if ``key`` is not found from ``dictionary``.</doc>
<status status="PASS" start="2024-06-23T18:18:13.396000" elapsed="0.000379"/>
</kw>
<kw name="Log" owner="BuiltIn">
<msg time="2024-06-23T18:18:13.396672" level="INFO">password</msg>
<arg>${keyTwo}</arg>
<doc>Logs the given message with the given level.</doc>
<status status="PASS" start="2024-06-23T18:18:13.396553" elapsed="0.000155"/>
</kw>
<var name="${keyTwo}">password</var>
<status status="PASS" start="2024-06-23T18:18:13.395336" elapsed="0.001683"/>
</iter>
<var>${keyTwo}</var>
<value>@{expected_keysTwo}</value>
<status status="PASS" start="2024-06-23T18:18:13.393380" elapsed="0.003761"/>
</for>
<status status="PASS" start="2024-06-23T18:18:13.285807" elapsed="0.111477"/>
</kw>
<doc>Testa a estrutura da resposta da API.</doc>
<tag>testeEstruturaResposta</tag>
<status status="PASS" start="2024-06-23T18:18:13.285295" elapsed="0.112136"/>
</test>
<test id="s1-s1-t4" name="Validar tipos de dados" line="28">
<kw name="Teste de Tipos de Dados" owner="random-user-service">
<kw name="GET On Session" owner="RequestsLibrary">
<msg time="2024-06-23T18:18:13.475841" level="INFO">GET Request : url=https://randomuser.me/api 
 path_url=/api 
 headers={'User-Agent': 'python-requests/2.32.3', 'Accept-Encoding': 'gzip, deflate', 'Accept': '*/*', 'Connection': 'keep-alive'} 
 body=None 
 </msg>
<msg time="2024-06-23T18:18:13.475936" level="INFO">GET Response : url=https://randomuser.me/api 
 status=200, reason=OK 
 headers={'Date': 'Sun, 23 Jun 2024 18:18:13 GMT', 'Content-Type': 'application/json; charset=utf-8', 'Transfer-Encoding': 'chunked', 'Connection': 'keep-alive', 'X-Powered-By': 'Express', 'Access-Control-Allow-Origin': '*', 'Cache-Control': 'no-cache', 'ETag': 'W/"46f-jma4pPbs70zQX6SIuTuMiUETAow"', 'Vary': 'Accept-Encoding', 'Content-Encoding': 'gzip', 'CF-Cache-Status': 'DYNAMIC', 'Report-To': '{"endpoints":[{"url":"https:\\/\\/a.nel.cloudflare.com\\/report\\/v4?s=1xfo5gavN8PUVHZ8HfCSswA5v1%2F6pq%2F9%2FWUTG7V5lzzaBQL3Hlp0AiQwJcTpGMiwxu9YEHye0yBwGMwC2kwad63rB7%2FyHsIuxCFez23Zce7BvxAQhykwEOhym46t2xeU"}],"group":"cf-nel","max_age":604800}', 'NEL': '{"success_fraction":0,"report_to":"cf-nel","max_age":604800}', 'Server': 'cloudflare', 'CF-RAY': '89867ab9c879080e-IAD', 'alt-svc': 'h3=":443"; ma=86400'} 
 body={"results":[{"gender":"male","name":{"title":"Mr","first":"مانی","last":"پارسا"},"location":{"street":{"number":9723,"name":"نوفل لوشاتو"},"city":"اراک","state":"اردبیل","country":"Iran","postcode":99310,"coordinates":{"latitude":"17.8812","longitude":"-99.5025"},"timezone":{"offset":"+4:30","description":"Kabul"}},"email":"mny.prs@example.com","login":{"uuid":"bcafd01f-b560-4ffb-a456-cadd441658f2","username":"greengorilla776","password":"darkstar","salt":"QwAb99Sy","md5":"e7d1a3796c93a98aac402d4b7b4e718c","sha1":"c09853e4e3c15c5bba8548d34dda5f929c12bec5","sha256":"47d467a386a74d29f77ac80cb61dad4ad0b37db0ceff9502c04baad36ead2079"},"dob":{"date":"1980-12-27T16:50:38.575Z","age":43},"registered":{"date":"2018-12-15T23:15:52.517Z","age":5},"phone":"023-14359104","cell":"0920-226-8299","id":{"name":"","value":null},"picture":{"large":"https://randomuser.me/api/portraits/men/82.jpg","medium":"https://randomuser.me/api/portraits/med/men/82.jpg","thumbnail":"https://randomuser.me/api/portraits/thumb/men/82.jpg"},"nat":"IR"}],"info":{"seed":"f04c0d26776e863b","results":1,"page":1,"version":"1.4"}} 
 </msg>
<msg time="2024-06-23T18:18:13.476017" level="INFO">/opt/hostedtoolcache/Python/3.12.4/x64/lib/python3.12/site-packages/urllib3/connectionpool.py:1099: InsecureRequestWarning: Unverified HTTPS request is being made to host 'randomuser.me'. Adding certificate verification is strongly advised. See: https://urllib3.readthedocs.io/en/latest/advanced-usage.html#tls-warnings
  warnings.warn(</msg>
<msg time="2024-06-23T18:18:13.476256" level="INFO">${response} = &lt;Response [200]&gt;</msg>
<var>${response}</var>
<arg>consultarAPI</arg>
<arg>/api</arg>
<doc>Sends a GET request on a previously created HTTP Session.</doc>
<status status="PASS" start="2024-06-23T18:18:13.399914" elapsed="0.076380"/>
</kw>
<kw name="Set Variable" owner="BuiltIn">
<msg time="2024-06-23T18:18:13.477330" level="INFO">${json_data} = {'results': [{'gender': 'male', 'name': {'title': 'Mr', 'first': 'مانی', 'last': 'پارسا'}, 'location': {'street': {'number': 9723, 'name': 'نوفل لوشاتو'}, 'city': 'اراک', 'state': 'اردبیل', 'country':...</msg>
<var>${json_data}</var>
<arg>${response.json()}</arg>
<doc>Returns the given values which can then be assigned to a variables.</doc>
<status status="PASS" start="2024-06-23T18:18:13.476794" elapsed="0.000566"/>
</kw>
<kw name="Log" owner="BuiltIn">
<msg time="2024-06-23T18:18:13.477842" level="INFO">{'results': [{'gender': 'male', 'name': {'title': 'Mr', 'first': 'مانی', 'last': 'پارسا'}, 'location': {'street': {'number': 9723, 'name': 'نوفل لوشاتو'}, 'city': 'اراک', 'state': 'اردبیل', 'country': 'Iran', 'postcode': 99310, 'coordinates': {'latitude': '17.8812', 'longitude': '-99.5025'}, 'timezone': {'offset': '+4:30', 'description': 'Kabul'}}, 'email': 'mny.prs@example.com', 'login': {'uuid': 'bcafd01f-b560-4ffb-a456-cadd441658f2', 'username': 'greengorilla776', 'password': 'darkstar', 'salt': 'QwAb99Sy', 'md5': 'e7d1a3796c93a98aac402d4b7b4e718c', 'sha1': 'c09853e4e3c15c5bba8548d34dda5f929c12bec5', 'sha256': '47d467a386a74d29f77ac80cb61dad4ad0b37db0ceff9502c04baad36ead2079'}, 'dob': {'date': '1980-12-27T16:50:38.575Z', 'age': 43}, 'registered': {'date': '2018-12-15T23:15:52.517Z', 'age': 5}, 'phone': '023-14359104', 'cell': '0920-226-8299', 'id': {'name': '', 'value': None}, 'picture': {'large': 'https://randomuser.me/api/portraits/men/82.jpg', 'medium': 'https://randomuser.me/api/portraits/med/men/82.jpg', 'thumbnail': 'https://randomuser.me/api/portraits/thumb/men/82.jpg'}, 'nat': 'IR'}], 'info': {'seed': 'f04c0d26776e863b', 'results': 1, 'page': 1, 'version': '1.4'}}</msg>
<arg>${json_data}</arg>
<doc>Logs the given message with the given level.</doc>
<status status="PASS" start="2024-06-23T18:18:13.477676" elapsed="0.000217"/>
</kw>
<kw name="Should Be String" owner="String">
<arg>${json_data['results'][0]['gender']}</arg>
<doc>Fails if the given ``item`` is not a string.</doc>
<status status="PASS" start="2024-06-23T18:18:13.478189" elapsed="0.000423"/>
</kw>
<kw name="Should Match Regexp" owner="BuiltIn">
<arg>${json_data['results'][0]['email']}</arg>
<arg>^[a-zA-Z0-9._%+-]+@[a-zA-Z0-9.-]+\.[a-zA-Z]{2,}$</arg>
<doc>Fails if ``string`` does not match ``pattern`` as a regular expression.</doc>
<status status="PASS" start="2024-06-23T18:18:13.478804" elapsed="0.000535"/>
</kw>
<kw name="Should Match Regexp" owner="BuiltIn">
<arg>${json_data['results'][0]['dob']['date']}</arg>
<arg>\\d{4}-\\d{2}-\\d{2}T\\d{2}:\\d{2}:\\d{2}\\.\\d{3}Z</arg>
<doc>Fails if ``string`` does not match ``pattern`` as a regular expression.</doc>
<status status="PASS" start="2024-06-23T18:18:13.479573" elapsed="0.000495"/>
</kw>
<kw name="Should Match Regexp" owner="BuiltIn">
<arg>${json_data['results'][0]['registered']['date']}</arg>
<arg>\\d{4}-\\d{2}-\\d{2}T\\d{2}:\\d{2}:\\d{2}\\.\\d{3}Z</arg>
<doc>Fails if ``string`` does not match ``pattern`` as a regular expression.</doc>
<status status="PASS" start="2024-06-23T18:18:13.480257" elapsed="0.000371"/>
</kw>
<kw name="Should Match Regexp" owner="BuiltIn">
<arg>${json_data['results'][0]['picture']['large']}</arg>
<arg>^https?://.*\.(?:png|jpe?g|gif|bmp)$</arg>
<doc>Fails if ``string`` does not match ``pattern`` as a regular expression.</doc>
<status status="PASS" start="2024-06-23T18:18:13.480840" elapsed="0.000473"/>
</kw>
<kw name="Should Match Regexp" owner="BuiltIn">
<arg>${json_data['results'][0]['picture']['medium']}</arg>
<arg>^https?://.*\.(?:png|jpe?g|gif|bmp)$</arg>
<doc>Fails if ``string`` does not match ``pattern`` as a regular expression.</doc>
<status status="PASS" start="2024-06-23T18:18:13.481499" elapsed="0.000351"/>
</kw>
<kw name="Should Match Regexp" owner="BuiltIn">
<arg>${json_data['results'][0]['picture']['thumbnail']}</arg>
<arg>^https?://.*\.(?:png|jpe?g|gif|bmp)$</arg>
<doc>Fails if ``string`` does not match ``pattern`` as a regular expression.</doc>
<status status="PASS" start="2024-06-23T18:18:13.482034" elapsed="0.000348"/>
</kw>
<kw name="Log" owner="BuiltIn">
<msg time="2024-06-23T18:18:13.482976" level="INFO">{'large': 'https://randomuser.me/api/portraits/men/82.jpg', 'medium': 'https://randomuser.me/api/portraits/med/men/82.jpg', 'thumbnail': 'https://randomuser.me/api/portraits/thumb/men/82.jpg'}</msg>
<arg>${json_data['results'][0]['picture']}</arg>
<doc>Logs the given message with the given level.</doc>
<status status="PASS" start="2024-06-23T18:18:13.482601" elapsed="0.000419"/>
</kw>
<status status="PASS" start="2024-06-23T18:18:13.399695" elapsed="0.083607"/>
</kw>
<kw name="Teste de Tipos de Dados - Postcode" owner="random-user-service">
<kw name="GET On Session" owner="RequestsLibrary">
<msg time="2024-06-23T18:18:13.601471" level="INFO">GET Request : url=https://randomuser.me/api 
 path_url=/api 
 headers={'User-Agent': 'python-requests/2.32.3', 'Accept-Encoding': 'gzip, deflate', 'Accept': '*/*', 'Connection': 'keep-alive'} 
 body=None 
 </msg>
<msg time="2024-06-23T18:18:13.601587" level="INFO">GET Response : url=https://randomuser.me/api 
 status=200, reason=OK 
 headers={'Date': 'Sun, 23 Jun 2024 18:18:13 GMT', 'Content-Type': 'application/json; charset=utf-8', 'Transfer-Encoding': 'chunked', 'Connection': 'keep-alive', 'X-Powered-By': 'Express', 'Access-Control-Allow-Origin': '*', 'Cache-Control': 'no-cache', 'ETag': 'W/"462-RXRjlMvJgffgE4DnaZjRJw/G7DU"', 'Vary': 'Accept-Encoding', 'Content-Encoding': 'gzip', 'CF-Cache-Status': 'DYNAMIC', 'Report-To': '{"endpoints":[{"url":"https:\\/\\/a.nel.cloudflare.com\\/report\\/v4?s=V%2F9LH0rdFAWNAQmDDA3ONEI9WEQTRsHMDqWEjGGYSx6cU7XmGqNAuF5WtUYhUVokjXX5oMh4F85xtiGkpr0hoacit51JIYRH7M7XYg1bz3bpcO3GyiROyghU4%2BojV%2B4A"}],"group":"cf-nel","max_age":604800}', 'NEL': '{"success_fraction":0,"report_to":"cf-nel","max_age":604800}', 'Server': 'cloudflare', 'CF-RAY': '89867aba48fb080e-IAD', 'alt-svc': 'h3=":443"; ma=86400'} 
 body={"results":[{"gender":"male","name":{"title":"Mr","first":"Jose","last":"Watson"},"location":{"street":{"number":3386,"name":"New Street"},"city":"Gorey","state":"Donegal","country":"Ireland","postcode":70279,"coordinates":{"latitude":"3.0530","longitude":"-86.3114"},"timezone":{"offset":"+3:30","description":"Tehran"}},"email":"jose.watson@example.com","login":{"uuid":"8f95762a-57c4-4d9f-b105-081b5a8cbc68","username":"beautifulfrog106","password":"allen","salt":"vEWrZL0m","md5":"7de84aa87f4e2a3286b9641aa57d18f8","sha1":"8a941432d45e492d1a05d8bd4f52c9991429d87a","sha256":"f495cba318eeffb500af4d731e9afe51ebaca06298f25835d766090eb3df7cde"},"dob":{"date":"1973-09-16T22:30:19.603Z","age":50},"registered":{"date":"2004-04-23T20:20:25.101Z","age":20},"phone":"031-658-7745","cell":"081-923-3291","id":{"name":"PPS","value":"0293378T"},"picture":{"large":"https://randomuser.me/api/portraits/men/73.jpg","medium":"https://randomuser.me/api/portraits/med/men/73.jpg","thumbnail":"https://randomuser.me/api/portraits/thumb/men/73.jpg"},"nat":"IE"}],"info":{"seed":"2dee218aeb3d1b83","results":1,"page":1,"version":"1.4"}} 
 </msg>
<msg time="2024-06-23T18:18:13.601657" level="INFO">/opt/hostedtoolcache/Python/3.12.4/x64/lib/python3.12/site-packages/urllib3/connectionpool.py:1099: InsecureRequestWarning: Unverified HTTPS request is being made to host 'randomuser.me'. Adding certificate verification is strongly advised. See: https://urllib3.readthedocs.io/en/latest/advanced-usage.html#tls-warnings
  warnings.warn(</msg>
<msg time="2024-06-23T18:18:13.601798" level="INFO">${response} = &lt;Response [200]&gt;</msg>
<var>${response}</var>
<arg>consultarAPI</arg>
<arg>/api</arg>
<doc>Sends a GET request on a previously created HTTP Session.</doc>
<status status="PASS" start="2024-06-23T18:18:13.483761" elapsed="0.118083"/>
</kw>
<kw name="Set Variable" owner="BuiltIn">
<msg time="2024-06-23T18:18:13.602897" level="INFO">${json_data} = {'results': [{'gender': 'male', 'name': {'title': 'Mr', 'first': 'Jose', 'last': 'Watson'}, 'location': {'street': {'number': 3386, 'name': 'New Street'}, 'city': 'Gorey', 'state': 'Donegal', 'country...</msg>
<var>${json_data}</var>
<arg>${response.json()}</arg>
<doc>Returns the given values which can then be assigned to a variables.</doc>
<status status="PASS" start="2024-06-23T18:18:13.602330" elapsed="0.000596"/>
</kw>
<kw name="Log" owner="BuiltIn">
<msg time="2024-06-23T18:18:13.603388" level="INFO">{'results': [{'gender': 'male', 'name': {'title': 'Mr', 'first': 'Jose', 'last': 'Watson'}, 'location': {'street': {'number': 3386, 'name': 'New Street'}, 'city': 'Gorey', 'state': 'Donegal', 'country': 'Ireland', 'postcode': 70279, 'coordinates': {'latitude': '3.0530', 'longitude': '-86.3114'}, 'timezone': {'offset': '+3:30', 'description': 'Tehran'}}, 'email': 'jose.watson@example.com', 'login': {'uuid': '8f95762a-57c4-4d9f-b105-081b5a8cbc68', 'username': 'beautifulfrog106', 'password': 'allen', 'salt': 'vEWrZL0m', 'md5': '7de84aa87f4e2a3286b9641aa57d18f8', 'sha1': '8a941432d45e492d1a05d8bd4f52c9991429d87a', 'sha256': 'f495cba318eeffb500af4d731e9afe51ebaca06298f25835d766090eb3df7cde'}, 'dob': {'date': '1973-09-16T22:30:19.603Z', 'age': 50}, 'registered': {'date': '2004-04-23T20:20:25.101Z', 'age': 20}, 'phone': '031-658-7745', 'cell': '081-923-3291', 'id': {'name': 'PPS', 'value': '0293378T'}, 'picture': {'large': 'https://randomuser.me/api/portraits/men/73.jpg', 'medium': 'https://randomuser.me/api/portraits/med/men/73.jpg', 'thumbnail': 'https://randomuser.me/api/portraits/thumb/men/73.jpg'}, 'nat': 'IE'}], 'info': {'seed': '2dee218aeb3d1b83', 'results': 1, 'page': 1, 'version': '1.4'}}</msg>
<arg>${json_data}</arg>
<doc>Logs the given message with the given level.</doc>
<status status="PASS" start="2024-06-23T18:18:13.603232" elapsed="0.000203"/>
</kw>
<kw name="Should Be Equal As Numbers" owner="BuiltIn">
<arg>${json_data['results'][0]['location']['postcode']}</arg>
<arg>${json_data['results'][0]['location']['postcode']}</arg>
<doc>Fails if objects are unequal after converting them to real numbers.</doc>
<status status="PASS" start="2024-06-23T18:18:13.603743" elapsed="0.000631"/>
</kw>
<kw name="Log" owner="BuiltIn">
<msg time="2024-06-23T18:18:13.605072" level="INFO">70279</msg>
<arg>${json_data['results'][0]['location']['postcode']}</arg>
<doc>Logs the given message with the given level.</doc>
<status status="PASS" start="2024-06-23T18:18:13.604561" elapsed="0.000552"/>
</kw>
<status status="PASS" start="2024-06-23T18:18:13.483530" elapsed="0.121842"/>
</kw>
<doc>Testa se os tipos de dados na resposta da API estão corretos.</doc>
<tag>testeTiposDados</tag>
<status status="PASS" start="2024-06-23T18:18:13.399249" elapsed="0.206325"/>
</test>
<test id="s1-s1-t5" name="Validar conteudo" line="35">
<kw name="Teste de Tipos de Conteudo" owner="random-user-service">
<kw name="GET On Session" owner="RequestsLibrary">
<msg time="2024-06-23T18:18:13.675930" level="INFO">GET Request : url=https://randomuser.me/api 
 path_url=/api 
 headers={'User-Agent': 'python-requests/2.32.3', 'Accept-Encoding': 'gzip, deflate', 'Accept': '*/*', 'Connection': 'keep-alive'} 
 body=None 
 </msg>
<msg time="2024-06-23T18:18:13.676036" level="INFO">GET Response : url=https://randomuser.me/api 
 status=200, reason=OK 
 headers={'Date': 'Sun, 23 Jun 2024 18:18:13 GMT', 'Content-Type': 'application/json; charset=utf-8', 'Transfer-Encoding': 'chunked', 'Connection': 'keep-alive', 'X-Powered-By': 'Express', 'Access-Control-Allow-Origin': '*', 'Cache-Control': 'no-cache', 'ETag': 'W/"48b-Hojx+IUo/GR0EqtudD2fY3BaWhY"', 'Vary': 'Accept-Encoding', 'Content-Encoding': 'gzip', 'CF-Cache-Status': 'DYNAMIC', 'Report-To': '{"endpoints":[{"url":"https:\\/\\/a.nel.cloudflare.com\\/report\\/v4?s=itplpO425YoknwgSDhzalzphH54dUuO8rokrmTYivmp0Vxidpo2iKQP%2BXLVxIViEfZMjWDIl4p3xpLe3ss6KAnnpRO4pIMQZRIi%2FAlPZb%2Bo1mQRDpeVEyzwHrtwwGDUX"}],"group":"cf-nel","max_age":604800}', 'NEL': '{"success_fraction":0,"report_to":"cf-nel","max_age":604800}', 'Server': 'cloudflare', 'CF-RAY': '89867abb19cf080e-IAD', 'alt-svc': 'h3=":443"; ma=86400'} 
 body={"results":[{"gender":"female","name":{"title":"Miss","first":"Jessica","last":"Kühl"},"location":{"street":{"number":4458,"name":"Waldweg"},"city":"Cuxhaven","state":"Saarland","country":"Germany","postcode":71761,"coordinates":{"latitude":"-47.3256","longitude":"86.1516"},"timezone":{"offset":"+7:00","description":"Bangkok, Hanoi, Jakarta"}},"email":"jessica.kuhl@example.com","login":{"uuid":"880d7f2b-a389-4544-8a2f-3d3754212c47","username":"yellowelephant872","password":"betsy","salt":"mIKwssWO","md5":"6c956aed3093fb9519cce8aa328e867f","sha1":"63cae51e6168268254406905b4f8b31d16f24c3a","sha256":"bed6b02856e73a6ab96a7e39d0947adfa1825ebdea834f7d5b6500e973bca563"},"dob":{"date":"1956-02-03T03:06:32.028Z","age":68},"registered":{"date":"2011-11-07T11:03:52.754Z","age":12},"phone":"0211-1724429","cell":"0178-9858083","id":{"name":"SVNR","value":"81 020256 K 751"},"picture":{"large":"https://randomuser.me/api/portraits/women/34.jpg","medium":"https://randomuser.me/api/portraits/med/women/34.jpg","thumbnail":"https://randomuser.me/api/portraits/thumb/women/34.jpg"},"nat":"DE"}],"info":{"seed":"18aec067a4e0d8a2","results":1,"page":1,"version":"1.4"}} 
 </msg>
<msg time="2024-06-23T18:18:13.676141" level="INFO">/opt/hostedtoolcache/Python/3.12.4/x64/lib/python3.12/site-packages/urllib3/connectionpool.py:1099: InsecureRequestWarning: Unverified HTTPS request is being made to host 'randomuser.me'. Adding certificate verification is strongly advised. See: https://urllib3.readthedocs.io/en/latest/advanced-usage.html#tls-warnings
  warnings.warn(</msg>
<msg time="2024-06-23T18:18:13.676296" level="INFO">${response} = &lt;Response [200]&gt;</msg>
<var>${response}</var>
<arg>consultarAPI</arg>
<arg>/api</arg>
<doc>Sends a GET request on a previously created HTTP Session.</doc>
<status status="PASS" start="2024-06-23T18:18:13.608051" elapsed="0.068290"/>
</kw>
<kw name="Set Variable" owner="BuiltIn">
<msg time="2024-06-23T18:18:13.677651" level="INFO">${json_data} = {'results': [{'gender': 'female', 'name': {'title': 'Miss', 'first': 'Jessica', 'last': 'Kühl'}, 'location': {'street': {'number': 4458, 'name': 'Waldweg'}, 'city': 'Cuxhaven', 'state': 'Saarland', 'c...</msg>
<var>${json_data}</var>
<arg>${response.json()}</arg>
<doc>Returns the given values which can then be assigned to a variables.</doc>
<status status="PASS" start="2024-06-23T18:18:13.676898" elapsed="0.000800"/>
</kw>
<kw name="Set Variable" owner="BuiltIn">
<msg time="2024-06-23T18:18:13.678748" level="INFO">${name_title} = Miss</msg>
<var>${name_title}</var>
<arg>${json_data["results"][0]["name"]["title"]}</arg>
<doc>Returns the given values which can then be assigned to a variables.</doc>
<status status="PASS" start="2024-06-23T18:18:13.678133" elapsed="0.000653"/>
</kw>
<kw name="Create List" owner="BuiltIn">
<msg time="2024-06-23T18:18:13.679422" level="INFO">${allowed_titles} = ['Mr', 'Ms', 'Miss', 'Mrs', 'Madame', 'Monsieur']</msg>
<var>${allowed_titles}</var>
<arg>Mr</arg>
<arg>Ms</arg>
<arg>Miss</arg>
<arg>Mrs</arg>
<arg>Madame</arg>
<arg>Monsieur</arg>
<doc>Returns a list containing given items.</doc>
<status status="PASS" start="2024-06-23T18:18:13.679204" elapsed="0.000254"/>
</kw>
<kw name="List Should Contain Value" owner="Collections">
<arg>${allowed_titles}</arg>
<arg>${name_title}</arg>
<doc>Fails if the ``value`` is not found from ``list``.</doc>
<status status="PASS" start="2024-06-23T18:18:13.679899" elapsed="0.000202"/>
</kw>
<kw name="Set Variable" owner="BuiltIn">
<msg time="2024-06-23T18:18:13.680674" level="INFO">${name_country} = DE</msg>
<var>${name_country}</var>
<arg>${json_data["results"][0]["nat"]}</arg>
<doc>Returns the given values which can then be assigned to a variables.</doc>
<status status="PASS" start="2024-06-23T18:18:13.680288" elapsed="0.000412"/>
</kw>
<kw name="Create List" owner="BuiltIn">
<msg time="2024-06-23T18:18:13.681595" level="INFO">${list_country} = ['AD', 'AE', 'AF', 'AG', 'AI', 'AL', 'AM', 'AO', 'AQ', 'AR', 'AS', 'AT', 'AU', 'AW', 'AX', 'AZ', 'BA', 'BB', 'BD', 'BE', 'BF', 'BG', 'BH', 'BI', 'BJ', 'BL', 'BM', 'BN', 'BO', 'BQ', 'BR', 'BS', 'BT', '...</msg>
<var>${list_country}</var>
<arg>AD</arg>
<arg>AE</arg>
<arg>AF</arg>
<arg>AG</arg>
<arg>AI</arg>
<arg>AL</arg>
<arg>AM</arg>
<arg>AO</arg>
<arg>AQ</arg>
<arg>AR</arg>
<arg>AS</arg>
<arg>AT</arg>
<arg>AU</arg>
<arg>AW</arg>
<arg>AX</arg>
<arg>AZ</arg>
<arg>BA</arg>
<arg>BB</arg>
<arg>BD</arg>
<arg>BE</arg>
<arg>BF</arg>
<arg>BG</arg>
<arg>BH</arg>
<arg>BI</arg>
<arg>BJ</arg>
<arg>BL</arg>
<arg>BM</arg>
<arg>BN</arg>
<arg>BO</arg>
<arg>BQ</arg>
<arg>BR</arg>
<arg>BS</arg>
<arg>BT</arg>
<arg>BV</arg>
<arg>BW</arg>
<arg>BY</arg>
<arg>BZ</arg>
<arg>CA</arg>
<arg>CC</arg>
<arg>CD</arg>
<arg>CF</arg>
<arg>CG</arg>
<arg>CH</arg>
<arg>CI</arg>
<arg>CK</arg>
<arg>CL</arg>
<arg>CM</arg>
<arg>CN</arg>
<arg>CO</arg>
<arg>CR</arg>
<arg>CU</arg>
<arg>CV</arg>
<arg>CW</arg>
<arg>CX</arg>
<arg>CY</arg>
<arg>CZ</arg>
<arg>DE</arg>
<arg>DJ</arg>
<arg>DK</arg>
<arg>DM</arg>
<arg>DO</arg>
<arg>DZ</arg>
<arg>EC</arg>
<arg>EE</arg>
<arg>EG</arg>
<arg>EH</arg>
<arg>ER</arg>
<arg>ES</arg>
<arg>ET</arg>
<arg>FI</arg>
<arg>FJ</arg>
<arg>FK</arg>
<arg>FM</arg>
<arg>FO</arg>
<arg>FR</arg>
<arg>GA</arg>
<arg>GB</arg>
<arg>GD</arg>
<arg>GE</arg>
<arg>GF</arg>
<arg>GG</arg>
<arg>GH</arg>
<arg>GI</arg>
<arg>GL</arg>
<arg>GM</arg>
<arg>GN</arg>
<arg>GP</arg>
<arg>GQ</arg>
<arg>GR</arg>
<arg>GS</arg>
<arg>GT</arg>
<arg>GU</arg>
<arg>GW</arg>
<arg>GY</arg>
<arg>HK</arg>
<arg>HM</arg>
<arg>HN</arg>
<arg>HR</arg>
<arg>HT</arg>
<arg>HU</arg>
<arg>ID</arg>
<arg>IE</arg>
<arg>IL</arg>
<arg>IM</arg>
<arg>IN</arg>
<arg>IO</arg>
<arg>IQ</arg>
<arg>IR</arg>
<arg>IS</arg>
<arg>IT</arg>
<arg>JE</arg>
<arg>JM</arg>
<arg>JO</arg>
<arg>JP</arg>
<arg>KE</arg>
<arg>KG</arg>
<arg>KH</arg>
<arg>KI</arg>
<arg>KM</arg>
<arg>KN</arg>
<arg>KP</arg>
<arg>KR</arg>
<arg>KW</arg>
<arg>KY</arg>
<arg>KZ</arg>
<arg>LA</arg>
<arg>LB</arg>
<arg>LC</arg>
<arg>LI</arg>
<arg>LK</arg>
<arg>LR</arg>
<arg>LS</arg>
<arg>LT</arg>
<arg>LU</arg>
<arg>LV</arg>
<arg>LY</arg>
<arg>MA</arg>
<arg>MC</arg>
<arg>MD</arg>
<arg>ME</arg>
<arg>MF</arg>
<arg>MG</arg>
<arg>MH</arg>
<arg>MK</arg>
<arg>ML</arg>
<arg>MM</arg>
<arg>MN</arg>
<arg>MO</arg>
<arg>MP</arg>
<arg>MQ</arg>
<arg>MR</arg>
<arg>MS</arg>
<arg>MT</arg>
<arg>MU</arg>
<arg>MV</arg>
<arg>MW</arg>
<arg>MX</arg>
<arg>MY</arg>
<arg>MZ</arg>
<arg>NA</arg>
<arg>NC</arg>
<arg>NE</arg>
<arg>NF</arg>
<arg>NG</arg>
<arg>NI</arg>
<arg>NL</arg>
<arg>NO</arg>
<arg>NP</arg>
<arg>NR</arg>
<arg>NU</arg>
<arg>NZ</arg>
<arg>OM</arg>
<arg>PA</arg>
<arg>PE</arg>
<arg>PF</arg>
<arg>PG</arg>
<arg>PH</arg>
<arg>PK</arg>
<arg>PL</arg>
<arg>PM</arg>
<arg>PN</arg>
<arg>PR</arg>
<arg>PS</arg>
<arg>PT</arg>
<arg>PW</arg>
<arg>PY</arg>
<arg>QA</arg>
<arg>RE</arg>
<arg>RO</arg>
<arg>RS</arg>
<arg>RU</arg>
<arg>RW</arg>
<arg>SA</arg>
<arg>SB</arg>
<arg>SC</arg>
<arg>SD</arg>
<arg>SE</arg>
<arg>SG</arg>
<arg>SH</arg>
<arg>SI</arg>
<arg>SJ</arg>
<arg>SK</arg>
<arg>SL</arg>
<arg>SM</arg>
<arg>SN</arg>
<arg>SO</arg>
<arg>SR</arg>
<arg>SS</arg>
<arg>ST</arg>
<arg>SV</arg>
<arg>SX</arg>
<arg>SY</arg>
<arg>SZ</arg>
<arg>TC</arg>
<arg>TD</arg>
<arg>TF</arg>
<arg>TG</arg>
<arg>TH</arg>
<arg>TJ</arg>
<arg>TK</arg>
<arg>TL</arg>
<arg>TM</arg>
<arg>TN</arg>
<arg>TO</arg>
<arg>TR</arg>
<arg>TT</arg>
<arg>TV</arg>
<arg>TW</arg>
<arg>TZ</arg>
<arg>UA</arg>
<arg>UG</arg>
<arg>UM</arg>
<arg>US</arg>
<arg>UY</arg>
<arg>UZ</arg>
<arg>VA</arg>
<arg>VC</arg>
<arg>VE</arg>
<arg>VG</arg>
<arg>VI</arg>
<arg>VN</arg>
<arg>VU</arg>
<arg>WF</arg>
<arg>WS</arg>
<arg>XK</arg>
<arg>YE</arg>
<arg>YT</arg>
<arg>ZA</arg>
<arg>ZM</arg>
<arg>ZW</arg>
<doc>Returns a list containing given items.</doc>
<status status="PASS" start="2024-06-23T18:18:13.680997" elapsed="0.000625"/>
</kw>
<kw name="List Should Contain Value" owner="Collections">
<arg>${list_country}</arg>
<arg>${name_country}</arg>
<doc>Fails if the ``value`` is not found from ``list``.</doc>
<status status="PASS" start="2024-06-23T18:18:13.682425" elapsed="0.000248"/>
</kw>
<kw name="Run Keyword If" owner="BuiltIn">
<kw name="Should Be True" owner="BuiltIn">
<arg>${True}</arg>
<doc>Fails if the given condition is not true.</doc>
<status status="PASS" start="2024-06-23T18:18:13.683631" elapsed="0.000141"/>
</kw>
<arg>${json_data["results"][0]["location"]["coordinates"]["latitude"]} &gt;= -90 and ${json_data["results"][0]["location"]["coordinates"]["latitude"]} &lt;= 90</arg>
<arg>Should Be True</arg>
<arg>${True}</arg>
<doc>Runs the given keyword with the given arguments, if ``condition`` is true.</doc>
<status status="PASS" start="2024-06-23T18:18:13.682875" elapsed="0.001021"/>
</kw>
<kw name="Run Keyword If" owner="BuiltIn">
<kw name="Should Be True" owner="BuiltIn">
<arg>${True}</arg>
<doc>Fails if the given condition is not true.</doc>
<status status="PASS" start="2024-06-23T18:18:13.684781" elapsed="0.000232"/>
</kw>
<arg>${json_data["results"][0]["location"]["coordinates"]["longitude"]} &gt;= -180 and ${json_data["results"][0]["location"]["coordinates"]["longitude"]} &lt;= 180</arg>
<arg>Should Be True</arg>
<arg>${True}</arg>
<doc>Runs the given keyword with the given arguments, if ``condition`` is true.</doc>
<status status="PASS" start="2024-06-23T18:18:13.684076" elapsed="0.001068"/>
</kw>
<status status="PASS" start="2024-06-23T18:18:13.607828" elapsed="0.077449"/>
</kw>
<doc>Testa o conteúdo específico dos campos retornados pela API.</doc>
<tag>testeConteudo</tag>
<status status="PASS" start="2024-06-23T18:18:13.607379" elapsed="0.078043"/>
</test>
<status status="PASS" start="2024-06-23T18:18:12.852962" elapsed="0.834419"/>
</suite>
<status status="PASS" start="2024-06-23T18:18:12.838711" elapsed="0.853715"/>
</suite>
<statistics>
<total>
<stat pass="5" fail="0" skip="0">All Tests</stat>
</total>
<tag>
<stat pass="1" fail="0" skip="0">testeConteudo</stat>
<stat pass="1" fail="0" skip="0">testeEstruturaResposta</stat>
<stat pass="1" fail="0" skip="0">testeRequisicaoBasica</stat>
<stat pass="1" fail="0" skip="0">testeTiposDados</stat>
</tag>
<suite>
<stat pass="5" fail="0" skip="0" id="s1" name="Tests">Tests</stat>
<stat pass="5" fail="0" skip="0" id="s1-s1" name="Random-User-Test">Tests.Random-User-Test</stat>
</suite>
</statistics>
<errors>
</errors>
</robot>
