<?xml version="1.0" encoding="UTF-8"?>
<robot generator="Robot 7.0.1 (Python 3.12.4 on linux)" generated="2024-08-04T17:13:04.121235" rpa="false" schemaversion="5">
<suite id="s1" name="Tests" source="/home/runner/work/ApiRandomUser/ApiRandomUser/RamdonUser/tests">
<suite id="s1-s1" name="Random-User-Test" source="/home/runner/work/ApiRandomUser/ApiRandomUser/RamdonUser/tests/random-user-test.robot">
<test id="s1-s1-t1" name="Conectar" line="13">
<kw name="Conectar API" owner="random-user-service">
<kw name="Create Session" owner="RequestsLibrary">
<msg time="2024-08-04T17:13:04.514006" level="INFO">Creating Session using : alias=consultarAPI, url=https://randomuser.me/, headers={},                     cookies={}, auth=None, timeout=None, proxies=None, verify=False,                     debug=0 </msg>
<arg>consultarAPI</arg>
<arg>${URL}</arg>
<doc>Create Session: create a HTTP session to a server</doc>
<status status="PASS" start="2024-08-04T17:13:04.513813" elapsed="0.000363"/>
</kw>
<status status="PASS" start="2024-08-04T17:13:04.512807" elapsed="0.001714"/>
</kw>
<status status="PASS" start="2024-08-04T17:13:04.512275" elapsed="0.002435"/>
</test>
<test id="s1-s1-t2" name="Validar retorno 200 e JSON Válido" line="16">
<kw name="Teste de Requisicao Basica" owner="random-user-service">
<kw name="GET On Session" owner="RequestsLibrary">
<msg time="2024-08-04T17:13:05.358538" level="INFO">GET Request : url=https://randomuser.me/api 
 path_url=/api 
 headers={'User-Agent': 'python-requests/2.32.3', 'Accept-Encoding': 'gzip, deflate', 'Accept': '*/*', 'Connection': 'keep-alive'} 
 body=None 
 </msg>
<msg time="2024-08-04T17:13:05.358680" level="INFO">GET Response : url=https://randomuser.me/api 
 status=200, reason=OK 
 headers={'Date': 'Sun, 04 Aug 2024 17:13:05 GMT', 'Content-Type': 'application/json; charset=utf-8', 'Transfer-Encoding': 'chunked', 'Connection': 'keep-alive', 'X-Powered-By': 'Express', 'Access-Control-Allow-Origin': '*', 'Cache-Control': 'no-cache', 'ETag': 'W/"485-RsbtXuWHhBtBfpYh5AUP1qHklaQ"', 'Vary': 'Accept-Encoding', 'Content-Encoding': 'gzip', 'CF-Cache-Status': 'DYNAMIC', 'Report-To': '{"endpoints":[{"url":"https:\\/\\/a.nel.cloudflare.com\\/report\\/v4?s=LG3EOAeLvyVOB9BWjNqqy4pat5gb9O5PdaUWIrZZpzmz9RSbcGOdSE5aDtsFd47QEDLFcFveXmztBNgTGjsIBmR0xi4phqlW9vF%2FsI5rZI29Glk4B7EFN829uL0y8AXF"}],"group":"cf-nel","max_age":604800}', 'NEL': '{"success_fraction":0,"report_to":"cf-nel","max_age":604800}', 'Server': 'cloudflare', 'CF-RAY': '8ae02d0c3ab58299-IAD', 'alt-svc': 'h3=":443"; ma=86400'} 
 body={"results":[{"gender":"male","name":{"title":"Mr","first":"Zachary","last":"Moore"},"location":{"street":{"number":9922,"name":"Lincoln Road"},"city":"Napier","state":"West Coast","country":"New Zealand","postcode":32652,"coordinates":{"latitude":"55.3785","longitude":"-157.3490"},"timezone":{"offset":"+4:00","description":"Abu Dhabi, Muscat, Baku, Tbilisi"}},"email":"zachary.moore@example.com","login":{"uuid":"f89f77f4-99e4-4907-9892-a2294af9871d","username":"organiccat667","password":"lauren","salt":"JK7rLbD1","md5":"4054b606543693b5d74c5bda51e76347","sha1":"1cee117057e586f4f2dfaab40aae7e38d68cd1ae","sha256":"458465d9708cb88048c715c8d8077e60dea1e692c8435f43de51d89a6cb17047"},"dob":{"date":"1951-11-17T04:08:07.450Z","age":72},"registered":{"date":"2005-08-24T23:21:48.238Z","age":18},"phone":"(269)-554-0899","cell":"(391)-354-1401","id":{"name":"","value":null},"picture":{"large":"https://randomuser.me/api/portraits/men/58.jpg","medium":"https://randomuser.me/api/portraits/med/men/58.jpg","thumbnail":"https://randomuser.me/api/portraits/thumb/men/58.jpg"},"nat":"NZ"}],"info":{"seed":"813285cbfaa07c22","results":1,"page":1,"version":"1.4"}} 
 </msg>
<msg time="2024-08-04T17:13:05.358769" level="INFO">/opt/hostedtoolcache/Python/3.12.4/x64/lib/python3.12/site-packages/urllib3/connectionpool.py:1099: InsecureRequestWarning: Unverified HTTPS request is being made to host 'randomuser.me'. Adding certificate verification is strongly advised. See: https://urllib3.readthedocs.io/en/latest/advanced-usage.html#tls-warnings
  warnings.warn(</msg>
<msg time="2024-08-04T17:13:05.358892" level="INFO">${response} = &lt;Response [200]&gt;</msg>
<var>${response}</var>
<arg>consultarAPI</arg>
<arg>/api</arg>
<doc>Sends a GET request on a previously created HTTP Session.</doc>
<status status="PASS" start="2024-08-04T17:13:04.517244" elapsed="0.841689"/>
</kw>
<kw name="Should Be Equal As Numbers" owner="BuiltIn">
<msg time="2024-08-04T17:13:05.359971" level="INFO">Argument types are:
&lt;class 'int'&gt;
&lt;class 'str'&gt;</msg>
<arg>${response.status_code}</arg>
<arg>200</arg>
<doc>Fails if objects are unequal after converting them to real numbers.</doc>
<status status="PASS" start="2024-08-04T17:13:05.359490" elapsed="0.000543"/>
</kw>
<kw name="Log" owner="BuiltIn">
<msg time="2024-08-04T17:13:05.360685" level="INFO">200</msg>
<arg>${response.status_code}</arg>
<doc>Logs the given message with the given level.</doc>
<status status="PASS" start="2024-08-04T17:13:05.360341" elapsed="0.000387"/>
</kw>
<kw name="Set Variable" owner="BuiltIn">
<msg time="2024-08-04T17:13:05.361459" level="INFO">${json_data} = {'results': [{'gender': 'male', 'name': {'title': 'Mr', 'first': 'Zachary', 'last': 'Moore'}, 'location': {'street': {'number': 9922, 'name': 'Lincoln Road'}, 'city': 'Napier', 'state': 'West Coast', ...</msg>
<var>${json_data}</var>
<arg>${response.json()}</arg>
<doc>Returns the given values which can then be assigned to a variables.</doc>
<status status="PASS" start="2024-08-04T17:13:05.361027" elapsed="0.000460"/>
</kw>
<kw name="Dictionary Should Contain Key" owner="Collections">
<arg>${json_data}</arg>
<arg>results</arg>
<doc>Fails if ``key`` is not found from ``dictionary``.</doc>
<status status="PASS" start="2024-08-04T17:13:05.361780" elapsed="0.000298"/>
</kw>
<status status="PASS" start="2024-08-04T17:13:04.517002" elapsed="0.845224"/>
</kw>
<doc>Testa se a API responde corretamente e retorna um objeto JSON válido.</doc>
<tag>testeRequisicaoBasica</tag>
<status status="PASS" start="2024-08-04T17:13:04.516550" elapsed="0.845840"/>
</test>
<test id="s1-s1-t3" name="Validar estrutura de resposta" line="22">
<kw name="Teste de Estrutura de Resposta" owner="random-user-service">
<kw name="GET On Session" owner="RequestsLibrary">
<msg time="2024-08-04T17:13:05.726566" level="INFO">GET Request : url=https://randomuser.me/api 
 path_url=/api 
 headers={'User-Agent': 'python-requests/2.32.3', 'Accept-Encoding': 'gzip, deflate', 'Accept': '*/*', 'Connection': 'keep-alive'} 
 body=None 
 </msg>
<msg time="2024-08-04T17:13:05.726635" level="INFO">GET Response : url=https://randomuser.me/api 
 status=200, reason=OK 
 headers={'Date': 'Sun, 04 Aug 2024 17:13:05 GMT', 'Content-Type': 'application/json; charset=utf-8', 'Transfer-Encoding': 'chunked', 'Connection': 'keep-alive', 'X-Powered-By': 'Express', 'Access-Control-Allow-Origin': '*', 'Cache-Control': 'no-cache', 'ETag': 'W/"475-XdcgttHpzkPiCACSL8DPPjAOesA"', 'Vary': 'Accept-Encoding', 'Content-Encoding': 'gzip', 'CF-Cache-Status': 'DYNAMIC', 'Report-To': '{"endpoints":[{"url":"https:\\/\\/a.nel.cloudflare.com\\/report\\/v4?s=BEa0Zxkp81EfnYpryrGj41NVx3OPgXOWV4TTvYWtbXM%2BjZT6xgfq%2FJ565WhpdpmH0qMJ9PxFk7sgU1tiFttEp1cCfQ%2FvLFr4nAoV5vfe674u%2FBT38yhmiHJweDm3W%2FS%2B"}],"group":"cf-nel","max_age":604800}', 'NEL': '{"success_fraction":0,"report_to":"cf-nel","max_age":604800}', 'Server': 'cloudflare', 'CF-RAY': '8ae02d109eea8299-IAD', 'alt-svc': 'h3=":443"; ma=86400'} 
 body={"results":[{"gender":"male","name":{"title":"Mr","first":"Naël","last":"Giraud"},"location":{"street":{"number":3447,"name":"Rue Louis-Garrand"},"city":"Mulhouse","state":"Vienne","country":"France","postcode":80985,"coordinates":{"latitude":"-15.4873","longitude":"-23.1556"},"timezone":{"offset":"+4:30","description":"Kabul"}},"email":"nael.giraud@example.com","login":{"uuid":"b6a5e8fc-834d-4556-80bf-dba9d07b4946","username":"sadzebra872","password":"456654","salt":"Fos1xvAX","md5":"0f7e02cdc926595926fd87a14cc2bec5","sha1":"fbd2ab8e743dd28d21fdbf357257aa9a8415b658","sha256":"eb784eb0ea43b28ad56889cd864038a4f55d2696ec7a9dd4c727a62a0ba79a2f"},"dob":{"date":"1986-11-13T21:18:02.441Z","age":37},"registered":{"date":"2014-12-07T02:08:12.424Z","age":9},"phone":"05-04-72-52-38","cell":"06-71-96-94-39","id":{"name":"INSEE","value":"1861041085469 15"},"picture":{"large":"https://randomuser.me/api/portraits/men/60.jpg","medium":"https://randomuser.me/api/portraits/med/men/60.jpg","thumbnail":"https://randomuser.me/api/portraits/thumb/men/60.jpg"},"nat":"FR"}],"info":{"seed":"b245a0d51d482705","results":1,"page":1,"version":"1.4"}} 
 </msg>
<msg time="2024-08-04T17:13:05.726736" level="INFO">/opt/hostedtoolcache/Python/3.12.4/x64/lib/python3.12/site-packages/urllib3/connectionpool.py:1099: InsecureRequestWarning: Unverified HTTPS request is being made to host 'randomuser.me'. Adding certificate verification is strongly advised. See: https://urllib3.readthedocs.io/en/latest/advanced-usage.html#tls-warnings
  warnings.warn(</msg>
<msg time="2024-08-04T17:13:05.726831" level="INFO">${response} = &lt;Response [200]&gt;</msg>
<var>${response}</var>
<arg>consultarAPI</arg>
<arg>/api</arg>
<doc>Sends a GET request on a previously created HTTP Session.</doc>
<status status="PASS" start="2024-08-04T17:13:05.365038" elapsed="0.361835"/>
</kw>
<kw name="Set Variable" owner="BuiltIn">
<msg time="2024-08-04T17:13:05.728012" level="INFO">${json_data} = {'results': [{'gender': 'male', 'name': {'title': 'Mr', 'first': 'Naël', 'last': 'Giraud'}, 'location': {'street': {'number': 3447, 'name': 'Rue Louis-Garrand'}, 'city': 'Mulhouse', 'state': 'Vienne',...</msg>
<var>${json_data}</var>
<arg>${response.json()}</arg>
<doc>Returns the given values which can then be assigned to a variables.</doc>
<status status="PASS" start="2024-08-04T17:13:05.727422" elapsed="0.000621"/>
</kw>
<kw name="Log" owner="BuiltIn">
<msg time="2024-08-04T17:13:05.728505" level="INFO">{'results': [{'gender': 'male', 'name': {'title': 'Mr', 'first': 'Naël', 'last': 'Giraud'}, 'location': {'street': {'number': 3447, 'name': 'Rue Louis-Garrand'}, 'city': 'Mulhouse', 'state': 'Vienne', 'country': 'France', 'postcode': 80985, 'coordinates': {'latitude': '-15.4873', 'longitude': '-23.1556'}, 'timezone': {'offset': '+4:30', 'description': 'Kabul'}}, 'email': 'nael.giraud@example.com', 'login': {'uuid': 'b6a5e8fc-834d-4556-80bf-dba9d07b4946', 'username': 'sadzebra872', 'password': '456654', 'salt': 'Fos1xvAX', 'md5': '0f7e02cdc926595926fd87a14cc2bec5', 'sha1': 'fbd2ab8e743dd28d21fdbf357257aa9a8415b658', 'sha256': 'eb784eb0ea43b28ad56889cd864038a4f55d2696ec7a9dd4c727a62a0ba79a2f'}, 'dob': {'date': '1986-11-13T21:18:02.441Z', 'age': 37}, 'registered': {'date': '2014-12-07T02:08:12.424Z', 'age': 9}, 'phone': '05-04-72-52-38', 'cell': '06-71-96-94-39', 'id': {'name': 'INSEE', 'value': '1861041085469 15'}, 'picture': {'large': 'https://randomuser.me/api/portraits/men/60.jpg', 'medium': 'https://randomuser.me/api/portraits/med/men/60.jpg', 'thumbnail': 'https://randomuser.me/api/portraits/thumb/men/60.jpg'}, 'nat': 'FR'}], 'info': {'seed': 'b245a0d51d482705', 'results': 1, 'page': 1, 'version': '1.4'}}</msg>
<arg>${json_data}</arg>
<doc>Logs the given message with the given level.</doc>
<status status="PASS" start="2024-08-04T17:13:05.728346" elapsed="0.000206"/>
</kw>
<kw name="Dictionary Should Contain Key" owner="Collections">
<arg>${json_data}</arg>
<arg>results</arg>
<doc>Fails if ``key`` is not found from ``dictionary``.</doc>
<status status="PASS" start="2024-08-04T17:13:05.728846" elapsed="0.000159"/>
</kw>
<kw name="Should Not Be Empty" owner="BuiltIn">
<msg time="2024-08-04T17:13:05.729311" level="INFO">Length is 2.</msg>
<arg>${json_data}</arg>
<doc>Verifies that the given item is not empty.</doc>
<status status="PASS" start="2024-08-04T17:13:05.729185" elapsed="0.000163"/>
</kw>
<kw name="Create List" owner="BuiltIn">
<msg time="2024-08-04T17:13:05.729773" level="INFO">${expected_keys} = ['gender', 'name', 'location', 'email', 'login']</msg>
<var>${expected_keys}</var>
<arg>gender</arg>
<arg>name</arg>
<arg>location</arg>
<arg>email</arg>
<arg>login</arg>
<doc>Returns a list containing given items.</doc>
<status status="PASS" start="2024-08-04T17:13:05.729629" elapsed="0.000168"/>
</kw>
<for flavor="IN">
<iter>
<kw name="Dictionary Should Contain Key" owner="Collections">
<arg>${json_data['results'][0]}</arg>
<arg>${key}</arg>
<doc>Fails if ``key`` is not found from ``dictionary``.</doc>
<status status="PASS" start="2024-08-04T17:13:05.730355" elapsed="0.000404"/>
</kw>
<kw name="Log" owner="BuiltIn">
<msg time="2024-08-04T17:13:05.731348" level="INFO">{'gender': 'male', 'name': {'title': 'Mr', 'first': 'Naël', 'last': 'Giraud'}, 'location': {'street': {'number': 3447, 'name': 'Rue Louis-Garrand'}, 'city': 'Mulhouse', 'state': 'Vienne', 'country': 'France', 'postcode': 80985, 'coordinates': {'latitude': '-15.4873', 'longitude': '-23.1556'}, 'timezone': {'offset': '+4:30', 'description': 'Kabul'}}, 'email': 'nael.giraud@example.com', 'login': {'uuid': 'b6a5e8fc-834d-4556-80bf-dba9d07b4946', 'username': 'sadzebra872', 'password': '456654', 'salt': 'Fos1xvAX', 'md5': '0f7e02cdc926595926fd87a14cc2bec5', 'sha1': 'fbd2ab8e743dd28d21fdbf357257aa9a8415b658', 'sha256': 'eb784eb0ea43b28ad56889cd864038a4f55d2696ec7a9dd4c727a62a0ba79a2f'}, 'dob': {'date': '1986-11-13T21:18:02.441Z', 'age': 37}, 'registered': {'date': '2014-12-07T02:08:12.424Z', 'age': 9}, 'phone': '05-04-72-52-38', 'cell': '06-71-96-94-39', 'id': {'name': 'INSEE', 'value': '1861041085469 15'}, 'picture': {'large': 'https://randomuser.me/api/portraits/men/60.jpg', 'medium': 'https://randomuser.me/api/portraits/med/men/60.jpg', 'thumbnail': 'https://randomuser.me/api/portraits/thumb/men/60.jpg'}, 'nat': 'FR'}</msg>
<arg>${json_data['results'][0]}</arg>
<doc>Logs the given message with the given level.</doc>
<status status="PASS" start="2024-08-04T17:13:05.730950" elapsed="0.000448"/>
</kw>
<kw name="Log" owner="BuiltIn">
<msg time="2024-08-04T17:13:05.731843" level="INFO">gender</msg>
<arg>${key}</arg>
<doc>Logs the given message with the given level.</doc>
<status status="PASS" start="2024-08-04T17:13:05.731700" elapsed="0.000181"/>
</kw>
<var name="${key}">gender</var>
<status status="PASS" start="2024-08-04T17:13:05.730233" elapsed="0.001863"/>
</iter>
<iter>
<kw name="Dictionary Should Contain Key" owner="Collections">
<arg>${json_data['results'][0]}</arg>
<arg>${key}</arg>
<doc>Fails if ``key`` is not found from ``dictionary``.</doc>
<status status="PASS" start="2024-08-04T17:13:05.732389" elapsed="0.000396"/>
</kw>
<kw name="Log" owner="BuiltIn">
<msg time="2024-08-04T17:13:05.733322" level="INFO">{'gender': 'male', 'name': {'title': 'Mr', 'first': 'Naël', 'last': 'Giraud'}, 'location': {'street': {'number': 3447, 'name': 'Rue Louis-Garrand'}, 'city': 'Mulhouse', 'state': 'Vienne', 'country': 'France', 'postcode': 80985, 'coordinates': {'latitude': '-15.4873', 'longitude': '-23.1556'}, 'timezone': {'offset': '+4:30', 'description': 'Kabul'}}, 'email': 'nael.giraud@example.com', 'login': {'uuid': 'b6a5e8fc-834d-4556-80bf-dba9d07b4946', 'username': 'sadzebra872', 'password': '456654', 'salt': 'Fos1xvAX', 'md5': '0f7e02cdc926595926fd87a14cc2bec5', 'sha1': 'fbd2ab8e743dd28d21fdbf357257aa9a8415b658', 'sha256': 'eb784eb0ea43b28ad56889cd864038a4f55d2696ec7a9dd4c727a62a0ba79a2f'}, 'dob': {'date': '1986-11-13T21:18:02.441Z', 'age': 37}, 'registered': {'date': '2014-12-07T02:08:12.424Z', 'age': 9}, 'phone': '05-04-72-52-38', 'cell': '06-71-96-94-39', 'id': {'name': 'INSEE', 'value': '1861041085469 15'}, 'picture': {'large': 'https://randomuser.me/api/portraits/men/60.jpg', 'medium': 'https://randomuser.me/api/portraits/med/men/60.jpg', 'thumbnail': 'https://randomuser.me/api/portraits/thumb/men/60.jpg'}, 'nat': 'FR'}</msg>
<arg>${json_data['results'][0]}</arg>
<doc>Logs the given message with the given level.</doc>
<status status="PASS" start="2024-08-04T17:13:05.732968" elapsed="0.000433"/>
</kw>
<kw name="Log" owner="BuiltIn">
<msg time="2024-08-04T17:13:05.733823" level="INFO">name</msg>
<arg>${key}</arg>
<doc>Logs the given message with the given level.</doc>
<status status="PASS" start="2024-08-04T17:13:05.733696" elapsed="0.000164"/>
</kw>
<var name="${key}">name</var>
<status status="PASS" start="2024-08-04T17:13:05.732275" elapsed="0.001797"/>
</iter>
<iter>
<kw name="Dictionary Should Contain Key" owner="Collections">
<arg>${json_data['results'][0]}</arg>
<arg>${key}</arg>
<doc>Fails if ``key`` is not found from ``dictionary``.</doc>
<status status="PASS" start="2024-08-04T17:13:05.734356" elapsed="0.000378"/>
</kw>
<kw name="Log" owner="BuiltIn">
<msg time="2024-08-04T17:13:05.735308" level="INFO">{'gender': 'male', 'name': {'title': 'Mr', 'first': 'Naël', 'last': 'Giraud'}, 'location': {'street': {'number': 3447, 'name': 'Rue Louis-Garrand'}, 'city': 'Mulhouse', 'state': 'Vienne', 'country': 'France', 'postcode': 80985, 'coordinates': {'latitude': '-15.4873', 'longitude': '-23.1556'}, 'timezone': {'offset': '+4:30', 'description': 'Kabul'}}, 'email': 'nael.giraud@example.com', 'login': {'uuid': 'b6a5e8fc-834d-4556-80bf-dba9d07b4946', 'username': 'sadzebra872', 'password': '456654', 'salt': 'Fos1xvAX', 'md5': '0f7e02cdc926595926fd87a14cc2bec5', 'sha1': 'fbd2ab8e743dd28d21fdbf357257aa9a8415b658', 'sha256': 'eb784eb0ea43b28ad56889cd864038a4f55d2696ec7a9dd4c727a62a0ba79a2f'}, 'dob': {'date': '1986-11-13T21:18:02.441Z', 'age': 37}, 'registered': {'date': '2014-12-07T02:08:12.424Z', 'age': 9}, 'phone': '05-04-72-52-38', 'cell': '06-71-96-94-39', 'id': {'name': 'INSEE', 'value': '1861041085469 15'}, 'picture': {'large': 'https://randomuser.me/api/portraits/men/60.jpg', 'medium': 'https://randomuser.me/api/portraits/med/men/60.jpg', 'thumbnail': 'https://randomuser.me/api/portraits/thumb/men/60.jpg'}, 'nat': 'FR'}</msg>
<arg>${json_data['results'][0]}</arg>
<doc>Logs the given message with the given level.</doc>
<status status="PASS" start="2024-08-04T17:13:05.734917" elapsed="0.000440"/>
</kw>
<kw name="Log" owner="BuiltIn">
<msg time="2024-08-04T17:13:05.735782" level="INFO">location</msg>
<arg>${key}</arg>
<doc>Logs the given message with the given level.</doc>
<status status="PASS" start="2024-08-04T17:13:05.735656" elapsed="0.000164"/>
</kw>
<var name="${key}">location</var>
<status status="PASS" start="2024-08-04T17:13:05.734248" elapsed="0.001791"/>
</iter>
<iter>
<kw name="Dictionary Should Contain Key" owner="Collections">
<arg>${json_data['results'][0]}</arg>
<arg>${key}</arg>
<doc>Fails if ``key`` is not found from ``dictionary``.</doc>
<status status="PASS" start="2024-08-04T17:13:05.736437" elapsed="0.000394"/>
</kw>
<kw name="Log" owner="BuiltIn">
<msg time="2024-08-04T17:13:05.737495" level="INFO">{'gender': 'male', 'name': {'title': 'Mr', 'first': 'Naël', 'last': 'Giraud'}, 'location': {'street': {'number': 3447, 'name': 'Rue Louis-Garrand'}, 'city': 'Mulhouse', 'state': 'Vienne', 'country': 'France', 'postcode': 80985, 'coordinates': {'latitude': '-15.4873', 'longitude': '-23.1556'}, 'timezone': {'offset': '+4:30', 'description': 'Kabul'}}, 'email': 'nael.giraud@example.com', 'login': {'uuid': 'b6a5e8fc-834d-4556-80bf-dba9d07b4946', 'username': 'sadzebra872', 'password': '456654', 'salt': 'Fos1xvAX', 'md5': '0f7e02cdc926595926fd87a14cc2bec5', 'sha1': 'fbd2ab8e743dd28d21fdbf357257aa9a8415b658', 'sha256': 'eb784eb0ea43b28ad56889cd864038a4f55d2696ec7a9dd4c727a62a0ba79a2f'}, 'dob': {'date': '1986-11-13T21:18:02.441Z', 'age': 37}, 'registered': {'date': '2014-12-07T02:08:12.424Z', 'age': 9}, 'phone': '05-04-72-52-38', 'cell': '06-71-96-94-39', 'id': {'name': 'INSEE', 'value': '1861041085469 15'}, 'picture': {'large': 'https://randomuser.me/api/portraits/men/60.jpg', 'medium': 'https://randomuser.me/api/portraits/med/men/60.jpg', 'thumbnail': 'https://randomuser.me/api/portraits/thumb/men/60.jpg'}, 'nat': 'FR'}</msg>
<arg>${json_data['results'][0]}</arg>
<doc>Logs the given message with the given level.</doc>
<status status="PASS" start="2024-08-04T17:13:05.737118" elapsed="0.000435"/>
</kw>
<kw name="Log" owner="BuiltIn">
<msg time="2024-08-04T17:13:05.737981" level="INFO">email</msg>
<arg>${key}</arg>
<doc>Logs the given message with the given level.</doc>
<status status="PASS" start="2024-08-04T17:13:05.737852" elapsed="0.000168"/>
</kw>
<var name="${key}">email</var>
<status status="PASS" start="2024-08-04T17:13:05.736268" elapsed="0.001965"/>
</iter>
<iter>
<kw name="Dictionary Should Contain Key" owner="Collections">
<arg>${json_data['results'][0]}</arg>
<arg>${key}</arg>
<doc>Fails if ``key`` is not found from ``dictionary``.</doc>
<status status="PASS" start="2024-08-04T17:13:05.738513" elapsed="0.000383"/>
</kw>
<kw name="Log" owner="BuiltIn">
<msg time="2024-08-04T17:13:05.739488" level="INFO">{'gender': 'male', 'name': {'title': 'Mr', 'first': 'Naël', 'last': 'Giraud'}, 'location': {'street': {'number': 3447, 'name': 'Rue Louis-Garrand'}, 'city': 'Mulhouse', 'state': 'Vienne', 'country': 'France', 'postcode': 80985, 'coordinates': {'latitude': '-15.4873', 'longitude': '-23.1556'}, 'timezone': {'offset': '+4:30', 'description': 'Kabul'}}, 'email': 'nael.giraud@example.com', 'login': {'uuid': 'b6a5e8fc-834d-4556-80bf-dba9d07b4946', 'username': 'sadzebra872', 'password': '456654', 'salt': 'Fos1xvAX', 'md5': '0f7e02cdc926595926fd87a14cc2bec5', 'sha1': 'fbd2ab8e743dd28d21fdbf357257aa9a8415b658', 'sha256': 'eb784eb0ea43b28ad56889cd864038a4f55d2696ec7a9dd4c727a62a0ba79a2f'}, 'dob': {'date': '1986-11-13T21:18:02.441Z', 'age': 37}, 'registered': {'date': '2014-12-07T02:08:12.424Z', 'age': 9}, 'phone': '05-04-72-52-38', 'cell': '06-71-96-94-39', 'id': {'name': 'INSEE', 'value': '1861041085469 15'}, 'picture': {'large': 'https://randomuser.me/api/portraits/men/60.jpg', 'medium': 'https://randomuser.me/api/portraits/med/men/60.jpg', 'thumbnail': 'https://randomuser.me/api/portraits/thumb/men/60.jpg'}, 'nat': 'FR'}</msg>
<arg>${json_data['results'][0]}</arg>
<doc>Logs the given message with the given level.</doc>
<status status="PASS" start="2024-08-04T17:13:05.739116" elapsed="0.000421"/>
</kw>
<kw name="Log" owner="BuiltIn">
<msg time="2024-08-04T17:13:05.739953" level="INFO">login</msg>
<arg>${key}</arg>
<doc>Logs the given message with the given level.</doc>
<status status="PASS" start="2024-08-04T17:13:05.739827" elapsed="0.000162"/>
</kw>
<var name="${key}">login</var>
<status status="PASS" start="2024-08-04T17:13:05.738405" elapsed="0.001797"/>
</iter>
<var>${key}</var>
<value>@{expected_keys}</value>
<status status="PASS" start="2024-08-04T17:13:05.730047" elapsed="0.010273"/>
</for>
<kw name="Create List" owner="BuiltIn">
<msg time="2024-08-04T17:13:05.740639" level="INFO">${expected_keysTwo} = ['username', 'password']</msg>
<var>${expected_keysTwo}</var>
<arg>username</arg>
<arg>password</arg>
<doc>Returns a list containing given items.</doc>
<status status="PASS" start="2024-08-04T17:13:05.740507" elapsed="0.000156"/>
</kw>
<for flavor="IN">
<iter>
<kw name="Dictionary Should Contain Key" owner="Collections">
<arg>${json_data['results'][0]['login']}</arg>
<arg>${keyTwo}</arg>
<doc>Fails if ``key`` is not found from ``dictionary``.</doc>
<status status="PASS" start="2024-08-04T17:13:05.741175" elapsed="0.000379"/>
</kw>
<kw name="Dictionary Should Contain Key" owner="Collections">
<arg>${json_data['results'][0]['login']}</arg>
<arg>${keyTwo}</arg>
<doc>Fails if ``key`` is not found from ``dictionary``.</doc>
<status status="PASS" start="2024-08-04T17:13:05.741734" elapsed="0.000380"/>
</kw>
<kw name="Log" owner="BuiltIn">
<msg time="2024-08-04T17:13:05.742408" level="INFO">username</msg>
<arg>${keyTwo}</arg>
<doc>Logs the given message with the given level.</doc>
<status status="PASS" start="2024-08-04T17:13:05.742289" elapsed="0.000155"/>
</kw>
<var name="${keyTwo}">username</var>
<status status="PASS" start="2024-08-04T17:13:05.741069" elapsed="0.001590"/>
</iter>
<iter>
<kw name="Dictionary Should Contain Key" owner="Collections">
<arg>${json_data['results'][0]['login']}</arg>
<arg>${keyTwo}</arg>
<doc>Fails if ``key`` is not found from ``dictionary``.</doc>
<status status="PASS" start="2024-08-04T17:13:05.742932" elapsed="0.000419"/>
</kw>
<kw name="Dictionary Should Contain Key" owner="Collections">
<arg>${json_data['results'][0]['login']}</arg>
<arg>${keyTwo}</arg>
<doc>Fails if ``key`` is not found from ``dictionary``.</doc>
<status status="PASS" start="2024-08-04T17:13:05.743530" elapsed="0.000371"/>
</kw>
<kw name="Log" owner="BuiltIn">
<msg time="2024-08-04T17:13:05.744199" level="INFO">password</msg>
<arg>${keyTwo}</arg>
<doc>Logs the given message with the given level.</doc>
<status status="PASS" start="2024-08-04T17:13:05.744080" elapsed="0.000155"/>
</kw>
<var name="${keyTwo}">password</var>
<status status="PASS" start="2024-08-04T17:13:05.742827" elapsed="0.001626"/>
</iter>
<var>${keyTwo}</var>
<value>@{expected_keysTwo}</value>
<status status="PASS" start="2024-08-04T17:13:05.740917" elapsed="0.003655"/>
</for>
<status status="PASS" start="2024-08-04T17:13:05.364813" elapsed="0.379895"/>
</kw>
<doc>Testa a estrutura da resposta da API.</doc>
<tag>testeEstruturaResposta</tag>
<status status="PASS" start="2024-08-04T17:13:05.364248" elapsed="0.380605"/>
</test>
<test id="s1-s1-t4" name="Validar tipos de dados" line="28">
<kw name="Teste de Tipos de Dados" owner="random-user-service">
<kw name="GET On Session" owner="RequestsLibrary">
<msg time="2024-08-04T17:13:05.929509" level="INFO">GET Request : url=https://randomuser.me/api 
 path_url=/api 
 headers={'User-Agent': 'python-requests/2.32.3', 'Accept-Encoding': 'gzip, deflate', 'Accept': '*/*', 'Connection': 'keep-alive'} 
 body=None 
 </msg>
<msg time="2024-08-04T17:13:05.929591" level="INFO">GET Response : url=https://randomuser.me/api 
 status=200, reason=OK 
 headers={'Date': 'Sun, 04 Aug 2024 17:13:05 GMT', 'Content-Type': 'application/json; charset=utf-8', 'Transfer-Encoding': 'chunked', 'Connection': 'keep-alive', 'X-Powered-By': 'Express', 'Access-Control-Allow-Origin': '*', 'Cache-Control': 'no-cache', 'ETag': 'W/"478-4QLowHj/q9liO1hdAMx8G0iL9FA"', 'Vary': 'Accept-Encoding', 'Content-Encoding': 'gzip', 'CF-Cache-Status': 'DYNAMIC', 'Report-To': '{"endpoints":[{"url":"https:\\/\\/a.nel.cloudflare.com\\/report\\/v4?s=Ev1DKzJhM%2FrX8G3tAj%2FDrWtBhovpcDZIeQs6q%2BcuSlNFGTNgXBVLxF2GfHMXs1TP2NJVZQ7C6OPd4%2FGsb38VhTCFOqQm4jY8kFhEiHN40az%2B52WrVz46%2Bw0K53EN4FB7"}],"group":"cf-nel","max_age":604800}', 'NEL': '{"success_fraction":0,"report_to":"cf-nel","max_age":604800}', 'Server': 'cloudflare', 'CF-RAY': '8ae02d12f95b8299-IAD', 'alt-svc': 'h3=":443"; ma=86400'} 
 body={"results":[{"gender":"male","name":{"title":"Mr","first":"William","last":"Davies"},"location":{"street":{"number":2866,"name":"Lambton Quay"},"city":"Timaru","state":"West Coast","country":"New Zealand","postcode":68031,"coordinates":{"latitude":"51.9758","longitude":"-81.2291"},"timezone":{"offset":"+6:00","description":"Almaty, Dhaka, Colombo"}},"email":"william.davies@example.com","login":{"uuid":"f2c47dfa-2a04-4434-a9b3-6ad1b982f48f","username":"sadelephant479","password":"matty","salt":"lNbtrosi","md5":"877f5cb8c93540eb56de077bfc1c96be","sha1":"6f44e8278884f968b67172763197928675d1a263","sha256":"c19f366955b69ecb650328c77e885af05a187bfd4bfd2b5ec5816e06b42debf1"},"dob":{"date":"1982-03-17T19:11:41.500Z","age":42},"registered":{"date":"2019-01-03T14:58:03.297Z","age":5},"phone":"(755)-193-5901","cell":"(160)-296-2100","id":{"name":"","value":null},"picture":{"large":"https://randomuser.me/api/portraits/men/6.jpg","medium":"https://randomuser.me/api/portraits/med/men/6.jpg","thumbnail":"https://randomuser.me/api/portraits/thumb/men/6.jpg"},"nat":"NZ"}],"info":{"seed":"28ae025155c1d901","results":1,"page":1,"version":"1.4"}} 
 </msg>
<msg time="2024-08-04T17:13:05.929667" level="INFO">/opt/hostedtoolcache/Python/3.12.4/x64/lib/python3.12/site-packages/urllib3/connectionpool.py:1099: InsecureRequestWarning: Unverified HTTPS request is being made to host 'randomuser.me'. Adding certificate verification is strongly advised. See: https://urllib3.readthedocs.io/en/latest/advanced-usage.html#tls-warnings
  warnings.warn(</msg>
<msg time="2024-08-04T17:13:05.929777" level="INFO">${response} = &lt;Response [200]&gt;</msg>
<var>${response}</var>
<arg>consultarAPI</arg>
<arg>/api</arg>
<doc>Sends a GET request on a previously created HTTP Session.</doc>
<status status="PASS" start="2024-08-04T17:13:05.747324" elapsed="0.182494"/>
</kw>
<kw name="Set Variable" owner="BuiltIn">
<msg time="2024-08-04T17:13:05.930680" level="INFO">${json_data} = {'results': [{'gender': 'male', 'name': {'title': 'Mr', 'first': 'William', 'last': 'Davies'}, 'location': {'street': {'number': 2866, 'name': 'Lambton Quay'}, 'city': 'Timaru', 'state': 'West Coast',...</msg>
<var>${json_data}</var>
<arg>${response.json()}</arg>
<doc>Returns the given values which can then be assigned to a variables.</doc>
<status status="PASS" start="2024-08-04T17:13:05.930216" elapsed="0.000492"/>
</kw>
<kw name="Log" owner="BuiltIn">
<msg time="2024-08-04T17:13:05.931207" level="INFO">{'results': [{'gender': 'male', 'name': {'title': 'Mr', 'first': 'William', 'last': 'Davies'}, 'location': {'street': {'number': 2866, 'name': 'Lambton Quay'}, 'city': 'Timaru', 'state': 'West Coast', 'country': 'New Zealand', 'postcode': 68031, 'coordinates': {'latitude': '51.9758', 'longitude': '-81.2291'}, 'timezone': {'offset': '+6:00', 'description': 'Almaty, Dhaka, Colombo'}}, 'email': 'william.davies@example.com', 'login': {'uuid': 'f2c47dfa-2a04-4434-a9b3-6ad1b982f48f', 'username': 'sadelephant479', 'password': 'matty', 'salt': 'lNbtrosi', 'md5': '877f5cb8c93540eb56de077bfc1c96be', 'sha1': '6f44e8278884f968b67172763197928675d1a263', 'sha256': 'c19f366955b69ecb650328c77e885af05a187bfd4bfd2b5ec5816e06b42debf1'}, 'dob': {'date': '1982-03-17T19:11:41.500Z', 'age': 42}, 'registered': {'date': '2019-01-03T14:58:03.297Z', 'age': 5}, 'phone': '(755)-193-5901', 'cell': '(160)-296-2100', 'id': {'name': '', 'value': None}, 'picture': {'large': 'https://randomuser.me/api/portraits/men/6.jpg', 'medium': 'https://randomuser.me/api/portraits/med/men/6.jpg', 'thumbnail': 'https://randomuser.me/api/portraits/thumb/men/6.jpg'}, 'nat': 'NZ'}], 'info': {'seed': '28ae025155c1d901', 'results': 1, 'page': 1, 'version': '1.4'}}</msg>
<arg>${json_data}</arg>
<doc>Logs the given message with the given level.</doc>
<status status="PASS" start="2024-08-04T17:13:05.931004" elapsed="0.000249"/>
</kw>
<kw name="Should Be String" owner="String">
<arg>${json_data['results'][0]['gender']}</arg>
<doc>Fails if the given ``item`` is not a string.</doc>
<status status="PASS" start="2024-08-04T17:13:05.931541" elapsed="0.000355"/>
</kw>
<kw name="Should Match Regexp" owner="BuiltIn">
<arg>${json_data['results'][0]['email']}</arg>
<arg>^[a-zA-Z0-9._%+-]+@[a-zA-Z0-9.-]+\.[a-zA-Z]{2,}$</arg>
<doc>Fails if ``string`` does not match ``pattern`` as a regular expression.</doc>
<status status="PASS" start="2024-08-04T17:13:05.932087" elapsed="0.000505"/>
</kw>
<kw name="Should Match Regexp" owner="BuiltIn">
<arg>${json_data['results'][0]['dob']['date']}</arg>
<arg>\\d{4}-\\d{2}-\\d{2}T\\d{2}:\\d{2}:\\d{2}\\.\\d{3}Z</arg>
<doc>Fails if ``string`` does not match ``pattern`` as a regular expression.</doc>
<status status="PASS" start="2024-08-04T17:13:05.932816" elapsed="0.000583"/>
</kw>
<kw name="Should Match Regexp" owner="BuiltIn">
<arg>${json_data['results'][0]['registered']['date']}</arg>
<arg>\\d{4}-\\d{2}-\\d{2}T\\d{2}:\\d{2}:\\d{2}\\.\\d{3}Z</arg>
<doc>Fails if ``string`` does not match ``pattern`` as a regular expression.</doc>
<status status="PASS" start="2024-08-04T17:13:05.933587" elapsed="0.000370"/>
</kw>
<kw name="Should Match Regexp" owner="BuiltIn">
<arg>${json_data['results'][0]['picture']['large']}</arg>
<arg>^https?://.*\.(?:png|jpe?g|gif|bmp)$</arg>
<doc>Fails if ``string`` does not match ``pattern`` as a regular expression.</doc>
<status status="PASS" start="2024-08-04T17:13:05.934139" elapsed="0.000452"/>
</kw>
<kw name="Should Match Regexp" owner="BuiltIn">
<arg>${json_data['results'][0]['picture']['medium']}</arg>
<arg>^https?://.*\.(?:png|jpe?g|gif|bmp)$</arg>
<doc>Fails if ``string`` does not match ``pattern`` as a regular expression.</doc>
<status status="PASS" start="2024-08-04T17:13:05.934775" elapsed="0.000393"/>
</kw>
<kw name="Should Match Regexp" owner="BuiltIn">
<arg>${json_data['results'][0]['picture']['thumbnail']}</arg>
<arg>^https?://.*\.(?:png|jpe?g|gif|bmp)$</arg>
<doc>Fails if ``string`` does not match ``pattern`` as a regular expression.</doc>
<status status="PASS" start="2024-08-04T17:13:05.935349" elapsed="0.000345"/>
</kw>
<kw name="Log" owner="BuiltIn">
<msg time="2024-08-04T17:13:05.936185" level="INFO">{'large': 'https://randomuser.me/api/portraits/men/6.jpg', 'medium': 'https://randomuser.me/api/portraits/med/men/6.jpg', 'thumbnail': 'https://randomuser.me/api/portraits/thumb/men/6.jpg'}</msg>
<arg>${json_data['results'][0]['picture']}</arg>
<doc>Logs the given message with the given level.</doc>
<status status="PASS" start="2024-08-04T17:13:05.935871" elapsed="0.000355"/>
</kw>
<status status="PASS" start="2024-08-04T17:13:05.747096" elapsed="0.189383"/>
</kw>
<kw name="Teste de Tipos de Dados - Postcode" owner="random-user-service">
<kw name="GET On Session" owner="RequestsLibrary">
<msg time="2024-08-04T17:13:06.130307" level="INFO">GET Request : url=https://randomuser.me/api 
 path_url=/api 
 headers={'User-Agent': 'python-requests/2.32.3', 'Accept-Encoding': 'gzip, deflate', 'Accept': '*/*', 'Connection': 'keep-alive'} 
 body=None 
 </msg>
<msg time="2024-08-04T17:13:06.130371" level="INFO">GET Response : url=https://randomuser.me/api 
 status=200, reason=OK 
 headers={'Date': 'Sun, 04 Aug 2024 17:13:06 GMT', 'Content-Type': 'application/json; charset=utf-8', 'Transfer-Encoding': 'chunked', 'Connection': 'keep-alive', 'X-Powered-By': 'Express', 'Access-Control-Allow-Origin': '*', 'Cache-Control': 'no-cache', 'ETag': 'W/"475-b6DRxJAA/it5kj1RPRHH93L90Mg"', 'Vary': 'Accept-Encoding', 'Content-Encoding': 'gzip', 'CF-Cache-Status': 'DYNAMIC', 'Report-To': '{"endpoints":[{"url":"https:\\/\\/a.nel.cloudflare.com\\/report\\/v4?s=Hw%2FRXuGeXxQtzYOfR%2F4GmBuNv73HoGXwskbj8Ub92oLWid%2BDPmiaVtbe%2FsbSiP%2FaDPfDERGHi2ENdN%2FJbUEbrVkyzV82qerfpiOuqe9g3CzhybiORb%2F8Tol3zvr0jWEU"}],"group":"cf-nel","max_age":604800}', 'NEL': '{"success_fraction":0,"report_to":"cf-nel","max_age":604800}', 'Server': 'cloudflare', 'CF-RAY': '8ae02d142aa18299-IAD', 'alt-svc': 'h3=":443"; ma=86400'} 
 body={"results":[{"gender":"male","name":{"title":"Mr","first":"Josias","last":"Pires"},"location":{"street":{"number":3730,"name":"Rua Piauí "},"city":"Olinda","state":"Paraíba","country":"Brazil","postcode":65631,"coordinates":{"latitude":"-76.1548","longitude":"-133.2849"},"timezone":{"offset":"-10:00","description":"Hawaii"}},"email":"josias.pires@example.com","login":{"uuid":"8c158989-0078-4f39-9b61-cee86fe1a186","username":"happybutterfly781","password":"piazza","salt":"bdBI7mLJ","md5":"3d8ee8a03d31a29b5ac59c857b92752b","sha1":"0ad024685ed36a8e0ebcb68f74f6a978d5dee360","sha256":"71ee73498ce5ed7f65ed7931f472c1085ef501740e18147ee0e95ee92e7170ba"},"dob":{"date":"1995-02-14T21:53:55.784Z","age":29},"registered":{"date":"2020-04-24T20:38:28.397Z","age":4},"phone":"(49) 8061-5395","cell":"(95) 3527-8027","id":{"name":"CPF","value":"168.241.522-97"},"picture":{"large":"https://randomuser.me/api/portraits/men/52.jpg","medium":"https://randomuser.me/api/portraits/med/men/52.jpg","thumbnail":"https://randomuser.me/api/portraits/thumb/men/52.jpg"},"nat":"BR"}],"info":{"seed":"394235ee0e428329","results":1,"page":1,"version":"1.4"}} 
 </msg>
<msg time="2024-08-04T17:13:06.130431" level="INFO">/opt/hostedtoolcache/Python/3.12.4/x64/lib/python3.12/site-packages/urllib3/connectionpool.py:1099: InsecureRequestWarning: Unverified HTTPS request is being made to host 'randomuser.me'. Adding certificate verification is strongly advised. See: https://urllib3.readthedocs.io/en/latest/advanced-usage.html#tls-warnings
  warnings.warn(</msg>
<msg time="2024-08-04T17:13:06.130515" level="INFO">${response} = &lt;Response [200]&gt;</msg>
<var>${response}</var>
<arg>consultarAPI</arg>
<arg>/api</arg>
<doc>Sends a GET request on a previously created HTTP Session.</doc>
<status status="PASS" start="2024-08-04T17:13:05.936896" elapsed="0.193646"/>
</kw>
<kw name="Set Variable" owner="BuiltIn">
<msg time="2024-08-04T17:13:06.131429" level="INFO">${json_data} = {'results': [{'gender': 'male', 'name': {'title': 'Mr', 'first': 'Josias', 'last': 'Pires'}, 'location': {'street': {'number': 3730, 'name': 'Rua Piauí '}, 'city': 'Olinda', 'state': 'Paraíba', 'count...</msg>
<var>${json_data}</var>
<arg>${response.json()}</arg>
<doc>Returns the given values which can then be assigned to a variables.</doc>
<status status="PASS" start="2024-08-04T17:13:06.130923" elapsed="0.000535"/>
</kw>
<kw name="Log" owner="BuiltIn">
<msg time="2024-08-04T17:13:06.131916" level="INFO">{'results': [{'gender': 'male', 'name': {'title': 'Mr', 'first': 'Josias', 'last': 'Pires'}, 'location': {'street': {'number': 3730, 'name': 'Rua Piauí '}, 'city': 'Olinda', 'state': 'Paraíba', 'country': 'Brazil', 'postcode': 65631, 'coordinates': {'latitude': '-76.1548', 'longitude': '-133.2849'}, 'timezone': {'offset': '-10:00', 'description': 'Hawaii'}}, 'email': 'josias.pires@example.com', 'login': {'uuid': '8c158989-0078-4f39-9b61-cee86fe1a186', 'username': 'happybutterfly781', 'password': 'piazza', 'salt': 'bdBI7mLJ', 'md5': '3d8ee8a03d31a29b5ac59c857b92752b', 'sha1': '0ad024685ed36a8e0ebcb68f74f6a978d5dee360', 'sha256': '71ee73498ce5ed7f65ed7931f472c1085ef501740e18147ee0e95ee92e7170ba'}, 'dob': {'date': '1995-02-14T21:53:55.784Z', 'age': 29}, 'registered': {'date': '2020-04-24T20:38:28.397Z', 'age': 4}, 'phone': '(49) 8061-5395', 'cell': '(95) 3527-8027', 'id': {'name': 'CPF', 'value': '168.241.522-97'}, 'picture': {'large': 'https://randomuser.me/api/portraits/men/52.jpg', 'medium': 'https://randomuser.me/api/portraits/med/men/52.jpg', 'thumbnail': 'https://randomuser.me/api/portraits/thumb/men/52.jpg'}, 'nat': 'BR'}], 'info': {'seed': '394235ee0e428329', 'results': 1, 'page': 1, 'version': '1.4'}}</msg>
<arg>${json_data}</arg>
<doc>Logs the given message with the given level.</doc>
<status status="PASS" start="2024-08-04T17:13:06.131757" elapsed="0.000207"/>
</kw>
<kw name="Should Be Equal As Numbers" owner="BuiltIn">
<arg>${json_data['results'][0]['location']['postcode']}</arg>
<arg>${json_data['results'][0]['location']['postcode']}</arg>
<doc>Fails if objects are unequal after converting them to real numbers.</doc>
<status status="PASS" start="2024-08-04T17:13:06.132257" elapsed="0.000605"/>
</kw>
<kw name="Log" owner="BuiltIn">
<msg time="2024-08-04T17:13:06.133372" level="INFO">65631</msg>
<arg>${json_data['results'][0]['location']['postcode']}</arg>
<doc>Logs the given message with the given level.</doc>
<status status="PASS" start="2024-08-04T17:13:06.133046" elapsed="0.000365"/>
</kw>
<status status="PASS" start="2024-08-04T17:13:05.936685" elapsed="0.196969"/>
</kw>
<doc>Testa se os tipos de dados na resposta da API estão corretos.</doc>
<tag>testeTiposDados</tag>
<status status="PASS" start="2024-08-04T17:13:05.746545" elapsed="0.387293"/>
</test>
<test id="s1-s1-t5" name="Validar conteudo" line="35">
<kw name="Teste de Tipos de Conteudo" owner="random-user-service">
<kw name="GET On Session" owner="RequestsLibrary">
<msg time="2024-08-04T17:13:06.281832" level="INFO">GET Request : url=https://randomuser.me/api 
 path_url=/api 
 headers={'User-Agent': 'python-requests/2.32.3', 'Accept-Encoding': 'gzip, deflate', 'Accept': '*/*', 'Connection': 'keep-alive'} 
 body=None 
 </msg>
<msg time="2024-08-04T17:13:06.281915" level="INFO">GET Response : url=https://randomuser.me/api 
 status=200, reason=OK 
 headers={'Date': 'Sun, 04 Aug 2024 17:13:06 GMT', 'Content-Type': 'application/json; charset=utf-8', 'Transfer-Encoding': 'chunked', 'Connection': 'keep-alive', 'X-Powered-By': 'Express', 'Access-Control-Allow-Origin': '*', 'Cache-Control': 'no-cache', 'ETag': 'W/"486-Y0kektkNEzMJOsYNcqka4LRFWk0"', 'Vary': 'Accept-Encoding', 'Content-Encoding': 'gzip', 'CF-Cache-Status': 'DYNAMIC', 'Report-To': '{"endpoints":[{"url":"https:\\/\\/a.nel.cloudflare.com\\/report\\/v4?s=CBlp0NiKJvrNs7%2FBPVvdtY84IN18JCyWL7jnE9pjAA7gdbPaoxxeLPrJdw2v7cMoFiIjuuIDS7HOO0z7ThwFFcL5RT0eItQWP7heELbcdd7WUtdSaFgjSzo3r74FtLat"}],"group":"cf-nel","max_age":604800}', 'NEL': '{"success_fraction":0,"report_to":"cf-nel","max_age":604800}', 'Server': 'cloudflare', 'CF-RAY': '8ae02d156bfe8299-IAD', 'alt-svc': 'h3=":443"; ma=86400'} 
 body={"results":[{"gender":"male","name":{"title":"Mr","first":"Cecil","last":"Morris"},"location":{"street":{"number":4212,"name":"Novara Avenue"},"city":"Swords","state":"Galway","country":"Ireland","postcode":42309,"coordinates":{"latitude":"-0.0566","longitude":"-27.8132"},"timezone":{"offset":"-5:00","description":"Eastern Time (US &amp; Canada), Bogota, Lima"}},"email":"cecil.morris@example.com","login":{"uuid":"2a468d55-fbe3-4199-ad54-3cc03b61ea8c","username":"goldenfish296","password":"springer","salt":"9R5ogLLN","md5":"f336d497ed8d41b54862224a49250cc2","sha1":"4b5c4d3ebe6f0af2d8e64f15879c7c1a9fc70650","sha256":"81356264aba6a6c89d77afc65e4476b7eeb911d122d4665aa544902112f4dcf2"},"dob":{"date":"1988-12-06T22:15:25.302Z","age":35},"registered":{"date":"2018-05-30T06:31:18.551Z","age":6},"phone":"021-630-9657","cell":"081-743-3707","id":{"name":"PPS","value":"5412324T"},"picture":{"large":"https://randomuser.me/api/portraits/men/5.jpg","medium":"https://randomuser.me/api/portraits/med/men/5.jpg","thumbnail":"https://randomuser.me/api/portraits/thumb/men/5.jpg"},"nat":"IE"}],"info":{"seed":"3b0cb48a5e532b10","results":1,"page":1,"version":"1.4"}} 
 </msg>
<msg time="2024-08-04T17:13:06.281990" level="INFO">/opt/hostedtoolcache/Python/3.12.4/x64/lib/python3.12/site-packages/urllib3/connectionpool.py:1099: InsecureRequestWarning: Unverified HTTPS request is being made to host 'randomuser.me'. Adding certificate verification is strongly advised. See: https://urllib3.readthedocs.io/en/latest/advanced-usage.html#tls-warnings
  warnings.warn(</msg>
<msg time="2024-08-04T17:13:06.282101" level="INFO">${response} = &lt;Response [200]&gt;</msg>
<var>${response}</var>
<arg>consultarAPI</arg>
<arg>/api</arg>
<doc>Sends a GET request on a previously created HTTP Session.</doc>
<status status="PASS" start="2024-08-04T17:13:06.136183" elapsed="0.145960"/>
</kw>
<kw name="Set Variable" owner="BuiltIn">
<msg time="2024-08-04T17:13:06.283128" level="INFO">${json_data} = {'results': [{'gender': 'male', 'name': {'title': 'Mr', 'first': 'Cecil', 'last': 'Morris'}, 'location': {'street': {'number': 4212, 'name': 'Novara Avenue'}, 'city': 'Swords', 'state': 'Galway', 'cou...</msg>
<var>${json_data}</var>
<arg>${response.json()}</arg>
<doc>Returns the given values which can then be assigned to a variables.</doc>
<status status="PASS" start="2024-08-04T17:13:06.282617" elapsed="0.000540"/>
</kw>
<kw name="Set Variable" owner="BuiltIn">
<msg time="2024-08-04T17:13:06.283848" level="INFO">${name_title} = Mr</msg>
<var>${name_title}</var>
<arg>${json_data["results"][0]["name"]["title"]}</arg>
<doc>Returns the given values which can then be assigned to a variables.</doc>
<status status="PASS" start="2024-08-04T17:13:06.283465" elapsed="0.000408"/>
</kw>
<kw name="Create List" owner="BuiltIn">
<msg time="2024-08-04T17:13:06.284318" level="INFO">${allowed_titles} = ['Mr', 'Ms', 'Miss', 'Mrs', 'Madame', 'Monsieur']</msg>
<var>${allowed_titles}</var>
<arg>Mr</arg>
<arg>Ms</arg>
<arg>Miss</arg>
<arg>Mrs</arg>
<arg>Madame</arg>
<arg>Monsieur</arg>
<doc>Returns a list containing given items.</doc>
<status status="PASS" start="2024-08-04T17:13:06.284165" elapsed="0.000177"/>
</kw>
<kw name="List Should Contain Value" owner="Collections">
<arg>${allowed_titles}</arg>
<arg>${name_title}</arg>
<doc>Fails if the ``value`` is not found from ``list``.</doc>
<status status="PASS" start="2024-08-04T17:13:06.284636" elapsed="0.000181"/>
</kw>
<kw name="Set Variable" owner="BuiltIn">
<msg time="2024-08-04T17:13:06.285356" level="INFO">${name_country} = IE</msg>
<var>${name_country}</var>
<arg>${json_data["results"][0]["nat"]}</arg>
<doc>Returns the given values which can then be assigned to a variables.</doc>
<status status="PASS" start="2024-08-04T17:13:06.284994" elapsed="0.000387"/>
</kw>
<kw name="Create List" owner="BuiltIn">
<msg time="2024-08-04T17:13:06.286287" level="INFO">${list_country} = ['AD', 'AE', 'AF', 'AG', 'AI', 'AL', 'AM', 'AO', 'AQ', 'AR', 'AS', 'AT', 'AU', 'AW', 'AX', 'AZ', 'BA', 'BB', 'BD', 'BE', 'BF', 'BG', 'BH', 'BI', 'BJ', 'BL', 'BM', 'BN', 'BO', 'BQ', 'BR', 'BS', 'BT', '...</msg>
<var>${list_country}</var>
<arg>AD</arg>
<arg>AE</arg>
<arg>AF</arg>
<arg>AG</arg>
<arg>AI</arg>
<arg>AL</arg>
<arg>AM</arg>
<arg>AO</arg>
<arg>AQ</arg>
<arg>AR</arg>
<arg>AS</arg>
<arg>AT</arg>
<arg>AU</arg>
<arg>AW</arg>
<arg>AX</arg>
<arg>AZ</arg>
<arg>BA</arg>
<arg>BB</arg>
<arg>BD</arg>
<arg>BE</arg>
<arg>BF</arg>
<arg>BG</arg>
<arg>BH</arg>
<arg>BI</arg>
<arg>BJ</arg>
<arg>BL</arg>
<arg>BM</arg>
<arg>BN</arg>
<arg>BO</arg>
<arg>BQ</arg>
<arg>BR</arg>
<arg>BS</arg>
<arg>BT</arg>
<arg>BV</arg>
<arg>BW</arg>
<arg>BY</arg>
<arg>BZ</arg>
<arg>CA</arg>
<arg>CC</arg>
<arg>CD</arg>
<arg>CF</arg>
<arg>CG</arg>
<arg>CH</arg>
<arg>CI</arg>
<arg>CK</arg>
<arg>CL</arg>
<arg>CM</arg>
<arg>CN</arg>
<arg>CO</arg>
<arg>CR</arg>
<arg>CU</arg>
<arg>CV</arg>
<arg>CW</arg>
<arg>CX</arg>
<arg>CY</arg>
<arg>CZ</arg>
<arg>DE</arg>
<arg>DJ</arg>
<arg>DK</arg>
<arg>DM</arg>
<arg>DO</arg>
<arg>DZ</arg>
<arg>EC</arg>
<arg>EE</arg>
<arg>EG</arg>
<arg>EH</arg>
<arg>ER</arg>
<arg>ES</arg>
<arg>ET</arg>
<arg>FI</arg>
<arg>FJ</arg>
<arg>FK</arg>
<arg>FM</arg>
<arg>FO</arg>
<arg>FR</arg>
<arg>GA</arg>
<arg>GB</arg>
<arg>GD</arg>
<arg>GE</arg>
<arg>GF</arg>
<arg>GG</arg>
<arg>GH</arg>
<arg>GI</arg>
<arg>GL</arg>
<arg>GM</arg>
<arg>GN</arg>
<arg>GP</arg>
<arg>GQ</arg>
<arg>GR</arg>
<arg>GS</arg>
<arg>GT</arg>
<arg>GU</arg>
<arg>GW</arg>
<arg>GY</arg>
<arg>HK</arg>
<arg>HM</arg>
<arg>HN</arg>
<arg>HR</arg>
<arg>HT</arg>
<arg>HU</arg>
<arg>ID</arg>
<arg>IE</arg>
<arg>IL</arg>
<arg>IM</arg>
<arg>IN</arg>
<arg>IO</arg>
<arg>IQ</arg>
<arg>IR</arg>
<arg>IS</arg>
<arg>IT</arg>
<arg>JE</arg>
<arg>JM</arg>
<arg>JO</arg>
<arg>JP</arg>
<arg>KE</arg>
<arg>KG</arg>
<arg>KH</arg>
<arg>KI</arg>
<arg>KM</arg>
<arg>KN</arg>
<arg>KP</arg>
<arg>KR</arg>
<arg>KW</arg>
<arg>KY</arg>
<arg>KZ</arg>
<arg>LA</arg>
<arg>LB</arg>
<arg>LC</arg>
<arg>LI</arg>
<arg>LK</arg>
<arg>LR</arg>
<arg>LS</arg>
<arg>LT</arg>
<arg>LU</arg>
<arg>LV</arg>
<arg>LY</arg>
<arg>MA</arg>
<arg>MC</arg>
<arg>MD</arg>
<arg>ME</arg>
<arg>MF</arg>
<arg>MG</arg>
<arg>MH</arg>
<arg>MK</arg>
<arg>ML</arg>
<arg>MM</arg>
<arg>MN</arg>
<arg>MO</arg>
<arg>MP</arg>
<arg>MQ</arg>
<arg>MR</arg>
<arg>MS</arg>
<arg>MT</arg>
<arg>MU</arg>
<arg>MV</arg>
<arg>MW</arg>
<arg>MX</arg>
<arg>MY</arg>
<arg>MZ</arg>
<arg>NA</arg>
<arg>NC</arg>
<arg>NE</arg>
<arg>NF</arg>
<arg>NG</arg>
<arg>NI</arg>
<arg>NL</arg>
<arg>NO</arg>
<arg>NP</arg>
<arg>NR</arg>
<arg>NU</arg>
<arg>NZ</arg>
<arg>OM</arg>
<arg>PA</arg>
<arg>PE</arg>
<arg>PF</arg>
<arg>PG</arg>
<arg>PH</arg>
<arg>PK</arg>
<arg>PL</arg>
<arg>PM</arg>
<arg>PN</arg>
<arg>PR</arg>
<arg>PS</arg>
<arg>PT</arg>
<arg>PW</arg>
<arg>PY</arg>
<arg>QA</arg>
<arg>RE</arg>
<arg>RO</arg>
<arg>RS</arg>
<arg>RU</arg>
<arg>RW</arg>
<arg>SA</arg>
<arg>SB</arg>
<arg>SC</arg>
<arg>SD</arg>
<arg>SE</arg>
<arg>SG</arg>
<arg>SH</arg>
<arg>SI</arg>
<arg>SJ</arg>
<arg>SK</arg>
<arg>SL</arg>
<arg>SM</arg>
<arg>SN</arg>
<arg>SO</arg>
<arg>SR</arg>
<arg>SS</arg>
<arg>ST</arg>
<arg>SV</arg>
<arg>SX</arg>
<arg>SY</arg>
<arg>SZ</arg>
<arg>TC</arg>
<arg>TD</arg>
<arg>TF</arg>
<arg>TG</arg>
<arg>TH</arg>
<arg>TJ</arg>
<arg>TK</arg>
<arg>TL</arg>
<arg>TM</arg>
<arg>TN</arg>
<arg>TO</arg>
<arg>TR</arg>
<arg>TT</arg>
<arg>TV</arg>
<arg>TW</arg>
<arg>TZ</arg>
<arg>UA</arg>
<arg>UG</arg>
<arg>UM</arg>
<arg>US</arg>
<arg>UY</arg>
<arg>UZ</arg>
<arg>VA</arg>
<arg>VC</arg>
<arg>VE</arg>
<arg>VG</arg>
<arg>VI</arg>
<arg>VN</arg>
<arg>VU</arg>
<arg>WF</arg>
<arg>WS</arg>
<arg>XK</arg>
<arg>YE</arg>
<arg>YT</arg>
<arg>ZA</arg>
<arg>ZM</arg>
<arg>ZW</arg>
<doc>Returns a list containing given items.</doc>
<status status="PASS" start="2024-08-04T17:13:06.285667" elapsed="0.000649"/>
</kw>
<kw name="List Should Contain Value" owner="Collections">
<arg>${list_country}</arg>
<arg>${name_country}</arg>
<doc>Fails if the ``value`` is not found from ``list``.</doc>
<status status="PASS" start="2024-08-04T17:13:06.287259" elapsed="0.000207"/>
</kw>
<kw name="Run Keyword If" owner="BuiltIn">
<kw name="Should Be True" owner="BuiltIn">
<arg>${True}</arg>
<doc>Fails if the given condition is not true.</doc>
<status status="PASS" start="2024-08-04T17:13:06.288390" elapsed="0.000140"/>
</kw>
<arg>${json_data["results"][0]["location"]["coordinates"]["latitude"]} &gt;= -90 and ${json_data["results"][0]["location"]["coordinates"]["latitude"]} &lt;= 90</arg>
<arg>Should Be True</arg>
<arg>${True}</arg>
<doc>Runs the given keyword with the given arguments, if ``condition`` is true.</doc>
<status status="PASS" start="2024-08-04T17:13:06.287661" elapsed="0.000995"/>
</kw>
<kw name="Run Keyword If" owner="BuiltIn">
<kw name="Should Be True" owner="BuiltIn">
<arg>${True}</arg>
<doc>Fails if the given condition is not true.</doc>
<status status="PASS" start="2024-08-04T17:13:06.289518" elapsed="0.000134"/>
</kw>
<arg>${json_data["results"][0]["location"]["coordinates"]["longitude"]} &gt;= -180 and ${json_data["results"][0]["location"]["coordinates"]["longitude"]} &lt;= 180</arg>
<arg>Should Be True</arg>
<arg>${True}</arg>
<doc>Runs the given keyword with the given arguments, if ``condition`` is true.</doc>
<status status="PASS" start="2024-08-04T17:13:06.288837" elapsed="0.000937"/>
</kw>
<status status="PASS" start="2024-08-04T17:13:06.135967" elapsed="0.153931"/>
</kw>
<doc>Testa o conteúdo específico dos campos retornados pela API.</doc>
<tag>testeConteudo</tag>
<status status="PASS" start="2024-08-04T17:13:06.135544" elapsed="0.154493"/>
</test>
<status status="PASS" start="2024-08-04T17:13:04.179428" elapsed="2.112512"/>
</suite>
<status status="PASS" start="2024-08-04T17:13:04.165151" elapsed="2.131725"/>
</suite>
<statistics>
<total>
<stat pass="5" fail="0" skip="0">All Tests</stat>
</total>
<tag>
<stat pass="1" fail="0" skip="0">testeConteudo</stat>
<stat pass="1" fail="0" skip="0">testeEstruturaResposta</stat>
<stat pass="1" fail="0" skip="0">testeRequisicaoBasica</stat>
<stat pass="1" fail="0" skip="0">testeTiposDados</stat>
</tag>
<suite>
<stat pass="5" fail="0" skip="0" id="s1" name="Tests">Tests</stat>
<stat pass="5" fail="0" skip="0" id="s1-s1" name="Random-User-Test">Tests.Random-User-Test</stat>
</suite>
</statistics>
<errors>
</errors>
</robot>
