<?xml version="1.0" encoding="UTF-8"?>
<robot generator="Robot 7.0 (Python 3.12.3 on linux)" generated="2024-04-25T06:18:28.095870" rpa="false" schemaversion="5">
<suite id="s1" name="Tests" source="/home/runner/work/DesafioQAItauRogerioJordao/DesafioQAItauRogerioJordao/RamdonUser/tests">
<suite id="s1-s1" name="Random-User-Test" source="/home/runner/work/DesafioQAItauRogerioJordao/DesafioQAItauRogerioJordao/RamdonUser/tests/random-user-test.robot">
<test id="s1-s1-t1" name="Conectar" line="13">
<kw name="Conectar API" owner="random-user-service">
<kw name="Create Session" owner="RequestsLibrary">
<msg time="2024-04-25T06:18:28.456088" level="INFO">Creating Session using : alias=consultarAPI, url=https://randomuser.me/, headers={},                     cookies={}, auth=None, timeout=None, proxies=None, verify=False,                     debug=0 </msg>
<arg>consultarAPI</arg>
<arg>${URL}</arg>
<doc>Create Session: create a HTTP session to a server</doc>
<status status="PASS" start="2024-04-25T06:18:28.455887" elapsed="0.000395"/>
</kw>
<status status="PASS" start="2024-04-25T06:18:28.454880" elapsed="0.001790"/>
</kw>
<status status="PASS" start="2024-04-25T06:18:28.454246" elapsed="0.002625"/>
</test>
<test id="s1-s1-t2" name="Validar retorno 200 e JSON Válido" line="16">
<kw name="Teste de Requisicao Basica" owner="random-user-service">
<kw name="GET On Session" owner="RequestsLibrary">
<msg time="2024-04-25T06:18:28.772036" level="INFO">GET Request : url=https://randomuser.me/api 
 path_url=/api 
 headers={'User-Agent': 'python-requests/2.31.0', 'Accept-Encoding': 'gzip, deflate', 'Accept': '*/*', 'Connection': 'keep-alive'} 
 body=None 
 </msg>
<msg time="2024-04-25T06:18:28.772184" level="INFO">GET Response : url=https://randomuser.me/api 
 status=200, reason=OK 
 headers={'Date': 'Thu, 25 Apr 2024 06:18:28 GMT', 'Content-Type': 'application/json; charset=utf-8', 'Transfer-Encoding': 'chunked', 'Connection': 'keep-alive', 'X-Powered-By': 'Express', 'Access-Control-Allow-Origin': '*', 'Cache-Control': 'no-cache', 'ETag': 'W/"487-cdIyMSGTp2oA1GlzpUFH8tsooE0"', 'Vary': 'Accept-Encoding', 'Content-Encoding': 'gzip', 'CF-Cache-Status': 'DYNAMIC', 'Report-To': '{"endpoints":[{"url":"https:\\/\\/a.nel.cloudflare.com\\/report\\/v4?s=Ge3IhagWX1avaXLBnFVFnOCa72aiB0%2F%2FaAmELKgT4Z9OLYNR6bsLOkSnMhFxj33bshCc0sazu%2BLY09aXIpqYcgmZboxCG1QG7QmslX5onsGmYqvwk643vWXNUn5PKQCE"}],"group":"cf-nel","max_age":604800}', 'NEL': '{"success_fraction":0,"report_to":"cf-nel","max_age":604800}', 'Server': 'cloudflare', 'CF-RAY': '879c37480da9176a-SJC', 'alt-svc': 'h3=":443"; ma=86400'} 
 body={"results":[{"gender":"female","name":{"title":"Miss","first":"Ayşe","last":"Mertoğlu"},"location":{"street":{"number":2724,"name":"Doktorlar Cd"},"city":"Aksaray","state":"Afyonkarahisar","country":"Turkey","postcode":36305,"coordinates":{"latitude":"68.2212","longitude":"19.0742"},"timezone":{"offset":"+2:00","description":"Kaliningrad, South Africa"}},"email":"ayse.mertoglu@example.com","login":{"uuid":"090842d0-454a-4742-9b7c-691404fd3ef3","username":"silvergorilla646","password":"joung","salt":"vtQDqkYS","md5":"685fade7d238f01b516f88852b5e745c","sha1":"34599f1ccb1d5bc52e681289966539e68e2c735f","sha256":"1cde9e0ff8c5aff3a0fb528ac02956c0c259e885df5ff4a615e6733920f09fed"},"dob":{"date":"1951-07-02T22:55:02.133Z","age":72},"registered":{"date":"2008-01-15T00:59:40.801Z","age":16},"phone":"(398)-299-2210","cell":"(096)-697-2345","id":{"name":"","value":null},"picture":{"large":"https://randomuser.me/api/portraits/women/5.jpg","medium":"https://randomuser.me/api/portraits/med/women/5.jpg","thumbnail":"https://randomuser.me/api/portraits/thumb/women/5.jpg"},"nat":"TR"}],"info":{"seed":"98af77fdac272446","results":1,"page":1,"version":"1.4"}} 
 </msg>
<msg time="2024-04-25T06:18:28.772265" level="INFO">/opt/hostedtoolcache/Python/3.12.3/x64/lib/python3.12/site-packages/urllib3/connectionpool.py:1103: InsecureRequestWarning: Unverified HTTPS request is being made to host 'randomuser.me'. Adding certificate verification is strongly advised. See: https://urllib3.readthedocs.io/en/latest/advanced-usage.html#tls-warnings
  warnings.warn(</msg>
<msg time="2024-04-25T06:18:28.772405" level="INFO">${response} = &lt;Response [200]&gt;</msg>
<var>${response}</var>
<arg>consultarAPI</arg>
<arg>/api</arg>
<doc>Sends a GET request on a previously created HTTP Session.</doc>
<status status="PASS" start="2024-04-25T06:18:28.459574" elapsed="0.312971"/>
</kw>
<kw name="Should Be Equal As Numbers" owner="BuiltIn">
<msg time="2024-04-25T06:18:28.773557" level="INFO">Argument types are:
&lt;class 'int'&gt;
&lt;class 'str'&gt;</msg>
<arg>${response.status_code}</arg>
<arg>200</arg>
<doc>Fails if objects are unequal after converting them to real numbers.</doc>
<status status="PASS" start="2024-04-25T06:18:28.773104" elapsed="0.000516"/>
</kw>
<kw name="Log" owner="BuiltIn">
<msg time="2024-04-25T06:18:28.774282" level="INFO">200</msg>
<arg>${response.status_code}</arg>
<doc>Logs the given message with the given level.</doc>
<status status="PASS" start="2024-04-25T06:18:28.773935" elapsed="0.000388"/>
</kw>
<kw name="Set Variable" owner="BuiltIn">
<msg time="2024-04-25T06:18:28.775072" level="INFO">${json_data} = {'results': [{'gender': 'female', 'name': {'title': 'Miss', 'first': 'Ayşe', 'last': 'Mertoğlu'}, 'location': {'street': {'number': 2724, 'name': 'Doktorlar Cd'}, 'city': 'Aksaray', 'state': 'Afyonkar...</msg>
<var>${json_data}</var>
<arg>${response.json()}</arg>
<doc>Returns the given values which can then be assigned to a variables.</doc>
<status status="PASS" start="2024-04-25T06:18:28.774624" elapsed="0.000477"/>
</kw>
<kw name="Dictionary Should Contain Key" owner="Collections">
<msg time="2024-04-25T06:18:28.775566" level="INFO">False</msg>
<arg>${json_data}</arg>
<arg>results</arg>
<doc>Fails if ``key`` is not found from ``dictionary``.</doc>
<status status="PASS" start="2024-04-25T06:18:28.775400" elapsed="0.000203"/>
</kw>
<status status="PASS" start="2024-04-25T06:18:28.459325" elapsed="0.316542"/>
</kw>
<doc>Testa se a API responde corretamente e retorna um objeto JSON válido.</doc>
<tag>testeRequisicaoBasica</tag>
<status status="PASS" start="2024-04-25T06:18:28.458796" elapsed="0.317257"/>
</test>
<test id="s1-s1-t3" name="Validar estrutura de resposta" line="22">
<kw name="Teste de Estrutura de Resposta" owner="random-user-service">
<kw name="GET On Session" owner="RequestsLibrary">
<msg time="2024-04-25T06:18:28.873136" level="INFO">GET Request : url=https://randomuser.me/api 
 path_url=/api 
 headers={'User-Agent': 'python-requests/2.31.0', 'Accept-Encoding': 'gzip, deflate', 'Accept': '*/*', 'Connection': 'keep-alive'} 
 body=None 
 </msg>
<msg time="2024-04-25T06:18:28.873235" level="INFO">GET Response : url=https://randomuser.me/api 
 status=200, reason=OK 
 headers={'Date': 'Thu, 25 Apr 2024 06:18:28 GMT', 'Content-Type': 'application/json; charset=utf-8', 'Transfer-Encoding': 'chunked', 'Connection': 'keep-alive', 'X-Powered-By': 'Express', 'Access-Control-Allow-Origin': '*', 'Cache-Control': 'no-cache', 'ETag': 'W/"482-oeU+immGq4FK/KSoE5E26M7swHY"', 'Vary': 'Accept-Encoding', 'Content-Encoding': 'gzip', 'CF-Cache-Status': 'DYNAMIC', 'Report-To': '{"endpoints":[{"url":"https:\\/\\/a.nel.cloudflare.com\\/report\\/v4?s=atzkYmtAb%2FT9JKFeHQutTe%2FUospW1PZK9TNk1LhR1g94lcv7m1okxTWzFIQHWhM%2FPN%2Byiii%2FAQRElzDxgRtL%2FSafr4H6eCDtfG34mhLKe%2BslPJSi84a6ZEVI1%2F%2BVsVV0"}],"group":"cf-nel","max_age":604800}', 'NEL': '{"success_fraction":0,"report_to":"cf-nel","max_age":604800}', 'Server': 'cloudflare', 'CF-RAY': '879c3749dfad176a-SJC', 'alt-svc': 'h3=":443"; ma=86400'} 
 body={"results":[{"gender":"male","name":{"title":"Mr","first":"Joshua","last":"Gautier"},"location":{"street":{"number":67,"name":"Rue des Abbesses"},"city":"Brest","state":"Val-D'Oise","country":"France","postcode":90916,"coordinates":{"latitude":"-14.3539","longitude":"-159.0873"},"timezone":{"offset":"-2:00","description":"Mid-Atlantic"}},"email":"joshua.gautier@example.com","login":{"uuid":"6550a3ee-700f-411e-a6ee-e0034e236bfd","username":"tinytiger941","password":"gothic","salt":"Bba9gh4z","md5":"675d263facbb6236b431ca4933cf2c67","sha1":"f852aa223f8a20fcb2846103a86ecb1bd4323de5","sha256":"4a7597d83d8d6396bcdf9feb207f362592033ef9bb7b079803810b555561d4ab"},"dob":{"date":"1944-11-22T07:12:28.640Z","age":79},"registered":{"date":"2002-05-09T04:56:59.776Z","age":21},"phone":"02-91-14-79-81","cell":"06-68-34-05-80","id":{"name":"INSEE","value":"1441062379753 65"},"picture":{"large":"https://randomuser.me/api/portraits/men/19.jpg","medium":"https://randomuser.me/api/portraits/med/men/19.jpg","thumbnail":"https://randomuser.me/api/portraits/thumb/men/19.jpg"},"nat":"FR"}],"info":{"seed":"fac7d8cab998acfd","results":1,"page":1,"version":"1.4"}} 
 </msg>
<msg time="2024-04-25T06:18:28.873362" level="INFO">/opt/hostedtoolcache/Python/3.12.3/x64/lib/python3.12/site-packages/urllib3/connectionpool.py:1103: InsecureRequestWarning: Unverified HTTPS request is being made to host 'randomuser.me'. Adding certificate verification is strongly advised. See: https://urllib3.readthedocs.io/en/latest/advanced-usage.html#tls-warnings
  warnings.warn(</msg>
<msg time="2024-04-25T06:18:28.873484" level="INFO">${response} = &lt;Response [200]&gt;</msg>
<var>${response}</var>
<arg>consultarAPI</arg>
<arg>/api</arg>
<doc>Sends a GET request on a previously created HTTP Session.</doc>
<status status="PASS" start="2024-04-25T06:18:28.778764" elapsed="0.094752"/>
</kw>
<kw name="Set Variable" owner="BuiltIn">
<msg time="2024-04-25T06:18:28.874577" level="INFO">${json_data} = {'results': [{'gender': 'male', 'name': {'title': 'Mr', 'first': 'Joshua', 'last': 'Gautier'}, 'location': {'street': {'number': 67, 'name': 'Rue des Abbesses'}, 'city': 'Brest', 'state': "Val-D'Oise"...</msg>
<var>${json_data}</var>
<arg>${response.json()}</arg>
<doc>Returns the given values which can then be assigned to a variables.</doc>
<status status="PASS" start="2024-04-25T06:18:28.874042" elapsed="0.000563"/>
</kw>
<kw name="Log" owner="BuiltIn">
<msg time="2024-04-25T06:18:28.875067" level="INFO">{'results': [{'gender': 'male', 'name': {'title': 'Mr', 'first': 'Joshua', 'last': 'Gautier'}, 'location': {'street': {'number': 67, 'name': 'Rue des Abbesses'}, 'city': 'Brest', 'state': "Val-D'Oise", 'country': 'France', 'postcode': 90916, 'coordinates': {'latitude': '-14.3539', 'longitude': '-159.0873'}, 'timezone': {'offset': '-2:00', 'description': 'Mid-Atlantic'}}, 'email': 'joshua.gautier@example.com', 'login': {'uuid': '6550a3ee-700f-411e-a6ee-e0034e236bfd', 'username': 'tinytiger941', 'password': 'gothic', 'salt': 'Bba9gh4z', 'md5': '675d263facbb6236b431ca4933cf2c67', 'sha1': 'f852aa223f8a20fcb2846103a86ecb1bd4323de5', 'sha256': '4a7597d83d8d6396bcdf9feb207f362592033ef9bb7b079803810b555561d4ab'}, 'dob': {'date': '1944-11-22T07:12:28.640Z', 'age': 79}, 'registered': {'date': '2002-05-09T04:56:59.776Z', 'age': 21}, 'phone': '02-91-14-79-81', 'cell': '06-68-34-05-80', 'id': {'name': 'INSEE', 'value': '1441062379753 65'}, 'picture': {'large': 'https://randomuser.me/api/portraits/men/19.jpg', 'medium': 'https://randomuser.me/api/portraits/med/men/19.jpg', 'thumbnail': 'https://randomuser.me/api/portraits/thumb/men/19.jpg'}, 'nat': 'FR'}], 'info': {'seed': 'fac7d8cab998acfd', 'results': 1, 'page': 1, 'version': '1.4'}}</msg>
<arg>${json_data}</arg>
<doc>Logs the given message with the given level.</doc>
<status status="PASS" start="2024-04-25T06:18:28.874909" elapsed="0.000205"/>
</kw>
<kw name="Dictionary Should Contain Key" owner="Collections">
<msg time="2024-04-25T06:18:28.875562" level="INFO">False</msg>
<arg>${json_data}</arg>
<arg>results</arg>
<doc>Fails if ``key`` is not found from ``dictionary``.</doc>
<status status="PASS" start="2024-04-25T06:18:28.875409" elapsed="0.000189"/>
</kw>
<kw name="Should Not Be Empty" owner="BuiltIn">
<msg time="2024-04-25T06:18:28.876014" level="INFO">Length is 2.</msg>
<arg>${json_data}</arg>
<doc>Verifies that the given item is not empty.</doc>
<status status="PASS" start="2024-04-25T06:18:28.875882" elapsed="0.000170"/>
</kw>
<kw name="Create List" owner="BuiltIn">
<msg time="2024-04-25T06:18:28.876680" level="INFO">${expected_keys} = ['gender', 'name', 'location', 'email', 'login']</msg>
<var>${expected_keys}</var>
<arg>gender</arg>
<arg>name</arg>
<arg>location</arg>
<arg>email</arg>
<arg>login</arg>
<doc>Returns a list containing given items.</doc>
<status status="PASS" start="2024-04-25T06:18:28.876332" elapsed="0.000378"/>
</kw>
<for flavor="IN">
<iter>
<kw name="Dictionary Should Contain Key" owner="Collections">
<msg time="2024-04-25T06:18:28.877713" level="INFO">False</msg>
<arg>${json_data['results'][0]}</arg>
<arg>${key}</arg>
<doc>Fails if ``key`` is not found from ``dictionary``.</doc>
<status status="PASS" start="2024-04-25T06:18:28.877305" elapsed="0.000445"/>
</kw>
<kw name="Log" owner="BuiltIn">
<msg time="2024-04-25T06:18:28.878403" level="INFO">{'gender': 'male', 'name': {'title': 'Mr', 'first': 'Joshua', 'last': 'Gautier'}, 'location': {'street': {'number': 67, 'name': 'Rue des Abbesses'}, 'city': 'Brest', 'state': "Val-D'Oise", 'country': 'France', 'postcode': 90916, 'coordinates': {'latitude': '-14.3539', 'longitude': '-159.0873'}, 'timezone': {'offset': '-2:00', 'description': 'Mid-Atlantic'}}, 'email': 'joshua.gautier@example.com', 'login': {'uuid': '6550a3ee-700f-411e-a6ee-e0034e236bfd', 'username': 'tinytiger941', 'password': 'gothic', 'salt': 'Bba9gh4z', 'md5': '675d263facbb6236b431ca4933cf2c67', 'sha1': 'f852aa223f8a20fcb2846103a86ecb1bd4323de5', 'sha256': '4a7597d83d8d6396bcdf9feb207f362592033ef9bb7b079803810b555561d4ab'}, 'dob': {'date': '1944-11-22T07:12:28.640Z', 'age': 79}, 'registered': {'date': '2002-05-09T04:56:59.776Z', 'age': 21}, 'phone': '02-91-14-79-81', 'cell': '06-68-34-05-80', 'id': {'name': 'INSEE', 'value': '1441062379753 65'}, 'picture': {'large': 'https://randomuser.me/api/portraits/men/19.jpg', 'medium': 'https://randomuser.me/api/portraits/med/men/19.jpg', 'thumbnail': 'https://randomuser.me/api/portraits/thumb/men/19.jpg'}, 'nat': 'FR'}</msg>
<arg>${json_data['results'][0]}</arg>
<doc>Logs the given message with the given level.</doc>
<status status="PASS" start="2024-04-25T06:18:28.878042" elapsed="0.000410"/>
</kw>
<kw name="Log" owner="BuiltIn">
<msg time="2024-04-25T06:18:28.878951" level="INFO">gender</msg>
<arg>${key}</arg>
<doc>Logs the given message with the given level.</doc>
<status status="PASS" start="2024-04-25T06:18:28.878783" elapsed="0.000224"/>
</kw>
<var name="${key}">gender</var>
<status status="PASS" start="2024-04-25T06:18:28.877179" elapsed="0.002147"/>
</iter>
<iter>
<kw name="Dictionary Should Contain Key" owner="Collections">
<msg time="2024-04-25T06:18:28.880410" level="INFO">False</msg>
<arg>${json_data['results'][0]}</arg>
<arg>${key}</arg>
<doc>Fails if ``key`` is not found from ``dictionary``.</doc>
<status status="PASS" start="2024-04-25T06:18:28.879801" elapsed="0.000663"/>
</kw>
<kw name="Log" owner="BuiltIn">
<msg time="2024-04-25T06:18:28.881589" level="INFO">{'gender': 'male', 'name': {'title': 'Mr', 'first': 'Joshua', 'last': 'Gautier'}, 'location': {'street': {'number': 67, 'name': 'Rue des Abbesses'}, 'city': 'Brest', 'state': "Val-D'Oise", 'country': 'France', 'postcode': 90916, 'coordinates': {'latitude': '-14.3539', 'longitude': '-159.0873'}, 'timezone': {'offset': '-2:00', 'description': 'Mid-Atlantic'}}, 'email': 'joshua.gautier@example.com', 'login': {'uuid': '6550a3ee-700f-411e-a6ee-e0034e236bfd', 'username': 'tinytiger941', 'password': 'gothic', 'salt': 'Bba9gh4z', 'md5': '675d263facbb6236b431ca4933cf2c67', 'sha1': 'f852aa223f8a20fcb2846103a86ecb1bd4323de5', 'sha256': '4a7597d83d8d6396bcdf9feb207f362592033ef9bb7b079803810b555561d4ab'}, 'dob': {'date': '1944-11-22T07:12:28.640Z', 'age': 79}, 'registered': {'date': '2002-05-09T04:56:59.776Z', 'age': 21}, 'phone': '02-91-14-79-81', 'cell': '06-68-34-05-80', 'id': {'name': 'INSEE', 'value': '1441062379753 65'}, 'picture': {'large': 'https://randomuser.me/api/portraits/men/19.jpg', 'medium': 'https://randomuser.me/api/portraits/med/men/19.jpg', 'thumbnail': 'https://randomuser.me/api/portraits/thumb/men/19.jpg'}, 'nat': 'FR'}</msg>
<arg>${json_data['results'][0]}</arg>
<doc>Logs the given message with the given level.</doc>
<status status="PASS" start="2024-04-25T06:18:28.880988" elapsed="0.000682"/>
</kw>
<kw name="Log" owner="BuiltIn">
<msg time="2024-04-25T06:18:28.882346" level="INFO">name</msg>
<arg>${key}</arg>
<doc>Logs the given message with the given level.</doc>
<status status="PASS" start="2024-04-25T06:18:28.882108" elapsed="0.000297"/>
</kw>
<var name="${key}">name</var>
<status status="PASS" start="2024-04-25T06:18:28.879615" elapsed="0.003115"/>
</iter>
<iter>
<kw name="Dictionary Should Contain Key" owner="Collections">
<msg time="2024-04-25T06:18:28.883845" level="INFO">False</msg>
<arg>${json_data['results'][0]}</arg>
<arg>${key}</arg>
<doc>Fails if ``key`` is not found from ``dictionary``.</doc>
<status status="PASS" start="2024-04-25T06:18:28.883208" elapsed="0.000699"/>
</kw>
<kw name="Log" owner="BuiltIn">
<msg time="2024-04-25T06:18:28.885017" level="INFO">{'gender': 'male', 'name': {'title': 'Mr', 'first': 'Joshua', 'last': 'Gautier'}, 'location': {'street': {'number': 67, 'name': 'Rue des Abbesses'}, 'city': 'Brest', 'state': "Val-D'Oise", 'country': 'France', 'postcode': 90916, 'coordinates': {'latitude': '-14.3539', 'longitude': '-159.0873'}, 'timezone': {'offset': '-2:00', 'description': 'Mid-Atlantic'}}, 'email': 'joshua.gautier@example.com', 'login': {'uuid': '6550a3ee-700f-411e-a6ee-e0034e236bfd', 'username': 'tinytiger941', 'password': 'gothic', 'salt': 'Bba9gh4z', 'md5': '675d263facbb6236b431ca4933cf2c67', 'sha1': 'f852aa223f8a20fcb2846103a86ecb1bd4323de5', 'sha256': '4a7597d83d8d6396bcdf9feb207f362592033ef9bb7b079803810b555561d4ab'}, 'dob': {'date': '1944-11-22T07:12:28.640Z', 'age': 79}, 'registered': {'date': '2002-05-09T04:56:59.776Z', 'age': 21}, 'phone': '02-91-14-79-81', 'cell': '06-68-34-05-80', 'id': {'name': 'INSEE', 'value': '1441062379753 65'}, 'picture': {'large': 'https://randomuser.me/api/portraits/men/19.jpg', 'medium': 'https://randomuser.me/api/portraits/med/men/19.jpg', 'thumbnail': 'https://randomuser.me/api/portraits/thumb/men/19.jpg'}, 'nat': 'FR'}</msg>
<arg>${json_data['results'][0]}</arg>
<doc>Logs the given message with the given level.</doc>
<status status="PASS" start="2024-04-25T06:18:28.884379" elapsed="0.000717"/>
</kw>
<kw name="Log" owner="BuiltIn">
<msg time="2024-04-25T06:18:28.885746" level="INFO">location</msg>
<arg>${key}</arg>
<doc>Logs the given message with the given level.</doc>
<status status="PASS" start="2024-04-25T06:18:28.885543" elapsed="0.000272"/>
</kw>
<var name="${key}">location</var>
<status status="PASS" start="2024-04-25T06:18:28.883024" elapsed="0.003152"/>
</iter>
<iter>
<kw name="Dictionary Should Contain Key" owner="Collections">
<msg time="2024-04-25T06:18:28.887326" level="INFO">False</msg>
<arg>${json_data['results'][0]}</arg>
<arg>${key}</arg>
<doc>Fails if ``key`` is not found from ``dictionary``.</doc>
<status status="PASS" start="2024-04-25T06:18:28.886664" elapsed="0.000721"/>
</kw>
<kw name="Log" owner="BuiltIn">
<msg time="2024-04-25T06:18:28.888375" level="INFO">{'gender': 'male', 'name': {'title': 'Mr', 'first': 'Joshua', 'last': 'Gautier'}, 'location': {'street': {'number': 67, 'name': 'Rue des Abbesses'}, 'city': 'Brest', 'state': "Val-D'Oise", 'country': 'France', 'postcode': 90916, 'coordinates': {'latitude': '-14.3539', 'longitude': '-159.0873'}, 'timezone': {'offset': '-2:00', 'description': 'Mid-Atlantic'}}, 'email': 'joshua.gautier@example.com', 'login': {'uuid': '6550a3ee-700f-411e-a6ee-e0034e236bfd', 'username': 'tinytiger941', 'password': 'gothic', 'salt': 'Bba9gh4z', 'md5': '675d263facbb6236b431ca4933cf2c67', 'sha1': 'f852aa223f8a20fcb2846103a86ecb1bd4323de5', 'sha256': '4a7597d83d8d6396bcdf9feb207f362592033ef9bb7b079803810b555561d4ab'}, 'dob': {'date': '1944-11-22T07:12:28.640Z', 'age': 79}, 'registered': {'date': '2002-05-09T04:56:59.776Z', 'age': 21}, 'phone': '02-91-14-79-81', 'cell': '06-68-34-05-80', 'id': {'name': 'INSEE', 'value': '1441062379753 65'}, 'picture': {'large': 'https://randomuser.me/api/portraits/men/19.jpg', 'medium': 'https://randomuser.me/api/portraits/med/men/19.jpg', 'thumbnail': 'https://randomuser.me/api/portraits/thumb/men/19.jpg'}, 'nat': 'FR'}</msg>
<arg>${json_data['results'][0]}</arg>
<doc>Logs the given message with the given level.</doc>
<status status="PASS" start="2024-04-25T06:18:28.887807" elapsed="0.000644"/>
</kw>
<kw name="Log" owner="BuiltIn">
<msg time="2024-04-25T06:18:28.889080" level="INFO">email</msg>
<arg>${key}</arg>
<doc>Logs the given message with the given level.</doc>
<status status="PASS" start="2024-04-25T06:18:28.888899" elapsed="0.000238"/>
</kw>
<var name="${key}">email</var>
<status status="PASS" start="2024-04-25T06:18:28.886474" elapsed="0.002972"/>
</iter>
<iter>
<kw name="Dictionary Should Contain Key" owner="Collections">
<msg time="2024-04-25T06:18:28.890480" level="INFO">False</msg>
<arg>${json_data['results'][0]}</arg>
<arg>${key}</arg>
<doc>Fails if ``key`` is not found from ``dictionary``.</doc>
<status status="PASS" start="2024-04-25T06:18:28.889865" elapsed="0.000674"/>
</kw>
<kw name="Log" owner="BuiltIn">
<msg time="2024-04-25T06:18:28.891370" level="INFO">{'gender': 'male', 'name': {'title': 'Mr', 'first': 'Joshua', 'last': 'Gautier'}, 'location': {'street': {'number': 67, 'name': 'Rue des Abbesses'}, 'city': 'Brest', 'state': "Val-D'Oise", 'country': 'France', 'postcode': 90916, 'coordinates': {'latitude': '-14.3539', 'longitude': '-159.0873'}, 'timezone': {'offset': '-2:00', 'description': 'Mid-Atlantic'}}, 'email': 'joshua.gautier@example.com', 'login': {'uuid': '6550a3ee-700f-411e-a6ee-e0034e236bfd', 'username': 'tinytiger941', 'password': 'gothic', 'salt': 'Bba9gh4z', 'md5': '675d263facbb6236b431ca4933cf2c67', 'sha1': 'f852aa223f8a20fcb2846103a86ecb1bd4323de5', 'sha256': '4a7597d83d8d6396bcdf9feb207f362592033ef9bb7b079803810b555561d4ab'}, 'dob': {'date': '1944-11-22T07:12:28.640Z', 'age': 79}, 'registered': {'date': '2002-05-09T04:56:59.776Z', 'age': 21}, 'phone': '02-91-14-79-81', 'cell': '06-68-34-05-80', 'id': {'name': 'INSEE', 'value': '1441062379753 65'}, 'picture': {'large': 'https://randomuser.me/api/portraits/men/19.jpg', 'medium': 'https://randomuser.me/api/portraits/med/men/19.jpg', 'thumbnail': 'https://randomuser.me/api/portraits/thumb/men/19.jpg'}, 'nat': 'FR'}</msg>
<arg>${json_data['results'][0]}</arg>
<doc>Logs the given message with the given level.</doc>
<status status="PASS" start="2024-04-25T06:18:28.890966" elapsed="0.000453"/>
</kw>
<kw name="Log" owner="BuiltIn">
<msg time="2024-04-25T06:18:28.891866" level="INFO">login</msg>
<arg>${key}</arg>
<doc>Logs the given message with the given level.</doc>
<status status="PASS" start="2024-04-25T06:18:28.891735" elapsed="0.000170"/>
</kw>
<var name="${key}">login</var>
<status status="PASS" start="2024-04-25T06:18:28.889697" elapsed="0.002425"/>
</iter>
<var>${key}</var>
<value>@{expected_keys}</value>
<status status="PASS" start="2024-04-25T06:18:28.876984" elapsed="0.015292"/>
</for>
<kw name="Create List" owner="BuiltIn">
<msg time="2024-04-25T06:18:28.892659" level="INFO">${expected_keysTwo} = ['username', 'password']</msg>
<var>${expected_keysTwo}</var>
<arg>username</arg>
<arg>password</arg>
<doc>Returns a list containing given items.</doc>
<status status="PASS" start="2024-04-25T06:18:28.892479" elapsed="0.000205"/>
</kw>
<for flavor="IN">
<iter>
<kw name="Dictionary Should Contain Key" owner="Collections">
<msg time="2024-04-25T06:18:28.893601" level="INFO">False</msg>
<arg>${json_data['results'][0]['login']}</arg>
<arg>${keyTwo}</arg>
<doc>Fails if ``key`` is not found from ``dictionary``.</doc>
<status status="PASS" start="2024-04-25T06:18:28.893210" elapsed="0.000429"/>
</kw>
<kw name="Dictionary Should Contain Key" owner="Collections">
<msg time="2024-04-25T06:18:28.894327" level="INFO">False</msg>
<arg>${json_data['results'][0]['login']}</arg>
<arg>${keyTwo}</arg>
<doc>Fails if ``key`` is not found from ``dictionary``.</doc>
<status status="PASS" start="2024-04-25T06:18:28.893930" elapsed="0.000434"/>
</kw>
<kw name="Log" owner="BuiltIn">
<msg time="2024-04-25T06:18:28.894779" level="INFO">username</msg>
<arg>${keyTwo}</arg>
<doc>Logs the given message with the given level.</doc>
<status status="PASS" start="2024-04-25T06:18:28.894653" elapsed="0.000168"/>
</kw>
<var name="${keyTwo}">username</var>
<status status="PASS" start="2024-04-25T06:18:28.893101" elapsed="0.001933"/>
</iter>
<iter>
<kw name="Dictionary Should Contain Key" owner="Collections">
<msg time="2024-04-25T06:18:28.895703" level="INFO">False</msg>
<arg>${json_data['results'][0]['login']}</arg>
<arg>${keyTwo}</arg>
<doc>Fails if ``key`` is not found from ``dictionary``.</doc>
<status status="PASS" start="2024-04-25T06:18:28.895317" elapsed="0.000428"/>
</kw>
<kw name="Dictionary Should Contain Key" owner="Collections">
<msg time="2024-04-25T06:18:28.896496" level="INFO">False</msg>
<arg>${json_data['results'][0]['login']}</arg>
<arg>${keyTwo}</arg>
<doc>Fails if ``key`` is not found from ``dictionary``.</doc>
<status status="PASS" start="2024-04-25T06:18:28.896040" elapsed="0.000496"/>
</kw>
<kw name="Log" owner="BuiltIn">
<msg time="2024-04-25T06:18:28.896994" level="INFO">password</msg>
<arg>${keyTwo}</arg>
<doc>Logs the given message with the given level.</doc>
<status status="PASS" start="2024-04-25T06:18:28.896865" elapsed="0.000165"/>
</kw>
<var name="${keyTwo}">password</var>
<status status="PASS" start="2024-04-25T06:18:28.895203" elapsed="0.002040"/>
</iter>
<var>${keyTwo}</var>
<value>@{expected_keysTwo}</value>
<status status="PASS" start="2024-04-25T06:18:28.892930" elapsed="0.004432"/>
</for>
<status status="PASS" start="2024-04-25T06:18:28.778529" elapsed="0.118972"/>
</kw>
<doc>Testa a estrutura da resposta da API.</doc>
<tag>testeEstruturaResposta</tag>
<status status="PASS" start="2024-04-25T06:18:28.778039" elapsed="0.119630"/>
</test>
<test id="s1-s1-t4" name="Validar tipos de dados" line="28">
<kw name="Teste de Tipos de Dados" owner="random-user-service">
<kw name="GET On Session" owner="RequestsLibrary">
<msg time="2024-04-25T06:18:28.987823" level="INFO">GET Request : url=https://randomuser.me/api 
 path_url=/api 
 headers={'User-Agent': 'python-requests/2.31.0', 'Accept-Encoding': 'gzip, deflate', 'Accept': '*/*', 'Connection': 'keep-alive'} 
 body=None 
 </msg>
<msg time="2024-04-25T06:18:28.987928" level="INFO">GET Response : url=https://randomuser.me/api 
 status=200, reason=OK 
 headers={'Date': 'Thu, 25 Apr 2024 06:18:28 GMT', 'Content-Type': 'application/json; charset=utf-8', 'Transfer-Encoding': 'chunked', 'Connection': 'keep-alive', 'X-Powered-By': 'Express', 'Access-Control-Allow-Origin': '*', 'Cache-Control': 'no-cache', 'ETag': 'W/"489-nvO353Z+owyqiR8Q5OSNYstMo6w"', 'Vary': 'Accept-Encoding', 'Content-Encoding': 'gzip', 'CF-Cache-Status': 'DYNAMIC', 'Report-To': '{"endpoints":[{"url":"https:\\/\\/a.nel.cloudflare.com\\/report\\/v4?s=9M9hoVnIdeMPcObz36OGM7fOoN5zuUXrOVIi16PjFhtdLfhlges65Lekpvqe39XDIVFfpd%2FPKq9UVYL%2FgqHZNc6EqijNlRB6NtirDBrWJa4T1q7vcm0zUIWQPhzxiDCj"}],"group":"cf-nel","max_age":604800}', 'NEL': '{"success_fraction":0,"report_to":"cf-nel","max_age":604800}', 'Server': 'cloudflare', 'CF-RAY': '879c374aa880176a-SJC', 'alt-svc': 'h3=":443"; ma=86400'} 
 body={"results":[{"gender":"male","name":{"title":"Mr","first":"Edward","last":"Mitchelle"},"location":{"street":{"number":2343,"name":"Rochestown Road"},"city":"Buncrana","state":"Kildare","country":"Ireland","postcode":39185,"coordinates":{"latitude":"-1.3354","longitude":"-37.1546"},"timezone":{"offset":"+7:00","description":"Bangkok, Hanoi, Jakarta"}},"email":"edward.mitchelle@example.com","login":{"uuid":"49d3b265-6608-4659-9f31-eac26baf3381","username":"brownbutterfly938","password":"washingt","salt":"yxdHzuJM","md5":"0b91f84e56f531bd1ab9508d29b9c76f","sha1":"bfcfa8f7de0c81c9e6c65dc7f4e94202a1d9f03e","sha256":"4791eafd42573e12f8c9b9b3299ba49d6a34d9ca1d8ce0a7bb14ef60b1084dd3"},"dob":{"date":"1980-11-09T06:48:34.458Z","age":43},"registered":{"date":"2018-03-11T08:16:43.909Z","age":6},"phone":"031-669-2250","cell":"081-318-4341","id":{"name":"PPS","value":"1688971T"},"picture":{"large":"https://randomuser.me/api/portraits/men/16.jpg","medium":"https://randomuser.me/api/portraits/med/men/16.jpg","thumbnail":"https://randomuser.me/api/portraits/thumb/men/16.jpg"},"nat":"IE"}],"info":{"seed":"d1392a7236328208","results":1,"page":1,"version":"1.4"}} 
 </msg>
<msg time="2024-04-25T06:18:28.988007" level="INFO">/opt/hostedtoolcache/Python/3.12.3/x64/lib/python3.12/site-packages/urllib3/connectionpool.py:1103: InsecureRequestWarning: Unverified HTTPS request is being made to host 'randomuser.me'. Adding certificate verification is strongly advised. See: https://urllib3.readthedocs.io/en/latest/advanced-usage.html#tls-warnings
  warnings.warn(</msg>
<msg time="2024-04-25T06:18:28.988149" level="INFO">${response} = &lt;Response [200]&gt;</msg>
<var>${response}</var>
<arg>consultarAPI</arg>
<arg>/api</arg>
<doc>Sends a GET request on a previously created HTTP Session.</doc>
<status status="PASS" start="2024-04-25T06:18:28.900136" elapsed="0.088055"/>
</kw>
<kw name="Set Variable" owner="BuiltIn">
<msg time="2024-04-25T06:18:28.989393" level="INFO">${json_data} = {'results': [{'gender': 'male', 'name': {'title': 'Mr', 'first': 'Edward', 'last': 'Mitchelle'}, 'location': {'street': {'number': 2343, 'name': 'Rochestown Road'}, 'city': 'Buncrana', 'state': 'Kilda...</msg>
<var>${json_data}</var>
<arg>${response.json()}</arg>
<doc>Returns the given values which can then be assigned to a variables.</doc>
<status status="PASS" start="2024-04-25T06:18:28.988838" elapsed="0.000584"/>
</kw>
<kw name="Log" owner="BuiltIn">
<msg time="2024-04-25T06:18:28.989893" level="INFO">{'results': [{'gender': 'male', 'name': {'title': 'Mr', 'first': 'Edward', 'last': 'Mitchelle'}, 'location': {'street': {'number': 2343, 'name': 'Rochestown Road'}, 'city': 'Buncrana', 'state': 'Kildare', 'country': 'Ireland', 'postcode': 39185, 'coordinates': {'latitude': '-1.3354', 'longitude': '-37.1546'}, 'timezone': {'offset': '+7:00', 'description': 'Bangkok, Hanoi, Jakarta'}}, 'email': 'edward.mitchelle@example.com', 'login': {'uuid': '49d3b265-6608-4659-9f31-eac26baf3381', 'username': 'brownbutterfly938', 'password': 'washingt', 'salt': 'yxdHzuJM', 'md5': '0b91f84e56f531bd1ab9508d29b9c76f', 'sha1': 'bfcfa8f7de0c81c9e6c65dc7f4e94202a1d9f03e', 'sha256': '4791eafd42573e12f8c9b9b3299ba49d6a34d9ca1d8ce0a7bb14ef60b1084dd3'}, 'dob': {'date': '1980-11-09T06:48:34.458Z', 'age': 43}, 'registered': {'date': '2018-03-11T08:16:43.909Z', 'age': 6}, 'phone': '031-669-2250', 'cell': '081-318-4341', 'id': {'name': 'PPS', 'value': '1688971T'}, 'picture': {'large': 'https://randomuser.me/api/portraits/men/16.jpg', 'medium': 'https://randomuser.me/api/portraits/med/men/16.jpg', 'thumbnail': 'https://randomuser.me/api/portraits/thumb/men/16.jpg'}, 'nat': 'IE'}], 'info': {'seed': 'd1392a7236328208', 'results': 1, 'page': 1, 'version': '1.4'}}</msg>
<arg>${json_data}</arg>
<doc>Logs the given message with the given level.</doc>
<status status="PASS" start="2024-04-25T06:18:28.989732" elapsed="0.000244"/>
</kw>
<kw name="Should Be String" owner="String">
<arg>${json_data['results'][0]['gender']}</arg>
<doc>Fails if the given ``item`` is not a string.</doc>
<status status="PASS" start="2024-04-25T06:18:28.990278" elapsed="0.000362"/>
</kw>
<kw name="Should Match Regexp" owner="BuiltIn">
<arg>${json_data['results'][0]['email']}</arg>
<arg>^[a-zA-Z0-9._%+-]+@[a-zA-Z0-9.-]+\.[a-zA-Z]{2,}$</arg>
<doc>Fails if ``string`` does not match ``pattern`` as a regular expression.</doc>
<status status="PASS" start="2024-04-25T06:18:28.990832" elapsed="0.000512"/>
</kw>
<kw name="Should Match Regexp" owner="BuiltIn">
<arg>${json_data['results'][0]['dob']['date']}</arg>
<arg>\\d{4}-\\d{2}-\\d{2}T\\d{2}:\\d{2}:\\d{2}\\.\\d{3}Z</arg>
<doc>Fails if ``string`` does not match ``pattern`` as a regular expression.</doc>
<status status="PASS" start="2024-04-25T06:18:28.991538" elapsed="0.000498"/>
</kw>
<kw name="Should Match Regexp" owner="BuiltIn">
<arg>${json_data['results'][0]['registered']['date']}</arg>
<arg>\\d{4}-\\d{2}-\\d{2}T\\d{2}:\\d{2}:\\d{2}\\.\\d{3}Z</arg>
<doc>Fails if ``string`` does not match ``pattern`` as a regular expression.</doc>
<status status="PASS" start="2024-04-25T06:18:28.992235" elapsed="0.000388"/>
</kw>
<kw name="Should Match Regexp" owner="BuiltIn">
<arg>${json_data['results'][0]['picture']['large']}</arg>
<arg>^https?://.*\.(?:png|jpe?g|gif|bmp)$</arg>
<doc>Fails if ``string`` does not match ``pattern`` as a regular expression.</doc>
<status status="PASS" start="2024-04-25T06:18:28.992816" elapsed="0.000455"/>
</kw>
<kw name="Should Match Regexp" owner="BuiltIn">
<arg>${json_data['results'][0]['picture']['medium']}</arg>
<arg>^https?://.*\.(?:png|jpe?g|gif|bmp)$</arg>
<doc>Fails if ``string`` does not match ``pattern`` as a regular expression.</doc>
<status status="PASS" start="2024-04-25T06:18:28.993463" elapsed="0.000369"/>
</kw>
<kw name="Should Match Regexp" owner="BuiltIn">
<arg>${json_data['results'][0]['picture']['thumbnail']}</arg>
<arg>^https?://.*\.(?:png|jpe?g|gif|bmp)$</arg>
<doc>Fails if ``string`` does not match ``pattern`` as a regular expression.</doc>
<status status="PASS" start="2024-04-25T06:18:28.994020" elapsed="0.000356"/>
</kw>
<kw name="Log" owner="BuiltIn">
<msg time="2024-04-25T06:18:28.994873" level="INFO">{'large': 'https://randomuser.me/api/portraits/men/16.jpg', 'medium': 'https://randomuser.me/api/portraits/med/men/16.jpg', 'thumbnail': 'https://randomuser.me/api/portraits/thumb/men/16.jpg'}</msg>
<arg>${json_data['results'][0]['picture']}</arg>
<doc>Logs the given message with the given level.</doc>
<status status="PASS" start="2024-04-25T06:18:28.994554" elapsed="0.000369"/>
</kw>
<status status="PASS" start="2024-04-25T06:18:28.899910" elapsed="0.095266"/>
</kw>
<kw name="Teste de Tipos de Dados - Postcode" owner="random-user-service">
<kw name="GET On Session" owner="RequestsLibrary">
<msg time="2024-04-25T06:18:29.092496" level="INFO">GET Request : url=https://randomuser.me/api 
 path_url=/api 
 headers={'User-Agent': 'python-requests/2.31.0', 'Accept-Encoding': 'gzip, deflate', 'Accept': '*/*', 'Connection': 'keep-alive'} 
 body=None 
 </msg>
<msg time="2024-04-25T06:18:29.092615" level="INFO">GET Response : url=https://randomuser.me/api 
 status=200, reason=OK 
 headers={'Date': 'Thu, 25 Apr 2024 06:18:29 GMT', 'Content-Type': 'application/json; charset=utf-8', 'Transfer-Encoding': 'chunked', 'Connection': 'keep-alive', 'X-Powered-By': 'Express', 'Access-Control-Allow-Origin': '*', 'Cache-Control': 'no-cache', 'ETag': 'W/"499-rjZSskG2RfP26HE2veud2wbYYkY"', 'Vary': 'Accept-Encoding', 'Content-Encoding': 'gzip', 'CF-Cache-Status': 'DYNAMIC', 'Report-To': '{"endpoints":[{"url":"https:\\/\\/a.nel.cloudflare.com\\/report\\/v4?s=dxVbt6iHAzhDTZ6sD9Vg93nyXpgzB0O5BEM8%2FioOA3bEINAU9AOLzxDaeyEh7TvRMFeSxrafyiq49YAN0LGg7axH1l8lV40vSvF%2Btx60TM0XGxnN%2BTaABSjBEOwb2LBJ"}],"group":"cf-nel","max_age":604800}', 'NEL': '{"success_fraction":0,"report_to":"cf-nel","max_age":604800}', 'Server': 'cloudflare', 'CF-RAY': '879c374b393c176a-SJC', 'alt-svc': 'h3=":443"; ma=86400'} 
 body={"results":[{"gender":"female","name":{"title":"Miss","first":"Erlese","last":"Gomes"},"location":{"street":{"number":2265,"name":"Rua Onze "},"city":"Olinda","state":"Amazonas","country":"Brazil","postcode":20595,"coordinates":{"latitude":"-73.6666","longitude":"41.3016"},"timezone":{"offset":"-5:00","description":"Eastern Time (US &amp; Canada), Bogota, Lima"}},"email":"erlese.gomes@example.com","login":{"uuid":"47433692-1fec-4b06-a76c-0bd41857f1ee","username":"smallbird765","password":"hammer1","salt":"86VRaz7E","md5":"759b7e93aab6b88c6b34b9bb42d3e4d6","sha1":"e913aed5b626e992c365653a6bef29abdab750c6","sha256":"0883fb2edd86038bcfab7a221ea4723421bb1aefdba9d7e0e291a1affee15a6e"},"dob":{"date":"1993-01-16T22:41:30.347Z","age":31},"registered":{"date":"2007-07-20T13:31:48.004Z","age":16},"phone":"(53) 4919-9122","cell":"(39) 5509-4219","id":{"name":"CPF","value":"942.096.861-01"},"picture":{"large":"https://randomuser.me/api/portraits/women/12.jpg","medium":"https://randomuser.me/api/portraits/med/women/12.jpg","thumbnail":"https://randomuser.me/api/portraits/thumb/women/12.jpg"},"nat":"BR"}],"info":{"seed":"3e604ebb290738ac","results":1,"page":1,"version":"1.4"}} 
 </msg>
<msg time="2024-04-25T06:18:29.092692" level="INFO">/opt/hostedtoolcache/Python/3.12.3/x64/lib/python3.12/site-packages/urllib3/connectionpool.py:1103: InsecureRequestWarning: Unverified HTTPS request is being made to host 'randomuser.me'. Adding certificate verification is strongly advised. See: https://urllib3.readthedocs.io/en/latest/advanced-usage.html#tls-warnings
  warnings.warn(</msg>
<msg time="2024-04-25T06:18:29.092813" level="INFO">${response} = &lt;Response [200]&gt;</msg>
<var>${response}</var>
<arg>consultarAPI</arg>
<arg>/api</arg>
<doc>Sends a GET request on a previously created HTTP Session.</doc>
<status status="PASS" start="2024-04-25T06:18:28.995637" elapsed="0.097215"/>
</kw>
<kw name="Set Variable" owner="BuiltIn">
<msg time="2024-04-25T06:18:29.094037" level="INFO">${json_data} = {'results': [{'gender': 'female', 'name': {'title': 'Miss', 'first': 'Erlese', 'last': 'Gomes'}, 'location': {'street': {'number': 2265, 'name': 'Rua Onze '}, 'city': 'Olinda', 'state': 'Amazonas', 'c...</msg>
<var>${json_data}</var>
<arg>${response.json()}</arg>
<doc>Returns the given values which can then be assigned to a variables.</doc>
<status status="PASS" start="2024-04-25T06:18:29.093464" elapsed="0.000601"/>
</kw>
<kw name="Log" owner="BuiltIn">
<msg time="2024-04-25T06:18:29.094529" level="INFO">{'results': [{'gender': 'female', 'name': {'title': 'Miss', 'first': 'Erlese', 'last': 'Gomes'}, 'location': {'street': {'number': 2265, 'name': 'Rua Onze '}, 'city': 'Olinda', 'state': 'Amazonas', 'country': 'Brazil', 'postcode': 20595, 'coordinates': {'latitude': '-73.6666', 'longitude': '41.3016'}, 'timezone': {'offset': '-5:00', 'description': 'Eastern Time (US &amp; Canada), Bogota, Lima'}}, 'email': 'erlese.gomes@example.com', 'login': {'uuid': '47433692-1fec-4b06-a76c-0bd41857f1ee', 'username': 'smallbird765', 'password': 'hammer1', 'salt': '86VRaz7E', 'md5': '759b7e93aab6b88c6b34b9bb42d3e4d6', 'sha1': 'e913aed5b626e992c365653a6bef29abdab750c6', 'sha256': '0883fb2edd86038bcfab7a221ea4723421bb1aefdba9d7e0e291a1affee15a6e'}, 'dob': {'date': '1993-01-16T22:41:30.347Z', 'age': 31}, 'registered': {'date': '2007-07-20T13:31:48.004Z', 'age': 16}, 'phone': '(53) 4919-9122', 'cell': '(39) 5509-4219', 'id': {'name': 'CPF', 'value': '942.096.861-01'}, 'picture': {'large': 'https://randomuser.me/api/portraits/women/12.jpg', 'medium': 'https://randomuser.me/api/portraits/med/women/12.jpg', 'thumbnail': 'https://randomuser.me/api/portraits/thumb/women/12.jpg'}, 'nat': 'BR'}], 'info': {'seed': '3e604ebb290738ac', 'results': 1, 'page': 1, 'version': '1.4'}}</msg>
<arg>${json_data}</arg>
<doc>Logs the given message with the given level.</doc>
<status status="PASS" start="2024-04-25T06:18:29.094374" elapsed="0.000235"/>
</kw>
<kw name="Should Be Equal As Numbers" owner="BuiltIn">
<arg>${json_data['results'][0]['location']['postcode']}</arg>
<arg>${json_data['results'][0]['location']['postcode']}</arg>
<doc>Fails if objects are unequal after converting them to real numbers.</doc>
<status status="PASS" start="2024-04-25T06:18:29.094908" elapsed="0.000790"/>
</kw>
<kw name="Log" owner="BuiltIn">
<msg time="2024-04-25T06:18:29.096243" level="INFO">20595</msg>
<arg>${json_data['results'][0]['location']['postcode']}</arg>
<doc>Logs the given message with the given level.</doc>
<status status="PASS" start="2024-04-25T06:18:29.095900" elapsed="0.000391"/>
</kw>
<status status="PASS" start="2024-04-25T06:18:28.995402" elapsed="0.101165"/>
</kw>
<doc>Testa se os tipos de dados na resposta da API estão corretos.</doc>
<tag>testeTiposDados</tag>
<status status="PASS" start="2024-04-25T06:18:28.899469" elapsed="0.197296"/>
</test>
<test id="s1-s1-t5" name="Validar conteudo" line="35">
<kw name="Teste de Tipos de Conteudo" owner="random-user-service">
<kw name="GET On Session" owner="RequestsLibrary">
<msg time="2024-04-25T06:18:29.404150" level="INFO">GET Request : url=https://randomuser.me/api 
 path_url=/api 
 headers={'User-Agent': 'python-requests/2.31.0', 'Accept-Encoding': 'gzip, deflate', 'Accept': '*/*', 'Connection': 'keep-alive'} 
 body=None 
 </msg>
<msg time="2024-04-25T06:18:29.404247" level="INFO">GET Response : url=https://randomuser.me/api 
 status=200, reason=OK 
 headers={'Date': 'Thu, 25 Apr 2024 06:18:29 GMT', 'Content-Type': 'application/json; charset=utf-8', 'Transfer-Encoding': 'chunked', 'Connection': 'keep-alive', 'X-Powered-By': 'Express', 'Access-Control-Allow-Origin': '*', 'Cache-Control': 'no-cache', 'ETag': 'W/"497-MZu6QbjdlYs8yZZS8eZ+JlcReLw"', 'Vary': 'Accept-Encoding', 'Content-Encoding': 'gzip', 'CF-Cache-Status': 'DYNAMIC', 'Report-To': '{"endpoints":[{"url":"https:\\/\\/a.nel.cloudflare.com\\/report\\/v4?s=vStDiKffqpEi%2FPS59cfsxvubWegYaaK0FYY%2Bl3WNKwI68sTvtCZ9ElTkeeL6iyRHdofD4ORKml5x1569QaI37hhU53%2FxLxxGwtCbvlbUww%2FW4ijmITtzJzRpqFOjnZ2E"}],"group":"cf-nel","max_age":604800}', 'NEL': '{"success_fraction":0,"report_to":"cf-nel","max_age":604800}', 'Server': 'cloudflare', 'CF-RAY': '879c374bd9f5176a-SJC', 'alt-svc': 'h3=":443"; ma=86400'} 
 body={"results":[{"gender":"male","name":{"title":"Monsieur","first":"Kurt","last":"Aubert"},"location":{"street":{"number":8233,"name":"Rue Louis-Blanqui"},"city":"Bettingen","state":"Fribourg","country":"Switzerland","postcode":2905,"coordinates":{"latitude":"-60.2086","longitude":"-127.8733"},"timezone":{"offset":"+7:00","description":"Bangkok, Hanoi, Jakarta"}},"email":"kurt.aubert@example.com","login":{"uuid":"80dde139-31d2-4cf7-afa7-765c3845ff92","username":"purplekoala533","password":"wolverine","salt":"mgZiX0Ci","md5":"c90630604e6fc19fc8b401fa7d82949f","sha1":"3dd1ea7a3ce94f66fafe731a56a689a56a98f001","sha256":"a8fa59682a83e47a7442698012ba890eba02250f9333e7a8a2ed7e8e990c4133"},"dob":{"date":"1969-03-14T16:36:50.014Z","age":55},"registered":{"date":"2008-11-03T08:25:34.097Z","age":15},"phone":"077 339 95 16","cell":"075 184 71 91","id":{"name":"AVS","value":"756.9107.2079.35"},"picture":{"large":"https://randomuser.me/api/portraits/men/76.jpg","medium":"https://randomuser.me/api/portraits/med/men/76.jpg","thumbnail":"https://randomuser.me/api/portraits/thumb/men/76.jpg"},"nat":"CH"}],"info":{"seed":"1de9ad80e66a10d3","results":1,"page":1,"version":"1.4"}} 
 </msg>
<msg time="2024-04-25T06:18:29.404315" level="INFO">/opt/hostedtoolcache/Python/3.12.3/x64/lib/python3.12/site-packages/urllib3/connectionpool.py:1103: InsecureRequestWarning: Unverified HTTPS request is being made to host 'randomuser.me'. Adding certificate verification is strongly advised. See: https://urllib3.readthedocs.io/en/latest/advanced-usage.html#tls-warnings
  warnings.warn(</msg>
<msg time="2024-04-25T06:18:29.404441" level="INFO">${response} = &lt;Response [200]&gt;</msg>
<var>${response}</var>
<arg>consultarAPI</arg>
<arg>/api</arg>
<doc>Sends a GET request on a previously created HTTP Session.</doc>
<status status="PASS" start="2024-04-25T06:18:29.099293" elapsed="0.305189"/>
</kw>
<kw name="Set Variable" owner="BuiltIn">
<msg time="2024-04-25T06:18:29.405715" level="INFO">${json_data} = {'results': [{'gender': 'male', 'name': {'title': 'Monsieur', 'first': 'Kurt', 'last': 'Aubert'}, 'location': {'street': {'number': 8233, 'name': 'Rue Louis-Blanqui'}, 'city': 'Bettingen', 'state': 'F...</msg>
<var>${json_data}</var>
<arg>${response.json()}</arg>
<doc>Returns the given values which can then be assigned to a variables.</doc>
<status status="PASS" start="2024-04-25T06:18:29.405144" elapsed="0.000599"/>
</kw>
<kw name="Set Variable" owner="BuiltIn">
<msg time="2024-04-25T06:18:29.406433" level="INFO">${name_title} = Monsieur</msg>
<var>${name_title}</var>
<arg>${json_data["results"][0]["name"]["title"]}</arg>
<doc>Returns the given values which can then be assigned to a variables.</doc>
<status status="PASS" start="2024-04-25T06:18:29.406051" elapsed="0.000407"/>
</kw>
<kw name="Create List" owner="BuiltIn">
<msg time="2024-04-25T06:18:29.406898" level="INFO">${allowed_titles} = ['Mr', 'Ms', 'Miss', 'Mrs', 'Madame', 'Monsieur']</msg>
<var>${allowed_titles}</var>
<arg>Mr</arg>
<arg>Ms</arg>
<arg>Miss</arg>
<arg>Mrs</arg>
<arg>Madame</arg>
<arg>Monsieur</arg>
<doc>Returns a list containing given items.</doc>
<status status="PASS" start="2024-04-25T06:18:29.406751" elapsed="0.000172"/>
</kw>
<kw name="List Should Contain Value" owner="Collections">
<msg time="2024-04-25T06:18:29.407391" level="INFO">False</msg>
<arg>${allowed_titles}</arg>
<arg>${name_title}</arg>
<doc>Fails if the ``value`` is not found from ``list``.</doc>
<status status="PASS" start="2024-04-25T06:18:29.407221" elapsed="0.000205"/>
</kw>
<kw name="Set Variable" owner="BuiltIn">
<msg time="2024-04-25T06:18:29.408084" level="INFO">${name_country} = CH</msg>
<var>${name_country}</var>
<arg>${json_data["results"][0]["nat"]}</arg>
<doc>Returns the given values which can then be assigned to a variables.</doc>
<status status="PASS" start="2024-04-25T06:18:29.407706" elapsed="0.000403"/>
</kw>
<kw name="Create List" owner="BuiltIn">
<msg time="2024-04-25T06:18:29.409044" level="INFO">${list_country} = ['AD', 'AE', 'AF', 'AG', 'AI', 'AL', 'AM', 'AO', 'AQ', 'AR', 'AS', 'AT', 'AU', 'AW', 'AX', 'AZ', 'BA', 'BB', 'BD', 'BE', 'BF', 'BG', 'BH', 'BI', 'BJ', 'BL', 'BM', 'BN', 'BO', 'BQ', 'BR', 'BS', 'BT', '...</msg>
<var>${list_country}</var>
<arg>AD</arg>
<arg>AE</arg>
<arg>AF</arg>
<arg>AG</arg>
<arg>AI</arg>
<arg>AL</arg>
<arg>AM</arg>
<arg>AO</arg>
<arg>AQ</arg>
<arg>AR</arg>
<arg>AS</arg>
<arg>AT</arg>
<arg>AU</arg>
<arg>AW</arg>
<arg>AX</arg>
<arg>AZ</arg>
<arg>BA</arg>
<arg>BB</arg>
<arg>BD</arg>
<arg>BE</arg>
<arg>BF</arg>
<arg>BG</arg>
<arg>BH</arg>
<arg>BI</arg>
<arg>BJ</arg>
<arg>BL</arg>
<arg>BM</arg>
<arg>BN</arg>
<arg>BO</arg>
<arg>BQ</arg>
<arg>BR</arg>
<arg>BS</arg>
<arg>BT</arg>
<arg>BV</arg>
<arg>BW</arg>
<arg>BY</arg>
<arg>BZ</arg>
<arg>CA</arg>
<arg>CC</arg>
<arg>CD</arg>
<arg>CF</arg>
<arg>CG</arg>
<arg>CH</arg>
<arg>CI</arg>
<arg>CK</arg>
<arg>CL</arg>
<arg>CM</arg>
<arg>CN</arg>
<arg>CO</arg>
<arg>CR</arg>
<arg>CU</arg>
<arg>CV</arg>
<arg>CW</arg>
<arg>CX</arg>
<arg>CY</arg>
<arg>CZ</arg>
<arg>DE</arg>
<arg>DJ</arg>
<arg>DK</arg>
<arg>DM</arg>
<arg>DO</arg>
<arg>DZ</arg>
<arg>EC</arg>
<arg>EE</arg>
<arg>EG</arg>
<arg>EH</arg>
<arg>ER</arg>
<arg>ES</arg>
<arg>ET</arg>
<arg>FI</arg>
<arg>FJ</arg>
<arg>FK</arg>
<arg>FM</arg>
<arg>FO</arg>
<arg>FR</arg>
<arg>GA</arg>
<arg>GB</arg>
<arg>GD</arg>
<arg>GE</arg>
<arg>GF</arg>
<arg>GG</arg>
<arg>GH</arg>
<arg>GI</arg>
<arg>GL</arg>
<arg>GM</arg>
<arg>GN</arg>
<arg>GP</arg>
<arg>GQ</arg>
<arg>GR</arg>
<arg>GS</arg>
<arg>GT</arg>
<arg>GU</arg>
<arg>GW</arg>
<arg>GY</arg>
<arg>HK</arg>
<arg>HM</arg>
<arg>HN</arg>
<arg>HR</arg>
<arg>HT</arg>
<arg>HU</arg>
<arg>ID</arg>
<arg>IE</arg>
<arg>IL</arg>
<arg>IM</arg>
<arg>IN</arg>
<arg>IO</arg>
<arg>IQ</arg>
<arg>IR</arg>
<arg>IS</arg>
<arg>IT</arg>
<arg>JE</arg>
<arg>JM</arg>
<arg>JO</arg>
<arg>JP</arg>
<arg>KE</arg>
<arg>KG</arg>
<arg>KH</arg>
<arg>KI</arg>
<arg>KM</arg>
<arg>KN</arg>
<arg>KP</arg>
<arg>KR</arg>
<arg>KW</arg>
<arg>KY</arg>
<arg>KZ</arg>
<arg>LA</arg>
<arg>LB</arg>
<arg>LC</arg>
<arg>LI</arg>
<arg>LK</arg>
<arg>LR</arg>
<arg>LS</arg>
<arg>LT</arg>
<arg>LU</arg>
<arg>LV</arg>
<arg>LY</arg>
<arg>MA</arg>
<arg>MC</arg>
<arg>MD</arg>
<arg>ME</arg>
<arg>MF</arg>
<arg>MG</arg>
<arg>MH</arg>
<arg>MK</arg>
<arg>ML</arg>
<arg>MM</arg>
<arg>MN</arg>
<arg>MO</arg>
<arg>MP</arg>
<arg>MQ</arg>
<arg>MR</arg>
<arg>MS</arg>
<arg>MT</arg>
<arg>MU</arg>
<arg>MV</arg>
<arg>MW</arg>
<arg>MX</arg>
<arg>MY</arg>
<arg>MZ</arg>
<arg>NA</arg>
<arg>NC</arg>
<arg>NE</arg>
<arg>NF</arg>
<arg>NG</arg>
<arg>NI</arg>
<arg>NL</arg>
<arg>NO</arg>
<arg>NP</arg>
<arg>NR</arg>
<arg>NU</arg>
<arg>NZ</arg>
<arg>OM</arg>
<arg>PA</arg>
<arg>PE</arg>
<arg>PF</arg>
<arg>PG</arg>
<arg>PH</arg>
<arg>PK</arg>
<arg>PL</arg>
<arg>PM</arg>
<arg>PN</arg>
<arg>PR</arg>
<arg>PS</arg>
<arg>PT</arg>
<arg>PW</arg>
<arg>PY</arg>
<arg>QA</arg>
<arg>RE</arg>
<arg>RO</arg>
<arg>RS</arg>
<arg>RU</arg>
<arg>RW</arg>
<arg>SA</arg>
<arg>SB</arg>
<arg>SC</arg>
<arg>SD</arg>
<arg>SE</arg>
<arg>SG</arg>
<arg>SH</arg>
<arg>SI</arg>
<arg>SJ</arg>
<arg>SK</arg>
<arg>SL</arg>
<arg>SM</arg>
<arg>SN</arg>
<arg>SO</arg>
<arg>SR</arg>
<arg>SS</arg>
<arg>ST</arg>
<arg>SV</arg>
<arg>SX</arg>
<arg>SY</arg>
<arg>SZ</arg>
<arg>TC</arg>
<arg>TD</arg>
<arg>TF</arg>
<arg>TG</arg>
<arg>TH</arg>
<arg>TJ</arg>
<arg>TK</arg>
<arg>TL</arg>
<arg>TM</arg>
<arg>TN</arg>
<arg>TO</arg>
<arg>TR</arg>
<arg>TT</arg>
<arg>TV</arg>
<arg>TW</arg>
<arg>TZ</arg>
<arg>UA</arg>
<arg>UG</arg>
<arg>UM</arg>
<arg>US</arg>
<arg>UY</arg>
<arg>UZ</arg>
<arg>VA</arg>
<arg>VC</arg>
<arg>VE</arg>
<arg>VG</arg>
<arg>VI</arg>
<arg>VN</arg>
<arg>VU</arg>
<arg>WF</arg>
<arg>WS</arg>
<arg>XK</arg>
<arg>YE</arg>
<arg>YT</arg>
<arg>ZA</arg>
<arg>ZM</arg>
<arg>ZW</arg>
<doc>Returns a list containing given items.</doc>
<status status="PASS" start="2024-04-25T06:18:29.408409" elapsed="0.000686"/>
</kw>
<kw name="List Should Contain Value" owner="Collections">
<msg time="2024-04-25T06:18:29.410079" level="INFO">False</msg>
<arg>${list_country}</arg>
<arg>${name_country}</arg>
<doc>Fails if the ``value`` is not found from ``list``.</doc>
<status status="PASS" start="2024-04-25T06:18:29.409883" elapsed="0.000231"/>
</kw>
<kw name="Run Keyword If" owner="BuiltIn">
<kw name="Should Be True" owner="BuiltIn">
<arg>${True}</arg>
<doc>Fails if the given condition is not true.</doc>
<status status="PASS" start="2024-04-25T06:18:29.411172" elapsed="0.000141"/>
</kw>
<arg>${json_data["results"][0]["location"]["coordinates"]["latitude"]} &gt;= -90 and ${json_data["results"][0]["location"]["coordinates"]["latitude"]} &lt;= 90</arg>
<arg>Should Be True</arg>
<arg>${True}</arg>
<doc>Runs the given keyword with the given arguments, if ``condition`` is true.</doc>
<status status="PASS" start="2024-04-25T06:18:29.410419" elapsed="0.001016"/>
</kw>
<kw name="Run Keyword If" owner="BuiltIn">
<kw name="Should Be True" owner="BuiltIn">
<arg>${True}</arg>
<doc>Fails if the given condition is not true.</doc>
<status status="PASS" start="2024-04-25T06:18:29.412312" elapsed="0.000249"/>
</kw>
<arg>${json_data["results"][0]["location"]["coordinates"]["longitude"]} &gt;= -180 and ${json_data["results"][0]["location"]["coordinates"]["longitude"]} &lt;= 180</arg>
<arg>Should Be True</arg>
<arg>${True}</arg>
<doc>Runs the given keyword with the given arguments, if ``condition`` is true.</doc>
<status status="PASS" start="2024-04-25T06:18:29.411617" elapsed="0.001092"/>
</kw>
<status status="PASS" start="2024-04-25T06:18:29.099067" elapsed="0.313780"/>
</kw>
<doc>Testa o conteúdo específico dos campos retornados pela API.</doc>
<tag>testeConteudo</tag>
<status status="PASS" start="2024-04-25T06:18:29.098531" elapsed="0.314470"/>
</test>
<status status="PASS" start="2024-04-25T06:18:28.154144" elapsed="1.260882"/>
</suite>
<status status="PASS" start="2024-04-25T06:18:28.140356" elapsed="1.279901"/>
</suite>
<statistics>
<total>
<stat pass="5" fail="0" skip="0">All Tests</stat>
</total>
<tag>
<stat pass="1" fail="0" skip="0">testeConteudo</stat>
<stat pass="1" fail="0" skip="0">testeEstruturaResposta</stat>
<stat pass="1" fail="0" skip="0">testeRequisicaoBasica</stat>
<stat pass="1" fail="0" skip="0">testeTiposDados</stat>
</tag>
<suite>
<stat pass="5" fail="0" skip="0" id="s1" name="Tests">Tests</stat>
<stat pass="5" fail="0" skip="0" id="s1-s1" name="Random-User-Test">Tests.Random-User-Test</stat>
</suite>
</statistics>
<errors>
</errors>
</robot>
