<?xml version="1.0" encoding="UTF-8"?>
<robot generator="Robot 7.0 (Python 3.12.3 on linux)" generated="2024-05-15T08:18:34.444511" rpa="false" schemaversion="5">
<suite id="s1" name="Tests" source="/home/runner/work/DesafioQAItauRogerioJordao/DesafioQAItauRogerioJordao/RamdonUser/tests">
<suite id="s1-s1" name="Random-User-Test" source="/home/runner/work/DesafioQAItauRogerioJordao/DesafioQAItauRogerioJordao/RamdonUser/tests/random-user-test.robot">
<test id="s1-s1-t1" name="Conectar" line="13">
<kw name="Conectar API" owner="random-user-service">
<kw name="Create Session" owner="RequestsLibrary">
<msg time="2024-05-15T08:18:34.804469" level="INFO">Creating Session using : alias=consultarAPI, url=https://randomuser.me/, headers={},                     cookies={}, auth=None, timeout=None, proxies=None, verify=False,                     debug=0 </msg>
<arg>consultarAPI</arg>
<arg>${URL}</arg>
<doc>Create Session: create a HTTP session to a server</doc>
<status status="PASS" start="2024-05-15T08:18:34.804276" elapsed="0.000369"/>
</kw>
<status status="PASS" start="2024-05-15T08:18:34.803337" elapsed="0.001656"/>
</kw>
<status status="PASS" start="2024-05-15T08:18:34.802766" elapsed="0.002421"/>
</test>
<test id="s1-s1-t2" name="Validar retorno 200 e JSON Válido" line="16">
<kw name="Teste de Requisicao Basica" owner="random-user-service">
<kw name="GET On Session" owner="RequestsLibrary">
<msg time="2024-05-15T08:18:34.873842" level="INFO">GET Request : url=https://randomuser.me/api 
 path_url=/api 
 headers={'User-Agent': 'python-requests/2.31.0', 'Accept-Encoding': 'gzip, deflate', 'Accept': '*/*', 'Connection': 'keep-alive'} 
 body=None 
 </msg>
<msg time="2024-05-15T08:18:34.873966" level="INFO">GET Response : url=https://randomuser.me/api 
 status=200, reason=OK 
 headers={'Date': 'Wed, 15 May 2024 08:18:34 GMT', 'Content-Type': 'application/json; charset=utf-8', 'Transfer-Encoding': 'chunked', 'Connection': 'keep-alive', 'X-Powered-By': 'Express', 'Access-Control-Allow-Origin': '*', 'Cache-Control': 'no-cache', 'ETag': 'W/"4b8-U3fyMF1eIEHyhUW11ah+Ox+oy5g"', 'Vary': 'Accept-Encoding', 'Content-Encoding': 'gzip', 'CF-Cache-Status': 'DYNAMIC', 'Report-To': '{"endpoints":[{"url":"https:\\/\\/a.nel.cloudflare.com\\/report\\/v4?s=T99DAIgqrCs8yYQts62QlTdkH9%2F%2Fp8PrVJAllyU4FeVQO4hKG7qU3fXWtvqUcawQrIDcHaSaS7pb2FnvX6fWwhtPI27XpNJ%2BzRV3RQJ8pJTT05nVhJGkZrq%2Fu9KlfcXa"}],"group":"cf-nel","max_age":604800}', 'NEL': '{"success_fraction":0,"report_to":"cf-nel","max_age":604800}', 'Server': 'cloudflare', 'CF-RAY': '8841b2b7cb180824-IAD', 'alt-svc': 'h3=":443"; ma=86400'} 
 body={"results":[{"gender":"female","name":{"title":"Mademoiselle","first":"Louise","last":"Robert"},"location":{"street":{"number":2779,"name":"Rue de L'Église"},"city":"Niederhelfenschwil","state":"Ticino","country":"Switzerland","postcode":7562,"coordinates":{"latitude":"-63.4453","longitude":"99.0623"},"timezone":{"offset":"+5:00","description":"Ekaterinburg, Islamabad, Karachi, Tashkent"}},"email":"louise.robert@example.com","login":{"uuid":"9dba499c-4c2a-4c33-89de-f73286b5fc2b","username":"tinywolf536","password":"start1","salt":"WkQXmnGM","md5":"ad239c1cd3f1febec366b5d2c4af8e19","sha1":"76e0721bab295b0522f676d013a287d3739b678f","sha256":"34989f588594365800f4abd236157b1c7534c86b21d3c5a0aa5dbba2cb4d885f"},"dob":{"date":"1957-11-24T09:02:40.437Z","age":66},"registered":{"date":"2005-12-23T09:45:56.169Z","age":18},"phone":"076 971 79 34","cell":"075 798 32 30","id":{"name":"AVS","value":"756.0768.9915.79"},"picture":{"large":"https://randomuser.me/api/portraits/women/50.jpg","medium":"https://randomuser.me/api/portraits/med/women/50.jpg","thumbnail":"https://randomuser.me/api/portraits/thumb/women/50.jpg"},"nat":"CH"}],"info":{"seed":"b3a8080279c83b9d","results":1,"page":1,"version":"1.4"}} 
 </msg>
<msg time="2024-05-15T08:18:34.874083" level="INFO">/opt/hostedtoolcache/Python/3.12.3/x64/lib/python3.12/site-packages/urllib3/connectionpool.py:1103: InsecureRequestWarning: Unverified HTTPS request is being made to host 'randomuser.me'. Adding certificate verification is strongly advised. See: https://urllib3.readthedocs.io/en/latest/advanced-usage.html#tls-warnings
  warnings.warn(</msg>
<msg time="2024-05-15T08:18:34.874317" level="INFO">${response} = &lt;Response [200]&gt;</msg>
<var>${response}</var>
<arg>consultarAPI</arg>
<arg>/api</arg>
<doc>Sends a GET request on a previously created HTTP Session.</doc>
<status status="PASS" start="2024-05-15T08:18:34.807865" elapsed="0.066496"/>
</kw>
<kw name="Should Be Equal As Numbers" owner="BuiltIn">
<msg time="2024-05-15T08:18:34.875227" level="INFO">Argument types are:
&lt;class 'int'&gt;
&lt;class 'str'&gt;</msg>
<arg>${response.status_code}</arg>
<arg>200</arg>
<doc>Fails if objects are unequal after converting them to real numbers.</doc>
<status status="PASS" start="2024-05-15T08:18:34.874821" elapsed="0.000468"/>
</kw>
<kw name="Log" owner="BuiltIn">
<msg time="2024-05-15T08:18:34.875975" level="INFO">200</msg>
<arg>${response.status_code}</arg>
<doc>Logs the given message with the given level.</doc>
<status status="PASS" start="2024-05-15T08:18:34.875624" elapsed="0.000393"/>
</kw>
<kw name="Set Variable" owner="BuiltIn">
<msg time="2024-05-15T08:18:34.876767" level="INFO">${json_data} = {'results': [{'gender': 'female', 'name': {'title': 'Mademoiselle', 'first': 'Louise', 'last': 'Robert'}, 'location': {'street': {'number': 2779, 'name': "Rue de L'Église"}, 'city': 'Niederhelfenschwi...</msg>
<var>${json_data}</var>
<arg>${response.json()}</arg>
<doc>Returns the given values which can then be assigned to a variables.</doc>
<status status="PASS" start="2024-05-15T08:18:34.876321" elapsed="0.000475"/>
</kw>
<kw name="Dictionary Should Contain Key" owner="Collections">
<msg time="2024-05-15T08:18:34.877266" level="INFO">False</msg>
<arg>${json_data}</arg>
<arg>results</arg>
<doc>Fails if ``key`` is not found from ``dictionary``.</doc>
<status status="PASS" start="2024-05-15T08:18:34.877100" elapsed="0.000205"/>
</kw>
<status status="PASS" start="2024-05-15T08:18:34.807625" elapsed="0.069928"/>
</kw>
<doc>Testa se a API responde corretamente e retorna um objeto JSON válido.</doc>
<tag>testeRequisicaoBasica</tag>
<status status="PASS" start="2024-05-15T08:18:34.807113" elapsed="0.070657"/>
</test>
<test id="s1-s1-t3" name="Validar estrutura de resposta" line="22">
<kw name="Teste de Estrutura de Resposta" owner="random-user-service">
<kw name="GET On Session" owner="RequestsLibrary">
<msg time="2024-05-15T08:18:34.976955" level="INFO">GET Request : url=https://randomuser.me/api 
 path_url=/api 
 headers={'User-Agent': 'python-requests/2.31.0', 'Accept-Encoding': 'gzip, deflate', 'Accept': '*/*', 'Connection': 'keep-alive'} 
 body=None 
 </msg>
<msg time="2024-05-15T08:18:34.977033" level="INFO">GET Response : url=https://randomuser.me/api 
 status=200, reason=OK 
 headers={'Date': 'Wed, 15 May 2024 08:18:34 GMT', 'Content-Type': 'application/json; charset=utf-8', 'Transfer-Encoding': 'chunked', 'Connection': 'keep-alive', 'X-Powered-By': 'Express', 'Access-Control-Allow-Origin': '*', 'Cache-Control': 'no-cache', 'ETag': 'W/"4b4-UsffTJrEw6MRuQua3VqxuKlmfG4"', 'Vary': 'Accept-Encoding', 'Content-Encoding': 'gzip', 'CF-Cache-Status': 'DYNAMIC', 'Report-To': '{"endpoints":[{"url":"https:\\/\\/a.nel.cloudflare.com\\/report\\/v4?s=lptSgdnYIAy8ATct7P5VYJNVpgLUalIvP5HhobK9tNZmEvrcZxaciTMfM9JsccG%2Fbu9ZlniZl1UCZwHlwwsVbwjsZEyMeH92SpKXzun7OvVpZA1EsIers8YFqpas1jvl"}],"group":"cf-nel","max_age":604800}', 'NEL': '{"success_fraction":0,"report_to":"cf-nel","max_age":604800}', 'Server': 'cloudflare', 'CF-RAY': '8841b2b80b520824-IAD', 'alt-svc': 'h3=":443"; ma=86400'} 
 body={"results":[{"gender":"female","name":{"title":"Madame","first":"Susanna","last":"Caron"},"location":{"street":{"number":2448,"name":"Esplanade du 9 Novembre 1989"},"city":"Worben","state":"Solothurn","country":"Switzerland","postcode":6702,"coordinates":{"latitude":"-63.4547","longitude":"90.7327"},"timezone":{"offset":"+3:00","description":"Baghdad, Riyadh, Moscow, St. Petersburg"}},"email":"susanna.caron@example.com","login":{"uuid":"e28832fa-61c4-4a33-904e-17660fa33b5b","username":"whitebutterfly512","password":"conan","salt":"gWqOllLb","md5":"54bde7ed98722a83e203f966346bb99d","sha1":"d1c3960c141b13d0bca82e4112d0b9c66abebf29","sha256":"0e85d1db894a0a78577877976804a40425e2f720f11b4e8f9d5cd331bade8a67"},"dob":{"date":"1966-10-13T14:43:29.665Z","age":57},"registered":{"date":"2009-12-20T07:32:51.196Z","age":14},"phone":"076 263 76 44","cell":"077 725 80 89","id":{"name":"AVS","value":"756.8146.2089.60"},"picture":{"large":"https://randomuser.me/api/portraits/women/3.jpg","medium":"https://randomuser.me/api/portraits/med/women/3.jpg","thumbnail":"https://randomuser.me/api/portraits/thumb/women/3.jpg"},"nat":"CH"}],"info":{"seed":"c0fa334626278a93","results":1,"page":1,"version":"1.4"}} 
 </msg>
<msg time="2024-05-15T08:18:34.977145" level="INFO">/opt/hostedtoolcache/Python/3.12.3/x64/lib/python3.12/site-packages/urllib3/connectionpool.py:1103: InsecureRequestWarning: Unverified HTTPS request is being made to host 'randomuser.me'. Adding certificate verification is strongly advised. See: https://urllib3.readthedocs.io/en/latest/advanced-usage.html#tls-warnings
  warnings.warn(</msg>
<msg time="2024-05-15T08:18:34.977281" level="INFO">${response} = &lt;Response [200]&gt;</msg>
<var>${response}</var>
<arg>consultarAPI</arg>
<arg>/api</arg>
<doc>Sends a GET request on a previously created HTTP Session.</doc>
<status status="PASS" start="2024-05-15T08:18:34.880267" elapsed="0.097068"/>
</kw>
<kw name="Set Variable" owner="BuiltIn">
<msg time="2024-05-15T08:18:34.978187" level="INFO">${json_data} = {'results': [{'gender': 'female', 'name': {'title': 'Madame', 'first': 'Susanna', 'last': 'Caron'}, 'location': {'street': {'number': 2448, 'name': 'Esplanade du 9 Novembre 1989'}, 'city': 'Worben', '...</msg>
<var>${json_data}</var>
<arg>${response.json()}</arg>
<doc>Returns the given values which can then be assigned to a variables.</doc>
<status status="PASS" start="2024-05-15T08:18:34.977729" elapsed="0.000486"/>
</kw>
<kw name="Log" owner="BuiltIn">
<msg time="2024-05-15T08:18:34.978681" level="INFO">{'results': [{'gender': 'female', 'name': {'title': 'Madame', 'first': 'Susanna', 'last': 'Caron'}, 'location': {'street': {'number': 2448, 'name': 'Esplanade du 9 Novembre 1989'}, 'city': 'Worben', 'state': 'Solothurn', 'country': 'Switzerland', 'postcode': 6702, 'coordinates': {'latitude': '-63.4547', 'longitude': '90.7327'}, 'timezone': {'offset': '+3:00', 'description': 'Baghdad, Riyadh, Moscow, St. Petersburg'}}, 'email': 'susanna.caron@example.com', 'login': {'uuid': 'e28832fa-61c4-4a33-904e-17660fa33b5b', 'username': 'whitebutterfly512', 'password': 'conan', 'salt': 'gWqOllLb', 'md5': '54bde7ed98722a83e203f966346bb99d', 'sha1': 'd1c3960c141b13d0bca82e4112d0b9c66abebf29', 'sha256': '0e85d1db894a0a78577877976804a40425e2f720f11b4e8f9d5cd331bade8a67'}, 'dob': {'date': '1966-10-13T14:43:29.665Z', 'age': 57}, 'registered': {'date': '2009-12-20T07:32:51.196Z', 'age': 14}, 'phone': '076 263 76 44', 'cell': '077 725 80 89', 'id': {'name': 'AVS', 'value': '756.8146.2089.60'}, 'picture': {'large': 'https://randomuser.me/api/portraits/women/3.jpg', 'medium': 'https://randomuser.me/api/portraits/med/women/3.jpg', 'thumbnail': 'https://randomuser.me/api/portraits/thumb/women/3.jpg'}, 'nat': 'CH'}], 'info': {'seed': 'c0fa334626278a93', 'results': 1, 'page': 1, 'version': '1.4'}}</msg>
<arg>${json_data}</arg>
<doc>Logs the given message with the given level.</doc>
<status status="PASS" start="2024-05-15T08:18:34.978519" elapsed="0.000210"/>
</kw>
<kw name="Dictionary Should Contain Key" owner="Collections">
<msg time="2024-05-15T08:18:34.979186" level="INFO">False</msg>
<arg>${json_data}</arg>
<arg>results</arg>
<doc>Fails if ``key`` is not found from ``dictionary``.</doc>
<status status="PASS" start="2024-05-15T08:18:34.979035" elapsed="0.000189"/>
</kw>
<kw name="Should Not Be Empty" owner="BuiltIn">
<msg time="2024-05-15T08:18:34.979670" level="INFO">Length is 2.</msg>
<arg>${json_data}</arg>
<doc>Verifies that the given item is not empty.</doc>
<status status="PASS" start="2024-05-15T08:18:34.979538" elapsed="0.000170"/>
</kw>
<kw name="Create List" owner="BuiltIn">
<msg time="2024-05-15T08:18:34.980268" level="INFO">${expected_keys} = ['gender', 'name', 'location', 'email', 'login']</msg>
<var>${expected_keys}</var>
<arg>gender</arg>
<arg>name</arg>
<arg>location</arg>
<arg>email</arg>
<arg>login</arg>
<doc>Returns a list containing given items.</doc>
<status status="PASS" start="2024-05-15T08:18:34.979994" elapsed="0.000299"/>
</kw>
<for flavor="IN">
<iter>
<kw name="Dictionary Should Contain Key" owner="Collections">
<msg time="2024-05-15T08:18:34.981263" level="INFO">False</msg>
<arg>${json_data['results'][0]}</arg>
<arg>${key}</arg>
<doc>Fails if ``key`` is not found from ``dictionary``.</doc>
<status status="PASS" start="2024-05-15T08:18:34.980865" elapsed="0.000436"/>
</kw>
<kw name="Log" owner="BuiltIn">
<msg time="2024-05-15T08:18:34.981988" level="INFO">{'gender': 'female', 'name': {'title': 'Madame', 'first': 'Susanna', 'last': 'Caron'}, 'location': {'street': {'number': 2448, 'name': 'Esplanade du 9 Novembre 1989'}, 'city': 'Worben', 'state': 'Solothurn', 'country': 'Switzerland', 'postcode': 6702, 'coordinates': {'latitude': '-63.4547', 'longitude': '90.7327'}, 'timezone': {'offset': '+3:00', 'description': 'Baghdad, Riyadh, Moscow, St. Petersburg'}}, 'email': 'susanna.caron@example.com', 'login': {'uuid': 'e28832fa-61c4-4a33-904e-17660fa33b5b', 'username': 'whitebutterfly512', 'password': 'conan', 'salt': 'gWqOllLb', 'md5': '54bde7ed98722a83e203f966346bb99d', 'sha1': 'd1c3960c141b13d0bca82e4112d0b9c66abebf29', 'sha256': '0e85d1db894a0a78577877976804a40425e2f720f11b4e8f9d5cd331bade8a67'}, 'dob': {'date': '1966-10-13T14:43:29.665Z', 'age': 57}, 'registered': {'date': '2009-12-20T07:32:51.196Z', 'age': 14}, 'phone': '076 263 76 44', 'cell': '077 725 80 89', 'id': {'name': 'AVS', 'value': '756.8146.2089.60'}, 'picture': {'large': 'https://randomuser.me/api/portraits/women/3.jpg', 'medium': 'https://randomuser.me/api/portraits/med/women/3.jpg', 'thumbnail': 'https://randomuser.me/api/portraits/thumb/women/3.jpg'}, 'nat': 'CH'}</msg>
<arg>${json_data['results'][0]}</arg>
<doc>Logs the given message with the given level.</doc>
<status status="PASS" start="2024-05-15T08:18:34.981616" elapsed="0.000420"/>
</kw>
<kw name="Log" owner="BuiltIn">
<msg time="2024-05-15T08:18:34.982461" level="INFO">gender</msg>
<arg>${key}</arg>
<doc>Logs the given message with the given level.</doc>
<status status="PASS" start="2024-05-15T08:18:34.982335" elapsed="0.000163"/>
</kw>
<var name="${key}">gender</var>
<status status="PASS" start="2024-05-15T08:18:34.980741" elapsed="0.001981"/>
</iter>
<iter>
<kw name="Dictionary Should Contain Key" owner="Collections">
<msg time="2024-05-15T08:18:34.983410" level="INFO">False</msg>
<arg>${json_data['results'][0]}</arg>
<arg>${key}</arg>
<doc>Fails if ``key`` is not found from ``dictionary``.</doc>
<status status="PASS" start="2024-05-15T08:18:34.983021" elapsed="0.000457"/>
</kw>
<kw name="Log" owner="BuiltIn">
<msg time="2024-05-15T08:18:34.984145" level="INFO">{'gender': 'female', 'name': {'title': 'Madame', 'first': 'Susanna', 'last': 'Caron'}, 'location': {'street': {'number': 2448, 'name': 'Esplanade du 9 Novembre 1989'}, 'city': 'Worben', 'state': 'Solothurn', 'country': 'Switzerland', 'postcode': 6702, 'coordinates': {'latitude': '-63.4547', 'longitude': '90.7327'}, 'timezone': {'offset': '+3:00', 'description': 'Baghdad, Riyadh, Moscow, St. Petersburg'}}, 'email': 'susanna.caron@example.com', 'login': {'uuid': 'e28832fa-61c4-4a33-904e-17660fa33b5b', 'username': 'whitebutterfly512', 'password': 'conan', 'salt': 'gWqOllLb', 'md5': '54bde7ed98722a83e203f966346bb99d', 'sha1': 'd1c3960c141b13d0bca82e4112d0b9c66abebf29', 'sha256': '0e85d1db894a0a78577877976804a40425e2f720f11b4e8f9d5cd331bade8a67'}, 'dob': {'date': '1966-10-13T14:43:29.665Z', 'age': 57}, 'registered': {'date': '2009-12-20T07:32:51.196Z', 'age': 14}, 'phone': '076 263 76 44', 'cell': '077 725 80 89', 'id': {'name': 'AVS', 'value': '756.8146.2089.60'}, 'picture': {'large': 'https://randomuser.me/api/portraits/women/3.jpg', 'medium': 'https://randomuser.me/api/portraits/med/women/3.jpg', 'thumbnail': 'https://randomuser.me/api/portraits/thumb/women/3.jpg'}, 'nat': 'CH'}</msg>
<arg>${json_data['results'][0]}</arg>
<doc>Logs the given message with the given level.</doc>
<status status="PASS" start="2024-05-15T08:18:34.983786" elapsed="0.000406"/>
</kw>
<kw name="Log" owner="BuiltIn">
<msg time="2024-05-15T08:18:34.984612" level="INFO">name</msg>
<arg>${key}</arg>
<doc>Logs the given message with the given level.</doc>
<status status="PASS" start="2024-05-15T08:18:34.984485" elapsed="0.000164"/>
</kw>
<var name="${key}">name</var>
<status status="PASS" start="2024-05-15T08:18:34.982907" elapsed="0.001957"/>
</iter>
<iter>
<kw name="Dictionary Should Contain Key" owner="Collections">
<msg time="2024-05-15T08:18:34.985536" level="INFO">False</msg>
<arg>${json_data['results'][0]}</arg>
<arg>${key}</arg>
<doc>Fails if ``key`` is not found from ``dictionary``.</doc>
<status status="PASS" start="2024-05-15T08:18:34.985153" elapsed="0.000420"/>
</kw>
<kw name="Log" owner="BuiltIn">
<msg time="2024-05-15T08:18:34.986277" level="INFO">{'gender': 'female', 'name': {'title': 'Madame', 'first': 'Susanna', 'last': 'Caron'}, 'location': {'street': {'number': 2448, 'name': 'Esplanade du 9 Novembre 1989'}, 'city': 'Worben', 'state': 'Solothurn', 'country': 'Switzerland', 'postcode': 6702, 'coordinates': {'latitude': '-63.4547', 'longitude': '90.7327'}, 'timezone': {'offset': '+3:00', 'description': 'Baghdad, Riyadh, Moscow, St. Petersburg'}}, 'email': 'susanna.caron@example.com', 'login': {'uuid': 'e28832fa-61c4-4a33-904e-17660fa33b5b', 'username': 'whitebutterfly512', 'password': 'conan', 'salt': 'gWqOllLb', 'md5': '54bde7ed98722a83e203f966346bb99d', 'sha1': 'd1c3960c141b13d0bca82e4112d0b9c66abebf29', 'sha256': '0e85d1db894a0a78577877976804a40425e2f720f11b4e8f9d5cd331bade8a67'}, 'dob': {'date': '1966-10-13T14:43:29.665Z', 'age': 57}, 'registered': {'date': '2009-12-20T07:32:51.196Z', 'age': 14}, 'phone': '076 263 76 44', 'cell': '077 725 80 89', 'id': {'name': 'AVS', 'value': '756.8146.2089.60'}, 'picture': {'large': 'https://randomuser.me/api/portraits/women/3.jpg', 'medium': 'https://randomuser.me/api/portraits/med/women/3.jpg', 'thumbnail': 'https://randomuser.me/api/portraits/thumb/women/3.jpg'}, 'nat': 'CH'}</msg>
<arg>${json_data['results'][0]}</arg>
<doc>Logs the given message with the given level.</doc>
<status status="PASS" start="2024-05-15T08:18:34.985915" elapsed="0.000408"/>
</kw>
<kw name="Log" owner="BuiltIn">
<msg time="2024-05-15T08:18:34.986745" level="INFO">location</msg>
<arg>${key}</arg>
<doc>Logs the given message with the given level.</doc>
<status status="PASS" start="2024-05-15T08:18:34.986618" elapsed="0.000165"/>
</kw>
<var name="${key}">location</var>
<status status="PASS" start="2024-05-15T08:18:34.985040" elapsed="0.001959"/>
</iter>
<iter>
<kw name="Dictionary Should Contain Key" owner="Collections">
<msg time="2024-05-15T08:18:34.987671" level="INFO">False</msg>
<arg>${json_data['results'][0]}</arg>
<arg>${key}</arg>
<doc>Fails if ``key`` is not found from ``dictionary``.</doc>
<status status="PASS" start="2024-05-15T08:18:34.987283" elapsed="0.000425"/>
</kw>
<kw name="Log" owner="BuiltIn">
<msg time="2024-05-15T08:18:34.988361" level="INFO">{'gender': 'female', 'name': {'title': 'Madame', 'first': 'Susanna', 'last': 'Caron'}, 'location': {'street': {'number': 2448, 'name': 'Esplanade du 9 Novembre 1989'}, 'city': 'Worben', 'state': 'Solothurn', 'country': 'Switzerland', 'postcode': 6702, 'coordinates': {'latitude': '-63.4547', 'longitude': '90.7327'}, 'timezone': {'offset': '+3:00', 'description': 'Baghdad, Riyadh, Moscow, St. Petersburg'}}, 'email': 'susanna.caron@example.com', 'login': {'uuid': 'e28832fa-61c4-4a33-904e-17660fa33b5b', 'username': 'whitebutterfly512', 'password': 'conan', 'salt': 'gWqOllLb', 'md5': '54bde7ed98722a83e203f966346bb99d', 'sha1': 'd1c3960c141b13d0bca82e4112d0b9c66abebf29', 'sha256': '0e85d1db894a0a78577877976804a40425e2f720f11b4e8f9d5cd331bade8a67'}, 'dob': {'date': '1966-10-13T14:43:29.665Z', 'age': 57}, 'registered': {'date': '2009-12-20T07:32:51.196Z', 'age': 14}, 'phone': '076 263 76 44', 'cell': '077 725 80 89', 'id': {'name': 'AVS', 'value': '756.8146.2089.60'}, 'picture': {'large': 'https://randomuser.me/api/portraits/women/3.jpg', 'medium': 'https://randomuser.me/api/portraits/med/women/3.jpg', 'thumbnail': 'https://randomuser.me/api/portraits/thumb/women/3.jpg'}, 'nat': 'CH'}</msg>
<arg>${json_data['results'][0]}</arg>
<doc>Logs the given message with the given level.</doc>
<status status="PASS" start="2024-05-15T08:18:34.988006" elapsed="0.000404"/>
</kw>
<kw name="Log" owner="BuiltIn">
<msg time="2024-05-15T08:18:34.988826" level="INFO">email</msg>
<arg>${key}</arg>
<doc>Logs the given message with the given level.</doc>
<status status="PASS" start="2024-05-15T08:18:34.988701" elapsed="0.000162"/>
</kw>
<var name="${key}">email</var>
<status status="PASS" start="2024-05-15T08:18:34.987173" elapsed="0.001907"/>
</iter>
<iter>
<kw name="Dictionary Should Contain Key" owner="Collections">
<msg time="2024-05-15T08:18:34.989772" level="INFO">False</msg>
<arg>${json_data['results'][0]}</arg>
<arg>${key}</arg>
<doc>Fails if ``key`` is not found from ``dictionary``.</doc>
<status status="PASS" start="2024-05-15T08:18:34.989362" elapsed="0.000447"/>
</kw>
<kw name="Log" owner="BuiltIn">
<msg time="2024-05-15T08:18:34.990474" level="INFO">{'gender': 'female', 'name': {'title': 'Madame', 'first': 'Susanna', 'last': 'Caron'}, 'location': {'street': {'number': 2448, 'name': 'Esplanade du 9 Novembre 1989'}, 'city': 'Worben', 'state': 'Solothurn', 'country': 'Switzerland', 'postcode': 6702, 'coordinates': {'latitude': '-63.4547', 'longitude': '90.7327'}, 'timezone': {'offset': '+3:00', 'description': 'Baghdad, Riyadh, Moscow, St. Petersburg'}}, 'email': 'susanna.caron@example.com', 'login': {'uuid': 'e28832fa-61c4-4a33-904e-17660fa33b5b', 'username': 'whitebutterfly512', 'password': 'conan', 'salt': 'gWqOllLb', 'md5': '54bde7ed98722a83e203f966346bb99d', 'sha1': 'd1c3960c141b13d0bca82e4112d0b9c66abebf29', 'sha256': '0e85d1db894a0a78577877976804a40425e2f720f11b4e8f9d5cd331bade8a67'}, 'dob': {'date': '1966-10-13T14:43:29.665Z', 'age': 57}, 'registered': {'date': '2009-12-20T07:32:51.196Z', 'age': 14}, 'phone': '076 263 76 44', 'cell': '077 725 80 89', 'id': {'name': 'AVS', 'value': '756.8146.2089.60'}, 'picture': {'large': 'https://randomuser.me/api/portraits/women/3.jpg', 'medium': 'https://randomuser.me/api/portraits/med/women/3.jpg', 'thumbnail': 'https://randomuser.me/api/portraits/thumb/women/3.jpg'}, 'nat': 'CH'}</msg>
<arg>${json_data['results'][0]}</arg>
<doc>Logs the given message with the given level.</doc>
<status status="PASS" start="2024-05-15T08:18:34.990108" elapsed="0.000413"/>
</kw>
<kw name="Log" owner="BuiltIn">
<msg time="2024-05-15T08:18:34.990970" level="INFO">login</msg>
<arg>${key}</arg>
<doc>Logs the given message with the given level.</doc>
<status status="PASS" start="2024-05-15T08:18:34.990840" elapsed="0.000168"/>
</kw>
<var name="${key}">login</var>
<status status="PASS" start="2024-05-15T08:18:34.989251" elapsed="0.001973"/>
</iter>
<var>${key}</var>
<value>@{expected_keys}</value>
<status status="PASS" start="2024-05-15T08:18:34.980561" elapsed="0.010786"/>
</for>
<kw name="Create List" owner="BuiltIn">
<msg time="2024-05-15T08:18:34.991676" level="INFO">${expected_keysTwo} = ['username', 'password']</msg>
<var>${expected_keysTwo}</var>
<arg>username</arg>
<arg>password</arg>
<doc>Returns a list containing given items.</doc>
<status status="PASS" start="2024-05-15T08:18:34.991539" elapsed="0.000161"/>
</kw>
<for flavor="IN">
<iter>
<kw name="Dictionary Should Contain Key" owner="Collections">
<msg time="2024-05-15T08:18:34.992580" level="INFO">False</msg>
<arg>${json_data['results'][0]['login']}</arg>
<arg>${keyTwo}</arg>
<doc>Fails if ``key`` is not found from ``dictionary``.</doc>
<status status="PASS" start="2024-05-15T08:18:34.992196" elapsed="0.000422"/>
</kw>
<kw name="Dictionary Should Contain Key" owner="Collections">
<msg time="2024-05-15T08:18:34.993294" level="INFO">False</msg>
<arg>${json_data['results'][0]['login']}</arg>
<arg>${keyTwo}</arg>
<doc>Fails if ``key`` is not found from ``dictionary``.</doc>
<status status="PASS" start="2024-05-15T08:18:34.992912" elapsed="0.000420"/>
</kw>
<kw name="Log" owner="BuiltIn">
<msg time="2024-05-15T08:18:34.993803" level="INFO">username</msg>
<arg>${keyTwo}</arg>
<doc>Logs the given message with the given level.</doc>
<status status="PASS" start="2024-05-15T08:18:34.993662" elapsed="0.000183"/>
</kw>
<var name="${keyTwo}">username</var>
<status status="PASS" start="2024-05-15T08:18:34.992087" elapsed="0.001973"/>
</iter>
<iter>
<kw name="Dictionary Should Contain Key" owner="Collections">
<msg time="2024-05-15T08:18:34.994724" level="INFO">False</msg>
<arg>${json_data['results'][0]['login']}</arg>
<arg>${keyTwo}</arg>
<doc>Fails if ``key`` is not found from ``dictionary``.</doc>
<status status="PASS" start="2024-05-15T08:18:34.994341" elapsed="0.000421"/>
</kw>
<kw name="Dictionary Should Contain Key" owner="Collections">
<msg time="2024-05-15T08:18:34.995527" level="INFO">False</msg>
<arg>${json_data['results'][0]['login']}</arg>
<arg>${keyTwo}</arg>
<doc>Fails if ``key`` is not found from ``dictionary``.</doc>
<status status="PASS" start="2024-05-15T08:18:34.995064" elapsed="0.000501"/>
</kw>
<kw name="Log" owner="BuiltIn">
<msg time="2024-05-15T08:18:34.995986" level="INFO">password</msg>
<arg>${keyTwo}</arg>
<doc>Logs the given message with the given level.</doc>
<status status="PASS" start="2024-05-15T08:18:34.995860" elapsed="0.000164"/>
</kw>
<var name="${keyTwo}">password</var>
<status status="PASS" start="2024-05-15T08:18:34.994232" elapsed="0.002008"/>
</iter>
<var>${keyTwo}</var>
<value>@{expected_keysTwo}</value>
<status status="PASS" start="2024-05-15T08:18:34.991936" elapsed="0.004424"/>
</for>
<status status="PASS" start="2024-05-15T08:18:34.880035" elapsed="0.116462"/>
</kw>
<doc>Testa a estrutura da resposta da API.</doc>
<tag>testeEstruturaResposta</tag>
<status status="PASS" start="2024-05-15T08:18:34.879569" elapsed="0.117072"/>
</test>
<test id="s1-s1-t4" name="Validar tipos de dados" line="28">
<kw name="Teste de Tipos de Dados" owner="random-user-service">
<kw name="GET On Session" owner="RequestsLibrary">
<msg time="2024-05-15T08:18:35.074460" level="INFO">GET Request : url=https://randomuser.me/api 
 path_url=/api 
 headers={'User-Agent': 'python-requests/2.31.0', 'Accept-Encoding': 'gzip, deflate', 'Accept': '*/*', 'Connection': 'keep-alive'} 
 body=None 
 </msg>
<msg time="2024-05-15T08:18:35.074545" level="INFO">GET Response : url=https://randomuser.me/api 
 status=200, reason=OK 
 headers={'Date': 'Wed, 15 May 2024 08:18:35 GMT', 'Content-Type': 'application/json; charset=utf-8', 'Transfer-Encoding': 'chunked', 'Connection': 'keep-alive', 'X-Powered-By': 'Express', 'Access-Control-Allow-Origin': '*', 'Cache-Control': 'no-cache', 'ETag': 'W/"495-6vBCoQoVCqubqRoGNMzRjHW8kf4"', 'Vary': 'Accept-Encoding', 'Content-Encoding': 'gzip', 'CF-Cache-Status': 'DYNAMIC', 'Report-To': '{"endpoints":[{"url":"https:\\/\\/a.nel.cloudflare.com\\/report\\/v4?s=UIpyRioZUHliNSNP5RTjmbnip5jUYRCATSfb515bZ%2FMbRcYqsMJwRW3IbqQk4z6v1aRS06zTwFHWTruxwHTQ4MEULih7PmmQgEQRzSz9NdhUNBu7uIxJcFNUp%2F4wIjtE"}],"group":"cf-nel","max_age":604800}', 'NEL': '{"success_fraction":0,"report_to":"cf-nel","max_age":604800}', 'Server': 'cloudflare', 'CF-RAY': '8841b2b8cbe20824-IAD', 'alt-svc': 'h3=":443"; ma=86400'} 
 body={"results":[{"gender":"male","name":{"title":"Mr","first":"Nazario","last":"Pizarro"},"location":{"street":{"number":6697,"name":"Retorno Urbina"},"city":"Cuajinicuilapa","state":"Estado de Mexico","country":"Mexico","postcode":93720,"coordinates":{"latitude":"28.6752","longitude":"-97.0100"},"timezone":{"offset":"+6:00","description":"Almaty, Dhaka, Colombo"}},"email":"nazario.pizarro@example.com","login":{"uuid":"bbcaf35e-cdfc-49f0-b6b2-dd5c302bf384","username":"redcat838","password":"gizmo1","salt":"VZ9YL9bC","md5":"750d8140069ccb619f46755f9f866a4e","sha1":"bab88ea07677593e07903569ca63c36f367bd635","sha256":"387b213fc2ad20c46fa60ed11d94e438f804ab387b0a3218a4d35ee0b08195a5"},"dob":{"date":"1992-02-09T06:22:44.540Z","age":32},"registered":{"date":"2008-08-23T20:42:24.764Z","age":15},"phone":"(610) 179 2528","cell":"(679) 257 7538","id":{"name":"NSS","value":"02 70 55 3798 6"},"picture":{"large":"https://randomuser.me/api/portraits/men/78.jpg","medium":"https://randomuser.me/api/portraits/med/men/78.jpg","thumbnail":"https://randomuser.me/api/portraits/thumb/men/78.jpg"},"nat":"MX"}],"info":{"seed":"bc6ee8be5408a5ba","results":1,"page":1,"version":"1.4"}} 
 </msg>
<msg time="2024-05-15T08:18:35.074608" level="INFO">/opt/hostedtoolcache/Python/3.12.3/x64/lib/python3.12/site-packages/urllib3/connectionpool.py:1103: InsecureRequestWarning: Unverified HTTPS request is being made to host 'randomuser.me'. Adding certificate verification is strongly advised. See: https://urllib3.readthedocs.io/en/latest/advanced-usage.html#tls-warnings
  warnings.warn(</msg>
<msg time="2024-05-15T08:18:35.074719" level="INFO">${response} = &lt;Response [200]&gt;</msg>
<var>${response}</var>
<arg>consultarAPI</arg>
<arg>/api</arg>
<doc>Sends a GET request on a previously created HTTP Session.</doc>
<status status="PASS" start="2024-05-15T08:18:34.999050" elapsed="0.075710"/>
</kw>
<kw name="Set Variable" owner="BuiltIn">
<msg time="2024-05-15T08:18:35.075642" level="INFO">${json_data} = {'results': [{'gender': 'male', 'name': {'title': 'Mr', 'first': 'Nazario', 'last': 'Pizarro'}, 'location': {'street': {'number': 6697, 'name': 'Retorno Urbina'}, 'city': 'Cuajinicuilapa', 'state': 'E...</msg>
<var>${json_data}</var>
<arg>${response.json()}</arg>
<doc>Returns the given values which can then be assigned to a variables.</doc>
<status status="PASS" start="2024-05-15T08:18:35.075166" elapsed="0.000504"/>
</kw>
<kw name="Log" owner="BuiltIn">
<msg time="2024-05-15T08:18:35.076147" level="INFO">{'results': [{'gender': 'male', 'name': {'title': 'Mr', 'first': 'Nazario', 'last': 'Pizarro'}, 'location': {'street': {'number': 6697, 'name': 'Retorno Urbina'}, 'city': 'Cuajinicuilapa', 'state': 'Estado de Mexico', 'country': 'Mexico', 'postcode': 93720, 'coordinates': {'latitude': '28.6752', 'longitude': '-97.0100'}, 'timezone': {'offset': '+6:00', 'description': 'Almaty, Dhaka, Colombo'}}, 'email': 'nazario.pizarro@example.com', 'login': {'uuid': 'bbcaf35e-cdfc-49f0-b6b2-dd5c302bf384', 'username': 'redcat838', 'password': 'gizmo1', 'salt': 'VZ9YL9bC', 'md5': '750d8140069ccb619f46755f9f866a4e', 'sha1': 'bab88ea07677593e07903569ca63c36f367bd635', 'sha256': '387b213fc2ad20c46fa60ed11d94e438f804ab387b0a3218a4d35ee0b08195a5'}, 'dob': {'date': '1992-02-09T06:22:44.540Z', 'age': 32}, 'registered': {'date': '2008-08-23T20:42:24.764Z', 'age': 15}, 'phone': '(610) 179 2528', 'cell': '(679) 257 7538', 'id': {'name': 'NSS', 'value': '02 70 55 3798 6'}, 'picture': {'large': 'https://randomuser.me/api/portraits/men/78.jpg', 'medium': 'https://randomuser.me/api/portraits/med/men/78.jpg', 'thumbnail': 'https://randomuser.me/api/portraits/thumb/men/78.jpg'}, 'nat': 'MX'}], 'info': {'seed': 'bc6ee8be5408a5ba', 'results': 1, 'page': 1, 'version': '1.4'}}</msg>
<arg>${json_data}</arg>
<doc>Logs the given message with the given level.</doc>
<status status="PASS" start="2024-05-15T08:18:35.075990" elapsed="0.000237"/>
</kw>
<kw name="Should Be String" owner="String">
<arg>${json_data['results'][0]['gender']}</arg>
<doc>Fails if the given ``item`` is not a string.</doc>
<status status="PASS" start="2024-05-15T08:18:35.076531" elapsed="0.000362"/>
</kw>
<kw name="Should Match Regexp" owner="BuiltIn">
<arg>${json_data['results'][0]['email']}</arg>
<arg>^[a-zA-Z0-9._%+-]+@[a-zA-Z0-9.-]+\.[a-zA-Z]{2,}$</arg>
<doc>Fails if ``string`` does not match ``pattern`` as a regular expression.</doc>
<status status="PASS" start="2024-05-15T08:18:35.077087" elapsed="0.000538"/>
</kw>
<kw name="Should Match Regexp" owner="BuiltIn">
<arg>${json_data['results'][0]['dob']['date']}</arg>
<arg>\\d{4}-\\d{2}-\\d{2}T\\d{2}:\\d{2}:\\d{2}\\.\\d{3}Z</arg>
<doc>Fails if ``string`` does not match ``pattern`` as a regular expression.</doc>
<status status="PASS" start="2024-05-15T08:18:35.077823" elapsed="0.000487"/>
</kw>
<kw name="Should Match Regexp" owner="BuiltIn">
<arg>${json_data['results'][0]['registered']['date']}</arg>
<arg>\\d{4}-\\d{2}-\\d{2}T\\d{2}:\\d{2}:\\d{2}\\.\\d{3}Z</arg>
<doc>Fails if ``string`` does not match ``pattern`` as a regular expression.</doc>
<status status="PASS" start="2024-05-15T08:18:35.078501" elapsed="0.000363"/>
</kw>
<kw name="Should Match Regexp" owner="BuiltIn">
<arg>${json_data['results'][0]['picture']['large']}</arg>
<arg>^https?://.*\.(?:png|jpe?g|gif|bmp)$</arg>
<doc>Fails if ``string`` does not match ``pattern`` as a regular expression.</doc>
<status status="PASS" start="2024-05-15T08:18:35.079050" elapsed="0.000459"/>
</kw>
<kw name="Should Match Regexp" owner="BuiltIn">
<arg>${json_data['results'][0]['picture']['medium']}</arg>
<arg>^https?://.*\.(?:png|jpe?g|gif|bmp)$</arg>
<doc>Fails if ``string`` does not match ``pattern`` as a regular expression.</doc>
<status status="PASS" start="2024-05-15T08:18:35.079695" elapsed="0.000349"/>
</kw>
<kw name="Should Match Regexp" owner="BuiltIn">
<arg>${json_data['results'][0]['picture']['thumbnail']}</arg>
<arg>^https?://.*\.(?:png|jpe?g|gif|bmp)$</arg>
<doc>Fails if ``string`` does not match ``pattern`` as a regular expression.</doc>
<status status="PASS" start="2024-05-15T08:18:35.080233" elapsed="0.000351"/>
</kw>
<kw name="Log" owner="BuiltIn">
<msg time="2024-05-15T08:18:35.081078" level="INFO">{'large': 'https://randomuser.me/api/portraits/men/78.jpg', 'medium': 'https://randomuser.me/api/portraits/med/men/78.jpg', 'thumbnail': 'https://randomuser.me/api/portraits/thumb/men/78.jpg'}</msg>
<arg>${json_data['results'][0]['picture']}</arg>
<doc>Logs the given message with the given level.</doc>
<status status="PASS" start="2024-05-15T08:18:35.080761" elapsed="0.000357"/>
</kw>
<status status="PASS" start="2024-05-15T08:18:34.998833" elapsed="0.082536"/>
</kw>
<kw name="Teste de Tipos de Dados - Postcode" owner="random-user-service">
<kw name="GET On Session" owner="RequestsLibrary">
<msg time="2024-05-15T08:18:35.185136" level="INFO">GET Request : url=https://randomuser.me/api 
 path_url=/api 
 headers={'User-Agent': 'python-requests/2.31.0', 'Accept-Encoding': 'gzip, deflate', 'Accept': '*/*', 'Connection': 'keep-alive'} 
 body=None 
 </msg>
<msg time="2024-05-15T08:18:35.185217" level="INFO">GET Response : url=https://randomuser.me/api 
 status=200, reason=OK 
 headers={'Date': 'Wed, 15 May 2024 08:18:35 GMT', 'Content-Type': 'application/json; charset=utf-8', 'Transfer-Encoding': 'chunked', 'Connection': 'keep-alive', 'X-Powered-By': 'Express', 'Access-Control-Allow-Origin': '*', 'Cache-Control': 'no-cache', 'ETag': 'W/"492-qjLZeBBwq1a5z4/KVIozebRPVD4"', 'Vary': 'Accept-Encoding', 'Content-Encoding': 'gzip', 'CF-Cache-Status': 'DYNAMIC', 'Report-To': '{"endpoints":[{"url":"https:\\/\\/a.nel.cloudflare.com\\/report\\/v4?s=ho1csECMBm28860LR9aW3BALheQ5XMye8Ok%2FZ%2B%2Fm45d9%2BqvYVKJ6I%2F0LIEgn7uPLcD8lBCy8EMe5Sl5hxI%2FOAE8DJwD6LSExsLvGxeA1e8jog6wojtx4qpJl5FpawCJu"}],"group":"cf-nel","max_age":604800}', 'NEL': '{"success_fraction":0,"report_to":"cf-nel","max_age":604800}', 'Server': 'cloudflare', 'CF-RAY': '8841b2b94c510824-IAD', 'alt-svc': 'h3=":443"; ma=86400'} 
 body={"results":[{"gender":"male","name":{"title":"Mr","first":"Dragomir","last":"Lončarević"},"location":{"street":{"number":5534,"name":"Vašarska"},"city":"Čoka","state":"Podunavlje","country":"Serbia","postcode":66853,"coordinates":{"latitude":"63.1676","longitude":"-37.3541"},"timezone":{"offset":"+9:00","description":"Tokyo, Seoul, Osaka, Sapporo, Yakutsk"}},"email":"dragomir.loncarevic@example.com","login":{"uuid":"35e8e38a-325c-4da7-94b0-44980b00cdfe","username":"silverbear343","password":"dome","salt":"pkvYYMBI","md5":"8f5b97094b9d81495885c645f2eee1ef","sha1":"c877b4141a096c365cf49ecfc206b0ee09b78602","sha256":"6c2447efef8a4b024255cd28f28a9a3648ef97df201bb557738fac637519ab8b"},"dob":{"date":"1960-08-10T12:10:47.737Z","age":63},"registered":{"date":"2014-03-20T00:36:11.042Z","age":10},"phone":"016-0078-992","cell":"063-8811-396","id":{"name":"SID","value":"197993349"},"picture":{"large":"https://randomuser.me/api/portraits/men/53.jpg","medium":"https://randomuser.me/api/portraits/med/men/53.jpg","thumbnail":"https://randomuser.me/api/portraits/thumb/men/53.jpg"},"nat":"RS"}],"info":{"seed":"c218e5619ef54a75","results":1,"page":1,"version":"1.4"}} 
 </msg>
<msg time="2024-05-15T08:18:35.185290" level="INFO">/opt/hostedtoolcache/Python/3.12.3/x64/lib/python3.12/site-packages/urllib3/connectionpool.py:1103: InsecureRequestWarning: Unverified HTTPS request is being made to host 'randomuser.me'. Adding certificate verification is strongly advised. See: https://urllib3.readthedocs.io/en/latest/advanced-usage.html#tls-warnings
  warnings.warn(</msg>
<msg time="2024-05-15T08:18:35.185419" level="INFO">${response} = &lt;Response [200]&gt;</msg>
<var>${response}</var>
<arg>consultarAPI</arg>
<arg>/api</arg>
<doc>Sends a GET request on a previously created HTTP Session.</doc>
<status status="PASS" start="2024-05-15T08:18:35.081842" elapsed="0.103622"/>
</kw>
<kw name="Set Variable" owner="BuiltIn">
<msg time="2024-05-15T08:18:35.186384" level="INFO">${json_data} = {'results': [{'gender': 'male', 'name': {'title': 'Mr', 'first': 'Dragomir', 'last': 'Lončarević'}, 'location': {'street': {'number': 5534, 'name': 'Vašarska'}, 'city': 'Čoka', 'state': 'Podunavlje', ...</msg>
<var>${json_data}</var>
<arg>${response.json()}</arg>
<doc>Returns the given values which can then be assigned to a variables.</doc>
<status status="PASS" start="2024-05-15T08:18:35.185924" elapsed="0.000489"/>
</kw>
<kw name="Log" owner="BuiltIn">
<msg time="2024-05-15T08:18:35.186871" level="INFO">{'results': [{'gender': 'male', 'name': {'title': 'Mr', 'first': 'Dragomir', 'last': 'Lončarević'}, 'location': {'street': {'number': 5534, 'name': 'Vašarska'}, 'city': 'Čoka', 'state': 'Podunavlje', 'country': 'Serbia', 'postcode': 66853, 'coordinates': {'latitude': '63.1676', 'longitude': '-37.3541'}, 'timezone': {'offset': '+9:00', 'description': 'Tokyo, Seoul, Osaka, Sapporo, Yakutsk'}}, 'email': 'dragomir.loncarevic@example.com', 'login': {'uuid': '35e8e38a-325c-4da7-94b0-44980b00cdfe', 'username': 'silverbear343', 'password': 'dome', 'salt': 'pkvYYMBI', 'md5': '8f5b97094b9d81495885c645f2eee1ef', 'sha1': 'c877b4141a096c365cf49ecfc206b0ee09b78602', 'sha256': '6c2447efef8a4b024255cd28f28a9a3648ef97df201bb557738fac637519ab8b'}, 'dob': {'date': '1960-08-10T12:10:47.737Z', 'age': 63}, 'registered': {'date': '2014-03-20T00:36:11.042Z', 'age': 10}, 'phone': '016-0078-992', 'cell': '063-8811-396', 'id': {'name': 'SID', 'value': '197993349'}, 'picture': {'large': 'https://randomuser.me/api/portraits/men/53.jpg', 'medium': 'https://randomuser.me/api/portraits/med/men/53.jpg', 'thumbnail': 'https://randomuser.me/api/portraits/thumb/men/53.jpg'}, 'nat': 'RS'}], 'info': {'seed': 'c218e5619ef54a75', 'results': 1, 'page': 1, 'version': '1.4'}}</msg>
<arg>${json_data}</arg>
<doc>Logs the given message with the given level.</doc>
<status status="PASS" start="2024-05-15T08:18:35.186715" elapsed="0.000241"/>
</kw>
<kw name="Should Be Equal As Numbers" owner="BuiltIn">
<arg>${json_data['results'][0]['location']['postcode']}</arg>
<arg>${json_data['results'][0]['location']['postcode']}</arg>
<doc>Fails if objects are unequal after converting them to real numbers.</doc>
<status status="PASS" start="2024-05-15T08:18:35.187267" elapsed="0.000776"/>
</kw>
<kw name="Log" owner="BuiltIn">
<msg time="2024-05-15T08:18:35.188573" level="INFO">66853</msg>
<arg>${json_data['results'][0]['location']['postcode']}</arg>
<doc>Logs the given message with the given level.</doc>
<status status="PASS" start="2024-05-15T08:18:35.188237" elapsed="0.000375"/>
</kw>
<status status="PASS" start="2024-05-15T08:18:35.081608" elapsed="0.107254"/>
</kw>
<doc>Testa se os tipos de dados na resposta da API estão corretos.</doc>
<tag>testeTiposDados</tag>
<status status="PASS" start="2024-05-15T08:18:34.998402" elapsed="0.190624"/>
</test>
<test id="s1-s1-t5" name="Validar conteudo" line="35">
<kw name="Teste de Tipos de Conteudo" owner="random-user-service">
<kw name="GET On Session" owner="RequestsLibrary">
<msg time="2024-05-15T08:18:35.280548" level="INFO">GET Request : url=https://randomuser.me/api 
 path_url=/api 
 headers={'User-Agent': 'python-requests/2.31.0', 'Accept-Encoding': 'gzip, deflate', 'Accept': '*/*', 'Connection': 'keep-alive'} 
 body=None 
 </msg>
<msg time="2024-05-15T08:18:35.280657" level="INFO">GET Response : url=https://randomuser.me/api 
 status=200, reason=OK 
 headers={'Date': 'Wed, 15 May 2024 08:18:35 GMT', 'Content-Type': 'application/json; charset=utf-8', 'Transfer-Encoding': 'chunked', 'Connection': 'keep-alive', 'X-Powered-By': 'Express', 'Access-Control-Allow-Origin': '*', 'Cache-Control': 'no-cache', 'ETag': 'W/"498-TLpCzWT5BD1SpzpewWQGAFJnVwg"', 'Vary': 'Accept-Encoding', 'Content-Encoding': 'gzip', 'CF-Cache-Status': 'DYNAMIC', 'Report-To': '{"endpoints":[{"url":"https:\\/\\/a.nel.cloudflare.com\\/report\\/v4?s=hG9%2FC8JnirjEITzmue%2BuLZt2pmU6kdz27IsZC5PcvYKbxvNEEYHzeWpIgR8oBQv3SxmwUkLWCWRkWY51zAJ47hDfw%2BqJS2gih48K29S%2FX5eAivBKCdpTugpgz3GJ5zji"}],"group":"cf-nel","max_age":604800}', 'NEL': '{"success_fraction":0,"report_to":"cf-nel","max_age":604800}', 'Server': 'cloudflare', 'CF-RAY': '8841b2b9fcd90824-IAD', 'alt-svc': 'h3=":443"; ma=86400'} 
 body={"results":[{"gender":"male","name":{"title":"Mr","first":"Joel","last":"Hakola"},"location":{"street":{"number":2171,"name":"Bulevardi"},"city":"Kerimäki","state":"Northern Savonia","country":"Finland","postcode":91942,"coordinates":{"latitude":"-26.2796","longitude":"-5.0766"},"timezone":{"offset":"-4:00","description":"Atlantic Time (Canada), Caracas, La Paz"}},"email":"joel.hakola@example.com","login":{"uuid":"5143047e-8ee1-4244-a3f0-fc686efc2f9e","username":"whitebear971","password":"candyman","salt":"G33eiqqM","md5":"12e223ff91b1bb55591b5da2751e72c4","sha1":"514a951468d62405522ad52db4658b1697d2ba8e","sha256":"db7d83f13fccff5e3fa04b2d7b6c8f3b4a4fbb3bc1febc50153aab8145fac3d2"},"dob":{"date":"1989-01-17T22:48:26.390Z","age":35},"registered":{"date":"2010-09-05T14:01:46.463Z","age":13},"phone":"05-997-196","cell":"048-506-44-00","id":{"name":"HETU","value":"NaNNA775undefined"},"picture":{"large":"https://randomuser.me/api/portraits/men/51.jpg","medium":"https://randomuser.me/api/portraits/med/men/51.jpg","thumbnail":"https://randomuser.me/api/portraits/thumb/men/51.jpg"},"nat":"FI"}],"info":{"seed":"c939fd923353368f","results":1,"page":1,"version":"1.4"}} 
 </msg>
<msg time="2024-05-15T08:18:35.280738" level="INFO">/opt/hostedtoolcache/Python/3.12.3/x64/lib/python3.12/site-packages/urllib3/connectionpool.py:1103: InsecureRequestWarning: Unverified HTTPS request is being made to host 'randomuser.me'. Adding certificate verification is strongly advised. See: https://urllib3.readthedocs.io/en/latest/advanced-usage.html#tls-warnings
  warnings.warn(</msg>
<msg time="2024-05-15T08:18:35.280894" level="INFO">${response} = &lt;Response [200]&gt;</msg>
<var>${response}</var>
<arg>consultarAPI</arg>
<arg>/api</arg>
<doc>Sends a GET request on a previously created HTTP Session.</doc>
<status status="PASS" start="2024-05-15T08:18:35.191584" elapsed="0.089357"/>
</kw>
<kw name="Set Variable" owner="BuiltIn">
<msg time="2024-05-15T08:18:35.281967" level="INFO">${json_data} = {'results': [{'gender': 'male', 'name': {'title': 'Mr', 'first': 'Joel', 'last': 'Hakola'}, 'location': {'street': {'number': 2171, 'name': 'Bulevardi'}, 'city': 'Kerimäki', 'state': 'Northern Savonia...</msg>
<var>${json_data}</var>
<arg>${response.json()}</arg>
<doc>Returns the given values which can then be assigned to a variables.</doc>
<status status="PASS" start="2024-05-15T08:18:35.281424" elapsed="0.000572"/>
</kw>
<kw name="Set Variable" owner="BuiltIn">
<msg time="2024-05-15T08:18:35.282678" level="INFO">${name_title} = Mr</msg>
<var>${name_title}</var>
<arg>${json_data["results"][0]["name"]["title"]}</arg>
<doc>Returns the given values which can then be assigned to a variables.</doc>
<status status="PASS" start="2024-05-15T08:18:35.282300" elapsed="0.000402"/>
</kw>
<kw name="Create List" owner="BuiltIn">
<msg time="2024-05-15T08:18:35.283146" level="INFO">${allowed_titles} = ['Mr', 'Ms', 'Miss', 'Mrs', 'Madame', 'Monsieur']</msg>
<var>${allowed_titles}</var>
<arg>Mr</arg>
<arg>Ms</arg>
<arg>Miss</arg>
<arg>Mrs</arg>
<arg>Madame</arg>
<arg>Monsieur</arg>
<doc>Returns a list containing given items.</doc>
<status status="PASS" start="2024-05-15T08:18:35.282999" elapsed="0.000171"/>
</kw>
<kw name="List Should Contain Value" owner="Collections">
<msg time="2024-05-15T08:18:35.283640" level="INFO">False</msg>
<arg>${allowed_titles}</arg>
<arg>${name_title}</arg>
<doc>Fails if the ``value`` is not found from ``list``.</doc>
<status status="PASS" start="2024-05-15T08:18:35.283467" elapsed="0.000208"/>
</kw>
<kw name="Set Variable" owner="BuiltIn">
<msg time="2024-05-15T08:18:35.284342" level="INFO">${name_country} = FI</msg>
<var>${name_country}</var>
<arg>${json_data["results"][0]["nat"]}</arg>
<doc>Returns the given values which can then be assigned to a variables.</doc>
<status status="PASS" start="2024-05-15T08:18:35.283960" elapsed="0.000407"/>
</kw>
<kw name="Create List" owner="BuiltIn">
<msg time="2024-05-15T08:18:35.285254" level="INFO">${list_country} = ['AD', 'AE', 'AF', 'AG', 'AI', 'AL', 'AM', 'AO', 'AQ', 'AR', 'AS', 'AT', 'AU', 'AW', 'AX', 'AZ', 'BA', 'BB', 'BD', 'BE', 'BF', 'BG', 'BH', 'BI', 'BJ', 'BL', 'BM', 'BN', 'BO', 'BQ', 'BR', 'BS', 'BT', '...</msg>
<var>${list_country}</var>
<arg>AD</arg>
<arg>AE</arg>
<arg>AF</arg>
<arg>AG</arg>
<arg>AI</arg>
<arg>AL</arg>
<arg>AM</arg>
<arg>AO</arg>
<arg>AQ</arg>
<arg>AR</arg>
<arg>AS</arg>
<arg>AT</arg>
<arg>AU</arg>
<arg>AW</arg>
<arg>AX</arg>
<arg>AZ</arg>
<arg>BA</arg>
<arg>BB</arg>
<arg>BD</arg>
<arg>BE</arg>
<arg>BF</arg>
<arg>BG</arg>
<arg>BH</arg>
<arg>BI</arg>
<arg>BJ</arg>
<arg>BL</arg>
<arg>BM</arg>
<arg>BN</arg>
<arg>BO</arg>
<arg>BQ</arg>
<arg>BR</arg>
<arg>BS</arg>
<arg>BT</arg>
<arg>BV</arg>
<arg>BW</arg>
<arg>BY</arg>
<arg>BZ</arg>
<arg>CA</arg>
<arg>CC</arg>
<arg>CD</arg>
<arg>CF</arg>
<arg>CG</arg>
<arg>CH</arg>
<arg>CI</arg>
<arg>CK</arg>
<arg>CL</arg>
<arg>CM</arg>
<arg>CN</arg>
<arg>CO</arg>
<arg>CR</arg>
<arg>CU</arg>
<arg>CV</arg>
<arg>CW</arg>
<arg>CX</arg>
<arg>CY</arg>
<arg>CZ</arg>
<arg>DE</arg>
<arg>DJ</arg>
<arg>DK</arg>
<arg>DM</arg>
<arg>DO</arg>
<arg>DZ</arg>
<arg>EC</arg>
<arg>EE</arg>
<arg>EG</arg>
<arg>EH</arg>
<arg>ER</arg>
<arg>ES</arg>
<arg>ET</arg>
<arg>FI</arg>
<arg>FJ</arg>
<arg>FK</arg>
<arg>FM</arg>
<arg>FO</arg>
<arg>FR</arg>
<arg>GA</arg>
<arg>GB</arg>
<arg>GD</arg>
<arg>GE</arg>
<arg>GF</arg>
<arg>GG</arg>
<arg>GH</arg>
<arg>GI</arg>
<arg>GL</arg>
<arg>GM</arg>
<arg>GN</arg>
<arg>GP</arg>
<arg>GQ</arg>
<arg>GR</arg>
<arg>GS</arg>
<arg>GT</arg>
<arg>GU</arg>
<arg>GW</arg>
<arg>GY</arg>
<arg>HK</arg>
<arg>HM</arg>
<arg>HN</arg>
<arg>HR</arg>
<arg>HT</arg>
<arg>HU</arg>
<arg>ID</arg>
<arg>IE</arg>
<arg>IL</arg>
<arg>IM</arg>
<arg>IN</arg>
<arg>IO</arg>
<arg>IQ</arg>
<arg>IR</arg>
<arg>IS</arg>
<arg>IT</arg>
<arg>JE</arg>
<arg>JM</arg>
<arg>JO</arg>
<arg>JP</arg>
<arg>KE</arg>
<arg>KG</arg>
<arg>KH</arg>
<arg>KI</arg>
<arg>KM</arg>
<arg>KN</arg>
<arg>KP</arg>
<arg>KR</arg>
<arg>KW</arg>
<arg>KY</arg>
<arg>KZ</arg>
<arg>LA</arg>
<arg>LB</arg>
<arg>LC</arg>
<arg>LI</arg>
<arg>LK</arg>
<arg>LR</arg>
<arg>LS</arg>
<arg>LT</arg>
<arg>LU</arg>
<arg>LV</arg>
<arg>LY</arg>
<arg>MA</arg>
<arg>MC</arg>
<arg>MD</arg>
<arg>ME</arg>
<arg>MF</arg>
<arg>MG</arg>
<arg>MH</arg>
<arg>MK</arg>
<arg>ML</arg>
<arg>MM</arg>
<arg>MN</arg>
<arg>MO</arg>
<arg>MP</arg>
<arg>MQ</arg>
<arg>MR</arg>
<arg>MS</arg>
<arg>MT</arg>
<arg>MU</arg>
<arg>MV</arg>
<arg>MW</arg>
<arg>MX</arg>
<arg>MY</arg>
<arg>MZ</arg>
<arg>NA</arg>
<arg>NC</arg>
<arg>NE</arg>
<arg>NF</arg>
<arg>NG</arg>
<arg>NI</arg>
<arg>NL</arg>
<arg>NO</arg>
<arg>NP</arg>
<arg>NR</arg>
<arg>NU</arg>
<arg>NZ</arg>
<arg>OM</arg>
<arg>PA</arg>
<arg>PE</arg>
<arg>PF</arg>
<arg>PG</arg>
<arg>PH</arg>
<arg>PK</arg>
<arg>PL</arg>
<arg>PM</arg>
<arg>PN</arg>
<arg>PR</arg>
<arg>PS</arg>
<arg>PT</arg>
<arg>PW</arg>
<arg>PY</arg>
<arg>QA</arg>
<arg>RE</arg>
<arg>RO</arg>
<arg>RS</arg>
<arg>RU</arg>
<arg>RW</arg>
<arg>SA</arg>
<arg>SB</arg>
<arg>SC</arg>
<arg>SD</arg>
<arg>SE</arg>
<arg>SG</arg>
<arg>SH</arg>
<arg>SI</arg>
<arg>SJ</arg>
<arg>SK</arg>
<arg>SL</arg>
<arg>SM</arg>
<arg>SN</arg>
<arg>SO</arg>
<arg>SR</arg>
<arg>SS</arg>
<arg>ST</arg>
<arg>SV</arg>
<arg>SX</arg>
<arg>SY</arg>
<arg>SZ</arg>
<arg>TC</arg>
<arg>TD</arg>
<arg>TF</arg>
<arg>TG</arg>
<arg>TH</arg>
<arg>TJ</arg>
<arg>TK</arg>
<arg>TL</arg>
<arg>TM</arg>
<arg>TN</arg>
<arg>TO</arg>
<arg>TR</arg>
<arg>TT</arg>
<arg>TV</arg>
<arg>TW</arg>
<arg>TZ</arg>
<arg>UA</arg>
<arg>UG</arg>
<arg>UM</arg>
<arg>US</arg>
<arg>UY</arg>
<arg>UZ</arg>
<arg>VA</arg>
<arg>VC</arg>
<arg>VE</arg>
<arg>VG</arg>
<arg>VI</arg>
<arg>VN</arg>
<arg>VU</arg>
<arg>WF</arg>
<arg>WS</arg>
<arg>XK</arg>
<arg>YE</arg>
<arg>YT</arg>
<arg>ZA</arg>
<arg>ZM</arg>
<arg>ZW</arg>
<doc>Returns a list containing given items.</doc>
<status status="PASS" start="2024-05-15T08:18:35.284667" elapsed="0.000612"/>
</kw>
<kw name="List Should Contain Value" owner="Collections">
<msg time="2024-05-15T08:18:35.286305" level="INFO">False</msg>
<arg>${list_country}</arg>
<arg>${name_country}</arg>
<doc>Fails if the ``value`` is not found from ``list``.</doc>
<status status="PASS" start="2024-05-15T08:18:35.286107" elapsed="0.000235"/>
</kw>
<kw name="Run Keyword If" owner="BuiltIn">
<kw name="Should Be True" owner="BuiltIn">
<arg>${True}</arg>
<doc>Fails if the given condition is not true.</doc>
<status status="PASS" start="2024-05-15T08:18:35.287405" elapsed="0.000142"/>
</kw>
<arg>${json_data["results"][0]["location"]["coordinates"]["latitude"]} &gt;= -90 and ${json_data["results"][0]["location"]["coordinates"]["latitude"]} &lt;= 90</arg>
<arg>Should Be True</arg>
<arg>${True}</arg>
<doc>Runs the given keyword with the given arguments, if ``condition`` is true.</doc>
<status status="PASS" start="2024-05-15T08:18:35.286653" elapsed="0.001020"/>
</kw>
<kw name="Run Keyword If" owner="BuiltIn">
<kw name="Should Be True" owner="BuiltIn">
<arg>${True}</arg>
<doc>Fails if the given condition is not true.</doc>
<status status="PASS" start="2024-05-15T08:18:35.288554" elapsed="0.000252"/>
</kw>
<arg>${json_data["results"][0]["location"]["coordinates"]["longitude"]} &gt;= -180 and ${json_data["results"][0]["location"]["coordinates"]["longitude"]} &lt;= 180</arg>
<arg>Should Be True</arg>
<arg>${True}</arg>
<doc>Runs the given keyword with the given arguments, if ``condition`` is true.</doc>
<status status="PASS" start="2024-05-15T08:18:35.287861" elapsed="0.001069"/>
</kw>
<status status="PASS" start="2024-05-15T08:18:35.191360" elapsed="0.097701"/>
</kw>
<doc>Testa o conteúdo específico dos campos retornados pela API.</doc>
<tag>testeConteudo</tag>
<status status="PASS" start="2024-05-15T08:18:35.190831" elapsed="0.098382"/>
</test>
<status status="PASS" start="2024-05-15T08:18:34.501941" elapsed="0.789312"/>
</suite>
<status status="PASS" start="2024-05-15T08:18:34.488590" elapsed="0.807842"/>
</suite>
<statistics>
<total>
<stat pass="5" fail="0" skip="0">All Tests</stat>
</total>
<tag>
<stat pass="1" fail="0" skip="0">testeConteudo</stat>
<stat pass="1" fail="0" skip="0">testeEstruturaResposta</stat>
<stat pass="1" fail="0" skip="0">testeRequisicaoBasica</stat>
<stat pass="1" fail="0" skip="0">testeTiposDados</stat>
</tag>
<suite>
<stat pass="5" fail="0" skip="0" id="s1" name="Tests">Tests</stat>
<stat pass="5" fail="0" skip="0" id="s1-s1" name="Random-User-Test">Tests.Random-User-Test</stat>
</suite>
</statistics>
<errors>
</errors>
</robot>
