<?xml version="1.0" encoding="UTF-8"?>
<robot generator="Robot 7.0.1 (Python 3.12.4 on linux)" generated="2024-06-26T23:15:36.948503" rpa="false" schemaversion="5">
<suite id="s1" name="Tests" source="/home/runner/work/ApiRandomUser/ApiRandomUser/RamdonUser/tests">
<suite id="s1-s1" name="Random-User-Test" source="/home/runner/work/ApiRandomUser/ApiRandomUser/RamdonUser/tests/random-user-test.robot">
<test id="s1-s1-t1" name="Conectar" line="13">
<kw name="Conectar API" owner="random-user-service">
<kw name="Create Session" owner="RequestsLibrary">
<msg time="2024-06-26T23:15:37.349038" level="INFO">Creating Session using : alias=consultarAPI, url=https://randomuser.me/, headers={},                     cookies={}, auth=None, timeout=None, proxies=None, verify=False,                     debug=0 </msg>
<arg>consultarAPI</arg>
<arg>${URL}</arg>
<doc>Create Session: create a HTTP session to a server</doc>
<status status="PASS" start="2024-06-26T23:15:37.348833" elapsed="0.000381"/>
</kw>
<status status="PASS" start="2024-06-26T23:15:37.347870" elapsed="0.001706"/>
</kw>
<status status="PASS" start="2024-06-26T23:15:37.347301" elapsed="0.002467"/>
</test>
<test id="s1-s1-t2" name="Validar retorno 200 e JSON Válido" line="16">
<kw name="Teste de Requisicao Basica" owner="random-user-service">
<kw name="GET On Session" owner="RequestsLibrary">
<msg time="2024-06-26T23:15:37.551665" level="INFO">GET Request : url=https://randomuser.me/api 
 path_url=/api 
 headers={'User-Agent': 'python-requests/2.32.3', 'Accept-Encoding': 'gzip, deflate', 'Accept': '*/*', 'Connection': 'keep-alive'} 
 body=None 
 </msg>
<msg time="2024-06-26T23:15:37.551821" level="INFO">GET Response : url=https://randomuser.me/api 
 status=200, reason=OK 
 headers={'Date': 'Wed, 26 Jun 2024 23:15:37 GMT', 'Content-Type': 'application/json; charset=utf-8', 'Transfer-Encoding': 'chunked', 'Connection': 'keep-alive', 'X-Powered-By': 'Express', 'Access-Control-Allow-Origin': '*', 'Cache-Control': 'no-cache', 'ETag': 'W/"4a6-7XHSFqiubAFheWtpKnLyBWRmknk"', 'Vary': 'Accept-Encoding', 'Content-Encoding': 'gzip', 'CF-Cache-Status': 'DYNAMIC', 'Report-To': '{"endpoints":[{"url":"https:\\/\\/a.nel.cloudflare.com\\/report\\/v4?s=50KoC6DMC1GgL2n5pCdRo7%2FOjaWyaK6rPtYcJAhQlhq6kAE83dTaKu2GX4DRBMza%2BcEaOiINrCZaELKeFSueVbw3FU6%2BzaISKx5WkWrmimjiVZlnkUpu3MUm6lCo1pX4"}],"group":"cf-nel","max_age":604800}', 'NEL': '{"success_fraction":0,"report_to":"cf-nel","max_age":604800}', 'Server': 'cloudflare', 'CF-RAY': '89a0e67f5f103b44-IAD', 'alt-svc': 'h3=":443"; ma=86400'} 
 body={"results":[{"gender":"female","name":{"title":"Mrs","first":"Maloe","last":"Herweijer"},"location":{"street":{"number":3012,"name":"Baudartiusstraat"},"city":"Echten Fr","state":"Zuid-Holland","country":"Netherlands","postcode":"2035 DR","coordinates":{"latitude":"30.8613","longitude":"160.0195"},"timezone":{"offset":"+9:00","description":"Tokyo, Seoul, Osaka, Sapporo, Yakutsk"}},"email":"maloe.herweijer@example.com","login":{"uuid":"948d413e-8b80-4890-bcef-2a5aa5556634","username":"yellowcat680","password":"temp","salt":"RHcIKbCY","md5":"98401b5b45ccec7a823c487e64996073","sha1":"26453a1733068881adbf35b184908a4e1a0b5b38","sha256":"7aca33f652123e132b9b9ca39612ef7aca06a45eb3bc293f9e37d60b97f0e981"},"dob":{"date":"1963-06-12T10:57:21.641Z","age":61},"registered":{"date":"2015-12-26T17:59:51.360Z","age":8},"phone":"(0330) 190473","cell":"(06) 04300314","id":{"name":"BSN","value":"50938635"},"picture":{"large":"https://randomuser.me/api/portraits/women/62.jpg","medium":"https://randomuser.me/api/portraits/med/women/62.jpg","thumbnail":"https://randomuser.me/api/portraits/thumb/women/62.jpg"},"nat":"NL"}],"info":{"seed":"e9940319a4bfde4e","results":1,"page":1,"version":"1.4"}} 
 </msg>
<msg time="2024-06-26T23:15:37.551913" level="INFO">/opt/hostedtoolcache/Python/3.12.4/x64/lib/python3.12/site-packages/urllib3/connectionpool.py:1099: InsecureRequestWarning: Unverified HTTPS request is being made to host 'randomuser.me'. Adding certificate verification is strongly advised. See: https://urllib3.readthedocs.io/en/latest/advanced-usage.html#tls-warnings
  warnings.warn(</msg>
<msg time="2024-06-26T23:15:37.552061" level="INFO">${response} = &lt;Response [200]&gt;</msg>
<var>${response}</var>
<arg>consultarAPI</arg>
<arg>/api</arg>
<doc>Sends a GET request on a previously created HTTP Session.</doc>
<status status="PASS" start="2024-06-26T23:15:37.352443" elapsed="0.199663"/>
</kw>
<kw name="Should Be Equal As Numbers" owner="BuiltIn">
<msg time="2024-06-26T23:15:37.553338" level="INFO">Argument types are:
&lt;class 'int'&gt;
&lt;class 'str'&gt;</msg>
<arg>${response.status_code}</arg>
<arg>200</arg>
<doc>Fails if objects are unequal after converting them to real numbers.</doc>
<status status="PASS" start="2024-06-26T23:15:37.552792" elapsed="0.000617"/>
</kw>
<kw name="Log" owner="BuiltIn">
<msg time="2024-06-26T23:15:37.554148" level="INFO">200</msg>
<arg>${response.status_code}</arg>
<doc>Logs the given message with the given level.</doc>
<status status="PASS" start="2024-06-26T23:15:37.553771" elapsed="0.000421"/>
</kw>
<kw name="Set Variable" owner="BuiltIn">
<msg time="2024-06-26T23:15:37.554968" level="INFO">${json_data} = {'results': [{'gender': 'female', 'name': {'title': 'Mrs', 'first': 'Maloe', 'last': 'Herweijer'}, 'location': {'street': {'number': 3012, 'name': 'Baudartiusstraat'}, 'city': 'Echten Fr', 'state': 'Z...</msg>
<var>${json_data}</var>
<arg>${response.json()}</arg>
<doc>Returns the given values which can then be assigned to a variables.</doc>
<status status="PASS" start="2024-06-26T23:15:37.554512" elapsed="0.000485"/>
</kw>
<kw name="Dictionary Should Contain Key" owner="Collections">
<arg>${json_data}</arg>
<arg>results</arg>
<doc>Fails if ``key`` is not found from ``dictionary``.</doc>
<status status="PASS" start="2024-06-26T23:15:37.555302" elapsed="0.000206"/>
</kw>
<status status="PASS" start="2024-06-26T23:15:37.352193" elapsed="0.203474"/>
</kw>
<doc>Testa se a API responde corretamente e retorna um objeto JSON válido.</doc>
<tag>testeRequisicaoBasica</tag>
<status status="PASS" start="2024-06-26T23:15:37.351648" elapsed="0.204197"/>
</test>
<test id="s1-s1-t3" name="Validar estrutura de resposta" line="22">
<kw name="Teste de Estrutura de Resposta" owner="random-user-service">
<kw name="GET On Session" owner="RequestsLibrary">
<msg time="2024-06-26T23:15:37.641702" level="INFO">GET Request : url=https://randomuser.me/api 
 path_url=/api 
 headers={'User-Agent': 'python-requests/2.32.3', 'Accept-Encoding': 'gzip, deflate', 'Accept': '*/*', 'Connection': 'keep-alive'} 
 body=None 
 </msg>
<msg time="2024-06-26T23:15:37.641808" level="INFO">GET Response : url=https://randomuser.me/api 
 status=200, reason=OK 
 headers={'Date': 'Wed, 26 Jun 2024 23:15:37 GMT', 'Content-Type': 'application/json; charset=utf-8', 'Transfer-Encoding': 'chunked', 'Connection': 'keep-alive', 'X-Powered-By': 'Express', 'Access-Control-Allow-Origin': '*', 'Cache-Control': 'no-cache', 'ETag': 'W/"491-zZQUOO1mDhi3zbWkgCHhNJRGkh0"', 'Vary': 'Accept-Encoding', 'Content-Encoding': 'gzip', 'CF-Cache-Status': 'DYNAMIC', 'Report-To': '{"endpoints":[{"url":"https:\\/\\/a.nel.cloudflare.com\\/report\\/v4?s=YXz7gkZW30YJVO51PH9JcPe6LR0D%2F2lrHa8Q15rd1uhWYSP3AbUiACO69QtXxiU%2BFcMfYTauqsdNqgZfpegZ1u%2FLVRisD1oYx%2FATbL%2BRv9viVsTPxZ3iZinHU2nzV9v8"}],"group":"cf-nel","max_age":604800}', 'NEL': '{"success_fraction":0,"report_to":"cf-nel","max_age":604800}', 'Server': 'cloudflare', 'CF-RAY': '89a0e67fcf973b44-IAD', 'alt-svc': 'h3=":443"; ma=86400'} 
 body={"results":[{"gender":"male","name":{"title":"Mr","first":"Ross","last":"Peters"},"location":{"street":{"number":3782,"name":"Smokey Ln"},"city":"Queanbeyan","state":"Queensland","country":"Australia","postcode":2491,"coordinates":{"latitude":"-88.9547","longitude":"-113.2402"},"timezone":{"offset":"+5:00","description":"Ekaterinburg, Islamabad, Karachi, Tashkent"}},"email":"ross.peters@example.com","login":{"uuid":"dbb6cb6c-c299-4531-9987-ac237fbc3f35","username":"orangekoala683","password":"marvin","salt":"UjKJumew","md5":"48d5d9fb55ef7f07dd3b37f6ef87b963","sha1":"2a4a2ab37c269f866bc613d13b72166868b64ac7","sha256":"b7d0244c2304ec4cc47f9535bb45620a73f40d3d94cb7769ea1f9fe732f2353a"},"dob":{"date":"1990-07-28T23:20:25.246Z","age":33},"registered":{"date":"2005-09-28T01:44:41.809Z","age":18},"phone":"04-9782-9232","cell":"0495-458-150","id":{"name":"TFN","value":"766509924"},"picture":{"large":"https://randomuser.me/api/portraits/men/20.jpg","medium":"https://randomuser.me/api/portraits/med/men/20.jpg","thumbnail":"https://randomuser.me/api/portraits/thumb/men/20.jpg"},"nat":"AU"}],"info":{"seed":"b366456546ec700f","results":1,"page":1,"version":"1.4"}} 
 </msg>
<msg time="2024-06-26T23:15:37.641960" level="INFO">/opt/hostedtoolcache/Python/3.12.4/x64/lib/python3.12/site-packages/urllib3/connectionpool.py:1099: InsecureRequestWarning: Unverified HTTPS request is being made to host 'randomuser.me'. Adding certificate verification is strongly advised. See: https://urllib3.readthedocs.io/en/latest/advanced-usage.html#tls-warnings
  warnings.warn(</msg>
<msg time="2024-06-26T23:15:37.642103" level="INFO">${response} = &lt;Response [200]&gt;</msg>
<var>${response}</var>
<arg>consultarAPI</arg>
<arg>/api</arg>
<doc>Sends a GET request on a previously created HTTP Session.</doc>
<status status="PASS" start="2024-06-26T23:15:37.558561" elapsed="0.083594"/>
</kw>
<kw name="Set Variable" owner="BuiltIn">
<msg time="2024-06-26T23:15:37.643537" level="INFO">${json_data} = {'results': [{'gender': 'male', 'name': {'title': 'Mr', 'first': 'Ross', 'last': 'Peters'}, 'location': {'street': {'number': 3782, 'name': 'Smokey Ln'}, 'city': 'Queanbeyan', 'state': 'Queensland', '...</msg>
<var>${json_data}</var>
<arg>${response.json()}</arg>
<doc>Returns the given values which can then be assigned to a variables.</doc>
<status status="PASS" start="2024-06-26T23:15:37.642832" elapsed="0.000741"/>
</kw>
<kw name="Log" owner="BuiltIn">
<msg time="2024-06-26T23:15:37.644107" level="INFO">{'results': [{'gender': 'male', 'name': {'title': 'Mr', 'first': 'Ross', 'last': 'Peters'}, 'location': {'street': {'number': 3782, 'name': 'Smokey Ln'}, 'city': 'Queanbeyan', 'state': 'Queensland', 'country': 'Australia', 'postcode': 2491, 'coordinates': {'latitude': '-88.9547', 'longitude': '-113.2402'}, 'timezone': {'offset': '+5:00', 'description': 'Ekaterinburg, Islamabad, Karachi, Tashkent'}}, 'email': 'ross.peters@example.com', 'login': {'uuid': 'dbb6cb6c-c299-4531-9987-ac237fbc3f35', 'username': 'orangekoala683', 'password': 'marvin', 'salt': 'UjKJumew', 'md5': '48d5d9fb55ef7f07dd3b37f6ef87b963', 'sha1': '2a4a2ab37c269f866bc613d13b72166868b64ac7', 'sha256': 'b7d0244c2304ec4cc47f9535bb45620a73f40d3d94cb7769ea1f9fe732f2353a'}, 'dob': {'date': '1990-07-28T23:20:25.246Z', 'age': 33}, 'registered': {'date': '2005-09-28T01:44:41.809Z', 'age': 18}, 'phone': '04-9782-9232', 'cell': '0495-458-150', 'id': {'name': 'TFN', 'value': '766509924'}, 'picture': {'large': 'https://randomuser.me/api/portraits/men/20.jpg', 'medium': 'https://randomuser.me/api/portraits/med/men/20.jpg', 'thumbnail': 'https://randomuser.me/api/portraits/thumb/men/20.jpg'}, 'nat': 'AU'}], 'info': {'seed': 'b366456546ec700f', 'results': 1, 'page': 1, 'version': '1.4'}}</msg>
<arg>${json_data}</arg>
<doc>Logs the given message with the given level.</doc>
<status status="PASS" start="2024-06-26T23:15:37.643934" elapsed="0.000223"/>
</kw>
<kw name="Dictionary Should Contain Key" owner="Collections">
<arg>${json_data}</arg>
<arg>results</arg>
<doc>Fails if ``key`` is not found from ``dictionary``.</doc>
<status status="PASS" start="2024-06-26T23:15:37.644462" elapsed="0.000164"/>
</kw>
<kw name="Should Not Be Empty" owner="BuiltIn">
<msg time="2024-06-26T23:15:37.644945" level="INFO">Length is 2.</msg>
<arg>${json_data}</arg>
<doc>Verifies that the given item is not empty.</doc>
<status status="PASS" start="2024-06-26T23:15:37.644812" elapsed="0.000172"/>
</kw>
<kw name="Create List" owner="BuiltIn">
<msg time="2024-06-26T23:15:37.645760" level="INFO">${expected_keys} = ['gender', 'name', 'location', 'email', 'login']</msg>
<var>${expected_keys}</var>
<arg>gender</arg>
<arg>name</arg>
<arg>location</arg>
<arg>email</arg>
<arg>login</arg>
<doc>Returns a list containing given items.</doc>
<status status="PASS" start="2024-06-26T23:15:37.645315" elapsed="0.000474"/>
</kw>
<for flavor="IN">
<iter>
<kw name="Dictionary Should Contain Key" owner="Collections">
<arg>${json_data['results'][0]}</arg>
<arg>${key}</arg>
<doc>Fails if ``key`` is not found from ``dictionary``.</doc>
<status status="PASS" start="2024-06-26T23:15:37.646391" elapsed="0.000409"/>
</kw>
<kw name="Log" owner="BuiltIn">
<msg time="2024-06-26T23:15:37.647347" level="INFO">{'gender': 'male', 'name': {'title': 'Mr', 'first': 'Ross', 'last': 'Peters'}, 'location': {'street': {'number': 3782, 'name': 'Smokey Ln'}, 'city': 'Queanbeyan', 'state': 'Queensland', 'country': 'Australia', 'postcode': 2491, 'coordinates': {'latitude': '-88.9547', 'longitude': '-113.2402'}, 'timezone': {'offset': '+5:00', 'description': 'Ekaterinburg, Islamabad, Karachi, Tashkent'}}, 'email': 'ross.peters@example.com', 'login': {'uuid': 'dbb6cb6c-c299-4531-9987-ac237fbc3f35', 'username': 'orangekoala683', 'password': 'marvin', 'salt': 'UjKJumew', 'md5': '48d5d9fb55ef7f07dd3b37f6ef87b963', 'sha1': '2a4a2ab37c269f866bc613d13b72166868b64ac7', 'sha256': 'b7d0244c2304ec4cc47f9535bb45620a73f40d3d94cb7769ea1f9fe732f2353a'}, 'dob': {'date': '1990-07-28T23:20:25.246Z', 'age': 33}, 'registered': {'date': '2005-09-28T01:44:41.809Z', 'age': 18}, 'phone': '04-9782-9232', 'cell': '0495-458-150', 'id': {'name': 'TFN', 'value': '766509924'}, 'picture': {'large': 'https://randomuser.me/api/portraits/men/20.jpg', 'medium': 'https://randomuser.me/api/portraits/med/men/20.jpg', 'thumbnail': 'https://randomuser.me/api/portraits/thumb/men/20.jpg'}, 'nat': 'AU'}</msg>
<arg>${json_data['results'][0]}</arg>
<doc>Logs the given message with the given level.</doc>
<status status="PASS" start="2024-06-26T23:15:37.646986" elapsed="0.000410"/>
</kw>
<kw name="Log" owner="BuiltIn">
<msg time="2024-06-26T23:15:37.647859" level="INFO">gender</msg>
<arg>${key}</arg>
<doc>Logs the given message with the given level.</doc>
<status status="PASS" start="2024-06-26T23:15:37.647728" elapsed="0.000169"/>
</kw>
<var name="${key}">gender</var>
<status status="PASS" start="2024-06-26T23:15:37.646265" elapsed="0.001849"/>
</iter>
<iter>
<kw name="Dictionary Should Contain Key" owner="Collections">
<arg>${json_data['results'][0]}</arg>
<arg>${key}</arg>
<doc>Fails if ``key`` is not found from ``dictionary``.</doc>
<status status="PASS" start="2024-06-26T23:15:37.648414" elapsed="0.000390"/>
</kw>
<kw name="Log" owner="BuiltIn">
<msg time="2024-06-26T23:15:37.649340" level="INFO">{'gender': 'male', 'name': {'title': 'Mr', 'first': 'Ross', 'last': 'Peters'}, 'location': {'street': {'number': 3782, 'name': 'Smokey Ln'}, 'city': 'Queanbeyan', 'state': 'Queensland', 'country': 'Australia', 'postcode': 2491, 'coordinates': {'latitude': '-88.9547', 'longitude': '-113.2402'}, 'timezone': {'offset': '+5:00', 'description': 'Ekaterinburg, Islamabad, Karachi, Tashkent'}}, 'email': 'ross.peters@example.com', 'login': {'uuid': 'dbb6cb6c-c299-4531-9987-ac237fbc3f35', 'username': 'orangekoala683', 'password': 'marvin', 'salt': 'UjKJumew', 'md5': '48d5d9fb55ef7f07dd3b37f6ef87b963', 'sha1': '2a4a2ab37c269f866bc613d13b72166868b64ac7', 'sha256': 'b7d0244c2304ec4cc47f9535bb45620a73f40d3d94cb7769ea1f9fe732f2353a'}, 'dob': {'date': '1990-07-28T23:20:25.246Z', 'age': 33}, 'registered': {'date': '2005-09-28T01:44:41.809Z', 'age': 18}, 'phone': '04-9782-9232', 'cell': '0495-458-150', 'id': {'name': 'TFN', 'value': '766509924'}, 'picture': {'large': 'https://randomuser.me/api/portraits/men/20.jpg', 'medium': 'https://randomuser.me/api/portraits/med/men/20.jpg', 'thumbnail': 'https://randomuser.me/api/portraits/thumb/men/20.jpg'}, 'nat': 'AU'}</msg>
<arg>${json_data['results'][0]}</arg>
<doc>Logs the given message with the given level.</doc>
<status status="PASS" start="2024-06-26T23:15:37.648986" elapsed="0.000434"/>
</kw>
<kw name="Log" owner="BuiltIn">
<msg time="2024-06-26T23:15:37.649846" level="INFO">name</msg>
<arg>${key}</arg>
<doc>Logs the given message with the given level.</doc>
<status status="PASS" start="2024-06-26T23:15:37.649719" elapsed="0.000165"/>
</kw>
<var name="${key}">name</var>
<status status="PASS" start="2024-06-26T23:15:37.648302" elapsed="0.001799"/>
</iter>
<iter>
<kw name="Dictionary Should Contain Key" owner="Collections">
<arg>${json_data['results'][0]}</arg>
<arg>${key}</arg>
<doc>Fails if ``key`` is not found from ``dictionary``.</doc>
<status status="PASS" start="2024-06-26T23:15:37.650386" elapsed="0.000377"/>
</kw>
<kw name="Log" owner="BuiltIn">
<msg time="2024-06-26T23:15:37.651295" level="INFO">{'gender': 'male', 'name': {'title': 'Mr', 'first': 'Ross', 'last': 'Peters'}, 'location': {'street': {'number': 3782, 'name': 'Smokey Ln'}, 'city': 'Queanbeyan', 'state': 'Queensland', 'country': 'Australia', 'postcode': 2491, 'coordinates': {'latitude': '-88.9547', 'longitude': '-113.2402'}, 'timezone': {'offset': '+5:00', 'description': 'Ekaterinburg, Islamabad, Karachi, Tashkent'}}, 'email': 'ross.peters@example.com', 'login': {'uuid': 'dbb6cb6c-c299-4531-9987-ac237fbc3f35', 'username': 'orangekoala683', 'password': 'marvin', 'salt': 'UjKJumew', 'md5': '48d5d9fb55ef7f07dd3b37f6ef87b963', 'sha1': '2a4a2ab37c269f866bc613d13b72166868b64ac7', 'sha256': 'b7d0244c2304ec4cc47f9535bb45620a73f40d3d94cb7769ea1f9fe732f2353a'}, 'dob': {'date': '1990-07-28T23:20:25.246Z', 'age': 33}, 'registered': {'date': '2005-09-28T01:44:41.809Z', 'age': 18}, 'phone': '04-9782-9232', 'cell': '0495-458-150', 'id': {'name': 'TFN', 'value': '766509924'}, 'picture': {'large': 'https://randomuser.me/api/portraits/men/20.jpg', 'medium': 'https://randomuser.me/api/portraits/med/men/20.jpg', 'thumbnail': 'https://randomuser.me/api/portraits/thumb/men/20.jpg'}, 'nat': 'AU'}</msg>
<arg>${json_data['results'][0]}</arg>
<doc>Logs the given message with the given level.</doc>
<status status="PASS" start="2024-06-26T23:15:37.650943" elapsed="0.000402"/>
</kw>
<kw name="Log" owner="BuiltIn">
<msg time="2024-06-26T23:15:37.651822" level="INFO">location</msg>
<arg>${key}</arg>
<doc>Logs the given message with the given level.</doc>
<status status="PASS" start="2024-06-26T23:15:37.651689" elapsed="0.000170"/>
</kw>
<var name="${key}">location</var>
<status status="PASS" start="2024-06-26T23:15:37.650279" elapsed="0.001796"/>
</iter>
<iter>
<kw name="Dictionary Should Contain Key" owner="Collections">
<arg>${json_data['results'][0]}</arg>
<arg>${key}</arg>
<doc>Fails if ``key`` is not found from ``dictionary``.</doc>
<status status="PASS" start="2024-06-26T23:15:37.652350" elapsed="0.000385"/>
</kw>
<kw name="Log" owner="BuiltIn">
<msg time="2024-06-26T23:15:37.653266" level="INFO">{'gender': 'male', 'name': {'title': 'Mr', 'first': 'Ross', 'last': 'Peters'}, 'location': {'street': {'number': 3782, 'name': 'Smokey Ln'}, 'city': 'Queanbeyan', 'state': 'Queensland', 'country': 'Australia', 'postcode': 2491, 'coordinates': {'latitude': '-88.9547', 'longitude': '-113.2402'}, 'timezone': {'offset': '+5:00', 'description': 'Ekaterinburg, Islamabad, Karachi, Tashkent'}}, 'email': 'ross.peters@example.com', 'login': {'uuid': 'dbb6cb6c-c299-4531-9987-ac237fbc3f35', 'username': 'orangekoala683', 'password': 'marvin', 'salt': 'UjKJumew', 'md5': '48d5d9fb55ef7f07dd3b37f6ef87b963', 'sha1': '2a4a2ab37c269f866bc613d13b72166868b64ac7', 'sha256': 'b7d0244c2304ec4cc47f9535bb45620a73f40d3d94cb7769ea1f9fe732f2353a'}, 'dob': {'date': '1990-07-28T23:20:25.246Z', 'age': 33}, 'registered': {'date': '2005-09-28T01:44:41.809Z', 'age': 18}, 'phone': '04-9782-9232', 'cell': '0495-458-150', 'id': {'name': 'TFN', 'value': '766509924'}, 'picture': {'large': 'https://randomuser.me/api/portraits/men/20.jpg', 'medium': 'https://randomuser.me/api/portraits/med/men/20.jpg', 'thumbnail': 'https://randomuser.me/api/portraits/thumb/men/20.jpg'}, 'nat': 'AU'}</msg>
<arg>${json_data['results'][0]}</arg>
<doc>Logs the given message with the given level.</doc>
<status status="PASS" start="2024-06-26T23:15:37.652920" elapsed="0.000394"/>
</kw>
<kw name="Log" owner="BuiltIn">
<msg time="2024-06-26T23:15:37.653733" level="INFO">email</msg>
<arg>${key}</arg>
<doc>Logs the given message with the given level.</doc>
<status status="PASS" start="2024-06-26T23:15:37.653608" elapsed="0.000162"/>
</kw>
<var name="${key}">email</var>
<status status="PASS" start="2024-06-26T23:15:37.652244" elapsed="0.001747"/>
</iter>
<iter>
<kw name="Dictionary Should Contain Key" owner="Collections">
<arg>${json_data['results'][0]}</arg>
<arg>${key}</arg>
<doc>Fails if ``key`` is not found from ``dictionary``.</doc>
<status status="PASS" start="2024-06-26T23:15:37.654274" elapsed="0.000384"/>
</kw>
<kw name="Log" owner="BuiltIn">
<msg time="2024-06-26T23:15:37.655180" level="INFO">{'gender': 'male', 'name': {'title': 'Mr', 'first': 'Ross', 'last': 'Peters'}, 'location': {'street': {'number': 3782, 'name': 'Smokey Ln'}, 'city': 'Queanbeyan', 'state': 'Queensland', 'country': 'Australia', 'postcode': 2491, 'coordinates': {'latitude': '-88.9547', 'longitude': '-113.2402'}, 'timezone': {'offset': '+5:00', 'description': 'Ekaterinburg, Islamabad, Karachi, Tashkent'}}, 'email': 'ross.peters@example.com', 'login': {'uuid': 'dbb6cb6c-c299-4531-9987-ac237fbc3f35', 'username': 'orangekoala683', 'password': 'marvin', 'salt': 'UjKJumew', 'md5': '48d5d9fb55ef7f07dd3b37f6ef87b963', 'sha1': '2a4a2ab37c269f866bc613d13b72166868b64ac7', 'sha256': 'b7d0244c2304ec4cc47f9535bb45620a73f40d3d94cb7769ea1f9fe732f2353a'}, 'dob': {'date': '1990-07-28T23:20:25.246Z', 'age': 33}, 'registered': {'date': '2005-09-28T01:44:41.809Z', 'age': 18}, 'phone': '04-9782-9232', 'cell': '0495-458-150', 'id': {'name': 'TFN', 'value': '766509924'}, 'picture': {'large': 'https://randomuser.me/api/portraits/men/20.jpg', 'medium': 'https://randomuser.me/api/portraits/med/men/20.jpg', 'thumbnail': 'https://randomuser.me/api/portraits/thumb/men/20.jpg'}, 'nat': 'AU'}</msg>
<arg>${json_data['results'][0]}</arg>
<doc>Logs the given message with the given level.</doc>
<status status="PASS" start="2024-06-26T23:15:37.654838" elapsed="0.000390"/>
</kw>
<kw name="Log" owner="BuiltIn">
<msg time="2024-06-26T23:15:37.655675" level="INFO">login</msg>
<arg>${key}</arg>
<doc>Logs the given message with the given level.</doc>
<status status="PASS" start="2024-06-26T23:15:37.655547" elapsed="0.000165"/>
</kw>
<var name="${key}">login</var>
<status status="PASS" start="2024-06-26T23:15:37.654161" elapsed="0.001765"/>
</iter>
<var>${key}</var>
<value>@{expected_keys}</value>
<status status="PASS" start="2024-06-26T23:15:37.646068" elapsed="0.009980"/>
</for>
<kw name="Create List" owner="BuiltIn">
<msg time="2024-06-26T23:15:37.656380" level="INFO">${expected_keysTwo} = ['username', 'password']</msg>
<var>${expected_keysTwo}</var>
<arg>username</arg>
<arg>password</arg>
<doc>Returns a list containing given items.</doc>
<status status="PASS" start="2024-06-26T23:15:37.656240" elapsed="0.000190"/>
</kw>
<for flavor="IN">
<iter>
<kw name="Dictionary Should Contain Key" owner="Collections">
<arg>${json_data['results'][0]['login']}</arg>
<arg>${keyTwo}</arg>
<doc>Fails if ``key`` is not found from ``dictionary``.</doc>
<status status="PASS" start="2024-06-26T23:15:37.656932" elapsed="0.000388"/>
</kw>
<kw name="Dictionary Should Contain Key" owner="Collections">
<arg>${json_data['results'][0]['login']}</arg>
<arg>${keyTwo}</arg>
<doc>Fails if ``key`` is not found from ``dictionary``.</doc>
<status status="PASS" start="2024-06-26T23:15:37.657499" elapsed="0.000370"/>
</kw>
<kw name="Log" owner="BuiltIn">
<msg time="2024-06-26T23:15:37.658171" level="INFO">username</msg>
<arg>${keyTwo}</arg>
<doc>Logs the given message with the given level.</doc>
<status status="PASS" start="2024-06-26T23:15:37.658051" elapsed="0.000156"/>
</kw>
<var name="${keyTwo}">username</var>
<status status="PASS" start="2024-06-26T23:15:37.656828" elapsed="0.001603"/>
</iter>
<iter>
<kw name="Dictionary Should Contain Key" owner="Collections">
<arg>${json_data['results'][0]['login']}</arg>
<arg>${keyTwo}</arg>
<doc>Fails if ``key`` is not found from ``dictionary``.</doc>
<status status="PASS" start="2024-06-26T23:15:37.658702" elapsed="0.000377"/>
</kw>
<kw name="Dictionary Should Contain Key" owner="Collections">
<arg>${json_data['results'][0]['login']}</arg>
<arg>${keyTwo}</arg>
<doc>Fails if ``key`` is not found from ``dictionary``.</doc>
<status status="PASS" start="2024-06-26T23:15:37.659254" elapsed="0.000415"/>
</kw>
<kw name="Log" owner="BuiltIn">
<msg time="2024-06-26T23:15:37.659965" level="INFO">password</msg>
<arg>${keyTwo}</arg>
<doc>Logs the given message with the given level.</doc>
<status status="PASS" start="2024-06-26T23:15:37.659845" elapsed="0.000161"/>
</kw>
<var name="${keyTwo}">password</var>
<status status="PASS" start="2024-06-26T23:15:37.658598" elapsed="0.001718"/>
</iter>
<var>${keyTwo}</var>
<value>@{expected_keysTwo}</value>
<status status="PASS" start="2024-06-26T23:15:37.656675" elapsed="0.003761"/>
</for>
<status status="PASS" start="2024-06-26T23:15:37.558319" elapsed="0.102255"/>
</kw>
<doc>Testa a estrutura da resposta da API.</doc>
<tag>testeEstruturaResposta</tag>
<status status="PASS" start="2024-06-26T23:15:37.557686" elapsed="0.103041"/>
</test>
<test id="s1-s1-t4" name="Validar tipos de dados" line="28">
<kw name="Teste de Tipos de Dados" owner="random-user-service">
<kw name="GET On Session" owner="RequestsLibrary">
<msg time="2024-06-26T23:15:37.791694" level="INFO">GET Request : url=https://randomuser.me/api 
 path_url=/api 
 headers={'User-Agent': 'python-requests/2.32.3', 'Accept-Encoding': 'gzip, deflate', 'Accept': '*/*', 'Connection': 'keep-alive'} 
 body=None 
 </msg>
<msg time="2024-06-26T23:15:37.791794" level="INFO">GET Response : url=https://randomuser.me/api 
 status=200, reason=OK 
 headers={'Date': 'Wed, 26 Jun 2024 23:15:37 GMT', 'Content-Type': 'application/json; charset=utf-8', 'Transfer-Encoding': 'chunked', 'Connection': 'keep-alive', 'X-Powered-By': 'Express', 'Access-Control-Allow-Origin': '*', 'Cache-Control': 'no-cache', 'ETag': 'W/"49a-PR4PW2LajJj3hLbpn6hYrNGJxU4"', 'Vary': 'Accept-Encoding', 'Content-Encoding': 'gzip', 'CF-Cache-Status': 'DYNAMIC', 'Report-To': '{"endpoints":[{"url":"https:\\/\\/a.nel.cloudflare.com\\/report\\/v4?s=mbHjUkYkuoP5cAcv4AAo%2FC7pT1FqYZsiJuwj6fioj3Y1WSVPQZJl4yXm%2BZyINO%2FF%2BU3AdUhGe2t3fRQFDdz4f9q%2FehNwV%2BVxu9Dy8ZiYGzKF%2FhDLjWazHhrCLT3%2FvPkc"}],"group":"cf-nel","max_age":604800}', 'NEL': '{"success_fraction":0,"report_to":"cf-nel","max_age":604800}', 'Server': 'cloudflare', 'CF-RAY': '89a0e68068503b44-IAD', 'alt-svc': 'h3=":443"; ma=86400'} 
 body={"results":[{"gender":"male","name":{"title":"Mr","first":"Edward","last":"Reed"},"location":{"street":{"number":5816,"name":"Blossom Hill Rd"},"city":"Australian Capital Territory","state":"Australian Capital Territory","country":"Australia","postcode":4032,"coordinates":{"latitude":"-88.0772","longitude":"-64.8350"},"timezone":{"offset":"-10:00","description":"Hawaii"}},"email":"edward.reed@example.com","login":{"uuid":"4b19011f-4e5b-4268-bc08-25cc0bb8c6be","username":"beautifullion235","password":"services","salt":"r4uQlzGE","md5":"3f11a0cb159dc0980135a7a22327e07d","sha1":"277acb56ea3b4183599e777e6d6cfd0b9108c8b5","sha256":"f361ac4df8d9f16ba31dbe3a6c3cb3ffc7870ff8338a0ec6cceeb9b70d6ea9a7"},"dob":{"date":"1964-01-13T20:24:07.097Z","age":60},"registered":{"date":"2017-09-09T17:06:46.042Z","age":6},"phone":"00-6758-3781","cell":"0418-619-151","id":{"name":"TFN","value":"531581500"},"picture":{"large":"https://randomuser.me/api/portraits/men/77.jpg","medium":"https://randomuser.me/api/portraits/med/men/77.jpg","thumbnail":"https://randomuser.me/api/portraits/thumb/men/77.jpg"},"nat":"AU"}],"info":{"seed":"225b1f07342924f0","results":1,"page":1,"version":"1.4"}} 
 </msg>
<msg time="2024-06-26T23:15:37.791868" level="INFO">/opt/hostedtoolcache/Python/3.12.4/x64/lib/python3.12/site-packages/urllib3/connectionpool.py:1099: InsecureRequestWarning: Unverified HTTPS request is being made to host 'randomuser.me'. Adding certificate verification is strongly advised. See: https://urllib3.readthedocs.io/en/latest/advanced-usage.html#tls-warnings
  warnings.warn(</msg>
<msg time="2024-06-26T23:15:37.791996" level="INFO">${response} = &lt;Response [200]&gt;</msg>
<var>${response}</var>
<arg>consultarAPI</arg>
<arg>/api</arg>
<doc>Sends a GET request on a previously created HTTP Session.</doc>
<status status="PASS" start="2024-06-26T23:15:37.663271" elapsed="0.128768"/>
</kw>
<kw name="Set Variable" owner="BuiltIn">
<msg time="2024-06-26T23:15:37.793300" level="INFO">${json_data} = {'results': [{'gender': 'male', 'name': {'title': 'Mr', 'first': 'Edward', 'last': 'Reed'}, 'location': {'street': {'number': 5816, 'name': 'Blossom Hill Rd'}, 'city': 'Australian Capital Territory', ...</msg>
<var>${json_data}</var>
<arg>${response.json()}</arg>
<doc>Returns the given values which can then be assigned to a variables.</doc>
<status status="PASS" start="2024-06-26T23:15:37.792711" elapsed="0.000622"/>
</kw>
<kw name="Log" owner="BuiltIn">
<msg time="2024-06-26T23:15:37.793801" level="INFO">{'results': [{'gender': 'male', 'name': {'title': 'Mr', 'first': 'Edward', 'last': 'Reed'}, 'location': {'street': {'number': 5816, 'name': 'Blossom Hill Rd'}, 'city': 'Australian Capital Territory', 'state': 'Australian Capital Territory', 'country': 'Australia', 'postcode': 4032, 'coordinates': {'latitude': '-88.0772', 'longitude': '-64.8350'}, 'timezone': {'offset': '-10:00', 'description': 'Hawaii'}}, 'email': 'edward.reed@example.com', 'login': {'uuid': '4b19011f-4e5b-4268-bc08-25cc0bb8c6be', 'username': 'beautifullion235', 'password': 'services', 'salt': 'r4uQlzGE', 'md5': '3f11a0cb159dc0980135a7a22327e07d', 'sha1': '277acb56ea3b4183599e777e6d6cfd0b9108c8b5', 'sha256': 'f361ac4df8d9f16ba31dbe3a6c3cb3ffc7870ff8338a0ec6cceeb9b70d6ea9a7'}, 'dob': {'date': '1964-01-13T20:24:07.097Z', 'age': 60}, 'registered': {'date': '2017-09-09T17:06:46.042Z', 'age': 6}, 'phone': '00-6758-3781', 'cell': '0418-619-151', 'id': {'name': 'TFN', 'value': '531581500'}, 'picture': {'large': 'https://randomuser.me/api/portraits/men/77.jpg', 'medium': 'https://randomuser.me/api/portraits/med/men/77.jpg', 'thumbnail': 'https://randomuser.me/api/portraits/thumb/men/77.jpg'}, 'nat': 'AU'}], 'info': {'seed': '225b1f07342924f0', 'results': 1, 'page': 1, 'version': '1.4'}}</msg>
<arg>${json_data}</arg>
<doc>Logs the given message with the given level.</doc>
<status status="PASS" start="2024-06-26T23:15:37.793639" elapsed="0.000209"/>
</kw>
<kw name="Should Be String" owner="String">
<arg>${json_data['results'][0]['gender']}</arg>
<doc>Fails if the given ``item`` is not a string.</doc>
<status status="PASS" start="2024-06-26T23:15:37.794132" elapsed="0.000354"/>
</kw>
<kw name="Should Match Regexp" owner="BuiltIn">
<arg>${json_data['results'][0]['email']}</arg>
<arg>^[a-zA-Z0-9._%+-]+@[a-zA-Z0-9.-]+\.[a-zA-Z]{2,}$</arg>
<doc>Fails if ``string`` does not match ``pattern`` as a regular expression.</doc>
<status status="PASS" start="2024-06-26T23:15:37.794671" elapsed="0.000553"/>
</kw>
<kw name="Should Match Regexp" owner="BuiltIn">
<arg>${json_data['results'][0]['dob']['date']}</arg>
<arg>\\d{4}-\\d{2}-\\d{2}T\\d{2}:\\d{2}:\\d{2}\\.\\d{3}Z</arg>
<doc>Fails if ``string`` does not match ``pattern`` as a regular expression.</doc>
<status status="PASS" start="2024-06-26T23:15:37.795443" elapsed="0.000500"/>
</kw>
<kw name="Should Match Regexp" owner="BuiltIn">
<arg>${json_data['results'][0]['registered']['date']}</arg>
<arg>\\d{4}-\\d{2}-\\d{2}T\\d{2}:\\d{2}:\\d{2}\\.\\d{3}Z</arg>
<doc>Fails if ``string`` does not match ``pattern`` as a regular expression.</doc>
<status status="PASS" start="2024-06-26T23:15:37.796132" elapsed="0.000367"/>
</kw>
<kw name="Should Match Regexp" owner="BuiltIn">
<arg>${json_data['results'][0]['picture']['large']}</arg>
<arg>^https?://.*\.(?:png|jpe?g|gif|bmp)$</arg>
<doc>Fails if ``string`` does not match ``pattern`` as a regular expression.</doc>
<status status="PASS" start="2024-06-26T23:15:37.796680" elapsed="0.000449"/>
</kw>
<kw name="Should Match Regexp" owner="BuiltIn">
<arg>${json_data['results'][0]['picture']['medium']}</arg>
<arg>^https?://.*\.(?:png|jpe?g|gif|bmp)$</arg>
<doc>Fails if ``string`` does not match ``pattern`` as a regular expression.</doc>
<status status="PASS" start="2024-06-26T23:15:37.797315" elapsed="0.000347"/>
</kw>
<kw name="Should Match Regexp" owner="BuiltIn">
<arg>${json_data['results'][0]['picture']['thumbnail']}</arg>
<arg>^https?://.*\.(?:png|jpe?g|gif|bmp)$</arg>
<doc>Fails if ``string`` does not match ``pattern`` as a regular expression.</doc>
<status status="PASS" start="2024-06-26T23:15:37.797843" elapsed="0.000353"/>
</kw>
<kw name="Log" owner="BuiltIn">
<msg time="2024-06-26T23:15:37.798704" level="INFO">{'large': 'https://randomuser.me/api/portraits/men/77.jpg', 'medium': 'https://randomuser.me/api/portraits/med/men/77.jpg', 'thumbnail': 'https://randomuser.me/api/portraits/thumb/men/77.jpg'}</msg>
<arg>${json_data['results'][0]['picture']}</arg>
<doc>Logs the given message with the given level.</doc>
<status status="PASS" start="2024-06-26T23:15:37.798379" elapsed="0.000368"/>
</kw>
<status status="PASS" start="2024-06-26T23:15:37.663050" elapsed="0.135950"/>
</kw>
<kw name="Teste de Tipos de Dados - Postcode" owner="random-user-service">
<kw name="GET On Session" owner="RequestsLibrary">
<msg time="2024-06-26T23:15:37.840924" level="INFO">GET Request : url=https://randomuser.me/api 
 path_url=/api 
 headers={'User-Agent': 'python-requests/2.32.3', 'Accept-Encoding': 'gzip, deflate', 'Accept': '*/*', 'Connection': 'keep-alive'} 
 body=None 
 </msg>
<msg time="2024-06-26T23:15:37.841002" level="INFO">GET Response : url=https://randomuser.me/api 
 status=200, reason=OK 
 headers={'Date': 'Wed, 26 Jun 2024 23:15:37 GMT', 'Content-Type': 'application/json; charset=utf-8', 'Transfer-Encoding': 'chunked', 'Connection': 'keep-alive', 'X-Powered-By': 'Express', 'Access-Control-Allow-Origin': '*', 'Cache-Control': 'no-cache', 'ETag': 'W/"482-Q/7hBsUK1jU1XaA16D9x7Gc+B00"', 'Vary': 'Accept-Encoding', 'Content-Encoding': 'gzip', 'CF-Cache-Status': 'DYNAMIC', 'Report-To': '{"endpoints":[{"url":"https:\\/\\/a.nel.cloudflare.com\\/report\\/v4?s=cj%2FO1BQiNIUb3bIkDjfXJMsxLVXe%2FWLGuLtfRULfCeRbMlkmJH1ZDCwIy%2BivUOg2pixa1R9odDypdjQgCIVi1OlyVfwSqL8D%2FxXsahBU78mwrCnWajDHlm242CjHiX4o"}],"group":"cf-nel","max_age":604800}', 'NEL': '{"success_fraction":0,"report_to":"cf-nel","max_age":604800}', 'Server': 'cloudflare', 'CF-RAY': '89a0e68149353b44-IAD', 'alt-svc': 'h3=":443"; ma=86400'} 
 body={"results":[{"gender":"female","name":{"title":"Mrs","first":"Julia","last":"Foster"},"location":{"street":{"number":1057,"name":"James St"},"city":"Yonkers","state":"Nevada","country":"United States","postcode":95553,"coordinates":{"latitude":"84.2376","longitude":"105.1227"},"timezone":{"offset":"-3:30","description":"Newfoundland"}},"email":"julia.foster@example.com","login":{"uuid":"745416f8-f262-420a-ace5-14714f9748d9","username":"goldenbutterfly369","password":"teddy","salt":"iykkcMkX","md5":"1ead383ae6f8214d1f9c35c1de7b2b09","sha1":"471022b1ba7874949750f13fed9d63e279c32706","sha256":"adac93ebb0e5bca848407712ac7ed7e2e4f225c500ff764432c3935b7ca41db8"},"dob":{"date":"1970-01-01T14:42:05.539Z","age":54},"registered":{"date":"2003-10-30T09:37:46.804Z","age":20},"phone":"(964) 458-6697","cell":"(373) 735-0308","id":{"name":"SSN","value":"034-96-1008"},"picture":{"large":"https://randomuser.me/api/portraits/women/29.jpg","medium":"https://randomuser.me/api/portraits/med/women/29.jpg","thumbnail":"https://randomuser.me/api/portraits/thumb/women/29.jpg"},"nat":"US"}],"info":{"seed":"da5c8f6d052790ee","results":1,"page":1,"version":"1.4"}} 
 </msg>
<msg time="2024-06-26T23:15:37.841077" level="INFO">/opt/hostedtoolcache/Python/3.12.4/x64/lib/python3.12/site-packages/urllib3/connectionpool.py:1099: InsecureRequestWarning: Unverified HTTPS request is being made to host 'randomuser.me'. Adding certificate verification is strongly advised. See: https://urllib3.readthedocs.io/en/latest/advanced-usage.html#tls-warnings
  warnings.warn(</msg>
<msg time="2024-06-26T23:15:37.841183" level="INFO">${response} = &lt;Response [200]&gt;</msg>
<var>${response}</var>
<arg>consultarAPI</arg>
<arg>/api</arg>
<doc>Sends a GET request on a previously created HTTP Session.</doc>
<status status="PASS" start="2024-06-26T23:15:37.799481" elapsed="0.041755"/>
</kw>
<kw name="Set Variable" owner="BuiltIn">
<msg time="2024-06-26T23:15:37.842511" level="INFO">${json_data} = {'results': [{'gender': 'female', 'name': {'title': 'Mrs', 'first': 'Julia', 'last': 'Foster'}, 'location': {'street': {'number': 1057, 'name': 'James St'}, 'city': 'Yonkers', 'state': 'Nevada', 'coun...</msg>
<var>${json_data}</var>
<arg>${response.json()}</arg>
<doc>Returns the given values which can then be assigned to a variables.</doc>
<status status="PASS" start="2024-06-26T23:15:37.841822" elapsed="0.000718"/>
</kw>
<kw name="Log" owner="BuiltIn">
<msg time="2024-06-26T23:15:37.842998" level="INFO">{'results': [{'gender': 'female', 'name': {'title': 'Mrs', 'first': 'Julia', 'last': 'Foster'}, 'location': {'street': {'number': 1057, 'name': 'James St'}, 'city': 'Yonkers', 'state': 'Nevada', 'country': 'United States', 'postcode': 95553, 'coordinates': {'latitude': '84.2376', 'longitude': '105.1227'}, 'timezone': {'offset': '-3:30', 'description': 'Newfoundland'}}, 'email': 'julia.foster@example.com', 'login': {'uuid': '745416f8-f262-420a-ace5-14714f9748d9', 'username': 'goldenbutterfly369', 'password': 'teddy', 'salt': 'iykkcMkX', 'md5': '1ead383ae6f8214d1f9c35c1de7b2b09', 'sha1': '471022b1ba7874949750f13fed9d63e279c32706', 'sha256': 'adac93ebb0e5bca848407712ac7ed7e2e4f225c500ff764432c3935b7ca41db8'}, 'dob': {'date': '1970-01-01T14:42:05.539Z', 'age': 54}, 'registered': {'date': '2003-10-30T09:37:46.804Z', 'age': 20}, 'phone': '(964) 458-6697', 'cell': '(373) 735-0308', 'id': {'name': 'SSN', 'value': '034-96-1008'}, 'picture': {'large': 'https://randomuser.me/api/portraits/women/29.jpg', 'medium': 'https://randomuser.me/api/portraits/med/women/29.jpg', 'thumbnail': 'https://randomuser.me/api/portraits/thumb/women/29.jpg'}, 'nat': 'US'}], 'info': {'seed': 'da5c8f6d052790ee', 'results': 1, 'page': 1, 'version': '1.4'}}</msg>
<arg>${json_data}</arg>
<doc>Logs the given message with the given level.</doc>
<status status="PASS" start="2024-06-26T23:15:37.842844" elapsed="0.000204"/>
</kw>
<kw name="Should Be Equal As Numbers" owner="BuiltIn">
<arg>${json_data['results'][0]['location']['postcode']}</arg>
<arg>${json_data['results'][0]['location']['postcode']}</arg>
<doc>Fails if objects are unequal after converting them to real numbers.</doc>
<status status="PASS" start="2024-06-26T23:15:37.843342" elapsed="0.000662"/>
</kw>
<kw name="Log" owner="BuiltIn">
<msg time="2024-06-26T23:15:37.844674" level="INFO">95553</msg>
<arg>${json_data['results'][0]['location']['postcode']}</arg>
<doc>Logs the given message with the given level.</doc>
<status status="PASS" start="2024-06-26T23:15:37.844200" elapsed="0.000515"/>
</kw>
<status status="PASS" start="2024-06-26T23:15:37.799226" elapsed="0.045770"/>
</kw>
<doc>Testa se os tipos de dados na resposta da API estão corretos.</doc>
<tag>testeTiposDados</tag>
<status status="PASS" start="2024-06-26T23:15:37.662480" elapsed="0.182680"/>
</test>
<test id="s1-s1-t5" name="Validar conteudo" line="35">
<kw name="Teste de Tipos de Conteudo" owner="random-user-service">
<kw name="GET On Session" owner="RequestsLibrary">
<msg time="2024-06-26T23:15:37.948335" level="INFO">GET Request : url=https://randomuser.me/api 
 path_url=/api 
 headers={'User-Agent': 'python-requests/2.32.3', 'Accept-Encoding': 'gzip, deflate', 'Accept': '*/*', 'Connection': 'keep-alive'} 
 body=None 
 </msg>
<msg time="2024-06-26T23:15:37.948447" level="INFO">GET Response : url=https://randomuser.me/api 
 status=200, reason=OK 
 headers={'Date': 'Wed, 26 Jun 2024 23:15:37 GMT', 'Content-Type': 'application/json; charset=utf-8', 'Transfer-Encoding': 'chunked', 'Connection': 'keep-alive', 'X-Powered-By': 'Express', 'Access-Control-Allow-Origin': '*', 'Cache-Control': 'no-cache', 'ETag': 'W/"48e-hc1JoG04JV1LPXxVFbrdCm6q0kE"', 'Vary': 'Accept-Encoding', 'Content-Encoding': 'gzip', 'CF-Cache-Status': 'DYNAMIC', 'Report-To': '{"endpoints":[{"url":"https:\\/\\/a.nel.cloudflare.com\\/report\\/v4?s=R3wNMmyi0Gmzzy0TKuVNO1aNZw0Iy%2F8aT3pcIORPmO7Ye9NVefhlBBvF7ueJw4gTQYAbz0WqrENl9npZSwZXs2iUhPK%2FbtehPZLvdWAcSYpLJuuNnUi5HO6beIJnSZ11"}],"group":"cf-nel","max_age":604800}', 'NEL': '{"success_fraction":0,"report_to":"cf-nel","max_age":604800}', 'Server': 'cloudflare', 'CF-RAY': '89a0e68199963b44-IAD', 'alt-svc': 'h3=":443"; ma=86400'} 
 body={"results":[{"gender":"male","name":{"title":"Mr","first":"Connor","last":"Otoole"},"location":{"street":{"number":9653,"name":"Patrick Street"},"city":"Loughrea","state":"Laois","country":"Ireland","postcode":55650,"coordinates":{"latitude":"-0.0903","longitude":"-40.8545"},"timezone":{"offset":"-5:00","description":"Eastern Time (US &amp; Canada), Bogota, Lima"}},"email":"connor.otoole@example.com","login":{"uuid":"3b3fa978-97e8-4bfe-8ea8-1e8fd7360c3c","username":"purpleleopard199","password":"twist","salt":"LB4HU75W","md5":"4c6532b6e09d54d997a5b9688e48a3a8","sha1":"fed39318cbbec49523b7ce4268d844b3c0756559","sha256":"e61a17b13b9bc7a704c9ad97585b0b5f554ae524c28971258100a34f77690cde"},"dob":{"date":"1997-08-09T13:51:19.231Z","age":26},"registered":{"date":"2013-07-22T23:03:36.485Z","age":10},"phone":"061-423-0828","cell":"081-398-6715","id":{"name":"PPS","value":"1004484T"},"picture":{"large":"https://randomuser.me/api/portraits/men/97.jpg","medium":"https://randomuser.me/api/portraits/med/men/97.jpg","thumbnail":"https://randomuser.me/api/portraits/thumb/men/97.jpg"},"nat":"IE"}],"info":{"seed":"b6a22a9e12684e73","results":1,"page":1,"version":"1.4"}} 
 </msg>
<msg time="2024-06-26T23:15:37.948533" level="INFO">/opt/hostedtoolcache/Python/3.12.4/x64/lib/python3.12/site-packages/urllib3/connectionpool.py:1099: InsecureRequestWarning: Unverified HTTPS request is being made to host 'randomuser.me'. Adding certificate verification is strongly advised. See: https://urllib3.readthedocs.io/en/latest/advanced-usage.html#tls-warnings
  warnings.warn(</msg>
<msg time="2024-06-26T23:15:37.948675" level="INFO">${response} = &lt;Response [200]&gt;</msg>
<var>${response}</var>
<arg>consultarAPI</arg>
<arg>/api</arg>
<doc>Sends a GET request on a previously created HTTP Session.</doc>
<status status="PASS" start="2024-06-26T23:15:37.847664" elapsed="0.101061"/>
</kw>
<kw name="Set Variable" owner="BuiltIn">
<msg time="2024-06-26T23:15:37.949966" level="INFO">${json_data} = {'results': [{'gender': 'male', 'name': {'title': 'Mr', 'first': 'Connor', 'last': 'Otoole'}, 'location': {'street': {'number': 9653, 'name': 'Patrick Street'}, 'city': 'Loughrea', 'state': 'Laois', '...</msg>
<var>${json_data}</var>
<arg>${response.json()}</arg>
<doc>Returns the given values which can then be assigned to a variables.</doc>
<status status="PASS" start="2024-06-26T23:15:37.949389" elapsed="0.000606"/>
</kw>
<kw name="Set Variable" owner="BuiltIn">
<msg time="2024-06-26T23:15:37.950691" level="INFO">${name_title} = Mr</msg>
<var>${name_title}</var>
<arg>${json_data["results"][0]["name"]["title"]}</arg>
<doc>Returns the given values which can then be assigned to a variables.</doc>
<status status="PASS" start="2024-06-26T23:15:37.950299" elapsed="0.000417"/>
</kw>
<kw name="Create List" owner="BuiltIn">
<msg time="2024-06-26T23:15:37.951158" level="INFO">${allowed_titles} = ['Mr', 'Ms', 'Miss', 'Mrs', 'Madame', 'Monsieur']</msg>
<var>${allowed_titles}</var>
<arg>Mr</arg>
<arg>Ms</arg>
<arg>Miss</arg>
<arg>Mrs</arg>
<arg>Madame</arg>
<arg>Monsieur</arg>
<doc>Returns a list containing given items.</doc>
<status status="PASS" start="2024-06-26T23:15:37.951012" elapsed="0.000170"/>
</kw>
<kw name="List Should Contain Value" owner="Collections">
<arg>${allowed_titles}</arg>
<arg>${name_title}</arg>
<doc>Fails if the ``value`` is not found from ``list``.</doc>
<status status="PASS" start="2024-06-26T23:15:37.951517" elapsed="0.000184"/>
</kw>
<kw name="Set Variable" owner="BuiltIn">
<msg time="2024-06-26T23:15:37.952254" level="INFO">${name_country} = IE</msg>
<var>${name_country}</var>
<arg>${json_data["results"][0]["nat"]}</arg>
<doc>Returns the given values which can then be assigned to a variables.</doc>
<status status="PASS" start="2024-06-26T23:15:37.951883" elapsed="0.000395"/>
</kw>
<kw name="Create List" owner="BuiltIn">
<msg time="2024-06-26T23:15:37.953159" level="INFO">${list_country} = ['AD', 'AE', 'AF', 'AG', 'AI', 'AL', 'AM', 'AO', 'AQ', 'AR', 'AS', 'AT', 'AU', 'AW', 'AX', 'AZ', 'BA', 'BB', 'BD', 'BE', 'BF', 'BG', 'BH', 'BI', 'BJ', 'BL', 'BM', 'BN', 'BO', 'BQ', 'BR', 'BS', 'BT', '...</msg>
<var>${list_country}</var>
<arg>AD</arg>
<arg>AE</arg>
<arg>AF</arg>
<arg>AG</arg>
<arg>AI</arg>
<arg>AL</arg>
<arg>AM</arg>
<arg>AO</arg>
<arg>AQ</arg>
<arg>AR</arg>
<arg>AS</arg>
<arg>AT</arg>
<arg>AU</arg>
<arg>AW</arg>
<arg>AX</arg>
<arg>AZ</arg>
<arg>BA</arg>
<arg>BB</arg>
<arg>BD</arg>
<arg>BE</arg>
<arg>BF</arg>
<arg>BG</arg>
<arg>BH</arg>
<arg>BI</arg>
<arg>BJ</arg>
<arg>BL</arg>
<arg>BM</arg>
<arg>BN</arg>
<arg>BO</arg>
<arg>BQ</arg>
<arg>BR</arg>
<arg>BS</arg>
<arg>BT</arg>
<arg>BV</arg>
<arg>BW</arg>
<arg>BY</arg>
<arg>BZ</arg>
<arg>CA</arg>
<arg>CC</arg>
<arg>CD</arg>
<arg>CF</arg>
<arg>CG</arg>
<arg>CH</arg>
<arg>CI</arg>
<arg>CK</arg>
<arg>CL</arg>
<arg>CM</arg>
<arg>CN</arg>
<arg>CO</arg>
<arg>CR</arg>
<arg>CU</arg>
<arg>CV</arg>
<arg>CW</arg>
<arg>CX</arg>
<arg>CY</arg>
<arg>CZ</arg>
<arg>DE</arg>
<arg>DJ</arg>
<arg>DK</arg>
<arg>DM</arg>
<arg>DO</arg>
<arg>DZ</arg>
<arg>EC</arg>
<arg>EE</arg>
<arg>EG</arg>
<arg>EH</arg>
<arg>ER</arg>
<arg>ES</arg>
<arg>ET</arg>
<arg>FI</arg>
<arg>FJ</arg>
<arg>FK</arg>
<arg>FM</arg>
<arg>FO</arg>
<arg>FR</arg>
<arg>GA</arg>
<arg>GB</arg>
<arg>GD</arg>
<arg>GE</arg>
<arg>GF</arg>
<arg>GG</arg>
<arg>GH</arg>
<arg>GI</arg>
<arg>GL</arg>
<arg>GM</arg>
<arg>GN</arg>
<arg>GP</arg>
<arg>GQ</arg>
<arg>GR</arg>
<arg>GS</arg>
<arg>GT</arg>
<arg>GU</arg>
<arg>GW</arg>
<arg>GY</arg>
<arg>HK</arg>
<arg>HM</arg>
<arg>HN</arg>
<arg>HR</arg>
<arg>HT</arg>
<arg>HU</arg>
<arg>ID</arg>
<arg>IE</arg>
<arg>IL</arg>
<arg>IM</arg>
<arg>IN</arg>
<arg>IO</arg>
<arg>IQ</arg>
<arg>IR</arg>
<arg>IS</arg>
<arg>IT</arg>
<arg>JE</arg>
<arg>JM</arg>
<arg>JO</arg>
<arg>JP</arg>
<arg>KE</arg>
<arg>KG</arg>
<arg>KH</arg>
<arg>KI</arg>
<arg>KM</arg>
<arg>KN</arg>
<arg>KP</arg>
<arg>KR</arg>
<arg>KW</arg>
<arg>KY</arg>
<arg>KZ</arg>
<arg>LA</arg>
<arg>LB</arg>
<arg>LC</arg>
<arg>LI</arg>
<arg>LK</arg>
<arg>LR</arg>
<arg>LS</arg>
<arg>LT</arg>
<arg>LU</arg>
<arg>LV</arg>
<arg>LY</arg>
<arg>MA</arg>
<arg>MC</arg>
<arg>MD</arg>
<arg>ME</arg>
<arg>MF</arg>
<arg>MG</arg>
<arg>MH</arg>
<arg>MK</arg>
<arg>ML</arg>
<arg>MM</arg>
<arg>MN</arg>
<arg>MO</arg>
<arg>MP</arg>
<arg>MQ</arg>
<arg>MR</arg>
<arg>MS</arg>
<arg>MT</arg>
<arg>MU</arg>
<arg>MV</arg>
<arg>MW</arg>
<arg>MX</arg>
<arg>MY</arg>
<arg>MZ</arg>
<arg>NA</arg>
<arg>NC</arg>
<arg>NE</arg>
<arg>NF</arg>
<arg>NG</arg>
<arg>NI</arg>
<arg>NL</arg>
<arg>NO</arg>
<arg>NP</arg>
<arg>NR</arg>
<arg>NU</arg>
<arg>NZ</arg>
<arg>OM</arg>
<arg>PA</arg>
<arg>PE</arg>
<arg>PF</arg>
<arg>PG</arg>
<arg>PH</arg>
<arg>PK</arg>
<arg>PL</arg>
<arg>PM</arg>
<arg>PN</arg>
<arg>PR</arg>
<arg>PS</arg>
<arg>PT</arg>
<arg>PW</arg>
<arg>PY</arg>
<arg>QA</arg>
<arg>RE</arg>
<arg>RO</arg>
<arg>RS</arg>
<arg>RU</arg>
<arg>RW</arg>
<arg>SA</arg>
<arg>SB</arg>
<arg>SC</arg>
<arg>SD</arg>
<arg>SE</arg>
<arg>SG</arg>
<arg>SH</arg>
<arg>SI</arg>
<arg>SJ</arg>
<arg>SK</arg>
<arg>SL</arg>
<arg>SM</arg>
<arg>SN</arg>
<arg>SO</arg>
<arg>SR</arg>
<arg>SS</arg>
<arg>ST</arg>
<arg>SV</arg>
<arg>SX</arg>
<arg>SY</arg>
<arg>SZ</arg>
<arg>TC</arg>
<arg>TD</arg>
<arg>TF</arg>
<arg>TG</arg>
<arg>TH</arg>
<arg>TJ</arg>
<arg>TK</arg>
<arg>TL</arg>
<arg>TM</arg>
<arg>TN</arg>
<arg>TO</arg>
<arg>TR</arg>
<arg>TT</arg>
<arg>TV</arg>
<arg>TW</arg>
<arg>TZ</arg>
<arg>UA</arg>
<arg>UG</arg>
<arg>UM</arg>
<arg>US</arg>
<arg>UY</arg>
<arg>UZ</arg>
<arg>VA</arg>
<arg>VC</arg>
<arg>VE</arg>
<arg>VG</arg>
<arg>VI</arg>
<arg>VN</arg>
<arg>VU</arg>
<arg>WF</arg>
<arg>WS</arg>
<arg>XK</arg>
<arg>YE</arg>
<arg>YT</arg>
<arg>ZA</arg>
<arg>ZM</arg>
<arg>ZW</arg>
<doc>Returns a list containing given items.</doc>
<status status="PASS" start="2024-06-26T23:15:37.952566" elapsed="0.000618"/>
</kw>
<kw name="List Should Contain Value" owner="Collections">
<arg>${list_country}</arg>
<arg>${name_country}</arg>
<doc>Fails if the ``value`` is not found from ``list``.</doc>
<status status="PASS" start="2024-06-26T23:15:37.953976" elapsed="0.000198"/>
</kw>
<kw name="Run Keyword If" owner="BuiltIn">
<kw name="Should Be True" owner="BuiltIn">
<arg>${True}</arg>
<doc>Fails if the given condition is not true.</doc>
<status status="PASS" start="2024-06-26T23:15:37.955102" elapsed="0.000138"/>
</kw>
<arg>${json_data["results"][0]["location"]["coordinates"]["latitude"]} &gt;= -90 and ${json_data["results"][0]["location"]["coordinates"]["latitude"]} &lt;= 90</arg>
<arg>Should Be True</arg>
<arg>${True}</arg>
<doc>Runs the given keyword with the given arguments, if ``condition`` is true.</doc>
<status status="PASS" start="2024-06-26T23:15:37.954366" elapsed="0.000995"/>
</kw>
<kw name="Run Keyword If" owner="BuiltIn">
<kw name="Should Be True" owner="BuiltIn">
<arg>${True}</arg>
<doc>Fails if the given condition is not true.</doc>
<status status="PASS" start="2024-06-26T23:15:37.956247" elapsed="0.000238"/>
</kw>
<arg>${json_data["results"][0]["location"]["coordinates"]["longitude"]} &gt;= -180 and ${json_data["results"][0]["location"]["coordinates"]["longitude"]} &lt;= 180</arg>
<arg>Should Be True</arg>
<arg>${True}</arg>
<doc>Runs the given keyword with the given arguments, if ``condition`` is true.</doc>
<status status="PASS" start="2024-06-26T23:15:37.955562" elapsed="0.001050"/>
</kw>
<status status="PASS" start="2024-06-26T23:15:37.847412" elapsed="0.109334"/>
</kw>
<doc>Testa o conteúdo específico dos campos retornados pela API.</doc>
<tag>testeConteudo</tag>
<status status="PASS" start="2024-06-26T23:15:37.846886" elapsed="0.110011"/>
</test>
<status status="PASS" start="2024-06-26T23:15:37.008451" elapsed="0.950424"/>
</suite>
<status status="PASS" start="2024-06-26T23:15:36.994030" elapsed="0.970049"/>
</suite>
<statistics>
<total>
<stat pass="5" fail="0" skip="0">All Tests</stat>
</total>
<tag>
<stat pass="1" fail="0" skip="0">testeConteudo</stat>
<stat pass="1" fail="0" skip="0">testeEstruturaResposta</stat>
<stat pass="1" fail="0" skip="0">testeRequisicaoBasica</stat>
<stat pass="1" fail="0" skip="0">testeTiposDados</stat>
</tag>
<suite>
<stat pass="5" fail="0" skip="0" id="s1" name="Tests">Tests</stat>
<stat pass="5" fail="0" skip="0" id="s1-s1" name="Random-User-Test">Tests.Random-User-Test</stat>
</suite>
</statistics>
<errors>
</errors>
</robot>
