<?xml version="1.0" encoding="UTF-8"?>
<robot generator="Robot 7.0 (Python 3.12.2 on linux)" generated="2024-03-28T08:16:31.669464" rpa="false" schemaversion="5">
<suite id="s1" name="Tests" source="/home/runner/work/DesafioQAItauRogerioJordao/DesafioQAItauRogerioJordao/RamdonUser/tests">
<suite id="s1-s1" name="Random-User-Test" source="/home/runner/work/DesafioQAItauRogerioJordao/DesafioQAItauRogerioJordao/RamdonUser/tests/random-user-test.robot">
<test id="s1-s1-t1" name="Conectar" line="13">
<kw name="Conectar API" owner="random-user-service">
<kw name="Create Session" owner="RequestsLibrary">
<msg time="2024-03-28T08:16:32.050064" level="INFO">Creating Session using : alias=consultarAPI, url=https://randomuser.me/, headers={},                     cookies={}, auth=None, timeout=None, proxies=None, verify=False,                     debug=0 </msg>
<arg>consultarAPI</arg>
<arg>${URL}</arg>
<doc>Create Session: create a HTTP session to a server</doc>
<status status="PASS" start="2024-03-28T08:16:32.049867" elapsed="0.000360"/>
</kw>
<status status="PASS" start="2024-03-28T08:16:32.048844" elapsed="0.001729"/>
</kw>
<status status="PASS" start="2024-03-28T08:16:32.048260" elapsed="0.002517"/>
</test>
<test id="s1-s1-t2" name="Validar retorno 200 e JSON Válido" line="16">
<kw name="Teste de Requisicao Basica" owner="random-user-service">
<kw name="GET On Session" owner="RequestsLibrary">
<msg time="2024-03-28T08:16:32.174972" level="INFO">GET Request : url=https://randomuser.me/api 
 path_url=/api 
 headers={'User-Agent': 'python-requests/2.31.0', 'Accept-Encoding': 'gzip, deflate', 'Accept': '*/*', 'Connection': 'keep-alive'} 
 body=None 
 </msg>
<msg time="2024-03-28T08:16:32.175086" level="INFO">GET Response : url=https://randomuser.me/api 
 status=200, reason=OK 
 headers={'Date': 'Thu, 28 Mar 2024 08:16:32 GMT', 'Content-Type': 'application/json; charset=utf-8', 'Transfer-Encoding': 'chunked', 'Connection': 'keep-alive', 'X-Powered-By': 'Express', 'Access-Control-Allow-Origin': '*', 'Cache-Control': 'no-cache', 'ETag': 'W/"486-kgpl6gY6nxPXfLVL41U3YtzMYs0"', 'Vary': 'Accept-Encoding', 'Content-Encoding': 'gzip', 'CF-Cache-Status': 'DYNAMIC', 'Report-To': '{"endpoints":[{"url":"https:\\/\\/a.nel.cloudflare.com\\/report\\/v4?s=JweuWDpmL%2B1ew3CHWp5uwSbUww%2Fvm%2FJF%2FTFvvwZtrp5PsYX%2BaIeQQwbKvVZXu6YxX91ZzRykhnLLqpeALG%2FnTmoZDzUbujouyP1EmRLlWsJlugZ7AD1Hcj91%2BLOXuw8U"}],"group":"cf-nel","max_age":604800}', 'NEL': '{"success_fraction":0,"report_to":"cf-nel","max_age":604800}', 'Server': 'cloudflare', 'CF-RAY': '86b62db88ec317f2-SJC', 'alt-svc': 'h3=":443"; ma=86400'} 
 body={"results":[{"gender":"female","name":{"title":"Mrs","first":"Neha","last":"Bansal"},"location":{"street":{"number":1552,"name":"Bhootnath Rd"},"city":"Bhind","state":"Jharkhand","country":"India","postcode":28320,"coordinates":{"latitude":"10.2906","longitude":"19.5286"},"timezone":{"offset":"+8:00","description":"Beijing, Perth, Singapore, Hong Kong"}},"email":"neha.bansal@example.com","login":{"uuid":"717d2126-3226-43da-bda7-d8200d55d707","username":"lazysnake562","password":"pearl","salt":"jlAnYO71","md5":"85e834aa4fbfd1c00d835a3e9f098f04","sha1":"8a4ff4e7ca5865525d920db38a49d761ca8d84c7","sha256":"9184418f89257f6cbbf96090c0647f0f8e6ad8c7bdf4a8a4d9ef0ece44d8794e"},"dob":{"date":"1953-11-08T08:29:12.929Z","age":70},"registered":{"date":"2002-11-04T06:24:10.719Z","age":21},"phone":"9338404994","cell":"8778732143","id":{"name":"UIDAI","value":"917336531564"},"picture":{"large":"https://randomuser.me/api/portraits/women/4.jpg","medium":"https://randomuser.me/api/portraits/med/women/4.jpg","thumbnail":"https://randomuser.me/api/portraits/thumb/women/4.jpg"},"nat":"IN"}],"info":{"seed":"ce5f55b92aeaa728","results":1,"page":1,"version":"1.4"}} 
 </msg>
<msg time="2024-03-28T08:16:32.175182" level="INFO">/opt/hostedtoolcache/Python/3.12.2/x64/lib/python3.12/site-packages/urllib3/connectionpool.py:1103: InsecureRequestWarning: Unverified HTTPS request is being made to host 'randomuser.me'. Adding certificate verification is strongly advised. See: https://urllib3.readthedocs.io/en/latest/advanced-usage.html#tls-warnings
  warnings.warn(</msg>
<msg time="2024-03-28T08:16:32.175318" level="INFO">${response} = &lt;Response [200]&gt;</msg>
<var>${response}</var>
<arg>consultarAPI</arg>
<arg>/api</arg>
<doc>Sends a GET request on a previously created HTTP Session.</doc>
<status status="PASS" start="2024-03-28T08:16:32.053386" elapsed="0.121977"/>
</kw>
<kw name="Should Be Equal As Numbers" owner="BuiltIn">
<msg time="2024-03-28T08:16:32.176247" level="INFO">Argument types are:
&lt;class 'int'&gt;
&lt;class 'str'&gt;</msg>
<arg>${response.status_code}</arg>
<arg>200</arg>
<doc>Fails if objects are unequal after converting them to real numbers.</doc>
<status status="PASS" start="2024-03-28T08:16:32.175828" elapsed="0.000483"/>
</kw>
<kw name="Log" owner="BuiltIn">
<msg time="2024-03-28T08:16:32.177006" level="INFO">200</msg>
<arg>${response.status_code}</arg>
<doc>Logs the given message with the given level.</doc>
<status status="PASS" start="2024-03-28T08:16:32.176647" elapsed="0.000403"/>
</kw>
<kw name="Set Variable" owner="BuiltIn">
<msg time="2024-03-28T08:16:32.177866" level="INFO">${json_data} = {'results': [{'gender': 'female', 'name': {'title': 'Mrs', 'first': 'Neha', 'last': 'Bansal'}, 'location': {'street': {'number': 1552, 'name': 'Bhootnath Rd'}, 'city': 'Bhind', 'state': 'Jharkhand', '...</msg>
<var>${json_data}</var>
<arg>${response.json()}</arg>
<doc>Returns the given values which can then be assigned to a variables.</doc>
<status status="PASS" start="2024-03-28T08:16:32.177388" elapsed="0.000506"/>
</kw>
<kw name="Dictionary Should Contain Key" owner="Collections">
<msg time="2024-03-28T08:16:32.178369" level="INFO">False</msg>
<arg>${json_data}</arg>
<arg>results</arg>
<doc>Fails if ``key`` is not found from ``dictionary``.</doc>
<status status="PASS" start="2024-03-28T08:16:32.178200" elapsed="0.000207"/>
</kw>
<status status="PASS" start="2024-03-28T08:16:32.053141" elapsed="0.125524"/>
</kw>
<doc>Testa se a API responde corretamente e retorna um objeto JSON válido.</doc>
<tag>testeRequisicaoBasica</tag>
<status status="PASS" start="2024-03-28T08:16:32.052591" elapsed="0.126256"/>
</test>
<test id="s1-s1-t3" name="Validar estrutura de resposta" line="22">
<kw name="Teste de Estrutura de Resposta" owner="random-user-service">
<kw name="GET On Session" owner="RequestsLibrary">
<msg time="2024-03-28T08:16:32.279637" level="INFO">GET Request : url=https://randomuser.me/api 
 path_url=/api 
 headers={'User-Agent': 'python-requests/2.31.0', 'Accept-Encoding': 'gzip, deflate', 'Accept': '*/*', 'Connection': 'keep-alive'} 
 body=None 
 </msg>
<msg time="2024-03-28T08:16:32.279727" level="INFO">GET Response : url=https://randomuser.me/api 
 status=200, reason=OK 
 headers={'Date': 'Thu, 28 Mar 2024 08:16:32 GMT', 'Content-Type': 'application/json; charset=utf-8', 'Transfer-Encoding': 'chunked', 'Connection': 'keep-alive', 'X-Powered-By': 'Express', 'Access-Control-Allow-Origin': '*', 'Cache-Control': 'no-cache', 'ETag': 'W/"490-FJqlgWZ2RS5mS5nw8IjQ+T4CHnA"', 'Vary': 'Accept-Encoding', 'Content-Encoding': 'gzip', 'CF-Cache-Status': 'DYNAMIC', 'Report-To': '{"endpoints":[{"url":"https:\\/\\/a.nel.cloudflare.com\\/report\\/v4?s=TJcv4bKfgreXxl1VAB6S727Ofd%2FPYz2ARAxzkTsd2hs%2FrQX1lzqpywpJppBhFc0oQspthimVBIblhLTHRyH8S5RPz5M5BPPdSanIIgchDG3HLUGoUuTVz1cqhInO2ob9"}],"group":"cf-nel","max_age":604800}', 'NEL': '{"success_fraction":0,"report_to":"cf-nel","max_age":604800}', 'Server': 'cloudflare', 'CF-RAY': '86b62db92f4117f2-SJC', 'alt-svc': 'h3=":443"; ma=86400'} 
 body={"results":[{"gender":"male","name":{"title":"Mr","first":"Maximino","last":"Ureña"},"location":{"street":{"number":2286,"name":"Diagonal Meza"},"city":"Motul","state":"Jalisco","country":"Mexico","postcode":46136,"coordinates":{"latitude":"21.8215","longitude":"-69.3098"},"timezone":{"offset":"+1:00","description":"Brussels, Copenhagen, Madrid, Paris"}},"email":"maximino.urena@example.com","login":{"uuid":"ae738876-4de5-43be-b730-403e4957ecda","username":"bluebear362","password":"jolene","salt":"sY5voT6R","md5":"c11507bc4a3ce9685e0dec1a58ca541d","sha1":"9f3c443609c6e4e15b560830f4ed0a597988f417","sha256":"c3d4633ea26f40c9cc64c9564bf9d02455d8743ea91ba9cc484de04eaa9d2b4a"},"dob":{"date":"1947-01-09T03:14:39.062Z","age":77},"registered":{"date":"2006-06-05T09:21:50.497Z","age":17},"phone":"(625) 348 8862","cell":"(694) 838 0842","id":{"name":"NSS","value":"09 79 72 6991 1"},"picture":{"large":"https://randomuser.me/api/portraits/men/93.jpg","medium":"https://randomuser.me/api/portraits/med/men/93.jpg","thumbnail":"https://randomuser.me/api/portraits/thumb/men/93.jpg"},"nat":"MX"}],"info":{"seed":"d50206f3b60aa2d3","results":1,"page":1,"version":"1.4"}} 
 </msg>
<msg time="2024-03-28T08:16:32.279859" level="INFO">/opt/hostedtoolcache/Python/3.12.2/x64/lib/python3.12/site-packages/urllib3/connectionpool.py:1103: InsecureRequestWarning: Unverified HTTPS request is being made to host 'randomuser.me'. Adding certificate verification is strongly advised. See: https://urllib3.readthedocs.io/en/latest/advanced-usage.html#tls-warnings
  warnings.warn(</msg>
<msg time="2024-03-28T08:16:32.279973" level="INFO">${response} = &lt;Response [200]&gt;</msg>
<var>${response}</var>
<arg>consultarAPI</arg>
<arg>/api</arg>
<doc>Sends a GET request on a previously created HTTP Session.</doc>
<status status="PASS" start="2024-03-28T08:16:32.181691" elapsed="0.098325"/>
</kw>
<kw name="Set Variable" owner="BuiltIn">
<msg time="2024-03-28T08:16:32.280908" level="INFO">${json_data} = {'results': [{'gender': 'male', 'name': {'title': 'Mr', 'first': 'Maximino', 'last': 'Ureña'}, 'location': {'street': {'number': 2286, 'name': 'Diagonal Meza'}, 'city': 'Motul', 'state': 'Jalisco', 'c...</msg>
<var>${json_data}</var>
<arg>${response.json()}</arg>
<doc>Returns the given values which can then be assigned to a variables.</doc>
<status status="PASS" start="2024-03-28T08:16:32.280446" elapsed="0.000491"/>
</kw>
<kw name="Log" owner="BuiltIn">
<msg time="2024-03-28T08:16:32.281407" level="INFO">{'results': [{'gender': 'male', 'name': {'title': 'Mr', 'first': 'Maximino', 'last': 'Ureña'}, 'location': {'street': {'number': 2286, 'name': 'Diagonal Meza'}, 'city': 'Motul', 'state': 'Jalisco', 'country': 'Mexico', 'postcode': 46136, 'coordinates': {'latitude': '21.8215', 'longitude': '-69.3098'}, 'timezone': {'offset': '+1:00', 'description': 'Brussels, Copenhagen, Madrid, Paris'}}, 'email': 'maximino.urena@example.com', 'login': {'uuid': 'ae738876-4de5-43be-b730-403e4957ecda', 'username': 'bluebear362', 'password': 'jolene', 'salt': 'sY5voT6R', 'md5': 'c11507bc4a3ce9685e0dec1a58ca541d', 'sha1': '9f3c443609c6e4e15b560830f4ed0a597988f417', 'sha256': 'c3d4633ea26f40c9cc64c9564bf9d02455d8743ea91ba9cc484de04eaa9d2b4a'}, 'dob': {'date': '1947-01-09T03:14:39.062Z', 'age': 77}, 'registered': {'date': '2006-06-05T09:21:50.497Z', 'age': 17}, 'phone': '(625) 348 8862', 'cell': '(694) 838 0842', 'id': {'name': 'NSS', 'value': '09 79 72 6991 1'}, 'picture': {'large': 'https://randomuser.me/api/portraits/men/93.jpg', 'medium': 'https://randomuser.me/api/portraits/med/men/93.jpg', 'thumbnail': 'https://randomuser.me/api/portraits/thumb/men/93.jpg'}, 'nat': 'MX'}], 'info': {'seed': 'd50206f3b60aa2d3', 'results': 1, 'page': 1, 'version': '1.4'}}</msg>
<arg>${json_data}</arg>
<doc>Logs the given message with the given level.</doc>
<status status="PASS" start="2024-03-28T08:16:32.281246" elapsed="0.000210"/>
</kw>
<kw name="Dictionary Should Contain Key" owner="Collections">
<msg time="2024-03-28T08:16:32.281942" level="INFO">False</msg>
<arg>${json_data}</arg>
<arg>results</arg>
<doc>Fails if ``key`` is not found from ``dictionary``.</doc>
<status status="PASS" start="2024-03-28T08:16:32.281791" elapsed="0.000188"/>
</kw>
<kw name="Should Not Be Empty" owner="BuiltIn">
<msg time="2024-03-28T08:16:32.282416" level="INFO">Length is 2.</msg>
<arg>${json_data}</arg>
<doc>Verifies that the given item is not empty.</doc>
<status status="PASS" start="2024-03-28T08:16:32.282283" elapsed="0.000172"/>
</kw>
<kw name="Create List" owner="BuiltIn">
<msg time="2024-03-28T08:16:32.282900" level="INFO">${expected_keys} = ['gender', 'name', 'location', 'email', 'login']</msg>
<var>${expected_keys}</var>
<arg>gender</arg>
<arg>name</arg>
<arg>location</arg>
<arg>email</arg>
<arg>login</arg>
<doc>Returns a list containing given items.</doc>
<status status="PASS" start="2024-03-28T08:16:32.282749" elapsed="0.000174"/>
</kw>
<for flavor="IN">
<iter>
<kw name="Dictionary Should Contain Key" owner="Collections">
<msg time="2024-03-28T08:16:32.283900" level="INFO">False</msg>
<arg>${json_data['results'][0]}</arg>
<arg>${key}</arg>
<doc>Fails if ``key`` is not found from ``dictionary``.</doc>
<status status="PASS" start="2024-03-28T08:16:32.283492" elapsed="0.000448"/>
</kw>
<kw name="Log" owner="BuiltIn">
<msg time="2024-03-28T08:16:32.284617" level="INFO">{'gender': 'male', 'name': {'title': 'Mr', 'first': 'Maximino', 'last': 'Ureña'}, 'location': {'street': {'number': 2286, 'name': 'Diagonal Meza'}, 'city': 'Motul', 'state': 'Jalisco', 'country': 'Mexico', 'postcode': 46136, 'coordinates': {'latitude': '21.8215', 'longitude': '-69.3098'}, 'timezone': {'offset': '+1:00', 'description': 'Brussels, Copenhagen, Madrid, Paris'}}, 'email': 'maximino.urena@example.com', 'login': {'uuid': 'ae738876-4de5-43be-b730-403e4957ecda', 'username': 'bluebear362', 'password': 'jolene', 'salt': 'sY5voT6R', 'md5': 'c11507bc4a3ce9685e0dec1a58ca541d', 'sha1': '9f3c443609c6e4e15b560830f4ed0a597988f417', 'sha256': 'c3d4633ea26f40c9cc64c9564bf9d02455d8743ea91ba9cc484de04eaa9d2b4a'}, 'dob': {'date': '1947-01-09T03:14:39.062Z', 'age': 77}, 'registered': {'date': '2006-06-05T09:21:50.497Z', 'age': 17}, 'phone': '(625) 348 8862', 'cell': '(694) 838 0842', 'id': {'name': 'NSS', 'value': '09 79 72 6991 1'}, 'picture': {'large': 'https://randomuser.me/api/portraits/men/93.jpg', 'medium': 'https://randomuser.me/api/portraits/med/men/93.jpg', 'thumbnail': 'https://randomuser.me/api/portraits/thumb/men/93.jpg'}, 'nat': 'MX'}</msg>
<arg>${json_data['results'][0]}</arg>
<doc>Logs the given message with the given level.</doc>
<status status="PASS" start="2024-03-28T08:16:32.284245" elapsed="0.000428"/>
</kw>
<kw name="Log" owner="BuiltIn">
<msg time="2024-03-28T08:16:32.285113" level="INFO">gender</msg>
<arg>${key}</arg>
<doc>Logs the given message with the given level.</doc>
<status status="PASS" start="2024-03-28T08:16:32.284981" elapsed="0.000170"/>
</kw>
<var name="${key}">gender</var>
<status status="PASS" start="2024-03-28T08:16:32.283370" elapsed="0.002003"/>
</iter>
<iter>
<kw name="Dictionary Should Contain Key" owner="Collections">
<msg time="2024-03-28T08:16:32.286086" level="INFO">False</msg>
<arg>${json_data['results'][0]}</arg>
<arg>${key}</arg>
<doc>Fails if ``key`` is not found from ``dictionary``.</doc>
<status status="PASS" start="2024-03-28T08:16:32.285700" elapsed="0.000424"/>
</kw>
<kw name="Log" owner="BuiltIn">
<msg time="2024-03-28T08:16:32.286838" level="INFO">{'gender': 'male', 'name': {'title': 'Mr', 'first': 'Maximino', 'last': 'Ureña'}, 'location': {'street': {'number': 2286, 'name': 'Diagonal Meza'}, 'city': 'Motul', 'state': 'Jalisco', 'country': 'Mexico', 'postcode': 46136, 'coordinates': {'latitude': '21.8215', 'longitude': '-69.3098'}, 'timezone': {'offset': '+1:00', 'description': 'Brussels, Copenhagen, Madrid, Paris'}}, 'email': 'maximino.urena@example.com', 'login': {'uuid': 'ae738876-4de5-43be-b730-403e4957ecda', 'username': 'bluebear362', 'password': 'jolene', 'salt': 'sY5voT6R', 'md5': 'c11507bc4a3ce9685e0dec1a58ca541d', 'sha1': '9f3c443609c6e4e15b560830f4ed0a597988f417', 'sha256': 'c3d4633ea26f40c9cc64c9564bf9d02455d8743ea91ba9cc484de04eaa9d2b4a'}, 'dob': {'date': '1947-01-09T03:14:39.062Z', 'age': 77}, 'registered': {'date': '2006-06-05T09:21:50.497Z', 'age': 17}, 'phone': '(625) 348 8862', 'cell': '(694) 838 0842', 'id': {'name': 'NSS', 'value': '09 79 72 6991 1'}, 'picture': {'large': 'https://randomuser.me/api/portraits/men/93.jpg', 'medium': 'https://randomuser.me/api/portraits/med/men/93.jpg', 'thumbnail': 'https://randomuser.me/api/portraits/thumb/men/93.jpg'}, 'nat': 'MX'}</msg>
<arg>${json_data['results'][0]}</arg>
<doc>Logs the given message with the given level.</doc>
<status status="PASS" start="2024-03-28T08:16:32.286463" elapsed="0.000425"/>
</kw>
<kw name="Log" owner="BuiltIn">
<msg time="2024-03-28T08:16:32.287319" level="INFO">name</msg>
<arg>${key}</arg>
<doc>Logs the given message with the given level.</doc>
<status status="PASS" start="2024-03-28T08:16:32.287189" elapsed="0.000168"/>
</kw>
<var name="${key}">name</var>
<status status="PASS" start="2024-03-28T08:16:32.285583" elapsed="0.001992"/>
</iter>
<iter>
<kw name="Dictionary Should Contain Key" owner="Collections">
<msg time="2024-03-28T08:16:32.288245" level="INFO">False</msg>
<arg>${json_data['results'][0]}</arg>
<arg>${key}</arg>
<doc>Fails if ``key`` is not found from ``dictionary``.</doc>
<status status="PASS" start="2024-03-28T08:16:32.287868" elapsed="0.000414"/>
</kw>
<kw name="Log" owner="BuiltIn">
<msg time="2024-03-28T08:16:32.288951" level="INFO">{'gender': 'male', 'name': {'title': 'Mr', 'first': 'Maximino', 'last': 'Ureña'}, 'location': {'street': {'number': 2286, 'name': 'Diagonal Meza'}, 'city': 'Motul', 'state': 'Jalisco', 'country': 'Mexico', 'postcode': 46136, 'coordinates': {'latitude': '21.8215', 'longitude': '-69.3098'}, 'timezone': {'offset': '+1:00', 'description': 'Brussels, Copenhagen, Madrid, Paris'}}, 'email': 'maximino.urena@example.com', 'login': {'uuid': 'ae738876-4de5-43be-b730-403e4957ecda', 'username': 'bluebear362', 'password': 'jolene', 'salt': 'sY5voT6R', 'md5': 'c11507bc4a3ce9685e0dec1a58ca541d', 'sha1': '9f3c443609c6e4e15b560830f4ed0a597988f417', 'sha256': 'c3d4633ea26f40c9cc64c9564bf9d02455d8743ea91ba9cc484de04eaa9d2b4a'}, 'dob': {'date': '1947-01-09T03:14:39.062Z', 'age': 77}, 'registered': {'date': '2006-06-05T09:21:50.497Z', 'age': 17}, 'phone': '(625) 348 8862', 'cell': '(694) 838 0842', 'id': {'name': 'NSS', 'value': '09 79 72 6991 1'}, 'picture': {'large': 'https://randomuser.me/api/portraits/men/93.jpg', 'medium': 'https://randomuser.me/api/portraits/med/men/93.jpg', 'thumbnail': 'https://randomuser.me/api/portraits/thumb/men/93.jpg'}, 'nat': 'MX'}</msg>
<arg>${json_data['results'][0]}</arg>
<doc>Logs the given message with the given level.</doc>
<status status="PASS" start="2024-03-28T08:16:32.288583" elapsed="0.000423"/>
</kw>
<kw name="Log" owner="BuiltIn">
<msg time="2024-03-28T08:16:32.289431" level="INFO">location</msg>
<arg>${key}</arg>
<doc>Logs the given message with the given level.</doc>
<status status="PASS" start="2024-03-28T08:16:32.289303" elapsed="0.000166"/>
</kw>
<var name="${key}">location</var>
<status status="PASS" start="2024-03-28T08:16:32.287755" elapsed="0.001965"/>
</iter>
<iter>
<kw name="Dictionary Should Contain Key" owner="Collections">
<msg time="2024-03-28T08:16:32.290378" level="INFO">False</msg>
<arg>${json_data['results'][0]}</arg>
<arg>${key}</arg>
<doc>Fails if ``key`` is not found from ``dictionary``.</doc>
<status status="PASS" start="2024-03-28T08:16:32.290005" elapsed="0.000410"/>
</kw>
<kw name="Log" owner="BuiltIn">
<msg time="2024-03-28T08:16:32.291068" level="INFO">{'gender': 'male', 'name': {'title': 'Mr', 'first': 'Maximino', 'last': 'Ureña'}, 'location': {'street': {'number': 2286, 'name': 'Diagonal Meza'}, 'city': 'Motul', 'state': 'Jalisco', 'country': 'Mexico', 'postcode': 46136, 'coordinates': {'latitude': '21.8215', 'longitude': '-69.3098'}, 'timezone': {'offset': '+1:00', 'description': 'Brussels, Copenhagen, Madrid, Paris'}}, 'email': 'maximino.urena@example.com', 'login': {'uuid': 'ae738876-4de5-43be-b730-403e4957ecda', 'username': 'bluebear362', 'password': 'jolene', 'salt': 'sY5voT6R', 'md5': 'c11507bc4a3ce9685e0dec1a58ca541d', 'sha1': '9f3c443609c6e4e15b560830f4ed0a597988f417', 'sha256': 'c3d4633ea26f40c9cc64c9564bf9d02455d8743ea91ba9cc484de04eaa9d2b4a'}, 'dob': {'date': '1947-01-09T03:14:39.062Z', 'age': 77}, 'registered': {'date': '2006-06-05T09:21:50.497Z', 'age': 17}, 'phone': '(625) 348 8862', 'cell': '(694) 838 0842', 'id': {'name': 'NSS', 'value': '09 79 72 6991 1'}, 'picture': {'large': 'https://randomuser.me/api/portraits/men/93.jpg', 'medium': 'https://randomuser.me/api/portraits/med/men/93.jpg', 'thumbnail': 'https://randomuser.me/api/portraits/thumb/men/93.jpg'}, 'nat': 'MX'}</msg>
<arg>${json_data['results'][0]}</arg>
<doc>Logs the given message with the given level.</doc>
<status status="PASS" start="2024-03-28T08:16:32.290712" elapsed="0.000406"/>
</kw>
<kw name="Log" owner="BuiltIn">
<msg time="2024-03-28T08:16:32.291543" level="INFO">email</msg>
<arg>${key}</arg>
<doc>Logs the given message with the given level.</doc>
<status status="PASS" start="2024-03-28T08:16:32.291414" elapsed="0.000168"/>
</kw>
<var name="${key}">email</var>
<status status="PASS" start="2024-03-28T08:16:32.289895" elapsed="0.001902"/>
</iter>
<iter>
<kw name="Dictionary Should Contain Key" owner="Collections">
<msg time="2024-03-28T08:16:32.292474" level="INFO">False</msg>
<arg>${json_data['results'][0]}</arg>
<arg>${key}</arg>
<doc>Fails if ``key`` is not found from ``dictionary``.</doc>
<status status="PASS" start="2024-03-28T08:16:32.292085" elapsed="0.000435"/>
</kw>
<kw name="Log" owner="BuiltIn">
<msg time="2024-03-28T08:16:32.293173" level="INFO">{'gender': 'male', 'name': {'title': 'Mr', 'first': 'Maximino', 'last': 'Ureña'}, 'location': {'street': {'number': 2286, 'name': 'Diagonal Meza'}, 'city': 'Motul', 'state': 'Jalisco', 'country': 'Mexico', 'postcode': 46136, 'coordinates': {'latitude': '21.8215', 'longitude': '-69.3098'}, 'timezone': {'offset': '+1:00', 'description': 'Brussels, Copenhagen, Madrid, Paris'}}, 'email': 'maximino.urena@example.com', 'login': {'uuid': 'ae738876-4de5-43be-b730-403e4957ecda', 'username': 'bluebear362', 'password': 'jolene', 'salt': 'sY5voT6R', 'md5': 'c11507bc4a3ce9685e0dec1a58ca541d', 'sha1': '9f3c443609c6e4e15b560830f4ed0a597988f417', 'sha256': 'c3d4633ea26f40c9cc64c9564bf9d02455d8743ea91ba9cc484de04eaa9d2b4a'}, 'dob': {'date': '1947-01-09T03:14:39.062Z', 'age': 77}, 'registered': {'date': '2006-06-05T09:21:50.497Z', 'age': 17}, 'phone': '(625) 348 8862', 'cell': '(694) 838 0842', 'id': {'name': 'NSS', 'value': '09 79 72 6991 1'}, 'picture': {'large': 'https://randomuser.me/api/portraits/men/93.jpg', 'medium': 'https://randomuser.me/api/portraits/med/men/93.jpg', 'thumbnail': 'https://randomuser.me/api/portraits/thumb/men/93.jpg'}, 'nat': 'MX'}</msg>
<arg>${json_data['results'][0]}</arg>
<doc>Logs the given message with the given level.</doc>
<status status="PASS" start="2024-03-28T08:16:32.292811" elapsed="0.000410"/>
</kw>
<kw name="Log" owner="BuiltIn">
<msg time="2024-03-28T08:16:32.293662" level="INFO">login</msg>
<arg>${key}</arg>
<doc>Logs the given message with the given level.</doc>
<status status="PASS" start="2024-03-28T08:16:32.293532" elapsed="0.000271"/>
</kw>
<var name="${key}">login</var>
<status status="PASS" start="2024-03-28T08:16:32.291969" elapsed="0.002081"/>
</iter>
<var>${key}</var>
<value>@{expected_keys}</value>
<status status="PASS" start="2024-03-28T08:16:32.283178" elapsed="0.010999"/>
</for>
<kw name="Create List" owner="BuiltIn">
<msg time="2024-03-28T08:16:32.294511" level="INFO">${expected_keysTwo} = ['username', 'password']</msg>
<var>${expected_keysTwo}</var>
<arg>username</arg>
<arg>password</arg>
<doc>Returns a list containing given items.</doc>
<status status="PASS" start="2024-03-28T08:16:32.294372" elapsed="0.000163"/>
</kw>
<for flavor="IN">
<iter>
<kw name="Dictionary Should Contain Key" owner="Collections">
<msg time="2024-03-28T08:16:32.295424" level="INFO">False</msg>
<arg>${json_data['results'][0]['login']}</arg>
<arg>${keyTwo}</arg>
<doc>Fails if ``key`` is not found from ``dictionary``.</doc>
<status status="PASS" start="2024-03-28T08:16:32.295036" elapsed="0.000425"/>
</kw>
<kw name="Dictionary Should Contain Key" owner="Collections">
<msg time="2024-03-28T08:16:32.296133" level="INFO">False</msg>
<arg>${json_data['results'][0]['login']}</arg>
<arg>${keyTwo}</arg>
<doc>Fails if ``key`` is not found from ``dictionary``.</doc>
<status status="PASS" start="2024-03-28T08:16:32.295757" elapsed="0.000413"/>
</kw>
<kw name="Log" owner="BuiltIn">
<msg time="2024-03-28T08:16:32.296589" level="INFO">username</msg>
<arg>${keyTwo}</arg>
<doc>Logs the given message with the given level.</doc>
<status status="PASS" start="2024-03-28T08:16:32.296461" elapsed="0.000165"/>
</kw>
<var name="${keyTwo}">username</var>
<status status="PASS" start="2024-03-28T08:16:32.294926" elapsed="0.001922"/>
</iter>
<iter>
<kw name="Dictionary Should Contain Key" owner="Collections">
<msg time="2024-03-28T08:16:32.297503" level="INFO">False</msg>
<arg>${json_data['results'][0]['login']}</arg>
<arg>${keyTwo}</arg>
<doc>Fails if ``key`` is not found from ``dictionary``.</doc>
<status status="PASS" start="2024-03-28T08:16:32.297130" elapsed="0.000433"/>
</kw>
<kw name="Dictionary Should Contain Key" owner="Collections">
<msg time="2024-03-28T08:16:32.298245" level="INFO">False</msg>
<arg>${json_data['results'][0]['login']}</arg>
<arg>${keyTwo}</arg>
<doc>Fails if ``key`` is not found from ``dictionary``.</doc>
<status status="PASS" start="2024-03-28T08:16:32.297866" elapsed="0.000416"/>
</kw>
<kw name="Log" owner="BuiltIn">
<msg time="2024-03-28T08:16:32.298701" level="INFO">password</msg>
<arg>${keyTwo}</arg>
<doc>Logs the given message with the given level.</doc>
<status status="PASS" start="2024-03-28T08:16:32.298572" elapsed="0.000167"/>
</kw>
<var name="${keyTwo}">password</var>
<status status="PASS" start="2024-03-28T08:16:32.297020" elapsed="0.001934"/>
</iter>
<var>${keyTwo}</var>
<value>@{expected_keysTwo}</value>
<status status="PASS" start="2024-03-28T08:16:32.294773" elapsed="0.004302"/>
</for>
<status status="PASS" start="2024-03-28T08:16:32.181422" elapsed="0.117794"/>
</kw>
<doc>Testa a estrutura da resposta da API.</doc>
<tag>testeEstruturaResposta</tag>
<status status="PASS" start="2024-03-28T08:16:32.180676" elapsed="0.118692"/>
</test>
<test id="s1-s1-t4" name="Validar tipos de dados" line="28">
<kw name="Teste de Tipos de Dados" owner="random-user-service">
<kw name="GET On Session" owner="RequestsLibrary">
<msg time="2024-03-28T08:16:32.388111" level="INFO">GET Request : url=https://randomuser.me/api 
 path_url=/api 
 headers={'User-Agent': 'python-requests/2.31.0', 'Accept-Encoding': 'gzip, deflate', 'Accept': '*/*', 'Connection': 'keep-alive'} 
 body=None 
 </msg>
<msg time="2024-03-28T08:16:32.388175" level="INFO">GET Response : url=https://randomuser.me/api 
 status=200, reason=OK 
 headers={'Date': 'Thu, 28 Mar 2024 08:16:32 GMT', 'Content-Type': 'application/json; charset=utf-8', 'Transfer-Encoding': 'chunked', 'Connection': 'keep-alive', 'X-Powered-By': 'Express', 'Access-Control-Allow-Origin': '*', 'Cache-Control': 'no-cache', 'ETag': 'W/"4a8-GoOhjz0PlQo3kPJLcMa0ucom49o"', 'Vary': 'Accept-Encoding', 'Content-Encoding': 'gzip', 'CF-Cache-Status': 'DYNAMIC', 'Report-To': '{"endpoints":[{"url":"https:\\/\\/a.nel.cloudflare.com\\/report\\/v4?s=frZPUOFSXJtNdKVxfUo1h6HTd3kPcg4CBXVfkXBIWGNtlxMrKmNsWsbNq4qbGqv2nsFIjlGIzb5PZHWjzqqETbjRFV3ICsr%2FjEpEPzCtScvkNOw6mtb0JnCj3cjpMwyM"}],"group":"cf-nel","max_age":604800}', 'NEL': '{"success_fraction":0,"report_to":"cf-nel","max_age":604800}', 'Server': 'cloudflare', 'CF-RAY': '86b62db9efc317f2-SJC', 'alt-svc': 'h3=":443"; ma=86400'} 
 body={"results":[{"gender":"female","name":{"title":"Ms","first":"Brandy","last":"Carpenter"},"location":{"street":{"number":1203,"name":"Fairview St"},"city":"Pembroke Pines","state":"Mississippi","country":"United States","postcode":48875,"coordinates":{"latitude":"84.9207","longitude":"152.6900"},"timezone":{"offset":"+1:00","description":"Brussels, Copenhagen, Madrid, Paris"}},"email":"brandy.carpenter@example.com","login":{"uuid":"21c714a7-62eb-4f21-bc53-f5bf44adf887","username":"brownwolf382","password":"entry","salt":"h3S0jfUX","md5":"40162cf8616c9f693beefa9fadb12249","sha1":"7a34eecec2e47a3bfef57ad1db0e57acca7c581c","sha256":"7da2faf096fd128f04da9599c80fc0a9637db52d333f01c5f01f5956380d8d30"},"dob":{"date":"1985-05-12T12:53:53.149Z","age":38},"registered":{"date":"2021-07-05T03:16:37.208Z","age":2},"phone":"(468) 955-4395","cell":"(593) 955-6701","id":{"name":"SSN","value":"620-16-0347"},"picture":{"large":"https://randomuser.me/api/portraits/women/29.jpg","medium":"https://randomuser.me/api/portraits/med/women/29.jpg","thumbnail":"https://randomuser.me/api/portraits/thumb/women/29.jpg"},"nat":"US"}],"info":{"seed":"f7279faf43bb85d3","results":1,"page":1,"version":"1.4"}} 
 </msg>
<msg time="2024-03-28T08:16:32.388231" level="INFO">/opt/hostedtoolcache/Python/3.12.2/x64/lib/python3.12/site-packages/urllib3/connectionpool.py:1103: InsecureRequestWarning: Unverified HTTPS request is being made to host 'randomuser.me'. Adding certificate verification is strongly advised. See: https://urllib3.readthedocs.io/en/latest/advanced-usage.html#tls-warnings
  warnings.warn(</msg>
<msg time="2024-03-28T08:16:32.388317" level="INFO">${response} = &lt;Response [200]&gt;</msg>
<var>${response}</var>
<arg>consultarAPI</arg>
<arg>/api</arg>
<doc>Sends a GET request on a previously created HTTP Session.</doc>
<status status="PASS" start="2024-03-28T08:16:32.301882" elapsed="0.086475"/>
</kw>
<kw name="Set Variable" owner="BuiltIn">
<msg time="2024-03-28T08:16:32.389411" level="INFO">${json_data} = {'results': [{'gender': 'female', 'name': {'title': 'Ms', 'first': 'Brandy', 'last': 'Carpenter'}, 'location': {'street': {'number': 1203, 'name': 'Fairview St'}, 'city': 'Pembroke Pines', 'state': 'M...</msg>
<var>${json_data}</var>
<arg>${response.json()}</arg>
<doc>Returns the given values which can then be assigned to a variables.</doc>
<status status="PASS" start="2024-03-28T08:16:32.388825" elapsed="0.000616"/>
</kw>
<kw name="Log" owner="BuiltIn">
<msg time="2024-03-28T08:16:32.389956" level="INFO">{'results': [{'gender': 'female', 'name': {'title': 'Ms', 'first': 'Brandy', 'last': 'Carpenter'}, 'location': {'street': {'number': 1203, 'name': 'Fairview St'}, 'city': 'Pembroke Pines', 'state': 'Mississippi', 'country': 'United States', 'postcode': 48875, 'coordinates': {'latitude': '84.9207', 'longitude': '152.6900'}, 'timezone': {'offset': '+1:00', 'description': 'Brussels, Copenhagen, Madrid, Paris'}}, 'email': 'brandy.carpenter@example.com', 'login': {'uuid': '21c714a7-62eb-4f21-bc53-f5bf44adf887', 'username': 'brownwolf382', 'password': 'entry', 'salt': 'h3S0jfUX', 'md5': '40162cf8616c9f693beefa9fadb12249', 'sha1': '7a34eecec2e47a3bfef57ad1db0e57acca7c581c', 'sha256': '7da2faf096fd128f04da9599c80fc0a9637db52d333f01c5f01f5956380d8d30'}, 'dob': {'date': '1985-05-12T12:53:53.149Z', 'age': 38}, 'registered': {'date': '2021-07-05T03:16:37.208Z', 'age': 2}, 'phone': '(468) 955-4395', 'cell': '(593) 955-6701', 'id': {'name': 'SSN', 'value': '620-16-0347'}, 'picture': {'large': 'https://randomuser.me/api/portraits/women/29.jpg', 'medium': 'https://randomuser.me/api/portraits/med/women/29.jpg', 'thumbnail': 'https://randomuser.me/api/portraits/thumb/women/29.jpg'}, 'nat': 'US'}], 'info': {'seed': 'f7279faf43bb85d3', 'results': 1, 'page': 1, 'version': '1.4'}}</msg>
<arg>${json_data}</arg>
<doc>Logs the given message with the given level.</doc>
<status status="PASS" start="2024-03-28T08:16:32.389799" elapsed="0.000238"/>
</kw>
<kw name="Should Be String" owner="String">
<arg>${json_data['results'][0]['gender']}</arg>
<doc>Fails if the given ``item`` is not a string.</doc>
<status status="PASS" start="2024-03-28T08:16:32.390339" elapsed="0.000370"/>
</kw>
<kw name="Should Match Regexp" owner="BuiltIn">
<arg>${json_data['results'][0]['email']}</arg>
<arg>^[a-zA-Z0-9._%+-]+@[a-zA-Z0-9.-]+\.[a-zA-Z]{2,}$</arg>
<doc>Fails if ``string`` does not match ``pattern`` as a regular expression.</doc>
<status status="PASS" start="2024-03-28T08:16:32.390904" elapsed="0.000514"/>
</kw>
<kw name="Should Match Regexp" owner="BuiltIn">
<arg>${json_data['results'][0]['dob']['date']}</arg>
<arg>\\d{4}-\\d{2}-\\d{2}T\\d{2}:\\d{2}:\\d{2}\\.\\d{3}Z</arg>
<doc>Fails if ``string`` does not match ``pattern`` as a regular expression.</doc>
<status status="PASS" start="2024-03-28T08:16:32.391616" elapsed="0.000489"/>
</kw>
<kw name="Should Match Regexp" owner="BuiltIn">
<arg>${json_data['results'][0]['registered']['date']}</arg>
<arg>\\d{4}-\\d{2}-\\d{2}T\\d{2}:\\d{2}:\\d{2}\\.\\d{3}Z</arg>
<doc>Fails if ``string`` does not match ``pattern`` as a regular expression.</doc>
<status status="PASS" start="2024-03-28T08:16:32.392299" elapsed="0.000375"/>
</kw>
<kw name="Should Match Regexp" owner="BuiltIn">
<arg>${json_data['results'][0]['picture']['large']}</arg>
<arg>^https?://.*\.(?:png|jpe?g|gif|bmp)$</arg>
<doc>Fails if ``string`` does not match ``pattern`` as a regular expression.</doc>
<status status="PASS" start="2024-03-28T08:16:32.392863" elapsed="0.000454"/>
</kw>
<kw name="Should Match Regexp" owner="BuiltIn">
<arg>${json_data['results'][0]['picture']['medium']}</arg>
<arg>^https?://.*\.(?:png|jpe?g|gif|bmp)$</arg>
<doc>Fails if ``string`` does not match ``pattern`` as a regular expression.</doc>
<status status="PASS" start="2024-03-28T08:16:32.393506" elapsed="0.000398"/>
</kw>
<kw name="Should Match Regexp" owner="BuiltIn">
<arg>${json_data['results'][0]['picture']['thumbnail']}</arg>
<arg>^https?://.*\.(?:png|jpe?g|gif|bmp)$</arg>
<doc>Fails if ``string`` does not match ``pattern`` as a regular expression.</doc>
<status status="PASS" start="2024-03-28T08:16:32.394092" elapsed="0.000352"/>
</kw>
<kw name="Log" owner="BuiltIn">
<msg time="2024-03-28T08:16:32.394951" level="INFO">{'large': 'https://randomuser.me/api/portraits/women/29.jpg', 'medium': 'https://randomuser.me/api/portraits/med/women/29.jpg', 'thumbnail': 'https://randomuser.me/api/portraits/thumb/women/29.jpg'}</msg>
<arg>${json_data['results'][0]['picture']}</arg>
<doc>Logs the given message with the given level.</doc>
<status status="PASS" start="2024-03-28T08:16:32.394624" elapsed="0.000373"/>
</kw>
<status status="PASS" start="2024-03-28T08:16:32.301659" elapsed="0.093593"/>
</kw>
<kw name="Teste de Tipos de Dados - Postcode" owner="random-user-service">
<kw name="GET On Session" owner="RequestsLibrary">
<msg time="2024-03-28T08:16:32.489044" level="INFO">GET Request : url=https://randomuser.me/api 
 path_url=/api 
 headers={'User-Agent': 'python-requests/2.31.0', 'Accept-Encoding': 'gzip, deflate', 'Accept': '*/*', 'Connection': 'keep-alive'} 
 body=None 
 </msg>
<msg time="2024-03-28T08:16:32.489124" level="INFO">GET Response : url=https://randomuser.me/api 
 status=200, reason=OK 
 headers={'Date': 'Thu, 28 Mar 2024 08:16:32 GMT', 'Content-Type': 'application/json; charset=utf-8', 'Transfer-Encoding': 'chunked', 'Connection': 'keep-alive', 'X-Powered-By': 'Express', 'Access-Control-Allow-Origin': '*', 'Cache-Control': 'no-cache', 'ETag': 'W/"468-G1hKklMUXWyfKUGWJGv8X5ZJ6nk"', 'Vary': 'Accept-Encoding', 'Content-Encoding': 'gzip', 'CF-Cache-Status': 'DYNAMIC', 'Report-To': '{"endpoints":[{"url":"https:\\/\\/a.nel.cloudflare.com\\/report\\/v4?s=QMuhn1RShvWtaBIfm0WOOVM4dwTZWLg6TmPWVIZqDj%2BURUtTWL3wy%2BW13U2BjPGUjJ7ogKYppRWm2ehfUdXTvl65%2BsyEBpHd5OYwsjx%2FxVfyiaaPGPjy2R0hTm8lLwmo"}],"group":"cf-nel","max_age":604800}', 'NEL': '{"success_fraction":0,"report_to":"cf-nel","max_age":604800}', 'Server': 'cloudflare', 'CF-RAY': '86b62dba783317f2-SJC', 'alt-svc': 'h3=":443"; ma=86400'} 
 body={"results":[{"gender":"female","name":{"title":"Mrs","first":"Fatma","last":"Abacı"},"location":{"street":{"number":3520,"name":"Kushimoto Sk"},"city":"Antalya","state":"Bingöl","country":"Turkey","postcode":44117,"coordinates":{"latitude":"65.2902","longitude":"113.2990"},"timezone":{"offset":"-2:00","description":"Mid-Atlantic"}},"email":"fatma.abaci@example.com","login":{"uuid":"60765312-6a93-4cbb-8973-269d111d8825","username":"bluedog493","password":"invest","salt":"NJnUTTHJ","md5":"1995109069dee9528eab187349d8c3cc","sha1":"864e94303ed77421b06ee7298e9f54f0699ee8ce","sha256":"fea42ad9bb9ab34883f6c04e3ae4a4360cf80ff6221887a31526b037b443b9e8"},"dob":{"date":"1979-01-08T14:54:39.394Z","age":45},"registered":{"date":"2019-04-26T11:51:01.331Z","age":4},"phone":"(018)-551-3874","cell":"(398)-509-7763","id":{"name":"","value":null},"picture":{"large":"https://randomuser.me/api/portraits/women/8.jpg","medium":"https://randomuser.me/api/portraits/med/women/8.jpg","thumbnail":"https://randomuser.me/api/portraits/thumb/women/8.jpg"},"nat":"TR"}],"info":{"seed":"a019b0935b29cc34","results":1,"page":1,"version":"1.4"}} 
 </msg>
<msg time="2024-03-28T08:16:32.489206" level="INFO">/opt/hostedtoolcache/Python/3.12.2/x64/lib/python3.12/site-packages/urllib3/connectionpool.py:1103: InsecureRequestWarning: Unverified HTTPS request is being made to host 'randomuser.me'. Adding certificate verification is strongly advised. See: https://urllib3.readthedocs.io/en/latest/advanced-usage.html#tls-warnings
  warnings.warn(</msg>
<msg time="2024-03-28T08:16:32.489300" level="INFO">${response} = &lt;Response [200]&gt;</msg>
<var>${response}</var>
<arg>consultarAPI</arg>
<arg>/api</arg>
<doc>Sends a GET request on a previously created HTTP Session.</doc>
<status status="PASS" start="2024-03-28T08:16:32.395803" elapsed="0.093537"/>
</kw>
<kw name="Set Variable" owner="BuiltIn">
<msg time="2024-03-28T08:16:32.490437" level="INFO">${json_data} = {'results': [{'gender': 'female', 'name': {'title': 'Mrs', 'first': 'Fatma', 'last': 'Abacı'}, 'location': {'street': {'number': 3520, 'name': 'Kushimoto Sk'}, 'city': 'Antalya', 'state': 'Bingöl', 'c...</msg>
<var>${json_data}</var>
<arg>${response.json()}</arg>
<doc>Returns the given values which can then be assigned to a variables.</doc>
<status status="PASS" start="2024-03-28T08:16:32.489852" elapsed="0.000615"/>
</kw>
<kw name="Log" owner="BuiltIn">
<msg time="2024-03-28T08:16:32.490932" level="INFO">{'results': [{'gender': 'female', 'name': {'title': 'Mrs', 'first': 'Fatma', 'last': 'Abacı'}, 'location': {'street': {'number': 3520, 'name': 'Kushimoto Sk'}, 'city': 'Antalya', 'state': 'Bingöl', 'country': 'Turkey', 'postcode': 44117, 'coordinates': {'latitude': '65.2902', 'longitude': '113.2990'}, 'timezone': {'offset': '-2:00', 'description': 'Mid-Atlantic'}}, 'email': 'fatma.abaci@example.com', 'login': {'uuid': '60765312-6a93-4cbb-8973-269d111d8825', 'username': 'bluedog493', 'password': 'invest', 'salt': 'NJnUTTHJ', 'md5': '1995109069dee9528eab187349d8c3cc', 'sha1': '864e94303ed77421b06ee7298e9f54f0699ee8ce', 'sha256': 'fea42ad9bb9ab34883f6c04e3ae4a4360cf80ff6221887a31526b037b443b9e8'}, 'dob': {'date': '1979-01-08T14:54:39.394Z', 'age': 45}, 'registered': {'date': '2019-04-26T11:51:01.331Z', 'age': 4}, 'phone': '(018)-551-3874', 'cell': '(398)-509-7763', 'id': {'name': '', 'value': None}, 'picture': {'large': 'https://randomuser.me/api/portraits/women/8.jpg', 'medium': 'https://randomuser.me/api/portraits/med/women/8.jpg', 'thumbnail': 'https://randomuser.me/api/portraits/thumb/women/8.jpg'}, 'nat': 'TR'}], 'info': {'seed': 'a019b0935b29cc34', 'results': 1, 'page': 1, 'version': '1.4'}}</msg>
<arg>${json_data}</arg>
<doc>Logs the given message with the given level.</doc>
<status status="PASS" start="2024-03-28T08:16:32.490775" elapsed="0.000237"/>
</kw>
<kw name="Should Be Equal As Numbers" owner="BuiltIn">
<arg>${json_data['results'][0]['location']['postcode']}</arg>
<arg>${json_data['results'][0]['location']['postcode']}</arg>
<doc>Fails if objects are unequal after converting them to real numbers.</doc>
<status status="PASS" start="2024-03-28T08:16:32.491317" elapsed="0.000635"/>
</kw>
<kw name="Log" owner="BuiltIn">
<msg time="2024-03-28T08:16:32.492484" level="INFO">44117</msg>
<arg>${json_data['results'][0]['location']['postcode']}</arg>
<doc>Logs the given message with the given level.</doc>
<status status="PASS" start="2024-03-28T08:16:32.492148" elapsed="0.000376"/>
</kw>
<status status="PASS" start="2024-03-28T08:16:32.395467" elapsed="0.097307"/>
</kw>
<doc>Testa se os tipos de dados na resposta da API estão corretos.</doc>
<tag>testeTiposDados</tag>
<status status="PASS" start="2024-03-28T08:16:32.301083" elapsed="0.191853"/>
</test>
<test id="s1-s1-t5" name="Validar conteudo" line="35">
<kw name="Teste de Tipos de Conteudo" owner="random-user-service">
<kw name="GET On Session" owner="RequestsLibrary">
<msg time="2024-03-28T08:16:32.593852" level="INFO">GET Request : url=https://randomuser.me/api 
 path_url=/api 
 headers={'User-Agent': 'python-requests/2.31.0', 'Accept-Encoding': 'gzip, deflate', 'Accept': '*/*', 'Connection': 'keep-alive'} 
 body=None 
 </msg>
<msg time="2024-03-28T08:16:32.593938" level="INFO">GET Response : url=https://randomuser.me/api 
 status=200, reason=OK 
 headers={'Date': 'Thu, 28 Mar 2024 08:16:32 GMT', 'Content-Type': 'application/json; charset=utf-8', 'Transfer-Encoding': 'chunked', 'Connection': 'keep-alive', 'X-Powered-By': 'Express', 'Access-Control-Allow-Origin': '*', 'Cache-Control': 'no-cache', 'ETag': 'W/"484-0OMQy7QuJ3oRwDopJ69x2T9qkrY"', 'Vary': 'Accept-Encoding', 'Content-Encoding': 'gzip', 'CF-Cache-Status': 'DYNAMIC', 'Report-To': '{"endpoints":[{"url":"https:\\/\\/a.nel.cloudflare.com\\/report\\/v4?s=z3nbsDcJiLcZRRu%2BQoC1jmvjIXat81QMxmZRNcW1BlhE5eDDeOug%2F9hnwTbEEczeJ0SuBlXcnmzg2IH51W8levKrkLaBcv8ul3xsUBiU8xDlafXVvOToNX1l7l8na6y1"}],"group":"cf-nel","max_age":604800}', 'NEL': '{"success_fraction":0,"report_to":"cf-nel","max_age":604800}', 'Server': 'cloudflare', 'CF-RAY': '86b62dbb189e17f2-SJC', 'alt-svc': 'h3=":443"; ma=86400'} 
 body={"results":[{"gender":"male","name":{"title":"Mr","first":"Sahin","last":"Strunk"},"location":{"street":{"number":6314,"name":"Lessingstraße"},"city":"Ribnitz-Damgarten","state":"Rheinland-Pfalz","country":"Germany","postcode":81527,"coordinates":{"latitude":"-50.6696","longitude":"-116.1802"},"timezone":{"offset":"-9:00","description":"Alaska"}},"email":"sahin.strunk@example.com","login":{"uuid":"de2a9bac-a382-4f00-91d6-448f9c545606","username":"tinykoala333","password":"apache","salt":"NnIk8daJ","md5":"79bf6b8f4357b17fc0fd1dc16ce7067b","sha1":"d5d0e0d81de5f6e483e5928a49229c86b3ff6e52","sha256":"edc9e72e26a9d2490c4318e2aa01e8e96a1b6102e1fc416a056c64d1ce07a26a"},"dob":{"date":"1960-01-04T17:46:43.533Z","age":64},"registered":{"date":"2013-05-12T01:07:11.729Z","age":10},"phone":"0583-2330468","cell":"0178-8952327","id":{"name":"SVNR","value":"80 040160 S 087"},"picture":{"large":"https://randomuser.me/api/portraits/men/93.jpg","medium":"https://randomuser.me/api/portraits/med/men/93.jpg","thumbnail":"https://randomuser.me/api/portraits/thumb/men/93.jpg"},"nat":"DE"}],"info":{"seed":"f2d3f15b82f3b0f3","results":1,"page":1,"version":"1.4"}} 
 </msg>
<msg time="2024-03-28T08:16:32.594011" level="INFO">/opt/hostedtoolcache/Python/3.12.2/x64/lib/python3.12/site-packages/urllib3/connectionpool.py:1103: InsecureRequestWarning: Unverified HTTPS request is being made to host 'randomuser.me'. Adding certificate verification is strongly advised. See: https://urllib3.readthedocs.io/en/latest/advanced-usage.html#tls-warnings
  warnings.warn(</msg>
<msg time="2024-03-28T08:16:32.594123" level="INFO">${response} = &lt;Response [200]&gt;</msg>
<var>${response}</var>
<arg>consultarAPI</arg>
<arg>/api</arg>
<doc>Sends a GET request on a previously created HTTP Session.</doc>
<status status="PASS" start="2024-03-28T08:16:32.496166" elapsed="0.097995"/>
</kw>
<kw name="Set Variable" owner="BuiltIn">
<msg time="2024-03-28T08:16:32.595070" level="INFO">${json_data} = {'results': [{'gender': 'male', 'name': {'title': 'Mr', 'first': 'Sahin', 'last': 'Strunk'}, 'location': {'street': {'number': 6314, 'name': 'Lessingstraße'}, 'city': 'Ribnitz-Damgarten', 'state': 'Rh...</msg>
<var>${json_data}</var>
<arg>${response.json()}</arg>
<doc>Returns the given values which can then be assigned to a variables.</doc>
<status status="PASS" start="2024-03-28T08:16:32.594613" elapsed="0.000485"/>
</kw>
<kw name="Set Variable" owner="BuiltIn">
<msg time="2024-03-28T08:16:32.595781" level="INFO">${name_title} = Mr</msg>
<var>${name_title}</var>
<arg>${json_data["results"][0]["name"]["title"]}</arg>
<doc>Returns the given values which can then be assigned to a variables.</doc>
<status status="PASS" start="2024-03-28T08:16:32.595400" elapsed="0.000406"/>
</kw>
<kw name="Create List" owner="BuiltIn">
<msg time="2024-03-28T08:16:32.596252" level="INFO">${allowed_titles} = ['Mr', 'Ms', 'Miss', 'Mrs', 'Madame', 'Monsieur']</msg>
<var>${allowed_titles}</var>
<arg>Mr</arg>
<arg>Ms</arg>
<arg>Miss</arg>
<arg>Mrs</arg>
<arg>Madame</arg>
<arg>Monsieur</arg>
<doc>Returns a list containing given items.</doc>
<status status="PASS" start="2024-03-28T08:16:32.596103" elapsed="0.000172"/>
</kw>
<kw name="List Should Contain Value" owner="Collections">
<msg time="2024-03-28T08:16:32.596751" level="INFO">False</msg>
<arg>${allowed_titles}</arg>
<arg>${name_title}</arg>
<doc>Fails if the ``value`` is not found from ``list``.</doc>
<status status="PASS" start="2024-03-28T08:16:32.596577" elapsed="0.000211"/>
</kw>
<kw name="Set Variable" owner="BuiltIn">
<msg time="2024-03-28T08:16:32.597468" level="INFO">${name_country} = DE</msg>
<var>${name_country}</var>
<arg>${json_data["results"][0]["nat"]}</arg>
<doc>Returns the given values which can then be assigned to a variables.</doc>
<status status="PASS" start="2024-03-28T08:16:32.597090" elapsed="0.000402"/>
</kw>
<kw name="Create List" owner="BuiltIn">
<msg time="2024-03-28T08:16:32.598432" level="INFO">${list_country} = ['AD', 'AE', 'AF', 'AG', 'AI', 'AL', 'AM', 'AO', 'AQ', 'AR', 'AS', 'AT', 'AU', 'AW', 'AX', 'AZ', 'BA', 'BB', 'BD', 'BE', 'BF', 'BG', 'BH', 'BI', 'BJ', 'BL', 'BM', 'BN', 'BO', 'BQ', 'BR', 'BS', 'BT', '...</msg>
<var>${list_country}</var>
<arg>AD</arg>
<arg>AE</arg>
<arg>AF</arg>
<arg>AG</arg>
<arg>AI</arg>
<arg>AL</arg>
<arg>AM</arg>
<arg>AO</arg>
<arg>AQ</arg>
<arg>AR</arg>
<arg>AS</arg>
<arg>AT</arg>
<arg>AU</arg>
<arg>AW</arg>
<arg>AX</arg>
<arg>AZ</arg>
<arg>BA</arg>
<arg>BB</arg>
<arg>BD</arg>
<arg>BE</arg>
<arg>BF</arg>
<arg>BG</arg>
<arg>BH</arg>
<arg>BI</arg>
<arg>BJ</arg>
<arg>BL</arg>
<arg>BM</arg>
<arg>BN</arg>
<arg>BO</arg>
<arg>BQ</arg>
<arg>BR</arg>
<arg>BS</arg>
<arg>BT</arg>
<arg>BV</arg>
<arg>BW</arg>
<arg>BY</arg>
<arg>BZ</arg>
<arg>CA</arg>
<arg>CC</arg>
<arg>CD</arg>
<arg>CF</arg>
<arg>CG</arg>
<arg>CH</arg>
<arg>CI</arg>
<arg>CK</arg>
<arg>CL</arg>
<arg>CM</arg>
<arg>CN</arg>
<arg>CO</arg>
<arg>CR</arg>
<arg>CU</arg>
<arg>CV</arg>
<arg>CW</arg>
<arg>CX</arg>
<arg>CY</arg>
<arg>CZ</arg>
<arg>DE</arg>
<arg>DJ</arg>
<arg>DK</arg>
<arg>DM</arg>
<arg>DO</arg>
<arg>DZ</arg>
<arg>EC</arg>
<arg>EE</arg>
<arg>EG</arg>
<arg>EH</arg>
<arg>ER</arg>
<arg>ES</arg>
<arg>ET</arg>
<arg>FI</arg>
<arg>FJ</arg>
<arg>FK</arg>
<arg>FM</arg>
<arg>FO</arg>
<arg>FR</arg>
<arg>GA</arg>
<arg>GB</arg>
<arg>GD</arg>
<arg>GE</arg>
<arg>GF</arg>
<arg>GG</arg>
<arg>GH</arg>
<arg>GI</arg>
<arg>GL</arg>
<arg>GM</arg>
<arg>GN</arg>
<arg>GP</arg>
<arg>GQ</arg>
<arg>GR</arg>
<arg>GS</arg>
<arg>GT</arg>
<arg>GU</arg>
<arg>GW</arg>
<arg>GY</arg>
<arg>HK</arg>
<arg>HM</arg>
<arg>HN</arg>
<arg>HR</arg>
<arg>HT</arg>
<arg>HU</arg>
<arg>ID</arg>
<arg>IE</arg>
<arg>IL</arg>
<arg>IM</arg>
<arg>IN</arg>
<arg>IO</arg>
<arg>IQ</arg>
<arg>IR</arg>
<arg>IS</arg>
<arg>IT</arg>
<arg>JE</arg>
<arg>JM</arg>
<arg>JO</arg>
<arg>JP</arg>
<arg>KE</arg>
<arg>KG</arg>
<arg>KH</arg>
<arg>KI</arg>
<arg>KM</arg>
<arg>KN</arg>
<arg>KP</arg>
<arg>KR</arg>
<arg>KW</arg>
<arg>KY</arg>
<arg>KZ</arg>
<arg>LA</arg>
<arg>LB</arg>
<arg>LC</arg>
<arg>LI</arg>
<arg>LK</arg>
<arg>LR</arg>
<arg>LS</arg>
<arg>LT</arg>
<arg>LU</arg>
<arg>LV</arg>
<arg>LY</arg>
<arg>MA</arg>
<arg>MC</arg>
<arg>MD</arg>
<arg>ME</arg>
<arg>MF</arg>
<arg>MG</arg>
<arg>MH</arg>
<arg>MK</arg>
<arg>ML</arg>
<arg>MM</arg>
<arg>MN</arg>
<arg>MO</arg>
<arg>MP</arg>
<arg>MQ</arg>
<arg>MR</arg>
<arg>MS</arg>
<arg>MT</arg>
<arg>MU</arg>
<arg>MV</arg>
<arg>MW</arg>
<arg>MX</arg>
<arg>MY</arg>
<arg>MZ</arg>
<arg>NA</arg>
<arg>NC</arg>
<arg>NE</arg>
<arg>NF</arg>
<arg>NG</arg>
<arg>NI</arg>
<arg>NL</arg>
<arg>NO</arg>
<arg>NP</arg>
<arg>NR</arg>
<arg>NU</arg>
<arg>NZ</arg>
<arg>OM</arg>
<arg>PA</arg>
<arg>PE</arg>
<arg>PF</arg>
<arg>PG</arg>
<arg>PH</arg>
<arg>PK</arg>
<arg>PL</arg>
<arg>PM</arg>
<arg>PN</arg>
<arg>PR</arg>
<arg>PS</arg>
<arg>PT</arg>
<arg>PW</arg>
<arg>PY</arg>
<arg>QA</arg>
<arg>RE</arg>
<arg>RO</arg>
<arg>RS</arg>
<arg>RU</arg>
<arg>RW</arg>
<arg>SA</arg>
<arg>SB</arg>
<arg>SC</arg>
<arg>SD</arg>
<arg>SE</arg>
<arg>SG</arg>
<arg>SH</arg>
<arg>SI</arg>
<arg>SJ</arg>
<arg>SK</arg>
<arg>SL</arg>
<arg>SM</arg>
<arg>SN</arg>
<arg>SO</arg>
<arg>SR</arg>
<arg>SS</arg>
<arg>ST</arg>
<arg>SV</arg>
<arg>SX</arg>
<arg>SY</arg>
<arg>SZ</arg>
<arg>TC</arg>
<arg>TD</arg>
<arg>TF</arg>
<arg>TG</arg>
<arg>TH</arg>
<arg>TJ</arg>
<arg>TK</arg>
<arg>TL</arg>
<arg>TM</arg>
<arg>TN</arg>
<arg>TO</arg>
<arg>TR</arg>
<arg>TT</arg>
<arg>TV</arg>
<arg>TW</arg>
<arg>TZ</arg>
<arg>UA</arg>
<arg>UG</arg>
<arg>UM</arg>
<arg>US</arg>
<arg>UY</arg>
<arg>UZ</arg>
<arg>VA</arg>
<arg>VC</arg>
<arg>VE</arg>
<arg>VG</arg>
<arg>VI</arg>
<arg>VN</arg>
<arg>VU</arg>
<arg>WF</arg>
<arg>WS</arg>
<arg>XK</arg>
<arg>YE</arg>
<arg>YT</arg>
<arg>ZA</arg>
<arg>ZM</arg>
<arg>ZW</arg>
<doc>Returns a list containing given items.</doc>
<status status="PASS" start="2024-03-28T08:16:32.597834" elapsed="0.000623"/>
</kw>
<kw name="List Should Contain Value" owner="Collections">
<msg time="2024-03-28T08:16:32.599545" level="INFO">False</msg>
<arg>${list_country}</arg>
<arg>${name_country}</arg>
<doc>Fails if the ``value`` is not found from ``list``.</doc>
<status status="PASS" start="2024-03-28T08:16:32.599343" elapsed="0.000239"/>
</kw>
<kw name="Run Keyword If" owner="BuiltIn">
<kw name="Should Be True" owner="BuiltIn">
<arg>${True}</arg>
<doc>Fails if the given condition is not true.</doc>
<status status="PASS" start="2024-03-28T08:16:32.600633" elapsed="0.000143"/>
</kw>
<arg>${json_data["results"][0]["location"]["coordinates"]["latitude"]} &gt;= -90 and ${json_data["results"][0]["location"]["coordinates"]["latitude"]} &lt;= 90</arg>
<arg>Should Be True</arg>
<arg>${True}</arg>
<doc>Runs the given keyword with the given arguments, if ``condition`` is true.</doc>
<status status="PASS" start="2024-03-28T08:16:32.599889" elapsed="0.001015"/>
</kw>
<kw name="Run Keyword If" owner="BuiltIn">
<kw name="Should Be True" owner="BuiltIn">
<arg>${True}</arg>
<doc>Fails if the given condition is not true.</doc>
<status status="PASS" start="2024-03-28T08:16:32.601816" elapsed="0.000138"/>
</kw>
<arg>${json_data["results"][0]["location"]["coordinates"]["longitude"]} &gt;= -180 and ${json_data["results"][0]["location"]["coordinates"]["longitude"]} &lt;= 180</arg>
<arg>Should Be True</arg>
<arg>${True}</arg>
<doc>Runs the given keyword with the given arguments, if ``condition`` is true.</doc>
<status status="PASS" start="2024-03-28T08:16:32.601087" elapsed="0.000991"/>
</kw>
<status status="PASS" start="2024-03-28T08:16:32.495799" elapsed="0.106406"/>
</kw>
<doc>Testa o conteúdo específico dos campos retornados pela API.</doc>
<tag>testeConteudo</tag>
<status status="PASS" start="2024-03-28T08:16:32.495110" elapsed="0.107241"/>
</test>
<status status="PASS" start="2024-03-28T08:16:31.721105" elapsed="0.883152"/>
</suite>
<status status="PASS" start="2024-03-28T08:16:31.707600" elapsed="0.901957"/>
</suite>
<statistics>
<total>
<stat pass="5" fail="0" skip="0">All Tests</stat>
</total>
<tag>
<stat pass="1" fail="0" skip="0">testeConteudo</stat>
<stat pass="1" fail="0" skip="0">testeEstruturaResposta</stat>
<stat pass="1" fail="0" skip="0">testeRequisicaoBasica</stat>
<stat pass="1" fail="0" skip="0">testeTiposDados</stat>
</tag>
<suite>
<stat pass="5" fail="0" skip="0" id="s1" name="Tests">Tests</stat>
<stat pass="5" fail="0" skip="0" id="s1-s1" name="Random-User-Test">Tests.Random-User-Test</stat>
</suite>
</statistics>
<errors>
</errors>
</robot>
