<?xml version="1.0" encoding="UTF-8"?>
<robot generator="Robot 7.0 (Python 3.12.2 on linux)" generated="2024-04-02T14:12:36.910108" rpa="false" schemaversion="5">
<suite id="s1" name="Tests" source="/home/runner/work/DesafioQAItauRogerioJordao/DesafioQAItauRogerioJordao/RamdonUser/tests">
<suite id="s1-s1" name="Random-User-Test" source="/home/runner/work/DesafioQAItauRogerioJordao/DesafioQAItauRogerioJordao/RamdonUser/tests/random-user-test.robot">
<test id="s1-s1-t1" name="Conectar" line="13">
<kw name="Conectar API" owner="random-user-service">
<kw name="Create Session" owner="RequestsLibrary">
<msg time="2024-04-02T14:12:37.269199" level="INFO">Creating Session using : alias=consultarAPI, url=https://randomuser.me/, headers={},                     cookies={}, auth=None, timeout=None, proxies=None, verify=False,                     debug=0 </msg>
<arg>consultarAPI</arg>
<arg>${URL}</arg>
<doc>Create Session: create a HTTP session to a server</doc>
<status status="PASS" start="2024-04-02T14:12:37.268966" elapsed="0.000540"/>
</kw>
<status status="PASS" start="2024-04-02T14:12:37.267442" elapsed="0.002545"/>
</kw>
<status status="PASS" start="2024-04-02T14:12:37.266723" elapsed="0.003505"/>
</test>
<test id="s1-s1-t2" name="Validar retorno 200 e JSON Válido" line="16">
<kw name="Teste de Requisicao Basica" owner="random-user-service">
<kw name="GET On Session" owner="RequestsLibrary">
<msg time="2024-04-02T14:12:37.545666" level="INFO">GET Request : url=https://randomuser.me/api 
 path_url=/api 
 headers={'User-Agent': 'python-requests/2.31.0', 'Accept-Encoding': 'gzip, deflate', 'Accept': '*/*', 'Connection': 'keep-alive'} 
 body=None 
 </msg>
<msg time="2024-04-02T14:12:37.545812" level="INFO">GET Response : url=https://randomuser.me/api 
 status=200, reason=OK 
 headers={'Date': 'Tue, 02 Apr 2024 14:12:37 GMT', 'Content-Type': 'application/json; charset=utf-8', 'Transfer-Encoding': 'chunked', 'Connection': 'keep-alive', 'X-Powered-By': 'Express', 'Access-Control-Allow-Origin': '*', 'Cache-Control': 'no-cache', 'ETag': 'W/"489-Z+vCH/31EgcL+xRXlFde9X1WH+Q"', 'Vary': 'Accept-Encoding', 'Content-Encoding': 'gzip', 'CF-Cache-Status': 'DYNAMIC', 'Report-To': '{"endpoints":[{"url":"https:\\/\\/a.nel.cloudflare.com\\/report\\/v4?s=QgTz%2F4QQ7A8NpTexClxQ78EAieOpujPV%2F0noP7%2FuqFYP0DJNpLhgzfcbieQ1%2FBrBpV2XPq48Gk58YU7ClJSgkYIRE2TscJLUmKoFuNnKrR0af7H0M1OPsGmyoNWwvOLt"}],"group":"cf-nel","max_age":604800}', 'NEL': '{"success_fraction":0,"report_to":"cf-nel","max_age":604800}', 'Server': 'cloudflare', 'CF-RAY': '86e16a360b8008aa-LAX', 'alt-svc': 'h3=":443"; ma=86400'} 
 body={"results":[{"gender":"male","name":{"title":"Mr","first":"Enrique","last":"Flores"},"location":{"street":{"number":3237,"name":"Calle del Prado"},"city":"Orense","state":"Andalucía","country":"Spain","postcode":82473,"coordinates":{"latitude":"-30.9116","longitude":"-136.7820"},"timezone":{"offset":"+5:30","description":"Bombay, Calcutta, Madras, New Delhi"}},"email":"enrique.flores@example.com","login":{"uuid":"44b5d90c-5f5d-4116-933d-7fd0328d2e17","username":"blueswan507","password":"clifford","salt":"u9t2hhBt","md5":"87df46daa256942563f524cad41dc93f","sha1":"7e67d82f98bb9f5e8225705559094846a6d6f45f","sha256":"9b44231241bac6c78a2f7ff90d2eb27b4dfb9b8cd0d5e13182178d21a4edc03e"},"dob":{"date":"2001-01-28T07:25:09.517Z","age":23},"registered":{"date":"2019-04-13T06:23:02.963Z","age":4},"phone":"921-581-914","cell":"649-693-800","id":{"name":"DNI","value":"49751816-H"},"picture":{"large":"https://randomuser.me/api/portraits/men/3.jpg","medium":"https://randomuser.me/api/portraits/med/men/3.jpg","thumbnail":"https://randomuser.me/api/portraits/thumb/men/3.jpg"},"nat":"ES"}],"info":{"seed":"fe0f9298665a8e00","results":1,"page":1,"version":"1.4"}} 
 </msg>
<msg time="2024-04-02T14:12:37.545925" level="INFO">/opt/hostedtoolcache/Python/3.12.2/x64/lib/python3.12/site-packages/urllib3/connectionpool.py:1103: InsecureRequestWarning: Unverified HTTPS request is being made to host 'randomuser.me'. Adding certificate verification is strongly advised. See: https://urllib3.readthedocs.io/en/latest/advanced-usage.html#tls-warnings
  warnings.warn(</msg>
<msg time="2024-04-02T14:12:37.546089" level="INFO">${response} = &lt;Response [200]&gt;</msg>
<var>${response}</var>
<arg>consultarAPI</arg>
<arg>/api</arg>
<doc>Sends a GET request on a previously created HTTP Session.</doc>
<status status="PASS" start="2024-04-02T14:12:37.273363" elapsed="0.272770"/>
</kw>
<kw name="Should Be Equal As Numbers" owner="BuiltIn">
<msg time="2024-04-02T14:12:37.547155" level="INFO">Argument types are:
&lt;class 'int'&gt;
&lt;class 'str'&gt;</msg>
<arg>${response.status_code}</arg>
<arg>200</arg>
<doc>Fails if objects are unequal after converting them to real numbers.</doc>
<status status="PASS" start="2024-04-02T14:12:37.546680" elapsed="0.000542"/>
</kw>
<kw name="Log" owner="BuiltIn">
<msg time="2024-04-02T14:12:37.547910" level="INFO">200</msg>
<arg>${response.status_code}</arg>
<doc>Logs the given message with the given level.</doc>
<status status="PASS" start="2024-04-02T14:12:37.547547" elapsed="0.000407"/>
</kw>
<kw name="Set Variable" owner="BuiltIn">
<msg time="2024-04-02T14:12:37.548776" level="INFO">${json_data} = {'results': [{'gender': 'male', 'name': {'title': 'Mr', 'first': 'Enrique', 'last': 'Flores'}, 'location': {'street': {'number': 3237, 'name': 'Calle del Prado'}, 'city': 'Orense', 'state': 'Andalucía...</msg>
<var>${json_data}</var>
<arg>${response.json()}</arg>
<doc>Returns the given values which can then be assigned to a variables.</doc>
<status status="PASS" start="2024-04-02T14:12:37.548283" elapsed="0.000529"/>
</kw>
<kw name="Dictionary Should Contain Key" owner="Collections">
<msg time="2024-04-02T14:12:37.549301" level="INFO">False</msg>
<arg>${json_data}</arg>
<arg>results</arg>
<doc>Fails if ``key`` is not found from ``dictionary``.</doc>
<status status="PASS" start="2024-04-02T14:12:37.549130" elapsed="0.000210"/>
</kw>
<status status="PASS" start="2024-04-02T14:12:37.273012" elapsed="0.276594"/>
</kw>
<doc>Testa se a API responde corretamente e retorna um objeto JSON válido.</doc>
<tag>testeRequisicaoBasica</tag>
<status status="PASS" start="2024-04-02T14:12:37.272281" elapsed="0.277515"/>
</test>
<test id="s1-s1-t3" name="Validar estrutura de resposta" line="22">
<kw name="Teste de Estrutura de Resposta" owner="random-user-service">
<kw name="GET On Session" owner="RequestsLibrary">
<msg time="2024-04-02T14:12:37.660600" level="INFO">GET Request : url=https://randomuser.me/api 
 path_url=/api 
 headers={'User-Agent': 'python-requests/2.31.0', 'Accept-Encoding': 'gzip, deflate', 'Accept': '*/*', 'Connection': 'keep-alive'} 
 body=None 
 </msg>
<msg time="2024-04-02T14:12:37.660689" level="INFO">GET Response : url=https://randomuser.me/api 
 status=200, reason=OK 
 headers={'Date': 'Tue, 02 Apr 2024 14:12:37 GMT', 'Content-Type': 'application/json; charset=utf-8', 'Transfer-Encoding': 'chunked', 'Connection': 'keep-alive', 'X-Powered-By': 'Express', 'Access-Control-Allow-Origin': '*', 'Cache-Control': 'no-cache', 'ETag': 'W/"497-LMHXQqL63diFCDVHuIfZzqnHdQs"', 'Vary': 'Accept-Encoding', 'Content-Encoding': 'gzip', 'CF-Cache-Status': 'DYNAMIC', 'Report-To': '{"endpoints":[{"url":"https:\\/\\/a.nel.cloudflare.com\\/report\\/v4?s=Kni7K2HsZOjRRPrWrLk0PSYU19522u2Za4R0WDZApHhkQ6T3ZlmQFyiOw9jFbFVhkRg%2FOjjC8Hpq20ODzQXyixb27cHbdAuiM7hUOq5u1oeLPF%2Brf8Fd7xdM5aTezcOi"}],"group":"cf-nel","max_age":604800}', 'NEL': '{"success_fraction":0,"report_to":"cf-nel","max_age":604800}', 'Server': 'cloudflare', 'CF-RAY': '86e16a36bcc708aa-LAX', 'alt-svc': 'h3=":443"; ma=86400'} 
 body={"results":[{"gender":"male","name":{"title":"Mr","first":"Jeffery","last":"Dunn"},"location":{"street":{"number":7932,"name":"Albert Road"},"city":"Worcester","state":"Kent","country":"United Kingdom","postcode":"J6T 9PR","coordinates":{"latitude":"-8.8916","longitude":"-51.2662"},"timezone":{"offset":"+10:00","description":"Eastern Australia, Guam, Vladivostok"}},"email":"jeffery.dunn@example.com","login":{"uuid":"73fc0f8f-2f88-48c0-98f9-6c04456d67d8","username":"yellowmouse489","password":"longbow","salt":"j0IGIVav","md5":"bce5d3582599d6d7134e09e0b8184017","sha1":"8301e4ae64f746594c7a4a83a71c8bce61f279c1","sha256":"b6b72209780296b4fa2aaae3bfbf64711aa36823f3eb2e631e20a6a7a94ff7c7"},"dob":{"date":"1990-07-11T00:08:05.424Z","age":33},"registered":{"date":"2003-03-15T01:17:01.582Z","age":21},"phone":"017683 37589","cell":"07541 778182","id":{"name":"NINO","value":"LW 37 95 59 W"},"picture":{"large":"https://randomuser.me/api/portraits/men/30.jpg","medium":"https://randomuser.me/api/portraits/med/men/30.jpg","thumbnail":"https://randomuser.me/api/portraits/thumb/men/30.jpg"},"nat":"GB"}],"info":{"seed":"49a2f1f39a776c86","results":1,"page":1,"version":"1.4"}} 
 </msg>
<msg time="2024-04-02T14:12:37.660848" level="INFO">/opt/hostedtoolcache/Python/3.12.2/x64/lib/python3.12/site-packages/urllib3/connectionpool.py:1103: InsecureRequestWarning: Unverified HTTPS request is being made to host 'randomuser.me'. Adding certificate verification is strongly advised. See: https://urllib3.readthedocs.io/en/latest/advanced-usage.html#tls-warnings
  warnings.warn(</msg>
<msg time="2024-04-02T14:12:37.660965" level="INFO">${response} = &lt;Response [200]&gt;</msg>
<var>${response}</var>
<arg>consultarAPI</arg>
<arg>/api</arg>
<doc>Sends a GET request on a previously created HTTP Session.</doc>
<status status="PASS" start="2024-04-02T14:12:37.552595" elapsed="0.108436"/>
</kw>
<kw name="Set Variable" owner="BuiltIn">
<msg time="2024-04-02T14:12:37.662016" level="INFO">${json_data} = {'results': [{'gender': 'male', 'name': {'title': 'Mr', 'first': 'Jeffery', 'last': 'Dunn'}, 'location': {'street': {'number': 7932, 'name': 'Albert Road'}, 'city': 'Worcester', 'state': 'Kent', 'coun...</msg>
<var>${json_data}</var>
<arg>${response.json()}</arg>
<doc>Returns the given values which can then be assigned to a variables.</doc>
<status status="PASS" start="2024-04-02T14:12:37.661404" elapsed="0.000641"/>
</kw>
<kw name="Log" owner="BuiltIn">
<msg time="2024-04-02T14:12:37.662586" level="INFO">{'results': [{'gender': 'male', 'name': {'title': 'Mr', 'first': 'Jeffery', 'last': 'Dunn'}, 'location': {'street': {'number': 7932, 'name': 'Albert Road'}, 'city': 'Worcester', 'state': 'Kent', 'country': 'United Kingdom', 'postcode': 'J6T 9PR', 'coordinates': {'latitude': '-8.8916', 'longitude': '-51.2662'}, 'timezone': {'offset': '+10:00', 'description': 'Eastern Australia, Guam, Vladivostok'}}, 'email': 'jeffery.dunn@example.com', 'login': {'uuid': '73fc0f8f-2f88-48c0-98f9-6c04456d67d8', 'username': 'yellowmouse489', 'password': 'longbow', 'salt': 'j0IGIVav', 'md5': 'bce5d3582599d6d7134e09e0b8184017', 'sha1': '8301e4ae64f746594c7a4a83a71c8bce61f279c1', 'sha256': 'b6b72209780296b4fa2aaae3bfbf64711aa36823f3eb2e631e20a6a7a94ff7c7'}, 'dob': {'date': '1990-07-11T00:08:05.424Z', 'age': 33}, 'registered': {'date': '2003-03-15T01:17:01.582Z', 'age': 21}, 'phone': '017683 37589', 'cell': '07541 778182', 'id': {'name': 'NINO', 'value': 'LW 37 95 59 W'}, 'picture': {'large': 'https://randomuser.me/api/portraits/men/30.jpg', 'medium': 'https://randomuser.me/api/portraits/med/men/30.jpg', 'thumbnail': 'https://randomuser.me/api/portraits/thumb/men/30.jpg'}, 'nat': 'GB'}], 'info': {'seed': '49a2f1f39a776c86', 'results': 1, 'page': 1, 'version': '1.4'}}</msg>
<arg>${json_data}</arg>
<doc>Logs the given message with the given level.</doc>
<status status="PASS" start="2024-04-02T14:12:37.662384" elapsed="0.000260"/>
</kw>
<kw name="Dictionary Should Contain Key" owner="Collections">
<msg time="2024-04-02T14:12:37.663102" level="INFO">False</msg>
<arg>${json_data}</arg>
<arg>results</arg>
<doc>Fails if ``key`` is not found from ``dictionary``.</doc>
<status status="PASS" start="2024-04-02T14:12:37.662946" elapsed="0.000192"/>
</kw>
<kw name="Should Not Be Empty" owner="BuiltIn">
<msg time="2024-04-02T14:12:37.663564" level="INFO">Length is 2.</msg>
<arg>${json_data}</arg>
<doc>Verifies that the given item is not empty.</doc>
<status status="PASS" start="2024-04-02T14:12:37.663432" elapsed="0.000170"/>
</kw>
<kw name="Create List" owner="BuiltIn">
<msg time="2024-04-02T14:12:37.664047" level="INFO">${expected_keys} = ['gender', 'name', 'location', 'email', 'login']</msg>
<var>${expected_keys}</var>
<arg>gender</arg>
<arg>name</arg>
<arg>location</arg>
<arg>email</arg>
<arg>login</arg>
<doc>Returns a list containing given items.</doc>
<status status="PASS" start="2024-04-02T14:12:37.663892" elapsed="0.000179"/>
</kw>
<for flavor="IN">
<iter>
<kw name="Dictionary Should Contain Key" owner="Collections">
<msg time="2024-04-02T14:12:37.665081" level="INFO">False</msg>
<arg>${json_data['results'][0]}</arg>
<arg>${key}</arg>
<doc>Fails if ``key`` is not found from ``dictionary``.</doc>
<status status="PASS" start="2024-04-02T14:12:37.664638" elapsed="0.000482"/>
</kw>
<kw name="Log" owner="BuiltIn">
<msg time="2024-04-02T14:12:37.665794" level="INFO">{'gender': 'male', 'name': {'title': 'Mr', 'first': 'Jeffery', 'last': 'Dunn'}, 'location': {'street': {'number': 7932, 'name': 'Albert Road'}, 'city': 'Worcester', 'state': 'Kent', 'country': 'United Kingdom', 'postcode': 'J6T 9PR', 'coordinates': {'latitude': '-8.8916', 'longitude': '-51.2662'}, 'timezone': {'offset': '+10:00', 'description': 'Eastern Australia, Guam, Vladivostok'}}, 'email': 'jeffery.dunn@example.com', 'login': {'uuid': '73fc0f8f-2f88-48c0-98f9-6c04456d67d8', 'username': 'yellowmouse489', 'password': 'longbow', 'salt': 'j0IGIVav', 'md5': 'bce5d3582599d6d7134e09e0b8184017', 'sha1': '8301e4ae64f746594c7a4a83a71c8bce61f279c1', 'sha256': 'b6b72209780296b4fa2aaae3bfbf64711aa36823f3eb2e631e20a6a7a94ff7c7'}, 'dob': {'date': '1990-07-11T00:08:05.424Z', 'age': 33}, 'registered': {'date': '2003-03-15T01:17:01.582Z', 'age': 21}, 'phone': '017683 37589', 'cell': '07541 778182', 'id': {'name': 'NINO', 'value': 'LW 37 95 59 W'}, 'picture': {'large': 'https://randomuser.me/api/portraits/men/30.jpg', 'medium': 'https://randomuser.me/api/portraits/med/men/30.jpg', 'thumbnail': 'https://randomuser.me/api/portraits/thumb/men/30.jpg'}, 'nat': 'GB'}</msg>
<arg>${json_data['results'][0]}</arg>
<doc>Logs the given message with the given level.</doc>
<status status="PASS" start="2024-04-02T14:12:37.665428" elapsed="0.000421"/>
</kw>
<kw name="Log" owner="BuiltIn">
<msg time="2024-04-02T14:12:37.666281" level="INFO">gender</msg>
<arg>${key}</arg>
<doc>Logs the given message with the given level.</doc>
<status status="PASS" start="2024-04-02T14:12:37.666149" elapsed="0.000170"/>
</kw>
<var name="${key}">gender</var>
<status status="PASS" start="2024-04-02T14:12:37.664515" elapsed="0.002025"/>
</iter>
<iter>
<kw name="Dictionary Should Contain Key" owner="Collections">
<msg time="2024-04-02T14:12:37.667229" level="INFO">False</msg>
<arg>${json_data['results'][0]}</arg>
<arg>${key}</arg>
<doc>Fails if ``key`` is not found from ``dictionary``.</doc>
<status status="PASS" start="2024-04-02T14:12:37.666843" elapsed="0.000424"/>
</kw>
<kw name="Log" owner="BuiltIn">
<msg time="2024-04-02T14:12:37.667968" level="INFO">{'gender': 'male', 'name': {'title': 'Mr', 'first': 'Jeffery', 'last': 'Dunn'}, 'location': {'street': {'number': 7932, 'name': 'Albert Road'}, 'city': 'Worcester', 'state': 'Kent', 'country': 'United Kingdom', 'postcode': 'J6T 9PR', 'coordinates': {'latitude': '-8.8916', 'longitude': '-51.2662'}, 'timezone': {'offset': '+10:00', 'description': 'Eastern Australia, Guam, Vladivostok'}}, 'email': 'jeffery.dunn@example.com', 'login': {'uuid': '73fc0f8f-2f88-48c0-98f9-6c04456d67d8', 'username': 'yellowmouse489', 'password': 'longbow', 'salt': 'j0IGIVav', 'md5': 'bce5d3582599d6d7134e09e0b8184017', 'sha1': '8301e4ae64f746594c7a4a83a71c8bce61f279c1', 'sha256': 'b6b72209780296b4fa2aaae3bfbf64711aa36823f3eb2e631e20a6a7a94ff7c7'}, 'dob': {'date': '1990-07-11T00:08:05.424Z', 'age': 33}, 'registered': {'date': '2003-03-15T01:17:01.582Z', 'age': 21}, 'phone': '017683 37589', 'cell': '07541 778182', 'id': {'name': 'NINO', 'value': 'LW 37 95 59 W'}, 'picture': {'large': 'https://randomuser.me/api/portraits/men/30.jpg', 'medium': 'https://randomuser.me/api/portraits/med/men/30.jpg', 'thumbnail': 'https://randomuser.me/api/portraits/thumb/men/30.jpg'}, 'nat': 'GB'}</msg>
<arg>${json_data['results'][0]}</arg>
<doc>Logs the given message with the given level.</doc>
<status status="PASS" start="2024-04-02T14:12:37.667610" elapsed="0.000405"/>
</kw>
<kw name="Log" owner="BuiltIn">
<msg time="2024-04-02T14:12:37.668440" level="INFO">name</msg>
<arg>${key}</arg>
<doc>Logs the given message with the given level.</doc>
<status status="PASS" start="2024-04-02T14:12:37.668314" elapsed="0.000163"/>
</kw>
<var name="${key}">name</var>
<status status="PASS" start="2024-04-02T14:12:37.666727" elapsed="0.001965"/>
</iter>
<iter>
<kw name="Dictionary Should Contain Key" owner="Collections">
<msg time="2024-04-02T14:12:37.669394" level="INFO">False</msg>
<arg>${json_data['results'][0]}</arg>
<arg>${key}</arg>
<doc>Fails if ``key`` is not found from ``dictionary``.</doc>
<status status="PASS" start="2024-04-02T14:12:37.669005" elapsed="0.000426"/>
</kw>
<kw name="Log" owner="BuiltIn">
<msg time="2024-04-02T14:12:37.670096" level="INFO">{'gender': 'male', 'name': {'title': 'Mr', 'first': 'Jeffery', 'last': 'Dunn'}, 'location': {'street': {'number': 7932, 'name': 'Albert Road'}, 'city': 'Worcester', 'state': 'Kent', 'country': 'United Kingdom', 'postcode': 'J6T 9PR', 'coordinates': {'latitude': '-8.8916', 'longitude': '-51.2662'}, 'timezone': {'offset': '+10:00', 'description': 'Eastern Australia, Guam, Vladivostok'}}, 'email': 'jeffery.dunn@example.com', 'login': {'uuid': '73fc0f8f-2f88-48c0-98f9-6c04456d67d8', 'username': 'yellowmouse489', 'password': 'longbow', 'salt': 'j0IGIVav', 'md5': 'bce5d3582599d6d7134e09e0b8184017', 'sha1': '8301e4ae64f746594c7a4a83a71c8bce61f279c1', 'sha256': 'b6b72209780296b4fa2aaae3bfbf64711aa36823f3eb2e631e20a6a7a94ff7c7'}, 'dob': {'date': '1990-07-11T00:08:05.424Z', 'age': 33}, 'registered': {'date': '2003-03-15T01:17:01.582Z', 'age': 21}, 'phone': '017683 37589', 'cell': '07541 778182', 'id': {'name': 'NINO', 'value': 'LW 37 95 59 W'}, 'picture': {'large': 'https://randomuser.me/api/portraits/men/30.jpg', 'medium': 'https://randomuser.me/api/portraits/med/men/30.jpg', 'thumbnail': 'https://randomuser.me/api/portraits/thumb/men/30.jpg'}, 'nat': 'GB'}</msg>
<arg>${json_data['results'][0]}</arg>
<doc>Logs the given message with the given level.</doc>
<status status="PASS" start="2024-04-02T14:12:37.669733" elapsed="0.000416"/>
</kw>
<kw name="Log" owner="BuiltIn">
<msg time="2024-04-02T14:12:37.670572" level="INFO">location</msg>
<arg>${key}</arg>
<doc>Logs the given message with the given level.</doc>
<status status="PASS" start="2024-04-02T14:12:37.670446" elapsed="0.000164"/>
</kw>
<var name="${key}">location</var>
<status status="PASS" start="2024-04-02T14:12:37.668894" elapsed="0.001929"/>
</iter>
<iter>
<kw name="Dictionary Should Contain Key" owner="Collections">
<msg time="2024-04-02T14:12:37.671486" level="INFO">False</msg>
<arg>${json_data['results'][0]}</arg>
<arg>${key}</arg>
<doc>Fails if ``key`` is not found from ``dictionary``.</doc>
<status status="PASS" start="2024-04-02T14:12:37.671106" elapsed="0.000417"/>
</kw>
<kw name="Log" owner="BuiltIn">
<msg time="2024-04-02T14:12:37.672175" level="INFO">{'gender': 'male', 'name': {'title': 'Mr', 'first': 'Jeffery', 'last': 'Dunn'}, 'location': {'street': {'number': 7932, 'name': 'Albert Road'}, 'city': 'Worcester', 'state': 'Kent', 'country': 'United Kingdom', 'postcode': 'J6T 9PR', 'coordinates': {'latitude': '-8.8916', 'longitude': '-51.2662'}, 'timezone': {'offset': '+10:00', 'description': 'Eastern Australia, Guam, Vladivostok'}}, 'email': 'jeffery.dunn@example.com', 'login': {'uuid': '73fc0f8f-2f88-48c0-98f9-6c04456d67d8', 'username': 'yellowmouse489', 'password': 'longbow', 'salt': 'j0IGIVav', 'md5': 'bce5d3582599d6d7134e09e0b8184017', 'sha1': '8301e4ae64f746594c7a4a83a71c8bce61f279c1', 'sha256': 'b6b72209780296b4fa2aaae3bfbf64711aa36823f3eb2e631e20a6a7a94ff7c7'}, 'dob': {'date': '1990-07-11T00:08:05.424Z', 'age': 33}, 'registered': {'date': '2003-03-15T01:17:01.582Z', 'age': 21}, 'phone': '017683 37589', 'cell': '07541 778182', 'id': {'name': 'NINO', 'value': 'LW 37 95 59 W'}, 'picture': {'large': 'https://randomuser.me/api/portraits/men/30.jpg', 'medium': 'https://randomuser.me/api/portraits/med/men/30.jpg', 'thumbnail': 'https://randomuser.me/api/portraits/thumb/men/30.jpg'}, 'nat': 'GB'}</msg>
<arg>${json_data['results'][0]}</arg>
<doc>Logs the given message with the given level.</doc>
<status status="PASS" start="2024-04-02T14:12:37.671819" elapsed="0.000404"/>
</kw>
<kw name="Log" owner="BuiltIn">
<msg time="2024-04-02T14:12:37.672635" level="INFO">email</msg>
<arg>${key}</arg>
<doc>Logs the given message with the given level.</doc>
<status status="PASS" start="2024-04-02T14:12:37.672511" elapsed="0.000162"/>
</kw>
<var name="${key}">email</var>
<status status="PASS" start="2024-04-02T14:12:37.670992" elapsed="0.001926"/>
</iter>
<iter>
<kw name="Dictionary Should Contain Key" owner="Collections">
<msg time="2024-04-02T14:12:37.673575" level="INFO">False</msg>
<arg>${json_data['results'][0]}</arg>
<arg>${key}</arg>
<doc>Fails if ``key`` is not found from ``dictionary``.</doc>
<status status="PASS" start="2024-04-02T14:12:37.673195" elapsed="0.000417"/>
</kw>
<kw name="Log" owner="BuiltIn">
<msg time="2024-04-02T14:12:37.674262" level="INFO">{'gender': 'male', 'name': {'title': 'Mr', 'first': 'Jeffery', 'last': 'Dunn'}, 'location': {'street': {'number': 7932, 'name': 'Albert Road'}, 'city': 'Worcester', 'state': 'Kent', 'country': 'United Kingdom', 'postcode': 'J6T 9PR', 'coordinates': {'latitude': '-8.8916', 'longitude': '-51.2662'}, 'timezone': {'offset': '+10:00', 'description': 'Eastern Australia, Guam, Vladivostok'}}, 'email': 'jeffery.dunn@example.com', 'login': {'uuid': '73fc0f8f-2f88-48c0-98f9-6c04456d67d8', 'username': 'yellowmouse489', 'password': 'longbow', 'salt': 'j0IGIVav', 'md5': 'bce5d3582599d6d7134e09e0b8184017', 'sha1': '8301e4ae64f746594c7a4a83a71c8bce61f279c1', 'sha256': 'b6b72209780296b4fa2aaae3bfbf64711aa36823f3eb2e631e20a6a7a94ff7c7'}, 'dob': {'date': '1990-07-11T00:08:05.424Z', 'age': 33}, 'registered': {'date': '2003-03-15T01:17:01.582Z', 'age': 21}, 'phone': '017683 37589', 'cell': '07541 778182', 'id': {'name': 'NINO', 'value': 'LW 37 95 59 W'}, 'picture': {'large': 'https://randomuser.me/api/portraits/men/30.jpg', 'medium': 'https://randomuser.me/api/portraits/med/men/30.jpg', 'thumbnail': 'https://randomuser.me/api/portraits/thumb/men/30.jpg'}, 'nat': 'GB'}</msg>
<arg>${json_data['results'][0]}</arg>
<doc>Logs the given message with the given level.</doc>
<status status="PASS" start="2024-04-02T14:12:37.673903" elapsed="0.000405"/>
</kw>
<kw name="Log" owner="BuiltIn">
<msg time="2024-04-02T14:12:37.674720" level="INFO">login</msg>
<arg>${key}</arg>
<doc>Logs the given message with the given level.</doc>
<status status="PASS" start="2024-04-02T14:12:37.674596" elapsed="0.000266"/>
</kw>
<var name="${key}">login</var>
<status status="PASS" start="2024-04-02T14:12:37.673088" elapsed="0.002030"/>
</iter>
<var>${key}</var>
<value>@{expected_keys}</value>
<status status="PASS" start="2024-04-02T14:12:37.664328" elapsed="0.010918"/>
</for>
<kw name="Create List" owner="BuiltIn">
<msg time="2024-04-02T14:12:37.675578" level="INFO">${expected_keysTwo} = ['username', 'password']</msg>
<var>${expected_keysTwo}</var>
<arg>username</arg>
<arg>password</arg>
<doc>Returns a list containing given items.</doc>
<status status="PASS" start="2024-04-02T14:12:37.675440" elapsed="0.000162"/>
</kw>
<for flavor="IN">
<iter>
<kw name="Dictionary Should Contain Key" owner="Collections">
<msg time="2024-04-02T14:12:37.676482" level="INFO">False</msg>
<arg>${json_data['results'][0]['login']}</arg>
<arg>${keyTwo}</arg>
<doc>Fails if ``key`` is not found from ``dictionary``.</doc>
<status status="PASS" start="2024-04-02T14:12:37.676100" elapsed="0.000418"/>
</kw>
<kw name="Dictionary Should Contain Key" owner="Collections">
<msg time="2024-04-02T14:12:37.677221" level="INFO">False</msg>
<arg>${json_data['results'][0]['login']}</arg>
<arg>${keyTwo}</arg>
<doc>Fails if ``key`` is not found from ``dictionary``.</doc>
<status status="PASS" start="2024-04-02T14:12:37.676836" elapsed="0.000422"/>
</kw>
<kw name="Log" owner="BuiltIn">
<msg time="2024-04-02T14:12:37.677694" level="INFO">username</msg>
<arg>${keyTwo}</arg>
<doc>Logs the given message with the given level.</doc>
<status status="PASS" start="2024-04-02T14:12:37.677566" elapsed="0.000165"/>
</kw>
<var name="${keyTwo}">username</var>
<status status="PASS" start="2024-04-02T14:12:37.675988" elapsed="0.001955"/>
</iter>
<iter>
<kw name="Dictionary Should Contain Key" owner="Collections">
<msg time="2024-04-02T14:12:37.678605" level="INFO">False</msg>
<arg>${json_data['results'][0]['login']}</arg>
<arg>${keyTwo}</arg>
<doc>Fails if ``key`` is not found from ``dictionary``.</doc>
<status status="PASS" start="2024-04-02T14:12:37.678224" elapsed="0.000418"/>
</kw>
<kw name="Dictionary Should Contain Key" owner="Collections">
<msg time="2024-04-02T14:12:37.679312" level="INFO">False</msg>
<arg>${json_data['results'][0]['login']}</arg>
<arg>${keyTwo}</arg>
<doc>Fails if ``key`` is not found from ``dictionary``.</doc>
<status status="PASS" start="2024-04-02T14:12:37.678932" elapsed="0.000416"/>
</kw>
<kw name="Log" owner="BuiltIn">
<msg time="2024-04-02T14:12:37.679763" level="INFO">password</msg>
<arg>${keyTwo}</arg>
<doc>Logs the given message with the given level.</doc>
<status status="PASS" start="2024-04-02T14:12:37.679637" elapsed="0.000164"/>
</kw>
<var name="${keyTwo}">password</var>
<status status="PASS" start="2024-04-02T14:12:37.678116" elapsed="0.001908"/>
</iter>
<var>${keyTwo}</var>
<value>@{expected_keysTwo}</value>
<status status="PASS" start="2024-04-02T14:12:37.675838" elapsed="0.004307"/>
</for>
<status status="PASS" start="2024-04-02T14:12:37.552337" elapsed="0.127949"/>
</kw>
<doc>Testa a estrutura da resposta da API.</doc>
<tag>testeEstruturaResposta</tag>
<status status="PASS" start="2024-04-02T14:12:37.551651" elapsed="0.128790"/>
</test>
<test id="s1-s1-t4" name="Validar tipos de dados" line="28">
<kw name="Teste de Tipos de Dados" owner="random-user-service">
<kw name="GET On Session" owner="RequestsLibrary">
<msg time="2024-04-02T14:12:37.780795" level="INFO">GET Request : url=https://randomuser.me/api 
 path_url=/api 
 headers={'User-Agent': 'python-requests/2.31.0', 'Accept-Encoding': 'gzip, deflate', 'Accept': '*/*', 'Connection': 'keep-alive'} 
 body=None 
 </msg>
<msg time="2024-04-02T14:12:37.780884" level="INFO">GET Response : url=https://randomuser.me/api 
 status=200, reason=OK 
 headers={'Date': 'Tue, 02 Apr 2024 14:12:37 GMT', 'Content-Type': 'application/json; charset=utf-8', 'Transfer-Encoding': 'chunked', 'Connection': 'keep-alive', 'X-Powered-By': 'Express', 'Access-Control-Allow-Origin': '*', 'Cache-Control': 'no-cache', 'ETag': 'W/"494-RRhSeIzD6prcl3LYUlUlVeMjxtQ"', 'Vary': 'Accept-Encoding', 'Content-Encoding': 'gzip', 'CF-Cache-Status': 'DYNAMIC', 'Report-To': '{"endpoints":[{"url":"https:\\/\\/a.nel.cloudflare.com\\/report\\/v4?s=RKB1ZvligutuhvmYThDSKV7n%2FLUbuw4NAVO8PZ4pMg%2BSWA0bw1Jwgaj2Djcmb%2BrQ4uU9pVzcS80kOQ%2BLtQX3kwheN7ztNE1FeqZAYGVmpiPKC6Fy74jYkqgZgmP5nLg4"}],"group":"cf-nel","max_age":604800}', 'NEL': '{"success_fraction":0,"report_to":"cf-nel","max_age":604800}', 'Server': 'cloudflare', 'CF-RAY': '86e16a378dc008aa-LAX', 'alt-svc': 'h3=":443"; ma=86400'} 
 body={"results":[{"gender":"female","name":{"title":"Miss","first":"Lea","last":"Thomsen"},"location":{"street":{"number":2287,"name":"Bygvænget"},"city":"Sønder Stenderup","state":"Danmark","country":"Denmark","postcode":98569,"coordinates":{"latitude":"-43.2519","longitude":"118.6972"},"timezone":{"offset":"+9:00","description":"Tokyo, Seoul, Osaka, Sapporo, Yakutsk"}},"email":"lea.thomsen@example.com","login":{"uuid":"8f4e31d0-f06a-4077-807a-fb6d2a1ae56b","username":"purplezebra732","password":"jackson1","salt":"bxPaDDVc","md5":"941b92eb0b7a3c11416fd90edd157c59","sha1":"57be9da800fa9ac7e7bdd43c250b7066d3329126","sha256":"af49db1933f26b1af4fb69fe3011a657d5f10216a38ab3627d3ff317d213cdc9"},"dob":{"date":"1968-11-02T12:34:12.864Z","age":55},"registered":{"date":"2018-10-18T02:37:15.466Z","age":5},"phone":"60683473","cell":"97939582","id":{"name":"CPR","value":"021168-0333"},"picture":{"large":"https://randomuser.me/api/portraits/women/15.jpg","medium":"https://randomuser.me/api/portraits/med/women/15.jpg","thumbnail":"https://randomuser.me/api/portraits/thumb/women/15.jpg"},"nat":"DK"}],"info":{"seed":"f0ff47b29dd8c017","results":1,"page":1,"version":"1.4"}} 
 </msg>
<msg time="2024-04-02T14:12:37.780960" level="INFO">/opt/hostedtoolcache/Python/3.12.2/x64/lib/python3.12/site-packages/urllib3/connectionpool.py:1103: InsecureRequestWarning: Unverified HTTPS request is being made to host 'randomuser.me'. Adding certificate verification is strongly advised. See: https://urllib3.readthedocs.io/en/latest/advanced-usage.html#tls-warnings
  warnings.warn(</msg>
<msg time="2024-04-02T14:12:37.781059" level="INFO">${response} = &lt;Response [200]&gt;</msg>
<var>${response}</var>
<arg>consultarAPI</arg>
<arg>/api</arg>
<doc>Sends a GET request on a previously created HTTP Session.</doc>
<status status="PASS" start="2024-04-02T14:12:37.682866" elapsed="0.098229"/>
</kw>
<kw name="Set Variable" owner="BuiltIn">
<msg time="2024-04-02T14:12:37.781934" level="INFO">${json_data} = {'results': [{'gender': 'female', 'name': {'title': 'Miss', 'first': 'Lea', 'last': 'Thomsen'}, 'location': {'street': {'number': 2287, 'name': 'Bygvænget'}, 'city': 'Sønder Stenderup', 'state': 'Danm...</msg>
<var>${json_data}</var>
<arg>${response.json()}</arg>
<doc>Returns the given values which can then be assigned to a variables.</doc>
<status status="PASS" start="2024-04-02T14:12:37.781462" elapsed="0.000502"/>
</kw>
<kw name="Log" owner="BuiltIn">
<msg time="2024-04-02T14:12:37.782442" level="INFO">{'results': [{'gender': 'female', 'name': {'title': 'Miss', 'first': 'Lea', 'last': 'Thomsen'}, 'location': {'street': {'number': 2287, 'name': 'Bygvænget'}, 'city': 'Sønder Stenderup', 'state': 'Danmark', 'country': 'Denmark', 'postcode': 98569, 'coordinates': {'latitude': '-43.2519', 'longitude': '118.6972'}, 'timezone': {'offset': '+9:00', 'description': 'Tokyo, Seoul, Osaka, Sapporo, Yakutsk'}}, 'email': 'lea.thomsen@example.com', 'login': {'uuid': '8f4e31d0-f06a-4077-807a-fb6d2a1ae56b', 'username': 'purplezebra732', 'password': 'jackson1', 'salt': 'bxPaDDVc', 'md5': '941b92eb0b7a3c11416fd90edd157c59', 'sha1': '57be9da800fa9ac7e7bdd43c250b7066d3329126', 'sha256': 'af49db1933f26b1af4fb69fe3011a657d5f10216a38ab3627d3ff317d213cdc9'}, 'dob': {'date': '1968-11-02T12:34:12.864Z', 'age': 55}, 'registered': {'date': '2018-10-18T02:37:15.466Z', 'age': 5}, 'phone': '60683473', 'cell': '97939582', 'id': {'name': 'CPR', 'value': '021168-0333'}, 'picture': {'large': 'https://randomuser.me/api/portraits/women/15.jpg', 'medium': 'https://randomuser.me/api/portraits/med/women/15.jpg', 'thumbnail': 'https://randomuser.me/api/portraits/thumb/women/15.jpg'}, 'nat': 'DK'}], 'info': {'seed': 'f0ff47b29dd8c017', 'results': 1, 'page': 1, 'version': '1.4'}}</msg>
<arg>${json_data}</arg>
<doc>Logs the given message with the given level.</doc>
<status status="PASS" start="2024-04-02T14:12:37.782281" elapsed="0.000243"/>
</kw>
<kw name="Should Be String" owner="String">
<arg>${json_data['results'][0]['gender']}</arg>
<doc>Fails if the given ``item`` is not a string.</doc>
<status status="PASS" start="2024-04-02T14:12:37.782835" elapsed="0.000368"/>
</kw>
<kw name="Should Match Regexp" owner="BuiltIn">
<arg>${json_data['results'][0]['email']}</arg>
<arg>^[a-zA-Z0-9._%+-]+@[a-zA-Z0-9.-]+\.[a-zA-Z]{2,}$</arg>
<doc>Fails if ``string`` does not match ``pattern`` as a regular expression.</doc>
<status status="PASS" start="2024-04-02T14:12:37.783400" elapsed="0.000536"/>
</kw>
<kw name="Should Match Regexp" owner="BuiltIn">
<arg>${json_data['results'][0]['dob']['date']}</arg>
<arg>\\d{4}-\\d{2}-\\d{2}T\\d{2}:\\d{2}:\\d{2}\\.\\d{3}Z</arg>
<doc>Fails if ``string`` does not match ``pattern`` as a regular expression.</doc>
<status status="PASS" start="2024-04-02T14:12:37.784139" elapsed="0.000499"/>
</kw>
<kw name="Should Match Regexp" owner="BuiltIn">
<arg>${json_data['results'][0]['registered']['date']}</arg>
<arg>\\d{4}-\\d{2}-\\d{2}T\\d{2}:\\d{2}:\\d{2}\\.\\d{3}Z</arg>
<doc>Fails if ``string`` does not match ``pattern`` as a regular expression.</doc>
<status status="PASS" start="2024-04-02T14:12:37.784875" elapsed="0.000381"/>
</kw>
<kw name="Should Match Regexp" owner="BuiltIn">
<arg>${json_data['results'][0]['picture']['large']}</arg>
<arg>^https?://.*\.(?:png|jpe?g|gif|bmp)$</arg>
<doc>Fails if ``string`` does not match ``pattern`` as a regular expression.</doc>
<status status="PASS" start="2024-04-02T14:12:37.785449" elapsed="0.000476"/>
</kw>
<kw name="Should Match Regexp" owner="BuiltIn">
<arg>${json_data['results'][0]['picture']['medium']}</arg>
<arg>^https?://.*\.(?:png|jpe?g|gif|bmp)$</arg>
<doc>Fails if ``string`` does not match ``pattern`` as a regular expression.</doc>
<status status="PASS" start="2024-04-02T14:12:37.786118" elapsed="0.000365"/>
</kw>
<kw name="Should Match Regexp" owner="BuiltIn">
<arg>${json_data['results'][0]['picture']['thumbnail']}</arg>
<arg>^https?://.*\.(?:png|jpe?g|gif|bmp)$</arg>
<doc>Fails if ``string`` does not match ``pattern`` as a regular expression.</doc>
<status status="PASS" start="2024-04-02T14:12:37.786671" elapsed="0.000368"/>
</kw>
<kw name="Log" owner="BuiltIn">
<msg time="2024-04-02T14:12:37.787551" level="INFO">{'large': 'https://randomuser.me/api/portraits/women/15.jpg', 'medium': 'https://randomuser.me/api/portraits/med/women/15.jpg', 'thumbnail': 'https://randomuser.me/api/portraits/thumb/women/15.jpg'}</msg>
<arg>${json_data['results'][0]['picture']}</arg>
<doc>Logs the given message with the given level.</doc>
<status status="PASS" start="2024-04-02T14:12:37.787220" elapsed="0.000378"/>
</kw>
<status status="PASS" start="2024-04-02T14:12:37.682639" elapsed="0.105218"/>
</kw>
<kw name="Teste de Tipos de Dados - Postcode" owner="random-user-service">
<kw name="GET On Session" owner="RequestsLibrary">
<msg time="2024-04-02T14:12:37.886065" level="INFO">GET Request : url=https://randomuser.me/api 
 path_url=/api 
 headers={'User-Agent': 'python-requests/2.31.0', 'Accept-Encoding': 'gzip, deflate', 'Accept': '*/*', 'Connection': 'keep-alive'} 
 body=None 
 </msg>
<msg time="2024-04-02T14:12:37.886132" level="INFO">GET Response : url=https://randomuser.me/api 
 status=200, reason=OK 
 headers={'Date': 'Tue, 02 Apr 2024 14:12:37 GMT', 'Content-Type': 'application/json; charset=utf-8', 'Transfer-Encoding': 'chunked', 'Connection': 'keep-alive', 'X-Powered-By': 'Express', 'Access-Control-Allow-Origin': '*', 'Cache-Control': 'no-cache', 'ETag': 'W/"48a-mHC9l9ts2cPVkJPfMNB9Y0EfYHs"', 'Vary': 'Accept-Encoding', 'Content-Encoding': 'gzip', 'CF-Cache-Status': 'DYNAMIC', 'Report-To': '{"endpoints":[{"url":"https:\\/\\/a.nel.cloudflare.com\\/report\\/v4?s=iL2fEsY9jRIkwuRcIET8UFVl2R3nPzoW7KUBmM8ClWimaBkwy8vqKy8bbxh5WHzlABpa5WKAjdtslXFNu7AnAY5ByCCyMkuibRaou67FI0e66xArQmbtiikOSCgdQPfS"}],"group":"cf-nel","max_age":604800}', 'NEL': '{"success_fraction":0,"report_to":"cf-nel","max_age":604800}', 'Server': 'cloudflare', 'CF-RAY': '86e16a383e9e08aa-LAX', 'alt-svc': 'h3=":443"; ma=86400'} 
 body={"results":[{"gender":"female","name":{"title":"Ms","first":"Lola","last":"Fitzpatrick"},"location":{"street":{"number":9429,"name":"Tara Street"},"city":"Maynooth","state":"Carlow","country":"Ireland","postcode":57388,"coordinates":{"latitude":"2.7384","longitude":"178.3465"},"timezone":{"offset":"-8:00","description":"Pacific Time (US &amp; Canada)"}},"email":"lola.fitzpatrick@example.com","login":{"uuid":"a4d2fda0-8d68-4eb3-8aa2-7344980f7b47","username":"blueladybug285","password":"peter1","salt":"YzF5SpqN","md5":"fa3cd2e1b25af8ed86a53f06c9c372e0","sha1":"0e8029763149f2e847d1c3c66001bf365087cfdf","sha256":"b7230ddeff03d01c57d8f40990c1f6eb327dde38318274558142745b65887dde"},"dob":{"date":"1961-06-20T22:11:51.253Z","age":62},"registered":{"date":"2008-05-25T17:04:07.763Z","age":15},"phone":"041-094-7241","cell":"081-912-5878","id":{"name":"PPS","value":"7305206T"},"picture":{"large":"https://randomuser.me/api/portraits/women/59.jpg","medium":"https://randomuser.me/api/portraits/med/women/59.jpg","thumbnail":"https://randomuser.me/api/portraits/thumb/women/59.jpg"},"nat":"IE"}],"info":{"seed":"9f7498da24328bbc","results":1,"page":1,"version":"1.4"}} 
 </msg>
<msg time="2024-04-02T14:12:37.886201" level="INFO">/opt/hostedtoolcache/Python/3.12.2/x64/lib/python3.12/site-packages/urllib3/connectionpool.py:1103: InsecureRequestWarning: Unverified HTTPS request is being made to host 'randomuser.me'. Adding certificate verification is strongly advised. See: https://urllib3.readthedocs.io/en/latest/advanced-usage.html#tls-warnings
  warnings.warn(</msg>
<msg time="2024-04-02T14:12:37.886300" level="INFO">${response} = &lt;Response [200]&gt;</msg>
<var>${response}</var>
<arg>consultarAPI</arg>
<arg>/api</arg>
<doc>Sends a GET request on a previously created HTTP Session.</doc>
<status status="PASS" start="2024-04-02T14:12:37.788427" elapsed="0.097929"/>
</kw>
<kw name="Set Variable" owner="BuiltIn">
<msg time="2024-04-02T14:12:37.887182" level="INFO">${json_data} = {'results': [{'gender': 'female', 'name': {'title': 'Ms', 'first': 'Lola', 'last': 'Fitzpatrick'}, 'location': {'street': {'number': 9429, 'name': 'Tara Street'}, 'city': 'Maynooth', 'state': 'Carlow'...</msg>
<var>${json_data}</var>
<arg>${response.json()}</arg>
<doc>Returns the given values which can then be assigned to a variables.</doc>
<status status="PASS" start="2024-04-02T14:12:37.886724" elapsed="0.000487"/>
</kw>
<kw name="Log" owner="BuiltIn">
<msg time="2024-04-02T14:12:37.887681" level="INFO">{'results': [{'gender': 'female', 'name': {'title': 'Ms', 'first': 'Lola', 'last': 'Fitzpatrick'}, 'location': {'street': {'number': 9429, 'name': 'Tara Street'}, 'city': 'Maynooth', 'state': 'Carlow', 'country': 'Ireland', 'postcode': 57388, 'coordinates': {'latitude': '2.7384', 'longitude': '178.3465'}, 'timezone': {'offset': '-8:00', 'description': 'Pacific Time (US &amp; Canada)'}}, 'email': 'lola.fitzpatrick@example.com', 'login': {'uuid': 'a4d2fda0-8d68-4eb3-8aa2-7344980f7b47', 'username': 'blueladybug285', 'password': 'peter1', 'salt': 'YzF5SpqN', 'md5': 'fa3cd2e1b25af8ed86a53f06c9c372e0', 'sha1': '0e8029763149f2e847d1c3c66001bf365087cfdf', 'sha256': 'b7230ddeff03d01c57d8f40990c1f6eb327dde38318274558142745b65887dde'}, 'dob': {'date': '1961-06-20T22:11:51.253Z', 'age': 62}, 'registered': {'date': '2008-05-25T17:04:07.763Z', 'age': 15}, 'phone': '041-094-7241', 'cell': '081-912-5878', 'id': {'name': 'PPS', 'value': '7305206T'}, 'picture': {'large': 'https://randomuser.me/api/portraits/women/59.jpg', 'medium': 'https://randomuser.me/api/portraits/med/women/59.jpg', 'thumbnail': 'https://randomuser.me/api/portraits/thumb/women/59.jpg'}, 'nat': 'IE'}], 'info': {'seed': '9f7498da24328bbc', 'results': 1, 'page': 1, 'version': '1.4'}}</msg>
<arg>${json_data}</arg>
<doc>Logs the given message with the given level.</doc>
<status status="PASS" start="2024-04-02T14:12:37.887526" elapsed="0.000236"/>
</kw>
<kw name="Should Be Equal As Numbers" owner="BuiltIn">
<arg>${json_data['results'][0]['location']['postcode']}</arg>
<arg>${json_data['results'][0]['location']['postcode']}</arg>
<doc>Fails if objects are unequal after converting them to real numbers.</doc>
<status status="PASS" start="2024-04-02T14:12:37.888070" elapsed="0.000646"/>
</kw>
<kw name="Log" owner="BuiltIn">
<msg time="2024-04-02T14:12:37.889301" level="INFO">57388</msg>
<arg>${json_data['results'][0]['location']['postcode']}</arg>
<doc>Logs the given message with the given level.</doc>
<status status="PASS" start="2024-04-02T14:12:37.888953" elapsed="0.000390"/>
</kw>
<status status="PASS" start="2024-04-02T14:12:37.788074" elapsed="0.101527"/>
</kw>
<doc>Testa se os tipos de dados na resposta da API estão corretos.</doc>
<tag>testeTiposDados</tag>
<status status="PASS" start="2024-04-02T14:12:37.682197" elapsed="0.207578"/>
</test>
<test id="s1-s1-t5" name="Validar conteudo" line="35">
<kw name="Teste de Tipos de Conteudo" owner="random-user-service">
<kw name="GET On Session" owner="RequestsLibrary">
<msg time="2024-04-02T14:12:37.993141" level="INFO">GET Request : url=https://randomuser.me/api 
 path_url=/api 
 headers={'User-Agent': 'python-requests/2.31.0', 'Accept-Encoding': 'gzip, deflate', 'Accept': '*/*', 'Connection': 'keep-alive'} 
 body=None 
 </msg>
<msg time="2024-04-02T14:12:37.993230" level="INFO">GET Response : url=https://randomuser.me/api 
 status=200, reason=OK 
 headers={'Date': 'Tue, 02 Apr 2024 14:12:37 GMT', 'Content-Type': 'application/json; charset=utf-8', 'Transfer-Encoding': 'chunked', 'Connection': 'keep-alive', 'X-Powered-By': 'Express', 'Access-Control-Allow-Origin': '*', 'Cache-Control': 'no-cache', 'ETag': 'W/"499-sG3v2F+Ln2el51au0IiBvytYHCI"', 'Vary': 'Accept-Encoding', 'Content-Encoding': 'gzip', 'CF-Cache-Status': 'DYNAMIC', 'Report-To': '{"endpoints":[{"url":"https:\\/\\/a.nel.cloudflare.com\\/report\\/v4?s=m4MU7zlGhJqr2q2IsuQHXAUGQqA0G5rwtYIDJ6uxCJSJ5Kon9HR4XUIzfLbN4%2B9kxF7oF6f5hp4ThNmUJ%2FJH6HXXfO%2B82p07%2Bu7htjXOV23dXrzwGXmk2Ap1tlyGjiUb"}],"group":"cf-nel","max_age":604800}', 'NEL': '{"success_fraction":0,"report_to":"cf-nel","max_age":604800}', 'Server': 'cloudflare', 'CF-RAY': '86e16a38dfae08aa-LAX', 'alt-svc': 'h3=":443"; ma=86400'} 
 body={"results":[{"gender":"female","name":{"title":"Miss","first":"Lourdes","last":"Medina"},"location":{"street":{"number":1524,"name":"Avenida de Castilla"},"city":"Jerez de la Frontera","state":"Cataluña","country":"Spain","postcode":82822,"coordinates":{"latitude":"-36.1607","longitude":"142.1408"},"timezone":{"offset":"+7:00","description":"Bangkok, Hanoi, Jakarta"}},"email":"lourdes.medina@example.com","login":{"uuid":"884d2166-cbd2-4f7a-9bc2-f8a8d85d6cc2","username":"blackzebra594","password":"rice","salt":"TZj0COKQ","md5":"82885711772e9bf082fd53c69e5bb683","sha1":"c6bf465dfca4fa86168e1040c1ce120d7a60191a","sha256":"6d96b294f6c89a05e2266001bce1e3a670f98ee3eff0354a34f2cdd651be8c77"},"dob":{"date":"1981-07-27T09:19:07.067Z","age":42},"registered":{"date":"2012-12-14T12:18:02.176Z","age":11},"phone":"953-837-718","cell":"617-128-892","id":{"name":"DNI","value":"39158827-E"},"picture":{"large":"https://randomuser.me/api/portraits/women/81.jpg","medium":"https://randomuser.me/api/portraits/med/women/81.jpg","thumbnail":"https://randomuser.me/api/portraits/thumb/women/81.jpg"},"nat":"ES"}],"info":{"seed":"d12b6e07f17dfaf6","results":1,"page":1,"version":"1.4"}} 
 </msg>
<msg time="2024-04-02T14:12:37.993307" level="INFO">/opt/hostedtoolcache/Python/3.12.2/x64/lib/python3.12/site-packages/urllib3/connectionpool.py:1103: InsecureRequestWarning: Unverified HTTPS request is being made to host 'randomuser.me'. Adding certificate verification is strongly advised. See: https://urllib3.readthedocs.io/en/latest/advanced-usage.html#tls-warnings
  warnings.warn(</msg>
<msg time="2024-04-02T14:12:37.993413" level="INFO">${response} = &lt;Response [200]&gt;</msg>
<var>${response}</var>
<arg>consultarAPI</arg>
<arg>/api</arg>
<doc>Sends a GET request on a previously created HTTP Session.</doc>
<status status="PASS" start="2024-04-02T14:12:37.892210" elapsed="0.101235"/>
</kw>
<kw name="Set Variable" owner="BuiltIn">
<msg time="2024-04-02T14:12:37.994306" level="INFO">${json_data} = {'results': [{'gender': 'female', 'name': {'title': 'Miss', 'first': 'Lourdes', 'last': 'Medina'}, 'location': {'street': {'number': 1524, 'name': 'Avenida de Castilla'}, 'city': 'Jerez de la Frontera...</msg>
<var>${json_data}</var>
<arg>${response.json()}</arg>
<doc>Returns the given values which can then be assigned to a variables.</doc>
<status status="PASS" start="2024-04-02T14:12:37.993846" elapsed="0.000488"/>
</kw>
<kw name="Set Variable" owner="BuiltIn">
<msg time="2024-04-02T14:12:37.995035" level="INFO">${name_title} = Miss</msg>
<var>${name_title}</var>
<arg>${json_data["results"][0]["name"]["title"]}</arg>
<doc>Returns the given values which can then be assigned to a variables.</doc>
<status status="PASS" start="2024-04-02T14:12:37.994643" elapsed="0.000418"/>
</kw>
<kw name="Create List" owner="BuiltIn">
<msg time="2024-04-02T14:12:37.995512" level="INFO">${allowed_titles} = ['Mr', 'Ms', 'Miss', 'Mrs', 'Madame', 'Monsieur']</msg>
<var>${allowed_titles}</var>
<arg>Mr</arg>
<arg>Ms</arg>
<arg>Miss</arg>
<arg>Mrs</arg>
<arg>Madame</arg>
<arg>Monsieur</arg>
<doc>Returns a list containing given items.</doc>
<status status="PASS" start="2024-04-02T14:12:37.995363" elapsed="0.000174"/>
</kw>
<kw name="List Should Contain Value" owner="Collections">
<msg time="2024-04-02T14:12:37.996021" level="INFO">False</msg>
<arg>${allowed_titles}</arg>
<arg>${name_title}</arg>
<doc>Fails if the ``value`` is not found from ``list``.</doc>
<status status="PASS" start="2024-04-02T14:12:37.995841" elapsed="0.000218"/>
</kw>
<kw name="Set Variable" owner="BuiltIn">
<msg time="2024-04-02T14:12:37.996754" level="INFO">${name_country} = ES</msg>
<var>${name_country}</var>
<arg>${json_data["results"][0]["nat"]}</arg>
<doc>Returns the given values which can then be assigned to a variables.</doc>
<status status="PASS" start="2024-04-02T14:12:37.996354" elapsed="0.000436"/>
</kw>
<kw name="Create List" owner="BuiltIn">
<msg time="2024-04-02T14:12:37.997723" level="INFO">${list_country} = ['AD', 'AE', 'AF', 'AG', 'AI', 'AL', 'AM', 'AO', 'AQ', 'AR', 'AS', 'AT', 'AU', 'AW', 'AX', 'AZ', 'BA', 'BB', 'BD', 'BE', 'BF', 'BG', 'BH', 'BI', 'BJ', 'BL', 'BM', 'BN', 'BO', 'BQ', 'BR', 'BS', 'BT', '...</msg>
<var>${list_country}</var>
<arg>AD</arg>
<arg>AE</arg>
<arg>AF</arg>
<arg>AG</arg>
<arg>AI</arg>
<arg>AL</arg>
<arg>AM</arg>
<arg>AO</arg>
<arg>AQ</arg>
<arg>AR</arg>
<arg>AS</arg>
<arg>AT</arg>
<arg>AU</arg>
<arg>AW</arg>
<arg>AX</arg>
<arg>AZ</arg>
<arg>BA</arg>
<arg>BB</arg>
<arg>BD</arg>
<arg>BE</arg>
<arg>BF</arg>
<arg>BG</arg>
<arg>BH</arg>
<arg>BI</arg>
<arg>BJ</arg>
<arg>BL</arg>
<arg>BM</arg>
<arg>BN</arg>
<arg>BO</arg>
<arg>BQ</arg>
<arg>BR</arg>
<arg>BS</arg>
<arg>BT</arg>
<arg>BV</arg>
<arg>BW</arg>
<arg>BY</arg>
<arg>BZ</arg>
<arg>CA</arg>
<arg>CC</arg>
<arg>CD</arg>
<arg>CF</arg>
<arg>CG</arg>
<arg>CH</arg>
<arg>CI</arg>
<arg>CK</arg>
<arg>CL</arg>
<arg>CM</arg>
<arg>CN</arg>
<arg>CO</arg>
<arg>CR</arg>
<arg>CU</arg>
<arg>CV</arg>
<arg>CW</arg>
<arg>CX</arg>
<arg>CY</arg>
<arg>CZ</arg>
<arg>DE</arg>
<arg>DJ</arg>
<arg>DK</arg>
<arg>DM</arg>
<arg>DO</arg>
<arg>DZ</arg>
<arg>EC</arg>
<arg>EE</arg>
<arg>EG</arg>
<arg>EH</arg>
<arg>ER</arg>
<arg>ES</arg>
<arg>ET</arg>
<arg>FI</arg>
<arg>FJ</arg>
<arg>FK</arg>
<arg>FM</arg>
<arg>FO</arg>
<arg>FR</arg>
<arg>GA</arg>
<arg>GB</arg>
<arg>GD</arg>
<arg>GE</arg>
<arg>GF</arg>
<arg>GG</arg>
<arg>GH</arg>
<arg>GI</arg>
<arg>GL</arg>
<arg>GM</arg>
<arg>GN</arg>
<arg>GP</arg>
<arg>GQ</arg>
<arg>GR</arg>
<arg>GS</arg>
<arg>GT</arg>
<arg>GU</arg>
<arg>GW</arg>
<arg>GY</arg>
<arg>HK</arg>
<arg>HM</arg>
<arg>HN</arg>
<arg>HR</arg>
<arg>HT</arg>
<arg>HU</arg>
<arg>ID</arg>
<arg>IE</arg>
<arg>IL</arg>
<arg>IM</arg>
<arg>IN</arg>
<arg>IO</arg>
<arg>IQ</arg>
<arg>IR</arg>
<arg>IS</arg>
<arg>IT</arg>
<arg>JE</arg>
<arg>JM</arg>
<arg>JO</arg>
<arg>JP</arg>
<arg>KE</arg>
<arg>KG</arg>
<arg>KH</arg>
<arg>KI</arg>
<arg>KM</arg>
<arg>KN</arg>
<arg>KP</arg>
<arg>KR</arg>
<arg>KW</arg>
<arg>KY</arg>
<arg>KZ</arg>
<arg>LA</arg>
<arg>LB</arg>
<arg>LC</arg>
<arg>LI</arg>
<arg>LK</arg>
<arg>LR</arg>
<arg>LS</arg>
<arg>LT</arg>
<arg>LU</arg>
<arg>LV</arg>
<arg>LY</arg>
<arg>MA</arg>
<arg>MC</arg>
<arg>MD</arg>
<arg>ME</arg>
<arg>MF</arg>
<arg>MG</arg>
<arg>MH</arg>
<arg>MK</arg>
<arg>ML</arg>
<arg>MM</arg>
<arg>MN</arg>
<arg>MO</arg>
<arg>MP</arg>
<arg>MQ</arg>
<arg>MR</arg>
<arg>MS</arg>
<arg>MT</arg>
<arg>MU</arg>
<arg>MV</arg>
<arg>MW</arg>
<arg>MX</arg>
<arg>MY</arg>
<arg>MZ</arg>
<arg>NA</arg>
<arg>NC</arg>
<arg>NE</arg>
<arg>NF</arg>
<arg>NG</arg>
<arg>NI</arg>
<arg>NL</arg>
<arg>NO</arg>
<arg>NP</arg>
<arg>NR</arg>
<arg>NU</arg>
<arg>NZ</arg>
<arg>OM</arg>
<arg>PA</arg>
<arg>PE</arg>
<arg>PF</arg>
<arg>PG</arg>
<arg>PH</arg>
<arg>PK</arg>
<arg>PL</arg>
<arg>PM</arg>
<arg>PN</arg>
<arg>PR</arg>
<arg>PS</arg>
<arg>PT</arg>
<arg>PW</arg>
<arg>PY</arg>
<arg>QA</arg>
<arg>RE</arg>
<arg>RO</arg>
<arg>RS</arg>
<arg>RU</arg>
<arg>RW</arg>
<arg>SA</arg>
<arg>SB</arg>
<arg>SC</arg>
<arg>SD</arg>
<arg>SE</arg>
<arg>SG</arg>
<arg>SH</arg>
<arg>SI</arg>
<arg>SJ</arg>
<arg>SK</arg>
<arg>SL</arg>
<arg>SM</arg>
<arg>SN</arg>
<arg>SO</arg>
<arg>SR</arg>
<arg>SS</arg>
<arg>ST</arg>
<arg>SV</arg>
<arg>SX</arg>
<arg>SY</arg>
<arg>SZ</arg>
<arg>TC</arg>
<arg>TD</arg>
<arg>TF</arg>
<arg>TG</arg>
<arg>TH</arg>
<arg>TJ</arg>
<arg>TK</arg>
<arg>TL</arg>
<arg>TM</arg>
<arg>TN</arg>
<arg>TO</arg>
<arg>TR</arg>
<arg>TT</arg>
<arg>TV</arg>
<arg>TW</arg>
<arg>TZ</arg>
<arg>UA</arg>
<arg>UG</arg>
<arg>UM</arg>
<arg>US</arg>
<arg>UY</arg>
<arg>UZ</arg>
<arg>VA</arg>
<arg>VC</arg>
<arg>VE</arg>
<arg>VG</arg>
<arg>VI</arg>
<arg>VN</arg>
<arg>VU</arg>
<arg>WF</arg>
<arg>WS</arg>
<arg>XK</arg>
<arg>YE</arg>
<arg>YT</arg>
<arg>ZA</arg>
<arg>ZM</arg>
<arg>ZW</arg>
<doc>Returns a list containing given items.</doc>
<status status="PASS" start="2024-04-02T14:12:37.997119" elapsed="0.000629"/>
</kw>
<kw name="List Should Contain Value" owner="Collections">
<msg time="2024-04-02T14:12:37.998861" level="INFO">False</msg>
<arg>${list_country}</arg>
<arg>${name_country}</arg>
<doc>Fails if the ``value`` is not found from ``list``.</doc>
<status status="PASS" start="2024-04-02T14:12:37.998654" elapsed="0.000244"/>
</kw>
<kw name="Run Keyword If" owner="BuiltIn">
<kw name="Should Be True" owner="BuiltIn">
<arg>${True}</arg>
<doc>Fails if the given condition is not true.</doc>
<status status="PASS" start="2024-04-02T14:12:38" elapsed="0.000147"/>
</kw>
<arg>${json_data["results"][0]["location"]["coordinates"]["latitude"]} &gt;= -90 and ${json_data["results"][0]["location"]["coordinates"]["latitude"]} &lt;= 90</arg>
<arg>Should Be True</arg>
<arg>${True}</arg>
<doc>Runs the given keyword with the given arguments, if ``condition`` is true.</doc>
<status status="PASS" start="2024-04-02T14:12:37.999215" elapsed="0.001063"/>
</kw>
<kw name="Run Keyword If" owner="BuiltIn">
<kw name="Should Be True" owner="BuiltIn">
<arg>${True}</arg>
<doc>Fails if the given condition is not true.</doc>
<status status="PASS" start="2024-04-02T14:12:38.001228" elapsed="0.000142"/>
</kw>
<arg>${json_data["results"][0]["location"]["coordinates"]["longitude"]} &gt;= -180 and ${json_data["results"][0]["location"]["coordinates"]["longitude"]} &lt;= 180</arg>
<arg>Should Be True</arg>
<arg>${True}</arg>
<doc>Runs the given keyword with the given arguments, if ``condition`` is true.</doc>
<status status="PASS" start="2024-04-02T14:12:38.000467" elapsed="0.001029"/>
</kw>
<status status="PASS" start="2024-04-02T14:12:37.891984" elapsed="0.109646"/>
</kw>
<doc>Testa o conteúdo específico dos campos retornados pela API.</doc>
<tag>testeConteudo</tag>
<status status="PASS" start="2024-04-02T14:12:37.891566" elapsed="0.110215"/>
</test>
<status status="PASS" start="2024-04-02T14:12:36.963277" elapsed="1.040402"/>
</suite>
<status status="PASS" start="2024-04-02T14:12:36.949423" elapsed="1.059668"/>
</suite>
<statistics>
<total>
<stat pass="5" fail="0" skip="0">All Tests</stat>
</total>
<tag>
<stat pass="1" fail="0" skip="0">testeConteudo</stat>
<stat pass="1" fail="0" skip="0">testeEstruturaResposta</stat>
<stat pass="1" fail="0" skip="0">testeRequisicaoBasica</stat>
<stat pass="1" fail="0" skip="0">testeTiposDados</stat>
</tag>
<suite>
<stat pass="5" fail="0" skip="0" id="s1" name="Tests">Tests</stat>
<stat pass="5" fail="0" skip="0" id="s1-s1" name="Random-User-Test">Tests.Random-User-Test</stat>
</suite>
</statistics>
<errors>
</errors>
</robot>
