<?xml version="1.0" encoding="UTF-8"?>
<robot generator="Robot 7.0 (Python 3.12.2 on linux)" generated="2024-03-25T06:18:31.830826" rpa="false" schemaversion="5">
<suite id="s1" name="Tests" source="/home/runner/work/DesafioQAItauRogerioJordao/DesafioQAItauRogerioJordao/RamdonUser/tests">
<suite id="s1-s1" name="Random-User-Test" source="/home/runner/work/DesafioQAItauRogerioJordao/DesafioQAItauRogerioJordao/RamdonUser/tests/random-user-test.robot">
<test id="s1-s1-t1" name="Conectar" line="13">
<kw name="Conectar API" owner="random-user-service">
<kw name="Create Session" owner="RequestsLibrary">
<msg time="2024-03-25T06:18:32.192148" level="INFO">Creating Session using : alias=consultarAPI, url=https://randomuser.me/, headers={},                     cookies={}, auth=None, timeout=None, proxies=None, verify=False,                     debug=0 </msg>
<arg>consultarAPI</arg>
<arg>${URL}</arg>
<doc>Create Session: create a HTTP session to a server</doc>
<status status="PASS" start="2024-03-25T06:18:32.191936" elapsed="0.000410"/>
</kw>
<status status="PASS" start="2024-03-25T06:18:32.190845" elapsed="0.001876"/>
</kw>
<status status="PASS" start="2024-03-25T06:18:32.190291" elapsed="0.002635"/>
</test>
<test id="s1-s1-t2" name="Validar retorno 200 e JSON Válido" line="16">
<kw name="Teste de Requisicao Basica" owner="random-user-service">
<kw name="GET On Session" owner="RequestsLibrary">
<msg time="2024-03-25T06:18:32.469711" level="INFO">GET Request : url=https://randomuser.me/api 
 path_url=/api 
 headers={'User-Agent': 'python-requests/2.31.0', 'Accept-Encoding': 'gzip, deflate', 'Accept': '*/*', 'Connection': 'keep-alive'} 
 body=None 
 </msg>
<msg time="2024-03-25T06:18:32.469885" level="INFO">GET Response : url=https://randomuser.me/api 
 status=200, reason=OK 
 headers={'Date': 'Mon, 25 Mar 2024 06:18:32 GMT', 'Content-Type': 'application/json; charset=utf-8', 'Transfer-Encoding': 'chunked', 'Connection': 'keep-alive', 'X-Powered-By': 'Express', 'Access-Control-Allow-Origin': '*', 'Cache-Control': 'no-cache', 'ETag': 'W/"48f-jYVE5MCK6PlFiN3EfWC42Q51jdY"', 'Vary': 'Accept-Encoding', 'Content-Encoding': 'gzip', 'CF-Cache-Status': 'DYNAMIC', 'Report-To': '{"endpoints":[{"url":"https:\\/\\/a.nel.cloudflare.com\\/report\\/v4?s=o4%2FZ56tIMBYD3rmHn%2F9dkDw48K6%2F3zPGPr2Eiz4T%2Ffj9jIh8HQ%2BasjWO%2BuFP3Z7s66aqVXjJb1o5Dj5TcXnXZbfMiUCmE0OC%2FY4iS9c7a2IcDnTMjQXtsh9ol%2FZfDN1g"}],"group":"cf-nel","max_age":604800}', 'NEL': '{"success_fraction":0,"report_to":"cf-nel","max_age":604800}', 'Server': 'cloudflare', 'CF-RAY': '869cc8c05dff31df-LAX', 'alt-svc': 'h3=":443"; ma=86400'} 
 body={"results":[{"gender":"male","name":{"title":"Mr","first":"Fletcher","last":"Cooper"},"location":{"street":{"number":1124,"name":"North Road"},"city":"Upper Hutt","state":"Manawatu-Wanganui","country":"New Zealand","postcode":55309,"coordinates":{"latitude":"48.6487","longitude":"-178.2598"},"timezone":{"offset":"-8:00","description":"Pacific Time (US &amp; Canada)"}},"email":"fletcher.cooper@example.com","login":{"uuid":"51219d58-25aa-4da9-bbdf-58fcca34c5f5","username":"ticklishzebra436","password":"raiders","salt":"kwNN2NJ9","md5":"65930a572798d233de6bf6e132fa6705","sha1":"bc91198d4f3406010e859ce2c70a6a942dcb7998","sha256":"d0f5bab8489b30918003a4fb1c7a3e865edd5d7cfb574371522d79e28e5f9523"},"dob":{"date":"1975-09-14T05:41:19.558Z","age":48},"registered":{"date":"2022-01-31T08:29:34.334Z","age":2},"phone":"(762)-273-9381","cell":"(451)-720-8624","id":{"name":"","value":null},"picture":{"large":"https://randomuser.me/api/portraits/men/75.jpg","medium":"https://randomuser.me/api/portraits/med/men/75.jpg","thumbnail":"https://randomuser.me/api/portraits/thumb/men/75.jpg"},"nat":"NZ"}],"info":{"seed":"d8f66b5911ed4dac","results":1,"page":1,"version":"1.4"}} 
 </msg>
<msg time="2024-03-25T06:18:32.470017" level="INFO">/opt/hostedtoolcache/Python/3.12.2/x64/lib/python3.12/site-packages/urllib3/connectionpool.py:1103: InsecureRequestWarning: Unverified HTTPS request is being made to host 'randomuser.me'. Adding certificate verification is strongly advised. See: https://urllib3.readthedocs.io/en/latest/advanced-usage.html#tls-warnings
  warnings.warn(</msg>
<msg time="2024-03-25T06:18:32.470186" level="INFO">${response} = &lt;Response [200]&gt;</msg>
<var>${response}</var>
<arg>consultarAPI</arg>
<arg>/api</arg>
<doc>Sends a GET request on a previously created HTTP Session.</doc>
<status status="PASS" start="2024-03-25T06:18:32.195478" elapsed="0.274755"/>
</kw>
<kw name="Should Be Equal As Numbers" owner="BuiltIn">
<msg time="2024-03-25T06:18:32.471276" level="INFO">Argument types are:
&lt;class 'int'&gt;
&lt;class 'str'&gt;</msg>
<arg>${response.status_code}</arg>
<arg>200</arg>
<doc>Fails if objects are unequal after converting them to real numbers.</doc>
<status status="PASS" start="2024-03-25T06:18:32.470799" elapsed="0.000550"/>
</kw>
<kw name="Log" owner="BuiltIn">
<msg time="2024-03-25T06:18:32.472077" level="INFO">200</msg>
<arg>${response.status_code}</arg>
<doc>Logs the given message with the given level.</doc>
<status status="PASS" start="2024-03-25T06:18:32.471717" elapsed="0.000402"/>
</kw>
<kw name="Set Variable" owner="BuiltIn">
<msg time="2024-03-25T06:18:32.472909" level="INFO">${json_data} = {'results': [{'gender': 'male', 'name': {'title': 'Mr', 'first': 'Fletcher', 'last': 'Cooper'}, 'location': {'street': {'number': 1124, 'name': 'North Road'}, 'city': 'Upper Hutt', 'state': 'Manawatu-...</msg>
<var>${json_data}</var>
<arg>${response.json()}</arg>
<doc>Returns the given values which can then be assigned to a variables.</doc>
<status status="PASS" start="2024-03-25T06:18:32.472465" elapsed="0.000472"/>
</kw>
<kw name="Dictionary Should Contain Key" owner="Collections">
<msg time="2024-03-25T06:18:32.473404" level="INFO">False</msg>
<arg>${json_data}</arg>
<arg>results</arg>
<doc>Fails if ``key`` is not found from ``dictionary``.</doc>
<status status="PASS" start="2024-03-25T06:18:32.473236" elapsed="0.000207"/>
</kw>
<status status="PASS" start="2024-03-25T06:18:32.195229" elapsed="0.278469"/>
</kw>
<doc>Testa se a API responde corretamente e retorna um objeto JSON válido.</doc>
<tag>testeRequisicaoBasica</tag>
<status status="PASS" start="2024-03-25T06:18:32.194773" elapsed="0.279116"/>
</test>
<test id="s1-s1-t3" name="Validar estrutura de resposta" line="22">
<kw name="Teste de Estrutura de Resposta" owner="random-user-service">
<kw name="GET On Session" owner="RequestsLibrary">
<msg time="2024-03-25T06:18:32.576139" level="INFO">GET Request : url=https://randomuser.me/api 
 path_url=/api 
 headers={'User-Agent': 'python-requests/2.31.0', 'Accept-Encoding': 'gzip, deflate', 'Accept': '*/*', 'Connection': 'keep-alive'} 
 body=None 
 </msg>
<msg time="2024-03-25T06:18:32.576248" level="INFO">GET Response : url=https://randomuser.me/api 
 status=200, reason=OK 
 headers={'Date': 'Mon, 25 Mar 2024 06:18:32 GMT', 'Content-Type': 'application/json; charset=utf-8', 'Transfer-Encoding': 'chunked', 'Connection': 'keep-alive', 'X-Powered-By': 'Express', 'Access-Control-Allow-Origin': '*', 'Cache-Control': 'no-cache', 'ETag': 'W/"479-gMXp4iQRZribA4rNut2USX4M8Jc"', 'Vary': 'Accept-Encoding', 'Content-Encoding': 'gzip', 'CF-Cache-Status': 'DYNAMIC', 'Report-To': '{"endpoints":[{"url":"https:\\/\\/a.nel.cloudflare.com\\/report\\/v4?s=hoiThU27nXXaecG2C0Qr%2B8SSd4j5MrNeFtSaGP0FFqOOWNWeQIvTimdR96v%2BxlsvVM8JAFq%2Bfxt2dHz%2BxOdpiOZJoWI%2BJ0nB7kzB0rNPbPMdjkAQTve2YleZD7gt9KeF"}],"group":"cf-nel","max_age":604800}', 'NEL': '{"success_fraction":0,"report_to":"cf-nel","max_age":604800}', 'Server': 'cloudflare', 'CF-RAY': '869cc8c10e9a31df-LAX', 'alt-svc': 'h3=":443"; ma=86400'} 
 body={"results":[{"gender":"female","name":{"title":"Miss","first":"Nerea","last":"Alonso"},"location":{"street":{"number":91,"name":"Calle de Atocha"},"city":"Lugo","state":"Aragón","country":"Spain","postcode":73660,"coordinates":{"latitude":"-31.8853","longitude":"97.1419"},"timezone":{"offset":"+9:30","description":"Adelaide, Darwin"}},"email":"nerea.alonso@example.com","login":{"uuid":"b03e0671-b682-4cd8-b762-8ebf448ffe83","username":"blackleopard932","password":"gotmilk","salt":"yHiVZFpD","md5":"74506a743dbbd817b68545d84ca2c165","sha1":"ac47a10d751fc8c3b7fd013210a76aa0b00d64bc","sha256":"98cbe602b7301b1fddc7920fb664b8a48de667b5e457844fe1e37f721e036a82"},"dob":{"date":"1985-08-12T05:38:03.295Z","age":38},"registered":{"date":"2021-04-20T11:21:27.260Z","age":2},"phone":"935-999-524","cell":"659-304-568","id":{"name":"DNI","value":"81206162-C"},"picture":{"large":"https://randomuser.me/api/portraits/women/28.jpg","medium":"https://randomuser.me/api/portraits/med/women/28.jpg","thumbnail":"https://randomuser.me/api/portraits/thumb/women/28.jpg"},"nat":"ES"}],"info":{"seed":"633681075dd0b469","results":1,"page":1,"version":"1.4"}} 
 </msg>
<msg time="2024-03-25T06:18:32.576411" level="INFO">/opt/hostedtoolcache/Python/3.12.2/x64/lib/python3.12/site-packages/urllib3/connectionpool.py:1103: InsecureRequestWarning: Unverified HTTPS request is being made to host 'randomuser.me'. Adding certificate verification is strongly advised. See: https://urllib3.readthedocs.io/en/latest/advanced-usage.html#tls-warnings
  warnings.warn(</msg>
<msg time="2024-03-25T06:18:32.576561" level="INFO">${response} = &lt;Response [200]&gt;</msg>
<var>${response}</var>
<arg>consultarAPI</arg>
<arg>/api</arg>
<doc>Sends a GET request on a previously created HTTP Session.</doc>
<status status="PASS" start="2024-03-25T06:18:32.476637" elapsed="0.099969"/>
</kw>
<kw name="Set Variable" owner="BuiltIn">
<msg time="2024-03-25T06:18:32.577970" level="INFO">${json_data} = {'results': [{'gender': 'female', 'name': {'title': 'Miss', 'first': 'Nerea', 'last': 'Alonso'}, 'location': {'street': {'number': 91, 'name': 'Calle de Atocha'}, 'city': 'Lugo', 'state': 'Aragón', 'c...</msg>
<var>${json_data}</var>
<arg>${response.json()}</arg>
<doc>Returns the given values which can then be assigned to a variables.</doc>
<status status="PASS" start="2024-03-25T06:18:32.577259" elapsed="0.000750"/>
</kw>
<kw name="Log" owner="BuiltIn">
<msg time="2024-03-25T06:18:32.578618" level="INFO">{'results': [{'gender': 'female', 'name': {'title': 'Miss', 'first': 'Nerea', 'last': 'Alonso'}, 'location': {'street': {'number': 91, 'name': 'Calle de Atocha'}, 'city': 'Lugo', 'state': 'Aragón', 'country': 'Spain', 'postcode': 73660, 'coordinates': {'latitude': '-31.8853', 'longitude': '97.1419'}, 'timezone': {'offset': '+9:30', 'description': 'Adelaide, Darwin'}}, 'email': 'nerea.alonso@example.com', 'login': {'uuid': 'b03e0671-b682-4cd8-b762-8ebf448ffe83', 'username': 'blackleopard932', 'password': 'gotmilk', 'salt': 'yHiVZFpD', 'md5': '74506a743dbbd817b68545d84ca2c165', 'sha1': 'ac47a10d751fc8c3b7fd013210a76aa0b00d64bc', 'sha256': '98cbe602b7301b1fddc7920fb664b8a48de667b5e457844fe1e37f721e036a82'}, 'dob': {'date': '1985-08-12T05:38:03.295Z', 'age': 38}, 'registered': {'date': '2021-04-20T11:21:27.260Z', 'age': 2}, 'phone': '935-999-524', 'cell': '659-304-568', 'id': {'name': 'DNI', 'value': '81206162-C'}, 'picture': {'large': 'https://randomuser.me/api/portraits/women/28.jpg', 'medium': 'https://randomuser.me/api/portraits/med/women/28.jpg', 'thumbnail': 'https://randomuser.me/api/portraits/thumb/women/28.jpg'}, 'nat': 'ES'}], 'info': {'seed': '633681075dd0b469', 'results': 1, 'page': 1, 'version': '1.4'}}</msg>
<arg>${json_data}</arg>
<doc>Logs the given message with the given level.</doc>
<status status="PASS" start="2024-03-25T06:18:32.578410" elapsed="0.000276"/>
</kw>
<kw name="Dictionary Should Contain Key" owner="Collections">
<msg time="2024-03-25T06:18:32.579188" level="INFO">False</msg>
<arg>${json_data}</arg>
<arg>results</arg>
<doc>Fails if ``key`` is not found from ``dictionary``.</doc>
<status status="PASS" start="2024-03-25T06:18:32.579028" elapsed="0.000198"/>
</kw>
<kw name="Should Not Be Empty" owner="BuiltIn">
<msg time="2024-03-25T06:18:32.579693" level="INFO">Length is 2.</msg>
<arg>${json_data}</arg>
<doc>Verifies that the given item is not empty.</doc>
<status status="PASS" start="2024-03-25T06:18:32.579522" elapsed="0.000211"/>
</kw>
<kw name="Create List" owner="BuiltIn">
<msg time="2024-03-25T06:18:32.580176" level="INFO">${expected_keys} = ['gender', 'name', 'location', 'email', 'login']</msg>
<var>${expected_keys}</var>
<arg>gender</arg>
<arg>name</arg>
<arg>location</arg>
<arg>email</arg>
<arg>login</arg>
<doc>Returns a list containing given items.</doc>
<status status="PASS" start="2024-03-25T06:18:32.580026" elapsed="0.000174"/>
</kw>
<for flavor="IN">
<iter>
<kw name="Dictionary Should Contain Key" owner="Collections">
<msg time="2024-03-25T06:18:32.581215" level="INFO">False</msg>
<arg>${json_data['results'][0]}</arg>
<arg>${key}</arg>
<doc>Fails if ``key`` is not found from ``dictionary``.</doc>
<status status="PASS" start="2024-03-25T06:18:32.580795" elapsed="0.000459"/>
</kw>
<kw name="Log" owner="BuiltIn">
<msg time="2024-03-25T06:18:32.581927" level="INFO">{'gender': 'female', 'name': {'title': 'Miss', 'first': 'Nerea', 'last': 'Alonso'}, 'location': {'street': {'number': 91, 'name': 'Calle de Atocha'}, 'city': 'Lugo', 'state': 'Aragón', 'country': 'Spain', 'postcode': 73660, 'coordinates': {'latitude': '-31.8853', 'longitude': '97.1419'}, 'timezone': {'offset': '+9:30', 'description': 'Adelaide, Darwin'}}, 'email': 'nerea.alonso@example.com', 'login': {'uuid': 'b03e0671-b682-4cd8-b762-8ebf448ffe83', 'username': 'blackleopard932', 'password': 'gotmilk', 'salt': 'yHiVZFpD', 'md5': '74506a743dbbd817b68545d84ca2c165', 'sha1': 'ac47a10d751fc8c3b7fd013210a76aa0b00d64bc', 'sha256': '98cbe602b7301b1fddc7920fb664b8a48de667b5e457844fe1e37f721e036a82'}, 'dob': {'date': '1985-08-12T05:38:03.295Z', 'age': 38}, 'registered': {'date': '2021-04-20T11:21:27.260Z', 'age': 2}, 'phone': '935-999-524', 'cell': '659-304-568', 'id': {'name': 'DNI', 'value': '81206162-C'}, 'picture': {'large': 'https://randomuser.me/api/portraits/women/28.jpg', 'medium': 'https://randomuser.me/api/portraits/med/women/28.jpg', 'thumbnail': 'https://randomuser.me/api/portraits/thumb/women/28.jpg'}, 'nat': 'ES'}</msg>
<arg>${json_data['results'][0]}</arg>
<doc>Logs the given message with the given level.</doc>
<status status="PASS" start="2024-03-25T06:18:32.581555" elapsed="0.000428"/>
</kw>
<kw name="Log" owner="BuiltIn">
<msg time="2024-03-25T06:18:32.582417" level="INFO">gender</msg>
<arg>${key}</arg>
<doc>Logs the given message with the given level.</doc>
<status status="PASS" start="2024-03-25T06:18:32.582286" elapsed="0.000170"/>
</kw>
<var name="${key}">gender</var>
<status status="PASS" start="2024-03-25T06:18:32.580670" elapsed="0.002011"/>
</iter>
<iter>
<kw name="Dictionary Should Contain Key" owner="Collections">
<msg time="2024-03-25T06:18:32.583375" level="INFO">False</msg>
<arg>${json_data['results'][0]}</arg>
<arg>${key}</arg>
<doc>Fails if ``key`` is not found from ``dictionary``.</doc>
<status status="PASS" start="2024-03-25T06:18:32.582986" elapsed="0.000427"/>
</kw>
<kw name="Log" owner="BuiltIn">
<msg time="2024-03-25T06:18:32.584154" level="INFO">{'gender': 'female', 'name': {'title': 'Miss', 'first': 'Nerea', 'last': 'Alonso'}, 'location': {'street': {'number': 91, 'name': 'Calle de Atocha'}, 'city': 'Lugo', 'state': 'Aragón', 'country': 'Spain', 'postcode': 73660, 'coordinates': {'latitude': '-31.8853', 'longitude': '97.1419'}, 'timezone': {'offset': '+9:30', 'description': 'Adelaide, Darwin'}}, 'email': 'nerea.alonso@example.com', 'login': {'uuid': 'b03e0671-b682-4cd8-b762-8ebf448ffe83', 'username': 'blackleopard932', 'password': 'gotmilk', 'salt': 'yHiVZFpD', 'md5': '74506a743dbbd817b68545d84ca2c165', 'sha1': 'ac47a10d751fc8c3b7fd013210a76aa0b00d64bc', 'sha256': '98cbe602b7301b1fddc7920fb664b8a48de667b5e457844fe1e37f721e036a82'}, 'dob': {'date': '1985-08-12T05:38:03.295Z', 'age': 38}, 'registered': {'date': '2021-04-20T11:21:27.260Z', 'age': 2}, 'phone': '935-999-524', 'cell': '659-304-568', 'id': {'name': 'DNI', 'value': '81206162-C'}, 'picture': {'large': 'https://randomuser.me/api/portraits/women/28.jpg', 'medium': 'https://randomuser.me/api/portraits/med/women/28.jpg', 'thumbnail': 'https://randomuser.me/api/portraits/thumb/women/28.jpg'}, 'nat': 'ES'}</msg>
<arg>${json_data['results'][0]}</arg>
<doc>Logs the given message with the given level.</doc>
<status status="PASS" start="2024-03-25T06:18:32.583786" elapsed="0.000419"/>
</kw>
<kw name="Log" owner="BuiltIn">
<msg time="2024-03-25T06:18:32.584649" level="INFO">name</msg>
<arg>${key}</arg>
<doc>Logs the given message with the given level.</doc>
<status status="PASS" start="2024-03-25T06:18:32.584519" elapsed="0.000168"/>
</kw>
<var name="${key}">name</var>
<status status="PASS" start="2024-03-25T06:18:32.582870" elapsed="0.002036"/>
</iter>
<iter>
<kw name="Dictionary Should Contain Key" owner="Collections">
<msg time="2024-03-25T06:18:32.585587" level="INFO">False</msg>
<arg>${json_data['results'][0]}</arg>
<arg>${key}</arg>
<doc>Fails if ``key`` is not found from ``dictionary``.</doc>
<status status="PASS" start="2024-03-25T06:18:32.585208" elapsed="0.000416"/>
</kw>
<kw name="Log" owner="BuiltIn">
<msg time="2024-03-25T06:18:32.586286" level="INFO">{'gender': 'female', 'name': {'title': 'Miss', 'first': 'Nerea', 'last': 'Alonso'}, 'location': {'street': {'number': 91, 'name': 'Calle de Atocha'}, 'city': 'Lugo', 'state': 'Aragón', 'country': 'Spain', 'postcode': 73660, 'coordinates': {'latitude': '-31.8853', 'longitude': '97.1419'}, 'timezone': {'offset': '+9:30', 'description': 'Adelaide, Darwin'}}, 'email': 'nerea.alonso@example.com', 'login': {'uuid': 'b03e0671-b682-4cd8-b762-8ebf448ffe83', 'username': 'blackleopard932', 'password': 'gotmilk', 'salt': 'yHiVZFpD', 'md5': '74506a743dbbd817b68545d84ca2c165', 'sha1': 'ac47a10d751fc8c3b7fd013210a76aa0b00d64bc', 'sha256': '98cbe602b7301b1fddc7920fb664b8a48de667b5e457844fe1e37f721e036a82'}, 'dob': {'date': '1985-08-12T05:38:03.295Z', 'age': 38}, 'registered': {'date': '2021-04-20T11:21:27.260Z', 'age': 2}, 'phone': '935-999-524', 'cell': '659-304-568', 'id': {'name': 'DNI', 'value': '81206162-C'}, 'picture': {'large': 'https://randomuser.me/api/portraits/women/28.jpg', 'medium': 'https://randomuser.me/api/portraits/med/women/28.jpg', 'thumbnail': 'https://randomuser.me/api/portraits/thumb/women/28.jpg'}, 'nat': 'ES'}</msg>
<arg>${json_data['results'][0]}</arg>
<doc>Logs the given message with the given level.</doc>
<status status="PASS" start="2024-03-25T06:18:32.585919" elapsed="0.000428"/>
</kw>
<kw name="Log" owner="BuiltIn">
<msg time="2024-03-25T06:18:32.586790" level="INFO">location</msg>
<arg>${key}</arg>
<doc>Logs the given message with the given level.</doc>
<status status="PASS" start="2024-03-25T06:18:32.586661" elapsed="0.000167"/>
</kw>
<var name="${key}">location</var>
<status status="PASS" start="2024-03-25T06:18:32.585096" elapsed="0.001947"/>
</iter>
<iter>
<kw name="Dictionary Should Contain Key" owner="Collections">
<msg time="2024-03-25T06:18:32.587749" level="INFO">False</msg>
<arg>${json_data['results'][0]}</arg>
<arg>${key}</arg>
<doc>Fails if ``key`` is not found from ``dictionary``.</doc>
<status status="PASS" start="2024-03-25T06:18:32.587324" elapsed="0.000463"/>
</kw>
<kw name="Log" owner="BuiltIn">
<msg time="2024-03-25T06:18:32.588457" level="INFO">{'gender': 'female', 'name': {'title': 'Miss', 'first': 'Nerea', 'last': 'Alonso'}, 'location': {'street': {'number': 91, 'name': 'Calle de Atocha'}, 'city': 'Lugo', 'state': 'Aragón', 'country': 'Spain', 'postcode': 73660, 'coordinates': {'latitude': '-31.8853', 'longitude': '97.1419'}, 'timezone': {'offset': '+9:30', 'description': 'Adelaide, Darwin'}}, 'email': 'nerea.alonso@example.com', 'login': {'uuid': 'b03e0671-b682-4cd8-b762-8ebf448ffe83', 'username': 'blackleopard932', 'password': 'gotmilk', 'salt': 'yHiVZFpD', 'md5': '74506a743dbbd817b68545d84ca2c165', 'sha1': 'ac47a10d751fc8c3b7fd013210a76aa0b00d64bc', 'sha256': '98cbe602b7301b1fddc7920fb664b8a48de667b5e457844fe1e37f721e036a82'}, 'dob': {'date': '1985-08-12T05:38:03.295Z', 'age': 38}, 'registered': {'date': '2021-04-20T11:21:27.260Z', 'age': 2}, 'phone': '935-999-524', 'cell': '659-304-568', 'id': {'name': 'DNI', 'value': '81206162-C'}, 'picture': {'large': 'https://randomuser.me/api/portraits/women/28.jpg', 'medium': 'https://randomuser.me/api/portraits/med/women/28.jpg', 'thumbnail': 'https://randomuser.me/api/portraits/thumb/women/28.jpg'}, 'nat': 'ES'}</msg>
<arg>${json_data['results'][0]}</arg>
<doc>Logs the given message with the given level.</doc>
<status status="PASS" start="2024-03-25T06:18:32.588094" elapsed="0.000413"/>
</kw>
<kw name="Log" owner="BuiltIn">
<msg time="2024-03-25T06:18:32.588939" level="INFO">email</msg>
<arg>${key}</arg>
<doc>Logs the given message with the given level.</doc>
<status status="PASS" start="2024-03-25T06:18:32.588807" elapsed="0.000171"/>
</kw>
<var name="${key}">email</var>
<status status="PASS" start="2024-03-25T06:18:32.587215" elapsed="0.001977"/>
</iter>
<iter>
<kw name="Dictionary Should Contain Key" owner="Collections">
<msg time="2024-03-25T06:18:32.589894" level="INFO">False</msg>
<arg>${json_data['results'][0]}</arg>
<arg>${key}</arg>
<doc>Fails if ``key`` is not found from ``dictionary``.</doc>
<status status="PASS" start="2024-03-25T06:18:32.589498" elapsed="0.000433"/>
</kw>
<kw name="Log" owner="BuiltIn">
<msg time="2024-03-25T06:18:32.590598" level="INFO">{'gender': 'female', 'name': {'title': 'Miss', 'first': 'Nerea', 'last': 'Alonso'}, 'location': {'street': {'number': 91, 'name': 'Calle de Atocha'}, 'city': 'Lugo', 'state': 'Aragón', 'country': 'Spain', 'postcode': 73660, 'coordinates': {'latitude': '-31.8853', 'longitude': '97.1419'}, 'timezone': {'offset': '+9:30', 'description': 'Adelaide, Darwin'}}, 'email': 'nerea.alonso@example.com', 'login': {'uuid': 'b03e0671-b682-4cd8-b762-8ebf448ffe83', 'username': 'blackleopard932', 'password': 'gotmilk', 'salt': 'yHiVZFpD', 'md5': '74506a743dbbd817b68545d84ca2c165', 'sha1': 'ac47a10d751fc8c3b7fd013210a76aa0b00d64bc', 'sha256': '98cbe602b7301b1fddc7920fb664b8a48de667b5e457844fe1e37f721e036a82'}, 'dob': {'date': '1985-08-12T05:38:03.295Z', 'age': 38}, 'registered': {'date': '2021-04-20T11:21:27.260Z', 'age': 2}, 'phone': '935-999-524', 'cell': '659-304-568', 'id': {'name': 'DNI', 'value': '81206162-C'}, 'picture': {'large': 'https://randomuser.me/api/portraits/women/28.jpg', 'medium': 'https://randomuser.me/api/portraits/med/women/28.jpg', 'thumbnail': 'https://randomuser.me/api/portraits/thumb/women/28.jpg'}, 'nat': 'ES'}</msg>
<arg>${json_data['results'][0]}</arg>
<doc>Logs the given message with the given level.</doc>
<status status="PASS" start="2024-03-25T06:18:32.590230" elapsed="0.000418"/>
</kw>
<kw name="Log" owner="BuiltIn">
<msg time="2024-03-25T06:18:32.591082" level="INFO">login</msg>
<arg>${key}</arg>
<doc>Logs the given message with the given level.</doc>
<status status="PASS" start="2024-03-25T06:18:32.590948" elapsed="0.000283"/>
</kw>
<var name="${key}">login</var>
<status status="PASS" start="2024-03-25T06:18:32.589365" elapsed="0.002099"/>
</iter>
<var>${key}</var>
<value>@{expected_keys}</value>
<status status="PASS" start="2024-03-25T06:18:32.580467" elapsed="0.011185"/>
</for>
<kw name="Create List" owner="BuiltIn">
<msg time="2024-03-25T06:18:32.592006" level="INFO">${expected_keysTwo} = ['username', 'password']</msg>
<var>${expected_keysTwo}</var>
<arg>username</arg>
<arg>password</arg>
<doc>Returns a list containing given items.</doc>
<status status="PASS" start="2024-03-25T06:18:32.591867" elapsed="0.000163"/>
</kw>
<for flavor="IN">
<iter>
<kw name="Dictionary Should Contain Key" owner="Collections">
<msg time="2024-03-25T06:18:32.592931" level="INFO">False</msg>
<arg>${json_data['results'][0]['login']}</arg>
<arg>${keyTwo}</arg>
<doc>Fails if ``key`` is not found from ``dictionary``.</doc>
<status status="PASS" start="2024-03-25T06:18:32.592542" elapsed="0.000427"/>
</kw>
<kw name="Dictionary Should Contain Key" owner="Collections">
<msg time="2024-03-25T06:18:32.593668" level="INFO">False</msg>
<arg>${json_data['results'][0]['login']}</arg>
<arg>${keyTwo}</arg>
<doc>Fails if ``key`` is not found from ``dictionary``.</doc>
<status status="PASS" start="2024-03-25T06:18:32.593282" elapsed="0.000424"/>
</kw>
<kw name="Log" owner="BuiltIn">
<msg time="2024-03-25T06:18:32.594128" level="INFO">username</msg>
<arg>${keyTwo}</arg>
<doc>Logs the given message with the given level.</doc>
<status status="PASS" start="2024-03-25T06:18:32.593998" elapsed="0.000168"/>
</kw>
<var name="${keyTwo}">username</var>
<status status="PASS" start="2024-03-25T06:18:32.592431" elapsed="0.001956"/>
</iter>
<iter>
<kw name="Dictionary Should Contain Key" owner="Collections">
<msg time="2024-03-25T06:18:32.595042" level="INFO">False</msg>
<arg>${json_data['results'][0]['login']}</arg>
<arg>${keyTwo}</arg>
<doc>Fails if ``key`` is not found from ``dictionary``.</doc>
<status status="PASS" start="2024-03-25T06:18:32.594667" elapsed="0.000412"/>
</kw>
<kw name="Dictionary Should Contain Key" owner="Collections">
<msg time="2024-03-25T06:18:32.595778" level="INFO">False</msg>
<arg>${json_data['results'][0]['login']}</arg>
<arg>${keyTwo}</arg>
<doc>Fails if ``key`` is not found from ``dictionary``.</doc>
<status status="PASS" start="2024-03-25T06:18:32.595368" elapsed="0.000447"/>
</kw>
<kw name="Log" owner="BuiltIn">
<msg time="2024-03-25T06:18:32.596234" level="INFO">password</msg>
<arg>${keyTwo}</arg>
<doc>Logs the given message with the given level.</doc>
<status status="PASS" start="2024-03-25T06:18:32.596106" elapsed="0.000166"/>
</kw>
<var name="${keyTwo}">password</var>
<status status="PASS" start="2024-03-25T06:18:32.594559" elapsed="0.001934"/>
</iter>
<var>${keyTwo}</var>
<value>@{expected_keysTwo}</value>
<status status="PASS" start="2024-03-25T06:18:32.592277" elapsed="0.004336"/>
</for>
<status status="PASS" start="2024-03-25T06:18:32.476400" elapsed="0.120356"/>
</kw>
<doc>Testa a estrutura da resposta da API.</doc>
<tag>testeEstruturaResposta</tag>
<status status="PASS" start="2024-03-25T06:18:32.475738" elapsed="0.121183"/>
</test>
<test id="s1-s1-t4" name="Validar tipos de dados" line="28">
<kw name="Teste de Tipos de Dados" owner="random-user-service">
<kw name="GET On Session" owner="RequestsLibrary">
<msg time="2024-03-25T06:18:32.739840" level="INFO">GET Request : url=https://randomuser.me/api 
 path_url=/api 
 headers={'User-Agent': 'python-requests/2.31.0', 'Accept-Encoding': 'gzip, deflate', 'Accept': '*/*', 'Connection': 'keep-alive'} 
 body=None 
 </msg>
<msg time="2024-03-25T06:18:32.739937" level="INFO">GET Response : url=https://randomuser.me/api 
 status=200, reason=OK 
 headers={'Date': 'Mon, 25 Mar 2024 06:18:32 GMT', 'Content-Type': 'application/json; charset=utf-8', 'Transfer-Encoding': 'chunked', 'Connection': 'keep-alive', 'X-Powered-By': 'Express', 'Access-Control-Allow-Origin': '*', 'Cache-Control': 'no-cache', 'ETag': 'W/"48c-v0IzVDHCAVe5chrbDMAzmGpjBxI"', 'Vary': 'Accept-Encoding', 'Content-Encoding': 'gzip', 'CF-Cache-Status': 'DYNAMIC', 'Report-To': '{"endpoints":[{"url":"https:\\/\\/a.nel.cloudflare.com\\/report\\/v4?s=tJkpuhGaxIQrHHIaeoSF33BIBF0STyYUnP0%2FHyGR11ZYm1YjIb33U4rPZDF6rcBhO1OQ5%2Bt2C8volYsLIxsvW43mrnRmQ98AOUAENdew6jVHTkhn1sl4hZgSYNfDq4aO"}],"group":"cf-nel","max_age":604800}', 'NEL': '{"success_fraction":0,"report_to":"cf-nel","max_age":604800}', 'Server': 'cloudflare', 'CF-RAY': '869cc8c1cf1f31df-LAX', 'alt-svc': 'h3=":443"; ma=86400'} 
 body={"results":[{"gender":"male","name":{"title":"Mr","first":"Kylian","last":"Andre"},"location":{"street":{"number":5289,"name":"Rue Abel-Hovelacque"},"city":"Lille","state":"Haut-Rhin","country":"France","postcode":75442,"coordinates":{"latitude":"-17.8722","longitude":"-88.5468"},"timezone":{"offset":"-1:00","description":"Azores, Cape Verde Islands"}},"email":"kylian.andre@example.com","login":{"uuid":"7068565b-e3de-41b8-b00f-66b74b094422","username":"angrywolf480","password":"1414","salt":"5o14eSGl","md5":"39ca8e4f539a726ac620092abb1e7925","sha1":"f29c08cd9319c3c9abc475fb45fc33f217b79404","sha256":"0e4890e8c3e66c069a66fdf14bd38655eb3265c694a7740c0c43380d27f7a399"},"dob":{"date":"1966-08-31T03:30:31.107Z","age":57},"registered":{"date":"2016-07-21T02:23:49.699Z","age":7},"phone":"02-70-62-21-13","cell":"06-11-86-59-00","id":{"name":"INSEE","value":"1660710101994 03"},"picture":{"large":"https://randomuser.me/api/portraits/men/43.jpg","medium":"https://randomuser.me/api/portraits/med/men/43.jpg","thumbnail":"https://randomuser.me/api/portraits/thumb/men/43.jpg"},"nat":"FR"}],"info":{"seed":"d7987a28852aebeb","results":1,"page":1,"version":"1.4"}} 
 </msg>
<msg time="2024-03-25T06:18:32.740010" level="INFO">/opt/hostedtoolcache/Python/3.12.2/x64/lib/python3.12/site-packages/urllib3/connectionpool.py:1103: InsecureRequestWarning: Unverified HTTPS request is being made to host 'randomuser.me'. Adding certificate verification is strongly advised. See: https://urllib3.readthedocs.io/en/latest/advanced-usage.html#tls-warnings
  warnings.warn(</msg>
<msg time="2024-03-25T06:18:32.740157" level="INFO">${response} = &lt;Response [200]&gt;</msg>
<var>${response}</var>
<arg>consultarAPI</arg>
<arg>/api</arg>
<doc>Sends a GET request on a previously created HTTP Session.</doc>
<status status="PASS" start="2024-03-25T06:18:32.599448" elapsed="0.140745"/>
</kw>
<kw name="Set Variable" owner="BuiltIn">
<msg time="2024-03-25T06:18:32.741234" level="INFO">${json_data} = {'results': [{'gender': 'male', 'name': {'title': 'Mr', 'first': 'Kylian', 'last': 'Andre'}, 'location': {'street': {'number': 5289, 'name': 'Rue Abel-Hovelacque'}, 'city': 'Lille', 'state': 'Haut-Rhi...</msg>
<var>${json_data}</var>
<arg>${response.json()}</arg>
<doc>Returns the given values which can then be assigned to a variables.</doc>
<status status="PASS" start="2024-03-25T06:18:32.740707" elapsed="0.000556"/>
</kw>
<kw name="Log" owner="BuiltIn">
<msg time="2024-03-25T06:18:32.741735" level="INFO">{'results': [{'gender': 'male', 'name': {'title': 'Mr', 'first': 'Kylian', 'last': 'Andre'}, 'location': {'street': {'number': 5289, 'name': 'Rue Abel-Hovelacque'}, 'city': 'Lille', 'state': 'Haut-Rhin', 'country': 'France', 'postcode': 75442, 'coordinates': {'latitude': '-17.8722', 'longitude': '-88.5468'}, 'timezone': {'offset': '-1:00', 'description': 'Azores, Cape Verde Islands'}}, 'email': 'kylian.andre@example.com', 'login': {'uuid': '7068565b-e3de-41b8-b00f-66b74b094422', 'username': 'angrywolf480', 'password': '1414', 'salt': '5o14eSGl', 'md5': '39ca8e4f539a726ac620092abb1e7925', 'sha1': 'f29c08cd9319c3c9abc475fb45fc33f217b79404', 'sha256': '0e4890e8c3e66c069a66fdf14bd38655eb3265c694a7740c0c43380d27f7a399'}, 'dob': {'date': '1966-08-31T03:30:31.107Z', 'age': 57}, 'registered': {'date': '2016-07-21T02:23:49.699Z', 'age': 7}, 'phone': '02-70-62-21-13', 'cell': '06-11-86-59-00', 'id': {'name': 'INSEE', 'value': '1660710101994 03'}, 'picture': {'large': 'https://randomuser.me/api/portraits/men/43.jpg', 'medium': 'https://randomuser.me/api/portraits/med/men/43.jpg', 'thumbnail': 'https://randomuser.me/api/portraits/thumb/men/43.jpg'}, 'nat': 'FR'}], 'info': {'seed': 'd7987a28852aebeb', 'results': 1, 'page': 1, 'version': '1.4'}}</msg>
<arg>${json_data}</arg>
<doc>Logs the given message with the given level.</doc>
<status status="PASS" start="2024-03-25T06:18:32.741577" elapsed="0.000205"/>
</kw>
<kw name="Should Be String" owner="String">
<arg>${json_data['results'][0]['gender']}</arg>
<doc>Fails if the given ``item`` is not a string.</doc>
<status status="PASS" start="2024-03-25T06:18:32.742108" elapsed="0.000367"/>
</kw>
<kw name="Should Match Regexp" owner="BuiltIn">
<arg>${json_data['results'][0]['email']}</arg>
<arg>^[a-zA-Z0-9._%+-]+@[a-zA-Z0-9.-]+\.[a-zA-Z]{2,}$</arg>
<doc>Fails if ``string`` does not match ``pattern`` as a regular expression.</doc>
<status status="PASS" start="2024-03-25T06:18:32.742669" elapsed="0.000517"/>
</kw>
<kw name="Should Match Regexp" owner="BuiltIn">
<arg>${json_data['results'][0]['dob']['date']}</arg>
<arg>\\d{4}-\\d{2}-\\d{2}T\\d{2}:\\d{2}:\\d{2}\\.\\d{3}Z</arg>
<doc>Fails if ``string`` does not match ``pattern`` as a regular expression.</doc>
<status status="PASS" start="2024-03-25T06:18:32.743381" elapsed="0.000535"/>
</kw>
<kw name="Should Match Regexp" owner="BuiltIn">
<arg>${json_data['results'][0]['registered']['date']}</arg>
<arg>\\d{4}-\\d{2}-\\d{2}T\\d{2}:\\d{2}:\\d{2}\\.\\d{3}Z</arg>
<doc>Fails if ``string`` does not match ``pattern`` as a regular expression.</doc>
<status status="PASS" start="2024-03-25T06:18:32.744117" elapsed="0.000372"/>
</kw>
<kw name="Should Match Regexp" owner="BuiltIn">
<arg>${json_data['results'][0]['picture']['large']}</arg>
<arg>^https?://.*\.(?:png|jpe?g|gif|bmp)$</arg>
<doc>Fails if ``string`` does not match ``pattern`` as a regular expression.</doc>
<status status="PASS" start="2024-03-25T06:18:32.744676" elapsed="0.000466"/>
</kw>
<kw name="Should Match Regexp" owner="BuiltIn">
<arg>${json_data['results'][0]['picture']['medium']}</arg>
<arg>^https?://.*\.(?:png|jpe?g|gif|bmp)$</arg>
<doc>Fails if ``string`` does not match ``pattern`` as a regular expression.</doc>
<status status="PASS" start="2024-03-25T06:18:32.745334" elapsed="0.000359"/>
</kw>
<kw name="Should Match Regexp" owner="BuiltIn">
<arg>${json_data['results'][0]['picture']['thumbnail']}</arg>
<arg>^https?://.*\.(?:png|jpe?g|gif|bmp)$</arg>
<doc>Fails if ``string`` does not match ``pattern`` as a regular expression.</doc>
<status status="PASS" start="2024-03-25T06:18:32.745878" elapsed="0.000347"/>
</kw>
<kw name="Log" owner="BuiltIn">
<msg time="2024-03-25T06:18:32.746740" level="INFO">{'large': 'https://randomuser.me/api/portraits/men/43.jpg', 'medium': 'https://randomuser.me/api/portraits/med/men/43.jpg', 'thumbnail': 'https://randomuser.me/api/portraits/thumb/men/43.jpg'}</msg>
<arg>${json_data['results'][0]['picture']}</arg>
<doc>Logs the given message with the given level.</doc>
<status status="PASS" start="2024-03-25T06:18:32.746406" elapsed="0.000380"/>
</kw>
<status status="PASS" start="2024-03-25T06:18:32.599222" elapsed="0.147820"/>
</kw>
<kw name="Teste de Tipos de Dados - Postcode" owner="random-user-service">
<kw name="GET On Session" owner="RequestsLibrary">
<msg time="2024-03-25T06:18:32.845583" level="INFO">GET Request : url=https://randomuser.me/api 
 path_url=/api 
 headers={'User-Agent': 'python-requests/2.31.0', 'Accept-Encoding': 'gzip, deflate', 'Accept': '*/*', 'Connection': 'keep-alive'} 
 body=None 
 </msg>
<msg time="2024-03-25T06:18:32.845696" level="INFO">GET Response : url=https://randomuser.me/api 
 status=200, reason=OK 
 headers={'Date': 'Mon, 25 Mar 2024 06:18:32 GMT', 'Content-Type': 'application/json; charset=utf-8', 'Transfer-Encoding': 'chunked', 'Connection': 'keep-alive', 'X-Powered-By': 'Express', 'Access-Control-Allow-Origin': '*', 'Cache-Control': 'no-cache', 'ETag': 'W/"489-fWxlwFxzMpyRtDubgcENI4hKa4g"', 'Vary': 'Accept-Encoding', 'Content-Encoding': 'gzip', 'CF-Cache-Status': 'DYNAMIC', 'Report-To': '{"endpoints":[{"url":"https:\\/\\/a.nel.cloudflare.com\\/report\\/v4?s=3s9VywU12TObntPCDUCCBTZLEXD%2BUrCSU9wX%2B7SG1HblKxPqVic3EpItxHveXQzhPrFgbNLFYg2RXnhpEh6nKccIiDVD74ZzJkuyTLwzQNBi%2F4Rj2d4qToW614vRxclf"}],"group":"cf-nel","max_age":604800}', 'NEL': '{"success_fraction":0,"report_to":"cf-nel","max_age":604800}', 'Server': 'cloudflare', 'CF-RAY': '869cc8c2bfee31df-LAX', 'alt-svc': 'h3=":443"; ma=86400'} 
 body={"results":[{"gender":"male","name":{"title":"Mr","first":"August","last":"Johansen"},"location":{"street":{"number":7511,"name":"Absalonsgade"},"city":"Hammel","state":"Nordjylland","country":"Denmark","postcode":13148,"coordinates":{"latitude":"-46.0067","longitude":"-67.7293"},"timezone":{"offset":"+9:00","description":"Tokyo, Seoul, Osaka, Sapporo, Yakutsk"}},"email":"august.johansen@example.com","login":{"uuid":"14ec0480-6f8d-438c-8d58-c2c6a5e753ea","username":"greenlion817","password":"steele","salt":"z0G1mFUI","md5":"e2665498a0765cabff45ad130cd166da","sha1":"582bbd055db1acb3f1dcf05c111f772f12507e1b","sha256":"a786b312428962b786fd484e4e94b5f1aa99fe116b99434e0682eaa3f2183c40"},"dob":{"date":"1952-10-21T23:32:58.390Z","age":71},"registered":{"date":"2018-02-01T12:13:47.862Z","age":6},"phone":"63943286","cell":"36505324","id":{"name":"CPR","value":"211052-3124"},"picture":{"large":"https://randomuser.me/api/portraits/men/42.jpg","medium":"https://randomuser.me/api/portraits/med/men/42.jpg","thumbnail":"https://randomuser.me/api/portraits/thumb/men/42.jpg"},"nat":"DK"}],"info":{"seed":"e43b38d99f32ed19","results":1,"page":1,"version":"1.4"}} 
 </msg>
<msg time="2024-03-25T06:18:32.845792" level="INFO">/opt/hostedtoolcache/Python/3.12.2/x64/lib/python3.12/site-packages/urllib3/connectionpool.py:1103: InsecureRequestWarning: Unverified HTTPS request is being made to host 'randomuser.me'. Adding certificate verification is strongly advised. See: https://urllib3.readthedocs.io/en/latest/advanced-usage.html#tls-warnings
  warnings.warn(</msg>
<msg time="2024-03-25T06:18:32.845936" level="INFO">${response} = &lt;Response [200]&gt;</msg>
<var>${response}</var>
<arg>consultarAPI</arg>
<arg>/api</arg>
<doc>Sends a GET request on a previously created HTTP Session.</doc>
<status status="PASS" start="2024-03-25T06:18:32.747682" elapsed="0.098294"/>
</kw>
<kw name="Set Variable" owner="BuiltIn">
<msg time="2024-03-25T06:18:32.847064" level="INFO">${json_data} = {'results': [{'gender': 'male', 'name': {'title': 'Mr', 'first': 'August', 'last': 'Johansen'}, 'location': {'street': {'number': 7511, 'name': 'Absalonsgade'}, 'city': 'Hammel', 'state': 'Nordjylland...</msg>
<var>${json_data}</var>
<arg>${response.json()}</arg>
<doc>Returns the given values which can then be assigned to a variables.</doc>
<status status="PASS" start="2024-03-25T06:18:32.846528" elapsed="0.000564"/>
</kw>
<kw name="Log" owner="BuiltIn">
<msg time="2024-03-25T06:18:32.847557" level="INFO">{'results': [{'gender': 'male', 'name': {'title': 'Mr', 'first': 'August', 'last': 'Johansen'}, 'location': {'street': {'number': 7511, 'name': 'Absalonsgade'}, 'city': 'Hammel', 'state': 'Nordjylland', 'country': 'Denmark', 'postcode': 13148, 'coordinates': {'latitude': '-46.0067', 'longitude': '-67.7293'}, 'timezone': {'offset': '+9:00', 'description': 'Tokyo, Seoul, Osaka, Sapporo, Yakutsk'}}, 'email': 'august.johansen@example.com', 'login': {'uuid': '14ec0480-6f8d-438c-8d58-c2c6a5e753ea', 'username': 'greenlion817', 'password': 'steele', 'salt': 'z0G1mFUI', 'md5': 'e2665498a0765cabff45ad130cd166da', 'sha1': '582bbd055db1acb3f1dcf05c111f772f12507e1b', 'sha256': 'a786b312428962b786fd484e4e94b5f1aa99fe116b99434e0682eaa3f2183c40'}, 'dob': {'date': '1952-10-21T23:32:58.390Z', 'age': 71}, 'registered': {'date': '2018-02-01T12:13:47.862Z', 'age': 6}, 'phone': '63943286', 'cell': '36505324', 'id': {'name': 'CPR', 'value': '211052-3124'}, 'picture': {'large': 'https://randomuser.me/api/portraits/men/42.jpg', 'medium': 'https://randomuser.me/api/portraits/med/men/42.jpg', 'thumbnail': 'https://randomuser.me/api/portraits/thumb/men/42.jpg'}, 'nat': 'DK'}], 'info': {'seed': 'e43b38d99f32ed19', 'results': 1, 'page': 1, 'version': '1.4'}}</msg>
<arg>${json_data}</arg>
<doc>Logs the given message with the given level.</doc>
<status status="PASS" start="2024-03-25T06:18:32.847399" elapsed="0.000243"/>
</kw>
<kw name="Should Be Equal As Numbers" owner="BuiltIn">
<arg>${json_data['results'][0]['location']['postcode']}</arg>
<arg>${json_data['results'][0]['location']['postcode']}</arg>
<doc>Fails if objects are unequal after converting them to real numbers.</doc>
<status status="PASS" start="2024-03-25T06:18:32.847948" elapsed="0.000666"/>
</kw>
<kw name="Log" owner="BuiltIn">
<msg time="2024-03-25T06:18:32.849146" level="INFO">13148</msg>
<arg>${json_data['results'][0]['location']['postcode']}</arg>
<doc>Logs the given message with the given level.</doc>
<status status="PASS" start="2024-03-25T06:18:32.848808" elapsed="0.000379"/>
</kw>
<status status="PASS" start="2024-03-25T06:18:32.747279" elapsed="0.102167"/>
</kw>
<doc>Testa se os tipos de dados na resposta da API estão corretos.</doc>
<tag>testeTiposDados</tag>
<status status="PASS" start="2024-03-25T06:18:32.598671" elapsed="0.250952"/>
</test>
<test id="s1-s1-t5" name="Validar conteudo" line="35">
<kw name="Teste de Tipos de Conteudo" owner="random-user-service">
<kw name="GET On Session" owner="RequestsLibrary">
<msg time="2024-03-25T06:18:32.954949" level="INFO">GET Request : url=https://randomuser.me/api 
 path_url=/api 
 headers={'User-Agent': 'python-requests/2.31.0', 'Accept-Encoding': 'gzip, deflate', 'Accept': '*/*', 'Connection': 'keep-alive'} 
 body=None 
 </msg>
<msg time="2024-03-25T06:18:32.955050" level="INFO">GET Response : url=https://randomuser.me/api 
 status=200, reason=OK 
 headers={'Date': 'Mon, 25 Mar 2024 06:18:32 GMT', 'Content-Type': 'application/json; charset=utf-8', 'Transfer-Encoding': 'chunked', 'Connection': 'keep-alive', 'X-Powered-By': 'Express', 'Access-Control-Allow-Origin': '*', 'Cache-Control': 'no-cache', 'ETag': 'W/"49e-evcQMJqh6P1efdH3CDJOeTHIJ+Q"', 'Vary': 'Accept-Encoding', 'Content-Encoding': 'gzip', 'CF-Cache-Status': 'DYNAMIC', 'Report-To': '{"endpoints":[{"url":"https:\\/\\/a.nel.cloudflare.com\\/report\\/v4?s=9Kj7h%2BiVxcNTRyHmlhdtRv8lRhBIGoiop2emdjM0wFU2v5vAjcGFdFAMStaja0uKAOslrlbPweHSJZay09XUX4OuM5PUdB15M1PDRPDeumtYVHhNWOA9z0%2FTpYVHBLFA"}],"group":"cf-nel","max_age":604800}', 'NEL': '{"success_fraction":0,"report_to":"cf-nel","max_age":604800}', 'Server': 'cloudflare', 'CF-RAY': '869cc8c3586b31df-LAX', 'alt-svc': 'h3=":443"; ma=86400'} 
 body={"results":[{"gender":"female","name":{"title":"Ms","first":"Jeanne","last":"Tremblay"},"location":{"street":{"number":1876,"name":"Lake of Bays Road"},"city":"Stirling","state":"Nunavut","country":"Canada","postcode":"P7R 2M1","coordinates":{"latitude":"-72.5626","longitude":"3.2898"},"timezone":{"offset":"-3:00","description":"Brazil, Buenos Aires, Georgetown"}},"email":"jeanne.tremblay@example.com","login":{"uuid":"9ea539d9-5e3d-4b36-a85d-786bbcd62401","username":"smallladybug601","password":"experienced","salt":"3n3SpzlI","md5":"03e126497a99ca2232438813c10bdd85","sha1":"ce8d963a74e34539d7f8db1b0f94c0856bb86a71","sha256":"42f1ec608969d51bb840f113558186a990c912a22a4709298603bd071cda1d30"},"dob":{"date":"1968-05-10T17:55:20.149Z","age":55},"registered":{"date":"2016-12-10T21:39:54.885Z","age":7},"phone":"U84 E20-0010","cell":"X10 I92-8814","id":{"name":"SIN","value":"067163279"},"picture":{"large":"https://randomuser.me/api/portraits/women/72.jpg","medium":"https://randomuser.me/api/portraits/med/women/72.jpg","thumbnail":"https://randomuser.me/api/portraits/thumb/women/72.jpg"},"nat":"CA"}],"info":{"seed":"74b417f9889f6527","results":1,"page":1,"version":"1.4"}} 
 </msg>
<msg time="2024-03-25T06:18:32.955122" level="INFO">/opt/hostedtoolcache/Python/3.12.2/x64/lib/python3.12/site-packages/urllib3/connectionpool.py:1103: InsecureRequestWarning: Unverified HTTPS request is being made to host 'randomuser.me'. Adding certificate verification is strongly advised. See: https://urllib3.readthedocs.io/en/latest/advanced-usage.html#tls-warnings
  warnings.warn(</msg>
<msg time="2024-03-25T06:18:32.955265" level="INFO">${response} = &lt;Response [200]&gt;</msg>
<var>${response}</var>
<arg>consultarAPI</arg>
<arg>/api</arg>
<doc>Sends a GET request on a previously created HTTP Session.</doc>
<status status="PASS" start="2024-03-25T06:18:32.852098" elapsed="0.103210"/>
</kw>
<kw name="Set Variable" owner="BuiltIn">
<msg time="2024-03-25T06:18:32.956460" level="INFO">${json_data} = {'results': [{'gender': 'female', 'name': {'title': 'Ms', 'first': 'Jeanne', 'last': 'Tremblay'}, 'location': {'street': {'number': 1876, 'name': 'Lake of Bays Road'}, 'city': 'Stirling', 'state': 'Nu...</msg>
<var>${json_data}</var>
<arg>${response.json()}</arg>
<doc>Returns the given values which can then be assigned to a variables.</doc>
<status status="PASS" start="2024-03-25T06:18:32.955933" elapsed="0.000555"/>
</kw>
<kw name="Set Variable" owner="BuiltIn">
<msg time="2024-03-25T06:18:32.957233" level="INFO">${name_title} = Ms</msg>
<var>${name_title}</var>
<arg>${json_data["results"][0]["name"]["title"]}</arg>
<doc>Returns the given values which can then be assigned to a variables.</doc>
<status status="PASS" start="2024-03-25T06:18:32.956811" elapsed="0.000450"/>
</kw>
<kw name="Create List" owner="BuiltIn">
<msg time="2024-03-25T06:18:32.957764" level="INFO">${allowed_titles} = ['Mr', 'Ms', 'Miss', 'Mrs', 'Madame', 'Monsieur']</msg>
<var>${allowed_titles}</var>
<arg>Mr</arg>
<arg>Ms</arg>
<arg>Miss</arg>
<arg>Mrs</arg>
<arg>Madame</arg>
<arg>Monsieur</arg>
<doc>Returns a list containing given items.</doc>
<status status="PASS" start="2024-03-25T06:18:32.957610" elapsed="0.000177"/>
</kw>
<kw name="List Should Contain Value" owner="Collections">
<msg time="2024-03-25T06:18:32.958271" level="INFO">False</msg>
<arg>${allowed_titles}</arg>
<arg>${name_title}</arg>
<doc>Fails if the ``value`` is not found from ``list``.</doc>
<status status="PASS" start="2024-03-25T06:18:32.958094" elapsed="0.000224"/>
</kw>
<kw name="Set Variable" owner="BuiltIn">
<msg time="2024-03-25T06:18:32.958989" level="INFO">${name_country} = CA</msg>
<var>${name_country}</var>
<arg>${json_data["results"][0]["nat"]}</arg>
<doc>Returns the given values which can then be assigned to a variables.</doc>
<status status="PASS" start="2024-03-25T06:18:32.958612" elapsed="0.000402"/>
</kw>
<kw name="Create List" owner="BuiltIn">
<msg time="2024-03-25T06:18:32.959986" level="INFO">${list_country} = ['AD', 'AE', 'AF', 'AG', 'AI', 'AL', 'AM', 'AO', 'AQ', 'AR', 'AS', 'AT', 'AU', 'AW', 'AX', 'AZ', 'BA', 'BB', 'BD', 'BE', 'BF', 'BG', 'BH', 'BI', 'BJ', 'BL', 'BM', 'BN', 'BO', 'BQ', 'BR', 'BS', 'BT', '...</msg>
<var>${list_country}</var>
<arg>AD</arg>
<arg>AE</arg>
<arg>AF</arg>
<arg>AG</arg>
<arg>AI</arg>
<arg>AL</arg>
<arg>AM</arg>
<arg>AO</arg>
<arg>AQ</arg>
<arg>AR</arg>
<arg>AS</arg>
<arg>AT</arg>
<arg>AU</arg>
<arg>AW</arg>
<arg>AX</arg>
<arg>AZ</arg>
<arg>BA</arg>
<arg>BB</arg>
<arg>BD</arg>
<arg>BE</arg>
<arg>BF</arg>
<arg>BG</arg>
<arg>BH</arg>
<arg>BI</arg>
<arg>BJ</arg>
<arg>BL</arg>
<arg>BM</arg>
<arg>BN</arg>
<arg>BO</arg>
<arg>BQ</arg>
<arg>BR</arg>
<arg>BS</arg>
<arg>BT</arg>
<arg>BV</arg>
<arg>BW</arg>
<arg>BY</arg>
<arg>BZ</arg>
<arg>CA</arg>
<arg>CC</arg>
<arg>CD</arg>
<arg>CF</arg>
<arg>CG</arg>
<arg>CH</arg>
<arg>CI</arg>
<arg>CK</arg>
<arg>CL</arg>
<arg>CM</arg>
<arg>CN</arg>
<arg>CO</arg>
<arg>CR</arg>
<arg>CU</arg>
<arg>CV</arg>
<arg>CW</arg>
<arg>CX</arg>
<arg>CY</arg>
<arg>CZ</arg>
<arg>DE</arg>
<arg>DJ</arg>
<arg>DK</arg>
<arg>DM</arg>
<arg>DO</arg>
<arg>DZ</arg>
<arg>EC</arg>
<arg>EE</arg>
<arg>EG</arg>
<arg>EH</arg>
<arg>ER</arg>
<arg>ES</arg>
<arg>ET</arg>
<arg>FI</arg>
<arg>FJ</arg>
<arg>FK</arg>
<arg>FM</arg>
<arg>FO</arg>
<arg>FR</arg>
<arg>GA</arg>
<arg>GB</arg>
<arg>GD</arg>
<arg>GE</arg>
<arg>GF</arg>
<arg>GG</arg>
<arg>GH</arg>
<arg>GI</arg>
<arg>GL</arg>
<arg>GM</arg>
<arg>GN</arg>
<arg>GP</arg>
<arg>GQ</arg>
<arg>GR</arg>
<arg>GS</arg>
<arg>GT</arg>
<arg>GU</arg>
<arg>GW</arg>
<arg>GY</arg>
<arg>HK</arg>
<arg>HM</arg>
<arg>HN</arg>
<arg>HR</arg>
<arg>HT</arg>
<arg>HU</arg>
<arg>ID</arg>
<arg>IE</arg>
<arg>IL</arg>
<arg>IM</arg>
<arg>IN</arg>
<arg>IO</arg>
<arg>IQ</arg>
<arg>IR</arg>
<arg>IS</arg>
<arg>IT</arg>
<arg>JE</arg>
<arg>JM</arg>
<arg>JO</arg>
<arg>JP</arg>
<arg>KE</arg>
<arg>KG</arg>
<arg>KH</arg>
<arg>KI</arg>
<arg>KM</arg>
<arg>KN</arg>
<arg>KP</arg>
<arg>KR</arg>
<arg>KW</arg>
<arg>KY</arg>
<arg>KZ</arg>
<arg>LA</arg>
<arg>LB</arg>
<arg>LC</arg>
<arg>LI</arg>
<arg>LK</arg>
<arg>LR</arg>
<arg>LS</arg>
<arg>LT</arg>
<arg>LU</arg>
<arg>LV</arg>
<arg>LY</arg>
<arg>MA</arg>
<arg>MC</arg>
<arg>MD</arg>
<arg>ME</arg>
<arg>MF</arg>
<arg>MG</arg>
<arg>MH</arg>
<arg>MK</arg>
<arg>ML</arg>
<arg>MM</arg>
<arg>MN</arg>
<arg>MO</arg>
<arg>MP</arg>
<arg>MQ</arg>
<arg>MR</arg>
<arg>MS</arg>
<arg>MT</arg>
<arg>MU</arg>
<arg>MV</arg>
<arg>MW</arg>
<arg>MX</arg>
<arg>MY</arg>
<arg>MZ</arg>
<arg>NA</arg>
<arg>NC</arg>
<arg>NE</arg>
<arg>NF</arg>
<arg>NG</arg>
<arg>NI</arg>
<arg>NL</arg>
<arg>NO</arg>
<arg>NP</arg>
<arg>NR</arg>
<arg>NU</arg>
<arg>NZ</arg>
<arg>OM</arg>
<arg>PA</arg>
<arg>PE</arg>
<arg>PF</arg>
<arg>PG</arg>
<arg>PH</arg>
<arg>PK</arg>
<arg>PL</arg>
<arg>PM</arg>
<arg>PN</arg>
<arg>PR</arg>
<arg>PS</arg>
<arg>PT</arg>
<arg>PW</arg>
<arg>PY</arg>
<arg>QA</arg>
<arg>RE</arg>
<arg>RO</arg>
<arg>RS</arg>
<arg>RU</arg>
<arg>RW</arg>
<arg>SA</arg>
<arg>SB</arg>
<arg>SC</arg>
<arg>SD</arg>
<arg>SE</arg>
<arg>SG</arg>
<arg>SH</arg>
<arg>SI</arg>
<arg>SJ</arg>
<arg>SK</arg>
<arg>SL</arg>
<arg>SM</arg>
<arg>SN</arg>
<arg>SO</arg>
<arg>SR</arg>
<arg>SS</arg>
<arg>ST</arg>
<arg>SV</arg>
<arg>SX</arg>
<arg>SY</arg>
<arg>SZ</arg>
<arg>TC</arg>
<arg>TD</arg>
<arg>TF</arg>
<arg>TG</arg>
<arg>TH</arg>
<arg>TJ</arg>
<arg>TK</arg>
<arg>TL</arg>
<arg>TM</arg>
<arg>TN</arg>
<arg>TO</arg>
<arg>TR</arg>
<arg>TT</arg>
<arg>TV</arg>
<arg>TW</arg>
<arg>TZ</arg>
<arg>UA</arg>
<arg>UG</arg>
<arg>UM</arg>
<arg>US</arg>
<arg>UY</arg>
<arg>UZ</arg>
<arg>VA</arg>
<arg>VC</arg>
<arg>VE</arg>
<arg>VG</arg>
<arg>VI</arg>
<arg>VN</arg>
<arg>VU</arg>
<arg>WF</arg>
<arg>WS</arg>
<arg>XK</arg>
<arg>YE</arg>
<arg>YT</arg>
<arg>ZA</arg>
<arg>ZM</arg>
<arg>ZW</arg>
<doc>Returns a list containing given items.</doc>
<status status="PASS" start="2024-03-25T06:18:32.959347" elapsed="0.000671"/>
</kw>
<kw name="List Should Contain Value" owner="Collections">
<msg time="2024-03-25T06:18:32.961296" level="INFO">False</msg>
<arg>${list_country}</arg>
<arg>${name_country}</arg>
<doc>Fails if the ``value`` is not found from ``list``.</doc>
<status status="PASS" start="2024-03-25T06:18:32.961007" elapsed="0.000345"/>
</kw>
<kw name="Run Keyword If" owner="BuiltIn">
<kw name="Should Be True" owner="BuiltIn">
<arg>${True}</arg>
<doc>Fails if the given condition is not true.</doc>
<status status="PASS" start="2024-03-25T06:18:32.962489" elapsed="0.000153"/>
</kw>
<arg>${json_data["results"][0]["location"]["coordinates"]["latitude"]} &gt;= -90 and ${json_data["results"][0]["location"]["coordinates"]["latitude"]} &lt;= 90</arg>
<arg>Should Be True</arg>
<arg>${True}</arg>
<doc>Runs the given keyword with the given arguments, if ``condition`` is true.</doc>
<status status="PASS" start="2024-03-25T06:18:32.961702" elapsed="0.001071"/>
</kw>
<kw name="Run Keyword If" owner="BuiltIn">
<kw name="Should Be True" owner="BuiltIn">
<arg>${True}</arg>
<doc>Fails if the given condition is not true.</doc>
<status status="PASS" start="2024-03-25T06:18:32.963728" elapsed="0.000151"/>
</kw>
<arg>${json_data["results"][0]["location"]["coordinates"]["longitude"]} &gt;= -180 and ${json_data["results"][0]["location"]["coordinates"]["longitude"]} &lt;= 180</arg>
<arg>Should Be True</arg>
<arg>${True}</arg>
<doc>Runs the given keyword with the given arguments, if ``condition`` is true.</doc>
<status status="PASS" start="2024-03-25T06:18:32.962964" elapsed="0.001041"/>
</kw>
<status status="PASS" start="2024-03-25T06:18:32.851864" elapsed="0.112276"/>
</kw>
<doc>Testa o conteúdo específico dos campos retornados pela API.</doc>
<tag>testeConteudo</tag>
<status status="PASS" start="2024-03-25T06:18:32.851379" elapsed="0.112920"/>
</test>
<status status="PASS" start="2024-03-25T06:18:31.885217" elapsed="1.081051"/>
</suite>
<status status="PASS" start="2024-03-25T06:18:31.870861" elapsed="1.100950"/>
</suite>
<statistics>
<total>
<stat pass="5" fail="0" skip="0">All Tests</stat>
</total>
<tag>
<stat pass="1" fail="0" skip="0">testeConteudo</stat>
<stat pass="1" fail="0" skip="0">testeEstruturaResposta</stat>
<stat pass="1" fail="0" skip="0">testeRequisicaoBasica</stat>
<stat pass="1" fail="0" skip="0">testeTiposDados</stat>
</tag>
<suite>
<stat pass="5" fail="0" skip="0" id="s1" name="Tests">Tests</stat>
<stat pass="5" fail="0" skip="0" id="s1-s1" name="Random-User-Test">Tests.Random-User-Test</stat>
</suite>
</statistics>
<errors>
</errors>
</robot>
