<?xml version="1.0" encoding="UTF-8"?>
<robot generator="Robot 7.0.1 (Python 3.12.3 on linux)" generated="2024-06-14T18:20:16.692653" rpa="false" schemaversion="5">
<suite id="s1" name="Tests" source="/home/runner/work/ApiRandomUser/ApiRandomUser/RamdonUser/tests">
<suite id="s1-s1" name="Random-User-Test" source="/home/runner/work/ApiRandomUser/ApiRandomUser/RamdonUser/tests/random-user-test.robot">
<test id="s1-s1-t1" name="Conectar" line="13">
<kw name="Conectar API" owner="random-user-service">
<kw name="Create Session" owner="RequestsLibrary">
<msg time="2024-06-14T18:20:17.105947" level="INFO">Creating Session using : alias=consultarAPI, url=https://randomuser.me/, headers={},                     cookies={}, auth=None, timeout=None, proxies=None, verify=False,                     debug=0 </msg>
<arg>consultarAPI</arg>
<arg>${URL}</arg>
<doc>Create Session: create a HTTP session to a server</doc>
<status status="PASS" start="2024-06-14T18:20:17.105751" elapsed="0.000385"/>
</kw>
<status status="PASS" start="2024-06-14T18:20:17.104763" elapsed="0.001725"/>
</kw>
<status status="PASS" start="2024-06-14T18:20:17.104229" elapsed="0.002453"/>
</test>
<test id="s1-s1-t2" name="Validar retorno 200 e JSON Válido" line="16">
<kw name="Teste de Requisicao Basica" owner="random-user-service">
<kw name="GET On Session" owner="RequestsLibrary">
<msg time="2024-06-14T18:20:17.177093" level="INFO">GET Request : url=https://randomuser.me/api 
 path_url=/api 
 headers={'User-Agent': 'python-requests/2.32.3', 'Accept-Encoding': 'gzip, deflate', 'Accept': '*/*', 'Connection': 'keep-alive'} 
 body=None 
 </msg>
<msg time="2024-06-14T18:20:17.177195" level="INFO">GET Response : url=https://randomuser.me/api 
 status=200, reason=OK 
 headers={'Date': 'Fri, 14 Jun 2024 18:20:17 GMT', 'Content-Type': 'application/json; charset=utf-8', 'Transfer-Encoding': 'chunked', 'Connection': 'keep-alive', 'X-Powered-By': 'Express', 'Access-Control-Allow-Origin': '*', 'Cache-Control': 'no-cache', 'ETag': 'W/"4a3-0bQeicgbrVgU3ryJ5BUW1BtcYi8"', 'Vary': 'Accept-Encoding', 'Content-Encoding': 'gzip', 'CF-Cache-Status': 'DYNAMIC', 'Report-To': '{"endpoints":[{"url":"https:\\/\\/a.nel.cloudflare.com\\/report\\/v4?s=Q49FeDqxCtKoxLQX6iFwBNMCgzA%2B2bVu5ifdNfHhdebyMbW25NQzZYezgKb3pjRAzK4%2F8UxilognekdsxpWXLZgDSVVpZPX8CNmFDBhAGPxms19l3O6bSlzq%2BsPS%2Ftbd"}],"group":"cf-nel","max_age":604800}', 'NEL': '{"success_fraction":0,"report_to":"cf-nel","max_age":604800}', 'Server': 'cloudflare', 'CF-RAY': '893c555f290f43df-EWR', 'alt-svc': 'h3=":443"; ma=86400'} 
 body={"results":[{"gender":"female","name":{"title":"Miss","first":"Ronilda","last":"Peixoto"},"location":{"street":{"number":8048,"name":"Rua Santa Maria "},"city":"Canoas","state":"Distrito Federal","country":"Brazil","postcode":21411,"coordinates":{"latitude":"-75.5259","longitude":"173.4904"},"timezone":{"offset":"-1:00","description":"Azores, Cape Verde Islands"}},"email":"ronilda.peixoto@example.com","login":{"uuid":"cb46ca33-299d-4a2d-965b-32d2c171961d","username":"sadelephant225","password":"females","salt":"MLYPh2fy","md5":"60a08e053938080cc2110ab80b8fe5f4","sha1":"040bfb87cc0f6761c3a243edb397100d71996704","sha256":"e86b4e6686a9a8957a8340cca1f21c3ece2953b9062056404539ac8f195e4116"},"dob":{"date":"1993-05-03T20:19:41.279Z","age":31},"registered":{"date":"2005-10-14T22:07:00.520Z","age":18},"phone":"(04) 0631-8296","cell":"(74) 1379-3874","id":{"name":"CPF","value":"358.349.951-97"},"picture":{"large":"https://randomuser.me/api/portraits/women/73.jpg","medium":"https://randomuser.me/api/portraits/med/women/73.jpg","thumbnail":"https://randomuser.me/api/portraits/thumb/women/73.jpg"},"nat":"BR"}],"info":{"seed":"3ff1e40899db96f9","results":1,"page":1,"version":"1.4"}} 
 </msg>
<msg time="2024-06-14T18:20:17.177267" level="INFO">/opt/hostedtoolcache/Python/3.12.3/x64/lib/python3.12/site-packages/urllib3/connectionpool.py:1103: InsecureRequestWarning: Unverified HTTPS request is being made to host 'randomuser.me'. Adding certificate verification is strongly advised. See: https://urllib3.readthedocs.io/en/latest/advanced-usage.html#tls-warnings
  warnings.warn(</msg>
<msg time="2024-06-14T18:20:17.177376" level="INFO">${response} = &lt;Response [200]&gt;</msg>
<var>${response}</var>
<arg>consultarAPI</arg>
<arg>/api</arg>
<doc>Sends a GET request on a previously created HTTP Session.</doc>
<status status="PASS" start="2024-06-14T18:20:17.109235" elapsed="0.068185"/>
</kw>
<kw name="Should Be Equal As Numbers" owner="BuiltIn">
<msg time="2024-06-14T18:20:17.178520" level="INFO">Argument types are:
&lt;class 'int'&gt;
&lt;class 'str'&gt;</msg>
<arg>${response.status_code}</arg>
<arg>200</arg>
<doc>Fails if objects are unequal after converting them to real numbers.</doc>
<status status="PASS" start="2024-06-14T18:20:17.177964" elapsed="0.000620"/>
</kw>
<kw name="Log" owner="BuiltIn">
<msg time="2024-06-14T18:20:17.179256" level="INFO">200</msg>
<arg>${response.status_code}</arg>
<doc>Logs the given message with the given level.</doc>
<status status="PASS" start="2024-06-14T18:20:17.178915" elapsed="0.000389"/>
</kw>
<kw name="Set Variable" owner="BuiltIn">
<msg time="2024-06-14T18:20:17.180022" level="INFO">${json_data} = {'results': [{'gender': 'female', 'name': {'title': 'Miss', 'first': 'Ronilda', 'last': 'Peixoto'}, 'location': {'street': {'number': 8048, 'name': 'Rua Santa Maria '}, 'city': 'Canoas', 'state': 'Dis...</msg>
<var>${json_data}</var>
<arg>${response.json()}</arg>
<doc>Returns the given values which can then be assigned to a variables.</doc>
<status status="PASS" start="2024-06-14T18:20:17.179605" elapsed="0.000445"/>
</kw>
<kw name="Dictionary Should Contain Key" owner="Collections">
<arg>${json_data}</arg>
<arg>results</arg>
<doc>Fails if ``key`` is not found from ``dictionary``.</doc>
<status status="PASS" start="2024-06-14T18:20:17.180361" elapsed="0.000160"/>
</kw>
<status status="PASS" start="2024-06-14T18:20:17.109001" elapsed="0.071667"/>
</kw>
<doc>Testa se a API responde corretamente e retorna um objeto JSON válido.</doc>
<tag>testeRequisicaoBasica</tag>
<status status="PASS" start="2024-06-14T18:20:17.108533" elapsed="0.072289"/>
</test>
<test id="s1-s1-t3" name="Validar estrutura de resposta" line="22">
<kw name="Teste de Estrutura de Resposta" owner="random-user-service">
<kw name="GET On Session" owner="RequestsLibrary">
<msg time="2024-06-14T18:20:17.294249" level="INFO">GET Request : url=https://randomuser.me/api 
 path_url=/api 
 headers={'User-Agent': 'python-requests/2.32.3', 'Accept-Encoding': 'gzip, deflate', 'Accept': '*/*', 'Connection': 'keep-alive'} 
 body=None 
 </msg>
<msg time="2024-06-14T18:20:17.294351" level="INFO">GET Response : url=https://randomuser.me/api 
 status=200, reason=OK 
 headers={'Date': 'Fri, 14 Jun 2024 18:20:17 GMT', 'Content-Type': 'application/json; charset=utf-8', 'Transfer-Encoding': 'chunked', 'Connection': 'keep-alive', 'X-Powered-By': 'Express', 'Access-Control-Allow-Origin': '*', 'Cache-Control': 'no-cache', 'ETag': 'W/"4ac-+LXFhPWxdBCUbXHnFs0mkKDB+YY"', 'Vary': 'Accept-Encoding', 'Content-Encoding': 'gzip', 'CF-Cache-Status': 'DYNAMIC', 'Report-To': '{"endpoints":[{"url":"https:\\/\\/a.nel.cloudflare.com\\/report\\/v4?s=md3I78m48rGk5u9JXOx4d1IQxJ9k9vuFUMrhF%2FvZQrwblHpxGtKlzbofNaNfMK7CTF5qBhsAmliTA%2BPCQAvFAyEJdCgvPKBIe3zMjWFP%2Bq8Dxi1mK6urWYwcbjB7Rlfi"}],"group":"cf-nel","max_age":604800}', 'NEL': '{"success_fraction":0,"report_to":"cf-nel","max_age":604800}', 'Server': 'cloudflare', 'CF-RAY': '893c555f697643df-EWR', 'alt-svc': 'h3=":443"; ma=86400'} 
 body={"results":[{"gender":"female","name":{"title":"Mrs","first":"Addison","last":"Dixon"},"location":{"street":{"number":9254,"name":"Thornridge Cir"},"city":"Pembroke Pines","state":"South Dakota","country":"United States","postcode":66813,"coordinates":{"latitude":"86.2066","longitude":"19.4719"},"timezone":{"offset":"+5:30","description":"Bombay, Calcutta, Madras, New Delhi"}},"email":"addison.dixon@example.com","login":{"uuid":"035bedad-ab88-4e13-821f-609862740f5f","username":"whitegorilla152","password":"barney1","salt":"UFG5fnbl","md5":"10cd9f764b2a80cc28fa460c929b1ce0","sha1":"25749d9e3f101f3a7015adcc9b7146a155d2d5a8","sha256":"bbb2591aa3f4f6a5eb148e7c5903e85bf25853df0eb14abe1da012ad3fed63ae"},"dob":{"date":"1978-03-15T05:57:17.865Z","age":46},"registered":{"date":"2012-12-05T22:06:59.104Z","age":11},"phone":"(342) 293-9376","cell":"(448) 722-3471","id":{"name":"SSN","value":"614-69-5014"},"picture":{"large":"https://randomuser.me/api/portraits/women/41.jpg","medium":"https://randomuser.me/api/portraits/med/women/41.jpg","thumbnail":"https://randomuser.me/api/portraits/thumb/women/41.jpg"},"nat":"US"}],"info":{"seed":"d29627a37cbec4be","results":1,"page":1,"version":"1.4"}} 
 </msg>
<msg time="2024-06-14T18:20:17.294511" level="INFO">/opt/hostedtoolcache/Python/3.12.3/x64/lib/python3.12/site-packages/urllib3/connectionpool.py:1103: InsecureRequestWarning: Unverified HTTPS request is being made to host 'randomuser.me'. Adding certificate verification is strongly advised. See: https://urllib3.readthedocs.io/en/latest/advanced-usage.html#tls-warnings
  warnings.warn(</msg>
<msg time="2024-06-14T18:20:17.294645" level="INFO">${response} = &lt;Response [200]&gt;</msg>
<var>${response}</var>
<arg>consultarAPI</arg>
<arg>/api</arg>
<doc>Sends a GET request on a previously created HTTP Session.</doc>
<status status="PASS" start="2024-06-14T18:20:17.183890" elapsed="0.110798"/>
</kw>
<kw name="Set Variable" owner="BuiltIn">
<msg time="2024-06-14T18:20:17.295913" level="INFO">${json_data} = {'results': [{'gender': 'female', 'name': {'title': 'Mrs', 'first': 'Addison', 'last': 'Dixon'}, 'location': {'street': {'number': 9254, 'name': 'Thornridge Cir'}, 'city': 'Pembroke Pines', 'state': '...</msg>
<var>${json_data}</var>
<arg>${response.json()}</arg>
<doc>Returns the given values which can then be assigned to a variables.</doc>
<status status="PASS" start="2024-06-14T18:20:17.295337" elapsed="0.000606"/>
</kw>
<kw name="Log" owner="BuiltIn">
<msg time="2024-06-14T18:20:17.296415" level="INFO">{'results': [{'gender': 'female', 'name': {'title': 'Mrs', 'first': 'Addison', 'last': 'Dixon'}, 'location': {'street': {'number': 9254, 'name': 'Thornridge Cir'}, 'city': 'Pembroke Pines', 'state': 'South Dakota', 'country': 'United States', 'postcode': 66813, 'coordinates': {'latitude': '86.2066', 'longitude': '19.4719'}, 'timezone': {'offset': '+5:30', 'description': 'Bombay, Calcutta, Madras, New Delhi'}}, 'email': 'addison.dixon@example.com', 'login': {'uuid': '035bedad-ab88-4e13-821f-609862740f5f', 'username': 'whitegorilla152', 'password': 'barney1', 'salt': 'UFG5fnbl', 'md5': '10cd9f764b2a80cc28fa460c929b1ce0', 'sha1': '25749d9e3f101f3a7015adcc9b7146a155d2d5a8', 'sha256': 'bbb2591aa3f4f6a5eb148e7c5903e85bf25853df0eb14abe1da012ad3fed63ae'}, 'dob': {'date': '1978-03-15T05:57:17.865Z', 'age': 46}, 'registered': {'date': '2012-12-05T22:06:59.104Z', 'age': 11}, 'phone': '(342) 293-9376', 'cell': '(448) 722-3471', 'id': {'name': 'SSN', 'value': '614-69-5014'}, 'picture': {'large': 'https://randomuser.me/api/portraits/women/41.jpg', 'medium': 'https://randomuser.me/api/portraits/med/women/41.jpg', 'thumbnail': 'https://randomuser.me/api/portraits/thumb/women/41.jpg'}, 'nat': 'US'}], 'info': {'seed': 'd29627a37cbec4be', 'results': 1, 'page': 1, 'version': '1.4'}}</msg>
<arg>${json_data}</arg>
<doc>Logs the given message with the given level.</doc>
<status status="PASS" start="2024-06-14T18:20:17.296255" elapsed="0.000209"/>
</kw>
<kw name="Dictionary Should Contain Key" owner="Collections">
<arg>${json_data}</arg>
<arg>results</arg>
<doc>Fails if ``key`` is not found from ``dictionary``.</doc>
<status status="PASS" start="2024-06-14T18:20:17.296753" elapsed="0.000158"/>
</kw>
<kw name="Should Not Be Empty" owner="BuiltIn">
<msg time="2024-06-14T18:20:17.297217" level="INFO">Length is 2.</msg>
<arg>${json_data}</arg>
<doc>Verifies that the given item is not empty.</doc>
<status status="PASS" start="2024-06-14T18:20:17.297093" elapsed="0.000162"/>
</kw>
<kw name="Create List" owner="BuiltIn">
<msg time="2024-06-14T18:20:17.297698" level="INFO">${expected_keys} = ['gender', 'name', 'location', 'email', 'login']</msg>
<var>${expected_keys}</var>
<arg>gender</arg>
<arg>name</arg>
<arg>location</arg>
<arg>email</arg>
<arg>login</arg>
<doc>Returns a list containing given items.</doc>
<status status="PASS" start="2024-06-14T18:20:17.297550" elapsed="0.000173"/>
</kw>
<for flavor="IN">
<iter>
<kw name="Dictionary Should Contain Key" owner="Collections">
<arg>${json_data['results'][0]}</arg>
<arg>${key}</arg>
<doc>Fails if ``key`` is not found from ``dictionary``.</doc>
<status status="PASS" start="2024-06-14T18:20:17.298366" elapsed="0.000402"/>
</kw>
<kw name="Log" owner="BuiltIn">
<msg time="2024-06-14T18:20:17.299320" level="INFO">{'gender': 'female', 'name': {'title': 'Mrs', 'first': 'Addison', 'last': 'Dixon'}, 'location': {'street': {'number': 9254, 'name': 'Thornridge Cir'}, 'city': 'Pembroke Pines', 'state': 'South Dakota', 'country': 'United States', 'postcode': 66813, 'coordinates': {'latitude': '86.2066', 'longitude': '19.4719'}, 'timezone': {'offset': '+5:30', 'description': 'Bombay, Calcutta, Madras, New Delhi'}}, 'email': 'addison.dixon@example.com', 'login': {'uuid': '035bedad-ab88-4e13-821f-609862740f5f', 'username': 'whitegorilla152', 'password': 'barney1', 'salt': 'UFG5fnbl', 'md5': '10cd9f764b2a80cc28fa460c929b1ce0', 'sha1': '25749d9e3f101f3a7015adcc9b7146a155d2d5a8', 'sha256': 'bbb2591aa3f4f6a5eb148e7c5903e85bf25853df0eb14abe1da012ad3fed63ae'}, 'dob': {'date': '1978-03-15T05:57:17.865Z', 'age': 46}, 'registered': {'date': '2012-12-05T22:06:59.104Z', 'age': 11}, 'phone': '(342) 293-9376', 'cell': '(448) 722-3471', 'id': {'name': 'SSN', 'value': '614-69-5014'}, 'picture': {'large': 'https://randomuser.me/api/portraits/women/41.jpg', 'medium': 'https://randomuser.me/api/portraits/med/women/41.jpg', 'thumbnail': 'https://randomuser.me/api/portraits/thumb/women/41.jpg'}, 'nat': 'US'}</msg>
<arg>${json_data['results'][0]}</arg>
<doc>Logs the given message with the given level.</doc>
<status status="PASS" start="2024-06-14T18:20:17.298958" elapsed="0.000411"/>
</kw>
<kw name="Log" owner="BuiltIn">
<msg time="2024-06-14T18:20:17.299795" level="INFO">gender</msg>
<arg>${key}</arg>
<doc>Logs the given message with the given level.</doc>
<status status="PASS" start="2024-06-14T18:20:17.299668" elapsed="0.000166"/>
</kw>
<var name="${key}">gender</var>
<status status="PASS" start="2024-06-14T18:20:17.298237" elapsed="0.001822"/>
</iter>
<iter>
<kw name="Dictionary Should Contain Key" owner="Collections">
<arg>${json_data['results'][0]}</arg>
<arg>${key}</arg>
<doc>Fails if ``key`` is not found from ``dictionary``.</doc>
<status status="PASS" start="2024-06-14T18:20:17.300358" elapsed="0.000380"/>
</kw>
<kw name="Log" owner="BuiltIn">
<msg time="2024-06-14T18:20:17.301308" level="INFO">{'gender': 'female', 'name': {'title': 'Mrs', 'first': 'Addison', 'last': 'Dixon'}, 'location': {'street': {'number': 9254, 'name': 'Thornridge Cir'}, 'city': 'Pembroke Pines', 'state': 'South Dakota', 'country': 'United States', 'postcode': 66813, 'coordinates': {'latitude': '86.2066', 'longitude': '19.4719'}, 'timezone': {'offset': '+5:30', 'description': 'Bombay, Calcutta, Madras, New Delhi'}}, 'email': 'addison.dixon@example.com', 'login': {'uuid': '035bedad-ab88-4e13-821f-609862740f5f', 'username': 'whitegorilla152', 'password': 'barney1', 'salt': 'UFG5fnbl', 'md5': '10cd9f764b2a80cc28fa460c929b1ce0', 'sha1': '25749d9e3f101f3a7015adcc9b7146a155d2d5a8', 'sha256': 'bbb2591aa3f4f6a5eb148e7c5903e85bf25853df0eb14abe1da012ad3fed63ae'}, 'dob': {'date': '1978-03-15T05:57:17.865Z', 'age': 46}, 'registered': {'date': '2012-12-05T22:06:59.104Z', 'age': 11}, 'phone': '(342) 293-9376', 'cell': '(448) 722-3471', 'id': {'name': 'SSN', 'value': '614-69-5014'}, 'picture': {'large': 'https://randomuser.me/api/portraits/women/41.jpg', 'medium': 'https://randomuser.me/api/portraits/med/women/41.jpg', 'thumbnail': 'https://randomuser.me/api/portraits/thumb/women/41.jpg'}, 'nat': 'US'}</msg>
<arg>${json_data['results'][0]}</arg>
<doc>Logs the given message with the given level.</doc>
<status status="PASS" start="2024-06-14T18:20:17.300952" elapsed="0.000405"/>
</kw>
<kw name="Log" owner="BuiltIn">
<msg time="2024-06-14T18:20:17.301799" level="INFO">name</msg>
<arg>${key}</arg>
<doc>Logs the given message with the given level.</doc>
<status status="PASS" start="2024-06-14T18:20:17.301667" elapsed="0.000172"/>
</kw>
<var name="${key}">name</var>
<status status="PASS" start="2024-06-14T18:20:17.300247" elapsed="0.001840"/>
</iter>
<iter>
<kw name="Dictionary Should Contain Key" owner="Collections">
<arg>${json_data['results'][0]}</arg>
<arg>${key}</arg>
<doc>Fails if ``key`` is not found from ``dictionary``.</doc>
<status status="PASS" start="2024-06-14T18:20:17.302393" elapsed="0.000379"/>
</kw>
<kw name="Log" owner="BuiltIn">
<msg time="2024-06-14T18:20:17.303302" level="INFO">{'gender': 'female', 'name': {'title': 'Mrs', 'first': 'Addison', 'last': 'Dixon'}, 'location': {'street': {'number': 9254, 'name': 'Thornridge Cir'}, 'city': 'Pembroke Pines', 'state': 'South Dakota', 'country': 'United States', 'postcode': 66813, 'coordinates': {'latitude': '86.2066', 'longitude': '19.4719'}, 'timezone': {'offset': '+5:30', 'description': 'Bombay, Calcutta, Madras, New Delhi'}}, 'email': 'addison.dixon@example.com', 'login': {'uuid': '035bedad-ab88-4e13-821f-609862740f5f', 'username': 'whitegorilla152', 'password': 'barney1', 'salt': 'UFG5fnbl', 'md5': '10cd9f764b2a80cc28fa460c929b1ce0', 'sha1': '25749d9e3f101f3a7015adcc9b7146a155d2d5a8', 'sha256': 'bbb2591aa3f4f6a5eb148e7c5903e85bf25853df0eb14abe1da012ad3fed63ae'}, 'dob': {'date': '1978-03-15T05:57:17.865Z', 'age': 46}, 'registered': {'date': '2012-12-05T22:06:59.104Z', 'age': 11}, 'phone': '(342) 293-9376', 'cell': '(448) 722-3471', 'id': {'name': 'SSN', 'value': '614-69-5014'}, 'picture': {'large': 'https://randomuser.me/api/portraits/women/41.jpg', 'medium': 'https://randomuser.me/api/portraits/med/women/41.jpg', 'thumbnail': 'https://randomuser.me/api/portraits/thumb/women/41.jpg'}, 'nat': 'US'}</msg>
<arg>${json_data['results'][0]}</arg>
<doc>Logs the given message with the given level.</doc>
<status status="PASS" start="2024-06-14T18:20:17.302959" elapsed="0.000391"/>
</kw>
<kw name="Log" owner="BuiltIn">
<msg time="2024-06-14T18:20:17.303767" level="INFO">location</msg>
<arg>${key}</arg>
<doc>Logs the given message with the given level.</doc>
<status status="PASS" start="2024-06-14T18:20:17.303643" elapsed="0.000161"/>
</kw>
<var name="${key}">location</var>
<status status="PASS" start="2024-06-14T18:20:17.302282" elapsed="0.001743"/>
</iter>
<iter>
<kw name="Dictionary Should Contain Key" owner="Collections">
<arg>${json_data['results'][0]}</arg>
<arg>${key}</arg>
<doc>Fails if ``key`` is not found from ``dictionary``.</doc>
<status status="PASS" start="2024-06-14T18:20:17.304304" elapsed="0.000379"/>
</kw>
<kw name="Log" owner="BuiltIn">
<msg time="2024-06-14T18:20:17.305214" level="INFO">{'gender': 'female', 'name': {'title': 'Mrs', 'first': 'Addison', 'last': 'Dixon'}, 'location': {'street': {'number': 9254, 'name': 'Thornridge Cir'}, 'city': 'Pembroke Pines', 'state': 'South Dakota', 'country': 'United States', 'postcode': 66813, 'coordinates': {'latitude': '86.2066', 'longitude': '19.4719'}, 'timezone': {'offset': '+5:30', 'description': 'Bombay, Calcutta, Madras, New Delhi'}}, 'email': 'addison.dixon@example.com', 'login': {'uuid': '035bedad-ab88-4e13-821f-609862740f5f', 'username': 'whitegorilla152', 'password': 'barney1', 'salt': 'UFG5fnbl', 'md5': '10cd9f764b2a80cc28fa460c929b1ce0', 'sha1': '25749d9e3f101f3a7015adcc9b7146a155d2d5a8', 'sha256': 'bbb2591aa3f4f6a5eb148e7c5903e85bf25853df0eb14abe1da012ad3fed63ae'}, 'dob': {'date': '1978-03-15T05:57:17.865Z', 'age': 46}, 'registered': {'date': '2012-12-05T22:06:59.104Z', 'age': 11}, 'phone': '(342) 293-9376', 'cell': '(448) 722-3471', 'id': {'name': 'SSN', 'value': '614-69-5014'}, 'picture': {'large': 'https://randomuser.me/api/portraits/women/41.jpg', 'medium': 'https://randomuser.me/api/portraits/med/women/41.jpg', 'thumbnail': 'https://randomuser.me/api/portraits/thumb/women/41.jpg'}, 'nat': 'US'}</msg>
<arg>${json_data['results'][0]}</arg>
<doc>Logs the given message with the given level.</doc>
<status status="PASS" start="2024-06-14T18:20:17.304863" elapsed="0.000399"/>
</kw>
<kw name="Log" owner="BuiltIn">
<msg time="2024-06-14T18:20:17.305688" level="INFO">email</msg>
<arg>${key}</arg>
<doc>Logs the given message with the given level.</doc>
<status status="PASS" start="2024-06-14T18:20:17.305560" elapsed="0.000165"/>
</kw>
<var name="${key}">email</var>
<status status="PASS" start="2024-06-14T18:20:17.304197" elapsed="0.001745"/>
</iter>
<iter>
<kw name="Dictionary Should Contain Key" owner="Collections">
<arg>${json_data['results'][0]}</arg>
<arg>${key}</arg>
<doc>Fails if ``key`` is not found from ``dictionary``.</doc>
<status status="PASS" start="2024-06-14T18:20:17.306272" elapsed="0.000375"/>
</kw>
<kw name="Log" owner="BuiltIn">
<msg time="2024-06-14T18:20:17.307191" level="INFO">{'gender': 'female', 'name': {'title': 'Mrs', 'first': 'Addison', 'last': 'Dixon'}, 'location': {'street': {'number': 9254, 'name': 'Thornridge Cir'}, 'city': 'Pembroke Pines', 'state': 'South Dakota', 'country': 'United States', 'postcode': 66813, 'coordinates': {'latitude': '86.2066', 'longitude': '19.4719'}, 'timezone': {'offset': '+5:30', 'description': 'Bombay, Calcutta, Madras, New Delhi'}}, 'email': 'addison.dixon@example.com', 'login': {'uuid': '035bedad-ab88-4e13-821f-609862740f5f', 'username': 'whitegorilla152', 'password': 'barney1', 'salt': 'UFG5fnbl', 'md5': '10cd9f764b2a80cc28fa460c929b1ce0', 'sha1': '25749d9e3f101f3a7015adcc9b7146a155d2d5a8', 'sha256': 'bbb2591aa3f4f6a5eb148e7c5903e85bf25853df0eb14abe1da012ad3fed63ae'}, 'dob': {'date': '1978-03-15T05:57:17.865Z', 'age': 46}, 'registered': {'date': '2012-12-05T22:06:59.104Z', 'age': 11}, 'phone': '(342) 293-9376', 'cell': '(448) 722-3471', 'id': {'name': 'SSN', 'value': '614-69-5014'}, 'picture': {'large': 'https://randomuser.me/api/portraits/women/41.jpg', 'medium': 'https://randomuser.me/api/portraits/med/women/41.jpg', 'thumbnail': 'https://randomuser.me/api/portraits/thumb/women/41.jpg'}, 'nat': 'US'}</msg>
<arg>${json_data['results'][0]}</arg>
<doc>Logs the given message with the given level.</doc>
<status status="PASS" start="2024-06-14T18:20:17.306837" elapsed="0.000403"/>
</kw>
<kw name="Log" owner="BuiltIn">
<msg time="2024-06-14T18:20:17.307765" level="INFO">login</msg>
<arg>${key}</arg>
<doc>Logs the given message with the given level.</doc>
<status status="PASS" start="2024-06-14T18:20:17.307531" elapsed="0.000272"/>
</kw>
<var name="${key}">login</var>
<status status="PASS" start="2024-06-14T18:20:17.306149" elapsed="0.001871"/>
</iter>
<var>${key}</var>
<value>@{expected_keys}</value>
<status status="PASS" start="2024-06-14T18:20:17.297990" elapsed="0.010180"/>
</for>
<kw name="Create List" owner="BuiltIn">
<msg time="2024-06-14T18:20:17.308502" level="INFO">${expected_keysTwo} = ['username', 'password']</msg>
<var>${expected_keysTwo}</var>
<arg>username</arg>
<arg>password</arg>
<doc>Returns a list containing given items.</doc>
<status status="PASS" start="2024-06-14T18:20:17.308370" elapsed="0.000156"/>
</kw>
<for flavor="IN">
<iter>
<kw name="Dictionary Should Contain Key" owner="Collections">
<arg>${json_data['results'][0]['login']}</arg>
<arg>${keyTwo}</arg>
<doc>Fails if ``key`` is not found from ``dictionary``.</doc>
<status status="PASS" start="2024-06-14T18:20:17.309020" elapsed="0.000383"/>
</kw>
<kw name="Dictionary Should Contain Key" owner="Collections">
<arg>${json_data['results'][0]['login']}</arg>
<arg>${keyTwo}</arg>
<doc>Fails if ``key`` is not found from ``dictionary``.</doc>
<status status="PASS" start="2024-06-14T18:20:17.309582" elapsed="0.000373"/>
</kw>
<kw name="Log" owner="BuiltIn">
<msg time="2024-06-14T18:20:17.310304" level="INFO">username</msg>
<arg>${keyTwo}</arg>
<doc>Logs the given message with the given level.</doc>
<status status="PASS" start="2024-06-14T18:20:17.310181" elapsed="0.000159"/>
</kw>
<var name="${keyTwo}">username</var>
<status status="PASS" start="2024-06-14T18:20:17.308915" elapsed="0.001646"/>
</iter>
<iter>
<kw name="Dictionary Should Contain Key" owner="Collections">
<arg>${json_data['results'][0]['login']}</arg>
<arg>${keyTwo}</arg>
<doc>Fails if ``key`` is not found from ``dictionary``.</doc>
<status status="PASS" start="2024-06-14T18:20:17.310844" elapsed="0.000371"/>
</kw>
<kw name="Dictionary Should Contain Key" owner="Collections">
<arg>${json_data['results'][0]['login']}</arg>
<arg>${keyTwo}</arg>
<doc>Fails if ``key`` is not found from ``dictionary``.</doc>
<status status="PASS" start="2024-06-14T18:20:17.311389" elapsed="0.000367"/>
</kw>
<kw name="Log" owner="BuiltIn">
<msg time="2024-06-14T18:20:17.312044" level="INFO">password</msg>
<arg>${keyTwo}</arg>
<doc>Logs the given message with the given level.</doc>
<status status="PASS" start="2024-06-14T18:20:17.311929" elapsed="0.000151"/>
</kw>
<var name="${keyTwo}">password</var>
<status status="PASS" start="2024-06-14T18:20:17.310737" elapsed="0.001563"/>
</iter>
<var>${keyTwo}</var>
<value>@{expected_keysTwo}</value>
<status status="PASS" start="2024-06-14T18:20:17.308765" elapsed="0.003655"/>
</for>
<status status="PASS" start="2024-06-14T18:20:17.183573" elapsed="0.128987"/>
</kw>
<doc>Testa a estrutura da resposta da API.</doc>
<tag>testeEstruturaResposta</tag>
<status status="PASS" start="2024-06-14T18:20:17.182694" elapsed="0.130024"/>
</test>
<test id="s1-s1-t4" name="Validar tipos de dados" line="28">
<kw name="Teste de Tipos de Dados" owner="random-user-service">
<kw name="GET On Session" owner="RequestsLibrary">
<msg time="2024-06-14T18:20:17.382026" level="INFO">GET Request : url=https://randomuser.me/api 
 path_url=/api 
 headers={'User-Agent': 'python-requests/2.32.3', 'Accept-Encoding': 'gzip, deflate', 'Accept': '*/*', 'Connection': 'keep-alive'} 
 body=None 
 </msg>
<msg time="2024-06-14T18:20:17.382155" level="INFO">GET Response : url=https://randomuser.me/api 
 status=200, reason=OK 
 headers={'Date': 'Fri, 14 Jun 2024 18:20:17 GMT', 'Content-Type': 'application/json; charset=utf-8', 'Transfer-Encoding': 'chunked', 'Connection': 'keep-alive', 'X-Powered-By': 'Express', 'Access-Control-Allow-Origin': '*', 'Cache-Control': 'no-cache', 'ETag': 'W/"4a0-kvBPpkGY/810dmQg+u2j3t7KFz0"', 'Vary': 'Accept-Encoding', 'Content-Encoding': 'gzip', 'CF-Cache-Status': 'DYNAMIC', 'Report-To': '{"endpoints":[{"url":"https:\\/\\/a.nel.cloudflare.com\\/report\\/v4?s=i%2B4y%2Foo5%2BUaqfKN7SnND%2BShCgmWpTwRupw211mn%2FPkAqSNZDYPUU5deeaYEiDPmwEAFMhQyIOXxuA0Q4SOIs0lxu8pFSrBuPnG3njI4G823Si%2F7fWfgJrAbOYMfNNw3L"}],"group":"cf-nel","max_age":604800}', 'NEL': '{"success_fraction":0,"report_to":"cf-nel","max_age":604800}', 'Server': 'cloudflare', 'CF-RAY': '893c55603aa843df-EWR', 'alt-svc': 'h3=":443"; ma=86400'} 
 body={"results":[{"gender":"female","name":{"title":"Miss","first":"Emma","last":"Caldwell"},"location":{"street":{"number":8835,"name":"Spring St"},"city":"Philadelphia","state":"Connecticut","country":"United States","postcode":78756,"coordinates":{"latitude":"89.5968","longitude":"14.2810"},"timezone":{"offset":"+4:00","description":"Abu Dhabi, Muscat, Baku, Tbilisi"}},"email":"emma.caldwell@example.com","login":{"uuid":"4109eca2-c515-48bb-993c-aca0ac1f7291","username":"silvermouse821","password":"chelle","salt":"ugwITR1J","md5":"1da3b01976cdf54d6f7415480af98994","sha1":"d30d2da170a51b19ca1f35cfa35e611c3fd11bcb","sha256":"d4ebac4eb48b343c3d61924368f7e672873943c3e86395a78e40e209d66dab6b"},"dob":{"date":"1980-11-12T11:37:13.057Z","age":43},"registered":{"date":"2002-12-07T12:38:51.552Z","age":21},"phone":"(819) 516-0178","cell":"(918) 444-0091","id":{"name":"SSN","value":"537-86-4441"},"picture":{"large":"https://randomuser.me/api/portraits/women/63.jpg","medium":"https://randomuser.me/api/portraits/med/women/63.jpg","thumbnail":"https://randomuser.me/api/portraits/thumb/women/63.jpg"},"nat":"US"}],"info":{"seed":"013775b6e7a57652","results":1,"page":1,"version":"1.4"}} 
 </msg>
<msg time="2024-06-14T18:20:17.382237" level="INFO">/opt/hostedtoolcache/Python/3.12.3/x64/lib/python3.12/site-packages/urllib3/connectionpool.py:1103: InsecureRequestWarning: Unverified HTTPS request is being made to host 'randomuser.me'. Adding certificate verification is strongly advised. See: https://urllib3.readthedocs.io/en/latest/advanced-usage.html#tls-warnings
  warnings.warn(</msg>
<msg time="2024-06-14T18:20:17.382355" level="INFO">${response} = &lt;Response [200]&gt;</msg>
<var>${response}</var>
<arg>consultarAPI</arg>
<arg>/api</arg>
<doc>Sends a GET request on a previously created HTTP Session.</doc>
<status status="PASS" start="2024-06-14T18:20:17.315398" elapsed="0.066997"/>
</kw>
<kw name="Set Variable" owner="BuiltIn">
<msg time="2024-06-14T18:20:17.383652" level="INFO">${json_data} = {'results': [{'gender': 'female', 'name': {'title': 'Miss', 'first': 'Emma', 'last': 'Caldwell'}, 'location': {'street': {'number': 8835, 'name': 'Spring St'}, 'city': 'Philadelphia', 'state': 'Connec...</msg>
<var>${json_data}</var>
<arg>${response.json()}</arg>
<doc>Returns the given values which can then be assigned to a variables.</doc>
<status status="PASS" start="2024-06-14T18:20:17.383002" elapsed="0.000679"/>
</kw>
<kw name="Log" owner="BuiltIn">
<msg time="2024-06-14T18:20:17.384169" level="INFO">{'results': [{'gender': 'female', 'name': {'title': 'Miss', 'first': 'Emma', 'last': 'Caldwell'}, 'location': {'street': {'number': 8835, 'name': 'Spring St'}, 'city': 'Philadelphia', 'state': 'Connecticut', 'country': 'United States', 'postcode': 78756, 'coordinates': {'latitude': '89.5968', 'longitude': '14.2810'}, 'timezone': {'offset': '+4:00', 'description': 'Abu Dhabi, Muscat, Baku, Tbilisi'}}, 'email': 'emma.caldwell@example.com', 'login': {'uuid': '4109eca2-c515-48bb-993c-aca0ac1f7291', 'username': 'silvermouse821', 'password': 'chelle', 'salt': 'ugwITR1J', 'md5': '1da3b01976cdf54d6f7415480af98994', 'sha1': 'd30d2da170a51b19ca1f35cfa35e611c3fd11bcb', 'sha256': 'd4ebac4eb48b343c3d61924368f7e672873943c3e86395a78e40e209d66dab6b'}, 'dob': {'date': '1980-11-12T11:37:13.057Z', 'age': 43}, 'registered': {'date': '2002-12-07T12:38:51.552Z', 'age': 21}, 'phone': '(819) 516-0178', 'cell': '(918) 444-0091', 'id': {'name': 'SSN', 'value': '537-86-4441'}, 'picture': {'large': 'https://randomuser.me/api/portraits/women/63.jpg', 'medium': 'https://randomuser.me/api/portraits/med/women/63.jpg', 'thumbnail': 'https://randomuser.me/api/portraits/thumb/women/63.jpg'}, 'nat': 'US'}], 'info': {'seed': '013775b6e7a57652', 'results': 1, 'page': 1, 'version': '1.4'}}</msg>
<arg>${json_data}</arg>
<doc>Logs the given message with the given level.</doc>
<status status="PASS" start="2024-06-14T18:20:17.384010" elapsed="0.000214"/>
</kw>
<kw name="Should Be String" owner="String">
<arg>${json_data['results'][0]['gender']}</arg>
<doc>Fails if the given ``item`` is not a string.</doc>
<status status="PASS" start="2024-06-14T18:20:17.384557" elapsed="0.000360"/>
</kw>
<kw name="Should Match Regexp" owner="BuiltIn">
<arg>${json_data['results'][0]['email']}</arg>
<arg>^[a-zA-Z0-9._%+-]+@[a-zA-Z0-9.-]+\.[a-zA-Z]{2,}$</arg>
<doc>Fails if ``string`` does not match ``pattern`` as a regular expression.</doc>
<status status="PASS" start="2024-06-14T18:20:17.385108" elapsed="0.000516"/>
</kw>
<kw name="Should Match Regexp" owner="BuiltIn">
<arg>${json_data['results'][0]['dob']['date']}</arg>
<arg>\\d{4}-\\d{2}-\\d{2}T\\d{2}:\\d{2}:\\d{2}\\.\\d{3}Z</arg>
<doc>Fails if ``string`` does not match ``pattern`` as a regular expression.</doc>
<status status="PASS" start="2024-06-14T18:20:17.385821" elapsed="0.000535"/>
</kw>
<kw name="Should Match Regexp" owner="BuiltIn">
<arg>${json_data['results'][0]['registered']['date']}</arg>
<arg>\\d{4}-\\d{2}-\\d{2}T\\d{2}:\\d{2}:\\d{2}\\.\\d{3}Z</arg>
<doc>Fails if ``string`` does not match ``pattern`` as a regular expression.</doc>
<status status="PASS" start="2024-06-14T18:20:17.386550" elapsed="0.000374"/>
</kw>
<kw name="Should Match Regexp" owner="BuiltIn">
<arg>${json_data['results'][0]['picture']['large']}</arg>
<arg>^https?://.*\.(?:png|jpe?g|gif|bmp)$</arg>
<doc>Fails if ``string`` does not match ``pattern`` as a regular expression.</doc>
<status status="PASS" start="2024-06-14T18:20:17.387109" elapsed="0.000468"/>
</kw>
<kw name="Should Match Regexp" owner="BuiltIn">
<arg>${json_data['results'][0]['picture']['medium']}</arg>
<arg>^https?://.*\.(?:png|jpe?g|gif|bmp)$</arg>
<doc>Fails if ``string`` does not match ``pattern`` as a regular expression.</doc>
<status status="PASS" start="2024-06-14T18:20:17.387764" elapsed="0.000357"/>
</kw>
<kw name="Should Match Regexp" owner="BuiltIn">
<arg>${json_data['results'][0]['picture']['thumbnail']}</arg>
<arg>^https?://.*\.(?:png|jpe?g|gif|bmp)$</arg>
<doc>Fails if ``string`` does not match ``pattern`` as a regular expression.</doc>
<status status="PASS" start="2024-06-14T18:20:17.388314" elapsed="0.000356"/>
</kw>
<kw name="Log" owner="BuiltIn">
<msg time="2024-06-14T18:20:17.389174" level="INFO">{'large': 'https://randomuser.me/api/portraits/women/63.jpg', 'medium': 'https://randomuser.me/api/portraits/med/women/63.jpg', 'thumbnail': 'https://randomuser.me/api/portraits/thumb/women/63.jpg'}</msg>
<arg>${json_data['results'][0]['picture']}</arg>
<doc>Logs the given message with the given level.</doc>
<status status="PASS" start="2024-06-14T18:20:17.388850" elapsed="0.000366"/>
</kw>
<status status="PASS" start="2024-06-14T18:20:17.315165" elapsed="0.074309"/>
</kw>
<kw name="Teste de Tipos de Dados - Postcode" owner="random-user-service">
<kw name="GET On Session" owner="RequestsLibrary">
<msg time="2024-06-14T18:20:17.526806" level="INFO">GET Request : url=https://randomuser.me/api 
 path_url=/api 
 headers={'User-Agent': 'python-requests/2.32.3', 'Accept-Encoding': 'gzip, deflate', 'Accept': '*/*', 'Connection': 'keep-alive'} 
 body=None 
 </msg>
<msg time="2024-06-14T18:20:17.526894" level="INFO">GET Response : url=https://randomuser.me/api 
 status=200, reason=OK 
 headers={'Date': 'Fri, 14 Jun 2024 18:20:17 GMT', 'Content-Type': 'application/json; charset=utf-8', 'Transfer-Encoding': 'chunked', 'Connection': 'keep-alive', 'X-Powered-By': 'Express', 'Access-Control-Allow-Origin': '*', 'Cache-Control': 'no-cache', 'ETag': 'W/"497-Fed3OuStmcdYqoifeOA1efsQhtw"', 'Vary': 'Accept-Encoding', 'Content-Encoding': 'gzip', 'CF-Cache-Status': 'DYNAMIC', 'Report-To': '{"endpoints":[{"url":"https:\\/\\/a.nel.cloudflare.com\\/report\\/v4?s=P%2B6tLckA%2Bz4tK1whPwnyjcCP8OE%2BkQxdTwt1Rxx3LKADODVXcVl%2F6wYudgsbsgLsC8XJBM72EiaS4ZV26oRw5hSE3ufGiXWLjkFC3cDoKJspn%2BtFROWOnuDVgYYRTK6i"}],"group":"cf-nel","max_age":604800}', 'NEL': '{"success_fraction":0,"report_to":"cf-nel","max_age":604800}', 'Server': 'cloudflare', 'CF-RAY': '893c5560bb4a43df-EWR', 'alt-svc': 'h3=":443"; ma=86400'} 
 body={"results":[{"gender":"male","name":{"title":"Mr","first":"Mahé","last":"Rodriguez"},"location":{"street":{"number":7129,"name":"Rue Abel-Gance"},"city":"Tourcoing","state":"Oise","country":"France","postcode":43534,"coordinates":{"latitude":"-19.7511","longitude":"-2.2080"},"timezone":{"offset":"+3:00","description":"Baghdad, Riyadh, Moscow, St. Petersburg"}},"email":"mahe.rodriguez@example.com","login":{"uuid":"9e8b5eb5-9800-4539-bd59-c900d3a13198","username":"goldenlion808","password":"sixty","salt":"LFbctnK7","md5":"7d18be1f7315d90ef20013d3d791d8ce","sha1":"e6f1248c253778ebc8de4313a12d250efb5d6494","sha256":"5bcbf5e54ca613aa09d041dc16f4f0ab8a5d7e60b56bc1f84339a8e3402d332d"},"dob":{"date":"1979-10-27T16:57:40.430Z","age":44},"registered":{"date":"2003-03-24T06:49:04.866Z","age":21},"phone":"05-26-11-06-51","cell":"06-18-73-68-71","id":{"name":"INSEE","value":"1790969228525 90"},"picture":{"large":"https://randomuser.me/api/portraits/men/0.jpg","medium":"https://randomuser.me/api/portraits/med/men/0.jpg","thumbnail":"https://randomuser.me/api/portraits/thumb/men/0.jpg"},"nat":"FR"}],"info":{"seed":"f7907574be7bd28f","results":1,"page":1,"version":"1.4"}} 
 </msg>
<msg time="2024-06-14T18:20:17.526992" level="INFO">/opt/hostedtoolcache/Python/3.12.3/x64/lib/python3.12/site-packages/urllib3/connectionpool.py:1103: InsecureRequestWarning: Unverified HTTPS request is being made to host 'randomuser.me'. Adding certificate verification is strongly advised. See: https://urllib3.readthedocs.io/en/latest/advanced-usage.html#tls-warnings
  warnings.warn(</msg>
<msg time="2024-06-14T18:20:17.527112" level="INFO">${response} = &lt;Response [200]&gt;</msg>
<var>${response}</var>
<arg>consultarAPI</arg>
<arg>/api</arg>
<doc>Sends a GET request on a previously created HTTP Session.</doc>
<status status="PASS" start="2024-06-14T18:20:17.389936" elapsed="0.137228"/>
</kw>
<kw name="Set Variable" owner="BuiltIn">
<msg time="2024-06-14T18:20:17.528125" level="INFO">${json_data} = {'results': [{'gender': 'male', 'name': {'title': 'Mr', 'first': 'Mahé', 'last': 'Rodriguez'}, 'location': {'street': {'number': 7129, 'name': 'Rue Abel-Gance'}, 'city': 'Tourcoing', 'state': 'Oise', ...</msg>
<var>${json_data}</var>
<arg>${response.json()}</arg>
<doc>Returns the given values which can then be assigned to a variables.</doc>
<status status="PASS" start="2024-06-14T18:20:17.527653" elapsed="0.000501"/>
</kw>
<kw name="Log" owner="BuiltIn">
<msg time="2024-06-14T18:20:17.528610" level="INFO">{'results': [{'gender': 'male', 'name': {'title': 'Mr', 'first': 'Mahé', 'last': 'Rodriguez'}, 'location': {'street': {'number': 7129, 'name': 'Rue Abel-Gance'}, 'city': 'Tourcoing', 'state': 'Oise', 'country': 'France', 'postcode': 43534, 'coordinates': {'latitude': '-19.7511', 'longitude': '-2.2080'}, 'timezone': {'offset': '+3:00', 'description': 'Baghdad, Riyadh, Moscow, St. Petersburg'}}, 'email': 'mahe.rodriguez@example.com', 'login': {'uuid': '9e8b5eb5-9800-4539-bd59-c900d3a13198', 'username': 'goldenlion808', 'password': 'sixty', 'salt': 'LFbctnK7', 'md5': '7d18be1f7315d90ef20013d3d791d8ce', 'sha1': 'e6f1248c253778ebc8de4313a12d250efb5d6494', 'sha256': '5bcbf5e54ca613aa09d041dc16f4f0ab8a5d7e60b56bc1f84339a8e3402d332d'}, 'dob': {'date': '1979-10-27T16:57:40.430Z', 'age': 44}, 'registered': {'date': '2003-03-24T06:49:04.866Z', 'age': 21}, 'phone': '05-26-11-06-51', 'cell': '06-18-73-68-71', 'id': {'name': 'INSEE', 'value': '1790969228525 90'}, 'picture': {'large': 'https://randomuser.me/api/portraits/men/0.jpg', 'medium': 'https://randomuser.me/api/portraits/med/men/0.jpg', 'thumbnail': 'https://randomuser.me/api/portraits/thumb/men/0.jpg'}, 'nat': 'FR'}], 'info': {'seed': 'f7907574be7bd28f', 'results': 1, 'page': 1, 'version': '1.4'}}</msg>
<arg>${json_data}</arg>
<doc>Logs the given message with the given level.</doc>
<status status="PASS" start="2024-06-14T18:20:17.528455" elapsed="0.000202"/>
</kw>
<kw name="Should Be Equal As Numbers" owner="BuiltIn">
<arg>${json_data['results'][0]['location']['postcode']}</arg>
<arg>${json_data['results'][0]['location']['postcode']}</arg>
<doc>Fails if objects are unequal after converting them to real numbers.</doc>
<status status="PASS" start="2024-06-14T18:20:17.528951" elapsed="0.000619"/>
</kw>
<kw name="Log" owner="BuiltIn">
<msg time="2024-06-14T18:20:17.530171" level="INFO">43534</msg>
<arg>${json_data['results'][0]['location']['postcode']}</arg>
<doc>Logs the given message with the given level.</doc>
<status status="PASS" start="2024-06-14T18:20:17.529794" elapsed="0.000427"/>
</kw>
<status status="PASS" start="2024-06-14T18:20:17.389700" elapsed="0.140776"/>
</kw>
<doc>Testa se os tipos de dados na resposta da API estão corretos.</doc>
<tag>testeTiposDados</tag>
<status status="PASS" start="2024-06-14T18:20:17.314598" elapsed="0.216044"/>
</test>
<test id="s1-s1-t5" name="Validar conteudo" line="35">
<kw name="Teste de Tipos de Conteudo" owner="random-user-service">
<kw name="GET On Session" owner="RequestsLibrary">
<msg time="2024-06-14T18:20:17.595978" level="INFO">GET Request : url=https://randomuser.me/api 
 path_url=/api 
 headers={'User-Agent': 'python-requests/2.32.3', 'Accept-Encoding': 'gzip, deflate', 'Accept': '*/*', 'Connection': 'keep-alive'} 
 body=None 
 </msg>
<msg time="2024-06-14T18:20:17.596041" level="INFO">GET Response : url=https://randomuser.me/api 
 status=200, reason=OK 
 headers={'Date': 'Fri, 14 Jun 2024 18:20:17 GMT', 'Content-Type': 'application/json; charset=utf-8', 'Transfer-Encoding': 'chunked', 'Connection': 'keep-alive', 'X-Powered-By': 'Express', 'Access-Control-Allow-Origin': '*', 'Cache-Control': 'no-cache', 'ETag': 'W/"487-miRINH6skOPMN/ki7+cdYB2vgZM"', 'Vary': 'Accept-Encoding', 'Content-Encoding': 'gzip', 'CF-Cache-Status': 'DYNAMIC', 'Report-To': '{"endpoints":[{"url":"https:\\/\\/a.nel.cloudflare.com\\/report\\/v4?s=%2FKDxCnF8d0yLNagdjCFiD9NUaOPDPTKFMKZakdaxzBTyGIRHFmWrJ4lgZM%2FQXUIv3gWPmhdefnTpYq1Zu61Sbdl1b%2FSFM3RVjss78gzdzmF0f4Nd4SUfKgjUx3qfJqhO"}],"group":"cf-nel","max_age":604800}', 'NEL': '{"success_fraction":0,"report_to":"cf-nel","max_age":604800}', 'Server': 'cloudflare', 'CF-RAY': '893c55619c8a43df-EWR', 'alt-svc': 'h3=":443"; ma=86400'} 
 body={"results":[{"gender":"female","name":{"title":"Ms","first":"Elli","last":"Pulli"},"location":{"street":{"number":8368,"name":"Aleksanterinkatu"},"city":"Kuhmoinen","state":"Uusimaa","country":"Finland","postcode":66186,"coordinates":{"latitude":"-21.8968","longitude":"131.7339"},"timezone":{"offset":"-11:00","description":"Midway Island, Samoa"}},"email":"elli.pulli@example.com","login":{"uuid":"2bf0d05f-9d34-4adc-8e44-e4baffb60ccd","username":"crazywolf356","password":"daman","salt":"YlsN3Xc3","md5":"5c6eebf354b3984836f05aa5c5bfb1cd","sha1":"5e24f774a5dff88fc3100d43889f757ae5974d83","sha256":"7370218b0ba8f17e065ba65ec62092c33b815f885556cf7e452203d4fcd5f44a"},"dob":{"date":"1985-06-10T13:42:25.696Z","age":39},"registered":{"date":"2015-12-31T22:09:35.260Z","age":8},"phone":"09-630-778","cell":"044-920-70-38","id":{"name":"HETU","value":"NaNNA554undefined"},"picture":{"large":"https://randomuser.me/api/portraits/women/91.jpg","medium":"https://randomuser.me/api/portraits/med/women/91.jpg","thumbnail":"https://randomuser.me/api/portraits/thumb/women/91.jpg"},"nat":"FI"}],"info":{"seed":"dcbf28159ff59843","results":1,"page":1,"version":"1.4"}} 
 </msg>
<msg time="2024-06-14T18:20:17.596100" level="INFO">/opt/hostedtoolcache/Python/3.12.3/x64/lib/python3.12/site-packages/urllib3/connectionpool.py:1103: InsecureRequestWarning: Unverified HTTPS request is being made to host 'randomuser.me'. Adding certificate verification is strongly advised. See: https://urllib3.readthedocs.io/en/latest/advanced-usage.html#tls-warnings
  warnings.warn(</msg>
<msg time="2024-06-14T18:20:17.596199" level="INFO">${response} = &lt;Response [200]&gt;</msg>
<var>${response}</var>
<arg>consultarAPI</arg>
<arg>/api</arg>
<doc>Sends a GET request on a previously created HTTP Session.</doc>
<status status="PASS" start="2024-06-14T18:20:17.533151" elapsed="0.063091"/>
</kw>
<kw name="Set Variable" owner="BuiltIn">
<msg time="2024-06-14T18:20:17.597312" level="INFO">${json_data} = {'results': [{'gender': 'female', 'name': {'title': 'Ms', 'first': 'Elli', 'last': 'Pulli'}, 'location': {'street': {'number': 8368, 'name': 'Aleksanterinkatu'}, 'city': 'Kuhmoinen', 'state': 'Uusimaa...</msg>
<var>${json_data}</var>
<arg>${response.json()}</arg>
<doc>Returns the given values which can then be assigned to a variables.</doc>
<status status="PASS" start="2024-06-14T18:20:17.596732" elapsed="0.000610"/>
</kw>
<kw name="Set Variable" owner="BuiltIn">
<msg time="2024-06-14T18:20:17.598018" level="INFO">${name_title} = Ms</msg>
<var>${name_title}</var>
<arg>${json_data["results"][0]["name"]["title"]}</arg>
<doc>Returns the given values which can then be assigned to a variables.</doc>
<status status="PASS" start="2024-06-14T18:20:17.597644" elapsed="0.000400"/>
</kw>
<kw name="Create List" owner="BuiltIn">
<msg time="2024-06-14T18:20:17.598521" level="INFO">${allowed_titles} = ['Mr', 'Ms', 'Miss', 'Mrs', 'Madame', 'Monsieur']</msg>
<var>${allowed_titles}</var>
<arg>Mr</arg>
<arg>Ms</arg>
<arg>Miss</arg>
<arg>Mrs</arg>
<arg>Madame</arg>
<arg>Monsieur</arg>
<doc>Returns a list containing given items.</doc>
<status status="PASS" start="2024-06-14T18:20:17.598374" elapsed="0.000171"/>
</kw>
<kw name="List Should Contain Value" owner="Collections">
<arg>${allowed_titles}</arg>
<arg>${name_title}</arg>
<doc>Fails if the ``value`` is not found from ``list``.</doc>
<status status="PASS" start="2024-06-14T18:20:17.598848" elapsed="0.000182"/>
</kw>
<kw name="Set Variable" owner="BuiltIn">
<msg time="2024-06-14T18:20:17.599567" level="INFO">${name_country} = FI</msg>
<var>${name_country}</var>
<arg>${json_data["results"][0]["nat"]}</arg>
<doc>Returns the given values which can then be assigned to a variables.</doc>
<status status="PASS" start="2024-06-14T18:20:17.599207" elapsed="0.000384"/>
</kw>
<kw name="Create List" owner="BuiltIn">
<msg time="2024-06-14T18:20:17.600475" level="INFO">${list_country} = ['AD', 'AE', 'AF', 'AG', 'AI', 'AL', 'AM', 'AO', 'AQ', 'AR', 'AS', 'AT', 'AU', 'AW', 'AX', 'AZ', 'BA', 'BB', 'BD', 'BE', 'BF', 'BG', 'BH', 'BI', 'BJ', 'BL', 'BM', 'BN', 'BO', 'BQ', 'BR', 'BS', 'BT', '...</msg>
<var>${list_country}</var>
<arg>AD</arg>
<arg>AE</arg>
<arg>AF</arg>
<arg>AG</arg>
<arg>AI</arg>
<arg>AL</arg>
<arg>AM</arg>
<arg>AO</arg>
<arg>AQ</arg>
<arg>AR</arg>
<arg>AS</arg>
<arg>AT</arg>
<arg>AU</arg>
<arg>AW</arg>
<arg>AX</arg>
<arg>AZ</arg>
<arg>BA</arg>
<arg>BB</arg>
<arg>BD</arg>
<arg>BE</arg>
<arg>BF</arg>
<arg>BG</arg>
<arg>BH</arg>
<arg>BI</arg>
<arg>BJ</arg>
<arg>BL</arg>
<arg>BM</arg>
<arg>BN</arg>
<arg>BO</arg>
<arg>BQ</arg>
<arg>BR</arg>
<arg>BS</arg>
<arg>BT</arg>
<arg>BV</arg>
<arg>BW</arg>
<arg>BY</arg>
<arg>BZ</arg>
<arg>CA</arg>
<arg>CC</arg>
<arg>CD</arg>
<arg>CF</arg>
<arg>CG</arg>
<arg>CH</arg>
<arg>CI</arg>
<arg>CK</arg>
<arg>CL</arg>
<arg>CM</arg>
<arg>CN</arg>
<arg>CO</arg>
<arg>CR</arg>
<arg>CU</arg>
<arg>CV</arg>
<arg>CW</arg>
<arg>CX</arg>
<arg>CY</arg>
<arg>CZ</arg>
<arg>DE</arg>
<arg>DJ</arg>
<arg>DK</arg>
<arg>DM</arg>
<arg>DO</arg>
<arg>DZ</arg>
<arg>EC</arg>
<arg>EE</arg>
<arg>EG</arg>
<arg>EH</arg>
<arg>ER</arg>
<arg>ES</arg>
<arg>ET</arg>
<arg>FI</arg>
<arg>FJ</arg>
<arg>FK</arg>
<arg>FM</arg>
<arg>FO</arg>
<arg>FR</arg>
<arg>GA</arg>
<arg>GB</arg>
<arg>GD</arg>
<arg>GE</arg>
<arg>GF</arg>
<arg>GG</arg>
<arg>GH</arg>
<arg>GI</arg>
<arg>GL</arg>
<arg>GM</arg>
<arg>GN</arg>
<arg>GP</arg>
<arg>GQ</arg>
<arg>GR</arg>
<arg>GS</arg>
<arg>GT</arg>
<arg>GU</arg>
<arg>GW</arg>
<arg>GY</arg>
<arg>HK</arg>
<arg>HM</arg>
<arg>HN</arg>
<arg>HR</arg>
<arg>HT</arg>
<arg>HU</arg>
<arg>ID</arg>
<arg>IE</arg>
<arg>IL</arg>
<arg>IM</arg>
<arg>IN</arg>
<arg>IO</arg>
<arg>IQ</arg>
<arg>IR</arg>
<arg>IS</arg>
<arg>IT</arg>
<arg>JE</arg>
<arg>JM</arg>
<arg>JO</arg>
<arg>JP</arg>
<arg>KE</arg>
<arg>KG</arg>
<arg>KH</arg>
<arg>KI</arg>
<arg>KM</arg>
<arg>KN</arg>
<arg>KP</arg>
<arg>KR</arg>
<arg>KW</arg>
<arg>KY</arg>
<arg>KZ</arg>
<arg>LA</arg>
<arg>LB</arg>
<arg>LC</arg>
<arg>LI</arg>
<arg>LK</arg>
<arg>LR</arg>
<arg>LS</arg>
<arg>LT</arg>
<arg>LU</arg>
<arg>LV</arg>
<arg>LY</arg>
<arg>MA</arg>
<arg>MC</arg>
<arg>MD</arg>
<arg>ME</arg>
<arg>MF</arg>
<arg>MG</arg>
<arg>MH</arg>
<arg>MK</arg>
<arg>ML</arg>
<arg>MM</arg>
<arg>MN</arg>
<arg>MO</arg>
<arg>MP</arg>
<arg>MQ</arg>
<arg>MR</arg>
<arg>MS</arg>
<arg>MT</arg>
<arg>MU</arg>
<arg>MV</arg>
<arg>MW</arg>
<arg>MX</arg>
<arg>MY</arg>
<arg>MZ</arg>
<arg>NA</arg>
<arg>NC</arg>
<arg>NE</arg>
<arg>NF</arg>
<arg>NG</arg>
<arg>NI</arg>
<arg>NL</arg>
<arg>NO</arg>
<arg>NP</arg>
<arg>NR</arg>
<arg>NU</arg>
<arg>NZ</arg>
<arg>OM</arg>
<arg>PA</arg>
<arg>PE</arg>
<arg>PF</arg>
<arg>PG</arg>
<arg>PH</arg>
<arg>PK</arg>
<arg>PL</arg>
<arg>PM</arg>
<arg>PN</arg>
<arg>PR</arg>
<arg>PS</arg>
<arg>PT</arg>
<arg>PW</arg>
<arg>PY</arg>
<arg>QA</arg>
<arg>RE</arg>
<arg>RO</arg>
<arg>RS</arg>
<arg>RU</arg>
<arg>RW</arg>
<arg>SA</arg>
<arg>SB</arg>
<arg>SC</arg>
<arg>SD</arg>
<arg>SE</arg>
<arg>SG</arg>
<arg>SH</arg>
<arg>SI</arg>
<arg>SJ</arg>
<arg>SK</arg>
<arg>SL</arg>
<arg>SM</arg>
<arg>SN</arg>
<arg>SO</arg>
<arg>SR</arg>
<arg>SS</arg>
<arg>ST</arg>
<arg>SV</arg>
<arg>SX</arg>
<arg>SY</arg>
<arg>SZ</arg>
<arg>TC</arg>
<arg>TD</arg>
<arg>TF</arg>
<arg>TG</arg>
<arg>TH</arg>
<arg>TJ</arg>
<arg>TK</arg>
<arg>TL</arg>
<arg>TM</arg>
<arg>TN</arg>
<arg>TO</arg>
<arg>TR</arg>
<arg>TT</arg>
<arg>TV</arg>
<arg>TW</arg>
<arg>TZ</arg>
<arg>UA</arg>
<arg>UG</arg>
<arg>UM</arg>
<arg>US</arg>
<arg>UY</arg>
<arg>UZ</arg>
<arg>VA</arg>
<arg>VC</arg>
<arg>VE</arg>
<arg>VG</arg>
<arg>VI</arg>
<arg>VN</arg>
<arg>VU</arg>
<arg>WF</arg>
<arg>WS</arg>
<arg>XK</arg>
<arg>YE</arg>
<arg>YT</arg>
<arg>ZA</arg>
<arg>ZM</arg>
<arg>ZW</arg>
<doc>Returns a list containing given items.</doc>
<status status="PASS" start="2024-06-14T18:20:17.599882" elapsed="0.000618"/>
</kw>
<kw name="List Should Contain Value" owner="Collections">
<arg>${list_country}</arg>
<arg>${name_country}</arg>
<doc>Fails if the ``value`` is not found from ``list``.</doc>
<status status="PASS" start="2024-06-14T18:20:17.601291" elapsed="0.000202"/>
</kw>
<kw name="Run Keyword If" owner="BuiltIn">
<kw name="Should Be True" owner="BuiltIn">
<arg>${True}</arg>
<doc>Fails if the given condition is not true.</doc>
<status status="PASS" start="2024-06-14T18:20:17.602586" elapsed="0.000144"/>
</kw>
<arg>${json_data["results"][0]["location"]["coordinates"]["latitude"]} &gt;= -90 and ${json_data["results"][0]["location"]["coordinates"]["latitude"]} &lt;= 90</arg>
<arg>Should Be True</arg>
<arg>${True}</arg>
<doc>Runs the given keyword with the given arguments, if ``condition`` is true.</doc>
<status status="PASS" start="2024-06-14T18:20:17.601687" elapsed="0.001169"/>
</kw>
<kw name="Run Keyword If" owner="BuiltIn">
<kw name="Should Be True" owner="BuiltIn">
<arg>${True}</arg>
<doc>Fails if the given condition is not true.</doc>
<status status="PASS" start="2024-06-14T18:20:17.603717" elapsed="0.000135"/>
</kw>
<arg>${json_data["results"][0]["location"]["coordinates"]["longitude"]} &gt;= -180 and ${json_data["results"][0]["location"]["coordinates"]["longitude"]} &lt;= 180</arg>
<arg>Should Be True</arg>
<arg>${True}</arg>
<doc>Runs the given keyword with the given arguments, if ``condition`` is true.</doc>
<status status="PASS" start="2024-06-14T18:20:17.603034" elapsed="0.000938"/>
</kw>
<status status="PASS" start="2024-06-14T18:20:17.532932" elapsed="0.071170"/>
</kw>
<doc>Testa o conteúdo específico dos campos retornados pela API.</doc>
<tag>testeConteudo</tag>
<status status="PASS" start="2024-06-14T18:20:17.532389" elapsed="0.071858"/>
</test>
<status status="PASS" start="2024-06-14T18:20:16.752313" elapsed="0.853919"/>
</suite>
<status status="PASS" start="2024-06-14T18:20:16.737678" elapsed="0.873629"/>
</suite>
<statistics>
<total>
<stat pass="5" fail="0" skip="0">All Tests</stat>
</total>
<tag>
<stat pass="1" fail="0" skip="0">testeConteudo</stat>
<stat pass="1" fail="0" skip="0">testeEstruturaResposta</stat>
<stat pass="1" fail="0" skip="0">testeRequisicaoBasica</stat>
<stat pass="1" fail="0" skip="0">testeTiposDados</stat>
</tag>
<suite>
<stat pass="5" fail="0" skip="0" id="s1" name="Tests">Tests</stat>
<stat pass="5" fail="0" skip="0" id="s1-s1" name="Random-User-Test">Tests.Random-User-Test</stat>
</suite>
</statistics>
<errors>
</errors>
</robot>
