<?xml version="1.0" encoding="UTF-8"?>
<robot generator="Robot 7.0 (Python 3.12.3 on linux)" generated="2024-05-05T14:12:49.047850" rpa="false" schemaversion="5">
<suite id="s1" name="Tests" source="/home/runner/work/DesafioQAItauRogerioJordao/DesafioQAItauRogerioJordao/RamdonUser/tests">
<suite id="s1-s1" name="Random-User-Test" source="/home/runner/work/DesafioQAItauRogerioJordao/DesafioQAItauRogerioJordao/RamdonUser/tests/random-user-test.robot">
<test id="s1-s1-t1" name="Conectar" line="13">
<kw name="Conectar API" owner="random-user-service">
<kw name="Create Session" owner="RequestsLibrary">
<msg time="2024-05-05T14:12:49.432401" level="INFO">Creating Session using : alias=consultarAPI, url=https://randomuser.me/, headers={},                     cookies={}, auth=None, timeout=None, proxies=None, verify=False,                     debug=0 </msg>
<arg>consultarAPI</arg>
<arg>${URL}</arg>
<doc>Create Session: create a HTTP session to a server</doc>
<status status="PASS" start="2024-05-05T14:12:49.432189" elapsed="0.000390"/>
</kw>
<status status="PASS" start="2024-05-05T14:12:49.431196" elapsed="0.001741"/>
</kw>
<status status="PASS" start="2024-05-05T14:12:49.430604" elapsed="0.002524"/>
</test>
<test id="s1-s1-t2" name="Validar retorno 200 e JSON Válido" line="16">
<kw name="Teste de Requisicao Basica" owner="random-user-service">
<kw name="GET On Session" owner="RequestsLibrary">
<msg time="2024-05-05T14:12:49.614548" level="INFO">GET Request : url=https://randomuser.me/api 
 path_url=/api 
 headers={'User-Agent': 'python-requests/2.31.0', 'Accept-Encoding': 'gzip, deflate', 'Accept': '*/*', 'Connection': 'keep-alive'} 
 body=None 
 </msg>
<msg time="2024-05-05T14:12:49.614707" level="INFO">GET Response : url=https://randomuser.me/api 
 status=200, reason=OK 
 headers={'Date': 'Sun, 05 May 2024 14:12:49 GMT', 'Content-Type': 'application/json; charset=utf-8', 'Transfer-Encoding': 'chunked', 'Connection': 'keep-alive', 'X-Powered-By': 'Express', 'Access-Control-Allow-Origin': '*', 'Cache-Control': 'no-cache', 'ETag': 'W/"4a6-AHZjj2MaRB9+uXlVW6WB6M2xlMc"', 'Vary': 'Accept-Encoding', 'Content-Encoding': 'gzip', 'CF-Cache-Status': 'DYNAMIC', 'Report-To': '{"endpoints":[{"url":"https:\\/\\/a.nel.cloudflare.com\\/report\\/v4?s=yX9Mk2K9A%2F%2FUBzSgeZyN7m8k7h9LgeHJO8A2wxqxsxQbPsgCu9zOBYSFiCaCs6PhZfzJkcag8GpqJDUAvLP8U4abcFzkePYJJAQxSKt%2B9WAoGwd6f0GGhJZqKtoFWqBO"}],"group":"cf-nel","max_age":604800}', 'NEL': '{"success_fraction":0,"report_to":"cf-nel","max_age":604800}', 'Server': 'cloudflare', 'CF-RAY': '87f153e1dff65830-IAD', 'alt-svc': 'h3=":443"; ma=86400'} 
 body={"results":[{"gender":"male","name":{"title":"Mr","first":"Nicolas","last":"Gallardo"},"location":{"street":{"number":8843,"name":"Calle de La Luna"},"city":"Hospitalet de Llobregat","state":"Asturias","country":"Spain","postcode":52190,"coordinates":{"latitude":"-38.5005","longitude":"-27.6506"},"timezone":{"offset":"+3:00","description":"Baghdad, Riyadh, Moscow, St. Petersburg"}},"email":"nicolas.gallardo@example.com","login":{"uuid":"c48e8517-9098-4304-8467-0d3750e571e6","username":"greenladybug153","password":"dodger","salt":"McLIocst","md5":"e5959d12c73e24582bacb075d3c58b7c","sha1":"22a02f9e12220571c1d3619e166ef90f20c5f4da","sha256":"9b916f363792f5bb3921b8056d23ddecf0ab2317329ddec628e0156dcec6be82"},"dob":{"date":"1992-07-10T16:00:05.797Z","age":31},"registered":{"date":"2006-11-21T09:04:24.381Z","age":17},"phone":"930-934-183","cell":"669-517-734","id":{"name":"DNI","value":"29108826-X"},"picture":{"large":"https://randomuser.me/api/portraits/men/47.jpg","medium":"https://randomuser.me/api/portraits/med/men/47.jpg","thumbnail":"https://randomuser.me/api/portraits/thumb/men/47.jpg"},"nat":"ES"}],"info":{"seed":"780f9a5821e93959","results":1,"page":1,"version":"1.4"}} 
 </msg>
<msg time="2024-05-05T14:12:49.614797" level="INFO">/opt/hostedtoolcache/Python/3.12.3/x64/lib/python3.12/site-packages/urllib3/connectionpool.py:1103: InsecureRequestWarning: Unverified HTTPS request is being made to host 'randomuser.me'. Adding certificate verification is strongly advised. See: https://urllib3.readthedocs.io/en/latest/advanced-usage.html#tls-warnings
  warnings.warn(</msg>
<msg time="2024-05-05T14:12:49.614967" level="INFO">${response} = &lt;Response [200]&gt;</msg>
<var>${response}</var>
<arg>consultarAPI</arg>
<arg>/api</arg>
<doc>Sends a GET request on a previously created HTTP Session.</doc>
<status status="PASS" start="2024-05-05T14:12:49.435863" elapsed="0.179154"/>
</kw>
<kw name="Should Be Equal As Numbers" owner="BuiltIn">
<msg time="2024-05-05T14:12:49.616161" level="INFO">Argument types are:
&lt;class 'int'&gt;
&lt;class 'str'&gt;</msg>
<arg>${response.status_code}</arg>
<arg>200</arg>
<doc>Fails if objects are unequal after converting them to real numbers.</doc>
<status status="PASS" start="2024-05-05T14:12:49.615653" elapsed="0.000578"/>
</kw>
<kw name="Log" owner="BuiltIn">
<msg time="2024-05-05T14:12:49.616944" level="INFO">200</msg>
<arg>${response.status_code}</arg>
<doc>Logs the given message with the given level.</doc>
<status status="PASS" start="2024-05-05T14:12:49.616584" elapsed="0.000403"/>
</kw>
<kw name="Set Variable" owner="BuiltIn">
<msg time="2024-05-05T14:12:49.617737" level="INFO">${json_data} = {'results': [{'gender': 'male', 'name': {'title': 'Mr', 'first': 'Nicolas', 'last': 'Gallardo'}, 'location': {'street': {'number': 8843, 'name': 'Calle de La Luna'}, 'city': 'Hospitalet de Llobregat',...</msg>
<var>${json_data}</var>
<arg>${response.json()}</arg>
<doc>Returns the given values which can then be assigned to a variables.</doc>
<status status="PASS" start="2024-05-05T14:12:49.617294" elapsed="0.000471"/>
</kw>
<kw name="Dictionary Should Contain Key" owner="Collections">
<msg time="2024-05-05T14:12:49.618282" level="INFO">False</msg>
<arg>${json_data}</arg>
<arg>results</arg>
<doc>Fails if ``key`` is not found from ``dictionary``.</doc>
<status status="PASS" start="2024-05-05T14:12:49.618069" elapsed="0.000260"/>
</kw>
<status status="PASS" start="2024-05-05T14:12:49.435617" elapsed="0.182974"/>
</kw>
<doc>Testa se a API responde corretamente e retorna um objeto JSON válido.</doc>
<tag>testeRequisicaoBasica</tag>
<status status="PASS" start="2024-05-05T14:12:49.435066" elapsed="0.183706"/>
</test>
<test id="s1-s1-t3" name="Validar estrutura de resposta" line="22">
<kw name="Teste de Estrutura de Resposta" owner="random-user-service">
<kw name="GET On Session" owner="RequestsLibrary">
<msg time="2024-05-05T14:12:49.707177" level="INFO">GET Request : url=https://randomuser.me/api 
 path_url=/api 
 headers={'User-Agent': 'python-requests/2.31.0', 'Accept-Encoding': 'gzip, deflate', 'Accept': '*/*', 'Connection': 'keep-alive'} 
 body=None 
 </msg>
<msg time="2024-05-05T14:12:49.707266" level="INFO">GET Response : url=https://randomuser.me/api 
 status=200, reason=OK 
 headers={'Date': 'Sun, 05 May 2024 14:12:49 GMT', 'Content-Type': 'application/json; charset=utf-8', 'Transfer-Encoding': 'chunked', 'Connection': 'keep-alive', 'X-Powered-By': 'Express', 'Access-Control-Allow-Origin': '*', 'Cache-Control': 'no-cache', 'ETag': 'W/"492-/G87GtXgdMFh5x8LKFxvjcAZ1+s"', 'Vary': 'Accept-Encoding', 'Content-Encoding': 'gzip', 'CF-Cache-Status': 'DYNAMIC', 'Report-To': '{"endpoints":[{"url":"https:\\/\\/a.nel.cloudflare.com\\/report\\/v4?s=F2oEIELbV5NXzALHwmNQ%2BCqFV1rhPKHTIAHof5T42pkVi7WxEa5lwo4hO950QDgjnaluiokT1pkuQkwRJZ6Hln7FySwScb6yAzLLT4kXp2ZLwfxQKUkdhjzmdVRJbfvo"}],"group":"cf-nel","max_age":604800}', 'NEL': '{"success_fraction":0,"report_to":"cf-nel","max_age":604800}', 'Server': 'cloudflare', 'CF-RAY': '87f153e228305830-IAD', 'alt-svc': 'h3=":443"; ma=86400'} 
 body={"results":[{"gender":"female","name":{"title":"Ms","first":"Tineke","last":"Ott"},"location":{"street":{"number":2074,"name":"Kasernestrjitte"},"city":"Vianen","state":"Groningen","country":"Netherlands","postcode":"4142 LY","coordinates":{"latitude":"38.0682","longitude":"71.1136"},"timezone":{"offset":"-3:00","description":"Brazil, Buenos Aires, Georgetown"}},"email":"tineke.ott@example.com","login":{"uuid":"e8e53ed5-daf7-4ebc-adf6-6211c1108328","username":"happykoala266","password":"womble","salt":"O9C4RW51","md5":"fede4a8e8c49c33b0c231c7e7002d77b","sha1":"d63e871e0771db8395d61ddaf0d7e4ac43e3eded","sha256":"1270caab8590ca1a38df140331bb9155e7f73e606eda591cc9b2ca2683040107"},"dob":{"date":"1948-07-07T21:06:55.588Z","age":75},"registered":{"date":"2004-02-27T05:47:33.849Z","age":20},"phone":"(000) 0521580","cell":"(06) 19668311","id":{"name":"BSN","value":"65697750"},"picture":{"large":"https://randomuser.me/api/portraits/women/76.jpg","medium":"https://randomuser.me/api/portraits/med/women/76.jpg","thumbnail":"https://randomuser.me/api/portraits/thumb/women/76.jpg"},"nat":"NL"}],"info":{"seed":"8047bf00b877f864","results":1,"page":1,"version":"1.4"}} 
 </msg>
<msg time="2024-05-05T14:12:49.707391" level="INFO">/opt/hostedtoolcache/Python/3.12.3/x64/lib/python3.12/site-packages/urllib3/connectionpool.py:1103: InsecureRequestWarning: Unverified HTTPS request is being made to host 'randomuser.me'. Adding certificate verification is strongly advised. See: https://urllib3.readthedocs.io/en/latest/advanced-usage.html#tls-warnings
  warnings.warn(</msg>
<msg time="2024-05-05T14:12:49.707536" level="INFO">${response} = &lt;Response [200]&gt;</msg>
<var>${response}</var>
<arg>consultarAPI</arg>
<arg>/api</arg>
<doc>Sends a GET request on a previously created HTTP Session.</doc>
<status status="PASS" start="2024-05-05T14:12:49.621495" elapsed="0.086095"/>
</kw>
<kw name="Set Variable" owner="BuiltIn">
<msg time="2024-05-05T14:12:49.708737" level="INFO">${json_data} = {'results': [{'gender': 'female', 'name': {'title': 'Ms', 'first': 'Tineke', 'last': 'Ott'}, 'location': {'street': {'number': 2074, 'name': 'Kasernestrjitte'}, 'city': 'Vianen', 'state': 'Groningen',...</msg>
<var>${json_data}</var>
<arg>${response.json()}</arg>
<doc>Returns the given values which can then be assigned to a variables.</doc>
<status status="PASS" start="2024-05-05T14:12:49.708146" elapsed="0.000620"/>
</kw>
<kw name="Log" owner="BuiltIn">
<msg time="2024-05-05T14:12:49.709233" level="INFO">{'results': [{'gender': 'female', 'name': {'title': 'Ms', 'first': 'Tineke', 'last': 'Ott'}, 'location': {'street': {'number': 2074, 'name': 'Kasernestrjitte'}, 'city': 'Vianen', 'state': 'Groningen', 'country': 'Netherlands', 'postcode': '4142 LY', 'coordinates': {'latitude': '38.0682', 'longitude': '71.1136'}, 'timezone': {'offset': '-3:00', 'description': 'Brazil, Buenos Aires, Georgetown'}}, 'email': 'tineke.ott@example.com', 'login': {'uuid': 'e8e53ed5-daf7-4ebc-adf6-6211c1108328', 'username': 'happykoala266', 'password': 'womble', 'salt': 'O9C4RW51', 'md5': 'fede4a8e8c49c33b0c231c7e7002d77b', 'sha1': 'd63e871e0771db8395d61ddaf0d7e4ac43e3eded', 'sha256': '1270caab8590ca1a38df140331bb9155e7f73e606eda591cc9b2ca2683040107'}, 'dob': {'date': '1948-07-07T21:06:55.588Z', 'age': 75}, 'registered': {'date': '2004-02-27T05:47:33.849Z', 'age': 20}, 'phone': '(000) 0521580', 'cell': '(06) 19668311', 'id': {'name': 'BSN', 'value': '65697750'}, 'picture': {'large': 'https://randomuser.me/api/portraits/women/76.jpg', 'medium': 'https://randomuser.me/api/portraits/med/women/76.jpg', 'thumbnail': 'https://randomuser.me/api/portraits/thumb/women/76.jpg'}, 'nat': 'NL'}], 'info': {'seed': '8047bf00b877f864', 'results': 1, 'page': 1, 'version': '1.4'}}</msg>
<arg>${json_data}</arg>
<doc>Logs the given message with the given level.</doc>
<status status="PASS" start="2024-05-05T14:12:49.709074" elapsed="0.000207"/>
</kw>
<kw name="Dictionary Should Contain Key" owner="Collections">
<msg time="2024-05-05T14:12:49.709740" level="INFO">False</msg>
<arg>${json_data}</arg>
<arg>results</arg>
<doc>Fails if ``key`` is not found from ``dictionary``.</doc>
<status status="PASS" start="2024-05-05T14:12:49.709582" elapsed="0.000197"/>
</kw>
<kw name="Should Not Be Empty" owner="BuiltIn">
<msg time="2024-05-05T14:12:49.710203" level="INFO">Length is 2.</msg>
<arg>${json_data}</arg>
<doc>Verifies that the given item is not empty.</doc>
<status status="PASS" start="2024-05-05T14:12:49.710073" elapsed="0.000303"/>
</kw>
<kw name="Create List" owner="BuiltIn">
<msg time="2024-05-05T14:12:49.710829" level="INFO">${expected_keys} = ['gender', 'name', 'location', 'email', 'login']</msg>
<var>${expected_keys}</var>
<arg>gender</arg>
<arg>name</arg>
<arg>location</arg>
<arg>email</arg>
<arg>login</arg>
<doc>Returns a list containing given items.</doc>
<status status="PASS" start="2024-05-05T14:12:49.710674" elapsed="0.000180"/>
</kw>
<for flavor="IN">
<iter>
<kw name="Dictionary Should Contain Key" owner="Collections">
<msg time="2024-05-05T14:12:49.711823" level="INFO">False</msg>
<arg>${json_data['results'][0]}</arg>
<arg>${key}</arg>
<doc>Fails if ``key`` is not found from ``dictionary``.</doc>
<status status="PASS" start="2024-05-05T14:12:49.711419" elapsed="0.000443"/>
</kw>
<kw name="Log" owner="BuiltIn">
<msg time="2024-05-05T14:12:49.712564" level="INFO">{'gender': 'female', 'name': {'title': 'Ms', 'first': 'Tineke', 'last': 'Ott'}, 'location': {'street': {'number': 2074, 'name': 'Kasernestrjitte'}, 'city': 'Vianen', 'state': 'Groningen', 'country': 'Netherlands', 'postcode': '4142 LY', 'coordinates': {'latitude': '38.0682', 'longitude': '71.1136'}, 'timezone': {'offset': '-3:00', 'description': 'Brazil, Buenos Aires, Georgetown'}}, 'email': 'tineke.ott@example.com', 'login': {'uuid': 'e8e53ed5-daf7-4ebc-adf6-6211c1108328', 'username': 'happykoala266', 'password': 'womble', 'salt': 'O9C4RW51', 'md5': 'fede4a8e8c49c33b0c231c7e7002d77b', 'sha1': 'd63e871e0771db8395d61ddaf0d7e4ac43e3eded', 'sha256': '1270caab8590ca1a38df140331bb9155e7f73e606eda591cc9b2ca2683040107'}, 'dob': {'date': '1948-07-07T21:06:55.588Z', 'age': 75}, 'registered': {'date': '2004-02-27T05:47:33.849Z', 'age': 20}, 'phone': '(000) 0521580', 'cell': '(06) 19668311', 'id': {'name': 'BSN', 'value': '65697750'}, 'picture': {'large': 'https://randomuser.me/api/portraits/women/76.jpg', 'medium': 'https://randomuser.me/api/portraits/med/women/76.jpg', 'thumbnail': 'https://randomuser.me/api/portraits/thumb/women/76.jpg'}, 'nat': 'NL'}</msg>
<arg>${json_data['results'][0]}</arg>
<doc>Logs the given message with the given level.</doc>
<status status="PASS" start="2024-05-05T14:12:49.712190" elapsed="0.000423"/>
</kw>
<kw name="Log" owner="BuiltIn">
<msg time="2024-05-05T14:12:49.713041" level="INFO">gender</msg>
<arg>${key}</arg>
<doc>Logs the given message with the given level.</doc>
<status status="PASS" start="2024-05-05T14:12:49.712914" elapsed="0.000164"/>
</kw>
<var name="${key}">gender</var>
<status status="PASS" start="2024-05-05T14:12:49.711296" elapsed="0.001996"/>
</iter>
<iter>
<kw name="Dictionary Should Contain Key" owner="Collections">
<msg time="2024-05-05T14:12:49.713981" level="INFO">False</msg>
<arg>${json_data['results'][0]}</arg>
<arg>${key}</arg>
<doc>Fails if ``key`` is not found from ``dictionary``.</doc>
<status status="PASS" start="2024-05-05T14:12:49.713593" elapsed="0.000425"/>
</kw>
<kw name="Log" owner="BuiltIn">
<msg time="2024-05-05T14:12:49.714708" level="INFO">{'gender': 'female', 'name': {'title': 'Ms', 'first': 'Tineke', 'last': 'Ott'}, 'location': {'street': {'number': 2074, 'name': 'Kasernestrjitte'}, 'city': 'Vianen', 'state': 'Groningen', 'country': 'Netherlands', 'postcode': '4142 LY', 'coordinates': {'latitude': '38.0682', 'longitude': '71.1136'}, 'timezone': {'offset': '-3:00', 'description': 'Brazil, Buenos Aires, Georgetown'}}, 'email': 'tineke.ott@example.com', 'login': {'uuid': 'e8e53ed5-daf7-4ebc-adf6-6211c1108328', 'username': 'happykoala266', 'password': 'womble', 'salt': 'O9C4RW51', 'md5': 'fede4a8e8c49c33b0c231c7e7002d77b', 'sha1': 'd63e871e0771db8395d61ddaf0d7e4ac43e3eded', 'sha256': '1270caab8590ca1a38df140331bb9155e7f73e606eda591cc9b2ca2683040107'}, 'dob': {'date': '1948-07-07T21:06:55.588Z', 'age': 75}, 'registered': {'date': '2004-02-27T05:47:33.849Z', 'age': 20}, 'phone': '(000) 0521580', 'cell': '(06) 19668311', 'id': {'name': 'BSN', 'value': '65697750'}, 'picture': {'large': 'https://randomuser.me/api/portraits/women/76.jpg', 'medium': 'https://randomuser.me/api/portraits/med/women/76.jpg', 'thumbnail': 'https://randomuser.me/api/portraits/thumb/women/76.jpg'}, 'nat': 'NL'}</msg>
<arg>${json_data['results'][0]}</arg>
<doc>Logs the given message with the given level.</doc>
<status status="PASS" start="2024-05-05T14:12:49.714342" elapsed="0.000416"/>
</kw>
<kw name="Log" owner="BuiltIn">
<msg time="2024-05-05T14:12:49.715188" level="INFO">name</msg>
<arg>${key}</arg>
<doc>Logs the given message with the given level.</doc>
<status status="PASS" start="2024-05-05T14:12:49.715059" elapsed="0.000167"/>
</kw>
<var name="${key}">name</var>
<status status="PASS" start="2024-05-05T14:12:49.713477" elapsed="0.001965"/>
</iter>
<iter>
<kw name="Dictionary Should Contain Key" owner="Collections">
<msg time="2024-05-05T14:12:49.716148" level="INFO">False</msg>
<arg>${json_data['results'][0]}</arg>
<arg>${key}</arg>
<doc>Fails if ``key`` is not found from ``dictionary``.</doc>
<status status="PASS" start="2024-05-05T14:12:49.715736" elapsed="0.000453"/>
</kw>
<kw name="Log" owner="BuiltIn">
<msg time="2024-05-05T14:12:49.716867" level="INFO">{'gender': 'female', 'name': {'title': 'Ms', 'first': 'Tineke', 'last': 'Ott'}, 'location': {'street': {'number': 2074, 'name': 'Kasernestrjitte'}, 'city': 'Vianen', 'state': 'Groningen', 'country': 'Netherlands', 'postcode': '4142 LY', 'coordinates': {'latitude': '38.0682', 'longitude': '71.1136'}, 'timezone': {'offset': '-3:00', 'description': 'Brazil, Buenos Aires, Georgetown'}}, 'email': 'tineke.ott@example.com', 'login': {'uuid': 'e8e53ed5-daf7-4ebc-adf6-6211c1108328', 'username': 'happykoala266', 'password': 'womble', 'salt': 'O9C4RW51', 'md5': 'fede4a8e8c49c33b0c231c7e7002d77b', 'sha1': 'd63e871e0771db8395d61ddaf0d7e4ac43e3eded', 'sha256': '1270caab8590ca1a38df140331bb9155e7f73e606eda591cc9b2ca2683040107'}, 'dob': {'date': '1948-07-07T21:06:55.588Z', 'age': 75}, 'registered': {'date': '2004-02-27T05:47:33.849Z', 'age': 20}, 'phone': '(000) 0521580', 'cell': '(06) 19668311', 'id': {'name': 'BSN', 'value': '65697750'}, 'picture': {'large': 'https://randomuser.me/api/portraits/women/76.jpg', 'medium': 'https://randomuser.me/api/portraits/med/women/76.jpg', 'thumbnail': 'https://randomuser.me/api/portraits/thumb/women/76.jpg'}, 'nat': 'NL'}</msg>
<arg>${json_data['results'][0]}</arg>
<doc>Logs the given message with the given level.</doc>
<status status="PASS" start="2024-05-05T14:12:49.716498" elapsed="0.000417"/>
</kw>
<kw name="Log" owner="BuiltIn">
<msg time="2024-05-05T14:12:49.717336" level="INFO">location</msg>
<arg>${key}</arg>
<doc>Logs the given message with the given level.</doc>
<status status="PASS" start="2024-05-05T14:12:49.717209" elapsed="0.000165"/>
</kw>
<var name="${key}">location</var>
<status status="PASS" start="2024-05-05T14:12:49.715622" elapsed="0.001966"/>
</iter>
<iter>
<kw name="Dictionary Should Contain Key" owner="Collections">
<msg time="2024-05-05T14:12:49.718259" level="INFO">False</msg>
<arg>${json_data['results'][0]}</arg>
<arg>${key}</arg>
<doc>Fails if ``key`` is not found from ``dictionary``.</doc>
<status status="PASS" start="2024-05-05T14:12:49.717874" elapsed="0.000423"/>
</kw>
<kw name="Log" owner="BuiltIn">
<msg time="2024-05-05T14:12:49.718972" level="INFO">{'gender': 'female', 'name': {'title': 'Ms', 'first': 'Tineke', 'last': 'Ott'}, 'location': {'street': {'number': 2074, 'name': 'Kasernestrjitte'}, 'city': 'Vianen', 'state': 'Groningen', 'country': 'Netherlands', 'postcode': '4142 LY', 'coordinates': {'latitude': '38.0682', 'longitude': '71.1136'}, 'timezone': {'offset': '-3:00', 'description': 'Brazil, Buenos Aires, Georgetown'}}, 'email': 'tineke.ott@example.com', 'login': {'uuid': 'e8e53ed5-daf7-4ebc-adf6-6211c1108328', 'username': 'happykoala266', 'password': 'womble', 'salt': 'O9C4RW51', 'md5': 'fede4a8e8c49c33b0c231c7e7002d77b', 'sha1': 'd63e871e0771db8395d61ddaf0d7e4ac43e3eded', 'sha256': '1270caab8590ca1a38df140331bb9155e7f73e606eda591cc9b2ca2683040107'}, 'dob': {'date': '1948-07-07T21:06:55.588Z', 'age': 75}, 'registered': {'date': '2004-02-27T05:47:33.849Z', 'age': 20}, 'phone': '(000) 0521580', 'cell': '(06) 19668311', 'id': {'name': 'BSN', 'value': '65697750'}, 'picture': {'large': 'https://randomuser.me/api/portraits/women/76.jpg', 'medium': 'https://randomuser.me/api/portraits/med/women/76.jpg', 'thumbnail': 'https://randomuser.me/api/portraits/thumb/women/76.jpg'}, 'nat': 'NL'}</msg>
<arg>${json_data['results'][0]}</arg>
<doc>Logs the given message with the given level.</doc>
<status status="PASS" start="2024-05-05T14:12:49.718599" elapsed="0.000422"/>
</kw>
<kw name="Log" owner="BuiltIn">
<msg time="2024-05-05T14:12:49.719435" level="INFO">email</msg>
<arg>${key}</arg>
<doc>Logs the given message with the given level.</doc>
<status status="PASS" start="2024-05-05T14:12:49.719310" elapsed="0.000162"/>
</kw>
<var name="${key}">email</var>
<status status="PASS" start="2024-05-05T14:12:49.717762" elapsed="0.001922"/>
</iter>
<iter>
<kw name="Dictionary Should Contain Key" owner="Collections">
<msg time="2024-05-05T14:12:49.720391" level="INFO">False</msg>
<arg>${json_data['results'][0]}</arg>
<arg>${key}</arg>
<doc>Fails if ``key`` is not found from ``dictionary``.</doc>
<status status="PASS" start="2024-05-05T14:12:49.719965" elapsed="0.000465"/>
</kw>
<kw name="Log" owner="BuiltIn">
<msg time="2024-05-05T14:12:49.721096" level="INFO">{'gender': 'female', 'name': {'title': 'Ms', 'first': 'Tineke', 'last': 'Ott'}, 'location': {'street': {'number': 2074, 'name': 'Kasernestrjitte'}, 'city': 'Vianen', 'state': 'Groningen', 'country': 'Netherlands', 'postcode': '4142 LY', 'coordinates': {'latitude': '38.0682', 'longitude': '71.1136'}, 'timezone': {'offset': '-3:00', 'description': 'Brazil, Buenos Aires, Georgetown'}}, 'email': 'tineke.ott@example.com', 'login': {'uuid': 'e8e53ed5-daf7-4ebc-adf6-6211c1108328', 'username': 'happykoala266', 'password': 'womble', 'salt': 'O9C4RW51', 'md5': 'fede4a8e8c49c33b0c231c7e7002d77b', 'sha1': 'd63e871e0771db8395d61ddaf0d7e4ac43e3eded', 'sha256': '1270caab8590ca1a38df140331bb9155e7f73e606eda591cc9b2ca2683040107'}, 'dob': {'date': '1948-07-07T21:06:55.588Z', 'age': 75}, 'registered': {'date': '2004-02-27T05:47:33.849Z', 'age': 20}, 'phone': '(000) 0521580', 'cell': '(06) 19668311', 'id': {'name': 'BSN', 'value': '65697750'}, 'picture': {'large': 'https://randomuser.me/api/portraits/women/76.jpg', 'medium': 'https://randomuser.me/api/portraits/med/women/76.jpg', 'thumbnail': 'https://randomuser.me/api/portraits/thumb/women/76.jpg'}, 'nat': 'NL'}</msg>
<arg>${json_data['results'][0]}</arg>
<doc>Logs the given message with the given level.</doc>
<status status="PASS" start="2024-05-05T14:12:49.720731" elapsed="0.000413"/>
</kw>
<kw name="Log" owner="BuiltIn">
<msg time="2024-05-05T14:12:49.721564" level="INFO">login</msg>
<arg>${key}</arg>
<doc>Logs the given message with the given level.</doc>
<status status="PASS" start="2024-05-05T14:12:49.721437" elapsed="0.000166"/>
</kw>
<var name="${key}">login</var>
<status status="PASS" start="2024-05-05T14:12:49.719854" elapsed="0.001992"/>
</iter>
<var>${key}</var>
<value>@{expected_keys}</value>
<status status="PASS" start="2024-05-05T14:12:49.711113" elapsed="0.010860"/>
</for>
<kw name="Create List" owner="BuiltIn">
<msg time="2024-05-05T14:12:49.722305" level="INFO">${expected_keysTwo} = ['username', 'password']</msg>
<var>${expected_keysTwo}</var>
<arg>username</arg>
<arg>password</arg>
<doc>Returns a list containing given items.</doc>
<status status="PASS" start="2024-05-05T14:12:49.722166" elapsed="0.000163"/>
</kw>
<for flavor="IN">
<iter>
<kw name="Dictionary Should Contain Key" owner="Collections">
<msg time="2024-05-05T14:12:49.723241" level="INFO">False</msg>
<arg>${json_data['results'][0]['login']}</arg>
<arg>${keyTwo}</arg>
<doc>Fails if ``key`` is not found from ``dictionary``.</doc>
<status status="PASS" start="2024-05-05T14:12:49.722849" elapsed="0.000430"/>
</kw>
<kw name="Dictionary Should Contain Key" owner="Collections">
<msg time="2024-05-05T14:12:49.724019" level="INFO">False</msg>
<arg>${json_data['results'][0]['login']}</arg>
<arg>${keyTwo}</arg>
<doc>Fails if ``key`` is not found from ``dictionary``.</doc>
<status status="PASS" start="2024-05-05T14:12:49.723590" elapsed="0.000468"/>
</kw>
<kw name="Log" owner="BuiltIn">
<msg time="2024-05-05T14:12:49.724521" level="INFO">username</msg>
<arg>${keyTwo}</arg>
<doc>Logs the given message with the given level.</doc>
<status status="PASS" start="2024-05-05T14:12:49.724392" elapsed="0.000181"/>
</kw>
<var name="${keyTwo}">username</var>
<status status="PASS" start="2024-05-05T14:12:49.722737" elapsed="0.002058"/>
</iter>
<iter>
<kw name="Dictionary Should Contain Key" owner="Collections">
<msg time="2024-05-05T14:12:49.725561" level="INFO">False</msg>
<arg>${json_data['results'][0]['login']}</arg>
<arg>${keyTwo}</arg>
<doc>Fails if ``key`` is not found from ``dictionary``.</doc>
<status status="PASS" start="2024-05-05T14:12:49.725095" elapsed="0.000507"/>
</kw>
<kw name="Dictionary Should Contain Key" owner="Collections">
<msg time="2024-05-05T14:12:49.726284" level="INFO">False</msg>
<arg>${json_data['results'][0]['login']}</arg>
<arg>${keyTwo}</arg>
<doc>Fails if ``key`` is not found from ``dictionary``.</doc>
<status status="PASS" start="2024-05-05T14:12:49.725901" elapsed="0.000420"/>
</kw>
<kw name="Log" owner="BuiltIn">
<msg time="2024-05-05T14:12:49.726748" level="INFO">password</msg>
<arg>${keyTwo}</arg>
<doc>Logs the given message with the given level.</doc>
<status status="PASS" start="2024-05-05T14:12:49.726621" elapsed="0.000165"/>
</kw>
<var name="${keyTwo}">password</var>
<status status="PASS" start="2024-05-05T14:12:49.724966" elapsed="0.002034"/>
</iter>
<var>${keyTwo}</var>
<value>@{expected_keysTwo}</value>
<status status="PASS" start="2024-05-05T14:12:49.722564" elapsed="0.004556"/>
</for>
<status status="PASS" start="2024-05-05T14:12:49.621262" elapsed="0.105995"/>
</kw>
<doc>Testa a estrutura da resposta da API.</doc>
<tag>testeEstruturaResposta</tag>
<status status="PASS" start="2024-05-05T14:12:49.620674" elapsed="0.106731"/>
</test>
<test id="s1-s1-t4" name="Validar tipos de dados" line="28">
<kw name="Teste de Tipos de Dados" owner="random-user-service">
<kw name="GET On Session" owner="RequestsLibrary">
<msg time="2024-05-05T14:12:49.803302" level="INFO">GET Request : url=https://randomuser.me/api 
 path_url=/api 
 headers={'User-Agent': 'python-requests/2.31.0', 'Accept-Encoding': 'gzip, deflate', 'Accept': '*/*', 'Connection': 'keep-alive'} 
 body=None 
 </msg>
<msg time="2024-05-05T14:12:49.803388" level="INFO">GET Response : url=https://randomuser.me/api 
 status=200, reason=OK 
 headers={'Date': 'Sun, 05 May 2024 14:12:49 GMT', 'Content-Type': 'application/json; charset=utf-8', 'Transfer-Encoding': 'chunked', 'Connection': 'keep-alive', 'X-Powered-By': 'Express', 'Access-Control-Allow-Origin': '*', 'Cache-Control': 'no-cache', 'ETag': 'W/"488-pwTzcmwSgDRMV4pZolS7xCdFsxQ"', 'Vary': 'Accept-Encoding', 'Content-Encoding': 'gzip', 'CF-Cache-Status': 'DYNAMIC', 'Report-To': '{"endpoints":[{"url":"https:\\/\\/a.nel.cloudflare.com\\/report\\/v4?s=e0d36I%2BsrszMKpB7AskDdto%2BUk1Fr8Jzv0Q4eKDbN4ofvWT1uGLlcUnXsKcz%2FBph6KPHIaicpIWk75%2BDTnuWwCsFN9zt7qo2B1wMa%2FhUvAimmZOU0nhHCIwg%2BrxZzUoD"}],"group":"cf-nel","max_age":604800}', 'NEL': '{"success_fraction":0,"report_to":"cf-nel","max_age":604800}', 'Server': 'cloudflare', 'CF-RAY': '87f153e2d8d45830-IAD', 'alt-svc': 'h3=":443"; ma=86400'} 
 body={"results":[{"gender":"male","name":{"title":"Mr","first":"Alessio","last":"Pierre"},"location":{"street":{"number":9348,"name":"Rue Jean-Baldassini"},"city":"Bordeaux","state":"Eure-et-Loir","country":"France","postcode":89353,"coordinates":{"latitude":"-13.6377","longitude":"-100.9375"},"timezone":{"offset":"-9:00","description":"Alaska"}},"email":"alessio.pierre@example.com","login":{"uuid":"0d1ee24e-6afe-475b-a546-8df40e1388e8","username":"crazygorilla577","password":"felix1","salt":"AN03CwSN","md5":"8107c09beeb023a54932361f948145a1","sha1":"7008c9fe2ffdfeb5df504f17defeb32c83b58311","sha256":"3f9102d1946533f59fc85c6da6494eb697269e48f45247770fdee6d50addf1f8"},"dob":{"date":"1994-01-20T02:14:12.097Z","age":30},"registered":{"date":"2021-04-14T17:07:55.132Z","age":3},"phone":"01-80-25-59-52","cell":"06-12-13-80-71","id":{"name":"INSEE","value":"1940043472120 79"},"picture":{"large":"https://randomuser.me/api/portraits/men/26.jpg","medium":"https://randomuser.me/api/portraits/med/men/26.jpg","thumbnail":"https://randomuser.me/api/portraits/thumb/men/26.jpg"},"nat":"FR"}],"info":{"seed":"09f399d1078cbea5","results":1,"page":1,"version":"1.4"}} 
 </msg>
<msg time="2024-05-05T14:12:49.803462" level="INFO">/opt/hostedtoolcache/Python/3.12.3/x64/lib/python3.12/site-packages/urllib3/connectionpool.py:1103: InsecureRequestWarning: Unverified HTTPS request is being made to host 'randomuser.me'. Adding certificate verification is strongly advised. See: https://urllib3.readthedocs.io/en/latest/advanced-usage.html#tls-warnings
  warnings.warn(</msg>
<msg time="2024-05-05T14:12:49.803579" level="INFO">${response} = &lt;Response [200]&gt;</msg>
<var>${response}</var>
<arg>consultarAPI</arg>
<arg>/api</arg>
<doc>Sends a GET request on a previously created HTTP Session.</doc>
<status status="PASS" start="2024-05-05T14:12:49.729940" elapsed="0.073694"/>
</kw>
<kw name="Set Variable" owner="BuiltIn">
<msg time="2024-05-05T14:12:49.804815" level="INFO">${json_data} = {'results': [{'gender': 'male', 'name': {'title': 'Mr', 'first': 'Alessio', 'last': 'Pierre'}, 'location': {'street': {'number': 9348, 'name': 'Rue Jean-Baldassini'}, 'city': 'Bordeaux', 'state': 'Eur...</msg>
<var>${json_data}</var>
<arg>${response.json()}</arg>
<doc>Returns the given values which can then be assigned to a variables.</doc>
<status status="PASS" start="2024-05-05T14:12:49.804220" elapsed="0.000625"/>
</kw>
<kw name="Log" owner="BuiltIn">
<msg time="2024-05-05T14:12:49.805305" level="INFO">{'results': [{'gender': 'male', 'name': {'title': 'Mr', 'first': 'Alessio', 'last': 'Pierre'}, 'location': {'street': {'number': 9348, 'name': 'Rue Jean-Baldassini'}, 'city': 'Bordeaux', 'state': 'Eure-et-Loir', 'country': 'France', 'postcode': 89353, 'coordinates': {'latitude': '-13.6377', 'longitude': '-100.9375'}, 'timezone': {'offset': '-9:00', 'description': 'Alaska'}}, 'email': 'alessio.pierre@example.com', 'login': {'uuid': '0d1ee24e-6afe-475b-a546-8df40e1388e8', 'username': 'crazygorilla577', 'password': 'felix1', 'salt': 'AN03CwSN', 'md5': '8107c09beeb023a54932361f948145a1', 'sha1': '7008c9fe2ffdfeb5df504f17defeb32c83b58311', 'sha256': '3f9102d1946533f59fc85c6da6494eb697269e48f45247770fdee6d50addf1f8'}, 'dob': {'date': '1994-01-20T02:14:12.097Z', 'age': 30}, 'registered': {'date': '2021-04-14T17:07:55.132Z', 'age': 3}, 'phone': '01-80-25-59-52', 'cell': '06-12-13-80-71', 'id': {'name': 'INSEE', 'value': '1940043472120 79'}, 'picture': {'large': 'https://randomuser.me/api/portraits/men/26.jpg', 'medium': 'https://randomuser.me/api/portraits/med/men/26.jpg', 'thumbnail': 'https://randomuser.me/api/portraits/thumb/men/26.jpg'}, 'nat': 'FR'}], 'info': {'seed': '09f399d1078cbea5', 'results': 1, 'page': 1, 'version': '1.4'}}</msg>
<arg>${json_data}</arg>
<doc>Logs the given message with the given level.</doc>
<status status="PASS" start="2024-05-05T14:12:49.805153" elapsed="0.000231"/>
</kw>
<kw name="Should Be String" owner="String">
<arg>${json_data['results'][0]['gender']}</arg>
<doc>Fails if the given ``item`` is not a string.</doc>
<status status="PASS" start="2024-05-05T14:12:49.805684" elapsed="0.000367"/>
</kw>
<kw name="Should Match Regexp" owner="BuiltIn">
<arg>${json_data['results'][0]['email']}</arg>
<arg>^[a-zA-Z0-9._%+-]+@[a-zA-Z0-9.-]+\.[a-zA-Z]{2,}$</arg>
<doc>Fails if ``string`` does not match ``pattern`` as a regular expression.</doc>
<status status="PASS" start="2024-05-05T14:12:49.806246" elapsed="0.000511"/>
</kw>
<kw name="Should Match Regexp" owner="BuiltIn">
<arg>${json_data['results'][0]['dob']['date']}</arg>
<arg>\\d{4}-\\d{2}-\\d{2}T\\d{2}:\\d{2}:\\d{2}\\.\\d{3}Z</arg>
<doc>Fails if ``string`` does not match ``pattern`` as a regular expression.</doc>
<status status="PASS" start="2024-05-05T14:12:49.806950" elapsed="0.000489"/>
</kw>
<kw name="Should Match Regexp" owner="BuiltIn">
<arg>${json_data['results'][0]['registered']['date']}</arg>
<arg>\\d{4}-\\d{2}-\\d{2}T\\d{2}:\\d{2}:\\d{2}\\.\\d{3}Z</arg>
<doc>Fails if ``string`` does not match ``pattern`` as a regular expression.</doc>
<status status="PASS" start="2024-05-05T14:12:49.807630" elapsed="0.000370"/>
</kw>
<kw name="Should Match Regexp" owner="BuiltIn">
<arg>${json_data['results'][0]['picture']['large']}</arg>
<arg>^https?://.*\.(?:png|jpe?g|gif|bmp)$</arg>
<doc>Fails if ``string`` does not match ``pattern`` as a regular expression.</doc>
<status status="PASS" start="2024-05-05T14:12:49.808230" elapsed="0.000474"/>
</kw>
<kw name="Should Match Regexp" owner="BuiltIn">
<arg>${json_data['results'][0]['picture']['medium']}</arg>
<arg>^https?://.*\.(?:png|jpe?g|gif|bmp)$</arg>
<doc>Fails if ``string`` does not match ``pattern`` as a regular expression.</doc>
<status status="PASS" start="2024-05-05T14:12:49.808896" elapsed="0.000360"/>
</kw>
<kw name="Should Match Regexp" owner="BuiltIn">
<arg>${json_data['results'][0]['picture']['thumbnail']}</arg>
<arg>^https?://.*\.(?:png|jpe?g|gif|bmp)$</arg>
<doc>Fails if ``string`` does not match ``pattern`` as a regular expression.</doc>
<status status="PASS" start="2024-05-05T14:12:49.809450" elapsed="0.000351"/>
</kw>
<kw name="Log" owner="BuiltIn">
<msg time="2024-05-05T14:12:49.810305" level="INFO">{'large': 'https://randomuser.me/api/portraits/men/26.jpg', 'medium': 'https://randomuser.me/api/portraits/med/men/26.jpg', 'thumbnail': 'https://randomuser.me/api/portraits/thumb/men/26.jpg'}</msg>
<arg>${json_data['results'][0]['picture']}</arg>
<doc>Logs the given message with the given level.</doc>
<status status="PASS" start="2024-05-05T14:12:49.809983" elapsed="0.000363"/>
</kw>
<status status="PASS" start="2024-05-05T14:12:49.729713" elapsed="0.080883"/>
</kw>
<kw name="Teste de Tipos de Dados - Postcode" owner="random-user-service">
<kw name="GET On Session" owner="RequestsLibrary">
<msg time="2024-05-05T14:12:49.898731" level="INFO">GET Request : url=https://randomuser.me/api 
 path_url=/api 
 headers={'User-Agent': 'python-requests/2.31.0', 'Accept-Encoding': 'gzip, deflate', 'Accept': '*/*', 'Connection': 'keep-alive'} 
 body=None 
 </msg>
<msg time="2024-05-05T14:12:49.898815" level="INFO">GET Response : url=https://randomuser.me/api 
 status=200, reason=OK 
 headers={'Date': 'Sun, 05 May 2024 14:12:49 GMT', 'Content-Type': 'application/json; charset=utf-8', 'Transfer-Encoding': 'chunked', 'Connection': 'keep-alive', 'X-Powered-By': 'Express', 'Access-Control-Allow-Origin': '*', 'Cache-Control': 'no-cache', 'ETag': 'W/"484-akU+Bb63bazpROc5W5lZyYYJPPU"', 'Vary': 'Accept-Encoding', 'Content-Encoding': 'gzip', 'CF-Cache-Status': 'DYNAMIC', 'Report-To': '{"endpoints":[{"url":"https:\\/\\/a.nel.cloudflare.com\\/report\\/v4?s=QQbrFTtLIiD2%2BrZR%2FOx1%2B6ciW3nx2dYvj%2FF07U1yYeCZNK4yxBLRdFhIiK%2F6VIDnloK%2BkYZmQfVZzHw6OIG0%2FAE4uhLy6Cf3BMkhuZuhge%2BxVaoSg90tzGHgg43VgkKx"}],"group":"cf-nel","max_age":604800}', 'NEL': '{"success_fraction":0,"report_to":"cf-nel","max_age":604800}', 'Server': 'cloudflare', 'CF-RAY': '87f153e3593d5830-IAD', 'alt-svc': 'h3=":443"; ma=86400'} 
 body={"results":[{"gender":"male","name":{"title":"Mr","first":"Dwarakanath","last":"Almeida"},"location":{"street":{"number":118,"name":"Rajpath"},"city":"Katni","state":"Tamil Nadu","country":"India","postcode":44748,"coordinates":{"latitude":"12.2289","longitude":"-55.3652"},"timezone":{"offset":"-8:00","description":"Pacific Time (US &amp; Canada)"}},"email":"dwarakanath.almeida@example.com","login":{"uuid":"5020a7d6-98f3-402b-9939-2c603a73a77f","username":"brownmeercat227","password":"monkey1","salt":"MG7oajQY","md5":"8d37754870c344e54b47c7d57e79aee1","sha1":"c842530d48c5695b804650d84dd41f340331abf9","sha256":"bd169953873c71bb341e536cc6b49203aa0123f238e710f6f62dd8c80e84f3f3"},"dob":{"date":"1990-09-03T16:10:21.946Z","age":33},"registered":{"date":"2010-09-27T19:48:35.288Z","age":13},"phone":"7642644920","cell":"8449471756","id":{"name":"UIDAI","value":"403833577273"},"picture":{"large":"https://randomuser.me/api/portraits/men/0.jpg","medium":"https://randomuser.me/api/portraits/med/men/0.jpg","thumbnail":"https://randomuser.me/api/portraits/thumb/men/0.jpg"},"nat":"IN"}],"info":{"seed":"6ab5f12468f825b5","results":1,"page":1,"version":"1.4"}} 
 </msg>
<msg time="2024-05-05T14:12:49.898890" level="INFO">/opt/hostedtoolcache/Python/3.12.3/x64/lib/python3.12/site-packages/urllib3/connectionpool.py:1103: InsecureRequestWarning: Unverified HTTPS request is being made to host 'randomuser.me'. Adding certificate verification is strongly advised. See: https://urllib3.readthedocs.io/en/latest/advanced-usage.html#tls-warnings
  warnings.warn(</msg>
<msg time="2024-05-05T14:12:49.899021" level="INFO">${response} = &lt;Response [200]&gt;</msg>
<var>${response}</var>
<arg>consultarAPI</arg>
<arg>/api</arg>
<doc>Sends a GET request on a previously created HTTP Session.</doc>
<status status="PASS" start="2024-05-05T14:12:49.811031" elapsed="0.088045"/>
</kw>
<kw name="Set Variable" owner="BuiltIn">
<msg time="2024-05-05T14:12:49.900193" level="INFO">${json_data} = {'results': [{'gender': 'male', 'name': {'title': 'Mr', 'first': 'Dwarakanath', 'last': 'Almeida'}, 'location': {'street': {'number': 118, 'name': 'Rajpath'}, 'city': 'Katni', 'state': 'Tamil Nadu', '...</msg>
<var>${json_data}</var>
<arg>${response.json()}</arg>
<doc>Returns the given values which can then be assigned to a variables.</doc>
<status status="PASS" start="2024-05-05T14:12:49.899573" elapsed="0.000657"/>
</kw>
<kw name="Log" owner="BuiltIn">
<msg time="2024-05-05T14:12:49.900694" level="INFO">{'results': [{'gender': 'male', 'name': {'title': 'Mr', 'first': 'Dwarakanath', 'last': 'Almeida'}, 'location': {'street': {'number': 118, 'name': 'Rajpath'}, 'city': 'Katni', 'state': 'Tamil Nadu', 'country': 'India', 'postcode': 44748, 'coordinates': {'latitude': '12.2289', 'longitude': '-55.3652'}, 'timezone': {'offset': '-8:00', 'description': 'Pacific Time (US &amp; Canada)'}}, 'email': 'dwarakanath.almeida@example.com', 'login': {'uuid': '5020a7d6-98f3-402b-9939-2c603a73a77f', 'username': 'brownmeercat227', 'password': 'monkey1', 'salt': 'MG7oajQY', 'md5': '8d37754870c344e54b47c7d57e79aee1', 'sha1': 'c842530d48c5695b804650d84dd41f340331abf9', 'sha256': 'bd169953873c71bb341e536cc6b49203aa0123f238e710f6f62dd8c80e84f3f3'}, 'dob': {'date': '1990-09-03T16:10:21.946Z', 'age': 33}, 'registered': {'date': '2010-09-27T19:48:35.288Z', 'age': 13}, 'phone': '7642644920', 'cell': '8449471756', 'id': {'name': 'UIDAI', 'value': '403833577273'}, 'picture': {'large': 'https://randomuser.me/api/portraits/men/0.jpg', 'medium': 'https://randomuser.me/api/portraits/med/men/0.jpg', 'thumbnail': 'https://randomuser.me/api/portraits/thumb/men/0.jpg'}, 'nat': 'IN'}], 'info': {'seed': '6ab5f12468f825b5', 'results': 1, 'page': 1, 'version': '1.4'}}</msg>
<arg>${json_data}</arg>
<doc>Logs the given message with the given level.</doc>
<status status="PASS" start="2024-05-05T14:12:49.900541" elapsed="0.000232"/>
</kw>
<kw name="Should Be Equal As Numbers" owner="BuiltIn">
<arg>${json_data['results'][0]['location']['postcode']}</arg>
<arg>${json_data['results'][0]['location']['postcode']}</arg>
<doc>Fails if objects are unequal after converting them to real numbers.</doc>
<status status="PASS" start="2024-05-05T14:12:49.901223" elapsed="0.000620"/>
</kw>
<kw name="Log" owner="BuiltIn">
<msg time="2024-05-05T14:12:49.902371" level="INFO">44748</msg>
<arg>${json_data['results'][0]['location']['postcode']}</arg>
<doc>Logs the given message with the given level.</doc>
<status status="PASS" start="2024-05-05T14:12:49.902033" elapsed="0.000380"/>
</kw>
<status status="PASS" start="2024-05-05T14:12:49.810810" elapsed="0.091853"/>
</kw>
<doc>Testa se os tipos de dados na resposta da API estão corretos.</doc>
<tag>testeTiposDados</tag>
<status status="PASS" start="2024-05-05T14:12:49.729198" elapsed="0.173626"/>
</test>
<test id="s1-s1-t5" name="Validar conteudo" line="35">
<kw name="Teste de Tipos de Conteudo" owner="random-user-service">
<kw name="GET On Session" owner="RequestsLibrary">
<msg time="2024-05-05T14:12:50.014369" level="INFO">GET Request : url=https://randomuser.me/api 
 path_url=/api 
 headers={'User-Agent': 'python-requests/2.31.0', 'Accept-Encoding': 'gzip, deflate', 'Accept': '*/*', 'Connection': 'keep-alive'} 
 body=None 
 </msg>
<msg time="2024-05-05T14:12:50.014438" level="INFO">GET Response : url=https://randomuser.me/api 
 status=200, reason=OK 
 headers={'Date': 'Sun, 05 May 2024 14:12:50 GMT', 'Content-Type': 'application/json; charset=utf-8', 'Transfer-Encoding': 'chunked', 'Connection': 'keep-alive', 'X-Powered-By': 'Express', 'Access-Control-Allow-Origin': '*', 'Cache-Control': 'no-cache', 'ETag': 'W/"481-21unZC8KAGecuarKKXvPctZI9AM"', 'Vary': 'Accept-Encoding', 'Content-Encoding': 'gzip', 'CF-Cache-Status': 'DYNAMIC', 'Report-To': '{"endpoints":[{"url":"https:\\/\\/a.nel.cloudflare.com\\/report\\/v4?s=3dIDU%2FTiYdTirAWCYn8MqOJyTRDt7tYOJG1m%2BdMc16YjJ7OtsSOF95y%2FSunce8JmJTVhfOa3731JJuYNMgPQDiZTpiCLkqOrweylt%2Fp4BaMXtlaiBNUFFcCtqeh8W7%2FE"}],"group":"cf-nel","max_age":604800}', 'NEL': '{"success_fraction":0,"report_to":"cf-nel","max_age":604800}', 'Server': 'cloudflare', 'CF-RAY': '87f153e3e9d15830-IAD', 'alt-svc': 'h3=":443"; ma=86400'} 
 body={"results":[{"gender":"female","name":{"title":"Ms","first":"Elsa","last":"Aro"},"location":{"street":{"number":8727,"name":"Siilitie"},"city":"Merikarvia","state":"Kainuu","country":"Finland","postcode":12104,"coordinates":{"latitude":"-28.0445","longitude":"93.6820"},"timezone":{"offset":"+2:00","description":"Kaliningrad, South Africa"}},"email":"elsa.aro@example.com","login":{"uuid":"20d8dc82-0f49-4a64-ad59-81a9c2cfded0","username":"purpleleopard187","password":"farm","salt":"8qKQAsM1","md5":"9b5e2ffa470df233db8d76b8b3cd4222","sha1":"988fdd17a8c9274f1b31417e4d9a9d1c3b7f267a","sha256":"020d58bff655a0a33bea56a289e75c1d774a7034ca5520cb88af329b6c4f4d8e"},"dob":{"date":"1981-11-04T17:57:06.731Z","age":42},"registered":{"date":"2014-07-03T18:28:28.082Z","age":9},"phone":"03-798-980","cell":"048-579-40-01","id":{"name":"HETU","value":"NaNNA344undefined"},"picture":{"large":"https://randomuser.me/api/portraits/women/73.jpg","medium":"https://randomuser.me/api/portraits/med/women/73.jpg","thumbnail":"https://randomuser.me/api/portraits/thumb/women/73.jpg"},"nat":"FI"}],"info":{"seed":"90919d83d83f34e8","results":1,"page":1,"version":"1.4"}} 
 </msg>
<msg time="2024-05-05T14:12:50.014493" level="INFO">/opt/hostedtoolcache/Python/3.12.3/x64/lib/python3.12/site-packages/urllib3/connectionpool.py:1103: InsecureRequestWarning: Unverified HTTPS request is being made to host 'randomuser.me'. Adding certificate verification is strongly advised. See: https://urllib3.readthedocs.io/en/latest/advanced-usage.html#tls-warnings
  warnings.warn(</msg>
<msg time="2024-05-05T14:12:50.014581" level="INFO">${response} = &lt;Response [200]&gt;</msg>
<var>${response}</var>
<arg>consultarAPI</arg>
<arg>/api</arg>
<doc>Sends a GET request on a previously created HTTP Session.</doc>
<status status="PASS" start="2024-05-05T14:12:49.905329" elapsed="0.109294"/>
</kw>
<kw name="Set Variable" owner="BuiltIn">
<msg time="2024-05-05T14:12:50.015633" level="INFO">${json_data} = {'results': [{'gender': 'female', 'name': {'title': 'Ms', 'first': 'Elsa', 'last': 'Aro'}, 'location': {'street': {'number': 8727, 'name': 'Siilitie'}, 'city': 'Merikarvia', 'state': 'Kainuu', 'countr...</msg>
<var>${json_data}</var>
<arg>${response.json()}</arg>
<doc>Returns the given values which can then be assigned to a variables.</doc>
<status status="PASS" start="2024-05-05T14:12:50.015074" elapsed="0.000588"/>
</kw>
<kw name="Set Variable" owner="BuiltIn">
<msg time="2024-05-05T14:12:50.016404" level="INFO">${name_title} = Ms</msg>
<var>${name_title}</var>
<arg>${json_data["results"][0]["name"]["title"]}</arg>
<doc>Returns the given values which can then be assigned to a variables.</doc>
<status status="PASS" start="2024-05-05T14:12:50.015968" elapsed="0.000462"/>
</kw>
<kw name="Create List" owner="BuiltIn">
<msg time="2024-05-05T14:12:50.016881" level="INFO">${allowed_titles} = ['Mr', 'Ms', 'Miss', 'Mrs', 'Madame', 'Monsieur']</msg>
<var>${allowed_titles}</var>
<arg>Mr</arg>
<arg>Ms</arg>
<arg>Miss</arg>
<arg>Mrs</arg>
<arg>Madame</arg>
<arg>Monsieur</arg>
<doc>Returns a list containing given items.</doc>
<status status="PASS" start="2024-05-05T14:12:50.016732" elapsed="0.000173"/>
</kw>
<kw name="List Should Contain Value" owner="Collections">
<msg time="2024-05-05T14:12:50.017364" level="INFO">False</msg>
<arg>${allowed_titles}</arg>
<arg>${name_title}</arg>
<doc>Fails if the ``value`` is not found from ``list``.</doc>
<status status="PASS" start="2024-05-05T14:12:50.017197" elapsed="0.000204"/>
</kw>
<kw name="Set Variable" owner="BuiltIn">
<msg time="2024-05-05T14:12:50.018066" level="INFO">${name_country} = FI</msg>
<var>${name_country}</var>
<arg>${json_data["results"][0]["nat"]}</arg>
<doc>Returns the given values which can then be assigned to a variables.</doc>
<status status="PASS" start="2024-05-05T14:12:50.017688" elapsed="0.000402"/>
</kw>
<kw name="Create List" owner="BuiltIn">
<msg time="2024-05-05T14:12:50.018965" level="INFO">${list_country} = ['AD', 'AE', 'AF', 'AG', 'AI', 'AL', 'AM', 'AO', 'AQ', 'AR', 'AS', 'AT', 'AU', 'AW', 'AX', 'AZ', 'BA', 'BB', 'BD', 'BE', 'BF', 'BG', 'BH', 'BI', 'BJ', 'BL', 'BM', 'BN', 'BO', 'BQ', 'BR', 'BS', 'BT', '...</msg>
<var>${list_country}</var>
<arg>AD</arg>
<arg>AE</arg>
<arg>AF</arg>
<arg>AG</arg>
<arg>AI</arg>
<arg>AL</arg>
<arg>AM</arg>
<arg>AO</arg>
<arg>AQ</arg>
<arg>AR</arg>
<arg>AS</arg>
<arg>AT</arg>
<arg>AU</arg>
<arg>AW</arg>
<arg>AX</arg>
<arg>AZ</arg>
<arg>BA</arg>
<arg>BB</arg>
<arg>BD</arg>
<arg>BE</arg>
<arg>BF</arg>
<arg>BG</arg>
<arg>BH</arg>
<arg>BI</arg>
<arg>BJ</arg>
<arg>BL</arg>
<arg>BM</arg>
<arg>BN</arg>
<arg>BO</arg>
<arg>BQ</arg>
<arg>BR</arg>
<arg>BS</arg>
<arg>BT</arg>
<arg>BV</arg>
<arg>BW</arg>
<arg>BY</arg>
<arg>BZ</arg>
<arg>CA</arg>
<arg>CC</arg>
<arg>CD</arg>
<arg>CF</arg>
<arg>CG</arg>
<arg>CH</arg>
<arg>CI</arg>
<arg>CK</arg>
<arg>CL</arg>
<arg>CM</arg>
<arg>CN</arg>
<arg>CO</arg>
<arg>CR</arg>
<arg>CU</arg>
<arg>CV</arg>
<arg>CW</arg>
<arg>CX</arg>
<arg>CY</arg>
<arg>CZ</arg>
<arg>DE</arg>
<arg>DJ</arg>
<arg>DK</arg>
<arg>DM</arg>
<arg>DO</arg>
<arg>DZ</arg>
<arg>EC</arg>
<arg>EE</arg>
<arg>EG</arg>
<arg>EH</arg>
<arg>ER</arg>
<arg>ES</arg>
<arg>ET</arg>
<arg>FI</arg>
<arg>FJ</arg>
<arg>FK</arg>
<arg>FM</arg>
<arg>FO</arg>
<arg>FR</arg>
<arg>GA</arg>
<arg>GB</arg>
<arg>GD</arg>
<arg>GE</arg>
<arg>GF</arg>
<arg>GG</arg>
<arg>GH</arg>
<arg>GI</arg>
<arg>GL</arg>
<arg>GM</arg>
<arg>GN</arg>
<arg>GP</arg>
<arg>GQ</arg>
<arg>GR</arg>
<arg>GS</arg>
<arg>GT</arg>
<arg>GU</arg>
<arg>GW</arg>
<arg>GY</arg>
<arg>HK</arg>
<arg>HM</arg>
<arg>HN</arg>
<arg>HR</arg>
<arg>HT</arg>
<arg>HU</arg>
<arg>ID</arg>
<arg>IE</arg>
<arg>IL</arg>
<arg>IM</arg>
<arg>IN</arg>
<arg>IO</arg>
<arg>IQ</arg>
<arg>IR</arg>
<arg>IS</arg>
<arg>IT</arg>
<arg>JE</arg>
<arg>JM</arg>
<arg>JO</arg>
<arg>JP</arg>
<arg>KE</arg>
<arg>KG</arg>
<arg>KH</arg>
<arg>KI</arg>
<arg>KM</arg>
<arg>KN</arg>
<arg>KP</arg>
<arg>KR</arg>
<arg>KW</arg>
<arg>KY</arg>
<arg>KZ</arg>
<arg>LA</arg>
<arg>LB</arg>
<arg>LC</arg>
<arg>LI</arg>
<arg>LK</arg>
<arg>LR</arg>
<arg>LS</arg>
<arg>LT</arg>
<arg>LU</arg>
<arg>LV</arg>
<arg>LY</arg>
<arg>MA</arg>
<arg>MC</arg>
<arg>MD</arg>
<arg>ME</arg>
<arg>MF</arg>
<arg>MG</arg>
<arg>MH</arg>
<arg>MK</arg>
<arg>ML</arg>
<arg>MM</arg>
<arg>MN</arg>
<arg>MO</arg>
<arg>MP</arg>
<arg>MQ</arg>
<arg>MR</arg>
<arg>MS</arg>
<arg>MT</arg>
<arg>MU</arg>
<arg>MV</arg>
<arg>MW</arg>
<arg>MX</arg>
<arg>MY</arg>
<arg>MZ</arg>
<arg>NA</arg>
<arg>NC</arg>
<arg>NE</arg>
<arg>NF</arg>
<arg>NG</arg>
<arg>NI</arg>
<arg>NL</arg>
<arg>NO</arg>
<arg>NP</arg>
<arg>NR</arg>
<arg>NU</arg>
<arg>NZ</arg>
<arg>OM</arg>
<arg>PA</arg>
<arg>PE</arg>
<arg>PF</arg>
<arg>PG</arg>
<arg>PH</arg>
<arg>PK</arg>
<arg>PL</arg>
<arg>PM</arg>
<arg>PN</arg>
<arg>PR</arg>
<arg>PS</arg>
<arg>PT</arg>
<arg>PW</arg>
<arg>PY</arg>
<arg>QA</arg>
<arg>RE</arg>
<arg>RO</arg>
<arg>RS</arg>
<arg>RU</arg>
<arg>RW</arg>
<arg>SA</arg>
<arg>SB</arg>
<arg>SC</arg>
<arg>SD</arg>
<arg>SE</arg>
<arg>SG</arg>
<arg>SH</arg>
<arg>SI</arg>
<arg>SJ</arg>
<arg>SK</arg>
<arg>SL</arg>
<arg>SM</arg>
<arg>SN</arg>
<arg>SO</arg>
<arg>SR</arg>
<arg>SS</arg>
<arg>ST</arg>
<arg>SV</arg>
<arg>SX</arg>
<arg>SY</arg>
<arg>SZ</arg>
<arg>TC</arg>
<arg>TD</arg>
<arg>TF</arg>
<arg>TG</arg>
<arg>TH</arg>
<arg>TJ</arg>
<arg>TK</arg>
<arg>TL</arg>
<arg>TM</arg>
<arg>TN</arg>
<arg>TO</arg>
<arg>TR</arg>
<arg>TT</arg>
<arg>TV</arg>
<arg>TW</arg>
<arg>TZ</arg>
<arg>UA</arg>
<arg>UG</arg>
<arg>UM</arg>
<arg>US</arg>
<arg>UY</arg>
<arg>UZ</arg>
<arg>VA</arg>
<arg>VC</arg>
<arg>VE</arg>
<arg>VG</arg>
<arg>VI</arg>
<arg>VN</arg>
<arg>VU</arg>
<arg>WF</arg>
<arg>WS</arg>
<arg>XK</arg>
<arg>YE</arg>
<arg>YT</arg>
<arg>ZA</arg>
<arg>ZM</arg>
<arg>ZW</arg>
<doc>Returns a list containing given items.</doc>
<status status="PASS" start="2024-05-05T14:12:50.018386" elapsed="0.000605"/>
</kw>
<kw name="List Should Contain Value" owner="Collections">
<msg time="2024-05-05T14:12:50.019968" level="INFO">False</msg>
<arg>${list_country}</arg>
<arg>${name_country}</arg>
<doc>Fails if the ``value`` is not found from ``list``.</doc>
<status status="PASS" start="2024-05-05T14:12:50.019772" elapsed="0.000233"/>
</kw>
<kw name="Run Keyword If" owner="BuiltIn">
<kw name="Should Be True" owner="BuiltIn">
<arg>${True}</arg>
<doc>Fails if the given condition is not true.</doc>
<status status="PASS" start="2024-05-05T14:12:50.021097" elapsed="0.000241"/>
</kw>
<arg>${json_data["results"][0]["location"]["coordinates"]["latitude"]} &gt;= -90 and ${json_data["results"][0]["location"]["coordinates"]["latitude"]} &lt;= 90</arg>
<arg>Should Be True</arg>
<arg>${True}</arg>
<doc>Runs the given keyword with the given arguments, if ``condition`` is true.</doc>
<status status="PASS" start="2024-05-05T14:12:50.020345" elapsed="0.001125"/>
</kw>
<kw name="Run Keyword If" owner="BuiltIn">
<kw name="Should Be True" owner="BuiltIn">
<arg>${True}</arg>
<doc>Fails if the given condition is not true.</doc>
<status status="PASS" start="2024-05-05T14:12:50.022367" elapsed="0.000135"/>
</kw>
<arg>${json_data["results"][0]["location"]["coordinates"]["longitude"]} &gt;= -180 and ${json_data["results"][0]["location"]["coordinates"]["longitude"]} &lt;= 180</arg>
<arg>Should Be True</arg>
<arg>${True}</arg>
<doc>Runs the given keyword with the given arguments, if ``condition`` is true.</doc>
<status status="PASS" start="2024-05-05T14:12:50.021654" elapsed="0.000969"/>
</kw>
<status status="PASS" start="2024-05-05T14:12:49.905108" elapsed="0.117642"/>
</kw>
<doc>Testa o conteúdo específico dos campos retornados pela API.</doc>
<tag>testeConteudo</tag>
<status status="PASS" start="2024-05-05T14:12:49.904606" elapsed="0.118282"/>
</test>
<status status="PASS" start="2024-05-05T14:12:49.106359" elapsed="0.918515"/>
</suite>
<status status="PASS" start="2024-05-05T14:12:49.092342" elapsed="0.937584"/>
</suite>
<statistics>
<total>
<stat pass="5" fail="0" skip="0">All Tests</stat>
</total>
<tag>
<stat pass="1" fail="0" skip="0">testeConteudo</stat>
<stat pass="1" fail="0" skip="0">testeEstruturaResposta</stat>
<stat pass="1" fail="0" skip="0">testeRequisicaoBasica</stat>
<stat pass="1" fail="0" skip="0">testeTiposDados</stat>
</tag>
<suite>
<stat pass="5" fail="0" skip="0" id="s1" name="Tests">Tests</stat>
<stat pass="5" fail="0" skip="0" id="s1-s1" name="Random-User-Test">Tests.Random-User-Test</stat>
</suite>
</statistics>
<errors>
</errors>
</robot>
