<?xml version="1.0" encoding="UTF-8"?>
<robot generator="Robot 7.0.1 (Python 3.12.4 on linux)" generated="2024-07-12T23:14:25.492741" rpa="false" schemaversion="5">
<suite id="s1" name="Tests" source="/home/runner/work/ApiRandomUser/ApiRandomUser/RamdonUser/tests">
<suite id="s1-s1" name="Random-User-Test" source="/home/runner/work/ApiRandomUser/ApiRandomUser/RamdonUser/tests/random-user-test.robot">
<test id="s1-s1-t1" name="Conectar" line="13">
<kw name="Conectar API" owner="random-user-service">
<kw name="Create Session" owner="RequestsLibrary">
<msg time="2024-07-12T23:14:25.879176" level="INFO">Creating Session using : alias=consultarAPI, url=https://randomuser.me/, headers={},                     cookies={}, auth=None, timeout=None, proxies=None, verify=False,                     debug=0 </msg>
<arg>consultarAPI</arg>
<arg>${URL}</arg>
<doc>Create Session: create a HTTP session to a server</doc>
<status status="PASS" start="2024-07-12T23:14:25.878969" elapsed="0.000389"/>
</kw>
<status status="PASS" start="2024-07-12T23:14:25.877957" elapsed="0.001757"/>
</kw>
<status status="PASS" start="2024-07-12T23:14:25.877351" elapsed="0.002554"/>
</test>
<test id="s1-s1-t2" name="Validar retorno 200 e JSON Válido" line="16">
<kw name="Teste de Requisicao Basica" owner="random-user-service">
<kw name="GET On Session" owner="RequestsLibrary">
<msg time="2024-07-12T23:14:26.089497" level="INFO">GET Request : url=https://randomuser.me/api 
 path_url=/api 
 headers={'User-Agent': 'python-requests/2.32.3', 'Accept-Encoding': 'gzip, deflate', 'Accept': '*/*', 'Connection': 'keep-alive'} 
 body=None 
 </msg>
<msg time="2024-07-12T23:14:26.089642" level="INFO">GET Response : url=https://randomuser.me/api 
 status=200, reason=OK 
 headers={'Date': 'Fri, 12 Jul 2024 23:14:26 GMT', 'Content-Type': 'application/json; charset=utf-8', 'Transfer-Encoding': 'chunked', 'Connection': 'keep-alive', 'X-Powered-By': 'Express', 'Access-Control-Allow-Origin': '*', 'Cache-Control': 'no-cache', 'ETag': 'W/"489-Wp5AdJfVutEgMeEPJ5a7UMv3NXU"', 'Vary': 'Accept-Encoding', 'Content-Encoding': 'gzip', 'CF-Cache-Status': 'DYNAMIC', 'Report-To': '{"endpoints":[{"url":"https:\\/\\/a.nel.cloudflare.com\\/report\\/v4?s=CSDQ4XJcghoicMD0VTb%2FHGovI56mx2%2FL9amQ84fxwrCN5caGabXwZDZNc62rqk%2FMfhXII7TPt%2B7Nza1vxgqkBKo6%2B%2FfRS0vDJMixOWfpJm04NfVppXj3%2B9y2%2BgxX7pSZ"}],"group":"cf-nel","max_age":604800}', 'NEL': '{"success_fraction":0,"report_to":"cf-nel","max_age":604800}', 'Server': 'cloudflare', 'CF-RAY': '8a24bac0af630814-IAD', 'alt-svc': 'h3=":443"; ma=86400'} 
 body={"results":[{"gender":"female","name":{"title":"Ms","first":"Esfir","last":"Yaroshevskiy"},"location":{"street":{"number":5698,"name":"Cimlyanskiy provulok"},"city":"Amvrosiyivka","state":"Zakarpatska","country":"Ukraine","postcode":14383,"coordinates":{"latitude":"76.1990","longitude":"65.5488"},"timezone":{"offset":"-10:00","description":"Hawaii"}},"email":"esfir.yaroshevskiy@example.com","login":{"uuid":"4fc19f04-0b94-48ca-b818-fb3d83ab5466","username":"orangewolf737","password":"australia","salt":"RKtGUNoG","md5":"6f304a0ec84521cc4809d79e56b42980","sha1":"a4c306777b8ecbd6445b9dde57b3eba6804e92d2","sha256":"20bebc522c149020f68d662505b4e172adb4a8712b28c65fb671a256bd25e3b5"},"dob":{"date":"1956-02-22T01:03:50.450Z","age":68},"registered":{"date":"2018-10-09T13:18:03.507Z","age":5},"phone":"(067) Q73-3442","cell":"(068) H11-1470","id":{"name":"","value":null},"picture":{"large":"https://randomuser.me/api/portraits/women/49.jpg","medium":"https://randomuser.me/api/portraits/med/women/49.jpg","thumbnail":"https://randomuser.me/api/portraits/thumb/women/49.jpg"},"nat":"UA"}],"info":{"seed":"739c5be6f71e3eeb","results":1,"page":1,"version":"1.4"}} 
 </msg>
<msg time="2024-07-12T23:14:26.089726" level="INFO">/opt/hostedtoolcache/Python/3.12.4/x64/lib/python3.12/site-packages/urllib3/connectionpool.py:1099: InsecureRequestWarning: Unverified HTTPS request is being made to host 'randomuser.me'. Adding certificate verification is strongly advised. See: https://urllib3.readthedocs.io/en/latest/advanced-usage.html#tls-warnings
  warnings.warn(</msg>
<msg time="2024-07-12T23:14:26.089883" level="INFO">${response} = &lt;Response [200]&gt;</msg>
<var>${response}</var>
<arg>consultarAPI</arg>
<arg>/api</arg>
<doc>Sends a GET request on a previously created HTTP Session.</doc>
<status status="PASS" start="2024-07-12T23:14:25.882510" elapsed="0.207446"/>
</kw>
<kw name="Should Be Equal As Numbers" owner="BuiltIn">
<msg time="2024-07-12T23:14:26.090949" level="INFO">Argument types are:
&lt;class 'int'&gt;
&lt;class 'str'&gt;</msg>
<arg>${response.status_code}</arg>
<arg>200</arg>
<doc>Fails if objects are unequal after converting them to real numbers.</doc>
<status status="PASS" start="2024-07-12T23:14:26.090448" elapsed="0.000566"/>
</kw>
<kw name="Log" owner="BuiltIn">
<msg time="2024-07-12T23:14:26.091670" level="INFO">200</msg>
<arg>${response.status_code}</arg>
<doc>Logs the given message with the given level.</doc>
<status status="PASS" start="2024-07-12T23:14:26.091328" elapsed="0.000385"/>
</kw>
<kw name="Set Variable" owner="BuiltIn">
<msg time="2024-07-12T23:14:26.092439" level="INFO">${json_data} = {'results': [{'gender': 'female', 'name': {'title': 'Ms', 'first': 'Esfir', 'last': 'Yaroshevskiy'}, 'location': {'street': {'number': 5698, 'name': 'Cimlyanskiy provulok'}, 'city': 'Amvrosiyivka', 's...</msg>
<var>${json_data}</var>
<arg>${response.json()}</arg>
<doc>Returns the given values which can then be assigned to a variables.</doc>
<status status="PASS" start="2024-07-12T23:14:26.092013" elapsed="0.000455"/>
</kw>
<kw name="Dictionary Should Contain Key" owner="Collections">
<arg>${json_data}</arg>
<arg>results</arg>
<doc>Fails if ``key`` is not found from ``dictionary``.</doc>
<status status="PASS" start="2024-07-12T23:14:26.092765" elapsed="0.000170"/>
</kw>
<status status="PASS" start="2024-07-12T23:14:25.882271" elapsed="0.210813"/>
</kw>
<doc>Testa se a API responde corretamente e retorna um objeto JSON válido.</doc>
<tag>testeRequisicaoBasica</tag>
<status status="PASS" start="2024-07-12T23:14:25.881767" elapsed="0.211497"/>
</test>
<test id="s1-s1-t3" name="Validar estrutura de resposta" line="22">
<kw name="Teste de Estrutura de Resposta" owner="random-user-service">
<kw name="GET On Session" owner="RequestsLibrary">
<msg time="2024-07-12T23:14:26.416418" level="INFO">GET Request : url=https://randomuser.me/api 
 path_url=/api 
 headers={'User-Agent': 'python-requests/2.32.3', 'Accept-Encoding': 'gzip, deflate', 'Accept': '*/*', 'Connection': 'keep-alive'} 
 body=None 
 </msg>
<msg time="2024-07-12T23:14:26.416573" level="INFO">GET Response : url=https://randomuser.me/api 
 status=200, reason=OK 
 headers={'Date': 'Fri, 12 Jul 2024 23:14:26 GMT', 'Content-Type': 'application/json; charset=utf-8', 'Transfer-Encoding': 'chunked', 'Connection': 'keep-alive', 'X-Powered-By': 'Express', 'Access-Control-Allow-Origin': '*', 'Cache-Control': 'no-cache', 'ETag': 'W/"499-dUAPy0hR9PrU7Dxu48XWF/CgT0U"', 'Vary': 'Accept-Encoding', 'Content-Encoding': 'gzip', 'CF-Cache-Status': 'DYNAMIC', 'Report-To': '{"endpoints":[{"url":"https:\\/\\/a.nel.cloudflare.com\\/report\\/v4?s=xW1%2FogEhPT9ew3Nsztq4CAGOH%2BTxPvlH2Kh0bNtBPBmSxe784fOT8rY17oMnSM8JpSIzQ%2F2%2BtsPb1HN0tk9xC7dJn17pRJ7%2FB4RSsPHo%2Fq9czX%2BtRL8vQu5o%2Be5XaFyV"}],"group":"cf-nel","max_age":604800}', 'NEL': '{"success_fraction":0,"report_to":"cf-nel","max_age":604800}', 'Server': 'cloudflare', 'CF-RAY': '8a24bac11fcc0814-IAD', 'alt-svc': 'h3=":443"; ma=86400'} 
 body={"results":[{"gender":"male","name":{"title":"Mr","first":"Mason","last":"Kampman"},"location":{"street":{"number":6806,"name":"Begonialaan"},"city":"Casteren","state":"Gelderland","country":"Netherlands","postcode":"2599 WS","coordinates":{"latitude":"35.6786","longitude":"-175.6026"},"timezone":{"offset":"+3:00","description":"Baghdad, Riyadh, Moscow, St. Petersburg"}},"email":"mason.kampman@example.com","login":{"uuid":"958a1246-6f3d-4c53-ad98-de7c52583356","username":"organiclion862","password":"spoons","salt":"x7m3Uwn4","md5":"ea5de6dbf720b74ffe2f92b949d356c0","sha1":"c1c30a1f8d27cfd6bc718e6414ba68f1500bba4b","sha256":"59a01fa631249742229e3451d5607985257361ec79d18fddc1b8d58dbcb1dfdc"},"dob":{"date":"1995-09-13T00:11:23.570Z","age":28},"registered":{"date":"2011-05-13T06:52:03.965Z","age":13},"phone":"(0004) 549172","cell":"(06) 21690052","id":{"name":"BSN","value":"13870009"},"picture":{"large":"https://randomuser.me/api/portraits/men/76.jpg","medium":"https://randomuser.me/api/portraits/med/men/76.jpg","thumbnail":"https://randomuser.me/api/portraits/thumb/men/76.jpg"},"nat":"NL"}],"info":{"seed":"2ace3509c071c8ed","results":1,"page":1,"version":"1.4"}} 
 </msg>
<msg time="2024-07-12T23:14:26.416727" level="INFO">/opt/hostedtoolcache/Python/3.12.4/x64/lib/python3.12/site-packages/urllib3/connectionpool.py:1099: InsecureRequestWarning: Unverified HTTPS request is being made to host 'randomuser.me'. Adding certificate verification is strongly advised. See: https://urllib3.readthedocs.io/en/latest/advanced-usage.html#tls-warnings
  warnings.warn(</msg>
<msg time="2024-07-12T23:14:26.416882" level="INFO">${response} = &lt;Response [200]&gt;</msg>
<var>${response}</var>
<arg>consultarAPI</arg>
<arg>/api</arg>
<doc>Sends a GET request on a previously created HTTP Session.</doc>
<status status="PASS" start="2024-07-12T23:14:26.095932" elapsed="0.320991"/>
</kw>
<kw name="Set Variable" owner="BuiltIn">
<msg time="2024-07-12T23:14:26.418049" level="INFO">${json_data} = {'results': [{'gender': 'male', 'name': {'title': 'Mr', 'first': 'Mason', 'last': 'Kampman'}, 'location': {'street': {'number': 6806, 'name': 'Begonialaan'}, 'city': 'Casteren', 'state': 'Gelderland',...</msg>
<var>${json_data}</var>
<arg>${response.json()}</arg>
<doc>Returns the given values which can then be assigned to a variables.</doc>
<status status="PASS" start="2024-07-12T23:14:26.417512" elapsed="0.000565"/>
</kw>
<kw name="Log" owner="BuiltIn">
<msg time="2024-07-12T23:14:26.418546" level="INFO">{'results': [{'gender': 'male', 'name': {'title': 'Mr', 'first': 'Mason', 'last': 'Kampman'}, 'location': {'street': {'number': 6806, 'name': 'Begonialaan'}, 'city': 'Casteren', 'state': 'Gelderland', 'country': 'Netherlands', 'postcode': '2599 WS', 'coordinates': {'latitude': '35.6786', 'longitude': '-175.6026'}, 'timezone': {'offset': '+3:00', 'description': 'Baghdad, Riyadh, Moscow, St. Petersburg'}}, 'email': 'mason.kampman@example.com', 'login': {'uuid': '958a1246-6f3d-4c53-ad98-de7c52583356', 'username': 'organiclion862', 'password': 'spoons', 'salt': 'x7m3Uwn4', 'md5': 'ea5de6dbf720b74ffe2f92b949d356c0', 'sha1': 'c1c30a1f8d27cfd6bc718e6414ba68f1500bba4b', 'sha256': '59a01fa631249742229e3451d5607985257361ec79d18fddc1b8d58dbcb1dfdc'}, 'dob': {'date': '1995-09-13T00:11:23.570Z', 'age': 28}, 'registered': {'date': '2011-05-13T06:52:03.965Z', 'age': 13}, 'phone': '(0004) 549172', 'cell': '(06) 21690052', 'id': {'name': 'BSN', 'value': '13870009'}, 'picture': {'large': 'https://randomuser.me/api/portraits/men/76.jpg', 'medium': 'https://randomuser.me/api/portraits/med/men/76.jpg', 'thumbnail': 'https://randomuser.me/api/portraits/thumb/men/76.jpg'}, 'nat': 'NL'}], 'info': {'seed': '2ace3509c071c8ed', 'results': 1, 'page': 1, 'version': '1.4'}}</msg>
<arg>${json_data}</arg>
<doc>Logs the given message with the given level.</doc>
<status status="PASS" start="2024-07-12T23:14:26.418384" elapsed="0.000211"/>
</kw>
<kw name="Dictionary Should Contain Key" owner="Collections">
<arg>${json_data}</arg>
<arg>results</arg>
<doc>Fails if ``key`` is not found from ``dictionary``.</doc>
<status status="PASS" start="2024-07-12T23:14:26.418927" elapsed="0.000164"/>
</kw>
<kw name="Should Not Be Empty" owner="BuiltIn">
<msg time="2024-07-12T23:14:26.419403" level="INFO">Length is 2.</msg>
<arg>${json_data}</arg>
<doc>Verifies that the given item is not empty.</doc>
<status status="PASS" start="2024-07-12T23:14:26.419274" elapsed="0.000167"/>
</kw>
<kw name="Create List" owner="BuiltIn">
<msg time="2024-07-12T23:14:26.420036" level="INFO">${expected_keys} = ['gender', 'name', 'location', 'email', 'login']</msg>
<var>${expected_keys}</var>
<arg>gender</arg>
<arg>name</arg>
<arg>location</arg>
<arg>email</arg>
<arg>login</arg>
<doc>Returns a list containing given items.</doc>
<status status="PASS" start="2024-07-12T23:14:26.419729" elapsed="0.000332"/>
</kw>
<for flavor="IN">
<iter>
<kw name="Dictionary Should Contain Key" owner="Collections">
<arg>${json_data['results'][0]}</arg>
<arg>${key}</arg>
<doc>Fails if ``key`` is not found from ``dictionary``.</doc>
<status status="PASS" start="2024-07-12T23:14:26.420635" elapsed="0.000396"/>
</kw>
<kw name="Log" owner="BuiltIn">
<msg time="2024-07-12T23:14:26.421574" level="INFO">{'gender': 'male', 'name': {'title': 'Mr', 'first': 'Mason', 'last': 'Kampman'}, 'location': {'street': {'number': 6806, 'name': 'Begonialaan'}, 'city': 'Casteren', 'state': 'Gelderland', 'country': 'Netherlands', 'postcode': '2599 WS', 'coordinates': {'latitude': '35.6786', 'longitude': '-175.6026'}, 'timezone': {'offset': '+3:00', 'description': 'Baghdad, Riyadh, Moscow, St. Petersburg'}}, 'email': 'mason.kampman@example.com', 'login': {'uuid': '958a1246-6f3d-4c53-ad98-de7c52583356', 'username': 'organiclion862', 'password': 'spoons', 'salt': 'x7m3Uwn4', 'md5': 'ea5de6dbf720b74ffe2f92b949d356c0', 'sha1': 'c1c30a1f8d27cfd6bc718e6414ba68f1500bba4b', 'sha256': '59a01fa631249742229e3451d5607985257361ec79d18fddc1b8d58dbcb1dfdc'}, 'dob': {'date': '1995-09-13T00:11:23.570Z', 'age': 28}, 'registered': {'date': '2011-05-13T06:52:03.965Z', 'age': 13}, 'phone': '(0004) 549172', 'cell': '(06) 21690052', 'id': {'name': 'BSN', 'value': '13870009'}, 'picture': {'large': 'https://randomuser.me/api/portraits/men/76.jpg', 'medium': 'https://randomuser.me/api/portraits/med/men/76.jpg', 'thumbnail': 'https://randomuser.me/api/portraits/thumb/men/76.jpg'}, 'nat': 'NL'}</msg>
<arg>${json_data['results'][0]}</arg>
<doc>Logs the given message with the given level.</doc>
<status status="PASS" start="2024-07-12T23:14:26.421215" elapsed="0.000406"/>
</kw>
<kw name="Log" owner="BuiltIn">
<msg time="2024-07-12T23:14:26.422045" level="INFO">gender</msg>
<arg>${key}</arg>
<doc>Logs the given message with the given level.</doc>
<status status="PASS" start="2024-07-12T23:14:26.421917" elapsed="0.000171"/>
</kw>
<var name="${key}">gender</var>
<status status="PASS" start="2024-07-12T23:14:26.420513" elapsed="0.001790"/>
</iter>
<iter>
<kw name="Dictionary Should Contain Key" owner="Collections">
<arg>${json_data['results'][0]}</arg>
<arg>${key}</arg>
<doc>Fails if ``key`` is not found from ``dictionary``.</doc>
<status status="PASS" start="2024-07-12T23:14:26.422592" elapsed="0.000420"/>
</kw>
<kw name="Log" owner="BuiltIn">
<msg time="2024-07-12T23:14:26.423578" level="INFO">{'gender': 'male', 'name': {'title': 'Mr', 'first': 'Mason', 'last': 'Kampman'}, 'location': {'street': {'number': 6806, 'name': 'Begonialaan'}, 'city': 'Casteren', 'state': 'Gelderland', 'country': 'Netherlands', 'postcode': '2599 WS', 'coordinates': {'latitude': '35.6786', 'longitude': '-175.6026'}, 'timezone': {'offset': '+3:00', 'description': 'Baghdad, Riyadh, Moscow, St. Petersburg'}}, 'email': 'mason.kampman@example.com', 'login': {'uuid': '958a1246-6f3d-4c53-ad98-de7c52583356', 'username': 'organiclion862', 'password': 'spoons', 'salt': 'x7m3Uwn4', 'md5': 'ea5de6dbf720b74ffe2f92b949d356c0', 'sha1': 'c1c30a1f8d27cfd6bc718e6414ba68f1500bba4b', 'sha256': '59a01fa631249742229e3451d5607985257361ec79d18fddc1b8d58dbcb1dfdc'}, 'dob': {'date': '1995-09-13T00:11:23.570Z', 'age': 28}, 'registered': {'date': '2011-05-13T06:52:03.965Z', 'age': 13}, 'phone': '(0004) 549172', 'cell': '(06) 21690052', 'id': {'name': 'BSN', 'value': '13870009'}, 'picture': {'large': 'https://randomuser.me/api/portraits/men/76.jpg', 'medium': 'https://randomuser.me/api/portraits/med/men/76.jpg', 'thumbnail': 'https://randomuser.me/api/portraits/thumb/men/76.jpg'}, 'nat': 'NL'}</msg>
<arg>${json_data['results'][0]}</arg>
<doc>Logs the given message with the given level.</doc>
<status status="PASS" start="2024-07-12T23:14:26.423193" elapsed="0.000443"/>
</kw>
<kw name="Log" owner="BuiltIn">
<msg time="2024-07-12T23:14:26.424054" level="INFO">name</msg>
<arg>${key}</arg>
<doc>Logs the given message with the given level.</doc>
<status status="PASS" start="2024-07-12T23:14:26.423929" elapsed="0.000162"/>
</kw>
<var name="${key}">name</var>
<status status="PASS" start="2024-07-12T23:14:26.422484" elapsed="0.001821"/>
</iter>
<iter>
<kw name="Dictionary Should Contain Key" owner="Collections">
<arg>${json_data['results'][0]}</arg>
<arg>${key}</arg>
<doc>Fails if ``key`` is not found from ``dictionary``.</doc>
<status status="PASS" start="2024-07-12T23:14:26.424586" elapsed="0.000376"/>
</kw>
<kw name="Log" owner="BuiltIn">
<msg time="2024-07-12T23:14:26.425487" level="INFO">{'gender': 'male', 'name': {'title': 'Mr', 'first': 'Mason', 'last': 'Kampman'}, 'location': {'street': {'number': 6806, 'name': 'Begonialaan'}, 'city': 'Casteren', 'state': 'Gelderland', 'country': 'Netherlands', 'postcode': '2599 WS', 'coordinates': {'latitude': '35.6786', 'longitude': '-175.6026'}, 'timezone': {'offset': '+3:00', 'description': 'Baghdad, Riyadh, Moscow, St. Petersburg'}}, 'email': 'mason.kampman@example.com', 'login': {'uuid': '958a1246-6f3d-4c53-ad98-de7c52583356', 'username': 'organiclion862', 'password': 'spoons', 'salt': 'x7m3Uwn4', 'md5': 'ea5de6dbf720b74ffe2f92b949d356c0', 'sha1': 'c1c30a1f8d27cfd6bc718e6414ba68f1500bba4b', 'sha256': '59a01fa631249742229e3451d5607985257361ec79d18fddc1b8d58dbcb1dfdc'}, 'dob': {'date': '1995-09-13T00:11:23.570Z', 'age': 28}, 'registered': {'date': '2011-05-13T06:52:03.965Z', 'age': 13}, 'phone': '(0004) 549172', 'cell': '(06) 21690052', 'id': {'name': 'BSN', 'value': '13870009'}, 'picture': {'large': 'https://randomuser.me/api/portraits/men/76.jpg', 'medium': 'https://randomuser.me/api/portraits/med/men/76.jpg', 'thumbnail': 'https://randomuser.me/api/portraits/thumb/men/76.jpg'}, 'nat': 'NL'}</msg>
<arg>${json_data['results'][0]}</arg>
<doc>Logs the given message with the given level.</doc>
<status status="PASS" start="2024-07-12T23:14:26.425143" elapsed="0.000391"/>
</kw>
<kw name="Log" owner="BuiltIn">
<msg time="2024-07-12T23:14:26.425952" level="INFO">location</msg>
<arg>${key}</arg>
<doc>Logs the given message with the given level.</doc>
<status status="PASS" start="2024-07-12T23:14:26.425827" elapsed="0.000161"/>
</kw>
<var name="${key}">location</var>
<status status="PASS" start="2024-07-12T23:14:26.424478" elapsed="0.001725"/>
</iter>
<iter>
<kw name="Dictionary Should Contain Key" owner="Collections">
<arg>${json_data['results'][0]}</arg>
<arg>${key}</arg>
<doc>Fails if ``key`` is not found from ``dictionary``.</doc>
<status status="PASS" start="2024-07-12T23:14:26.426480" elapsed="0.000420"/>
</kw>
<kw name="Log" owner="BuiltIn">
<msg time="2024-07-12T23:14:26.427435" level="INFO">{'gender': 'male', 'name': {'title': 'Mr', 'first': 'Mason', 'last': 'Kampman'}, 'location': {'street': {'number': 6806, 'name': 'Begonialaan'}, 'city': 'Casteren', 'state': 'Gelderland', 'country': 'Netherlands', 'postcode': '2599 WS', 'coordinates': {'latitude': '35.6786', 'longitude': '-175.6026'}, 'timezone': {'offset': '+3:00', 'description': 'Baghdad, Riyadh, Moscow, St. Petersburg'}}, 'email': 'mason.kampman@example.com', 'login': {'uuid': '958a1246-6f3d-4c53-ad98-de7c52583356', 'username': 'organiclion862', 'password': 'spoons', 'salt': 'x7m3Uwn4', 'md5': 'ea5de6dbf720b74ffe2f92b949d356c0', 'sha1': 'c1c30a1f8d27cfd6bc718e6414ba68f1500bba4b', 'sha256': '59a01fa631249742229e3451d5607985257361ec79d18fddc1b8d58dbcb1dfdc'}, 'dob': {'date': '1995-09-13T00:11:23.570Z', 'age': 28}, 'registered': {'date': '2011-05-13T06:52:03.965Z', 'age': 13}, 'phone': '(0004) 549172', 'cell': '(06) 21690052', 'id': {'name': 'BSN', 'value': '13870009'}, 'picture': {'large': 'https://randomuser.me/api/portraits/men/76.jpg', 'medium': 'https://randomuser.me/api/portraits/med/men/76.jpg', 'thumbnail': 'https://randomuser.me/api/portraits/thumb/men/76.jpg'}, 'nat': 'NL'}</msg>
<arg>${json_data['results'][0]}</arg>
<doc>Logs the given message with the given level.</doc>
<status status="PASS" start="2024-07-12T23:14:26.427087" elapsed="0.000395"/>
</kw>
<kw name="Log" owner="BuiltIn">
<msg time="2024-07-12T23:14:26.427903" level="INFO">email</msg>
<arg>${key}</arg>
<doc>Logs the given message with the given level.</doc>
<status status="PASS" start="2024-07-12T23:14:26.427774" elapsed="0.000168"/>
</kw>
<var name="${key}">email</var>
<status status="PASS" start="2024-07-12T23:14:26.426369" elapsed="0.001800"/>
</iter>
<iter>
<kw name="Dictionary Should Contain Key" owner="Collections">
<arg>${json_data['results'][0]}</arg>
<arg>${key}</arg>
<doc>Fails if ``key`` is not found from ``dictionary``.</doc>
<status status="PASS" start="2024-07-12T23:14:26.428449" elapsed="0.000377"/>
</kw>
<kw name="Log" owner="BuiltIn">
<msg time="2024-07-12T23:14:26.429348" level="INFO">{'gender': 'male', 'name': {'title': 'Mr', 'first': 'Mason', 'last': 'Kampman'}, 'location': {'street': {'number': 6806, 'name': 'Begonialaan'}, 'city': 'Casteren', 'state': 'Gelderland', 'country': 'Netherlands', 'postcode': '2599 WS', 'coordinates': {'latitude': '35.6786', 'longitude': '-175.6026'}, 'timezone': {'offset': '+3:00', 'description': 'Baghdad, Riyadh, Moscow, St. Petersburg'}}, 'email': 'mason.kampman@example.com', 'login': {'uuid': '958a1246-6f3d-4c53-ad98-de7c52583356', 'username': 'organiclion862', 'password': 'spoons', 'salt': 'x7m3Uwn4', 'md5': 'ea5de6dbf720b74ffe2f92b949d356c0', 'sha1': 'c1c30a1f8d27cfd6bc718e6414ba68f1500bba4b', 'sha256': '59a01fa631249742229e3451d5607985257361ec79d18fddc1b8d58dbcb1dfdc'}, 'dob': {'date': '1995-09-13T00:11:23.570Z', 'age': 28}, 'registered': {'date': '2011-05-13T06:52:03.965Z', 'age': 13}, 'phone': '(0004) 549172', 'cell': '(06) 21690052', 'id': {'name': 'BSN', 'value': '13870009'}, 'picture': {'large': 'https://randomuser.me/api/portraits/men/76.jpg', 'medium': 'https://randomuser.me/api/portraits/med/men/76.jpg', 'thumbnail': 'https://randomuser.me/api/portraits/thumb/men/76.jpg'}, 'nat': 'NL'}</msg>
<arg>${json_data['results'][0]}</arg>
<doc>Logs the given message with the given level.</doc>
<status status="PASS" start="2024-07-12T23:14:26.429007" elapsed="0.000389"/>
</kw>
<kw name="Log" owner="BuiltIn">
<msg time="2024-07-12T23:14:26.429806" level="INFO">login</msg>
<arg>${key}</arg>
<doc>Logs the given message with the given level.</doc>
<status status="PASS" start="2024-07-12T23:14:26.429683" elapsed="0.000171"/>
</kw>
<var name="${key}">login</var>
<status status="PASS" start="2024-07-12T23:14:26.428336" elapsed="0.001729"/>
</iter>
<var>${key}</var>
<value>@{expected_keys}</value>
<status status="PASS" start="2024-07-12T23:14:26.420325" elapsed="0.009859"/>
</for>
<kw name="Create List" owner="BuiltIn">
<msg time="2024-07-12T23:14:26.430543" level="INFO">${expected_keysTwo} = ['username', 'password']</msg>
<var>${expected_keysTwo}</var>
<arg>username</arg>
<arg>password</arg>
<doc>Returns a list containing given items.</doc>
<status status="PASS" start="2024-07-12T23:14:26.430370" elapsed="0.000199"/>
</kw>
<for flavor="IN">
<iter>
<kw name="Dictionary Should Contain Key" owner="Collections">
<arg>${json_data['results'][0]['login']}</arg>
<arg>${keyTwo}</arg>
<doc>Fails if ``key`` is not found from ``dictionary``.</doc>
<status status="PASS" start="2024-07-12T23:14:26.431100" elapsed="0.000382"/>
</kw>
<kw name="Dictionary Should Contain Key" owner="Collections">
<arg>${json_data['results'][0]['login']}</arg>
<arg>${keyTwo}</arg>
<doc>Fails if ``key`` is not found from ``dictionary``.</doc>
<status status="PASS" start="2024-07-12T23:14:26.431661" elapsed="0.000369"/>
</kw>
<kw name="Log" owner="BuiltIn">
<msg time="2024-07-12T23:14:26.432337" level="INFO">username</msg>
<arg>${keyTwo}</arg>
<doc>Logs the given message with the given level.</doc>
<status status="PASS" start="2024-07-12T23:14:26.432218" elapsed="0.000155"/>
</kw>
<var name="${keyTwo}">username</var>
<status status="PASS" start="2024-07-12T23:14:26.430994" elapsed="0.001600"/>
</iter>
<iter>
<kw name="Dictionary Should Contain Key" owner="Collections">
<arg>${json_data['results'][0]['login']}</arg>
<arg>${keyTwo}</arg>
<doc>Fails if ``key`` is not found from ``dictionary``.</doc>
<status status="PASS" start="2024-07-12T23:14:26.432865" elapsed="0.000384"/>
</kw>
<kw name="Dictionary Should Contain Key" owner="Collections">
<arg>${json_data['results'][0]['login']}</arg>
<arg>${keyTwo}</arg>
<doc>Fails if ``key`` is not found from ``dictionary``.</doc>
<status status="PASS" start="2024-07-12T23:14:26.433422" elapsed="0.000359"/>
</kw>
<kw name="Log" owner="BuiltIn">
<msg time="2024-07-12T23:14:26.434068" level="INFO">password</msg>
<arg>${keyTwo}</arg>
<doc>Logs the given message with the given level.</doc>
<status status="PASS" start="2024-07-12T23:14:26.433953" elapsed="0.000156"/>
</kw>
<var name="${keyTwo}">password</var>
<status status="PASS" start="2024-07-12T23:14:26.432760" elapsed="0.001656"/>
</iter>
<var>${keyTwo}</var>
<value>@{expected_keysTwo}</value>
<status status="PASS" start="2024-07-12T23:14:26.430844" elapsed="0.003690"/>
</for>
<status status="PASS" start="2024-07-12T23:14:26.095700" elapsed="0.339013"/>
</kw>
<doc>Testa a estrutura da resposta da API.</doc>
<tag>testeEstruturaResposta</tag>
<status status="PASS" start="2024-07-12T23:14:26.095100" elapsed="0.339771"/>
</test>
<test id="s1-s1-t4" name="Validar tipos de dados" line="28">
<kw name="Teste de Tipos de Dados" owner="random-user-service">
<kw name="GET On Session" owner="RequestsLibrary">
<msg time="2024-07-12T23:14:26.554993" level="INFO">GET Request : url=https://randomuser.me/api 
 path_url=/api 
 headers={'User-Agent': 'python-requests/2.32.3', 'Accept-Encoding': 'gzip, deflate', 'Accept': '*/*', 'Connection': 'keep-alive'} 
 body=None 
 </msg>
<msg time="2024-07-12T23:14:26.555079" level="INFO">GET Response : url=https://randomuser.me/api 
 status=200, reason=OK 
 headers={'Date': 'Fri, 12 Jul 2024 23:14:26 GMT', 'Content-Type': 'application/json; charset=utf-8', 'Transfer-Encoding': 'chunked', 'Connection': 'keep-alive', 'X-Powered-By': 'Express', 'Access-Control-Allow-Origin': '*', 'Cache-Control': 'no-cache', 'ETag': 'W/"47d-Pr8ecACdkNyFtg3qIYbuk4UKHLU"', 'Vary': 'Accept-Encoding', 'Content-Encoding': 'gzip', 'CF-Cache-Status': 'DYNAMIC', 'Report-To': '{"endpoints":[{"url":"https:\\/\\/a.nel.cloudflare.com\\/report\\/v4?s=Syd3urk65I16jNO0sJ%2FIUsAY6X4cPpANi1OQBj2IgAtAUl60qQpm5T32EvURYiAww5OYKifnC3GSyCmwjfD4sZg1KQLBlkXrL2R8e8NUqLnt3GeX%2B9GFmq3g2hyiWy9U"}],"group":"cf-nel","max_age":604800}', 'NEL': '{"success_fraction":0,"report_to":"cf-nel","max_age":604800}', 'Server': 'cloudflare', 'CF-RAY': '8a24bac349e70814-IAD', 'alt-svc': 'h3=":443"; ma=86400'} 
 body={"results":[{"gender":"male","name":{"title":"Mr","first":"Dominic","last":"Park"},"location":{"street":{"number":8123,"name":"York St"},"city":"Kingston","state":"Nunavut","country":"Canada","postcode":"N5A 1M9","coordinates":{"latitude":"-67.9396","longitude":"-67.1728"},"timezone":{"offset":"-7:00","description":"Mountain Time (US &amp; Canada)"}},"email":"dominic.park@example.com","login":{"uuid":"4b2cf881-045f-426a-97a6-64f981b4f73b","username":"purplekoala461","password":"janice","salt":"ctt7jzNx","md5":"617cbcb16e67fd6ef93dbca218dc902f","sha1":"fdc57d3bed43e99da5a95510f1032494612e1115","sha256":"83aad119f6f96714766360fb275b41079fa865df040a9dffe3bc70f55ce617b3"},"dob":{"date":"1959-02-22T07:53:47.681Z","age":65},"registered":{"date":"2021-04-13T12:22:38.866Z","age":3},"phone":"O16 G94-2758","cell":"Z76 V44-3526","id":{"name":"SIN","value":"822131611"},"picture":{"large":"https://randomuser.me/api/portraits/men/60.jpg","medium":"https://randomuser.me/api/portraits/med/men/60.jpg","thumbnail":"https://randomuser.me/api/portraits/thumb/men/60.jpg"},"nat":"CA"}],"info":{"seed":"6056d6ef769b6356","results":1,"page":1,"version":"1.4"}} 
 </msg>
<msg time="2024-07-12T23:14:26.555148" level="INFO">/opt/hostedtoolcache/Python/3.12.4/x64/lib/python3.12/site-packages/urllib3/connectionpool.py:1099: InsecureRequestWarning: Unverified HTTPS request is being made to host 'randomuser.me'. Adding certificate verification is strongly advised. See: https://urllib3.readthedocs.io/en/latest/advanced-usage.html#tls-warnings
  warnings.warn(</msg>
<msg time="2024-07-12T23:14:26.555253" level="INFO">${response} = &lt;Response [200]&gt;</msg>
<var>${response}</var>
<arg>consultarAPI</arg>
<arg>/api</arg>
<doc>Sends a GET request on a previously created HTTP Session.</doc>
<status status="PASS" start="2024-07-12T23:14:26.437367" elapsed="0.117927"/>
</kw>
<kw name="Set Variable" owner="BuiltIn">
<msg time="2024-07-12T23:14:26.556370" level="INFO">${json_data} = {'results': [{'gender': 'male', 'name': {'title': 'Mr', 'first': 'Dominic', 'last': 'Park'}, 'location': {'street': {'number': 8123, 'name': 'York St'}, 'city': 'Kingston', 'state': 'Nunavut', 'countr...</msg>
<var>${json_data}</var>
<arg>${response.json()}</arg>
<doc>Returns the given values which can then be assigned to a variables.</doc>
<status status="PASS" start="2024-07-12T23:14:26.555792" elapsed="0.000606"/>
</kw>
<kw name="Log" owner="BuiltIn">
<msg time="2024-07-12T23:14:26.556851" level="INFO">{'results': [{'gender': 'male', 'name': {'title': 'Mr', 'first': 'Dominic', 'last': 'Park'}, 'location': {'street': {'number': 8123, 'name': 'York St'}, 'city': 'Kingston', 'state': 'Nunavut', 'country': 'Canada', 'postcode': 'N5A 1M9', 'coordinates': {'latitude': '-67.9396', 'longitude': '-67.1728'}, 'timezone': {'offset': '-7:00', 'description': 'Mountain Time (US &amp; Canada)'}}, 'email': 'dominic.park@example.com', 'login': {'uuid': '4b2cf881-045f-426a-97a6-64f981b4f73b', 'username': 'purplekoala461', 'password': 'janice', 'salt': 'ctt7jzNx', 'md5': '617cbcb16e67fd6ef93dbca218dc902f', 'sha1': 'fdc57d3bed43e99da5a95510f1032494612e1115', 'sha256': '83aad119f6f96714766360fb275b41079fa865df040a9dffe3bc70f55ce617b3'}, 'dob': {'date': '1959-02-22T07:53:47.681Z', 'age': 65}, 'registered': {'date': '2021-04-13T12:22:38.866Z', 'age': 3}, 'phone': 'O16 G94-2758', 'cell': 'Z76 V44-3526', 'id': {'name': 'SIN', 'value': '822131611'}, 'picture': {'large': 'https://randomuser.me/api/portraits/men/60.jpg', 'medium': 'https://randomuser.me/api/portraits/med/men/60.jpg', 'thumbnail': 'https://randomuser.me/api/portraits/thumb/men/60.jpg'}, 'nat': 'CA'}], 'info': {'seed': '6056d6ef769b6356', 'results': 1, 'page': 1, 'version': '1.4'}}</msg>
<arg>${json_data}</arg>
<doc>Logs the given message with the given level.</doc>
<status status="PASS" start="2024-07-12T23:14:26.556701" elapsed="0.000198"/>
</kw>
<kw name="Should Be String" owner="String">
<arg>${json_data['results'][0]['gender']}</arg>
<doc>Fails if the given ``item`` is not a string.</doc>
<status status="PASS" start="2024-07-12T23:14:26.557187" elapsed="0.000352"/>
</kw>
<kw name="Should Match Regexp" owner="BuiltIn">
<arg>${json_data['results'][0]['email']}</arg>
<arg>^[a-zA-Z0-9._%+-]+@[a-zA-Z0-9.-]+\.[a-zA-Z]{2,}$</arg>
<doc>Fails if ``string`` does not match ``pattern`` as a regular expression.</doc>
<status status="PASS" start="2024-07-12T23:14:26.557725" elapsed="0.000512"/>
</kw>
<kw name="Should Match Regexp" owner="BuiltIn">
<arg>${json_data['results'][0]['dob']['date']}</arg>
<arg>\\d{4}-\\d{2}-\\d{2}T\\d{2}:\\d{2}:\\d{2}\\.\\d{3}Z</arg>
<doc>Fails if ``string`` does not match ``pattern`` as a regular expression.</doc>
<status status="PASS" start="2024-07-12T23:14:26.558463" elapsed="0.000558"/>
</kw>
<kw name="Should Match Regexp" owner="BuiltIn">
<arg>${json_data['results'][0]['registered']['date']}</arg>
<arg>\\d{4}-\\d{2}-\\d{2}T\\d{2}:\\d{2}:\\d{2}\\.\\d{3}Z</arg>
<doc>Fails if ``string`` does not match ``pattern`` as a regular expression.</doc>
<status status="PASS" start="2024-07-12T23:14:26.559214" elapsed="0.000367"/>
</kw>
<kw name="Should Match Regexp" owner="BuiltIn">
<arg>${json_data['results'][0]['picture']['large']}</arg>
<arg>^https?://.*\.(?:png|jpe?g|gif|bmp)$</arg>
<doc>Fails if ``string`` does not match ``pattern`` as a regular expression.</doc>
<status status="PASS" start="2024-07-12T23:14:26.559766" elapsed="0.000454"/>
</kw>
<kw name="Should Match Regexp" owner="BuiltIn">
<arg>${json_data['results'][0]['picture']['medium']}</arg>
<arg>^https?://.*\.(?:png|jpe?g|gif|bmp)$</arg>
<doc>Fails if ``string`` does not match ``pattern`` as a regular expression.</doc>
<status status="PASS" start="2024-07-12T23:14:26.560408" elapsed="0.000354"/>
</kw>
<kw name="Should Match Regexp" owner="BuiltIn">
<arg>${json_data['results'][0]['picture']['thumbnail']}</arg>
<arg>^https?://.*\.(?:png|jpe?g|gif|bmp)$</arg>
<doc>Fails if ``string`` does not match ``pattern`` as a regular expression.</doc>
<status status="PASS" start="2024-07-12T23:14:26.560945" elapsed="0.000349"/>
</kw>
<kw name="Log" owner="BuiltIn">
<msg time="2024-07-12T23:14:26.561803" level="INFO">{'large': 'https://randomuser.me/api/portraits/men/60.jpg', 'medium': 'https://randomuser.me/api/portraits/med/men/60.jpg', 'thumbnail': 'https://randomuser.me/api/portraits/thumb/men/60.jpg'}</msg>
<arg>${json_data['results'][0]['picture']}</arg>
<doc>Logs the given message with the given level.</doc>
<status status="PASS" start="2024-07-12T23:14:26.561475" elapsed="0.000370"/>
</kw>
<status status="PASS" start="2024-07-12T23:14:26.437150" elapsed="0.124950"/>
</kw>
<kw name="Teste de Tipos de Dados - Postcode" owner="random-user-service">
<kw name="GET On Session" owner="RequestsLibrary">
<msg time="2024-07-12T23:14:26.606918" level="INFO">GET Request : url=https://randomuser.me/api 
 path_url=/api 
 headers={'User-Agent': 'python-requests/2.32.3', 'Accept-Encoding': 'gzip, deflate', 'Accept': '*/*', 'Connection': 'keep-alive'} 
 body=None 
 </msg>
<msg time="2024-07-12T23:14:26.607001" level="INFO">GET Response : url=https://randomuser.me/api 
 status=200, reason=OK 
 headers={'Date': 'Fri, 12 Jul 2024 23:14:26 GMT', 'Content-Type': 'application/json; charset=utf-8', 'Transfer-Encoding': 'chunked', 'Connection': 'keep-alive', 'X-Powered-By': 'Express', 'Access-Control-Allow-Origin': '*', 'Cache-Control': 'no-cache', 'ETag': 'W/"48e-gP5j/rd21IHZZXB0Fxzrs3qR0zA"', 'Vary': 'Accept-Encoding', 'Content-Encoding': 'gzip', 'CF-Cache-Status': 'DYNAMIC', 'Report-To': '{"endpoints":[{"url":"https:\\/\\/a.nel.cloudflare.com\\/report\\/v4?s=fcx%2B%2FUHEfffFMc0fdT%2B10Tl3FP96LBBNRcaybo4G6mAZb3RDQFQCqWVrI4PiR4YByfRy2wNvQmOwGrMk29r4NcXVwD8gPAYQwcvopfd3SxRxzH7LlINzgVyDcI648E9f"}],"group":"cf-nel","max_age":604800}', 'NEL': '{"success_fraction":0,"report_to":"cf-nel","max_age":604800}', 'Server': 'cloudflare', 'CF-RAY': '8a24bac40aa80814-IAD', 'alt-svc': 'h3=":443"; ma=86400'} 
 body={"results":[{"gender":"male","name":{"title":"Mr","first":"Yunnuel","last":"Manzanares"},"location":{"street":{"number":309,"name":"Circuito San Luis Potosí"},"city":"Mocorito","state":"Yucatan","country":"Mexico","postcode":33684,"coordinates":{"latitude":"28.3870","longitude":"-87.0526"},"timezone":{"offset":"+5:45","description":"Kathmandu"}},"email":"yunnuel.manzanares@example.com","login":{"uuid":"f8c068f4-aa95-4898-a867-1594d1577bb8","username":"happyladybug194","password":"maddie","salt":"NPLuFKF5","md5":"b9c8b9e5336ff53cbbd0cb975b369b83","sha1":"57ac62d85b385a94f7931d34624a5adade34f31f","sha256":"ba066ed4588419f2e73b00aac1848c8eb3d410ccb2b558354f67e4ded11d5a53"},"dob":{"date":"1963-02-08T02:44:46.941Z","age":61},"registered":{"date":"2014-08-04T07:10:08.663Z","age":9},"phone":"(680) 344 6650","cell":"(667) 453 2020","id":{"name":"NSS","value":"07 34 58 5464 0"},"picture":{"large":"https://randomuser.me/api/portraits/men/25.jpg","medium":"https://randomuser.me/api/portraits/med/men/25.jpg","thumbnail":"https://randomuser.me/api/portraits/thumb/men/25.jpg"},"nat":"MX"}],"info":{"seed":"0dd6074bf4365bac","results":1,"page":1,"version":"1.4"}} 
 </msg>
<msg time="2024-07-12T23:14:26.607078" level="INFO">/opt/hostedtoolcache/Python/3.12.4/x64/lib/python3.12/site-packages/urllib3/connectionpool.py:1099: InsecureRequestWarning: Unverified HTTPS request is being made to host 'randomuser.me'. Adding certificate verification is strongly advised. See: https://urllib3.readthedocs.io/en/latest/advanced-usage.html#tls-warnings
  warnings.warn(</msg>
<msg time="2024-07-12T23:14:26.607190" level="INFO">${response} = &lt;Response [200]&gt;</msg>
<var>${response}</var>
<arg>consultarAPI</arg>
<arg>/api</arg>
<doc>Sends a GET request on a previously created HTTP Session.</doc>
<status status="PASS" start="2024-07-12T23:14:26.562534" elapsed="0.044712"/>
</kw>
<kw name="Set Variable" owner="BuiltIn">
<msg time="2024-07-12T23:14:26.608260" level="INFO">${json_data} = {'results': [{'gender': 'male', 'name': {'title': 'Mr', 'first': 'Yunnuel', 'last': 'Manzanares'}, 'location': {'street': {'number': 309, 'name': 'Circuito San Luis Potosí'}, 'city': 'Mocorito', 'stat...</msg>
<var>${json_data}</var>
<arg>${response.json()}</arg>
<doc>Returns the given values which can then be assigned to a variables.</doc>
<status status="PASS" start="2024-07-12T23:14:26.607688" elapsed="0.000601"/>
</kw>
<kw name="Log" owner="BuiltIn">
<msg time="2024-07-12T23:14:26.608744" level="INFO">{'results': [{'gender': 'male', 'name': {'title': 'Mr', 'first': 'Yunnuel', 'last': 'Manzanares'}, 'location': {'street': {'number': 309, 'name': 'Circuito San Luis Potosí'}, 'city': 'Mocorito', 'state': 'Yucatan', 'country': 'Mexico', 'postcode': 33684, 'coordinates': {'latitude': '28.3870', 'longitude': '-87.0526'}, 'timezone': {'offset': '+5:45', 'description': 'Kathmandu'}}, 'email': 'yunnuel.manzanares@example.com', 'login': {'uuid': 'f8c068f4-aa95-4898-a867-1594d1577bb8', 'username': 'happyladybug194', 'password': 'maddie', 'salt': 'NPLuFKF5', 'md5': 'b9c8b9e5336ff53cbbd0cb975b369b83', 'sha1': '57ac62d85b385a94f7931d34624a5adade34f31f', 'sha256': 'ba066ed4588419f2e73b00aac1848c8eb3d410ccb2b558354f67e4ded11d5a53'}, 'dob': {'date': '1963-02-08T02:44:46.941Z', 'age': 61}, 'registered': {'date': '2014-08-04T07:10:08.663Z', 'age': 9}, 'phone': '(680) 344 6650', 'cell': '(667) 453 2020', 'id': {'name': 'NSS', 'value': '07 34 58 5464 0'}, 'picture': {'large': 'https://randomuser.me/api/portraits/men/25.jpg', 'medium': 'https://randomuser.me/api/portraits/med/men/25.jpg', 'thumbnail': 'https://randomuser.me/api/portraits/thumb/men/25.jpg'}, 'nat': 'MX'}], 'info': {'seed': '0dd6074bf4365bac', 'results': 1, 'page': 1, 'version': '1.4'}}</msg>
<arg>${json_data}</arg>
<doc>Logs the given message with the given level.</doc>
<status status="PASS" start="2024-07-12T23:14:26.608590" elapsed="0.000202"/>
</kw>
<kw name="Should Be Equal As Numbers" owner="BuiltIn">
<arg>${json_data['results'][0]['location']['postcode']}</arg>
<arg>${json_data['results'][0]['location']['postcode']}</arg>
<doc>Fails if objects are unequal after converting them to real numbers.</doc>
<status status="PASS" start="2024-07-12T23:14:26.609076" elapsed="0.000612"/>
</kw>
<kw name="Log" owner="BuiltIn">
<msg time="2024-07-12T23:14:26.610328" level="INFO">33684</msg>
<arg>${json_data['results'][0]['location']['postcode']}</arg>
<doc>Logs the given message with the given level.</doc>
<status status="PASS" start="2024-07-12T23:14:26.609872" elapsed="0.000498"/>
</kw>
<status status="PASS" start="2024-07-12T23:14:26.562316" elapsed="0.048349"/>
</kw>
<doc>Testa se os tipos de dados na resposta da API estão corretos.</doc>
<tag>testeTiposDados</tag>
<status status="PASS" start="2024-07-12T23:14:26.436628" elapsed="0.174204"/>
</test>
<test id="s1-s1-t5" name="Validar conteudo" line="35">
<kw name="Teste de Tipos de Conteudo" owner="random-user-service">
<kw name="GET On Session" owner="RequestsLibrary">
<msg time="2024-07-12T23:14:26.706558" level="INFO">GET Request : url=https://randomuser.me/api 
 path_url=/api 
 headers={'User-Agent': 'python-requests/2.32.3', 'Accept-Encoding': 'gzip, deflate', 'Accept': '*/*', 'Connection': 'keep-alive'} 
 body=None 
 </msg>
<msg time="2024-07-12T23:14:26.706668" level="INFO">GET Response : url=https://randomuser.me/api 
 status=200, reason=OK 
 headers={'Date': 'Fri, 12 Jul 2024 23:14:26 GMT', 'Content-Type': 'application/json; charset=utf-8', 'Transfer-Encoding': 'chunked', 'Connection': 'keep-alive', 'X-Powered-By': 'Express', 'Access-Control-Allow-Origin': '*', 'Cache-Control': 'no-cache', 'ETag': 'W/"49a-+Eb/Qca/upCLfFQCqKdJzcttn7Q"', 'Vary': 'Accept-Encoding', 'Content-Encoding': 'gzip', 'CF-Cache-Status': 'DYNAMIC', 'Report-To': '{"endpoints":[{"url":"https:\\/\\/a.nel.cloudflare.com\\/report\\/v4?s=IV18WgU8RvxkEPSpzzJb8%2F4QxQ9Ia8ZwFmViLUOqOKftpE6n0IWEJIGHH1LH7UtRWnxRa0WWKhW6yXF4T44e4O78qi4m5j7L2XxFOR6fS9QwjPrzyih5hFoBU3H4GHqY"}],"group":"cf-nel","max_age":604800}', 'NEL': '{"success_fraction":0,"report_to":"cf-nel","max_age":604800}', 'Server': 'cloudflare', 'CF-RAY': '8a24bac45aed0814-IAD', 'alt-svc': 'h3=":443"; ma=86400'} 
 body={"results":[{"gender":"male","name":{"title":"Mr","first":"Arne","last":"Böckmann"},"location":{"street":{"number":7075,"name":"Römerstraße"},"city":"Katzenelnbogen","state":"Sachsen","country":"Germany","postcode":44667,"coordinates":{"latitude":"-54.6555","longitude":"-38.1228"},"timezone":{"offset":"+9:00","description":"Tokyo, Seoul, Osaka, Sapporo, Yakutsk"}},"email":"arne.bockmann@example.com","login":{"uuid":"11dbd6c6-9ea1-42b3-8371-5f1b6db6c326","username":"heavybird399","password":"chopin","salt":"K3NgkRpc","md5":"0ac3c8b23e87e807437b0bb561fbdb21","sha1":"dd14d17f3ec17fb1fbf7a530516db16da716661f","sha256":"87ba3771de385e5746ec43763659793d658944e4c6a811b9a9009304ca94fec4"},"dob":{"date":"2000-10-11T04:55:54.361Z","age":23},"registered":{"date":"2004-01-14T14:09:42.288Z","age":20},"phone":"0387-4711360","cell":"0177-6324476","id":{"name":"SVNR","value":"54 1010100 B 382"},"picture":{"large":"https://randomuser.me/api/portraits/men/74.jpg","medium":"https://randomuser.me/api/portraits/med/men/74.jpg","thumbnail":"https://randomuser.me/api/portraits/thumb/men/74.jpg"},"nat":"DE"}],"info":{"seed":"9e1aa39f143ad6c4","results":1,"page":1,"version":"1.4"}} 
 </msg>
<msg time="2024-07-12T23:14:26.706739" level="INFO">/opt/hostedtoolcache/Python/3.12.4/x64/lib/python3.12/site-packages/urllib3/connectionpool.py:1099: InsecureRequestWarning: Unverified HTTPS request is being made to host 'randomuser.me'. Adding certificate verification is strongly advised. See: https://urllib3.readthedocs.io/en/latest/advanced-usage.html#tls-warnings
  warnings.warn(</msg>
<msg time="2024-07-12T23:14:26.706841" level="INFO">${response} = &lt;Response [200]&gt;</msg>
<var>${response}</var>
<arg>consultarAPI</arg>
<arg>/api</arg>
<doc>Sends a GET request on a previously created HTTP Session.</doc>
<status status="PASS" start="2024-07-12T23:14:26.613309" elapsed="0.093572"/>
</kw>
<kw name="Set Variable" owner="BuiltIn">
<msg time="2024-07-12T23:14:26.707982" level="INFO">${json_data} = {'results': [{'gender': 'male', 'name': {'title': 'Mr', 'first': 'Arne', 'last': 'Böckmann'}, 'location': {'street': {'number': 7075, 'name': 'Römerstraße'}, 'city': 'Katzenelnbogen', 'state': 'Sachse...</msg>
<var>${json_data}</var>
<arg>${response.json()}</arg>
<doc>Returns the given values which can then be assigned to a variables.</doc>
<status status="PASS" start="2024-07-12T23:14:26.707421" elapsed="0.000591"/>
</kw>
<kw name="Set Variable" owner="BuiltIn">
<msg time="2024-07-12T23:14:26.708693" level="INFO">${name_title} = Mr</msg>
<var>${name_title}</var>
<arg>${json_data["results"][0]["name"]["title"]}</arg>
<doc>Returns the given values which can then be assigned to a variables.</doc>
<status status="PASS" start="2024-07-12T23:14:26.708313" elapsed="0.000406"/>
</kw>
<kw name="Create List" owner="BuiltIn">
<msg time="2024-07-12T23:14:26.709157" level="INFO">${allowed_titles} = ['Mr', 'Ms', 'Miss', 'Mrs', 'Madame', 'Monsieur']</msg>
<var>${allowed_titles}</var>
<arg>Mr</arg>
<arg>Ms</arg>
<arg>Miss</arg>
<arg>Mrs</arg>
<arg>Madame</arg>
<arg>Monsieur</arg>
<doc>Returns a list containing given items.</doc>
<status status="PASS" start="2024-07-12T23:14:26.709011" elapsed="0.000170"/>
</kw>
<kw name="List Should Contain Value" owner="Collections">
<arg>${allowed_titles}</arg>
<arg>${name_title}</arg>
<doc>Fails if the ``value`` is not found from ``list``.</doc>
<status status="PASS" start="2024-07-12T23:14:26.709471" elapsed="0.000179"/>
</kw>
<kw name="Set Variable" owner="BuiltIn">
<msg time="2024-07-12T23:14:26.710192" level="INFO">${name_country} = DE</msg>
<var>${name_country}</var>
<arg>${json_data["results"][0]["nat"]}</arg>
<doc>Returns the given values which can then be assigned to a variables.</doc>
<status status="PASS" start="2024-07-12T23:14:26.709826" elapsed="0.000391"/>
</kw>
<kw name="Create List" owner="BuiltIn">
<msg time="2024-07-12T23:14:26.711129" level="INFO">${list_country} = ['AD', 'AE', 'AF', 'AG', 'AI', 'AL', 'AM', 'AO', 'AQ', 'AR', 'AS', 'AT', 'AU', 'AW', 'AX', 'AZ', 'BA', 'BB', 'BD', 'BE', 'BF', 'BG', 'BH', 'BI', 'BJ', 'BL', 'BM', 'BN', 'BO', 'BQ', 'BR', 'BS', 'BT', '...</msg>
<var>${list_country}</var>
<arg>AD</arg>
<arg>AE</arg>
<arg>AF</arg>
<arg>AG</arg>
<arg>AI</arg>
<arg>AL</arg>
<arg>AM</arg>
<arg>AO</arg>
<arg>AQ</arg>
<arg>AR</arg>
<arg>AS</arg>
<arg>AT</arg>
<arg>AU</arg>
<arg>AW</arg>
<arg>AX</arg>
<arg>AZ</arg>
<arg>BA</arg>
<arg>BB</arg>
<arg>BD</arg>
<arg>BE</arg>
<arg>BF</arg>
<arg>BG</arg>
<arg>BH</arg>
<arg>BI</arg>
<arg>BJ</arg>
<arg>BL</arg>
<arg>BM</arg>
<arg>BN</arg>
<arg>BO</arg>
<arg>BQ</arg>
<arg>BR</arg>
<arg>BS</arg>
<arg>BT</arg>
<arg>BV</arg>
<arg>BW</arg>
<arg>BY</arg>
<arg>BZ</arg>
<arg>CA</arg>
<arg>CC</arg>
<arg>CD</arg>
<arg>CF</arg>
<arg>CG</arg>
<arg>CH</arg>
<arg>CI</arg>
<arg>CK</arg>
<arg>CL</arg>
<arg>CM</arg>
<arg>CN</arg>
<arg>CO</arg>
<arg>CR</arg>
<arg>CU</arg>
<arg>CV</arg>
<arg>CW</arg>
<arg>CX</arg>
<arg>CY</arg>
<arg>CZ</arg>
<arg>DE</arg>
<arg>DJ</arg>
<arg>DK</arg>
<arg>DM</arg>
<arg>DO</arg>
<arg>DZ</arg>
<arg>EC</arg>
<arg>EE</arg>
<arg>EG</arg>
<arg>EH</arg>
<arg>ER</arg>
<arg>ES</arg>
<arg>ET</arg>
<arg>FI</arg>
<arg>FJ</arg>
<arg>FK</arg>
<arg>FM</arg>
<arg>FO</arg>
<arg>FR</arg>
<arg>GA</arg>
<arg>GB</arg>
<arg>GD</arg>
<arg>GE</arg>
<arg>GF</arg>
<arg>GG</arg>
<arg>GH</arg>
<arg>GI</arg>
<arg>GL</arg>
<arg>GM</arg>
<arg>GN</arg>
<arg>GP</arg>
<arg>GQ</arg>
<arg>GR</arg>
<arg>GS</arg>
<arg>GT</arg>
<arg>GU</arg>
<arg>GW</arg>
<arg>GY</arg>
<arg>HK</arg>
<arg>HM</arg>
<arg>HN</arg>
<arg>HR</arg>
<arg>HT</arg>
<arg>HU</arg>
<arg>ID</arg>
<arg>IE</arg>
<arg>IL</arg>
<arg>IM</arg>
<arg>IN</arg>
<arg>IO</arg>
<arg>IQ</arg>
<arg>IR</arg>
<arg>IS</arg>
<arg>IT</arg>
<arg>JE</arg>
<arg>JM</arg>
<arg>JO</arg>
<arg>JP</arg>
<arg>KE</arg>
<arg>KG</arg>
<arg>KH</arg>
<arg>KI</arg>
<arg>KM</arg>
<arg>KN</arg>
<arg>KP</arg>
<arg>KR</arg>
<arg>KW</arg>
<arg>KY</arg>
<arg>KZ</arg>
<arg>LA</arg>
<arg>LB</arg>
<arg>LC</arg>
<arg>LI</arg>
<arg>LK</arg>
<arg>LR</arg>
<arg>LS</arg>
<arg>LT</arg>
<arg>LU</arg>
<arg>LV</arg>
<arg>LY</arg>
<arg>MA</arg>
<arg>MC</arg>
<arg>MD</arg>
<arg>ME</arg>
<arg>MF</arg>
<arg>MG</arg>
<arg>MH</arg>
<arg>MK</arg>
<arg>ML</arg>
<arg>MM</arg>
<arg>MN</arg>
<arg>MO</arg>
<arg>MP</arg>
<arg>MQ</arg>
<arg>MR</arg>
<arg>MS</arg>
<arg>MT</arg>
<arg>MU</arg>
<arg>MV</arg>
<arg>MW</arg>
<arg>MX</arg>
<arg>MY</arg>
<arg>MZ</arg>
<arg>NA</arg>
<arg>NC</arg>
<arg>NE</arg>
<arg>NF</arg>
<arg>NG</arg>
<arg>NI</arg>
<arg>NL</arg>
<arg>NO</arg>
<arg>NP</arg>
<arg>NR</arg>
<arg>NU</arg>
<arg>NZ</arg>
<arg>OM</arg>
<arg>PA</arg>
<arg>PE</arg>
<arg>PF</arg>
<arg>PG</arg>
<arg>PH</arg>
<arg>PK</arg>
<arg>PL</arg>
<arg>PM</arg>
<arg>PN</arg>
<arg>PR</arg>
<arg>PS</arg>
<arg>PT</arg>
<arg>PW</arg>
<arg>PY</arg>
<arg>QA</arg>
<arg>RE</arg>
<arg>RO</arg>
<arg>RS</arg>
<arg>RU</arg>
<arg>RW</arg>
<arg>SA</arg>
<arg>SB</arg>
<arg>SC</arg>
<arg>SD</arg>
<arg>SE</arg>
<arg>SG</arg>
<arg>SH</arg>
<arg>SI</arg>
<arg>SJ</arg>
<arg>SK</arg>
<arg>SL</arg>
<arg>SM</arg>
<arg>SN</arg>
<arg>SO</arg>
<arg>SR</arg>
<arg>SS</arg>
<arg>ST</arg>
<arg>SV</arg>
<arg>SX</arg>
<arg>SY</arg>
<arg>SZ</arg>
<arg>TC</arg>
<arg>TD</arg>
<arg>TF</arg>
<arg>TG</arg>
<arg>TH</arg>
<arg>TJ</arg>
<arg>TK</arg>
<arg>TL</arg>
<arg>TM</arg>
<arg>TN</arg>
<arg>TO</arg>
<arg>TR</arg>
<arg>TT</arg>
<arg>TV</arg>
<arg>TW</arg>
<arg>TZ</arg>
<arg>UA</arg>
<arg>UG</arg>
<arg>UM</arg>
<arg>US</arg>
<arg>UY</arg>
<arg>UZ</arg>
<arg>VA</arg>
<arg>VC</arg>
<arg>VE</arg>
<arg>VG</arg>
<arg>VI</arg>
<arg>VN</arg>
<arg>VU</arg>
<arg>WF</arg>
<arg>WS</arg>
<arg>XK</arg>
<arg>YE</arg>
<arg>YT</arg>
<arg>ZA</arg>
<arg>ZM</arg>
<arg>ZW</arg>
<doc>Returns a list containing given items.</doc>
<status status="PASS" start="2024-07-12T23:14:26.710504" elapsed="0.000655"/>
</kw>
<kw name="List Should Contain Value" owner="Collections">
<arg>${list_country}</arg>
<arg>${name_country}</arg>
<doc>Fails if the ``value`` is not found from ``list``.</doc>
<status status="PASS" start="2024-07-12T23:14:26.711966" elapsed="0.000205"/>
</kw>
<kw name="Run Keyword If" owner="BuiltIn">
<kw name="Should Be True" owner="BuiltIn">
<arg>${True}</arg>
<doc>Fails if the given condition is not true.</doc>
<status status="PASS" start="2024-07-12T23:14:26.713122" elapsed="0.000150"/>
</kw>
<arg>${json_data["results"][0]["location"]["coordinates"]["latitude"]} &gt;= -90 and ${json_data["results"][0]["location"]["coordinates"]["latitude"]} &lt;= 90</arg>
<arg>Should Be True</arg>
<arg>${True}</arg>
<doc>Runs the given keyword with the given arguments, if ``condition`` is true.</doc>
<status status="PASS" start="2024-07-12T23:14:26.712373" elapsed="0.001025"/>
</kw>
<kw name="Run Keyword If" owner="BuiltIn">
<kw name="Should Be True" owner="BuiltIn">
<arg>${True}</arg>
<doc>Fails if the given condition is not true.</doc>
<status status="PASS" start="2024-07-12T23:14:26.714272" elapsed="0.000252"/>
</kw>
<arg>${json_data["results"][0]["location"]["coordinates"]["longitude"]} &gt;= -180 and ${json_data["results"][0]["location"]["coordinates"]["longitude"]} &lt;= 180</arg>
<arg>Should Be True</arg>
<arg>${True}</arg>
<doc>Runs the given keyword with the given arguments, if ``condition`` is true.</doc>
<status status="PASS" start="2024-07-12T23:14:26.713577" elapsed="0.001102"/>
</kw>
<status status="PASS" start="2024-07-12T23:14:26.613098" elapsed="0.101728"/>
</kw>
<doc>Testa o conteúdo específico dos campos retornados pela API.</doc>
<tag>testeConteudo</tag>
<status status="PASS" start="2024-07-12T23:14:26.612579" elapsed="0.102401"/>
</test>
<status status="PASS" start="2024-07-12T23:14:25.551215" elapsed="1.165748"/>
</suite>
<status status="PASS" start="2024-07-12T23:14:25.536758" elapsed="1.185237"/>
</suite>
<statistics>
<total>
<stat pass="5" fail="0" skip="0">All Tests</stat>
</total>
<tag>
<stat pass="1" fail="0" skip="0">testeConteudo</stat>
<stat pass="1" fail="0" skip="0">testeEstruturaResposta</stat>
<stat pass="1" fail="0" skip="0">testeRequisicaoBasica</stat>
<stat pass="1" fail="0" skip="0">testeTiposDados</stat>
</tag>
<suite>
<stat pass="5" fail="0" skip="0" id="s1" name="Tests">Tests</stat>
<stat pass="5" fail="0" skip="0" id="s1-s1" name="Random-User-Test">Tests.Random-User-Test</stat>
</suite>
</statistics>
<errors>
</errors>
</robot>
