<?xml version="1.0" encoding="UTF-8"?>
<robot generator="Robot 7.0 (Python 3.12.3 on linux)" generated="2024-05-07T05:16:02.369886" rpa="false" schemaversion="5">
<suite id="s1" name="Tests" source="/home/runner/work/DesafioQAItauRogerioJordao/DesafioQAItauRogerioJordao/RamdonUser/tests">
<suite id="s1-s1" name="Random-User-Test" source="/home/runner/work/DesafioQAItauRogerioJordao/DesafioQAItauRogerioJordao/RamdonUser/tests/random-user-test.robot">
<test id="s1-s1-t1" name="Conectar" line="13">
<kw name="Conectar API" owner="random-user-service">
<kw name="Create Session" owner="RequestsLibrary">
<msg time="2024-05-07T05:16:02.754332" level="INFO">Creating Session using : alias=consultarAPI, url=https://randomuser.me/, headers={},                     cookies={}, auth=None, timeout=None, proxies=None, verify=False,                     debug=0 </msg>
<arg>consultarAPI</arg>
<arg>${URL}</arg>
<doc>Create Session: create a HTTP session to a server</doc>
<status status="PASS" start="2024-05-07T05:16:02.754120" elapsed="0.000429"/>
</kw>
<status status="PASS" start="2024-05-07T05:16:02.753098" elapsed="0.001821"/>
</kw>
<status status="PASS" start="2024-05-07T05:16:02.752415" elapsed="0.002702"/>
</test>
<test id="s1-s1-t2" name="Validar retorno 200 e JSON Válido" line="16">
<kw name="Teste de Requisicao Basica" owner="random-user-service">
<kw name="GET On Session" owner="RequestsLibrary">
<msg time="2024-05-07T05:16:03.512983" level="INFO">GET Request : url=https://randomuser.me/api 
 path_url=/api 
 headers={'User-Agent': 'python-requests/2.31.0', 'Accept-Encoding': 'gzip, deflate', 'Accept': '*/*', 'Connection': 'keep-alive'} 
 body=None 
 </msg>
<msg time="2024-05-07T05:16:03.513147" level="INFO">GET Response : url=https://randomuser.me/api 
 status=200, reason=OK 
 headers={'Date': 'Tue, 07 May 2024 05:16:03 GMT', 'Content-Type': 'application/json; charset=utf-8', 'Transfer-Encoding': 'chunked', 'Connection': 'keep-alive', 'X-Powered-By': 'Express', 'Access-Control-Allow-Origin': '*', 'Cache-Control': 'no-cache', 'ETag': 'W/"4a7-uaqBHh2NHaB/oasVfDBPwS4ztC8"', 'Vary': 'Accept-Encoding', 'Content-Encoding': 'gzip', 'CF-Cache-Status': 'DYNAMIC', 'Report-To': '{"endpoints":[{"url":"https:\\/\\/a.nel.cloudflare.com\\/report\\/v4?s=qmBwKspGMZFFiWuBk3ZFqnst0Fze7cvipzOD%2F7P6xrIsmL7dJ2xk32nknBpewCz0lkjNkZkOYJe6r9idIOlHpaZXF6cnoByi1ci16Vm%2BlTjvgng0kzjK6gDH6eTeFzme"}],"group":"cf-nel","max_age":604800}', 'NEL': '{"success_fraction":0,"report_to":"cf-nel","max_age":604800}', 'Server': 'cloudflare', 'CF-RAY': '87febc567d190660-IAD', 'alt-svc': 'h3=":443"; ma=86400'} 
 body={"results":[{"gender":"male","name":{"title":"Mr","first":"سپهر","last":"علیزاده"},"location":{"street":{"number":6662,"name":"آیت الله سعیدی"},"city":"قم","state":"خراسان رضوی","country":"Iran","postcode":87762,"coordinates":{"latitude":"17.0467","longitude":"-13.1852"},"timezone":{"offset":"-5:00","description":"Eastern Time (US &amp; Canada), Bogota, Lima"}},"email":"sphr.aalyzdh@example.com","login":{"uuid":"774a0b5d-e8d0-40bb-9571-f0e8eb3a729e","username":"heavybutterfly952","password":"fullmoon","salt":"5I2cbRTZ","md5":"85db090ea18a175b45c17f22246b12de","sha1":"c4c8423769b7df9dd57f67dcd35c2febdde4899d","sha256":"b2b3179170b59e636649cf6e0380c15524633afbf1a96b37671df4a572ac61da"},"dob":{"date":"1944-09-28T04:59:37.308Z","age":79},"registered":{"date":"2020-02-16T02:03:40.055Z","age":4},"phone":"096-26416907","cell":"0913-380-6538","id":{"name":"","value":null},"picture":{"large":"https://randomuser.me/api/portraits/men/53.jpg","medium":"https://randomuser.me/api/portraits/med/men/53.jpg","thumbnail":"https://randomuser.me/api/portraits/thumb/men/53.jpg"},"nat":"IR"}],"info":{"seed":"fae92ff351f09c7f","results":1,"page":1,"version":"1.4"}} 
 </msg>
<msg time="2024-05-07T05:16:03.513239" level="INFO">/opt/hostedtoolcache/Python/3.12.3/x64/lib/python3.12/site-packages/urllib3/connectionpool.py:1103: InsecureRequestWarning: Unverified HTTPS request is being made to host 'randomuser.me'. Adding certificate verification is strongly advised. See: https://urllib3.readthedocs.io/en/latest/advanced-usage.html#tls-warnings
  warnings.warn(</msg>
<msg time="2024-05-07T05:16:03.513402" level="INFO">${response} = &lt;Response [200]&gt;</msg>
<var>${response}</var>
<arg>consultarAPI</arg>
<arg>/api</arg>
<doc>Sends a GET request on a previously created HTTP Session.</doc>
<status status="PASS" start="2024-05-07T05:16:02.757941" elapsed="0.755508"/>
</kw>
<kw name="Should Be Equal As Numbers" owner="BuiltIn">
<msg time="2024-05-07T05:16:03.514476" level="INFO">Argument types are:
&lt;class 'int'&gt;
&lt;class 'str'&gt;</msg>
<arg>${response.status_code}</arg>
<arg>200</arg>
<doc>Fails if objects are unequal after converting them to real numbers.</doc>
<status status="PASS" start="2024-05-07T05:16:03.514001" elapsed="0.000542"/>
</kw>
<kw name="Log" owner="BuiltIn">
<msg time="2024-05-07T05:16:03.515272" level="INFO">200</msg>
<arg>${response.status_code}</arg>
<doc>Logs the given message with the given level.</doc>
<status status="PASS" start="2024-05-07T05:16:03.514916" elapsed="0.000397"/>
</kw>
<kw name="Set Variable" owner="BuiltIn">
<msg time="2024-05-07T05:16:03.516073" level="INFO">${json_data} = {'results': [{'gender': 'male', 'name': {'title': 'Mr', 'first': 'سپهر', 'last': 'علیزاده'}, 'location': {'street': {'number': 6662, 'name': 'آیت الله سعیدی'}, 'city': 'قم', 'state': 'خراسان رضوی', 'c...</msg>
<var>${json_data}</var>
<arg>${response.json()}</arg>
<doc>Returns the given values which can then be assigned to a variables.</doc>
<status status="PASS" start="2024-05-07T05:16:03.515615" elapsed="0.000489"/>
</kw>
<kw name="Dictionary Should Contain Key" owner="Collections">
<msg time="2024-05-07T05:16:03.516574" level="INFO">False</msg>
<arg>${json_data}</arg>
<arg>results</arg>
<doc>Fails if ``key`` is not found from ``dictionary``.</doc>
<status status="PASS" start="2024-05-07T05:16:03.516405" elapsed="0.000208"/>
</kw>
<status status="PASS" start="2024-05-07T05:16:02.757668" elapsed="0.759255"/>
</kw>
<doc>Testa se a API responde corretamente e retorna um objeto JSON válido.</doc>
<tag>testeRequisicaoBasica</tag>
<status status="PASS" start="2024-05-07T05:16:02.757095" elapsed="0.760021"/>
</test>
<test id="s1-s1-t3" name="Validar estrutura de resposta" line="22">
<kw name="Teste de Estrutura de Resposta" owner="random-user-service">
<kw name="GET On Session" owner="RequestsLibrary">
<msg time="2024-05-07T05:16:03.648948" level="INFO">GET Request : url=https://randomuser.me/api 
 path_url=/api 
 headers={'User-Agent': 'python-requests/2.31.0', 'Accept-Encoding': 'gzip, deflate', 'Accept': '*/*', 'Connection': 'keep-alive'} 
 body=None 
 </msg>
<msg time="2024-05-07T05:16:03.649056" level="INFO">GET Response : url=https://randomuser.me/api 
 status=200, reason=OK 
 headers={'Date': 'Tue, 07 May 2024 05:16:03 GMT', 'Content-Type': 'application/json; charset=utf-8', 'Transfer-Encoding': 'chunked', 'Connection': 'keep-alive', 'X-Powered-By': 'Express', 'Access-Control-Allow-Origin': '*', 'Cache-Control': 'no-cache', 'ETag': 'W/"49a-gqFm9kDbEfLXWyAyqY7ch+aSvaU"', 'Vary': 'Accept-Encoding', 'Content-Encoding': 'gzip', 'CF-Cache-Status': 'DYNAMIC', 'Report-To': '{"endpoints":[{"url":"https:\\/\\/a.nel.cloudflare.com\\/report\\/v4?s=W4haJ84aSYJIhRaq6GtAwr%2BVrZl2q%2Fs6BWSmL1wPV4keGsvSWAGmZtn9qEz61cc4mqfcvmQjKNlRyykdjGr1%2Fx%2BwfJWsRYI4LBfbd3pSeP9rW%2B74rqu2HxK24jaAdRgC"}],"group":"cf-nel","max_age":604800}', 'NEL': '{"success_fraction":0,"report_to":"cf-nel","max_age":604800}', 'Server': 'cloudflare', 'CF-RAY': '87febc5a0f730660-IAD', 'alt-svc': 'h3=":443"; ma=86400'} 
 body={"results":[{"gender":"female","name":{"title":"Mrs","first":"Yelena","last":"Van Opstal"},"location":{"street":{"number":1354,"name":"Drilscholtenstraat"},"city":"Jutphaas","state":"Zeeland","country":"Netherlands","postcode":"6691 YO","coordinates":{"latitude":"31.5992","longitude":"92.8730"},"timezone":{"offset":"+2:00","description":"Kaliningrad, South Africa"}},"email":"yelena.vanopstal@example.com","login":{"uuid":"fd98276d-1d7d-4519-a257-1cf0f7bb96eb","username":"lazybird829","password":"exodus","salt":"1DZveKAi","md5":"da7a7aea62faf1b26d6ef58f788ea275","sha1":"8865f041f8a3034efab92b11e054c624ef5e6418","sha256":"fd393d536797684f56023fe33ade834fd705c5458ea4cd7161427a2d9a866364"},"dob":{"date":"2000-05-23T22:34:45.833Z","age":23},"registered":{"date":"2002-05-26T13:07:47.995Z","age":21},"phone":"(0831) 345222","cell":"(06) 63680767","id":{"name":"BSN","value":"17106636"},"picture":{"large":"https://randomuser.me/api/portraits/women/92.jpg","medium":"https://randomuser.me/api/portraits/med/women/92.jpg","thumbnail":"https://randomuser.me/api/portraits/thumb/women/92.jpg"},"nat":"NL"}],"info":{"seed":"38d52addcc4f8f65","results":1,"page":1,"version":"1.4"}} 
 </msg>
<msg time="2024-05-07T05:16:03.649197" level="INFO">/opt/hostedtoolcache/Python/3.12.3/x64/lib/python3.12/site-packages/urllib3/connectionpool.py:1103: InsecureRequestWarning: Unverified HTTPS request is being made to host 'randomuser.me'. Adding certificate verification is strongly advised. See: https://urllib3.readthedocs.io/en/latest/advanced-usage.html#tls-warnings
  warnings.warn(</msg>
<msg time="2024-05-07T05:16:03.649348" level="INFO">${response} = &lt;Response [200]&gt;</msg>
<var>${response}</var>
<arg>consultarAPI</arg>
<arg>/api</arg>
<doc>Sends a GET request on a previously created HTTP Session.</doc>
<status status="PASS" start="2024-05-07T05:16:03.519782" elapsed="0.129608"/>
</kw>
<kw name="Set Variable" owner="BuiltIn">
<msg time="2024-05-07T05:16:03.650448" level="INFO">${json_data} = {'results': [{'gender': 'female', 'name': {'title': 'Mrs', 'first': 'Yelena', 'last': 'Van Opstal'}, 'location': {'street': {'number': 1354, 'name': 'Drilscholtenstraat'}, 'city': 'Jutphaas', 'state':...</msg>
<var>${json_data}</var>
<arg>${response.json()}</arg>
<doc>Returns the given values which can then be assigned to a variables.</doc>
<status status="PASS" start="2024-05-07T05:16:03.649913" elapsed="0.000564"/>
</kw>
<kw name="Log" owner="BuiltIn">
<msg time="2024-05-07T05:16:03.650963" level="INFO">{'results': [{'gender': 'female', 'name': {'title': 'Mrs', 'first': 'Yelena', 'last': 'Van Opstal'}, 'location': {'street': {'number': 1354, 'name': 'Drilscholtenstraat'}, 'city': 'Jutphaas', 'state': 'Zeeland', 'country': 'Netherlands', 'postcode': '6691 YO', 'coordinates': {'latitude': '31.5992', 'longitude': '92.8730'}, 'timezone': {'offset': '+2:00', 'description': 'Kaliningrad, South Africa'}}, 'email': 'yelena.vanopstal@example.com', 'login': {'uuid': 'fd98276d-1d7d-4519-a257-1cf0f7bb96eb', 'username': 'lazybird829', 'password': 'exodus', 'salt': '1DZveKAi', 'md5': 'da7a7aea62faf1b26d6ef58f788ea275', 'sha1': '8865f041f8a3034efab92b11e054c624ef5e6418', 'sha256': 'fd393d536797684f56023fe33ade834fd705c5458ea4cd7161427a2d9a866364'}, 'dob': {'date': '2000-05-23T22:34:45.833Z', 'age': 23}, 'registered': {'date': '2002-05-26T13:07:47.995Z', 'age': 21}, 'phone': '(0831) 345222', 'cell': '(06) 63680767', 'id': {'name': 'BSN', 'value': '17106636'}, 'picture': {'large': 'https://randomuser.me/api/portraits/women/92.jpg', 'medium': 'https://randomuser.me/api/portraits/med/women/92.jpg', 'thumbnail': 'https://randomuser.me/api/portraits/thumb/women/92.jpg'}, 'nat': 'NL'}], 'info': {'seed': '38d52addcc4f8f65', 'results': 1, 'page': 1, 'version': '1.4'}}</msg>
<arg>${json_data}</arg>
<doc>Logs the given message with the given level.</doc>
<status status="PASS" start="2024-05-07T05:16:03.650791" elapsed="0.000222"/>
</kw>
<kw name="Dictionary Should Contain Key" owner="Collections">
<msg time="2024-05-07T05:16:03.651473" level="INFO">False</msg>
<arg>${json_data}</arg>
<arg>results</arg>
<doc>Fails if ``key`` is not found from ``dictionary``.</doc>
<status status="PASS" start="2024-05-07T05:16:03.651313" elapsed="0.000197"/>
</kw>
<kw name="Should Not Be Empty" owner="BuiltIn">
<msg time="2024-05-07T05:16:03.651927" level="INFO">Length is 2.</msg>
<arg>${json_data}</arg>
<doc>Verifies that the given item is not empty.</doc>
<status status="PASS" start="2024-05-07T05:16:03.651797" elapsed="0.000168"/>
</kw>
<kw name="Create List" owner="BuiltIn">
<msg time="2024-05-07T05:16:03.652567" level="INFO">${expected_keys} = ['gender', 'name', 'location', 'email', 'login']</msg>
<var>${expected_keys}</var>
<arg>gender</arg>
<arg>name</arg>
<arg>location</arg>
<arg>email</arg>
<arg>login</arg>
<doc>Returns a list containing given items.</doc>
<status status="PASS" start="2024-05-07T05:16:03.652248" elapsed="0.000344"/>
</kw>
<for flavor="IN">
<iter>
<kw name="Dictionary Should Contain Key" owner="Collections">
<msg time="2024-05-07T05:16:03.653663" level="INFO">False</msg>
<arg>${json_data['results'][0]}</arg>
<arg>${key}</arg>
<doc>Fails if ``key`` is not found from ``dictionary``.</doc>
<status status="PASS" start="2024-05-07T05:16:03.653245" elapsed="0.000457"/>
</kw>
<kw name="Log" owner="BuiltIn">
<msg time="2024-05-07T05:16:03.654370" level="INFO">{'gender': 'female', 'name': {'title': 'Mrs', 'first': 'Yelena', 'last': 'Van Opstal'}, 'location': {'street': {'number': 1354, 'name': 'Drilscholtenstraat'}, 'city': 'Jutphaas', 'state': 'Zeeland', 'country': 'Netherlands', 'postcode': '6691 YO', 'coordinates': {'latitude': '31.5992', 'longitude': '92.8730'}, 'timezone': {'offset': '+2:00', 'description': 'Kaliningrad, South Africa'}}, 'email': 'yelena.vanopstal@example.com', 'login': {'uuid': 'fd98276d-1d7d-4519-a257-1cf0f7bb96eb', 'username': 'lazybird829', 'password': 'exodus', 'salt': '1DZveKAi', 'md5': 'da7a7aea62faf1b26d6ef58f788ea275', 'sha1': '8865f041f8a3034efab92b11e054c624ef5e6418', 'sha256': 'fd393d536797684f56023fe33ade834fd705c5458ea4cd7161427a2d9a866364'}, 'dob': {'date': '2000-05-23T22:34:45.833Z', 'age': 23}, 'registered': {'date': '2002-05-26T13:07:47.995Z', 'age': 21}, 'phone': '(0831) 345222', 'cell': '(06) 63680767', 'id': {'name': 'BSN', 'value': '17106636'}, 'picture': {'large': 'https://randomuser.me/api/portraits/women/92.jpg', 'medium': 'https://randomuser.me/api/portraits/med/women/92.jpg', 'thumbnail': 'https://randomuser.me/api/portraits/thumb/women/92.jpg'}, 'nat': 'NL'}</msg>
<arg>${json_data['results'][0]}</arg>
<doc>Logs the given message with the given level.</doc>
<status status="PASS" start="2024-05-07T05:16:03.654004" elapsed="0.000417"/>
</kw>
<kw name="Log" owner="BuiltIn">
<msg time="2024-05-07T05:16:03.654848" level="INFO">gender</msg>
<arg>${key}</arg>
<doc>Logs the given message with the given level.</doc>
<status status="PASS" start="2024-05-07T05:16:03.654719" elapsed="0.000167"/>
</kw>
<var name="${key}">gender</var>
<status status="PASS" start="2024-05-07T05:16:03.653116" elapsed="0.001986"/>
</iter>
<iter>
<kw name="Dictionary Should Contain Key" owner="Collections">
<msg time="2024-05-07T05:16:03.655803" level="INFO">False</msg>
<arg>${json_data['results'][0]}</arg>
<arg>${key}</arg>
<doc>Fails if ``key`` is not found from ``dictionary``.</doc>
<status status="PASS" start="2024-05-07T05:16:03.655409" elapsed="0.000430"/>
</kw>
<kw name="Log" owner="BuiltIn">
<msg time="2024-05-07T05:16:03.656522" level="INFO">{'gender': 'female', 'name': {'title': 'Mrs', 'first': 'Yelena', 'last': 'Van Opstal'}, 'location': {'street': {'number': 1354, 'name': 'Drilscholtenstraat'}, 'city': 'Jutphaas', 'state': 'Zeeland', 'country': 'Netherlands', 'postcode': '6691 YO', 'coordinates': {'latitude': '31.5992', 'longitude': '92.8730'}, 'timezone': {'offset': '+2:00', 'description': 'Kaliningrad, South Africa'}}, 'email': 'yelena.vanopstal@example.com', 'login': {'uuid': 'fd98276d-1d7d-4519-a257-1cf0f7bb96eb', 'username': 'lazybird829', 'password': 'exodus', 'salt': '1DZveKAi', 'md5': 'da7a7aea62faf1b26d6ef58f788ea275', 'sha1': '8865f041f8a3034efab92b11e054c624ef5e6418', 'sha256': 'fd393d536797684f56023fe33ade834fd705c5458ea4cd7161427a2d9a866364'}, 'dob': {'date': '2000-05-23T22:34:45.833Z', 'age': 23}, 'registered': {'date': '2002-05-26T13:07:47.995Z', 'age': 21}, 'phone': '(0831) 345222', 'cell': '(06) 63680767', 'id': {'name': 'BSN', 'value': '17106636'}, 'picture': {'large': 'https://randomuser.me/api/portraits/women/92.jpg', 'medium': 'https://randomuser.me/api/portraits/med/women/92.jpg', 'thumbnail': 'https://randomuser.me/api/portraits/thumb/women/92.jpg'}, 'nat': 'NL'}</msg>
<arg>${json_data['results'][0]}</arg>
<doc>Logs the given message with the given level.</doc>
<status status="PASS" start="2024-05-07T05:16:03.656163" elapsed="0.000410"/>
</kw>
<kw name="Log" owner="BuiltIn">
<msg time="2024-05-07T05:16:03.657030" level="INFO">name</msg>
<arg>${key}</arg>
<doc>Logs the given message with the given level.</doc>
<status status="PASS" start="2024-05-07T05:16:03.656902" elapsed="0.000165"/>
</kw>
<var name="${key}">name</var>
<status status="PASS" start="2024-05-07T05:16:03.655292" elapsed="0.001993"/>
</iter>
<iter>
<kw name="Dictionary Should Contain Key" owner="Collections">
<msg time="2024-05-07T05:16:03.657966" level="INFO">False</msg>
<arg>${json_data['results'][0]}</arg>
<arg>${key}</arg>
<doc>Fails if ``key`` is not found from ``dictionary``.</doc>
<status status="PASS" start="2024-05-07T05:16:03.657577" elapsed="0.000426"/>
</kw>
<kw name="Log" owner="BuiltIn">
<msg time="2024-05-07T05:16:03.658663" level="INFO">{'gender': 'female', 'name': {'title': 'Mrs', 'first': 'Yelena', 'last': 'Van Opstal'}, 'location': {'street': {'number': 1354, 'name': 'Drilscholtenstraat'}, 'city': 'Jutphaas', 'state': 'Zeeland', 'country': 'Netherlands', 'postcode': '6691 YO', 'coordinates': {'latitude': '31.5992', 'longitude': '92.8730'}, 'timezone': {'offset': '+2:00', 'description': 'Kaliningrad, South Africa'}}, 'email': 'yelena.vanopstal@example.com', 'login': {'uuid': 'fd98276d-1d7d-4519-a257-1cf0f7bb96eb', 'username': 'lazybird829', 'password': 'exodus', 'salt': '1DZveKAi', 'md5': 'da7a7aea62faf1b26d6ef58f788ea275', 'sha1': '8865f041f8a3034efab92b11e054c624ef5e6418', 'sha256': 'fd393d536797684f56023fe33ade834fd705c5458ea4cd7161427a2d9a866364'}, 'dob': {'date': '2000-05-23T22:34:45.833Z', 'age': 23}, 'registered': {'date': '2002-05-26T13:07:47.995Z', 'age': 21}, 'phone': '(0831) 345222', 'cell': '(06) 63680767', 'id': {'name': 'BSN', 'value': '17106636'}, 'picture': {'large': 'https://randomuser.me/api/portraits/women/92.jpg', 'medium': 'https://randomuser.me/api/portraits/med/women/92.jpg', 'thumbnail': 'https://randomuser.me/api/portraits/thumb/women/92.jpg'}, 'nat': 'NL'}</msg>
<arg>${json_data['results'][0]}</arg>
<doc>Logs the given message with the given level.</doc>
<status status="PASS" start="2024-05-07T05:16:03.658300" elapsed="0.000412"/>
</kw>
<kw name="Log" owner="BuiltIn">
<msg time="2024-05-07T05:16:03.659139" level="INFO">location</msg>
<arg>${key}</arg>
<doc>Logs the given message with the given level.</doc>
<status status="PASS" start="2024-05-07T05:16:03.659010" elapsed="0.000167"/>
</kw>
<var name="${key}">location</var>
<status status="PASS" start="2024-05-07T05:16:03.657466" elapsed="0.001934"/>
</iter>
<iter>
<kw name="Dictionary Should Contain Key" owner="Collections">
<msg time="2024-05-07T05:16:03.660084" level="INFO">False</msg>
<arg>${json_data['results'][0]}</arg>
<arg>${key}</arg>
<doc>Fails if ``key`` is not found from ``dictionary``.</doc>
<status status="PASS" start="2024-05-07T05:16:03.659692" elapsed="0.000434"/>
</kw>
<kw name="Log" owner="BuiltIn">
<msg time="2024-05-07T05:16:03.660814" level="INFO">{'gender': 'female', 'name': {'title': 'Mrs', 'first': 'Yelena', 'last': 'Van Opstal'}, 'location': {'street': {'number': 1354, 'name': 'Drilscholtenstraat'}, 'city': 'Jutphaas', 'state': 'Zeeland', 'country': 'Netherlands', 'postcode': '6691 YO', 'coordinates': {'latitude': '31.5992', 'longitude': '92.8730'}, 'timezone': {'offset': '+2:00', 'description': 'Kaliningrad, South Africa'}}, 'email': 'yelena.vanopstal@example.com', 'login': {'uuid': 'fd98276d-1d7d-4519-a257-1cf0f7bb96eb', 'username': 'lazybird829', 'password': 'exodus', 'salt': '1DZveKAi', 'md5': 'da7a7aea62faf1b26d6ef58f788ea275', 'sha1': '8865f041f8a3034efab92b11e054c624ef5e6418', 'sha256': 'fd393d536797684f56023fe33ade834fd705c5458ea4cd7161427a2d9a866364'}, 'dob': {'date': '2000-05-23T22:34:45.833Z', 'age': 23}, 'registered': {'date': '2002-05-26T13:07:47.995Z', 'age': 21}, 'phone': '(0831) 345222', 'cell': '(06) 63680767', 'id': {'name': 'BSN', 'value': '17106636'}, 'picture': {'large': 'https://randomuser.me/api/portraits/women/92.jpg', 'medium': 'https://randomuser.me/api/portraits/med/women/92.jpg', 'thumbnail': 'https://randomuser.me/api/portraits/thumb/women/92.jpg'}, 'nat': 'NL'}</msg>
<arg>${json_data['results'][0]}</arg>
<doc>Logs the given message with the given level.</doc>
<status status="PASS" start="2024-05-07T05:16:03.660426" elapsed="0.000448"/>
</kw>
<kw name="Log" owner="BuiltIn">
<msg time="2024-05-07T05:16:03.661292" level="INFO">email</msg>
<arg>${key}</arg>
<doc>Logs the given message with the given level.</doc>
<status status="PASS" start="2024-05-07T05:16:03.661167" elapsed="0.000162"/>
</kw>
<var name="${key}">email</var>
<status status="PASS" start="2024-05-07T05:16:03.659579" elapsed="0.001960"/>
</iter>
<iter>
<kw name="Dictionary Should Contain Key" owner="Collections">
<msg time="2024-05-07T05:16:03.662211" level="INFO">False</msg>
<arg>${json_data['results'][0]}</arg>
<arg>${key}</arg>
<doc>Fails if ``key`` is not found from ``dictionary``.</doc>
<status status="PASS" start="2024-05-07T05:16:03.661825" elapsed="0.000423"/>
</kw>
<kw name="Log" owner="BuiltIn">
<msg time="2024-05-07T05:16:03.662904" level="INFO">{'gender': 'female', 'name': {'title': 'Mrs', 'first': 'Yelena', 'last': 'Van Opstal'}, 'location': {'street': {'number': 1354, 'name': 'Drilscholtenstraat'}, 'city': 'Jutphaas', 'state': 'Zeeland', 'country': 'Netherlands', 'postcode': '6691 YO', 'coordinates': {'latitude': '31.5992', 'longitude': '92.8730'}, 'timezone': {'offset': '+2:00', 'description': 'Kaliningrad, South Africa'}}, 'email': 'yelena.vanopstal@example.com', 'login': {'uuid': 'fd98276d-1d7d-4519-a257-1cf0f7bb96eb', 'username': 'lazybird829', 'password': 'exodus', 'salt': '1DZveKAi', 'md5': 'da7a7aea62faf1b26d6ef58f788ea275', 'sha1': '8865f041f8a3034efab92b11e054c624ef5e6418', 'sha256': 'fd393d536797684f56023fe33ade834fd705c5458ea4cd7161427a2d9a866364'}, 'dob': {'date': '2000-05-23T22:34:45.833Z', 'age': 23}, 'registered': {'date': '2002-05-26T13:07:47.995Z', 'age': 21}, 'phone': '(0831) 345222', 'cell': '(06) 63680767', 'id': {'name': 'BSN', 'value': '17106636'}, 'picture': {'large': 'https://randomuser.me/api/portraits/women/92.jpg', 'medium': 'https://randomuser.me/api/portraits/med/women/92.jpg', 'thumbnail': 'https://randomuser.me/api/portraits/thumb/women/92.jpg'}, 'nat': 'NL'}</msg>
<arg>${json_data['results'][0]}</arg>
<doc>Logs the given message with the given level.</doc>
<status status="PASS" start="2024-05-07T05:16:03.662547" elapsed="0.000405"/>
</kw>
<kw name="Log" owner="BuiltIn">
<msg time="2024-05-07T05:16:03.663373" level="INFO">login</msg>
<arg>${key}</arg>
<doc>Logs the given message with the given level.</doc>
<status status="PASS" start="2024-05-07T05:16:03.663247" elapsed="0.000164"/>
</kw>
<var name="${key}">login</var>
<status status="PASS" start="2024-05-07T05:16:03.661714" elapsed="0.001940"/>
</iter>
<var>${key}</var>
<value>@{expected_keys}</value>
<status status="PASS" start="2024-05-07T05:16:03.652908" elapsed="0.010870"/>
</for>
<kw name="Create List" owner="BuiltIn">
<msg time="2024-05-07T05:16:03.664121" level="INFO">${expected_keysTwo} = ['username', 'password']</msg>
<var>${expected_keysTwo}</var>
<arg>username</arg>
<arg>password</arg>
<doc>Returns a list containing given items.</doc>
<status status="PASS" start="2024-05-07T05:16:03.663982" elapsed="0.000162"/>
</kw>
<for flavor="IN">
<iter>
<kw name="Dictionary Should Contain Key" owner="Collections">
<msg time="2024-05-07T05:16:03.665098" level="INFO">False</msg>
<arg>${json_data['results'][0]['login']}</arg>
<arg>${keyTwo}</arg>
<doc>Fails if ``key`` is not found from ``dictionary``.</doc>
<status status="PASS" start="2024-05-07T05:16:03.664663" elapsed="0.000472"/>
</kw>
<kw name="Dictionary Should Contain Key" owner="Collections">
<msg time="2024-05-07T05:16:03.665828" level="INFO">False</msg>
<arg>${json_data['results'][0]['login']}</arg>
<arg>${keyTwo}</arg>
<doc>Fails if ``key`` is not found from ``dictionary``.</doc>
<status status="PASS" start="2024-05-07T05:16:03.665435" elapsed="0.000430"/>
</kw>
<kw name="Log" owner="BuiltIn">
<msg time="2024-05-07T05:16:03.666284" level="INFO">username</msg>
<arg>${keyTwo}</arg>
<doc>Logs the given message with the given level.</doc>
<status status="PASS" start="2024-05-07T05:16:03.666158" elapsed="0.000168"/>
</kw>
<var name="${keyTwo}">username</var>
<status status="PASS" start="2024-05-07T05:16:03.664547" elapsed="0.001990"/>
</iter>
<iter>
<kw name="Dictionary Should Contain Key" owner="Collections">
<msg time="2024-05-07T05:16:03.667207" level="INFO">False</msg>
<arg>${json_data['results'][0]['login']}</arg>
<arg>${keyTwo}</arg>
<doc>Fails if ``key`` is not found from ``dictionary``.</doc>
<status status="PASS" start="2024-05-07T05:16:03.666826" elapsed="0.000418"/>
</kw>
<kw name="Dictionary Should Contain Key" owner="Collections">
<msg time="2024-05-07T05:16:03.668035" level="INFO">False</msg>
<arg>${json_data['results'][0]['login']}</arg>
<arg>${keyTwo}</arg>
<doc>Fails if ``key`` is not found from ``dictionary``.</doc>
<status status="PASS" start="2024-05-07T05:16:03.667545" elapsed="0.000528"/>
</kw>
<kw name="Log" owner="BuiltIn">
<msg time="2024-05-07T05:16:03.668506" level="INFO">password</msg>
<arg>${keyTwo}</arg>
<doc>Logs the given message with the given level.</doc>
<status status="PASS" start="2024-05-07T05:16:03.668377" elapsed="0.000166"/>
</kw>
<var name="${keyTwo}">password</var>
<status status="PASS" start="2024-05-07T05:16:03.666709" elapsed="0.002084"/>
</iter>
<var>${keyTwo}</var>
<value>@{expected_keysTwo}</value>
<status status="PASS" start="2024-05-07T05:16:03.664384" elapsed="0.004534"/>
</for>
<status status="PASS" start="2024-05-07T05:16:03.519528" elapsed="0.149551"/>
</kw>
<doc>Testa a estrutura da resposta da API.</doc>
<tag>testeEstruturaResposta</tag>
<status status="PASS" start="2024-05-07T05:16:03.518963" elapsed="0.150283"/>
</test>
<test id="s1-s1-t4" name="Validar tipos de dados" line="28">
<kw name="Teste de Tipos de Dados" owner="random-user-service">
<kw name="GET On Session" owner="RequestsLibrary">
<msg time="2024-05-07T05:16:03.706801" level="INFO">GET Request : url=https://randomuser.me/api 
 path_url=/api 
 headers={'User-Agent': 'python-requests/2.31.0', 'Accept-Encoding': 'gzip, deflate', 'Accept': '*/*', 'Connection': 'keep-alive'} 
 body=None 
 </msg>
<msg time="2024-05-07T05:16:03.706910" level="INFO">GET Response : url=https://randomuser.me/api 
 status=200, reason=OK 
 headers={'Date': 'Tue, 07 May 2024 05:16:03 GMT', 'Content-Type': 'application/json; charset=utf-8', 'Transfer-Encoding': 'chunked', 'Connection': 'keep-alive', 'X-Powered-By': 'Express', 'Access-Control-Allow-Origin': '*', 'Cache-Control': 'no-cache', 'ETag': 'W/"489-0X+QFJE2wtawS14S4nYAPBRr4w8"', 'Vary': 'Accept-Encoding', 'Content-Encoding': 'gzip', 'CF-Cache-Status': 'DYNAMIC', 'Report-To': '{"endpoints":[{"url":"https:\\/\\/a.nel.cloudflare.com\\/report\\/v4?s=nWB%2B4KJbWVPRDoCVu7K9hpeGEDHPRyjPVZoCOTkXOk%2F1PDmjwgFLKCN1d%2B4vMUvFOBp4C2g55Mvu1GM%2FPXaaoglFhivurh%2FggVsmTF8vtpuWvmh773Fe7VNWuUV%2F2VIo"}],"group":"cf-nel","max_age":604800}', 'NEL': '{"success_fraction":0,"report_to":"cf-nel","max_age":604800}', 'Server': 'cloudflare', 'CF-RAY': '87febc5af8230660-IAD', 'alt-svc': 'h3=":443"; ma=86400'} 
 body={"results":[{"gender":"female","name":{"title":"Ms","first":"Molly","last":"Thomas"},"location":{"street":{"number":782,"name":"Highbrook Drive"},"city":"Upper Hutt","state":"Taranaki","country":"New Zealand","postcode":69527,"coordinates":{"latitude":"47.5566","longitude":"83.7898"},"timezone":{"offset":"-1:00","description":"Azores, Cape Verde Islands"}},"email":"molly.thomas@example.com","login":{"uuid":"bbb616db-a99b-4e6a-a29f-c2b18f05e83b","username":"whitepeacock266","password":"matteo","salt":"LJR3xOQi","md5":"7e5341a805397c1c26250e5e1213f687","sha1":"4661495ac0c45f53676ec85a4f91b307f6ab9d6c","sha256":"7e6d3434c291879e2f66dc1f7c9333f6e20a792a0a16ca979dd3a51cea48c195"},"dob":{"date":"1984-03-30T09:24:15.729Z","age":40},"registered":{"date":"2004-07-31T05:14:27.836Z","age":19},"phone":"(903)-952-7098","cell":"(191)-841-7190","id":{"name":"","value":null},"picture":{"large":"https://randomuser.me/api/portraits/women/51.jpg","medium":"https://randomuser.me/api/portraits/med/women/51.jpg","thumbnail":"https://randomuser.me/api/portraits/thumb/women/51.jpg"},"nat":"NZ"}],"info":{"seed":"3fbd0e8afdebc758","results":1,"page":1,"version":"1.4"}} 
 </msg>
<msg time="2024-05-07T05:16:03.706993" level="INFO">/opt/hostedtoolcache/Python/3.12.3/x64/lib/python3.12/site-packages/urllib3/connectionpool.py:1103: InsecureRequestWarning: Unverified HTTPS request is being made to host 'randomuser.me'. Adding certificate verification is strongly advised. See: https://urllib3.readthedocs.io/en/latest/advanced-usage.html#tls-warnings
  warnings.warn(</msg>
<msg time="2024-05-07T05:16:03.707144" level="INFO">${response} = &lt;Response [200]&gt;</msg>
<var>${response}</var>
<arg>consultarAPI</arg>
<arg>/api</arg>
<doc>Sends a GET request on a previously created HTTP Session.</doc>
<status status="PASS" start="2024-05-07T05:16:03.671815" elapsed="0.035372"/>
</kw>
<kw name="Set Variable" owner="BuiltIn">
<msg time="2024-05-07T05:16:03.708245" level="INFO">${json_data} = {'results': [{'gender': 'female', 'name': {'title': 'Ms', 'first': 'Molly', 'last': 'Thomas'}, 'location': {'street': {'number': 782, 'name': 'Highbrook Drive'}, 'city': 'Upper Hutt', 'state': 'Tarana...</msg>
<var>${json_data}</var>
<arg>${response.json()}</arg>
<doc>Returns the given values which can then be assigned to a variables.</doc>
<status status="PASS" start="2024-05-07T05:16:03.707714" elapsed="0.000560"/>
</kw>
<kw name="Log" owner="BuiltIn">
<msg time="2024-05-07T05:16:03.708741" level="INFO">{'results': [{'gender': 'female', 'name': {'title': 'Ms', 'first': 'Molly', 'last': 'Thomas'}, 'location': {'street': {'number': 782, 'name': 'Highbrook Drive'}, 'city': 'Upper Hutt', 'state': 'Taranaki', 'country': 'New Zealand', 'postcode': 69527, 'coordinates': {'latitude': '47.5566', 'longitude': '83.7898'}, 'timezone': {'offset': '-1:00', 'description': 'Azores, Cape Verde Islands'}}, 'email': 'molly.thomas@example.com', 'login': {'uuid': 'bbb616db-a99b-4e6a-a29f-c2b18f05e83b', 'username': 'whitepeacock266', 'password': 'matteo', 'salt': 'LJR3xOQi', 'md5': '7e5341a805397c1c26250e5e1213f687', 'sha1': '4661495ac0c45f53676ec85a4f91b307f6ab9d6c', 'sha256': '7e6d3434c291879e2f66dc1f7c9333f6e20a792a0a16ca979dd3a51cea48c195'}, 'dob': {'date': '1984-03-30T09:24:15.729Z', 'age': 40}, 'registered': {'date': '2004-07-31T05:14:27.836Z', 'age': 19}, 'phone': '(903)-952-7098', 'cell': '(191)-841-7190', 'id': {'name': '', 'value': None}, 'picture': {'large': 'https://randomuser.me/api/portraits/women/51.jpg', 'medium': 'https://randomuser.me/api/portraits/med/women/51.jpg', 'thumbnail': 'https://randomuser.me/api/portraits/thumb/women/51.jpg'}, 'nat': 'NZ'}], 'info': {'seed': '3fbd0e8afdebc758', 'results': 1, 'page': 1, 'version': '1.4'}}</msg>
<arg>${json_data}</arg>
<doc>Logs the given message with the given level.</doc>
<status status="PASS" start="2024-05-07T05:16:03.708583" elapsed="0.000283"/>
</kw>
<kw name="Should Be String" owner="String">
<arg>${json_data['results'][0]['gender']}</arg>
<doc>Fails if the given ``item`` is not a string.</doc>
<status status="PASS" start="2024-05-07T05:16:03.709170" elapsed="0.000369"/>
</kw>
<kw name="Should Match Regexp" owner="BuiltIn">
<arg>${json_data['results'][0]['email']}</arg>
<arg>^[a-zA-Z0-9._%+-]+@[a-zA-Z0-9.-]+\.[a-zA-Z]{2,}$</arg>
<doc>Fails if ``string`` does not match ``pattern`` as a regular expression.</doc>
<status status="PASS" start="2024-05-07T05:16:03.709736" elapsed="0.000524"/>
</kw>
<kw name="Should Match Regexp" owner="BuiltIn">
<arg>${json_data['results'][0]['dob']['date']}</arg>
<arg>\\d{4}-\\d{2}-\\d{2}T\\d{2}:\\d{2}:\\d{2}\\.\\d{3}Z</arg>
<doc>Fails if ``string`` does not match ``pattern`` as a regular expression.</doc>
<status status="PASS" start="2024-05-07T05:16:03.710454" elapsed="0.000485"/>
</kw>
<kw name="Should Match Regexp" owner="BuiltIn">
<arg>${json_data['results'][0]['registered']['date']}</arg>
<arg>\\d{4}-\\d{2}-\\d{2}T\\d{2}:\\d{2}:\\d{2}\\.\\d{3}Z</arg>
<doc>Fails if ``string`` does not match ``pattern`` as a regular expression.</doc>
<status status="PASS" start="2024-05-07T05:16:03.711129" elapsed="0.000379"/>
</kw>
<kw name="Should Match Regexp" owner="BuiltIn">
<arg>${json_data['results'][0]['picture']['large']}</arg>
<arg>^https?://.*\.(?:png|jpe?g|gif|bmp)$</arg>
<doc>Fails if ``string`` does not match ``pattern`` as a regular expression.</doc>
<status status="PASS" start="2024-05-07T05:16:03.711695" elapsed="0.000458"/>
</kw>
<kw name="Should Match Regexp" owner="BuiltIn">
<arg>${json_data['results'][0]['picture']['medium']}</arg>
<arg>^https?://.*\.(?:png|jpe?g|gif|bmp)$</arg>
<doc>Fails if ``string`` does not match ``pattern`` as a regular expression.</doc>
<status status="PASS" start="2024-05-07T05:16:03.712338" elapsed="0.000354"/>
</kw>
<kw name="Should Match Regexp" owner="BuiltIn">
<arg>${json_data['results'][0]['picture']['thumbnail']}</arg>
<arg>^https?://.*\.(?:png|jpe?g|gif|bmp)$</arg>
<doc>Fails if ``string`` does not match ``pattern`` as a regular expression.</doc>
<status status="PASS" start="2024-05-07T05:16:03.712924" elapsed="0.000363"/>
</kw>
<kw name="Log" owner="BuiltIn">
<msg time="2024-05-07T05:16:03.713790" level="INFO">{'large': 'https://randomuser.me/api/portraits/women/51.jpg', 'medium': 'https://randomuser.me/api/portraits/med/women/51.jpg', 'thumbnail': 'https://randomuser.me/api/portraits/thumb/women/51.jpg'}</msg>
<arg>${json_data['results'][0]['picture']}</arg>
<doc>Logs the given message with the given level.</doc>
<status status="PASS" start="2024-05-07T05:16:03.713468" elapsed="0.000364"/>
</kw>
<status status="PASS" start="2024-05-07T05:16:03.671579" elapsed="0.042517"/>
</kw>
<kw name="Teste de Tipos de Dados - Postcode" owner="random-user-service">
<kw name="GET On Session" owner="RequestsLibrary">
<msg time="2024-05-07T05:16:03.804471" level="INFO">GET Request : url=https://randomuser.me/api 
 path_url=/api 
 headers={'User-Agent': 'python-requests/2.31.0', 'Accept-Encoding': 'gzip, deflate', 'Accept': '*/*', 'Connection': 'keep-alive'} 
 body=None 
 </msg>
<msg time="2024-05-07T05:16:03.804569" level="INFO">GET Response : url=https://randomuser.me/api 
 status=200, reason=OK 
 headers={'Date': 'Tue, 07 May 2024 05:16:03 GMT', 'Content-Type': 'application/json; charset=utf-8', 'Transfer-Encoding': 'chunked', 'Connection': 'keep-alive', 'X-Powered-By': 'Express', 'Access-Control-Allow-Origin': '*', 'Cache-Control': 'no-cache', 'ETag': 'W/"485-OquvTTfYdBudIayEaWXKcLsif3A"', 'Vary': 'Accept-Encoding', 'Content-Encoding': 'gzip', 'CF-Cache-Status': 'DYNAMIC', 'Report-To': '{"endpoints":[{"url":"https:\\/\\/a.nel.cloudflare.com\\/report\\/v4?s=%2BSFyGMERwX7GcELvGGGiGONQwoFCCPLWMSAbrlD4IefhX%2BetvpKOU8ossUzq59Z%2B7NksyZNhj4k7Ohwz%2BQwC5hPO7sGr9fnK79fr%2F%2B1SIJIS4xASLJW57tDfBbrFlkgt"}],"group":"cf-nel","max_age":604800}', 'NEL': '{"success_fraction":0,"report_to":"cf-nel","max_age":604800}', 'Server': 'cloudflare', 'CF-RAY': '87febc5b38420660-IAD', 'alt-svc': 'h3=":443"; ma=86400'} 
 body={"results":[{"gender":"male","name":{"title":"Mr","first":"Idris","last":"Kapstad"},"location":{"street":{"number":8835,"name":"Knud Bryns vei"},"city":"Kongsberg","state":"Buskerud","country":"Norway","postcode":"7658","coordinates":{"latitude":"41.3454","longitude":"-6.8806"},"timezone":{"offset":"-4:00","description":"Atlantic Time (Canada), Caracas, La Paz"}},"email":"idris.kapstad@example.com","login":{"uuid":"564e763e-4460-45b5-9c9e-25d18af3f01e","username":"organictiger237","password":"sandy","salt":"qrxavUth","md5":"c6825fd234e89e1bf9430c2c000f6774","sha1":"9a79d041801984d7a8dbdf404374f6689e3328cc","sha256":"df9e7217f9dc1b708f09eed639b331aac6b784e1610592c9a9487fb3e5566064"},"dob":{"date":"1964-02-03T14:56:29.510Z","age":60},"registered":{"date":"2019-05-02T01:16:46.097Z","age":5},"phone":"66929008","cell":"95224122","id":{"name":"FN","value":"03026441128"},"picture":{"large":"https://randomuser.me/api/portraits/men/8.jpg","medium":"https://randomuser.me/api/portraits/med/men/8.jpg","thumbnail":"https://randomuser.me/api/portraits/thumb/men/8.jpg"},"nat":"NO"}],"info":{"seed":"e2f8f4024ffd7320","results":1,"page":1,"version":"1.4"}} 
 </msg>
<msg time="2024-05-07T05:16:03.804639" level="INFO">/opt/hostedtoolcache/Python/3.12.3/x64/lib/python3.12/site-packages/urllib3/connectionpool.py:1103: InsecureRequestWarning: Unverified HTTPS request is being made to host 'randomuser.me'. Adding certificate verification is strongly advised. See: https://urllib3.readthedocs.io/en/latest/advanced-usage.html#tls-warnings
  warnings.warn(</msg>
<msg time="2024-05-07T05:16:03.804802" level="INFO">${response} = &lt;Response [200]&gt;</msg>
<var>${response}</var>
<arg>consultarAPI</arg>
<arg>/api</arg>
<doc>Sends a GET request on a previously created HTTP Session.</doc>
<status status="PASS" start="2024-05-07T05:16:03.714572" elapsed="0.090275"/>
</kw>
<kw name="Set Variable" owner="BuiltIn">
<msg time="2024-05-07T05:16:03.805845" level="INFO">${json_data} = {'results': [{'gender': 'male', 'name': {'title': 'Mr', 'first': 'Idris', 'last': 'Kapstad'}, 'location': {'street': {'number': 8835, 'name': 'Knud Bryns vei'}, 'city': 'Kongsberg', 'state': 'Buskerud...</msg>
<var>${json_data}</var>
<arg>${response.json()}</arg>
<doc>Returns the given values which can then be assigned to a variables.</doc>
<status status="PASS" start="2024-05-07T05:16:03.805332" elapsed="0.000540"/>
</kw>
<kw name="Log" owner="BuiltIn">
<msg time="2024-05-07T05:16:03.806337" level="INFO">{'results': [{'gender': 'male', 'name': {'title': 'Mr', 'first': 'Idris', 'last': 'Kapstad'}, 'location': {'street': {'number': 8835, 'name': 'Knud Bryns vei'}, 'city': 'Kongsberg', 'state': 'Buskerud', 'country': 'Norway', 'postcode': '7658', 'coordinates': {'latitude': '41.3454', 'longitude': '-6.8806'}, 'timezone': {'offset': '-4:00', 'description': 'Atlantic Time (Canada), Caracas, La Paz'}}, 'email': 'idris.kapstad@example.com', 'login': {'uuid': '564e763e-4460-45b5-9c9e-25d18af3f01e', 'username': 'organictiger237', 'password': 'sandy', 'salt': 'qrxavUth', 'md5': 'c6825fd234e89e1bf9430c2c000f6774', 'sha1': '9a79d041801984d7a8dbdf404374f6689e3328cc', 'sha256': 'df9e7217f9dc1b708f09eed639b331aac6b784e1610592c9a9487fb3e5566064'}, 'dob': {'date': '1964-02-03T14:56:29.510Z', 'age': 60}, 'registered': {'date': '2019-05-02T01:16:46.097Z', 'age': 5}, 'phone': '66929008', 'cell': '95224122', 'id': {'name': 'FN', 'value': '03026441128'}, 'picture': {'large': 'https://randomuser.me/api/portraits/men/8.jpg', 'medium': 'https://randomuser.me/api/portraits/med/men/8.jpg', 'thumbnail': 'https://randomuser.me/api/portraits/thumb/men/8.jpg'}, 'nat': 'NO'}], 'info': {'seed': 'e2f8f4024ffd7320', 'results': 1, 'page': 1, 'version': '1.4'}}</msg>
<arg>${json_data}</arg>
<doc>Logs the given message with the given level.</doc>
<status status="PASS" start="2024-05-07T05:16:03.806180" elapsed="0.000240"/>
</kw>
<kw name="Should Be Equal As Numbers" owner="BuiltIn">
<arg>${json_data['results'][0]['location']['postcode']}</arg>
<arg>${json_data['results'][0]['location']['postcode']}</arg>
<doc>Fails if objects are unequal after converting them to real numbers.</doc>
<status status="PASS" start="2024-05-07T05:16:03.806729" elapsed="0.000807"/>
</kw>
<kw name="Log" owner="BuiltIn">
<msg time="2024-05-07T05:16:03.808063" level="INFO">7658</msg>
<arg>${json_data['results'][0]['location']['postcode']}</arg>
<doc>Logs the given message with the given level.</doc>
<status status="PASS" start="2024-05-07T05:16:03.807728" elapsed="0.000374"/>
</kw>
<status status="PASS" start="2024-05-07T05:16:03.714333" elapsed="0.094035"/>
</kw>
<doc>Testa se os tipos de dados na resposta da API estão corretos.</doc>
<tag>testeTiposDados</tag>
<status status="PASS" start="2024-05-07T05:16:03.671079" elapsed="0.137462"/>
</test>
<test id="s1-s1-t5" name="Validar conteudo" line="35">
<kw name="Teste de Tipos de Conteudo" owner="random-user-service">
<kw name="GET On Session" owner="RequestsLibrary">
<msg time="2024-05-07T05:16:03.917529" level="INFO">GET Request : url=https://randomuser.me/api 
 path_url=/api 
 headers={'User-Agent': 'python-requests/2.31.0', 'Accept-Encoding': 'gzip, deflate', 'Accept': '*/*', 'Connection': 'keep-alive'} 
 body=None 
 </msg>
<msg time="2024-05-07T05:16:03.917623" level="INFO">GET Response : url=https://randomuser.me/api 
 status=200, reason=OK 
 headers={'Date': 'Tue, 07 May 2024 05:16:03 GMT', 'Content-Type': 'application/json; charset=utf-8', 'Transfer-Encoding': 'chunked', 'Connection': 'keep-alive', 'X-Powered-By': 'Express', 'Access-Control-Allow-Origin': '*', 'Cache-Control': 'no-cache', 'ETag': 'W/"48d-rW+STkHTGfJtgX7ailcj4d8CLW8"', 'Vary': 'Accept-Encoding', 'Content-Encoding': 'gzip', 'CF-Cache-Status': 'DYNAMIC', 'Report-To': '{"endpoints":[{"url":"https:\\/\\/a.nel.cloudflare.com\\/report\\/v4?s=5aD8KACEACA9VwigdcSj%2FXMur0EteYuSUO9XHkbNLdervxxHNsl5gvYkLT6%2B8Aa7S%2B8jvOu23PRmXRuvnA7UMrdQwcdrx29DEIx4havzmfD4AumlmIsrPLqTqcyXZjhG"}],"group":"cf-nel","max_age":604800}', 'NEL': '{"success_fraction":0,"report_to":"cf-nel","max_age":604800}', 'Server': 'cloudflare', 'CF-RAY': '87febc5bd88e0660-IAD', 'alt-svc': 'h3=":443"; ma=86400'} 
 body={"results":[{"gender":"female","name":{"title":"Ms","first":"Louisa","last":"Michel"},"location":{"street":{"number":5757,"name":"Rue du Stade"},"city":"Toulouse","state":"Pyrénées-Orientales","country":"France","postcode":72071,"coordinates":{"latitude":"-14.5351","longitude":"44.6406"},"timezone":{"offset":"+4:30","description":"Kabul"}},"email":"louisa.michel@example.com","login":{"uuid":"9bba9dec-b164-4f75-8a32-661452838e6e","username":"bluegoose461","password":"colonial","salt":"gAr9BwrN","md5":"a6ad4f3d50ac0ea178402c50cd91c6e8","sha1":"70c126532378704ae6781b2d786d78ba371cfbb5","sha256":"a5648fc0df04b570df7164ddecc2f2995be09a53bed00453a8b7821f76a63757"},"dob":{"date":"1949-10-12T13:11:04.045Z","age":74},"registered":{"date":"2007-12-22T02:19:08.628Z","age":16},"phone":"01-52-58-49-62","cell":"06-84-84-06-19","id":{"name":"INSEE","value":"2490906595128 67"},"picture":{"large":"https://randomuser.me/api/portraits/women/32.jpg","medium":"https://randomuser.me/api/portraits/med/women/32.jpg","thumbnail":"https://randomuser.me/api/portraits/thumb/women/32.jpg"},"nat":"FR"}],"info":{"seed":"55cd506abd8d6d82","results":1,"page":1,"version":"1.4"}} 
 </msg>
<msg time="2024-05-07T05:16:03.917697" level="INFO">/opt/hostedtoolcache/Python/3.12.3/x64/lib/python3.12/site-packages/urllib3/connectionpool.py:1103: InsecureRequestWarning: Unverified HTTPS request is being made to host 'randomuser.me'. Adding certificate verification is strongly advised. See: https://urllib3.readthedocs.io/en/latest/advanced-usage.html#tls-warnings
  warnings.warn(</msg>
<msg time="2024-05-07T05:16:03.917835" level="INFO">${response} = &lt;Response [200]&gt;</msg>
<var>${response}</var>
<arg>consultarAPI</arg>
<arg>/api</arg>
<doc>Sends a GET request on a previously created HTTP Session.</doc>
<status status="PASS" start="2024-05-07T05:16:03.811051" elapsed="0.106824"/>
</kw>
<kw name="Set Variable" owner="BuiltIn">
<msg time="2024-05-07T05:16:03.918898" level="INFO">${json_data} = {'results': [{'gender': 'female', 'name': {'title': 'Ms', 'first': 'Louisa', 'last': 'Michel'}, 'location': {'street': {'number': 5757, 'name': 'Rue du Stade'}, 'city': 'Toulouse', 'state': 'Pyrénées-...</msg>
<var>${json_data}</var>
<arg>${response.json()}</arg>
<doc>Returns the given values which can then be assigned to a variables.</doc>
<status status="PASS" start="2024-05-07T05:16:03.918379" elapsed="0.000548"/>
</kw>
<kw name="Set Variable" owner="BuiltIn">
<msg time="2024-05-07T05:16:03.919615" level="INFO">${name_title} = Ms</msg>
<var>${name_title}</var>
<arg>${json_data["results"][0]["name"]["title"]}</arg>
<doc>Returns the given values which can then be assigned to a variables.</doc>
<status status="PASS" start="2024-05-07T05:16:03.919229" elapsed="0.000411"/>
</kw>
<kw name="Create List" owner="BuiltIn">
<msg time="2024-05-07T05:16:03.920086" level="INFO">${allowed_titles} = ['Mr', 'Ms', 'Miss', 'Mrs', 'Madame', 'Monsieur']</msg>
<var>${allowed_titles}</var>
<arg>Mr</arg>
<arg>Ms</arg>
<arg>Miss</arg>
<arg>Mrs</arg>
<arg>Madame</arg>
<arg>Monsieur</arg>
<doc>Returns a list containing given items.</doc>
<status status="PASS" start="2024-05-07T05:16:03.919938" elapsed="0.000172"/>
</kw>
<kw name="List Should Contain Value" owner="Collections">
<msg time="2024-05-07T05:16:03.920581" level="INFO">False</msg>
<arg>${allowed_titles}</arg>
<arg>${name_title}</arg>
<doc>Fails if the ``value`` is not found from ``list``.</doc>
<status status="PASS" start="2024-05-07T05:16:03.920405" elapsed="0.000213"/>
</kw>
<kw name="Set Variable" owner="BuiltIn">
<msg time="2024-05-07T05:16:03.921348" level="INFO">${name_country} = FR</msg>
<var>${name_country}</var>
<arg>${json_data["results"][0]["nat"]}</arg>
<doc>Returns the given values which can then be assigned to a variables.</doc>
<status status="PASS" start="2024-05-07T05:16:03.920956" elapsed="0.000418"/>
</kw>
<kw name="Create List" owner="BuiltIn">
<msg time="2024-05-07T05:16:03.922259" level="INFO">${list_country} = ['AD', 'AE', 'AF', 'AG', 'AI', 'AL', 'AM', 'AO', 'AQ', 'AR', 'AS', 'AT', 'AU', 'AW', 'AX', 'AZ', 'BA', 'BB', 'BD', 'BE', 'BF', 'BG', 'BH', 'BI', 'BJ', 'BL', 'BM', 'BN', 'BO', 'BQ', 'BR', 'BS', 'BT', '...</msg>
<var>${list_country}</var>
<arg>AD</arg>
<arg>AE</arg>
<arg>AF</arg>
<arg>AG</arg>
<arg>AI</arg>
<arg>AL</arg>
<arg>AM</arg>
<arg>AO</arg>
<arg>AQ</arg>
<arg>AR</arg>
<arg>AS</arg>
<arg>AT</arg>
<arg>AU</arg>
<arg>AW</arg>
<arg>AX</arg>
<arg>AZ</arg>
<arg>BA</arg>
<arg>BB</arg>
<arg>BD</arg>
<arg>BE</arg>
<arg>BF</arg>
<arg>BG</arg>
<arg>BH</arg>
<arg>BI</arg>
<arg>BJ</arg>
<arg>BL</arg>
<arg>BM</arg>
<arg>BN</arg>
<arg>BO</arg>
<arg>BQ</arg>
<arg>BR</arg>
<arg>BS</arg>
<arg>BT</arg>
<arg>BV</arg>
<arg>BW</arg>
<arg>BY</arg>
<arg>BZ</arg>
<arg>CA</arg>
<arg>CC</arg>
<arg>CD</arg>
<arg>CF</arg>
<arg>CG</arg>
<arg>CH</arg>
<arg>CI</arg>
<arg>CK</arg>
<arg>CL</arg>
<arg>CM</arg>
<arg>CN</arg>
<arg>CO</arg>
<arg>CR</arg>
<arg>CU</arg>
<arg>CV</arg>
<arg>CW</arg>
<arg>CX</arg>
<arg>CY</arg>
<arg>CZ</arg>
<arg>DE</arg>
<arg>DJ</arg>
<arg>DK</arg>
<arg>DM</arg>
<arg>DO</arg>
<arg>DZ</arg>
<arg>EC</arg>
<arg>EE</arg>
<arg>EG</arg>
<arg>EH</arg>
<arg>ER</arg>
<arg>ES</arg>
<arg>ET</arg>
<arg>FI</arg>
<arg>FJ</arg>
<arg>FK</arg>
<arg>FM</arg>
<arg>FO</arg>
<arg>FR</arg>
<arg>GA</arg>
<arg>GB</arg>
<arg>GD</arg>
<arg>GE</arg>
<arg>GF</arg>
<arg>GG</arg>
<arg>GH</arg>
<arg>GI</arg>
<arg>GL</arg>
<arg>GM</arg>
<arg>GN</arg>
<arg>GP</arg>
<arg>GQ</arg>
<arg>GR</arg>
<arg>GS</arg>
<arg>GT</arg>
<arg>GU</arg>
<arg>GW</arg>
<arg>GY</arg>
<arg>HK</arg>
<arg>HM</arg>
<arg>HN</arg>
<arg>HR</arg>
<arg>HT</arg>
<arg>HU</arg>
<arg>ID</arg>
<arg>IE</arg>
<arg>IL</arg>
<arg>IM</arg>
<arg>IN</arg>
<arg>IO</arg>
<arg>IQ</arg>
<arg>IR</arg>
<arg>IS</arg>
<arg>IT</arg>
<arg>JE</arg>
<arg>JM</arg>
<arg>JO</arg>
<arg>JP</arg>
<arg>KE</arg>
<arg>KG</arg>
<arg>KH</arg>
<arg>KI</arg>
<arg>KM</arg>
<arg>KN</arg>
<arg>KP</arg>
<arg>KR</arg>
<arg>KW</arg>
<arg>KY</arg>
<arg>KZ</arg>
<arg>LA</arg>
<arg>LB</arg>
<arg>LC</arg>
<arg>LI</arg>
<arg>LK</arg>
<arg>LR</arg>
<arg>LS</arg>
<arg>LT</arg>
<arg>LU</arg>
<arg>LV</arg>
<arg>LY</arg>
<arg>MA</arg>
<arg>MC</arg>
<arg>MD</arg>
<arg>ME</arg>
<arg>MF</arg>
<arg>MG</arg>
<arg>MH</arg>
<arg>MK</arg>
<arg>ML</arg>
<arg>MM</arg>
<arg>MN</arg>
<arg>MO</arg>
<arg>MP</arg>
<arg>MQ</arg>
<arg>MR</arg>
<arg>MS</arg>
<arg>MT</arg>
<arg>MU</arg>
<arg>MV</arg>
<arg>MW</arg>
<arg>MX</arg>
<arg>MY</arg>
<arg>MZ</arg>
<arg>NA</arg>
<arg>NC</arg>
<arg>NE</arg>
<arg>NF</arg>
<arg>NG</arg>
<arg>NI</arg>
<arg>NL</arg>
<arg>NO</arg>
<arg>NP</arg>
<arg>NR</arg>
<arg>NU</arg>
<arg>NZ</arg>
<arg>OM</arg>
<arg>PA</arg>
<arg>PE</arg>
<arg>PF</arg>
<arg>PG</arg>
<arg>PH</arg>
<arg>PK</arg>
<arg>PL</arg>
<arg>PM</arg>
<arg>PN</arg>
<arg>PR</arg>
<arg>PS</arg>
<arg>PT</arg>
<arg>PW</arg>
<arg>PY</arg>
<arg>QA</arg>
<arg>RE</arg>
<arg>RO</arg>
<arg>RS</arg>
<arg>RU</arg>
<arg>RW</arg>
<arg>SA</arg>
<arg>SB</arg>
<arg>SC</arg>
<arg>SD</arg>
<arg>SE</arg>
<arg>SG</arg>
<arg>SH</arg>
<arg>SI</arg>
<arg>SJ</arg>
<arg>SK</arg>
<arg>SL</arg>
<arg>SM</arg>
<arg>SN</arg>
<arg>SO</arg>
<arg>SR</arg>
<arg>SS</arg>
<arg>ST</arg>
<arg>SV</arg>
<arg>SX</arg>
<arg>SY</arg>
<arg>SZ</arg>
<arg>TC</arg>
<arg>TD</arg>
<arg>TF</arg>
<arg>TG</arg>
<arg>TH</arg>
<arg>TJ</arg>
<arg>TK</arg>
<arg>TL</arg>
<arg>TM</arg>
<arg>TN</arg>
<arg>TO</arg>
<arg>TR</arg>
<arg>TT</arg>
<arg>TV</arg>
<arg>TW</arg>
<arg>TZ</arg>
<arg>UA</arg>
<arg>UG</arg>
<arg>UM</arg>
<arg>US</arg>
<arg>UY</arg>
<arg>UZ</arg>
<arg>VA</arg>
<arg>VC</arg>
<arg>VE</arg>
<arg>VG</arg>
<arg>VI</arg>
<arg>VN</arg>
<arg>VU</arg>
<arg>WF</arg>
<arg>WS</arg>
<arg>XK</arg>
<arg>YE</arg>
<arg>YT</arg>
<arg>ZA</arg>
<arg>ZM</arg>
<arg>ZW</arg>
<doc>Returns a list containing given items.</doc>
<status status="PASS" start="2024-05-07T05:16:03.921677" elapsed="0.000609"/>
</kw>
<kw name="List Should Contain Value" owner="Collections">
<msg time="2024-05-07T05:16:03.923284" level="INFO">False</msg>
<arg>${list_country}</arg>
<arg>${name_country}</arg>
<doc>Fails if the ``value`` is not found from ``list``.</doc>
<status status="PASS" start="2024-05-07T05:16:03.923084" elapsed="0.000236"/>
</kw>
<kw name="Run Keyword If" owner="BuiltIn">
<kw name="Should Be True" owner="BuiltIn">
<arg>${True}</arg>
<doc>Fails if the given condition is not true.</doc>
<status status="PASS" start="2024-05-07T05:16:03.924390" elapsed="0.000144"/>
</kw>
<arg>${json_data["results"][0]["location"]["coordinates"]["latitude"]} &gt;= -90 and ${json_data["results"][0]["location"]["coordinates"]["latitude"]} &lt;= 90</arg>
<arg>Should Be True</arg>
<arg>${True}</arg>
<doc>Runs the given keyword with the given arguments, if ``condition`` is true.</doc>
<status status="PASS" start="2024-05-07T05:16:03.923628" elapsed="0.001033"/>
</kw>
<kw name="Run Keyword If" owner="BuiltIn">
<kw name="Should Be True" owner="BuiltIn">
<arg>${True}</arg>
<doc>Fails if the given condition is not true.</doc>
<status status="PASS" start="2024-05-07T05:16:03.925591" elapsed="0.000256"/>
</kw>
<arg>${json_data["results"][0]["location"]["coordinates"]["longitude"]} &gt;= -180 and ${json_data["results"][0]["location"]["coordinates"]["longitude"]} &lt;= 180</arg>
<arg>Should Be True</arg>
<arg>${True}</arg>
<doc>Runs the given keyword with the given arguments, if ``condition`` is true.</doc>
<status status="PASS" start="2024-05-07T05:16:03.924882" elapsed="0.001095"/>
</kw>
<status status="PASS" start="2024-05-07T05:16:03.810822" elapsed="0.115290"/>
</kw>
<doc>Testa o conteúdo específico dos campos retornados pela API.</doc>
<tag>testeConteudo</tag>
<status status="PASS" start="2024-05-07T05:16:03.810372" elapsed="0.115895"/>
</test>
<status status="PASS" start="2024-05-07T05:16:02.428417" elapsed="1.499834"/>
</suite>
<status status="PASS" start="2024-05-07T05:16:02.414548" elapsed="1.518836"/>
</suite>
<statistics>
<total>
<stat pass="5" fail="0" skip="0">All Tests</stat>
</total>
<tag>
<stat pass="1" fail="0" skip="0">testeConteudo</stat>
<stat pass="1" fail="0" skip="0">testeEstruturaResposta</stat>
<stat pass="1" fail="0" skip="0">testeRequisicaoBasica</stat>
<stat pass="1" fail="0" skip="0">testeTiposDados</stat>
</tag>
<suite>
<stat pass="5" fail="0" skip="0" id="s1" name="Tests">Tests</stat>
<stat pass="5" fail="0" skip="0" id="s1-s1" name="Random-User-Test">Tests.Random-User-Test</stat>
</suite>
</statistics>
<errors>
</errors>
</robot>
