<?xml version="1.0" encoding="UTF-8"?>
<robot generator="Robot 7.0.1 (Python 3.12.4 on linux)" generated="2024-07-07T02:34:43.487507" rpa="false" schemaversion="5">
<suite id="s1" name="Tests" source="/home/runner/work/ApiRandomUser/ApiRandomUser/RamdonUser/tests">
<suite id="s1-s1" name="Random-User-Test" source="/home/runner/work/ApiRandomUser/ApiRandomUser/RamdonUser/tests/random-user-test.robot">
<test id="s1-s1-t1" name="Conectar" line="13">
<kw name="Conectar API" owner="random-user-service">
<kw name="Create Session" owner="RequestsLibrary">
<msg time="2024-07-07T02:34:43.886506" level="INFO">Creating Session using : alias=consultarAPI, url=https://randomuser.me/, headers={},                     cookies={}, auth=None, timeout=None, proxies=None, verify=False,                     debug=0 </msg>
<arg>consultarAPI</arg>
<arg>${URL}</arg>
<doc>Create Session: create a HTTP session to a server</doc>
<status status="PASS" start="2024-07-07T02:34:43.886301" elapsed="0.000390"/>
</kw>
<status status="PASS" start="2024-07-07T02:34:43.885316" elapsed="0.001779"/>
</kw>
<status status="PASS" start="2024-07-07T02:34:43.884761" elapsed="0.002529"/>
</test>
<test id="s1-s1-t2" name="Validar retorno 200 e JSON Válido" line="16">
<kw name="Teste de Requisicao Basica" owner="random-user-service">
<kw name="GET On Session" owner="RequestsLibrary">
<msg time="2024-07-07T02:34:44.086035" level="INFO">GET Request : url=https://randomuser.me/api 
 path_url=/api 
 headers={'User-Agent': 'python-requests/2.32.3', 'Accept-Encoding': 'gzip, deflate', 'Accept': '*/*', 'Connection': 'keep-alive'} 
 body=None 
 </msg>
<msg time="2024-07-07T02:34:44.086171" level="INFO">GET Response : url=https://randomuser.me/api 
 status=200, reason=OK 
 headers={'Date': 'Sun, 07 Jul 2024 02:34:44 GMT', 'Content-Type': 'application/json; charset=utf-8', 'Transfer-Encoding': 'chunked', 'Connection': 'keep-alive', 'X-Powered-By': 'Express', 'Access-Control-Allow-Origin': '*', 'Cache-Control': 'no-cache', 'ETag': 'W/"496-EXsSFHIoW0yAjA6MuAqXHgHrrS8"', 'Vary': 'Accept-Encoding', 'Content-Encoding': 'gzip', 'CF-Cache-Status': 'DYNAMIC', 'Report-To': '{"endpoints":[{"url":"https:\\/\\/a.nel.cloudflare.com\\/report\\/v4?s=P4qL8toXxz841J1UFQ0vNLqBFIKTmp75pPhDIUorNhKkTjxelDJkreULZH5%2B8RwD3arYYKkWyu9IWc8m%2BefLiPrHPIahUziH63YkAWvHBKp1APWyJE0HSFuON%2F%2FmHGMO"}],"group":"cf-nel","max_age":604800}', 'NEL': '{"success_fraction":0,"report_to":"cf-nel","max_age":604800}', 'Server': 'cloudflare', 'CF-RAY': '89f46fe92f3505e3-IAD', 'alt-svc': 'h3=":443"; ma=86400'} 
 body={"results":[{"gender":"female","name":{"title":"Mrs","first":"Florence","last":"West"},"location":{"street":{"number":5587,"name":"E North St"},"city":"Maitland","state":"Victoria","country":"Australia","postcode":4998,"coordinates":{"latitude":"-88.8187","longitude":"148.0779"},"timezone":{"offset":"+10:00","description":"Eastern Australia, Guam, Vladivostok"}},"email":"florence.west@example.com","login":{"uuid":"5f8e838d-f78c-488a-888d-c48495fcf087","username":"smallrabbit377","password":"kissing","salt":"EFXFIPdH","md5":"137cc3b846cc4a8a9604dfa2afec8866","sha1":"2054c11248965f6750e11b24c50942afa3f6e463","sha256":"5d4e0bf4b29bb31756465b2e8b1d4ae624e48c1aefc214112f3999d9d4a5b1b6"},"dob":{"date":"1973-07-12T16:03:50.456Z","age":50},"registered":{"date":"2007-05-15T03:13:44.327Z","age":17},"phone":"03-9790-5494","cell":"0498-691-672","id":{"name":"TFN","value":"771826780"},"picture":{"large":"https://randomuser.me/api/portraits/women/55.jpg","medium":"https://randomuser.me/api/portraits/med/women/55.jpg","thumbnail":"https://randomuser.me/api/portraits/thumb/women/55.jpg"},"nat":"AU"}],"info":{"seed":"91e98a9f7044034c","results":1,"page":1,"version":"1.4"}} 
 </msg>
<msg time="2024-07-07T02:34:44.086251" level="INFO">/opt/hostedtoolcache/Python/3.12.4/x64/lib/python3.12/site-packages/urllib3/connectionpool.py:1099: InsecureRequestWarning: Unverified HTTPS request is being made to host 'randomuser.me'. Adding certificate verification is strongly advised. See: https://urllib3.readthedocs.io/en/latest/advanced-usage.html#tls-warnings
  warnings.warn(</msg>
<msg time="2024-07-07T02:34:44.086388" level="INFO">${response} = &lt;Response [200]&gt;</msg>
<var>${response}</var>
<arg>consultarAPI</arg>
<arg>/api</arg>
<doc>Sends a GET request on a previously created HTTP Session.</doc>
<status status="PASS" start="2024-07-07T02:34:43.889859" elapsed="0.196571"/>
</kw>
<kw name="Should Be Equal As Numbers" owner="BuiltIn">
<msg time="2024-07-07T02:34:44.087425" level="INFO">Argument types are:
&lt;class 'int'&gt;
&lt;class 'str'&gt;</msg>
<arg>${response.status_code}</arg>
<arg>200</arg>
<doc>Fails if objects are unequal after converting them to real numbers.</doc>
<status status="PASS" start="2024-07-07T02:34:44.086969" elapsed="0.000525"/>
</kw>
<kw name="Log" owner="BuiltIn">
<msg time="2024-07-07T02:34:44.088194" level="INFO">200</msg>
<arg>${response.status_code}</arg>
<doc>Logs the given message with the given level.</doc>
<status status="PASS" start="2024-07-07T02:34:44.087833" elapsed="0.000404"/>
</kw>
<kw name="Set Variable" owner="BuiltIn">
<msg time="2024-07-07T02:34:44.088985" level="INFO">${json_data} = {'results': [{'gender': 'female', 'name': {'title': 'Mrs', 'first': 'Florence', 'last': 'West'}, 'location': {'street': {'number': 5587, 'name': 'E North St'}, 'city': 'Maitland', 'state': 'Victoria',...</msg>
<var>${json_data}</var>
<arg>${response.json()}</arg>
<doc>Returns the given values which can then be assigned to a variables.</doc>
<status status="PASS" start="2024-07-07T02:34:44.088549" elapsed="0.000465"/>
</kw>
<kw name="Dictionary Should Contain Key" owner="Collections">
<arg>${json_data}</arg>
<arg>results</arg>
<doc>Fails if ``key`` is not found from ``dictionary``.</doc>
<status status="PASS" start="2024-07-07T02:34:44.089318" elapsed="0.000168"/>
</kw>
<status status="PASS" start="2024-07-07T02:34:43.889609" elapsed="0.200036"/>
</kw>
<doc>Testa se a API responde corretamente e retorna um objeto JSON válido.</doc>
<tag>testeRequisicaoBasica</tag>
<status status="PASS" start="2024-07-07T02:34:43.889138" elapsed="0.200678"/>
</test>
<test id="s1-s1-t3" name="Validar estrutura de resposta" line="22">
<kw name="Teste de Estrutura de Resposta" owner="random-user-service">
<kw name="GET On Session" owner="RequestsLibrary">
<msg time="2024-07-07T02:34:44.164744" level="INFO">GET Request : url=https://randomuser.me/api 
 path_url=/api 
 headers={'User-Agent': 'python-requests/2.32.3', 'Accept-Encoding': 'gzip, deflate', 'Accept': '*/*', 'Connection': 'keep-alive'} 
 body=None 
 </msg>
<msg time="2024-07-07T02:34:44.164836" level="INFO">GET Response : url=https://randomuser.me/api 
 status=200, reason=OK 
 headers={'Date': 'Sun, 07 Jul 2024 02:34:44 GMT', 'Content-Type': 'application/json; charset=utf-8', 'Transfer-Encoding': 'chunked', 'Connection': 'keep-alive', 'X-Powered-By': 'Express', 'Access-Control-Allow-Origin': '*', 'Cache-Control': 'no-cache', 'ETag': 'W/"46b-KyhU/ytZ6icP62Vl/wfu36yMQTE"', 'Vary': 'Accept-Encoding', 'Content-Encoding': 'gzip', 'CF-Cache-Status': 'DYNAMIC', 'Report-To': '{"endpoints":[{"url":"https:\\/\\/a.nel.cloudflare.com\\/report\\/v4?s=pIsxYMC4gbD3gB%2F8Je0CjGhDcVMuGKb3PGG6xjTVDRrYp%2BTXsjEgzaChwOt6JTBCOWy93z1%2FnDSgJwt4iizonSlpLo5NkjpDHdPjvMxvdVBkc8lh8m5ZUfeuftjjM6ON"}],"group":"cf-nel","max_age":604800}', 'NEL': '{"success_fraction":0,"report_to":"cf-nel","max_age":604800}', 'Server': 'cloudflare', 'CF-RAY': '89f46fe99fb005e3-IAD', 'alt-svc': 'h3=":443"; ma=86400'} 
 body={"results":[{"gender":"male","name":{"title":"Mr","first":"Rajko","last":"Ćirić"},"location":{"street":{"number":3684,"name":"Enrika Paćija"},"city":"Sombor","state":"North Banat","country":"Serbia","postcode":36234,"coordinates":{"latitude":"60.9269","longitude":"-5.9336"},"timezone":{"offset":"+3:30","description":"Tehran"}},"email":"rajko.ciric@example.com","login":{"uuid":"a1953c64-7f71-493f-af8d-bfeb1118a197","username":"orangesnake757","password":"yumyum","salt":"C8BfLm7N","md5":"b0e80568385c1bb6c1853d75d2a01271","sha1":"2717b7338ea3020577c6c381567cee54f7d8c3de","sha256":"1e1786407348ebb8759f32846a661f070faabb9d57ac39473abf37a231ca3bdf"},"dob":{"date":"2000-10-05T04:54:51.893Z","age":23},"registered":{"date":"2020-11-01T12:53:35.245Z","age":3},"phone":"010-1560-541","cell":"062-7793-028","id":{"name":"SID","value":"489403249"},"picture":{"large":"https://randomuser.me/api/portraits/men/71.jpg","medium":"https://randomuser.me/api/portraits/med/men/71.jpg","thumbnail":"https://randomuser.me/api/portraits/thumb/men/71.jpg"},"nat":"RS"}],"info":{"seed":"cd0f7363d0557635","results":1,"page":1,"version":"1.4"}} 
 </msg>
<msg time="2024-07-07T02:34:44.164974" level="INFO">/opt/hostedtoolcache/Python/3.12.4/x64/lib/python3.12/site-packages/urllib3/connectionpool.py:1099: InsecureRequestWarning: Unverified HTTPS request is being made to host 'randomuser.me'. Adding certificate verification is strongly advised. See: https://urllib3.readthedocs.io/en/latest/advanced-usage.html#tls-warnings
  warnings.warn(</msg>
<msg time="2024-07-07T02:34:44.165096" level="INFO">${response} = &lt;Response [200]&gt;</msg>
<var>${response}</var>
<arg>consultarAPI</arg>
<arg>/api</arg>
<doc>Sends a GET request on a previously created HTTP Session.</doc>
<status status="PASS" start="2024-07-07T02:34:44.092533" elapsed="0.072612"/>
</kw>
<kw name="Set Variable" owner="BuiltIn">
<msg time="2024-07-07T02:34:44.166063" level="INFO">${json_data} = {'results': [{'gender': 'male', 'name': {'title': 'Mr', 'first': 'Rajko', 'last': 'Ćirić'}, 'location': {'street': {'number': 3684, 'name': 'Enrika Paćija'}, 'city': 'Sombor', 'state': 'North Banat', ...</msg>
<var>${json_data}</var>
<arg>${response.json()}</arg>
<doc>Returns the given values which can then be assigned to a variables.</doc>
<status status="PASS" start="2024-07-07T02:34:44.165568" elapsed="0.000525"/>
</kw>
<kw name="Log" owner="BuiltIn">
<msg time="2024-07-07T02:34:44.166570" level="INFO">{'results': [{'gender': 'male', 'name': {'title': 'Mr', 'first': 'Rajko', 'last': 'Ćirić'}, 'location': {'street': {'number': 3684, 'name': 'Enrika Paćija'}, 'city': 'Sombor', 'state': 'North Banat', 'country': 'Serbia', 'postcode': 36234, 'coordinates': {'latitude': '60.9269', 'longitude': '-5.9336'}, 'timezone': {'offset': '+3:30', 'description': 'Tehran'}}, 'email': 'rajko.ciric@example.com', 'login': {'uuid': 'a1953c64-7f71-493f-af8d-bfeb1118a197', 'username': 'orangesnake757', 'password': 'yumyum', 'salt': 'C8BfLm7N', 'md5': 'b0e80568385c1bb6c1853d75d2a01271', 'sha1': '2717b7338ea3020577c6c381567cee54f7d8c3de', 'sha256': '1e1786407348ebb8759f32846a661f070faabb9d57ac39473abf37a231ca3bdf'}, 'dob': {'date': '2000-10-05T04:54:51.893Z', 'age': 23}, 'registered': {'date': '2020-11-01T12:53:35.245Z', 'age': 3}, 'phone': '010-1560-541', 'cell': '062-7793-028', 'id': {'name': 'SID', 'value': '489403249'}, 'picture': {'large': 'https://randomuser.me/api/portraits/men/71.jpg', 'medium': 'https://randomuser.me/api/portraits/med/men/71.jpg', 'thumbnail': 'https://randomuser.me/api/portraits/thumb/men/71.jpg'}, 'nat': 'RS'}], 'info': {'seed': 'cd0f7363d0557635', 'results': 1, 'page': 1, 'version': '1.4'}}</msg>
<arg>${json_data}</arg>
<doc>Logs the given message with the given level.</doc>
<status status="PASS" start="2024-07-07T02:34:44.166408" elapsed="0.000212"/>
</kw>
<kw name="Dictionary Should Contain Key" owner="Collections">
<arg>${json_data}</arg>
<arg>results</arg>
<doc>Fails if ``key`` is not found from ``dictionary``.</doc>
<status status="PASS" start="2024-07-07T02:34:44.166967" elapsed="0.000167"/>
</kw>
<kw name="Should Not Be Empty" owner="BuiltIn">
<msg time="2024-07-07T02:34:44.167455" level="INFO">Length is 2.</msg>
<arg>${json_data}</arg>
<doc>Verifies that the given item is not empty.</doc>
<status status="PASS" start="2024-07-07T02:34:44.167327" elapsed="0.000168"/>
</kw>
<kw name="Create List" owner="BuiltIn">
<msg time="2024-07-07T02:34:44.167948" level="INFO">${expected_keys} = ['gender', 'name', 'location', 'email', 'login']</msg>
<var>${expected_keys}</var>
<arg>gender</arg>
<arg>name</arg>
<arg>location</arg>
<arg>email</arg>
<arg>login</arg>
<doc>Returns a list containing given items.</doc>
<status status="PASS" start="2024-07-07T02:34:44.167797" elapsed="0.000176"/>
</kw>
<for flavor="IN">
<iter>
<kw name="Dictionary Should Contain Key" owner="Collections">
<arg>${json_data['results'][0]}</arg>
<arg>${key}</arg>
<doc>Fails if ``key`` is not found from ``dictionary``.</doc>
<status status="PASS" start="2024-07-07T02:34:44.168705" elapsed="0.000410"/>
</kw>
<kw name="Log" owner="BuiltIn">
<msg time="2024-07-07T02:34:44.169675" level="INFO">{'gender': 'male', 'name': {'title': 'Mr', 'first': 'Rajko', 'last': 'Ćirić'}, 'location': {'street': {'number': 3684, 'name': 'Enrika Paćija'}, 'city': 'Sombor', 'state': 'North Banat', 'country': 'Serbia', 'postcode': 36234, 'coordinates': {'latitude': '60.9269', 'longitude': '-5.9336'}, 'timezone': {'offset': '+3:30', 'description': 'Tehran'}}, 'email': 'rajko.ciric@example.com', 'login': {'uuid': 'a1953c64-7f71-493f-af8d-bfeb1118a197', 'username': 'orangesnake757', 'password': 'yumyum', 'salt': 'C8BfLm7N', 'md5': 'b0e80568385c1bb6c1853d75d2a01271', 'sha1': '2717b7338ea3020577c6c381567cee54f7d8c3de', 'sha256': '1e1786407348ebb8759f32846a661f070faabb9d57ac39473abf37a231ca3bdf'}, 'dob': {'date': '2000-10-05T04:54:51.893Z', 'age': 23}, 'registered': {'date': '2020-11-01T12:53:35.245Z', 'age': 3}, 'phone': '010-1560-541', 'cell': '062-7793-028', 'id': {'name': 'SID', 'value': '489403249'}, 'picture': {'large': 'https://randomuser.me/api/portraits/men/71.jpg', 'medium': 'https://randomuser.me/api/portraits/med/men/71.jpg', 'thumbnail': 'https://randomuser.me/api/portraits/thumb/men/71.jpg'}, 'nat': 'RS'}</msg>
<arg>${json_data['results'][0]}</arg>
<doc>Logs the given message with the given level.</doc>
<status status="PASS" start="2024-07-07T02:34:44.169308" elapsed="0.000420"/>
</kw>
<kw name="Log" owner="BuiltIn">
<msg time="2024-07-07T02:34:44.170158" level="INFO">gender</msg>
<arg>${key}</arg>
<doc>Logs the given message with the given level.</doc>
<status status="PASS" start="2024-07-07T02:34:44.170028" elapsed="0.000169"/>
</kw>
<var name="${key}">gender</var>
<status status="PASS" start="2024-07-07T02:34:44.168582" elapsed="0.001833"/>
</iter>
<iter>
<kw name="Dictionary Should Contain Key" owner="Collections">
<arg>${json_data['results'][0]}</arg>
<arg>${key}</arg>
<doc>Fails if ``key`` is not found from ``dictionary``.</doc>
<status status="PASS" start="2024-07-07T02:34:44.170720" elapsed="0.000423"/>
</kw>
<kw name="Log" owner="BuiltIn">
<msg time="2024-07-07T02:34:44.171678" level="INFO">{'gender': 'male', 'name': {'title': 'Mr', 'first': 'Rajko', 'last': 'Ćirić'}, 'location': {'street': {'number': 3684, 'name': 'Enrika Paćija'}, 'city': 'Sombor', 'state': 'North Banat', 'country': 'Serbia', 'postcode': 36234, 'coordinates': {'latitude': '60.9269', 'longitude': '-5.9336'}, 'timezone': {'offset': '+3:30', 'description': 'Tehran'}}, 'email': 'rajko.ciric@example.com', 'login': {'uuid': 'a1953c64-7f71-493f-af8d-bfeb1118a197', 'username': 'orangesnake757', 'password': 'yumyum', 'salt': 'C8BfLm7N', 'md5': 'b0e80568385c1bb6c1853d75d2a01271', 'sha1': '2717b7338ea3020577c6c381567cee54f7d8c3de', 'sha256': '1e1786407348ebb8759f32846a661f070faabb9d57ac39473abf37a231ca3bdf'}, 'dob': {'date': '2000-10-05T04:54:51.893Z', 'age': 23}, 'registered': {'date': '2020-11-01T12:53:35.245Z', 'age': 3}, 'phone': '010-1560-541', 'cell': '062-7793-028', 'id': {'name': 'SID', 'value': '489403249'}, 'picture': {'large': 'https://randomuser.me/api/portraits/men/71.jpg', 'medium': 'https://randomuser.me/api/portraits/med/men/71.jpg', 'thumbnail': 'https://randomuser.me/api/portraits/thumb/men/71.jpg'}, 'nat': 'RS'}</msg>
<arg>${json_data['results'][0]}</arg>
<doc>Logs the given message with the given level.</doc>
<status status="PASS" start="2024-07-07T02:34:44.171327" elapsed="0.000435"/>
</kw>
<kw name="Log" owner="BuiltIn">
<msg time="2024-07-07T02:34:44.172205" level="INFO">name</msg>
<arg>${key}</arg>
<doc>Logs the given message with the given level.</doc>
<status status="PASS" start="2024-07-07T02:34:44.172074" elapsed="0.000169"/>
</kw>
<var name="${key}">name</var>
<status status="PASS" start="2024-07-07T02:34:44.170601" elapsed="0.001867"/>
</iter>
<iter>
<kw name="Dictionary Should Contain Key" owner="Collections">
<arg>${json_data['results'][0]}</arg>
<arg>${key}</arg>
<doc>Fails if ``key`` is not found from ``dictionary``.</doc>
<status status="PASS" start="2024-07-07T02:34:44.172759" elapsed="0.000377"/>
</kw>
<kw name="Log" owner="BuiltIn">
<msg time="2024-07-07T02:34:44.173668" level="INFO">{'gender': 'male', 'name': {'title': 'Mr', 'first': 'Rajko', 'last': 'Ćirić'}, 'location': {'street': {'number': 3684, 'name': 'Enrika Paćija'}, 'city': 'Sombor', 'state': 'North Banat', 'country': 'Serbia', 'postcode': 36234, 'coordinates': {'latitude': '60.9269', 'longitude': '-5.9336'}, 'timezone': {'offset': '+3:30', 'description': 'Tehran'}}, 'email': 'rajko.ciric@example.com', 'login': {'uuid': 'a1953c64-7f71-493f-af8d-bfeb1118a197', 'username': 'orangesnake757', 'password': 'yumyum', 'salt': 'C8BfLm7N', 'md5': 'b0e80568385c1bb6c1853d75d2a01271', 'sha1': '2717b7338ea3020577c6c381567cee54f7d8c3de', 'sha256': '1e1786407348ebb8759f32846a661f070faabb9d57ac39473abf37a231ca3bdf'}, 'dob': {'date': '2000-10-05T04:54:51.893Z', 'age': 23}, 'registered': {'date': '2020-11-01T12:53:35.245Z', 'age': 3}, 'phone': '010-1560-541', 'cell': '062-7793-028', 'id': {'name': 'SID', 'value': '489403249'}, 'picture': {'large': 'https://randomuser.me/api/portraits/men/71.jpg', 'medium': 'https://randomuser.me/api/portraits/med/men/71.jpg', 'thumbnail': 'https://randomuser.me/api/portraits/thumb/men/71.jpg'}, 'nat': 'RS'}</msg>
<arg>${json_data['results'][0]}</arg>
<doc>Logs the given message with the given level.</doc>
<status status="PASS" start="2024-07-07T02:34:44.173318" elapsed="0.000403"/>
</kw>
<kw name="Log" owner="BuiltIn">
<msg time="2024-07-07T02:34:44.174148" level="INFO">location</msg>
<arg>${key}</arg>
<doc>Logs the given message with the given level.</doc>
<status status="PASS" start="2024-07-07T02:34:44.174020" elapsed="0.000166"/>
</kw>
<var name="${key}">location</var>
<status status="PASS" start="2024-07-07T02:34:44.172648" elapsed="0.001753"/>
</iter>
<iter>
<kw name="Dictionary Should Contain Key" owner="Collections">
<arg>${json_data['results'][0]}</arg>
<arg>${key}</arg>
<doc>Fails if ``key`` is not found from ``dictionary``.</doc>
<status status="PASS" start="2024-07-07T02:34:44.174682" elapsed="0.000436"/>
</kw>
<kw name="Log" owner="BuiltIn">
<msg time="2024-07-07T02:34:44.175662" level="INFO">{'gender': 'male', 'name': {'title': 'Mr', 'first': 'Rajko', 'last': 'Ćirić'}, 'location': {'street': {'number': 3684, 'name': 'Enrika Paćija'}, 'city': 'Sombor', 'state': 'North Banat', 'country': 'Serbia', 'postcode': 36234, 'coordinates': {'latitude': '60.9269', 'longitude': '-5.9336'}, 'timezone': {'offset': '+3:30', 'description': 'Tehran'}}, 'email': 'rajko.ciric@example.com', 'login': {'uuid': 'a1953c64-7f71-493f-af8d-bfeb1118a197', 'username': 'orangesnake757', 'password': 'yumyum', 'salt': 'C8BfLm7N', 'md5': 'b0e80568385c1bb6c1853d75d2a01271', 'sha1': '2717b7338ea3020577c6c381567cee54f7d8c3de', 'sha256': '1e1786407348ebb8759f32846a661f070faabb9d57ac39473abf37a231ca3bdf'}, 'dob': {'date': '2000-10-05T04:54:51.893Z', 'age': 23}, 'registered': {'date': '2020-11-01T12:53:35.245Z', 'age': 3}, 'phone': '010-1560-541', 'cell': '062-7793-028', 'id': {'name': 'SID', 'value': '489403249'}, 'picture': {'large': 'https://randomuser.me/api/portraits/men/71.jpg', 'medium': 'https://randomuser.me/api/portraits/med/men/71.jpg', 'thumbnail': 'https://randomuser.me/api/portraits/thumb/men/71.jpg'}, 'nat': 'RS'}</msg>
<arg>${json_data['results'][0]}</arg>
<doc>Logs the given message with the given level.</doc>
<status status="PASS" start="2024-07-07T02:34:44.175305" elapsed="0.000409"/>
</kw>
<kw name="Log" owner="BuiltIn">
<msg time="2024-07-07T02:34:44.176146" level="INFO">email</msg>
<arg>${key}</arg>
<doc>Logs the given message with the given level.</doc>
<status status="PASS" start="2024-07-07T02:34:44.176019" elapsed="0.000167"/>
</kw>
<var name="${key}">email</var>
<status status="PASS" start="2024-07-07T02:34:44.174574" elapsed="0.001833"/>
</iter>
<iter>
<kw name="Dictionary Should Contain Key" owner="Collections">
<arg>${json_data['results'][0]}</arg>
<arg>${key}</arg>
<doc>Fails if ``key`` is not found from ``dictionary``.</doc>
<status status="PASS" start="2024-07-07T02:34:44.176688" elapsed="0.000394"/>
</kw>
<kw name="Log" owner="BuiltIn">
<msg time="2024-07-07T02:34:44.177631" level="INFO">{'gender': 'male', 'name': {'title': 'Mr', 'first': 'Rajko', 'last': 'Ćirić'}, 'location': {'street': {'number': 3684, 'name': 'Enrika Paćija'}, 'city': 'Sombor', 'state': 'North Banat', 'country': 'Serbia', 'postcode': 36234, 'coordinates': {'latitude': '60.9269', 'longitude': '-5.9336'}, 'timezone': {'offset': '+3:30', 'description': 'Tehran'}}, 'email': 'rajko.ciric@example.com', 'login': {'uuid': 'a1953c64-7f71-493f-af8d-bfeb1118a197', 'username': 'orangesnake757', 'password': 'yumyum', 'salt': 'C8BfLm7N', 'md5': 'b0e80568385c1bb6c1853d75d2a01271', 'sha1': '2717b7338ea3020577c6c381567cee54f7d8c3de', 'sha256': '1e1786407348ebb8759f32846a661f070faabb9d57ac39473abf37a231ca3bdf'}, 'dob': {'date': '2000-10-05T04:54:51.893Z', 'age': 23}, 'registered': {'date': '2020-11-01T12:53:35.245Z', 'age': 3}, 'phone': '010-1560-541', 'cell': '062-7793-028', 'id': {'name': 'SID', 'value': '489403249'}, 'picture': {'large': 'https://randomuser.me/api/portraits/men/71.jpg', 'medium': 'https://randomuser.me/api/portraits/med/men/71.jpg', 'thumbnail': 'https://randomuser.me/api/portraits/thumb/men/71.jpg'}, 'nat': 'RS'}</msg>
<arg>${json_data['results'][0]}</arg>
<doc>Logs the given message with the given level.</doc>
<status status="PASS" start="2024-07-07T02:34:44.177266" elapsed="0.000418"/>
</kw>
<kw name="Log" owner="BuiltIn">
<msg time="2024-07-07T02:34:44.178110" level="INFO">login</msg>
<arg>${key}</arg>
<doc>Logs the given message with the given level.</doc>
<status status="PASS" start="2024-07-07T02:34:44.177981" elapsed="0.000167"/>
</kw>
<var name="${key}">login</var>
<status status="PASS" start="2024-07-07T02:34:44.176579" elapsed="0.001793"/>
</iter>
<var>${key}</var>
<value>@{expected_keys}</value>
<status status="PASS" start="2024-07-07T02:34:44.168388" elapsed="0.010108"/>
</for>
<kw name="Create List" owner="BuiltIn">
<msg time="2024-07-07T02:34:44.178858" level="INFO">${expected_keysTwo} = ['username', 'password']</msg>
<var>${expected_keysTwo}</var>
<arg>username</arg>
<arg>password</arg>
<doc>Returns a list containing given items.</doc>
<status status="PASS" start="2024-07-07T02:34:44.178689" elapsed="0.000193"/>
</kw>
<for flavor="IN">
<iter>
<kw name="Dictionary Should Contain Key" owner="Collections">
<arg>${json_data['results'][0]['login']}</arg>
<arg>${keyTwo}</arg>
<doc>Fails if ``key`` is not found from ``dictionary``.</doc>
<status status="PASS" start="2024-07-07T02:34:44.179418" elapsed="0.000392"/>
</kw>
<kw name="Dictionary Should Contain Key" owner="Collections">
<arg>${json_data['results'][0]['login']}</arg>
<arg>${keyTwo}</arg>
<doc>Fails if ``key`` is not found from ``dictionary``.</doc>
<status status="PASS" start="2024-07-07T02:34:44.179995" elapsed="0.000384"/>
</kw>
<kw name="Log" owner="BuiltIn">
<msg time="2024-07-07T02:34:44.180694" level="INFO">username</msg>
<arg>${keyTwo}</arg>
<doc>Logs the given message with the given level.</doc>
<status status="PASS" start="2024-07-07T02:34:44.180565" elapsed="0.000169"/>
</kw>
<var name="${keyTwo}">username</var>
<status status="PASS" start="2024-07-07T02:34:44.179307" elapsed="0.001651"/>
</iter>
<iter>
<kw name="Dictionary Should Contain Key" owner="Collections">
<arg>${json_data['results'][0]['login']}</arg>
<arg>${keyTwo}</arg>
<doc>Fails if ``key`` is not found from ``dictionary``.</doc>
<status status="PASS" start="2024-07-07T02:34:44.181241" elapsed="0.000385"/>
</kw>
<kw name="Dictionary Should Contain Key" owner="Collections">
<arg>${json_data['results'][0]['login']}</arg>
<arg>${keyTwo}</arg>
<doc>Fails if ``key`` is not found from ``dictionary``.</doc>
<status status="PASS" start="2024-07-07T02:34:44.181805" elapsed="0.000366"/>
</kw>
<kw name="Log" owner="BuiltIn">
<msg time="2024-07-07T02:34:44.182477" level="INFO">password</msg>
<arg>${keyTwo}</arg>
<doc>Logs the given message with the given level.</doc>
<status status="PASS" start="2024-07-07T02:34:44.182355" elapsed="0.000165"/>
</kw>
<var name="${keyTwo}">password</var>
<status status="PASS" start="2024-07-07T02:34:44.181132" elapsed="0.001607"/>
</iter>
<var>${keyTwo}</var>
<value>@{expected_keysTwo}</value>
<status status="PASS" start="2024-07-07T02:34:44.179149" elapsed="0.003751"/>
</for>
<status status="PASS" start="2024-07-07T02:34:44.092297" elapsed="0.090747"/>
</kw>
<doc>Testa a estrutura da resposta da API.</doc>
<tag>testeEstruturaResposta</tag>
<status status="PASS" start="2024-07-07T02:34:44.091727" elapsed="0.091470"/>
</test>
<test id="s1-s1-t4" name="Validar tipos de dados" line="28">
<kw name="Teste de Tipos de Dados" owner="random-user-service">
<kw name="GET On Session" owner="RequestsLibrary">
<msg time="2024-07-07T02:34:44.266829" level="INFO">GET Request : url=https://randomuser.me/api 
 path_url=/api 
 headers={'User-Agent': 'python-requests/2.32.3', 'Accept-Encoding': 'gzip, deflate', 'Accept': '*/*', 'Connection': 'keep-alive'} 
 body=None 
 </msg>
<msg time="2024-07-07T02:34:44.266929" level="INFO">GET Response : url=https://randomuser.me/api 
 status=200, reason=OK 
 headers={'Date': 'Sun, 07 Jul 2024 02:34:44 GMT', 'Content-Type': 'application/json; charset=utf-8', 'Transfer-Encoding': 'chunked', 'Connection': 'keep-alive', 'X-Powered-By': 'Express', 'Access-Control-Allow-Origin': '*', 'Cache-Control': 'no-cache', 'ETag': 'W/"486-x2vFTPYaMxy6wlU6ojADT+kg2zQ"', 'Vary': 'Accept-Encoding', 'Content-Encoding': 'gzip', 'CF-Cache-Status': 'DYNAMIC', 'Report-To': '{"endpoints":[{"url":"https:\\/\\/a.nel.cloudflare.com\\/report\\/v4?s=1KZlXslrqrgwqRNcWvFi9VbfR17d0P1BiLoU9IpJhXw5SH3x4W%2BVNBvle%2BakQUw%2BUx1MPBwRIWQTBdbvcRX0ZjrVg%2BOB6rK5OPt94XGTe6F9WOPYpLLLvzorugAHLA48"}],"group":"cf-nel","max_age":604800}', 'NEL': '{"success_fraction":0,"report_to":"cf-nel","max_age":604800}', 'Server': 'cloudflare', 'CF-RAY': '89f46fea283905e3-IAD', 'alt-svc': 'h3=":443"; ma=86400'} 
 body={"results":[{"gender":"male","name":{"title":"Mr","first":"Lester","last":"Kelly"},"location":{"street":{"number":8115,"name":"Valwood Pkwy"},"city":"Chattanooga","state":"Washington","country":"United States","postcode":69545,"coordinates":{"latitude":"89.9963","longitude":"-41.8939"},"timezone":{"offset":"+9:30","description":"Adelaide, Darwin"}},"email":"lester.kelly@example.com","login":{"uuid":"97ecd2ea-e427-41a4-898b-ebf59ab7987a","username":"lazypeacock917","password":"massage","salt":"6slCeNpp","md5":"fffb75bd578d8cc8e3ad45816e740cf8","sha1":"2e91bbf08b3ff827da2ba5ca6b007387a5b9e827","sha256":"9a674471496a47302c8d948455d9179b5f9d670e90ac24838dc78efb213b0dd0"},"dob":{"date":"1985-06-13T19:30:23.979Z","age":39},"registered":{"date":"2021-12-27T15:50:15.659Z","age":2},"phone":"(667) 565-4608","cell":"(652) 651-8400","id":{"name":"SSN","value":"595-23-0830"},"picture":{"large":"https://randomuser.me/api/portraits/men/31.jpg","medium":"https://randomuser.me/api/portraits/med/men/31.jpg","thumbnail":"https://randomuser.me/api/portraits/thumb/men/31.jpg"},"nat":"US"}],"info":{"seed":"c00ddd46b73d8d23","results":1,"page":1,"version":"1.4"}} 
 </msg>
<msg time="2024-07-07T02:34:44.267009" level="INFO">/opt/hostedtoolcache/Python/3.12.4/x64/lib/python3.12/site-packages/urllib3/connectionpool.py:1099: InsecureRequestWarning: Unverified HTTPS request is being made to host 'randomuser.me'. Adding certificate verification is strongly advised. See: https://urllib3.readthedocs.io/en/latest/advanced-usage.html#tls-warnings
  warnings.warn(</msg>
<msg time="2024-07-07T02:34:44.267136" level="INFO">${response} = &lt;Response [200]&gt;</msg>
<var>${response}</var>
<arg>consultarAPI</arg>
<arg>/api</arg>
<doc>Sends a GET request on a previously created HTTP Session.</doc>
<status status="PASS" start="2024-07-07T02:34:44.185792" elapsed="0.081396"/>
</kw>
<kw name="Set Variable" owner="BuiltIn">
<msg time="2024-07-07T02:34:44.268310" level="INFO">${json_data} = {'results': [{'gender': 'male', 'name': {'title': 'Mr', 'first': 'Lester', 'last': 'Kelly'}, 'location': {'street': {'number': 8115, 'name': 'Valwood Pkwy'}, 'city': 'Chattanooga', 'state': 'Washingto...</msg>
<var>${json_data}</var>
<arg>${response.json()}</arg>
<doc>Returns the given values which can then be assigned to a variables.</doc>
<status status="PASS" start="2024-07-07T02:34:44.267752" elapsed="0.000588"/>
</kw>
<kw name="Log" owner="BuiltIn">
<msg time="2024-07-07T02:34:44.268827" level="INFO">{'results': [{'gender': 'male', 'name': {'title': 'Mr', 'first': 'Lester', 'last': 'Kelly'}, 'location': {'street': {'number': 8115, 'name': 'Valwood Pkwy'}, 'city': 'Chattanooga', 'state': 'Washington', 'country': 'United States', 'postcode': 69545, 'coordinates': {'latitude': '89.9963', 'longitude': '-41.8939'}, 'timezone': {'offset': '+9:30', 'description': 'Adelaide, Darwin'}}, 'email': 'lester.kelly@example.com', 'login': {'uuid': '97ecd2ea-e427-41a4-898b-ebf59ab7987a', 'username': 'lazypeacock917', 'password': 'massage', 'salt': '6slCeNpp', 'md5': 'fffb75bd578d8cc8e3ad45816e740cf8', 'sha1': '2e91bbf08b3ff827da2ba5ca6b007387a5b9e827', 'sha256': '9a674471496a47302c8d948455d9179b5f9d670e90ac24838dc78efb213b0dd0'}, 'dob': {'date': '1985-06-13T19:30:23.979Z', 'age': 39}, 'registered': {'date': '2021-12-27T15:50:15.659Z', 'age': 2}, 'phone': '(667) 565-4608', 'cell': '(652) 651-8400', 'id': {'name': 'SSN', 'value': '595-23-0830'}, 'picture': {'large': 'https://randomuser.me/api/portraits/men/31.jpg', 'medium': 'https://randomuser.me/api/portraits/med/men/31.jpg', 'thumbnail': 'https://randomuser.me/api/portraits/thumb/men/31.jpg'}, 'nat': 'US'}], 'info': {'seed': 'c00ddd46b73d8d23', 'results': 1, 'page': 1, 'version': '1.4'}}</msg>
<arg>${json_data}</arg>
<doc>Logs the given message with the given level.</doc>
<status status="PASS" start="2024-07-07T02:34:44.268669" elapsed="0.000206"/>
</kw>
<kw name="Should Be String" owner="String">
<arg>${json_data['results'][0]['gender']}</arg>
<doc>Fails if the given ``item`` is not a string.</doc>
<status status="PASS" start="2024-07-07T02:34:44.269179" elapsed="0.000370"/>
</kw>
<kw name="Should Match Regexp" owner="BuiltIn">
<arg>${json_data['results'][0]['email']}</arg>
<arg>^[a-zA-Z0-9._%+-]+@[a-zA-Z0-9.-]+\.[a-zA-Z]{2,}$</arg>
<doc>Fails if ``string`` does not match ``pattern`` as a regular expression.</doc>
<status status="PASS" start="2024-07-07T02:34:44.269738" elapsed="0.000527"/>
</kw>
<kw name="Should Match Regexp" owner="BuiltIn">
<arg>${json_data['results'][0]['dob']['date']}</arg>
<arg>\\d{4}-\\d{2}-\\d{2}T\\d{2}:\\d{2}:\\d{2}\\.\\d{3}Z</arg>
<doc>Fails if ``string`` does not match ``pattern`` as a regular expression.</doc>
<status status="PASS" start="2024-07-07T02:34:44.270497" elapsed="0.000540"/>
</kw>
<kw name="Should Match Regexp" owner="BuiltIn">
<arg>${json_data['results'][0]['registered']['date']}</arg>
<arg>\\d{4}-\\d{2}-\\d{2}T\\d{2}:\\d{2}:\\d{2}\\.\\d{3}Z</arg>
<doc>Fails if ``string`` does not match ``pattern`` as a regular expression.</doc>
<status status="PASS" start="2024-07-07T02:34:44.271234" elapsed="0.000374"/>
</kw>
<kw name="Should Match Regexp" owner="BuiltIn">
<arg>${json_data['results'][0]['picture']['large']}</arg>
<arg>^https?://.*\.(?:png|jpe?g|gif|bmp)$</arg>
<doc>Fails if ``string`` does not match ``pattern`` as a regular expression.</doc>
<status status="PASS" start="2024-07-07T02:34:44.271796" elapsed="0.000461"/>
</kw>
<kw name="Should Match Regexp" owner="BuiltIn">
<arg>${json_data['results'][0]['picture']['medium']}</arg>
<arg>^https?://.*\.(?:png|jpe?g|gif|bmp)$</arg>
<doc>Fails if ``string`` does not match ``pattern`` as a regular expression.</doc>
<status status="PASS" start="2024-07-07T02:34:44.272449" elapsed="0.000357"/>
</kw>
<kw name="Should Match Regexp" owner="BuiltIn">
<arg>${json_data['results'][0]['picture']['thumbnail']}</arg>
<arg>^https?://.*\.(?:png|jpe?g|gif|bmp)$</arg>
<doc>Fails if ``string`` does not match ``pattern`` as a regular expression.</doc>
<status status="PASS" start="2024-07-07T02:34:44.272989" elapsed="0.000350"/>
</kw>
<kw name="Log" owner="BuiltIn">
<msg time="2024-07-07T02:34:44.273855" level="INFO">{'large': 'https://randomuser.me/api/portraits/men/31.jpg', 'medium': 'https://randomuser.me/api/portraits/med/men/31.jpg', 'thumbnail': 'https://randomuser.me/api/portraits/thumb/men/31.jpg'}</msg>
<arg>${json_data['results'][0]['picture']}</arg>
<doc>Logs the given message with the given level.</doc>
<status status="PASS" start="2024-07-07T02:34:44.273524" elapsed="0.000373"/>
</kw>
<status status="PASS" start="2024-07-07T02:34:44.185565" elapsed="0.088592"/>
</kw>
<kw name="Teste de Tipos de Dados - Postcode" owner="random-user-service">
<kw name="GET On Session" owner="RequestsLibrary">
<msg time="2024-07-07T02:34:44.371935" level="INFO">GET Request : url=https://randomuser.me/api 
 path_url=/api 
 headers={'User-Agent': 'python-requests/2.32.3', 'Accept-Encoding': 'gzip, deflate', 'Accept': '*/*', 'Connection': 'keep-alive'} 
 body=None 
 </msg>
<msg time="2024-07-07T02:34:44.372022" level="INFO">GET Response : url=https://randomuser.me/api 
 status=200, reason=OK 
 headers={'Date': 'Sun, 07 Jul 2024 02:34:44 GMT', 'Content-Type': 'application/json; charset=utf-8', 'Transfer-Encoding': 'chunked', 'Connection': 'keep-alive', 'X-Powered-By': 'Express', 'Access-Control-Allow-Origin': '*', 'Cache-Control': 'no-cache', 'ETag': 'W/"493-SzLctRChuwH/1HO4QepipCIS40I"', 'Vary': 'Accept-Encoding', 'Content-Encoding': 'gzip', 'CF-Cache-Status': 'DYNAMIC', 'Report-To': '{"endpoints":[{"url":"https:\\/\\/a.nel.cloudflare.com\\/report\\/v4?s=aE8iq2Dt%2F0MSnqKUZAXGEVPQeVWcJ3AmL8lmYcB8DN6im%2FCku6eG7T68Jco63uaLSVj%2FX6H4BQTPSLmoKd%2BHyaoqb7AlEGPl%2F%2FpiHkc5QlIjsdXs7cZiIWvEn7Llmw64"}],"group":"cf-nel","max_age":604800}', 'NEL': '{"success_fraction":0,"report_to":"cf-nel","max_age":604800}', 'Server': 'cloudflare', 'CF-RAY': '89f46feab8d505e3-IAD', 'alt-svc': 'h3=":443"; ma=86400'} 
 body={"results":[{"gender":"male","name":{"title":"Mr","first":"Bertram","last":"Christensen"},"location":{"street":{"number":7536,"name":"Hybenvej"},"city":"Overby Lyng","state":"Syddanmark","country":"Denmark","postcode":11600,"coordinates":{"latitude":"-39.1032","longitude":"-122.1728"},"timezone":{"offset":"+1:00","description":"Brussels, Copenhagen, Madrid, Paris"}},"email":"bertram.christensen@example.com","login":{"uuid":"217c59e0-1725-4a87-af3a-e56d09b0fb73","username":"brownmouse905","password":"zxcvbnm","salt":"gElwMIDj","md5":"86759839b712a7b50aaa8f68a5b6dc79","sha1":"29dbb31be0a7f12ceafbe3ba2637d93a9cc666a5","sha256":"15a1f72ee1502b32c1b32198b54d835e87cfc0d9ea18911d42872a08838cba43"},"dob":{"date":"1962-10-28T17:27:04.590Z","age":61},"registered":{"date":"2009-10-18T13:56:08.869Z","age":14},"phone":"05709742","cell":"70837531","id":{"name":"CPR","value":"281062-6065"},"picture":{"large":"https://randomuser.me/api/portraits/men/86.jpg","medium":"https://randomuser.me/api/portraits/med/men/86.jpg","thumbnail":"https://randomuser.me/api/portraits/thumb/men/86.jpg"},"nat":"DK"}],"info":{"seed":"e5666b2aae656fac","results":1,"page":1,"version":"1.4"}} 
 </msg>
<msg time="2024-07-07T02:34:44.372090" level="INFO">/opt/hostedtoolcache/Python/3.12.4/x64/lib/python3.12/site-packages/urllib3/connectionpool.py:1099: InsecureRequestWarning: Unverified HTTPS request is being made to host 'randomuser.me'. Adding certificate verification is strongly advised. See: https://urllib3.readthedocs.io/en/latest/advanced-usage.html#tls-warnings
  warnings.warn(</msg>
<msg time="2024-07-07T02:34:44.372213" level="INFO">${response} = &lt;Response [200]&gt;</msg>
<var>${response}</var>
<arg>consultarAPI</arg>
<arg>/api</arg>
<doc>Sends a GET request on a previously created HTTP Session.</doc>
<status status="PASS" start="2024-07-07T02:34:44.274610" elapsed="0.097644"/>
</kw>
<kw name="Set Variable" owner="BuiltIn">
<msg time="2024-07-07T02:34:44.373394" level="INFO">${json_data} = {'results': [{'gender': 'male', 'name': {'title': 'Mr', 'first': 'Bertram', 'last': 'Christensen'}, 'location': {'street': {'number': 7536, 'name': 'Hybenvej'}, 'city': 'Overby Lyng', 'state': 'Syddan...</msg>
<var>${json_data}</var>
<arg>${response.json()}</arg>
<doc>Returns the given values which can then be assigned to a variables.</doc>
<status status="PASS" start="2024-07-07T02:34:44.372819" elapsed="0.000604"/>
</kw>
<kw name="Log" owner="BuiltIn">
<msg time="2024-07-07T02:34:44.373925" level="INFO">{'results': [{'gender': 'male', 'name': {'title': 'Mr', 'first': 'Bertram', 'last': 'Christensen'}, 'location': {'street': {'number': 7536, 'name': 'Hybenvej'}, 'city': 'Overby Lyng', 'state': 'Syddanmark', 'country': 'Denmark', 'postcode': 11600, 'coordinates': {'latitude': '-39.1032', 'longitude': '-122.1728'}, 'timezone': {'offset': '+1:00', 'description': 'Brussels, Copenhagen, Madrid, Paris'}}, 'email': 'bertram.christensen@example.com', 'login': {'uuid': '217c59e0-1725-4a87-af3a-e56d09b0fb73', 'username': 'brownmouse905', 'password': 'zxcvbnm', 'salt': 'gElwMIDj', 'md5': '86759839b712a7b50aaa8f68a5b6dc79', 'sha1': '29dbb31be0a7f12ceafbe3ba2637d93a9cc666a5', 'sha256': '15a1f72ee1502b32c1b32198b54d835e87cfc0d9ea18911d42872a08838cba43'}, 'dob': {'date': '1962-10-28T17:27:04.590Z', 'age': 61}, 'registered': {'date': '2009-10-18T13:56:08.869Z', 'age': 14}, 'phone': '05709742', 'cell': '70837531', 'id': {'name': 'CPR', 'value': '281062-6065'}, 'picture': {'large': 'https://randomuser.me/api/portraits/men/86.jpg', 'medium': 'https://randomuser.me/api/portraits/med/men/86.jpg', 'thumbnail': 'https://randomuser.me/api/portraits/thumb/men/86.jpg'}, 'nat': 'DK'}], 'info': {'seed': 'e5666b2aae656fac', 'results': 1, 'page': 1, 'version': '1.4'}}</msg>
<arg>${json_data}</arg>
<doc>Logs the given message with the given level.</doc>
<status status="PASS" start="2024-07-07T02:34:44.373758" elapsed="0.000215"/>
</kw>
<kw name="Should Be Equal As Numbers" owner="BuiltIn">
<arg>${json_data['results'][0]['location']['postcode']}</arg>
<arg>${json_data['results'][0]['location']['postcode']}</arg>
<doc>Fails if objects are unequal after converting them to real numbers.</doc>
<status status="PASS" start="2024-07-07T02:34:44.374281" elapsed="0.000696"/>
</kw>
<kw name="Log" owner="BuiltIn">
<msg time="2024-07-07T02:34:44.375509" level="INFO">11600</msg>
<arg>${json_data['results'][0]['location']['postcode']}</arg>
<doc>Logs the given message with the given level.</doc>
<status status="PASS" start="2024-07-07T02:34:44.375173" elapsed="0.000377"/>
</kw>
<status status="PASS" start="2024-07-07T02:34:44.274384" elapsed="0.101427"/>
</kw>
<doc>Testa se os tipos de dados na resposta da API estão corretos.</doc>
<tag>testeTiposDados</tag>
<status status="PASS" start="2024-07-07T02:34:44.184960" elapsed="0.191058"/>
</test>
<test id="s1-s1-t5" name="Validar conteudo" line="35">
<kw name="Teste de Tipos de Conteudo" owner="random-user-service">
<kw name="GET On Session" owner="RequestsLibrary">
<msg time="2024-07-07T02:34:44.469636" level="INFO">GET Request : url=https://randomuser.me/api 
 path_url=/api 
 headers={'User-Agent': 'python-requests/2.32.3', 'Accept-Encoding': 'gzip, deflate', 'Accept': '*/*', 'Connection': 'keep-alive'} 
 body=None 
 </msg>
<msg time="2024-07-07T02:34:44.469739" level="INFO">GET Response : url=https://randomuser.me/api 
 status=200, reason=OK 
 headers={'Date': 'Sun, 07 Jul 2024 02:34:44 GMT', 'Content-Type': 'application/json; charset=utf-8', 'Transfer-Encoding': 'chunked', 'Connection': 'keep-alive', 'X-Powered-By': 'Express', 'Access-Control-Allow-Origin': '*', 'Cache-Control': 'no-cache', 'ETag': 'W/"493-wOQ9dzVqF1mCCNZoNvRp0MVyiN0"', 'Vary': 'Accept-Encoding', 'Content-Encoding': 'gzip', 'CF-Cache-Status': 'DYNAMIC', 'Report-To': '{"endpoints":[{"url":"https:\\/\\/a.nel.cloudflare.com\\/report\\/v4?s=4muOh7DaiGOWn8MdTRPo9k%2BQmRDUllJ6vfYq1xtMGeNa6gYdQMfZxBIVkUTDbA1wLjVpsTKXzyDDJz8nww60kxPFDpzLmY6B4VDJlF7f0EmgnkLtqKK0ZwS2DQSJ2pyT"}],"group":"cf-nel","max_age":604800}', 'NEL': '{"success_fraction":0,"report_to":"cf-nel","max_age":604800}', 'Server': 'cloudflare', 'CF-RAY': '89f46feb596105e3-IAD', 'alt-svc': 'h3=":443"; ma=86400'} 
 body={"results":[{"gender":"male","name":{"title":"Mr","first":"Wade","last":"Adams"},"location":{"street":{"number":5996,"name":"Main Street"},"city":"Manchester","state":"Norfolk","country":"United Kingdom","postcode":"EK3M 5GL","coordinates":{"latitude":"-8.3593","longitude":"-136.5166"},"timezone":{"offset":"+8:00","description":"Beijing, Perth, Singapore, Hong Kong"}},"email":"wade.adams@example.com","login":{"uuid":"f0d968a1-d0fb-477a-8e83-0e598936cac4","username":"lazyduck120","password":"union","salt":"Yd8QCCMb","md5":"7e41f83ab46a194579d1f203ad37c5b2","sha1":"fe1b44e2c4af746cc7bf167f3110640319e03f5d","sha256":"ab4490ae81e6ecd11b81d8937bf66223ca9a5a5536c2e3370279a25096818bdd"},"dob":{"date":"1997-03-23T10:20:21.776Z","age":27},"registered":{"date":"2008-09-30T12:45:08.269Z","age":15},"phone":"01667 474489","cell":"07324 799582","id":{"name":"NINO","value":"RJ 39 62 79 G"},"picture":{"large":"https://randomuser.me/api/portraits/men/58.jpg","medium":"https://randomuser.me/api/portraits/med/men/58.jpg","thumbnail":"https://randomuser.me/api/portraits/thumb/men/58.jpg"},"nat":"GB"}],"info":{"seed":"a75f86b7b0517099","results":1,"page":1,"version":"1.4"}} 
 </msg>
<msg time="2024-07-07T02:34:44.469822" level="INFO">/opt/hostedtoolcache/Python/3.12.4/x64/lib/python3.12/site-packages/urllib3/connectionpool.py:1099: InsecureRequestWarning: Unverified HTTPS request is being made to host 'randomuser.me'. Adding certificate verification is strongly advised. See: https://urllib3.readthedocs.io/en/latest/advanced-usage.html#tls-warnings
  warnings.warn(</msg>
<msg time="2024-07-07T02:34:44.469949" level="INFO">${response} = &lt;Response [200]&gt;</msg>
<var>${response}</var>
<arg>consultarAPI</arg>
<arg>/api</arg>
<doc>Sends a GET request on a previously created HTTP Session.</doc>
<status status="PASS" start="2024-07-07T02:34:44.378623" elapsed="0.091370"/>
</kw>
<kw name="Set Variable" owner="BuiltIn">
<msg time="2024-07-07T02:34:44.471153" level="INFO">${json_data} = {'results': [{'gender': 'male', 'name': {'title': 'Mr', 'first': 'Wade', 'last': 'Adams'}, 'location': {'street': {'number': 5996, 'name': 'Main Street'}, 'city': 'Manchester', 'state': 'Norfolk', 'co...</msg>
<var>${json_data}</var>
<arg>${response.json()}</arg>
<doc>Returns the given values which can then be assigned to a variables.</doc>
<status status="PASS" start="2024-07-07T02:34:44.470569" elapsed="0.000614"/>
</kw>
<kw name="Set Variable" owner="BuiltIn">
<msg time="2024-07-07T02:34:44.471910" level="INFO">${name_title} = Mr</msg>
<var>${name_title}</var>
<arg>${json_data["results"][0]["name"]["title"]}</arg>
<doc>Returns the given values which can then be assigned to a variables.</doc>
<status status="PASS" start="2024-07-07T02:34:44.471516" elapsed="0.000421"/>
</kw>
<kw name="Create List" owner="BuiltIn">
<msg time="2024-07-07T02:34:44.472398" level="INFO">${allowed_titles} = ['Mr', 'Ms', 'Miss', 'Mrs', 'Madame', 'Monsieur']</msg>
<var>${allowed_titles}</var>
<arg>Mr</arg>
<arg>Ms</arg>
<arg>Miss</arg>
<arg>Mrs</arg>
<arg>Madame</arg>
<arg>Monsieur</arg>
<doc>Returns a list containing given items.</doc>
<status status="PASS" start="2024-07-07T02:34:44.472245" elapsed="0.000178"/>
</kw>
<kw name="List Should Contain Value" owner="Collections">
<arg>${allowed_titles}</arg>
<arg>${name_title}</arg>
<doc>Fails if the ``value`` is not found from ``list``.</doc>
<status status="PASS" start="2024-07-07T02:34:44.472727" elapsed="0.000181"/>
</kw>
<kw name="Set Variable" owner="BuiltIn">
<msg time="2024-07-07T02:34:44.473459" level="INFO">${name_country} = GB</msg>
<var>${name_country}</var>
<arg>${json_data["results"][0]["nat"]}</arg>
<doc>Returns the given values which can then be assigned to a variables.</doc>
<status status="PASS" start="2024-07-07T02:34:44.473089" elapsed="0.000396"/>
</kw>
<kw name="Create List" owner="BuiltIn">
<msg time="2024-07-07T02:34:44.474368" level="INFO">${list_country} = ['AD', 'AE', 'AF', 'AG', 'AI', 'AL', 'AM', 'AO', 'AQ', 'AR', 'AS', 'AT', 'AU', 'AW', 'AX', 'AZ', 'BA', 'BB', 'BD', 'BE', 'BF', 'BG', 'BH', 'BI', 'BJ', 'BL', 'BM', 'BN', 'BO', 'BQ', 'BR', 'BS', 'BT', '...</msg>
<var>${list_country}</var>
<arg>AD</arg>
<arg>AE</arg>
<arg>AF</arg>
<arg>AG</arg>
<arg>AI</arg>
<arg>AL</arg>
<arg>AM</arg>
<arg>AO</arg>
<arg>AQ</arg>
<arg>AR</arg>
<arg>AS</arg>
<arg>AT</arg>
<arg>AU</arg>
<arg>AW</arg>
<arg>AX</arg>
<arg>AZ</arg>
<arg>BA</arg>
<arg>BB</arg>
<arg>BD</arg>
<arg>BE</arg>
<arg>BF</arg>
<arg>BG</arg>
<arg>BH</arg>
<arg>BI</arg>
<arg>BJ</arg>
<arg>BL</arg>
<arg>BM</arg>
<arg>BN</arg>
<arg>BO</arg>
<arg>BQ</arg>
<arg>BR</arg>
<arg>BS</arg>
<arg>BT</arg>
<arg>BV</arg>
<arg>BW</arg>
<arg>BY</arg>
<arg>BZ</arg>
<arg>CA</arg>
<arg>CC</arg>
<arg>CD</arg>
<arg>CF</arg>
<arg>CG</arg>
<arg>CH</arg>
<arg>CI</arg>
<arg>CK</arg>
<arg>CL</arg>
<arg>CM</arg>
<arg>CN</arg>
<arg>CO</arg>
<arg>CR</arg>
<arg>CU</arg>
<arg>CV</arg>
<arg>CW</arg>
<arg>CX</arg>
<arg>CY</arg>
<arg>CZ</arg>
<arg>DE</arg>
<arg>DJ</arg>
<arg>DK</arg>
<arg>DM</arg>
<arg>DO</arg>
<arg>DZ</arg>
<arg>EC</arg>
<arg>EE</arg>
<arg>EG</arg>
<arg>EH</arg>
<arg>ER</arg>
<arg>ES</arg>
<arg>ET</arg>
<arg>FI</arg>
<arg>FJ</arg>
<arg>FK</arg>
<arg>FM</arg>
<arg>FO</arg>
<arg>FR</arg>
<arg>GA</arg>
<arg>GB</arg>
<arg>GD</arg>
<arg>GE</arg>
<arg>GF</arg>
<arg>GG</arg>
<arg>GH</arg>
<arg>GI</arg>
<arg>GL</arg>
<arg>GM</arg>
<arg>GN</arg>
<arg>GP</arg>
<arg>GQ</arg>
<arg>GR</arg>
<arg>GS</arg>
<arg>GT</arg>
<arg>GU</arg>
<arg>GW</arg>
<arg>GY</arg>
<arg>HK</arg>
<arg>HM</arg>
<arg>HN</arg>
<arg>HR</arg>
<arg>HT</arg>
<arg>HU</arg>
<arg>ID</arg>
<arg>IE</arg>
<arg>IL</arg>
<arg>IM</arg>
<arg>IN</arg>
<arg>IO</arg>
<arg>IQ</arg>
<arg>IR</arg>
<arg>IS</arg>
<arg>IT</arg>
<arg>JE</arg>
<arg>JM</arg>
<arg>JO</arg>
<arg>JP</arg>
<arg>KE</arg>
<arg>KG</arg>
<arg>KH</arg>
<arg>KI</arg>
<arg>KM</arg>
<arg>KN</arg>
<arg>KP</arg>
<arg>KR</arg>
<arg>KW</arg>
<arg>KY</arg>
<arg>KZ</arg>
<arg>LA</arg>
<arg>LB</arg>
<arg>LC</arg>
<arg>LI</arg>
<arg>LK</arg>
<arg>LR</arg>
<arg>LS</arg>
<arg>LT</arg>
<arg>LU</arg>
<arg>LV</arg>
<arg>LY</arg>
<arg>MA</arg>
<arg>MC</arg>
<arg>MD</arg>
<arg>ME</arg>
<arg>MF</arg>
<arg>MG</arg>
<arg>MH</arg>
<arg>MK</arg>
<arg>ML</arg>
<arg>MM</arg>
<arg>MN</arg>
<arg>MO</arg>
<arg>MP</arg>
<arg>MQ</arg>
<arg>MR</arg>
<arg>MS</arg>
<arg>MT</arg>
<arg>MU</arg>
<arg>MV</arg>
<arg>MW</arg>
<arg>MX</arg>
<arg>MY</arg>
<arg>MZ</arg>
<arg>NA</arg>
<arg>NC</arg>
<arg>NE</arg>
<arg>NF</arg>
<arg>NG</arg>
<arg>NI</arg>
<arg>NL</arg>
<arg>NO</arg>
<arg>NP</arg>
<arg>NR</arg>
<arg>NU</arg>
<arg>NZ</arg>
<arg>OM</arg>
<arg>PA</arg>
<arg>PE</arg>
<arg>PF</arg>
<arg>PG</arg>
<arg>PH</arg>
<arg>PK</arg>
<arg>PL</arg>
<arg>PM</arg>
<arg>PN</arg>
<arg>PR</arg>
<arg>PS</arg>
<arg>PT</arg>
<arg>PW</arg>
<arg>PY</arg>
<arg>QA</arg>
<arg>RE</arg>
<arg>RO</arg>
<arg>RS</arg>
<arg>RU</arg>
<arg>RW</arg>
<arg>SA</arg>
<arg>SB</arg>
<arg>SC</arg>
<arg>SD</arg>
<arg>SE</arg>
<arg>SG</arg>
<arg>SH</arg>
<arg>SI</arg>
<arg>SJ</arg>
<arg>SK</arg>
<arg>SL</arg>
<arg>SM</arg>
<arg>SN</arg>
<arg>SO</arg>
<arg>SR</arg>
<arg>SS</arg>
<arg>ST</arg>
<arg>SV</arg>
<arg>SX</arg>
<arg>SY</arg>
<arg>SZ</arg>
<arg>TC</arg>
<arg>TD</arg>
<arg>TF</arg>
<arg>TG</arg>
<arg>TH</arg>
<arg>TJ</arg>
<arg>TK</arg>
<arg>TL</arg>
<arg>TM</arg>
<arg>TN</arg>
<arg>TO</arg>
<arg>TR</arg>
<arg>TT</arg>
<arg>TV</arg>
<arg>TW</arg>
<arg>TZ</arg>
<arg>UA</arg>
<arg>UG</arg>
<arg>UM</arg>
<arg>US</arg>
<arg>UY</arg>
<arg>UZ</arg>
<arg>VA</arg>
<arg>VC</arg>
<arg>VE</arg>
<arg>VG</arg>
<arg>VI</arg>
<arg>VN</arg>
<arg>VU</arg>
<arg>WF</arg>
<arg>WS</arg>
<arg>XK</arg>
<arg>YE</arg>
<arg>YT</arg>
<arg>ZA</arg>
<arg>ZM</arg>
<arg>ZW</arg>
<doc>Returns a list containing given items.</doc>
<status status="PASS" start="2024-07-07T02:34:44.473779" elapsed="0.000615"/>
</kw>
<kw name="List Should Contain Value" owner="Collections">
<arg>${list_country}</arg>
<arg>${name_country}</arg>
<doc>Fails if the ``value`` is not found from ``list``.</doc>
<status status="PASS" start="2024-07-07T02:34:44.475236" elapsed="0.000212"/>
</kw>
<kw name="Run Keyword If" owner="BuiltIn">
<kw name="Should Be True" owner="BuiltIn">
<arg>${True}</arg>
<doc>Fails if the given condition is not true.</doc>
<status status="PASS" start="2024-07-07T02:34:44.476402" elapsed="0.000143"/>
</kw>
<arg>${json_data["results"][0]["location"]["coordinates"]["latitude"]} &gt;= -90 and ${json_data["results"][0]["location"]["coordinates"]["latitude"]} &lt;= 90</arg>
<arg>Should Be True</arg>
<arg>${True}</arg>
<doc>Runs the given keyword with the given arguments, if ``condition`` is true.</doc>
<status status="PASS" start="2024-07-07T02:34:44.475651" elapsed="0.001018"/>
</kw>
<kw name="Run Keyword If" owner="BuiltIn">
<kw name="Should Be True" owner="BuiltIn">
<arg>${True}</arg>
<doc>Fails if the given condition is not true.</doc>
<status status="PASS" start="2024-07-07T02:34:44.477548" elapsed="0.000140"/>
</kw>
<arg>${json_data["results"][0]["location"]["coordinates"]["longitude"]} &gt;= -180 and ${json_data["results"][0]["location"]["coordinates"]["longitude"]} &lt;= 180</arg>
<arg>Should Be True</arg>
<arg>${True}</arg>
<doc>Runs the given keyword with the given arguments, if ``condition`` is true.</doc>
<status status="PASS" start="2024-07-07T02:34:44.476854" elapsed="0.000959"/>
</kw>
<status status="PASS" start="2024-07-07T02:34:44.378229" elapsed="0.099720"/>
</kw>
<doc>Testa o conteúdo específico dos campos retornados pela API.</doc>
<tag>testeConteudo</tag>
<status status="PASS" start="2024-07-07T02:34:44.377779" elapsed="0.100327"/>
</test>
<status status="PASS" start="2024-07-07T02:34:43.546433" elapsed="0.933647"/>
</suite>
<status status="PASS" start="2024-07-07T02:34:43.531662" elapsed="0.953548"/>
</suite>
<statistics>
<total>
<stat pass="5" fail="0" skip="0">All Tests</stat>
</total>
<tag>
<stat pass="1" fail="0" skip="0">testeConteudo</stat>
<stat pass="1" fail="0" skip="0">testeEstruturaResposta</stat>
<stat pass="1" fail="0" skip="0">testeRequisicaoBasica</stat>
<stat pass="1" fail="0" skip="0">testeTiposDados</stat>
</tag>
<suite>
<stat pass="5" fail="0" skip="0" id="s1" name="Tests">Tests</stat>
<stat pass="5" fail="0" skip="0" id="s1-s1" name="Random-User-Test">Tests.Random-User-Test</stat>
</suite>
</statistics>
<errors>
</errors>
</robot>
