<?xml version="1.0" encoding="UTF-8"?>
<robot generator="Robot 7.0 (Python 3.12.3 on linux)" generated="2024-04-27T05:13:15.473510" rpa="false" schemaversion="5">
<suite id="s1" name="Tests" source="/home/runner/work/DesafioQAItauRogerioJordao/DesafioQAItauRogerioJordao/RamdonUser/tests">
<suite id="s1-s1" name="Random-User-Test" source="/home/runner/work/DesafioQAItauRogerioJordao/DesafioQAItauRogerioJordao/RamdonUser/tests/random-user-test.robot">
<test id="s1-s1-t1" name="Conectar" line="13">
<kw name="Conectar API" owner="random-user-service">
<kw name="Create Session" owner="RequestsLibrary">
<msg time="2024-04-27T05:13:15.842016" level="INFO">Creating Session using : alias=consultarAPI, url=https://randomuser.me/, headers={},                     cookies={}, auth=None, timeout=None, proxies=None, verify=False,                     debug=0 </msg>
<arg>consultarAPI</arg>
<arg>${URL}</arg>
<doc>Create Session: create a HTTP session to a server</doc>
<status status="PASS" start="2024-04-27T05:13:15.841807" elapsed="0.000406"/>
</kw>
<status status="PASS" start="2024-04-27T05:13:15.840785" elapsed="0.001877"/>
</kw>
<status status="PASS" start="2024-04-27T05:13:15.840193" elapsed="0.002751"/>
</test>
<test id="s1-s1-t2" name="Validar retorno 200 e JSON Válido" line="16">
<kw name="Teste de Requisicao Basica" owner="random-user-service">
<kw name="GET On Session" owner="RequestsLibrary">
<msg time="2024-04-27T05:13:16.849585" level="INFO">GET Request : url=https://randomuser.me/api 
 path_url=/api 
 headers={'User-Agent': 'python-requests/2.31.0', 'Accept-Encoding': 'gzip, deflate', 'Accept': '*/*', 'Connection': 'keep-alive'} 
 body=None 
 </msg>
<msg time="2024-04-27T05:13:16.849741" level="INFO">GET Response : url=https://randomuser.me/api 
 status=200, reason=OK 
 headers={'Date': 'Sat, 27 Apr 2024 05:13:16 GMT', 'Content-Type': 'application/json; charset=utf-8', 'Transfer-Encoding': 'chunked', 'Connection': 'keep-alive', 'X-Powered-By': 'Express', 'Access-Control-Allow-Origin': '*', 'Cache-Control': 'no-cache', 'ETag': 'W/"47c-qiV8Owvo+QMPgU75+pST/cQeO1A"', 'Vary': 'Accept-Encoding', 'Content-Encoding': 'gzip', 'CF-Cache-Status': 'DYNAMIC', 'Report-To': '{"endpoints":[{"url":"https:\\/\\/a.nel.cloudflare.com\\/report\\/v4?s=yKexn4tY82AleUKxSuN92kNObkpe4%2BXUFjqLjisZTw9mSljIz4uQCSEN1W2ewUdnGc2abhmMPlDY%2BEBUH%2BqcBA7PYRQin1JIpIy602wxgIKB%2BHITOXjsxvmwMvX90PgU"}],"group":"cf-nel","max_age":604800}', 'NEL': '{"success_fraction":0,"report_to":"cf-nel","max_age":604800}', 'Server': 'cloudflare', 'CF-RAY': '87ac5282fe191158-ORD', 'alt-svc': 'h3=":443"; ma=86400'} 
 body={"results":[{"gender":"female","name":{"title":"Ms","first":"Teklya","last":"Vertiy"},"location":{"street":{"number":417,"name":"38-yi Armiyi"},"city":"Zvenigorodka","state":"Luganska","country":"Ukraine","postcode":17990,"coordinates":{"latitude":"80.5203","longitude":"20.8071"},"timezone":{"offset":"+9:30","description":"Adelaide, Darwin"}},"email":"teklya.vertiy@example.com","login":{"uuid":"e2be0057-18dc-416b-9030-797f9894326e","username":"angryladybug660","password":"colleen","salt":"IZWfzSdb","md5":"0f080189fc23ba172568f5becde3cd49","sha1":"355db8b138e9566b15d83be7c0e3c0ca5cc587a5","sha256":"5e6cf76bfc9cc8ef055e1064c8faa199d6256098cf2b5e32fa1836f0ed2a6c15"},"dob":{"date":"1971-01-11T08:13:12.354Z","age":53},"registered":{"date":"2021-12-04T12:12:46.876Z","age":2},"phone":"(096) P22-1385","cell":"(099) V94-6222","id":{"name":"","value":null},"picture":{"large":"https://randomuser.me/api/portraits/women/58.jpg","medium":"https://randomuser.me/api/portraits/med/women/58.jpg","thumbnail":"https://randomuser.me/api/portraits/thumb/women/58.jpg"},"nat":"UA"}],"info":{"seed":"ec5cc7766f565652","results":1,"page":1,"version":"1.4"}} 
 </msg>
<msg time="2024-04-27T05:13:16.849829" level="INFO">/opt/hostedtoolcache/Python/3.12.3/x64/lib/python3.12/site-packages/urllib3/connectionpool.py:1103: InsecureRequestWarning: Unverified HTTPS request is being made to host 'randomuser.me'. Adding certificate verification is strongly advised. See: https://urllib3.readthedocs.io/en/latest/advanced-usage.html#tls-warnings
  warnings.warn(</msg>
<msg time="2024-04-27T05:13:16.849970" level="INFO">${response} = &lt;Response [200]&gt;</msg>
<var>${response}</var>
<arg>consultarAPI</arg>
<arg>/api</arg>
<doc>Sends a GET request on a previously created HTTP Session.</doc>
<status status="PASS" start="2024-04-27T05:13:15.845766" elapsed="1.004241"/>
</kw>
<kw name="Should Be Equal As Numbers" owner="BuiltIn">
<msg time="2024-04-27T05:13:16.851048" level="INFO">Argument types are:
&lt;class 'int'&gt;
&lt;class 'str'&gt;</msg>
<arg>${response.status_code}</arg>
<arg>200</arg>
<doc>Fails if objects are unequal after converting them to real numbers.</doc>
<status status="PASS" start="2024-04-27T05:13:16.850586" elapsed="0.000526"/>
</kw>
<kw name="Log" owner="BuiltIn">
<msg time="2024-04-27T05:13:16.851830" level="INFO">200</msg>
<arg>${response.status_code}</arg>
<doc>Logs the given message with the given level.</doc>
<status status="PASS" start="2024-04-27T05:13:16.851447" elapsed="0.000432"/>
</kw>
<kw name="Set Variable" owner="BuiltIn">
<msg time="2024-04-27T05:13:16.852632" level="INFO">${json_data} = {'results': [{'gender': 'female', 'name': {'title': 'Ms', 'first': 'Teklya', 'last': 'Vertiy'}, 'location': {'street': {'number': 417, 'name': '38-yi Armiyi'}, 'city': 'Zvenigorodka', 'state': 'Lugans...</msg>
<var>${json_data}</var>
<arg>${response.json()}</arg>
<doc>Returns the given values which can then be assigned to a variables.</doc>
<status status="PASS" start="2024-04-27T05:13:16.852192" elapsed="0.000468"/>
</kw>
<kw name="Dictionary Should Contain Key" owner="Collections">
<msg time="2024-04-27T05:13:16.853131" level="INFO">False</msg>
<arg>${json_data}</arg>
<arg>results</arg>
<doc>Fails if ``key`` is not found from ``dictionary``.</doc>
<status status="PASS" start="2024-04-27T05:13:16.852962" elapsed="0.000208"/>
</kw>
<status status="PASS" start="2024-04-27T05:13:15.845520" elapsed="1.007914"/>
</kw>
<doc>Testa se a API responde corretamente e retorna um objeto JSON válido.</doc>
<tag>testeRequisicaoBasica</tag>
<status status="PASS" start="2024-04-27T05:13:15.844995" elapsed="1.008625"/>
</test>
<test id="s1-s1-t3" name="Validar estrutura de resposta" line="22">
<kw name="Teste de Estrutura de Resposta" owner="random-user-service">
<kw name="GET On Session" owner="RequestsLibrary">
<msg time="2024-04-27T05:13:17.015105" level="INFO">GET Request : url=https://randomuser.me/api 
 path_url=/api 
 headers={'User-Agent': 'python-requests/2.31.0', 'Accept-Encoding': 'gzip, deflate', 'Accept': '*/*', 'Connection': 'keep-alive'} 
 body=None 
 </msg>
<msg time="2024-04-27T05:13:17.015223" level="INFO">GET Response : url=https://randomuser.me/api 
 status=200, reason=OK 
 headers={'Date': 'Sat, 27 Apr 2024 05:13:17 GMT', 'Content-Type': 'application/json; charset=utf-8', 'Transfer-Encoding': 'chunked', 'Connection': 'keep-alive', 'X-Powered-By': 'Express', 'Access-Control-Allow-Origin': '*', 'Cache-Control': 'no-cache', 'ETag': 'W/"483-82e/Wk/5HxkEr9hqZOc2hYJ0gFY"', 'Vary': 'Accept-Encoding', 'Content-Encoding': 'gzip', 'CF-Cache-Status': 'DYNAMIC', 'Report-To': '{"endpoints":[{"url":"https:\\/\\/a.nel.cloudflare.com\\/report\\/v4?s=McvsfG0x%2FC5B%2FfJlkP1%2FBPJKAw2ZbRnJSrxhPg85CLu6dI6CDM6C%2BuB5o0Y5MtjTHHT5YRTJhTHnZkh%2BH5sh6MSgUzXuMsafmS5c6B%2F7tCGuDtg0uPjHYPik6LLQSUC1"}],"group":"cf-nel","max_age":604800}', 'NEL': '{"success_fraction":0,"report_to":"cf-nel","max_age":604800}', 'Server': 'cloudflare', 'CF-RAY': '87ac52886c781158-ORD', 'alt-svc': 'h3=":443"; ma=86400'} 
 body={"results":[{"gender":"male","name":{"title":"Mr","first":"Teodoro","last":"Fuentes"},"location":{"street":{"number":7480,"name":"Viaducto Norte Gamboa"},"city":"Arroyo Hondo","state":"Puebla","country":"Mexico","postcode":76877,"coordinates":{"latitude":"26.7747","longitude":"-23.4244"},"timezone":{"offset":"+4:30","description":"Kabul"}},"email":"teodoro.fuentes@example.com","login":{"uuid":"e5abf0ab-f765-4c29-8191-4a590c31a09b","username":"purplebird335","password":"aussie","salt":"0DxwVlLW","md5":"795d1d43a2831c3b7ce1d5449040d7cf","sha1":"12b956ebe53ee7110ab27870c6448b2cd4f6542f","sha256":"ef6b9aac8410e8986cf5fec0848408a41e0e6321538f831a574e21a93b29caf1"},"dob":{"date":"1981-04-06T17:06:52.299Z","age":43},"registered":{"date":"2008-12-20T21:39:20.083Z","age":15},"phone":"(607) 206 0673","cell":"(609) 815 8246","id":{"name":"NSS","value":"15 34 51 1918 4"},"picture":{"large":"https://randomuser.me/api/portraits/men/57.jpg","medium":"https://randomuser.me/api/portraits/med/men/57.jpg","thumbnail":"https://randomuser.me/api/portraits/thumb/men/57.jpg"},"nat":"MX"}],"info":{"seed":"151f804c58e1803b","results":1,"page":1,"version":"1.4"}} 
 </msg>
<msg time="2024-04-27T05:13:17.015374" level="INFO">/opt/hostedtoolcache/Python/3.12.3/x64/lib/python3.12/site-packages/urllib3/connectionpool.py:1103: InsecureRequestWarning: Unverified HTTPS request is being made to host 'randomuser.me'. Adding certificate verification is strongly advised. See: https://urllib3.readthedocs.io/en/latest/advanced-usage.html#tls-warnings
  warnings.warn(</msg>
<msg time="2024-04-27T05:13:17.015511" level="INFO">${response} = &lt;Response [200]&gt;</msg>
<var>${response}</var>
<arg>consultarAPI</arg>
<arg>/api</arg>
<doc>Sends a GET request on a previously created HTTP Session.</doc>
<status status="PASS" start="2024-04-27T05:13:16.856293" elapsed="0.159260"/>
</kw>
<kw name="Set Variable" owner="BuiltIn">
<msg time="2024-04-27T05:13:17.016939" level="INFO">${json_data} = {'results': [{'gender': 'male', 'name': {'title': 'Mr', 'first': 'Teodoro', 'last': 'Fuentes'}, 'location': {'street': {'number': 7480, 'name': 'Viaducto Norte Gamboa'}, 'city': 'Arroyo Hondo', 'state...</msg>
<var>${json_data}</var>
<arg>${response.json()}</arg>
<doc>Returns the given values which can then be assigned to a variables.</doc>
<status status="PASS" start="2024-04-27T05:13:17.016314" elapsed="0.000655"/>
</kw>
<kw name="Log" owner="BuiltIn">
<msg time="2024-04-27T05:13:17.017437" level="INFO">{'results': [{'gender': 'male', 'name': {'title': 'Mr', 'first': 'Teodoro', 'last': 'Fuentes'}, 'location': {'street': {'number': 7480, 'name': 'Viaducto Norte Gamboa'}, 'city': 'Arroyo Hondo', 'state': 'Puebla', 'country': 'Mexico', 'postcode': 76877, 'coordinates': {'latitude': '26.7747', 'longitude': '-23.4244'}, 'timezone': {'offset': '+4:30', 'description': 'Kabul'}}, 'email': 'teodoro.fuentes@example.com', 'login': {'uuid': 'e5abf0ab-f765-4c29-8191-4a590c31a09b', 'username': 'purplebird335', 'password': 'aussie', 'salt': '0DxwVlLW', 'md5': '795d1d43a2831c3b7ce1d5449040d7cf', 'sha1': '12b956ebe53ee7110ab27870c6448b2cd4f6542f', 'sha256': 'ef6b9aac8410e8986cf5fec0848408a41e0e6321538f831a574e21a93b29caf1'}, 'dob': {'date': '1981-04-06T17:06:52.299Z', 'age': 43}, 'registered': {'date': '2008-12-20T21:39:20.083Z', 'age': 15}, 'phone': '(607) 206 0673', 'cell': '(609) 815 8246', 'id': {'name': 'NSS', 'value': '15 34 51 1918 4'}, 'picture': {'large': 'https://randomuser.me/api/portraits/men/57.jpg', 'medium': 'https://randomuser.me/api/portraits/med/men/57.jpg', 'thumbnail': 'https://randomuser.me/api/portraits/thumb/men/57.jpg'}, 'nat': 'MX'}], 'info': {'seed': '151f804c58e1803b', 'results': 1, 'page': 1, 'version': '1.4'}}</msg>
<arg>${json_data}</arg>
<doc>Logs the given message with the given level.</doc>
<status status="PASS" start="2024-04-27T05:13:17.017276" elapsed="0.000209"/>
</kw>
<kw name="Dictionary Should Contain Key" owner="Collections">
<msg time="2024-04-27T05:13:17.017947" level="INFO">False</msg>
<arg>${json_data}</arg>
<arg>results</arg>
<doc>Fails if ``key`` is not found from ``dictionary``.</doc>
<status status="PASS" start="2024-04-27T05:13:17.017786" elapsed="0.000198"/>
</kw>
<kw name="Should Not Be Empty" owner="BuiltIn">
<msg time="2024-04-27T05:13:17.018402" level="INFO">Length is 2.</msg>
<arg>${json_data}</arg>
<doc>Verifies that the given item is not empty.</doc>
<status status="PASS" start="2024-04-27T05:13:17.018274" elapsed="0.000165"/>
</kw>
<kw name="Create List" owner="BuiltIn">
<msg time="2024-04-27T05:13:17.019032" level="INFO">${expected_keys} = ['gender', 'name', 'location', 'email', 'login']</msg>
<var>${expected_keys}</var>
<arg>gender</arg>
<arg>name</arg>
<arg>location</arg>
<arg>email</arg>
<arg>login</arg>
<doc>Returns a list containing given items.</doc>
<status status="PASS" start="2024-04-27T05:13:17.018723" elapsed="0.000334"/>
</kw>
<for flavor="IN">
<iter>
<kw name="Dictionary Should Contain Key" owner="Collections">
<msg time="2024-04-27T05:13:17.020107" level="INFO">False</msg>
<arg>${json_data['results'][0]}</arg>
<arg>${key}</arg>
<doc>Fails if ``key`` is not found from ``dictionary``.</doc>
<status status="PASS" start="2024-04-27T05:13:17.019657" elapsed="0.000489"/>
</kw>
<kw name="Log" owner="BuiltIn">
<msg time="2024-04-27T05:13:17.020814" level="INFO">{'gender': 'male', 'name': {'title': 'Mr', 'first': 'Teodoro', 'last': 'Fuentes'}, 'location': {'street': {'number': 7480, 'name': 'Viaducto Norte Gamboa'}, 'city': 'Arroyo Hondo', 'state': 'Puebla', 'country': 'Mexico', 'postcode': 76877, 'coordinates': {'latitude': '26.7747', 'longitude': '-23.4244'}, 'timezone': {'offset': '+4:30', 'description': 'Kabul'}}, 'email': 'teodoro.fuentes@example.com', 'login': {'uuid': 'e5abf0ab-f765-4c29-8191-4a590c31a09b', 'username': 'purplebird335', 'password': 'aussie', 'salt': '0DxwVlLW', 'md5': '795d1d43a2831c3b7ce1d5449040d7cf', 'sha1': '12b956ebe53ee7110ab27870c6448b2cd4f6542f', 'sha256': 'ef6b9aac8410e8986cf5fec0848408a41e0e6321538f831a574e21a93b29caf1'}, 'dob': {'date': '1981-04-06T17:06:52.299Z', 'age': 43}, 'registered': {'date': '2008-12-20T21:39:20.083Z', 'age': 15}, 'phone': '(607) 206 0673', 'cell': '(609) 815 8246', 'id': {'name': 'NSS', 'value': '15 34 51 1918 4'}, 'picture': {'large': 'https://randomuser.me/api/portraits/men/57.jpg', 'medium': 'https://randomuser.me/api/portraits/med/men/57.jpg', 'thumbnail': 'https://randomuser.me/api/portraits/thumb/men/57.jpg'}, 'nat': 'MX'}</msg>
<arg>${json_data['results'][0]}</arg>
<doc>Logs the given message with the given level.</doc>
<status status="PASS" start="2024-04-27T05:13:17.020450" elapsed="0.000411"/>
</kw>
<kw name="Log" owner="BuiltIn">
<msg time="2024-04-27T05:13:17.021284" level="INFO">gender</msg>
<arg>${key}</arg>
<doc>Logs the given message with the given level.</doc>
<status status="PASS" start="2024-04-27T05:13:17.021157" elapsed="0.000164"/>
</kw>
<var name="${key}">gender</var>
<status status="PASS" start="2024-04-27T05:13:17.019525" elapsed="0.002010"/>
</iter>
<iter>
<kw name="Dictionary Should Contain Key" owner="Collections">
<msg time="2024-04-27T05:13:17.022218" level="INFO">False</msg>
<arg>${json_data['results'][0]}</arg>
<arg>${key}</arg>
<doc>Fails if ``key`` is not found from ``dictionary``.</doc>
<status status="PASS" start="2024-04-27T05:13:17.021834" elapsed="0.000421"/>
</kw>
<kw name="Log" owner="BuiltIn">
<msg time="2024-04-27T05:13:17.022934" level="INFO">{'gender': 'male', 'name': {'title': 'Mr', 'first': 'Teodoro', 'last': 'Fuentes'}, 'location': {'street': {'number': 7480, 'name': 'Viaducto Norte Gamboa'}, 'city': 'Arroyo Hondo', 'state': 'Puebla', 'country': 'Mexico', 'postcode': 76877, 'coordinates': {'latitude': '26.7747', 'longitude': '-23.4244'}, 'timezone': {'offset': '+4:30', 'description': 'Kabul'}}, 'email': 'teodoro.fuentes@example.com', 'login': {'uuid': 'e5abf0ab-f765-4c29-8191-4a590c31a09b', 'username': 'purplebird335', 'password': 'aussie', 'salt': '0DxwVlLW', 'md5': '795d1d43a2831c3b7ce1d5449040d7cf', 'sha1': '12b956ebe53ee7110ab27870c6448b2cd4f6542f', 'sha256': 'ef6b9aac8410e8986cf5fec0848408a41e0e6321538f831a574e21a93b29caf1'}, 'dob': {'date': '1981-04-06T17:06:52.299Z', 'age': 43}, 'registered': {'date': '2008-12-20T21:39:20.083Z', 'age': 15}, 'phone': '(607) 206 0673', 'cell': '(609) 815 8246', 'id': {'name': 'NSS', 'value': '15 34 51 1918 4'}, 'picture': {'large': 'https://randomuser.me/api/portraits/men/57.jpg', 'medium': 'https://randomuser.me/api/portraits/med/men/57.jpg', 'thumbnail': 'https://randomuser.me/api/portraits/thumb/men/57.jpg'}, 'nat': 'MX'}</msg>
<arg>${json_data['results'][0]}</arg>
<doc>Logs the given message with the given level.</doc>
<status status="PASS" start="2024-04-27T05:13:17.022576" elapsed="0.000405"/>
</kw>
<kw name="Log" owner="BuiltIn">
<msg time="2024-04-27T05:13:17.023402" level="INFO">name</msg>
<arg>${key}</arg>
<doc>Logs the given message with the given level.</doc>
<status status="PASS" start="2024-04-27T05:13:17.023276" elapsed="0.000162"/>
</kw>
<var name="${key}">name</var>
<status status="PASS" start="2024-04-27T05:13:17.021720" elapsed="0.001929"/>
</iter>
<iter>
<kw name="Dictionary Should Contain Key" owner="Collections">
<msg time="2024-04-27T05:13:17.024381" level="INFO">False</msg>
<arg>${json_data['results'][0]}</arg>
<arg>${key}</arg>
<doc>Fails if ``key`` is not found from ``dictionary``.</doc>
<status status="PASS" start="2024-04-27T05:13:17.023983" elapsed="0.000435"/>
</kw>
<kw name="Log" owner="BuiltIn">
<msg time="2024-04-27T05:13:17.025079" level="INFO">{'gender': 'male', 'name': {'title': 'Mr', 'first': 'Teodoro', 'last': 'Fuentes'}, 'location': {'street': {'number': 7480, 'name': 'Viaducto Norte Gamboa'}, 'city': 'Arroyo Hondo', 'state': 'Puebla', 'country': 'Mexico', 'postcode': 76877, 'coordinates': {'latitude': '26.7747', 'longitude': '-23.4244'}, 'timezone': {'offset': '+4:30', 'description': 'Kabul'}}, 'email': 'teodoro.fuentes@example.com', 'login': {'uuid': 'e5abf0ab-f765-4c29-8191-4a590c31a09b', 'username': 'purplebird335', 'password': 'aussie', 'salt': '0DxwVlLW', 'md5': '795d1d43a2831c3b7ce1d5449040d7cf', 'sha1': '12b956ebe53ee7110ab27870c6448b2cd4f6542f', 'sha256': 'ef6b9aac8410e8986cf5fec0848408a41e0e6321538f831a574e21a93b29caf1'}, 'dob': {'date': '1981-04-06T17:06:52.299Z', 'age': 43}, 'registered': {'date': '2008-12-20T21:39:20.083Z', 'age': 15}, 'phone': '(607) 206 0673', 'cell': '(609) 815 8246', 'id': {'name': 'NSS', 'value': '15 34 51 1918 4'}, 'picture': {'large': 'https://randomuser.me/api/portraits/men/57.jpg', 'medium': 'https://randomuser.me/api/portraits/med/men/57.jpg', 'thumbnail': 'https://randomuser.me/api/portraits/thumb/men/57.jpg'}, 'nat': 'MX'}</msg>
<arg>${json_data['results'][0]}</arg>
<doc>Logs the given message with the given level.</doc>
<status status="PASS" start="2024-04-27T05:13:17.024720" elapsed="0.000407"/>
</kw>
<kw name="Log" owner="BuiltIn">
<msg time="2024-04-27T05:13:17.025542" level="INFO">location</msg>
<arg>${key}</arg>
<doc>Logs the given message with the given level.</doc>
<status status="PASS" start="2024-04-27T05:13:17.025415" elapsed="0.000165"/>
</kw>
<var name="${key}">location</var>
<status status="PASS" start="2024-04-27T05:13:17.023860" elapsed="0.001937"/>
</iter>
<iter>
<kw name="Dictionary Should Contain Key" owner="Collections">
<msg time="2024-04-27T05:13:17.026458" level="INFO">False</msg>
<arg>${json_data['results'][0]}</arg>
<arg>${key}</arg>
<doc>Fails if ``key`` is not found from ``dictionary``.</doc>
<status status="PASS" start="2024-04-27T05:13:17.026083" elapsed="0.000412"/>
</kw>
<kw name="Log" owner="BuiltIn">
<msg time="2024-04-27T05:13:17.027154" level="INFO">{'gender': 'male', 'name': {'title': 'Mr', 'first': 'Teodoro', 'last': 'Fuentes'}, 'location': {'street': {'number': 7480, 'name': 'Viaducto Norte Gamboa'}, 'city': 'Arroyo Hondo', 'state': 'Puebla', 'country': 'Mexico', 'postcode': 76877, 'coordinates': {'latitude': '26.7747', 'longitude': '-23.4244'}, 'timezone': {'offset': '+4:30', 'description': 'Kabul'}}, 'email': 'teodoro.fuentes@example.com', 'login': {'uuid': 'e5abf0ab-f765-4c29-8191-4a590c31a09b', 'username': 'purplebird335', 'password': 'aussie', 'salt': '0DxwVlLW', 'md5': '795d1d43a2831c3b7ce1d5449040d7cf', 'sha1': '12b956ebe53ee7110ab27870c6448b2cd4f6542f', 'sha256': 'ef6b9aac8410e8986cf5fec0848408a41e0e6321538f831a574e21a93b29caf1'}, 'dob': {'date': '1981-04-06T17:06:52.299Z', 'age': 43}, 'registered': {'date': '2008-12-20T21:39:20.083Z', 'age': 15}, 'phone': '(607) 206 0673', 'cell': '(609) 815 8246', 'id': {'name': 'NSS', 'value': '15 34 51 1918 4'}, 'picture': {'large': 'https://randomuser.me/api/portraits/men/57.jpg', 'medium': 'https://randomuser.me/api/portraits/med/men/57.jpg', 'thumbnail': 'https://randomuser.me/api/portraits/thumb/men/57.jpg'}, 'nat': 'MX'}</msg>
<arg>${json_data['results'][0]}</arg>
<doc>Logs the given message with the given level.</doc>
<status status="PASS" start="2024-04-27T05:13:17.026789" elapsed="0.000412"/>
</kw>
<kw name="Log" owner="BuiltIn">
<msg time="2024-04-27T05:13:17.027618" level="INFO">email</msg>
<arg>${key}</arg>
<doc>Logs the given message with the given level.</doc>
<status status="PASS" start="2024-04-27T05:13:17.027492" elapsed="0.000163"/>
</kw>
<var name="${key}">email</var>
<status status="PASS" start="2024-04-27T05:13:17.025968" elapsed="0.001931"/>
</iter>
<iter>
<kw name="Dictionary Should Contain Key" owner="Collections">
<msg time="2024-04-27T05:13:17.028587" level="INFO">False</msg>
<arg>${json_data['results'][0]}</arg>
<arg>${key}</arg>
<doc>Fails if ``key`` is not found from ``dictionary``.</doc>
<status status="PASS" start="2024-04-27T05:13:17.028196" elapsed="0.000427"/>
</kw>
<kw name="Log" owner="BuiltIn">
<msg time="2024-04-27T05:13:17.029283" level="INFO">{'gender': 'male', 'name': {'title': 'Mr', 'first': 'Teodoro', 'last': 'Fuentes'}, 'location': {'street': {'number': 7480, 'name': 'Viaducto Norte Gamboa'}, 'city': 'Arroyo Hondo', 'state': 'Puebla', 'country': 'Mexico', 'postcode': 76877, 'coordinates': {'latitude': '26.7747', 'longitude': '-23.4244'}, 'timezone': {'offset': '+4:30', 'description': 'Kabul'}}, 'email': 'teodoro.fuentes@example.com', 'login': {'uuid': 'e5abf0ab-f765-4c29-8191-4a590c31a09b', 'username': 'purplebird335', 'password': 'aussie', 'salt': '0DxwVlLW', 'md5': '795d1d43a2831c3b7ce1d5449040d7cf', 'sha1': '12b956ebe53ee7110ab27870c6448b2cd4f6542f', 'sha256': 'ef6b9aac8410e8986cf5fec0848408a41e0e6321538f831a574e21a93b29caf1'}, 'dob': {'date': '1981-04-06T17:06:52.299Z', 'age': 43}, 'registered': {'date': '2008-12-20T21:39:20.083Z', 'age': 15}, 'phone': '(607) 206 0673', 'cell': '(609) 815 8246', 'id': {'name': 'NSS', 'value': '15 34 51 1918 4'}, 'picture': {'large': 'https://randomuser.me/api/portraits/men/57.jpg', 'medium': 'https://randomuser.me/api/portraits/med/men/57.jpg', 'thumbnail': 'https://randomuser.me/api/portraits/thumb/men/57.jpg'}, 'nat': 'MX'}</msg>
<arg>${json_data['results'][0]}</arg>
<doc>Logs the given message with the given level.</doc>
<status status="PASS" start="2024-04-27T05:13:17.028916" elapsed="0.000415"/>
</kw>
<kw name="Log" owner="BuiltIn">
<msg time="2024-04-27T05:13:17.029747" level="INFO">login</msg>
<arg>${key}</arg>
<doc>Logs the given message with the given level.</doc>
<status status="PASS" start="2024-04-27T05:13:17.029622" elapsed="0.000162"/>
</kw>
<var name="${key}">login</var>
<status status="PASS" start="2024-04-27T05:13:17.028085" elapsed="0.001911"/>
</iter>
<var>${key}</var>
<value>@{expected_keys}</value>
<status status="PASS" start="2024-04-27T05:13:17.019326" elapsed="0.010814"/>
</for>
<kw name="Create List" owner="BuiltIn">
<msg time="2024-04-27T05:13:17.030482" level="INFO">${expected_keysTwo} = ['username', 'password']</msg>
<var>${expected_keysTwo}</var>
<arg>username</arg>
<arg>password</arg>
<doc>Returns a list containing given items.</doc>
<status status="PASS" start="2024-04-27T05:13:17.030343" elapsed="0.000163"/>
</kw>
<for flavor="IN">
<iter>
<kw name="Dictionary Should Contain Key" owner="Collections">
<msg time="2024-04-27T05:13:17.031397" level="INFO">False</msg>
<arg>${json_data['results'][0]['login']}</arg>
<arg>${keyTwo}</arg>
<doc>Fails if ``key`` is not found from ``dictionary``.</doc>
<status status="PASS" start="2024-04-27T05:13:17.031011" elapsed="0.000423"/>
</kw>
<kw name="Dictionary Should Contain Key" owner="Collections">
<msg time="2024-04-27T05:13:17.032157" level="INFO">False</msg>
<arg>${json_data['results'][0]['login']}</arg>
<arg>${keyTwo}</arg>
<doc>Fails if ``key`` is not found from ``dictionary``.</doc>
<status status="PASS" start="2024-04-27T05:13:17.031725" elapsed="0.000470"/>
</kw>
<kw name="Log" owner="BuiltIn">
<msg time="2024-04-27T05:13:17.032613" level="INFO">username</msg>
<arg>${keyTwo}</arg>
<doc>Logs the given message with the given level.</doc>
<status status="PASS" start="2024-04-27T05:13:17.032487" elapsed="0.000169"/>
</kw>
<var name="${keyTwo}">username</var>
<status status="PASS" start="2024-04-27T05:13:17.030902" elapsed="0.001968"/>
</iter>
<iter>
<kw name="Dictionary Should Contain Key" owner="Collections">
<msg time="2024-04-27T05:13:17.033530" level="INFO">False</msg>
<arg>${json_data['results'][0]['login']}</arg>
<arg>${keyTwo}</arg>
<doc>Fails if ``key`` is not found from ``dictionary``.</doc>
<status status="PASS" start="2024-04-27T05:13:17.033150" elapsed="0.000423"/>
</kw>
<kw name="Dictionary Should Contain Key" owner="Collections">
<msg time="2024-04-27T05:13:17.034326" level="INFO">False</msg>
<arg>${json_data['results'][0]['login']}</arg>
<arg>${keyTwo}</arg>
<doc>Fails if ``key`` is not found from ``dictionary``.</doc>
<status status="PASS" start="2024-04-27T05:13:17.033864" elapsed="0.000501"/>
</kw>
<kw name="Log" owner="BuiltIn">
<msg time="2024-04-27T05:13:17.034799" level="INFO">password</msg>
<arg>${keyTwo}</arg>
<doc>Logs the given message with the given level.</doc>
<status status="PASS" start="2024-04-27T05:13:17.034672" elapsed="0.000164"/>
</kw>
<var name="${keyTwo}">password</var>
<status status="PASS" start="2024-04-27T05:13:17.033042" elapsed="0.002008"/>
</iter>
<var>${keyTwo}</var>
<value>@{expected_keysTwo}</value>
<status status="PASS" start="2024-04-27T05:13:17.030746" elapsed="0.004424"/>
</for>
<status status="PASS" start="2024-04-27T05:13:16.856054" elapsed="0.179259"/>
</kw>
<doc>Testa a estrutura da resposta da API.</doc>
<tag>testeEstruturaResposta</tag>
<status status="PASS" start="2024-04-27T05:13:16.855464" elapsed="0.180012"/>
</test>
<test id="s1-s1-t4" name="Validar tipos de dados" line="28">
<kw name="Teste de Tipos de Dados" owner="random-user-service">
<kw name="GET On Session" owner="RequestsLibrary">
<msg time="2024-04-27T05:13:17.093285" level="INFO">GET Request : url=https://randomuser.me/api 
 path_url=/api 
 headers={'User-Agent': 'python-requests/2.31.0', 'Accept-Encoding': 'gzip, deflate', 'Accept': '*/*', 'Connection': 'keep-alive'} 
 body=None 
 </msg>
<msg time="2024-04-27T05:13:17.093403" level="INFO">GET Response : url=https://randomuser.me/api 
 status=200, reason=OK 
 headers={'Date': 'Sat, 27 Apr 2024 05:13:17 GMT', 'Content-Type': 'application/json; charset=utf-8', 'Transfer-Encoding': 'chunked', 'Connection': 'keep-alive', 'X-Powered-By': 'Express', 'Access-Control-Allow-Origin': '*', 'Cache-Control': 'no-cache', 'ETag': 'W/"497-ZWDE8HbWdE6xoxyFmVvYE6VHgc0"', 'Vary': 'Accept-Encoding', 'Content-Encoding': 'gzip', 'CF-Cache-Status': 'DYNAMIC', 'Report-To': '{"endpoints":[{"url":"https:\\/\\/a.nel.cloudflare.com\\/report\\/v4?s=xqt6KMnZ4yAVv3koUW2wRckVJmAZlSe29cBCEAq%2FC8PzyCITIZLF8T4heI5MyxdryNsF0sT7w0v%2FxMyrNDsoXzTHoHWIWYLiyH7iOfr9%2F0FNbdZFEwlZWR7E5Dj1QQa2"}],"group":"cf-nel","max_age":604800}', 'NEL': '{"success_fraction":0,"report_to":"cf-nel","max_age":604800}', 'Server': 'cloudflare', 'CF-RAY': '87ac52898d881158-ORD', 'alt-svc': 'h3=":443"; ma=86400'} 
 body={"results":[{"gender":"male","name":{"title":"Mr","first":"Diego","last":"Santiago"},"location":{"street":{"number":4045,"name":"Calle de Ferraz"},"city":"Pamplona","state":"Extremadura","country":"Spain","postcode":28933,"coordinates":{"latitude":"-34.1767","longitude":"-101.3412"},"timezone":{"offset":"+11:00","description":"Magadan, Solomon Islands, New Caledonia"}},"email":"diego.santiago@example.com","login":{"uuid":"4df67a93-3a05-4615-a398-86d8e901273f","username":"orangeleopard557","password":"catnip","salt":"oObwAhw6","md5":"3aaf8a8970495737836927d1a5891ef9","sha1":"64865e61d5c3f6f854c3aef821ce378e87810660","sha256":"e85755d776be3ad33bc5cfae0d6b304d84b7c3e784727381b67813bba3e6cbe6"},"dob":{"date":"1967-04-15T02:48:59.618Z","age":57},"registered":{"date":"2018-12-03T09:27:38.114Z","age":5},"phone":"986-011-429","cell":"609-759-023","id":{"name":"DNI","value":"47164666-Q"},"picture":{"large":"https://randomuser.me/api/portraits/men/50.jpg","medium":"https://randomuser.me/api/portraits/med/men/50.jpg","thumbnail":"https://randomuser.me/api/portraits/thumb/men/50.jpg"},"nat":"ES"}],"info":{"seed":"407883e0e851ad28","results":1,"page":1,"version":"1.4"}} 
 </msg>
<msg time="2024-04-27T05:13:17.093487" level="INFO">/opt/hostedtoolcache/Python/3.12.3/x64/lib/python3.12/site-packages/urllib3/connectionpool.py:1103: InsecureRequestWarning: Unverified HTTPS request is being made to host 'randomuser.me'. Adding certificate verification is strongly advised. See: https://urllib3.readthedocs.io/en/latest/advanced-usage.html#tls-warnings
  warnings.warn(</msg>
<msg time="2024-04-27T05:13:17.093618" level="INFO">${response} = &lt;Response [200]&gt;</msg>
<var>${response}</var>
<arg>consultarAPI</arg>
<arg>/api</arg>
<doc>Sends a GET request on a previously created HTTP Session.</doc>
<status status="PASS" start="2024-04-27T05:13:17.038092" elapsed="0.055555"/>
</kw>
<kw name="Set Variable" owner="BuiltIn">
<msg time="2024-04-27T05:13:17.094792" level="INFO">${json_data} = {'results': [{'gender': 'male', 'name': {'title': 'Mr', 'first': 'Diego', 'last': 'Santiago'}, 'location': {'street': {'number': 4045, 'name': 'Calle de Ferraz'}, 'city': 'Pamplona', 'state': 'Extrema...</msg>
<var>${json_data}</var>
<arg>${response.json()}</arg>
<doc>Returns the given values which can then be assigned to a variables.</doc>
<status status="PASS" start="2024-04-27T05:13:17.094228" elapsed="0.000593"/>
</kw>
<kw name="Log" owner="BuiltIn">
<msg time="2024-04-27T05:13:17.095310" level="INFO">{'results': [{'gender': 'male', 'name': {'title': 'Mr', 'first': 'Diego', 'last': 'Santiago'}, 'location': {'street': {'number': 4045, 'name': 'Calle de Ferraz'}, 'city': 'Pamplona', 'state': 'Extremadura', 'country': 'Spain', 'postcode': 28933, 'coordinates': {'latitude': '-34.1767', 'longitude': '-101.3412'}, 'timezone': {'offset': '+11:00', 'description': 'Magadan, Solomon Islands, New Caledonia'}}, 'email': 'diego.santiago@example.com', 'login': {'uuid': '4df67a93-3a05-4615-a398-86d8e901273f', 'username': 'orangeleopard557', 'password': 'catnip', 'salt': 'oObwAhw6', 'md5': '3aaf8a8970495737836927d1a5891ef9', 'sha1': '64865e61d5c3f6f854c3aef821ce378e87810660', 'sha256': 'e85755d776be3ad33bc5cfae0d6b304d84b7c3e784727381b67813bba3e6cbe6'}, 'dob': {'date': '1967-04-15T02:48:59.618Z', 'age': 57}, 'registered': {'date': '2018-12-03T09:27:38.114Z', 'age': 5}, 'phone': '986-011-429', 'cell': '609-759-023', 'id': {'name': 'DNI', 'value': '47164666-Q'}, 'picture': {'large': 'https://randomuser.me/api/portraits/men/50.jpg', 'medium': 'https://randomuser.me/api/portraits/med/men/50.jpg', 'thumbnail': 'https://randomuser.me/api/portraits/thumb/men/50.jpg'}, 'nat': 'ES'}], 'info': {'seed': '407883e0e851ad28', 'results': 1, 'page': 1, 'version': '1.4'}}</msg>
<arg>${json_data}</arg>
<doc>Logs the given message with the given level.</doc>
<status status="PASS" start="2024-04-27T05:13:17.095148" elapsed="0.000250"/>
</kw>
<kw name="Should Be String" owner="String">
<arg>${json_data['results'][0]['gender']}</arg>
<doc>Fails if the given ``item`` is not a string.</doc>
<status status="PASS" start="2024-04-27T05:13:17.095702" elapsed="0.000434"/>
</kw>
<kw name="Should Match Regexp" owner="BuiltIn">
<arg>${json_data['results'][0]['email']}</arg>
<arg>^[a-zA-Z0-9._%+-]+@[a-zA-Z0-9.-]+\.[a-zA-Z]{2,}$</arg>
<doc>Fails if ``string`` does not match ``pattern`` as a regular expression.</doc>
<status status="PASS" start="2024-04-27T05:13:17.096334" elapsed="0.000521"/>
</kw>
<kw name="Should Match Regexp" owner="BuiltIn">
<arg>${json_data['results'][0]['dob']['date']}</arg>
<arg>\\d{4}-\\d{2}-\\d{2}T\\d{2}:\\d{2}:\\d{2}\\.\\d{3}Z</arg>
<doc>Fails if ``string`` does not match ``pattern`` as a regular expression.</doc>
<status status="PASS" start="2024-04-27T05:13:17.097049" elapsed="0.000482"/>
</kw>
<kw name="Should Match Regexp" owner="BuiltIn">
<arg>${json_data['results'][0]['registered']['date']}</arg>
<arg>\\d{4}-\\d{2}-\\d{2}T\\d{2}:\\d{2}:\\d{2}\\.\\d{3}Z</arg>
<doc>Fails if ``string`` does not match ``pattern`` as a regular expression.</doc>
<status status="PASS" start="2024-04-27T05:13:17.097722" elapsed="0.000380"/>
</kw>
<kw name="Should Match Regexp" owner="BuiltIn">
<arg>${json_data['results'][0]['picture']['large']}</arg>
<arg>^https?://.*\.(?:png|jpe?g|gif|bmp)$</arg>
<doc>Fails if ``string`` does not match ``pattern`` as a regular expression.</doc>
<status status="PASS" start="2024-04-27T05:13:17.098290" elapsed="0.000471"/>
</kw>
<kw name="Should Match Regexp" owner="BuiltIn">
<arg>${json_data['results'][0]['picture']['medium']}</arg>
<arg>^https?://.*\.(?:png|jpe?g|gif|bmp)$</arg>
<doc>Fails if ``string`` does not match ``pattern`` as a regular expression.</doc>
<status status="PASS" start="2024-04-27T05:13:17.098952" elapsed="0.000356"/>
</kw>
<kw name="Should Match Regexp" owner="BuiltIn">
<arg>${json_data['results'][0]['picture']['thumbnail']}</arg>
<arg>^https?://.*\.(?:png|jpe?g|gif|bmp)$</arg>
<doc>Fails if ``string`` does not match ``pattern`` as a regular expression.</doc>
<status status="PASS" start="2024-04-27T05:13:17.099497" elapsed="0.000402"/>
</kw>
<kw name="Log" owner="BuiltIn">
<msg time="2024-04-27T05:13:17.100444" level="INFO">{'large': 'https://randomuser.me/api/portraits/men/50.jpg', 'medium': 'https://randomuser.me/api/portraits/med/men/50.jpg', 'thumbnail': 'https://randomuser.me/api/portraits/thumb/men/50.jpg'}</msg>
<arg>${json_data['results'][0]['picture']}</arg>
<doc>Logs the given message with the given level.</doc>
<status status="PASS" start="2024-04-27T05:13:17.100103" elapsed="0.000383"/>
</kw>
<status status="PASS" start="2024-04-27T05:13:17.037856" elapsed="0.062902"/>
</kw>
<kw name="Teste de Tipos de Dados - Postcode" owner="random-user-service">
<kw name="GET On Session" owner="RequestsLibrary">
<msg time="2024-04-27T05:13:17.191447" level="INFO">GET Request : url=https://randomuser.me/api 
 path_url=/api 
 headers={'User-Agent': 'python-requests/2.31.0', 'Accept-Encoding': 'gzip, deflate', 'Accept': '*/*', 'Connection': 'keep-alive'} 
 body=None 
 </msg>
<msg time="2024-04-27T05:13:17.191559" level="INFO">GET Response : url=https://randomuser.me/api 
 status=200, reason=OK 
 headers={'Date': 'Sat, 27 Apr 2024 05:13:17 GMT', 'Content-Type': 'application/json; charset=utf-8', 'Transfer-Encoding': 'chunked', 'Connection': 'keep-alive', 'X-Powered-By': 'Express', 'Access-Control-Allow-Origin': '*', 'Cache-Control': 'no-cache', 'ETag': 'W/"4ac-uYRFiKFzpl5U//DoJnDFBv0JQTo"', 'Vary': 'Accept-Encoding', 'Content-Encoding': 'gzip', 'CF-Cache-Status': 'DYNAMIC', 'Report-To': '{"endpoints":[{"url":"https:\\/\\/a.nel.cloudflare.com\\/report\\/v4?s=XOUa7vCPVrWtTb%2BL7Pu980JdBmtoqFuLX%2BfT64%2BriGo%2BBJHMKeasy9smhnL2Qa12SPbVNCJNL6xgZ5k2fPUHQ20p286Ejj48kA1fh2s%2FRhvuwgF0h9g7ZqvgkYCglSGg"}],"group":"cf-nel","max_age":604800}', 'NEL': '{"success_fraction":0,"report_to":"cf-nel","max_age":604800}', 'Server': 'cloudflare', 'CF-RAY': '87ac5289edf61158-ORD', 'alt-svc': 'h3=":443"; ma=86400'} 
 body={"results":[{"gender":"female","name":{"title":"Miss","first":"Reina","last":"Domínguez"},"location":{"street":{"number":1066,"name":"Periférico Morelos"},"city":"San Juan Cosala","state":"Ciudad de Mexico","country":"Mexico","postcode":73308,"coordinates":{"latitude":"27.3034","longitude":"174.1607"},"timezone":{"offset":"-11:00","description":"Midway Island, Samoa"}},"email":"reina.dominguez@example.com","login":{"uuid":"d4401cb3-b3ff-448f-ab50-b75eaac9a0d9","username":"angrypeacock510","password":"fishbone","salt":"m70qH9iT","md5":"4794588dffe2c3e87d49b0684ec87c13","sha1":"8d632c49c9e0374ecb4c83ae099b2ebf072ea3cc","sha256":"19e537bc2bed68aa13eac997c50fdd734f8c90eb04c0457e31cfa797d0e128af"},"dob":{"date":"1963-04-11T01:57:38.114Z","age":61},"registered":{"date":"2020-07-18T20:37:07.124Z","age":3},"phone":"(667) 660 8636","cell":"(692) 565 2647","id":{"name":"NSS","value":"65 16 94 3511 7"},"picture":{"large":"https://randomuser.me/api/portraits/women/60.jpg","medium":"https://randomuser.me/api/portraits/med/women/60.jpg","thumbnail":"https://randomuser.me/api/portraits/thumb/women/60.jpg"},"nat":"MX"}],"info":{"seed":"281e6598c6b57fbb","results":1,"page":1,"version":"1.4"}} 
 </msg>
<msg time="2024-04-27T05:13:17.191647" level="INFO">/opt/hostedtoolcache/Python/3.12.3/x64/lib/python3.12/site-packages/urllib3/connectionpool.py:1103: InsecureRequestWarning: Unverified HTTPS request is being made to host 'randomuser.me'. Adding certificate verification is strongly advised. See: https://urllib3.readthedocs.io/en/latest/advanced-usage.html#tls-warnings
  warnings.warn(</msg>
<msg time="2024-04-27T05:13:17.191772" level="INFO">${response} = &lt;Response [200]&gt;</msg>
<var>${response}</var>
<arg>consultarAPI</arg>
<arg>/api</arg>
<doc>Sends a GET request on a previously created HTTP Session.</doc>
<status status="PASS" start="2024-04-27T05:13:17.101248" elapsed="0.090586"/>
</kw>
<kw name="Set Variable" owner="BuiltIn">
<msg time="2024-04-27T05:13:17.193172" level="INFO">${json_data} = {'results': [{'gender': 'female', 'name': {'title': 'Miss', 'first': 'Reina', 'last': 'Domínguez'}, 'location': {'street': {'number': 1066, 'name': 'Periférico Morelos'}, 'city': 'San Juan Cosala', 's...</msg>
<var>${json_data}</var>
<arg>${response.json()}</arg>
<doc>Returns the given values which can then be assigned to a variables.</doc>
<status status="PASS" start="2024-04-27T05:13:17.192540" elapsed="0.000662"/>
</kw>
<kw name="Log" owner="BuiltIn">
<msg time="2024-04-27T05:13:17.193679" level="INFO">{'results': [{'gender': 'female', 'name': {'title': 'Miss', 'first': 'Reina', 'last': 'Domínguez'}, 'location': {'street': {'number': 1066, 'name': 'Periférico Morelos'}, 'city': 'San Juan Cosala', 'state': 'Ciudad de Mexico', 'country': 'Mexico', 'postcode': 73308, 'coordinates': {'latitude': '27.3034', 'longitude': '174.1607'}, 'timezone': {'offset': '-11:00', 'description': 'Midway Island, Samoa'}}, 'email': 'reina.dominguez@example.com', 'login': {'uuid': 'd4401cb3-b3ff-448f-ab50-b75eaac9a0d9', 'username': 'angrypeacock510', 'password': 'fishbone', 'salt': 'm70qH9iT', 'md5': '4794588dffe2c3e87d49b0684ec87c13', 'sha1': '8d632c49c9e0374ecb4c83ae099b2ebf072ea3cc', 'sha256': '19e537bc2bed68aa13eac997c50fdd734f8c90eb04c0457e31cfa797d0e128af'}, 'dob': {'date': '1963-04-11T01:57:38.114Z', 'age': 61}, 'registered': {'date': '2020-07-18T20:37:07.124Z', 'age': 3}, 'phone': '(667) 660 8636', 'cell': '(692) 565 2647', 'id': {'name': 'NSS', 'value': '65 16 94 3511 7'}, 'picture': {'large': 'https://randomuser.me/api/portraits/women/60.jpg', 'medium': 'https://randomuser.me/api/portraits/med/women/60.jpg', 'thumbnail': 'https://randomuser.me/api/portraits/thumb/women/60.jpg'}, 'nat': 'MX'}], 'info': {'seed': '281e6598c6b57fbb', 'results': 1, 'page': 1, 'version': '1.4'}}</msg>
<arg>${json_data}</arg>
<doc>Logs the given message with the given level.</doc>
<status status="PASS" start="2024-04-27T05:13:17.193516" elapsed="0.000247"/>
</kw>
<kw name="Should Be Equal As Numbers" owner="BuiltIn">
<arg>${json_data['results'][0]['location']['postcode']}</arg>
<arg>${json_data['results'][0]['location']['postcode']}</arg>
<doc>Fails if objects are unequal after converting them to real numbers.</doc>
<status status="PASS" start="2024-04-27T05:13:17.194065" elapsed="0.000798"/>
</kw>
<kw name="Log" owner="BuiltIn">
<msg time="2024-04-27T05:13:17.195394" level="INFO">73308</msg>
<arg>${json_data['results'][0]['location']['postcode']}</arg>
<doc>Logs the given message with the given level.</doc>
<status status="PASS" start="2024-04-27T05:13:17.195056" elapsed="0.000379"/>
</kw>
<status status="PASS" start="2024-04-27T05:13:17.100998" elapsed="0.094692"/>
</kw>
<doc>Testa se os tipos de dados na resposta da API estão corretos.</doc>
<tag>testeTiposDados</tag>
<status status="PASS" start="2024-04-27T05:13:17.037321" elapsed="0.158582"/>
</test>
<test id="s1-s1-t5" name="Validar conteudo" line="35">
<kw name="Teste de Tipos de Conteudo" owner="random-user-service">
<kw name="GET On Session" owner="RequestsLibrary">
<msg time="2024-04-27T05:13:17.557522" level="INFO">GET Request : url=https://randomuser.me/api 
 path_url=/api 
 headers={'User-Agent': 'python-requests/2.31.0', 'Accept-Encoding': 'gzip, deflate', 'Accept': '*/*', 'Connection': 'keep-alive'} 
 body=None 
 </msg>
<msg time="2024-04-27T05:13:17.557625" level="INFO">GET Response : url=https://randomuser.me/api 
 status=200, reason=OK 
 headers={'Date': 'Sat, 27 Apr 2024 05:13:17 GMT', 'Content-Type': 'application/json; charset=utf-8', 'Transfer-Encoding': 'chunked', 'Connection': 'keep-alive', 'X-Powered-By': 'Express', 'Access-Control-Allow-Origin': '*', 'Cache-Control': 'no-cache', 'ETag': 'W/"483-q0Jgl0XWW1CsIeti60iQQe0Rl6I"', 'Vary': 'Accept-Encoding', 'Content-Encoding': 'gzip', 'CF-Cache-Status': 'DYNAMIC', 'Report-To': '{"endpoints":[{"url":"https:\\/\\/a.nel.cloudflare.com\\/report\\/v4?s=13SEFD3ZIiPy6s36cU5i8JyJ2VrKiiqVSDEZran%2BnYfjqd8kIRQmRN4xX2VgFvUFBr%2BC74kpUg2ECFGGW62YyyWBcgg8Pfj%2BuBGkM1A56JLGhX9QzuumIPJg1IyUZ8Lj"}],"group":"cf-nel","max_age":604800}', 'NEL': '{"success_fraction":0,"report_to":"cf-nel","max_age":604800}', 'Server': 'cloudflare', 'CF-RAY': '87ac528a8ea31158-ORD', 'alt-svc': 'h3=":443"; ma=86400'} 
 body={"results":[{"gender":"female","name":{"title":"Mrs","first":"Julia","last":"Román"},"location":{"street":{"number":8282,"name":"Calle de Tetuán"},"city":"Gandía","state":"Islas Baleares","country":"Spain","postcode":12690,"coordinates":{"latitude":"-35.4061","longitude":"78.2204"},"timezone":{"offset":"-11:00","description":"Midway Island, Samoa"}},"email":"julia.roman@example.com","login":{"uuid":"8c80da4b-046e-4308-866b-0dbce136b08b","username":"sadbear879","password":"gidget","salt":"sz4oaGqA","md5":"55b3fd4f2e5e49b6b2a3d4a584df6ca9","sha1":"18ed7904e17b2b503d6bdf0e2d57bc5db1b79d48","sha256":"4c5dc0cbfe2d9c450a9fc6cdde193e21a7195526742fd36b57d912d224e4119e"},"dob":{"date":"1984-09-27T14:47:22.881Z","age":39},"registered":{"date":"2017-07-28T00:20:59.556Z","age":6},"phone":"912-370-577","cell":"641-937-555","id":{"name":"DNI","value":"24915527-H"},"picture":{"large":"https://randomuser.me/api/portraits/women/90.jpg","medium":"https://randomuser.me/api/portraits/med/women/90.jpg","thumbnail":"https://randomuser.me/api/portraits/thumb/women/90.jpg"},"nat":"ES"}],"info":{"seed":"125730aee37f23bf","results":1,"page":1,"version":"1.4"}} 
 </msg>
<msg time="2024-04-27T05:13:17.557704" level="INFO">/opt/hostedtoolcache/Python/3.12.3/x64/lib/python3.12/site-packages/urllib3/connectionpool.py:1103: InsecureRequestWarning: Unverified HTTPS request is being made to host 'randomuser.me'. Adding certificate verification is strongly advised. See: https://urllib3.readthedocs.io/en/latest/advanced-usage.html#tls-warnings
  warnings.warn(</msg>
<msg time="2024-04-27T05:13:17.557831" level="INFO">${response} = &lt;Response [200]&gt;</msg>
<var>${response}</var>
<arg>consultarAPI</arg>
<arg>/api</arg>
<doc>Sends a GET request on a previously created HTTP Session.</doc>
<status status="PASS" start="2024-04-27T05:13:17.198399" elapsed="0.359459"/>
</kw>
<kw name="Set Variable" owner="BuiltIn">
<msg time="2024-04-27T05:13:17.558997" level="INFO">${json_data} = {'results': [{'gender': 'female', 'name': {'title': 'Mrs', 'first': 'Julia', 'last': 'Román'}, 'location': {'street': {'number': 8282, 'name': 'Calle de Tetuán'}, 'city': 'Gandía', 'state': 'Islas Bal...</msg>
<var>${json_data}</var>
<arg>${response.json()}</arg>
<doc>Returns the given values which can then be assigned to a variables.</doc>
<status status="PASS" start="2024-04-27T05:13:17.558446" elapsed="0.000581"/>
</kw>
<kw name="Set Variable" owner="BuiltIn">
<msg time="2024-04-27T05:13:17.559729" level="INFO">${name_title} = Mrs</msg>
<var>${name_title}</var>
<arg>${json_data["results"][0]["name"]["title"]}</arg>
<doc>Returns the given values which can then be assigned to a variables.</doc>
<status status="PASS" start="2024-04-27T05:13:17.559336" elapsed="0.000419"/>
</kw>
<kw name="Create List" owner="BuiltIn">
<msg time="2024-04-27T05:13:17.560264" level="INFO">${allowed_titles} = ['Mr', 'Ms', 'Miss', 'Mrs', 'Madame', 'Monsieur']</msg>
<var>${allowed_titles}</var>
<arg>Mr</arg>
<arg>Ms</arg>
<arg>Miss</arg>
<arg>Mrs</arg>
<arg>Madame</arg>
<arg>Monsieur</arg>
<doc>Returns a list containing given items.</doc>
<status status="PASS" start="2024-04-27T05:13:17.560114" elapsed="0.000175"/>
</kw>
<kw name="List Should Contain Value" owner="Collections">
<msg time="2024-04-27T05:13:17.560765" level="INFO">False</msg>
<arg>${allowed_titles}</arg>
<arg>${name_title}</arg>
<doc>Fails if the ``value`` is not found from ``list``.</doc>
<status status="PASS" start="2024-04-27T05:13:17.560589" elapsed="0.000213"/>
</kw>
<kw name="Set Variable" owner="BuiltIn">
<msg time="2024-04-27T05:13:17.561472" level="INFO">${name_country} = ES</msg>
<var>${name_country}</var>
<arg>${json_data["results"][0]["nat"]}</arg>
<doc>Returns the given values which can then be assigned to a variables.</doc>
<status status="PASS" start="2024-04-27T05:13:17.561095" elapsed="0.000402"/>
</kw>
<kw name="Create List" owner="BuiltIn">
<msg time="2024-04-27T05:13:17.562390" level="INFO">${list_country} = ['AD', 'AE', 'AF', 'AG', 'AI', 'AL', 'AM', 'AO', 'AQ', 'AR', 'AS', 'AT', 'AU', 'AW', 'AX', 'AZ', 'BA', 'BB', 'BD', 'BE', 'BF', 'BG', 'BH', 'BI', 'BJ', 'BL', 'BM', 'BN', 'BO', 'BQ', 'BR', 'BS', 'BT', '...</msg>
<var>${list_country}</var>
<arg>AD</arg>
<arg>AE</arg>
<arg>AF</arg>
<arg>AG</arg>
<arg>AI</arg>
<arg>AL</arg>
<arg>AM</arg>
<arg>AO</arg>
<arg>AQ</arg>
<arg>AR</arg>
<arg>AS</arg>
<arg>AT</arg>
<arg>AU</arg>
<arg>AW</arg>
<arg>AX</arg>
<arg>AZ</arg>
<arg>BA</arg>
<arg>BB</arg>
<arg>BD</arg>
<arg>BE</arg>
<arg>BF</arg>
<arg>BG</arg>
<arg>BH</arg>
<arg>BI</arg>
<arg>BJ</arg>
<arg>BL</arg>
<arg>BM</arg>
<arg>BN</arg>
<arg>BO</arg>
<arg>BQ</arg>
<arg>BR</arg>
<arg>BS</arg>
<arg>BT</arg>
<arg>BV</arg>
<arg>BW</arg>
<arg>BY</arg>
<arg>BZ</arg>
<arg>CA</arg>
<arg>CC</arg>
<arg>CD</arg>
<arg>CF</arg>
<arg>CG</arg>
<arg>CH</arg>
<arg>CI</arg>
<arg>CK</arg>
<arg>CL</arg>
<arg>CM</arg>
<arg>CN</arg>
<arg>CO</arg>
<arg>CR</arg>
<arg>CU</arg>
<arg>CV</arg>
<arg>CW</arg>
<arg>CX</arg>
<arg>CY</arg>
<arg>CZ</arg>
<arg>DE</arg>
<arg>DJ</arg>
<arg>DK</arg>
<arg>DM</arg>
<arg>DO</arg>
<arg>DZ</arg>
<arg>EC</arg>
<arg>EE</arg>
<arg>EG</arg>
<arg>EH</arg>
<arg>ER</arg>
<arg>ES</arg>
<arg>ET</arg>
<arg>FI</arg>
<arg>FJ</arg>
<arg>FK</arg>
<arg>FM</arg>
<arg>FO</arg>
<arg>FR</arg>
<arg>GA</arg>
<arg>GB</arg>
<arg>GD</arg>
<arg>GE</arg>
<arg>GF</arg>
<arg>GG</arg>
<arg>GH</arg>
<arg>GI</arg>
<arg>GL</arg>
<arg>GM</arg>
<arg>GN</arg>
<arg>GP</arg>
<arg>GQ</arg>
<arg>GR</arg>
<arg>GS</arg>
<arg>GT</arg>
<arg>GU</arg>
<arg>GW</arg>
<arg>GY</arg>
<arg>HK</arg>
<arg>HM</arg>
<arg>HN</arg>
<arg>HR</arg>
<arg>HT</arg>
<arg>HU</arg>
<arg>ID</arg>
<arg>IE</arg>
<arg>IL</arg>
<arg>IM</arg>
<arg>IN</arg>
<arg>IO</arg>
<arg>IQ</arg>
<arg>IR</arg>
<arg>IS</arg>
<arg>IT</arg>
<arg>JE</arg>
<arg>JM</arg>
<arg>JO</arg>
<arg>JP</arg>
<arg>KE</arg>
<arg>KG</arg>
<arg>KH</arg>
<arg>KI</arg>
<arg>KM</arg>
<arg>KN</arg>
<arg>KP</arg>
<arg>KR</arg>
<arg>KW</arg>
<arg>KY</arg>
<arg>KZ</arg>
<arg>LA</arg>
<arg>LB</arg>
<arg>LC</arg>
<arg>LI</arg>
<arg>LK</arg>
<arg>LR</arg>
<arg>LS</arg>
<arg>LT</arg>
<arg>LU</arg>
<arg>LV</arg>
<arg>LY</arg>
<arg>MA</arg>
<arg>MC</arg>
<arg>MD</arg>
<arg>ME</arg>
<arg>MF</arg>
<arg>MG</arg>
<arg>MH</arg>
<arg>MK</arg>
<arg>ML</arg>
<arg>MM</arg>
<arg>MN</arg>
<arg>MO</arg>
<arg>MP</arg>
<arg>MQ</arg>
<arg>MR</arg>
<arg>MS</arg>
<arg>MT</arg>
<arg>MU</arg>
<arg>MV</arg>
<arg>MW</arg>
<arg>MX</arg>
<arg>MY</arg>
<arg>MZ</arg>
<arg>NA</arg>
<arg>NC</arg>
<arg>NE</arg>
<arg>NF</arg>
<arg>NG</arg>
<arg>NI</arg>
<arg>NL</arg>
<arg>NO</arg>
<arg>NP</arg>
<arg>NR</arg>
<arg>NU</arg>
<arg>NZ</arg>
<arg>OM</arg>
<arg>PA</arg>
<arg>PE</arg>
<arg>PF</arg>
<arg>PG</arg>
<arg>PH</arg>
<arg>PK</arg>
<arg>PL</arg>
<arg>PM</arg>
<arg>PN</arg>
<arg>PR</arg>
<arg>PS</arg>
<arg>PT</arg>
<arg>PW</arg>
<arg>PY</arg>
<arg>QA</arg>
<arg>RE</arg>
<arg>RO</arg>
<arg>RS</arg>
<arg>RU</arg>
<arg>RW</arg>
<arg>SA</arg>
<arg>SB</arg>
<arg>SC</arg>
<arg>SD</arg>
<arg>SE</arg>
<arg>SG</arg>
<arg>SH</arg>
<arg>SI</arg>
<arg>SJ</arg>
<arg>SK</arg>
<arg>SL</arg>
<arg>SM</arg>
<arg>SN</arg>
<arg>SO</arg>
<arg>SR</arg>
<arg>SS</arg>
<arg>ST</arg>
<arg>SV</arg>
<arg>SX</arg>
<arg>SY</arg>
<arg>SZ</arg>
<arg>TC</arg>
<arg>TD</arg>
<arg>TF</arg>
<arg>TG</arg>
<arg>TH</arg>
<arg>TJ</arg>
<arg>TK</arg>
<arg>TL</arg>
<arg>TM</arg>
<arg>TN</arg>
<arg>TO</arg>
<arg>TR</arg>
<arg>TT</arg>
<arg>TV</arg>
<arg>TW</arg>
<arg>TZ</arg>
<arg>UA</arg>
<arg>UG</arg>
<arg>UM</arg>
<arg>US</arg>
<arg>UY</arg>
<arg>UZ</arg>
<arg>VA</arg>
<arg>VC</arg>
<arg>VE</arg>
<arg>VG</arg>
<arg>VI</arg>
<arg>VN</arg>
<arg>VU</arg>
<arg>WF</arg>
<arg>WS</arg>
<arg>XK</arg>
<arg>YE</arg>
<arg>YT</arg>
<arg>ZA</arg>
<arg>ZM</arg>
<arg>ZW</arg>
<doc>Returns a list containing given items.</doc>
<status status="PASS" start="2024-04-27T05:13:17.561800" elapsed="0.000615"/>
</kw>
<kw name="List Should Contain Value" owner="Collections">
<msg time="2024-04-27T05:13:17.563409" level="INFO">False</msg>
<arg>${list_country}</arg>
<arg>${name_country}</arg>
<doc>Fails if the ``value`` is not found from ``list``.</doc>
<status status="PASS" start="2024-04-27T05:13:17.563204" elapsed="0.000242"/>
</kw>
<kw name="Run Keyword If" owner="BuiltIn">
<kw name="Should Be True" owner="BuiltIn">
<arg>${True}</arg>
<doc>Fails if the given condition is not true.</doc>
<status status="PASS" start="2024-04-27T05:13:17.564533" elapsed="0.000142"/>
</kw>
<arg>${json_data["results"][0]["location"]["coordinates"]["latitude"]} &gt;= -90 and ${json_data["results"][0]["location"]["coordinates"]["latitude"]} &lt;= 90</arg>
<arg>Should Be True</arg>
<arg>${True}</arg>
<doc>Runs the given keyword with the given arguments, if ``condition`` is true.</doc>
<status status="PASS" start="2024-04-27T05:13:17.563755" elapsed="0.001047"/>
</kw>
<kw name="Run Keyword If" owner="BuiltIn">
<kw name="Should Be True" owner="BuiltIn">
<arg>${True}</arg>
<doc>Fails if the given condition is not true.</doc>
<status status="PASS" start="2024-04-27T05:13:17.565681" elapsed="0.000256"/>
</kw>
<arg>${json_data["results"][0]["location"]["coordinates"]["longitude"]} &gt;= -180 and ${json_data["results"][0]["location"]["coordinates"]["longitude"]} &lt;= 180</arg>
<arg>Should Be True</arg>
<arg>${True}</arg>
<doc>Runs the given keyword with the given arguments, if ``condition`` is true.</doc>
<status status="PASS" start="2024-04-27T05:13:17.564985" elapsed="0.001077"/>
</kw>
<status status="PASS" start="2024-04-27T05:13:17.198171" elapsed="0.368024"/>
</kw>
<doc>Testa o conteúdo específico dos campos retornados pela API.</doc>
<tag>testeConteudo</tag>
<status status="PASS" start="2024-04-27T05:13:17.197667" elapsed="0.368680"/>
</test>
<status status="PASS" start="2024-04-27T05:13:15.532501" elapsed="2.035893"/>
</suite>
<status status="PASS" start="2024-04-27T05:13:15.518612" elapsed="2.054933"/>
</suite>
<statistics>
<total>
<stat pass="5" fail="0" skip="0">All Tests</stat>
</total>
<tag>
<stat pass="1" fail="0" skip="0">testeConteudo</stat>
<stat pass="1" fail="0" skip="0">testeEstruturaResposta</stat>
<stat pass="1" fail="0" skip="0">testeRequisicaoBasica</stat>
<stat pass="1" fail="0" skip="0">testeTiposDados</stat>
</tag>
<suite>
<stat pass="5" fail="0" skip="0" id="s1" name="Tests">Tests</stat>
<stat pass="5" fail="0" skip="0" id="s1-s1" name="Random-User-Test">Tests.Random-User-Test</stat>
</suite>
</statistics>
<errors>
</errors>
</robot>
