<?xml version="1.0" encoding="UTF-8"?>
<robot generator="Robot 7.0.1 (Python 3.12.4 on linux)" generated="2024-07-31T18:20:10.215024" rpa="false" schemaversion="5">
<suite id="s1" name="Tests" source="/home/runner/work/ApiRandomUser/ApiRandomUser/RamdonUser/tests">
<suite id="s1-s1" name="Random-User-Test" source="/home/runner/work/ApiRandomUser/ApiRandomUser/RamdonUser/tests/random-user-test.robot">
<test id="s1-s1-t1" name="Conectar" line="13">
<kw name="Conectar API" owner="random-user-service">
<kw name="Create Session" owner="RequestsLibrary">
<msg time="2024-07-31T18:20:10.731985" level="INFO">Creating Session using : alias=consultarAPI, url=https://randomuser.me/, headers={},                     cookies={}, auth=None, timeout=None, proxies=None, verify=False,                     debug=0 </msg>
<arg>consultarAPI</arg>
<arg>${URL}</arg>
<doc>Create Session: create a HTTP session to a server</doc>
<status status="PASS" start="2024-07-31T18:20:10.731781" elapsed="0.000390"/>
</kw>
<status status="PASS" start="2024-07-31T18:20:10.730666" elapsed="0.001873"/>
</kw>
<status status="PASS" start="2024-07-31T18:20:10.729951" elapsed="0.002785"/>
</test>
<test id="s1-s1-t2" name="Validar retorno 200 e JSON Válido" line="16">
<kw name="Teste de Requisicao Basica" owner="random-user-service">
<kw name="GET On Session" owner="RequestsLibrary">
<msg time="2024-07-31T18:20:10.907765" level="INFO">GET Request : url=https://randomuser.me/api 
 path_url=/api 
 headers={'User-Agent': 'python-requests/2.32.3', 'Accept-Encoding': 'gzip, deflate', 'Accept': '*/*', 'Connection': 'keep-alive'} 
 body=None 
 </msg>
<msg time="2024-07-31T18:20:10.907932" level="INFO">GET Response : url=https://randomuser.me/api 
 status=200, reason=OK 
 headers={'Date': 'Wed, 31 Jul 2024 18:20:10 GMT', 'Content-Type': 'application/json; charset=utf-8', 'Transfer-Encoding': 'chunked', 'Connection': 'keep-alive', 'X-Powered-By': 'Express', 'Access-Control-Allow-Origin': '*', 'Cache-Control': 'no-cache', 'ETag': 'W/"491-fu+ohDOcOvJ3AEV60tycuzlbB/o"', 'Vary': 'Accept-Encoding', 'Content-Encoding': 'gzip', 'CF-Cache-Status': 'DYNAMIC', 'Report-To': '{"endpoints":[{"url":"https:\\/\\/a.nel.cloudflare.com\\/report\\/v4?s=5AWiWxz%2BlFw1gIhRzwzvfd2zJUfj2chgY4oAwb3e4vBArNQTVQE51KAF1gYGwLQ0nIKX%2FShrjJZBcUbwp%2FM5xDWblbtkUWJPykLBvWXorWFd4rkT1eUn18quWYSYW5SO"}],"group":"cf-nel","max_age":604800}', 'NEL': '{"success_fraction":0,"report_to":"cf-nel","max_age":604800}', 'Server': 'cloudflare', 'CF-RAY': '8abf99d7fd25593d-IAD', 'alt-svc': 'h3=":443"; ma=86400'} 
 body={"results":[{"gender":"female","name":{"title":"Ms","first":"Beverley","last":"Sullivan"},"location":{"street":{"number":1673,"name":"Brown Terrace"},"city":"Scurry","state":"North Dakota","country":"United States","postcode":88508,"coordinates":{"latitude":"82.9251","longitude":"2.1120"},"timezone":{"offset":"-10:00","description":"Hawaii"}},"email":"beverley.sullivan@example.com","login":{"uuid":"1ea120da-d47d-45f3-9878-1c36d0bd4a93","username":"lazybutterfly804","password":"insertions","salt":"sCYv8oLF","md5":"3c120f45cc90154bc030d549ebc545c2","sha1":"b608be3cf7406c60304d52f913603edd34be8ee2","sha256":"7f8ec96e7eba9af193ddec87ec7d1d1411db9e6a80720f0571bf0b62f44351ca"},"dob":{"date":"1957-04-22T09:22:09.469Z","age":67},"registered":{"date":"2010-10-05T19:57:22.186Z","age":13},"phone":"(278) 466-2428","cell":"(225) 895-1134","id":{"name":"SSN","value":"272-87-1259"},"picture":{"large":"https://randomuser.me/api/portraits/women/82.jpg","medium":"https://randomuser.me/api/portraits/med/women/82.jpg","thumbnail":"https://randomuser.me/api/portraits/thumb/women/82.jpg"},"nat":"US"}],"info":{"seed":"9a37c6ef3372b349","results":1,"page":1,"version":"1.4"}} 
 </msg>
<msg time="2024-07-31T18:20:10.908025" level="INFO">/opt/hostedtoolcache/Python/3.12.4/x64/lib/python3.12/site-packages/urllib3/connectionpool.py:1099: InsecureRequestWarning: Unverified HTTPS request is being made to host 'randomuser.me'. Adding certificate verification is strongly advised. See: https://urllib3.readthedocs.io/en/latest/advanced-usage.html#tls-warnings
  warnings.warn(</msg>
<msg time="2024-07-31T18:20:10.908181" level="INFO">${response} = &lt;Response [200]&gt;</msg>
<var>${response}</var>
<arg>consultarAPI</arg>
<arg>/api</arg>
<doc>Sends a GET request on a previously created HTTP Session.</doc>
<status status="PASS" start="2024-07-31T18:20:10.735321" elapsed="0.172909"/>
</kw>
<kw name="Should Be Equal As Numbers" owner="BuiltIn">
<msg time="2024-07-31T18:20:10.909222" level="INFO">Argument types are:
&lt;class 'int'&gt;
&lt;class 'str'&gt;</msg>
<arg>${response.status_code}</arg>
<arg>200</arg>
<doc>Fails if objects are unequal after converting them to real numbers.</doc>
<status status="PASS" start="2024-07-31T18:20:10.908761" elapsed="0.000526"/>
</kw>
<kw name="Log" owner="BuiltIn">
<msg time="2024-07-31T18:20:10.909960" level="INFO">200</msg>
<arg>${response.status_code}</arg>
<doc>Logs the given message with the given level.</doc>
<status status="PASS" start="2024-07-31T18:20:10.909600" elapsed="0.000403"/>
</kw>
<kw name="Set Variable" owner="BuiltIn">
<msg time="2024-07-31T18:20:10.910784" level="INFO">${json_data} = {'results': [{'gender': 'female', 'name': {'title': 'Ms', 'first': 'Beverley', 'last': 'Sullivan'}, 'location': {'street': {'number': 1673, 'name': 'Brown Terrace'}, 'city': 'Scurry', 'state': 'North ...</msg>
<var>${json_data}</var>
<arg>${response.json()}</arg>
<doc>Returns the given values which can then be assigned to a variables.</doc>
<status status="PASS" start="2024-07-31T18:20:10.910305" elapsed="0.000507"/>
</kw>
<kw name="Dictionary Should Contain Key" owner="Collections">
<arg>${json_data}</arg>
<arg>results</arg>
<doc>Fails if ``key`` is not found from ``dictionary``.</doc>
<status status="PASS" start="2024-07-31T18:20:10.911118" elapsed="0.000329"/>
</kw>
<status status="PASS" start="2024-07-31T18:20:10.735081" elapsed="0.176520"/>
</kw>
<doc>Testa se a API responde corretamente e retorna um objeto JSON válido.</doc>
<tag>testeRequisicaoBasica</tag>
<status status="PASS" start="2024-07-31T18:20:10.734623" elapsed="0.177153"/>
</test>
<test id="s1-s1-t3" name="Validar estrutura de resposta" line="22">
<kw name="Teste de Estrutura de Resposta" owner="random-user-service">
<kw name="GET On Session" owner="RequestsLibrary">
<msg time="2024-07-31T18:20:11.055233" level="INFO">GET Request : url=https://randomuser.me/api 
 path_url=/api 
 headers={'User-Agent': 'python-requests/2.32.3', 'Accept-Encoding': 'gzip, deflate', 'Accept': '*/*', 'Connection': 'keep-alive'} 
 body=None 
 </msg>
<msg time="2024-07-31T18:20:11.055335" level="INFO">GET Response : url=https://randomuser.me/api 
 status=200, reason=OK 
 headers={'Date': 'Wed, 31 Jul 2024 18:20:11 GMT', 'Content-Type': 'application/json; charset=utf-8', 'Transfer-Encoding': 'chunked', 'Connection': 'keep-alive', 'X-Powered-By': 'Express', 'Access-Control-Allow-Origin': '*', 'Cache-Control': 'no-cache', 'ETag': 'W/"496-yy3Ao7GiXC7lNxufR7i3bY8+imA"', 'Vary': 'Accept-Encoding', 'Content-Encoding': 'gzip', 'CF-Cache-Status': 'DYNAMIC', 'Report-To': '{"endpoints":[{"url":"https:\\/\\/a.nel.cloudflare.com\\/report\\/v4?s=5bJJApcVhpbsRrGDOa3biWSsNq6VrEH4SWsNhv2HVfi%2BVkF0EjkBfbNfAQPEsSFhjt3P6ZHa%2FL2JdjHqpGTPBB8gm82X6QKEcjMMPDMBkcx2AuPcSr4MQQQtbV67hwpA"}],"group":"cf-nel","max_age":604800}', 'NEL': '{"success_fraction":0,"report_to":"cf-nel","max_age":604800}', 'Server': 'cloudflare', 'CF-RAY': '8abf99d83d4f593d-IAD', 'alt-svc': 'h3=":443"; ma=86400'} 
 body={"results":[{"gender":"female","name":{"title":"Miss","first":"Lolita","last":"Grushkevich"},"location":{"street":{"number":3116,"name":"Levandivska"},"city":"Mikolayiv","state":"Hmelnicka","country":"Ukraine","postcode":48641,"coordinates":{"latitude":"77.4681","longitude":"40.9862"},"timezone":{"offset":"+5:30","description":"Bombay, Calcutta, Madras, New Delhi"}},"email":"lolita.grushkevich@example.com","login":{"uuid":"733b478e-6faf-4539-9935-2601c33eb7aa","username":"goldendog480","password":"chewie","salt":"9P0tmJgK","md5":"87983b7f67c595836ef19d6f06ae6aab","sha1":"f1fe31618bf05be30405f35f47ce1074326b3e00","sha256":"55bf44615eff517bfc211aea2f666801da865e88bd5cbfeca8e19a874d4a9c1a"},"dob":{"date":"1947-04-27T04:05:23.874Z","age":77},"registered":{"date":"2003-09-09T22:40:14.224Z","age":20},"phone":"(067) E87-4667","cell":"(097) X70-7801","id":{"name":"","value":null},"picture":{"large":"https://randomuser.me/api/portraits/women/73.jpg","medium":"https://randomuser.me/api/portraits/med/women/73.jpg","thumbnail":"https://randomuser.me/api/portraits/thumb/women/73.jpg"},"nat":"UA"}],"info":{"seed":"4507caef65a6cf91","results":1,"page":1,"version":"1.4"}} 
 </msg>
<msg time="2024-07-31T18:20:11.055466" level="INFO">/opt/hostedtoolcache/Python/3.12.4/x64/lib/python3.12/site-packages/urllib3/connectionpool.py:1099: InsecureRequestWarning: Unverified HTTPS request is being made to host 'randomuser.me'. Adding certificate verification is strongly advised. See: https://urllib3.readthedocs.io/en/latest/advanced-usage.html#tls-warnings
  warnings.warn(</msg>
<msg time="2024-07-31T18:20:11.055598" level="INFO">${response} = &lt;Response [200]&gt;</msg>
<var>${response}</var>
<arg>consultarAPI</arg>
<arg>/api</arg>
<doc>Sends a GET request on a previously created HTTP Session.</doc>
<status status="PASS" start="2024-07-31T18:20:10.914298" elapsed="0.141340"/>
</kw>
<kw name="Set Variable" owner="BuiltIn">
<msg time="2024-07-31T18:20:11.056639" level="INFO">${json_data} = {'results': [{'gender': 'female', 'name': {'title': 'Miss', 'first': 'Lolita', 'last': 'Grushkevich'}, 'location': {'street': {'number': 3116, 'name': 'Levandivska'}, 'city': 'Mikolayiv', 'state': 'Hm...</msg>
<var>${json_data}</var>
<arg>${response.json()}</arg>
<doc>Returns the given values which can then be assigned to a variables.</doc>
<status status="PASS" start="2024-07-31T18:20:11.056131" elapsed="0.000536"/>
</kw>
<kw name="Log" owner="BuiltIn">
<msg time="2024-07-31T18:20:11.057134" level="INFO">{'results': [{'gender': 'female', 'name': {'title': 'Miss', 'first': 'Lolita', 'last': 'Grushkevich'}, 'location': {'street': {'number': 3116, 'name': 'Levandivska'}, 'city': 'Mikolayiv', 'state': 'Hmelnicka', 'country': 'Ukraine', 'postcode': 48641, 'coordinates': {'latitude': '77.4681', 'longitude': '40.9862'}, 'timezone': {'offset': '+5:30', 'description': 'Bombay, Calcutta, Madras, New Delhi'}}, 'email': 'lolita.grushkevich@example.com', 'login': {'uuid': '733b478e-6faf-4539-9935-2601c33eb7aa', 'username': 'goldendog480', 'password': 'chewie', 'salt': '9P0tmJgK', 'md5': '87983b7f67c595836ef19d6f06ae6aab', 'sha1': 'f1fe31618bf05be30405f35f47ce1074326b3e00', 'sha256': '55bf44615eff517bfc211aea2f666801da865e88bd5cbfeca8e19a874d4a9c1a'}, 'dob': {'date': '1947-04-27T04:05:23.874Z', 'age': 77}, 'registered': {'date': '2003-09-09T22:40:14.224Z', 'age': 20}, 'phone': '(067) E87-4667', 'cell': '(097) X70-7801', 'id': {'name': '', 'value': None}, 'picture': {'large': 'https://randomuser.me/api/portraits/women/73.jpg', 'medium': 'https://randomuser.me/api/portraits/med/women/73.jpg', 'thumbnail': 'https://randomuser.me/api/portraits/thumb/women/73.jpg'}, 'nat': 'UA'}], 'info': {'seed': '4507caef65a6cf91', 'results': 1, 'page': 1, 'version': '1.4'}}</msg>
<arg>${json_data}</arg>
<doc>Logs the given message with the given level.</doc>
<status status="PASS" start="2024-07-31T18:20:11.056970" elapsed="0.000211"/>
</kw>
<kw name="Dictionary Should Contain Key" owner="Collections">
<arg>${json_data}</arg>
<arg>results</arg>
<doc>Fails if ``key`` is not found from ``dictionary``.</doc>
<status status="PASS" start="2024-07-31T18:20:11.057472" elapsed="0.000161"/>
</kw>
<kw name="Should Not Be Empty" owner="BuiltIn">
<msg time="2024-07-31T18:20:11.057937" level="INFO">Length is 2.</msg>
<arg>${json_data}</arg>
<doc>Verifies that the given item is not empty.</doc>
<status status="PASS" start="2024-07-31T18:20:11.057811" elapsed="0.000162"/>
</kw>
<kw name="Create List" owner="BuiltIn">
<msg time="2024-07-31T18:20:11.058403" level="INFO">${expected_keys} = ['gender', 'name', 'location', 'email', 'login']</msg>
<var>${expected_keys}</var>
<arg>gender</arg>
<arg>name</arg>
<arg>location</arg>
<arg>email</arg>
<arg>login</arg>
<doc>Returns a list containing given items.</doc>
<status status="PASS" start="2024-07-31T18:20:11.058255" elapsed="0.000202"/>
</kw>
<for flavor="IN">
<iter>
<kw name="Dictionary Should Contain Key" owner="Collections">
<arg>${json_data['results'][0]}</arg>
<arg>${key}</arg>
<doc>Fails if ``key`` is not found from ``dictionary``.</doc>
<status status="PASS" start="2024-07-31T18:20:11.059061" elapsed="0.000403"/>
</kw>
<kw name="Log" owner="BuiltIn">
<msg time="2024-07-31T18:20:11.059992" level="INFO">{'gender': 'female', 'name': {'title': 'Miss', 'first': 'Lolita', 'last': 'Grushkevich'}, 'location': {'street': {'number': 3116, 'name': 'Levandivska'}, 'city': 'Mikolayiv', 'state': 'Hmelnicka', 'country': 'Ukraine', 'postcode': 48641, 'coordinates': {'latitude': '77.4681', 'longitude': '40.9862'}, 'timezone': {'offset': '+5:30', 'description': 'Bombay, Calcutta, Madras, New Delhi'}}, 'email': 'lolita.grushkevich@example.com', 'login': {'uuid': '733b478e-6faf-4539-9935-2601c33eb7aa', 'username': 'goldendog480', 'password': 'chewie', 'salt': '9P0tmJgK', 'md5': '87983b7f67c595836ef19d6f06ae6aab', 'sha1': 'f1fe31618bf05be30405f35f47ce1074326b3e00', 'sha256': '55bf44615eff517bfc211aea2f666801da865e88bd5cbfeca8e19a874d4a9c1a'}, 'dob': {'date': '1947-04-27T04:05:23.874Z', 'age': 77}, 'registered': {'date': '2003-09-09T22:40:14.224Z', 'age': 20}, 'phone': '(067) E87-4667', 'cell': '(097) X70-7801', 'id': {'name': '', 'value': None}, 'picture': {'large': 'https://randomuser.me/api/portraits/women/73.jpg', 'medium': 'https://randomuser.me/api/portraits/med/women/73.jpg', 'thumbnail': 'https://randomuser.me/api/portraits/thumb/women/73.jpg'}, 'nat': 'UA'}</msg>
<arg>${json_data['results'][0]}</arg>
<doc>Logs the given message with the given level.</doc>
<status status="PASS" start="2024-07-31T18:20:11.059644" elapsed="0.000397"/>
</kw>
<kw name="Log" owner="BuiltIn">
<msg time="2024-07-31T18:20:11.060466" level="INFO">gender</msg>
<arg>${key}</arg>
<doc>Logs the given message with the given level.</doc>
<status status="PASS" start="2024-07-31T18:20:11.060338" elapsed="0.000166"/>
</kw>
<var name="${key}">gender</var>
<status status="PASS" start="2024-07-31T18:20:11.058935" elapsed="0.001784"/>
</iter>
<iter>
<kw name="Dictionary Should Contain Key" owner="Collections">
<arg>${json_data['results'][0]}</arg>
<arg>${key}</arg>
<doc>Fails if ``key`` is not found from ``dictionary``.</doc>
<status status="PASS" start="2024-07-31T18:20:11.061007" elapsed="0.000384"/>
</kw>
<kw name="Log" owner="BuiltIn">
<msg time="2024-07-31T18:20:11.061920" level="INFO">{'gender': 'female', 'name': {'title': 'Miss', 'first': 'Lolita', 'last': 'Grushkevich'}, 'location': {'street': {'number': 3116, 'name': 'Levandivska'}, 'city': 'Mikolayiv', 'state': 'Hmelnicka', 'country': 'Ukraine', 'postcode': 48641, 'coordinates': {'latitude': '77.4681', 'longitude': '40.9862'}, 'timezone': {'offset': '+5:30', 'description': 'Bombay, Calcutta, Madras, New Delhi'}}, 'email': 'lolita.grushkevich@example.com', 'login': {'uuid': '733b478e-6faf-4539-9935-2601c33eb7aa', 'username': 'goldendog480', 'password': 'chewie', 'salt': '9P0tmJgK', 'md5': '87983b7f67c595836ef19d6f06ae6aab', 'sha1': 'f1fe31618bf05be30405f35f47ce1074326b3e00', 'sha256': '55bf44615eff517bfc211aea2f666801da865e88bd5cbfeca8e19a874d4a9c1a'}, 'dob': {'date': '1947-04-27T04:05:23.874Z', 'age': 77}, 'registered': {'date': '2003-09-09T22:40:14.224Z', 'age': 20}, 'phone': '(067) E87-4667', 'cell': '(097) X70-7801', 'id': {'name': '', 'value': None}, 'picture': {'large': 'https://randomuser.me/api/portraits/women/73.jpg', 'medium': 'https://randomuser.me/api/portraits/med/women/73.jpg', 'thumbnail': 'https://randomuser.me/api/portraits/thumb/women/73.jpg'}, 'nat': 'UA'}</msg>
<arg>${json_data['results'][0]}</arg>
<doc>Logs the given message with the given level.</doc>
<status status="PASS" start="2024-07-31T18:20:11.061570" elapsed="0.000429"/>
</kw>
<kw name="Log" owner="BuiltIn">
<msg time="2024-07-31T18:20:11.062419" level="INFO">name</msg>
<arg>${key}</arg>
<doc>Logs the given message with the given level.</doc>
<status status="PASS" start="2024-07-31T18:20:11.062294" elapsed="0.000193"/>
</kw>
<var name="${key}">name</var>
<status status="PASS" start="2024-07-31T18:20:11.060899" elapsed="0.001809"/>
</iter>
<iter>
<kw name="Dictionary Should Contain Key" owner="Collections">
<arg>${json_data['results'][0]}</arg>
<arg>${key}</arg>
<doc>Fails if ``key`` is not found from ``dictionary``.</doc>
<status status="PASS" start="2024-07-31T18:20:11.062988" elapsed="0.000373"/>
</kw>
<kw name="Log" owner="BuiltIn">
<msg time="2024-07-31T18:20:11.063896" level="INFO">{'gender': 'female', 'name': {'title': 'Miss', 'first': 'Lolita', 'last': 'Grushkevich'}, 'location': {'street': {'number': 3116, 'name': 'Levandivska'}, 'city': 'Mikolayiv', 'state': 'Hmelnicka', 'country': 'Ukraine', 'postcode': 48641, 'coordinates': {'latitude': '77.4681', 'longitude': '40.9862'}, 'timezone': {'offset': '+5:30', 'description': 'Bombay, Calcutta, Madras, New Delhi'}}, 'email': 'lolita.grushkevich@example.com', 'login': {'uuid': '733b478e-6faf-4539-9935-2601c33eb7aa', 'username': 'goldendog480', 'password': 'chewie', 'salt': '9P0tmJgK', 'md5': '87983b7f67c595836ef19d6f06ae6aab', 'sha1': 'f1fe31618bf05be30405f35f47ce1074326b3e00', 'sha256': '55bf44615eff517bfc211aea2f666801da865e88bd5cbfeca8e19a874d4a9c1a'}, 'dob': {'date': '1947-04-27T04:05:23.874Z', 'age': 77}, 'registered': {'date': '2003-09-09T22:40:14.224Z', 'age': 20}, 'phone': '(067) E87-4667', 'cell': '(097) X70-7801', 'id': {'name': '', 'value': None}, 'picture': {'large': 'https://randomuser.me/api/portraits/women/73.jpg', 'medium': 'https://randomuser.me/api/portraits/med/women/73.jpg', 'thumbnail': 'https://randomuser.me/api/portraits/thumb/women/73.jpg'}, 'nat': 'UA'}</msg>
<arg>${json_data['results'][0]}</arg>
<doc>Logs the given message with the given level.</doc>
<status status="PASS" start="2024-07-31T18:20:11.063546" elapsed="0.000398"/>
</kw>
<kw name="Log" owner="BuiltIn">
<msg time="2024-07-31T18:20:11.064366" level="INFO">location</msg>
<arg>${key}</arg>
<doc>Logs the given message with the given level.</doc>
<status status="PASS" start="2024-07-31T18:20:11.064241" elapsed="0.000162"/>
</kw>
<var name="${key}">location</var>
<status status="PASS" start="2024-07-31T18:20:11.062883" elapsed="0.001734"/>
</iter>
<iter>
<kw name="Dictionary Should Contain Key" owner="Collections">
<arg>${json_data['results'][0]}</arg>
<arg>${key}</arg>
<doc>Fails if ``key`` is not found from ``dictionary``.</doc>
<status status="PASS" start="2024-07-31T18:20:11.064891" elapsed="0.000377"/>
</kw>
<kw name="Log" owner="BuiltIn">
<msg time="2024-07-31T18:20:11.065924" level="INFO">{'gender': 'female', 'name': {'title': 'Miss', 'first': 'Lolita', 'last': 'Grushkevich'}, 'location': {'street': {'number': 3116, 'name': 'Levandivska'}, 'city': 'Mikolayiv', 'state': 'Hmelnicka', 'country': 'Ukraine', 'postcode': 48641, 'coordinates': {'latitude': '77.4681', 'longitude': '40.9862'}, 'timezone': {'offset': '+5:30', 'description': 'Bombay, Calcutta, Madras, New Delhi'}}, 'email': 'lolita.grushkevich@example.com', 'login': {'uuid': '733b478e-6faf-4539-9935-2601c33eb7aa', 'username': 'goldendog480', 'password': 'chewie', 'salt': '9P0tmJgK', 'md5': '87983b7f67c595836ef19d6f06ae6aab', 'sha1': 'f1fe31618bf05be30405f35f47ce1074326b3e00', 'sha256': '55bf44615eff517bfc211aea2f666801da865e88bd5cbfeca8e19a874d4a9c1a'}, 'dob': {'date': '1947-04-27T04:05:23.874Z', 'age': 77}, 'registered': {'date': '2003-09-09T22:40:14.224Z', 'age': 20}, 'phone': '(067) E87-4667', 'cell': '(097) X70-7801', 'id': {'name': '', 'value': None}, 'picture': {'large': 'https://randomuser.me/api/portraits/women/73.jpg', 'medium': 'https://randomuser.me/api/portraits/med/women/73.jpg', 'thumbnail': 'https://randomuser.me/api/portraits/thumb/women/73.jpg'}, 'nat': 'UA'}</msg>
<arg>${json_data['results'][0]}</arg>
<doc>Logs the given message with the given level.</doc>
<status status="PASS" start="2024-07-31T18:20:11.065572" elapsed="0.000409"/>
</kw>
<kw name="Log" owner="BuiltIn">
<msg time="2024-07-31T18:20:11.066401" level="INFO">email</msg>
<arg>${key}</arg>
<doc>Logs the given message with the given level.</doc>
<status status="PASS" start="2024-07-31T18:20:11.066273" elapsed="0.000198"/>
</kw>
<var name="${key}">email</var>
<status status="PASS" start="2024-07-31T18:20:11.064788" elapsed="0.001907"/>
</iter>
<iter>
<kw name="Dictionary Should Contain Key" owner="Collections">
<arg>${json_data['results'][0]}</arg>
<arg>${key}</arg>
<doc>Fails if ``key`` is not found from ``dictionary``.</doc>
<status status="PASS" start="2024-07-31T18:20:11.066972" elapsed="0.000372"/>
</kw>
<kw name="Log" owner="BuiltIn">
<msg time="2024-07-31T18:20:11.067864" level="INFO">{'gender': 'female', 'name': {'title': 'Miss', 'first': 'Lolita', 'last': 'Grushkevich'}, 'location': {'street': {'number': 3116, 'name': 'Levandivska'}, 'city': 'Mikolayiv', 'state': 'Hmelnicka', 'country': 'Ukraine', 'postcode': 48641, 'coordinates': {'latitude': '77.4681', 'longitude': '40.9862'}, 'timezone': {'offset': '+5:30', 'description': 'Bombay, Calcutta, Madras, New Delhi'}}, 'email': 'lolita.grushkevich@example.com', 'login': {'uuid': '733b478e-6faf-4539-9935-2601c33eb7aa', 'username': 'goldendog480', 'password': 'chewie', 'salt': '9P0tmJgK', 'md5': '87983b7f67c595836ef19d6f06ae6aab', 'sha1': 'f1fe31618bf05be30405f35f47ce1074326b3e00', 'sha256': '55bf44615eff517bfc211aea2f666801da865e88bd5cbfeca8e19a874d4a9c1a'}, 'dob': {'date': '1947-04-27T04:05:23.874Z', 'age': 77}, 'registered': {'date': '2003-09-09T22:40:14.224Z', 'age': 20}, 'phone': '(067) E87-4667', 'cell': '(097) X70-7801', 'id': {'name': '', 'value': None}, 'picture': {'large': 'https://randomuser.me/api/portraits/women/73.jpg', 'medium': 'https://randomuser.me/api/portraits/med/women/73.jpg', 'thumbnail': 'https://randomuser.me/api/portraits/thumb/women/73.jpg'}, 'nat': 'UA'}</msg>
<arg>${json_data['results'][0]}</arg>
<doc>Logs the given message with the given level.</doc>
<status status="PASS" start="2024-07-31T18:20:11.067524" elapsed="0.000396"/>
</kw>
<kw name="Log" owner="BuiltIn">
<msg time="2024-07-31T18:20:11.068329" level="INFO">login</msg>
<arg>${key}</arg>
<doc>Logs the given message with the given level.</doc>
<status status="PASS" start="2024-07-31T18:20:11.068205" elapsed="0.000159"/>
</kw>
<var name="${key}">login</var>
<status status="PASS" start="2024-07-31T18:20:11.066865" elapsed="0.001717"/>
</iter>
<var>${key}</var>
<value>@{expected_keys}</value>
<status status="PASS" start="2024-07-31T18:20:11.058742" elapsed="0.009960"/>
</for>
<kw name="Create List" owner="BuiltIn">
<msg time="2024-07-31T18:20:11.069029" level="INFO">${expected_keysTwo} = ['username', 'password']</msg>
<var>${expected_keysTwo}</var>
<arg>username</arg>
<arg>password</arg>
<doc>Returns a list containing given items.</doc>
<status status="PASS" start="2024-07-31T18:20:11.068892" elapsed="0.000188"/>
</kw>
<for flavor="IN">
<iter>
<kw name="Dictionary Should Contain Key" owner="Collections">
<arg>${json_data['results'][0]['login']}</arg>
<arg>${keyTwo}</arg>
<doc>Fails if ``key`` is not found from ``dictionary``.</doc>
<status status="PASS" start="2024-07-31T18:20:11.069578" elapsed="0.000378"/>
</kw>
<kw name="Dictionary Should Contain Key" owner="Collections">
<arg>${json_data['results'][0]['login']}</arg>
<arg>${keyTwo}</arg>
<doc>Fails if ``key`` is not found from ``dictionary``.</doc>
<status status="PASS" start="2024-07-31T18:20:11.070132" elapsed="0.000387"/>
</kw>
<kw name="Log" owner="BuiltIn">
<msg time="2024-07-31T18:20:11.070812" level="INFO">username</msg>
<arg>${keyTwo}</arg>
<doc>Logs the given message with the given level.</doc>
<status status="PASS" start="2024-07-31T18:20:11.070693" elapsed="0.000156"/>
</kw>
<var name="${keyTwo}">username</var>
<status status="PASS" start="2024-07-31T18:20:11.069473" elapsed="0.001591"/>
</iter>
<iter>
<kw name="Dictionary Should Contain Key" owner="Collections">
<arg>${json_data['results'][0]['login']}</arg>
<arg>${keyTwo}</arg>
<doc>Fails if ``key`` is not found from ``dictionary``.</doc>
<status status="PASS" start="2024-07-31T18:20:11.071343" elapsed="0.000370"/>
</kw>
<kw name="Dictionary Should Contain Key" owner="Collections">
<arg>${json_data['results'][0]['login']}</arg>
<arg>${keyTwo}</arg>
<doc>Fails if ``key`` is not found from ``dictionary``.</doc>
<status status="PASS" start="2024-07-31T18:20:11.071887" elapsed="0.000369"/>
</kw>
<kw name="Log" owner="BuiltIn">
<msg time="2024-07-31T18:20:11.072547" level="INFO">password</msg>
<arg>${keyTwo}</arg>
<doc>Logs the given message with the given level.</doc>
<status status="PASS" start="2024-07-31T18:20:11.072424" elapsed="0.000161"/>
</kw>
<var name="${keyTwo}">password</var>
<status status="PASS" start="2024-07-31T18:20:11.071235" elapsed="0.001565"/>
</iter>
<var>${keyTwo}</var>
<value>@{expected_keysTwo}</value>
<status status="PASS" start="2024-07-31T18:20:11.069324" elapsed="0.003596"/>
</for>
<status status="PASS" start="2024-07-31T18:20:10.914066" elapsed="0.158992"/>
</kw>
<doc>Testa a estrutura da resposta da API.</doc>
<tag>testeEstruturaResposta</tag>
<status status="PASS" start="2024-07-31T18:20:10.913558" elapsed="0.159656"/>
</test>
<test id="s1-s1-t4" name="Validar tipos de dados" line="28">
<kw name="Teste de Tipos de Dados" owner="random-user-service">
<kw name="GET On Session" owner="RequestsLibrary">
<msg time="2024-07-31T18:20:11.132817" level="INFO">GET Request : url=https://randomuser.me/api 
 path_url=/api 
 headers={'User-Agent': 'python-requests/2.32.3', 'Accept-Encoding': 'gzip, deflate', 'Accept': '*/*', 'Connection': 'keep-alive'} 
 body=None 
 </msg>
<msg time="2024-07-31T18:20:11.132899" level="INFO">GET Response : url=https://randomuser.me/api 
 status=200, reason=OK 
 headers={'Date': 'Wed, 31 Jul 2024 18:20:11 GMT', 'Content-Type': 'application/json; charset=utf-8', 'Transfer-Encoding': 'chunked', 'Connection': 'keep-alive', 'X-Powered-By': 'Express', 'Access-Control-Allow-Origin': '*', 'Cache-Control': 'no-cache', 'ETag': 'W/"4ad-yYb02K7GBfTfLCUoKuIcBUghKoc"', 'Vary': 'Accept-Encoding', 'Content-Encoding': 'gzip', 'CF-Cache-Status': 'DYNAMIC', 'Report-To': '{"endpoints":[{"url":"https:\\/\\/a.nel.cloudflare.com\\/report\\/v4?s=zEf2ZuVQcU7s0XTHNoIYwXstC%2FnoavKzrtTJwk8HSiRWu%2B5qLwjotOBxNmHi0MydSBKrX8X0YKAOWrpdkx5zkU7f06w9gwJCzY%2BjdyOf%2Fau13ZA%2BLmFbsS3XoMAOkkJG"}],"group":"cf-nel","max_age":604800}', 'NEL': '{"success_fraction":0,"report_to":"cf-nel","max_age":604800}', 'Server': 'cloudflare', 'CF-RAY': '8abf99d94df7593d-IAD', 'alt-svc': 'h3=":443"; ma=86400'} 
 body={"results":[{"gender":"female","name":{"title":"Mrs","first":"Katrina","last":"Lawrence"},"location":{"street":{"number":1786,"name":"Cackson St"},"city":"Queanbeyan","state":"Australian Capital Territory","country":"Australia","postcode":5770,"coordinates":{"latitude":"-85.0579","longitude":"98.6066"},"timezone":{"offset":"+10:00","description":"Eastern Australia, Guam, Vladivostok"}},"email":"katrina.lawrence@example.com","login":{"uuid":"888f21b0-ee99-4a3e-b30c-3d7b029f7a22","username":"silverduck886","password":"1qazxsw2","salt":"5KKNn5Cn","md5":"2aeda5490f2ab99db4323bc65ff38097","sha1":"9b52cd5fa2ffb2937ac36fe4171d8429928abc94","sha256":"b73a92aa2b6eac7ced31bae369414aaaa6b0dddfa06cf429beab3d37e04e64cd"},"dob":{"date":"1972-08-13T05:23:37.369Z","age":51},"registered":{"date":"2017-04-06T07:09:53.288Z","age":7},"phone":"01-6946-1108","cell":"0462-825-673","id":{"name":"TFN","value":"704772891"},"picture":{"large":"https://randomuser.me/api/portraits/women/0.jpg","medium":"https://randomuser.me/api/portraits/med/women/0.jpg","thumbnail":"https://randomuser.me/api/portraits/thumb/women/0.jpg"},"nat":"AU"}],"info":{"seed":"dc95719943a3c5dd","results":1,"page":1,"version":"1.4"}} 
 </msg>
<msg time="2024-07-31T18:20:11.132964" level="INFO">/opt/hostedtoolcache/Python/3.12.4/x64/lib/python3.12/site-packages/urllib3/connectionpool.py:1099: InsecureRequestWarning: Unverified HTTPS request is being made to host 'randomuser.me'. Adding certificate verification is strongly advised. See: https://urllib3.readthedocs.io/en/latest/advanced-usage.html#tls-warnings
  warnings.warn(</msg>
<msg time="2024-07-31T18:20:11.133076" level="INFO">${response} = &lt;Response [200]&gt;</msg>
<var>${response}</var>
<arg>consultarAPI</arg>
<arg>/api</arg>
<doc>Sends a GET request on a previously created HTTP Session.</doc>
<status status="PASS" start="2024-07-31T18:20:11.075670" elapsed="0.057447"/>
</kw>
<kw name="Set Variable" owner="BuiltIn">
<msg time="2024-07-31T18:20:11.134253" level="INFO">${json_data} = {'results': [{'gender': 'female', 'name': {'title': 'Mrs', 'first': 'Katrina', 'last': 'Lawrence'}, 'location': {'street': {'number': 1786, 'name': 'Cackson St'}, 'city': 'Queanbeyan', 'state': 'Austr...</msg>
<var>${json_data}</var>
<arg>${response.json()}</arg>
<doc>Returns the given values which can then be assigned to a variables.</doc>
<status status="PASS" start="2024-07-31T18:20:11.133680" elapsed="0.000601"/>
</kw>
<kw name="Log" owner="BuiltIn">
<msg time="2024-07-31T18:20:11.134784" level="INFO">{'results': [{'gender': 'female', 'name': {'title': 'Mrs', 'first': 'Katrina', 'last': 'Lawrence'}, 'location': {'street': {'number': 1786, 'name': 'Cackson St'}, 'city': 'Queanbeyan', 'state': 'Australian Capital Territory', 'country': 'Australia', 'postcode': 5770, 'coordinates': {'latitude': '-85.0579', 'longitude': '98.6066'}, 'timezone': {'offset': '+10:00', 'description': 'Eastern Australia, Guam, Vladivostok'}}, 'email': 'katrina.lawrence@example.com', 'login': {'uuid': '888f21b0-ee99-4a3e-b30c-3d7b029f7a22', 'username': 'silverduck886', 'password': '1qazxsw2', 'salt': '5KKNn5Cn', 'md5': '2aeda5490f2ab99db4323bc65ff38097', 'sha1': '9b52cd5fa2ffb2937ac36fe4171d8429928abc94', 'sha256': 'b73a92aa2b6eac7ced31bae369414aaaa6b0dddfa06cf429beab3d37e04e64cd'}, 'dob': {'date': '1972-08-13T05:23:37.369Z', 'age': 51}, 'registered': {'date': '2017-04-06T07:09:53.288Z', 'age': 7}, 'phone': '01-6946-1108', 'cell': '0462-825-673', 'id': {'name': 'TFN', 'value': '704772891'}, 'picture': {'large': 'https://randomuser.me/api/portraits/women/0.jpg', 'medium': 'https://randomuser.me/api/portraits/med/women/0.jpg', 'thumbnail': 'https://randomuser.me/api/portraits/thumb/women/0.jpg'}, 'nat': 'AU'}], 'info': {'seed': 'dc95719943a3c5dd', 'results': 1, 'page': 1, 'version': '1.4'}}</msg>
<arg>${json_data}</arg>
<doc>Logs the given message with the given level.</doc>
<status status="PASS" start="2024-07-31T18:20:11.134624" elapsed="0.000208"/>
</kw>
<kw name="Should Be String" owner="String">
<arg>${json_data['results'][0]['gender']}</arg>
<doc>Fails if the given ``item`` is not a string.</doc>
<status status="PASS" start="2024-07-31T18:20:11.135124" elapsed="0.000364"/>
</kw>
<kw name="Should Match Regexp" owner="BuiltIn">
<arg>${json_data['results'][0]['email']}</arg>
<arg>^[a-zA-Z0-9._%+-]+@[a-zA-Z0-9.-]+\.[a-zA-Z]{2,}$</arg>
<doc>Fails if ``string`` does not match ``pattern`` as a regular expression.</doc>
<status status="PASS" start="2024-07-31T18:20:11.135711" elapsed="0.000516"/>
</kw>
<kw name="Should Match Regexp" owner="BuiltIn">
<arg>${json_data['results'][0]['dob']['date']}</arg>
<arg>\\d{4}-\\d{2}-\\d{2}T\\d{2}:\\d{2}:\\d{2}\\.\\d{3}Z</arg>
<doc>Fails if ``string`` does not match ``pattern`` as a regular expression.</doc>
<status status="PASS" start="2024-07-31T18:20:11.136419" elapsed="0.000620"/>
</kw>
<kw name="Should Match Regexp" owner="BuiltIn">
<arg>${json_data['results'][0]['registered']['date']}</arg>
<arg>\\d{4}-\\d{2}-\\d{2}T\\d{2}:\\d{2}:\\d{2}\\.\\d{3}Z</arg>
<doc>Fails if ``string`` does not match ``pattern`` as a regular expression.</doc>
<status status="PASS" start="2024-07-31T18:20:11.137231" elapsed="0.000367"/>
</kw>
<kw name="Should Match Regexp" owner="BuiltIn">
<arg>${json_data['results'][0]['picture']['large']}</arg>
<arg>^https?://.*\.(?:png|jpe?g|gif|bmp)$</arg>
<doc>Fails if ``string`` does not match ``pattern`` as a regular expression.</doc>
<status status="PASS" start="2024-07-31T18:20:11.137781" elapsed="0.000453"/>
</kw>
<kw name="Should Match Regexp" owner="BuiltIn">
<arg>${json_data['results'][0]['picture']['medium']}</arg>
<arg>^https?://.*\.(?:png|jpe?g|gif|bmp)$</arg>
<doc>Fails if ``string`` does not match ``pattern`` as a regular expression.</doc>
<status status="PASS" start="2024-07-31T18:20:11.138418" elapsed="0.000385"/>
</kw>
<kw name="Should Match Regexp" owner="BuiltIn">
<arg>${json_data['results'][0]['picture']['thumbnail']}</arg>
<arg>^https?://.*\.(?:png|jpe?g|gif|bmp)$</arg>
<doc>Fails if ``string`` does not match ``pattern`` as a regular expression.</doc>
<status status="PASS" start="2024-07-31T18:20:11.138986" elapsed="0.000347"/>
</kw>
<kw name="Log" owner="BuiltIn">
<msg time="2024-07-31T18:20:11.139833" level="INFO">{'large': 'https://randomuser.me/api/portraits/women/0.jpg', 'medium': 'https://randomuser.me/api/portraits/med/women/0.jpg', 'thumbnail': 'https://randomuser.me/api/portraits/thumb/women/0.jpg'}</msg>
<arg>${json_data['results'][0]['picture']}</arg>
<doc>Logs the given message with the given level.</doc>
<status status="PASS" start="2024-07-31T18:20:11.139513" elapsed="0.000361"/>
</kw>
<status status="PASS" start="2024-07-31T18:20:11.075444" elapsed="0.064687"/>
</kw>
<kw name="Teste de Tipos de Dados - Postcode" owner="random-user-service">
<kw name="GET On Session" owner="RequestsLibrary">
<msg time="2024-07-31T18:20:11.219987" level="INFO">GET Request : url=https://randomuser.me/api 
 path_url=/api 
 headers={'User-Agent': 'python-requests/2.32.3', 'Accept-Encoding': 'gzip, deflate', 'Accept': '*/*', 'Connection': 'keep-alive'} 
 body=None 
 </msg>
<msg time="2024-07-31T18:20:11.220060" level="INFO">GET Response : url=https://randomuser.me/api 
 status=200, reason=OK 
 headers={'Date': 'Wed, 31 Jul 2024 18:20:11 GMT', 'Content-Type': 'application/json; charset=utf-8', 'Transfer-Encoding': 'chunked', 'Connection': 'keep-alive', 'X-Powered-By': 'Express', 'Access-Control-Allow-Origin': '*', 'Cache-Control': 'no-cache', 'ETag': 'W/"470-fjZiGJwHdwwkEUFAuSxR6hFx1dY"', 'Vary': 'Accept-Encoding', 'Content-Encoding': 'gzip', 'CF-Cache-Status': 'DYNAMIC', 'Report-To': '{"endpoints":[{"url":"https:\\/\\/a.nel.cloudflare.com\\/report\\/v4?s=4ogCoZf6QDwcLddl%2FXr%2B2PzZMWpGc7VPWtg6XP7j8sXUEpyFs4K8nIAHUsTBl2raNp5upUYrN2896ZFdUm1kDfnmsR2ZONfhmXbiOn0YXl7G28r4a0mx9QKNMV%2BmO%2BbR"}],"group":"cf-nel","max_age":604800}', 'NEL': '{"success_fraction":0,"report_to":"cf-nel","max_age":604800}', 'Server': 'cloudflare', 'CF-RAY': '8abf99d9ae32593d-IAD', 'alt-svc': 'h3=":443"; ma=86400'} 
 body={"results":[{"gender":"female","name":{"title":"Ms","first":"Sharron","last":"Holt"},"location":{"street":{"number":3460,"name":"The Grove"},"city":"Loughrea","state":"Leitrim","country":"Ireland","postcode":73907,"coordinates":{"latitude":"2.3021","longitude":"86.7727"},"timezone":{"offset":"-2:00","description":"Mid-Atlantic"}},"email":"sharron.holt@example.com","login":{"uuid":"d6c65e98-b6e7-4e91-9db4-d372952979de","username":"brownswan288","password":"quartz","salt":"x6B3KfL2","md5":"3c24d3c44914a81b42fe5793010476c1","sha1":"771af37b568d8f8404e332162044e9315b3ea6b8","sha256":"6fbe733d56f47aedf7bce2f345e89e81358d63a87c4f1fe63d469340fd1355db"},"dob":{"date":"1969-08-04T08:28:42.824Z","age":54},"registered":{"date":"2005-07-24T19:15:03.261Z","age":19},"phone":"031-164-6892","cell":"081-163-9991","id":{"name":"PPS","value":"1208982T"},"picture":{"large":"https://randomuser.me/api/portraits/women/57.jpg","medium":"https://randomuser.me/api/portraits/med/women/57.jpg","thumbnail":"https://randomuser.me/api/portraits/thumb/women/57.jpg"},"nat":"IE"}],"info":{"seed":"6e98da315760137e","results":1,"page":1,"version":"1.4"}} 
 </msg>
<msg time="2024-07-31T18:20:11.220123" level="INFO">/opt/hostedtoolcache/Python/3.12.4/x64/lib/python3.12/site-packages/urllib3/connectionpool.py:1099: InsecureRequestWarning: Unverified HTTPS request is being made to host 'randomuser.me'. Adding certificate verification is strongly advised. See: https://urllib3.readthedocs.io/en/latest/advanced-usage.html#tls-warnings
  warnings.warn(</msg>
<msg time="2024-07-31T18:20:11.220219" level="INFO">${response} = &lt;Response [200]&gt;</msg>
<var>${response}</var>
<arg>consultarAPI</arg>
<arg>/api</arg>
<doc>Sends a GET request on a previously created HTTP Session.</doc>
<status status="PASS" start="2024-07-31T18:20:11.140575" elapsed="0.079683"/>
</kw>
<kw name="Set Variable" owner="BuiltIn">
<msg time="2024-07-31T18:20:11.221379" level="INFO">${json_data} = {'results': [{'gender': 'female', 'name': {'title': 'Ms', 'first': 'Sharron', 'last': 'Holt'}, 'location': {'street': {'number': 3460, 'name': 'The Grove'}, 'city': 'Loughrea', 'state': 'Leitrim', 'co...</msg>
<var>${json_data}</var>
<arg>${response.json()}</arg>
<doc>Returns the given values which can then be assigned to a variables.</doc>
<status status="PASS" start="2024-07-31T18:20:11.220784" elapsed="0.000624"/>
</kw>
<kw name="Log" owner="BuiltIn">
<msg time="2024-07-31T18:20:11.221864" level="INFO">{'results': [{'gender': 'female', 'name': {'title': 'Ms', 'first': 'Sharron', 'last': 'Holt'}, 'location': {'street': {'number': 3460, 'name': 'The Grove'}, 'city': 'Loughrea', 'state': 'Leitrim', 'country': 'Ireland', 'postcode': 73907, 'coordinates': {'latitude': '2.3021', 'longitude': '86.7727'}, 'timezone': {'offset': '-2:00', 'description': 'Mid-Atlantic'}}, 'email': 'sharron.holt@example.com', 'login': {'uuid': 'd6c65e98-b6e7-4e91-9db4-d372952979de', 'username': 'brownswan288', 'password': 'quartz', 'salt': 'x6B3KfL2', 'md5': '3c24d3c44914a81b42fe5793010476c1', 'sha1': '771af37b568d8f8404e332162044e9315b3ea6b8', 'sha256': '6fbe733d56f47aedf7bce2f345e89e81358d63a87c4f1fe63d469340fd1355db'}, 'dob': {'date': '1969-08-04T08:28:42.824Z', 'age': 54}, 'registered': {'date': '2005-07-24T19:15:03.261Z', 'age': 19}, 'phone': '031-164-6892', 'cell': '081-163-9991', 'id': {'name': 'PPS', 'value': '1208982T'}, 'picture': {'large': 'https://randomuser.me/api/portraits/women/57.jpg', 'medium': 'https://randomuser.me/api/portraits/med/women/57.jpg', 'thumbnail': 'https://randomuser.me/api/portraits/thumb/women/57.jpg'}, 'nat': 'IE'}], 'info': {'seed': '6e98da315760137e', 'results': 1, 'page': 1, 'version': '1.4'}}</msg>
<arg>${json_data}</arg>
<doc>Logs the given message with the given level.</doc>
<status status="PASS" start="2024-07-31T18:20:11.221713" elapsed="0.000197"/>
</kw>
<kw name="Should Be Equal As Numbers" owner="BuiltIn">
<arg>${json_data['results'][0]['location']['postcode']}</arg>
<arg>${json_data['results'][0]['location']['postcode']}</arg>
<doc>Fails if objects are unequal after converting them to real numbers.</doc>
<status status="PASS" start="2024-07-31T18:20:11.222210" elapsed="0.000667"/>
</kw>
<kw name="Log" owner="BuiltIn">
<msg time="2024-07-31T18:20:11.223398" level="INFO">73907</msg>
<arg>${json_data['results'][0]['location']['postcode']}</arg>
<doc>Logs the given message with the given level.</doc>
<status status="PASS" start="2024-07-31T18:20:11.223066" elapsed="0.000405"/>
</kw>
<status status="PASS" start="2024-07-31T18:20:11.140351" elapsed="0.083375"/>
</kw>
<doc>Testa se os tipos de dados na resposta da API estão corretos.</doc>
<tag>testeTiposDados</tag>
<status status="PASS" start="2024-07-31T18:20:11.075000" elapsed="0.148891"/>
</test>
<test id="s1-s1-t5" name="Validar conteudo" line="35">
<kw name="Teste de Tipos de Conteudo" owner="random-user-service">
<kw name="GET On Session" owner="RequestsLibrary">
<msg time="2024-07-31T18:20:11.360246" level="INFO">GET Request : url=https://randomuser.me/api 
 path_url=/api 
 headers={'User-Agent': 'python-requests/2.32.3', 'Accept-Encoding': 'gzip, deflate', 'Accept': '*/*', 'Connection': 'keep-alive'} 
 body=None 
 </msg>
<msg time="2024-07-31T18:20:11.360333" level="INFO">GET Response : url=https://randomuser.me/api 
 status=200, reason=OK 
 headers={'Date': 'Wed, 31 Jul 2024 18:20:11 GMT', 'Content-Type': 'application/json; charset=utf-8', 'Transfer-Encoding': 'chunked', 'Connection': 'keep-alive', 'X-Powered-By': 'Express', 'Access-Control-Allow-Origin': '*', 'Cache-Control': 'no-cache', 'ETag': 'W/"4a9-0kJ2zuxzrOaTKDI1GPehumOX65I"', 'Vary': 'Accept-Encoding', 'Content-Encoding': 'gzip', 'CF-Cache-Status': 'DYNAMIC', 'Report-To': '{"endpoints":[{"url":"https:\\/\\/a.nel.cloudflare.com\\/report\\/v4?s=s0rSETXW4%2FNaOTIhnhWTUd%2B8Vp66joIT62QB1aAnx8vkekkZKjqDcp8EavAMQPPMAv7NzdA2%2BesDvHZemBtXwGues8RcEjJLLyScgNZVRJI2MvMZ8z1Ur2RvbUwSMAp5"}],"group":"cf-nel","max_age":604800}', 'NEL': '{"success_fraction":0,"report_to":"cf-nel","max_age":604800}', 'Server': 'cloudflare', 'CF-RAY': '8abf99da3e8a593d-IAD', 'alt-svc': 'h3=":443"; ma=86400'} 
 body={"results":[{"gender":"male","name":{"title":"Mr","first":"Oscar","last":"Vidal"},"location":{"street":{"number":5759,"name":"Avenue Jean-Jaurès"},"city":"Champigny-sur-Marne","state":"Val-de-Marne","country":"France","postcode":93013,"coordinates":{"latitude":"-14.9346","longitude":"-9.6531"},"timezone":{"offset":"+3:00","description":"Baghdad, Riyadh, Moscow, St. Petersburg"}},"email":"oscar.vidal@example.com","login":{"uuid":"cf8913ee-5017-4f7e-9d7f-26f0974a3cd6","username":"heavyzebra249","password":"stafford","salt":"uahB7B3h","md5":"1a7dcd86ba4b4855e03222aea866f5a6","sha1":"35ca47a3f0b767b8cb8ec188d29ab0830a69415f","sha256":"586c422b0068255e8e8a8ea170c990bb3e845ba0e2b4817ca22a2e7ecb6bec46"},"dob":{"date":"1966-01-23T01:13:28.343Z","age":58},"registered":{"date":"2021-06-08T04:04:33.276Z","age":3},"phone":"03-43-62-78-39","cell":"06-10-01-77-45","id":{"name":"INSEE","value":"1660081992378 87"},"picture":{"large":"https://randomuser.me/api/portraits/men/0.jpg","medium":"https://randomuser.me/api/portraits/med/men/0.jpg","thumbnail":"https://randomuser.me/api/portraits/thumb/men/0.jpg"},"nat":"FR"}],"info":{"seed":"117af4867ae68af7","results":1,"page":1,"version":"1.4"}} 
 </msg>
<msg time="2024-07-31T18:20:11.360404" level="INFO">/opt/hostedtoolcache/Python/3.12.4/x64/lib/python3.12/site-packages/urllib3/connectionpool.py:1099: InsecureRequestWarning: Unverified HTTPS request is being made to host 'randomuser.me'. Adding certificate verification is strongly advised. See: https://urllib3.readthedocs.io/en/latest/advanced-usage.html#tls-warnings
  warnings.warn(</msg>
<msg time="2024-07-31T18:20:11.360519" level="INFO">${response} = &lt;Response [200]&gt;</msg>
<var>${response}</var>
<arg>consultarAPI</arg>
<arg>/api</arg>
<doc>Sends a GET request on a previously created HTTP Session.</doc>
<status status="PASS" start="2024-07-31T18:20:11.226386" elapsed="0.134173"/>
</kw>
<kw name="Set Variable" owner="BuiltIn">
<msg time="2024-07-31T18:20:11.361748" level="INFO">${json_data} = {'results': [{'gender': 'male', 'name': {'title': 'Mr', 'first': 'Oscar', 'last': 'Vidal'}, 'location': {'street': {'number': 5759, 'name': 'Avenue Jean-Jaurès'}, 'city': 'Champigny-sur-Marne', 'state...</msg>
<var>${json_data}</var>
<arg>${response.json()}</arg>
<doc>Returns the given values which can then be assigned to a variables.</doc>
<status status="PASS" start="2024-07-31T18:20:11.361173" elapsed="0.000605"/>
</kw>
<kw name="Set Variable" owner="BuiltIn">
<msg time="2024-07-31T18:20:11.362513" level="INFO">${name_title} = Mr</msg>
<var>${name_title}</var>
<arg>${json_data["results"][0]["name"]["title"]}</arg>
<doc>Returns the given values which can then be assigned to a variables.</doc>
<status status="PASS" start="2024-07-31T18:20:11.362086" elapsed="0.000454"/>
</kw>
<kw name="Create List" owner="BuiltIn">
<msg time="2024-07-31T18:20:11.362984" level="INFO">${allowed_titles} = ['Mr', 'Ms', 'Miss', 'Mrs', 'Madame', 'Monsieur']</msg>
<var>${allowed_titles}</var>
<arg>Mr</arg>
<arg>Ms</arg>
<arg>Miss</arg>
<arg>Mrs</arg>
<arg>Madame</arg>
<arg>Monsieur</arg>
<doc>Returns a list containing given items.</doc>
<status status="PASS" start="2024-07-31T18:20:11.362837" elapsed="0.000171"/>
</kw>
<kw name="List Should Contain Value" owner="Collections">
<arg>${allowed_titles}</arg>
<arg>${name_title}</arg>
<doc>Fails if the ``value`` is not found from ``list``.</doc>
<status status="PASS" start="2024-07-31T18:20:11.363301" elapsed="0.000180"/>
</kw>
<kw name="Set Variable" owner="BuiltIn">
<msg time="2024-07-31T18:20:11.364042" level="INFO">${name_country} = FR</msg>
<var>${name_country}</var>
<arg>${json_data["results"][0]["nat"]}</arg>
<doc>Returns the given values which can then be assigned to a variables.</doc>
<status status="PASS" start="2024-07-31T18:20:11.363669" elapsed="0.000398"/>
</kw>
<kw name="Create List" owner="BuiltIn">
<msg time="2024-07-31T18:20:11.364948" level="INFO">${list_country} = ['AD', 'AE', 'AF', 'AG', 'AI', 'AL', 'AM', 'AO', 'AQ', 'AR', 'AS', 'AT', 'AU', 'AW', 'AX', 'AZ', 'BA', 'BB', 'BD', 'BE', 'BF', 'BG', 'BH', 'BI', 'BJ', 'BL', 'BM', 'BN', 'BO', 'BQ', 'BR', 'BS', 'BT', '...</msg>
<var>${list_country}</var>
<arg>AD</arg>
<arg>AE</arg>
<arg>AF</arg>
<arg>AG</arg>
<arg>AI</arg>
<arg>AL</arg>
<arg>AM</arg>
<arg>AO</arg>
<arg>AQ</arg>
<arg>AR</arg>
<arg>AS</arg>
<arg>AT</arg>
<arg>AU</arg>
<arg>AW</arg>
<arg>AX</arg>
<arg>AZ</arg>
<arg>BA</arg>
<arg>BB</arg>
<arg>BD</arg>
<arg>BE</arg>
<arg>BF</arg>
<arg>BG</arg>
<arg>BH</arg>
<arg>BI</arg>
<arg>BJ</arg>
<arg>BL</arg>
<arg>BM</arg>
<arg>BN</arg>
<arg>BO</arg>
<arg>BQ</arg>
<arg>BR</arg>
<arg>BS</arg>
<arg>BT</arg>
<arg>BV</arg>
<arg>BW</arg>
<arg>BY</arg>
<arg>BZ</arg>
<arg>CA</arg>
<arg>CC</arg>
<arg>CD</arg>
<arg>CF</arg>
<arg>CG</arg>
<arg>CH</arg>
<arg>CI</arg>
<arg>CK</arg>
<arg>CL</arg>
<arg>CM</arg>
<arg>CN</arg>
<arg>CO</arg>
<arg>CR</arg>
<arg>CU</arg>
<arg>CV</arg>
<arg>CW</arg>
<arg>CX</arg>
<arg>CY</arg>
<arg>CZ</arg>
<arg>DE</arg>
<arg>DJ</arg>
<arg>DK</arg>
<arg>DM</arg>
<arg>DO</arg>
<arg>DZ</arg>
<arg>EC</arg>
<arg>EE</arg>
<arg>EG</arg>
<arg>EH</arg>
<arg>ER</arg>
<arg>ES</arg>
<arg>ET</arg>
<arg>FI</arg>
<arg>FJ</arg>
<arg>FK</arg>
<arg>FM</arg>
<arg>FO</arg>
<arg>FR</arg>
<arg>GA</arg>
<arg>GB</arg>
<arg>GD</arg>
<arg>GE</arg>
<arg>GF</arg>
<arg>GG</arg>
<arg>GH</arg>
<arg>GI</arg>
<arg>GL</arg>
<arg>GM</arg>
<arg>GN</arg>
<arg>GP</arg>
<arg>GQ</arg>
<arg>GR</arg>
<arg>GS</arg>
<arg>GT</arg>
<arg>GU</arg>
<arg>GW</arg>
<arg>GY</arg>
<arg>HK</arg>
<arg>HM</arg>
<arg>HN</arg>
<arg>HR</arg>
<arg>HT</arg>
<arg>HU</arg>
<arg>ID</arg>
<arg>IE</arg>
<arg>IL</arg>
<arg>IM</arg>
<arg>IN</arg>
<arg>IO</arg>
<arg>IQ</arg>
<arg>IR</arg>
<arg>IS</arg>
<arg>IT</arg>
<arg>JE</arg>
<arg>JM</arg>
<arg>JO</arg>
<arg>JP</arg>
<arg>KE</arg>
<arg>KG</arg>
<arg>KH</arg>
<arg>KI</arg>
<arg>KM</arg>
<arg>KN</arg>
<arg>KP</arg>
<arg>KR</arg>
<arg>KW</arg>
<arg>KY</arg>
<arg>KZ</arg>
<arg>LA</arg>
<arg>LB</arg>
<arg>LC</arg>
<arg>LI</arg>
<arg>LK</arg>
<arg>LR</arg>
<arg>LS</arg>
<arg>LT</arg>
<arg>LU</arg>
<arg>LV</arg>
<arg>LY</arg>
<arg>MA</arg>
<arg>MC</arg>
<arg>MD</arg>
<arg>ME</arg>
<arg>MF</arg>
<arg>MG</arg>
<arg>MH</arg>
<arg>MK</arg>
<arg>ML</arg>
<arg>MM</arg>
<arg>MN</arg>
<arg>MO</arg>
<arg>MP</arg>
<arg>MQ</arg>
<arg>MR</arg>
<arg>MS</arg>
<arg>MT</arg>
<arg>MU</arg>
<arg>MV</arg>
<arg>MW</arg>
<arg>MX</arg>
<arg>MY</arg>
<arg>MZ</arg>
<arg>NA</arg>
<arg>NC</arg>
<arg>NE</arg>
<arg>NF</arg>
<arg>NG</arg>
<arg>NI</arg>
<arg>NL</arg>
<arg>NO</arg>
<arg>NP</arg>
<arg>NR</arg>
<arg>NU</arg>
<arg>NZ</arg>
<arg>OM</arg>
<arg>PA</arg>
<arg>PE</arg>
<arg>PF</arg>
<arg>PG</arg>
<arg>PH</arg>
<arg>PK</arg>
<arg>PL</arg>
<arg>PM</arg>
<arg>PN</arg>
<arg>PR</arg>
<arg>PS</arg>
<arg>PT</arg>
<arg>PW</arg>
<arg>PY</arg>
<arg>QA</arg>
<arg>RE</arg>
<arg>RO</arg>
<arg>RS</arg>
<arg>RU</arg>
<arg>RW</arg>
<arg>SA</arg>
<arg>SB</arg>
<arg>SC</arg>
<arg>SD</arg>
<arg>SE</arg>
<arg>SG</arg>
<arg>SH</arg>
<arg>SI</arg>
<arg>SJ</arg>
<arg>SK</arg>
<arg>SL</arg>
<arg>SM</arg>
<arg>SN</arg>
<arg>SO</arg>
<arg>SR</arg>
<arg>SS</arg>
<arg>ST</arg>
<arg>SV</arg>
<arg>SX</arg>
<arg>SY</arg>
<arg>SZ</arg>
<arg>TC</arg>
<arg>TD</arg>
<arg>TF</arg>
<arg>TG</arg>
<arg>TH</arg>
<arg>TJ</arg>
<arg>TK</arg>
<arg>TL</arg>
<arg>TM</arg>
<arg>TN</arg>
<arg>TO</arg>
<arg>TR</arg>
<arg>TT</arg>
<arg>TV</arg>
<arg>TW</arg>
<arg>TZ</arg>
<arg>UA</arg>
<arg>UG</arg>
<arg>UM</arg>
<arg>US</arg>
<arg>UY</arg>
<arg>UZ</arg>
<arg>VA</arg>
<arg>VC</arg>
<arg>VE</arg>
<arg>VG</arg>
<arg>VI</arg>
<arg>VN</arg>
<arg>VU</arg>
<arg>WF</arg>
<arg>WS</arg>
<arg>XK</arg>
<arg>YE</arg>
<arg>YT</arg>
<arg>ZA</arg>
<arg>ZM</arg>
<arg>ZW</arg>
<doc>Returns a list containing given items.</doc>
<status status="PASS" start="2024-07-31T18:20:11.364355" elapsed="0.000619"/>
</kw>
<kw name="List Should Contain Value" owner="Collections">
<arg>${list_country}</arg>
<arg>${name_country}</arg>
<doc>Fails if the ``value`` is not found from ``list``.</doc>
<status status="PASS" start="2024-07-31T18:20:11.365936" elapsed="0.000209"/>
</kw>
<kw name="Run Keyword If" owner="BuiltIn">
<kw name="Should Be True" owner="BuiltIn">
<arg>${True}</arg>
<doc>Fails if the given condition is not true.</doc>
<status status="PASS" start="2024-07-31T18:20:11.367116" elapsed="0.000142"/>
</kw>
<arg>${json_data["results"][0]["location"]["coordinates"]["latitude"]} &gt;= -90 and ${json_data["results"][0]["location"]["coordinates"]["latitude"]} &lt;= 90</arg>
<arg>Should Be True</arg>
<arg>${True}</arg>
<doc>Runs the given keyword with the given arguments, if ``condition`` is true.</doc>
<status status="PASS" start="2024-07-31T18:20:11.366344" elapsed="0.001040"/>
</kw>
<kw name="Run Keyword If" owner="BuiltIn">
<kw name="Should Be True" owner="BuiltIn">
<arg>${True}</arg>
<doc>Fails if the given condition is not true.</doc>
<status status="PASS" start="2024-07-31T18:20:11.368242" elapsed="0.000135"/>
</kw>
<arg>${json_data["results"][0]["location"]["coordinates"]["longitude"]} &gt;= -180 and ${json_data["results"][0]["location"]["coordinates"]["longitude"]} &lt;= 180</arg>
<arg>Should Be True</arg>
<arg>${True}</arg>
<doc>Runs the given keyword with the given arguments, if ``condition`` is true.</doc>
<status status="PASS" start="2024-07-31T18:20:11.367561" elapsed="0.000938"/>
</kw>
<status status="PASS" start="2024-07-31T18:20:11.226162" elapsed="0.142466"/>
</kw>
<doc>Testa o conteúdo específico dos campos retornados pela API.</doc>
<tag>testeConteudo</tag>
<status status="PASS" start="2024-07-31T18:20:11.225629" elapsed="0.143148"/>
</test>
<status status="PASS" start="2024-07-31T18:20:10.273357" elapsed="1.097394"/>
</suite>
<status status="PASS" start="2024-07-31T18:20:10.259081" elapsed="1.116791"/>
</suite>
<statistics>
<total>
<stat pass="5" fail="0" skip="0">All Tests</stat>
</total>
<tag>
<stat pass="1" fail="0" skip="0">testeConteudo</stat>
<stat pass="1" fail="0" skip="0">testeEstruturaResposta</stat>
<stat pass="1" fail="0" skip="0">testeRequisicaoBasica</stat>
<stat pass="1" fail="0" skip="0">testeTiposDados</stat>
</tag>
<suite>
<stat pass="5" fail="0" skip="0" id="s1" name="Tests">Tests</stat>
<stat pass="5" fail="0" skip="0" id="s1-s1" name="Random-User-Test">Tests.Random-User-Test</stat>
</suite>
</statistics>
<errors>
</errors>
</robot>
