<?xml version="1.0" encoding="UTF-8"?>
<robot generator="Robot 7.0 (Python 3.12.2 on linux)" generated="2024-03-22T21:12:40.332323" rpa="false" schemaversion="5">
<suite id="s1" name="Tests" source="/home/runner/work/DesafioQAItauRogerioJordao/DesafioQAItauRogerioJordao/RamdonUser/tests">
<suite id="s1-s1" name="Random-User-Test" source="/home/runner/work/DesafioQAItauRogerioJordao/DesafioQAItauRogerioJordao/RamdonUser/tests/random-user-test.robot">
<test id="s1-s1-t1" name="Conectar" line="13">
<kw name="Conectar API" owner="random-user-service">
<kw name="Create Session" owner="RequestsLibrary">
<msg time="2024-03-22T21:12:40.686475" level="INFO">Creating Session using : alias=consultarAPI, url=https://randomuser.me/, headers={},                     cookies={}, auth=None, timeout=None, proxies=None, verify=False,                     debug=0 </msg>
<arg>consultarAPI</arg>
<arg>${URL}</arg>
<doc>Create Session: create a HTTP session to a server</doc>
<status status="PASS" start="2024-03-22T21:12:40.686262" elapsed="0.000420"/>
</kw>
<status status="PASS" start="2024-03-22T21:12:40.685172" elapsed="0.001893"/>
</kw>
<status status="PASS" start="2024-03-22T21:12:40.684617" elapsed="0.002653"/>
</test>
<test id="s1-s1-t2" name="Validar retorno 200 e JSON Válido" line="16">
<kw name="Teste de Requisicao Basica" owner="random-user-service">
<kw name="GET On Session" owner="RequestsLibrary">
<msg time="2024-03-22T21:12:40.766419" level="INFO">GET Request : url=https://randomuser.me/api 
 path_url=/api 
 headers={'User-Agent': 'python-requests/2.31.0', 'Accept-Encoding': 'gzip, deflate', 'Accept': '*/*', 'Connection': 'keep-alive'} 
 body=None 
 </msg>
<msg time="2024-03-22T21:12:40.766547" level="INFO">GET Response : url=https://randomuser.me/api 
 status=200, reason=OK 
 headers={'Date': 'Fri, 22 Mar 2024 21:12:40 GMT', 'Content-Type': 'application/json; charset=utf-8', 'Transfer-Encoding': 'chunked', 'Connection': 'keep-alive', 'X-Powered-By': 'Express', 'Access-Control-Allow-Origin': '*', 'Cache-Control': 'no-cache', 'ETag': 'W/"48c-phtp0hNTo2NF9w3qeUxwJuK2tEk"', 'Vary': 'Accept-Encoding', 'Content-Encoding': 'gzip', 'CF-Cache-Status': 'DYNAMIC', 'Report-To': '{"endpoints":[{"url":"https:\\/\\/a.nel.cloudflare.com\\/report\\/v4?s=8La8x156VXJ9UhhH01txOp1DWOC%2FQ9l8FRg6jX1%2BFRB65WjPw%2BJmgDNoPXVANFc9eYkVqhyki6seq5i9qZRLP7e1dnQRVsgUyYV14RmVSuHLIBBe7b2%2FBzOut8ncmksg"}],"group":"cf-nel","max_age":604800}', 'NEL': '{"success_fraction":0,"report_to":"cf-nel","max_age":604800}', 'Server': 'cloudflare', 'CF-RAY': '86892e668eb110a1-ORD', 'alt-svc': 'h3=":443"; ma=86400'} 
 body={"results":[{"gender":"female","name":{"title":"Ms","first":"Judith","last":"Watson"},"location":{"street":{"number":5299,"name":"Mill Road"},"city":"Roscommon","state":"Cork","country":"Ireland","postcode":35333,"coordinates":{"latitude":"3.4620","longitude":"117.6204"},"timezone":{"offset":"+10:00","description":"Eastern Australia, Guam, Vladivostok"}},"email":"judith.watson@example.com","login":{"uuid":"7fef87c2-475f-4124-a791-174a79b5faf6","username":"bigbutterfly532","password":"miguel","salt":"Cv8ejp4D","md5":"25e1746804e1f8b1dcdf36becf16b13a","sha1":"e5976ece6c3917e20bd38e3e9704c872e43444c1","sha256":"ba9e17ec3888456388a6b12b6e10439fd42a860a494a5f4f891600bbfe8516a4"},"dob":{"date":"1959-06-08T16:40:27.702Z","age":64},"registered":{"date":"2015-05-21T16:12:17.401Z","age":8},"phone":"041-639-6945","cell":"081-066-0898","id":{"name":"PPS","value":"1650508T"},"picture":{"large":"https://randomuser.me/api/portraits/women/42.jpg","medium":"https://randomuser.me/api/portraits/med/women/42.jpg","thumbnail":"https://randomuser.me/api/portraits/thumb/women/42.jpg"},"nat":"IE"}],"info":{"seed":"d9c2dcd64d8b3da0","results":1,"page":1,"version":"1.4"}} 
 </msg>
<msg time="2024-03-22T21:12:40.766659" level="INFO">/opt/hostedtoolcache/Python/3.12.2/x64/lib/python3.12/site-packages/urllib3/connectionpool.py:1103: InsecureRequestWarning: Unverified HTTPS request is being made to host 'randomuser.me'. Adding certificate verification is strongly advised. See: https://urllib3.readthedocs.io/en/latest/advanced-usage.html#tls-warnings
  warnings.warn(</msg>
<msg time="2024-03-22T21:12:40.766823" level="INFO">${response} = &lt;Response [200]&gt;</msg>
<var>${response}</var>
<arg>consultarAPI</arg>
<arg>/api</arg>
<doc>Sends a GET request on a previously created HTTP Session.</doc>
<status status="PASS" start="2024-03-22T21:12:40.689818" elapsed="0.077053"/>
</kw>
<kw name="Should Be Equal As Numbers" owner="BuiltIn">
<msg time="2024-03-22T21:12:40.767754" level="INFO">Argument types are:
&lt;class 'int'&gt;
&lt;class 'str'&gt;</msg>
<arg>${response.status_code}</arg>
<arg>200</arg>
<doc>Fails if objects are unequal after converting them to real numbers.</doc>
<status status="PASS" start="2024-03-22T21:12:40.767329" elapsed="0.000489"/>
</kw>
<kw name="Log" owner="BuiltIn">
<msg time="2024-03-22T21:12:40.768488" level="INFO">200</msg>
<arg>${response.status_code}</arg>
<doc>Logs the given message with the given level.</doc>
<status status="PASS" start="2024-03-22T21:12:40.768135" elapsed="0.000396"/>
</kw>
<kw name="Set Variable" owner="BuiltIn">
<msg time="2024-03-22T21:12:40.769320" level="INFO">${json_data} = {'results': [{'gender': 'female', 'name': {'title': 'Ms', 'first': 'Judith', 'last': 'Watson'}, 'location': {'street': {'number': 5299, 'name': 'Mill Road'}, 'city': 'Roscommon', 'state': 'Cork', 'cou...</msg>
<var>${json_data}</var>
<arg>${response.json()}</arg>
<doc>Returns the given values which can then be assigned to a variables.</doc>
<status status="PASS" start="2024-03-22T21:12:40.768868" elapsed="0.000480"/>
</kw>
<kw name="Dictionary Should Contain Key" owner="Collections">
<msg time="2024-03-22T21:12:40.769817" level="INFO">False</msg>
<arg>${json_data}</arg>
<arg>results</arg>
<doc>Fails if ``key`` is not found from ``dictionary``.</doc>
<status status="PASS" start="2024-03-22T21:12:40.769652" elapsed="0.000203"/>
</kw>
<status status="PASS" start="2024-03-22T21:12:40.689570" elapsed="0.080541"/>
</kw>
<doc>Testa se a API responde corretamente e retorna um objeto JSON válido.</doc>
<tag>testeRequisicaoBasica</tag>
<status status="PASS" start="2024-03-22T21:12:40.689099" elapsed="0.081190"/>
</test>
<test id="s1-s1-t3" name="Validar estrutura de resposta" line="22">
<kw name="Teste de Estrutura de Resposta" owner="random-user-service">
<kw name="GET On Session" owner="RequestsLibrary">
<msg time="2024-03-22T21:12:40.867737" level="INFO">GET Request : url=https://randomuser.me/api 
 path_url=/api 
 headers={'User-Agent': 'python-requests/2.31.0', 'Accept-Encoding': 'gzip, deflate', 'Accept': '*/*', 'Connection': 'keep-alive'} 
 body=None 
 </msg>
<msg time="2024-03-22T21:12:40.867832" level="INFO">GET Response : url=https://randomuser.me/api 
 status=200, reason=OK 
 headers={'Date': 'Fri, 22 Mar 2024 21:12:40 GMT', 'Content-Type': 'application/json; charset=utf-8', 'Transfer-Encoding': 'chunked', 'Connection': 'keep-alive', 'X-Powered-By': 'Express', 'Access-Control-Allow-Origin': '*', 'Cache-Control': 'no-cache', 'ETag': 'W/"48f-3jw9CqvzyQzgY6cYmbDzFo2kVSk"', 'Vary': 'Accept-Encoding', 'Content-Encoding': 'gzip', 'CF-Cache-Status': 'DYNAMIC', 'Report-To': '{"endpoints":[{"url":"https:\\/\\/a.nel.cloudflare.com\\/report\\/v4?s=Pa%2BqQPtpt7bvh%2Fhtm0YvLdEZgJB43xFCw4Uhs1dkJ0Jk6VSpYvClbDVo1%2Bax7W6kpJpIPiJVXpoxfK7Q5F7pTkTO76RCfU8ZvVBYTQZUBS5mSee07Orf6662Zw7yP9JR"}],"group":"cf-nel","max_age":604800}', 'NEL': '{"success_fraction":0,"report_to":"cf-nel","max_age":604800}', 'Server': 'cloudflare', 'CF-RAY': '86892e66df3310a1-ORD', 'alt-svc': 'h3=":443"; ma=86400'} 
 body={"results":[{"gender":"female","name":{"title":"Ms","first":"Catherine","last":"Carter"},"location":{"street":{"number":1243,"name":"W Belt Line Rd"},"city":"Geelong","state":"Victoria","country":"Australia","postcode":7232,"coordinates":{"latitude":"-87.4238","longitude":"77.4534"},"timezone":{"offset":"-8:00","description":"Pacific Time (US &amp; Canada)"}},"email":"catherine.carter@example.com","login":{"uuid":"22b21d6d-f48d-4e61-8535-47387fd38180","username":"goldenfish523","password":"cloud","salt":"rF15zgXt","md5":"221e97598b6a2be43cc184a74d4e1ab8","sha1":"ad28244b15b98f21859e382181294a020d36068d","sha256":"a8790c87363498a3a66de9b1c5bb9baba05e2250a6b7d77c2ef8e2ba4648c347"},"dob":{"date":"1958-07-06T08:29:23.785Z","age":65},"registered":{"date":"2013-05-30T07:08:49.246Z","age":10},"phone":"09-8250-5009","cell":"0410-877-000","id":{"name":"TFN","value":"994275318"},"picture":{"large":"https://randomuser.me/api/portraits/women/47.jpg","medium":"https://randomuser.me/api/portraits/med/women/47.jpg","thumbnail":"https://randomuser.me/api/portraits/thumb/women/47.jpg"},"nat":"AU"}],"info":{"seed":"0a81aede657f2cf7","results":1,"page":1,"version":"1.4"}} 
 </msg>
<msg time="2024-03-22T21:12:40.867984" level="INFO">/opt/hostedtoolcache/Python/3.12.2/x64/lib/python3.12/site-packages/urllib3/connectionpool.py:1103: InsecureRequestWarning: Unverified HTTPS request is being made to host 'randomuser.me'. Adding certificate verification is strongly advised. See: https://urllib3.readthedocs.io/en/latest/advanced-usage.html#tls-warnings
  warnings.warn(</msg>
<msg time="2024-03-22T21:12:40.868116" level="INFO">${response} = &lt;Response [200]&gt;</msg>
<var>${response}</var>
<arg>consultarAPI</arg>
<arg>/api</arg>
<doc>Sends a GET request on a previously created HTTP Session.</doc>
<status status="PASS" start="2024-03-22T21:12:40.772979" elapsed="0.095182"/>
</kw>
<kw name="Set Variable" owner="BuiltIn">
<msg time="2024-03-22T21:12:40.869115" level="INFO">${json_data} = {'results': [{'gender': 'female', 'name': {'title': 'Ms', 'first': 'Catherine', 'last': 'Carter'}, 'location': {'street': {'number': 1243, 'name': 'W Belt Line Rd'}, 'city': 'Geelong', 'state': 'Victo...</msg>
<var>${json_data}</var>
<arg>${response.json()}</arg>
<doc>Returns the given values which can then be assigned to a variables.</doc>
<status status="PASS" start="2024-03-22T21:12:40.868611" elapsed="0.000534"/>
</kw>
<kw name="Log" owner="BuiltIn">
<msg time="2024-03-22T21:12:40.869621" level="INFO">{'results': [{'gender': 'female', 'name': {'title': 'Ms', 'first': 'Catherine', 'last': 'Carter'}, 'location': {'street': {'number': 1243, 'name': 'W Belt Line Rd'}, 'city': 'Geelong', 'state': 'Victoria', 'country': 'Australia', 'postcode': 7232, 'coordinates': {'latitude': '-87.4238', 'longitude': '77.4534'}, 'timezone': {'offset': '-8:00', 'description': 'Pacific Time (US &amp; Canada)'}}, 'email': 'catherine.carter@example.com', 'login': {'uuid': '22b21d6d-f48d-4e61-8535-47387fd38180', 'username': 'goldenfish523', 'password': 'cloud', 'salt': 'rF15zgXt', 'md5': '221e97598b6a2be43cc184a74d4e1ab8', 'sha1': 'ad28244b15b98f21859e382181294a020d36068d', 'sha256': 'a8790c87363498a3a66de9b1c5bb9baba05e2250a6b7d77c2ef8e2ba4648c347'}, 'dob': {'date': '1958-07-06T08:29:23.785Z', 'age': 65}, 'registered': {'date': '2013-05-30T07:08:49.246Z', 'age': 10}, 'phone': '09-8250-5009', 'cell': '0410-877-000', 'id': {'name': 'TFN', 'value': '994275318'}, 'picture': {'large': 'https://randomuser.me/api/portraits/women/47.jpg', 'medium': 'https://randomuser.me/api/portraits/med/women/47.jpg', 'thumbnail': 'https://randomuser.me/api/portraits/thumb/women/47.jpg'}, 'nat': 'AU'}], 'info': {'seed': '0a81aede657f2cf7', 'results': 1, 'page': 1, 'version': '1.4'}}</msg>
<arg>${json_data}</arg>
<doc>Logs the given message with the given level.</doc>
<status status="PASS" start="2024-03-22T21:12:40.869459" elapsed="0.000212"/>
</kw>
<kw name="Dictionary Should Contain Key" owner="Collections">
<msg time="2024-03-22T21:12:40.870137" level="INFO">False</msg>
<arg>${json_data}</arg>
<arg>results</arg>
<doc>Fails if ``key`` is not found from ``dictionary``.</doc>
<status status="PASS" start="2024-03-22T21:12:40.869975" elapsed="0.000201"/>
</kw>
<kw name="Should Not Be Empty" owner="BuiltIn">
<msg time="2024-03-22T21:12:40.870618" level="INFO">Length is 2.</msg>
<arg>${json_data}</arg>
<doc>Verifies that the given item is not empty.</doc>
<status status="PASS" start="2024-03-22T21:12:40.870481" elapsed="0.000176"/>
</kw>
<kw name="Create List" owner="BuiltIn">
<msg time="2024-03-22T21:12:40.871143" level="INFO">${expected_keys} = ['gender', 'name', 'location', 'email', 'login']</msg>
<var>${expected_keys}</var>
<arg>gender</arg>
<arg>name</arg>
<arg>location</arg>
<arg>email</arg>
<arg>login</arg>
<doc>Returns a list containing given items.</doc>
<status status="PASS" start="2024-03-22T21:12:40.870988" elapsed="0.000180"/>
</kw>
<for flavor="IN">
<iter>
<kw name="Dictionary Should Contain Key" owner="Collections">
<msg time="2024-03-22T21:12:40.872184" level="INFO">False</msg>
<arg>${json_data['results'][0]}</arg>
<arg>${key}</arg>
<doc>Fails if ``key`` is not found from ``dictionary``.</doc>
<status status="PASS" start="2024-03-22T21:12:40.871767" elapsed="0.000457"/>
</kw>
<kw name="Log" owner="BuiltIn">
<msg time="2024-03-22T21:12:40.872910" level="INFO">{'gender': 'female', 'name': {'title': 'Ms', 'first': 'Catherine', 'last': 'Carter'}, 'location': {'street': {'number': 1243, 'name': 'W Belt Line Rd'}, 'city': 'Geelong', 'state': 'Victoria', 'country': 'Australia', 'postcode': 7232, 'coordinates': {'latitude': '-87.4238', 'longitude': '77.4534'}, 'timezone': {'offset': '-8:00', 'description': 'Pacific Time (US &amp; Canada)'}}, 'email': 'catherine.carter@example.com', 'login': {'uuid': '22b21d6d-f48d-4e61-8535-47387fd38180', 'username': 'goldenfish523', 'password': 'cloud', 'salt': 'rF15zgXt', 'md5': '221e97598b6a2be43cc184a74d4e1ab8', 'sha1': 'ad28244b15b98f21859e382181294a020d36068d', 'sha256': 'a8790c87363498a3a66de9b1c5bb9baba05e2250a6b7d77c2ef8e2ba4648c347'}, 'dob': {'date': '1958-07-06T08:29:23.785Z', 'age': 65}, 'registered': {'date': '2013-05-30T07:08:49.246Z', 'age': 10}, 'phone': '09-8250-5009', 'cell': '0410-877-000', 'id': {'name': 'TFN', 'value': '994275318'}, 'picture': {'large': 'https://randomuser.me/api/portraits/women/47.jpg', 'medium': 'https://randomuser.me/api/portraits/med/women/47.jpg', 'thumbnail': 'https://randomuser.me/api/portraits/thumb/women/47.jpg'}, 'nat': 'AU'}</msg>
<arg>${json_data['results'][0]}</arg>
<doc>Logs the given message with the given level.</doc>
<status status="PASS" start="2024-03-22T21:12:40.872535" elapsed="0.000431"/>
</kw>
<kw name="Log" owner="BuiltIn">
<msg time="2024-03-22T21:12:40.873406" level="INFO">gender</msg>
<arg>${key}</arg>
<doc>Logs the given message with the given level.</doc>
<status status="PASS" start="2024-03-22T21:12:40.873272" elapsed="0.000173"/>
</kw>
<var name="${key}">gender</var>
<status status="PASS" start="2024-03-22T21:12:40.871634" elapsed="0.002035"/>
</iter>
<iter>
<kw name="Dictionary Should Contain Key" owner="Collections">
<msg time="2024-03-22T21:12:40.874364" level="INFO">False</msg>
<arg>${json_data['results'][0]}</arg>
<arg>${key}</arg>
<doc>Fails if ``key`` is not found from ``dictionary``.</doc>
<status status="PASS" start="2024-03-22T21:12:40.873974" elapsed="0.000428"/>
</kw>
<kw name="Log" owner="BuiltIn">
<msg time="2024-03-22T21:12:40.875132" level="INFO">{'gender': 'female', 'name': {'title': 'Ms', 'first': 'Catherine', 'last': 'Carter'}, 'location': {'street': {'number': 1243, 'name': 'W Belt Line Rd'}, 'city': 'Geelong', 'state': 'Victoria', 'country': 'Australia', 'postcode': 7232, 'coordinates': {'latitude': '-87.4238', 'longitude': '77.4534'}, 'timezone': {'offset': '-8:00', 'description': 'Pacific Time (US &amp; Canada)'}}, 'email': 'catherine.carter@example.com', 'login': {'uuid': '22b21d6d-f48d-4e61-8535-47387fd38180', 'username': 'goldenfish523', 'password': 'cloud', 'salt': 'rF15zgXt', 'md5': '221e97598b6a2be43cc184a74d4e1ab8', 'sha1': 'ad28244b15b98f21859e382181294a020d36068d', 'sha256': 'a8790c87363498a3a66de9b1c5bb9baba05e2250a6b7d77c2ef8e2ba4648c347'}, 'dob': {'date': '1958-07-06T08:29:23.785Z', 'age': 65}, 'registered': {'date': '2013-05-30T07:08:49.246Z', 'age': 10}, 'phone': '09-8250-5009', 'cell': '0410-877-000', 'id': {'name': 'TFN', 'value': '994275318'}, 'picture': {'large': 'https://randomuser.me/api/portraits/women/47.jpg', 'medium': 'https://randomuser.me/api/portraits/med/women/47.jpg', 'thumbnail': 'https://randomuser.me/api/portraits/thumb/women/47.jpg'}, 'nat': 'AU'}</msg>
<arg>${json_data['results'][0]}</arg>
<doc>Logs the given message with the given level.</doc>
<status status="PASS" start="2024-03-22T21:12:40.874758" elapsed="0.000424"/>
</kw>
<kw name="Log" owner="BuiltIn">
<msg time="2024-03-22T21:12:40.875621" level="INFO">name</msg>
<arg>${key}</arg>
<doc>Logs the given message with the given level.</doc>
<status status="PASS" start="2024-03-22T21:12:40.875491" elapsed="0.000169"/>
</kw>
<var name="${key}">name</var>
<status status="PASS" start="2024-03-22T21:12:40.873858" elapsed="0.002022"/>
</iter>
<iter>
<kw name="Dictionary Should Contain Key" owner="Collections">
<msg time="2024-03-22T21:12:40.876560" level="INFO">False</msg>
<arg>${json_data['results'][0]}</arg>
<arg>${key}</arg>
<doc>Fails if ``key`` is not found from ``dictionary``.</doc>
<status status="PASS" start="2024-03-22T21:12:40.876177" elapsed="0.000422"/>
</kw>
<kw name="Log" owner="BuiltIn">
<msg time="2024-03-22T21:12:40.877275" level="INFO">{'gender': 'female', 'name': {'title': 'Ms', 'first': 'Catherine', 'last': 'Carter'}, 'location': {'street': {'number': 1243, 'name': 'W Belt Line Rd'}, 'city': 'Geelong', 'state': 'Victoria', 'country': 'Australia', 'postcode': 7232, 'coordinates': {'latitude': '-87.4238', 'longitude': '77.4534'}, 'timezone': {'offset': '-8:00', 'description': 'Pacific Time (US &amp; Canada)'}}, 'email': 'catherine.carter@example.com', 'login': {'uuid': '22b21d6d-f48d-4e61-8535-47387fd38180', 'username': 'goldenfish523', 'password': 'cloud', 'salt': 'rF15zgXt', 'md5': '221e97598b6a2be43cc184a74d4e1ab8', 'sha1': 'ad28244b15b98f21859e382181294a020d36068d', 'sha256': 'a8790c87363498a3a66de9b1c5bb9baba05e2250a6b7d77c2ef8e2ba4648c347'}, 'dob': {'date': '1958-07-06T08:29:23.785Z', 'age': 65}, 'registered': {'date': '2013-05-30T07:08:49.246Z', 'age': 10}, 'phone': '09-8250-5009', 'cell': '0410-877-000', 'id': {'name': 'TFN', 'value': '994275318'}, 'picture': {'large': 'https://randomuser.me/api/portraits/women/47.jpg', 'medium': 'https://randomuser.me/api/portraits/med/women/47.jpg', 'thumbnail': 'https://randomuser.me/api/portraits/thumb/women/47.jpg'}, 'nat': 'AU'}</msg>
<arg>${json_data['results'][0]}</arg>
<doc>Logs the given message with the given level.</doc>
<status status="PASS" start="2024-03-22T21:12:40.876908" elapsed="0.000419"/>
</kw>
<kw name="Log" owner="BuiltIn">
<msg time="2024-03-22T21:12:40.877754" level="INFO">location</msg>
<arg>${key}</arg>
<doc>Logs the given message with the given level.</doc>
<status status="PASS" start="2024-03-22T21:12:40.877626" elapsed="0.000166"/>
</kw>
<var name="${key}">location</var>
<status status="PASS" start="2024-03-22T21:12:40.876063" elapsed="0.001950"/>
</iter>
<iter>
<kw name="Dictionary Should Contain Key" owner="Collections">
<msg time="2024-03-22T21:12:40.878722" level="INFO">False</msg>
<arg>${json_data['results'][0]}</arg>
<arg>${key}</arg>
<doc>Fails if ``key`` is not found from ``dictionary``.</doc>
<status status="PASS" start="2024-03-22T21:12:40.878308" elapsed="0.000452"/>
</kw>
<kw name="Log" owner="BuiltIn">
<msg time="2024-03-22T21:12:40.879424" level="INFO">{'gender': 'female', 'name': {'title': 'Ms', 'first': 'Catherine', 'last': 'Carter'}, 'location': {'street': {'number': 1243, 'name': 'W Belt Line Rd'}, 'city': 'Geelong', 'state': 'Victoria', 'country': 'Australia', 'postcode': 7232, 'coordinates': {'latitude': '-87.4238', 'longitude': '77.4534'}, 'timezone': {'offset': '-8:00', 'description': 'Pacific Time (US &amp; Canada)'}}, 'email': 'catherine.carter@example.com', 'login': {'uuid': '22b21d6d-f48d-4e61-8535-47387fd38180', 'username': 'goldenfish523', 'password': 'cloud', 'salt': 'rF15zgXt', 'md5': '221e97598b6a2be43cc184a74d4e1ab8', 'sha1': 'ad28244b15b98f21859e382181294a020d36068d', 'sha256': 'a8790c87363498a3a66de9b1c5bb9baba05e2250a6b7d77c2ef8e2ba4648c347'}, 'dob': {'date': '1958-07-06T08:29:23.785Z', 'age': 65}, 'registered': {'date': '2013-05-30T07:08:49.246Z', 'age': 10}, 'phone': '09-8250-5009', 'cell': '0410-877-000', 'id': {'name': 'TFN', 'value': '994275318'}, 'picture': {'large': 'https://randomuser.me/api/portraits/women/47.jpg', 'medium': 'https://randomuser.me/api/portraits/med/women/47.jpg', 'thumbnail': 'https://randomuser.me/api/portraits/thumb/women/47.jpg'}, 'nat': 'AU'}</msg>
<arg>${json_data['results'][0]}</arg>
<doc>Logs the given message with the given level.</doc>
<status status="PASS" start="2024-03-22T21:12:40.879069" elapsed="0.000403"/>
</kw>
<kw name="Log" owner="BuiltIn">
<msg time="2024-03-22T21:12:40.879893" level="INFO">email</msg>
<arg>${key}</arg>
<doc>Logs the given message with the given level.</doc>
<status status="PASS" start="2024-03-22T21:12:40.879767" elapsed="0.000164"/>
</kw>
<var name="${key}">email</var>
<status status="PASS" start="2024-03-22T21:12:40.878190" elapsed="0.001959"/>
</iter>
<iter>
<kw name="Dictionary Should Contain Key" owner="Collections">
<msg time="2024-03-22T21:12:40.880825" level="INFO">False</msg>
<arg>${json_data['results'][0]}</arg>
<arg>${key}</arg>
<doc>Fails if ``key`` is not found from ``dictionary``.</doc>
<status status="PASS" start="2024-03-22T21:12:40.880440" elapsed="0.000423"/>
</kw>
<kw name="Log" owner="BuiltIn">
<msg time="2024-03-22T21:12:40.881511" level="INFO">{'gender': 'female', 'name': {'title': 'Ms', 'first': 'Catherine', 'last': 'Carter'}, 'location': {'street': {'number': 1243, 'name': 'W Belt Line Rd'}, 'city': 'Geelong', 'state': 'Victoria', 'country': 'Australia', 'postcode': 7232, 'coordinates': {'latitude': '-87.4238', 'longitude': '77.4534'}, 'timezone': {'offset': '-8:00', 'description': 'Pacific Time (US &amp; Canada)'}}, 'email': 'catherine.carter@example.com', 'login': {'uuid': '22b21d6d-f48d-4e61-8535-47387fd38180', 'username': 'goldenfish523', 'password': 'cloud', 'salt': 'rF15zgXt', 'md5': '221e97598b6a2be43cc184a74d4e1ab8', 'sha1': 'ad28244b15b98f21859e382181294a020d36068d', 'sha256': 'a8790c87363498a3a66de9b1c5bb9baba05e2250a6b7d77c2ef8e2ba4648c347'}, 'dob': {'date': '1958-07-06T08:29:23.785Z', 'age': 65}, 'registered': {'date': '2013-05-30T07:08:49.246Z', 'age': 10}, 'phone': '09-8250-5009', 'cell': '0410-877-000', 'id': {'name': 'TFN', 'value': '994275318'}, 'picture': {'large': 'https://randomuser.me/api/portraits/women/47.jpg', 'medium': 'https://randomuser.me/api/portraits/med/women/47.jpg', 'thumbnail': 'https://randomuser.me/api/portraits/thumb/women/47.jpg'}, 'nat': 'AU'}</msg>
<arg>${json_data['results'][0]}</arg>
<doc>Logs the given message with the given level.</doc>
<status status="PASS" start="2024-03-22T21:12:40.881158" elapsed="0.000403"/>
</kw>
<kw name="Log" owner="BuiltIn">
<msg time="2024-03-22T21:12:40.881985" level="INFO">login</msg>
<arg>${key}</arg>
<doc>Logs the given message with the given level.</doc>
<status status="PASS" start="2024-03-22T21:12:40.881858" elapsed="0.000271"/>
</kw>
<var name="${key}">login</var>
<status status="PASS" start="2024-03-22T21:12:40.880324" elapsed="0.002072"/>
</iter>
<var>${key}</var>
<value>@{expected_keys}</value>
<status status="PASS" start="2024-03-22T21:12:40.871436" elapsed="0.011090"/>
</for>
<kw name="Create List" owner="BuiltIn">
<msg time="2024-03-22T21:12:40.882900" level="INFO">${expected_keysTwo} = ['username', 'password']</msg>
<var>${expected_keysTwo}</var>
<arg>username</arg>
<arg>password</arg>
<doc>Returns a list containing given items.</doc>
<status status="PASS" start="2024-03-22T21:12:40.882757" elapsed="0.000168"/>
</kw>
<for flavor="IN">
<iter>
<kw name="Dictionary Should Contain Key" owner="Collections">
<msg time="2024-03-22T21:12:40.883844" level="INFO">False</msg>
<arg>${json_data['results'][0]['login']}</arg>
<arg>${keyTwo}</arg>
<doc>Fails if ``key`` is not found from ``dictionary``.</doc>
<status status="PASS" start="2024-03-22T21:12:40.883454" elapsed="0.000427"/>
</kw>
<kw name="Dictionary Should Contain Key" owner="Collections">
<msg time="2024-03-22T21:12:40.884563" level="INFO">False</msg>
<arg>${json_data['results'][0]['login']}</arg>
<arg>${keyTwo}</arg>
<doc>Fails if ``key`` is not found from ``dictionary``.</doc>
<status status="PASS" start="2024-03-22T21:12:40.884182" elapsed="0.000419"/>
</kw>
<kw name="Log" owner="BuiltIn">
<msg time="2024-03-22T21:12:40.885026" level="INFO">username</msg>
<arg>${keyTwo}</arg>
<doc>Logs the given message with the given level.</doc>
<status status="PASS" start="2024-03-22T21:12:40.884897" elapsed="0.000166"/>
</kw>
<var name="${keyTwo}">username</var>
<status status="PASS" start="2024-03-22T21:12:40.883343" elapsed="0.001946"/>
</iter>
<iter>
<kw name="Dictionary Should Contain Key" owner="Collections">
<msg time="2024-03-22T21:12:40.885948" level="INFO">False</msg>
<arg>${json_data['results'][0]['login']}</arg>
<arg>${keyTwo}</arg>
<doc>Fails if ``key`` is not found from ``dictionary``.</doc>
<status status="PASS" start="2024-03-22T21:12:40.885574" elapsed="0.000411"/>
</kw>
<kw name="Dictionary Should Contain Key" owner="Collections">
<msg time="2024-03-22T21:12:40.886682" level="INFO">False</msg>
<arg>${json_data['results'][0]['login']}</arg>
<arg>${keyTwo}</arg>
<doc>Fails if ``key`` is not found from ``dictionary``.</doc>
<status status="PASS" start="2024-03-22T21:12:40.886280" elapsed="0.000442"/>
</kw>
<kw name="Log" owner="BuiltIn">
<msg time="2024-03-22T21:12:40.887151" level="INFO">password</msg>
<arg>${keyTwo}</arg>
<doc>Logs the given message with the given level.</doc>
<status status="PASS" start="2024-03-22T21:12:40.887024" elapsed="0.000165"/>
</kw>
<var name="${keyTwo}">password</var>
<status status="PASS" start="2024-03-22T21:12:40.885464" elapsed="0.001940"/>
</iter>
<var>${keyTwo}</var>
<value>@{expected_keysTwo}</value>
<status status="PASS" start="2024-03-22T21:12:40.883167" elapsed="0.004358"/>
</for>
<status status="PASS" start="2024-03-22T21:12:40.772747" elapsed="0.114925"/>
</kw>
<doc>Testa a estrutura da resposta da API.</doc>
<tag>testeEstruturaResposta</tag>
<status status="PASS" start="2024-03-22T21:12:40.772123" elapsed="0.115709"/>
</test>
<test id="s1-s1-t4" name="Validar tipos de dados" line="28">
<kw name="Teste de Tipos de Dados" owner="random-user-service">
<kw name="GET On Session" owner="RequestsLibrary">
<msg time="2024-03-22T21:12:40.967114" level="INFO">GET Request : url=https://randomuser.me/api 
 path_url=/api 
 headers={'User-Agent': 'python-requests/2.31.0', 'Accept-Encoding': 'gzip, deflate', 'Accept': '*/*', 'Connection': 'keep-alive'} 
 body=None 
 </msg>
<msg time="2024-03-22T21:12:40.967225" level="INFO">GET Response : url=https://randomuser.me/api 
 status=200, reason=OK 
 headers={'Date': 'Fri, 22 Mar 2024 21:12:40 GMT', 'Content-Type': 'application/json; charset=utf-8', 'Transfer-Encoding': 'chunked', 'Connection': 'keep-alive', 'X-Powered-By': 'Express', 'Access-Control-Allow-Origin': '*', 'Cache-Control': 'no-cache', 'ETag': 'W/"47d-bVBRKaE8DA4oTp02LDU/cYBqpKQ"', 'Vary': 'Accept-Encoding', 'Content-Encoding': 'gzip', 'CF-Cache-Status': 'DYNAMIC', 'Report-To': '{"endpoints":[{"url":"https:\\/\\/a.nel.cloudflare.com\\/report\\/v4?s=oe6P2%2BY8hT3LTTBjrRpCnFz72K%2BTQ8dnLMVm4wPw1RJhhshHUTw2DJj2IVG2tNOouYAC0TbzQw%2BDLauy%2B%2BSidgcyKnriPZj406gMvarGeS0yV%2F5MblkwIQEaDg%2BGx3s8"}],"group":"cf-nel","max_age":604800}', 'NEL': '{"success_fraction":0,"report_to":"cf-nel","max_age":604800}', 'Server': 'cloudflare', 'CF-RAY': '86892e67887110a1-ORD', 'alt-svc': 'h3=":443"; ma=86400'} 
 body={"results":[{"gender":"male","name":{"title":"Mr","first":"Tyrone","last":"Fitzsimmons"},"location":{"street":{"number":8077,"name":"Jones Road"},"city":"Limerick","state":"Tipperary","country":"Ireland","postcode":92374,"coordinates":{"latitude":"-1.3779","longitude":"-166.8468"},"timezone":{"offset":"-3:30","description":"Newfoundland"}},"email":"tyrone.fitzsimmons@example.com","login":{"uuid":"f44c58de-b564-46db-aca6-9be4aacec2fe","username":"purplekoala642","password":"scarface","salt":"UvysA2Qy","md5":"a5b1da9a65a42a3a5a7066a515350f87","sha1":"05af31c452c7224ca46e1e797c0ad3b34b9403ed","sha256":"509fc3a8ae763f6fbe49e741496e9ab8bfb6ac00b0c5dda4c4300a247606d331"},"dob":{"date":"1984-06-05T20:30:47.371Z","age":39},"registered":{"date":"2020-03-07T16:25:42.807Z","age":4},"phone":"051-679-7199","cell":"081-649-3477","id":{"name":"PPS","value":"4587730T"},"picture":{"large":"https://randomuser.me/api/portraits/men/25.jpg","medium":"https://randomuser.me/api/portraits/med/men/25.jpg","thumbnail":"https://randomuser.me/api/portraits/thumb/men/25.jpg"},"nat":"IE"}],"info":{"seed":"d54456162e737798","results":1,"page":1,"version":"1.4"}} 
 </msg>
<msg time="2024-03-22T21:12:40.967302" level="INFO">/opt/hostedtoolcache/Python/3.12.2/x64/lib/python3.12/site-packages/urllib3/connectionpool.py:1103: InsecureRequestWarning: Unverified HTTPS request is being made to host 'randomuser.me'. Adding certificate verification is strongly advised. See: https://urllib3.readthedocs.io/en/latest/advanced-usage.html#tls-warnings
  warnings.warn(</msg>
<msg time="2024-03-22T21:12:40.967430" level="INFO">${response} = &lt;Response [200]&gt;</msg>
<var>${response}</var>
<arg>consultarAPI</arg>
<arg>/api</arg>
<doc>Sends a GET request on a previously created HTTP Session.</doc>
<status status="PASS" start="2024-03-22T21:12:40.890257" elapsed="0.077217"/>
</kw>
<kw name="Set Variable" owner="BuiltIn">
<msg time="2024-03-22T21:12:40.968643" level="INFO">${json_data} = {'results': [{'gender': 'male', 'name': {'title': 'Mr', 'first': 'Tyrone', 'last': 'Fitzsimmons'}, 'location': {'street': {'number': 8077, 'name': 'Jones Road'}, 'city': 'Limerick', 'state': 'Tipperar...</msg>
<var>${json_data}</var>
<arg>${response.json()}</arg>
<doc>Returns the given values which can then be assigned to a variables.</doc>
<status status="PASS" start="2024-03-22T21:12:40.968098" elapsed="0.000574"/>
</kw>
<kw name="Log" owner="BuiltIn">
<msg time="2024-03-22T21:12:40.969150" level="INFO">{'results': [{'gender': 'male', 'name': {'title': 'Mr', 'first': 'Tyrone', 'last': 'Fitzsimmons'}, 'location': {'street': {'number': 8077, 'name': 'Jones Road'}, 'city': 'Limerick', 'state': 'Tipperary', 'country': 'Ireland', 'postcode': 92374, 'coordinates': {'latitude': '-1.3779', 'longitude': '-166.8468'}, 'timezone': {'offset': '-3:30', 'description': 'Newfoundland'}}, 'email': 'tyrone.fitzsimmons@example.com', 'login': {'uuid': 'f44c58de-b564-46db-aca6-9be4aacec2fe', 'username': 'purplekoala642', 'password': 'scarface', 'salt': 'UvysA2Qy', 'md5': 'a5b1da9a65a42a3a5a7066a515350f87', 'sha1': '05af31c452c7224ca46e1e797c0ad3b34b9403ed', 'sha256': '509fc3a8ae763f6fbe49e741496e9ab8bfb6ac00b0c5dda4c4300a247606d331'}, 'dob': {'date': '1984-06-05T20:30:47.371Z', 'age': 39}, 'registered': {'date': '2020-03-07T16:25:42.807Z', 'age': 4}, 'phone': '051-679-7199', 'cell': '081-649-3477', 'id': {'name': 'PPS', 'value': '4587730T'}, 'picture': {'large': 'https://randomuser.me/api/portraits/men/25.jpg', 'medium': 'https://randomuser.me/api/portraits/med/men/25.jpg', 'thumbnail': 'https://randomuser.me/api/portraits/thumb/men/25.jpg'}, 'nat': 'IE'}], 'info': {'seed': 'd54456162e737798', 'results': 1, 'page': 1, 'version': '1.4'}}</msg>
<arg>${json_data}</arg>
<doc>Logs the given message with the given level.</doc>
<status status="PASS" start="2024-03-22T21:12:40.968991" elapsed="0.000249"/>
</kw>
<kw name="Should Be String" owner="String">
<arg>${json_data['results'][0]['gender']}</arg>
<doc>Fails if the given ``item`` is not a string.</doc>
<status status="PASS" start="2024-03-22T21:12:40.969548" elapsed="0.000374"/>
</kw>
<kw name="Should Match Regexp" owner="BuiltIn">
<arg>${json_data['results'][0]['email']}</arg>
<arg>^[a-zA-Z0-9._%+-]+@[a-zA-Z0-9.-]+\.[a-zA-Z]{2,}$</arg>
<doc>Fails if ``string`` does not match ``pattern`` as a regular expression.</doc>
<status status="PASS" start="2024-03-22T21:12:40.970121" elapsed="0.000530"/>
</kw>
<kw name="Should Match Regexp" owner="BuiltIn">
<arg>${json_data['results'][0]['dob']['date']}</arg>
<arg>\\d{4}-\\d{2}-\\d{2}T\\d{2}:\\d{2}:\\d{2}\\.\\d{3}Z</arg>
<doc>Fails if ``string`` does not match ``pattern`` as a regular expression.</doc>
<status status="PASS" start="2024-03-22T21:12:40.970896" elapsed="0.000504"/>
</kw>
<kw name="Should Match Regexp" owner="BuiltIn">
<arg>${json_data['results'][0]['registered']['date']}</arg>
<arg>\\d{4}-\\d{2}-\\d{2}T\\d{2}:\\d{2}:\\d{2}\\.\\d{3}Z</arg>
<doc>Fails if ``string`` does not match ``pattern`` as a regular expression.</doc>
<status status="PASS" start="2024-03-22T21:12:40.971599" elapsed="0.000375"/>
</kw>
<kw name="Should Match Regexp" owner="BuiltIn">
<arg>${json_data['results'][0]['picture']['large']}</arg>
<arg>^https?://.*\.(?:png|jpe?g|gif|bmp)$</arg>
<doc>Fails if ``string`` does not match ``pattern`` as a regular expression.</doc>
<status status="PASS" start="2024-03-22T21:12:40.972186" elapsed="0.000470"/>
</kw>
<kw name="Should Match Regexp" owner="BuiltIn">
<arg>${json_data['results'][0]['picture']['medium']}</arg>
<arg>^https?://.*\.(?:png|jpe?g|gif|bmp)$</arg>
<doc>Fails if ``string`` does not match ``pattern`` as a regular expression.</doc>
<status status="PASS" start="2024-03-22T21:12:40.972847" elapsed="0.000361"/>
</kw>
<kw name="Should Match Regexp" owner="BuiltIn">
<arg>${json_data['results'][0]['picture']['thumbnail']}</arg>
<arg>^https?://.*\.(?:png|jpe?g|gif|bmp)$</arg>
<doc>Fails if ``string`` does not match ``pattern`` as a regular expression.</doc>
<status status="PASS" start="2024-03-22T21:12:40.973392" elapsed="0.000355"/>
</kw>
<kw name="Log" owner="BuiltIn">
<msg time="2024-03-22T21:12:40.974252" level="INFO">{'large': 'https://randomuser.me/api/portraits/men/25.jpg', 'medium': 'https://randomuser.me/api/portraits/med/men/25.jpg', 'thumbnail': 'https://randomuser.me/api/portraits/thumb/men/25.jpg'}</msg>
<arg>${json_data['results'][0]['picture']}</arg>
<doc>Logs the given message with the given level.</doc>
<status status="PASS" start="2024-03-22T21:12:40.973928" elapsed="0.000371"/>
</kw>
<status status="PASS" start="2024-03-22T21:12:40.890032" elapsed="0.084530"/>
</kw>
<kw name="Teste de Tipos de Dados - Postcode" owner="random-user-service">
<kw name="GET On Session" owner="RequestsLibrary">
<msg time="2024-03-22T21:12:41.072864" level="INFO">GET Request : url=https://randomuser.me/api 
 path_url=/api 
 headers={'User-Agent': 'python-requests/2.31.0', 'Accept-Encoding': 'gzip, deflate', 'Accept': '*/*', 'Connection': 'keep-alive'} 
 body=None 
 </msg>
<msg time="2024-03-22T21:12:41.072945" level="INFO">GET Response : url=https://randomuser.me/api 
 status=200, reason=OK 
 headers={'Date': 'Fri, 22 Mar 2024 21:12:41 GMT', 'Content-Type': 'application/json; charset=utf-8', 'Transfer-Encoding': 'chunked', 'Connection': 'keep-alive', 'X-Powered-By': 'Express', 'Access-Control-Allow-Origin': '*', 'Cache-Control': 'no-cache', 'ETag': 'W/"4a7-H0O1iq/+GwWdg2IAOhQfxhyp7nU"', 'Vary': 'Accept-Encoding', 'Content-Encoding': 'gzip', 'CF-Cache-Status': 'DYNAMIC', 'Report-To': '{"endpoints":[{"url":"https:\\/\\/a.nel.cloudflare.com\\/report\\/v4?s=IMThOQI%2BMn0T%2Fc%2BtVryfkqrrruKXdl934Q6JTwcOw5So6HWyP%2BFUV6grzIyw6cdP3sdjjm4Ptkx5067MyavHX7Ebm0UWbgxd77vSFNmEUNsxFAAmGugQlQjZGoyJQDAq"}],"group":"cf-nel","max_age":604800}', 'NEL': '{"success_fraction":0,"report_to":"cf-nel","max_age":604800}', 'Server': 'cloudflare', 'CF-RAY': '86892e68194010a1-ORD', 'alt-svc': 'h3=":443"; ma=86400'} 
 body={"results":[{"gender":"male","name":{"title":"Mr","first":"محمدپارسا","last":"یاسمی"},"location":{"street":{"number":7309,"name":"مقدس اردبیلی"},"city":"قدس","state":"هرمزگان","country":"Iran","postcode":46862,"coordinates":{"latitude":"17.0861","longitude":"-110.1241"},"timezone":{"offset":"0:00","description":"Western Europe Time, London, Lisbon, Casablanca"}},"email":"mhmdprs.ysmy@example.com","login":{"uuid":"df7b9ab6-2272-40ef-965e-04bcc42106a1","username":"goldentiger103","password":"granny","salt":"ikChc48f","md5":"813622bc12632f328b3374e4ef117094","sha1":"d1e02783c398b472d7d927e7b12bb9e73bf4a8ba","sha256":"7e8cd730a1664d8d819aa6741a170ba28d8b216745796c4e97ceca56952bad9d"},"dob":{"date":"1959-05-08T19:42:23.712Z","age":64},"registered":{"date":"2016-11-17T21:47:02.850Z","age":7},"phone":"072-10036156","cell":"0918-668-5965","id":{"name":"","value":null},"picture":{"large":"https://randomuser.me/api/portraits/men/78.jpg","medium":"https://randomuser.me/api/portraits/med/men/78.jpg","thumbnail":"https://randomuser.me/api/portraits/thumb/men/78.jpg"},"nat":"IR"}],"info":{"seed":"1d5ad5bfd75c6ba4","results":1,"page":1,"version":"1.4"}} 
 </msg>
<msg time="2024-03-22T21:12:41.073033" level="INFO">/opt/hostedtoolcache/Python/3.12.2/x64/lib/python3.12/site-packages/urllib3/connectionpool.py:1103: InsecureRequestWarning: Unverified HTTPS request is being made to host 'randomuser.me'. Adding certificate verification is strongly advised. See: https://urllib3.readthedocs.io/en/latest/advanced-usage.html#tls-warnings
  warnings.warn(</msg>
<msg time="2024-03-22T21:12:41.073149" level="INFO">${response} = &lt;Response [200]&gt;</msg>
<var>${response}</var>
<arg>consultarAPI</arg>
<arg>/api</arg>
<doc>Sends a GET request on a previously created HTTP Session.</doc>
<status status="PASS" start="2024-03-22T21:12:40.975248" elapsed="0.097953"/>
</kw>
<kw name="Set Variable" owner="BuiltIn">
<msg time="2024-03-22T21:12:41.074292" level="INFO">${json_data} = {'results': [{'gender': 'male', 'name': {'title': 'Mr', 'first': 'محمدپارسا', 'last': 'یاسمی'}, 'location': {'street': {'number': 7309, 'name': 'مقدس اردبیلی'}, 'city': 'قدس', 'state': 'هرمزگان', 'cou...</msg>
<var>${json_data}</var>
<arg>${response.json()}</arg>
<doc>Returns the given values which can then be assigned to a variables.</doc>
<status status="PASS" start="2024-03-22T21:12:41.073730" elapsed="0.000592"/>
</kw>
<kw name="Log" owner="BuiltIn">
<msg time="2024-03-22T21:12:41.074833" level="INFO">{'results': [{'gender': 'male', 'name': {'title': 'Mr', 'first': 'محمدپارسا', 'last': 'یاسمی'}, 'location': {'street': {'number': 7309, 'name': 'مقدس اردبیلی'}, 'city': 'قدس', 'state': 'هرمزگان', 'country': 'Iran', 'postcode': 46862, 'coordinates': {'latitude': '17.0861', 'longitude': '-110.1241'}, 'timezone': {'offset': '0:00', 'description': 'Western Europe Time, London, Lisbon, Casablanca'}}, 'email': 'mhmdprs.ysmy@example.com', 'login': {'uuid': 'df7b9ab6-2272-40ef-965e-04bcc42106a1', 'username': 'goldentiger103', 'password': 'granny', 'salt': 'ikChc48f', 'md5': '813622bc12632f328b3374e4ef117094', 'sha1': 'd1e02783c398b472d7d927e7b12bb9e73bf4a8ba', 'sha256': '7e8cd730a1664d8d819aa6741a170ba28d8b216745796c4e97ceca56952bad9d'}, 'dob': {'date': '1959-05-08T19:42:23.712Z', 'age': 64}, 'registered': {'date': '2016-11-17T21:47:02.850Z', 'age': 7}, 'phone': '072-10036156', 'cell': '0918-668-5965', 'id': {'name': '', 'value': None}, 'picture': {'large': 'https://randomuser.me/api/portraits/men/78.jpg', 'medium': 'https://randomuser.me/api/portraits/med/men/78.jpg', 'thumbnail': 'https://randomuser.me/api/portraits/thumb/men/78.jpg'}, 'nat': 'IR'}], 'info': {'seed': '1d5ad5bfd75c6ba4', 'results': 1, 'page': 1, 'version': '1.4'}}</msg>
<arg>${json_data}</arg>
<doc>Logs the given message with the given level.</doc>
<status status="PASS" start="2024-03-22T21:12:41.074632" elapsed="0.000294"/>
</kw>
<kw name="Should Be Equal As Numbers" owner="BuiltIn">
<arg>${json_data['results'][0]['location']['postcode']}</arg>
<arg>${json_data['results'][0]['location']['postcode']}</arg>
<doc>Fails if objects are unequal after converting them to real numbers.</doc>
<status status="PASS" start="2024-03-22T21:12:41.075235" elapsed="0.000636"/>
</kw>
<kw name="Log" owner="BuiltIn">
<msg time="2024-03-22T21:12:41.076402" level="INFO">46862</msg>
<arg>${json_data['results'][0]['location']['postcode']}</arg>
<doc>Logs the given message with the given level.</doc>
<status status="PASS" start="2024-03-22T21:12:41.076063" elapsed="0.000380"/>
</kw>
<status status="PASS" start="2024-03-22T21:12:40.974856" elapsed="0.101841"/>
</kw>
<doc>Testa se os tipos de dados na resposta da API estão corretos.</doc>
<tag>testeTiposDados</tag>
<status status="PASS" start="2024-03-22T21:12:40.889582" elapsed="0.187284"/>
</test>
<test id="s1-s1-t5" name="Validar conteudo" line="35">
<kw name="Teste de Tipos de Conteudo" owner="random-user-service">
<kw name="GET On Session" owner="RequestsLibrary">
<msg time="2024-03-22T21:12:41.167098" level="INFO">GET Request : url=https://randomuser.me/api 
 path_url=/api 
 headers={'User-Agent': 'python-requests/2.31.0', 'Accept-Encoding': 'gzip, deflate', 'Accept': '*/*', 'Connection': 'keep-alive'} 
 body=None 
 </msg>
<msg time="2024-03-22T21:12:41.167183" level="INFO">GET Response : url=https://randomuser.me/api 
 status=200, reason=OK 
 headers={'Date': 'Fri, 22 Mar 2024 21:12:41 GMT', 'Content-Type': 'application/json; charset=utf-8', 'Transfer-Encoding': 'chunked', 'Connection': 'keep-alive', 'X-Powered-By': 'Express', 'Access-Control-Allow-Origin': '*', 'Cache-Control': 'no-cache', 'ETag': 'W/"49d-YWnjWqjk00PGXHcAni/o7Th81WI"', 'Vary': 'Accept-Encoding', 'Content-Encoding': 'gzip', 'CF-Cache-Status': 'DYNAMIC', 'Report-To': '{"endpoints":[{"url":"https:\\/\\/a.nel.cloudflare.com\\/report\\/v4?s=n9mEbMbsU%2B6WzYokYBjB%2Fg%2BIrlDejDxYMfgJGJ4POygtdh8dJTq6cemUWtaMwrSDjbljOPB1OIQ0QVpmUvy8V43ofznpHDLkNadoqb24rPNJFDvOnXWYPSQs8Y5ThJqE"}],"group":"cf-nel","max_age":604800}', 'NEL': '{"success_fraction":0,"report_to":"cf-nel","max_age":604800}', 'Server': 'cloudflare', 'CF-RAY': '86892e68ba4210a1-ORD', 'alt-svc': 'h3=":443"; ma=86400'} 
 body={"results":[{"gender":"male","name":{"title":"Mr","first":"Sharief","last":"Hulsebos"},"location":{"street":{"number":8195,"name":"J. Michaelpad"},"city":"Tirns","state":"Overijssel","country":"Netherlands","postcode":"4904 UM","coordinates":{"latitude":"35.2134","longitude":"-132.5471"},"timezone":{"offset":"+11:00","description":"Magadan, Solomon Islands, New Caledonia"}},"email":"sharief.hulsebos@example.com","login":{"uuid":"d5fdcdb4-a98b-4665-8b70-f796e34cb4f8","username":"lazybird985","password":"premium","salt":"PJIQyztq","md5":"7638068c49d3bf5332e50aa2c0923d94","sha1":"709de5180a1df67e8bc095651dae63489de48cb7","sha256":"72d2213351e2acce7955f0f69a8500fde6822000006e2b2c957637eaff165ff7"},"dob":{"date":"1972-07-17T05:17:01.371Z","age":51},"registered":{"date":"2013-08-12T01:24:06.319Z","age":10},"phone":"(0823) 134750","cell":"(06) 26939897","id":{"name":"BSN","value":"16116313"},"picture":{"large":"https://randomuser.me/api/portraits/men/39.jpg","medium":"https://randomuser.me/api/portraits/med/men/39.jpg","thumbnail":"https://randomuser.me/api/portraits/thumb/men/39.jpg"},"nat":"NL"}],"info":{"seed":"51b63be3b03f5546","results":1,"page":1,"version":"1.4"}} 
 </msg>
<msg time="2024-03-22T21:12:41.167252" level="INFO">/opt/hostedtoolcache/Python/3.12.2/x64/lib/python3.12/site-packages/urllib3/connectionpool.py:1103: InsecureRequestWarning: Unverified HTTPS request is being made to host 'randomuser.me'. Adding certificate verification is strongly advised. See: https://urllib3.readthedocs.io/en/latest/advanced-usage.html#tls-warnings
  warnings.warn(</msg>
<msg time="2024-03-22T21:12:41.167371" level="INFO">${response} = &lt;Response [200]&gt;</msg>
<var>${response}</var>
<arg>consultarAPI</arg>
<arg>/api</arg>
<doc>Sends a GET request on a previously created HTTP Session.</doc>
<status status="PASS" start="2024-03-22T21:12:41.079460" elapsed="0.087961"/>
</kw>
<kw name="Set Variable" owner="BuiltIn">
<msg time="2024-03-22T21:12:41.168517" level="INFO">${json_data} = {'results': [{'gender': 'male', 'name': {'title': 'Mr', 'first': 'Sharief', 'last': 'Hulsebos'}, 'location': {'street': {'number': 8195, 'name': 'J. Michaelpad'}, 'city': 'Tirns', 'state': 'Overijssel...</msg>
<var>${json_data}</var>
<arg>${response.json()}</arg>
<doc>Returns the given values which can then be assigned to a variables.</doc>
<status status="PASS" start="2024-03-22T21:12:41.167964" elapsed="0.000582"/>
</kw>
<kw name="Set Variable" owner="BuiltIn">
<msg time="2024-03-22T21:12:41.169255" level="INFO">${name_title} = Mr</msg>
<var>${name_title}</var>
<arg>${json_data["results"][0]["name"]["title"]}</arg>
<doc>Returns the given values which can then be assigned to a variables.</doc>
<status status="PASS" start="2024-03-22T21:12:41.168863" elapsed="0.000418"/>
</kw>
<kw name="Create List" owner="BuiltIn">
<msg time="2024-03-22T21:12:41.169741" level="INFO">${allowed_titles} = ['Mr', 'Ms', 'Miss', 'Mrs', 'Madame', 'Monsieur']</msg>
<var>${allowed_titles}</var>
<arg>Mr</arg>
<arg>Ms</arg>
<arg>Miss</arg>
<arg>Mrs</arg>
<arg>Madame</arg>
<arg>Monsieur</arg>
<doc>Returns a list containing given items.</doc>
<status status="PASS" start="2024-03-22T21:12:41.169587" elapsed="0.000178"/>
</kw>
<kw name="List Should Contain Value" owner="Collections">
<msg time="2024-03-22T21:12:41.170252" level="INFO">False</msg>
<arg>${allowed_titles}</arg>
<arg>${name_title}</arg>
<doc>Fails if the ``value`` is not found from ``list``.</doc>
<status status="PASS" start="2024-03-22T21:12:41.170075" elapsed="0.000216"/>
</kw>
<kw name="Set Variable" owner="BuiltIn">
<msg time="2024-03-22T21:12:41.171013" level="INFO">${name_country} = NL</msg>
<var>${name_country}</var>
<arg>${json_data["results"][0]["nat"]}</arg>
<doc>Returns the given values which can then be assigned to a variables.</doc>
<status status="PASS" start="2024-03-22T21:12:41.170596" elapsed="0.000443"/>
</kw>
<kw name="Create List" owner="BuiltIn">
<msg time="2024-03-22T21:12:41.171951" level="INFO">${list_country} = ['AD', 'AE', 'AF', 'AG', 'AI', 'AL', 'AM', 'AO', 'AQ', 'AR', 'AS', 'AT', 'AU', 'AW', 'AX', 'AZ', 'BA', 'BB', 'BD', 'BE', 'BF', 'BG', 'BH', 'BI', 'BJ', 'BL', 'BM', 'BN', 'BO', 'BQ', 'BR', 'BS', 'BT', '...</msg>
<var>${list_country}</var>
<arg>AD</arg>
<arg>AE</arg>
<arg>AF</arg>
<arg>AG</arg>
<arg>AI</arg>
<arg>AL</arg>
<arg>AM</arg>
<arg>AO</arg>
<arg>AQ</arg>
<arg>AR</arg>
<arg>AS</arg>
<arg>AT</arg>
<arg>AU</arg>
<arg>AW</arg>
<arg>AX</arg>
<arg>AZ</arg>
<arg>BA</arg>
<arg>BB</arg>
<arg>BD</arg>
<arg>BE</arg>
<arg>BF</arg>
<arg>BG</arg>
<arg>BH</arg>
<arg>BI</arg>
<arg>BJ</arg>
<arg>BL</arg>
<arg>BM</arg>
<arg>BN</arg>
<arg>BO</arg>
<arg>BQ</arg>
<arg>BR</arg>
<arg>BS</arg>
<arg>BT</arg>
<arg>BV</arg>
<arg>BW</arg>
<arg>BY</arg>
<arg>BZ</arg>
<arg>CA</arg>
<arg>CC</arg>
<arg>CD</arg>
<arg>CF</arg>
<arg>CG</arg>
<arg>CH</arg>
<arg>CI</arg>
<arg>CK</arg>
<arg>CL</arg>
<arg>CM</arg>
<arg>CN</arg>
<arg>CO</arg>
<arg>CR</arg>
<arg>CU</arg>
<arg>CV</arg>
<arg>CW</arg>
<arg>CX</arg>
<arg>CY</arg>
<arg>CZ</arg>
<arg>DE</arg>
<arg>DJ</arg>
<arg>DK</arg>
<arg>DM</arg>
<arg>DO</arg>
<arg>DZ</arg>
<arg>EC</arg>
<arg>EE</arg>
<arg>EG</arg>
<arg>EH</arg>
<arg>ER</arg>
<arg>ES</arg>
<arg>ET</arg>
<arg>FI</arg>
<arg>FJ</arg>
<arg>FK</arg>
<arg>FM</arg>
<arg>FO</arg>
<arg>FR</arg>
<arg>GA</arg>
<arg>GB</arg>
<arg>GD</arg>
<arg>GE</arg>
<arg>GF</arg>
<arg>GG</arg>
<arg>GH</arg>
<arg>GI</arg>
<arg>GL</arg>
<arg>GM</arg>
<arg>GN</arg>
<arg>GP</arg>
<arg>GQ</arg>
<arg>GR</arg>
<arg>GS</arg>
<arg>GT</arg>
<arg>GU</arg>
<arg>GW</arg>
<arg>GY</arg>
<arg>HK</arg>
<arg>HM</arg>
<arg>HN</arg>
<arg>HR</arg>
<arg>HT</arg>
<arg>HU</arg>
<arg>ID</arg>
<arg>IE</arg>
<arg>IL</arg>
<arg>IM</arg>
<arg>IN</arg>
<arg>IO</arg>
<arg>IQ</arg>
<arg>IR</arg>
<arg>IS</arg>
<arg>IT</arg>
<arg>JE</arg>
<arg>JM</arg>
<arg>JO</arg>
<arg>JP</arg>
<arg>KE</arg>
<arg>KG</arg>
<arg>KH</arg>
<arg>KI</arg>
<arg>KM</arg>
<arg>KN</arg>
<arg>KP</arg>
<arg>KR</arg>
<arg>KW</arg>
<arg>KY</arg>
<arg>KZ</arg>
<arg>LA</arg>
<arg>LB</arg>
<arg>LC</arg>
<arg>LI</arg>
<arg>LK</arg>
<arg>LR</arg>
<arg>LS</arg>
<arg>LT</arg>
<arg>LU</arg>
<arg>LV</arg>
<arg>LY</arg>
<arg>MA</arg>
<arg>MC</arg>
<arg>MD</arg>
<arg>ME</arg>
<arg>MF</arg>
<arg>MG</arg>
<arg>MH</arg>
<arg>MK</arg>
<arg>ML</arg>
<arg>MM</arg>
<arg>MN</arg>
<arg>MO</arg>
<arg>MP</arg>
<arg>MQ</arg>
<arg>MR</arg>
<arg>MS</arg>
<arg>MT</arg>
<arg>MU</arg>
<arg>MV</arg>
<arg>MW</arg>
<arg>MX</arg>
<arg>MY</arg>
<arg>MZ</arg>
<arg>NA</arg>
<arg>NC</arg>
<arg>NE</arg>
<arg>NF</arg>
<arg>NG</arg>
<arg>NI</arg>
<arg>NL</arg>
<arg>NO</arg>
<arg>NP</arg>
<arg>NR</arg>
<arg>NU</arg>
<arg>NZ</arg>
<arg>OM</arg>
<arg>PA</arg>
<arg>PE</arg>
<arg>PF</arg>
<arg>PG</arg>
<arg>PH</arg>
<arg>PK</arg>
<arg>PL</arg>
<arg>PM</arg>
<arg>PN</arg>
<arg>PR</arg>
<arg>PS</arg>
<arg>PT</arg>
<arg>PW</arg>
<arg>PY</arg>
<arg>QA</arg>
<arg>RE</arg>
<arg>RO</arg>
<arg>RS</arg>
<arg>RU</arg>
<arg>RW</arg>
<arg>SA</arg>
<arg>SB</arg>
<arg>SC</arg>
<arg>SD</arg>
<arg>SE</arg>
<arg>SG</arg>
<arg>SH</arg>
<arg>SI</arg>
<arg>SJ</arg>
<arg>SK</arg>
<arg>SL</arg>
<arg>SM</arg>
<arg>SN</arg>
<arg>SO</arg>
<arg>SR</arg>
<arg>SS</arg>
<arg>ST</arg>
<arg>SV</arg>
<arg>SX</arg>
<arg>SY</arg>
<arg>SZ</arg>
<arg>TC</arg>
<arg>TD</arg>
<arg>TF</arg>
<arg>TG</arg>
<arg>TH</arg>
<arg>TJ</arg>
<arg>TK</arg>
<arg>TL</arg>
<arg>TM</arg>
<arg>TN</arg>
<arg>TO</arg>
<arg>TR</arg>
<arg>TT</arg>
<arg>TV</arg>
<arg>TW</arg>
<arg>TZ</arg>
<arg>UA</arg>
<arg>UG</arg>
<arg>UM</arg>
<arg>US</arg>
<arg>UY</arg>
<arg>UZ</arg>
<arg>VA</arg>
<arg>VC</arg>
<arg>VE</arg>
<arg>VG</arg>
<arg>VI</arg>
<arg>VN</arg>
<arg>VU</arg>
<arg>WF</arg>
<arg>WS</arg>
<arg>XK</arg>
<arg>YE</arg>
<arg>YT</arg>
<arg>ZA</arg>
<arg>ZM</arg>
<arg>ZW</arg>
<doc>Returns a list containing given items.</doc>
<status status="PASS" start="2024-03-22T21:12:41.171350" elapsed="0.000626"/>
</kw>
<kw name="List Should Contain Value" owner="Collections">
<msg time="2024-03-22T21:12:41.173091" level="INFO">False</msg>
<arg>${list_country}</arg>
<arg>${name_country}</arg>
<doc>Fails if the ``value`` is not found from ``list``.</doc>
<status status="PASS" start="2024-03-22T21:12:41.172884" elapsed="0.000246"/>
</kw>
<kw name="Run Keyword If" owner="BuiltIn">
<kw name="Should Be True" owner="BuiltIn">
<arg>${True}</arg>
<doc>Fails if the given condition is not true.</doc>
<status status="PASS" start="2024-03-22T21:12:41.174218" elapsed="0.000147"/>
</kw>
<arg>${json_data["results"][0]["location"]["coordinates"]["latitude"]} &gt;= -90 and ${json_data["results"][0]["location"]["coordinates"]["latitude"]} &lt;= 90</arg>
<arg>Should Be True</arg>
<arg>${True}</arg>
<doc>Runs the given keyword with the given arguments, if ``condition`` is true.</doc>
<status status="PASS" start="2024-03-22T21:12:41.173449" elapsed="0.001047"/>
</kw>
<kw name="Run Keyword If" owner="BuiltIn">
<kw name="Should Be True" owner="BuiltIn">
<arg>${True}</arg>
<doc>Fails if the given condition is not true.</doc>
<status status="PASS" start="2024-03-22T21:12:41.175449" elapsed="0.000141"/>
</kw>
<arg>${json_data["results"][0]["location"]["coordinates"]["longitude"]} &gt;= -180 and ${json_data["results"][0]["location"]["coordinates"]["longitude"]} &lt;= 180</arg>
<arg>Should Be True</arg>
<arg>${True}</arg>
<doc>Runs the given keyword with the given arguments, if ``condition`` is true.</doc>
<status status="PASS" start="2024-03-22T21:12:41.174719" elapsed="0.001000"/>
</kw>
<status status="PASS" start="2024-03-22T21:12:41.079223" elapsed="0.096633"/>
</kw>
<doc>Testa o conteúdo específico dos campos retornados pela API.</doc>
<tag>testeConteudo</tag>
<status status="PASS" start="2024-03-22T21:12:41.078641" elapsed="0.097369"/>
</test>
<status status="PASS" start="2024-03-22T21:12:40.385321" elapsed="0.792652"/>
</suite>
<status status="PASS" start="2024-03-22T21:12:40.371590" elapsed="0.811802"/>
</suite>
<statistics>
<total>
<stat pass="5" fail="0" skip="0">All Tests</stat>
</total>
<tag>
<stat pass="1" fail="0" skip="0">testeConteudo</stat>
<stat pass="1" fail="0" skip="0">testeEstruturaResposta</stat>
<stat pass="1" fail="0" skip="0">testeRequisicaoBasica</stat>
<stat pass="1" fail="0" skip="0">testeTiposDados</stat>
</tag>
<suite>
<stat pass="5" fail="0" skip="0" id="s1" name="Tests">Tests</stat>
<stat pass="5" fail="0" skip="0" id="s1-s1" name="Random-User-Test">Tests.Random-User-Test</stat>
</suite>
</statistics>
<errors>
</errors>
</robot>
