<?xml version="1.0" encoding="UTF-8"?>
<robot generator="Robot 7.0.1 (Python 3.12.3 on linux)" generated="2024-06-12T11:14:40.535520" rpa="false" schemaversion="5">
<suite id="s1" name="Tests" source="/home/runner/work/ApiRandomUser/ApiRandomUser/RamdonUser/tests">
<suite id="s1-s1" name="Random-User-Test" source="/home/runner/work/ApiRandomUser/ApiRandomUser/RamdonUser/tests/random-user-test.robot">
<test id="s1-s1-t1" name="Conectar" line="13">
<kw name="Conectar API" owner="random-user-service">
<kw name="Create Session" owner="RequestsLibrary">
<msg time="2024-06-12T11:14:40.985419" level="INFO">Creating Session using : alias=consultarAPI, url=https://randomuser.me/, headers={},                     cookies={}, auth=None, timeout=None, proxies=None, verify=False,                     debug=0 </msg>
<arg>consultarAPI</arg>
<arg>${URL}</arg>
<doc>Create Session: create a HTTP session to a server</doc>
<status status="PASS" start="2024-06-12T11:14:40.985208" elapsed="0.000423"/>
</kw>
<status status="PASS" start="2024-06-12T11:14:40.984049" elapsed="0.001995"/>
</kw>
<status status="PASS" start="2024-06-12T11:14:40.983340" elapsed="0.002902"/>
</test>
<test id="s1-s1-t2" name="Validar retorno 200 e JSON Válido" line="16">
<kw name="Teste de Requisicao Basica" owner="random-user-service">
<kw name="GET On Session" owner="RequestsLibrary">
<msg time="2024-06-12T11:14:41.182824" level="INFO">GET Request : url=https://randomuser.me/api 
 path_url=/api 
 headers={'User-Agent': 'python-requests/2.32.3', 'Accept-Encoding': 'gzip, deflate', 'Accept': '*/*', 'Connection': 'keep-alive'} 
 body=None 
 </msg>
<msg time="2024-06-12T11:14:41.182992" level="INFO">GET Response : url=https://randomuser.me/api 
 status=200, reason=OK 
 headers={'Date': 'Wed, 12 Jun 2024 11:14:41 GMT', 'Content-Type': 'application/json; charset=utf-8', 'Transfer-Encoding': 'chunked', 'Connection': 'keep-alive', 'X-Powered-By': 'Express', 'Access-Control-Allow-Origin': '*', 'Cache-Control': 'no-cache', 'ETag': 'W/"47d-haWhpnYr2lVcsjmnKhkkWCyuHX0"', 'Vary': 'Accept-Encoding', 'Content-Encoding': 'gzip', 'CF-Cache-Status': 'DYNAMIC', 'Report-To': '{"endpoints":[{"url":"https:\\/\\/a.nel.cloudflare.com\\/report\\/v4?s=Tip0LYaakzlj2rS10wWOYffrljiIwvNRHk5xX7okxaG6bzxTpI%2BNZ1mO7WEJJyinLZe6gN6qS7yEkMajHRkd9XctaGkGyqU4bPF1przFg2rrHyEvQN25B7fwtzbCuevO"}],"group":"cf-nel","max_age":604800}', 'NEL': '{"success_fraction":0,"report_to":"cf-nel","max_age":604800}', 'Server': 'cloudflare', 'CF-RAY': '89296b2f1bf9608a-ORD', 'alt-svc': 'h3=":443"; ma=86400'} 
 body={"results":[{"gender":"male","name":{"title":"Mr","first":"پرهام","last":"كامياران"},"location":{"street":{"number":8934,"name":"آیت‌الله مدنی"},"city":"ارومیه","state":"قم","country":"Iran","postcode":34732,"coordinates":{"latitude":"15.0890","longitude":"-126.7171"},"timezone":{"offset":"-9:00","description":"Alaska"}},"email":"prhm.kmyrn@example.com","login":{"uuid":"f81e1184-542f-40c0-b88a-154add4b761b","username":"orangeostrich182","password":"larson","salt":"wrh8cVdB","md5":"b6101369e9376cf9342a54a70be4c79b","sha1":"72e21c0c9df65fdf4ba8a7d1879034e3474359ab","sha256":"959ca0a576a85e92f496118579b14406689180e1348db51ca772fdf1555b1c97"},"dob":{"date":"1965-01-12T14:18:07.578Z","age":59},"registered":{"date":"2007-11-24T10:22:26.502Z","age":16},"phone":"088-27431727","cell":"0953-655-2931","id":{"name":"","value":null},"picture":{"large":"https://randomuser.me/api/portraits/men/66.jpg","medium":"https://randomuser.me/api/portraits/med/men/66.jpg","thumbnail":"https://randomuser.me/api/portraits/thumb/men/66.jpg"},"nat":"IR"}],"info":{"seed":"d0f32709dad70017","results":1,"page":1,"version":"1.4"}} 
 </msg>
<msg time="2024-06-12T11:14:41.183092" level="INFO">/opt/hostedtoolcache/Python/3.12.3/x64/lib/python3.12/site-packages/urllib3/connectionpool.py:1103: InsecureRequestWarning: Unverified HTTPS request is being made to host 'randomuser.me'. Adding certificate verification is strongly advised. See: https://urllib3.readthedocs.io/en/latest/advanced-usage.html#tls-warnings
  warnings.warn(</msg>
<msg time="2024-06-12T11:14:41.183254" level="INFO">${response} = &lt;Response [200]&gt;</msg>
<var>${response}</var>
<arg>consultarAPI</arg>
<arg>/api</arg>
<doc>Sends a GET request on a previously created HTTP Session.</doc>
<status status="PASS" start="2024-06-12T11:14:40.988980" elapsed="0.194321"/>
</kw>
<kw name="Should Be Equal As Numbers" owner="BuiltIn">
<msg time="2024-06-12T11:14:41.184529" level="INFO">Argument types are:
&lt;class 'int'&gt;
&lt;class 'str'&gt;</msg>
<arg>${response.status_code}</arg>
<arg>200</arg>
<doc>Fails if objects are unequal after converting them to real numbers.</doc>
<status status="PASS" start="2024-06-12T11:14:41.184035" elapsed="0.000563"/>
</kw>
<kw name="Log" owner="BuiltIn">
<msg time="2024-06-12T11:14:41.185291" level="INFO">200</msg>
<arg>${response.status_code}</arg>
<doc>Logs the given message with the given level.</doc>
<status status="PASS" start="2024-06-12T11:14:41.184941" elapsed="0.000398"/>
</kw>
<kw name="Set Variable" owner="BuiltIn">
<msg time="2024-06-12T11:14:41.186132" level="INFO">${json_data} = {'results': [{'gender': 'male', 'name': {'title': 'Mr', 'first': 'پرهام', 'last': 'كامياران'}, 'location': {'street': {'number': 8934, 'name': 'آیت\u200cالله مدنی'}, 'city': 'ارومیه', 'state': 'قم', '...</msg>
<var>${json_data}</var>
<arg>${response.json()}</arg>
<doc>Returns the given values which can then be assigned to a variables.</doc>
<status status="PASS" start="2024-06-12T11:14:41.185648" elapsed="0.000516"/>
</kw>
<kw name="Dictionary Should Contain Key" owner="Collections">
<arg>${json_data}</arg>
<arg>results</arg>
<doc>Fails if ``key`` is not found from ``dictionary``.</doc>
<status status="PASS" start="2024-06-12T11:14:41.186478" elapsed="0.000168"/>
</kw>
<status status="PASS" start="2024-06-12T11:14:40.988737" elapsed="0.198063"/>
</kw>
<doc>Testa se a API responde corretamente e retorna um objeto JSON válido.</doc>
<tag>testeRequisicaoBasica</tag>
<status status="PASS" start="2024-06-12T11:14:40.988257" elapsed="0.198724"/>
</test>
<test id="s1-s1-t3" name="Validar estrutura de resposta" line="22">
<kw name="Teste de Estrutura de Resposta" owner="random-user-service">
<kw name="GET On Session" owner="RequestsLibrary">
<msg time="2024-06-12T11:14:41.292747" level="INFO">GET Request : url=https://randomuser.me/api 
 path_url=/api 
 headers={'User-Agent': 'python-requests/2.32.3', 'Accept-Encoding': 'gzip, deflate', 'Accept': '*/*', 'Connection': 'keep-alive'} 
 body=None 
 </msg>
<msg time="2024-06-12T11:14:41.292854" level="INFO">GET Response : url=https://randomuser.me/api 
 status=200, reason=OK 
 headers={'Date': 'Wed, 12 Jun 2024 11:14:41 GMT', 'Content-Type': 'application/json; charset=utf-8', 'Transfer-Encoding': 'chunked', 'Connection': 'keep-alive', 'X-Powered-By': 'Express', 'Access-Control-Allow-Origin': '*', 'Cache-Control': 'no-cache', 'ETag': 'W/"497-RftDw2vJO1V1TLyhLq7NF6gSrWo"', 'Vary': 'Accept-Encoding', 'Content-Encoding': 'gzip', 'CF-Cache-Status': 'DYNAMIC', 'Report-To': '{"endpoints":[{"url":"https:\\/\\/a.nel.cloudflare.com\\/report\\/v4?s=wER1c8cKWsCjQobIGuueUAScsIxXLYgJYsS2DPzWopQBDTSX2PMb9thWIylmI4d0aZhB2rcLYVZf29RPQ29eJAxFhb7MVmeJXWjUxEjOH%2FaHdShP5S8VO%2FLCNnfJZ0NS"}],"group":"cf-nel","max_age":604800}', 'NEL': '{"success_fraction":0,"report_to":"cf-nel","max_age":604800}', 'Server': 'cloudflare', 'CF-RAY': '89296b2f7c5b608a-ORD', 'alt-svc': 'h3=":443"; ma=86400'} 
 body={"results":[{"gender":"male","name":{"title":"Mr","first":"Alexandre","last":"Roy"},"location":{"street":{"number":1449,"name":"Peel St"},"city":"South River","state":"British Columbia","country":"Canada","postcode":"Q6A 1V2","coordinates":{"latitude":"-71.5570","longitude":"-89.6759"},"timezone":{"offset":"+11:00","description":"Magadan, Solomon Islands, New Caledonia"}},"email":"alexandre.roy@example.com","login":{"uuid":"0cf2bc1b-b591-418f-95cf-67697ed26b74","username":"smallzebra442","password":"fishy","salt":"RvKehF7h","md5":"c38b480ae16c3bd6755c4bca38fb1823","sha1":"81616a62bcd2ed8355171482062c0f5fceb50ba8","sha256":"fc69125045d65637b6690a9c2c05a5dc3eb3aae2941235d4fe17203db64632c7"},"dob":{"date":"1970-03-02T08:59:00.576Z","age":54},"registered":{"date":"2010-07-31T19:05:59.296Z","age":13},"phone":"L88 D46-4339","cell":"F29 A18-5413","id":{"name":"SIN","value":"415016302"},"picture":{"large":"https://randomuser.me/api/portraits/men/58.jpg","medium":"https://randomuser.me/api/portraits/med/men/58.jpg","thumbnail":"https://randomuser.me/api/portraits/thumb/men/58.jpg"},"nat":"CA"}],"info":{"seed":"914f29ab0a77380d","results":1,"page":1,"version":"1.4"}} 
 </msg>
<msg time="2024-06-12T11:14:41.293009" level="INFO">/opt/hostedtoolcache/Python/3.12.3/x64/lib/python3.12/site-packages/urllib3/connectionpool.py:1103: InsecureRequestWarning: Unverified HTTPS request is being made to host 'randomuser.me'. Adding certificate verification is strongly advised. See: https://urllib3.readthedocs.io/en/latest/advanced-usage.html#tls-warnings
  warnings.warn(</msg>
<msg time="2024-06-12T11:14:41.293148" level="INFO">${response} = &lt;Response [200]&gt;</msg>
<var>${response}</var>
<arg>consultarAPI</arg>
<arg>/api</arg>
<doc>Sends a GET request on a previously created HTTP Session.</doc>
<status status="PASS" start="2024-06-12T11:14:41.189714" elapsed="0.103486"/>
</kw>
<kw name="Set Variable" owner="BuiltIn">
<msg time="2024-06-12T11:14:41.294511" level="INFO">${json_data} = {'results': [{'gender': 'male', 'name': {'title': 'Mr', 'first': 'Alexandre', 'last': 'Roy'}, 'location': {'street': {'number': 1449, 'name': 'Peel St'}, 'city': 'South River', 'state': 'British Colum...</msg>
<var>${json_data}</var>
<arg>${response.json()}</arg>
<doc>Returns the given values which can then be assigned to a variables.</doc>
<status status="PASS" start="2024-06-12T11:14:41.293870" elapsed="0.000671"/>
</kw>
<kw name="Log" owner="BuiltIn">
<msg time="2024-06-12T11:14:41.295014" level="INFO">{'results': [{'gender': 'male', 'name': {'title': 'Mr', 'first': 'Alexandre', 'last': 'Roy'}, 'location': {'street': {'number': 1449, 'name': 'Peel St'}, 'city': 'South River', 'state': 'British Columbia', 'country': 'Canada', 'postcode': 'Q6A 1V2', 'coordinates': {'latitude': '-71.5570', 'longitude': '-89.6759'}, 'timezone': {'offset': '+11:00', 'description': 'Magadan, Solomon Islands, New Caledonia'}}, 'email': 'alexandre.roy@example.com', 'login': {'uuid': '0cf2bc1b-b591-418f-95cf-67697ed26b74', 'username': 'smallzebra442', 'password': 'fishy', 'salt': 'RvKehF7h', 'md5': 'c38b480ae16c3bd6755c4bca38fb1823', 'sha1': '81616a62bcd2ed8355171482062c0f5fceb50ba8', 'sha256': 'fc69125045d65637b6690a9c2c05a5dc3eb3aae2941235d4fe17203db64632c7'}, 'dob': {'date': '1970-03-02T08:59:00.576Z', 'age': 54}, 'registered': {'date': '2010-07-31T19:05:59.296Z', 'age': 13}, 'phone': 'L88 D46-4339', 'cell': 'F29 A18-5413', 'id': {'name': 'SIN', 'value': '415016302'}, 'picture': {'large': 'https://randomuser.me/api/portraits/men/58.jpg', 'medium': 'https://randomuser.me/api/portraits/med/men/58.jpg', 'thumbnail': 'https://randomuser.me/api/portraits/thumb/men/58.jpg'}, 'nat': 'CA'}], 'info': {'seed': '914f29ab0a77380d', 'results': 1, 'page': 1, 'version': '1.4'}}</msg>
<arg>${json_data}</arg>
<doc>Logs the given message with the given level.</doc>
<status status="PASS" start="2024-06-12T11:14:41.294853" elapsed="0.000209"/>
</kw>
<kw name="Dictionary Should Contain Key" owner="Collections">
<arg>${json_data}</arg>
<arg>results</arg>
<doc>Fails if ``key`` is not found from ``dictionary``.</doc>
<status status="PASS" start="2024-06-12T11:14:41.295355" elapsed="0.000161"/>
</kw>
<kw name="Should Not Be Empty" owner="BuiltIn">
<msg time="2024-06-12T11:14:41.295828" level="INFO">Length is 2.</msg>
<arg>${json_data}</arg>
<doc>Verifies that the given item is not empty.</doc>
<status status="PASS" start="2024-06-12T11:14:41.295702" elapsed="0.000163"/>
</kw>
<kw name="Create List" owner="BuiltIn">
<msg time="2024-06-12T11:14:41.296296" level="INFO">${expected_keys} = ['gender', 'name', 'location', 'email', 'login']</msg>
<var>${expected_keys}</var>
<arg>gender</arg>
<arg>name</arg>
<arg>location</arg>
<arg>email</arg>
<arg>login</arg>
<doc>Returns a list containing given items.</doc>
<status status="PASS" start="2024-06-12T11:14:41.296149" elapsed="0.000170"/>
</kw>
<for flavor="IN">
<iter>
<kw name="Dictionary Should Contain Key" owner="Collections">
<arg>${json_data['results'][0]}</arg>
<arg>${key}</arg>
<doc>Fails if ``key`` is not found from ``dictionary``.</doc>
<status status="PASS" start="2024-06-12T11:14:41.296911" elapsed="0.000397"/>
</kw>
<kw name="Log" owner="BuiltIn">
<msg time="2024-06-12T11:14:41.297863" level="INFO">{'gender': 'male', 'name': {'title': 'Mr', 'first': 'Alexandre', 'last': 'Roy'}, 'location': {'street': {'number': 1449, 'name': 'Peel St'}, 'city': 'South River', 'state': 'British Columbia', 'country': 'Canada', 'postcode': 'Q6A 1V2', 'coordinates': {'latitude': '-71.5570', 'longitude': '-89.6759'}, 'timezone': {'offset': '+11:00', 'description': 'Magadan, Solomon Islands, New Caledonia'}}, 'email': 'alexandre.roy@example.com', 'login': {'uuid': '0cf2bc1b-b591-418f-95cf-67697ed26b74', 'username': 'smallzebra442', 'password': 'fishy', 'salt': 'RvKehF7h', 'md5': 'c38b480ae16c3bd6755c4bca38fb1823', 'sha1': '81616a62bcd2ed8355171482062c0f5fceb50ba8', 'sha256': 'fc69125045d65637b6690a9c2c05a5dc3eb3aae2941235d4fe17203db64632c7'}, 'dob': {'date': '1970-03-02T08:59:00.576Z', 'age': 54}, 'registered': {'date': '2010-07-31T19:05:59.296Z', 'age': 13}, 'phone': 'L88 D46-4339', 'cell': 'F29 A18-5413', 'id': {'name': 'SIN', 'value': '415016302'}, 'picture': {'large': 'https://randomuser.me/api/portraits/men/58.jpg', 'medium': 'https://randomuser.me/api/portraits/med/men/58.jpg', 'thumbnail': 'https://randomuser.me/api/portraits/thumb/men/58.jpg'}, 'nat': 'CA'}</msg>
<arg>${json_data['results'][0]}</arg>
<doc>Logs the given message with the given level.</doc>
<status status="PASS" start="2024-06-12T11:14:41.297500" elapsed="0.000442"/>
</kw>
<kw name="Log" owner="BuiltIn">
<msg time="2024-06-12T11:14:41.298379" level="INFO">gender</msg>
<arg>${key}</arg>
<doc>Logs the given message with the given level.</doc>
<status status="PASS" start="2024-06-12T11:14:41.298252" elapsed="0.000166"/>
</kw>
<var name="${key}">gender</var>
<status status="PASS" start="2024-06-12T11:14:41.296787" elapsed="0.001857"/>
</iter>
<iter>
<kw name="Dictionary Should Contain Key" owner="Collections">
<arg>${json_data['results'][0]}</arg>
<arg>${key}</arg>
<doc>Fails if ``key`` is not found from ``dictionary``.</doc>
<status status="PASS" start="2024-06-12T11:14:41.298945" elapsed="0.000385"/>
</kw>
<kw name="Log" owner="BuiltIn">
<msg time="2024-06-12T11:14:41.299855" level="INFO">{'gender': 'male', 'name': {'title': 'Mr', 'first': 'Alexandre', 'last': 'Roy'}, 'location': {'street': {'number': 1449, 'name': 'Peel St'}, 'city': 'South River', 'state': 'British Columbia', 'country': 'Canada', 'postcode': 'Q6A 1V2', 'coordinates': {'latitude': '-71.5570', 'longitude': '-89.6759'}, 'timezone': {'offset': '+11:00', 'description': 'Magadan, Solomon Islands, New Caledonia'}}, 'email': 'alexandre.roy@example.com', 'login': {'uuid': '0cf2bc1b-b591-418f-95cf-67697ed26b74', 'username': 'smallzebra442', 'password': 'fishy', 'salt': 'RvKehF7h', 'md5': 'c38b480ae16c3bd6755c4bca38fb1823', 'sha1': '81616a62bcd2ed8355171482062c0f5fceb50ba8', 'sha256': 'fc69125045d65637b6690a9c2c05a5dc3eb3aae2941235d4fe17203db64632c7'}, 'dob': {'date': '1970-03-02T08:59:00.576Z', 'age': 54}, 'registered': {'date': '2010-07-31T19:05:59.296Z', 'age': 13}, 'phone': 'L88 D46-4339', 'cell': 'F29 A18-5413', 'id': {'name': 'SIN', 'value': '415016302'}, 'picture': {'large': 'https://randomuser.me/api/portraits/men/58.jpg', 'medium': 'https://randomuser.me/api/portraits/med/men/58.jpg', 'thumbnail': 'https://randomuser.me/api/portraits/thumb/men/58.jpg'}, 'nat': 'CA'}</msg>
<arg>${json_data['results'][0]}</arg>
<doc>Logs the given message with the given level.</doc>
<status status="PASS" start="2024-06-12T11:14:41.299512" elapsed="0.000424"/>
</kw>
<kw name="Log" owner="BuiltIn">
<msg time="2024-06-12T11:14:41.300377" level="INFO">name</msg>
<arg>${key}</arg>
<doc>Logs the given message with the given level.</doc>
<status status="PASS" start="2024-06-12T11:14:41.300243" elapsed="0.000173"/>
</kw>
<var name="${key}">name</var>
<status status="PASS" start="2024-06-12T11:14:41.298834" elapsed="0.001798"/>
</iter>
<iter>
<kw name="Dictionary Should Contain Key" owner="Collections">
<arg>${json_data['results'][0]}</arg>
<arg>${key}</arg>
<doc>Fails if ``key`` is not found from ``dictionary``.</doc>
<status status="PASS" start="2024-06-12T11:14:41.300920" elapsed="0.000382"/>
</kw>
<kw name="Log" owner="BuiltIn">
<msg time="2024-06-12T11:14:41.301835" level="INFO">{'gender': 'male', 'name': {'title': 'Mr', 'first': 'Alexandre', 'last': 'Roy'}, 'location': {'street': {'number': 1449, 'name': 'Peel St'}, 'city': 'South River', 'state': 'British Columbia', 'country': 'Canada', 'postcode': 'Q6A 1V2', 'coordinates': {'latitude': '-71.5570', 'longitude': '-89.6759'}, 'timezone': {'offset': '+11:00', 'description': 'Magadan, Solomon Islands, New Caledonia'}}, 'email': 'alexandre.roy@example.com', 'login': {'uuid': '0cf2bc1b-b591-418f-95cf-67697ed26b74', 'username': 'smallzebra442', 'password': 'fishy', 'salt': 'RvKehF7h', 'md5': 'c38b480ae16c3bd6755c4bca38fb1823', 'sha1': '81616a62bcd2ed8355171482062c0f5fceb50ba8', 'sha256': 'fc69125045d65637b6690a9c2c05a5dc3eb3aae2941235d4fe17203db64632c7'}, 'dob': {'date': '1970-03-02T08:59:00.576Z', 'age': 54}, 'registered': {'date': '2010-07-31T19:05:59.296Z', 'age': 13}, 'phone': 'L88 D46-4339', 'cell': 'F29 A18-5413', 'id': {'name': 'SIN', 'value': '415016302'}, 'picture': {'large': 'https://randomuser.me/api/portraits/men/58.jpg', 'medium': 'https://randomuser.me/api/portraits/med/men/58.jpg', 'thumbnail': 'https://randomuser.me/api/portraits/thumb/men/58.jpg'}, 'nat': 'CA'}</msg>
<arg>${json_data['results'][0]}</arg>
<doc>Logs the given message with the given level.</doc>
<status status="PASS" start="2024-06-12T11:14:41.301491" elapsed="0.000392"/>
</kw>
<kw name="Log" owner="BuiltIn">
<msg time="2024-06-12T11:14:41.302348" level="INFO">location</msg>
<arg>${key}</arg>
<doc>Logs the given message with the given level.</doc>
<status status="PASS" start="2024-06-12T11:14:41.302220" elapsed="0.000165"/>
</kw>
<var name="${key}">location</var>
<status status="PASS" start="2024-06-12T11:14:41.300812" elapsed="0.001796"/>
</iter>
<iter>
<kw name="Dictionary Should Contain Key" owner="Collections">
<arg>${json_data['results'][0]}</arg>
<arg>${key}</arg>
<doc>Fails if ``key`` is not found from ``dictionary``.</doc>
<status status="PASS" start="2024-06-12T11:14:41.302890" elapsed="0.000379"/>
</kw>
<kw name="Log" owner="BuiltIn">
<msg time="2024-06-12T11:14:41.303806" level="INFO">{'gender': 'male', 'name': {'title': 'Mr', 'first': 'Alexandre', 'last': 'Roy'}, 'location': {'street': {'number': 1449, 'name': 'Peel St'}, 'city': 'South River', 'state': 'British Columbia', 'country': 'Canada', 'postcode': 'Q6A 1V2', 'coordinates': {'latitude': '-71.5570', 'longitude': '-89.6759'}, 'timezone': {'offset': '+11:00', 'description': 'Magadan, Solomon Islands, New Caledonia'}}, 'email': 'alexandre.roy@example.com', 'login': {'uuid': '0cf2bc1b-b591-418f-95cf-67697ed26b74', 'username': 'smallzebra442', 'password': 'fishy', 'salt': 'RvKehF7h', 'md5': 'c38b480ae16c3bd6755c4bca38fb1823', 'sha1': '81616a62bcd2ed8355171482062c0f5fceb50ba8', 'sha256': 'fc69125045d65637b6690a9c2c05a5dc3eb3aae2941235d4fe17203db64632c7'}, 'dob': {'date': '1970-03-02T08:59:00.576Z', 'age': 54}, 'registered': {'date': '2010-07-31T19:05:59.296Z', 'age': 13}, 'phone': 'L88 D46-4339', 'cell': 'F29 A18-5413', 'id': {'name': 'SIN', 'value': '415016302'}, 'picture': {'large': 'https://randomuser.me/api/portraits/men/58.jpg', 'medium': 'https://randomuser.me/api/portraits/med/men/58.jpg', 'thumbnail': 'https://randomuser.me/api/portraits/thumb/men/58.jpg'}, 'nat': 'CA'}</msg>
<arg>${json_data['results'][0]}</arg>
<doc>Logs the given message with the given level.</doc>
<status status="PASS" start="2024-06-12T11:14:41.303450" elapsed="0.000406"/>
</kw>
<kw name="Log" owner="BuiltIn">
<msg time="2024-06-12T11:14:41.304280" level="INFO">email</msg>
<arg>${key}</arg>
<doc>Logs the given message with the given level.</doc>
<status status="PASS" start="2024-06-12T11:14:41.304152" elapsed="0.000167"/>
</kw>
<var name="${key}">email</var>
<status status="PASS" start="2024-06-12T11:14:41.302781" elapsed="0.001750"/>
</iter>
<iter>
<kw name="Dictionary Should Contain Key" owner="Collections">
<arg>${json_data['results'][0]}</arg>
<arg>${key}</arg>
<doc>Fails if ``key`` is not found from ``dictionary``.</doc>
<status status="PASS" start="2024-06-12T11:14:41.304811" elapsed="0.000374"/>
</kw>
<kw name="Log" owner="BuiltIn">
<msg time="2024-06-12T11:14:41.305714" level="INFO">{'gender': 'male', 'name': {'title': 'Mr', 'first': 'Alexandre', 'last': 'Roy'}, 'location': {'street': {'number': 1449, 'name': 'Peel St'}, 'city': 'South River', 'state': 'British Columbia', 'country': 'Canada', 'postcode': 'Q6A 1V2', 'coordinates': {'latitude': '-71.5570', 'longitude': '-89.6759'}, 'timezone': {'offset': '+11:00', 'description': 'Magadan, Solomon Islands, New Caledonia'}}, 'email': 'alexandre.roy@example.com', 'login': {'uuid': '0cf2bc1b-b591-418f-95cf-67697ed26b74', 'username': 'smallzebra442', 'password': 'fishy', 'salt': 'RvKehF7h', 'md5': 'c38b480ae16c3bd6755c4bca38fb1823', 'sha1': '81616a62bcd2ed8355171482062c0f5fceb50ba8', 'sha256': 'fc69125045d65637b6690a9c2c05a5dc3eb3aae2941235d4fe17203db64632c7'}, 'dob': {'date': '1970-03-02T08:59:00.576Z', 'age': 54}, 'registered': {'date': '2010-07-31T19:05:59.296Z', 'age': 13}, 'phone': 'L88 D46-4339', 'cell': 'F29 A18-5413', 'id': {'name': 'SIN', 'value': '415016302'}, 'picture': {'large': 'https://randomuser.me/api/portraits/men/58.jpg', 'medium': 'https://randomuser.me/api/portraits/med/men/58.jpg', 'thumbnail': 'https://randomuser.me/api/portraits/thumb/men/58.jpg'}, 'nat': 'CA'}</msg>
<arg>${json_data['results'][0]}</arg>
<doc>Logs the given message with the given level.</doc>
<status status="PASS" start="2024-06-12T11:14:41.305369" elapsed="0.000401"/>
</kw>
<kw name="Log" owner="BuiltIn">
<msg time="2024-06-12T11:14:41.306343" level="INFO">login</msg>
<arg>${key}</arg>
<doc>Logs the given message with the given level.</doc>
<status status="PASS" start="2024-06-12T11:14:41.306095" elapsed="0.000287"/>
</kw>
<var name="${key}">login</var>
<status status="PASS" start="2024-06-12T11:14:41.304703" elapsed="0.001896"/>
</iter>
<var>${key}</var>
<value>@{expected_keys}</value>
<status status="PASS" start="2024-06-12T11:14:41.296590" elapsed="0.010131"/>
</for>
<kw name="Create List" owner="BuiltIn">
<msg time="2024-06-12T11:14:41.307044" level="INFO">${expected_keysTwo} = ['username', 'password']</msg>
<var>${expected_keysTwo}</var>
<arg>username</arg>
<arg>password</arg>
<doc>Returns a list containing given items.</doc>
<status status="PASS" start="2024-06-12T11:14:41.306911" elapsed="0.000183"/>
</kw>
<for flavor="IN">
<iter>
<kw name="Dictionary Should Contain Key" owner="Collections">
<arg>${json_data['results'][0]['login']}</arg>
<arg>${keyTwo}</arg>
<doc>Fails if ``key`` is not found from ``dictionary``.</doc>
<status status="PASS" start="2024-06-12T11:14:41.307592" elapsed="0.000376"/>
</kw>
<kw name="Dictionary Should Contain Key" owner="Collections">
<arg>${json_data['results'][0]['login']}</arg>
<arg>${keyTwo}</arg>
<doc>Fails if ``key`` is not found from ``dictionary``.</doc>
<status status="PASS" start="2024-06-12T11:14:41.308146" elapsed="0.000375"/>
</kw>
<kw name="Log" owner="BuiltIn">
<msg time="2024-06-12T11:14:41.308817" level="INFO">username</msg>
<arg>${keyTwo}</arg>
<doc>Logs the given message with the given level.</doc>
<status status="PASS" start="2024-06-12T11:14:41.308696" elapsed="0.000158"/>
</kw>
<var name="${keyTwo}">username</var>
<status status="PASS" start="2024-06-12T11:14:41.307486" elapsed="0.001587"/>
</iter>
<iter>
<kw name="Dictionary Should Contain Key" owner="Collections">
<arg>${json_data['results'][0]['login']}</arg>
<arg>${keyTwo}</arg>
<doc>Fails if ``key`` is not found from ``dictionary``.</doc>
<status status="PASS" start="2024-06-12T11:14:41.309361" elapsed="0.000367"/>
</kw>
<kw name="Dictionary Should Contain Key" owner="Collections">
<arg>${json_data['results'][0]['login']}</arg>
<arg>${keyTwo}</arg>
<doc>Fails if ``key`` is not found from ``dictionary``.</doc>
<status status="PASS" start="2024-06-12T11:14:41.309933" elapsed="0.000389"/>
</kw>
<kw name="Log" owner="BuiltIn">
<msg time="2024-06-12T11:14:41.310616" level="INFO">password</msg>
<arg>${keyTwo}</arg>
<doc>Logs the given message with the given level.</doc>
<status status="PASS" start="2024-06-12T11:14:41.310497" elapsed="0.000155"/>
</kw>
<var name="${keyTwo}">password</var>
<status status="PASS" start="2024-06-12T11:14:41.309253" elapsed="0.001620"/>
</iter>
<var>${keyTwo}</var>
<value>@{expected_keysTwo}</value>
<status status="PASS" start="2024-06-12T11:14:41.307337" elapsed="0.003659"/>
</for>
<status status="PASS" start="2024-06-12T11:14:41.189481" elapsed="0.121656"/>
</kw>
<doc>Testa a estrutura da resposta da API.</doc>
<tag>testeEstruturaResposta</tag>
<status status="PASS" start="2024-06-12T11:14:41.188800" elapsed="0.122499"/>
</test>
<test id="s1-s1-t4" name="Validar tipos de dados" line="28">
<kw name="Teste de Tipos de Dados" owner="random-user-service">
<kw name="GET On Session" owner="RequestsLibrary">
<msg time="2024-06-12T11:14:41.370218" level="INFO">GET Request : url=https://randomuser.me/api 
 path_url=/api 
 headers={'User-Agent': 'python-requests/2.32.3', 'Accept-Encoding': 'gzip, deflate', 'Accept': '*/*', 'Connection': 'keep-alive'} 
 body=None 
 </msg>
<msg time="2024-06-12T11:14:41.370320" level="INFO">GET Response : url=https://randomuser.me/api 
 status=200, reason=OK 
 headers={'Date': 'Wed, 12 Jun 2024 11:14:41 GMT', 'Content-Type': 'application/json; charset=utf-8', 'Transfer-Encoding': 'chunked', 'Connection': 'keep-alive', 'X-Powered-By': 'Express', 'Access-Control-Allow-Origin': '*', 'Cache-Control': 'no-cache', 'ETag': 'W/"473-md7/aJjLMpffHXIywxIpCdpVr94"', 'Vary': 'Accept-Encoding', 'Content-Encoding': 'gzip', 'CF-Cache-Status': 'DYNAMIC', 'Report-To': '{"endpoints":[{"url":"https:\\/\\/a.nel.cloudflare.com\\/report\\/v4?s=WzKtZKtyBHDZYDumwM4cRsYgFWCAJ9eORlRDVTSA%2FLLWCMyGpFZpixxyIwRkAldil0rfxXzZS3GuwzN5abzaLloczu0jhSX9UIZrFipEJAILtI5dpIUo1eSs1V9Vter7"}],"group":"cf-nel","max_age":604800}', 'NEL': '{"success_fraction":0,"report_to":"cf-nel","max_age":604800}', 'Server': 'cloudflare', 'CF-RAY': '89296b303d37608a-ORD', 'alt-svc': 'h3=":443"; ma=86400'} 
 body={"results":[{"gender":"male","name":{"title":"Mr","first":"Juan","last":"George"},"location":{"street":{"number":1343,"name":"Adams St"},"city":"Brisbane","state":"Northern Territory","country":"Australia","postcode":9950,"coordinates":{"latitude":"-87.0195","longitude":"-31.2304"},"timezone":{"offset":"+3:30","description":"Tehran"}},"email":"juan.george@example.com","login":{"uuid":"8492024a-0269-4f67-b3b3-8c56009a041d","username":"sadelephant562","password":"chuckles","salt":"ckzJ9yDp","md5":"1590c3356bba737bc4936ed0779cc006","sha1":"e7754957969bf093c49527cde827aec112200028","sha256":"92bf31f30d5c26d2af20a0d4e2c13de990c5a87fce3b320391b44b8b3b7f9700"},"dob":{"date":"1989-02-19T14:55:31.244Z","age":35},"registered":{"date":"2008-12-04T22:57:36.392Z","age":15},"phone":"00-0660-2088","cell":"0403-480-672","id":{"name":"TFN","value":"982121564"},"picture":{"large":"https://randomuser.me/api/portraits/men/40.jpg","medium":"https://randomuser.me/api/portraits/med/men/40.jpg","thumbnail":"https://randomuser.me/api/portraits/thumb/men/40.jpg"},"nat":"AU"}],"info":{"seed":"76113505a9baf548","results":1,"page":1,"version":"1.4"}} 
 </msg>
<msg time="2024-06-12T11:14:41.370403" level="INFO">/opt/hostedtoolcache/Python/3.12.3/x64/lib/python3.12/site-packages/urllib3/connectionpool.py:1103: InsecureRequestWarning: Unverified HTTPS request is being made to host 'randomuser.me'. Adding certificate verification is strongly advised. See: https://urllib3.readthedocs.io/en/latest/advanced-usage.html#tls-warnings
  warnings.warn(</msg>
<msg time="2024-06-12T11:14:41.370539" level="INFO">${response} = &lt;Response [200]&gt;</msg>
<var>${response}</var>
<arg>consultarAPI</arg>
<arg>/api</arg>
<doc>Sends a GET request on a previously created HTTP Session.</doc>
<status status="PASS" start="2024-06-12T11:14:41.313786" elapsed="0.056802"/>
</kw>
<kw name="Set Variable" owner="BuiltIn">
<msg time="2024-06-12T11:14:41.371896" level="INFO">${json_data} = {'results': [{'gender': 'male', 'name': {'title': 'Mr', 'first': 'Juan', 'last': 'George'}, 'location': {'street': {'number': 1343, 'name': 'Adams St'}, 'city': 'Brisbane', 'state': 'Northern Territor...</msg>
<var>${json_data}</var>
<arg>${response.json()}</arg>
<doc>Returns the given values which can then be assigned to a variables.</doc>
<status status="PASS" start="2024-06-12T11:14:41.371259" elapsed="0.000665"/>
</kw>
<kw name="Log" owner="BuiltIn">
<msg time="2024-06-12T11:14:41.372387" level="INFO">{'results': [{'gender': 'male', 'name': {'title': 'Mr', 'first': 'Juan', 'last': 'George'}, 'location': {'street': {'number': 1343, 'name': 'Adams St'}, 'city': 'Brisbane', 'state': 'Northern Territory', 'country': 'Australia', 'postcode': 9950, 'coordinates': {'latitude': '-87.0195', 'longitude': '-31.2304'}, 'timezone': {'offset': '+3:30', 'description': 'Tehran'}}, 'email': 'juan.george@example.com', 'login': {'uuid': '8492024a-0269-4f67-b3b3-8c56009a041d', 'username': 'sadelephant562', 'password': 'chuckles', 'salt': 'ckzJ9yDp', 'md5': '1590c3356bba737bc4936ed0779cc006', 'sha1': 'e7754957969bf093c49527cde827aec112200028', 'sha256': '92bf31f30d5c26d2af20a0d4e2c13de990c5a87fce3b320391b44b8b3b7f9700'}, 'dob': {'date': '1989-02-19T14:55:31.244Z', 'age': 35}, 'registered': {'date': '2008-12-04T22:57:36.392Z', 'age': 15}, 'phone': '00-0660-2088', 'cell': '0403-480-672', 'id': {'name': 'TFN', 'value': '982121564'}, 'picture': {'large': 'https://randomuser.me/api/portraits/men/40.jpg', 'medium': 'https://randomuser.me/api/portraits/med/men/40.jpg', 'thumbnail': 'https://randomuser.me/api/portraits/thumb/men/40.jpg'}, 'nat': 'AU'}], 'info': {'seed': '76113505a9baf548', 'results': 1, 'page': 1, 'version': '1.4'}}</msg>
<arg>${json_data}</arg>
<doc>Logs the given message with the given level.</doc>
<status status="PASS" start="2024-06-12T11:14:41.372233" elapsed="0.000200"/>
</kw>
<kw name="Should Be String" owner="String">
<arg>${json_data['results'][0]['gender']}</arg>
<doc>Fails if the given ``item`` is not a string.</doc>
<status status="PASS" start="2024-06-12T11:14:41.372730" elapsed="0.000351"/>
</kw>
<kw name="Should Match Regexp" owner="BuiltIn">
<arg>${json_data['results'][0]['email']}</arg>
<arg>^[a-zA-Z0-9._%+-]+@[a-zA-Z0-9.-]+\.[a-zA-Z]{2,}$</arg>
<doc>Fails if ``string`` does not match ``pattern`` as a regular expression.</doc>
<status status="PASS" start="2024-06-12T11:14:41.373267" elapsed="0.000507"/>
</kw>
<kw name="Should Match Regexp" owner="BuiltIn">
<arg>${json_data['results'][0]['dob']['date']}</arg>
<arg>\\d{4}-\\d{2}-\\d{2}T\\d{2}:\\d{2}:\\d{2}\\.\\d{3}Z</arg>
<doc>Fails if ``string`` does not match ``pattern`` as a regular expression.</doc>
<status status="PASS" start="2024-06-12T11:14:41.374042" elapsed="0.000509"/>
</kw>
<kw name="Should Match Regexp" owner="BuiltIn">
<arg>${json_data['results'][0]['registered']['date']}</arg>
<arg>\\d{4}-\\d{2}-\\d{2}T\\d{2}:\\d{2}:\\d{2}\\.\\d{3}Z</arg>
<doc>Fails if ``string`` does not match ``pattern`` as a regular expression.</doc>
<status status="PASS" start="2024-06-12T11:14:41.374745" elapsed="0.000371"/>
</kw>
<kw name="Should Match Regexp" owner="BuiltIn">
<arg>${json_data['results'][0]['picture']['large']}</arg>
<arg>^https?://.*\.(?:png|jpe?g|gif|bmp)$</arg>
<doc>Fails if ``string`` does not match ``pattern`` as a regular expression.</doc>
<status status="PASS" start="2024-06-12T11:14:41.375303" elapsed="0.000453"/>
</kw>
<kw name="Should Match Regexp" owner="BuiltIn">
<arg>${json_data['results'][0]['picture']['medium']}</arg>
<arg>^https?://.*\.(?:png|jpe?g|gif|bmp)$</arg>
<doc>Fails if ``string`` does not match ``pattern`` as a regular expression.</doc>
<status status="PASS" start="2024-06-12T11:14:41.375947" elapsed="0.000352"/>
</kw>
<kw name="Should Match Regexp" owner="BuiltIn">
<arg>${json_data['results'][0]['picture']['thumbnail']}</arg>
<arg>^https?://.*\.(?:png|jpe?g|gif|bmp)$</arg>
<doc>Fails if ``string`` does not match ``pattern`` as a regular expression.</doc>
<status status="PASS" start="2024-06-12T11:14:41.376489" elapsed="0.000355"/>
</kw>
<kw name="Log" owner="BuiltIn">
<msg time="2024-06-12T11:14:41.377353" level="INFO">{'large': 'https://randomuser.me/api/portraits/men/40.jpg', 'medium': 'https://randomuser.me/api/portraits/med/men/40.jpg', 'thumbnail': 'https://randomuser.me/api/portraits/thumb/men/40.jpg'}</msg>
<arg>${json_data['results'][0]['picture']}</arg>
<doc>Logs the given message with the given level.</doc>
<status status="PASS" start="2024-06-12T11:14:41.377025" elapsed="0.000370"/>
</kw>
<status status="PASS" start="2024-06-12T11:14:41.313552" elapsed="0.064101"/>
</kw>
<kw name="Teste de Tipos de Dados - Postcode" owner="random-user-service">
<kw name="GET On Session" owner="RequestsLibrary">
<msg time="2024-06-12T11:14:41.500447" level="INFO">GET Request : url=https://randomuser.me/api 
 path_url=/api 
 headers={'User-Agent': 'python-requests/2.32.3', 'Accept-Encoding': 'gzip, deflate', 'Accept': '*/*', 'Connection': 'keep-alive'} 
 body=None 
 </msg>
<msg time="2024-06-12T11:14:41.500564" level="INFO">GET Response : url=https://randomuser.me/api 
 status=200, reason=OK 
 headers={'Date': 'Wed, 12 Jun 2024 11:14:41 GMT', 'Content-Type': 'application/json; charset=utf-8', 'Transfer-Encoding': 'chunked', 'Connection': 'keep-alive', 'X-Powered-By': 'Express', 'Access-Control-Allow-Origin': '*', 'Cache-Control': 'no-cache', 'ETag': 'W/"4ab-Pd08Ebw032xoBaSDs3SnVVbmAVs"', 'Vary': 'Accept-Encoding', 'Content-Encoding': 'gzip', 'CF-Cache-Status': 'DYNAMIC', 'Report-To': '{"endpoints":[{"url":"https:\\/\\/a.nel.cloudflare.com\\/report\\/v4?s=BZUn4OQHKKmYy0%2B1LtSw6L7ZhiF6MvGJiUZc6VEGI97%2Fe8YTZEC%2BdFnne5o2Um%2FkNitWVV6wn7Y%2BqO5PCBiTzHFlIwKBhfcIC7gLIQNSphYbY%2F54ZDAkd8tctpNbJQh5"}],"group":"cf-nel","max_age":604800}', 'NEL': '{"success_fraction":0,"report_to":"cf-nel","max_age":604800}', 'Server': 'cloudflare', 'CF-RAY': '89296b30ad9f608a-ORD', 'alt-svc': 'h3=":443"; ma=86400'} 
 body={"results":[{"gender":"female","name":{"title":"Mrs","first":"Guillermina","last":"Soto"},"location":{"street":{"number":8175,"name":"Peatonal Querétaro"},"city":"La Manzanilla","state":"Queretaro","country":"Mexico","postcode":40043,"coordinates":{"latitude":"25.7908","longitude":"102.7635"},"timezone":{"offset":"+1:00","description":"Brussels, Copenhagen, Madrid, Paris"}},"email":"guillermina.soto@example.com","login":{"uuid":"6d67db6a-57a9-477a-a709-2b4b35b3dbaa","username":"organicdog727","password":"1961","salt":"DNLBDO3E","md5":"6f090c5e5972cd9d9371d398a91c85c9","sha1":"21ee5a7c82bce582a75ca5c368de768f8f7a03f5","sha256":"e1c315e6d08b3d57781d51cb3b560a45ba93bf2c1cbe2afbcc75ffb6e5d4a8e9"},"dob":{"date":"1960-05-14T05:13:00.085Z","age":64},"registered":{"date":"2017-04-13T07:41:01.888Z","age":7},"phone":"(637) 287 6686","cell":"(612) 177 2896","id":{"name":"NSS","value":"41 94 75 3517 2"},"picture":{"large":"https://randomuser.me/api/portraits/women/18.jpg","medium":"https://randomuser.me/api/portraits/med/women/18.jpg","thumbnail":"https://randomuser.me/api/portraits/thumb/women/18.jpg"},"nat":"MX"}],"info":{"seed":"009d090b2f6b8700","results":1,"page":1,"version":"1.4"}} 
 </msg>
<msg time="2024-06-12T11:14:41.500705" level="INFO">/opt/hostedtoolcache/Python/3.12.3/x64/lib/python3.12/site-packages/urllib3/connectionpool.py:1103: InsecureRequestWarning: Unverified HTTPS request is being made to host 'randomuser.me'. Adding certificate verification is strongly advised. See: https://urllib3.readthedocs.io/en/latest/advanced-usage.html#tls-warnings
  warnings.warn(</msg>
<msg time="2024-06-12T11:14:41.501667" level="INFO">${response} = &lt;Response [200]&gt;</msg>
<var>${response}</var>
<arg>consultarAPI</arg>
<arg>/api</arg>
<doc>Sends a GET request on a previously created HTTP Session.</doc>
<status status="PASS" start="2024-06-12T11:14:41.378154" elapsed="0.123549"/>
</kw>
<kw name="Set Variable" owner="BuiltIn">
<msg time="2024-06-12T11:14:41.502787" level="INFO">${json_data} = {'results': [{'gender': 'female', 'name': {'title': 'Mrs', 'first': 'Guillermina', 'last': 'Soto'}, 'location': {'street': {'number': 8175, 'name': 'Peatonal Querétaro'}, 'city': 'La Manzanilla', 'sta...</msg>
<var>${json_data}</var>
<arg>${response.json()}</arg>
<doc>Returns the given values which can then be assigned to a variables.</doc>
<status status="PASS" start="2024-06-12T11:14:41.502255" elapsed="0.000563"/>
</kw>
<kw name="Log" owner="BuiltIn">
<msg time="2024-06-12T11:14:41.503295" level="INFO">{'results': [{'gender': 'female', 'name': {'title': 'Mrs', 'first': 'Guillermina', 'last': 'Soto'}, 'location': {'street': {'number': 8175, 'name': 'Peatonal Querétaro'}, 'city': 'La Manzanilla', 'state': 'Queretaro', 'country': 'Mexico', 'postcode': 40043, 'coordinates': {'latitude': '25.7908', 'longitude': '102.7635'}, 'timezone': {'offset': '+1:00', 'description': 'Brussels, Copenhagen, Madrid, Paris'}}, 'email': 'guillermina.soto@example.com', 'login': {'uuid': '6d67db6a-57a9-477a-a709-2b4b35b3dbaa', 'username': 'organicdog727', 'password': '1961', 'salt': 'DNLBDO3E', 'md5': '6f090c5e5972cd9d9371d398a91c85c9', 'sha1': '21ee5a7c82bce582a75ca5c368de768f8f7a03f5', 'sha256': 'e1c315e6d08b3d57781d51cb3b560a45ba93bf2c1cbe2afbcc75ffb6e5d4a8e9'}, 'dob': {'date': '1960-05-14T05:13:00.085Z', 'age': 64}, 'registered': {'date': '2017-04-13T07:41:01.888Z', 'age': 7}, 'phone': '(637) 287 6686', 'cell': '(612) 177 2896', 'id': {'name': 'NSS', 'value': '41 94 75 3517 2'}, 'picture': {'large': 'https://randomuser.me/api/portraits/women/18.jpg', 'medium': 'https://randomuser.me/api/portraits/med/women/18.jpg', 'thumbnail': 'https://randomuser.me/api/portraits/thumb/women/18.jpg'}, 'nat': 'MX'}], 'info': {'seed': '009d090b2f6b8700', 'results': 1, 'page': 1, 'version': '1.4'}}</msg>
<arg>${json_data}</arg>
<doc>Logs the given message with the given level.</doc>
<status status="PASS" start="2024-06-12T11:14:41.503133" elapsed="0.000223"/>
</kw>
<kw name="Should Be Equal As Numbers" owner="BuiltIn">
<arg>${json_data['results'][0]['location']['postcode']}</arg>
<arg>${json_data['results'][0]['location']['postcode']}</arg>
<doc>Fails if objects are unequal after converting them to real numbers.</doc>
<status status="PASS" start="2024-06-12T11:14:41.503650" elapsed="0.000612"/>
</kw>
<kw name="Log" owner="BuiltIn">
<msg time="2024-06-12T11:14:41.504777" level="INFO">40043</msg>
<arg>${json_data['results'][0]['location']['postcode']}</arg>
<doc>Logs the given message with the given level.</doc>
<status status="PASS" start="2024-06-12T11:14:41.504449" elapsed="0.000366"/>
</kw>
<status status="PASS" start="2024-06-12T11:14:41.377884" elapsed="0.127218"/>
</kw>
<doc>Testa se os tipos de dados na resposta da API estão corretos.</doc>
<tag>testeTiposDados</tag>
<status status="PASS" start="2024-06-12T11:14:41.313080" elapsed="0.192195"/>
</test>
<test id="s1-s1-t5" name="Validar conteudo" line="35">
<kw name="Teste de Tipos de Conteudo" owner="random-user-service">
<kw name="GET On Session" owner="RequestsLibrary">
<msg time="2024-06-12T11:14:41.578229" level="INFO">GET Request : url=https://randomuser.me/api 
 path_url=/api 
 headers={'User-Agent': 'python-requests/2.32.3', 'Accept-Encoding': 'gzip, deflate', 'Accept': '*/*', 'Connection': 'keep-alive'} 
 body=None 
 </msg>
<msg time="2024-06-12T11:14:41.578330" level="INFO">GET Response : url=https://randomuser.me/api 
 status=200, reason=OK 
 headers={'Date': 'Wed, 12 Jun 2024 11:14:41 GMT', 'Content-Type': 'application/json; charset=utf-8', 'Transfer-Encoding': 'chunked', 'Connection': 'keep-alive', 'X-Powered-By': 'Express', 'Access-Control-Allow-Origin': '*', 'Cache-Control': 'no-cache', 'ETag': 'W/"493-3SRkjUJVc/bngncxa1y7y4Sx/wA"', 'Vary': 'Accept-Encoding', 'Content-Encoding': 'gzip', 'CF-Cache-Status': 'DYNAMIC', 'Report-To': '{"endpoints":[{"url":"https:\\/\\/a.nel.cloudflare.com\\/report\\/v4?s=dXzUVvH3dSdTY6oR2JzNJyGqDkZ0N7FJ9XKdgJS5pg9Jc8iinm2p2SQPcs%2FXrHDOIe2Bg05GJBOkXqFru0AoErJeDRGpOIUZ7RD5hNnbGwy2MDH6AMdIc0pjhwUWD%2BP1"}],"group":"cf-nel","max_age":604800}', 'NEL': '{"success_fraction":0,"report_to":"cf-nel","max_age":604800}', 'Server': 'cloudflare', 'CF-RAY': '89296b317e81608a-ORD', 'alt-svc': 'h3=":443"; ma=86400'} 
 body={"results":[{"gender":"female","name":{"title":"Ms","first":"Celia","last":"Delgado"},"location":{"street":{"number":5283,"name":"Calle de La Democracia"},"city":"Murcia","state":"Comunidad de Madrid","country":"Spain","postcode":36548,"coordinates":{"latitude":"-36.4560","longitude":"28.3660"},"timezone":{"offset":"+6:00","description":"Almaty, Dhaka, Colombo"}},"email":"celia.delgado@example.com","login":{"uuid":"33cc8887-41f9-4b50-91f1-6ccece7bce22","username":"bigkoala779","password":"werewolf","salt":"e8KUuc2e","md5":"792df6f6738429c82953e65ae15ad4f5","sha1":"26103b45afd5886d655634f09edfe0b452d82a0e","sha256":"ca0c3080a1c8e3d504a626f8cd16bffbf499fc68b47027d606f4b4e23890ce70"},"dob":{"date":"1987-10-07T06:10:25.127Z","age":36},"registered":{"date":"2021-02-05T19:05:31.173Z","age":3},"phone":"984-779-115","cell":"693-269-459","id":{"name":"DNI","value":"66279787-E"},"picture":{"large":"https://randomuser.me/api/portraits/women/75.jpg","medium":"https://randomuser.me/api/portraits/med/women/75.jpg","thumbnail":"https://randomuser.me/api/portraits/thumb/women/75.jpg"},"nat":"ES"}],"info":{"seed":"a1d4930209daabfe","results":1,"page":1,"version":"1.4"}} 
 </msg>
<msg time="2024-06-12T11:14:41.578402" level="INFO">/opt/hostedtoolcache/Python/3.12.3/x64/lib/python3.12/site-packages/urllib3/connectionpool.py:1103: InsecureRequestWarning: Unverified HTTPS request is being made to host 'randomuser.me'. Adding certificate verification is strongly advised. See: https://urllib3.readthedocs.io/en/latest/advanced-usage.html#tls-warnings
  warnings.warn(</msg>
<msg time="2024-06-12T11:14:41.578633" level="INFO">${response} = &lt;Response [200]&gt;</msg>
<var>${response}</var>
<arg>consultarAPI</arg>
<arg>/api</arg>
<doc>Sends a GET request on a previously created HTTP Session.</doc>
<status status="PASS" start="2024-06-12T11:14:41.507863" elapsed="0.070805"/>
</kw>
<kw name="Set Variable" owner="BuiltIn">
<msg time="2024-06-12T11:14:41.579687" level="INFO">${json_data} = {'results': [{'gender': 'female', 'name': {'title': 'Ms', 'first': 'Celia', 'last': 'Delgado'}, 'location': {'street': {'number': 5283, 'name': 'Calle de La Democracia'}, 'city': 'Murcia', 'state': 'C...</msg>
<var>${json_data}</var>
<arg>${response.json()}</arg>
<doc>Returns the given values which can then be assigned to a variables.</doc>
<status status="PASS" start="2024-06-12T11:14:41.579174" elapsed="0.000540"/>
</kw>
<kw name="Set Variable" owner="BuiltIn">
<msg time="2024-06-12T11:14:41.580397" level="INFO">${name_title} = Ms</msg>
<var>${name_title}</var>
<arg>${json_data["results"][0]["name"]["title"]}</arg>
<doc>Returns the given values which can then be assigned to a variables.</doc>
<status status="PASS" start="2024-06-12T11:14:41.580016" elapsed="0.000406"/>
</kw>
<kw name="Create List" owner="BuiltIn">
<msg time="2024-06-12T11:14:41.580870" level="INFO">${allowed_titles} = ['Mr', 'Ms', 'Miss', 'Mrs', 'Madame', 'Monsieur']</msg>
<var>${allowed_titles}</var>
<arg>Mr</arg>
<arg>Ms</arg>
<arg>Miss</arg>
<arg>Mrs</arg>
<arg>Madame</arg>
<arg>Monsieur</arg>
<doc>Returns a list containing given items.</doc>
<status status="PASS" start="2024-06-12T11:14:41.580722" elapsed="0.000171"/>
</kw>
<kw name="List Should Contain Value" owner="Collections">
<arg>${allowed_titles}</arg>
<arg>${name_title}</arg>
<doc>Fails if the ``value`` is not found from ``list``.</doc>
<status status="PASS" start="2024-06-12T11:14:41.581190" elapsed="0.000178"/>
</kw>
<kw name="Set Variable" owner="BuiltIn">
<msg time="2024-06-12T11:14:41.581960" level="INFO">${name_country} = ES</msg>
<var>${name_country}</var>
<arg>${json_data["results"][0]["nat"]}</arg>
<doc>Returns the given values which can then be assigned to a variables.</doc>
<status status="PASS" start="2024-06-12T11:14:41.581552" elapsed="0.000437"/>
</kw>
<kw name="Create List" owner="BuiltIn">
<msg time="2024-06-12T11:14:41.582878" level="INFO">${list_country} = ['AD', 'AE', 'AF', 'AG', 'AI', 'AL', 'AM', 'AO', 'AQ', 'AR', 'AS', 'AT', 'AU', 'AW', 'AX', 'AZ', 'BA', 'BB', 'BD', 'BE', 'BF', 'BG', 'BH', 'BI', 'BJ', 'BL', 'BM', 'BN', 'BO', 'BQ', 'BR', 'BS', 'BT', '...</msg>
<var>${list_country}</var>
<arg>AD</arg>
<arg>AE</arg>
<arg>AF</arg>
<arg>AG</arg>
<arg>AI</arg>
<arg>AL</arg>
<arg>AM</arg>
<arg>AO</arg>
<arg>AQ</arg>
<arg>AR</arg>
<arg>AS</arg>
<arg>AT</arg>
<arg>AU</arg>
<arg>AW</arg>
<arg>AX</arg>
<arg>AZ</arg>
<arg>BA</arg>
<arg>BB</arg>
<arg>BD</arg>
<arg>BE</arg>
<arg>BF</arg>
<arg>BG</arg>
<arg>BH</arg>
<arg>BI</arg>
<arg>BJ</arg>
<arg>BL</arg>
<arg>BM</arg>
<arg>BN</arg>
<arg>BO</arg>
<arg>BQ</arg>
<arg>BR</arg>
<arg>BS</arg>
<arg>BT</arg>
<arg>BV</arg>
<arg>BW</arg>
<arg>BY</arg>
<arg>BZ</arg>
<arg>CA</arg>
<arg>CC</arg>
<arg>CD</arg>
<arg>CF</arg>
<arg>CG</arg>
<arg>CH</arg>
<arg>CI</arg>
<arg>CK</arg>
<arg>CL</arg>
<arg>CM</arg>
<arg>CN</arg>
<arg>CO</arg>
<arg>CR</arg>
<arg>CU</arg>
<arg>CV</arg>
<arg>CW</arg>
<arg>CX</arg>
<arg>CY</arg>
<arg>CZ</arg>
<arg>DE</arg>
<arg>DJ</arg>
<arg>DK</arg>
<arg>DM</arg>
<arg>DO</arg>
<arg>DZ</arg>
<arg>EC</arg>
<arg>EE</arg>
<arg>EG</arg>
<arg>EH</arg>
<arg>ER</arg>
<arg>ES</arg>
<arg>ET</arg>
<arg>FI</arg>
<arg>FJ</arg>
<arg>FK</arg>
<arg>FM</arg>
<arg>FO</arg>
<arg>FR</arg>
<arg>GA</arg>
<arg>GB</arg>
<arg>GD</arg>
<arg>GE</arg>
<arg>GF</arg>
<arg>GG</arg>
<arg>GH</arg>
<arg>GI</arg>
<arg>GL</arg>
<arg>GM</arg>
<arg>GN</arg>
<arg>GP</arg>
<arg>GQ</arg>
<arg>GR</arg>
<arg>GS</arg>
<arg>GT</arg>
<arg>GU</arg>
<arg>GW</arg>
<arg>GY</arg>
<arg>HK</arg>
<arg>HM</arg>
<arg>HN</arg>
<arg>HR</arg>
<arg>HT</arg>
<arg>HU</arg>
<arg>ID</arg>
<arg>IE</arg>
<arg>IL</arg>
<arg>IM</arg>
<arg>IN</arg>
<arg>IO</arg>
<arg>IQ</arg>
<arg>IR</arg>
<arg>IS</arg>
<arg>IT</arg>
<arg>JE</arg>
<arg>JM</arg>
<arg>JO</arg>
<arg>JP</arg>
<arg>KE</arg>
<arg>KG</arg>
<arg>KH</arg>
<arg>KI</arg>
<arg>KM</arg>
<arg>KN</arg>
<arg>KP</arg>
<arg>KR</arg>
<arg>KW</arg>
<arg>KY</arg>
<arg>KZ</arg>
<arg>LA</arg>
<arg>LB</arg>
<arg>LC</arg>
<arg>LI</arg>
<arg>LK</arg>
<arg>LR</arg>
<arg>LS</arg>
<arg>LT</arg>
<arg>LU</arg>
<arg>LV</arg>
<arg>LY</arg>
<arg>MA</arg>
<arg>MC</arg>
<arg>MD</arg>
<arg>ME</arg>
<arg>MF</arg>
<arg>MG</arg>
<arg>MH</arg>
<arg>MK</arg>
<arg>ML</arg>
<arg>MM</arg>
<arg>MN</arg>
<arg>MO</arg>
<arg>MP</arg>
<arg>MQ</arg>
<arg>MR</arg>
<arg>MS</arg>
<arg>MT</arg>
<arg>MU</arg>
<arg>MV</arg>
<arg>MW</arg>
<arg>MX</arg>
<arg>MY</arg>
<arg>MZ</arg>
<arg>NA</arg>
<arg>NC</arg>
<arg>NE</arg>
<arg>NF</arg>
<arg>NG</arg>
<arg>NI</arg>
<arg>NL</arg>
<arg>NO</arg>
<arg>NP</arg>
<arg>NR</arg>
<arg>NU</arg>
<arg>NZ</arg>
<arg>OM</arg>
<arg>PA</arg>
<arg>PE</arg>
<arg>PF</arg>
<arg>PG</arg>
<arg>PH</arg>
<arg>PK</arg>
<arg>PL</arg>
<arg>PM</arg>
<arg>PN</arg>
<arg>PR</arg>
<arg>PS</arg>
<arg>PT</arg>
<arg>PW</arg>
<arg>PY</arg>
<arg>QA</arg>
<arg>RE</arg>
<arg>RO</arg>
<arg>RS</arg>
<arg>RU</arg>
<arg>RW</arg>
<arg>SA</arg>
<arg>SB</arg>
<arg>SC</arg>
<arg>SD</arg>
<arg>SE</arg>
<arg>SG</arg>
<arg>SH</arg>
<arg>SI</arg>
<arg>SJ</arg>
<arg>SK</arg>
<arg>SL</arg>
<arg>SM</arg>
<arg>SN</arg>
<arg>SO</arg>
<arg>SR</arg>
<arg>SS</arg>
<arg>ST</arg>
<arg>SV</arg>
<arg>SX</arg>
<arg>SY</arg>
<arg>SZ</arg>
<arg>TC</arg>
<arg>TD</arg>
<arg>TF</arg>
<arg>TG</arg>
<arg>TH</arg>
<arg>TJ</arg>
<arg>TK</arg>
<arg>TL</arg>
<arg>TM</arg>
<arg>TN</arg>
<arg>TO</arg>
<arg>TR</arg>
<arg>TT</arg>
<arg>TV</arg>
<arg>TW</arg>
<arg>TZ</arg>
<arg>UA</arg>
<arg>UG</arg>
<arg>UM</arg>
<arg>US</arg>
<arg>UY</arg>
<arg>UZ</arg>
<arg>VA</arg>
<arg>VC</arg>
<arg>VE</arg>
<arg>VG</arg>
<arg>VI</arg>
<arg>VN</arg>
<arg>VU</arg>
<arg>WF</arg>
<arg>WS</arg>
<arg>XK</arg>
<arg>YE</arg>
<arg>YT</arg>
<arg>ZA</arg>
<arg>ZM</arg>
<arg>ZW</arg>
<doc>Returns a list containing given items.</doc>
<status status="PASS" start="2024-06-12T11:14:41.582285" elapsed="0.000619"/>
</kw>
<kw name="List Should Contain Value" owner="Collections">
<arg>${list_country}</arg>
<arg>${name_country}</arg>
<doc>Fails if the ``value`` is not found from ``list``.</doc>
<status status="PASS" start="2024-06-12T11:14:41.583704" elapsed="0.000205"/>
</kw>
<kw name="Run Keyword If" owner="BuiltIn">
<kw name="Should Be True" owner="BuiltIn">
<arg>${True}</arg>
<doc>Fails if the given condition is not true.</doc>
<status status="PASS" start="2024-06-12T11:14:41.584986" elapsed="0.000143"/>
</kw>
<arg>${json_data["results"][0]["location"]["coordinates"]["latitude"]} &gt;= -90 and ${json_data["results"][0]["location"]["coordinates"]["latitude"]} &lt;= 90</arg>
<arg>Should Be True</arg>
<arg>${True}</arg>
<doc>Runs the given keyword with the given arguments, if ``condition`` is true.</doc>
<status status="PASS" start="2024-06-12T11:14:41.584110" elapsed="0.001144"/>
</kw>
<kw name="Run Keyword If" owner="BuiltIn">
<kw name="Should Be True" owner="BuiltIn">
<arg>${True}</arg>
<doc>Fails if the given condition is not true.</doc>
<status status="PASS" start="2024-06-12T11:14:41.586145" elapsed="0.000139"/>
</kw>
<arg>${json_data["results"][0]["location"]["coordinates"]["longitude"]} &gt;= -180 and ${json_data["results"][0]["location"]["coordinates"]["longitude"]} &lt;= 180</arg>
<arg>Should Be True</arg>
<arg>${True}</arg>
<doc>Runs the given keyword with the given arguments, if ``condition`` is true.</doc>
<status status="PASS" start="2024-06-12T11:14:41.585435" elapsed="0.000972"/>
</kw>
<status status="PASS" start="2024-06-12T11:14:41.507636" elapsed="0.078905"/>
</kw>
<doc>Testa o conteúdo específico dos campos retornados pela API.</doc>
<tag>testeConteudo</tag>
<status status="PASS" start="2024-06-12T11:14:41.507082" elapsed="0.079612"/>
</test>
<status status="PASS" start="2024-06-12T11:14:40.593416" elapsed="0.995256"/>
</suite>
<status status="PASS" start="2024-06-12T11:14:40.579715" elapsed="1.014059"/>
</suite>
<statistics>
<total>
<stat pass="5" fail="0" skip="0">All Tests</stat>
</total>
<tag>
<stat pass="1" fail="0" skip="0">testeConteudo</stat>
<stat pass="1" fail="0" skip="0">testeEstruturaResposta</stat>
<stat pass="1" fail="0" skip="0">testeRequisicaoBasica</stat>
<stat pass="1" fail="0" skip="0">testeTiposDados</stat>
</tag>
<suite>
<stat pass="5" fail="0" skip="0" id="s1" name="Tests">Tests</stat>
<stat pass="5" fail="0" skip="0" id="s1-s1" name="Random-User-Test">Tests.Random-User-Test</stat>
</suite>
</statistics>
<errors>
</errors>
</robot>
