<?xml version="1.0" encoding="UTF-8"?>
<robot generator="Robot 7.0 (Python 3.12.2 on linux)" generated="2024-04-02T08:17:34.033232" rpa="false" schemaversion="5">
<suite id="s1" name="Tests" source="/home/runner/work/DesafioQAItauRogerioJordao/DesafioQAItauRogerioJordao/RamdonUser/tests">
<suite id="s1-s1" name="Random-User-Test" source="/home/runner/work/DesafioQAItauRogerioJordao/DesafioQAItauRogerioJordao/RamdonUser/tests/random-user-test.robot">
<test id="s1-s1-t1" name="Conectar" line="13">
<kw name="Conectar API" owner="random-user-service">
<kw name="Create Session" owner="RequestsLibrary">
<msg time="2024-04-02T08:17:34.432439" level="INFO">Creating Session using : alias=consultarAPI, url=https://randomuser.me/, headers={},                     cookies={}, auth=None, timeout=None, proxies=None, verify=False,                     debug=0 </msg>
<arg>consultarAPI</arg>
<arg>${URL}</arg>
<doc>Create Session: create a HTTP session to a server</doc>
<status status="PASS" start="2024-04-02T08:17:34.432195" elapsed="0.000421"/>
</kw>
<status status="PASS" start="2024-04-02T08:17:34.431111" elapsed="0.001876"/>
</kw>
<status status="PASS" start="2024-04-02T08:17:34.430434" elapsed="0.002768"/>
</test>
<test id="s1-s1-t2" name="Validar retorno 200 e JSON Válido" line="16">
<kw name="Teste de Requisicao Basica" owner="random-user-service">
<kw name="GET On Session" owner="RequestsLibrary">
<msg time="2024-04-02T08:17:34.664649" level="INFO">GET Request : url=https://randomuser.me/api 
 path_url=/api 
 headers={'User-Agent': 'python-requests/2.31.0', 'Accept-Encoding': 'gzip, deflate', 'Accept': '*/*', 'Connection': 'keep-alive'} 
 body=None 
 </msg>
<msg time="2024-04-02T08:17:34.664822" level="INFO">GET Response : url=https://randomuser.me/api 
 status=200, reason=OK 
 headers={'Date': 'Tue, 02 Apr 2024 08:17:34 GMT', 'Content-Type': 'application/json; charset=utf-8', 'Transfer-Encoding': 'chunked', 'Connection': 'keep-alive', 'X-Powered-By': 'Express', 'Access-Control-Allow-Origin': '*', 'Cache-Control': 'no-cache', 'ETag': 'W/"4ac-HhS7P6GpHgvPFpErX3eu6a0inmo"', 'Vary': 'Accept-Encoding', 'Content-Encoding': 'gzip', 'CF-Cache-Status': 'DYNAMIC', 'Report-To': '{"endpoints":[{"url":"https:\\/\\/a.nel.cloudflare.com\\/report\\/v4?s=vPBy6snmOOklT6EEwCst%2BEqi78SgUERy50l8eHkVv3%2BNxaRVEkYXJXCfIdO0vLUk2AJYrHvhsMoUd03SI951AO6q3UuyTfLUYheC7K22FDlDOQjVv9k2DGsHpfayeKxT"}],"group":"cf-nel","max_age":604800}', 'NEL': '{"success_fraction":0,"report_to":"cf-nel","max_age":604800}', 'Server': 'cloudflare', 'CF-RAY': '86df621f6a9361c3-ORD', 'alt-svc': 'h3=":443"; ma=86400'} 
 body={"results":[{"gender":"female","name":{"title":"Miss","first":"Sobislava","last":"Kalinenko"},"location":{"street":{"number":3505,"name":"Georgiya Goryushka"},"city":"Bokovo-Hrustalne","state":"Donecka","country":"Ukraine","postcode":23415,"coordinates":{"latitude":"77.9983","longitude":"140.1236"},"timezone":{"offset":"+10:00","description":"Eastern Australia, Guam, Vladivostok"}},"email":"sobislava.kalinenko@example.com","login":{"uuid":"d52f5412-259b-4d1d-9059-6ef9ce953cd7","username":"organicgorilla894","password":"formula","salt":"vKS1gZvc","md5":"9e6b5ca23c82112cdc788c7fcd9d3e8b","sha1":"68b542b9ee8ca9b07007426dd38a1f19b3e264f3","sha256":"767d6d72a8e6083bcea85e0b61f825d72df29e14f11121d01135c71bc908ce6e"},"dob":{"date":"1999-08-08T20:15:16.208Z","age":24},"registered":{"date":"2014-06-24T06:53:18.555Z","age":9},"phone":"(099) P31-7841","cell":"(097) W15-6363","id":{"name":"","value":null},"picture":{"large":"https://randomuser.me/api/portraits/women/76.jpg","medium":"https://randomuser.me/api/portraits/med/women/76.jpg","thumbnail":"https://randomuser.me/api/portraits/thumb/women/76.jpg"},"nat":"UA"}],"info":{"seed":"eb809be1e780c0b6","results":1,"page":1,"version":"1.4"}} 
 </msg>
<msg time="2024-04-02T08:17:34.664950" level="INFO">/opt/hostedtoolcache/Python/3.12.2/x64/lib/python3.12/site-packages/urllib3/connectionpool.py:1103: InsecureRequestWarning: Unverified HTTPS request is being made to host 'randomuser.me'. Adding certificate verification is strongly advised. See: https://urllib3.readthedocs.io/en/latest/advanced-usage.html#tls-warnings
  warnings.warn(</msg>
<msg time="2024-04-02T08:17:34.665107" level="INFO">${response} = &lt;Response [200]&gt;</msg>
<var>${response}</var>
<arg>consultarAPI</arg>
<arg>/api</arg>
<doc>Sends a GET request on a previously created HTTP Session.</doc>
<status status="PASS" start="2024-04-02T08:17:34.435884" elapsed="0.229269"/>
</kw>
<kw name="Should Be Equal As Numbers" owner="BuiltIn">
<msg time="2024-04-02T08:17:34.666195" level="INFO">Argument types are:
&lt;class 'int'&gt;
&lt;class 'str'&gt;</msg>
<arg>${response.status_code}</arg>
<arg>200</arg>
<doc>Fails if objects are unequal after converting them to real numbers.</doc>
<status status="PASS" start="2024-04-02T08:17:34.665705" elapsed="0.000556"/>
</kw>
<kw name="Log" owner="BuiltIn">
<msg time="2024-04-02T08:17:34.666949" level="INFO">200</msg>
<arg>${response.status_code}</arg>
<doc>Logs the given message with the given level.</doc>
<status status="PASS" start="2024-04-02T08:17:34.666587" elapsed="0.000406"/>
</kw>
<kw name="Set Variable" owner="BuiltIn">
<msg time="2024-04-02T08:17:34.667764" level="INFO">${json_data} = {'results': [{'gender': 'female', 'name': {'title': 'Miss', 'first': 'Sobislava', 'last': 'Kalinenko'}, 'location': {'street': {'number': 3505, 'name': 'Georgiya Goryushka'}, 'city': 'Bokovo-Hrustalne...</msg>
<var>${json_data}</var>
<arg>${response.json()}</arg>
<doc>Returns the given values which can then be assigned to a variables.</doc>
<status status="PASS" start="2024-04-02T08:17:34.667307" elapsed="0.000485"/>
</kw>
<kw name="Dictionary Should Contain Key" owner="Collections">
<msg time="2024-04-02T08:17:34.668313" level="INFO">False</msg>
<arg>${json_data}</arg>
<arg>results</arg>
<doc>Fails if ``key`` is not found from ``dictionary``.</doc>
<status status="PASS" start="2024-04-02T08:17:34.668101" elapsed="0.000258"/>
</kw>
<status status="PASS" start="2024-04-02T08:17:34.435632" elapsed="0.233015"/>
</kw>
<doc>Testa se a API responde corretamente e retorna um objeto JSON válido.</doc>
<tag>testeRequisicaoBasica</tag>
<status status="PASS" start="2024-04-02T08:17:34.435065" elapsed="0.233774"/>
</test>
<test id="s1-s1-t3" name="Validar estrutura de resposta" line="22">
<kw name="Teste de Estrutura de Resposta" owner="random-user-service">
<kw name="GET On Session" owner="RequestsLibrary">
<msg time="2024-04-02T08:17:34.769526" level="INFO">GET Request : url=https://randomuser.me/api 
 path_url=/api 
 headers={'User-Agent': 'python-requests/2.31.0', 'Accept-Encoding': 'gzip, deflate', 'Accept': '*/*', 'Connection': 'keep-alive'} 
 body=None 
 </msg>
<msg time="2024-04-02T08:17:34.769605" level="INFO">GET Response : url=https://randomuser.me/api 
 status=200, reason=OK 
 headers={'Date': 'Tue, 02 Apr 2024 08:17:34 GMT', 'Content-Type': 'application/json; charset=utf-8', 'Transfer-Encoding': 'chunked', 'Connection': 'keep-alive', 'X-Powered-By': 'Express', 'Access-Control-Allow-Origin': '*', 'Cache-Control': 'no-cache', 'ETag': 'W/"48d-tmB1PESYjjjqnh/JLca9OEVuF30"', 'Vary': 'Accept-Encoding', 'Content-Encoding': 'gzip', 'CF-Cache-Status': 'DYNAMIC', 'Report-To': '{"endpoints":[{"url":"https:\\/\\/a.nel.cloudflare.com\\/report\\/v4?s=aXYkPX%2FDRWY%2BAHghyHr5GGeVvkBp%2FSLPK3puy6hmvGyYlsCD9ucrdg6R3VNU0NuvPytq9QHjIsk5wRsaAsNRH3%2Ba0NNjaGzxW44pZhmiMdkiGsK3q0IXO5g4VnHgQUkh"}],"group":"cf-nel","max_age":604800}', 'NEL': '{"success_fraction":0,"report_to":"cf-nel","max_age":604800}', 'Server': 'cloudflare', 'CF-RAY': '86df621fbab661c3-ORD', 'alt-svc': 'h3=":443"; ma=86400'} 
 body={"results":[{"gender":"male","name":{"title":"Mr","first":"Adam","last":"Thompson"},"location":{"street":{"number":1245,"name":"Karamu Road"},"city":"Whanganui","state":"Hawke'S Bay","country":"New Zealand","postcode":87764,"coordinates":{"latitude":"49.3491","longitude":"-152.1651"},"timezone":{"offset":"+1:00","description":"Brussels, Copenhagen, Madrid, Paris"}},"email":"adam.thompson@example.com","login":{"uuid":"0b716e4d-9076-4a46-a2f6-14b8a54fc074","username":"yellowgorilla206","password":"bright","salt":"LcBxOsAi","md5":"56db425473114a4bbe0fe62cdaa80bdc","sha1":"1b0ebe64258ea92c574eeb7bff334d11fa6c26e5","sha256":"ddd57d3869525b1eee1b9505fbff107d97f4f2fd9452e54ec71197f488d8c658"},"dob":{"date":"1960-04-24T19:11:11.892Z","age":63},"registered":{"date":"2016-02-26T04:45:40.515Z","age":8},"phone":"(632)-970-4296","cell":"(598)-272-3076","id":{"name":"","value":null},"picture":{"large":"https://randomuser.me/api/portraits/men/50.jpg","medium":"https://randomuser.me/api/portraits/med/men/50.jpg","thumbnail":"https://randomuser.me/api/portraits/thumb/men/50.jpg"},"nat":"NZ"}],"info":{"seed":"c55f095caba5aff7","results":1,"page":1,"version":"1.4"}} 
 </msg>
<msg time="2024-04-02T08:17:34.769729" level="INFO">/opt/hostedtoolcache/Python/3.12.2/x64/lib/python3.12/site-packages/urllib3/connectionpool.py:1103: InsecureRequestWarning: Unverified HTTPS request is being made to host 'randomuser.me'. Adding certificate verification is strongly advised. See: https://urllib3.readthedocs.io/en/latest/advanced-usage.html#tls-warnings
  warnings.warn(</msg>
<msg time="2024-04-02T08:17:34.769843" level="INFO">${response} = &lt;Response [200]&gt;</msg>
<var>${response}</var>
<arg>consultarAPI</arg>
<arg>/api</arg>
<doc>Sends a GET request on a previously created HTTP Session.</doc>
<status status="PASS" start="2024-04-02T08:17:34.671574" elapsed="0.098307"/>
</kw>
<kw name="Set Variable" owner="BuiltIn">
<msg time="2024-04-02T08:17:34.770784" level="INFO">${json_data} = {'results': [{'gender': 'male', 'name': {'title': 'Mr', 'first': 'Adam', 'last': 'Thompson'}, 'location': {'street': {'number': 1245, 'name': 'Karamu Road'}, 'city': 'Whanganui', 'state': "Hawke'S Bay...</msg>
<var>${json_data}</var>
<arg>${response.json()}</arg>
<doc>Returns the given values which can then be assigned to a variables.</doc>
<status status="PASS" start="2024-04-02T08:17:34.770308" elapsed="0.000504"/>
</kw>
<kw name="Log" owner="BuiltIn">
<msg time="2024-04-02T08:17:34.771292" level="INFO">{'results': [{'gender': 'male', 'name': {'title': 'Mr', 'first': 'Adam', 'last': 'Thompson'}, 'location': {'street': {'number': 1245, 'name': 'Karamu Road'}, 'city': 'Whanganui', 'state': "Hawke'S Bay", 'country': 'New Zealand', 'postcode': 87764, 'coordinates': {'latitude': '49.3491', 'longitude': '-152.1651'}, 'timezone': {'offset': '+1:00', 'description': 'Brussels, Copenhagen, Madrid, Paris'}}, 'email': 'adam.thompson@example.com', 'login': {'uuid': '0b716e4d-9076-4a46-a2f6-14b8a54fc074', 'username': 'yellowgorilla206', 'password': 'bright', 'salt': 'LcBxOsAi', 'md5': '56db425473114a4bbe0fe62cdaa80bdc', 'sha1': '1b0ebe64258ea92c574eeb7bff334d11fa6c26e5', 'sha256': 'ddd57d3869525b1eee1b9505fbff107d97f4f2fd9452e54ec71197f488d8c658'}, 'dob': {'date': '1960-04-24T19:11:11.892Z', 'age': 63}, 'registered': {'date': '2016-02-26T04:45:40.515Z', 'age': 8}, 'phone': '(632)-970-4296', 'cell': '(598)-272-3076', 'id': {'name': '', 'value': None}, 'picture': {'large': 'https://randomuser.me/api/portraits/men/50.jpg', 'medium': 'https://randomuser.me/api/portraits/med/men/50.jpg', 'thumbnail': 'https://randomuser.me/api/portraits/thumb/men/50.jpg'}, 'nat': 'NZ'}], 'info': {'seed': 'c55f095caba5aff7', 'results': 1, 'page': 1, 'version': '1.4'}}</msg>
<arg>${json_data}</arg>
<doc>Logs the given message with the given level.</doc>
<status status="PASS" start="2024-04-02T08:17:34.771124" elapsed="0.000216"/>
</kw>
<kw name="Dictionary Should Contain Key" owner="Collections">
<msg time="2024-04-02T08:17:34.771792" level="INFO">False</msg>
<arg>${json_data}</arg>
<arg>results</arg>
<doc>Fails if ``key`` is not found from ``dictionary``.</doc>
<status status="PASS" start="2024-04-02T08:17:34.771635" elapsed="0.000193"/>
</kw>
<kw name="Should Not Be Empty" owner="BuiltIn">
<msg time="2024-04-02T08:17:34.772310" level="INFO">Length is 2.</msg>
<arg>${json_data}</arg>
<doc>Verifies that the given item is not empty.</doc>
<status status="PASS" start="2024-04-02T08:17:34.772128" elapsed="0.000231"/>
</kw>
<kw name="Create List" owner="BuiltIn">
<msg time="2024-04-02T08:17:34.772816" level="INFO">${expected_keys} = ['gender', 'name', 'location', 'email', 'login']</msg>
<var>${expected_keys}</var>
<arg>gender</arg>
<arg>name</arg>
<arg>location</arg>
<arg>email</arg>
<arg>login</arg>
<doc>Returns a list containing given items.</doc>
<status status="PASS" start="2024-04-02T08:17:34.772666" elapsed="0.000174"/>
</kw>
<for flavor="IN">
<iter>
<kw name="Dictionary Should Contain Key" owner="Collections">
<msg time="2024-04-02T08:17:34.773828" level="INFO">False</msg>
<arg>${json_data['results'][0]}</arg>
<arg>${key}</arg>
<doc>Fails if ``key`` is not found from ``dictionary``.</doc>
<status status="PASS" start="2024-04-02T08:17:34.773420" elapsed="0.000447"/>
</kw>
<kw name="Log" owner="BuiltIn">
<msg time="2024-04-02T08:17:34.774535" level="INFO">{'gender': 'male', 'name': {'title': 'Mr', 'first': 'Adam', 'last': 'Thompson'}, 'location': {'street': {'number': 1245, 'name': 'Karamu Road'}, 'city': 'Whanganui', 'state': "Hawke'S Bay", 'country': 'New Zealand', 'postcode': 87764, 'coordinates': {'latitude': '49.3491', 'longitude': '-152.1651'}, 'timezone': {'offset': '+1:00', 'description': 'Brussels, Copenhagen, Madrid, Paris'}}, 'email': 'adam.thompson@example.com', 'login': {'uuid': '0b716e4d-9076-4a46-a2f6-14b8a54fc074', 'username': 'yellowgorilla206', 'password': 'bright', 'salt': 'LcBxOsAi', 'md5': '56db425473114a4bbe0fe62cdaa80bdc', 'sha1': '1b0ebe64258ea92c574eeb7bff334d11fa6c26e5', 'sha256': 'ddd57d3869525b1eee1b9505fbff107d97f4f2fd9452e54ec71197f488d8c658'}, 'dob': {'date': '1960-04-24T19:11:11.892Z', 'age': 63}, 'registered': {'date': '2016-02-26T04:45:40.515Z', 'age': 8}, 'phone': '(632)-970-4296', 'cell': '(598)-272-3076', 'id': {'name': '', 'value': None}, 'picture': {'large': 'https://randomuser.me/api/portraits/men/50.jpg', 'medium': 'https://randomuser.me/api/portraits/med/men/50.jpg', 'thumbnail': 'https://randomuser.me/api/portraits/thumb/men/50.jpg'}, 'nat': 'NZ'}</msg>
<arg>${json_data['results'][0]}</arg>
<doc>Logs the given message with the given level.</doc>
<status status="PASS" start="2024-04-02T08:17:34.774173" elapsed="0.000416"/>
</kw>
<kw name="Log" owner="BuiltIn">
<msg time="2024-04-02T08:17:34.775022" level="INFO">gender</msg>
<arg>${key}</arg>
<doc>Logs the given message with the given level.</doc>
<status status="PASS" start="2024-04-02T08:17:34.774892" elapsed="0.000168"/>
</kw>
<var name="${key}">gender</var>
<status status="PASS" start="2024-04-02T08:17:34.773296" elapsed="0.001981"/>
</iter>
<iter>
<kw name="Dictionary Should Contain Key" owner="Collections">
<msg time="2024-04-02T08:17:34.775955" level="INFO">False</msg>
<arg>${json_data['results'][0]}</arg>
<arg>${key}</arg>
<doc>Fails if ``key`` is not found from ``dictionary``.</doc>
<status status="PASS" start="2024-04-02T08:17:34.775580" elapsed="0.000412"/>
</kw>
<kw name="Log" owner="BuiltIn">
<msg time="2024-04-02T08:17:34.776716" level="INFO">{'gender': 'male', 'name': {'title': 'Mr', 'first': 'Adam', 'last': 'Thompson'}, 'location': {'street': {'number': 1245, 'name': 'Karamu Road'}, 'city': 'Whanganui', 'state': "Hawke'S Bay", 'country': 'New Zealand', 'postcode': 87764, 'coordinates': {'latitude': '49.3491', 'longitude': '-152.1651'}, 'timezone': {'offset': '+1:00', 'description': 'Brussels, Copenhagen, Madrid, Paris'}}, 'email': 'adam.thompson@example.com', 'login': {'uuid': '0b716e4d-9076-4a46-a2f6-14b8a54fc074', 'username': 'yellowgorilla206', 'password': 'bright', 'salt': 'LcBxOsAi', 'md5': '56db425473114a4bbe0fe62cdaa80bdc', 'sha1': '1b0ebe64258ea92c574eeb7bff334d11fa6c26e5', 'sha256': 'ddd57d3869525b1eee1b9505fbff107d97f4f2fd9452e54ec71197f488d8c658'}, 'dob': {'date': '1960-04-24T19:11:11.892Z', 'age': 63}, 'registered': {'date': '2016-02-26T04:45:40.515Z', 'age': 8}, 'phone': '(632)-970-4296', 'cell': '(598)-272-3076', 'id': {'name': '', 'value': None}, 'picture': {'large': 'https://randomuser.me/api/portraits/men/50.jpg', 'medium': 'https://randomuser.me/api/portraits/med/men/50.jpg', 'thumbnail': 'https://randomuser.me/api/portraits/thumb/men/50.jpg'}, 'nat': 'NZ'}</msg>
<arg>${json_data['results'][0]}</arg>
<doc>Logs the given message with the given level.</doc>
<status status="PASS" start="2024-04-02T08:17:34.776350" elapsed="0.000414"/>
</kw>
<kw name="Log" owner="BuiltIn">
<msg time="2024-04-02T08:17:34.777189" level="INFO">name</msg>
<arg>${key}</arg>
<doc>Logs the given message with the given level.</doc>
<status status="PASS" start="2024-04-02T08:17:34.777063" elapsed="0.000164"/>
</kw>
<var name="${key}">name</var>
<status status="PASS" start="2024-04-02T08:17:34.775465" elapsed="0.001976"/>
</iter>
<iter>
<kw name="Dictionary Should Contain Key" owner="Collections">
<msg time="2024-04-02T08:17:34.778113" level="INFO">False</msg>
<arg>${json_data['results'][0]}</arg>
<arg>${key}</arg>
<doc>Fails if ``key`` is not found from ``dictionary``.</doc>
<status status="PASS" start="2024-04-02T08:17:34.777732" elapsed="0.000419"/>
</kw>
<kw name="Log" owner="BuiltIn">
<msg time="2024-04-02T08:17:34.778809" level="INFO">{'gender': 'male', 'name': {'title': 'Mr', 'first': 'Adam', 'last': 'Thompson'}, 'location': {'street': {'number': 1245, 'name': 'Karamu Road'}, 'city': 'Whanganui', 'state': "Hawke'S Bay", 'country': 'New Zealand', 'postcode': 87764, 'coordinates': {'latitude': '49.3491', 'longitude': '-152.1651'}, 'timezone': {'offset': '+1:00', 'description': 'Brussels, Copenhagen, Madrid, Paris'}}, 'email': 'adam.thompson@example.com', 'login': {'uuid': '0b716e4d-9076-4a46-a2f6-14b8a54fc074', 'username': 'yellowgorilla206', 'password': 'bright', 'salt': 'LcBxOsAi', 'md5': '56db425473114a4bbe0fe62cdaa80bdc', 'sha1': '1b0ebe64258ea92c574eeb7bff334d11fa6c26e5', 'sha256': 'ddd57d3869525b1eee1b9505fbff107d97f4f2fd9452e54ec71197f488d8c658'}, 'dob': {'date': '1960-04-24T19:11:11.892Z', 'age': 63}, 'registered': {'date': '2016-02-26T04:45:40.515Z', 'age': 8}, 'phone': '(632)-970-4296', 'cell': '(598)-272-3076', 'id': {'name': '', 'value': None}, 'picture': {'large': 'https://randomuser.me/api/portraits/men/50.jpg', 'medium': 'https://randomuser.me/api/portraits/med/men/50.jpg', 'thumbnail': 'https://randomuser.me/api/portraits/thumb/men/50.jpg'}, 'nat': 'NZ'}</msg>
<arg>${json_data['results'][0]}</arg>
<doc>Logs the given message with the given level.</doc>
<status status="PASS" start="2024-04-02T08:17:34.778448" elapsed="0.000412"/>
</kw>
<kw name="Log" owner="BuiltIn">
<msg time="2024-04-02T08:17:34.779278" level="INFO">location</msg>
<arg>${key}</arg>
<doc>Logs the given message with the given level.</doc>
<status status="PASS" start="2024-04-02T08:17:34.779152" elapsed="0.000164"/>
</kw>
<var name="${key}">location</var>
<status status="PASS" start="2024-04-02T08:17:34.777619" elapsed="0.001912"/>
</iter>
<iter>
<kw name="Dictionary Should Contain Key" owner="Collections">
<msg time="2024-04-02T08:17:34.780207" level="INFO">False</msg>
<arg>${json_data['results'][0]}</arg>
<arg>${key}</arg>
<doc>Fails if ``key`` is not found from ``dictionary``.</doc>
<status status="PASS" start="2024-04-02T08:17:34.779828" elapsed="0.000417"/>
</kw>
<kw name="Log" owner="BuiltIn">
<msg time="2024-04-02T08:17:34.780967" level="INFO">{'gender': 'male', 'name': {'title': 'Mr', 'first': 'Adam', 'last': 'Thompson'}, 'location': {'street': {'number': 1245, 'name': 'Karamu Road'}, 'city': 'Whanganui', 'state': "Hawke'S Bay", 'country': 'New Zealand', 'postcode': 87764, 'coordinates': {'latitude': '49.3491', 'longitude': '-152.1651'}, 'timezone': {'offset': '+1:00', 'description': 'Brussels, Copenhagen, Madrid, Paris'}}, 'email': 'adam.thompson@example.com', 'login': {'uuid': '0b716e4d-9076-4a46-a2f6-14b8a54fc074', 'username': 'yellowgorilla206', 'password': 'bright', 'salt': 'LcBxOsAi', 'md5': '56db425473114a4bbe0fe62cdaa80bdc', 'sha1': '1b0ebe64258ea92c574eeb7bff334d11fa6c26e5', 'sha256': 'ddd57d3869525b1eee1b9505fbff107d97f4f2fd9452e54ec71197f488d8c658'}, 'dob': {'date': '1960-04-24T19:11:11.892Z', 'age': 63}, 'registered': {'date': '2016-02-26T04:45:40.515Z', 'age': 8}, 'phone': '(632)-970-4296', 'cell': '(598)-272-3076', 'id': {'name': '', 'value': None}, 'picture': {'large': 'https://randomuser.me/api/portraits/men/50.jpg', 'medium': 'https://randomuser.me/api/portraits/med/men/50.jpg', 'thumbnail': 'https://randomuser.me/api/portraits/thumb/men/50.jpg'}, 'nat': 'NZ'}</msg>
<arg>${json_data['results'][0]}</arg>
<doc>Logs the given message with the given level.</doc>
<status status="PASS" start="2024-04-02T08:17:34.780599" elapsed="0.000416"/>
</kw>
<kw name="Log" owner="BuiltIn">
<msg time="2024-04-02T08:17:34.781438" level="INFO">email</msg>
<arg>${key}</arg>
<doc>Logs the given message with the given level.</doc>
<status status="PASS" start="2024-04-02T08:17:34.781309" elapsed="0.000166"/>
</kw>
<var name="${key}">email</var>
<status status="PASS" start="2024-04-02T08:17:34.779706" elapsed="0.001988"/>
</iter>
<iter>
<kw name="Dictionary Should Contain Key" owner="Collections">
<msg time="2024-04-02T08:17:34.782362" level="INFO">False</msg>
<arg>${json_data['results'][0]}</arg>
<arg>${key}</arg>
<doc>Fails if ``key`` is not found from ``dictionary``.</doc>
<status status="PASS" start="2024-04-02T08:17:34.781977" elapsed="0.000422"/>
</kw>
<kw name="Log" owner="BuiltIn">
<msg time="2024-04-02T08:17:34.783056" level="INFO">{'gender': 'male', 'name': {'title': 'Mr', 'first': 'Adam', 'last': 'Thompson'}, 'location': {'street': {'number': 1245, 'name': 'Karamu Road'}, 'city': 'Whanganui', 'state': "Hawke'S Bay", 'country': 'New Zealand', 'postcode': 87764, 'coordinates': {'latitude': '49.3491', 'longitude': '-152.1651'}, 'timezone': {'offset': '+1:00', 'description': 'Brussels, Copenhagen, Madrid, Paris'}}, 'email': 'adam.thompson@example.com', 'login': {'uuid': '0b716e4d-9076-4a46-a2f6-14b8a54fc074', 'username': 'yellowgorilla206', 'password': 'bright', 'salt': 'LcBxOsAi', 'md5': '56db425473114a4bbe0fe62cdaa80bdc', 'sha1': '1b0ebe64258ea92c574eeb7bff334d11fa6c26e5', 'sha256': 'ddd57d3869525b1eee1b9505fbff107d97f4f2fd9452e54ec71197f488d8c658'}, 'dob': {'date': '1960-04-24T19:11:11.892Z', 'age': 63}, 'registered': {'date': '2016-02-26T04:45:40.515Z', 'age': 8}, 'phone': '(632)-970-4296', 'cell': '(598)-272-3076', 'id': {'name': '', 'value': None}, 'picture': {'large': 'https://randomuser.me/api/portraits/men/50.jpg', 'medium': 'https://randomuser.me/api/portraits/med/men/50.jpg', 'thumbnail': 'https://randomuser.me/api/portraits/thumb/men/50.jpg'}, 'nat': 'NZ'}</msg>
<arg>${json_data['results'][0]}</arg>
<doc>Logs the given message with the given level.</doc>
<status status="PASS" start="2024-04-02T08:17:34.782694" elapsed="0.000408"/>
</kw>
<kw name="Log" owner="BuiltIn">
<msg time="2024-04-02T08:17:34.783522" level="INFO">login</msg>
<arg>${key}</arg>
<doc>Logs the given message with the given level.</doc>
<status status="PASS" start="2024-04-02T08:17:34.783395" elapsed="0.000266"/>
</kw>
<var name="${key}">login</var>
<status status="PASS" start="2024-04-02T08:17:34.781866" elapsed="0.002052"/>
</iter>
<var>${key}</var>
<value>@{expected_keys}</value>
<status status="PASS" start="2024-04-02T08:17:34.773103" elapsed="0.010944"/>
</for>
<kw name="Create List" owner="BuiltIn">
<msg time="2024-04-02T08:17:34.784414" level="INFO">${expected_keysTwo} = ['username', 'password']</msg>
<var>${expected_keysTwo}</var>
<arg>username</arg>
<arg>password</arg>
<doc>Returns a list containing given items.</doc>
<status status="PASS" start="2024-04-02T08:17:34.784241" elapsed="0.000198"/>
</kw>
<for flavor="IN">
<iter>
<kw name="Dictionary Should Contain Key" owner="Collections">
<msg time="2024-04-02T08:17:34.785328" level="INFO">False</msg>
<arg>${json_data['results'][0]['login']}</arg>
<arg>${keyTwo}</arg>
<doc>Fails if ``key`` is not found from ``dictionary``.</doc>
<status status="PASS" start="2024-04-02T08:17:34.784944" elapsed="0.000421"/>
</kw>
<kw name="Dictionary Should Contain Key" owner="Collections">
<msg time="2024-04-02T08:17:34.786034" level="INFO">False</msg>
<arg>${json_data['results'][0]['login']}</arg>
<arg>${keyTwo}</arg>
<doc>Fails if ``key`` is not found from ``dictionary``.</doc>
<status status="PASS" start="2024-04-02T08:17:34.785656" elapsed="0.000415"/>
</kw>
<kw name="Log" owner="BuiltIn">
<msg time="2024-04-02T08:17:34.786493" level="INFO">username</msg>
<arg>${keyTwo}</arg>
<doc>Logs the given message with the given level.</doc>
<status status="PASS" start="2024-04-02T08:17:34.786365" elapsed="0.000165"/>
</kw>
<var name="${keyTwo}">username</var>
<status status="PASS" start="2024-04-02T08:17:34.784833" elapsed="0.001918"/>
</iter>
<iter>
<kw name="Dictionary Should Contain Key" owner="Collections">
<msg time="2024-04-02T08:17:34.787418" level="INFO">False</msg>
<arg>${json_data['results'][0]['login']}</arg>
<arg>${keyTwo}</arg>
<doc>Fails if ``key`` is not found from ``dictionary``.</doc>
<status status="PASS" start="2024-04-02T08:17:34.787036" elapsed="0.000420"/>
</kw>
<kw name="Dictionary Should Contain Key" owner="Collections">
<msg time="2024-04-02T08:17:34.788136" level="INFO">False</msg>
<arg>${json_data['results'][0]['login']}</arg>
<arg>${keyTwo}</arg>
<doc>Fails if ``key`` is not found from ``dictionary``.</doc>
<status status="PASS" start="2024-04-02T08:17:34.787751" elapsed="0.000422"/>
</kw>
<kw name="Log" owner="BuiltIn">
<msg time="2024-04-02T08:17:34.788631" level="INFO">password</msg>
<arg>${keyTwo}</arg>
<doc>Logs the given message with the given level.</doc>
<status status="PASS" start="2024-04-02T08:17:34.788499" elapsed="0.000175"/>
</kw>
<var name="${keyTwo}">password</var>
<status status="PASS" start="2024-04-02T08:17:34.786925" elapsed="0.001967"/>
</iter>
<var>${keyTwo}</var>
<value>@{expected_keysTwo}</value>
<status status="PASS" start="2024-04-02T08:17:34.784680" elapsed="0.004333"/>
</for>
<status status="PASS" start="2024-04-02T08:17:34.671336" elapsed="0.117820"/>
</kw>
<doc>Testa a estrutura da resposta da API.</doc>
<tag>testeEstruturaResposta</tag>
<status status="PASS" start="2024-04-02T08:17:34.670673" elapsed="0.118641"/>
</test>
<test id="s1-s1-t4" name="Validar tipos de dados" line="28">
<kw name="Teste de Tipos de Dados" owner="random-user-service">
<kw name="GET On Session" owner="RequestsLibrary">
<msg time="2024-04-02T08:17:34.869578" level="INFO">GET Request : url=https://randomuser.me/api 
 path_url=/api 
 headers={'User-Agent': 'python-requests/2.31.0', 'Accept-Encoding': 'gzip, deflate', 'Accept': '*/*', 'Connection': 'keep-alive'} 
 body=None 
 </msg>
<msg time="2024-04-02T08:17:34.869645" level="INFO">GET Response : url=https://randomuser.me/api 
 status=200, reason=OK 
 headers={'Date': 'Tue, 02 Apr 2024 08:17:34 GMT', 'Content-Type': 'application/json; charset=utf-8', 'Transfer-Encoding': 'chunked', 'Connection': 'keep-alive', 'X-Powered-By': 'Express', 'Access-Control-Allow-Origin': '*', 'Cache-Control': 'no-cache', 'ETag': 'W/"490-67txJUNttoDbWmHNVODrSV1fQ/c"', 'Vary': 'Accept-Encoding', 'Content-Encoding': 'gzip', 'CF-Cache-Status': 'DYNAMIC', 'Report-To': '{"endpoints":[{"url":"https:\\/\\/a.nel.cloudflare.com\\/report\\/v4?s=Lj0me5V9lkcs%2B7xc8aOP3eKXGvdKJkJwP0txG3CO9s0bI7BCXsAArUhFrQPrYehNXSWZKlF4I%2F0hJTml5n5Hmbof3K3BQPCzlc2gTg838Lxk%2FJy632D7eYt8SxYeXIsV"}],"group":"cf-nel","max_age":604800}', 'NEL': '{"success_fraction":0,"report_to":"cf-nel","max_age":604800}', 'Server': 'cloudflare', 'CF-RAY': '86df62207b3c61c3-ORD', 'alt-svc': 'h3=":443"; ma=86400'} 
 body={"results":[{"gender":"female","name":{"title":"Miss","first":"Geertje","last":"Karman"},"location":{"street":{"number":540,"name":"De Loet"},"city":"Vledderveen Gn","state":"Groningen","country":"Netherlands","postcode":"0238 LG","coordinates":{"latitude":"31.2919","longitude":"110.1573"},"timezone":{"offset":"-12:00","description":"Eniwetok, Kwajalein"}},"email":"geertje.karman@example.com","login":{"uuid":"551005e6-8771-4ee0-948b-e1548965f5f6","username":"sadtiger187","password":"lowrider","salt":"EEg45agp","md5":"95b25c15c2d42853347b46675d42f0e0","sha1":"89a292d016c811379e1311937a26be3ae6457a1f","sha256":"b6aaccdc9fa9abce2b8871e41f908ad0e2860afb97f093f2ae95f982018c6c82"},"dob":{"date":"1964-12-30T04:10:02.731Z","age":59},"registered":{"date":"2007-10-26T14:59:09.775Z","age":16},"phone":"(0112) 684857","cell":"(06) 07778898","id":{"name":"BSN","value":"22550907"},"picture":{"large":"https://randomuser.me/api/portraits/women/54.jpg","medium":"https://randomuser.me/api/portraits/med/women/54.jpg","thumbnail":"https://randomuser.me/api/portraits/thumb/women/54.jpg"},"nat":"NL"}],"info":{"seed":"7357c62f71194a90","results":1,"page":1,"version":"1.4"}} 
 </msg>
<msg time="2024-04-02T08:17:34.869703" level="INFO">/opt/hostedtoolcache/Python/3.12.2/x64/lib/python3.12/site-packages/urllib3/connectionpool.py:1103: InsecureRequestWarning: Unverified HTTPS request is being made to host 'randomuser.me'. Adding certificate verification is strongly advised. See: https://urllib3.readthedocs.io/en/latest/advanced-usage.html#tls-warnings
  warnings.warn(</msg>
<msg time="2024-04-02T08:17:34.869791" level="INFO">${response} = &lt;Response [200]&gt;</msg>
<var>${response}</var>
<arg>consultarAPI</arg>
<arg>/api</arg>
<doc>Sends a GET request on a previously created HTTP Session.</doc>
<status status="PASS" start="2024-04-02T08:17:34.791825" elapsed="0.078007"/>
</kw>
<kw name="Set Variable" owner="BuiltIn">
<msg time="2024-04-02T08:17:34.870955" level="INFO">${json_data} = {'results': [{'gender': 'female', 'name': {'title': 'Miss', 'first': 'Geertje', 'last': 'Karman'}, 'location': {'street': {'number': 540, 'name': 'De Loet'}, 'city': 'Vledderveen Gn', 'state': 'Gronin...</msg>
<var>${json_data}</var>
<arg>${response.json()}</arg>
<doc>Returns the given values which can then be assigned to a variables.</doc>
<status status="PASS" start="2024-04-02T08:17:34.870339" elapsed="0.000645"/>
</kw>
<kw name="Log" owner="BuiltIn">
<msg time="2024-04-02T08:17:34.871449" level="INFO">{'results': [{'gender': 'female', 'name': {'title': 'Miss', 'first': 'Geertje', 'last': 'Karman'}, 'location': {'street': {'number': 540, 'name': 'De Loet'}, 'city': 'Vledderveen Gn', 'state': 'Groningen', 'country': 'Netherlands', 'postcode': '0238 LG', 'coordinates': {'latitude': '31.2919', 'longitude': '110.1573'}, 'timezone': {'offset': '-12:00', 'description': 'Eniwetok, Kwajalein'}}, 'email': 'geertje.karman@example.com', 'login': {'uuid': '551005e6-8771-4ee0-948b-e1548965f5f6', 'username': 'sadtiger187', 'password': 'lowrider', 'salt': 'EEg45agp', 'md5': '95b25c15c2d42853347b46675d42f0e0', 'sha1': '89a292d016c811379e1311937a26be3ae6457a1f', 'sha256': 'b6aaccdc9fa9abce2b8871e41f908ad0e2860afb97f093f2ae95f982018c6c82'}, 'dob': {'date': '1964-12-30T04:10:02.731Z', 'age': 59}, 'registered': {'date': '2007-10-26T14:59:09.775Z', 'age': 16}, 'phone': '(0112) 684857', 'cell': '(06) 07778898', 'id': {'name': 'BSN', 'value': '22550907'}, 'picture': {'large': 'https://randomuser.me/api/portraits/women/54.jpg', 'medium': 'https://randomuser.me/api/portraits/med/women/54.jpg', 'thumbnail': 'https://randomuser.me/api/portraits/thumb/women/54.jpg'}, 'nat': 'NL'}], 'info': {'seed': '7357c62f71194a90', 'results': 1, 'page': 1, 'version': '1.4'}}</msg>
<arg>${json_data}</arg>
<doc>Logs the given message with the given level.</doc>
<status status="PASS" start="2024-04-02T08:17:34.871296" elapsed="0.000233"/>
</kw>
<kw name="Should Be String" owner="String">
<arg>${json_data['results'][0]['gender']}</arg>
<doc>Fails if the given ``item`` is not a string.</doc>
<status status="PASS" start="2024-04-02T08:17:34.871831" elapsed="0.000356"/>
</kw>
<kw name="Should Match Regexp" owner="BuiltIn">
<arg>${json_data['results'][0]['email']}</arg>
<arg>^[a-zA-Z0-9._%+-]+@[a-zA-Z0-9.-]+\.[a-zA-Z]{2,}$</arg>
<doc>Fails if ``string`` does not match ``pattern`` as a regular expression.</doc>
<status status="PASS" start="2024-04-02T08:17:34.872430" elapsed="0.000524"/>
</kw>
<kw name="Should Match Regexp" owner="BuiltIn">
<arg>${json_data['results'][0]['dob']['date']}</arg>
<arg>\\d{4}-\\d{2}-\\d{2}T\\d{2}:\\d{2}:\\d{2}\\.\\d{3}Z</arg>
<doc>Fails if ``string`` does not match ``pattern`` as a regular expression.</doc>
<status status="PASS" start="2024-04-02T08:17:34.873154" elapsed="0.000484"/>
</kw>
<kw name="Should Match Regexp" owner="BuiltIn">
<arg>${json_data['results'][0]['registered']['date']}</arg>
<arg>\\d{4}-\\d{2}-\\d{2}T\\d{2}:\\d{2}:\\d{2}\\.\\d{3}Z</arg>
<doc>Fails if ``string`` does not match ``pattern`` as a regular expression.</doc>
<status status="PASS" start="2024-04-02T08:17:34.873831" elapsed="0.000374"/>
</kw>
<kw name="Should Match Regexp" owner="BuiltIn">
<arg>${json_data['results'][0]['picture']['large']}</arg>
<arg>^https?://.*\.(?:png|jpe?g|gif|bmp)$</arg>
<doc>Fails if ``string`` does not match ``pattern`` as a regular expression.</doc>
<status status="PASS" start="2024-04-02T08:17:34.874394" elapsed="0.000460"/>
</kw>
<kw name="Should Match Regexp" owner="BuiltIn">
<arg>${json_data['results'][0]['picture']['medium']}</arg>
<arg>^https?://.*\.(?:png|jpe?g|gif|bmp)$</arg>
<doc>Fails if ``string`` does not match ``pattern`` as a regular expression.</doc>
<status status="PASS" start="2024-04-02T08:17:34.875042" elapsed="0.000366"/>
</kw>
<kw name="Should Match Regexp" owner="BuiltIn">
<arg>${json_data['results'][0]['picture']['thumbnail']}</arg>
<arg>^https?://.*\.(?:png|jpe?g|gif|bmp)$</arg>
<doc>Fails if ``string`` does not match ``pattern`` as a regular expression.</doc>
<status status="PASS" start="2024-04-02T08:17:34.875592" elapsed="0.000353"/>
</kw>
<kw name="Log" owner="BuiltIn">
<msg time="2024-04-02T08:17:34.876499" level="INFO">{'large': 'https://randomuser.me/api/portraits/women/54.jpg', 'medium': 'https://randomuser.me/api/portraits/med/women/54.jpg', 'thumbnail': 'https://randomuser.me/api/portraits/thumb/women/54.jpg'}</msg>
<arg>${json_data['results'][0]['picture']}</arg>
<doc>Logs the given message with the given level.</doc>
<status status="PASS" start="2024-04-02T08:17:34.876127" elapsed="0.000420"/>
</kw>
<status status="PASS" start="2024-04-02T08:17:34.791594" elapsed="0.085210"/>
</kw>
<kw name="Teste de Tipos de Dados - Postcode" owner="random-user-service">
<kw name="GET On Session" owner="RequestsLibrary">
<msg time="2024-04-02T08:17:34.968878" level="INFO">GET Request : url=https://randomuser.me/api 
 path_url=/api 
 headers={'User-Agent': 'python-requests/2.31.0', 'Accept-Encoding': 'gzip, deflate', 'Accept': '*/*', 'Connection': 'keep-alive'} 
 body=None 
 </msg>
<msg time="2024-04-02T08:17:34.968956" level="INFO">GET Response : url=https://randomuser.me/api 
 status=200, reason=OK 
 headers={'Date': 'Tue, 02 Apr 2024 08:17:34 GMT', 'Content-Type': 'application/json; charset=utf-8', 'Transfer-Encoding': 'chunked', 'Connection': 'keep-alive', 'X-Powered-By': 'Express', 'Access-Control-Allow-Origin': '*', 'Cache-Control': 'no-cache', 'ETag': 'W/"496-LHsMPPo8YiIOz7tRSyVazVkDQt4"', 'Vary': 'Accept-Encoding', 'Content-Encoding': 'gzip', 'CF-Cache-Status': 'DYNAMIC', 'Report-To': '{"endpoints":[{"url":"https:\\/\\/a.nel.cloudflare.com\\/report\\/v4?s=CPbEbeRmMT6oaR34lgatoBdcW0jQXFOJLK2K5SqJRAeZCiO61LQL93zbDQ%2FJSxuMkwNNrfsHs%2BLs3fR4d4WRwqB5LiADksSr5EWuv%2Fdxh87uDludSOvcY25u58ZlkBUv"}],"group":"cf-nel","max_age":604800}', 'NEL': '{"success_fraction":0,"report_to":"cf-nel","max_age":604800}', 'Server': 'cloudflare', 'CF-RAY': '86df6220fbf961c3-ORD', 'alt-svc': 'h3=":443"; ma=86400'} 
 body={"results":[{"gender":"female","name":{"title":"Miss","first":"Frida","last":"Thomsen"},"location":{"street":{"number":5260,"name":"Langebjergvej"},"city":"Noerre Alslev","state":"Hovedstaden","country":"Denmark","postcode":24042,"coordinates":{"latitude":"-45.7245","longitude":"114.9002"},"timezone":{"offset":"+4:00","description":"Abu Dhabi, Muscat, Baku, Tbilisi"}},"email":"frida.thomsen@example.com","login":{"uuid":"5f298784-238c-443e-9a66-6970d25cd144","username":"happygorilla660","password":"hawaii","salt":"mFVpl6uN","md5":"ed1afbc6fc98a6865400141806b3fb32","sha1":"3452d8e0491364538d1b0346fb9dd61718f8d1e0","sha256":"729a1c857acb444953c7eaf2cf0dcafa965e17aabf8b2b8be5b2de628aa55078"},"dob":{"date":"1972-01-19T21:34:27.792Z","age":52},"registered":{"date":"2002-11-07T13:03:05.017Z","age":21},"phone":"13881226","cell":"79057122","id":{"name":"CPR","value":"190172-7061"},"picture":{"large":"https://randomuser.me/api/portraits/women/82.jpg","medium":"https://randomuser.me/api/portraits/med/women/82.jpg","thumbnail":"https://randomuser.me/api/portraits/thumb/women/82.jpg"},"nat":"DK"}],"info":{"seed":"72819ca5b2653289","results":1,"page":1,"version":"1.4"}} 
 </msg>
<msg time="2024-04-02T08:17:34.969039" level="INFO">/opt/hostedtoolcache/Python/3.12.2/x64/lib/python3.12/site-packages/urllib3/connectionpool.py:1103: InsecureRequestWarning: Unverified HTTPS request is being made to host 'randomuser.me'. Adding certificate verification is strongly advised. See: https://urllib3.readthedocs.io/en/latest/advanced-usage.html#tls-warnings
  warnings.warn(</msg>
<msg time="2024-04-02T08:17:34.969154" level="INFO">${response} = &lt;Response [200]&gt;</msg>
<var>${response}</var>
<arg>consultarAPI</arg>
<arg>/api</arg>
<doc>Sends a GET request on a previously created HTTP Session.</doc>
<status status="PASS" start="2024-04-02T08:17:34.877363" elapsed="0.091841"/>
</kw>
<kw name="Set Variable" owner="BuiltIn">
<msg time="2024-04-02T08:17:34.970364" level="INFO">${json_data} = {'results': [{'gender': 'female', 'name': {'title': 'Miss', 'first': 'Frida', 'last': 'Thomsen'}, 'location': {'street': {'number': 5260, 'name': 'Langebjergvej'}, 'city': 'Noerre Alslev', 'state': 'H...</msg>
<var>${json_data}</var>
<arg>${response.json()}</arg>
<doc>Returns the given values which can then be assigned to a variables.</doc>
<status status="PASS" start="2024-04-02T08:17:34.969786" elapsed="0.000607"/>
</kw>
<kw name="Log" owner="BuiltIn">
<msg time="2024-04-02T08:17:34.970849" level="INFO">{'results': [{'gender': 'female', 'name': {'title': 'Miss', 'first': 'Frida', 'last': 'Thomsen'}, 'location': {'street': {'number': 5260, 'name': 'Langebjergvej'}, 'city': 'Noerre Alslev', 'state': 'Hovedstaden', 'country': 'Denmark', 'postcode': 24042, 'coordinates': {'latitude': '-45.7245', 'longitude': '114.9002'}, 'timezone': {'offset': '+4:00', 'description': 'Abu Dhabi, Muscat, Baku, Tbilisi'}}, 'email': 'frida.thomsen@example.com', 'login': {'uuid': '5f298784-238c-443e-9a66-6970d25cd144', 'username': 'happygorilla660', 'password': 'hawaii', 'salt': 'mFVpl6uN', 'md5': 'ed1afbc6fc98a6865400141806b3fb32', 'sha1': '3452d8e0491364538d1b0346fb9dd61718f8d1e0', 'sha256': '729a1c857acb444953c7eaf2cf0dcafa965e17aabf8b2b8be5b2de628aa55078'}, 'dob': {'date': '1972-01-19T21:34:27.792Z', 'age': 52}, 'registered': {'date': '2002-11-07T13:03:05.017Z', 'age': 21}, 'phone': '13881226', 'cell': '79057122', 'id': {'name': 'CPR', 'value': '190172-7061'}, 'picture': {'large': 'https://randomuser.me/api/portraits/women/82.jpg', 'medium': 'https://randomuser.me/api/portraits/med/women/82.jpg', 'thumbnail': 'https://randomuser.me/api/portraits/thumb/women/82.jpg'}, 'nat': 'DK'}], 'info': {'seed': '72819ca5b2653289', 'results': 1, 'page': 1, 'version': '1.4'}}</msg>
<arg>${json_data}</arg>
<doc>Logs the given message with the given level.</doc>
<status status="PASS" start="2024-04-02T08:17:34.970696" elapsed="0.000233"/>
</kw>
<kw name="Should Be Equal As Numbers" owner="BuiltIn">
<arg>${json_data['results'][0]['location']['postcode']}</arg>
<arg>${json_data['results'][0]['location']['postcode']}</arg>
<doc>Fails if objects are unequal after converting them to real numbers.</doc>
<status status="PASS" start="2024-04-02T08:17:34.971233" elapsed="0.000621"/>
</kw>
<kw name="Log" owner="BuiltIn">
<msg time="2024-04-02T08:17:34.972444" level="INFO">24042</msg>
<arg>${json_data['results'][0]['location']['postcode']}</arg>
<doc>Logs the given message with the given level.</doc>
<status status="PASS" start="2024-04-02T08:17:34.972048" elapsed="0.000439"/>
</kw>
<status status="PASS" start="2024-04-02T08:17:34.877017" elapsed="0.095731"/>
</kw>
<doc>Testa se os tipos de dados na resposta da API estão corretos.</doc>
<tag>testeTiposDados</tag>
<status status="PASS" start="2024-04-02T08:17:34.791068" elapsed="0.181876"/>
</test>
<test id="s1-s1-t5" name="Validar conteudo" line="35">
<kw name="Teste de Tipos de Conteudo" owner="random-user-service">
<kw name="GET On Session" owner="RequestsLibrary">
<msg time="2024-04-02T08:17:35.071949" level="INFO">GET Request : url=https://randomuser.me/api 
 path_url=/api 
 headers={'User-Agent': 'python-requests/2.31.0', 'Accept-Encoding': 'gzip, deflate', 'Accept': '*/*', 'Connection': 'keep-alive'} 
 body=None 
 </msg>
<msg time="2024-04-02T08:17:35.072045" level="INFO">GET Response : url=https://randomuser.me/api 
 status=200, reason=OK 
 headers={'Date': 'Tue, 02 Apr 2024 08:17:35 GMT', 'Content-Type': 'application/json; charset=utf-8', 'Transfer-Encoding': 'chunked', 'Connection': 'keep-alive', 'X-Powered-By': 'Express', 'Access-Control-Allow-Origin': '*', 'Cache-Control': 'no-cache', 'ETag': 'W/"496-DwlfnjmR/cOO1NudrQlUtHXlJfw"', 'Vary': 'Accept-Encoding', 'Content-Encoding': 'gzip', 'CF-Cache-Status': 'DYNAMIC', 'Report-To': '{"endpoints":[{"url":"https:\\/\\/a.nel.cloudflare.com\\/report\\/v4?s=pwFZvJftnt2CPMFk6y0JGxUjpDa5XuzTmEMfjHik4lao6YilvpbuLz4yq2UWIDulaIMtP9IK0ZYg6u7j1zIBtx8kD22jfEDDu%2FuWIrkePmg6MY0pGuwmb%2FgGNDPkoFVt"}],"group":"cf-nel","max_age":604800}', 'NEL': '{"success_fraction":0,"report_to":"cf-nel","max_age":604800}', 'Server': 'cloudflare', 'CF-RAY': '86df62219cd461c3-ORD', 'alt-svc': 'h3=":443"; ma=86400'} 
 body={"results":[{"gender":"female","name":{"title":"Mrs","first":"Alma","last":"Kuhn"},"location":{"street":{"number":4365,"name":"Edwards Rd"},"city":"Augusta","state":"Michigan","country":"United States","postcode":31589,"coordinates":{"latitude":"84.9187","longitude":"49.1017"},"timezone":{"offset":"-5:00","description":"Eastern Time (US &amp; Canada), Bogota, Lima"}},"email":"alma.kuhn@example.com","login":{"uuid":"08546306-3934-4c4c-9b24-a2bc8b40aba9","username":"brownmouse232","password":"blazer","salt":"LlsXtYgT","md5":"097185cc01ff96751704ae2b9ed5a256","sha1":"7f04be8f045585683446c74c8fc923922579b80a","sha256":"6a7c2fd5460758d7e544ad33fb5818ab25a2ac91c2943bdcec31a742d5d8ab76"},"dob":{"date":"1986-03-08T13:47:12.055Z","age":38},"registered":{"date":"2018-05-04T11:43:19.639Z","age":5},"phone":"(720) 776-5413","cell":"(944) 955-7999","id":{"name":"SSN","value":"242-03-9495"},"picture":{"large":"https://randomuser.me/api/portraits/women/52.jpg","medium":"https://randomuser.me/api/portraits/med/women/52.jpg","thumbnail":"https://randomuser.me/api/portraits/thumb/women/52.jpg"},"nat":"US"}],"info":{"seed":"2b58fd4ea1dc7826","results":1,"page":1,"version":"1.4"}} 
 </msg>
<msg time="2024-04-02T08:17:35.072124" level="INFO">/opt/hostedtoolcache/Python/3.12.2/x64/lib/python3.12/site-packages/urllib3/connectionpool.py:1103: InsecureRequestWarning: Unverified HTTPS request is being made to host 'randomuser.me'. Adding certificate verification is strongly advised. See: https://urllib3.readthedocs.io/en/latest/advanced-usage.html#tls-warnings
  warnings.warn(</msg>
<msg time="2024-04-02T08:17:35.072250" level="INFO">${response} = &lt;Response [200]&gt;</msg>
<var>${response}</var>
<arg>consultarAPI</arg>
<arg>/api</arg>
<doc>Sends a GET request on a previously created HTTP Session.</doc>
<status status="PASS" start="2024-04-02T08:17:34.975412" elapsed="0.096905"/>
</kw>
<kw name="Set Variable" owner="BuiltIn">
<msg time="2024-04-02T08:17:35.073686" level="INFO">${json_data} = {'results': [{'gender': 'female', 'name': {'title': 'Mrs', 'first': 'Alma', 'last': 'Kuhn'}, 'location': {'street': {'number': 4365, 'name': 'Edwards Rd'}, 'city': 'Augusta', 'state': 'Michigan', 'cou...</msg>
<var>${json_data}</var>
<arg>${response.json()}</arg>
<doc>Returns the given values which can then be assigned to a variables.</doc>
<status status="PASS" start="2024-04-02T08:17:35.073030" elapsed="0.000685"/>
</kw>
<kw name="Set Variable" owner="BuiltIn">
<msg time="2024-04-02T08:17:35.074404" level="INFO">${name_title} = Mrs</msg>
<var>${name_title}</var>
<arg>${json_data["results"][0]["name"]["title"]}</arg>
<doc>Returns the given values which can then be assigned to a variables.</doc>
<status status="PASS" start="2024-04-02T08:17:35.074024" elapsed="0.000406"/>
</kw>
<kw name="Create List" owner="BuiltIn">
<msg time="2024-04-02T08:17:35.074883" level="INFO">${allowed_titles} = ['Mr', 'Ms', 'Miss', 'Mrs', 'Madame', 'Monsieur']</msg>
<var>${allowed_titles}</var>
<arg>Mr</arg>
<arg>Ms</arg>
<arg>Miss</arg>
<arg>Mrs</arg>
<arg>Madame</arg>
<arg>Monsieur</arg>
<doc>Returns a list containing given items.</doc>
<status status="PASS" start="2024-04-02T08:17:35.074731" elapsed="0.000176"/>
</kw>
<kw name="List Should Contain Value" owner="Collections">
<msg time="2024-04-02T08:17:35.075397" level="INFO">False</msg>
<arg>${allowed_titles}</arg>
<arg>${name_title}</arg>
<doc>Fails if the ``value`` is not found from ``list``.</doc>
<status status="PASS" start="2024-04-02T08:17:35.075215" elapsed="0.000221"/>
</kw>
<kw name="Set Variable" owner="BuiltIn">
<msg time="2024-04-02T08:17:35.076114" level="INFO">${name_country} = US</msg>
<var>${name_country}</var>
<arg>${json_data["results"][0]["nat"]}</arg>
<doc>Returns the given values which can then be assigned to a variables.</doc>
<status status="PASS" start="2024-04-02T08:17:35.075731" elapsed="0.000408"/>
</kw>
<kw name="Create List" owner="BuiltIn">
<msg time="2024-04-02T08:17:35.077130" level="INFO">${list_country} = ['AD', 'AE', 'AF', 'AG', 'AI', 'AL', 'AM', 'AO', 'AQ', 'AR', 'AS', 'AT', 'AU', 'AW', 'AX', 'AZ', 'BA', 'BB', 'BD', 'BE', 'BF', 'BG', 'BH', 'BI', 'BJ', 'BL', 'BM', 'BN', 'BO', 'BQ', 'BR', 'BS', 'BT', '...</msg>
<var>${list_country}</var>
<arg>AD</arg>
<arg>AE</arg>
<arg>AF</arg>
<arg>AG</arg>
<arg>AI</arg>
<arg>AL</arg>
<arg>AM</arg>
<arg>AO</arg>
<arg>AQ</arg>
<arg>AR</arg>
<arg>AS</arg>
<arg>AT</arg>
<arg>AU</arg>
<arg>AW</arg>
<arg>AX</arg>
<arg>AZ</arg>
<arg>BA</arg>
<arg>BB</arg>
<arg>BD</arg>
<arg>BE</arg>
<arg>BF</arg>
<arg>BG</arg>
<arg>BH</arg>
<arg>BI</arg>
<arg>BJ</arg>
<arg>BL</arg>
<arg>BM</arg>
<arg>BN</arg>
<arg>BO</arg>
<arg>BQ</arg>
<arg>BR</arg>
<arg>BS</arg>
<arg>BT</arg>
<arg>BV</arg>
<arg>BW</arg>
<arg>BY</arg>
<arg>BZ</arg>
<arg>CA</arg>
<arg>CC</arg>
<arg>CD</arg>
<arg>CF</arg>
<arg>CG</arg>
<arg>CH</arg>
<arg>CI</arg>
<arg>CK</arg>
<arg>CL</arg>
<arg>CM</arg>
<arg>CN</arg>
<arg>CO</arg>
<arg>CR</arg>
<arg>CU</arg>
<arg>CV</arg>
<arg>CW</arg>
<arg>CX</arg>
<arg>CY</arg>
<arg>CZ</arg>
<arg>DE</arg>
<arg>DJ</arg>
<arg>DK</arg>
<arg>DM</arg>
<arg>DO</arg>
<arg>DZ</arg>
<arg>EC</arg>
<arg>EE</arg>
<arg>EG</arg>
<arg>EH</arg>
<arg>ER</arg>
<arg>ES</arg>
<arg>ET</arg>
<arg>FI</arg>
<arg>FJ</arg>
<arg>FK</arg>
<arg>FM</arg>
<arg>FO</arg>
<arg>FR</arg>
<arg>GA</arg>
<arg>GB</arg>
<arg>GD</arg>
<arg>GE</arg>
<arg>GF</arg>
<arg>GG</arg>
<arg>GH</arg>
<arg>GI</arg>
<arg>GL</arg>
<arg>GM</arg>
<arg>GN</arg>
<arg>GP</arg>
<arg>GQ</arg>
<arg>GR</arg>
<arg>GS</arg>
<arg>GT</arg>
<arg>GU</arg>
<arg>GW</arg>
<arg>GY</arg>
<arg>HK</arg>
<arg>HM</arg>
<arg>HN</arg>
<arg>HR</arg>
<arg>HT</arg>
<arg>HU</arg>
<arg>ID</arg>
<arg>IE</arg>
<arg>IL</arg>
<arg>IM</arg>
<arg>IN</arg>
<arg>IO</arg>
<arg>IQ</arg>
<arg>IR</arg>
<arg>IS</arg>
<arg>IT</arg>
<arg>JE</arg>
<arg>JM</arg>
<arg>JO</arg>
<arg>JP</arg>
<arg>KE</arg>
<arg>KG</arg>
<arg>KH</arg>
<arg>KI</arg>
<arg>KM</arg>
<arg>KN</arg>
<arg>KP</arg>
<arg>KR</arg>
<arg>KW</arg>
<arg>KY</arg>
<arg>KZ</arg>
<arg>LA</arg>
<arg>LB</arg>
<arg>LC</arg>
<arg>LI</arg>
<arg>LK</arg>
<arg>LR</arg>
<arg>LS</arg>
<arg>LT</arg>
<arg>LU</arg>
<arg>LV</arg>
<arg>LY</arg>
<arg>MA</arg>
<arg>MC</arg>
<arg>MD</arg>
<arg>ME</arg>
<arg>MF</arg>
<arg>MG</arg>
<arg>MH</arg>
<arg>MK</arg>
<arg>ML</arg>
<arg>MM</arg>
<arg>MN</arg>
<arg>MO</arg>
<arg>MP</arg>
<arg>MQ</arg>
<arg>MR</arg>
<arg>MS</arg>
<arg>MT</arg>
<arg>MU</arg>
<arg>MV</arg>
<arg>MW</arg>
<arg>MX</arg>
<arg>MY</arg>
<arg>MZ</arg>
<arg>NA</arg>
<arg>NC</arg>
<arg>NE</arg>
<arg>NF</arg>
<arg>NG</arg>
<arg>NI</arg>
<arg>NL</arg>
<arg>NO</arg>
<arg>NP</arg>
<arg>NR</arg>
<arg>NU</arg>
<arg>NZ</arg>
<arg>OM</arg>
<arg>PA</arg>
<arg>PE</arg>
<arg>PF</arg>
<arg>PG</arg>
<arg>PH</arg>
<arg>PK</arg>
<arg>PL</arg>
<arg>PM</arg>
<arg>PN</arg>
<arg>PR</arg>
<arg>PS</arg>
<arg>PT</arg>
<arg>PW</arg>
<arg>PY</arg>
<arg>QA</arg>
<arg>RE</arg>
<arg>RO</arg>
<arg>RS</arg>
<arg>RU</arg>
<arg>RW</arg>
<arg>SA</arg>
<arg>SB</arg>
<arg>SC</arg>
<arg>SD</arg>
<arg>SE</arg>
<arg>SG</arg>
<arg>SH</arg>
<arg>SI</arg>
<arg>SJ</arg>
<arg>SK</arg>
<arg>SL</arg>
<arg>SM</arg>
<arg>SN</arg>
<arg>SO</arg>
<arg>SR</arg>
<arg>SS</arg>
<arg>ST</arg>
<arg>SV</arg>
<arg>SX</arg>
<arg>SY</arg>
<arg>SZ</arg>
<arg>TC</arg>
<arg>TD</arg>
<arg>TF</arg>
<arg>TG</arg>
<arg>TH</arg>
<arg>TJ</arg>
<arg>TK</arg>
<arg>TL</arg>
<arg>TM</arg>
<arg>TN</arg>
<arg>TO</arg>
<arg>TR</arg>
<arg>TT</arg>
<arg>TV</arg>
<arg>TW</arg>
<arg>TZ</arg>
<arg>UA</arg>
<arg>UG</arg>
<arg>UM</arg>
<arg>US</arg>
<arg>UY</arg>
<arg>UZ</arg>
<arg>VA</arg>
<arg>VC</arg>
<arg>VE</arg>
<arg>VG</arg>
<arg>VI</arg>
<arg>VN</arg>
<arg>VU</arg>
<arg>WF</arg>
<arg>WS</arg>
<arg>XK</arg>
<arg>YE</arg>
<arg>YT</arg>
<arg>ZA</arg>
<arg>ZM</arg>
<arg>ZW</arg>
<doc>Returns a list containing given items.</doc>
<status status="PASS" start="2024-04-02T08:17:35.076496" elapsed="0.000661"/>
</kw>
<kw name="List Should Contain Value" owner="Collections">
<msg time="2024-04-02T08:17:35.078284" level="INFO">False</msg>
<arg>${list_country}</arg>
<arg>${name_country}</arg>
<doc>Fails if the ``value`` is not found from ``list``.</doc>
<status status="PASS" start="2024-04-02T08:17:35.078076" elapsed="0.000246"/>
</kw>
<kw name="Run Keyword If" owner="BuiltIn">
<kw name="Should Be True" owner="BuiltIn">
<arg>${True}</arg>
<doc>Fails if the given condition is not true.</doc>
<status status="PASS" start="2024-04-02T08:17:35.079415" elapsed="0.000147"/>
</kw>
<arg>${json_data["results"][0]["location"]["coordinates"]["latitude"]} &gt;= -90 and ${json_data["results"][0]["location"]["coordinates"]["latitude"]} &lt;= 90</arg>
<arg>Should Be True</arg>
<arg>${True}</arg>
<doc>Runs the given keyword with the given arguments, if ``condition`` is true.</doc>
<status status="PASS" start="2024-04-02T08:17:35.078636" elapsed="0.001055"/>
</kw>
<kw name="Run Keyword If" owner="BuiltIn">
<kw name="Should Be True" owner="BuiltIn">
<arg>${True}</arg>
<doc>Fails if the given condition is not true.</doc>
<status status="PASS" start="2024-04-02T08:17:35.080652" elapsed="0.000141"/>
</kw>
<arg>${json_data["results"][0]["location"]["coordinates"]["longitude"]} &gt;= -180 and ${json_data["results"][0]["location"]["coordinates"]["longitude"]} &lt;= 180</arg>
<arg>Should Be True</arg>
<arg>${True}</arg>
<doc>Runs the given keyword with the given arguments, if ``condition`` is true.</doc>
<status status="PASS" start="2024-04-02T08:17:35.079879" elapsed="0.001037"/>
</kw>
<status status="PASS" start="2024-04-02T08:17:34.975190" elapsed="0.105858"/>
</kw>
<doc>Testa o conteúdo específico dos campos retornados pela API.</doc>
<tag>testeConteudo</tag>
<status status="PASS" start="2024-04-02T08:17:34.974671" elapsed="0.106534"/>
</test>
<status status="PASS" start="2024-04-02T08:17:34.086006" elapsed="0.997171"/>
</suite>
<status status="PASS" start="2024-04-02T08:17:34.072179" elapsed="1.016429"/>
</suite>
<statistics>
<total>
<stat pass="5" fail="0" skip="0">All Tests</stat>
</total>
<tag>
<stat pass="1" fail="0" skip="0">testeConteudo</stat>
<stat pass="1" fail="0" skip="0">testeEstruturaResposta</stat>
<stat pass="1" fail="0" skip="0">testeRequisicaoBasica</stat>
<stat pass="1" fail="0" skip="0">testeTiposDados</stat>
</tag>
<suite>
<stat pass="5" fail="0" skip="0" id="s1" name="Tests">Tests</stat>
<stat pass="5" fail="0" skip="0" id="s1-s1" name="Random-User-Test">Tests.Random-User-Test</stat>
</suite>
</statistics>
<errors>
</errors>
</robot>
