<?xml version="1.0" encoding="UTF-8"?>
<robot generator="Robot 7.0 (Python 3.12.2 on linux)" generated="2024-03-30T05:14:49.606874" rpa="false" schemaversion="5">
<suite id="s1" name="Tests" source="/home/runner/work/DesafioQAItauRogerioJordao/DesafioQAItauRogerioJordao/RamdonUser/tests">
<suite id="s1-s1" name="Random-User-Test" source="/home/runner/work/DesafioQAItauRogerioJordao/DesafioQAItauRogerioJordao/RamdonUser/tests/random-user-test.robot">
<test id="s1-s1-t1" name="Conectar" line="13">
<kw name="Conectar API" owner="random-user-service">
<kw name="Create Session" owner="RequestsLibrary">
<msg time="2024-03-30T05:14:49.957710" level="INFO">Creating Session using : alias=consultarAPI, url=https://randomuser.me/, headers={},                     cookies={}, auth=None, timeout=None, proxies=None, verify=False,                     debug=0 </msg>
<arg>consultarAPI</arg>
<arg>${URL}</arg>
<doc>Create Session: create a HTTP session to a server</doc>
<status status="PASS" start="2024-03-30T05:14:49.957518" elapsed="0.000353"/>
</kw>
<status status="PASS" start="2024-03-30T05:14:49.956542" elapsed="0.001676"/>
</kw>
<status status="PASS" start="2024-03-30T05:14:49.956007" elapsed="0.002414"/>
</test>
<test id="s1-s1-t2" name="Validar retorno 200 e JSON Válido" line="16">
<kw name="Teste de Requisicao Basica" owner="random-user-service">
<kw name="GET On Session" owner="RequestsLibrary">
<msg time="2024-03-30T05:14:50.072946" level="INFO">GET Request : url=https://randomuser.me/api 
 path_url=/api 
 headers={'User-Agent': 'python-requests/2.31.0', 'Accept-Encoding': 'gzip, deflate', 'Accept': '*/*', 'Connection': 'keep-alive'} 
 body=None 
 </msg>
<msg time="2024-03-30T05:14:50.073076" level="INFO">GET Response : url=https://randomuser.me/api 
 status=200, reason=OK 
 headers={'Date': 'Sat, 30 Mar 2024 05:14:50 GMT', 'Content-Type': 'application/json; charset=utf-8', 'Transfer-Encoding': 'chunked', 'Connection': 'keep-alive', 'X-Powered-By': 'Express', 'Access-Control-Allow-Origin': '*', 'Cache-Control': 'no-cache', 'ETag': 'W/"4a5-hjibJqTMgSM+MUJ7eFiTFMlpe3w"', 'Vary': 'Accept-Encoding', 'Content-Encoding': 'gzip', 'CF-Cache-Status': 'DYNAMIC', 'Report-To': '{"endpoints":[{"url":"https:\\/\\/a.nel.cloudflare.com\\/report\\/v4?s=mPjf2sFnLAoxwKJ%2BBYHz0wIuEUbC%2BKQAbY3wccFAWkGRdO9%2BzuABVNn3jdudeFIoiT8%2B0Q9BuR8EW97lXwS0KMDgDG2pD86GKw%2BtfgPs9DmQxgjuNarF6yGdyJBN%2FXx2"}],"group":"cf-nel","max_age":604800}', 'NEL': '{"success_fraction":0,"report_to":"cf-nel","max_age":604800}', 'Server': 'cloudflare', 'CF-RAY': '86c59e4e98f887ac-IAD', 'alt-svc': 'h3=":443"; ma=86400'} 
 body={"results":[{"gender":"female","name":{"title":"Mrs","first":"Rose","last":"Carlson"},"location":{"street":{"number":2118,"name":"Westheimer Rd"},"city":"Pearland","state":"South Carolina","country":"United States","postcode":37475,"coordinates":{"latitude":"84.1765","longitude":"112.2988"},"timezone":{"offset":"+3:00","description":"Baghdad, Riyadh, Moscow, St. Petersburg"}},"email":"rose.carlson@example.com","login":{"uuid":"d1683fac-4662-4c1d-87a1-bd673f02fe86","username":"bigpanda834","password":"pacino","salt":"yylVe1rB","md5":"ad86be1b79105899ab499bf7a6c8b74e","sha1":"b9f2d190cdb9982a4479a5e0a78ecc749707ff3b","sha256":"18db8875967038eace4707dc9fe9193a379a0cbce90d225e5a5a0c431f9a773a"},"dob":{"date":"1969-02-23T09:41:13.794Z","age":55},"registered":{"date":"2011-06-25T17:57:23.800Z","age":12},"phone":"(901) 995-4745","cell":"(937) 796-1559","id":{"name":"SSN","value":"646-99-4412"},"picture":{"large":"https://randomuser.me/api/portraits/women/24.jpg","medium":"https://randomuser.me/api/portraits/med/women/24.jpg","thumbnail":"https://randomuser.me/api/portraits/thumb/women/24.jpg"},"nat":"US"}],"info":{"seed":"7bc421cc37de674b","results":1,"page":1,"version":"1.4"}} 
 </msg>
<msg time="2024-03-30T05:14:50.073188" level="INFO">/opt/hostedtoolcache/Python/3.12.2/x64/lib/python3.12/site-packages/urllib3/connectionpool.py:1103: InsecureRequestWarning: Unverified HTTPS request is being made to host 'randomuser.me'. Adding certificate verification is strongly advised. See: https://urllib3.readthedocs.io/en/latest/advanced-usage.html#tls-warnings
  warnings.warn(</msg>
<msg time="2024-03-30T05:14:50.073324" level="INFO">${response} = &lt;Response [200]&gt;</msg>
<var>${response}</var>
<arg>consultarAPI</arg>
<arg>/api</arg>
<doc>Sends a GET request on a previously created HTTP Session.</doc>
<status status="PASS" start="2024-03-30T05:14:49.961028" elapsed="0.112339"/>
</kw>
<kw name="Should Be Equal As Numbers" owner="BuiltIn">
<msg time="2024-03-30T05:14:50.074280" level="INFO">Argument types are:
&lt;class 'int'&gt;
&lt;class 'str'&gt;</msg>
<arg>${response.status_code}</arg>
<arg>200</arg>
<doc>Fails if objects are unequal after converting them to real numbers.</doc>
<status status="PASS" start="2024-03-30T05:14:50.073862" elapsed="0.000482"/>
</kw>
<kw name="Log" owner="BuiltIn">
<msg time="2024-03-30T05:14:50.075018" level="INFO">200</msg>
<arg>${response.status_code}</arg>
<doc>Logs the given message with the given level.</doc>
<status status="PASS" start="2024-03-30T05:14:50.074662" elapsed="0.000400"/>
</kw>
<kw name="Set Variable" owner="BuiltIn">
<msg time="2024-03-30T05:14:50.075821" level="INFO">${json_data} = {'results': [{'gender': 'female', 'name': {'title': 'Mrs', 'first': 'Rose', 'last': 'Carlson'}, 'location': {'street': {'number': 2118, 'name': 'Westheimer Rd'}, 'city': 'Pearland', 'state': 'South Ca...</msg>
<var>${json_data}</var>
<arg>${response.json()}</arg>
<doc>Returns the given values which can then be assigned to a variables.</doc>
<status status="PASS" start="2024-03-30T05:14:50.075381" elapsed="0.000468"/>
</kw>
<kw name="Dictionary Should Contain Key" owner="Collections">
<msg time="2024-03-30T05:14:50.076366" level="INFO">False</msg>
<arg>${json_data}</arg>
<arg>results</arg>
<doc>Fails if ``key`` is not found from ``dictionary``.</doc>
<status status="PASS" start="2024-03-30T05:14:50.076190" elapsed="0.000216"/>
</kw>
<status status="PASS" start="2024-03-30T05:14:49.960776" elapsed="0.115890"/>
</kw>
<doc>Testa se a API responde corretamente e retorna um objeto JSON válido.</doc>
<tag>testeRequisicaoBasica</tag>
<status status="PASS" start="2024-03-30T05:14:49.960294" elapsed="0.116553"/>
</test>
<test id="s1-s1-t3" name="Validar estrutura de resposta" line="22">
<kw name="Teste de Estrutura de Resposta" owner="random-user-service">
<kw name="GET On Session" owner="RequestsLibrary">
<msg time="2024-03-30T05:14:50.169427" level="INFO">GET Request : url=https://randomuser.me/api 
 path_url=/api 
 headers={'User-Agent': 'python-requests/2.31.0', 'Accept-Encoding': 'gzip, deflate', 'Accept': '*/*', 'Connection': 'keep-alive'} 
 body=None 
 </msg>
<msg time="2024-03-30T05:14:50.169514" level="INFO">GET Response : url=https://randomuser.me/api 
 status=200, reason=OK 
 headers={'Date': 'Sat, 30 Mar 2024 05:14:50 GMT', 'Content-Type': 'application/json; charset=utf-8', 'Transfer-Encoding': 'chunked', 'Connection': 'keep-alive', 'X-Powered-By': 'Express', 'Access-Control-Allow-Origin': '*', 'Cache-Control': 'no-cache', 'ETag': 'W/"491-RjOJfIljH06JCQxbmo3AGUQwmvk"', 'Vary': 'Accept-Encoding', 'Content-Encoding': 'gzip', 'CF-Cache-Status': 'DYNAMIC', 'Report-To': '{"endpoints":[{"url":"https:\\/\\/a.nel.cloudflare.com\\/report\\/v4?s=H5W56mnGaV0Ya5ipwn1vIoKOgtXZnP71nxWeYB%2FTJH1UgH3V6N%2FlxaR0%2F3Q%2BVMVXzv7kvkHASFreilhmEI9J4z0wlKpOnsta5WhYwdZOHe1OAutrialO2JMUQp6Lh1u8"}],"group":"cf-nel","max_age":604800}', 'NEL': '{"success_fraction":0,"report_to":"cf-nel","max_age":604800}', 'Server': 'cloudflare', 'CF-RAY': '86c59e4f09a587ac-IAD', 'alt-svc': 'h3=":443"; ma=86400'} 
 body={"results":[{"gender":"female","name":{"title":"Ms","first":"Debra","last":"Miller"},"location":{"street":{"number":3731,"name":"Green Rd"},"city":"Austin","state":"Arizona","country":"United States","postcode":78889,"coordinates":{"latitude":"85.1294","longitude":"52.3054"},"timezone":{"offset":"+4:00","description":"Abu Dhabi, Muscat, Baku, Tbilisi"}},"email":"debra.miller@example.com","login":{"uuid":"49d95510-caea-4e58-8fc7-85d551bc8e66","username":"heavylion396","password":"rt6ytere","salt":"N4P5tIb8","md5":"754f1fbcad098d7379b7301600ef4a4b","sha1":"fb9948dfcf84a34c259c83499eb0bbc1da16c555","sha256":"0bd0febe61d2e179672ec237598d533fea7d05685542b4b9cffe8fd71011f2ef"},"dob":{"date":"1991-08-21T05:49:30.965Z","age":32},"registered":{"date":"2008-09-29T23:43:55.820Z","age":15},"phone":"(277) 683-4551","cell":"(668) 754-2149","id":{"name":"SSN","value":"852-27-0067"},"picture":{"large":"https://randomuser.me/api/portraits/women/35.jpg","medium":"https://randomuser.me/api/portraits/med/women/35.jpg","thumbnail":"https://randomuser.me/api/portraits/thumb/women/35.jpg"},"nat":"US"}],"info":{"seed":"9fa243d5fad3007d","results":1,"page":1,"version":"1.4"}} 
 </msg>
<msg time="2024-03-30T05:14:50.169647" level="INFO">/opt/hostedtoolcache/Python/3.12.2/x64/lib/python3.12/site-packages/urllib3/connectionpool.py:1103: InsecureRequestWarning: Unverified HTTPS request is being made to host 'randomuser.me'. Adding certificate verification is strongly advised. See: https://urllib3.readthedocs.io/en/latest/advanced-usage.html#tls-warnings
  warnings.warn(</msg>
<msg time="2024-03-30T05:14:50.169791" level="INFO">${response} = &lt;Response [200]&gt;</msg>
<var>${response}</var>
<arg>consultarAPI</arg>
<arg>/api</arg>
<doc>Sends a GET request on a previously created HTTP Session.</doc>
<status status="PASS" start="2024-03-30T05:14:50.079604" elapsed="0.090232"/>
</kw>
<kw name="Set Variable" owner="BuiltIn">
<msg time="2024-03-30T05:14:50.170617" level="INFO">${json_data} = {'results': [{'gender': 'female', 'name': {'title': 'Ms', 'first': 'Debra', 'last': 'Miller'}, 'location': {'street': {'number': 3731, 'name': 'Green Rd'}, 'city': 'Austin', 'state': 'Arizona', 'count...</msg>
<var>${json_data}</var>
<arg>${response.json()}</arg>
<doc>Returns the given values which can then be assigned to a variables.</doc>
<status status="PASS" start="2024-03-30T05:14:50.170179" elapsed="0.000466"/>
</kw>
<kw name="Log" owner="BuiltIn">
<msg time="2024-03-30T05:14:50.171108" level="INFO">{'results': [{'gender': 'female', 'name': {'title': 'Ms', 'first': 'Debra', 'last': 'Miller'}, 'location': {'street': {'number': 3731, 'name': 'Green Rd'}, 'city': 'Austin', 'state': 'Arizona', 'country': 'United States', 'postcode': 78889, 'coordinates': {'latitude': '85.1294', 'longitude': '52.3054'}, 'timezone': {'offset': '+4:00', 'description': 'Abu Dhabi, Muscat, Baku, Tbilisi'}}, 'email': 'debra.miller@example.com', 'login': {'uuid': '49d95510-caea-4e58-8fc7-85d551bc8e66', 'username': 'heavylion396', 'password': 'rt6ytere', 'salt': 'N4P5tIb8', 'md5': '754f1fbcad098d7379b7301600ef4a4b', 'sha1': 'fb9948dfcf84a34c259c83499eb0bbc1da16c555', 'sha256': '0bd0febe61d2e179672ec237598d533fea7d05685542b4b9cffe8fd71011f2ef'}, 'dob': {'date': '1991-08-21T05:49:30.965Z', 'age': 32}, 'registered': {'date': '2008-09-29T23:43:55.820Z', 'age': 15}, 'phone': '(277) 683-4551', 'cell': '(668) 754-2149', 'id': {'name': 'SSN', 'value': '852-27-0067'}, 'picture': {'large': 'https://randomuser.me/api/portraits/women/35.jpg', 'medium': 'https://randomuser.me/api/portraits/med/women/35.jpg', 'thumbnail': 'https://randomuser.me/api/portraits/thumb/women/35.jpg'}, 'nat': 'US'}], 'info': {'seed': '9fa243d5fad3007d', 'results': 1, 'page': 1, 'version': '1.4'}}</msg>
<arg>${json_data}</arg>
<doc>Logs the given message with the given level.</doc>
<status status="PASS" start="2024-03-30T05:14:50.170950" elapsed="0.000204"/>
</kw>
<kw name="Dictionary Should Contain Key" owner="Collections">
<msg time="2024-03-30T05:14:50.171601" level="INFO">False</msg>
<arg>${json_data}</arg>
<arg>results</arg>
<doc>Fails if ``key`` is not found from ``dictionary``.</doc>
<status status="PASS" start="2024-03-30T05:14:50.171450" elapsed="0.000188"/>
</kw>
<kw name="Should Not Be Empty" owner="BuiltIn">
<msg time="2024-03-30T05:14:50.172056" level="INFO">Length is 2.</msg>
<arg>${json_data}</arg>
<doc>Verifies that the given item is not empty.</doc>
<status status="PASS" start="2024-03-30T05:14:50.171925" elapsed="0.000168"/>
</kw>
<kw name="Create List" owner="BuiltIn">
<msg time="2024-03-30T05:14:50.172586" level="INFO">${expected_keys} = ['gender', 'name', 'location', 'email', 'login']</msg>
<var>${expected_keys}</var>
<arg>gender</arg>
<arg>name</arg>
<arg>location</arg>
<arg>email</arg>
<arg>login</arg>
<doc>Returns a list containing given items.</doc>
<status status="PASS" start="2024-03-30T05:14:50.172431" elapsed="0.000179"/>
</kw>
<for flavor="IN">
<iter>
<kw name="Dictionary Should Contain Key" owner="Collections">
<msg time="2024-03-30T05:14:50.173566" level="INFO">False</msg>
<arg>${json_data['results'][0]}</arg>
<arg>${key}</arg>
<doc>Fails if ``key`` is not found from ``dictionary``.</doc>
<status status="PASS" start="2024-03-30T05:14:50.173169" elapsed="0.000436"/>
</kw>
<kw name="Log" owner="BuiltIn">
<msg time="2024-03-30T05:14:50.174281" level="INFO">{'gender': 'female', 'name': {'title': 'Ms', 'first': 'Debra', 'last': 'Miller'}, 'location': {'street': {'number': 3731, 'name': 'Green Rd'}, 'city': 'Austin', 'state': 'Arizona', 'country': 'United States', 'postcode': 78889, 'coordinates': {'latitude': '85.1294', 'longitude': '52.3054'}, 'timezone': {'offset': '+4:00', 'description': 'Abu Dhabi, Muscat, Baku, Tbilisi'}}, 'email': 'debra.miller@example.com', 'login': {'uuid': '49d95510-caea-4e58-8fc7-85d551bc8e66', 'username': 'heavylion396', 'password': 'rt6ytere', 'salt': 'N4P5tIb8', 'md5': '754f1fbcad098d7379b7301600ef4a4b', 'sha1': 'fb9948dfcf84a34c259c83499eb0bbc1da16c555', 'sha256': '0bd0febe61d2e179672ec237598d533fea7d05685542b4b9cffe8fd71011f2ef'}, 'dob': {'date': '1991-08-21T05:49:30.965Z', 'age': 32}, 'registered': {'date': '2008-09-29T23:43:55.820Z', 'age': 15}, 'phone': '(277) 683-4551', 'cell': '(668) 754-2149', 'id': {'name': 'SSN', 'value': '852-27-0067'}, 'picture': {'large': 'https://randomuser.me/api/portraits/women/35.jpg', 'medium': 'https://randomuser.me/api/portraits/med/women/35.jpg', 'thumbnail': 'https://randomuser.me/api/portraits/thumb/women/35.jpg'}, 'nat': 'US'}</msg>
<arg>${json_data['results'][0]}</arg>
<doc>Logs the given message with the given level.</doc>
<status status="PASS" start="2024-03-30T05:14:50.173911" elapsed="0.000424"/>
</kw>
<kw name="Log" owner="BuiltIn">
<msg time="2024-03-30T05:14:50.174770" level="INFO">gender</msg>
<arg>${key}</arg>
<doc>Logs the given message with the given level.</doc>
<status status="PASS" start="2024-03-30T05:14:50.174638" elapsed="0.000170"/>
</kw>
<var name="${key}">gender</var>
<status status="PASS" start="2024-03-30T05:14:50.173044" elapsed="0.001992"/>
</iter>
<iter>
<kw name="Dictionary Should Contain Key" owner="Collections">
<msg time="2024-03-30T05:14:50.175720" level="INFO">False</msg>
<arg>${json_data['results'][0]}</arg>
<arg>${key}</arg>
<doc>Fails if ``key`` is not found from ``dictionary``.</doc>
<status status="PASS" start="2024-03-30T05:14:50.175340" elapsed="0.000419"/>
</kw>
<kw name="Log" owner="BuiltIn">
<msg time="2024-03-30T05:14:50.176469" level="INFO">{'gender': 'female', 'name': {'title': 'Ms', 'first': 'Debra', 'last': 'Miller'}, 'location': {'street': {'number': 3731, 'name': 'Green Rd'}, 'city': 'Austin', 'state': 'Arizona', 'country': 'United States', 'postcode': 78889, 'coordinates': {'latitude': '85.1294', 'longitude': '52.3054'}, 'timezone': {'offset': '+4:00', 'description': 'Abu Dhabi, Muscat, Baku, Tbilisi'}}, 'email': 'debra.miller@example.com', 'login': {'uuid': '49d95510-caea-4e58-8fc7-85d551bc8e66', 'username': 'heavylion396', 'password': 'rt6ytere', 'salt': 'N4P5tIb8', 'md5': '754f1fbcad098d7379b7301600ef4a4b', 'sha1': 'fb9948dfcf84a34c259c83499eb0bbc1da16c555', 'sha256': '0bd0febe61d2e179672ec237598d533fea7d05685542b4b9cffe8fd71011f2ef'}, 'dob': {'date': '1991-08-21T05:49:30.965Z', 'age': 32}, 'registered': {'date': '2008-09-29T23:43:55.820Z', 'age': 15}, 'phone': '(277) 683-4551', 'cell': '(668) 754-2149', 'id': {'name': 'SSN', 'value': '852-27-0067'}, 'picture': {'large': 'https://randomuser.me/api/portraits/women/35.jpg', 'medium': 'https://randomuser.me/api/portraits/med/women/35.jpg', 'thumbnail': 'https://randomuser.me/api/portraits/thumb/women/35.jpg'}, 'nat': 'US'}</msg>
<arg>${json_data['results'][0]}</arg>
<doc>Logs the given message with the given level.</doc>
<status status="PASS" start="2024-03-30T05:14:50.176085" elapsed="0.000433"/>
</kw>
<kw name="Log" owner="BuiltIn">
<msg time="2024-03-30T05:14:50.176944" level="INFO">name</msg>
<arg>${key}</arg>
<doc>Logs the given message with the given level.</doc>
<status status="PASS" start="2024-03-30T05:14:50.176816" elapsed="0.000166"/>
</kw>
<var name="${key}">name</var>
<status status="PASS" start="2024-03-30T05:14:50.175224" elapsed="0.001973"/>
</iter>
<iter>
<kw name="Dictionary Should Contain Key" owner="Collections">
<msg time="2024-03-30T05:14:50.177861" level="INFO">False</msg>
<arg>${json_data['results'][0]}</arg>
<arg>${key}</arg>
<doc>Fails if ``key`` is not found from ``dictionary``.</doc>
<status status="PASS" start="2024-03-30T05:14:50.177488" elapsed="0.000410"/>
</kw>
<kw name="Log" owner="BuiltIn">
<msg time="2024-03-30T05:14:50.178554" level="INFO">{'gender': 'female', 'name': {'title': 'Ms', 'first': 'Debra', 'last': 'Miller'}, 'location': {'street': {'number': 3731, 'name': 'Green Rd'}, 'city': 'Austin', 'state': 'Arizona', 'country': 'United States', 'postcode': 78889, 'coordinates': {'latitude': '85.1294', 'longitude': '52.3054'}, 'timezone': {'offset': '+4:00', 'description': 'Abu Dhabi, Muscat, Baku, Tbilisi'}}, 'email': 'debra.miller@example.com', 'login': {'uuid': '49d95510-caea-4e58-8fc7-85d551bc8e66', 'username': 'heavylion396', 'password': 'rt6ytere', 'salt': 'N4P5tIb8', 'md5': '754f1fbcad098d7379b7301600ef4a4b', 'sha1': 'fb9948dfcf84a34c259c83499eb0bbc1da16c555', 'sha256': '0bd0febe61d2e179672ec237598d533fea7d05685542b4b9cffe8fd71011f2ef'}, 'dob': {'date': '1991-08-21T05:49:30.965Z', 'age': 32}, 'registered': {'date': '2008-09-29T23:43:55.820Z', 'age': 15}, 'phone': '(277) 683-4551', 'cell': '(668) 754-2149', 'id': {'name': 'SSN', 'value': '852-27-0067'}, 'picture': {'large': 'https://randomuser.me/api/portraits/women/35.jpg', 'medium': 'https://randomuser.me/api/portraits/med/women/35.jpg', 'thumbnail': 'https://randomuser.me/api/portraits/thumb/women/35.jpg'}, 'nat': 'US'}</msg>
<arg>${json_data['results'][0]}</arg>
<doc>Logs the given message with the given level.</doc>
<status status="PASS" start="2024-03-30T05:14:50.178195" elapsed="0.000411"/>
</kw>
<kw name="Log" owner="BuiltIn">
<msg time="2024-03-30T05:14:50.179026" level="INFO">location</msg>
<arg>${key}</arg>
<doc>Logs the given message with the given level.</doc>
<status status="PASS" start="2024-03-30T05:14:50.178899" elapsed="0.000164"/>
</kw>
<var name="${key}">location</var>
<status status="PASS" start="2024-03-30T05:14:50.177375" elapsed="0.001902"/>
</iter>
<iter>
<kw name="Dictionary Should Contain Key" owner="Collections">
<msg time="2024-03-30T05:14:50.179931" level="INFO">False</msg>
<arg>${json_data['results'][0]}</arg>
<arg>${key}</arg>
<doc>Fails if ``key`` is not found from ``dictionary``.</doc>
<status status="PASS" start="2024-03-30T05:14:50.179557" elapsed="0.000412"/>
</kw>
<kw name="Log" owner="BuiltIn">
<msg time="2024-03-30T05:14:50.180655" level="INFO">{'gender': 'female', 'name': {'title': 'Ms', 'first': 'Debra', 'last': 'Miller'}, 'location': {'street': {'number': 3731, 'name': 'Green Rd'}, 'city': 'Austin', 'state': 'Arizona', 'country': 'United States', 'postcode': 78889, 'coordinates': {'latitude': '85.1294', 'longitude': '52.3054'}, 'timezone': {'offset': '+4:00', 'description': 'Abu Dhabi, Muscat, Baku, Tbilisi'}}, 'email': 'debra.miller@example.com', 'login': {'uuid': '49d95510-caea-4e58-8fc7-85d551bc8e66', 'username': 'heavylion396', 'password': 'rt6ytere', 'salt': 'N4P5tIb8', 'md5': '754f1fbcad098d7379b7301600ef4a4b', 'sha1': 'fb9948dfcf84a34c259c83499eb0bbc1da16c555', 'sha256': '0bd0febe61d2e179672ec237598d533fea7d05685542b4b9cffe8fd71011f2ef'}, 'dob': {'date': '1991-08-21T05:49:30.965Z', 'age': 32}, 'registered': {'date': '2008-09-29T23:43:55.820Z', 'age': 15}, 'phone': '(277) 683-4551', 'cell': '(668) 754-2149', 'id': {'name': 'SSN', 'value': '852-27-0067'}, 'picture': {'large': 'https://randomuser.me/api/portraits/women/35.jpg', 'medium': 'https://randomuser.me/api/portraits/med/women/35.jpg', 'thumbnail': 'https://randomuser.me/api/portraits/thumb/women/35.jpg'}, 'nat': 'US'}</msg>
<arg>${json_data['results'][0]}</arg>
<doc>Logs the given message with the given level.</doc>
<status status="PASS" start="2024-03-30T05:14:50.180299" elapsed="0.000404"/>
</kw>
<kw name="Log" owner="BuiltIn">
<msg time="2024-03-30T05:14:50.181121" level="INFO">email</msg>
<arg>${key}</arg>
<doc>Logs the given message with the given level.</doc>
<status status="PASS" start="2024-03-30T05:14:50.180994" elapsed="0.000165"/>
</kw>
<var name="${key}">email</var>
<status status="PASS" start="2024-03-30T05:14:50.179447" elapsed="0.001925"/>
</iter>
<iter>
<kw name="Dictionary Should Contain Key" owner="Collections">
<msg time="2024-03-30T05:14:50.182052" level="INFO">False</msg>
<arg>${json_data['results'][0]}</arg>
<arg>${key}</arg>
<doc>Fails if ``key`` is not found from ``dictionary``.</doc>
<status status="PASS" start="2024-03-30T05:14:50.181657" elapsed="0.000432"/>
</kw>
<kw name="Log" owner="BuiltIn">
<msg time="2024-03-30T05:14:50.182739" level="INFO">{'gender': 'female', 'name': {'title': 'Ms', 'first': 'Debra', 'last': 'Miller'}, 'location': {'street': {'number': 3731, 'name': 'Green Rd'}, 'city': 'Austin', 'state': 'Arizona', 'country': 'United States', 'postcode': 78889, 'coordinates': {'latitude': '85.1294', 'longitude': '52.3054'}, 'timezone': {'offset': '+4:00', 'description': 'Abu Dhabi, Muscat, Baku, Tbilisi'}}, 'email': 'debra.miller@example.com', 'login': {'uuid': '49d95510-caea-4e58-8fc7-85d551bc8e66', 'username': 'heavylion396', 'password': 'rt6ytere', 'salt': 'N4P5tIb8', 'md5': '754f1fbcad098d7379b7301600ef4a4b', 'sha1': 'fb9948dfcf84a34c259c83499eb0bbc1da16c555', 'sha256': '0bd0febe61d2e179672ec237598d533fea7d05685542b4b9cffe8fd71011f2ef'}, 'dob': {'date': '1991-08-21T05:49:30.965Z', 'age': 32}, 'registered': {'date': '2008-09-29T23:43:55.820Z', 'age': 15}, 'phone': '(277) 683-4551', 'cell': '(668) 754-2149', 'id': {'name': 'SSN', 'value': '852-27-0067'}, 'picture': {'large': 'https://randomuser.me/api/portraits/women/35.jpg', 'medium': 'https://randomuser.me/api/portraits/med/women/35.jpg', 'thumbnail': 'https://randomuser.me/api/portraits/thumb/women/35.jpg'}, 'nat': 'US'}</msg>
<arg>${json_data['results'][0]}</arg>
<doc>Logs the given message with the given level.</doc>
<status status="PASS" start="2024-03-30T05:14:50.182380" elapsed="0.000405"/>
</kw>
<kw name="Log" owner="BuiltIn">
<msg time="2024-03-30T05:14:50.183211" level="INFO">login</msg>
<arg>${key}</arg>
<doc>Logs the given message with the given level.</doc>
<status status="PASS" start="2024-03-30T05:14:50.183080" elapsed="0.000271"/>
</kw>
<var name="${key}">login</var>
<status status="PASS" start="2024-03-30T05:14:50.181543" elapsed="0.002053"/>
</iter>
<var>${key}</var>
<value>@{expected_keys}</value>
<status status="PASS" start="2024-03-30T05:14:50.172863" elapsed="0.010860"/>
</for>
<kw name="Create List" owner="BuiltIn">
<msg time="2024-03-30T05:14:50.184055" level="INFO">${expected_keysTwo} = ['username', 'password']</msg>
<var>${expected_keysTwo}</var>
<arg>username</arg>
<arg>password</arg>
<doc>Returns a list containing given items.</doc>
<status status="PASS" start="2024-03-30T05:14:50.183916" elapsed="0.000163"/>
</kw>
<for flavor="IN">
<iter>
<kw name="Dictionary Should Contain Key" owner="Collections">
<msg time="2024-03-30T05:14:50.185021" level="INFO">False</msg>
<arg>${json_data['results'][0]['login']}</arg>
<arg>${keyTwo}</arg>
<doc>Fails if ``key`` is not found from ``dictionary``.</doc>
<status status="PASS" start="2024-03-30T05:14:50.184630" elapsed="0.000429"/>
</kw>
<kw name="Dictionary Should Contain Key" owner="Collections">
<msg time="2024-03-30T05:14:50.185733" level="INFO">False</msg>
<arg>${json_data['results'][0]['login']}</arg>
<arg>${keyTwo}</arg>
<doc>Fails if ``key`` is not found from ``dictionary``.</doc>
<status status="PASS" start="2024-03-30T05:14:50.185358" elapsed="0.000412"/>
</kw>
<kw name="Log" owner="BuiltIn">
<msg time="2024-03-30T05:14:50.186188" level="INFO">username</msg>
<arg>${keyTwo}</arg>
<doc>Logs the given message with the given level.</doc>
<status status="PASS" start="2024-03-30T05:14:50.186061" elapsed="0.000164"/>
</kw>
<var name="${keyTwo}">username</var>
<status status="PASS" start="2024-03-30T05:14:50.184518" elapsed="0.001920"/>
</iter>
<iter>
<kw name="Dictionary Should Contain Key" owner="Collections">
<msg time="2024-03-30T05:14:50.187093" level="INFO">False</msg>
<arg>${json_data['results'][0]['login']}</arg>
<arg>${keyTwo}</arg>
<doc>Fails if ``key`` is not found from ``dictionary``.</doc>
<status status="PASS" start="2024-03-30T05:14:50.186719" elapsed="0.000411"/>
</kw>
<kw name="Dictionary Should Contain Key" owner="Collections">
<msg time="2024-03-30T05:14:50.187798" level="INFO">False</msg>
<arg>${json_data['results'][0]['login']}</arg>
<arg>${keyTwo}</arg>
<doc>Fails if ``key`` is not found from ``dictionary``.</doc>
<status status="PASS" start="2024-03-30T05:14:50.187420" elapsed="0.000415"/>
</kw>
<kw name="Log" owner="BuiltIn">
<msg time="2024-03-30T05:14:50.188277" level="INFO">password</msg>
<arg>${keyTwo}</arg>
<doc>Logs the given message with the given level.</doc>
<status status="PASS" start="2024-03-30T05:14:50.188124" elapsed="0.000191"/>
</kw>
<var name="${keyTwo}">password</var>
<status status="PASS" start="2024-03-30T05:14:50.186610" elapsed="0.001920"/>
</iter>
<var>${keyTwo}</var>
<value>@{expected_keysTwo}</value>
<status status="PASS" start="2024-03-30T05:14:50.184367" elapsed="0.004284"/>
</for>
<status status="PASS" start="2024-03-30T05:14:50.079368" elapsed="0.109422"/>
</kw>
<doc>Testa a estrutura da resposta da API.</doc>
<tag>testeEstruturaResposta</tag>
<status status="PASS" start="2024-03-30T05:14:50.078644" elapsed="0.110296"/>
</test>
<test id="s1-s1-t4" name="Validar tipos de dados" line="28">
<kw name="Teste de Tipos de Dados" owner="random-user-service">
<kw name="GET On Session" owner="RequestsLibrary">
<msg time="2024-03-30T05:14:50.277652" level="INFO">GET Request : url=https://randomuser.me/api 
 path_url=/api 
 headers={'User-Agent': 'python-requests/2.31.0', 'Accept-Encoding': 'gzip, deflate', 'Accept': '*/*', 'Connection': 'keep-alive'} 
 body=None 
 </msg>
<msg time="2024-03-30T05:14:50.277738" level="INFO">GET Response : url=https://randomuser.me/api 
 status=200, reason=OK 
 headers={'Date': 'Sat, 30 Mar 2024 05:14:50 GMT', 'Content-Type': 'application/json; charset=utf-8', 'Transfer-Encoding': 'chunked', 'Connection': 'keep-alive', 'X-Powered-By': 'Express', 'Access-Control-Allow-Origin': '*', 'Cache-Control': 'no-cache', 'ETag': 'W/"4a0-ts1TgpADWrt85PtGkSZmM1mqivQ"', 'Vary': 'Accept-Encoding', 'Content-Encoding': 'gzip', 'CF-Cache-Status': 'DYNAMIC', 'Report-To': '{"endpoints":[{"url":"https:\\/\\/a.nel.cloudflare.com\\/report\\/v4?s=lZwacDxrr%2FBkC8biC5qErVEdO8%2BjznkAqDx%2Bq8EQYKwpqk1h8BX8L190cAk0kdMxICb7OnPjyNrRNj6VsZ2qmkgppj3wWxVgImMEfAGgMLy9uwxTepavAuqvw8Ot%2FkiK"}],"group":"cf-nel","max_age":604800}', 'NEL': '{"success_fraction":0,"report_to":"cf-nel","max_age":604800}', 'Server': 'cloudflare', 'CF-RAY': '86c59e4fbaed87ac-IAD', 'alt-svc': 'h3=":443"; ma=86400'} 
 body={"results":[{"gender":"female","name":{"title":"Ms","first":"کیانا","last":"احمدی"},"location":{"street":{"number":9553,"name":"سهروردی"},"city":"ارومیه","state":"خراسان رضوی","country":"Iran","postcode":32689,"coordinates":{"latitude":"14.3098","longitude":"28.3740"},"timezone":{"offset":"-5:00","description":"Eastern Time (US &amp; Canada), Bogota, Lima"}},"email":"khyn.hmdy@example.com","login":{"uuid":"e0f3f514-4bed-4ffc-82e9-74221390fabd","username":"organickoala346","password":"twinkie","salt":"T3109WHi","md5":"b125c6ac4c79d8a77afeedb52d166ee8","sha1":"87d125fef25c90409331a787ff88cabc163579fd","sha256":"15534af888bb4afb006c41f6fcd9304e4de2bab3f7d63df63b11ebc537d8ff1f"},"dob":{"date":"1952-01-05T23:01:11.828Z","age":72},"registered":{"date":"2004-12-14T16:55:08.477Z","age":19},"phone":"025-09678536","cell":"0900-437-3786","id":{"name":"","value":null},"picture":{"large":"https://randomuser.me/api/portraits/women/9.jpg","medium":"https://randomuser.me/api/portraits/med/women/9.jpg","thumbnail":"https://randomuser.me/api/portraits/thumb/women/9.jpg"},"nat":"IR"}],"info":{"seed":"3c39d81519d91b86","results":1,"page":1,"version":"1.4"}} 
 </msg>
<msg time="2024-03-30T05:14:50.277816" level="INFO">/opt/hostedtoolcache/Python/3.12.2/x64/lib/python3.12/site-packages/urllib3/connectionpool.py:1103: InsecureRequestWarning: Unverified HTTPS request is being made to host 'randomuser.me'. Adding certificate verification is strongly advised. See: https://urllib3.readthedocs.io/en/latest/advanced-usage.html#tls-warnings
  warnings.warn(</msg>
<msg time="2024-03-30T05:14:50.277958" level="INFO">${response} = &lt;Response [200]&gt;</msg>
<var>${response}</var>
<arg>consultarAPI</arg>
<arg>/api</arg>
<doc>Sends a GET request on a previously created HTTP Session.</doc>
<status status="PASS" start="2024-03-30T05:14:50.191389" elapsed="0.086608"/>
</kw>
<kw name="Set Variable" owner="BuiltIn">
<msg time="2024-03-30T05:14:50.278814" level="INFO">${json_data} = {'results': [{'gender': 'female', 'name': {'title': 'Ms', 'first': 'کیانا', 'last': 'احمدی'}, 'location': {'street': {'number': 9553, 'name': 'سهروردی'}, 'city': 'ارومیه', 'state': 'خراسان رضوی', 'cou...</msg>
<var>${json_data}</var>
<arg>${response.json()}</arg>
<doc>Returns the given values which can then be assigned to a variables.</doc>
<status status="PASS" start="2024-03-30T05:14:50.278363" elapsed="0.000481"/>
</kw>
<kw name="Log" owner="BuiltIn">
<msg time="2024-03-30T05:14:50.279309" level="INFO">{'results': [{'gender': 'female', 'name': {'title': 'Ms', 'first': 'کیانا', 'last': 'احمدی'}, 'location': {'street': {'number': 9553, 'name': 'سهروردی'}, 'city': 'ارومیه', 'state': 'خراسان رضوی', 'country': 'Iran', 'postcode': 32689, 'coordinates': {'latitude': '14.3098', 'longitude': '28.3740'}, 'timezone': {'offset': '-5:00', 'description': 'Eastern Time (US &amp; Canada), Bogota, Lima'}}, 'email': 'khyn.hmdy@example.com', 'login': {'uuid': 'e0f3f514-4bed-4ffc-82e9-74221390fabd', 'username': 'organickoala346', 'password': 'twinkie', 'salt': 'T3109WHi', 'md5': 'b125c6ac4c79d8a77afeedb52d166ee8', 'sha1': '87d125fef25c90409331a787ff88cabc163579fd', 'sha256': '15534af888bb4afb006c41f6fcd9304e4de2bab3f7d63df63b11ebc537d8ff1f'}, 'dob': {'date': '1952-01-05T23:01:11.828Z', 'age': 72}, 'registered': {'date': '2004-12-14T16:55:08.477Z', 'age': 19}, 'phone': '025-09678536', 'cell': '0900-437-3786', 'id': {'name': '', 'value': None}, 'picture': {'large': 'https://randomuser.me/api/portraits/women/9.jpg', 'medium': 'https://randomuser.me/api/portraits/med/women/9.jpg', 'thumbnail': 'https://randomuser.me/api/portraits/thumb/women/9.jpg'}, 'nat': 'IR'}], 'info': {'seed': '3c39d81519d91b86', 'results': 1, 'page': 1, 'version': '1.4'}}</msg>
<arg>${json_data}</arg>
<doc>Logs the given message with the given level.</doc>
<status status="PASS" start="2024-03-30T05:14:50.279152" elapsed="0.000240"/>
</kw>
<kw name="Should Be String" owner="String">
<arg>${json_data['results'][0]['gender']}</arg>
<doc>Fails if the given ``item`` is not a string.</doc>
<status status="PASS" start="2024-03-30T05:14:50.279697" elapsed="0.000372"/>
</kw>
<kw name="Should Match Regexp" owner="BuiltIn">
<arg>${json_data['results'][0]['email']}</arg>
<arg>^[a-zA-Z0-9._%+-]+@[a-zA-Z0-9.-]+\.[a-zA-Z]{2,}$</arg>
<doc>Fails if ``string`` does not match ``pattern`` as a regular expression.</doc>
<status status="PASS" start="2024-03-30T05:14:50.280310" elapsed="0.000507"/>
</kw>
<kw name="Should Match Regexp" owner="BuiltIn">
<arg>${json_data['results'][0]['dob']['date']}</arg>
<arg>\\d{4}-\\d{2}-\\d{2}T\\d{2}:\\d{2}:\\d{2}\\.\\d{3}Z</arg>
<doc>Fails if ``string`` does not match ``pattern`` as a regular expression.</doc>
<status status="PASS" start="2024-03-30T05:14:50.281014" elapsed="0.000487"/>
</kw>
<kw name="Should Match Regexp" owner="BuiltIn">
<arg>${json_data['results'][0]['registered']['date']}</arg>
<arg>\\d{4}-\\d{2}-\\d{2}T\\d{2}:\\d{2}:\\d{2}\\.\\d{3}Z</arg>
<doc>Fails if ``string`` does not match ``pattern`` as a regular expression.</doc>
<status status="PASS" start="2024-03-30T05:14:50.281694" elapsed="0.000367"/>
</kw>
<kw name="Should Match Regexp" owner="BuiltIn">
<arg>${json_data['results'][0]['picture']['large']}</arg>
<arg>^https?://.*\.(?:png|jpe?g|gif|bmp)$</arg>
<doc>Fails if ``string`` does not match ``pattern`` as a regular expression.</doc>
<status status="PASS" start="2024-03-30T05:14:50.282248" elapsed="0.000460"/>
</kw>
<kw name="Should Match Regexp" owner="BuiltIn">
<arg>${json_data['results'][0]['picture']['medium']}</arg>
<arg>^https?://.*\.(?:png|jpe?g|gif|bmp)$</arg>
<doc>Fails if ``string`` does not match ``pattern`` as a regular expression.</doc>
<status status="PASS" start="2024-03-30T05:14:50.282896" elapsed="0.000355"/>
</kw>
<kw name="Should Match Regexp" owner="BuiltIn">
<arg>${json_data['results'][0]['picture']['thumbnail']}</arg>
<arg>^https?://.*\.(?:png|jpe?g|gif|bmp)$</arg>
<doc>Fails if ``string`` does not match ``pattern`` as a regular expression.</doc>
<status status="PASS" start="2024-03-30T05:14:50.283435" elapsed="0.000345"/>
</kw>
<kw name="Log" owner="BuiltIn">
<msg time="2024-03-30T05:14:50.284324" level="INFO">{'large': 'https://randomuser.me/api/portraits/women/9.jpg', 'medium': 'https://randomuser.me/api/portraits/med/women/9.jpg', 'thumbnail': 'https://randomuser.me/api/portraits/thumb/women/9.jpg'}</msg>
<arg>${json_data['results'][0]['picture']}</arg>
<doc>Logs the given message with the given level.</doc>
<status status="PASS" start="2024-03-30T05:14:50.283960" elapsed="0.000412"/>
</kw>
<status status="PASS" start="2024-03-30T05:14:50.191169" elapsed="0.093460"/>
</kw>
<kw name="Teste de Tipos de Dados - Postcode" owner="random-user-service">
<kw name="GET On Session" owner="RequestsLibrary">
<msg time="2024-03-30T05:14:50.370938" level="INFO">GET Request : url=https://randomuser.me/api 
 path_url=/api 
 headers={'User-Agent': 'python-requests/2.31.0', 'Accept-Encoding': 'gzip, deflate', 'Accept': '*/*', 'Connection': 'keep-alive'} 
 body=None 
 </msg>
<msg time="2024-03-30T05:14:50.371021" level="INFO">GET Response : url=https://randomuser.me/api 
 status=200, reason=OK 
 headers={'Date': 'Sat, 30 Mar 2024 05:14:50 GMT', 'Content-Type': 'application/json; charset=utf-8', 'Transfer-Encoding': 'chunked', 'Connection': 'keep-alive', 'X-Powered-By': 'Express', 'Access-Control-Allow-Origin': '*', 'Cache-Control': 'no-cache', 'ETag': 'W/"480-S4kT/acdejT41Ddju14m1SPfHlk"', 'Vary': 'Accept-Encoding', 'Content-Encoding': 'gzip', 'CF-Cache-Status': 'DYNAMIC', 'Report-To': '{"endpoints":[{"url":"https:\\/\\/a.nel.cloudflare.com\\/report\\/v4?s=7xw4tS4n%2FXKvokN5mjEjFnFWu2WLR%2Bv6F%2F%2B8K8RQf2a2veWZYdKNIURoAqk3RlBhy4dnL6%2Fgr%2FPAbGCIAFVtUtcYTwdkKK%2FPi7oWwR1Fy00viwnqv6CghapYZwE1t1IM"}],"group":"cf-nel","max_age":604800}', 'NEL': '{"success_fraction":0,"report_to":"cf-nel","max_age":604800}', 'Server': 'cloudflare', 'CF-RAY': '86c59e504c4c87ac-IAD', 'alt-svc': 'h3=":443"; ma=86400'} 
 body={"results":[{"gender":"male","name":{"title":"Mr","first":"Ron","last":"Newman"},"location":{"street":{"number":8679,"name":"N Stelling Rd"},"city":"Nampa","state":"Montana","country":"United States","postcode":27411,"coordinates":{"latitude":"86.4451","longitude":"-154.5546"},"timezone":{"offset":"-12:00","description":"Eniwetok, Kwajalein"}},"email":"ron.newman@example.com","login":{"uuid":"da0d8983-e30c-4f43-ab9b-ecc581a4d548","username":"organicpanda912","password":"qwertyu","salt":"6pdX7pnz","md5":"ac3b084d3d6ae6782c33a24482d7bed7","sha1":"f3da0bef69c1f624f8cd5323ade73a09b8e3048b","sha256":"c3bb1267b80c2eb9d7680245d7b4f2a683b1a7e90d2ed7a22c15f93225431761"},"dob":{"date":"1990-07-15T00:08:59.302Z","age":33},"registered":{"date":"2018-07-18T13:41:05.136Z","age":5},"phone":"(616) 483-3580","cell":"(669) 888-9338","id":{"name":"SSN","value":"009-61-0538"},"picture":{"large":"https://randomuser.me/api/portraits/men/36.jpg","medium":"https://randomuser.me/api/portraits/med/men/36.jpg","thumbnail":"https://randomuser.me/api/portraits/thumb/men/36.jpg"},"nat":"US"}],"info":{"seed":"9816765025900bee","results":1,"page":1,"version":"1.4"}} 
 </msg>
<msg time="2024-03-30T05:14:50.371105" level="INFO">/opt/hostedtoolcache/Python/3.12.2/x64/lib/python3.12/site-packages/urllib3/connectionpool.py:1103: InsecureRequestWarning: Unverified HTTPS request is being made to host 'randomuser.me'. Adding certificate verification is strongly advised. See: https://urllib3.readthedocs.io/en/latest/advanced-usage.html#tls-warnings
  warnings.warn(</msg>
<msg time="2024-03-30T05:14:50.371222" level="INFO">${response} = &lt;Response [200]&gt;</msg>
<var>${response}</var>
<arg>consultarAPI</arg>
<arg>/api</arg>
<doc>Sends a GET request on a previously created HTTP Session.</doc>
<status status="PASS" start="2024-03-30T05:14:50.285180" elapsed="0.086085"/>
</kw>
<kw name="Set Variable" owner="BuiltIn">
<msg time="2024-03-30T05:14:50.372095" level="INFO">${json_data} = {'results': [{'gender': 'male', 'name': {'title': 'Mr', 'first': 'Ron', 'last': 'Newman'}, 'location': {'street': {'number': 8679, 'name': 'N Stelling Rd'}, 'city': 'Nampa', 'state': 'Montana', 'count...</msg>
<var>${json_data}</var>
<arg>${response.json()}</arg>
<doc>Returns the given values which can then be assigned to a variables.</doc>
<status status="PASS" start="2024-03-30T05:14:50.371661" elapsed="0.000462"/>
</kw>
<kw name="Log" owner="BuiltIn">
<msg time="2024-03-30T05:14:50.372625" level="INFO">{'results': [{'gender': 'male', 'name': {'title': 'Mr', 'first': 'Ron', 'last': 'Newman'}, 'location': {'street': {'number': 8679, 'name': 'N Stelling Rd'}, 'city': 'Nampa', 'state': 'Montana', 'country': 'United States', 'postcode': 27411, 'coordinates': {'latitude': '86.4451', 'longitude': '-154.5546'}, 'timezone': {'offset': '-12:00', 'description': 'Eniwetok, Kwajalein'}}, 'email': 'ron.newman@example.com', 'login': {'uuid': 'da0d8983-e30c-4f43-ab9b-ecc581a4d548', 'username': 'organicpanda912', 'password': 'qwertyu', 'salt': '6pdX7pnz', 'md5': 'ac3b084d3d6ae6782c33a24482d7bed7', 'sha1': 'f3da0bef69c1f624f8cd5323ade73a09b8e3048b', 'sha256': 'c3bb1267b80c2eb9d7680245d7b4f2a683b1a7e90d2ed7a22c15f93225431761'}, 'dob': {'date': '1990-07-15T00:08:59.302Z', 'age': 33}, 'registered': {'date': '2018-07-18T13:41:05.136Z', 'age': 5}, 'phone': '(616) 483-3580', 'cell': '(669) 888-9338', 'id': {'name': 'SSN', 'value': '009-61-0538'}, 'picture': {'large': 'https://randomuser.me/api/portraits/men/36.jpg', 'medium': 'https://randomuser.me/api/portraits/med/men/36.jpg', 'thumbnail': 'https://randomuser.me/api/portraits/thumb/men/36.jpg'}, 'nat': 'US'}], 'info': {'seed': '9816765025900bee', 'results': 1, 'page': 1, 'version': '1.4'}}</msg>
<arg>${json_data}</arg>
<doc>Logs the given message with the given level.</doc>
<status status="PASS" start="2024-03-30T05:14:50.372472" elapsed="0.000228"/>
</kw>
<kw name="Should Be Equal As Numbers" owner="BuiltIn">
<arg>${json_data['results'][0]['location']['postcode']}</arg>
<arg>${json_data['results'][0]['location']['postcode']}</arg>
<doc>Fails if objects are unequal after converting them to real numbers.</doc>
<status status="PASS" start="2024-03-30T05:14:50.372996" elapsed="0.000619"/>
</kw>
<kw name="Log" owner="BuiltIn">
<msg time="2024-03-30T05:14:50.374145" level="INFO">27411</msg>
<arg>${json_data['results'][0]['location']['postcode']}</arg>
<doc>Logs the given message with the given level.</doc>
<status status="PASS" start="2024-03-30T05:14:50.373811" elapsed="0.000374"/>
</kw>
<status status="PASS" start="2024-03-30T05:14:50.284844" elapsed="0.089590"/>
</kw>
<doc>Testa se os tipos de dados na resposta da API estão corretos.</doc>
<tag>testeTiposDados</tag>
<status status="PASS" start="2024-03-30T05:14:50.190659" elapsed="0.183931"/>
</test>
<test id="s1-s1-t5" name="Validar conteudo" line="35">
<kw name="Teste de Tipos de Conteudo" owner="random-user-service">
<kw name="GET On Session" owner="RequestsLibrary">
<msg time="2024-03-30T05:14:50.471622" level="INFO">GET Request : url=https://randomuser.me/api 
 path_url=/api 
 headers={'User-Agent': 'python-requests/2.31.0', 'Accept-Encoding': 'gzip, deflate', 'Accept': '*/*', 'Connection': 'keep-alive'} 
 body=None 
 </msg>
<msg time="2024-03-30T05:14:50.471707" level="INFO">GET Response : url=https://randomuser.me/api 
 status=200, reason=OK 
 headers={'Date': 'Sat, 30 Mar 2024 05:14:50 GMT', 'Content-Type': 'application/json; charset=utf-8', 'Transfer-Encoding': 'chunked', 'Connection': 'keep-alive', 'X-Powered-By': 'Express', 'Access-Control-Allow-Origin': '*', 'Cache-Control': 'no-cache', 'ETag': 'W/"478-MZ3qvvFPlh9OGleit5v58tryM3E"', 'Vary': 'Accept-Encoding', 'Content-Encoding': 'gzip', 'CF-Cache-Status': 'DYNAMIC', 'Report-To': '{"endpoints":[{"url":"https:\\/\\/a.nel.cloudflare.com\\/report\\/v4?s=PE8jfnQOL3HpOQkX930FLYTr%2FXsClKffF0gqMWPNzG6qebo%2BBNtdYPQs1zXIgK3pUSA0wqOO%2BdNrnPvDoOHgt%2B%2Bsv%2BCDBEDqe7NtrHwJtTr10BuC1j%2BZ%2BPggbMBd2sjE"}],"group":"cf-nel","max_age":604800}', 'NEL': '{"success_fraction":0,"report_to":"cf-nel","max_age":604800}', 'Server': 'cloudflare', 'CF-RAY': '86c59e50ed5a87ac-IAD', 'alt-svc': 'h3=":443"; ma=86400'} 
 body={"results":[{"gender":"male","name":{"title":"Mr","first":"شایان","last":"یاسمی"},"location":{"street":{"number":1503,"name":"پارک ارم"},"city":"ورامین","state":"خوزستان","country":"Iran","postcode":80186,"coordinates":{"latitude":"15.1241","longitude":"-28.3759"},"timezone":{"offset":"-2:00","description":"Mid-Atlantic"}},"email":"shyn.ysmy@example.com","login":{"uuid":"8f52ed6c-f971-45ab-bcf2-2617f28d5579","username":"yellowcat259","password":"rocknrol","salt":"9KBguNRR","md5":"281497d6b91f9dabfb9cb8cf8ee7ba9f","sha1":"0c2a3c89fc0ea4204bcc737905901b119a406047","sha256":"a261b32c96b2c1209e9867208c36c6905fa1db869c670c0b38d6a8c4251abd99"},"dob":{"date":"1966-05-10T04:01:28.786Z","age":57},"registered":{"date":"2003-07-19T01:01:01.336Z","age":20},"phone":"091-58334526","cell":"0940-380-7640","id":{"name":"","value":null},"picture":{"large":"https://randomuser.me/api/portraits/men/48.jpg","medium":"https://randomuser.me/api/portraits/med/men/48.jpg","thumbnail":"https://randomuser.me/api/portraits/thumb/men/48.jpg"},"nat":"IR"}],"info":{"seed":"e0cd059e99611b0e","results":1,"page":1,"version":"1.4"}} 
 </msg>
<msg time="2024-03-30T05:14:50.471781" level="INFO">/opt/hostedtoolcache/Python/3.12.2/x64/lib/python3.12/site-packages/urllib3/connectionpool.py:1103: InsecureRequestWarning: Unverified HTTPS request is being made to host 'randomuser.me'. Adding certificate verification is strongly advised. See: https://urllib3.readthedocs.io/en/latest/advanced-usage.html#tls-warnings
  warnings.warn(</msg>
<msg time="2024-03-30T05:14:50.471900" level="INFO">${response} = &lt;Response [200]&gt;</msg>
<var>${response}</var>
<arg>consultarAPI</arg>
<arg>/api</arg>
<doc>Sends a GET request on a previously created HTTP Session.</doc>
<status status="PASS" start="2024-03-30T05:14:50.377025" elapsed="0.094931"/>
</kw>
<kw name="Set Variable" owner="BuiltIn">
<msg time="2024-03-30T05:14:50.473077" level="INFO">${json_data} = {'results': [{'gender': 'male', 'name': {'title': 'Mr', 'first': 'شایان', 'last': 'یاسمی'}, 'location': {'street': {'number': 1503, 'name': 'پارک ارم'}, 'city': 'ورامین', 'state': 'خوزستان', 'country'...</msg>
<var>${json_data}</var>
<arg>${response.json()}</arg>
<doc>Returns the given values which can then be assigned to a variables.</doc>
<status status="PASS" start="2024-03-30T05:14:50.472534" elapsed="0.000573"/>
</kw>
<kw name="Set Variable" owner="BuiltIn">
<msg time="2024-03-30T05:14:50.473793" level="INFO">${name_title} = Mr</msg>
<var>${name_title}</var>
<arg>${json_data["results"][0]["name"]["title"]}</arg>
<doc>Returns the given values which can then be assigned to a variables.</doc>
<status status="PASS" start="2024-03-30T05:14:50.473413" elapsed="0.000405"/>
</kw>
<kw name="Create List" owner="BuiltIn">
<msg time="2024-03-30T05:14:50.474262" level="INFO">${allowed_titles} = ['Mr', 'Ms', 'Miss', 'Mrs', 'Madame', 'Monsieur']</msg>
<var>${allowed_titles}</var>
<arg>Mr</arg>
<arg>Ms</arg>
<arg>Miss</arg>
<arg>Mrs</arg>
<arg>Madame</arg>
<arg>Monsieur</arg>
<doc>Returns a list containing given items.</doc>
<status status="PASS" start="2024-03-30T05:14:50.474112" elapsed="0.000175"/>
</kw>
<kw name="List Should Contain Value" owner="Collections">
<msg time="2024-03-30T05:14:50.474757" level="INFO">False</msg>
<arg>${allowed_titles}</arg>
<arg>${name_title}</arg>
<doc>Fails if the ``value`` is not found from ``list``.</doc>
<status status="PASS" start="2024-03-30T05:14:50.474588" elapsed="0.000206"/>
</kw>
<kw name="Set Variable" owner="BuiltIn">
<msg time="2024-03-30T05:14:50.475461" level="INFO">${name_country} = IR</msg>
<var>${name_country}</var>
<arg>${json_data["results"][0]["nat"]}</arg>
<doc>Returns the given values which can then be assigned to a variables.</doc>
<status status="PASS" start="2024-03-30T05:14:50.475080" elapsed="0.000407"/>
</kw>
<kw name="Create List" owner="BuiltIn">
<msg time="2024-03-30T05:14:50.476441" level="INFO">${list_country} = ['AD', 'AE', 'AF', 'AG', 'AI', 'AL', 'AM', 'AO', 'AQ', 'AR', 'AS', 'AT', 'AU', 'AW', 'AX', 'AZ', 'BA', 'BB', 'BD', 'BE', 'BF', 'BG', 'BH', 'BI', 'BJ', 'BL', 'BM', 'BN', 'BO', 'BQ', 'BR', 'BS', 'BT', '...</msg>
<var>${list_country}</var>
<arg>AD</arg>
<arg>AE</arg>
<arg>AF</arg>
<arg>AG</arg>
<arg>AI</arg>
<arg>AL</arg>
<arg>AM</arg>
<arg>AO</arg>
<arg>AQ</arg>
<arg>AR</arg>
<arg>AS</arg>
<arg>AT</arg>
<arg>AU</arg>
<arg>AW</arg>
<arg>AX</arg>
<arg>AZ</arg>
<arg>BA</arg>
<arg>BB</arg>
<arg>BD</arg>
<arg>BE</arg>
<arg>BF</arg>
<arg>BG</arg>
<arg>BH</arg>
<arg>BI</arg>
<arg>BJ</arg>
<arg>BL</arg>
<arg>BM</arg>
<arg>BN</arg>
<arg>BO</arg>
<arg>BQ</arg>
<arg>BR</arg>
<arg>BS</arg>
<arg>BT</arg>
<arg>BV</arg>
<arg>BW</arg>
<arg>BY</arg>
<arg>BZ</arg>
<arg>CA</arg>
<arg>CC</arg>
<arg>CD</arg>
<arg>CF</arg>
<arg>CG</arg>
<arg>CH</arg>
<arg>CI</arg>
<arg>CK</arg>
<arg>CL</arg>
<arg>CM</arg>
<arg>CN</arg>
<arg>CO</arg>
<arg>CR</arg>
<arg>CU</arg>
<arg>CV</arg>
<arg>CW</arg>
<arg>CX</arg>
<arg>CY</arg>
<arg>CZ</arg>
<arg>DE</arg>
<arg>DJ</arg>
<arg>DK</arg>
<arg>DM</arg>
<arg>DO</arg>
<arg>DZ</arg>
<arg>EC</arg>
<arg>EE</arg>
<arg>EG</arg>
<arg>EH</arg>
<arg>ER</arg>
<arg>ES</arg>
<arg>ET</arg>
<arg>FI</arg>
<arg>FJ</arg>
<arg>FK</arg>
<arg>FM</arg>
<arg>FO</arg>
<arg>FR</arg>
<arg>GA</arg>
<arg>GB</arg>
<arg>GD</arg>
<arg>GE</arg>
<arg>GF</arg>
<arg>GG</arg>
<arg>GH</arg>
<arg>GI</arg>
<arg>GL</arg>
<arg>GM</arg>
<arg>GN</arg>
<arg>GP</arg>
<arg>GQ</arg>
<arg>GR</arg>
<arg>GS</arg>
<arg>GT</arg>
<arg>GU</arg>
<arg>GW</arg>
<arg>GY</arg>
<arg>HK</arg>
<arg>HM</arg>
<arg>HN</arg>
<arg>HR</arg>
<arg>HT</arg>
<arg>HU</arg>
<arg>ID</arg>
<arg>IE</arg>
<arg>IL</arg>
<arg>IM</arg>
<arg>IN</arg>
<arg>IO</arg>
<arg>IQ</arg>
<arg>IR</arg>
<arg>IS</arg>
<arg>IT</arg>
<arg>JE</arg>
<arg>JM</arg>
<arg>JO</arg>
<arg>JP</arg>
<arg>KE</arg>
<arg>KG</arg>
<arg>KH</arg>
<arg>KI</arg>
<arg>KM</arg>
<arg>KN</arg>
<arg>KP</arg>
<arg>KR</arg>
<arg>KW</arg>
<arg>KY</arg>
<arg>KZ</arg>
<arg>LA</arg>
<arg>LB</arg>
<arg>LC</arg>
<arg>LI</arg>
<arg>LK</arg>
<arg>LR</arg>
<arg>LS</arg>
<arg>LT</arg>
<arg>LU</arg>
<arg>LV</arg>
<arg>LY</arg>
<arg>MA</arg>
<arg>MC</arg>
<arg>MD</arg>
<arg>ME</arg>
<arg>MF</arg>
<arg>MG</arg>
<arg>MH</arg>
<arg>MK</arg>
<arg>ML</arg>
<arg>MM</arg>
<arg>MN</arg>
<arg>MO</arg>
<arg>MP</arg>
<arg>MQ</arg>
<arg>MR</arg>
<arg>MS</arg>
<arg>MT</arg>
<arg>MU</arg>
<arg>MV</arg>
<arg>MW</arg>
<arg>MX</arg>
<arg>MY</arg>
<arg>MZ</arg>
<arg>NA</arg>
<arg>NC</arg>
<arg>NE</arg>
<arg>NF</arg>
<arg>NG</arg>
<arg>NI</arg>
<arg>NL</arg>
<arg>NO</arg>
<arg>NP</arg>
<arg>NR</arg>
<arg>NU</arg>
<arg>NZ</arg>
<arg>OM</arg>
<arg>PA</arg>
<arg>PE</arg>
<arg>PF</arg>
<arg>PG</arg>
<arg>PH</arg>
<arg>PK</arg>
<arg>PL</arg>
<arg>PM</arg>
<arg>PN</arg>
<arg>PR</arg>
<arg>PS</arg>
<arg>PT</arg>
<arg>PW</arg>
<arg>PY</arg>
<arg>QA</arg>
<arg>RE</arg>
<arg>RO</arg>
<arg>RS</arg>
<arg>RU</arg>
<arg>RW</arg>
<arg>SA</arg>
<arg>SB</arg>
<arg>SC</arg>
<arg>SD</arg>
<arg>SE</arg>
<arg>SG</arg>
<arg>SH</arg>
<arg>SI</arg>
<arg>SJ</arg>
<arg>SK</arg>
<arg>SL</arg>
<arg>SM</arg>
<arg>SN</arg>
<arg>SO</arg>
<arg>SR</arg>
<arg>SS</arg>
<arg>ST</arg>
<arg>SV</arg>
<arg>SX</arg>
<arg>SY</arg>
<arg>SZ</arg>
<arg>TC</arg>
<arg>TD</arg>
<arg>TF</arg>
<arg>TG</arg>
<arg>TH</arg>
<arg>TJ</arg>
<arg>TK</arg>
<arg>TL</arg>
<arg>TM</arg>
<arg>TN</arg>
<arg>TO</arg>
<arg>TR</arg>
<arg>TT</arg>
<arg>TV</arg>
<arg>TW</arg>
<arg>TZ</arg>
<arg>UA</arg>
<arg>UG</arg>
<arg>UM</arg>
<arg>US</arg>
<arg>UY</arg>
<arg>UZ</arg>
<arg>VA</arg>
<arg>VC</arg>
<arg>VE</arg>
<arg>VG</arg>
<arg>VI</arg>
<arg>VN</arg>
<arg>VU</arg>
<arg>WF</arg>
<arg>WS</arg>
<arg>XK</arg>
<arg>YE</arg>
<arg>YT</arg>
<arg>ZA</arg>
<arg>ZM</arg>
<arg>ZW</arg>
<doc>Returns a list containing given items.</doc>
<status status="PASS" start="2024-03-30T05:14:50.475795" elapsed="0.000674"/>
</kw>
<kw name="List Should Contain Value" owner="Collections">
<msg time="2024-03-30T05:14:50.477564" level="INFO">False</msg>
<arg>${list_country}</arg>
<arg>${name_country}</arg>
<doc>Fails if the ``value`` is not found from ``list``.</doc>
<status status="PASS" start="2024-03-30T05:14:50.477359" elapsed="0.000243"/>
</kw>
<kw name="Run Keyword If" owner="BuiltIn">
<kw name="Should Be True" owner="BuiltIn">
<arg>${True}</arg>
<doc>Fails if the given condition is not true.</doc>
<status status="PASS" start="2024-03-30T05:14:50.478645" elapsed="0.000145"/>
</kw>
<arg>${json_data["results"][0]["location"]["coordinates"]["latitude"]} &gt;= -90 and ${json_data["results"][0]["location"]["coordinates"]["latitude"]} &lt;= 90</arg>
<arg>Should Be True</arg>
<arg>${True}</arg>
<doc>Runs the given keyword with the given arguments, if ``condition`` is true.</doc>
<status status="PASS" start="2024-03-30T05:14:50.477914" elapsed="0.001006"/>
</kw>
<kw name="Run Keyword If" owner="BuiltIn">
<kw name="Should Be True" owner="BuiltIn">
<arg>${True}</arg>
<doc>Fails if the given condition is not true.</doc>
<status status="PASS" start="2024-03-30T05:14:50.479829" elapsed="0.000141"/>
</kw>
<arg>${json_data["results"][0]["location"]["coordinates"]["longitude"]} &gt;= -180 and ${json_data["results"][0]["location"]["coordinates"]["longitude"]} &lt;= 180</arg>
<arg>Should Be True</arg>
<arg>${True}</arg>
<doc>Runs the given keyword with the given arguments, if ``condition`` is true.</doc>
<status status="PASS" start="2024-03-30T05:14:50.479107" elapsed="0.000988"/>
</kw>
<status status="PASS" start="2024-03-30T05:14:50.376802" elapsed="0.103467"/>
</kw>
<doc>Testa o conteúdo específico dos campos retornados pela API.</doc>
<tag>testeConteudo</tag>
<status status="PASS" start="2024-03-30T05:14:50.376314" elapsed="0.104112"/>
</test>
<status status="PASS" start="2024-03-30T05:14:49.659111" elapsed="0.823214"/>
</suite>
<status status="PASS" start="2024-03-30T05:14:49.645375" elapsed="0.842223"/>
</suite>
<statistics>
<total>
<stat pass="5" fail="0" skip="0">All Tests</stat>
</total>
<tag>
<stat pass="1" fail="0" skip="0">testeConteudo</stat>
<stat pass="1" fail="0" skip="0">testeEstruturaResposta</stat>
<stat pass="1" fail="0" skip="0">testeRequisicaoBasica</stat>
<stat pass="1" fail="0" skip="0">testeTiposDados</stat>
</tag>
<suite>
<stat pass="5" fail="0" skip="0" id="s1" name="Tests">Tests</stat>
<stat pass="5" fail="0" skip="0" id="s1-s1" name="Random-User-Test">Tests.Random-User-Test</stat>
</suite>
</statistics>
<errors>
</errors>
</robot>
