<?xml version="1.0" encoding="UTF-8"?>
<robot generator="Robot 7.0 (Python 3.12.2 on linux)" generated="2024-04-06T16:16:41.860162" rpa="false" schemaversion="5">
<suite id="s1" name="Tests" source="/home/runner/work/DesafioQAItauRogerioJordao/DesafioQAItauRogerioJordao/RamdonUser/tests">
<suite id="s1-s1" name="Random-User-Test" source="/home/runner/work/DesafioQAItauRogerioJordao/DesafioQAItauRogerioJordao/RamdonUser/tests/random-user-test.robot">
<test id="s1-s1-t1" name="Conectar" line="13">
<kw name="Conectar API" owner="random-user-service">
<kw name="Create Session" owner="RequestsLibrary">
<msg time="2024-04-06T16:16:42.279497" level="INFO">Creating Session using : alias=consultarAPI, url=https://randomuser.me/, headers={},                     cookies={}, auth=None, timeout=None, proxies=None, verify=False,                     debug=0 </msg>
<arg>consultarAPI</arg>
<arg>${URL}</arg>
<doc>Create Session: create a HTTP session to a server</doc>
<status status="PASS" start="2024-04-06T16:16:42.279300" elapsed="0.000354"/>
</kw>
<status status="PASS" start="2024-04-06T16:16:42.278306" elapsed="0.001698"/>
</kw>
<status status="PASS" start="2024-04-06T16:16:42.277799" elapsed="0.002410"/>
</test>
<test id="s1-s1-t2" name="Validar retorno 200 e JSON Válido" line="16">
<kw name="Teste de Requisicao Basica" owner="random-user-service">
<kw name="GET On Session" owner="RequestsLibrary">
<msg time="2024-04-06T16:16:42.653846" level="INFO">GET Request : url=https://randomuser.me/api 
 path_url=/api 
 headers={'User-Agent': 'python-requests/2.31.0', 'Accept-Encoding': 'gzip, deflate', 'Accept': '*/*', 'Connection': 'keep-alive'} 
 body=None 
 </msg>
<msg time="2024-04-06T16:16:42.653964" level="INFO">GET Response : url=https://randomuser.me/api 
 status=200, reason=OK 
 headers={'Date': 'Sat, 06 Apr 2024 16:16:42 GMT', 'Content-Type': 'application/json; charset=utf-8', 'Transfer-Encoding': 'chunked', 'Connection': 'keep-alive', 'X-Powered-By': 'Express', 'Access-Control-Allow-Origin': '*', 'Cache-Control': 'no-cache', 'ETag': 'W/"485-QE280ovhN4OJj945UM2vjjkWMHA"', 'Vary': 'Accept-Encoding', 'Content-Encoding': 'gzip', 'CF-Cache-Status': 'DYNAMIC', 'Report-To': '{"endpoints":[{"url":"https:\\/\\/a.nel.cloudflare.com\\/report\\/v4?s=4NE8ybstvfx5dzzGyB6siTYSmqCYbOARWBbM5Mo0FhRTEDvw0op1cMb5enVQuAn2YbG%2FY4K%2BQ0vkCJyHWA60zKuRfDd1LJ%2B28sJKD5X4mRwe0i0aWoTghRNd1TyNYAgB"}],"group":"cf-nel","max_age":604800}', 'NEL': '{"success_fraction":0,"report_to":"cf-nel","max_age":604800}', 'Server': 'cloudflare', 'CF-RAY': '870315798a49294c-ORD', 'alt-svc': 'h3=":443"; ma=86400'} 
 body={"results":[{"gender":"female","name":{"title":"Madame","first":"Elin","last":"Lemaire"},"location":{"street":{"number":4833,"name":"Rue de la Charité"},"city":"Islisberg","state":"Aargau","country":"Switzerland","postcode":6804,"coordinates":{"latitude":"-63.7926","longitude":"35.2622"},"timezone":{"offset":"+4:30","description":"Kabul"}},"email":"elin.lemaire@example.com","login":{"uuid":"486a7a60-9fe7-4462-9330-407f8dae593d","username":"angryfish130","password":"calling","salt":"96Bqyken","md5":"f3ec7892452784cefb1d030e98ea3ed6","sha1":"dc1f24f5e2381fb8b182908fb014f0adc8f5ccd6","sha256":"37d502479771fcdd171adcf5d404160d4e8882d370f9cdace3e964d2ea720aba"},"dob":{"date":"1972-06-19T03:10:00.582Z","age":51},"registered":{"date":"2021-12-28T08:47:19.316Z","age":2},"phone":"079 352 85 50","cell":"076 362 60 19","id":{"name":"AVS","value":"756.4598.4028.15"},"picture":{"large":"https://randomuser.me/api/portraits/women/51.jpg","medium":"https://randomuser.me/api/portraits/med/women/51.jpg","thumbnail":"https://randomuser.me/api/portraits/thumb/women/51.jpg"},"nat":"CH"}],"info":{"seed":"99f12a7fcf893abc","results":1,"page":1,"version":"1.4"}} 
 </msg>
<msg time="2024-04-06T16:16:42.654062" level="INFO">/opt/hostedtoolcache/Python/3.12.2/x64/lib/python3.12/site-packages/urllib3/connectionpool.py:1103: InsecureRequestWarning: Unverified HTTPS request is being made to host 'randomuser.me'. Adding certificate verification is strongly advised. See: https://urllib3.readthedocs.io/en/latest/advanced-usage.html#tls-warnings
  warnings.warn(</msg>
<msg time="2024-04-06T16:16:42.654173" level="INFO">${response} = &lt;Response [200]&gt;</msg>
<var>${response}</var>
<arg>consultarAPI</arg>
<arg>/api</arg>
<doc>Sends a GET request on a previously created HTTP Session.</doc>
<status status="PASS" start="2024-04-06T16:16:42.282775" elapsed="0.371435"/>
</kw>
<kw name="Should Be Equal As Numbers" owner="BuiltIn">
<msg time="2024-04-06T16:16:42.655063" level="INFO">Argument types are:
&lt;class 'int'&gt;
&lt;class 'str'&gt;</msg>
<arg>${response.status_code}</arg>
<arg>200</arg>
<doc>Fails if objects are unequal after converting them to real numbers.</doc>
<status status="PASS" start="2024-04-06T16:16:42.654647" elapsed="0.000487"/>
</kw>
<kw name="Log" owner="BuiltIn">
<msg time="2024-04-06T16:16:42.655803" level="INFO">200</msg>
<arg>${response.status_code}</arg>
<doc>Logs the given message with the given level.</doc>
<status status="PASS" start="2024-04-06T16:16:42.655453" elapsed="0.000392"/>
</kw>
<kw name="Set Variable" owner="BuiltIn">
<msg time="2024-04-06T16:16:42.656619" level="INFO">${json_data} = {'results': [{'gender': 'female', 'name': {'title': 'Madame', 'first': 'Elin', 'last': 'Lemaire'}, 'location': {'street': {'number': 4833, 'name': 'Rue de la Charité'}, 'city': 'Islisberg', 'state': '...</msg>
<var>${json_data}</var>
<arg>${response.json()}</arg>
<doc>Returns the given values which can then be assigned to a variables.</doc>
<status status="PASS" start="2024-04-06T16:16:42.656184" elapsed="0.000464"/>
</kw>
<kw name="Dictionary Should Contain Key" owner="Collections">
<msg time="2024-04-06T16:16:42.657113" level="INFO">False</msg>
<arg>${json_data}</arg>
<arg>results</arg>
<doc>Fails if ``key`` is not found from ``dictionary``.</doc>
<status status="PASS" start="2024-04-06T16:16:42.656949" elapsed="0.000203"/>
</kw>
<status status="PASS" start="2024-04-06T16:16:42.282512" elapsed="0.374893"/>
</kw>
<doc>Testa se a API responde corretamente e retorna um objeto JSON válido.</doc>
<tag>testeRequisicaoBasica</tag>
<status status="PASS" start="2024-04-06T16:16:42.282048" elapsed="0.375577"/>
</test>
<test id="s1-s1-t3" name="Validar estrutura de resposta" line="22">
<kw name="Teste de Estrutura de Resposta" owner="random-user-service">
<kw name="GET On Session" owner="RequestsLibrary">
<msg time="2024-04-06T16:16:42.705404" level="INFO">GET Request : url=https://randomuser.me/api 
 path_url=/api 
 headers={'User-Agent': 'python-requests/2.31.0', 'Accept-Encoding': 'gzip, deflate', 'Accept': '*/*', 'Connection': 'keep-alive'} 
 body=None 
 </msg>
<msg time="2024-04-06T16:16:42.705484" level="INFO">GET Response : url=https://randomuser.me/api 
 status=200, reason=OK 
 headers={'Date': 'Sat, 06 Apr 2024 16:16:42 GMT', 'Content-Type': 'application/json; charset=utf-8', 'Transfer-Encoding': 'chunked', 'Connection': 'keep-alive', 'X-Powered-By': 'Express', 'Access-Control-Allow-Origin': '*', 'Cache-Control': 'no-cache', 'ETag': 'W/"482-Lun72w3OPlFW7nmp2NE2qn3+1B8"', 'Vary': 'Accept-Encoding', 'Content-Encoding': 'gzip', 'CF-Cache-Status': 'DYNAMIC', 'Report-To': '{"endpoints":[{"url":"https:\\/\\/a.nel.cloudflare.com\\/report\\/v4?s=9s3IMOkecBSrOI%2BT%2BaP7GAocm13zF9EQOfvJAl%2FnYP2rZIEGnrvK5CJmDZg36zNhNLDxscyeEu4sABmr%2BDnz4v%2B3qUHy8yc0ZKoW%2FormBfAQjRQXrxy9vIcodgxMSujn"}],"group":"cf-nel","max_age":604800}', 'NEL': '{"success_fraction":0,"report_to":"cf-nel","max_age":604800}', 'Server': 'cloudflare', 'CF-RAY': '8703157aab91294c-ORD', 'alt-svc': 'h3=":443"; ma=86400'} 
 body={"results":[{"gender":"male","name":{"title":"Mr","first":"Angus","last":"Johnson"},"location":{"street":{"number":3542,"name":"Puhinui Road"},"city":"New Plymouth","state":"Nelson","country":"New Zealand","postcode":15217,"coordinates":{"latitude":"50.7321","longitude":"-48.7264"},"timezone":{"offset":"-7:00","description":"Mountain Time (US &amp; Canada)"}},"email":"angus.johnson@example.com","login":{"uuid":"1535b870-2e9b-4466-8b4e-30ba0cb4ced7","username":"crazytiger293","password":"qqqqqqqq","salt":"i6LTryys","md5":"66b50eda5aeb341ccf38eee2c996dccb","sha1":"a2cb35e3a7e63a838a0ce3660182ddecaab35a5f","sha256":"c08035d2e3f2aee3780345514768b860a6aeaa94b289a3b7ef13fd75faf99869"},"dob":{"date":"1945-04-07T09:34:13.658Z","age":78},"registered":{"date":"2017-01-05T02:31:29.379Z","age":7},"phone":"(076)-288-8409","cell":"(712)-853-6773","id":{"name":"","value":null},"picture":{"large":"https://randomuser.me/api/portraits/men/62.jpg","medium":"https://randomuser.me/api/portraits/med/men/62.jpg","thumbnail":"https://randomuser.me/api/portraits/thumb/men/62.jpg"},"nat":"NZ"}],"info":{"seed":"4ff16d85ef905ebe","results":1,"page":1,"version":"1.4"}} 
 </msg>
<msg time="2024-04-06T16:16:42.705653" level="INFO">/opt/hostedtoolcache/Python/3.12.2/x64/lib/python3.12/site-packages/urllib3/connectionpool.py:1103: InsecureRequestWarning: Unverified HTTPS request is being made to host 'randomuser.me'. Adding certificate verification is strongly advised. See: https://urllib3.readthedocs.io/en/latest/advanced-usage.html#tls-warnings
  warnings.warn(</msg>
<msg time="2024-04-06T16:16:42.705765" level="INFO">${response} = &lt;Response [200]&gt;</msg>
<var>${response}</var>
<arg>consultarAPI</arg>
<arg>/api</arg>
<doc>Sends a GET request on a previously created HTTP Session.</doc>
<status status="PASS" start="2024-04-06T16:16:42.660235" elapsed="0.045566"/>
</kw>
<kw name="Set Variable" owner="BuiltIn">
<msg time="2024-04-06T16:16:42.706623" level="INFO">${json_data} = {'results': [{'gender': 'male', 'name': {'title': 'Mr', 'first': 'Angus', 'last': 'Johnson'}, 'location': {'street': {'number': 3542, 'name': 'Puhinui Road'}, 'city': 'New Plymouth', 'state': 'Nelson'...</msg>
<var>${json_data}</var>
<arg>${response.json()}</arg>
<doc>Returns the given values which can then be assigned to a variables.</doc>
<status status="PASS" start="2024-04-06T16:16:42.706169" elapsed="0.000482"/>
</kw>
<kw name="Log" owner="BuiltIn">
<msg time="2024-04-06T16:16:42.707118" level="INFO">{'results': [{'gender': 'male', 'name': {'title': 'Mr', 'first': 'Angus', 'last': 'Johnson'}, 'location': {'street': {'number': 3542, 'name': 'Puhinui Road'}, 'city': 'New Plymouth', 'state': 'Nelson', 'country': 'New Zealand', 'postcode': 15217, 'coordinates': {'latitude': '50.7321', 'longitude': '-48.7264'}, 'timezone': {'offset': '-7:00', 'description': 'Mountain Time (US &amp; Canada)'}}, 'email': 'angus.johnson@example.com', 'login': {'uuid': '1535b870-2e9b-4466-8b4e-30ba0cb4ced7', 'username': 'crazytiger293', 'password': 'qqqqqqqq', 'salt': 'i6LTryys', 'md5': '66b50eda5aeb341ccf38eee2c996dccb', 'sha1': 'a2cb35e3a7e63a838a0ce3660182ddecaab35a5f', 'sha256': 'c08035d2e3f2aee3780345514768b860a6aeaa94b289a3b7ef13fd75faf99869'}, 'dob': {'date': '1945-04-07T09:34:13.658Z', 'age': 78}, 'registered': {'date': '2017-01-05T02:31:29.379Z', 'age': 7}, 'phone': '(076)-288-8409', 'cell': '(712)-853-6773', 'id': {'name': '', 'value': None}, 'picture': {'large': 'https://randomuser.me/api/portraits/men/62.jpg', 'medium': 'https://randomuser.me/api/portraits/med/men/62.jpg', 'thumbnail': 'https://randomuser.me/api/portraits/thumb/men/62.jpg'}, 'nat': 'NZ'}], 'info': {'seed': '4ff16d85ef905ebe', 'results': 1, 'page': 1, 'version': '1.4'}}</msg>
<arg>${json_data}</arg>
<doc>Logs the given message with the given level.</doc>
<status status="PASS" start="2024-04-06T16:16:42.706962" elapsed="0.000204"/>
</kw>
<kw name="Dictionary Should Contain Key" owner="Collections">
<msg time="2024-04-06T16:16:42.707604" level="INFO">False</msg>
<arg>${json_data}</arg>
<arg>results</arg>
<doc>Fails if ``key`` is not found from ``dictionary``.</doc>
<status status="PASS" start="2024-04-06T16:16:42.707455" elapsed="0.000186"/>
</kw>
<kw name="Should Not Be Empty" owner="BuiltIn">
<msg time="2024-04-06T16:16:42.708059" level="INFO">Length is 2.</msg>
<arg>${json_data}</arg>
<doc>Verifies that the given item is not empty.</doc>
<status status="PASS" start="2024-04-06T16:16:42.707929" elapsed="0.000168"/>
</kw>
<kw name="Create List" owner="BuiltIn">
<msg time="2024-04-06T16:16:42.708537" level="INFO">${expected_keys} = ['gender', 'name', 'location', 'email', 'login']</msg>
<var>${expected_keys}</var>
<arg>gender</arg>
<arg>name</arg>
<arg>location</arg>
<arg>email</arg>
<arg>login</arg>
<doc>Returns a list containing given items.</doc>
<status status="PASS" start="2024-04-06T16:16:42.708390" elapsed="0.000171"/>
</kw>
<for flavor="IN">
<iter>
<kw name="Dictionary Should Contain Key" owner="Collections">
<msg time="2024-04-06T16:16:42.709531" level="INFO">False</msg>
<arg>${json_data['results'][0]}</arg>
<arg>${key}</arg>
<doc>Fails if ``key`` is not found from ``dictionary``.</doc>
<status status="PASS" start="2024-04-06T16:16:42.709117" elapsed="0.000492"/>
</kw>
<kw name="Log" owner="BuiltIn">
<msg time="2024-04-06T16:16:42.710295" level="INFO">{'gender': 'male', 'name': {'title': 'Mr', 'first': 'Angus', 'last': 'Johnson'}, 'location': {'street': {'number': 3542, 'name': 'Puhinui Road'}, 'city': 'New Plymouth', 'state': 'Nelson', 'country': 'New Zealand', 'postcode': 15217, 'coordinates': {'latitude': '50.7321', 'longitude': '-48.7264'}, 'timezone': {'offset': '-7:00', 'description': 'Mountain Time (US &amp; Canada)'}}, 'email': 'angus.johnson@example.com', 'login': {'uuid': '1535b870-2e9b-4466-8b4e-30ba0cb4ced7', 'username': 'crazytiger293', 'password': 'qqqqqqqq', 'salt': 'i6LTryys', 'md5': '66b50eda5aeb341ccf38eee2c996dccb', 'sha1': 'a2cb35e3a7e63a838a0ce3660182ddecaab35a5f', 'sha256': 'c08035d2e3f2aee3780345514768b860a6aeaa94b289a3b7ef13fd75faf99869'}, 'dob': {'date': '1945-04-07T09:34:13.658Z', 'age': 78}, 'registered': {'date': '2017-01-05T02:31:29.379Z', 'age': 7}, 'phone': '(076)-288-8409', 'cell': '(712)-853-6773', 'id': {'name': '', 'value': None}, 'picture': {'large': 'https://randomuser.me/api/portraits/men/62.jpg', 'medium': 'https://randomuser.me/api/portraits/med/men/62.jpg', 'thumbnail': 'https://randomuser.me/api/portraits/thumb/men/62.jpg'}, 'nat': 'NZ'}</msg>
<arg>${json_data['results'][0]}</arg>
<doc>Logs the given message with the given level.</doc>
<status status="PASS" start="2024-04-06T16:16:42.709928" elapsed="0.000417"/>
</kw>
<kw name="Log" owner="BuiltIn">
<msg time="2024-04-06T16:16:42.710774" level="INFO">gender</msg>
<arg>${key}</arg>
<doc>Logs the given message with the given level.</doc>
<status status="PASS" start="2024-04-06T16:16:42.710645" elapsed="0.000167"/>
</kw>
<var name="${key}">gender</var>
<status status="PASS" start="2024-04-06T16:16:42.708996" elapsed="0.002036"/>
</iter>
<iter>
<kw name="Dictionary Should Contain Key" owner="Collections">
<msg time="2024-04-06T16:16:42.711724" level="INFO">False</msg>
<arg>${json_data['results'][0]}</arg>
<arg>${key}</arg>
<doc>Fails if ``key`` is not found from ``dictionary``.</doc>
<status status="PASS" start="2024-04-06T16:16:42.711339" elapsed="0.000423"/>
</kw>
<kw name="Log" owner="BuiltIn">
<msg time="2024-04-06T16:16:42.712451" level="INFO">{'gender': 'male', 'name': {'title': 'Mr', 'first': 'Angus', 'last': 'Johnson'}, 'location': {'street': {'number': 3542, 'name': 'Puhinui Road'}, 'city': 'New Plymouth', 'state': 'Nelson', 'country': 'New Zealand', 'postcode': 15217, 'coordinates': {'latitude': '50.7321', 'longitude': '-48.7264'}, 'timezone': {'offset': '-7:00', 'description': 'Mountain Time (US &amp; Canada)'}}, 'email': 'angus.johnson@example.com', 'login': {'uuid': '1535b870-2e9b-4466-8b4e-30ba0cb4ced7', 'username': 'crazytiger293', 'password': 'qqqqqqqq', 'salt': 'i6LTryys', 'md5': '66b50eda5aeb341ccf38eee2c996dccb', 'sha1': 'a2cb35e3a7e63a838a0ce3660182ddecaab35a5f', 'sha256': 'c08035d2e3f2aee3780345514768b860a6aeaa94b289a3b7ef13fd75faf99869'}, 'dob': {'date': '1945-04-07T09:34:13.658Z', 'age': 78}, 'registered': {'date': '2017-01-05T02:31:29.379Z', 'age': 7}, 'phone': '(076)-288-8409', 'cell': '(712)-853-6773', 'id': {'name': '', 'value': None}, 'picture': {'large': 'https://randomuser.me/api/portraits/men/62.jpg', 'medium': 'https://randomuser.me/api/portraits/med/men/62.jpg', 'thumbnail': 'https://randomuser.me/api/portraits/thumb/men/62.jpg'}, 'nat': 'NZ'}</msg>
<arg>${json_data['results'][0]}</arg>
<doc>Logs the given message with the given level.</doc>
<status status="PASS" start="2024-04-06T16:16:42.712092" elapsed="0.000408"/>
</kw>
<kw name="Log" owner="BuiltIn">
<msg time="2024-04-06T16:16:42.712928" level="INFO">name</msg>
<arg>${key}</arg>
<doc>Logs the given message with the given level.</doc>
<status status="PASS" start="2024-04-06T16:16:42.712798" elapsed="0.000167"/>
</kw>
<var name="${key}">name</var>
<status status="PASS" start="2024-04-06T16:16:42.711224" elapsed="0.001968"/>
</iter>
<iter>
<kw name="Dictionary Should Contain Key" owner="Collections">
<msg time="2024-04-06T16:16:42.713879" level="INFO">False</msg>
<arg>${json_data['results'][0]}</arg>
<arg>${key}</arg>
<doc>Fails if ``key`` is not found from ``dictionary``.</doc>
<status status="PASS" start="2024-04-06T16:16:42.713481" elapsed="0.000435"/>
</kw>
<kw name="Log" owner="BuiltIn">
<msg time="2024-04-06T16:16:42.714581" level="INFO">{'gender': 'male', 'name': {'title': 'Mr', 'first': 'Angus', 'last': 'Johnson'}, 'location': {'street': {'number': 3542, 'name': 'Puhinui Road'}, 'city': 'New Plymouth', 'state': 'Nelson', 'country': 'New Zealand', 'postcode': 15217, 'coordinates': {'latitude': '50.7321', 'longitude': '-48.7264'}, 'timezone': {'offset': '-7:00', 'description': 'Mountain Time (US &amp; Canada)'}}, 'email': 'angus.johnson@example.com', 'login': {'uuid': '1535b870-2e9b-4466-8b4e-30ba0cb4ced7', 'username': 'crazytiger293', 'password': 'qqqqqqqq', 'salt': 'i6LTryys', 'md5': '66b50eda5aeb341ccf38eee2c996dccb', 'sha1': 'a2cb35e3a7e63a838a0ce3660182ddecaab35a5f', 'sha256': 'c08035d2e3f2aee3780345514768b860a6aeaa94b289a3b7ef13fd75faf99869'}, 'dob': {'date': '1945-04-07T09:34:13.658Z', 'age': 78}, 'registered': {'date': '2017-01-05T02:31:29.379Z', 'age': 7}, 'phone': '(076)-288-8409', 'cell': '(712)-853-6773', 'id': {'name': '', 'value': None}, 'picture': {'large': 'https://randomuser.me/api/portraits/men/62.jpg', 'medium': 'https://randomuser.me/api/portraits/med/men/62.jpg', 'thumbnail': 'https://randomuser.me/api/portraits/thumb/men/62.jpg'}, 'nat': 'NZ'}</msg>
<arg>${json_data['results'][0]}</arg>
<doc>Logs the given message with the given level.</doc>
<status status="PASS" start="2024-04-06T16:16:42.714219" elapsed="0.000415"/>
</kw>
<kw name="Log" owner="BuiltIn">
<msg time="2024-04-06T16:16:42.715058" level="INFO">location</msg>
<arg>${key}</arg>
<doc>Logs the given message with the given level.</doc>
<status status="PASS" start="2024-04-06T16:16:42.714930" elapsed="0.000166"/>
</kw>
<var name="${key}">location</var>
<status status="PASS" start="2024-04-06T16:16:42.713369" elapsed="0.001942"/>
</iter>
<iter>
<kw name="Dictionary Should Contain Key" owner="Collections">
<msg time="2024-04-06T16:16:42.715966" level="INFO">False</msg>
<arg>${json_data['results'][0]}</arg>
<arg>${key}</arg>
<doc>Fails if ``key`` is not found from ``dictionary``.</doc>
<status status="PASS" start="2024-04-06T16:16:42.715594" elapsed="0.000409"/>
</kw>
<kw name="Log" owner="BuiltIn">
<msg time="2024-04-06T16:16:42.716659" level="INFO">{'gender': 'male', 'name': {'title': 'Mr', 'first': 'Angus', 'last': 'Johnson'}, 'location': {'street': {'number': 3542, 'name': 'Puhinui Road'}, 'city': 'New Plymouth', 'state': 'Nelson', 'country': 'New Zealand', 'postcode': 15217, 'coordinates': {'latitude': '50.7321', 'longitude': '-48.7264'}, 'timezone': {'offset': '-7:00', 'description': 'Mountain Time (US &amp; Canada)'}}, 'email': 'angus.johnson@example.com', 'login': {'uuid': '1535b870-2e9b-4466-8b4e-30ba0cb4ced7', 'username': 'crazytiger293', 'password': 'qqqqqqqq', 'salt': 'i6LTryys', 'md5': '66b50eda5aeb341ccf38eee2c996dccb', 'sha1': 'a2cb35e3a7e63a838a0ce3660182ddecaab35a5f', 'sha256': 'c08035d2e3f2aee3780345514768b860a6aeaa94b289a3b7ef13fd75faf99869'}, 'dob': {'date': '1945-04-07T09:34:13.658Z', 'age': 78}, 'registered': {'date': '2017-01-05T02:31:29.379Z', 'age': 7}, 'phone': '(076)-288-8409', 'cell': '(712)-853-6773', 'id': {'name': '', 'value': None}, 'picture': {'large': 'https://randomuser.me/api/portraits/men/62.jpg', 'medium': 'https://randomuser.me/api/portraits/med/men/62.jpg', 'thumbnail': 'https://randomuser.me/api/portraits/thumb/men/62.jpg'}, 'nat': 'NZ'}</msg>
<arg>${json_data['results'][0]}</arg>
<doc>Logs the given message with the given level.</doc>
<status status="PASS" start="2024-04-06T16:16:42.716301" elapsed="0.000406"/>
</kw>
<kw name="Log" owner="BuiltIn">
<msg time="2024-04-06T16:16:42.717125" level="INFO">email</msg>
<arg>${key}</arg>
<doc>Logs the given message with the given level.</doc>
<status status="PASS" start="2024-04-06T16:16:42.716998" elapsed="0.000164"/>
</kw>
<var name="${key}">email</var>
<status status="PASS" start="2024-04-06T16:16:42.715483" elapsed="0.001892"/>
</iter>
<iter>
<kw name="Dictionary Should Contain Key" owner="Collections">
<msg time="2024-04-06T16:16:42.718098" level="INFO">False</msg>
<arg>${json_data['results'][0]}</arg>
<arg>${key}</arg>
<doc>Fails if ``key`` is not found from ``dictionary``.</doc>
<status status="PASS" start="2024-04-06T16:16:42.717714" elapsed="0.000422"/>
</kw>
<kw name="Log" owner="BuiltIn">
<msg time="2024-04-06T16:16:42.718799" level="INFO">{'gender': 'male', 'name': {'title': 'Mr', 'first': 'Angus', 'last': 'Johnson'}, 'location': {'street': {'number': 3542, 'name': 'Puhinui Road'}, 'city': 'New Plymouth', 'state': 'Nelson', 'country': 'New Zealand', 'postcode': 15217, 'coordinates': {'latitude': '50.7321', 'longitude': '-48.7264'}, 'timezone': {'offset': '-7:00', 'description': 'Mountain Time (US &amp; Canada)'}}, 'email': 'angus.johnson@example.com', 'login': {'uuid': '1535b870-2e9b-4466-8b4e-30ba0cb4ced7', 'username': 'crazytiger293', 'password': 'qqqqqqqq', 'salt': 'i6LTryys', 'md5': '66b50eda5aeb341ccf38eee2c996dccb', 'sha1': 'a2cb35e3a7e63a838a0ce3660182ddecaab35a5f', 'sha256': 'c08035d2e3f2aee3780345514768b860a6aeaa94b289a3b7ef13fd75faf99869'}, 'dob': {'date': '1945-04-07T09:34:13.658Z', 'age': 78}, 'registered': {'date': '2017-01-05T02:31:29.379Z', 'age': 7}, 'phone': '(076)-288-8409', 'cell': '(712)-853-6773', 'id': {'name': '', 'value': None}, 'picture': {'large': 'https://randomuser.me/api/portraits/men/62.jpg', 'medium': 'https://randomuser.me/api/portraits/med/men/62.jpg', 'thumbnail': 'https://randomuser.me/api/portraits/thumb/men/62.jpg'}, 'nat': 'NZ'}</msg>
<arg>${json_data['results'][0]}</arg>
<doc>Logs the given message with the given level.</doc>
<status status="PASS" start="2024-04-06T16:16:42.718430" elapsed="0.000417"/>
</kw>
<kw name="Log" owner="BuiltIn">
<msg time="2024-04-06T16:16:42.719280" level="INFO">login</msg>
<arg>${key}</arg>
<doc>Logs the given message with the given level.</doc>
<status status="PASS" start="2024-04-06T16:16:42.719153" elapsed="0.000267"/>
</kw>
<var name="${key}">login</var>
<status status="PASS" start="2024-04-06T16:16:42.717571" elapsed="0.002082"/>
</iter>
<var>${key}</var>
<value>@{expected_keys}</value>
<status status="PASS" start="2024-04-06T16:16:42.708813" elapsed="0.010994"/>
</for>
<kw name="Create List" owner="BuiltIn">
<msg time="2024-04-06T16:16:42.720142" level="INFO">${expected_keysTwo} = ['username', 'password']</msg>
<var>${expected_keysTwo}</var>
<arg>username</arg>
<arg>password</arg>
<doc>Returns a list containing given items.</doc>
<status status="PASS" start="2024-04-06T16:16:42.720003" elapsed="0.000162"/>
</kw>
<for flavor="IN">
<iter>
<kw name="Dictionary Should Contain Key" owner="Collections">
<msg time="2024-04-06T16:16:42.721041" level="INFO">False</msg>
<arg>${json_data['results'][0]['login']}</arg>
<arg>${keyTwo}</arg>
<doc>Fails if ``key`` is not found from ``dictionary``.</doc>
<status status="PASS" start="2024-04-06T16:16:42.720659" elapsed="0.000419"/>
</kw>
<kw name="Dictionary Should Contain Key" owner="Collections">
<msg time="2024-04-06T16:16:42.721792" level="INFO">False</msg>
<arg>${json_data['results'][0]['login']}</arg>
<arg>${keyTwo}</arg>
<doc>Fails if ``key`` is not found from ``dictionary``.</doc>
<status status="PASS" start="2024-04-06T16:16:42.721381" elapsed="0.000449"/>
</kw>
<kw name="Log" owner="BuiltIn">
<msg time="2024-04-06T16:16:42.722253" level="INFO">username</msg>
<arg>${keyTwo}</arg>
<doc>Logs the given message with the given level.</doc>
<status status="PASS" start="2024-04-06T16:16:42.722125" elapsed="0.000165"/>
</kw>
<var name="${keyTwo}">username</var>
<status status="PASS" start="2024-04-06T16:16:42.720551" elapsed="0.001952"/>
</iter>
<iter>
<kw name="Dictionary Should Contain Key" owner="Collections">
<msg time="2024-04-06T16:16:42.723158" level="INFO">False</msg>
<arg>${json_data['results'][0]['login']}</arg>
<arg>${keyTwo}</arg>
<doc>Fails if ``key`` is not found from ``dictionary``.</doc>
<status status="PASS" start="2024-04-06T16:16:42.722785" elapsed="0.000410"/>
</kw>
<kw name="Dictionary Should Contain Key" owner="Collections">
<msg time="2024-04-06T16:16:42.723858" level="INFO">False</msg>
<arg>${json_data['results'][0]['login']}</arg>
<arg>${keyTwo}</arg>
<doc>Fails if ``key`` is not found from ``dictionary``.</doc>
<status status="PASS" start="2024-04-06T16:16:42.723487" elapsed="0.000409"/>
</kw>
<kw name="Log" owner="BuiltIn">
<msg time="2024-04-06T16:16:42.724317" level="INFO">password</msg>
<arg>${keyTwo}</arg>
<doc>Logs the given message with the given level.</doc>
<status status="PASS" start="2024-04-06T16:16:42.724188" elapsed="0.000167"/>
</kw>
<var name="${keyTwo}">password</var>
<status status="PASS" start="2024-04-06T16:16:42.722677" elapsed="0.001894"/>
</iter>
<var>${keyTwo}</var>
<value>@{expected_keysTwo}</value>
<status status="PASS" start="2024-04-06T16:16:42.720401" elapsed="0.004293"/>
</for>
<status status="PASS" start="2024-04-06T16:16:42.660005" elapsed="0.064828"/>
</kw>
<doc>Testa a estrutura da resposta da API.</doc>
<tag>testeEstruturaResposta</tag>
<status status="PASS" start="2024-04-06T16:16:42.659407" elapsed="0.065580"/>
</test>
<test id="s1-s1-t4" name="Validar tipos de dados" line="28">
<kw name="Teste de Tipos de Dados" owner="random-user-service">
<kw name="GET On Session" owner="RequestsLibrary">
<msg time="2024-04-06T16:16:42.800608" level="INFO">GET Request : url=https://randomuser.me/api 
 path_url=/api 
 headers={'User-Agent': 'python-requests/2.31.0', 'Accept-Encoding': 'gzip, deflate', 'Accept': '*/*', 'Connection': 'keep-alive'} 
 body=None 
 </msg>
<msg time="2024-04-06T16:16:42.800685" level="INFO">GET Response : url=https://randomuser.me/api 
 status=200, reason=OK 
 headers={'Date': 'Sat, 06 Apr 2024 16:16:42 GMT', 'Content-Type': 'application/json; charset=utf-8', 'Transfer-Encoding': 'chunked', 'Connection': 'keep-alive', 'X-Powered-By': 'Express', 'Access-Control-Allow-Origin': '*', 'Cache-Control': 'no-cache', 'ETag': 'W/"481-kQsr46dJ6CHrFMSE3cAn+gldPOQ"', 'Vary': 'Accept-Encoding', 'Content-Encoding': 'gzip', 'CF-Cache-Status': 'DYNAMIC', 'Report-To': '{"endpoints":[{"url":"https:\\/\\/a.nel.cloudflare.com\\/report\\/v4?s=6bRC9vL3Gey%2Bb9p6Vq2qQKL0cZhPT95ZvWDZR3JvuwtslxCrqCFcuHVSli9aFKsJLoYdf2Ozh14fdB90HeohJtYxDB6S7sB3oLwW%2Bn0TpLb5%2FsHsZ3DbH4MghNUL76iq"}],"group":"cf-nel","max_age":604800}', 'NEL': '{"success_fraction":0,"report_to":"cf-nel","max_age":604800}', 'Server': 'cloudflare', 'CF-RAY': '8703157b1c4a294c-ORD', 'alt-svc': 'h3=":443"; ma=86400'} 
 body={"results":[{"gender":"male","name":{"title":"Mr","first":"Theodor","last":"Oland"},"location":{"street":{"number":1170,"name":"Bodøgata"},"city":"Bogen","state":"Nord-Trøndelag","country":"Norway","postcode":"6200","coordinates":{"latitude":"43.4249","longitude":"-6.9198"},"timezone":{"offset":"+10:00","description":"Eastern Australia, Guam, Vladivostok"}},"email":"theodor.oland@example.com","login":{"uuid":"eae1117f-ca55-45e9-a307-73ac9dd167c6","username":"angrykoala496","password":"cang","salt":"XOwvw3Li","md5":"028364e65b6ea11d87d4384e265a8cb2","sha1":"df3b407d76ade742d4b23f50ff9288f715d1df75","sha256":"4cfbb1313a9967264ee7e7d5405262a16ef661023e7f0f0bc8ca342bd95bc5c2"},"dob":{"date":"1955-04-27T02:47:24.191Z","age":68},"registered":{"date":"2015-10-08T00:13:23.403Z","age":8},"phone":"68804473","cell":"98804789","id":{"name":"FN","value":"27045544155"},"picture":{"large":"https://randomuser.me/api/portraits/men/76.jpg","medium":"https://randomuser.me/api/portraits/med/men/76.jpg","thumbnail":"https://randomuser.me/api/portraits/thumb/men/76.jpg"},"nat":"NO"}],"info":{"seed":"7ac40fdee26d370b","results":1,"page":1,"version":"1.4"}} 
 </msg>
<msg time="2024-04-06T16:16:42.800754" level="INFO">/opt/hostedtoolcache/Python/3.12.2/x64/lib/python3.12/site-packages/urllib3/connectionpool.py:1103: InsecureRequestWarning: Unverified HTTPS request is being made to host 'randomuser.me'. Adding certificate verification is strongly advised. See: https://urllib3.readthedocs.io/en/latest/advanced-usage.html#tls-warnings
  warnings.warn(</msg>
<msg time="2024-04-06T16:16:42.800856" level="INFO">${response} = &lt;Response [200]&gt;</msg>
<var>${response}</var>
<arg>consultarAPI</arg>
<arg>/api</arg>
<doc>Sends a GET request on a previously created HTTP Session.</doc>
<status status="PASS" start="2024-04-06T16:16:42.727429" elapsed="0.073465"/>
</kw>
<kw name="Set Variable" owner="BuiltIn">
<msg time="2024-04-06T16:16:42.801756" level="INFO">${json_data} = {'results': [{'gender': 'male', 'name': {'title': 'Mr', 'first': 'Theodor', 'last': 'Oland'}, 'location': {'street': {'number': 1170, 'name': 'Bodøgata'}, 'city': 'Bogen', 'state': 'Nord-Trøndelag', '...</msg>
<var>${json_data}</var>
<arg>${response.json()}</arg>
<doc>Returns the given values which can then be assigned to a variables.</doc>
<status status="PASS" start="2024-04-06T16:16:42.801275" elapsed="0.000511"/>
</kw>
<kw name="Log" owner="BuiltIn">
<msg time="2024-04-06T16:16:42.802271" level="INFO">{'results': [{'gender': 'male', 'name': {'title': 'Mr', 'first': 'Theodor', 'last': 'Oland'}, 'location': {'street': {'number': 1170, 'name': 'Bodøgata'}, 'city': 'Bogen', 'state': 'Nord-Trøndelag', 'country': 'Norway', 'postcode': '6200', 'coordinates': {'latitude': '43.4249', 'longitude': '-6.9198'}, 'timezone': {'offset': '+10:00', 'description': 'Eastern Australia, Guam, Vladivostok'}}, 'email': 'theodor.oland@example.com', 'login': {'uuid': 'eae1117f-ca55-45e9-a307-73ac9dd167c6', 'username': 'angrykoala496', 'password': 'cang', 'salt': 'XOwvw3Li', 'md5': '028364e65b6ea11d87d4384e265a8cb2', 'sha1': 'df3b407d76ade742d4b23f50ff9288f715d1df75', 'sha256': '4cfbb1313a9967264ee7e7d5405262a16ef661023e7f0f0bc8ca342bd95bc5c2'}, 'dob': {'date': '1955-04-27T02:47:24.191Z', 'age': 68}, 'registered': {'date': '2015-10-08T00:13:23.403Z', 'age': 8}, 'phone': '68804473', 'cell': '98804789', 'id': {'name': 'FN', 'value': '27045544155'}, 'picture': {'large': 'https://randomuser.me/api/portraits/men/76.jpg', 'medium': 'https://randomuser.me/api/portraits/med/men/76.jpg', 'thumbnail': 'https://randomuser.me/api/portraits/thumb/men/76.jpg'}, 'nat': 'NO'}], 'info': {'seed': '7ac40fdee26d370b', 'results': 1, 'page': 1, 'version': '1.4'}}</msg>
<arg>${json_data}</arg>
<doc>Logs the given message with the given level.</doc>
<status status="PASS" start="2024-04-06T16:16:42.802110" elapsed="0.000242"/>
</kw>
<kw name="Should Be String" owner="String">
<arg>${json_data['results'][0]['gender']}</arg>
<doc>Fails if the given ``item`` is not a string.</doc>
<status status="PASS" start="2024-04-06T16:16:42.802666" elapsed="0.000377"/>
</kw>
<kw name="Should Match Regexp" owner="BuiltIn">
<arg>${json_data['results'][0]['email']}</arg>
<arg>^[a-zA-Z0-9._%+-]+@[a-zA-Z0-9.-]+\.[a-zA-Z]{2,}$</arg>
<doc>Fails if ``string`` does not match ``pattern`` as a regular expression.</doc>
<status status="PASS" start="2024-04-06T16:16:42.803239" elapsed="0.000535"/>
</kw>
<kw name="Should Match Regexp" owner="BuiltIn">
<arg>${json_data['results'][0]['dob']['date']}</arg>
<arg>\\d{4}-\\d{2}-\\d{2}T\\d{2}:\\d{2}:\\d{2}\\.\\d{3}Z</arg>
<doc>Fails if ``string`` does not match ``pattern`` as a regular expression.</doc>
<status status="PASS" start="2024-04-06T16:16:42.803978" elapsed="0.000490"/>
</kw>
<kw name="Should Match Regexp" owner="BuiltIn">
<arg>${json_data['results'][0]['registered']['date']}</arg>
<arg>\\d{4}-\\d{2}-\\d{2}T\\d{2}:\\d{2}:\\d{2}\\.\\d{3}Z</arg>
<doc>Fails if ``string`` does not match ``pattern`` as a regular expression.</doc>
<status status="PASS" start="2024-04-06T16:16:42.804662" elapsed="0.000367"/>
</kw>
<kw name="Should Match Regexp" owner="BuiltIn">
<arg>${json_data['results'][0]['picture']['large']}</arg>
<arg>^https?://.*\.(?:png|jpe?g|gif|bmp)$</arg>
<doc>Fails if ``string`` does not match ``pattern`` as a regular expression.</doc>
<status status="PASS" start="2024-04-06T16:16:42.805217" elapsed="0.000476"/>
</kw>
<kw name="Should Match Regexp" owner="BuiltIn">
<arg>${json_data['results'][0]['picture']['medium']}</arg>
<arg>^https?://.*\.(?:png|jpe?g|gif|bmp)$</arg>
<doc>Fails if ``string`` does not match ``pattern`` as a regular expression.</doc>
<status status="PASS" start="2024-04-06T16:16:42.805890" elapsed="0.000352"/>
</kw>
<kw name="Should Match Regexp" owner="BuiltIn">
<arg>${json_data['results'][0]['picture']['thumbnail']}</arg>
<arg>^https?://.*\.(?:png|jpe?g|gif|bmp)$</arg>
<doc>Fails if ``string`` does not match ``pattern`` as a regular expression.</doc>
<status status="PASS" start="2024-04-06T16:16:42.806429" elapsed="0.000361"/>
</kw>
<kw name="Log" owner="BuiltIn">
<msg time="2024-04-06T16:16:42.807302" level="INFO">{'large': 'https://randomuser.me/api/portraits/men/76.jpg', 'medium': 'https://randomuser.me/api/portraits/med/men/76.jpg', 'thumbnail': 'https://randomuser.me/api/portraits/thumb/men/76.jpg'}</msg>
<arg>${json_data['results'][0]['picture']}</arg>
<doc>Logs the given message with the given level.</doc>
<status status="PASS" start="2024-04-06T16:16:42.806972" elapsed="0.000372"/>
</kw>
<status status="PASS" start="2024-04-06T16:16:42.727201" elapsed="0.080396"/>
</kw>
<kw name="Teste de Tipos de Dados - Postcode" owner="random-user-service">
<kw name="GET On Session" owner="RequestsLibrary">
<msg time="2024-04-06T16:16:42.912986" level="INFO">GET Request : url=https://randomuser.me/api 
 path_url=/api 
 headers={'User-Agent': 'python-requests/2.31.0', 'Accept-Encoding': 'gzip, deflate', 'Accept': '*/*', 'Connection': 'keep-alive'} 
 body=None 
 </msg>
<msg time="2024-04-06T16:16:42.913062" level="INFO">GET Response : url=https://randomuser.me/api 
 status=200, reason=OK 
 headers={'Date': 'Sat, 06 Apr 2024 16:16:42 GMT', 'Content-Type': 'application/json; charset=utf-8', 'Transfer-Encoding': 'chunked', 'Connection': 'keep-alive', 'X-Powered-By': 'Express', 'Access-Control-Allow-Origin': '*', 'Cache-Control': 'no-cache', 'ETag': 'W/"49c-lhACruR4YYp9JtZuB1UavkuDNLE"', 'Vary': 'Accept-Encoding', 'Content-Encoding': 'gzip', 'CF-Cache-Status': 'DYNAMIC', 'Report-To': '{"endpoints":[{"url":"https:\\/\\/a.nel.cloudflare.com\\/report\\/v4?s=OMKeDC%2BgZ8OB74TpW55RdV6VxpC17MVYS3djnB%2BKsN0jxbjq02rltHXCfy2fGykNDfqxvv8Z1px%2Fc4wsRVWs3%2Fdk64jvf3y%2FTSLaQUwHzkhnniKRMZZURQOwJ1O9dvFe"}],"group":"cf-nel","max_age":604800}', 'NEL': '{"success_fraction":0,"report_to":"cf-nel","max_age":604800}', 'Server': 'cloudflare', 'CF-RAY': '8703157b9cb0294c-ORD', 'alt-svc': 'h3=":443"; ma=86400'} 
 body={"results":[{"gender":"male","name":{"title":"Monsieur","first":"August","last":"Durand"},"location":{"street":{"number":3212,"name":"Rue du Village"},"city":"Waldkirch","state":"Schwyz","country":"Switzerland","postcode":2119,"coordinates":{"latitude":"-56.9981","longitude":"-18.2088"},"timezone":{"offset":"+5:30","description":"Bombay, Calcutta, Madras, New Delhi"}},"email":"august.durand@example.com","login":{"uuid":"14b5dfa0-6b56-40cd-80e2-6c6c1f2c6cd3","username":"tinycat473","password":"33333333","salt":"yQvAdXZb","md5":"bced18b0912a15b76d7d06e32bb02776","sha1":"a796432b85aef56d0ea66910905b2cf52083f09b","sha256":"858e429832fdb6f98eb5559cff93583b320ae127f7e5e4c44fa4f34afa1b5607"},"dob":{"date":"1988-07-05T19:25:22.431Z","age":35},"registered":{"date":"2010-04-01T00:54:00.239Z","age":14},"phone":"079 174 78 26","cell":"075 950 74 07","id":{"name":"AVS","value":"756.6451.9559.42"},"picture":{"large":"https://randomuser.me/api/portraits/men/78.jpg","medium":"https://randomuser.me/api/portraits/med/men/78.jpg","thumbnail":"https://randomuser.me/api/portraits/thumb/men/78.jpg"},"nat":"CH"}],"info":{"seed":"0db009e0543416d0","results":1,"page":1,"version":"1.4"}} 
 </msg>
<msg time="2024-04-06T16:16:42.913137" level="INFO">/opt/hostedtoolcache/Python/3.12.2/x64/lib/python3.12/site-packages/urllib3/connectionpool.py:1103: InsecureRequestWarning: Unverified HTTPS request is being made to host 'randomuser.me'. Adding certificate verification is strongly advised. See: https://urllib3.readthedocs.io/en/latest/advanced-usage.html#tls-warnings
  warnings.warn(</msg>
<msg time="2024-04-06T16:16:42.913229" level="INFO">${response} = &lt;Response [200]&gt;</msg>
<var>${response}</var>
<arg>consultarAPI</arg>
<arg>/api</arg>
<doc>Sends a GET request on a previously created HTTP Session.</doc>
<status status="PASS" start="2024-04-06T16:16:42.808151" elapsed="0.105117"/>
</kw>
<kw name="Set Variable" owner="BuiltIn">
<msg time="2024-04-06T16:16:42.914340" level="INFO">${json_data} = {'results': [{'gender': 'male', 'name': {'title': 'Monsieur', 'first': 'August', 'last': 'Durand'}, 'location': {'street': {'number': 3212, 'name': 'Rue du Village'}, 'city': 'Waldkirch', 'state': 'Sc...</msg>
<var>${json_data}</var>
<arg>${response.json()}</arg>
<doc>Returns the given values which can then be assigned to a variables.</doc>
<status status="PASS" start="2024-04-06T16:16:42.913754" elapsed="0.000615"/>
</kw>
<kw name="Log" owner="BuiltIn">
<msg time="2024-04-06T16:16:42.914850" level="INFO">{'results': [{'gender': 'male', 'name': {'title': 'Monsieur', 'first': 'August', 'last': 'Durand'}, 'location': {'street': {'number': 3212, 'name': 'Rue du Village'}, 'city': 'Waldkirch', 'state': 'Schwyz', 'country': 'Switzerland', 'postcode': 2119, 'coordinates': {'latitude': '-56.9981', 'longitude': '-18.2088'}, 'timezone': {'offset': '+5:30', 'description': 'Bombay, Calcutta, Madras, New Delhi'}}, 'email': 'august.durand@example.com', 'login': {'uuid': '14b5dfa0-6b56-40cd-80e2-6c6c1f2c6cd3', 'username': 'tinycat473', 'password': '33333333', 'salt': 'yQvAdXZb', 'md5': 'bced18b0912a15b76d7d06e32bb02776', 'sha1': 'a796432b85aef56d0ea66910905b2cf52083f09b', 'sha256': '858e429832fdb6f98eb5559cff93583b320ae127f7e5e4c44fa4f34afa1b5607'}, 'dob': {'date': '1988-07-05T19:25:22.431Z', 'age': 35}, 'registered': {'date': '2010-04-01T00:54:00.239Z', 'age': 14}, 'phone': '079 174 78 26', 'cell': '075 950 74 07', 'id': {'name': 'AVS', 'value': '756.6451.9559.42'}, 'picture': {'large': 'https://randomuser.me/api/portraits/men/78.jpg', 'medium': 'https://randomuser.me/api/portraits/med/men/78.jpg', 'thumbnail': 'https://randomuser.me/api/portraits/thumb/men/78.jpg'}, 'nat': 'CH'}], 'info': {'seed': '0db009e0543416d0', 'results': 1, 'page': 1, 'version': '1.4'}}</msg>
<arg>${json_data}</arg>
<doc>Logs the given message with the given level.</doc>
<status status="PASS" start="2024-04-06T16:16:42.914675" elapsed="0.000258"/>
</kw>
<kw name="Should Be Equal As Numbers" owner="BuiltIn">
<arg>${json_data['results'][0]['location']['postcode']}</arg>
<arg>${json_data['results'][0]['location']['postcode']}</arg>
<doc>Fails if objects are unequal after converting them to real numbers.</doc>
<status status="PASS" start="2024-04-06T16:16:42.915237" elapsed="0.000622"/>
</kw>
<kw name="Log" owner="BuiltIn">
<msg time="2024-04-06T16:16:42.916382" level="INFO">2119</msg>
<arg>${json_data['results'][0]['location']['postcode']}</arg>
<doc>Logs the given message with the given level.</doc>
<status status="PASS" start="2024-04-06T16:16:42.916051" elapsed="0.000371"/>
</kw>
<status status="PASS" start="2024-04-06T16:16:42.807810" elapsed="0.108860"/>
</kw>
<doc>Testa se os tipos de dados na resposta da API estão corretos.</doc>
<tag>testeTiposDados</tag>
<status status="PASS" start="2024-04-06T16:16:42.726762" elapsed="0.190064"/>
</test>
<test id="s1-s1-t5" name="Validar conteudo" line="35">
<kw name="Teste de Tipos de Conteudo" owner="random-user-service">
<kw name="GET On Session" owner="RequestsLibrary">
<msg time="2024-04-06T16:16:43.000419" level="INFO">GET Request : url=https://randomuser.me/api 
 path_url=/api 
 headers={'User-Agent': 'python-requests/2.31.0', 'Accept-Encoding': 'gzip, deflate', 'Accept': '*/*', 'Connection': 'keep-alive'} 
 body=None 
 </msg>
<msg time="2024-04-06T16:16:43.000497" level="INFO">GET Response : url=https://randomuser.me/api 
 status=200, reason=OK 
 headers={'Date': 'Sat, 06 Apr 2024 16:16:43 GMT', 'Content-Type': 'application/json; charset=utf-8', 'Transfer-Encoding': 'chunked', 'Connection': 'keep-alive', 'X-Powered-By': 'Express', 'Access-Control-Allow-Origin': '*', 'Cache-Control': 'no-cache', 'ETag': 'W/"483-fgymzb6wQldnKy4ysr7LPksWims"', 'Vary': 'Accept-Encoding', 'Content-Encoding': 'gzip', 'CF-Cache-Status': 'DYNAMIC', 'Report-To': '{"endpoints":[{"url":"https:\\/\\/a.nel.cloudflare.com\\/report\\/v4?s=xnZljTEhI9NPtveRzeLBRHxYd049sdZ8fxkibVKQvGHlE4DbwMVjVQypp3SyGKI3gncksxIOr8zShZa8y4KntVguFqnG3ZtoGIt5sz%2BTC2qIi9gIhG2LfBW5jgxQgilI"}],"group":"cf-nel","max_age":604800}', 'NEL': '{"success_fraction":0,"report_to":"cf-nel","max_age":604800}', 'Server': 'cloudflare', 'CF-RAY': '8703157c4d41294c-ORD', 'alt-svc': 'h3=":443"; ma=86400'} 
 body={"results":[{"gender":"female","name":{"title":"Ms","first":"Alvilde","last":"Reistad"},"location":{"street":{"number":6811,"name":"Telavåggata"},"city":"Lundamo","state":"Buskerud","country":"Norway","postcode":"5176","coordinates":{"latitude":"46.8507","longitude":"79.8375"},"timezone":{"offset":"-7:00","description":"Mountain Time (US &amp; Canada)"}},"email":"alvilde.reistad@example.com","login":{"uuid":"0af2ad73-d172-4027-8493-0620e35ea8f7","username":"brownbird440","password":"murray","salt":"fEjajEHs","md5":"2f4f46947dcb2c30a03e13353d5d1fca","sha1":"0fa1107c78003cba415c0271246b7787fd452b29","sha256":"d6459c715356f3fbcc77f0e58a03be8b46456166f7cf04cea3e59bf1dd6cd639"},"dob":{"date":"1954-11-10T12:08:38.438Z","age":69},"registered":{"date":"2002-05-18T14:13:48.998Z","age":21},"phone":"33865943","cell":"96063671","id":{"name":"FN","value":"10115440409"},"picture":{"large":"https://randomuser.me/api/portraits/women/86.jpg","medium":"https://randomuser.me/api/portraits/med/women/86.jpg","thumbnail":"https://randomuser.me/api/portraits/thumb/women/86.jpg"},"nat":"NO"}],"info":{"seed":"6deaac3245778d7a","results":1,"page":1,"version":"1.4"}} 
 </msg>
<msg time="2024-04-06T16:16:43.000567" level="INFO">/opt/hostedtoolcache/Python/3.12.2/x64/lib/python3.12/site-packages/urllib3/connectionpool.py:1103: InsecureRequestWarning: Unverified HTTPS request is being made to host 'randomuser.me'. Adding certificate verification is strongly advised. See: https://urllib3.readthedocs.io/en/latest/advanced-usage.html#tls-warnings
  warnings.warn(</msg>
<msg time="2024-04-06T16:16:43.000676" level="INFO">${response} = &lt;Response [200]&gt;</msg>
<var>${response}</var>
<arg>consultarAPI</arg>
<arg>/api</arg>
<doc>Sends a GET request on a previously created HTTP Session.</doc>
<status status="PASS" start="2024-04-06T16:16:42.919271" elapsed="0.081455"/>
</kw>
<kw name="Set Variable" owner="BuiltIn">
<msg time="2024-04-06T16:16:43.001893" level="INFO">${json_data} = {'results': [{'gender': 'female', 'name': {'title': 'Ms', 'first': 'Alvilde', 'last': 'Reistad'}, 'location': {'street': {'number': 6811, 'name': 'Telavåggata'}, 'city': 'Lundamo', 'state': 'Buskerud'...</msg>
<var>${json_data}</var>
<arg>${response.json()}</arg>
<doc>Returns the given values which can then be assigned to a variables.</doc>
<status status="PASS" start="2024-04-06T16:16:43.001296" elapsed="0.000626"/>
</kw>
<kw name="Set Variable" owner="BuiltIn">
<msg time="2024-04-06T16:16:43.002624" level="INFO">${name_title} = Ms</msg>
<var>${name_title}</var>
<arg>${json_data["results"][0]["name"]["title"]}</arg>
<doc>Returns the given values which can then be assigned to a variables.</doc>
<status status="PASS" start="2024-04-06T16:16:43.002232" elapsed="0.000417"/>
</kw>
<kw name="Create List" owner="BuiltIn">
<msg time="2024-04-06T16:16:43.003105" level="INFO">${allowed_titles} = ['Mr', 'Ms', 'Miss', 'Mrs', 'Madame', 'Monsieur']</msg>
<var>${allowed_titles}</var>
<arg>Mr</arg>
<arg>Ms</arg>
<arg>Miss</arg>
<arg>Mrs</arg>
<arg>Madame</arg>
<arg>Monsieur</arg>
<doc>Returns a list containing given items.</doc>
<status status="PASS" start="2024-04-06T16:16:43.002956" elapsed="0.000174"/>
</kw>
<kw name="List Should Contain Value" owner="Collections">
<msg time="2024-04-06T16:16:43.003598" level="INFO">False</msg>
<arg>${allowed_titles}</arg>
<arg>${name_title}</arg>
<doc>Fails if the ``value`` is not found from ``list``.</doc>
<status status="PASS" start="2024-04-06T16:16:43.003432" elapsed="0.000203"/>
</kw>
<kw name="Set Variable" owner="BuiltIn">
<msg time="2024-04-06T16:16:43.004298" level="INFO">${name_country} = NO</msg>
<var>${name_country}</var>
<arg>${json_data["results"][0]["nat"]}</arg>
<doc>Returns the given values which can then be assigned to a variables.</doc>
<status status="PASS" start="2024-04-06T16:16:43.003921" elapsed="0.000401"/>
</kw>
<kw name="Create List" owner="BuiltIn">
<msg time="2024-04-06T16:16:43.005234" level="INFO">${list_country} = ['AD', 'AE', 'AF', 'AG', 'AI', 'AL', 'AM', 'AO', 'AQ', 'AR', 'AS', 'AT', 'AU', 'AW', 'AX', 'AZ', 'BA', 'BB', 'BD', 'BE', 'BF', 'BG', 'BH', 'BI', 'BJ', 'BL', 'BM', 'BN', 'BO', 'BQ', 'BR', 'BS', 'BT', '...</msg>
<var>${list_country}</var>
<arg>AD</arg>
<arg>AE</arg>
<arg>AF</arg>
<arg>AG</arg>
<arg>AI</arg>
<arg>AL</arg>
<arg>AM</arg>
<arg>AO</arg>
<arg>AQ</arg>
<arg>AR</arg>
<arg>AS</arg>
<arg>AT</arg>
<arg>AU</arg>
<arg>AW</arg>
<arg>AX</arg>
<arg>AZ</arg>
<arg>BA</arg>
<arg>BB</arg>
<arg>BD</arg>
<arg>BE</arg>
<arg>BF</arg>
<arg>BG</arg>
<arg>BH</arg>
<arg>BI</arg>
<arg>BJ</arg>
<arg>BL</arg>
<arg>BM</arg>
<arg>BN</arg>
<arg>BO</arg>
<arg>BQ</arg>
<arg>BR</arg>
<arg>BS</arg>
<arg>BT</arg>
<arg>BV</arg>
<arg>BW</arg>
<arg>BY</arg>
<arg>BZ</arg>
<arg>CA</arg>
<arg>CC</arg>
<arg>CD</arg>
<arg>CF</arg>
<arg>CG</arg>
<arg>CH</arg>
<arg>CI</arg>
<arg>CK</arg>
<arg>CL</arg>
<arg>CM</arg>
<arg>CN</arg>
<arg>CO</arg>
<arg>CR</arg>
<arg>CU</arg>
<arg>CV</arg>
<arg>CW</arg>
<arg>CX</arg>
<arg>CY</arg>
<arg>CZ</arg>
<arg>DE</arg>
<arg>DJ</arg>
<arg>DK</arg>
<arg>DM</arg>
<arg>DO</arg>
<arg>DZ</arg>
<arg>EC</arg>
<arg>EE</arg>
<arg>EG</arg>
<arg>EH</arg>
<arg>ER</arg>
<arg>ES</arg>
<arg>ET</arg>
<arg>FI</arg>
<arg>FJ</arg>
<arg>FK</arg>
<arg>FM</arg>
<arg>FO</arg>
<arg>FR</arg>
<arg>GA</arg>
<arg>GB</arg>
<arg>GD</arg>
<arg>GE</arg>
<arg>GF</arg>
<arg>GG</arg>
<arg>GH</arg>
<arg>GI</arg>
<arg>GL</arg>
<arg>GM</arg>
<arg>GN</arg>
<arg>GP</arg>
<arg>GQ</arg>
<arg>GR</arg>
<arg>GS</arg>
<arg>GT</arg>
<arg>GU</arg>
<arg>GW</arg>
<arg>GY</arg>
<arg>HK</arg>
<arg>HM</arg>
<arg>HN</arg>
<arg>HR</arg>
<arg>HT</arg>
<arg>HU</arg>
<arg>ID</arg>
<arg>IE</arg>
<arg>IL</arg>
<arg>IM</arg>
<arg>IN</arg>
<arg>IO</arg>
<arg>IQ</arg>
<arg>IR</arg>
<arg>IS</arg>
<arg>IT</arg>
<arg>JE</arg>
<arg>JM</arg>
<arg>JO</arg>
<arg>JP</arg>
<arg>KE</arg>
<arg>KG</arg>
<arg>KH</arg>
<arg>KI</arg>
<arg>KM</arg>
<arg>KN</arg>
<arg>KP</arg>
<arg>KR</arg>
<arg>KW</arg>
<arg>KY</arg>
<arg>KZ</arg>
<arg>LA</arg>
<arg>LB</arg>
<arg>LC</arg>
<arg>LI</arg>
<arg>LK</arg>
<arg>LR</arg>
<arg>LS</arg>
<arg>LT</arg>
<arg>LU</arg>
<arg>LV</arg>
<arg>LY</arg>
<arg>MA</arg>
<arg>MC</arg>
<arg>MD</arg>
<arg>ME</arg>
<arg>MF</arg>
<arg>MG</arg>
<arg>MH</arg>
<arg>MK</arg>
<arg>ML</arg>
<arg>MM</arg>
<arg>MN</arg>
<arg>MO</arg>
<arg>MP</arg>
<arg>MQ</arg>
<arg>MR</arg>
<arg>MS</arg>
<arg>MT</arg>
<arg>MU</arg>
<arg>MV</arg>
<arg>MW</arg>
<arg>MX</arg>
<arg>MY</arg>
<arg>MZ</arg>
<arg>NA</arg>
<arg>NC</arg>
<arg>NE</arg>
<arg>NF</arg>
<arg>NG</arg>
<arg>NI</arg>
<arg>NL</arg>
<arg>NO</arg>
<arg>NP</arg>
<arg>NR</arg>
<arg>NU</arg>
<arg>NZ</arg>
<arg>OM</arg>
<arg>PA</arg>
<arg>PE</arg>
<arg>PF</arg>
<arg>PG</arg>
<arg>PH</arg>
<arg>PK</arg>
<arg>PL</arg>
<arg>PM</arg>
<arg>PN</arg>
<arg>PR</arg>
<arg>PS</arg>
<arg>PT</arg>
<arg>PW</arg>
<arg>PY</arg>
<arg>QA</arg>
<arg>RE</arg>
<arg>RO</arg>
<arg>RS</arg>
<arg>RU</arg>
<arg>RW</arg>
<arg>SA</arg>
<arg>SB</arg>
<arg>SC</arg>
<arg>SD</arg>
<arg>SE</arg>
<arg>SG</arg>
<arg>SH</arg>
<arg>SI</arg>
<arg>SJ</arg>
<arg>SK</arg>
<arg>SL</arg>
<arg>SM</arg>
<arg>SN</arg>
<arg>SO</arg>
<arg>SR</arg>
<arg>SS</arg>
<arg>ST</arg>
<arg>SV</arg>
<arg>SX</arg>
<arg>SY</arg>
<arg>SZ</arg>
<arg>TC</arg>
<arg>TD</arg>
<arg>TF</arg>
<arg>TG</arg>
<arg>TH</arg>
<arg>TJ</arg>
<arg>TK</arg>
<arg>TL</arg>
<arg>TM</arg>
<arg>TN</arg>
<arg>TO</arg>
<arg>TR</arg>
<arg>TT</arg>
<arg>TV</arg>
<arg>TW</arg>
<arg>TZ</arg>
<arg>UA</arg>
<arg>UG</arg>
<arg>UM</arg>
<arg>US</arg>
<arg>UY</arg>
<arg>UZ</arg>
<arg>VA</arg>
<arg>VC</arg>
<arg>VE</arg>
<arg>VG</arg>
<arg>VI</arg>
<arg>VN</arg>
<arg>VU</arg>
<arg>WF</arg>
<arg>WS</arg>
<arg>XK</arg>
<arg>YE</arg>
<arg>YT</arg>
<arg>ZA</arg>
<arg>ZM</arg>
<arg>ZW</arg>
<doc>Returns a list containing given items.</doc>
<status status="PASS" start="2024-04-06T16:16:43.004630" elapsed="0.000630"/>
</kw>
<kw name="List Should Contain Value" owner="Collections">
<msg time="2024-04-06T16:16:43.006403" level="INFO">False</msg>
<arg>${list_country}</arg>
<arg>${name_country}</arg>
<doc>Fails if the ``value`` is not found from ``list``.</doc>
<status status="PASS" start="2024-04-06T16:16:43.006193" elapsed="0.000248"/>
</kw>
<kw name="Run Keyword If" owner="BuiltIn">
<kw name="Should Be True" owner="BuiltIn">
<arg>${True}</arg>
<doc>Fails if the given condition is not true.</doc>
<status status="PASS" start="2024-04-06T16:16:43.007516" elapsed="0.000146"/>
</kw>
<arg>${json_data["results"][0]["location"]["coordinates"]["latitude"]} &gt;= -90 and ${json_data["results"][0]["location"]["coordinates"]["latitude"]} &lt;= 90</arg>
<arg>Should Be True</arg>
<arg>${True}</arg>
<doc>Runs the given keyword with the given arguments, if ``condition`` is true.</doc>
<status status="PASS" start="2024-04-06T16:16:43.006756" elapsed="0.001034"/>
</kw>
<kw name="Run Keyword If" owner="BuiltIn">
<kw name="Should Be True" owner="BuiltIn">
<arg>${True}</arg>
<doc>Fails if the given condition is not true.</doc>
<status status="PASS" start="2024-04-06T16:16:43.008670" elapsed="0.000139"/>
</kw>
<arg>${json_data["results"][0]["location"]["coordinates"]["longitude"]} &gt;= -180 and ${json_data["results"][0]["location"]["coordinates"]["longitude"]} &lt;= 180</arg>
<arg>Should Be True</arg>
<arg>${True}</arg>
<doc>Runs the given keyword with the given arguments, if ``condition`` is true.</doc>
<status status="PASS" start="2024-04-06T16:16:43.007974" elapsed="0.000961"/>
</kw>
<status status="PASS" start="2024-04-06T16:16:42.919052" elapsed="0.090010"/>
</kw>
<doc>Testa o conteúdo específico dos campos retornados pela API.</doc>
<tag>testeConteudo</tag>
<status status="PASS" start="2024-04-06T16:16:42.918558" elapsed="0.090651"/>
</test>
<status status="PASS" start="2024-04-06T16:16:41.912790" elapsed="1.098368"/>
</suite>
<status status="PASS" start="2024-04-06T16:16:41.899093" elapsed="1.117368"/>
</suite>
<statistics>
<total>
<stat pass="5" fail="0" skip="0">All Tests</stat>
</total>
<tag>
<stat pass="1" fail="0" skip="0">testeConteudo</stat>
<stat pass="1" fail="0" skip="0">testeEstruturaResposta</stat>
<stat pass="1" fail="0" skip="0">testeRequisicaoBasica</stat>
<stat pass="1" fail="0" skip="0">testeTiposDados</stat>
</tag>
<suite>
<stat pass="5" fail="0" skip="0" id="s1" name="Tests">Tests</stat>
<stat pass="5" fail="0" skip="0" id="s1-s1" name="Random-User-Test">Tests.Random-User-Test</stat>
</suite>
</statistics>
<errors>
</errors>
</robot>
