<?xml version="1.0" encoding="UTF-8"?>
<robot generator="Robot 7.0.1 (Python 3.12.4 on linux)" generated="2024-07-06T06:19:10.713232" rpa="false" schemaversion="5">
<suite id="s1" name="Tests" source="/home/runner/work/ApiRandomUser/ApiRandomUser/RamdonUser/tests">
<suite id="s1-s1" name="Random-User-Test" source="/home/runner/work/ApiRandomUser/ApiRandomUser/RamdonUser/tests/random-user-test.robot">
<test id="s1-s1-t1" name="Conectar" line="13">
<kw name="Conectar API" owner="random-user-service">
<kw name="Create Session" owner="RequestsLibrary">
<msg time="2024-07-06T06:19:11.104309" level="INFO">Creating Session using : alias=consultarAPI, url=https://randomuser.me/, headers={},                     cookies={}, auth=None, timeout=None, proxies=None, verify=False,                     debug=0 </msg>
<arg>consultarAPI</arg>
<arg>${URL}</arg>
<doc>Create Session: create a HTTP session to a server</doc>
<status status="PASS" start="2024-07-06T06:19:11.104116" elapsed="0.000362"/>
</kw>
<status status="PASS" start="2024-07-06T06:19:11.103215" elapsed="0.001608"/>
</kw>
<status status="PASS" start="2024-07-06T06:19:11.102658" elapsed="0.002358"/>
</test>
<test id="s1-s1-t2" name="Validar retorno 200 e JSON Válido" line="16">
<kw name="Teste de Requisicao Basica" owner="random-user-service">
<kw name="GET On Session" owner="RequestsLibrary">
<msg time="2024-07-06T06:19:11.421529" level="INFO">GET Request : url=https://randomuser.me/api 
 path_url=/api 
 headers={'User-Agent': 'python-requests/2.32.3', 'Accept-Encoding': 'gzip, deflate', 'Accept': '*/*', 'Connection': 'keep-alive'} 
 body=None 
 </msg>
<msg time="2024-07-06T06:19:11.421673" level="INFO">GET Response : url=https://randomuser.me/api 
 status=200, reason=OK 
 headers={'Date': 'Sat, 06 Jul 2024 06:19:11 GMT', 'Content-Type': 'application/json; charset=utf-8', 'Transfer-Encoding': 'chunked', 'Connection': 'keep-alive', 'X-Powered-By': 'Express', 'Access-Control-Allow-Origin': '*', 'Cache-Control': 'no-cache', 'ETag': 'W/"4a2-C/13Z7NHCNXXkNy0uLGChG3h66w"', 'Vary': 'Accept-Encoding', 'Content-Encoding': 'gzip', 'CF-Cache-Status': 'DYNAMIC', 'Report-To': '{"endpoints":[{"url":"https:\\/\\/a.nel.cloudflare.com\\/report\\/v4?s=714vbjj8AHDOhUGNzcmHZorL6K%2BltWaSOf%2FHk4ZiBm%2FhuimnrmSC7hdSb%2FvLFyrwZOqFIKgNwfkdkEMvmbmoXimRaNMAOjCBdY7Y%2FODUtwu%2BSvD12w7x9LfzUXf25%2BUD"}],"group":"cf-nel","max_age":604800}', 'NEL': '{"success_fraction":0,"report_to":"cf-nel","max_age":604800}', 'Server': 'cloudflare', 'CF-RAY': '89ed7b53e835225b-ORD', 'alt-svc': 'h3=":443"; ma=86400'} 
 body={"results":[{"gender":"male","name":{"title":"Mr","first":"Bogoljub","last":"Pejaković"},"location":{"street":{"number":367,"name":"Dobrivoja Jovanovića"},"city":"Odžaci","state":"Toplica","country":"Serbia","postcode":37984,"coordinates":{"latitude":"60.9571","longitude":"-179.7357"},"timezone":{"offset":"+9:00","description":"Tokyo, Seoul, Osaka, Sapporo, Yakutsk"}},"email":"bogoljub.pejakovic@example.com","login":{"uuid":"18e029e4-9a7f-4fb5-bc41-a63a76b2e364","username":"crazybutterfly697","password":"rockstar","salt":"MNC98Uw8","md5":"3bc8b8bdfd35e1229f41f6f80df38cf8","sha1":"d8640b75f7c7ac772f21d136c7b611fd4213c413","sha256":"e4185af0c264eb076de799a063454d5ba9a4744ea50d56775e450b59e17792de"},"dob":{"date":"1968-09-05T14:14:58.667Z","age":55},"registered":{"date":"2006-06-30T01:26:31.701Z","age":18},"phone":"024-7182-424","cell":"062-2060-577","id":{"name":"SID","value":"016986722"},"picture":{"large":"https://randomuser.me/api/portraits/men/64.jpg","medium":"https://randomuser.me/api/portraits/med/men/64.jpg","thumbnail":"https://randomuser.me/api/portraits/thumb/men/64.jpg"},"nat":"RS"}],"info":{"seed":"54013cfe9f27b00c","results":1,"page":1,"version":"1.4"}} 
 </msg>
<msg time="2024-07-06T06:19:11.421756" level="INFO">/opt/hostedtoolcache/Python/3.12.4/x64/lib/python3.12/site-packages/urllib3/connectionpool.py:1099: InsecureRequestWarning: Unverified HTTPS request is being made to host 'randomuser.me'. Adding certificate verification is strongly advised. See: https://urllib3.readthedocs.io/en/latest/advanced-usage.html#tls-warnings
  warnings.warn(</msg>
<msg time="2024-07-06T06:19:11.421911" level="INFO">${response} = &lt;Response [200]&gt;</msg>
<var>${response}</var>
<arg>consultarAPI</arg>
<arg>/api</arg>
<doc>Sends a GET request on a previously created HTTP Session.</doc>
<status status="PASS" start="2024-07-06T06:19:11.107559" elapsed="0.314397"/>
</kw>
<kw name="Should Be Equal As Numbers" owner="BuiltIn">
<msg time="2024-07-06T06:19:11.422917" level="INFO">Argument types are:
&lt;class 'int'&gt;
&lt;class 'str'&gt;</msg>
<arg>${response.status_code}</arg>
<arg>200</arg>
<doc>Fails if objects are unequal after converting them to real numbers.</doc>
<status status="PASS" start="2024-07-06T06:19:11.422461" elapsed="0.000521"/>
</kw>
<kw name="Log" owner="BuiltIn">
<msg time="2024-07-06T06:19:11.423683" level="INFO">200</msg>
<arg>${response.status_code}</arg>
<doc>Logs the given message with the given level.</doc>
<status status="PASS" start="2024-07-06T06:19:11.423331" elapsed="0.000394"/>
</kw>
<kw name="Set Variable" owner="BuiltIn">
<msg time="2024-07-06T06:19:11.424457" level="INFO">${json_data} = {'results': [{'gender': 'male', 'name': {'title': 'Mr', 'first': 'Bogoljub', 'last': 'Pejaković'}, 'location': {'street': {'number': 367, 'name': 'Dobrivoja Jovanovića'}, 'city': 'Odžaci', 'state': 'T...</msg>
<var>${json_data}</var>
<arg>${response.json()}</arg>
<doc>Returns the given values which can then be assigned to a variables.</doc>
<status status="PASS" start="2024-07-06T06:19:11.424023" elapsed="0.000464"/>
</kw>
<kw name="Dictionary Should Contain Key" owner="Collections">
<arg>${json_data}</arg>
<arg>results</arg>
<doc>Fails if ``key`` is not found from ``dictionary``.</doc>
<status status="PASS" start="2024-07-06T06:19:11.424781" elapsed="0.000160"/>
</kw>
<status status="PASS" start="2024-07-06T06:19:11.107318" elapsed="0.317771"/>
</kw>
<doc>Testa se a API responde corretamente e retorna um objeto JSON válido.</doc>
<tag>testeRequisicaoBasica</tag>
<status status="PASS" start="2024-07-06T06:19:11.106848" elapsed="0.318411"/>
</test>
<test id="s1-s1-t3" name="Validar estrutura de resposta" line="22">
<kw name="Teste de Estrutura de Resposta" owner="random-user-service">
<kw name="GET On Session" owner="RequestsLibrary">
<msg time="2024-07-06T06:19:11.544657" level="INFO">GET Request : url=https://randomuser.me/api 
 path_url=/api 
 headers={'User-Agent': 'python-requests/2.32.3', 'Accept-Encoding': 'gzip, deflate', 'Accept': '*/*', 'Connection': 'keep-alive'} 
 body=None 
 </msg>
<msg time="2024-07-06T06:19:11.544724" level="INFO">GET Response : url=https://randomuser.me/api 
 status=200, reason=OK 
 headers={'Date': 'Sat, 06 Jul 2024 06:19:11 GMT', 'Content-Type': 'application/json; charset=utf-8', 'Transfer-Encoding': 'chunked', 'Connection': 'keep-alive', 'X-Powered-By': 'Express', 'Access-Control-Allow-Origin': '*', 'Cache-Control': 'no-cache', 'ETag': 'W/"4ba-XIH94kplCfAOkOEKzDcBvy7tuQ4"', 'Vary': 'Accept-Encoding', 'Content-Encoding': 'gzip', 'CF-Cache-Status': 'DYNAMIC', 'Report-To': '{"endpoints":[{"url":"https:\\/\\/a.nel.cloudflare.com\\/report\\/v4?s=l5zEfN5WzeODcJFjPjUeQcL5nup7kn%2FCmeHTLzIy%2FnyOsIOQ%2BqUyr%2FatYy98J4IYifJAxoO20hmB6D99Afcs79TwAsM3XjfYJ70904fe0e7YzJZkvQ9i%2F0u0XQP1QIYd"}],"group":"cf-nel","max_age":604800}', 'NEL': '{"success_fraction":0,"report_to":"cf-nel","max_age":604800}', 'Server': 'cloudflare', 'CF-RAY': '89ed7b5468a8225b-ORD', 'alt-svc': 'h3=":443"; ma=86400'} 
 body={"results":[{"gender":"female","name":{"title":"Mrs","first":"Elizaveta","last":"Groenwold"},"location":{"street":{"number":6767,"name":"Geraardsbergenstraat"},"city":"Ellerhuizen","state":"Gelderland","country":"Netherlands","postcode":"5677 NR","coordinates":{"latitude":"31.5734","longitude":"151.8772"},"timezone":{"offset":"+11:00","description":"Magadan, Solomon Islands, New Caledonia"}},"email":"elizaveta.groenwold@example.com","login":{"uuid":"349fa934-da8b-4f75-b9a5-53a5cd9db929","username":"goldengoose278","password":"niners","salt":"NHR9Dv0L","md5":"8e02e0c840f343a2750528a9a4d907f0","sha1":"2478dc37af8aa3f9ff006422e41ae7462b43721f","sha256":"f30d775ec45b976771af509c739b8f1d78cbff3ba8190f5c0fee0fe3973e3e44"},"dob":{"date":"1980-12-06T23:07:07.397Z","age":43},"registered":{"date":"2009-01-17T05:55:06.978Z","age":15},"phone":"(0765) 334526","cell":"(06) 45017306","id":{"name":"BSN","value":"43422842"},"picture":{"large":"https://randomuser.me/api/portraits/women/77.jpg","medium":"https://randomuser.me/api/portraits/med/women/77.jpg","thumbnail":"https://randomuser.me/api/portraits/thumb/women/77.jpg"},"nat":"NL"}],"info":{"seed":"a15d42eec05a9917","results":1,"page":1,"version":"1.4"}} 
 </msg>
<msg time="2024-07-06T06:19:11.544820" level="INFO">/opt/hostedtoolcache/Python/3.12.4/x64/lib/python3.12/site-packages/urllib3/connectionpool.py:1099: InsecureRequestWarning: Unverified HTTPS request is being made to host 'randomuser.me'. Adding certificate verification is strongly advised. See: https://urllib3.readthedocs.io/en/latest/advanced-usage.html#tls-warnings
  warnings.warn(</msg>
<msg time="2024-07-06T06:19:11.544931" level="INFO">${response} = &lt;Response [200]&gt;</msg>
<var>${response}</var>
<arg>consultarAPI</arg>
<arg>/api</arg>
<doc>Sends a GET request on a previously created HTTP Session.</doc>
<status status="PASS" start="2024-07-06T06:19:11.427889" elapsed="0.117084"/>
</kw>
<kw name="Set Variable" owner="BuiltIn">
<msg time="2024-07-06T06:19:11.545840" level="INFO">${json_data} = {'results': [{'gender': 'female', 'name': {'title': 'Mrs', 'first': 'Elizaveta', 'last': 'Groenwold'}, 'location': {'street': {'number': 6767, 'name': 'Geraardsbergenstraat'}, 'city': 'Ellerhuizen', '...</msg>
<var>${json_data}</var>
<arg>${response.json()}</arg>
<doc>Returns the given values which can then be assigned to a variables.</doc>
<status status="PASS" start="2024-07-06T06:19:11.545399" elapsed="0.000468"/>
</kw>
<kw name="Log" owner="BuiltIn">
<msg time="2024-07-06T06:19:11.546321" level="INFO">{'results': [{'gender': 'female', 'name': {'title': 'Mrs', 'first': 'Elizaveta', 'last': 'Groenwold'}, 'location': {'street': {'number': 6767, 'name': 'Geraardsbergenstraat'}, 'city': 'Ellerhuizen', 'state': 'Gelderland', 'country': 'Netherlands', 'postcode': '5677 NR', 'coordinates': {'latitude': '31.5734', 'longitude': '151.8772'}, 'timezone': {'offset': '+11:00', 'description': 'Magadan, Solomon Islands, New Caledonia'}}, 'email': 'elizaveta.groenwold@example.com', 'login': {'uuid': '349fa934-da8b-4f75-b9a5-53a5cd9db929', 'username': 'goldengoose278', 'password': 'niners', 'salt': 'NHR9Dv0L', 'md5': '8e02e0c840f343a2750528a9a4d907f0', 'sha1': '2478dc37af8aa3f9ff006422e41ae7462b43721f', 'sha256': 'f30d775ec45b976771af509c739b8f1d78cbff3ba8190f5c0fee0fe3973e3e44'}, 'dob': {'date': '1980-12-06T23:07:07.397Z', 'age': 43}, 'registered': {'date': '2009-01-17T05:55:06.978Z', 'age': 15}, 'phone': '(0765) 334526', 'cell': '(06) 45017306', 'id': {'name': 'BSN', 'value': '43422842'}, 'picture': {'large': 'https://randomuser.me/api/portraits/women/77.jpg', 'medium': 'https://randomuser.me/api/portraits/med/women/77.jpg', 'thumbnail': 'https://randomuser.me/api/portraits/thumb/women/77.jpg'}, 'nat': 'NL'}], 'info': {'seed': 'a15d42eec05a9917', 'results': 1, 'page': 1, 'version': '1.4'}}</msg>
<arg>${json_data}</arg>
<doc>Logs the given message with the given level.</doc>
<status status="PASS" start="2024-07-06T06:19:11.546163" elapsed="0.000207"/>
</kw>
<kw name="Dictionary Should Contain Key" owner="Collections">
<arg>${json_data}</arg>
<arg>results</arg>
<doc>Fails if ``key`` is not found from ``dictionary``.</doc>
<status status="PASS" start="2024-07-06T06:19:11.546650" elapsed="0.000154"/>
</kw>
<kw name="Should Not Be Empty" owner="BuiltIn">
<msg time="2024-07-06T06:19:11.547150" level="INFO">Length is 2.</msg>
<arg>${json_data}</arg>
<doc>Verifies that the given item is not empty.</doc>
<status status="PASS" start="2024-07-06T06:19:11.546984" elapsed="0.000208"/>
</kw>
<kw name="Create List" owner="BuiltIn">
<msg time="2024-07-06T06:19:11.547630" level="INFO">${expected_keys} = ['gender', 'name', 'location', 'email', 'login']</msg>
<var>${expected_keys}</var>
<arg>gender</arg>
<arg>name</arg>
<arg>location</arg>
<arg>email</arg>
<arg>login</arg>
<doc>Returns a list containing given items.</doc>
<status status="PASS" start="2024-07-06T06:19:11.547485" elapsed="0.000169"/>
</kw>
<for flavor="IN">
<iter>
<kw name="Dictionary Should Contain Key" owner="Collections">
<arg>${json_data['results'][0]}</arg>
<arg>${key}</arg>
<doc>Fails if ``key`` is not found from ``dictionary``.</doc>
<status status="PASS" start="2024-07-06T06:19:11.548350" elapsed="0.000391"/>
</kw>
<kw name="Log" owner="BuiltIn">
<msg time="2024-07-06T06:19:11.549279" level="INFO">{'gender': 'female', 'name': {'title': 'Mrs', 'first': 'Elizaveta', 'last': 'Groenwold'}, 'location': {'street': {'number': 6767, 'name': 'Geraardsbergenstraat'}, 'city': 'Ellerhuizen', 'state': 'Gelderland', 'country': 'Netherlands', 'postcode': '5677 NR', 'coordinates': {'latitude': '31.5734', 'longitude': '151.8772'}, 'timezone': {'offset': '+11:00', 'description': 'Magadan, Solomon Islands, New Caledonia'}}, 'email': 'elizaveta.groenwold@example.com', 'login': {'uuid': '349fa934-da8b-4f75-b9a5-53a5cd9db929', 'username': 'goldengoose278', 'password': 'niners', 'salt': 'NHR9Dv0L', 'md5': '8e02e0c840f343a2750528a9a4d907f0', 'sha1': '2478dc37af8aa3f9ff006422e41ae7462b43721f', 'sha256': 'f30d775ec45b976771af509c739b8f1d78cbff3ba8190f5c0fee0fe3973e3e44'}, 'dob': {'date': '1980-12-06T23:07:07.397Z', 'age': 43}, 'registered': {'date': '2009-01-17T05:55:06.978Z', 'age': 15}, 'phone': '(0765) 334526', 'cell': '(06) 45017306', 'id': {'name': 'BSN', 'value': '43422842'}, 'picture': {'large': 'https://randomuser.me/api/portraits/women/77.jpg', 'medium': 'https://randomuser.me/api/portraits/med/women/77.jpg', 'thumbnail': 'https://randomuser.me/api/portraits/thumb/women/77.jpg'}, 'nat': 'NL'}</msg>
<arg>${json_data['results'][0]}</arg>
<doc>Logs the given message with the given level.</doc>
<status status="PASS" start="2024-07-06T06:19:11.548930" elapsed="0.000397"/>
</kw>
<kw name="Log" owner="BuiltIn">
<msg time="2024-07-06T06:19:11.549753" level="INFO">gender</msg>
<arg>${key}</arg>
<doc>Logs the given message with the given level.</doc>
<status status="PASS" start="2024-07-06T06:19:11.549618" elapsed="0.000171"/>
</kw>
<var name="${key}">gender</var>
<status status="PASS" start="2024-07-06T06:19:11.548221" elapsed="0.001782"/>
</iter>
<iter>
<kw name="Dictionary Should Contain Key" owner="Collections">
<arg>${json_data['results'][0]}</arg>
<arg>${key}</arg>
<doc>Fails if ``key`` is not found from ``dictionary``.</doc>
<status status="PASS" start="2024-07-06T06:19:11.550302" elapsed="0.000387"/>
</kw>
<kw name="Log" owner="BuiltIn">
<msg time="2024-07-06T06:19:11.551279" level="INFO">{'gender': 'female', 'name': {'title': 'Mrs', 'first': 'Elizaveta', 'last': 'Groenwold'}, 'location': {'street': {'number': 6767, 'name': 'Geraardsbergenstraat'}, 'city': 'Ellerhuizen', 'state': 'Gelderland', 'country': 'Netherlands', 'postcode': '5677 NR', 'coordinates': {'latitude': '31.5734', 'longitude': '151.8772'}, 'timezone': {'offset': '+11:00', 'description': 'Magadan, Solomon Islands, New Caledonia'}}, 'email': 'elizaveta.groenwold@example.com', 'login': {'uuid': '349fa934-da8b-4f75-b9a5-53a5cd9db929', 'username': 'goldengoose278', 'password': 'niners', 'salt': 'NHR9Dv0L', 'md5': '8e02e0c840f343a2750528a9a4d907f0', 'sha1': '2478dc37af8aa3f9ff006422e41ae7462b43721f', 'sha256': 'f30d775ec45b976771af509c739b8f1d78cbff3ba8190f5c0fee0fe3973e3e44'}, 'dob': {'date': '1980-12-06T23:07:07.397Z', 'age': 43}, 'registered': {'date': '2009-01-17T05:55:06.978Z', 'age': 15}, 'phone': '(0765) 334526', 'cell': '(06) 45017306', 'id': {'name': 'BSN', 'value': '43422842'}, 'picture': {'large': 'https://randomuser.me/api/portraits/women/77.jpg', 'medium': 'https://randomuser.me/api/portraits/med/women/77.jpg', 'thumbnail': 'https://randomuser.me/api/portraits/thumb/women/77.jpg'}, 'nat': 'NL'}</msg>
<arg>${json_data['results'][0]}</arg>
<doc>Logs the given message with the given level.</doc>
<status status="PASS" start="2024-07-06T06:19:11.550903" elapsed="0.000424"/>
</kw>
<kw name="Log" owner="BuiltIn">
<msg time="2024-07-06T06:19:11.551747" level="INFO">name</msg>
<arg>${key}</arg>
<doc>Logs the given message with the given level.</doc>
<status status="PASS" start="2024-07-06T06:19:11.551621" elapsed="0.000162"/>
</kw>
<var name="${key}">name</var>
<status status="PASS" start="2024-07-06T06:19:11.550182" elapsed="0.001815"/>
</iter>
<iter>
<kw name="Dictionary Should Contain Key" owner="Collections">
<arg>${json_data['results'][0]}</arg>
<arg>${key}</arg>
<doc>Fails if ``key`` is not found from ``dictionary``.</doc>
<status status="PASS" start="2024-07-06T06:19:11.552275" elapsed="0.000370"/>
</kw>
<kw name="Log" owner="BuiltIn">
<msg time="2024-07-06T06:19:11.553181" level="INFO">{'gender': 'female', 'name': {'title': 'Mrs', 'first': 'Elizaveta', 'last': 'Groenwold'}, 'location': {'street': {'number': 6767, 'name': 'Geraardsbergenstraat'}, 'city': 'Ellerhuizen', 'state': 'Gelderland', 'country': 'Netherlands', 'postcode': '5677 NR', 'coordinates': {'latitude': '31.5734', 'longitude': '151.8772'}, 'timezone': {'offset': '+11:00', 'description': 'Magadan, Solomon Islands, New Caledonia'}}, 'email': 'elizaveta.groenwold@example.com', 'login': {'uuid': '349fa934-da8b-4f75-b9a5-53a5cd9db929', 'username': 'goldengoose278', 'password': 'niners', 'salt': 'NHR9Dv0L', 'md5': '8e02e0c840f343a2750528a9a4d907f0', 'sha1': '2478dc37af8aa3f9ff006422e41ae7462b43721f', 'sha256': 'f30d775ec45b976771af509c739b8f1d78cbff3ba8190f5c0fee0fe3973e3e44'}, 'dob': {'date': '1980-12-06T23:07:07.397Z', 'age': 43}, 'registered': {'date': '2009-01-17T05:55:06.978Z', 'age': 15}, 'phone': '(0765) 334526', 'cell': '(06) 45017306', 'id': {'name': 'BSN', 'value': '43422842'}, 'picture': {'large': 'https://randomuser.me/api/portraits/women/77.jpg', 'medium': 'https://randomuser.me/api/portraits/med/women/77.jpg', 'thumbnail': 'https://randomuser.me/api/portraits/thumb/women/77.jpg'}, 'nat': 'NL'}</msg>
<arg>${json_data['results'][0]}</arg>
<doc>Logs the given message with the given level.</doc>
<status status="PASS" start="2024-07-06T06:19:11.552823" elapsed="0.000415"/>
</kw>
<kw name="Log" owner="BuiltIn">
<msg time="2024-07-06T06:19:11.553657" level="INFO">location</msg>
<arg>${key}</arg>
<doc>Logs the given message with the given level.</doc>
<status status="PASS" start="2024-07-06T06:19:11.553532" elapsed="0.000162"/>
</kw>
<var name="${key}">location</var>
<status status="PASS" start="2024-07-06T06:19:11.552169" elapsed="0.001741"/>
</iter>
<iter>
<kw name="Dictionary Should Contain Key" owner="Collections">
<arg>${json_data['results'][0]}</arg>
<arg>${key}</arg>
<doc>Fails if ``key`` is not found from ``dictionary``.</doc>
<status status="PASS" start="2024-07-06T06:19:11.554187" elapsed="0.000382"/>
</kw>
<kw name="Log" owner="BuiltIn">
<msg time="2024-07-06T06:19:11.555126" level="INFO">{'gender': 'female', 'name': {'title': 'Mrs', 'first': 'Elizaveta', 'last': 'Groenwold'}, 'location': {'street': {'number': 6767, 'name': 'Geraardsbergenstraat'}, 'city': 'Ellerhuizen', 'state': 'Gelderland', 'country': 'Netherlands', 'postcode': '5677 NR', 'coordinates': {'latitude': '31.5734', 'longitude': '151.8772'}, 'timezone': {'offset': '+11:00', 'description': 'Magadan, Solomon Islands, New Caledonia'}}, 'email': 'elizaveta.groenwold@example.com', 'login': {'uuid': '349fa934-da8b-4f75-b9a5-53a5cd9db929', 'username': 'goldengoose278', 'password': 'niners', 'salt': 'NHR9Dv0L', 'md5': '8e02e0c840f343a2750528a9a4d907f0', 'sha1': '2478dc37af8aa3f9ff006422e41ae7462b43721f', 'sha256': 'f30d775ec45b976771af509c739b8f1d78cbff3ba8190f5c0fee0fe3973e3e44'}, 'dob': {'date': '1980-12-06T23:07:07.397Z', 'age': 43}, 'registered': {'date': '2009-01-17T05:55:06.978Z', 'age': 15}, 'phone': '(0765) 334526', 'cell': '(06) 45017306', 'id': {'name': 'BSN', 'value': '43422842'}, 'picture': {'large': 'https://randomuser.me/api/portraits/women/77.jpg', 'medium': 'https://randomuser.me/api/portraits/med/women/77.jpg', 'thumbnail': 'https://randomuser.me/api/portraits/thumb/women/77.jpg'}, 'nat': 'NL'}</msg>
<arg>${json_data['results'][0]}</arg>
<doc>Logs the given message with the given level.</doc>
<status status="PASS" start="2024-07-06T06:19:11.554748" elapsed="0.000426"/>
</kw>
<kw name="Log" owner="BuiltIn">
<msg time="2024-07-06T06:19:11.555597" level="INFO">email</msg>
<arg>${key}</arg>
<doc>Logs the given message with the given level.</doc>
<status status="PASS" start="2024-07-06T06:19:11.555473" elapsed="0.000161"/>
</kw>
<var name="${key}">email</var>
<status status="PASS" start="2024-07-06T06:19:11.554081" elapsed="0.001772"/>
</iter>
<iter>
<kw name="Dictionary Should Contain Key" owner="Collections">
<arg>${json_data['results'][0]}</arg>
<arg>${key}</arg>
<doc>Fails if ``key`` is not found from ``dictionary``.</doc>
<status status="PASS" start="2024-07-06T06:19:11.556136" elapsed="0.000388"/>
</kw>
<kw name="Log" owner="BuiltIn">
<msg time="2024-07-06T06:19:11.557067" level="INFO">{'gender': 'female', 'name': {'title': 'Mrs', 'first': 'Elizaveta', 'last': 'Groenwold'}, 'location': {'street': {'number': 6767, 'name': 'Geraardsbergenstraat'}, 'city': 'Ellerhuizen', 'state': 'Gelderland', 'country': 'Netherlands', 'postcode': '5677 NR', 'coordinates': {'latitude': '31.5734', 'longitude': '151.8772'}, 'timezone': {'offset': '+11:00', 'description': 'Magadan, Solomon Islands, New Caledonia'}}, 'email': 'elizaveta.groenwold@example.com', 'login': {'uuid': '349fa934-da8b-4f75-b9a5-53a5cd9db929', 'username': 'goldengoose278', 'password': 'niners', 'salt': 'NHR9Dv0L', 'md5': '8e02e0c840f343a2750528a9a4d907f0', 'sha1': '2478dc37af8aa3f9ff006422e41ae7462b43721f', 'sha256': 'f30d775ec45b976771af509c739b8f1d78cbff3ba8190f5c0fee0fe3973e3e44'}, 'dob': {'date': '1980-12-06T23:07:07.397Z', 'age': 43}, 'registered': {'date': '2009-01-17T05:55:06.978Z', 'age': 15}, 'phone': '(0765) 334526', 'cell': '(06) 45017306', 'id': {'name': 'BSN', 'value': '43422842'}, 'picture': {'large': 'https://randomuser.me/api/portraits/women/77.jpg', 'medium': 'https://randomuser.me/api/portraits/med/women/77.jpg', 'thumbnail': 'https://randomuser.me/api/portraits/thumb/women/77.jpg'}, 'nat': 'NL'}</msg>
<arg>${json_data['results'][0]}</arg>
<doc>Logs the given message with the given level.</doc>
<status status="PASS" start="2024-07-06T06:19:11.556703" elapsed="0.000418"/>
</kw>
<kw name="Log" owner="BuiltIn">
<msg time="2024-07-06T06:19:11.557538" level="INFO">login</msg>
<arg>${key}</arg>
<doc>Logs the given message with the given level.</doc>
<status status="PASS" start="2024-07-06T06:19:11.557411" elapsed="0.000165"/>
</kw>
<var name="${key}">login</var>
<status status="PASS" start="2024-07-06T06:19:11.556024" elapsed="0.001782"/>
</iter>
<var>${key}</var>
<value>@{expected_keys}</value>
<status status="PASS" start="2024-07-06T06:19:11.548040" elapsed="0.009912"/>
</for>
<kw name="Create List" owner="BuiltIn">
<msg time="2024-07-06T06:19:11.558283" level="INFO">${expected_keysTwo} = ['username', 'password']</msg>
<var>${expected_keysTwo}</var>
<arg>username</arg>
<arg>password</arg>
<doc>Returns a list containing given items.</doc>
<status status="PASS" start="2024-07-06T06:19:11.558149" elapsed="0.000159"/>
</kw>
<for flavor="IN">
<iter>
<kw name="Dictionary Should Contain Key" owner="Collections">
<arg>${json_data['results'][0]['login']}</arg>
<arg>${keyTwo}</arg>
<doc>Fails if ``key`` is not found from ``dictionary``.</doc>
<status status="PASS" start="2024-07-06T06:19:11.558800" elapsed="0.000424"/>
</kw>
<kw name="Dictionary Should Contain Key" owner="Collections">
<arg>${json_data['results'][0]['login']}</arg>
<arg>${keyTwo}</arg>
<doc>Fails if ``key`` is not found from ``dictionary``.</doc>
<status status="PASS" start="2024-07-06T06:19:11.559414" elapsed="0.000382"/>
</kw>
<kw name="Log" owner="BuiltIn">
<msg time="2024-07-06T06:19:11.560105" level="INFO">username</msg>
<arg>${keyTwo}</arg>
<doc>Logs the given message with the given level.</doc>
<status status="PASS" start="2024-07-06T06:19:11.559981" elapsed="0.000162"/>
</kw>
<var name="${keyTwo}">username</var>
<status status="PASS" start="2024-07-06T06:19:11.558693" elapsed="0.001668"/>
</iter>
<iter>
<kw name="Dictionary Should Contain Key" owner="Collections">
<arg>${json_data['results'][0]['login']}</arg>
<arg>${keyTwo}</arg>
<doc>Fails if ``key`` is not found from ``dictionary``.</doc>
<status status="PASS" start="2024-07-06T06:19:11.560637" elapsed="0.000384"/>
</kw>
<kw name="Dictionary Should Contain Key" owner="Collections">
<arg>${json_data['results'][0]['login']}</arg>
<arg>${keyTwo}</arg>
<doc>Fails if ``key`` is not found from ``dictionary``.</doc>
<status status="PASS" start="2024-07-06T06:19:11.561199" elapsed="0.000372"/>
</kw>
<kw name="Log" owner="BuiltIn">
<msg time="2024-07-06T06:19:11.561863" level="INFO">password</msg>
<arg>${keyTwo}</arg>
<doc>Logs the given message with the given level.</doc>
<status status="PASS" start="2024-07-06T06:19:11.561746" elapsed="0.000160"/>
</kw>
<var name="${keyTwo}">password</var>
<status status="PASS" start="2024-07-06T06:19:11.560531" elapsed="0.001593"/>
</iter>
<var>${keyTwo}</var>
<value>@{expected_keysTwo}</value>
<status status="PASS" start="2024-07-06T06:19:11.558544" elapsed="0.003699"/>
</for>
<status status="PASS" start="2024-07-06T06:19:11.427659" elapsed="0.134720"/>
</kw>
<doc>Testa a estrutura da resposta da API.</doc>
<tag>testeEstruturaResposta</tag>
<status status="PASS" start="2024-07-06T06:19:11.427072" elapsed="0.135453"/>
</test>
<test id="s1-s1-t4" name="Validar tipos de dados" line="28">
<kw name="Teste de Tipos de Dados" owner="random-user-service">
<kw name="GET On Session" owner="RequestsLibrary">
<msg time="2024-07-06T06:19:11.625087" level="INFO">GET Request : url=https://randomuser.me/api 
 path_url=/api 
 headers={'User-Agent': 'python-requests/2.32.3', 'Accept-Encoding': 'gzip, deflate', 'Accept': '*/*', 'Connection': 'keep-alive'} 
 body=None 
 </msg>
<msg time="2024-07-06T06:19:11.625162" level="INFO">GET Response : url=https://randomuser.me/api 
 status=200, reason=OK 
 headers={'Date': 'Sat, 06 Jul 2024 06:19:11 GMT', 'Content-Type': 'application/json; charset=utf-8', 'Transfer-Encoding': 'chunked', 'Connection': 'keep-alive', 'X-Powered-By': 'Express', 'Access-Control-Allow-Origin': '*', 'Cache-Control': 'no-cache', 'ETag': 'W/"4a4-uOJIS19THQ6DgYqcSSGJ76KJZrI"', 'Vary': 'Accept-Encoding', 'Content-Encoding': 'gzip', 'CF-Cache-Status': 'DYNAMIC', 'Report-To': '{"endpoints":[{"url":"https:\\/\\/a.nel.cloudflare.com\\/report\\/v4?s=mMpqUChLNvVmoT3k5yb9%2FHl3oiYjhuZHx3KaRoA%2BbJ8DkXqsIQwtipmW%2FZ1Uw14f8mSv2I0R%2Baauckbkpxv9sFuyRqobYfBuEAuldo8d%2F2Md%2ByJ9hbkLD66lLxZi9yI%2B"}],"group":"cf-nel","max_age":604800}', 'NEL': '{"success_fraction":0,"report_to":"cf-nel","max_age":604800}', 'Server': 'cloudflare', 'CF-RAY': '89ed7b55495b225b-ORD', 'alt-svc': 'h3=":443"; ma=86400'} 
 body={"results":[{"gender":"female","name":{"title":"Mrs","first":"Manisha","last":"Suvarna"},"location":{"street":{"number":5920,"name":"Fontainhas"},"city":"Tiruvottiyur","state":"Jammu and Kashmir","country":"India","postcode":97413,"coordinates":{"latitude":"12.4446","longitude":"42.2205"},"timezone":{"offset":"+10:00","description":"Eastern Australia, Guam, Vladivostok"}},"email":"manisha.suvarna@example.com","login":{"uuid":"6e8f94f6-ffbd-4906-9b0d-925d27c4c4e0","username":"ticklishlion256","password":"99999999","salt":"0S2LdzZT","md5":"f2ff0e900f33f91923a2c00846c362b4","sha1":"6143342dffd2366bc93146706e3f3a474b4d500c","sha256":"3973fbca8afe1f8e6673dd4c684ce107cb791f32fe982b06b2610afa41721874"},"dob":{"date":"1962-10-14T22:21:16.975Z","age":61},"registered":{"date":"2019-09-28T21:33:37.344Z","age":4},"phone":"8727290160","cell":"9177994726","id":{"name":"UIDAI","value":"338853694039"},"picture":{"large":"https://randomuser.me/api/portraits/women/16.jpg","medium":"https://randomuser.me/api/portraits/med/women/16.jpg","thumbnail":"https://randomuser.me/api/portraits/thumb/women/16.jpg"},"nat":"IN"}],"info":{"seed":"56431008525375f4","results":1,"page":1,"version":"1.4"}} 
 </msg>
<msg time="2024-07-06T06:19:11.625231" level="INFO">/opt/hostedtoolcache/Python/3.12.4/x64/lib/python3.12/site-packages/urllib3/connectionpool.py:1099: InsecureRequestWarning: Unverified HTTPS request is being made to host 'randomuser.me'. Adding certificate verification is strongly advised. See: https://urllib3.readthedocs.io/en/latest/advanced-usage.html#tls-warnings
  warnings.warn(</msg>
<msg time="2024-07-06T06:19:11.625333" level="INFO">${response} = &lt;Response [200]&gt;</msg>
<var>${response}</var>
<arg>consultarAPI</arg>
<arg>/api</arg>
<doc>Sends a GET request on a previously created HTTP Session.</doc>
<status status="PASS" start="2024-07-06T06:19:11.565122" elapsed="0.060262"/>
</kw>
<kw name="Set Variable" owner="BuiltIn">
<msg time="2024-07-06T06:19:11.626465" level="INFO">${json_data} = {'results': [{'gender': 'female', 'name': {'title': 'Mrs', 'first': 'Manisha', 'last': 'Suvarna'}, 'location': {'street': {'number': 5920, 'name': 'Fontainhas'}, 'city': 'Tiruvottiyur', 'state': 'Jamm...</msg>
<var>${json_data}</var>
<arg>${response.json()}</arg>
<doc>Returns the given values which can then be assigned to a variables.</doc>
<status status="PASS" start="2024-07-06T06:19:11.625903" elapsed="0.000590"/>
</kw>
<kw name="Log" owner="BuiltIn">
<msg time="2024-07-06T06:19:11.626949" level="INFO">{'results': [{'gender': 'female', 'name': {'title': 'Mrs', 'first': 'Manisha', 'last': 'Suvarna'}, 'location': {'street': {'number': 5920, 'name': 'Fontainhas'}, 'city': 'Tiruvottiyur', 'state': 'Jammu and Kashmir', 'country': 'India', 'postcode': 97413, 'coordinates': {'latitude': '12.4446', 'longitude': '42.2205'}, 'timezone': {'offset': '+10:00', 'description': 'Eastern Australia, Guam, Vladivostok'}}, 'email': 'manisha.suvarna@example.com', 'login': {'uuid': '6e8f94f6-ffbd-4906-9b0d-925d27c4c4e0', 'username': 'ticklishlion256', 'password': '99999999', 'salt': '0S2LdzZT', 'md5': 'f2ff0e900f33f91923a2c00846c362b4', 'sha1': '6143342dffd2366bc93146706e3f3a474b4d500c', 'sha256': '3973fbca8afe1f8e6673dd4c684ce107cb791f32fe982b06b2610afa41721874'}, 'dob': {'date': '1962-10-14T22:21:16.975Z', 'age': 61}, 'registered': {'date': '2019-09-28T21:33:37.344Z', 'age': 4}, 'phone': '8727290160', 'cell': '9177994726', 'id': {'name': 'UIDAI', 'value': '338853694039'}, 'picture': {'large': 'https://randomuser.me/api/portraits/women/16.jpg', 'medium': 'https://randomuser.me/api/portraits/med/women/16.jpg', 'thumbnail': 'https://randomuser.me/api/portraits/thumb/women/16.jpg'}, 'nat': 'IN'}], 'info': {'seed': '56431008525375f4', 'results': 1, 'page': 1, 'version': '1.4'}}</msg>
<arg>${json_data}</arg>
<doc>Logs the given message with the given level.</doc>
<status status="PASS" start="2024-07-06T06:19:11.626800" elapsed="0.000195"/>
</kw>
<kw name="Should Be String" owner="String">
<arg>${json_data['results'][0]['gender']}</arg>
<doc>Fails if the given ``item`` is not a string.</doc>
<status status="PASS" start="2024-07-06T06:19:11.627356" elapsed="0.000363"/>
</kw>
<kw name="Should Match Regexp" owner="BuiltIn">
<arg>${json_data['results'][0]['email']}</arg>
<arg>^[a-zA-Z0-9._%+-]+@[a-zA-Z0-9.-]+\.[a-zA-Z]{2,}$</arg>
<doc>Fails if ``string`` does not match ``pattern`` as a regular expression.</doc>
<status status="PASS" start="2024-07-06T06:19:11.627903" elapsed="0.000511"/>
</kw>
<kw name="Should Match Regexp" owner="BuiltIn">
<arg>${json_data['results'][0]['dob']['date']}</arg>
<arg>\\d{4}-\\d{2}-\\d{2}T\\d{2}:\\d{2}:\\d{2}\\.\\d{3}Z</arg>
<doc>Fails if ``string`` does not match ``pattern`` as a regular expression.</doc>
<status status="PASS" start="2024-07-06T06:19:11.628605" elapsed="0.000479"/>
</kw>
<kw name="Should Match Regexp" owner="BuiltIn">
<arg>${json_data['results'][0]['registered']['date']}</arg>
<arg>\\d{4}-\\d{2}-\\d{2}T\\d{2}:\\d{2}:\\d{2}\\.\\d{3}Z</arg>
<doc>Fails if ``string`` does not match ``pattern`` as a regular expression.</doc>
<status status="PASS" start="2024-07-06T06:19:11.629271" elapsed="0.000364"/>
</kw>
<kw name="Should Match Regexp" owner="BuiltIn">
<arg>${json_data['results'][0]['picture']['large']}</arg>
<arg>^https?://.*\.(?:png|jpe?g|gif|bmp)$</arg>
<doc>Fails if ``string`` does not match ``pattern`` as a regular expression.</doc>
<status status="PASS" start="2024-07-06T06:19:11.629816" elapsed="0.000451"/>
</kw>
<kw name="Should Match Regexp" owner="BuiltIn">
<arg>${json_data['results'][0]['picture']['medium']}</arg>
<arg>^https?://.*\.(?:png|jpe?g|gif|bmp)$</arg>
<doc>Fails if ``string`` does not match ``pattern`` as a regular expression.</doc>
<status status="PASS" start="2024-07-06T06:19:11.630452" elapsed="0.000349"/>
</kw>
<kw name="Should Match Regexp" owner="BuiltIn">
<arg>${json_data['results'][0]['picture']['thumbnail']}</arg>
<arg>^https?://.*\.(?:png|jpe?g|gif|bmp)$</arg>
<doc>Fails if ``string`` does not match ``pattern`` as a regular expression.</doc>
<status status="PASS" start="2024-07-06T06:19:11.630982" elapsed="0.000388"/>
</kw>
<kw name="Log" owner="BuiltIn">
<msg time="2024-07-06T06:19:11.631884" level="INFO">{'large': 'https://randomuser.me/api/portraits/women/16.jpg', 'medium': 'https://randomuser.me/api/portraits/med/women/16.jpg', 'thumbnail': 'https://randomuser.me/api/portraits/thumb/women/16.jpg'}</msg>
<arg>${json_data['results'][0]['picture']}</arg>
<doc>Logs the given message with the given level.</doc>
<status status="PASS" start="2024-07-06T06:19:11.631554" elapsed="0.000371"/>
</kw>
<status status="PASS" start="2024-07-06T06:19:11.564900" elapsed="0.067277"/>
</kw>
<kw name="Teste de Tipos de Dados - Postcode" owner="random-user-service">
<kw name="GET On Session" owner="RequestsLibrary">
<msg time="2024-07-06T06:19:11.748442" level="INFO">GET Request : url=https://randomuser.me/api 
 path_url=/api 
 headers={'User-Agent': 'python-requests/2.32.3', 'Accept-Encoding': 'gzip, deflate', 'Accept': '*/*', 'Connection': 'keep-alive'} 
 body=None 
 </msg>
<msg time="2024-07-06T06:19:11.748518" level="INFO">GET Response : url=https://randomuser.me/api 
 status=200, reason=OK 
 headers={'Date': 'Sat, 06 Jul 2024 06:19:11 GMT', 'Content-Type': 'application/json; charset=utf-8', 'Transfer-Encoding': 'chunked', 'Connection': 'keep-alive', 'X-Powered-By': 'Express', 'Access-Control-Allow-Origin': '*', 'Cache-Control': 'no-cache', 'ETag': 'W/"4a4-TS0sKNc/xlJ/eXGl8qofmjIzN7k"', 'Vary': 'Accept-Encoding', 'Content-Encoding': 'gzip', 'CF-Cache-Status': 'DYNAMIC', 'Report-To': '{"endpoints":[{"url":"https:\\/\\/a.nel.cloudflare.com\\/report\\/v4?s=O8f%2ByOmfTwnnYZQKkB%2BrXkuly4PGlyOS4OA%2FXVdMzXFhon3Mnmy2SIGjMW6IfNPXWsqjXxM%2FomS%2BfHjvv7Mgp1HtYEAdXWssJ3vWl1yw6fYafJWXydaU0ung8EAxKvSU"}],"group":"cf-nel","max_age":604800}', 'NEL': '{"success_fraction":0,"report_to":"cf-nel","max_age":604800}', 'Server': 'cloudflare', 'CF-RAY': '89ed7b55b9b1225b-ORD', 'alt-svc': 'h3=":443"; ma=86400'} 
 body={"results":[{"gender":"female","name":{"title":"Mrs","first":"Amy","last":"Armstrong"},"location":{"street":{"number":6292,"name":"Shady Ln Dr"},"city":"Charleston","state":"New York","country":"United States","postcode":41394,"coordinates":{"latitude":"85.5880","longitude":"126.6076"},"timezone":{"offset":"+3:00","description":"Baghdad, Riyadh, Moscow, St. Petersburg"}},"email":"amy.armstrong@example.com","login":{"uuid":"0098ab29-5fd7-4850-bd0e-c855c05dfbca","username":"tinypeacock605","password":"123123","salt":"81BGucB1","md5":"aa386a6aeee5657934da5fda9b87be43","sha1":"2e9dd160b923af7e77f56ef51ad99f2da10699c7","sha256":"ab9371c43b5a4281778cbe7e337b0988f6e98eda97c8bd0be92185e7d62d443e"},"dob":{"date":"1962-06-11T20:21:07.553Z","age":62},"registered":{"date":"2008-07-24T18:39:15.985Z","age":15},"phone":"(238) 977-6128","cell":"(885) 572-4845","id":{"name":"SSN","value":"713-90-1011"},"picture":{"large":"https://randomuser.me/api/portraits/women/76.jpg","medium":"https://randomuser.me/api/portraits/med/women/76.jpg","thumbnail":"https://randomuser.me/api/portraits/thumb/women/76.jpg"},"nat":"US"}],"info":{"seed":"c5d56d912bda6d7b","results":1,"page":1,"version":"1.4"}} 
 </msg>
<msg time="2024-07-06T06:19:11.748583" level="INFO">/opt/hostedtoolcache/Python/3.12.4/x64/lib/python3.12/site-packages/urllib3/connectionpool.py:1099: InsecureRequestWarning: Unverified HTTPS request is being made to host 'randomuser.me'. Adding certificate verification is strongly advised. See: https://urllib3.readthedocs.io/en/latest/advanced-usage.html#tls-warnings
  warnings.warn(</msg>
<msg time="2024-07-06T06:19:11.748688" level="INFO">${response} = &lt;Response [200]&gt;</msg>
<var>${response}</var>
<arg>consultarAPI</arg>
<arg>/api</arg>
<doc>Sends a GET request on a previously created HTTP Session.</doc>
<status status="PASS" start="2024-07-06T06:19:11.632597" elapsed="0.116141"/>
</kw>
<kw name="Set Variable" owner="BuiltIn">
<msg time="2024-07-06T06:19:11.749798" level="INFO">${json_data} = {'results': [{'gender': 'female', 'name': {'title': 'Mrs', 'first': 'Amy', 'last': 'Armstrong'}, 'location': {'street': {'number': 6292, 'name': 'Shady Ln Dr'}, 'city': 'Charleston', 'state': 'New Yor...</msg>
<var>${json_data}</var>
<arg>${response.json()}</arg>
<doc>Returns the given values which can then be assigned to a variables.</doc>
<status status="PASS" start="2024-07-06T06:19:11.749251" elapsed="0.000575"/>
</kw>
<kw name="Log" owner="BuiltIn">
<msg time="2024-07-06T06:19:11.750282" level="INFO">{'results': [{'gender': 'female', 'name': {'title': 'Mrs', 'first': 'Amy', 'last': 'Armstrong'}, 'location': {'street': {'number': 6292, 'name': 'Shady Ln Dr'}, 'city': 'Charleston', 'state': 'New York', 'country': 'United States', 'postcode': 41394, 'coordinates': {'latitude': '85.5880', 'longitude': '126.6076'}, 'timezone': {'offset': '+3:00', 'description': 'Baghdad, Riyadh, Moscow, St. Petersburg'}}, 'email': 'amy.armstrong@example.com', 'login': {'uuid': '0098ab29-5fd7-4850-bd0e-c855c05dfbca', 'username': 'tinypeacock605', 'password': '123123', 'salt': '81BGucB1', 'md5': 'aa386a6aeee5657934da5fda9b87be43', 'sha1': '2e9dd160b923af7e77f56ef51ad99f2da10699c7', 'sha256': 'ab9371c43b5a4281778cbe7e337b0988f6e98eda97c8bd0be92185e7d62d443e'}, 'dob': {'date': '1962-06-11T20:21:07.553Z', 'age': 62}, 'registered': {'date': '2008-07-24T18:39:15.985Z', 'age': 15}, 'phone': '(238) 977-6128', 'cell': '(885) 572-4845', 'id': {'name': 'SSN', 'value': '713-90-1011'}, 'picture': {'large': 'https://randomuser.me/api/portraits/women/76.jpg', 'medium': 'https://randomuser.me/api/portraits/med/women/76.jpg', 'thumbnail': 'https://randomuser.me/api/portraits/thumb/women/76.jpg'}, 'nat': 'US'}], 'info': {'seed': 'c5d56d912bda6d7b', 'results': 1, 'page': 1, 'version': '1.4'}}</msg>
<arg>${json_data}</arg>
<doc>Logs the given message with the given level.</doc>
<status status="PASS" start="2024-07-06T06:19:11.750129" elapsed="0.000200"/>
</kw>
<kw name="Should Be Equal As Numbers" owner="BuiltIn">
<arg>${json_data['results'][0]['location']['postcode']}</arg>
<arg>${json_data['results'][0]['location']['postcode']}</arg>
<doc>Fails if objects are unequal after converting them to real numbers.</doc>
<status status="PASS" start="2024-07-06T06:19:11.750616" elapsed="0.000698"/>
</kw>
<kw name="Log" owner="BuiltIn">
<msg time="2024-07-06T06:19:11.751852" level="INFO">41394</msg>
<arg>${json_data['results'][0]['location']['postcode']}</arg>
<doc>Logs the given message with the given level.</doc>
<status status="PASS" start="2024-07-06T06:19:11.751504" elapsed="0.000388"/>
</kw>
<status status="PASS" start="2024-07-06T06:19:11.632384" elapsed="0.119758"/>
</kw>
<doc>Testa se os tipos de dados na resposta da API estão corretos.</doc>
<tag>testeTiposDados</tag>
<status status="PASS" start="2024-07-06T06:19:11.564295" elapsed="0.188001"/>
</test>
<test id="s1-s1-t5" name="Validar conteudo" line="35">
<kw name="Teste de Tipos de Conteudo" owner="random-user-service">
<kw name="GET On Session" owner="RequestsLibrary">
<msg time="2024-07-06T06:19:11.833603" level="INFO">GET Request : url=https://randomuser.me/api 
 path_url=/api 
 headers={'User-Agent': 'python-requests/2.32.3', 'Accept-Encoding': 'gzip, deflate', 'Accept': '*/*', 'Connection': 'keep-alive'} 
 body=None 
 </msg>
<msg time="2024-07-06T06:19:11.833680" level="INFO">GET Response : url=https://randomuser.me/api 
 status=200, reason=OK 
 headers={'Date': 'Sat, 06 Jul 2024 06:19:11 GMT', 'Content-Type': 'application/json; charset=utf-8', 'Transfer-Encoding': 'chunked', 'Connection': 'keep-alive', 'X-Powered-By': 'Express', 'Access-Control-Allow-Origin': '*', 'Cache-Control': 'no-cache', 'ETag': 'W/"47f-rhoit7fssefjfl2MeS4qw+MSOdg"', 'Vary': 'Accept-Encoding', 'Content-Encoding': 'gzip', 'CF-Cache-Status': 'DYNAMIC', 'Report-To': '{"endpoints":[{"url":"https:\\/\\/a.nel.cloudflare.com\\/report\\/v4?s=sC%2FqVhpueE%2BZsEF0vDh5GTmtZFYPC%2B8D0HUCuYxd1ahGcxcrL0nXi7bXts1dPmrWIpAH6rZApLJu321fCiB7zE48pWlhFqCPyKO08Sw1ernsJnsYng6xQTgZFvb8%2BLLU"}],"group":"cf-nel","max_age":604800}', 'NEL': '{"success_fraction":0,"report_to":"cf-nel","max_age":604800}', 'Server': 'cloudflare', 'CF-RAY': '89ed7b567a5a225b-ORD', 'alt-svc': 'h3=":443"; ma=86400'} 
 body={"results":[{"gender":"male","name":{"title":"Mr","first":"Nixon","last":"Wright"},"location":{"street":{"number":4306,"name":"Caversham Valley Road"},"city":"Blenheim","state":"Manawatu-Wanganui","country":"New Zealand","postcode":40827,"coordinates":{"latitude":"48.8538","longitude":"-99.1624"},"timezone":{"offset":"-2:00","description":"Mid-Atlantic"}},"email":"nixon.wright@example.com","login":{"uuid":"cf662155-964c-4c7f-b922-8c14babf26c6","username":"blackdog568","password":"master1","salt":"KxrXVC99","md5":"b0df6b543988bfd0d153554b675dd4e3","sha1":"5b24d80e84fb04553e20d4b3a55236cab0829eab","sha256":"3b346184b3e9298c41834570eb6856bbdc944c7f1f327523531f45f28c47e815"},"dob":{"date":"1990-06-23T09:31:36.425Z","age":34},"registered":{"date":"2004-07-24T16:18:59.414Z","age":19},"phone":"(667)-914-7433","cell":"(054)-813-2084","id":{"name":"","value":null},"picture":{"large":"https://randomuser.me/api/portraits/men/26.jpg","medium":"https://randomuser.me/api/portraits/med/men/26.jpg","thumbnail":"https://randomuser.me/api/portraits/thumb/men/26.jpg"},"nat":"NZ"}],"info":{"seed":"37d176cacfc5bf88","results":1,"page":1,"version":"1.4"}} 
 </msg>
<msg time="2024-07-06T06:19:11.833765" level="INFO">/opt/hostedtoolcache/Python/3.12.4/x64/lib/python3.12/site-packages/urllib3/connectionpool.py:1099: InsecureRequestWarning: Unverified HTTPS request is being made to host 'randomuser.me'. Adding certificate verification is strongly advised. See: https://urllib3.readthedocs.io/en/latest/advanced-usage.html#tls-warnings
  warnings.warn(</msg>
<msg time="2024-07-06T06:19:11.833867" level="INFO">${response} = &lt;Response [200]&gt;</msg>
<var>${response}</var>
<arg>consultarAPI</arg>
<arg>/api</arg>
<doc>Sends a GET request on a previously created HTTP Session.</doc>
<status status="PASS" start="2024-07-06T06:19:11.754843" elapsed="0.079063"/>
</kw>
<kw name="Set Variable" owner="BuiltIn">
<msg time="2024-07-06T06:19:11.834967" level="INFO">${json_data} = {'results': [{'gender': 'male', 'name': {'title': 'Mr', 'first': 'Nixon', 'last': 'Wright'}, 'location': {'street': {'number': 4306, 'name': 'Caversham Valley Road'}, 'city': 'Blenheim', 'state': 'Man...</msg>
<var>${json_data}</var>
<arg>${response.json()}</arg>
<doc>Returns the given values which can then be assigned to a variables.</doc>
<status status="PASS" start="2024-07-06T06:19:11.834420" elapsed="0.000575"/>
</kw>
<kw name="Set Variable" owner="BuiltIn">
<msg time="2024-07-06T06:19:11.835707" level="INFO">${name_title} = Mr</msg>
<var>${name_title}</var>
<arg>${json_data["results"][0]["name"]["title"]}</arg>
<doc>Returns the given values which can then be assigned to a variables.</doc>
<status status="PASS" start="2024-07-06T06:19:11.835333" elapsed="0.000399"/>
</kw>
<kw name="Create List" owner="BuiltIn">
<msg time="2024-07-06T06:19:11.836168" level="INFO">${allowed_titles} = ['Mr', 'Ms', 'Miss', 'Mrs', 'Madame', 'Monsieur']</msg>
<var>${allowed_titles}</var>
<arg>Mr</arg>
<arg>Ms</arg>
<arg>Miss</arg>
<arg>Mrs</arg>
<arg>Madame</arg>
<arg>Monsieur</arg>
<doc>Returns a list containing given items.</doc>
<status status="PASS" start="2024-07-06T06:19:11.836022" elapsed="0.000169"/>
</kw>
<kw name="List Should Contain Value" owner="Collections">
<arg>${allowed_titles}</arg>
<arg>${name_title}</arg>
<doc>Fails if the ``value`` is not found from ``list``.</doc>
<status status="PASS" start="2024-07-06T06:19:11.836482" elapsed="0.000169"/>
</kw>
<kw name="Set Variable" owner="BuiltIn">
<msg time="2024-07-06T06:19:11.837183" level="INFO">${name_country} = NZ</msg>
<var>${name_country}</var>
<arg>${json_data["results"][0]["nat"]}</arg>
<doc>Returns the given values which can then be assigned to a variables.</doc>
<status status="PASS" start="2024-07-06T06:19:11.836826" elapsed="0.000382"/>
</kw>
<kw name="Create List" owner="BuiltIn">
<msg time="2024-07-06T06:19:11.838095" level="INFO">${list_country} = ['AD', 'AE', 'AF', 'AG', 'AI', 'AL', 'AM', 'AO', 'AQ', 'AR', 'AS', 'AT', 'AU', 'AW', 'AX', 'AZ', 'BA', 'BB', 'BD', 'BE', 'BF', 'BG', 'BH', 'BI', 'BJ', 'BL', 'BM', 'BN', 'BO', 'BQ', 'BR', 'BS', 'BT', '...</msg>
<var>${list_country}</var>
<arg>AD</arg>
<arg>AE</arg>
<arg>AF</arg>
<arg>AG</arg>
<arg>AI</arg>
<arg>AL</arg>
<arg>AM</arg>
<arg>AO</arg>
<arg>AQ</arg>
<arg>AR</arg>
<arg>AS</arg>
<arg>AT</arg>
<arg>AU</arg>
<arg>AW</arg>
<arg>AX</arg>
<arg>AZ</arg>
<arg>BA</arg>
<arg>BB</arg>
<arg>BD</arg>
<arg>BE</arg>
<arg>BF</arg>
<arg>BG</arg>
<arg>BH</arg>
<arg>BI</arg>
<arg>BJ</arg>
<arg>BL</arg>
<arg>BM</arg>
<arg>BN</arg>
<arg>BO</arg>
<arg>BQ</arg>
<arg>BR</arg>
<arg>BS</arg>
<arg>BT</arg>
<arg>BV</arg>
<arg>BW</arg>
<arg>BY</arg>
<arg>BZ</arg>
<arg>CA</arg>
<arg>CC</arg>
<arg>CD</arg>
<arg>CF</arg>
<arg>CG</arg>
<arg>CH</arg>
<arg>CI</arg>
<arg>CK</arg>
<arg>CL</arg>
<arg>CM</arg>
<arg>CN</arg>
<arg>CO</arg>
<arg>CR</arg>
<arg>CU</arg>
<arg>CV</arg>
<arg>CW</arg>
<arg>CX</arg>
<arg>CY</arg>
<arg>CZ</arg>
<arg>DE</arg>
<arg>DJ</arg>
<arg>DK</arg>
<arg>DM</arg>
<arg>DO</arg>
<arg>DZ</arg>
<arg>EC</arg>
<arg>EE</arg>
<arg>EG</arg>
<arg>EH</arg>
<arg>ER</arg>
<arg>ES</arg>
<arg>ET</arg>
<arg>FI</arg>
<arg>FJ</arg>
<arg>FK</arg>
<arg>FM</arg>
<arg>FO</arg>
<arg>FR</arg>
<arg>GA</arg>
<arg>GB</arg>
<arg>GD</arg>
<arg>GE</arg>
<arg>GF</arg>
<arg>GG</arg>
<arg>GH</arg>
<arg>GI</arg>
<arg>GL</arg>
<arg>GM</arg>
<arg>GN</arg>
<arg>GP</arg>
<arg>GQ</arg>
<arg>GR</arg>
<arg>GS</arg>
<arg>GT</arg>
<arg>GU</arg>
<arg>GW</arg>
<arg>GY</arg>
<arg>HK</arg>
<arg>HM</arg>
<arg>HN</arg>
<arg>HR</arg>
<arg>HT</arg>
<arg>HU</arg>
<arg>ID</arg>
<arg>IE</arg>
<arg>IL</arg>
<arg>IM</arg>
<arg>IN</arg>
<arg>IO</arg>
<arg>IQ</arg>
<arg>IR</arg>
<arg>IS</arg>
<arg>IT</arg>
<arg>JE</arg>
<arg>JM</arg>
<arg>JO</arg>
<arg>JP</arg>
<arg>KE</arg>
<arg>KG</arg>
<arg>KH</arg>
<arg>KI</arg>
<arg>KM</arg>
<arg>KN</arg>
<arg>KP</arg>
<arg>KR</arg>
<arg>KW</arg>
<arg>KY</arg>
<arg>KZ</arg>
<arg>LA</arg>
<arg>LB</arg>
<arg>LC</arg>
<arg>LI</arg>
<arg>LK</arg>
<arg>LR</arg>
<arg>LS</arg>
<arg>LT</arg>
<arg>LU</arg>
<arg>LV</arg>
<arg>LY</arg>
<arg>MA</arg>
<arg>MC</arg>
<arg>MD</arg>
<arg>ME</arg>
<arg>MF</arg>
<arg>MG</arg>
<arg>MH</arg>
<arg>MK</arg>
<arg>ML</arg>
<arg>MM</arg>
<arg>MN</arg>
<arg>MO</arg>
<arg>MP</arg>
<arg>MQ</arg>
<arg>MR</arg>
<arg>MS</arg>
<arg>MT</arg>
<arg>MU</arg>
<arg>MV</arg>
<arg>MW</arg>
<arg>MX</arg>
<arg>MY</arg>
<arg>MZ</arg>
<arg>NA</arg>
<arg>NC</arg>
<arg>NE</arg>
<arg>NF</arg>
<arg>NG</arg>
<arg>NI</arg>
<arg>NL</arg>
<arg>NO</arg>
<arg>NP</arg>
<arg>NR</arg>
<arg>NU</arg>
<arg>NZ</arg>
<arg>OM</arg>
<arg>PA</arg>
<arg>PE</arg>
<arg>PF</arg>
<arg>PG</arg>
<arg>PH</arg>
<arg>PK</arg>
<arg>PL</arg>
<arg>PM</arg>
<arg>PN</arg>
<arg>PR</arg>
<arg>PS</arg>
<arg>PT</arg>
<arg>PW</arg>
<arg>PY</arg>
<arg>QA</arg>
<arg>RE</arg>
<arg>RO</arg>
<arg>RS</arg>
<arg>RU</arg>
<arg>RW</arg>
<arg>SA</arg>
<arg>SB</arg>
<arg>SC</arg>
<arg>SD</arg>
<arg>SE</arg>
<arg>SG</arg>
<arg>SH</arg>
<arg>SI</arg>
<arg>SJ</arg>
<arg>SK</arg>
<arg>SL</arg>
<arg>SM</arg>
<arg>SN</arg>
<arg>SO</arg>
<arg>SR</arg>
<arg>SS</arg>
<arg>ST</arg>
<arg>SV</arg>
<arg>SX</arg>
<arg>SY</arg>
<arg>SZ</arg>
<arg>TC</arg>
<arg>TD</arg>
<arg>TF</arg>
<arg>TG</arg>
<arg>TH</arg>
<arg>TJ</arg>
<arg>TK</arg>
<arg>TL</arg>
<arg>TM</arg>
<arg>TN</arg>
<arg>TO</arg>
<arg>TR</arg>
<arg>TT</arg>
<arg>TV</arg>
<arg>TW</arg>
<arg>TZ</arg>
<arg>UA</arg>
<arg>UG</arg>
<arg>UM</arg>
<arg>US</arg>
<arg>UY</arg>
<arg>UZ</arg>
<arg>VA</arg>
<arg>VC</arg>
<arg>VE</arg>
<arg>VG</arg>
<arg>VI</arg>
<arg>VN</arg>
<arg>VU</arg>
<arg>WF</arg>
<arg>WS</arg>
<arg>XK</arg>
<arg>YE</arg>
<arg>YT</arg>
<arg>ZA</arg>
<arg>ZM</arg>
<arg>ZW</arg>
<doc>Returns a list containing given items.</doc>
<status status="PASS" start="2024-07-06T06:19:11.837498" elapsed="0.000622"/>
</kw>
<kw name="List Should Contain Value" owner="Collections">
<arg>${list_country}</arg>
<arg>${name_country}</arg>
<doc>Fails if the ``value`` is not found from ``list``.</doc>
<status status="PASS" start="2024-07-06T06:19:11.838922" elapsed="0.000232"/>
</kw>
<kw name="Run Keyword If" owner="BuiltIn">
<kw name="Should Be True" owner="BuiltIn">
<arg>${True}</arg>
<doc>Fails if the given condition is not true.</doc>
<status status="PASS" start="2024-07-06T06:19:11.840082" elapsed="0.000141"/>
</kw>
<arg>${json_data["results"][0]["location"]["coordinates"]["latitude"]} &gt;= -90 and ${json_data["results"][0]["location"]["coordinates"]["latitude"]} &lt;= 90</arg>
<arg>Should Be True</arg>
<arg>${True}</arg>
<doc>Runs the given keyword with the given arguments, if ``condition`` is true.</doc>
<status status="PASS" start="2024-07-06T06:19:11.839350" elapsed="0.000997"/>
</kw>
<kw name="Run Keyword If" owner="BuiltIn">
<kw name="Should Be True" owner="BuiltIn">
<arg>${True}</arg>
<doc>Fails if the given condition is not true.</doc>
<status status="PASS" start="2024-07-06T06:19:11.841215" elapsed="0.000139"/>
</kw>
<arg>${json_data["results"][0]["location"]["coordinates"]["longitude"]} &gt;= -180 and ${json_data["results"][0]["location"]["coordinates"]["longitude"]} &lt;= 180</arg>
<arg>Should Be True</arg>
<arg>${True}</arg>
<doc>Runs the given keyword with the given arguments, if ``condition`` is true.</doc>
<status status="PASS" start="2024-07-06T06:19:11.840525" elapsed="0.000954"/>
</kw>
<status status="PASS" start="2024-07-06T06:19:11.754505" elapsed="0.087104"/>
</kw>
<doc>Testa o conteúdo específico dos campos retornados pela API.</doc>
<tag>testeConteudo</tag>
<status status="PASS" start="2024-07-06T06:19:11.754016" elapsed="0.087737"/>
</test>
<status status="PASS" start="2024-07-06T06:19:10.773190" elapsed="1.070538"/>
</suite>
<status status="PASS" start="2024-07-06T06:19:10.758901" elapsed="1.089977"/>
</suite>
<statistics>
<total>
<stat pass="5" fail="0" skip="0">All Tests</stat>
</total>
<tag>
<stat pass="1" fail="0" skip="0">testeConteudo</stat>
<stat pass="1" fail="0" skip="0">testeEstruturaResposta</stat>
<stat pass="1" fail="0" skip="0">testeRequisicaoBasica</stat>
<stat pass="1" fail="0" skip="0">testeTiposDados</stat>
</tag>
<suite>
<stat pass="5" fail="0" skip="0" id="s1" name="Tests">Tests</stat>
<stat pass="5" fail="0" skip="0" id="s1-s1" name="Random-User-Test">Tests.Random-User-Test</stat>
</suite>
</statistics>
<errors>
</errors>
</robot>
