<?xml version="1.0" encoding="UTF-8"?>
<robot generator="Robot 7.0 (Python 3.12.3 on linux)" generated="2024-06-07T21:16:03.127186" rpa="false" schemaversion="5">
<suite id="s1" name="Tests" source="/home/runner/work/ApiRandomUser/ApiRandomUser/RamdonUser/tests">
<suite id="s1-s1" name="Random-User-Test" source="/home/runner/work/ApiRandomUser/ApiRandomUser/RamdonUser/tests/random-user-test.robot">
<test id="s1-s1-t1" name="Conectar" line="13">
<kw name="Conectar API" owner="random-user-service">
<kw name="Create Session" owner="RequestsLibrary">
<msg time="2024-06-07T21:16:03.532575" level="INFO">Creating Session using : alias=consultarAPI, url=https://randomuser.me/, headers={},                     cookies={}, auth=None, timeout=None, proxies=None, verify=False,                     debug=0 </msg>
<arg>consultarAPI</arg>
<arg>${URL}</arg>
<doc>Create Session: create a HTTP session to a server</doc>
<status status="PASS" start="2024-06-07T21:16:03.532343" elapsed="0.000445"/>
</kw>
<status status="PASS" start="2024-06-07T21:16:03.531191" elapsed="0.002005"/>
</kw>
<status status="PASS" start="2024-06-07T21:16:03.530474" elapsed="0.002935"/>
</test>
<test id="s1-s1-t2" name="Validar retorno 200 e JSON Válido" line="16">
<kw name="Teste de Requisicao Basica" owner="random-user-service">
<kw name="GET On Session" owner="RequestsLibrary">
<msg time="2024-06-07T21:16:03.733752" level="INFO">GET Request : url=https://randomuser.me/api 
 path_url=/api 
 headers={'User-Agent': 'python-requests/2.32.3', 'Accept-Encoding': 'gzip, deflate', 'Accept': '*/*', 'Connection': 'keep-alive'} 
 body=None 
 </msg>
<msg time="2024-06-07T21:16:03.733914" level="INFO">GET Response : url=https://randomuser.me/api 
 status=200, reason=OK 
 headers={'Date': 'Fri, 07 Jun 2024 21:16:03 GMT', 'Content-Type': 'application/json; charset=utf-8', 'Transfer-Encoding': 'chunked', 'Connection': 'keep-alive', 'X-Powered-By': 'Express', 'Access-Control-Allow-Origin': '*', 'Cache-Control': 'no-cache', 'ETag': 'W/"480-9zp43XbaOHy7SXUANca1eYRiUy4"', 'Vary': 'Accept-Encoding', 'Content-Encoding': 'gzip', 'CF-Cache-Status': 'DYNAMIC', 'Report-To': '{"endpoints":[{"url":"https:\\/\\/a.nel.cloudflare.com\\/report\\/v4?s=UfLCkgsEIJPzuCoJskNGPZn8AiUL3B9i3urK2I2cwSCX0HBgwo3jyADOg1yJl6Qg1q16b8Kax3d2Q4xzIgUjXFG61A3DbvC69UWp6xHlEP4%2BIZqH5iUkAQWhIPN9s5LE"}],"group":"cf-nel","max_age":604800}', 'NEL': '{"success_fraction":0,"report_to":"cf-nel","max_age":604800}', 'Server': 'cloudflare', 'CF-RAY': '8903a93b0b4013ff-ORD', 'alt-svc': 'h3=":443"; ma=86400'} 
 body={"results":[{"gender":"male","name":{"title":"Mr","first":"Kevin","last":"Spencer"},"location":{"street":{"number":2007,"name":"Smokey Ln"},"city":"Bakersfield","state":"New Mexico","country":"United States","postcode":48974,"coordinates":{"latitude":"86.6156","longitude":"-110.3057"},"timezone":{"offset":"-2:00","description":"Mid-Atlantic"}},"email":"kevin.spencer@example.com","login":{"uuid":"9d63c196-2dab-4d34-be1a-f8b5076e213a","username":"bigostrich969","password":"uptown","salt":"k2MUYprE","md5":"6319cf5915f67cd08411cd1324d7d315","sha1":"a3bff345d61c4183fb528dacad5ca789556f493f","sha256":"ba8fb283b8bd9566a95b088a2b0a8e5425e89bbde827a0fded475fecb0b17fca"},"dob":{"date":"1976-04-14T13:07:12.365Z","age":48},"registered":{"date":"2016-06-10T07:50:16.266Z","age":7},"phone":"(244) 911-2650","cell":"(741) 322-6139","id":{"name":"SSN","value":"702-78-7584"},"picture":{"large":"https://randomuser.me/api/portraits/men/33.jpg","medium":"https://randomuser.me/api/portraits/med/men/33.jpg","thumbnail":"https://randomuser.me/api/portraits/thumb/men/33.jpg"},"nat":"US"}],"info":{"seed":"4ae7491f0f2d7f93","results":1,"page":1,"version":"1.4"}} 
 </msg>
<msg time="2024-06-07T21:16:03.733998" level="INFO">/opt/hostedtoolcache/Python/3.12.3/x64/lib/python3.12/site-packages/urllib3/connectionpool.py:1103: InsecureRequestWarning: Unverified HTTPS request is being made to host 'randomuser.me'. Adding certificate verification is strongly advised. See: https://urllib3.readthedocs.io/en/latest/advanced-usage.html#tls-warnings
  warnings.warn(</msg>
<msg time="2024-06-07T21:16:03.734158" level="INFO">${response} = &lt;Response [200]&gt;</msg>
<var>${response}</var>
<arg>consultarAPI</arg>
<arg>/api</arg>
<doc>Sends a GET request on a previously created HTTP Session.</doc>
<status status="PASS" start="2024-06-07T21:16:03.536435" elapsed="0.197766"/>
</kw>
<kw name="Should Be Equal As Numbers" owner="BuiltIn">
<msg time="2024-06-07T21:16:03.735292" level="INFO">Argument types are:
&lt;class 'int'&gt;
&lt;class 'str'&gt;</msg>
<arg>${response.status_code}</arg>
<arg>200</arg>
<doc>Fails if objects are unequal after converting them to real numbers.</doc>
<status status="PASS" start="2024-06-07T21:16:03.734766" elapsed="0.000597"/>
</kw>
<kw name="Log" owner="BuiltIn">
<msg time="2024-06-07T21:16:03.736040" level="INFO">200</msg>
<arg>${response.status_code}</arg>
<doc>Logs the given message with the given level.</doc>
<status status="PASS" start="2024-06-07T21:16:03.735690" elapsed="0.000399"/>
</kw>
<kw name="Set Variable" owner="BuiltIn">
<msg time="2024-06-07T21:16:03.736856" level="INFO">${json_data} = {'results': [{'gender': 'male', 'name': {'title': 'Mr', 'first': 'Kevin', 'last': 'Spencer'}, 'location': {'street': {'number': 2007, 'name': 'Smokey Ln'}, 'city': 'Bakersfield', 'state': 'New Mexico'...</msg>
<var>${json_data}</var>
<arg>${response.json()}</arg>
<doc>Returns the given values which can then be assigned to a variables.</doc>
<status status="PASS" start="2024-06-07T21:16:03.736406" elapsed="0.000481"/>
</kw>
<kw name="Dictionary Should Contain Key" owner="Collections">
<msg time="2024-06-07T21:16:03.737362" level="INFO">False</msg>
<arg>${json_data}</arg>
<arg>results</arg>
<doc>Fails if ``key`` is not found from ``dictionary``.</doc>
<status status="PASS" start="2024-06-07T21:16:03.737193" elapsed="0.000370"/>
</kw>
<status status="PASS" start="2024-06-07T21:16:03.536139" elapsed="0.201696"/>
</kw>
<doc>Testa se a API responde corretamente e retorna um objeto JSON válido.</doc>
<tag>testeRequisicaoBasica</tag>
<status status="PASS" start="2024-06-07T21:16:03.535525" elapsed="0.202497"/>
</test>
<test id="s1-s1-t3" name="Validar estrutura de resposta" line="22">
<kw name="Teste de Estrutura de Resposta" owner="random-user-service">
<kw name="GET On Session" owner="RequestsLibrary">
<msg time="2024-06-07T21:16:03.841289" level="INFO">GET Request : url=https://randomuser.me/api 
 path_url=/api 
 headers={'User-Agent': 'python-requests/2.32.3', 'Accept-Encoding': 'gzip, deflate', 'Accept': '*/*', 'Connection': 'keep-alive'} 
 body=None 
 </msg>
<msg time="2024-06-07T21:16:03.841406" level="INFO">GET Response : url=https://randomuser.me/api 
 status=200, reason=OK 
 headers={'Date': 'Fri, 07 Jun 2024 21:16:03 GMT', 'Content-Type': 'application/json; charset=utf-8', 'Transfer-Encoding': 'chunked', 'Connection': 'keep-alive', 'X-Powered-By': 'Express', 'Access-Control-Allow-Origin': '*', 'Cache-Control': 'no-cache', 'ETag': 'W/"4a7-5wRpxt213Z+gfcaxbarr5L7hrPY"', 'Vary': 'Accept-Encoding', 'Content-Encoding': 'gzip', 'CF-Cache-Status': 'DYNAMIC', 'Report-To': '{"endpoints":[{"url":"https:\\/\\/a.nel.cloudflare.com\\/report\\/v4?s=rkGAzi0IIAJp%2FVoB%2F%2BkEeXmwSJmLDFRaJRWbynWXIl1yJpBtOVLOVkTgRXWNvj1sfpBQvOVdsdoHtEuU48sx%2Bi3OWZm3Vp4kWLnIz8w2oQXzgyC2filHpHihwfWkOfeF"}],"group":"cf-nel","max_age":604800}', 'NEL': '{"success_fraction":0,"report_to":"cf-nel","max_age":604800}', 'Server': 'cloudflare', 'CF-RAY': '8903a93b6be713ff-ORD', 'alt-svc': 'h3=":443"; ma=86400'} 
 body={"results":[{"gender":"female","name":{"title":"Ms","first":"Camille","last":"Jean-Baptiste"},"location":{"street":{"number":688,"name":"Bay Ave"},"city":"Trout Lake","state":"New Brunswick","country":"Canada","postcode":"O6H 6K0","coordinates":{"latitude":"-66.4657","longitude":"112.5256"},"timezone":{"offset":"+3:00","description":"Baghdad, Riyadh, Moscow, St. Petersburg"}},"email":"camille.jean-baptiste@example.com","login":{"uuid":"46e813e4-1bdf-472f-ae97-f0bd91b05cda","username":"heavyzebra116","password":"milo","salt":"S27Cl8y3","md5":"13e9320eca3b48d16b29f9a283b02057","sha1":"0bb0ae126feb6c083fccd73e58ca2e66d2b4ec00","sha256":"d8f57fcc64b7992167c19106c539ffff4d8429ab5e812bdc860c3015dbb5db04"},"dob":{"date":"1984-01-13T17:14:09.813Z","age":40},"registered":{"date":"2019-03-02T16:47:24.840Z","age":5},"phone":"C70 J78-6330","cell":"X05 C15-1638","id":{"name":"SIN","value":"753198407"},"picture":{"large":"https://randomuser.me/api/portraits/women/57.jpg","medium":"https://randomuser.me/api/portraits/med/women/57.jpg","thumbnail":"https://randomuser.me/api/portraits/thumb/women/57.jpg"},"nat":"CA"}],"info":{"seed":"821dad74d0d1e801","results":1,"page":1,"version":"1.4"}} 
 </msg>
<msg time="2024-06-07T21:16:03.841560" level="INFO">/opt/hostedtoolcache/Python/3.12.3/x64/lib/python3.12/site-packages/urllib3/connectionpool.py:1103: InsecureRequestWarning: Unverified HTTPS request is being made to host 'randomuser.me'. Adding certificate verification is strongly advised. See: https://urllib3.readthedocs.io/en/latest/advanced-usage.html#tls-warnings
  warnings.warn(</msg>
<msg time="2024-06-07T21:16:03.841683" level="INFO">${response} = &lt;Response [200]&gt;</msg>
<var>${response}</var>
<arg>consultarAPI</arg>
<arg>/api</arg>
<doc>Sends a GET request on a previously created HTTP Session.</doc>
<status status="PASS" start="2024-06-07T21:16:03.740652" elapsed="0.101067"/>
</kw>
<kw name="Set Variable" owner="BuiltIn">
<msg time="2024-06-07T21:16:03.842788" level="INFO">${json_data} = {'results': [{'gender': 'female', 'name': {'title': 'Ms', 'first': 'Camille', 'last': 'Jean-Baptiste'}, 'location': {'street': {'number': 688, 'name': 'Bay Ave'}, 'city': 'Trout Lake', 'state': 'New B...</msg>
<var>${json_data}</var>
<arg>${response.json()}</arg>
<doc>Returns the given values which can then be assigned to a variables.</doc>
<status status="PASS" start="2024-06-07T21:16:03.842244" elapsed="0.000576"/>
</kw>
<kw name="Log" owner="BuiltIn">
<msg time="2024-06-07T21:16:03.843347" level="INFO">{'results': [{'gender': 'female', 'name': {'title': 'Ms', 'first': 'Camille', 'last': 'Jean-Baptiste'}, 'location': {'street': {'number': 688, 'name': 'Bay Ave'}, 'city': 'Trout Lake', 'state': 'New Brunswick', 'country': 'Canada', 'postcode': 'O6H 6K0', 'coordinates': {'latitude': '-66.4657', 'longitude': '112.5256'}, 'timezone': {'offset': '+3:00', 'description': 'Baghdad, Riyadh, Moscow, St. Petersburg'}}, 'email': 'camille.jean-baptiste@example.com', 'login': {'uuid': '46e813e4-1bdf-472f-ae97-f0bd91b05cda', 'username': 'heavyzebra116', 'password': 'milo', 'salt': 'S27Cl8y3', 'md5': '13e9320eca3b48d16b29f9a283b02057', 'sha1': '0bb0ae126feb6c083fccd73e58ca2e66d2b4ec00', 'sha256': 'd8f57fcc64b7992167c19106c539ffff4d8429ab5e812bdc860c3015dbb5db04'}, 'dob': {'date': '1984-01-13T17:14:09.813Z', 'age': 40}, 'registered': {'date': '2019-03-02T16:47:24.840Z', 'age': 5}, 'phone': 'C70 J78-6330', 'cell': 'X05 C15-1638', 'id': {'name': 'SIN', 'value': '753198407'}, 'picture': {'large': 'https://randomuser.me/api/portraits/women/57.jpg', 'medium': 'https://randomuser.me/api/portraits/med/women/57.jpg', 'thumbnail': 'https://randomuser.me/api/portraits/thumb/women/57.jpg'}, 'nat': 'CA'}], 'info': {'seed': '821dad74d0d1e801', 'results': 1, 'page': 1, 'version': '1.4'}}</msg>
<arg>${json_data}</arg>
<doc>Logs the given message with the given level.</doc>
<status status="PASS" start="2024-06-07T21:16:03.843175" elapsed="0.000222"/>
</kw>
<kw name="Dictionary Should Contain Key" owner="Collections">
<msg time="2024-06-07T21:16:03.843870" level="INFO">False</msg>
<arg>${json_data}</arg>
<arg>results</arg>
<doc>Fails if ``key`` is not found from ``dictionary``.</doc>
<status status="PASS" start="2024-06-07T21:16:03.843706" elapsed="0.000203"/>
</kw>
<kw name="Should Not Be Empty" owner="BuiltIn">
<msg time="2024-06-07T21:16:03.844379" level="INFO">Length is 2.</msg>
<arg>${json_data}</arg>
<doc>Verifies that the given item is not empty.</doc>
<status status="PASS" start="2024-06-07T21:16:03.844237" elapsed="0.000182"/>
</kw>
<kw name="Create List" owner="BuiltIn">
<msg time="2024-06-07T21:16:03.844862" level="INFO">${expected_keys} = ['gender', 'name', 'location', 'email', 'login']</msg>
<var>${expected_keys}</var>
<arg>gender</arg>
<arg>name</arg>
<arg>location</arg>
<arg>email</arg>
<arg>login</arg>
<doc>Returns a list containing given items.</doc>
<status status="PASS" start="2024-06-07T21:16:03.844715" elapsed="0.000172"/>
</kw>
<for flavor="IN">
<iter>
<kw name="Dictionary Should Contain Key" owner="Collections">
<msg time="2024-06-07T21:16:03.845886" level="INFO">False</msg>
<arg>${json_data['results'][0]}</arg>
<arg>${key}</arg>
<doc>Fails if ``key`` is not found from ``dictionary``.</doc>
<status status="PASS" start="2024-06-07T21:16:03.845478" elapsed="0.000452"/>
</kw>
<kw name="Log" owner="BuiltIn">
<msg time="2024-06-07T21:16:03.846590" level="INFO">{'gender': 'female', 'name': {'title': 'Ms', 'first': 'Camille', 'last': 'Jean-Baptiste'}, 'location': {'street': {'number': 688, 'name': 'Bay Ave'}, 'city': 'Trout Lake', 'state': 'New Brunswick', 'country': 'Canada', 'postcode': 'O6H 6K0', 'coordinates': {'latitude': '-66.4657', 'longitude': '112.5256'}, 'timezone': {'offset': '+3:00', 'description': 'Baghdad, Riyadh, Moscow, St. Petersburg'}}, 'email': 'camille.jean-baptiste@example.com', 'login': {'uuid': '46e813e4-1bdf-472f-ae97-f0bd91b05cda', 'username': 'heavyzebra116', 'password': 'milo', 'salt': 'S27Cl8y3', 'md5': '13e9320eca3b48d16b29f9a283b02057', 'sha1': '0bb0ae126feb6c083fccd73e58ca2e66d2b4ec00', 'sha256': 'd8f57fcc64b7992167c19106c539ffff4d8429ab5e812bdc860c3015dbb5db04'}, 'dob': {'date': '1984-01-13T17:14:09.813Z', 'age': 40}, 'registered': {'date': '2019-03-02T16:47:24.840Z', 'age': 5}, 'phone': 'C70 J78-6330', 'cell': 'X05 C15-1638', 'id': {'name': 'SIN', 'value': '753198407'}, 'picture': {'large': 'https://randomuser.me/api/portraits/women/57.jpg', 'medium': 'https://randomuser.me/api/portraits/med/women/57.jpg', 'thumbnail': 'https://randomuser.me/api/portraits/thumb/women/57.jpg'}, 'nat': 'CA'}</msg>
<arg>${json_data['results'][0]}</arg>
<doc>Logs the given message with the given level.</doc>
<status status="PASS" start="2024-06-07T21:16:03.846231" elapsed="0.000418"/>
</kw>
<kw name="Log" owner="BuiltIn">
<msg time="2024-06-07T21:16:03.847103" level="INFO">gender</msg>
<arg>${key}</arg>
<doc>Logs the given message with the given level.</doc>
<status status="PASS" start="2024-06-07T21:16:03.846952" elapsed="0.000199"/>
</kw>
<var name="${key}">gender</var>
<status status="PASS" start="2024-06-07T21:16:03.845349" elapsed="0.002024"/>
</iter>
<iter>
<kw name="Dictionary Should Contain Key" owner="Collections">
<msg time="2024-06-07T21:16:03.848069" level="INFO">False</msg>
<arg>${json_data['results'][0]}</arg>
<arg>${key}</arg>
<doc>Fails if ``key`` is not found from ``dictionary``.</doc>
<status status="PASS" start="2024-06-07T21:16:03.847680" elapsed="0.000430"/>
</kw>
<kw name="Log" owner="BuiltIn">
<msg time="2024-06-07T21:16:03.848833" level="INFO">{'gender': 'female', 'name': {'title': 'Ms', 'first': 'Camille', 'last': 'Jean-Baptiste'}, 'location': {'street': {'number': 688, 'name': 'Bay Ave'}, 'city': 'Trout Lake', 'state': 'New Brunswick', 'country': 'Canada', 'postcode': 'O6H 6K0', 'coordinates': {'latitude': '-66.4657', 'longitude': '112.5256'}, 'timezone': {'offset': '+3:00', 'description': 'Baghdad, Riyadh, Moscow, St. Petersburg'}}, 'email': 'camille.jean-baptiste@example.com', 'login': {'uuid': '46e813e4-1bdf-472f-ae97-f0bd91b05cda', 'username': 'heavyzebra116', 'password': 'milo', 'salt': 'S27Cl8y3', 'md5': '13e9320eca3b48d16b29f9a283b02057', 'sha1': '0bb0ae126feb6c083fccd73e58ca2e66d2b4ec00', 'sha256': 'd8f57fcc64b7992167c19106c539ffff4d8429ab5e812bdc860c3015dbb5db04'}, 'dob': {'date': '1984-01-13T17:14:09.813Z', 'age': 40}, 'registered': {'date': '2019-03-02T16:47:24.840Z', 'age': 5}, 'phone': 'C70 J78-6330', 'cell': 'X05 C15-1638', 'id': {'name': 'SIN', 'value': '753198407'}, 'picture': {'large': 'https://randomuser.me/api/portraits/women/57.jpg', 'medium': 'https://randomuser.me/api/portraits/med/women/57.jpg', 'thumbnail': 'https://randomuser.me/api/portraits/thumb/women/57.jpg'}, 'nat': 'CA'}</msg>
<arg>${json_data['results'][0]}</arg>
<doc>Logs the given message with the given level.</doc>
<status status="PASS" start="2024-06-07T21:16:03.848451" elapsed="0.000433"/>
</kw>
<kw name="Log" owner="BuiltIn">
<msg time="2024-06-07T21:16:03.849328" level="INFO">name</msg>
<arg>${key}</arg>
<doc>Logs the given message with the given level.</doc>
<status status="PASS" start="2024-06-07T21:16:03.849193" elapsed="0.000175"/>
</kw>
<var name="${key}">name</var>
<status status="PASS" start="2024-06-07T21:16:03.847563" elapsed="0.002037"/>
</iter>
<iter>
<kw name="Dictionary Should Contain Key" owner="Collections">
<msg time="2024-06-07T21:16:03.850308" level="INFO">False</msg>
<arg>${json_data['results'][0]}</arg>
<arg>${key}</arg>
<doc>Fails if ``key`` is not found from ``dictionary``.</doc>
<status status="PASS" start="2024-06-07T21:16:03.849909" elapsed="0.000447"/>
</kw>
<kw name="Log" owner="BuiltIn">
<msg time="2024-06-07T21:16:03.851101" level="INFO">{'gender': 'female', 'name': {'title': 'Ms', 'first': 'Camille', 'last': 'Jean-Baptiste'}, 'location': {'street': {'number': 688, 'name': 'Bay Ave'}, 'city': 'Trout Lake', 'state': 'New Brunswick', 'country': 'Canada', 'postcode': 'O6H 6K0', 'coordinates': {'latitude': '-66.4657', 'longitude': '112.5256'}, 'timezone': {'offset': '+3:00', 'description': 'Baghdad, Riyadh, Moscow, St. Petersburg'}}, 'email': 'camille.jean-baptiste@example.com', 'login': {'uuid': '46e813e4-1bdf-472f-ae97-f0bd91b05cda', 'username': 'heavyzebra116', 'password': 'milo', 'salt': 'S27Cl8y3', 'md5': '13e9320eca3b48d16b29f9a283b02057', 'sha1': '0bb0ae126feb6c083fccd73e58ca2e66d2b4ec00', 'sha256': 'd8f57fcc64b7992167c19106c539ffff4d8429ab5e812bdc860c3015dbb5db04'}, 'dob': {'date': '1984-01-13T17:14:09.813Z', 'age': 40}, 'registered': {'date': '2019-03-02T16:47:24.840Z', 'age': 5}, 'phone': 'C70 J78-6330', 'cell': 'X05 C15-1638', 'id': {'name': 'SIN', 'value': '753198407'}, 'picture': {'large': 'https://randomuser.me/api/portraits/women/57.jpg', 'medium': 'https://randomuser.me/api/portraits/med/women/57.jpg', 'thumbnail': 'https://randomuser.me/api/portraits/thumb/women/57.jpg'}, 'nat': 'CA'}</msg>
<arg>${json_data['results'][0]}</arg>
<doc>Logs the given message with the given level.</doc>
<status status="PASS" start="2024-06-07T21:16:03.850681" elapsed="0.000483"/>
</kw>
<kw name="Log" owner="BuiltIn">
<msg time="2024-06-07T21:16:03.851622" level="INFO">location</msg>
<arg>${key}</arg>
<doc>Logs the given message with the given level.</doc>
<status status="PASS" start="2024-06-07T21:16:03.851486" elapsed="0.000176"/>
</kw>
<var name="${key}">location</var>
<status status="PASS" start="2024-06-07T21:16:03.849791" elapsed="0.002102"/>
</iter>
<iter>
<kw name="Dictionary Should Contain Key" owner="Collections">
<msg time="2024-06-07T21:16:03.852719" level="INFO">False</msg>
<arg>${json_data['results'][0]}</arg>
<arg>${key}</arg>
<doc>Fails if ``key`` is not found from ``dictionary``.</doc>
<status status="PASS" start="2024-06-07T21:16:03.852197" elapsed="0.000563"/>
</kw>
<kw name="Log" owner="BuiltIn">
<msg time="2024-06-07T21:16:03.853458" level="INFO">{'gender': 'female', 'name': {'title': 'Ms', 'first': 'Camille', 'last': 'Jean-Baptiste'}, 'location': {'street': {'number': 688, 'name': 'Bay Ave'}, 'city': 'Trout Lake', 'state': 'New Brunswick', 'country': 'Canada', 'postcode': 'O6H 6K0', 'coordinates': {'latitude': '-66.4657', 'longitude': '112.5256'}, 'timezone': {'offset': '+3:00', 'description': 'Baghdad, Riyadh, Moscow, St. Petersburg'}}, 'email': 'camille.jean-baptiste@example.com', 'login': {'uuid': '46e813e4-1bdf-472f-ae97-f0bd91b05cda', 'username': 'heavyzebra116', 'password': 'milo', 'salt': 'S27Cl8y3', 'md5': '13e9320eca3b48d16b29f9a283b02057', 'sha1': '0bb0ae126feb6c083fccd73e58ca2e66d2b4ec00', 'sha256': 'd8f57fcc64b7992167c19106c539ffff4d8429ab5e812bdc860c3015dbb5db04'}, 'dob': {'date': '1984-01-13T17:14:09.813Z', 'age': 40}, 'registered': {'date': '2019-03-02T16:47:24.840Z', 'age': 5}, 'phone': 'C70 J78-6330', 'cell': 'X05 C15-1638', 'id': {'name': 'SIN', 'value': '753198407'}, 'picture': {'large': 'https://randomuser.me/api/portraits/women/57.jpg', 'medium': 'https://randomuser.me/api/portraits/med/women/57.jpg', 'thumbnail': 'https://randomuser.me/api/portraits/thumb/women/57.jpg'}, 'nat': 'CA'}</msg>
<arg>${json_data['results'][0]}</arg>
<doc>Logs the given message with the given level.</doc>
<status status="PASS" start="2024-06-07T21:16:03.853080" elapsed="0.000430"/>
</kw>
<kw name="Log" owner="BuiltIn">
<msg time="2024-06-07T21:16:03.853969" level="INFO">email</msg>
<arg>${key}</arg>
<doc>Logs the given message with the given level.</doc>
<status status="PASS" start="2024-06-07T21:16:03.853833" elapsed="0.000177"/>
</kw>
<var name="${key}">email</var>
<status status="PASS" start="2024-06-07T21:16:03.852079" elapsed="0.002164"/>
</iter>
<iter>
<kw name="Dictionary Should Contain Key" owner="Collections">
<msg time="2024-06-07T21:16:03.854963" level="INFO">False</msg>
<arg>${json_data['results'][0]}</arg>
<arg>${key}</arg>
<doc>Fails if ``key`` is not found from ``dictionary``.</doc>
<status status="PASS" start="2024-06-07T21:16:03.854557" elapsed="0.000446"/>
</kw>
<kw name="Log" owner="BuiltIn">
<msg time="2024-06-07T21:16:03.855719" level="INFO">{'gender': 'female', 'name': {'title': 'Ms', 'first': 'Camille', 'last': 'Jean-Baptiste'}, 'location': {'street': {'number': 688, 'name': 'Bay Ave'}, 'city': 'Trout Lake', 'state': 'New Brunswick', 'country': 'Canada', 'postcode': 'O6H 6K0', 'coordinates': {'latitude': '-66.4657', 'longitude': '112.5256'}, 'timezone': {'offset': '+3:00', 'description': 'Baghdad, Riyadh, Moscow, St. Petersburg'}}, 'email': 'camille.jean-baptiste@example.com', 'login': {'uuid': '46e813e4-1bdf-472f-ae97-f0bd91b05cda', 'username': 'heavyzebra116', 'password': 'milo', 'salt': 'S27Cl8y3', 'md5': '13e9320eca3b48d16b29f9a283b02057', 'sha1': '0bb0ae126feb6c083fccd73e58ca2e66d2b4ec00', 'sha256': 'd8f57fcc64b7992167c19106c539ffff4d8429ab5e812bdc860c3015dbb5db04'}, 'dob': {'date': '1984-01-13T17:14:09.813Z', 'age': 40}, 'registered': {'date': '2019-03-02T16:47:24.840Z', 'age': 5}, 'phone': 'C70 J78-6330', 'cell': 'X05 C15-1638', 'id': {'name': 'SIN', 'value': '753198407'}, 'picture': {'large': 'https://randomuser.me/api/portraits/women/57.jpg', 'medium': 'https://randomuser.me/api/portraits/med/women/57.jpg', 'thumbnail': 'https://randomuser.me/api/portraits/thumb/women/57.jpg'}, 'nat': 'CA'}</msg>
<arg>${json_data['results'][0]}</arg>
<doc>Logs the given message with the given level.</doc>
<status status="PASS" start="2024-06-07T21:16:03.855346" elapsed="0.000423"/>
</kw>
<kw name="Log" owner="BuiltIn">
<msg time="2024-06-07T21:16:03.856210" level="INFO">login</msg>
<arg>${key}</arg>
<doc>Logs the given message with the given level.</doc>
<status status="PASS" start="2024-06-07T21:16:03.856076" elapsed="0.000207"/>
</kw>
<var name="${key}">login</var>
<status status="PASS" start="2024-06-07T21:16:03.854434" elapsed="0.002084"/>
</iter>
<var>${key}</var>
<value>@{expected_keys}</value>
<status status="PASS" start="2024-06-07T21:16:03.845151" elapsed="0.011496"/>
</for>
<kw name="Create List" owner="BuiltIn">
<msg time="2024-06-07T21:16:03.857001" level="INFO">${expected_keysTwo} = ['username', 'password']</msg>
<var>${expected_keysTwo}</var>
<arg>username</arg>
<arg>password</arg>
<doc>Returns a list containing given items.</doc>
<status status="PASS" start="2024-06-07T21:16:03.856857" elapsed="0.000170"/>
</kw>
<for flavor="IN">
<iter>
<kw name="Dictionary Should Contain Key" owner="Collections">
<msg time="2024-06-07T21:16:03.857963" level="INFO">False</msg>
<arg>${json_data['results'][0]['login']}</arg>
<arg>${keyTwo}</arg>
<doc>Fails if ``key`` is not found from ``dictionary``.</doc>
<status status="PASS" start="2024-06-07T21:16:03.857558" elapsed="0.000444"/>
</kw>
<kw name="Dictionary Should Contain Key" owner="Collections">
<msg time="2024-06-07T21:16:03.858707" level="INFO">False</msg>
<arg>${json_data['results'][0]['login']}</arg>
<arg>${keyTwo}</arg>
<doc>Fails if ``key`` is not found from ``dictionary``.</doc>
<status status="PASS" start="2024-06-07T21:16:03.858310" elapsed="0.000437"/>
</kw>
<kw name="Log" owner="BuiltIn">
<msg time="2024-06-07T21:16:03.859234" level="INFO">username</msg>
<arg>${keyTwo}</arg>
<doc>Logs the given message with the given level.</doc>
<status status="PASS" start="2024-06-07T21:16:03.859093" elapsed="0.000181"/>
</kw>
<var name="${keyTwo}">username</var>
<status status="PASS" start="2024-06-07T21:16:03.857440" elapsed="0.002061"/>
</iter>
<iter>
<kw name="Dictionary Should Contain Key" owner="Collections">
<msg time="2024-06-07T21:16:03.860203" level="INFO">False</msg>
<arg>${json_data['results'][0]['login']}</arg>
<arg>${keyTwo}</arg>
<doc>Fails if ``key`` is not found from ``dictionary``.</doc>
<status status="PASS" start="2024-06-07T21:16:03.859806" elapsed="0.000436"/>
</kw>
<kw name="Dictionary Should Contain Key" owner="Collections">
<msg time="2024-06-07T21:16:03.860961" level="INFO">False</msg>
<arg>${json_data['results'][0]['login']}</arg>
<arg>${keyTwo}</arg>
<doc>Fails if ``key`` is not found from ``dictionary``.</doc>
<status status="PASS" start="2024-06-07T21:16:03.860557" elapsed="0.000444"/>
</kw>
<kw name="Log" owner="BuiltIn">
<msg time="2024-06-07T21:16:03.861443" level="INFO">password</msg>
<arg>${keyTwo}</arg>
<doc>Logs the given message with the given level.</doc>
<status status="PASS" start="2024-06-07T21:16:03.861308" elapsed="0.000175"/>
</kw>
<var name="${keyTwo}">password</var>
<status status="PASS" start="2024-06-07T21:16:03.859686" elapsed="0.002022"/>
</iter>
<var>${keyTwo}</var>
<value>@{expected_keysTwo}</value>
<status status="PASS" start="2024-06-07T21:16:03.857277" elapsed="0.004558"/>
</for>
<status status="PASS" start="2024-06-07T21:16:03.740414" elapsed="0.121569"/>
</kw>
<doc>Testa a estrutura da resposta da API.</doc>
<tag>testeEstruturaResposta</tag>
<status status="PASS" start="2024-06-07T21:16:03.739902" elapsed="0.122252"/>
</test>
<test id="s1-s1-t4" name="Validar tipos de dados" line="28">
<kw name="Teste de Tipos de Dados" owner="random-user-service">
<kw name="GET On Session" owner="RequestsLibrary">
<msg time="2024-06-07T21:16:03.938223" level="INFO">GET Request : url=https://randomuser.me/api 
 path_url=/api 
 headers={'User-Agent': 'python-requests/2.32.3', 'Accept-Encoding': 'gzip, deflate', 'Accept': '*/*', 'Connection': 'keep-alive'} 
 body=None 
 </msg>
<msg time="2024-06-07T21:16:03.938338" level="INFO">GET Response : url=https://randomuser.me/api 
 status=200, reason=OK 
 headers={'Date': 'Fri, 07 Jun 2024 21:16:03 GMT', 'Content-Type': 'application/json; charset=utf-8', 'Transfer-Encoding': 'chunked', 'Connection': 'keep-alive', 'X-Powered-By': 'Express', 'Access-Control-Allow-Origin': '*', 'Cache-Control': 'no-cache', 'ETag': 'W/"4b1-n7kRE9qHcA6RnluTZ2V8Scr6fQw"', 'Vary': 'Accept-Encoding', 'Content-Encoding': 'gzip', 'CF-Cache-Status': 'DYNAMIC', 'Report-To': '{"endpoints":[{"url":"https:\\/\\/a.nel.cloudflare.com\\/report\\/v4?s=knGW2ETVcPUbXS9KaZ7WfcVX26rW6%2FMPdNTYC3tAvLfE%2FgLXgP1pfS0i1Geka9Nwq%2BoDA0oQdFeNvHtNv8AS9D%2B9pCSCTIblZiBSThZpOv%2BoD%2FxR%2B27nd%2BU1tw1Sci4g"}],"group":"cf-nel","max_age":604800}', 'NEL': '{"success_fraction":0,"report_to":"cf-nel","max_age":604800}', 'Server': 'cloudflare', 'CF-RAY': '8903a93c2d1b13ff-ORD', 'alt-svc': 'h3=":443"; ma=86400'} 
 body={"results":[{"gender":"female","name":{"title":"Ms","first":"Marleen","last":"Obermaier"},"location":{"street":{"number":1598,"name":"Wiesenweg"},"city":"Doberlug-Kirchhain","state":"Brandenburg","country":"Germany","postcode":83231,"coordinates":{"latitude":"-51.4819","longitude":"162.2357"},"timezone":{"offset":"+3:00","description":"Baghdad, Riyadh, Moscow, St. Petersburg"}},"email":"marleen.obermaier@example.com","login":{"uuid":"bab82f33-d788-4f0b-8534-15ee152f7048","username":"crazybutterfly398","password":"chewy","salt":"EFG7dTcw","md5":"637aeb43058797b29329aab0e2053b7a","sha1":"0170e9443fc9910dfd4dc664f08ce731788f5ea8","sha256":"5118224be9689ffcca081d517e073865dad2791d9b6d6c75f1d387681401c629"},"dob":{"date":"1994-12-23T04:41:00.168Z","age":29},"registered":{"date":"2020-04-04T05:45:48.890Z","age":4},"phone":"0319-4035559","cell":"0173-1275182","id":{"name":"SVNR","value":"58 221294 O 691"},"picture":{"large":"https://randomuser.me/api/portraits/women/11.jpg","medium":"https://randomuser.me/api/portraits/med/women/11.jpg","thumbnail":"https://randomuser.me/api/portraits/thumb/women/11.jpg"},"nat":"DE"}],"info":{"seed":"8b9d427039226b97","results":1,"page":1,"version":"1.4"}} 
 </msg>
<msg time="2024-06-07T21:16:03.938424" level="INFO">/opt/hostedtoolcache/Python/3.12.3/x64/lib/python3.12/site-packages/urllib3/connectionpool.py:1103: InsecureRequestWarning: Unverified HTTPS request is being made to host 'randomuser.me'. Adding certificate verification is strongly advised. See: https://urllib3.readthedocs.io/en/latest/advanced-usage.html#tls-warnings
  warnings.warn(</msg>
<msg time="2024-06-07T21:16:03.938559" level="INFO">${response} = &lt;Response [200]&gt;</msg>
<var>${response}</var>
<arg>consultarAPI</arg>
<arg>/api</arg>
<doc>Sends a GET request on a previously created HTTP Session.</doc>
<status status="PASS" start="2024-06-07T21:16:03.864919" elapsed="0.073688"/>
</kw>
<kw name="Set Variable" owner="BuiltIn">
<msg time="2024-06-07T21:16:03.939736" level="INFO">${json_data} = {'results': [{'gender': 'female', 'name': {'title': 'Ms', 'first': 'Marleen', 'last': 'Obermaier'}, 'location': {'street': {'number': 1598, 'name': 'Wiesenweg'}, 'city': 'Doberlug-Kirchhain', 'state':...</msg>
<var>${json_data}</var>
<arg>${response.json()}</arg>
<doc>Returns the given values which can then be assigned to a variables.</doc>
<status status="PASS" start="2024-06-07T21:16:03.939192" elapsed="0.000574"/>
</kw>
<kw name="Log" owner="BuiltIn">
<msg time="2024-06-07T21:16:03.940238" level="INFO">{'results': [{'gender': 'female', 'name': {'title': 'Ms', 'first': 'Marleen', 'last': 'Obermaier'}, 'location': {'street': {'number': 1598, 'name': 'Wiesenweg'}, 'city': 'Doberlug-Kirchhain', 'state': 'Brandenburg', 'country': 'Germany', 'postcode': 83231, 'coordinates': {'latitude': '-51.4819', 'longitude': '162.2357'}, 'timezone': {'offset': '+3:00', 'description': 'Baghdad, Riyadh, Moscow, St. Petersburg'}}, 'email': 'marleen.obermaier@example.com', 'login': {'uuid': 'bab82f33-d788-4f0b-8534-15ee152f7048', 'username': 'crazybutterfly398', 'password': 'chewy', 'salt': 'EFG7dTcw', 'md5': '637aeb43058797b29329aab0e2053b7a', 'sha1': '0170e9443fc9910dfd4dc664f08ce731788f5ea8', 'sha256': '5118224be9689ffcca081d517e073865dad2791d9b6d6c75f1d387681401c629'}, 'dob': {'date': '1994-12-23T04:41:00.168Z', 'age': 29}, 'registered': {'date': '2020-04-04T05:45:48.890Z', 'age': 4}, 'phone': '0319-4035559', 'cell': '0173-1275182', 'id': {'name': 'SVNR', 'value': '58 221294 O 691'}, 'picture': {'large': 'https://randomuser.me/api/portraits/women/11.jpg', 'medium': 'https://randomuser.me/api/portraits/med/women/11.jpg', 'thumbnail': 'https://randomuser.me/api/portraits/thumb/women/11.jpg'}, 'nat': 'DE'}], 'info': {'seed': '8b9d427039226b97', 'results': 1, 'page': 1, 'version': '1.4'}}</msg>
<arg>${json_data}</arg>
<doc>Logs the given message with the given level.</doc>
<status status="PASS" start="2024-06-07T21:16:03.940080" elapsed="0.000244"/>
</kw>
<kw name="Should Be String" owner="String">
<arg>${json_data['results'][0]['gender']}</arg>
<doc>Fails if the given ``item`` is not a string.</doc>
<status status="PASS" start="2024-06-07T21:16:03.940628" elapsed="0.000381"/>
</kw>
<kw name="Should Match Regexp" owner="BuiltIn">
<arg>${json_data['results'][0]['email']}</arg>
<arg>^[a-zA-Z0-9._%+-]+@[a-zA-Z0-9.-]+\.[a-zA-Z]{2,}$</arg>
<doc>Fails if ``string`` does not match ``pattern`` as a regular expression.</doc>
<status status="PASS" start="2024-06-07T21:16:03.941204" elapsed="0.000681"/>
</kw>
<kw name="Should Match Regexp" owner="BuiltIn">
<arg>${json_data['results'][0]['dob']['date']}</arg>
<arg>\\d{4}-\\d{2}-\\d{2}T\\d{2}:\\d{2}:\\d{2}\\.\\d{3}Z</arg>
<doc>Fails if ``string`` does not match ``pattern`` as a regular expression.</doc>
<status status="PASS" start="2024-06-07T21:16:03.942096" elapsed="0.000535"/>
</kw>
<kw name="Should Match Regexp" owner="BuiltIn">
<arg>${json_data['results'][0]['registered']['date']}</arg>
<arg>\\d{4}-\\d{2}-\\d{2}T\\d{2}:\\d{2}:\\d{2}\\.\\d{3}Z</arg>
<doc>Fails if ``string`` does not match ``pattern`` as a regular expression.</doc>
<status status="PASS" start="2024-06-07T21:16:03.942841" elapsed="0.000411"/>
</kw>
<kw name="Should Match Regexp" owner="BuiltIn">
<arg>${json_data['results'][0]['picture']['large']}</arg>
<arg>^https?://.*\.(?:png|jpe?g|gif|bmp)$</arg>
<doc>Fails if ``string`` does not match ``pattern`` as a regular expression.</doc>
<status status="PASS" start="2024-06-07T21:16:03.943456" elapsed="0.000566"/>
</kw>
<kw name="Should Match Regexp" owner="BuiltIn">
<arg>${json_data['results'][0]['picture']['medium']}</arg>
<arg>^https?://.*\.(?:png|jpe?g|gif|bmp)$</arg>
<doc>Fails if ``string`` does not match ``pattern`` as a regular expression.</doc>
<status status="PASS" start="2024-06-07T21:16:03.944274" elapsed="0.000442"/>
</kw>
<kw name="Should Match Regexp" owner="BuiltIn">
<arg>${json_data['results'][0]['picture']['thumbnail']}</arg>
<arg>^https?://.*\.(?:png|jpe?g|gif|bmp)$</arg>
<doc>Fails if ``string`` does not match ``pattern`` as a regular expression.</doc>
<status status="PASS" start="2024-06-07T21:16:03.944967" elapsed="0.000440"/>
</kw>
<kw name="Log" owner="BuiltIn">
<msg time="2024-06-07T21:16:03.946003" level="INFO">{'large': 'https://randomuser.me/api/portraits/women/11.jpg', 'medium': 'https://randomuser.me/api/portraits/med/women/11.jpg', 'thumbnail': 'https://randomuser.me/api/portraits/thumb/women/11.jpg'}</msg>
<arg>${json_data['results'][0]['picture']}</arg>
<doc>Logs the given message with the given level.</doc>
<status status="PASS" start="2024-06-07T21:16:03.945646" elapsed="0.000403"/>
</kw>
<status status="PASS" start="2024-06-07T21:16:03.864672" elapsed="0.081653"/>
</kw>
<kw name="Teste de Tipos de Dados - Postcode" owner="random-user-service">
<kw name="GET On Session" owner="RequestsLibrary">
<msg time="2024-06-07T21:16:04.037145" level="INFO">GET Request : url=https://randomuser.me/api 
 path_url=/api 
 headers={'User-Agent': 'python-requests/2.32.3', 'Accept-Encoding': 'gzip, deflate', 'Accept': '*/*', 'Connection': 'keep-alive'} 
 body=None 
 </msg>
<msg time="2024-06-07T21:16:04.037244" level="INFO">GET Response : url=https://randomuser.me/api 
 status=200, reason=OK 
 headers={'Date': 'Fri, 07 Jun 2024 21:16:04 GMT', 'Content-Type': 'application/json; charset=utf-8', 'Transfer-Encoding': 'chunked', 'Connection': 'keep-alive', 'X-Powered-By': 'Express', 'Access-Control-Allow-Origin': '*', 'Cache-Control': 'no-cache', 'ETag': 'W/"488-elEMBWgJKynOiGjYWU+GevMrD9Y"', 'Vary': 'Accept-Encoding', 'Content-Encoding': 'gzip', 'CF-Cache-Status': 'DYNAMIC', 'Report-To': '{"endpoints":[{"url":"https:\\/\\/a.nel.cloudflare.com\\/report\\/v4?s=udIRySeL%2F%2BuSS5Q4SJCENvaPcWZ%2BQB7gJqRtM9hOVMQFo2vDZpq0%2FNTL0wutrEjthzQSo0ZBR4OWiw8ZPKLwjRvWCTy2UWveoqAZgvwnLc%2B4hIZJboQ4EfJRMyDEfXnL"}],"group":"cf-nel","max_age":604800}', 'NEL': '{"success_fraction":0,"report_to":"cf-nel","max_age":604800}', 'Server': 'cloudflare', 'CF-RAY': '8903a93cae0413ff-ORD', 'alt-svc': 'h3=":443"; ma=86400'} 
 body={"results":[{"gender":"male","name":{"title":"Mr","first":"Áser","last":"Moreira"},"location":{"street":{"number":325,"name":"Avenida D. Pedro Ii"},"city":"Campinas","state":"Maranhão","country":"Brazil","postcode":93030,"coordinates":{"latitude":"-77.0077","longitude":"-91.7996"},"timezone":{"offset":"-11:00","description":"Midway Island, Samoa"}},"email":"aser.moreira@example.com","login":{"uuid":"fa00025e-def3-4e8c-9dde-45f148d68a92","username":"ticklishwolf377","password":"studio","salt":"Z37o3HUg","md5":"16edd64982592aa176fa2b8440b466a4","sha1":"1f04dedc2877afcf6d7eaed8753b6bdb1e58431a","sha256":"c20639ba15a5ce1da1cc7519f86f6b47d8f939cb366d6585bf9dfb25abf22e8e"},"dob":{"date":"1963-09-20T21:59:57.410Z","age":60},"registered":{"date":"2021-12-08T00:01:34.034Z","age":2},"phone":"(25) 8356-6139","cell":"(12) 6660-5786","id":{"name":"CPF","value":"843.964.202-55"},"picture":{"large":"https://randomuser.me/api/portraits/men/6.jpg","medium":"https://randomuser.me/api/portraits/med/men/6.jpg","thumbnail":"https://randomuser.me/api/portraits/thumb/men/6.jpg"},"nat":"BR"}],"info":{"seed":"7647124ddcfe87a5","results":1,"page":1,"version":"1.4"}} 
 </msg>
<msg time="2024-06-07T21:16:04.037318" level="INFO">/opt/hostedtoolcache/Python/3.12.3/x64/lib/python3.12/site-packages/urllib3/connectionpool.py:1103: InsecureRequestWarning: Unverified HTTPS request is being made to host 'randomuser.me'. Adding certificate verification is strongly advised. See: https://urllib3.readthedocs.io/en/latest/advanced-usage.html#tls-warnings
  warnings.warn(</msg>
<msg time="2024-06-07T21:16:04.037435" level="INFO">${response} = &lt;Response [200]&gt;</msg>
<var>${response}</var>
<arg>consultarAPI</arg>
<arg>/api</arg>
<doc>Sends a GET request on a previously created HTTP Session.</doc>
<status status="PASS" start="2024-06-07T21:16:03.946812" elapsed="0.090650"/>
</kw>
<kw name="Set Variable" owner="BuiltIn">
<msg time="2024-06-07T21:16:04.038544" level="INFO">${json_data} = {'results': [{'gender': 'male', 'name': {'title': 'Mr', 'first': 'Áser', 'last': 'Moreira'}, 'location': {'street': {'number': 325, 'name': 'Avenida D. Pedro Ii'}, 'city': 'Campinas', 'state': 'Maranh...</msg>
<var>${json_data}</var>
<arg>${response.json()}</arg>
<doc>Returns the given values which can then be assigned to a variables.</doc>
<status status="PASS" start="2024-06-07T21:16:04.038017" elapsed="0.000559"/>
</kw>
<kw name="Log" owner="BuiltIn">
<msg time="2024-06-07T21:16:04.039086" level="INFO">{'results': [{'gender': 'male', 'name': {'title': 'Mr', 'first': 'Áser', 'last': 'Moreira'}, 'location': {'street': {'number': 325, 'name': 'Avenida D. Pedro Ii'}, 'city': 'Campinas', 'state': 'Maranhão', 'country': 'Brazil', 'postcode': 93030, 'coordinates': {'latitude': '-77.0077', 'longitude': '-91.7996'}, 'timezone': {'offset': '-11:00', 'description': 'Midway Island, Samoa'}}, 'email': 'aser.moreira@example.com', 'login': {'uuid': 'fa00025e-def3-4e8c-9dde-45f148d68a92', 'username': 'ticklishwolf377', 'password': 'studio', 'salt': 'Z37o3HUg', 'md5': '16edd64982592aa176fa2b8440b466a4', 'sha1': '1f04dedc2877afcf6d7eaed8753b6bdb1e58431a', 'sha256': 'c20639ba15a5ce1da1cc7519f86f6b47d8f939cb366d6585bf9dfb25abf22e8e'}, 'dob': {'date': '1963-09-20T21:59:57.410Z', 'age': 60}, 'registered': {'date': '2021-12-08T00:01:34.034Z', 'age': 2}, 'phone': '(25) 8356-6139', 'cell': '(12) 6660-5786', 'id': {'name': 'CPF', 'value': '843.964.202-55'}, 'picture': {'large': 'https://randomuser.me/api/portraits/men/6.jpg', 'medium': 'https://randomuser.me/api/portraits/med/men/6.jpg', 'thumbnail': 'https://randomuser.me/api/portraits/thumb/men/6.jpg'}, 'nat': 'BR'}], 'info': {'seed': '7647124ddcfe87a5', 'results': 1, 'page': 1, 'version': '1.4'}}</msg>
<arg>${json_data}</arg>
<doc>Logs the given message with the given level.</doc>
<status status="PASS" start="2024-06-07T21:16:04.038885" elapsed="0.000297"/>
</kw>
<kw name="Should Be Equal As Numbers" owner="BuiltIn">
<arg>${json_data['results'][0]['location']['postcode']}</arg>
<arg>${json_data['results'][0]['location']['postcode']}</arg>
<doc>Fails if objects are unequal after converting them to real numbers.</doc>
<status status="PASS" start="2024-06-07T21:16:04.039496" elapsed="0.000629"/>
</kw>
<kw name="Log" owner="BuiltIn">
<msg time="2024-06-07T21:16:04.040657" level="INFO">93030</msg>
<arg>${json_data['results'][0]['location']['postcode']}</arg>
<doc>Logs the given message with the given level.</doc>
<status status="PASS" start="2024-06-07T21:16:04.040321" elapsed="0.000381"/>
</kw>
<status status="PASS" start="2024-06-07T21:16:03.946569" elapsed="0.094408"/>
</kw>
<doc>Testa se os tipos de dados na resposta da API estão corretos.</doc>
<tag>testeTiposDados</tag>
<status status="PASS" start="2024-06-07T21:16:03.864177" elapsed="0.176980"/>
</test>
<test id="s1-s1-t5" name="Validar conteudo" line="35">
<kw name="Teste de Tipos de Conteudo" owner="random-user-service">
<kw name="GET On Session" owner="RequestsLibrary">
<msg time="2024-06-07T21:16:04.132069" level="INFO">GET Request : url=https://randomuser.me/api 
 path_url=/api 
 headers={'User-Agent': 'python-requests/2.32.3', 'Accept-Encoding': 'gzip, deflate', 'Accept': '*/*', 'Connection': 'keep-alive'} 
 body=None 
 </msg>
<msg time="2024-06-07T21:16:04.132178" level="INFO">GET Response : url=https://randomuser.me/api 
 status=200, reason=OK 
 headers={'Date': 'Fri, 07 Jun 2024 21:16:04 GMT', 'Content-Type': 'application/json; charset=utf-8', 'Transfer-Encoding': 'chunked', 'Connection': 'keep-alive', 'X-Powered-By': 'Express', 'Access-Control-Allow-Origin': '*', 'Cache-Control': 'no-cache', 'ETag': 'W/"496-DSQYMtTiQalCMrR7K97Vv8rFAJ8"', 'Vary': 'Accept-Encoding', 'Content-Encoding': 'gzip', 'CF-Cache-Status': 'DYNAMIC', 'Report-To': '{"endpoints":[{"url":"https:\\/\\/a.nel.cloudflare.com\\/report\\/v4?s=Vp%2Flb0IcaQ6mnLPFnvWeFYw21wUPNj7VF3QFZ%2BlKjPOc8VPUemrTj2MlcOBCETYK4qCmEtJphTPmbt2QAu4zVVTZHXOyKEtw4pKweaAhuNFFIfHRdmM7EOCup2hTjVEX"}],"group":"cf-nel","max_age":604800}', 'NEL': '{"success_fraction":0,"report_to":"cf-nel","max_age":604800}', 'Server': 'cloudflare', 'CF-RAY': '8903a93d4f4713ff-ORD', 'alt-svc': 'h3=":443"; ma=86400'} 
 body={"results":[{"gender":"male","name":{"title":"Mr","first":"Wade","last":"Price"},"location":{"street":{"number":5600,"name":"Victoria Street"},"city":"Liverpool","state":"Nottinghamshire","country":"United Kingdom","postcode":"E3 4YY","coordinates":{"latitude":"-8.2151","longitude":"-116.1656"},"timezone":{"offset":"+2:00","description":"Kaliningrad, South Africa"}},"email":"wade.price@example.com","login":{"uuid":"fb88f8b0-b3c5-4863-8850-de243bd25b77","username":"greenbear862","password":"kenworth","salt":"UmXwIzmc","md5":"47404d1fdb8047c1bf29c29af7fc1c24","sha1":"944c878445e18cb50825d9f27d83f22f01219dcf","sha256":"3328f7b9783e1d8851521c233bf8482d97e55d07768953478e2da5efe20734c0"},"dob":{"date":"1995-02-25T06:39:24.179Z","age":29},"registered":{"date":"2005-04-28T18:50:40.927Z","age":19},"phone":"028 2572 2155","cell":"07504 243508","id":{"name":"NINO","value":"HT 53 22 42 G"},"picture":{"large":"https://randomuser.me/api/portraits/men/26.jpg","medium":"https://randomuser.me/api/portraits/med/men/26.jpg","thumbnail":"https://randomuser.me/api/portraits/thumb/men/26.jpg"},"nat":"GB"}],"info":{"seed":"f505b735b701ac7c","results":1,"page":1,"version":"1.4"}} 
 </msg>
<msg time="2024-06-07T21:16:04.132256" level="INFO">/opt/hostedtoolcache/Python/3.12.3/x64/lib/python3.12/site-packages/urllib3/connectionpool.py:1103: InsecureRequestWarning: Unverified HTTPS request is being made to host 'randomuser.me'. Adding certificate verification is strongly advised. See: https://urllib3.readthedocs.io/en/latest/advanced-usage.html#tls-warnings
  warnings.warn(</msg>
<msg time="2024-06-07T21:16:04.132381" level="INFO">${response} = &lt;Response [200]&gt;</msg>
<var>${response}</var>
<arg>consultarAPI</arg>
<arg>/api</arg>
<doc>Sends a GET request on a previously created HTTP Session.</doc>
<status status="PASS" start="2024-06-07T21:16:04.044299" elapsed="0.088122"/>
</kw>
<kw name="Set Variable" owner="BuiltIn">
<msg time="2024-06-07T21:16:04.133611" level="INFO">${json_data} = {'results': [{'gender': 'male', 'name': {'title': 'Mr', 'first': 'Wade', 'last': 'Price'}, 'location': {'street': {'number': 5600, 'name': 'Victoria Street'}, 'city': 'Liverpool', 'state': 'Nottingham...</msg>
<var>${json_data}</var>
<arg>${response.json()}</arg>
<doc>Returns the given values which can then be assigned to a variables.</doc>
<status status="PASS" start="2024-06-07T21:16:04.133048" elapsed="0.000593"/>
</kw>
<kw name="Set Variable" owner="BuiltIn">
<msg time="2024-06-07T21:16:04.134372" level="INFO">${name_title} = Mr</msg>
<var>${name_title}</var>
<arg>${json_data["results"][0]["name"]["title"]}</arg>
<doc>Returns the given values which can then be assigned to a variables.</doc>
<status status="PASS" start="2024-06-07T21:16:04.133970" elapsed="0.000428"/>
</kw>
<kw name="Create List" owner="BuiltIn">
<msg time="2024-06-07T21:16:04.134866" level="INFO">${allowed_titles} = ['Mr', 'Ms', 'Miss', 'Mrs', 'Madame', 'Monsieur']</msg>
<var>${allowed_titles}</var>
<arg>Mr</arg>
<arg>Ms</arg>
<arg>Miss</arg>
<arg>Mrs</arg>
<arg>Madame</arg>
<arg>Monsieur</arg>
<doc>Returns a list containing given items.</doc>
<status status="PASS" start="2024-06-07T21:16:04.134709" elapsed="0.000182"/>
</kw>
<kw name="List Should Contain Value" owner="Collections">
<msg time="2024-06-07T21:16:04.135434" level="INFO">False</msg>
<arg>${allowed_titles}</arg>
<arg>${name_title}</arg>
<doc>Fails if the ``value`` is not found from ``list``.</doc>
<status status="PASS" start="2024-06-07T21:16:04.135248" elapsed="0.000224"/>
</kw>
<kw name="Set Variable" owner="BuiltIn">
<msg time="2024-06-07T21:16:04.136375" level="INFO">${name_country} = GB</msg>
<var>${name_country}</var>
<arg>${json_data["results"][0]["nat"]}</arg>
<doc>Returns the given values which can then be assigned to a variables.</doc>
<status status="PASS" start="2024-06-07T21:16:04.135781" elapsed="0.000622"/>
</kw>
<kw name="Create List" owner="BuiltIn">
<msg time="2024-06-07T21:16:04.137349" level="INFO">${list_country} = ['AD', 'AE', 'AF', 'AG', 'AI', 'AL', 'AM', 'AO', 'AQ', 'AR', 'AS', 'AT', 'AU', 'AW', 'AX', 'AZ', 'BA', 'BB', 'BD', 'BE', 'BF', 'BG', 'BH', 'BI', 'BJ', 'BL', 'BM', 'BN', 'BO', 'BQ', 'BR', 'BS', 'BT', '...</msg>
<var>${list_country}</var>
<arg>AD</arg>
<arg>AE</arg>
<arg>AF</arg>
<arg>AG</arg>
<arg>AI</arg>
<arg>AL</arg>
<arg>AM</arg>
<arg>AO</arg>
<arg>AQ</arg>
<arg>AR</arg>
<arg>AS</arg>
<arg>AT</arg>
<arg>AU</arg>
<arg>AW</arg>
<arg>AX</arg>
<arg>AZ</arg>
<arg>BA</arg>
<arg>BB</arg>
<arg>BD</arg>
<arg>BE</arg>
<arg>BF</arg>
<arg>BG</arg>
<arg>BH</arg>
<arg>BI</arg>
<arg>BJ</arg>
<arg>BL</arg>
<arg>BM</arg>
<arg>BN</arg>
<arg>BO</arg>
<arg>BQ</arg>
<arg>BR</arg>
<arg>BS</arg>
<arg>BT</arg>
<arg>BV</arg>
<arg>BW</arg>
<arg>BY</arg>
<arg>BZ</arg>
<arg>CA</arg>
<arg>CC</arg>
<arg>CD</arg>
<arg>CF</arg>
<arg>CG</arg>
<arg>CH</arg>
<arg>CI</arg>
<arg>CK</arg>
<arg>CL</arg>
<arg>CM</arg>
<arg>CN</arg>
<arg>CO</arg>
<arg>CR</arg>
<arg>CU</arg>
<arg>CV</arg>
<arg>CW</arg>
<arg>CX</arg>
<arg>CY</arg>
<arg>CZ</arg>
<arg>DE</arg>
<arg>DJ</arg>
<arg>DK</arg>
<arg>DM</arg>
<arg>DO</arg>
<arg>DZ</arg>
<arg>EC</arg>
<arg>EE</arg>
<arg>EG</arg>
<arg>EH</arg>
<arg>ER</arg>
<arg>ES</arg>
<arg>ET</arg>
<arg>FI</arg>
<arg>FJ</arg>
<arg>FK</arg>
<arg>FM</arg>
<arg>FO</arg>
<arg>FR</arg>
<arg>GA</arg>
<arg>GB</arg>
<arg>GD</arg>
<arg>GE</arg>
<arg>GF</arg>
<arg>GG</arg>
<arg>GH</arg>
<arg>GI</arg>
<arg>GL</arg>
<arg>GM</arg>
<arg>GN</arg>
<arg>GP</arg>
<arg>GQ</arg>
<arg>GR</arg>
<arg>GS</arg>
<arg>GT</arg>
<arg>GU</arg>
<arg>GW</arg>
<arg>GY</arg>
<arg>HK</arg>
<arg>HM</arg>
<arg>HN</arg>
<arg>HR</arg>
<arg>HT</arg>
<arg>HU</arg>
<arg>ID</arg>
<arg>IE</arg>
<arg>IL</arg>
<arg>IM</arg>
<arg>IN</arg>
<arg>IO</arg>
<arg>IQ</arg>
<arg>IR</arg>
<arg>IS</arg>
<arg>IT</arg>
<arg>JE</arg>
<arg>JM</arg>
<arg>JO</arg>
<arg>JP</arg>
<arg>KE</arg>
<arg>KG</arg>
<arg>KH</arg>
<arg>KI</arg>
<arg>KM</arg>
<arg>KN</arg>
<arg>KP</arg>
<arg>KR</arg>
<arg>KW</arg>
<arg>KY</arg>
<arg>KZ</arg>
<arg>LA</arg>
<arg>LB</arg>
<arg>LC</arg>
<arg>LI</arg>
<arg>LK</arg>
<arg>LR</arg>
<arg>LS</arg>
<arg>LT</arg>
<arg>LU</arg>
<arg>LV</arg>
<arg>LY</arg>
<arg>MA</arg>
<arg>MC</arg>
<arg>MD</arg>
<arg>ME</arg>
<arg>MF</arg>
<arg>MG</arg>
<arg>MH</arg>
<arg>MK</arg>
<arg>ML</arg>
<arg>MM</arg>
<arg>MN</arg>
<arg>MO</arg>
<arg>MP</arg>
<arg>MQ</arg>
<arg>MR</arg>
<arg>MS</arg>
<arg>MT</arg>
<arg>MU</arg>
<arg>MV</arg>
<arg>MW</arg>
<arg>MX</arg>
<arg>MY</arg>
<arg>MZ</arg>
<arg>NA</arg>
<arg>NC</arg>
<arg>NE</arg>
<arg>NF</arg>
<arg>NG</arg>
<arg>NI</arg>
<arg>NL</arg>
<arg>NO</arg>
<arg>NP</arg>
<arg>NR</arg>
<arg>NU</arg>
<arg>NZ</arg>
<arg>OM</arg>
<arg>PA</arg>
<arg>PE</arg>
<arg>PF</arg>
<arg>PG</arg>
<arg>PH</arg>
<arg>PK</arg>
<arg>PL</arg>
<arg>PM</arg>
<arg>PN</arg>
<arg>PR</arg>
<arg>PS</arg>
<arg>PT</arg>
<arg>PW</arg>
<arg>PY</arg>
<arg>QA</arg>
<arg>RE</arg>
<arg>RO</arg>
<arg>RS</arg>
<arg>RU</arg>
<arg>RW</arg>
<arg>SA</arg>
<arg>SB</arg>
<arg>SC</arg>
<arg>SD</arg>
<arg>SE</arg>
<arg>SG</arg>
<arg>SH</arg>
<arg>SI</arg>
<arg>SJ</arg>
<arg>SK</arg>
<arg>SL</arg>
<arg>SM</arg>
<arg>SN</arg>
<arg>SO</arg>
<arg>SR</arg>
<arg>SS</arg>
<arg>ST</arg>
<arg>SV</arg>
<arg>SX</arg>
<arg>SY</arg>
<arg>SZ</arg>
<arg>TC</arg>
<arg>TD</arg>
<arg>TF</arg>
<arg>TG</arg>
<arg>TH</arg>
<arg>TJ</arg>
<arg>TK</arg>
<arg>TL</arg>
<arg>TM</arg>
<arg>TN</arg>
<arg>TO</arg>
<arg>TR</arg>
<arg>TT</arg>
<arg>TV</arg>
<arg>TW</arg>
<arg>TZ</arg>
<arg>UA</arg>
<arg>UG</arg>
<arg>UM</arg>
<arg>US</arg>
<arg>UY</arg>
<arg>UZ</arg>
<arg>VA</arg>
<arg>VC</arg>
<arg>VE</arg>
<arg>VG</arg>
<arg>VI</arg>
<arg>VN</arg>
<arg>VU</arg>
<arg>WF</arg>
<arg>WS</arg>
<arg>XK</arg>
<arg>YE</arg>
<arg>YT</arg>
<arg>ZA</arg>
<arg>ZM</arg>
<arg>ZW</arg>
<doc>Returns a list containing given items.</doc>
<status status="PASS" start="2024-06-07T21:16:04.136729" elapsed="0.000648"/>
</kw>
<kw name="List Should Contain Value" owner="Collections">
<msg time="2024-06-07T21:16:04.138394" level="INFO">False</msg>
<arg>${list_country}</arg>
<arg>${name_country}</arg>
<doc>Fails if the ``value`` is not found from ``list``.</doc>
<status status="PASS" start="2024-06-07T21:16:04.138181" elapsed="0.000250"/>
</kw>
<kw name="Run Keyword If" owner="BuiltIn">
<kw name="Should Be True" owner="BuiltIn">
<arg>${True}</arg>
<doc>Fails if the given condition is not true.</doc>
<status status="PASS" start="2024-06-07T21:16:04.139575" elapsed="0.000150"/>
</kw>
<arg>${json_data["results"][0]["location"]["coordinates"]["latitude"]} &gt;= -90 and ${json_data["results"][0]["location"]["coordinates"]["latitude"]} &lt;= 90</arg>
<arg>Should Be True</arg>
<arg>${True}</arg>
<doc>Runs the given keyword with the given arguments, if ``condition`` is true.</doc>
<status status="PASS" start="2024-06-07T21:16:04.138758" elapsed="0.001100"/>
</kw>
<kw name="Run Keyword If" owner="BuiltIn">
<kw name="Should Be True" owner="BuiltIn">
<arg>${True}</arg>
<doc>Fails if the given condition is not true.</doc>
<status status="PASS" start="2024-06-07T21:16:04.140792" elapsed="0.000148"/>
</kw>
<arg>${json_data["results"][0]["location"]["coordinates"]["longitude"]} &gt;= -180 and ${json_data["results"][0]["location"]["coordinates"]["longitude"]} &lt;= 180</arg>
<arg>Should Be True</arg>
<arg>${True}</arg>
<doc>Runs the given keyword with the given arguments, if ``condition`` is true.</doc>
<status status="PASS" start="2024-06-07T21:16:04.140057" elapsed="0.001012"/>
</kw>
<status status="PASS" start="2024-06-07T21:16:04.043848" elapsed="0.097362"/>
</kw>
<doc>Testa o conteúdo específico dos campos retornados pela API.</doc>
<tag>testeConteudo</tag>
<status status="PASS" start="2024-06-07T21:16:04.043085" elapsed="0.098292"/>
</test>
<status status="PASS" start="2024-06-07T21:16:03.189358" elapsed="0.954073"/>
</suite>
<status status="PASS" start="2024-06-07T21:16:03.174517" elapsed="0.974323"/>
</suite>
<statistics>
<total>
<stat pass="5" fail="0" skip="0">All Tests</stat>
</total>
<tag>
<stat pass="1" fail="0" skip="0">testeConteudo</stat>
<stat pass="1" fail="0" skip="0">testeEstruturaResposta</stat>
<stat pass="1" fail="0" skip="0">testeRequisicaoBasica</stat>
<stat pass="1" fail="0" skip="0">testeTiposDados</stat>
</tag>
<suite>
<stat pass="5" fail="0" skip="0" id="s1" name="Tests">Tests</stat>
<stat pass="5" fail="0" skip="0" id="s1-s1" name="Random-User-Test">Tests.Random-User-Test</stat>
</suite>
</statistics>
<errors>
</errors>
</robot>
