<?xml version="1.0" encoding="UTF-8"?>
<robot generator="Robot 7.0 (Python 3.12.2 on linux)" generated="2024-04-07T03:14:44.341251" rpa="false" schemaversion="5">
<suite id="s1" name="Tests" source="/home/runner/work/DesafioQAItauRogerioJordao/DesafioQAItauRogerioJordao/RamdonUser/tests">
<suite id="s1-s1" name="Random-User-Test" source="/home/runner/work/DesafioQAItauRogerioJordao/DesafioQAItauRogerioJordao/RamdonUser/tests/random-user-test.robot">
<test id="s1-s1-t1" name="Conectar" line="13">
<kw name="Conectar API" owner="random-user-service">
<kw name="Create Session" owner="RequestsLibrary">
<msg time="2024-04-07T03:14:44.704136" level="INFO">Creating Session using : alias=consultarAPI, url=https://randomuser.me/, headers={},                     cookies={}, auth=None, timeout=None, proxies=None, verify=False,                     debug=0 </msg>
<arg>consultarAPI</arg>
<arg>${URL}</arg>
<doc>Create Session: create a HTTP session to a server</doc>
<status status="PASS" start="2024-04-07T03:14:44.703948" elapsed="0.000349"/>
</kw>
<status status="PASS" start="2024-04-07T03:14:44.702986" elapsed="0.001647"/>
</kw>
<status status="PASS" start="2024-04-07T03:14:44.702487" elapsed="0.002350"/>
</test>
<test id="s1-s1-t2" name="Validar retorno 200 e JSON Válido" line="16">
<kw name="Teste de Requisicao Basica" owner="random-user-service">
<kw name="GET On Session" owner="RequestsLibrary">
<msg time="2024-04-07T03:14:44.932959" level="INFO">GET Request : url=https://randomuser.me/api 
 path_url=/api 
 headers={'User-Agent': 'python-requests/2.31.0', 'Accept-Encoding': 'gzip, deflate', 'Accept': '*/*', 'Connection': 'keep-alive'} 
 body=None 
 </msg>
<msg time="2024-04-07T03:14:44.933063" level="INFO">GET Response : url=https://randomuser.me/api 
 status=200, reason=OK 
 headers={'Date': 'Sun, 07 Apr 2024 03:14:44 GMT', 'Content-Type': 'application/json; charset=utf-8', 'Transfer-Encoding': 'chunked', 'Connection': 'keep-alive', 'X-Powered-By': 'Express', 'Access-Control-Allow-Origin': '*', 'Cache-Control': 'no-cache', 'ETag': 'W/"48d-EfY/DlwQtCAwOCp6IHf9VgoSsNU"', 'Vary': 'Accept-Encoding', 'Content-Encoding': 'gzip', 'CF-Cache-Status': 'DYNAMIC', 'Report-To': '{"endpoints":[{"url":"https:\\/\\/a.nel.cloudflare.com\\/report\\/v4?s=sO57FeSdNLz8DZvZuEvCVn6%2Bdns%2BFG0WfKEvID1i3cQlCo0WCcYFt0JXX%2FEv06rMIC2epGU3B6ngqiwph%2B4Z0EhRsYpoot%2F%2FEXaIDZLi80tsZp5zb0%2FCzEsL3JGTLNqL"}],"group":"cf-nel","max_age":604800}', 'NEL': '{"success_fraction":0,"report_to":"cf-nel","max_age":604800}', 'Server': 'cloudflare', 'CF-RAY': '8706d965a9606fc1-IAD', 'alt-svc': 'h3=":443"; ma=86400'} 
 body={"results":[{"gender":"female","name":{"title":"Mrs","first":"Olivia","last":"Edwards"},"location":{"street":{"number":7327,"name":"Lambton Quay"},"city":"Rotorua","state":"Nelson","country":"New Zealand","postcode":21168,"coordinates":{"latitude":"49.8657","longitude":"34.8122"},"timezone":{"offset":"+10:00","description":"Eastern Australia, Guam, Vladivostok"}},"email":"olivia.edwards@example.com","login":{"uuid":"c27fb7a7-1211-4a92-b8f7-0e7ec31afb30","username":"heavybear943","password":"zorro","salt":"hfhQLj7I","md5":"aac2536e56fbc7c9dbc0c6e5952859d1","sha1":"435d095a2ef6cb285d638cfabfd1fa6b87115474","sha256":"5677c75c57d3957a3c64be2683d179bf33c9edb2cf1bfc53c9882d56bdd4c760"},"dob":{"date":"1970-03-07T16:53:48.060Z","age":54},"registered":{"date":"2020-04-30T06:32:28.560Z","age":3},"phone":"(216)-971-0001","cell":"(470)-591-9280","id":{"name":"","value":null},"picture":{"large":"https://randomuser.me/api/portraits/women/74.jpg","medium":"https://randomuser.me/api/portraits/med/women/74.jpg","thumbnail":"https://randomuser.me/api/portraits/thumb/women/74.jpg"},"nat":"NZ"}],"info":{"seed":"53cf862695e2c8d3","results":1,"page":1,"version":"1.4"}} 
 </msg>
<msg time="2024-04-07T03:14:44.933155" level="INFO">/opt/hostedtoolcache/Python/3.12.2/x64/lib/python3.12/site-packages/urllib3/connectionpool.py:1103: InsecureRequestWarning: Unverified HTTPS request is being made to host 'randomuser.me'. Adding certificate verification is strongly advised. See: https://urllib3.readthedocs.io/en/latest/advanced-usage.html#tls-warnings
  warnings.warn(</msg>
<msg time="2024-04-07T03:14:44.933271" level="INFO">${response} = &lt;Response [200]&gt;</msg>
<var>${response}</var>
<arg>consultarAPI</arg>
<arg>/api</arg>
<doc>Sends a GET request on a previously created HTTP Session.</doc>
<status status="PASS" start="2024-04-07T03:14:44.707396" elapsed="0.225914"/>
</kw>
<kw name="Should Be Equal As Numbers" owner="BuiltIn">
<msg time="2024-04-07T03:14:44.934135" level="INFO">Argument types are:
&lt;class 'int'&gt;
&lt;class 'str'&gt;</msg>
<arg>${response.status_code}</arg>
<arg>200</arg>
<doc>Fails if objects are unequal after converting them to real numbers.</doc>
<status status="PASS" start="2024-04-07T03:14:44.933714" elapsed="0.000488"/>
</kw>
<kw name="Log" owner="BuiltIn">
<msg time="2024-04-07T03:14:44.934910" level="INFO">200</msg>
<arg>${response.status_code}</arg>
<doc>Logs the given message with the given level.</doc>
<status status="PASS" start="2024-04-07T03:14:44.934550" elapsed="0.000401"/>
</kw>
<kw name="Set Variable" owner="BuiltIn">
<msg time="2024-04-07T03:14:44.935730" level="INFO">${json_data} = {'results': [{'gender': 'female', 'name': {'title': 'Mrs', 'first': 'Olivia', 'last': 'Edwards'}, 'location': {'street': {'number': 7327, 'name': 'Lambton Quay'}, 'city': 'Rotorua', 'state': 'Nelson',...</msg>
<var>${json_data}</var>
<arg>${response.json()}</arg>
<doc>Returns the given values which can then be assigned to a variables.</doc>
<status status="PASS" start="2024-04-07T03:14:44.935295" elapsed="0.000463"/>
</kw>
<kw name="Dictionary Should Contain Key" owner="Collections">
<msg time="2024-04-07T03:14:44.936220" level="INFO">False</msg>
<arg>${json_data}</arg>
<arg>results</arg>
<doc>Fails if ``key`` is not found from ``dictionary``.</doc>
<status status="PASS" start="2024-04-07T03:14:44.936058" elapsed="0.000202"/>
</kw>
<status status="PASS" start="2024-04-07T03:14:44.707145" elapsed="0.229362"/>
</kw>
<doc>Testa se a API responde corretamente e retorna um objeto JSON válido.</doc>
<tag>testeRequisicaoBasica</tag>
<status status="PASS" start="2024-04-07T03:14:44.706684" elapsed="0.229993"/>
</test>
<test id="s1-s1-t3" name="Validar estrutura de resposta" line="22">
<kw name="Teste de Estrutura de Resposta" owner="random-user-service">
<kw name="GET On Session" owner="RequestsLibrary">
<msg time="2024-04-07T03:14:44.973644" level="INFO">GET Request : url=https://randomuser.me/api 
 path_url=/api 
 headers={'User-Agent': 'python-requests/2.31.0', 'Accept-Encoding': 'gzip, deflate', 'Accept': '*/*', 'Connection': 'keep-alive'} 
 body=None 
 </msg>
<msg time="2024-04-07T03:14:44.973729" level="INFO">GET Response : url=https://randomuser.me/api 
 status=200, reason=OK 
 headers={'Date': 'Sun, 07 Apr 2024 03:14:44 GMT', 'Content-Type': 'application/json; charset=utf-8', 'Transfer-Encoding': 'chunked', 'Connection': 'keep-alive', 'X-Powered-By': 'Express', 'Access-Control-Allow-Origin': '*', 'Cache-Control': 'no-cache', 'ETag': 'W/"490-CmZNGGUnpg36ITq7D6StQ2hbkco"', 'Vary': 'Accept-Encoding', 'Content-Encoding': 'gzip', 'CF-Cache-Status': 'DYNAMIC', 'Report-To': '{"endpoints":[{"url":"https:\\/\\/a.nel.cloudflare.com\\/report\\/v4?s=iJnoTG2tf%2F7x8AghLOnCx%2FB9AlOMyxYceP%2Bxw%2BKRyXakgBRb7frmgiyfv0Rb2EBAjYrIBORK2VDBB27nw%2FHHhs3VVnEAHOU2oNs0FbSPCOEmM1I9qvuBKW%2BkfdLmQ2Y5"}],"group":"cf-nel","max_age":604800}', 'NEL': '{"success_fraction":0,"report_to":"cf-nel","max_age":604800}', 'Server': 'cloudflare', 'CF-RAY': '8706d966ea946fc1-IAD', 'alt-svc': 'h3=":443"; ma=86400'} 
 body={"results":[{"gender":"male","name":{"title":"Mr","first":"Faraj","last":"Pai"},"location":{"street":{"number":1219,"name":"Raviwar Peth"},"city":"Rajahmundry","state":"Jammu and Kashmir","country":"India","postcode":49216,"coordinates":{"latitude":"9.3051","longitude":"-112.3460"},"timezone":{"offset":"-4:00","description":"Atlantic Time (Canada), Caracas, La Paz"}},"email":"faraj.pai@example.com","login":{"uuid":"6a41cc66-6d2d-48c5-bff7-75751f667572","username":"whitekoala499","password":"warner","salt":"BZjZIVuC","md5":"cad68cd500a25fd88b6a464620cc0ffd","sha1":"a8c96a6d4b5324c00204ef95e74aa43ed734e6e7","sha256":"8173ee72c0c3c60fabc6f07976997383a1742694c98a558bc99e4e26463ee9da"},"dob":{"date":"1964-10-18T13:55:57.800Z","age":59},"registered":{"date":"2012-02-22T15:03:12.366Z","age":12},"phone":"7943434103","cell":"7041702063","id":{"name":"UIDAI","value":"796294421606"},"picture":{"large":"https://randomuser.me/api/portraits/men/34.jpg","medium":"https://randomuser.me/api/portraits/med/men/34.jpg","thumbnail":"https://randomuser.me/api/portraits/thumb/men/34.jpg"},"nat":"IN"}],"info":{"seed":"f683e93191358a4f","results":1,"page":1,"version":"1.4"}} 
 </msg>
<msg time="2024-04-07T03:14:44.973860" level="INFO">/opt/hostedtoolcache/Python/3.12.2/x64/lib/python3.12/site-packages/urllib3/connectionpool.py:1103: InsecureRequestWarning: Unverified HTTPS request is being made to host 'randomuser.me'. Adding certificate verification is strongly advised. See: https://urllib3.readthedocs.io/en/latest/advanced-usage.html#tls-warnings
  warnings.warn(</msg>
<msg time="2024-04-07T03:14:44.973974" level="INFO">${response} = &lt;Response [200]&gt;</msg>
<var>${response}</var>
<arg>consultarAPI</arg>
<arg>/api</arg>
<doc>Sends a GET request on a previously created HTTP Session.</doc>
<status status="PASS" start="2024-04-07T03:14:44.939310" elapsed="0.034703"/>
</kw>
<kw name="Set Variable" owner="BuiltIn">
<msg time="2024-04-07T03:14:44.974856" level="INFO">${json_data} = {'results': [{'gender': 'male', 'name': {'title': 'Mr', 'first': 'Faraj', 'last': 'Pai'}, 'location': {'street': {'number': 1219, 'name': 'Raviwar Peth'}, 'city': 'Rajahmundry', 'state': 'Jammu and Ka...</msg>
<var>${json_data}</var>
<arg>${response.json()}</arg>
<doc>Returns the given values which can then be assigned to a variables.</doc>
<status status="PASS" start="2024-04-07T03:14:44.974419" elapsed="0.000465"/>
</kw>
<kw name="Log" owner="BuiltIn">
<msg time="2024-04-07T03:14:44.975347" level="INFO">{'results': [{'gender': 'male', 'name': {'title': 'Mr', 'first': 'Faraj', 'last': 'Pai'}, 'location': {'street': {'number': 1219, 'name': 'Raviwar Peth'}, 'city': 'Rajahmundry', 'state': 'Jammu and Kashmir', 'country': 'India', 'postcode': 49216, 'coordinates': {'latitude': '9.3051', 'longitude': '-112.3460'}, 'timezone': {'offset': '-4:00', 'description': 'Atlantic Time (Canada), Caracas, La Paz'}}, 'email': 'faraj.pai@example.com', 'login': {'uuid': '6a41cc66-6d2d-48c5-bff7-75751f667572', 'username': 'whitekoala499', 'password': 'warner', 'salt': 'BZjZIVuC', 'md5': 'cad68cd500a25fd88b6a464620cc0ffd', 'sha1': 'a8c96a6d4b5324c00204ef95e74aa43ed734e6e7', 'sha256': '8173ee72c0c3c60fabc6f07976997383a1742694c98a558bc99e4e26463ee9da'}, 'dob': {'date': '1964-10-18T13:55:57.800Z', 'age': 59}, 'registered': {'date': '2012-02-22T15:03:12.366Z', 'age': 12}, 'phone': '7943434103', 'cell': '7041702063', 'id': {'name': 'UIDAI', 'value': '796294421606'}, 'picture': {'large': 'https://randomuser.me/api/portraits/men/34.jpg', 'medium': 'https://randomuser.me/api/portraits/med/men/34.jpg', 'thumbnail': 'https://randomuser.me/api/portraits/thumb/men/34.jpg'}, 'nat': 'IN'}], 'info': {'seed': 'f683e93191358a4f', 'results': 1, 'page': 1, 'version': '1.4'}}</msg>
<arg>${json_data}</arg>
<doc>Logs the given message with the given level.</doc>
<status status="PASS" start="2024-04-07T03:14:44.975193" elapsed="0.000203"/>
</kw>
<kw name="Dictionary Should Contain Key" owner="Collections">
<msg time="2024-04-07T03:14:44.975834" level="INFO">False</msg>
<arg>${json_data}</arg>
<arg>results</arg>
<doc>Fails if ``key`` is not found from ``dictionary``.</doc>
<status status="PASS" start="2024-04-07T03:14:44.975687" elapsed="0.000183"/>
</kw>
<kw name="Should Not Be Empty" owner="BuiltIn">
<msg time="2024-04-07T03:14:44.976289" level="INFO">Length is 2.</msg>
<arg>${json_data}</arg>
<doc>Verifies that the given item is not empty.</doc>
<status status="PASS" start="2024-04-07T03:14:44.976160" elapsed="0.000167"/>
</kw>
<kw name="Create List" owner="BuiltIn">
<msg time="2024-04-07T03:14:44.976757" level="INFO">${expected_keys} = ['gender', 'name', 'location', 'email', 'login']</msg>
<var>${expected_keys}</var>
<arg>gender</arg>
<arg>name</arg>
<arg>location</arg>
<arg>email</arg>
<arg>login</arg>
<doc>Returns a list containing given items.</doc>
<status status="PASS" start="2024-04-07T03:14:44.976611" elapsed="0.000170"/>
</kw>
<for flavor="IN">
<iter>
<kw name="Dictionary Should Contain Key" owner="Collections">
<msg time="2024-04-07T03:14:44.977724" level="INFO">False</msg>
<arg>${json_data['results'][0]}</arg>
<arg>${key}</arg>
<doc>Fails if ``key`` is not found from ``dictionary``.</doc>
<status status="PASS" start="2024-04-07T03:14:44.977327" elapsed="0.000436"/>
</kw>
<kw name="Log" owner="BuiltIn">
<msg time="2024-04-07T03:14:44.978458" level="INFO">{'gender': 'male', 'name': {'title': 'Mr', 'first': 'Faraj', 'last': 'Pai'}, 'location': {'street': {'number': 1219, 'name': 'Raviwar Peth'}, 'city': 'Rajahmundry', 'state': 'Jammu and Kashmir', 'country': 'India', 'postcode': 49216, 'coordinates': {'latitude': '9.3051', 'longitude': '-112.3460'}, 'timezone': {'offset': '-4:00', 'description': 'Atlantic Time (Canada), Caracas, La Paz'}}, 'email': 'faraj.pai@example.com', 'login': {'uuid': '6a41cc66-6d2d-48c5-bff7-75751f667572', 'username': 'whitekoala499', 'password': 'warner', 'salt': 'BZjZIVuC', 'md5': 'cad68cd500a25fd88b6a464620cc0ffd', 'sha1': 'a8c96a6d4b5324c00204ef95e74aa43ed734e6e7', 'sha256': '8173ee72c0c3c60fabc6f07976997383a1742694c98a558bc99e4e26463ee9da'}, 'dob': {'date': '1964-10-18T13:55:57.800Z', 'age': 59}, 'registered': {'date': '2012-02-22T15:03:12.366Z', 'age': 12}, 'phone': '7943434103', 'cell': '7041702063', 'id': {'name': 'UIDAI', 'value': '796294421606'}, 'picture': {'large': 'https://randomuser.me/api/portraits/men/34.jpg', 'medium': 'https://randomuser.me/api/portraits/med/men/34.jpg', 'thumbnail': 'https://randomuser.me/api/portraits/thumb/men/34.jpg'}, 'nat': 'IN'}</msg>
<arg>${json_data['results'][0]}</arg>
<doc>Logs the given message with the given level.</doc>
<status status="PASS" start="2024-04-07T03:14:44.978069" elapsed="0.000437"/>
</kw>
<kw name="Log" owner="BuiltIn">
<msg time="2024-04-07T03:14:44.978933" level="INFO">gender</msg>
<arg>${key}</arg>
<doc>Logs the given message with the given level.</doc>
<status status="PASS" start="2024-04-07T03:14:44.978804" elapsed="0.000167"/>
</kw>
<var name="${key}">gender</var>
<status status="PASS" start="2024-04-07T03:14:44.977206" elapsed="0.001984"/>
</iter>
<iter>
<kw name="Dictionary Should Contain Key" owner="Collections">
<msg time="2024-04-07T03:14:44.979886" level="INFO">False</msg>
<arg>${json_data['results'][0]}</arg>
<arg>${key}</arg>
<doc>Fails if ``key`` is not found from ``dictionary``.</doc>
<status status="PASS" start="2024-04-07T03:14:44.979492" elapsed="0.000432"/>
</kw>
<kw name="Log" owner="BuiltIn">
<msg time="2024-04-07T03:14:44.980616" level="INFO">{'gender': 'male', 'name': {'title': 'Mr', 'first': 'Faraj', 'last': 'Pai'}, 'location': {'street': {'number': 1219, 'name': 'Raviwar Peth'}, 'city': 'Rajahmundry', 'state': 'Jammu and Kashmir', 'country': 'India', 'postcode': 49216, 'coordinates': {'latitude': '9.3051', 'longitude': '-112.3460'}, 'timezone': {'offset': '-4:00', 'description': 'Atlantic Time (Canada), Caracas, La Paz'}}, 'email': 'faraj.pai@example.com', 'login': {'uuid': '6a41cc66-6d2d-48c5-bff7-75751f667572', 'username': 'whitekoala499', 'password': 'warner', 'salt': 'BZjZIVuC', 'md5': 'cad68cd500a25fd88b6a464620cc0ffd', 'sha1': 'a8c96a6d4b5324c00204ef95e74aa43ed734e6e7', 'sha256': '8173ee72c0c3c60fabc6f07976997383a1742694c98a558bc99e4e26463ee9da'}, 'dob': {'date': '1964-10-18T13:55:57.800Z', 'age': 59}, 'registered': {'date': '2012-02-22T15:03:12.366Z', 'age': 12}, 'phone': '7943434103', 'cell': '7041702063', 'id': {'name': 'UIDAI', 'value': '796294421606'}, 'picture': {'large': 'https://randomuser.me/api/portraits/men/34.jpg', 'medium': 'https://randomuser.me/api/portraits/med/men/34.jpg', 'thumbnail': 'https://randomuser.me/api/portraits/thumb/men/34.jpg'}, 'nat': 'IN'}</msg>
<arg>${json_data['results'][0]}</arg>
<doc>Logs the given message with the given level.</doc>
<status status="PASS" start="2024-04-07T03:14:44.980251" elapsed="0.000412"/>
</kw>
<kw name="Log" owner="BuiltIn">
<msg time="2024-04-07T03:14:44.981086" level="INFO">name</msg>
<arg>${key}</arg>
<doc>Logs the given message with the given level.</doc>
<status status="PASS" start="2024-04-07T03:14:44.980959" elapsed="0.000165"/>
</kw>
<var name="${key}">name</var>
<status status="PASS" start="2024-04-07T03:14:44.979377" elapsed="0.001961"/>
</iter>
<iter>
<kw name="Dictionary Should Contain Key" owner="Collections">
<msg time="2024-04-07T03:14:44.982003" level="INFO">False</msg>
<arg>${json_data['results'][0]}</arg>
<arg>${key}</arg>
<doc>Fails if ``key`` is not found from ``dictionary``.</doc>
<status status="PASS" start="2024-04-07T03:14:44.981628" elapsed="0.000412"/>
</kw>
<kw name="Log" owner="BuiltIn">
<msg time="2024-04-07T03:14:44.982741" level="INFO">{'gender': 'male', 'name': {'title': 'Mr', 'first': 'Faraj', 'last': 'Pai'}, 'location': {'street': {'number': 1219, 'name': 'Raviwar Peth'}, 'city': 'Rajahmundry', 'state': 'Jammu and Kashmir', 'country': 'India', 'postcode': 49216, 'coordinates': {'latitude': '9.3051', 'longitude': '-112.3460'}, 'timezone': {'offset': '-4:00', 'description': 'Atlantic Time (Canada), Caracas, La Paz'}}, 'email': 'faraj.pai@example.com', 'login': {'uuid': '6a41cc66-6d2d-48c5-bff7-75751f667572', 'username': 'whitekoala499', 'password': 'warner', 'salt': 'BZjZIVuC', 'md5': 'cad68cd500a25fd88b6a464620cc0ffd', 'sha1': 'a8c96a6d4b5324c00204ef95e74aa43ed734e6e7', 'sha256': '8173ee72c0c3c60fabc6f07976997383a1742694c98a558bc99e4e26463ee9da'}, 'dob': {'date': '1964-10-18T13:55:57.800Z', 'age': 59}, 'registered': {'date': '2012-02-22T15:03:12.366Z', 'age': 12}, 'phone': '7943434103', 'cell': '7041702063', 'id': {'name': 'UIDAI', 'value': '796294421606'}, 'picture': {'large': 'https://randomuser.me/api/portraits/men/34.jpg', 'medium': 'https://randomuser.me/api/portraits/med/men/34.jpg', 'thumbnail': 'https://randomuser.me/api/portraits/thumb/men/34.jpg'}, 'nat': 'IN'}</msg>
<arg>${json_data['results'][0]}</arg>
<doc>Logs the given message with the given level.</doc>
<status status="PASS" start="2024-04-07T03:14:44.982364" elapsed="0.000429"/>
</kw>
<kw name="Log" owner="BuiltIn">
<msg time="2024-04-07T03:14:44.983214" level="INFO">location</msg>
<arg>${key}</arg>
<doc>Logs the given message with the given level.</doc>
<status status="PASS" start="2024-04-07T03:14:44.983087" elapsed="0.000164"/>
</kw>
<var name="${key}">location</var>
<status status="PASS" start="2024-04-07T03:14:44.981516" elapsed="0.001946"/>
</iter>
<iter>
<kw name="Dictionary Should Contain Key" owner="Collections">
<msg time="2024-04-07T03:14:44.984121" level="INFO">False</msg>
<arg>${json_data['results'][0]}</arg>
<arg>${key}</arg>
<doc>Fails if ``key`` is not found from ``dictionary``.</doc>
<status status="PASS" start="2024-04-07T03:14:44.983742" elapsed="0.000416"/>
</kw>
<kw name="Log" owner="BuiltIn">
<msg time="2024-04-07T03:14:44.984810" level="INFO">{'gender': 'male', 'name': {'title': 'Mr', 'first': 'Faraj', 'last': 'Pai'}, 'location': {'street': {'number': 1219, 'name': 'Raviwar Peth'}, 'city': 'Rajahmundry', 'state': 'Jammu and Kashmir', 'country': 'India', 'postcode': 49216, 'coordinates': {'latitude': '9.3051', 'longitude': '-112.3460'}, 'timezone': {'offset': '-4:00', 'description': 'Atlantic Time (Canada), Caracas, La Paz'}}, 'email': 'faraj.pai@example.com', 'login': {'uuid': '6a41cc66-6d2d-48c5-bff7-75751f667572', 'username': 'whitekoala499', 'password': 'warner', 'salt': 'BZjZIVuC', 'md5': 'cad68cd500a25fd88b6a464620cc0ffd', 'sha1': 'a8c96a6d4b5324c00204ef95e74aa43ed734e6e7', 'sha256': '8173ee72c0c3c60fabc6f07976997383a1742694c98a558bc99e4e26463ee9da'}, 'dob': {'date': '1964-10-18T13:55:57.800Z', 'age': 59}, 'registered': {'date': '2012-02-22T15:03:12.366Z', 'age': 12}, 'phone': '7943434103', 'cell': '7041702063', 'id': {'name': 'UIDAI', 'value': '796294421606'}, 'picture': {'large': 'https://randomuser.me/api/portraits/men/34.jpg', 'medium': 'https://randomuser.me/api/portraits/med/men/34.jpg', 'thumbnail': 'https://randomuser.me/api/portraits/thumb/men/34.jpg'}, 'nat': 'IN'}</msg>
<arg>${json_data['results'][0]}</arg>
<doc>Logs the given message with the given level.</doc>
<status status="PASS" start="2024-04-07T03:14:44.984451" elapsed="0.000406"/>
</kw>
<kw name="Log" owner="BuiltIn">
<msg time="2024-04-07T03:14:44.985272" level="INFO">email</msg>
<arg>${key}</arg>
<doc>Logs the given message with the given level.</doc>
<status status="PASS" start="2024-04-07T03:14:44.985146" elapsed="0.000163"/>
</kw>
<var name="${key}">email</var>
<status status="PASS" start="2024-04-07T03:14:44.983632" elapsed="0.001887"/>
</iter>
<iter>
<kw name="Dictionary Should Contain Key" owner="Collections">
<msg time="2024-04-07T03:14:44.986175" level="INFO">False</msg>
<arg>${json_data['results'][0]}</arg>
<arg>${key}</arg>
<doc>Fails if ``key`` is not found from ``dictionary``.</doc>
<status status="PASS" start="2024-04-07T03:14:44.985804" elapsed="0.000407"/>
</kw>
<kw name="Log" owner="BuiltIn">
<msg time="2024-04-07T03:14:44.986902" level="INFO">{'gender': 'male', 'name': {'title': 'Mr', 'first': 'Faraj', 'last': 'Pai'}, 'location': {'street': {'number': 1219, 'name': 'Raviwar Peth'}, 'city': 'Rajahmundry', 'state': 'Jammu and Kashmir', 'country': 'India', 'postcode': 49216, 'coordinates': {'latitude': '9.3051', 'longitude': '-112.3460'}, 'timezone': {'offset': '-4:00', 'description': 'Atlantic Time (Canada), Caracas, La Paz'}}, 'email': 'faraj.pai@example.com', 'login': {'uuid': '6a41cc66-6d2d-48c5-bff7-75751f667572', 'username': 'whitekoala499', 'password': 'warner', 'salt': 'BZjZIVuC', 'md5': 'cad68cd500a25fd88b6a464620cc0ffd', 'sha1': 'a8c96a6d4b5324c00204ef95e74aa43ed734e6e7', 'sha256': '8173ee72c0c3c60fabc6f07976997383a1742694c98a558bc99e4e26463ee9da'}, 'dob': {'date': '1964-10-18T13:55:57.800Z', 'age': 59}, 'registered': {'date': '2012-02-22T15:03:12.366Z', 'age': 12}, 'phone': '7943434103', 'cell': '7041702063', 'id': {'name': 'UIDAI', 'value': '796294421606'}, 'picture': {'large': 'https://randomuser.me/api/portraits/men/34.jpg', 'medium': 'https://randomuser.me/api/portraits/med/men/34.jpg', 'thumbnail': 'https://randomuser.me/api/portraits/thumb/men/34.jpg'}, 'nat': 'IN'}</msg>
<arg>${json_data['results'][0]}</arg>
<doc>Logs the given message with the given level.</doc>
<status status="PASS" start="2024-04-07T03:14:44.986530" elapsed="0.000418"/>
</kw>
<kw name="Log" owner="BuiltIn">
<msg time="2024-04-07T03:14:44.987364" level="INFO">login</msg>
<arg>${key}</arg>
<doc>Logs the given message with the given level.</doc>
<status status="PASS" start="2024-04-07T03:14:44.987239" elapsed="0.000265"/>
</kw>
<var name="${key}">login</var>
<status status="PASS" start="2024-04-07T03:14:44.985689" elapsed="0.002060"/>
</iter>
<var>${key}</var>
<value>@{expected_keys}</value>
<status status="PASS" start="2024-04-07T03:14:44.977028" elapsed="0.010848"/>
</for>
<kw name="Create List" owner="BuiltIn">
<msg time="2024-04-07T03:14:44.988208" level="INFO">${expected_keysTwo} = ['username', 'password']</msg>
<var>${expected_keysTwo}</var>
<arg>username</arg>
<arg>password</arg>
<doc>Returns a list containing given items.</doc>
<status status="PASS" start="2024-04-07T03:14:44.988071" elapsed="0.000161"/>
</kw>
<for flavor="IN">
<iter>
<kw name="Dictionary Should Contain Key" owner="Collections">
<msg time="2024-04-07T03:14:44.989100" level="INFO">False</msg>
<arg>${json_data['results'][0]['login']}</arg>
<arg>${keyTwo}</arg>
<doc>Fails if ``key`` is not found from ``dictionary``.</doc>
<status status="PASS" start="2024-04-07T03:14:44.988727" elapsed="0.000409"/>
</kw>
<kw name="Dictionary Should Contain Key" owner="Collections">
<msg time="2024-04-07T03:14:44.989828" level="INFO">False</msg>
<arg>${json_data['results'][0]['login']}</arg>
<arg>${keyTwo}</arg>
<doc>Fails if ``key`` is not found from ``dictionary``.</doc>
<status status="PASS" start="2024-04-07T03:14:44.989427" elapsed="0.000437"/>
</kw>
<kw name="Log" owner="BuiltIn">
<msg time="2024-04-07T03:14:44.990287" level="INFO">username</msg>
<arg>${keyTwo}</arg>
<doc>Logs the given message with the given level.</doc>
<status status="PASS" start="2024-04-07T03:14:44.990158" elapsed="0.000166"/>
</kw>
<var name="${keyTwo}">username</var>
<status status="PASS" start="2024-04-07T03:14:44.988615" elapsed="0.001970"/>
</iter>
<iter>
<kw name="Dictionary Should Contain Key" owner="Collections">
<msg time="2024-04-07T03:14:44.991241" level="INFO">False</msg>
<arg>${json_data['results'][0]['login']}</arg>
<arg>${keyTwo}</arg>
<doc>Fails if ``key`` is not found from ``dictionary``.</doc>
<status status="PASS" start="2024-04-07T03:14:44.990866" elapsed="0.000412"/>
</kw>
<kw name="Dictionary Should Contain Key" owner="Collections">
<msg time="2024-04-07T03:14:44.991944" level="INFO">False</msg>
<arg>${json_data['results'][0]['login']}</arg>
<arg>${keyTwo}</arg>
<doc>Fails if ``key`` is not found from ``dictionary``.</doc>
<status status="PASS" start="2024-04-07T03:14:44.991569" elapsed="0.000410"/>
</kw>
<kw name="Log" owner="BuiltIn">
<msg time="2024-04-07T03:14:44.992396" level="INFO">password</msg>
<arg>${keyTwo}</arg>
<doc>Logs the given message with the given level.</doc>
<status status="PASS" start="2024-04-07T03:14:44.992269" elapsed="0.000164"/>
</kw>
<var name="${keyTwo}">password</var>
<status status="PASS" start="2024-04-07T03:14:44.990756" elapsed="0.001890"/>
</iter>
<var>${keyTwo}</var>
<value>@{expected_keysTwo}</value>
<status status="PASS" start="2024-04-07T03:14:44.988466" elapsed="0.004300"/>
</for>
<status status="PASS" start="2024-04-07T03:14:44.939080" elapsed="0.053823"/>
</kw>
<doc>Testa a estrutura da resposta da API.</doc>
<tag>testeEstruturaResposta</tag>
<status status="PASS" start="2024-04-07T03:14:44.938490" elapsed="0.054562"/>
</test>
<test id="s1-s1-t4" name="Validar tipos de dados" line="28">
<kw name="Teste de Tipos de Dados" owner="random-user-service">
<kw name="GET On Session" owner="RequestsLibrary">
<msg time="2024-04-07T03:14:45.072933" level="INFO">GET Request : url=https://randomuser.me/api 
 path_url=/api 
 headers={'User-Agent': 'python-requests/2.31.0', 'Accept-Encoding': 'gzip, deflate', 'Accept': '*/*', 'Connection': 'keep-alive'} 
 body=None 
 </msg>
<msg time="2024-04-07T03:14:45.073008" level="INFO">GET Response : url=https://randomuser.me/api 
 status=200, reason=OK 
 headers={'Date': 'Sun, 07 Apr 2024 03:14:45 GMT', 'Content-Type': 'application/json; charset=utf-8', 'Transfer-Encoding': 'chunked', 'Connection': 'keep-alive', 'X-Powered-By': 'Express', 'Access-Control-Allow-Origin': '*', 'Cache-Control': 'no-cache', 'ETag': 'W/"48a-MTB3ZuZqkUmArcTtgwQgSb/pRow"', 'Vary': 'Accept-Encoding', 'Content-Encoding': 'gzip', 'CF-Cache-Status': 'DYNAMIC', 'Report-To': '{"endpoints":[{"url":"https:\\/\\/a.nel.cloudflare.com\\/report\\/v4?s=uff2kjuXHgtb5FmdXhAo9WjENHAbuYqY88U02YRMxyUcQOTxOGbbvdPNlpqoiZa%2BV80Axpbl%2BQoVwqYGvTPRoqwmz9%2FdGbsj5Zly6hu%2Bga%2FwGZaDq754o4xzMB4oOBB%2F"}],"group":"cf-nel","max_age":604800}', 'NEL': '{"success_fraction":0,"report_to":"cf-nel","max_age":604800}', 'Server': 'cloudflare', 'CF-RAY': '8706d9673ad36fc1-IAD', 'alt-svc': 'h3=":443"; ma=86400'} 
 body={"results":[{"gender":"female","name":{"title":"Miss","first":"Grace","last":"Fisher"},"location":{"street":{"number":1725,"name":"Park Road"},"city":"Tralee","state":"Fingal","country":"Ireland","postcode":78368,"coordinates":{"latitude":"-2.1282","longitude":"10.0005"},"timezone":{"offset":"-4:00","description":"Atlantic Time (Canada), Caracas, La Paz"}},"email":"grace.fisher@example.com","login":{"uuid":"64142ae4-cc69-4ec7-80e1-93221080016a","username":"bigmeercat300","password":"tiny","salt":"XzJ4VEaa","md5":"c9e4c5cc3feeb3acf7ea93a222af4c0a","sha1":"153dd9b0381f36554b7731e5a98fa72790f3df64","sha256":"6a12ed14af0b93623db3a57f046a81aa02c2eb8109183ec6afddb10b91ad676f"},"dob":{"date":"1952-11-08T11:18:10.342Z","age":71},"registered":{"date":"2005-12-21T12:53:34.109Z","age":18},"phone":"011-500-0367","cell":"081-470-7327","id":{"name":"PPS","value":"9683028T"},"picture":{"large":"https://randomuser.me/api/portraits/women/10.jpg","medium":"https://randomuser.me/api/portraits/med/women/10.jpg","thumbnail":"https://randomuser.me/api/portraits/thumb/women/10.jpg"},"nat":"IE"}],"info":{"seed":"9454767b5ca54e95","results":1,"page":1,"version":"1.4"}} 
 </msg>
<msg time="2024-04-07T03:14:45.073072" level="INFO">/opt/hostedtoolcache/Python/3.12.2/x64/lib/python3.12/site-packages/urllib3/connectionpool.py:1103: InsecureRequestWarning: Unverified HTTPS request is being made to host 'randomuser.me'. Adding certificate verification is strongly advised. See: https://urllib3.readthedocs.io/en/latest/advanced-usage.html#tls-warnings
  warnings.warn(</msg>
<msg time="2024-04-07T03:14:45.073165" level="INFO">${response} = &lt;Response [200]&gt;</msg>
<var>${response}</var>
<arg>consultarAPI</arg>
<arg>/api</arg>
<doc>Sends a GET request on a previously created HTTP Session.</doc>
<status status="PASS" start="2024-04-07T03:14:44.995465" elapsed="0.077741"/>
</kw>
<kw name="Set Variable" owner="BuiltIn">
<msg time="2024-04-07T03:14:45.074240" level="INFO">${json_data} = {'results': [{'gender': 'female', 'name': {'title': 'Miss', 'first': 'Grace', 'last': 'Fisher'}, 'location': {'street': {'number': 1725, 'name': 'Park Road'}, 'city': 'Tralee', 'state': 'Fingal', 'cou...</msg>
<var>${json_data}</var>
<arg>${response.json()}</arg>
<doc>Returns the given values which can then be assigned to a variables.</doc>
<status status="PASS" start="2024-04-07T03:14:45.073656" elapsed="0.000613"/>
</kw>
<kw name="Log" owner="BuiltIn">
<msg time="2024-04-07T03:14:45.074895" level="INFO">{'results': [{'gender': 'female', 'name': {'title': 'Miss', 'first': 'Grace', 'last': 'Fisher'}, 'location': {'street': {'number': 1725, 'name': 'Park Road'}, 'city': 'Tralee', 'state': 'Fingal', 'country': 'Ireland', 'postcode': 78368, 'coordinates': {'latitude': '-2.1282', 'longitude': '10.0005'}, 'timezone': {'offset': '-4:00', 'description': 'Atlantic Time (Canada), Caracas, La Paz'}}, 'email': 'grace.fisher@example.com', 'login': {'uuid': '64142ae4-cc69-4ec7-80e1-93221080016a', 'username': 'bigmeercat300', 'password': 'tiny', 'salt': 'XzJ4VEaa', 'md5': 'c9e4c5cc3feeb3acf7ea93a222af4c0a', 'sha1': '153dd9b0381f36554b7731e5a98fa72790f3df64', 'sha256': '6a12ed14af0b93623db3a57f046a81aa02c2eb8109183ec6afddb10b91ad676f'}, 'dob': {'date': '1952-11-08T11:18:10.342Z', 'age': 71}, 'registered': {'date': '2005-12-21T12:53:34.109Z', 'age': 18}, 'phone': '011-500-0367', 'cell': '081-470-7327', 'id': {'name': 'PPS', 'value': '9683028T'}, 'picture': {'large': 'https://randomuser.me/api/portraits/women/10.jpg', 'medium': 'https://randomuser.me/api/portraits/med/women/10.jpg', 'thumbnail': 'https://randomuser.me/api/portraits/thumb/women/10.jpg'}, 'nat': 'IE'}], 'info': {'seed': '9454767b5ca54e95', 'results': 1, 'page': 1, 'version': '1.4'}}</msg>
<arg>${json_data}</arg>
<doc>Logs the given message with the given level.</doc>
<status status="PASS" start="2024-04-07T03:14:45.074721" elapsed="0.000254"/>
</kw>
<kw name="Should Be String" owner="String">
<arg>${json_data['results'][0]['gender']}</arg>
<doc>Fails if the given ``item`` is not a string.</doc>
<status status="PASS" start="2024-04-07T03:14:45.075279" elapsed="0.000362"/>
</kw>
<kw name="Should Match Regexp" owner="BuiltIn">
<arg>${json_data['results'][0]['email']}</arg>
<arg>^[a-zA-Z0-9._%+-]+@[a-zA-Z0-9.-]+\.[a-zA-Z]{2,}$</arg>
<doc>Fails if ``string`` does not match ``pattern`` as a regular expression.</doc>
<status status="PASS" start="2024-04-07T03:14:45.075832" elapsed="0.000505"/>
</kw>
<kw name="Should Match Regexp" owner="BuiltIn">
<arg>${json_data['results'][0]['dob']['date']}</arg>
<arg>\\d{4}-\\d{2}-\\d{2}T\\d{2}:\\d{2}:\\d{2}\\.\\d{3}Z</arg>
<doc>Fails if ``string`` does not match ``pattern`` as a regular expression.</doc>
<status status="PASS" start="2024-04-07T03:14:45.076534" elapsed="0.000486"/>
</kw>
<kw name="Should Match Regexp" owner="BuiltIn">
<arg>${json_data['results'][0]['registered']['date']}</arg>
<arg>\\d{4}-\\d{2}-\\d{2}T\\d{2}:\\d{2}:\\d{2}\\.\\d{3}Z</arg>
<doc>Fails if ``string`` does not match ``pattern`` as a regular expression.</doc>
<status status="PASS" start="2024-04-07T03:14:45.077212" elapsed="0.000365"/>
</kw>
<kw name="Should Match Regexp" owner="BuiltIn">
<arg>${json_data['results'][0]['picture']['large']}</arg>
<arg>^https?://.*\.(?:png|jpe?g|gif|bmp)$</arg>
<doc>Fails if ``string`` does not match ``pattern`` as a regular expression.</doc>
<status status="PASS" start="2024-04-07T03:14:45.077761" elapsed="0.000451"/>
</kw>
<kw name="Should Match Regexp" owner="BuiltIn">
<arg>${json_data['results'][0]['picture']['medium']}</arg>
<arg>^https?://.*\.(?:png|jpe?g|gif|bmp)$</arg>
<doc>Fails if ``string`` does not match ``pattern`` as a regular expression.</doc>
<status status="PASS" start="2024-04-07T03:14:45.078432" elapsed="0.000363"/>
</kw>
<kw name="Should Match Regexp" owner="BuiltIn">
<arg>${json_data['results'][0]['picture']['thumbnail']}</arg>
<arg>^https?://.*\.(?:png|jpe?g|gif|bmp)$</arg>
<doc>Fails if ``string`` does not match ``pattern`` as a regular expression.</doc>
<status status="PASS" start="2024-04-07T03:14:45.078977" elapsed="0.000357"/>
</kw>
<kw name="Log" owner="BuiltIn">
<msg time="2024-04-07T03:14:45.079880" level="INFO">{'large': 'https://randomuser.me/api/portraits/women/10.jpg', 'medium': 'https://randomuser.me/api/portraits/med/women/10.jpg', 'thumbnail': 'https://randomuser.me/api/portraits/thumb/women/10.jpg'}</msg>
<arg>${json_data['results'][0]['picture']}</arg>
<doc>Logs the given message with the given level.</doc>
<status status="PASS" start="2024-04-07T03:14:45.079547" elapsed="0.000374"/>
</kw>
<status status="PASS" start="2024-04-07T03:14:44.995239" elapsed="0.084936"/>
</kw>
<kw name="Teste de Tipos de Dados - Postcode" owner="random-user-service">
<kw name="GET On Session" owner="RequestsLibrary">
<msg time="2024-04-07T03:14:45.170689" level="INFO">GET Request : url=https://randomuser.me/api 
 path_url=/api 
 headers={'User-Agent': 'python-requests/2.31.0', 'Accept-Encoding': 'gzip, deflate', 'Accept': '*/*', 'Connection': 'keep-alive'} 
 body=None 
 </msg>
<msg time="2024-04-07T03:14:45.170774" level="INFO">GET Response : url=https://randomuser.me/api 
 status=200, reason=OK 
 headers={'Date': 'Sun, 07 Apr 2024 03:14:45 GMT', 'Content-Type': 'application/json; charset=utf-8', 'Transfer-Encoding': 'chunked', 'Connection': 'keep-alive', 'X-Powered-By': 'Express', 'Access-Control-Allow-Origin': '*', 'Cache-Control': 'no-cache', 'ETag': 'W/"488-BwmD8gfMbovqtR2PXoWmWQBJrH4"', 'Vary': 'Accept-Encoding', 'Content-Encoding': 'gzip', 'CF-Cache-Status': 'DYNAMIC', 'Report-To': '{"endpoints":[{"url":"https:\\/\\/a.nel.cloudflare.com\\/report\\/v4?s=d97NxStIeXtchDla7ZVIzVKYt6JxH5pcmwerTbrMf5lHIkX3Ya0itWQj11aVn8%2FSiW79xBqu1s6gb07kth8R2cAPMAMpS1yrqWcugjnwR0bjmLJ8EY2d1QCeL64dCeOp"}],"group":"cf-nel","max_age":604800}', 'NEL': '{"success_fraction":0,"report_to":"cf-nel","max_age":604800}', 'Server': 'cloudflare', 'CF-RAY': '8706d967cb3d6fc1-IAD', 'alt-svc': 'h3=":443"; ma=86400'} 
 body={"results":[{"gender":"female","name":{"title":"Mrs","first":"Jasmina","last":"Ilić"},"location":{"street":{"number":6318,"name":"Uzelčeva"},"city":"Apatin","state":"Kosovska Mitrovica","country":"Serbia","postcode":13672,"coordinates":{"latitude":"57.1431","longitude":"147.7969"},"timezone":{"offset":"-12:00","description":"Eniwetok, Kwajalein"}},"email":"jasmina.ilic@example.com","login":{"uuid":"53a0ae04-0e44-4a38-8385-b19c88e835be","username":"goldenostrich195","password":"kimmie","salt":"3rtOoHHm","md5":"37d13935eb7372c58fadba98334767ab","sha1":"f124392d8a1148b9cdfcf272d7676f7cd5f1a857","sha256":"518d1be855fea41b89ee4d8fe39bc10c60292c778d707ae16d7f32948f362705"},"dob":{"date":"1976-10-03T08:03:46.315Z","age":47},"registered":{"date":"2017-08-24T16:27:56.108Z","age":6},"phone":"029-5237-905","cell":"069-1915-386","id":{"name":"SID","value":"705683198"},"picture":{"large":"https://randomuser.me/api/portraits/women/51.jpg","medium":"https://randomuser.me/api/portraits/med/women/51.jpg","thumbnail":"https://randomuser.me/api/portraits/thumb/women/51.jpg"},"nat":"RS"}],"info":{"seed":"b81ede459ad5f14d","results":1,"page":1,"version":"1.4"}} 
 </msg>
<msg time="2024-04-07T03:14:45.170864" level="INFO">/opt/hostedtoolcache/Python/3.12.2/x64/lib/python3.12/site-packages/urllib3/connectionpool.py:1103: InsecureRequestWarning: Unverified HTTPS request is being made to host 'randomuser.me'. Adding certificate verification is strongly advised. See: https://urllib3.readthedocs.io/en/latest/advanced-usage.html#tls-warnings
  warnings.warn(</msg>
<msg time="2024-04-07T03:14:45.170977" level="INFO">${response} = &lt;Response [200]&gt;</msg>
<var>${response}</var>
<arg>consultarAPI</arg>
<arg>/api</arg>
<doc>Sends a GET request on a previously created HTTP Session.</doc>
<status status="PASS" start="2024-04-07T03:14:45.080717" elapsed="0.090314"/>
</kw>
<kw name="Set Variable" owner="BuiltIn">
<msg time="2024-04-07T03:14:45.172120" level="INFO">${json_data} = {'results': [{'gender': 'female', 'name': {'title': 'Mrs', 'first': 'Jasmina', 'last': 'Ilić'}, 'location': {'street': {'number': 6318, 'name': 'Uzelčeva'}, 'city': 'Apatin', 'state': 'Kosovska Mitrov...</msg>
<var>${json_data}</var>
<arg>${response.json()}</arg>
<doc>Returns the given values which can then be assigned to a variables.</doc>
<status status="PASS" start="2024-04-07T03:14:45.171554" elapsed="0.000597"/>
</kw>
<kw name="Log" owner="BuiltIn">
<msg time="2024-04-07T03:14:45.172620" level="INFO">{'results': [{'gender': 'female', 'name': {'title': 'Mrs', 'first': 'Jasmina', 'last': 'Ilić'}, 'location': {'street': {'number': 6318, 'name': 'Uzelčeva'}, 'city': 'Apatin', 'state': 'Kosovska Mitrovica', 'country': 'Serbia', 'postcode': 13672, 'coordinates': {'latitude': '57.1431', 'longitude': '147.7969'}, 'timezone': {'offset': '-12:00', 'description': 'Eniwetok, Kwajalein'}}, 'email': 'jasmina.ilic@example.com', 'login': {'uuid': '53a0ae04-0e44-4a38-8385-b19c88e835be', 'username': 'goldenostrich195', 'password': 'kimmie', 'salt': '3rtOoHHm', 'md5': '37d13935eb7372c58fadba98334767ab', 'sha1': 'f124392d8a1148b9cdfcf272d7676f7cd5f1a857', 'sha256': '518d1be855fea41b89ee4d8fe39bc10c60292c778d707ae16d7f32948f362705'}, 'dob': {'date': '1976-10-03T08:03:46.315Z', 'age': 47}, 'registered': {'date': '2017-08-24T16:27:56.108Z', 'age': 6}, 'phone': '029-5237-905', 'cell': '069-1915-386', 'id': {'name': 'SID', 'value': '705683198'}, 'picture': {'large': 'https://randomuser.me/api/portraits/women/51.jpg', 'medium': 'https://randomuser.me/api/portraits/med/women/51.jpg', 'thumbnail': 'https://randomuser.me/api/portraits/thumb/women/51.jpg'}, 'nat': 'RS'}], 'info': {'seed': 'b81ede459ad5f14d', 'results': 1, 'page': 1, 'version': '1.4'}}</msg>
<arg>${json_data}</arg>
<doc>Logs the given message with the given level.</doc>
<status status="PASS" start="2024-04-07T03:14:45.172463" elapsed="0.000237"/>
</kw>
<kw name="Should Be Equal As Numbers" owner="BuiltIn">
<arg>${json_data['results'][0]['location']['postcode']}</arg>
<arg>${json_data['results'][0]['location']['postcode']}</arg>
<doc>Fails if objects are unequal after converting them to real numbers.</doc>
<status status="PASS" start="2024-04-07T03:14:45.173004" elapsed="0.000619"/>
</kw>
<kw name="Log" owner="BuiltIn">
<msg time="2024-04-07T03:14:45.174145" level="INFO">13672</msg>
<arg>${json_data['results'][0]['location']['postcode']}</arg>
<doc>Logs the given message with the given level.</doc>
<status status="PASS" start="2024-04-07T03:14:45.173812" elapsed="0.000372"/>
</kw>
<status status="PASS" start="2024-04-07T03:14:45.080385" elapsed="0.094090"/>
</kw>
<doc>Testa se os tipos de dados na resposta da API estão corretos.</doc>
<tag>testeTiposDados</tag>
<status status="PASS" start="2024-04-07T03:14:44.994827" elapsed="0.179812"/>
</test>
<test id="s1-s1-t5" name="Validar conteudo" line="35">
<kw name="Teste de Tipos de Conteudo" owner="random-user-service">
<kw name="GET On Session" owner="RequestsLibrary">
<msg time="2024-04-07T03:14:45.275786" level="INFO">GET Request : url=https://randomuser.me/api 
 path_url=/api 
 headers={'User-Agent': 'python-requests/2.31.0', 'Accept-Encoding': 'gzip, deflate', 'Accept': '*/*', 'Connection': 'keep-alive'} 
 body=None 
 </msg>
<msg time="2024-04-07T03:14:45.275870" level="INFO">GET Response : url=https://randomuser.me/api 
 status=200, reason=OK 
 headers={'Date': 'Sun, 07 Apr 2024 03:14:45 GMT', 'Content-Type': 'application/json; charset=utf-8', 'Transfer-Encoding': 'chunked', 'Connection': 'keep-alive', 'X-Powered-By': 'Express', 'Access-Control-Allow-Origin': '*', 'Cache-Control': 'no-cache', 'ETag': 'W/"47e-q28+otXfOLXYniX1RCeKwrTDaLs"', 'Vary': 'Accept-Encoding', 'Content-Encoding': 'gzip', 'CF-Cache-Status': 'DYNAMIC', 'Report-To': '{"endpoints":[{"url":"https:\\/\\/a.nel.cloudflare.com\\/report\\/v4?s=EVX9qio90VNuvK5HhNpUg4DtKeSjtaWSzlkVGmMpsMjczaEJ0MWLjzHjcCqdJLS3y%2F%2FfFT9jfrV8Aju7QIvfzrjoUYBZBlbKud57xQ%2Bsit%2BJ3O6Pvq2B373kuOywO4bx"}],"group":"cf-nel","max_age":604800}', 'NEL': '{"success_fraction":0,"report_to":"cf-nel","max_age":604800}', 'Server': 'cloudflare', 'CF-RAY': '8706d9685bbf6fc1-IAD', 'alt-svc': 'h3=":443"; ma=86400'} 
 body={"results":[{"gender":"male","name":{"title":"Mr","first":"Estevão","last":"Rocha"},"location":{"street":{"number":6553,"name":"Rua Onze "},"city":"Betim","state":"Bahia","country":"Brazil","postcode":59951,"coordinates":{"latitude":"-72.9052","longitude":"-0.2661"},"timezone":{"offset":"+6:00","description":"Almaty, Dhaka, Colombo"}},"email":"estevao.rocha@example.com","login":{"uuid":"5dca6128-7e2d-4eee-a9ac-138ef3316954","username":"purplerabbit191","password":"marie1","salt":"B5k2656A","md5":"ff7a451d997a79e9b38a3cecbc090723","sha1":"66cd1dcfa13ec6bd6f5b48266ecc70bb49983f49","sha256":"cf296f908120349925de721dece6e6f1a1ab089bec19d0e2ca7a91cc51f39379"},"dob":{"date":"1956-04-09T23:46:21.249Z","age":67},"registered":{"date":"2012-08-31T18:24:16.595Z","age":11},"phone":"(92) 2145-3266","cell":"(86) 8443-5850","id":{"name":"CPF","value":"032.354.697-90"},"picture":{"large":"https://randomuser.me/api/portraits/men/88.jpg","medium":"https://randomuser.me/api/portraits/med/men/88.jpg","thumbnail":"https://randomuser.me/api/portraits/thumb/men/88.jpg"},"nat":"BR"}],"info":{"seed":"308d6574ac629b90","results":1,"page":1,"version":"1.4"}} 
 </msg>
<msg time="2024-04-07T03:14:45.275943" level="INFO">/opt/hostedtoolcache/Python/3.12.2/x64/lib/python3.12/site-packages/urllib3/connectionpool.py:1103: InsecureRequestWarning: Unverified HTTPS request is being made to host 'randomuser.me'. Adding certificate verification is strongly advised. See: https://urllib3.readthedocs.io/en/latest/advanced-usage.html#tls-warnings
  warnings.warn(</msg>
<msg time="2024-04-07T03:14:45.276063" level="INFO">${response} = &lt;Response [200]&gt;</msg>
<var>${response}</var>
<arg>consultarAPI</arg>
<arg>/api</arg>
<doc>Sends a GET request on a previously created HTTP Session.</doc>
<status status="PASS" start="2024-04-07T03:14:45.177096" elapsed="0.099022"/>
</kw>
<kw name="Set Variable" owner="BuiltIn">
<msg time="2024-04-07T03:14:45.277208" level="INFO">${json_data} = {'results': [{'gender': 'male', 'name': {'title': 'Mr', 'first': 'Estevão', 'last': 'Rocha'}, 'location': {'street': {'number': 6553, 'name': 'Rua Onze '}, 'city': 'Betim', 'state': 'Bahia', 'country'...</msg>
<var>${json_data}</var>
<arg>${response.json()}</arg>
<doc>Returns the given values which can then be assigned to a variables.</doc>
<status status="PASS" start="2024-04-07T03:14:45.276654" elapsed="0.000583"/>
</kw>
<kw name="Set Variable" owner="BuiltIn">
<msg time="2024-04-07T03:14:45.277922" level="INFO">${name_title} = Mr</msg>
<var>${name_title}</var>
<arg>${json_data["results"][0]["name"]["title"]}</arg>
<doc>Returns the given values which can then be assigned to a variables.</doc>
<status status="PASS" start="2024-04-07T03:14:45.277541" elapsed="0.000407"/>
</kw>
<kw name="Create List" owner="BuiltIn">
<msg time="2024-04-07T03:14:45.278431" level="INFO">${allowed_titles} = ['Mr', 'Ms', 'Miss', 'Mrs', 'Madame', 'Monsieur']</msg>
<var>${allowed_titles}</var>
<arg>Mr</arg>
<arg>Ms</arg>
<arg>Miss</arg>
<arg>Mrs</arg>
<arg>Madame</arg>
<arg>Monsieur</arg>
<doc>Returns a list containing given items.</doc>
<status status="PASS" start="2024-04-07T03:14:45.278243" elapsed="0.000214"/>
</kw>
<kw name="List Should Contain Value" owner="Collections">
<msg time="2024-04-07T03:14:45.278928" level="INFO">False</msg>
<arg>${allowed_titles}</arg>
<arg>${name_title}</arg>
<doc>Fails if the ``value`` is not found from ``list``.</doc>
<status status="PASS" start="2024-04-07T03:14:45.278761" elapsed="0.000203"/>
</kw>
<kw name="Set Variable" owner="BuiltIn">
<msg time="2024-04-07T03:14:45.279639" level="INFO">${name_country} = BR</msg>
<var>${name_country}</var>
<arg>${json_data["results"][0]["nat"]}</arg>
<doc>Returns the given values which can then be assigned to a variables.</doc>
<status status="PASS" start="2024-04-07T03:14:45.279255" elapsed="0.000409"/>
</kw>
<kw name="Create List" owner="BuiltIn">
<msg time="2024-04-07T03:14:45.280567" level="INFO">${list_country} = ['AD', 'AE', 'AF', 'AG', 'AI', 'AL', 'AM', 'AO', 'AQ', 'AR', 'AS', 'AT', 'AU', 'AW', 'AX', 'AZ', 'BA', 'BB', 'BD', 'BE', 'BF', 'BG', 'BH', 'BI', 'BJ', 'BL', 'BM', 'BN', 'BO', 'BQ', 'BR', 'BS', 'BT', '...</msg>
<var>${list_country}</var>
<arg>AD</arg>
<arg>AE</arg>
<arg>AF</arg>
<arg>AG</arg>
<arg>AI</arg>
<arg>AL</arg>
<arg>AM</arg>
<arg>AO</arg>
<arg>AQ</arg>
<arg>AR</arg>
<arg>AS</arg>
<arg>AT</arg>
<arg>AU</arg>
<arg>AW</arg>
<arg>AX</arg>
<arg>AZ</arg>
<arg>BA</arg>
<arg>BB</arg>
<arg>BD</arg>
<arg>BE</arg>
<arg>BF</arg>
<arg>BG</arg>
<arg>BH</arg>
<arg>BI</arg>
<arg>BJ</arg>
<arg>BL</arg>
<arg>BM</arg>
<arg>BN</arg>
<arg>BO</arg>
<arg>BQ</arg>
<arg>BR</arg>
<arg>BS</arg>
<arg>BT</arg>
<arg>BV</arg>
<arg>BW</arg>
<arg>BY</arg>
<arg>BZ</arg>
<arg>CA</arg>
<arg>CC</arg>
<arg>CD</arg>
<arg>CF</arg>
<arg>CG</arg>
<arg>CH</arg>
<arg>CI</arg>
<arg>CK</arg>
<arg>CL</arg>
<arg>CM</arg>
<arg>CN</arg>
<arg>CO</arg>
<arg>CR</arg>
<arg>CU</arg>
<arg>CV</arg>
<arg>CW</arg>
<arg>CX</arg>
<arg>CY</arg>
<arg>CZ</arg>
<arg>DE</arg>
<arg>DJ</arg>
<arg>DK</arg>
<arg>DM</arg>
<arg>DO</arg>
<arg>DZ</arg>
<arg>EC</arg>
<arg>EE</arg>
<arg>EG</arg>
<arg>EH</arg>
<arg>ER</arg>
<arg>ES</arg>
<arg>ET</arg>
<arg>FI</arg>
<arg>FJ</arg>
<arg>FK</arg>
<arg>FM</arg>
<arg>FO</arg>
<arg>FR</arg>
<arg>GA</arg>
<arg>GB</arg>
<arg>GD</arg>
<arg>GE</arg>
<arg>GF</arg>
<arg>GG</arg>
<arg>GH</arg>
<arg>GI</arg>
<arg>GL</arg>
<arg>GM</arg>
<arg>GN</arg>
<arg>GP</arg>
<arg>GQ</arg>
<arg>GR</arg>
<arg>GS</arg>
<arg>GT</arg>
<arg>GU</arg>
<arg>GW</arg>
<arg>GY</arg>
<arg>HK</arg>
<arg>HM</arg>
<arg>HN</arg>
<arg>HR</arg>
<arg>HT</arg>
<arg>HU</arg>
<arg>ID</arg>
<arg>IE</arg>
<arg>IL</arg>
<arg>IM</arg>
<arg>IN</arg>
<arg>IO</arg>
<arg>IQ</arg>
<arg>IR</arg>
<arg>IS</arg>
<arg>IT</arg>
<arg>JE</arg>
<arg>JM</arg>
<arg>JO</arg>
<arg>JP</arg>
<arg>KE</arg>
<arg>KG</arg>
<arg>KH</arg>
<arg>KI</arg>
<arg>KM</arg>
<arg>KN</arg>
<arg>KP</arg>
<arg>KR</arg>
<arg>KW</arg>
<arg>KY</arg>
<arg>KZ</arg>
<arg>LA</arg>
<arg>LB</arg>
<arg>LC</arg>
<arg>LI</arg>
<arg>LK</arg>
<arg>LR</arg>
<arg>LS</arg>
<arg>LT</arg>
<arg>LU</arg>
<arg>LV</arg>
<arg>LY</arg>
<arg>MA</arg>
<arg>MC</arg>
<arg>MD</arg>
<arg>ME</arg>
<arg>MF</arg>
<arg>MG</arg>
<arg>MH</arg>
<arg>MK</arg>
<arg>ML</arg>
<arg>MM</arg>
<arg>MN</arg>
<arg>MO</arg>
<arg>MP</arg>
<arg>MQ</arg>
<arg>MR</arg>
<arg>MS</arg>
<arg>MT</arg>
<arg>MU</arg>
<arg>MV</arg>
<arg>MW</arg>
<arg>MX</arg>
<arg>MY</arg>
<arg>MZ</arg>
<arg>NA</arg>
<arg>NC</arg>
<arg>NE</arg>
<arg>NF</arg>
<arg>NG</arg>
<arg>NI</arg>
<arg>NL</arg>
<arg>NO</arg>
<arg>NP</arg>
<arg>NR</arg>
<arg>NU</arg>
<arg>NZ</arg>
<arg>OM</arg>
<arg>PA</arg>
<arg>PE</arg>
<arg>PF</arg>
<arg>PG</arg>
<arg>PH</arg>
<arg>PK</arg>
<arg>PL</arg>
<arg>PM</arg>
<arg>PN</arg>
<arg>PR</arg>
<arg>PS</arg>
<arg>PT</arg>
<arg>PW</arg>
<arg>PY</arg>
<arg>QA</arg>
<arg>RE</arg>
<arg>RO</arg>
<arg>RS</arg>
<arg>RU</arg>
<arg>RW</arg>
<arg>SA</arg>
<arg>SB</arg>
<arg>SC</arg>
<arg>SD</arg>
<arg>SE</arg>
<arg>SG</arg>
<arg>SH</arg>
<arg>SI</arg>
<arg>SJ</arg>
<arg>SK</arg>
<arg>SL</arg>
<arg>SM</arg>
<arg>SN</arg>
<arg>SO</arg>
<arg>SR</arg>
<arg>SS</arg>
<arg>ST</arg>
<arg>SV</arg>
<arg>SX</arg>
<arg>SY</arg>
<arg>SZ</arg>
<arg>TC</arg>
<arg>TD</arg>
<arg>TF</arg>
<arg>TG</arg>
<arg>TH</arg>
<arg>TJ</arg>
<arg>TK</arg>
<arg>TL</arg>
<arg>TM</arg>
<arg>TN</arg>
<arg>TO</arg>
<arg>TR</arg>
<arg>TT</arg>
<arg>TV</arg>
<arg>TW</arg>
<arg>TZ</arg>
<arg>UA</arg>
<arg>UG</arg>
<arg>UM</arg>
<arg>US</arg>
<arg>UY</arg>
<arg>UZ</arg>
<arg>VA</arg>
<arg>VC</arg>
<arg>VE</arg>
<arg>VG</arg>
<arg>VI</arg>
<arg>VN</arg>
<arg>VU</arg>
<arg>WF</arg>
<arg>WS</arg>
<arg>XK</arg>
<arg>YE</arg>
<arg>YT</arg>
<arg>ZA</arg>
<arg>ZM</arg>
<arg>ZW</arg>
<doc>Returns a list containing given items.</doc>
<status status="PASS" start="2024-04-07T03:14:45.279967" elapsed="0.000625"/>
</kw>
<kw name="List Should Contain Value" owner="Collections">
<msg time="2024-04-07T03:14:45.281669" level="INFO">False</msg>
<arg>${list_country}</arg>
<arg>${name_country}</arg>
<doc>Fails if the ``value`` is not found from ``list``.</doc>
<status status="PASS" start="2024-04-07T03:14:45.281465" elapsed="0.000242"/>
</kw>
<kw name="Run Keyword If" owner="BuiltIn">
<kw name="Should Be True" owner="BuiltIn">
<arg>${True}</arg>
<doc>Fails if the given condition is not true.</doc>
<status status="PASS" start="2024-04-07T03:14:45.282792" elapsed="0.000146"/>
</kw>
<arg>${json_data["results"][0]["location"]["coordinates"]["latitude"]} &gt;= -90 and ${json_data["results"][0]["location"]["coordinates"]["latitude"]} &lt;= 90</arg>
<arg>Should Be True</arg>
<arg>${True}</arg>
<doc>Runs the given keyword with the given arguments, if ``condition`` is true.</doc>
<status status="PASS" start="2024-04-07T03:14:45.282015" elapsed="0.001052"/>
</kw>
<kw name="Run Keyword If" owner="BuiltIn">
<kw name="Should Be True" owner="BuiltIn">
<arg>${True}</arg>
<doc>Fails if the given condition is not true.</doc>
<status status="PASS" start="2024-04-07T03:14:45.283944" elapsed="0.000138"/>
</kw>
<arg>${json_data["results"][0]["location"]["coordinates"]["longitude"]} &gt;= -180 and ${json_data["results"][0]["location"]["coordinates"]["longitude"]} &lt;= 180</arg>
<arg>Should Be True</arg>
<arg>${True}</arg>
<doc>Runs the given keyword with the given arguments, if ``condition`` is true.</doc>
<status status="PASS" start="2024-04-07T03:14:45.283252" elapsed="0.000953"/>
</kw>
<status status="PASS" start="2024-04-07T03:14:45.176876" elapsed="0.107454"/>
</kw>
<doc>Testa o conteúdo específico dos campos retornados pela API.</doc>
<tag>testeConteudo</tag>
<status status="PASS" start="2024-04-07T03:14:45.176372" elapsed="0.108102"/>
</test>
<status status="PASS" start="2024-04-07T03:14:44.392685" elapsed="0.893700"/>
</suite>
<status status="PASS" start="2024-04-07T03:14:44.379303" elapsed="0.913536"/>
</suite>
<statistics>
<total>
<stat pass="5" fail="0" skip="0">All Tests</stat>
</total>
<tag>
<stat pass="1" fail="0" skip="0">testeConteudo</stat>
<stat pass="1" fail="0" skip="0">testeEstruturaResposta</stat>
<stat pass="1" fail="0" skip="0">testeRequisicaoBasica</stat>
<stat pass="1" fail="0" skip="0">testeTiposDados</stat>
</tag>
<suite>
<stat pass="5" fail="0" skip="0" id="s1" name="Tests">Tests</stat>
<stat pass="5" fail="0" skip="0" id="s1-s1" name="Random-User-Test">Tests.Random-User-Test</stat>
</suite>
</statistics>
<errors>
</errors>
</robot>
