<?xml version="1.0" encoding="UTF-8"?>
<robot generator="Robot 7.0.1 (Python 3.12.4 on linux)" generated="2024-07-28T16:18:55.084616" rpa="false" schemaversion="5">
<suite id="s1" name="Tests" source="/home/runner/work/ApiRandomUser/ApiRandomUser/RamdonUser/tests">
<suite id="s1-s1" name="Random-User-Test" source="/home/runner/work/ApiRandomUser/ApiRandomUser/RamdonUser/tests/random-user-test.robot">
<test id="s1-s1-t1" name="Conectar" line="13">
<kw name="Conectar API" owner="random-user-service">
<kw name="Create Session" owner="RequestsLibrary">
<msg time="2024-07-28T16:18:55.493374" level="INFO">Creating Session using : alias=consultarAPI, url=https://randomuser.me/, headers={},                     cookies={}, auth=None, timeout=None, proxies=None, verify=False,                     debug=0 </msg>
<arg>consultarAPI</arg>
<arg>${URL}</arg>
<doc>Create Session: create a HTTP session to a server</doc>
<status status="PASS" start="2024-07-28T16:18:55.493163" elapsed="0.000413"/>
</kw>
<status status="PASS" start="2024-07-28T16:18:55.492076" elapsed="0.001874"/>
</kw>
<status status="PASS" start="2024-07-28T16:18:55.491400" elapsed="0.002750"/>
</test>
<test id="s1-s1-t2" name="Validar retorno 200 e JSON Válido" line="16">
<kw name="Teste de Requisicao Basica" owner="random-user-service">
<kw name="GET On Session" owner="RequestsLibrary">
<msg time="2024-07-28T16:18:55.635712" level="INFO">GET Request : url=https://randomuser.me/api 
 path_url=/api 
 headers={'User-Agent': 'python-requests/2.32.3', 'Accept-Encoding': 'gzip, deflate', 'Accept': '*/*', 'Connection': 'keep-alive'} 
 body=None 
 </msg>
<msg time="2024-07-28T16:18:55.635905" level="INFO">GET Response : url=https://randomuser.me/api 
 status=200, reason=OK 
 headers={'Date': 'Sun, 28 Jul 2024 16:18:55 GMT', 'Content-Type': 'application/json; charset=utf-8', 'Transfer-Encoding': 'chunked', 'Connection': 'keep-alive', 'X-Powered-By': 'Express', 'Access-Control-Allow-Origin': '*', 'Cache-Control': 'no-cache', 'ETag': 'W/"4ba-94rB/R4En0ttVP1e2qIZ2m+e6pU"', 'Vary': 'Accept-Encoding', 'Content-Encoding': 'gzip', 'CF-Cache-Status': 'DYNAMIC', 'Report-To': '{"endpoints":[{"url":"https:\\/\\/a.nel.cloudflare.com\\/report\\/v4?s=hd6TO8Ja1g26zz0hBePpLTABD1nPK5cYqe9eLjAXqFNBU7%2FT67aZUEVFJdDs49QGS7%2FfCUltthWV414Y%2B28ai7CYGsr%2FCy3IHwcQWS%2By3HRfjmDYZCB2d%2FI1gQVMIVVW"}],"group":"cf-nel","max_age":604800}', 'NEL': '{"success_fraction":0,"report_to":"cf-nel","max_age":604800}', 'Server': 'cloudflare', 'CF-RAY': '8aa6301929597e2d-SJC', 'alt-svc': 'h3=":443"; ma=86400'} 
 body={"results":[{"gender":"female","name":{"title":"Ms","first":"Maëlle","last":"Dupuis"},"location":{"street":{"number":8205,"name":"Rue de L'Abbé-Soulange-Bodin"},"city":"Besançon","state":"Maine-et-Loire","country":"France","postcode":32543,"coordinates":{"latitude":"-15.5694","longitude":"106.0321"},"timezone":{"offset":"-6:00","description":"Central Time (US &amp; Canada), Mexico City"}},"email":"maelle.dupuis@example.com","login":{"uuid":"b4d3d929-4e57-461c-9cc1-665be3ca27bb","username":"biggorilla488","password":"sheba1","salt":"6vCzeW2U","md5":"f487009385bb11cd22486249bb6aea78","sha1":"a180e324f568da1507574391347a8a8fa228cbad","sha256":"5a81399eebd8d05a45c972151b28e691c8f35b57002bfaa55c17b1fd17ce8580"},"dob":{"date":"1962-07-12T15:37:42.214Z","age":62},"registered":{"date":"2016-09-15T07:07:03.080Z","age":7},"phone":"02-76-14-76-95","cell":"06-21-06-66-44","id":{"name":"INSEE","value":"2620639257417 97"},"picture":{"large":"https://randomuser.me/api/portraits/women/86.jpg","medium":"https://randomuser.me/api/portraits/med/women/86.jpg","thumbnail":"https://randomuser.me/api/portraits/thumb/women/86.jpg"},"nat":"FR"}],"info":{"seed":"5c8b69c14c041812","results":1,"page":1,"version":"1.4"}} 
 </msg>
<msg time="2024-07-28T16:18:55.636008" level="INFO">/opt/hostedtoolcache/Python/3.12.4/x64/lib/python3.12/site-packages/urllib3/connectionpool.py:1099: InsecureRequestWarning: Unverified HTTPS request is being made to host 'randomuser.me'. Adding certificate verification is strongly advised. See: https://urllib3.readthedocs.io/en/latest/advanced-usage.html#tls-warnings
  warnings.warn(</msg>
<msg time="2024-07-28T16:18:55.636200" level="INFO">${response} = &lt;Response [200]&gt;</msg>
<var>${response}</var>
<arg>consultarAPI</arg>
<arg>/api</arg>
<doc>Sends a GET request on a previously created HTTP Session.</doc>
<status status="PASS" start="2024-07-28T16:18:55.496885" elapsed="0.139361"/>
</kw>
<kw name="Should Be Equal As Numbers" owner="BuiltIn">
<msg time="2024-07-28T16:18:55.637294" level="INFO">Argument types are:
&lt;class 'int'&gt;
&lt;class 'str'&gt;</msg>
<arg>${response.status_code}</arg>
<arg>200</arg>
<doc>Fails if objects are unequal after converting them to real numbers.</doc>
<status status="PASS" start="2024-07-28T16:18:55.636806" elapsed="0.000554"/>
</kw>
<kw name="Log" owner="BuiltIn">
<msg time="2024-07-28T16:18:55.638035" level="INFO">200</msg>
<arg>${response.status_code}</arg>
<doc>Logs the given message with the given level.</doc>
<status status="PASS" start="2024-07-28T16:18:55.637681" elapsed="0.000396"/>
</kw>
<kw name="Set Variable" owner="BuiltIn">
<msg time="2024-07-28T16:18:55.638876" level="INFO">${json_data} = {'results': [{'gender': 'female', 'name': {'title': 'Ms', 'first': 'Maëlle', 'last': 'Dupuis'}, 'location': {'street': {'number': 8205, 'name': "Rue de L'Abbé-Soulange-Bodin"}, 'city': 'Besançon', 'st...</msg>
<var>${json_data}</var>
<arg>${response.json()}</arg>
<doc>Returns the given values which can then be assigned to a variables.</doc>
<status status="PASS" start="2024-07-28T16:18:55.638384" elapsed="0.000522"/>
</kw>
<kw name="Dictionary Should Contain Key" owner="Collections">
<arg>${json_data}</arg>
<arg>results</arg>
<doc>Fails if ``key`` is not found from ``dictionary``.</doc>
<status status="PASS" start="2024-07-28T16:18:55.639222" elapsed="0.000342"/>
</kw>
<status status="PASS" start="2024-07-28T16:18:55.496629" elapsed="0.143091"/>
</kw>
<doc>Testa se a API responde corretamente e retorna um objeto JSON válido.</doc>
<tag>testeRequisicaoBasica</tag>
<status status="PASS" start="2024-07-28T16:18:55.496072" elapsed="0.143826"/>
</test>
<test id="s1-s1-t3" name="Validar estrutura de resposta" line="22">
<kw name="Teste de Estrutura de Resposta" owner="random-user-service">
<kw name="GET On Session" owner="RequestsLibrary">
<msg time="2024-07-28T16:18:55.736355" level="INFO">GET Request : url=https://randomuser.me/api 
 path_url=/api 
 headers={'User-Agent': 'python-requests/2.32.3', 'Accept-Encoding': 'gzip, deflate', 'Accept': '*/*', 'Connection': 'keep-alive'} 
 body=None 
 </msg>
<msg time="2024-07-28T16:18:55.736459" level="INFO">GET Response : url=https://randomuser.me/api 
 status=200, reason=OK 
 headers={'Date': 'Sun, 28 Jul 2024 16:18:55 GMT', 'Content-Type': 'application/json; charset=utf-8', 'Transfer-Encoding': 'chunked', 'Connection': 'keep-alive', 'X-Powered-By': 'Express', 'Access-Control-Allow-Origin': '*', 'Cache-Control': 'no-cache', 'ETag': 'W/"46e-dizIhXF4u+OGsxEmwelMGLieZ0Q"', 'Vary': 'Accept-Encoding', 'Content-Encoding': 'gzip', 'CF-Cache-Status': 'DYNAMIC', 'Report-To': '{"endpoints":[{"url":"https:\\/\\/a.nel.cloudflare.com\\/report\\/v4?s=Lpw8oRcXB5Zq2jdxmTqgGoE%2BYKl5iCVJLAfV9pBhR0Md6IPQNIWwm%2BhW%2BNsHes9U1Iks7OBGmI2plpN8r4tIDVNrIjrRurMgjhVOR9%2BMgVFZevtXBC5gYsjl4VM%2FExqq"}],"group":"cf-nel","max_age":604800}', 'NEL': '{"success_fraction":0,"report_to":"cf-nel","max_age":604800}', 'Server': 'cloudflare', 'CF-RAY': '8aa63019c9dc7e2d-SJC', 'alt-svc': 'h3=":443"; ma=86400'} 
 body={"results":[{"gender":"male","name":{"title":"Mr","first":"Jeremy","last":"Roy"},"location":{"street":{"number":9043,"name":"Peel St"},"city":"Dorchester","state":"Saskatchewan","country":"Canada","postcode":"E6Q 5A5","coordinates":{"latitude":"-69.0571","longitude":"-99.7467"},"timezone":{"offset":"-2:00","description":"Mid-Atlantic"}},"email":"jeremy.roy@example.com","login":{"uuid":"7c5eb4e7-b6f1-43a1-a2c6-ded195ac8986","username":"smallgorilla852","password":"blast","salt":"Sy8hoOgj","md5":"3057a4744f24d856f28101ef0b3069cf","sha1":"0c13d810e2126787e727dac2c176582350ec45c1","sha256":"4fa12364f9ec609e1ed8ccbb93eebefcc63abb3ac99e3ceb74ce883e7a6adcc2"},"dob":{"date":"1997-09-22T13:46:13.630Z","age":26},"registered":{"date":"2019-05-11T11:21:05.839Z","age":5},"phone":"Q36 T55-5491","cell":"D73 M82-2839","id":{"name":"SIN","value":"514843234"},"picture":{"large":"https://randomuser.me/api/portraits/men/8.jpg","medium":"https://randomuser.me/api/portraits/med/men/8.jpg","thumbnail":"https://randomuser.me/api/portraits/thumb/men/8.jpg"},"nat":"CA"}],"info":{"seed":"c4a6fa4abae2711f","results":1,"page":1,"version":"1.4"}} 
 </msg>
<msg time="2024-07-28T16:18:55.736593" level="INFO">/opt/hostedtoolcache/Python/3.12.4/x64/lib/python3.12/site-packages/urllib3/connectionpool.py:1099: InsecureRequestWarning: Unverified HTTPS request is being made to host 'randomuser.me'. Adding certificate verification is strongly advised. See: https://urllib3.readthedocs.io/en/latest/advanced-usage.html#tls-warnings
  warnings.warn(</msg>
<msg time="2024-07-28T16:18:55.736749" level="INFO">${response} = &lt;Response [200]&gt;</msg>
<var>${response}</var>
<arg>consultarAPI</arg>
<arg>/api</arg>
<doc>Sends a GET request on a previously created HTTP Session.</doc>
<status status="PASS" start="2024-07-28T16:18:55.642543" elapsed="0.094240"/>
</kw>
<kw name="Set Variable" owner="BuiltIn">
<msg time="2024-07-28T16:18:55.737807" level="INFO">${json_data} = {'results': [{'gender': 'male', 'name': {'title': 'Mr', 'first': 'Jeremy', 'last': 'Roy'}, 'location': {'street': {'number': 9043, 'name': 'Peel St'}, 'city': 'Dorchester', 'state': 'Saskatchewan', 'c...</msg>
<var>${json_data}</var>
<arg>${response.json()}</arg>
<doc>Returns the given values which can then be assigned to a variables.</doc>
<status status="PASS" start="2024-07-28T16:18:55.737279" elapsed="0.000558"/>
</kw>
<kw name="Log" owner="BuiltIn">
<msg time="2024-07-28T16:18:55.738318" level="INFO">{'results': [{'gender': 'male', 'name': {'title': 'Mr', 'first': 'Jeremy', 'last': 'Roy'}, 'location': {'street': {'number': 9043, 'name': 'Peel St'}, 'city': 'Dorchester', 'state': 'Saskatchewan', 'country': 'Canada', 'postcode': 'E6Q 5A5', 'coordinates': {'latitude': '-69.0571', 'longitude': '-99.7467'}, 'timezone': {'offset': '-2:00', 'description': 'Mid-Atlantic'}}, 'email': 'jeremy.roy@example.com', 'login': {'uuid': '7c5eb4e7-b6f1-43a1-a2c6-ded195ac8986', 'username': 'smallgorilla852', 'password': 'blast', 'salt': 'Sy8hoOgj', 'md5': '3057a4744f24d856f28101ef0b3069cf', 'sha1': '0c13d810e2126787e727dac2c176582350ec45c1', 'sha256': '4fa12364f9ec609e1ed8ccbb93eebefcc63abb3ac99e3ceb74ce883e7a6adcc2'}, 'dob': {'date': '1997-09-22T13:46:13.630Z', 'age': 26}, 'registered': {'date': '2019-05-11T11:21:05.839Z', 'age': 5}, 'phone': 'Q36 T55-5491', 'cell': 'D73 M82-2839', 'id': {'name': 'SIN', 'value': '514843234'}, 'picture': {'large': 'https://randomuser.me/api/portraits/men/8.jpg', 'medium': 'https://randomuser.me/api/portraits/med/men/8.jpg', 'thumbnail': 'https://randomuser.me/api/portraits/thumb/men/8.jpg'}, 'nat': 'CA'}], 'info': {'seed': 'c4a6fa4abae2711f', 'results': 1, 'page': 1, 'version': '1.4'}}</msg>
<arg>${json_data}</arg>
<doc>Logs the given message with the given level.</doc>
<status status="PASS" start="2024-07-28T16:18:55.738148" elapsed="0.000219"/>
</kw>
<kw name="Dictionary Should Contain Key" owner="Collections">
<arg>${json_data}</arg>
<arg>results</arg>
<doc>Fails if ``key`` is not found from ``dictionary``.</doc>
<status status="PASS" start="2024-07-28T16:18:55.738714" elapsed="0.000169"/>
</kw>
<kw name="Should Not Be Empty" owner="BuiltIn">
<msg time="2024-07-28T16:18:55.739204" level="INFO">Length is 2.</msg>
<arg>${json_data}</arg>
<doc>Verifies that the given item is not empty.</doc>
<status status="PASS" start="2024-07-28T16:18:55.739071" elapsed="0.000172"/>
</kw>
<kw name="Create List" owner="BuiltIn">
<msg time="2024-07-28T16:18:55.739691" level="INFO">${expected_keys} = ['gender', 'name', 'location', 'email', 'login']</msg>
<var>${expected_keys}</var>
<arg>gender</arg>
<arg>name</arg>
<arg>location</arg>
<arg>email</arg>
<arg>login</arg>
<doc>Returns a list containing given items.</doc>
<status status="PASS" start="2024-07-28T16:18:55.739532" elapsed="0.000183"/>
</kw>
<for flavor="IN">
<iter>
<kw name="Dictionary Should Contain Key" owner="Collections">
<arg>${json_data['results'][0]}</arg>
<arg>${key}</arg>
<doc>Fails if ``key`` is not found from ``dictionary``.</doc>
<status status="PASS" start="2024-07-28T16:18:55.740328" elapsed="0.000489"/>
</kw>
<kw name="Log" owner="BuiltIn">
<msg time="2024-07-28T16:18:55.741435" level="INFO">{'gender': 'male', 'name': {'title': 'Mr', 'first': 'Jeremy', 'last': 'Roy'}, 'location': {'street': {'number': 9043, 'name': 'Peel St'}, 'city': 'Dorchester', 'state': 'Saskatchewan', 'country': 'Canada', 'postcode': 'E6Q 5A5', 'coordinates': {'latitude': '-69.0571', 'longitude': '-99.7467'}, 'timezone': {'offset': '-2:00', 'description': 'Mid-Atlantic'}}, 'email': 'jeremy.roy@example.com', 'login': {'uuid': '7c5eb4e7-b6f1-43a1-a2c6-ded195ac8986', 'username': 'smallgorilla852', 'password': 'blast', 'salt': 'Sy8hoOgj', 'md5': '3057a4744f24d856f28101ef0b3069cf', 'sha1': '0c13d810e2126787e727dac2c176582350ec45c1', 'sha256': '4fa12364f9ec609e1ed8ccbb93eebefcc63abb3ac99e3ceb74ce883e7a6adcc2'}, 'dob': {'date': '1997-09-22T13:46:13.630Z', 'age': 26}, 'registered': {'date': '2019-05-11T11:21:05.839Z', 'age': 5}, 'phone': 'Q36 T55-5491', 'cell': 'D73 M82-2839', 'id': {'name': 'SIN', 'value': '514843234'}, 'picture': {'large': 'https://randomuser.me/api/portraits/men/8.jpg', 'medium': 'https://randomuser.me/api/portraits/med/men/8.jpg', 'thumbnail': 'https://randomuser.me/api/portraits/thumb/men/8.jpg'}, 'nat': 'CA'}</msg>
<arg>${json_data['results'][0]}</arg>
<doc>Logs the given message with the given level.</doc>
<status status="PASS" start="2024-07-28T16:18:55.741049" elapsed="0.000436"/>
</kw>
<kw name="Log" owner="BuiltIn">
<msg time="2024-07-28T16:18:55.741921" level="INFO">gender</msg>
<arg>${key}</arg>
<doc>Logs the given message with the given level.</doc>
<status status="PASS" start="2024-07-28T16:18:55.741790" elapsed="0.000169"/>
</kw>
<var name="${key}">gender</var>
<status status="PASS" start="2024-07-28T16:18:55.740185" elapsed="0.001991"/>
</iter>
<iter>
<kw name="Dictionary Should Contain Key" owner="Collections">
<arg>${json_data['results'][0]}</arg>
<arg>${key}</arg>
<doc>Fails if ``key`` is not found from ``dictionary``.</doc>
<status status="PASS" start="2024-07-28T16:18:55.742504" elapsed="0.000394"/>
</kw>
<kw name="Log" owner="BuiltIn">
<msg time="2024-07-28T16:18:55.743437" level="INFO">{'gender': 'male', 'name': {'title': 'Mr', 'first': 'Jeremy', 'last': 'Roy'}, 'location': {'street': {'number': 9043, 'name': 'Peel St'}, 'city': 'Dorchester', 'state': 'Saskatchewan', 'country': 'Canada', 'postcode': 'E6Q 5A5', 'coordinates': {'latitude': '-69.0571', 'longitude': '-99.7467'}, 'timezone': {'offset': '-2:00', 'description': 'Mid-Atlantic'}}, 'email': 'jeremy.roy@example.com', 'login': {'uuid': '7c5eb4e7-b6f1-43a1-a2c6-ded195ac8986', 'username': 'smallgorilla852', 'password': 'blast', 'salt': 'Sy8hoOgj', 'md5': '3057a4744f24d856f28101ef0b3069cf', 'sha1': '0c13d810e2126787e727dac2c176582350ec45c1', 'sha256': '4fa12364f9ec609e1ed8ccbb93eebefcc63abb3ac99e3ceb74ce883e7a6adcc2'}, 'dob': {'date': '1997-09-22T13:46:13.630Z', 'age': 26}, 'registered': {'date': '2019-05-11T11:21:05.839Z', 'age': 5}, 'phone': 'Q36 T55-5491', 'cell': 'D73 M82-2839', 'id': {'name': 'SIN', 'value': '514843234'}, 'picture': {'large': 'https://randomuser.me/api/portraits/men/8.jpg', 'medium': 'https://randomuser.me/api/portraits/med/men/8.jpg', 'thumbnail': 'https://randomuser.me/api/portraits/thumb/men/8.jpg'}, 'nat': 'CA'}</msg>
<arg>${json_data['results'][0]}</arg>
<doc>Logs the given message with the given level.</doc>
<status status="PASS" start="2024-07-28T16:18:55.743080" elapsed="0.000451"/>
</kw>
<kw name="Log" owner="BuiltIn">
<msg time="2024-07-28T16:18:55.743956" level="INFO">name</msg>
<arg>${key}</arg>
<doc>Logs the given message with the given level.</doc>
<status status="PASS" start="2024-07-28T16:18:55.743826" elapsed="0.000168"/>
</kw>
<var name="${key}">name</var>
<status status="PASS" start="2024-07-28T16:18:55.742363" elapsed="0.001848"/>
</iter>
<iter>
<kw name="Dictionary Should Contain Key" owner="Collections">
<arg>${json_data['results'][0]}</arg>
<arg>${key}</arg>
<doc>Fails if ``key`` is not found from ``dictionary``.</doc>
<status status="PASS" start="2024-07-28T16:18:55.744494" elapsed="0.000391"/>
</kw>
<kw name="Log" owner="BuiltIn">
<msg time="2024-07-28T16:18:55.745423" level="INFO">{'gender': 'male', 'name': {'title': 'Mr', 'first': 'Jeremy', 'last': 'Roy'}, 'location': {'street': {'number': 9043, 'name': 'Peel St'}, 'city': 'Dorchester', 'state': 'Saskatchewan', 'country': 'Canada', 'postcode': 'E6Q 5A5', 'coordinates': {'latitude': '-69.0571', 'longitude': '-99.7467'}, 'timezone': {'offset': '-2:00', 'description': 'Mid-Atlantic'}}, 'email': 'jeremy.roy@example.com', 'login': {'uuid': '7c5eb4e7-b6f1-43a1-a2c6-ded195ac8986', 'username': 'smallgorilla852', 'password': 'blast', 'salt': 'Sy8hoOgj', 'md5': '3057a4744f24d856f28101ef0b3069cf', 'sha1': '0c13d810e2126787e727dac2c176582350ec45c1', 'sha256': '4fa12364f9ec609e1ed8ccbb93eebefcc63abb3ac99e3ceb74ce883e7a6adcc2'}, 'dob': {'date': '1997-09-22T13:46:13.630Z', 'age': 26}, 'registered': {'date': '2019-05-11T11:21:05.839Z', 'age': 5}, 'phone': 'Q36 T55-5491', 'cell': 'D73 M82-2839', 'id': {'name': 'SIN', 'value': '514843234'}, 'picture': {'large': 'https://randomuser.me/api/portraits/men/8.jpg', 'medium': 'https://randomuser.me/api/portraits/med/men/8.jpg', 'thumbnail': 'https://randomuser.me/api/portraits/thumb/men/8.jpg'}, 'nat': 'CA'}</msg>
<arg>${json_data['results'][0]}</arg>
<doc>Logs the given message with the given level.</doc>
<status status="PASS" start="2024-07-28T16:18:55.745070" elapsed="0.000403"/>
</kw>
<kw name="Log" owner="BuiltIn">
<msg time="2024-07-28T16:18:55.745900" level="INFO">location</msg>
<arg>${key}</arg>
<doc>Logs the given message with the given level.</doc>
<status status="PASS" start="2024-07-28T16:18:55.745772" elapsed="0.000167"/>
</kw>
<var name="${key}">location</var>
<status status="PASS" start="2024-07-28T16:18:55.744389" elapsed="0.001768"/>
</iter>
<iter>
<kw name="Dictionary Should Contain Key" owner="Collections">
<arg>${json_data['results'][0]}</arg>
<arg>${key}</arg>
<doc>Fails if ``key`` is not found from ``dictionary``.</doc>
<status status="PASS" start="2024-07-28T16:18:55.746475" elapsed="0.000392"/>
</kw>
<kw name="Log" owner="BuiltIn">
<msg time="2024-07-28T16:18:55.747533" level="INFO">{'gender': 'male', 'name': {'title': 'Mr', 'first': 'Jeremy', 'last': 'Roy'}, 'location': {'street': {'number': 9043, 'name': 'Peel St'}, 'city': 'Dorchester', 'state': 'Saskatchewan', 'country': 'Canada', 'postcode': 'E6Q 5A5', 'coordinates': {'latitude': '-69.0571', 'longitude': '-99.7467'}, 'timezone': {'offset': '-2:00', 'description': 'Mid-Atlantic'}}, 'email': 'jeremy.roy@example.com', 'login': {'uuid': '7c5eb4e7-b6f1-43a1-a2c6-ded195ac8986', 'username': 'smallgorilla852', 'password': 'blast', 'salt': 'Sy8hoOgj', 'md5': '3057a4744f24d856f28101ef0b3069cf', 'sha1': '0c13d810e2126787e727dac2c176582350ec45c1', 'sha256': '4fa12364f9ec609e1ed8ccbb93eebefcc63abb3ac99e3ceb74ce883e7a6adcc2'}, 'dob': {'date': '1997-09-22T13:46:13.630Z', 'age': 26}, 'registered': {'date': '2019-05-11T11:21:05.839Z', 'age': 5}, 'phone': 'Q36 T55-5491', 'cell': 'D73 M82-2839', 'id': {'name': 'SIN', 'value': '514843234'}, 'picture': {'large': 'https://randomuser.me/api/portraits/men/8.jpg', 'medium': 'https://randomuser.me/api/portraits/med/men/8.jpg', 'thumbnail': 'https://randomuser.me/api/portraits/thumb/men/8.jpg'}, 'nat': 'CA'}</msg>
<arg>${json_data['results'][0]}</arg>
<doc>Logs the given message with the given level.</doc>
<status status="PASS" start="2024-07-28T16:18:55.747176" elapsed="0.000405"/>
</kw>
<kw name="Log" owner="BuiltIn">
<msg time="2024-07-28T16:18:55.748008" level="INFO">email</msg>
<arg>${key}</arg>
<doc>Logs the given message with the given level.</doc>
<status status="PASS" start="2024-07-28T16:18:55.747876" elapsed="0.000172"/>
</kw>
<var name="${key}">email</var>
<status status="PASS" start="2024-07-28T16:18:55.746335" elapsed="0.001928"/>
</iter>
<iter>
<kw name="Dictionary Should Contain Key" owner="Collections">
<arg>${json_data['results'][0]}</arg>
<arg>${key}</arg>
<doc>Fails if ``key`` is not found from ``dictionary``.</doc>
<status status="PASS" start="2024-07-28T16:18:55.748540" elapsed="0.000378"/>
</kw>
<kw name="Log" owner="BuiltIn">
<msg time="2024-07-28T16:18:55.749456" level="INFO">{'gender': 'male', 'name': {'title': 'Mr', 'first': 'Jeremy', 'last': 'Roy'}, 'location': {'street': {'number': 9043, 'name': 'Peel St'}, 'city': 'Dorchester', 'state': 'Saskatchewan', 'country': 'Canada', 'postcode': 'E6Q 5A5', 'coordinates': {'latitude': '-69.0571', 'longitude': '-99.7467'}, 'timezone': {'offset': '-2:00', 'description': 'Mid-Atlantic'}}, 'email': 'jeremy.roy@example.com', 'login': {'uuid': '7c5eb4e7-b6f1-43a1-a2c6-ded195ac8986', 'username': 'smallgorilla852', 'password': 'blast', 'salt': 'Sy8hoOgj', 'md5': '3057a4744f24d856f28101ef0b3069cf', 'sha1': '0c13d810e2126787e727dac2c176582350ec45c1', 'sha256': '4fa12364f9ec609e1ed8ccbb93eebefcc63abb3ac99e3ceb74ce883e7a6adcc2'}, 'dob': {'date': '1997-09-22T13:46:13.630Z', 'age': 26}, 'registered': {'date': '2019-05-11T11:21:05.839Z', 'age': 5}, 'phone': 'Q36 T55-5491', 'cell': 'D73 M82-2839', 'id': {'name': 'SIN', 'value': '514843234'}, 'picture': {'large': 'https://randomuser.me/api/portraits/men/8.jpg', 'medium': 'https://randomuser.me/api/portraits/med/men/8.jpg', 'thumbnail': 'https://randomuser.me/api/portraits/thumb/men/8.jpg'}, 'nat': 'CA'}</msg>
<arg>${json_data['results'][0]}</arg>
<doc>Logs the given message with the given level.</doc>
<status status="PASS" start="2024-07-28T16:18:55.749099" elapsed="0.000405"/>
</kw>
<kw name="Log" owner="BuiltIn">
<msg time="2024-07-28T16:18:55.749923" level="INFO">login</msg>
<arg>${key}</arg>
<doc>Logs the given message with the given level.</doc>
<status status="PASS" start="2024-07-28T16:18:55.749797" elapsed="0.000164"/>
</kw>
<var name="${key}">login</var>
<status status="PASS" start="2024-07-28T16:18:55.748434" elapsed="0.001743"/>
</iter>
<var>${key}</var>
<value>@{expected_keys}</value>
<status status="PASS" start="2024-07-28T16:18:55.739984" elapsed="0.010313"/>
</for>
<kw name="Create List" owner="BuiltIn">
<msg time="2024-07-28T16:18:55.750661" level="INFO">${expected_keysTwo} = ['username', 'password']</msg>
<var>${expected_keysTwo}</var>
<arg>username</arg>
<arg>password</arg>
<doc>Returns a list containing given items.</doc>
<status status="PASS" start="2024-07-28T16:18:55.750521" elapsed="0.000165"/>
</kw>
<for flavor="IN">
<iter>
<kw name="Dictionary Should Contain Key" owner="Collections">
<arg>${json_data['results'][0]['login']}</arg>
<arg>${keyTwo}</arg>
<doc>Fails if ``key`` is not found from ``dictionary``.</doc>
<status status="PASS" start="2024-07-28T16:18:55.751214" elapsed="0.000390"/>
</kw>
<kw name="Dictionary Should Contain Key" owner="Collections">
<arg>${json_data['results'][0]['login']}</arg>
<arg>${keyTwo}</arg>
<doc>Fails if ``key`` is not found from ``dictionary``.</doc>
<status status="PASS" start="2024-07-28T16:18:55.751785" elapsed="0.000374"/>
</kw>
<kw name="Log" owner="BuiltIn">
<msg time="2024-07-28T16:18:55.752461" level="INFO">username</msg>
<arg>${keyTwo}</arg>
<doc>Logs the given message with the given level.</doc>
<status status="PASS" start="2024-07-28T16:18:55.752340" elapsed="0.000158"/>
</kw>
<var name="${keyTwo}">username</var>
<status status="PASS" start="2024-07-28T16:18:55.751105" elapsed="0.001610"/>
</iter>
<iter>
<kw name="Dictionary Should Contain Key" owner="Collections">
<arg>${json_data['results'][0]['login']}</arg>
<arg>${keyTwo}</arg>
<doc>Fails if ``key`` is not found from ``dictionary``.</doc>
<status status="PASS" start="2024-07-28T16:18:55.752995" elapsed="0.000382"/>
</kw>
<kw name="Dictionary Should Contain Key" owner="Collections">
<arg>${json_data['results'][0]['login']}</arg>
<arg>${keyTwo}</arg>
<doc>Fails if ``key`` is not found from ``dictionary``.</doc>
<status status="PASS" start="2024-07-28T16:18:55.753551" elapsed="0.000365"/>
</kw>
<kw name="Log" owner="BuiltIn">
<msg time="2024-07-28T16:18:55.754213" level="INFO">password</msg>
<arg>${keyTwo}</arg>
<doc>Logs the given message with the given level.</doc>
<status status="PASS" start="2024-07-28T16:18:55.754088" elapsed="0.000163"/>
</kw>
<var name="${keyTwo}">password</var>
<status status="PASS" start="2024-07-28T16:18:55.752885" elapsed="0.001621"/>
</iter>
<var>${keyTwo}</var>
<value>@{expected_keysTwo}</value>
<status status="PASS" start="2024-07-28T16:18:55.750951" elapsed="0.003681"/>
</for>
<status status="PASS" start="2024-07-28T16:18:55.642281" elapsed="0.112493"/>
</kw>
<doc>Testa a estrutura da resposta da API.</doc>
<tag>testeEstruturaResposta</tag>
<status status="PASS" start="2024-07-28T16:18:55.641753" elapsed="0.113182"/>
</test>
<test id="s1-s1-t4" name="Validar tipos de dados" line="28">
<kw name="Teste de Tipos de Dados" owner="random-user-service">
<kw name="GET On Session" owner="RequestsLibrary">
<msg time="2024-07-28T16:18:55.848577" level="INFO">GET Request : url=https://randomuser.me/api 
 path_url=/api 
 headers={'User-Agent': 'python-requests/2.32.3', 'Accept-Encoding': 'gzip, deflate', 'Accept': '*/*', 'Connection': 'keep-alive'} 
 body=None 
 </msg>
<msg time="2024-07-28T16:18:55.848677" level="INFO">GET Response : url=https://randomuser.me/api 
 status=200, reason=OK 
 headers={'Date': 'Sun, 28 Jul 2024 16:18:55 GMT', 'Content-Type': 'application/json; charset=utf-8', 'Transfer-Encoding': 'chunked', 'Connection': 'keep-alive', 'X-Powered-By': 'Express', 'Access-Control-Allow-Origin': '*', 'Cache-Control': 'no-cache', 'ETag': 'W/"486-8gemZElprMGmx8sMa7z45D0pgXs"', 'Vary': 'Accept-Encoding', 'Content-Encoding': 'gzip', 'CF-Cache-Status': 'DYNAMIC', 'Report-To': '{"endpoints":[{"url":"https:\\/\\/a.nel.cloudflare.com\\/report\\/v4?s=ipdBxzCKybTsLcuBY5pP4UPz5U2NJgexOHpNggw4Y6ImC5vHMMC569aMWSNKu36w%2FNIM7PIhc2Ys1xYLq8LZ278KCNZWWHGDjSmQUsjrFzsn1LjIaB%2B1DZzpeyQMFcpV"}],"group":"cf-nel","max_age":604800}', 'NEL': '{"success_fraction":0,"report_to":"cf-nel","max_age":604800}', 'Server': 'cloudflare', 'CF-RAY': '8aa6301a7a6e7e2d-SJC', 'alt-svc': 'h3=":443"; ma=86400'} 
 body={"results":[{"gender":"female","name":{"title":"Miss","first":"یاسمین","last":"کوتی"},"location":{"street":{"number":2758,"name":"میدان استقلال"},"city":"شهریار","state":"بوشهر","country":"Iran","postcode":79506,"coordinates":{"latitude":"19.5377","longitude":"132.0440"},"timezone":{"offset":"+5:45","description":"Kathmandu"}},"email":"ysmyn.khwty@example.com","login":{"uuid":"fe4b4a93-c5e7-4dc5-8f99-1240ada0843b","username":"purplebird225","password":"megane","salt":"u6C2VtH8","md5":"05d9a4af0b630f9a8e1cce3518cebf29","sha1":"d8db123193e591524c95119626815d920ec99889","sha256":"711f594710dbb4e4aed2bd8b846e0c3b72f9676655ae61a240edf975726c5ad0"},"dob":{"date":"1959-06-08T03:01:59.401Z","age":65},"registered":{"date":"2003-04-03T19:00:34.261Z","age":21},"phone":"086-05326587","cell":"0928-621-3600","id":{"name":"","value":null},"picture":{"large":"https://randomuser.me/api/portraits/women/66.jpg","medium":"https://randomuser.me/api/portraits/med/women/66.jpg","thumbnail":"https://randomuser.me/api/portraits/thumb/women/66.jpg"},"nat":"IR"}],"info":{"seed":"b5e7e4f6c4eca547","results":1,"page":1,"version":"1.4"}} 
 </msg>
<msg time="2024-07-28T16:18:55.848750" level="INFO">/opt/hostedtoolcache/Python/3.12.4/x64/lib/python3.12/site-packages/urllib3/connectionpool.py:1099: InsecureRequestWarning: Unverified HTTPS request is being made to host 'randomuser.me'. Adding certificate verification is strongly advised. See: https://urllib3.readthedocs.io/en/latest/advanced-usage.html#tls-warnings
  warnings.warn(</msg>
<msg time="2024-07-28T16:18:55.848892" level="INFO">${response} = &lt;Response [200]&gt;</msg>
<var>${response}</var>
<arg>consultarAPI</arg>
<arg>/api</arg>
<doc>Sends a GET request on a previously created HTTP Session.</doc>
<status status="PASS" start="2024-07-28T16:18:55.757465" elapsed="0.091474"/>
</kw>
<kw name="Set Variable" owner="BuiltIn">
<msg time="2024-07-28T16:18:55.850011" level="INFO">${json_data} = {'results': [{'gender': 'female', 'name': {'title': 'Miss', 'first': 'یاسمین', 'last': 'کوتی'}, 'location': {'street': {'number': 2758, 'name': 'میدان استقلال'}, 'city': 'شهریار', 'state': 'بوشهر', 'c...</msg>
<var>${json_data}</var>
<arg>${response.json()}</arg>
<doc>Returns the given values which can then be assigned to a variables.</doc>
<status status="PASS" start="2024-07-28T16:18:55.849476" elapsed="0.000565"/>
</kw>
<kw name="Log" owner="BuiltIn">
<msg time="2024-07-28T16:18:55.850555" level="INFO">{'results': [{'gender': 'female', 'name': {'title': 'Miss', 'first': 'یاسمین', 'last': 'کوتی'}, 'location': {'street': {'number': 2758, 'name': 'میدان استقلال'}, 'city': 'شهریار', 'state': 'بوشهر', 'country': 'Iran', 'postcode': 79506, 'coordinates': {'latitude': '19.5377', 'longitude': '132.0440'}, 'timezone': {'offset': '+5:45', 'description': 'Kathmandu'}}, 'email': 'ysmyn.khwty@example.com', 'login': {'uuid': 'fe4b4a93-c5e7-4dc5-8f99-1240ada0843b', 'username': 'purplebird225', 'password': 'megane', 'salt': 'u6C2VtH8', 'md5': '05d9a4af0b630f9a8e1cce3518cebf29', 'sha1': 'd8db123193e591524c95119626815d920ec99889', 'sha256': '711f594710dbb4e4aed2bd8b846e0c3b72f9676655ae61a240edf975726c5ad0'}, 'dob': {'date': '1959-06-08T03:01:59.401Z', 'age': 65}, 'registered': {'date': '2003-04-03T19:00:34.261Z', 'age': 21}, 'phone': '086-05326587', 'cell': '0928-621-3600', 'id': {'name': '', 'value': None}, 'picture': {'large': 'https://randomuser.me/api/portraits/women/66.jpg', 'medium': 'https://randomuser.me/api/portraits/med/women/66.jpg', 'thumbnail': 'https://randomuser.me/api/portraits/thumb/women/66.jpg'}, 'nat': 'IR'}], 'info': {'seed': 'b5e7e4f6c4eca547', 'results': 1, 'page': 1, 'version': '1.4'}}</msg>
<arg>${json_data}</arg>
<doc>Logs the given message with the given level.</doc>
<status status="PASS" start="2024-07-28T16:18:55.850348" elapsed="0.000260"/>
</kw>
<kw name="Should Be String" owner="String">
<arg>${json_data['results'][0]['gender']}</arg>
<doc>Fails if the given ``item`` is not a string.</doc>
<status status="PASS" start="2024-07-28T16:18:55.850907" elapsed="0.000375"/>
</kw>
<kw name="Should Match Regexp" owner="BuiltIn">
<arg>${json_data['results'][0]['email']}</arg>
<arg>^[a-zA-Z0-9._%+-]+@[a-zA-Z0-9.-]+\.[a-zA-Z]{2,}$</arg>
<doc>Fails if ``string`` does not match ``pattern`` as a regular expression.</doc>
<status status="PASS" start="2024-07-28T16:18:55.851471" elapsed="0.000518"/>
</kw>
<kw name="Should Match Regexp" owner="BuiltIn">
<arg>${json_data['results'][0]['dob']['date']}</arg>
<arg>\\d{4}-\\d{2}-\\d{2}T\\d{2}:\\d{2}:\\d{2}\\.\\d{3}Z</arg>
<doc>Fails if ``string`` does not match ``pattern`` as a regular expression.</doc>
<status status="PASS" start="2024-07-28T16:18:55.852223" elapsed="0.000658"/>
</kw>
<kw name="Should Match Regexp" owner="BuiltIn">
<arg>${json_data['results'][0]['registered']['date']}</arg>
<arg>\\d{4}-\\d{2}-\\d{2}T\\d{2}:\\d{2}:\\d{2}\\.\\d{3}Z</arg>
<doc>Fails if ``string`` does not match ``pattern`` as a regular expression.</doc>
<status status="PASS" start="2024-07-28T16:18:55.853076" elapsed="0.000373"/>
</kw>
<kw name="Should Match Regexp" owner="BuiltIn">
<arg>${json_data['results'][0]['picture']['large']}</arg>
<arg>^https?://.*\.(?:png|jpe?g|gif|bmp)$</arg>
<doc>Fails if ``string`` does not match ``pattern`` as a regular expression.</doc>
<status status="PASS" start="2024-07-28T16:18:55.853639" elapsed="0.000464"/>
</kw>
<kw name="Should Match Regexp" owner="BuiltIn">
<arg>${json_data['results'][0]['picture']['medium']}</arg>
<arg>^https?://.*\.(?:png|jpe?g|gif|bmp)$</arg>
<doc>Fails if ``string`` does not match ``pattern`` as a regular expression.</doc>
<status status="PASS" start="2024-07-28T16:18:55.854292" elapsed="0.000394"/>
</kw>
<kw name="Should Match Regexp" owner="BuiltIn">
<arg>${json_data['results'][0]['picture']['thumbnail']}</arg>
<arg>^https?://.*\.(?:png|jpe?g|gif|bmp)$</arg>
<doc>Fails if ``string`` does not match ``pattern`` as a regular expression.</doc>
<status status="PASS" start="2024-07-28T16:18:55.854877" elapsed="0.000354"/>
</kw>
<kw name="Log" owner="BuiltIn">
<msg time="2024-07-28T16:18:55.855743" level="INFO">{'large': 'https://randomuser.me/api/portraits/women/66.jpg', 'medium': 'https://randomuser.me/api/portraits/med/women/66.jpg', 'thumbnail': 'https://randomuser.me/api/portraits/thumb/women/66.jpg'}</msg>
<arg>${json_data['results'][0]['picture']}</arg>
<doc>Logs the given message with the given level.</doc>
<status status="PASS" start="2024-07-28T16:18:55.855410" elapsed="0.000376"/>
</kw>
<status status="PASS" start="2024-07-28T16:18:55.757241" elapsed="0.098804"/>
</kw>
<kw name="Teste de Tipos de Dados - Postcode" owner="random-user-service">
<kw name="GET On Session" owner="RequestsLibrary">
<msg time="2024-07-28T16:18:55.953955" level="INFO">GET Request : url=https://randomuser.me/api 
 path_url=/api 
 headers={'User-Agent': 'python-requests/2.32.3', 'Accept-Encoding': 'gzip, deflate', 'Accept': '*/*', 'Connection': 'keep-alive'} 
 body=None 
 </msg>
<msg time="2024-07-28T16:18:55.954056" level="INFO">GET Response : url=https://randomuser.me/api 
 status=200, reason=OK 
 headers={'Date': 'Sun, 28 Jul 2024 16:18:55 GMT', 'Content-Type': 'application/json; charset=utf-8', 'Transfer-Encoding': 'chunked', 'Connection': 'keep-alive', 'X-Powered-By': 'Express', 'Access-Control-Allow-Origin': '*', 'Cache-Control': 'no-cache', 'ETag': 'W/"479-vymrv1L4E8CEU5RoW+1Zp258e2w"', 'Vary': 'Accept-Encoding', 'Content-Encoding': 'gzip', 'CF-Cache-Status': 'DYNAMIC', 'Report-To': '{"endpoints":[{"url":"https:\\/\\/a.nel.cloudflare.com\\/report\\/v4?s=5PHkuy228C6e2jrhlhE6I65i%2B7AJXA0V2WENn2c8UZ%2FV%2BlpDCcuIvZ8QFwNoGti5tetITpI%2FD9Vz2GJPkHCoNw5U%2BjSSt9gZey0iZ9tA6SdEFZtAEgsUFEtDBSMGQ133"}],"group":"cf-nel","max_age":604800}', 'NEL': '{"success_fraction":0,"report_to":"cf-nel","max_age":604800}', 'Server': 'cloudflare', 'CF-RAY': '8aa6301b1ae07e2d-SJC', 'alt-svc': 'h3=":443"; ma=86400'} 
 body={"results":[{"gender":"female","name":{"title":"Ms","first":"Emily","last":"Kolstad"},"location":{"street":{"number":3003,"name":"Grønlandsleiret"},"city":"Rød","state":"Description","country":"Norway","postcode":"0032","coordinates":{"latitude":"39.7398","longitude":"28.0711"},"timezone":{"offset":"+6:00","description":"Almaty, Dhaka, Colombo"}},"email":"emily.kolstad@example.com","login":{"uuid":"47cc44a3-07c9-4fff-90e0-1d3e03a1ed64","username":"angrybird836","password":"tiger","salt":"EVL999La","md5":"0c60fb4072d08ca12cfce86a417e3fb2","sha1":"f9573b3011915f158deef91bdb4c53095c7b8f44","sha256":"0da013da50d0a3f25b40e7b908813d3ef6e82592c96c9e28b887f1c8134a7053"},"dob":{"date":"1957-11-26T09:49:26.399Z","age":66},"registered":{"date":"2020-08-07T17:31:24.870Z","age":3},"phone":"36098422","cell":"45649757","id":{"name":"FN","value":"26115716068"},"picture":{"large":"https://randomuser.me/api/portraits/women/1.jpg","medium":"https://randomuser.me/api/portraits/med/women/1.jpg","thumbnail":"https://randomuser.me/api/portraits/thumb/women/1.jpg"},"nat":"NO"}],"info":{"seed":"a8db2007bded95d4","results":1,"page":1,"version":"1.4"}} 
 </msg>
<msg time="2024-07-28T16:18:55.954131" level="INFO">/opt/hostedtoolcache/Python/3.12.4/x64/lib/python3.12/site-packages/urllib3/connectionpool.py:1099: InsecureRequestWarning: Unverified HTTPS request is being made to host 'randomuser.me'. Adding certificate verification is strongly advised. See: https://urllib3.readthedocs.io/en/latest/advanced-usage.html#tls-warnings
  warnings.warn(</msg>
<msg time="2024-07-28T16:18:55.954276" level="INFO">${response} = &lt;Response [200]&gt;</msg>
<var>${response}</var>
<arg>consultarAPI</arg>
<arg>/api</arg>
<doc>Sends a GET request on a previously created HTTP Session.</doc>
<status status="PASS" start="2024-07-28T16:18:55.856515" elapsed="0.097804"/>
</kw>
<kw name="Set Variable" owner="BuiltIn">
<msg time="2024-07-28T16:18:55.955379" level="INFO">${json_data} = {'results': [{'gender': 'female', 'name': {'title': 'Ms', 'first': 'Emily', 'last': 'Kolstad'}, 'location': {'street': {'number': 3003, 'name': 'Grønlandsleiret'}, 'city': 'Rød', 'state': 'Description...</msg>
<var>${json_data}</var>
<arg>${response.json()}</arg>
<doc>Returns the given values which can then be assigned to a variables.</doc>
<status status="PASS" start="2024-07-28T16:18:55.954859" elapsed="0.000552"/>
</kw>
<kw name="Log" owner="BuiltIn">
<msg time="2024-07-28T16:18:55.955903" level="INFO">{'results': [{'gender': 'female', 'name': {'title': 'Ms', 'first': 'Emily', 'last': 'Kolstad'}, 'location': {'street': {'number': 3003, 'name': 'Grønlandsleiret'}, 'city': 'Rød', 'state': 'Description', 'country': 'Norway', 'postcode': '0032', 'coordinates': {'latitude': '39.7398', 'longitude': '28.0711'}, 'timezone': {'offset': '+6:00', 'description': 'Almaty, Dhaka, Colombo'}}, 'email': 'emily.kolstad@example.com', 'login': {'uuid': '47cc44a3-07c9-4fff-90e0-1d3e03a1ed64', 'username': 'angrybird836', 'password': 'tiger', 'salt': 'EVL999La', 'md5': '0c60fb4072d08ca12cfce86a417e3fb2', 'sha1': 'f9573b3011915f158deef91bdb4c53095c7b8f44', 'sha256': '0da013da50d0a3f25b40e7b908813d3ef6e82592c96c9e28b887f1c8134a7053'}, 'dob': {'date': '1957-11-26T09:49:26.399Z', 'age': 66}, 'registered': {'date': '2020-08-07T17:31:24.870Z', 'age': 3}, 'phone': '36098422', 'cell': '45649757', 'id': {'name': 'FN', 'value': '26115716068'}, 'picture': {'large': 'https://randomuser.me/api/portraits/women/1.jpg', 'medium': 'https://randomuser.me/api/portraits/med/women/1.jpg', 'thumbnail': 'https://randomuser.me/api/portraits/thumb/women/1.jpg'}, 'nat': 'NO'}], 'info': {'seed': 'a8db2007bded95d4', 'results': 1, 'page': 1, 'version': '1.4'}}</msg>
<arg>${json_data}</arg>
<doc>Logs the given message with the given level.</doc>
<status status="PASS" start="2024-07-28T16:18:55.955733" elapsed="0.000224"/>
</kw>
<kw name="Should Be Equal As Numbers" owner="BuiltIn">
<arg>${json_data['results'][0]['location']['postcode']}</arg>
<arg>${json_data['results'][0]['location']['postcode']}</arg>
<doc>Fails if objects are unequal after converting them to real numbers.</doc>
<status status="PASS" start="2024-07-28T16:18:55.956262" elapsed="0.000651"/>
</kw>
<kw name="Log" owner="BuiltIn">
<msg time="2024-07-28T16:18:55.957450" level="INFO">0032</msg>
<arg>${json_data['results'][0]['location']['postcode']}</arg>
<doc>Logs the given message with the given level.</doc>
<status status="PASS" start="2024-07-28T16:18:55.957114" elapsed="0.000377"/>
</kw>
<status status="PASS" start="2024-07-28T16:18:55.856277" elapsed="0.101480"/>
</kw>
<doc>Testa se os tipos de dados na resposta da API estão corretos.</doc>
<tag>testeTiposDados</tag>
<status status="PASS" start="2024-07-28T16:18:55.756699" elapsed="0.201267"/>
</test>
<test id="s1-s1-t5" name="Validar conteudo" line="35">
<kw name="Teste de Tipos de Conteudo" owner="random-user-service">
<kw name="GET On Session" owner="RequestsLibrary">
<msg time="2024-07-28T16:18:56.047776" level="INFO">GET Request : url=https://randomuser.me/api 
 path_url=/api 
 headers={'User-Agent': 'python-requests/2.32.3', 'Accept-Encoding': 'gzip, deflate', 'Accept': '*/*', 'Connection': 'keep-alive'} 
 body=None 
 </msg>
<msg time="2024-07-28T16:18:56.047890" level="INFO">GET Response : url=https://randomuser.me/api 
 status=200, reason=OK 
 headers={'Date': 'Sun, 28 Jul 2024 16:18:56 GMT', 'Content-Type': 'application/json; charset=utf-8', 'Transfer-Encoding': 'chunked', 'Connection': 'keep-alive', 'X-Powered-By': 'Express', 'Access-Control-Allow-Origin': '*', 'Cache-Control': 'no-cache', 'ETag': 'W/"48b-STWazgrKtJtioA08uqRa1jM7llM"', 'Vary': 'Accept-Encoding', 'Content-Encoding': 'gzip', 'CF-Cache-Status': 'DYNAMIC', 'Report-To': '{"endpoints":[{"url":"https:\\/\\/a.nel.cloudflare.com\\/report\\/v4?s=Cn6l2oifL4yQqhYhyMzT3nVR9JNoGnmnXITHSAw%2BtTjewbfZDNeizyH7u5oy43qsWwfHSLLxB05RghmycTfhiAMq2DmO5LRR0itsGiIc2IPxg4WLby7GkrbfokmY3ZQP"}],"group":"cf-nel","max_age":604800}', 'NEL': '{"success_fraction":0,"report_to":"cf-nel","max_age":604800}', 'Server': 'cloudflare', 'CF-RAY': '8aa6301bcb7b7e2d-SJC', 'alt-svc': 'h3=":443"; ma=86400'} 
 body={"results":[{"gender":"female","name":{"title":"Ms","first":"Sophia","last":"Jones"},"location":{"street":{"number":866,"name":"Concession Road 23"},"city":"Waterloo","state":"Nunavut","country":"Canada","postcode":"Z4J 9Q2","coordinates":{"latitude":"-72.2817","longitude":"68.2378"},"timezone":{"offset":"+2:00","description":"Kaliningrad, South Africa"}},"email":"sophia.jones@example.com","login":{"uuid":"f7d815f8-46d4-4f24-9ecc-a1e41755de4e","username":"silverostrich180","password":"robot","salt":"z1q7krM6","md5":"f622acecaecec20e4e727092d25351c0","sha1":"bdc6524e32b61a088f0103b131997b354ddc74d7","sha256":"ac178d4d0b9c7cae730eaf553573f63882e6ee7e6ceaf83f48f7a76a2af18285"},"dob":{"date":"1996-12-25T22:37:36.628Z","age":27},"registered":{"date":"2007-09-25T21:34:20.316Z","age":16},"phone":"M33 W93-9883","cell":"N87 B20-3208","id":{"name":"SIN","value":"699069191"},"picture":{"large":"https://randomuser.me/api/portraits/women/7.jpg","medium":"https://randomuser.me/api/portraits/med/women/7.jpg","thumbnail":"https://randomuser.me/api/portraits/thumb/women/7.jpg"},"nat":"CA"}],"info":{"seed":"d2b32436f283f1b8","results":1,"page":1,"version":"1.4"}} 
 </msg>
<msg time="2024-07-28T16:18:56.047962" level="INFO">/opt/hostedtoolcache/Python/3.12.4/x64/lib/python3.12/site-packages/urllib3/connectionpool.py:1099: InsecureRequestWarning: Unverified HTTPS request is being made to host 'randomuser.me'. Adding certificate verification is strongly advised. See: https://urllib3.readthedocs.io/en/latest/advanced-usage.html#tls-warnings
  warnings.warn(</msg>
<msg time="2024-07-28T16:18:56.048106" level="INFO">${response} = &lt;Response [200]&gt;</msg>
<var>${response}</var>
<arg>consultarAPI</arg>
<arg>/api</arg>
<doc>Sends a GET request on a previously created HTTP Session.</doc>
<status status="PASS" start="2024-07-28T16:18:55.960460" elapsed="0.087687"/>
</kw>
<kw name="Set Variable" owner="BuiltIn">
<msg time="2024-07-28T16:18:56.049212" level="INFO">${json_data} = {'results': [{'gender': 'female', 'name': {'title': 'Ms', 'first': 'Sophia', 'last': 'Jones'}, 'location': {'street': {'number': 866, 'name': 'Concession Road 23'}, 'city': 'Waterloo', 'state': 'Nunav...</msg>
<var>${json_data}</var>
<arg>${response.json()}</arg>
<doc>Returns the given values which can then be assigned to a variables.</doc>
<status status="PASS" start="2024-07-28T16:18:56.048683" elapsed="0.000558"/>
</kw>
<kw name="Set Variable" owner="BuiltIn">
<msg time="2024-07-28T16:18:56.049927" level="INFO">${name_title} = Ms</msg>
<var>${name_title}</var>
<arg>${json_data["results"][0]["name"]["title"]}</arg>
<doc>Returns the given values which can then be assigned to a variables.</doc>
<status status="PASS" start="2024-07-28T16:18:56.049546" elapsed="0.000406"/>
</kw>
<kw name="Create List" owner="BuiltIn">
<msg time="2024-07-28T16:18:56.050394" level="INFO">${allowed_titles} = ['Mr', 'Ms', 'Miss', 'Mrs', 'Madame', 'Monsieur']</msg>
<var>${allowed_titles}</var>
<arg>Mr</arg>
<arg>Ms</arg>
<arg>Miss</arg>
<arg>Mrs</arg>
<arg>Madame</arg>
<arg>Monsieur</arg>
<doc>Returns a list containing given items.</doc>
<status status="PASS" start="2024-07-28T16:18:56.050244" elapsed="0.000212"/>
</kw>
<kw name="List Should Contain Value" owner="Collections">
<arg>${allowed_titles}</arg>
<arg>${name_title}</arg>
<doc>Fails if the ``value`` is not found from ``list``.</doc>
<status status="PASS" start="2024-07-28T16:18:56.050776" elapsed="0.000177"/>
</kw>
<kw name="Set Variable" owner="BuiltIn">
<msg time="2024-07-28T16:18:56.051515" level="INFO">${name_country} = CA</msg>
<var>${name_country}</var>
<arg>${json_data["results"][0]["nat"]}</arg>
<doc>Returns the given values which can then be assigned to a variables.</doc>
<status status="PASS" start="2024-07-28T16:18:56.051135" elapsed="0.000406"/>
</kw>
<kw name="Create List" owner="BuiltIn">
<msg time="2024-07-28T16:18:56.052424" level="INFO">${list_country} = ['AD', 'AE', 'AF', 'AG', 'AI', 'AL', 'AM', 'AO', 'AQ', 'AR', 'AS', 'AT', 'AU', 'AW', 'AX', 'AZ', 'BA', 'BB', 'BD', 'BE', 'BF', 'BG', 'BH', 'BI', 'BJ', 'BL', 'BM', 'BN', 'BO', 'BQ', 'BR', 'BS', 'BT', '...</msg>
<var>${list_country}</var>
<arg>AD</arg>
<arg>AE</arg>
<arg>AF</arg>
<arg>AG</arg>
<arg>AI</arg>
<arg>AL</arg>
<arg>AM</arg>
<arg>AO</arg>
<arg>AQ</arg>
<arg>AR</arg>
<arg>AS</arg>
<arg>AT</arg>
<arg>AU</arg>
<arg>AW</arg>
<arg>AX</arg>
<arg>AZ</arg>
<arg>BA</arg>
<arg>BB</arg>
<arg>BD</arg>
<arg>BE</arg>
<arg>BF</arg>
<arg>BG</arg>
<arg>BH</arg>
<arg>BI</arg>
<arg>BJ</arg>
<arg>BL</arg>
<arg>BM</arg>
<arg>BN</arg>
<arg>BO</arg>
<arg>BQ</arg>
<arg>BR</arg>
<arg>BS</arg>
<arg>BT</arg>
<arg>BV</arg>
<arg>BW</arg>
<arg>BY</arg>
<arg>BZ</arg>
<arg>CA</arg>
<arg>CC</arg>
<arg>CD</arg>
<arg>CF</arg>
<arg>CG</arg>
<arg>CH</arg>
<arg>CI</arg>
<arg>CK</arg>
<arg>CL</arg>
<arg>CM</arg>
<arg>CN</arg>
<arg>CO</arg>
<arg>CR</arg>
<arg>CU</arg>
<arg>CV</arg>
<arg>CW</arg>
<arg>CX</arg>
<arg>CY</arg>
<arg>CZ</arg>
<arg>DE</arg>
<arg>DJ</arg>
<arg>DK</arg>
<arg>DM</arg>
<arg>DO</arg>
<arg>DZ</arg>
<arg>EC</arg>
<arg>EE</arg>
<arg>EG</arg>
<arg>EH</arg>
<arg>ER</arg>
<arg>ES</arg>
<arg>ET</arg>
<arg>FI</arg>
<arg>FJ</arg>
<arg>FK</arg>
<arg>FM</arg>
<arg>FO</arg>
<arg>FR</arg>
<arg>GA</arg>
<arg>GB</arg>
<arg>GD</arg>
<arg>GE</arg>
<arg>GF</arg>
<arg>GG</arg>
<arg>GH</arg>
<arg>GI</arg>
<arg>GL</arg>
<arg>GM</arg>
<arg>GN</arg>
<arg>GP</arg>
<arg>GQ</arg>
<arg>GR</arg>
<arg>GS</arg>
<arg>GT</arg>
<arg>GU</arg>
<arg>GW</arg>
<arg>GY</arg>
<arg>HK</arg>
<arg>HM</arg>
<arg>HN</arg>
<arg>HR</arg>
<arg>HT</arg>
<arg>HU</arg>
<arg>ID</arg>
<arg>IE</arg>
<arg>IL</arg>
<arg>IM</arg>
<arg>IN</arg>
<arg>IO</arg>
<arg>IQ</arg>
<arg>IR</arg>
<arg>IS</arg>
<arg>IT</arg>
<arg>JE</arg>
<arg>JM</arg>
<arg>JO</arg>
<arg>JP</arg>
<arg>KE</arg>
<arg>KG</arg>
<arg>KH</arg>
<arg>KI</arg>
<arg>KM</arg>
<arg>KN</arg>
<arg>KP</arg>
<arg>KR</arg>
<arg>KW</arg>
<arg>KY</arg>
<arg>KZ</arg>
<arg>LA</arg>
<arg>LB</arg>
<arg>LC</arg>
<arg>LI</arg>
<arg>LK</arg>
<arg>LR</arg>
<arg>LS</arg>
<arg>LT</arg>
<arg>LU</arg>
<arg>LV</arg>
<arg>LY</arg>
<arg>MA</arg>
<arg>MC</arg>
<arg>MD</arg>
<arg>ME</arg>
<arg>MF</arg>
<arg>MG</arg>
<arg>MH</arg>
<arg>MK</arg>
<arg>ML</arg>
<arg>MM</arg>
<arg>MN</arg>
<arg>MO</arg>
<arg>MP</arg>
<arg>MQ</arg>
<arg>MR</arg>
<arg>MS</arg>
<arg>MT</arg>
<arg>MU</arg>
<arg>MV</arg>
<arg>MW</arg>
<arg>MX</arg>
<arg>MY</arg>
<arg>MZ</arg>
<arg>NA</arg>
<arg>NC</arg>
<arg>NE</arg>
<arg>NF</arg>
<arg>NG</arg>
<arg>NI</arg>
<arg>NL</arg>
<arg>NO</arg>
<arg>NP</arg>
<arg>NR</arg>
<arg>NU</arg>
<arg>NZ</arg>
<arg>OM</arg>
<arg>PA</arg>
<arg>PE</arg>
<arg>PF</arg>
<arg>PG</arg>
<arg>PH</arg>
<arg>PK</arg>
<arg>PL</arg>
<arg>PM</arg>
<arg>PN</arg>
<arg>PR</arg>
<arg>PS</arg>
<arg>PT</arg>
<arg>PW</arg>
<arg>PY</arg>
<arg>QA</arg>
<arg>RE</arg>
<arg>RO</arg>
<arg>RS</arg>
<arg>RU</arg>
<arg>RW</arg>
<arg>SA</arg>
<arg>SB</arg>
<arg>SC</arg>
<arg>SD</arg>
<arg>SE</arg>
<arg>SG</arg>
<arg>SH</arg>
<arg>SI</arg>
<arg>SJ</arg>
<arg>SK</arg>
<arg>SL</arg>
<arg>SM</arg>
<arg>SN</arg>
<arg>SO</arg>
<arg>SR</arg>
<arg>SS</arg>
<arg>ST</arg>
<arg>SV</arg>
<arg>SX</arg>
<arg>SY</arg>
<arg>SZ</arg>
<arg>TC</arg>
<arg>TD</arg>
<arg>TF</arg>
<arg>TG</arg>
<arg>TH</arg>
<arg>TJ</arg>
<arg>TK</arg>
<arg>TL</arg>
<arg>TM</arg>
<arg>TN</arg>
<arg>TO</arg>
<arg>TR</arg>
<arg>TT</arg>
<arg>TV</arg>
<arg>TW</arg>
<arg>TZ</arg>
<arg>UA</arg>
<arg>UG</arg>
<arg>UM</arg>
<arg>US</arg>
<arg>UY</arg>
<arg>UZ</arg>
<arg>VA</arg>
<arg>VC</arg>
<arg>VE</arg>
<arg>VG</arg>
<arg>VI</arg>
<arg>VN</arg>
<arg>VU</arg>
<arg>WF</arg>
<arg>WS</arg>
<arg>XK</arg>
<arg>YE</arg>
<arg>YT</arg>
<arg>ZA</arg>
<arg>ZM</arg>
<arg>ZW</arg>
<doc>Returns a list containing given items.</doc>
<status status="PASS" start="2024-07-28T16:18:56.051830" elapsed="0.000620"/>
</kw>
<kw name="List Should Contain Value" owner="Collections">
<arg>${list_country}</arg>
<arg>${name_country}</arg>
<doc>Fails if the ``value`` is not found from ``list``.</doc>
<status status="PASS" start="2024-07-28T16:18:56.053444" elapsed="0.000218"/>
</kw>
<kw name="Run Keyword If" owner="BuiltIn">
<kw name="Should Be True" owner="BuiltIn">
<arg>${True}</arg>
<doc>Fails if the given condition is not true.</doc>
<status status="PASS" start="2024-07-28T16:18:56.054646" elapsed="0.000146"/>
</kw>
<arg>${json_data["results"][0]["location"]["coordinates"]["latitude"]} &gt;= -90 and ${json_data["results"][0]["location"]["coordinates"]["latitude"]} &lt;= 90</arg>
<arg>Should Be True</arg>
<arg>${True}</arg>
<doc>Runs the given keyword with the given arguments, if ``condition`` is true.</doc>
<status status="PASS" start="2024-07-28T16:18:56.053861" elapsed="0.001057"/>
</kw>
<kw name="Run Keyword If" owner="BuiltIn">
<kw name="Should Be True" owner="BuiltIn">
<arg>${True}</arg>
<doc>Fails if the given condition is not true.</doc>
<status status="PASS" start="2024-07-28T16:18:56.055801" elapsed="0.000137"/>
</kw>
<arg>${json_data["results"][0]["location"]["coordinates"]["longitude"]} &gt;= -180 and ${json_data["results"][0]["location"]["coordinates"]["longitude"]} &lt;= 180</arg>
<arg>Should Be True</arg>
<arg>${True}</arg>
<doc>Runs the given keyword with the given arguments, if ``condition`` is true.</doc>
<status status="PASS" start="2024-07-28T16:18:56.055099" elapsed="0.000961"/>
</kw>
<status status="PASS" start="2024-07-28T16:18:55.960237" elapsed="0.095955"/>
</kw>
<doc>Testa o conteúdo específico dos campos retornados pela API.</doc>
<tag>testeConteudo</tag>
<status status="PASS" start="2024-07-28T16:18:55.959779" elapsed="0.096567"/>
</test>
<status status="PASS" start="2024-07-28T16:18:55.145919" elapsed="0.912320"/>
</suite>
<status status="PASS" start="2024-07-28T16:18:55.131047" elapsed="0.932309"/>
</suite>
<statistics>
<total>
<stat pass="5" fail="0" skip="0">All Tests</stat>
</total>
<tag>
<stat pass="1" fail="0" skip="0">testeConteudo</stat>
<stat pass="1" fail="0" skip="0">testeEstruturaResposta</stat>
<stat pass="1" fail="0" skip="0">testeRequisicaoBasica</stat>
<stat pass="1" fail="0" skip="0">testeTiposDados</stat>
</tag>
<suite>
<stat pass="5" fail="0" skip="0" id="s1" name="Tests">Tests</stat>
<stat pass="5" fail="0" skip="0" id="s1-s1" name="Random-User-Test">Tests.Random-User-Test</stat>
</suite>
</statistics>
<errors>
</errors>
</robot>
