<?xml version="1.0" encoding="UTF-8"?>
<robot generator="Robot 7.0 (Python 3.12.2 on linux)" generated="2024-03-26T14:14:18.131238" rpa="false" schemaversion="5">
<suite id="s1" name="Tests" source="/home/runner/work/DesafioQAItauRogerioJordao/DesafioQAItauRogerioJordao/RamdonUser/tests">
<suite id="s1-s1" name="Random-User-Test" source="/home/runner/work/DesafioQAItauRogerioJordao/DesafioQAItauRogerioJordao/RamdonUser/tests/random-user-test.robot">
<test id="s1-s1-t1" name="Conectar" line="13">
<kw name="Conectar API" owner="random-user-service">
<kw name="Create Session" owner="RequestsLibrary">
<msg time="2024-03-26T14:14:18.493052" level="INFO">Creating Session using : alias=consultarAPI, url=https://randomuser.me/, headers={},                     cookies={}, auth=None, timeout=None, proxies=None, verify=False,                     debug=0 </msg>
<arg>consultarAPI</arg>
<arg>${URL}</arg>
<doc>Create Session: create a HTTP session to a server</doc>
<status status="PASS" start="2024-03-26T14:14:18.492837" elapsed="0.000390"/>
</kw>
<status status="PASS" start="2024-03-26T14:14:18.491766" elapsed="0.001822"/>
</kw>
<status status="PASS" start="2024-03-26T14:14:18.491219" elapsed="0.002585"/>
</test>
<test id="s1-s1-t2" name="Validar retorno 200 e JSON Válido" line="16">
<kw name="Teste de Requisicao Basica" owner="random-user-service">
<kw name="GET On Session" owner="RequestsLibrary">
<msg time="2024-03-26T14:14:18.738766" level="INFO">GET Request : url=https://randomuser.me/api 
 path_url=/api 
 headers={'User-Agent': 'python-requests/2.31.0', 'Accept-Encoding': 'gzip, deflate', 'Accept': '*/*', 'Connection': 'keep-alive'} 
 body=None 
 </msg>
<msg time="2024-03-26T14:14:18.738925" level="INFO">GET Response : url=https://randomuser.me/api 
 status=200, reason=OK 
 headers={'Date': 'Tue, 26 Mar 2024 14:14:18 GMT', 'Content-Type': 'application/json; charset=utf-8', 'Transfer-Encoding': 'chunked', 'Connection': 'keep-alive', 'X-Powered-By': 'Express', 'Access-Control-Allow-Origin': '*', 'Cache-Control': 'no-cache', 'ETag': 'W/"492-UEvqOcyAxOjvRRxA/ka2sVK5e3w"', 'Vary': 'Accept-Encoding', 'Content-Encoding': 'gzip', 'CF-Cache-Status': 'DYNAMIC', 'Report-To': '{"endpoints":[{"url":"https:\\/\\/a.nel.cloudflare.com\\/report\\/v4?s=KEM6S3U3KwLHBjNRhsBnbxc8gOn7oR2hosI50aQMSQX%2BiKgnC30S6dR4QS50LkE7ZI188xyNZ7M87A3uJmyXThx46teH8%2B3bhk%2Fb%2F3YHigtiWmowpDSfAEceZrPOur0z"}],"group":"cf-nel","max_age":604800}', 'NEL': '{"success_fraction":0,"report_to":"cf-nel","max_age":604800}', 'Server': 'cloudflare', 'CF-RAY': '86a7bf0e8dab6350-ORD', 'alt-svc': 'h3=":443"; ma=86400'} 
 body={"results":[{"gender":"female","name":{"title":"Ms","first":"Isla","last":"Polon"},"location":{"street":{"number":7104,"name":"Fredrikinkatu"},"city":"Muurame","state":"North Karelia","country":"Finland","postcode":67964,"coordinates":{"latitude":"-23.6838","longitude":"175.9872"},"timezone":{"offset":"-7:00","description":"Mountain Time (US &amp; Canada)"}},"email":"isla.polon@example.com","login":{"uuid":"6bc2b185-aa60-47b4-9c3e-fecba9719a0a","username":"whitezebra934","password":"chevelle","salt":"NxcDRp2U","md5":"22f654090ccc8c0b7be7db0cb51ec597","sha1":"2291d3570802b88899d9a82109a27bc3495d16cc","sha256":"69471500ca9d15e048dfd68b426b9ed22fe3eb4a12fab7952d951f54961f8aaa"},"dob":{"date":"1987-04-11T00:28:16.423Z","age":36},"registered":{"date":"2016-08-02T16:02:14.283Z","age":7},"phone":"06-415-606","cell":"046-456-98-53","id":{"name":"HETU","value":"NaNNA870undefined"},"picture":{"large":"https://randomuser.me/api/portraits/women/61.jpg","medium":"https://randomuser.me/api/portraits/med/women/61.jpg","thumbnail":"https://randomuser.me/api/portraits/thumb/women/61.jpg"},"nat":"FI"}],"info":{"seed":"2899d6cab31c7bf9","results":1,"page":1,"version":"1.4"}} 
 </msg>
<msg time="2024-03-26T14:14:18.739041" level="INFO">/opt/hostedtoolcache/Python/3.12.2/x64/lib/python3.12/site-packages/urllib3/connectionpool.py:1103: InsecureRequestWarning: Unverified HTTPS request is being made to host 'randomuser.me'. Adding certificate verification is strongly advised. See: https://urllib3.readthedocs.io/en/latest/advanced-usage.html#tls-warnings
  warnings.warn(</msg>
<msg time="2024-03-26T14:14:18.739183" level="INFO">${response} = &lt;Response [200]&gt;</msg>
<var>${response}</var>
<arg>consultarAPI</arg>
<arg>/api</arg>
<doc>Sends a GET request on a previously created HTTP Session.</doc>
<status status="PASS" start="2024-03-26T14:14:18.496509" elapsed="0.242717"/>
</kw>
<kw name="Should Be Equal As Numbers" owner="BuiltIn">
<msg time="2024-03-26T14:14:18.740226" level="INFO">Argument types are:
&lt;class 'int'&gt;
&lt;class 'str'&gt;</msg>
<arg>${response.status_code}</arg>
<arg>200</arg>
<doc>Fails if objects are unequal after converting them to real numbers.</doc>
<status status="PASS" start="2024-03-26T14:14:18.739759" elapsed="0.000534"/>
</kw>
<kw name="Log" owner="BuiltIn">
<msg time="2024-03-26T14:14:18.741039" level="INFO">200</msg>
<arg>${response.status_code}</arg>
<doc>Logs the given message with the given level.</doc>
<status status="PASS" start="2024-03-26T14:14:18.740615" elapsed="0.000468"/>
</kw>
<kw name="Set Variable" owner="BuiltIn">
<msg time="2024-03-26T14:14:18.741865" level="INFO">${json_data} = {'results': [{'gender': 'female', 'name': {'title': 'Ms', 'first': 'Isla', 'last': 'Polon'}, 'location': {'street': {'number': 7104, 'name': 'Fredrikinkatu'}, 'city': 'Muurame', 'state': 'North Kareli...</msg>
<var>${json_data}</var>
<arg>${response.json()}</arg>
<doc>Returns the given values which can then be assigned to a variables.</doc>
<status status="PASS" start="2024-03-26T14:14:18.741424" elapsed="0.000469"/>
</kw>
<kw name="Dictionary Should Contain Key" owner="Collections">
<msg time="2024-03-26T14:14:18.742359" level="INFO">False</msg>
<arg>${json_data}</arg>
<arg>results</arg>
<doc>Fails if ``key`` is not found from ``dictionary``.</doc>
<status status="PASS" start="2024-03-26T14:14:18.742193" elapsed="0.000206"/>
</kw>
<status status="PASS" start="2024-03-26T14:14:18.496244" elapsed="0.246411"/>
</kw>
<doc>Testa se a API responde corretamente e retorna um objeto JSON válido.</doc>
<tag>testeRequisicaoBasica</tag>
<status status="PASS" start="2024-03-26T14:14:18.495746" elapsed="0.247103"/>
</test>
<test id="s1-s1-t3" name="Validar estrutura de resposta" line="22">
<kw name="Teste de Estrutura de Resposta" owner="random-user-service">
<kw name="GET On Session" owner="RequestsLibrary">
<msg time="2024-03-26T14:14:18.859159" level="INFO">GET Request : url=https://randomuser.me/api 
 path_url=/api 
 headers={'User-Agent': 'python-requests/2.31.0', 'Accept-Encoding': 'gzip, deflate', 'Accept': '*/*', 'Connection': 'keep-alive'} 
 body=None 
 </msg>
<msg time="2024-03-26T14:14:18.859230" level="INFO">GET Response : url=https://randomuser.me/api 
 status=200, reason=OK 
 headers={'Date': 'Tue, 26 Mar 2024 14:14:18 GMT', 'Content-Type': 'application/json; charset=utf-8', 'Transfer-Encoding': 'chunked', 'Connection': 'keep-alive', 'X-Powered-By': 'Express', 'Access-Control-Allow-Origin': '*', 'Cache-Control': 'no-cache', 'ETag': 'W/"4ae-DpwJ7luhzcM5scyNX+bPo1afBm8"', 'Vary': 'Accept-Encoding', 'Content-Encoding': 'gzip', 'CF-Cache-Status': 'DYNAMIC', 'Report-To': '{"endpoints":[{"url":"https:\\/\\/a.nel.cloudflare.com\\/report\\/v4?s=%2BQQxlt4XhE8Xg%2B8zswrcKWd2FOrY1rX5G1pt9eOOEbxvneA6lJKCletQkSRPvnJ0dMaPzSj5vr7aufoCuKtCVoH%2BRqgEY1HrIvO%2FctswqsGuvHaITYZ8dggTRs4sVYtq"}],"group":"cf-nel","max_age":604800}', 'NEL': '{"success_fraction":0,"report_to":"cf-nel","max_age":604800}', 'Server': 'cloudflare', 'CF-RAY': '86a7bf0f2e966350-ORD', 'alt-svc': 'h3=":443"; ma=86400'} 
 body={"results":[{"gender":"male","name":{"title":"Mr","first":"Toledo","last":"Teixeira"},"location":{"street":{"number":5180,"name":"Avenida D. Pedro Ii"},"city":"Goiânia","state":"Mato Grosso do Sul","country":"Brazil","postcode":30631,"coordinates":{"latitude":"-79.1788","longitude":"-15.2209"},"timezone":{"offset":"-4:00","description":"Atlantic Time (Canada), Caracas, La Paz"}},"email":"toledo.teixeira@example.com","login":{"uuid":"ef480573-b1f9-450f-8901-34cd11d7d027","username":"beautifulcat269","password":"mortimer","salt":"Tg0Jvc7b","md5":"d82bab076d75b6298099570d3383ad1b","sha1":"bfa26ed0e522874b5ec1fc8f6da3839bc6fbeb21","sha256":"cb0cd1640fe7f5351114d9d324c8ef38e03a838e0cd90bc456ca78cbaa402be7"},"dob":{"date":"1959-02-28T19:24:22.725Z","age":65},"registered":{"date":"2017-12-10T13:40:22.594Z","age":6},"phone":"(00) 8480-1426","cell":"(91) 2580-5686","id":{"name":"CPF","value":"506.573.115-55"},"picture":{"large":"https://randomuser.me/api/portraits/men/87.jpg","medium":"https://randomuser.me/api/portraits/med/men/87.jpg","thumbnail":"https://randomuser.me/api/portraits/thumb/men/87.jpg"},"nat":"BR"}],"info":{"seed":"47dde995aa2c5320","results":1,"page":1,"version":"1.4"}} 
 </msg>
<msg time="2024-03-26T14:14:18.859344" level="INFO">/opt/hostedtoolcache/Python/3.12.2/x64/lib/python3.12/site-packages/urllib3/connectionpool.py:1103: InsecureRequestWarning: Unverified HTTPS request is being made to host 'randomuser.me'. Adding certificate verification is strongly advised. See: https://urllib3.readthedocs.io/en/latest/advanced-usage.html#tls-warnings
  warnings.warn(</msg>
<msg time="2024-03-26T14:14:18.859441" level="INFO">${response} = &lt;Response [200]&gt;</msg>
<var>${response}</var>
<arg>consultarAPI</arg>
<arg>/api</arg>
<doc>Sends a GET request on a previously created HTTP Session.</doc>
<status status="PASS" start="2024-03-26T14:14:18.745617" elapsed="0.113858"/>
</kw>
<kw name="Set Variable" owner="BuiltIn">
<msg time="2024-03-26T14:14:18.860354" level="INFO">${json_data} = {'results': [{'gender': 'male', 'name': {'title': 'Mr', 'first': 'Toledo', 'last': 'Teixeira'}, 'location': {'street': {'number': 5180, 'name': 'Avenida D. Pedro Ii'}, 'city': 'Goiânia', 'state': 'Mat...</msg>
<var>${json_data}</var>
<arg>${response.json()}</arg>
<doc>Returns the given values which can then be assigned to a variables.</doc>
<status status="PASS" start="2024-03-26T14:14:18.859881" elapsed="0.000503"/>
</kw>
<kw name="Log" owner="BuiltIn">
<msg time="2024-03-26T14:14:18.860910" level="INFO">{'results': [{'gender': 'male', 'name': {'title': 'Mr', 'first': 'Toledo', 'last': 'Teixeira'}, 'location': {'street': {'number': 5180, 'name': 'Avenida D. Pedro Ii'}, 'city': 'Goiânia', 'state': 'Mato Grosso do Sul', 'country': 'Brazil', 'postcode': 30631, 'coordinates': {'latitude': '-79.1788', 'longitude': '-15.2209'}, 'timezone': {'offset': '-4:00', 'description': 'Atlantic Time (Canada), Caracas, La Paz'}}, 'email': 'toledo.teixeira@example.com', 'login': {'uuid': 'ef480573-b1f9-450f-8901-34cd11d7d027', 'username': 'beautifulcat269', 'password': 'mortimer', 'salt': 'Tg0Jvc7b', 'md5': 'd82bab076d75b6298099570d3383ad1b', 'sha1': 'bfa26ed0e522874b5ec1fc8f6da3839bc6fbeb21', 'sha256': 'cb0cd1640fe7f5351114d9d324c8ef38e03a838e0cd90bc456ca78cbaa402be7'}, 'dob': {'date': '1959-02-28T19:24:22.725Z', 'age': 65}, 'registered': {'date': '2017-12-10T13:40:22.594Z', 'age': 6}, 'phone': '(00) 8480-1426', 'cell': '(91) 2580-5686', 'id': {'name': 'CPF', 'value': '506.573.115-55'}, 'picture': {'large': 'https://randomuser.me/api/portraits/men/87.jpg', 'medium': 'https://randomuser.me/api/portraits/med/men/87.jpg', 'thumbnail': 'https://randomuser.me/api/portraits/thumb/men/87.jpg'}, 'nat': 'BR'}], 'info': {'seed': '47dde995aa2c5320', 'results': 1, 'page': 1, 'version': '1.4'}}</msg>
<arg>${json_data}</arg>
<doc>Logs the given message with the given level.</doc>
<status status="PASS" start="2024-03-26T14:14:18.860734" elapsed="0.000225"/>
</kw>
<kw name="Dictionary Should Contain Key" owner="Collections">
<msg time="2024-03-26T14:14:18.861422" level="INFO">False</msg>
<arg>${json_data}</arg>
<arg>results</arg>
<doc>Fails if ``key`` is not found from ``dictionary``.</doc>
<status status="PASS" start="2024-03-26T14:14:18.861265" elapsed="0.000202"/>
</kw>
<kw name="Should Not Be Empty" owner="BuiltIn">
<msg time="2024-03-26T14:14:18.861895" level="INFO">Length is 2.</msg>
<arg>${json_data}</arg>
<doc>Verifies that the given item is not empty.</doc>
<status status="PASS" start="2024-03-26T14:14:18.861762" elapsed="0.000172"/>
</kw>
<kw name="Create List" owner="BuiltIn">
<msg time="2024-03-26T14:14:18.862378" level="INFO">${expected_keys} = ['gender', 'name', 'location', 'email', 'login']</msg>
<var>${expected_keys}</var>
<arg>gender</arg>
<arg>name</arg>
<arg>location</arg>
<arg>email</arg>
<arg>login</arg>
<doc>Returns a list containing given items.</doc>
<status status="PASS" start="2024-03-26T14:14:18.862227" elapsed="0.000176"/>
</kw>
<for flavor="IN">
<iter>
<kw name="Dictionary Should Contain Key" owner="Collections">
<msg time="2024-03-26T14:14:18.863393" level="INFO">False</msg>
<arg>${json_data['results'][0]}</arg>
<arg>${key}</arg>
<doc>Fails if ``key`` is not found from ``dictionary``.</doc>
<status status="PASS" start="2024-03-26T14:14:18.862978" elapsed="0.000454"/>
</kw>
<kw name="Log" owner="BuiltIn">
<msg time="2024-03-26T14:14:18.864113" level="INFO">{'gender': 'male', 'name': {'title': 'Mr', 'first': 'Toledo', 'last': 'Teixeira'}, 'location': {'street': {'number': 5180, 'name': 'Avenida D. Pedro Ii'}, 'city': 'Goiânia', 'state': 'Mato Grosso do Sul', 'country': 'Brazil', 'postcode': 30631, 'coordinates': {'latitude': '-79.1788', 'longitude': '-15.2209'}, 'timezone': {'offset': '-4:00', 'description': 'Atlantic Time (Canada), Caracas, La Paz'}}, 'email': 'toledo.teixeira@example.com', 'login': {'uuid': 'ef480573-b1f9-450f-8901-34cd11d7d027', 'username': 'beautifulcat269', 'password': 'mortimer', 'salt': 'Tg0Jvc7b', 'md5': 'd82bab076d75b6298099570d3383ad1b', 'sha1': 'bfa26ed0e522874b5ec1fc8f6da3839bc6fbeb21', 'sha256': 'cb0cd1640fe7f5351114d9d324c8ef38e03a838e0cd90bc456ca78cbaa402be7'}, 'dob': {'date': '1959-02-28T19:24:22.725Z', 'age': 65}, 'registered': {'date': '2017-12-10T13:40:22.594Z', 'age': 6}, 'phone': '(00) 8480-1426', 'cell': '(91) 2580-5686', 'id': {'name': 'CPF', 'value': '506.573.115-55'}, 'picture': {'large': 'https://randomuser.me/api/portraits/men/87.jpg', 'medium': 'https://randomuser.me/api/portraits/med/men/87.jpg', 'thumbnail': 'https://randomuser.me/api/portraits/thumb/men/87.jpg'}, 'nat': 'BR'}</msg>
<arg>${json_data['results'][0]}</arg>
<doc>Logs the given message with the given level.</doc>
<status status="PASS" start="2024-03-26T14:14:18.863737" elapsed="0.000432"/>
</kw>
<kw name="Log" owner="BuiltIn">
<msg time="2024-03-26T14:14:18.864608" level="INFO">gender</msg>
<arg>${key}</arg>
<doc>Logs the given message with the given level.</doc>
<status status="PASS" start="2024-03-26T14:14:18.864476" elapsed="0.000171"/>
</kw>
<var name="${key}">gender</var>
<status status="PASS" start="2024-03-26T14:14:18.862854" elapsed="0.002039"/>
</iter>
<iter>
<kw name="Dictionary Should Contain Key" owner="Collections">
<msg time="2024-03-26T14:14:18.865584" level="INFO">False</msg>
<arg>${json_data['results'][0]}</arg>
<arg>${key}</arg>
<doc>Fails if ``key`` is not found from ``dictionary``.</doc>
<status status="PASS" start="2024-03-26T14:14:18.865197" elapsed="0.000463"/>
</kw>
<kw name="Log" owner="BuiltIn">
<msg time="2024-03-26T14:14:18.866330" level="INFO">{'gender': 'male', 'name': {'title': 'Mr', 'first': 'Toledo', 'last': 'Teixeira'}, 'location': {'street': {'number': 5180, 'name': 'Avenida D. Pedro Ii'}, 'city': 'Goiânia', 'state': 'Mato Grosso do Sul', 'country': 'Brazil', 'postcode': 30631, 'coordinates': {'latitude': '-79.1788', 'longitude': '-15.2209'}, 'timezone': {'offset': '-4:00', 'description': 'Atlantic Time (Canada), Caracas, La Paz'}}, 'email': 'toledo.teixeira@example.com', 'login': {'uuid': 'ef480573-b1f9-450f-8901-34cd11d7d027', 'username': 'beautifulcat269', 'password': 'mortimer', 'salt': 'Tg0Jvc7b', 'md5': 'd82bab076d75b6298099570d3383ad1b', 'sha1': 'bfa26ed0e522874b5ec1fc8f6da3839bc6fbeb21', 'sha256': 'cb0cd1640fe7f5351114d9d324c8ef38e03a838e0cd90bc456ca78cbaa402be7'}, 'dob': {'date': '1959-02-28T19:24:22.725Z', 'age': 65}, 'registered': {'date': '2017-12-10T13:40:22.594Z', 'age': 6}, 'phone': '(00) 8480-1426', 'cell': '(91) 2580-5686', 'id': {'name': 'CPF', 'value': '506.573.115-55'}, 'picture': {'large': 'https://randomuser.me/api/portraits/men/87.jpg', 'medium': 'https://randomuser.me/api/portraits/med/men/87.jpg', 'thumbnail': 'https://randomuser.me/api/portraits/thumb/men/87.jpg'}, 'nat': 'BR'}</msg>
<arg>${json_data['results'][0]}</arg>
<doc>Logs the given message with the given level.</doc>
<status status="PASS" start="2024-03-26T14:14:18.865964" elapsed="0.000417"/>
</kw>
<kw name="Log" owner="BuiltIn">
<msg time="2024-03-26T14:14:18.866806" level="INFO">name</msg>
<arg>${key}</arg>
<doc>Logs the given message with the given level.</doc>
<status status="PASS" start="2024-03-26T14:14:18.866676" elapsed="0.000168"/>
</kw>
<var name="${key}">name</var>
<status status="PASS" start="2024-03-26T14:14:18.865081" elapsed="0.001981"/>
</iter>
<iter>
<kw name="Dictionary Should Contain Key" owner="Collections">
<msg time="2024-03-26T14:14:18.867727" level="INFO">False</msg>
<arg>${json_data['results'][0]}</arg>
<arg>${key}</arg>
<doc>Fails if ``key`` is not found from ``dictionary``.</doc>
<status status="PASS" start="2024-03-26T14:14:18.867353" elapsed="0.000412"/>
</kw>
<kw name="Log" owner="BuiltIn">
<msg time="2024-03-26T14:14:18.868433" level="INFO">{'gender': 'male', 'name': {'title': 'Mr', 'first': 'Toledo', 'last': 'Teixeira'}, 'location': {'street': {'number': 5180, 'name': 'Avenida D. Pedro Ii'}, 'city': 'Goiânia', 'state': 'Mato Grosso do Sul', 'country': 'Brazil', 'postcode': 30631, 'coordinates': {'latitude': '-79.1788', 'longitude': '-15.2209'}, 'timezone': {'offset': '-4:00', 'description': 'Atlantic Time (Canada), Caracas, La Paz'}}, 'email': 'toledo.teixeira@example.com', 'login': {'uuid': 'ef480573-b1f9-450f-8901-34cd11d7d027', 'username': 'beautifulcat269', 'password': 'mortimer', 'salt': 'Tg0Jvc7b', 'md5': 'd82bab076d75b6298099570d3383ad1b', 'sha1': 'bfa26ed0e522874b5ec1fc8f6da3839bc6fbeb21', 'sha256': 'cb0cd1640fe7f5351114d9d324c8ef38e03a838e0cd90bc456ca78cbaa402be7'}, 'dob': {'date': '1959-02-28T19:24:22.725Z', 'age': 65}, 'registered': {'date': '2017-12-10T13:40:22.594Z', 'age': 6}, 'phone': '(00) 8480-1426', 'cell': '(91) 2580-5686', 'id': {'name': 'CPF', 'value': '506.573.115-55'}, 'picture': {'large': 'https://randomuser.me/api/portraits/men/87.jpg', 'medium': 'https://randomuser.me/api/portraits/med/men/87.jpg', 'thumbnail': 'https://randomuser.me/api/portraits/thumb/men/87.jpg'}, 'nat': 'BR'}</msg>
<arg>${json_data['results'][0]}</arg>
<doc>Logs the given message with the given level.</doc>
<status status="PASS" start="2024-03-26T14:14:18.868063" elapsed="0.000424"/>
</kw>
<kw name="Log" owner="BuiltIn">
<msg time="2024-03-26T14:14:18.868956" level="INFO">location</msg>
<arg>${key}</arg>
<doc>Logs the given message with the given level.</doc>
<status status="PASS" start="2024-03-26T14:14:18.868817" elapsed="0.000178"/>
</kw>
<var name="${key}">location</var>
<status status="PASS" start="2024-03-26T14:14:18.867241" elapsed="0.001971"/>
</iter>
<iter>
<kw name="Dictionary Should Contain Key" owner="Collections">
<msg time="2024-03-26T14:14:18.869880" level="INFO">False</msg>
<arg>${json_data['results'][0]}</arg>
<arg>${key}</arg>
<doc>Fails if ``key`` is not found from ``dictionary``.</doc>
<status status="PASS" start="2024-03-26T14:14:18.869492" elapsed="0.000425"/>
</kw>
<kw name="Log" owner="BuiltIn">
<msg time="2024-03-26T14:14:18.870578" level="INFO">{'gender': 'male', 'name': {'title': 'Mr', 'first': 'Toledo', 'last': 'Teixeira'}, 'location': {'street': {'number': 5180, 'name': 'Avenida D. Pedro Ii'}, 'city': 'Goiânia', 'state': 'Mato Grosso do Sul', 'country': 'Brazil', 'postcode': 30631, 'coordinates': {'latitude': '-79.1788', 'longitude': '-15.2209'}, 'timezone': {'offset': '-4:00', 'description': 'Atlantic Time (Canada), Caracas, La Paz'}}, 'email': 'toledo.teixeira@example.com', 'login': {'uuid': 'ef480573-b1f9-450f-8901-34cd11d7d027', 'username': 'beautifulcat269', 'password': 'mortimer', 'salt': 'Tg0Jvc7b', 'md5': 'd82bab076d75b6298099570d3383ad1b', 'sha1': 'bfa26ed0e522874b5ec1fc8f6da3839bc6fbeb21', 'sha256': 'cb0cd1640fe7f5351114d9d324c8ef38e03a838e0cd90bc456ca78cbaa402be7'}, 'dob': {'date': '1959-02-28T19:24:22.725Z', 'age': 65}, 'registered': {'date': '2017-12-10T13:40:22.594Z', 'age': 6}, 'phone': '(00) 8480-1426', 'cell': '(91) 2580-5686', 'id': {'name': 'CPF', 'value': '506.573.115-55'}, 'picture': {'large': 'https://randomuser.me/api/portraits/men/87.jpg', 'medium': 'https://randomuser.me/api/portraits/med/men/87.jpg', 'thumbnail': 'https://randomuser.me/api/portraits/thumb/men/87.jpg'}, 'nat': 'BR'}</msg>
<arg>${json_data['results'][0]}</arg>
<doc>Logs the given message with the given level.</doc>
<status status="PASS" start="2024-03-26T14:14:18.870214" elapsed="0.000413"/>
</kw>
<kw name="Log" owner="BuiltIn">
<msg time="2024-03-26T14:14:18.871047" level="INFO">email</msg>
<arg>${key}</arg>
<doc>Logs the given message with the given level.</doc>
<status status="PASS" start="2024-03-26T14:14:18.870919" elapsed="0.000167"/>
</kw>
<var name="${key}">email</var>
<status status="PASS" start="2024-03-26T14:14:18.869382" elapsed="0.001918"/>
</iter>
<iter>
<kw name="Dictionary Should Contain Key" owner="Collections">
<msg time="2024-03-26T14:14:18.871975" level="INFO">False</msg>
<arg>${json_data['results'][0]}</arg>
<arg>${key}</arg>
<doc>Fails if ``key`` is not found from ``dictionary``.</doc>
<status status="PASS" start="2024-03-26T14:14:18.871590" elapsed="0.000422"/>
</kw>
<kw name="Log" owner="BuiltIn">
<msg time="2024-03-26T14:14:18.872674" level="INFO">{'gender': 'male', 'name': {'title': 'Mr', 'first': 'Toledo', 'last': 'Teixeira'}, 'location': {'street': {'number': 5180, 'name': 'Avenida D. Pedro Ii'}, 'city': 'Goiânia', 'state': 'Mato Grosso do Sul', 'country': 'Brazil', 'postcode': 30631, 'coordinates': {'latitude': '-79.1788', 'longitude': '-15.2209'}, 'timezone': {'offset': '-4:00', 'description': 'Atlantic Time (Canada), Caracas, La Paz'}}, 'email': 'toledo.teixeira@example.com', 'login': {'uuid': 'ef480573-b1f9-450f-8901-34cd11d7d027', 'username': 'beautifulcat269', 'password': 'mortimer', 'salt': 'Tg0Jvc7b', 'md5': 'd82bab076d75b6298099570d3383ad1b', 'sha1': 'bfa26ed0e522874b5ec1fc8f6da3839bc6fbeb21', 'sha256': 'cb0cd1640fe7f5351114d9d324c8ef38e03a838e0cd90bc456ca78cbaa402be7'}, 'dob': {'date': '1959-02-28T19:24:22.725Z', 'age': 65}, 'registered': {'date': '2017-12-10T13:40:22.594Z', 'age': 6}, 'phone': '(00) 8480-1426', 'cell': '(91) 2580-5686', 'id': {'name': 'CPF', 'value': '506.573.115-55'}, 'picture': {'large': 'https://randomuser.me/api/portraits/men/87.jpg', 'medium': 'https://randomuser.me/api/portraits/med/men/87.jpg', 'thumbnail': 'https://randomuser.me/api/portraits/thumb/men/87.jpg'}, 'nat': 'BR'}</msg>
<arg>${json_data['results'][0]}</arg>
<doc>Logs the given message with the given level.</doc>
<status status="PASS" start="2024-03-26T14:14:18.872304" elapsed="0.000441"/>
</kw>
<kw name="Log" owner="BuiltIn">
<msg time="2024-03-26T14:14:18.873197" level="INFO">login</msg>
<arg>${key}</arg>
<doc>Logs the given message with the given level.</doc>
<status status="PASS" start="2024-03-26T14:14:18.873066" elapsed="0.000269"/>
</kw>
<var name="${key}">login</var>
<status status="PASS" start="2024-03-26T14:14:18.871471" elapsed="0.002086"/>
</iter>
<var>${key}</var>
<value>@{expected_keys}</value>
<status status="PASS" start="2024-03-26T14:14:18.862666" elapsed="0.011015"/>
</for>
<kw name="Create List" owner="BuiltIn">
<msg time="2024-03-26T14:14:18.874011" level="INFO">${expected_keysTwo} = ['username', 'password']</msg>
<var>${expected_keysTwo}</var>
<arg>username</arg>
<arg>password</arg>
<doc>Returns a list containing given items.</doc>
<status status="PASS" start="2024-03-26T14:14:18.873874" elapsed="0.000161"/>
</kw>
<for flavor="IN">
<iter>
<kw name="Dictionary Should Contain Key" owner="Collections">
<msg time="2024-03-26T14:14:18.874909" level="INFO">False</msg>
<arg>${json_data['results'][0]['login']}</arg>
<arg>${keyTwo}</arg>
<doc>Fails if ``key`` is not found from ``dictionary``.</doc>
<status status="PASS" start="2024-03-26T14:14:18.874529" elapsed="0.000417"/>
</kw>
<kw name="Dictionary Should Contain Key" owner="Collections">
<msg time="2024-03-26T14:14:18.875617" level="INFO">False</msg>
<arg>${json_data['results'][0]['login']}</arg>
<arg>${keyTwo}</arg>
<doc>Fails if ``key`` is not found from ``dictionary``.</doc>
<status status="PASS" start="2024-03-26T14:14:18.875241" elapsed="0.000413"/>
</kw>
<kw name="Log" owner="BuiltIn">
<msg time="2024-03-26T14:14:18.876077" level="INFO">username</msg>
<arg>${keyTwo}</arg>
<doc>Logs the given message with the given level.</doc>
<status status="PASS" start="2024-03-26T14:14:18.875947" elapsed="0.000167"/>
</kw>
<var name="${keyTwo}">username</var>
<status status="PASS" start="2024-03-26T14:14:18.874419" elapsed="0.001908"/>
</iter>
<iter>
<kw name="Dictionary Should Contain Key" owner="Collections">
<msg time="2024-03-26T14:14:18.877004" level="INFO">False</msg>
<arg>${json_data['results'][0]['login']}</arg>
<arg>${keyTwo}</arg>
<doc>Fails if ``key`` is not found from ``dictionary``.</doc>
<status status="PASS" start="2024-03-26T14:14:18.876606" elapsed="0.000436"/>
</kw>
<kw name="Dictionary Should Contain Key" owner="Collections">
<msg time="2024-03-26T14:14:18.877706" level="INFO">False</msg>
<arg>${json_data['results'][0]['login']}</arg>
<arg>${keyTwo}</arg>
<doc>Fails if ``key`` is not found from ``dictionary``.</doc>
<status status="PASS" start="2024-03-26T14:14:18.877329" elapsed="0.000413"/>
</kw>
<kw name="Log" owner="BuiltIn">
<msg time="2024-03-26T14:14:18.878158" level="INFO">password</msg>
<arg>${keyTwo}</arg>
<doc>Logs the given message with the given level.</doc>
<status status="PASS" start="2024-03-26T14:14:18.878032" elapsed="0.000163"/>
</kw>
<var name="${keyTwo}">password</var>
<status status="PASS" start="2024-03-26T14:14:18.876496" elapsed="0.001916"/>
</iter>
<var>${keyTwo}</var>
<value>@{expected_keysTwo}</value>
<status status="PASS" start="2024-03-26T14:14:18.874269" elapsed="0.004266"/>
</for>
<status status="PASS" start="2024-03-26T14:14:18.745380" elapsed="0.133301"/>
</kw>
<doc>Testa a estrutura da resposta da API.</doc>
<tag>testeEstruturaResposta</tag>
<status status="PASS" start="2024-03-26T14:14:18.744716" elapsed="0.134131"/>
</test>
<test id="s1-s1-t4" name="Validar tipos de dados" line="28">
<kw name="Teste de Tipos de Dados" owner="random-user-service">
<kw name="GET On Session" owner="RequestsLibrary">
<msg time="2024-03-26T14:14:18.995309" level="INFO">GET Request : url=https://randomuser.me/api 
 path_url=/api 
 headers={'User-Agent': 'python-requests/2.31.0', 'Accept-Encoding': 'gzip, deflate', 'Accept': '*/*', 'Connection': 'keep-alive'} 
 body=None 
 </msg>
<msg time="2024-03-26T14:14:18.995386" level="INFO">GET Response : url=https://randomuser.me/api 
 status=200, reason=OK 
 headers={'Date': 'Tue, 26 Mar 2024 14:14:18 GMT', 'Content-Type': 'application/json; charset=utf-8', 'Transfer-Encoding': 'chunked', 'Connection': 'keep-alive', 'X-Powered-By': 'Express', 'Access-Control-Allow-Origin': '*', 'Cache-Control': 'no-cache', 'ETag': 'W/"475-A+mIkrz/V0IvlQb/NhXO3eRPuyk"', 'Vary': 'Accept-Encoding', 'Content-Encoding': 'gzip', 'CF-Cache-Status': 'DYNAMIC', 'Report-To': '{"endpoints":[{"url":"https:\\/\\/a.nel.cloudflare.com\\/report\\/v4?s=SNiTvsNTC74z386TFKghpjwqpJnSYap%2Ff6SLOr00li7YKC%2FwSP6JSzvLpHQn2LV2bw40anE%2BYNcVHL14RAalCRBSXf2K8xOF2tABBeN5pkRWVASidv6ZgtRnGrYV6e4S"}],"group":"cf-nel","max_age":604800}', 'NEL': '{"success_fraction":0,"report_to":"cf-nel","max_age":604800}', 'Server': 'cloudflare', 'CF-RAY': '86a7bf0fff906350-ORD', 'alt-svc': 'h3=":443"; ma=86400'} 
 body={"results":[{"gender":"male","name":{"title":"Mr","first":"Loïs","last":"Rey"},"location":{"street":{"number":2847,"name":"Rue Louis-Blanqui"},"city":"Perpignan","state":"Cher","country":"France","postcode":72570,"coordinates":{"latitude":"-16.8006","longitude":"-43.4989"},"timezone":{"offset":"-9:00","description":"Alaska"}},"email":"lois.rey@example.com","login":{"uuid":"8d14eb2b-da24-4459-93de-ad86fa0a953c","username":"ticklishtiger680","password":"comein","salt":"3PlstvKw","md5":"bb4a3e00e7ff216dec03d91b574bc78a","sha1":"cf611f637e16612a4f146b8f98aaad29db33004e","sha256":"5545303d0c2f179265ec60da20e6aed2034ce509b84315c26d97ee8ec71ded56"},"dob":{"date":"1994-03-06T02:21:52.896Z","age":30},"registered":{"date":"2012-11-10T04:29:58.183Z","age":11},"phone":"05-60-65-31-70","cell":"06-06-68-59-45","id":{"name":"INSEE","value":"1940292353865 61"},"picture":{"large":"https://randomuser.me/api/portraits/men/43.jpg","medium":"https://randomuser.me/api/portraits/med/men/43.jpg","thumbnail":"https://randomuser.me/api/portraits/thumb/men/43.jpg"},"nat":"FR"}],"info":{"seed":"cac4658119ee4186","results":1,"page":1,"version":"1.4"}} 
 </msg>
<msg time="2024-03-26T14:14:18.995442" level="INFO">/opt/hostedtoolcache/Python/3.12.2/x64/lib/python3.12/site-packages/urllib3/connectionpool.py:1103: InsecureRequestWarning: Unverified HTTPS request is being made to host 'randomuser.me'. Adding certificate verification is strongly advised. See: https://urllib3.readthedocs.io/en/latest/advanced-usage.html#tls-warnings
  warnings.warn(</msg>
<msg time="2024-03-26T14:14:18.995528" level="INFO">${response} = &lt;Response [200]&gt;</msg>
<var>${response}</var>
<arg>consultarAPI</arg>
<arg>/api</arg>
<doc>Sends a GET request on a previously created HTTP Session.</doc>
<status status="PASS" start="2024-03-26T14:14:18.881290" elapsed="0.114268"/>
</kw>
<kw name="Set Variable" owner="BuiltIn">
<msg time="2024-03-26T14:14:18.996416" level="INFO">${json_data} = {'results': [{'gender': 'male', 'name': {'title': 'Mr', 'first': 'Loïs', 'last': 'Rey'}, 'location': {'street': {'number': 2847, 'name': 'Rue Louis-Blanqui'}, 'city': 'Perpignan', 'state': 'Cher', 'co...</msg>
<var>${json_data}</var>
<arg>${response.json()}</arg>
<doc>Returns the given values which can then be assigned to a variables.</doc>
<status status="PASS" start="2024-03-26T14:14:18.995962" elapsed="0.000483"/>
</kw>
<kw name="Log" owner="BuiltIn">
<msg time="2024-03-26T14:14:18.996957" level="INFO">{'results': [{'gender': 'male', 'name': {'title': 'Mr', 'first': 'Loïs', 'last': 'Rey'}, 'location': {'street': {'number': 2847, 'name': 'Rue Louis-Blanqui'}, 'city': 'Perpignan', 'state': 'Cher', 'country': 'France', 'postcode': 72570, 'coordinates': {'latitude': '-16.8006', 'longitude': '-43.4989'}, 'timezone': {'offset': '-9:00', 'description': 'Alaska'}}, 'email': 'lois.rey@example.com', 'login': {'uuid': '8d14eb2b-da24-4459-93de-ad86fa0a953c', 'username': 'ticklishtiger680', 'password': 'comein', 'salt': '3PlstvKw', 'md5': 'bb4a3e00e7ff216dec03d91b574bc78a', 'sha1': 'cf611f637e16612a4f146b8f98aaad29db33004e', 'sha256': '5545303d0c2f179265ec60da20e6aed2034ce509b84315c26d97ee8ec71ded56'}, 'dob': {'date': '1994-03-06T02:21:52.896Z', 'age': 30}, 'registered': {'date': '2012-11-10T04:29:58.183Z', 'age': 11}, 'phone': '05-60-65-31-70', 'cell': '06-06-68-59-45', 'id': {'name': 'INSEE', 'value': '1940292353865 61'}, 'picture': {'large': 'https://randomuser.me/api/portraits/men/43.jpg', 'medium': 'https://randomuser.me/api/portraits/med/men/43.jpg', 'thumbnail': 'https://randomuser.me/api/portraits/thumb/men/43.jpg'}, 'nat': 'FR'}], 'info': {'seed': 'cac4658119ee4186', 'results': 1, 'page': 1, 'version': '1.4'}}</msg>
<arg>${json_data}</arg>
<doc>Logs the given message with the given level.</doc>
<status status="PASS" start="2024-03-26T14:14:18.996789" elapsed="0.000251"/>
</kw>
<kw name="Should Be String" owner="String">
<arg>${json_data['results'][0]['gender']}</arg>
<doc>Fails if the given ``item`` is not a string.</doc>
<status status="PASS" start="2024-03-26T14:14:18.997342" elapsed="0.000363"/>
</kw>
<kw name="Should Match Regexp" owner="BuiltIn">
<arg>${json_data['results'][0]['email']}</arg>
<arg>^[a-zA-Z0-9._%+-]+@[a-zA-Z0-9.-]+\.[a-zA-Z]{2,}$</arg>
<doc>Fails if ``string`` does not match ``pattern`` as a regular expression.</doc>
<status status="PASS" start="2024-03-26T14:14:18.997900" elapsed="0.000519"/>
</kw>
<kw name="Should Match Regexp" owner="BuiltIn">
<arg>${json_data['results'][0]['dob']['date']}</arg>
<arg>\\d{4}-\\d{2}-\\d{2}T\\d{2}:\\d{2}:\\d{2}\\.\\d{3}Z</arg>
<doc>Fails if ``string`` does not match ``pattern`` as a regular expression.</doc>
<status status="PASS" start="2024-03-26T14:14:18.998614" elapsed="0.000488"/>
</kw>
<kw name="Should Match Regexp" owner="BuiltIn">
<arg>${json_data['results'][0]['registered']['date']}</arg>
<arg>\\d{4}-\\d{2}-\\d{2}T\\d{2}:\\d{2}:\\d{2}\\.\\d{3}Z</arg>
<doc>Fails if ``string`` does not match ``pattern`` as a regular expression.</doc>
<status status="PASS" start="2024-03-26T14:14:18.999294" elapsed="0.000399"/>
</kw>
<kw name="Should Match Regexp" owner="BuiltIn">
<arg>${json_data['results'][0]['picture']['large']}</arg>
<arg>^https?://.*\.(?:png|jpe?g|gif|bmp)$</arg>
<doc>Fails if ``string`` does not match ``pattern`` as a regular expression.</doc>
<status status="PASS" start="2024-03-26T14:14:18.999881" elapsed="0.000465"/>
</kw>
<kw name="Should Match Regexp" owner="BuiltIn">
<arg>${json_data['results'][0]['picture']['medium']}</arg>
<arg>^https?://.*\.(?:png|jpe?g|gif|bmp)$</arg>
<doc>Fails if ``string`` does not match ``pattern`` as a regular expression.</doc>
<status status="PASS" start="2024-03-26T14:14:19.000538" elapsed="0.000391"/>
</kw>
<kw name="Should Match Regexp" owner="BuiltIn">
<arg>${json_data['results'][0]['picture']['thumbnail']}</arg>
<arg>^https?://.*\.(?:png|jpe?g|gif|bmp)$</arg>
<doc>Fails if ``string`` does not match ``pattern`` as a regular expression.</doc>
<status status="PASS" start="2024-03-26T14:14:19.001117" elapsed="0.000353"/>
</kw>
<kw name="Log" owner="BuiltIn">
<msg time="2024-03-26T14:14:19.001977" level="INFO">{'large': 'https://randomuser.me/api/portraits/men/43.jpg', 'medium': 'https://randomuser.me/api/portraits/med/men/43.jpg', 'thumbnail': 'https://randomuser.me/api/portraits/thumb/men/43.jpg'}</msg>
<arg>${json_data['results'][0]['picture']}</arg>
<doc>Logs the given message with the given level.</doc>
<status status="PASS" start="2024-03-26T14:14:19.001650" elapsed="0.000373"/>
</kw>
<status status="PASS" start="2024-03-26T14:14:18.881065" elapsed="0.121211"/>
</kw>
<kw name="Teste de Tipos de Dados - Postcode" owner="random-user-service">
<kw name="GET On Session" owner="RequestsLibrary">
<msg time="2024-03-26T14:14:19.093358" level="INFO">GET Request : url=https://randomuser.me/api 
 path_url=/api 
 headers={'User-Agent': 'python-requests/2.31.0', 'Accept-Encoding': 'gzip, deflate', 'Accept': '*/*', 'Connection': 'keep-alive'} 
 body=None 
 </msg>
<msg time="2024-03-26T14:14:19.093444" level="INFO">GET Response : url=https://randomuser.me/api 
 status=200, reason=OK 
 headers={'Date': 'Tue, 26 Mar 2024 14:14:19 GMT', 'Content-Type': 'application/json; charset=utf-8', 'Transfer-Encoding': 'chunked', 'Connection': 'keep-alive', 'X-Powered-By': 'Express', 'Access-Control-Allow-Origin': '*', 'Cache-Control': 'no-cache', 'ETag': 'W/"475-1rj6jZIz40TLah53dXMjmEZWMWc"', 'Vary': 'Accept-Encoding', 'Content-Encoding': 'gzip', 'CF-Cache-Status': 'DYNAMIC', 'Report-To': '{"endpoints":[{"url":"https:\\/\\/a.nel.cloudflare.com\\/report\\/v4?s=mn3gumkM0kQ8GWcvPwSI6gfLJgt1LhWpSmW%2B8WPy2lcEDm7D3f4RqQIVcGn5qcFZA3EldRsP9nxEYM%2FxxQ%2BX8WX23K7tBtpmoC%2BCbldHUFxuKiCfPKWDIl39GfU9unWz"}],"group":"cf-nel","max_age":604800}', 'NEL': '{"success_fraction":0,"report_to":"cf-nel","max_age":604800}', 'Server': 'cloudflare', 'CF-RAY': '86a7bf10c8486350-ORD', 'alt-svc': 'h3=":443"; ma=86400'} 
 body={"results":[{"gender":"female","name":{"title":"Miss","first":"Jasna","last":"Zelenović"},"location":{"street":{"number":9342,"name":"Šilovska"},"city":"Lajkovac","state":"Zaječar","country":"Serbia","postcode":74877,"coordinates":{"latitude":"57.9504","longitude":"5.1140"},"timezone":{"offset":"-10:00","description":"Hawaii"}},"email":"jasna.zelenovic@example.com","login":{"uuid":"5f21ed6f-b3ac-4813-8f10-e61047fb2854","username":"angrytiger445","password":"bball","salt":"oOWIfoG8","md5":"12ec084b08b665b637c65984a2392de7","sha1":"d5c19b2076190efb94eea7a756ba7034de1043f4","sha256":"1544f77f07cfecd4f94ce92e5b370736123d03166583bb8eec33f4ff1f5a29f7"},"dob":{"date":"1950-03-24T01:48:56.149Z","age":74},"registered":{"date":"2003-01-22T14:21:49.721Z","age":21},"phone":"029-7153-247","cell":"068-0951-469","id":{"name":"SID","value":"832304802"},"picture":{"large":"https://randomuser.me/api/portraits/women/29.jpg","medium":"https://randomuser.me/api/portraits/med/women/29.jpg","thumbnail":"https://randomuser.me/api/portraits/thumb/women/29.jpg"},"nat":"RS"}],"info":{"seed":"78dfcc1b4e8f4879","results":1,"page":1,"version":"1.4"}} 
 </msg>
<msg time="2024-03-26T14:14:19.093534" level="INFO">/opt/hostedtoolcache/Python/3.12.2/x64/lib/python3.12/site-packages/urllib3/connectionpool.py:1103: InsecureRequestWarning: Unverified HTTPS request is being made to host 'randomuser.me'. Adding certificate verification is strongly advised. See: https://urllib3.readthedocs.io/en/latest/advanced-usage.html#tls-warnings
  warnings.warn(</msg>
<msg time="2024-03-26T14:14:19.093627" level="INFO">${response} = &lt;Response [200]&gt;</msg>
<var>${response}</var>
<arg>consultarAPI</arg>
<arg>/api</arg>
<doc>Sends a GET request on a previously created HTTP Session.</doc>
<status status="PASS" start="2024-03-26T14:14:19.002841" elapsed="0.090820"/>
</kw>
<kw name="Set Variable" owner="BuiltIn">
<msg time="2024-03-26T14:14:19.094545" level="INFO">${json_data} = {'results': [{'gender': 'female', 'name': {'title': 'Miss', 'first': 'Jasna', 'last': 'Zelenović'}, 'location': {'street': {'number': 9342, 'name': 'Šilovska'}, 'city': 'Lajkovac', 'state': 'Zaječar',...</msg>
<var>${json_data}</var>
<arg>${response.json()}</arg>
<doc>Returns the given values which can then be assigned to a variables.</doc>
<status status="PASS" start="2024-03-26T14:14:19.094081" elapsed="0.000494"/>
</kw>
<kw name="Log" owner="BuiltIn">
<msg time="2024-03-26T14:14:19.095035" level="INFO">{'results': [{'gender': 'female', 'name': {'title': 'Miss', 'first': 'Jasna', 'last': 'Zelenović'}, 'location': {'street': {'number': 9342, 'name': 'Šilovska'}, 'city': 'Lajkovac', 'state': 'Zaječar', 'country': 'Serbia', 'postcode': 74877, 'coordinates': {'latitude': '57.9504', 'longitude': '5.1140'}, 'timezone': {'offset': '-10:00', 'description': 'Hawaii'}}, 'email': 'jasna.zelenovic@example.com', 'login': {'uuid': '5f21ed6f-b3ac-4813-8f10-e61047fb2854', 'username': 'angrytiger445', 'password': 'bball', 'salt': 'oOWIfoG8', 'md5': '12ec084b08b665b637c65984a2392de7', 'sha1': 'd5c19b2076190efb94eea7a756ba7034de1043f4', 'sha256': '1544f77f07cfecd4f94ce92e5b370736123d03166583bb8eec33f4ff1f5a29f7'}, 'dob': {'date': '1950-03-24T01:48:56.149Z', 'age': 74}, 'registered': {'date': '2003-01-22T14:21:49.721Z', 'age': 21}, 'phone': '029-7153-247', 'cell': '068-0951-469', 'id': {'name': 'SID', 'value': '832304802'}, 'picture': {'large': 'https://randomuser.me/api/portraits/women/29.jpg', 'medium': 'https://randomuser.me/api/portraits/med/women/29.jpg', 'thumbnail': 'https://randomuser.me/api/portraits/thumb/women/29.jpg'}, 'nat': 'RS'}], 'info': {'seed': '78dfcc1b4e8f4879', 'results': 1, 'page': 1, 'version': '1.4'}}</msg>
<arg>${json_data}</arg>
<doc>Logs the given message with the given level.</doc>
<status status="PASS" start="2024-03-26T14:14:19.094878" elapsed="0.000250"/>
</kw>
<kw name="Should Be Equal As Numbers" owner="BuiltIn">
<arg>${json_data['results'][0]['location']['postcode']}</arg>
<arg>${json_data['results'][0]['location']['postcode']}</arg>
<doc>Fails if objects are unequal after converting them to real numbers.</doc>
<status status="PASS" start="2024-03-26T14:14:19.095427" elapsed="0.000624"/>
</kw>
<kw name="Log" owner="BuiltIn">
<msg time="2024-03-26T14:14:19.096574" level="INFO">74877</msg>
<arg>${json_data['results'][0]['location']['postcode']}</arg>
<doc>Logs the given message with the given level.</doc>
<status status="PASS" start="2024-03-26T14:14:19.096241" elapsed="0.000373"/>
</kw>
<status status="PASS" start="2024-03-26T14:14:19.002494" elapsed="0.094422"/>
</kw>
<doc>Testa se os tipos de dados na resposta da API estão corretos.</doc>
<tag>testeTiposDados</tag>
<status status="PASS" start="2024-03-26T14:14:18.880576" elapsed="0.216507"/>
</test>
<test id="s1-s1-t5" name="Validar conteudo" line="35">
<kw name="Teste de Tipos de Conteudo" owner="random-user-service">
<kw name="GET On Session" owner="RequestsLibrary">
<msg time="2024-03-26T14:14:19.190158" level="INFO">GET Request : url=https://randomuser.me/api 
 path_url=/api 
 headers={'User-Agent': 'python-requests/2.31.0', 'Accept-Encoding': 'gzip, deflate', 'Accept': '*/*', 'Connection': 'keep-alive'} 
 body=None 
 </msg>
<msg time="2024-03-26T14:14:19.190251" level="INFO">GET Response : url=https://randomuser.me/api 
 status=200, reason=OK 
 headers={'Date': 'Tue, 26 Mar 2024 14:14:19 GMT', 'Content-Type': 'application/json; charset=utf-8', 'Transfer-Encoding': 'chunked', 'Connection': 'keep-alive', 'X-Powered-By': 'Express', 'Access-Control-Allow-Origin': '*', 'Cache-Control': 'no-cache', 'ETag': 'W/"484-k+7eBRu6s0yy9Zjikps3GAfNJjk"', 'Vary': 'Accept-Encoding', 'Content-Encoding': 'gzip', 'CF-Cache-Status': 'DYNAMIC', 'Report-To': '{"endpoints":[{"url":"https:\\/\\/a.nel.cloudflare.com\\/report\\/v4?s=zyYBBlnsjlRmchiXwL7%2Bt0j5HUAIZfzTf3fZiJQo9UH9uco6pmRUmDSuRCAZ4h3JU8Jp03ieBc5zDIUDoNJLfrKOPCvhuTnpiY3rpH83EneEfh%2F%2BNv0V4pnktJ4JOXT5"}],"group":"cf-nel","max_age":604800}', 'NEL': '{"success_fraction":0,"report_to":"cf-nel","max_age":604800}', 'Server': 'cloudflare', 'CF-RAY': '86a7bf1158dc6350-ORD', 'alt-svc': 'h3=":443"; ma=86400'} 
 body={"results":[{"gender":"female","name":{"title":"Miss","first":"Tilde","last":"Petersen"},"location":{"street":{"number":2474,"name":"Dæmningen"},"city":"Stenderup","state":"Hovedstaden","country":"Denmark","postcode":40001,"coordinates":{"latitude":"-42.9389","longitude":"42.7590"},"timezone":{"offset":"-12:00","description":"Eniwetok, Kwajalein"}},"email":"tilde.petersen@example.com","login":{"uuid":"fc2032c4-5577-413d-9765-69acfe7539a9","username":"greengorilla642","password":"grandam","salt":"xEBem2eB","md5":"a6de7adde4fa0507b5f990e79be28670","sha1":"5225f8d577b2d375857892104bf9e94dc05e407f","sha256":"0056bef9124984723a441f2944f606595073af54f2fab1450e3efda485dd42dd"},"dob":{"date":"1981-11-09T23:27:30.620Z","age":42},"registered":{"date":"2017-07-30T20:38:32.375Z","age":6},"phone":"84325659","cell":"60145062","id":{"name":"CPR","value":"091181-0545"},"picture":{"large":"https://randomuser.me/api/portraits/women/95.jpg","medium":"https://randomuser.me/api/portraits/med/women/95.jpg","thumbnail":"https://randomuser.me/api/portraits/thumb/women/95.jpg"},"nat":"DK"}],"info":{"seed":"8b44a491fcfd3afc","results":1,"page":1,"version":"1.4"}} 
 </msg>
<msg time="2024-03-26T14:14:19.190326" level="INFO">/opt/hostedtoolcache/Python/3.12.2/x64/lib/python3.12/site-packages/urllib3/connectionpool.py:1103: InsecureRequestWarning: Unverified HTTPS request is being made to host 'randomuser.me'. Adding certificate verification is strongly advised. See: https://urllib3.readthedocs.io/en/latest/advanced-usage.html#tls-warnings
  warnings.warn(</msg>
<msg time="2024-03-26T14:14:19.190444" level="INFO">${response} = &lt;Response [200]&gt;</msg>
<var>${response}</var>
<arg>consultarAPI</arg>
<arg>/api</arg>
<doc>Sends a GET request on a previously created HTTP Session.</doc>
<status status="PASS" start="2024-03-26T14:14:19.100270" elapsed="0.090224"/>
</kw>
<kw name="Set Variable" owner="BuiltIn">
<msg time="2024-03-26T14:14:19.191629" level="INFO">${json_data} = {'results': [{'gender': 'female', 'name': {'title': 'Miss', 'first': 'Tilde', 'last': 'Petersen'}, 'location': {'street': {'number': 2474, 'name': 'Dæmningen'}, 'city': 'Stenderup', 'state': 'Hovedsta...</msg>
<var>${json_data}</var>
<arg>${response.json()}</arg>
<doc>Returns the given values which can then be assigned to a variables.</doc>
<status status="PASS" start="2024-03-26T14:14:19.191049" elapsed="0.000610"/>
</kw>
<kw name="Set Variable" owner="BuiltIn">
<msg time="2024-03-26T14:14:19.192346" level="INFO">${name_title} = Miss</msg>
<var>${name_title}</var>
<arg>${json_data["results"][0]["name"]["title"]}</arg>
<doc>Returns the given values which can then be assigned to a variables.</doc>
<status status="PASS" start="2024-03-26T14:14:19.191963" elapsed="0.000408"/>
</kw>
<kw name="Create List" owner="BuiltIn">
<msg time="2024-03-26T14:14:19.192856" level="INFO">${allowed_titles} = ['Mr', 'Ms', 'Miss', 'Mrs', 'Madame', 'Monsieur']</msg>
<var>${allowed_titles}</var>
<arg>Mr</arg>
<arg>Ms</arg>
<arg>Miss</arg>
<arg>Mrs</arg>
<arg>Madame</arg>
<arg>Monsieur</arg>
<doc>Returns a list containing given items.</doc>
<status status="PASS" start="2024-03-26T14:14:19.192668" elapsed="0.000214"/>
</kw>
<kw name="List Should Contain Value" owner="Collections">
<msg time="2024-03-26T14:14:19.193372" level="INFO">False</msg>
<arg>${allowed_titles}</arg>
<arg>${name_title}</arg>
<doc>Fails if the ``value`` is not found from ``list``.</doc>
<status status="PASS" start="2024-03-26T14:14:19.193194" elapsed="0.000217"/>
</kw>
<kw name="Set Variable" owner="BuiltIn">
<msg time="2024-03-26T14:14:19.194071" level="INFO">${name_country} = DK</msg>
<var>${name_country}</var>
<arg>${json_data["results"][0]["nat"]}</arg>
<doc>Returns the given values which can then be assigned to a variables.</doc>
<status status="PASS" start="2024-03-26T14:14:19.193695" elapsed="0.000400"/>
</kw>
<kw name="Create List" owner="BuiltIn">
<msg time="2024-03-26T14:14:19.195009" level="INFO">${list_country} = ['AD', 'AE', 'AF', 'AG', 'AI', 'AL', 'AM', 'AO', 'AQ', 'AR', 'AS', 'AT', 'AU', 'AW', 'AX', 'AZ', 'BA', 'BB', 'BD', 'BE', 'BF', 'BG', 'BH', 'BI', 'BJ', 'BL', 'BM', 'BN', 'BO', 'BQ', 'BR', 'BS', 'BT', '...</msg>
<var>${list_country}</var>
<arg>AD</arg>
<arg>AE</arg>
<arg>AF</arg>
<arg>AG</arg>
<arg>AI</arg>
<arg>AL</arg>
<arg>AM</arg>
<arg>AO</arg>
<arg>AQ</arg>
<arg>AR</arg>
<arg>AS</arg>
<arg>AT</arg>
<arg>AU</arg>
<arg>AW</arg>
<arg>AX</arg>
<arg>AZ</arg>
<arg>BA</arg>
<arg>BB</arg>
<arg>BD</arg>
<arg>BE</arg>
<arg>BF</arg>
<arg>BG</arg>
<arg>BH</arg>
<arg>BI</arg>
<arg>BJ</arg>
<arg>BL</arg>
<arg>BM</arg>
<arg>BN</arg>
<arg>BO</arg>
<arg>BQ</arg>
<arg>BR</arg>
<arg>BS</arg>
<arg>BT</arg>
<arg>BV</arg>
<arg>BW</arg>
<arg>BY</arg>
<arg>BZ</arg>
<arg>CA</arg>
<arg>CC</arg>
<arg>CD</arg>
<arg>CF</arg>
<arg>CG</arg>
<arg>CH</arg>
<arg>CI</arg>
<arg>CK</arg>
<arg>CL</arg>
<arg>CM</arg>
<arg>CN</arg>
<arg>CO</arg>
<arg>CR</arg>
<arg>CU</arg>
<arg>CV</arg>
<arg>CW</arg>
<arg>CX</arg>
<arg>CY</arg>
<arg>CZ</arg>
<arg>DE</arg>
<arg>DJ</arg>
<arg>DK</arg>
<arg>DM</arg>
<arg>DO</arg>
<arg>DZ</arg>
<arg>EC</arg>
<arg>EE</arg>
<arg>EG</arg>
<arg>EH</arg>
<arg>ER</arg>
<arg>ES</arg>
<arg>ET</arg>
<arg>FI</arg>
<arg>FJ</arg>
<arg>FK</arg>
<arg>FM</arg>
<arg>FO</arg>
<arg>FR</arg>
<arg>GA</arg>
<arg>GB</arg>
<arg>GD</arg>
<arg>GE</arg>
<arg>GF</arg>
<arg>GG</arg>
<arg>GH</arg>
<arg>GI</arg>
<arg>GL</arg>
<arg>GM</arg>
<arg>GN</arg>
<arg>GP</arg>
<arg>GQ</arg>
<arg>GR</arg>
<arg>GS</arg>
<arg>GT</arg>
<arg>GU</arg>
<arg>GW</arg>
<arg>GY</arg>
<arg>HK</arg>
<arg>HM</arg>
<arg>HN</arg>
<arg>HR</arg>
<arg>HT</arg>
<arg>HU</arg>
<arg>ID</arg>
<arg>IE</arg>
<arg>IL</arg>
<arg>IM</arg>
<arg>IN</arg>
<arg>IO</arg>
<arg>IQ</arg>
<arg>IR</arg>
<arg>IS</arg>
<arg>IT</arg>
<arg>JE</arg>
<arg>JM</arg>
<arg>JO</arg>
<arg>JP</arg>
<arg>KE</arg>
<arg>KG</arg>
<arg>KH</arg>
<arg>KI</arg>
<arg>KM</arg>
<arg>KN</arg>
<arg>KP</arg>
<arg>KR</arg>
<arg>KW</arg>
<arg>KY</arg>
<arg>KZ</arg>
<arg>LA</arg>
<arg>LB</arg>
<arg>LC</arg>
<arg>LI</arg>
<arg>LK</arg>
<arg>LR</arg>
<arg>LS</arg>
<arg>LT</arg>
<arg>LU</arg>
<arg>LV</arg>
<arg>LY</arg>
<arg>MA</arg>
<arg>MC</arg>
<arg>MD</arg>
<arg>ME</arg>
<arg>MF</arg>
<arg>MG</arg>
<arg>MH</arg>
<arg>MK</arg>
<arg>ML</arg>
<arg>MM</arg>
<arg>MN</arg>
<arg>MO</arg>
<arg>MP</arg>
<arg>MQ</arg>
<arg>MR</arg>
<arg>MS</arg>
<arg>MT</arg>
<arg>MU</arg>
<arg>MV</arg>
<arg>MW</arg>
<arg>MX</arg>
<arg>MY</arg>
<arg>MZ</arg>
<arg>NA</arg>
<arg>NC</arg>
<arg>NE</arg>
<arg>NF</arg>
<arg>NG</arg>
<arg>NI</arg>
<arg>NL</arg>
<arg>NO</arg>
<arg>NP</arg>
<arg>NR</arg>
<arg>NU</arg>
<arg>NZ</arg>
<arg>OM</arg>
<arg>PA</arg>
<arg>PE</arg>
<arg>PF</arg>
<arg>PG</arg>
<arg>PH</arg>
<arg>PK</arg>
<arg>PL</arg>
<arg>PM</arg>
<arg>PN</arg>
<arg>PR</arg>
<arg>PS</arg>
<arg>PT</arg>
<arg>PW</arg>
<arg>PY</arg>
<arg>QA</arg>
<arg>RE</arg>
<arg>RO</arg>
<arg>RS</arg>
<arg>RU</arg>
<arg>RW</arg>
<arg>SA</arg>
<arg>SB</arg>
<arg>SC</arg>
<arg>SD</arg>
<arg>SE</arg>
<arg>SG</arg>
<arg>SH</arg>
<arg>SI</arg>
<arg>SJ</arg>
<arg>SK</arg>
<arg>SL</arg>
<arg>SM</arg>
<arg>SN</arg>
<arg>SO</arg>
<arg>SR</arg>
<arg>SS</arg>
<arg>ST</arg>
<arg>SV</arg>
<arg>SX</arg>
<arg>SY</arg>
<arg>SZ</arg>
<arg>TC</arg>
<arg>TD</arg>
<arg>TF</arg>
<arg>TG</arg>
<arg>TH</arg>
<arg>TJ</arg>
<arg>TK</arg>
<arg>TL</arg>
<arg>TM</arg>
<arg>TN</arg>
<arg>TO</arg>
<arg>TR</arg>
<arg>TT</arg>
<arg>TV</arg>
<arg>TW</arg>
<arg>TZ</arg>
<arg>UA</arg>
<arg>UG</arg>
<arg>UM</arg>
<arg>US</arg>
<arg>UY</arg>
<arg>UZ</arg>
<arg>VA</arg>
<arg>VC</arg>
<arg>VE</arg>
<arg>VG</arg>
<arg>VI</arg>
<arg>VN</arg>
<arg>VU</arg>
<arg>WF</arg>
<arg>WS</arg>
<arg>XK</arg>
<arg>YE</arg>
<arg>YT</arg>
<arg>ZA</arg>
<arg>ZM</arg>
<arg>ZW</arg>
<doc>Returns a list containing given items.</doc>
<status status="PASS" start="2024-03-26T14:14:19.194402" elapsed="0.000632"/>
</kw>
<kw name="List Should Contain Value" owner="Collections">
<msg time="2024-03-26T14:14:19.196147" level="INFO">False</msg>
<arg>${list_country}</arg>
<arg>${name_country}</arg>
<doc>Fails if the ``value`` is not found from ``list``.</doc>
<status status="PASS" start="2024-03-26T14:14:19.195943" elapsed="0.000241"/>
</kw>
<kw name="Run Keyword If" owner="BuiltIn">
<kw name="Should Be True" owner="BuiltIn">
<arg>${True}</arg>
<doc>Fails if the given condition is not true.</doc>
<status status="PASS" start="2024-03-26T14:14:19.197284" elapsed="0.000145"/>
</kw>
<arg>${json_data["results"][0]["location"]["coordinates"]["latitude"]} &gt;= -90 and ${json_data["results"][0]["location"]["coordinates"]["latitude"]} &lt;= 90</arg>
<arg>Should Be True</arg>
<arg>${True}</arg>
<doc>Runs the given keyword with the given arguments, if ``condition`` is true.</doc>
<status status="PASS" start="2024-03-26T14:14:19.196496" elapsed="0.001060"/>
</kw>
<kw name="Run Keyword If" owner="BuiltIn">
<kw name="Should Be True" owner="BuiltIn">
<arg>${True}</arg>
<doc>Fails if the given condition is not true.</doc>
<status status="PASS" start="2024-03-26T14:14:19.198433" elapsed="0.000136"/>
</kw>
<arg>${json_data["results"][0]["location"]["coordinates"]["longitude"]} &gt;= -180 and ${json_data["results"][0]["location"]["coordinates"]["longitude"]} &lt;= 180</arg>
<arg>Should Be True</arg>
<arg>${True}</arg>
<doc>Runs the given keyword with the given arguments, if ``condition`` is true.</doc>
<status status="PASS" start="2024-03-26T14:14:19.197742" elapsed="0.000949"/>
</kw>
<status status="PASS" start="2024-03-26T14:14:19.099889" elapsed="0.098931"/>
</kw>
<doc>Testa o conteúdo específico dos campos retornados pela API.</doc>
<tag>testeConteudo</tag>
<status status="PASS" start="2024-03-26T14:14:19.099172" elapsed="0.099799"/>
</test>
<status status="PASS" start="2024-03-26T14:14:18.185600" elapsed="1.015354"/>
</suite>
<status status="PASS" start="2024-03-26T14:14:18.170766" elapsed="1.035551"/>
</suite>
<statistics>
<total>
<stat pass="5" fail="0" skip="0">All Tests</stat>
</total>
<tag>
<stat pass="1" fail="0" skip="0">testeConteudo</stat>
<stat pass="1" fail="0" skip="0">testeEstruturaResposta</stat>
<stat pass="1" fail="0" skip="0">testeRequisicaoBasica</stat>
<stat pass="1" fail="0" skip="0">testeTiposDados</stat>
</tag>
<suite>
<stat pass="5" fail="0" skip="0" id="s1" name="Tests">Tests</stat>
<stat pass="5" fail="0" skip="0" id="s1-s1" name="Random-User-Test">Tests.Random-User-Test</stat>
</suite>
</statistics>
<errors>
</errors>
</robot>
