<?xml version="1.0" encoding="UTF-8"?>
<robot generator="Robot 7.0 (Python 3.12.3 on linux)" generated="2024-05-18T23:13:27.636574" rpa="false" schemaversion="5">
<suite id="s1" name="Tests" source="/home/runner/work/DesafioQAItauRogerioJordao/DesafioQAItauRogerioJordao/RamdonUser/tests">
<suite id="s1-s1" name="Random-User-Test" source="/home/runner/work/DesafioQAItauRogerioJordao/DesafioQAItauRogerioJordao/RamdonUser/tests/random-user-test.robot">
<test id="s1-s1-t1" name="Conectar" line="13">
<kw name="Conectar API" owner="random-user-service">
<kw name="Create Session" owner="RequestsLibrary">
<msg time="2024-05-18T23:13:28.000185" level="INFO">Creating Session using : alias=consultarAPI, url=https://randomuser.me/, headers={},                     cookies={}, auth=None, timeout=None, proxies=None, verify=False,                     debug=0 </msg>
<arg>consultarAPI</arg>
<arg>${URL}</arg>
<doc>Create Session: create a HTTP session to a server</doc>
<status status="PASS" start="2024-05-18T23:13:27.999975" elapsed="0.000421"/>
</kw>
<status status="PASS" start="2024-05-18T23:13:27.998954" elapsed="0.001817"/>
</kw>
<status status="PASS" start="2024-05-18T23:13:27.998315" elapsed="0.002653"/>
</test>
<test id="s1-s1-t2" name="Validar retorno 200 e JSON Válido" line="16">
<kw name="Teste de Requisicao Basica" owner="random-user-service">
<kw name="GET On Session" owner="RequestsLibrary">
<msg time="2024-05-18T23:13:28.102663" level="INFO">GET Request : url=https://randomuser.me/api 
 path_url=/api 
 headers={'User-Agent': 'python-requests/2.31.0', 'Accept-Encoding': 'gzip, deflate', 'Accept': '*/*', 'Connection': 'keep-alive'} 
 body=None 
 </msg>
<msg time="2024-05-18T23:13:28.102830" level="INFO">GET Response : url=https://randomuser.me/api 
 status=200, reason=OK 
 headers={'Date': 'Sat, 18 May 2024 23:13:28 GMT', 'Content-Type': 'application/json; charset=utf-8', 'Transfer-Encoding': 'chunked', 'Connection': 'keep-alive', 'X-Powered-By': 'Express', 'Access-Control-Allow-Origin': '*', 'Cache-Control': 'no-cache', 'ETag': 'W/"487-Q9QzasCMsW2+p6vw8pcry2ssFFg"', 'Vary': 'Accept-Encoding', 'Content-Encoding': 'gzip', 'CF-Cache-Status': 'DYNAMIC', 'Report-To': '{"endpoints":[{"url":"https:\\/\\/a.nel.cloudflare.com\\/report\\/v4?s=KYDNcTiSWcDIISetvDsLwHiA0Kt0IW8kNZcyNqkQvUk59yqzsWKRaQ1vU%2Ff8cH1uco2A2yMqrlNOVn%2BBnYYwLIdXnjV5KgZ45bcVo9RfmVIaoUic38ACp6DJJi1d8Mtp"}],"group":"cf-nel","max_age":604800}', 'NEL': '{"success_fraction":0,"report_to":"cf-nel","max_age":604800}', 'Server': 'cloudflare', 'CF-RAY': '885f89b63e3881ab-IAD', 'alt-svc': 'h3=":443"; ma=86400'} 
 body={"results":[{"gender":"female","name":{"title":"Miss","first":"Anine","last":"Ramberg"},"location":{"street":{"number":1207,"name":"Øvreseterveien"},"city":"Bybrua","state":"Buskerud","country":"Norway","postcode":"5746","coordinates":{"latitude":"43.7782","longitude":"56.3184"},"timezone":{"offset":"-3:00","description":"Brazil, Buenos Aires, Georgetown"}},"email":"anine.ramberg@example.com","login":{"uuid":"1a351f12-3db5-4a1d-b141-fd8e8c8ea85f","username":"bigzebra856","password":"cooking","salt":"1UtPfZSg","md5":"b2f424c02cf18550624fd834395876d0","sha1":"ab8d56347a0ae9a5feea7f976b1064331f3331ff","sha256":"73b8357373ec2916bd0942df82a092fb114d5baf3c3f687302086c189063f21a"},"dob":{"date":"1974-03-26T13:37:27.795Z","age":50},"registered":{"date":"2021-01-14T07:17:58.705Z","age":3},"phone":"75965398","cell":"98499345","id":{"name":"FN","value":"26037424217"},"picture":{"large":"https://randomuser.me/api/portraits/women/50.jpg","medium":"https://randomuser.me/api/portraits/med/women/50.jpg","thumbnail":"https://randomuser.me/api/portraits/thumb/women/50.jpg"},"nat":"NO"}],"info":{"seed":"09a5fc4b347f5ad7","results":1,"page":1,"version":"1.4"}} 
 </msg>
<msg time="2024-05-18T23:13:28.102916" level="INFO">/opt/hostedtoolcache/Python/3.12.3/x64/lib/python3.12/site-packages/urllib3/connectionpool.py:1103: InsecureRequestWarning: Unverified HTTPS request is being made to host 'randomuser.me'. Adding certificate verification is strongly advised. See: https://urllib3.readthedocs.io/en/latest/advanced-usage.html#tls-warnings
  warnings.warn(</msg>
<msg time="2024-05-18T23:13:28.103083" level="INFO">${response} = &lt;Response [200]&gt;</msg>
<var>${response}</var>
<arg>consultarAPI</arg>
<arg>/api</arg>
<doc>Sends a GET request on a previously created HTTP Session.</doc>
<status status="PASS" start="2024-05-18T23:13:28.003694" elapsed="0.099423"/>
</kw>
<kw name="Should Be Equal As Numbers" owner="BuiltIn">
<msg time="2024-05-18T23:13:28.104131" level="INFO">Argument types are:
&lt;class 'int'&gt;
&lt;class 'str'&gt;</msg>
<arg>${response.status_code}</arg>
<arg>200</arg>
<doc>Fails if objects are unequal after converting them to real numbers.</doc>
<status status="PASS" start="2024-05-18T23:13:28.103655" elapsed="0.000543"/>
</kw>
<kw name="Log" owner="BuiltIn">
<msg time="2024-05-18T23:13:28.104904" level="INFO">200</msg>
<arg>${response.status_code}</arg>
<doc>Logs the given message with the given level.</doc>
<status status="PASS" start="2024-05-18T23:13:28.104548" elapsed="0.000401"/>
</kw>
<kw name="Set Variable" owner="BuiltIn">
<msg time="2024-05-18T23:13:28.105714" level="INFO">${json_data} = {'results': [{'gender': 'female', 'name': {'title': 'Miss', 'first': 'Anine', 'last': 'Ramberg'}, 'location': {'street': {'number': 1207, 'name': 'Øvreseterveien'}, 'city': 'Bybrua', 'state': 'Buskeru...</msg>
<var>${json_data}</var>
<arg>${response.json()}</arg>
<doc>Returns the given values which can then be assigned to a variables.</doc>
<status status="PASS" start="2024-05-18T23:13:28.105264" elapsed="0.000482"/>
</kw>
<kw name="Dictionary Should Contain Key" owner="Collections">
<msg time="2024-05-18T23:13:28.106239" level="INFO">False</msg>
<arg>${json_data}</arg>
<arg>results</arg>
<doc>Fails if ``key`` is not found from ``dictionary``.</doc>
<status status="PASS" start="2024-05-18T23:13:28.106056" elapsed="0.000224"/>
</kw>
<status status="PASS" start="2024-05-18T23:13:28.003429" elapsed="0.103150"/>
</kw>
<doc>Testa se a API responde corretamente e retorna um objeto JSON válido.</doc>
<tag>testeRequisicaoBasica</tag>
<status status="PASS" start="2024-05-18T23:13:28.002921" elapsed="0.103861"/>
</test>
<test id="s1-s1-t3" name="Validar estrutura de resposta" line="22">
<kw name="Teste de Estrutura de Resposta" owner="random-user-service">
<kw name="GET On Session" owner="RequestsLibrary">
<msg time="2024-05-18T23:13:28.206758" level="INFO">GET Request : url=https://randomuser.me/api 
 path_url=/api 
 headers={'User-Agent': 'python-requests/2.31.0', 'Accept-Encoding': 'gzip, deflate', 'Accept': '*/*', 'Connection': 'keep-alive'} 
 body=None 
 </msg>
<msg time="2024-05-18T23:13:28.206847" level="INFO">GET Response : url=https://randomuser.me/api 
 status=200, reason=OK 
 headers={'Date': 'Sat, 18 May 2024 23:13:28 GMT', 'Content-Type': 'application/json; charset=utf-8', 'Transfer-Encoding': 'chunked', 'Connection': 'keep-alive', 'X-Powered-By': 'Express', 'Access-Control-Allow-Origin': '*', 'Cache-Control': 'no-cache', 'ETag': 'W/"49c-4EuUuxmaUsscz/Xdod5MT4q86qk"', 'Vary': 'Accept-Encoding', 'Content-Encoding': 'gzip', 'CF-Cache-Status': 'DYNAMIC', 'Report-To': '{"endpoints":[{"url":"https:\\/\\/a.nel.cloudflare.com\\/report\\/v4?s=Om%2BdOBlzcnHQOD3K%2Fs9Lh1u8Hwd1OFHdxxACA2TTlo6MyPfqfAATlnfITKcI8C1ZZkM2tGSEjsHFgftF%2BZbpmXsepLkcZ8%2Fd15pyGJuEYERG%2BQbu%2F%2FiF5b480rhlG%2B6b"}],"group":"cf-nel","max_age":604800}', 'NEL': '{"success_fraction":0,"report_to":"cf-nel","max_age":604800}', 'Server': 'cloudflare', 'CF-RAY': '885f89b6bead81ab-IAD', 'alt-svc': 'h3=":443"; ma=86400'} 
 body={"results":[{"gender":"male","name":{"title":"Mr","first":"Theodore","last":"Brown"},"location":{"street":{"number":3975,"name":"Mt Wellington Highway"},"city":"Dunedin","state":"Auckland","country":"New Zealand","postcode":37217,"coordinates":{"latitude":"49.2540","longitude":"-146.5345"},"timezone":{"offset":"+5:00","description":"Ekaterinburg, Islamabad, Karachi, Tashkent"}},"email":"theodore.brown@example.com","login":{"uuid":"e0a69204-3792-47f1-9755-ae1eddba6729","username":"goldengoose681","password":"insanity","salt":"lBKhD7eL","md5":"fe7f0f432bc30ab0d427153722c297f4","sha1":"00b521ed7ac08649c0034993e83271f4b7d1a1a9","sha256":"27ccfd13934d7b67e55e2df5545704d31cbab5b1ddf0139754241537078c3fe4"},"dob":{"date":"1996-06-22T18:30:26.674Z","age":27},"registered":{"date":"2003-10-28T03:38:44.644Z","age":20},"phone":"(887)-644-1605","cell":"(382)-064-1052","id":{"name":"","value":null},"picture":{"large":"https://randomuser.me/api/portraits/men/87.jpg","medium":"https://randomuser.me/api/portraits/med/men/87.jpg","thumbnail":"https://randomuser.me/api/portraits/thumb/men/87.jpg"},"nat":"NZ"}],"info":{"seed":"aae99407eb169087","results":1,"page":1,"version":"1.4"}} 
 </msg>
<msg time="2024-05-18T23:13:28.206962" level="INFO">/opt/hostedtoolcache/Python/3.12.3/x64/lib/python3.12/site-packages/urllib3/connectionpool.py:1103: InsecureRequestWarning: Unverified HTTPS request is being made to host 'randomuser.me'. Adding certificate verification is strongly advised. See: https://urllib3.readthedocs.io/en/latest/advanced-usage.html#tls-warnings
  warnings.warn(</msg>
<msg time="2024-05-18T23:13:28.207102" level="INFO">${response} = &lt;Response [200]&gt;</msg>
<var>${response}</var>
<arg>consultarAPI</arg>
<arg>/api</arg>
<doc>Sends a GET request on a previously created HTTP Session.</doc>
<status status="PASS" start="2024-05-18T23:13:28.109494" elapsed="0.097643"/>
</kw>
<kw name="Set Variable" owner="BuiltIn">
<msg time="2024-05-18T23:13:28.208102" level="INFO">${json_data} = {'results': [{'gender': 'male', 'name': {'title': 'Mr', 'first': 'Theodore', 'last': 'Brown'}, 'location': {'street': {'number': 3975, 'name': 'Mt Wellington Highway'}, 'city': 'Dunedin', 'state': 'Au...</msg>
<var>${json_data}</var>
<arg>${response.json()}</arg>
<doc>Returns the given values which can then be assigned to a variables.</doc>
<status status="PASS" start="2024-05-18T23:13:28.207597" elapsed="0.000537"/>
</kw>
<kw name="Log" owner="BuiltIn">
<msg time="2024-05-18T23:13:28.208620" level="INFO">{'results': [{'gender': 'male', 'name': {'title': 'Mr', 'first': 'Theodore', 'last': 'Brown'}, 'location': {'street': {'number': 3975, 'name': 'Mt Wellington Highway'}, 'city': 'Dunedin', 'state': 'Auckland', 'country': 'New Zealand', 'postcode': 37217, 'coordinates': {'latitude': '49.2540', 'longitude': '-146.5345'}, 'timezone': {'offset': '+5:00', 'description': 'Ekaterinburg, Islamabad, Karachi, Tashkent'}}, 'email': 'theodore.brown@example.com', 'login': {'uuid': 'e0a69204-3792-47f1-9755-ae1eddba6729', 'username': 'goldengoose681', 'password': 'insanity', 'salt': 'lBKhD7eL', 'md5': 'fe7f0f432bc30ab0d427153722c297f4', 'sha1': '00b521ed7ac08649c0034993e83271f4b7d1a1a9', 'sha256': '27ccfd13934d7b67e55e2df5545704d31cbab5b1ddf0139754241537078c3fe4'}, 'dob': {'date': '1996-06-22T18:30:26.674Z', 'age': 27}, 'registered': {'date': '2003-10-28T03:38:44.644Z', 'age': 20}, 'phone': '(887)-644-1605', 'cell': '(382)-064-1052', 'id': {'name': '', 'value': None}, 'picture': {'large': 'https://randomuser.me/api/portraits/men/87.jpg', 'medium': 'https://randomuser.me/api/portraits/med/men/87.jpg', 'thumbnail': 'https://randomuser.me/api/portraits/thumb/men/87.jpg'}, 'nat': 'NZ'}], 'info': {'seed': 'aae99407eb169087', 'results': 1, 'page': 1, 'version': '1.4'}}</msg>
<arg>${json_data}</arg>
<doc>Logs the given message with the given level.</doc>
<status status="PASS" start="2024-05-18T23:13:28.208450" elapsed="0.000220"/>
</kw>
<kw name="Dictionary Should Contain Key" owner="Collections">
<msg time="2024-05-18T23:13:28.209133" level="INFO">False</msg>
<arg>${json_data}</arg>
<arg>results</arg>
<doc>Fails if ``key`` is not found from ``dictionary``.</doc>
<status status="PASS" start="2024-05-18T23:13:28.208975" elapsed="0.000197"/>
</kw>
<kw name="Should Not Be Empty" owner="BuiltIn">
<msg time="2024-05-18T23:13:28.209613" level="INFO">Length is 2.</msg>
<arg>${json_data}</arg>
<doc>Verifies that the given item is not empty.</doc>
<status status="PASS" start="2024-05-18T23:13:28.209473" elapsed="0.000183"/>
</kw>
<kw name="Create List" owner="BuiltIn">
<msg time="2024-05-18T23:13:28.210257" level="INFO">${expected_keys} = ['gender', 'name', 'location', 'email', 'login']</msg>
<var>${expected_keys}</var>
<arg>gender</arg>
<arg>name</arg>
<arg>location</arg>
<arg>email</arg>
<arg>login</arg>
<doc>Returns a list containing given items.</doc>
<status status="PASS" start="2024-05-18T23:13:28.209950" elapsed="0.000332"/>
</kw>
<for flavor="IN">
<iter>
<kw name="Dictionary Should Contain Key" owner="Collections">
<msg time="2024-05-18T23:13:28.211319" level="INFO">False</msg>
<arg>${json_data['results'][0]}</arg>
<arg>${key}</arg>
<doc>Fails if ``key`` is not found from ``dictionary``.</doc>
<status status="PASS" start="2024-05-18T23:13:28.210916" elapsed="0.000441"/>
</kw>
<kw name="Log" owner="BuiltIn">
<msg time="2024-05-18T23:13:28.212026" level="INFO">{'gender': 'male', 'name': {'title': 'Mr', 'first': 'Theodore', 'last': 'Brown'}, 'location': {'street': {'number': 3975, 'name': 'Mt Wellington Highway'}, 'city': 'Dunedin', 'state': 'Auckland', 'country': 'New Zealand', 'postcode': 37217, 'coordinates': {'latitude': '49.2540', 'longitude': '-146.5345'}, 'timezone': {'offset': '+5:00', 'description': 'Ekaterinburg, Islamabad, Karachi, Tashkent'}}, 'email': 'theodore.brown@example.com', 'login': {'uuid': 'e0a69204-3792-47f1-9755-ae1eddba6729', 'username': 'goldengoose681', 'password': 'insanity', 'salt': 'lBKhD7eL', 'md5': 'fe7f0f432bc30ab0d427153722c297f4', 'sha1': '00b521ed7ac08649c0034993e83271f4b7d1a1a9', 'sha256': '27ccfd13934d7b67e55e2df5545704d31cbab5b1ddf0139754241537078c3fe4'}, 'dob': {'date': '1996-06-22T18:30:26.674Z', 'age': 27}, 'registered': {'date': '2003-10-28T03:38:44.644Z', 'age': 20}, 'phone': '(887)-644-1605', 'cell': '(382)-064-1052', 'id': {'name': '', 'value': None}, 'picture': {'large': 'https://randomuser.me/api/portraits/men/87.jpg', 'medium': 'https://randomuser.me/api/portraits/med/men/87.jpg', 'thumbnail': 'https://randomuser.me/api/portraits/thumb/men/87.jpg'}, 'nat': 'NZ'}</msg>
<arg>${json_data['results'][0]}</arg>
<doc>Logs the given message with the given level.</doc>
<status status="PASS" start="2024-05-18T23:13:28.211660" elapsed="0.000425"/>
</kw>
<kw name="Log" owner="BuiltIn">
<msg time="2024-05-18T23:13:28.212517" level="INFO">gender</msg>
<arg>${key}</arg>
<doc>Logs the given message with the given level.</doc>
<status status="PASS" start="2024-05-18T23:13:28.212388" elapsed="0.000165"/>
</kw>
<var name="${key}">gender</var>
<status status="PASS" start="2024-05-18T23:13:28.210788" elapsed="0.001980"/>
</iter>
<iter>
<kw name="Dictionary Should Contain Key" owner="Collections">
<msg time="2024-05-18T23:13:28.213458" level="INFO">False</msg>
<arg>${json_data['results'][0]}</arg>
<arg>${key}</arg>
<doc>Fails if ``key`` is not found from ``dictionary``.</doc>
<status status="PASS" start="2024-05-18T23:13:28.213073" elapsed="0.000421"/>
</kw>
<kw name="Log" owner="BuiltIn">
<msg time="2024-05-18T23:13:28.214201" level="INFO">{'gender': 'male', 'name': {'title': 'Mr', 'first': 'Theodore', 'last': 'Brown'}, 'location': {'street': {'number': 3975, 'name': 'Mt Wellington Highway'}, 'city': 'Dunedin', 'state': 'Auckland', 'country': 'New Zealand', 'postcode': 37217, 'coordinates': {'latitude': '49.2540', 'longitude': '-146.5345'}, 'timezone': {'offset': '+5:00', 'description': 'Ekaterinburg, Islamabad, Karachi, Tashkent'}}, 'email': 'theodore.brown@example.com', 'login': {'uuid': 'e0a69204-3792-47f1-9755-ae1eddba6729', 'username': 'goldengoose681', 'password': 'insanity', 'salt': 'lBKhD7eL', 'md5': 'fe7f0f432bc30ab0d427153722c297f4', 'sha1': '00b521ed7ac08649c0034993e83271f4b7d1a1a9', 'sha256': '27ccfd13934d7b67e55e2df5545704d31cbab5b1ddf0139754241537078c3fe4'}, 'dob': {'date': '1996-06-22T18:30:26.674Z', 'age': 27}, 'registered': {'date': '2003-10-28T03:38:44.644Z', 'age': 20}, 'phone': '(887)-644-1605', 'cell': '(382)-064-1052', 'id': {'name': '', 'value': None}, 'picture': {'large': 'https://randomuser.me/api/portraits/men/87.jpg', 'medium': 'https://randomuser.me/api/portraits/med/men/87.jpg', 'thumbnail': 'https://randomuser.me/api/portraits/thumb/men/87.jpg'}, 'nat': 'NZ'}</msg>
<arg>${json_data['results'][0]}</arg>
<doc>Logs the given message with the given level.</doc>
<status status="PASS" start="2024-05-18T23:13:28.213824" elapsed="0.000427"/>
</kw>
<kw name="Log" owner="BuiltIn">
<msg time="2024-05-18T23:13:28.214750" level="INFO">name</msg>
<arg>${key}</arg>
<doc>Logs the given message with the given level.</doc>
<status status="PASS" start="2024-05-18T23:13:28.214607" elapsed="0.000181"/>
</kw>
<var name="${key}">name</var>
<status status="PASS" start="2024-05-18T23:13:28.212958" elapsed="0.002052"/>
</iter>
<iter>
<kw name="Dictionary Should Contain Key" owner="Collections">
<msg time="2024-05-18T23:13:28.215690" level="INFO">False</msg>
<arg>${json_data['results'][0]}</arg>
<arg>${key}</arg>
<doc>Fails if ``key`` is not found from ``dictionary``.</doc>
<status status="PASS" start="2024-05-18T23:13:28.215305" elapsed="0.000422"/>
</kw>
<kw name="Log" owner="BuiltIn">
<msg time="2024-05-18T23:13:28.216390" level="INFO">{'gender': 'male', 'name': {'title': 'Mr', 'first': 'Theodore', 'last': 'Brown'}, 'location': {'street': {'number': 3975, 'name': 'Mt Wellington Highway'}, 'city': 'Dunedin', 'state': 'Auckland', 'country': 'New Zealand', 'postcode': 37217, 'coordinates': {'latitude': '49.2540', 'longitude': '-146.5345'}, 'timezone': {'offset': '+5:00', 'description': 'Ekaterinburg, Islamabad, Karachi, Tashkent'}}, 'email': 'theodore.brown@example.com', 'login': {'uuid': 'e0a69204-3792-47f1-9755-ae1eddba6729', 'username': 'goldengoose681', 'password': 'insanity', 'salt': 'lBKhD7eL', 'md5': 'fe7f0f432bc30ab0d427153722c297f4', 'sha1': '00b521ed7ac08649c0034993e83271f4b7d1a1a9', 'sha256': '27ccfd13934d7b67e55e2df5545704d31cbab5b1ddf0139754241537078c3fe4'}, 'dob': {'date': '1996-06-22T18:30:26.674Z', 'age': 27}, 'registered': {'date': '2003-10-28T03:38:44.644Z', 'age': 20}, 'phone': '(887)-644-1605', 'cell': '(382)-064-1052', 'id': {'name': '', 'value': None}, 'picture': {'large': 'https://randomuser.me/api/portraits/men/87.jpg', 'medium': 'https://randomuser.me/api/portraits/med/men/87.jpg', 'thumbnail': 'https://randomuser.me/api/portraits/thumb/men/87.jpg'}, 'nat': 'NZ'}</msg>
<arg>${json_data['results'][0]}</arg>
<doc>Logs the given message with the given level.</doc>
<status status="PASS" start="2024-05-18T23:13:28.216029" elapsed="0.000410"/>
</kw>
<kw name="Log" owner="BuiltIn">
<msg time="2024-05-18T23:13:28.216862" level="INFO">location</msg>
<arg>${key}</arg>
<doc>Logs the given message with the given level.</doc>
<status status="PASS" start="2024-05-18T23:13:28.216736" elapsed="0.000164"/>
</kw>
<var name="${key}">location</var>
<status status="PASS" start="2024-05-18T23:13:28.215190" elapsed="0.001924"/>
</iter>
<iter>
<kw name="Dictionary Should Contain Key" owner="Collections">
<msg time="2024-05-18T23:13:28.217781" level="INFO">False</msg>
<arg>${json_data['results'][0]}</arg>
<arg>${key}</arg>
<doc>Fails if ``key`` is not found from ``dictionary``.</doc>
<status status="PASS" start="2024-05-18T23:13:28.217400" elapsed="0.000417"/>
</kw>
<kw name="Log" owner="BuiltIn">
<msg time="2024-05-18T23:13:28.218474" level="INFO">{'gender': 'male', 'name': {'title': 'Mr', 'first': 'Theodore', 'last': 'Brown'}, 'location': {'street': {'number': 3975, 'name': 'Mt Wellington Highway'}, 'city': 'Dunedin', 'state': 'Auckland', 'country': 'New Zealand', 'postcode': 37217, 'coordinates': {'latitude': '49.2540', 'longitude': '-146.5345'}, 'timezone': {'offset': '+5:00', 'description': 'Ekaterinburg, Islamabad, Karachi, Tashkent'}}, 'email': 'theodore.brown@example.com', 'login': {'uuid': 'e0a69204-3792-47f1-9755-ae1eddba6729', 'username': 'goldengoose681', 'password': 'insanity', 'salt': 'lBKhD7eL', 'md5': 'fe7f0f432bc30ab0d427153722c297f4', 'sha1': '00b521ed7ac08649c0034993e83271f4b7d1a1a9', 'sha256': '27ccfd13934d7b67e55e2df5545704d31cbab5b1ddf0139754241537078c3fe4'}, 'dob': {'date': '1996-06-22T18:30:26.674Z', 'age': 27}, 'registered': {'date': '2003-10-28T03:38:44.644Z', 'age': 20}, 'phone': '(887)-644-1605', 'cell': '(382)-064-1052', 'id': {'name': '', 'value': None}, 'picture': {'large': 'https://randomuser.me/api/portraits/men/87.jpg', 'medium': 'https://randomuser.me/api/portraits/med/men/87.jpg', 'thumbnail': 'https://randomuser.me/api/portraits/thumb/men/87.jpg'}, 'nat': 'NZ'}</msg>
<arg>${json_data['results'][0]}</arg>
<doc>Logs the given message with the given level.</doc>
<status status="PASS" start="2024-05-18T23:13:28.218116" elapsed="0.000405"/>
</kw>
<kw name="Log" owner="BuiltIn">
<msg time="2024-05-18T23:13:28.218978" level="INFO">email</msg>
<arg>${key}</arg>
<doc>Logs the given message with the given level.</doc>
<status status="PASS" start="2024-05-18T23:13:28.218850" elapsed="0.000165"/>
</kw>
<var name="${key}">email</var>
<status status="PASS" start="2024-05-18T23:13:28.217289" elapsed="0.001941"/>
</iter>
<iter>
<kw name="Dictionary Should Contain Key" owner="Collections">
<msg time="2024-05-18T23:13:28.219914" level="INFO">False</msg>
<arg>${json_data['results'][0]}</arg>
<arg>${key}</arg>
<doc>Fails if ``key`` is not found from ``dictionary``.</doc>
<status status="PASS" start="2024-05-18T23:13:28.219530" elapsed="0.000421"/>
</kw>
<kw name="Log" owner="BuiltIn">
<msg time="2024-05-18T23:13:28.220600" level="INFO">{'gender': 'male', 'name': {'title': 'Mr', 'first': 'Theodore', 'last': 'Brown'}, 'location': {'street': {'number': 3975, 'name': 'Mt Wellington Highway'}, 'city': 'Dunedin', 'state': 'Auckland', 'country': 'New Zealand', 'postcode': 37217, 'coordinates': {'latitude': '49.2540', 'longitude': '-146.5345'}, 'timezone': {'offset': '+5:00', 'description': 'Ekaterinburg, Islamabad, Karachi, Tashkent'}}, 'email': 'theodore.brown@example.com', 'login': {'uuid': 'e0a69204-3792-47f1-9755-ae1eddba6729', 'username': 'goldengoose681', 'password': 'insanity', 'salt': 'lBKhD7eL', 'md5': 'fe7f0f432bc30ab0d427153722c297f4', 'sha1': '00b521ed7ac08649c0034993e83271f4b7d1a1a9', 'sha256': '27ccfd13934d7b67e55e2df5545704d31cbab5b1ddf0139754241537078c3fe4'}, 'dob': {'date': '1996-06-22T18:30:26.674Z', 'age': 27}, 'registered': {'date': '2003-10-28T03:38:44.644Z', 'age': 20}, 'phone': '(887)-644-1605', 'cell': '(382)-064-1052', 'id': {'name': '', 'value': None}, 'picture': {'large': 'https://randomuser.me/api/portraits/men/87.jpg', 'medium': 'https://randomuser.me/api/portraits/med/men/87.jpg', 'thumbnail': 'https://randomuser.me/api/portraits/thumb/men/87.jpg'}, 'nat': 'NZ'}</msg>
<arg>${json_data['results'][0]}</arg>
<doc>Logs the given message with the given level.</doc>
<status status="PASS" start="2024-05-18T23:13:28.220243" elapsed="0.000404"/>
</kw>
<kw name="Log" owner="BuiltIn">
<msg time="2024-05-18T23:13:28.221073" level="INFO">login</msg>
<arg>${key}</arg>
<doc>Logs the given message with the given level.</doc>
<status status="PASS" start="2024-05-18T23:13:28.220946" elapsed="0.000164"/>
</kw>
<var name="${key}">login</var>
<status status="PASS" start="2024-05-18T23:13:28.219405" elapsed="0.001945"/>
</iter>
<var>${key}</var>
<value>@{expected_keys}</value>
<status status="PASS" start="2024-05-18T23:13:28.210583" elapsed="0.010893"/>
</for>
<kw name="Create List" owner="BuiltIn">
<msg time="2024-05-18T23:13:28.221808" level="INFO">${expected_keysTwo} = ['username', 'password']</msg>
<var>${expected_keysTwo}</var>
<arg>username</arg>
<arg>password</arg>
<doc>Returns a list containing given items.</doc>
<status status="PASS" start="2024-05-18T23:13:28.221671" elapsed="0.000160"/>
</kw>
<for flavor="IN">
<iter>
<kw name="Dictionary Should Contain Key" owner="Collections">
<msg time="2024-05-18T23:13:28.222765" level="INFO">False</msg>
<arg>${json_data['results'][0]['login']}</arg>
<arg>${keyTwo}</arg>
<doc>Fails if ``key`` is not found from ``dictionary``.</doc>
<status status="PASS" start="2024-05-18T23:13:28.222334" elapsed="0.000468"/>
</kw>
<kw name="Dictionary Should Contain Key" owner="Collections">
<msg time="2024-05-18T23:13:28.223479" level="INFO">False</msg>
<arg>${json_data['results'][0]['login']}</arg>
<arg>${keyTwo}</arg>
<doc>Fails if ``key`` is not found from ``dictionary``.</doc>
<status status="PASS" start="2024-05-18T23:13:28.223104" elapsed="0.000412"/>
</kw>
<kw name="Log" owner="BuiltIn">
<msg time="2024-05-18T23:13:28.223930" level="INFO">username</msg>
<arg>${keyTwo}</arg>
<doc>Logs the given message with the given level.</doc>
<status status="PASS" start="2024-05-18T23:13:28.223804" elapsed="0.000169"/>
</kw>
<var name="${keyTwo}">username</var>
<status status="PASS" start="2024-05-18T23:13:28.222224" elapsed="0.001965"/>
</iter>
<iter>
<kw name="Dictionary Should Contain Key" owner="Collections">
<msg time="2024-05-18T23:13:28.224851" level="INFO">False</msg>
<arg>${json_data['results'][0]['login']}</arg>
<arg>${keyTwo}</arg>
<doc>Fails if ``key`` is not found from ``dictionary``.</doc>
<status status="PASS" start="2024-05-18T23:13:28.224467" elapsed="0.000420"/>
</kw>
<kw name="Dictionary Should Contain Key" owner="Collections">
<msg time="2024-05-18T23:13:28.225643" level="INFO">False</msg>
<arg>${json_data['results'][0]['login']}</arg>
<arg>${keyTwo}</arg>
<doc>Fails if ``key`` is not found from ``dictionary``.</doc>
<status status="PASS" start="2024-05-18T23:13:28.225179" elapsed="0.000502"/>
</kw>
<kw name="Log" owner="BuiltIn">
<msg time="2024-05-18T23:13:28.226104" level="INFO">password</msg>
<arg>${keyTwo}</arg>
<doc>Logs the given message with the given level.</doc>
<status status="PASS" start="2024-05-18T23:13:28.225977" elapsed="0.000163"/>
</kw>
<var name="${keyTwo}">password</var>
<status status="PASS" start="2024-05-18T23:13:28.224358" elapsed="0.001999"/>
</iter>
<var>${keyTwo}</var>
<value>@{expected_keysTwo}</value>
<status status="PASS" start="2024-05-18T23:13:28.222072" elapsed="0.004406"/>
</for>
<status status="PASS" start="2024-05-18T23:13:28.109252" elapsed="0.117395"/>
</kw>
<doc>Testa a estrutura da resposta da API.</doc>
<tag>testeEstruturaResposta</tag>
<status status="PASS" start="2024-05-18T23:13:28.108645" elapsed="0.118159"/>
</test>
<test id="s1-s1-t4" name="Validar tipos de dados" line="28">
<kw name="Teste de Tipos de Dados" owner="random-user-service">
<kw name="GET On Session" owner="RequestsLibrary">
<msg time="2024-05-18T23:13:28.302720" level="INFO">GET Request : url=https://randomuser.me/api 
 path_url=/api 
 headers={'User-Agent': 'python-requests/2.31.0', 'Accept-Encoding': 'gzip, deflate', 'Accept': '*/*', 'Connection': 'keep-alive'} 
 body=None 
 </msg>
<msg time="2024-05-18T23:13:28.302801" level="INFO">GET Response : url=https://randomuser.me/api 
 status=200, reason=OK 
 headers={'Date': 'Sat, 18 May 2024 23:13:28 GMT', 'Content-Type': 'application/json; charset=utf-8', 'Transfer-Encoding': 'chunked', 'Connection': 'keep-alive', 'X-Powered-By': 'Express', 'Access-Control-Allow-Origin': '*', 'Cache-Control': 'no-cache', 'ETag': 'W/"49c-mgusbjOXyUgx0aTc2JghHeFYlDY"', 'Vary': 'Accept-Encoding', 'Content-Encoding': 'gzip', 'CF-Cache-Status': 'DYNAMIC', 'Report-To': '{"endpoints":[{"url":"https:\\/\\/a.nel.cloudflare.com\\/report\\/v4?s=VQRo2sAJU20j9%2F1b1kQKx1HfLCLYpbHc%2Fr00nNkHUqr19IgEouZKXfX%2FsHpj3mYLFAYrGM52YEPvhEF2c5v7Ht3BEOByHafMks%2BwuimBDVia7xYSUywNhSuIAGA%2Bkmj5"}],"group":"cf-nel","max_age":604800}', 'NEL': '{"success_fraction":0,"report_to":"cf-nel","max_age":604800}', 'Server': 'cloudflare', 'CF-RAY': '885f89b77f5f81ab-IAD', 'alt-svc': 'h3=":443"; ma=86400'} 
 body={"results":[{"gender":"male","name":{"title":"Mr","first":"Topias","last":"Kinnunen"},"location":{"street":{"number":1684,"name":"Pyynikintie"},"city":"Karstula","state":"Kymenlaakso","country":"Finland","postcode":27005,"coordinates":{"latitude":"-25.1210","longitude":"-109.9891"},"timezone":{"offset":"+11:00","description":"Magadan, Solomon Islands, New Caledonia"}},"email":"topias.kinnunen@example.com","login":{"uuid":"e4f2a433-bbc0-428e-9af0-5eebf17fdc61","username":"whitebear424","password":"murray","salt":"UTWdiI3u","md5":"a84c1a739143ced7176432a63335bb3a","sha1":"f0e2d5543b2a4885bdcedd0fe24f171553973f18","sha256":"179136d83cea603043787e9549123eabab92f1a13b053fa11ca5082c513c1e6c"},"dob":{"date":"1996-10-05T03:31:40.936Z","age":27},"registered":{"date":"2020-09-24T23:36:57.591Z","age":3},"phone":"09-149-874","cell":"040-424-34-93","id":{"name":"HETU","value":"NaNNA803undefined"},"picture":{"large":"https://randomuser.me/api/portraits/men/73.jpg","medium":"https://randomuser.me/api/portraits/med/men/73.jpg","thumbnail":"https://randomuser.me/api/portraits/thumb/men/73.jpg"},"nat":"FI"}],"info":{"seed":"90ddb4a9688c0054","results":1,"page":1,"version":"1.4"}} 
 </msg>
<msg time="2024-05-18T23:13:28.302861" level="INFO">/opt/hostedtoolcache/Python/3.12.3/x64/lib/python3.12/site-packages/urllib3/connectionpool.py:1103: InsecureRequestWarning: Unverified HTTPS request is being made to host 'randomuser.me'. Adding certificate verification is strongly advised. See: https://urllib3.readthedocs.io/en/latest/advanced-usage.html#tls-warnings
  warnings.warn(</msg>
<msg time="2024-05-18T23:13:28.302964" level="INFO">${response} = &lt;Response [200]&gt;</msg>
<var>${response}</var>
<arg>consultarAPI</arg>
<arg>/api</arg>
<doc>Sends a GET request on a previously created HTTP Session.</doc>
<status status="PASS" start="2024-05-18T23:13:28.229267" elapsed="0.073736"/>
</kw>
<kw name="Set Variable" owner="BuiltIn">
<msg time="2024-05-18T23:13:28.304071" level="INFO">${json_data} = {'results': [{'gender': 'male', 'name': {'title': 'Mr', 'first': 'Topias', 'last': 'Kinnunen'}, 'location': {'street': {'number': 1684, 'name': 'Pyynikintie'}, 'city': 'Karstula', 'state': 'Kymenlaaks...</msg>
<var>${json_data}</var>
<arg>${response.json()}</arg>
<doc>Returns the given values which can then be assigned to a variables.</doc>
<status status="PASS" start="2024-05-18T23:13:28.303522" elapsed="0.000577"/>
</kw>
<kw name="Log" owner="BuiltIn">
<msg time="2024-05-18T23:13:28.304606" level="INFO">{'results': [{'gender': 'male', 'name': {'title': 'Mr', 'first': 'Topias', 'last': 'Kinnunen'}, 'location': {'street': {'number': 1684, 'name': 'Pyynikintie'}, 'city': 'Karstula', 'state': 'Kymenlaakso', 'country': 'Finland', 'postcode': 27005, 'coordinates': {'latitude': '-25.1210', 'longitude': '-109.9891'}, 'timezone': {'offset': '+11:00', 'description': 'Magadan, Solomon Islands, New Caledonia'}}, 'email': 'topias.kinnunen@example.com', 'login': {'uuid': 'e4f2a433-bbc0-428e-9af0-5eebf17fdc61', 'username': 'whitebear424', 'password': 'murray', 'salt': 'UTWdiI3u', 'md5': 'a84c1a739143ced7176432a63335bb3a', 'sha1': 'f0e2d5543b2a4885bdcedd0fe24f171553973f18', 'sha256': '179136d83cea603043787e9549123eabab92f1a13b053fa11ca5082c513c1e6c'}, 'dob': {'date': '1996-10-05T03:31:40.936Z', 'age': 27}, 'registered': {'date': '2020-09-24T23:36:57.591Z', 'age': 3}, 'phone': '09-149-874', 'cell': '040-424-34-93', 'id': {'name': 'HETU', 'value': 'NaNNA803undefined'}, 'picture': {'large': 'https://randomuser.me/api/portraits/men/73.jpg', 'medium': 'https://randomuser.me/api/portraits/med/men/73.jpg', 'thumbnail': 'https://randomuser.me/api/portraits/thumb/men/73.jpg'}, 'nat': 'FI'}], 'info': {'seed': '90ddb4a9688c0054', 'results': 1, 'page': 1, 'version': '1.4'}}</msg>
<arg>${json_data}</arg>
<doc>Logs the given message with the given level.</doc>
<status status="PASS" start="2024-05-18T23:13:28.304431" elapsed="0.000260"/>
</kw>
<kw name="Should Be String" owner="String">
<arg>${json_data['results'][0]['gender']}</arg>
<doc>Fails if the given ``item`` is not a string.</doc>
<status status="PASS" start="2024-05-18T23:13:28.304995" elapsed="0.000359"/>
</kw>
<kw name="Should Match Regexp" owner="BuiltIn">
<arg>${json_data['results'][0]['email']}</arg>
<arg>^[a-zA-Z0-9._%+-]+@[a-zA-Z0-9.-]+\.[a-zA-Z]{2,}$</arg>
<doc>Fails if ``string`` does not match ``pattern`` as a regular expression.</doc>
<status status="PASS" start="2024-05-18T23:13:28.305546" elapsed="0.000509"/>
</kw>
<kw name="Should Match Regexp" owner="BuiltIn">
<arg>${json_data['results'][0]['dob']['date']}</arg>
<arg>\\d{4}-\\d{2}-\\d{2}T\\d{2}:\\d{2}:\\d{2}\\.\\d{3}Z</arg>
<doc>Fails if ``string`` does not match ``pattern`` as a regular expression.</doc>
<status status="PASS" start="2024-05-18T23:13:28.306254" elapsed="0.000515"/>
</kw>
<kw name="Should Match Regexp" owner="BuiltIn">
<arg>${json_data['results'][0]['registered']['date']}</arg>
<arg>\\d{4}-\\d{2}-\\d{2}T\\d{2}:\\d{2}:\\d{2}\\.\\d{3}Z</arg>
<doc>Fails if ``string`` does not match ``pattern`` as a regular expression.</doc>
<status status="PASS" start="2024-05-18T23:13:28.306961" elapsed="0.000361"/>
</kw>
<kw name="Should Match Regexp" owner="BuiltIn">
<arg>${json_data['results'][0]['picture']['large']}</arg>
<arg>^https?://.*\.(?:png|jpe?g|gif|bmp)$</arg>
<doc>Fails if ``string`` does not match ``pattern`` as a regular expression.</doc>
<status status="PASS" start="2024-05-18T23:13:28.307508" elapsed="0.000470"/>
</kw>
<kw name="Should Match Regexp" owner="BuiltIn">
<arg>${json_data['results'][0]['picture']['medium']}</arg>
<arg>^https?://.*\.(?:png|jpe?g|gif|bmp)$</arg>
<doc>Fails if ``string`` does not match ``pattern`` as a regular expression.</doc>
<status status="PASS" start="2024-05-18T23:13:28.308176" elapsed="0.000361"/>
</kw>
<kw name="Should Match Regexp" owner="BuiltIn">
<arg>${json_data['results'][0]['picture']['thumbnail']}</arg>
<arg>^https?://.*\.(?:png|jpe?g|gif|bmp)$</arg>
<doc>Fails if ``string`` does not match ``pattern`` as a regular expression.</doc>
<status status="PASS" start="2024-05-18T23:13:28.308727" elapsed="0.000348"/>
</kw>
<kw name="Log" owner="BuiltIn">
<msg time="2024-05-18T23:13:28.309599" level="INFO">{'large': 'https://randomuser.me/api/portraits/men/73.jpg', 'medium': 'https://randomuser.me/api/portraits/med/men/73.jpg', 'thumbnail': 'https://randomuser.me/api/portraits/thumb/men/73.jpg'}</msg>
<arg>${json_data['results'][0]['picture']}</arg>
<doc>Logs the given message with the given level.</doc>
<status status="PASS" start="2024-05-18T23:13:28.309263" elapsed="0.000376"/>
</kw>
<status status="PASS" start="2024-05-18T23:13:28.229045" elapsed="0.080852"/>
</kw>
<kw name="Teste de Tipos de Dados - Postcode" owner="random-user-service">
<kw name="GET On Session" owner="RequestsLibrary">
<msg time="2024-05-18T23:13:28.428631" level="INFO">GET Request : url=https://randomuser.me/api 
 path_url=/api 
 headers={'User-Agent': 'python-requests/2.31.0', 'Accept-Encoding': 'gzip, deflate', 'Accept': '*/*', 'Connection': 'keep-alive'} 
 body=None 
 </msg>
<msg time="2024-05-18T23:13:28.428727" level="INFO">GET Response : url=https://randomuser.me/api 
 status=200, reason=OK 
 headers={'Date': 'Sat, 18 May 2024 23:13:28 GMT', 'Content-Type': 'application/json; charset=utf-8', 'Transfer-Encoding': 'chunked', 'Connection': 'keep-alive', 'X-Powered-By': 'Express', 'Access-Control-Allow-Origin': '*', 'Cache-Control': 'no-cache', 'ETag': 'W/"47b-aMYfNwFzA3FSZsaKvZmYt4p5j/0"', 'Vary': 'Accept-Encoding', 'Content-Encoding': 'gzip', 'CF-Cache-Status': 'DYNAMIC', 'Report-To': '{"endpoints":[{"url":"https:\\/\\/a.nel.cloudflare.com\\/report\\/v4?s=a11VAVClfNvRIzqw56DqddpclQ78LyxnvSlvSSDsfMvCb4Iy2Yu09jL7YVERpcLE7cWdp1CbMTEPORPjty%2FVLyCzxlxq6pJV%2FvECnO%2FYy%2FIPKnBmL13ZeM9PJZ%2BWWlIR"}],"group":"cf-nel","max_age":604800}', 'NEL': '{"success_fraction":0,"report_to":"cf-nel","max_age":604800}', 'Server': 'cloudflare', 'CF-RAY': '885f89b7ffeb81ab-IAD', 'alt-svc': 'h3=":443"; ma=86400'} 
 body={"results":[{"gender":"male","name":{"title":"Mr","first":"Peter","last":"Russell"},"location":{"street":{"number":8209,"name":"Country Club Rd"},"city":"Mildura","state":"Victoria","country":"Australia","postcode":3060,"coordinates":{"latitude":"-87.2092","longitude":"-37.7210"},"timezone":{"offset":"+9:30","description":"Adelaide, Darwin"}},"email":"peter.russell@example.com","login":{"uuid":"cced19d7-74c7-408b-bb95-d48db9544cd5","username":"purplegoose847","password":"reader","salt":"BrWBcGTT","md5":"9f788a9a7ec05905dd2a5a78bec6c7bb","sha1":"31be943cd4ced23490c6c5c549dec0a546c6ea6b","sha256":"09e106a882243e908c278470a9b603d5bcb29920c35e23d173100eeacb5dd5b6"},"dob":{"date":"1961-11-08T20:07:17.724Z","age":62},"registered":{"date":"2013-02-28T10:53:38.910Z","age":11},"phone":"07-5332-7832","cell":"0471-304-063","id":{"name":"TFN","value":"422785577"},"picture":{"large":"https://randomuser.me/api/portraits/men/82.jpg","medium":"https://randomuser.me/api/portraits/med/men/82.jpg","thumbnail":"https://randomuser.me/api/portraits/thumb/men/82.jpg"},"nat":"AU"}],"info":{"seed":"97e2cdaa3a1b4f18","results":1,"page":1,"version":"1.4"}} 
 </msg>
<msg time="2024-05-18T23:13:28.428795" level="INFO">/opt/hostedtoolcache/Python/3.12.3/x64/lib/python3.12/site-packages/urllib3/connectionpool.py:1103: InsecureRequestWarning: Unverified HTTPS request is being made to host 'randomuser.me'. Adding certificate verification is strongly advised. See: https://urllib3.readthedocs.io/en/latest/advanced-usage.html#tls-warnings
  warnings.warn(</msg>
<msg time="2024-05-18T23:13:28.428946" level="INFO">${response} = &lt;Response [200]&gt;</msg>
<var>${response}</var>
<arg>consultarAPI</arg>
<arg>/api</arg>
<doc>Sends a GET request on a previously created HTTP Session.</doc>
<status status="PASS" start="2024-05-18T23:13:28.310341" elapsed="0.118647"/>
</kw>
<kw name="Set Variable" owner="BuiltIn">
<msg time="2024-05-18T23:13:28.430114" level="INFO">${json_data} = {'results': [{'gender': 'male', 'name': {'title': 'Mr', 'first': 'Peter', 'last': 'Russell'}, 'location': {'street': {'number': 8209, 'name': 'Country Club Rd'}, 'city': 'Mildura', 'state': 'Victoria'...</msg>
<var>${json_data}</var>
<arg>${response.json()}</arg>
<doc>Returns the given values which can then be assigned to a variables.</doc>
<status status="PASS" start="2024-05-18T23:13:28.429579" elapsed="0.000562"/>
</kw>
<kw name="Log" owner="BuiltIn">
<msg time="2024-05-18T23:13:28.430640" level="INFO">{'results': [{'gender': 'male', 'name': {'title': 'Mr', 'first': 'Peter', 'last': 'Russell'}, 'location': {'street': {'number': 8209, 'name': 'Country Club Rd'}, 'city': 'Mildura', 'state': 'Victoria', 'country': 'Australia', 'postcode': 3060, 'coordinates': {'latitude': '-87.2092', 'longitude': '-37.7210'}, 'timezone': {'offset': '+9:30', 'description': 'Adelaide, Darwin'}}, 'email': 'peter.russell@example.com', 'login': {'uuid': 'cced19d7-74c7-408b-bb95-d48db9544cd5', 'username': 'purplegoose847', 'password': 'reader', 'salt': 'BrWBcGTT', 'md5': '9f788a9a7ec05905dd2a5a78bec6c7bb', 'sha1': '31be943cd4ced23490c6c5c549dec0a546c6ea6b', 'sha256': '09e106a882243e908c278470a9b603d5bcb29920c35e23d173100eeacb5dd5b6'}, 'dob': {'date': '1961-11-08T20:07:17.724Z', 'age': 62}, 'registered': {'date': '2013-02-28T10:53:38.910Z', 'age': 11}, 'phone': '07-5332-7832', 'cell': '0471-304-063', 'id': {'name': 'TFN', 'value': '422785577'}, 'picture': {'large': 'https://randomuser.me/api/portraits/men/82.jpg', 'medium': 'https://randomuser.me/api/portraits/med/men/82.jpg', 'thumbnail': 'https://randomuser.me/api/portraits/thumb/men/82.jpg'}, 'nat': 'AU'}], 'info': {'seed': '97e2cdaa3a1b4f18', 'results': 1, 'page': 1, 'version': '1.4'}}</msg>
<arg>${json_data}</arg>
<doc>Logs the given message with the given level.</doc>
<status status="PASS" start="2024-05-18T23:13:28.430447" elapsed="0.000278"/>
</kw>
<kw name="Should Be Equal As Numbers" owner="BuiltIn">
<arg>${json_data['results'][0]['location']['postcode']}</arg>
<arg>${json_data['results'][0]['location']['postcode']}</arg>
<doc>Fails if objects are unequal after converting them to real numbers.</doc>
<status status="PASS" start="2024-05-18T23:13:28.431031" elapsed="0.000800"/>
</kw>
<kw name="Log" owner="BuiltIn">
<msg time="2024-05-18T23:13:28.432356" level="INFO">3060</msg>
<arg>${json_data['results'][0]['location']['postcode']}</arg>
<doc>Logs the given message with the given level.</doc>
<status status="PASS" start="2024-05-18T23:13:28.432024" elapsed="0.000373"/>
</kw>
<status status="PASS" start="2024-05-18T23:13:28.310119" elapsed="0.122534"/>
</kw>
<doc>Testa se os tipos de dados na resposta da API estão corretos.</doc>
<tag>testeTiposDados</tag>
<status status="PASS" start="2024-05-18T23:13:28.228585" elapsed="0.204245"/>
</test>
<test id="s1-s1-t5" name="Validar conteudo" line="35">
<kw name="Teste de Tipos de Conteudo" owner="random-user-service">
<kw name="GET On Session" owner="RequestsLibrary">
<msg time="2024-05-18T23:13:28.505657" level="INFO">GET Request : url=https://randomuser.me/api 
 path_url=/api 
 headers={'User-Agent': 'python-requests/2.31.0', 'Accept-Encoding': 'gzip, deflate', 'Accept': '*/*', 'Connection': 'keep-alive'} 
 body=None 
 </msg>
<msg time="2024-05-18T23:13:28.505740" level="INFO">GET Response : url=https://randomuser.me/api 
 status=200, reason=OK 
 headers={'Date': 'Sat, 18 May 2024 23:13:28 GMT', 'Content-Type': 'application/json; charset=utf-8', 'Transfer-Encoding': 'chunked', 'Connection': 'keep-alive', 'X-Powered-By': 'Express', 'Access-Control-Allow-Origin': '*', 'Cache-Control': 'no-cache', 'ETag': 'W/"46d-q3n3MFbg59IPBLUt6mfCJymkNV4"', 'Vary': 'Accept-Encoding', 'Content-Encoding': 'gzip', 'CF-Cache-Status': 'DYNAMIC', 'Report-To': '{"endpoints":[{"url":"https:\\/\\/a.nel.cloudflare.com\\/report\\/v4?s=nZrZ%2FcomdMfO7dnnEBy0Pz3l7aLnfL1rmiwIMwLuaf6RDekhFq59PQ1ycd%2FoiPDBFyAyH6nFPPt0VGpPIE4lSTgX1KovUY8EymfR%2BTW35141nliEv9kbcFHgQN4WzvN3"}],"group":"cf-nel","max_age":604800}', 'NEL': '{"success_fraction":0,"report_to":"cf-nel","max_age":604800}', 'Server': 'cloudflare', 'CF-RAY': '885f89b8b8c681ab-IAD', 'alt-svc': 'h3=":443"; ma=86400'} 
 body={"results":[{"gender":"male","name":{"title":"Mr","first":"Gustav","last":"Larsen"},"location":{"street":{"number":4809,"name":"Absalonsgade"},"city":"Agerbæk","state":"Midtjylland","country":"Denmark","postcode":33353,"coordinates":{"latitude":"-46.6062","longitude":"-53.0042"},"timezone":{"offset":"-3:30","description":"Newfoundland"}},"email":"gustav.larsen@example.com","login":{"uuid":"56570054-5ab6-416f-b58e-22942ac2a8e0","username":"lazytiger220","password":"fred","salt":"wQQAhx99","md5":"f3014e86651f9d880e635bcb7826998c","sha1":"e3d6c2d2c3a0968abd17f02360b4673a208ff64a","sha256":"88ea03718c0833c47f24ef9898dd591460cd04e7f363ef325cd0f942518016ae"},"dob":{"date":"1954-07-12T04:12:40.583Z","age":69},"registered":{"date":"2013-10-10T04:02:00.000Z","age":10},"phone":"16716580","cell":"48848492","id":{"name":"CPR","value":"110754-7781"},"picture":{"large":"https://randomuser.me/api/portraits/men/28.jpg","medium":"https://randomuser.me/api/portraits/med/men/28.jpg","thumbnail":"https://randomuser.me/api/portraits/thumb/men/28.jpg"},"nat":"DK"}],"info":{"seed":"678d5f7ea5107106","results":1,"page":1,"version":"1.4"}} 
 </msg>
<msg time="2024-05-18T23:13:28.505810" level="INFO">/opt/hostedtoolcache/Python/3.12.3/x64/lib/python3.12/site-packages/urllib3/connectionpool.py:1103: InsecureRequestWarning: Unverified HTTPS request is being made to host 'randomuser.me'. Adding certificate verification is strongly advised. See: https://urllib3.readthedocs.io/en/latest/advanced-usage.html#tls-warnings
  warnings.warn(</msg>
<msg time="2024-05-18T23:13:28.505935" level="INFO">${response} = &lt;Response [200]&gt;</msg>
<var>${response}</var>
<arg>consultarAPI</arg>
<arg>/api</arg>
<doc>Sends a GET request on a previously created HTTP Session.</doc>
<status status="PASS" start="2024-05-18T23:13:28.435331" elapsed="0.070652"/>
</kw>
<kw name="Set Variable" owner="BuiltIn">
<msg time="2024-05-18T23:13:28.507066" level="INFO">${json_data} = {'results': [{'gender': 'male', 'name': {'title': 'Mr', 'first': 'Gustav', 'last': 'Larsen'}, 'location': {'street': {'number': 4809, 'name': 'Absalonsgade'}, 'city': 'Agerbæk', 'state': 'Midtjylland'...</msg>
<var>${json_data}</var>
<arg>${response.json()}</arg>
<doc>Returns the given values which can then be assigned to a variables.</doc>
<status status="PASS" start="2024-05-18T23:13:28.506484" elapsed="0.000612"/>
</kw>
<kw name="Set Variable" owner="BuiltIn">
<msg time="2024-05-18T23:13:28.507788" level="INFO">${name_title} = Mr</msg>
<var>${name_title}</var>
<arg>${json_data["results"][0]["name"]["title"]}</arg>
<doc>Returns the given values which can then be assigned to a variables.</doc>
<status status="PASS" start="2024-05-18T23:13:28.507405" elapsed="0.000408"/>
</kw>
<kw name="Create List" owner="BuiltIn">
<msg time="2024-05-18T23:13:28.508275" level="INFO">${allowed_titles} = ['Mr', 'Ms', 'Miss', 'Mrs', 'Madame', 'Monsieur']</msg>
<var>${allowed_titles}</var>
<arg>Mr</arg>
<arg>Ms</arg>
<arg>Miss</arg>
<arg>Mrs</arg>
<arg>Madame</arg>
<arg>Monsieur</arg>
<doc>Returns a list containing given items.</doc>
<status status="PASS" start="2024-05-18T23:13:28.508123" elapsed="0.000176"/>
</kw>
<kw name="List Should Contain Value" owner="Collections">
<msg time="2024-05-18T23:13:28.508769" level="INFO">False</msg>
<arg>${allowed_titles}</arg>
<arg>${name_title}</arg>
<doc>Fails if the ``value`` is not found from ``list``.</doc>
<status status="PASS" start="2024-05-18T23:13:28.508597" elapsed="0.000208"/>
</kw>
<kw name="Set Variable" owner="BuiltIn">
<msg time="2024-05-18T23:13:28.509475" level="INFO">${name_country} = DK</msg>
<var>${name_country}</var>
<arg>${json_data["results"][0]["nat"]}</arg>
<doc>Returns the given values which can then be assigned to a variables.</doc>
<status status="PASS" start="2024-05-18T23:13:28.509095" elapsed="0.000405"/>
</kw>
<kw name="Create List" owner="BuiltIn">
<msg time="2024-05-18T23:13:28.510393" level="INFO">${list_country} = ['AD', 'AE', 'AF', 'AG', 'AI', 'AL', 'AM', 'AO', 'AQ', 'AR', 'AS', 'AT', 'AU', 'AW', 'AX', 'AZ', 'BA', 'BB', 'BD', 'BE', 'BF', 'BG', 'BH', 'BI', 'BJ', 'BL', 'BM', 'BN', 'BO', 'BQ', 'BR', 'BS', 'BT', '...</msg>
<var>${list_country}</var>
<arg>AD</arg>
<arg>AE</arg>
<arg>AF</arg>
<arg>AG</arg>
<arg>AI</arg>
<arg>AL</arg>
<arg>AM</arg>
<arg>AO</arg>
<arg>AQ</arg>
<arg>AR</arg>
<arg>AS</arg>
<arg>AT</arg>
<arg>AU</arg>
<arg>AW</arg>
<arg>AX</arg>
<arg>AZ</arg>
<arg>BA</arg>
<arg>BB</arg>
<arg>BD</arg>
<arg>BE</arg>
<arg>BF</arg>
<arg>BG</arg>
<arg>BH</arg>
<arg>BI</arg>
<arg>BJ</arg>
<arg>BL</arg>
<arg>BM</arg>
<arg>BN</arg>
<arg>BO</arg>
<arg>BQ</arg>
<arg>BR</arg>
<arg>BS</arg>
<arg>BT</arg>
<arg>BV</arg>
<arg>BW</arg>
<arg>BY</arg>
<arg>BZ</arg>
<arg>CA</arg>
<arg>CC</arg>
<arg>CD</arg>
<arg>CF</arg>
<arg>CG</arg>
<arg>CH</arg>
<arg>CI</arg>
<arg>CK</arg>
<arg>CL</arg>
<arg>CM</arg>
<arg>CN</arg>
<arg>CO</arg>
<arg>CR</arg>
<arg>CU</arg>
<arg>CV</arg>
<arg>CW</arg>
<arg>CX</arg>
<arg>CY</arg>
<arg>CZ</arg>
<arg>DE</arg>
<arg>DJ</arg>
<arg>DK</arg>
<arg>DM</arg>
<arg>DO</arg>
<arg>DZ</arg>
<arg>EC</arg>
<arg>EE</arg>
<arg>EG</arg>
<arg>EH</arg>
<arg>ER</arg>
<arg>ES</arg>
<arg>ET</arg>
<arg>FI</arg>
<arg>FJ</arg>
<arg>FK</arg>
<arg>FM</arg>
<arg>FO</arg>
<arg>FR</arg>
<arg>GA</arg>
<arg>GB</arg>
<arg>GD</arg>
<arg>GE</arg>
<arg>GF</arg>
<arg>GG</arg>
<arg>GH</arg>
<arg>GI</arg>
<arg>GL</arg>
<arg>GM</arg>
<arg>GN</arg>
<arg>GP</arg>
<arg>GQ</arg>
<arg>GR</arg>
<arg>GS</arg>
<arg>GT</arg>
<arg>GU</arg>
<arg>GW</arg>
<arg>GY</arg>
<arg>HK</arg>
<arg>HM</arg>
<arg>HN</arg>
<arg>HR</arg>
<arg>HT</arg>
<arg>HU</arg>
<arg>ID</arg>
<arg>IE</arg>
<arg>IL</arg>
<arg>IM</arg>
<arg>IN</arg>
<arg>IO</arg>
<arg>IQ</arg>
<arg>IR</arg>
<arg>IS</arg>
<arg>IT</arg>
<arg>JE</arg>
<arg>JM</arg>
<arg>JO</arg>
<arg>JP</arg>
<arg>KE</arg>
<arg>KG</arg>
<arg>KH</arg>
<arg>KI</arg>
<arg>KM</arg>
<arg>KN</arg>
<arg>KP</arg>
<arg>KR</arg>
<arg>KW</arg>
<arg>KY</arg>
<arg>KZ</arg>
<arg>LA</arg>
<arg>LB</arg>
<arg>LC</arg>
<arg>LI</arg>
<arg>LK</arg>
<arg>LR</arg>
<arg>LS</arg>
<arg>LT</arg>
<arg>LU</arg>
<arg>LV</arg>
<arg>LY</arg>
<arg>MA</arg>
<arg>MC</arg>
<arg>MD</arg>
<arg>ME</arg>
<arg>MF</arg>
<arg>MG</arg>
<arg>MH</arg>
<arg>MK</arg>
<arg>ML</arg>
<arg>MM</arg>
<arg>MN</arg>
<arg>MO</arg>
<arg>MP</arg>
<arg>MQ</arg>
<arg>MR</arg>
<arg>MS</arg>
<arg>MT</arg>
<arg>MU</arg>
<arg>MV</arg>
<arg>MW</arg>
<arg>MX</arg>
<arg>MY</arg>
<arg>MZ</arg>
<arg>NA</arg>
<arg>NC</arg>
<arg>NE</arg>
<arg>NF</arg>
<arg>NG</arg>
<arg>NI</arg>
<arg>NL</arg>
<arg>NO</arg>
<arg>NP</arg>
<arg>NR</arg>
<arg>NU</arg>
<arg>NZ</arg>
<arg>OM</arg>
<arg>PA</arg>
<arg>PE</arg>
<arg>PF</arg>
<arg>PG</arg>
<arg>PH</arg>
<arg>PK</arg>
<arg>PL</arg>
<arg>PM</arg>
<arg>PN</arg>
<arg>PR</arg>
<arg>PS</arg>
<arg>PT</arg>
<arg>PW</arg>
<arg>PY</arg>
<arg>QA</arg>
<arg>RE</arg>
<arg>RO</arg>
<arg>RS</arg>
<arg>RU</arg>
<arg>RW</arg>
<arg>SA</arg>
<arg>SB</arg>
<arg>SC</arg>
<arg>SD</arg>
<arg>SE</arg>
<arg>SG</arg>
<arg>SH</arg>
<arg>SI</arg>
<arg>SJ</arg>
<arg>SK</arg>
<arg>SL</arg>
<arg>SM</arg>
<arg>SN</arg>
<arg>SO</arg>
<arg>SR</arg>
<arg>SS</arg>
<arg>ST</arg>
<arg>SV</arg>
<arg>SX</arg>
<arg>SY</arg>
<arg>SZ</arg>
<arg>TC</arg>
<arg>TD</arg>
<arg>TF</arg>
<arg>TG</arg>
<arg>TH</arg>
<arg>TJ</arg>
<arg>TK</arg>
<arg>TL</arg>
<arg>TM</arg>
<arg>TN</arg>
<arg>TO</arg>
<arg>TR</arg>
<arg>TT</arg>
<arg>TV</arg>
<arg>TW</arg>
<arg>TZ</arg>
<arg>UA</arg>
<arg>UG</arg>
<arg>UM</arg>
<arg>US</arg>
<arg>UY</arg>
<arg>UZ</arg>
<arg>VA</arg>
<arg>VC</arg>
<arg>VE</arg>
<arg>VG</arg>
<arg>VI</arg>
<arg>VN</arg>
<arg>VU</arg>
<arg>WF</arg>
<arg>WS</arg>
<arg>XK</arg>
<arg>YE</arg>
<arg>YT</arg>
<arg>ZA</arg>
<arg>ZM</arg>
<arg>ZW</arg>
<doc>Returns a list containing given items.</doc>
<status status="PASS" start="2024-05-18T23:13:28.509803" elapsed="0.000616"/>
</kw>
<kw name="List Should Contain Value" owner="Collections">
<msg time="2024-05-18T23:13:28.511438" level="INFO">False</msg>
<arg>${list_country}</arg>
<arg>${name_country}</arg>
<doc>Fails if the ``value`` is not found from ``list``.</doc>
<status status="PASS" start="2024-05-18T23:13:28.511236" elapsed="0.000237"/>
</kw>
<kw name="Run Keyword If" owner="BuiltIn">
<kw name="Should Be True" owner="BuiltIn">
<arg>${True}</arg>
<doc>Fails if the given condition is not true.</doc>
<status status="PASS" start="2024-05-18T23:13:28.512537" elapsed="0.000143"/>
</kw>
<arg>${json_data["results"][0]["location"]["coordinates"]["latitude"]} &gt;= -90 and ${json_data["results"][0]["location"]["coordinates"]["latitude"]} &lt;= 90</arg>
<arg>Should Be True</arg>
<arg>${True}</arg>
<doc>Runs the given keyword with the given arguments, if ``condition`` is true.</doc>
<status status="PASS" start="2024-05-18T23:13:28.511785" elapsed="0.001023"/>
</kw>
<kw name="Run Keyword If" owner="BuiltIn">
<kw name="Should Be True" owner="BuiltIn">
<arg>${True}</arg>
<doc>Fails if the given condition is not true.</doc>
<status status="PASS" start="2024-05-18T23:13:28.513678" elapsed="0.000243"/>
</kw>
<arg>${json_data["results"][0]["location"]["coordinates"]["longitude"]} &gt;= -180 and ${json_data["results"][0]["location"]["coordinates"]["longitude"]} &lt;= 180</arg>
<arg>Should Be True</arg>
<arg>${True}</arg>
<doc>Runs the given keyword with the given arguments, if ``condition`` is true.</doc>
<status status="PASS" start="2024-05-18T23:13:28.512996" elapsed="0.001051"/>
</kw>
<status status="PASS" start="2024-05-18T23:13:28.435104" elapsed="0.079073"/>
</kw>
<doc>Testa o conteúdo específico dos campos retornados pela API.</doc>
<tag>testeConteudo</tag>
<status status="PASS" start="2024-05-18T23:13:28.434587" elapsed="0.079736"/>
</test>
<status status="PASS" start="2024-05-18T23:13:27.694109" elapsed="0.822205"/>
</suite>
<status status="PASS" start="2024-05-18T23:13:27.680655" elapsed="0.840813"/>
</suite>
<statistics>
<total>
<stat pass="5" fail="0" skip="0">All Tests</stat>
</total>
<tag>
<stat pass="1" fail="0" skip="0">testeConteudo</stat>
<stat pass="1" fail="0" skip="0">testeEstruturaResposta</stat>
<stat pass="1" fail="0" skip="0">testeRequisicaoBasica</stat>
<stat pass="1" fail="0" skip="0">testeTiposDados</stat>
</tag>
<suite>
<stat pass="5" fail="0" skip="0" id="s1" name="Tests">Tests</stat>
<stat pass="5" fail="0" skip="0" id="s1-s1" name="Random-User-Test">Tests.Random-User-Test</stat>
</suite>
</statistics>
<errors>
</errors>
</robot>
