<?xml version="1.0" encoding="UTF-8"?>
<robot generator="Robot 7.0 (Python 3.12.3 on linux)" generated="2024-05-19T07:12:53.230456" rpa="false" schemaversion="5">
<suite id="s1" name="Tests" source="/home/runner/work/DesafioQAItauRogerioJordao/DesafioQAItauRogerioJordao/RamdonUser/tests">
<suite id="s1-s1" name="Random-User-Test" source="/home/runner/work/DesafioQAItauRogerioJordao/DesafioQAItauRogerioJordao/RamdonUser/tests/random-user-test.robot">
<test id="s1-s1-t1" name="Conectar" line="13">
<kw name="Conectar API" owner="random-user-service">
<kw name="Create Session" owner="RequestsLibrary">
<msg time="2024-05-19T07:12:53.597477" level="INFO">Creating Session using : alias=consultarAPI, url=https://randomuser.me/, headers={},                     cookies={}, auth=None, timeout=None, proxies=None, verify=False,                     debug=0 </msg>
<arg>consultarAPI</arg>
<arg>${URL}</arg>
<doc>Create Session: create a HTTP session to a server</doc>
<status status="PASS" start="2024-05-19T07:12:53.597274" elapsed="0.000392"/>
</kw>
<status status="PASS" start="2024-05-19T07:12:53.596291" elapsed="0.001737"/>
</kw>
<status status="PASS" start="2024-05-19T07:12:53.595687" elapsed="0.002537"/>
</test>
<test id="s1-s1-t2" name="Validar retorno 200 e JSON Válido" line="16">
<kw name="Teste de Requisicao Basica" owner="random-user-service">
<kw name="GET On Session" owner="RequestsLibrary">
<msg time="2024-05-19T07:12:53.717795" level="INFO">GET Request : url=https://randomuser.me/api 
 path_url=/api 
 headers={'User-Agent': 'python-requests/2.31.0', 'Accept-Encoding': 'gzip, deflate', 'Accept': '*/*', 'Connection': 'keep-alive'} 
 body=None 
 </msg>
<msg time="2024-05-19T07:12:53.717947" level="INFO">GET Response : url=https://randomuser.me/api 
 status=200, reason=OK 
 headers={'Date': 'Sun, 19 May 2024 07:12:53 GMT', 'Content-Type': 'application/json; charset=utf-8', 'Transfer-Encoding': 'chunked', 'Connection': 'keep-alive', 'X-Powered-By': 'Express', 'Access-Control-Allow-Origin': '*', 'Cache-Control': 'no-cache', 'ETag': 'W/"473-cRHRmoxFRib0TnAZoODcFn532zc"', 'Vary': 'Accept-Encoding', 'Content-Encoding': 'gzip', 'CF-Cache-Status': 'DYNAMIC', 'Report-To': '{"endpoints":[{"url":"https:\\/\\/a.nel.cloudflare.com\\/report\\/v4?s=W8NMG4%2BfQdowPBEe%2BjS3ONrOb%2F7zm1g8vAtOzTyiR1w0PXUQY8z85dzaIF04%2FFTNnankJAf62dbzp%2FejFh3szQAEh7JvHKc3v3xwXq20j1nvu2a%2BPWSn%2B4tUQPPfrXeO"}],"group":"cf-nel","max_age":604800}', 'NEL': '{"success_fraction":0,"report_to":"cf-nel","max_age":604800}', 'Server': 'cloudflare', 'CF-RAY': '886247ff28e767ac-SJC', 'alt-svc': 'h3=":443"; ma=86400'} 
 body={"results":[{"gender":"male","name":{"title":"Mr","first":"Eric","last":"Flores"},"location":{"street":{"number":9456,"name":"Sunset St"},"city":"Shepparton","state":"Western Australia","country":"Australia","postcode":7582,"coordinates":{"latitude":"-81.9844","longitude":"-20.1180"},"timezone":{"offset":"+3:30","description":"Tehran"}},"email":"eric.flores@example.com","login":{"uuid":"549fcce2-4e34-4792-8e26-3d0f1970c7ad","username":"biggorilla315","password":"vanessa","salt":"t4ptDLjs","md5":"fcd23917f8b59d7a1272ed256bacd49b","sha1":"21d2c467b7c4d0d7f3656821b8f512aee3679741","sha256":"8b317635e9399e045e12a3b523f80b522122107464efcd1825cf8f51376c5c9b"},"dob":{"date":"1992-02-07T17:43:20.577Z","age":32},"registered":{"date":"2002-04-23T18:52:53.057Z","age":22},"phone":"00-5407-4685","cell":"0461-971-642","id":{"name":"TFN","value":"662974032"},"picture":{"large":"https://randomuser.me/api/portraits/men/94.jpg","medium":"https://randomuser.me/api/portraits/med/men/94.jpg","thumbnail":"https://randomuser.me/api/portraits/thumb/men/94.jpg"},"nat":"AU"}],"info":{"seed":"87f498eacafd6035","results":1,"page":1,"version":"1.4"}} 
 </msg>
<msg time="2024-05-19T07:12:53.718024" level="INFO">/opt/hostedtoolcache/Python/3.12.3/x64/lib/python3.12/site-packages/urllib3/connectionpool.py:1103: InsecureRequestWarning: Unverified HTTPS request is being made to host 'randomuser.me'. Adding certificate verification is strongly advised. See: https://urllib3.readthedocs.io/en/latest/advanced-usage.html#tls-warnings
  warnings.warn(</msg>
<msg time="2024-05-19T07:12:53.718173" level="INFO">${response} = &lt;Response [200]&gt;</msg>
<var>${response}</var>
<arg>consultarAPI</arg>
<arg>/api</arg>
<doc>Sends a GET request on a previously created HTTP Session.</doc>
<status status="PASS" start="2024-05-19T07:12:53.600868" elapsed="0.117346"/>
</kw>
<kw name="Should Be Equal As Numbers" owner="BuiltIn">
<msg time="2024-05-19T07:12:53.719299" level="INFO">Argument types are:
&lt;class 'int'&gt;
&lt;class 'str'&gt;</msg>
<arg>${response.status_code}</arg>
<arg>200</arg>
<doc>Fails if objects are unequal after converting them to real numbers.</doc>
<status status="PASS" start="2024-05-19T07:12:53.718819" elapsed="0.000548"/>
</kw>
<kw name="Log" owner="BuiltIn">
<msg time="2024-05-19T07:12:53.720114" level="INFO">200</msg>
<arg>${response.status_code}</arg>
<doc>Logs the given message with the given level.</doc>
<status status="PASS" start="2024-05-19T07:12:53.719719" elapsed="0.000439"/>
</kw>
<kw name="Set Variable" owner="BuiltIn">
<msg time="2024-05-19T07:12:53.720899" level="INFO">${json_data} = {'results': [{'gender': 'male', 'name': {'title': 'Mr', 'first': 'Eric', 'last': 'Flores'}, 'location': {'street': {'number': 9456, 'name': 'Sunset St'}, 'city': 'Shepparton', 'state': 'Western Austra...</msg>
<var>${json_data}</var>
<arg>${response.json()}</arg>
<doc>Returns the given values which can then be assigned to a variables.</doc>
<status status="PASS" start="2024-05-19T07:12:53.720469" elapsed="0.000459"/>
</kw>
<kw name="Dictionary Should Contain Key" owner="Collections">
<msg time="2024-05-19T07:12:53.721409" level="INFO">False</msg>
<arg>${json_data}</arg>
<arg>results</arg>
<doc>Fails if ``key`` is not found from ``dictionary``.</doc>
<status status="PASS" start="2024-05-19T07:12:53.721234" elapsed="0.000216"/>
</kw>
<status status="PASS" start="2024-05-19T07:12:53.600623" elapsed="0.121085"/>
</kw>
<doc>Testa se a API responde corretamente e retorna um objeto JSON válido.</doc>
<tag>testeRequisicaoBasica</tag>
<status status="PASS" start="2024-05-19T07:12:53.600146" elapsed="0.121751"/>
</test>
<test id="s1-s1-t3" name="Validar estrutura de resposta" line="22">
<kw name="Teste de Estrutura de Resposta" owner="random-user-service">
<kw name="GET On Session" owner="RequestsLibrary">
<msg time="2024-05-19T07:12:53.814435" level="INFO">GET Request : url=https://randomuser.me/api 
 path_url=/api 
 headers={'User-Agent': 'python-requests/2.31.0', 'Accept-Encoding': 'gzip, deflate', 'Accept': '*/*', 'Connection': 'keep-alive'} 
 body=None 
 </msg>
<msg time="2024-05-19T07:12:53.814515" level="INFO">GET Response : url=https://randomuser.me/api 
 status=200, reason=OK 
 headers={'Date': 'Sun, 19 May 2024 07:12:53 GMT', 'Content-Type': 'application/json; charset=utf-8', 'Transfer-Encoding': 'chunked', 'Connection': 'keep-alive', 'X-Powered-By': 'Express', 'Access-Control-Allow-Origin': '*', 'Cache-Control': 'no-cache', 'ETag': 'W/"496-ZZOODuXuW2lFfvrJMojQ0UaxQqA"', 'Vary': 'Accept-Encoding', 'Content-Encoding': 'gzip', 'CF-Cache-Status': 'DYNAMIC', 'Report-To': '{"endpoints":[{"url":"https:\\/\\/a.nel.cloudflare.com\\/report\\/v4?s=Z88REWub1gnPcX3X9PrFcfxxiOGbdoSExZ5ZBpQ09mLqUZHTqM2mNT2vLGZvLeGbbgoUeb15%2FjWGclGBC%2B1xno0gnyd1HLA8VPfnSlpezDSrgTg%2FwDD6SHpt%2BTKeb0en"}],"group":"cf-nel","max_age":604800}', 'NEL': '{"success_fraction":0,"report_to":"cf-nel","max_age":604800}', 'Server': 'cloudflare', 'CF-RAY': '886247ffc95e67ac-SJC', 'alt-svc': 'h3=":443"; ma=86400'} 
 body={"results":[{"gender":"male","name":{"title":"Mr","first":"Emiliano","last":"Lemus"},"location":{"street":{"number":8236,"name":"Peatonal Salcido"},"city":"Cherán Atzicuirin","state":"Queretaro","country":"Mexico","postcode":97077,"coordinates":{"latitude":"24.4937","longitude":"-61.7864"},"timezone":{"offset":"+6:00","description":"Almaty, Dhaka, Colombo"}},"email":"emiliano.lemus@example.com","login":{"uuid":"37cdc2af-a39b-46c3-b110-d2b08aa7e51d","username":"beautifulbird866","password":"allegro","salt":"NpMTBVm9","md5":"ee0d3231b011490848cc72c49ff27e94","sha1":"615c6607efc2704366eced8912f971a2a50ad66a","sha256":"0e18951d8dc481a9a0008ce5a4683b9e39d5bf2f523bac00262049c46ec1d406"},"dob":{"date":"1953-03-29T18:24:13.571Z","age":71},"registered":{"date":"2016-06-02T03:17:04.142Z","age":7},"phone":"(656) 649 3185","cell":"(641) 008 8218","id":{"name":"NSS","value":"03 04 57 0512 4"},"picture":{"large":"https://randomuser.me/api/portraits/men/4.jpg","medium":"https://randomuser.me/api/portraits/med/men/4.jpg","thumbnail":"https://randomuser.me/api/portraits/thumb/men/4.jpg"},"nat":"MX"}],"info":{"seed":"f7ebe2e458c5fbb3","results":1,"page":1,"version":"1.4"}} 
 </msg>
<msg time="2024-05-19T07:12:53.814636" level="INFO">/opt/hostedtoolcache/Python/3.12.3/x64/lib/python3.12/site-packages/urllib3/connectionpool.py:1103: InsecureRequestWarning: Unverified HTTPS request is being made to host 'randomuser.me'. Adding certificate verification is strongly advised. See: https://urllib3.readthedocs.io/en/latest/advanced-usage.html#tls-warnings
  warnings.warn(</msg>
<msg time="2024-05-19T07:12:53.814766" level="INFO">${response} = &lt;Response [200]&gt;</msg>
<var>${response}</var>
<arg>consultarAPI</arg>
<arg>/api</arg>
<doc>Sends a GET request on a previously created HTTP Session.</doc>
<status status="PASS" start="2024-05-19T07:12:53.724934" elapsed="0.089880"/>
</kw>
<kw name="Set Variable" owner="BuiltIn">
<msg time="2024-05-19T07:12:53.815879" level="INFO">${json_data} = {'results': [{'gender': 'male', 'name': {'title': 'Mr', 'first': 'Emiliano', 'last': 'Lemus'}, 'location': {'street': {'number': 8236, 'name': 'Peatonal Salcido'}, 'city': 'Cherán Atzicuirin', 'state'...</msg>
<var>${json_data}</var>
<arg>${response.json()}</arg>
<doc>Returns the given values which can then be assigned to a variables.</doc>
<status status="PASS" start="2024-05-19T07:12:53.815277" elapsed="0.000633"/>
</kw>
<kw name="Log" owner="BuiltIn">
<msg time="2024-05-19T07:12:53.816389" level="INFO">{'results': [{'gender': 'male', 'name': {'title': 'Mr', 'first': 'Emiliano', 'last': 'Lemus'}, 'location': {'street': {'number': 8236, 'name': 'Peatonal Salcido'}, 'city': 'Cherán Atzicuirin', 'state': 'Queretaro', 'country': 'Mexico', 'postcode': 97077, 'coordinates': {'latitude': '24.4937', 'longitude': '-61.7864'}, 'timezone': {'offset': '+6:00', 'description': 'Almaty, Dhaka, Colombo'}}, 'email': 'emiliano.lemus@example.com', 'login': {'uuid': '37cdc2af-a39b-46c3-b110-d2b08aa7e51d', 'username': 'beautifulbird866', 'password': 'allegro', 'salt': 'NpMTBVm9', 'md5': 'ee0d3231b011490848cc72c49ff27e94', 'sha1': '615c6607efc2704366eced8912f971a2a50ad66a', 'sha256': '0e18951d8dc481a9a0008ce5a4683b9e39d5bf2f523bac00262049c46ec1d406'}, 'dob': {'date': '1953-03-29T18:24:13.571Z', 'age': 71}, 'registered': {'date': '2016-06-02T03:17:04.142Z', 'age': 7}, 'phone': '(656) 649 3185', 'cell': '(641) 008 8218', 'id': {'name': 'NSS', 'value': '03 04 57 0512 4'}, 'picture': {'large': 'https://randomuser.me/api/portraits/men/4.jpg', 'medium': 'https://randomuser.me/api/portraits/med/men/4.jpg', 'thumbnail': 'https://randomuser.me/api/portraits/thumb/men/4.jpg'}, 'nat': 'MX'}], 'info': {'seed': 'f7ebe2e458c5fbb3', 'results': 1, 'page': 1, 'version': '1.4'}}</msg>
<arg>${json_data}</arg>
<doc>Logs the given message with the given level.</doc>
<status status="PASS" start="2024-05-19T07:12:53.816228" elapsed="0.000210"/>
</kw>
<kw name="Dictionary Should Contain Key" owner="Collections">
<msg time="2024-05-19T07:12:53.816896" level="INFO">False</msg>
<arg>${json_data}</arg>
<arg>results</arg>
<doc>Fails if ``key`` is not found from ``dictionary``.</doc>
<status status="PASS" start="2024-05-19T07:12:53.816739" elapsed="0.000195"/>
</kw>
<kw name="Should Not Be Empty" owner="BuiltIn">
<msg time="2024-05-19T07:12:53.817365" level="INFO">Length is 2.</msg>
<arg>${json_data}</arg>
<doc>Verifies that the given item is not empty.</doc>
<status status="PASS" start="2024-05-19T07:12:53.817229" elapsed="0.000310"/>
</kw>
<kw name="Create List" owner="BuiltIn">
<msg time="2024-05-19T07:12:53.818000" level="INFO">${expected_keys} = ['gender', 'name', 'location', 'email', 'login']</msg>
<var>${expected_keys}</var>
<arg>gender</arg>
<arg>name</arg>
<arg>location</arg>
<arg>email</arg>
<arg>login</arg>
<doc>Returns a list containing given items.</doc>
<status status="PASS" start="2024-05-19T07:12:53.817843" elapsed="0.000182"/>
</kw>
<for flavor="IN">
<iter>
<kw name="Dictionary Should Contain Key" owner="Collections">
<msg time="2024-05-19T07:12:53.819004" level="INFO">False</msg>
<arg>${json_data['results'][0]}</arg>
<arg>${key}</arg>
<doc>Fails if ``key`` is not found from ``dictionary``.</doc>
<status status="PASS" start="2024-05-19T07:12:53.818600" elapsed="0.000443"/>
</kw>
<kw name="Log" owner="BuiltIn">
<msg time="2024-05-19T07:12:53.819726" level="INFO">{'gender': 'male', 'name': {'title': 'Mr', 'first': 'Emiliano', 'last': 'Lemus'}, 'location': {'street': {'number': 8236, 'name': 'Peatonal Salcido'}, 'city': 'Cherán Atzicuirin', 'state': 'Queretaro', 'country': 'Mexico', 'postcode': 97077, 'coordinates': {'latitude': '24.4937', 'longitude': '-61.7864'}, 'timezone': {'offset': '+6:00', 'description': 'Almaty, Dhaka, Colombo'}}, 'email': 'emiliano.lemus@example.com', 'login': {'uuid': '37cdc2af-a39b-46c3-b110-d2b08aa7e51d', 'username': 'beautifulbird866', 'password': 'allegro', 'salt': 'NpMTBVm9', 'md5': 'ee0d3231b011490848cc72c49ff27e94', 'sha1': '615c6607efc2704366eced8912f971a2a50ad66a', 'sha256': '0e18951d8dc481a9a0008ce5a4683b9e39d5bf2f523bac00262049c46ec1d406'}, 'dob': {'date': '1953-03-29T18:24:13.571Z', 'age': 71}, 'registered': {'date': '2016-06-02T03:17:04.142Z', 'age': 7}, 'phone': '(656) 649 3185', 'cell': '(641) 008 8218', 'id': {'name': 'NSS', 'value': '03 04 57 0512 4'}, 'picture': {'large': 'https://randomuser.me/api/portraits/men/4.jpg', 'medium': 'https://randomuser.me/api/portraits/med/men/4.jpg', 'thumbnail': 'https://randomuser.me/api/portraits/thumb/men/4.jpg'}, 'nat': 'MX'}</msg>
<arg>${json_data['results'][0]}</arg>
<doc>Logs the given message with the given level.</doc>
<status status="PASS" start="2024-05-19T07:12:53.819356" elapsed="0.000461"/>
</kw>
<kw name="Log" owner="BuiltIn">
<msg time="2024-05-19T07:12:53.820262" level="INFO">gender</msg>
<arg>${key}</arg>
<doc>Logs the given message with the given level.</doc>
<status status="PASS" start="2024-05-19T07:12:53.820131" elapsed="0.000170"/>
</kw>
<var name="${key}">gender</var>
<status status="PASS" start="2024-05-19T07:12:53.818471" elapsed="0.002050"/>
</iter>
<iter>
<kw name="Dictionary Should Contain Key" owner="Collections">
<msg time="2024-05-19T07:12:53.821220" level="INFO">False</msg>
<arg>${json_data['results'][0]}</arg>
<arg>${key}</arg>
<doc>Fails if ``key`` is not found from ``dictionary``.</doc>
<status status="PASS" start="2024-05-19T07:12:53.820832" elapsed="0.000425"/>
</kw>
<kw name="Log" owner="BuiltIn">
<msg time="2024-05-19T07:12:53.821943" level="INFO">{'gender': 'male', 'name': {'title': 'Mr', 'first': 'Emiliano', 'last': 'Lemus'}, 'location': {'street': {'number': 8236, 'name': 'Peatonal Salcido'}, 'city': 'Cherán Atzicuirin', 'state': 'Queretaro', 'country': 'Mexico', 'postcode': 97077, 'coordinates': {'latitude': '24.4937', 'longitude': '-61.7864'}, 'timezone': {'offset': '+6:00', 'description': 'Almaty, Dhaka, Colombo'}}, 'email': 'emiliano.lemus@example.com', 'login': {'uuid': '37cdc2af-a39b-46c3-b110-d2b08aa7e51d', 'username': 'beautifulbird866', 'password': 'allegro', 'salt': 'NpMTBVm9', 'md5': 'ee0d3231b011490848cc72c49ff27e94', 'sha1': '615c6607efc2704366eced8912f971a2a50ad66a', 'sha256': '0e18951d8dc481a9a0008ce5a4683b9e39d5bf2f523bac00262049c46ec1d406'}, 'dob': {'date': '1953-03-29T18:24:13.571Z', 'age': 71}, 'registered': {'date': '2016-06-02T03:17:04.142Z', 'age': 7}, 'phone': '(656) 649 3185', 'cell': '(641) 008 8218', 'id': {'name': 'NSS', 'value': '03 04 57 0512 4'}, 'picture': {'large': 'https://randomuser.me/api/portraits/men/4.jpg', 'medium': 'https://randomuser.me/api/portraits/med/men/4.jpg', 'thumbnail': 'https://randomuser.me/api/portraits/thumb/men/4.jpg'}, 'nat': 'MX'}</msg>
<arg>${json_data['results'][0]}</arg>
<doc>Logs the given message with the given level.</doc>
<status status="PASS" start="2024-05-19T07:12:53.821581" elapsed="0.000411"/>
</kw>
<kw name="Log" owner="BuiltIn">
<msg time="2024-05-19T07:12:53.822420" level="INFO">name</msg>
<arg>${key}</arg>
<doc>Logs the given message with the given level.</doc>
<status status="PASS" start="2024-05-19T07:12:53.822293" elapsed="0.000165"/>
</kw>
<var name="${key}">name</var>
<status status="PASS" start="2024-05-19T07:12:53.820713" elapsed="0.001964"/>
</iter>
<iter>
<kw name="Dictionary Should Contain Key" owner="Collections">
<msg time="2024-05-19T07:12:53.823353" level="INFO">False</msg>
<arg>${json_data['results'][0]}</arg>
<arg>${key}</arg>
<doc>Fails if ``key`` is not found from ``dictionary``.</doc>
<status status="PASS" start="2024-05-19T07:12:53.822971" elapsed="0.000418"/>
</kw>
<kw name="Log" owner="BuiltIn">
<msg time="2024-05-19T07:12:53.824086" level="INFO">{'gender': 'male', 'name': {'title': 'Mr', 'first': 'Emiliano', 'last': 'Lemus'}, 'location': {'street': {'number': 8236, 'name': 'Peatonal Salcido'}, 'city': 'Cherán Atzicuirin', 'state': 'Queretaro', 'country': 'Mexico', 'postcode': 97077, 'coordinates': {'latitude': '24.4937', 'longitude': '-61.7864'}, 'timezone': {'offset': '+6:00', 'description': 'Almaty, Dhaka, Colombo'}}, 'email': 'emiliano.lemus@example.com', 'login': {'uuid': '37cdc2af-a39b-46c3-b110-d2b08aa7e51d', 'username': 'beautifulbird866', 'password': 'allegro', 'salt': 'NpMTBVm9', 'md5': 'ee0d3231b011490848cc72c49ff27e94', 'sha1': '615c6607efc2704366eced8912f971a2a50ad66a', 'sha256': '0e18951d8dc481a9a0008ce5a4683b9e39d5bf2f523bac00262049c46ec1d406'}, 'dob': {'date': '1953-03-29T18:24:13.571Z', 'age': 71}, 'registered': {'date': '2016-06-02T03:17:04.142Z', 'age': 7}, 'phone': '(656) 649 3185', 'cell': '(641) 008 8218', 'id': {'name': 'NSS', 'value': '03 04 57 0512 4'}, 'picture': {'large': 'https://randomuser.me/api/portraits/men/4.jpg', 'medium': 'https://randomuser.me/api/portraits/med/men/4.jpg', 'thumbnail': 'https://randomuser.me/api/portraits/thumb/men/4.jpg'}, 'nat': 'MX'}</msg>
<arg>${json_data['results'][0]}</arg>
<doc>Logs the given message with the given level.</doc>
<status status="PASS" start="2024-05-19T07:12:53.823688" elapsed="0.000448"/>
</kw>
<kw name="Log" owner="BuiltIn">
<msg time="2024-05-19T07:12:53.824565" level="INFO">location</msg>
<arg>${key}</arg>
<doc>Logs the given message with the given level.</doc>
<status status="PASS" start="2024-05-19T07:12:53.824437" elapsed="0.000166"/>
</kw>
<var name="${key}">location</var>
<status status="PASS" start="2024-05-19T07:12:53.822857" elapsed="0.001963"/>
</iter>
<iter>
<kw name="Dictionary Should Contain Key" owner="Collections">
<msg time="2024-05-19T07:12:53.825489" level="INFO">False</msg>
<arg>${json_data['results'][0]}</arg>
<arg>${key}</arg>
<doc>Fails if ``key`` is not found from ``dictionary``.</doc>
<status status="PASS" start="2024-05-19T07:12:53.825109" elapsed="0.000418"/>
</kw>
<kw name="Log" owner="BuiltIn">
<msg time="2024-05-19T07:12:53.826183" level="INFO">{'gender': 'male', 'name': {'title': 'Mr', 'first': 'Emiliano', 'last': 'Lemus'}, 'location': {'street': {'number': 8236, 'name': 'Peatonal Salcido'}, 'city': 'Cherán Atzicuirin', 'state': 'Queretaro', 'country': 'Mexico', 'postcode': 97077, 'coordinates': {'latitude': '24.4937', 'longitude': '-61.7864'}, 'timezone': {'offset': '+6:00', 'description': 'Almaty, Dhaka, Colombo'}}, 'email': 'emiliano.lemus@example.com', 'login': {'uuid': '37cdc2af-a39b-46c3-b110-d2b08aa7e51d', 'username': 'beautifulbird866', 'password': 'allegro', 'salt': 'NpMTBVm9', 'md5': 'ee0d3231b011490848cc72c49ff27e94', 'sha1': '615c6607efc2704366eced8912f971a2a50ad66a', 'sha256': '0e18951d8dc481a9a0008ce5a4683b9e39d5bf2f523bac00262049c46ec1d406'}, 'dob': {'date': '1953-03-29T18:24:13.571Z', 'age': 71}, 'registered': {'date': '2016-06-02T03:17:04.142Z', 'age': 7}, 'phone': '(656) 649 3185', 'cell': '(641) 008 8218', 'id': {'name': 'NSS', 'value': '03 04 57 0512 4'}, 'picture': {'large': 'https://randomuser.me/api/portraits/men/4.jpg', 'medium': 'https://randomuser.me/api/portraits/med/men/4.jpg', 'thumbnail': 'https://randomuser.me/api/portraits/thumb/men/4.jpg'}, 'nat': 'MX'}</msg>
<arg>${json_data['results'][0]}</arg>
<doc>Logs the given message with the given level.</doc>
<status status="PASS" start="2024-05-19T07:12:53.825825" elapsed="0.000408"/>
</kw>
<kw name="Log" owner="BuiltIn">
<msg time="2024-05-19T07:12:53.826662" level="INFO">email</msg>
<arg>${key}</arg>
<doc>Logs the given message with the given level.</doc>
<status status="PASS" start="2024-05-19T07:12:53.826533" elapsed="0.000167"/>
</kw>
<var name="${key}">email</var>
<status status="PASS" start="2024-05-19T07:12:53.824997" elapsed="0.001917"/>
</iter>
<iter>
<kw name="Dictionary Should Contain Key" owner="Collections">
<msg time="2024-05-19T07:12:53.827590" level="INFO">False</msg>
<arg>${json_data['results'][0]}</arg>
<arg>${key}</arg>
<doc>Fails if ``key`` is not found from ``dictionary``.</doc>
<status status="PASS" start="2024-05-19T07:12:53.827201" elapsed="0.000427"/>
</kw>
<kw name="Log" owner="BuiltIn">
<msg time="2024-05-19T07:12:53.828328" level="INFO">{'gender': 'male', 'name': {'title': 'Mr', 'first': 'Emiliano', 'last': 'Lemus'}, 'location': {'street': {'number': 8236, 'name': 'Peatonal Salcido'}, 'city': 'Cherán Atzicuirin', 'state': 'Queretaro', 'country': 'Mexico', 'postcode': 97077, 'coordinates': {'latitude': '24.4937', 'longitude': '-61.7864'}, 'timezone': {'offset': '+6:00', 'description': 'Almaty, Dhaka, Colombo'}}, 'email': 'emiliano.lemus@example.com', 'login': {'uuid': '37cdc2af-a39b-46c3-b110-d2b08aa7e51d', 'username': 'beautifulbird866', 'password': 'allegro', 'salt': 'NpMTBVm9', 'md5': 'ee0d3231b011490848cc72c49ff27e94', 'sha1': '615c6607efc2704366eced8912f971a2a50ad66a', 'sha256': '0e18951d8dc481a9a0008ce5a4683b9e39d5bf2f523bac00262049c46ec1d406'}, 'dob': {'date': '1953-03-29T18:24:13.571Z', 'age': 71}, 'registered': {'date': '2016-06-02T03:17:04.142Z', 'age': 7}, 'phone': '(656) 649 3185', 'cell': '(641) 008 8218', 'id': {'name': 'NSS', 'value': '03 04 57 0512 4'}, 'picture': {'large': 'https://randomuser.me/api/portraits/men/4.jpg', 'medium': 'https://randomuser.me/api/portraits/med/men/4.jpg', 'thumbnail': 'https://randomuser.me/api/portraits/thumb/men/4.jpg'}, 'nat': 'MX'}</msg>
<arg>${json_data['results'][0]}</arg>
<doc>Logs the given message with the given level.</doc>
<status status="PASS" start="2024-05-19T07:12:53.827957" elapsed="0.000430"/>
</kw>
<kw name="Log" owner="BuiltIn">
<msg time="2024-05-19T07:12:53.828818" level="INFO">login</msg>
<arg>${key}</arg>
<doc>Logs the given message with the given level.</doc>
<status status="PASS" start="2024-05-19T07:12:53.828690" elapsed="0.000166"/>
</kw>
<var name="${key}">login</var>
<status status="PASS" start="2024-05-19T07:12:53.827088" elapsed="0.002015"/>
</iter>
<var>${key}</var>
<value>@{expected_keys}</value>
<status status="PASS" start="2024-05-19T07:12:53.818285" elapsed="0.010946"/>
</for>
<kw name="Create List" owner="BuiltIn">
<msg time="2024-05-19T07:12:53.829564" level="INFO">${expected_keysTwo} = ['username', 'password']</msg>
<var>${expected_keysTwo}</var>
<arg>username</arg>
<arg>password</arg>
<doc>Returns a list containing given items.</doc>
<status status="PASS" start="2024-05-19T07:12:53.829427" elapsed="0.000161"/>
</kw>
<for flavor="IN">
<iter>
<kw name="Dictionary Should Contain Key" owner="Collections">
<msg time="2024-05-19T07:12:53.830499" level="INFO">False</msg>
<arg>${json_data['results'][0]['login']}</arg>
<arg>${keyTwo}</arg>
<doc>Fails if ``key`` is not found from ``dictionary``.</doc>
<status status="PASS" start="2024-05-19T07:12:53.830110" elapsed="0.000427"/>
</kw>
<kw name="Dictionary Should Contain Key" owner="Collections">
<msg time="2024-05-19T07:12:53.831208" level="INFO">False</msg>
<arg>${json_data['results'][0]['login']}</arg>
<arg>${keyTwo}</arg>
<doc>Fails if ``key`` is not found from ``dictionary``.</doc>
<status status="PASS" start="2024-05-19T07:12:53.830833" elapsed="0.000413"/>
</kw>
<kw name="Log" owner="BuiltIn">
<msg time="2024-05-19T07:12:53.831662" level="INFO">username</msg>
<arg>${keyTwo}</arg>
<doc>Logs the given message with the given level.</doc>
<status status="PASS" start="2024-05-19T07:12:53.831537" elapsed="0.000167"/>
</kw>
<var name="${keyTwo}">username</var>
<status status="PASS" start="2024-05-19T07:12:53.829989" elapsed="0.001954"/>
</iter>
<iter>
<kw name="Dictionary Should Contain Key" owner="Collections">
<msg time="2024-05-19T07:12:53.832687" level="INFO">False</msg>
<arg>${json_data['results'][0]['login']}</arg>
<arg>${keyTwo}</arg>
<doc>Fails if ``key`` is not found from ``dictionary``.</doc>
<status status="PASS" start="2024-05-19T07:12:53.832227" elapsed="0.000502"/>
</kw>
<kw name="Dictionary Should Contain Key" owner="Collections">
<msg time="2024-05-19T07:12:53.833417" level="INFO">False</msg>
<arg>${json_data['results'][0]['login']}</arg>
<arg>${keyTwo}</arg>
<doc>Fails if ``key`` is not found from ``dictionary``.</doc>
<status status="PASS" start="2024-05-19T07:12:53.833038" elapsed="0.000417"/>
</kw>
<kw name="Log" owner="BuiltIn">
<msg time="2024-05-19T07:12:53.833878" level="INFO">password</msg>
<arg>${keyTwo}</arg>
<doc>Logs the given message with the given level.</doc>
<status status="PASS" start="2024-05-19T07:12:53.833748" elapsed="0.000168"/>
</kw>
<var name="${keyTwo}">password</var>
<status status="PASS" start="2024-05-19T07:12:53.832116" elapsed="0.002017"/>
</iter>
<var>${keyTwo}</var>
<value>@{expected_keysTwo}</value>
<status status="PASS" start="2024-05-19T07:12:53.829836" elapsed="0.004421"/>
</for>
<status status="PASS" start="2024-05-19T07:12:53.724590" elapsed="0.109805"/>
</kw>
<doc>Testa a estrutura da resposta da API.</doc>
<tag>testeEstruturaResposta</tag>
<status status="PASS" start="2024-05-19T07:12:53.723805" elapsed="0.110737"/>
</test>
<test id="s1-s1-t4" name="Validar tipos de dados" line="28">
<kw name="Teste de Tipos de Dados" owner="random-user-service">
<kw name="GET On Session" owner="RequestsLibrary">
<msg time="2024-05-19T07:12:53.938952" level="INFO">GET Request : url=https://randomuser.me/api 
 path_url=/api 
 headers={'User-Agent': 'python-requests/2.31.0', 'Accept-Encoding': 'gzip, deflate', 'Accept': '*/*', 'Connection': 'keep-alive'} 
 body=None 
 </msg>
<msg time="2024-05-19T07:12:53.939038" level="INFO">GET Response : url=https://randomuser.me/api 
 status=200, reason=OK 
 headers={'Date': 'Sun, 19 May 2024 07:12:53 GMT', 'Content-Type': 'application/json; charset=utf-8', 'Transfer-Encoding': 'chunked', 'Connection': 'keep-alive', 'X-Powered-By': 'Express', 'Access-Control-Allow-Origin': '*', 'Cache-Control': 'no-cache', 'ETag': 'W/"4a1-n8X7msVF1gG47MTylpgvHXdlsU8"', 'Vary': 'Accept-Encoding', 'Content-Encoding': 'gzip', 'CF-Cache-Status': 'DYNAMIC', 'Report-To': '{"endpoints":[{"url":"https:\\/\\/a.nel.cloudflare.com\\/report\\/v4?s=HJENPfEBNJpp7BdNlJT%2F1h0oMeISm9vBDKjxiDYsweJPeaIBu6Az2HsM0WV4oES035nhWJDpYmt8q%2FMCCqwYO8Up27BpYBbIjZKSFjt4BxvD40VU5UKqZ%2Fa8ShxCpbbS"}],"group":"cf-nel","max_age":604800}', 'NEL': '{"success_fraction":0,"report_to":"cf-nel","max_age":604800}', 'Server': 'cloudflare', 'CF-RAY': '8862480079e667ac-SJC', 'alt-svc': 'h3=":443"; ma=86400'} 
 body={"results":[{"gender":"female","name":{"title":"Ms","first":"Natalka","last":"Gumenyuk"},"location":{"street":{"number":7449,"name":"Prospekt Stepana Banderi"},"city":"Pereshchepine","state":"Sumska","country":"Ukraine","postcode":46420,"coordinates":{"latitude":"81.3064","longitude":"142.6995"},"timezone":{"offset":"+10:00","description":"Eastern Australia, Guam, Vladivostok"}},"email":"natalka.gumenyuk@example.com","login":{"uuid":"93cfb0ab-6aa1-4f41-848c-c56c508b5840","username":"smallsnake394","password":"kristi","salt":"NNe8rhaq","md5":"73e085eba9c4bf59269f53594ab62e2e","sha1":"321884aa13f6eec38108491e65b4b7ad528c0c89","sha256":"5abc38c451206b5318f1c062163c2c6cd2ccbf6aaa9b46286b1a67cc7a5584c0"},"dob":{"date":"1968-11-03T17:46:55.354Z","age":55},"registered":{"date":"2017-05-19T11:34:48.561Z","age":6},"phone":"(066) O73-5204","cell":"(068) Y46-1981","id":{"name":"","value":null},"picture":{"large":"https://randomuser.me/api/portraits/women/31.jpg","medium":"https://randomuser.me/api/portraits/med/women/31.jpg","thumbnail":"https://randomuser.me/api/portraits/thumb/women/31.jpg"},"nat":"UA"}],"info":{"seed":"14b8fd930bd58d73","results":1,"page":1,"version":"1.4"}} 
 </msg>
<msg time="2024-05-19T07:12:53.939112" level="INFO">/opt/hostedtoolcache/Python/3.12.3/x64/lib/python3.12/site-packages/urllib3/connectionpool.py:1103: InsecureRequestWarning: Unverified HTTPS request is being made to host 'randomuser.me'. Adding certificate verification is strongly advised. See: https://urllib3.readthedocs.io/en/latest/advanced-usage.html#tls-warnings
  warnings.warn(</msg>
<msg time="2024-05-19T07:12:53.939233" level="INFO">${response} = &lt;Response [200]&gt;</msg>
<var>${response}</var>
<arg>consultarAPI</arg>
<arg>/api</arg>
<doc>Sends a GET request on a previously created HTTP Session.</doc>
<status status="PASS" start="2024-05-19T07:12:53.837031" elapsed="0.102242"/>
</kw>
<kw name="Set Variable" owner="BuiltIn">
<msg time="2024-05-19T07:12:53.940176" level="INFO">${json_data} = {'results': [{'gender': 'female', 'name': {'title': 'Ms', 'first': 'Natalka', 'last': 'Gumenyuk'}, 'location': {'street': {'number': 7449, 'name': 'Prospekt Stepana Banderi'}, 'city': 'Pereshchepine',...</msg>
<var>${json_data}</var>
<arg>${response.json()}</arg>
<doc>Returns the given values which can then be assigned to a variables.</doc>
<status status="PASS" start="2024-05-19T07:12:53.939676" elapsed="0.000532"/>
</kw>
<kw name="Log" owner="BuiltIn">
<msg time="2024-05-19T07:12:53.940675" level="INFO">{'results': [{'gender': 'female', 'name': {'title': 'Ms', 'first': 'Natalka', 'last': 'Gumenyuk'}, 'location': {'street': {'number': 7449, 'name': 'Prospekt Stepana Banderi'}, 'city': 'Pereshchepine', 'state': 'Sumska', 'country': 'Ukraine', 'postcode': 46420, 'coordinates': {'latitude': '81.3064', 'longitude': '142.6995'}, 'timezone': {'offset': '+10:00', 'description': 'Eastern Australia, Guam, Vladivostok'}}, 'email': 'natalka.gumenyuk@example.com', 'login': {'uuid': '93cfb0ab-6aa1-4f41-848c-c56c508b5840', 'username': 'smallsnake394', 'password': 'kristi', 'salt': 'NNe8rhaq', 'md5': '73e085eba9c4bf59269f53594ab62e2e', 'sha1': '321884aa13f6eec38108491e65b4b7ad528c0c89', 'sha256': '5abc38c451206b5318f1c062163c2c6cd2ccbf6aaa9b46286b1a67cc7a5584c0'}, 'dob': {'date': '1968-11-03T17:46:55.354Z', 'age': 55}, 'registered': {'date': '2017-05-19T11:34:48.561Z', 'age': 6}, 'phone': '(066) O73-5204', 'cell': '(068) Y46-1981', 'id': {'name': '', 'value': None}, 'picture': {'large': 'https://randomuser.me/api/portraits/women/31.jpg', 'medium': 'https://randomuser.me/api/portraits/med/women/31.jpg', 'thumbnail': 'https://randomuser.me/api/portraits/thumb/women/31.jpg'}, 'nat': 'UA'}], 'info': {'seed': '14b8fd930bd58d73', 'results': 1, 'page': 1, 'version': '1.4'}}</msg>
<arg>${json_data}</arg>
<doc>Logs the given message with the given level.</doc>
<status status="PASS" start="2024-05-19T07:12:53.940518" elapsed="0.000240"/>
</kw>
<kw name="Should Be String" owner="String">
<arg>${json_data['results'][0]['gender']}</arg>
<doc>Fails if the given ``item`` is not a string.</doc>
<status status="PASS" start="2024-05-19T07:12:53.941061" elapsed="0.000366"/>
</kw>
<kw name="Should Match Regexp" owner="BuiltIn">
<arg>${json_data['results'][0]['email']}</arg>
<arg>^[a-zA-Z0-9._%+-]+@[a-zA-Z0-9.-]+\.[a-zA-Z]{2,}$</arg>
<doc>Fails if ``string`` does not match ``pattern`` as a regular expression.</doc>
<status status="PASS" start="2024-05-19T07:12:53.941625" elapsed="0.000516"/>
</kw>
<kw name="Should Match Regexp" owner="BuiltIn">
<arg>${json_data['results'][0]['dob']['date']}</arg>
<arg>\\d{4}-\\d{2}-\\d{2}T\\d{2}:\\d{2}:\\d{2}\\.\\d{3}Z</arg>
<doc>Fails if ``string`` does not match ``pattern`` as a regular expression.</doc>
<status status="PASS" start="2024-05-19T07:12:53.942337" elapsed="0.000490"/>
</kw>
<kw name="Should Match Regexp" owner="BuiltIn">
<arg>${json_data['results'][0]['registered']['date']}</arg>
<arg>\\d{4}-\\d{2}-\\d{2}T\\d{2}:\\d{2}:\\d{2}\\.\\d{3}Z</arg>
<doc>Fails if ``string`` does not match ``pattern`` as a regular expression.</doc>
<status status="PASS" start="2024-05-19T07:12:53.943022" elapsed="0.000367"/>
</kw>
<kw name="Should Match Regexp" owner="BuiltIn">
<arg>${json_data['results'][0]['picture']['large']}</arg>
<arg>^https?://.*\.(?:png|jpe?g|gif|bmp)$</arg>
<doc>Fails if ``string`` does not match ``pattern`` as a regular expression.</doc>
<status status="PASS" start="2024-05-19T07:12:53.943584" elapsed="0.000530"/>
</kw>
<kw name="Should Match Regexp" owner="BuiltIn">
<arg>${json_data['results'][0]['picture']['medium']}</arg>
<arg>^https?://.*\.(?:png|jpe?g|gif|bmp)$</arg>
<doc>Fails if ``string`` does not match ``pattern`` as a regular expression.</doc>
<status status="PASS" start="2024-05-19T07:12:53.944309" elapsed="0.000359"/>
</kw>
<kw name="Should Match Regexp" owner="BuiltIn">
<arg>${json_data['results'][0]['picture']['thumbnail']}</arg>
<arg>^https?://.*\.(?:png|jpe?g|gif|bmp)$</arg>
<doc>Fails if ``string`` does not match ``pattern`` as a regular expression.</doc>
<status status="PASS" start="2024-05-19T07:12:53.944862" elapsed="0.000351"/>
</kw>
<kw name="Log" owner="BuiltIn">
<msg time="2024-05-19T07:12:53.945717" level="INFO">{'large': 'https://randomuser.me/api/portraits/women/31.jpg', 'medium': 'https://randomuser.me/api/portraits/med/women/31.jpg', 'thumbnail': 'https://randomuser.me/api/portraits/thumb/women/31.jpg'}</msg>
<arg>${json_data['results'][0]['picture']}</arg>
<doc>Logs the given message with the given level.</doc>
<status status="PASS" start="2024-05-19T07:12:53.945397" elapsed="0.000362"/>
</kw>
<status status="PASS" start="2024-05-19T07:12:53.836808" elapsed="0.109208"/>
</kw>
<kw name="Teste de Tipos de Dados - Postcode" owner="random-user-service">
<kw name="GET On Session" owner="RequestsLibrary">
<msg time="2024-05-19T07:12:54.038363" level="INFO">GET Request : url=https://randomuser.me/api 
 path_url=/api 
 headers={'User-Agent': 'python-requests/2.31.0', 'Accept-Encoding': 'gzip, deflate', 'Accept': '*/*', 'Connection': 'keep-alive'} 
 body=None 
 </msg>
<msg time="2024-05-19T07:12:54.038454" level="INFO">GET Response : url=https://randomuser.me/api 
 status=200, reason=OK 
 headers={'Date': 'Sun, 19 May 2024 07:12:54 GMT', 'Content-Type': 'application/json; charset=utf-8', 'Transfer-Encoding': 'chunked', 'Connection': 'keep-alive', 'X-Powered-By': 'Express', 'Access-Control-Allow-Origin': '*', 'Cache-Control': 'no-cache', 'ETag': 'W/"483-MPxNMlEJsv06sMWASyxOuq4jgI0"', 'Vary': 'Accept-Encoding', 'Content-Encoding': 'gzip', 'CF-Cache-Status': 'DYNAMIC', 'Report-To': '{"endpoints":[{"url":"https:\\/\\/a.nel.cloudflare.com\\/report\\/v4?s=VZRM4snh1MtOGe9D3TVcd1e2E36wNRUr1zi27ZradOnoAzdsc6UvJWDobaRV0w5hsB0oH%2BxYN6%2BM7%2FDX3qIXrr1fJfdQFtHuHiuWpy4TDAxcXxOaNKiWwHhToH2gRoxJ"}],"group":"cf-nel","max_age":604800}', 'NEL': '{"success_fraction":0,"report_to":"cf-nel","max_age":604800}', 'Server': 'cloudflare', 'CF-RAY': '886248012a5f67ac-SJC', 'alt-svc': 'h3=":443"; ma=86400'} 
 body={"results":[{"gender":"male","name":{"title":"Mr","first":"José","last":"Soto"},"location":{"street":{"number":5280,"name":"Calle Baja California"},"city":"Jonuta","state":"Yucatan","country":"Mexico","postcode":73583,"coordinates":{"latitude":"28.4099","longitude":"-91.0604"},"timezone":{"offset":"-12:00","description":"Eniwetok, Kwajalein"}},"email":"jose.soto@example.com","login":{"uuid":"8d0826fb-725e-4a5d-adc5-7f0fdb331d30","username":"silvergoose549","password":"storms","salt":"Eiv5Pu2k","md5":"5b5e0ec2d829e25863bddfc6aeba87b4","sha1":"86e9c30b5e7bbe30fd027ab4c972412b3d137dc9","sha256":"c6a7bc23b280e6de310eb729fe90dd250a2ae52794db1074abaf9dfd35e2dace"},"dob":{"date":"2000-03-09T15:53:38.777Z","age":24},"registered":{"date":"2002-12-11T21:15:12.206Z","age":21},"phone":"(687) 221 8203","cell":"(657) 201 1650","id":{"name":"NSS","value":"76 20 72 6266 7"},"picture":{"large":"https://randomuser.me/api/portraits/men/95.jpg","medium":"https://randomuser.me/api/portraits/med/men/95.jpg","thumbnail":"https://randomuser.me/api/portraits/thumb/men/95.jpg"},"nat":"MX"}],"info":{"seed":"e686bda6345d6f3a","results":1,"page":1,"version":"1.4"}} 
 </msg>
<msg time="2024-05-19T07:12:54.038551" level="INFO">/opt/hostedtoolcache/Python/3.12.3/x64/lib/python3.12/site-packages/urllib3/connectionpool.py:1103: InsecureRequestWarning: Unverified HTTPS request is being made to host 'randomuser.me'. Adding certificate verification is strongly advised. See: https://urllib3.readthedocs.io/en/latest/advanced-usage.html#tls-warnings
  warnings.warn(</msg>
<msg time="2024-05-19T07:12:54.038692" level="INFO">${response} = &lt;Response [200]&gt;</msg>
<var>${response}</var>
<arg>consultarAPI</arg>
<arg>/api</arg>
<doc>Sends a GET request on a previously created HTTP Session.</doc>
<status status="PASS" start="2024-05-19T07:12:53.946451" elapsed="0.092282"/>
</kw>
<kw name="Set Variable" owner="BuiltIn">
<msg time="2024-05-19T07:12:54.039989" level="INFO">${json_data} = {'results': [{'gender': 'male', 'name': {'title': 'Mr', 'first': 'José', 'last': 'Soto'}, 'location': {'street': {'number': 5280, 'name': 'Calle Baja California'}, 'city': 'Jonuta', 'state': 'Yucatan'...</msg>
<var>${json_data}</var>
<arg>${response.json()}</arg>
<doc>Returns the given values which can then be assigned to a variables.</doc>
<status status="PASS" start="2024-05-19T07:12:54.039229" elapsed="0.000804"/>
</kw>
<kw name="Log" owner="BuiltIn">
<msg time="2024-05-19T07:12:54.040754" level="INFO">{'results': [{'gender': 'male', 'name': {'title': 'Mr', 'first': 'José', 'last': 'Soto'}, 'location': {'street': {'number': 5280, 'name': 'Calle Baja California'}, 'city': 'Jonuta', 'state': 'Yucatan', 'country': 'Mexico', 'postcode': 73583, 'coordinates': {'latitude': '28.4099', 'longitude': '-91.0604'}, 'timezone': {'offset': '-12:00', 'description': 'Eniwetok, Kwajalein'}}, 'email': 'jose.soto@example.com', 'login': {'uuid': '8d0826fb-725e-4a5d-adc5-7f0fdb331d30', 'username': 'silvergoose549', 'password': 'storms', 'salt': 'Eiv5Pu2k', 'md5': '5b5e0ec2d829e25863bddfc6aeba87b4', 'sha1': '86e9c30b5e7bbe30fd027ab4c972412b3d137dc9', 'sha256': 'c6a7bc23b280e6de310eb729fe90dd250a2ae52794db1074abaf9dfd35e2dace'}, 'dob': {'date': '2000-03-09T15:53:38.777Z', 'age': 24}, 'registered': {'date': '2002-12-11T21:15:12.206Z', 'age': 21}, 'phone': '(687) 221 8203', 'cell': '(657) 201 1650', 'id': {'name': 'NSS', 'value': '76 20 72 6266 7'}, 'picture': {'large': 'https://randomuser.me/api/portraits/men/95.jpg', 'medium': 'https://randomuser.me/api/portraits/med/men/95.jpg', 'thumbnail': 'https://randomuser.me/api/portraits/thumb/men/95.jpg'}, 'nat': 'MX'}], 'info': {'seed': 'e686bda6345d6f3a', 'results': 1, 'page': 1, 'version': '1.4'}}</msg>
<arg>${json_data}</arg>
<doc>Logs the given message with the given level.</doc>
<status status="PASS" start="2024-05-19T07:12:54.040504" elapsed="0.000377"/>
</kw>
<kw name="Should Be Equal As Numbers" owner="BuiltIn">
<arg>${json_data['results'][0]['location']['postcode']}</arg>
<arg>${json_data['results'][0]['location']['postcode']}</arg>
<doc>Fails if objects are unequal after converting them to real numbers.</doc>
<status status="PASS" start="2024-05-19T07:12:54.041504" elapsed="0.001032"/>
</kw>
<kw name="Log" owner="BuiltIn">
<msg time="2024-05-19T07:12:54.043457" level="INFO">73583</msg>
<arg>${json_data['results'][0]['location']['postcode']}</arg>
<doc>Logs the given message with the given level.</doc>
<status status="PASS" start="2024-05-19T07:12:54.042856" elapsed="0.000665"/>
</kw>
<status status="PASS" start="2024-05-19T07:12:53.946229" elapsed="0.097698"/>
</kw>
<doc>Testa se os tipos de dados na resposta da API estão corretos.</doc>
<tag>testeTiposDados</tag>
<status status="PASS" start="2024-05-19T07:12:53.836304" elapsed="0.207905"/>
</test>
<test id="s1-s1-t5" name="Validar conteudo" line="35">
<kw name="Teste de Tipos de Conteudo" owner="random-user-service">
<kw name="GET On Session" owner="RequestsLibrary">
<msg time="2024-05-19T07:12:54.144285" level="INFO">GET Request : url=https://randomuser.me/api 
 path_url=/api 
 headers={'User-Agent': 'python-requests/2.31.0', 'Accept-Encoding': 'gzip, deflate', 'Accept': '*/*', 'Connection': 'keep-alive'} 
 body=None 
 </msg>
<msg time="2024-05-19T07:12:54.144368" level="INFO">GET Response : url=https://randomuser.me/api 
 status=200, reason=OK 
 headers={'Date': 'Sun, 19 May 2024 07:12:54 GMT', 'Content-Type': 'application/json; charset=utf-8', 'Transfer-Encoding': 'chunked', 'Connection': 'keep-alive', 'X-Powered-By': 'Express', 'Access-Control-Allow-Origin': '*', 'Cache-Control': 'no-cache', 'ETag': 'W/"47a-aoprl8fd8ORafrb+kBzIQH6ooX8"', 'Vary': 'Accept-Encoding', 'Content-Encoding': 'gzip', 'CF-Cache-Status': 'DYNAMIC', 'Report-To': '{"endpoints":[{"url":"https:\\/\\/a.nel.cloudflare.com\\/report\\/v4?s=zjzkaPVTaoqTZVY6Yh58MetIscfJW9kroAJ9%2BIvIuL4YG4MgBSs7FSAEzoCzwgd8gtk476djPI58ZYnI%2FrX9O7y%2FjPcOobC4aNf%2FqZAX1dRKVqhRXxhg6aLB%2BtrrYbyK"}],"group":"cf-nel","max_age":604800}', 'NEL': '{"success_fraction":0,"report_to":"cf-nel","max_age":604800}', 'Server': 'cloudflare', 'CF-RAY': '88624801dadc67ac-SJC', 'alt-svc': 'h3=":443"; ma=86400'} 
 body={"results":[{"gender":"male","name":{"title":"Mr","first":"Kunibert","last":"Glatz"},"location":{"street":{"number":8311,"name":"Gartenweg"},"city":"Laichingen","state":"Rheinland-Pfalz","country":"Germany","postcode":35735,"coordinates":{"latitude":"-53.8228","longitude":"-54.4249"},"timezone":{"offset":"-10:00","description":"Hawaii"}},"email":"kunibert.glatz@example.com","login":{"uuid":"931d57a4-d09d-461a-8ef5-1280527efcf9","username":"yellowfrog162","password":"thirty","salt":"YaK2yhNb","md5":"94e1304f9906a6ba8287bb549a29bee7","sha1":"ae96acf587cdc0e08ff53b0e309b7bc1887f47d1","sha256":"f6053ecf766101431eb85cf670d2807f96c4d853973775a4b827929a32999671"},"dob":{"date":"1952-06-27T14:52:33.272Z","age":71},"registered":{"date":"2012-06-18T17:18:21.573Z","age":11},"phone":"0314-9979589","cell":"0179-8690122","id":{"name":"SVNR","value":"69 270652 G 087"},"picture":{"large":"https://randomuser.me/api/portraits/men/3.jpg","medium":"https://randomuser.me/api/portraits/med/men/3.jpg","thumbnail":"https://randomuser.me/api/portraits/thumb/men/3.jpg"},"nat":"DE"}],"info":{"seed":"b663f89175cd974f","results":1,"page":1,"version":"1.4"}} 
 </msg>
<msg time="2024-05-19T07:12:54.144438" level="INFO">/opt/hostedtoolcache/Python/3.12.3/x64/lib/python3.12/site-packages/urllib3/connectionpool.py:1103: InsecureRequestWarning: Unverified HTTPS request is being made to host 'randomuser.me'. Adding certificate verification is strongly advised. See: https://urllib3.readthedocs.io/en/latest/advanced-usage.html#tls-warnings
  warnings.warn(</msg>
<msg time="2024-05-19T07:12:54.144545" level="INFO">${response} = &lt;Response [200]&gt;</msg>
<var>${response}</var>
<arg>consultarAPI</arg>
<arg>/api</arg>
<doc>Sends a GET request on a previously created HTTP Session.</doc>
<status status="PASS" start="2024-05-19T07:12:54.048442" elapsed="0.096144"/>
</kw>
<kw name="Set Variable" owner="BuiltIn">
<msg time="2024-05-19T07:12:54.145463" level="INFO">${json_data} = {'results': [{'gender': 'male', 'name': {'title': 'Mr', 'first': 'Kunibert', 'last': 'Glatz'}, 'location': {'street': {'number': 8311, 'name': 'Gartenweg'}, 'city': 'Laichingen', 'state': 'Rheinland-P...</msg>
<var>${json_data}</var>
<arg>${response.json()}</arg>
<doc>Returns the given values which can then be assigned to a variables.</doc>
<status status="PASS" start="2024-05-19T07:12:54.145003" elapsed="0.000490"/>
</kw>
<kw name="Set Variable" owner="BuiltIn">
<msg time="2024-05-19T07:12:54.146190" level="INFO">${name_title} = Mr</msg>
<var>${name_title}</var>
<arg>${json_data["results"][0]["name"]["title"]}</arg>
<doc>Returns the given values which can then be assigned to a variables.</doc>
<status status="PASS" start="2024-05-19T07:12:54.145802" elapsed="0.000414"/>
</kw>
<kw name="Create List" owner="BuiltIn">
<msg time="2024-05-19T07:12:54.146669" level="INFO">${allowed_titles} = ['Mr', 'Ms', 'Miss', 'Mrs', 'Madame', 'Monsieur']</msg>
<var>${allowed_titles}</var>
<arg>Mr</arg>
<arg>Ms</arg>
<arg>Miss</arg>
<arg>Mrs</arg>
<arg>Madame</arg>
<arg>Monsieur</arg>
<doc>Returns a list containing given items.</doc>
<status status="PASS" start="2024-05-19T07:12:54.146517" elapsed="0.000177"/>
</kw>
<kw name="List Should Contain Value" owner="Collections">
<msg time="2024-05-19T07:12:54.147173" level="INFO">False</msg>
<arg>${allowed_titles}</arg>
<arg>${name_title}</arg>
<doc>Fails if the ``value`` is not found from ``list``.</doc>
<status status="PASS" start="2024-05-19T07:12:54.146999" elapsed="0.000211"/>
</kw>
<kw name="Set Variable" owner="BuiltIn">
<msg time="2024-05-19T07:12:54.148030" level="INFO">${name_country} = DE</msg>
<var>${name_country}</var>
<arg>${json_data["results"][0]["nat"]}</arg>
<doc>Returns the given values which can then be assigned to a variables.</doc>
<status status="PASS" start="2024-05-19T07:12:54.147510" elapsed="0.000568"/>
</kw>
<kw name="Create List" owner="BuiltIn">
<msg time="2024-05-19T07:12:54.149091" level="INFO">${list_country} = ['AD', 'AE', 'AF', 'AG', 'AI', 'AL', 'AM', 'AO', 'AQ', 'AR', 'AS', 'AT', 'AU', 'AW', 'AX', 'AZ', 'BA', 'BB', 'BD', 'BE', 'BF', 'BG', 'BH', 'BI', 'BJ', 'BL', 'BM', 'BN', 'BO', 'BQ', 'BR', 'BS', 'BT', '...</msg>
<var>${list_country}</var>
<arg>AD</arg>
<arg>AE</arg>
<arg>AF</arg>
<arg>AG</arg>
<arg>AI</arg>
<arg>AL</arg>
<arg>AM</arg>
<arg>AO</arg>
<arg>AQ</arg>
<arg>AR</arg>
<arg>AS</arg>
<arg>AT</arg>
<arg>AU</arg>
<arg>AW</arg>
<arg>AX</arg>
<arg>AZ</arg>
<arg>BA</arg>
<arg>BB</arg>
<arg>BD</arg>
<arg>BE</arg>
<arg>BF</arg>
<arg>BG</arg>
<arg>BH</arg>
<arg>BI</arg>
<arg>BJ</arg>
<arg>BL</arg>
<arg>BM</arg>
<arg>BN</arg>
<arg>BO</arg>
<arg>BQ</arg>
<arg>BR</arg>
<arg>BS</arg>
<arg>BT</arg>
<arg>BV</arg>
<arg>BW</arg>
<arg>BY</arg>
<arg>BZ</arg>
<arg>CA</arg>
<arg>CC</arg>
<arg>CD</arg>
<arg>CF</arg>
<arg>CG</arg>
<arg>CH</arg>
<arg>CI</arg>
<arg>CK</arg>
<arg>CL</arg>
<arg>CM</arg>
<arg>CN</arg>
<arg>CO</arg>
<arg>CR</arg>
<arg>CU</arg>
<arg>CV</arg>
<arg>CW</arg>
<arg>CX</arg>
<arg>CY</arg>
<arg>CZ</arg>
<arg>DE</arg>
<arg>DJ</arg>
<arg>DK</arg>
<arg>DM</arg>
<arg>DO</arg>
<arg>DZ</arg>
<arg>EC</arg>
<arg>EE</arg>
<arg>EG</arg>
<arg>EH</arg>
<arg>ER</arg>
<arg>ES</arg>
<arg>ET</arg>
<arg>FI</arg>
<arg>FJ</arg>
<arg>FK</arg>
<arg>FM</arg>
<arg>FO</arg>
<arg>FR</arg>
<arg>GA</arg>
<arg>GB</arg>
<arg>GD</arg>
<arg>GE</arg>
<arg>GF</arg>
<arg>GG</arg>
<arg>GH</arg>
<arg>GI</arg>
<arg>GL</arg>
<arg>GM</arg>
<arg>GN</arg>
<arg>GP</arg>
<arg>GQ</arg>
<arg>GR</arg>
<arg>GS</arg>
<arg>GT</arg>
<arg>GU</arg>
<arg>GW</arg>
<arg>GY</arg>
<arg>HK</arg>
<arg>HM</arg>
<arg>HN</arg>
<arg>HR</arg>
<arg>HT</arg>
<arg>HU</arg>
<arg>ID</arg>
<arg>IE</arg>
<arg>IL</arg>
<arg>IM</arg>
<arg>IN</arg>
<arg>IO</arg>
<arg>IQ</arg>
<arg>IR</arg>
<arg>IS</arg>
<arg>IT</arg>
<arg>JE</arg>
<arg>JM</arg>
<arg>JO</arg>
<arg>JP</arg>
<arg>KE</arg>
<arg>KG</arg>
<arg>KH</arg>
<arg>KI</arg>
<arg>KM</arg>
<arg>KN</arg>
<arg>KP</arg>
<arg>KR</arg>
<arg>KW</arg>
<arg>KY</arg>
<arg>KZ</arg>
<arg>LA</arg>
<arg>LB</arg>
<arg>LC</arg>
<arg>LI</arg>
<arg>LK</arg>
<arg>LR</arg>
<arg>LS</arg>
<arg>LT</arg>
<arg>LU</arg>
<arg>LV</arg>
<arg>LY</arg>
<arg>MA</arg>
<arg>MC</arg>
<arg>MD</arg>
<arg>ME</arg>
<arg>MF</arg>
<arg>MG</arg>
<arg>MH</arg>
<arg>MK</arg>
<arg>ML</arg>
<arg>MM</arg>
<arg>MN</arg>
<arg>MO</arg>
<arg>MP</arg>
<arg>MQ</arg>
<arg>MR</arg>
<arg>MS</arg>
<arg>MT</arg>
<arg>MU</arg>
<arg>MV</arg>
<arg>MW</arg>
<arg>MX</arg>
<arg>MY</arg>
<arg>MZ</arg>
<arg>NA</arg>
<arg>NC</arg>
<arg>NE</arg>
<arg>NF</arg>
<arg>NG</arg>
<arg>NI</arg>
<arg>NL</arg>
<arg>NO</arg>
<arg>NP</arg>
<arg>NR</arg>
<arg>NU</arg>
<arg>NZ</arg>
<arg>OM</arg>
<arg>PA</arg>
<arg>PE</arg>
<arg>PF</arg>
<arg>PG</arg>
<arg>PH</arg>
<arg>PK</arg>
<arg>PL</arg>
<arg>PM</arg>
<arg>PN</arg>
<arg>PR</arg>
<arg>PS</arg>
<arg>PT</arg>
<arg>PW</arg>
<arg>PY</arg>
<arg>QA</arg>
<arg>RE</arg>
<arg>RO</arg>
<arg>RS</arg>
<arg>RU</arg>
<arg>RW</arg>
<arg>SA</arg>
<arg>SB</arg>
<arg>SC</arg>
<arg>SD</arg>
<arg>SE</arg>
<arg>SG</arg>
<arg>SH</arg>
<arg>SI</arg>
<arg>SJ</arg>
<arg>SK</arg>
<arg>SL</arg>
<arg>SM</arg>
<arg>SN</arg>
<arg>SO</arg>
<arg>SR</arg>
<arg>SS</arg>
<arg>ST</arg>
<arg>SV</arg>
<arg>SX</arg>
<arg>SY</arg>
<arg>SZ</arg>
<arg>TC</arg>
<arg>TD</arg>
<arg>TF</arg>
<arg>TG</arg>
<arg>TH</arg>
<arg>TJ</arg>
<arg>TK</arg>
<arg>TL</arg>
<arg>TM</arg>
<arg>TN</arg>
<arg>TO</arg>
<arg>TR</arg>
<arg>TT</arg>
<arg>TV</arg>
<arg>TW</arg>
<arg>TZ</arg>
<arg>UA</arg>
<arg>UG</arg>
<arg>UM</arg>
<arg>US</arg>
<arg>UY</arg>
<arg>UZ</arg>
<arg>VA</arg>
<arg>VC</arg>
<arg>VE</arg>
<arg>VG</arg>
<arg>VI</arg>
<arg>VN</arg>
<arg>VU</arg>
<arg>WF</arg>
<arg>WS</arg>
<arg>XK</arg>
<arg>YE</arg>
<arg>YT</arg>
<arg>ZA</arg>
<arg>ZM</arg>
<arg>ZW</arg>
<doc>Returns a list containing given items.</doc>
<status status="PASS" start="2024-05-19T07:12:54.148491" elapsed="0.000625"/>
</kw>
<kw name="List Should Contain Value" owner="Collections">
<msg time="2024-05-19T07:12:54.150106" level="INFO">False</msg>
<arg>${list_country}</arg>
<arg>${name_country}</arg>
<doc>Fails if the ``value`` is not found from ``list``.</doc>
<status status="PASS" start="2024-05-19T07:12:54.149903" elapsed="0.000239"/>
</kw>
<kw name="Run Keyword If" owner="BuiltIn">
<kw name="Should Be True" owner="BuiltIn">
<arg>${True}</arg>
<doc>Fails if the given condition is not true.</doc>
<status status="PASS" start="2024-05-19T07:12:54.151212" elapsed="0.000246"/>
</kw>
<arg>${json_data["results"][0]["location"]["coordinates"]["latitude"]} &gt;= -90 and ${json_data["results"][0]["location"]["coordinates"]["latitude"]} &lt;= 90</arg>
<arg>Should Be True</arg>
<arg>${True}</arg>
<doc>Runs the given keyword with the given arguments, if ``condition`` is true.</doc>
<status status="PASS" start="2024-05-19T07:12:54.150459" elapsed="0.001131"/>
</kw>
<kw name="Run Keyword If" owner="BuiltIn">
<kw name="Should Be True" owner="BuiltIn">
<arg>${True}</arg>
<doc>Fails if the given condition is not true.</doc>
<status status="PASS" start="2024-05-19T07:12:54.152524" elapsed="0.000140"/>
</kw>
<arg>${json_data["results"][0]["location"]["coordinates"]["longitude"]} &gt;= -180 and ${json_data["results"][0]["location"]["coordinates"]["longitude"]} &lt;= 180</arg>
<arg>Should Be True</arg>
<arg>${True}</arg>
<doc>Runs the given keyword with the given arguments, if ``condition`` is true.</doc>
<status status="PASS" start="2024-05-19T07:12:54.151807" elapsed="0.000983"/>
</kw>
<status status="PASS" start="2024-05-19T07:12:54.048080" elapsed="0.104837"/>
</kw>
<doc>Testa o conteúdo específico dos campos retornados pela API.</doc>
<tag>testeConteudo</tag>
<status status="PASS" start="2024-05-19T07:12:54.047364" elapsed="0.105697"/>
</test>
<status status="PASS" start="2024-05-19T07:12:53.290052" elapsed="0.864952"/>
</suite>
<status status="PASS" start="2024-05-19T07:12:53.275760" elapsed="0.884482"/>
</suite>
<statistics>
<total>
<stat pass="5" fail="0" skip="0">All Tests</stat>
</total>
<tag>
<stat pass="1" fail="0" skip="0">testeConteudo</stat>
<stat pass="1" fail="0" skip="0">testeEstruturaResposta</stat>
<stat pass="1" fail="0" skip="0">testeRequisicaoBasica</stat>
<stat pass="1" fail="0" skip="0">testeTiposDados</stat>
</tag>
<suite>
<stat pass="5" fail="0" skip="0" id="s1" name="Tests">Tests</stat>
<stat pass="5" fail="0" skip="0" id="s1-s1" name="Random-User-Test">Tests.Random-User-Test</stat>
</suite>
</statistics>
<errors>
</errors>
</robot>
