<?xml version="1.0" encoding="UTF-8"?>
<robot generator="Robot 7.0 (Python 3.12.3 on linux)" generated="2024-04-17T12:25:42.420929" rpa="false" schemaversion="5">
<suite id="s1" name="Tests" source="/home/runner/work/DesafioQAItauRogerioJordao/DesafioQAItauRogerioJordao/RamdonUser/tests">
<suite id="s1-s1" name="Random-User-Test" source="/home/runner/work/DesafioQAItauRogerioJordao/DesafioQAItauRogerioJordao/RamdonUser/tests/random-user-test.robot">
<test id="s1-s1-t1" name="Conectar" line="13">
<kw name="Conectar API" owner="random-user-service">
<kw name="Create Session" owner="RequestsLibrary">
<msg time="2024-04-17T12:25:42.799899" level="INFO">Creating Session using : alias=consultarAPI, url=https://randomuser.me/, headers={},                     cookies={}, auth=None, timeout=None, proxies=None, verify=False,                     debug=0 </msg>
<arg>consultarAPI</arg>
<arg>${URL}</arg>
<doc>Create Session: create a HTTP session to a server</doc>
<status status="PASS" start="2024-04-17T12:25:42.799690" elapsed="0.000402"/>
</kw>
<status status="PASS" start="2024-04-17T12:25:42.798680" elapsed="0.001841"/>
</kw>
<status status="PASS" start="2024-04-17T12:25:42.798101" elapsed="0.002619"/>
</test>
<test id="s1-s1-t2" name="Validar retorno 200 e JSON Válido" line="16">
<kw name="Teste de Requisicao Basica" owner="random-user-service">
<kw name="GET On Session" owner="RequestsLibrary">
<msg time="2024-04-17T12:25:43.114857" level="INFO">GET Request : url=https://randomuser.me/api 
 path_url=/api 
 headers={'User-Agent': 'python-requests/2.31.0', 'Accept-Encoding': 'gzip, deflate', 'Accept': '*/*', 'Connection': 'keep-alive'} 
 body=None 
 </msg>
<msg time="2024-04-17T12:25:43.115028" level="INFO">GET Response : url=https://randomuser.me/api 
 status=200, reason=OK 
 headers={'Date': 'Wed, 17 Apr 2024 12:25:43 GMT', 'Content-Type': 'application/json; charset=utf-8', 'Transfer-Encoding': 'chunked', 'Connection': 'keep-alive', 'X-Powered-By': 'Express', 'Access-Control-Allow-Origin': '*', 'Cache-Control': 'no-cache', 'ETag': 'W/"4a0-MQXoZVxpjVGp3DxPSdTO+mcsYGU"', 'Vary': 'Accept-Encoding', 'Content-Encoding': 'gzip', 'CF-Cache-Status': 'DYNAMIC', 'Report-To': '{"endpoints":[{"url":"https:\\/\\/a.nel.cloudflare.com\\/report\\/v4?s=jLEcnhgYiNHO4CT1zV72zDZ02Ng6KKVWJBZj5iZK4EjEkDMto5vEAPdmoxL5%2B0jLiw%2BTTpGd1yldnzoacpsYFVNOHyEMzpcKuUVXiqTMV6M8oYD4ANVNvxIVqAglcIMT"}],"group":"cf-nel","max_age":604800}', 'NEL': '{"success_fraction":0,"report_to":"cf-nel","max_age":604800}', 'Server': 'cloudflare', 'CF-RAY': '875c663abade174a-SJC', 'alt-svc': 'h3=":443"; ma=86400'} 
 body={"results":[{"gender":"female","name":{"title":"Miss","first":"Nadislava","last":"Parhomchuk"},"location":{"street":{"number":9771,"name":"Saperniy provulok"},"city":"Yani Kapu","state":"Poltavska","country":"Ukraine","postcode":19505,"coordinates":{"latitude":"80.6117","longitude":"122.8093"},"timezone":{"offset":"+9:00","description":"Tokyo, Seoul, Osaka, Sapporo, Yakutsk"}},"email":"nadislava.parhomchuk@example.com","login":{"uuid":"9a1efc7a-11d8-4156-909b-4649a473d590","username":"sadfrog492","password":"modena","salt":"dZIgwzub","md5":"fbeee9bd12254bdb3a079422c05a2c2a","sha1":"7a6ceb5a9dccfaad3c4d060a1de3cd2283e705cc","sha256":"4e2d3a753727d6bb757548524a6a4a421e11240b22dac425352ff15e2fe76bd9"},"dob":{"date":"1960-10-21T20:13:07.092Z","age":63},"registered":{"date":"2014-07-06T20:06:30.273Z","age":9},"phone":"(068) M28-3508","cell":"(096) G17-9815","id":{"name":"","value":null},"picture":{"large":"https://randomuser.me/api/portraits/women/61.jpg","medium":"https://randomuser.me/api/portraits/med/women/61.jpg","thumbnail":"https://randomuser.me/api/portraits/thumb/women/61.jpg"},"nat":"UA"}],"info":{"seed":"24a7bff6cd67887e","results":1,"page":1,"version":"1.4"}} 
 </msg>
<msg time="2024-04-17T12:25:43.115128" level="INFO">/opt/hostedtoolcache/Python/3.12.3/x64/lib/python3.12/site-packages/urllib3/connectionpool.py:1103: InsecureRequestWarning: Unverified HTTPS request is being made to host 'randomuser.me'. Adding certificate verification is strongly advised. See: https://urllib3.readthedocs.io/en/latest/advanced-usage.html#tls-warnings
  warnings.warn(</msg>
<msg time="2024-04-17T12:25:43.115297" level="INFO">${response} = &lt;Response [200]&gt;</msg>
<var>${response}</var>
<arg>consultarAPI</arg>
<arg>/api</arg>
<doc>Sends a GET request on a previously created HTTP Session.</doc>
<status status="PASS" start="2024-04-17T12:25:42.803430" elapsed="0.311923"/>
</kw>
<kw name="Should Be Equal As Numbers" owner="BuiltIn">
<msg time="2024-04-17T12:25:43.116746" level="INFO">Argument types are:
&lt;class 'int'&gt;
&lt;class 'str'&gt;</msg>
<arg>${response.status_code}</arg>
<arg>200</arg>
<doc>Fails if objects are unequal after converting them to real numbers.</doc>
<status status="PASS" start="2024-04-17T12:25:43.116158" elapsed="0.000661"/>
</kw>
<kw name="Log" owner="BuiltIn">
<msg time="2024-04-17T12:25:43.117619" level="INFO">200</msg>
<arg>${response.status_code}</arg>
<doc>Logs the given message with the given level.</doc>
<status status="PASS" start="2024-04-17T12:25:43.117219" elapsed="0.000446"/>
</kw>
<kw name="Set Variable" owner="BuiltIn">
<msg time="2024-04-17T12:25:43.118465" level="INFO">${json_data} = {'results': [{'gender': 'female', 'name': {'title': 'Miss', 'first': 'Nadislava', 'last': 'Parhomchuk'}, 'location': {'street': {'number': 9771, 'name': 'Saperniy provulok'}, 'city': 'Yani Kapu', 'sta...</msg>
<var>${json_data}</var>
<arg>${response.json()}</arg>
<doc>Returns the given values which can then be assigned to a variables.</doc>
<status status="PASS" start="2024-04-17T12:25:43.118006" elapsed="0.000488"/>
</kw>
<kw name="Dictionary Should Contain Key" owner="Collections">
<msg time="2024-04-17T12:25:43.118994" level="INFO">False</msg>
<arg>${json_data}</arg>
<arg>results</arg>
<doc>Fails if ``key`` is not found from ``dictionary``.</doc>
<status status="PASS" start="2024-04-17T12:25:43.118813" elapsed="0.000222"/>
</kw>
<status status="PASS" start="2024-04-17T12:25:42.803181" elapsed="0.316128"/>
</kw>
<doc>Testa se a API responde corretamente e retorna um objeto JSON válido.</doc>
<tag>testeRequisicaoBasica</tag>
<status status="PASS" start="2024-04-17T12:25:42.802720" elapsed="0.316787"/>
</test>
<test id="s1-s1-t3" name="Validar estrutura de resposta" line="22">
<kw name="Teste de Estrutura de Resposta" owner="random-user-service">
<kw name="GET On Session" owner="RequestsLibrary">
<msg time="2024-04-17T12:25:43.219501" level="INFO">GET Request : url=https://randomuser.me/api 
 path_url=/api 
 headers={'User-Agent': 'python-requests/2.31.0', 'Accept-Encoding': 'gzip, deflate', 'Accept': '*/*', 'Connection': 'keep-alive'} 
 body=None 
 </msg>
<msg time="2024-04-17T12:25:43.219636" level="INFO">GET Response : url=https://randomuser.me/api 
 status=200, reason=OK 
 headers={'Date': 'Wed, 17 Apr 2024 12:25:43 GMT', 'Content-Type': 'application/json; charset=utf-8', 'Transfer-Encoding': 'chunked', 'Connection': 'keep-alive', 'X-Powered-By': 'Express', 'Access-Control-Allow-Origin': '*', 'Cache-Control': 'no-cache', 'ETag': 'W/"486-f6MHnJViVAnIU2NbAD9i8KeN9/w"', 'Vary': 'Accept-Encoding', 'Content-Encoding': 'gzip', 'CF-Cache-Status': 'DYNAMIC', 'Report-To': '{"endpoints":[{"url":"https:\\/\\/a.nel.cloudflare.com\\/report\\/v4?s=FZCgOgAZMOulfGcdzB0fUr68pNxBC3RwlIJinp4TCQ4I%2FhpuvD6dSZrGp6BHeMdOmwYUVmFkgJ%2FHffupLoN5haAEqTIOm7e9siTYuMfblOXVyouDInzoNko9E68UUHmH"}],"group":"cf-nel","max_age":604800}', 'NEL': '{"success_fraction":0,"report_to":"cf-nel","max_age":604800}', 'Server': 'cloudflare', 'CF-RAY': '875c663c8c8d174a-SJC', 'alt-svc': 'h3=":443"; ma=86400'} 
 body={"results":[{"gender":"female","name":{"title":"Ms","first":"Ellen","last":"Butler"},"location":{"street":{"number":1166,"name":"The Crescent"},"city":"Blessington","state":"Tipperary","country":"Ireland","postcode":50820,"coordinates":{"latitude":"-0.8574","longitude":"170.4417"},"timezone":{"offset":"-12:00","description":"Eniwetok, Kwajalein"}},"email":"ellen.butler@example.com","login":{"uuid":"51b01d1d-73d8-4154-8910-18c85d3f196f","username":"angrybutterfly560","password":"anita","salt":"nYIfvspJ","md5":"b083ef64721fdacc4b71a764202c613d","sha1":"ad5490b094e5ab73a800133ef7ce2d2bd399153f","sha256":"9b1f84ee1aef6a6d74ddc9554a2cfe2a672353772d61b190d569012fb5202b8b"},"dob":{"date":"1990-07-07T02:26:26.546Z","age":33},"registered":{"date":"2012-11-03T19:20:24.480Z","age":11},"phone":"061-291-6399","cell":"081-702-2918","id":{"name":"PPS","value":"1550804T"},"picture":{"large":"https://randomuser.me/api/portraits/women/36.jpg","medium":"https://randomuser.me/api/portraits/med/women/36.jpg","thumbnail":"https://randomuser.me/api/portraits/thumb/women/36.jpg"},"nat":"IE"}],"info":{"seed":"38be9c6d824de0d7","results":1,"page":1,"version":"1.4"}} 
 </msg>
<msg time="2024-04-17T12:25:43.219804" level="INFO">/opt/hostedtoolcache/Python/3.12.3/x64/lib/python3.12/site-packages/urllib3/connectionpool.py:1103: InsecureRequestWarning: Unverified HTTPS request is being made to host 'randomuser.me'. Adding certificate verification is strongly advised. See: https://urllib3.readthedocs.io/en/latest/advanced-usage.html#tls-warnings
  warnings.warn(</msg>
<msg time="2024-04-17T12:25:43.219960" level="INFO">${response} = &lt;Response [200]&gt;</msg>
<var>${response}</var>
<arg>consultarAPI</arg>
<arg>/api</arg>
<doc>Sends a GET request on a previously created HTTP Session.</doc>
<status status="PASS" start="2024-04-17T12:25:43.122369" elapsed="0.097639"/>
</kw>
<kw name="Set Variable" owner="BuiltIn">
<msg time="2024-04-17T12:25:43.221469" level="INFO">${json_data} = {'results': [{'gender': 'female', 'name': {'title': 'Ms', 'first': 'Ellen', 'last': 'Butler'}, 'location': {'street': {'number': 1166, 'name': 'The Crescent'}, 'city': 'Blessington', 'state': 'Tippera...</msg>
<var>${json_data}</var>
<arg>${response.json()}</arg>
<doc>Returns the given values which can then be assigned to a variables.</doc>
<status status="PASS" start="2024-04-17T12:25:43.220808" elapsed="0.000691"/>
</kw>
<kw name="Log" owner="BuiltIn">
<msg time="2024-04-17T12:25:43.221981" level="INFO">{'results': [{'gender': 'female', 'name': {'title': 'Ms', 'first': 'Ellen', 'last': 'Butler'}, 'location': {'street': {'number': 1166, 'name': 'The Crescent'}, 'city': 'Blessington', 'state': 'Tipperary', 'country': 'Ireland', 'postcode': 50820, 'coordinates': {'latitude': '-0.8574', 'longitude': '170.4417'}, 'timezone': {'offset': '-12:00', 'description': 'Eniwetok, Kwajalein'}}, 'email': 'ellen.butler@example.com', 'login': {'uuid': '51b01d1d-73d8-4154-8910-18c85d3f196f', 'username': 'angrybutterfly560', 'password': 'anita', 'salt': 'nYIfvspJ', 'md5': 'b083ef64721fdacc4b71a764202c613d', 'sha1': 'ad5490b094e5ab73a800133ef7ce2d2bd399153f', 'sha256': '9b1f84ee1aef6a6d74ddc9554a2cfe2a672353772d61b190d569012fb5202b8b'}, 'dob': {'date': '1990-07-07T02:26:26.546Z', 'age': 33}, 'registered': {'date': '2012-11-03T19:20:24.480Z', 'age': 11}, 'phone': '061-291-6399', 'cell': '081-702-2918', 'id': {'name': 'PPS', 'value': '1550804T'}, 'picture': {'large': 'https://randomuser.me/api/portraits/women/36.jpg', 'medium': 'https://randomuser.me/api/portraits/med/women/36.jpg', 'thumbnail': 'https://randomuser.me/api/portraits/thumb/women/36.jpg'}, 'nat': 'IE'}], 'info': {'seed': '38be9c6d824de0d7', 'results': 1, 'page': 1, 'version': '1.4'}}</msg>
<arg>${json_data}</arg>
<doc>Logs the given message with the given level.</doc>
<status status="PASS" start="2024-04-17T12:25:43.221819" elapsed="0.000211"/>
</kw>
<kw name="Dictionary Should Contain Key" owner="Collections">
<msg time="2024-04-17T12:25:43.222494" level="INFO">False</msg>
<arg>${json_data}</arg>
<arg>results</arg>
<doc>Fails if ``key`` is not found from ``dictionary``.</doc>
<status status="PASS" start="2024-04-17T12:25:43.222330" elapsed="0.000202"/>
</kw>
<kw name="Should Not Be Empty" owner="BuiltIn">
<msg time="2024-04-17T12:25:43.222974" level="INFO">Length is 2.</msg>
<arg>${json_data}</arg>
<doc>Verifies that the given item is not empty.</doc>
<status status="PASS" start="2024-04-17T12:25:43.222839" elapsed="0.000360"/>
</kw>
<kw name="Create List" owner="BuiltIn">
<msg time="2024-04-17T12:25:43.223650" level="INFO">${expected_keys} = ['gender', 'name', 'location', 'email', 'login']</msg>
<var>${expected_keys}</var>
<arg>gender</arg>
<arg>name</arg>
<arg>location</arg>
<arg>email</arg>
<arg>login</arg>
<doc>Returns a list containing given items.</doc>
<status status="PASS" start="2024-04-17T12:25:43.223500" elapsed="0.000175"/>
</kw>
<for flavor="IN">
<iter>
<kw name="Dictionary Should Contain Key" owner="Collections">
<msg time="2024-04-17T12:25:43.224736" level="INFO">False</msg>
<arg>${json_data['results'][0]}</arg>
<arg>${key}</arg>
<doc>Fails if ``key`` is not found from ``dictionary``.</doc>
<status status="PASS" start="2024-04-17T12:25:43.224322" elapsed="0.000454"/>
</kw>
<kw name="Log" owner="BuiltIn">
<msg time="2024-04-17T12:25:43.225440" level="INFO">{'gender': 'female', 'name': {'title': 'Ms', 'first': 'Ellen', 'last': 'Butler'}, 'location': {'street': {'number': 1166, 'name': 'The Crescent'}, 'city': 'Blessington', 'state': 'Tipperary', 'country': 'Ireland', 'postcode': 50820, 'coordinates': {'latitude': '-0.8574', 'longitude': '170.4417'}, 'timezone': {'offset': '-12:00', 'description': 'Eniwetok, Kwajalein'}}, 'email': 'ellen.butler@example.com', 'login': {'uuid': '51b01d1d-73d8-4154-8910-18c85d3f196f', 'username': 'angrybutterfly560', 'password': 'anita', 'salt': 'nYIfvspJ', 'md5': 'b083ef64721fdacc4b71a764202c613d', 'sha1': 'ad5490b094e5ab73a800133ef7ce2d2bd399153f', 'sha256': '9b1f84ee1aef6a6d74ddc9554a2cfe2a672353772d61b190d569012fb5202b8b'}, 'dob': {'date': '1990-07-07T02:26:26.546Z', 'age': 33}, 'registered': {'date': '2012-11-03T19:20:24.480Z', 'age': 11}, 'phone': '061-291-6399', 'cell': '081-702-2918', 'id': {'name': 'PPS', 'value': '1550804T'}, 'picture': {'large': 'https://randomuser.me/api/portraits/women/36.jpg', 'medium': 'https://randomuser.me/api/portraits/med/women/36.jpg', 'thumbnail': 'https://randomuser.me/api/portraits/thumb/women/36.jpg'}, 'nat': 'IE'}</msg>
<arg>${json_data['results'][0]}</arg>
<doc>Logs the given message with the given level.</doc>
<status status="PASS" start="2024-04-17T12:25:43.225076" elapsed="0.000412"/>
</kw>
<kw name="Log" owner="BuiltIn">
<msg time="2024-04-17T12:25:43.225911" level="INFO">gender</msg>
<arg>${key}</arg>
<doc>Logs the given message with the given level.</doc>
<status status="PASS" start="2024-04-17T12:25:43.225783" elapsed="0.000165"/>
</kw>
<var name="${key}">gender</var>
<status status="PASS" start="2024-04-17T12:25:43.224150" elapsed="0.002012"/>
</iter>
<iter>
<kw name="Dictionary Should Contain Key" owner="Collections">
<msg time="2024-04-17T12:25:43.226855" level="INFO">False</msg>
<arg>${json_data['results'][0]}</arg>
<arg>${key}</arg>
<doc>Fails if ``key`` is not found from ``dictionary``.</doc>
<status status="PASS" start="2024-04-17T12:25:43.226465" elapsed="0.000428"/>
</kw>
<kw name="Log" owner="BuiltIn">
<msg time="2024-04-17T12:25:43.227591" level="INFO">{'gender': 'female', 'name': {'title': 'Ms', 'first': 'Ellen', 'last': 'Butler'}, 'location': {'street': {'number': 1166, 'name': 'The Crescent'}, 'city': 'Blessington', 'state': 'Tipperary', 'country': 'Ireland', 'postcode': 50820, 'coordinates': {'latitude': '-0.8574', 'longitude': '170.4417'}, 'timezone': {'offset': '-12:00', 'description': 'Eniwetok, Kwajalein'}}, 'email': 'ellen.butler@example.com', 'login': {'uuid': '51b01d1d-73d8-4154-8910-18c85d3f196f', 'username': 'angrybutterfly560', 'password': 'anita', 'salt': 'nYIfvspJ', 'md5': 'b083ef64721fdacc4b71a764202c613d', 'sha1': 'ad5490b094e5ab73a800133ef7ce2d2bd399153f', 'sha256': '9b1f84ee1aef6a6d74ddc9554a2cfe2a672353772d61b190d569012fb5202b8b'}, 'dob': {'date': '1990-07-07T02:26:26.546Z', 'age': 33}, 'registered': {'date': '2012-11-03T19:20:24.480Z', 'age': 11}, 'phone': '061-291-6399', 'cell': '081-702-2918', 'id': {'name': 'PPS', 'value': '1550804T'}, 'picture': {'large': 'https://randomuser.me/api/portraits/women/36.jpg', 'medium': 'https://randomuser.me/api/portraits/med/women/36.jpg', 'thumbnail': 'https://randomuser.me/api/portraits/thumb/women/36.jpg'}, 'nat': 'IE'}</msg>
<arg>${json_data['results'][0]}</arg>
<doc>Logs the given message with the given level.</doc>
<status status="PASS" start="2024-04-17T12:25:43.227222" elapsed="0.000416"/>
</kw>
<kw name="Log" owner="BuiltIn">
<msg time="2024-04-17T12:25:43.228058" level="INFO">name</msg>
<arg>${key}</arg>
<doc>Logs the given message with the given level.</doc>
<status status="PASS" start="2024-04-17T12:25:43.227934" elapsed="0.000171"/>
</kw>
<var name="${key}">name</var>
<status status="PASS" start="2024-04-17T12:25:43.226351" elapsed="0.001989"/>
</iter>
<iter>
<kw name="Dictionary Should Contain Key" owner="Collections">
<msg time="2024-04-17T12:25:43.229023" level="INFO">False</msg>
<arg>${json_data['results'][0]}</arg>
<arg>${key}</arg>
<doc>Fails if ``key`` is not found from ``dictionary``.</doc>
<status status="PASS" start="2024-04-17T12:25:43.228633" elapsed="0.000428"/>
</kw>
<kw name="Log" owner="BuiltIn">
<msg time="2024-04-17T12:25:43.229723" level="INFO">{'gender': 'female', 'name': {'title': 'Ms', 'first': 'Ellen', 'last': 'Butler'}, 'location': {'street': {'number': 1166, 'name': 'The Crescent'}, 'city': 'Blessington', 'state': 'Tipperary', 'country': 'Ireland', 'postcode': 50820, 'coordinates': {'latitude': '-0.8574', 'longitude': '170.4417'}, 'timezone': {'offset': '-12:00', 'description': 'Eniwetok, Kwajalein'}}, 'email': 'ellen.butler@example.com', 'login': {'uuid': '51b01d1d-73d8-4154-8910-18c85d3f196f', 'username': 'angrybutterfly560', 'password': 'anita', 'salt': 'nYIfvspJ', 'md5': 'b083ef64721fdacc4b71a764202c613d', 'sha1': 'ad5490b094e5ab73a800133ef7ce2d2bd399153f', 'sha256': '9b1f84ee1aef6a6d74ddc9554a2cfe2a672353772d61b190d569012fb5202b8b'}, 'dob': {'date': '1990-07-07T02:26:26.546Z', 'age': 33}, 'registered': {'date': '2012-11-03T19:20:24.480Z', 'age': 11}, 'phone': '061-291-6399', 'cell': '081-702-2918', 'id': {'name': 'PPS', 'value': '1550804T'}, 'picture': {'large': 'https://randomuser.me/api/portraits/women/36.jpg', 'medium': 'https://randomuser.me/api/portraits/med/women/36.jpg', 'thumbnail': 'https://randomuser.me/api/portraits/thumb/women/36.jpg'}, 'nat': 'IE'}</msg>
<arg>${json_data['results'][0]}</arg>
<doc>Logs the given message with the given level.</doc>
<status status="PASS" start="2024-04-17T12:25:43.229361" elapsed="0.000410"/>
</kw>
<kw name="Log" owner="BuiltIn">
<msg time="2024-04-17T12:25:43.230200" level="INFO">location</msg>
<arg>${key}</arg>
<doc>Logs the given message with the given level.</doc>
<status status="PASS" start="2024-04-17T12:25:43.230062" elapsed="0.000175"/>
</kw>
<var name="${key}">location</var>
<status status="PASS" start="2024-04-17T12:25:43.228521" elapsed="0.001930"/>
</iter>
<iter>
<kw name="Dictionary Should Contain Key" owner="Collections">
<msg time="2024-04-17T12:25:43.231134" level="INFO">False</msg>
<arg>${json_data['results'][0]}</arg>
<arg>${key}</arg>
<doc>Fails if ``key`` is not found from ``dictionary``.</doc>
<status status="PASS" start="2024-04-17T12:25:43.230732" elapsed="0.000438"/>
</kw>
<kw name="Log" owner="BuiltIn">
<msg time="2024-04-17T12:25:43.231826" level="INFO">{'gender': 'female', 'name': {'title': 'Ms', 'first': 'Ellen', 'last': 'Butler'}, 'location': {'street': {'number': 1166, 'name': 'The Crescent'}, 'city': 'Blessington', 'state': 'Tipperary', 'country': 'Ireland', 'postcode': 50820, 'coordinates': {'latitude': '-0.8574', 'longitude': '170.4417'}, 'timezone': {'offset': '-12:00', 'description': 'Eniwetok, Kwajalein'}}, 'email': 'ellen.butler@example.com', 'login': {'uuid': '51b01d1d-73d8-4154-8910-18c85d3f196f', 'username': 'angrybutterfly560', 'password': 'anita', 'salt': 'nYIfvspJ', 'md5': 'b083ef64721fdacc4b71a764202c613d', 'sha1': 'ad5490b094e5ab73a800133ef7ce2d2bd399153f', 'sha256': '9b1f84ee1aef6a6d74ddc9554a2cfe2a672353772d61b190d569012fb5202b8b'}, 'dob': {'date': '1990-07-07T02:26:26.546Z', 'age': 33}, 'registered': {'date': '2012-11-03T19:20:24.480Z', 'age': 11}, 'phone': '061-291-6399', 'cell': '081-702-2918', 'id': {'name': 'PPS', 'value': '1550804T'}, 'picture': {'large': 'https://randomuser.me/api/portraits/women/36.jpg', 'medium': 'https://randomuser.me/api/portraits/med/women/36.jpg', 'thumbnail': 'https://randomuser.me/api/portraits/thumb/women/36.jpg'}, 'nat': 'IE'}</msg>
<arg>${json_data['results'][0]}</arg>
<doc>Logs the given message with the given level.</doc>
<status status="PASS" start="2024-04-17T12:25:43.231466" elapsed="0.000407"/>
</kw>
<kw name="Log" owner="BuiltIn">
<msg time="2024-04-17T12:25:43.232305" level="INFO">email</msg>
<arg>${key}</arg>
<doc>Logs the given message with the given level.</doc>
<status status="PASS" start="2024-04-17T12:25:43.232160" elapsed="0.000183"/>
</kw>
<var name="${key}">email</var>
<status status="PASS" start="2024-04-17T12:25:43.230623" elapsed="0.001940"/>
</iter>
<iter>
<kw name="Dictionary Should Contain Key" owner="Collections">
<msg time="2024-04-17T12:25:43.233212" level="INFO">False</msg>
<arg>${json_data['results'][0]}</arg>
<arg>${key}</arg>
<doc>Fails if ``key`` is not found from ``dictionary``.</doc>
<status status="PASS" start="2024-04-17T12:25:43.232841" elapsed="0.000408"/>
</kw>
<kw name="Log" owner="BuiltIn">
<msg time="2024-04-17T12:25:43.233901" level="INFO">{'gender': 'female', 'name': {'title': 'Ms', 'first': 'Ellen', 'last': 'Butler'}, 'location': {'street': {'number': 1166, 'name': 'The Crescent'}, 'city': 'Blessington', 'state': 'Tipperary', 'country': 'Ireland', 'postcode': 50820, 'coordinates': {'latitude': '-0.8574', 'longitude': '170.4417'}, 'timezone': {'offset': '-12:00', 'description': 'Eniwetok, Kwajalein'}}, 'email': 'ellen.butler@example.com', 'login': {'uuid': '51b01d1d-73d8-4154-8910-18c85d3f196f', 'username': 'angrybutterfly560', 'password': 'anita', 'salt': 'nYIfvspJ', 'md5': 'b083ef64721fdacc4b71a764202c613d', 'sha1': 'ad5490b094e5ab73a800133ef7ce2d2bd399153f', 'sha256': '9b1f84ee1aef6a6d74ddc9554a2cfe2a672353772d61b190d569012fb5202b8b'}, 'dob': {'date': '1990-07-07T02:26:26.546Z', 'age': 33}, 'registered': {'date': '2012-11-03T19:20:24.480Z', 'age': 11}, 'phone': '061-291-6399', 'cell': '081-702-2918', 'id': {'name': 'PPS', 'value': '1550804T'}, 'picture': {'large': 'https://randomuser.me/api/portraits/women/36.jpg', 'medium': 'https://randomuser.me/api/portraits/med/women/36.jpg', 'thumbnail': 'https://randomuser.me/api/portraits/thumb/women/36.jpg'}, 'nat': 'IE'}</msg>
<arg>${json_data['results'][0]}</arg>
<doc>Logs the given message with the given level.</doc>
<status status="PASS" start="2024-04-17T12:25:43.233540" elapsed="0.000406"/>
</kw>
<kw name="Log" owner="BuiltIn">
<msg time="2024-04-17T12:25:43.234355" level="INFO">login</msg>
<arg>${key}</arg>
<doc>Logs the given message with the given level.</doc>
<status status="PASS" start="2024-04-17T12:25:43.234232" elapsed="0.000162"/>
</kw>
<var name="${key}">login</var>
<status status="PASS" start="2024-04-17T12:25:43.232733" elapsed="0.001879"/>
</iter>
<var>${key}</var>
<value>@{expected_keys}</value>
<status status="PASS" start="2024-04-17T12:25:43.223942" elapsed="0.010819"/>
</for>
<kw name="Create List" owner="BuiltIn">
<msg time="2024-04-17T12:25:43.235093" level="INFO">${expected_keysTwo} = ['username', 'password']</msg>
<var>${expected_keysTwo}</var>
<arg>username</arg>
<arg>password</arg>
<doc>Returns a list containing given items.</doc>
<status status="PASS" start="2024-04-17T12:25:43.234959" elapsed="0.000158"/>
</kw>
<for flavor="IN">
<iter>
<kw name="Dictionary Should Contain Key" owner="Collections">
<msg time="2024-04-17T12:25:43.236012" level="INFO">False</msg>
<arg>${json_data['results'][0]['login']}</arg>
<arg>${keyTwo}</arg>
<doc>Fails if ``key`` is not found from ``dictionary``.</doc>
<status status="PASS" start="2024-04-17T12:25:43.235610" elapsed="0.000440"/>
</kw>
<kw name="Dictionary Should Contain Key" owner="Collections">
<msg time="2024-04-17T12:25:43.236750" level="INFO">False</msg>
<arg>${json_data['results'][0]['login']}</arg>
<arg>${keyTwo}</arg>
<doc>Fails if ``key`` is not found from ``dictionary``.</doc>
<status status="PASS" start="2024-04-17T12:25:43.236369" elapsed="0.000418"/>
</kw>
<kw name="Log" owner="BuiltIn">
<msg time="2024-04-17T12:25:43.237204" level="INFO">username</msg>
<arg>${keyTwo}</arg>
<doc>Logs the given message with the given level.</doc>
<status status="PASS" start="2024-04-17T12:25:43.237079" elapsed="0.000168"/>
</kw>
<var name="${keyTwo}">username</var>
<status status="PASS" start="2024-04-17T12:25:43.235501" elapsed="0.001960"/>
</iter>
<iter>
<kw name="Dictionary Should Contain Key" owner="Collections">
<msg time="2024-04-17T12:25:43.238221" level="INFO">False</msg>
<arg>${json_data['results'][0]['login']}</arg>
<arg>${keyTwo}</arg>
<doc>Fails if ``key`` is not found from ``dictionary``.</doc>
<status status="PASS" start="2024-04-17T12:25:43.237742" elapsed="0.000524"/>
</kw>
<kw name="Dictionary Should Contain Key" owner="Collections">
<msg time="2024-04-17T12:25:43.238942" level="INFO">False</msg>
<arg>${json_data['results'][0]['login']}</arg>
<arg>${keyTwo}</arg>
<doc>Fails if ``key`` is not found from ``dictionary``.</doc>
<status status="PASS" start="2024-04-17T12:25:43.238564" elapsed="0.000415"/>
</kw>
<kw name="Log" owner="BuiltIn">
<msg time="2024-04-17T12:25:43.239396" level="INFO">password</msg>
<arg>${keyTwo}</arg>
<doc>Logs the given message with the given level.</doc>
<status status="PASS" start="2024-04-17T12:25:43.239271" elapsed="0.000162"/>
</kw>
<var name="${keyTwo}">password</var>
<status status="PASS" start="2024-04-17T12:25:43.237633" elapsed="0.002016"/>
</iter>
<var>${keyTwo}</var>
<value>@{expected_keysTwo}</value>
<status status="PASS" start="2024-04-17T12:25:43.235349" elapsed="0.004422"/>
</for>
<status status="PASS" start="2024-04-17T12:25:43.122117" elapsed="0.117798"/>
</kw>
<doc>Testa a estrutura da resposta da API.</doc>
<tag>testeEstruturaResposta</tag>
<status status="PASS" start="2024-04-17T12:25:43.121461" elapsed="0.118620"/>
</test>
<test id="s1-s1-t4" name="Validar tipos de dados" line="28">
<kw name="Teste de Tipos de Dados" owner="random-user-service">
<kw name="GET On Session" owner="RequestsLibrary">
<msg time="2024-04-17T12:25:43.333173" level="INFO">GET Request : url=https://randomuser.me/api 
 path_url=/api 
 headers={'User-Agent': 'python-requests/2.31.0', 'Accept-Encoding': 'gzip, deflate', 'Accept': '*/*', 'Connection': 'keep-alive'} 
 body=None 
 </msg>
<msg time="2024-04-17T12:25:43.333288" level="INFO">GET Response : url=https://randomuser.me/api 
 status=200, reason=OK 
 headers={'Date': 'Wed, 17 Apr 2024 12:25:43 GMT', 'Content-Type': 'application/json; charset=utf-8', 'Transfer-Encoding': 'chunked', 'Connection': 'keep-alive', 'X-Powered-By': 'Express', 'Access-Control-Allow-Origin': '*', 'Cache-Control': 'no-cache', 'ETag': 'W/"492-k5nx1ccaUywUmV0oCTBnkihbC8c"', 'Vary': 'Accept-Encoding', 'Content-Encoding': 'gzip', 'CF-Cache-Status': 'DYNAMIC', 'Report-To': '{"endpoints":[{"url":"https:\\/\\/a.nel.cloudflare.com\\/report\\/v4?s=sznnYTW3nDxCFqEUSyTBuqZy9w95mkjUe9rCNEaTdr%2Fj2axUOKzFmVdoKK9yONLUHnzY%2BkFsLHIbgeHLNqWCyqYj51uRZ032iD1rl8LJK0nZSKY8%2B7yyghFBLP3WqSXG"}],"group":"cf-nel","max_age":604800}', 'NEL': '{"success_fraction":0,"report_to":"cf-nel","max_age":604800}', 'Server': 'cloudflare', 'CF-RAY': '875c663d4d56174a-SJC', 'alt-svc': 'h3=":443"; ma=86400'} 
 body={"results":[{"gender":"male","name":{"title":"Mr","first":"Onufriy","last":"Krasovskiy"},"location":{"street":{"number":2893,"name":"Horvatska"},"city":"Bogoduhiv","state":"Zakarpatska","country":"Ukraine","postcode":88087,"coordinates":{"latitude":"76.8322","longitude":"-179.8500"},"timezone":{"offset":"+9:00","description":"Tokyo, Seoul, Osaka, Sapporo, Yakutsk"}},"email":"onufriy.krasovskiy@example.com","login":{"uuid":"a7e4314d-090c-42d9-8a3c-3758028659e7","username":"bluerabbit279","password":"partner","salt":"aJdYjYLs","md5":"56911bca814a3d213d6cfa8c73f71175","sha1":"1ba6c14eab03b8ed5b68aeabb9c9a2ef1812f2fc","sha256":"832e3de558dc1252c2f92ebf2143f061168dcd1abae9f9e11664a7f2110ebcf1"},"dob":{"date":"1971-10-18T06:52:14.016Z","age":52},"registered":{"date":"2008-07-21T12:53:58.787Z","age":15},"phone":"(066) D54-3594","cell":"(098) F85-2307","id":{"name":"","value":null},"picture":{"large":"https://randomuser.me/api/portraits/men/55.jpg","medium":"https://randomuser.me/api/portraits/med/men/55.jpg","thumbnail":"https://randomuser.me/api/portraits/thumb/men/55.jpg"},"nat":"UA"}],"info":{"seed":"f9627145abf375f9","results":1,"page":1,"version":"1.4"}} 
 </msg>
<msg time="2024-04-17T12:25:43.333369" level="INFO">/opt/hostedtoolcache/Python/3.12.3/x64/lib/python3.12/site-packages/urllib3/connectionpool.py:1103: InsecureRequestWarning: Unverified HTTPS request is being made to host 'randomuser.me'. Adding certificate verification is strongly advised. See: https://urllib3.readthedocs.io/en/latest/advanced-usage.html#tls-warnings
  warnings.warn(</msg>
<msg time="2024-04-17T12:25:43.333498" level="INFO">${response} = &lt;Response [200]&gt;</msg>
<var>${response}</var>
<arg>consultarAPI</arg>
<arg>/api</arg>
<doc>Sends a GET request on a previously created HTTP Session.</doc>
<status status="PASS" start="2024-04-17T12:25:43.242731" elapsed="0.090807"/>
</kw>
<kw name="Set Variable" owner="BuiltIn">
<msg time="2024-04-17T12:25:43.335016" level="INFO">${json_data} = {'results': [{'gender': 'male', 'name': {'title': 'Mr', 'first': 'Onufriy', 'last': 'Krasovskiy'}, 'location': {'street': {'number': 2893, 'name': 'Horvatska'}, 'city': 'Bogoduhiv', 'state': 'Zakarpat...</msg>
<var>${json_data}</var>
<arg>${response.json()}</arg>
<doc>Returns the given values which can then be assigned to a variables.</doc>
<status status="PASS" start="2024-04-17T12:25:43.334280" elapsed="0.000765"/>
</kw>
<kw name="Log" owner="BuiltIn">
<msg time="2024-04-17T12:25:43.335515" level="INFO">{'results': [{'gender': 'male', 'name': {'title': 'Mr', 'first': 'Onufriy', 'last': 'Krasovskiy'}, 'location': {'street': {'number': 2893, 'name': 'Horvatska'}, 'city': 'Bogoduhiv', 'state': 'Zakarpatska', 'country': 'Ukraine', 'postcode': 88087, 'coordinates': {'latitude': '76.8322', 'longitude': '-179.8500'}, 'timezone': {'offset': '+9:00', 'description': 'Tokyo, Seoul, Osaka, Sapporo, Yakutsk'}}, 'email': 'onufriy.krasovskiy@example.com', 'login': {'uuid': 'a7e4314d-090c-42d9-8a3c-3758028659e7', 'username': 'bluerabbit279', 'password': 'partner', 'salt': 'aJdYjYLs', 'md5': '56911bca814a3d213d6cfa8c73f71175', 'sha1': '1ba6c14eab03b8ed5b68aeabb9c9a2ef1812f2fc', 'sha256': '832e3de558dc1252c2f92ebf2143f061168dcd1abae9f9e11664a7f2110ebcf1'}, 'dob': {'date': '1971-10-18T06:52:14.016Z', 'age': 52}, 'registered': {'date': '2008-07-21T12:53:58.787Z', 'age': 15}, 'phone': '(066) D54-3594', 'cell': '(098) F85-2307', 'id': {'name': '', 'value': None}, 'picture': {'large': 'https://randomuser.me/api/portraits/men/55.jpg', 'medium': 'https://randomuser.me/api/portraits/med/men/55.jpg', 'thumbnail': 'https://randomuser.me/api/portraits/thumb/men/55.jpg'}, 'nat': 'UA'}], 'info': {'seed': 'f9627145abf375f9', 'results': 1, 'page': 1, 'version': '1.4'}}</msg>
<arg>${json_data}</arg>
<doc>Logs the given message with the given level.</doc>
<status status="PASS" start="2024-04-17T12:25:43.335357" elapsed="0.000243"/>
</kw>
<kw name="Should Be String" owner="String">
<arg>${json_data['results'][0]['gender']}</arg>
<doc>Fails if the given ``item`` is not a string.</doc>
<status status="PASS" start="2024-04-17T12:25:43.335905" elapsed="0.000412"/>
</kw>
<kw name="Should Match Regexp" owner="BuiltIn">
<arg>${json_data['results'][0]['email']}</arg>
<arg>^[a-zA-Z0-9._%+-]+@[a-zA-Z0-9.-]+\.[a-zA-Z]{2,}$</arg>
<doc>Fails if ``string`` does not match ``pattern`` as a regular expression.</doc>
<status status="PASS" start="2024-04-17T12:25:43.336525" elapsed="0.000529"/>
</kw>
<kw name="Should Match Regexp" owner="BuiltIn">
<arg>${json_data['results'][0]['dob']['date']}</arg>
<arg>\\d{4}-\\d{2}-\\d{2}T\\d{2}:\\d{2}:\\d{2}\\.\\d{3}Z</arg>
<doc>Fails if ``string`` does not match ``pattern`` as a regular expression.</doc>
<status status="PASS" start="2024-04-17T12:25:43.337250" elapsed="0.000489"/>
</kw>
<kw name="Should Match Regexp" owner="BuiltIn">
<arg>${json_data['results'][0]['registered']['date']}</arg>
<arg>\\d{4}-\\d{2}-\\d{2}T\\d{2}:\\d{2}:\\d{2}\\.\\d{3}Z</arg>
<doc>Fails if ``string`` does not match ``pattern`` as a regular expression.</doc>
<status status="PASS" start="2024-04-17T12:25:43.337935" elapsed="0.000372"/>
</kw>
<kw name="Should Match Regexp" owner="BuiltIn">
<arg>${json_data['results'][0]['picture']['large']}</arg>
<arg>^https?://.*\.(?:png|jpe?g|gif|bmp)$</arg>
<doc>Fails if ``string`` does not match ``pattern`` as a regular expression.</doc>
<status status="PASS" start="2024-04-17T12:25:43.338498" elapsed="0.000461"/>
</kw>
<kw name="Should Match Regexp" owner="BuiltIn">
<arg>${json_data['results'][0]['picture']['medium']}</arg>
<arg>^https?://.*\.(?:png|jpe?g|gif|bmp)$</arg>
<doc>Fails if ``string`` does not match ``pattern`` as a regular expression.</doc>
<status status="PASS" start="2024-04-17T12:25:43.339145" elapsed="0.000355"/>
</kw>
<kw name="Should Match Regexp" owner="BuiltIn">
<arg>${json_data['results'][0]['picture']['thumbnail']}</arg>
<arg>^https?://.*\.(?:png|jpe?g|gif|bmp)$</arg>
<doc>Fails if ``string`` does not match ``pattern`` as a regular expression.</doc>
<status status="PASS" start="2024-04-17T12:25:43.339693" elapsed="0.000349"/>
</kw>
<kw name="Log" owner="BuiltIn">
<msg time="2024-04-17T12:25:43.340580" level="INFO">{'large': 'https://randomuser.me/api/portraits/men/55.jpg', 'medium': 'https://randomuser.me/api/portraits/med/men/55.jpg', 'thumbnail': 'https://randomuser.me/api/portraits/thumb/men/55.jpg'}</msg>
<arg>${json_data['results'][0]['picture']}</arg>
<doc>Logs the given message with the given level.</doc>
<status status="PASS" start="2024-04-17T12:25:43.340246" elapsed="0.000376"/>
</kw>
<status status="PASS" start="2024-04-17T12:25:43.242498" elapsed="0.098380"/>
</kw>
<kw name="Teste de Tipos de Dados - Postcode" owner="random-user-service">
<kw name="GET On Session" owner="RequestsLibrary">
<msg time="2024-04-17T12:25:43.429189" level="INFO">GET Request : url=https://randomuser.me/api 
 path_url=/api 
 headers={'User-Agent': 'python-requests/2.31.0', 'Accept-Encoding': 'gzip, deflate', 'Accept': '*/*', 'Connection': 'keep-alive'} 
 body=None 
 </msg>
<msg time="2024-04-17T12:25:43.429284" level="INFO">GET Response : url=https://randomuser.me/api 
 status=200, reason=OK 
 headers={'Date': 'Wed, 17 Apr 2024 12:25:43 GMT', 'Content-Type': 'application/json; charset=utf-8', 'Transfer-Encoding': 'chunked', 'Connection': 'keep-alive', 'X-Powered-By': 'Express', 'Access-Control-Allow-Origin': '*', 'Cache-Control': 'no-cache', 'ETag': 'W/"499-HrLkobp6t7snbdJEh9G7aUdWVYM"', 'Vary': 'Accept-Encoding', 'Content-Encoding': 'gzip', 'CF-Cache-Status': 'DYNAMIC', 'Report-To': '{"endpoints":[{"url":"https:\\/\\/a.nel.cloudflare.com\\/report\\/v4?s=UEsI4sRfkViQT1eDCEdTgqi49I1o00TDJRnxiZ9kTwFhlM1ViFgMblsHdiW5BBiPfTLJeXMWw6pGPPYIQ86HDpvdsXjhVLWaZBGvaLlY0Wp%2Fbm2iZyL2ZkOqg3ZzBM%2Fw"}],"group":"cf-nel","max_age":604800}', 'NEL': '{"success_fraction":0,"report_to":"cf-nel","max_age":604800}', 'Server': 'cloudflare', 'CF-RAY': '875c663dedfe174a-SJC', 'alt-svc': 'h3=":443"; ma=86400'} 
 body={"results":[{"gender":"female","name":{"title":"Ms","first":"Naomi","last":"Jackson"},"location":{"street":{"number":294,"name":"Fendalton Road"},"city":"Greymouth","state":"Taranaki","country":"New Zealand","postcode":72412,"coordinates":{"latitude":"55.4668","longitude":"77.4427"},"timezone":{"offset":"0:00","description":"Western Europe Time, London, Lisbon, Casablanca"}},"email":"naomi.jackson@example.com","login":{"uuid":"b4c7043b-b45d-478b-9c31-8d3a31c6b7a8","username":"bigleopard866","password":"cards","salt":"rwYEHRJX","md5":"7194d2b00187439a66f2f62d9e54dfba","sha1":"620a68cafe8f57ed5f1887ac21f3821cf6a4db37","sha256":"3b48180840e2aaa0c3cd9dfa3e0985bc1d446bdc61a434765a7f57b4309de4c1"},"dob":{"date":"1955-09-13T23:24:40.936Z","age":68},"registered":{"date":"2015-05-23T21:34:19.179Z","age":8},"phone":"(083)-646-5768","cell":"(410)-249-5193","id":{"name":"","value":null},"picture":{"large":"https://randomuser.me/api/portraits/women/23.jpg","medium":"https://randomuser.me/api/portraits/med/women/23.jpg","thumbnail":"https://randomuser.me/api/portraits/thumb/women/23.jpg"},"nat":"NZ"}],"info":{"seed":"2df8a40a9a51b7bd","results":1,"page":1,"version":"1.4"}} 
 </msg>
<msg time="2024-04-17T12:25:43.429362" level="INFO">/opt/hostedtoolcache/Python/3.12.3/x64/lib/python3.12/site-packages/urllib3/connectionpool.py:1103: InsecureRequestWarning: Unverified HTTPS request is being made to host 'randomuser.me'. Adding certificate verification is strongly advised. See: https://urllib3.readthedocs.io/en/latest/advanced-usage.html#tls-warnings
  warnings.warn(</msg>
<msg time="2024-04-17T12:25:43.429476" level="INFO">${response} = &lt;Response [200]&gt;</msg>
<var>${response}</var>
<arg>consultarAPI</arg>
<arg>/api</arg>
<doc>Sends a GET request on a previously created HTTP Session.</doc>
<status status="PASS" start="2024-04-17T12:25:43.341354" elapsed="0.088163"/>
</kw>
<kw name="Set Variable" owner="BuiltIn">
<msg time="2024-04-17T12:25:43.430578" level="INFO">${json_data} = {'results': [{'gender': 'female', 'name': {'title': 'Ms', 'first': 'Naomi', 'last': 'Jackson'}, 'location': {'street': {'number': 294, 'name': 'Fendalton Road'}, 'city': 'Greymouth', 'state': 'Taranak...</msg>
<var>${json_data}</var>
<arg>${response.json()}</arg>
<doc>Returns the given values which can then be assigned to a variables.</doc>
<status status="PASS" start="2024-04-17T12:25:43.430064" elapsed="0.000542"/>
</kw>
<kw name="Log" owner="BuiltIn">
<msg time="2024-04-17T12:25:43.431075" level="INFO">{'results': [{'gender': 'female', 'name': {'title': 'Ms', 'first': 'Naomi', 'last': 'Jackson'}, 'location': {'street': {'number': 294, 'name': 'Fendalton Road'}, 'city': 'Greymouth', 'state': 'Taranaki', 'country': 'New Zealand', 'postcode': 72412, 'coordinates': {'latitude': '55.4668', 'longitude': '77.4427'}, 'timezone': {'offset': '0:00', 'description': 'Western Europe Time, London, Lisbon, Casablanca'}}, 'email': 'naomi.jackson@example.com', 'login': {'uuid': 'b4c7043b-b45d-478b-9c31-8d3a31c6b7a8', 'username': 'bigleopard866', 'password': 'cards', 'salt': 'rwYEHRJX', 'md5': '7194d2b00187439a66f2f62d9e54dfba', 'sha1': '620a68cafe8f57ed5f1887ac21f3821cf6a4db37', 'sha256': '3b48180840e2aaa0c3cd9dfa3e0985bc1d446bdc61a434765a7f57b4309de4c1'}, 'dob': {'date': '1955-09-13T23:24:40.936Z', 'age': 68}, 'registered': {'date': '2015-05-23T21:34:19.179Z', 'age': 8}, 'phone': '(083)-646-5768', 'cell': '(410)-249-5193', 'id': {'name': '', 'value': None}, 'picture': {'large': 'https://randomuser.me/api/portraits/women/23.jpg', 'medium': 'https://randomuser.me/api/portraits/med/women/23.jpg', 'thumbnail': 'https://randomuser.me/api/portraits/thumb/women/23.jpg'}, 'nat': 'NZ'}], 'info': {'seed': '2df8a40a9a51b7bd', 'results': 1, 'page': 1, 'version': '1.4'}}</msg>
<arg>${json_data}</arg>
<doc>Logs the given message with the given level.</doc>
<status status="PASS" start="2024-04-17T12:25:43.430918" elapsed="0.000240"/>
</kw>
<kw name="Should Be Equal As Numbers" owner="BuiltIn">
<arg>${json_data['results'][0]['location']['postcode']}</arg>
<arg>${json_data['results'][0]['location']['postcode']}</arg>
<doc>Fails if objects are unequal after converting them to real numbers.</doc>
<status status="PASS" start="2024-04-17T12:25:43.431637" elapsed="0.000679"/>
</kw>
<kw name="Log" owner="BuiltIn">
<msg time="2024-04-17T12:25:43.432856" level="INFO">72412</msg>
<arg>${json_data['results'][0]['location']['postcode']}</arg>
<doc>Logs the given message with the given level.</doc>
<status status="PASS" start="2024-04-17T12:25:43.432520" elapsed="0.000374"/>
</kw>
<status status="PASS" start="2024-04-17T12:25:43.341113" elapsed="0.092055"/>
</kw>
<doc>Testa se os tipos de dados na resposta da API estão corretos.</doc>
<tag>testeTiposDados</tag>
<status status="PASS" start="2024-04-17T12:25:43.241916" elapsed="0.191440"/>
</test>
<test id="s1-s1-t5" name="Validar conteudo" line="35">
<kw name="Teste de Tipos de Conteudo" owner="random-user-service">
<kw name="GET On Session" owner="RequestsLibrary">
<msg time="2024-04-17T12:25:43.529370" level="INFO">GET Request : url=https://randomuser.me/api 
 path_url=/api 
 headers={'User-Agent': 'python-requests/2.31.0', 'Accept-Encoding': 'gzip, deflate', 'Accept': '*/*', 'Connection': 'keep-alive'} 
 body=None 
 </msg>
<msg time="2024-04-17T12:25:43.529476" level="INFO">GET Response : url=https://randomuser.me/api 
 status=200, reason=OK 
 headers={'Date': 'Wed, 17 Apr 2024 12:25:43 GMT', 'Content-Type': 'application/json; charset=utf-8', 'Transfer-Encoding': 'chunked', 'Connection': 'keep-alive', 'X-Powered-By': 'Express', 'Access-Control-Allow-Origin': '*', 'Cache-Control': 'no-cache', 'ETag': 'W/"4a5-C0Q/Pdkh68FJdFo+k9FvdYkpjNY"', 'Vary': 'Accept-Encoding', 'Content-Encoding': 'gzip', 'CF-Cache-Status': 'DYNAMIC', 'Report-To': '{"endpoints":[{"url":"https:\\/\\/a.nel.cloudflare.com\\/report\\/v4?s=9viZewzZj37fgmbEjGTd9Z7Mb1YehhLLfLUv%2FpSHUI%2FwUkPsojCl0%2BRE0%2FQZBMy39C8PgoLh0pm0sOwuD6LLIoEjCcwvB7SSQ6697917MakW1wb420L6jaEx%2FfWhAPU2"}],"group":"cf-nel","max_age":604800}', 'NEL': '{"success_fraction":0,"report_to":"cf-nel","max_age":604800}', 'Server': 'cloudflare', 'CF-RAY': '875c663e7e87174a-SJC', 'alt-svc': 'h3=":443"; ma=86400'} 
 body={"results":[{"gender":"female","name":{"title":"Miss","first":"Sakine","last":"Van den Borne"},"location":{"street":{"number":4277,"name":"Burgemeester Schrijnderlaan"},"city":"Vilt","state":"Friesland","country":"Netherlands","postcode":"9279 XE","coordinates":{"latitude":"36.0670","longitude":"109.8430"},"timezone":{"offset":"+9:30","description":"Adelaide, Darwin"}},"email":"sakine.vandenborne@example.com","login":{"uuid":"dc1e64e3-81cb-4089-878f-a6f6bb122a57","username":"yellowostrich451","password":"kingdom","salt":"gWRaHJIB","md5":"22f733e51bcb726127998d5ff2fc8d09","sha1":"fb2addc1ca7ddc65f3e24e69027bb649a94697d3","sha256":"8ee9a4ecbcfe6ae40e4030f1b5cdf788c1468ee135d4fa78414d9a683f5c85aa"},"dob":{"date":"1998-11-18T23:27:18.776Z","age":25},"registered":{"date":"2010-04-10T04:15:47.347Z","age":14},"phone":"(0549) 998163","cell":"(06) 47961499","id":{"name":"BSN","value":"73677175"},"picture":{"large":"https://randomuser.me/api/portraits/women/71.jpg","medium":"https://randomuser.me/api/portraits/med/women/71.jpg","thumbnail":"https://randomuser.me/api/portraits/thumb/women/71.jpg"},"nat":"NL"}],"info":{"seed":"47087d7057b1eed1","results":1,"page":1,"version":"1.4"}} 
 </msg>
<msg time="2024-04-17T12:25:43.529555" level="INFO">/opt/hostedtoolcache/Python/3.12.3/x64/lib/python3.12/site-packages/urllib3/connectionpool.py:1103: InsecureRequestWarning: Unverified HTTPS request is being made to host 'randomuser.me'. Adding certificate verification is strongly advised. See: https://urllib3.readthedocs.io/en/latest/advanced-usage.html#tls-warnings
  warnings.warn(</msg>
<msg time="2024-04-17T12:25:43.529685" level="INFO">${response} = &lt;Response [200]&gt;</msg>
<var>${response}</var>
<arg>consultarAPI</arg>
<arg>/api</arg>
<doc>Sends a GET request on a previously created HTTP Session.</doc>
<status status="PASS" start="2024-04-17T12:25:43.435800" elapsed="0.093924"/>
</kw>
<kw name="Set Variable" owner="BuiltIn">
<msg time="2024-04-17T12:25:43.530768" level="INFO">${json_data} = {'results': [{'gender': 'female', 'name': {'title': 'Miss', 'first': 'Sakine', 'last': 'Van den Borne'}, 'location': {'street': {'number': 4277, 'name': 'Burgemeester Schrijnderlaan'}, 'city': 'Vilt',...</msg>
<var>${json_data}</var>
<arg>${response.json()}</arg>
<doc>Returns the given values which can then be assigned to a variables.</doc>
<status status="PASS" start="2024-04-17T12:25:43.530244" elapsed="0.000552"/>
</kw>
<kw name="Set Variable" owner="BuiltIn">
<msg time="2024-04-17T12:25:43.531489" level="INFO">${name_title} = Miss</msg>
<var>${name_title}</var>
<arg>${json_data["results"][0]["name"]["title"]}</arg>
<doc>Returns the given values which can then be assigned to a variables.</doc>
<status status="PASS" start="2024-04-17T12:25:43.531105" elapsed="0.000411"/>
</kw>
<kw name="Create List" owner="BuiltIn">
<msg time="2024-04-17T12:25:43.531966" level="INFO">${allowed_titles} = ['Mr', 'Ms', 'Miss', 'Mrs', 'Madame', 'Monsieur']</msg>
<var>${allowed_titles}</var>
<arg>Mr</arg>
<arg>Ms</arg>
<arg>Miss</arg>
<arg>Mrs</arg>
<arg>Madame</arg>
<arg>Monsieur</arg>
<doc>Returns a list containing given items.</doc>
<status status="PASS" start="2024-04-17T12:25:43.531819" elapsed="0.000172"/>
</kw>
<kw name="List Should Contain Value" owner="Collections">
<msg time="2024-04-17T12:25:43.532506" level="INFO">False</msg>
<arg>${allowed_titles}</arg>
<arg>${name_title}</arg>
<doc>Fails if the ``value`` is not found from ``list``.</doc>
<status status="PASS" start="2024-04-17T12:25:43.532328" elapsed="0.000216"/>
</kw>
<kw name="Set Variable" owner="BuiltIn">
<msg time="2024-04-17T12:25:43.533215" level="INFO">${name_country} = NL</msg>
<var>${name_country}</var>
<arg>${json_data["results"][0]["nat"]}</arg>
<doc>Returns the given values which can then be assigned to a variables.</doc>
<status status="PASS" start="2024-04-17T12:25:43.532835" elapsed="0.000405"/>
</kw>
<kw name="Create List" owner="BuiltIn">
<msg time="2024-04-17T12:25:43.534137" level="INFO">${list_country} = ['AD', 'AE', 'AF', 'AG', 'AI', 'AL', 'AM', 'AO', 'AQ', 'AR', 'AS', 'AT', 'AU', 'AW', 'AX', 'AZ', 'BA', 'BB', 'BD', 'BE', 'BF', 'BG', 'BH', 'BI', 'BJ', 'BL', 'BM', 'BN', 'BO', 'BQ', 'BR', 'BS', 'BT', '...</msg>
<var>${list_country}</var>
<arg>AD</arg>
<arg>AE</arg>
<arg>AF</arg>
<arg>AG</arg>
<arg>AI</arg>
<arg>AL</arg>
<arg>AM</arg>
<arg>AO</arg>
<arg>AQ</arg>
<arg>AR</arg>
<arg>AS</arg>
<arg>AT</arg>
<arg>AU</arg>
<arg>AW</arg>
<arg>AX</arg>
<arg>AZ</arg>
<arg>BA</arg>
<arg>BB</arg>
<arg>BD</arg>
<arg>BE</arg>
<arg>BF</arg>
<arg>BG</arg>
<arg>BH</arg>
<arg>BI</arg>
<arg>BJ</arg>
<arg>BL</arg>
<arg>BM</arg>
<arg>BN</arg>
<arg>BO</arg>
<arg>BQ</arg>
<arg>BR</arg>
<arg>BS</arg>
<arg>BT</arg>
<arg>BV</arg>
<arg>BW</arg>
<arg>BY</arg>
<arg>BZ</arg>
<arg>CA</arg>
<arg>CC</arg>
<arg>CD</arg>
<arg>CF</arg>
<arg>CG</arg>
<arg>CH</arg>
<arg>CI</arg>
<arg>CK</arg>
<arg>CL</arg>
<arg>CM</arg>
<arg>CN</arg>
<arg>CO</arg>
<arg>CR</arg>
<arg>CU</arg>
<arg>CV</arg>
<arg>CW</arg>
<arg>CX</arg>
<arg>CY</arg>
<arg>CZ</arg>
<arg>DE</arg>
<arg>DJ</arg>
<arg>DK</arg>
<arg>DM</arg>
<arg>DO</arg>
<arg>DZ</arg>
<arg>EC</arg>
<arg>EE</arg>
<arg>EG</arg>
<arg>EH</arg>
<arg>ER</arg>
<arg>ES</arg>
<arg>ET</arg>
<arg>FI</arg>
<arg>FJ</arg>
<arg>FK</arg>
<arg>FM</arg>
<arg>FO</arg>
<arg>FR</arg>
<arg>GA</arg>
<arg>GB</arg>
<arg>GD</arg>
<arg>GE</arg>
<arg>GF</arg>
<arg>GG</arg>
<arg>GH</arg>
<arg>GI</arg>
<arg>GL</arg>
<arg>GM</arg>
<arg>GN</arg>
<arg>GP</arg>
<arg>GQ</arg>
<arg>GR</arg>
<arg>GS</arg>
<arg>GT</arg>
<arg>GU</arg>
<arg>GW</arg>
<arg>GY</arg>
<arg>HK</arg>
<arg>HM</arg>
<arg>HN</arg>
<arg>HR</arg>
<arg>HT</arg>
<arg>HU</arg>
<arg>ID</arg>
<arg>IE</arg>
<arg>IL</arg>
<arg>IM</arg>
<arg>IN</arg>
<arg>IO</arg>
<arg>IQ</arg>
<arg>IR</arg>
<arg>IS</arg>
<arg>IT</arg>
<arg>JE</arg>
<arg>JM</arg>
<arg>JO</arg>
<arg>JP</arg>
<arg>KE</arg>
<arg>KG</arg>
<arg>KH</arg>
<arg>KI</arg>
<arg>KM</arg>
<arg>KN</arg>
<arg>KP</arg>
<arg>KR</arg>
<arg>KW</arg>
<arg>KY</arg>
<arg>KZ</arg>
<arg>LA</arg>
<arg>LB</arg>
<arg>LC</arg>
<arg>LI</arg>
<arg>LK</arg>
<arg>LR</arg>
<arg>LS</arg>
<arg>LT</arg>
<arg>LU</arg>
<arg>LV</arg>
<arg>LY</arg>
<arg>MA</arg>
<arg>MC</arg>
<arg>MD</arg>
<arg>ME</arg>
<arg>MF</arg>
<arg>MG</arg>
<arg>MH</arg>
<arg>MK</arg>
<arg>ML</arg>
<arg>MM</arg>
<arg>MN</arg>
<arg>MO</arg>
<arg>MP</arg>
<arg>MQ</arg>
<arg>MR</arg>
<arg>MS</arg>
<arg>MT</arg>
<arg>MU</arg>
<arg>MV</arg>
<arg>MW</arg>
<arg>MX</arg>
<arg>MY</arg>
<arg>MZ</arg>
<arg>NA</arg>
<arg>NC</arg>
<arg>NE</arg>
<arg>NF</arg>
<arg>NG</arg>
<arg>NI</arg>
<arg>NL</arg>
<arg>NO</arg>
<arg>NP</arg>
<arg>NR</arg>
<arg>NU</arg>
<arg>NZ</arg>
<arg>OM</arg>
<arg>PA</arg>
<arg>PE</arg>
<arg>PF</arg>
<arg>PG</arg>
<arg>PH</arg>
<arg>PK</arg>
<arg>PL</arg>
<arg>PM</arg>
<arg>PN</arg>
<arg>PR</arg>
<arg>PS</arg>
<arg>PT</arg>
<arg>PW</arg>
<arg>PY</arg>
<arg>QA</arg>
<arg>RE</arg>
<arg>RO</arg>
<arg>RS</arg>
<arg>RU</arg>
<arg>RW</arg>
<arg>SA</arg>
<arg>SB</arg>
<arg>SC</arg>
<arg>SD</arg>
<arg>SE</arg>
<arg>SG</arg>
<arg>SH</arg>
<arg>SI</arg>
<arg>SJ</arg>
<arg>SK</arg>
<arg>SL</arg>
<arg>SM</arg>
<arg>SN</arg>
<arg>SO</arg>
<arg>SR</arg>
<arg>SS</arg>
<arg>ST</arg>
<arg>SV</arg>
<arg>SX</arg>
<arg>SY</arg>
<arg>SZ</arg>
<arg>TC</arg>
<arg>TD</arg>
<arg>TF</arg>
<arg>TG</arg>
<arg>TH</arg>
<arg>TJ</arg>
<arg>TK</arg>
<arg>TL</arg>
<arg>TM</arg>
<arg>TN</arg>
<arg>TO</arg>
<arg>TR</arg>
<arg>TT</arg>
<arg>TV</arg>
<arg>TW</arg>
<arg>TZ</arg>
<arg>UA</arg>
<arg>UG</arg>
<arg>UM</arg>
<arg>US</arg>
<arg>UY</arg>
<arg>UZ</arg>
<arg>VA</arg>
<arg>VC</arg>
<arg>VE</arg>
<arg>VG</arg>
<arg>VI</arg>
<arg>VN</arg>
<arg>VU</arg>
<arg>WF</arg>
<arg>WS</arg>
<arg>XK</arg>
<arg>YE</arg>
<arg>YT</arg>
<arg>ZA</arg>
<arg>ZM</arg>
<arg>ZW</arg>
<doc>Returns a list containing given items.</doc>
<status status="PASS" start="2024-04-17T12:25:43.533547" elapsed="0.000615"/>
</kw>
<kw name="List Should Contain Value" owner="Collections">
<msg time="2024-04-17T12:25:43.535163" level="INFO">False</msg>
<arg>${list_country}</arg>
<arg>${name_country}</arg>
<doc>Fails if the ``value`` is not found from ``list``.</doc>
<status status="PASS" start="2024-04-17T12:25:43.534959" elapsed="0.000241"/>
</kw>
<kw name="Run Keyword If" owner="BuiltIn">
<kw name="Should Be True" owner="BuiltIn">
<arg>${True}</arg>
<doc>Fails if the given condition is not true.</doc>
<status status="PASS" start="2024-04-17T12:25:43.536327" elapsed="0.000267"/>
</kw>
<arg>${json_data["results"][0]["location"]["coordinates"]["latitude"]} &gt;= -90 and ${json_data["results"][0]["location"]["coordinates"]["latitude"]} &lt;= 90</arg>
<arg>Should Be True</arg>
<arg>${True}</arg>
<doc>Runs the given keyword with the given arguments, if ``condition`` is true.</doc>
<status status="PASS" start="2024-04-17T12:25:43.535515" elapsed="0.001212"/>
</kw>
<kw name="Run Keyword If" owner="BuiltIn">
<kw name="Should Be True" owner="BuiltIn">
<arg>${True}</arg>
<doc>Fails if the given condition is not true.</doc>
<status status="PASS" start="2024-04-17T12:25:43.537631" elapsed="0.000138"/>
</kw>
<arg>${json_data["results"][0]["location"]["coordinates"]["longitude"]} &gt;= -180 and ${json_data["results"][0]["location"]["coordinates"]["longitude"]} &lt;= 180</arg>
<arg>Should Be True</arg>
<arg>${True}</arg>
<doc>Runs the given keyword with the given arguments, if ``condition`` is true.</doc>
<status status="PASS" start="2024-04-17T12:25:43.536917" elapsed="0.000977"/>
</kw>
<status status="PASS" start="2024-04-17T12:25:43.435571" elapsed="0.102457"/>
</kw>
<doc>Testa o conteúdo específico dos campos retornados pela API.</doc>
<tag>testeConteudo</tag>
<status status="PASS" start="2024-04-17T12:25:43.435121" elapsed="0.103064"/>
</test>
<status status="PASS" start="2024-04-17T12:25:42.479732" elapsed="1.060433"/>
</suite>
<status status="PASS" start="2024-04-17T12:25:42.466012" elapsed="1.079382"/>
</suite>
<statistics>
<total>
<stat pass="5" fail="0" skip="0">All Tests</stat>
</total>
<tag>
<stat pass="1" fail="0" skip="0">testeConteudo</stat>
<stat pass="1" fail="0" skip="0">testeEstruturaResposta</stat>
<stat pass="1" fail="0" skip="0">testeRequisicaoBasica</stat>
<stat pass="1" fail="0" skip="0">testeTiposDados</stat>
</tag>
<suite>
<stat pass="5" fail="0" skip="0" id="s1" name="Tests">Tests</stat>
<stat pass="5" fail="0" skip="0" id="s1-s1" name="Random-User-Test">Tests.Random-User-Test</stat>
</suite>
</statistics>
<errors>
</errors>
</robot>
