<?xml version="1.0" encoding="UTF-8"?>
<robot generator="Robot 7.0.1 (Python 3.12.3 on linux)" generated="2024-06-14T17:15:20.184471" rpa="false" schemaversion="5">
<suite id="s1" name="Tests" source="/home/runner/work/ApiRandomUser/ApiRandomUser/RamdonUser/tests">
<suite id="s1-s1" name="Random-User-Test" source="/home/runner/work/ApiRandomUser/ApiRandomUser/RamdonUser/tests/random-user-test.robot">
<test id="s1-s1-t1" name="Conectar" line="13">
<kw name="Conectar API" owner="random-user-service">
<kw name="Create Session" owner="RequestsLibrary">
<msg time="2024-06-14T17:15:20.590948" level="INFO">Creating Session using : alias=consultarAPI, url=https://randomuser.me/, headers={},                     cookies={}, auth=None, timeout=None, proxies=None, verify=False,                     debug=0 </msg>
<arg>consultarAPI</arg>
<arg>${URL}</arg>
<doc>Create Session: create a HTTP session to a server</doc>
<status status="PASS" start="2024-06-14T17:15:20.590752" elapsed="0.000365"/>
</kw>
<status status="PASS" start="2024-06-14T17:15:20.589790" elapsed="0.001678"/>
</kw>
<status status="PASS" start="2024-06-14T17:15:20.589290" elapsed="0.002376"/>
</test>
<test id="s1-s1-t2" name="Validar retorno 200 e JSON Válido" line="16">
<kw name="Teste de Requisicao Basica" owner="random-user-service">
<kw name="GET On Session" owner="RequestsLibrary">
<msg time="2024-06-14T17:15:20.827916" level="INFO">GET Request : url=https://randomuser.me/api 
 path_url=/api 
 headers={'User-Agent': 'python-requests/2.32.3', 'Accept-Encoding': 'gzip, deflate', 'Accept': '*/*', 'Connection': 'keep-alive'} 
 body=None 
 </msg>
<msg time="2024-06-14T17:15:20.828022" level="INFO">GET Response : url=https://randomuser.me/api 
 status=200, reason=OK 
 headers={'Date': 'Fri, 14 Jun 2024 17:15:20 GMT', 'Content-Type': 'application/json; charset=utf-8', 'Transfer-Encoding': 'chunked', 'Connection': 'keep-alive', 'X-Powered-By': 'Express', 'Access-Control-Allow-Origin': '*', 'Cache-Control': 'no-cache', 'ETag': 'W/"481-8preuRIi6sOs/m+THd/FhOgNC64"', 'Vary': 'Accept-Encoding', 'Content-Encoding': 'gzip', 'CF-Cache-Status': 'DYNAMIC', 'Report-To': '{"endpoints":[{"url":"https:\\/\\/a.nel.cloudflare.com\\/report\\/v4?s=y2Ed6ZNFKun5Pr1RWdKXb4AQum5xMcWY2JI9yEI%2FpRh8qeIECXoSxB4n6w%2BQcKpH5PRw7FTBV7aHzSLF6aMYPXK3RX9ANygYpDxuMHsgDmQbXcBBv%2FQ64RV4he10kMWN"}],"group":"cf-nel","max_age":604800}', 'NEL': '{"success_fraction":0,"report_to":"cf-nel","max_age":604800}', 'Server': 'cloudflare', 'CF-RAY': '893bf63edcaf2dae-ORD', 'alt-svc': 'h3=":443"; ma=86400'} 
 body={"results":[{"gender":"female","name":{"title":"Miss","first":"Roksolana","last":"Bubliki"},"location":{"street":{"number":6942,"name":"Naddnipryanskiy prospekt"},"city":"Tulchin","state":"Zaporizka","country":"Ukraine","postcode":70220,"coordinates":{"latitude":"79.6691","longitude":"142.3048"},"timezone":{"offset":"+3:30","description":"Tehran"}},"email":"roksolana.bubliki@example.com","login":{"uuid":"b119b9e5-a9b3-4143-ab24-265ebfc86873","username":"crazydog441","password":"buffet","salt":"LRngsmlU","md5":"5c5a29096fe0d2edba04e84cca900e47","sha1":"707d7353fd298806bf109d4456369782b5183707","sha256":"e5f9fbf02d1ac53924f8ec0402e5d5d57025a17feb609cf9f97b9f737ec5c846"},"dob":{"date":"1964-09-01T03:49:35.047Z","age":59},"registered":{"date":"2020-11-16T14:17:21.434Z","age":3},"phone":"(099) U53-5427","cell":"(096) Q05-7796","id":{"name":"","value":null},"picture":{"large":"https://randomuser.me/api/portraits/women/67.jpg","medium":"https://randomuser.me/api/portraits/med/women/67.jpg","thumbnail":"https://randomuser.me/api/portraits/thumb/women/67.jpg"},"nat":"UA"}],"info":{"seed":"d1bbf323b84afc92","results":1,"page":1,"version":"1.4"}} 
 </msg>
<msg time="2024-06-14T17:15:20.828092" level="INFO">/opt/hostedtoolcache/Python/3.12.3/x64/lib/python3.12/site-packages/urllib3/connectionpool.py:1103: InsecureRequestWarning: Unverified HTTPS request is being made to host 'randomuser.me'. Adding certificate verification is strongly advised. See: https://urllib3.readthedocs.io/en/latest/advanced-usage.html#tls-warnings
  warnings.warn(</msg>
<msg time="2024-06-14T17:15:20.828214" level="INFO">${response} = &lt;Response [200]&gt;</msg>
<var>${response}</var>
<arg>consultarAPI</arg>
<arg>/api</arg>
<doc>Sends a GET request on a previously created HTTP Session.</doc>
<status status="PASS" start="2024-06-14T17:15:20.594221" elapsed="0.234023"/>
</kw>
<kw name="Should Be Equal As Numbers" owner="BuiltIn">
<msg time="2024-06-14T17:15:20.829162" level="INFO">Argument types are:
&lt;class 'int'&gt;
&lt;class 'str'&gt;</msg>
<arg>${response.status_code}</arg>
<arg>200</arg>
<doc>Fails if objects are unequal after converting them to real numbers.</doc>
<status status="PASS" start="2024-06-14T17:15:20.828751" elapsed="0.000474"/>
</kw>
<kw name="Log" owner="BuiltIn">
<msg time="2024-06-14T17:15:20.829924" level="INFO">200</msg>
<arg>${response.status_code}</arg>
<doc>Logs the given message with the given level.</doc>
<status status="PASS" start="2024-06-14T17:15:20.829555" elapsed="0.000415"/>
</kw>
<kw name="Set Variable" owner="BuiltIn">
<msg time="2024-06-14T17:15:20.830977" level="INFO">${json_data} = {'results': [{'gender': 'female', 'name': {'title': 'Miss', 'first': 'Roksolana', 'last': 'Bubliki'}, 'location': {'street': {'number': 6942, 'name': 'Naddnipryanskiy prospekt'}, 'city': 'Tulchin', 's...</msg>
<var>${json_data}</var>
<arg>${response.json()}</arg>
<doc>Returns the given values which can then be assigned to a variables.</doc>
<status status="PASS" start="2024-06-14T17:15:20.830380" elapsed="0.000632"/>
</kw>
<kw name="Dictionary Should Contain Key" owner="Collections">
<arg>${json_data}</arg>
<arg>results</arg>
<doc>Fails if ``key`` is not found from ``dictionary``.</doc>
<status status="PASS" start="2024-06-14T17:15:20.831376" elapsed="0.000198"/>
</kw>
<status status="PASS" start="2024-06-14T17:15:20.593967" elapsed="0.237792"/>
</kw>
<doc>Testa se a API responde corretamente e retorna um objeto JSON válido.</doc>
<tag>testeRequisicaoBasica</tag>
<status status="PASS" start="2024-06-14T17:15:20.593530" elapsed="0.238436"/>
</test>
<test id="s1-s1-t3" name="Validar estrutura de resposta" line="22">
<kw name="Teste de Estrutura de Resposta" owner="random-user-service">
<kw name="GET On Session" owner="RequestsLibrary">
<msg time="2024-06-14T17:15:20.932038" level="INFO">GET Request : url=https://randomuser.me/api 
 path_url=/api 
 headers={'User-Agent': 'python-requests/2.32.3', 'Accept-Encoding': 'gzip, deflate', 'Accept': '*/*', 'Connection': 'keep-alive'} 
 body=None 
 </msg>
<msg time="2024-06-14T17:15:20.932127" level="INFO">GET Response : url=https://randomuser.me/api 
 status=200, reason=OK 
 headers={'Date': 'Fri, 14 Jun 2024 17:15:20 GMT', 'Content-Type': 'application/json; charset=utf-8', 'Transfer-Encoding': 'chunked', 'Connection': 'keep-alive', 'X-Powered-By': 'Express', 'Access-Control-Allow-Origin': '*', 'Cache-Control': 'no-cache', 'ETag': 'W/"48f-hBl4X7IcmIia/UDDXs/C617Vhm4"', 'Vary': 'Accept-Encoding', 'Content-Encoding': 'gzip', 'CF-Cache-Status': 'DYNAMIC', 'Report-To': '{"endpoints":[{"url":"https:\\/\\/a.nel.cloudflare.com\\/report\\/v4?s=%2BPscvQHW5IHQTpK6TiSTtzBLE1B0P%2B0uEoJdxiG0lrpQOEjmMHl2bgnJINMR8nBmrAnMQ20cXJ1zgdGTCt87iK8hpOHXaWlU6DwJQgEG2m4AAE45JWpWWq71Re%2FzdDz2"}],"group":"cf-nel","max_age":604800}', 'NEL': '{"success_fraction":0,"report_to":"cf-nel","max_age":604800}', 'Server': 'cloudflare', 'CF-RAY': '893bf63f3d0b2dae-ORD', 'alt-svc': 'h3=":443"; ma=86400'} 
 body={"results":[{"gender":"female","name":{"title":"Miss","first":"آدرینا","last":"رضاییان"},"location":{"street":{"number":5721,"name":"رسالت"},"city":"قرچک","state":"یزد","country":"Iran","postcode":89552,"coordinates":{"latitude":"14.6639","longitude":"161.0147"},"timezone":{"offset":"+5:30","description":"Bombay, Calcutta, Madras, New Delhi"}},"email":"adryn.rdyyn@example.com","login":{"uuid":"033b95af-e13a-49ae-b8cd-9665f90af863","username":"smallmouse445","password":"school","salt":"epQMN5DH","md5":"ed55cabe7e8442e119cd1e79802ac99d","sha1":"75fd1120ae5774ecf65961fafc939110c2cd535a","sha256":"722d6194d8707d43c7131d6fa0035113214bb2312c8ddd35a0952bb2fb9b7791"},"dob":{"date":"1966-06-03T23:52:01.092Z","age":58},"registered":{"date":"2008-09-24T19:08:29.111Z","age":15},"phone":"060-69531534","cell":"0935-648-4496","id":{"name":"","value":null},"picture":{"large":"https://randomuser.me/api/portraits/women/93.jpg","medium":"https://randomuser.me/api/portraits/med/women/93.jpg","thumbnail":"https://randomuser.me/api/portraits/thumb/women/93.jpg"},"nat":"IR"}],"info":{"seed":"3982fdf6f656e443","results":1,"page":1,"version":"1.4"}} 
 </msg>
<msg time="2024-06-14T17:15:20.932255" level="INFO">/opt/hostedtoolcache/Python/3.12.3/x64/lib/python3.12/site-packages/urllib3/connectionpool.py:1103: InsecureRequestWarning: Unverified HTTPS request is being made to host 'randomuser.me'. Adding certificate verification is strongly advised. See: https://urllib3.readthedocs.io/en/latest/advanced-usage.html#tls-warnings
  warnings.warn(</msg>
<msg time="2024-06-14T17:15:20.932403" level="INFO">${response} = &lt;Response [200]&gt;</msg>
<var>${response}</var>
<arg>consultarAPI</arg>
<arg>/api</arg>
<doc>Sends a GET request on a previously created HTTP Session.</doc>
<status status="PASS" start="2024-06-14T17:15:20.834988" elapsed="0.097475"/>
</kw>
<kw name="Set Variable" owner="BuiltIn">
<msg time="2024-06-14T17:15:20.933330" level="INFO">${json_data} = {'results': [{'gender': 'female', 'name': {'title': 'Miss', 'first': 'آدرینا', 'last': 'رضاییان'}, 'location': {'street': {'number': 5721, 'name': 'رسالت'}, 'city': 'قرچک', 'state': 'یزد', 'country': ...</msg>
<var>${json_data}</var>
<arg>${response.json()}</arg>
<doc>Returns the given values which can then be assigned to a variables.</doc>
<status status="PASS" start="2024-06-14T17:15:20.932862" elapsed="0.000501"/>
</kw>
<kw name="Log" owner="BuiltIn">
<msg time="2024-06-14T17:15:20.933827" level="INFO">{'results': [{'gender': 'female', 'name': {'title': 'Miss', 'first': 'آدرینا', 'last': 'رضاییان'}, 'location': {'street': {'number': 5721, 'name': 'رسالت'}, 'city': 'قرچک', 'state': 'یزد', 'country': 'Iran', 'postcode': 89552, 'coordinates': {'latitude': '14.6639', 'longitude': '161.0147'}, 'timezone': {'offset': '+5:30', 'description': 'Bombay, Calcutta, Madras, New Delhi'}}, 'email': 'adryn.rdyyn@example.com', 'login': {'uuid': '033b95af-e13a-49ae-b8cd-9665f90af863', 'username': 'smallmouse445', 'password': 'school', 'salt': 'epQMN5DH', 'md5': 'ed55cabe7e8442e119cd1e79802ac99d', 'sha1': '75fd1120ae5774ecf65961fafc939110c2cd535a', 'sha256': '722d6194d8707d43c7131d6fa0035113214bb2312c8ddd35a0952bb2fb9b7791'}, 'dob': {'date': '1966-06-03T23:52:01.092Z', 'age': 58}, 'registered': {'date': '2008-09-24T19:08:29.111Z', 'age': 15}, 'phone': '060-69531534', 'cell': '0935-648-4496', 'id': {'name': '', 'value': None}, 'picture': {'large': 'https://randomuser.me/api/portraits/women/93.jpg', 'medium': 'https://randomuser.me/api/portraits/med/women/93.jpg', 'thumbnail': 'https://randomuser.me/api/portraits/thumb/women/93.jpg'}, 'nat': 'IR'}], 'info': {'seed': '3982fdf6f656e443', 'results': 1, 'page': 1, 'version': '1.4'}}</msg>
<arg>${json_data}</arg>
<doc>Logs the given message with the given level.</doc>
<status status="PASS" start="2024-06-14T17:15:20.933669" elapsed="0.000223"/>
</kw>
<kw name="Dictionary Should Contain Key" owner="Collections">
<arg>${json_data}</arg>
<arg>results</arg>
<doc>Fails if ``key`` is not found from ``dictionary``.</doc>
<status status="PASS" start="2024-06-14T17:15:20.934232" elapsed="0.000165"/>
</kw>
<kw name="Should Not Be Empty" owner="BuiltIn">
<msg time="2024-06-14T17:15:20.934707" level="INFO">Length is 2.</msg>
<arg>${json_data}</arg>
<doc>Verifies that the given item is not empty.</doc>
<status status="PASS" start="2024-06-14T17:15:20.934583" elapsed="0.000168"/>
</kw>
<kw name="Create List" owner="BuiltIn">
<msg time="2024-06-14T17:15:20.935186" level="INFO">${expected_keys} = ['gender', 'name', 'location', 'email', 'login']</msg>
<var>${expected_keys}</var>
<arg>gender</arg>
<arg>name</arg>
<arg>location</arg>
<arg>email</arg>
<arg>login</arg>
<doc>Returns a list containing given items.</doc>
<status status="PASS" start="2024-06-14T17:15:20.935040" elapsed="0.000168"/>
</kw>
<for flavor="IN">
<iter>
<kw name="Dictionary Should Contain Key" owner="Collections">
<arg>${json_data['results'][0]}</arg>
<arg>${key}</arg>
<doc>Fails if ``key`` is not found from ``dictionary``.</doc>
<status status="PASS" start="2024-06-14T17:15:20.935889" elapsed="0.000394"/>
</kw>
<kw name="Log" owner="BuiltIn">
<msg time="2024-06-14T17:15:20.936834" level="INFO">{'gender': 'female', 'name': {'title': 'Miss', 'first': 'آدرینا', 'last': 'رضاییان'}, 'location': {'street': {'number': 5721, 'name': 'رسالت'}, 'city': 'قرچک', 'state': 'یزد', 'country': 'Iran', 'postcode': 89552, 'coordinates': {'latitude': '14.6639', 'longitude': '161.0147'}, 'timezone': {'offset': '+5:30', 'description': 'Bombay, Calcutta, Madras, New Delhi'}}, 'email': 'adryn.rdyyn@example.com', 'login': {'uuid': '033b95af-e13a-49ae-b8cd-9665f90af863', 'username': 'smallmouse445', 'password': 'school', 'salt': 'epQMN5DH', 'md5': 'ed55cabe7e8442e119cd1e79802ac99d', 'sha1': '75fd1120ae5774ecf65961fafc939110c2cd535a', 'sha256': '722d6194d8707d43c7131d6fa0035113214bb2312c8ddd35a0952bb2fb9b7791'}, 'dob': {'date': '1966-06-03T23:52:01.092Z', 'age': 58}, 'registered': {'date': '2008-09-24T19:08:29.111Z', 'age': 15}, 'phone': '060-69531534', 'cell': '0935-648-4496', 'id': {'name': '', 'value': None}, 'picture': {'large': 'https://randomuser.me/api/portraits/women/93.jpg', 'medium': 'https://randomuser.me/api/portraits/med/women/93.jpg', 'thumbnail': 'https://randomuser.me/api/portraits/thumb/women/93.jpg'}, 'nat': 'IR'}</msg>
<arg>${json_data['results'][0]}</arg>
<doc>Logs the given message with the given level.</doc>
<status status="PASS" start="2024-06-14T17:15:20.936469" elapsed="0.000415"/>
</kw>
<kw name="Log" owner="BuiltIn">
<msg time="2024-06-14T17:15:20.937306" level="INFO">gender</msg>
<arg>${key}</arg>
<doc>Logs the given message with the given level.</doc>
<status status="PASS" start="2024-06-14T17:15:20.937179" elapsed="0.000164"/>
</kw>
<var name="${key}">gender</var>
<status status="PASS" start="2024-06-14T17:15:20.935763" elapsed="0.001797"/>
</iter>
<iter>
<kw name="Dictionary Should Contain Key" owner="Collections">
<arg>${json_data['results'][0]}</arg>
<arg>${key}</arg>
<doc>Fails if ``key`` is not found from ``dictionary``.</doc>
<status status="PASS" start="2024-06-14T17:15:20.937854" elapsed="0.000415"/>
</kw>
<kw name="Log" owner="BuiltIn">
<msg time="2024-06-14T17:15:20.938820" level="INFO">{'gender': 'female', 'name': {'title': 'Miss', 'first': 'آدرینا', 'last': 'رضاییان'}, 'location': {'street': {'number': 5721, 'name': 'رسالت'}, 'city': 'قرچک', 'state': 'یزد', 'country': 'Iran', 'postcode': 89552, 'coordinates': {'latitude': '14.6639', 'longitude': '161.0147'}, 'timezone': {'offset': '+5:30', 'description': 'Bombay, Calcutta, Madras, New Delhi'}}, 'email': 'adryn.rdyyn@example.com', 'login': {'uuid': '033b95af-e13a-49ae-b8cd-9665f90af863', 'username': 'smallmouse445', 'password': 'school', 'salt': 'epQMN5DH', 'md5': 'ed55cabe7e8442e119cd1e79802ac99d', 'sha1': '75fd1120ae5774ecf65961fafc939110c2cd535a', 'sha256': '722d6194d8707d43c7131d6fa0035113214bb2312c8ddd35a0952bb2fb9b7791'}, 'dob': {'date': '1966-06-03T23:52:01.092Z', 'age': 58}, 'registered': {'date': '2008-09-24T19:08:29.111Z', 'age': 15}, 'phone': '060-69531534', 'cell': '0935-648-4496', 'id': {'name': '', 'value': None}, 'picture': {'large': 'https://randomuser.me/api/portraits/women/93.jpg', 'medium': 'https://randomuser.me/api/portraits/med/women/93.jpg', 'thumbnail': 'https://randomuser.me/api/portraits/thumb/women/93.jpg'}, 'nat': 'IR'}</msg>
<arg>${json_data['results'][0]}</arg>
<doc>Logs the given message with the given level.</doc>
<status status="PASS" start="2024-06-14T17:15:20.938466" elapsed="0.000439"/>
</kw>
<kw name="Log" owner="BuiltIn">
<msg time="2024-06-14T17:15:20.939332" level="INFO">name</msg>
<arg>${key}</arg>
<doc>Logs the given message with the given level.</doc>
<status status="PASS" start="2024-06-14T17:15:20.939205" elapsed="0.000164"/>
</kw>
<var name="${key}">name</var>
<status status="PASS" start="2024-06-14T17:15:20.937741" elapsed="0.001844"/>
</iter>
<iter>
<kw name="Dictionary Should Contain Key" owner="Collections">
<arg>${json_data['results'][0]}</arg>
<arg>${key}</arg>
<doc>Fails if ``key`` is not found from ``dictionary``.</doc>
<status status="PASS" start="2024-06-14T17:15:20.939872" elapsed="0.000377"/>
</kw>
<kw name="Log" owner="BuiltIn">
<msg time="2024-06-14T17:15:20.940781" level="INFO">{'gender': 'female', 'name': {'title': 'Miss', 'first': 'آدرینا', 'last': 'رضاییان'}, 'location': {'street': {'number': 5721, 'name': 'رسالت'}, 'city': 'قرچک', 'state': 'یزد', 'country': 'Iran', 'postcode': 89552, 'coordinates': {'latitude': '14.6639', 'longitude': '161.0147'}, 'timezone': {'offset': '+5:30', 'description': 'Bombay, Calcutta, Madras, New Delhi'}}, 'email': 'adryn.rdyyn@example.com', 'login': {'uuid': '033b95af-e13a-49ae-b8cd-9665f90af863', 'username': 'smallmouse445', 'password': 'school', 'salt': 'epQMN5DH', 'md5': 'ed55cabe7e8442e119cd1e79802ac99d', 'sha1': '75fd1120ae5774ecf65961fafc939110c2cd535a', 'sha256': '722d6194d8707d43c7131d6fa0035113214bb2312c8ddd35a0952bb2fb9b7791'}, 'dob': {'date': '1966-06-03T23:52:01.092Z', 'age': 58}, 'registered': {'date': '2008-09-24T19:08:29.111Z', 'age': 15}, 'phone': '060-69531534', 'cell': '0935-648-4496', 'id': {'name': '', 'value': None}, 'picture': {'large': 'https://randomuser.me/api/portraits/women/93.jpg', 'medium': 'https://randomuser.me/api/portraits/med/women/93.jpg', 'thumbnail': 'https://randomuser.me/api/portraits/thumb/women/93.jpg'}, 'nat': 'IR'}</msg>
<arg>${json_data['results'][0]}</arg>
<doc>Logs the given message with the given level.</doc>
<status status="PASS" start="2024-06-14T17:15:20.940432" elapsed="0.000398"/>
</kw>
<kw name="Log" owner="BuiltIn">
<msg time="2024-06-14T17:15:20.941250" level="INFO">location</msg>
<arg>${key}</arg>
<doc>Logs the given message with the given level.</doc>
<status status="PASS" start="2024-06-14T17:15:20.941126" elapsed="0.000160"/>
</kw>
<var name="${key}">location</var>
<status status="PASS" start="2024-06-14T17:15:20.939764" elapsed="0.001738"/>
</iter>
<iter>
<kw name="Dictionary Should Contain Key" owner="Collections">
<arg>${json_data['results'][0]}</arg>
<arg>${key}</arg>
<doc>Fails if ``key`` is not found from ``dictionary``.</doc>
<status status="PASS" start="2024-06-14T17:15:20.941780" elapsed="0.000417"/>
</kw>
<kw name="Log" owner="BuiltIn">
<msg time="2024-06-14T17:15:20.942977" level="INFO">{'gender': 'female', 'name': {'title': 'Miss', 'first': 'آدرینا', 'last': 'رضاییان'}, 'location': {'street': {'number': 5721, 'name': 'رسالت'}, 'city': 'قرچک', 'state': 'یزد', 'country': 'Iran', 'postcode': 89552, 'coordinates': {'latitude': '14.6639', 'longitude': '161.0147'}, 'timezone': {'offset': '+5:30', 'description': 'Bombay, Calcutta, Madras, New Delhi'}}, 'email': 'adryn.rdyyn@example.com', 'login': {'uuid': '033b95af-e13a-49ae-b8cd-9665f90af863', 'username': 'smallmouse445', 'password': 'school', 'salt': 'epQMN5DH', 'md5': 'ed55cabe7e8442e119cd1e79802ac99d', 'sha1': '75fd1120ae5774ecf65961fafc939110c2cd535a', 'sha256': '722d6194d8707d43c7131d6fa0035113214bb2312c8ddd35a0952bb2fb9b7791'}, 'dob': {'date': '1966-06-03T23:52:01.092Z', 'age': 58}, 'registered': {'date': '2008-09-24T19:08:29.111Z', 'age': 15}, 'phone': '060-69531534', 'cell': '0935-648-4496', 'id': {'name': '', 'value': None}, 'picture': {'large': 'https://randomuser.me/api/portraits/women/93.jpg', 'medium': 'https://randomuser.me/api/portraits/med/women/93.jpg', 'thumbnail': 'https://randomuser.me/api/portraits/thumb/women/93.jpg'}, 'nat': 'IR'}</msg>
<arg>${json_data['results'][0]}</arg>
<doc>Logs the given message with the given level.</doc>
<status status="PASS" start="2024-06-14T17:15:20.942469" elapsed="0.000580"/>
</kw>
<kw name="Log" owner="BuiltIn">
<msg time="2024-06-14T17:15:20.943750" level="INFO">email</msg>
<arg>${key}</arg>
<doc>Logs the given message with the given level.</doc>
<status status="PASS" start="2024-06-14T17:15:20.943495" elapsed="0.000336"/>
</kw>
<var name="${key}">email</var>
<status status="PASS" start="2024-06-14T17:15:20.941674" elapsed="0.002529"/>
</iter>
<iter>
<kw name="Dictionary Should Contain Key" owner="Collections">
<arg>${json_data['results'][0]}</arg>
<arg>${key}</arg>
<doc>Fails if ``key`` is not found from ``dictionary``.</doc>
<status status="PASS" start="2024-06-14T17:15:20.944599" elapsed="0.000557"/>
</kw>
<kw name="Log" owner="BuiltIn">
<msg time="2024-06-14T17:15:20.946095" level="INFO">{'gender': 'female', 'name': {'title': 'Miss', 'first': 'آدرینا', 'last': 'رضاییان'}, 'location': {'street': {'number': 5721, 'name': 'رسالت'}, 'city': 'قرچک', 'state': 'یزد', 'country': 'Iran', 'postcode': 89552, 'coordinates': {'latitude': '14.6639', 'longitude': '161.0147'}, 'timezone': {'offset': '+5:30', 'description': 'Bombay, Calcutta, Madras, New Delhi'}}, 'email': 'adryn.rdyyn@example.com', 'login': {'uuid': '033b95af-e13a-49ae-b8cd-9665f90af863', 'username': 'smallmouse445', 'password': 'school', 'salt': 'epQMN5DH', 'md5': 'ed55cabe7e8442e119cd1e79802ac99d', 'sha1': '75fd1120ae5774ecf65961fafc939110c2cd535a', 'sha256': '722d6194d8707d43c7131d6fa0035113214bb2312c8ddd35a0952bb2fb9b7791'}, 'dob': {'date': '1966-06-03T23:52:01.092Z', 'age': 58}, 'registered': {'date': '2008-09-24T19:08:29.111Z', 'age': 15}, 'phone': '060-69531534', 'cell': '0935-648-4496', 'id': {'name': '', 'value': None}, 'picture': {'large': 'https://randomuser.me/api/portraits/women/93.jpg', 'medium': 'https://randomuser.me/api/portraits/med/women/93.jpg', 'thumbnail': 'https://randomuser.me/api/portraits/thumb/women/93.jpg'}, 'nat': 'IR'}</msg>
<arg>${json_data['results'][0]}</arg>
<doc>Logs the given message with the given level.</doc>
<status status="PASS" start="2024-06-14T17:15:20.945417" elapsed="0.000776"/>
</kw>
<kw name="Log" owner="BuiltIn">
<msg time="2024-06-14T17:15:20.946837" level="INFO">login</msg>
<arg>${key}</arg>
<doc>Logs the given message with the given level.</doc>
<status status="PASS" start="2024-06-14T17:15:20.946526" elapsed="0.000350"/>
</kw>
<var name="${key}">login</var>
<status status="PASS" start="2024-06-14T17:15:20.944444" elapsed="0.002647"/>
</iter>
<var>${key}</var>
<value>@{expected_keys}</value>
<status status="PASS" start="2024-06-14T17:15:20.935581" elapsed="0.011630"/>
</for>
<kw name="Create List" owner="BuiltIn">
<msg time="2024-06-14T17:15:20.947660" level="INFO">${expected_keysTwo} = ['username', 'password']</msg>
<var>${expected_keysTwo}</var>
<arg>username</arg>
<arg>password</arg>
<doc>Returns a list containing given items.</doc>
<status status="PASS" start="2024-06-14T17:15:20.947517" elapsed="0.000212"/>
</kw>
<for flavor="IN">
<iter>
<kw name="Dictionary Should Contain Key" owner="Collections">
<arg>${json_data['results'][0]['login']}</arg>
<arg>${keyTwo}</arg>
<doc>Fails if ``key`` is not found from ``dictionary``.</doc>
<status status="PASS" start="2024-06-14T17:15:20.948228" elapsed="0.000385"/>
</kw>
<kw name="Dictionary Should Contain Key" owner="Collections">
<arg>${json_data['results'][0]['login']}</arg>
<arg>${keyTwo}</arg>
<doc>Fails if ``key`` is not found from ``dictionary``.</doc>
<status status="PASS" start="2024-06-14T17:15:20.948796" elapsed="0.000374"/>
</kw>
<kw name="Log" owner="BuiltIn">
<msg time="2024-06-14T17:15:20.949732" level="INFO">username</msg>
<arg>${keyTwo}</arg>
<doc>Logs the given message with the given level.</doc>
<status status="PASS" start="2024-06-14T17:15:20.949564" elapsed="0.000228"/>
</kw>
<var name="${keyTwo}">username</var>
<status status="PASS" start="2024-06-14T17:15:20.948122" elapsed="0.001972"/>
</iter>
<iter>
<kw name="Dictionary Should Contain Key" owner="Collections">
<arg>${json_data['results'][0]['login']}</arg>
<arg>${keyTwo}</arg>
<doc>Fails if ``key`` is not found from ``dictionary``.</doc>
<status status="PASS" start="2024-06-14T17:15:20.950662" elapsed="0.000576"/>
</kw>
<kw name="Dictionary Should Contain Key" owner="Collections">
<arg>${json_data['results'][0]['login']}</arg>
<arg>${keyTwo}</arg>
<doc>Fails if ``key`` is not found from ``dictionary``.</doc>
<status status="PASS" start="2024-06-14T17:15:20.951438" elapsed="0.000398"/>
</kw>
<kw name="Log" owner="BuiltIn">
<msg time="2024-06-14T17:15:20.952136" level="INFO">password</msg>
<arg>${keyTwo}</arg>
<doc>Logs the given message with the given level.</doc>
<status status="PASS" start="2024-06-14T17:15:20.952015" elapsed="0.000158"/>
</kw>
<var name="${keyTwo}">password</var>
<status status="PASS" start="2024-06-14T17:15:20.950504" elapsed="0.001932"/>
</iter>
<var>${keyTwo}</var>
<value>@{expected_keysTwo}</value>
<status status="PASS" start="2024-06-14T17:15:20.947973" elapsed="0.004610"/>
</for>
<status status="PASS" start="2024-06-14T17:15:20.834761" elapsed="0.117977"/>
</kw>
<doc>Testa a estrutura da resposta da API.</doc>
<tag>testeEstruturaResposta</tag>
<status status="PASS" start="2024-06-14T17:15:20.834207" elapsed="0.118694"/>
</test>
<test id="s1-s1-t4" name="Validar tipos de dados" line="28">
<kw name="Teste de Tipos de Dados" owner="random-user-service">
<kw name="GET On Session" owner="RequestsLibrary">
<msg time="2024-06-14T17:15:21.036069" level="INFO">GET Request : url=https://randomuser.me/api 
 path_url=/api 
 headers={'User-Agent': 'python-requests/2.32.3', 'Accept-Encoding': 'gzip, deflate', 'Accept': '*/*', 'Connection': 'keep-alive'} 
 body=None 
 </msg>
<msg time="2024-06-14T17:15:21.036152" level="INFO">GET Response : url=https://randomuser.me/api 
 status=200, reason=OK 
 headers={'Date': 'Fri, 14 Jun 2024 17:15:21 GMT', 'Content-Type': 'application/json; charset=utf-8', 'Transfer-Encoding': 'chunked', 'Connection': 'keep-alive', 'X-Powered-By': 'Express', 'Access-Control-Allow-Origin': '*', 'Cache-Control': 'no-cache', 'ETag': 'W/"4a9-F+VQPQjKJ2j6NqTrakY7SqaOy08"', 'Vary': 'Accept-Encoding', 'Content-Encoding': 'gzip', 'CF-Cache-Status': 'DYNAMIC', 'Report-To': '{"endpoints":[{"url":"https:\\/\\/a.nel.cloudflare.com\\/report\\/v4?s=Joc2TpJzZhC5akuJVb%2BGeeLH3oKqFITAtCHZJxNA4O6PLjSERv2kbvJDIf%2FA%2FtnSYdbtbsEGrdTOlsV0CjM%2BkrtTh4eSXHrz%2FecFZ6TLaidKcjpDgMu1WuQV2zPVr6hm"}],"group":"cf-nel","max_age":604800}', 'NEL': '{"success_fraction":0,"report_to":"cf-nel","max_age":604800}', 'Server': 'cloudflare', 'CF-RAY': '893bf63ffe1d2dae-ORD', 'alt-svc': 'h3=":443"; ma=86400'} 
 body={"results":[{"gender":"female","name":{"title":"Mrs","first":"Avery","last":"Hudson"},"location":{"street":{"number":2092,"name":"Albert Road"},"city":"Newport","state":"South Yorkshire","country":"United Kingdom","postcode":"JV1B 0WD","coordinates":{"latitude":"-11.3994","longitude":"63.7153"},"timezone":{"offset":"-5:00","description":"Eastern Time (US &amp; Canada), Bogota, Lima"}},"email":"avery.hudson@example.com","login":{"uuid":"2793309c-4133-4a29-b75e-41a8dc6d0bc1","username":"tinyfish178","password":"freaky","salt":"eooPjKUD","md5":"e9e768adc335034f9dd618e5c45efb50","sha1":"91b2943952dac1f06cd2f063c212e3bd29447c02","sha256":"c9a1028b004843d5805d256b5dc6b8e0439af6161da65c21b904d8723078babe"},"dob":{"date":"1980-12-15T17:07:06.248Z","age":43},"registered":{"date":"2012-11-10T02:45:20.369Z","age":11},"phone":"016973 14403","cell":"07947 389095","id":{"name":"NINO","value":"SK 72 92 81 B"},"picture":{"large":"https://randomuser.me/api/portraits/women/84.jpg","medium":"https://randomuser.me/api/portraits/med/women/84.jpg","thumbnail":"https://randomuser.me/api/portraits/thumb/women/84.jpg"},"nat":"GB"}],"info":{"seed":"cce5f9d0a8c0f3cc","results":1,"page":1,"version":"1.4"}} 
 </msg>
<msg time="2024-06-14T17:15:21.036228" level="INFO">/opt/hostedtoolcache/Python/3.12.3/x64/lib/python3.12/site-packages/urllib3/connectionpool.py:1103: InsecureRequestWarning: Unverified HTTPS request is being made to host 'randomuser.me'. Adding certificate verification is strongly advised. See: https://urllib3.readthedocs.io/en/latest/advanced-usage.html#tls-warnings
  warnings.warn(</msg>
<msg time="2024-06-14T17:15:21.036366" level="INFO">${response} = &lt;Response [200]&gt;</msg>
<var>${response}</var>
<arg>consultarAPI</arg>
<arg>/api</arg>
<doc>Sends a GET request on a previously created HTTP Session.</doc>
<status status="PASS" start="2024-06-14T17:15:20.955724" elapsed="0.080699"/>
</kw>
<kw name="Set Variable" owner="BuiltIn">
<msg time="2024-06-14T17:15:21.037410" level="INFO">${json_data} = {'results': [{'gender': 'female', 'name': {'title': 'Mrs', 'first': 'Avery', 'last': 'Hudson'}, 'location': {'street': {'number': 2092, 'name': 'Albert Road'}, 'city': 'Newport', 'state': 'South Yorks...</msg>
<var>${json_data}</var>
<arg>${response.json()}</arg>
<doc>Returns the given values which can then be assigned to a variables.</doc>
<status status="PASS" start="2024-06-14T17:15:21.036965" elapsed="0.000474"/>
</kw>
<kw name="Log" owner="BuiltIn">
<msg time="2024-06-14T17:15:21.037901" level="INFO">{'results': [{'gender': 'female', 'name': {'title': 'Mrs', 'first': 'Avery', 'last': 'Hudson'}, 'location': {'street': {'number': 2092, 'name': 'Albert Road'}, 'city': 'Newport', 'state': 'South Yorkshire', 'country': 'United Kingdom', 'postcode': 'JV1B 0WD', 'coordinates': {'latitude': '-11.3994', 'longitude': '63.7153'}, 'timezone': {'offset': '-5:00', 'description': 'Eastern Time (US &amp; Canada), Bogota, Lima'}}, 'email': 'avery.hudson@example.com', 'login': {'uuid': '2793309c-4133-4a29-b75e-41a8dc6d0bc1', 'username': 'tinyfish178', 'password': 'freaky', 'salt': 'eooPjKUD', 'md5': 'e9e768adc335034f9dd618e5c45efb50', 'sha1': '91b2943952dac1f06cd2f063c212e3bd29447c02', 'sha256': 'c9a1028b004843d5805d256b5dc6b8e0439af6161da65c21b904d8723078babe'}, 'dob': {'date': '1980-12-15T17:07:06.248Z', 'age': 43}, 'registered': {'date': '2012-11-10T02:45:20.369Z', 'age': 11}, 'phone': '016973 14403', 'cell': '07947 389095', 'id': {'name': 'NINO', 'value': 'SK 72 92 81 B'}, 'picture': {'large': 'https://randomuser.me/api/portraits/women/84.jpg', 'medium': 'https://randomuser.me/api/portraits/med/women/84.jpg', 'thumbnail': 'https://randomuser.me/api/portraits/thumb/women/84.jpg'}, 'nat': 'GB'}], 'info': {'seed': 'cce5f9d0a8c0f3cc', 'results': 1, 'page': 1, 'version': '1.4'}}</msg>
<arg>${json_data}</arg>
<doc>Logs the given message with the given level.</doc>
<status status="PASS" start="2024-06-14T17:15:21.037749" elapsed="0.000212"/>
</kw>
<kw name="Should Be String" owner="String">
<arg>${json_data['results'][0]['gender']}</arg>
<doc>Fails if the given ``item`` is not a string.</doc>
<status status="PASS" start="2024-06-14T17:15:21.038294" elapsed="0.000367"/>
</kw>
<kw name="Should Match Regexp" owner="BuiltIn">
<arg>${json_data['results'][0]['email']}</arg>
<arg>^[a-zA-Z0-9._%+-]+@[a-zA-Z0-9.-]+\.[a-zA-Z]{2,}$</arg>
<doc>Fails if ``string`` does not match ``pattern`` as a regular expression.</doc>
<status status="PASS" start="2024-06-14T17:15:21.038882" elapsed="0.000498"/>
</kw>
<kw name="Should Match Regexp" owner="BuiltIn">
<arg>${json_data['results'][0]['dob']['date']}</arg>
<arg>\\d{4}-\\d{2}-\\d{2}T\\d{2}:\\d{2}:\\d{2}\\.\\d{3}Z</arg>
<doc>Fails if ``string`` does not match ``pattern`` as a regular expression.</doc>
<status status="PASS" start="2024-06-14T17:15:21.039576" elapsed="0.000481"/>
</kw>
<kw name="Should Match Regexp" owner="BuiltIn">
<arg>${json_data['results'][0]['registered']['date']}</arg>
<arg>\\d{4}-\\d{2}-\\d{2}T\\d{2}:\\d{2}:\\d{2}\\.\\d{3}Z</arg>
<doc>Fails if ``string`` does not match ``pattern`` as a regular expression.</doc>
<status status="PASS" start="2024-06-14T17:15:21.040245" elapsed="0.000369"/>
</kw>
<kw name="Should Match Regexp" owner="BuiltIn">
<arg>${json_data['results'][0]['picture']['large']}</arg>
<arg>^https?://.*\.(?:png|jpe?g|gif|bmp)$</arg>
<doc>Fails if ``string`` does not match ``pattern`` as a regular expression.</doc>
<status status="PASS" start="2024-06-14T17:15:21.040797" elapsed="0.000449"/>
</kw>
<kw name="Should Match Regexp" owner="BuiltIn">
<arg>${json_data['results'][0]['picture']['medium']}</arg>
<arg>^https?://.*\.(?:png|jpe?g|gif|bmp)$</arg>
<doc>Fails if ``string`` does not match ``pattern`` as a regular expression.</doc>
<status status="PASS" start="2024-06-14T17:15:21.041433" elapsed="0.000353"/>
</kw>
<kw name="Should Match Regexp" owner="BuiltIn">
<arg>${json_data['results'][0]['picture']['thumbnail']}</arg>
<arg>^https?://.*\.(?:png|jpe?g|gif|bmp)$</arg>
<doc>Fails if ``string`` does not match ``pattern`` as a regular expression.</doc>
<status status="PASS" start="2024-06-14T17:15:21.041967" elapsed="0.000365"/>
</kw>
<kw name="Log" owner="BuiltIn">
<msg time="2024-06-14T17:15:21.042833" level="INFO">{'large': 'https://randomuser.me/api/portraits/women/84.jpg', 'medium': 'https://randomuser.me/api/portraits/med/women/84.jpg', 'thumbnail': 'https://randomuser.me/api/portraits/thumb/women/84.jpg'}</msg>
<arg>${json_data['results'][0]['picture']}</arg>
<doc>Logs the given message with the given level.</doc>
<status status="PASS" start="2024-06-14T17:15:21.042512" elapsed="0.000363"/>
</kw>
<status status="PASS" start="2024-06-14T17:15:20.955475" elapsed="0.087650"/>
</kw>
<kw name="Teste de Tipos de Dados - Postcode" owner="random-user-service">
<kw name="GET On Session" owner="RequestsLibrary">
<msg time="2024-06-14T17:15:21.142394" level="INFO">GET Request : url=https://randomuser.me/api 
 path_url=/api 
 headers={'User-Agent': 'python-requests/2.32.3', 'Accept-Encoding': 'gzip, deflate', 'Accept': '*/*', 'Connection': 'keep-alive'} 
 body=None 
 </msg>
<msg time="2024-06-14T17:15:21.142478" level="INFO">GET Response : url=https://randomuser.me/api 
 status=200, reason=OK 
 headers={'Date': 'Fri, 14 Jun 2024 17:15:21 GMT', 'Content-Type': 'application/json; charset=utf-8', 'Transfer-Encoding': 'chunked', 'Connection': 'keep-alive', 'X-Powered-By': 'Express', 'Access-Control-Allow-Origin': '*', 'Cache-Control': 'no-cache', 'ETag': 'W/"484-5/M+N6/+2Ag/eUy/GTKSW4Hlyeg"', 'Vary': 'Accept-Encoding', 'Content-Encoding': 'gzip', 'CF-Cache-Status': 'DYNAMIC', 'Report-To': '{"endpoints":[{"url":"https:\\/\\/a.nel.cloudflare.com\\/report\\/v4?s=KXPkYpVOVR0Qp6GSZ5I2sJTnM8wTyAHr6MWEy2PjCYFItWFEUksVivws4T82mvgMwYCKvjxx7kmz6v6HiCOioQnO6iBwHVybJb26upz6zriCvJ8GLG5WK1WYK7O8Xzr4"}],"group":"cf-nel","max_age":604800}', 'NEL': '{"success_fraction":0,"report_to":"cf-nel","max_age":604800}', 'Server': 'cloudflare', 'CF-RAY': '893bf6408ebf2dae-ORD', 'alt-svc': 'h3=":443"; ma=86400'} 
 body={"results":[{"gender":"female","name":{"title":"Ms","first":"Fekla","last":"Makarevich"},"location":{"street":{"number":173,"name":"Promislova"},"city":"Lozova","state":"Chernivecka","country":"Ukraine","postcode":66389,"coordinates":{"latitude":"78.5416","longitude":"60.8933"},"timezone":{"offset":"-7:00","description":"Mountain Time (US &amp; Canada)"}},"email":"fekla.makarevich@example.com","login":{"uuid":"e8f30b8f-acc0-4dd9-b37a-09deeff792e3","username":"redbird638","password":"jordan23","salt":"WWa1ZL7n","md5":"2d8d267ccd61437ba7a02bfdb694e875","sha1":"8f67a7b20e7aa7dbda4bbf955c71f8f9b78171e3","sha256":"318852f38084f2af9c675ee1c260e4a5ce3f9992762d3f666c2b7ec1c7d31bb3"},"dob":{"date":"1993-04-26T00:06:28.483Z","age":31},"registered":{"date":"2020-06-20T19:32:33.894Z","age":3},"phone":"(099) Y45-1821","cell":"(097) G80-9028","id":{"name":"","value":null},"picture":{"large":"https://randomuser.me/api/portraits/women/86.jpg","medium":"https://randomuser.me/api/portraits/med/women/86.jpg","thumbnail":"https://randomuser.me/api/portraits/thumb/women/86.jpg"},"nat":"UA"}],"info":{"seed":"4cd181564d4cd0a9","results":1,"page":1,"version":"1.4"}} 
 </msg>
<msg time="2024-06-14T17:15:21.142551" level="INFO">/opt/hostedtoolcache/Python/3.12.3/x64/lib/python3.12/site-packages/urllib3/connectionpool.py:1103: InsecureRequestWarning: Unverified HTTPS request is being made to host 'randomuser.me'. Adding certificate verification is strongly advised. See: https://urllib3.readthedocs.io/en/latest/advanced-usage.html#tls-warnings
  warnings.warn(</msg>
<msg time="2024-06-14T17:15:21.142659" level="INFO">${response} = &lt;Response [200]&gt;</msg>
<var>${response}</var>
<arg>consultarAPI</arg>
<arg>/api</arg>
<doc>Sends a GET request on a previously created HTTP Session.</doc>
<status status="PASS" start="2024-06-14T17:15:21.043549" elapsed="0.099151"/>
</kw>
<kw name="Set Variable" owner="BuiltIn">
<msg time="2024-06-14T17:15:21.143577" level="INFO">${json_data} = {'results': [{'gender': 'female', 'name': {'title': 'Ms', 'first': 'Fekla', 'last': 'Makarevich'}, 'location': {'street': {'number': 173, 'name': 'Promislova'}, 'city': 'Lozova', 'state': 'Chernivecka...</msg>
<var>${json_data}</var>
<arg>${response.json()}</arg>
<doc>Returns the given values which can then be assigned to a variables.</doc>
<status status="PASS" start="2024-06-14T17:15:21.143139" elapsed="0.000466"/>
</kw>
<kw name="Log" owner="BuiltIn">
<msg time="2024-06-14T17:15:21.144051" level="INFO">{'results': [{'gender': 'female', 'name': {'title': 'Ms', 'first': 'Fekla', 'last': 'Makarevich'}, 'location': {'street': {'number': 173, 'name': 'Promislova'}, 'city': 'Lozova', 'state': 'Chernivecka', 'country': 'Ukraine', 'postcode': 66389, 'coordinates': {'latitude': '78.5416', 'longitude': '60.8933'}, 'timezone': {'offset': '-7:00', 'description': 'Mountain Time (US &amp; Canada)'}}, 'email': 'fekla.makarevich@example.com', 'login': {'uuid': 'e8f30b8f-acc0-4dd9-b37a-09deeff792e3', 'username': 'redbird638', 'password': 'jordan23', 'salt': 'WWa1ZL7n', 'md5': '2d8d267ccd61437ba7a02bfdb694e875', 'sha1': '8f67a7b20e7aa7dbda4bbf955c71f8f9b78171e3', 'sha256': '318852f38084f2af9c675ee1c260e4a5ce3f9992762d3f666c2b7ec1c7d31bb3'}, 'dob': {'date': '1993-04-26T00:06:28.483Z', 'age': 31}, 'registered': {'date': '2020-06-20T19:32:33.894Z', 'age': 3}, 'phone': '(099) Y45-1821', 'cell': '(097) G80-9028', 'id': {'name': '', 'value': None}, 'picture': {'large': 'https://randomuser.me/api/portraits/women/86.jpg', 'medium': 'https://randomuser.me/api/portraits/med/women/86.jpg', 'thumbnail': 'https://randomuser.me/api/portraits/thumb/women/86.jpg'}, 'nat': 'UA'}], 'info': {'seed': '4cd181564d4cd0a9', 'results': 1, 'page': 1, 'version': '1.4'}}</msg>
<arg>${json_data}</arg>
<doc>Logs the given message with the given level.</doc>
<status status="PASS" start="2024-06-14T17:15:21.143900" elapsed="0.000198"/>
</kw>
<kw name="Should Be Equal As Numbers" owner="BuiltIn">
<arg>${json_data['results'][0]['location']['postcode']}</arg>
<arg>${json_data['results'][0]['location']['postcode']}</arg>
<doc>Fails if objects are unequal after converting them to real numbers.</doc>
<status status="PASS" start="2024-06-14T17:15:21.144392" elapsed="0.000602"/>
</kw>
<kw name="Log" owner="BuiltIn">
<msg time="2024-06-14T17:15:21.145564" level="INFO">66389</msg>
<arg>${json_data['results'][0]['location']['postcode']}</arg>
<doc>Logs the given message with the given level.</doc>
<status status="PASS" start="2024-06-14T17:15:21.145194" elapsed="0.000410"/>
</kw>
<status status="PASS" start="2024-06-14T17:15:21.043335" elapsed="0.102523"/>
</kw>
<doc>Testa se os tipos de dados na resposta da API estão corretos.</doc>
<tag>testeTiposDados</tag>
<status status="PASS" start="2024-06-14T17:15:20.954795" elapsed="0.191221"/>
</test>
<test id="s1-s1-t5" name="Validar conteudo" line="35">
<kw name="Teste de Tipos de Conteudo" owner="random-user-service">
<kw name="GET On Session" owner="RequestsLibrary">
<msg time="2024-06-14T17:15:21.240208" level="INFO">GET Request : url=https://randomuser.me/api 
 path_url=/api 
 headers={'User-Agent': 'python-requests/2.32.3', 'Accept-Encoding': 'gzip, deflate', 'Accept': '*/*', 'Connection': 'keep-alive'} 
 body=None 
 </msg>
<msg time="2024-06-14T17:15:21.240270" level="INFO">GET Response : url=https://randomuser.me/api 
 status=200, reason=OK 
 headers={'Date': 'Fri, 14 Jun 2024 17:15:21 GMT', 'Content-Type': 'application/json; charset=utf-8', 'Transfer-Encoding': 'chunked', 'Connection': 'keep-alive', 'X-Powered-By': 'Express', 'Access-Control-Allow-Origin': '*', 'Cache-Control': 'no-cache', 'ETag': 'W/"4ab-xYdi2IrdufCHZaee7vUd3QKEJ00"', 'Vary': 'Accept-Encoding', 'Content-Encoding': 'gzip', 'CF-Cache-Status': 'DYNAMIC', 'Report-To': '{"endpoints":[{"url":"https:\\/\\/a.nel.cloudflare.com\\/report\\/v4?s=7STdoFHHh1YPKMVbnHlZBjyIOrmViHA0fVf7R5UAypkXX1FmQmrQIvU4mB8sZaaa2NB1bT803Xn1UUTXX0BGmOYcAq5Qeu8m%2FsorwGpDWL0%2FfbFnjGJUo8qfXw0%2BtghT"}],"group":"cf-nel","max_age":604800}', 'NEL': '{"success_fraction":0,"report_to":"cf-nel","max_age":604800}', 'Server': 'cloudflare', 'CF-RAY': '893bf6413f792dae-ORD', 'alt-svc': 'h3=":443"; ma=86400'} 
 body={"results":[{"gender":"female","name":{"title":"Mrs","first":"Magdalena","last":"Cortes"},"location":{"street":{"number":2113,"name":"Calle del Arenal"},"city":"Torrevieja","state":"Comunidad Valenciana","country":"Spain","postcode":82450,"coordinates":{"latitude":"-30.1987","longitude":"88.8790"},"timezone":{"offset":"+5:30","description":"Bombay, Calcutta, Madras, New Delhi"}},"email":"magdalena.cortes@example.com","login":{"uuid":"928b3be9-c924-4f76-8a1f-a88c8688e5bd","username":"yellowostrich557","password":"antelope","salt":"Lks0DzXP","md5":"96f32e67ad82c3da63f29a01467d1dff","sha1":"e1071e23eceb2b60ae3bd01e8c53341d5d8790da","sha256":"c1d233bd30734d18fe68ff22fa45d68af538420f3e2ab8342535d026b84c9389"},"dob":{"date":"1974-05-10T23:25:53.135Z","age":50},"registered":{"date":"2017-12-30T07:20:58.431Z","age":6},"phone":"945-583-786","cell":"608-700-059","id":{"name":"DNI","value":"54180552-V"},"picture":{"large":"https://randomuser.me/api/portraits/women/48.jpg","medium":"https://randomuser.me/api/portraits/med/women/48.jpg","thumbnail":"https://randomuser.me/api/portraits/thumb/women/48.jpg"},"nat":"ES"}],"info":{"seed":"eb903ee13e8dd4d2","results":1,"page":1,"version":"1.4"}} 
 </msg>
<msg time="2024-06-14T17:15:21.240338" level="INFO">/opt/hostedtoolcache/Python/3.12.3/x64/lib/python3.12/site-packages/urllib3/connectionpool.py:1103: InsecureRequestWarning: Unverified HTTPS request is being made to host 'randomuser.me'. Adding certificate verification is strongly advised. See: https://urllib3.readthedocs.io/en/latest/advanced-usage.html#tls-warnings
  warnings.warn(</msg>
<msg time="2024-06-14T17:15:21.240421" level="INFO">${response} = &lt;Response [200]&gt;</msg>
<var>${response}</var>
<arg>consultarAPI</arg>
<arg>/api</arg>
<doc>Sends a GET request on a previously created HTTP Session.</doc>
<status status="PASS" start="2024-06-14T17:15:21.148593" elapsed="0.091867"/>
</kw>
<kw name="Set Variable" owner="BuiltIn">
<msg time="2024-06-14T17:15:21.241537" level="INFO">${json_data} = {'results': [{'gender': 'female', 'name': {'title': 'Mrs', 'first': 'Magdalena', 'last': 'Cortes'}, 'location': {'street': {'number': 2113, 'name': 'Calle del Arenal'}, 'city': 'Torrevieja', 'state': ...</msg>
<var>${json_data}</var>
<arg>${response.json()}</arg>
<doc>Returns the given values which can then be assigned to a variables.</doc>
<status status="PASS" start="2024-06-14T17:15:21.240942" elapsed="0.000623"/>
</kw>
<kw name="Set Variable" owner="BuiltIn">
<msg time="2024-06-14T17:15:21.242284" level="INFO">${name_title} = Mrs</msg>
<var>${name_title}</var>
<arg>${json_data["results"][0]["name"]["title"]}</arg>
<doc>Returns the given values which can then be assigned to a variables.</doc>
<status status="PASS" start="2024-06-14T17:15:21.241866" elapsed="0.000444"/>
</kw>
<kw name="Create List" owner="BuiltIn">
<msg time="2024-06-14T17:15:21.242757" level="INFO">${allowed_titles} = ['Mr', 'Ms', 'Miss', 'Mrs', 'Madame', 'Monsieur']</msg>
<var>${allowed_titles}</var>
<arg>Mr</arg>
<arg>Ms</arg>
<arg>Miss</arg>
<arg>Mrs</arg>
<arg>Madame</arg>
<arg>Monsieur</arg>
<doc>Returns a list containing given items.</doc>
<status status="PASS" start="2024-06-14T17:15:21.242608" elapsed="0.000174"/>
</kw>
<kw name="List Should Contain Value" owner="Collections">
<arg>${allowed_titles}</arg>
<arg>${name_title}</arg>
<doc>Fails if the ``value`` is not found from ``list``.</doc>
<status status="PASS" start="2024-06-14T17:15:21.243079" elapsed="0.000172"/>
</kw>
<kw name="Set Variable" owner="BuiltIn">
<msg time="2024-06-14T17:15:21.243793" level="INFO">${name_country} = ES</msg>
<var>${name_country}</var>
<arg>${json_data["results"][0]["nat"]}</arg>
<doc>Returns the given values which can then be assigned to a variables.</doc>
<status status="PASS" start="2024-06-14T17:15:21.243434" elapsed="0.000383"/>
</kw>
<kw name="Create List" owner="BuiltIn">
<msg time="2024-06-14T17:15:21.244712" level="INFO">${list_country} = ['AD', 'AE', 'AF', 'AG', 'AI', 'AL', 'AM', 'AO', 'AQ', 'AR', 'AS', 'AT', 'AU', 'AW', 'AX', 'AZ', 'BA', 'BB', 'BD', 'BE', 'BF', 'BG', 'BH', 'BI', 'BJ', 'BL', 'BM', 'BN', 'BO', 'BQ', 'BR', 'BS', 'BT', '...</msg>
<var>${list_country}</var>
<arg>AD</arg>
<arg>AE</arg>
<arg>AF</arg>
<arg>AG</arg>
<arg>AI</arg>
<arg>AL</arg>
<arg>AM</arg>
<arg>AO</arg>
<arg>AQ</arg>
<arg>AR</arg>
<arg>AS</arg>
<arg>AT</arg>
<arg>AU</arg>
<arg>AW</arg>
<arg>AX</arg>
<arg>AZ</arg>
<arg>BA</arg>
<arg>BB</arg>
<arg>BD</arg>
<arg>BE</arg>
<arg>BF</arg>
<arg>BG</arg>
<arg>BH</arg>
<arg>BI</arg>
<arg>BJ</arg>
<arg>BL</arg>
<arg>BM</arg>
<arg>BN</arg>
<arg>BO</arg>
<arg>BQ</arg>
<arg>BR</arg>
<arg>BS</arg>
<arg>BT</arg>
<arg>BV</arg>
<arg>BW</arg>
<arg>BY</arg>
<arg>BZ</arg>
<arg>CA</arg>
<arg>CC</arg>
<arg>CD</arg>
<arg>CF</arg>
<arg>CG</arg>
<arg>CH</arg>
<arg>CI</arg>
<arg>CK</arg>
<arg>CL</arg>
<arg>CM</arg>
<arg>CN</arg>
<arg>CO</arg>
<arg>CR</arg>
<arg>CU</arg>
<arg>CV</arg>
<arg>CW</arg>
<arg>CX</arg>
<arg>CY</arg>
<arg>CZ</arg>
<arg>DE</arg>
<arg>DJ</arg>
<arg>DK</arg>
<arg>DM</arg>
<arg>DO</arg>
<arg>DZ</arg>
<arg>EC</arg>
<arg>EE</arg>
<arg>EG</arg>
<arg>EH</arg>
<arg>ER</arg>
<arg>ES</arg>
<arg>ET</arg>
<arg>FI</arg>
<arg>FJ</arg>
<arg>FK</arg>
<arg>FM</arg>
<arg>FO</arg>
<arg>FR</arg>
<arg>GA</arg>
<arg>GB</arg>
<arg>GD</arg>
<arg>GE</arg>
<arg>GF</arg>
<arg>GG</arg>
<arg>GH</arg>
<arg>GI</arg>
<arg>GL</arg>
<arg>GM</arg>
<arg>GN</arg>
<arg>GP</arg>
<arg>GQ</arg>
<arg>GR</arg>
<arg>GS</arg>
<arg>GT</arg>
<arg>GU</arg>
<arg>GW</arg>
<arg>GY</arg>
<arg>HK</arg>
<arg>HM</arg>
<arg>HN</arg>
<arg>HR</arg>
<arg>HT</arg>
<arg>HU</arg>
<arg>ID</arg>
<arg>IE</arg>
<arg>IL</arg>
<arg>IM</arg>
<arg>IN</arg>
<arg>IO</arg>
<arg>IQ</arg>
<arg>IR</arg>
<arg>IS</arg>
<arg>IT</arg>
<arg>JE</arg>
<arg>JM</arg>
<arg>JO</arg>
<arg>JP</arg>
<arg>KE</arg>
<arg>KG</arg>
<arg>KH</arg>
<arg>KI</arg>
<arg>KM</arg>
<arg>KN</arg>
<arg>KP</arg>
<arg>KR</arg>
<arg>KW</arg>
<arg>KY</arg>
<arg>KZ</arg>
<arg>LA</arg>
<arg>LB</arg>
<arg>LC</arg>
<arg>LI</arg>
<arg>LK</arg>
<arg>LR</arg>
<arg>LS</arg>
<arg>LT</arg>
<arg>LU</arg>
<arg>LV</arg>
<arg>LY</arg>
<arg>MA</arg>
<arg>MC</arg>
<arg>MD</arg>
<arg>ME</arg>
<arg>MF</arg>
<arg>MG</arg>
<arg>MH</arg>
<arg>MK</arg>
<arg>ML</arg>
<arg>MM</arg>
<arg>MN</arg>
<arg>MO</arg>
<arg>MP</arg>
<arg>MQ</arg>
<arg>MR</arg>
<arg>MS</arg>
<arg>MT</arg>
<arg>MU</arg>
<arg>MV</arg>
<arg>MW</arg>
<arg>MX</arg>
<arg>MY</arg>
<arg>MZ</arg>
<arg>NA</arg>
<arg>NC</arg>
<arg>NE</arg>
<arg>NF</arg>
<arg>NG</arg>
<arg>NI</arg>
<arg>NL</arg>
<arg>NO</arg>
<arg>NP</arg>
<arg>NR</arg>
<arg>NU</arg>
<arg>NZ</arg>
<arg>OM</arg>
<arg>PA</arg>
<arg>PE</arg>
<arg>PF</arg>
<arg>PG</arg>
<arg>PH</arg>
<arg>PK</arg>
<arg>PL</arg>
<arg>PM</arg>
<arg>PN</arg>
<arg>PR</arg>
<arg>PS</arg>
<arg>PT</arg>
<arg>PW</arg>
<arg>PY</arg>
<arg>QA</arg>
<arg>RE</arg>
<arg>RO</arg>
<arg>RS</arg>
<arg>RU</arg>
<arg>RW</arg>
<arg>SA</arg>
<arg>SB</arg>
<arg>SC</arg>
<arg>SD</arg>
<arg>SE</arg>
<arg>SG</arg>
<arg>SH</arg>
<arg>SI</arg>
<arg>SJ</arg>
<arg>SK</arg>
<arg>SL</arg>
<arg>SM</arg>
<arg>SN</arg>
<arg>SO</arg>
<arg>SR</arg>
<arg>SS</arg>
<arg>ST</arg>
<arg>SV</arg>
<arg>SX</arg>
<arg>SY</arg>
<arg>SZ</arg>
<arg>TC</arg>
<arg>TD</arg>
<arg>TF</arg>
<arg>TG</arg>
<arg>TH</arg>
<arg>TJ</arg>
<arg>TK</arg>
<arg>TL</arg>
<arg>TM</arg>
<arg>TN</arg>
<arg>TO</arg>
<arg>TR</arg>
<arg>TT</arg>
<arg>TV</arg>
<arg>TW</arg>
<arg>TZ</arg>
<arg>UA</arg>
<arg>UG</arg>
<arg>UM</arg>
<arg>US</arg>
<arg>UY</arg>
<arg>UZ</arg>
<arg>VA</arg>
<arg>VC</arg>
<arg>VE</arg>
<arg>VG</arg>
<arg>VI</arg>
<arg>VN</arg>
<arg>VU</arg>
<arg>WF</arg>
<arg>WS</arg>
<arg>XK</arg>
<arg>YE</arg>
<arg>YT</arg>
<arg>ZA</arg>
<arg>ZM</arg>
<arg>ZW</arg>
<doc>Returns a list containing given items.</doc>
<status status="PASS" start="2024-06-14T17:15:21.244112" elapsed="0.000625"/>
</kw>
<kw name="List Should Contain Value" owner="Collections">
<arg>${list_country}</arg>
<arg>${name_country}</arg>
<doc>Fails if the ``value`` is not found from ``list``.</doc>
<status status="PASS" start="2024-06-14T17:15:21.245525" elapsed="0.000203"/>
</kw>
<kw name="Run Keyword If" owner="BuiltIn">
<kw name="Should Be True" owner="BuiltIn">
<arg>${True}</arg>
<doc>Fails if the given condition is not true.</doc>
<status status="PASS" start="2024-06-14T17:15:21.246692" elapsed="0.000141"/>
</kw>
<arg>${json_data["results"][0]["location"]["coordinates"]["latitude"]} &gt;= -90 and ${json_data["results"][0]["location"]["coordinates"]["latitude"]} &lt;= 90</arg>
<arg>Should Be True</arg>
<arg>${True}</arg>
<doc>Runs the given keyword with the given arguments, if ``condition`` is true.</doc>
<status status="PASS" start="2024-06-14T17:15:21.245930" elapsed="0.001029"/>
</kw>
<kw name="Run Keyword If" owner="BuiltIn">
<kw name="Should Be True" owner="BuiltIn">
<arg>${True}</arg>
<doc>Fails if the given condition is not true.</doc>
<status status="PASS" start="2024-06-14T17:15:21.247817" elapsed="0.000132"/>
</kw>
<arg>${json_data["results"][0]["location"]["coordinates"]["longitude"]} &gt;= -180 and ${json_data["results"][0]["location"]["coordinates"]["longitude"]} &lt;= 180</arg>
<arg>Should Be True</arg>
<arg>${True}</arg>
<doc>Runs the given keyword with the given arguments, if ``condition`` is true.</doc>
<status status="PASS" start="2024-06-14T17:15:21.247141" elapsed="0.000931"/>
</kw>
<status status="PASS" start="2024-06-14T17:15:21.148250" elapsed="0.099948"/>
</kw>
<doc>Testa o conteúdo específico dos campos retornados pela API.</doc>
<tag>testeConteudo</tag>
<status status="PASS" start="2024-06-14T17:15:21.147756" elapsed="0.100579"/>
</test>
<status status="PASS" start="2024-06-14T17:15:20.253967" elapsed="0.996326"/>
</suite>
<status status="PASS" start="2024-06-14T17:15:20.232267" elapsed="1.023125"/>
</suite>
<statistics>
<total>
<stat pass="5" fail="0" skip="0">All Tests</stat>
</total>
<tag>
<stat pass="1" fail="0" skip="0">testeConteudo</stat>
<stat pass="1" fail="0" skip="0">testeEstruturaResposta</stat>
<stat pass="1" fail="0" skip="0">testeRequisicaoBasica</stat>
<stat pass="1" fail="0" skip="0">testeTiposDados</stat>
</tag>
<suite>
<stat pass="5" fail="0" skip="0" id="s1" name="Tests">Tests</stat>
<stat pass="5" fail="0" skip="0" id="s1-s1" name="Random-User-Test">Tests.Random-User-Test</stat>
</suite>
</statistics>
<errors>
</errors>
</robot>
