<?xml version="1.0" encoding="UTF-8"?>
<robot generator="Robot 7.0 (Python 3.12.3 on linux)" generated="2024-04-26T10:15:22.533582" rpa="false" schemaversion="5">
<suite id="s1" name="Tests" source="/home/runner/work/DesafioQAItauRogerioJordao/DesafioQAItauRogerioJordao/RamdonUser/tests">
<suite id="s1-s1" name="Random-User-Test" source="/home/runner/work/DesafioQAItauRogerioJordao/DesafioQAItauRogerioJordao/RamdonUser/tests/random-user-test.robot">
<test id="s1-s1-t1" name="Conectar" line="13">
<kw name="Conectar API" owner="random-user-service">
<kw name="Create Session" owner="RequestsLibrary">
<msg time="2024-04-26T10:15:22.898261" level="INFO">Creating Session using : alias=consultarAPI, url=https://randomuser.me/, headers={},                     cookies={}, auth=None, timeout=None, proxies=None, verify=False,                     debug=0 </msg>
<arg>consultarAPI</arg>
<arg>${URL}</arg>
<doc>Create Session: create a HTTP session to a server</doc>
<status status="PASS" start="2024-04-26T10:15:22.898060" elapsed="0.000399"/>
</kw>
<status status="PASS" start="2024-04-26T10:15:22.897064" elapsed="0.001759"/>
</kw>
<status status="PASS" start="2024-04-26T10:15:22.896454" elapsed="0.002585"/>
</test>
<test id="s1-s1-t2" name="Validar retorno 200 e JSON Válido" line="16">
<kw name="Teste de Requisicao Basica" owner="random-user-service">
<kw name="GET On Session" owner="RequestsLibrary">
<msg time="2024-04-26T10:15:23.020925" level="INFO">GET Request : url=https://randomuser.me/api 
 path_url=/api 
 headers={'User-Agent': 'python-requests/2.31.0', 'Accept-Encoding': 'gzip, deflate', 'Accept': '*/*', 'Connection': 'keep-alive'} 
 body=None 
 </msg>
<msg time="2024-04-26T10:15:23.021079" level="INFO">GET Response : url=https://randomuser.me/api 
 status=200, reason=OK 
 headers={'Date': 'Fri, 26 Apr 2024 10:15:23 GMT', 'Content-Type': 'application/json; charset=utf-8', 'Transfer-Encoding': 'chunked', 'Connection': 'keep-alive', 'X-Powered-By': 'Express', 'Access-Control-Allow-Origin': '*', 'Cache-Control': 'no-cache', 'ETag': 'W/"481-AryKjfXjAcHIXuJASmtLLKLQRwg"', 'Vary': 'Accept-Encoding', 'Content-Encoding': 'gzip', 'CF-Cache-Status': 'DYNAMIC', 'Report-To': '{"endpoints":[{"url":"https:\\/\\/a.nel.cloudflare.com\\/report\\/v4?s=VQU33vKpRlUHsN1l5bwXBPuFrwueo2QjRjT%2FyzofJ1eofalVkNhNnw03S7RIl5FS1JdZhZjcGXnly0iMtHTqLJwWQW%2FlNhHFcjz5QQNdMFROLZXRE75gXNxZn16kHFvc"}],"group":"cf-nel","max_age":604800}', 'NEL': '{"success_fraction":0,"report_to":"cf-nel","max_age":604800}', 'Server': 'cloudflare', 'CF-RAY': '87a5cfb05aed9432-SJC', 'alt-svc': 'h3=":443"; ma=86400'} 
 body={"results":[{"gender":"male","name":{"title":"Mr","first":"Edvard","last":"Forsmo"},"location":{"street":{"number":6929,"name":"Øysteins plass"},"city":"Håkvik","state":"Finnmark - Finnmárku","country":"Norway","postcode":"0258","coordinates":{"latitude":"40.5764","longitude":"-12.3867"},"timezone":{"offset":"+9:30","description":"Adelaide, Darwin"}},"email":"edvard.forsmo@example.com","login":{"uuid":"33ebf54d-daa6-41fd-bbfa-80ad56972392","username":"yellowostrich580","password":"polaris","salt":"ZPOAe7ZR","md5":"864db3dfe3e2cc0943313506d8b321a8","sha1":"604b99fb1fac18a6fad6bc3f9241e6541e2b1565","sha256":"87137e71aa1e38460261d8e789a08a254e4e1891dcf5481511d35b4fb59fe5fa"},"dob":{"date":"1945-10-15T21:13:10.343Z","age":78},"registered":{"date":"2015-05-03T02:08:54.457Z","age":8},"phone":"34541251","cell":"96734922","id":{"name":"FN","value":"15104538387"},"picture":{"large":"https://randomuser.me/api/portraits/men/84.jpg","medium":"https://randomuser.me/api/portraits/med/men/84.jpg","thumbnail":"https://randomuser.me/api/portraits/thumb/men/84.jpg"},"nat":"NO"}],"info":{"seed":"d8efddfdd4f2cfe2","results":1,"page":1,"version":"1.4"}} 
 </msg>
<msg time="2024-04-26T10:15:23.021168" level="INFO">/opt/hostedtoolcache/Python/3.12.3/x64/lib/python3.12/site-packages/urllib3/connectionpool.py:1103: InsecureRequestWarning: Unverified HTTPS request is being made to host 'randomuser.me'. Adding certificate verification is strongly advised. See: https://urllib3.readthedocs.io/en/latest/advanced-usage.html#tls-warnings
  warnings.warn(</msg>
<msg time="2024-04-26T10:15:23.021336" level="INFO">${response} = &lt;Response [200]&gt;</msg>
<var>${response}</var>
<arg>consultarAPI</arg>
<arg>/api</arg>
<doc>Sends a GET request on a previously created HTTP Session.</doc>
<status status="PASS" start="2024-04-26T10:15:22.901669" elapsed="0.119700"/>
</kw>
<kw name="Should Be Equal As Numbers" owner="BuiltIn">
<msg time="2024-04-26T10:15:23.022345" level="INFO">Argument types are:
&lt;class 'int'&gt;
&lt;class 'str'&gt;</msg>
<arg>${response.status_code}</arg>
<arg>200</arg>
<doc>Fails if objects are unequal after converting them to real numbers.</doc>
<status status="PASS" start="2024-04-26T10:15:23.021887" elapsed="0.000521"/>
</kw>
<kw name="Log" owner="BuiltIn">
<msg time="2024-04-26T10:15:23.023100" level="INFO">200</msg>
<arg>${response.status_code}</arg>
<doc>Logs the given message with the given level.</doc>
<status status="PASS" start="2024-04-26T10:15:23.022742" elapsed="0.000399"/>
</kw>
<kw name="Set Variable" owner="BuiltIn">
<msg time="2024-04-26T10:15:23.023889" level="INFO">${json_data} = {'results': [{'gender': 'male', 'name': {'title': 'Mr', 'first': 'Edvard', 'last': 'Forsmo'}, 'location': {'street': {'number': 6929, 'name': 'Øysteins plass'}, 'city': 'Håkvik', 'state': 'Finnmark - ...</msg>
<var>${json_data}</var>
<arg>${response.json()}</arg>
<doc>Returns the given values which can then be assigned to a variables.</doc>
<status status="PASS" start="2024-04-26T10:15:23.023445" elapsed="0.000472"/>
</kw>
<kw name="Dictionary Should Contain Key" owner="Collections">
<msg time="2024-04-26T10:15:23.024385" level="INFO">False</msg>
<arg>${json_data}</arg>
<arg>results</arg>
<doc>Fails if ``key`` is not found from ``dictionary``.</doc>
<status status="PASS" start="2024-04-26T10:15:23.024220" elapsed="0.000203"/>
</kw>
<status status="PASS" start="2024-04-26T10:15:22.901422" elapsed="0.123265"/>
</kw>
<doc>Testa se a API responde corretamente e retorna um objeto JSON válido.</doc>
<tag>testeRequisicaoBasica</tag>
<status status="PASS" start="2024-04-26T10:15:22.900952" elapsed="0.123958"/>
</test>
<test id="s1-s1-t3" name="Validar estrutura de resposta" line="22">
<kw name="Teste de Estrutura de Resposta" owner="random-user-service">
<kw name="GET On Session" owner="RequestsLibrary">
<msg time="2024-04-26T10:15:23.113268" level="INFO">GET Request : url=https://randomuser.me/api 
 path_url=/api 
 headers={'User-Agent': 'python-requests/2.31.0', 'Accept-Encoding': 'gzip, deflate', 'Accept': '*/*', 'Connection': 'keep-alive'} 
 body=None 
 </msg>
<msg time="2024-04-26T10:15:23.113366" level="INFO">GET Response : url=https://randomuser.me/api 
 status=200, reason=OK 
 headers={'Date': 'Fri, 26 Apr 2024 10:15:23 GMT', 'Content-Type': 'application/json; charset=utf-8', 'Transfer-Encoding': 'chunked', 'Connection': 'keep-alive', 'X-Powered-By': 'Express', 'Access-Control-Allow-Origin': '*', 'Cache-Control': 'no-cache', 'ETag': 'W/"484-qo2nUFQrJCGuR3nkzKmd7EshlJs"', 'Vary': 'Accept-Encoding', 'Content-Encoding': 'gzip', 'CF-Cache-Status': 'DYNAMIC', 'Report-To': '{"endpoints":[{"url":"https:\\/\\/a.nel.cloudflare.com\\/report\\/v4?s=L9Yc7%2FdGmuApJu7oDnY%2F6KEKWsBHl2U3xgYsS%2BGgfLMmDD%2B%2FBfmlIscmjVbgvCqwPc%2BtwTUtFvmEz4Y%2FCix4y44Q6f7ixMYZURCcUK3YAdDq9fgOMRXbKNqvFbgvfPXq"}],"group":"cf-nel","max_age":604800}', 'NEL': '{"success_fraction":0,"report_to":"cf-nel","max_age":604800}', 'Server': 'cloudflare', 'CF-RAY': '87a5cfb0fb3a9432-SJC', 'alt-svc': 'h3=":443"; ma=86400'} 
 body={"results":[{"gender":"male","name":{"title":"Mr","first":"Same","last":"Ruiz"},"location":{"street":{"number":7008,"name":"Parker Rd"},"city":"Orange","state":"South Australia","country":"Australia","postcode":9286,"coordinates":{"latitude":"-83.3251","longitude":"-122.3579"},"timezone":{"offset":"-3:00","description":"Brazil, Buenos Aires, Georgetown"}},"email":"same.ruiz@example.com","login":{"uuid":"dc5b9a98-cd4a-49f2-b1b3-72e32ca82123","username":"sadelephant504","password":"andrea1","salt":"YYsPL0jB","md5":"d40afd7f76402f6ce789e7fad1b2cffc","sha1":"ffec4fa9960deafb7faa5feeae61ee11320944d1","sha256":"a11423237234515af78e393d8659c5b991ea6f62f2e324a473ecd15534481195"},"dob":{"date":"1952-11-23T16:57:07.998Z","age":71},"registered":{"date":"2020-09-03T00:03:05.422Z","age":3},"phone":"01-7651-0129","cell":"0425-371-552","id":{"name":"TFN","value":"725420274"},"picture":{"large":"https://randomuser.me/api/portraits/men/19.jpg","medium":"https://randomuser.me/api/portraits/med/men/19.jpg","thumbnail":"https://randomuser.me/api/portraits/thumb/men/19.jpg"},"nat":"AU"}],"info":{"seed":"df5c741d00268517","results":1,"page":1,"version":"1.4"}} 
 </msg>
<msg time="2024-04-26T10:15:23.113492" level="INFO">/opt/hostedtoolcache/Python/3.12.3/x64/lib/python3.12/site-packages/urllib3/connectionpool.py:1103: InsecureRequestWarning: Unverified HTTPS request is being made to host 'randomuser.me'. Adding certificate verification is strongly advised. See: https://urllib3.readthedocs.io/en/latest/advanced-usage.html#tls-warnings
  warnings.warn(</msg>
<msg time="2024-04-26T10:15:23.113641" level="INFO">${response} = &lt;Response [200]&gt;</msg>
<var>${response}</var>
<arg>consultarAPI</arg>
<arg>/api</arg>
<doc>Sends a GET request on a previously created HTTP Session.</doc>
<status status="PASS" start="2024-04-26T10:15:23.027565" elapsed="0.086117"/>
</kw>
<kw name="Set Variable" owner="BuiltIn">
<msg time="2024-04-26T10:15:23.114702" level="INFO">${json_data} = {'results': [{'gender': 'male', 'name': {'title': 'Mr', 'first': 'Same', 'last': 'Ruiz'}, 'location': {'street': {'number': 7008, 'name': 'Parker Rd'}, 'city': 'Orange', 'state': 'South Australia', 'c...</msg>
<var>${json_data}</var>
<arg>${response.json()}</arg>
<doc>Returns the given values which can then be assigned to a variables.</doc>
<status status="PASS" start="2024-04-26T10:15:23.114175" elapsed="0.000555"/>
</kw>
<kw name="Log" owner="BuiltIn">
<msg time="2024-04-26T10:15:23.115190" level="INFO">{'results': [{'gender': 'male', 'name': {'title': 'Mr', 'first': 'Same', 'last': 'Ruiz'}, 'location': {'street': {'number': 7008, 'name': 'Parker Rd'}, 'city': 'Orange', 'state': 'South Australia', 'country': 'Australia', 'postcode': 9286, 'coordinates': {'latitude': '-83.3251', 'longitude': '-122.3579'}, 'timezone': {'offset': '-3:00', 'description': 'Brazil, Buenos Aires, Georgetown'}}, 'email': 'same.ruiz@example.com', 'login': {'uuid': 'dc5b9a98-cd4a-49f2-b1b3-72e32ca82123', 'username': 'sadelephant504', 'password': 'andrea1', 'salt': 'YYsPL0jB', 'md5': 'd40afd7f76402f6ce789e7fad1b2cffc', 'sha1': 'ffec4fa9960deafb7faa5feeae61ee11320944d1', 'sha256': 'a11423237234515af78e393d8659c5b991ea6f62f2e324a473ecd15534481195'}, 'dob': {'date': '1952-11-23T16:57:07.998Z', 'age': 71}, 'registered': {'date': '2020-09-03T00:03:05.422Z', 'age': 3}, 'phone': '01-7651-0129', 'cell': '0425-371-552', 'id': {'name': 'TFN', 'value': '725420274'}, 'picture': {'large': 'https://randomuser.me/api/portraits/men/19.jpg', 'medium': 'https://randomuser.me/api/portraits/med/men/19.jpg', 'thumbnail': 'https://randomuser.me/api/portraits/thumb/men/19.jpg'}, 'nat': 'AU'}], 'info': {'seed': 'df5c741d00268517', 'results': 1, 'page': 1, 'version': '1.4'}}</msg>
<arg>${json_data}</arg>
<doc>Logs the given message with the given level.</doc>
<status status="PASS" start="2024-04-26T10:15:23.115032" elapsed="0.000205"/>
</kw>
<kw name="Dictionary Should Contain Key" owner="Collections">
<msg time="2024-04-26T10:15:23.115685" level="INFO">False</msg>
<arg>${json_data}</arg>
<arg>results</arg>
<doc>Fails if ``key`` is not found from ``dictionary``.</doc>
<status status="PASS" start="2024-04-26T10:15:23.115532" elapsed="0.000189"/>
</kw>
<kw name="Should Not Be Empty" owner="BuiltIn">
<msg time="2024-04-26T10:15:23.116136" level="INFO">Length is 2.</msg>
<arg>${json_data}</arg>
<doc>Verifies that the given item is not empty.</doc>
<status status="PASS" start="2024-04-26T10:15:23.116007" elapsed="0.000166"/>
</kw>
<kw name="Create List" owner="BuiltIn">
<msg time="2024-04-26T10:15:23.116761" level="INFO">${expected_keys} = ['gender', 'name', 'location', 'email', 'login']</msg>
<var>${expected_keys}</var>
<arg>gender</arg>
<arg>name</arg>
<arg>location</arg>
<arg>email</arg>
<arg>login</arg>
<doc>Returns a list containing given items.</doc>
<status status="PASS" start="2024-04-26T10:15:23.116461" elapsed="0.000354"/>
</kw>
<for flavor="IN">
<iter>
<kw name="Dictionary Should Contain Key" owner="Collections">
<msg time="2024-04-26T10:15:23.117835" level="INFO">False</msg>
<arg>${json_data['results'][0]}</arg>
<arg>${key}</arg>
<doc>Fails if ``key`` is not found from ``dictionary``.</doc>
<status status="PASS" start="2024-04-26T10:15:23.117430" elapsed="0.000443"/>
</kw>
<kw name="Log" owner="BuiltIn">
<msg time="2024-04-26T10:15:23.118537" level="INFO">{'gender': 'male', 'name': {'title': 'Mr', 'first': 'Same', 'last': 'Ruiz'}, 'location': {'street': {'number': 7008, 'name': 'Parker Rd'}, 'city': 'Orange', 'state': 'South Australia', 'country': 'Australia', 'postcode': 9286, 'coordinates': {'latitude': '-83.3251', 'longitude': '-122.3579'}, 'timezone': {'offset': '-3:00', 'description': 'Brazil, Buenos Aires, Georgetown'}}, 'email': 'same.ruiz@example.com', 'login': {'uuid': 'dc5b9a98-cd4a-49f2-b1b3-72e32ca82123', 'username': 'sadelephant504', 'password': 'andrea1', 'salt': 'YYsPL0jB', 'md5': 'd40afd7f76402f6ce789e7fad1b2cffc', 'sha1': 'ffec4fa9960deafb7faa5feeae61ee11320944d1', 'sha256': 'a11423237234515af78e393d8659c5b991ea6f62f2e324a473ecd15534481195'}, 'dob': {'date': '1952-11-23T16:57:07.998Z', 'age': 71}, 'registered': {'date': '2020-09-03T00:03:05.422Z', 'age': 3}, 'phone': '01-7651-0129', 'cell': '0425-371-552', 'id': {'name': 'TFN', 'value': '725420274'}, 'picture': {'large': 'https://randomuser.me/api/portraits/men/19.jpg', 'medium': 'https://randomuser.me/api/portraits/med/men/19.jpg', 'thumbnail': 'https://randomuser.me/api/portraits/thumb/men/19.jpg'}, 'nat': 'AU'}</msg>
<arg>${json_data['results'][0]}</arg>
<doc>Logs the given message with the given level.</doc>
<status status="PASS" start="2024-04-26T10:15:23.118173" elapsed="0.000413"/>
</kw>
<kw name="Log" owner="BuiltIn">
<msg time="2024-04-26T10:15:23.119003" level="INFO">gender</msg>
<arg>${key}</arg>
<doc>Logs the given message with the given level.</doc>
<status status="PASS" start="2024-04-26T10:15:23.118877" elapsed="0.000163"/>
</kw>
<var name="${key}">gender</var>
<status status="PASS" start="2024-04-26T10:15:23.117291" elapsed="0.001960"/>
</iter>
<iter>
<kw name="Dictionary Should Contain Key" owner="Collections">
<msg time="2024-04-26T10:15:23.119941" level="INFO">False</msg>
<arg>${json_data['results'][0]}</arg>
<arg>${key}</arg>
<doc>Fails if ``key`` is not found from ``dictionary``.</doc>
<status status="PASS" start="2024-04-26T10:15:23.119553" elapsed="0.000425"/>
</kw>
<kw name="Log" owner="BuiltIn">
<msg time="2024-04-26T10:15:23.120658" level="INFO">{'gender': 'male', 'name': {'title': 'Mr', 'first': 'Same', 'last': 'Ruiz'}, 'location': {'street': {'number': 7008, 'name': 'Parker Rd'}, 'city': 'Orange', 'state': 'South Australia', 'country': 'Australia', 'postcode': 9286, 'coordinates': {'latitude': '-83.3251', 'longitude': '-122.3579'}, 'timezone': {'offset': '-3:00', 'description': 'Brazil, Buenos Aires, Georgetown'}}, 'email': 'same.ruiz@example.com', 'login': {'uuid': 'dc5b9a98-cd4a-49f2-b1b3-72e32ca82123', 'username': 'sadelephant504', 'password': 'andrea1', 'salt': 'YYsPL0jB', 'md5': 'd40afd7f76402f6ce789e7fad1b2cffc', 'sha1': 'ffec4fa9960deafb7faa5feeae61ee11320944d1', 'sha256': 'a11423237234515af78e393d8659c5b991ea6f62f2e324a473ecd15534481195'}, 'dob': {'date': '1952-11-23T16:57:07.998Z', 'age': 71}, 'registered': {'date': '2020-09-03T00:03:05.422Z', 'age': 3}, 'phone': '01-7651-0129', 'cell': '0425-371-552', 'id': {'name': 'TFN', 'value': '725420274'}, 'picture': {'large': 'https://randomuser.me/api/portraits/men/19.jpg', 'medium': 'https://randomuser.me/api/portraits/med/men/19.jpg', 'thumbnail': 'https://randomuser.me/api/portraits/thumb/men/19.jpg'}, 'nat': 'AU'}</msg>
<arg>${json_data['results'][0]}</arg>
<doc>Logs the given message with the given level.</doc>
<status status="PASS" start="2024-04-26T10:15:23.120297" elapsed="0.000408"/>
</kw>
<kw name="Log" owner="BuiltIn">
<msg time="2024-04-26T10:15:23.121175" level="INFO">name</msg>
<arg>${key}</arg>
<doc>Logs the given message with the given level.</doc>
<status status="PASS" start="2024-04-26T10:15:23.121047" elapsed="0.000165"/>
</kw>
<var name="${key}">name</var>
<status status="PASS" start="2024-04-26T10:15:23.119433" elapsed="0.001994"/>
</iter>
<iter>
<kw name="Dictionary Should Contain Key" owner="Collections">
<msg time="2024-04-26T10:15:23.122115" level="INFO">False</msg>
<arg>${json_data['results'][0]}</arg>
<arg>${key}</arg>
<doc>Fails if ``key`` is not found from ``dictionary``.</doc>
<status status="PASS" start="2024-04-26T10:15:23.121723" elapsed="0.000429"/>
</kw>
<kw name="Log" owner="BuiltIn">
<msg time="2024-04-26T10:15:23.122812" level="INFO">{'gender': 'male', 'name': {'title': 'Mr', 'first': 'Same', 'last': 'Ruiz'}, 'location': {'street': {'number': 7008, 'name': 'Parker Rd'}, 'city': 'Orange', 'state': 'South Australia', 'country': 'Australia', 'postcode': 9286, 'coordinates': {'latitude': '-83.3251', 'longitude': '-122.3579'}, 'timezone': {'offset': '-3:00', 'description': 'Brazil, Buenos Aires, Georgetown'}}, 'email': 'same.ruiz@example.com', 'login': {'uuid': 'dc5b9a98-cd4a-49f2-b1b3-72e32ca82123', 'username': 'sadelephant504', 'password': 'andrea1', 'salt': 'YYsPL0jB', 'md5': 'd40afd7f76402f6ce789e7fad1b2cffc', 'sha1': 'ffec4fa9960deafb7faa5feeae61ee11320944d1', 'sha256': 'a11423237234515af78e393d8659c5b991ea6f62f2e324a473ecd15534481195'}, 'dob': {'date': '1952-11-23T16:57:07.998Z', 'age': 71}, 'registered': {'date': '2020-09-03T00:03:05.422Z', 'age': 3}, 'phone': '01-7651-0129', 'cell': '0425-371-552', 'id': {'name': 'TFN', 'value': '725420274'}, 'picture': {'large': 'https://randomuser.me/api/portraits/men/19.jpg', 'medium': 'https://randomuser.me/api/portraits/med/men/19.jpg', 'thumbnail': 'https://randomuser.me/api/portraits/thumb/men/19.jpg'}, 'nat': 'AU'}</msg>
<arg>${json_data['results'][0]}</arg>
<doc>Logs the given message with the given level.</doc>
<status status="PASS" start="2024-04-26T10:15:23.122449" elapsed="0.000411"/>
</kw>
<kw name="Log" owner="BuiltIn">
<msg time="2024-04-26T10:15:23.123275" level="INFO">location</msg>
<arg>${key}</arg>
<doc>Logs the given message with the given level.</doc>
<status status="PASS" start="2024-04-26T10:15:23.123151" elapsed="0.000162"/>
</kw>
<var name="${key}">location</var>
<status status="PASS" start="2024-04-26T10:15:23.121611" elapsed="0.001916"/>
</iter>
<iter>
<kw name="Dictionary Should Contain Key" owner="Collections">
<msg time="2024-04-26T10:15:23.124204" level="INFO">False</msg>
<arg>${json_data['results'][0]}</arg>
<arg>${key}</arg>
<doc>Fails if ``key`` is not found from ``dictionary``.</doc>
<status status="PASS" start="2024-04-26T10:15:23.123804" elapsed="0.000437"/>
</kw>
<kw name="Log" owner="BuiltIn">
<msg time="2024-04-26T10:15:23.124911" level="INFO">{'gender': 'male', 'name': {'title': 'Mr', 'first': 'Same', 'last': 'Ruiz'}, 'location': {'street': {'number': 7008, 'name': 'Parker Rd'}, 'city': 'Orange', 'state': 'South Australia', 'country': 'Australia', 'postcode': 9286, 'coordinates': {'latitude': '-83.3251', 'longitude': '-122.3579'}, 'timezone': {'offset': '-3:00', 'description': 'Brazil, Buenos Aires, Georgetown'}}, 'email': 'same.ruiz@example.com', 'login': {'uuid': 'dc5b9a98-cd4a-49f2-b1b3-72e32ca82123', 'username': 'sadelephant504', 'password': 'andrea1', 'salt': 'YYsPL0jB', 'md5': 'd40afd7f76402f6ce789e7fad1b2cffc', 'sha1': 'ffec4fa9960deafb7faa5feeae61ee11320944d1', 'sha256': 'a11423237234515af78e393d8659c5b991ea6f62f2e324a473ecd15534481195'}, 'dob': {'date': '1952-11-23T16:57:07.998Z', 'age': 71}, 'registered': {'date': '2020-09-03T00:03:05.422Z', 'age': 3}, 'phone': '01-7651-0129', 'cell': '0425-371-552', 'id': {'name': 'TFN', 'value': '725420274'}, 'picture': {'large': 'https://randomuser.me/api/portraits/men/19.jpg', 'medium': 'https://randomuser.me/api/portraits/med/men/19.jpg', 'thumbnail': 'https://randomuser.me/api/portraits/thumb/men/19.jpg'}, 'nat': 'AU'}</msg>
<arg>${json_data['results'][0]}</arg>
<doc>Logs the given message with the given level.</doc>
<status status="PASS" start="2024-04-26T10:15:23.124534" elapsed="0.000425"/>
</kw>
<kw name="Log" owner="BuiltIn">
<msg time="2024-04-26T10:15:23.125375" level="INFO">email</msg>
<arg>${key}</arg>
<doc>Logs the given message with the given level.</doc>
<status status="PASS" start="2024-04-26T10:15:23.125251" elapsed="0.000161"/>
</kw>
<var name="${key}">email</var>
<status status="PASS" start="2024-04-26T10:15:23.123696" elapsed="0.001927"/>
</iter>
<iter>
<kw name="Dictionary Should Contain Key" owner="Collections">
<msg time="2024-04-26T10:15:23.126286" level="INFO">False</msg>
<arg>${json_data['results'][0]}</arg>
<arg>${key}</arg>
<doc>Fails if ``key`` is not found from ``dictionary``.</doc>
<status status="PASS" start="2024-04-26T10:15:23.125901" elapsed="0.000422"/>
</kw>
<kw name="Log" owner="BuiltIn">
<msg time="2024-04-26T10:15:23.126971" level="INFO">{'gender': 'male', 'name': {'title': 'Mr', 'first': 'Same', 'last': 'Ruiz'}, 'location': {'street': {'number': 7008, 'name': 'Parker Rd'}, 'city': 'Orange', 'state': 'South Australia', 'country': 'Australia', 'postcode': 9286, 'coordinates': {'latitude': '-83.3251', 'longitude': '-122.3579'}, 'timezone': {'offset': '-3:00', 'description': 'Brazil, Buenos Aires, Georgetown'}}, 'email': 'same.ruiz@example.com', 'login': {'uuid': 'dc5b9a98-cd4a-49f2-b1b3-72e32ca82123', 'username': 'sadelephant504', 'password': 'andrea1', 'salt': 'YYsPL0jB', 'md5': 'd40afd7f76402f6ce789e7fad1b2cffc', 'sha1': 'ffec4fa9960deafb7faa5feeae61ee11320944d1', 'sha256': 'a11423237234515af78e393d8659c5b991ea6f62f2e324a473ecd15534481195'}, 'dob': {'date': '1952-11-23T16:57:07.998Z', 'age': 71}, 'registered': {'date': '2020-09-03T00:03:05.422Z', 'age': 3}, 'phone': '01-7651-0129', 'cell': '0425-371-552', 'id': {'name': 'TFN', 'value': '725420274'}, 'picture': {'large': 'https://randomuser.me/api/portraits/men/19.jpg', 'medium': 'https://randomuser.me/api/portraits/med/men/19.jpg', 'thumbnail': 'https://randomuser.me/api/portraits/thumb/men/19.jpg'}, 'nat': 'AU'}</msg>
<arg>${json_data['results'][0]}</arg>
<doc>Logs the given message with the given level.</doc>
<status status="PASS" start="2024-04-26T10:15:23.126612" elapsed="0.000406"/>
</kw>
<kw name="Log" owner="BuiltIn">
<msg time="2024-04-26T10:15:23.127429" level="INFO">login</msg>
<arg>${key}</arg>
<doc>Logs the given message with the given level.</doc>
<status status="PASS" start="2024-04-26T10:15:23.127305" elapsed="0.000162"/>
</kw>
<var name="${key}">login</var>
<status status="PASS" start="2024-04-26T10:15:23.125792" elapsed="0.001887"/>
</iter>
<var>${key}</var>
<value>@{expected_keys}</value>
<status status="PASS" start="2024-04-26T10:15:23.117095" elapsed="0.010733"/>
</for>
<kw name="Create List" owner="BuiltIn">
<msg time="2024-04-26T10:15:23.128162" level="INFO">${expected_keysTwo} = ['username', 'password']</msg>
<var>${expected_keysTwo}</var>
<arg>username</arg>
<arg>password</arg>
<doc>Returns a list containing given items.</doc>
<status status="PASS" start="2024-04-26T10:15:23.128025" elapsed="0.000160"/>
</kw>
<for flavor="IN">
<iter>
<kw name="Dictionary Should Contain Key" owner="Collections">
<msg time="2024-04-26T10:15:23.129120" level="INFO">False</msg>
<arg>${json_data['results'][0]['login']}</arg>
<arg>${keyTwo}</arg>
<doc>Fails if ``key`` is not found from ``dictionary``.</doc>
<status status="PASS" start="2024-04-26T10:15:23.128681" elapsed="0.000477"/>
</kw>
<kw name="Dictionary Should Contain Key" owner="Collections">
<msg time="2024-04-26T10:15:23.129844" level="INFO">False</msg>
<arg>${json_data['results'][0]['login']}</arg>
<arg>${keyTwo}</arg>
<doc>Fails if ``key`` is not found from ``dictionary``.</doc>
<status status="PASS" start="2024-04-26T10:15:23.129451" elapsed="0.000431"/>
</kw>
<kw name="Log" owner="BuiltIn">
<msg time="2024-04-26T10:15:23.130312" level="INFO">username</msg>
<arg>${keyTwo}</arg>
<doc>Logs the given message with the given level.</doc>
<status status="PASS" start="2024-04-26T10:15:23.130185" elapsed="0.000169"/>
</kw>
<var name="${keyTwo}">username</var>
<status status="PASS" start="2024-04-26T10:15:23.128572" elapsed="0.001995"/>
</iter>
<iter>
<kw name="Dictionary Should Contain Key" owner="Collections">
<msg time="2024-04-26T10:15:23.131225" level="INFO">False</msg>
<arg>${json_data['results'][0]['login']}</arg>
<arg>${keyTwo}</arg>
<doc>Fails if ``key`` is not found from ``dictionary``.</doc>
<status status="PASS" start="2024-04-26T10:15:23.130845" elapsed="0.000421"/>
</kw>
<kw name="Dictionary Should Contain Key" owner="Collections">
<msg time="2024-04-26T10:15:23.132031" level="INFO">False</msg>
<arg>${json_data['results'][0]['login']}</arg>
<arg>${keyTwo}</arg>
<doc>Fails if ``key`` is not found from ``dictionary``.</doc>
<status status="PASS" start="2024-04-26T10:15:23.131575" elapsed="0.000495"/>
</kw>
<kw name="Log" owner="BuiltIn">
<msg time="2024-04-26T10:15:23.132491" level="INFO">password</msg>
<arg>${keyTwo}</arg>
<doc>Logs the given message with the given level.</doc>
<status status="PASS" start="2024-04-26T10:15:23.132365" elapsed="0.000163"/>
</kw>
<var name="${keyTwo}">password</var>
<status status="PASS" start="2024-04-26T10:15:23.130736" elapsed="0.002007"/>
</iter>
<var>${keyTwo}</var>
<value>@{expected_keysTwo}</value>
<status status="PASS" start="2024-04-26T10:15:23.128419" elapsed="0.004466"/>
</for>
<status status="PASS" start="2024-04-26T10:15:23.027324" elapsed="0.105704"/>
</kw>
<doc>Testa a estrutura da resposta da API.</doc>
<tag>testeEstruturaResposta</tag>
<status status="PASS" start="2024-04-26T10:15:23.026756" elapsed="0.106432"/>
</test>
<test id="s1-s1-t4" name="Validar tipos de dados" line="28">
<kw name="Teste de Tipos de Dados" owner="random-user-service">
<kw name="GET On Session" owner="RequestsLibrary">
<msg time="2024-04-26T10:15:23.235155" level="INFO">GET Request : url=https://randomuser.me/api 
 path_url=/api 
 headers={'User-Agent': 'python-requests/2.31.0', 'Accept-Encoding': 'gzip, deflate', 'Accept': '*/*', 'Connection': 'keep-alive'} 
 body=None 
 </msg>
<msg time="2024-04-26T10:15:23.235266" level="INFO">GET Response : url=https://randomuser.me/api 
 status=200, reason=OK 
 headers={'Date': 'Fri, 26 Apr 2024 10:15:23 GMT', 'Content-Type': 'application/json; charset=utf-8', 'Transfer-Encoding': 'chunked', 'Connection': 'keep-alive', 'X-Powered-By': 'Express', 'Access-Control-Allow-Origin': '*', 'Cache-Control': 'no-cache', 'ETag': 'W/"48d-qIdvYh1/2MAUwO11+2HbbyhBNwg"', 'Vary': 'Accept-Encoding', 'Content-Encoding': 'gzip', 'CF-Cache-Status': 'DYNAMIC', 'Report-To': '{"endpoints":[{"url":"https:\\/\\/a.nel.cloudflare.com\\/report\\/v4?s=DRVn%2FRSoHYDgBNhymk9QSXWpmECwFhlSdysaDOopL%2F6dO7MiK47dVGoMkJXwbBmf9VNr%2BDzQnygPZq3eWS6Kb%2B9E50hLAWrO%2FHJnsyGjuEDgspdiCj6esQmKRNlwzXmt"}],"group":"cf-nel","max_age":604800}', 'NEL': '{"success_fraction":0,"report_to":"cf-nel","max_age":604800}', 'Server': 'cloudflare', 'CF-RAY': '87a5cfb19b759432-SJC', 'alt-svc': 'h3=":443"; ma=86400'} 
 body={"results":[{"gender":"male","name":{"title":"Mr","first":"Zachary","last":"Scott"},"location":{"street":{"number":4415,"name":"Hamilton Ave"},"city":"Kalgoorlie","state":"South Australia","country":"Australia","postcode":3201,"coordinates":{"latitude":"-89.6203","longitude":"-161.8644"},"timezone":{"offset":"-8:00","description":"Pacific Time (US &amp; Canada)"}},"email":"zachary.scott@example.com","login":{"uuid":"fd27578d-9802-4669-9b58-803b494c7af6","username":"greenlion560","password":"pppppppp","salt":"KHbixzK3","md5":"9551f4c5cf3b9a6c4df9943fb949165e","sha1":"fce38746f5e3a87e49066ee1f0fd7525eab65e6f","sha256":"d5cf9fa63c817f5f7285d868ed137f72ac2cc6a5642328eca248881c10eb2335"},"dob":{"date":"1946-12-02T01:12:43.951Z","age":77},"registered":{"date":"2006-05-26T23:02:00.890Z","age":17},"phone":"02-5284-6931","cell":"0425-303-039","id":{"name":"TFN","value":"188685076"},"picture":{"large":"https://randomuser.me/api/portraits/men/74.jpg","medium":"https://randomuser.me/api/portraits/med/men/74.jpg","thumbnail":"https://randomuser.me/api/portraits/thumb/men/74.jpg"},"nat":"AU"}],"info":{"seed":"42e8cd9bb2ec1de0","results":1,"page":1,"version":"1.4"}} 
 </msg>
<msg time="2024-04-26T10:15:23.235350" level="INFO">/opt/hostedtoolcache/Python/3.12.3/x64/lib/python3.12/site-packages/urllib3/connectionpool.py:1103: InsecureRequestWarning: Unverified HTTPS request is being made to host 'randomuser.me'. Adding certificate verification is strongly advised. See: https://urllib3.readthedocs.io/en/latest/advanced-usage.html#tls-warnings
  warnings.warn(</msg>
<msg time="2024-04-26T10:15:23.235511" level="INFO">${response} = &lt;Response [200]&gt;</msg>
<var>${response}</var>
<arg>consultarAPI</arg>
<arg>/api</arg>
<doc>Sends a GET request on a previously created HTTP Session.</doc>
<status status="PASS" start="2024-04-26T10:15:23.135749" elapsed="0.099819"/>
</kw>
<kw name="Set Variable" owner="BuiltIn">
<msg time="2024-04-26T10:15:23.236688" level="INFO">${json_data} = {'results': [{'gender': 'male', 'name': {'title': 'Mr', 'first': 'Zachary', 'last': 'Scott'}, 'location': {'street': {'number': 4415, 'name': 'Hamilton Ave'}, 'city': 'Kalgoorlie', 'state': 'South Aus...</msg>
<var>${json_data}</var>
<arg>${response.json()}</arg>
<doc>Returns the given values which can then be assigned to a variables.</doc>
<status status="PASS" start="2024-04-26T10:15:23.236150" elapsed="0.000567"/>
</kw>
<kw name="Log" owner="BuiltIn">
<msg time="2024-04-26T10:15:23.237283" level="INFO">{'results': [{'gender': 'male', 'name': {'title': 'Mr', 'first': 'Zachary', 'last': 'Scott'}, 'location': {'street': {'number': 4415, 'name': 'Hamilton Ave'}, 'city': 'Kalgoorlie', 'state': 'South Australia', 'country': 'Australia', 'postcode': 3201, 'coordinates': {'latitude': '-89.6203', 'longitude': '-161.8644'}, 'timezone': {'offset': '-8:00', 'description': 'Pacific Time (US &amp; Canada)'}}, 'email': 'zachary.scott@example.com', 'login': {'uuid': 'fd27578d-9802-4669-9b58-803b494c7af6', 'username': 'greenlion560', 'password': 'pppppppp', 'salt': 'KHbixzK3', 'md5': '9551f4c5cf3b9a6c4df9943fb949165e', 'sha1': 'fce38746f5e3a87e49066ee1f0fd7525eab65e6f', 'sha256': 'd5cf9fa63c817f5f7285d868ed137f72ac2cc6a5642328eca248881c10eb2335'}, 'dob': {'date': '1946-12-02T01:12:43.951Z', 'age': 77}, 'registered': {'date': '2006-05-26T23:02:00.890Z', 'age': 17}, 'phone': '02-5284-6931', 'cell': '0425-303-039', 'id': {'name': 'TFN', 'value': '188685076'}, 'picture': {'large': 'https://randomuser.me/api/portraits/men/74.jpg', 'medium': 'https://randomuser.me/api/portraits/med/men/74.jpg', 'thumbnail': 'https://randomuser.me/api/portraits/thumb/men/74.jpg'}, 'nat': 'AU'}], 'info': {'seed': '42e8cd9bb2ec1de0', 'results': 1, 'page': 1, 'version': '1.4'}}</msg>
<arg>${json_data}</arg>
<doc>Logs the given message with the given level.</doc>
<status status="PASS" start="2024-04-26T10:15:23.237116" elapsed="0.000254"/>
</kw>
<kw name="Should Be String" owner="String">
<arg>${json_data['results'][0]['gender']}</arg>
<doc>Fails if the given ``item`` is not a string.</doc>
<status status="PASS" start="2024-04-26T10:15:23.237687" elapsed="0.000376"/>
</kw>
<kw name="Should Match Regexp" owner="BuiltIn">
<arg>${json_data['results'][0]['email']}</arg>
<arg>^[a-zA-Z0-9._%+-]+@[a-zA-Z0-9.-]+\.[a-zA-Z]{2,}$</arg>
<doc>Fails if ``string`` does not match ``pattern`` as a regular expression.</doc>
<status status="PASS" start="2024-04-26T10:15:23.238259" elapsed="0.000529"/>
</kw>
<kw name="Should Match Regexp" owner="BuiltIn">
<arg>${json_data['results'][0]['dob']['date']}</arg>
<arg>\\d{4}-\\d{2}-\\d{2}T\\d{2}:\\d{2}:\\d{2}\\.\\d{3}Z</arg>
<doc>Fails if ``string`` does not match ``pattern`` as a regular expression.</doc>
<status status="PASS" start="2024-04-26T10:15:23.238987" elapsed="0.000498"/>
</kw>
<kw name="Should Match Regexp" owner="BuiltIn">
<arg>${json_data['results'][0]['registered']['date']}</arg>
<arg>\\d{4}-\\d{2}-\\d{2}T\\d{2}:\\d{2}:\\d{2}\\.\\d{3}Z</arg>
<doc>Fails if ``string`` does not match ``pattern`` as a regular expression.</doc>
<status status="PASS" start="2024-04-26T10:15:23.239678" elapsed="0.000367"/>
</kw>
<kw name="Should Match Regexp" owner="BuiltIn">
<arg>${json_data['results'][0]['picture']['large']}</arg>
<arg>^https?://.*\.(?:png|jpe?g|gif|bmp)$</arg>
<doc>Fails if ``string`` does not match ``pattern`` as a regular expression.</doc>
<status status="PASS" start="2024-04-26T10:15:23.240232" elapsed="0.000460"/>
</kw>
<kw name="Should Match Regexp" owner="BuiltIn">
<arg>${json_data['results'][0]['picture']['medium']}</arg>
<arg>^https?://.*\.(?:png|jpe?g|gif|bmp)$</arg>
<doc>Fails if ``string`` does not match ``pattern`` as a regular expression.</doc>
<status status="PASS" start="2024-04-26T10:15:23.240915" elapsed="0.000380"/>
</kw>
<kw name="Should Match Regexp" owner="BuiltIn">
<arg>${json_data['results'][0]['picture']['thumbnail']}</arg>
<arg>^https?://.*\.(?:png|jpe?g|gif|bmp)$</arg>
<doc>Fails if ``string`` does not match ``pattern`` as a regular expression.</doc>
<status status="PASS" start="2024-04-26T10:15:23.241485" elapsed="0.000349"/>
</kw>
<kw name="Log" owner="BuiltIn">
<msg time="2024-04-26T10:15:23.242345" level="INFO">{'large': 'https://randomuser.me/api/portraits/men/74.jpg', 'medium': 'https://randomuser.me/api/portraits/med/men/74.jpg', 'thumbnail': 'https://randomuser.me/api/portraits/thumb/men/74.jpg'}</msg>
<arg>${json_data['results'][0]['picture']}</arg>
<doc>Logs the given message with the given level.</doc>
<status status="PASS" start="2024-04-26T10:15:23.242016" elapsed="0.000370"/>
</kw>
<status status="PASS" start="2024-04-26T10:15:23.135521" elapsed="0.107128"/>
</kw>
<kw name="Teste de Tipos de Dados - Postcode" owner="random-user-service">
<kw name="GET On Session" owner="RequestsLibrary">
<msg time="2024-04-26T10:15:23.531072" level="INFO">GET Request : url=https://randomuser.me/api 
 path_url=/api 
 headers={'User-Agent': 'python-requests/2.31.0', 'Accept-Encoding': 'gzip, deflate', 'Accept': '*/*', 'Connection': 'keep-alive'} 
 body=None 
 </msg>
<msg time="2024-04-26T10:15:23.531169" level="INFO">GET Response : url=https://randomuser.me/api 
 status=200, reason=OK 
 headers={'Date': 'Fri, 26 Apr 2024 10:15:23 GMT', 'Content-Type': 'application/json; charset=utf-8', 'Transfer-Encoding': 'chunked', 'Connection': 'keep-alive', 'X-Powered-By': 'Express', 'Access-Control-Allow-Origin': '*', 'Cache-Control': 'no-cache', 'ETag': 'W/"4aa-g1AU7NfLg0nJFd+xq5XZ8PtWsfA"', 'Vary': 'Accept-Encoding', 'Content-Encoding': 'gzip', 'CF-Cache-Status': 'DYNAMIC', 'Report-To': '{"endpoints":[{"url":"https:\\/\\/a.nel.cloudflare.com\\/report\\/v4?s=NY4%2FssOVTgVL2xyn01GxPyqz%2BRMKN%2F4OEdt%2Fdd9wvLFY1p%2Fyx%2FsYOJUmmL6lyjdTxuIkc%2F3NPMC84cF0HE8p0Uiyk64khbAOIKIt6CstT7CLjUWPBnVPut5KJ7quvMvP"}],"group":"cf-nel","max_age":604800}', 'NEL': '{"success_fraction":0,"report_to":"cf-nel","max_age":604800}', 'Server': 'cloudflare', 'CF-RAY': '87a5cfb24bb89432-SJC', 'alt-svc': 'h3=":443"; ma=86400'} 
 body={"results":[{"gender":"female","name":{"title":"Ms","first":"Terumi","last":"Rezende"},"location":{"street":{"number":2539,"name":"Rua Quinze de Novembro "},"city":"Ubá","state":"Minas Gerais","country":"Brazil","postcode":68342,"coordinates":{"latitude":"-78.5637","longitude":"125.1897"},"timezone":{"offset":"+5:00","description":"Ekaterinburg, Islamabad, Karachi, Tashkent"}},"email":"terumi.rezende@example.com","login":{"uuid":"eddb49f7-ab1b-4634-8723-86081591c216","username":"bluelion457","password":"birddog","salt":"UgQyosVE","md5":"146ea87642993c184233a41966e8f568","sha1":"641c06336a41cbddb845eccf065f098de902b896","sha256":"6bdedf8285cbf75315daacf94f15c9a2c22ae6726cef742d27e0377976171445"},"dob":{"date":"1947-10-24T07:37:33.799Z","age":76},"registered":{"date":"2013-02-05T16:15:02.107Z","age":11},"phone":"(35) 0710-3904","cell":"(31) 2956-2340","id":{"name":"CPF","value":"423.753.507-84"},"picture":{"large":"https://randomuser.me/api/portraits/women/7.jpg","medium":"https://randomuser.me/api/portraits/med/women/7.jpg","thumbnail":"https://randomuser.me/api/portraits/thumb/women/7.jpg"},"nat":"BR"}],"info":{"seed":"1a4b94ec8834b5b6","results":1,"page":1,"version":"1.4"}} 
 </msg>
<msg time="2024-04-26T10:15:23.531241" level="INFO">/opt/hostedtoolcache/Python/3.12.3/x64/lib/python3.12/site-packages/urllib3/connectionpool.py:1103: InsecureRequestWarning: Unverified HTTPS request is being made to host 'randomuser.me'. Adding certificate verification is strongly advised. See: https://urllib3.readthedocs.io/en/latest/advanced-usage.html#tls-warnings
  warnings.warn(</msg>
<msg time="2024-04-26T10:15:23.531379" level="INFO">${response} = &lt;Response [200]&gt;</msg>
<var>${response}</var>
<arg>consultarAPI</arg>
<arg>/api</arg>
<doc>Sends a GET request on a previously created HTTP Session.</doc>
<status status="PASS" start="2024-04-26T10:15:23.243119" elapsed="0.288304"/>
</kw>
<kw name="Set Variable" owner="BuiltIn">
<msg time="2024-04-26T10:15:23.532465" level="INFO">${json_data} = {'results': [{'gender': 'female', 'name': {'title': 'Ms', 'first': 'Terumi', 'last': 'Rezende'}, 'location': {'street': {'number': 2539, 'name': 'Rua Quinze de Novembro '}, 'city': 'Ubá', 'state': 'Mi...</msg>
<var>${json_data}</var>
<arg>${response.json()}</arg>
<doc>Returns the given values which can then be assigned to a variables.</doc>
<status status="PASS" start="2024-04-26T10:15:23.531942" elapsed="0.000552"/>
</kw>
<kw name="Log" owner="BuiltIn">
<msg time="2024-04-26T10:15:23.533005" level="INFO">{'results': [{'gender': 'female', 'name': {'title': 'Ms', 'first': 'Terumi', 'last': 'Rezende'}, 'location': {'street': {'number': 2539, 'name': 'Rua Quinze de Novembro '}, 'city': 'Ubá', 'state': 'Minas Gerais', 'country': 'Brazil', 'postcode': 68342, 'coordinates': {'latitude': '-78.5637', 'longitude': '125.1897'}, 'timezone': {'offset': '+5:00', 'description': 'Ekaterinburg, Islamabad, Karachi, Tashkent'}}, 'email': 'terumi.rezende@example.com', 'login': {'uuid': 'eddb49f7-ab1b-4634-8723-86081591c216', 'username': 'bluelion457', 'password': 'birddog', 'salt': 'UgQyosVE', 'md5': '146ea87642993c184233a41966e8f568', 'sha1': '641c06336a41cbddb845eccf065f098de902b896', 'sha256': '6bdedf8285cbf75315daacf94f15c9a2c22ae6726cef742d27e0377976171445'}, 'dob': {'date': '1947-10-24T07:37:33.799Z', 'age': 76}, 'registered': {'date': '2013-02-05T16:15:02.107Z', 'age': 11}, 'phone': '(35) 0710-3904', 'cell': '(31) 2956-2340', 'id': {'name': 'CPF', 'value': '423.753.507-84'}, 'picture': {'large': 'https://randomuser.me/api/portraits/women/7.jpg', 'medium': 'https://randomuser.me/api/portraits/med/women/7.jpg', 'thumbnail': 'https://randomuser.me/api/portraits/thumb/women/7.jpg'}, 'nat': 'BR'}], 'info': {'seed': '1a4b94ec8834b5b6', 'results': 1, 'page': 1, 'version': '1.4'}}</msg>
<arg>${json_data}</arg>
<doc>Logs the given message with the given level.</doc>
<status status="PASS" start="2024-04-26T10:15:23.532839" elapsed="0.000249"/>
</kw>
<kw name="Should Be Equal As Numbers" owner="BuiltIn">
<arg>${json_data['results'][0]['location']['postcode']}</arg>
<arg>${json_data['results'][0]['location']['postcode']}</arg>
<doc>Fails if objects are unequal after converting them to real numbers.</doc>
<status status="PASS" start="2024-04-26T10:15:23.533393" elapsed="0.000799"/>
</kw>
<kw name="Log" owner="BuiltIn">
<msg time="2024-04-26T10:15:23.534727" level="INFO">68342</msg>
<arg>${json_data['results'][0]['location']['postcode']}</arg>
<doc>Logs the given message with the given level.</doc>
<status status="PASS" start="2024-04-26T10:15:23.534386" elapsed="0.000381"/>
</kw>
<status status="PASS" start="2024-04-26T10:15:23.242880" elapsed="0.292142"/>
</kw>
<doc>Testa se os tipos de dados na resposta da API estão corretos.</doc>
<tag>testeTiposDados</tag>
<status status="PASS" start="2024-04-26T10:15:23.134978" elapsed="0.400212"/>
</test>
<test id="s1-s1-t5" name="Validar conteudo" line="35">
<kw name="Teste de Tipos de Conteudo" owner="random-user-service">
<kw name="GET On Session" owner="RequestsLibrary">
<msg time="2024-04-26T10:15:23.622959" level="INFO">GET Request : url=https://randomuser.me/api 
 path_url=/api 
 headers={'User-Agent': 'python-requests/2.31.0', 'Accept-Encoding': 'gzip, deflate', 'Accept': '*/*', 'Connection': 'keep-alive'} 
 body=None 
 </msg>
<msg time="2024-04-26T10:15:23.623065" level="INFO">GET Response : url=https://randomuser.me/api 
 status=200, reason=OK 
 headers={'Date': 'Fri, 26 Apr 2024 10:15:23 GMT', 'Content-Type': 'application/json; charset=utf-8', 'Transfer-Encoding': 'chunked', 'Connection': 'keep-alive', 'X-Powered-By': 'Express', 'Access-Control-Allow-Origin': '*', 'Cache-Control': 'no-cache', 'ETag': 'W/"4cc-BDkmkC5DlcsGCXPqea+65h8w1KE"', 'Vary': 'Accept-Encoding', 'Content-Encoding': 'gzip', 'CF-Cache-Status': 'DYNAMIC', 'Report-To': '{"endpoints":[{"url":"https:\\/\\/a.nel.cloudflare.com\\/report\\/v4?s=5BY8L89M1lgNaUL%2BcfGWNlpfz3p9gd3Q5HArRnGgyYZTksE0cPcd%2Faths4YiZKbAZyNLg8chE4S%2FQVasGmv7bRmMWkjg%2FtQ4QCACxfJgsYrU3ZMIaIIl87h8MlAztBn3"}],"group":"cf-nel","max_age":604800}', 'NEL': '{"success_fraction":0,"report_to":"cf-nel","max_age":604800}', 'Server': 'cloudflare', 'CF-RAY': '87a5cfb42c569432-SJC', 'alt-svc': 'h3=":443"; ma=86400'} 
 body={"results":[{"gender":"female","name":{"title":"Ms","first":"Aida","last":"Laboy"},"location":{"street":{"number":6536,"name":"Diagonal Reino Unido de Gran Bretaña e Irlanda del Norte"},"city":"Francisco Sarabia","state":"Veracruz","country":"Mexico","postcode":26305,"coordinates":{"latitude":"25.3125","longitude":"178.4863"},"timezone":{"offset":"+10:00","description":"Eastern Australia, Guam, Vladivostok"}},"email":"aida.laboy@example.com","login":{"uuid":"07afa94e-2fbc-427f-9014-c05ea52671f5","username":"crazyrabbit146","password":"anubis","salt":"8TUiC9Kc","md5":"ac0216ebbfc3c863b69c48100c6c6652","sha1":"300e199926206dad0b623672348628c1d260f02d","sha256":"77c9a662b44ac1f6f5f92aebb7d00915719cab3dc4a5c6a03a93d5633c79153a"},"dob":{"date":"1964-06-27T06:28:36.982Z","age":59},"registered":{"date":"2020-01-24T22:52:32.130Z","age":4},"phone":"(631) 340 9375","cell":"(649) 689 5746","id":{"name":"NSS","value":"11 16 75 5297 9"},"picture":{"large":"https://randomuser.me/api/portraits/women/62.jpg","medium":"https://randomuser.me/api/portraits/med/women/62.jpg","thumbnail":"https://randomuser.me/api/portraits/thumb/women/62.jpg"},"nat":"MX"}],"info":{"seed":"1770f97a47fb09c6","results":1,"page":1,"version":"1.4"}} 
 </msg>
<msg time="2024-04-26T10:15:23.623138" level="INFO">/opt/hostedtoolcache/Python/3.12.3/x64/lib/python3.12/site-packages/urllib3/connectionpool.py:1103: InsecureRequestWarning: Unverified HTTPS request is being made to host 'randomuser.me'. Adding certificate verification is strongly advised. See: https://urllib3.readthedocs.io/en/latest/advanced-usage.html#tls-warnings
  warnings.warn(</msg>
<msg time="2024-04-26T10:15:23.623278" level="INFO">${response} = &lt;Response [200]&gt;</msg>
<var>${response}</var>
<arg>consultarAPI</arg>
<arg>/api</arg>
<doc>Sends a GET request on a previously created HTTP Session.</doc>
<status status="PASS" start="2024-04-26T10:15:23.537749" elapsed="0.085580"/>
</kw>
<kw name="Set Variable" owner="BuiltIn">
<msg time="2024-04-26T10:15:23.624346" level="INFO">${json_data} = {'results': [{'gender': 'female', 'name': {'title': 'Ms', 'first': 'Aida', 'last': 'Laboy'}, 'location': {'street': {'number': 6536, 'name': 'Diagonal Reino Unido de Gran Bretaña e Irlanda del Norte'}...</msg>
<var>${json_data}</var>
<arg>${response.json()}</arg>
<doc>Returns the given values which can then be assigned to a variables.</doc>
<status status="PASS" start="2024-04-26T10:15:23.623824" elapsed="0.000551"/>
</kw>
<kw name="Set Variable" owner="BuiltIn">
<msg time="2024-04-26T10:15:23.625131" level="INFO">${name_title} = Ms</msg>
<var>${name_title}</var>
<arg>${json_data["results"][0]["name"]["title"]}</arg>
<doc>Returns the given values which can then be assigned to a variables.</doc>
<status status="PASS" start="2024-04-26T10:15:23.624688" elapsed="0.000469"/>
</kw>
<kw name="Create List" owner="BuiltIn">
<msg time="2024-04-26T10:15:23.625611" level="INFO">${allowed_titles} = ['Mr', 'Ms', 'Miss', 'Mrs', 'Madame', 'Monsieur']</msg>
<var>${allowed_titles}</var>
<arg>Mr</arg>
<arg>Ms</arg>
<arg>Miss</arg>
<arg>Mrs</arg>
<arg>Madame</arg>
<arg>Monsieur</arg>
<doc>Returns a list containing given items.</doc>
<status status="PASS" start="2024-04-26T10:15:23.625461" elapsed="0.000174"/>
</kw>
<kw name="List Should Contain Value" owner="Collections">
<msg time="2024-04-26T10:15:23.626103" level="INFO">False</msg>
<arg>${allowed_titles}</arg>
<arg>${name_title}</arg>
<doc>Fails if the ``value`` is not found from ``list``.</doc>
<status status="PASS" start="2024-04-26T10:15:23.625931" elapsed="0.000207"/>
</kw>
<kw name="Set Variable" owner="BuiltIn">
<msg time="2024-04-26T10:15:23.626819" level="INFO">${name_country} = MX</msg>
<var>${name_country}</var>
<arg>${json_data["results"][0]["nat"]}</arg>
<doc>Returns the given values which can then be assigned to a variables.</doc>
<status status="PASS" start="2024-04-26T10:15:23.626426" elapsed="0.000418"/>
</kw>
<kw name="Create List" owner="BuiltIn">
<msg time="2024-04-26T10:15:23.627736" level="INFO">${list_country} = ['AD', 'AE', 'AF', 'AG', 'AI', 'AL', 'AM', 'AO', 'AQ', 'AR', 'AS', 'AT', 'AU', 'AW', 'AX', 'AZ', 'BA', 'BB', 'BD', 'BE', 'BF', 'BG', 'BH', 'BI', 'BJ', 'BL', 'BM', 'BN', 'BO', 'BQ', 'BR', 'BS', 'BT', '...</msg>
<var>${list_country}</var>
<arg>AD</arg>
<arg>AE</arg>
<arg>AF</arg>
<arg>AG</arg>
<arg>AI</arg>
<arg>AL</arg>
<arg>AM</arg>
<arg>AO</arg>
<arg>AQ</arg>
<arg>AR</arg>
<arg>AS</arg>
<arg>AT</arg>
<arg>AU</arg>
<arg>AW</arg>
<arg>AX</arg>
<arg>AZ</arg>
<arg>BA</arg>
<arg>BB</arg>
<arg>BD</arg>
<arg>BE</arg>
<arg>BF</arg>
<arg>BG</arg>
<arg>BH</arg>
<arg>BI</arg>
<arg>BJ</arg>
<arg>BL</arg>
<arg>BM</arg>
<arg>BN</arg>
<arg>BO</arg>
<arg>BQ</arg>
<arg>BR</arg>
<arg>BS</arg>
<arg>BT</arg>
<arg>BV</arg>
<arg>BW</arg>
<arg>BY</arg>
<arg>BZ</arg>
<arg>CA</arg>
<arg>CC</arg>
<arg>CD</arg>
<arg>CF</arg>
<arg>CG</arg>
<arg>CH</arg>
<arg>CI</arg>
<arg>CK</arg>
<arg>CL</arg>
<arg>CM</arg>
<arg>CN</arg>
<arg>CO</arg>
<arg>CR</arg>
<arg>CU</arg>
<arg>CV</arg>
<arg>CW</arg>
<arg>CX</arg>
<arg>CY</arg>
<arg>CZ</arg>
<arg>DE</arg>
<arg>DJ</arg>
<arg>DK</arg>
<arg>DM</arg>
<arg>DO</arg>
<arg>DZ</arg>
<arg>EC</arg>
<arg>EE</arg>
<arg>EG</arg>
<arg>EH</arg>
<arg>ER</arg>
<arg>ES</arg>
<arg>ET</arg>
<arg>FI</arg>
<arg>FJ</arg>
<arg>FK</arg>
<arg>FM</arg>
<arg>FO</arg>
<arg>FR</arg>
<arg>GA</arg>
<arg>GB</arg>
<arg>GD</arg>
<arg>GE</arg>
<arg>GF</arg>
<arg>GG</arg>
<arg>GH</arg>
<arg>GI</arg>
<arg>GL</arg>
<arg>GM</arg>
<arg>GN</arg>
<arg>GP</arg>
<arg>GQ</arg>
<arg>GR</arg>
<arg>GS</arg>
<arg>GT</arg>
<arg>GU</arg>
<arg>GW</arg>
<arg>GY</arg>
<arg>HK</arg>
<arg>HM</arg>
<arg>HN</arg>
<arg>HR</arg>
<arg>HT</arg>
<arg>HU</arg>
<arg>ID</arg>
<arg>IE</arg>
<arg>IL</arg>
<arg>IM</arg>
<arg>IN</arg>
<arg>IO</arg>
<arg>IQ</arg>
<arg>IR</arg>
<arg>IS</arg>
<arg>IT</arg>
<arg>JE</arg>
<arg>JM</arg>
<arg>JO</arg>
<arg>JP</arg>
<arg>KE</arg>
<arg>KG</arg>
<arg>KH</arg>
<arg>KI</arg>
<arg>KM</arg>
<arg>KN</arg>
<arg>KP</arg>
<arg>KR</arg>
<arg>KW</arg>
<arg>KY</arg>
<arg>KZ</arg>
<arg>LA</arg>
<arg>LB</arg>
<arg>LC</arg>
<arg>LI</arg>
<arg>LK</arg>
<arg>LR</arg>
<arg>LS</arg>
<arg>LT</arg>
<arg>LU</arg>
<arg>LV</arg>
<arg>LY</arg>
<arg>MA</arg>
<arg>MC</arg>
<arg>MD</arg>
<arg>ME</arg>
<arg>MF</arg>
<arg>MG</arg>
<arg>MH</arg>
<arg>MK</arg>
<arg>ML</arg>
<arg>MM</arg>
<arg>MN</arg>
<arg>MO</arg>
<arg>MP</arg>
<arg>MQ</arg>
<arg>MR</arg>
<arg>MS</arg>
<arg>MT</arg>
<arg>MU</arg>
<arg>MV</arg>
<arg>MW</arg>
<arg>MX</arg>
<arg>MY</arg>
<arg>MZ</arg>
<arg>NA</arg>
<arg>NC</arg>
<arg>NE</arg>
<arg>NF</arg>
<arg>NG</arg>
<arg>NI</arg>
<arg>NL</arg>
<arg>NO</arg>
<arg>NP</arg>
<arg>NR</arg>
<arg>NU</arg>
<arg>NZ</arg>
<arg>OM</arg>
<arg>PA</arg>
<arg>PE</arg>
<arg>PF</arg>
<arg>PG</arg>
<arg>PH</arg>
<arg>PK</arg>
<arg>PL</arg>
<arg>PM</arg>
<arg>PN</arg>
<arg>PR</arg>
<arg>PS</arg>
<arg>PT</arg>
<arg>PW</arg>
<arg>PY</arg>
<arg>QA</arg>
<arg>RE</arg>
<arg>RO</arg>
<arg>RS</arg>
<arg>RU</arg>
<arg>RW</arg>
<arg>SA</arg>
<arg>SB</arg>
<arg>SC</arg>
<arg>SD</arg>
<arg>SE</arg>
<arg>SG</arg>
<arg>SH</arg>
<arg>SI</arg>
<arg>SJ</arg>
<arg>SK</arg>
<arg>SL</arg>
<arg>SM</arg>
<arg>SN</arg>
<arg>SO</arg>
<arg>SR</arg>
<arg>SS</arg>
<arg>ST</arg>
<arg>SV</arg>
<arg>SX</arg>
<arg>SY</arg>
<arg>SZ</arg>
<arg>TC</arg>
<arg>TD</arg>
<arg>TF</arg>
<arg>TG</arg>
<arg>TH</arg>
<arg>TJ</arg>
<arg>TK</arg>
<arg>TL</arg>
<arg>TM</arg>
<arg>TN</arg>
<arg>TO</arg>
<arg>TR</arg>
<arg>TT</arg>
<arg>TV</arg>
<arg>TW</arg>
<arg>TZ</arg>
<arg>UA</arg>
<arg>UG</arg>
<arg>UM</arg>
<arg>US</arg>
<arg>UY</arg>
<arg>UZ</arg>
<arg>VA</arg>
<arg>VC</arg>
<arg>VE</arg>
<arg>VG</arg>
<arg>VI</arg>
<arg>VN</arg>
<arg>VU</arg>
<arg>WF</arg>
<arg>WS</arg>
<arg>XK</arg>
<arg>YE</arg>
<arg>YT</arg>
<arg>ZA</arg>
<arg>ZM</arg>
<arg>ZW</arg>
<doc>Returns a list containing given items.</doc>
<status status="PASS" start="2024-04-26T10:15:23.627147" elapsed="0.000614"/>
</kw>
<kw name="List Should Contain Value" owner="Collections">
<msg time="2024-04-26T10:15:23.628753" level="INFO">False</msg>
<arg>${list_country}</arg>
<arg>${name_country}</arg>
<doc>Fails if the ``value`` is not found from ``list``.</doc>
<status status="PASS" start="2024-04-26T10:15:23.628554" elapsed="0.000255"/>
</kw>
<kw name="Run Keyword If" owner="BuiltIn">
<kw name="Should Be True" owner="BuiltIn">
<arg>${True}</arg>
<doc>Fails if the given condition is not true.</doc>
<status status="PASS" start="2024-04-26T10:15:23.629895" elapsed="0.000141"/>
</kw>
<arg>${json_data["results"][0]["location"]["coordinates"]["latitude"]} &gt;= -90 and ${json_data["results"][0]["location"]["coordinates"]["latitude"]} &lt;= 90</arg>
<arg>Should Be True</arg>
<arg>${True}</arg>
<doc>Runs the given keyword with the given arguments, if ``condition`` is true.</doc>
<status status="PASS" start="2024-04-26T10:15:23.629137" elapsed="0.001023"/>
</kw>
<kw name="Run Keyword If" owner="BuiltIn">
<kw name="Should Be True" owner="BuiltIn">
<arg>${True}</arg>
<doc>Fails if the given condition is not true.</doc>
<status status="PASS" start="2024-04-26T10:15:23.631036" elapsed="0.000253"/>
</kw>
<arg>${json_data["results"][0]["location"]["coordinates"]["longitude"]} &gt;= -180 and ${json_data["results"][0]["location"]["coordinates"]["longitude"]} &lt;= 180</arg>
<arg>Should Be True</arg>
<arg>${True}</arg>
<doc>Runs the given keyword with the given arguments, if ``condition`` is true.</doc>
<status status="PASS" start="2024-04-26T10:15:23.630342" elapsed="0.001078"/>
</kw>
<status status="PASS" start="2024-04-26T10:15:23.537521" elapsed="0.094030"/>
</kw>
<doc>Testa o conteúdo específico dos campos retornados pela API.</doc>
<tag>testeConteudo</tag>
<status status="PASS" start="2024-04-26T10:15:23.536967" elapsed="0.094734"/>
</test>
<status status="PASS" start="2024-04-26T10:15:22.592437" elapsed="1.041332"/>
</suite>
<status status="PASS" start="2024-04-26T10:15:22.578345" elapsed="1.060613"/>
</suite>
<statistics>
<total>
<stat pass="5" fail="0" skip="0">All Tests</stat>
</total>
<tag>
<stat pass="1" fail="0" skip="0">testeConteudo</stat>
<stat pass="1" fail="0" skip="0">testeEstruturaResposta</stat>
<stat pass="1" fail="0" skip="0">testeRequisicaoBasica</stat>
<stat pass="1" fail="0" skip="0">testeTiposDados</stat>
</tag>
<suite>
<stat pass="5" fail="0" skip="0" id="s1" name="Tests">Tests</stat>
<stat pass="5" fail="0" skip="0" id="s1-s1" name="Random-User-Test">Tests.Random-User-Test</stat>
</suite>
</statistics>
<errors>
</errors>
</robot>
