<?xml version="1.0" encoding="UTF-8"?>
<robot generator="Robot 7.0 (Python 3.12.3 on linux)" generated="2024-05-23T11:14:03.048408" rpa="false" schemaversion="5">
<suite id="s1" name="Tests" source="/home/runner/work/DesafioQAItauRogerioJordao/DesafioQAItauRogerioJordao/RamdonUser/tests">
<suite id="s1-s1" name="Random-User-Test" source="/home/runner/work/DesafioQAItauRogerioJordao/DesafioQAItauRogerioJordao/RamdonUser/tests/random-user-test.robot">
<test id="s1-s1-t1" name="Conectar" line="13">
<kw name="Conectar API" owner="random-user-service">
<kw name="Create Session" owner="RequestsLibrary">
<msg time="2024-05-23T11:14:03.448297" level="INFO">Creating Session using : alias=consultarAPI, url=https://randomuser.me/, headers={},                     cookies={}, auth=None, timeout=None, proxies=None, verify=False,                     debug=0 </msg>
<arg>consultarAPI</arg>
<arg>${URL}</arg>
<doc>Create Session: create a HTTP session to a server</doc>
<status status="PASS" start="2024-05-23T11:14:03.448090" elapsed="0.000400"/>
</kw>
<status status="PASS" start="2024-05-23T11:14:03.447004" elapsed="0.001855"/>
</kw>
<status status="PASS" start="2024-05-23T11:14:03.446376" elapsed="0.002677"/>
</test>
<test id="s1-s1-t2" name="Validar retorno 200 e JSON Válido" line="16">
<kw name="Teste de Requisicao Basica" owner="random-user-service">
<kw name="GET On Session" owner="RequestsLibrary">
<msg time="2024-05-23T11:14:03.579912" level="INFO">GET Request : url=https://randomuser.me/api 
 path_url=/api 
 headers={'User-Agent': 'python-requests/2.32.2', 'Accept-Encoding': 'gzip, deflate', 'Accept': '*/*', 'Connection': 'keep-alive'} 
 body=None 
 </msg>
<msg time="2024-05-23T11:14:03.580094" level="INFO">GET Response : url=https://randomuser.me/api 
 status=200, reason=OK 
 headers={'Date': 'Thu, 23 May 2024 11:14:03 GMT', 'Content-Type': 'application/json; charset=utf-8', 'Transfer-Encoding': 'chunked', 'Connection': 'keep-alive', 'X-Powered-By': 'Express', 'Access-Control-Allow-Origin': '*', 'Cache-Control': 'no-cache', 'ETag': 'W/"484-zvuP+bHPhhgZSRWjCy9kdBcTvGs"', 'Vary': 'Accept-Encoding', 'Content-Encoding': 'gzip', 'CF-Cache-Status': 'DYNAMIC', 'Report-To': '{"endpoints":[{"url":"https:\\/\\/a.nel.cloudflare.com\\/report\\/v4?s=6%2FWURlGN%2BubnClZvQTPrcIlAVqjkzXjLK%2FZXhMWOC8dgdOOIrfPQPNtKZUrhTf5LyyQdcubnFFw522lOioqjqHaLiFxljCo6AveBUnrO16z0M2SqhgBb%2BEg3UYzErEZA"}],"group":"cf-nel","max_age":604800}', 'NEL': '{"success_fraction":0,"report_to":"cf-nel","max_age":604800}', 'Server': 'cloudflare', 'CF-RAY': '88849ec3d8e1cec1-SJC', 'alt-svc': 'h3=":443"; ma=86400'} 
 body={"results":[{"gender":"female","name":{"title":"Mrs","first":"Ömür","last":"Alyanak"},"location":{"street":{"number":8710,"name":"Mevlana Cd"},"city":"İzmir","state":"Adana","country":"Turkey","postcode":22474,"coordinates":{"latitude":"72.0667","longitude":"58.1538"},"timezone":{"offset":"-3:00","description":"Brazil, Buenos Aires, Georgetown"}},"email":"omur.alyanak@example.com","login":{"uuid":"d165de60-2a34-47ab-b32f-b52e59022e41","username":"yellowpeacock420","password":"buckeyes","salt":"PnsBNTBm","md5":"53415cd9674e1c5133370f9cf392429c","sha1":"6a818f6fe4be05d0e08b72337ce0ca10771ace90","sha256":"8e6052c7babf00e56bada56a98d452db73faeedbb44362ffc35d5be0b7a289fc"},"dob":{"date":"1953-04-17T14:43:33.259Z","age":71},"registered":{"date":"2021-01-17T03:57:29.907Z","age":3},"phone":"(501)-192-1074","cell":"(562)-800-4133","id":{"name":"","value":null},"picture":{"large":"https://randomuser.me/api/portraits/women/31.jpg","medium":"https://randomuser.me/api/portraits/med/women/31.jpg","thumbnail":"https://randomuser.me/api/portraits/thumb/women/31.jpg"},"nat":"TR"}],"info":{"seed":"43c3b84255fd5ec6","results":1,"page":1,"version":"1.4"}} 
 </msg>
<msg time="2024-05-23T11:14:03.580196" level="INFO">/opt/hostedtoolcache/Python/3.12.3/x64/lib/python3.12/site-packages/urllib3/connectionpool.py:1103: InsecureRequestWarning: Unverified HTTPS request is being made to host 'randomuser.me'. Adding certificate verification is strongly advised. See: https://urllib3.readthedocs.io/en/latest/advanced-usage.html#tls-warnings
  warnings.warn(</msg>
<msg time="2024-05-23T11:14:03.580361" level="INFO">${response} = &lt;Response [200]&gt;</msg>
<var>${response}</var>
<arg>consultarAPI</arg>
<arg>/api</arg>
<doc>Sends a GET request on a previously created HTTP Session.</doc>
<status status="PASS" start="2024-05-23T11:14:03.451788" elapsed="0.128613"/>
</kw>
<kw name="Should Be Equal As Numbers" owner="BuiltIn">
<msg time="2024-05-23T11:14:03.581407" level="INFO">Argument types are:
&lt;class 'int'&gt;
&lt;class 'str'&gt;</msg>
<arg>${response.status_code}</arg>
<arg>200</arg>
<doc>Fails if objects are unequal after converting them to real numbers.</doc>
<status status="PASS" start="2024-05-23T11:14:03.580946" elapsed="0.000526"/>
</kw>
<kw name="Log" owner="BuiltIn">
<msg time="2024-05-23T11:14:03.582224" level="INFO">200</msg>
<arg>${response.status_code}</arg>
<doc>Logs the given message with the given level.</doc>
<status status="PASS" start="2024-05-23T11:14:03.581826" elapsed="0.000445"/>
</kw>
<kw name="Set Variable" owner="BuiltIn">
<msg time="2024-05-23T11:14:03.583040" level="INFO">${json_data} = {'results': [{'gender': 'female', 'name': {'title': 'Mrs', 'first': 'Ömür', 'last': 'Alyanak'}, 'location': {'street': {'number': 8710, 'name': 'Mevlana Cd'}, 'city': 'İzmir', 'state': 'Adana', 'count...</msg>
<var>${json_data}</var>
<arg>${response.json()}</arg>
<doc>Returns the given values which can then be assigned to a variables.</doc>
<status status="PASS" start="2024-05-23T11:14:03.582593" elapsed="0.000478"/>
</kw>
<kw name="Dictionary Should Contain Key" owner="Collections">
<msg time="2024-05-23T11:14:03.583547" level="INFO">False</msg>
<arg>${json_data}</arg>
<arg>results</arg>
<doc>Fails if ``key`` is not found from ``dictionary``.</doc>
<status status="PASS" start="2024-05-23T11:14:03.583379" elapsed="0.000369"/>
</kw>
<status status="PASS" start="2024-05-23T11:14:03.451510" elapsed="0.132503"/>
</kw>
<doc>Testa se a API responde corretamente e retorna um objeto JSON válido.</doc>
<tag>testeRequisicaoBasica</tag>
<status status="PASS" start="2024-05-23T11:14:03.450996" elapsed="0.133202"/>
</test>
<test id="s1-s1-t3" name="Validar estrutura de resposta" line="22">
<kw name="Teste de Estrutura de Resposta" owner="random-user-service">
<kw name="GET On Session" owner="RequestsLibrary">
<msg time="2024-05-23T11:14:03.678285" level="INFO">GET Request : url=https://randomuser.me/api 
 path_url=/api 
 headers={'User-Agent': 'python-requests/2.32.2', 'Accept-Encoding': 'gzip, deflate', 'Accept': '*/*', 'Connection': 'keep-alive'} 
 body=None 
 </msg>
<msg time="2024-05-23T11:14:03.678408" level="INFO">GET Response : url=https://randomuser.me/api 
 status=200, reason=OK 
 headers={'Date': 'Thu, 23 May 2024 11:14:03 GMT', 'Content-Type': 'application/json; charset=utf-8', 'Transfer-Encoding': 'chunked', 'Connection': 'keep-alive', 'X-Powered-By': 'Express', 'Access-Control-Allow-Origin': '*', 'Cache-Control': 'no-cache', 'ETag': 'W/"48d-DrDYt2kJkd/82/0D+XdHl5731Ik"', 'Vary': 'Accept-Encoding', 'Content-Encoding': 'gzip', 'CF-Cache-Status': 'DYNAMIC', 'Report-To': '{"endpoints":[{"url":"https:\\/\\/a.nel.cloudflare.com\\/report\\/v4?s=5Pfl9%2B6w6gE2UNqGgueMwK7%2BuhK6lZ663kK%2BCu0g1NviBltyFoGhPBYQph2%2FaxCry2f3t3skX8Cbk8ITALXWVCDIicVIUVzgZTyhjEAeiYPU8AbRxue%2BGdxybJ56OxjN"}],"group":"cf-nel","max_age":604800}', 'NEL': '{"success_fraction":0,"report_to":"cf-nel","max_age":604800}', 'Server': 'cloudflare', 'CF-RAY': '88849ec4693acec1-SJC', 'alt-svc': 'h3=":443"; ma=86400'} 
 body={"results":[{"gender":"male","name":{"title":"Mr","first":"Miroslav","last":"Drljača"},"location":{"street":{"number":7950,"name":"Crnička"},"city":"Batočina","state":"Pomoravlje","country":"Serbia","postcode":44978,"coordinates":{"latitude":"57.5215","longitude":"-154.6612"},"timezone":{"offset":"+4:00","description":"Abu Dhabi, Muscat, Baku, Tbilisi"}},"email":"miroslav.drljaca@example.com","login":{"uuid":"829c2196-f43b-4b47-9aca-eddab006a620","username":"smallostrich895","password":"patton","salt":"7pnRSsDJ","md5":"33ea1d7cb05139a6b09fa97806952cef","sha1":"6e451206eedee69befcf858bd690f014c5e33df7","sha256":"c491cf0fdfaaff82e9be80fce946106535157dacb6cbbed05fb1bdec872026ca"},"dob":{"date":"1991-09-04T08:15:39.313Z","age":32},"registered":{"date":"2019-03-23T19:58:48.374Z","age":5},"phone":"030-0464-106","cell":"066-4448-856","id":{"name":"SID","value":"710763501"},"picture":{"large":"https://randomuser.me/api/portraits/men/66.jpg","medium":"https://randomuser.me/api/portraits/med/men/66.jpg","thumbnail":"https://randomuser.me/api/portraits/thumb/men/66.jpg"},"nat":"RS"}],"info":{"seed":"b49037d144c4fb6f","results":1,"page":1,"version":"1.4"}} 
 </msg>
<msg time="2024-05-23T11:14:03.678546" level="INFO">/opt/hostedtoolcache/Python/3.12.3/x64/lib/python3.12/site-packages/urllib3/connectionpool.py:1103: InsecureRequestWarning: Unverified HTTPS request is being made to host 'randomuser.me'. Adding certificate verification is strongly advised. See: https://urllib3.readthedocs.io/en/latest/advanced-usage.html#tls-warnings
  warnings.warn(</msg>
<msg time="2024-05-23T11:14:03.678698" level="INFO">${response} = &lt;Response [200]&gt;</msg>
<var>${response}</var>
<arg>consultarAPI</arg>
<arg>/api</arg>
<doc>Sends a GET request on a previously created HTTP Session.</doc>
<status status="PASS" start="2024-05-23T11:14:03.586934" elapsed="0.091805"/>
</kw>
<kw name="Set Variable" owner="BuiltIn">
<msg time="2024-05-23T11:14:03.679822" level="INFO">${json_data} = {'results': [{'gender': 'male', 'name': {'title': 'Mr', 'first': 'Miroslav', 'last': 'Drljača'}, 'location': {'street': {'number': 7950, 'name': 'Crnička'}, 'city': 'Batočina', 'state': 'Pomoravlje', ...</msg>
<var>${json_data}</var>
<arg>${response.json()}</arg>
<doc>Returns the given values which can then be assigned to a variables.</doc>
<status status="PASS" start="2024-05-23T11:14:03.679261" elapsed="0.000593"/>
</kw>
<kw name="Log" owner="BuiltIn">
<msg time="2024-05-23T11:14:03.680340" level="INFO">{'results': [{'gender': 'male', 'name': {'title': 'Mr', 'first': 'Miroslav', 'last': 'Drljača'}, 'location': {'street': {'number': 7950, 'name': 'Crnička'}, 'city': 'Batočina', 'state': 'Pomoravlje', 'country': 'Serbia', 'postcode': 44978, 'coordinates': {'latitude': '57.5215', 'longitude': '-154.6612'}, 'timezone': {'offset': '+4:00', 'description': 'Abu Dhabi, Muscat, Baku, Tbilisi'}}, 'email': 'miroslav.drljaca@example.com', 'login': {'uuid': '829c2196-f43b-4b47-9aca-eddab006a620', 'username': 'smallostrich895', 'password': 'patton', 'salt': '7pnRSsDJ', 'md5': '33ea1d7cb05139a6b09fa97806952cef', 'sha1': '6e451206eedee69befcf858bd690f014c5e33df7', 'sha256': 'c491cf0fdfaaff82e9be80fce946106535157dacb6cbbed05fb1bdec872026ca'}, 'dob': {'date': '1991-09-04T08:15:39.313Z', 'age': 32}, 'registered': {'date': '2019-03-23T19:58:48.374Z', 'age': 5}, 'phone': '030-0464-106', 'cell': '066-4448-856', 'id': {'name': 'SID', 'value': '710763501'}, 'picture': {'large': 'https://randomuser.me/api/portraits/men/66.jpg', 'medium': 'https://randomuser.me/api/portraits/med/men/66.jpg', 'thumbnail': 'https://randomuser.me/api/portraits/thumb/men/66.jpg'}, 'nat': 'RS'}], 'info': {'seed': 'b49037d144c4fb6f', 'results': 1, 'page': 1, 'version': '1.4'}}</msg>
<arg>${json_data}</arg>
<doc>Logs the given message with the given level.</doc>
<status status="PASS" start="2024-05-23T11:14:03.680171" elapsed="0.000220"/>
</kw>
<kw name="Dictionary Should Contain Key" owner="Collections">
<msg time="2024-05-23T11:14:03.680884" level="INFO">False</msg>
<arg>${json_data}</arg>
<arg>results</arg>
<doc>Fails if ``key`` is not found from ``dictionary``.</doc>
<status status="PASS" start="2024-05-23T11:14:03.680694" elapsed="0.000227"/>
</kw>
<kw name="Should Not Be Empty" owner="BuiltIn">
<msg time="2024-05-23T11:14:03.681363" level="INFO">Length is 2.</msg>
<arg>${json_data}</arg>
<doc>Verifies that the given item is not empty.</doc>
<status status="PASS" start="2024-05-23T11:14:03.681230" elapsed="0.000175"/>
</kw>
<kw name="Create List" owner="BuiltIn">
<msg time="2024-05-23T11:14:03.681869" level="INFO">${expected_keys} = ['gender', 'name', 'location', 'email', 'login']</msg>
<var>${expected_keys}</var>
<arg>gender</arg>
<arg>name</arg>
<arg>location</arg>
<arg>email</arg>
<arg>login</arg>
<doc>Returns a list containing given items.</doc>
<status status="PASS" start="2024-05-23T11:14:03.681702" elapsed="0.000240"/>
</kw>
<for flavor="IN">
<iter>
<kw name="Dictionary Should Contain Key" owner="Collections">
<msg time="2024-05-23T11:14:03.682997" level="INFO">False</msg>
<arg>${json_data['results'][0]}</arg>
<arg>${key}</arg>
<doc>Fails if ``key`` is not found from ``dictionary``.</doc>
<status status="PASS" start="2024-05-23T11:14:03.682565" elapsed="0.000486"/>
</kw>
<kw name="Log" owner="BuiltIn">
<msg time="2024-05-23T11:14:03.683741" level="INFO">{'gender': 'male', 'name': {'title': 'Mr', 'first': 'Miroslav', 'last': 'Drljača'}, 'location': {'street': {'number': 7950, 'name': 'Crnička'}, 'city': 'Batočina', 'state': 'Pomoravlje', 'country': 'Serbia', 'postcode': 44978, 'coordinates': {'latitude': '57.5215', 'longitude': '-154.6612'}, 'timezone': {'offset': '+4:00', 'description': 'Abu Dhabi, Muscat, Baku, Tbilisi'}}, 'email': 'miroslav.drljaca@example.com', 'login': {'uuid': '829c2196-f43b-4b47-9aca-eddab006a620', 'username': 'smallostrich895', 'password': 'patton', 'salt': '7pnRSsDJ', 'md5': '33ea1d7cb05139a6b09fa97806952cef', 'sha1': '6e451206eedee69befcf858bd690f014c5e33df7', 'sha256': 'c491cf0fdfaaff82e9be80fce946106535157dacb6cbbed05fb1bdec872026ca'}, 'dob': {'date': '1991-09-04T08:15:39.313Z', 'age': 32}, 'registered': {'date': '2019-03-23T19:58:48.374Z', 'age': 5}, 'phone': '030-0464-106', 'cell': '066-4448-856', 'id': {'name': 'SID', 'value': '710763501'}, 'picture': {'large': 'https://randomuser.me/api/portraits/men/66.jpg', 'medium': 'https://randomuser.me/api/portraits/med/men/66.jpg', 'thumbnail': 'https://randomuser.me/api/portraits/thumb/men/66.jpg'}, 'nat': 'RS'}</msg>
<arg>${json_data['results'][0]}</arg>
<doc>Logs the given message with the given level.</doc>
<status status="PASS" start="2024-05-23T11:14:03.683365" elapsed="0.000428"/>
</kw>
<kw name="Log" owner="BuiltIn">
<msg time="2024-05-23T11:14:03.684222" level="INFO">gender</msg>
<arg>${key}</arg>
<doc>Logs the given message with the given level.</doc>
<status status="PASS" start="2024-05-23T11:14:03.684093" elapsed="0.000166"/>
</kw>
<var name="${key}">gender</var>
<status status="PASS" start="2024-05-23T11:14:03.682434" elapsed="0.002055"/>
</iter>
<iter>
<kw name="Dictionary Should Contain Key" owner="Collections">
<msg time="2024-05-23T11:14:03.685208" level="INFO">False</msg>
<arg>${json_data['results'][0]}</arg>
<arg>${key}</arg>
<doc>Fails if ``key`` is not found from ``dictionary``.</doc>
<status status="PASS" start="2024-05-23T11:14:03.684812" elapsed="0.000433"/>
</kw>
<kw name="Log" owner="BuiltIn">
<msg time="2024-05-23T11:14:03.685978" level="INFO">{'gender': 'male', 'name': {'title': 'Mr', 'first': 'Miroslav', 'last': 'Drljača'}, 'location': {'street': {'number': 7950, 'name': 'Crnička'}, 'city': 'Batočina', 'state': 'Pomoravlje', 'country': 'Serbia', 'postcode': 44978, 'coordinates': {'latitude': '57.5215', 'longitude': '-154.6612'}, 'timezone': {'offset': '+4:00', 'description': 'Abu Dhabi, Muscat, Baku, Tbilisi'}}, 'email': 'miroslav.drljaca@example.com', 'login': {'uuid': '829c2196-f43b-4b47-9aca-eddab006a620', 'username': 'smallostrich895', 'password': 'patton', 'salt': '7pnRSsDJ', 'md5': '33ea1d7cb05139a6b09fa97806952cef', 'sha1': '6e451206eedee69befcf858bd690f014c5e33df7', 'sha256': 'c491cf0fdfaaff82e9be80fce946106535157dacb6cbbed05fb1bdec872026ca'}, 'dob': {'date': '1991-09-04T08:15:39.313Z', 'age': 32}, 'registered': {'date': '2019-03-23T19:58:48.374Z', 'age': 5}, 'phone': '030-0464-106', 'cell': '066-4448-856', 'id': {'name': 'SID', 'value': '710763501'}, 'picture': {'large': 'https://randomuser.me/api/portraits/men/66.jpg', 'medium': 'https://randomuser.me/api/portraits/med/men/66.jpg', 'thumbnail': 'https://randomuser.me/api/portraits/thumb/men/66.jpg'}, 'nat': 'RS'}</msg>
<arg>${json_data['results'][0]}</arg>
<doc>Logs the given message with the given level.</doc>
<status status="PASS" start="2024-05-23T11:14:03.685574" elapsed="0.000456"/>
</kw>
<kw name="Log" owner="BuiltIn">
<msg time="2024-05-23T11:14:03.686471" level="INFO">name</msg>
<arg>${key}</arg>
<doc>Logs the given message with the given level.</doc>
<status status="PASS" start="2024-05-23T11:14:03.686342" elapsed="0.000165"/>
</kw>
<var name="${key}">name</var>
<status status="PASS" start="2024-05-23T11:14:03.684692" elapsed="0.002033"/>
</iter>
<iter>
<kw name="Dictionary Should Contain Key" owner="Collections">
<msg time="2024-05-23T11:14:03.687394" level="INFO">False</msg>
<arg>${json_data['results'][0]}</arg>
<arg>${key}</arg>
<doc>Fails if ``key`` is not found from ``dictionary``.</doc>
<status status="PASS" start="2024-05-23T11:14:03.687017" elapsed="0.000419"/>
</kw>
<kw name="Log" owner="BuiltIn">
<msg time="2024-05-23T11:14:03.688108" level="INFO">{'gender': 'male', 'name': {'title': 'Mr', 'first': 'Miroslav', 'last': 'Drljača'}, 'location': {'street': {'number': 7950, 'name': 'Crnička'}, 'city': 'Batočina', 'state': 'Pomoravlje', 'country': 'Serbia', 'postcode': 44978, 'coordinates': {'latitude': '57.5215', 'longitude': '-154.6612'}, 'timezone': {'offset': '+4:00', 'description': 'Abu Dhabi, Muscat, Baku, Tbilisi'}}, 'email': 'miroslav.drljaca@example.com', 'login': {'uuid': '829c2196-f43b-4b47-9aca-eddab006a620', 'username': 'smallostrich895', 'password': 'patton', 'salt': '7pnRSsDJ', 'md5': '33ea1d7cb05139a6b09fa97806952cef', 'sha1': '6e451206eedee69befcf858bd690f014c5e33df7', 'sha256': 'c491cf0fdfaaff82e9be80fce946106535157dacb6cbbed05fb1bdec872026ca'}, 'dob': {'date': '1991-09-04T08:15:39.313Z', 'age': 32}, 'registered': {'date': '2019-03-23T19:58:48.374Z', 'age': 5}, 'phone': '030-0464-106', 'cell': '066-4448-856', 'id': {'name': 'SID', 'value': '710763501'}, 'picture': {'large': 'https://randomuser.me/api/portraits/men/66.jpg', 'medium': 'https://randomuser.me/api/portraits/med/men/66.jpg', 'thumbnail': 'https://randomuser.me/api/portraits/thumb/men/66.jpg'}, 'nat': 'RS'}</msg>
<arg>${json_data['results'][0]}</arg>
<doc>Logs the given message with the given level.</doc>
<status status="PASS" start="2024-05-23T11:14:03.687737" elapsed="0.000423"/>
</kw>
<kw name="Log" owner="BuiltIn">
<msg time="2024-05-23T11:14:03.688583" level="INFO">location</msg>
<arg>${key}</arg>
<doc>Logs the given message with the given level.</doc>
<status status="PASS" start="2024-05-23T11:14:03.688456" elapsed="0.000165"/>
</kw>
<var name="${key}">location</var>
<status status="PASS" start="2024-05-23T11:14:03.686903" elapsed="0.001935"/>
</iter>
<iter>
<kw name="Dictionary Should Contain Key" owner="Collections">
<msg time="2024-05-23T11:14:03.689659" level="INFO">False</msg>
<arg>${json_data['results'][0]}</arg>
<arg>${key}</arg>
<doc>Fails if ``key`` is not found from ``dictionary``.</doc>
<status status="PASS" start="2024-05-23T11:14:03.689137" elapsed="0.000560"/>
</kw>
<kw name="Log" owner="BuiltIn">
<msg time="2024-05-23T11:14:03.690388" level="INFO">{'gender': 'male', 'name': {'title': 'Mr', 'first': 'Miroslav', 'last': 'Drljača'}, 'location': {'street': {'number': 7950, 'name': 'Crnička'}, 'city': 'Batočina', 'state': 'Pomoravlje', 'country': 'Serbia', 'postcode': 44978, 'coordinates': {'latitude': '57.5215', 'longitude': '-154.6612'}, 'timezone': {'offset': '+4:00', 'description': 'Abu Dhabi, Muscat, Baku, Tbilisi'}}, 'email': 'miroslav.drljaca@example.com', 'login': {'uuid': '829c2196-f43b-4b47-9aca-eddab006a620', 'username': 'smallostrich895', 'password': 'patton', 'salt': '7pnRSsDJ', 'md5': '33ea1d7cb05139a6b09fa97806952cef', 'sha1': '6e451206eedee69befcf858bd690f014c5e33df7', 'sha256': 'c491cf0fdfaaff82e9be80fce946106535157dacb6cbbed05fb1bdec872026ca'}, 'dob': {'date': '1991-09-04T08:15:39.313Z', 'age': 32}, 'registered': {'date': '2019-03-23T19:58:48.374Z', 'age': 5}, 'phone': '030-0464-106', 'cell': '066-4448-856', 'id': {'name': 'SID', 'value': '710763501'}, 'picture': {'large': 'https://randomuser.me/api/portraits/men/66.jpg', 'medium': 'https://randomuser.me/api/portraits/med/men/66.jpg', 'thumbnail': 'https://randomuser.me/api/portraits/thumb/men/66.jpg'}, 'nat': 'RS'}</msg>
<arg>${json_data['results'][0]}</arg>
<doc>Logs the given message with the given level.</doc>
<status status="PASS" start="2024-05-23T11:14:03.690016" elapsed="0.000431"/>
</kw>
<kw name="Log" owner="BuiltIn">
<msg time="2024-05-23T11:14:03.690881" level="INFO">email</msg>
<arg>${key}</arg>
<doc>Logs the given message with the given level.</doc>
<status status="PASS" start="2024-05-23T11:14:03.690750" elapsed="0.000168"/>
</kw>
<var name="${key}">email</var>
<status status="PASS" start="2024-05-23T11:14:03.689024" elapsed="0.002110"/>
</iter>
<iter>
<kw name="Dictionary Should Contain Key" owner="Collections">
<msg time="2024-05-23T11:14:03.691810" level="INFO">False</msg>
<arg>${json_data['results'][0]}</arg>
<arg>${key}</arg>
<doc>Fails if ``key`` is not found from ``dictionary``.</doc>
<status status="PASS" start="2024-05-23T11:14:03.691431" elapsed="0.000415"/>
</kw>
<kw name="Log" owner="BuiltIn">
<msg time="2024-05-23T11:14:03.692515" level="INFO">{'gender': 'male', 'name': {'title': 'Mr', 'first': 'Miroslav', 'last': 'Drljača'}, 'location': {'street': {'number': 7950, 'name': 'Crnička'}, 'city': 'Batočina', 'state': 'Pomoravlje', 'country': 'Serbia', 'postcode': 44978, 'coordinates': {'latitude': '57.5215', 'longitude': '-154.6612'}, 'timezone': {'offset': '+4:00', 'description': 'Abu Dhabi, Muscat, Baku, Tbilisi'}}, 'email': 'miroslav.drljaca@example.com', 'login': {'uuid': '829c2196-f43b-4b47-9aca-eddab006a620', 'username': 'smallostrich895', 'password': 'patton', 'salt': '7pnRSsDJ', 'md5': '33ea1d7cb05139a6b09fa97806952cef', 'sha1': '6e451206eedee69befcf858bd690f014c5e33df7', 'sha256': 'c491cf0fdfaaff82e9be80fce946106535157dacb6cbbed05fb1bdec872026ca'}, 'dob': {'date': '1991-09-04T08:15:39.313Z', 'age': 32}, 'registered': {'date': '2019-03-23T19:58:48.374Z', 'age': 5}, 'phone': '030-0464-106', 'cell': '066-4448-856', 'id': {'name': 'SID', 'value': '710763501'}, 'picture': {'large': 'https://randomuser.me/api/portraits/men/66.jpg', 'medium': 'https://randomuser.me/api/portraits/med/men/66.jpg', 'thumbnail': 'https://randomuser.me/api/portraits/thumb/men/66.jpg'}, 'nat': 'RS'}</msg>
<arg>${json_data['results'][0]}</arg>
<doc>Logs the given message with the given level.</doc>
<status status="PASS" start="2024-05-23T11:14:03.692143" elapsed="0.000428"/>
</kw>
<kw name="Log" owner="BuiltIn">
<msg time="2024-05-23T11:14:03.692997" level="INFO">login</msg>
<arg>${key}</arg>
<doc>Logs the given message with the given level.</doc>
<status status="PASS" start="2024-05-23T11:14:03.692872" elapsed="0.000161"/>
</kw>
<var name="${key}">login</var>
<status status="PASS" start="2024-05-23T11:14:03.691308" elapsed="0.001964"/>
</iter>
<var>${key}</var>
<value>@{expected_keys}</value>
<status status="PASS" start="2024-05-23T11:14:03.682224" elapsed="0.011178"/>
</for>
<kw name="Create List" owner="BuiltIn">
<msg time="2024-05-23T11:14:03.693757" level="INFO">${expected_keysTwo} = ['username', 'password']</msg>
<var>${expected_keysTwo}</var>
<arg>username</arg>
<arg>password</arg>
<doc>Returns a list containing given items.</doc>
<status status="PASS" start="2024-05-23T11:14:03.693612" elapsed="0.000168"/>
</kw>
<for flavor="IN">
<iter>
<kw name="Dictionary Should Contain Key" owner="Collections">
<msg time="2024-05-23T11:14:03.694732" level="INFO">False</msg>
<arg>${json_data['results'][0]['login']}</arg>
<arg>${keyTwo}</arg>
<doc>Fails if ``key`` is not found from ``dictionary``.</doc>
<status status="PASS" start="2024-05-23T11:14:03.694349" elapsed="0.000418"/>
</kw>
<kw name="Dictionary Should Contain Key" owner="Collections">
<msg time="2024-05-23T11:14:03.695457" level="INFO">False</msg>
<arg>${json_data['results'][0]['login']}</arg>
<arg>${keyTwo}</arg>
<doc>Fails if ``key`` is not found from ``dictionary``.</doc>
<status status="PASS" start="2024-05-23T11:14:03.695060" elapsed="0.000434"/>
</kw>
<kw name="Log" owner="BuiltIn">
<msg time="2024-05-23T11:14:03.695920" level="INFO">username</msg>
<arg>${keyTwo}</arg>
<doc>Logs the given message with the given level.</doc>
<status status="PASS" start="2024-05-23T11:14:03.695793" elapsed="0.000164"/>
</kw>
<var name="${keyTwo}">username</var>
<status status="PASS" start="2024-05-23T11:14:03.694240" elapsed="0.001927"/>
</iter>
<iter>
<kw name="Dictionary Should Contain Key" owner="Collections">
<msg time="2024-05-23T11:14:03.696844" level="INFO">False</msg>
<arg>${json_data['results'][0]['login']}</arg>
<arg>${keyTwo}</arg>
<doc>Fails if ``key`` is not found from ``dictionary``.</doc>
<status status="PASS" start="2024-05-23T11:14:03.696461" elapsed="0.000420"/>
</kw>
<kw name="Dictionary Should Contain Key" owner="Collections">
<msg time="2024-05-23T11:14:03.697551" level="INFO">False</msg>
<arg>${json_data['results'][0]['login']}</arg>
<arg>${keyTwo}</arg>
<doc>Fails if ``key`` is not found from ``dictionary``.</doc>
<status status="PASS" start="2024-05-23T11:14:03.697181" elapsed="0.000409"/>
</kw>
<kw name="Log" owner="BuiltIn">
<msg time="2024-05-23T11:14:03.698041" level="INFO">password</msg>
<arg>${keyTwo}</arg>
<doc>Logs the given message with the given level.</doc>
<status status="PASS" start="2024-05-23T11:14:03.697911" elapsed="0.000168"/>
</kw>
<var name="${keyTwo}">password</var>
<status status="PASS" start="2024-05-23T11:14:03.696336" elapsed="0.001959"/>
</iter>
<var>${keyTwo}</var>
<value>@{expected_keysTwo}</value>
<status status="PASS" start="2024-05-23T11:14:03.694074" elapsed="0.004344"/>
</for>
<status status="PASS" start="2024-05-23T11:14:03.586692" elapsed="0.111876"/>
</kw>
<doc>Testa a estrutura da resposta da API.</doc>
<tag>testeEstruturaResposta</tag>
<status status="PASS" start="2024-05-23T11:14:03.586079" elapsed="0.112660"/>
</test>
<test id="s1-s1-t4" name="Validar tipos de dados" line="28">
<kw name="Teste de Tipos de Dados" owner="random-user-service">
<kw name="GET On Session" owner="RequestsLibrary">
<msg time="2024-05-23T11:14:03.792559" level="INFO">GET Request : url=https://randomuser.me/api 
 path_url=/api 
 headers={'User-Agent': 'python-requests/2.32.2', 'Accept-Encoding': 'gzip, deflate', 'Accept': '*/*', 'Connection': 'keep-alive'} 
 body=None 
 </msg>
<msg time="2024-05-23T11:14:03.792671" level="INFO">GET Response : url=https://randomuser.me/api 
 status=200, reason=OK 
 headers={'Date': 'Thu, 23 May 2024 11:14:03 GMT', 'Content-Type': 'application/json; charset=utf-8', 'Transfer-Encoding': 'chunked', 'Connection': 'keep-alive', 'X-Powered-By': 'Express', 'Access-Control-Allow-Origin': '*', 'Cache-Control': 'no-cache', 'ETag': 'W/"48c-vQwEQtsX4r8BLzXPzO6ndkhp4kI"', 'Vary': 'Accept-Encoding', 'Content-Encoding': 'gzip', 'CF-Cache-Status': 'DYNAMIC', 'Report-To': '{"endpoints":[{"url":"https:\\/\\/a.nel.cloudflare.com\\/report\\/v4?s=KlFt0Ampvu63ONC1E0E4Ye8NaPRonrYVI7rTGf9W8ppCJfC0s6%2Bn84INN3jKmABmutWyOR1PhsTdLX5MFuArqnEoS%2FjWzT40BWcJ%2Byo1XrdRMmIMF86bJYq4Dd%2BLz7Ae"}],"group":"cf-nel","max_age":604800}', 'NEL': '{"success_fraction":0,"report_to":"cf-nel","max_age":604800}', 'Server': 'cloudflare', 'CF-RAY': '88849ec5298ecec1-SJC', 'alt-svc': 'h3=":443"; ma=86400'} 
 body={"results":[{"gender":"female","name":{"title":"Mrs","first":"Pamela","last":"Morrison"},"location":{"street":{"number":9020,"name":"Woodland St"},"city":"Perth","state":"Victoria","country":"Australia","postcode":7595,"coordinates":{"latitude":"-83.9379","longitude":"24.3573"},"timezone":{"offset":"+7:00","description":"Bangkok, Hanoi, Jakarta"}},"email":"pamela.morrison@example.com","login":{"uuid":"ca5defad-e2ae-4282-be5d-ccc962474cb2","username":"ticklishpeacock781","password":"fabian","salt":"lO6kFi86","md5":"36e4ecd64434290b09892ed4e3d2666c","sha1":"e2cc377719148073af8fc5930e8ce8fdac267722","sha256":"a449b3580bf985bb91e1f98380960a2a717b64bd43ca6d0db549339929fcb38d"},"dob":{"date":"1989-05-21T16:06:58.111Z","age":35},"registered":{"date":"2013-11-26T21:12:57.685Z","age":10},"phone":"01-2438-7151","cell":"0425-232-900","id":{"name":"TFN","value":"060929662"},"picture":{"large":"https://randomuser.me/api/portraits/women/41.jpg","medium":"https://randomuser.me/api/portraits/med/women/41.jpg","thumbnail":"https://randomuser.me/api/portraits/thumb/women/41.jpg"},"nat":"AU"}],"info":{"seed":"ce8c78ba50a02097","results":1,"page":1,"version":"1.4"}} 
 </msg>
<msg time="2024-05-23T11:14:03.792745" level="INFO">/opt/hostedtoolcache/Python/3.12.3/x64/lib/python3.12/site-packages/urllib3/connectionpool.py:1103: InsecureRequestWarning: Unverified HTTPS request is being made to host 'randomuser.me'. Adding certificate verification is strongly advised. See: https://urllib3.readthedocs.io/en/latest/advanced-usage.html#tls-warnings
  warnings.warn(</msg>
<msg time="2024-05-23T11:14:03.792896" level="INFO">${response} = &lt;Response [200]&gt;</msg>
<var>${response}</var>
<arg>consultarAPI</arg>
<arg>/api</arg>
<doc>Sends a GET request on a previously created HTTP Session.</doc>
<status status="PASS" start="2024-05-23T11:14:03.701446" elapsed="0.091495"/>
</kw>
<kw name="Set Variable" owner="BuiltIn">
<msg time="2024-05-23T11:14:03.794094" level="INFO">${json_data} = {'results': [{'gender': 'female', 'name': {'title': 'Mrs', 'first': 'Pamela', 'last': 'Morrison'}, 'location': {'street': {'number': 9020, 'name': 'Woodland St'}, 'city': 'Perth', 'state': 'Victoria',...</msg>
<var>${json_data}</var>
<arg>${response.json()}</arg>
<doc>Returns the given values which can then be assigned to a variables.</doc>
<status status="PASS" start="2024-05-23T11:14:03.793504" elapsed="0.000621"/>
</kw>
<kw name="Log" owner="BuiltIn">
<msg time="2024-05-23T11:14:03.794620" level="INFO">{'results': [{'gender': 'female', 'name': {'title': 'Mrs', 'first': 'Pamela', 'last': 'Morrison'}, 'location': {'street': {'number': 9020, 'name': 'Woodland St'}, 'city': 'Perth', 'state': 'Victoria', 'country': 'Australia', 'postcode': 7595, 'coordinates': {'latitude': '-83.9379', 'longitude': '24.3573'}, 'timezone': {'offset': '+7:00', 'description': 'Bangkok, Hanoi, Jakarta'}}, 'email': 'pamela.morrison@example.com', 'login': {'uuid': 'ca5defad-e2ae-4282-be5d-ccc962474cb2', 'username': 'ticklishpeacock781', 'password': 'fabian', 'salt': 'lO6kFi86', 'md5': '36e4ecd64434290b09892ed4e3d2666c', 'sha1': 'e2cc377719148073af8fc5930e8ce8fdac267722', 'sha256': 'a449b3580bf985bb91e1f98380960a2a717b64bd43ca6d0db549339929fcb38d'}, 'dob': {'date': '1989-05-21T16:06:58.111Z', 'age': 35}, 'registered': {'date': '2013-11-26T21:12:57.685Z', 'age': 10}, 'phone': '01-2438-7151', 'cell': '0425-232-900', 'id': {'name': 'TFN', 'value': '060929662'}, 'picture': {'large': 'https://randomuser.me/api/portraits/women/41.jpg', 'medium': 'https://randomuser.me/api/portraits/med/women/41.jpg', 'thumbnail': 'https://randomuser.me/api/portraits/thumb/women/41.jpg'}, 'nat': 'AU'}], 'info': {'seed': 'ce8c78ba50a02097', 'results': 1, 'page': 1, 'version': '1.4'}}</msg>
<arg>${json_data}</arg>
<doc>Logs the given message with the given level.</doc>
<status status="PASS" start="2024-05-23T11:14:03.794454" elapsed="0.000260"/>
</kw>
<kw name="Should Be String" owner="String">
<arg>${json_data['results'][0]['gender']}</arg>
<doc>Fails if the given ``item`` is not a string.</doc>
<status status="PASS" start="2024-05-23T11:14:03.795030" elapsed="0.000378"/>
</kw>
<kw name="Should Match Regexp" owner="BuiltIn">
<arg>${json_data['results'][0]['email']}</arg>
<arg>^[a-zA-Z0-9._%+-]+@[a-zA-Z0-9.-]+\.[a-zA-Z]{2,}$</arg>
<doc>Fails if ``string`` does not match ``pattern`` as a regular expression.</doc>
<status status="PASS" start="2024-05-23T11:14:03.795615" elapsed="0.000696"/>
</kw>
<kw name="Should Match Regexp" owner="BuiltIn">
<arg>${json_data['results'][0]['dob']['date']}</arg>
<arg>\\d{4}-\\d{2}-\\d{2}T\\d{2}:\\d{2}:\\d{2}\\.\\d{3}Z</arg>
<doc>Fails if ``string`` does not match ``pattern`` as a regular expression.</doc>
<status status="PASS" start="2024-05-23T11:14:03.796516" elapsed="0.000493"/>
</kw>
<kw name="Should Match Regexp" owner="BuiltIn">
<arg>${json_data['results'][0]['registered']['date']}</arg>
<arg>\\d{4}-\\d{2}-\\d{2}T\\d{2}:\\d{2}:\\d{2}\\.\\d{3}Z</arg>
<doc>Fails if ``string`` does not match ``pattern`` as a regular expression.</doc>
<status status="PASS" start="2024-05-23T11:14:03.797208" elapsed="0.000372"/>
</kw>
<kw name="Should Match Regexp" owner="BuiltIn">
<arg>${json_data['results'][0]['picture']['large']}</arg>
<arg>^https?://.*\.(?:png|jpe?g|gif|bmp)$</arg>
<doc>Fails if ``string`` does not match ``pattern`` as a regular expression.</doc>
<status status="PASS" start="2024-05-23T11:14:03.797773" elapsed="0.000513"/>
</kw>
<kw name="Should Match Regexp" owner="BuiltIn">
<arg>${json_data['results'][0]['picture']['medium']}</arg>
<arg>^https?://.*\.(?:png|jpe?g|gif|bmp)$</arg>
<doc>Fails if ``string`` does not match ``pattern`` as a regular expression.</doc>
<status status="PASS" start="2024-05-23T11:14:03.798486" elapsed="0.000362"/>
</kw>
<kw name="Should Match Regexp" owner="BuiltIn">
<arg>${json_data['results'][0]['picture']['thumbnail']}</arg>
<arg>^https?://.*\.(?:png|jpe?g|gif|bmp)$</arg>
<doc>Fails if ``string`` does not match ``pattern`` as a regular expression.</doc>
<status status="PASS" start="2024-05-23T11:14:03.799037" elapsed="0.000358"/>
</kw>
<kw name="Log" owner="BuiltIn">
<msg time="2024-05-23T11:14:03.799906" level="INFO">{'large': 'https://randomuser.me/api/portraits/women/41.jpg', 'medium': 'https://randomuser.me/api/portraits/med/women/41.jpg', 'thumbnail': 'https://randomuser.me/api/portraits/thumb/women/41.jpg'}</msg>
<arg>${json_data['results'][0]['picture']}</arg>
<doc>Logs the given message with the given level.</doc>
<status status="PASS" start="2024-05-23T11:14:03.799580" elapsed="0.000369"/>
</kw>
<status status="PASS" start="2024-05-23T11:14:03.701145" elapsed="0.099074"/>
</kw>
<kw name="Teste de Tipos de Dados - Postcode" owner="random-user-service">
<kw name="GET On Session" owner="RequestsLibrary">
<msg time="2024-05-23T11:14:03.931819" level="INFO">GET Request : url=https://randomuser.me/api 
 path_url=/api 
 headers={'User-Agent': 'python-requests/2.32.2', 'Accept-Encoding': 'gzip, deflate', 'Accept': '*/*', 'Connection': 'keep-alive'} 
 body=None 
 </msg>
<msg time="2024-05-23T11:14:03.931926" level="INFO">GET Response : url=https://randomuser.me/api 
 status=200, reason=OK 
 headers={'Date': 'Thu, 23 May 2024 11:14:03 GMT', 'Content-Type': 'application/json; charset=utf-8', 'Transfer-Encoding': 'chunked', 'Connection': 'keep-alive', 'X-Powered-By': 'Express', 'Access-Control-Allow-Origin': '*', 'Cache-Control': 'no-cache', 'ETag': 'W/"486-NcaQoSl1Ywaj0fk5eK/YbiJ6rkc"', 'Vary': 'Accept-Encoding', 'Content-Encoding': 'gzip', 'CF-Cache-Status': 'DYNAMIC', 'Report-To': '{"endpoints":[{"url":"https:\\/\\/a.nel.cloudflare.com\\/report\\/v4?s=zW3EOa5BkjZydyr4D3W917wKohwcEy%2Fb3rr4zFoe2yN%2FYkXFyhdJ3ag2%2Br0uWOD0He82nGWzswprAvu70wLm463SDvN9vfjMJW%2BX9F2h0YOT%2BOaqCBkGslRTBNT9Yixs"}],"group":"cf-nel","max_age":604800}', 'NEL': '{"success_fraction":0,"report_to":"cf-nel","max_age":604800}', 'Server': 'cloudflare', 'CF-RAY': '88849ec5c9decec1-SJC', 'alt-svc': 'h3=":443"; ma=86400'} 
 body={"results":[{"gender":"male","name":{"title":"Mr","first":"Mustafa","last":"Erçetin"},"location":{"street":{"number":7266,"name":"Bağdat Cd"},"city":"Afyonkarahisar","state":"Konya","country":"Turkey","postcode":46862,"coordinates":{"latitude":"71.7852","longitude":"-83.5973"},"timezone":{"offset":"-3:00","description":"Brazil, Buenos Aires, Georgetown"}},"email":"mustafa.ercetin@example.com","login":{"uuid":"a65bd086-1415-4f80-ae8d-151ad069d90f","username":"orangeswan162","password":"swedish","salt":"fqfv0Gai","md5":"8f320113a227cb99cfdb814ea2ada946","sha1":"2424615f80d753713868b2672dc2c3b330622c24","sha256":"c18849bc7db0e8c6d8faa6089d6c0a1938cb4ecc53fcc6f19f6be9678abc06ca"},"dob":{"date":"1965-03-26T08:29:39.588Z","age":59},"registered":{"date":"2004-04-28T14:03:03.325Z","age":20},"phone":"(803)-586-0930","cell":"(229)-385-5956","id":{"name":"","value":null},"picture":{"large":"https://randomuser.me/api/portraits/men/67.jpg","medium":"https://randomuser.me/api/portraits/med/men/67.jpg","thumbnail":"https://randomuser.me/api/portraits/thumb/men/67.jpg"},"nat":"TR"}],"info":{"seed":"f4b35dcb3d6cacf9","results":1,"page":1,"version":"1.4"}} 
 </msg>
<msg time="2024-05-23T11:14:03.932004" level="INFO">/opt/hostedtoolcache/Python/3.12.3/x64/lib/python3.12/site-packages/urllib3/connectionpool.py:1103: InsecureRequestWarning: Unverified HTTPS request is being made to host 'randomuser.me'. Adding certificate verification is strongly advised. See: https://urllib3.readthedocs.io/en/latest/advanced-usage.html#tls-warnings
  warnings.warn(</msg>
<msg time="2024-05-23T11:14:03.932152" level="INFO">${response} = &lt;Response [200]&gt;</msg>
<var>${response}</var>
<arg>consultarAPI</arg>
<arg>/api</arg>
<doc>Sends a GET request on a previously created HTTP Session.</doc>
<status status="PASS" start="2024-05-23T11:14:03.800687" elapsed="0.131506"/>
</kw>
<kw name="Set Variable" owner="BuiltIn">
<msg time="2024-05-23T11:14:03.933307" level="INFO">${json_data} = {'results': [{'gender': 'male', 'name': {'title': 'Mr', 'first': 'Mustafa', 'last': 'Erçetin'}, 'location': {'street': {'number': 7266, 'name': 'Bağdat Cd'}, 'city': 'Afyonkarahisar', 'state': 'Konya'...</msg>
<var>${json_data}</var>
<arg>${response.json()}</arg>
<doc>Returns the given values which can then be assigned to a variables.</doc>
<status status="PASS" start="2024-05-23T11:14:03.932749" elapsed="0.000589"/>
</kw>
<kw name="Log" owner="BuiltIn">
<msg time="2024-05-23T11:14:03.933839" level="INFO">{'results': [{'gender': 'male', 'name': {'title': 'Mr', 'first': 'Mustafa', 'last': 'Erçetin'}, 'location': {'street': {'number': 7266, 'name': 'Bağdat Cd'}, 'city': 'Afyonkarahisar', 'state': 'Konya', 'country': 'Turkey', 'postcode': 46862, 'coordinates': {'latitude': '71.7852', 'longitude': '-83.5973'}, 'timezone': {'offset': '-3:00', 'description': 'Brazil, Buenos Aires, Georgetown'}}, 'email': 'mustafa.ercetin@example.com', 'login': {'uuid': 'a65bd086-1415-4f80-ae8d-151ad069d90f', 'username': 'orangeswan162', 'password': 'swedish', 'salt': 'fqfv0Gai', 'md5': '8f320113a227cb99cfdb814ea2ada946', 'sha1': '2424615f80d753713868b2672dc2c3b330622c24', 'sha256': 'c18849bc7db0e8c6d8faa6089d6c0a1938cb4ecc53fcc6f19f6be9678abc06ca'}, 'dob': {'date': '1965-03-26T08:29:39.588Z', 'age': 59}, 'registered': {'date': '2004-04-28T14:03:03.325Z', 'age': 20}, 'phone': '(803)-586-0930', 'cell': '(229)-385-5956', 'id': {'name': '', 'value': None}, 'picture': {'large': 'https://randomuser.me/api/portraits/men/67.jpg', 'medium': 'https://randomuser.me/api/portraits/med/men/67.jpg', 'thumbnail': 'https://randomuser.me/api/portraits/thumb/men/67.jpg'}, 'nat': 'TR'}], 'info': {'seed': 'f4b35dcb3d6cacf9', 'results': 1, 'page': 1, 'version': '1.4'}}</msg>
<arg>${json_data}</arg>
<doc>Logs the given message with the given level.</doc>
<status status="PASS" start="2024-05-23T11:14:03.933668" elapsed="0.000296"/>
</kw>
<kw name="Should Be Equal As Numbers" owner="BuiltIn">
<arg>${json_data['results'][0]['location']['postcode']}</arg>
<arg>${json_data['results'][0]['location']['postcode']}</arg>
<doc>Fails if objects are unequal after converting them to real numbers.</doc>
<status status="PASS" start="2024-05-23T11:14:03.934282" elapsed="0.000644"/>
</kw>
<kw name="Log" owner="BuiltIn">
<msg time="2024-05-23T11:14:03.935485" level="INFO">46862</msg>
<arg>${json_data['results'][0]['location']['postcode']}</arg>
<doc>Logs the given message with the given level.</doc>
<status status="PASS" start="2024-05-23T11:14:03.935125" elapsed="0.000404"/>
</kw>
<status status="PASS" start="2024-05-23T11:14:03.800454" elapsed="0.135394"/>
</kw>
<doc>Testa se os tipos de dados na resposta da API estão corretos.</doc>
<tag>testeTiposDados</tag>
<status status="PASS" start="2024-05-23T11:14:03.700511" elapsed="0.235544"/>
</test>
<test id="s1-s1-t5" name="Validar conteudo" line="35">
<kw name="Teste de Tipos de Conteudo" owner="random-user-service">
<kw name="GET On Session" owner="RequestsLibrary">
<msg time="2024-05-23T11:14:04.023995" level="INFO">GET Request : url=https://randomuser.me/api 
 path_url=/api 
 headers={'User-Agent': 'python-requests/2.32.2', 'Accept-Encoding': 'gzip, deflate', 'Accept': '*/*', 'Connection': 'keep-alive'} 
 body=None 
 </msg>
<msg time="2024-05-23T11:14:04.024101" level="INFO">GET Response : url=https://randomuser.me/api 
 status=200, reason=OK 
 headers={'Date': 'Thu, 23 May 2024 11:14:04 GMT', 'Content-Type': 'application/json; charset=utf-8', 'Transfer-Encoding': 'chunked', 'Connection': 'keep-alive', 'X-Powered-By': 'Express', 'Access-Control-Allow-Origin': '*', 'Cache-Control': 'no-cache', 'ETag': 'W/"49f-hZd3oWXL6Bv7dnySB6D1gev12P8"', 'Vary': 'Accept-Encoding', 'Content-Encoding': 'gzip', 'CF-Cache-Status': 'DYNAMIC', 'Report-To': '{"endpoints":[{"url":"https:\\/\\/a.nel.cloudflare.com\\/report\\/v4?s=yV15TqerjOxqxhhT3m3StrkDU9Z9%2Fb52pFvFjzZKAQHGdgiVcEMnVnOh%2BdzQxi1nXURWbp%2Bsr5X2SYY59Pby7A7YtoWnl9Cik8Db3WjZYNC3qiiSsePXBJDNuRYY7Coc"}],"group":"cf-nel","max_age":604800}', 'NEL': '{"success_fraction":0,"report_to":"cf-nel","max_age":604800}', 'Server': 'cloudflare', 'CF-RAY': '88849ec6aa5ecec1-SJC', 'alt-svc': 'h3=":443"; ma=86400'} 
 body={"results":[{"gender":"female","name":{"title":"Mrs","first":"Encarnación","last":"Gutiérrez"},"location":{"street":{"number":7688,"name":"Calle Nebrija"},"city":"Parla","state":"Región de Murcia","country":"Spain","postcode":60497,"coordinates":{"latitude":"-30.1922","longitude":"34.7809"},"timezone":{"offset":"-7:00","description":"Mountain Time (US &amp; Canada)"}},"email":"encarnacion.gutierrez@example.com","login":{"uuid":"5652ceaf-8087-4b6b-88ef-2c36b34c0dd6","username":"yellowdog785","password":"talbot","salt":"bFDRzTdF","md5":"fbd70e3e7b2189d31a4c34a1ccaf1780","sha1":"987f5d74f7c94c24d9da995d9fc6268c9dd2e3c9","sha256":"3a13afee8994c96f963578a28f4dd3603cd25563e964c76b26e2483060841f85"},"dob":{"date":"1957-12-13T18:46:58.989Z","age":66},"registered":{"date":"2010-09-13T18:43:24.951Z","age":13},"phone":"922-808-847","cell":"699-928-659","id":{"name":"DNI","value":"05253301-S"},"picture":{"large":"https://randomuser.me/api/portraits/women/71.jpg","medium":"https://randomuser.me/api/portraits/med/women/71.jpg","thumbnail":"https://randomuser.me/api/portraits/thumb/women/71.jpg"},"nat":"ES"}],"info":{"seed":"b7cdad3ea0c6c205","results":1,"page":1,"version":"1.4"}} 
 </msg>
<msg time="2024-05-23T11:14:04.024178" level="INFO">/opt/hostedtoolcache/Python/3.12.3/x64/lib/python3.12/site-packages/urllib3/connectionpool.py:1103: InsecureRequestWarning: Unverified HTTPS request is being made to host 'randomuser.me'. Adding certificate verification is strongly advised. See: https://urllib3.readthedocs.io/en/latest/advanced-usage.html#tls-warnings
  warnings.warn(</msg>
<msg time="2024-05-23T11:14:04.024315" level="INFO">${response} = &lt;Response [200]&gt;</msg>
<var>${response}</var>
<arg>consultarAPI</arg>
<arg>/api</arg>
<doc>Sends a GET request on a previously created HTTP Session.</doc>
<status status="PASS" start="2024-05-23T11:14:03.938776" elapsed="0.085580"/>
</kw>
<kw name="Set Variable" owner="BuiltIn">
<msg time="2024-05-23T11:14:04.025412" level="INFO">${json_data} = {'results': [{'gender': 'female', 'name': {'title': 'Mrs', 'first': 'Encarnación', 'last': 'Gutiérrez'}, 'location': {'street': {'number': 7688, 'name': 'Calle Nebrija'}, 'city': 'Parla', 'state': 'Re...</msg>
<var>${json_data}</var>
<arg>${response.json()}</arg>
<doc>Returns the given values which can then be assigned to a variables.</doc>
<status status="PASS" start="2024-05-23T11:14:04.024872" elapsed="0.000572"/>
</kw>
<kw name="Set Variable" owner="BuiltIn">
<msg time="2024-05-23T11:14:04.026173" level="INFO">${name_title} = Mrs</msg>
<var>${name_title}</var>
<arg>${json_data["results"][0]["name"]["title"]}</arg>
<doc>Returns the given values which can then be assigned to a variables.</doc>
<status status="PASS" start="2024-05-23T11:14:04.025757" elapsed="0.000443"/>
</kw>
<kw name="Create List" owner="BuiltIn">
<msg time="2024-05-23T11:14:04.026658" level="INFO">${allowed_titles} = ['Mr', 'Ms', 'Miss', 'Mrs', 'Madame', 'Monsieur']</msg>
<var>${allowed_titles}</var>
<arg>Mr</arg>
<arg>Ms</arg>
<arg>Miss</arg>
<arg>Mrs</arg>
<arg>Madame</arg>
<arg>Monsieur</arg>
<doc>Returns a list containing given items.</doc>
<status status="PASS" start="2024-05-23T11:14:04.026505" elapsed="0.000177"/>
</kw>
<kw name="List Should Contain Value" owner="Collections">
<msg time="2024-05-23T11:14:04.027174" level="INFO">False</msg>
<arg>${allowed_titles}</arg>
<arg>${name_title}</arg>
<doc>Fails if the ``value`` is not found from ``list``.</doc>
<status status="PASS" start="2024-05-23T11:14:04.026993" elapsed="0.000219"/>
</kw>
<kw name="Set Variable" owner="BuiltIn">
<msg time="2024-05-23T11:14:04.028100" level="INFO">${name_country} = ES</msg>
<var>${name_country}</var>
<arg>${json_data["results"][0]["nat"]}</arg>
<doc>Returns the given values which can then be assigned to a variables.</doc>
<status status="PASS" start="2024-05-23T11:14:04.027511" elapsed="0.000614"/>
</kw>
<kw name="Create List" owner="BuiltIn">
<msg time="2024-05-23T11:14:04.029051" level="INFO">${list_country} = ['AD', 'AE', 'AF', 'AG', 'AI', 'AL', 'AM', 'AO', 'AQ', 'AR', 'AS', 'AT', 'AU', 'AW', 'AX', 'AZ', 'BA', 'BB', 'BD', 'BE', 'BF', 'BG', 'BH', 'BI', 'BJ', 'BL', 'BM', 'BN', 'BO', 'BQ', 'BR', 'BS', 'BT', '...</msg>
<var>${list_country}</var>
<arg>AD</arg>
<arg>AE</arg>
<arg>AF</arg>
<arg>AG</arg>
<arg>AI</arg>
<arg>AL</arg>
<arg>AM</arg>
<arg>AO</arg>
<arg>AQ</arg>
<arg>AR</arg>
<arg>AS</arg>
<arg>AT</arg>
<arg>AU</arg>
<arg>AW</arg>
<arg>AX</arg>
<arg>AZ</arg>
<arg>BA</arg>
<arg>BB</arg>
<arg>BD</arg>
<arg>BE</arg>
<arg>BF</arg>
<arg>BG</arg>
<arg>BH</arg>
<arg>BI</arg>
<arg>BJ</arg>
<arg>BL</arg>
<arg>BM</arg>
<arg>BN</arg>
<arg>BO</arg>
<arg>BQ</arg>
<arg>BR</arg>
<arg>BS</arg>
<arg>BT</arg>
<arg>BV</arg>
<arg>BW</arg>
<arg>BY</arg>
<arg>BZ</arg>
<arg>CA</arg>
<arg>CC</arg>
<arg>CD</arg>
<arg>CF</arg>
<arg>CG</arg>
<arg>CH</arg>
<arg>CI</arg>
<arg>CK</arg>
<arg>CL</arg>
<arg>CM</arg>
<arg>CN</arg>
<arg>CO</arg>
<arg>CR</arg>
<arg>CU</arg>
<arg>CV</arg>
<arg>CW</arg>
<arg>CX</arg>
<arg>CY</arg>
<arg>CZ</arg>
<arg>DE</arg>
<arg>DJ</arg>
<arg>DK</arg>
<arg>DM</arg>
<arg>DO</arg>
<arg>DZ</arg>
<arg>EC</arg>
<arg>EE</arg>
<arg>EG</arg>
<arg>EH</arg>
<arg>ER</arg>
<arg>ES</arg>
<arg>ET</arg>
<arg>FI</arg>
<arg>FJ</arg>
<arg>FK</arg>
<arg>FM</arg>
<arg>FO</arg>
<arg>FR</arg>
<arg>GA</arg>
<arg>GB</arg>
<arg>GD</arg>
<arg>GE</arg>
<arg>GF</arg>
<arg>GG</arg>
<arg>GH</arg>
<arg>GI</arg>
<arg>GL</arg>
<arg>GM</arg>
<arg>GN</arg>
<arg>GP</arg>
<arg>GQ</arg>
<arg>GR</arg>
<arg>GS</arg>
<arg>GT</arg>
<arg>GU</arg>
<arg>GW</arg>
<arg>GY</arg>
<arg>HK</arg>
<arg>HM</arg>
<arg>HN</arg>
<arg>HR</arg>
<arg>HT</arg>
<arg>HU</arg>
<arg>ID</arg>
<arg>IE</arg>
<arg>IL</arg>
<arg>IM</arg>
<arg>IN</arg>
<arg>IO</arg>
<arg>IQ</arg>
<arg>IR</arg>
<arg>IS</arg>
<arg>IT</arg>
<arg>JE</arg>
<arg>JM</arg>
<arg>JO</arg>
<arg>JP</arg>
<arg>KE</arg>
<arg>KG</arg>
<arg>KH</arg>
<arg>KI</arg>
<arg>KM</arg>
<arg>KN</arg>
<arg>KP</arg>
<arg>KR</arg>
<arg>KW</arg>
<arg>KY</arg>
<arg>KZ</arg>
<arg>LA</arg>
<arg>LB</arg>
<arg>LC</arg>
<arg>LI</arg>
<arg>LK</arg>
<arg>LR</arg>
<arg>LS</arg>
<arg>LT</arg>
<arg>LU</arg>
<arg>LV</arg>
<arg>LY</arg>
<arg>MA</arg>
<arg>MC</arg>
<arg>MD</arg>
<arg>ME</arg>
<arg>MF</arg>
<arg>MG</arg>
<arg>MH</arg>
<arg>MK</arg>
<arg>ML</arg>
<arg>MM</arg>
<arg>MN</arg>
<arg>MO</arg>
<arg>MP</arg>
<arg>MQ</arg>
<arg>MR</arg>
<arg>MS</arg>
<arg>MT</arg>
<arg>MU</arg>
<arg>MV</arg>
<arg>MW</arg>
<arg>MX</arg>
<arg>MY</arg>
<arg>MZ</arg>
<arg>NA</arg>
<arg>NC</arg>
<arg>NE</arg>
<arg>NF</arg>
<arg>NG</arg>
<arg>NI</arg>
<arg>NL</arg>
<arg>NO</arg>
<arg>NP</arg>
<arg>NR</arg>
<arg>NU</arg>
<arg>NZ</arg>
<arg>OM</arg>
<arg>PA</arg>
<arg>PE</arg>
<arg>PF</arg>
<arg>PG</arg>
<arg>PH</arg>
<arg>PK</arg>
<arg>PL</arg>
<arg>PM</arg>
<arg>PN</arg>
<arg>PR</arg>
<arg>PS</arg>
<arg>PT</arg>
<arg>PW</arg>
<arg>PY</arg>
<arg>QA</arg>
<arg>RE</arg>
<arg>RO</arg>
<arg>RS</arg>
<arg>RU</arg>
<arg>RW</arg>
<arg>SA</arg>
<arg>SB</arg>
<arg>SC</arg>
<arg>SD</arg>
<arg>SE</arg>
<arg>SG</arg>
<arg>SH</arg>
<arg>SI</arg>
<arg>SJ</arg>
<arg>SK</arg>
<arg>SL</arg>
<arg>SM</arg>
<arg>SN</arg>
<arg>SO</arg>
<arg>SR</arg>
<arg>SS</arg>
<arg>ST</arg>
<arg>SV</arg>
<arg>SX</arg>
<arg>SY</arg>
<arg>SZ</arg>
<arg>TC</arg>
<arg>TD</arg>
<arg>TF</arg>
<arg>TG</arg>
<arg>TH</arg>
<arg>TJ</arg>
<arg>TK</arg>
<arg>TL</arg>
<arg>TM</arg>
<arg>TN</arg>
<arg>TO</arg>
<arg>TR</arg>
<arg>TT</arg>
<arg>TV</arg>
<arg>TW</arg>
<arg>TZ</arg>
<arg>UA</arg>
<arg>UG</arg>
<arg>UM</arg>
<arg>US</arg>
<arg>UY</arg>
<arg>UZ</arg>
<arg>VA</arg>
<arg>VC</arg>
<arg>VE</arg>
<arg>VG</arg>
<arg>VI</arg>
<arg>VN</arg>
<arg>VU</arg>
<arg>WF</arg>
<arg>WS</arg>
<arg>XK</arg>
<arg>YE</arg>
<arg>YT</arg>
<arg>ZA</arg>
<arg>ZM</arg>
<arg>ZW</arg>
<doc>Returns a list containing given items.</doc>
<status status="PASS" start="2024-05-23T11:14:04.028446" elapsed="0.000631"/>
</kw>
<kw name="List Should Contain Value" owner="Collections">
<msg time="2024-05-23T11:14:04.030106" level="INFO">False</msg>
<arg>${list_country}</arg>
<arg>${name_country}</arg>
<doc>Fails if the ``value`` is not found from ``list``.</doc>
<status status="PASS" start="2024-05-23T11:14:04.029867" elapsed="0.000276"/>
</kw>
<kw name="Run Keyword If" owner="BuiltIn">
<kw name="Should Be True" owner="BuiltIn">
<arg>${True}</arg>
<doc>Fails if the given condition is not true.</doc>
<status status="PASS" start="2024-05-23T11:14:04.031229" elapsed="0.000147"/>
</kw>
<arg>${json_data["results"][0]["location"]["coordinates"]["latitude"]} &gt;= -90 and ${json_data["results"][0]["location"]["coordinates"]["latitude"]} &lt;= 90</arg>
<arg>Should Be True</arg>
<arg>${True}</arg>
<doc>Runs the given keyword with the given arguments, if ``condition`` is true.</doc>
<status status="PASS" start="2024-05-23T11:14:04.030461" elapsed="0.001043"/>
</kw>
<kw name="Run Keyword If" owner="BuiltIn">
<kw name="Should Be True" owner="BuiltIn">
<arg>${True}</arg>
<doc>Fails if the given condition is not true.</doc>
<status status="PASS" start="2024-05-23T11:14:04.032386" elapsed="0.000140"/>
</kw>
<arg>${json_data["results"][0]["location"]["coordinates"]["longitude"]} &gt;= -180 and ${json_data["results"][0]["location"]["coordinates"]["longitude"]} &lt;= 180</arg>
<arg>Should Be True</arg>
<arg>${True}</arg>
<doc>Runs the given keyword with the given arguments, if ``condition`` is true.</doc>
<status status="PASS" start="2024-05-23T11:14:04.031692" elapsed="0.000961"/>
</kw>
<status status="PASS" start="2024-05-23T11:14:03.938538" elapsed="0.094250"/>
</kw>
<doc>Testa o conteúdo específico dos campos retornados pela API.</doc>
<tag>testeConteudo</tag>
<status status="PASS" start="2024-05-23T11:14:03.937980" elapsed="0.094970"/>
</test>
<status status="PASS" start="2024-05-23T11:14:03.109154" elapsed="0.925874"/>
</suite>
<status status="PASS" start="2024-05-23T11:14:03.094774" elapsed="0.945764"/>
</suite>
<statistics>
<total>
<stat pass="5" fail="0" skip="0">All Tests</stat>
</total>
<tag>
<stat pass="1" fail="0" skip="0">testeConteudo</stat>
<stat pass="1" fail="0" skip="0">testeEstruturaResposta</stat>
<stat pass="1" fail="0" skip="0">testeRequisicaoBasica</stat>
<stat pass="1" fail="0" skip="0">testeTiposDados</stat>
</tag>
<suite>
<stat pass="5" fail="0" skip="0" id="s1" name="Tests">Tests</stat>
<stat pass="5" fail="0" skip="0" id="s1-s1" name="Random-User-Test">Tests.Random-User-Test</stat>
</suite>
</statistics>
<errors>
</errors>
</robot>
