<?xml version="1.0" encoding="UTF-8"?>
<robot generator="Robot 7.0 (Python 3.12.2 on linux)" generated="2024-04-11T14:13:15.189830" rpa="false" schemaversion="5">
<suite id="s1" name="Tests" source="/home/runner/work/DesafioQAItauRogerioJordao/DesafioQAItauRogerioJordao/RamdonUser/tests">
<suite id="s1-s1" name="Random-User-Test" source="/home/runner/work/DesafioQAItauRogerioJordao/DesafioQAItauRogerioJordao/RamdonUser/tests/random-user-test.robot">
<test id="s1-s1-t1" name="Conectar" line="13">
<kw name="Conectar API" owner="random-user-service">
<kw name="Create Session" owner="RequestsLibrary">
<msg time="2024-04-11T14:13:15.554010" level="INFO">Creating Session using : alias=consultarAPI, url=https://randomuser.me/, headers={},                     cookies={}, auth=None, timeout=None, proxies=None, verify=False,                     debug=0 </msg>
<arg>consultarAPI</arg>
<arg>${URL}</arg>
<doc>Create Session: create a HTTP session to a server</doc>
<status status="PASS" start="2024-04-11T14:13:15.553782" elapsed="0.000427"/>
</kw>
<status status="PASS" start="2024-04-11T14:13:15.552630" elapsed="0.001972"/>
</kw>
<status status="PASS" start="2024-04-11T14:13:15.551961" elapsed="0.002888"/>
</test>
<test id="s1-s1-t2" name="Validar retorno 200 e JSON Válido" line="16">
<kw name="Teste de Requisicao Basica" owner="random-user-service">
<kw name="GET On Session" owner="RequestsLibrary">
<msg time="2024-04-11T14:13:15.671597" level="INFO">GET Request : url=https://randomuser.me/api 
 path_url=/api 
 headers={'User-Agent': 'python-requests/2.31.0', 'Accept-Encoding': 'gzip, deflate', 'Accept': '*/*', 'Connection': 'keep-alive'} 
 body=None 
 </msg>
<msg time="2024-04-11T14:13:15.671774" level="INFO">GET Response : url=https://randomuser.me/api 
 status=200, reason=OK 
 headers={'Date': 'Thu, 11 Apr 2024 14:13:15 GMT', 'Content-Type': 'application/json; charset=utf-8', 'Transfer-Encoding': 'chunked', 'Connection': 'keep-alive', 'X-Powered-By': 'Express', 'Access-Control-Allow-Origin': '*', 'Cache-Control': 'no-cache', 'ETag': 'W/"486-PCRaD69kQ7NW23VOk3ud9c6ZShM"', 'Vary': 'Accept-Encoding', 'Content-Encoding': 'gzip', 'CF-Cache-Status': 'DYNAMIC', 'Report-To': '{"endpoints":[{"url":"https:\\/\\/a.nel.cloudflare.com\\/report\\/v4?s=FQmn7sFAn7KE9pKmeoZigC%2BiO4BVeDcexuin2mA9rwfqk13G8%2FX%2F1Uji%2BkJUK4vpxyUGq3OObrSo36RaGg2RNSDYeNGvewRpQNTXjwXcxHekgWRaj5Co%2Fo8HdvEJIy%2FL"}],"group":"cf-nel","max_age":604800}', 'NEL': '{"success_fraction":0,"report_to":"cf-nel","max_age":604800}', 'Server': 'cloudflare', 'CF-RAY': '872b93846c3c15df-SJC', 'alt-svc': 'h3=":443"; ma=86400'} 
 body={"results":[{"gender":"female","name":{"title":"Ms","first":"Nina","last":"Lončarević"},"location":{"street":{"number":9304,"name":"Braće Jelića"},"city":"Bor","state":"Nišava","country":"Serbia","postcode":20764,"coordinates":{"latitude":"60.4845","longitude":"52.6156"},"timezone":{"offset":"-8:00","description":"Pacific Time (US &amp; Canada)"}},"email":"nina.loncarevic@example.com","login":{"uuid":"a5f2e125-1800-46f3-b6cc-da2cc1938ae8","username":"smallswan708","password":"silent","salt":"GddA7mSx","md5":"5b8cf9982dfce27748e72bd76313db6b","sha1":"f433bb908c440e3d5494dbb1d5b577af9ece6d1c","sha256":"9b1df654fa241f190431a50367dd0cc519a422eec94755d2638938dba54c6c4c"},"dob":{"date":"1953-04-16T20:39:14.352Z","age":70},"registered":{"date":"2018-01-19T21:34:51.422Z","age":6},"phone":"015-1568-537","cell":"068-2099-637","id":{"name":"SID","value":"716694739"},"picture":{"large":"https://randomuser.me/api/portraits/women/72.jpg","medium":"https://randomuser.me/api/portraits/med/women/72.jpg","thumbnail":"https://randomuser.me/api/portraits/thumb/women/72.jpg"},"nat":"RS"}],"info":{"seed":"650747c18adfdba4","results":1,"page":1,"version":"1.4"}} 
 </msg>
<msg time="2024-04-11T14:13:15.671878" level="INFO">/opt/hostedtoolcache/Python/3.12.2/x64/lib/python3.12/site-packages/urllib3/connectionpool.py:1103: InsecureRequestWarning: Unverified HTTPS request is being made to host 'randomuser.me'. Adding certificate verification is strongly advised. See: https://urllib3.readthedocs.io/en/latest/advanced-usage.html#tls-warnings
  warnings.warn(</msg>
<msg time="2024-04-11T14:13:15.672038" level="INFO">${response} = &lt;Response [200]&gt;</msg>
<var>${response}</var>
<arg>consultarAPI</arg>
<arg>/api</arg>
<doc>Sends a GET request on a previously created HTTP Session.</doc>
<status status="PASS" start="2024-04-11T14:13:15.557672" elapsed="0.114429"/>
</kw>
<kw name="Should Be Equal As Numbers" owner="BuiltIn">
<msg time="2024-04-11T14:13:15.673293" level="INFO">Argument types are:
&lt;class 'int'&gt;
&lt;class 'str'&gt;</msg>
<arg>${response.status_code}</arg>
<arg>200</arg>
<doc>Fails if objects are unequal after converting them to real numbers.</doc>
<status status="PASS" start="2024-04-11T14:13:15.672782" elapsed="0.000616"/>
</kw>
<kw name="Log" owner="BuiltIn">
<msg time="2024-04-11T14:13:15.674153" level="INFO">200</msg>
<arg>${response.status_code}</arg>
<doc>Logs the given message with the given level.</doc>
<status status="PASS" start="2024-04-11T14:13:15.673774" elapsed="0.000425"/>
</kw>
<kw name="Set Variable" owner="BuiltIn">
<msg time="2024-04-11T14:13:15.675004" level="INFO">${json_data} = {'results': [{'gender': 'female', 'name': {'title': 'Ms', 'first': 'Nina', 'last': 'Lončarević'}, 'location': {'street': {'number': 9304, 'name': 'Braće Jelića'}, 'city': 'Bor', 'state': 'Nišava', 'co...</msg>
<var>${json_data}</var>
<arg>${response.json()}</arg>
<doc>Returns the given values which can then be assigned to a variables.</doc>
<status status="PASS" start="2024-04-11T14:13:15.674537" elapsed="0.000498"/>
</kw>
<kw name="Dictionary Should Contain Key" owner="Collections">
<msg time="2024-04-11T14:13:15.675544" level="INFO">False</msg>
<arg>${json_data}</arg>
<arg>results</arg>
<doc>Fails if ``key`` is not found from ``dictionary``.</doc>
<status status="PASS" start="2024-04-11T14:13:15.675352" elapsed="0.000235"/>
</kw>
<status status="PASS" start="2024-04-11T14:13:15.557286" elapsed="0.118572"/>
</kw>
<doc>Testa se a API responde corretamente e retorna um objeto JSON válido.</doc>
<tag>testeRequisicaoBasica</tag>
<status status="PASS" start="2024-04-11T14:13:15.556723" elapsed="0.119333"/>
</test>
<test id="s1-s1-t3" name="Validar estrutura de resposta" line="22">
<kw name="Teste de Estrutura de Resposta" owner="random-user-service">
<kw name="GET On Session" owner="RequestsLibrary">
<msg time="2024-04-11T14:13:15.774271" level="INFO">GET Request : url=https://randomuser.me/api 
 path_url=/api 
 headers={'User-Agent': 'python-requests/2.31.0', 'Accept-Encoding': 'gzip, deflate', 'Accept': '*/*', 'Connection': 'keep-alive'} 
 body=None 
 </msg>
<msg time="2024-04-11T14:13:15.774380" level="INFO">GET Response : url=https://randomuser.me/api 
 status=200, reason=OK 
 headers={'Date': 'Thu, 11 Apr 2024 14:13:15 GMT', 'Content-Type': 'application/json; charset=utf-8', 'Transfer-Encoding': 'chunked', 'Connection': 'keep-alive', 'X-Powered-By': 'Express', 'Access-Control-Allow-Origin': '*', 'Cache-Control': 'no-cache', 'ETag': 'W/"475-f2S4/BTWpvEe71kv0DPoIUGX10c"', 'Vary': 'Accept-Encoding', 'Content-Encoding': 'gzip', 'CF-Cache-Status': 'DYNAMIC', 'Report-To': '{"endpoints":[{"url":"https:\\/\\/a.nel.cloudflare.com\\/report\\/v4?s=Qb%2BNJ0nRYVxXeBJQbGo7vf78EqId7Qno8feiPN%2BVJ%2F9Rq1P5Bn7Ls9UGTNZa04AwFZosv65W9K7RpjE4W7hjPKFjsPXPa6GxPlglUqord94ZHkEuPJq1VJb3j79soV4%2F"}],"group":"cf-nel","max_age":604800}', 'NEL': '{"success_fraction":0,"report_to":"cf-nel","max_age":604800}', 'Server': 'cloudflare', 'CF-RAY': '872b9384fcd515df-SJC', 'alt-svc': 'h3=":443"; ma=86400'} 
 body={"results":[{"gender":"male","name":{"title":"Mr","first":"José","last":"Bravo"},"location":{"street":{"number":7336,"name":"Avenida de Andalucía"},"city":"Valladolid","state":"Islas Baleares","country":"Spain","postcode":46326,"coordinates":{"latitude":"-34.1133","longitude":"-166.0706"},"timezone":{"offset":"-9:00","description":"Alaska"}},"email":"jose.bravo@example.com","login":{"uuid":"911b0fb6-b554-4a73-b955-6510479ca5e1","username":"greengoose452","password":"montana","salt":"QtxrQDm8","md5":"2168185ed4bf2c734c3c52a0706030f2","sha1":"a544324ba07f25bfd92bb5d6c039420549082702","sha256":"b2cf9062404cd085f0e0e4b128953b140c6842a7c688062b3e6f9d21bf0d22db"},"dob":{"date":"1962-08-24T00:06:53.357Z","age":61},"registered":{"date":"2003-07-13T00:29:49.725Z","age":20},"phone":"924-576-380","cell":"698-446-090","id":{"name":"DNI","value":"75791059-Q"},"picture":{"large":"https://randomuser.me/api/portraits/men/2.jpg","medium":"https://randomuser.me/api/portraits/med/men/2.jpg","thumbnail":"https://randomuser.me/api/portraits/thumb/men/2.jpg"},"nat":"ES"}],"info":{"seed":"d27ccfd3fed3126c","results":1,"page":1,"version":"1.4"}} 
 </msg>
<msg time="2024-04-11T14:13:15.774541" level="INFO">/opt/hostedtoolcache/Python/3.12.2/x64/lib/python3.12/site-packages/urllib3/connectionpool.py:1103: InsecureRequestWarning: Unverified HTTPS request is being made to host 'randomuser.me'. Adding certificate verification is strongly advised. See: https://urllib3.readthedocs.io/en/latest/advanced-usage.html#tls-warnings
  warnings.warn(</msg>
<msg time="2024-04-11T14:13:15.774683" level="INFO">${response} = &lt;Response [200]&gt;</msg>
<var>${response}</var>
<arg>consultarAPI</arg>
<arg>/api</arg>
<doc>Sends a GET request on a previously created HTTP Session.</doc>
<status status="PASS" start="2024-04-11T14:13:15.679063" elapsed="0.095674"/>
</kw>
<kw name="Set Variable" owner="BuiltIn">
<msg time="2024-04-11T14:13:15.776022" level="INFO">${json_data} = {'results': [{'gender': 'male', 'name': {'title': 'Mr', 'first': 'José', 'last': 'Bravo'}, 'location': {'street': {'number': 7336, 'name': 'Avenida de Andalucía'}, 'city': 'Valladolid', 'state': 'Isla...</msg>
<var>${json_data}</var>
<arg>${response.json()}</arg>
<doc>Returns the given values which can then be assigned to a variables.</doc>
<status status="PASS" start="2024-04-11T14:13:15.775408" elapsed="0.000645"/>
</kw>
<kw name="Log" owner="BuiltIn">
<msg time="2024-04-11T14:13:15.776612" level="INFO">{'results': [{'gender': 'male', 'name': {'title': 'Mr', 'first': 'José', 'last': 'Bravo'}, 'location': {'street': {'number': 7336, 'name': 'Avenida de Andalucía'}, 'city': 'Valladolid', 'state': 'Islas Baleares', 'country': 'Spain', 'postcode': 46326, 'coordinates': {'latitude': '-34.1133', 'longitude': '-166.0706'}, 'timezone': {'offset': '-9:00', 'description': 'Alaska'}}, 'email': 'jose.bravo@example.com', 'login': {'uuid': '911b0fb6-b554-4a73-b955-6510479ca5e1', 'username': 'greengoose452', 'password': 'montana', 'salt': 'QtxrQDm8', 'md5': '2168185ed4bf2c734c3c52a0706030f2', 'sha1': 'a544324ba07f25bfd92bb5d6c039420549082702', 'sha256': 'b2cf9062404cd085f0e0e4b128953b140c6842a7c688062b3e6f9d21bf0d22db'}, 'dob': {'date': '1962-08-24T00:06:53.357Z', 'age': 61}, 'registered': {'date': '2003-07-13T00:29:49.725Z', 'age': 20}, 'phone': '924-576-380', 'cell': '698-446-090', 'id': {'name': 'DNI', 'value': '75791059-Q'}, 'picture': {'large': 'https://randomuser.me/api/portraits/men/2.jpg', 'medium': 'https://randomuser.me/api/portraits/med/men/2.jpg', 'thumbnail': 'https://randomuser.me/api/portraits/thumb/men/2.jpg'}, 'nat': 'ES'}], 'info': {'seed': 'd27ccfd3fed3126c', 'results': 1, 'page': 1, 'version': '1.4'}}</msg>
<arg>${json_data}</arg>
<doc>Logs the given message with the given level.</doc>
<status status="PASS" start="2024-04-11T14:13:15.776430" elapsed="0.000234"/>
</kw>
<kw name="Dictionary Should Contain Key" owner="Collections">
<msg time="2024-04-11T14:13:15.777157" level="INFO">False</msg>
<arg>${json_data}</arg>
<arg>results</arg>
<doc>Fails if ``key`` is not found from ``dictionary``.</doc>
<status status="PASS" start="2024-04-11T14:13:15.776987" elapsed="0.000210"/>
</kw>
<kw name="Should Not Be Empty" owner="BuiltIn">
<msg time="2024-04-11T14:13:15.777704" level="INFO">Length is 2.</msg>
<arg>${json_data}</arg>
<doc>Verifies that the given item is not empty.</doc>
<status status="PASS" start="2024-04-11T14:13:15.777557" elapsed="0.000188"/>
</kw>
<kw name="Create List" owner="BuiltIn">
<msg time="2024-04-11T14:13:15.778221" level="INFO">${expected_keys} = ['gender', 'name', 'location', 'email', 'login']</msg>
<var>${expected_keys}</var>
<arg>gender</arg>
<arg>name</arg>
<arg>location</arg>
<arg>email</arg>
<arg>login</arg>
<doc>Returns a list containing given items.</doc>
<status status="PASS" start="2024-04-11T14:13:15.778061" elapsed="0.000185"/>
</kw>
<for flavor="IN">
<iter>
<kw name="Dictionary Should Contain Key" owner="Collections">
<msg time="2024-04-11T14:13:15.779288" level="INFO">False</msg>
<arg>${json_data['results'][0]}</arg>
<arg>${key}</arg>
<doc>Fails if ``key`` is not found from ``dictionary``.</doc>
<status status="PASS" start="2024-04-11T14:13:15.778854" elapsed="0.000476"/>
</kw>
<kw name="Log" owner="BuiltIn">
<msg time="2024-04-11T14:13:15.780030" level="INFO">{'gender': 'male', 'name': {'title': 'Mr', 'first': 'José', 'last': 'Bravo'}, 'location': {'street': {'number': 7336, 'name': 'Avenida de Andalucía'}, 'city': 'Valladolid', 'state': 'Islas Baleares', 'country': 'Spain', 'postcode': 46326, 'coordinates': {'latitude': '-34.1133', 'longitude': '-166.0706'}, 'timezone': {'offset': '-9:00', 'description': 'Alaska'}}, 'email': 'jose.bravo@example.com', 'login': {'uuid': '911b0fb6-b554-4a73-b955-6510479ca5e1', 'username': 'greengoose452', 'password': 'montana', 'salt': 'QtxrQDm8', 'md5': '2168185ed4bf2c734c3c52a0706030f2', 'sha1': 'a544324ba07f25bfd92bb5d6c039420549082702', 'sha256': 'b2cf9062404cd085f0e0e4b128953b140c6842a7c688062b3e6f9d21bf0d22db'}, 'dob': {'date': '1962-08-24T00:06:53.357Z', 'age': 61}, 'registered': {'date': '2003-07-13T00:29:49.725Z', 'age': 20}, 'phone': '924-576-380', 'cell': '698-446-090', 'id': {'name': 'DNI', 'value': '75791059-Q'}, 'picture': {'large': 'https://randomuser.me/api/portraits/men/2.jpg', 'medium': 'https://randomuser.me/api/portraits/med/men/2.jpg', 'thumbnail': 'https://randomuser.me/api/portraits/thumb/men/2.jpg'}, 'nat': 'ES'}</msg>
<arg>${json_data['results'][0]}</arg>
<doc>Logs the given message with the given level.</doc>
<status status="PASS" start="2024-04-11T14:13:15.779648" elapsed="0.000434"/>
</kw>
<kw name="Log" owner="BuiltIn">
<msg time="2024-04-11T14:13:15.780538" level="INFO">gender</msg>
<arg>${key}</arg>
<doc>Logs the given message with the given level.</doc>
<status status="PASS" start="2024-04-11T14:13:15.780403" elapsed="0.000174"/>
</kw>
<var name="${key}">gender</var>
<status status="PASS" start="2024-04-11T14:13:15.778720" elapsed="0.002080"/>
</iter>
<iter>
<kw name="Dictionary Should Contain Key" owner="Collections">
<msg time="2024-04-11T14:13:15.781545" level="INFO">False</msg>
<arg>${json_data['results'][0]}</arg>
<arg>${key}</arg>
<doc>Fails if ``key`` is not found from ``dictionary``.</doc>
<status status="PASS" start="2024-04-11T14:13:15.781116" elapsed="0.000469"/>
</kw>
<kw name="Log" owner="BuiltIn">
<msg time="2024-04-11T14:13:15.782315" level="INFO">{'gender': 'male', 'name': {'title': 'Mr', 'first': 'José', 'last': 'Bravo'}, 'location': {'street': {'number': 7336, 'name': 'Avenida de Andalucía'}, 'city': 'Valladolid', 'state': 'Islas Baleares', 'country': 'Spain', 'postcode': 46326, 'coordinates': {'latitude': '-34.1133', 'longitude': '-166.0706'}, 'timezone': {'offset': '-9:00', 'description': 'Alaska'}}, 'email': 'jose.bravo@example.com', 'login': {'uuid': '911b0fb6-b554-4a73-b955-6510479ca5e1', 'username': 'greengoose452', 'password': 'montana', 'salt': 'QtxrQDm8', 'md5': '2168185ed4bf2c734c3c52a0706030f2', 'sha1': 'a544324ba07f25bfd92bb5d6c039420549082702', 'sha256': 'b2cf9062404cd085f0e0e4b128953b140c6842a7c688062b3e6f9d21bf0d22db'}, 'dob': {'date': '1962-08-24T00:06:53.357Z', 'age': 61}, 'registered': {'date': '2003-07-13T00:29:49.725Z', 'age': 20}, 'phone': '924-576-380', 'cell': '698-446-090', 'id': {'name': 'DNI', 'value': '75791059-Q'}, 'picture': {'large': 'https://randomuser.me/api/portraits/men/2.jpg', 'medium': 'https://randomuser.me/api/portraits/med/men/2.jpg', 'thumbnail': 'https://randomuser.me/api/portraits/thumb/men/2.jpg'}, 'nat': 'ES'}</msg>
<arg>${json_data['results'][0]}</arg>
<doc>Logs the given message with the given level.</doc>
<status status="PASS" start="2024-04-11T14:13:15.781935" elapsed="0.000431"/>
</kw>
<kw name="Log" owner="BuiltIn">
<msg time="2024-04-11T14:13:15.782805" level="INFO">name</msg>
<arg>${key}</arg>
<doc>Logs the given message with the given level.</doc>
<status status="PASS" start="2024-04-11T14:13:15.782673" elapsed="0.000173"/>
</kw>
<var name="${key}">name</var>
<status status="PASS" start="2024-04-11T14:13:15.780998" elapsed="0.002070"/>
</iter>
<iter>
<kw name="Dictionary Should Contain Key" owner="Collections">
<msg time="2024-04-11T14:13:15.783765" level="INFO">False</msg>
<arg>${json_data['results'][0]}</arg>
<arg>${key}</arg>
<doc>Fails if ``key`` is not found from ``dictionary``.</doc>
<status status="PASS" start="2024-04-11T14:13:15.783370" elapsed="0.000435"/>
</kw>
<kw name="Log" owner="BuiltIn">
<msg time="2024-04-11T14:13:15.784487" level="INFO">{'gender': 'male', 'name': {'title': 'Mr', 'first': 'José', 'last': 'Bravo'}, 'location': {'street': {'number': 7336, 'name': 'Avenida de Andalucía'}, 'city': 'Valladolid', 'state': 'Islas Baleares', 'country': 'Spain', 'postcode': 46326, 'coordinates': {'latitude': '-34.1133', 'longitude': '-166.0706'}, 'timezone': {'offset': '-9:00', 'description': 'Alaska'}}, 'email': 'jose.bravo@example.com', 'login': {'uuid': '911b0fb6-b554-4a73-b955-6510479ca5e1', 'username': 'greengoose452', 'password': 'montana', 'salt': 'QtxrQDm8', 'md5': '2168185ed4bf2c734c3c52a0706030f2', 'sha1': 'a544324ba07f25bfd92bb5d6c039420549082702', 'sha256': 'b2cf9062404cd085f0e0e4b128953b140c6842a7c688062b3e6f9d21bf0d22db'}, 'dob': {'date': '1962-08-24T00:06:53.357Z', 'age': 61}, 'registered': {'date': '2003-07-13T00:29:49.725Z', 'age': 20}, 'phone': '924-576-380', 'cell': '698-446-090', 'id': {'name': 'DNI', 'value': '75791059-Q'}, 'picture': {'large': 'https://randomuser.me/api/portraits/men/2.jpg', 'medium': 'https://randomuser.me/api/portraits/med/men/2.jpg', 'thumbnail': 'https://randomuser.me/api/portraits/thumb/men/2.jpg'}, 'nat': 'ES'}</msg>
<arg>${json_data['results'][0]}</arg>
<doc>Logs the given message with the given level.</doc>
<status status="PASS" start="2024-04-11T14:13:15.784115" elapsed="0.000428"/>
</kw>
<kw name="Log" owner="BuiltIn">
<msg time="2024-04-11T14:13:15.784974" level="INFO">location</msg>
<arg>${key}</arg>
<doc>Logs the given message with the given level.</doc>
<status status="PASS" start="2024-04-11T14:13:15.784845" elapsed="0.000168"/>
</kw>
<var name="${key}">location</var>
<status status="PASS" start="2024-04-11T14:13:15.783255" elapsed="0.001979"/>
</iter>
<iter>
<kw name="Dictionary Should Contain Key" owner="Collections">
<msg time="2024-04-11T14:13:15.785952" level="INFO">False</msg>
<arg>${json_data['results'][0]}</arg>
<arg>${key}</arg>
<doc>Fails if ``key`` is not found from ``dictionary``.</doc>
<status status="PASS" start="2024-04-11T14:13:15.785566" elapsed="0.000425"/>
</kw>
<kw name="Log" owner="BuiltIn">
<msg time="2024-04-11T14:13:15.786672" level="INFO">{'gender': 'male', 'name': {'title': 'Mr', 'first': 'José', 'last': 'Bravo'}, 'location': {'street': {'number': 7336, 'name': 'Avenida de Andalucía'}, 'city': 'Valladolid', 'state': 'Islas Baleares', 'country': 'Spain', 'postcode': 46326, 'coordinates': {'latitude': '-34.1133', 'longitude': '-166.0706'}, 'timezone': {'offset': '-9:00', 'description': 'Alaska'}}, 'email': 'jose.bravo@example.com', 'login': {'uuid': '911b0fb6-b554-4a73-b955-6510479ca5e1', 'username': 'greengoose452', 'password': 'montana', 'salt': 'QtxrQDm8', 'md5': '2168185ed4bf2c734c3c52a0706030f2', 'sha1': 'a544324ba07f25bfd92bb5d6c039420549082702', 'sha256': 'b2cf9062404cd085f0e0e4b128953b140c6842a7c688062b3e6f9d21bf0d22db'}, 'dob': {'date': '1962-08-24T00:06:53.357Z', 'age': 61}, 'registered': {'date': '2003-07-13T00:29:49.725Z', 'age': 20}, 'phone': '924-576-380', 'cell': '698-446-090', 'id': {'name': 'DNI', 'value': '75791059-Q'}, 'picture': {'large': 'https://randomuser.me/api/portraits/men/2.jpg', 'medium': 'https://randomuser.me/api/portraits/med/men/2.jpg', 'thumbnail': 'https://randomuser.me/api/portraits/thumb/men/2.jpg'}, 'nat': 'ES'}</msg>
<arg>${json_data['results'][0]}</arg>
<doc>Logs the given message with the given level.</doc>
<status status="PASS" start="2024-04-11T14:13:15.786298" elapsed="0.000424"/>
</kw>
<kw name="Log" owner="BuiltIn">
<msg time="2024-04-11T14:13:15.787155" level="INFO">email</msg>
<arg>${key}</arg>
<doc>Logs the given message with the given level.</doc>
<status status="PASS" start="2024-04-11T14:13:15.787025" elapsed="0.000169"/>
</kw>
<var name="${key}">email</var>
<status status="PASS" start="2024-04-11T14:13:15.785446" elapsed="0.001966"/>
</iter>
<iter>
<kw name="Dictionary Should Contain Key" owner="Collections">
<msg time="2024-04-11T14:13:15.788088" level="INFO">False</msg>
<arg>${json_data['results'][0]}</arg>
<arg>${key}</arg>
<doc>Fails if ``key`` is not found from ``dictionary``.</doc>
<status status="PASS" start="2024-04-11T14:13:15.787700" elapsed="0.000426"/>
</kw>
<kw name="Log" owner="BuiltIn">
<msg time="2024-04-11T14:13:15.788791" level="INFO">{'gender': 'male', 'name': {'title': 'Mr', 'first': 'José', 'last': 'Bravo'}, 'location': {'street': {'number': 7336, 'name': 'Avenida de Andalucía'}, 'city': 'Valladolid', 'state': 'Islas Baleares', 'country': 'Spain', 'postcode': 46326, 'coordinates': {'latitude': '-34.1133', 'longitude': '-166.0706'}, 'timezone': {'offset': '-9:00', 'description': 'Alaska'}}, 'email': 'jose.bravo@example.com', 'login': {'uuid': '911b0fb6-b554-4a73-b955-6510479ca5e1', 'username': 'greengoose452', 'password': 'montana', 'salt': 'QtxrQDm8', 'md5': '2168185ed4bf2c734c3c52a0706030f2', 'sha1': 'a544324ba07f25bfd92bb5d6c039420549082702', 'sha256': 'b2cf9062404cd085f0e0e4b128953b140c6842a7c688062b3e6f9d21bf0d22db'}, 'dob': {'date': '1962-08-24T00:06:53.357Z', 'age': 61}, 'registered': {'date': '2003-07-13T00:29:49.725Z', 'age': 20}, 'phone': '924-576-380', 'cell': '698-446-090', 'id': {'name': 'DNI', 'value': '75791059-Q'}, 'picture': {'large': 'https://randomuser.me/api/portraits/men/2.jpg', 'medium': 'https://randomuser.me/api/portraits/med/men/2.jpg', 'thumbnail': 'https://randomuser.me/api/portraits/thumb/men/2.jpg'}, 'nat': 'ES'}</msg>
<arg>${json_data['results'][0]}</arg>
<doc>Logs the given message with the given level.</doc>
<status status="PASS" start="2024-04-11T14:13:15.788424" elapsed="0.000417"/>
</kw>
<kw name="Log" owner="BuiltIn">
<msg time="2024-04-11T14:13:15.789299" level="INFO">login</msg>
<arg>${key}</arg>
<doc>Logs the given message with the given level.</doc>
<status status="PASS" start="2024-04-11T14:13:15.789170" elapsed="0.000168"/>
</kw>
<var name="${key}">login</var>
<status status="PASS" start="2024-04-11T14:13:15.787589" elapsed="0.002005"/>
</iter>
<var>${key}</var>
<value>@{expected_keys}</value>
<status status="PASS" start="2024-04-11T14:13:15.778515" elapsed="0.011204"/>
</for>
<kw name="Create List" owner="BuiltIn">
<msg time="2024-04-11T14:13:15.790097" level="INFO">${expected_keysTwo} = ['username', 'password']</msg>
<var>${expected_keysTwo}</var>
<arg>username</arg>
<arg>password</arg>
<doc>Returns a list containing given items.</doc>
<status status="PASS" start="2024-04-11T14:13:15.789953" elapsed="0.000168"/>
</kw>
<for flavor="IN">
<iter>
<kw name="Dictionary Should Contain Key" owner="Collections">
<msg time="2024-04-11T14:13:15.791148" level="INFO">False</msg>
<arg>${json_data['results'][0]['login']}</arg>
<arg>${keyTwo}</arg>
<doc>Fails if ``key`` is not found from ``dictionary``.</doc>
<status status="PASS" start="2024-04-11T14:13:15.790760" elapsed="0.000427"/>
</kw>
<kw name="Dictionary Should Contain Key" owner="Collections">
<msg time="2024-04-11T14:13:15.791870" level="INFO">False</msg>
<arg>${json_data['results'][0]['login']}</arg>
<arg>${keyTwo}</arg>
<doc>Fails if ``key`` is not found from ``dictionary``.</doc>
<status status="PASS" start="2024-04-11T14:13:15.791485" elapsed="0.000424"/>
</kw>
<kw name="Log" owner="BuiltIn">
<msg time="2024-04-11T14:13:15.792339" level="INFO">username</msg>
<arg>${keyTwo}</arg>
<doc>Logs the given message with the given level.</doc>
<status status="PASS" start="2024-04-11T14:13:15.792209" elapsed="0.000168"/>
</kw>
<var name="${keyTwo}">username</var>
<status status="PASS" start="2024-04-11T14:13:15.790644" elapsed="0.001951"/>
</iter>
<iter>
<kw name="Dictionary Should Contain Key" owner="Collections">
<msg time="2024-04-11T14:13:15.793275" level="INFO">False</msg>
<arg>${json_data['results'][0]['login']}</arg>
<arg>${keyTwo}</arg>
<doc>Fails if ``key`` is not found from ``dictionary``.</doc>
<status status="PASS" start="2024-04-11T14:13:15.792884" elapsed="0.000428"/>
</kw>
<kw name="Dictionary Should Contain Key" owner="Collections">
<msg time="2024-04-11T14:13:15.794034" level="INFO">False</msg>
<arg>${json_data['results'][0]['login']}</arg>
<arg>${keyTwo}</arg>
<doc>Fails if ``key`` is not found from ``dictionary``.</doc>
<status status="PASS" start="2024-04-11T14:13:15.793653" elapsed="0.000418"/>
</kw>
<kw name="Log" owner="BuiltIn">
<msg time="2024-04-11T14:13:15.794494" level="INFO">password</msg>
<arg>${keyTwo}</arg>
<doc>Logs the given message with the given level.</doc>
<status status="PASS" start="2024-04-11T14:13:15.794365" elapsed="0.000168"/>
</kw>
<var name="${keyTwo}">password</var>
<status status="PASS" start="2024-04-11T14:13:15.792772" elapsed="0.001980"/>
</iter>
<var>${keyTwo}</var>
<value>@{expected_keysTwo}</value>
<status status="PASS" start="2024-04-11T14:13:15.790375" elapsed="0.004500"/>
</for>
<status status="PASS" start="2024-04-11T14:13:15.678810" elapsed="0.116211"/>
</kw>
<doc>Testa a estrutura da resposta da API.</doc>
<tag>testeEstruturaResposta</tag>
<status status="PASS" start="2024-04-11T14:13:15.677999" elapsed="0.117191"/>
</test>
<test id="s1-s1-t4" name="Validar tipos de dados" line="28">
<kw name="Teste de Tipos de Dados" owner="random-user-service">
<kw name="GET On Session" owner="RequestsLibrary">
<msg time="2024-04-11T14:13:15.891453" level="INFO">GET Request : url=https://randomuser.me/api 
 path_url=/api 
 headers={'User-Agent': 'python-requests/2.31.0', 'Accept-Encoding': 'gzip, deflate', 'Accept': '*/*', 'Connection': 'keep-alive'} 
 body=None 
 </msg>
<msg time="2024-04-11T14:13:15.891553" level="INFO">GET Response : url=https://randomuser.me/api 
 status=200, reason=OK 
 headers={'Date': 'Thu, 11 Apr 2024 14:13:15 GMT', 'Content-Type': 'application/json; charset=utf-8', 'Transfer-Encoding': 'chunked', 'Connection': 'keep-alive', 'X-Powered-By': 'Express', 'Access-Control-Allow-Origin': '*', 'Cache-Control': 'no-cache', 'ETag': 'W/"494-mshqB+y9TnKr1plbSNxfHkY1EuE"', 'Vary': 'Accept-Encoding', 'Content-Encoding': 'gzip', 'CF-Cache-Status': 'DYNAMIC', 'Report-To': '{"endpoints":[{"url":"https:\\/\\/a.nel.cloudflare.com\\/report\\/v4?s=zgxNE6HVkd5O0mVXc%2FZgWadBoy0iaZd2yR%2B%2BWDyveAE9HMe%2BEI7bi5nm%2FdlvValKtq2WORyNHKKOdE1UeCJCKxG7sZ2lcFBBhBixRKEnufSwuw1gR3nNg%2FTTuyHAGwzq"}],"group":"cf-nel","max_age":604800}', 'NEL': '{"success_fraction":0,"report_to":"cf-nel","max_age":604800}', 'Server': 'cloudflare', 'CF-RAY': '872b9385bd7215df-SJC', 'alt-svc': 'h3=":443"; ma=86400'} 
 body={"results":[{"gender":"female","name":{"title":"Miss","first":"Hailey","last":"Abraham"},"location":{"street":{"number":232,"name":"Elgin St"},"city":"Killarney","state":"Ontario","country":"Canada","postcode":"U7B 9G5","coordinates":{"latitude":"-67.2563","longitude":"147.6701"},"timezone":{"offset":"+4:00","description":"Abu Dhabi, Muscat, Baku, Tbilisi"}},"email":"hailey.abraham@example.com","login":{"uuid":"7019077a-537c-4e0d-9277-8b595bb33a4e","username":"heavyleopard733","password":"jeremy1","salt":"mCV5b3Lj","md5":"d4c5f54245732c64ef4c9b038e2b659e","sha1":"9c2bb3daca20faa5a4af84e817ab65509271bffe","sha256":"3ab0b08de5ada50341cb783c96aec339d1f3deebed870f3fe9e613e2df19645d"},"dob":{"date":"1962-08-30T21:52:21.763Z","age":61},"registered":{"date":"2013-10-01T23:10:46.072Z","age":10},"phone":"S71 F62-9494","cell":"Q76 G44-0919","id":{"name":"SIN","value":"745033290"},"picture":{"large":"https://randomuser.me/api/portraits/women/30.jpg","medium":"https://randomuser.me/api/portraits/med/women/30.jpg","thumbnail":"https://randomuser.me/api/portraits/thumb/women/30.jpg"},"nat":"CA"}],"info":{"seed":"b6b64c12aca5c607","results":1,"page":1,"version":"1.4"}} 
 </msg>
<msg time="2024-04-11T14:13:15.891629" level="INFO">/opt/hostedtoolcache/Python/3.12.2/x64/lib/python3.12/site-packages/urllib3/connectionpool.py:1103: InsecureRequestWarning: Unverified HTTPS request is being made to host 'randomuser.me'. Adding certificate verification is strongly advised. See: https://urllib3.readthedocs.io/en/latest/advanced-usage.html#tls-warnings
  warnings.warn(</msg>
<msg time="2024-04-11T14:13:15.891764" level="INFO">${response} = &lt;Response [200]&gt;</msg>
<var>${response}</var>
<arg>consultarAPI</arg>
<arg>/api</arg>
<doc>Sends a GET request on a previously created HTTP Session.</doc>
<status status="PASS" start="2024-04-11T14:13:15.797831" elapsed="0.093974"/>
</kw>
<kw name="Set Variable" owner="BuiltIn">
<msg time="2024-04-11T14:13:15.893128" level="INFO">${json_data} = {'results': [{'gender': 'female', 'name': {'title': 'Miss', 'first': 'Hailey', 'last': 'Abraham'}, 'location': {'street': {'number': 232, 'name': 'Elgin St'}, 'city': 'Killarney', 'state': 'Ontario', ...</msg>
<var>${json_data}</var>
<arg>${response.json()}</arg>
<doc>Returns the given values which can then be assigned to a variables.</doc>
<status status="PASS" start="2024-04-11T14:13:15.892501" elapsed="0.000660"/>
</kw>
<kw name="Log" owner="BuiltIn">
<msg time="2024-04-11T14:13:15.893773" level="INFO">{'results': [{'gender': 'female', 'name': {'title': 'Miss', 'first': 'Hailey', 'last': 'Abraham'}, 'location': {'street': {'number': 232, 'name': 'Elgin St'}, 'city': 'Killarney', 'state': 'Ontario', 'country': 'Canada', 'postcode': 'U7B 9G5', 'coordinates': {'latitude': '-67.2563', 'longitude': '147.6701'}, 'timezone': {'offset': '+4:00', 'description': 'Abu Dhabi, Muscat, Baku, Tbilisi'}}, 'email': 'hailey.abraham@example.com', 'login': {'uuid': '7019077a-537c-4e0d-9277-8b595bb33a4e', 'username': 'heavyleopard733', 'password': 'jeremy1', 'salt': 'mCV5b3Lj', 'md5': 'd4c5f54245732c64ef4c9b038e2b659e', 'sha1': '9c2bb3daca20faa5a4af84e817ab65509271bffe', 'sha256': '3ab0b08de5ada50341cb783c96aec339d1f3deebed870f3fe9e613e2df19645d'}, 'dob': {'date': '1962-08-30T21:52:21.763Z', 'age': 61}, 'registered': {'date': '2013-10-01T23:10:46.072Z', 'age': 10}, 'phone': 'S71 F62-9494', 'cell': 'Q76 G44-0919', 'id': {'name': 'SIN', 'value': '745033290'}, 'picture': {'large': 'https://randomuser.me/api/portraits/women/30.jpg', 'medium': 'https://randomuser.me/api/portraits/med/women/30.jpg', 'thumbnail': 'https://randomuser.me/api/portraits/thumb/women/30.jpg'}, 'nat': 'CA'}], 'info': {'seed': 'b6b64c12aca5c607', 'results': 1, 'page': 1, 'version': '1.4'}}</msg>
<arg>${json_data}</arg>
<doc>Logs the given message with the given level.</doc>
<status status="PASS" start="2024-04-11T14:13:15.893586" elapsed="0.000238"/>
</kw>
<kw name="Should Be String" owner="String">
<arg>${json_data['results'][0]['gender']}</arg>
<doc>Fails if the given ``item`` is not a string.</doc>
<status status="PASS" start="2024-04-11T14:13:15.894202" elapsed="0.000395"/>
</kw>
<kw name="Should Match Regexp" owner="BuiltIn">
<arg>${json_data['results'][0]['email']}</arg>
<arg>^[a-zA-Z0-9._%+-]+@[a-zA-Z0-9.-]+\.[a-zA-Z]{2,}$</arg>
<doc>Fails if ``string`` does not match ``pattern`` as a regular expression.</doc>
<status status="PASS" start="2024-04-11T14:13:15.894806" elapsed="0.000558"/>
</kw>
<kw name="Should Match Regexp" owner="BuiltIn">
<arg>${json_data['results'][0]['dob']['date']}</arg>
<arg>\\d{4}-\\d{2}-\\d{2}T\\d{2}:\\d{2}:\\d{2}\\.\\d{3}Z</arg>
<doc>Fails if ``string`` does not match ``pattern`` as a regular expression.</doc>
<status status="PASS" start="2024-04-11T14:13:15.895569" elapsed="0.000507"/>
</kw>
<kw name="Should Match Regexp" owner="BuiltIn">
<arg>${json_data['results'][0]['registered']['date']}</arg>
<arg>\\d{4}-\\d{2}-\\d{2}T\\d{2}:\\d{2}:\\d{2}\\.\\d{3}Z</arg>
<doc>Fails if ``string`` does not match ``pattern`` as a regular expression.</doc>
<status status="PASS" start="2024-04-11T14:13:15.896277" elapsed="0.000395"/>
</kw>
<kw name="Should Match Regexp" owner="BuiltIn">
<arg>${json_data['results'][0]['picture']['large']}</arg>
<arg>^https?://.*\.(?:png|jpe?g|gif|bmp)$</arg>
<doc>Fails if ``string`` does not match ``pattern`` as a regular expression.</doc>
<status status="PASS" start="2024-04-11T14:13:15.896871" elapsed="0.000477"/>
</kw>
<kw name="Should Match Regexp" owner="BuiltIn">
<arg>${json_data['results'][0]['picture']['medium']}</arg>
<arg>^https?://.*\.(?:png|jpe?g|gif|bmp)$</arg>
<doc>Fails if ``string`` does not match ``pattern`` as a regular expression.</doc>
<status status="PASS" start="2024-04-11T14:13:15.897584" elapsed="0.000372"/>
</kw>
<kw name="Should Match Regexp" owner="BuiltIn">
<arg>${json_data['results'][0]['picture']['thumbnail']}</arg>
<arg>^https?://.*\.(?:png|jpe?g|gif|bmp)$</arg>
<doc>Fails if ``string`` does not match ``pattern`` as a regular expression.</doc>
<status status="PASS" start="2024-04-11T14:13:15.898145" elapsed="0.000371"/>
</kw>
<kw name="Log" owner="BuiltIn">
<msg time="2024-04-11T14:13:15.899037" level="INFO">{'large': 'https://randomuser.me/api/portraits/women/30.jpg', 'medium': 'https://randomuser.me/api/portraits/med/women/30.jpg', 'thumbnail': 'https://randomuser.me/api/portraits/thumb/women/30.jpg'}</msg>
<arg>${json_data['results'][0]['picture']}</arg>
<doc>Logs the given message with the given level.</doc>
<status status="PASS" start="2024-04-11T14:13:15.898706" elapsed="0.000375"/>
</kw>
<status status="PASS" start="2024-04-11T14:13:15.797585" elapsed="0.101784"/>
</kw>
<kw name="Teste de Tipos de Dados - Postcode" owner="random-user-service">
<kw name="GET On Session" owner="RequestsLibrary">
<msg time="2024-04-11T14:13:16.190207" level="INFO">GET Request : url=https://randomuser.me/api 
 path_url=/api 
 headers={'User-Agent': 'python-requests/2.31.0', 'Accept-Encoding': 'gzip, deflate', 'Accept': '*/*', 'Connection': 'keep-alive'} 
 body=None 
 </msg>
<msg time="2024-04-11T14:13:16.190319" level="INFO">GET Response : url=https://randomuser.me/api 
 status=200, reason=OK 
 headers={'Date': 'Thu, 11 Apr 2024 14:13:16 GMT', 'Content-Type': 'application/json; charset=utf-8', 'Transfer-Encoding': 'chunked', 'Connection': 'keep-alive', 'X-Powered-By': 'Express', 'Access-Control-Allow-Origin': '*', 'Cache-Control': 'no-cache', 'ETag': 'W/"497-/ngDYGDuDQGDVHx3/L3v+/RRrNE"', 'Vary': 'Accept-Encoding', 'Content-Encoding': 'gzip', 'CF-Cache-Status': 'DYNAMIC', 'Report-To': '{"endpoints":[{"url":"https:\\/\\/a.nel.cloudflare.com\\/report\\/v4?s=2KgvqHBgoT3rA0jQrfjATYMYjSX5S5ZzS3UdN%2F4zmq5L%2FvFYRPBjBNnXAfdNSe71Oy%2FNXxRXqgHz9msNhOVhXuwtiVv2v%2FQH5BSa6rCNslYkEWN4mogKSDIEz4QR2yhs"}],"group":"cf-nel","max_age":604800}', 'NEL': '{"success_fraction":0,"report_to":"cf-nel","max_age":604800}', 'Server': 'cloudflare', 'CF-RAY': '872b93866dec15df-SJC', 'alt-svc': 'h3=":443"; ma=86400'} 
 body={"results":[{"gender":"male","name":{"title":"Mr","first":"Claude","last":"Snyder"},"location":{"street":{"number":1662,"name":"Spring St"},"city":"Boulder","state":"Missouri","country":"United States","postcode":27485,"coordinates":{"latitude":"86.1541","longitude":"-3.6353"},"timezone":{"offset":"-4:00","description":"Atlantic Time (Canada), Caracas, La Paz"}},"email":"claude.snyder@example.com","login":{"uuid":"2d42c173-13d1-474b-a7b6-1d02bd0fccbf","username":"silverkoala201","password":"holidays","salt":"gp1fCtR6","md5":"4ad7114fb6c3132e3a3a3500fac6810f","sha1":"5ea855608c38ec262df7eb1eb871178780ad7069","sha256":"c5ce2c47be88cc06928fdf08b18f58aceaa525577d99470975f7d14475176117"},"dob":{"date":"1994-01-31T01:35:43.804Z","age":30},"registered":{"date":"2003-01-05T08:30:07.314Z","age":21},"phone":"(780) 978-6903","cell":"(441) 477-8620","id":{"name":"SSN","value":"303-60-1837"},"picture":{"large":"https://randomuser.me/api/portraits/men/15.jpg","medium":"https://randomuser.me/api/portraits/med/men/15.jpg","thumbnail":"https://randomuser.me/api/portraits/thumb/men/15.jpg"},"nat":"US"}],"info":{"seed":"8f05c78b3ed7b23d","results":1,"page":1,"version":"1.4"}} 
 </msg>
<msg time="2024-04-11T14:13:16.190423" level="INFO">/opt/hostedtoolcache/Python/3.12.2/x64/lib/python3.12/site-packages/urllib3/connectionpool.py:1103: InsecureRequestWarning: Unverified HTTPS request is being made to host 'randomuser.me'. Adding certificate verification is strongly advised. See: https://urllib3.readthedocs.io/en/latest/advanced-usage.html#tls-warnings
  warnings.warn(</msg>
<msg time="2024-04-11T14:13:16.190589" level="INFO">${response} = &lt;Response [200]&gt;</msg>
<var>${response}</var>
<arg>consultarAPI</arg>
<arg>/api</arg>
<doc>Sends a GET request on a previously created HTTP Session.</doc>
<status status="PASS" start="2024-04-11T14:13:15.899865" elapsed="0.290778"/>
</kw>
<kw name="Set Variable" owner="BuiltIn">
<msg time="2024-04-11T14:13:16.191725" level="INFO">${json_data} = {'results': [{'gender': 'male', 'name': {'title': 'Mr', 'first': 'Claude', 'last': 'Snyder'}, 'location': {'street': {'number': 1662, 'name': 'Spring St'}, 'city': 'Boulder', 'state': 'Missouri', 'cou...</msg>
<var>${json_data}</var>
<arg>${response.json()}</arg>
<doc>Returns the given values which can then be assigned to a variables.</doc>
<status status="PASS" start="2024-04-11T14:13:16.191200" elapsed="0.000555"/>
</kw>
<kw name="Log" owner="BuiltIn">
<msg time="2024-04-11T14:13:16.192228" level="INFO">{'results': [{'gender': 'male', 'name': {'title': 'Mr', 'first': 'Claude', 'last': 'Snyder'}, 'location': {'street': {'number': 1662, 'name': 'Spring St'}, 'city': 'Boulder', 'state': 'Missouri', 'country': 'United States', 'postcode': 27485, 'coordinates': {'latitude': '86.1541', 'longitude': '-3.6353'}, 'timezone': {'offset': '-4:00', 'description': 'Atlantic Time (Canada), Caracas, La Paz'}}, 'email': 'claude.snyder@example.com', 'login': {'uuid': '2d42c173-13d1-474b-a7b6-1d02bd0fccbf', 'username': 'silverkoala201', 'password': 'holidays', 'salt': 'gp1fCtR6', 'md5': '4ad7114fb6c3132e3a3a3500fac6810f', 'sha1': '5ea855608c38ec262df7eb1eb871178780ad7069', 'sha256': 'c5ce2c47be88cc06928fdf08b18f58aceaa525577d99470975f7d14475176117'}, 'dob': {'date': '1994-01-31T01:35:43.804Z', 'age': 30}, 'registered': {'date': '2003-01-05T08:30:07.314Z', 'age': 21}, 'phone': '(780) 978-6903', 'cell': '(441) 477-8620', 'id': {'name': 'SSN', 'value': '303-60-1837'}, 'picture': {'large': 'https://randomuser.me/api/portraits/men/15.jpg', 'medium': 'https://randomuser.me/api/portraits/med/men/15.jpg', 'thumbnail': 'https://randomuser.me/api/portraits/thumb/men/15.jpg'}, 'nat': 'US'}], 'info': {'seed': '8f05c78b3ed7b23d', 'results': 1, 'page': 1, 'version': '1.4'}}</msg>
<arg>${json_data}</arg>
<doc>Logs the given message with the given level.</doc>
<status status="PASS" start="2024-04-11T14:13:16.192070" elapsed="0.000206"/>
</kw>
<kw name="Should Be Equal As Numbers" owner="BuiltIn">
<arg>${json_data['results'][0]['location']['postcode']}</arg>
<arg>${json_data['results'][0]['location']['postcode']}</arg>
<doc>Fails if objects are unequal after converting them to real numbers.</doc>
<status status="PASS" start="2024-04-11T14:13:16.192578" elapsed="0.000668"/>
</kw>
<kw name="Log" owner="BuiltIn">
<msg time="2024-04-11T14:13:16.193814" level="INFO">27485</msg>
<arg>${json_data['results'][0]['location']['postcode']}</arg>
<doc>Logs the given message with the given level.</doc>
<status status="PASS" start="2024-04-11T14:13:16.193472" elapsed="0.000384"/>
</kw>
<status status="PASS" start="2024-04-11T14:13:15.899610" elapsed="0.294514"/>
</kw>
<doc>Testa se os tipos de dados na resposta da API estão corretos.</doc>
<tag>testeTiposDados</tag>
<status status="PASS" start="2024-04-11T14:13:15.796973" elapsed="0.397327"/>
</test>
<test id="s1-s1-t5" name="Validar conteudo" line="35">
<kw name="Teste de Tipos de Conteudo" owner="random-user-service">
<kw name="GET On Session" owner="RequestsLibrary">
<msg time="2024-04-11T14:13:16.295184" level="INFO">GET Request : url=https://randomuser.me/api 
 path_url=/api 
 headers={'User-Agent': 'python-requests/2.31.0', 'Accept-Encoding': 'gzip, deflate', 'Accept': '*/*', 'Connection': 'keep-alive'} 
 body=None 
 </msg>
<msg time="2024-04-11T14:13:16.295286" level="INFO">GET Response : url=https://randomuser.me/api 
 status=200, reason=OK 
 headers={'Date': 'Thu, 11 Apr 2024 14:13:16 GMT', 'Content-Type': 'application/json; charset=utf-8', 'Transfer-Encoding': 'chunked', 'Connection': 'keep-alive', 'X-Powered-By': 'Express', 'Access-Control-Allow-Origin': '*', 'Cache-Control': 'no-cache', 'ETag': 'W/"46e-FSB+qI2/vjqDPlVL+rSkPtdwxs0"', 'Vary': 'Accept-Encoding', 'Content-Encoding': 'gzip', 'CF-Cache-Status': 'DYNAMIC', 'Report-To': '{"endpoints":[{"url":"https:\\/\\/a.nel.cloudflare.com\\/report\\/v4?s=5FGWn2OxWHuOfa6Q3MTTUh6cVz1%2BBjGXtLP8cGvRezLsrFBNMCy25kN4fbXxzMvXAJlfQslS5ey542oVux10aOeNGIa%2BsCwBnfeeLBmpdKndb4fGCsfkrLFji2a7Tag%2B"}],"group":"cf-nel","max_age":604800}', 'NEL': '{"success_fraction":0,"report_to":"cf-nel","max_age":604800}', 'Server': 'cloudflare', 'CF-RAY': '872b93883fb415df-SJC', 'alt-svc': 'h3=":443"; ma=86400'} 
 body={"results":[{"gender":"male","name":{"title":"Mr","first":"Grayson","last":"Johnson"},"location":{"street":{"number":1092,"name":"Main Street West"},"city":"Tauranga","state":"Otago","country":"New Zealand","postcode":54068,"coordinates":{"latitude":"47.4520","longitude":"-102.2048"},"timezone":{"offset":"+3:30","description":"Tehran"}},"email":"grayson.johnson@example.com","login":{"uuid":"65918c97-fa26-4777-8ba7-75e95597b2b6","username":"redkoala497","password":"reptile","salt":"9NkAECCH","md5":"ba68c00fcef1a78183a6bc78be474e0a","sha1":"ed62d035e12bc23f028bb7d87ef1ba30ac11ac9a","sha256":"a176a57343d176b621bf049a32897781e87730c05db1c7c75bcc3ef44c36119f"},"dob":{"date":"1964-03-16T05:13:26.344Z","age":60},"registered":{"date":"2020-11-26T06:18:50.623Z","age":3},"phone":"(336)-471-7484","cell":"(637)-087-6995","id":{"name":"","value":null},"picture":{"large":"https://randomuser.me/api/portraits/men/61.jpg","medium":"https://randomuser.me/api/portraits/med/men/61.jpg","thumbnail":"https://randomuser.me/api/portraits/thumb/men/61.jpg"},"nat":"NZ"}],"info":{"seed":"6a5825d02e24c628","results":1,"page":1,"version":"1.4"}} 
 </msg>
<msg time="2024-04-11T14:13:16.295361" level="INFO">/opt/hostedtoolcache/Python/3.12.2/x64/lib/python3.12/site-packages/urllib3/connectionpool.py:1103: InsecureRequestWarning: Unverified HTTPS request is being made to host 'randomuser.me'. Adding certificate verification is strongly advised. See: https://urllib3.readthedocs.io/en/latest/advanced-usage.html#tls-warnings
  warnings.warn(</msg>
<msg time="2024-04-11T14:13:16.295513" level="INFO">${response} = &lt;Response [200]&gt;</msg>
<var>${response}</var>
<arg>consultarAPI</arg>
<arg>/api</arg>
<doc>Sends a GET request on a previously created HTTP Session.</doc>
<status status="PASS" start="2024-04-11T14:13:16.196742" elapsed="0.098818"/>
</kw>
<kw name="Set Variable" owner="BuiltIn">
<msg time="2024-04-11T14:13:16.296727" level="INFO">${json_data} = {'results': [{'gender': 'male', 'name': {'title': 'Mr', 'first': 'Grayson', 'last': 'Johnson'}, 'location': {'street': {'number': 1092, 'name': 'Main Street West'}, 'city': 'Tauranga', 'state': 'Otago...</msg>
<var>${json_data}</var>
<arg>${response.json()}</arg>
<doc>Returns the given values which can then be assigned to a variables.</doc>
<status status="PASS" start="2024-04-11T14:13:16.296165" elapsed="0.000591"/>
</kw>
<kw name="Set Variable" owner="BuiltIn">
<msg time="2024-04-11T14:13:16.297543" level="INFO">${name_title} = Mr</msg>
<var>${name_title}</var>
<arg>${json_data["results"][0]["name"]["title"]}</arg>
<doc>Returns the given values which can then be assigned to a variables.</doc>
<status status="PASS" start="2024-04-11T14:13:16.297095" elapsed="0.000474"/>
</kw>
<kw name="Create List" owner="BuiltIn">
<msg time="2024-04-11T14:13:16.298033" level="INFO">${allowed_titles} = ['Mr', 'Ms', 'Miss', 'Mrs', 'Madame', 'Monsieur']</msg>
<var>${allowed_titles}</var>
<arg>Mr</arg>
<arg>Ms</arg>
<arg>Miss</arg>
<arg>Mrs</arg>
<arg>Madame</arg>
<arg>Monsieur</arg>
<doc>Returns a list containing given items.</doc>
<status status="PASS" start="2024-04-11T14:13:16.297879" elapsed="0.000179"/>
</kw>
<kw name="List Should Contain Value" owner="Collections">
<msg time="2024-04-11T14:13:16.298553" level="INFO">False</msg>
<arg>${allowed_titles}</arg>
<arg>${name_title}</arg>
<doc>Fails if the ``value`` is not found from ``list``.</doc>
<status status="PASS" start="2024-04-11T14:13:16.298372" elapsed="0.000219"/>
</kw>
<kw name="Set Variable" owner="BuiltIn">
<msg time="2024-04-11T14:13:16.299278" level="INFO">${name_country} = NZ</msg>
<var>${name_country}</var>
<arg>${json_data["results"][0]["nat"]}</arg>
<doc>Returns the given values which can then be assigned to a variables.</doc>
<status status="PASS" start="2024-04-11T14:13:16.298891" elapsed="0.000413"/>
</kw>
<kw name="Create List" owner="BuiltIn">
<msg time="2024-04-11T14:13:16.300224" level="INFO">${list_country} = ['AD', 'AE', 'AF', 'AG', 'AI', 'AL', 'AM', 'AO', 'AQ', 'AR', 'AS', 'AT', 'AU', 'AW', 'AX', 'AZ', 'BA', 'BB', 'BD', 'BE', 'BF', 'BG', 'BH', 'BI', 'BJ', 'BL', 'BM', 'BN', 'BO', 'BQ', 'BR', 'BS', 'BT', '...</msg>
<var>${list_country}</var>
<arg>AD</arg>
<arg>AE</arg>
<arg>AF</arg>
<arg>AG</arg>
<arg>AI</arg>
<arg>AL</arg>
<arg>AM</arg>
<arg>AO</arg>
<arg>AQ</arg>
<arg>AR</arg>
<arg>AS</arg>
<arg>AT</arg>
<arg>AU</arg>
<arg>AW</arg>
<arg>AX</arg>
<arg>AZ</arg>
<arg>BA</arg>
<arg>BB</arg>
<arg>BD</arg>
<arg>BE</arg>
<arg>BF</arg>
<arg>BG</arg>
<arg>BH</arg>
<arg>BI</arg>
<arg>BJ</arg>
<arg>BL</arg>
<arg>BM</arg>
<arg>BN</arg>
<arg>BO</arg>
<arg>BQ</arg>
<arg>BR</arg>
<arg>BS</arg>
<arg>BT</arg>
<arg>BV</arg>
<arg>BW</arg>
<arg>BY</arg>
<arg>BZ</arg>
<arg>CA</arg>
<arg>CC</arg>
<arg>CD</arg>
<arg>CF</arg>
<arg>CG</arg>
<arg>CH</arg>
<arg>CI</arg>
<arg>CK</arg>
<arg>CL</arg>
<arg>CM</arg>
<arg>CN</arg>
<arg>CO</arg>
<arg>CR</arg>
<arg>CU</arg>
<arg>CV</arg>
<arg>CW</arg>
<arg>CX</arg>
<arg>CY</arg>
<arg>CZ</arg>
<arg>DE</arg>
<arg>DJ</arg>
<arg>DK</arg>
<arg>DM</arg>
<arg>DO</arg>
<arg>DZ</arg>
<arg>EC</arg>
<arg>EE</arg>
<arg>EG</arg>
<arg>EH</arg>
<arg>ER</arg>
<arg>ES</arg>
<arg>ET</arg>
<arg>FI</arg>
<arg>FJ</arg>
<arg>FK</arg>
<arg>FM</arg>
<arg>FO</arg>
<arg>FR</arg>
<arg>GA</arg>
<arg>GB</arg>
<arg>GD</arg>
<arg>GE</arg>
<arg>GF</arg>
<arg>GG</arg>
<arg>GH</arg>
<arg>GI</arg>
<arg>GL</arg>
<arg>GM</arg>
<arg>GN</arg>
<arg>GP</arg>
<arg>GQ</arg>
<arg>GR</arg>
<arg>GS</arg>
<arg>GT</arg>
<arg>GU</arg>
<arg>GW</arg>
<arg>GY</arg>
<arg>HK</arg>
<arg>HM</arg>
<arg>HN</arg>
<arg>HR</arg>
<arg>HT</arg>
<arg>HU</arg>
<arg>ID</arg>
<arg>IE</arg>
<arg>IL</arg>
<arg>IM</arg>
<arg>IN</arg>
<arg>IO</arg>
<arg>IQ</arg>
<arg>IR</arg>
<arg>IS</arg>
<arg>IT</arg>
<arg>JE</arg>
<arg>JM</arg>
<arg>JO</arg>
<arg>JP</arg>
<arg>KE</arg>
<arg>KG</arg>
<arg>KH</arg>
<arg>KI</arg>
<arg>KM</arg>
<arg>KN</arg>
<arg>KP</arg>
<arg>KR</arg>
<arg>KW</arg>
<arg>KY</arg>
<arg>KZ</arg>
<arg>LA</arg>
<arg>LB</arg>
<arg>LC</arg>
<arg>LI</arg>
<arg>LK</arg>
<arg>LR</arg>
<arg>LS</arg>
<arg>LT</arg>
<arg>LU</arg>
<arg>LV</arg>
<arg>LY</arg>
<arg>MA</arg>
<arg>MC</arg>
<arg>MD</arg>
<arg>ME</arg>
<arg>MF</arg>
<arg>MG</arg>
<arg>MH</arg>
<arg>MK</arg>
<arg>ML</arg>
<arg>MM</arg>
<arg>MN</arg>
<arg>MO</arg>
<arg>MP</arg>
<arg>MQ</arg>
<arg>MR</arg>
<arg>MS</arg>
<arg>MT</arg>
<arg>MU</arg>
<arg>MV</arg>
<arg>MW</arg>
<arg>MX</arg>
<arg>MY</arg>
<arg>MZ</arg>
<arg>NA</arg>
<arg>NC</arg>
<arg>NE</arg>
<arg>NF</arg>
<arg>NG</arg>
<arg>NI</arg>
<arg>NL</arg>
<arg>NO</arg>
<arg>NP</arg>
<arg>NR</arg>
<arg>NU</arg>
<arg>NZ</arg>
<arg>OM</arg>
<arg>PA</arg>
<arg>PE</arg>
<arg>PF</arg>
<arg>PG</arg>
<arg>PH</arg>
<arg>PK</arg>
<arg>PL</arg>
<arg>PM</arg>
<arg>PN</arg>
<arg>PR</arg>
<arg>PS</arg>
<arg>PT</arg>
<arg>PW</arg>
<arg>PY</arg>
<arg>QA</arg>
<arg>RE</arg>
<arg>RO</arg>
<arg>RS</arg>
<arg>RU</arg>
<arg>RW</arg>
<arg>SA</arg>
<arg>SB</arg>
<arg>SC</arg>
<arg>SD</arg>
<arg>SE</arg>
<arg>SG</arg>
<arg>SH</arg>
<arg>SI</arg>
<arg>SJ</arg>
<arg>SK</arg>
<arg>SL</arg>
<arg>SM</arg>
<arg>SN</arg>
<arg>SO</arg>
<arg>SR</arg>
<arg>SS</arg>
<arg>ST</arg>
<arg>SV</arg>
<arg>SX</arg>
<arg>SY</arg>
<arg>SZ</arg>
<arg>TC</arg>
<arg>TD</arg>
<arg>TF</arg>
<arg>TG</arg>
<arg>TH</arg>
<arg>TJ</arg>
<arg>TK</arg>
<arg>TL</arg>
<arg>TM</arg>
<arg>TN</arg>
<arg>TO</arg>
<arg>TR</arg>
<arg>TT</arg>
<arg>TV</arg>
<arg>TW</arg>
<arg>TZ</arg>
<arg>UA</arg>
<arg>UG</arg>
<arg>UM</arg>
<arg>US</arg>
<arg>UY</arg>
<arg>UZ</arg>
<arg>VA</arg>
<arg>VC</arg>
<arg>VE</arg>
<arg>VG</arg>
<arg>VI</arg>
<arg>VN</arg>
<arg>VU</arg>
<arg>WF</arg>
<arg>WS</arg>
<arg>XK</arg>
<arg>YE</arg>
<arg>YT</arg>
<arg>ZA</arg>
<arg>ZM</arg>
<arg>ZW</arg>
<doc>Returns a list containing given items.</doc>
<status status="PASS" start="2024-04-11T14:13:16.299622" elapsed="0.000628"/>
</kw>
<kw name="List Should Contain Value" owner="Collections">
<msg time="2024-04-11T14:13:16.301267" level="INFO">False</msg>
<arg>${list_country}</arg>
<arg>${name_country}</arg>
<doc>Fails if the ``value`` is not found from ``list``.</doc>
<status status="PASS" start="2024-04-11T14:13:16.301055" elapsed="0.000252"/>
</kw>
<kw name="Run Keyword If" owner="BuiltIn">
<kw name="Should Be True" owner="BuiltIn">
<arg>${True}</arg>
<doc>Fails if the given condition is not true.</doc>
<status status="PASS" start="2024-04-11T14:13:16.302574" elapsed="0.000150"/>
</kw>
<arg>${json_data["results"][0]["location"]["coordinates"]["latitude"]} &gt;= -90 and ${json_data["results"][0]["location"]["coordinates"]["latitude"]} &lt;= 90</arg>
<arg>Should Be True</arg>
<arg>${True}</arg>
<doc>Runs the given keyword with the given arguments, if ``condition`` is true.</doc>
<status status="PASS" start="2024-04-11T14:13:16.301651" elapsed="0.001206"/>
</kw>
<kw name="Run Keyword If" owner="BuiltIn">
<kw name="Should Be True" owner="BuiltIn">
<arg>${True}</arg>
<doc>Fails if the given condition is not true.</doc>
<status status="PASS" start="2024-04-11T14:13:16.303780" elapsed="0.000143"/>
</kw>
<arg>${json_data["results"][0]["location"]["coordinates"]["longitude"]} &gt;= -180 and ${json_data["results"][0]["location"]["coordinates"]["longitude"]} &lt;= 180</arg>
<arg>Should Be True</arg>
<arg>${True}</arg>
<doc>Runs the given keyword with the given arguments, if ``condition`` is true.</doc>
<status status="PASS" start="2024-04-11T14:13:16.303055" elapsed="0.000995"/>
</kw>
<status status="PASS" start="2024-04-11T14:13:16.196510" elapsed="0.107677"/>
</kw>
<doc>Testa o conteúdo específico dos campos retornados pela API.</doc>
<tag>testeConteudo</tag>
<status status="PASS" start="2024-04-11T14:13:16.196045" elapsed="0.108305"/>
</test>
<status status="PASS" start="2024-04-11T14:13:15.243270" elapsed="1.063156"/>
</suite>
<status status="PASS" start="2024-04-11T14:13:15.229256" elapsed="1.082884"/>
</suite>
<statistics>
<total>
<stat pass="5" fail="0" skip="0">All Tests</stat>
</total>
<tag>
<stat pass="1" fail="0" skip="0">testeConteudo</stat>
<stat pass="1" fail="0" skip="0">testeEstruturaResposta</stat>
<stat pass="1" fail="0" skip="0">testeRequisicaoBasica</stat>
<stat pass="1" fail="0" skip="0">testeTiposDados</stat>
</tag>
<suite>
<stat pass="5" fail="0" skip="0" id="s1" name="Tests">Tests</stat>
<stat pass="5" fail="0" skip="0" id="s1-s1" name="Random-User-Test">Tests.Random-User-Test</stat>
</suite>
</statistics>
<errors>
</errors>
</robot>
