<?xml version="1.0" encoding="UTF-8"?>
<robot generator="Robot 7.0 (Python 3.12.3 on linux)" generated="2024-05-05T07:12:37.890501" rpa="false" schemaversion="5">
<suite id="s1" name="Tests" source="/home/runner/work/DesafioQAItauRogerioJordao/DesafioQAItauRogerioJordao/RamdonUser/tests">
<suite id="s1-s1" name="Random-User-Test" source="/home/runner/work/DesafioQAItauRogerioJordao/DesafioQAItauRogerioJordao/RamdonUser/tests/random-user-test.robot">
<test id="s1-s1-t1" name="Conectar" line="13">
<kw name="Conectar API" owner="random-user-service">
<kw name="Create Session" owner="RequestsLibrary">
<msg time="2024-05-05T07:12:38.247272" level="INFO">Creating Session using : alias=consultarAPI, url=https://randomuser.me/, headers={},                     cookies={}, auth=None, timeout=None, proxies=None, verify=False,                     debug=0 </msg>
<arg>consultarAPI</arg>
<arg>${URL}</arg>
<doc>Create Session: create a HTTP session to a server</doc>
<status status="PASS" start="2024-05-05T07:12:38.247068" elapsed="0.000386"/>
</kw>
<status status="PASS" start="2024-05-05T07:12:38.246100" elapsed="0.001702"/>
</kw>
<status status="PASS" start="2024-05-05T07:12:38.245553" elapsed="0.002439"/>
</test>
<test id="s1-s1-t2" name="Validar retorno 200 e JSON Válido" line="16">
<kw name="Teste de Requisicao Basica" owner="random-user-service">
<kw name="GET On Session" owner="RequestsLibrary">
<msg time="2024-05-05T07:12:38.427199" level="INFO">GET Request : url=https://randomuser.me/api 
 path_url=/api 
 headers={'User-Agent': 'python-requests/2.31.0', 'Accept-Encoding': 'gzip, deflate', 'Accept': '*/*', 'Connection': 'keep-alive'} 
 body=None 
 </msg>
<msg time="2024-05-05T07:12:38.427323" level="INFO">GET Response : url=https://randomuser.me/api 
 status=200, reason=OK 
 headers={'Date': 'Sun, 05 May 2024 07:12:38 GMT', 'Content-Type': 'application/json; charset=utf-8', 'Transfer-Encoding': 'chunked', 'Connection': 'keep-alive', 'X-Powered-By': 'Express', 'Access-Control-Allow-Origin': '*', 'Cache-Control': 'no-cache', 'ETag': 'W/"49f-GYkM3jkH8YO2ejXxinoqT0NgmEU"', 'Vary': 'Accept-Encoding', 'Content-Encoding': 'gzip', 'CF-Cache-Status': 'DYNAMIC', 'Report-To': '{"endpoints":[{"url":"https:\\/\\/a.nel.cloudflare.com\\/report\\/v4?s=UXD%2Bw5cf3BIlUQXmh1sDvYsVd73fAGf4mxk8CYDMhvCjmrSgQVADMvZcu5E2ULVgaFCXTe%2F7GnLxWZuafiQTlCK756lRy6zBONtIdPIjiz12uSGglgBvCWDkhOWX7xT2"}],"group":"cf-nel","max_age":604800}', 'NEL': '{"success_fraction":0,"report_to":"cf-nel","max_age":604800}', 'Server': 'cloudflare', 'CF-RAY': '87eeec5ffa9258c6-IAD', 'alt-svc': 'h3=":443"; ma=86400'} 
 body={"results":[{"gender":"female","name":{"title":"Ms","first":"Chloe","last":"Côté"},"location":{"street":{"number":5578,"name":"College Ave"},"city":"Springfield","state":"Saskatchewan","country":"Canada","postcode":"B7X 0V7","coordinates":{"latitude":"-71.1771","longitude":"145.4086"},"timezone":{"offset":"+5:00","description":"Ekaterinburg, Islamabad, Karachi, Tashkent"}},"email":"chloe.cote@example.com","login":{"uuid":"53fa84ce-b800-4098-8202-ad794319d35e","username":"blackostrich855","password":"124578","salt":"GcbdJFbj","md5":"49768e47e0b6c946777e06a7b7379e66","sha1":"f2ddba5dd140a9b0638c7430022b19027cdf5d6a","sha256":"a1a76d3844cc3b20c8cfc2472248c4c41c44be17b070d128c0658a5aa01bc56d"},"dob":{"date":"1970-02-22T00:17:38.056Z","age":54},"registered":{"date":"2014-06-04T10:23:10.231Z","age":9},"phone":"F06 V23-9225","cell":"Y82 P09-3021","id":{"name":"SIN","value":"571836121"},"picture":{"large":"https://randomuser.me/api/portraits/women/27.jpg","medium":"https://randomuser.me/api/portraits/med/women/27.jpg","thumbnail":"https://randomuser.me/api/portraits/thumb/women/27.jpg"},"nat":"CA"}],"info":{"seed":"a984ae428df5b705","results":1,"page":1,"version":"1.4"}} 
 </msg>
<msg time="2024-05-05T07:12:38.427400" level="INFO">/opt/hostedtoolcache/Python/3.12.3/x64/lib/python3.12/site-packages/urllib3/connectionpool.py:1103: InsecureRequestWarning: Unverified HTTPS request is being made to host 'randomuser.me'. Adding certificate verification is strongly advised. See: https://urllib3.readthedocs.io/en/latest/advanced-usage.html#tls-warnings
  warnings.warn(</msg>
<msg time="2024-05-05T07:12:38.427522" level="INFO">${response} = &lt;Response [200]&gt;</msg>
<var>${response}</var>
<arg>consultarAPI</arg>
<arg>/api</arg>
<doc>Sends a GET request on a previously created HTTP Session.</doc>
<status status="PASS" start="2024-05-05T07:12:38.250580" elapsed="0.176984"/>
</kw>
<kw name="Should Be Equal As Numbers" owner="BuiltIn">
<msg time="2024-05-05T07:12:38.428559" level="INFO">Argument types are:
&lt;class 'int'&gt;
&lt;class 'str'&gt;</msg>
<arg>${response.status_code}</arg>
<arg>200</arg>
<doc>Fails if objects are unequal after converting them to real numbers.</doc>
<status status="PASS" start="2024-05-05T07:12:38.428101" elapsed="0.000522"/>
</kw>
<kw name="Log" owner="BuiltIn">
<msg time="2024-05-05T07:12:38.429302" level="INFO">200</msg>
<arg>${response.status_code}</arg>
<doc>Logs the given message with the given level.</doc>
<status status="PASS" start="2024-05-05T07:12:38.428952" elapsed="0.000391"/>
</kw>
<kw name="Set Variable" owner="BuiltIn">
<msg time="2024-05-05T07:12:38.430119" level="INFO">${json_data} = {'results': [{'gender': 'female', 'name': {'title': 'Ms', 'first': 'Chloe', 'last': 'Côté'}, 'location': {'street': {'number': 5578, 'name': 'College Ave'}, 'city': 'Springfield', 'state': 'Saskatchew...</msg>
<var>${json_data}</var>
<arg>${response.json()}</arg>
<doc>Returns the given values which can then be assigned to a variables.</doc>
<status status="PASS" start="2024-05-05T07:12:38.429644" elapsed="0.000509"/>
</kw>
<kw name="Dictionary Should Contain Key" owner="Collections">
<msg time="2024-05-05T07:12:38.430634" level="INFO">False</msg>
<arg>${json_data}</arg>
<arg>results</arg>
<doc>Fails if ``key`` is not found from ``dictionary``.</doc>
<status status="PASS" start="2024-05-05T07:12:38.430471" elapsed="0.000202"/>
</kw>
<status status="PASS" start="2024-05-05T07:12:38.250341" elapsed="0.180584"/>
</kw>
<doc>Testa se a API responde corretamente e retorna um objeto JSON válido.</doc>
<tag>testeRequisicaoBasica</tag>
<status status="PASS" start="2024-05-05T07:12:38.249862" elapsed="0.181236"/>
</test>
<test id="s1-s1-t3" name="Validar estrutura de resposta" line="22">
<kw name="Teste de Estrutura de Resposta" owner="random-user-service">
<kw name="GET On Session" owner="RequestsLibrary">
<msg time="2024-05-05T07:12:38.521027" level="INFO">GET Request : url=https://randomuser.me/api 
 path_url=/api 
 headers={'User-Agent': 'python-requests/2.31.0', 'Accept-Encoding': 'gzip, deflate', 'Accept': '*/*', 'Connection': 'keep-alive'} 
 body=None 
 </msg>
<msg time="2024-05-05T07:12:38.521106" level="INFO">GET Response : url=https://randomuser.me/api 
 status=200, reason=OK 
 headers={'Date': 'Sun, 05 May 2024 07:12:38 GMT', 'Content-Type': 'application/json; charset=utf-8', 'Transfer-Encoding': 'chunked', 'Connection': 'keep-alive', 'X-Powered-By': 'Express', 'Access-Control-Allow-Origin': '*', 'Cache-Control': 'no-cache', 'ETag': 'W/"48c-GTuzqoOccBYsfKyQiScmBWykfyE"', 'Vary': 'Accept-Encoding', 'Content-Encoding': 'gzip', 'CF-Cache-Status': 'DYNAMIC', 'Report-To': '{"endpoints":[{"url":"https:\\/\\/a.nel.cloudflare.com\\/report\\/v4?s=Kz4iVhRrXc35VoWgvvcphlsvcpDcp6DcK9IBDAVcxoTw5AORTi9sGrcpZxiEgXKrpeeJRo9u%2Frn820ljBN1flqgCVqgcUat%2F%2FotJCOZ1hVGpMY%2FgJjwCBSMkcH9ckHOa"}],"group":"cf-nel","max_age":604800}', 'NEL': '{"success_fraction":0,"report_to":"cf-nel","max_age":604800}', 'Server': 'cloudflare', 'CF-RAY': '87eeec603aba58c6-IAD', 'alt-svc': 'h3=":443"; ma=86400'} 
 body={"results":[{"gender":"male","name":{"title":"Mr","first":"Eetu","last":"Polon"},"location":{"street":{"number":4677,"name":"Esplanadi"},"city":"Pielavesi","state":"Southern Ostrobothnia","country":"Finland","postcode":39754,"coordinates":{"latitude":"-24.8089","longitude":"-121.1049"},"timezone":{"offset":"+6:00","description":"Almaty, Dhaka, Colombo"}},"email":"eetu.polon@example.com","login":{"uuid":"3bc71ac5-906a-4827-970a-83b272e00db7","username":"beautifulmouse555","password":"juan","salt":"KdxOIkCf","md5":"7b5bcfb4e13fb2ae41e0ef656c432118","sha1":"96dbf3181afa7a9cf5ba6f9c873fdec211dfe514","sha256":"44fe59fd083ec8c277dab60410512efae808d9176aa350ab692542773a230339"},"dob":{"date":"1955-10-24T18:46:21.271Z","age":68},"registered":{"date":"2016-02-25T22:03:21.222Z","age":8},"phone":"05-190-087","cell":"044-545-41-51","id":{"name":"HETU","value":"NaNNA937undefined"},"picture":{"large":"https://randomuser.me/api/portraits/men/14.jpg","medium":"https://randomuser.me/api/portraits/med/men/14.jpg","thumbnail":"https://randomuser.me/api/portraits/thumb/men/14.jpg"},"nat":"FI"}],"info":{"seed":"6c9c17c5fc4e88ae","results":1,"page":1,"version":"1.4"}} 
 </msg>
<msg time="2024-05-05T07:12:38.521219" level="INFO">/opt/hostedtoolcache/Python/3.12.3/x64/lib/python3.12/site-packages/urllib3/connectionpool.py:1103: InsecureRequestWarning: Unverified HTTPS request is being made to host 'randomuser.me'. Adding certificate verification is strongly advised. See: https://urllib3.readthedocs.io/en/latest/advanced-usage.html#tls-warnings
  warnings.warn(</msg>
<msg time="2024-05-05T07:12:38.521339" level="INFO">${response} = &lt;Response [200]&gt;</msg>
<var>${response}</var>
<arg>consultarAPI</arg>
<arg>/api</arg>
<doc>Sends a GET request on a previously created HTTP Session.</doc>
<status status="PASS" start="2024-05-05T07:12:38.433761" elapsed="0.087619"/>
</kw>
<kw name="Set Variable" owner="BuiltIn">
<msg time="2024-05-05T07:12:38.522415" level="INFO">${json_data} = {'results': [{'gender': 'male', 'name': {'title': 'Mr', 'first': 'Eetu', 'last': 'Polon'}, 'location': {'street': {'number': 4677, 'name': 'Esplanadi'}, 'city': 'Pielavesi', 'state': 'Southern Ostrobo...</msg>
<var>${json_data}</var>
<arg>${response.json()}</arg>
<doc>Returns the given values which can then be assigned to a variables.</doc>
<status status="PASS" start="2024-05-05T07:12:38.521835" elapsed="0.000610"/>
</kw>
<kw name="Log" owner="BuiltIn">
<msg time="2024-05-05T07:12:38.522916" level="INFO">{'results': [{'gender': 'male', 'name': {'title': 'Mr', 'first': 'Eetu', 'last': 'Polon'}, 'location': {'street': {'number': 4677, 'name': 'Esplanadi'}, 'city': 'Pielavesi', 'state': 'Southern Ostrobothnia', 'country': 'Finland', 'postcode': 39754, 'coordinates': {'latitude': '-24.8089', 'longitude': '-121.1049'}, 'timezone': {'offset': '+6:00', 'description': 'Almaty, Dhaka, Colombo'}}, 'email': 'eetu.polon@example.com', 'login': {'uuid': '3bc71ac5-906a-4827-970a-83b272e00db7', 'username': 'beautifulmouse555', 'password': 'juan', 'salt': 'KdxOIkCf', 'md5': '7b5bcfb4e13fb2ae41e0ef656c432118', 'sha1': '96dbf3181afa7a9cf5ba6f9c873fdec211dfe514', 'sha256': '44fe59fd083ec8c277dab60410512efae808d9176aa350ab692542773a230339'}, 'dob': {'date': '1955-10-24T18:46:21.271Z', 'age': 68}, 'registered': {'date': '2016-02-25T22:03:21.222Z', 'age': 8}, 'phone': '05-190-087', 'cell': '044-545-41-51', 'id': {'name': 'HETU', 'value': 'NaNNA937undefined'}, 'picture': {'large': 'https://randomuser.me/api/portraits/men/14.jpg', 'medium': 'https://randomuser.me/api/portraits/med/men/14.jpg', 'thumbnail': 'https://randomuser.me/api/portraits/thumb/men/14.jpg'}, 'nat': 'FI'}], 'info': {'seed': '6c9c17c5fc4e88ae', 'results': 1, 'page': 1, 'version': '1.4'}}</msg>
<arg>${json_data}</arg>
<doc>Logs the given message with the given level.</doc>
<status status="PASS" start="2024-05-05T07:12:38.522755" elapsed="0.000210"/>
</kw>
<kw name="Dictionary Should Contain Key" owner="Collections">
<msg time="2024-05-05T07:12:38.523413" level="INFO">False</msg>
<arg>${json_data}</arg>
<arg>results</arg>
<doc>Fails if ``key`` is not found from ``dictionary``.</doc>
<status status="PASS" start="2024-05-05T07:12:38.523262" elapsed="0.000187"/>
</kw>
<kw name="Should Not Be Empty" owner="BuiltIn">
<msg time="2024-05-05T07:12:38.523880" level="INFO">Length is 2.</msg>
<arg>${json_data}</arg>
<doc>Verifies that the given item is not empty.</doc>
<status status="PASS" start="2024-05-05T07:12:38.523740" elapsed="0.000179"/>
</kw>
<kw name="Create List" owner="BuiltIn">
<msg time="2024-05-05T07:12:38.524480" level="INFO">${expected_keys} = ['gender', 'name', 'location', 'email', 'login']</msg>
<var>${expected_keys}</var>
<arg>gender</arg>
<arg>name</arg>
<arg>location</arg>
<arg>email</arg>
<arg>login</arg>
<doc>Returns a list containing given items.</doc>
<status status="PASS" start="2024-05-05T07:12:38.524204" elapsed="0.000301"/>
</kw>
<for flavor="IN">
<iter>
<kw name="Dictionary Should Contain Key" owner="Collections">
<msg time="2024-05-05T07:12:38.525474" level="INFO">False</msg>
<arg>${json_data['results'][0]}</arg>
<arg>${key}</arg>
<doc>Fails if ``key`` is not found from ``dictionary``.</doc>
<status status="PASS" start="2024-05-05T07:12:38.525076" elapsed="0.000435"/>
</kw>
<kw name="Log" owner="BuiltIn">
<msg time="2024-05-05T07:12:38.526214" level="INFO">{'gender': 'male', 'name': {'title': 'Mr', 'first': 'Eetu', 'last': 'Polon'}, 'location': {'street': {'number': 4677, 'name': 'Esplanadi'}, 'city': 'Pielavesi', 'state': 'Southern Ostrobothnia', 'country': 'Finland', 'postcode': 39754, 'coordinates': {'latitude': '-24.8089', 'longitude': '-121.1049'}, 'timezone': {'offset': '+6:00', 'description': 'Almaty, Dhaka, Colombo'}}, 'email': 'eetu.polon@example.com', 'login': {'uuid': '3bc71ac5-906a-4827-970a-83b272e00db7', 'username': 'beautifulmouse555', 'password': 'juan', 'salt': 'KdxOIkCf', 'md5': '7b5bcfb4e13fb2ae41e0ef656c432118', 'sha1': '96dbf3181afa7a9cf5ba6f9c873fdec211dfe514', 'sha256': '44fe59fd083ec8c277dab60410512efae808d9176aa350ab692542773a230339'}, 'dob': {'date': '1955-10-24T18:46:21.271Z', 'age': 68}, 'registered': {'date': '2016-02-25T22:03:21.222Z', 'age': 8}, 'phone': '05-190-087', 'cell': '044-545-41-51', 'id': {'name': 'HETU', 'value': 'NaNNA937undefined'}, 'picture': {'large': 'https://randomuser.me/api/portraits/men/14.jpg', 'medium': 'https://randomuser.me/api/portraits/med/men/14.jpg', 'thumbnail': 'https://randomuser.me/api/portraits/thumb/men/14.jpg'}, 'nat': 'FI'}</msg>
<arg>${json_data['results'][0]}</arg>
<doc>Logs the given message with the given level.</doc>
<status status="PASS" start="2024-05-05T07:12:38.525811" elapsed="0.000450"/>
</kw>
<kw name="Log" owner="BuiltIn">
<msg time="2024-05-05T07:12:38.526702" level="INFO">gender</msg>
<arg>${key}</arg>
<doc>Logs the given message with the given level.</doc>
<status status="PASS" start="2024-05-05T07:12:38.526563" elapsed="0.000176"/>
</kw>
<var name="${key}">gender</var>
<status status="PASS" start="2024-05-05T07:12:38.524952" elapsed="0.001999"/>
</iter>
<iter>
<kw name="Dictionary Should Contain Key" owner="Collections">
<msg time="2024-05-05T07:12:38.527625" level="INFO">False</msg>
<arg>${json_data['results'][0]}</arg>
<arg>${key}</arg>
<doc>Fails if ``key`` is not found from ``dictionary``.</doc>
<status status="PASS" start="2024-05-05T07:12:38.527249" elapsed="0.000412"/>
</kw>
<kw name="Log" owner="BuiltIn">
<msg time="2024-05-05T07:12:38.528335" level="INFO">{'gender': 'male', 'name': {'title': 'Mr', 'first': 'Eetu', 'last': 'Polon'}, 'location': {'street': {'number': 4677, 'name': 'Esplanadi'}, 'city': 'Pielavesi', 'state': 'Southern Ostrobothnia', 'country': 'Finland', 'postcode': 39754, 'coordinates': {'latitude': '-24.8089', 'longitude': '-121.1049'}, 'timezone': {'offset': '+6:00', 'description': 'Almaty, Dhaka, Colombo'}}, 'email': 'eetu.polon@example.com', 'login': {'uuid': '3bc71ac5-906a-4827-970a-83b272e00db7', 'username': 'beautifulmouse555', 'password': 'juan', 'salt': 'KdxOIkCf', 'md5': '7b5bcfb4e13fb2ae41e0ef656c432118', 'sha1': '96dbf3181afa7a9cf5ba6f9c873fdec211dfe514', 'sha256': '44fe59fd083ec8c277dab60410512efae808d9176aa350ab692542773a230339'}, 'dob': {'date': '1955-10-24T18:46:21.271Z', 'age': 68}, 'registered': {'date': '2016-02-25T22:03:21.222Z', 'age': 8}, 'phone': '05-190-087', 'cell': '044-545-41-51', 'id': {'name': 'HETU', 'value': 'NaNNA937undefined'}, 'picture': {'large': 'https://randomuser.me/api/portraits/men/14.jpg', 'medium': 'https://randomuser.me/api/portraits/med/men/14.jpg', 'thumbnail': 'https://randomuser.me/api/portraits/thumb/men/14.jpg'}, 'nat': 'FI'}</msg>
<arg>${json_data['results'][0]}</arg>
<doc>Logs the given message with the given level.</doc>
<status status="PASS" start="2024-05-05T07:12:38.527979" elapsed="0.000403"/>
</kw>
<kw name="Log" owner="BuiltIn">
<msg time="2024-05-05T07:12:38.528803" level="INFO">name</msg>
<arg>${key}</arg>
<doc>Logs the given message with the given level.</doc>
<status status="PASS" start="2024-05-05T07:12:38.528678" elapsed="0.000161"/>
</kw>
<var name="${key}">name</var>
<status status="PASS" start="2024-05-05T07:12:38.527134" elapsed="0.001918"/>
</iter>
<iter>
<kw name="Dictionary Should Contain Key" owner="Collections">
<msg time="2024-05-05T07:12:38.529727" level="INFO">False</msg>
<arg>${json_data['results'][0]}</arg>
<arg>${key}</arg>
<doc>Fails if ``key`` is not found from ``dictionary``.</doc>
<status status="PASS" start="2024-05-05T07:12:38.529339" elapsed="0.000424"/>
</kw>
<kw name="Log" owner="BuiltIn">
<msg time="2024-05-05T07:12:38.530505" level="INFO">{'gender': 'male', 'name': {'title': 'Mr', 'first': 'Eetu', 'last': 'Polon'}, 'location': {'street': {'number': 4677, 'name': 'Esplanadi'}, 'city': 'Pielavesi', 'state': 'Southern Ostrobothnia', 'country': 'Finland', 'postcode': 39754, 'coordinates': {'latitude': '-24.8089', 'longitude': '-121.1049'}, 'timezone': {'offset': '+6:00', 'description': 'Almaty, Dhaka, Colombo'}}, 'email': 'eetu.polon@example.com', 'login': {'uuid': '3bc71ac5-906a-4827-970a-83b272e00db7', 'username': 'beautifulmouse555', 'password': 'juan', 'salt': 'KdxOIkCf', 'md5': '7b5bcfb4e13fb2ae41e0ef656c432118', 'sha1': '96dbf3181afa7a9cf5ba6f9c873fdec211dfe514', 'sha256': '44fe59fd083ec8c277dab60410512efae808d9176aa350ab692542773a230339'}, 'dob': {'date': '1955-10-24T18:46:21.271Z', 'age': 68}, 'registered': {'date': '2016-02-25T22:03:21.222Z', 'age': 8}, 'phone': '05-190-087', 'cell': '044-545-41-51', 'id': {'name': 'HETU', 'value': 'NaNNA937undefined'}, 'picture': {'large': 'https://randomuser.me/api/portraits/men/14.jpg', 'medium': 'https://randomuser.me/api/portraits/med/men/14.jpg', 'thumbnail': 'https://randomuser.me/api/portraits/thumb/men/14.jpg'}, 'nat': 'FI'}</msg>
<arg>${json_data['results'][0]}</arg>
<doc>Logs the given message with the given level.</doc>
<status status="PASS" start="2024-05-05T07:12:38.530125" elapsed="0.000428"/>
</kw>
<kw name="Log" owner="BuiltIn">
<msg time="2024-05-05T07:12:38.530976" level="INFO">location</msg>
<arg>${key}</arg>
<doc>Logs the given message with the given level.</doc>
<status status="PASS" start="2024-05-05T07:12:38.530853" elapsed="0.000160"/>
</kw>
<var name="${key}">location</var>
<status status="PASS" start="2024-05-05T07:12:38.529228" elapsed="0.001996"/>
</iter>
<iter>
<kw name="Dictionary Should Contain Key" owner="Collections">
<msg time="2024-05-05T07:12:38.531886" level="INFO">False</msg>
<arg>${json_data['results'][0]}</arg>
<arg>${key}</arg>
<doc>Fails if ``key`` is not found from ``dictionary``.</doc>
<status status="PASS" start="2024-05-05T07:12:38.531505" elapsed="0.000418"/>
</kw>
<kw name="Log" owner="BuiltIn">
<msg time="2024-05-05T07:12:38.532580" level="INFO">{'gender': 'male', 'name': {'title': 'Mr', 'first': 'Eetu', 'last': 'Polon'}, 'location': {'street': {'number': 4677, 'name': 'Esplanadi'}, 'city': 'Pielavesi', 'state': 'Southern Ostrobothnia', 'country': 'Finland', 'postcode': 39754, 'coordinates': {'latitude': '-24.8089', 'longitude': '-121.1049'}, 'timezone': {'offset': '+6:00', 'description': 'Almaty, Dhaka, Colombo'}}, 'email': 'eetu.polon@example.com', 'login': {'uuid': '3bc71ac5-906a-4827-970a-83b272e00db7', 'username': 'beautifulmouse555', 'password': 'juan', 'salt': 'KdxOIkCf', 'md5': '7b5bcfb4e13fb2ae41e0ef656c432118', 'sha1': '96dbf3181afa7a9cf5ba6f9c873fdec211dfe514', 'sha256': '44fe59fd083ec8c277dab60410512efae808d9176aa350ab692542773a230339'}, 'dob': {'date': '1955-10-24T18:46:21.271Z', 'age': 68}, 'registered': {'date': '2016-02-25T22:03:21.222Z', 'age': 8}, 'phone': '05-190-087', 'cell': '044-545-41-51', 'id': {'name': 'HETU', 'value': 'NaNNA937undefined'}, 'picture': {'large': 'https://randomuser.me/api/portraits/men/14.jpg', 'medium': 'https://randomuser.me/api/portraits/med/men/14.jpg', 'thumbnail': 'https://randomuser.me/api/portraits/thumb/men/14.jpg'}, 'nat': 'FI'}</msg>
<arg>${json_data['results'][0]}</arg>
<doc>Logs the given message with the given level.</doc>
<status status="PASS" start="2024-05-05T07:12:38.532219" elapsed="0.000409"/>
</kw>
<kw name="Log" owner="BuiltIn">
<msg time="2024-05-05T07:12:38.533043" level="INFO">email</msg>
<arg>${key}</arg>
<doc>Logs the given message with the given level.</doc>
<status status="PASS" start="2024-05-05T07:12:38.532918" elapsed="0.000162"/>
</kw>
<var name="${key}">email</var>
<status status="PASS" start="2024-05-05T07:12:38.531395" elapsed="0.001899"/>
</iter>
<iter>
<kw name="Dictionary Should Contain Key" owner="Collections">
<msg time="2024-05-05T07:12:38.533965" level="INFO">False</msg>
<arg>${json_data['results'][0]}</arg>
<arg>${key}</arg>
<doc>Fails if ``key`` is not found from ``dictionary``.</doc>
<status status="PASS" start="2024-05-05T07:12:38.533576" elapsed="0.000426"/>
</kw>
<kw name="Log" owner="BuiltIn">
<msg time="2024-05-05T07:12:38.534687" level="INFO">{'gender': 'male', 'name': {'title': 'Mr', 'first': 'Eetu', 'last': 'Polon'}, 'location': {'street': {'number': 4677, 'name': 'Esplanadi'}, 'city': 'Pielavesi', 'state': 'Southern Ostrobothnia', 'country': 'Finland', 'postcode': 39754, 'coordinates': {'latitude': '-24.8089', 'longitude': '-121.1049'}, 'timezone': {'offset': '+6:00', 'description': 'Almaty, Dhaka, Colombo'}}, 'email': 'eetu.polon@example.com', 'login': {'uuid': '3bc71ac5-906a-4827-970a-83b272e00db7', 'username': 'beautifulmouse555', 'password': 'juan', 'salt': 'KdxOIkCf', 'md5': '7b5bcfb4e13fb2ae41e0ef656c432118', 'sha1': '96dbf3181afa7a9cf5ba6f9c873fdec211dfe514', 'sha256': '44fe59fd083ec8c277dab60410512efae808d9176aa350ab692542773a230339'}, 'dob': {'date': '1955-10-24T18:46:21.271Z', 'age': 68}, 'registered': {'date': '2016-02-25T22:03:21.222Z', 'age': 8}, 'phone': '05-190-087', 'cell': '044-545-41-51', 'id': {'name': 'HETU', 'value': 'NaNNA937undefined'}, 'picture': {'large': 'https://randomuser.me/api/portraits/men/14.jpg', 'medium': 'https://randomuser.me/api/portraits/med/men/14.jpg', 'thumbnail': 'https://randomuser.me/api/portraits/thumb/men/14.jpg'}, 'nat': 'FI'}</msg>
<arg>${json_data['results'][0]}</arg>
<doc>Logs the given message with the given level.</doc>
<status status="PASS" start="2024-05-05T07:12:38.534332" elapsed="0.000401"/>
</kw>
<kw name="Log" owner="BuiltIn">
<msg time="2024-05-05T07:12:38.535156" level="INFO">login</msg>
<arg>${key}</arg>
<doc>Logs the given message with the given level.</doc>
<status status="PASS" start="2024-05-05T07:12:38.535031" elapsed="0.000162"/>
</kw>
<var name="${key}">login</var>
<status status="PASS" start="2024-05-05T07:12:38.533464" elapsed="0.001964"/>
</iter>
<var>${key}</var>
<value>@{expected_keys}</value>
<status status="PASS" start="2024-05-05T07:12:38.524768" elapsed="0.010785"/>
</for>
<kw name="Create List" owner="BuiltIn">
<msg time="2024-05-05T07:12:38.535882" level="INFO">${expected_keysTwo} = ['username', 'password']</msg>
<var>${expected_keysTwo}</var>
<arg>username</arg>
<arg>password</arg>
<doc>Returns a list containing given items.</doc>
<status status="PASS" start="2024-05-05T07:12:38.535747" elapsed="0.000164"/>
</kw>
<for flavor="IN">
<iter>
<kw name="Dictionary Should Contain Key" owner="Collections">
<msg time="2024-05-05T07:12:38.537062" level="INFO">False</msg>
<arg>${json_data['results'][0]['login']}</arg>
<arg>${keyTwo}</arg>
<doc>Fails if ``key`` is not found from ``dictionary``.</doc>
<status status="PASS" start="2024-05-05T07:12:38.536636" elapsed="0.000473"/>
</kw>
<kw name="Dictionary Should Contain Key" owner="Collections">
<msg time="2024-05-05T07:12:38.537792" level="INFO">False</msg>
<arg>${json_data['results'][0]['login']}</arg>
<arg>${keyTwo}</arg>
<doc>Fails if ``key`` is not found from ``dictionary``.</doc>
<status status="PASS" start="2024-05-05T07:12:38.537409" elapsed="0.000421"/>
</kw>
<kw name="Log" owner="BuiltIn">
<msg time="2024-05-05T07:12:38.538279" level="INFO">username</msg>
<arg>${keyTwo}</arg>
<doc>Logs the given message with the given level.</doc>
<status status="PASS" start="2024-05-05T07:12:38.538148" elapsed="0.000176"/>
</kw>
<var name="${keyTwo}">username</var>
<status status="PASS" start="2024-05-05T07:12:38.536467" elapsed="0.002072"/>
</iter>
<iter>
<kw name="Dictionary Should Contain Key" owner="Collections">
<msg time="2024-05-05T07:12:38.539208" level="INFO">False</msg>
<arg>${json_data['results'][0]['login']}</arg>
<arg>${keyTwo}</arg>
<doc>Fails if ``key`` is not found from ``dictionary``.</doc>
<status status="PASS" start="2024-05-05T07:12:38.538819" elapsed="0.000426"/>
</kw>
<kw name="Dictionary Should Contain Key" owner="Collections">
<msg time="2024-05-05T07:12:38.540004" level="INFO">False</msg>
<arg>${json_data['results'][0]['login']}</arg>
<arg>${keyTwo}</arg>
<doc>Fails if ``key`` is not found from ``dictionary``.</doc>
<status status="PASS" start="2024-05-05T07:12:38.539536" elapsed="0.000506"/>
</kw>
<kw name="Log" owner="BuiltIn">
<msg time="2024-05-05T07:12:38.540463" level="INFO">password</msg>
<arg>${keyTwo}</arg>
<doc>Logs the given message with the given level.</doc>
<status status="PASS" start="2024-05-05T07:12:38.540335" elapsed="0.000165"/>
</kw>
<var name="${keyTwo}">password</var>
<status status="PASS" start="2024-05-05T07:12:38.538709" elapsed="0.002003"/>
</iter>
<var>${keyTwo}</var>
<value>@{expected_keysTwo}</value>
<status status="PASS" start="2024-05-05T07:12:38.536256" elapsed="0.004579"/>
</for>
<status status="PASS" start="2024-05-05T07:12:38.433529" elapsed="0.107444"/>
</kw>
<doc>Testa a estrutura da resposta da API.</doc>
<tag>testeEstruturaResposta</tag>
<status status="PASS" start="2024-05-05T07:12:38.432918" elapsed="0.108210"/>
</test>
<test id="s1-s1-t4" name="Validar tipos de dados" line="28">
<kw name="Teste de Tipos de Dados" owner="random-user-service">
<kw name="GET On Session" owner="RequestsLibrary">
<msg time="2024-05-05T07:12:38.858872" level="INFO">GET Request : url=https://randomuser.me/api 
 path_url=/api 
 headers={'User-Agent': 'python-requests/2.31.0', 'Accept-Encoding': 'gzip, deflate', 'Accept': '*/*', 'Connection': 'keep-alive'} 
 body=None 
 </msg>
<msg time="2024-05-05T07:12:38.858977" level="INFO">GET Response : url=https://randomuser.me/api 
 status=200, reason=OK 
 headers={'Date': 'Sun, 05 May 2024 07:12:38 GMT', 'Content-Type': 'application/json; charset=utf-8', 'Transfer-Encoding': 'chunked', 'Connection': 'keep-alive', 'X-Powered-By': 'Express', 'Access-Control-Allow-Origin': '*', 'Cache-Control': 'no-cache', 'ETag': 'W/"475-L2Krzz+cRpro9QoT4/0a1fpZMVA"', 'Vary': 'Accept-Encoding', 'Content-Encoding': 'gzip', 'CF-Cache-Status': 'DYNAMIC', 'Report-To': '{"endpoints":[{"url":"https:\\/\\/a.nel.cloudflare.com\\/report\\/v4?s=kzYNHDlI7sMfNUsvA5f4qnvqr8yYilOoTRBbWgm3WKD5v4FhztYGXblzyB4%2BpDLJONMEgTldKyyF3pwcS3LOtok7u8IB1%2Bwg4FAeiwx0DxJRqQZmcqgJHe71SBumlUFE"}],"group":"cf-nel","max_age":604800}', 'NEL': '{"success_fraction":0,"report_to":"cf-nel","max_age":604800}', 'Server': 'cloudflare', 'CF-RAY': '87eeec60eb2a58c6-IAD', 'alt-svc': 'h3=":443"; ma=86400'} 
 body={"results":[{"gender":"female","name":{"title":"Ms","first":"Justine","last":"Li"},"location":{"street":{"number":6433,"name":"College Ave"},"city":"Maitland","state":"New Brunswick","country":"Canada","postcode":"A8R 3L9","coordinates":{"latitude":"-67.9308","longitude":"93.6150"},"timezone":{"offset":"-9:00","description":"Alaska"}},"email":"justine.li@example.com","login":{"uuid":"a8e2a494-b0a1-4a19-99b7-fbdb8a6f03b4","username":"heavyzebra743","password":"plastic","salt":"bNgPhJZL","md5":"5404f64ace7f733d450e63f6cb2881ec","sha1":"d0bcc2b5d464d0e9ea15a79b7a366cb25e0926d1","sha256":"a31673d267304ac36f582f3401e9b1bd0bf830151230f6aa656816bf9f2faaf1"},"dob":{"date":"1992-06-11T09:37:24.586Z","age":31},"registered":{"date":"2016-10-27T23:36:46.542Z","age":7},"phone":"Q39 B26-2371","cell":"Y17 W55-1477","id":{"name":"SIN","value":"049195803"},"picture":{"large":"https://randomuser.me/api/portraits/women/52.jpg","medium":"https://randomuser.me/api/portraits/med/women/52.jpg","thumbnail":"https://randomuser.me/api/portraits/thumb/women/52.jpg"},"nat":"CA"}],"info":{"seed":"7f9d28946a6a4cd7","results":1,"page":1,"version":"1.4"}} 
 </msg>
<msg time="2024-05-05T07:12:38.859042" level="INFO">/opt/hostedtoolcache/Python/3.12.3/x64/lib/python3.12/site-packages/urllib3/connectionpool.py:1103: InsecureRequestWarning: Unverified HTTPS request is being made to host 'randomuser.me'. Adding certificate verification is strongly advised. See: https://urllib3.readthedocs.io/en/latest/advanced-usage.html#tls-warnings
  warnings.warn(</msg>
<msg time="2024-05-05T07:12:38.859158" level="INFO">${response} = &lt;Response [200]&gt;</msg>
<var>${response}</var>
<arg>consultarAPI</arg>
<arg>/api</arg>
<doc>Sends a GET request on a previously created HTTP Session.</doc>
<status status="PASS" start="2024-05-05T07:12:38.543688" elapsed="0.315511"/>
</kw>
<kw name="Set Variable" owner="BuiltIn">
<msg time="2024-05-05T07:12:38.860182" level="INFO">${json_data} = {'results': [{'gender': 'female', 'name': {'title': 'Ms', 'first': 'Justine', 'last': 'Li'}, 'location': {'street': {'number': 6433, 'name': 'College Ave'}, 'city': 'Maitland', 'state': 'New Brunswick...</msg>
<var>${json_data}</var>
<arg>${response.json()}</arg>
<doc>Returns the given values which can then be assigned to a variables.</doc>
<status status="PASS" start="2024-05-05T07:12:38.859686" elapsed="0.000524"/>
</kw>
<kw name="Log" owner="BuiltIn">
<msg time="2024-05-05T07:12:38.860663" level="INFO">{'results': [{'gender': 'female', 'name': {'title': 'Ms', 'first': 'Justine', 'last': 'Li'}, 'location': {'street': {'number': 6433, 'name': 'College Ave'}, 'city': 'Maitland', 'state': 'New Brunswick', 'country': 'Canada', 'postcode': 'A8R 3L9', 'coordinates': {'latitude': '-67.9308', 'longitude': '93.6150'}, 'timezone': {'offset': '-9:00', 'description': 'Alaska'}}, 'email': 'justine.li@example.com', 'login': {'uuid': 'a8e2a494-b0a1-4a19-99b7-fbdb8a6f03b4', 'username': 'heavyzebra743', 'password': 'plastic', 'salt': 'bNgPhJZL', 'md5': '5404f64ace7f733d450e63f6cb2881ec', 'sha1': 'd0bcc2b5d464d0e9ea15a79b7a366cb25e0926d1', 'sha256': 'a31673d267304ac36f582f3401e9b1bd0bf830151230f6aa656816bf9f2faaf1'}, 'dob': {'date': '1992-06-11T09:37:24.586Z', 'age': 31}, 'registered': {'date': '2016-10-27T23:36:46.542Z', 'age': 7}, 'phone': 'Q39 B26-2371', 'cell': 'Y17 W55-1477', 'id': {'name': 'SIN', 'value': '049195803'}, 'picture': {'large': 'https://randomuser.me/api/portraits/women/52.jpg', 'medium': 'https://randomuser.me/api/portraits/med/women/52.jpg', 'thumbnail': 'https://randomuser.me/api/portraits/thumb/women/52.jpg'}, 'nat': 'CA'}], 'info': {'seed': '7f9d28946a6a4cd7', 'results': 1, 'page': 1, 'version': '1.4'}}</msg>
<arg>${json_data}</arg>
<doc>Logs the given message with the given level.</doc>
<status status="PASS" start="2024-05-05T07:12:38.860510" elapsed="0.000236"/>
</kw>
<kw name="Should Be String" owner="String">
<arg>${json_data['results'][0]['gender']}</arg>
<doc>Fails if the given ``item`` is not a string.</doc>
<status status="PASS" start="2024-05-05T07:12:38.861043" elapsed="0.000358"/>
</kw>
<kw name="Should Match Regexp" owner="BuiltIn">
<arg>${json_data['results'][0]['email']}</arg>
<arg>^[a-zA-Z0-9._%+-]+@[a-zA-Z0-9.-]+\.[a-zA-Z]{2,}$</arg>
<doc>Fails if ``string`` does not match ``pattern`` as a regular expression.</doc>
<status status="PASS" start="2024-05-05T07:12:38.861590" elapsed="0.000543"/>
</kw>
<kw name="Should Match Regexp" owner="BuiltIn">
<arg>${json_data['results'][0]['dob']['date']}</arg>
<arg>\\d{4}-\\d{2}-\\d{2}T\\d{2}:\\d{2}:\\d{2}\\.\\d{3}Z</arg>
<doc>Fails if ``string`` does not match ``pattern`` as a regular expression.</doc>
<status status="PASS" start="2024-05-05T07:12:38.862331" elapsed="0.000490"/>
</kw>
<kw name="Should Match Regexp" owner="BuiltIn">
<arg>${json_data['results'][0]['registered']['date']}</arg>
<arg>\\d{4}-\\d{2}-\\d{2}T\\d{2}:\\d{2}:\\d{2}\\.\\d{3}Z</arg>
<doc>Fails if ``string`` does not match ``pattern`` as a regular expression.</doc>
<status status="PASS" start="2024-05-05T07:12:38.863012" elapsed="0.000362"/>
</kw>
<kw name="Should Match Regexp" owner="BuiltIn">
<arg>${json_data['results'][0]['picture']['large']}</arg>
<arg>^https?://.*\.(?:png|jpe?g|gif|bmp)$</arg>
<doc>Fails if ``string`` does not match ``pattern`` as a regular expression.</doc>
<status status="PASS" start="2024-05-05T07:12:38.863558" elapsed="0.000449"/>
</kw>
<kw name="Should Match Regexp" owner="BuiltIn">
<arg>${json_data['results'][0]['picture']['medium']}</arg>
<arg>^https?://.*\.(?:png|jpe?g|gif|bmp)$</arg>
<doc>Fails if ``string`` does not match ``pattern`` as a regular expression.</doc>
<status status="PASS" start="2024-05-05T07:12:38.864189" elapsed="0.000351"/>
</kw>
<kw name="Should Match Regexp" owner="BuiltIn">
<arg>${json_data['results'][0]['picture']['thumbnail']}</arg>
<arg>^https?://.*\.(?:png|jpe?g|gif|bmp)$</arg>
<doc>Fails if ``string`` does not match ``pattern`` as a regular expression.</doc>
<status status="PASS" start="2024-05-05T07:12:38.864724" elapsed="0.000340"/>
</kw>
<kw name="Log" owner="BuiltIn">
<msg time="2024-05-05T07:12:38.865552" level="INFO">{'large': 'https://randomuser.me/api/portraits/women/52.jpg', 'medium': 'https://randomuser.me/api/portraits/med/women/52.jpg', 'thumbnail': 'https://randomuser.me/api/portraits/thumb/women/52.jpg'}</msg>
<arg>${json_data['results'][0]['picture']}</arg>
<doc>Logs the given message with the given level.</doc>
<status status="PASS" start="2024-05-05T07:12:38.865238" elapsed="0.000354"/>
</kw>
<status status="PASS" start="2024-05-05T07:12:38.543468" elapsed="0.322380"/>
</kw>
<kw name="Teste de Tipos de Dados - Postcode" owner="random-user-service">
<kw name="GET On Session" owner="RequestsLibrary">
<msg time="2024-05-05T07:12:38.931875" level="INFO">GET Request : url=https://randomuser.me/api 
 path_url=/api 
 headers={'User-Agent': 'python-requests/2.31.0', 'Accept-Encoding': 'gzip, deflate', 'Accept': '*/*', 'Connection': 'keep-alive'} 
 body=None 
 </msg>
<msg time="2024-05-05T07:12:38.931958" level="INFO">GET Response : url=https://randomuser.me/api 
 status=200, reason=OK 
 headers={'Date': 'Sun, 05 May 2024 07:12:38 GMT', 'Content-Type': 'application/json; charset=utf-8', 'Transfer-Encoding': 'chunked', 'Connection': 'keep-alive', 'X-Powered-By': 'Express', 'Access-Control-Allow-Origin': '*', 'Cache-Control': 'no-cache', 'ETag': 'W/"499-loMbmDwX88II9rtthm8WLDjYW8A"', 'Vary': 'Accept-Encoding', 'Content-Encoding': 'gzip', 'CF-Cache-Status': 'DYNAMIC', 'Report-To': '{"endpoints":[{"url":"https:\\/\\/a.nel.cloudflare.com\\/report\\/v4?s=W8AIT28NiKfPaX85VA9F3KKcQqaDGxuzrj1bVzidDnsW0f42%2FjKz1vTQ0B1Bapt4UCnIOKwoU%2BtomTg8SSpQ2sLyhCsOV7k3heuF3Nu99FELw8%2BEBxolyuBxtvktQCUn"}],"group":"cf-nel","max_age":604800}', 'NEL': '{"success_fraction":0,"report_to":"cf-nel","max_age":604800}', 'Server': 'cloudflare', 'CF-RAY': '87eeec62ec6d58c6-IAD', 'alt-svc': 'h3=":443"; ma=86400'} 
 body={"results":[{"gender":"female","name":{"title":"Ms","first":"Gabrielle","last":"Roy"},"location":{"street":{"number":7560,"name":"Rue Louis-Blanqui"},"city":"Marseille","state":"Morbihan","country":"France","postcode":58248,"coordinates":{"latitude":"-21.3260","longitude":"158.4128"},"timezone":{"offset":"-1:00","description":"Azores, Cape Verde Islands"}},"email":"gabrielle.roy@example.com","login":{"uuid":"6ff6ce7b-87e2-4292-baa3-2f51d6ec8454","username":"browndog953","password":"pascal","salt":"B4klJk9O","md5":"b9eef4428c0f670234e315c268a73ef7","sha1":"121e55c884c28cfc9b807c3e56cba1df217ed6ec","sha256":"01fe30286d93baa9522afed3d18160dfaf7f76d278b163062d73a4926d7e9786"},"dob":{"date":"1963-04-06T05:29:15.964Z","age":61},"registered":{"date":"2003-12-05T12:09:53.785Z","age":20},"phone":"02-98-52-32-64","cell":"06-68-86-17-59","id":{"name":"INSEE","value":"2630391327796 94"},"picture":{"large":"https://randomuser.me/api/portraits/women/82.jpg","medium":"https://randomuser.me/api/portraits/med/women/82.jpg","thumbnail":"https://randomuser.me/api/portraits/thumb/women/82.jpg"},"nat":"FR"}],"info":{"seed":"52796f8412c2dfaf","results":1,"page":1,"version":"1.4"}} 
 </msg>
<msg time="2024-05-05T07:12:38.932030" level="INFO">/opt/hostedtoolcache/Python/3.12.3/x64/lib/python3.12/site-packages/urllib3/connectionpool.py:1103: InsecureRequestWarning: Unverified HTTPS request is being made to host 'randomuser.me'. Adding certificate verification is strongly advised. See: https://urllib3.readthedocs.io/en/latest/advanced-usage.html#tls-warnings
  warnings.warn(</msg>
<msg time="2024-05-05T07:12:38.932139" level="INFO">${response} = &lt;Response [200]&gt;</msg>
<var>${response}</var>
<arg>consultarAPI</arg>
<arg>/api</arg>
<doc>Sends a GET request on a previously created HTTP Session.</doc>
<status status="PASS" start="2024-05-05T07:12:38.866321" elapsed="0.065857"/>
</kw>
<kw name="Set Variable" owner="BuiltIn">
<msg time="2024-05-05T07:12:38.933027" level="INFO">${json_data} = {'results': [{'gender': 'female', 'name': {'title': 'Ms', 'first': 'Gabrielle', 'last': 'Roy'}, 'location': {'street': {'number': 7560, 'name': 'Rue Louis-Blanqui'}, 'city': 'Marseille', 'state': 'Mor...</msg>
<var>${json_data}</var>
<arg>${response.json()}</arg>
<doc>Returns the given values which can then be assigned to a variables.</doc>
<status status="PASS" start="2024-05-05T07:12:38.932571" elapsed="0.000484"/>
</kw>
<kw name="Log" owner="BuiltIn">
<msg time="2024-05-05T07:12:38.933500" level="INFO">{'results': [{'gender': 'female', 'name': {'title': 'Ms', 'first': 'Gabrielle', 'last': 'Roy'}, 'location': {'street': {'number': 7560, 'name': 'Rue Louis-Blanqui'}, 'city': 'Marseille', 'state': 'Morbihan', 'country': 'France', 'postcode': 58248, 'coordinates': {'latitude': '-21.3260', 'longitude': '158.4128'}, 'timezone': {'offset': '-1:00', 'description': 'Azores, Cape Verde Islands'}}, 'email': 'gabrielle.roy@example.com', 'login': {'uuid': '6ff6ce7b-87e2-4292-baa3-2f51d6ec8454', 'username': 'browndog953', 'password': 'pascal', 'salt': 'B4klJk9O', 'md5': 'b9eef4428c0f670234e315c268a73ef7', 'sha1': '121e55c884c28cfc9b807c3e56cba1df217ed6ec', 'sha256': '01fe30286d93baa9522afed3d18160dfaf7f76d278b163062d73a4926d7e9786'}, 'dob': {'date': '1963-04-06T05:29:15.964Z', 'age': 61}, 'registered': {'date': '2003-12-05T12:09:53.785Z', 'age': 20}, 'phone': '02-98-52-32-64', 'cell': '06-68-86-17-59', 'id': {'name': 'INSEE', 'value': '2630391327796 94'}, 'picture': {'large': 'https://randomuser.me/api/portraits/women/82.jpg', 'medium': 'https://randomuser.me/api/portraits/med/women/82.jpg', 'thumbnail': 'https://randomuser.me/api/portraits/thumb/women/82.jpg'}, 'nat': 'FR'}], 'info': {'seed': '52796f8412c2dfaf', 'results': 1, 'page': 1, 'version': '1.4'}}</msg>
<arg>${json_data}</arg>
<doc>Logs the given message with the given level.</doc>
<status status="PASS" start="2024-05-05T07:12:38.933351" elapsed="0.000225"/>
</kw>
<kw name="Should Be Equal As Numbers" owner="BuiltIn">
<arg>${json_data['results'][0]['location']['postcode']}</arg>
<arg>${json_data['results'][0]['location']['postcode']}</arg>
<doc>Fails if objects are unequal after converting them to real numbers.</doc>
<status status="PASS" start="2024-05-05T07:12:38.933872" elapsed="0.000793"/>
</kw>
<kw name="Log" owner="BuiltIn">
<msg time="2024-05-05T07:12:38.935197" level="INFO">58248</msg>
<arg>${json_data['results'][0]['location']['postcode']}</arg>
<doc>Logs the given message with the given level.</doc>
<status status="PASS" start="2024-05-05T07:12:38.934860" elapsed="0.000377"/>
</kw>
<status status="PASS" start="2024-05-05T07:12:38.866072" elapsed="0.069412"/>
</kw>
<doc>Testa se os tipos de dados na resposta da API estão corretos.</doc>
<tag>testeTiposDados</tag>
<status status="PASS" start="2024-05-05T07:12:38.542946" elapsed="0.392698"/>
</test>
<test id="s1-s1-t5" name="Validar conteudo" line="35">
<kw name="Teste de Tipos de Conteudo" owner="random-user-service">
<kw name="GET On Session" owner="RequestsLibrary">
<msg time="2024-05-05T07:12:39.002562" level="INFO">GET Request : url=https://randomuser.me/api 
 path_url=/api 
 headers={'User-Agent': 'python-requests/2.31.0', 'Accept-Encoding': 'gzip, deflate', 'Accept': '*/*', 'Connection': 'keep-alive'} 
 body=None 
 </msg>
<msg time="2024-05-05T07:12:39.002640" level="INFO">GET Response : url=https://randomuser.me/api 
 status=200, reason=OK 
 headers={'Date': 'Sun, 05 May 2024 07:12:38 GMT', 'Content-Type': 'application/json; charset=utf-8', 'Transfer-Encoding': 'chunked', 'Connection': 'keep-alive', 'X-Powered-By': 'Express', 'Access-Control-Allow-Origin': '*', 'Cache-Control': 'no-cache', 'ETag': 'W/"484-bT3p/wPTFnCkwshhpawGqILxLRM"', 'Vary': 'Accept-Encoding', 'Content-Encoding': 'gzip', 'CF-Cache-Status': 'DYNAMIC', 'Report-To': '{"endpoints":[{"url":"https:\\/\\/a.nel.cloudflare.com\\/report\\/v4?s=FqAEXElYdPFTcwArcjPp1pwimoDKFwErRietwdFVPWgZqCrCNF1g%2BK1hpNrnw7EGJwcXmr%2Fgjlju3pZFDTfBA7IH6ehoUwVpshjXhnmE2aMht2keH1iH7EDsZ3IejsBZ"}],"group":"cf-nel","max_age":604800}', 'NEL': '{"success_fraction":0,"report_to":"cf-nel","max_age":604800}', 'Server': 'cloudflare', 'CF-RAY': '87eeec636ca058c6-IAD', 'alt-svc': 'h3=":443"; ma=86400'} 
 body={"results":[{"gender":"male","name":{"title":"Mr","first":"Juan","last":"Domínguez"},"location":{"street":{"number":5210,"name":"Calle de Alberto Aguilera"},"city":"La Coruña","state":"Islas Baleares","country":"Spain","postcode":40734,"coordinates":{"latitude":"-34.5450","longitude":"-52.6876"},"timezone":{"offset":"-9:00","description":"Alaska"}},"email":"juan.dominguez@example.com","login":{"uuid":"a31836b5-cf46-4b56-8eaf-d667837079ec","username":"purplezebra845","password":"toolbox","salt":"V7rxQvys","md5":"d145c769356c4cf50a74f04fb572096c","sha1":"faa3e98b0780043126f27cb725ac4cb16db385b1","sha256":"3f6c844f166dac2938920df8a5a695c24583ff366591fa3f3b433de6b6ac86ba"},"dob":{"date":"1966-05-27T13:32:48.095Z","age":57},"registered":{"date":"2009-12-07T09:03:20.972Z","age":14},"phone":"952-404-587","cell":"697-655-363","id":{"name":"DNI","value":"59712851-A"},"picture":{"large":"https://randomuser.me/api/portraits/men/46.jpg","medium":"https://randomuser.me/api/portraits/med/men/46.jpg","thumbnail":"https://randomuser.me/api/portraits/thumb/men/46.jpg"},"nat":"ES"}],"info":{"seed":"2c1076019e94a7db","results":1,"page":1,"version":"1.4"}} 
 </msg>
<msg time="2024-05-05T07:12:39.002707" level="INFO">/opt/hostedtoolcache/Python/3.12.3/x64/lib/python3.12/site-packages/urllib3/connectionpool.py:1103: InsecureRequestWarning: Unverified HTTPS request is being made to host 'randomuser.me'. Adding certificate verification is strongly advised. See: https://urllib3.readthedocs.io/en/latest/advanced-usage.html#tls-warnings
  warnings.warn(</msg>
<msg time="2024-05-05T07:12:39.002808" level="INFO">${response} = &lt;Response [200]&gt;</msg>
<var>${response}</var>
<arg>consultarAPI</arg>
<arg>/api</arg>
<doc>Sends a GET request on a previously created HTTP Session.</doc>
<status status="PASS" start="2024-05-05T07:12:38.938069" elapsed="0.064779"/>
</kw>
<kw name="Set Variable" owner="BuiltIn">
<msg time="2024-05-05T07:12:39.003761" level="INFO">${json_data} = {'results': [{'gender': 'male', 'name': {'title': 'Mr', 'first': 'Juan', 'last': 'Domínguez'}, 'location': {'street': {'number': 5210, 'name': 'Calle de Alberto Aguilera'}, 'city': 'La Coruña', 'state...</msg>
<var>${json_data}</var>
<arg>${response.json()}</arg>
<doc>Returns the given values which can then be assigned to a variables.</doc>
<status status="PASS" start="2024-05-05T07:12:39.003305" elapsed="0.000485"/>
</kw>
<kw name="Set Variable" owner="BuiltIn">
<msg time="2024-05-05T07:12:39.004473" level="INFO">${name_title} = Mr</msg>
<var>${name_title}</var>
<arg>${json_data["results"][0]["name"]["title"]}</arg>
<doc>Returns the given values which can then be assigned to a variables.</doc>
<status status="PASS" start="2024-05-05T07:12:39.004090" elapsed="0.000408"/>
</kw>
<kw name="Create List" owner="BuiltIn">
<msg time="2024-05-05T07:12:39.004947" level="INFO">${allowed_titles} = ['Mr', 'Ms', 'Miss', 'Mrs', 'Madame', 'Monsieur']</msg>
<var>${allowed_titles}</var>
<arg>Mr</arg>
<arg>Ms</arg>
<arg>Miss</arg>
<arg>Mrs</arg>
<arg>Madame</arg>
<arg>Monsieur</arg>
<doc>Returns a list containing given items.</doc>
<status status="PASS" start="2024-05-05T07:12:39.004799" elapsed="0.000171"/>
</kw>
<kw name="List Should Contain Value" owner="Collections">
<msg time="2024-05-05T07:12:39.005456" level="INFO">False</msg>
<arg>${allowed_titles}</arg>
<arg>${name_title}</arg>
<doc>Fails if the ``value`` is not found from ``list``.</doc>
<status status="PASS" start="2024-05-05T07:12:39.005280" elapsed="0.000212"/>
</kw>
<kw name="Set Variable" owner="BuiltIn">
<msg time="2024-05-05T07:12:39.006190" level="INFO">${name_country} = ES</msg>
<var>${name_country}</var>
<arg>${json_data["results"][0]["nat"]}</arg>
<doc>Returns the given values which can then be assigned to a variables.</doc>
<status status="PASS" start="2024-05-05T07:12:39.005783" elapsed="0.000432"/>
</kw>
<kw name="Create List" owner="BuiltIn">
<msg time="2024-05-05T07:12:39.007114" level="INFO">${list_country} = ['AD', 'AE', 'AF', 'AG', 'AI', 'AL', 'AM', 'AO', 'AQ', 'AR', 'AS', 'AT', 'AU', 'AW', 'AX', 'AZ', 'BA', 'BB', 'BD', 'BE', 'BF', 'BG', 'BH', 'BI', 'BJ', 'BL', 'BM', 'BN', 'BO', 'BQ', 'BR', 'BS', 'BT', '...</msg>
<var>${list_country}</var>
<arg>AD</arg>
<arg>AE</arg>
<arg>AF</arg>
<arg>AG</arg>
<arg>AI</arg>
<arg>AL</arg>
<arg>AM</arg>
<arg>AO</arg>
<arg>AQ</arg>
<arg>AR</arg>
<arg>AS</arg>
<arg>AT</arg>
<arg>AU</arg>
<arg>AW</arg>
<arg>AX</arg>
<arg>AZ</arg>
<arg>BA</arg>
<arg>BB</arg>
<arg>BD</arg>
<arg>BE</arg>
<arg>BF</arg>
<arg>BG</arg>
<arg>BH</arg>
<arg>BI</arg>
<arg>BJ</arg>
<arg>BL</arg>
<arg>BM</arg>
<arg>BN</arg>
<arg>BO</arg>
<arg>BQ</arg>
<arg>BR</arg>
<arg>BS</arg>
<arg>BT</arg>
<arg>BV</arg>
<arg>BW</arg>
<arg>BY</arg>
<arg>BZ</arg>
<arg>CA</arg>
<arg>CC</arg>
<arg>CD</arg>
<arg>CF</arg>
<arg>CG</arg>
<arg>CH</arg>
<arg>CI</arg>
<arg>CK</arg>
<arg>CL</arg>
<arg>CM</arg>
<arg>CN</arg>
<arg>CO</arg>
<arg>CR</arg>
<arg>CU</arg>
<arg>CV</arg>
<arg>CW</arg>
<arg>CX</arg>
<arg>CY</arg>
<arg>CZ</arg>
<arg>DE</arg>
<arg>DJ</arg>
<arg>DK</arg>
<arg>DM</arg>
<arg>DO</arg>
<arg>DZ</arg>
<arg>EC</arg>
<arg>EE</arg>
<arg>EG</arg>
<arg>EH</arg>
<arg>ER</arg>
<arg>ES</arg>
<arg>ET</arg>
<arg>FI</arg>
<arg>FJ</arg>
<arg>FK</arg>
<arg>FM</arg>
<arg>FO</arg>
<arg>FR</arg>
<arg>GA</arg>
<arg>GB</arg>
<arg>GD</arg>
<arg>GE</arg>
<arg>GF</arg>
<arg>GG</arg>
<arg>GH</arg>
<arg>GI</arg>
<arg>GL</arg>
<arg>GM</arg>
<arg>GN</arg>
<arg>GP</arg>
<arg>GQ</arg>
<arg>GR</arg>
<arg>GS</arg>
<arg>GT</arg>
<arg>GU</arg>
<arg>GW</arg>
<arg>GY</arg>
<arg>HK</arg>
<arg>HM</arg>
<arg>HN</arg>
<arg>HR</arg>
<arg>HT</arg>
<arg>HU</arg>
<arg>ID</arg>
<arg>IE</arg>
<arg>IL</arg>
<arg>IM</arg>
<arg>IN</arg>
<arg>IO</arg>
<arg>IQ</arg>
<arg>IR</arg>
<arg>IS</arg>
<arg>IT</arg>
<arg>JE</arg>
<arg>JM</arg>
<arg>JO</arg>
<arg>JP</arg>
<arg>KE</arg>
<arg>KG</arg>
<arg>KH</arg>
<arg>KI</arg>
<arg>KM</arg>
<arg>KN</arg>
<arg>KP</arg>
<arg>KR</arg>
<arg>KW</arg>
<arg>KY</arg>
<arg>KZ</arg>
<arg>LA</arg>
<arg>LB</arg>
<arg>LC</arg>
<arg>LI</arg>
<arg>LK</arg>
<arg>LR</arg>
<arg>LS</arg>
<arg>LT</arg>
<arg>LU</arg>
<arg>LV</arg>
<arg>LY</arg>
<arg>MA</arg>
<arg>MC</arg>
<arg>MD</arg>
<arg>ME</arg>
<arg>MF</arg>
<arg>MG</arg>
<arg>MH</arg>
<arg>MK</arg>
<arg>ML</arg>
<arg>MM</arg>
<arg>MN</arg>
<arg>MO</arg>
<arg>MP</arg>
<arg>MQ</arg>
<arg>MR</arg>
<arg>MS</arg>
<arg>MT</arg>
<arg>MU</arg>
<arg>MV</arg>
<arg>MW</arg>
<arg>MX</arg>
<arg>MY</arg>
<arg>MZ</arg>
<arg>NA</arg>
<arg>NC</arg>
<arg>NE</arg>
<arg>NF</arg>
<arg>NG</arg>
<arg>NI</arg>
<arg>NL</arg>
<arg>NO</arg>
<arg>NP</arg>
<arg>NR</arg>
<arg>NU</arg>
<arg>NZ</arg>
<arg>OM</arg>
<arg>PA</arg>
<arg>PE</arg>
<arg>PF</arg>
<arg>PG</arg>
<arg>PH</arg>
<arg>PK</arg>
<arg>PL</arg>
<arg>PM</arg>
<arg>PN</arg>
<arg>PR</arg>
<arg>PS</arg>
<arg>PT</arg>
<arg>PW</arg>
<arg>PY</arg>
<arg>QA</arg>
<arg>RE</arg>
<arg>RO</arg>
<arg>RS</arg>
<arg>RU</arg>
<arg>RW</arg>
<arg>SA</arg>
<arg>SB</arg>
<arg>SC</arg>
<arg>SD</arg>
<arg>SE</arg>
<arg>SG</arg>
<arg>SH</arg>
<arg>SI</arg>
<arg>SJ</arg>
<arg>SK</arg>
<arg>SL</arg>
<arg>SM</arg>
<arg>SN</arg>
<arg>SO</arg>
<arg>SR</arg>
<arg>SS</arg>
<arg>ST</arg>
<arg>SV</arg>
<arg>SX</arg>
<arg>SY</arg>
<arg>SZ</arg>
<arg>TC</arg>
<arg>TD</arg>
<arg>TF</arg>
<arg>TG</arg>
<arg>TH</arg>
<arg>TJ</arg>
<arg>TK</arg>
<arg>TL</arg>
<arg>TM</arg>
<arg>TN</arg>
<arg>TO</arg>
<arg>TR</arg>
<arg>TT</arg>
<arg>TV</arg>
<arg>TW</arg>
<arg>TZ</arg>
<arg>UA</arg>
<arg>UG</arg>
<arg>UM</arg>
<arg>US</arg>
<arg>UY</arg>
<arg>UZ</arg>
<arg>VA</arg>
<arg>VC</arg>
<arg>VE</arg>
<arg>VG</arg>
<arg>VI</arg>
<arg>VN</arg>
<arg>VU</arg>
<arg>WF</arg>
<arg>WS</arg>
<arg>XK</arg>
<arg>YE</arg>
<arg>YT</arg>
<arg>ZA</arg>
<arg>ZM</arg>
<arg>ZW</arg>
<doc>Returns a list containing given items.</doc>
<status status="PASS" start="2024-05-05T07:12:39.006528" elapsed="0.000612"/>
</kw>
<kw name="List Should Contain Value" owner="Collections">
<msg time="2024-05-05T07:12:39.008119" level="INFO">False</msg>
<arg>${list_country}</arg>
<arg>${name_country}</arg>
<doc>Fails if the ``value`` is not found from ``list``.</doc>
<status status="PASS" start="2024-05-05T07:12:39.007922" elapsed="0.000233"/>
</kw>
<kw name="Run Keyword If" owner="BuiltIn">
<kw name="Should Be True" owner="BuiltIn">
<arg>${True}</arg>
<doc>Fails if the given condition is not true.</doc>
<status status="PASS" start="2024-05-05T07:12:39.009213" elapsed="0.000140"/>
</kw>
<arg>${json_data["results"][0]["location"]["coordinates"]["latitude"]} &gt;= -90 and ${json_data["results"][0]["location"]["coordinates"]["latitude"]} &lt;= 90</arg>
<arg>Should Be True</arg>
<arg>${True}</arg>
<doc>Runs the given keyword with the given arguments, if ``condition`` is true.</doc>
<status status="PASS" start="2024-05-05T07:12:39.008467" elapsed="0.001010"/>
</kw>
<kw name="Run Keyword If" owner="BuiltIn">
<kw name="Should Be True" owner="BuiltIn">
<arg>${True}</arg>
<doc>Fails if the given condition is not true.</doc>
<status status="PASS" start="2024-05-05T07:12:39.010379" elapsed="0.000239"/>
</kw>
<arg>${json_data["results"][0]["location"]["coordinates"]["longitude"]} &gt;= -180 and ${json_data["results"][0]["location"]["coordinates"]["longitude"]} &lt;= 180</arg>
<arg>Should Be True</arg>
<arg>${True}</arg>
<doc>Runs the given keyword with the given arguments, if ``condition`` is true.</doc>
<status status="PASS" start="2024-05-05T07:12:39.009657" elapsed="0.001087"/>
</kw>
<status status="PASS" start="2024-05-05T07:12:38.937851" elapsed="0.073023"/>
</kw>
<doc>Testa o conteúdo específico dos campos retornados pela API.</doc>
<tag>testeConteudo</tag>
<status status="PASS" start="2024-05-05T07:12:38.937420" elapsed="0.073596"/>
</test>
<status status="PASS" start="2024-05-05T07:12:37.947042" elapsed="1.065855"/>
</suite>
<status status="PASS" start="2024-05-05T07:12:37.933830" elapsed="1.084202"/>
</suite>
<statistics>
<total>
<stat pass="5" fail="0" skip="0">All Tests</stat>
</total>
<tag>
<stat pass="1" fail="0" skip="0">testeConteudo</stat>
<stat pass="1" fail="0" skip="0">testeEstruturaResposta</stat>
<stat pass="1" fail="0" skip="0">testeRequisicaoBasica</stat>
<stat pass="1" fail="0" skip="0">testeTiposDados</stat>
</tag>
<suite>
<stat pass="5" fail="0" skip="0" id="s1" name="Tests">Tests</stat>
<stat pass="5" fail="0" skip="0" id="s1-s1" name="Random-User-Test">Tests.Random-User-Test</stat>
</suite>
</statistics>
<errors>
</errors>
</robot>
