<?xml version="1.0" encoding="UTF-8"?>
<robot generator="Robot 7.0.1 (Python 3.12.4 on linux)" generated="2024-07-13T14:12:52.853966" rpa="false" schemaversion="5">
<suite id="s1" name="Tests" source="/home/runner/work/ApiRandomUser/ApiRandomUser/RamdonUser/tests">
<suite id="s1-s1" name="Random-User-Test" source="/home/runner/work/ApiRandomUser/ApiRandomUser/RamdonUser/tests/random-user-test.robot">
<test id="s1-s1-t1" name="Conectar" line="13">
<kw name="Conectar API" owner="random-user-service">
<kw name="Create Session" owner="RequestsLibrary">
<msg time="2024-07-13T14:12:53.261815" level="INFO">Creating Session using : alias=consultarAPI, url=https://randomuser.me/, headers={},                     cookies={}, auth=None, timeout=None, proxies=None, verify=False,                     debug=0 </msg>
<arg>consultarAPI</arg>
<arg>${URL}</arg>
<doc>Create Session: create a HTTP session to a server</doc>
<status status="PASS" start="2024-07-13T14:12:53.261610" elapsed="0.000384"/>
</kw>
<status status="PASS" start="2024-07-13T14:12:53.260595" elapsed="0.001755"/>
</kw>
<status status="PASS" start="2024-07-13T14:12:53.259999" elapsed="0.002544"/>
</test>
<test id="s1-s1-t2" name="Validar retorno 200 e JSON Válido" line="16">
<kw name="Teste de Requisicao Basica" owner="random-user-service">
<kw name="GET On Session" owner="RequestsLibrary">
<msg time="2024-07-13T14:12:53.345049" level="INFO">GET Request : url=https://randomuser.me/api 
 path_url=/api 
 headers={'User-Agent': 'python-requests/2.32.3', 'Accept-Encoding': 'gzip, deflate', 'Accept': '*/*', 'Connection': 'keep-alive'} 
 body=None 
 </msg>
<msg time="2024-07-13T14:12:53.345179" level="INFO">GET Response : url=https://randomuser.me/api 
 status=200, reason=OK 
 headers={'Date': 'Sat, 13 Jul 2024 14:12:53 GMT', 'Content-Type': 'application/json; charset=utf-8', 'Transfer-Encoding': 'chunked', 'Connection': 'keep-alive', 'X-Powered-By': 'Express', 'Access-Control-Allow-Origin': '*', 'Cache-Control': 'no-cache', 'ETag': 'W/"47e-bXGRcMWskrOnCuFWK6+p5f/ybnk"', 'Vary': 'Accept-Encoding', 'Content-Encoding': 'gzip', 'CF-Cache-Status': 'DYNAMIC', 'Report-To': '{"endpoints":[{"url":"https:\\/\\/a.nel.cloudflare.com\\/report\\/v4?s=B0jEpxgeMRHNzyP0iPrdiXc964lPBs6Pj%2FXdT3M7%2B8yoO7itBkj3oIMuB6I5xFKyZgfPvG%2F4v1wdauFE8UBr2WY0wpyNb5ePcAS4xB0Kbt7SUO%2BMRhDRJsI4%2F28UW1w5"}],"group":"cf-nel","max_age":604800}', 'NEL': '{"success_fraction":0,"report_to":"cf-nel","max_age":604800}', 'Server': 'cloudflare', 'CF-RAY': '8a29ded92abd5b53-IAD', 'alt-svc': 'h3=":443"; ma=86400'} 
 body={"results":[{"gender":"male","name":{"title":"Mr","first":"Jackson","last":"Vargas"},"location":{"street":{"number":2664,"name":"E Sandy Lake Rd"},"city":"Mobile","state":"Ohio","country":"United States","postcode":58830,"coordinates":{"latitude":"88.8335","longitude":"-59.7752"},"timezone":{"offset":"+5:45","description":"Kathmandu"}},"email":"jackson.vargas@example.com","login":{"uuid":"7ec439a8-d0e2-461a-8915-172f37c8734c","username":"beautifulgoose209","password":"medusa","salt":"Ya5jyePt","md5":"959db66bbb91971facd189a29c26edbe","sha1":"09b2848d56039c2fcb1509bbc0ca932d8091844a","sha256":"2534cbe787d0e068efe90fbf1630bb8edd822a12d563992fed5347e44eb5c924"},"dob":{"date":"1971-06-02T10:58:31.820Z","age":53},"registered":{"date":"2004-12-21T20:31:17.206Z","age":19},"phone":"(348) 641-2738","cell":"(513) 895-5140","id":{"name":"SSN","value":"026-60-7183"},"picture":{"large":"https://randomuser.me/api/portraits/men/98.jpg","medium":"https://randomuser.me/api/portraits/med/men/98.jpg","thumbnail":"https://randomuser.me/api/portraits/thumb/men/98.jpg"},"nat":"US"}],"info":{"seed":"5d0453497bed2be4","results":1,"page":1,"version":"1.4"}} 
 </msg>
<msg time="2024-07-13T14:12:53.345262" level="INFO">/opt/hostedtoolcache/Python/3.12.4/x64/lib/python3.12/site-packages/urllib3/connectionpool.py:1099: InsecureRequestWarning: Unverified HTTPS request is being made to host 'randomuser.me'. Adding certificate verification is strongly advised. See: https://urllib3.readthedocs.io/en/latest/advanced-usage.html#tls-warnings
  warnings.warn(</msg>
<msg time="2024-07-13T14:12:53.345434" level="INFO">${response} = &lt;Response [200]&gt;</msg>
<var>${response}</var>
<arg>consultarAPI</arg>
<arg>/api</arg>
<doc>Sends a GET request on a previously created HTTP Session.</doc>
<status status="PASS" start="2024-07-13T14:12:53.265182" elapsed="0.080304"/>
</kw>
<kw name="Should Be Equal As Numbers" owner="BuiltIn">
<msg time="2024-07-13T14:12:53.346584" level="INFO">Argument types are:
&lt;class 'int'&gt;
&lt;class 'str'&gt;</msg>
<arg>${response.status_code}</arg>
<arg>200</arg>
<doc>Fails if objects are unequal after converting them to real numbers.</doc>
<status status="PASS" start="2024-07-13T14:12:53.346034" elapsed="0.000615"/>
</kw>
<kw name="Log" owner="BuiltIn">
<msg time="2024-07-13T14:12:53.347331" level="INFO">200</msg>
<arg>${response.status_code}</arg>
<doc>Logs the given message with the given level.</doc>
<status status="PASS" start="2024-07-13T14:12:53.346972" elapsed="0.000403"/>
</kw>
<kw name="Set Variable" owner="BuiltIn">
<msg time="2024-07-13T14:12:53.348117" level="INFO">${json_data} = {'results': [{'gender': 'male', 'name': {'title': 'Mr', 'first': 'Jackson', 'last': 'Vargas'}, 'location': {'street': {'number': 2664, 'name': 'E Sandy Lake Rd'}, 'city': 'Mobile', 'state': 'Ohio', 'c...</msg>
<var>${json_data}</var>
<arg>${response.json()}</arg>
<doc>Returns the given values which can then be assigned to a variables.</doc>
<status status="PASS" start="2024-07-13T14:12:53.347681" elapsed="0.000464"/>
</kw>
<kw name="Dictionary Should Contain Key" owner="Collections">
<arg>${json_data}</arg>
<arg>results</arg>
<doc>Fails if ``key`` is not found from ``dictionary``.</doc>
<status status="PASS" start="2024-07-13T14:12:53.348446" elapsed="0.000172"/>
</kw>
<status status="PASS" start="2024-07-13T14:12:53.264931" elapsed="0.083832"/>
</kw>
<doc>Testa se a API responde corretamente e retorna um objeto JSON válido.</doc>
<tag>testeRequisicaoBasica</tag>
<status status="PASS" start="2024-07-13T14:12:53.264420" elapsed="0.084514"/>
</test>
<test id="s1-s1-t3" name="Validar estrutura de resposta" line="22">
<kw name="Teste de Estrutura de Resposta" owner="random-user-service">
<kw name="GET On Session" owner="RequestsLibrary">
<msg time="2024-07-13T14:12:53.441023" level="INFO">GET Request : url=https://randomuser.me/api 
 path_url=/api 
 headers={'User-Agent': 'python-requests/2.32.3', 'Accept-Encoding': 'gzip, deflate', 'Accept': '*/*', 'Connection': 'keep-alive'} 
 body=None 
 </msg>
<msg time="2024-07-13T14:12:53.441110" level="INFO">GET Response : url=https://randomuser.me/api 
 status=200, reason=OK 
 headers={'Date': 'Sat, 13 Jul 2024 14:12:53 GMT', 'Content-Type': 'application/json; charset=utf-8', 'Transfer-Encoding': 'chunked', 'Connection': 'keep-alive', 'X-Powered-By': 'Express', 'Access-Control-Allow-Origin': '*', 'Cache-Control': 'no-cache', 'ETag': 'W/"488-d7BuevCm/z9F0H6yNKtOwD1KcbU"', 'Vary': 'Accept-Encoding', 'Content-Encoding': 'gzip', 'CF-Cache-Status': 'DYNAMIC', 'Report-To': '{"endpoints":[{"url":"https:\\/\\/a.nel.cloudflare.com\\/report\\/v4?s=xQZ8NcmvQMop5BnfkiHhPwLOd665bhoisV77YvcOekJV9CReyL0FtXgVlTXTb8nm63V1ir292HJFBLSp%2B4wCTnvvcMVKsv%2Fe4bdmseffo4Dh3CTsHuch673SL%2BFpRVEA"}],"group":"cf-nel","max_age":604800}', 'NEL': '{"success_fraction":0,"report_to":"cf-nel","max_age":604800}', 'Server': 'cloudflare', 'CF-RAY': '8a29ded97aee5b53-IAD', 'alt-svc': 'h3=":443"; ma=86400'} 
 body={"results":[{"gender":"male","name":{"title":"Mr","first":"پرهام","last":"نجاتی"},"location":{"street":{"number":7955,"name":"قدس"},"city":"آبادان","state":"همدان","country":"Iran","postcode":28249,"coordinates":{"latitude":"14.5868","longitude":"-94.5700"},"timezone":{"offset":"-6:00","description":"Central Time (US &amp; Canada), Mexico City"}},"email":"prhm.njty@example.com","login":{"uuid":"fa3c90b3-fbeb-43f9-8531-5109974d3d34","username":"brownbutterfly394","password":"dutch","salt":"9T6Tp8KG","md5":"a231bf46bb8e19f11a7b4690df262f11","sha1":"197f284b839a664a2a3447fae7c9daf5883bccc5","sha256":"c3ce1a077fdafa52400ddd0462b3fd299690d0a11d04b98f7895df72330d14a1"},"dob":{"date":"1950-11-09T22:42:16.945Z","age":73},"registered":{"date":"2003-06-07T09:34:06.207Z","age":21},"phone":"054-28282250","cell":"0921-968-2538","id":{"name":"","value":null},"picture":{"large":"https://randomuser.me/api/portraits/men/56.jpg","medium":"https://randomuser.me/api/portraits/med/men/56.jpg","thumbnail":"https://randomuser.me/api/portraits/thumb/men/56.jpg"},"nat":"IR"}],"info":{"seed":"d9d1b47e58e23f2b","results":1,"page":1,"version":"1.4"}} 
 </msg>
<msg time="2024-07-13T14:12:53.441243" level="INFO">/opt/hostedtoolcache/Python/3.12.4/x64/lib/python3.12/site-packages/urllib3/connectionpool.py:1099: InsecureRequestWarning: Unverified HTTPS request is being made to host 'randomuser.me'. Adding certificate verification is strongly advised. See: https://urllib3.readthedocs.io/en/latest/advanced-usage.html#tls-warnings
  warnings.warn(</msg>
<msg time="2024-07-13T14:12:53.441427" level="INFO">${response} = &lt;Response [200]&gt;</msg>
<var>${response}</var>
<arg>consultarAPI</arg>
<arg>/api</arg>
<doc>Sends a GET request on a previously created HTTP Session.</doc>
<status status="PASS" start="2024-07-13T14:12:53.351676" elapsed="0.089802"/>
</kw>
<kw name="Set Variable" owner="BuiltIn">
<msg time="2024-07-13T14:12:53.442625" level="INFO">${json_data} = {'results': [{'gender': 'male', 'name': {'title': 'Mr', 'first': 'پرهام', 'last': 'نجاتی'}, 'location': {'street': {'number': 7955, 'name': 'قدس'}, 'city': 'آبادان', 'state': 'همدان', 'country': 'Iran...</msg>
<var>${json_data}</var>
<arg>${response.json()}</arg>
<doc>Returns the given values which can then be assigned to a variables.</doc>
<status status="PASS" start="2024-07-13T14:12:53.442019" elapsed="0.000638"/>
</kw>
<kw name="Log" owner="BuiltIn">
<msg time="2024-07-13T14:12:53.443131" level="INFO">{'results': [{'gender': 'male', 'name': {'title': 'Mr', 'first': 'پرهام', 'last': 'نجاتی'}, 'location': {'street': {'number': 7955, 'name': 'قدس'}, 'city': 'آبادان', 'state': 'همدان', 'country': 'Iran', 'postcode': 28249, 'coordinates': {'latitude': '14.5868', 'longitude': '-94.5700'}, 'timezone': {'offset': '-6:00', 'description': 'Central Time (US &amp; Canada), Mexico City'}}, 'email': 'prhm.njty@example.com', 'login': {'uuid': 'fa3c90b3-fbeb-43f9-8531-5109974d3d34', 'username': 'brownbutterfly394', 'password': 'dutch', 'salt': '9T6Tp8KG', 'md5': 'a231bf46bb8e19f11a7b4690df262f11', 'sha1': '197f284b839a664a2a3447fae7c9daf5883bccc5', 'sha256': 'c3ce1a077fdafa52400ddd0462b3fd299690d0a11d04b98f7895df72330d14a1'}, 'dob': {'date': '1950-11-09T22:42:16.945Z', 'age': 73}, 'registered': {'date': '2003-06-07T09:34:06.207Z', 'age': 21}, 'phone': '054-28282250', 'cell': '0921-968-2538', 'id': {'name': '', 'value': None}, 'picture': {'large': 'https://randomuser.me/api/portraits/men/56.jpg', 'medium': 'https://randomuser.me/api/portraits/med/men/56.jpg', 'thumbnail': 'https://randomuser.me/api/portraits/thumb/men/56.jpg'}, 'nat': 'IR'}], 'info': {'seed': 'd9d1b47e58e23f2b', 'results': 1, 'page': 1, 'version': '1.4'}}</msg>
<arg>${json_data}</arg>
<doc>Logs the given message with the given level.</doc>
<status status="PASS" start="2024-07-13T14:12:53.442969" elapsed="0.000216"/>
</kw>
<kw name="Dictionary Should Contain Key" owner="Collections">
<arg>${json_data}</arg>
<arg>results</arg>
<doc>Fails if ``key`` is not found from ``dictionary``.</doc>
<status status="PASS" start="2024-07-13T14:12:53.443480" elapsed="0.000161"/>
</kw>
<kw name="Should Not Be Empty" owner="BuiltIn">
<msg time="2024-07-13T14:12:53.443961" level="INFO">Length is 2.</msg>
<arg>${json_data}</arg>
<doc>Verifies that the given item is not empty.</doc>
<status status="PASS" start="2024-07-13T14:12:53.443828" elapsed="0.000173"/>
</kw>
<kw name="Create List" owner="BuiltIn">
<msg time="2024-07-13T14:12:53.444441" level="INFO">${expected_keys} = ['gender', 'name', 'location', 'email', 'login']</msg>
<var>${expected_keys}</var>
<arg>gender</arg>
<arg>name</arg>
<arg>location</arg>
<arg>email</arg>
<arg>login</arg>
<doc>Returns a list containing given items.</doc>
<status status="PASS" start="2024-07-13T14:12:53.444295" elapsed="0.000170"/>
</kw>
<for flavor="IN">
<iter>
<kw name="Dictionary Should Contain Key" owner="Collections">
<arg>${json_data['results'][0]}</arg>
<arg>${key}</arg>
<doc>Fails if ``key`` is not found from ``dictionary``.</doc>
<status status="PASS" start="2024-07-13T14:12:53.445196" elapsed="0.000468"/>
</kw>
<kw name="Log" owner="BuiltIn">
<msg time="2024-07-13T14:12:53.446231" level="INFO">{'gender': 'male', 'name': {'title': 'Mr', 'first': 'پرهام', 'last': 'نجاتی'}, 'location': {'street': {'number': 7955, 'name': 'قدس'}, 'city': 'آبادان', 'state': 'همدان', 'country': 'Iran', 'postcode': 28249, 'coordinates': {'latitude': '14.5868', 'longitude': '-94.5700'}, 'timezone': {'offset': '-6:00', 'description': 'Central Time (US &amp; Canada), Mexico City'}}, 'email': 'prhm.njty@example.com', 'login': {'uuid': 'fa3c90b3-fbeb-43f9-8531-5109974d3d34', 'username': 'brownbutterfly394', 'password': 'dutch', 'salt': '9T6Tp8KG', 'md5': 'a231bf46bb8e19f11a7b4690df262f11', 'sha1': '197f284b839a664a2a3447fae7c9daf5883bccc5', 'sha256': 'c3ce1a077fdafa52400ddd0462b3fd299690d0a11d04b98f7895df72330d14a1'}, 'dob': {'date': '1950-11-09T22:42:16.945Z', 'age': 73}, 'registered': {'date': '2003-06-07T09:34:06.207Z', 'age': 21}, 'phone': '054-28282250', 'cell': '0921-968-2538', 'id': {'name': '', 'value': None}, 'picture': {'large': 'https://randomuser.me/api/portraits/men/56.jpg', 'medium': 'https://randomuser.me/api/portraits/med/men/56.jpg', 'thumbnail': 'https://randomuser.me/api/portraits/thumb/men/56.jpg'}, 'nat': 'IR'}</msg>
<arg>${json_data['results'][0]}</arg>
<doc>Logs the given message with the given level.</doc>
<status status="PASS" start="2024-07-13T14:12:53.445861" elapsed="0.000426"/>
</kw>
<kw name="Log" owner="BuiltIn">
<msg time="2024-07-13T14:12:53.446722" level="INFO">gender</msg>
<arg>${key}</arg>
<doc>Logs the given message with the given level.</doc>
<status status="PASS" start="2024-07-13T14:12:53.446592" elapsed="0.000168"/>
</kw>
<var name="${key}">gender</var>
<status status="PASS" start="2024-07-13T14:12:53.445068" elapsed="0.001908"/>
</iter>
<iter>
<kw name="Dictionary Should Contain Key" owner="Collections">
<arg>${json_data['results'][0]}</arg>
<arg>${key}</arg>
<doc>Fails if ``key`` is not found from ``dictionary``.</doc>
<status status="PASS" start="2024-07-13T14:12:53.447270" elapsed="0.000397"/>
</kw>
<kw name="Log" owner="BuiltIn">
<msg time="2024-07-13T14:12:53.448204" level="INFO">{'gender': 'male', 'name': {'title': 'Mr', 'first': 'پرهام', 'last': 'نجاتی'}, 'location': {'street': {'number': 7955, 'name': 'قدس'}, 'city': 'آبادان', 'state': 'همدان', 'country': 'Iran', 'postcode': 28249, 'coordinates': {'latitude': '14.5868', 'longitude': '-94.5700'}, 'timezone': {'offset': '-6:00', 'description': 'Central Time (US &amp; Canada), Mexico City'}}, 'email': 'prhm.njty@example.com', 'login': {'uuid': 'fa3c90b3-fbeb-43f9-8531-5109974d3d34', 'username': 'brownbutterfly394', 'password': 'dutch', 'salt': '9T6Tp8KG', 'md5': 'a231bf46bb8e19f11a7b4690df262f11', 'sha1': '197f284b839a664a2a3447fae7c9daf5883bccc5', 'sha256': 'c3ce1a077fdafa52400ddd0462b3fd299690d0a11d04b98f7895df72330d14a1'}, 'dob': {'date': '1950-11-09T22:42:16.945Z', 'age': 73}, 'registered': {'date': '2003-06-07T09:34:06.207Z', 'age': 21}, 'phone': '054-28282250', 'cell': '0921-968-2538', 'id': {'name': '', 'value': None}, 'picture': {'large': 'https://randomuser.me/api/portraits/men/56.jpg', 'medium': 'https://randomuser.me/api/portraits/med/men/56.jpg', 'thumbnail': 'https://randomuser.me/api/portraits/thumb/men/56.jpg'}, 'nat': 'IR'}</msg>
<arg>${json_data['results'][0]}</arg>
<doc>Logs the given message with the given level.</doc>
<status status="PASS" start="2024-07-13T14:12:53.447854" elapsed="0.000449"/>
</kw>
<kw name="Log" owner="BuiltIn">
<msg time="2024-07-13T14:12:53.448748" level="INFO">name</msg>
<arg>${key}</arg>
<doc>Logs the given message with the given level.</doc>
<status status="PASS" start="2024-07-13T14:12:53.448606" elapsed="0.000180"/>
</kw>
<var name="${key}">name</var>
<status status="PASS" start="2024-07-13T14:12:53.447158" elapsed="0.001844"/>
</iter>
<iter>
<kw name="Dictionary Should Contain Key" owner="Collections">
<arg>${json_data['results'][0]}</arg>
<arg>${key}</arg>
<doc>Fails if ``key`` is not found from ``dictionary``.</doc>
<status status="PASS" start="2024-07-13T14:12:53.449296" elapsed="0.000416"/>
</kw>
<kw name="Log" owner="BuiltIn">
<msg time="2024-07-13T14:12:53.450249" level="INFO">{'gender': 'male', 'name': {'title': 'Mr', 'first': 'پرهام', 'last': 'نجاتی'}, 'location': {'street': {'number': 7955, 'name': 'قدس'}, 'city': 'آبادان', 'state': 'همدان', 'country': 'Iran', 'postcode': 28249, 'coordinates': {'latitude': '14.5868', 'longitude': '-94.5700'}, 'timezone': {'offset': '-6:00', 'description': 'Central Time (US &amp; Canada), Mexico City'}}, 'email': 'prhm.njty@example.com', 'login': {'uuid': 'fa3c90b3-fbeb-43f9-8531-5109974d3d34', 'username': 'brownbutterfly394', 'password': 'dutch', 'salt': '9T6Tp8KG', 'md5': 'a231bf46bb8e19f11a7b4690df262f11', 'sha1': '197f284b839a664a2a3447fae7c9daf5883bccc5', 'sha256': 'c3ce1a077fdafa52400ddd0462b3fd299690d0a11d04b98f7895df72330d14a1'}, 'dob': {'date': '1950-11-09T22:42:16.945Z', 'age': 73}, 'registered': {'date': '2003-06-07T09:34:06.207Z', 'age': 21}, 'phone': '054-28282250', 'cell': '0921-968-2538', 'id': {'name': '', 'value': None}, 'picture': {'large': 'https://randomuser.me/api/portraits/men/56.jpg', 'medium': 'https://randomuser.me/api/portraits/med/men/56.jpg', 'thumbnail': 'https://randomuser.me/api/portraits/thumb/men/56.jpg'}, 'nat': 'IR'}</msg>
<arg>${json_data['results'][0]}</arg>
<doc>Logs the given message with the given level.</doc>
<status status="PASS" start="2024-07-13T14:12:53.449896" elapsed="0.000408"/>
</kw>
<kw name="Log" owner="BuiltIn">
<msg time="2024-07-13T14:12:53.450732" level="INFO">location</msg>
<arg>${key}</arg>
<doc>Logs the given message with the given level.</doc>
<status status="PASS" start="2024-07-13T14:12:53.450607" elapsed="0.000163"/>
</kw>
<var name="${key}">location</var>
<status status="PASS" start="2024-07-13T14:12:53.449178" elapsed="0.001804"/>
</iter>
<iter>
<kw name="Dictionary Should Contain Key" owner="Collections">
<arg>${json_data['results'][0]}</arg>
<arg>${key}</arg>
<doc>Fails if ``key`` is not found from ``dictionary``.</doc>
<status status="PASS" start="2024-07-13T14:12:53.451272" elapsed="0.000395"/>
</kw>
<kw name="Log" owner="BuiltIn">
<msg time="2024-07-13T14:12:53.452210" level="INFO">{'gender': 'male', 'name': {'title': 'Mr', 'first': 'پرهام', 'last': 'نجاتی'}, 'location': {'street': {'number': 7955, 'name': 'قدس'}, 'city': 'آبادان', 'state': 'همدان', 'country': 'Iran', 'postcode': 28249, 'coordinates': {'latitude': '14.5868', 'longitude': '-94.5700'}, 'timezone': {'offset': '-6:00', 'description': 'Central Time (US &amp; Canada), Mexico City'}}, 'email': 'prhm.njty@example.com', 'login': {'uuid': 'fa3c90b3-fbeb-43f9-8531-5109974d3d34', 'username': 'brownbutterfly394', 'password': 'dutch', 'salt': '9T6Tp8KG', 'md5': 'a231bf46bb8e19f11a7b4690df262f11', 'sha1': '197f284b839a664a2a3447fae7c9daf5883bccc5', 'sha256': 'c3ce1a077fdafa52400ddd0462b3fd299690d0a11d04b98f7895df72330d14a1'}, 'dob': {'date': '1950-11-09T22:42:16.945Z', 'age': 73}, 'registered': {'date': '2003-06-07T09:34:06.207Z', 'age': 21}, 'phone': '054-28282250', 'cell': '0921-968-2538', 'id': {'name': '', 'value': None}, 'picture': {'large': 'https://randomuser.me/api/portraits/men/56.jpg', 'medium': 'https://randomuser.me/api/portraits/med/men/56.jpg', 'thumbnail': 'https://randomuser.me/api/portraits/thumb/men/56.jpg'}, 'nat': 'IR'}</msg>
<arg>${json_data['results'][0]}</arg>
<doc>Logs the given message with the given level.</doc>
<status status="PASS" start="2024-07-13T14:12:53.451857" elapsed="0.000408"/>
</kw>
<kw name="Log" owner="BuiltIn">
<msg time="2024-07-13T14:12:53.452690" level="INFO">email</msg>
<arg>${key}</arg>
<doc>Logs the given message with the given level.</doc>
<status status="PASS" start="2024-07-13T14:12:53.452563" elapsed="0.000165"/>
</kw>
<var name="${key}">email</var>
<status status="PASS" start="2024-07-13T14:12:53.451165" elapsed="0.001777"/>
</iter>
<iter>
<kw name="Dictionary Should Contain Key" owner="Collections">
<arg>${json_data['results'][0]}</arg>
<arg>${key}</arg>
<doc>Fails if ``key`` is not found from ``dictionary``.</doc>
<status status="PASS" start="2024-07-13T14:12:53.453227" elapsed="0.000440"/>
</kw>
<kw name="Log" owner="BuiltIn">
<msg time="2024-07-13T14:12:53.454201" level="INFO">{'gender': 'male', 'name': {'title': 'Mr', 'first': 'پرهام', 'last': 'نجاتی'}, 'location': {'street': {'number': 7955, 'name': 'قدس'}, 'city': 'آبادان', 'state': 'همدان', 'country': 'Iran', 'postcode': 28249, 'coordinates': {'latitude': '14.5868', 'longitude': '-94.5700'}, 'timezone': {'offset': '-6:00', 'description': 'Central Time (US &amp; Canada), Mexico City'}}, 'email': 'prhm.njty@example.com', 'login': {'uuid': 'fa3c90b3-fbeb-43f9-8531-5109974d3d34', 'username': 'brownbutterfly394', 'password': 'dutch', 'salt': '9T6Tp8KG', 'md5': 'a231bf46bb8e19f11a7b4690df262f11', 'sha1': '197f284b839a664a2a3447fae7c9daf5883bccc5', 'sha256': 'c3ce1a077fdafa52400ddd0462b3fd299690d0a11d04b98f7895df72330d14a1'}, 'dob': {'date': '1950-11-09T22:42:16.945Z', 'age': 73}, 'registered': {'date': '2003-06-07T09:34:06.207Z', 'age': 21}, 'phone': '054-28282250', 'cell': '0921-968-2538', 'id': {'name': '', 'value': None}, 'picture': {'large': 'https://randomuser.me/api/portraits/men/56.jpg', 'medium': 'https://randomuser.me/api/portraits/med/men/56.jpg', 'thumbnail': 'https://randomuser.me/api/portraits/thumb/men/56.jpg'}, 'nat': 'IR'}</msg>
<arg>${json_data['results'][0]}</arg>
<doc>Logs the given message with the given level.</doc>
<status status="PASS" start="2024-07-13T14:12:53.453850" elapsed="0.000405"/>
</kw>
<kw name="Log" owner="BuiltIn">
<msg time="2024-07-13T14:12:53.454677" level="INFO">login</msg>
<arg>${key}</arg>
<doc>Logs the given message with the given level.</doc>
<status status="PASS" start="2024-07-13T14:12:53.454551" elapsed="0.000164"/>
</kw>
<var name="${key}">login</var>
<status status="PASS" start="2024-07-13T14:12:53.453114" elapsed="0.001834"/>
</iter>
<var>${key}</var>
<value>@{expected_keys}</value>
<status status="PASS" start="2024-07-13T14:12:53.444867" elapsed="0.010202"/>
</for>
<kw name="Create List" owner="BuiltIn">
<msg time="2024-07-13T14:12:53.455393" level="INFO">${expected_keysTwo} = ['username', 'password']</msg>
<var>${expected_keysTwo}</var>
<arg>username</arg>
<arg>password</arg>
<doc>Returns a list containing given items.</doc>
<status status="PASS" start="2024-07-13T14:12:53.455260" elapsed="0.000185"/>
</kw>
<for flavor="IN">
<iter>
<kw name="Dictionary Should Contain Key" owner="Collections">
<arg>${json_data['results'][0]['login']}</arg>
<arg>${keyTwo}</arg>
<doc>Fails if ``key`` is not found from ``dictionary``.</doc>
<status status="PASS" start="2024-07-13T14:12:53.455958" elapsed="0.000383"/>
</kw>
<kw name="Dictionary Should Contain Key" owner="Collections">
<arg>${json_data['results'][0]['login']}</arg>
<arg>${keyTwo}</arg>
<doc>Fails if ``key`` is not found from ``dictionary``.</doc>
<status status="PASS" start="2024-07-13T14:12:53.456522" elapsed="0.000384"/>
</kw>
<kw name="Log" owner="BuiltIn">
<msg time="2024-07-13T14:12:53.457209" level="INFO">username</msg>
<arg>${keyTwo}</arg>
<doc>Logs the given message with the given level.</doc>
<status status="PASS" start="2024-07-13T14:12:53.457090" elapsed="0.000157"/>
</kw>
<var name="${keyTwo}">username</var>
<status status="PASS" start="2024-07-13T14:12:53.455851" elapsed="0.001656"/>
</iter>
<iter>
<kw name="Dictionary Should Contain Key" owner="Collections">
<arg>${json_data['results'][0]['login']}</arg>
<arg>${keyTwo}</arg>
<doc>Fails if ``key`` is not found from ``dictionary``.</doc>
<status status="PASS" start="2024-07-13T14:12:53.457785" elapsed="0.000396"/>
</kw>
<kw name="Dictionary Should Contain Key" owner="Collections">
<arg>${json_data['results'][0]['login']}</arg>
<arg>${keyTwo}</arg>
<doc>Fails if ``key`` is not found from ``dictionary``.</doc>
<status status="PASS" start="2024-07-13T14:12:53.458361" elapsed="0.000362"/>
</kw>
<kw name="Log" owner="BuiltIn">
<msg time="2024-07-13T14:12:53.459017" level="INFO">password</msg>
<arg>${keyTwo}</arg>
<doc>Logs the given message with the given level.</doc>
<status status="PASS" start="2024-07-13T14:12:53.458899" elapsed="0.000166"/>
</kw>
<var name="${keyTwo}">password</var>
<status status="PASS" start="2024-07-13T14:12:53.457677" elapsed="0.001609"/>
</iter>
<var>${keyTwo}</var>
<value>@{expected_keysTwo}</value>
<status status="PASS" start="2024-07-13T14:12:53.455699" elapsed="0.003706"/>
</for>
<status status="PASS" start="2024-07-13T14:12:53.351419" elapsed="0.108131"/>
</kw>
<doc>Testa a estrutura da resposta da API.</doc>
<tag>testeEstruturaResposta</tag>
<status status="PASS" start="2024-07-13T14:12:53.350915" elapsed="0.108788"/>
</test>
<test id="s1-s1-t4" name="Validar tipos de dados" line="28">
<kw name="Teste de Tipos de Dados" owner="random-user-service">
<kw name="GET On Session" owner="RequestsLibrary">
<msg time="2024-07-13T14:12:53.545614" level="INFO">GET Request : url=https://randomuser.me/api 
 path_url=/api 
 headers={'User-Agent': 'python-requests/2.32.3', 'Accept-Encoding': 'gzip, deflate', 'Accept': '*/*', 'Connection': 'keep-alive'} 
 body=None 
 </msg>
<msg time="2024-07-13T14:12:53.545708" level="INFO">GET Response : url=https://randomuser.me/api 
 status=200, reason=OK 
 headers={'Date': 'Sat, 13 Jul 2024 14:12:53 GMT', 'Content-Type': 'application/json; charset=utf-8', 'Transfer-Encoding': 'chunked', 'Connection': 'keep-alive', 'X-Powered-By': 'Express', 'Access-Control-Allow-Origin': '*', 'Cache-Control': 'no-cache', 'ETag': 'W/"494-QonFskpB/t7ZNY2Uy2L/UB9xRGM"', 'Vary': 'Accept-Encoding', 'Content-Encoding': 'gzip', 'CF-Cache-Status': 'DYNAMIC', 'Report-To': '{"endpoints":[{"url":"https:\\/\\/a.nel.cloudflare.com\\/report\\/v4?s=CTxZf0J69%2BC7bbdqUHGOQSE%2Bb%2Bdi8lZwSeeX4XvVtfvQD3u3QiYFZ3xfmUuG6ZgZl3HsdGJ3%2BHY3G%2FgFVjZaVTKbRR6gdgmHEjnweXHT48sfj3wGnCQMAdv3TSE4FoGa"}],"group":"cf-nel","max_age":604800}', 'NEL': '{"success_fraction":0,"report_to":"cf-nel","max_age":604800}', 'Server': 'cloudflare', 'CF-RAY': '8a29deda2b785b53-IAD', 'alt-svc': 'h3=":443"; ma=86400'} 
 body={"results":[{"gender":"male","name":{"title":"Mr","first":"Rubén","last":"Flores"},"location":{"street":{"number":4386,"name":"Calle de La Democracia"},"city":"Santiago de Compostela","state":"Andalucía","country":"Spain","postcode":23935,"coordinates":{"latitude":"-37.1511","longitude":"-49.0116"},"timezone":{"offset":"-11:00","description":"Midway Island, Samoa"}},"email":"ruben.flores@example.com","login":{"uuid":"e4078c02-2290-45ac-8175-074425412dfc","username":"heavygoose144","password":"babycake","salt":"jjLbwPUp","md5":"ee5116c666d0c55b102dadfb45a60d52","sha1":"9982ab822b8f5b68b5b8c8683115bafc8b0c8c7e","sha256":"efbeefb69bc46b4e23a568d4c118399a76c4b5696b041017297e0f002fc3303e"},"dob":{"date":"1969-09-03T14:53:44.071Z","age":54},"registered":{"date":"2007-07-07T02:20:07.467Z","age":17},"phone":"913-211-897","cell":"627-755-702","id":{"name":"DNI","value":"78797668-X"},"picture":{"large":"https://randomuser.me/api/portraits/men/27.jpg","medium":"https://randomuser.me/api/portraits/med/men/27.jpg","thumbnail":"https://randomuser.me/api/portraits/thumb/men/27.jpg"},"nat":"ES"}],"info":{"seed":"05420e5799cb1def","results":1,"page":1,"version":"1.4"}} 
 </msg>
<msg time="2024-07-13T14:12:53.545803" level="INFO">/opt/hostedtoolcache/Python/3.12.4/x64/lib/python3.12/site-packages/urllib3/connectionpool.py:1099: InsecureRequestWarning: Unverified HTTPS request is being made to host 'randomuser.me'. Adding certificate verification is strongly advised. See: https://urllib3.readthedocs.io/en/latest/advanced-usage.html#tls-warnings
  warnings.warn(</msg>
<msg time="2024-07-13T14:12:53.545932" level="INFO">${response} = &lt;Response [200]&gt;</msg>
<var>${response}</var>
<arg>consultarAPI</arg>
<arg>/api</arg>
<doc>Sends a GET request on a previously created HTTP Session.</doc>
<status status="PASS" start="2024-07-13T14:12:53.462282" elapsed="0.083689"/>
</kw>
<kw name="Set Variable" owner="BuiltIn">
<msg time="2024-07-13T14:12:53.547149" level="INFO">${json_data} = {'results': [{'gender': 'male', 'name': {'title': 'Mr', 'first': 'Rubén', 'last': 'Flores'}, 'location': {'street': {'number': 4386, 'name': 'Calle de La Democracia'}, 'city': 'Santiago de Compostela'...</msg>
<var>${json_data}</var>
<arg>${response.json()}</arg>
<doc>Returns the given values which can then be assigned to a variables.</doc>
<status status="PASS" start="2024-07-13T14:12:53.546496" elapsed="0.000684"/>
</kw>
<kw name="Log" owner="BuiltIn">
<msg time="2024-07-13T14:12:53.547661" level="INFO">{'results': [{'gender': 'male', 'name': {'title': 'Mr', 'first': 'Rubén', 'last': 'Flores'}, 'location': {'street': {'number': 4386, 'name': 'Calle de La Democracia'}, 'city': 'Santiago de Compostela', 'state': 'Andalucía', 'country': 'Spain', 'postcode': 23935, 'coordinates': {'latitude': '-37.1511', 'longitude': '-49.0116'}, 'timezone': {'offset': '-11:00', 'description': 'Midway Island, Samoa'}}, 'email': 'ruben.flores@example.com', 'login': {'uuid': 'e4078c02-2290-45ac-8175-074425412dfc', 'username': 'heavygoose144', 'password': 'babycake', 'salt': 'jjLbwPUp', 'md5': 'ee5116c666d0c55b102dadfb45a60d52', 'sha1': '9982ab822b8f5b68b5b8c8683115bafc8b0c8c7e', 'sha256': 'efbeefb69bc46b4e23a568d4c118399a76c4b5696b041017297e0f002fc3303e'}, 'dob': {'date': '1969-09-03T14:53:44.071Z', 'age': 54}, 'registered': {'date': '2007-07-07T02:20:07.467Z', 'age': 17}, 'phone': '913-211-897', 'cell': '627-755-702', 'id': {'name': 'DNI', 'value': '78797668-X'}, 'picture': {'large': 'https://randomuser.me/api/portraits/men/27.jpg', 'medium': 'https://randomuser.me/api/portraits/med/men/27.jpg', 'thumbnail': 'https://randomuser.me/api/portraits/thumb/men/27.jpg'}, 'nat': 'ES'}], 'info': {'seed': '05420e5799cb1def', 'results': 1, 'page': 1, 'version': '1.4'}}</msg>
<arg>${json_data}</arg>
<doc>Logs the given message with the given level.</doc>
<status status="PASS" start="2024-07-13T14:12:53.547504" elapsed="0.000207"/>
</kw>
<kw name="Should Be String" owner="String">
<arg>${json_data['results'][0]['gender']}</arg>
<doc>Fails if the given ``item`` is not a string.</doc>
<status status="PASS" start="2024-07-13T14:12:53.548006" elapsed="0.000366"/>
</kw>
<kw name="Should Match Regexp" owner="BuiltIn">
<arg>${json_data['results'][0]['email']}</arg>
<arg>^[a-zA-Z0-9._%+-]+@[a-zA-Z0-9.-]+\.[a-zA-Z]{2,}$</arg>
<doc>Fails if ``string`` does not match ``pattern`` as a regular expression.</doc>
<status status="PASS" start="2024-07-13T14:12:53.548563" elapsed="0.000525"/>
</kw>
<kw name="Should Match Regexp" owner="BuiltIn">
<arg>${json_data['results'][0]['dob']['date']}</arg>
<arg>\\d{4}-\\d{2}-\\d{2}T\\d{2}:\\d{2}:\\d{2}\\.\\d{3}Z</arg>
<doc>Fails if ``string`` does not match ``pattern`` as a regular expression.</doc>
<status status="PASS" start="2024-07-13T14:12:53.549356" elapsed="0.000508"/>
</kw>
<kw name="Should Match Regexp" owner="BuiltIn">
<arg>${json_data['results'][0]['registered']['date']}</arg>
<arg>\\d{4}-\\d{2}-\\d{2}T\\d{2}:\\d{2}:\\d{2}\\.\\d{3}Z</arg>
<doc>Fails if ``string`` does not match ``pattern`` as a regular expression.</doc>
<status status="PASS" start="2024-07-13T14:12:53.550054" elapsed="0.000364"/>
</kw>
<kw name="Should Match Regexp" owner="BuiltIn">
<arg>${json_data['results'][0]['picture']['large']}</arg>
<arg>^https?://.*\.(?:png|jpe?g|gif|bmp)$</arg>
<doc>Fails if ``string`` does not match ``pattern`` as a regular expression.</doc>
<status status="PASS" start="2024-07-13T14:12:53.550601" elapsed="0.000463"/>
</kw>
<kw name="Should Match Regexp" owner="BuiltIn">
<arg>${json_data['results'][0]['picture']['medium']}</arg>
<arg>^https?://.*\.(?:png|jpe?g|gif|bmp)$</arg>
<doc>Fails if ``string`` does not match ``pattern`` as a regular expression.</doc>
<status status="PASS" start="2024-07-13T14:12:53.551250" elapsed="0.000346"/>
</kw>
<kw name="Should Match Regexp" owner="BuiltIn">
<arg>${json_data['results'][0]['picture']['thumbnail']}</arg>
<arg>^https?://.*\.(?:png|jpe?g|gif|bmp)$</arg>
<doc>Fails if ``string`` does not match ``pattern`` as a regular expression.</doc>
<status status="PASS" start="2024-07-13T14:12:53.551779" elapsed="0.000344"/>
</kw>
<kw name="Log" owner="BuiltIn">
<msg time="2024-07-13T14:12:53.552637" level="INFO">{'large': 'https://randomuser.me/api/portraits/men/27.jpg', 'medium': 'https://randomuser.me/api/portraits/med/men/27.jpg', 'thumbnail': 'https://randomuser.me/api/portraits/thumb/men/27.jpg'}</msg>
<arg>${json_data['results'][0]['picture']}</arg>
<doc>Logs the given message with the given level.</doc>
<status status="PASS" start="2024-07-13T14:12:53.552308" elapsed="0.000372"/>
</kw>
<status status="PASS" start="2024-07-13T14:12:53.462056" elapsed="0.090884"/>
</kw>
<kw name="Teste de Tipos de Dados - Postcode" owner="random-user-service">
<kw name="GET On Session" owner="RequestsLibrary">
<msg time="2024-07-13T14:12:53.644651" level="INFO">GET Request : url=https://randomuser.me/api 
 path_url=/api 
 headers={'User-Agent': 'python-requests/2.32.3', 'Accept-Encoding': 'gzip, deflate', 'Accept': '*/*', 'Connection': 'keep-alive'} 
 body=None 
 </msg>
<msg time="2024-07-13T14:12:53.644734" level="INFO">GET Response : url=https://randomuser.me/api 
 status=200, reason=OK 
 headers={'Date': 'Sat, 13 Jul 2024 14:12:53 GMT', 'Content-Type': 'application/json; charset=utf-8', 'Transfer-Encoding': 'chunked', 'Connection': 'keep-alive', 'X-Powered-By': 'Express', 'Access-Control-Allow-Origin': '*', 'Cache-Control': 'no-cache', 'ETag': 'W/"494-vWdZWn1NHODxOPOGHY2aK/iOVW0"', 'Vary': 'Accept-Encoding', 'Content-Encoding': 'gzip', 'CF-Cache-Status': 'DYNAMIC', 'Report-To': '{"endpoints":[{"url":"https:\\/\\/a.nel.cloudflare.com\\/report\\/v4?s=pOEXsgV1uRH31NJXiJKD0BkfqHW219h7qBeU1ukSikCF%2B%2BMQBieEJJwQSpjvwgwR1yjkcbRFx46FOtp3Bb8gCjOlBOlVCoOcEYNCHSBcMf9eA6GpI6of6ZUSIlERdwur"}],"group":"cf-nel","max_age":604800}', 'NEL': '{"success_fraction":0,"report_to":"cf-nel","max_age":604800}', 'Server': 'cloudflare', 'CF-RAY': '8a29dedabbf15b53-IAD', 'alt-svc': 'h3=":443"; ma=86400'} 
 body={"results":[{"gender":"female","name":{"title":"Miss","first":"Kilina","last":"Kostenko"},"location":{"street":{"number":3752,"name":"Slyusarniy provulok"},"city":"Talne","state":"Hmelnicka","country":"Ukraine","postcode":56940,"coordinates":{"latitude":"77.6654","longitude":"52.2789"},"timezone":{"offset":"+10:00","description":"Eastern Australia, Guam, Vladivostok"}},"email":"kilina.kostenko@example.com","login":{"uuid":"662f6dde-8df3-417e-a727-2878f4339b09","username":"lazydog554","password":"bombay","salt":"Z7pgB53B","md5":"3c3d9844a4c121df63e842e81cda67ec","sha1":"351f67132e9e48cd5a94ac5c1f1078bfa16ef259","sha256":"8b413b189c47f32ea0ab1529c240909b97da1f77c0a998bba0ca85ca0fa06ba0"},"dob":{"date":"1971-06-15T22:53:18.761Z","age":53},"registered":{"date":"2013-05-21T16:28:55.405Z","age":11},"phone":"(067) F26-7059","cell":"(096) I87-5698","id":{"name":"","value":null},"picture":{"large":"https://randomuser.me/api/portraits/women/93.jpg","medium":"https://randomuser.me/api/portraits/med/women/93.jpg","thumbnail":"https://randomuser.me/api/portraits/thumb/women/93.jpg"},"nat":"UA"}],"info":{"seed":"8f42df598d088ba8","results":1,"page":1,"version":"1.4"}} 
 </msg>
<msg time="2024-07-13T14:12:53.644803" level="INFO">/opt/hostedtoolcache/Python/3.12.4/x64/lib/python3.12/site-packages/urllib3/connectionpool.py:1099: InsecureRequestWarning: Unverified HTTPS request is being made to host 'randomuser.me'. Adding certificate verification is strongly advised. See: https://urllib3.readthedocs.io/en/latest/advanced-usage.html#tls-warnings
  warnings.warn(</msg>
<msg time="2024-07-13T14:12:53.644930" level="INFO">${response} = &lt;Response [200]&gt;</msg>
<var>${response}</var>
<arg>consultarAPI</arg>
<arg>/api</arg>
<doc>Sends a GET request on a previously created HTTP Session.</doc>
<status status="PASS" start="2024-07-13T14:12:53.553423" elapsed="0.091557"/>
</kw>
<kw name="Set Variable" owner="BuiltIn">
<msg time="2024-07-13T14:12:53.646150" level="INFO">${json_data} = {'results': [{'gender': 'female', 'name': {'title': 'Miss', 'first': 'Kilina', 'last': 'Kostenko'}, 'location': {'street': {'number': 3752, 'name': 'Slyusarniy provulok'}, 'city': 'Talne', 'state': 'H...</msg>
<var>${json_data}</var>
<arg>${response.json()}</arg>
<doc>Returns the given values which can then be assigned to a variables.</doc>
<status status="PASS" start="2024-07-13T14:12:53.645522" elapsed="0.000657"/>
</kw>
<kw name="Log" owner="BuiltIn">
<msg time="2024-07-13T14:12:53.646648" level="INFO">{'results': [{'gender': 'female', 'name': {'title': 'Miss', 'first': 'Kilina', 'last': 'Kostenko'}, 'location': {'street': {'number': 3752, 'name': 'Slyusarniy provulok'}, 'city': 'Talne', 'state': 'Hmelnicka', 'country': 'Ukraine', 'postcode': 56940, 'coordinates': {'latitude': '77.6654', 'longitude': '52.2789'}, 'timezone': {'offset': '+10:00', 'description': 'Eastern Australia, Guam, Vladivostok'}}, 'email': 'kilina.kostenko@example.com', 'login': {'uuid': '662f6dde-8df3-417e-a727-2878f4339b09', 'username': 'lazydog554', 'password': 'bombay', 'salt': 'Z7pgB53B', 'md5': '3c3d9844a4c121df63e842e81cda67ec', 'sha1': '351f67132e9e48cd5a94ac5c1f1078bfa16ef259', 'sha256': '8b413b189c47f32ea0ab1529c240909b97da1f77c0a998bba0ca85ca0fa06ba0'}, 'dob': {'date': '1971-06-15T22:53:18.761Z', 'age': 53}, 'registered': {'date': '2013-05-21T16:28:55.405Z', 'age': 11}, 'phone': '(067) F26-7059', 'cell': '(096) I87-5698', 'id': {'name': '', 'value': None}, 'picture': {'large': 'https://randomuser.me/api/portraits/women/93.jpg', 'medium': 'https://randomuser.me/api/portraits/med/women/93.jpg', 'thumbnail': 'https://randomuser.me/api/portraits/thumb/women/93.jpg'}, 'nat': 'UA'}], 'info': {'seed': '8f42df598d088ba8', 'results': 1, 'page': 1, 'version': '1.4'}}</msg>
<arg>${json_data}</arg>
<doc>Logs the given message with the given level.</doc>
<status status="PASS" start="2024-07-13T14:12:53.646490" elapsed="0.000206"/>
</kw>
<kw name="Should Be Equal As Numbers" owner="BuiltIn">
<arg>${json_data['results'][0]['location']['postcode']}</arg>
<arg>${json_data['results'][0]['location']['postcode']}</arg>
<doc>Fails if objects are unequal after converting them to real numbers.</doc>
<status status="PASS" start="2024-07-13T14:12:53.646990" elapsed="0.000635"/>
</kw>
<kw name="Log" owner="BuiltIn">
<msg time="2024-07-13T14:12:53.648160" level="INFO">56940</msg>
<arg>${json_data['results'][0]['location']['postcode']}</arg>
<doc>Logs the given message with the given level.</doc>
<status status="PASS" start="2024-07-13T14:12:53.647821" elapsed="0.000380"/>
</kw>
<status status="PASS" start="2024-07-13T14:12:53.553160" elapsed="0.095336"/>
</kw>
<doc>Testa se os tipos de dados na resposta da API estão corretos.</doc>
<tag>testeTiposDados</tag>
<status status="PASS" start="2024-07-13T14:12:53.461472" elapsed="0.187193"/>
</test>
<test id="s1-s1-t5" name="Validar conteudo" line="35">
<kw name="Teste de Tipos de Conteudo" owner="random-user-service">
<kw name="GET On Session" owner="RequestsLibrary">
<msg time="2024-07-13T14:12:53.737030" level="INFO">GET Request : url=https://randomuser.me/api 
 path_url=/api 
 headers={'User-Agent': 'python-requests/2.32.3', 'Accept-Encoding': 'gzip, deflate', 'Accept': '*/*', 'Connection': 'keep-alive'} 
 body=None 
 </msg>
<msg time="2024-07-13T14:12:53.737118" level="INFO">GET Response : url=https://randomuser.me/api 
 status=200, reason=OK 
 headers={'Date': 'Sat, 13 Jul 2024 14:12:53 GMT', 'Content-Type': 'application/json; charset=utf-8', 'Transfer-Encoding': 'chunked', 'Connection': 'keep-alive', 'X-Powered-By': 'Express', 'Access-Control-Allow-Origin': '*', 'Cache-Control': 'no-cache', 'ETag': 'W/"474-DV5Z0wVcKBwjZ0KJ/eoQFLaXu/I"', 'Vary': 'Accept-Encoding', 'Content-Encoding': 'gzip', 'CF-Cache-Status': 'DYNAMIC', 'Report-To': '{"endpoints":[{"url":"https:\\/\\/a.nel.cloudflare.com\\/report\\/v4?s=LJFm0oepjMFAlHXJyfhPvJCdABCqcepTfbDYy%2Ff9%2FbdcN7LjDRwb2A9ejQc%2BX%2Fv9Q8cwtmI%2B4Jw9m8RCaeYf%2BLWsvXEWBDcOqgP1S4v%2B4N18qcJkrBTl4bmC4o6Ojuae"}],"group":"cf-nel","max_age":604800}', 'NEL': '{"success_fraction":0,"report_to":"cf-nel","max_age":604800}', 'Server': 'cloudflare', 'CF-RAY': '8a29dedb5c695b53-IAD', 'alt-svc': 'h3=":443"; ma=86400'} 
 body={"results":[{"gender":"male","name":{"title":"Mr","first":"Ege","last":"Biçer"},"location":{"street":{"number":9447,"name":"Tunalı Hilmi Cd"},"city":"Bingöl","state":"Kayseri","country":"Turkey","postcode":59235,"coordinates":{"latitude":"66.9363","longitude":"-19.7769"},"timezone":{"offset":"-7:00","description":"Mountain Time (US &amp; Canada)"}},"email":"ege.bicer@example.com","login":{"uuid":"533fa278-df0d-40da-a609-393f012aaeb1","username":"angrylion293","password":"helene","salt":"19bZcYO4","md5":"d90d7ee58871ce1533a4ff255cb36b4e","sha1":"e570d068daf98da066eeefb0fd5f8fca99d8cb2b","sha256":"892cc57badcac2a13c40ad624766874a858a9da5c18fe337a08461b5383cb4eb"},"dob":{"date":"1978-03-13T00:54:30.964Z","age":46},"registered":{"date":"2007-03-09T13:38:31.067Z","age":17},"phone":"(001)-669-7149","cell":"(534)-611-1880","id":{"name":"","value":null},"picture":{"large":"https://randomuser.me/api/portraits/men/94.jpg","medium":"https://randomuser.me/api/portraits/med/men/94.jpg","thumbnail":"https://randomuser.me/api/portraits/thumb/men/94.jpg"},"nat":"TR"}],"info":{"seed":"0dc82e953639ecf1","results":1,"page":1,"version":"1.4"}} 
 </msg>
<msg time="2024-07-13T14:12:53.737214" level="INFO">/opt/hostedtoolcache/Python/3.12.4/x64/lib/python3.12/site-packages/urllib3/connectionpool.py:1099: InsecureRequestWarning: Unverified HTTPS request is being made to host 'randomuser.me'. Adding certificate verification is strongly advised. See: https://urllib3.readthedocs.io/en/latest/advanced-usage.html#tls-warnings
  warnings.warn(</msg>
<msg time="2024-07-13T14:12:53.737359" level="INFO">${response} = &lt;Response [200]&gt;</msg>
<var>${response}</var>
<arg>consultarAPI</arg>
<arg>/api</arg>
<doc>Sends a GET request on a previously created HTTP Session.</doc>
<status status="PASS" start="2024-07-13T14:12:53.651792" elapsed="0.085608"/>
</kw>
<kw name="Set Variable" owner="BuiltIn">
<msg time="2024-07-13T14:12:53.738372" level="INFO">${json_data} = {'results': [{'gender': 'male', 'name': {'title': 'Mr', 'first': 'Ege', 'last': 'Biçer'}, 'location': {'street': {'number': 9447, 'name': 'Tunalı Hilmi Cd'}, 'city': 'Bingöl', 'state': 'Kayseri', 'cou...</msg>
<var>${json_data}</var>
<arg>${response.json()}</arg>
<doc>Returns the given values which can then be assigned to a variables.</doc>
<status status="PASS" start="2024-07-13T14:12:53.737861" elapsed="0.000542"/>
</kw>
<kw name="Set Variable" owner="BuiltIn">
<msg time="2024-07-13T14:12:53.739133" level="INFO">${name_title} = Mr</msg>
<var>${name_title}</var>
<arg>${json_data["results"][0]["name"]["title"]}</arg>
<doc>Returns the given values which can then be assigned to a variables.</doc>
<status status="PASS" start="2024-07-13T14:12:53.738739" elapsed="0.000421"/>
</kw>
<kw name="Create List" owner="BuiltIn">
<msg time="2024-07-13T14:12:53.739620" level="INFO">${allowed_titles} = ['Mr', 'Ms', 'Miss', 'Mrs', 'Madame', 'Monsieur']</msg>
<var>${allowed_titles}</var>
<arg>Mr</arg>
<arg>Ms</arg>
<arg>Miss</arg>
<arg>Mrs</arg>
<arg>Madame</arg>
<arg>Monsieur</arg>
<doc>Returns a list containing given items.</doc>
<status status="PASS" start="2024-07-13T14:12:53.739466" elapsed="0.000180"/>
</kw>
<kw name="List Should Contain Value" owner="Collections">
<arg>${allowed_titles}</arg>
<arg>${name_title}</arg>
<doc>Fails if the ``value`` is not found from ``list``.</doc>
<status status="PASS" start="2024-07-13T14:12:53.739954" elapsed="0.000182"/>
</kw>
<kw name="Set Variable" owner="BuiltIn">
<msg time="2024-07-13T14:12:53.740696" level="INFO">${name_country} = TR</msg>
<var>${name_country}</var>
<arg>${json_data["results"][0]["nat"]}</arg>
<doc>Returns the given values which can then be assigned to a variables.</doc>
<status status="PASS" start="2024-07-13T14:12:53.740324" elapsed="0.000398"/>
</kw>
<kw name="Create List" owner="BuiltIn">
<msg time="2024-07-13T14:12:53.741662" level="INFO">${list_country} = ['AD', 'AE', 'AF', 'AG', 'AI', 'AL', 'AM', 'AO', 'AQ', 'AR', 'AS', 'AT', 'AU', 'AW', 'AX', 'AZ', 'BA', 'BB', 'BD', 'BE', 'BF', 'BG', 'BH', 'BI', 'BJ', 'BL', 'BM', 'BN', 'BO', 'BQ', 'BR', 'BS', 'BT', '...</msg>
<var>${list_country}</var>
<arg>AD</arg>
<arg>AE</arg>
<arg>AF</arg>
<arg>AG</arg>
<arg>AI</arg>
<arg>AL</arg>
<arg>AM</arg>
<arg>AO</arg>
<arg>AQ</arg>
<arg>AR</arg>
<arg>AS</arg>
<arg>AT</arg>
<arg>AU</arg>
<arg>AW</arg>
<arg>AX</arg>
<arg>AZ</arg>
<arg>BA</arg>
<arg>BB</arg>
<arg>BD</arg>
<arg>BE</arg>
<arg>BF</arg>
<arg>BG</arg>
<arg>BH</arg>
<arg>BI</arg>
<arg>BJ</arg>
<arg>BL</arg>
<arg>BM</arg>
<arg>BN</arg>
<arg>BO</arg>
<arg>BQ</arg>
<arg>BR</arg>
<arg>BS</arg>
<arg>BT</arg>
<arg>BV</arg>
<arg>BW</arg>
<arg>BY</arg>
<arg>BZ</arg>
<arg>CA</arg>
<arg>CC</arg>
<arg>CD</arg>
<arg>CF</arg>
<arg>CG</arg>
<arg>CH</arg>
<arg>CI</arg>
<arg>CK</arg>
<arg>CL</arg>
<arg>CM</arg>
<arg>CN</arg>
<arg>CO</arg>
<arg>CR</arg>
<arg>CU</arg>
<arg>CV</arg>
<arg>CW</arg>
<arg>CX</arg>
<arg>CY</arg>
<arg>CZ</arg>
<arg>DE</arg>
<arg>DJ</arg>
<arg>DK</arg>
<arg>DM</arg>
<arg>DO</arg>
<arg>DZ</arg>
<arg>EC</arg>
<arg>EE</arg>
<arg>EG</arg>
<arg>EH</arg>
<arg>ER</arg>
<arg>ES</arg>
<arg>ET</arg>
<arg>FI</arg>
<arg>FJ</arg>
<arg>FK</arg>
<arg>FM</arg>
<arg>FO</arg>
<arg>FR</arg>
<arg>GA</arg>
<arg>GB</arg>
<arg>GD</arg>
<arg>GE</arg>
<arg>GF</arg>
<arg>GG</arg>
<arg>GH</arg>
<arg>GI</arg>
<arg>GL</arg>
<arg>GM</arg>
<arg>GN</arg>
<arg>GP</arg>
<arg>GQ</arg>
<arg>GR</arg>
<arg>GS</arg>
<arg>GT</arg>
<arg>GU</arg>
<arg>GW</arg>
<arg>GY</arg>
<arg>HK</arg>
<arg>HM</arg>
<arg>HN</arg>
<arg>HR</arg>
<arg>HT</arg>
<arg>HU</arg>
<arg>ID</arg>
<arg>IE</arg>
<arg>IL</arg>
<arg>IM</arg>
<arg>IN</arg>
<arg>IO</arg>
<arg>IQ</arg>
<arg>IR</arg>
<arg>IS</arg>
<arg>IT</arg>
<arg>JE</arg>
<arg>JM</arg>
<arg>JO</arg>
<arg>JP</arg>
<arg>KE</arg>
<arg>KG</arg>
<arg>KH</arg>
<arg>KI</arg>
<arg>KM</arg>
<arg>KN</arg>
<arg>KP</arg>
<arg>KR</arg>
<arg>KW</arg>
<arg>KY</arg>
<arg>KZ</arg>
<arg>LA</arg>
<arg>LB</arg>
<arg>LC</arg>
<arg>LI</arg>
<arg>LK</arg>
<arg>LR</arg>
<arg>LS</arg>
<arg>LT</arg>
<arg>LU</arg>
<arg>LV</arg>
<arg>LY</arg>
<arg>MA</arg>
<arg>MC</arg>
<arg>MD</arg>
<arg>ME</arg>
<arg>MF</arg>
<arg>MG</arg>
<arg>MH</arg>
<arg>MK</arg>
<arg>ML</arg>
<arg>MM</arg>
<arg>MN</arg>
<arg>MO</arg>
<arg>MP</arg>
<arg>MQ</arg>
<arg>MR</arg>
<arg>MS</arg>
<arg>MT</arg>
<arg>MU</arg>
<arg>MV</arg>
<arg>MW</arg>
<arg>MX</arg>
<arg>MY</arg>
<arg>MZ</arg>
<arg>NA</arg>
<arg>NC</arg>
<arg>NE</arg>
<arg>NF</arg>
<arg>NG</arg>
<arg>NI</arg>
<arg>NL</arg>
<arg>NO</arg>
<arg>NP</arg>
<arg>NR</arg>
<arg>NU</arg>
<arg>NZ</arg>
<arg>OM</arg>
<arg>PA</arg>
<arg>PE</arg>
<arg>PF</arg>
<arg>PG</arg>
<arg>PH</arg>
<arg>PK</arg>
<arg>PL</arg>
<arg>PM</arg>
<arg>PN</arg>
<arg>PR</arg>
<arg>PS</arg>
<arg>PT</arg>
<arg>PW</arg>
<arg>PY</arg>
<arg>QA</arg>
<arg>RE</arg>
<arg>RO</arg>
<arg>RS</arg>
<arg>RU</arg>
<arg>RW</arg>
<arg>SA</arg>
<arg>SB</arg>
<arg>SC</arg>
<arg>SD</arg>
<arg>SE</arg>
<arg>SG</arg>
<arg>SH</arg>
<arg>SI</arg>
<arg>SJ</arg>
<arg>SK</arg>
<arg>SL</arg>
<arg>SM</arg>
<arg>SN</arg>
<arg>SO</arg>
<arg>SR</arg>
<arg>SS</arg>
<arg>ST</arg>
<arg>SV</arg>
<arg>SX</arg>
<arg>SY</arg>
<arg>SZ</arg>
<arg>TC</arg>
<arg>TD</arg>
<arg>TF</arg>
<arg>TG</arg>
<arg>TH</arg>
<arg>TJ</arg>
<arg>TK</arg>
<arg>TL</arg>
<arg>TM</arg>
<arg>TN</arg>
<arg>TO</arg>
<arg>TR</arg>
<arg>TT</arg>
<arg>TV</arg>
<arg>TW</arg>
<arg>TZ</arg>
<arg>UA</arg>
<arg>UG</arg>
<arg>UM</arg>
<arg>US</arg>
<arg>UY</arg>
<arg>UZ</arg>
<arg>VA</arg>
<arg>VC</arg>
<arg>VE</arg>
<arg>VG</arg>
<arg>VI</arg>
<arg>VN</arg>
<arg>VU</arg>
<arg>WF</arg>
<arg>WS</arg>
<arg>XK</arg>
<arg>YE</arg>
<arg>YT</arg>
<arg>ZA</arg>
<arg>ZM</arg>
<arg>ZW</arg>
<doc>Returns a list containing given items.</doc>
<status status="PASS" start="2024-07-13T14:12:53.741026" elapsed="0.000666"/>
</kw>
<kw name="List Should Contain Value" owner="Collections">
<arg>${list_country}</arg>
<arg>${name_country}</arg>
<doc>Fails if the ``value`` is not found from ``list``.</doc>
<status status="PASS" start="2024-07-13T14:12:53.742501" elapsed="0.000247"/>
</kw>
<kw name="Run Keyword If" owner="BuiltIn">
<kw name="Should Be True" owner="BuiltIn">
<arg>${True}</arg>
<doc>Fails if the given condition is not true.</doc>
<status status="PASS" start="2024-07-13T14:12:53.743710" elapsed="0.000146"/>
</kw>
<arg>${json_data["results"][0]["location"]["coordinates"]["latitude"]} &gt;= -90 and ${json_data["results"][0]["location"]["coordinates"]["latitude"]} &lt;= 90</arg>
<arg>Should Be True</arg>
<arg>${True}</arg>
<doc>Runs the given keyword with the given arguments, if ``condition`` is true.</doc>
<status status="PASS" start="2024-07-13T14:12:53.742954" elapsed="0.001040"/>
</kw>
<kw name="Run Keyword If" owner="BuiltIn">
<kw name="Should Be True" owner="BuiltIn">
<arg>${True}</arg>
<doc>Fails if the given condition is not true.</doc>
<status status="PASS" start="2024-07-13T14:12:53.744888" elapsed="0.000140"/>
</kw>
<arg>${json_data["results"][0]["location"]["coordinates"]["longitude"]} &gt;= -180 and ${json_data["results"][0]["location"]["coordinates"]["longitude"]} &lt;= 180</arg>
<arg>Should Be True</arg>
<arg>${True}</arg>
<doc>Runs the given keyword with the given arguments, if ``condition`` is true.</doc>
<status status="PASS" start="2024-07-13T14:12:53.744181" elapsed="0.000974"/>
</kw>
<status status="PASS" start="2024-07-13T14:12:53.651214" elapsed="0.094082"/>
</kw>
<doc>Testa o conteúdo específico dos campos retornados pela API.</doc>
<tag>testeConteudo</tag>
<status status="PASS" start="2024-07-13T14:12:53.650527" elapsed="0.094969"/>
</test>
<status status="PASS" start="2024-07-13T14:12:52.920287" elapsed="0.827161"/>
</suite>
<status status="PASS" start="2024-07-13T14:12:52.904400" elapsed="0.848366"/>
</suite>
<statistics>
<total>
<stat pass="5" fail="0" skip="0">All Tests</stat>
</total>
<tag>
<stat pass="1" fail="0" skip="0">testeConteudo</stat>
<stat pass="1" fail="0" skip="0">testeEstruturaResposta</stat>
<stat pass="1" fail="0" skip="0">testeRequisicaoBasica</stat>
<stat pass="1" fail="0" skip="0">testeTiposDados</stat>
</tag>
<suite>
<stat pass="5" fail="0" skip="0" id="s1" name="Tests">Tests</stat>
<stat pass="5" fail="0" skip="0" id="s1-s1" name="Random-User-Test">Tests.Random-User-Test</stat>
</suite>
</statistics>
<errors>
</errors>
</robot>
