<?xml version="1.0" encoding="UTF-8"?>
<robot generator="Robot 7.0 (Python 3.12.3 on linux)" generated="2024-04-28T17:12:26.494857" rpa="false" schemaversion="5">
<suite id="s1" name="Tests" source="/home/runner/work/DesafioQAItauRogerioJordao/DesafioQAItauRogerioJordao/RamdonUser/tests">
<suite id="s1-s1" name="Random-User-Test" source="/home/runner/work/DesafioQAItauRogerioJordao/DesafioQAItauRogerioJordao/RamdonUser/tests/random-user-test.robot">
<test id="s1-s1-t1" name="Conectar" line="13">
<kw name="Conectar API" owner="random-user-service">
<kw name="Create Session" owner="RequestsLibrary">
<msg time="2024-04-28T17:12:26.857801" level="INFO">Creating Session using : alias=consultarAPI, url=https://randomuser.me/, headers={},                     cookies={}, auth=None, timeout=None, proxies=None, verify=False,                     debug=0 </msg>
<arg>consultarAPI</arg>
<arg>${URL}</arg>
<doc>Create Session: create a HTTP session to a server</doc>
<status status="PASS" start="2024-04-28T17:12:26.857603" elapsed="0.000374"/>
</kw>
<status status="PASS" start="2024-04-28T17:12:26.856626" elapsed="0.001718"/>
</kw>
<status status="PASS" start="2024-04-28T17:12:26.856066" elapsed="0.002473"/>
</test>
<test id="s1-s1-t2" name="Validar retorno 200 e JSON Válido" line="16">
<kw name="Teste de Requisicao Basica" owner="random-user-service">
<kw name="GET On Session" owner="RequestsLibrary">
<msg time="2024-04-28T17:12:27.038220" level="INFO">GET Request : url=https://randomuser.me/api 
 path_url=/api 
 headers={'User-Agent': 'python-requests/2.31.0', 'Accept-Encoding': 'gzip, deflate', 'Accept': '*/*', 'Connection': 'keep-alive'} 
 body=None 
 </msg>
<msg time="2024-04-28T17:12:27.038442" level="INFO">GET Response : url=https://randomuser.me/api 
 status=200, reason=OK 
 headers={'Date': 'Sun, 28 Apr 2024 17:12:27 GMT', 'Content-Type': 'application/json; charset=utf-8', 'Transfer-Encoding': 'chunked', 'Connection': 'keep-alive', 'X-Powered-By': 'Express', 'Access-Control-Allow-Origin': '*', 'Cache-Control': 'no-cache', 'ETag': 'W/"481-XEBfbrWUb75EzCQgcBwgJV+q9Q4"', 'Vary': 'Accept-Encoding', 'Content-Encoding': 'gzip', 'CF-Cache-Status': 'DYNAMIC', 'Report-To': '{"endpoints":[{"url":"https:\\/\\/a.nel.cloudflare.com\\/report\\/v4?s=gYOo6C5LcF5oPptG9eO6JwGuWThKkaUEOXJrxaCCjLPKZ%2BtQiqnwOtYdJ6mKutjwyvCAa8B7rsm%2Bv0WCSsNpd%2FzsEtfzaQ4RF4J4yEiO%2Bbe6zZtLjTQa21fHPGm%2BZJac"}],"group":"cf-nel","max_age":604800}', 'NEL': '{"success_fraction":0,"report_to":"cf-nel","max_age":604800}', 'Server': 'cloudflare', 'CF-RAY': '87b8ad60bd0007fd-IAD', 'alt-svc': 'h3=":443"; ma=86400'} 
 body={"results":[{"gender":"male","name":{"title":"Monsieur","first":"Timon","last":"Menard"},"location":{"street":{"number":5654,"name":"Rue de Bonnel"},"city":"Hundwil","state":"Valais","country":"Switzerland","postcode":1405,"coordinates":{"latitude":"-63.9330","longitude":"-50.1320"},"timezone":{"offset":"-3:30","description":"Newfoundland"}},"email":"timon.menard@example.com","login":{"uuid":"ea5976ed-a4e9-4f7a-90c5-bcbd03ba0737","username":"silvergoose753","password":"323232","salt":"Or6K0DOK","md5":"107ef325ecd3a1b57707dcbabcd7350c","sha1":"f9380dc1ae4a6e3f3ea5d5b1aa9cbec52b1b3d3b","sha256":"37b4ec397630fd2221a0809af040872f6fc7b1c706f00c38b82b9180809c2b07"},"dob":{"date":"1987-07-02T15:59:28.193Z","age":36},"registered":{"date":"2017-04-09T19:47:11.000Z","age":7},"phone":"076 660 42 48","cell":"076 980 89 90","id":{"name":"AVS","value":"756.5299.0416.00"},"picture":{"large":"https://randomuser.me/api/portraits/men/81.jpg","medium":"https://randomuser.me/api/portraits/med/men/81.jpg","thumbnail":"https://randomuser.me/api/portraits/thumb/men/81.jpg"},"nat":"CH"}],"info":{"seed":"01709470d6082f56","results":1,"page":1,"version":"1.4"}} 
 </msg>
<msg time="2024-04-28T17:12:27.038574" level="INFO">/opt/hostedtoolcache/Python/3.12.3/x64/lib/python3.12/site-packages/urllib3/connectionpool.py:1103: InsecureRequestWarning: Unverified HTTPS request is being made to host 'randomuser.me'. Adding certificate verification is strongly advised. See: https://urllib3.readthedocs.io/en/latest/advanced-usage.html#tls-warnings
  warnings.warn(</msg>
<msg time="2024-04-28T17:12:27.038774" level="INFO">${response} = &lt;Response [200]&gt;</msg>
<var>${response}</var>
<arg>consultarAPI</arg>
<arg>/api</arg>
<doc>Sends a GET request on a previously created HTTP Session.</doc>
<status status="PASS" start="2024-04-28T17:12:26.861229" elapsed="0.177595"/>
</kw>
<kw name="Should Be Equal As Numbers" owner="BuiltIn">
<msg time="2024-04-28T17:12:27.040327" level="INFO">Argument types are:
&lt;class 'int'&gt;
&lt;class 'str'&gt;</msg>
<arg>${response.status_code}</arg>
<arg>200</arg>
<doc>Fails if objects are unequal after converting them to real numbers.</doc>
<status status="PASS" start="2024-04-28T17:12:27.039591" elapsed="0.000842"/>
</kw>
<kw name="Log" owner="BuiltIn">
<msg time="2024-04-28T17:12:27.041589" level="INFO">200</msg>
<arg>${response.status_code}</arg>
<doc>Logs the given message with the given level.</doc>
<status status="PASS" start="2024-04-28T17:12:27.041017" elapsed="0.000638"/>
</kw>
<kw name="Set Variable" owner="BuiltIn">
<msg time="2024-04-28T17:12:27.042739" level="INFO">${json_data} = {'results': [{'gender': 'male', 'name': {'title': 'Monsieur', 'first': 'Timon', 'last': 'Menard'}, 'location': {'street': {'number': 5654, 'name': 'Rue de Bonnel'}, 'city': 'Hundwil', 'state': 'Valais...</msg>
<var>${json_data}</var>
<arg>${response.json()}</arg>
<doc>Returns the given values which can then be assigned to a variables.</doc>
<status status="PASS" start="2024-04-28T17:12:27.042103" elapsed="0.000684"/>
</kw>
<kw name="Dictionary Should Contain Key" owner="Collections">
<msg time="2024-04-28T17:12:27.043465" level="INFO">False</msg>
<arg>${json_data}</arg>
<arg>results</arg>
<doc>Fails if ``key`` is not found from ``dictionary``.</doc>
<status status="PASS" start="2024-04-28T17:12:27.043233" elapsed="0.000290"/>
</kw>
<status status="PASS" start="2024-04-28T17:12:26.860975" elapsed="0.182916"/>
</kw>
<doc>Testa se a API responde corretamente e retorna um objeto JSON válido.</doc>
<tag>testeRequisicaoBasica</tag>
<status status="PASS" start="2024-04-28T17:12:26.860460" elapsed="0.183706"/>
</test>
<test id="s1-s1-t3" name="Validar estrutura de resposta" line="22">
<kw name="Teste de Estrutura de Resposta" owner="random-user-service">
<kw name="GET On Session" owner="RequestsLibrary">
<msg time="2024-04-28T17:12:27.148264" level="INFO">GET Request : url=https://randomuser.me/api 
 path_url=/api 
 headers={'User-Agent': 'python-requests/2.31.0', 'Accept-Encoding': 'gzip, deflate', 'Accept': '*/*', 'Connection': 'keep-alive'} 
 body=None 
 </msg>
<msg time="2024-04-28T17:12:27.148378" level="INFO">GET Response : url=https://randomuser.me/api 
 status=200, reason=OK 
 headers={'Date': 'Sun, 28 Apr 2024 17:12:27 GMT', 'Content-Type': 'application/json; charset=utf-8', 'Transfer-Encoding': 'chunked', 'Connection': 'keep-alive', 'X-Powered-By': 'Express', 'Access-Control-Allow-Origin': '*', 'Cache-Control': 'no-cache', 'ETag': 'W/"47b-YI6k93FtkPWkRxJLN18gKr5iMf4"', 'Vary': 'Accept-Encoding', 'Content-Encoding': 'gzip', 'CF-Cache-Status': 'DYNAMIC', 'Report-To': '{"endpoints":[{"url":"https:\\/\\/a.nel.cloudflare.com\\/report\\/v4?s=p9lJzjvUYngRTb9VHJcXzw3MK9%2F4UR2hfOCns3qbksUM2y8LoeqYc%2Bd%2B2AmWCGjxxFWiTL19Rnddqi5ZaRGbX7CuUrYwH2%2BdMJGGcqFVphjt8i00ifsPPzAkF4aHZ4HF"}],"group":"cf-nel","max_age":604800}', 'NEL': '{"success_fraction":0,"report_to":"cf-nel","max_age":604800}', 'Server': 'cloudflare', 'CF-RAY': '87b8ad610d7207fd-IAD', 'alt-svc': 'h3=":443"; ma=86400'} 
 body={"results":[{"gender":"female","name":{"title":"Miss","first":"Swathi","last":"Nagane"},"location":{"street":{"number":7189,"name":"Swargate"},"city":"Nellore","state":"Lakshadweep","country":"India","postcode":37507,"coordinates":{"latitude":"7.3012","longitude":"55.1021"},"timezone":{"offset":"-2:00","description":"Mid-Atlantic"}},"email":"swathi.nagane@example.com","login":{"uuid":"e826bea8-4506-4748-b6de-6ac4c9c42881","username":"whitegorilla702","password":"spectrum","salt":"tcyCpFUz","md5":"283d5291b6dd1d6d485d9557b1eb4ef3","sha1":"295a5a7efbbe0bbe77993ef0351f5199d26537aa","sha256":"fb08627c70327cce04fca8266a0c95d338adbc160d2485c2a2b1998af9cb9f50"},"dob":{"date":"1990-07-30T20:42:24.541Z","age":33},"registered":{"date":"2008-07-08T13:23:49.444Z","age":15},"phone":"8821550878","cell":"9869937998","id":{"name":"UIDAI","value":"926136585908"},"picture":{"large":"https://randomuser.me/api/portraits/women/75.jpg","medium":"https://randomuser.me/api/portraits/med/women/75.jpg","thumbnail":"https://randomuser.me/api/portraits/thumb/women/75.jpg"},"nat":"IN"}],"info":{"seed":"76a08fc7f05e7556","results":1,"page":1,"version":"1.4"}} 
 </msg>
<msg time="2024-04-28T17:12:27.148531" level="INFO">/opt/hostedtoolcache/Python/3.12.3/x64/lib/python3.12/site-packages/urllib3/connectionpool.py:1103: InsecureRequestWarning: Unverified HTTPS request is being made to host 'randomuser.me'. Adding certificate verification is strongly advised. See: https://urllib3.readthedocs.io/en/latest/advanced-usage.html#tls-warnings
  warnings.warn(</msg>
<msg time="2024-04-28T17:12:27.148678" level="INFO">${response} = &lt;Response [200]&gt;</msg>
<var>${response}</var>
<arg>consultarAPI</arg>
<arg>/api</arg>
<doc>Sends a GET request on a previously created HTTP Session.</doc>
<status status="PASS" start="2024-04-28T17:12:27.048511" elapsed="0.100204"/>
</kw>
<kw name="Set Variable" owner="BuiltIn">
<msg time="2024-04-28T17:12:27.149821" level="INFO">${json_data} = {'results': [{'gender': 'female', 'name': {'title': 'Miss', 'first': 'Swathi', 'last': 'Nagane'}, 'location': {'street': {'number': 7189, 'name': 'Swargate'}, 'city': 'Nellore', 'state': 'Lakshadweep'...</msg>
<var>${json_data}</var>
<arg>${response.json()}</arg>
<doc>Returns the given values which can then be assigned to a variables.</doc>
<status status="PASS" start="2024-04-28T17:12:27.149285" elapsed="0.000566"/>
</kw>
<kw name="Log" owner="BuiltIn">
<msg time="2024-04-28T17:12:27.150372" level="INFO">{'results': [{'gender': 'female', 'name': {'title': 'Miss', 'first': 'Swathi', 'last': 'Nagane'}, 'location': {'street': {'number': 7189, 'name': 'Swargate'}, 'city': 'Nellore', 'state': 'Lakshadweep', 'country': 'India', 'postcode': 37507, 'coordinates': {'latitude': '7.3012', 'longitude': '55.1021'}, 'timezone': {'offset': '-2:00', 'description': 'Mid-Atlantic'}}, 'email': 'swathi.nagane@example.com', 'login': {'uuid': 'e826bea8-4506-4748-b6de-6ac4c9c42881', 'username': 'whitegorilla702', 'password': 'spectrum', 'salt': 'tcyCpFUz', 'md5': '283d5291b6dd1d6d485d9557b1eb4ef3', 'sha1': '295a5a7efbbe0bbe77993ef0351f5199d26537aa', 'sha256': 'fb08627c70327cce04fca8266a0c95d338adbc160d2485c2a2b1998af9cb9f50'}, 'dob': {'date': '1990-07-30T20:42:24.541Z', 'age': 33}, 'registered': {'date': '2008-07-08T13:23:49.444Z', 'age': 15}, 'phone': '8821550878', 'cell': '9869937998', 'id': {'name': 'UIDAI', 'value': '926136585908'}, 'picture': {'large': 'https://randomuser.me/api/portraits/women/75.jpg', 'medium': 'https://randomuser.me/api/portraits/med/women/75.jpg', 'thumbnail': 'https://randomuser.me/api/portraits/thumb/women/75.jpg'}, 'nat': 'IN'}], 'info': {'seed': '76a08fc7f05e7556', 'results': 1, 'page': 1, 'version': '1.4'}}</msg>
<arg>${json_data}</arg>
<doc>Logs the given message with the given level.</doc>
<status status="PASS" start="2024-04-28T17:12:27.150199" elapsed="0.000223"/>
</kw>
<kw name="Dictionary Should Contain Key" owner="Collections">
<msg time="2024-04-28T17:12:27.150905" level="INFO">False</msg>
<arg>${json_data}</arg>
<arg>results</arg>
<doc>Fails if ``key`` is not found from ``dictionary``.</doc>
<status status="PASS" start="2024-04-28T17:12:27.150736" elapsed="0.000207"/>
</kw>
<kw name="Should Not Be Empty" owner="BuiltIn">
<msg time="2024-04-28T17:12:27.151375" level="INFO">Length is 2.</msg>
<arg>${json_data}</arg>
<doc>Verifies that the given item is not empty.</doc>
<status status="PASS" start="2024-04-28T17:12:27.151241" elapsed="0.000338"/>
</kw>
<kw name="Create List" owner="BuiltIn">
<msg time="2024-04-28T17:12:27.152046" level="INFO">${expected_keys} = ['gender', 'name', 'location', 'email', 'login']</msg>
<var>${expected_keys}</var>
<arg>gender</arg>
<arg>name</arg>
<arg>location</arg>
<arg>email</arg>
<arg>login</arg>
<doc>Returns a list containing given items.</doc>
<status status="PASS" start="2024-04-28T17:12:27.151886" elapsed="0.000185"/>
</kw>
<for flavor="IN">
<iter>
<kw name="Dictionary Should Contain Key" owner="Collections">
<msg time="2024-04-28T17:12:27.153172" level="INFO">False</msg>
<arg>${json_data['results'][0]}</arg>
<arg>${key}</arg>
<doc>Fails if ``key`` is not found from ``dictionary``.</doc>
<status status="PASS" start="2024-04-28T17:12:27.152671" elapsed="0.000543"/>
</kw>
<kw name="Log" owner="BuiltIn">
<msg time="2024-04-28T17:12:27.153940" level="INFO">{'gender': 'female', 'name': {'title': 'Miss', 'first': 'Swathi', 'last': 'Nagane'}, 'location': {'street': {'number': 7189, 'name': 'Swargate'}, 'city': 'Nellore', 'state': 'Lakshadweep', 'country': 'India', 'postcode': 37507, 'coordinates': {'latitude': '7.3012', 'longitude': '55.1021'}, 'timezone': {'offset': '-2:00', 'description': 'Mid-Atlantic'}}, 'email': 'swathi.nagane@example.com', 'login': {'uuid': 'e826bea8-4506-4748-b6de-6ac4c9c42881', 'username': 'whitegorilla702', 'password': 'spectrum', 'salt': 'tcyCpFUz', 'md5': '283d5291b6dd1d6d485d9557b1eb4ef3', 'sha1': '295a5a7efbbe0bbe77993ef0351f5199d26537aa', 'sha256': 'fb08627c70327cce04fca8266a0c95d338adbc160d2485c2a2b1998af9cb9f50'}, 'dob': {'date': '1990-07-30T20:42:24.541Z', 'age': 33}, 'registered': {'date': '2008-07-08T13:23:49.444Z', 'age': 15}, 'phone': '8821550878', 'cell': '9869937998', 'id': {'name': 'UIDAI', 'value': '926136585908'}, 'picture': {'large': 'https://randomuser.me/api/portraits/women/75.jpg', 'medium': 'https://randomuser.me/api/portraits/med/women/75.jpg', 'thumbnail': 'https://randomuser.me/api/portraits/thumb/women/75.jpg'}, 'nat': 'IN'}</msg>
<arg>${json_data['results'][0]}</arg>
<doc>Logs the given message with the given level.</doc>
<status status="PASS" start="2024-04-28T17:12:27.153562" elapsed="0.000427"/>
</kw>
<kw name="Log" owner="BuiltIn">
<msg time="2024-04-28T17:12:27.154423" level="INFO">gender</msg>
<arg>${key}</arg>
<doc>Logs the given message with the given level.</doc>
<status status="PASS" start="2024-04-28T17:12:27.154296" elapsed="0.000165"/>
</kw>
<var name="${key}">gender</var>
<status status="PASS" start="2024-04-28T17:12:27.152541" elapsed="0.002134"/>
</iter>
<iter>
<kw name="Dictionary Should Contain Key" owner="Collections">
<msg time="2024-04-28T17:12:27.155407" level="INFO">False</msg>
<arg>${json_data['results'][0]}</arg>
<arg>${key}</arg>
<doc>Fails if ``key`` is not found from ``dictionary``.</doc>
<status status="PASS" start="2024-04-28T17:12:27.154988" elapsed="0.000457"/>
</kw>
<kw name="Log" owner="BuiltIn">
<msg time="2024-04-28T17:12:27.156133" level="INFO">{'gender': 'female', 'name': {'title': 'Miss', 'first': 'Swathi', 'last': 'Nagane'}, 'location': {'street': {'number': 7189, 'name': 'Swargate'}, 'city': 'Nellore', 'state': 'Lakshadweep', 'country': 'India', 'postcode': 37507, 'coordinates': {'latitude': '7.3012', 'longitude': '55.1021'}, 'timezone': {'offset': '-2:00', 'description': 'Mid-Atlantic'}}, 'email': 'swathi.nagane@example.com', 'login': {'uuid': 'e826bea8-4506-4748-b6de-6ac4c9c42881', 'username': 'whitegorilla702', 'password': 'spectrum', 'salt': 'tcyCpFUz', 'md5': '283d5291b6dd1d6d485d9557b1eb4ef3', 'sha1': '295a5a7efbbe0bbe77993ef0351f5199d26537aa', 'sha256': 'fb08627c70327cce04fca8266a0c95d338adbc160d2485c2a2b1998af9cb9f50'}, 'dob': {'date': '1990-07-30T20:42:24.541Z', 'age': 33}, 'registered': {'date': '2008-07-08T13:23:49.444Z', 'age': 15}, 'phone': '8821550878', 'cell': '9869937998', 'id': {'name': 'UIDAI', 'value': '926136585908'}, 'picture': {'large': 'https://randomuser.me/api/portraits/women/75.jpg', 'medium': 'https://randomuser.me/api/portraits/med/women/75.jpg', 'thumbnail': 'https://randomuser.me/api/portraits/thumb/women/75.jpg'}, 'nat': 'IN'}</msg>
<arg>${json_data['results'][0]}</arg>
<doc>Logs the given message with the given level.</doc>
<status status="PASS" start="2024-04-28T17:12:27.155772" elapsed="0.000408"/>
</kw>
<kw name="Log" owner="BuiltIn">
<msg time="2024-04-28T17:12:27.156600" level="INFO">name</msg>
<arg>${key}</arg>
<doc>Logs the given message with the given level.</doc>
<status status="PASS" start="2024-04-28T17:12:27.156476" elapsed="0.000161"/>
</kw>
<var name="${key}">name</var>
<status status="PASS" start="2024-04-28T17:12:27.154871" elapsed="0.002003"/>
</iter>
<iter>
<kw name="Dictionary Should Contain Key" owner="Collections">
<msg time="2024-04-28T17:12:27.157552" level="INFO">False</msg>
<arg>${json_data['results'][0]}</arg>
<arg>${key}</arg>
<doc>Fails if ``key`` is not found from ``dictionary``.</doc>
<status status="PASS" start="2024-04-28T17:12:27.157169" elapsed="0.000421"/>
</kw>
<kw name="Log" owner="BuiltIn">
<msg time="2024-04-28T17:12:27.158247" level="INFO">{'gender': 'female', 'name': {'title': 'Miss', 'first': 'Swathi', 'last': 'Nagane'}, 'location': {'street': {'number': 7189, 'name': 'Swargate'}, 'city': 'Nellore', 'state': 'Lakshadweep', 'country': 'India', 'postcode': 37507, 'coordinates': {'latitude': '7.3012', 'longitude': '55.1021'}, 'timezone': {'offset': '-2:00', 'description': 'Mid-Atlantic'}}, 'email': 'swathi.nagane@example.com', 'login': {'uuid': 'e826bea8-4506-4748-b6de-6ac4c9c42881', 'username': 'whitegorilla702', 'password': 'spectrum', 'salt': 'tcyCpFUz', 'md5': '283d5291b6dd1d6d485d9557b1eb4ef3', 'sha1': '295a5a7efbbe0bbe77993ef0351f5199d26537aa', 'sha256': 'fb08627c70327cce04fca8266a0c95d338adbc160d2485c2a2b1998af9cb9f50'}, 'dob': {'date': '1990-07-30T20:42:24.541Z', 'age': 33}, 'registered': {'date': '2008-07-08T13:23:49.444Z', 'age': 15}, 'phone': '8821550878', 'cell': '9869937998', 'id': {'name': 'UIDAI', 'value': '926136585908'}, 'picture': {'large': 'https://randomuser.me/api/portraits/women/75.jpg', 'medium': 'https://randomuser.me/api/portraits/med/women/75.jpg', 'thumbnail': 'https://randomuser.me/api/portraits/thumb/women/75.jpg'}, 'nat': 'IN'}</msg>
<arg>${json_data['results'][0]}</arg>
<doc>Logs the given message with the given level.</doc>
<status status="PASS" start="2024-04-28T17:12:27.157892" elapsed="0.000402"/>
</kw>
<kw name="Log" owner="BuiltIn">
<msg time="2024-04-28T17:12:27.158709" level="INFO">location</msg>
<arg>${key}</arg>
<doc>Logs the given message with the given level.</doc>
<status status="PASS" start="2024-04-28T17:12:27.158586" elapsed="0.000160"/>
</kw>
<var name="${key}">location</var>
<status status="PASS" start="2024-04-28T17:12:27.157056" elapsed="0.001900"/>
</iter>
<iter>
<kw name="Dictionary Should Contain Key" owner="Collections">
<msg time="2024-04-28T17:12:27.159624" level="INFO">False</msg>
<arg>${json_data['results'][0]}</arg>
<arg>${key}</arg>
<doc>Fails if ``key`` is not found from ``dictionary``.</doc>
<status status="PASS" start="2024-04-28T17:12:27.159239" elapsed="0.000423"/>
</kw>
<kw name="Log" owner="BuiltIn">
<msg time="2024-04-28T17:12:27.160323" level="INFO">{'gender': 'female', 'name': {'title': 'Miss', 'first': 'Swathi', 'last': 'Nagane'}, 'location': {'street': {'number': 7189, 'name': 'Swargate'}, 'city': 'Nellore', 'state': 'Lakshadweep', 'country': 'India', 'postcode': 37507, 'coordinates': {'latitude': '7.3012', 'longitude': '55.1021'}, 'timezone': {'offset': '-2:00', 'description': 'Mid-Atlantic'}}, 'email': 'swathi.nagane@example.com', 'login': {'uuid': 'e826bea8-4506-4748-b6de-6ac4c9c42881', 'username': 'whitegorilla702', 'password': 'spectrum', 'salt': 'tcyCpFUz', 'md5': '283d5291b6dd1d6d485d9557b1eb4ef3', 'sha1': '295a5a7efbbe0bbe77993ef0351f5199d26537aa', 'sha256': 'fb08627c70327cce04fca8266a0c95d338adbc160d2485c2a2b1998af9cb9f50'}, 'dob': {'date': '1990-07-30T20:42:24.541Z', 'age': 33}, 'registered': {'date': '2008-07-08T13:23:49.444Z', 'age': 15}, 'phone': '8821550878', 'cell': '9869937998', 'id': {'name': 'UIDAI', 'value': '926136585908'}, 'picture': {'large': 'https://randomuser.me/api/portraits/women/75.jpg', 'medium': 'https://randomuser.me/api/portraits/med/women/75.jpg', 'thumbnail': 'https://randomuser.me/api/portraits/thumb/women/75.jpg'}, 'nat': 'IN'}</msg>
<arg>${json_data['results'][0]}</arg>
<doc>Logs the given message with the given level.</doc>
<status status="PASS" start="2024-04-28T17:12:27.159958" elapsed="0.000412"/>
</kw>
<kw name="Log" owner="BuiltIn">
<msg time="2024-04-28T17:12:27.160789" level="INFO">email</msg>
<arg>${key}</arg>
<doc>Logs the given message with the given level.</doc>
<status status="PASS" start="2024-04-28T17:12:27.160664" elapsed="0.000162"/>
</kw>
<var name="${key}">email</var>
<status status="PASS" start="2024-04-28T17:12:27.159129" elapsed="0.001951"/>
</iter>
<iter>
<kw name="Dictionary Should Contain Key" owner="Collections">
<msg time="2024-04-28T17:12:27.161751" level="INFO">False</msg>
<arg>${json_data['results'][0]}</arg>
<arg>${key}</arg>
<doc>Fails if ``key`` is not found from ``dictionary``.</doc>
<status status="PASS" start="2024-04-28T17:12:27.161368" elapsed="0.000429"/>
</kw>
<kw name="Log" owner="BuiltIn">
<msg time="2024-04-28T17:12:27.162457" level="INFO">{'gender': 'female', 'name': {'title': 'Miss', 'first': 'Swathi', 'last': 'Nagane'}, 'location': {'street': {'number': 7189, 'name': 'Swargate'}, 'city': 'Nellore', 'state': 'Lakshadweep', 'country': 'India', 'postcode': 37507, 'coordinates': {'latitude': '7.3012', 'longitude': '55.1021'}, 'timezone': {'offset': '-2:00', 'description': 'Mid-Atlantic'}}, 'email': 'swathi.nagane@example.com', 'login': {'uuid': 'e826bea8-4506-4748-b6de-6ac4c9c42881', 'username': 'whitegorilla702', 'password': 'spectrum', 'salt': 'tcyCpFUz', 'md5': '283d5291b6dd1d6d485d9557b1eb4ef3', 'sha1': '295a5a7efbbe0bbe77993ef0351f5199d26537aa', 'sha256': 'fb08627c70327cce04fca8266a0c95d338adbc160d2485c2a2b1998af9cb9f50'}, 'dob': {'date': '1990-07-30T20:42:24.541Z', 'age': 33}, 'registered': {'date': '2008-07-08T13:23:49.444Z', 'age': 15}, 'phone': '8821550878', 'cell': '9869937998', 'id': {'name': 'UIDAI', 'value': '926136585908'}, 'picture': {'large': 'https://randomuser.me/api/portraits/women/75.jpg', 'medium': 'https://randomuser.me/api/portraits/med/women/75.jpg', 'thumbnail': 'https://randomuser.me/api/portraits/thumb/women/75.jpg'}, 'nat': 'IN'}</msg>
<arg>${json_data['results'][0]}</arg>
<doc>Logs the given message with the given level.</doc>
<status status="PASS" start="2024-04-28T17:12:27.162092" elapsed="0.000410"/>
</kw>
<kw name="Log" owner="BuiltIn">
<msg time="2024-04-28T17:12:27.162917" level="INFO">login</msg>
<arg>${key}</arg>
<doc>Logs the given message with the given level.</doc>
<status status="PASS" start="2024-04-28T17:12:27.162794" elapsed="0.000159"/>
</kw>
<var name="${key}">login</var>
<status status="PASS" start="2024-04-28T17:12:27.161257" elapsed="0.001908"/>
</iter>
<var>${key}</var>
<value>@{expected_keys}</value>
<status status="PASS" start="2024-04-28T17:12:27.152335" elapsed="0.010978"/>
</for>
<kw name="Create List" owner="BuiltIn">
<msg time="2024-04-28T17:12:27.163649" level="INFO">${expected_keysTwo} = ['username', 'password']</msg>
<var>${expected_keysTwo}</var>
<arg>username</arg>
<arg>password</arg>
<doc>Returns a list containing given items.</doc>
<status status="PASS" start="2024-04-28T17:12:27.163514" elapsed="0.000159"/>
</kw>
<for flavor="IN">
<iter>
<kw name="Dictionary Should Contain Key" owner="Collections">
<msg time="2024-04-28T17:12:27.164558" level="INFO">False</msg>
<arg>${json_data['results'][0]['login']}</arg>
<arg>${keyTwo}</arg>
<doc>Fails if ``key`` is not found from ``dictionary``.</doc>
<status status="PASS" start="2024-04-28T17:12:27.164175" elapsed="0.000421"/>
</kw>
<kw name="Dictionary Should Contain Key" owner="Collections">
<msg time="2024-04-28T17:12:27.165294" level="INFO">False</msg>
<arg>${json_data['results'][0]['login']}</arg>
<arg>${keyTwo}</arg>
<doc>Fails if ``key`` is not found from ``dictionary``.</doc>
<status status="PASS" start="2024-04-28T17:12:27.164909" elapsed="0.000423"/>
</kw>
<kw name="Log" owner="BuiltIn">
<msg time="2024-04-28T17:12:27.165750" level="INFO">username</msg>
<arg>${keyTwo}</arg>
<doc>Logs the given message with the given level.</doc>
<status status="PASS" start="2024-04-28T17:12:27.165625" elapsed="0.000167"/>
</kw>
<var name="${keyTwo}">username</var>
<status status="PASS" start="2024-04-28T17:12:27.164066" elapsed="0.001941"/>
</iter>
<iter>
<kw name="Dictionary Should Contain Key" owner="Collections">
<msg time="2024-04-28T17:12:27.166757" level="INFO">False</msg>
<arg>${json_data['results'][0]['login']}</arg>
<arg>${keyTwo}</arg>
<doc>Fails if ``key`` is not found from ``dictionary``.</doc>
<status status="PASS" start="2024-04-28T17:12:27.166288" elapsed="0.000515"/>
</kw>
<kw name="Dictionary Should Contain Key" owner="Collections">
<msg time="2024-04-28T17:12:27.167483" level="INFO">False</msg>
<arg>${json_data['results'][0]['login']}</arg>
<arg>${keyTwo}</arg>
<doc>Fails if ``key`` is not found from ``dictionary``.</doc>
<status status="PASS" start="2024-04-28T17:12:27.167104" elapsed="0.000416"/>
</kw>
<kw name="Log" owner="BuiltIn">
<msg time="2024-04-28T17:12:27.167941" level="INFO">password</msg>
<arg>${keyTwo}</arg>
<doc>Logs the given message with the given level.</doc>
<status status="PASS" start="2024-04-28T17:12:27.167815" elapsed="0.000163"/>
</kw>
<var name="${keyTwo}">password</var>
<status status="PASS" start="2024-04-28T17:12:27.166180" elapsed="0.002012"/>
</iter>
<var>${keyTwo}</var>
<value>@{expected_keysTwo}</value>
<status status="PASS" start="2024-04-28T17:12:27.163910" elapsed="0.004403"/>
</for>
<status status="PASS" start="2024-04-28T17:12:27.048122" elapsed="0.120334"/>
</kw>
<doc>Testa a estrutura da resposta da API.</doc>
<tag>testeEstruturaResposta</tag>
<status status="PASS" start="2024-04-28T17:12:27.047314" elapsed="0.121312"/>
</test>
<test id="s1-s1-t4" name="Validar tipos de dados" line="28">
<kw name="Teste de Tipos de Dados" owner="random-user-service">
<kw name="GET On Session" owner="RequestsLibrary">
<msg time="2024-04-28T17:12:27.239259" level="INFO">GET Request : url=https://randomuser.me/api 
 path_url=/api 
 headers={'User-Agent': 'python-requests/2.31.0', 'Accept-Encoding': 'gzip, deflate', 'Accept': '*/*', 'Connection': 'keep-alive'} 
 body=None 
 </msg>
<msg time="2024-04-28T17:12:27.239336" level="INFO">GET Response : url=https://randomuser.me/api 
 status=200, reason=OK 
 headers={'Date': 'Sun, 28 Apr 2024 17:12:27 GMT', 'Content-Type': 'application/json; charset=utf-8', 'Transfer-Encoding': 'chunked', 'Connection': 'keep-alive', 'X-Powered-By': 'Express', 'Access-Control-Allow-Origin': '*', 'Cache-Control': 'no-cache', 'ETag': 'W/"496-vvmn9p4XaYr8yoP/9tFDUYhxLIk"', 'Vary': 'Accept-Encoding', 'Content-Encoding': 'gzip', 'CF-Cache-Status': 'DYNAMIC', 'Report-To': '{"endpoints":[{"url":"https:\\/\\/a.nel.cloudflare.com\\/report\\/v4?s=%2BtbwXwjyrMuORoGvGuOwkY0t46kqRu%2FoI0k31ZqiJECZepjEgTe4bcqOAfIDZHHukip3EOwhM4anDF5vSHz0Fi4ty%2BvrjZs0eHXMWMTNPK3JaWe0zFhDqOvf%2F8VJF8HA"}],"group":"cf-nel","max_age":604800}', 'NEL': '{"success_fraction":0,"report_to":"cf-nel","max_age":604800}', 'Server': 'cloudflare', 'CF-RAY': '87b8ad61ce9507fd-IAD', 'alt-svc': 'h3=":443"; ma=86400'} 
 body={"results":[{"gender":"male","name":{"title":"Mr","first":"Vincent","last":"Stanley"},"location":{"street":{"number":8067,"name":"Stanley Road"},"city":"Southampton","state":"Wiltshire","country":"United Kingdom","postcode":"C31 5YJ","coordinates":{"latitude":"-12.4851","longitude":"-135.0563"},"timezone":{"offset":"-11:00","description":"Midway Island, Samoa"}},"email":"vincent.stanley@example.com","login":{"uuid":"fd0cccf4-3353-4012-84d4-a3745e0b0249","username":"ticklishfish715","password":"derf","salt":"onwpdgkI","md5":"30a7cb55b65849ed58d8485c757ffa34","sha1":"210105060fc4b2179e569c5ad07c2bee8dfeda9c","sha256":"e30e7277f2582868b6aff4591ea04429a97e82bf65f1fbc1bca8596c0391c462"},"dob":{"date":"1958-04-15T10:49:22.338Z","age":66},"registered":{"date":"2012-02-09T07:19:49.350Z","age":12},"phone":"026 7426 6950","cell":"07032 765084","id":{"name":"NINO","value":"BT 56 62 92 V"},"picture":{"large":"https://randomuser.me/api/portraits/men/30.jpg","medium":"https://randomuser.me/api/portraits/med/men/30.jpg","thumbnail":"https://randomuser.me/api/portraits/thumb/men/30.jpg"},"nat":"GB"}],"info":{"seed":"d3b593e4c5db2172","results":1,"page":1,"version":"1.4"}} 
 </msg>
<msg time="2024-04-28T17:12:27.239405" level="INFO">/opt/hostedtoolcache/Python/3.12.3/x64/lib/python3.12/site-packages/urllib3/connectionpool.py:1103: InsecureRequestWarning: Unverified HTTPS request is being made to host 'randomuser.me'. Adding certificate verification is strongly advised. See: https://urllib3.readthedocs.io/en/latest/advanced-usage.html#tls-warnings
  warnings.warn(</msg>
<msg time="2024-04-28T17:12:27.239514" level="INFO">${response} = &lt;Response [200]&gt;</msg>
<var>${response}</var>
<arg>consultarAPI</arg>
<arg>/api</arg>
<doc>Sends a GET request on a previously created HTTP Session.</doc>
<status status="PASS" start="2024-04-28T17:12:27.171116" elapsed="0.068447"/>
</kw>
<kw name="Set Variable" owner="BuiltIn">
<msg time="2024-04-28T17:12:27.240653" level="INFO">${json_data} = {'results': [{'gender': 'male', 'name': {'title': 'Mr', 'first': 'Vincent', 'last': 'Stanley'}, 'location': {'street': {'number': 8067, 'name': 'Stanley Road'}, 'city': 'Southampton', 'state': 'Wiltsh...</msg>
<var>${json_data}</var>
<arg>${response.json()}</arg>
<doc>Returns the given values which can then be assigned to a variables.</doc>
<status status="PASS" start="2024-04-28T17:12:27.240085" elapsed="0.000597"/>
</kw>
<kw name="Log" owner="BuiltIn">
<msg time="2024-04-28T17:12:27.241184" level="INFO">{'results': [{'gender': 'male', 'name': {'title': 'Mr', 'first': 'Vincent', 'last': 'Stanley'}, 'location': {'street': {'number': 8067, 'name': 'Stanley Road'}, 'city': 'Southampton', 'state': 'Wiltshire', 'country': 'United Kingdom', 'postcode': 'C31 5YJ', 'coordinates': {'latitude': '-12.4851', 'longitude': '-135.0563'}, 'timezone': {'offset': '-11:00', 'description': 'Midway Island, Samoa'}}, 'email': 'vincent.stanley@example.com', 'login': {'uuid': 'fd0cccf4-3353-4012-84d4-a3745e0b0249', 'username': 'ticklishfish715', 'password': 'derf', 'salt': 'onwpdgkI', 'md5': '30a7cb55b65849ed58d8485c757ffa34', 'sha1': '210105060fc4b2179e569c5ad07c2bee8dfeda9c', 'sha256': 'e30e7277f2582868b6aff4591ea04429a97e82bf65f1fbc1bca8596c0391c462'}, 'dob': {'date': '1958-04-15T10:49:22.338Z', 'age': 66}, 'registered': {'date': '2012-02-09T07:19:49.350Z', 'age': 12}, 'phone': '026 7426 6950', 'cell': '07032 765084', 'id': {'name': 'NINO', 'value': 'BT 56 62 92 V'}, 'picture': {'large': 'https://randomuser.me/api/portraits/men/30.jpg', 'medium': 'https://randomuser.me/api/portraits/med/men/30.jpg', 'thumbnail': 'https://randomuser.me/api/portraits/thumb/men/30.jpg'}, 'nat': 'GB'}], 'info': {'seed': 'd3b593e4c5db2172', 'results': 1, 'page': 1, 'version': '1.4'}}</msg>
<arg>${json_data}</arg>
<doc>Logs the given message with the given level.</doc>
<status status="PASS" start="2024-04-28T17:12:27.241032" elapsed="0.000232"/>
</kw>
<kw name="Should Be String" owner="String">
<arg>${json_data['results'][0]['gender']}</arg>
<doc>Fails if the given ``item`` is not a string.</doc>
<status status="PASS" start="2024-04-28T17:12:27.241573" elapsed="0.000357"/>
</kw>
<kw name="Should Match Regexp" owner="BuiltIn">
<arg>${json_data['results'][0]['email']}</arg>
<arg>^[a-zA-Z0-9._%+-]+@[a-zA-Z0-9.-]+\.[a-zA-Z]{2,}$</arg>
<doc>Fails if ``string`` does not match ``pattern`` as a regular expression.</doc>
<status status="PASS" start="2024-04-28T17:12:27.242121" elapsed="0.000515"/>
</kw>
<kw name="Should Match Regexp" owner="BuiltIn">
<arg>${json_data['results'][0]['dob']['date']}</arg>
<arg>\\d{4}-\\d{2}-\\d{2}T\\d{2}:\\d{2}:\\d{2}\\.\\d{3}Z</arg>
<doc>Fails if ``string`` does not match ``pattern`` as a regular expression.</doc>
<status status="PASS" start="2024-04-28T17:12:27.242831" elapsed="0.000489"/>
</kw>
<kw name="Should Match Regexp" owner="BuiltIn">
<arg>${json_data['results'][0]['registered']['date']}</arg>
<arg>\\d{4}-\\d{2}-\\d{2}T\\d{2}:\\d{2}:\\d{2}\\.\\d{3}Z</arg>
<doc>Fails if ``string`` does not match ``pattern`` as a regular expression.</doc>
<status status="PASS" start="2024-04-28T17:12:27.243511" elapsed="0.000368"/>
</kw>
<kw name="Should Match Regexp" owner="BuiltIn">
<arg>${json_data['results'][0]['picture']['large']}</arg>
<arg>^https?://.*\.(?:png|jpe?g|gif|bmp)$</arg>
<doc>Fails if ``string`` does not match ``pattern`` as a regular expression.</doc>
<status status="PASS" start="2024-04-28T17:12:27.244066" elapsed="0.000461"/>
</kw>
<kw name="Should Match Regexp" owner="BuiltIn">
<arg>${json_data['results'][0]['picture']['medium']}</arg>
<arg>^https?://.*\.(?:png|jpe?g|gif|bmp)$</arg>
<doc>Fails if ``string`` does not match ``pattern`` as a regular expression.</doc>
<status status="PASS" start="2024-04-28T17:12:27.244715" elapsed="0.000395"/>
</kw>
<kw name="Should Match Regexp" owner="BuiltIn">
<arg>${json_data['results'][0]['picture']['thumbnail']}</arg>
<arg>^https?://.*\.(?:png|jpe?g|gif|bmp)$</arg>
<doc>Fails if ``string`` does not match ``pattern`` as a regular expression.</doc>
<status status="PASS" start="2024-04-28T17:12:27.245303" elapsed="0.000350"/>
</kw>
<kw name="Log" owner="BuiltIn">
<msg time="2024-04-28T17:12:27.246162" level="INFO">{'large': 'https://randomuser.me/api/portraits/men/30.jpg', 'medium': 'https://randomuser.me/api/portraits/med/men/30.jpg', 'thumbnail': 'https://randomuser.me/api/portraits/thumb/men/30.jpg'}</msg>
<arg>${json_data['results'][0]['picture']}</arg>
<doc>Logs the given message with the given level.</doc>
<status status="PASS" start="2024-04-28T17:12:27.245840" elapsed="0.000363"/>
</kw>
<status status="PASS" start="2024-04-28T17:12:27.170882" elapsed="0.075575"/>
</kw>
<kw name="Teste de Tipos de Dados - Postcode" owner="random-user-service">
<kw name="GET On Session" owner="RequestsLibrary">
<msg time="2024-04-28T17:12:27.337032" level="INFO">GET Request : url=https://randomuser.me/api 
 path_url=/api 
 headers={'User-Agent': 'python-requests/2.31.0', 'Accept-Encoding': 'gzip, deflate', 'Accept': '*/*', 'Connection': 'keep-alive'} 
 body=None 
 </msg>
<msg time="2024-04-28T17:12:27.337118" level="INFO">GET Response : url=https://randomuser.me/api 
 status=200, reason=OK 
 headers={'Date': 'Sun, 28 Apr 2024 17:12:27 GMT', 'Content-Type': 'application/json; charset=utf-8', 'Transfer-Encoding': 'chunked', 'Connection': 'keep-alive', 'X-Powered-By': 'Express', 'Access-Control-Allow-Origin': '*', 'Cache-Control': 'no-cache', 'ETag': 'W/"4a9-zrqVoYSQmd709feU/jUkg3umfFo"', 'Vary': 'Accept-Encoding', 'Content-Encoding': 'gzip', 'CF-Cache-Status': 'DYNAMIC', 'Report-To': '{"endpoints":[{"url":"https:\\/\\/a.nel.cloudflare.com\\/report\\/v4?s=Yorao0n12n972Odvpikjud8KcTWK5Os4i1QjJESeHgtmljAAmi0VOMNYWbMQHerWHOmpYNLdZZLkT12aTJFcIE%2FVYyvFjuKZinQReY7yIb%2BMlyWXwP2SHuI1%2BGaoqGwB"}],"group":"cf-nel","max_age":604800}', 'NEL': '{"success_fraction":0,"report_to":"cf-nel","max_age":604800}', 'Server': 'cloudflare', 'CF-RAY': '87b8ad624f4407fd-IAD', 'alt-svc': 'h3=":443"; ma=86400'} 
 body={"results":[{"gender":"female","name":{"title":"Mrs","first":"Gertrudes","last":"Pereira"},"location":{"street":{"number":4845,"name":"Rua Piauí "},"city":"Boa Vista","state":"São Paulo","country":"Brazil","postcode":88223,"coordinates":{"latitude":"-74.5851","longitude":"49.5095"},"timezone":{"offset":"+3:00","description":"Baghdad, Riyadh, Moscow, St. Petersburg"}},"email":"gertrudes.pereira@example.com","login":{"uuid":"5c68782f-d05e-4607-ad2f-1982d0b331b8","username":"yellowbird641","password":"bigmike","salt":"av6xbCN2","md5":"b7294e1258e286065d9baa941b94982d","sha1":"989842981e4e66ab053937f1172f339ca2358ea4","sha256":"4865698b3546cf72b76e8815427deb4b2929e514cd4b6edc1584cb804715daed"},"dob":{"date":"1973-06-18T04:43:31.187Z","age":50},"registered":{"date":"2005-08-15T02:52:45.123Z","age":18},"phone":"(07) 2117-5273","cell":"(14) 7829-9110","id":{"name":"CPF","value":"404.324.033-82"},"picture":{"large":"https://randomuser.me/api/portraits/women/80.jpg","medium":"https://randomuser.me/api/portraits/med/women/80.jpg","thumbnail":"https://randomuser.me/api/portraits/thumb/women/80.jpg"},"nat":"BR"}],"info":{"seed":"368c9cba50580928","results":1,"page":1,"version":"1.4"}} 
 </msg>
<msg time="2024-04-28T17:12:27.337183" level="INFO">/opt/hostedtoolcache/Python/3.12.3/x64/lib/python3.12/site-packages/urllib3/connectionpool.py:1103: InsecureRequestWarning: Unverified HTTPS request is being made to host 'randomuser.me'. Adding certificate verification is strongly advised. See: https://urllib3.readthedocs.io/en/latest/advanced-usage.html#tls-warnings
  warnings.warn(</msg>
<msg time="2024-04-28T17:12:27.337265" level="INFO">${response} = &lt;Response [200]&gt;</msg>
<var>${response}</var>
<arg>consultarAPI</arg>
<arg>/api</arg>
<doc>Sends a GET request on a previously created HTTP Session.</doc>
<status status="PASS" start="2024-04-28T17:12:27.246910" elapsed="0.090393"/>
</kw>
<kw name="Set Variable" owner="BuiltIn">
<msg time="2024-04-28T17:12:27.338347" level="INFO">${json_data} = {'results': [{'gender': 'female', 'name': {'title': 'Mrs', 'first': 'Gertrudes', 'last': 'Pereira'}, 'location': {'street': {'number': 4845, 'name': 'Rua Piauí '}, 'city': 'Boa Vista', 'state': 'São P...</msg>
<var>${json_data}</var>
<arg>${response.json()}</arg>
<doc>Returns the given values which can then be assigned to a variables.</doc>
<status status="PASS" start="2024-04-28T17:12:27.337762" elapsed="0.000614"/>
</kw>
<kw name="Log" owner="BuiltIn">
<msg time="2024-04-28T17:12:27.338839" level="INFO">{'results': [{'gender': 'female', 'name': {'title': 'Mrs', 'first': 'Gertrudes', 'last': 'Pereira'}, 'location': {'street': {'number': 4845, 'name': 'Rua Piauí '}, 'city': 'Boa Vista', 'state': 'São Paulo', 'country': 'Brazil', 'postcode': 88223, 'coordinates': {'latitude': '-74.5851', 'longitude': '49.5095'}, 'timezone': {'offset': '+3:00', 'description': 'Baghdad, Riyadh, Moscow, St. Petersburg'}}, 'email': 'gertrudes.pereira@example.com', 'login': {'uuid': '5c68782f-d05e-4607-ad2f-1982d0b331b8', 'username': 'yellowbird641', 'password': 'bigmike', 'salt': 'av6xbCN2', 'md5': 'b7294e1258e286065d9baa941b94982d', 'sha1': '989842981e4e66ab053937f1172f339ca2358ea4', 'sha256': '4865698b3546cf72b76e8815427deb4b2929e514cd4b6edc1584cb804715daed'}, 'dob': {'date': '1973-06-18T04:43:31.187Z', 'age': 50}, 'registered': {'date': '2005-08-15T02:52:45.123Z', 'age': 18}, 'phone': '(07) 2117-5273', 'cell': '(14) 7829-9110', 'id': {'name': 'CPF', 'value': '404.324.033-82'}, 'picture': {'large': 'https://randomuser.me/api/portraits/women/80.jpg', 'medium': 'https://randomuser.me/api/portraits/med/women/80.jpg', 'thumbnail': 'https://randomuser.me/api/portraits/thumb/women/80.jpg'}, 'nat': 'BR'}], 'info': {'seed': '368c9cba50580928', 'results': 1, 'page': 1, 'version': '1.4'}}</msg>
<arg>${json_data}</arg>
<doc>Logs the given message with the given level.</doc>
<status status="PASS" start="2024-04-28T17:12:27.338684" elapsed="0.000234"/>
</kw>
<kw name="Should Be Equal As Numbers" owner="BuiltIn">
<arg>${json_data['results'][0]['location']['postcode']}</arg>
<arg>${json_data['results'][0]['location']['postcode']}</arg>
<doc>Fails if objects are unequal after converting them to real numbers.</doc>
<status status="PASS" start="2024-04-28T17:12:27.339347" elapsed="0.000630"/>
</kw>
<kw name="Log" owner="BuiltIn">
<msg time="2024-04-28T17:12:27.340506" level="INFO">88223</msg>
<arg>${json_data['results'][0]['location']['postcode']}</arg>
<doc>Logs the given message with the given level.</doc>
<status status="PASS" start="2024-04-28T17:12:27.340172" elapsed="0.000374"/>
</kw>
<status status="PASS" start="2024-04-28T17:12:27.246672" elapsed="0.094127"/>
</kw>
<doc>Testa se os tipos de dados na resposta da API estão corretos.</doc>
<tag>testeTiposDados</tag>
<status status="PASS" start="2024-04-28T17:12:27.170422" elapsed="0.170590"/>
</test>
<test id="s1-s1-t5" name="Validar conteudo" line="35">
<kw name="Teste de Tipos de Conteudo" owner="random-user-service">
<kw name="GET On Session" owner="RequestsLibrary">
<msg time="2024-04-28T17:12:27.439416" level="INFO">GET Request : url=https://randomuser.me/api 
 path_url=/api 
 headers={'User-Agent': 'python-requests/2.31.0', 'Accept-Encoding': 'gzip, deflate', 'Accept': '*/*', 'Connection': 'keep-alive'} 
 body=None 
 </msg>
<msg time="2024-04-28T17:12:27.439501" level="INFO">GET Response : url=https://randomuser.me/api 
 status=200, reason=OK 
 headers={'Date': 'Sun, 28 Apr 2024 17:12:27 GMT', 'Content-Type': 'application/json; charset=utf-8', 'Transfer-Encoding': 'chunked', 'Connection': 'keep-alive', 'X-Powered-By': 'Express', 'Access-Control-Allow-Origin': '*', 'Cache-Control': 'no-cache', 'ETag': 'W/"4b9-iapfJDrqI/GMOaEqQp1JQooxwgY"', 'Vary': 'Accept-Encoding', 'Content-Encoding': 'gzip', 'CF-Cache-Status': 'DYNAMIC', 'Report-To': '{"endpoints":[{"url":"https:\\/\\/a.nel.cloudflare.com\\/report\\/v4?s=wVleLOCx0vjkXI%2BmuuncWGHfdYTKn3IeC%2BUG72tqmVoOlE3lMrdAypYJp%2Bg5PHFSQdsUnN%2FGF%2FHh230t351w48MJJR2OJhDWasWtWUAUueCnM%2BbHPmaIAPF11lZ6zP95"}],"group":"cf-nel","max_age":604800}', 'NEL': '{"success_fraction":0,"report_to":"cf-nel","max_age":604800}', 'Server': 'cloudflare', 'CF-RAY': '87b8ad62e81407fd-IAD', 'alt-svc': 'h3=":443"; ma=86400'} 
 body={"results":[{"gender":"female","name":{"title":"Ms","first":"Najiha","last":"Keijzer"},"location":{"street":{"number":894,"name":"Burgemeester van Rappardlaan"},"city":"Nieuwe Pekela","state":"Zuid-Holland","country":"Netherlands","postcode":"8329 TZ","coordinates":{"latitude":"37.5039","longitude":"144.9168"},"timezone":{"offset":"-4:00","description":"Atlantic Time (Canada), Caracas, La Paz"}},"email":"najiha.keijzer@example.com","login":{"uuid":"a5f4149f-6af7-4b25-877e-df804f517018","username":"tinysnake946","password":"jessica1","salt":"N9CTluWD","md5":"4dfbb102c199e8091cda3244688deb13","sha1":"bb9bac1cc887e291afa9e0e42cf4edb765644abb","sha256":"4d5ec56338e88ac8996b391b532ae98f1620fa1319f1a9255d44888b9656ddce"},"dob":{"date":"1974-08-19T23:50:57.642Z","age":49},"registered":{"date":"2003-03-13T20:22:13.433Z","age":21},"phone":"(0214) 938976","cell":"(06) 65291796","id":{"name":"BSN","value":"16758344"},"picture":{"large":"https://randomuser.me/api/portraits/women/28.jpg","medium":"https://randomuser.me/api/portraits/med/women/28.jpg","thumbnail":"https://randomuser.me/api/portraits/thumb/women/28.jpg"},"nat":"NL"}],"info":{"seed":"65812081cf4c3932","results":1,"page":1,"version":"1.4"}} 
 </msg>
<msg time="2024-04-28T17:12:27.439574" level="INFO">/opt/hostedtoolcache/Python/3.12.3/x64/lib/python3.12/site-packages/urllib3/connectionpool.py:1103: InsecureRequestWarning: Unverified HTTPS request is being made to host 'randomuser.me'. Adding certificate verification is strongly advised. See: https://urllib3.readthedocs.io/en/latest/advanced-usage.html#tls-warnings
  warnings.warn(</msg>
<msg time="2024-04-28T17:12:27.439680" level="INFO">${response} = &lt;Response [200]&gt;</msg>
<var>${response}</var>
<arg>consultarAPI</arg>
<arg>/api</arg>
<doc>Sends a GET request on a previously created HTTP Session.</doc>
<status status="PASS" start="2024-04-28T17:12:27.343487" elapsed="0.096243"/>
</kw>
<kw name="Set Variable" owner="BuiltIn">
<msg time="2024-04-28T17:12:27.440830" level="INFO">${json_data} = {'results': [{'gender': 'female', 'name': {'title': 'Ms', 'first': 'Najiha', 'last': 'Keijzer'}, 'location': {'street': {'number': 894, 'name': 'Burgemeester van Rappardlaan'}, 'city': 'Nieuwe Pekela'...</msg>
<var>${json_data}</var>
<arg>${response.json()}</arg>
<doc>Returns the given values which can then be assigned to a variables.</doc>
<status status="PASS" start="2024-04-28T17:12:27.440254" elapsed="0.000642"/>
</kw>
<kw name="Set Variable" owner="BuiltIn">
<msg time="2024-04-28T17:12:27.441601" level="INFO">${name_title} = Ms</msg>
<var>${name_title}</var>
<arg>${json_data["results"][0]["name"]["title"]}</arg>
<doc>Returns the given values which can then be assigned to a variables.</doc>
<status status="PASS" start="2024-04-28T17:12:27.441215" elapsed="0.000412"/>
</kw>
<kw name="Create List" owner="BuiltIn">
<msg time="2024-04-28T17:12:27.442085" level="INFO">${allowed_titles} = ['Mr', 'Ms', 'Miss', 'Mrs', 'Madame', 'Monsieur']</msg>
<var>${allowed_titles}</var>
<arg>Mr</arg>
<arg>Ms</arg>
<arg>Miss</arg>
<arg>Mrs</arg>
<arg>Madame</arg>
<arg>Monsieur</arg>
<doc>Returns a list containing given items.</doc>
<status status="PASS" start="2024-04-28T17:12:27.441937" elapsed="0.000172"/>
</kw>
<kw name="List Should Contain Value" owner="Collections">
<msg time="2024-04-28T17:12:27.442587" level="INFO">False</msg>
<arg>${allowed_titles}</arg>
<arg>${name_title}</arg>
<doc>Fails if the ``value`` is not found from ``list``.</doc>
<status status="PASS" start="2024-04-28T17:12:27.442418" elapsed="0.000205"/>
</kw>
<kw name="Set Variable" owner="BuiltIn">
<msg time="2024-04-28T17:12:27.443282" level="INFO">${name_country} = NL</msg>
<var>${name_country}</var>
<arg>${json_data["results"][0]["nat"]}</arg>
<doc>Returns the given values which can then be assigned to a variables.</doc>
<status status="PASS" start="2024-04-28T17:12:27.442907" elapsed="0.000400"/>
</kw>
<kw name="Create List" owner="BuiltIn">
<msg time="2024-04-28T17:12:27.444191" level="INFO">${list_country} = ['AD', 'AE', 'AF', 'AG', 'AI', 'AL', 'AM', 'AO', 'AQ', 'AR', 'AS', 'AT', 'AU', 'AW', 'AX', 'AZ', 'BA', 'BB', 'BD', 'BE', 'BF', 'BG', 'BH', 'BI', 'BJ', 'BL', 'BM', 'BN', 'BO', 'BQ', 'BR', 'BS', 'BT', '...</msg>
<var>${list_country}</var>
<arg>AD</arg>
<arg>AE</arg>
<arg>AF</arg>
<arg>AG</arg>
<arg>AI</arg>
<arg>AL</arg>
<arg>AM</arg>
<arg>AO</arg>
<arg>AQ</arg>
<arg>AR</arg>
<arg>AS</arg>
<arg>AT</arg>
<arg>AU</arg>
<arg>AW</arg>
<arg>AX</arg>
<arg>AZ</arg>
<arg>BA</arg>
<arg>BB</arg>
<arg>BD</arg>
<arg>BE</arg>
<arg>BF</arg>
<arg>BG</arg>
<arg>BH</arg>
<arg>BI</arg>
<arg>BJ</arg>
<arg>BL</arg>
<arg>BM</arg>
<arg>BN</arg>
<arg>BO</arg>
<arg>BQ</arg>
<arg>BR</arg>
<arg>BS</arg>
<arg>BT</arg>
<arg>BV</arg>
<arg>BW</arg>
<arg>BY</arg>
<arg>BZ</arg>
<arg>CA</arg>
<arg>CC</arg>
<arg>CD</arg>
<arg>CF</arg>
<arg>CG</arg>
<arg>CH</arg>
<arg>CI</arg>
<arg>CK</arg>
<arg>CL</arg>
<arg>CM</arg>
<arg>CN</arg>
<arg>CO</arg>
<arg>CR</arg>
<arg>CU</arg>
<arg>CV</arg>
<arg>CW</arg>
<arg>CX</arg>
<arg>CY</arg>
<arg>CZ</arg>
<arg>DE</arg>
<arg>DJ</arg>
<arg>DK</arg>
<arg>DM</arg>
<arg>DO</arg>
<arg>DZ</arg>
<arg>EC</arg>
<arg>EE</arg>
<arg>EG</arg>
<arg>EH</arg>
<arg>ER</arg>
<arg>ES</arg>
<arg>ET</arg>
<arg>FI</arg>
<arg>FJ</arg>
<arg>FK</arg>
<arg>FM</arg>
<arg>FO</arg>
<arg>FR</arg>
<arg>GA</arg>
<arg>GB</arg>
<arg>GD</arg>
<arg>GE</arg>
<arg>GF</arg>
<arg>GG</arg>
<arg>GH</arg>
<arg>GI</arg>
<arg>GL</arg>
<arg>GM</arg>
<arg>GN</arg>
<arg>GP</arg>
<arg>GQ</arg>
<arg>GR</arg>
<arg>GS</arg>
<arg>GT</arg>
<arg>GU</arg>
<arg>GW</arg>
<arg>GY</arg>
<arg>HK</arg>
<arg>HM</arg>
<arg>HN</arg>
<arg>HR</arg>
<arg>HT</arg>
<arg>HU</arg>
<arg>ID</arg>
<arg>IE</arg>
<arg>IL</arg>
<arg>IM</arg>
<arg>IN</arg>
<arg>IO</arg>
<arg>IQ</arg>
<arg>IR</arg>
<arg>IS</arg>
<arg>IT</arg>
<arg>JE</arg>
<arg>JM</arg>
<arg>JO</arg>
<arg>JP</arg>
<arg>KE</arg>
<arg>KG</arg>
<arg>KH</arg>
<arg>KI</arg>
<arg>KM</arg>
<arg>KN</arg>
<arg>KP</arg>
<arg>KR</arg>
<arg>KW</arg>
<arg>KY</arg>
<arg>KZ</arg>
<arg>LA</arg>
<arg>LB</arg>
<arg>LC</arg>
<arg>LI</arg>
<arg>LK</arg>
<arg>LR</arg>
<arg>LS</arg>
<arg>LT</arg>
<arg>LU</arg>
<arg>LV</arg>
<arg>LY</arg>
<arg>MA</arg>
<arg>MC</arg>
<arg>MD</arg>
<arg>ME</arg>
<arg>MF</arg>
<arg>MG</arg>
<arg>MH</arg>
<arg>MK</arg>
<arg>ML</arg>
<arg>MM</arg>
<arg>MN</arg>
<arg>MO</arg>
<arg>MP</arg>
<arg>MQ</arg>
<arg>MR</arg>
<arg>MS</arg>
<arg>MT</arg>
<arg>MU</arg>
<arg>MV</arg>
<arg>MW</arg>
<arg>MX</arg>
<arg>MY</arg>
<arg>MZ</arg>
<arg>NA</arg>
<arg>NC</arg>
<arg>NE</arg>
<arg>NF</arg>
<arg>NG</arg>
<arg>NI</arg>
<arg>NL</arg>
<arg>NO</arg>
<arg>NP</arg>
<arg>NR</arg>
<arg>NU</arg>
<arg>NZ</arg>
<arg>OM</arg>
<arg>PA</arg>
<arg>PE</arg>
<arg>PF</arg>
<arg>PG</arg>
<arg>PH</arg>
<arg>PK</arg>
<arg>PL</arg>
<arg>PM</arg>
<arg>PN</arg>
<arg>PR</arg>
<arg>PS</arg>
<arg>PT</arg>
<arg>PW</arg>
<arg>PY</arg>
<arg>QA</arg>
<arg>RE</arg>
<arg>RO</arg>
<arg>RS</arg>
<arg>RU</arg>
<arg>RW</arg>
<arg>SA</arg>
<arg>SB</arg>
<arg>SC</arg>
<arg>SD</arg>
<arg>SE</arg>
<arg>SG</arg>
<arg>SH</arg>
<arg>SI</arg>
<arg>SJ</arg>
<arg>SK</arg>
<arg>SL</arg>
<arg>SM</arg>
<arg>SN</arg>
<arg>SO</arg>
<arg>SR</arg>
<arg>SS</arg>
<arg>ST</arg>
<arg>SV</arg>
<arg>SX</arg>
<arg>SY</arg>
<arg>SZ</arg>
<arg>TC</arg>
<arg>TD</arg>
<arg>TF</arg>
<arg>TG</arg>
<arg>TH</arg>
<arg>TJ</arg>
<arg>TK</arg>
<arg>TL</arg>
<arg>TM</arg>
<arg>TN</arg>
<arg>TO</arg>
<arg>TR</arg>
<arg>TT</arg>
<arg>TV</arg>
<arg>TW</arg>
<arg>TZ</arg>
<arg>UA</arg>
<arg>UG</arg>
<arg>UM</arg>
<arg>US</arg>
<arg>UY</arg>
<arg>UZ</arg>
<arg>VA</arg>
<arg>VC</arg>
<arg>VE</arg>
<arg>VG</arg>
<arg>VI</arg>
<arg>VN</arg>
<arg>VU</arg>
<arg>WF</arg>
<arg>WS</arg>
<arg>XK</arg>
<arg>YE</arg>
<arg>YT</arg>
<arg>ZA</arg>
<arg>ZM</arg>
<arg>ZW</arg>
<doc>Returns a list containing given items.</doc>
<status status="PASS" start="2024-04-28T17:12:27.443610" elapsed="0.000607"/>
</kw>
<kw name="List Should Contain Value" owner="Collections">
<msg time="2024-04-28T17:12:27.445236" level="INFO">False</msg>
<arg>${list_country}</arg>
<arg>${name_country}</arg>
<doc>Fails if the ``value`` is not found from ``list``.</doc>
<status status="PASS" start="2024-04-28T17:12:27.445036" elapsed="0.000236"/>
</kw>
<kw name="Run Keyword If" owner="BuiltIn">
<kw name="Should Be True" owner="BuiltIn">
<arg>${True}</arg>
<doc>Fails if the given condition is not true.</doc>
<status status="PASS" start="2024-04-28T17:12:27.446334" elapsed="0.000242"/>
</kw>
<arg>${json_data["results"][0]["location"]["coordinates"]["latitude"]} &gt;= -90 and ${json_data["results"][0]["location"]["coordinates"]["latitude"]} &lt;= 90</arg>
<arg>Should Be True</arg>
<arg>${True}</arg>
<doc>Runs the given keyword with the given arguments, if ``condition`` is true.</doc>
<status status="PASS" start="2024-04-28T17:12:27.445586" elapsed="0.001120"/>
</kw>
<kw name="Run Keyword If" owner="BuiltIn">
<kw name="Should Be True" owner="BuiltIn">
<arg>${True}</arg>
<doc>Fails if the given condition is not true.</doc>
<status status="PASS" start="2024-04-28T17:12:27.447595" elapsed="0.000137"/>
</kw>
<arg>${json_data["results"][0]["location"]["coordinates"]["longitude"]} &gt;= -180 and ${json_data["results"][0]["location"]["coordinates"]["longitude"]} &lt;= 180</arg>
<arg>Should Be True</arg>
<arg>${True}</arg>
<doc>Runs the given keyword with the given arguments, if ``condition`` is true.</doc>
<status status="PASS" start="2024-04-28T17:12:27.446893" elapsed="0.000960"/>
</kw>
<status status="PASS" start="2024-04-28T17:12:27.343267" elapsed="0.104713"/>
</kw>
<doc>Testa o conteúdo específico dos campos retornados pela API.</doc>
<tag>testeConteudo</tag>
<status status="PASS" start="2024-04-28T17:12:27.342760" elapsed="0.105362"/>
</test>
<status status="PASS" start="2024-04-28T17:12:26.551863" elapsed="0.898251"/>
</suite>
<status status="PASS" start="2024-04-28T17:12:26.538575" elapsed="0.916746"/>
</suite>
<statistics>
<total>
<stat pass="5" fail="0" skip="0">All Tests</stat>
</total>
<tag>
<stat pass="1" fail="0" skip="0">testeConteudo</stat>
<stat pass="1" fail="0" skip="0">testeEstruturaResposta</stat>
<stat pass="1" fail="0" skip="0">testeRequisicaoBasica</stat>
<stat pass="1" fail="0" skip="0">testeTiposDados</stat>
</tag>
<suite>
<stat pass="5" fail="0" skip="0" id="s1" name="Tests">Tests</stat>
<stat pass="5" fail="0" skip="0" id="s1-s1" name="Random-User-Test">Tests.Random-User-Test</stat>
</suite>
</statistics>
<errors>
</errors>
</robot>
