<?xml version="1.0" encoding="UTF-8"?>
<robot generator="Robot 7.0 (Python 3.12.2 on linux)" generated="2024-03-23T00:57:22.724482" rpa="false" schemaversion="5">
<suite id="s1" name="Tests" source="/home/runner/work/DesafioQAItauRogerioJordao/DesafioQAItauRogerioJordao/RamdonUser/tests">
<suite id="s1-s1" name="Random-User-Test" source="/home/runner/work/DesafioQAItauRogerioJordao/DesafioQAItauRogerioJordao/RamdonUser/tests/random-user-test.robot">
<test id="s1-s1-t1" name="Conectar" line="13">
<kw name="Conectar API" owner="random-user-service">
<kw name="Create Session" owner="RequestsLibrary">
<msg time="2024-03-23T00:57:23.086473" level="INFO">Creating Session using : alias=consultarAPI, url=https://randomuser.me/, headers={},                     cookies={}, auth=None, timeout=None, proxies=None, verify=False,                     debug=0 </msg>
<arg>consultarAPI</arg>
<arg>${URL}</arg>
<doc>Create Session: create a HTTP session to a server</doc>
<status status="PASS" start="2024-03-23T00:57:23.086270" elapsed="0.000375"/>
</kw>
<status status="PASS" start="2024-03-23T00:57:23.085235" elapsed="0.001769"/>
</kw>
<status status="PASS" start="2024-03-23T00:57:23.084687" elapsed="0.002525"/>
</test>
<test id="s1-s1-t2" name="Validar retorno 200 e JSON Válido" line="16">
<kw name="Teste de Requisicao Basica" owner="random-user-service">
<kw name="GET On Session" owner="RequestsLibrary">
<msg time="2024-03-23T00:57:23.162913" level="INFO">GET Request : url=https://randomuser.me/api 
 path_url=/api 
 headers={'User-Agent': 'python-requests/2.31.0', 'Accept-Encoding': 'gzip, deflate', 'Accept': '*/*', 'Connection': 'keep-alive'} 
 body=None 
 </msg>
<msg time="2024-03-23T00:57:23.163019" level="INFO">GET Response : url=https://randomuser.me/api 
 status=200, reason=OK 
 headers={'Date': 'Sat, 23 Mar 2024 00:57:23 GMT', 'Content-Type': 'application/json; charset=utf-8', 'Transfer-Encoding': 'chunked', 'Connection': 'keep-alive', 'X-Powered-By': 'Express', 'Access-Control-Allow-Origin': '*', 'Cache-Control': 'no-cache', 'ETag': 'W/"474-PBu/fpePgBoWib66Ljj2aG8yAwQ"', 'Vary': 'Accept-Encoding', 'Content-Encoding': 'gzip', 'CF-Cache-Status': 'DYNAMIC', 'Report-To': '{"endpoints":[{"url":"https:\\/\\/a.nel.cloudflare.com\\/report\\/v4?s=XgCNUlqqlMzReLWntofCHRjkXMifSJBSejzoIktrh8giaJ7ozXOC3ek6gpRvmEo56ErmSMNdiGW6YV5kdU0FT9N5JH5JqXj1K4UwC0ADiZBJUj7%2FE8JqRvoquIycqUMd"}],"group":"cf-nel","max_age":604800}', 'NEL': '{"success_fraction":0,"report_to":"cf-nel","max_age":604800}', 'Server': 'cloudflare', 'CF-RAY': '868a778f8f532d1b-IAD', 'alt-svc': 'h3=":443"; ma=86400'} 
 body={"results":[{"gender":"female","name":{"title":"Ms","first":"Sonja","last":"Hug"},"location":{"street":{"number":8154,"name":"Bachstraße"},"city":"Marne","state":"Thüringen","country":"Germany","postcode":91050,"coordinates":{"latitude":"-51.5632","longitude":"50.6499"},"timezone":{"offset":"-10:00","description":"Hawaii"}},"email":"sonja.hug@example.com","login":{"uuid":"e5b1d08f-ece8-4e71-8b43-773f6efd50d7","username":"blueladybug523","password":"darkstar","salt":"W4G5ChrS","md5":"595bb4bb79331c590eb741e78072b925","sha1":"cc049d2711f023a53159a6e65986ec14a8a5e0f0","sha256":"8a6cd5c298afc32cdba7210f6ce938e978b4b6c800cafdf4e5739788d917866e"},"dob":{"date":"1957-12-14T05:59:11.933Z","age":66},"registered":{"date":"2022-02-20T05:13:05.636Z","age":2},"phone":"0898-3084695","cell":"0175-5024224","id":{"name":"SVNR","value":"03 131257 H 771"},"picture":{"large":"https://randomuser.me/api/portraits/women/40.jpg","medium":"https://randomuser.me/api/portraits/med/women/40.jpg","thumbnail":"https://randomuser.me/api/portraits/thumb/women/40.jpg"},"nat":"DE"}],"info":{"seed":"2e96777a3f60322c","results":1,"page":1,"version":"1.4"}} 
 </msg>
<msg time="2024-03-23T00:57:23.163114" level="INFO">/opt/hostedtoolcache/Python/3.12.2/x64/lib/python3.12/site-packages/urllib3/connectionpool.py:1103: InsecureRequestWarning: Unverified HTTPS request is being made to host 'randomuser.me'. Adding certificate verification is strongly advised. See: https://urllib3.readthedocs.io/en/latest/advanced-usage.html#tls-warnings
  warnings.warn(</msg>
<msg time="2024-03-23T00:57:23.163230" level="INFO">${response} = &lt;Response [200]&gt;</msg>
<var>${response}</var>
<arg>consultarAPI</arg>
<arg>/api</arg>
<doc>Sends a GET request on a previously created HTTP Session.</doc>
<status status="PASS" start="2024-03-23T00:57:23.089798" elapsed="0.073475"/>
</kw>
<kw name="Should Be Equal As Numbers" owner="BuiltIn">
<msg time="2024-03-23T00:57:23.164268" level="INFO">Argument types are:
&lt;class 'int'&gt;
&lt;class 'str'&gt;</msg>
<arg>${response.status_code}</arg>
<arg>200</arg>
<doc>Fails if objects are unequal after converting them to real numbers.</doc>
<status status="PASS" start="2024-03-23T00:57:23.163771" elapsed="0.000562"/>
</kw>
<kw name="Log" owner="BuiltIn">
<msg time="2024-03-23T00:57:23.165027" level="INFO">200</msg>
<arg>${response.status_code}</arg>
<doc>Logs the given message with the given level.</doc>
<status status="PASS" start="2024-03-23T00:57:23.164664" elapsed="0.000408"/>
</kw>
<kw name="Set Variable" owner="BuiltIn">
<msg time="2024-03-23T00:57:23.165857" level="INFO">${json_data} = {'results': [{'gender': 'female', 'name': {'title': 'Ms', 'first': 'Sonja', 'last': 'Hug'}, 'location': {'street': {'number': 8154, 'name': 'Bachstraße'}, 'city': 'Marne', 'state': 'Thüringen', 'count...</msg>
<var>${json_data}</var>
<arg>${response.json()}</arg>
<doc>Returns the given values which can then be assigned to a variables.</doc>
<status status="PASS" start="2024-03-23T00:57:23.165398" elapsed="0.000489"/>
</kw>
<kw name="Dictionary Should Contain Key" owner="Collections">
<msg time="2024-03-23T00:57:23.166399" level="INFO">False</msg>
<arg>${json_data}</arg>
<arg>results</arg>
<doc>Fails if ``key`` is not found from ``dictionary``.</doc>
<status status="PASS" start="2024-03-23T00:57:23.166225" elapsed="0.000214"/>
</kw>
<status status="PASS" start="2024-03-23T00:57:23.089535" elapsed="0.077187"/>
</kw>
<doc>Testa se a API responde corretamente e retorna um objeto JSON válido.</doc>
<tag>testeRequisicaoBasica</tag>
<status status="PASS" start="2024-03-23T00:57:23.089058" elapsed="0.077892"/>
</test>
<test id="s1-s1-t3" name="Validar estrutura de resposta" line="22">
<kw name="Teste de Estrutura de Resposta" owner="random-user-service">
<kw name="GET On Session" owner="RequestsLibrary">
<msg time="2024-03-23T00:57:23.267215" level="INFO">GET Request : url=https://randomuser.me/api 
 path_url=/api 
 headers={'User-Agent': 'python-requests/2.31.0', 'Accept-Encoding': 'gzip, deflate', 'Accept': '*/*', 'Connection': 'keep-alive'} 
 body=None 
 </msg>
<msg time="2024-03-23T00:57:23.267305" level="INFO">GET Response : url=https://randomuser.me/api 
 status=200, reason=OK 
 headers={'Date': 'Sat, 23 Mar 2024 00:57:23 GMT', 'Content-Type': 'application/json; charset=utf-8', 'Transfer-Encoding': 'chunked', 'Connection': 'keep-alive', 'X-Powered-By': 'Express', 'Access-Control-Allow-Origin': '*', 'Cache-Control': 'no-cache', 'ETag': 'W/"4aa-560tZgLDaLd9q/xKDykk/UFVAio"', 'Vary': 'Accept-Encoding', 'Content-Encoding': 'gzip', 'CF-Cache-Status': 'DYNAMIC', 'Report-To': '{"endpoints":[{"url":"https:\\/\\/a.nel.cloudflare.com\\/report\\/v4?s=oBJwMNYK6lvli%2B4Gbkt4OBp4DsfPHBD3MMvjy58SnLYp1HO5R%2FZSVTPatEotrNJSeNbh3jcLIgc9PNgMWhoiUF%2FZkeZS2SB4VWwk%2BtBpRimUShItKtrbdRaQXkrZIdkG"}],"group":"cf-nel","max_age":604800}', 'NEL': '{"success_fraction":0,"report_to":"cf-nel","max_age":604800}', 'Server': 'cloudflare', 'CF-RAY': '868a778fdfe02d1b-IAD', 'alt-svc': 'h3=":443"; ma=86400'} 
 body={"results":[{"gender":"female","name":{"title":"Mademoiselle","first":"Carol","last":"Nicolas"},"location":{"street":{"number":3881,"name":"Rue Cyrus-Hugues"},"city":"Schönenwerd","state":"Bern","country":"Switzerland","postcode":4619,"coordinates":{"latitude":"-58.3131","longitude":"19.1414"},"timezone":{"offset":"+9:00","description":"Tokyo, Seoul, Osaka, Sapporo, Yakutsk"}},"email":"carol.nicolas@example.com","login":{"uuid":"2c3d67c3-672a-4289-ad8a-f78f6466f41d","username":"redzebra524","password":"latina","salt":"EkPkHJO2","md5":"8f2a6ef9ce57ff401726fa312d273f88","sha1":"4bafc29df4f6b0663f6f22c1d4d2db42d6e62a8e","sha256":"33e4a570734c0822d72225632dd70af0e3c37ecaea840b861402c77603f44488"},"dob":{"date":"1976-02-01T06:58:15.528Z","age":48},"registered":{"date":"2021-12-25T09:16:04.588Z","age":2},"phone":"077 921 82 63","cell":"078 988 80 30","id":{"name":"AVS","value":"756.7436.3733.77"},"picture":{"large":"https://randomuser.me/api/portraits/women/37.jpg","medium":"https://randomuser.me/api/portraits/med/women/37.jpg","thumbnail":"https://randomuser.me/api/portraits/thumb/women/37.jpg"},"nat":"CH"}],"info":{"seed":"890c4121a055aa30","results":1,"page":1,"version":"1.4"}} 
 </msg>
<msg time="2024-03-23T00:57:23.267443" level="INFO">/opt/hostedtoolcache/Python/3.12.2/x64/lib/python3.12/site-packages/urllib3/connectionpool.py:1103: InsecureRequestWarning: Unverified HTTPS request is being made to host 'randomuser.me'. Adding certificate verification is strongly advised. See: https://urllib3.readthedocs.io/en/latest/advanced-usage.html#tls-warnings
  warnings.warn(</msg>
<msg time="2024-03-23T00:57:23.267589" level="INFO">${response} = &lt;Response [200]&gt;</msg>
<var>${response}</var>
<arg>consultarAPI</arg>
<arg>/api</arg>
<doc>Sends a GET request on a previously created HTTP Session.</doc>
<status status="PASS" start="2024-03-23T00:57:23.169726" elapsed="0.097914"/>
</kw>
<kw name="Set Variable" owner="BuiltIn">
<msg time="2024-03-23T00:57:23.268732" level="INFO">${json_data} = {'results': [{'gender': 'female', 'name': {'title': 'Mademoiselle', 'first': 'Carol', 'last': 'Nicolas'}, 'location': {'street': {'number': 3881, 'name': 'Rue Cyrus-Hugues'}, 'city': 'Schönenwerd', 's...</msg>
<var>${json_data}</var>
<arg>${response.json()}</arg>
<doc>Returns the given values which can then be assigned to a variables.</doc>
<status status="PASS" start="2024-03-23T00:57:23.268177" elapsed="0.000586"/>
</kw>
<kw name="Log" owner="BuiltIn">
<msg time="2024-03-23T00:57:23.269243" level="INFO">{'results': [{'gender': 'female', 'name': {'title': 'Mademoiselle', 'first': 'Carol', 'last': 'Nicolas'}, 'location': {'street': {'number': 3881, 'name': 'Rue Cyrus-Hugues'}, 'city': 'Schönenwerd', 'state': 'Bern', 'country': 'Switzerland', 'postcode': 4619, 'coordinates': {'latitude': '-58.3131', 'longitude': '19.1414'}, 'timezone': {'offset': '+9:00', 'description': 'Tokyo, Seoul, Osaka, Sapporo, Yakutsk'}}, 'email': 'carol.nicolas@example.com', 'login': {'uuid': '2c3d67c3-672a-4289-ad8a-f78f6466f41d', 'username': 'redzebra524', 'password': 'latina', 'salt': 'EkPkHJO2', 'md5': '8f2a6ef9ce57ff401726fa312d273f88', 'sha1': '4bafc29df4f6b0663f6f22c1d4d2db42d6e62a8e', 'sha256': '33e4a570734c0822d72225632dd70af0e3c37ecaea840b861402c77603f44488'}, 'dob': {'date': '1976-02-01T06:58:15.528Z', 'age': 48}, 'registered': {'date': '2021-12-25T09:16:04.588Z', 'age': 2}, 'phone': '077 921 82 63', 'cell': '078 988 80 30', 'id': {'name': 'AVS', 'value': '756.7436.3733.77'}, 'picture': {'large': 'https://randomuser.me/api/portraits/women/37.jpg', 'medium': 'https://randomuser.me/api/portraits/med/women/37.jpg', 'thumbnail': 'https://randomuser.me/api/portraits/thumb/women/37.jpg'}, 'nat': 'CH'}], 'info': {'seed': '890c4121a055aa30', 'results': 1, 'page': 1, 'version': '1.4'}}</msg>
<arg>${json_data}</arg>
<doc>Logs the given message with the given level.</doc>
<status status="PASS" start="2024-03-23T00:57:23.269081" elapsed="0.000213"/>
</kw>
<kw name="Dictionary Should Contain Key" owner="Collections">
<msg time="2024-03-23T00:57:23.269746" level="INFO">False</msg>
<arg>${json_data}</arg>
<arg>results</arg>
<doc>Fails if ``key`` is not found from ``dictionary``.</doc>
<status status="PASS" start="2024-03-23T00:57:23.269590" elapsed="0.000194"/>
</kw>
<kw name="Should Not Be Empty" owner="BuiltIn">
<msg time="2024-03-23T00:57:23.270282" level="INFO">Length is 2.</msg>
<arg>${json_data}</arg>
<doc>Verifies that the given item is not empty.</doc>
<status status="PASS" start="2024-03-23T00:57:23.270095" elapsed="0.000229"/>
</kw>
<kw name="Create List" owner="BuiltIn">
<msg time="2024-03-23T00:57:23.270784" level="INFO">${expected_keys} = ['gender', 'name', 'location', 'email', 'login']</msg>
<var>${expected_keys}</var>
<arg>gender</arg>
<arg>name</arg>
<arg>location</arg>
<arg>email</arg>
<arg>login</arg>
<doc>Returns a list containing given items.</doc>
<status status="PASS" start="2024-03-23T00:57:23.270623" elapsed="0.000186"/>
</kw>
<for flavor="IN">
<iter>
<kw name="Dictionary Should Contain Key" owner="Collections">
<msg time="2024-03-23T00:57:23.271802" level="INFO">False</msg>
<arg>${json_data['results'][0]}</arg>
<arg>${key}</arg>
<doc>Fails if ``key`` is not found from ``dictionary``.</doc>
<status status="PASS" start="2024-03-23T00:57:23.271375" elapsed="0.000467"/>
</kw>
<kw name="Log" owner="BuiltIn">
<msg time="2024-03-23T00:57:23.272531" level="INFO">{'gender': 'female', 'name': {'title': 'Mademoiselle', 'first': 'Carol', 'last': 'Nicolas'}, 'location': {'street': {'number': 3881, 'name': 'Rue Cyrus-Hugues'}, 'city': 'Schönenwerd', 'state': 'Bern', 'country': 'Switzerland', 'postcode': 4619, 'coordinates': {'latitude': '-58.3131', 'longitude': '19.1414'}, 'timezone': {'offset': '+9:00', 'description': 'Tokyo, Seoul, Osaka, Sapporo, Yakutsk'}}, 'email': 'carol.nicolas@example.com', 'login': {'uuid': '2c3d67c3-672a-4289-ad8a-f78f6466f41d', 'username': 'redzebra524', 'password': 'latina', 'salt': 'EkPkHJO2', 'md5': '8f2a6ef9ce57ff401726fa312d273f88', 'sha1': '4bafc29df4f6b0663f6f22c1d4d2db42d6e62a8e', 'sha256': '33e4a570734c0822d72225632dd70af0e3c37ecaea840b861402c77603f44488'}, 'dob': {'date': '1976-02-01T06:58:15.528Z', 'age': 48}, 'registered': {'date': '2021-12-25T09:16:04.588Z', 'age': 2}, 'phone': '077 921 82 63', 'cell': '078 988 80 30', 'id': {'name': 'AVS', 'value': '756.7436.3733.77'}, 'picture': {'large': 'https://randomuser.me/api/portraits/women/37.jpg', 'medium': 'https://randomuser.me/api/portraits/med/women/37.jpg', 'thumbnail': 'https://randomuser.me/api/portraits/thumb/women/37.jpg'}, 'nat': 'CH'}</msg>
<arg>${json_data['results'][0]}</arg>
<doc>Logs the given message with the given level.</doc>
<status status="PASS" start="2024-03-23T00:57:23.272154" elapsed="0.000434"/>
</kw>
<kw name="Log" owner="BuiltIn">
<msg time="2024-03-23T00:57:23.273031" level="INFO">gender</msg>
<arg>${key}</arg>
<doc>Logs the given message with the given level.</doc>
<status status="PASS" start="2024-03-23T00:57:23.272897" elapsed="0.000174"/>
</kw>
<var name="${key}">gender</var>
<status status="PASS" start="2024-03-23T00:57:23.271249" elapsed="0.002045"/>
</iter>
<iter>
<kw name="Dictionary Should Contain Key" owner="Collections">
<msg time="2024-03-23T00:57:23.274002" level="INFO">False</msg>
<arg>${json_data['results'][0]}</arg>
<arg>${key}</arg>
<doc>Fails if ``key`` is not found from ``dictionary``.</doc>
<status status="PASS" start="2024-03-23T00:57:23.273604" elapsed="0.000474"/>
</kw>
<kw name="Log" owner="BuiltIn">
<msg time="2024-03-23T00:57:23.274788" level="INFO">{'gender': 'female', 'name': {'title': 'Mademoiselle', 'first': 'Carol', 'last': 'Nicolas'}, 'location': {'street': {'number': 3881, 'name': 'Rue Cyrus-Hugues'}, 'city': 'Schönenwerd', 'state': 'Bern', 'country': 'Switzerland', 'postcode': 4619, 'coordinates': {'latitude': '-58.3131', 'longitude': '19.1414'}, 'timezone': {'offset': '+9:00', 'description': 'Tokyo, Seoul, Osaka, Sapporo, Yakutsk'}}, 'email': 'carol.nicolas@example.com', 'login': {'uuid': '2c3d67c3-672a-4289-ad8a-f78f6466f41d', 'username': 'redzebra524', 'password': 'latina', 'salt': 'EkPkHJO2', 'md5': '8f2a6ef9ce57ff401726fa312d273f88', 'sha1': '4bafc29df4f6b0663f6f22c1d4d2db42d6e62a8e', 'sha256': '33e4a570734c0822d72225632dd70af0e3c37ecaea840b861402c77603f44488'}, 'dob': {'date': '1976-02-01T06:58:15.528Z', 'age': 48}, 'registered': {'date': '2021-12-25T09:16:04.588Z', 'age': 2}, 'phone': '077 921 82 63', 'cell': '078 988 80 30', 'id': {'name': 'AVS', 'value': '756.7436.3733.77'}, 'picture': {'large': 'https://randomuser.me/api/portraits/women/37.jpg', 'medium': 'https://randomuser.me/api/portraits/med/women/37.jpg', 'thumbnail': 'https://randomuser.me/api/portraits/thumb/women/37.jpg'}, 'nat': 'CH'}</msg>
<arg>${json_data['results'][0]}</arg>
<doc>Logs the given message with the given level.</doc>
<status status="PASS" start="2024-03-23T00:57:23.274419" elapsed="0.000419"/>
</kw>
<kw name="Log" owner="BuiltIn">
<msg time="2024-03-23T00:57:23.275272" level="INFO">name</msg>
<arg>${key}</arg>
<doc>Logs the given message with the given level.</doc>
<status status="PASS" start="2024-03-23T00:57:23.275143" elapsed="0.000167"/>
</kw>
<var name="${key}">name</var>
<status status="PASS" start="2024-03-23T00:57:23.273487" elapsed="0.002041"/>
</iter>
<iter>
<kw name="Dictionary Should Contain Key" owner="Collections">
<msg time="2024-03-23T00:57:23.276201" level="INFO">False</msg>
<arg>${json_data['results'][0]}</arg>
<arg>${key}</arg>
<doc>Fails if ``key`` is not found from ``dictionary``.</doc>
<status status="PASS" start="2024-03-23T00:57:23.275821" elapsed="0.000418"/>
</kw>
<kw name="Log" owner="BuiltIn">
<msg time="2024-03-23T00:57:23.276912" level="INFO">{'gender': 'female', 'name': {'title': 'Mademoiselle', 'first': 'Carol', 'last': 'Nicolas'}, 'location': {'street': {'number': 3881, 'name': 'Rue Cyrus-Hugues'}, 'city': 'Schönenwerd', 'state': 'Bern', 'country': 'Switzerland', 'postcode': 4619, 'coordinates': {'latitude': '-58.3131', 'longitude': '19.1414'}, 'timezone': {'offset': '+9:00', 'description': 'Tokyo, Seoul, Osaka, Sapporo, Yakutsk'}}, 'email': 'carol.nicolas@example.com', 'login': {'uuid': '2c3d67c3-672a-4289-ad8a-f78f6466f41d', 'username': 'redzebra524', 'password': 'latina', 'salt': 'EkPkHJO2', 'md5': '8f2a6ef9ce57ff401726fa312d273f88', 'sha1': '4bafc29df4f6b0663f6f22c1d4d2db42d6e62a8e', 'sha256': '33e4a570734c0822d72225632dd70af0e3c37ecaea840b861402c77603f44488'}, 'dob': {'date': '1976-02-01T06:58:15.528Z', 'age': 48}, 'registered': {'date': '2021-12-25T09:16:04.588Z', 'age': 2}, 'phone': '077 921 82 63', 'cell': '078 988 80 30', 'id': {'name': 'AVS', 'value': '756.7436.3733.77'}, 'picture': {'large': 'https://randomuser.me/api/portraits/women/37.jpg', 'medium': 'https://randomuser.me/api/portraits/med/women/37.jpg', 'thumbnail': 'https://randomuser.me/api/portraits/thumb/women/37.jpg'}, 'nat': 'CH'}</msg>
<arg>${json_data['results'][0]}</arg>
<doc>Logs the given message with the given level.</doc>
<status status="PASS" start="2024-03-23T00:57:23.276541" elapsed="0.000426"/>
</kw>
<kw name="Log" owner="BuiltIn">
<msg time="2024-03-23T00:57:23.277397" level="INFO">location</msg>
<arg>${key}</arg>
<doc>Logs the given message with the given level.</doc>
<status status="PASS" start="2024-03-23T00:57:23.277268" elapsed="0.000167"/>
</kw>
<var name="${key}">location</var>
<status status="PASS" start="2024-03-23T00:57:23.275708" elapsed="0.001943"/>
</iter>
<iter>
<kw name="Dictionary Should Contain Key" owner="Collections">
<msg time="2024-03-23T00:57:23.278351" level="INFO">False</msg>
<arg>${json_data['results'][0]}</arg>
<arg>${key}</arg>
<doc>Fails if ``key`` is not found from ``dictionary``.</doc>
<status status="PASS" start="2024-03-23T00:57:23.277938" elapsed="0.000452"/>
</kw>
<kw name="Log" owner="BuiltIn">
<msg time="2024-03-23T00:57:23.279055" level="INFO">{'gender': 'female', 'name': {'title': 'Mademoiselle', 'first': 'Carol', 'last': 'Nicolas'}, 'location': {'street': {'number': 3881, 'name': 'Rue Cyrus-Hugues'}, 'city': 'Schönenwerd', 'state': 'Bern', 'country': 'Switzerland', 'postcode': 4619, 'coordinates': {'latitude': '-58.3131', 'longitude': '19.1414'}, 'timezone': {'offset': '+9:00', 'description': 'Tokyo, Seoul, Osaka, Sapporo, Yakutsk'}}, 'email': 'carol.nicolas@example.com', 'login': {'uuid': '2c3d67c3-672a-4289-ad8a-f78f6466f41d', 'username': 'redzebra524', 'password': 'latina', 'salt': 'EkPkHJO2', 'md5': '8f2a6ef9ce57ff401726fa312d273f88', 'sha1': '4bafc29df4f6b0663f6f22c1d4d2db42d6e62a8e', 'sha256': '33e4a570734c0822d72225632dd70af0e3c37ecaea840b861402c77603f44488'}, 'dob': {'date': '1976-02-01T06:58:15.528Z', 'age': 48}, 'registered': {'date': '2021-12-25T09:16:04.588Z', 'age': 2}, 'phone': '077 921 82 63', 'cell': '078 988 80 30', 'id': {'name': 'AVS', 'value': '756.7436.3733.77'}, 'picture': {'large': 'https://randomuser.me/api/portraits/women/37.jpg', 'medium': 'https://randomuser.me/api/portraits/med/women/37.jpg', 'thumbnail': 'https://randomuser.me/api/portraits/thumb/women/37.jpg'}, 'nat': 'CH'}</msg>
<arg>${json_data['results'][0]}</arg>
<doc>Logs the given message with the given level.</doc>
<status status="PASS" start="2024-03-23T00:57:23.278692" elapsed="0.000413"/>
</kw>
<kw name="Log" owner="BuiltIn">
<msg time="2024-03-23T00:57:23.279525" level="INFO">email</msg>
<arg>${key}</arg>
<doc>Logs the given message with the given level.</doc>
<status status="PASS" start="2024-03-23T00:57:23.279398" elapsed="0.000165"/>
</kw>
<var name="${key}">email</var>
<status status="PASS" start="2024-03-23T00:57:23.277827" elapsed="0.001955"/>
</iter>
<iter>
<kw name="Dictionary Should Contain Key" owner="Collections">
<msg time="2024-03-23T00:57:23.280475" level="INFO">False</msg>
<arg>${json_data['results'][0]}</arg>
<arg>${key}</arg>
<doc>Fails if ``key`` is not found from ``dictionary``.</doc>
<status status="PASS" start="2024-03-23T00:57:23.280086" elapsed="0.000428"/>
</kw>
<kw name="Log" owner="BuiltIn">
<msg time="2024-03-23T00:57:23.281179" level="INFO">{'gender': 'female', 'name': {'title': 'Mademoiselle', 'first': 'Carol', 'last': 'Nicolas'}, 'location': {'street': {'number': 3881, 'name': 'Rue Cyrus-Hugues'}, 'city': 'Schönenwerd', 'state': 'Bern', 'country': 'Switzerland', 'postcode': 4619, 'coordinates': {'latitude': '-58.3131', 'longitude': '19.1414'}, 'timezone': {'offset': '+9:00', 'description': 'Tokyo, Seoul, Osaka, Sapporo, Yakutsk'}}, 'email': 'carol.nicolas@example.com', 'login': {'uuid': '2c3d67c3-672a-4289-ad8a-f78f6466f41d', 'username': 'redzebra524', 'password': 'latina', 'salt': 'EkPkHJO2', 'md5': '8f2a6ef9ce57ff401726fa312d273f88', 'sha1': '4bafc29df4f6b0663f6f22c1d4d2db42d6e62a8e', 'sha256': '33e4a570734c0822d72225632dd70af0e3c37ecaea840b861402c77603f44488'}, 'dob': {'date': '1976-02-01T06:58:15.528Z', 'age': 48}, 'registered': {'date': '2021-12-25T09:16:04.588Z', 'age': 2}, 'phone': '077 921 82 63', 'cell': '078 988 80 30', 'id': {'name': 'AVS', 'value': '756.7436.3733.77'}, 'picture': {'large': 'https://randomuser.me/api/portraits/women/37.jpg', 'medium': 'https://randomuser.me/api/portraits/med/women/37.jpg', 'thumbnail': 'https://randomuser.me/api/portraits/thumb/women/37.jpg'}, 'nat': 'CH'}</msg>
<arg>${json_data['results'][0]}</arg>
<doc>Logs the given message with the given level.</doc>
<status status="PASS" start="2024-03-23T00:57:23.280819" elapsed="0.000409"/>
</kw>
<kw name="Log" owner="BuiltIn">
<msg time="2024-03-23T00:57:23.281649" level="INFO">login</msg>
<arg>${key}</arg>
<doc>Logs the given message with the given level.</doc>
<status status="PASS" start="2024-03-23T00:57:23.281523" elapsed="0.000304"/>
</kw>
<var name="${key}">login</var>
<status status="PASS" start="2024-03-23T00:57:23.279957" elapsed="0.002099"/>
</iter>
<var>${key}</var>
<value>@{expected_keys}</value>
<status status="PASS" start="2024-03-23T00:57:23.271067" elapsed="0.011144"/>
</for>
<kw name="Create List" owner="BuiltIn">
<msg time="2024-03-23T00:57:23.282552" level="INFO">${expected_keysTwo} = ['username', 'password']</msg>
<var>${expected_keysTwo}</var>
<arg>username</arg>
<arg>password</arg>
<doc>Returns a list containing given items.</doc>
<status status="PASS" start="2024-03-23T00:57:23.282411" elapsed="0.000165"/>
</kw>
<for flavor="IN">
<iter>
<kw name="Dictionary Should Contain Key" owner="Collections">
<msg time="2024-03-23T00:57:23.283477" level="INFO">False</msg>
<arg>${json_data['results'][0]['login']}</arg>
<arg>${keyTwo}</arg>
<doc>Fails if ``key`` is not found from ``dictionary``.</doc>
<status status="PASS" start="2024-03-23T00:57:23.283084" elapsed="0.000432"/>
</kw>
<kw name="Dictionary Should Contain Key" owner="Collections">
<msg time="2024-03-23T00:57:23.284206" level="INFO">False</msg>
<arg>${json_data['results'][0]['login']}</arg>
<arg>${keyTwo}</arg>
<doc>Fails if ``key`` is not found from ``dictionary``.</doc>
<status status="PASS" start="2024-03-23T00:57:23.283814" elapsed="0.000431"/>
</kw>
<kw name="Log" owner="BuiltIn">
<msg time="2024-03-23T00:57:23.284671" level="INFO">username</msg>
<arg>${keyTwo}</arg>
<doc>Logs the given message with the given level.</doc>
<status status="PASS" start="2024-03-23T00:57:23.284542" elapsed="0.000168"/>
</kw>
<var name="${keyTwo}">username</var>
<status status="PASS" start="2024-03-23T00:57:23.282972" elapsed="0.001952"/>
</iter>
<iter>
<kw name="Dictionary Should Contain Key" owner="Collections">
<msg time="2024-03-23T00:57:23.285601" level="INFO">False</msg>
<arg>${json_data['results'][0]['login']}</arg>
<arg>${keyTwo}</arg>
<doc>Fails if ``key`` is not found from ``dictionary``.</doc>
<status status="PASS" start="2024-03-23T00:57:23.285209" elapsed="0.000430"/>
</kw>
<kw name="Dictionary Should Contain Key" owner="Collections">
<msg time="2024-03-23T00:57:23.286351" level="INFO">False</msg>
<arg>${json_data['results'][0]['login']}</arg>
<arg>${keyTwo}</arg>
<doc>Fails if ``key`` is not found from ``dictionary``.</doc>
<status status="PASS" start="2024-03-23T00:57:23.285936" elapsed="0.000452"/>
</kw>
<kw name="Log" owner="BuiltIn">
<msg time="2024-03-23T00:57:23.286809" level="INFO">password</msg>
<arg>${keyTwo}</arg>
<doc>Logs the given message with the given level.</doc>
<status status="PASS" start="2024-03-23T00:57:23.286680" elapsed="0.000167"/>
</kw>
<var name="${keyTwo}">password</var>
<status status="PASS" start="2024-03-23T00:57:23.285099" elapsed="0.001965"/>
</iter>
<var>${keyTwo}</var>
<value>@{expected_keysTwo}</value>
<status status="PASS" start="2024-03-23T00:57:23.282817" elapsed="0.004367"/>
</for>
<status status="PASS" start="2024-03-23T00:57:23.169490" elapsed="0.117834"/>
</kw>
<doc>Testa a estrutura da resposta da API.</doc>
<tag>testeEstruturaResposta</tag>
<status status="PASS" start="2024-03-23T00:57:23.168796" elapsed="0.118685"/>
</test>
<test id="s1-s1-t4" name="Validar tipos de dados" line="28">
<kw name="Teste de Tipos de Dados" owner="random-user-service">
<kw name="GET On Session" owner="RequestsLibrary">
<msg time="2024-03-23T00:57:23.364891" level="INFO">GET Request : url=https://randomuser.me/api 
 path_url=/api 
 headers={'User-Agent': 'python-requests/2.31.0', 'Accept-Encoding': 'gzip, deflate', 'Accept': '*/*', 'Connection': 'keep-alive'} 
 body=None 
 </msg>
<msg time="2024-03-23T00:57:23.364969" level="INFO">GET Response : url=https://randomuser.me/api 
 status=200, reason=OK 
 headers={'Date': 'Sat, 23 Mar 2024 00:57:23 GMT', 'Content-Type': 'application/json; charset=utf-8', 'Transfer-Encoding': 'chunked', 'Connection': 'keep-alive', 'X-Powered-By': 'Express', 'Access-Control-Allow-Origin': '*', 'Cache-Control': 'no-cache', 'ETag': 'W/"4a6-jCjr+KlpIalwvroQvS9moNhOMEI"', 'Vary': 'Accept-Encoding', 'Content-Encoding': 'gzip', 'CF-Cache-Status': 'DYNAMIC', 'Report-To': '{"endpoints":[{"url":"https:\\/\\/a.nel.cloudflare.com\\/report\\/v4?s=w7ZztDM%2FoS1NWeDRG4ehmX%2FicFVdd%2B0OuT1VdRfJn8eBLi5UaJ6eGsaDWeZz%2BsvQ9YNFTQriujqsCbQXWaJnecE0AdIwURnp0NeaTveljj7q9eUadVtGqpQcjhz4ML6e"}],"group":"cf-nel","max_age":604800}', 'NEL': '{"success_fraction":0,"report_to":"cf-nel","max_age":604800}', 'Server': 'cloudflare', 'CF-RAY': '868a779098942d1b-IAD', 'alt-svc': 'h3=":443"; ma=86400'} 
 body={"results":[{"gender":"female","name":{"title":"Ms","first":"Wanderleya","last":"Porto"},"location":{"street":{"number":304,"name":"Rua Treze de Maio "},"city":"Anápolis","state":"Acre","country":"Brazil","postcode":94985,"coordinates":{"latitude":"-81.2889","longitude":"33.3434"},"timezone":{"offset":"-6:00","description":"Central Time (US &amp; Canada), Mexico City"}},"email":"wanderleya.porto@example.com","login":{"uuid":"fce30e00-fc59-429d-8161-b70eb3dc80c7","username":"beautifulpanda538","password":"help","salt":"XvJhM1sf","md5":"722b717973a3df2f6a1fc1f418a0b8d7","sha1":"724c683d6ac77e909fac2799a35406dd8e11bcca","sha256":"c9341e9406b7443de46288968bbf8471897b920eda1fa8e0bd7e6577fdae69b8"},"dob":{"date":"1945-12-19T07:26:37.869Z","age":78},"registered":{"date":"2020-05-01T13:10:09.426Z","age":3},"phone":"(28) 7507-4910","cell":"(24) 0845-5699","id":{"name":"CPF","value":"048.523.517-59"},"picture":{"large":"https://randomuser.me/api/portraits/women/71.jpg","medium":"https://randomuser.me/api/portraits/med/women/71.jpg","thumbnail":"https://randomuser.me/api/portraits/thumb/women/71.jpg"},"nat":"BR"}],"info":{"seed":"e6e3ca395b5a5b8c","results":1,"page":1,"version":"1.4"}} 
 </msg>
<msg time="2024-03-23T00:57:23.365040" level="INFO">/opt/hostedtoolcache/Python/3.12.2/x64/lib/python3.12/site-packages/urllib3/connectionpool.py:1103: InsecureRequestWarning: Unverified HTTPS request is being made to host 'randomuser.me'. Adding certificate verification is strongly advised. See: https://urllib3.readthedocs.io/en/latest/advanced-usage.html#tls-warnings
  warnings.warn(</msg>
<msg time="2024-03-23T00:57:23.365142" level="INFO">${response} = &lt;Response [200]&gt;</msg>
<var>${response}</var>
<arg>consultarAPI</arg>
<arg>/api</arg>
<doc>Sends a GET request on a previously created HTTP Session.</doc>
<status status="PASS" start="2024-03-23T00:57:23.289906" elapsed="0.075268"/>
</kw>
<kw name="Set Variable" owner="BuiltIn">
<msg time="2024-03-23T00:57:23.366020" level="INFO">${json_data} = {'results': [{'gender': 'female', 'name': {'title': 'Ms', 'first': 'Wanderleya', 'last': 'Porto'}, 'location': {'street': {'number': 304, 'name': 'Rua Treze de Maio '}, 'city': 'Anápolis', 'state': 'A...</msg>
<var>${json_data}</var>
<arg>${response.json()}</arg>
<doc>Returns the given values which can then be assigned to a variables.</doc>
<status status="PASS" start="2024-03-23T00:57:23.365572" elapsed="0.000478"/>
</kw>
<kw name="Log" owner="BuiltIn">
<msg time="2024-03-23T00:57:23.366550" level="INFO">{'results': [{'gender': 'female', 'name': {'title': 'Ms', 'first': 'Wanderleya', 'last': 'Porto'}, 'location': {'street': {'number': 304, 'name': 'Rua Treze de Maio '}, 'city': 'Anápolis', 'state': 'Acre', 'country': 'Brazil', 'postcode': 94985, 'coordinates': {'latitude': '-81.2889', 'longitude': '33.3434'}, 'timezone': {'offset': '-6:00', 'description': 'Central Time (US &amp; Canada), Mexico City'}}, 'email': 'wanderleya.porto@example.com', 'login': {'uuid': 'fce30e00-fc59-429d-8161-b70eb3dc80c7', 'username': 'beautifulpanda538', 'password': 'help', 'salt': 'XvJhM1sf', 'md5': '722b717973a3df2f6a1fc1f418a0b8d7', 'sha1': '724c683d6ac77e909fac2799a35406dd8e11bcca', 'sha256': 'c9341e9406b7443de46288968bbf8471897b920eda1fa8e0bd7e6577fdae69b8'}, 'dob': {'date': '1945-12-19T07:26:37.869Z', 'age': 78}, 'registered': {'date': '2020-05-01T13:10:09.426Z', 'age': 3}, 'phone': '(28) 7507-4910', 'cell': '(24) 0845-5699', 'id': {'name': 'CPF', 'value': '048.523.517-59'}, 'picture': {'large': 'https://randomuser.me/api/portraits/women/71.jpg', 'medium': 'https://randomuser.me/api/portraits/med/women/71.jpg', 'thumbnail': 'https://randomuser.me/api/portraits/thumb/women/71.jpg'}, 'nat': 'BR'}], 'info': {'seed': 'e6e3ca395b5a5b8c', 'results': 1, 'page': 1, 'version': '1.4'}}</msg>
<arg>${json_data}</arg>
<doc>Logs the given message with the given level.</doc>
<status status="PASS" start="2024-03-23T00:57:23.366392" elapsed="0.000242"/>
</kw>
<kw name="Should Be String" owner="String">
<arg>${json_data['results'][0]['gender']}</arg>
<doc>Fails if the given ``item`` is not a string.</doc>
<status status="PASS" start="2024-03-23T00:57:23.366942" elapsed="0.000367"/>
</kw>
<kw name="Should Match Regexp" owner="BuiltIn">
<arg>${json_data['results'][0]['email']}</arg>
<arg>^[a-zA-Z0-9._%+-]+@[a-zA-Z0-9.-]+\.[a-zA-Z]{2,}$</arg>
<doc>Fails if ``string`` does not match ``pattern`` as a regular expression.</doc>
<status status="PASS" start="2024-03-23T00:57:23.367505" elapsed="0.000504"/>
</kw>
<kw name="Should Match Regexp" owner="BuiltIn">
<arg>${json_data['results'][0]['dob']['date']}</arg>
<arg>\\d{4}-\\d{2}-\\d{2}T\\d{2}:\\d{2}:\\d{2}\\.\\d{3}Z</arg>
<doc>Fails if ``string`` does not match ``pattern`` as a regular expression.</doc>
<status status="PASS" start="2024-03-23T00:57:23.368210" elapsed="0.000491"/>
</kw>
<kw name="Should Match Regexp" owner="BuiltIn">
<arg>${json_data['results'][0]['registered']['date']}</arg>
<arg>\\d{4}-\\d{2}-\\d{2}T\\d{2}:\\d{2}:\\d{2}\\.\\d{3}Z</arg>
<doc>Fails if ``string`` does not match ``pattern`` as a regular expression.</doc>
<status status="PASS" start="2024-03-23T00:57:23.368895" elapsed="0.000370"/>
</kw>
<kw name="Should Match Regexp" owner="BuiltIn">
<arg>${json_data['results'][0]['picture']['large']}</arg>
<arg>^https?://.*\.(?:png|jpe?g|gif|bmp)$</arg>
<doc>Fails if ``string`` does not match ``pattern`` as a regular expression.</doc>
<status status="PASS" start="2024-03-23T00:57:23.369456" elapsed="0.000464"/>
</kw>
<kw name="Should Match Regexp" owner="BuiltIn">
<arg>${json_data['results'][0]['picture']['medium']}</arg>
<arg>^https?://.*\.(?:png|jpe?g|gif|bmp)$</arg>
<doc>Fails if ``string`` does not match ``pattern`` as a regular expression.</doc>
<status status="PASS" start="2024-03-23T00:57:23.370113" elapsed="0.000401"/>
</kw>
<kw name="Should Match Regexp" owner="BuiltIn">
<arg>${json_data['results'][0]['picture']['thumbnail']}</arg>
<arg>^https?://.*\.(?:png|jpe?g|gif|bmp)$</arg>
<doc>Fails if ``string`` does not match ``pattern`` as a regular expression.</doc>
<status status="PASS" start="2024-03-23T00:57:23.370704" elapsed="0.000359"/>
</kw>
<kw name="Log" owner="BuiltIn">
<msg time="2024-03-23T00:57:23.371570" level="INFO">{'large': 'https://randomuser.me/api/portraits/women/71.jpg', 'medium': 'https://randomuser.me/api/portraits/med/women/71.jpg', 'thumbnail': 'https://randomuser.me/api/portraits/thumb/women/71.jpg'}</msg>
<arg>${json_data['results'][0]['picture']}</arg>
<doc>Logs the given message with the given level.</doc>
<status status="PASS" start="2024-03-23T00:57:23.371246" elapsed="0.000372"/>
</kw>
<status status="PASS" start="2024-03-23T00:57:23.289682" elapsed="0.082191"/>
</kw>
<kw name="Teste de Tipos de Dados - Postcode" owner="random-user-service">
<kw name="GET On Session" owner="RequestsLibrary">
<msg time="2024-03-23T00:57:23.473792" level="INFO">GET Request : url=https://randomuser.me/api 
 path_url=/api 
 headers={'User-Agent': 'python-requests/2.31.0', 'Accept-Encoding': 'gzip, deflate', 'Accept': '*/*', 'Connection': 'keep-alive'} 
 body=None 
 </msg>
<msg time="2024-03-23T00:57:23.473885" level="INFO">GET Response : url=https://randomuser.me/api 
 status=200, reason=OK 
 headers={'Date': 'Sat, 23 Mar 2024 00:57:23 GMT', 'Content-Type': 'application/json; charset=utf-8', 'Transfer-Encoding': 'chunked', 'Connection': 'keep-alive', 'X-Powered-By': 'Express', 'Access-Control-Allow-Origin': '*', 'Cache-Control': 'no-cache', 'ETag': 'W/"4aa-+aF2yibnj8h5N+etjDUaTr1ypcs"', 'Vary': 'Accept-Encoding', 'Content-Encoding': 'gzip', 'CF-Cache-Status': 'DYNAMIC', 'Report-To': '{"endpoints":[{"url":"https:\\/\\/a.nel.cloudflare.com\\/report\\/v4?s=RHvnwELrIm1X5C1%2FB7RGEO2uzM8KenpPbORnjBIIYAyGfycg6ex0urcuDYDNJ1p1%2FeINeT5zPt5mPj%2BcO8xIIoc8JASjZXQkiItu9vc8dqdLPyDLLxyZApjcMxXGYauj"}],"group":"cf-nel","max_age":604800}', 'NEL': '{"success_fraction":0,"report_to":"cf-nel","max_age":604800}', 'Server': 'cloudflare', 'CF-RAY': '868a779119232d1b-IAD', 'alt-svc': 'h3=":443"; ma=86400'} 
 body={"results":[{"gender":"male","name":{"title":"Monsieur","first":"Martial","last":"Leroux"},"location":{"street":{"number":2112,"name":"Route de Genas"},"city":"Prato (Leventina)","state":"Valais","country":"Switzerland","postcode":4688,"coordinates":{"latitude":"-57.1548","longitude":"-54.9865"},"timezone":{"offset":"+11:00","description":"Magadan, Solomon Islands, New Caledonia"}},"email":"martial.leroux@example.com","login":{"uuid":"a9f35ad8-9ae7-4a75-b43f-e137671cabd2","username":"bluewolf916","password":"davide","salt":"LN5BPCu0","md5":"ac0583c12ac8c80e9e5c330e2b51cf75","sha1":"d9c9549c581789fd89be498314b2224caae05677","sha256":"9a97833a011a0350e0fea3350ee6acb48e2e93800a2ca8a125afb5dad1be9324"},"dob":{"date":"1949-06-05T18:53:08.470Z","age":74},"registered":{"date":"2007-01-16T18:58:11.238Z","age":17},"phone":"077 076 78 15","cell":"079 901 59 38","id":{"name":"AVS","value":"756.0083.6324.33"},"picture":{"large":"https://randomuser.me/api/portraits/men/45.jpg","medium":"https://randomuser.me/api/portraits/med/men/45.jpg","thumbnail":"https://randomuser.me/api/portraits/thumb/men/45.jpg"},"nat":"CH"}],"info":{"seed":"b1fe32c3bc7e67e4","results":1,"page":1,"version":"1.4"}} 
 </msg>
<msg time="2024-03-23T00:57:23.473975" level="INFO">/opt/hostedtoolcache/Python/3.12.2/x64/lib/python3.12/site-packages/urllib3/connectionpool.py:1103: InsecureRequestWarning: Unverified HTTPS request is being made to host 'randomuser.me'. Adding certificate verification is strongly advised. See: https://urllib3.readthedocs.io/en/latest/advanced-usage.html#tls-warnings
  warnings.warn(</msg>
<msg time="2024-03-23T00:57:23.474122" level="INFO">${response} = &lt;Response [200]&gt;</msg>
<var>${response}</var>
<arg>consultarAPI</arg>
<arg>/api</arg>
<doc>Sends a GET request on a previously created HTTP Session.</doc>
<status status="PASS" start="2024-03-23T00:57:23.372428" elapsed="0.101773"/>
</kw>
<kw name="Set Variable" owner="BuiltIn">
<msg time="2024-03-23T00:57:23.475143" level="INFO">${json_data} = {'results': [{'gender': 'male', 'name': {'title': 'Monsieur', 'first': 'Martial', 'last': 'Leroux'}, 'location': {'street': {'number': 2112, 'name': 'Route de Genas'}, 'city': 'Prato (Leventina)', 'st...</msg>
<var>${json_data}</var>
<arg>${response.json()}</arg>
<doc>Returns the given values which can then be assigned to a variables.</doc>
<status status="PASS" start="2024-03-23T00:57:23.474663" elapsed="0.000509"/>
</kw>
<kw name="Log" owner="BuiltIn">
<msg time="2024-03-23T00:57:23.475656" level="INFO">{'results': [{'gender': 'male', 'name': {'title': 'Monsieur', 'first': 'Martial', 'last': 'Leroux'}, 'location': {'street': {'number': 2112, 'name': 'Route de Genas'}, 'city': 'Prato (Leventina)', 'state': 'Valais', 'country': 'Switzerland', 'postcode': 4688, 'coordinates': {'latitude': '-57.1548', 'longitude': '-54.9865'}, 'timezone': {'offset': '+11:00', 'description': 'Magadan, Solomon Islands, New Caledonia'}}, 'email': 'martial.leroux@example.com', 'login': {'uuid': 'a9f35ad8-9ae7-4a75-b43f-e137671cabd2', 'username': 'bluewolf916', 'password': 'davide', 'salt': 'LN5BPCu0', 'md5': 'ac0583c12ac8c80e9e5c330e2b51cf75', 'sha1': 'd9c9549c581789fd89be498314b2224caae05677', 'sha256': '9a97833a011a0350e0fea3350ee6acb48e2e93800a2ca8a125afb5dad1be9324'}, 'dob': {'date': '1949-06-05T18:53:08.470Z', 'age': 74}, 'registered': {'date': '2007-01-16T18:58:11.238Z', 'age': 17}, 'phone': '077 076 78 15', 'cell': '079 901 59 38', 'id': {'name': 'AVS', 'value': '756.0083.6324.33'}, 'picture': {'large': 'https://randomuser.me/api/portraits/men/45.jpg', 'medium': 'https://randomuser.me/api/portraits/med/men/45.jpg', 'thumbnail': 'https://randomuser.me/api/portraits/thumb/men/45.jpg'}, 'nat': 'CH'}], 'info': {'seed': 'b1fe32c3bc7e67e4', 'results': 1, 'page': 1, 'version': '1.4'}}</msg>
<arg>${json_data}</arg>
<doc>Logs the given message with the given level.</doc>
<status status="PASS" start="2024-03-23T00:57:23.475495" elapsed="0.000244"/>
</kw>
<kw name="Should Be Equal As Numbers" owner="BuiltIn">
<arg>${json_data['results'][0]['location']['postcode']}</arg>
<arg>${json_data['results'][0]['location']['postcode']}</arg>
<doc>Fails if objects are unequal after converting them to real numbers.</doc>
<status status="PASS" start="2024-03-23T00:57:23.476053" elapsed="0.000754"/>
</kw>
<kw name="Log" owner="BuiltIn">
<msg time="2024-03-23T00:57:23.477362" level="INFO">4688</msg>
<arg>${json_data['results'][0]['location']['postcode']}</arg>
<doc>Logs the given message with the given level.</doc>
<status status="PASS" start="2024-03-23T00:57:23.477020" elapsed="0.000385"/>
</kw>
<status status="PASS" start="2024-03-23T00:57:23.372086" elapsed="0.105581"/>
</kw>
<doc>Testa se os tipos de dados na resposta da API estão corretos.</doc>
<tag>testeTiposDados</tag>
<status status="PASS" start="2024-03-23T00:57:23.289245" elapsed="0.188591"/>
</test>
<test id="s1-s1-t5" name="Validar conteudo" line="35">
<kw name="Teste de Tipos de Conteudo" owner="random-user-service">
<kw name="GET On Session" owner="RequestsLibrary">
<msg time="2024-03-23T00:57:23.571196" level="INFO">GET Request : url=https://randomuser.me/api 
 path_url=/api 
 headers={'User-Agent': 'python-requests/2.31.0', 'Accept-Encoding': 'gzip, deflate', 'Accept': '*/*', 'Connection': 'keep-alive'} 
 body=None 
 </msg>
<msg time="2024-03-23T00:57:23.571282" level="INFO">GET Response : url=https://randomuser.me/api 
 status=200, reason=OK 
 headers={'Date': 'Sat, 23 Mar 2024 00:57:23 GMT', 'Content-Type': 'application/json; charset=utf-8', 'Transfer-Encoding': 'chunked', 'Connection': 'keep-alive', 'X-Powered-By': 'Express', 'Access-Control-Allow-Origin': '*', 'Cache-Control': 'no-cache', 'ETag': 'W/"487-kVHRBNusjyyD+7S2KdvBDJyzC0c"', 'Vary': 'Accept-Encoding', 'Content-Encoding': 'gzip', 'CF-Cache-Status': 'DYNAMIC', 'Report-To': '{"endpoints":[{"url":"https:\\/\\/a.nel.cloudflare.com\\/report\\/v4?s=NgfsGYuGpWNiLqQJBrl0e7g0Q9fA7v%2BXIqCCAW%2FQkYm0J2%2FQfFdp7OCz5lhq0MHAXkGbzpKtBZZCqI2wq%2FQkgCEAGz461UIT7zBrZ%2BBxJLrQAUiAefPk%2BEeO4q3Wl0ep"}],"group":"cf-nel","max_age":604800}', 'NEL': '{"success_fraction":0,"report_to":"cf-nel","max_age":604800}', 'Server': 'cloudflare', 'CF-RAY': '868a7791ca4f2d1b-IAD', 'alt-svc': 'h3=":443"; ma=86400'} 
 body={"results":[{"gender":"male","name":{"title":"Mr","first":"Jimmy","last":"Walker"},"location":{"street":{"number":1824,"name":"Church Street"},"city":"Edinburgh","state":"County Antrim","country":"United Kingdom","postcode":"P21 5QT","coordinates":{"latitude":"-10.9964","longitude":"-52.3553"},"timezone":{"offset":"+3:30","description":"Tehran"}},"email":"jimmy.walker@example.com","login":{"uuid":"8e922427-4c9d-496c-8dd1-1818e03dc0c0","username":"ticklishbutterfly194","password":"suan","salt":"pUM2MyWq","md5":"96f90f31c9c6b180c68d88d4f4910ee6","sha1":"6e7cd33ea8bcb6d2120c97a6fbf836fc65a78b2e","sha256":"83311541a15941aa1e26553b362cf72937669a0ab2bb6afdf0967b7789027415"},"dob":{"date":"1974-05-27T13:19:05.432Z","age":49},"registered":{"date":"2004-04-29T06:38:37.651Z","age":19},"phone":"015242 28400","cell":"07965 186808","id":{"name":"NINO","value":"SC 07 21 97 S"},"picture":{"large":"https://randomuser.me/api/portraits/men/53.jpg","medium":"https://randomuser.me/api/portraits/med/men/53.jpg","thumbnail":"https://randomuser.me/api/portraits/thumb/men/53.jpg"},"nat":"GB"}],"info":{"seed":"eb69fac92591411b","results":1,"page":1,"version":"1.4"}} 
 </msg>
<msg time="2024-03-23T00:57:23.571354" level="INFO">/opt/hostedtoolcache/Python/3.12.2/x64/lib/python3.12/site-packages/urllib3/connectionpool.py:1103: InsecureRequestWarning: Unverified HTTPS request is being made to host 'randomuser.me'. Adding certificate verification is strongly advised. See: https://urllib3.readthedocs.io/en/latest/advanced-usage.html#tls-warnings
  warnings.warn(</msg>
<msg time="2024-03-23T00:57:23.571493" level="INFO">${response} = &lt;Response [200]&gt;</msg>
<var>${response}</var>
<arg>consultarAPI</arg>
<arg>/api</arg>
<doc>Sends a GET request on a previously created HTTP Session.</doc>
<status status="PASS" start="2024-03-23T00:57:23.480463" elapsed="0.091085"/>
</kw>
<kw name="Set Variable" owner="BuiltIn">
<msg time="2024-03-23T00:57:23.572359" level="INFO">${json_data} = {'results': [{'gender': 'male', 'name': {'title': 'Mr', 'first': 'Jimmy', 'last': 'Walker'}, 'location': {'street': {'number': 1824, 'name': 'Church Street'}, 'city': 'Edinburgh', 'state': 'County Ant...</msg>
<var>${json_data}</var>
<arg>${response.json()}</arg>
<doc>Returns the given values which can then be assigned to a variables.</doc>
<status status="PASS" start="2024-03-23T00:57:23.571917" elapsed="0.000470"/>
</kw>
<kw name="Set Variable" owner="BuiltIn">
<msg time="2024-03-23T00:57:23.573083" level="INFO">${name_title} = Mr</msg>
<var>${name_title}</var>
<arg>${json_data["results"][0]["name"]["title"]}</arg>
<doc>Returns the given values which can then be assigned to a variables.</doc>
<status status="PASS" start="2024-03-23T00:57:23.572696" elapsed="0.000413"/>
</kw>
<kw name="Create List" owner="BuiltIn">
<msg time="2024-03-23T00:57:23.573566" level="INFO">${allowed_titles} = ['Mr', 'Ms', 'Miss', 'Mrs', 'Madame', 'Monsieur']</msg>
<var>${allowed_titles}</var>
<arg>Mr</arg>
<arg>Ms</arg>
<arg>Miss</arg>
<arg>Mrs</arg>
<arg>Madame</arg>
<arg>Monsieur</arg>
<doc>Returns a list containing given items.</doc>
<status status="PASS" start="2024-03-23T00:57:23.573412" elapsed="0.000179"/>
</kw>
<kw name="List Should Contain Value" owner="Collections">
<msg time="2024-03-23T00:57:23.574074" level="INFO">False</msg>
<arg>${allowed_titles}</arg>
<arg>${name_title}</arg>
<doc>Fails if the ``value`` is not found from ``list``.</doc>
<status status="PASS" start="2024-03-23T00:57:23.573898" elapsed="0.000215"/>
</kw>
<kw name="Set Variable" owner="BuiltIn">
<msg time="2024-03-23T00:57:23.574838" level="INFO">${name_country} = GB</msg>
<var>${name_country}</var>
<arg>${json_data["results"][0]["nat"]}</arg>
<doc>Returns the given values which can then be assigned to a variables.</doc>
<status status="PASS" start="2024-03-23T00:57:23.574451" elapsed="0.000413"/>
</kw>
<kw name="Create List" owner="BuiltIn">
<msg time="2024-03-23T00:57:23.575788" level="INFO">${list_country} = ['AD', 'AE', 'AF', 'AG', 'AI', 'AL', 'AM', 'AO', 'AQ', 'AR', 'AS', 'AT', 'AU', 'AW', 'AX', 'AZ', 'BA', 'BB', 'BD', 'BE', 'BF', 'BG', 'BH', 'BI', 'BJ', 'BL', 'BM', 'BN', 'BO', 'BQ', 'BR', 'BS', 'BT', '...</msg>
<var>${list_country}</var>
<arg>AD</arg>
<arg>AE</arg>
<arg>AF</arg>
<arg>AG</arg>
<arg>AI</arg>
<arg>AL</arg>
<arg>AM</arg>
<arg>AO</arg>
<arg>AQ</arg>
<arg>AR</arg>
<arg>AS</arg>
<arg>AT</arg>
<arg>AU</arg>
<arg>AW</arg>
<arg>AX</arg>
<arg>AZ</arg>
<arg>BA</arg>
<arg>BB</arg>
<arg>BD</arg>
<arg>BE</arg>
<arg>BF</arg>
<arg>BG</arg>
<arg>BH</arg>
<arg>BI</arg>
<arg>BJ</arg>
<arg>BL</arg>
<arg>BM</arg>
<arg>BN</arg>
<arg>BO</arg>
<arg>BQ</arg>
<arg>BR</arg>
<arg>BS</arg>
<arg>BT</arg>
<arg>BV</arg>
<arg>BW</arg>
<arg>BY</arg>
<arg>BZ</arg>
<arg>CA</arg>
<arg>CC</arg>
<arg>CD</arg>
<arg>CF</arg>
<arg>CG</arg>
<arg>CH</arg>
<arg>CI</arg>
<arg>CK</arg>
<arg>CL</arg>
<arg>CM</arg>
<arg>CN</arg>
<arg>CO</arg>
<arg>CR</arg>
<arg>CU</arg>
<arg>CV</arg>
<arg>CW</arg>
<arg>CX</arg>
<arg>CY</arg>
<arg>CZ</arg>
<arg>DE</arg>
<arg>DJ</arg>
<arg>DK</arg>
<arg>DM</arg>
<arg>DO</arg>
<arg>DZ</arg>
<arg>EC</arg>
<arg>EE</arg>
<arg>EG</arg>
<arg>EH</arg>
<arg>ER</arg>
<arg>ES</arg>
<arg>ET</arg>
<arg>FI</arg>
<arg>FJ</arg>
<arg>FK</arg>
<arg>FM</arg>
<arg>FO</arg>
<arg>FR</arg>
<arg>GA</arg>
<arg>GB</arg>
<arg>GD</arg>
<arg>GE</arg>
<arg>GF</arg>
<arg>GG</arg>
<arg>GH</arg>
<arg>GI</arg>
<arg>GL</arg>
<arg>GM</arg>
<arg>GN</arg>
<arg>GP</arg>
<arg>GQ</arg>
<arg>GR</arg>
<arg>GS</arg>
<arg>GT</arg>
<arg>GU</arg>
<arg>GW</arg>
<arg>GY</arg>
<arg>HK</arg>
<arg>HM</arg>
<arg>HN</arg>
<arg>HR</arg>
<arg>HT</arg>
<arg>HU</arg>
<arg>ID</arg>
<arg>IE</arg>
<arg>IL</arg>
<arg>IM</arg>
<arg>IN</arg>
<arg>IO</arg>
<arg>IQ</arg>
<arg>IR</arg>
<arg>IS</arg>
<arg>IT</arg>
<arg>JE</arg>
<arg>JM</arg>
<arg>JO</arg>
<arg>JP</arg>
<arg>KE</arg>
<arg>KG</arg>
<arg>KH</arg>
<arg>KI</arg>
<arg>KM</arg>
<arg>KN</arg>
<arg>KP</arg>
<arg>KR</arg>
<arg>KW</arg>
<arg>KY</arg>
<arg>KZ</arg>
<arg>LA</arg>
<arg>LB</arg>
<arg>LC</arg>
<arg>LI</arg>
<arg>LK</arg>
<arg>LR</arg>
<arg>LS</arg>
<arg>LT</arg>
<arg>LU</arg>
<arg>LV</arg>
<arg>LY</arg>
<arg>MA</arg>
<arg>MC</arg>
<arg>MD</arg>
<arg>ME</arg>
<arg>MF</arg>
<arg>MG</arg>
<arg>MH</arg>
<arg>MK</arg>
<arg>ML</arg>
<arg>MM</arg>
<arg>MN</arg>
<arg>MO</arg>
<arg>MP</arg>
<arg>MQ</arg>
<arg>MR</arg>
<arg>MS</arg>
<arg>MT</arg>
<arg>MU</arg>
<arg>MV</arg>
<arg>MW</arg>
<arg>MX</arg>
<arg>MY</arg>
<arg>MZ</arg>
<arg>NA</arg>
<arg>NC</arg>
<arg>NE</arg>
<arg>NF</arg>
<arg>NG</arg>
<arg>NI</arg>
<arg>NL</arg>
<arg>NO</arg>
<arg>NP</arg>
<arg>NR</arg>
<arg>NU</arg>
<arg>NZ</arg>
<arg>OM</arg>
<arg>PA</arg>
<arg>PE</arg>
<arg>PF</arg>
<arg>PG</arg>
<arg>PH</arg>
<arg>PK</arg>
<arg>PL</arg>
<arg>PM</arg>
<arg>PN</arg>
<arg>PR</arg>
<arg>PS</arg>
<arg>PT</arg>
<arg>PW</arg>
<arg>PY</arg>
<arg>QA</arg>
<arg>RE</arg>
<arg>RO</arg>
<arg>RS</arg>
<arg>RU</arg>
<arg>RW</arg>
<arg>SA</arg>
<arg>SB</arg>
<arg>SC</arg>
<arg>SD</arg>
<arg>SE</arg>
<arg>SG</arg>
<arg>SH</arg>
<arg>SI</arg>
<arg>SJ</arg>
<arg>SK</arg>
<arg>SL</arg>
<arg>SM</arg>
<arg>SN</arg>
<arg>SO</arg>
<arg>SR</arg>
<arg>SS</arg>
<arg>ST</arg>
<arg>SV</arg>
<arg>SX</arg>
<arg>SY</arg>
<arg>SZ</arg>
<arg>TC</arg>
<arg>TD</arg>
<arg>TF</arg>
<arg>TG</arg>
<arg>TH</arg>
<arg>TJ</arg>
<arg>TK</arg>
<arg>TL</arg>
<arg>TM</arg>
<arg>TN</arg>
<arg>TO</arg>
<arg>TR</arg>
<arg>TT</arg>
<arg>TV</arg>
<arg>TW</arg>
<arg>TZ</arg>
<arg>UA</arg>
<arg>UG</arg>
<arg>UM</arg>
<arg>US</arg>
<arg>UY</arg>
<arg>UZ</arg>
<arg>VA</arg>
<arg>VC</arg>
<arg>VE</arg>
<arg>VG</arg>
<arg>VI</arg>
<arg>VN</arg>
<arg>VU</arg>
<arg>WF</arg>
<arg>WS</arg>
<arg>XK</arg>
<arg>YE</arg>
<arg>YT</arg>
<arg>ZA</arg>
<arg>ZM</arg>
<arg>ZW</arg>
<doc>Returns a list containing given items.</doc>
<status status="PASS" start="2024-03-23T00:57:23.575185" elapsed="0.000630"/>
</kw>
<kw name="List Should Contain Value" owner="Collections">
<msg time="2024-03-23T00:57:23.576932" level="INFO">False</msg>
<arg>${list_country}</arg>
<arg>${name_country}</arg>
<doc>Fails if the ``value`` is not found from ``list``.</doc>
<status status="PASS" start="2024-03-23T00:57:23.576721" elapsed="0.000250"/>
</kw>
<kw name="Run Keyword If" owner="BuiltIn">
<kw name="Should Be True" owner="BuiltIn">
<arg>${True}</arg>
<doc>Fails if the given condition is not true.</doc>
<status status="PASS" start="2024-03-23T00:57:23.578055" elapsed="0.000175"/>
</kw>
<arg>${json_data["results"][0]["location"]["coordinates"]["latitude"]} &gt;= -90 and ${json_data["results"][0]["location"]["coordinates"]["latitude"]} &lt;= 90</arg>
<arg>Should Be True</arg>
<arg>${True}</arg>
<doc>Runs the given keyword with the given arguments, if ``condition`` is true.</doc>
<status status="PASS" start="2024-03-23T00:57:23.577288" elapsed="0.001081"/>
</kw>
<kw name="Run Keyword If" owner="BuiltIn">
<kw name="Should Be True" owner="BuiltIn">
<arg>${True}</arg>
<doc>Fails if the given condition is not true.</doc>
<status status="PASS" start="2024-03-23T00:57:23.579270" elapsed="0.000140"/>
</kw>
<arg>${json_data["results"][0]["location"]["coordinates"]["longitude"]} &gt;= -180 and ${json_data["results"][0]["location"]["coordinates"]["longitude"]} &lt;= 180</arg>
<arg>Should Be True</arg>
<arg>${True}</arg>
<doc>Runs the given keyword with the given arguments, if ``condition`` is true.</doc>
<status status="PASS" start="2024-03-23T00:57:23.578561" elapsed="0.000977"/>
</kw>
<status status="PASS" start="2024-03-23T00:57:23.480101" elapsed="0.099567"/>
</kw>
<doc>Testa o conteúdo específico dos campos retornados pela API.</doc>
<tag>testeConteudo</tag>
<status status="PASS" start="2024-03-23T00:57:23.479617" elapsed="0.100200"/>
</test>
<status status="PASS" start="2024-03-23T00:57:22.787417" elapsed="0.794378"/>
</suite>
<status status="PASS" start="2024-03-23T00:57:22.773651" elapsed="0.813607"/>
</suite>
<statistics>
<total>
<stat pass="5" fail="0" skip="0">All Tests</stat>
</total>
<tag>
<stat pass="1" fail="0" skip="0">testeConteudo</stat>
<stat pass="1" fail="0" skip="0">testeEstruturaResposta</stat>
<stat pass="1" fail="0" skip="0">testeRequisicaoBasica</stat>
<stat pass="1" fail="0" skip="0">testeTiposDados</stat>
</tag>
<suite>
<stat pass="5" fail="0" skip="0" id="s1" name="Tests">Tests</stat>
<stat pass="5" fail="0" skip="0" id="s1-s1" name="Random-User-Test">Tests.Random-User-Test</stat>
</suite>
</statistics>
<errors>
</errors>
</robot>
