<?xml version="1.0" encoding="UTF-8"?>
<robot generator="Robot 7.0.1 (Python 3.12.4 on linux)" generated="2024-07-24T08:18:47.466112" rpa="false" schemaversion="5">
<suite id="s1" name="Tests" source="/home/runner/work/ApiRandomUser/ApiRandomUser/RamdonUser/tests">
<suite id="s1-s1" name="Random-User-Test" source="/home/runner/work/ApiRandomUser/ApiRandomUser/RamdonUser/tests/random-user-test.robot">
<test id="s1-s1-t1" name="Conectar" line="13">
<kw name="Conectar API" owner="random-user-service">
<kw name="Create Session" owner="RequestsLibrary">
<msg time="2024-07-24T08:18:47.870935" level="INFO">Creating Session using : alias=consultarAPI, url=https://randomuser.me/, headers={},                     cookies={}, auth=None, timeout=None, proxies=None, verify=False,                     debug=0 </msg>
<arg>consultarAPI</arg>
<arg>${URL}</arg>
<doc>Create Session: create a HTTP session to a server</doc>
<status status="PASS" start="2024-07-24T08:18:47.870735" elapsed="0.000372"/>
</kw>
<status status="PASS" start="2024-07-24T08:18:47.869680" elapsed="0.001783"/>
</kw>
<status status="PASS" start="2024-07-24T08:18:47.869065" elapsed="0.002606"/>
</test>
<test id="s1-s1-t2" name="Validar retorno 200 e JSON Válido" line="16">
<kw name="Teste de Requisicao Basica" owner="random-user-service">
<kw name="GET On Session" owner="RequestsLibrary">
<msg time="2024-07-24T08:18:47.919206" level="INFO">GET Request : url=https://randomuser.me/api 
 path_url=/api 
 headers={'User-Agent': 'python-requests/2.32.3', 'Accept-Encoding': 'gzip, deflate', 'Accept': '*/*', 'Connection': 'keep-alive'} 
 body=None 
 </msg>
<msg time="2024-07-24T08:18:47.919316" level="INFO">GET Response : url=https://randomuser.me/api 
 status=200, reason=OK 
 headers={'Date': 'Wed, 24 Jul 2024 08:18:47 GMT', 'Content-Type': 'application/json; charset=utf-8', 'Transfer-Encoding': 'chunked', 'Connection': 'keep-alive', 'X-Powered-By': 'Express', 'Access-Control-Allow-Origin': '*', 'Cache-Control': 'no-cache', 'ETag': 'W/"488-Qq1AEZH0tpddqxDMKiGLTmPeM1k"', 'Vary': 'Accept-Encoding', 'Content-Encoding': 'gzip', 'CF-Cache-Status': 'DYNAMIC', 'Report-To': '{"endpoints":[{"url":"https:\\/\\/a.nel.cloudflare.com\\/report\\/v4?s=8z42bkQ3l9ccUuMFto6CwY3yVwPmEMYStWFRKCyeT5TBt6jWvxEAXpyjJ9kf1sEAWIvHvsm5xEMJj37hKGj8JfYUKxZZzFEnPYp6ORSzzrJ9t%2B%2F4cX795BGdRNAyHC6r"}],"group":"cf-nel","max_age":604800}', 'NEL': '{"success_fraction":0,"report_to":"cf-nel","max_age":604800}', 'Server': 'cloudflare', 'CF-RAY': '8a827b495edc393a-IAD', 'alt-svc': 'h3=":443"; ma=86400'} 
 body={"results":[{"gender":"male","name":{"title":"Mr","first":"Onisiy","last":"Koziy"},"location":{"street":{"number":662,"name":"7-ma liniya"},"city":"Priluki","state":"Kirovogradska","country":"Ukraine","postcode":51056,"coordinates":{"latitude":"78.4443","longitude":"-110.1229"},"timezone":{"offset":"+9:00","description":"Tokyo, Seoul, Osaka, Sapporo, Yakutsk"}},"email":"onisiy.koziy@example.com","login":{"uuid":"06e18b67-71a1-4702-bb09-852dbd9df02b","username":"angrymeercat598","password":"reggae","salt":"BgQhEblD","md5":"40fb63caf5e85b1ea462677168521976","sha1":"01c886d3bccc09a38215c861e5a36b07d5e22212","sha256":"d6f21e2935c93770d901bdc5e88f5b68197760eaa9da3eed03ebad916a765072"},"dob":{"date":"1964-10-08T05:07:27.167Z","age":59},"registered":{"date":"2005-05-13T14:31:29.712Z","age":19},"phone":"(097) V58-9017","cell":"(097) L67-1749","id":{"name":"","value":null},"picture":{"large":"https://randomuser.me/api/portraits/men/84.jpg","medium":"https://randomuser.me/api/portraits/med/men/84.jpg","thumbnail":"https://randomuser.me/api/portraits/thumb/men/84.jpg"},"nat":"UA"}],"info":{"seed":"3669efa1ad8d6e97","results":1,"page":1,"version":"1.4"}} 
 </msg>
<msg time="2024-07-24T08:18:47.919388" level="INFO">/opt/hostedtoolcache/Python/3.12.4/x64/lib/python3.12/site-packages/urllib3/connectionpool.py:1099: InsecureRequestWarning: Unverified HTTPS request is being made to host 'randomuser.me'. Adding certificate verification is strongly advised. See: https://urllib3.readthedocs.io/en/latest/advanced-usage.html#tls-warnings
  warnings.warn(</msg>
<msg time="2024-07-24T08:18:47.919495" level="INFO">${response} = &lt;Response [200]&gt;</msg>
<var>${response}</var>
<arg>consultarAPI</arg>
<arg>/api</arg>
<doc>Sends a GET request on a previously created HTTP Session.</doc>
<status status="PASS" start="2024-07-24T08:18:47.874372" elapsed="0.045164"/>
</kw>
<kw name="Should Be Equal As Numbers" owner="BuiltIn">
<msg time="2024-07-24T08:18:47.920369" level="INFO">Argument types are:
&lt;class 'int'&gt;
&lt;class 'str'&gt;</msg>
<arg>${response.status_code}</arg>
<arg>200</arg>
<doc>Fails if objects are unequal after converting them to real numbers.</doc>
<status status="PASS" start="2024-07-24T08:18:47.919955" elapsed="0.000478"/>
</kw>
<kw name="Log" owner="BuiltIn">
<msg time="2024-07-24T08:18:47.921144" level="INFO">200</msg>
<arg>${response.status_code}</arg>
<doc>Logs the given message with the given level.</doc>
<status status="PASS" start="2024-07-24T08:18:47.920747" elapsed="0.000441"/>
</kw>
<kw name="Set Variable" owner="BuiltIn">
<msg time="2024-07-24T08:18:47.921944" level="INFO">${json_data} = {'results': [{'gender': 'male', 'name': {'title': 'Mr', 'first': 'Onisiy', 'last': 'Koziy'}, 'location': {'street': {'number': 662, 'name': '7-ma liniya'}, 'city': 'Priluki', 'state': 'Kirovogradska',...</msg>
<var>${json_data}</var>
<arg>${response.json()}</arg>
<doc>Returns the given values which can then be assigned to a variables.</doc>
<status status="PASS" start="2024-07-24T08:18:47.921503" elapsed="0.000470"/>
</kw>
<kw name="Dictionary Should Contain Key" owner="Collections">
<arg>${json_data}</arg>
<arg>results</arg>
<doc>Fails if ``key`` is not found from ``dictionary``.</doc>
<status status="PASS" start="2024-07-24T08:18:47.922277" elapsed="0.000297"/>
</kw>
<status status="PASS" start="2024-07-24T08:18:47.874122" elapsed="0.048601"/>
</kw>
<doc>Testa se a API responde corretamente e retorna um objeto JSON válido.</doc>
<tag>testeRequisicaoBasica</tag>
<status status="PASS" start="2024-07-24T08:18:47.873584" elapsed="0.049306"/>
</test>
<test id="s1-s1-t3" name="Validar estrutura de resposta" line="22">
<kw name="Teste de Estrutura de Resposta" owner="random-user-service">
<kw name="GET On Session" owner="RequestsLibrary">
<msg time="2024-07-24T08:18:48.020904" level="INFO">GET Request : url=https://randomuser.me/api 
 path_url=/api 
 headers={'User-Agent': 'python-requests/2.32.3', 'Accept-Encoding': 'gzip, deflate', 'Accept': '*/*', 'Connection': 'keep-alive'} 
 body=None 
 </msg>
<msg time="2024-07-24T08:18:48.021035" level="INFO">GET Response : url=https://randomuser.me/api 
 status=200, reason=OK 
 headers={'Date': 'Wed, 24 Jul 2024 08:18:48 GMT', 'Content-Type': 'application/json; charset=utf-8', 'Transfer-Encoding': 'chunked', 'Connection': 'keep-alive', 'X-Powered-By': 'Express', 'Access-Control-Allow-Origin': '*', 'Cache-Control': 'no-cache', 'ETag': 'W/"468-qx9bNPzI9l/0qP8YJNzjY8ABxNQ"', 'Vary': 'Accept-Encoding', 'Content-Encoding': 'gzip', 'CF-Cache-Status': 'DYNAMIC', 'Report-To': '{"endpoints":[{"url":"https:\\/\\/a.nel.cloudflare.com\\/report\\/v4?s=V6W3mvP9vsAZLfeZEHZV6GdOU2j6zG5wOqEcXRlbpcxsWwUax%2BPKsIm0CVoRldXfk0Q3QFNrJIzRNx93gWEPWdfffylE%2B8aR3KYN%2FLiaUfJawBlIvG%2BrECHyQ1hapPmA"}],"group":"cf-nel","max_age":604800}', 'NEL': '{"success_fraction":0,"report_to":"cf-nel","max_age":604800}', 'Server': 'cloudflare', 'CF-RAY': '8a827b498eff393a-IAD', 'alt-svc': 'h3=":443"; ma=86400'} 
 body={"results":[{"gender":"male","name":{"title":"Mr","first":"Malthe","last":"Larsen"},"location":{"street":{"number":9174,"name":"Krogen"},"city":"Sundby/Erslev","state":"Midtjylland","country":"Denmark","postcode":23395,"coordinates":{"latitude":"-47.0785","longitude":"-111.6389"},"timezone":{"offset":"-10:00","description":"Hawaii"}},"email":"malthe.larsen@example.com","login":{"uuid":"871e7d62-c620-4644-b010-624361fb640c","username":"bigbear455","password":"414141","salt":"Xyiayqpn","md5":"3e2de8ac919e3dace1589392247a1665","sha1":"33b5bc8d95f4909426d0bdcac4da93a779a9ba63","sha256":"dd667fb7e2cbcd3a51f37f4deb59147d26131aceb3d3c989cd0e1ba8d9efea41"},"dob":{"date":"1953-09-03T08:52:18.783Z","age":70},"registered":{"date":"2008-05-28T16:40:01.168Z","age":16},"phone":"40974207","cell":"38076209","id":{"name":"CPR","value":"030953-4739"},"picture":{"large":"https://randomuser.me/api/portraits/men/20.jpg","medium":"https://randomuser.me/api/portraits/med/men/20.jpg","thumbnail":"https://randomuser.me/api/portraits/thumb/men/20.jpg"},"nat":"DK"}],"info":{"seed":"d9487bd8d5bfd853","results":1,"page":1,"version":"1.4"}} 
 </msg>
<msg time="2024-07-24T08:18:48.021178" level="INFO">/opt/hostedtoolcache/Python/3.12.4/x64/lib/python3.12/site-packages/urllib3/connectionpool.py:1099: InsecureRequestWarning: Unverified HTTPS request is being made to host 'randomuser.me'. Adding certificate verification is strongly advised. See: https://urllib3.readthedocs.io/en/latest/advanced-usage.html#tls-warnings
  warnings.warn(</msg>
<msg time="2024-07-24T08:18:48.021281" level="INFO">${response} = &lt;Response [200]&gt;</msg>
<var>${response}</var>
<arg>consultarAPI</arg>
<arg>/api</arg>
<doc>Sends a GET request on a previously created HTTP Session.</doc>
<status status="PASS" start="2024-07-24T08:18:47.925552" elapsed="0.095770"/>
</kw>
<kw name="Set Variable" owner="BuiltIn">
<msg time="2024-07-24T08:18:48.022146" level="INFO">${json_data} = {'results': [{'gender': 'male', 'name': {'title': 'Mr', 'first': 'Malthe', 'last': 'Larsen'}, 'location': {'street': {'number': 9174, 'name': 'Krogen'}, 'city': 'Sundby/Erslev', 'state': 'Midtjylland'...</msg>
<var>${json_data}</var>
<arg>${response.json()}</arg>
<doc>Returns the given values which can then be assigned to a variables.</doc>
<status status="PASS" start="2024-07-24T08:18:48.021698" elapsed="0.000476"/>
</kw>
<kw name="Log" owner="BuiltIn">
<msg time="2024-07-24T08:18:48.022626" level="INFO">{'results': [{'gender': 'male', 'name': {'title': 'Mr', 'first': 'Malthe', 'last': 'Larsen'}, 'location': {'street': {'number': 9174, 'name': 'Krogen'}, 'city': 'Sundby/Erslev', 'state': 'Midtjylland', 'country': 'Denmark', 'postcode': 23395, 'coordinates': {'latitude': '-47.0785', 'longitude': '-111.6389'}, 'timezone': {'offset': '-10:00', 'description': 'Hawaii'}}, 'email': 'malthe.larsen@example.com', 'login': {'uuid': '871e7d62-c620-4644-b010-624361fb640c', 'username': 'bigbear455', 'password': '414141', 'salt': 'Xyiayqpn', 'md5': '3e2de8ac919e3dace1589392247a1665', 'sha1': '33b5bc8d95f4909426d0bdcac4da93a779a9ba63', 'sha256': 'dd667fb7e2cbcd3a51f37f4deb59147d26131aceb3d3c989cd0e1ba8d9efea41'}, 'dob': {'date': '1953-09-03T08:52:18.783Z', 'age': 70}, 'registered': {'date': '2008-05-28T16:40:01.168Z', 'age': 16}, 'phone': '40974207', 'cell': '38076209', 'id': {'name': 'CPR', 'value': '030953-4739'}, 'picture': {'large': 'https://randomuser.me/api/portraits/men/20.jpg', 'medium': 'https://randomuser.me/api/portraits/med/men/20.jpg', 'thumbnail': 'https://randomuser.me/api/portraits/thumb/men/20.jpg'}, 'nat': 'DK'}], 'info': {'seed': 'd9487bd8d5bfd853', 'results': 1, 'page': 1, 'version': '1.4'}}</msg>
<arg>${json_data}</arg>
<doc>Logs the given message with the given level.</doc>
<status status="PASS" start="2024-07-24T08:18:48.022473" elapsed="0.000204"/>
</kw>
<kw name="Dictionary Should Contain Key" owner="Collections">
<arg>${json_data}</arg>
<arg>results</arg>
<doc>Fails if ``key`` is not found from ``dictionary``.</doc>
<status status="PASS" start="2024-07-24T08:18:48.022965" elapsed="0.000161"/>
</kw>
<kw name="Should Not Be Empty" owner="BuiltIn">
<msg time="2024-07-24T08:18:48.023443" level="INFO">Length is 2.</msg>
<arg>${json_data}</arg>
<doc>Verifies that the given item is not empty.</doc>
<status status="PASS" start="2024-07-24T08:18:48.023316" elapsed="0.000165"/>
</kw>
<kw name="Create List" owner="BuiltIn">
<msg time="2024-07-24T08:18:48.023915" level="INFO">${expected_keys} = ['gender', 'name', 'location', 'email', 'login']</msg>
<var>${expected_keys}</var>
<arg>gender</arg>
<arg>name</arg>
<arg>location</arg>
<arg>email</arg>
<arg>login</arg>
<doc>Returns a list containing given items.</doc>
<status status="PASS" start="2024-07-24T08:18:48.023764" elapsed="0.000174"/>
</kw>
<for flavor="IN">
<iter>
<kw name="Dictionary Should Contain Key" owner="Collections">
<arg>${json_data['results'][0]}</arg>
<arg>${key}</arg>
<doc>Fails if ``key`` is not found from ``dictionary``.</doc>
<status status="PASS" start="2024-07-24T08:18:48.024513" elapsed="0.000393"/>
</kw>
<kw name="Log" owner="BuiltIn">
<msg time="2024-07-24T08:18:48.025501" level="INFO">{'gender': 'male', 'name': {'title': 'Mr', 'first': 'Malthe', 'last': 'Larsen'}, 'location': {'street': {'number': 9174, 'name': 'Krogen'}, 'city': 'Sundby/Erslev', 'state': 'Midtjylland', 'country': 'Denmark', 'postcode': 23395, 'coordinates': {'latitude': '-47.0785', 'longitude': '-111.6389'}, 'timezone': {'offset': '-10:00', 'description': 'Hawaii'}}, 'email': 'malthe.larsen@example.com', 'login': {'uuid': '871e7d62-c620-4644-b010-624361fb640c', 'username': 'bigbear455', 'password': '414141', 'salt': 'Xyiayqpn', 'md5': '3e2de8ac919e3dace1589392247a1665', 'sha1': '33b5bc8d95f4909426d0bdcac4da93a779a9ba63', 'sha256': 'dd667fb7e2cbcd3a51f37f4deb59147d26131aceb3d3c989cd0e1ba8d9efea41'}, 'dob': {'date': '1953-09-03T08:52:18.783Z', 'age': 70}, 'registered': {'date': '2008-05-28T16:40:01.168Z', 'age': 16}, 'phone': '40974207', 'cell': '38076209', 'id': {'name': 'CPR', 'value': '030953-4739'}, 'picture': {'large': 'https://randomuser.me/api/portraits/men/20.jpg', 'medium': 'https://randomuser.me/api/portraits/med/men/20.jpg', 'thumbnail': 'https://randomuser.me/api/portraits/thumb/men/20.jpg'}, 'nat': 'DK'}</msg>
<arg>${json_data['results'][0]}</arg>
<doc>Logs the given message with the given level.</doc>
<status status="PASS" start="2024-07-24T08:18:48.025135" elapsed="0.000414"/>
</kw>
<kw name="Log" owner="BuiltIn">
<msg time="2024-07-24T08:18:48.025973" level="INFO">gender</msg>
<arg>${key}</arg>
<doc>Logs the given message with the given level.</doc>
<status status="PASS" start="2024-07-24T08:18:48.025845" elapsed="0.000165"/>
</kw>
<var name="${key}">gender</var>
<status status="PASS" start="2024-07-24T08:18:48.024386" elapsed="0.001837"/>
</iter>
<iter>
<kw name="Dictionary Should Contain Key" owner="Collections">
<arg>${json_data['results'][0]}</arg>
<arg>${key}</arg>
<doc>Fails if ``key`` is not found from ``dictionary``.</doc>
<status status="PASS" start="2024-07-24T08:18:48.026522" elapsed="0.000376"/>
</kw>
<kw name="Log" owner="BuiltIn">
<msg time="2024-07-24T08:18:48.027433" level="INFO">{'gender': 'male', 'name': {'title': 'Mr', 'first': 'Malthe', 'last': 'Larsen'}, 'location': {'street': {'number': 9174, 'name': 'Krogen'}, 'city': 'Sundby/Erslev', 'state': 'Midtjylland', 'country': 'Denmark', 'postcode': 23395, 'coordinates': {'latitude': '-47.0785', 'longitude': '-111.6389'}, 'timezone': {'offset': '-10:00', 'description': 'Hawaii'}}, 'email': 'malthe.larsen@example.com', 'login': {'uuid': '871e7d62-c620-4644-b010-624361fb640c', 'username': 'bigbear455', 'password': '414141', 'salt': 'Xyiayqpn', 'md5': '3e2de8ac919e3dace1589392247a1665', 'sha1': '33b5bc8d95f4909426d0bdcac4da93a779a9ba63', 'sha256': 'dd667fb7e2cbcd3a51f37f4deb59147d26131aceb3d3c989cd0e1ba8d9efea41'}, 'dob': {'date': '1953-09-03T08:52:18.783Z', 'age': 70}, 'registered': {'date': '2008-05-28T16:40:01.168Z', 'age': 16}, 'phone': '40974207', 'cell': '38076209', 'id': {'name': 'CPR', 'value': '030953-4739'}, 'picture': {'large': 'https://randomuser.me/api/portraits/men/20.jpg', 'medium': 'https://randomuser.me/api/portraits/med/men/20.jpg', 'thumbnail': 'https://randomuser.me/api/portraits/thumb/men/20.jpg'}, 'nat': 'DK'}</msg>
<arg>${json_data['results'][0]}</arg>
<doc>Logs the given message with the given level.</doc>
<status status="PASS" start="2024-07-24T08:18:48.027078" elapsed="0.000443"/>
</kw>
<kw name="Log" owner="BuiltIn">
<msg time="2024-07-24T08:18:48.027972" level="INFO">name</msg>
<arg>${key}</arg>
<doc>Logs the given message with the given level.</doc>
<status status="PASS" start="2024-07-24T08:18:48.027837" elapsed="0.000172"/>
</kw>
<var name="${key}">name</var>
<status status="PASS" start="2024-07-24T08:18:48.026403" elapsed="0.001827"/>
</iter>
<iter>
<kw name="Dictionary Should Contain Key" owner="Collections">
<arg>${json_data['results'][0]}</arg>
<arg>${key}</arg>
<doc>Fails if ``key`` is not found from ``dictionary``.</doc>
<status status="PASS" start="2024-07-24T08:18:48.028518" elapsed="0.000381"/>
</kw>
<kw name="Log" owner="BuiltIn">
<msg time="2024-07-24T08:18:48.029457" level="INFO">{'gender': 'male', 'name': {'title': 'Mr', 'first': 'Malthe', 'last': 'Larsen'}, 'location': {'street': {'number': 9174, 'name': 'Krogen'}, 'city': 'Sundby/Erslev', 'state': 'Midtjylland', 'country': 'Denmark', 'postcode': 23395, 'coordinates': {'latitude': '-47.0785', 'longitude': '-111.6389'}, 'timezone': {'offset': '-10:00', 'description': 'Hawaii'}}, 'email': 'malthe.larsen@example.com', 'login': {'uuid': '871e7d62-c620-4644-b010-624361fb640c', 'username': 'bigbear455', 'password': '414141', 'salt': 'Xyiayqpn', 'md5': '3e2de8ac919e3dace1589392247a1665', 'sha1': '33b5bc8d95f4909426d0bdcac4da93a779a9ba63', 'sha256': 'dd667fb7e2cbcd3a51f37f4deb59147d26131aceb3d3c989cd0e1ba8d9efea41'}, 'dob': {'date': '1953-09-03T08:52:18.783Z', 'age': 70}, 'registered': {'date': '2008-05-28T16:40:01.168Z', 'age': 16}, 'phone': '40974207', 'cell': '38076209', 'id': {'name': 'CPR', 'value': '030953-4739'}, 'picture': {'large': 'https://randomuser.me/api/portraits/men/20.jpg', 'medium': 'https://randomuser.me/api/portraits/med/men/20.jpg', 'thumbnail': 'https://randomuser.me/api/portraits/thumb/men/20.jpg'}, 'nat': 'DK'}</msg>
<arg>${json_data['results'][0]}</arg>
<doc>Logs the given message with the given level.</doc>
<status status="PASS" start="2024-07-24T08:18:48.029108" elapsed="0.000395"/>
</kw>
<kw name="Log" owner="BuiltIn">
<msg time="2024-07-24T08:18:48.029916" level="INFO">location</msg>
<arg>${key}</arg>
<doc>Logs the given message with the given level.</doc>
<status status="PASS" start="2024-07-24T08:18:48.029792" elapsed="0.000161"/>
</kw>
<var name="${key}">location</var>
<status status="PASS" start="2024-07-24T08:18:48.028411" elapsed="0.001758"/>
</iter>
<iter>
<kw name="Dictionary Should Contain Key" owner="Collections">
<arg>${json_data['results'][0]}</arg>
<arg>${key}</arg>
<doc>Fails if ``key`` is not found from ``dictionary``.</doc>
<status status="PASS" start="2024-07-24T08:18:48.030444" elapsed="0.000374"/>
</kw>
<kw name="Log" owner="BuiltIn">
<msg time="2024-07-24T08:18:48.031469" level="INFO">{'gender': 'male', 'name': {'title': 'Mr', 'first': 'Malthe', 'last': 'Larsen'}, 'location': {'street': {'number': 9174, 'name': 'Krogen'}, 'city': 'Sundby/Erslev', 'state': 'Midtjylland', 'country': 'Denmark', 'postcode': 23395, 'coordinates': {'latitude': '-47.0785', 'longitude': '-111.6389'}, 'timezone': {'offset': '-10:00', 'description': 'Hawaii'}}, 'email': 'malthe.larsen@example.com', 'login': {'uuid': '871e7d62-c620-4644-b010-624361fb640c', 'username': 'bigbear455', 'password': '414141', 'salt': 'Xyiayqpn', 'md5': '3e2de8ac919e3dace1589392247a1665', 'sha1': '33b5bc8d95f4909426d0bdcac4da93a779a9ba63', 'sha256': 'dd667fb7e2cbcd3a51f37f4deb59147d26131aceb3d3c989cd0e1ba8d9efea41'}, 'dob': {'date': '1953-09-03T08:52:18.783Z', 'age': 70}, 'registered': {'date': '2008-05-28T16:40:01.168Z', 'age': 16}, 'phone': '40974207', 'cell': '38076209', 'id': {'name': 'CPR', 'value': '030953-4739'}, 'picture': {'large': 'https://randomuser.me/api/portraits/men/20.jpg', 'medium': 'https://randomuser.me/api/portraits/med/men/20.jpg', 'thumbnail': 'https://randomuser.me/api/portraits/thumb/men/20.jpg'}, 'nat': 'DK'}</msg>
<arg>${json_data['results'][0]}</arg>
<doc>Logs the given message with the given level.</doc>
<status status="PASS" start="2024-07-24T08:18:48.031115" elapsed="0.000403"/>
</kw>
<kw name="Log" owner="BuiltIn">
<msg time="2024-07-24T08:18:48.031942" level="INFO">email</msg>
<arg>${key}</arg>
<doc>Logs the given message with the given level.</doc>
<status status="PASS" start="2024-07-24T08:18:48.031813" elapsed="0.000166"/>
</kw>
<var name="${key}">email</var>
<status status="PASS" start="2024-07-24T08:18:48.030338" elapsed="0.001853"/>
</iter>
<iter>
<kw name="Dictionary Should Contain Key" owner="Collections">
<arg>${json_data['results'][0]}</arg>
<arg>${key}</arg>
<doc>Fails if ``key`` is not found from ``dictionary``.</doc>
<status status="PASS" start="2024-07-24T08:18:48.032479" elapsed="0.000382"/>
</kw>
<kw name="Log" owner="BuiltIn">
<msg time="2024-07-24T08:18:48.033444" level="INFO">{'gender': 'male', 'name': {'title': 'Mr', 'first': 'Malthe', 'last': 'Larsen'}, 'location': {'street': {'number': 9174, 'name': 'Krogen'}, 'city': 'Sundby/Erslev', 'state': 'Midtjylland', 'country': 'Denmark', 'postcode': 23395, 'coordinates': {'latitude': '-47.0785', 'longitude': '-111.6389'}, 'timezone': {'offset': '-10:00', 'description': 'Hawaii'}}, 'email': 'malthe.larsen@example.com', 'login': {'uuid': '871e7d62-c620-4644-b010-624361fb640c', 'username': 'bigbear455', 'password': '414141', 'salt': 'Xyiayqpn', 'md5': '3e2de8ac919e3dace1589392247a1665', 'sha1': '33b5bc8d95f4909426d0bdcac4da93a779a9ba63', 'sha256': 'dd667fb7e2cbcd3a51f37f4deb59147d26131aceb3d3c989cd0e1ba8d9efea41'}, 'dob': {'date': '1953-09-03T08:52:18.783Z', 'age': 70}, 'registered': {'date': '2008-05-28T16:40:01.168Z', 'age': 16}, 'phone': '40974207', 'cell': '38076209', 'id': {'name': 'CPR', 'value': '030953-4739'}, 'picture': {'large': 'https://randomuser.me/api/portraits/men/20.jpg', 'medium': 'https://randomuser.me/api/portraits/med/men/20.jpg', 'thumbnail': 'https://randomuser.me/api/portraits/thumb/men/20.jpg'}, 'nat': 'DK'}</msg>
<arg>${json_data['results'][0]}</arg>
<doc>Logs the given message with the given level.</doc>
<status status="PASS" start="2024-07-24T08:18:48.033076" elapsed="0.000417"/>
</kw>
<kw name="Log" owner="BuiltIn">
<msg time="2024-07-24T08:18:48.033924" level="INFO">login</msg>
<arg>${key}</arg>
<doc>Logs the given message with the given level.</doc>
<status status="PASS" start="2024-07-24T08:18:48.033796" elapsed="0.000167"/>
</kw>
<var name="${key}">login</var>
<status status="PASS" start="2024-07-24T08:18:48.032365" elapsed="0.001812"/>
</iter>
<var>${key}</var>
<value>@{expected_keys}</value>
<status status="PASS" start="2024-07-24T08:18:48.024201" elapsed="0.010095"/>
</for>
<kw name="Create List" owner="BuiltIn">
<msg time="2024-07-24T08:18:48.034618" level="INFO">${expected_keysTwo} = ['username', 'password']</msg>
<var>${expected_keysTwo}</var>
<arg>username</arg>
<arg>password</arg>
<doc>Returns a list containing given items.</doc>
<status status="PASS" start="2024-07-24T08:18:48.034481" elapsed="0.000161"/>
</kw>
<for flavor="IN">
<iter>
<kw name="Dictionary Should Contain Key" owner="Collections">
<arg>${json_data['results'][0]['login']}</arg>
<arg>${keyTwo}</arg>
<doc>Fails if ``key`` is not found from ``dictionary``.</doc>
<status status="PASS" start="2024-07-24T08:18:48.035169" elapsed="0.000381"/>
</kw>
<kw name="Dictionary Should Contain Key" owner="Collections">
<arg>${json_data['results'][0]['login']}</arg>
<arg>${keyTwo}</arg>
<doc>Fails if ``key`` is not found from ``dictionary``.</doc>
<status status="PASS" start="2024-07-24T08:18:48.035730" elapsed="0.000370"/>
</kw>
<kw name="Log" owner="BuiltIn">
<msg time="2024-07-24T08:18:48.036396" level="INFO">username</msg>
<arg>${keyTwo}</arg>
<doc>Logs the given message with the given level.</doc>
<status status="PASS" start="2024-07-24T08:18:48.036278" elapsed="0.000156"/>
</kw>
<var name="${keyTwo}">username</var>
<status status="PASS" start="2024-07-24T08:18:48.035056" elapsed="0.001595"/>
</iter>
<iter>
<kw name="Dictionary Should Contain Key" owner="Collections">
<arg>${json_data['results'][0]['login']}</arg>
<arg>${keyTwo}</arg>
<doc>Fails if ``key`` is not found from ``dictionary``.</doc>
<status status="PASS" start="2024-07-24T08:18:48.036933" elapsed="0.000404"/>
</kw>
<kw name="Dictionary Should Contain Key" owner="Collections">
<arg>${json_data['results'][0]['login']}</arg>
<arg>${keyTwo}</arg>
<doc>Fails if ``key`` is not found from ``dictionary``.</doc>
<status status="PASS" start="2024-07-24T08:18:48.037516" elapsed="0.000363"/>
</kw>
<kw name="Log" owner="BuiltIn">
<msg time="2024-07-24T08:18:48.038182" level="INFO">password</msg>
<arg>${keyTwo}</arg>
<doc>Logs the given message with the given level.</doc>
<status status="PASS" start="2024-07-24T08:18:48.038054" elapsed="0.000166"/>
</kw>
<var name="${keyTwo}">password</var>
<status status="PASS" start="2024-07-24T08:18:48.036822" elapsed="0.001614"/>
</iter>
<var>${keyTwo}</var>
<value>@{expected_keysTwo}</value>
<status status="PASS" start="2024-07-24T08:18:48.034903" elapsed="0.003652"/>
</for>
<status status="PASS" start="2024-07-24T08:18:47.925266" elapsed="0.113429"/>
</kw>
<doc>Testa a estrutura da resposta da API.</doc>
<tag>testeEstruturaResposta</tag>
<status status="PASS" start="2024-07-24T08:18:47.924745" elapsed="0.114101"/>
</test>
<test id="s1-s1-t4" name="Validar tipos de dados" line="28">
<kw name="Teste de Tipos de Dados" owner="random-user-service">
<kw name="GET On Session" owner="RequestsLibrary">
<msg time="2024-07-24T08:18:48.118900" level="INFO">GET Request : url=https://randomuser.me/api 
 path_url=/api 
 headers={'User-Agent': 'python-requests/2.32.3', 'Accept-Encoding': 'gzip, deflate', 'Accept': '*/*', 'Connection': 'keep-alive'} 
 body=None 
 </msg>
<msg time="2024-07-24T08:18:48.118977" level="INFO">GET Response : url=https://randomuser.me/api 
 status=200, reason=OK 
 headers={'Date': 'Wed, 24 Jul 2024 08:18:48 GMT', 'Content-Type': 'application/json; charset=utf-8', 'Transfer-Encoding': 'chunked', 'Connection': 'keep-alive', 'X-Powered-By': 'Express', 'Access-Control-Allow-Origin': '*', 'Cache-Control': 'no-cache', 'ETag': 'W/"48a-x7CzUhKXhTNvutpOY+8yuHOXF7g"', 'Vary': 'Accept-Encoding', 'Content-Encoding': 'gzip', 'CF-Cache-Status': 'DYNAMIC', 'Report-To': '{"endpoints":[{"url":"https:\\/\\/a.nel.cloudflare.com\\/report\\/v4?s=svY1K1c%2FRpDM%2FgxLlXdz4LRwbsRFeHDno5DYgpqd%2BkW1Zg%2BalxuZihxFCa4nAVx%2Bfvmd7urWTDt1r%2F8sFvSqfoZrxmWnUYt2PBW2N%2FnvjUk1CCALDAaWfkVotV9GE%2BFz"}],"group":"cf-nel","max_age":604800}', 'NEL': '{"success_fraction":0,"report_to":"cf-nel","max_age":604800}', 'Server': 'cloudflare', 'CF-RAY': '8a827b4a4f97393a-IAD', 'alt-svc': 'h3=":443"; ma=86400'} 
 body={"results":[{"gender":"male","name":{"title":"Mr","first":"Justin","last":"Taylor"},"location":{"street":{"number":8812,"name":"9th St"},"city":"Lafontaine","state":"Ontario","country":"Canada","postcode":"B3I 5T1","coordinates":{"latitude":"-68.4558","longitude":"-31.5396"},"timezone":{"offset":"+10:00","description":"Eastern Australia, Guam, Vladivostok"}},"email":"justin.taylor@example.com","login":{"uuid":"8efe18ad-915d-4a2e-90d0-094592944bdc","username":"ticklishbear156","password":"1963","salt":"LewZPk5J","md5":"48e728261d839f081464d5542dfab497","sha1":"93b5b2eb87a587ffd95aa24a5edcacdc1b9b0a87","sha256":"5229cd95cd62e4e3177a88e332f248dcc4e0a669366e06810cf5977fb81f0412"},"dob":{"date":"1976-10-09T22:53:16.060Z","age":47},"registered":{"date":"2007-10-03T22:09:27.526Z","age":16},"phone":"P15 H27-8728","cell":"E84 N20-5711","id":{"name":"SIN","value":"576735435"},"picture":{"large":"https://randomuser.me/api/portraits/men/33.jpg","medium":"https://randomuser.me/api/portraits/med/men/33.jpg","thumbnail":"https://randomuser.me/api/portraits/thumb/men/33.jpg"},"nat":"CA"}],"info":{"seed":"bfa45ee20bdb256e","results":1,"page":1,"version":"1.4"}} 
 </msg>
<msg time="2024-07-24T08:18:48.119046" level="INFO">/opt/hostedtoolcache/Python/3.12.4/x64/lib/python3.12/site-packages/urllib3/connectionpool.py:1099: InsecureRequestWarning: Unverified HTTPS request is being made to host 'randomuser.me'. Adding certificate verification is strongly advised. See: https://urllib3.readthedocs.io/en/latest/advanced-usage.html#tls-warnings
  warnings.warn(</msg>
<msg time="2024-07-24T08:18:48.119152" level="INFO">${response} = &lt;Response [200]&gt;</msg>
<var>${response}</var>
<arg>consultarAPI</arg>
<arg>/api</arg>
<doc>Sends a GET request on a previously created HTTP Session.</doc>
<status status="PASS" start="2024-07-24T08:18:48.041282" elapsed="0.077924"/>
</kw>
<kw name="Set Variable" owner="BuiltIn">
<msg time="2024-07-24T08:18:48.120048" level="INFO">${json_data} = {'results': [{'gender': 'male', 'name': {'title': 'Mr', 'first': 'Justin', 'last': 'Taylor'}, 'location': {'street': {'number': 8812, 'name': '9th St'}, 'city': 'Lafontaine', 'state': 'Ontario', 'coun...</msg>
<var>${json_data}</var>
<arg>${response.json()}</arg>
<doc>Returns the given values which can then be assigned to a variables.</doc>
<status status="PASS" start="2024-07-24T08:18:48.119602" elapsed="0.000475"/>
</kw>
<kw name="Log" owner="BuiltIn">
<msg time="2024-07-24T08:18:48.120537" level="INFO">{'results': [{'gender': 'male', 'name': {'title': 'Mr', 'first': 'Justin', 'last': 'Taylor'}, 'location': {'street': {'number': 8812, 'name': '9th St'}, 'city': 'Lafontaine', 'state': 'Ontario', 'country': 'Canada', 'postcode': 'B3I 5T1', 'coordinates': {'latitude': '-68.4558', 'longitude': '-31.5396'}, 'timezone': {'offset': '+10:00', 'description': 'Eastern Australia, Guam, Vladivostok'}}, 'email': 'justin.taylor@example.com', 'login': {'uuid': '8efe18ad-915d-4a2e-90d0-094592944bdc', 'username': 'ticklishbear156', 'password': '1963', 'salt': 'LewZPk5J', 'md5': '48e728261d839f081464d5542dfab497', 'sha1': '93b5b2eb87a587ffd95aa24a5edcacdc1b9b0a87', 'sha256': '5229cd95cd62e4e3177a88e332f248dcc4e0a669366e06810cf5977fb81f0412'}, 'dob': {'date': '1976-10-09T22:53:16.060Z', 'age': 47}, 'registered': {'date': '2007-10-03T22:09:27.526Z', 'age': 16}, 'phone': 'P15 H27-8728', 'cell': 'E84 N20-5711', 'id': {'name': 'SIN', 'value': '576735435'}, 'picture': {'large': 'https://randomuser.me/api/portraits/men/33.jpg', 'medium': 'https://randomuser.me/api/portraits/med/men/33.jpg', 'thumbnail': 'https://randomuser.me/api/portraits/thumb/men/33.jpg'}, 'nat': 'CA'}], 'info': {'seed': 'bfa45ee20bdb256e', 'results': 1, 'page': 1, 'version': '1.4'}}</msg>
<arg>${json_data}</arg>
<doc>Logs the given message with the given level.</doc>
<status status="PASS" start="2024-07-24T08:18:48.120387" elapsed="0.000198"/>
</kw>
<kw name="Should Be String" owner="String">
<arg>${json_data['results'][0]['gender']}</arg>
<doc>Fails if the given ``item`` is not a string.</doc>
<status status="PASS" start="2024-07-24T08:18:48.120871" elapsed="0.000407"/>
</kw>
<kw name="Should Match Regexp" owner="BuiltIn">
<arg>${json_data['results'][0]['email']}</arg>
<arg>^[a-zA-Z0-9._%+-]+@[a-zA-Z0-9.-]+\.[a-zA-Z]{2,}$</arg>
<doc>Fails if ``string`` does not match ``pattern`` as a regular expression.</doc>
<status status="PASS" start="2024-07-24T08:18:48.121482" elapsed="0.000509"/>
</kw>
<kw name="Should Match Regexp" owner="BuiltIn">
<arg>${json_data['results'][0]['dob']['date']}</arg>
<arg>\\d{4}-\\d{2}-\\d{2}T\\d{2}:\\d{2}:\\d{2}\\.\\d{3}Z</arg>
<doc>Fails if ``string`` does not match ``pattern`` as a regular expression.</doc>
<status status="PASS" start="2024-07-24T08:18:48.122217" elapsed="0.000596"/>
</kw>
<kw name="Should Match Regexp" owner="BuiltIn">
<arg>${json_data['results'][0]['registered']['date']}</arg>
<arg>\\d{4}-\\d{2}-\\d{2}T\\d{2}:\\d{2}:\\d{2}\\.\\d{3}Z</arg>
<doc>Fails if ``string`` does not match ``pattern`` as a regular expression.</doc>
<status status="PASS" start="2024-07-24T08:18:48.123005" elapsed="0.000372"/>
</kw>
<kw name="Should Match Regexp" owner="BuiltIn">
<arg>${json_data['results'][0]['picture']['large']}</arg>
<arg>^https?://.*\.(?:png|jpe?g|gif|bmp)$</arg>
<doc>Fails if ``string`` does not match ``pattern`` as a regular expression.</doc>
<status status="PASS" start="2024-07-24T08:18:48.123562" elapsed="0.000459"/>
</kw>
<kw name="Should Match Regexp" owner="BuiltIn">
<arg>${json_data['results'][0]['picture']['medium']}</arg>
<arg>^https?://.*\.(?:png|jpe?g|gif|bmp)$</arg>
<doc>Fails if ``string`` does not match ``pattern`` as a regular expression.</doc>
<status status="PASS" start="2024-07-24T08:18:48.124216" elapsed="0.000358"/>
</kw>
<kw name="Should Match Regexp" owner="BuiltIn">
<arg>${json_data['results'][0]['picture']['thumbnail']}</arg>
<arg>^https?://.*\.(?:png|jpe?g|gif|bmp)$</arg>
<doc>Fails if ``string`` does not match ``pattern`` as a regular expression.</doc>
<status status="PASS" start="2024-07-24T08:18:48.124754" elapsed="0.000391"/>
</kw>
<kw name="Log" owner="BuiltIn">
<msg time="2024-07-24T08:18:48.125713" level="INFO">{'large': 'https://randomuser.me/api/portraits/men/33.jpg', 'medium': 'https://randomuser.me/api/portraits/med/men/33.jpg', 'thumbnail': 'https://randomuser.me/api/portraits/thumb/men/33.jpg'}</msg>
<arg>${json_data['results'][0]['picture']}</arg>
<doc>Logs the given message with the given level.</doc>
<status status="PASS" start="2024-07-24T08:18:48.125329" elapsed="0.000444"/>
</kw>
<status status="PASS" start="2024-07-24T08:18:48.041056" elapsed="0.084991"/>
</kw>
<kw name="Teste de Tipos de Dados - Postcode" owner="random-user-service">
<kw name="GET On Session" owner="RequestsLibrary">
<msg time="2024-07-24T08:18:48.221121" level="INFO">GET Request : url=https://randomuser.me/api 
 path_url=/api 
 headers={'User-Agent': 'python-requests/2.32.3', 'Accept-Encoding': 'gzip, deflate', 'Accept': '*/*', 'Connection': 'keep-alive'} 
 body=None 
 </msg>
<msg time="2024-07-24T08:18:48.221228" level="INFO">GET Response : url=https://randomuser.me/api 
 status=200, reason=OK 
 headers={'Date': 'Wed, 24 Jul 2024 08:18:48 GMT', 'Content-Type': 'application/json; charset=utf-8', 'Transfer-Encoding': 'chunked', 'Connection': 'keep-alive', 'X-Powered-By': 'Express', 'Access-Control-Allow-Origin': '*', 'Cache-Control': 'no-cache', 'ETag': 'W/"4a0-DGOrERt7f2xu/9br8acw2c7fBLU"', 'Vary': 'Accept-Encoding', 'Content-Encoding': 'gzip', 'CF-Cache-Status': 'DYNAMIC', 'Report-To': '{"endpoints":[{"url":"https:\\/\\/a.nel.cloudflare.com\\/report\\/v4?s=f6Nicv3o5RhfszQ47NWYUF%2BajNEJBn2uGHE6e1IGdAFrDfoOI9zMUgBsibhvmIRoM42khFjGBsWHAW0c7zajQCGWrVJWppc433vjF7wYcp1iQ4DLQvxfqPBaJOWxFOJ9"}],"group":"cf-nel","max_age":604800}', 'NEL': '{"success_fraction":0,"report_to":"cf-nel","max_age":604800}', 'Server': 'cloudflare', 'CF-RAY': '8a827b4ac80c393a-IAD', 'alt-svc': 'h3=":443"; ma=86400'} 
 body={"results":[{"gender":"female","name":{"title":"Ms","first":"Concetta","last":"Hölzl"},"location":{"street":{"number":4523,"name":"Danziger Straße"},"city":"Teublitz","state":"Hamburg","country":"Germany","postcode":98608,"coordinates":{"latitude":"-50.9479","longitude":"95.1867"},"timezone":{"offset":"-3:00","description":"Brazil, Buenos Aires, Georgetown"}},"email":"concetta.holzl@example.com","login":{"uuid":"26d573d5-f582-48d3-a160-9300335793e6","username":"beautifulmeercat317","password":"helen","salt":"vGkH2pjg","md5":"d52fbbaaab838ae1e22423d80a997243","sha1":"677702b12f27eeeb7253978a5506438f8fc85662","sha256":"245b59f87195518b687b1115f0d4f4c366c0328465d4389f8e1795b2db7371be"},"dob":{"date":"1948-01-09T17:33:59.790Z","age":76},"registered":{"date":"2003-03-07T06:55:50.024Z","age":21},"phone":"0234-5293919","cell":"0174-3274706","id":{"name":"SVNR","value":"46 090148 H 522"},"picture":{"large":"https://randomuser.me/api/portraits/women/22.jpg","medium":"https://randomuser.me/api/portraits/med/women/22.jpg","thumbnail":"https://randomuser.me/api/portraits/thumb/women/22.jpg"},"nat":"DE"}],"info":{"seed":"9e383fcc56fcf00e","results":1,"page":1,"version":"1.4"}} 
 </msg>
<msg time="2024-07-24T08:18:48.221306" level="INFO">/opt/hostedtoolcache/Python/3.12.4/x64/lib/python3.12/site-packages/urllib3/connectionpool.py:1099: InsecureRequestWarning: Unverified HTTPS request is being made to host 'randomuser.me'. Adding certificate verification is strongly advised. See: https://urllib3.readthedocs.io/en/latest/advanced-usage.html#tls-warnings
  warnings.warn(</msg>
<msg time="2024-07-24T08:18:48.221417" level="INFO">${response} = &lt;Response [200]&gt;</msg>
<var>${response}</var>
<arg>consultarAPI</arg>
<arg>/api</arg>
<doc>Sends a GET request on a previously created HTTP Session.</doc>
<status status="PASS" start="2024-07-24T08:18:48.126504" elapsed="0.094951"/>
</kw>
<kw name="Set Variable" owner="BuiltIn">
<msg time="2024-07-24T08:18:48.222402" level="INFO">${json_data} = {'results': [{'gender': 'female', 'name': {'title': 'Ms', 'first': 'Concetta', 'last': 'Hölzl'}, 'location': {'street': {'number': 4523, 'name': 'Danziger Straße'}, 'city': 'Teublitz', 'state': 'Hambu...</msg>
<var>${json_data}</var>
<arg>${response.json()}</arg>
<doc>Returns the given values which can then be assigned to a variables.</doc>
<status status="PASS" start="2024-07-24T08:18:48.221914" elapsed="0.000519"/>
</kw>
<kw name="Log" owner="BuiltIn">
<msg time="2024-07-24T08:18:48.222912" level="INFO">{'results': [{'gender': 'female', 'name': {'title': 'Ms', 'first': 'Concetta', 'last': 'Hölzl'}, 'location': {'street': {'number': 4523, 'name': 'Danziger Straße'}, 'city': 'Teublitz', 'state': 'Hamburg', 'country': 'Germany', 'postcode': 98608, 'coordinates': {'latitude': '-50.9479', 'longitude': '95.1867'}, 'timezone': {'offset': '-3:00', 'description': 'Brazil, Buenos Aires, Georgetown'}}, 'email': 'concetta.holzl@example.com', 'login': {'uuid': '26d573d5-f582-48d3-a160-9300335793e6', 'username': 'beautifulmeercat317', 'password': 'helen', 'salt': 'vGkH2pjg', 'md5': 'd52fbbaaab838ae1e22423d80a997243', 'sha1': '677702b12f27eeeb7253978a5506438f8fc85662', 'sha256': '245b59f87195518b687b1115f0d4f4c366c0328465d4389f8e1795b2db7371be'}, 'dob': {'date': '1948-01-09T17:33:59.790Z', 'age': 76}, 'registered': {'date': '2003-03-07T06:55:50.024Z', 'age': 21}, 'phone': '0234-5293919', 'cell': '0174-3274706', 'id': {'name': 'SVNR', 'value': '46 090148 H 522'}, 'picture': {'large': 'https://randomuser.me/api/portraits/women/22.jpg', 'medium': 'https://randomuser.me/api/portraits/med/women/22.jpg', 'thumbnail': 'https://randomuser.me/api/portraits/thumb/women/22.jpg'}, 'nat': 'DE'}], 'info': {'seed': '9e383fcc56fcf00e', 'results': 1, 'page': 1, 'version': '1.4'}}</msg>
<arg>${json_data}</arg>
<doc>Logs the given message with the given level.</doc>
<status status="PASS" start="2024-07-24T08:18:48.222752" elapsed="0.000210"/>
</kw>
<kw name="Should Be Equal As Numbers" owner="BuiltIn">
<arg>${json_data['results'][0]['location']['postcode']}</arg>
<arg>${json_data['results'][0]['location']['postcode']}</arg>
<doc>Fails if objects are unequal after converting them to real numbers.</doc>
<status status="PASS" start="2024-07-24T08:18:48.223258" elapsed="0.000642"/>
</kw>
<kw name="Log" owner="BuiltIn">
<msg time="2024-07-24T08:18:48.224439" level="INFO">98608</msg>
<arg>${json_data['results'][0]['location']['postcode']}</arg>
<doc>Logs the given message with the given level.</doc>
<status status="PASS" start="2024-07-24T08:18:48.224098" elapsed="0.000382"/>
</kw>
<status status="PASS" start="2024-07-24T08:18:48.126271" elapsed="0.098494"/>
</kw>
<doc>Testa se os tipos de dados na resposta da API estão corretos.</doc>
<tag>testeTiposDados</tag>
<status status="PASS" start="2024-07-24T08:18:48.040591" elapsed="0.184341"/>
</test>
<test id="s1-s1-t5" name="Validar conteudo" line="35">
<kw name="Teste de Tipos de Conteudo" owner="random-user-service">
<kw name="GET On Session" owner="RequestsLibrary">
<msg time="2024-07-24T08:18:48.319859" level="INFO">GET Request : url=https://randomuser.me/api 
 path_url=/api 
 headers={'User-Agent': 'python-requests/2.32.3', 'Accept-Encoding': 'gzip, deflate', 'Accept': '*/*', 'Connection': 'keep-alive'} 
 body=None 
 </msg>
<msg time="2024-07-24T08:18:48.319938" level="INFO">GET Response : url=https://randomuser.me/api 
 status=200, reason=OK 
 headers={'Date': 'Wed, 24 Jul 2024 08:18:48 GMT', 'Content-Type': 'application/json; charset=utf-8', 'Transfer-Encoding': 'chunked', 'Connection': 'keep-alive', 'X-Powered-By': 'Express', 'Access-Control-Allow-Origin': '*', 'Cache-Control': 'no-cache', 'ETag': 'W/"49e-aAQucjV7z8OM7OIoSC1zmZ6GuTc"', 'Vary': 'Accept-Encoding', 'Content-Encoding': 'gzip', 'CF-Cache-Status': 'DYNAMIC', 'Report-To': '{"endpoints":[{"url":"https:\\/\\/a.nel.cloudflare.com\\/report\\/v4?s=2AcHaI33os9wEQETDtqdJraos%2BRU0T90FnNE3BAOVK6pn%2FP3R4AF%2Fy%2FSyreY3CDnWVb3d%2FbTxaBs4ILw46OaQ4b0hNXhlCiGBDBsp5PaIUXAL9cfAG8nXd%2BV9cOUQqiv"}],"group":"cf-nel","max_age":604800}', 'NEL': '{"success_fraction":0,"report_to":"cf-nel","max_age":604800}', 'Server': 'cloudflare', 'CF-RAY': '8a827b4b688c393a-IAD', 'alt-svc': 'h3=":443"; ma=86400'} 
 body={"results":[{"gender":"female","name":{"title":"Mrs","first":"Daisy","last":"Cox"},"location":{"street":{"number":1392,"name":"W Belt Line Rd"},"city":"Ventura","state":"Oregon","country":"United States","postcode":78845,"coordinates":{"latitude":"85.6630","longitude":"54.7136"},"timezone":{"offset":"+5:00","description":"Ekaterinburg, Islamabad, Karachi, Tashkent"}},"email":"daisy.cox@example.com","login":{"uuid":"327a2deb-cc7c-456e-b6d1-01a994b025dd","username":"beautifulbear159","password":"subway","salt":"XCYtA77z","md5":"5c391be7af4d6601e014ed90d898b45d","sha1":"a774b7991b38c6f32dc4a252a5b27fdee3247cb1","sha256":"c95bfa3416186340cdb9e43bb0009c5934f4d9ff6fb6b2b291db97597fb3300c"},"dob":{"date":"1980-12-26T05:33:41.724Z","age":43},"registered":{"date":"2014-05-01T21:57:34.591Z","age":10},"phone":"(470) 338-8169","cell":"(328) 945-7780","id":{"name":"SSN","value":"612-47-1554"},"picture":{"large":"https://randomuser.me/api/portraits/women/58.jpg","medium":"https://randomuser.me/api/portraits/med/women/58.jpg","thumbnail":"https://randomuser.me/api/portraits/thumb/women/58.jpg"},"nat":"US"}],"info":{"seed":"924052802867d8ed","results":1,"page":1,"version":"1.4"}} 
 </msg>
<msg time="2024-07-24T08:18:48.320002" level="INFO">/opt/hostedtoolcache/Python/3.12.4/x64/lib/python3.12/site-packages/urllib3/connectionpool.py:1099: InsecureRequestWarning: Unverified HTTPS request is being made to host 'randomuser.me'. Adding certificate verification is strongly advised. See: https://urllib3.readthedocs.io/en/latest/advanced-usage.html#tls-warnings
  warnings.warn(</msg>
<msg time="2024-07-24T08:18:48.320109" level="INFO">${response} = &lt;Response [200]&gt;</msg>
<var>${response}</var>
<arg>consultarAPI</arg>
<arg>/api</arg>
<doc>Sends a GET request on a previously created HTTP Session.</doc>
<status status="PASS" start="2024-07-24T08:18:48.227439" elapsed="0.092710"/>
</kw>
<kw name="Set Variable" owner="BuiltIn">
<msg time="2024-07-24T08:18:48.321114" level="INFO">${json_data} = {'results': [{'gender': 'female', 'name': {'title': 'Mrs', 'first': 'Daisy', 'last': 'Cox'}, 'location': {'street': {'number': 1392, 'name': 'W Belt Line Rd'}, 'city': 'Ventura', 'state': 'Oregon', 'c...</msg>
<var>${json_data}</var>
<arg>${response.json()}</arg>
<doc>Returns the given values which can then be assigned to a variables.</doc>
<status status="PASS" start="2024-07-24T08:18:48.320577" elapsed="0.000581"/>
</kw>
<kw name="Set Variable" owner="BuiltIn">
<msg time="2024-07-24T08:18:48.321925" level="INFO">${name_title} = Mrs</msg>
<var>${name_title}</var>
<arg>${json_data["results"][0]["name"]["title"]}</arg>
<doc>Returns the given values which can then be assigned to a variables.</doc>
<status status="PASS" start="2024-07-24T08:18:48.321525" elapsed="0.000426"/>
</kw>
<kw name="Create List" owner="BuiltIn">
<msg time="2024-07-24T08:18:48.322413" level="INFO">${allowed_titles} = ['Mr', 'Ms', 'Miss', 'Mrs', 'Madame', 'Monsieur']</msg>
<var>${allowed_titles}</var>
<arg>Mr</arg>
<arg>Ms</arg>
<arg>Miss</arg>
<arg>Mrs</arg>
<arg>Madame</arg>
<arg>Monsieur</arg>
<doc>Returns a list containing given items.</doc>
<status status="PASS" start="2024-07-24T08:18:48.322261" elapsed="0.000178"/>
</kw>
<kw name="List Should Contain Value" owner="Collections">
<arg>${allowed_titles}</arg>
<arg>${name_title}</arg>
<doc>Fails if the ``value`` is not found from ``list``.</doc>
<status status="PASS" start="2024-07-24T08:18:48.322748" elapsed="0.000188"/>
</kw>
<kw name="Set Variable" owner="BuiltIn">
<msg time="2024-07-24T08:18:48.323513" level="INFO">${name_country} = US</msg>
<var>${name_country}</var>
<arg>${json_data["results"][0]["nat"]}</arg>
<doc>Returns the given values which can then be assigned to a variables.</doc>
<status status="PASS" start="2024-07-24T08:18:48.323125" elapsed="0.000414"/>
</kw>
<kw name="Create List" owner="BuiltIn">
<msg time="2024-07-24T08:18:48.324430" level="INFO">${list_country} = ['AD', 'AE', 'AF', 'AG', 'AI', 'AL', 'AM', 'AO', 'AQ', 'AR', 'AS', 'AT', 'AU', 'AW', 'AX', 'AZ', 'BA', 'BB', 'BD', 'BE', 'BF', 'BG', 'BH', 'BI', 'BJ', 'BL', 'BM', 'BN', 'BO', 'BQ', 'BR', 'BS', 'BT', '...</msg>
<var>${list_country}</var>
<arg>AD</arg>
<arg>AE</arg>
<arg>AF</arg>
<arg>AG</arg>
<arg>AI</arg>
<arg>AL</arg>
<arg>AM</arg>
<arg>AO</arg>
<arg>AQ</arg>
<arg>AR</arg>
<arg>AS</arg>
<arg>AT</arg>
<arg>AU</arg>
<arg>AW</arg>
<arg>AX</arg>
<arg>AZ</arg>
<arg>BA</arg>
<arg>BB</arg>
<arg>BD</arg>
<arg>BE</arg>
<arg>BF</arg>
<arg>BG</arg>
<arg>BH</arg>
<arg>BI</arg>
<arg>BJ</arg>
<arg>BL</arg>
<arg>BM</arg>
<arg>BN</arg>
<arg>BO</arg>
<arg>BQ</arg>
<arg>BR</arg>
<arg>BS</arg>
<arg>BT</arg>
<arg>BV</arg>
<arg>BW</arg>
<arg>BY</arg>
<arg>BZ</arg>
<arg>CA</arg>
<arg>CC</arg>
<arg>CD</arg>
<arg>CF</arg>
<arg>CG</arg>
<arg>CH</arg>
<arg>CI</arg>
<arg>CK</arg>
<arg>CL</arg>
<arg>CM</arg>
<arg>CN</arg>
<arg>CO</arg>
<arg>CR</arg>
<arg>CU</arg>
<arg>CV</arg>
<arg>CW</arg>
<arg>CX</arg>
<arg>CY</arg>
<arg>CZ</arg>
<arg>DE</arg>
<arg>DJ</arg>
<arg>DK</arg>
<arg>DM</arg>
<arg>DO</arg>
<arg>DZ</arg>
<arg>EC</arg>
<arg>EE</arg>
<arg>EG</arg>
<arg>EH</arg>
<arg>ER</arg>
<arg>ES</arg>
<arg>ET</arg>
<arg>FI</arg>
<arg>FJ</arg>
<arg>FK</arg>
<arg>FM</arg>
<arg>FO</arg>
<arg>FR</arg>
<arg>GA</arg>
<arg>GB</arg>
<arg>GD</arg>
<arg>GE</arg>
<arg>GF</arg>
<arg>GG</arg>
<arg>GH</arg>
<arg>GI</arg>
<arg>GL</arg>
<arg>GM</arg>
<arg>GN</arg>
<arg>GP</arg>
<arg>GQ</arg>
<arg>GR</arg>
<arg>GS</arg>
<arg>GT</arg>
<arg>GU</arg>
<arg>GW</arg>
<arg>GY</arg>
<arg>HK</arg>
<arg>HM</arg>
<arg>HN</arg>
<arg>HR</arg>
<arg>HT</arg>
<arg>HU</arg>
<arg>ID</arg>
<arg>IE</arg>
<arg>IL</arg>
<arg>IM</arg>
<arg>IN</arg>
<arg>IO</arg>
<arg>IQ</arg>
<arg>IR</arg>
<arg>IS</arg>
<arg>IT</arg>
<arg>JE</arg>
<arg>JM</arg>
<arg>JO</arg>
<arg>JP</arg>
<arg>KE</arg>
<arg>KG</arg>
<arg>KH</arg>
<arg>KI</arg>
<arg>KM</arg>
<arg>KN</arg>
<arg>KP</arg>
<arg>KR</arg>
<arg>KW</arg>
<arg>KY</arg>
<arg>KZ</arg>
<arg>LA</arg>
<arg>LB</arg>
<arg>LC</arg>
<arg>LI</arg>
<arg>LK</arg>
<arg>LR</arg>
<arg>LS</arg>
<arg>LT</arg>
<arg>LU</arg>
<arg>LV</arg>
<arg>LY</arg>
<arg>MA</arg>
<arg>MC</arg>
<arg>MD</arg>
<arg>ME</arg>
<arg>MF</arg>
<arg>MG</arg>
<arg>MH</arg>
<arg>MK</arg>
<arg>ML</arg>
<arg>MM</arg>
<arg>MN</arg>
<arg>MO</arg>
<arg>MP</arg>
<arg>MQ</arg>
<arg>MR</arg>
<arg>MS</arg>
<arg>MT</arg>
<arg>MU</arg>
<arg>MV</arg>
<arg>MW</arg>
<arg>MX</arg>
<arg>MY</arg>
<arg>MZ</arg>
<arg>NA</arg>
<arg>NC</arg>
<arg>NE</arg>
<arg>NF</arg>
<arg>NG</arg>
<arg>NI</arg>
<arg>NL</arg>
<arg>NO</arg>
<arg>NP</arg>
<arg>NR</arg>
<arg>NU</arg>
<arg>NZ</arg>
<arg>OM</arg>
<arg>PA</arg>
<arg>PE</arg>
<arg>PF</arg>
<arg>PG</arg>
<arg>PH</arg>
<arg>PK</arg>
<arg>PL</arg>
<arg>PM</arg>
<arg>PN</arg>
<arg>PR</arg>
<arg>PS</arg>
<arg>PT</arg>
<arg>PW</arg>
<arg>PY</arg>
<arg>QA</arg>
<arg>RE</arg>
<arg>RO</arg>
<arg>RS</arg>
<arg>RU</arg>
<arg>RW</arg>
<arg>SA</arg>
<arg>SB</arg>
<arg>SC</arg>
<arg>SD</arg>
<arg>SE</arg>
<arg>SG</arg>
<arg>SH</arg>
<arg>SI</arg>
<arg>SJ</arg>
<arg>SK</arg>
<arg>SL</arg>
<arg>SM</arg>
<arg>SN</arg>
<arg>SO</arg>
<arg>SR</arg>
<arg>SS</arg>
<arg>ST</arg>
<arg>SV</arg>
<arg>SX</arg>
<arg>SY</arg>
<arg>SZ</arg>
<arg>TC</arg>
<arg>TD</arg>
<arg>TF</arg>
<arg>TG</arg>
<arg>TH</arg>
<arg>TJ</arg>
<arg>TK</arg>
<arg>TL</arg>
<arg>TM</arg>
<arg>TN</arg>
<arg>TO</arg>
<arg>TR</arg>
<arg>TT</arg>
<arg>TV</arg>
<arg>TW</arg>
<arg>TZ</arg>
<arg>UA</arg>
<arg>UG</arg>
<arg>UM</arg>
<arg>US</arg>
<arg>UY</arg>
<arg>UZ</arg>
<arg>VA</arg>
<arg>VC</arg>
<arg>VE</arg>
<arg>VG</arg>
<arg>VI</arg>
<arg>VN</arg>
<arg>VU</arg>
<arg>WF</arg>
<arg>WS</arg>
<arg>XK</arg>
<arg>YE</arg>
<arg>YT</arg>
<arg>ZA</arg>
<arg>ZM</arg>
<arg>ZW</arg>
<doc>Returns a list containing given items.</doc>
<status status="PASS" start="2024-07-24T08:18:48.323835" elapsed="0.000624"/>
</kw>
<kw name="List Should Contain Value" owner="Collections">
<arg>${list_country}</arg>
<arg>${name_country}</arg>
<doc>Fails if the ``value`` is not found from ``list``.</doc>
<status status="PASS" start="2024-07-24T08:18:48.325438" elapsed="0.000215"/>
</kw>
<kw name="Run Keyword If" owner="BuiltIn">
<kw name="Should Be True" owner="BuiltIn">
<arg>${True}</arg>
<doc>Fails if the given condition is not true.</doc>
<status status="PASS" start="2024-07-24T08:18:48.326695" elapsed="0.000148"/>
</kw>
<arg>${json_data["results"][0]["location"]["coordinates"]["latitude"]} &gt;= -90 and ${json_data["results"][0]["location"]["coordinates"]["latitude"]} &lt;= 90</arg>
<arg>Should Be True</arg>
<arg>${True}</arg>
<doc>Runs the given keyword with the given arguments, if ``condition`` is true.</doc>
<status status="PASS" start="2024-07-24T08:18:48.325877" elapsed="0.001095"/>
</kw>
<kw name="Run Keyword If" owner="BuiltIn">
<kw name="Should Be True" owner="BuiltIn">
<arg>${True}</arg>
<doc>Fails if the given condition is not true.</doc>
<status status="PASS" start="2024-07-24T08:18:48.327876" elapsed="0.000140"/>
</kw>
<arg>${json_data["results"][0]["location"]["coordinates"]["longitude"]} &gt;= -180 and ${json_data["results"][0]["location"]["coordinates"]["longitude"]} &lt;= 180</arg>
<arg>Should Be True</arg>
<arg>${True}</arg>
<doc>Runs the given keyword with the given arguments, if ``condition`` is true.</doc>
<status status="PASS" start="2024-07-24T08:18:48.327158" elapsed="0.000986"/>
</kw>
<status status="PASS" start="2024-07-24T08:18:48.227219" elapsed="0.101059"/>
</kw>
<doc>Testa o conteúdo específico dos campos retornados pela API.</doc>
<tag>testeConteudo</tag>
<status status="PASS" start="2024-07-24T08:18:48.226783" elapsed="0.101649"/>
</test>
<status status="PASS" start="2024-07-24T08:18:47.540044" elapsed="0.790386"/>
</suite>
<status status="PASS" start="2024-07-24T08:18:47.525652" elapsed="0.809783"/>
</suite>
<statistics>
<total>
<stat pass="5" fail="0" skip="0">All Tests</stat>
</total>
<tag>
<stat pass="1" fail="0" skip="0">testeConteudo</stat>
<stat pass="1" fail="0" skip="0">testeEstruturaResposta</stat>
<stat pass="1" fail="0" skip="0">testeRequisicaoBasica</stat>
<stat pass="1" fail="0" skip="0">testeTiposDados</stat>
</tag>
<suite>
<stat pass="5" fail="0" skip="0" id="s1" name="Tests">Tests</stat>
<stat pass="5" fail="0" skip="0" id="s1-s1" name="Random-User-Test">Tests.Random-User-Test</stat>
</suite>
</statistics>
<errors>
</errors>
</robot>
