<?xml version="1.0" encoding="UTF-8"?>
<robot generator="Robot 7.0.1 (Python 3.12.4 on linux)" generated="2024-06-24T17:13:24.932191" rpa="false" schemaversion="5">
<suite id="s1" name="Tests" source="/home/runner/work/ApiRandomUser/ApiRandomUser/RamdonUser/tests">
<suite id="s1-s1" name="Random-User-Test" source="/home/runner/work/ApiRandomUser/ApiRandomUser/RamdonUser/tests/random-user-test.robot">
<test id="s1-s1-t1" name="Conectar" line="13">
<kw name="Conectar API" owner="random-user-service">
<kw name="Create Session" owner="RequestsLibrary">
<msg time="2024-06-24T17:13:25.369503" level="INFO">Creating Session using : alias=consultarAPI, url=https://randomuser.me/, headers={},                     cookies={}, auth=None, timeout=None, proxies=None, verify=False,                     debug=0 </msg>
<arg>consultarAPI</arg>
<arg>${URL}</arg>
<doc>Create Session: create a HTTP session to a server</doc>
<status status="PASS" start="2024-06-24T17:13:25.369295" elapsed="0.000390"/>
</kw>
<status status="PASS" start="2024-06-24T17:13:25.368296" elapsed="0.001792"/>
</kw>
<status status="PASS" start="2024-06-24T17:13:25.367634" elapsed="0.002660"/>
</test>
<test id="s1-s1-t2" name="Validar retorno 200 e JSON Válido" line="16">
<kw name="Teste de Requisicao Basica" owner="random-user-service">
<kw name="GET On Session" owner="RequestsLibrary">
<msg time="2024-06-24T17:13:25.584059" level="INFO">GET Request : url=https://randomuser.me/api 
 path_url=/api 
 headers={'User-Agent': 'python-requests/2.32.3', 'Accept-Encoding': 'gzip, deflate', 'Accept': '*/*', 'Connection': 'keep-alive'} 
 body=None 
 </msg>
<msg time="2024-06-24T17:13:25.584211" level="INFO">GET Response : url=https://randomuser.me/api 
 status=200, reason=OK 
 headers={'Date': 'Mon, 24 Jun 2024 17:13:25 GMT', 'Content-Type': 'application/json; charset=utf-8', 'Transfer-Encoding': 'chunked', 'Connection': 'keep-alive', 'X-Powered-By': 'Express', 'Access-Control-Allow-Origin': '*', 'Cache-Control': 'no-cache', 'ETag': 'W/"48f-PLWmnvqutw5YYf6eGGsiGWe+krE"', 'Vary': 'Accept-Encoding', 'Content-Encoding': 'gzip', 'CF-Cache-Status': 'DYNAMIC', 'Report-To': '{"endpoints":[{"url":"https:\\/\\/a.nel.cloudflare.com\\/report\\/v4?s=%2BxkmMGiaZbn8fcZlWM3t26iyojDlzKxBYqp4jz%2Bh%2B0LH83TaycBY%2B6DElXL2RKFRCeXkLxwp88T7A7Lyue2QzRj4Rk2C3PAQBI0yak1TN2dq6%2FqXgXuWDrYcIxrz%2F7Gx"}],"group":"cf-nel","max_age":604800}', 'NEL': '{"success_fraction":0,"report_to":"cf-nel","max_age":604800}', 'Server': 'cloudflare', 'CF-RAY': '898e592e88fe392e-IAD', 'alt-svc': 'h3=":443"; ma=86400'} 
 body={"results":[{"gender":"female","name":{"title":"Ms","first":"Eugenia","last":"Ferrer"},"location":{"street":{"number":7268,"name":"Avenida de Castilla"},"city":"La Palma","state":"La Rioja","country":"Spain","postcode":99877,"coordinates":{"latitude":"-31.8657","longitude":"4.2211"},"timezone":{"offset":"+2:00","description":"Kaliningrad, South Africa"}},"email":"eugenia.ferrer@example.com","login":{"uuid":"54c8b16c-f346-4424-928f-9d667c20dd74","username":"yellowmeercat839","password":"macmac","salt":"orxslsKj","md5":"c495719cbf1632c6b3c3ef385541ca11","sha1":"e270208b94afee217d62ee8d18612e9aa2de4a2a","sha256":"faae7c22b0d54e5f7ab3b72bc6a159e9b1145b33a8bf873767bfbccd54f2f23b"},"dob":{"date":"1968-07-09T07:20:18.251Z","age":55},"registered":{"date":"2010-06-25T03:53:01.306Z","age":13},"phone":"971-088-428","cell":"674-741-289","id":{"name":"DNI","value":"75625069-U"},"picture":{"large":"https://randomuser.me/api/portraits/women/42.jpg","medium":"https://randomuser.me/api/portraits/med/women/42.jpg","thumbnail":"https://randomuser.me/api/portraits/thumb/women/42.jpg"},"nat":"ES"}],"info":{"seed":"2a649c1b26bd047b","results":1,"page":1,"version":"1.4"}} 
 </msg>
<msg time="2024-06-24T17:13:25.584294" level="INFO">/opt/hostedtoolcache/Python/3.12.4/x64/lib/python3.12/site-packages/urllib3/connectionpool.py:1099: InsecureRequestWarning: Unverified HTTPS request is being made to host 'randomuser.me'. Adding certificate verification is strongly advised. See: https://urllib3.readthedocs.io/en/latest/advanced-usage.html#tls-warnings
  warnings.warn(</msg>
<msg time="2024-06-24T17:13:25.584543" level="INFO">${response} = &lt;Response [200]&gt;</msg>
<var>${response}</var>
<arg>consultarAPI</arg>
<arg>/api</arg>
<doc>Sends a GET request on a previously created HTTP Session.</doc>
<status status="PASS" start="2024-06-24T17:13:25.372988" elapsed="0.211590"/>
</kw>
<kw name="Should Be Equal As Numbers" owner="BuiltIn">
<msg time="2024-06-24T17:13:25.585567" level="INFO">Argument types are:
&lt;class 'int'&gt;
&lt;class 'str'&gt;</msg>
<arg>${response.status_code}</arg>
<arg>200</arg>
<doc>Fails if objects are unequal after converting them to real numbers.</doc>
<status status="PASS" start="2024-06-24T17:13:25.585112" elapsed="0.000523"/>
</kw>
<kw name="Log" owner="BuiltIn">
<msg time="2024-06-24T17:13:25.586339" level="INFO">200</msg>
<arg>${response.status_code}</arg>
<doc>Logs the given message with the given level.</doc>
<status status="PASS" start="2024-06-24T17:13:25.585987" elapsed="0.000394"/>
</kw>
<kw name="Set Variable" owner="BuiltIn">
<msg time="2024-06-24T17:13:25.587116" level="INFO">${json_data} = {'results': [{'gender': 'female', 'name': {'title': 'Ms', 'first': 'Eugenia', 'last': 'Ferrer'}, 'location': {'street': {'number': 7268, 'name': 'Avenida de Castilla'}, 'city': 'La Palma', 'state': 'L...</msg>
<var>${json_data}</var>
<arg>${response.json()}</arg>
<doc>Returns the given values which can then be assigned to a variables.</doc>
<status status="PASS" start="2024-06-24T17:13:25.586683" elapsed="0.000462"/>
</kw>
<kw name="Dictionary Should Contain Key" owner="Collections">
<arg>${json_data}</arg>
<arg>results</arg>
<doc>Fails if ``key`` is not found from ``dictionary``.</doc>
<status status="PASS" start="2024-06-24T17:13:25.587441" elapsed="0.000168"/>
</kw>
<status status="PASS" start="2024-06-24T17:13:25.372736" elapsed="0.215021"/>
</kw>
<doc>Testa se a API responde corretamente e retorna um objeto JSON válido.</doc>
<tag>testeRequisicaoBasica</tag>
<status status="PASS" start="2024-06-24T17:13:25.372176" elapsed="0.215753"/>
</test>
<test id="s1-s1-t3" name="Validar estrutura de resposta" line="22">
<kw name="Teste de Estrutura de Resposta" owner="random-user-service">
<kw name="GET On Session" owner="RequestsLibrary">
<msg time="2024-06-24T17:13:25.667876" level="INFO">GET Request : url=https://randomuser.me/api 
 path_url=/api 
 headers={'User-Agent': 'python-requests/2.32.3', 'Accept-Encoding': 'gzip, deflate', 'Accept': '*/*', 'Connection': 'keep-alive'} 
 body=None 
 </msg>
<msg time="2024-06-24T17:13:25.667998" level="INFO">GET Response : url=https://randomuser.me/api 
 status=200, reason=OK 
 headers={'Date': 'Mon, 24 Jun 2024 17:13:25 GMT', 'Content-Type': 'application/json; charset=utf-8', 'Transfer-Encoding': 'chunked', 'Connection': 'keep-alive', 'X-Powered-By': 'Express', 'Access-Control-Allow-Origin': '*', 'Cache-Control': 'no-cache', 'ETag': 'W/"468-mR9A+aQ8pfrehVAKax20FlcbPXU"', 'Vary': 'Accept-Encoding', 'Content-Encoding': 'gzip', 'CF-Cache-Status': 'DYNAMIC', 'Report-To': '{"endpoints":[{"url":"https:\\/\\/a.nel.cloudflare.com\\/report\\/v4?s=xqNX%2BTaztqH5q4bdXor%2Fh2pPEnTpo8Z67RwLs67XLy46OrwlRl4h7vf9VIr5Bn3QinJUqoUTt%2F1ZKO2yxKE0Uu%2Fyvvm7aZON9d8nIPzbShbIItucTo9uQWhwhluv2C9c"}],"group":"cf-nel","max_age":604800}', 'NEL': '{"success_fraction":0,"report_to":"cf-nel","max_age":604800}', 'Server': 'cloudflare', 'CF-RAY': '898e592ef9b4392e-IAD', 'alt-svc': 'h3=":443"; ma=86400'} 
 body={"results":[{"gender":"male","name":{"title":"Mr","first":"Ved","last":"Salian"},"location":{"street":{"number":6342,"name":"Kasba Peth"},"city":"Dehri","state":"Telangana","country":"India","postcode":88015,"coordinates":{"latitude":"8.0983","longitude":"-20.3862"},"timezone":{"offset":"+5:45","description":"Kathmandu"}},"email":"ved.salian@example.com","login":{"uuid":"fcca63ed-90f3-40d2-bf9c-2167842edb51","username":"organicrabbit266","password":"whatwhat","salt":"Ja0mb1jR","md5":"3bb58ddd592143f678c6bb7d0bd59ec8","sha1":"7e5f8d8e4c213e5df0de806de8ea3b339a2fe8d1","sha256":"11917a429e8ff25b7f2a1840168dec33e9a2740f345d948dc9184e85c4ae2a79"},"dob":{"date":"1949-02-22T02:50:31.023Z","age":75},"registered":{"date":"2010-10-28T05:33:21.100Z","age":13},"phone":"8219873074","cell":"7720743183","id":{"name":"UIDAI","value":"642582370267"},"picture":{"large":"https://randomuser.me/api/portraits/men/47.jpg","medium":"https://randomuser.me/api/portraits/med/men/47.jpg","thumbnail":"https://randomuser.me/api/portraits/thumb/men/47.jpg"},"nat":"IN"}],"info":{"seed":"758289a1c6e5005a","results":1,"page":1,"version":"1.4"}} 
 </msg>
<msg time="2024-06-24T17:13:25.668151" level="INFO">/opt/hostedtoolcache/Python/3.12.4/x64/lib/python3.12/site-packages/urllib3/connectionpool.py:1099: InsecureRequestWarning: Unverified HTTPS request is being made to host 'randomuser.me'. Adding certificate verification is strongly advised. See: https://urllib3.readthedocs.io/en/latest/advanced-usage.html#tls-warnings
  warnings.warn(</msg>
<msg time="2024-06-24T17:13:25.668292" level="INFO">${response} = &lt;Response [200]&gt;</msg>
<var>${response}</var>
<arg>consultarAPI</arg>
<arg>/api</arg>
<doc>Sends a GET request on a previously created HTTP Session.</doc>
<status status="PASS" start="2024-06-24T17:13:25.590493" elapsed="0.077843"/>
</kw>
<kw name="Set Variable" owner="BuiltIn">
<msg time="2024-06-24T17:13:25.669447" level="INFO">${json_data} = {'results': [{'gender': 'male', 'name': {'title': 'Mr', 'first': 'Ved', 'last': 'Salian'}, 'location': {'street': {'number': 6342, 'name': 'Kasba Peth'}, 'city': 'Dehri', 'state': 'Telangana', 'countr...</msg>
<var>${json_data}</var>
<arg>${response.json()}</arg>
<doc>Returns the given values which can then be assigned to a variables.</doc>
<status status="PASS" start="2024-06-24T17:13:25.668889" elapsed="0.000589"/>
</kw>
<kw name="Log" owner="BuiltIn">
<msg time="2024-06-24T17:13:25.670086" level="INFO">{'results': [{'gender': 'male', 'name': {'title': 'Mr', 'first': 'Ved', 'last': 'Salian'}, 'location': {'street': {'number': 6342, 'name': 'Kasba Peth'}, 'city': 'Dehri', 'state': 'Telangana', 'country': 'India', 'postcode': 88015, 'coordinates': {'latitude': '8.0983', 'longitude': '-20.3862'}, 'timezone': {'offset': '+5:45', 'description': 'Kathmandu'}}, 'email': 'ved.salian@example.com', 'login': {'uuid': 'fcca63ed-90f3-40d2-bf9c-2167842edb51', 'username': 'organicrabbit266', 'password': 'whatwhat', 'salt': 'Ja0mb1jR', 'md5': '3bb58ddd592143f678c6bb7d0bd59ec8', 'sha1': '7e5f8d8e4c213e5df0de806de8ea3b339a2fe8d1', 'sha256': '11917a429e8ff25b7f2a1840168dec33e9a2740f345d948dc9184e85c4ae2a79'}, 'dob': {'date': '1949-02-22T02:50:31.023Z', 'age': 75}, 'registered': {'date': '2010-10-28T05:33:21.100Z', 'age': 13}, 'phone': '8219873074', 'cell': '7720743183', 'id': {'name': 'UIDAI', 'value': '642582370267'}, 'picture': {'large': 'https://randomuser.me/api/portraits/men/47.jpg', 'medium': 'https://randomuser.me/api/portraits/med/men/47.jpg', 'thumbnail': 'https://randomuser.me/api/portraits/thumb/men/47.jpg'}, 'nat': 'IN'}], 'info': {'seed': '758289a1c6e5005a', 'results': 1, 'page': 1, 'version': '1.4'}}</msg>
<arg>${json_data}</arg>
<doc>Logs the given message with the given level.</doc>
<status status="PASS" start="2024-06-24T17:13:25.669857" elapsed="0.000285"/>
</kw>
<kw name="Dictionary Should Contain Key" owner="Collections">
<arg>${json_data}</arg>
<arg>results</arg>
<doc>Fails if ``key`` is not found from ``dictionary``.</doc>
<status status="PASS" start="2024-06-24T17:13:25.670485" elapsed="0.000175"/>
</kw>
<kw name="Should Not Be Empty" owner="BuiltIn">
<msg time="2024-06-24T17:13:25.670987" level="INFO">Length is 2.</msg>
<arg>${json_data}</arg>
<doc>Verifies that the given item is not empty.</doc>
<status status="PASS" start="2024-06-24T17:13:25.670854" elapsed="0.000174"/>
</kw>
<kw name="Create List" owner="BuiltIn">
<msg time="2024-06-24T17:13:25.671665" level="INFO">${expected_keys} = ['gender', 'name', 'location', 'email', 'login']</msg>
<var>${expected_keys}</var>
<arg>gender</arg>
<arg>name</arg>
<arg>location</arg>
<arg>email</arg>
<arg>login</arg>
<doc>Returns a list containing given items.</doc>
<status status="PASS" start="2024-06-24T17:13:25.671337" elapsed="0.000353"/>
</kw>
<for flavor="IN">
<iter>
<kw name="Dictionary Should Contain Key" owner="Collections">
<arg>${json_data['results'][0]}</arg>
<arg>${key}</arg>
<doc>Fails if ``key`` is not found from ``dictionary``.</doc>
<status status="PASS" start="2024-06-24T17:13:25.672330" elapsed="0.000465"/>
</kw>
<kw name="Log" owner="BuiltIn">
<msg time="2024-06-24T17:13:25.673403" level="INFO">{'gender': 'male', 'name': {'title': 'Mr', 'first': 'Ved', 'last': 'Salian'}, 'location': {'street': {'number': 6342, 'name': 'Kasba Peth'}, 'city': 'Dehri', 'state': 'Telangana', 'country': 'India', 'postcode': 88015, 'coordinates': {'latitude': '8.0983', 'longitude': '-20.3862'}, 'timezone': {'offset': '+5:45', 'description': 'Kathmandu'}}, 'email': 'ved.salian@example.com', 'login': {'uuid': 'fcca63ed-90f3-40d2-bf9c-2167842edb51', 'username': 'organicrabbit266', 'password': 'whatwhat', 'salt': 'Ja0mb1jR', 'md5': '3bb58ddd592143f678c6bb7d0bd59ec8', 'sha1': '7e5f8d8e4c213e5df0de806de8ea3b339a2fe8d1', 'sha256': '11917a429e8ff25b7f2a1840168dec33e9a2740f345d948dc9184e85c4ae2a79'}, 'dob': {'date': '1949-02-22T02:50:31.023Z', 'age': 75}, 'registered': {'date': '2010-10-28T05:33:21.100Z', 'age': 13}, 'phone': '8219873074', 'cell': '7720743183', 'id': {'name': 'UIDAI', 'value': '642582370267'}, 'picture': {'large': 'https://randomuser.me/api/portraits/men/47.jpg', 'medium': 'https://randomuser.me/api/portraits/med/men/47.jpg', 'thumbnail': 'https://randomuser.me/api/portraits/thumb/men/47.jpg'}, 'nat': 'IN'}</msg>
<arg>${json_data['results'][0]}</arg>
<doc>Logs the given message with the given level.</doc>
<status status="PASS" start="2024-06-24T17:13:25.672992" elapsed="0.000470"/>
</kw>
<kw name="Log" owner="BuiltIn">
<msg time="2024-06-24T17:13:25.673902" level="INFO">gender</msg>
<arg>${key}</arg>
<doc>Logs the given message with the given level.</doc>
<status status="PASS" start="2024-06-24T17:13:25.673771" elapsed="0.000198"/>
</kw>
<var name="${key}">gender</var>
<status status="PASS" start="2024-06-24T17:13:25.672198" elapsed="0.001999"/>
</iter>
<iter>
<kw name="Dictionary Should Contain Key" owner="Collections">
<arg>${json_data['results'][0]}</arg>
<arg>${key}</arg>
<doc>Fails if ``key`` is not found from ``dictionary``.</doc>
<status status="PASS" start="2024-06-24T17:13:25.674508" elapsed="0.000445"/>
</kw>
<kw name="Log" owner="BuiltIn">
<msg time="2024-06-24T17:13:25.675503" level="INFO">{'gender': 'male', 'name': {'title': 'Mr', 'first': 'Ved', 'last': 'Salian'}, 'location': {'street': {'number': 6342, 'name': 'Kasba Peth'}, 'city': 'Dehri', 'state': 'Telangana', 'country': 'India', 'postcode': 88015, 'coordinates': {'latitude': '8.0983', 'longitude': '-20.3862'}, 'timezone': {'offset': '+5:45', 'description': 'Kathmandu'}}, 'email': 'ved.salian@example.com', 'login': {'uuid': 'fcca63ed-90f3-40d2-bf9c-2167842edb51', 'username': 'organicrabbit266', 'password': 'whatwhat', 'salt': 'Ja0mb1jR', 'md5': '3bb58ddd592143f678c6bb7d0bd59ec8', 'sha1': '7e5f8d8e4c213e5df0de806de8ea3b339a2fe8d1', 'sha256': '11917a429e8ff25b7f2a1840168dec33e9a2740f345d948dc9184e85c4ae2a79'}, 'dob': {'date': '1949-02-22T02:50:31.023Z', 'age': 75}, 'registered': {'date': '2010-10-28T05:33:21.100Z', 'age': 13}, 'phone': '8219873074', 'cell': '7720743183', 'id': {'name': 'UIDAI', 'value': '642582370267'}, 'picture': {'large': 'https://randomuser.me/api/portraits/men/47.jpg', 'medium': 'https://randomuser.me/api/portraits/med/men/47.jpg', 'thumbnail': 'https://randomuser.me/api/portraits/thumb/men/47.jpg'}, 'nat': 'IN'}</msg>
<arg>${json_data['results'][0]}</arg>
<doc>Logs the given message with the given level.</doc>
<status status="PASS" start="2024-06-24T17:13:25.675143" elapsed="0.000441"/>
</kw>
<kw name="Log" owner="BuiltIn">
<msg time="2024-06-24T17:13:25.676017" level="INFO">name</msg>
<arg>${key}</arg>
<doc>Logs the given message with the given level.</doc>
<status status="PASS" start="2024-06-24T17:13:25.675889" elapsed="0.000173"/>
</kw>
<var name="${key}">name</var>
<status status="PASS" start="2024-06-24T17:13:25.674392" elapsed="0.001892"/>
</iter>
<iter>
<kw name="Dictionary Should Contain Key" owner="Collections">
<arg>${json_data['results'][0]}</arg>
<arg>${key}</arg>
<doc>Fails if ``key`` is not found from ``dictionary``.</doc>
<status status="PASS" start="2024-06-24T17:13:25.676575" elapsed="0.000391"/>
</kw>
<kw name="Log" owner="BuiltIn">
<msg time="2024-06-24T17:13:25.677504" level="INFO">{'gender': 'male', 'name': {'title': 'Mr', 'first': 'Ved', 'last': 'Salian'}, 'location': {'street': {'number': 6342, 'name': 'Kasba Peth'}, 'city': 'Dehri', 'state': 'Telangana', 'country': 'India', 'postcode': 88015, 'coordinates': {'latitude': '8.0983', 'longitude': '-20.3862'}, 'timezone': {'offset': '+5:45', 'description': 'Kathmandu'}}, 'email': 'ved.salian@example.com', 'login': {'uuid': 'fcca63ed-90f3-40d2-bf9c-2167842edb51', 'username': 'organicrabbit266', 'password': 'whatwhat', 'salt': 'Ja0mb1jR', 'md5': '3bb58ddd592143f678c6bb7d0bd59ec8', 'sha1': '7e5f8d8e4c213e5df0de806de8ea3b339a2fe8d1', 'sha256': '11917a429e8ff25b7f2a1840168dec33e9a2740f345d948dc9184e85c4ae2a79'}, 'dob': {'date': '1949-02-22T02:50:31.023Z', 'age': 75}, 'registered': {'date': '2010-10-28T05:33:21.100Z', 'age': 13}, 'phone': '8219873074', 'cell': '7720743183', 'id': {'name': 'UIDAI', 'value': '642582370267'}, 'picture': {'large': 'https://randomuser.me/api/portraits/men/47.jpg', 'medium': 'https://randomuser.me/api/portraits/med/men/47.jpg', 'thumbnail': 'https://randomuser.me/api/portraits/thumb/men/47.jpg'}, 'nat': 'IN'}</msg>
<arg>${json_data['results'][0]}</arg>
<doc>Logs the given message with the given level.</doc>
<status status="PASS" start="2024-06-24T17:13:25.677148" elapsed="0.000404"/>
</kw>
<kw name="Log" owner="BuiltIn">
<msg time="2024-06-24T17:13:25.678007" level="INFO">location</msg>
<arg>${key}</arg>
<doc>Logs the given message with the given level.</doc>
<status status="PASS" start="2024-06-24T17:13:25.677843" elapsed="0.000205"/>
</kw>
<var name="${key}">location</var>
<status status="PASS" start="2024-06-24T17:13:25.676466" elapsed="0.001807"/>
</iter>
<iter>
<kw name="Dictionary Should Contain Key" owner="Collections">
<arg>${json_data['results'][0]}</arg>
<arg>${key}</arg>
<doc>Fails if ``key`` is not found from ``dictionary``.</doc>
<status status="PASS" start="2024-06-24T17:13:25.678559" elapsed="0.000380"/>
</kw>
<kw name="Log" owner="BuiltIn">
<msg time="2024-06-24T17:13:25.679483" level="INFO">{'gender': 'male', 'name': {'title': 'Mr', 'first': 'Ved', 'last': 'Salian'}, 'location': {'street': {'number': 6342, 'name': 'Kasba Peth'}, 'city': 'Dehri', 'state': 'Telangana', 'country': 'India', 'postcode': 88015, 'coordinates': {'latitude': '8.0983', 'longitude': '-20.3862'}, 'timezone': {'offset': '+5:45', 'description': 'Kathmandu'}}, 'email': 'ved.salian@example.com', 'login': {'uuid': 'fcca63ed-90f3-40d2-bf9c-2167842edb51', 'username': 'organicrabbit266', 'password': 'whatwhat', 'salt': 'Ja0mb1jR', 'md5': '3bb58ddd592143f678c6bb7d0bd59ec8', 'sha1': '7e5f8d8e4c213e5df0de806de8ea3b339a2fe8d1', 'sha256': '11917a429e8ff25b7f2a1840168dec33e9a2740f345d948dc9184e85c4ae2a79'}, 'dob': {'date': '1949-02-22T02:50:31.023Z', 'age': 75}, 'registered': {'date': '2010-10-28T05:33:21.100Z', 'age': 13}, 'phone': '8219873074', 'cell': '7720743183', 'id': {'name': 'UIDAI', 'value': '642582370267'}, 'picture': {'large': 'https://randomuser.me/api/portraits/men/47.jpg', 'medium': 'https://randomuser.me/api/portraits/med/men/47.jpg', 'thumbnail': 'https://randomuser.me/api/portraits/thumb/men/47.jpg'}, 'nat': 'IN'}</msg>
<arg>${json_data['results'][0]}</arg>
<doc>Logs the given message with the given level.</doc>
<status status="PASS" start="2024-06-24T17:13:25.679126" elapsed="0.000409"/>
</kw>
<kw name="Log" owner="BuiltIn">
<msg time="2024-06-24T17:13:25.679966" level="INFO">email</msg>
<arg>${key}</arg>
<doc>Logs the given message with the given level.</doc>
<status status="PASS" start="2024-06-24T17:13:25.679839" elapsed="0.000164"/>
</kw>
<var name="${key}">email</var>
<status status="PASS" start="2024-06-24T17:13:25.678451" elapsed="0.001793"/>
</iter>
<iter>
<kw name="Dictionary Should Contain Key" owner="Collections">
<arg>${json_data['results'][0]}</arg>
<arg>${key}</arg>
<doc>Fails if ``key`` is not found from ``dictionary``.</doc>
<status status="PASS" start="2024-06-24T17:13:25.680522" elapsed="0.000386"/>
</kw>
<kw name="Log" owner="BuiltIn">
<msg time="2024-06-24T17:13:25.681437" level="INFO">{'gender': 'male', 'name': {'title': 'Mr', 'first': 'Ved', 'last': 'Salian'}, 'location': {'street': {'number': 6342, 'name': 'Kasba Peth'}, 'city': 'Dehri', 'state': 'Telangana', 'country': 'India', 'postcode': 88015, 'coordinates': {'latitude': '8.0983', 'longitude': '-20.3862'}, 'timezone': {'offset': '+5:45', 'description': 'Kathmandu'}}, 'email': 'ved.salian@example.com', 'login': {'uuid': 'fcca63ed-90f3-40d2-bf9c-2167842edb51', 'username': 'organicrabbit266', 'password': 'whatwhat', 'salt': 'Ja0mb1jR', 'md5': '3bb58ddd592143f678c6bb7d0bd59ec8', 'sha1': '7e5f8d8e4c213e5df0de806de8ea3b339a2fe8d1', 'sha256': '11917a429e8ff25b7f2a1840168dec33e9a2740f345d948dc9184e85c4ae2a79'}, 'dob': {'date': '1949-02-22T02:50:31.023Z', 'age': 75}, 'registered': {'date': '2010-10-28T05:33:21.100Z', 'age': 13}, 'phone': '8219873074', 'cell': '7720743183', 'id': {'name': 'UIDAI', 'value': '642582370267'}, 'picture': {'large': 'https://randomuser.me/api/portraits/men/47.jpg', 'medium': 'https://randomuser.me/api/portraits/med/men/47.jpg', 'thumbnail': 'https://randomuser.me/api/portraits/thumb/men/47.jpg'}, 'nat': 'IN'}</msg>
<arg>${json_data['results'][0]}</arg>
<doc>Logs the given message with the given level.</doc>
<status status="PASS" start="2024-06-24T17:13:25.681090" elapsed="0.000396"/>
</kw>
<kw name="Log" owner="BuiltIn">
<msg time="2024-06-24T17:13:25.681908" level="INFO">login</msg>
<arg>${key}</arg>
<doc>Logs the given message with the given level.</doc>
<status status="PASS" start="2024-06-24T17:13:25.681782" elapsed="0.000184"/>
</kw>
<var name="${key}">login</var>
<status status="PASS" start="2024-06-24T17:13:25.680416" elapsed="0.001769"/>
</iter>
<var>${key}</var>
<value>@{expected_keys}</value>
<status status="PASS" start="2024-06-24T17:13:25.671968" elapsed="0.010337"/>
</for>
<kw name="Create List" owner="BuiltIn">
<msg time="2024-06-24T17:13:25.682634" level="INFO">${expected_keysTwo} = ['username', 'password']</msg>
<var>${expected_keysTwo}</var>
<arg>username</arg>
<arg>password</arg>
<doc>Returns a list containing given items.</doc>
<status status="PASS" start="2024-06-24T17:13:25.682500" elapsed="0.000158"/>
</kw>
<for flavor="IN">
<iter>
<kw name="Dictionary Should Contain Key" owner="Collections">
<arg>${json_data['results'][0]['login']}</arg>
<arg>${keyTwo}</arg>
<doc>Fails if ``key`` is not found from ``dictionary``.</doc>
<status status="PASS" start="2024-06-24T17:13:25.683189" elapsed="0.000385"/>
</kw>
<kw name="Dictionary Should Contain Key" owner="Collections">
<arg>${json_data['results'][0]['login']}</arg>
<arg>${keyTwo}</arg>
<doc>Fails if ``key`` is not found from ``dictionary``.</doc>
<status status="PASS" start="2024-06-24T17:13:25.683758" elapsed="0.000369"/>
</kw>
<kw name="Log" owner="BuiltIn">
<msg time="2024-06-24T17:13:25.684421" level="INFO">username</msg>
<arg>${keyTwo}</arg>
<doc>Logs the given message with the given level.</doc>
<status status="PASS" start="2024-06-24T17:13:25.684303" elapsed="0.000154"/>
</kw>
<var name="${keyTwo}">username</var>
<status status="PASS" start="2024-06-24T17:13:25.683083" elapsed="0.001595"/>
</iter>
<iter>
<kw name="Dictionary Should Contain Key" owner="Collections">
<arg>${json_data['results'][0]['login']}</arg>
<arg>${keyTwo}</arg>
<doc>Fails if ``key`` is not found from ``dictionary``.</doc>
<status status="PASS" start="2024-06-24T17:13:25.684950" elapsed="0.000385"/>
</kw>
<kw name="Dictionary Should Contain Key" owner="Collections">
<arg>${json_data['results'][0]['login']}</arg>
<arg>${keyTwo}</arg>
<doc>Fails if ``key`` is not found from ``dictionary``.</doc>
<status status="PASS" start="2024-06-24T17:13:25.685515" elapsed="0.000377"/>
</kw>
<kw name="Log" owner="BuiltIn">
<msg time="2024-06-24T17:13:25.686244" level="INFO">password</msg>
<arg>${keyTwo}</arg>
<doc>Logs the given message with the given level.</doc>
<status status="PASS" start="2024-06-24T17:13:25.686120" elapsed="0.000161"/>
</kw>
<var name="${keyTwo}">password</var>
<status status="PASS" start="2024-06-24T17:13:25.684847" elapsed="0.001746"/>
</iter>
<var>${keyTwo}</var>
<value>@{expected_keysTwo}</value>
<status status="PASS" start="2024-06-24T17:13:25.682920" elapsed="0.003794"/>
</for>
<status status="PASS" start="2024-06-24T17:13:25.590258" elapsed="0.096601"/>
</kw>
<doc>Testa a estrutura da resposta da API.</doc>
<tag>testeEstruturaResposta</tag>
<status status="PASS" start="2024-06-24T17:13:25.589736" elapsed="0.097281"/>
</test>
<test id="s1-s1-t4" name="Validar tipos de dados" line="28">
<kw name="Teste de Tipos de Dados" owner="random-user-service">
<kw name="GET On Session" owner="RequestsLibrary">
<msg time="2024-06-24T17:13:25.781250" level="INFO">GET Request : url=https://randomuser.me/api 
 path_url=/api 
 headers={'User-Agent': 'python-requests/2.32.3', 'Accept-Encoding': 'gzip, deflate', 'Accept': '*/*', 'Connection': 'keep-alive'} 
 body=None 
 </msg>
<msg time="2024-06-24T17:13:25.781347" level="INFO">GET Response : url=https://randomuser.me/api 
 status=200, reason=OK 
 headers={'Date': 'Mon, 24 Jun 2024 17:13:25 GMT', 'Content-Type': 'application/json; charset=utf-8', 'Transfer-Encoding': 'chunked', 'Connection': 'keep-alive', 'X-Powered-By': 'Express', 'Access-Control-Allow-Origin': '*', 'Cache-Control': 'no-cache', 'ETag': 'W/"495-uC8y9F8usAuwyOzTBPeQvtgTO7k"', 'Vary': 'Accept-Encoding', 'Content-Encoding': 'gzip', 'CF-Cache-Status': 'DYNAMIC', 'Report-To': '{"endpoints":[{"url":"https:\\/\\/a.nel.cloudflare.com\\/report\\/v4?s=ZZ65%2BzUVDZKdMFitmKDpZwnDr0hoQD%2BLbH4B0g5HNqvyLRP7NIpMs8iZ2H9PW4E7zxwRQYtfqz8IeZqc3KrAz%2BIUmz%2FeRUgrKrL5Eu1GHBQpmc79xUAqgzcN3WKkc4co"}],"group":"cf-nel","max_age":604800}', 'NEL': '{"success_fraction":0,"report_to":"cf-nel","max_age":604800}', 'Server': 'cloudflare', 'CF-RAY': '898e592f9aa1392e-IAD', 'alt-svc': 'h3=":443"; ma=86400'} 
 body={"results":[{"gender":"male","name":{"title":"Monsieur","first":"Karl","last":"Giraud"},"location":{"street":{"number":8708,"name":"Rue Abel"},"city":"Hermenches","state":"Zürich","country":"Switzerland","postcode":3020,"coordinates":{"latitude":"-60.1182","longitude":"-113.9194"},"timezone":{"offset":"+4:00","description":"Abu Dhabi, Muscat, Baku, Tbilisi"}},"email":"karl.giraud@example.com","login":{"uuid":"869d56fa-3a8f-4925-8df6-73fc3829a2c3","username":"whitegorilla528","password":"stryker","salt":"lOI8Ljwr","md5":"654296ee57038372d6bbf0397c272fe0","sha1":"3a48018e0473e3da49b998a0ded3b20216a73c61","sha256":"cb18c9a2aba521de676cc85a78b18fd833b687b5d4c8ece29d8b59a76ef7b697"},"dob":{"date":"1957-04-25T23:32:37.896Z","age":67},"registered":{"date":"2021-12-12T20:31:05.543Z","age":2},"phone":"077 166 18 25","cell":"078 097 63 97","id":{"name":"AVS","value":"756.9226.9963.98"},"picture":{"large":"https://randomuser.me/api/portraits/men/80.jpg","medium":"https://randomuser.me/api/portraits/med/men/80.jpg","thumbnail":"https://randomuser.me/api/portraits/thumb/men/80.jpg"},"nat":"CH"}],"info":{"seed":"39a5855c6bd94482","results":1,"page":1,"version":"1.4"}} 
 </msg>
<msg time="2024-06-24T17:13:25.781417" level="INFO">/opt/hostedtoolcache/Python/3.12.4/x64/lib/python3.12/site-packages/urllib3/connectionpool.py:1099: InsecureRequestWarning: Unverified HTTPS request is being made to host 'randomuser.me'. Adding certificate verification is strongly advised. See: https://urllib3.readthedocs.io/en/latest/advanced-usage.html#tls-warnings
  warnings.warn(</msg>
<msg time="2024-06-24T17:13:25.781539" level="INFO">${response} = &lt;Response [200]&gt;</msg>
<var>${response}</var>
<arg>consultarAPI</arg>
<arg>/api</arg>
<doc>Sends a GET request on a previously created HTTP Session.</doc>
<status status="PASS" start="2024-06-24T17:13:25.689483" elapsed="0.092096"/>
</kw>
<kw name="Set Variable" owner="BuiltIn">
<msg time="2024-06-24T17:13:25.782823" level="INFO">${json_data} = {'results': [{'gender': 'male', 'name': {'title': 'Monsieur', 'first': 'Karl', 'last': 'Giraud'}, 'location': {'street': {'number': 8708, 'name': 'Rue Abel'}, 'city': 'Hermenches', 'state': 'Zürich', ...</msg>
<var>${json_data}</var>
<arg>${response.json()}</arg>
<doc>Returns the given values which can then be assigned to a variables.</doc>
<status status="PASS" start="2024-06-24T17:13:25.782260" elapsed="0.000594"/>
</kw>
<kw name="Log" owner="BuiltIn">
<msg time="2024-06-24T17:13:25.783370" level="INFO">{'results': [{'gender': 'male', 'name': {'title': 'Monsieur', 'first': 'Karl', 'last': 'Giraud'}, 'location': {'street': {'number': 8708, 'name': 'Rue Abel'}, 'city': 'Hermenches', 'state': 'Zürich', 'country': 'Switzerland', 'postcode': 3020, 'coordinates': {'latitude': '-60.1182', 'longitude': '-113.9194'}, 'timezone': {'offset': '+4:00', 'description': 'Abu Dhabi, Muscat, Baku, Tbilisi'}}, 'email': 'karl.giraud@example.com', 'login': {'uuid': '869d56fa-3a8f-4925-8df6-73fc3829a2c3', 'username': 'whitegorilla528', 'password': 'stryker', 'salt': 'lOI8Ljwr', 'md5': '654296ee57038372d6bbf0397c272fe0', 'sha1': '3a48018e0473e3da49b998a0ded3b20216a73c61', 'sha256': 'cb18c9a2aba521de676cc85a78b18fd833b687b5d4c8ece29d8b59a76ef7b697'}, 'dob': {'date': '1957-04-25T23:32:37.896Z', 'age': 67}, 'registered': {'date': '2021-12-12T20:31:05.543Z', 'age': 2}, 'phone': '077 166 18 25', 'cell': '078 097 63 97', 'id': {'name': 'AVS', 'value': '756.9226.9963.98'}, 'picture': {'large': 'https://randomuser.me/api/portraits/men/80.jpg', 'medium': 'https://randomuser.me/api/portraits/med/men/80.jpg', 'thumbnail': 'https://randomuser.me/api/portraits/thumb/men/80.jpg'}, 'nat': 'CH'}], 'info': {'seed': '39a5855c6bd94482', 'results': 1, 'page': 1, 'version': '1.4'}}</msg>
<arg>${json_data}</arg>
<doc>Logs the given message with the given level.</doc>
<status status="PASS" start="2024-06-24T17:13:25.783204" elapsed="0.000217"/>
</kw>
<kw name="Should Be String" owner="String">
<arg>${json_data['results'][0]['gender']}</arg>
<doc>Fails if the given ``item`` is not a string.</doc>
<status status="PASS" start="2024-06-24T17:13:25.783725" elapsed="0.000380"/>
</kw>
<kw name="Should Match Regexp" owner="BuiltIn">
<arg>${json_data['results'][0]['email']}</arg>
<arg>^[a-zA-Z0-9._%+-]+@[a-zA-Z0-9.-]+\.[a-zA-Z]{2,}$</arg>
<doc>Fails if ``string`` does not match ``pattern`` as a regular expression.</doc>
<status status="PASS" start="2024-06-24T17:13:25.784295" elapsed="0.000556"/>
</kw>
<kw name="Should Match Regexp" owner="BuiltIn">
<arg>${json_data['results'][0]['dob']['date']}</arg>
<arg>\\d{4}-\\d{2}-\\d{2}T\\d{2}:\\d{2}:\\d{2}\\.\\d{3}Z</arg>
<doc>Fails if ``string`` does not match ``pattern`` as a regular expression.</doc>
<status status="PASS" start="2024-06-24T17:13:25.785083" elapsed="0.000501"/>
</kw>
<kw name="Should Match Regexp" owner="BuiltIn">
<arg>${json_data['results'][0]['registered']['date']}</arg>
<arg>\\d{4}-\\d{2}-\\d{2}T\\d{2}:\\d{2}:\\d{2}\\.\\d{3}Z</arg>
<doc>Fails if ``string`` does not match ``pattern`` as a regular expression.</doc>
<status status="PASS" start="2024-06-24T17:13:25.785776" elapsed="0.000419"/>
</kw>
<kw name="Should Match Regexp" owner="BuiltIn">
<arg>${json_data['results'][0]['picture']['large']}</arg>
<arg>^https?://.*\.(?:png|jpe?g|gif|bmp)$</arg>
<doc>Fails if ``string`` does not match ``pattern`` as a regular expression.</doc>
<status status="PASS" start="2024-06-24T17:13:25.786385" elapsed="0.000467"/>
</kw>
<kw name="Should Match Regexp" owner="BuiltIn">
<arg>${json_data['results'][0]['picture']['medium']}</arg>
<arg>^https?://.*\.(?:png|jpe?g|gif|bmp)$</arg>
<doc>Fails if ``string`` does not match ``pattern`` as a regular expression.</doc>
<status status="PASS" start="2024-06-24T17:13:25.787038" elapsed="0.000359"/>
</kw>
<kw name="Should Match Regexp" owner="BuiltIn">
<arg>${json_data['results'][0]['picture']['thumbnail']}</arg>
<arg>^https?://.*\.(?:png|jpe?g|gif|bmp)$</arg>
<doc>Fails if ``string`` does not match ``pattern`` as a regular expression.</doc>
<status status="PASS" start="2024-06-24T17:13:25.787580" elapsed="0.000350"/>
</kw>
<kw name="Log" owner="BuiltIn">
<msg time="2024-06-24T17:13:25.788434" level="INFO">{'large': 'https://randomuser.me/api/portraits/men/80.jpg', 'medium': 'https://randomuser.me/api/portraits/med/men/80.jpg', 'thumbnail': 'https://randomuser.me/api/portraits/thumb/men/80.jpg'}</msg>
<arg>${json_data['results'][0]['picture']}</arg>
<doc>Logs the given message with the given level.</doc>
<status status="PASS" start="2024-06-24T17:13:25.788109" elapsed="0.000367"/>
</kw>
<status status="PASS" start="2024-06-24T17:13:25.689254" elapsed="0.099487"/>
</kw>
<kw name="Teste de Tipos de Dados - Postcode" owner="random-user-service">
<kw name="GET On Session" owner="RequestsLibrary">
<msg time="2024-06-24T17:13:25.891193" level="INFO">GET Request : url=https://randomuser.me/api 
 path_url=/api 
 headers={'User-Agent': 'python-requests/2.32.3', 'Accept-Encoding': 'gzip, deflate', 'Accept': '*/*', 'Connection': 'keep-alive'} 
 body=None 
 </msg>
<msg time="2024-06-24T17:13:25.891287" level="INFO">GET Response : url=https://randomuser.me/api 
 status=200, reason=OK 
 headers={'Date': 'Mon, 24 Jun 2024 17:13:25 GMT', 'Content-Type': 'application/json; charset=utf-8', 'Transfer-Encoding': 'chunked', 'Connection': 'keep-alive', 'X-Powered-By': 'Express', 'Access-Control-Allow-Origin': '*', 'Cache-Control': 'no-cache', 'ETag': 'W/"470-kFIdwX49Nlp3MVhj0GDPnwhkb6o"', 'Vary': 'Accept-Encoding', 'Content-Encoding': 'gzip', 'CF-Cache-Status': 'DYNAMIC', 'Report-To': '{"endpoints":[{"url":"https:\\/\\/a.nel.cloudflare.com\\/report\\/v4?s=UjjS1EFL57su882s5KsJGx6REkY%2FxsoaTbzxRn9WGl5G9ZFUFqEiOzlVQEPlEShJCvpl76%2F5GtOLBcHi140zhTpNg0LVUzwLAJik2FBGJ%2Fy%2FwmnFgngKpu8WGs6DEgZu"}],"group":"cf-nel","max_age":604800}', 'NEL': '{"success_fraction":0,"report_to":"cf-nel","max_age":604800}', 'Server': 'cloudflare', 'CF-RAY': '898e59303ba3392e-IAD', 'alt-svc': 'h3=":443"; ma=86400'} 
 body={"results":[{"gender":"male","name":{"title":"Mr","first":"Fletcher","last":"Jackson"},"location":{"street":{"number":2162,"name":"Queen Street"},"city":"Timaru","state":"West Coast","country":"New Zealand","postcode":82021,"coordinates":{"latitude":"53.1066","longitude":"-177.4708"},"timezone":{"offset":"-10:00","description":"Hawaii"}},"email":"fletcher.jackson@example.com","login":{"uuid":"5413bcfc-ad89-44e1-bc4b-bff034b267b8","username":"crazypeacock774","password":"sergio","salt":"OYGJp4gS","md5":"221b9f80a878a6560095e5c7e5c9b3ff","sha1":"f11a7a269b82568b96f5b52ba7741d62c437929c","sha256":"5f627c7ec17d7943e3b68cd6dda33f6ff60ea161b23453a616c6c8ff60d094c6"},"dob":{"date":"2000-09-30T03:36:54.595Z","age":23},"registered":{"date":"2022-01-22T11:05:53.150Z","age":2},"phone":"(237)-134-6535","cell":"(232)-026-6385","id":{"name":"","value":null},"picture":{"large":"https://randomuser.me/api/portraits/men/0.jpg","medium":"https://randomuser.me/api/portraits/med/men/0.jpg","thumbnail":"https://randomuser.me/api/portraits/thumb/men/0.jpg"},"nat":"NZ"}],"info":{"seed":"6cfc81e94bf8af62","results":1,"page":1,"version":"1.4"}} 
 </msg>
<msg time="2024-06-24T17:13:25.891363" level="INFO">/opt/hostedtoolcache/Python/3.12.4/x64/lib/python3.12/site-packages/urllib3/connectionpool.py:1099: InsecureRequestWarning: Unverified HTTPS request is being made to host 'randomuser.me'. Adding certificate verification is strongly advised. See: https://urllib3.readthedocs.io/en/latest/advanced-usage.html#tls-warnings
  warnings.warn(</msg>
<msg time="2024-06-24T17:13:25.891492" level="INFO">${response} = &lt;Response [200]&gt;</msg>
<var>${response}</var>
<arg>consultarAPI</arg>
<arg>/api</arg>
<doc>Sends a GET request on a previously created HTTP Session.</doc>
<status status="PASS" start="2024-06-24T17:13:25.789200" elapsed="0.102332"/>
</kw>
<kw name="Set Variable" owner="BuiltIn">
<msg time="2024-06-24T17:13:25.892651" level="INFO">${json_data} = {'results': [{'gender': 'male', 'name': {'title': 'Mr', 'first': 'Fletcher', 'last': 'Jackson'}, 'location': {'street': {'number': 2162, 'name': 'Queen Street'}, 'city': 'Timaru', 'state': 'West Coast...</msg>
<var>${json_data}</var>
<arg>${response.json()}</arg>
<doc>Returns the given values which can then be assigned to a variables.</doc>
<status status="PASS" start="2024-06-24T17:13:25.892085" elapsed="0.000595"/>
</kw>
<kw name="Log" owner="BuiltIn">
<msg time="2024-06-24T17:13:25.893133" level="INFO">{'results': [{'gender': 'male', 'name': {'title': 'Mr', 'first': 'Fletcher', 'last': 'Jackson'}, 'location': {'street': {'number': 2162, 'name': 'Queen Street'}, 'city': 'Timaru', 'state': 'West Coast', 'country': 'New Zealand', 'postcode': 82021, 'coordinates': {'latitude': '53.1066', 'longitude': '-177.4708'}, 'timezone': {'offset': '-10:00', 'description': 'Hawaii'}}, 'email': 'fletcher.jackson@example.com', 'login': {'uuid': '5413bcfc-ad89-44e1-bc4b-bff034b267b8', 'username': 'crazypeacock774', 'password': 'sergio', 'salt': 'OYGJp4gS', 'md5': '221b9f80a878a6560095e5c7e5c9b3ff', 'sha1': 'f11a7a269b82568b96f5b52ba7741d62c437929c', 'sha256': '5f627c7ec17d7943e3b68cd6dda33f6ff60ea161b23453a616c6c8ff60d094c6'}, 'dob': {'date': '2000-09-30T03:36:54.595Z', 'age': 23}, 'registered': {'date': '2022-01-22T11:05:53.150Z', 'age': 2}, 'phone': '(237)-134-6535', 'cell': '(232)-026-6385', 'id': {'name': '', 'value': None}, 'picture': {'large': 'https://randomuser.me/api/portraits/men/0.jpg', 'medium': 'https://randomuser.me/api/portraits/med/men/0.jpg', 'thumbnail': 'https://randomuser.me/api/portraits/thumb/men/0.jpg'}, 'nat': 'NZ'}], 'info': {'seed': '6cfc81e94bf8af62', 'results': 1, 'page': 1, 'version': '1.4'}}</msg>
<arg>${json_data}</arg>
<doc>Logs the given message with the given level.</doc>
<status status="PASS" start="2024-06-24T17:13:25.892981" elapsed="0.000200"/>
</kw>
<kw name="Should Be Equal As Numbers" owner="BuiltIn">
<arg>${json_data['results'][0]['location']['postcode']}</arg>
<arg>${json_data['results'][0]['location']['postcode']}</arg>
<doc>Fails if objects are unequal after converting them to real numbers.</doc>
<status status="PASS" start="2024-06-24T17:13:25.893474" elapsed="0.000671"/>
</kw>
<kw name="Log" owner="BuiltIn">
<msg time="2024-06-24T17:13:25.894836" level="INFO">82021</msg>
<arg>${json_data['results'][0]['location']['postcode']}</arg>
<doc>Logs the given message with the given level.</doc>
<status status="PASS" start="2024-06-24T17:13:25.894333" elapsed="0.000545"/>
</kw>
<status status="PASS" start="2024-06-24T17:13:25.788971" elapsed="0.106165"/>
</kw>
<doc>Testa se os tipos de dados na resposta da API estão corretos.</doc>
<tag>testeTiposDados</tag>
<status status="PASS" start="2024-06-24T17:13:25.688787" elapsed="0.206551"/>
</test>
<test id="s1-s1-t5" name="Validar conteudo" line="35">
<kw name="Teste de Tipos de Conteudo" owner="random-user-service">
<kw name="GET On Session" owner="RequestsLibrary">
<msg time="2024-06-24T17:13:26.009145" level="INFO">GET Request : url=https://randomuser.me/api 
 path_url=/api 
 headers={'User-Agent': 'python-requests/2.32.3', 'Accept-Encoding': 'gzip, deflate', 'Accept': '*/*', 'Connection': 'keep-alive'} 
 body=None 
 </msg>
<msg time="2024-06-24T17:13:26.009254" level="INFO">GET Response : url=https://randomuser.me/api 
 status=200, reason=OK 
 headers={'Date': 'Mon, 24 Jun 2024 17:13:26 GMT', 'Content-Type': 'application/json; charset=utf-8', 'Transfer-Encoding': 'chunked', 'Connection': 'keep-alive', 'X-Powered-By': 'Express', 'Access-Control-Allow-Origin': '*', 'Cache-Control': 'no-cache', 'ETag': 'W/"490-eZY+VdUe8gvbxKm+f5AVk3rIzr0"', 'Vary': 'Accept-Encoding', 'Content-Encoding': 'gzip', 'CF-Cache-Status': 'DYNAMIC', 'Report-To': '{"endpoints":[{"url":"https:\\/\\/a.nel.cloudflare.com\\/report\\/v4?s=Lics9xHHaZwqnzPC7gjubGPFi1UILX0OqxDbdxH4AXq2b%2Fqs0rghhGIARBLXoTiL25FIbV5x6HyoGsjJdJXJJc5y4duKUd0ROe7KmEUckkKhgPrOO2mfChNp0pUdSvHf"}],"group":"cf-nel","max_age":604800}', 'NEL': '{"success_fraction":0,"report_to":"cf-nel","max_age":604800}', 'Server': 'cloudflare', 'CF-RAY': '898e5930eccc392e-IAD', 'alt-svc': 'h3=":443"; ma=86400'} 
 body={"results":[{"gender":"female","name":{"title":"Miss","first":"Sophie","last":"Gagné"},"location":{"street":{"number":7344,"name":"Brock Rd"},"city":"Minto","state":"Manitoba","country":"Canada","postcode":"I3I 7K7","coordinates":{"latitude":"-71.5766","longitude":"78.8458"},"timezone":{"offset":"+5:30","description":"Bombay, Calcutta, Madras, New Delhi"}},"email":"sophie.gagne@example.com","login":{"uuid":"f53bb393-87a3-4eee-a8fb-372ec6b33c4e","username":"sadelephant501","password":"xxxxxxxx","salt":"DNn4664H","md5":"387a380ed29b4bcf9b01afceace02690","sha1":"1a2d50891f4b25c2095476d4b83199ba0fb65489","sha256":"e85ad138027343b707c215d298eae7f1151bb511d900d3be0bf5ed53a9ba11f4"},"dob":{"date":"1953-08-21T16:42:19.611Z","age":70},"registered":{"date":"2020-02-24T06:30:52.417Z","age":4},"phone":"L72 G73-8295","cell":"Z36 Z28-4557","id":{"name":"SIN","value":"941426207"},"picture":{"large":"https://randomuser.me/api/portraits/women/75.jpg","medium":"https://randomuser.me/api/portraits/med/women/75.jpg","thumbnail":"https://randomuser.me/api/portraits/thumb/women/75.jpg"},"nat":"CA"}],"info":{"seed":"ea6f8276bcaf6cbd","results":1,"page":1,"version":"1.4"}} 
 </msg>
<msg time="2024-06-24T17:13:26.009338" level="INFO">/opt/hostedtoolcache/Python/3.12.4/x64/lib/python3.12/site-packages/urllib3/connectionpool.py:1099: InsecureRequestWarning: Unverified HTTPS request is being made to host 'randomuser.me'. Adding certificate verification is strongly advised. See: https://urllib3.readthedocs.io/en/latest/advanced-usage.html#tls-warnings
  warnings.warn(</msg>
<msg time="2024-06-24T17:13:26.009480" level="INFO">${response} = &lt;Response [200]&gt;</msg>
<var>${response}</var>
<arg>consultarAPI</arg>
<arg>/api</arg>
<doc>Sends a GET request on a previously created HTTP Session.</doc>
<status status="PASS" start="2024-06-24T17:13:25.897878" elapsed="0.111650"/>
</kw>
<kw name="Set Variable" owner="BuiltIn">
<msg time="2024-06-24T17:13:26.010778" level="INFO">${json_data} = {'results': [{'gender': 'female', 'name': {'title': 'Miss', 'first': 'Sophie', 'last': 'Gagné'}, 'location': {'street': {'number': 7344, 'name': 'Brock Rd'}, 'city': 'Minto', 'state': 'Manitoba', 'cou...</msg>
<var>${json_data}</var>
<arg>${response.json()}</arg>
<doc>Returns the given values which can then be assigned to a variables.</doc>
<status status="PASS" start="2024-06-24T17:13:26.010217" elapsed="0.000591"/>
</kw>
<kw name="Set Variable" owner="BuiltIn">
<msg time="2024-06-24T17:13:26.011506" level="INFO">${name_title} = Miss</msg>
<var>${name_title}</var>
<arg>${json_data["results"][0]["name"]["title"]}</arg>
<doc>Returns the given values which can then be assigned to a variables.</doc>
<status status="PASS" start="2024-06-24T17:13:26.011117" elapsed="0.000414"/>
</kw>
<kw name="Create List" owner="BuiltIn">
<msg time="2024-06-24T17:13:26.011970" level="INFO">${allowed_titles} = ['Mr', 'Ms', 'Miss', 'Mrs', 'Madame', 'Monsieur']</msg>
<var>${allowed_titles}</var>
<arg>Mr</arg>
<arg>Ms</arg>
<arg>Miss</arg>
<arg>Mrs</arg>
<arg>Madame</arg>
<arg>Monsieur</arg>
<doc>Returns a list containing given items.</doc>
<status status="PASS" start="2024-06-24T17:13:26.011824" elapsed="0.000170"/>
</kw>
<kw name="List Should Contain Value" owner="Collections">
<arg>${allowed_titles}</arg>
<arg>${name_title}</arg>
<doc>Fails if the ``value`` is not found from ``list``.</doc>
<status status="PASS" start="2024-06-24T17:13:26.012290" elapsed="0.000178"/>
</kw>
<kw name="Set Variable" owner="BuiltIn">
<msg time="2024-06-24T17:13:26.013024" level="INFO">${name_country} = CA</msg>
<var>${name_country}</var>
<arg>${json_data["results"][0]["nat"]}</arg>
<doc>Returns the given values which can then be assigned to a variables.</doc>
<status status="PASS" start="2024-06-24T17:13:26.012644" elapsed="0.000404"/>
</kw>
<kw name="Create List" owner="BuiltIn">
<msg time="2024-06-24T17:13:26.013971" level="INFO">${list_country} = ['AD', 'AE', 'AF', 'AG', 'AI', 'AL', 'AM', 'AO', 'AQ', 'AR', 'AS', 'AT', 'AU', 'AW', 'AX', 'AZ', 'BA', 'BB', 'BD', 'BE', 'BF', 'BG', 'BH', 'BI', 'BJ', 'BL', 'BM', 'BN', 'BO', 'BQ', 'BR', 'BS', 'BT', '...</msg>
<var>${list_country}</var>
<arg>AD</arg>
<arg>AE</arg>
<arg>AF</arg>
<arg>AG</arg>
<arg>AI</arg>
<arg>AL</arg>
<arg>AM</arg>
<arg>AO</arg>
<arg>AQ</arg>
<arg>AR</arg>
<arg>AS</arg>
<arg>AT</arg>
<arg>AU</arg>
<arg>AW</arg>
<arg>AX</arg>
<arg>AZ</arg>
<arg>BA</arg>
<arg>BB</arg>
<arg>BD</arg>
<arg>BE</arg>
<arg>BF</arg>
<arg>BG</arg>
<arg>BH</arg>
<arg>BI</arg>
<arg>BJ</arg>
<arg>BL</arg>
<arg>BM</arg>
<arg>BN</arg>
<arg>BO</arg>
<arg>BQ</arg>
<arg>BR</arg>
<arg>BS</arg>
<arg>BT</arg>
<arg>BV</arg>
<arg>BW</arg>
<arg>BY</arg>
<arg>BZ</arg>
<arg>CA</arg>
<arg>CC</arg>
<arg>CD</arg>
<arg>CF</arg>
<arg>CG</arg>
<arg>CH</arg>
<arg>CI</arg>
<arg>CK</arg>
<arg>CL</arg>
<arg>CM</arg>
<arg>CN</arg>
<arg>CO</arg>
<arg>CR</arg>
<arg>CU</arg>
<arg>CV</arg>
<arg>CW</arg>
<arg>CX</arg>
<arg>CY</arg>
<arg>CZ</arg>
<arg>DE</arg>
<arg>DJ</arg>
<arg>DK</arg>
<arg>DM</arg>
<arg>DO</arg>
<arg>DZ</arg>
<arg>EC</arg>
<arg>EE</arg>
<arg>EG</arg>
<arg>EH</arg>
<arg>ER</arg>
<arg>ES</arg>
<arg>ET</arg>
<arg>FI</arg>
<arg>FJ</arg>
<arg>FK</arg>
<arg>FM</arg>
<arg>FO</arg>
<arg>FR</arg>
<arg>GA</arg>
<arg>GB</arg>
<arg>GD</arg>
<arg>GE</arg>
<arg>GF</arg>
<arg>GG</arg>
<arg>GH</arg>
<arg>GI</arg>
<arg>GL</arg>
<arg>GM</arg>
<arg>GN</arg>
<arg>GP</arg>
<arg>GQ</arg>
<arg>GR</arg>
<arg>GS</arg>
<arg>GT</arg>
<arg>GU</arg>
<arg>GW</arg>
<arg>GY</arg>
<arg>HK</arg>
<arg>HM</arg>
<arg>HN</arg>
<arg>HR</arg>
<arg>HT</arg>
<arg>HU</arg>
<arg>ID</arg>
<arg>IE</arg>
<arg>IL</arg>
<arg>IM</arg>
<arg>IN</arg>
<arg>IO</arg>
<arg>IQ</arg>
<arg>IR</arg>
<arg>IS</arg>
<arg>IT</arg>
<arg>JE</arg>
<arg>JM</arg>
<arg>JO</arg>
<arg>JP</arg>
<arg>KE</arg>
<arg>KG</arg>
<arg>KH</arg>
<arg>KI</arg>
<arg>KM</arg>
<arg>KN</arg>
<arg>KP</arg>
<arg>KR</arg>
<arg>KW</arg>
<arg>KY</arg>
<arg>KZ</arg>
<arg>LA</arg>
<arg>LB</arg>
<arg>LC</arg>
<arg>LI</arg>
<arg>LK</arg>
<arg>LR</arg>
<arg>LS</arg>
<arg>LT</arg>
<arg>LU</arg>
<arg>LV</arg>
<arg>LY</arg>
<arg>MA</arg>
<arg>MC</arg>
<arg>MD</arg>
<arg>ME</arg>
<arg>MF</arg>
<arg>MG</arg>
<arg>MH</arg>
<arg>MK</arg>
<arg>ML</arg>
<arg>MM</arg>
<arg>MN</arg>
<arg>MO</arg>
<arg>MP</arg>
<arg>MQ</arg>
<arg>MR</arg>
<arg>MS</arg>
<arg>MT</arg>
<arg>MU</arg>
<arg>MV</arg>
<arg>MW</arg>
<arg>MX</arg>
<arg>MY</arg>
<arg>MZ</arg>
<arg>NA</arg>
<arg>NC</arg>
<arg>NE</arg>
<arg>NF</arg>
<arg>NG</arg>
<arg>NI</arg>
<arg>NL</arg>
<arg>NO</arg>
<arg>NP</arg>
<arg>NR</arg>
<arg>NU</arg>
<arg>NZ</arg>
<arg>OM</arg>
<arg>PA</arg>
<arg>PE</arg>
<arg>PF</arg>
<arg>PG</arg>
<arg>PH</arg>
<arg>PK</arg>
<arg>PL</arg>
<arg>PM</arg>
<arg>PN</arg>
<arg>PR</arg>
<arg>PS</arg>
<arg>PT</arg>
<arg>PW</arg>
<arg>PY</arg>
<arg>QA</arg>
<arg>RE</arg>
<arg>RO</arg>
<arg>RS</arg>
<arg>RU</arg>
<arg>RW</arg>
<arg>SA</arg>
<arg>SB</arg>
<arg>SC</arg>
<arg>SD</arg>
<arg>SE</arg>
<arg>SG</arg>
<arg>SH</arg>
<arg>SI</arg>
<arg>SJ</arg>
<arg>SK</arg>
<arg>SL</arg>
<arg>SM</arg>
<arg>SN</arg>
<arg>SO</arg>
<arg>SR</arg>
<arg>SS</arg>
<arg>ST</arg>
<arg>SV</arg>
<arg>SX</arg>
<arg>SY</arg>
<arg>SZ</arg>
<arg>TC</arg>
<arg>TD</arg>
<arg>TF</arg>
<arg>TG</arg>
<arg>TH</arg>
<arg>TJ</arg>
<arg>TK</arg>
<arg>TL</arg>
<arg>TM</arg>
<arg>TN</arg>
<arg>TO</arg>
<arg>TR</arg>
<arg>TT</arg>
<arg>TV</arg>
<arg>TW</arg>
<arg>TZ</arg>
<arg>UA</arg>
<arg>UG</arg>
<arg>UM</arg>
<arg>US</arg>
<arg>UY</arg>
<arg>UZ</arg>
<arg>VA</arg>
<arg>VC</arg>
<arg>VE</arg>
<arg>VG</arg>
<arg>VI</arg>
<arg>VN</arg>
<arg>VU</arg>
<arg>WF</arg>
<arg>WS</arg>
<arg>XK</arg>
<arg>YE</arg>
<arg>YT</arg>
<arg>ZA</arg>
<arg>ZM</arg>
<arg>ZW</arg>
<doc>Returns a list containing given items.</doc>
<status status="PASS" start="2024-06-24T17:13:26.013334" elapsed="0.000672"/>
</kw>
<kw name="List Should Contain Value" owner="Collections">
<arg>${list_country}</arg>
<arg>${name_country}</arg>
<doc>Fails if the ``value`` is not found from ``list``.</doc>
<status status="PASS" start="2024-06-24T17:13:26.014810" elapsed="0.000201"/>
</kw>
<kw name="Run Keyword If" owner="BuiltIn">
<kw name="Should Be True" owner="BuiltIn">
<arg>${True}</arg>
<doc>Fails if the given condition is not true.</doc>
<status status="PASS" start="2024-06-24T17:13:26.015948" elapsed="0.000139"/>
</kw>
<arg>${json_data["results"][0]["location"]["coordinates"]["latitude"]} &gt;= -90 and ${json_data["results"][0]["location"]["coordinates"]["latitude"]} &lt;= 90</arg>
<arg>Should Be True</arg>
<arg>${True}</arg>
<doc>Runs the given keyword with the given arguments, if ``condition`` is true.</doc>
<status status="PASS" start="2024-06-24T17:13:26.015212" elapsed="0.000998"/>
</kw>
<kw name="Run Keyword If" owner="BuiltIn">
<kw name="Should Be True" owner="BuiltIn">
<arg>${True}</arg>
<doc>Fails if the given condition is not true.</doc>
<status status="PASS" start="2024-06-24T17:13:26.017075" elapsed="0.000239"/>
</kw>
<arg>${json_data["results"][0]["location"]["coordinates"]["longitude"]} &gt;= -180 and ${json_data["results"][0]["location"]["coordinates"]["longitude"]} &lt;= 180</arg>
<arg>Should Be True</arg>
<arg>${True}</arg>
<doc>Runs the given keyword with the given arguments, if ``condition`` is true.</doc>
<status status="PASS" start="2024-06-24T17:13:26.016390" elapsed="0.001049"/>
</kw>
<status status="PASS" start="2024-06-24T17:13:25.897654" elapsed="0.119920"/>
</kw>
<doc>Testa o conteúdo específico dos campos retornados pela API.</doc>
<tag>testeConteudo</tag>
<status status="PASS" start="2024-06-24T17:13:25.897107" elapsed="0.120616"/>
</test>
<status status="PASS" start="2024-06-24T17:13:24.990817" elapsed="1.028898"/>
</suite>
<status status="PASS" start="2024-06-24T17:13:24.976483" elapsed="1.048361"/>
</suite>
<statistics>
<total>
<stat pass="5" fail="0" skip="0">All Tests</stat>
</total>
<tag>
<stat pass="1" fail="0" skip="0">testeConteudo</stat>
<stat pass="1" fail="0" skip="0">testeEstruturaResposta</stat>
<stat pass="1" fail="0" skip="0">testeRequisicaoBasica</stat>
<stat pass="1" fail="0" skip="0">testeTiposDados</stat>
</tag>
<suite>
<stat pass="5" fail="0" skip="0" id="s1" name="Tests">Tests</stat>
<stat pass="5" fail="0" skip="0" id="s1-s1" name="Random-User-Test">Tests.Random-User-Test</stat>
</suite>
</statistics>
<errors>
</errors>
</robot>
