<?xml version="1.0" encoding="UTF-8"?>
<robot generator="Robot 7.0 (Python 3.12.2 on linux)" generated="2024-04-04T18:17:40.338853" rpa="false" schemaversion="5">
<suite id="s1" name="Tests" source="/home/runner/work/DesafioQAItauRogerioJordao/DesafioQAItauRogerioJordao/RamdonUser/tests">
<suite id="s1-s1" name="Random-User-Test" source="/home/runner/work/DesafioQAItauRogerioJordao/DesafioQAItauRogerioJordao/RamdonUser/tests/random-user-test.robot">
<test id="s1-s1-t1" name="Conectar" line="13">
<kw name="Conectar API" owner="random-user-service">
<kw name="Create Session" owner="RequestsLibrary">
<msg time="2024-04-04T18:17:40.725140" level="INFO">Creating Session using : alias=consultarAPI, url=https://randomuser.me/, headers={},                     cookies={}, auth=None, timeout=None, proxies=None, verify=False,                     debug=0 </msg>
<arg>consultarAPI</arg>
<arg>${URL}</arg>
<doc>Create Session: create a HTTP session to a server</doc>
<status status="PASS" start="2024-04-04T18:17:40.724923" elapsed="0.000439"/>
</kw>
<status status="PASS" start="2024-04-04T18:17:40.723803" elapsed="0.001987"/>
</kw>
<status status="PASS" start="2024-04-04T18:17:40.723048" elapsed="0.002958"/>
</test>
<test id="s1-s1-t2" name="Validar retorno 200 e JSON Válido" line="16">
<kw name="Teste de Requisicao Basica" owner="random-user-service">
<kw name="GET On Session" owner="RequestsLibrary">
<msg time="2024-04-04T18:17:40.809058" level="INFO">GET Request : url=https://randomuser.me/api 
 path_url=/api 
 headers={'User-Agent': 'python-requests/2.31.0', 'Accept-Encoding': 'gzip, deflate', 'Accept': '*/*', 'Connection': 'keep-alive'} 
 body=None 
 </msg>
<msg time="2024-04-04T18:17:40.809216" level="INFO">GET Response : url=https://randomuser.me/api 
 status=200, reason=OK 
 headers={'Date': 'Thu, 04 Apr 2024 18:17:40 GMT', 'Content-Type': 'application/json; charset=utf-8', 'Transfer-Encoding': 'chunked', 'Connection': 'keep-alive', 'X-Powered-By': 'Express', 'Access-Control-Allow-Origin': '*', 'Cache-Control': 'no-cache', 'ETag': 'W/"48c-j8b0LfXfsMw0Vpo1OfvtD2FHsiQ"', 'Vary': 'Accept-Encoding', 'Content-Encoding': 'gzip', 'CF-Cache-Status': 'DYNAMIC', 'Report-To': '{"endpoints":[{"url":"https:\\/\\/a.nel.cloudflare.com\\/report\\/v4?s=A02n3X%2FNRyTbQJxmrTwbgZRAp5A6quM41Id2HMnsMZjWL9lfzUeWkgQHYDaD3zxBokHTyI8Ahg6Nof8AIcItnPe4PA3o3eMrhZCjXC%2BsW6tFX3G0KAeszr%2FBBNuniLPw"}],"group":"cf-nel","max_age":604800}', 'NEL': '{"success_fraction":0,"report_to":"cf-nel","max_age":604800}', 'Server': 'cloudflare', 'CF-RAY': '86f34bedcdcf56d4-IAD', 'alt-svc': 'h3=":443"; ma=86400'} 
 body={"results":[{"gender":"male","name":{"title":"Mr","first":"Mason","last":"Roberts"},"location":{"street":{"number":8936,"name":"West Coast Road"},"city":"Gisborne","state":"Nelson","country":"New Zealand","postcode":97120,"coordinates":{"latitude":"49.0311","longitude":"-75.5935"},"timezone":{"offset":"+9:00","description":"Tokyo, Seoul, Osaka, Sapporo, Yakutsk"}},"email":"mason.roberts@example.com","login":{"uuid":"b9eef37f-3d6e-4164-acff-ce3f5d58951f","username":"yellowwolf808","password":"seminole","salt":"oZy5hxrh","md5":"528ce45c3dabb0569a6a652e79192638","sha1":"5fe40b92bc2a860e7844bd1d14c7ca529c50a656","sha256":"0735b19b194e1bb37a5c2c492910b193bcb9aec4fb15f6b11f37bda2c7686051"},"dob":{"date":"1995-06-10T15:47:30.790Z","age":28},"registered":{"date":"2006-03-21T00:27:41.270Z","age":18},"phone":"(383)-553-0915","cell":"(167)-523-5089","id":{"name":"","value":null},"picture":{"large":"https://randomuser.me/api/portraits/men/94.jpg","medium":"https://randomuser.me/api/portraits/med/men/94.jpg","thumbnail":"https://randomuser.me/api/portraits/thumb/men/94.jpg"},"nat":"NZ"}],"info":{"seed":"c38a7062bb124e33","results":1,"page":1,"version":"1.4"}} 
 </msg>
<msg time="2024-04-04T18:17:40.809324" level="INFO">/opt/hostedtoolcache/Python/3.12.2/x64/lib/python3.12/site-packages/urllib3/connectionpool.py:1103: InsecureRequestWarning: Unverified HTTPS request is being made to host 'randomuser.me'. Adding certificate verification is strongly advised. See: https://urllib3.readthedocs.io/en/latest/advanced-usage.html#tls-warnings
  warnings.warn(</msg>
<msg time="2024-04-04T18:17:40.809491" level="INFO">${response} = &lt;Response [200]&gt;</msg>
<var>${response}</var>
<arg>consultarAPI</arg>
<arg>/api</arg>
<doc>Sends a GET request on a previously created HTTP Session.</doc>
<status status="PASS" start="2024-04-04T18:17:40.728804" elapsed="0.080734"/>
</kw>
<kw name="Should Be Equal As Numbers" owner="BuiltIn">
<msg time="2024-04-04T18:17:40.810643" level="INFO">Argument types are:
&lt;class 'int'&gt;
&lt;class 'str'&gt;</msg>
<arg>${response.status_code}</arg>
<arg>200</arg>
<doc>Fails if objects are unequal after converting them to real numbers.</doc>
<status status="PASS" start="2024-04-04T18:17:40.810168" elapsed="0.000542"/>
</kw>
<kw name="Log" owner="BuiltIn">
<msg time="2024-04-04T18:17:40.811461" level="INFO">200</msg>
<arg>${response.status_code}</arg>
<doc>Logs the given message with the given level.</doc>
<status status="PASS" start="2024-04-04T18:17:40.811039" elapsed="0.000467"/>
</kw>
<kw name="Set Variable" owner="BuiltIn">
<msg time="2024-04-04T18:17:40.812298" level="INFO">${json_data} = {'results': [{'gender': 'male', 'name': {'title': 'Mr', 'first': 'Mason', 'last': 'Roberts'}, 'location': {'street': {'number': 8936, 'name': 'West Coast Road'}, 'city': 'Gisborne', 'state': 'Nelson',...</msg>
<var>${json_data}</var>
<arg>${response.json()}</arg>
<doc>Returns the given values which can then be assigned to a variables.</doc>
<status status="PASS" start="2024-04-04T18:17:40.811848" elapsed="0.000479"/>
</kw>
<kw name="Dictionary Should Contain Key" owner="Collections">
<msg time="2024-04-04T18:17:40.812807" level="INFO">False</msg>
<arg>${json_data}</arg>
<arg>results</arg>
<doc>Fails if ``key`` is not found from ``dictionary``.</doc>
<status status="PASS" start="2024-04-04T18:17:40.812636" elapsed="0.000212"/>
</kw>
<status status="PASS" start="2024-04-04T18:17:40.728542" elapsed="0.084568"/>
</kw>
<doc>Testa se a API responde corretamente e retorna um objeto JSON válido.</doc>
<tag>testeRequisicaoBasica</tag>
<status status="PASS" start="2024-04-04T18:17:40.727946" elapsed="0.085392"/>
</test>
<test id="s1-s1-t3" name="Validar estrutura de resposta" line="22">
<kw name="Teste de Estrutura de Resposta" owner="random-user-service">
<kw name="GET On Session" owner="RequestsLibrary">
<msg time="2024-04-04T18:17:40.907911" level="INFO">GET Request : url=https://randomuser.me/api 
 path_url=/api 
 headers={'User-Agent': 'python-requests/2.31.0', 'Accept-Encoding': 'gzip, deflate', 'Accept': '*/*', 'Connection': 'keep-alive'} 
 body=None 
 </msg>
<msg time="2024-04-04T18:17:40.908030" level="INFO">GET Response : url=https://randomuser.me/api 
 status=200, reason=OK 
 headers={'Date': 'Thu, 04 Apr 2024 18:17:40 GMT', 'Content-Type': 'application/json; charset=utf-8', 'Transfer-Encoding': 'chunked', 'Connection': 'keep-alive', 'X-Powered-By': 'Express', 'Access-Control-Allow-Origin': '*', 'Cache-Control': 'no-cache', 'ETag': 'W/"4a0-H/kvIOs4UG7PzvbBW4Gcq9ILkXc"', 'Vary': 'Accept-Encoding', 'Content-Encoding': 'gzip', 'CF-Cache-Status': 'DYNAMIC', 'Report-To': '{"endpoints":[{"url":"https:\\/\\/a.nel.cloudflare.com\\/report\\/v4?s=h5IbFftCzUPBnyTzy%2Fe%2Fd%2FTWTEWMg%2BRZxDUQlTBG73j%2F24k7sX8etdDyPPhnBvV4sIUW69IF99fgtYhEfS0IYwthcmsXCbR%2B1coBOzRKhphw%2BAYGsvW6bks9OpH33jve"}],"group":"cf-nel","max_age":604800}', 'NEL': '{"success_fraction":0,"report_to":"cf-nel","max_age":604800}', 'Server': 'cloudflare', 'CF-RAY': '86f34bee1e1556d4-IAD', 'alt-svc': 'h3=":443"; ma=86400'} 
 body={"results":[{"gender":"female","name":{"title":"Miss","first":"Felecia","last":"Russell"},"location":{"street":{"number":3915,"name":"Poplar Dr"},"city":"Killeen","state":"Illinois","country":"United States","postcode":31875,"coordinates":{"latitude":"83.6241","longitude":"55.6690"},"timezone":{"offset":"+8:00","description":"Beijing, Perth, Singapore, Hong Kong"}},"email":"felecia.russell@example.com","login":{"uuid":"5c2d6a73-3334-4901-9037-87d0f581fa13","username":"lazyleopard525","password":"cohiba","salt":"nnrLae2c","md5":"112416e8d9c87d501471f16a6dff145a","sha1":"42006bc19a2214f3d659df13be419a68f1ccbff7","sha256":"b0f936a19af5a001aa7f35d2fbfea7ee769ae9d30a15fefdae7024941dc13dc6"},"dob":{"date":"1993-06-27T08:24:36.978Z","age":30},"registered":{"date":"2002-10-09T06:02:04.633Z","age":21},"phone":"(451) 960-2824","cell":"(765) 932-2291","id":{"name":"SSN","value":"847-27-1030"},"picture":{"large":"https://randomuser.me/api/portraits/women/94.jpg","medium":"https://randomuser.me/api/portraits/med/women/94.jpg","thumbnail":"https://randomuser.me/api/portraits/thumb/women/94.jpg"},"nat":"US"}],"info":{"seed":"8cb817871ffb1da8","results":1,"page":1,"version":"1.4"}} 
 </msg>
<msg time="2024-04-04T18:17:40.908185" level="INFO">/opt/hostedtoolcache/Python/3.12.2/x64/lib/python3.12/site-packages/urllib3/connectionpool.py:1103: InsecureRequestWarning: Unverified HTTPS request is being made to host 'randomuser.me'. Adding certificate verification is strongly advised. See: https://urllib3.readthedocs.io/en/latest/advanced-usage.html#tls-warnings
  warnings.warn(</msg>
<msg time="2024-04-04T18:17:40.908333" level="INFO">${response} = &lt;Response [200]&gt;</msg>
<var>${response}</var>
<arg>consultarAPI</arg>
<arg>/api</arg>
<doc>Sends a GET request on a previously created HTTP Session.</doc>
<status status="PASS" start="2024-04-04T18:17:40.816560" elapsed="0.091818"/>
</kw>
<kw name="Set Variable" owner="BuiltIn">
<msg time="2024-04-04T18:17:40.909437" level="INFO">${json_data} = {'results': [{'gender': 'female', 'name': {'title': 'Miss', 'first': 'Felecia', 'last': 'Russell'}, 'location': {'street': {'number': 3915, 'name': 'Poplar Dr'}, 'city': 'Killeen', 'state': 'Illinois'...</msg>
<var>${json_data}</var>
<arg>${response.json()}</arg>
<doc>Returns the given values which can then be assigned to a variables.</doc>
<status status="PASS" start="2024-04-04T18:17:40.908908" elapsed="0.000558"/>
</kw>
<kw name="Log" owner="BuiltIn">
<msg time="2024-04-04T18:17:40.909946" level="INFO">{'results': [{'gender': 'female', 'name': {'title': 'Miss', 'first': 'Felecia', 'last': 'Russell'}, 'location': {'street': {'number': 3915, 'name': 'Poplar Dr'}, 'city': 'Killeen', 'state': 'Illinois', 'country': 'United States', 'postcode': 31875, 'coordinates': {'latitude': '83.6241', 'longitude': '55.6690'}, 'timezone': {'offset': '+8:00', 'description': 'Beijing, Perth, Singapore, Hong Kong'}}, 'email': 'felecia.russell@example.com', 'login': {'uuid': '5c2d6a73-3334-4901-9037-87d0f581fa13', 'username': 'lazyleopard525', 'password': 'cohiba', 'salt': 'nnrLae2c', 'md5': '112416e8d9c87d501471f16a6dff145a', 'sha1': '42006bc19a2214f3d659df13be419a68f1ccbff7', 'sha256': 'b0f936a19af5a001aa7f35d2fbfea7ee769ae9d30a15fefdae7024941dc13dc6'}, 'dob': {'date': '1993-06-27T08:24:36.978Z', 'age': 30}, 'registered': {'date': '2002-10-09T06:02:04.633Z', 'age': 21}, 'phone': '(451) 960-2824', 'cell': '(765) 932-2291', 'id': {'name': 'SSN', 'value': '847-27-1030'}, 'picture': {'large': 'https://randomuser.me/api/portraits/women/94.jpg', 'medium': 'https://randomuser.me/api/portraits/med/women/94.jpg', 'thumbnail': 'https://randomuser.me/api/portraits/thumb/women/94.jpg'}, 'nat': 'US'}], 'info': {'seed': '8cb817871ffb1da8', 'results': 1, 'page': 1, 'version': '1.4'}}</msg>
<arg>${json_data}</arg>
<doc>Logs the given message with the given level.</doc>
<status status="PASS" start="2024-04-04T18:17:40.909783" elapsed="0.000212"/>
</kw>
<kw name="Dictionary Should Contain Key" owner="Collections">
<msg time="2024-04-04T18:17:40.910460" level="INFO">False</msg>
<arg>${json_data}</arg>
<arg>results</arg>
<doc>Fails if ``key`` is not found from ``dictionary``.</doc>
<status status="PASS" start="2024-04-04T18:17:40.910298" elapsed="0.000200"/>
</kw>
<kw name="Should Not Be Empty" owner="BuiltIn">
<msg time="2024-04-04T18:17:40.910935" level="INFO">Length is 2.</msg>
<arg>${json_data}</arg>
<doc>Verifies that the given item is not empty.</doc>
<status status="PASS" start="2024-04-04T18:17:40.910800" elapsed="0.000174"/>
</kw>
<kw name="Create List" owner="BuiltIn">
<msg time="2024-04-04T18:17:40.911477" level="INFO">${expected_keys} = ['gender', 'name', 'location', 'email', 'login']</msg>
<var>${expected_keys}</var>
<arg>gender</arg>
<arg>name</arg>
<arg>location</arg>
<arg>email</arg>
<arg>login</arg>
<doc>Returns a list containing given items.</doc>
<status status="PASS" start="2024-04-04T18:17:40.911270" elapsed="0.000233"/>
</kw>
<for flavor="IN">
<iter>
<kw name="Dictionary Should Contain Key" owner="Collections">
<msg time="2024-04-04T18:17:40.912536" level="INFO">False</msg>
<arg>${json_data['results'][0]}</arg>
<arg>${key}</arg>
<doc>Fails if ``key`` is not found from ``dictionary``.</doc>
<status status="PASS" start="2024-04-04T18:17:40.912108" elapsed="0.000469"/>
</kw>
<kw name="Log" owner="BuiltIn">
<msg time="2024-04-04T18:17:40.913263" level="INFO">{'gender': 'female', 'name': {'title': 'Miss', 'first': 'Felecia', 'last': 'Russell'}, 'location': {'street': {'number': 3915, 'name': 'Poplar Dr'}, 'city': 'Killeen', 'state': 'Illinois', 'country': 'United States', 'postcode': 31875, 'coordinates': {'latitude': '83.6241', 'longitude': '55.6690'}, 'timezone': {'offset': '+8:00', 'description': 'Beijing, Perth, Singapore, Hong Kong'}}, 'email': 'felecia.russell@example.com', 'login': {'uuid': '5c2d6a73-3334-4901-9037-87d0f581fa13', 'username': 'lazyleopard525', 'password': 'cohiba', 'salt': 'nnrLae2c', 'md5': '112416e8d9c87d501471f16a6dff145a', 'sha1': '42006bc19a2214f3d659df13be419a68f1ccbff7', 'sha256': 'b0f936a19af5a001aa7f35d2fbfea7ee769ae9d30a15fefdae7024941dc13dc6'}, 'dob': {'date': '1993-06-27T08:24:36.978Z', 'age': 30}, 'registered': {'date': '2002-10-09T06:02:04.633Z', 'age': 21}, 'phone': '(451) 960-2824', 'cell': '(765) 932-2291', 'id': {'name': 'SSN', 'value': '847-27-1030'}, 'picture': {'large': 'https://randomuser.me/api/portraits/women/94.jpg', 'medium': 'https://randomuser.me/api/portraits/med/women/94.jpg', 'thumbnail': 'https://randomuser.me/api/portraits/thumb/women/94.jpg'}, 'nat': 'US'}</msg>
<arg>${json_data['results'][0]}</arg>
<doc>Logs the given message with the given level.</doc>
<status status="PASS" start="2024-04-04T18:17:40.912891" elapsed="0.000427"/>
</kw>
<kw name="Log" owner="BuiltIn">
<msg time="2024-04-04T18:17:40.913757" level="INFO">gender</msg>
<arg>${key}</arg>
<doc>Logs the given message with the given level.</doc>
<status status="PASS" start="2024-04-04T18:17:40.913625" elapsed="0.000173"/>
</kw>
<var name="${key}">gender</var>
<status status="PASS" start="2024-04-04T18:17:40.911980" elapsed="0.002043"/>
</iter>
<iter>
<kw name="Dictionary Should Contain Key" owner="Collections">
<msg time="2024-04-04T18:17:40.914742" level="INFO">False</msg>
<arg>${json_data['results'][0]}</arg>
<arg>${key}</arg>
<doc>Fails if ``key`` is not found from ``dictionary``.</doc>
<status status="PASS" start="2024-04-04T18:17:40.914339" elapsed="0.000442"/>
</kw>
<kw name="Log" owner="BuiltIn">
<msg time="2024-04-04T18:17:40.915532" level="INFO">{'gender': 'female', 'name': {'title': 'Miss', 'first': 'Felecia', 'last': 'Russell'}, 'location': {'street': {'number': 3915, 'name': 'Poplar Dr'}, 'city': 'Killeen', 'state': 'Illinois', 'country': 'United States', 'postcode': 31875, 'coordinates': {'latitude': '83.6241', 'longitude': '55.6690'}, 'timezone': {'offset': '+8:00', 'description': 'Beijing, Perth, Singapore, Hong Kong'}}, 'email': 'felecia.russell@example.com', 'login': {'uuid': '5c2d6a73-3334-4901-9037-87d0f581fa13', 'username': 'lazyleopard525', 'password': 'cohiba', 'salt': 'nnrLae2c', 'md5': '112416e8d9c87d501471f16a6dff145a', 'sha1': '42006bc19a2214f3d659df13be419a68f1ccbff7', 'sha256': 'b0f936a19af5a001aa7f35d2fbfea7ee769ae9d30a15fefdae7024941dc13dc6'}, 'dob': {'date': '1993-06-27T08:24:36.978Z', 'age': 30}, 'registered': {'date': '2002-10-09T06:02:04.633Z', 'age': 21}, 'phone': '(451) 960-2824', 'cell': '(765) 932-2291', 'id': {'name': 'SSN', 'value': '847-27-1030'}, 'picture': {'large': 'https://randomuser.me/api/portraits/women/94.jpg', 'medium': 'https://randomuser.me/api/portraits/med/women/94.jpg', 'thumbnail': 'https://randomuser.me/api/portraits/thumb/women/94.jpg'}, 'nat': 'US'}</msg>
<arg>${json_data['results'][0]}</arg>
<doc>Logs the given message with the given level.</doc>
<status status="PASS" start="2024-04-04T18:17:40.915123" elapsed="0.000459"/>
</kw>
<kw name="Log" owner="BuiltIn">
<msg time="2024-04-04T18:17:40.916019" level="INFO">name</msg>
<arg>${key}</arg>
<doc>Logs the given message with the given level.</doc>
<status status="PASS" start="2024-04-04T18:17:40.915889" elapsed="0.000169"/>
</kw>
<var name="${key}">name</var>
<status status="PASS" start="2024-04-04T18:17:40.914221" elapsed="0.002057"/>
</iter>
<iter>
<kw name="Dictionary Should Contain Key" owner="Collections">
<msg time="2024-04-04T18:17:40.916960" level="INFO">False</msg>
<arg>${json_data['results'][0]}</arg>
<arg>${key}</arg>
<doc>Fails if ``key`` is not found from ``dictionary``.</doc>
<status status="PASS" start="2024-04-04T18:17:40.916575" elapsed="0.000424"/>
</kw>
<kw name="Log" owner="BuiltIn">
<msg time="2024-04-04T18:17:40.917667" level="INFO">{'gender': 'female', 'name': {'title': 'Miss', 'first': 'Felecia', 'last': 'Russell'}, 'location': {'street': {'number': 3915, 'name': 'Poplar Dr'}, 'city': 'Killeen', 'state': 'Illinois', 'country': 'United States', 'postcode': 31875, 'coordinates': {'latitude': '83.6241', 'longitude': '55.6690'}, 'timezone': {'offset': '+8:00', 'description': 'Beijing, Perth, Singapore, Hong Kong'}}, 'email': 'felecia.russell@example.com', 'login': {'uuid': '5c2d6a73-3334-4901-9037-87d0f581fa13', 'username': 'lazyleopard525', 'password': 'cohiba', 'salt': 'nnrLae2c', 'md5': '112416e8d9c87d501471f16a6dff145a', 'sha1': '42006bc19a2214f3d659df13be419a68f1ccbff7', 'sha256': 'b0f936a19af5a001aa7f35d2fbfea7ee769ae9d30a15fefdae7024941dc13dc6'}, 'dob': {'date': '1993-06-27T08:24:36.978Z', 'age': 30}, 'registered': {'date': '2002-10-09T06:02:04.633Z', 'age': 21}, 'phone': '(451) 960-2824', 'cell': '(765) 932-2291', 'id': {'name': 'SSN', 'value': '847-27-1030'}, 'picture': {'large': 'https://randomuser.me/api/portraits/women/94.jpg', 'medium': 'https://randomuser.me/api/portraits/med/women/94.jpg', 'thumbnail': 'https://randomuser.me/api/portraits/thumb/women/94.jpg'}, 'nat': 'US'}</msg>
<arg>${json_data['results'][0]}</arg>
<doc>Logs the given message with the given level.</doc>
<status status="PASS" start="2024-04-04T18:17:40.917303" elapsed="0.000416"/>
</kw>
<kw name="Log" owner="BuiltIn">
<msg time="2024-04-04T18:17:40.918149" level="INFO">location</msg>
<arg>${key}</arg>
<doc>Logs the given message with the given level.</doc>
<status status="PASS" start="2024-04-04T18:17:40.918019" elapsed="0.000169"/>
</kw>
<var name="${key}">location</var>
<status status="PASS" start="2024-04-04T18:17:40.916460" elapsed="0.001946"/>
</iter>
<iter>
<kw name="Dictionary Should Contain Key" owner="Collections">
<msg time="2024-04-04T18:17:40.919088" level="INFO">False</msg>
<arg>${json_data['results'][0]}</arg>
<arg>${key}</arg>
<doc>Fails if ``key`` is not found from ``dictionary``.</doc>
<status status="PASS" start="2024-04-04T18:17:40.918696" elapsed="0.000430"/>
</kw>
<kw name="Log" owner="BuiltIn">
<msg time="2024-04-04T18:17:40.919846" level="INFO">{'gender': 'female', 'name': {'title': 'Miss', 'first': 'Felecia', 'last': 'Russell'}, 'location': {'street': {'number': 3915, 'name': 'Poplar Dr'}, 'city': 'Killeen', 'state': 'Illinois', 'country': 'United States', 'postcode': 31875, 'coordinates': {'latitude': '83.6241', 'longitude': '55.6690'}, 'timezone': {'offset': '+8:00', 'description': 'Beijing, Perth, Singapore, Hong Kong'}}, 'email': 'felecia.russell@example.com', 'login': {'uuid': '5c2d6a73-3334-4901-9037-87d0f581fa13', 'username': 'lazyleopard525', 'password': 'cohiba', 'salt': 'nnrLae2c', 'md5': '112416e8d9c87d501471f16a6dff145a', 'sha1': '42006bc19a2214f3d659df13be419a68f1ccbff7', 'sha256': 'b0f936a19af5a001aa7f35d2fbfea7ee769ae9d30a15fefdae7024941dc13dc6'}, 'dob': {'date': '1993-06-27T08:24:36.978Z', 'age': 30}, 'registered': {'date': '2002-10-09T06:02:04.633Z', 'age': 21}, 'phone': '(451) 960-2824', 'cell': '(765) 932-2291', 'id': {'name': 'SSN', 'value': '847-27-1030'}, 'picture': {'large': 'https://randomuser.me/api/portraits/women/94.jpg', 'medium': 'https://randomuser.me/api/portraits/med/women/94.jpg', 'thumbnail': 'https://randomuser.me/api/portraits/thumb/women/94.jpg'}, 'nat': 'US'}</msg>
<arg>${json_data['results'][0]}</arg>
<doc>Logs the given message with the given level.</doc>
<status status="PASS" start="2024-04-04T18:17:40.919465" elapsed="0.000430"/>
</kw>
<kw name="Log" owner="BuiltIn">
<msg time="2024-04-04T18:17:40.920323" level="INFO">email</msg>
<arg>${key}</arg>
<doc>Logs the given message with the given level.</doc>
<status status="PASS" start="2024-04-04T18:17:40.920195" elapsed="0.000167"/>
</kw>
<var name="${key}">email</var>
<status status="PASS" start="2024-04-04T18:17:40.918584" elapsed="0.001998"/>
</iter>
<iter>
<kw name="Dictionary Should Contain Key" owner="Collections">
<msg time="2024-04-04T18:17:40.921269" level="INFO">False</msg>
<arg>${json_data['results'][0]}</arg>
<arg>${key}</arg>
<doc>Fails if ``key`` is not found from ``dictionary``.</doc>
<status status="PASS" start="2024-04-04T18:17:40.920889" elapsed="0.000420"/>
</kw>
<kw name="Log" owner="BuiltIn">
<msg time="2024-04-04T18:17:40.921969" level="INFO">{'gender': 'female', 'name': {'title': 'Miss', 'first': 'Felecia', 'last': 'Russell'}, 'location': {'street': {'number': 3915, 'name': 'Poplar Dr'}, 'city': 'Killeen', 'state': 'Illinois', 'country': 'United States', 'postcode': 31875, 'coordinates': {'latitude': '83.6241', 'longitude': '55.6690'}, 'timezone': {'offset': '+8:00', 'description': 'Beijing, Perth, Singapore, Hong Kong'}}, 'email': 'felecia.russell@example.com', 'login': {'uuid': '5c2d6a73-3334-4901-9037-87d0f581fa13', 'username': 'lazyleopard525', 'password': 'cohiba', 'salt': 'nnrLae2c', 'md5': '112416e8d9c87d501471f16a6dff145a', 'sha1': '42006bc19a2214f3d659df13be419a68f1ccbff7', 'sha256': 'b0f936a19af5a001aa7f35d2fbfea7ee769ae9d30a15fefdae7024941dc13dc6'}, 'dob': {'date': '1993-06-27T08:24:36.978Z', 'age': 30}, 'registered': {'date': '2002-10-09T06:02:04.633Z', 'age': 21}, 'phone': '(451) 960-2824', 'cell': '(765) 932-2291', 'id': {'name': 'SSN', 'value': '847-27-1030'}, 'picture': {'large': 'https://randomuser.me/api/portraits/women/94.jpg', 'medium': 'https://randomuser.me/api/portraits/med/women/94.jpg', 'thumbnail': 'https://randomuser.me/api/portraits/thumb/women/94.jpg'}, 'nat': 'US'}</msg>
<arg>${json_data['results'][0]}</arg>
<doc>Logs the given message with the given level.</doc>
<status status="PASS" start="2024-04-04T18:17:40.921603" elapsed="0.000414"/>
</kw>
<kw name="Log" owner="BuiltIn">
<msg time="2024-04-04T18:17:40.922444" level="INFO">login</msg>
<arg>${key}</arg>
<doc>Logs the given message with the given level.</doc>
<status status="PASS" start="2024-04-04T18:17:40.922318" elapsed="0.000285"/>
</kw>
<var name="${key}">login</var>
<status status="PASS" start="2024-04-04T18:17:40.920759" elapsed="0.002097"/>
</iter>
<var>${key}</var>
<value>@{expected_keys}</value>
<status status="PASS" start="2024-04-04T18:17:40.911778" elapsed="0.011208"/>
</for>
<kw name="Create List" owner="BuiltIn">
<msg time="2024-04-04T18:17:40.923350" level="INFO">${expected_keysTwo} = ['username', 'password']</msg>
<var>${expected_keysTwo}</var>
<arg>username</arg>
<arg>password</arg>
<doc>Returns a list containing given items.</doc>
<status status="PASS" start="2024-04-04T18:17:40.923188" elapsed="0.000190"/>
</kw>
<for flavor="IN">
<iter>
<kw name="Dictionary Should Contain Key" owner="Collections">
<msg time="2024-04-04T18:17:40.924285" level="INFO">False</msg>
<arg>${json_data['results'][0]['login']}</arg>
<arg>${keyTwo}</arg>
<doc>Fails if ``key`` is not found from ``dictionary``.</doc>
<status status="PASS" start="2024-04-04T18:17:40.923903" elapsed="0.000421"/>
</kw>
<kw name="Dictionary Should Contain Key" owner="Collections">
<msg time="2024-04-04T18:17:40.925011" level="INFO">False</msg>
<arg>${json_data['results'][0]['login']}</arg>
<arg>${keyTwo}</arg>
<doc>Fails if ``key`` is not found from ``dictionary``.</doc>
<status status="PASS" start="2024-04-04T18:17:40.924632" elapsed="0.000418"/>
</kw>
<kw name="Log" owner="BuiltIn">
<msg time="2024-04-04T18:17:40.925477" level="INFO">username</msg>
<arg>${keyTwo}</arg>
<doc>Logs the given message with the given level.</doc>
<status status="PASS" start="2024-04-04T18:17:40.925347" elapsed="0.000169"/>
</kw>
<var name="${keyTwo}">username</var>
<status status="PASS" start="2024-04-04T18:17:40.923791" elapsed="0.001945"/>
</iter>
<iter>
<kw name="Dictionary Should Contain Key" owner="Collections">
<msg time="2024-04-04T18:17:40.926415" level="INFO">False</msg>
<arg>${json_data['results'][0]['login']}</arg>
<arg>${keyTwo}</arg>
<doc>Fails if ``key`` is not found from ``dictionary``.</doc>
<status status="PASS" start="2024-04-04T18:17:40.926025" elapsed="0.000429"/>
</kw>
<kw name="Dictionary Should Contain Key" owner="Collections">
<msg time="2024-04-04T18:17:40.927134" level="INFO">False</msg>
<arg>${json_data['results'][0]['login']}</arg>
<arg>${keyTwo}</arg>
<doc>Fails if ``key`` is not found from ``dictionary``.</doc>
<status status="PASS" start="2024-04-04T18:17:40.926752" elapsed="0.000420"/>
</kw>
<kw name="Log" owner="BuiltIn">
<msg time="2024-04-04T18:17:40.927641" level="INFO">password</msg>
<arg>${keyTwo}</arg>
<doc>Logs the given message with the given level.</doc>
<status status="PASS" start="2024-04-04T18:17:40.927504" elapsed="0.000177"/>
</kw>
<var name="${keyTwo}">password</var>
<status status="PASS" start="2024-04-04T18:17:40.925914" elapsed="0.001993"/>
</iter>
<var>${keyTwo}</var>
<value>@{expected_keysTwo}</value>
<status status="PASS" start="2024-04-04T18:17:40.923633" elapsed="0.004401"/>
</for>
<status status="PASS" start="2024-04-04T18:17:40.816214" elapsed="0.111969"/>
</kw>
<doc>Testa a estrutura da resposta da API.</doc>
<tag>testeEstruturaResposta</tag>
<status status="PASS" start="2024-04-04T18:17:40.815196" elapsed="0.113158"/>
</test>
<test id="s1-s1-t4" name="Validar tipos de dados" line="28">
<kw name="Teste de Tipos de Dados" owner="random-user-service">
<kw name="GET On Session" owner="RequestsLibrary">
<msg time="2024-04-04T18:17:41.005158" level="INFO">GET Request : url=https://randomuser.me/api 
 path_url=/api 
 headers={'User-Agent': 'python-requests/2.31.0', 'Accept-Encoding': 'gzip, deflate', 'Accept': '*/*', 'Connection': 'keep-alive'} 
 body=None 
 </msg>
<msg time="2024-04-04T18:17:41.005270" level="INFO">GET Response : url=https://randomuser.me/api 
 status=200, reason=OK 
 headers={'Date': 'Thu, 04 Apr 2024 18:17:41 GMT', 'Content-Type': 'application/json; charset=utf-8', 'Transfer-Encoding': 'chunked', 'Connection': 'keep-alive', 'X-Powered-By': 'Express', 'Access-Control-Allow-Origin': '*', 'Cache-Control': 'no-cache', 'ETag': 'W/"476-UnblijLl1H2rS8Tq8eKNErK4dLQ"', 'Vary': 'Accept-Encoding', 'Content-Encoding': 'gzip', 'CF-Cache-Status': 'DYNAMIC', 'Report-To': '{"endpoints":[{"url":"https:\\/\\/a.nel.cloudflare.com\\/report\\/v4?s=1%2FXVauq3Hgv13UFCfi073zq5XOryh6K2%2Ba09pFigsLJUgC8XAsvCg2f9%2B2ExihHpedPNxOdq3PIIZbYD5HLXkaSrob1ieY5cPIL%2F291gMDvjtSoJ5vsqgHkfp8wiJLcF"}],"group":"cf-nel","max_age":604800}', 'NEL': '{"success_fraction":0,"report_to":"cf-nel","max_age":604800}', 'Server': 'cloudflare', 'CF-RAY': '86f34beedec956d4-IAD', 'alt-svc': 'h3=":443"; ma=86400'} 
 body={"results":[{"gender":"male","name":{"title":"Mr","first":"Murat","last":"Kumcuoğlu"},"location":{"street":{"number":1288,"name":"Abanoz Sk"},"city":"Bingöl","state":"Tekirdağ","country":"Turkey","postcode":35301,"coordinates":{"latitude":"68.9618","longitude":"-177.4283"},"timezone":{"offset":"-11:00","description":"Midway Island, Samoa"}},"email":"murat.kumcuoglu@example.com","login":{"uuid":"b80262b4-5bc6-448f-842f-e1c36ab37064","username":"blackzebra891","password":"donkey","salt":"wRXysG8H","md5":"835f5d5b25cf70518205bdc802ae590f","sha1":"4e2e102680f7d3cc668bccb53bc312cb39bfc107","sha256":"5db2190cef2b3ae334480afa6832fd199ee0647a19262e8f9de84f5b53c9a6be"},"dob":{"date":"1950-03-20T11:49:44.962Z","age":74},"registered":{"date":"2017-12-12T02:16:32.212Z","age":6},"phone":"(467)-240-4253","cell":"(576)-458-8945","id":{"name":"","value":null},"picture":{"large":"https://randomuser.me/api/portraits/men/22.jpg","medium":"https://randomuser.me/api/portraits/med/men/22.jpg","thumbnail":"https://randomuser.me/api/portraits/thumb/men/22.jpg"},"nat":"TR"}],"info":{"seed":"609e84cd5f3b5188","results":1,"page":1,"version":"1.4"}} 
 </msg>
<msg time="2024-04-04T18:17:41.005348" level="INFO">/opt/hostedtoolcache/Python/3.12.2/x64/lib/python3.12/site-packages/urllib3/connectionpool.py:1103: InsecureRequestWarning: Unverified HTTPS request is being made to host 'randomuser.me'. Adding certificate verification is strongly advised. See: https://urllib3.readthedocs.io/en/latest/advanced-usage.html#tls-warnings
  warnings.warn(</msg>
<msg time="2024-04-04T18:17:41.005492" level="INFO">${response} = &lt;Response [200]&gt;</msg>
<var>${response}</var>
<arg>consultarAPI</arg>
<arg>/api</arg>
<doc>Sends a GET request on a previously created HTTP Session.</doc>
<status status="PASS" start="2024-04-04T18:17:40.930900" elapsed="0.074638"/>
</kw>
<kw name="Set Variable" owner="BuiltIn">
<msg time="2024-04-04T18:17:41.006646" level="INFO">${json_data} = {'results': [{'gender': 'male', 'name': {'title': 'Mr', 'first': 'Murat', 'last': 'Kumcuoğlu'}, 'location': {'street': {'number': 1288, 'name': 'Abanoz Sk'}, 'city': 'Bingöl', 'state': 'Tekirdağ', 'co...</msg>
<var>${json_data}</var>
<arg>${response.json()}</arg>
<doc>Returns the given values which can then be assigned to a variables.</doc>
<status status="PASS" start="2024-04-04T18:17:41.006101" elapsed="0.000576"/>
</kw>
<kw name="Log" owner="BuiltIn">
<msg time="2024-04-04T18:17:41.007187" level="INFO">{'results': [{'gender': 'male', 'name': {'title': 'Mr', 'first': 'Murat', 'last': 'Kumcuoğlu'}, 'location': {'street': {'number': 1288, 'name': 'Abanoz Sk'}, 'city': 'Bingöl', 'state': 'Tekirdağ', 'country': 'Turkey', 'postcode': 35301, 'coordinates': {'latitude': '68.9618', 'longitude': '-177.4283'}, 'timezone': {'offset': '-11:00', 'description': 'Midway Island, Samoa'}}, 'email': 'murat.kumcuoglu@example.com', 'login': {'uuid': 'b80262b4-5bc6-448f-842f-e1c36ab37064', 'username': 'blackzebra891', 'password': 'donkey', 'salt': 'wRXysG8H', 'md5': '835f5d5b25cf70518205bdc802ae590f', 'sha1': '4e2e102680f7d3cc668bccb53bc312cb39bfc107', 'sha256': '5db2190cef2b3ae334480afa6832fd199ee0647a19262e8f9de84f5b53c9a6be'}, 'dob': {'date': '1950-03-20T11:49:44.962Z', 'age': 74}, 'registered': {'date': '2017-12-12T02:16:32.212Z', 'age': 6}, 'phone': '(467)-240-4253', 'cell': '(576)-458-8945', 'id': {'name': '', 'value': None}, 'picture': {'large': 'https://randomuser.me/api/portraits/men/22.jpg', 'medium': 'https://randomuser.me/api/portraits/med/men/22.jpg', 'thumbnail': 'https://randomuser.me/api/portraits/thumb/men/22.jpg'}, 'nat': 'TR'}], 'info': {'seed': '609e84cd5f3b5188', 'results': 1, 'page': 1, 'version': '1.4'}}</msg>
<arg>${json_data}</arg>
<doc>Logs the given message with the given level.</doc>
<status status="PASS" start="2024-04-04T18:17:41.007018" elapsed="0.000264"/>
</kw>
<kw name="Should Be String" owner="String">
<arg>${json_data['results'][0]['gender']}</arg>
<doc>Fails if the given ``item`` is not a string.</doc>
<status status="PASS" start="2024-04-04T18:17:41.007668" elapsed="0.000384"/>
</kw>
<kw name="Should Match Regexp" owner="BuiltIn">
<arg>${json_data['results'][0]['email']}</arg>
<arg>^[a-zA-Z0-9._%+-]+@[a-zA-Z0-9.-]+\.[a-zA-Z]{2,}$</arg>
<doc>Fails if ``string`` does not match ``pattern`` as a regular expression.</doc>
<status status="PASS" start="2024-04-04T18:17:41.008254" elapsed="0.000531"/>
</kw>
<kw name="Should Match Regexp" owner="BuiltIn">
<arg>${json_data['results'][0]['dob']['date']}</arg>
<arg>\\d{4}-\\d{2}-\\d{2}T\\d{2}:\\d{2}:\\d{2}\\.\\d{3}Z</arg>
<doc>Fails if ``string`` does not match ``pattern`` as a regular expression.</doc>
<status status="PASS" start="2024-04-04T18:17:41.008987" elapsed="0.000490"/>
</kw>
<kw name="Should Match Regexp" owner="BuiltIn">
<arg>${json_data['results'][0]['registered']['date']}</arg>
<arg>\\d{4}-\\d{2}-\\d{2}T\\d{2}:\\d{2}:\\d{2}\\.\\d{3}Z</arg>
<doc>Fails if ``string`` does not match ``pattern`` as a regular expression.</doc>
<status status="PASS" start="2024-04-04T18:17:41.009670" elapsed="0.000387"/>
</kw>
<kw name="Should Match Regexp" owner="BuiltIn">
<arg>${json_data['results'][0]['picture']['large']}</arg>
<arg>^https?://.*\.(?:png|jpe?g|gif|bmp)$</arg>
<doc>Fails if ``string`` does not match ``pattern`` as a regular expression.</doc>
<status status="PASS" start="2024-04-04T18:17:41.010247" elapsed="0.000458"/>
</kw>
<kw name="Should Match Regexp" owner="BuiltIn">
<arg>${json_data['results'][0]['picture']['medium']}</arg>
<arg>^https?://.*\.(?:png|jpe?g|gif|bmp)$</arg>
<doc>Fails if ``string`` does not match ``pattern`` as a regular expression.</doc>
<status status="PASS" start="2024-04-04T18:17:41.010891" elapsed="0.000357"/>
</kw>
<kw name="Should Match Regexp" owner="BuiltIn">
<arg>${json_data['results'][0]['picture']['thumbnail']}</arg>
<arg>^https?://.*\.(?:png|jpe?g|gif|bmp)$</arg>
<doc>Fails if ``string`` does not match ``pattern`` as a regular expression.</doc>
<status status="PASS" start="2024-04-04T18:17:41.011467" elapsed="0.000362"/>
</kw>
<kw name="Log" owner="BuiltIn">
<msg time="2024-04-04T18:17:41.012336" level="INFO">{'large': 'https://randomuser.me/api/portraits/men/22.jpg', 'medium': 'https://randomuser.me/api/portraits/med/men/22.jpg', 'thumbnail': 'https://randomuser.me/api/portraits/thumb/men/22.jpg'}</msg>
<arg>${json_data['results'][0]['picture']}</arg>
<doc>Logs the given message with the given level.</doc>
<status status="PASS" start="2024-04-04T18:17:41.012011" elapsed="0.000373"/>
</kw>
<status status="PASS" start="2024-04-04T18:17:40.930645" elapsed="0.082006"/>
</kw>
<kw name="Teste de Tipos de Dados - Postcode" owner="random-user-service">
<kw name="GET On Session" owner="RequestsLibrary">
<msg time="2024-04-04T18:17:41.126392" level="INFO">GET Request : url=https://randomuser.me/api 
 path_url=/api 
 headers={'User-Agent': 'python-requests/2.31.0', 'Accept-Encoding': 'gzip, deflate', 'Accept': '*/*', 'Connection': 'keep-alive'} 
 body=None 
 </msg>
<msg time="2024-04-04T18:17:41.126506" level="INFO">GET Response : url=https://randomuser.me/api 
 status=200, reason=OK 
 headers={'Date': 'Thu, 04 Apr 2024 18:17:41 GMT', 'Content-Type': 'application/json; charset=utf-8', 'Transfer-Encoding': 'chunked', 'Connection': 'keep-alive', 'X-Powered-By': 'Express', 'Access-Control-Allow-Origin': '*', 'Cache-Control': 'no-cache', 'ETag': 'W/"4a6-EvRVkYY0w/bEmYmEbQdyo3U/k5E"', 'Vary': 'Accept-Encoding', 'Content-Encoding': 'gzip', 'CF-Cache-Status': 'DYNAMIC', 'Report-To': '{"endpoints":[{"url":"https:\\/\\/a.nel.cloudflare.com\\/report\\/v4?s=jFIr%2F13xRObRhzlBHrjfe81gPLiEVqCjv2%2BcH%2BaUllbh2Tb9giScAcsNxQ85NYYsnwOaXuPA2CSU5GaoKJNw7Qwmz9mqHcM70hfKR%2BMyduoSmX2ZD3HIadhE2k8kl5iL"}],"group":"cf-nel","max_age":604800}', 'NEL': '{"success_fraction":0,"report_to":"cf-nel","max_age":604800}', 'Server': 'cloudflare', 'CF-RAY': '86f34bef5f4356d4-IAD', 'alt-svc': 'h3=":443"; ma=86400'} 
 body={"results":[{"gender":"male","name":{"title":"Monsieur","first":"Boris","last":"Marchand"},"location":{"street":{"number":5437,"name":"Rue des Chartreux"},"city":"Salvan","state":"Appenzell Innerrhoden","country":"Switzerland","postcode":3451,"coordinates":{"latitude":"-63.5190","longitude":"-64.8182"},"timezone":{"offset":"+2:00","description":"Kaliningrad, South Africa"}},"email":"boris.marchand@example.com","login":{"uuid":"2988bc10-fd15-4411-aefc-d4614b583a72","username":"yellowpeacock842","password":"valhalla","salt":"7Yeurhhi","md5":"b0b9d35d9180ddf2943cd6085dea2da8","sha1":"fe6ba3aed88478c67a06dc7d16e6e9ce25696237","sha256":"5b76be7e2af629213b02fa9488877509cfb8fe9d5eb19b3e3c75340de85a53fd"},"dob":{"date":"1962-02-02T07:40:25.883Z","age":62},"registered":{"date":"2010-12-13T12:58:58.588Z","age":13},"phone":"078 352 64 10","cell":"076 123 60 21","id":{"name":"AVS","value":"756.2816.0337.81"},"picture":{"large":"https://randomuser.me/api/portraits/men/6.jpg","medium":"https://randomuser.me/api/portraits/med/men/6.jpg","thumbnail":"https://randomuser.me/api/portraits/thumb/men/6.jpg"},"nat":"CH"}],"info":{"seed":"4344ed7e97a4e019","results":1,"page":1,"version":"1.4"}} 
 </msg>
<msg time="2024-04-04T18:17:41.126604" level="INFO">/opt/hostedtoolcache/Python/3.12.2/x64/lib/python3.12/site-packages/urllib3/connectionpool.py:1103: InsecureRequestWarning: Unverified HTTPS request is being made to host 'randomuser.me'. Adding certificate verification is strongly advised. See: https://urllib3.readthedocs.io/en/latest/advanced-usage.html#tls-warnings
  warnings.warn(</msg>
<msg time="2024-04-04T18:17:41.126766" level="INFO">${response} = &lt;Response [200]&gt;</msg>
<var>${response}</var>
<arg>consultarAPI</arg>
<arg>/api</arg>
<doc>Sends a GET request on a previously created HTTP Session.</doc>
<status status="PASS" start="2024-04-04T18:17:41.013296" elapsed="0.113513"/>
</kw>
<kw name="Set Variable" owner="BuiltIn">
<msg time="2024-04-04T18:17:41.127921" level="INFO">${json_data} = {'results': [{'gender': 'male', 'name': {'title': 'Monsieur', 'first': 'Boris', 'last': 'Marchand'}, 'location': {'street': {'number': 5437, 'name': 'Rue des Chartreux'}, 'city': 'Salvan', 'state': 'A...</msg>
<var>${json_data}</var>
<arg>${response.json()}</arg>
<doc>Returns the given values which can then be assigned to a variables.</doc>
<status status="PASS" start="2024-04-04T18:17:41.127384" elapsed="0.000566"/>
</kw>
<kw name="Log" owner="BuiltIn">
<msg time="2024-04-04T18:17:41.128431" level="INFO">{'results': [{'gender': 'male', 'name': {'title': 'Monsieur', 'first': 'Boris', 'last': 'Marchand'}, 'location': {'street': {'number': 5437, 'name': 'Rue des Chartreux'}, 'city': 'Salvan', 'state': 'Appenzell Innerrhoden', 'country': 'Switzerland', 'postcode': 3451, 'coordinates': {'latitude': '-63.5190', 'longitude': '-64.8182'}, 'timezone': {'offset': '+2:00', 'description': 'Kaliningrad, South Africa'}}, 'email': 'boris.marchand@example.com', 'login': {'uuid': '2988bc10-fd15-4411-aefc-d4614b583a72', 'username': 'yellowpeacock842', 'password': 'valhalla', 'salt': '7Yeurhhi', 'md5': 'b0b9d35d9180ddf2943cd6085dea2da8', 'sha1': 'fe6ba3aed88478c67a06dc7d16e6e9ce25696237', 'sha256': '5b76be7e2af629213b02fa9488877509cfb8fe9d5eb19b3e3c75340de85a53fd'}, 'dob': {'date': '1962-02-02T07:40:25.883Z', 'age': 62}, 'registered': {'date': '2010-12-13T12:58:58.588Z', 'age': 13}, 'phone': '078 352 64 10', 'cell': '076 123 60 21', 'id': {'name': 'AVS', 'value': '756.2816.0337.81'}, 'picture': {'large': 'https://randomuser.me/api/portraits/men/6.jpg', 'medium': 'https://randomuser.me/api/portraits/med/men/6.jpg', 'thumbnail': 'https://randomuser.me/api/portraits/thumb/men/6.jpg'}, 'nat': 'CH'}], 'info': {'seed': '4344ed7e97a4e019', 'results': 1, 'page': 1, 'version': '1.4'}}</msg>
<arg>${json_data}</arg>
<doc>Logs the given message with the given level.</doc>
<status status="PASS" start="2024-04-04T18:17:41.128271" elapsed="0.000248"/>
</kw>
<kw name="Should Be Equal As Numbers" owner="BuiltIn">
<arg>${json_data['results'][0]['location']['postcode']}</arg>
<arg>${json_data['results'][0]['location']['postcode']}</arg>
<doc>Fails if objects are unequal after converting them to real numbers.</doc>
<status status="PASS" start="2024-04-04T18:17:41.128829" elapsed="0.000640"/>
</kw>
<kw name="Log" owner="BuiltIn">
<msg time="2024-04-04T18:17:41.130010" level="INFO">3451</msg>
<arg>${json_data['results'][0]['location']['postcode']}</arg>
<doc>Logs the given message with the given level.</doc>
<status status="PASS" start="2024-04-04T18:17:41.129667" elapsed="0.000385"/>
</kw>
<status status="PASS" start="2024-04-04T18:17:41.012892" elapsed="0.117423"/>
</kw>
<doc>Testa se os tipos de dados na resposta da API estão corretos.</doc>
<tag>testeTiposDados</tag>
<status status="PASS" start="2024-04-04T18:17:40.930140" elapsed="0.200358"/>
</test>
<test id="s1-s1-t5" name="Validar conteudo" line="35">
<kw name="Teste de Tipos de Conteudo" owner="random-user-service">
<kw name="GET On Session" owner="RequestsLibrary">
<msg time="2024-04-04T18:17:41.210725" level="INFO">GET Request : url=https://randomuser.me/api 
 path_url=/api 
 headers={'User-Agent': 'python-requests/2.31.0', 'Accept-Encoding': 'gzip, deflate', 'Accept': '*/*', 'Connection': 'keep-alive'} 
 body=None 
 </msg>
<msg time="2024-04-04T18:17:41.210840" level="INFO">GET Response : url=https://randomuser.me/api 
 status=200, reason=OK 
 headers={'Date': 'Thu, 04 Apr 2024 18:17:41 GMT', 'Content-Type': 'application/json; charset=utf-8', 'Transfer-Encoding': 'chunked', 'Connection': 'keep-alive', 'X-Powered-By': 'Express', 'Access-Control-Allow-Origin': '*', 'Cache-Control': 'no-cache', 'ETag': 'W/"49b-x9rz6Ifn7TPA9Zxi4JEJSadETVg"', 'Vary': 'Accept-Encoding', 'Content-Encoding': 'gzip', 'CF-Cache-Status': 'DYNAMIC', 'Report-To': '{"endpoints":[{"url":"https:\\/\\/a.nel.cloudflare.com\\/report\\/v4?s=r%2B1YKKdYlbqCStaPWUXwiOz4uQ3KLcSajYJ1X2wcej111ldJ4D47AECMKDrEOqYHgKSwZLOiBjIv2DDHVbciaiHL7tDI0HfvsDNvuYfMSr%2B%2BR9w7lgz59xL8n6w283mH"}],"group":"cf-nel","max_age":604800}', 'NEL': '{"success_fraction":0,"report_to":"cf-nel","max_age":604800}', 'Server': 'cloudflare', 'CF-RAY': '86f34bf01ff456d4-IAD', 'alt-svc': 'h3=":443"; ma=86400'} 
 body={"results":[{"gender":"female","name":{"title":"Mrs","first":"Hailey","last":"Tremblay"},"location":{"street":{"number":8864,"name":"Elgin St"},"city":"Summerside","state":"Northwest Territories","country":"Canada","postcode":"I2E 3C7","coordinates":{"latitude":"-70.1449","longitude":"76.2320"},"timezone":{"offset":"-7:00","description":"Mountain Time (US &amp; Canada)"}},"email":"hailey.tremblay@example.com","login":{"uuid":"7ea2e7d6-359d-48c0-b74b-45b052439f1e","username":"sadfish402","password":"cosworth","salt":"wLZIXapC","md5":"6f3d229e830d3cb4dcfe90f2d2354a7f","sha1":"07a3a75febc1ad1f5f8e28f43c52d7cc28c0298b","sha256":"5d1fb873e176d6c8a0663478e410d940c2a1ae195d09da2bf493a266f5db6a1b"},"dob":{"date":"1985-03-28T03:20:54.428Z","age":39},"registered":{"date":"2003-03-06T16:50:29.003Z","age":21},"phone":"D22 P91-9448","cell":"O43 N39-6277","id":{"name":"SIN","value":"886520253"},"picture":{"large":"https://randomuser.me/api/portraits/women/34.jpg","medium":"https://randomuser.me/api/portraits/med/women/34.jpg","thumbnail":"https://randomuser.me/api/portraits/thumb/women/34.jpg"},"nat":"CA"}],"info":{"seed":"04d8cf16995d1025","results":1,"page":1,"version":"1.4"}} 
 </msg>
<msg time="2024-04-04T18:17:41.210916" level="INFO">/opt/hostedtoolcache/Python/3.12.2/x64/lib/python3.12/site-packages/urllib3/connectionpool.py:1103: InsecureRequestWarning: Unverified HTTPS request is being made to host 'randomuser.me'. Adding certificate verification is strongly advised. See: https://urllib3.readthedocs.io/en/latest/advanced-usage.html#tls-warnings
  warnings.warn(</msg>
<msg time="2024-04-04T18:17:41.211058" level="INFO">${response} = &lt;Response [200]&gt;</msg>
<var>${response}</var>
<arg>consultarAPI</arg>
<arg>/api</arg>
<doc>Sends a GET request on a previously created HTTP Session.</doc>
<status status="PASS" start="2024-04-04T18:17:41.133056" elapsed="0.078041"/>
</kw>
<kw name="Set Variable" owner="BuiltIn">
<msg time="2024-04-04T18:17:41.212374" level="INFO">${json_data} = {'results': [{'gender': 'female', 'name': {'title': 'Mrs', 'first': 'Hailey', 'last': 'Tremblay'}, 'location': {'street': {'number': 8864, 'name': 'Elgin St'}, 'city': 'Summerside', 'state': 'Northwes...</msg>
<var>${json_data}</var>
<arg>${response.json()}</arg>
<doc>Returns the given values which can then be assigned to a variables.</doc>
<status status="PASS" start="2024-04-04T18:17:41.211819" elapsed="0.000583"/>
</kw>
<kw name="Set Variable" owner="BuiltIn">
<msg time="2024-04-04T18:17:41.213102" level="INFO">${name_title} = Mrs</msg>
<var>${name_title}</var>
<arg>${json_data["results"][0]["name"]["title"]}</arg>
<doc>Returns the given values which can then be assigned to a variables.</doc>
<status status="PASS" start="2024-04-04T18:17:41.212714" elapsed="0.000414"/>
</kw>
<kw name="Create List" owner="BuiltIn">
<msg time="2024-04-04T18:17:41.213581" level="INFO">${allowed_titles} = ['Mr', 'Ms', 'Miss', 'Mrs', 'Madame', 'Monsieur']</msg>
<var>${allowed_titles}</var>
<arg>Mr</arg>
<arg>Ms</arg>
<arg>Miss</arg>
<arg>Mrs</arg>
<arg>Madame</arg>
<arg>Monsieur</arg>
<doc>Returns a list containing given items.</doc>
<status status="PASS" start="2024-04-04T18:17:41.213431" elapsed="0.000174"/>
</kw>
<kw name="List Should Contain Value" owner="Collections">
<msg time="2024-04-04T18:17:41.214093" level="INFO">False</msg>
<arg>${allowed_titles}</arg>
<arg>${name_title}</arg>
<doc>Fails if the ``value`` is not found from ``list``.</doc>
<status status="PASS" start="2024-04-04T18:17:41.213916" elapsed="0.000214"/>
</kw>
<kw name="Set Variable" owner="BuiltIn">
<msg time="2024-04-04T18:17:41.214802" level="INFO">${name_country} = CA</msg>
<var>${name_country}</var>
<arg>${json_data["results"][0]["nat"]}</arg>
<doc>Returns the given values which can then be assigned to a variables.</doc>
<status status="PASS" start="2024-04-04T18:17:41.214420" elapsed="0.000407"/>
</kw>
<kw name="Create List" owner="BuiltIn">
<msg time="2024-04-04T18:17:41.215773" level="INFO">${list_country} = ['AD', 'AE', 'AF', 'AG', 'AI', 'AL', 'AM', 'AO', 'AQ', 'AR', 'AS', 'AT', 'AU', 'AW', 'AX', 'AZ', 'BA', 'BB', 'BD', 'BE', 'BF', 'BG', 'BH', 'BI', 'BJ', 'BL', 'BM', 'BN', 'BO', 'BQ', 'BR', 'BS', 'BT', '...</msg>
<var>${list_country}</var>
<arg>AD</arg>
<arg>AE</arg>
<arg>AF</arg>
<arg>AG</arg>
<arg>AI</arg>
<arg>AL</arg>
<arg>AM</arg>
<arg>AO</arg>
<arg>AQ</arg>
<arg>AR</arg>
<arg>AS</arg>
<arg>AT</arg>
<arg>AU</arg>
<arg>AW</arg>
<arg>AX</arg>
<arg>AZ</arg>
<arg>BA</arg>
<arg>BB</arg>
<arg>BD</arg>
<arg>BE</arg>
<arg>BF</arg>
<arg>BG</arg>
<arg>BH</arg>
<arg>BI</arg>
<arg>BJ</arg>
<arg>BL</arg>
<arg>BM</arg>
<arg>BN</arg>
<arg>BO</arg>
<arg>BQ</arg>
<arg>BR</arg>
<arg>BS</arg>
<arg>BT</arg>
<arg>BV</arg>
<arg>BW</arg>
<arg>BY</arg>
<arg>BZ</arg>
<arg>CA</arg>
<arg>CC</arg>
<arg>CD</arg>
<arg>CF</arg>
<arg>CG</arg>
<arg>CH</arg>
<arg>CI</arg>
<arg>CK</arg>
<arg>CL</arg>
<arg>CM</arg>
<arg>CN</arg>
<arg>CO</arg>
<arg>CR</arg>
<arg>CU</arg>
<arg>CV</arg>
<arg>CW</arg>
<arg>CX</arg>
<arg>CY</arg>
<arg>CZ</arg>
<arg>DE</arg>
<arg>DJ</arg>
<arg>DK</arg>
<arg>DM</arg>
<arg>DO</arg>
<arg>DZ</arg>
<arg>EC</arg>
<arg>EE</arg>
<arg>EG</arg>
<arg>EH</arg>
<arg>ER</arg>
<arg>ES</arg>
<arg>ET</arg>
<arg>FI</arg>
<arg>FJ</arg>
<arg>FK</arg>
<arg>FM</arg>
<arg>FO</arg>
<arg>FR</arg>
<arg>GA</arg>
<arg>GB</arg>
<arg>GD</arg>
<arg>GE</arg>
<arg>GF</arg>
<arg>GG</arg>
<arg>GH</arg>
<arg>GI</arg>
<arg>GL</arg>
<arg>GM</arg>
<arg>GN</arg>
<arg>GP</arg>
<arg>GQ</arg>
<arg>GR</arg>
<arg>GS</arg>
<arg>GT</arg>
<arg>GU</arg>
<arg>GW</arg>
<arg>GY</arg>
<arg>HK</arg>
<arg>HM</arg>
<arg>HN</arg>
<arg>HR</arg>
<arg>HT</arg>
<arg>HU</arg>
<arg>ID</arg>
<arg>IE</arg>
<arg>IL</arg>
<arg>IM</arg>
<arg>IN</arg>
<arg>IO</arg>
<arg>IQ</arg>
<arg>IR</arg>
<arg>IS</arg>
<arg>IT</arg>
<arg>JE</arg>
<arg>JM</arg>
<arg>JO</arg>
<arg>JP</arg>
<arg>KE</arg>
<arg>KG</arg>
<arg>KH</arg>
<arg>KI</arg>
<arg>KM</arg>
<arg>KN</arg>
<arg>KP</arg>
<arg>KR</arg>
<arg>KW</arg>
<arg>KY</arg>
<arg>KZ</arg>
<arg>LA</arg>
<arg>LB</arg>
<arg>LC</arg>
<arg>LI</arg>
<arg>LK</arg>
<arg>LR</arg>
<arg>LS</arg>
<arg>LT</arg>
<arg>LU</arg>
<arg>LV</arg>
<arg>LY</arg>
<arg>MA</arg>
<arg>MC</arg>
<arg>MD</arg>
<arg>ME</arg>
<arg>MF</arg>
<arg>MG</arg>
<arg>MH</arg>
<arg>MK</arg>
<arg>ML</arg>
<arg>MM</arg>
<arg>MN</arg>
<arg>MO</arg>
<arg>MP</arg>
<arg>MQ</arg>
<arg>MR</arg>
<arg>MS</arg>
<arg>MT</arg>
<arg>MU</arg>
<arg>MV</arg>
<arg>MW</arg>
<arg>MX</arg>
<arg>MY</arg>
<arg>MZ</arg>
<arg>NA</arg>
<arg>NC</arg>
<arg>NE</arg>
<arg>NF</arg>
<arg>NG</arg>
<arg>NI</arg>
<arg>NL</arg>
<arg>NO</arg>
<arg>NP</arg>
<arg>NR</arg>
<arg>NU</arg>
<arg>NZ</arg>
<arg>OM</arg>
<arg>PA</arg>
<arg>PE</arg>
<arg>PF</arg>
<arg>PG</arg>
<arg>PH</arg>
<arg>PK</arg>
<arg>PL</arg>
<arg>PM</arg>
<arg>PN</arg>
<arg>PR</arg>
<arg>PS</arg>
<arg>PT</arg>
<arg>PW</arg>
<arg>PY</arg>
<arg>QA</arg>
<arg>RE</arg>
<arg>RO</arg>
<arg>RS</arg>
<arg>RU</arg>
<arg>RW</arg>
<arg>SA</arg>
<arg>SB</arg>
<arg>SC</arg>
<arg>SD</arg>
<arg>SE</arg>
<arg>SG</arg>
<arg>SH</arg>
<arg>SI</arg>
<arg>SJ</arg>
<arg>SK</arg>
<arg>SL</arg>
<arg>SM</arg>
<arg>SN</arg>
<arg>SO</arg>
<arg>SR</arg>
<arg>SS</arg>
<arg>ST</arg>
<arg>SV</arg>
<arg>SX</arg>
<arg>SY</arg>
<arg>SZ</arg>
<arg>TC</arg>
<arg>TD</arg>
<arg>TF</arg>
<arg>TG</arg>
<arg>TH</arg>
<arg>TJ</arg>
<arg>TK</arg>
<arg>TL</arg>
<arg>TM</arg>
<arg>TN</arg>
<arg>TO</arg>
<arg>TR</arg>
<arg>TT</arg>
<arg>TV</arg>
<arg>TW</arg>
<arg>TZ</arg>
<arg>UA</arg>
<arg>UG</arg>
<arg>UM</arg>
<arg>US</arg>
<arg>UY</arg>
<arg>UZ</arg>
<arg>VA</arg>
<arg>VC</arg>
<arg>VE</arg>
<arg>VG</arg>
<arg>VI</arg>
<arg>VN</arg>
<arg>VU</arg>
<arg>WF</arg>
<arg>WS</arg>
<arg>XK</arg>
<arg>YE</arg>
<arg>YT</arg>
<arg>ZA</arg>
<arg>ZM</arg>
<arg>ZW</arg>
<doc>Returns a list containing given items.</doc>
<status status="PASS" start="2024-04-04T18:17:41.215137" elapsed="0.000663"/>
</kw>
<kw name="List Should Contain Value" owner="Collections">
<msg time="2024-04-04T18:17:41.216948" level="INFO">False</msg>
<arg>${list_country}</arg>
<arg>${name_country}</arg>
<doc>Fails if the ``value`` is not found from ``list``.</doc>
<status status="PASS" start="2024-04-04T18:17:41.216742" elapsed="0.000245"/>
</kw>
<kw name="Run Keyword If" owner="BuiltIn">
<kw name="Should Be True" owner="BuiltIn">
<arg>${True}</arg>
<doc>Fails if the given condition is not true.</doc>
<status status="PASS" start="2024-04-04T18:17:41.218096" elapsed="0.000153"/>
</kw>
<arg>${json_data["results"][0]["location"]["coordinates"]["latitude"]} &gt;= -90 and ${json_data["results"][0]["location"]["coordinates"]["latitude"]} &lt;= 90</arg>
<arg>Should Be True</arg>
<arg>${True}</arg>
<doc>Runs the given keyword with the given arguments, if ``condition`` is true.</doc>
<status status="PASS" start="2024-04-04T18:17:41.217308" elapsed="0.001068"/>
</kw>
<kw name="Run Keyword If" owner="BuiltIn">
<kw name="Should Be True" owner="BuiltIn">
<arg>${True}</arg>
<doc>Fails if the given condition is not true.</doc>
<status status="PASS" start="2024-04-04T18:17:41.219260" elapsed="0.000173"/>
</kw>
<arg>${json_data["results"][0]["location"]["coordinates"]["longitude"]} &gt;= -180 and ${json_data["results"][0]["location"]["coordinates"]["longitude"]} &lt;= 180</arg>
<arg>Should Be True</arg>
<arg>${True}</arg>
<doc>Runs the given keyword with the given arguments, if ``condition`` is true.</doc>
<status status="PASS" start="2024-04-04T18:17:41.218562" elapsed="0.001000"/>
</kw>
<status status="PASS" start="2024-04-04T18:17:41.132823" elapsed="0.086875"/>
</kw>
<doc>Testa o conteúdo específico dos campos retornados pela API.</doc>
<tag>testeConteudo</tag>
<status status="PASS" start="2024-04-04T18:17:41.132358" elapsed="0.087503"/>
</test>
<status status="PASS" start="2024-04-04T18:17:40.393470" elapsed="0.828390"/>
</suite>
<status status="PASS" start="2024-04-04T18:17:40.379258" elapsed="0.848011"/>
</suite>
<statistics>
<total>
<stat pass="5" fail="0" skip="0">All Tests</stat>
</total>
<tag>
<stat pass="1" fail="0" skip="0">testeConteudo</stat>
<stat pass="1" fail="0" skip="0">testeEstruturaResposta</stat>
<stat pass="1" fail="0" skip="0">testeRequisicaoBasica</stat>
<stat pass="1" fail="0" skip="0">testeTiposDados</stat>
</tag>
<suite>
<stat pass="5" fail="0" skip="0" id="s1" name="Tests">Tests</stat>
<stat pass="5" fail="0" skip="0" id="s1-s1" name="Random-User-Test">Tests.Random-User-Test</stat>
</suite>
</statistics>
<errors>
</errors>
</robot>
