<?xml version="1.0" encoding="UTF-8"?>
<robot generator="Robot 7.0.1 (Python 3.12.3 on linux)" generated="2024-06-17T03:18:12.802091" rpa="false" schemaversion="5">
<suite id="s1" name="Tests" source="/home/runner/work/ApiRandomUser/ApiRandomUser/RamdonUser/tests">
<suite id="s1-s1" name="Random-User-Test" source="/home/runner/work/ApiRandomUser/ApiRandomUser/RamdonUser/tests/random-user-test.robot">
<test id="s1-s1-t1" name="Conectar" line="13">
<kw name="Conectar API" owner="random-user-service">
<kw name="Create Session" owner="RequestsLibrary">
<msg time="2024-06-17T03:18:13.217382" level="INFO">Creating Session using : alias=consultarAPI, url=https://randomuser.me/, headers={},                     cookies={}, auth=None, timeout=None, proxies=None, verify=False,                     debug=0 </msg>
<arg>consultarAPI</arg>
<arg>${URL}</arg>
<doc>Create Session: create a HTTP session to a server</doc>
<status status="PASS" start="2024-06-17T03:18:13.217154" elapsed="0.000427"/>
</kw>
<status status="PASS" start="2024-06-17T03:18:13.215970" elapsed="0.002022"/>
</kw>
<status status="PASS" start="2024-06-17T03:18:13.215363" elapsed="0.002836"/>
</test>
<test id="s1-s1-t2" name="Validar retorno 200 e JSON Válido" line="16">
<kw name="Teste de Requisicao Basica" owner="random-user-service">
<kw name="GET On Session" owner="RequestsLibrary">
<msg time="2024-06-17T03:18:13.293749" level="INFO">GET Request : url=https://randomuser.me/api 
 path_url=/api 
 headers={'User-Agent': 'python-requests/2.32.3', 'Accept-Encoding': 'gzip, deflate', 'Accept': '*/*', 'Connection': 'keep-alive'} 
 body=None 
 </msg>
<msg time="2024-06-17T03:18:13.293909" level="INFO">GET Response : url=https://randomuser.me/api 
 status=200, reason=OK 
 headers={'Date': 'Mon, 17 Jun 2024 03:18:13 GMT', 'Content-Type': 'application/json; charset=utf-8', 'Transfer-Encoding': 'chunked', 'Connection': 'keep-alive', 'X-Powered-By': 'Express', 'Access-Control-Allow-Origin': '*', 'Cache-Control': 'no-cache', 'ETag': 'W/"48f-cZkICcrrV9K3+G0VAKuW0GaSC/M"', 'Vary': 'Accept-Encoding', 'Content-Encoding': 'gzip', 'CF-Cache-Status': 'DYNAMIC', 'Report-To': '{"endpoints":[{"url":"https:\\/\\/a.nel.cloudflare.com\\/report\\/v4?s=U4RbOC3tVwMmrVvOxpameyQfmBgJHWQRH2Mkrw%2Bx35riKCVPZuYPdVbF7Jk7Ml4umwuXeVMMpz4VB4Rp2Wau9gU3HNOcxcCinKqx4LizbvOiplHf9ejBGozv5zowKJFe"}],"group":"cf-nel","max_age":604800}', 'NEL': '{"success_fraction":0,"report_to":"cf-nel","max_age":604800}', 'Server': 'cloudflare', 'CF-RAY': '894fe41cdc3f114f-ORD', 'alt-svc': 'h3=":443"; ma=86400'} 
 body={"results":[{"gender":"male","name":{"title":"Mr","first":"Ceyhun","last":"Yorulmaz"},"location":{"street":{"number":2200,"name":"Şehitler Cd"},"city":"Aksaray","state":"Bursa","country":"Turkey","postcode":65605,"coordinates":{"latitude":"68.2093","longitude":"-72.5505"},"timezone":{"offset":"0:00","description":"Western Europe Time, London, Lisbon, Casablanca"}},"email":"ceyhun.yorulmaz@example.com","login":{"uuid":"2e735d39-371e-469f-a788-4726bde85c15","username":"orangeleopard364","password":"homer","salt":"mEd6xJ06","md5":"d300c7bbac82c5441e5aaf258fe35a76","sha1":"cbde2bdbb32433f8a4c7ee5a4f21cb042918fa16","sha256":"5c95d1024652829aeecc232e0875c62af52c80e1786e02090267b71899d25966"},"dob":{"date":"1972-12-03T21:39:15.976Z","age":51},"registered":{"date":"2005-02-11T23:59:41.831Z","age":19},"phone":"(788)-537-0343","cell":"(152)-322-6017","id":{"name":"","value":null},"picture":{"large":"https://randomuser.me/api/portraits/men/40.jpg","medium":"https://randomuser.me/api/portraits/med/men/40.jpg","thumbnail":"https://randomuser.me/api/portraits/thumb/men/40.jpg"},"nat":"TR"}],"info":{"seed":"eae585337081b2c7","results":1,"page":1,"version":"1.4"}} 
 </msg>
<msg time="2024-06-17T03:18:13.293998" level="INFO">/opt/hostedtoolcache/Python/3.12.3/x64/lib/python3.12/site-packages/urllib3/connectionpool.py:1103: InsecureRequestWarning: Unverified HTTPS request is being made to host 'randomuser.me'. Adding certificate verification is strongly advised. See: https://urllib3.readthedocs.io/en/latest/advanced-usage.html#tls-warnings
  warnings.warn(</msg>
<msg time="2024-06-17T03:18:13.294162" level="INFO">${response} = &lt;Response [200]&gt;</msg>
<var>${response}</var>
<arg>consultarAPI</arg>
<arg>/api</arg>
<doc>Sends a GET request on a previously created HTTP Session.</doc>
<status status="PASS" start="2024-06-17T03:18:13.221024" elapsed="0.073200"/>
</kw>
<kw name="Should Be Equal As Numbers" owner="BuiltIn">
<msg time="2024-06-17T03:18:13.295572" level="INFO">Argument types are:
&lt;class 'int'&gt;
&lt;class 'str'&gt;</msg>
<arg>${response.status_code}</arg>
<arg>200</arg>
<doc>Fails if objects are unequal after converting them to real numbers.</doc>
<status status="PASS" start="2024-06-17T03:18:13.294902" elapsed="0.000739"/>
</kw>
<kw name="Log" owner="BuiltIn">
<msg time="2024-06-17T03:18:13.296398" level="INFO">200</msg>
<arg>${response.status_code}</arg>
<doc>Logs the given message with the given level.</doc>
<status status="PASS" start="2024-06-17T03:18:13.296031" elapsed="0.000416"/>
</kw>
<kw name="Set Variable" owner="BuiltIn">
<msg time="2024-06-17T03:18:13.297222" level="INFO">${json_data} = {'results': [{'gender': 'male', 'name': {'title': 'Mr', 'first': 'Ceyhun', 'last': 'Yorulmaz'}, 'location': {'street': {'number': 2200, 'name': 'Şehitler Cd'}, 'city': 'Aksaray', 'state': 'Bursa', 'co...</msg>
<var>${json_data}</var>
<arg>${response.json()}</arg>
<doc>Returns the given values which can then be assigned to a variables.</doc>
<status status="PASS" start="2024-06-17T03:18:13.296757" elapsed="0.000496"/>
</kw>
<kw name="Dictionary Should Contain Key" owner="Collections">
<arg>${json_data}</arg>
<arg>results</arg>
<doc>Fails if ``key`` is not found from ``dictionary``.</doc>
<status status="PASS" start="2024-06-17T03:18:13.297563" elapsed="0.000166"/>
</kw>
<status status="PASS" start="2024-06-17T03:18:13.220766" elapsed="0.077118"/>
</kw>
<doc>Testa se a API responde corretamente e retorna um objeto JSON válido.</doc>
<tag>testeRequisicaoBasica</tag>
<status status="PASS" start="2024-06-17T03:18:13.220158" elapsed="0.077924"/>
</test>
<test id="s1-s1-t3" name="Validar estrutura de resposta" line="22">
<kw name="Teste de Estrutura de Resposta" owner="random-user-service">
<kw name="GET On Session" owner="RequestsLibrary">
<msg time="2024-06-17T03:18:13.582464" level="INFO">GET Request : url=https://randomuser.me/api 
 path_url=/api 
 headers={'User-Agent': 'python-requests/2.32.3', 'Accept-Encoding': 'gzip, deflate', 'Accept': '*/*', 'Connection': 'keep-alive'} 
 body=None 
 </msg>
<msg time="2024-06-17T03:18:13.582568" level="INFO">GET Response : url=https://randomuser.me/api 
 status=200, reason=OK 
 headers={'Date': 'Mon, 17 Jun 2024 03:18:13 GMT', 'Content-Type': 'application/json; charset=utf-8', 'Transfer-Encoding': 'chunked', 'Connection': 'keep-alive', 'X-Powered-By': 'Express', 'Access-Control-Allow-Origin': '*', 'Cache-Control': 'no-cache', 'ETag': 'W/"497-4DymPGOdOBJ39PcBOUkNc3jtEnY"', 'Vary': 'Accept-Encoding', 'Content-Encoding': 'gzip', 'CF-Cache-Status': 'DYNAMIC', 'Report-To': '{"endpoints":[{"url":"https:\\/\\/a.nel.cloudflare.com\\/report\\/v4?s=%2BRtICa%2FosJIya1BmXEOwc9QCO2mlBH24OfSi74fkbsp7LU6lt8%2Btxd6fozsUt6cObybOAU2GDs5V9oox%2BZkRMuV8TsZBtWmlgFQn45cwjtN5hqD4UBXeZslxeNBfte4v"}],"group":"cf-nel","max_age":604800}', 'NEL': '{"success_fraction":0,"report_to":"cf-nel","max_age":604800}', 'Server': 'cloudflare', 'CF-RAY': '894fe41d2c90114f-ORD', 'alt-svc': 'h3=":443"; ma=86400'} 
 body={"results":[{"gender":"female","name":{"title":"Ms","first":"Tara","last":"Wade"},"location":{"street":{"number":7738,"name":"James St"},"city":"Warragul","state":"Northern Territory","country":"Australia","postcode":5196,"coordinates":{"latitude":"-81.4305","longitude":"95.6405"},"timezone":{"offset":"0:00","description":"Western Europe Time, London, Lisbon, Casablanca"}},"email":"tara.wade@example.com","login":{"uuid":"eec7c6f5-20c2-4ec7-b0f1-be9c3b9e8f04","username":"bigpanda937","password":"vodka","salt":"cWi5VC0d","md5":"5364df704a1ad8d48bc57219823d987b","sha1":"482185a6de5c9f2ec4b1667998164d3b520ca4d4","sha256":"75ae5b850148cd5c09945645cfa3e184ea3292f65f85ff710245d57c5ca9b4e0"},"dob":{"date":"1979-02-09T12:08:09.084Z","age":45},"registered":{"date":"2018-06-25T07:54:18.877Z","age":5},"phone":"07-5959-0244","cell":"0468-060-225","id":{"name":"TFN","value":"554002094"},"picture":{"large":"https://randomuser.me/api/portraits/women/21.jpg","medium":"https://randomuser.me/api/portraits/med/women/21.jpg","thumbnail":"https://randomuser.me/api/portraits/thumb/women/21.jpg"},"nat":"AU"}],"info":{"seed":"622f28f30606b343","results":1,"page":1,"version":"1.4"}} 
 </msg>
<msg time="2024-06-17T03:18:13.582731" level="INFO">/opt/hostedtoolcache/Python/3.12.3/x64/lib/python3.12/site-packages/urllib3/connectionpool.py:1103: InsecureRequestWarning: Unverified HTTPS request is being made to host 'randomuser.me'. Adding certificate verification is strongly advised. See: https://urllib3.readthedocs.io/en/latest/advanced-usage.html#tls-warnings
  warnings.warn(</msg>
<msg time="2024-06-17T03:18:13.582885" level="INFO">${response} = &lt;Response [200]&gt;</msg>
<var>${response}</var>
<arg>consultarAPI</arg>
<arg>/api</arg>
<doc>Sends a GET request on a previously created HTTP Session.</doc>
<status status="PASS" start="2024-06-17T03:18:13.301279" elapsed="0.281652"/>
</kw>
<kw name="Set Variable" owner="BuiltIn">
<msg time="2024-06-17T03:18:13.583970" level="INFO">${json_data} = {'results': [{'gender': 'female', 'name': {'title': 'Ms', 'first': 'Tara', 'last': 'Wade'}, 'location': {'street': {'number': 7738, 'name': 'James St'}, 'city': 'Warragul', 'state': 'Northern Territor...</msg>
<var>${json_data}</var>
<arg>${response.json()}</arg>
<doc>Returns the given values which can then be assigned to a variables.</doc>
<status status="PASS" start="2024-06-17T03:18:13.583444" elapsed="0.000581"/>
</kw>
<kw name="Log" owner="BuiltIn">
<msg time="2024-06-17T03:18:13.584506" level="INFO">{'results': [{'gender': 'female', 'name': {'title': 'Ms', 'first': 'Tara', 'last': 'Wade'}, 'location': {'street': {'number': 7738, 'name': 'James St'}, 'city': 'Warragul', 'state': 'Northern Territory', 'country': 'Australia', 'postcode': 5196, 'coordinates': {'latitude': '-81.4305', 'longitude': '95.6405'}, 'timezone': {'offset': '0:00', 'description': 'Western Europe Time, London, Lisbon, Casablanca'}}, 'email': 'tara.wade@example.com', 'login': {'uuid': 'eec7c6f5-20c2-4ec7-b0f1-be9c3b9e8f04', 'username': 'bigpanda937', 'password': 'vodka', 'salt': 'cWi5VC0d', 'md5': '5364df704a1ad8d48bc57219823d987b', 'sha1': '482185a6de5c9f2ec4b1667998164d3b520ca4d4', 'sha256': '75ae5b850148cd5c09945645cfa3e184ea3292f65f85ff710245d57c5ca9b4e0'}, 'dob': {'date': '1979-02-09T12:08:09.084Z', 'age': 45}, 'registered': {'date': '2018-06-25T07:54:18.877Z', 'age': 5}, 'phone': '07-5959-0244', 'cell': '0468-060-225', 'id': {'name': 'TFN', 'value': '554002094'}, 'picture': {'large': 'https://randomuser.me/api/portraits/women/21.jpg', 'medium': 'https://randomuser.me/api/portraits/med/women/21.jpg', 'thumbnail': 'https://randomuser.me/api/portraits/thumb/women/21.jpg'}, 'nat': 'AU'}], 'info': {'seed': '622f28f30606b343', 'results': 1, 'page': 1, 'version': '1.4'}}</msg>
<arg>${json_data}</arg>
<doc>Logs the given message with the given level.</doc>
<status status="PASS" start="2024-06-17T03:18:13.584344" elapsed="0.000229"/>
</kw>
<kw name="Dictionary Should Contain Key" owner="Collections">
<arg>${json_data}</arg>
<arg>results</arg>
<doc>Fails if ``key`` is not found from ``dictionary``.</doc>
<status status="PASS" start="2024-06-17T03:18:13.584988" elapsed="0.000235"/>
</kw>
<kw name="Should Not Be Empty" owner="BuiltIn">
<msg time="2024-06-17T03:18:13.585603" level="INFO">Length is 2.</msg>
<arg>${json_data}</arg>
<doc>Verifies that the given item is not empty.</doc>
<status status="PASS" start="2024-06-17T03:18:13.585471" elapsed="0.000170"/>
</kw>
<kw name="Create List" owner="BuiltIn">
<msg time="2024-06-17T03:18:13.586089" level="INFO">${expected_keys} = ['gender', 'name', 'location', 'email', 'login']</msg>
<var>${expected_keys}</var>
<arg>gender</arg>
<arg>name</arg>
<arg>location</arg>
<arg>email</arg>
<arg>login</arg>
<doc>Returns a list containing given items.</doc>
<status status="PASS" start="2024-06-17T03:18:13.585940" elapsed="0.000173"/>
</kw>
<for flavor="IN">
<iter>
<kw name="Dictionary Should Contain Key" owner="Collections">
<arg>${json_data['results'][0]}</arg>
<arg>${key}</arg>
<doc>Fails if ``key`` is not found from ``dictionary``.</doc>
<status status="PASS" start="2024-06-17T03:18:13.586712" elapsed="0.000408"/>
</kw>
<kw name="Log" owner="BuiltIn">
<msg time="2024-06-17T03:18:13.587676" level="INFO">{'gender': 'female', 'name': {'title': 'Ms', 'first': 'Tara', 'last': 'Wade'}, 'location': {'street': {'number': 7738, 'name': 'James St'}, 'city': 'Warragul', 'state': 'Northern Territory', 'country': 'Australia', 'postcode': 5196, 'coordinates': {'latitude': '-81.4305', 'longitude': '95.6405'}, 'timezone': {'offset': '0:00', 'description': 'Western Europe Time, London, Lisbon, Casablanca'}}, 'email': 'tara.wade@example.com', 'login': {'uuid': 'eec7c6f5-20c2-4ec7-b0f1-be9c3b9e8f04', 'username': 'bigpanda937', 'password': 'vodka', 'salt': 'cWi5VC0d', 'md5': '5364df704a1ad8d48bc57219823d987b', 'sha1': '482185a6de5c9f2ec4b1667998164d3b520ca4d4', 'sha256': '75ae5b850148cd5c09945645cfa3e184ea3292f65f85ff710245d57c5ca9b4e0'}, 'dob': {'date': '1979-02-09T12:08:09.084Z', 'age': 45}, 'registered': {'date': '2018-06-25T07:54:18.877Z', 'age': 5}, 'phone': '07-5959-0244', 'cell': '0468-060-225', 'id': {'name': 'TFN', 'value': '554002094'}, 'picture': {'large': 'https://randomuser.me/api/portraits/women/21.jpg', 'medium': 'https://randomuser.me/api/portraits/med/women/21.jpg', 'thumbnail': 'https://randomuser.me/api/portraits/thumb/women/21.jpg'}, 'nat': 'AU'}</msg>
<arg>${json_data['results'][0]}</arg>
<doc>Logs the given message with the given level.</doc>
<status status="PASS" start="2024-06-17T03:18:13.587312" elapsed="0.000413"/>
</kw>
<kw name="Log" owner="BuiltIn">
<msg time="2024-06-17T03:18:13.588203" level="INFO">gender</msg>
<arg>${key}</arg>
<doc>Logs the given message with the given level.</doc>
<status status="PASS" start="2024-06-17T03:18:13.588062" elapsed="0.000181"/>
</kw>
<var name="${key}">gender</var>
<status status="PASS" start="2024-06-17T03:18:13.586575" elapsed="0.001903"/>
</iter>
<iter>
<kw name="Dictionary Should Contain Key" owner="Collections">
<arg>${json_data['results'][0]}</arg>
<arg>${key}</arg>
<doc>Fails if ``key`` is not found from ``dictionary``.</doc>
<status status="PASS" start="2024-06-17T03:18:13.588786" elapsed="0.000403"/>
</kw>
<kw name="Log" owner="BuiltIn">
<msg time="2024-06-17T03:18:13.589769" level="INFO">{'gender': 'female', 'name': {'title': 'Ms', 'first': 'Tara', 'last': 'Wade'}, 'location': {'street': {'number': 7738, 'name': 'James St'}, 'city': 'Warragul', 'state': 'Northern Territory', 'country': 'Australia', 'postcode': 5196, 'coordinates': {'latitude': '-81.4305', 'longitude': '95.6405'}, 'timezone': {'offset': '0:00', 'description': 'Western Europe Time, London, Lisbon, Casablanca'}}, 'email': 'tara.wade@example.com', 'login': {'uuid': 'eec7c6f5-20c2-4ec7-b0f1-be9c3b9e8f04', 'username': 'bigpanda937', 'password': 'vodka', 'salt': 'cWi5VC0d', 'md5': '5364df704a1ad8d48bc57219823d987b', 'sha1': '482185a6de5c9f2ec4b1667998164d3b520ca4d4', 'sha256': '75ae5b850148cd5c09945645cfa3e184ea3292f65f85ff710245d57c5ca9b4e0'}, 'dob': {'date': '1979-02-09T12:08:09.084Z', 'age': 45}, 'registered': {'date': '2018-06-25T07:54:18.877Z', 'age': 5}, 'phone': '07-5959-0244', 'cell': '0468-060-225', 'id': {'name': 'TFN', 'value': '554002094'}, 'picture': {'large': 'https://randomuser.me/api/portraits/women/21.jpg', 'medium': 'https://randomuser.me/api/portraits/med/women/21.jpg', 'thumbnail': 'https://randomuser.me/api/portraits/thumb/women/21.jpg'}, 'nat': 'AU'}</msg>
<arg>${json_data['results'][0]}</arg>
<doc>Logs the given message with the given level.</doc>
<status status="PASS" start="2024-06-17T03:18:13.589382" elapsed="0.000493"/>
</kw>
<kw name="Log" owner="BuiltIn">
<msg time="2024-06-17T03:18:13.590355" level="INFO">name</msg>
<arg>${key}</arg>
<doc>Logs the given message with the given level.</doc>
<status status="PASS" start="2024-06-17T03:18:13.590206" elapsed="0.000194"/>
</kw>
<var name="${key}">name</var>
<status status="PASS" start="2024-06-17T03:18:13.588671" elapsed="0.001965"/>
</iter>
<iter>
<kw name="Dictionary Should Contain Key" owner="Collections">
<arg>${json_data['results'][0]}</arg>
<arg>${key}</arg>
<doc>Fails if ``key`` is not found from ``dictionary``.</doc>
<status status="PASS" start="2024-06-17T03:18:13.590928" elapsed="0.000394"/>
</kw>
<kw name="Log" owner="BuiltIn">
<msg time="2024-06-17T03:18:13.591888" level="INFO">{'gender': 'female', 'name': {'title': 'Ms', 'first': 'Tara', 'last': 'Wade'}, 'location': {'street': {'number': 7738, 'name': 'James St'}, 'city': 'Warragul', 'state': 'Northern Territory', 'country': 'Australia', 'postcode': 5196, 'coordinates': {'latitude': '-81.4305', 'longitude': '95.6405'}, 'timezone': {'offset': '0:00', 'description': 'Western Europe Time, London, Lisbon, Casablanca'}}, 'email': 'tara.wade@example.com', 'login': {'uuid': 'eec7c6f5-20c2-4ec7-b0f1-be9c3b9e8f04', 'username': 'bigpanda937', 'password': 'vodka', 'salt': 'cWi5VC0d', 'md5': '5364df704a1ad8d48bc57219823d987b', 'sha1': '482185a6de5c9f2ec4b1667998164d3b520ca4d4', 'sha256': '75ae5b850148cd5c09945645cfa3e184ea3292f65f85ff710245d57c5ca9b4e0'}, 'dob': {'date': '1979-02-09T12:08:09.084Z', 'age': 45}, 'registered': {'date': '2018-06-25T07:54:18.877Z', 'age': 5}, 'phone': '07-5959-0244', 'cell': '0468-060-225', 'id': {'name': 'TFN', 'value': '554002094'}, 'picture': {'large': 'https://randomuser.me/api/portraits/women/21.jpg', 'medium': 'https://randomuser.me/api/portraits/med/women/21.jpg', 'thumbnail': 'https://randomuser.me/api/portraits/thumb/women/21.jpg'}, 'nat': 'AU'}</msg>
<arg>${json_data['results'][0]}</arg>
<doc>Logs the given message with the given level.</doc>
<status status="PASS" start="2024-06-17T03:18:13.591511" elapsed="0.000440"/>
</kw>
<kw name="Log" owner="BuiltIn">
<msg time="2024-06-17T03:18:13.592410" level="INFO">location</msg>
<arg>${key}</arg>
<doc>Logs the given message with the given level.</doc>
<status status="PASS" start="2024-06-17T03:18:13.592283" elapsed="0.000164"/>
</kw>
<var name="${key}">location</var>
<status status="PASS" start="2024-06-17T03:18:13.590818" elapsed="0.001853"/>
</iter>
<iter>
<kw name="Dictionary Should Contain Key" owner="Collections">
<arg>${json_data['results'][0]}</arg>
<arg>${key}</arg>
<doc>Fails if ``key`` is not found from ``dictionary``.</doc>
<status status="PASS" start="2024-06-17T03:18:13.592955" elapsed="0.000386"/>
</kw>
<kw name="Log" owner="BuiltIn">
<msg time="2024-06-17T03:18:13.593889" level="INFO">{'gender': 'female', 'name': {'title': 'Ms', 'first': 'Tara', 'last': 'Wade'}, 'location': {'street': {'number': 7738, 'name': 'James St'}, 'city': 'Warragul', 'state': 'Northern Territory', 'country': 'Australia', 'postcode': 5196, 'coordinates': {'latitude': '-81.4305', 'longitude': '95.6405'}, 'timezone': {'offset': '0:00', 'description': 'Western Europe Time, London, Lisbon, Casablanca'}}, 'email': 'tara.wade@example.com', 'login': {'uuid': 'eec7c6f5-20c2-4ec7-b0f1-be9c3b9e8f04', 'username': 'bigpanda937', 'password': 'vodka', 'salt': 'cWi5VC0d', 'md5': '5364df704a1ad8d48bc57219823d987b', 'sha1': '482185a6de5c9f2ec4b1667998164d3b520ca4d4', 'sha256': '75ae5b850148cd5c09945645cfa3e184ea3292f65f85ff710245d57c5ca9b4e0'}, 'dob': {'date': '1979-02-09T12:08:09.084Z', 'age': 45}, 'registered': {'date': '2018-06-25T07:54:18.877Z', 'age': 5}, 'phone': '07-5959-0244', 'cell': '0468-060-225', 'id': {'name': 'TFN', 'value': '554002094'}, 'picture': {'large': 'https://randomuser.me/api/portraits/women/21.jpg', 'medium': 'https://randomuser.me/api/portraits/med/women/21.jpg', 'thumbnail': 'https://randomuser.me/api/portraits/thumb/women/21.jpg'}, 'nat': 'AU'}</msg>
<arg>${json_data['results'][0]}</arg>
<doc>Logs the given message with the given level.</doc>
<status status="PASS" start="2024-06-17T03:18:13.593526" elapsed="0.000411"/>
</kw>
<kw name="Log" owner="BuiltIn">
<msg time="2024-06-17T03:18:13.594370" level="INFO">email</msg>
<arg>${key}</arg>
<doc>Logs the given message with the given level.</doc>
<status status="PASS" start="2024-06-17T03:18:13.594243" elapsed="0.000166"/>
</kw>
<var name="${key}">email</var>
<status status="PASS" start="2024-06-17T03:18:13.592847" elapsed="0.001784"/>
</iter>
<iter>
<kw name="Dictionary Should Contain Key" owner="Collections">
<arg>${json_data['results'][0]}</arg>
<arg>${key}</arg>
<doc>Fails if ``key`` is not found from ``dictionary``.</doc>
<status status="PASS" start="2024-06-17T03:18:13.594912" elapsed="0.000403"/>
</kw>
<kw name="Log" owner="BuiltIn">
<msg time="2024-06-17T03:18:13.595847" level="INFO">{'gender': 'female', 'name': {'title': 'Ms', 'first': 'Tara', 'last': 'Wade'}, 'location': {'street': {'number': 7738, 'name': 'James St'}, 'city': 'Warragul', 'state': 'Northern Territory', 'country': 'Australia', 'postcode': 5196, 'coordinates': {'latitude': '-81.4305', 'longitude': '95.6405'}, 'timezone': {'offset': '0:00', 'description': 'Western Europe Time, London, Lisbon, Casablanca'}}, 'email': 'tara.wade@example.com', 'login': {'uuid': 'eec7c6f5-20c2-4ec7-b0f1-be9c3b9e8f04', 'username': 'bigpanda937', 'password': 'vodka', 'salt': 'cWi5VC0d', 'md5': '5364df704a1ad8d48bc57219823d987b', 'sha1': '482185a6de5c9f2ec4b1667998164d3b520ca4d4', 'sha256': '75ae5b850148cd5c09945645cfa3e184ea3292f65f85ff710245d57c5ca9b4e0'}, 'dob': {'date': '1979-02-09T12:08:09.084Z', 'age': 45}, 'registered': {'date': '2018-06-25T07:54:18.877Z', 'age': 5}, 'phone': '07-5959-0244', 'cell': '0468-060-225', 'id': {'name': 'TFN', 'value': '554002094'}, 'picture': {'large': 'https://randomuser.me/api/portraits/women/21.jpg', 'medium': 'https://randomuser.me/api/portraits/med/women/21.jpg', 'thumbnail': 'https://randomuser.me/api/portraits/thumb/women/21.jpg'}, 'nat': 'AU'}</msg>
<arg>${json_data['results'][0]}</arg>
<doc>Logs the given message with the given level.</doc>
<status status="PASS" start="2024-06-17T03:18:13.595500" elapsed="0.000394"/>
</kw>
<kw name="Log" owner="BuiltIn">
<msg time="2024-06-17T03:18:13.596475" level="INFO">login</msg>
<arg>${key}</arg>
<doc>Logs the given message with the given level.</doc>
<status status="PASS" start="2024-06-17T03:18:13.596221" elapsed="0.000292"/>
</kw>
<var name="${key}">login</var>
<status status="PASS" start="2024-06-17T03:18:13.594804" elapsed="0.001930"/>
</iter>
<var>${key}</var>
<value>@{expected_keys}</value>
<status status="PASS" start="2024-06-17T03:18:13.586381" elapsed="0.010478"/>
</for>
<kw name="Create List" owner="BuiltIn">
<msg time="2024-06-17T03:18:13.597190" level="INFO">${expected_keysTwo} = ['username', 'password']</msg>
<var>${expected_keysTwo}</var>
<arg>username</arg>
<arg>password</arg>
<doc>Returns a list containing given items.</doc>
<status status="PASS" start="2024-06-17T03:18:13.597054" elapsed="0.000191"/>
</kw>
<for flavor="IN">
<iter>
<kw name="Dictionary Should Contain Key" owner="Collections">
<arg>${json_data['results'][0]['login']}</arg>
<arg>${keyTwo}</arg>
<doc>Fails if ``key`` is not found from ``dictionary``.</doc>
<status status="PASS" start="2024-06-17T03:18:13.597769" elapsed="0.000385"/>
</kw>
<kw name="Dictionary Should Contain Key" owner="Collections">
<arg>${json_data['results'][0]['login']}</arg>
<arg>${keyTwo}</arg>
<doc>Fails if ``key`` is not found from ``dictionary``.</doc>
<status status="PASS" start="2024-06-17T03:18:13.598337" elapsed="0.000389"/>
</kw>
<kw name="Log" owner="BuiltIn">
<msg time="2024-06-17T03:18:13.599029" level="INFO">username</msg>
<arg>${keyTwo}</arg>
<doc>Logs the given message with the given level.</doc>
<status status="PASS" start="2024-06-17T03:18:13.598905" elapsed="0.000161"/>
</kw>
<var name="${keyTwo}">username</var>
<status status="PASS" start="2024-06-17T03:18:13.597658" elapsed="0.001629"/>
</iter>
<iter>
<kw name="Dictionary Should Contain Key" owner="Collections">
<arg>${json_data['results'][0]['login']}</arg>
<arg>${keyTwo}</arg>
<doc>Fails if ``key`` is not found from ``dictionary``.</doc>
<status status="PASS" start="2024-06-17T03:18:13.599574" elapsed="0.000380"/>
</kw>
<kw name="Dictionary Should Contain Key" owner="Collections">
<arg>${json_data['results'][0]['login']}</arg>
<arg>${keyTwo}</arg>
<doc>Fails if ``key`` is not found from ``dictionary``.</doc>
<status status="PASS" start="2024-06-17T03:18:13.600173" elapsed="0.000380"/>
</kw>
<kw name="Log" owner="BuiltIn">
<msg time="2024-06-17T03:18:13.600850" level="INFO">password</msg>
<arg>${keyTwo}</arg>
<doc>Logs the given message with the given level.</doc>
<status status="PASS" start="2024-06-17T03:18:13.600731" elapsed="0.000156"/>
</kw>
<var name="${keyTwo}">password</var>
<status status="PASS" start="2024-06-17T03:18:13.599466" elapsed="0.001647"/>
</iter>
<var>${keyTwo}</var>
<value>@{expected_keysTwo}</value>
<status status="PASS" start="2024-06-17T03:18:13.597502" elapsed="0.003735"/>
</for>
<status status="PASS" start="2024-06-17T03:18:13.300973" elapsed="0.300408"/>
</kw>
<doc>Testa a estrutura da resposta da API.</doc>
<tag>testeEstruturaResposta</tag>
<status status="PASS" start="2024-06-17T03:18:13.299959" elapsed="0.301584"/>
</test>
<test id="s1-s1-t4" name="Validar tipos de dados" line="28">
<kw name="Teste de Tipos de Dados" owner="random-user-service">
<kw name="GET On Session" owner="RequestsLibrary">
<msg time="2024-06-17T03:18:13.651886" level="INFO">GET Request : url=https://randomuser.me/api 
 path_url=/api 
 headers={'User-Agent': 'python-requests/2.32.3', 'Accept-Encoding': 'gzip, deflate', 'Accept': '*/*', 'Connection': 'keep-alive'} 
 body=None 
 </msg>
<msg time="2024-06-17T03:18:13.652029" level="INFO">GET Response : url=https://randomuser.me/api 
 status=200, reason=OK 
 headers={'Date': 'Mon, 17 Jun 2024 03:18:13 GMT', 'Content-Type': 'application/json; charset=utf-8', 'Transfer-Encoding': 'chunked', 'Connection': 'keep-alive', 'X-Powered-By': 'Express', 'Access-Control-Allow-Origin': '*', 'Cache-Control': 'no-cache', 'ETag': 'W/"48b-UJgFCtMG/U02uwhHS3KVrqAIilo"', 'Vary': 'Accept-Encoding', 'Content-Encoding': 'gzip', 'CF-Cache-Status': 'DYNAMIC', 'Report-To': '{"endpoints":[{"url":"https:\\/\\/a.nel.cloudflare.com\\/report\\/v4?s=K%2BmSGst6pmhmqh%2F%2FtMRIWSFnnJn3Kb5%2Bby99ckztyu7JGl0JwjmWfeQop%2Bg%2B3zOjq7vrAsHzvRtlnKHIG5pqfJhpIEDqAxqQQSdjPviL0Ubv5YfYtJ91hnrvJ5AyXDae"}],"group":"cf-nel","max_age":604800}', 'NEL': '{"success_fraction":0,"report_to":"cf-nel","max_age":604800}', 'Server': 'cloudflare', 'CF-RAY': '894fe41f0f05114f-ORD', 'alt-svc': 'h3=":443"; ma=86400'} 
 body={"results":[{"gender":"female","name":{"title":"Miss","first":"Barb","last":"Morales"},"location":{"street":{"number":7739,"name":"Victoria Street"},"city":"Westminster","state":"Cambridgeshire","country":"United Kingdom","postcode":"N76 1DU","coordinates":{"latitude":"-6.0701","longitude":"38.1739"},"timezone":{"offset":"+4:30","description":"Kabul"}},"email":"barb.morales@example.com","login":{"uuid":"293acee1-f596-4f08-9f8f-dd0f336760e7","username":"yellowswan840","password":"knock","salt":"wKB8aHL9","md5":"1e86c7b8326c946ac334d6c18e08b19a","sha1":"49e676d5d13d31d86894e31152d636a1a1bcae9a","sha256":"97d53d4abe45257a836092206a639df203eee9361490ddf06708081e40757cfc"},"dob":{"date":"1947-07-20T11:01:33.027Z","age":76},"registered":{"date":"2022-04-06T22:43:48.091Z","age":2},"phone":"01244 30945","cell":"07171 333075","id":{"name":"NINO","value":"BA 43 24 77 H"},"picture":{"large":"https://randomuser.me/api/portraits/women/21.jpg","medium":"https://randomuser.me/api/portraits/med/women/21.jpg","thumbnail":"https://randomuser.me/api/portraits/thumb/women/21.jpg"},"nat":"GB"}],"info":{"seed":"fccd8a6f3de96c8c","results":1,"page":1,"version":"1.4"}} 
 </msg>
<msg time="2024-06-17T03:18:13.652119" level="INFO">/opt/hostedtoolcache/Python/3.12.3/x64/lib/python3.12/site-packages/urllib3/connectionpool.py:1103: InsecureRequestWarning: Unverified HTTPS request is being made to host 'randomuser.me'. Adding certificate verification is strongly advised. See: https://urllib3.readthedocs.io/en/latest/advanced-usage.html#tls-warnings
  warnings.warn(</msg>
<msg time="2024-06-17T03:18:13.652274" level="INFO">${response} = &lt;Response [200]&gt;</msg>
<var>${response}</var>
<arg>consultarAPI</arg>
<arg>/api</arg>
<doc>Sends a GET request on a previously created HTTP Session.</doc>
<status status="PASS" start="2024-06-17T03:18:13.604187" elapsed="0.048124"/>
</kw>
<kw name="Set Variable" owner="BuiltIn">
<msg time="2024-06-17T03:18:13.653325" level="INFO">${json_data} = {'results': [{'gender': 'female', 'name': {'title': 'Miss', 'first': 'Barb', 'last': 'Morales'}, 'location': {'street': {'number': 7739, 'name': 'Victoria Street'}, 'city': 'Westminster', 'state': 'Ca...</msg>
<var>${json_data}</var>
<arg>${response.json()}</arg>
<doc>Returns the given values which can then be assigned to a variables.</doc>
<status status="PASS" start="2024-06-17T03:18:13.652801" elapsed="0.000553"/>
</kw>
<kw name="Log" owner="BuiltIn">
<msg time="2024-06-17T03:18:13.653884" level="INFO">{'results': [{'gender': 'female', 'name': {'title': 'Miss', 'first': 'Barb', 'last': 'Morales'}, 'location': {'street': {'number': 7739, 'name': 'Victoria Street'}, 'city': 'Westminster', 'state': 'Cambridgeshire', 'country': 'United Kingdom', 'postcode': 'N76 1DU', 'coordinates': {'latitude': '-6.0701', 'longitude': '38.1739'}, 'timezone': {'offset': '+4:30', 'description': 'Kabul'}}, 'email': 'barb.morales@example.com', 'login': {'uuid': '293acee1-f596-4f08-9f8f-dd0f336760e7', 'username': 'yellowswan840', 'password': 'knock', 'salt': 'wKB8aHL9', 'md5': '1e86c7b8326c946ac334d6c18e08b19a', 'sha1': '49e676d5d13d31d86894e31152d636a1a1bcae9a', 'sha256': '97d53d4abe45257a836092206a639df203eee9361490ddf06708081e40757cfc'}, 'dob': {'date': '1947-07-20T11:01:33.027Z', 'age': 76}, 'registered': {'date': '2022-04-06T22:43:48.091Z', 'age': 2}, 'phone': '01244 30945', 'cell': '07171 333075', 'id': {'name': 'NINO', 'value': 'BA 43 24 77 H'}, 'picture': {'large': 'https://randomuser.me/api/portraits/women/21.jpg', 'medium': 'https://randomuser.me/api/portraits/med/women/21.jpg', 'thumbnail': 'https://randomuser.me/api/portraits/thumb/women/21.jpg'}, 'nat': 'GB'}], 'info': {'seed': 'fccd8a6f3de96c8c', 'results': 1, 'page': 1, 'version': '1.4'}}</msg>
<arg>${json_data}</arg>
<doc>Logs the given message with the given level.</doc>
<status status="PASS" start="2024-06-17T03:18:13.653708" elapsed="0.000226"/>
</kw>
<kw name="Should Be String" owner="String">
<arg>${json_data['results'][0]['gender']}</arg>
<doc>Fails if the given ``item`` is not a string.</doc>
<status status="PASS" start="2024-06-17T03:18:13.654242" elapsed="0.000371"/>
</kw>
<kw name="Should Match Regexp" owner="BuiltIn">
<arg>${json_data['results'][0]['email']}</arg>
<arg>^[a-zA-Z0-9._%+-]+@[a-zA-Z0-9.-]+\.[a-zA-Z]{2,}$</arg>
<doc>Fails if ``string`` does not match ``pattern`` as a regular expression.</doc>
<status status="PASS" start="2024-06-17T03:18:13.654808" elapsed="0.000524"/>
</kw>
<kw name="Should Match Regexp" owner="BuiltIn">
<arg>${json_data['results'][0]['dob']['date']}</arg>
<arg>\\d{4}-\\d{2}-\\d{2}T\\d{2}:\\d{2}:\\d{2}\\.\\d{3}Z</arg>
<doc>Fails if ``string`` does not match ``pattern`` as a regular expression.</doc>
<status status="PASS" start="2024-06-17T03:18:13.655571" elapsed="0.000542"/>
</kw>
<kw name="Should Match Regexp" owner="BuiltIn">
<arg>${json_data['results'][0]['registered']['date']}</arg>
<arg>\\d{4}-\\d{2}-\\d{2}T\\d{2}:\\d{2}:\\d{2}\\.\\d{3}Z</arg>
<doc>Fails if ``string`` does not match ``pattern`` as a regular expression.</doc>
<status status="PASS" start="2024-06-17T03:18:13.656312" elapsed="0.000376"/>
</kw>
<kw name="Should Match Regexp" owner="BuiltIn">
<arg>${json_data['results'][0]['picture']['large']}</arg>
<arg>^https?://.*\.(?:png|jpe?g|gif|bmp)$</arg>
<doc>Fails if ``string`` does not match ``pattern`` as a regular expression.</doc>
<status status="PASS" start="2024-06-17T03:18:13.656876" elapsed="0.000466"/>
</kw>
<kw name="Should Match Regexp" owner="BuiltIn">
<arg>${json_data['results'][0]['picture']['medium']}</arg>
<arg>^https?://.*\.(?:png|jpe?g|gif|bmp)$</arg>
<doc>Fails if ``string`` does not match ``pattern`` as a regular expression.</doc>
<status status="PASS" start="2024-06-17T03:18:13.657532" elapsed="0.000362"/>
</kw>
<kw name="Should Match Regexp" owner="BuiltIn">
<arg>${json_data['results'][0]['picture']['thumbnail']}</arg>
<arg>^https?://.*\.(?:png|jpe?g|gif|bmp)$</arg>
<doc>Fails if ``string`` does not match ``pattern`` as a regular expression.</doc>
<status status="PASS" start="2024-06-17T03:18:13.658090" elapsed="0.000359"/>
</kw>
<kw name="Log" owner="BuiltIn">
<msg time="2024-06-17T03:18:13.658966" level="INFO">{'large': 'https://randomuser.me/api/portraits/women/21.jpg', 'medium': 'https://randomuser.me/api/portraits/med/women/21.jpg', 'thumbnail': 'https://randomuser.me/api/portraits/thumb/women/21.jpg'}</msg>
<arg>${json_data['results'][0]['picture']}</arg>
<doc>Logs the given message with the given level.</doc>
<status status="PASS" start="2024-06-17T03:18:13.658631" elapsed="0.000380"/>
</kw>
<status status="PASS" start="2024-06-17T03:18:13.603921" elapsed="0.055359"/>
</kw>
<kw name="Teste de Tipos de Dados - Postcode" owner="random-user-service">
<kw name="GET On Session" owner="RequestsLibrary">
<msg time="2024-06-17T03:18:13.750551" level="INFO">GET Request : url=https://randomuser.me/api 
 path_url=/api 
 headers={'User-Agent': 'python-requests/2.32.3', 'Accept-Encoding': 'gzip, deflate', 'Accept': '*/*', 'Connection': 'keep-alive'} 
 body=None 
 </msg>
<msg time="2024-06-17T03:18:13.750703" level="INFO">GET Response : url=https://randomuser.me/api 
 status=200, reason=OK 
 headers={'Date': 'Mon, 17 Jun 2024 03:18:13 GMT', 'Content-Type': 'application/json; charset=utf-8', 'Transfer-Encoding': 'chunked', 'Connection': 'keep-alive', 'X-Powered-By': 'Express', 'Access-Control-Allow-Origin': '*', 'Cache-Control': 'no-cache', 'ETag': 'W/"480-xQ2wRLGTXarE2qQ1Rh9N0YkmCnU"', 'Vary': 'Accept-Encoding', 'Content-Encoding': 'gzip', 'CF-Cache-Status': 'DYNAMIC', 'Report-To': '{"endpoints":[{"url":"https:\\/\\/a.nel.cloudflare.com\\/report\\/v4?s=E%2BeCUpPpD0efjoM6Xhqi20XBHZNl0XSLDJIjE8ZKZItrxPZds7l4wV%2Boym4QYeHhgqT751aOOdt4nqghgA%2FAHXPlgKycPFphtf%2Btc1JJda%2Fz%2FqqJ3nTllML2K0daMUnz"}],"group":"cf-nel","max_age":604800}', 'NEL': '{"success_fraction":0,"report_to":"cf-nel","max_age":604800}', 'Server': 'cloudflare', 'CF-RAY': '894fe41f6f63114f-ORD', 'alt-svc': 'h3=":443"; ma=86400'} 
 body={"results":[{"gender":"male","name":{"title":"Mr","first":"Runar","last":"Nissen"},"location":{"street":{"number":8386,"name":"Kvernkallveien"},"city":"Vågsvåg","state":"Sør-Trøndelag","country":"Norway","postcode":"4392","coordinates":{"latitude":"46.5384","longitude":"-120.5331"},"timezone":{"offset":"-1:00","description":"Azores, Cape Verde Islands"}},"email":"runar.nissen@example.com","login":{"uuid":"c96d7fb3-3661-4bde-b587-a050d4b3b3bb","username":"orangekoala717","password":"flower","salt":"oAxgR23U","md5":"22396221c2070dc226c0a641e13fae7b","sha1":"7878bed3c363ddf462f7143d2321e29cb556e81f","sha256":"d0315f7858da219c38db61588fe443422fe2fd0f3050d6d967eafbf08102de0e"},"dob":{"date":"1945-07-28T19:14:18.394Z","age":78},"registered":{"date":"2009-06-01T15:28:06.689Z","age":15},"phone":"72717277","cell":"48070751","id":{"name":"FN","value":"28074510126"},"picture":{"large":"https://randomuser.me/api/portraits/men/4.jpg","medium":"https://randomuser.me/api/portraits/med/men/4.jpg","thumbnail":"https://randomuser.me/api/portraits/thumb/men/4.jpg"},"nat":"NO"}],"info":{"seed":"b306ebe51d9d4553","results":1,"page":1,"version":"1.4"}} 
 </msg>
<msg time="2024-06-17T03:18:13.750855" level="INFO">/opt/hostedtoolcache/Python/3.12.3/x64/lib/python3.12/site-packages/urllib3/connectionpool.py:1103: InsecureRequestWarning: Unverified HTTPS request is being made to host 'randomuser.me'. Adding certificate verification is strongly advised. See: https://urllib3.readthedocs.io/en/latest/advanced-usage.html#tls-warnings
  warnings.warn(</msg>
<msg time="2024-06-17T03:18:13.751039" level="INFO">${response} = &lt;Response [200]&gt;</msg>
<var>${response}</var>
<arg>consultarAPI</arg>
<arg>/api</arg>
<doc>Sends a GET request on a previously created HTTP Session.</doc>
<status status="PASS" start="2024-06-17T03:18:13.659764" elapsed="0.091319"/>
</kw>
<kw name="Set Variable" owner="BuiltIn">
<msg time="2024-06-17T03:18:13.752228" level="INFO">${json_data} = {'results': [{'gender': 'male', 'name': {'title': 'Mr', 'first': 'Runar', 'last': 'Nissen'}, 'location': {'street': {'number': 8386, 'name': 'Kvernkallveien'}, 'city': 'Vågsvåg', 'state': 'Sør-Trøndel...</msg>
<var>${json_data}</var>
<arg>${response.json()}</arg>
<doc>Returns the given values which can then be assigned to a variables.</doc>
<status status="PASS" start="2024-06-17T03:18:13.751620" elapsed="0.000642"/>
</kw>
<kw name="Log" owner="BuiltIn">
<msg time="2024-06-17T03:18:13.752826" level="INFO">{'results': [{'gender': 'male', 'name': {'title': 'Mr', 'first': 'Runar', 'last': 'Nissen'}, 'location': {'street': {'number': 8386, 'name': 'Kvernkallveien'}, 'city': 'Vågsvåg', 'state': 'Sør-Trøndelag', 'country': 'Norway', 'postcode': '4392', 'coordinates': {'latitude': '46.5384', 'longitude': '-120.5331'}, 'timezone': {'offset': '-1:00', 'description': 'Azores, Cape Verde Islands'}}, 'email': 'runar.nissen@example.com', 'login': {'uuid': 'c96d7fb3-3661-4bde-b587-a050d4b3b3bb', 'username': 'orangekoala717', 'password': 'flower', 'salt': 'oAxgR23U', 'md5': '22396221c2070dc226c0a641e13fae7b', 'sha1': '7878bed3c363ddf462f7143d2321e29cb556e81f', 'sha256': 'd0315f7858da219c38db61588fe443422fe2fd0f3050d6d967eafbf08102de0e'}, 'dob': {'date': '1945-07-28T19:14:18.394Z', 'age': 78}, 'registered': {'date': '2009-06-01T15:28:06.689Z', 'age': 15}, 'phone': '72717277', 'cell': '48070751', 'id': {'name': 'FN', 'value': '28074510126'}, 'picture': {'large': 'https://randomuser.me/api/portraits/men/4.jpg', 'medium': 'https://randomuser.me/api/portraits/med/men/4.jpg', 'thumbnail': 'https://randomuser.me/api/portraits/thumb/men/4.jpg'}, 'nat': 'NO'}], 'info': {'seed': 'b306ebe51d9d4553', 'results': 1, 'page': 1, 'version': '1.4'}}</msg>
<arg>${json_data}</arg>
<doc>Logs the given message with the given level.</doc>
<status status="PASS" start="2024-06-17T03:18:13.752635" elapsed="0.000247"/>
</kw>
<kw name="Should Be Equal As Numbers" owner="BuiltIn">
<arg>${json_data['results'][0]['location']['postcode']}</arg>
<arg>${json_data['results'][0]['location']['postcode']}</arg>
<doc>Fails if objects are unequal after converting them to real numbers.</doc>
<status status="PASS" start="2024-06-17T03:18:13.753229" elapsed="0.000674"/>
</kw>
<kw name="Log" owner="BuiltIn">
<msg time="2024-06-17T03:18:13.754450" level="INFO">4392</msg>
<arg>${json_data['results'][0]['location']['postcode']}</arg>
<doc>Logs the given message with the given level.</doc>
<status status="PASS" start="2024-06-17T03:18:13.754105" elapsed="0.000387"/>
</kw>
<status status="PASS" start="2024-06-17T03:18:13.659515" elapsed="0.095274"/>
</kw>
<doc>Testa se os tipos de dados na resposta da API estão corretos.</doc>
<tag>testeTiposDados</tag>
<status status="PASS" start="2024-06-17T03:18:13.603344" elapsed="0.151636"/>
</test>
<test id="s1-s1-t5" name="Validar conteudo" line="35">
<kw name="Teste de Tipos de Conteudo" owner="random-user-service">
<kw name="GET On Session" owner="RequestsLibrary">
<msg time="2024-06-17T03:18:13.851696" level="INFO">GET Request : url=https://randomuser.me/api 
 path_url=/api 
 headers={'User-Agent': 'python-requests/2.32.3', 'Accept-Encoding': 'gzip, deflate', 'Accept': '*/*', 'Connection': 'keep-alive'} 
 body=None 
 </msg>
<msg time="2024-06-17T03:18:13.851804" level="INFO">GET Response : url=https://randomuser.me/api 
 status=200, reason=OK 
 headers={'Date': 'Mon, 17 Jun 2024 03:18:13 GMT', 'Content-Type': 'application/json; charset=utf-8', 'Transfer-Encoding': 'chunked', 'Connection': 'keep-alive', 'X-Powered-By': 'Express', 'Access-Control-Allow-Origin': '*', 'Cache-Control': 'no-cache', 'ETag': 'W/"485-P/v+57+A+3WnHqO37z9QaD5KXJg"', 'Vary': 'Accept-Encoding', 'Content-Encoding': 'gzip', 'CF-Cache-Status': 'DYNAMIC', 'Report-To': '{"endpoints":[{"url":"https:\\/\\/a.nel.cloudflare.com\\/report\\/v4?s=qq3EtCKoFZKSYYAFA%2FGIDDPoITQJ%2FlG56mWr9SvMRKewCFXPkXIE2loCxOkTvojQ93RgEyl%2BcxgZ4OIGaDA4zDu43JsZl88hhjTJDMjBrzcCQlT9YNpHY85kFIJzb0VJ"}],"group":"cf-nel","max_age":604800}', 'NEL': '{"success_fraction":0,"report_to":"cf-nel","max_age":604800}', 'Server': 'cloudflare', 'CF-RAY': '894fe41ffffd114f-ORD', 'alt-svc': 'h3=":443"; ma=86400'} 
 body={"results":[{"gender":"female","name":{"title":"Miss","first":"Iiris","last":"Moilanen"},"location":{"street":{"number":6668,"name":"Hämeenkatu"},"city":"Leppävirta","state":"Uusimaa","country":"Finland","postcode":42626,"coordinates":{"latitude":"-28.8261","longitude":"106.5705"},"timezone":{"offset":"-2:00","description":"Mid-Atlantic"}},"email":"iiris.moilanen@example.com","login":{"uuid":"6946a37e-5aae-42b8-9092-2f425b484b20","username":"bluecat985","password":"modena","salt":"PP5kSFLc","md5":"4cfa7f9a048b800d2403a72d4a6af217","sha1":"6611f1044df3b16e6c0b8d9773b18fe1b8b73112","sha256":"61dc0b1e1476f56c4a6e6368455528d017584aa62a67860479990dd8c7134338"},"dob":{"date":"1961-02-15T01:09:52.916Z","age":63},"registered":{"date":"2005-04-29T08:07:01.747Z","age":19},"phone":"07-352-710","cell":"047-496-64-75","id":{"name":"HETU","value":"NaNNA210undefined"},"picture":{"large":"https://randomuser.me/api/portraits/women/33.jpg","medium":"https://randomuser.me/api/portraits/med/women/33.jpg","thumbnail":"https://randomuser.me/api/portraits/thumb/women/33.jpg"},"nat":"FI"}],"info":{"seed":"c611455eb4f7a82f","results":1,"page":1,"version":"1.4"}} 
 </msg>
<msg time="2024-06-17T03:18:13.851880" level="INFO">/opt/hostedtoolcache/Python/3.12.3/x64/lib/python3.12/site-packages/urllib3/connectionpool.py:1103: InsecureRequestWarning: Unverified HTTPS request is being made to host 'randomuser.me'. Adding certificate verification is strongly advised. See: https://urllib3.readthedocs.io/en/latest/advanced-usage.html#tls-warnings
  warnings.warn(</msg>
<msg time="2024-06-17T03:18:13.852061" level="INFO">${response} = &lt;Response [200]&gt;</msg>
<var>${response}</var>
<arg>consultarAPI</arg>
<arg>/api</arg>
<doc>Sends a GET request on a previously created HTTP Session.</doc>
<status status="PASS" start="2024-06-17T03:18:13.757539" elapsed="0.094568"/>
</kw>
<kw name="Set Variable" owner="BuiltIn">
<msg time="2024-06-17T03:18:13.853191" level="INFO">${json_data} = {'results': [{'gender': 'female', 'name': {'title': 'Miss', 'first': 'Iiris', 'last': 'Moilanen'}, 'location': {'street': {'number': 6668, 'name': 'Hämeenkatu'}, 'city': 'Leppävirta', 'state': 'Uusima...</msg>
<var>${json_data}</var>
<arg>${response.json()}</arg>
<doc>Returns the given values which can then be assigned to a variables.</doc>
<status status="PASS" start="2024-06-17T03:18:13.852639" elapsed="0.000586"/>
</kw>
<kw name="Set Variable" owner="BuiltIn">
<msg time="2024-06-17T03:18:13.853979" level="INFO">${name_title} = Miss</msg>
<var>${name_title}</var>
<arg>${json_data["results"][0]["name"]["title"]}</arg>
<doc>Returns the given values which can then be assigned to a variables.</doc>
<status status="PASS" start="2024-06-17T03:18:13.853573" elapsed="0.000432"/>
</kw>
<kw name="Create List" owner="BuiltIn">
<msg time="2024-06-17T03:18:13.854477" level="INFO">${allowed_titles} = ['Mr', 'Ms', 'Miss', 'Mrs', 'Madame', 'Monsieur']</msg>
<var>${allowed_titles}</var>
<arg>Mr</arg>
<arg>Ms</arg>
<arg>Miss</arg>
<arg>Mrs</arg>
<arg>Madame</arg>
<arg>Monsieur</arg>
<doc>Returns a list containing given items.</doc>
<status status="PASS" start="2024-06-17T03:18:13.854322" elapsed="0.000180"/>
</kw>
<kw name="List Should Contain Value" owner="Collections">
<arg>${allowed_titles}</arg>
<arg>${name_title}</arg>
<doc>Fails if the ``value`` is not found from ``list``.</doc>
<status status="PASS" start="2024-06-17T03:18:13.854836" elapsed="0.000186"/>
</kw>
<kw name="Set Variable" owner="BuiltIn">
<msg time="2024-06-17T03:18:13.855590" level="INFO">${name_country} = FI</msg>
<var>${name_country}</var>
<arg>${json_data["results"][0]["nat"]}</arg>
<doc>Returns the given values which can then be assigned to a variables.</doc>
<status status="PASS" start="2024-06-17T03:18:13.855214" elapsed="0.000400"/>
</kw>
<kw name="Create List" owner="BuiltIn">
<msg time="2024-06-17T03:18:13.856553" level="INFO">${list_country} = ['AD', 'AE', 'AF', 'AG', 'AI', 'AL', 'AM', 'AO', 'AQ', 'AR', 'AS', 'AT', 'AU', 'AW', 'AX', 'AZ', 'BA', 'BB', 'BD', 'BE', 'BF', 'BG', 'BH', 'BI', 'BJ', 'BL', 'BM', 'BN', 'BO', 'BQ', 'BR', 'BS', 'BT', '...</msg>
<var>${list_country}</var>
<arg>AD</arg>
<arg>AE</arg>
<arg>AF</arg>
<arg>AG</arg>
<arg>AI</arg>
<arg>AL</arg>
<arg>AM</arg>
<arg>AO</arg>
<arg>AQ</arg>
<arg>AR</arg>
<arg>AS</arg>
<arg>AT</arg>
<arg>AU</arg>
<arg>AW</arg>
<arg>AX</arg>
<arg>AZ</arg>
<arg>BA</arg>
<arg>BB</arg>
<arg>BD</arg>
<arg>BE</arg>
<arg>BF</arg>
<arg>BG</arg>
<arg>BH</arg>
<arg>BI</arg>
<arg>BJ</arg>
<arg>BL</arg>
<arg>BM</arg>
<arg>BN</arg>
<arg>BO</arg>
<arg>BQ</arg>
<arg>BR</arg>
<arg>BS</arg>
<arg>BT</arg>
<arg>BV</arg>
<arg>BW</arg>
<arg>BY</arg>
<arg>BZ</arg>
<arg>CA</arg>
<arg>CC</arg>
<arg>CD</arg>
<arg>CF</arg>
<arg>CG</arg>
<arg>CH</arg>
<arg>CI</arg>
<arg>CK</arg>
<arg>CL</arg>
<arg>CM</arg>
<arg>CN</arg>
<arg>CO</arg>
<arg>CR</arg>
<arg>CU</arg>
<arg>CV</arg>
<arg>CW</arg>
<arg>CX</arg>
<arg>CY</arg>
<arg>CZ</arg>
<arg>DE</arg>
<arg>DJ</arg>
<arg>DK</arg>
<arg>DM</arg>
<arg>DO</arg>
<arg>DZ</arg>
<arg>EC</arg>
<arg>EE</arg>
<arg>EG</arg>
<arg>EH</arg>
<arg>ER</arg>
<arg>ES</arg>
<arg>ET</arg>
<arg>FI</arg>
<arg>FJ</arg>
<arg>FK</arg>
<arg>FM</arg>
<arg>FO</arg>
<arg>FR</arg>
<arg>GA</arg>
<arg>GB</arg>
<arg>GD</arg>
<arg>GE</arg>
<arg>GF</arg>
<arg>GG</arg>
<arg>GH</arg>
<arg>GI</arg>
<arg>GL</arg>
<arg>GM</arg>
<arg>GN</arg>
<arg>GP</arg>
<arg>GQ</arg>
<arg>GR</arg>
<arg>GS</arg>
<arg>GT</arg>
<arg>GU</arg>
<arg>GW</arg>
<arg>GY</arg>
<arg>HK</arg>
<arg>HM</arg>
<arg>HN</arg>
<arg>HR</arg>
<arg>HT</arg>
<arg>HU</arg>
<arg>ID</arg>
<arg>IE</arg>
<arg>IL</arg>
<arg>IM</arg>
<arg>IN</arg>
<arg>IO</arg>
<arg>IQ</arg>
<arg>IR</arg>
<arg>IS</arg>
<arg>IT</arg>
<arg>JE</arg>
<arg>JM</arg>
<arg>JO</arg>
<arg>JP</arg>
<arg>KE</arg>
<arg>KG</arg>
<arg>KH</arg>
<arg>KI</arg>
<arg>KM</arg>
<arg>KN</arg>
<arg>KP</arg>
<arg>KR</arg>
<arg>KW</arg>
<arg>KY</arg>
<arg>KZ</arg>
<arg>LA</arg>
<arg>LB</arg>
<arg>LC</arg>
<arg>LI</arg>
<arg>LK</arg>
<arg>LR</arg>
<arg>LS</arg>
<arg>LT</arg>
<arg>LU</arg>
<arg>LV</arg>
<arg>LY</arg>
<arg>MA</arg>
<arg>MC</arg>
<arg>MD</arg>
<arg>ME</arg>
<arg>MF</arg>
<arg>MG</arg>
<arg>MH</arg>
<arg>MK</arg>
<arg>ML</arg>
<arg>MM</arg>
<arg>MN</arg>
<arg>MO</arg>
<arg>MP</arg>
<arg>MQ</arg>
<arg>MR</arg>
<arg>MS</arg>
<arg>MT</arg>
<arg>MU</arg>
<arg>MV</arg>
<arg>MW</arg>
<arg>MX</arg>
<arg>MY</arg>
<arg>MZ</arg>
<arg>NA</arg>
<arg>NC</arg>
<arg>NE</arg>
<arg>NF</arg>
<arg>NG</arg>
<arg>NI</arg>
<arg>NL</arg>
<arg>NO</arg>
<arg>NP</arg>
<arg>NR</arg>
<arg>NU</arg>
<arg>NZ</arg>
<arg>OM</arg>
<arg>PA</arg>
<arg>PE</arg>
<arg>PF</arg>
<arg>PG</arg>
<arg>PH</arg>
<arg>PK</arg>
<arg>PL</arg>
<arg>PM</arg>
<arg>PN</arg>
<arg>PR</arg>
<arg>PS</arg>
<arg>PT</arg>
<arg>PW</arg>
<arg>PY</arg>
<arg>QA</arg>
<arg>RE</arg>
<arg>RO</arg>
<arg>RS</arg>
<arg>RU</arg>
<arg>RW</arg>
<arg>SA</arg>
<arg>SB</arg>
<arg>SC</arg>
<arg>SD</arg>
<arg>SE</arg>
<arg>SG</arg>
<arg>SH</arg>
<arg>SI</arg>
<arg>SJ</arg>
<arg>SK</arg>
<arg>SL</arg>
<arg>SM</arg>
<arg>SN</arg>
<arg>SO</arg>
<arg>SR</arg>
<arg>SS</arg>
<arg>ST</arg>
<arg>SV</arg>
<arg>SX</arg>
<arg>SY</arg>
<arg>SZ</arg>
<arg>TC</arg>
<arg>TD</arg>
<arg>TF</arg>
<arg>TG</arg>
<arg>TH</arg>
<arg>TJ</arg>
<arg>TK</arg>
<arg>TL</arg>
<arg>TM</arg>
<arg>TN</arg>
<arg>TO</arg>
<arg>TR</arg>
<arg>TT</arg>
<arg>TV</arg>
<arg>TW</arg>
<arg>TZ</arg>
<arg>UA</arg>
<arg>UG</arg>
<arg>UM</arg>
<arg>US</arg>
<arg>UY</arg>
<arg>UZ</arg>
<arg>VA</arg>
<arg>VC</arg>
<arg>VE</arg>
<arg>VG</arg>
<arg>VI</arg>
<arg>VN</arg>
<arg>VU</arg>
<arg>WF</arg>
<arg>WS</arg>
<arg>XK</arg>
<arg>YE</arg>
<arg>YT</arg>
<arg>ZA</arg>
<arg>ZM</arg>
<arg>ZW</arg>
<doc>Returns a list containing given items.</doc>
<status status="PASS" start="2024-06-17T03:18:13.855916" elapsed="0.000662"/>
</kw>
<kw name="List Should Contain Value" owner="Collections">
<arg>${list_country}</arg>
<arg>${name_country}</arg>
<doc>Fails if the ``value`` is not found from ``list``.</doc>
<status status="PASS" start="2024-06-17T03:18:13.857392" elapsed="0.000216"/>
</kw>
<kw name="Run Keyword If" owner="BuiltIn">
<kw name="Should Be True" owner="BuiltIn">
<arg>${True}</arg>
<doc>Fails if the given condition is not true.</doc>
<status status="PASS" start="2024-06-17T03:18:13.858720" elapsed="0.000148"/>
</kw>
<arg>${json_data["results"][0]["location"]["coordinates"]["latitude"]} &gt;= -90 and ${json_data["results"][0]["location"]["coordinates"]["latitude"]} &lt;= 90</arg>
<arg>Should Be True</arg>
<arg>${True}</arg>
<doc>Runs the given keyword with the given arguments, if ``condition`` is true.</doc>
<status status="PASS" start="2024-06-17T03:18:13.857809" elapsed="0.001192"/>
</kw>
<kw name="Run Keyword If" owner="BuiltIn">
<kw name="Should Be True" owner="BuiltIn">
<arg>${True}</arg>
<doc>Fails if the given condition is not true.</doc>
<status status="PASS" start="2024-06-17T03:18:13.859897" elapsed="0.000165"/>
</kw>
<arg>${json_data["results"][0]["location"]["coordinates"]["longitude"]} &gt;= -180 and ${json_data["results"][0]["location"]["coordinates"]["longitude"]} &lt;= 180</arg>
<arg>Should Be True</arg>
<arg>${True}</arg>
<doc>Runs the given keyword with the given arguments, if ``condition`` is true.</doc>
<status status="PASS" start="2024-06-17T03:18:13.859191" elapsed="0.000998"/>
</kw>
<status status="PASS" start="2024-06-17T03:18:13.757295" elapsed="0.103029"/>
</kw>
<doc>Testa o conteúdo específico dos campos retornados pela API.</doc>
<tag>testeConteudo</tag>
<status status="PASS" start="2024-06-17T03:18:13.756822" elapsed="0.103661"/>
</test>
<status status="PASS" start="2024-06-17T03:18:12.862381" elapsed="1.000174"/>
</suite>
<status status="PASS" start="2024-06-17T03:18:12.848403" elapsed="1.019436"/>
</suite>
<statistics>
<total>
<stat pass="5" fail="0" skip="0">All Tests</stat>
</total>
<tag>
<stat pass="1" fail="0" skip="0">testeConteudo</stat>
<stat pass="1" fail="0" skip="0">testeEstruturaResposta</stat>
<stat pass="1" fail="0" skip="0">testeRequisicaoBasica</stat>
<stat pass="1" fail="0" skip="0">testeTiposDados</stat>
</tag>
<suite>
<stat pass="5" fail="0" skip="0" id="s1" name="Tests">Tests</stat>
<stat pass="5" fail="0" skip="0" id="s1-s1" name="Random-User-Test">Tests.Random-User-Test</stat>
</suite>
</statistics>
<errors>
</errors>
</robot>
