<?xml version="1.0" encoding="UTF-8"?>
<robot generator="Robot 7.0 (Python 3.12.2 on linux)" generated="2024-04-09T22:12:23.329583" rpa="false" schemaversion="5">
<suite id="s1" name="Tests" source="/home/runner/work/DesafioQAItauRogerioJordao/DesafioQAItauRogerioJordao/RamdonUser/tests">
<suite id="s1-s1" name="Random-User-Test" source="/home/runner/work/DesafioQAItauRogerioJordao/DesafioQAItauRogerioJordao/RamdonUser/tests/random-user-test.robot">
<test id="s1-s1-t1" name="Conectar" line="13">
<kw name="Conectar API" owner="random-user-service">
<kw name="Create Session" owner="RequestsLibrary">
<msg time="2024-04-09T22:12:23.686291" level="INFO">Creating Session using : alias=consultarAPI, url=https://randomuser.me/, headers={},                     cookies={}, auth=None, timeout=None, proxies=None, verify=False,                     debug=0 </msg>
<arg>consultarAPI</arg>
<arg>${URL}</arg>
<doc>Create Session: create a HTTP session to a server</doc>
<status status="PASS" start="2024-04-09T22:12:23.686090" elapsed="0.000376"/>
</kw>
<status status="PASS" start="2024-04-09T22:12:23.685076" elapsed="0.001775"/>
</kw>
<status status="PASS" start="2024-04-09T22:12:23.684459" elapsed="0.002602"/>
</test>
<test id="s1-s1-t2" name="Validar retorno 200 e JSON Válido" line="16">
<kw name="Teste de Requisicao Basica" owner="random-user-service">
<kw name="GET On Session" owner="RequestsLibrary">
<msg time="2024-04-09T22:12:23.777969" level="INFO">GET Request : url=https://randomuser.me/api 
 path_url=/api 
 headers={'User-Agent': 'python-requests/2.31.0', 'Accept-Encoding': 'gzip, deflate', 'Accept': '*/*', 'Connection': 'keep-alive'} 
 body=None 
 </msg>
<msg time="2024-04-09T22:12:23.778129" level="INFO">GET Response : url=https://randomuser.me/api 
 status=200, reason=OK 
 headers={'Date': 'Tue, 09 Apr 2024 22:12:23 GMT', 'Content-Type': 'application/json; charset=utf-8', 'Transfer-Encoding': 'chunked', 'Connection': 'keep-alive', 'X-Powered-By': 'Express', 'Access-Control-Allow-Origin': '*', 'Cache-Control': 'no-cache', 'ETag': 'W/"4a0-8rzU0rUEsAEgWTNotqrgYhA9O0Y"', 'Vary': 'Accept-Encoding', 'Content-Encoding': 'gzip', 'CF-Cache-Status': 'DYNAMIC', 'Report-To': '{"endpoints":[{"url":"https:\\/\\/a.nel.cloudflare.com\\/report\\/v4?s=I8QAr5iWEu2x97TaT9js573iy7oDZ1ezyOO4a0GjuE60n3Mo%2BdiZf5w7rP3xjqUvp86J1C5T9BgMMFqI1KSIG83UtVRDBHSbywbKUtdJHz8zr62u%2FaG13ZmbT6XicshW"}],"group":"cf-nel","max_age":604800}', 'NEL': '{"success_fraction":0,"report_to":"cf-nel","max_age":604800}', 'Server': 'cloudflare', 'CF-RAY': '871dd6a05b082197-ORD', 'alt-svc': 'h3=":443"; ma=86400'} 
 body={"results":[{"gender":"female","name":{"title":"Mrs","first":"Oona","last":"Linna"},"location":{"street":{"number":9811,"name":"Itsenäisyydenkatu"},"city":"Karkkila","state":"Central Ostrobothnia","country":"Finland","postcode":73882,"coordinates":{"latitude":"-23.1712","longitude":"89.4486"},"timezone":{"offset":"+4:00","description":"Abu Dhabi, Muscat, Baku, Tbilisi"}},"email":"oona.linna@example.com","login":{"uuid":"b899f430-bfd1-470f-9a7e-e76bb39cad3d","username":"whitetiger501","password":"jose","salt":"72dDd0uQ","md5":"203ce96612457b6ab60b373db6d14b8e","sha1":"e297a799f31f29b3f59f112e118b95107ebb042f","sha256":"b9f9508517bb353d237b36fefbd0f76324fc1b4282636da18bf552acd786c8f3"},"dob":{"date":"1968-03-04T00:36:02.878Z","age":56},"registered":{"date":"2016-06-11T12:39:59.203Z","age":7},"phone":"03-576-828","cell":"048-796-34-07","id":{"name":"HETU","value":"NaNNA608undefined"},"picture":{"large":"https://randomuser.me/api/portraits/women/67.jpg","medium":"https://randomuser.me/api/portraits/med/women/67.jpg","thumbnail":"https://randomuser.me/api/portraits/thumb/women/67.jpg"},"nat":"FI"}],"info":{"seed":"c7bdaaf064a2dea6","results":1,"page":1,"version":"1.4"}} 
 </msg>
<msg time="2024-04-09T22:12:23.778219" level="INFO">/opt/hostedtoolcache/Python/3.12.2/x64/lib/python3.12/site-packages/urllib3/connectionpool.py:1103: InsecureRequestWarning: Unverified HTTPS request is being made to host 'randomuser.me'. Adding certificate verification is strongly advised. See: https://urllib3.readthedocs.io/en/latest/advanced-usage.html#tls-warnings
  warnings.warn(</msg>
<msg time="2024-04-09T22:12:23.778367" level="INFO">${response} = &lt;Response [200]&gt;</msg>
<var>${response}</var>
<arg>consultarAPI</arg>
<arg>/api</arg>
<doc>Sends a GET request on a previously created HTTP Session.</doc>
<status status="PASS" start="2024-04-09T22:12:23.689670" elapsed="0.088739"/>
</kw>
<kw name="Should Be Equal As Numbers" owner="BuiltIn">
<msg time="2024-04-09T22:12:23.779565" level="INFO">Argument types are:
&lt;class 'int'&gt;
&lt;class 'str'&gt;</msg>
<arg>${response.status_code}</arg>
<arg>200</arg>
<doc>Fails if objects are unequal after converting them to real numbers.</doc>
<status status="PASS" start="2024-04-09T22:12:23.779066" elapsed="0.000568"/>
</kw>
<kw name="Log" owner="BuiltIn">
<msg time="2024-04-09T22:12:23.780351" level="INFO">200</msg>
<arg>${response.status_code}</arg>
<doc>Logs the given message with the given level.</doc>
<status status="PASS" start="2024-04-09T22:12:23.779985" elapsed="0.000411"/>
</kw>
<kw name="Set Variable" owner="BuiltIn">
<msg time="2024-04-09T22:12:23.781189" level="INFO">${json_data} = {'results': [{'gender': 'female', 'name': {'title': 'Mrs', 'first': 'Oona', 'last': 'Linna'}, 'location': {'street': {'number': 9811, 'name': 'Itsenäisyydenkatu'}, 'city': 'Karkkila', 'state': 'Centra...</msg>
<var>${json_data}</var>
<arg>${response.json()}</arg>
<doc>Returns the given values which can then be assigned to a variables.</doc>
<status status="PASS" start="2024-04-09T22:12:23.780735" elapsed="0.000483"/>
</kw>
<kw name="Dictionary Should Contain Key" owner="Collections">
<msg time="2024-04-09T22:12:23.781713" level="INFO">False</msg>
<arg>${json_data}</arg>
<arg>results</arg>
<doc>Fails if ``key`` is not found from ``dictionary``.</doc>
<status status="PASS" start="2024-04-09T22:12:23.781532" elapsed="0.000222"/>
</kw>
<status status="PASS" start="2024-04-09T22:12:23.689416" elapsed="0.092601"/>
</kw>
<doc>Testa se a API responde corretamente e retorna um objeto JSON válido.</doc>
<tag>testeRequisicaoBasica</tag>
<status status="PASS" start="2024-04-09T22:12:23.688891" elapsed="0.093315"/>
</test>
<test id="s1-s1-t3" name="Validar estrutura de resposta" line="22">
<kw name="Teste de Estrutura de Resposta" owner="random-user-service">
<kw name="GET On Session" owner="RequestsLibrary">
<msg time="2024-04-09T22:12:23.876337" level="INFO">GET Request : url=https://randomuser.me/api 
 path_url=/api 
 headers={'User-Agent': 'python-requests/2.31.0', 'Accept-Encoding': 'gzip, deflate', 'Accept': '*/*', 'Connection': 'keep-alive'} 
 body=None 
 </msg>
<msg time="2024-04-09T22:12:23.876414" level="INFO">GET Response : url=https://randomuser.me/api 
 status=200, reason=OK 
 headers={'Date': 'Tue, 09 Apr 2024 22:12:23 GMT', 'Content-Type': 'application/json; charset=utf-8', 'Transfer-Encoding': 'chunked', 'Connection': 'keep-alive', 'X-Powered-By': 'Express', 'Access-Control-Allow-Origin': '*', 'Cache-Control': 'no-cache', 'ETag': 'W/"498-1zEnpl3Q55QMINuKfpi8OAHb24o"', 'Vary': 'Accept-Encoding', 'Content-Encoding': 'gzip', 'CF-Cache-Status': 'DYNAMIC', 'Report-To': '{"endpoints":[{"url":"https:\\/\\/a.nel.cloudflare.com\\/report\\/v4?s=3N3KZK018EF7QunPwGQ2K%2FoySOg%2FfbGwdhxa9%2FDLh2s7yAgQkx01rHUNAy0lLi17nP9D7MwOct9QZfoZd8TW%2BKJYDz0xEOEuLupdPuTgV5ZBgxaSLragp4uI%2B7Yx2VP%2B"}],"group":"cf-nel","max_age":604800}', 'NEL': '{"success_fraction":0,"report_to":"cf-nel","max_age":604800}', 'Server': 'cloudflare', 'CF-RAY': '871dd6a0ab912197-ORD', 'alt-svc': 'h3=":443"; ma=86400'} 
 body={"results":[{"gender":"female","name":{"title":"Miss","first":"Silje","last":"Christensen"},"location":{"street":{"number":4981,"name":"Rønne Alle"},"city":"Nørrebro","state":"Midtjylland","country":"Denmark","postcode":57474,"coordinates":{"latitude":"-38.8713","longitude":"173.0684"},"timezone":{"offset":"-3:00","description":"Brazil, Buenos Aires, Georgetown"}},"email":"silje.christensen@example.com","login":{"uuid":"d0257a96-85d7-4aa1-8e8f-468795399032","username":"yellowfrog486","password":"kangaroo","salt":"v2DNOes3","md5":"d82d623b076227e6ce0c9e342a32dd2f","sha1":"5b591ba1915def7d4f3359cf9c1569d44279b2fa","sha256":"bd05267d7e6fa2fc56db127fcf6c01eed45524b26da1527c494330c6c997ad36"},"dob":{"date":"1974-04-14T13:33:13.076Z","age":49},"registered":{"date":"2012-02-21T04:11:43.972Z","age":12},"phone":"32550215","cell":"61045229","id":{"name":"CPR","value":"140474-3144"},"picture":{"large":"https://randomuser.me/api/portraits/women/56.jpg","medium":"https://randomuser.me/api/portraits/med/women/56.jpg","thumbnail":"https://randomuser.me/api/portraits/thumb/women/56.jpg"},"nat":"DK"}],"info":{"seed":"d60df91925353a5d","results":1,"page":1,"version":"1.4"}} 
 </msg>
<msg time="2024-04-09T22:12:23.876535" level="INFO">/opt/hostedtoolcache/Python/3.12.2/x64/lib/python3.12/site-packages/urllib3/connectionpool.py:1103: InsecureRequestWarning: Unverified HTTPS request is being made to host 'randomuser.me'. Adding certificate verification is strongly advised. See: https://urllib3.readthedocs.io/en/latest/advanced-usage.html#tls-warnings
  warnings.warn(</msg>
<msg time="2024-04-09T22:12:23.876642" level="INFO">${response} = &lt;Response [200]&gt;</msg>
<var>${response}</var>
<arg>consultarAPI</arg>
<arg>/api</arg>
<doc>Sends a GET request on a previously created HTTP Session.</doc>
<status status="PASS" start="2024-04-09T22:12:23.785100" elapsed="0.091585"/>
</kw>
<kw name="Set Variable" owner="BuiltIn">
<msg time="2024-04-09T22:12:23.877805" level="INFO">${json_data} = {'results': [{'gender': 'female', 'name': {'title': 'Miss', 'first': 'Silje', 'last': 'Christensen'}, 'location': {'street': {'number': 4981, 'name': 'Rønne Alle'}, 'city': 'Nørrebro', 'state': 'Midtj...</msg>
<var>${json_data}</var>
<arg>${response.json()}</arg>
<doc>Returns the given values which can then be assigned to a variables.</doc>
<status status="PASS" start="2024-04-09T22:12:23.877226" elapsed="0.000609"/>
</kw>
<kw name="Log" owner="BuiltIn">
<msg time="2024-04-09T22:12:23.878332" level="INFO">{'results': [{'gender': 'female', 'name': {'title': 'Miss', 'first': 'Silje', 'last': 'Christensen'}, 'location': {'street': {'number': 4981, 'name': 'Rønne Alle'}, 'city': 'Nørrebro', 'state': 'Midtjylland', 'country': 'Denmark', 'postcode': 57474, 'coordinates': {'latitude': '-38.8713', 'longitude': '173.0684'}, 'timezone': {'offset': '-3:00', 'description': 'Brazil, Buenos Aires, Georgetown'}}, 'email': 'silje.christensen@example.com', 'login': {'uuid': 'd0257a96-85d7-4aa1-8e8f-468795399032', 'username': 'yellowfrog486', 'password': 'kangaroo', 'salt': 'v2DNOes3', 'md5': 'd82d623b076227e6ce0c9e342a32dd2f', 'sha1': '5b591ba1915def7d4f3359cf9c1569d44279b2fa', 'sha256': 'bd05267d7e6fa2fc56db127fcf6c01eed45524b26da1527c494330c6c997ad36'}, 'dob': {'date': '1974-04-14T13:33:13.076Z', 'age': 49}, 'registered': {'date': '2012-02-21T04:11:43.972Z', 'age': 12}, 'phone': '32550215', 'cell': '61045229', 'id': {'name': 'CPR', 'value': '140474-3144'}, 'picture': {'large': 'https://randomuser.me/api/portraits/women/56.jpg', 'medium': 'https://randomuser.me/api/portraits/med/women/56.jpg', 'thumbnail': 'https://randomuser.me/api/portraits/thumb/women/56.jpg'}, 'nat': 'DK'}], 'info': {'seed': 'd60df91925353a5d', 'results': 1, 'page': 1, 'version': '1.4'}}</msg>
<arg>${json_data}</arg>
<doc>Logs the given message with the given level.</doc>
<status status="PASS" start="2024-04-09T22:12:23.878164" elapsed="0.000219"/>
</kw>
<kw name="Dictionary Should Contain Key" owner="Collections">
<msg time="2024-04-09T22:12:23.878895" level="INFO">False</msg>
<arg>${json_data}</arg>
<arg>results</arg>
<doc>Fails if ``key`` is not found from ``dictionary``.</doc>
<status status="PASS" start="2024-04-09T22:12:23.878687" elapsed="0.000258"/>
</kw>
<kw name="Should Not Be Empty" owner="BuiltIn">
<msg time="2024-04-09T22:12:23.879387" level="INFO">Length is 2.</msg>
<arg>${json_data}</arg>
<doc>Verifies that the given item is not empty.</doc>
<status status="PASS" start="2024-04-09T22:12:23.879251" elapsed="0.000175"/>
</kw>
<kw name="Create List" owner="BuiltIn">
<msg time="2024-04-09T22:12:23.879869" level="INFO">${expected_keys} = ['gender', 'name', 'location', 'email', 'login']</msg>
<var>${expected_keys}</var>
<arg>gender</arg>
<arg>name</arg>
<arg>location</arg>
<arg>email</arg>
<arg>login</arg>
<doc>Returns a list containing given items.</doc>
<status status="PASS" start="2024-04-09T22:12:23.879718" elapsed="0.000176"/>
</kw>
<for flavor="IN">
<iter>
<kw name="Dictionary Should Contain Key" owner="Collections">
<msg time="2024-04-09T22:12:23.880912" level="INFO">False</msg>
<arg>${json_data['results'][0]}</arg>
<arg>${key}</arg>
<doc>Fails if ``key`` is not found from ``dictionary``.</doc>
<status status="PASS" start="2024-04-09T22:12:23.880487" elapsed="0.000465"/>
</kw>
<kw name="Log" owner="BuiltIn">
<msg time="2024-04-09T22:12:23.881636" level="INFO">{'gender': 'female', 'name': {'title': 'Miss', 'first': 'Silje', 'last': 'Christensen'}, 'location': {'street': {'number': 4981, 'name': 'Rønne Alle'}, 'city': 'Nørrebro', 'state': 'Midtjylland', 'country': 'Denmark', 'postcode': 57474, 'coordinates': {'latitude': '-38.8713', 'longitude': '173.0684'}, 'timezone': {'offset': '-3:00', 'description': 'Brazil, Buenos Aires, Georgetown'}}, 'email': 'silje.christensen@example.com', 'login': {'uuid': 'd0257a96-85d7-4aa1-8e8f-468795399032', 'username': 'yellowfrog486', 'password': 'kangaroo', 'salt': 'v2DNOes3', 'md5': 'd82d623b076227e6ce0c9e342a32dd2f', 'sha1': '5b591ba1915def7d4f3359cf9c1569d44279b2fa', 'sha256': 'bd05267d7e6fa2fc56db127fcf6c01eed45524b26da1527c494330c6c997ad36'}, 'dob': {'date': '1974-04-14T13:33:13.076Z', 'age': 49}, 'registered': {'date': '2012-02-21T04:11:43.972Z', 'age': 12}, 'phone': '32550215', 'cell': '61045229', 'id': {'name': 'CPR', 'value': '140474-3144'}, 'picture': {'large': 'https://randomuser.me/api/portraits/women/56.jpg', 'medium': 'https://randomuser.me/api/portraits/med/women/56.jpg', 'thumbnail': 'https://randomuser.me/api/portraits/thumb/women/56.jpg'}, 'nat': 'DK'}</msg>
<arg>${json_data['results'][0]}</arg>
<doc>Logs the given message with the given level.</doc>
<status status="PASS" start="2024-04-09T22:12:23.881263" elapsed="0.000431"/>
</kw>
<kw name="Log" owner="BuiltIn">
<msg time="2024-04-09T22:12:23.882132" level="INFO">gender</msg>
<arg>${key}</arg>
<doc>Logs the given message with the given level.</doc>
<status status="PASS" start="2024-04-09T22:12:23.882000" elapsed="0.000171"/>
</kw>
<var name="${key}">gender</var>
<status status="PASS" start="2024-04-09T22:12:23.880360" elapsed="0.002033"/>
</iter>
<iter>
<kw name="Dictionary Should Contain Key" owner="Collections">
<msg time="2024-04-09T22:12:23.883121" level="INFO">False</msg>
<arg>${json_data['results'][0]}</arg>
<arg>${key}</arg>
<doc>Fails if ``key`` is not found from ``dictionary``.</doc>
<status status="PASS" start="2024-04-09T22:12:23.882701" elapsed="0.000458"/>
</kw>
<kw name="Log" owner="BuiltIn">
<msg time="2024-04-09T22:12:23.883863" level="INFO">{'gender': 'female', 'name': {'title': 'Miss', 'first': 'Silje', 'last': 'Christensen'}, 'location': {'street': {'number': 4981, 'name': 'Rønne Alle'}, 'city': 'Nørrebro', 'state': 'Midtjylland', 'country': 'Denmark', 'postcode': 57474, 'coordinates': {'latitude': '-38.8713', 'longitude': '173.0684'}, 'timezone': {'offset': '-3:00', 'description': 'Brazil, Buenos Aires, Georgetown'}}, 'email': 'silje.christensen@example.com', 'login': {'uuid': 'd0257a96-85d7-4aa1-8e8f-468795399032', 'username': 'yellowfrog486', 'password': 'kangaroo', 'salt': 'v2DNOes3', 'md5': 'd82d623b076227e6ce0c9e342a32dd2f', 'sha1': '5b591ba1915def7d4f3359cf9c1569d44279b2fa', 'sha256': 'bd05267d7e6fa2fc56db127fcf6c01eed45524b26da1527c494330c6c997ad36'}, 'dob': {'date': '1974-04-14T13:33:13.076Z', 'age': 49}, 'registered': {'date': '2012-02-21T04:11:43.972Z', 'age': 12}, 'phone': '32550215', 'cell': '61045229', 'id': {'name': 'CPR', 'value': '140474-3144'}, 'picture': {'large': 'https://randomuser.me/api/portraits/women/56.jpg', 'medium': 'https://randomuser.me/api/portraits/med/women/56.jpg', 'thumbnail': 'https://randomuser.me/api/portraits/thumb/women/56.jpg'}, 'nat': 'DK'}</msg>
<arg>${json_data['results'][0]}</arg>
<doc>Logs the given message with the given level.</doc>
<status status="PASS" start="2024-04-09T22:12:23.883485" elapsed="0.000429"/>
</kw>
<kw name="Log" owner="BuiltIn">
<msg time="2024-04-09T22:12:23.884351" level="INFO">name</msg>
<arg>${key}</arg>
<doc>Logs the given message with the given level.</doc>
<status status="PASS" start="2024-04-09T22:12:23.884216" elapsed="0.000172"/>
</kw>
<var name="${key}">name</var>
<status status="PASS" start="2024-04-09T22:12:23.882585" elapsed="0.002021"/>
</iter>
<iter>
<kw name="Dictionary Should Contain Key" owner="Collections">
<msg time="2024-04-09T22:12:23.885275" level="INFO">False</msg>
<arg>${json_data['results'][0]}</arg>
<arg>${key}</arg>
<doc>Fails if ``key`` is not found from ``dictionary``.</doc>
<status status="PASS" start="2024-04-09T22:12:23.884897" elapsed="0.000416"/>
</kw>
<kw name="Log" owner="BuiltIn">
<msg time="2024-04-09T22:12:23.885977" level="INFO">{'gender': 'female', 'name': {'title': 'Miss', 'first': 'Silje', 'last': 'Christensen'}, 'location': {'street': {'number': 4981, 'name': 'Rønne Alle'}, 'city': 'Nørrebro', 'state': 'Midtjylland', 'country': 'Denmark', 'postcode': 57474, 'coordinates': {'latitude': '-38.8713', 'longitude': '173.0684'}, 'timezone': {'offset': '-3:00', 'description': 'Brazil, Buenos Aires, Georgetown'}}, 'email': 'silje.christensen@example.com', 'login': {'uuid': 'd0257a96-85d7-4aa1-8e8f-468795399032', 'username': 'yellowfrog486', 'password': 'kangaroo', 'salt': 'v2DNOes3', 'md5': 'd82d623b076227e6ce0c9e342a32dd2f', 'sha1': '5b591ba1915def7d4f3359cf9c1569d44279b2fa', 'sha256': 'bd05267d7e6fa2fc56db127fcf6c01eed45524b26da1527c494330c6c997ad36'}, 'dob': {'date': '1974-04-14T13:33:13.076Z', 'age': 49}, 'registered': {'date': '2012-02-21T04:11:43.972Z', 'age': 12}, 'phone': '32550215', 'cell': '61045229', 'id': {'name': 'CPR', 'value': '140474-3144'}, 'picture': {'large': 'https://randomuser.me/api/portraits/women/56.jpg', 'medium': 'https://randomuser.me/api/portraits/med/women/56.jpg', 'thumbnail': 'https://randomuser.me/api/portraits/thumb/women/56.jpg'}, 'nat': 'DK'}</msg>
<arg>${json_data['results'][0]}</arg>
<doc>Logs the given message with the given level.</doc>
<status status="PASS" start="2024-04-09T22:12:23.885614" elapsed="0.000417"/>
</kw>
<kw name="Log" owner="BuiltIn">
<msg time="2024-04-09T22:12:23.886459" level="INFO">location</msg>
<arg>${key}</arg>
<doc>Logs the given message with the given level.</doc>
<status status="PASS" start="2024-04-09T22:12:23.886330" elapsed="0.000168"/>
</kw>
<var name="${key}">location</var>
<status status="PASS" start="2024-04-09T22:12:23.884787" elapsed="0.001929"/>
</iter>
<iter>
<kw name="Dictionary Should Contain Key" owner="Collections">
<msg time="2024-04-09T22:12:23.887420" level="INFO">False</msg>
<arg>${json_data['results'][0]}</arg>
<arg>${key}</arg>
<doc>Fails if ``key`` is not found from ``dictionary``.</doc>
<status status="PASS" start="2024-04-09T22:12:23.887032" elapsed="0.000426"/>
</kw>
<kw name="Log" owner="BuiltIn">
<msg time="2024-04-09T22:12:23.888121" level="INFO">{'gender': 'female', 'name': {'title': 'Miss', 'first': 'Silje', 'last': 'Christensen'}, 'location': {'street': {'number': 4981, 'name': 'Rønne Alle'}, 'city': 'Nørrebro', 'state': 'Midtjylland', 'country': 'Denmark', 'postcode': 57474, 'coordinates': {'latitude': '-38.8713', 'longitude': '173.0684'}, 'timezone': {'offset': '-3:00', 'description': 'Brazil, Buenos Aires, Georgetown'}}, 'email': 'silje.christensen@example.com', 'login': {'uuid': 'd0257a96-85d7-4aa1-8e8f-468795399032', 'username': 'yellowfrog486', 'password': 'kangaroo', 'salt': 'v2DNOes3', 'md5': 'd82d623b076227e6ce0c9e342a32dd2f', 'sha1': '5b591ba1915def7d4f3359cf9c1569d44279b2fa', 'sha256': 'bd05267d7e6fa2fc56db127fcf6c01eed45524b26da1527c494330c6c997ad36'}, 'dob': {'date': '1974-04-14T13:33:13.076Z', 'age': 49}, 'registered': {'date': '2012-02-21T04:11:43.972Z', 'age': 12}, 'phone': '32550215', 'cell': '61045229', 'id': {'name': 'CPR', 'value': '140474-3144'}, 'picture': {'large': 'https://randomuser.me/api/portraits/women/56.jpg', 'medium': 'https://randomuser.me/api/portraits/med/women/56.jpg', 'thumbnail': 'https://randomuser.me/api/portraits/thumb/women/56.jpg'}, 'nat': 'DK'}</msg>
<arg>${json_data['results'][0]}</arg>
<doc>Logs the given message with the given level.</doc>
<status status="PASS" start="2024-04-09T22:12:23.887758" elapsed="0.000414"/>
</kw>
<kw name="Log" owner="BuiltIn">
<msg time="2024-04-09T22:12:23.888597" level="INFO">email</msg>
<arg>${key}</arg>
<doc>Logs the given message with the given level.</doc>
<status status="PASS" start="2024-04-09T22:12:23.888469" elapsed="0.000165"/>
</kw>
<var name="${key}">email</var>
<status status="PASS" start="2024-04-09T22:12:23.886922" elapsed="0.001939"/>
</iter>
<iter>
<kw name="Dictionary Should Contain Key" owner="Collections">
<msg time="2024-04-09T22:12:23.889526" level="INFO">False</msg>
<arg>${json_data['results'][0]}</arg>
<arg>${key}</arg>
<doc>Fails if ``key`` is not found from ``dictionary``.</doc>
<status status="PASS" start="2024-04-09T22:12:23.889146" elapsed="0.000418"/>
</kw>
<kw name="Log" owner="BuiltIn">
<msg time="2024-04-09T22:12:23.890225" level="INFO">{'gender': 'female', 'name': {'title': 'Miss', 'first': 'Silje', 'last': 'Christensen'}, 'location': {'street': {'number': 4981, 'name': 'Rønne Alle'}, 'city': 'Nørrebro', 'state': 'Midtjylland', 'country': 'Denmark', 'postcode': 57474, 'coordinates': {'latitude': '-38.8713', 'longitude': '173.0684'}, 'timezone': {'offset': '-3:00', 'description': 'Brazil, Buenos Aires, Georgetown'}}, 'email': 'silje.christensen@example.com', 'login': {'uuid': 'd0257a96-85d7-4aa1-8e8f-468795399032', 'username': 'yellowfrog486', 'password': 'kangaroo', 'salt': 'v2DNOes3', 'md5': 'd82d623b076227e6ce0c9e342a32dd2f', 'sha1': '5b591ba1915def7d4f3359cf9c1569d44279b2fa', 'sha256': 'bd05267d7e6fa2fc56db127fcf6c01eed45524b26da1527c494330c6c997ad36'}, 'dob': {'date': '1974-04-14T13:33:13.076Z', 'age': 49}, 'registered': {'date': '2012-02-21T04:11:43.972Z', 'age': 12}, 'phone': '32550215', 'cell': '61045229', 'id': {'name': 'CPR', 'value': '140474-3144'}, 'picture': {'large': 'https://randomuser.me/api/portraits/women/56.jpg', 'medium': 'https://randomuser.me/api/portraits/med/women/56.jpg', 'thumbnail': 'https://randomuser.me/api/portraits/thumb/women/56.jpg'}, 'nat': 'DK'}</msg>
<arg>${json_data['results'][0]}</arg>
<doc>Logs the given message with the given level.</doc>
<status status="PASS" start="2024-04-09T22:12:23.889858" elapsed="0.000415"/>
</kw>
<kw name="Log" owner="BuiltIn">
<msg time="2024-04-09T22:12:23.890716" level="INFO">login</msg>
<arg>${key}</arg>
<doc>Logs the given message with the given level.</doc>
<status status="PASS" start="2024-04-09T22:12:23.890572" elapsed="0.000186"/>
</kw>
<var name="${key}">login</var>
<status status="PASS" start="2024-04-09T22:12:23.889036" elapsed="0.001988"/>
</iter>
<var>${key}</var>
<value>@{expected_keys}</value>
<status status="PASS" start="2024-04-09T22:12:23.880158" elapsed="0.010991"/>
</for>
<kw name="Create List" owner="BuiltIn">
<msg time="2024-04-09T22:12:23.891483" level="INFO">${expected_keysTwo} = ['username', 'password']</msg>
<var>${expected_keysTwo}</var>
<arg>username</arg>
<arg>password</arg>
<doc>Returns a list containing given items.</doc>
<status status="PASS" start="2024-04-09T22:12:23.891344" elapsed="0.000162"/>
</kw>
<for flavor="IN">
<iter>
<kw name="Dictionary Should Contain Key" owner="Collections">
<msg time="2024-04-09T22:12:23.892503" level="INFO">False</msg>
<arg>${json_data['results'][0]['login']}</arg>
<arg>${keyTwo}</arg>
<doc>Fails if ``key`` is not found from ``dictionary``.</doc>
<status status="PASS" start="2024-04-09T22:12:23.892115" elapsed="0.000438"/>
</kw>
<kw name="Dictionary Should Contain Key" owner="Collections">
<msg time="2024-04-09T22:12:23.893233" level="INFO">False</msg>
<arg>${json_data['results'][0]['login']}</arg>
<arg>${keyTwo}</arg>
<doc>Fails if ``key`` is not found from ``dictionary``.</doc>
<status status="PASS" start="2024-04-09T22:12:23.892854" elapsed="0.000417"/>
</kw>
<kw name="Log" owner="BuiltIn">
<msg time="2024-04-09T22:12:23.893695" level="INFO">username</msg>
<arg>${keyTwo}</arg>
<doc>Logs the given message with the given level.</doc>
<status status="PASS" start="2024-04-09T22:12:23.893568" elapsed="0.000165"/>
</kw>
<var name="${keyTwo}">username</var>
<status status="PASS" start="2024-04-09T22:12:23.892002" elapsed="0.001949"/>
</iter>
<iter>
<kw name="Dictionary Should Contain Key" owner="Collections">
<msg time="2024-04-09T22:12:23.894621" level="INFO">False</msg>
<arg>${json_data['results'][0]['login']}</arg>
<arg>${keyTwo}</arg>
<doc>Fails if ``key`` is not found from ``dictionary``.</doc>
<status status="PASS" start="2024-04-09T22:12:23.894235" elapsed="0.000424"/>
</kw>
<kw name="Dictionary Should Contain Key" owner="Collections">
<msg time="2024-04-09T22:12:23.895362" level="INFO">False</msg>
<arg>${json_data['results'][0]['login']}</arg>
<arg>${keyTwo}</arg>
<doc>Fails if ``key`` is not found from ``dictionary``.</doc>
<status status="PASS" start="2024-04-09T22:12:23.894971" elapsed="0.000428"/>
</kw>
<kw name="Log" owner="BuiltIn">
<msg time="2024-04-09T22:12:23.895819" level="INFO">password</msg>
<arg>${keyTwo}</arg>
<doc>Logs the given message with the given level.</doc>
<status status="PASS" start="2024-04-09T22:12:23.895693" elapsed="0.000164"/>
</kw>
<var name="${keyTwo}">password</var>
<status status="PASS" start="2024-04-09T22:12:23.894125" elapsed="0.001945"/>
</iter>
<var>${keyTwo}</var>
<value>@{expected_keysTwo}</value>
<status status="PASS" start="2024-04-09T22:12:23.891744" elapsed="0.004449"/>
</for>
<status status="PASS" start="2024-04-09T22:12:23.784854" elapsed="0.111482"/>
</kw>
<doc>Testa a estrutura da resposta da API.</doc>
<tag>testeEstruturaResposta</tag>
<status status="PASS" start="2024-04-09T22:12:23.784092" elapsed="0.112406"/>
</test>
<test id="s1-s1-t4" name="Validar tipos de dados" line="28">
<kw name="Teste de Tipos de Dados" owner="random-user-service">
<kw name="GET On Session" owner="RequestsLibrary">
<msg time="2024-04-09T22:12:23.977027" level="INFO">GET Request : url=https://randomuser.me/api 
 path_url=/api 
 headers={'User-Agent': 'python-requests/2.31.0', 'Accept-Encoding': 'gzip, deflate', 'Accept': '*/*', 'Connection': 'keep-alive'} 
 body=None 
 </msg>
<msg time="2024-04-09T22:12:23.977109" level="INFO">GET Response : url=https://randomuser.me/api 
 status=200, reason=OK 
 headers={'Date': 'Tue, 09 Apr 2024 22:12:23 GMT', 'Content-Type': 'application/json; charset=utf-8', 'Transfer-Encoding': 'chunked', 'Connection': 'keep-alive', 'X-Powered-By': 'Express', 'Access-Control-Allow-Origin': '*', 'Cache-Control': 'no-cache', 'ETag': 'W/"481-eslRnxgDsy6ow+HzCNMM/qz5Sls"', 'Vary': 'Accept-Encoding', 'Content-Encoding': 'gzip', 'CF-Cache-Status': 'DYNAMIC', 'Report-To': '{"endpoints":[{"url":"https:\\/\\/a.nel.cloudflare.com\\/report\\/v4?s=y2hi%2BM3nt4XaWlMlcftXq0xTyZi3w86cH1A%2FsdnIcZ%2BgWE0qzzhB51LdfF0dtFapn1CYE4a5lxLjbVmePoWEPI%2BLNoTCswc%2BBH9uBXPC7G37W8jCQDUOFVi56EL3aETF"}],"group":"cf-nel","max_age":604800}', 'NEL': '{"success_fraction":0,"report_to":"cf-nel","max_age":604800}', 'Server': 'cloudflare', 'CF-RAY': '871dd6a16c892197-ORD', 'alt-svc': 'h3=":443"; ma=86400'} 
 body={"results":[{"gender":"male","name":{"title":"Mr","first":"Teodoro","last":"Amador"},"location":{"street":{"number":6206,"name":"Callejón Sur Pulido"},"city":"Nogales","state":"Tamaulipas","country":"Mexico","postcode":93218,"coordinates":{"latitude":"26.2123","longitude":"-133.2279"},"timezone":{"offset":"+5:45","description":"Kathmandu"}},"email":"teodoro.amador@example.com","login":{"uuid":"e0b938de-4f01-4aac-81f2-df40e82f4c35","username":"yellowcat877","password":"annette","salt":"q8deNNXV","md5":"63352b102f121656701e9b30018fac60","sha1":"c02e5f19ff10d336f553be4d51caa41a97dbd83b","sha256":"53c0f655490391d7bb7c7d438661ab8dc009c56b768b339a557755e4c36939bd"},"dob":{"date":"2001-03-30T01:33:21.943Z","age":23},"registered":{"date":"2007-10-03T18:29:52.877Z","age":16},"phone":"(685) 192 8232","cell":"(673) 751 0065","id":{"name":"NSS","value":"41 53 20 0243 1"},"picture":{"large":"https://randomuser.me/api/portraits/men/1.jpg","medium":"https://randomuser.me/api/portraits/med/men/1.jpg","thumbnail":"https://randomuser.me/api/portraits/thumb/men/1.jpg"},"nat":"MX"}],"info":{"seed":"8691a6c41c6c16ab","results":1,"page":1,"version":"1.4"}} 
 </msg>
<msg time="2024-04-09T22:12:23.977181" level="INFO">/opt/hostedtoolcache/Python/3.12.2/x64/lib/python3.12/site-packages/urllib3/connectionpool.py:1103: InsecureRequestWarning: Unverified HTTPS request is being made to host 'randomuser.me'. Adding certificate verification is strongly advised. See: https://urllib3.readthedocs.io/en/latest/advanced-usage.html#tls-warnings
  warnings.warn(</msg>
<msg time="2024-04-09T22:12:23.977291" level="INFO">${response} = &lt;Response [200]&gt;</msg>
<var>${response}</var>
<arg>consultarAPI</arg>
<arg>/api</arg>
<doc>Sends a GET request on a previously created HTTP Session.</doc>
<status status="PASS" start="2024-04-09T22:12:23.899168" elapsed="0.078168"/>
</kw>
<kw name="Set Variable" owner="BuiltIn">
<msg time="2024-04-09T22:12:23.978187" level="INFO">${json_data} = {'results': [{'gender': 'male', 'name': {'title': 'Mr', 'first': 'Teodoro', 'last': 'Amador'}, 'location': {'street': {'number': 6206, 'name': 'Callejón Sur Pulido'}, 'city': 'Nogales', 'state': 'Tama...</msg>
<var>${json_data}</var>
<arg>${response.json()}</arg>
<doc>Returns the given values which can then be assigned to a variables.</doc>
<status status="PASS" start="2024-04-09T22:12:23.977724" elapsed="0.000492"/>
</kw>
<kw name="Log" owner="BuiltIn">
<msg time="2024-04-09T22:12:23.978695" level="INFO">{'results': [{'gender': 'male', 'name': {'title': 'Mr', 'first': 'Teodoro', 'last': 'Amador'}, 'location': {'street': {'number': 6206, 'name': 'Callejón Sur Pulido'}, 'city': 'Nogales', 'state': 'Tamaulipas', 'country': 'Mexico', 'postcode': 93218, 'coordinates': {'latitude': '26.2123', 'longitude': '-133.2279'}, 'timezone': {'offset': '+5:45', 'description': 'Kathmandu'}}, 'email': 'teodoro.amador@example.com', 'login': {'uuid': 'e0b938de-4f01-4aac-81f2-df40e82f4c35', 'username': 'yellowcat877', 'password': 'annette', 'salt': 'q8deNNXV', 'md5': '63352b102f121656701e9b30018fac60', 'sha1': 'c02e5f19ff10d336f553be4d51caa41a97dbd83b', 'sha256': '53c0f655490391d7bb7c7d438661ab8dc009c56b768b339a557755e4c36939bd'}, 'dob': {'date': '2001-03-30T01:33:21.943Z', 'age': 23}, 'registered': {'date': '2007-10-03T18:29:52.877Z', 'age': 16}, 'phone': '(685) 192 8232', 'cell': '(673) 751 0065', 'id': {'name': 'NSS', 'value': '41 53 20 0243 1'}, 'picture': {'large': 'https://randomuser.me/api/portraits/men/1.jpg', 'medium': 'https://randomuser.me/api/portraits/med/men/1.jpg', 'thumbnail': 'https://randomuser.me/api/portraits/thumb/men/1.jpg'}, 'nat': 'MX'}], 'info': {'seed': '8691a6c41c6c16ab', 'results': 1, 'page': 1, 'version': '1.4'}}</msg>
<arg>${json_data}</arg>
<doc>Logs the given message with the given level.</doc>
<status status="PASS" start="2024-04-09T22:12:23.978534" elapsed="0.000242"/>
</kw>
<kw name="Should Be String" owner="String">
<arg>${json_data['results'][0]['gender']}</arg>
<doc>Fails if the given ``item`` is not a string.</doc>
<status status="PASS" start="2024-04-09T22:12:23.979124" elapsed="0.000358"/>
</kw>
<kw name="Should Match Regexp" owner="BuiltIn">
<arg>${json_data['results'][0]['email']}</arg>
<arg>^[a-zA-Z0-9._%+-]+@[a-zA-Z0-9.-]+\.[a-zA-Z]{2,}$</arg>
<doc>Fails if ``string`` does not match ``pattern`` as a regular expression.</doc>
<status status="PASS" start="2024-04-09T22:12:23.979676" elapsed="0.000522"/>
</kw>
<kw name="Should Match Regexp" owner="BuiltIn">
<arg>${json_data['results'][0]['dob']['date']}</arg>
<arg>\\d{4}-\\d{2}-\\d{2}T\\d{2}:\\d{2}:\\d{2}\\.\\d{3}Z</arg>
<doc>Fails if ``string`` does not match ``pattern`` as a regular expression.</doc>
<status status="PASS" start="2024-04-09T22:12:23.980395" elapsed="0.000488"/>
</kw>
<kw name="Should Match Regexp" owner="BuiltIn">
<arg>${json_data['results'][0]['registered']['date']}</arg>
<arg>\\d{4}-\\d{2}-\\d{2}T\\d{2}:\\d{2}:\\d{2}\\.\\d{3}Z</arg>
<doc>Fails if ``string`` does not match ``pattern`` as a regular expression.</doc>
<status status="PASS" start="2024-04-09T22:12:23.981081" elapsed="0.000363"/>
</kw>
<kw name="Should Match Regexp" owner="BuiltIn">
<arg>${json_data['results'][0]['picture']['large']}</arg>
<arg>^https?://.*\.(?:png|jpe?g|gif|bmp)$</arg>
<doc>Fails if ``string`` does not match ``pattern`` as a regular expression.</doc>
<status status="PASS" start="2024-04-09T22:12:23.981630" elapsed="0.000469"/>
</kw>
<kw name="Should Match Regexp" owner="BuiltIn">
<arg>${json_data['results'][0]['picture']['medium']}</arg>
<arg>^https?://.*\.(?:png|jpe?g|gif|bmp)$</arg>
<doc>Fails if ``string`` does not match ``pattern`` as a regular expression.</doc>
<status status="PASS" start="2024-04-09T22:12:23.982288" elapsed="0.000359"/>
</kw>
<kw name="Should Match Regexp" owner="BuiltIn">
<arg>${json_data['results'][0]['picture']['thumbnail']}</arg>
<arg>^https?://.*\.(?:png|jpe?g|gif|bmp)$</arg>
<doc>Fails if ``string`` does not match ``pattern`` as a regular expression.</doc>
<status status="PASS" start="2024-04-09T22:12:23.982854" elapsed="0.000362"/>
</kw>
<kw name="Log" owner="BuiltIn">
<msg time="2024-04-09T22:12:23.983726" level="INFO">{'large': 'https://randomuser.me/api/portraits/men/1.jpg', 'medium': 'https://randomuser.me/api/portraits/med/men/1.jpg', 'thumbnail': 'https://randomuser.me/api/portraits/thumb/men/1.jpg'}</msg>
<arg>${json_data['results'][0]['picture']}</arg>
<doc>Logs the given message with the given level.</doc>
<status status="PASS" start="2024-04-09T22:12:23.983399" elapsed="0.000369"/>
</kw>
<status status="PASS" start="2024-04-09T22:12:23.898921" elapsed="0.085102"/>
</kw>
<kw name="Teste de Tipos de Dados - Postcode" owner="random-user-service">
<kw name="GET On Session" owner="RequestsLibrary">
<msg time="2024-04-09T22:12:24.087126" level="INFO">GET Request : url=https://randomuser.me/api 
 path_url=/api 
 headers={'User-Agent': 'python-requests/2.31.0', 'Accept-Encoding': 'gzip, deflate', 'Accept': '*/*', 'Connection': 'keep-alive'} 
 body=None 
 </msg>
<msg time="2024-04-09T22:12:24.087207" level="INFO">GET Response : url=https://randomuser.me/api 
 status=200, reason=OK 
 headers={'Date': 'Tue, 09 Apr 2024 22:12:24 GMT', 'Content-Type': 'application/json; charset=utf-8', 'Transfer-Encoding': 'chunked', 'Connection': 'keep-alive', 'X-Powered-By': 'Express', 'Access-Control-Allow-Origin': '*', 'Cache-Control': 'no-cache', 'ETag': 'W/"485-tWs6VwQ2p4SiPI66vscHogsTwG0"', 'Vary': 'Accept-Encoding', 'Content-Encoding': 'gzip', 'CF-Cache-Status': 'DYNAMIC', 'Report-To': '{"endpoints":[{"url":"https:\\/\\/a.nel.cloudflare.com\\/report\\/v4?s=QIZmokjqnjB8dFWw83uMdhnQd8bITQcdqnDd45Shp4q0BJmGNOTYd6SoAWC%2F2s1fDA1%2BT8cOFd8uAl%2FBXA4V0Gmmvws%2F6ZTmN93wH7NPKU%2BwJH0l1IET%2BlWdxpAH4JsL"}],"group":"cf-nel","max_age":604800}', 'NEL': '{"success_fraction":0,"report_to":"cf-nel","max_age":604800}', 'Server': 'cloudflare', 'CF-RAY': '871dd6a1ed472197-ORD', 'alt-svc': 'h3=":443"; ma=86400'} 
 body={"results":[{"gender":"female","name":{"title":"Mrs","first":"Melike","last":"Topçuoğlu"},"location":{"street":{"number":6451,"name":"Abanoz Sk"},"city":"Bayburt","state":"Balıkesir","country":"Turkey","postcode":73782,"coordinates":{"latitude":"65.2584","longitude":"177.3798"},"timezone":{"offset":"-11:00","description":"Midway Island, Samoa"}},"email":"melike.topcuoglu@example.com","login":{"uuid":"ac70a6d1-bc46-4f1e-bb3c-70fbc753b48a","username":"silverkoala136","password":"charlott","salt":"Wsy0h6UR","md5":"c6b8c0434afcb7f8fc7d61dd83775473","sha1":"02a202abdafae7acd6bc7bd52c0c637d6ac49d8d","sha256":"7d5089a01f36d9ffc5c7f3fe3cea02583cbb44a14f9a10156c20844c7987fe35"},"dob":{"date":"1998-01-08T09:25:27.178Z","age":26},"registered":{"date":"2016-09-02T23:32:00.156Z","age":7},"phone":"(432)-725-6509","cell":"(318)-743-8786","id":{"name":"","value":null},"picture":{"large":"https://randomuser.me/api/portraits/women/78.jpg","medium":"https://randomuser.me/api/portraits/med/women/78.jpg","thumbnail":"https://randomuser.me/api/portraits/thumb/women/78.jpg"},"nat":"TR"}],"info":{"seed":"0542498e01148b57","results":1,"page":1,"version":"1.4"}} 
 </msg>
<msg time="2024-04-09T22:12:24.087301" level="INFO">/opt/hostedtoolcache/Python/3.12.2/x64/lib/python3.12/site-packages/urllib3/connectionpool.py:1103: InsecureRequestWarning: Unverified HTTPS request is being made to host 'randomuser.me'. Adding certificate verification is strongly advised. See: https://urllib3.readthedocs.io/en/latest/advanced-usage.html#tls-warnings
  warnings.warn(</msg>
<msg time="2024-04-09T22:12:24.087407" level="INFO">${response} = &lt;Response [200]&gt;</msg>
<var>${response}</var>
<arg>consultarAPI</arg>
<arg>/api</arg>
<doc>Sends a GET request on a previously created HTTP Session.</doc>
<status status="PASS" start="2024-04-09T22:12:23.984478" elapsed="0.102963"/>
</kw>
<kw name="Set Variable" owner="BuiltIn">
<msg time="2024-04-09T22:12:24.088315" level="INFO">${json_data} = {'results': [{'gender': 'female', 'name': {'title': 'Mrs', 'first': 'Melike', 'last': 'Topçuoğlu'}, 'location': {'street': {'number': 6451, 'name': 'Abanoz Sk'}, 'city': 'Bayburt', 'state': 'Balıkesir...</msg>
<var>${json_data}</var>
<arg>${response.json()}</arg>
<doc>Returns the given values which can then be assigned to a variables.</doc>
<status status="PASS" start="2024-04-09T22:12:24.087855" elapsed="0.000491"/>
</kw>
<kw name="Log" owner="BuiltIn">
<msg time="2024-04-09T22:12:24.088811" level="INFO">{'results': [{'gender': 'female', 'name': {'title': 'Mrs', 'first': 'Melike', 'last': 'Topçuoğlu'}, 'location': {'street': {'number': 6451, 'name': 'Abanoz Sk'}, 'city': 'Bayburt', 'state': 'Balıkesir', 'country': 'Turkey', 'postcode': 73782, 'coordinates': {'latitude': '65.2584', 'longitude': '177.3798'}, 'timezone': {'offset': '-11:00', 'description': 'Midway Island, Samoa'}}, 'email': 'melike.topcuoglu@example.com', 'login': {'uuid': 'ac70a6d1-bc46-4f1e-bb3c-70fbc753b48a', 'username': 'silverkoala136', 'password': 'charlott', 'salt': 'Wsy0h6UR', 'md5': 'c6b8c0434afcb7f8fc7d61dd83775473', 'sha1': '02a202abdafae7acd6bc7bd52c0c637d6ac49d8d', 'sha256': '7d5089a01f36d9ffc5c7f3fe3cea02583cbb44a14f9a10156c20844c7987fe35'}, 'dob': {'date': '1998-01-08T09:25:27.178Z', 'age': 26}, 'registered': {'date': '2016-09-02T23:32:00.156Z', 'age': 7}, 'phone': '(432)-725-6509', 'cell': '(318)-743-8786', 'id': {'name': '', 'value': None}, 'picture': {'large': 'https://randomuser.me/api/portraits/women/78.jpg', 'medium': 'https://randomuser.me/api/portraits/med/women/78.jpg', 'thumbnail': 'https://randomuser.me/api/portraits/thumb/women/78.jpg'}, 'nat': 'TR'}], 'info': {'seed': '0542498e01148b57', 'results': 1, 'page': 1, 'version': '1.4'}}</msg>
<arg>${json_data}</arg>
<doc>Logs the given message with the given level.</doc>
<status status="PASS" start="2024-04-09T22:12:24.088653" elapsed="0.000241"/>
</kw>
<kw name="Should Be Equal As Numbers" owner="BuiltIn">
<arg>${json_data['results'][0]['location']['postcode']}</arg>
<arg>${json_data['results'][0]['location']['postcode']}</arg>
<doc>Fails if objects are unequal after converting them to real numbers.</doc>
<status status="PASS" start="2024-04-09T22:12:24.089200" elapsed="0.000629"/>
</kw>
<kw name="Log" owner="BuiltIn">
<msg time="2024-04-09T22:12:24.090356" level="INFO">73782</msg>
<arg>${json_data['results'][0]['location']['postcode']}</arg>
<doc>Logs the given message with the given level.</doc>
<status status="PASS" start="2024-04-09T22:12:24.090021" elapsed="0.000376"/>
</kw>
<status status="PASS" start="2024-04-09T22:12:23.984244" elapsed="0.106407"/>
</kw>
<doc>Testa se os tipos de dados na resposta da API estão corretos.</doc>
<tag>testeTiposDados</tag>
<status status="PASS" start="2024-04-09T22:12:23.898252" elapsed="0.192604"/>
</test>
<test id="s1-s1-t5" name="Validar conteudo" line="35">
<kw name="Teste de Tipos de Conteudo" owner="random-user-service">
<kw name="GET On Session" owner="RequestsLibrary">
<msg time="2024-04-09T22:12:24.182737" level="INFO">GET Request : url=https://randomuser.me/api 
 path_url=/api 
 headers={'User-Agent': 'python-requests/2.31.0', 'Accept-Encoding': 'gzip, deflate', 'Accept': '*/*', 'Connection': 'keep-alive'} 
 body=None 
 </msg>
<msg time="2024-04-09T22:12:24.182839" level="INFO">GET Response : url=https://randomuser.me/api 
 status=200, reason=OK 
 headers={'Date': 'Tue, 09 Apr 2024 22:12:24 GMT', 'Content-Type': 'application/json; charset=utf-8', 'Transfer-Encoding': 'chunked', 'Connection': 'keep-alive', 'X-Powered-By': 'Express', 'Access-Control-Allow-Origin': '*', 'Cache-Control': 'no-cache', 'ETag': 'W/"48e-EYJxD7hHHsTI7lG6qjwCOU+2mus"', 'Vary': 'Accept-Encoding', 'Content-Encoding': 'gzip', 'CF-Cache-Status': 'DYNAMIC', 'Report-To': '{"endpoints":[{"url":"https:\\/\\/a.nel.cloudflare.com\\/report\\/v4?s=Q23w0exoGxeG8NYVcD8wHeHIaEObGxzLNRL6N7aABYLjchjfZ79oBh4Y2U1Jnplga4u9qIo0dCb1KszGRcX9OrVCixexHUUf%2BNTcTE0nvkCkxeLMHHXqFkFsxlCdDSn%2F"}],"group":"cf-nel","max_age":604800}', 'NEL': '{"success_fraction":0,"report_to":"cf-nel","max_age":604800}', 'Server': 'cloudflare', 'CF-RAY': '871dd6a29e722197-ORD', 'alt-svc': 'h3=":443"; ma=86400'} 
 body={"results":[{"gender":"female","name":{"title":"Miss","first":"Nastasija","last":"Radosavljević"},"location":{"street":{"number":3726,"name":"Belajska"},"city":"Kosjerić","state":"Pčinja","country":"Serbia","postcode":50570,"coordinates":{"latitude":"62.5550","longitude":"92.0739"},"timezone":{"offset":"-2:00","description":"Mid-Atlantic"}},"email":"nastasija.radosavljevic@example.com","login":{"uuid":"a936505a-7e23-48bf-bb11-69a06c758729","username":"beautifulgoose645","password":"babes","salt":"4kmHU79S","md5":"22712a7ac18f35d38e992b6b98f9d021","sha1":"e4ccffebef86b7a646fd04938a5af38e5c1b9b0c","sha256":"a7ab737e819e9ff340d9fd3694b7c7c42edf9c56d72f894279da28e87388e9ba"},"dob":{"date":"1983-07-12T23:35:36.751Z","age":40},"registered":{"date":"2003-05-11T16:05:52.597Z","age":20},"phone":"034-3541-556","cell":"063-8890-996","id":{"name":"SID","value":"933426971"},"picture":{"large":"https://randomuser.me/api/portraits/women/37.jpg","medium":"https://randomuser.me/api/portraits/med/women/37.jpg","thumbnail":"https://randomuser.me/api/portraits/thumb/women/37.jpg"},"nat":"RS"}],"info":{"seed":"481d0a03cfc99c5c","results":1,"page":1,"version":"1.4"}} 
 </msg>
<msg time="2024-04-09T22:12:24.182904" level="INFO">/opt/hostedtoolcache/Python/3.12.2/x64/lib/python3.12/site-packages/urllib3/connectionpool.py:1103: InsecureRequestWarning: Unverified HTTPS request is being made to host 'randomuser.me'. Adding certificate verification is strongly advised. See: https://urllib3.readthedocs.io/en/latest/advanced-usage.html#tls-warnings
  warnings.warn(</msg>
<msg time="2024-04-09T22:12:24.183003" level="INFO">${response} = &lt;Response [200]&gt;</msg>
<var>${response}</var>
<arg>consultarAPI</arg>
<arg>/api</arg>
<doc>Sends a GET request on a previously created HTTP Session.</doc>
<status status="PASS" start="2024-04-09T22:12:24.093351" elapsed="0.089692"/>
</kw>
<kw name="Set Variable" owner="BuiltIn">
<msg time="2024-04-09T22:12:24.184150" level="INFO">${json_data} = {'results': [{'gender': 'female', 'name': {'title': 'Miss', 'first': 'Nastasija', 'last': 'Radosavljević'}, 'location': {'street': {'number': 3726, 'name': 'Belajska'}, 'city': 'Kosjerić', 'state': 'P...</msg>
<var>${json_data}</var>
<arg>${response.json()}</arg>
<doc>Returns the given values which can then be assigned to a variables.</doc>
<status status="PASS" start="2024-04-09T22:12:24.183557" elapsed="0.000624"/>
</kw>
<kw name="Set Variable" owner="BuiltIn">
<msg time="2024-04-09T22:12:24.184901" level="INFO">${name_title} = Miss</msg>
<var>${name_title}</var>
<arg>${json_data["results"][0]["name"]["title"]}</arg>
<doc>Returns the given values which can then be assigned to a variables.</doc>
<status status="PASS" start="2024-04-09T22:12:24.184512" elapsed="0.000415"/>
</kw>
<kw name="Create List" owner="BuiltIn">
<msg time="2024-04-09T22:12:24.185376" level="INFO">${allowed_titles} = ['Mr', 'Ms', 'Miss', 'Mrs', 'Madame', 'Monsieur']</msg>
<var>${allowed_titles}</var>
<arg>Mr</arg>
<arg>Ms</arg>
<arg>Miss</arg>
<arg>Mrs</arg>
<arg>Madame</arg>
<arg>Monsieur</arg>
<doc>Returns a list containing given items.</doc>
<status status="PASS" start="2024-04-09T22:12:24.185227" elapsed="0.000174"/>
</kw>
<kw name="List Should Contain Value" owner="Collections">
<msg time="2024-04-09T22:12:24.185881" level="INFO">False</msg>
<arg>${allowed_titles}</arg>
<arg>${name_title}</arg>
<doc>Fails if the ``value`` is not found from ``list``.</doc>
<status status="PASS" start="2024-04-09T22:12:24.185706" elapsed="0.000212"/>
</kw>
<kw name="Set Variable" owner="BuiltIn">
<msg time="2024-04-09T22:12:24.186584" level="INFO">${name_country} = RS</msg>
<var>${name_country}</var>
<arg>${json_data["results"][0]["nat"]}</arg>
<doc>Returns the given values which can then be assigned to a variables.</doc>
<status status="PASS" start="2024-04-09T22:12:24.186207" elapsed="0.000402"/>
</kw>
<kw name="Create List" owner="BuiltIn">
<msg time="2024-04-09T22:12:24.187552" level="INFO">${list_country} = ['AD', 'AE', 'AF', 'AG', 'AI', 'AL', 'AM', 'AO', 'AQ', 'AR', 'AS', 'AT', 'AU', 'AW', 'AX', 'AZ', 'BA', 'BB', 'BD', 'BE', 'BF', 'BG', 'BH', 'BI', 'BJ', 'BL', 'BM', 'BN', 'BO', 'BQ', 'BR', 'BS', 'BT', '...</msg>
<var>${list_country}</var>
<arg>AD</arg>
<arg>AE</arg>
<arg>AF</arg>
<arg>AG</arg>
<arg>AI</arg>
<arg>AL</arg>
<arg>AM</arg>
<arg>AO</arg>
<arg>AQ</arg>
<arg>AR</arg>
<arg>AS</arg>
<arg>AT</arg>
<arg>AU</arg>
<arg>AW</arg>
<arg>AX</arg>
<arg>AZ</arg>
<arg>BA</arg>
<arg>BB</arg>
<arg>BD</arg>
<arg>BE</arg>
<arg>BF</arg>
<arg>BG</arg>
<arg>BH</arg>
<arg>BI</arg>
<arg>BJ</arg>
<arg>BL</arg>
<arg>BM</arg>
<arg>BN</arg>
<arg>BO</arg>
<arg>BQ</arg>
<arg>BR</arg>
<arg>BS</arg>
<arg>BT</arg>
<arg>BV</arg>
<arg>BW</arg>
<arg>BY</arg>
<arg>BZ</arg>
<arg>CA</arg>
<arg>CC</arg>
<arg>CD</arg>
<arg>CF</arg>
<arg>CG</arg>
<arg>CH</arg>
<arg>CI</arg>
<arg>CK</arg>
<arg>CL</arg>
<arg>CM</arg>
<arg>CN</arg>
<arg>CO</arg>
<arg>CR</arg>
<arg>CU</arg>
<arg>CV</arg>
<arg>CW</arg>
<arg>CX</arg>
<arg>CY</arg>
<arg>CZ</arg>
<arg>DE</arg>
<arg>DJ</arg>
<arg>DK</arg>
<arg>DM</arg>
<arg>DO</arg>
<arg>DZ</arg>
<arg>EC</arg>
<arg>EE</arg>
<arg>EG</arg>
<arg>EH</arg>
<arg>ER</arg>
<arg>ES</arg>
<arg>ET</arg>
<arg>FI</arg>
<arg>FJ</arg>
<arg>FK</arg>
<arg>FM</arg>
<arg>FO</arg>
<arg>FR</arg>
<arg>GA</arg>
<arg>GB</arg>
<arg>GD</arg>
<arg>GE</arg>
<arg>GF</arg>
<arg>GG</arg>
<arg>GH</arg>
<arg>GI</arg>
<arg>GL</arg>
<arg>GM</arg>
<arg>GN</arg>
<arg>GP</arg>
<arg>GQ</arg>
<arg>GR</arg>
<arg>GS</arg>
<arg>GT</arg>
<arg>GU</arg>
<arg>GW</arg>
<arg>GY</arg>
<arg>HK</arg>
<arg>HM</arg>
<arg>HN</arg>
<arg>HR</arg>
<arg>HT</arg>
<arg>HU</arg>
<arg>ID</arg>
<arg>IE</arg>
<arg>IL</arg>
<arg>IM</arg>
<arg>IN</arg>
<arg>IO</arg>
<arg>IQ</arg>
<arg>IR</arg>
<arg>IS</arg>
<arg>IT</arg>
<arg>JE</arg>
<arg>JM</arg>
<arg>JO</arg>
<arg>JP</arg>
<arg>KE</arg>
<arg>KG</arg>
<arg>KH</arg>
<arg>KI</arg>
<arg>KM</arg>
<arg>KN</arg>
<arg>KP</arg>
<arg>KR</arg>
<arg>KW</arg>
<arg>KY</arg>
<arg>KZ</arg>
<arg>LA</arg>
<arg>LB</arg>
<arg>LC</arg>
<arg>LI</arg>
<arg>LK</arg>
<arg>LR</arg>
<arg>LS</arg>
<arg>LT</arg>
<arg>LU</arg>
<arg>LV</arg>
<arg>LY</arg>
<arg>MA</arg>
<arg>MC</arg>
<arg>MD</arg>
<arg>ME</arg>
<arg>MF</arg>
<arg>MG</arg>
<arg>MH</arg>
<arg>MK</arg>
<arg>ML</arg>
<arg>MM</arg>
<arg>MN</arg>
<arg>MO</arg>
<arg>MP</arg>
<arg>MQ</arg>
<arg>MR</arg>
<arg>MS</arg>
<arg>MT</arg>
<arg>MU</arg>
<arg>MV</arg>
<arg>MW</arg>
<arg>MX</arg>
<arg>MY</arg>
<arg>MZ</arg>
<arg>NA</arg>
<arg>NC</arg>
<arg>NE</arg>
<arg>NF</arg>
<arg>NG</arg>
<arg>NI</arg>
<arg>NL</arg>
<arg>NO</arg>
<arg>NP</arg>
<arg>NR</arg>
<arg>NU</arg>
<arg>NZ</arg>
<arg>OM</arg>
<arg>PA</arg>
<arg>PE</arg>
<arg>PF</arg>
<arg>PG</arg>
<arg>PH</arg>
<arg>PK</arg>
<arg>PL</arg>
<arg>PM</arg>
<arg>PN</arg>
<arg>PR</arg>
<arg>PS</arg>
<arg>PT</arg>
<arg>PW</arg>
<arg>PY</arg>
<arg>QA</arg>
<arg>RE</arg>
<arg>RO</arg>
<arg>RS</arg>
<arg>RU</arg>
<arg>RW</arg>
<arg>SA</arg>
<arg>SB</arg>
<arg>SC</arg>
<arg>SD</arg>
<arg>SE</arg>
<arg>SG</arg>
<arg>SH</arg>
<arg>SI</arg>
<arg>SJ</arg>
<arg>SK</arg>
<arg>SL</arg>
<arg>SM</arg>
<arg>SN</arg>
<arg>SO</arg>
<arg>SR</arg>
<arg>SS</arg>
<arg>ST</arg>
<arg>SV</arg>
<arg>SX</arg>
<arg>SY</arg>
<arg>SZ</arg>
<arg>TC</arg>
<arg>TD</arg>
<arg>TF</arg>
<arg>TG</arg>
<arg>TH</arg>
<arg>TJ</arg>
<arg>TK</arg>
<arg>TL</arg>
<arg>TM</arg>
<arg>TN</arg>
<arg>TO</arg>
<arg>TR</arg>
<arg>TT</arg>
<arg>TV</arg>
<arg>TW</arg>
<arg>TZ</arg>
<arg>UA</arg>
<arg>UG</arg>
<arg>UM</arg>
<arg>US</arg>
<arg>UY</arg>
<arg>UZ</arg>
<arg>VA</arg>
<arg>VC</arg>
<arg>VE</arg>
<arg>VG</arg>
<arg>VI</arg>
<arg>VN</arg>
<arg>VU</arg>
<arg>WF</arg>
<arg>WS</arg>
<arg>XK</arg>
<arg>YE</arg>
<arg>YT</arg>
<arg>ZA</arg>
<arg>ZM</arg>
<arg>ZW</arg>
<doc>Returns a list containing given items.</doc>
<status status="PASS" start="2024-04-09T22:12:24.186945" elapsed="0.000633"/>
</kw>
<kw name="List Should Contain Value" owner="Collections">
<msg time="2024-04-09T22:12:24.188560" level="INFO">False</msg>
<arg>${list_country}</arg>
<arg>${name_country}</arg>
<doc>Fails if the ``value`` is not found from ``list``.</doc>
<status status="PASS" start="2024-04-09T22:12:24.188358" elapsed="0.000239"/>
</kw>
<kw name="Run Keyword If" owner="BuiltIn">
<kw name="Should Be True" owner="BuiltIn">
<arg>${True}</arg>
<doc>Fails if the given condition is not true.</doc>
<status status="PASS" start="2024-04-09T22:12:24.189786" elapsed="0.000146"/>
</kw>
<arg>${json_data["results"][0]["location"]["coordinates"]["latitude"]} &gt;= -90 and ${json_data["results"][0]["location"]["coordinates"]["latitude"]} &lt;= 90</arg>
<arg>Should Be True</arg>
<arg>${True}</arg>
<doc>Runs the given keyword with the given arguments, if ``condition`` is true.</doc>
<status status="PASS" start="2024-04-09T22:12:24.188905" elapsed="0.001156"/>
</kw>
<kw name="Run Keyword If" owner="BuiltIn">
<kw name="Should Be True" owner="BuiltIn">
<arg>${True}</arg>
<doc>Fails if the given condition is not true.</doc>
<status status="PASS" start="2024-04-09T22:12:24.190968" elapsed="0.000142"/>
</kw>
<arg>${json_data["results"][0]["location"]["coordinates"]["longitude"]} &gt;= -180 and ${json_data["results"][0]["location"]["coordinates"]["longitude"]} &lt;= 180</arg>
<arg>Should Be True</arg>
<arg>${True}</arg>
<doc>Runs the given keyword with the given arguments, if ``condition`` is true.</doc>
<status status="PASS" start="2024-04-09T22:12:24.190247" elapsed="0.000987"/>
</kw>
<status status="PASS" start="2024-04-09T22:12:24.093124" elapsed="0.098240"/>
</kw>
<doc>Testa o conteúdo específico dos campos retornados pela API.</doc>
<tag>testeConteudo</tag>
<status status="PASS" start="2024-04-09T22:12:24.092598" elapsed="0.098916"/>
</test>
<status status="PASS" start="2024-04-09T22:12:23.383248" elapsed="0.810218"/>
</suite>
<status status="PASS" start="2024-04-09T22:12:23.369113" elapsed="0.829734"/>
</suite>
<statistics>
<total>
<stat pass="5" fail="0" skip="0">All Tests</stat>
</total>
<tag>
<stat pass="1" fail="0" skip="0">testeConteudo</stat>
<stat pass="1" fail="0" skip="0">testeEstruturaResposta</stat>
<stat pass="1" fail="0" skip="0">testeRequisicaoBasica</stat>
<stat pass="1" fail="0" skip="0">testeTiposDados</stat>
</tag>
<suite>
<stat pass="5" fail="0" skip="0" id="s1" name="Tests">Tests</stat>
<stat pass="5" fail="0" skip="0" id="s1-s1" name="Random-User-Test">Tests.Random-User-Test</stat>
</suite>
</statistics>
<errors>
</errors>
</robot>
