<?xml version="1.0" encoding="UTF-8"?>
<robot generator="Robot 7.0 (Python 3.12.3 on linux)" generated="2024-05-13T09:15:39.264388" rpa="false" schemaversion="5">
<suite id="s1" name="Tests" source="/home/runner/work/DesafioQAItauRogerioJordao/DesafioQAItauRogerioJordao/RamdonUser/tests">
<suite id="s1-s1" name="Random-User-Test" source="/home/runner/work/DesafioQAItauRogerioJordao/DesafioQAItauRogerioJordao/RamdonUser/tests/random-user-test.robot">
<test id="s1-s1-t1" name="Conectar" line="13">
<kw name="Conectar API" owner="random-user-service">
<kw name="Create Session" owner="RequestsLibrary">
<msg time="2024-05-13T09:15:39.660095" level="INFO">Creating Session using : alias=consultarAPI, url=https://randomuser.me/, headers={},                     cookies={}, auth=None, timeout=None, proxies=None, verify=False,                     debug=0 </msg>
<arg>consultarAPI</arg>
<arg>${URL}</arg>
<doc>Create Session: create a HTTP session to a server</doc>
<status status="PASS" start="2024-05-13T09:15:39.659860" elapsed="0.000468"/>
</kw>
<status status="PASS" start="2024-05-13T09:15:39.658724" elapsed="0.002024"/>
</kw>
<status status="PASS" start="2024-05-13T09:15:39.657970" elapsed="0.002978"/>
</test>
<test id="s1-s1-t2" name="Validar retorno 200 e JSON Válido" line="16">
<kw name="Teste de Requisicao Basica" owner="random-user-service">
<kw name="GET On Session" owner="RequestsLibrary">
<msg time="2024-05-13T09:15:39.752326" level="INFO">GET Request : url=https://randomuser.me/api 
 path_url=/api 
 headers={'User-Agent': 'python-requests/2.31.0', 'Accept-Encoding': 'gzip, deflate', 'Accept': '*/*', 'Connection': 'keep-alive'} 
 body=None 
 </msg>
<msg time="2024-05-13T09:15:39.752516" level="INFO">GET Response : url=https://randomuser.me/api 
 status=200, reason=OK 
 headers={'Date': 'Mon, 13 May 2024 09:15:39 GMT', 'Content-Type': 'application/json; charset=utf-8', 'Transfer-Encoding': 'chunked', 'Connection': 'keep-alive', 'X-Powered-By': 'Express', 'Access-Control-Allow-Origin': '*', 'Cache-Control': 'no-cache', 'ETag': 'W/"469-V73WgKo/lm06CRc7upkpiXi3tmc"', 'Vary': 'Accept-Encoding', 'Content-Encoding': 'gzip', 'CF-Cache-Status': 'DYNAMIC', 'Report-To': '{"endpoints":[{"url":"https:\\/\\/a.nel.cloudflare.com\\/report\\/v4?s=2gQHfRlw%2Bnc%2B4sTRkW4slu3s2JxEZBrOjW37bm99xnzWGB3v5SrFr2VxuyeJ0KgCOvqPtXWjPXM2fyYexFNoxkjYubRZKUwmq67P3rMrnI%2F8S2IMTtTG53vyKD46ilxW"}],"group":"cf-nel","max_age":604800}', 'NEL': '{"success_fraction":0,"report_to":"cf-nel","max_age":604800}', 'Server': 'cloudflare', 'CF-RAY': '88318b953e020a17-IAD', 'alt-svc': 'h3=":443"; ma=86400'} 
 body={"results":[{"gender":"male","name":{"title":"Mr","first":"Mason","last":"Kowalski"},"location":{"street":{"number":2656,"name":"Grand Ave"},"city":"Trenton","state":"Québec","country":"Canada","postcode":"C1K 6G7","coordinates":{"latitude":"-67.8300","longitude":"-59.3375"},"timezone":{"offset":"-9:00","description":"Alaska"}},"email":"mason.kowalski@example.com","login":{"uuid":"97148ec1-5480-4408-806d-2dc9dc2a0d4c","username":"happyswan247","password":"1220","salt":"trFbtaFI","md5":"f84c77511f9f81275f6828e496d0861f","sha1":"68f4e2cd968e1d98b9a0c1c8a0820401ca327e24","sha256":"c78e8166968a2ae7469ffdcb6c0e566a0a858b7bdb39304500f8a278b67f417b"},"dob":{"date":"1992-11-10T23:43:19.921Z","age":31},"registered":{"date":"2017-12-07T03:32:05.701Z","age":6},"phone":"W71 Q08-3721","cell":"A15 H55-6769","id":{"name":"SIN","value":"246988075"},"picture":{"large":"https://randomuser.me/api/portraits/men/60.jpg","medium":"https://randomuser.me/api/portraits/med/men/60.jpg","thumbnail":"https://randomuser.me/api/portraits/thumb/men/60.jpg"},"nat":"CA"}],"info":{"seed":"c97b468a3f2e7f03","results":1,"page":1,"version":"1.4"}} 
 </msg>
<msg time="2024-05-13T09:15:39.752622" level="INFO">/opt/hostedtoolcache/Python/3.12.3/x64/lib/python3.12/site-packages/urllib3/connectionpool.py:1103: InsecureRequestWarning: Unverified HTTPS request is being made to host 'randomuser.me'. Adding certificate verification is strongly advised. See: https://urllib3.readthedocs.io/en/latest/advanced-usage.html#tls-warnings
  warnings.warn(</msg>
<msg time="2024-05-13T09:15:39.752813" level="INFO">${response} = &lt;Response [200]&gt;</msg>
<var>${response}</var>
<arg>consultarAPI</arg>
<arg>/api</arg>
<doc>Sends a GET request on a previously created HTTP Session.</doc>
<status status="PASS" start="2024-05-13T09:15:39.663834" elapsed="0.089024"/>
</kw>
<kw name="Should Be Equal As Numbers" owner="BuiltIn">
<msg time="2024-05-13T09:15:39.754605" level="INFO">Argument types are:
&lt;class 'int'&gt;
&lt;class 'str'&gt;</msg>
<arg>${response.status_code}</arg>
<arg>200</arg>
<doc>Fails if objects are unequal after converting them to real numbers.</doc>
<status status="PASS" start="2024-05-13T09:15:39.753832" elapsed="0.000854"/>
</kw>
<kw name="Log" owner="BuiltIn">
<msg time="2024-05-13T09:15:39.755527" level="INFO">200</msg>
<arg>${response.status_code}</arg>
<doc>Logs the given message with the given level.</doc>
<status status="PASS" start="2024-05-13T09:15:39.755151" elapsed="0.000419"/>
</kw>
<kw name="Set Variable" owner="BuiltIn">
<msg time="2024-05-13T09:15:39.756357" level="INFO">${json_data} = {'results': [{'gender': 'male', 'name': {'title': 'Mr', 'first': 'Mason', 'last': 'Kowalski'}, 'location': {'street': {'number': 2656, 'name': 'Grand Ave'}, 'city': 'Trenton', 'state': 'Québec', 'coun...</msg>
<var>${json_data}</var>
<arg>${response.json()}</arg>
<doc>Returns the given values which can then be assigned to a variables.</doc>
<status status="PASS" start="2024-05-13T09:15:39.755888" elapsed="0.000498"/>
</kw>
<kw name="Dictionary Should Contain Key" owner="Collections">
<msg time="2024-05-13T09:15:39.756885" level="INFO">False</msg>
<arg>${json_data}</arg>
<arg>results</arg>
<doc>Fails if ``key`` is not found from ``dictionary``.</doc>
<status status="PASS" start="2024-05-13T09:15:39.756700" elapsed="0.000226"/>
</kw>
<status status="PASS" start="2024-05-13T09:15:39.663572" elapsed="0.093622"/>
</kw>
<doc>Testa se a API responde corretamente e retorna um objeto JSON válido.</doc>
<tag>testeRequisicaoBasica</tag>
<status status="PASS" start="2024-05-13T09:15:39.663011" elapsed="0.094382"/>
</test>
<test id="s1-s1-t3" name="Validar estrutura de resposta" line="22">
<kw name="Teste de Estrutura de Resposta" owner="random-user-service">
<kw name="GET On Session" owner="RequestsLibrary">
<msg time="2024-05-13T09:15:39.847026" level="INFO">GET Request : url=https://randomuser.me/api 
 path_url=/api 
 headers={'User-Agent': 'python-requests/2.31.0', 'Accept-Encoding': 'gzip, deflate', 'Accept': '*/*', 'Connection': 'keep-alive'} 
 body=None 
 </msg>
<msg time="2024-05-13T09:15:39.847178" level="INFO">GET Response : url=https://randomuser.me/api 
 status=200, reason=OK 
 headers={'Date': 'Mon, 13 May 2024 09:15:39 GMT', 'Content-Type': 'application/json; charset=utf-8', 'Transfer-Encoding': 'chunked', 'Connection': 'keep-alive', 'X-Powered-By': 'Express', 'Access-Control-Allow-Origin': '*', 'Cache-Control': 'no-cache', 'ETag': 'W/"491-HHhAvsB2yA5Lucc/j+QTdBzNMYU"', 'Vary': 'Accept-Encoding', 'Content-Encoding': 'gzip', 'CF-Cache-Status': 'DYNAMIC', 'Report-To': '{"endpoints":[{"url":"https:\\/\\/a.nel.cloudflare.com\\/report\\/v4?s=NNnUFkcb6MRP9L44LnvxXTYNhO1tzymm4mPHo5zgjFMorwFQtIJf66wWG0NxkddoM2WKeXhjmJhHrebHgKwE8gayGG3ZTMTcvtPbnMnNQICjmM88n1ER69RiLL7kTggs"}],"group":"cf-nel","max_age":604800}', 'NEL': '{"success_fraction":0,"report_to":"cf-nel","max_age":604800}', 'Server': 'cloudflare', 'CF-RAY': '88318b958e320a17-IAD', 'alt-svc': 'h3=":443"; ma=86400'} 
 body={"results":[{"gender":"male","name":{"title":"Mr","first":"Carter","last":"Webb"},"location":{"street":{"number":9623,"name":"W 6th St"},"city":"Alexandria","state":"Hawaii","country":"United States","postcode":27249,"coordinates":{"latitude":"81.4442","longitude":"-76.0998"},"timezone":{"offset":"+3:00","description":"Baghdad, Riyadh, Moscow, St. Petersburg"}},"email":"carter.webb@example.com","login":{"uuid":"2f9fd033-fbb1-43b5-aa7a-8361f51cade9","username":"lazyostrich594","password":"nnnnnnnn","salt":"9RSfoUvk","md5":"6330b3aa1e94bb07c42473b0ca151602","sha1":"9e0c09fdaca85c1f30de15e68878629a6ca46453","sha256":"9fca948fc2b727aac224c326b20874158ca6ec4d382728616109f6a7ba2670be"},"dob":{"date":"1956-07-29T18:16:03.927Z","age":67},"registered":{"date":"2010-07-26T06:37:31.164Z","age":13},"phone":"(930) 868-8542","cell":"(485) 719-9451","id":{"name":"SSN","value":"379-10-0030"},"picture":{"large":"https://randomuser.me/api/portraits/men/6.jpg","medium":"https://randomuser.me/api/portraits/med/men/6.jpg","thumbnail":"https://randomuser.me/api/portraits/thumb/men/6.jpg"},"nat":"US"}],"info":{"seed":"6583a9226a6a0bfd","results":1,"page":1,"version":"1.4"}} 
 </msg>
<msg time="2024-05-13T09:15:39.847384" level="INFO">/opt/hostedtoolcache/Python/3.12.3/x64/lib/python3.12/site-packages/urllib3/connectionpool.py:1103: InsecureRequestWarning: Unverified HTTPS request is being made to host 'randomuser.me'. Adding certificate verification is strongly advised. See: https://urllib3.readthedocs.io/en/latest/advanced-usage.html#tls-warnings
  warnings.warn(</msg>
<msg time="2024-05-13T09:15:39.847570" level="INFO">${response} = &lt;Response [200]&gt;</msg>
<var>${response}</var>
<arg>consultarAPI</arg>
<arg>/api</arg>
<doc>Sends a GET request on a previously created HTTP Session.</doc>
<status status="PASS" start="2024-05-13T09:15:39.760137" elapsed="0.087476"/>
</kw>
<kw name="Set Variable" owner="BuiltIn">
<msg time="2024-05-13T09:15:39.849050" level="INFO">${json_data} = {'results': [{'gender': 'male', 'name': {'title': 'Mr', 'first': 'Carter', 'last': 'Webb'}, 'location': {'street': {'number': 9623, 'name': 'W 6th St'}, 'city': 'Alexandria', 'state': 'Hawaii', 'count...</msg>
<var>${json_data}</var>
<arg>${response.json()}</arg>
<doc>Returns the given values which can then be assigned to a variables.</doc>
<status status="PASS" start="2024-05-13T09:15:39.848363" elapsed="0.000717"/>
</kw>
<kw name="Log" owner="BuiltIn">
<msg time="2024-05-13T09:15:39.849602" level="INFO">{'results': [{'gender': 'male', 'name': {'title': 'Mr', 'first': 'Carter', 'last': 'Webb'}, 'location': {'street': {'number': 9623, 'name': 'W 6th St'}, 'city': 'Alexandria', 'state': 'Hawaii', 'country': 'United States', 'postcode': 27249, 'coordinates': {'latitude': '81.4442', 'longitude': '-76.0998'}, 'timezone': {'offset': '+3:00', 'description': 'Baghdad, Riyadh, Moscow, St. Petersburg'}}, 'email': 'carter.webb@example.com', 'login': {'uuid': '2f9fd033-fbb1-43b5-aa7a-8361f51cade9', 'username': 'lazyostrich594', 'password': 'nnnnnnnn', 'salt': '9RSfoUvk', 'md5': '6330b3aa1e94bb07c42473b0ca151602', 'sha1': '9e0c09fdaca85c1f30de15e68878629a6ca46453', 'sha256': '9fca948fc2b727aac224c326b20874158ca6ec4d382728616109f6a7ba2670be'}, 'dob': {'date': '1956-07-29T18:16:03.927Z', 'age': 67}, 'registered': {'date': '2010-07-26T06:37:31.164Z', 'age': 13}, 'phone': '(930) 868-8542', 'cell': '(485) 719-9451', 'id': {'name': 'SSN', 'value': '379-10-0030'}, 'picture': {'large': 'https://randomuser.me/api/portraits/men/6.jpg', 'medium': 'https://randomuser.me/api/portraits/med/men/6.jpg', 'thumbnail': 'https://randomuser.me/api/portraits/thumb/men/6.jpg'}, 'nat': 'US'}], 'info': {'seed': '6583a9226a6a0bfd', 'results': 1, 'page': 1, 'version': '1.4'}}</msg>
<arg>${json_data}</arg>
<doc>Logs the given message with the given level.</doc>
<status status="PASS" start="2024-05-13T09:15:39.849422" elapsed="0.000233"/>
</kw>
<kw name="Dictionary Should Contain Key" owner="Collections">
<msg time="2024-05-13T09:15:39.850190" level="INFO">False</msg>
<arg>${json_data}</arg>
<arg>results</arg>
<doc>Fails if ``key`` is not found from ``dictionary``.</doc>
<status status="PASS" start="2024-05-13T09:15:39.849999" elapsed="0.000231"/>
</kw>
<kw name="Should Not Be Empty" owner="BuiltIn">
<msg time="2024-05-13T09:15:39.850677" level="INFO">Length is 2.</msg>
<arg>${json_data}</arg>
<doc>Verifies that the given item is not empty.</doc>
<status status="PASS" start="2024-05-13T09:15:39.850535" elapsed="0.000453"/>
</kw>
<kw name="Create List" owner="BuiltIn">
<msg time="2024-05-13T09:15:39.851454" level="INFO">${expected_keys} = ['gender', 'name', 'location', 'email', 'login']</msg>
<var>${expected_keys}</var>
<arg>gender</arg>
<arg>name</arg>
<arg>location</arg>
<arg>email</arg>
<arg>login</arg>
<doc>Returns a list containing given items.</doc>
<status status="PASS" start="2024-05-13T09:15:39.851294" elapsed="0.000185"/>
</kw>
<for flavor="IN">
<iter>
<kw name="Dictionary Should Contain Key" owner="Collections">
<msg time="2024-05-13T09:15:39.852623" level="INFO">False</msg>
<arg>${json_data['results'][0]}</arg>
<arg>${key}</arg>
<doc>Fails if ``key`` is not found from ``dictionary``.</doc>
<status status="PASS" start="2024-05-13T09:15:39.852161" elapsed="0.000501"/>
</kw>
<kw name="Log" owner="BuiltIn">
<msg time="2024-05-13T09:15:39.853339" level="INFO">{'gender': 'male', 'name': {'title': 'Mr', 'first': 'Carter', 'last': 'Webb'}, 'location': {'street': {'number': 9623, 'name': 'W 6th St'}, 'city': 'Alexandria', 'state': 'Hawaii', 'country': 'United States', 'postcode': 27249, 'coordinates': {'latitude': '81.4442', 'longitude': '-76.0998'}, 'timezone': {'offset': '+3:00', 'description': 'Baghdad, Riyadh, Moscow, St. Petersburg'}}, 'email': 'carter.webb@example.com', 'login': {'uuid': '2f9fd033-fbb1-43b5-aa7a-8361f51cade9', 'username': 'lazyostrich594', 'password': 'nnnnnnnn', 'salt': '9RSfoUvk', 'md5': '6330b3aa1e94bb07c42473b0ca151602', 'sha1': '9e0c09fdaca85c1f30de15e68878629a6ca46453', 'sha256': '9fca948fc2b727aac224c326b20874158ca6ec4d382728616109f6a7ba2670be'}, 'dob': {'date': '1956-07-29T18:16:03.927Z', 'age': 67}, 'registered': {'date': '2010-07-26T06:37:31.164Z', 'age': 13}, 'phone': '(930) 868-8542', 'cell': '(485) 719-9451', 'id': {'name': 'SSN', 'value': '379-10-0030'}, 'picture': {'large': 'https://randomuser.me/api/portraits/men/6.jpg', 'medium': 'https://randomuser.me/api/portraits/med/men/6.jpg', 'thumbnail': 'https://randomuser.me/api/portraits/thumb/men/6.jpg'}, 'nat': 'US'}</msg>
<arg>${json_data['results'][0]}</arg>
<doc>Logs the given message with the given level.</doc>
<status status="PASS" start="2024-05-13T09:15:39.852969" elapsed="0.000419"/>
</kw>
<kw name="Log" owner="BuiltIn">
<msg time="2024-05-13T09:15:39.853824" level="INFO">gender</msg>
<arg>${key}</arg>
<doc>Logs the given message with the given level.</doc>
<status status="PASS" start="2024-05-13T09:15:39.853694" elapsed="0.000168"/>
</kw>
<var name="${key}">gender</var>
<status status="PASS" start="2024-05-13T09:15:39.852024" elapsed="0.002094"/>
</iter>
<iter>
<kw name="Dictionary Should Contain Key" owner="Collections">
<msg time="2024-05-13T09:15:39.854830" level="INFO">False</msg>
<arg>${json_data['results'][0]}</arg>
<arg>${key}</arg>
<doc>Fails if ``key`` is not found from ``dictionary``.</doc>
<status status="PASS" start="2024-05-13T09:15:39.854440" elapsed="0.000428"/>
</kw>
<kw name="Log" owner="BuiltIn">
<msg time="2024-05-13T09:15:39.855570" level="INFO">{'gender': 'male', 'name': {'title': 'Mr', 'first': 'Carter', 'last': 'Webb'}, 'location': {'street': {'number': 9623, 'name': 'W 6th St'}, 'city': 'Alexandria', 'state': 'Hawaii', 'country': 'United States', 'postcode': 27249, 'coordinates': {'latitude': '81.4442', 'longitude': '-76.0998'}, 'timezone': {'offset': '+3:00', 'description': 'Baghdad, Riyadh, Moscow, St. Petersburg'}}, 'email': 'carter.webb@example.com', 'login': {'uuid': '2f9fd033-fbb1-43b5-aa7a-8361f51cade9', 'username': 'lazyostrich594', 'password': 'nnnnnnnn', 'salt': '9RSfoUvk', 'md5': '6330b3aa1e94bb07c42473b0ca151602', 'sha1': '9e0c09fdaca85c1f30de15e68878629a6ca46453', 'sha256': '9fca948fc2b727aac224c326b20874158ca6ec4d382728616109f6a7ba2670be'}, 'dob': {'date': '1956-07-29T18:16:03.927Z', 'age': 67}, 'registered': {'date': '2010-07-26T06:37:31.164Z', 'age': 13}, 'phone': '(930) 868-8542', 'cell': '(485) 719-9451', 'id': {'name': 'SSN', 'value': '379-10-0030'}, 'picture': {'large': 'https://randomuser.me/api/portraits/men/6.jpg', 'medium': 'https://randomuser.me/api/portraits/med/men/6.jpg', 'thumbnail': 'https://randomuser.me/api/portraits/thumb/men/6.jpg'}, 'nat': 'US'}</msg>
<arg>${json_data['results'][0]}</arg>
<doc>Logs the given message with the given level.</doc>
<status status="PASS" start="2024-05-13T09:15:39.855202" elapsed="0.000417"/>
</kw>
<kw name="Log" owner="BuiltIn">
<msg time="2024-05-13T09:15:39.856059" level="INFO">name</msg>
<arg>${key}</arg>
<doc>Logs the given message with the given level.</doc>
<status status="PASS" start="2024-05-13T09:15:39.855928" elapsed="0.000170"/>
</kw>
<var name="${key}">name</var>
<status status="PASS" start="2024-05-13T09:15:39.854320" elapsed="0.002002"/>
</iter>
<iter>
<kw name="Dictionary Should Contain Key" owner="Collections">
<msg time="2024-05-13T09:15:39.857016" level="INFO">False</msg>
<arg>${json_data['results'][0]}</arg>
<arg>${key}</arg>
<doc>Fails if ``key`` is not found from ``dictionary``.</doc>
<status status="PASS" start="2024-05-13T09:15:39.856625" elapsed="0.000429"/>
</kw>
<kw name="Log" owner="BuiltIn">
<msg time="2024-05-13T09:15:39.857744" level="INFO">{'gender': 'male', 'name': {'title': 'Mr', 'first': 'Carter', 'last': 'Webb'}, 'location': {'street': {'number': 9623, 'name': 'W 6th St'}, 'city': 'Alexandria', 'state': 'Hawaii', 'country': 'United States', 'postcode': 27249, 'coordinates': {'latitude': '81.4442', 'longitude': '-76.0998'}, 'timezone': {'offset': '+3:00', 'description': 'Baghdad, Riyadh, Moscow, St. Petersburg'}}, 'email': 'carter.webb@example.com', 'login': {'uuid': '2f9fd033-fbb1-43b5-aa7a-8361f51cade9', 'username': 'lazyostrich594', 'password': 'nnnnnnnn', 'salt': '9RSfoUvk', 'md5': '6330b3aa1e94bb07c42473b0ca151602', 'sha1': '9e0c09fdaca85c1f30de15e68878629a6ca46453', 'sha256': '9fca948fc2b727aac224c326b20874158ca6ec4d382728616109f6a7ba2670be'}, 'dob': {'date': '1956-07-29T18:16:03.927Z', 'age': 67}, 'registered': {'date': '2010-07-26T06:37:31.164Z', 'age': 13}, 'phone': '(930) 868-8542', 'cell': '(485) 719-9451', 'id': {'name': 'SSN', 'value': '379-10-0030'}, 'picture': {'large': 'https://randomuser.me/api/portraits/men/6.jpg', 'medium': 'https://randomuser.me/api/portraits/med/men/6.jpg', 'thumbnail': 'https://randomuser.me/api/portraits/thumb/men/6.jpg'}, 'nat': 'US'}</msg>
<arg>${json_data['results'][0]}</arg>
<doc>Logs the given message with the given level.</doc>
<status status="PASS" start="2024-05-13T09:15:39.857365" elapsed="0.000428"/>
</kw>
<kw name="Log" owner="BuiltIn">
<msg time="2024-05-13T09:15:39.858256" level="INFO">location</msg>
<arg>${key}</arg>
<doc>Logs the given message with the given level.</doc>
<status status="PASS" start="2024-05-13T09:15:39.858127" elapsed="0.000167"/>
</kw>
<var name="${key}">location</var>
<status status="PASS" start="2024-05-13T09:15:39.856508" elapsed="0.002010"/>
</iter>
<iter>
<kw name="Dictionary Should Contain Key" owner="Collections">
<msg time="2024-05-13T09:15:39.859200" level="INFO">False</msg>
<arg>${json_data['results'][0]}</arg>
<arg>${key}</arg>
<doc>Fails if ``key`` is not found from ``dictionary``.</doc>
<status status="PASS" start="2024-05-13T09:15:39.858812" elapsed="0.000426"/>
</kw>
<kw name="Log" owner="BuiltIn">
<msg time="2024-05-13T09:15:39.859901" level="INFO">{'gender': 'male', 'name': {'title': 'Mr', 'first': 'Carter', 'last': 'Webb'}, 'location': {'street': {'number': 9623, 'name': 'W 6th St'}, 'city': 'Alexandria', 'state': 'Hawaii', 'country': 'United States', 'postcode': 27249, 'coordinates': {'latitude': '81.4442', 'longitude': '-76.0998'}, 'timezone': {'offset': '+3:00', 'description': 'Baghdad, Riyadh, Moscow, St. Petersburg'}}, 'email': 'carter.webb@example.com', 'login': {'uuid': '2f9fd033-fbb1-43b5-aa7a-8361f51cade9', 'username': 'lazyostrich594', 'password': 'nnnnnnnn', 'salt': '9RSfoUvk', 'md5': '6330b3aa1e94bb07c42473b0ca151602', 'sha1': '9e0c09fdaca85c1f30de15e68878629a6ca46453', 'sha256': '9fca948fc2b727aac224c326b20874158ca6ec4d382728616109f6a7ba2670be'}, 'dob': {'date': '1956-07-29T18:16:03.927Z', 'age': 67}, 'registered': {'date': '2010-07-26T06:37:31.164Z', 'age': 13}, 'phone': '(930) 868-8542', 'cell': '(485) 719-9451', 'id': {'name': 'SSN', 'value': '379-10-0030'}, 'picture': {'large': 'https://randomuser.me/api/portraits/men/6.jpg', 'medium': 'https://randomuser.me/api/portraits/med/men/6.jpg', 'thumbnail': 'https://randomuser.me/api/portraits/thumb/men/6.jpg'}, 'nat': 'US'}</msg>
<arg>${json_data['results'][0]}</arg>
<doc>Logs the given message with the given level.</doc>
<status status="PASS" start="2024-05-13T09:15:39.859539" elapsed="0.000410"/>
</kw>
<kw name="Log" owner="BuiltIn">
<msg time="2024-05-13T09:15:39.860390" level="INFO">email</msg>
<arg>${key}</arg>
<doc>Logs the given message with the given level.</doc>
<status status="PASS" start="2024-05-13T09:15:39.860262" elapsed="0.000166"/>
</kw>
<var name="${key}">email</var>
<status status="PASS" start="2024-05-13T09:15:39.858696" elapsed="0.001948"/>
</iter>
<iter>
<kw name="Dictionary Should Contain Key" owner="Collections">
<msg time="2024-05-13T09:15:39.861328" level="INFO">False</msg>
<arg>${json_data['results'][0]}</arg>
<arg>${key}</arg>
<doc>Fails if ``key`` is not found from ``dictionary``.</doc>
<status status="PASS" start="2024-05-13T09:15:39.860932" elapsed="0.000434"/>
</kw>
<kw name="Log" owner="BuiltIn">
<msg time="2024-05-13T09:15:39.862063" level="INFO">{'gender': 'male', 'name': {'title': 'Mr', 'first': 'Carter', 'last': 'Webb'}, 'location': {'street': {'number': 9623, 'name': 'W 6th St'}, 'city': 'Alexandria', 'state': 'Hawaii', 'country': 'United States', 'postcode': 27249, 'coordinates': {'latitude': '81.4442', 'longitude': '-76.0998'}, 'timezone': {'offset': '+3:00', 'description': 'Baghdad, Riyadh, Moscow, St. Petersburg'}}, 'email': 'carter.webb@example.com', 'login': {'uuid': '2f9fd033-fbb1-43b5-aa7a-8361f51cade9', 'username': 'lazyostrich594', 'password': 'nnnnnnnn', 'salt': '9RSfoUvk', 'md5': '6330b3aa1e94bb07c42473b0ca151602', 'sha1': '9e0c09fdaca85c1f30de15e68878629a6ca46453', 'sha256': '9fca948fc2b727aac224c326b20874158ca6ec4d382728616109f6a7ba2670be'}, 'dob': {'date': '1956-07-29T18:16:03.927Z', 'age': 67}, 'registered': {'date': '2010-07-26T06:37:31.164Z', 'age': 13}, 'phone': '(930) 868-8542', 'cell': '(485) 719-9451', 'id': {'name': 'SSN', 'value': '379-10-0030'}, 'picture': {'large': 'https://randomuser.me/api/portraits/men/6.jpg', 'medium': 'https://randomuser.me/api/portraits/med/men/6.jpg', 'thumbnail': 'https://randomuser.me/api/portraits/thumb/men/6.jpg'}, 'nat': 'US'}</msg>
<arg>${json_data['results'][0]}</arg>
<doc>Logs the given message with the given level.</doc>
<status status="PASS" start="2024-05-13T09:15:39.861670" elapsed="0.000441"/>
</kw>
<kw name="Log" owner="BuiltIn">
<msg time="2024-05-13T09:15:39.862545" level="INFO">login</msg>
<arg>${key}</arg>
<doc>Logs the given message with the given level.</doc>
<status status="PASS" start="2024-05-13T09:15:39.862416" elapsed="0.000169"/>
</kw>
<var name="${key}">login</var>
<status status="PASS" start="2024-05-13T09:15:39.860820" elapsed="0.002021"/>
</iter>
<var>${key}</var>
<value>@{expected_keys}</value>
<status status="PASS" start="2024-05-13T09:15:39.851784" elapsed="0.011186"/>
</for>
<kw name="Create List" owner="BuiltIn">
<msg time="2024-05-13T09:15:39.863314" level="INFO">${expected_keysTwo} = ['username', 'password']</msg>
<var>${expected_keysTwo}</var>
<arg>username</arg>
<arg>password</arg>
<doc>Returns a list containing given items.</doc>
<status status="PASS" start="2024-05-13T09:15:39.863176" elapsed="0.000162"/>
</kw>
<for flavor="IN">
<iter>
<kw name="Dictionary Should Contain Key" owner="Collections">
<msg time="2024-05-13T09:15:39.864275" level="INFO">False</msg>
<arg>${json_data['results'][0]['login']}</arg>
<arg>${keyTwo}</arg>
<doc>Fails if ``key`` is not found from ``dictionary``.</doc>
<status status="PASS" start="2024-05-13T09:15:39.863861" elapsed="0.000452"/>
</kw>
<kw name="Dictionary Should Contain Key" owner="Collections">
<msg time="2024-05-13T09:15:39.864997" level="INFO">False</msg>
<arg>${json_data['results'][0]['login']}</arg>
<arg>${keyTwo}</arg>
<doc>Fails if ``key`` is not found from ``dictionary``.</doc>
<status status="PASS" start="2024-05-13T09:15:39.864614" elapsed="0.000420"/>
</kw>
<kw name="Log" owner="BuiltIn">
<msg time="2024-05-13T09:15:39.865457" level="INFO">username</msg>
<arg>${keyTwo}</arg>
<doc>Logs the given message with the given level.</doc>
<status status="PASS" start="2024-05-13T09:15:39.865329" elapsed="0.000170"/>
</kw>
<var name="${keyTwo}">username</var>
<status status="PASS" start="2024-05-13T09:15:39.863749" elapsed="0.001989"/>
</iter>
<iter>
<kw name="Dictionary Should Contain Key" owner="Collections">
<msg time="2024-05-13T09:15:39.866526" level="INFO">False</msg>
<arg>${json_data['results'][0]['login']}</arg>
<arg>${keyTwo}</arg>
<doc>Fails if ``key`` is not found from ``dictionary``.</doc>
<status status="PASS" start="2024-05-13T09:15:39.866049" elapsed="0.000519"/>
</kw>
<kw name="Dictionary Should Contain Key" owner="Collections">
<msg time="2024-05-13T09:15:39.867253" level="INFO">False</msg>
<arg>${json_data['results'][0]['login']}</arg>
<arg>${keyTwo}</arg>
<doc>Fails if ``key`` is not found from ``dictionary``.</doc>
<status status="PASS" start="2024-05-13T09:15:39.866870" elapsed="0.000421"/>
</kw>
<kw name="Log" owner="BuiltIn">
<msg time="2024-05-13T09:15:39.867722" level="INFO">password</msg>
<arg>${keyTwo}</arg>
<doc>Logs the given message with the given level.</doc>
<status status="PASS" start="2024-05-13T09:15:39.867592" elapsed="0.000168"/>
</kw>
<var name="${keyTwo}">password</var>
<status status="PASS" start="2024-05-13T09:15:39.865934" elapsed="0.002049"/>
</iter>
<var>${keyTwo}</var>
<value>@{expected_keysTwo}</value>
<status status="PASS" start="2024-05-13T09:15:39.863585" elapsed="0.004521"/>
</for>
<status status="PASS" start="2024-05-13T09:15:39.759889" elapsed="0.108372"/>
</kw>
<doc>Testa a estrutura da resposta da API.</doc>
<tag>testeEstruturaResposta</tag>
<status status="PASS" start="2024-05-13T09:15:39.759336" elapsed="0.109108"/>
</test>
<test id="s1-s1-t4" name="Validar tipos de dados" line="28">
<kw name="Teste de Tipos de Dados" owner="random-user-service">
<kw name="GET On Session" owner="RequestsLibrary">
<msg time="2024-05-13T09:15:39.958104" level="INFO">GET Request : url=https://randomuser.me/api 
 path_url=/api 
 headers={'User-Agent': 'python-requests/2.31.0', 'Accept-Encoding': 'gzip, deflate', 'Accept': '*/*', 'Connection': 'keep-alive'} 
 body=None 
 </msg>
<msg time="2024-05-13T09:15:39.958226" level="INFO">GET Response : url=https://randomuser.me/api 
 status=200, reason=OK 
 headers={'Date': 'Mon, 13 May 2024 09:15:39 GMT', 'Content-Type': 'application/json; charset=utf-8', 'Transfer-Encoding': 'chunked', 'Connection': 'keep-alive', 'X-Powered-By': 'Express', 'Access-Control-Allow-Origin': '*', 'Cache-Control': 'no-cache', 'ETag': 'W/"49d-qKoOUKhRvKHM0wp2kh8s6iIw3d4"', 'Vary': 'Accept-Encoding', 'Content-Encoding': 'gzip', 'CF-Cache-Status': 'DYNAMIC', 'Report-To': '{"endpoints":[{"url":"https:\\/\\/a.nel.cloudflare.com\\/report\\/v4?s=3%2BAv5LmLmOiUzM8k9tYH6NTMQI8Z9kGjbp%2Bev%2Flix2whVWSTBBeDdirgraWJDm%2B%2BeqwDzBCUDigWfXVUyIfClJ1bUjDIeVcO5EdDGsAFQJtVUxjeQvQgg%2BqBgrhVwcim"}],"group":"cf-nel","max_age":604800}', 'NEL': '{"success_fraction":0,"report_to":"cf-nel","max_age":604800}', 'Server': 'cloudflare', 'CF-RAY': '88318b963eaa0a17-IAD', 'alt-svc': 'h3=":443"; ma=86400'} 
 body={"results":[{"gender":"female","name":{"title":"Ms","first":"Pavitra","last":"Mendonsa"},"location":{"street":{"number":3306,"name":"Kasturba Rd"},"city":"Rajkot","state":"Jammu and Kashmir","country":"India","postcode":99973,"coordinates":{"latitude":"8.3176","longitude":"89.9123"},"timezone":{"offset":"+5:00","description":"Ekaterinburg, Islamabad, Karachi, Tashkent"}},"email":"pavitra.mendonsa@example.com","login":{"uuid":"88aa56c6-f253-418a-968a-7cc7c3993f02","username":"redkoala805","password":"live","salt":"iwldHNtx","md5":"fad02be8d54219d1632a6d8a74049fea","sha1":"4e4ae9acef311da7397b07becce3ce8cf7163036","sha256":"dd8352b709c47b0714d83e261bf7ebaccbf387ad8f938014f2919cfb2c0ff3a4"},"dob":{"date":"1990-08-08T01:17:40.375Z","age":33},"registered":{"date":"2011-05-06T19:50:09.220Z","age":13},"phone":"7562901380","cell":"7957107213","id":{"name":"UIDAI","value":"768264721507"},"picture":{"large":"https://randomuser.me/api/portraits/women/75.jpg","medium":"https://randomuser.me/api/portraits/med/women/75.jpg","thumbnail":"https://randomuser.me/api/portraits/thumb/women/75.jpg"},"nat":"IN"}],"info":{"seed":"53fdd2af413905e3","results":1,"page":1,"version":"1.4"}} 
 </msg>
<msg time="2024-05-13T09:15:39.958317" level="INFO">/opt/hostedtoolcache/Python/3.12.3/x64/lib/python3.12/site-packages/urllib3/connectionpool.py:1103: InsecureRequestWarning: Unverified HTTPS request is being made to host 'randomuser.me'. Adding certificate verification is strongly advised. See: https://urllib3.readthedocs.io/en/latest/advanced-usage.html#tls-warnings
  warnings.warn(</msg>
<msg time="2024-05-13T09:15:39.958459" level="INFO">${response} = &lt;Response [200]&gt;</msg>
<var>${response}</var>
<arg>consultarAPI</arg>
<arg>/api</arg>
<doc>Sends a GET request on a previously created HTTP Session.</doc>
<status status="PASS" start="2024-05-13T09:15:39.871220" elapsed="0.087270"/>
</kw>
<kw name="Set Variable" owner="BuiltIn">
<msg time="2024-05-13T09:15:39.959807" level="INFO">${json_data} = {'results': [{'gender': 'female', 'name': {'title': 'Ms', 'first': 'Pavitra', 'last': 'Mendonsa'}, 'location': {'street': {'number': 3306, 'name': 'Kasturba Rd'}, 'city': 'Rajkot', 'state': 'Jammu and...</msg>
<var>${json_data}</var>
<arg>${response.json()}</arg>
<doc>Returns the given values which can then be assigned to a variables.</doc>
<status status="PASS" start="2024-05-13T09:15:39.959186" elapsed="0.000651"/>
</kw>
<kw name="Log" owner="BuiltIn">
<msg time="2024-05-13T09:15:39.960336" level="INFO">{'results': [{'gender': 'female', 'name': {'title': 'Ms', 'first': 'Pavitra', 'last': 'Mendonsa'}, 'location': {'street': {'number': 3306, 'name': 'Kasturba Rd'}, 'city': 'Rajkot', 'state': 'Jammu and Kashmir', 'country': 'India', 'postcode': 99973, 'coordinates': {'latitude': '8.3176', 'longitude': '89.9123'}, 'timezone': {'offset': '+5:00', 'description': 'Ekaterinburg, Islamabad, Karachi, Tashkent'}}, 'email': 'pavitra.mendonsa@example.com', 'login': {'uuid': '88aa56c6-f253-418a-968a-7cc7c3993f02', 'username': 'redkoala805', 'password': 'live', 'salt': 'iwldHNtx', 'md5': 'fad02be8d54219d1632a6d8a74049fea', 'sha1': '4e4ae9acef311da7397b07becce3ce8cf7163036', 'sha256': 'dd8352b709c47b0714d83e261bf7ebaccbf387ad8f938014f2919cfb2c0ff3a4'}, 'dob': {'date': '1990-08-08T01:17:40.375Z', 'age': 33}, 'registered': {'date': '2011-05-06T19:50:09.220Z', 'age': 13}, 'phone': '7562901380', 'cell': '7957107213', 'id': {'name': 'UIDAI', 'value': '768264721507'}, 'picture': {'large': 'https://randomuser.me/api/portraits/women/75.jpg', 'medium': 'https://randomuser.me/api/portraits/med/women/75.jpg', 'thumbnail': 'https://randomuser.me/api/portraits/thumb/women/75.jpg'}, 'nat': 'IN'}], 'info': {'seed': '53fdd2af413905e3', 'results': 1, 'page': 1, 'version': '1.4'}}</msg>
<arg>${json_data}</arg>
<doc>Logs the given message with the given level.</doc>
<status status="PASS" start="2024-05-13T09:15:39.960176" elapsed="0.000253"/>
</kw>
<kw name="Should Be String" owner="String">
<arg>${json_data['results'][0]['gender']}</arg>
<doc>Fails if the given ``item`` is not a string.</doc>
<status status="PASS" start="2024-05-13T09:15:39.960738" elapsed="0.000389"/>
</kw>
<kw name="Should Match Regexp" owner="BuiltIn">
<arg>${json_data['results'][0]['email']}</arg>
<arg>^[a-zA-Z0-9._%+-]+@[a-zA-Z0-9.-]+\.[a-zA-Z]{2,}$</arg>
<doc>Fails if ``string`` does not match ``pattern`` as a regular expression.</doc>
<status status="PASS" start="2024-05-13T09:15:39.961325" elapsed="0.000538"/>
</kw>
<kw name="Should Match Regexp" owner="BuiltIn">
<arg>${json_data['results'][0]['dob']['date']}</arg>
<arg>\\d{4}-\\d{2}-\\d{2}T\\d{2}:\\d{2}:\\d{2}\\.\\d{3}Z</arg>
<doc>Fails if ``string`` does not match ``pattern`` as a regular expression.</doc>
<status status="PASS" start="2024-05-13T09:15:39.962131" elapsed="0.000509"/>
</kw>
<kw name="Should Match Regexp" owner="BuiltIn">
<arg>${json_data['results'][0]['registered']['date']}</arg>
<arg>\\d{4}-\\d{2}-\\d{2}T\\d{2}:\\d{2}:\\d{2}\\.\\d{3}Z</arg>
<doc>Fails if ``string`` does not match ``pattern`` as a regular expression.</doc>
<status status="PASS" start="2024-05-13T09:15:39.962836" elapsed="0.000377"/>
</kw>
<kw name="Should Match Regexp" owner="BuiltIn">
<arg>${json_data['results'][0]['picture']['large']}</arg>
<arg>^https?://.*\.(?:png|jpe?g|gif|bmp)$</arg>
<doc>Fails if ``string`` does not match ``pattern`` as a regular expression.</doc>
<status status="PASS" start="2024-05-13T09:15:39.963408" elapsed="0.000463"/>
</kw>
<kw name="Should Match Regexp" owner="BuiltIn">
<arg>${json_data['results'][0]['picture']['medium']}</arg>
<arg>^https?://.*\.(?:png|jpe?g|gif|bmp)$</arg>
<doc>Fails if ``string`` does not match ``pattern`` as a regular expression.</doc>
<status status="PASS" start="2024-05-13T09:15:39.964061" elapsed="0.000363"/>
</kw>
<kw name="Should Match Regexp" owner="BuiltIn">
<arg>${json_data['results'][0]['picture']['thumbnail']}</arg>
<arg>^https?://.*\.(?:png|jpe?g|gif|bmp)$</arg>
<doc>Fails if ``string`` does not match ``pattern`` as a regular expression.</doc>
<status status="PASS" start="2024-05-13T09:15:39.964619" elapsed="0.000356"/>
</kw>
<kw name="Log" owner="BuiltIn">
<msg time="2024-05-13T09:15:39.965481" level="INFO">{'large': 'https://randomuser.me/api/portraits/women/75.jpg', 'medium': 'https://randomuser.me/api/portraits/med/women/75.jpg', 'thumbnail': 'https://randomuser.me/api/portraits/thumb/women/75.jpg'}</msg>
<arg>${json_data['results'][0]['picture']}</arg>
<doc>Logs the given message with the given level.</doc>
<status status="PASS" start="2024-05-13T09:15:39.965157" elapsed="0.000366"/>
</kw>
<status status="PASS" start="2024-05-13T09:15:39.870963" elapsed="0.094825"/>
</kw>
<kw name="Teste de Tipos de Dados - Postcode" owner="random-user-service">
<kw name="GET On Session" owner="RequestsLibrary">
<msg time="2024-05-13T09:15:40.079458" level="INFO">GET Request : url=https://randomuser.me/api 
 path_url=/api 
 headers={'User-Agent': 'python-requests/2.31.0', 'Accept-Encoding': 'gzip, deflate', 'Accept': '*/*', 'Connection': 'keep-alive'} 
 body=None 
 </msg>
<msg time="2024-05-13T09:15:40.079583" level="INFO">GET Response : url=https://randomuser.me/api 
 status=200, reason=OK 
 headers={'Date': 'Mon, 13 May 2024 09:15:40 GMT', 'Content-Type': 'application/json; charset=utf-8', 'Transfer-Encoding': 'chunked', 'Connection': 'keep-alive', 'X-Powered-By': 'Express', 'Access-Control-Allow-Origin': '*', 'Cache-Control': 'no-cache', 'ETag': 'W/"47a-bE15to8E6z21WkG306FWUjLQmtQ"', 'Vary': 'Accept-Encoding', 'Content-Encoding': 'gzip', 'CF-Cache-Status': 'DYNAMIC', 'Report-To': '{"endpoints":[{"url":"https:\\/\\/a.nel.cloudflare.com\\/report\\/v4?s=X0w1whumSMMBkNO6Ps0I7KbX57r0mdPqxIhb%2FE%2FaBHEc53%2F57RgTDssqo070%2Fb3%2Br8rtA5Pj75ylPi3pSWZiYKx6gxWoKFBrT2wX2QSYZGnZGs6GUZlwUK%2FTwnEExxyf"}],"group":"cf-nel","max_age":604800}', 'NEL': '{"success_fraction":0,"report_to":"cf-nel","max_age":604800}', 'Server': 'cloudflare', 'CF-RAY': '88318b96df110a17-IAD', 'alt-svc': 'h3=":443"; ma=86400'} 
 body={"results":[{"gender":"male","name":{"title":"Mr","first":"Marvin","last":"Howard"},"location":{"street":{"number":1571,"name":"Galway Road"},"city":"Monaghan","state":"Limerick","country":"Ireland","postcode":75833,"coordinates":{"latitude":"-3.3901","longitude":"-63.7871"},"timezone":{"offset":"-1:00","description":"Azores, Cape Verde Islands"}},"email":"marvin.howard@example.com","login":{"uuid":"a6622a8b-2238-4b63-ae8a-62eb2e466bab","username":"lazymouse481","password":"todd","salt":"jjoHTAoi","md5":"832e8f143320d62814bff3ace2ac6ab3","sha1":"49e0b2e267058f9b119ce2f951daee713e9453fa","sha256":"6d7193865f389f6d48ad365b695cd2a3722b75adae9314911c036851cd7f783c"},"dob":{"date":"1954-02-22T21:41:26.875Z","age":70},"registered":{"date":"2020-09-26T09:47:15.683Z","age":3},"phone":"021-924-4767","cell":"081-510-6361","id":{"name":"PPS","value":"0333461T"},"picture":{"large":"https://randomuser.me/api/portraits/men/74.jpg","medium":"https://randomuser.me/api/portraits/med/men/74.jpg","thumbnail":"https://randomuser.me/api/portraits/thumb/men/74.jpg"},"nat":"IE"}],"info":{"seed":"f55b18c324fccf7d","results":1,"page":1,"version":"1.4"}} 
 </msg>
<msg time="2024-05-13T09:15:40.079678" level="INFO">/opt/hostedtoolcache/Python/3.12.3/x64/lib/python3.12/site-packages/urllib3/connectionpool.py:1103: InsecureRequestWarning: Unverified HTTPS request is being made to host 'randomuser.me'. Adding certificate verification is strongly advised. See: https://urllib3.readthedocs.io/en/latest/advanced-usage.html#tls-warnings
  warnings.warn(</msg>
<msg time="2024-05-13T09:15:40.079824" level="INFO">${response} = &lt;Response [200]&gt;</msg>
<var>${response}</var>
<arg>consultarAPI</arg>
<arg>/api</arg>
<doc>Sends a GET request on a previously created HTTP Session.</doc>
<status status="PASS" start="2024-05-13T09:15:39.966322" elapsed="0.113549"/>
</kw>
<kw name="Set Variable" owner="BuiltIn">
<msg time="2024-05-13T09:15:40.081164" level="INFO">${json_data} = {'results': [{'gender': 'male', 'name': {'title': 'Mr', 'first': 'Marvin', 'last': 'Howard'}, 'location': {'street': {'number': 1571, 'name': 'Galway Road'}, 'city': 'Monaghan', 'state': 'Limerick', '...</msg>
<var>${json_data}</var>
<arg>${response.json()}</arg>
<doc>Returns the given values which can then be assigned to a variables.</doc>
<status status="PASS" start="2024-05-13T09:15:40.080536" elapsed="0.000660"/>
</kw>
<kw name="Log" owner="BuiltIn">
<msg time="2024-05-13T09:15:40.081703" level="INFO">{'results': [{'gender': 'male', 'name': {'title': 'Mr', 'first': 'Marvin', 'last': 'Howard'}, 'location': {'street': {'number': 1571, 'name': 'Galway Road'}, 'city': 'Monaghan', 'state': 'Limerick', 'country': 'Ireland', 'postcode': 75833, 'coordinates': {'latitude': '-3.3901', 'longitude': '-63.7871'}, 'timezone': {'offset': '-1:00', 'description': 'Azores, Cape Verde Islands'}}, 'email': 'marvin.howard@example.com', 'login': {'uuid': 'a6622a8b-2238-4b63-ae8a-62eb2e466bab', 'username': 'lazymouse481', 'password': 'todd', 'salt': 'jjoHTAoi', 'md5': '832e8f143320d62814bff3ace2ac6ab3', 'sha1': '49e0b2e267058f9b119ce2f951daee713e9453fa', 'sha256': '6d7193865f389f6d48ad365b695cd2a3722b75adae9314911c036851cd7f783c'}, 'dob': {'date': '1954-02-22T21:41:26.875Z', 'age': 70}, 'registered': {'date': '2020-09-26T09:47:15.683Z', 'age': 3}, 'phone': '021-924-4767', 'cell': '081-510-6361', 'id': {'name': 'PPS', 'value': '0333461T'}, 'picture': {'large': 'https://randomuser.me/api/portraits/men/74.jpg', 'medium': 'https://randomuser.me/api/portraits/med/men/74.jpg', 'thumbnail': 'https://randomuser.me/api/portraits/thumb/men/74.jpg'}, 'nat': 'IE'}], 'info': {'seed': 'f55b18c324fccf7d', 'results': 1, 'page': 1, 'version': '1.4'}}</msg>
<arg>${json_data}</arg>
<doc>Logs the given message with the given level.</doc>
<status status="PASS" start="2024-05-13T09:15:40.081540" elapsed="0.000252"/>
</kw>
<kw name="Should Be Equal As Numbers" owner="BuiltIn">
<arg>${json_data['results'][0]['location']['postcode']}</arg>
<arg>${json_data['results'][0]['location']['postcode']}</arg>
<doc>Fails if objects are unequal after converting them to real numbers.</doc>
<status status="PASS" start="2024-05-13T09:15:40.082366" elapsed="0.000645"/>
</kw>
<kw name="Log" owner="BuiltIn">
<msg time="2024-05-13T09:15:40.083547" level="INFO">75833</msg>
<arg>${json_data['results'][0]['location']['postcode']}</arg>
<doc>Logs the given message with the given level.</doc>
<status status="PASS" start="2024-05-13T09:15:40.083205" elapsed="0.000381"/>
</kw>
<status status="PASS" start="2024-05-13T09:15:39.966078" elapsed="0.117769"/>
</kw>
<doc>Testa se os tipos de dados na resposta da API estão corretos.</doc>
<tag>testeTiposDados</tag>
<status status="PASS" start="2024-05-13T09:15:39.870419" elapsed="0.213605"/>
</test>
<test id="s1-s1-t5" name="Validar conteudo" line="35">
<kw name="Teste de Tipos de Conteudo" owner="random-user-service">
<kw name="GET On Session" owner="RequestsLibrary">
<msg time="2024-05-13T09:15:40.146224" level="INFO">GET Request : url=https://randomuser.me/api 
 path_url=/api 
 headers={'User-Agent': 'python-requests/2.31.0', 'Accept-Encoding': 'gzip, deflate', 'Accept': '*/*', 'Connection': 'keep-alive'} 
 body=None 
 </msg>
<msg time="2024-05-13T09:15:40.146366" level="INFO">GET Response : url=https://randomuser.me/api 
 status=200, reason=OK 
 headers={'Date': 'Mon, 13 May 2024 09:15:40 GMT', 'Content-Type': 'application/json; charset=utf-8', 'Transfer-Encoding': 'chunked', 'Connection': 'keep-alive', 'X-Powered-By': 'Express', 'Access-Control-Allow-Origin': '*', 'Cache-Control': 'no-cache', 'ETag': 'W/"48f-A0J5PNa3NIkprrgET6ExiqYlsr4"', 'Vary': 'Accept-Encoding', 'Content-Encoding': 'gzip', 'CF-Cache-Status': 'DYNAMIC', 'Report-To': '{"endpoints":[{"url":"https:\\/\\/a.nel.cloudflare.com\\/report\\/v4?s=oPZL2nBxfnnY9eppSHR%2F%2BqNOltnWvz7DIuATDCqfL0AafI1eHSoZhEBmk%2FUO2oM%2BR8JlGMhIBkusUAdT%2FLtFXUwX7zsh0LbkLxGPep%2F6C20SwPtoXG2yLIeF8SpEkF9A"}],"group":"cf-nel","max_age":604800}', 'NEL': '{"success_fraction":0,"report_to":"cf-nel","max_age":604800}', 'Server': 'cloudflare', 'CF-RAY': '88318b979f7c0a17-IAD', 'alt-svc': 'h3=":443"; ma=86400'} 
 body={"results":[{"gender":"male","name":{"title":"Mr","first":"Nikola","last":"Sakić"},"location":{"street":{"number":3806,"name":"Markovačka"},"city":"Paraćin","state":"Podunavlje","country":"Serbia","postcode":56256,"coordinates":{"latitude":"60.1091","longitude":"-91.8345"},"timezone":{"offset":"+10:00","description":"Eastern Australia, Guam, Vladivostok"}},"email":"nikola.sakic@example.com","login":{"uuid":"9af67988-cc83-4c26-acca-4d2cd159a9a9","username":"silverostrich341","password":"sealteam","salt":"UWHlXiA4","md5":"f2e0117aaff0cbd11c170441723bc47a","sha1":"c54beaffcb73021fcc8c34bd3adad2bbeba53e4a","sha256":"0bac03846b49f6daa7b841d1d44f1bb3a83315197db9db471b795350efe09e2d"},"dob":{"date":"1991-01-18T19:10:12.151Z","age":33},"registered":{"date":"2004-12-29T23:45:16.388Z","age":19},"phone":"030-3566-650","cell":"063-7366-790","id":{"name":"SID","value":"228828215"},"picture":{"large":"https://randomuser.me/api/portraits/men/78.jpg","medium":"https://randomuser.me/api/portraits/med/men/78.jpg","thumbnail":"https://randomuser.me/api/portraits/thumb/men/78.jpg"},"nat":"RS"}],"info":{"seed":"ab35ad21349887d0","results":1,"page":1,"version":"1.4"}} 
 </msg>
<msg time="2024-05-13T09:15:40.146473" level="INFO">/opt/hostedtoolcache/Python/3.12.3/x64/lib/python3.12/site-packages/urllib3/connectionpool.py:1103: InsecureRequestWarning: Unverified HTTPS request is being made to host 'randomuser.me'. Adding certificate verification is strongly advised. See: https://urllib3.readthedocs.io/en/latest/advanced-usage.html#tls-warnings
  warnings.warn(</msg>
<msg time="2024-05-13T09:15:40.146619" level="INFO">${response} = &lt;Response [200]&gt;</msg>
<var>${response}</var>
<arg>consultarAPI</arg>
<arg>/api</arg>
<doc>Sends a GET request on a previously created HTTP Session.</doc>
<status status="PASS" start="2024-05-13T09:15:40.086612" elapsed="0.060040"/>
</kw>
<kw name="Set Variable" owner="BuiltIn">
<msg time="2024-05-13T09:15:40.147923" level="INFO">${json_data} = {'results': [{'gender': 'male', 'name': {'title': 'Mr', 'first': 'Nikola', 'last': 'Sakić'}, 'location': {'street': {'number': 3806, 'name': 'Markovačka'}, 'city': 'Paraćin', 'state': 'Podunavlje', 'c...</msg>
<var>${json_data}</var>
<arg>${response.json()}</arg>
<doc>Returns the given values which can then be assigned to a variables.</doc>
<status status="PASS" start="2024-05-13T09:15:40.147314" elapsed="0.000641"/>
</kw>
<kw name="Set Variable" owner="BuiltIn">
<msg time="2024-05-13T09:15:40.148706" level="INFO">${name_title} = Mr</msg>
<var>${name_title}</var>
<arg>${json_data["results"][0]["name"]["title"]}</arg>
<doc>Returns the given values which can then be assigned to a variables.</doc>
<status status="PASS" start="2024-05-13T09:15:40.148281" elapsed="0.000450"/>
</kw>
<kw name="Create List" owner="BuiltIn">
<msg time="2024-05-13T09:15:40.149179" level="INFO">${allowed_titles} = ['Mr', 'Ms', 'Miss', 'Mrs', 'Madame', 'Monsieur']</msg>
<var>${allowed_titles}</var>
<arg>Mr</arg>
<arg>Ms</arg>
<arg>Miss</arg>
<arg>Mrs</arg>
<arg>Madame</arg>
<arg>Monsieur</arg>
<doc>Returns a list containing given items.</doc>
<status status="PASS" start="2024-05-13T09:15:40.149031" elapsed="0.000172"/>
</kw>
<kw name="List Should Contain Value" owner="Collections">
<msg time="2024-05-13T09:15:40.149684" level="INFO">False</msg>
<arg>${allowed_titles}</arg>
<arg>${name_title}</arg>
<doc>Fails if the ``value`` is not found from ``list``.</doc>
<status status="PASS" start="2024-05-13T09:15:40.149505" elapsed="0.000216"/>
</kw>
<kw name="Set Variable" owner="BuiltIn">
<msg time="2024-05-13T09:15:40.150451" level="INFO">${name_country} = RS</msg>
<var>${name_country}</var>
<arg>${json_data["results"][0]["nat"]}</arg>
<doc>Returns the given values which can then be assigned to a variables.</doc>
<status status="PASS" start="2024-05-13T09:15:40.150062" elapsed="0.000415"/>
</kw>
<kw name="Create List" owner="BuiltIn">
<msg time="2024-05-13T09:15:40.151370" level="INFO">${list_country} = ['AD', 'AE', 'AF', 'AG', 'AI', 'AL', 'AM', 'AO', 'AQ', 'AR', 'AS', 'AT', 'AU', 'AW', 'AX', 'AZ', 'BA', 'BB', 'BD', 'BE', 'BF', 'BG', 'BH', 'BI', 'BJ', 'BL', 'BM', 'BN', 'BO', 'BQ', 'BR', 'BS', 'BT', '...</msg>
<var>${list_country}</var>
<arg>AD</arg>
<arg>AE</arg>
<arg>AF</arg>
<arg>AG</arg>
<arg>AI</arg>
<arg>AL</arg>
<arg>AM</arg>
<arg>AO</arg>
<arg>AQ</arg>
<arg>AR</arg>
<arg>AS</arg>
<arg>AT</arg>
<arg>AU</arg>
<arg>AW</arg>
<arg>AX</arg>
<arg>AZ</arg>
<arg>BA</arg>
<arg>BB</arg>
<arg>BD</arg>
<arg>BE</arg>
<arg>BF</arg>
<arg>BG</arg>
<arg>BH</arg>
<arg>BI</arg>
<arg>BJ</arg>
<arg>BL</arg>
<arg>BM</arg>
<arg>BN</arg>
<arg>BO</arg>
<arg>BQ</arg>
<arg>BR</arg>
<arg>BS</arg>
<arg>BT</arg>
<arg>BV</arg>
<arg>BW</arg>
<arg>BY</arg>
<arg>BZ</arg>
<arg>CA</arg>
<arg>CC</arg>
<arg>CD</arg>
<arg>CF</arg>
<arg>CG</arg>
<arg>CH</arg>
<arg>CI</arg>
<arg>CK</arg>
<arg>CL</arg>
<arg>CM</arg>
<arg>CN</arg>
<arg>CO</arg>
<arg>CR</arg>
<arg>CU</arg>
<arg>CV</arg>
<arg>CW</arg>
<arg>CX</arg>
<arg>CY</arg>
<arg>CZ</arg>
<arg>DE</arg>
<arg>DJ</arg>
<arg>DK</arg>
<arg>DM</arg>
<arg>DO</arg>
<arg>DZ</arg>
<arg>EC</arg>
<arg>EE</arg>
<arg>EG</arg>
<arg>EH</arg>
<arg>ER</arg>
<arg>ES</arg>
<arg>ET</arg>
<arg>FI</arg>
<arg>FJ</arg>
<arg>FK</arg>
<arg>FM</arg>
<arg>FO</arg>
<arg>FR</arg>
<arg>GA</arg>
<arg>GB</arg>
<arg>GD</arg>
<arg>GE</arg>
<arg>GF</arg>
<arg>GG</arg>
<arg>GH</arg>
<arg>GI</arg>
<arg>GL</arg>
<arg>GM</arg>
<arg>GN</arg>
<arg>GP</arg>
<arg>GQ</arg>
<arg>GR</arg>
<arg>GS</arg>
<arg>GT</arg>
<arg>GU</arg>
<arg>GW</arg>
<arg>GY</arg>
<arg>HK</arg>
<arg>HM</arg>
<arg>HN</arg>
<arg>HR</arg>
<arg>HT</arg>
<arg>HU</arg>
<arg>ID</arg>
<arg>IE</arg>
<arg>IL</arg>
<arg>IM</arg>
<arg>IN</arg>
<arg>IO</arg>
<arg>IQ</arg>
<arg>IR</arg>
<arg>IS</arg>
<arg>IT</arg>
<arg>JE</arg>
<arg>JM</arg>
<arg>JO</arg>
<arg>JP</arg>
<arg>KE</arg>
<arg>KG</arg>
<arg>KH</arg>
<arg>KI</arg>
<arg>KM</arg>
<arg>KN</arg>
<arg>KP</arg>
<arg>KR</arg>
<arg>KW</arg>
<arg>KY</arg>
<arg>KZ</arg>
<arg>LA</arg>
<arg>LB</arg>
<arg>LC</arg>
<arg>LI</arg>
<arg>LK</arg>
<arg>LR</arg>
<arg>LS</arg>
<arg>LT</arg>
<arg>LU</arg>
<arg>LV</arg>
<arg>LY</arg>
<arg>MA</arg>
<arg>MC</arg>
<arg>MD</arg>
<arg>ME</arg>
<arg>MF</arg>
<arg>MG</arg>
<arg>MH</arg>
<arg>MK</arg>
<arg>ML</arg>
<arg>MM</arg>
<arg>MN</arg>
<arg>MO</arg>
<arg>MP</arg>
<arg>MQ</arg>
<arg>MR</arg>
<arg>MS</arg>
<arg>MT</arg>
<arg>MU</arg>
<arg>MV</arg>
<arg>MW</arg>
<arg>MX</arg>
<arg>MY</arg>
<arg>MZ</arg>
<arg>NA</arg>
<arg>NC</arg>
<arg>NE</arg>
<arg>NF</arg>
<arg>NG</arg>
<arg>NI</arg>
<arg>NL</arg>
<arg>NO</arg>
<arg>NP</arg>
<arg>NR</arg>
<arg>NU</arg>
<arg>NZ</arg>
<arg>OM</arg>
<arg>PA</arg>
<arg>PE</arg>
<arg>PF</arg>
<arg>PG</arg>
<arg>PH</arg>
<arg>PK</arg>
<arg>PL</arg>
<arg>PM</arg>
<arg>PN</arg>
<arg>PR</arg>
<arg>PS</arg>
<arg>PT</arg>
<arg>PW</arg>
<arg>PY</arg>
<arg>QA</arg>
<arg>RE</arg>
<arg>RO</arg>
<arg>RS</arg>
<arg>RU</arg>
<arg>RW</arg>
<arg>SA</arg>
<arg>SB</arg>
<arg>SC</arg>
<arg>SD</arg>
<arg>SE</arg>
<arg>SG</arg>
<arg>SH</arg>
<arg>SI</arg>
<arg>SJ</arg>
<arg>SK</arg>
<arg>SL</arg>
<arg>SM</arg>
<arg>SN</arg>
<arg>SO</arg>
<arg>SR</arg>
<arg>SS</arg>
<arg>ST</arg>
<arg>SV</arg>
<arg>SX</arg>
<arg>SY</arg>
<arg>SZ</arg>
<arg>TC</arg>
<arg>TD</arg>
<arg>TF</arg>
<arg>TG</arg>
<arg>TH</arg>
<arg>TJ</arg>
<arg>TK</arg>
<arg>TL</arg>
<arg>TM</arg>
<arg>TN</arg>
<arg>TO</arg>
<arg>TR</arg>
<arg>TT</arg>
<arg>TV</arg>
<arg>TW</arg>
<arg>TZ</arg>
<arg>UA</arg>
<arg>UG</arg>
<arg>UM</arg>
<arg>US</arg>
<arg>UY</arg>
<arg>UZ</arg>
<arg>VA</arg>
<arg>VC</arg>
<arg>VE</arg>
<arg>VG</arg>
<arg>VI</arg>
<arg>VN</arg>
<arg>VU</arg>
<arg>WF</arg>
<arg>WS</arg>
<arg>XK</arg>
<arg>YE</arg>
<arg>YT</arg>
<arg>ZA</arg>
<arg>ZM</arg>
<arg>ZW</arg>
<doc>Returns a list containing given items.</doc>
<status status="PASS" start="2024-05-13T09:15:40.150781" elapsed="0.000614"/>
</kw>
<kw name="List Should Contain Value" owner="Collections">
<msg time="2024-05-13T09:15:40.152400" level="INFO">False</msg>
<arg>${list_country}</arg>
<arg>${name_country}</arg>
<doc>Fails if the ``value`` is not found from ``list``.</doc>
<status status="PASS" start="2024-05-13T09:15:40.152200" elapsed="0.000236"/>
</kw>
<kw name="Run Keyword If" owner="BuiltIn">
<kw name="Should Be True" owner="BuiltIn">
<arg>${True}</arg>
<doc>Fails if the given condition is not true.</doc>
<status status="PASS" start="2024-05-13T09:15:40.153521" elapsed="0.000271"/>
</kw>
<arg>${json_data["results"][0]["location"]["coordinates"]["latitude"]} &gt;= -90 and ${json_data["results"][0]["location"]["coordinates"]["latitude"]} &lt;= 90</arg>
<arg>Should Be True</arg>
<arg>${True}</arg>
<doc>Runs the given keyword with the given arguments, if ``condition`` is true.</doc>
<status status="PASS" start="2024-05-13T09:15:40.152750" elapsed="0.001213"/>
</kw>
<kw name="Run Keyword If" owner="BuiltIn">
<kw name="Should Be True" owner="BuiltIn">
<arg>${True}</arg>
<doc>Fails if the given condition is not true.</doc>
<status status="PASS" start="2024-05-13T09:15:40.154871" elapsed="0.000138"/>
</kw>
<arg>${json_data["results"][0]["location"]["coordinates"]["longitude"]} &gt;= -180 and ${json_data["results"][0]["location"]["coordinates"]["longitude"]} &lt;= 180</arg>
<arg>Should Be True</arg>
<arg>${True}</arg>
<doc>Runs the given keyword with the given arguments, if ``condition`` is true.</doc>
<status status="PASS" start="2024-05-13T09:15:40.154165" elapsed="0.000969"/>
</kw>
<status status="PASS" start="2024-05-13T09:15:40.086380" elapsed="0.068888"/>
</kw>
<doc>Testa o conteúdo específico dos campos retornados pela API.</doc>
<tag>testeConteudo</tag>
<status status="PASS" start="2024-05-13T09:15:40.085841" elapsed="0.069585"/>
</test>
<status status="PASS" start="2024-05-13T09:15:39.325985" elapsed="0.831462"/>
</suite>
<status status="PASS" start="2024-05-13T09:15:39.311717" elapsed="0.851030"/>
</suite>
<statistics>
<total>
<stat pass="5" fail="0" skip="0">All Tests</stat>
</total>
<tag>
<stat pass="1" fail="0" skip="0">testeConteudo</stat>
<stat pass="1" fail="0" skip="0">testeEstruturaResposta</stat>
<stat pass="1" fail="0" skip="0">testeRequisicaoBasica</stat>
<stat pass="1" fail="0" skip="0">testeTiposDados</stat>
</tag>
<suite>
<stat pass="5" fail="0" skip="0" id="s1" name="Tests">Tests</stat>
<stat pass="5" fail="0" skip="0" id="s1-s1" name="Random-User-Test">Tests.Random-User-Test</stat>
</suite>
</statistics>
<errors>
</errors>
</robot>
