<?xml version="1.0" encoding="UTF-8"?>
<robot generator="Robot 7.0.1 (Python 3.12.3 on linux)" generated="2024-06-11T14:14:23.652022" rpa="false" schemaversion="5">
<suite id="s1" name="Tests" source="/home/runner/work/ApiRandomUser/ApiRandomUser/RamdonUser/tests">
<suite id="s1-s1" name="Random-User-Test" source="/home/runner/work/ApiRandomUser/ApiRandomUser/RamdonUser/tests/random-user-test.robot">
<test id="s1-s1-t1" name="Conectar" line="13">
<kw name="Conectar API" owner="random-user-service">
<kw name="Create Session" owner="RequestsLibrary">
<msg time="2024-06-11T14:14:24.045018" level="INFO">Creating Session using : alias=consultarAPI, url=https://randomuser.me/, headers={},                     cookies={}, auth=None, timeout=None, proxies=None, verify=False,                     debug=0 </msg>
<arg>consultarAPI</arg>
<arg>${URL}</arg>
<doc>Create Session: create a HTTP session to a server</doc>
<status status="PASS" start="2024-06-11T14:14:24.044794" elapsed="0.000408"/>
</kw>
<status status="PASS" start="2024-06-11T14:14:24.043811" elapsed="0.001743"/>
</kw>
<status status="PASS" start="2024-06-11T14:14:24.043246" elapsed="0.002501"/>
</test>
<test id="s1-s1-t2" name="Validar retorno 200 e JSON Válido" line="16">
<kw name="Teste de Requisicao Basica" owner="random-user-service">
<kw name="GET On Session" owner="RequestsLibrary">
<msg time="2024-06-11T14:14:24.335507" level="INFO">GET Request : url=https://randomuser.me/api 
 path_url=/api 
 headers={'User-Agent': 'python-requests/2.32.3', 'Accept-Encoding': 'gzip, deflate', 'Accept': '*/*', 'Connection': 'keep-alive'} 
 body=None 
 </msg>
<msg time="2024-06-11T14:14:24.335657" level="INFO">GET Response : url=https://randomuser.me/api 
 status=200, reason=OK 
 headers={'Date': 'Tue, 11 Jun 2024 14:14:24 GMT', 'Content-Type': 'application/json; charset=utf-8', 'Transfer-Encoding': 'chunked', 'Connection': 'keep-alive', 'X-Powered-By': 'Express', 'Access-Control-Allow-Origin': '*', 'Cache-Control': 'no-cache', 'ETag': 'W/"495-G3zm2Qa8Chhw36L+7Co6yFIEemY"', 'Vary': 'Accept-Encoding', 'Content-Encoding': 'gzip', 'CF-Cache-Status': 'DYNAMIC', 'Report-To': '{"endpoints":[{"url":"https:\\/\\/a.nel.cloudflare.com\\/report\\/v4?s=WWW8VgoGQmM%2BoFIYGCZJzLHPzIAQaHWXLJjmSTFPiNY%2B3Gk3IvveFgpf0C1Aa523sMyMrT6QWxTSCdilTd%2BylBOfdkm4KUFqVC6EL8dIhgAyTn71wqknpTX2nrN98vYF"}],"group":"cf-nel","max_age":604800}', 'NEL': '{"success_fraction":0,"report_to":"cf-nel","max_age":604800}', 'Server': 'cloudflare', 'CF-RAY': '892235117c55a3d4-ORD', 'alt-svc': 'h3=":443"; ma=86400'} 
 body={"results":[{"gender":"female","name":{"title":"Mrs","first":"Araceli","last":"Arevalo"},"location":{"street":{"number":7367,"name":"Peatonal del Río"},"city":"Tecomatlán","state":"Sonora","country":"Mexico","postcode":22421,"coordinates":{"latitude":"22.6537","longitude":"41.1675"},"timezone":{"offset":"+7:00","description":"Bangkok, Hanoi, Jakarta"}},"email":"araceli.arevalo@example.com","login":{"uuid":"109dbbdc-2781-4438-be4a-d0fcc0fd1e43","username":"redsnake154","password":"desert","salt":"DHfroFn4","md5":"6ca74c7646d6882af8f94ce597d3cfe3","sha1":"22bf95c31eb5f4903132d3fb85a0b77b2d17d846","sha256":"67bf227cbad9f88ad149d5fd2523df652464c641bb5b23d1d0a1a31544ac2bfd"},"dob":{"date":"2000-09-30T13:38:48.963Z","age":23},"registered":{"date":"2017-05-23T08:32:46.277Z","age":7},"phone":"(609) 809 3213","cell":"(621) 173 2194","id":{"name":"NSS","value":"67 81 48 0388 4"},"picture":{"large":"https://randomuser.me/api/portraits/women/78.jpg","medium":"https://randomuser.me/api/portraits/med/women/78.jpg","thumbnail":"https://randomuser.me/api/portraits/thumb/women/78.jpg"},"nat":"MX"}],"info":{"seed":"3a6f158604b7cd16","results":1,"page":1,"version":"1.4"}} 
 </msg>
<msg time="2024-06-11T14:14:24.335754" level="INFO">/opt/hostedtoolcache/Python/3.12.3/x64/lib/python3.12/site-packages/urllib3/connectionpool.py:1103: InsecureRequestWarning: Unverified HTTPS request is being made to host 'randomuser.me'. Adding certificate verification is strongly advised. See: https://urllib3.readthedocs.io/en/latest/advanced-usage.html#tls-warnings
  warnings.warn(</msg>
<msg time="2024-06-11T14:14:24.335909" level="INFO">${response} = &lt;Response [200]&gt;</msg>
<var>${response}</var>
<arg>consultarAPI</arg>
<arg>/api</arg>
<doc>Sends a GET request on a previously created HTTP Session.</doc>
<status status="PASS" start="2024-06-11T14:14:24.048381" elapsed="0.287587"/>
</kw>
<kw name="Should Be Equal As Numbers" owner="BuiltIn">
<msg time="2024-06-11T14:14:24.337217" level="INFO">Argument types are:
&lt;class 'int'&gt;
&lt;class 'str'&gt;</msg>
<arg>${response.status_code}</arg>
<arg>200</arg>
<doc>Fails if objects are unequal after converting them to real numbers.</doc>
<status status="PASS" start="2024-06-11T14:14:24.336563" elapsed="0.000725"/>
</kw>
<kw name="Log" owner="BuiltIn">
<msg time="2024-06-11T14:14:24.338220" level="INFO">200</msg>
<arg>${response.status_code}</arg>
<doc>Logs the given message with the given level.</doc>
<status status="PASS" start="2024-06-11T14:14:24.337685" elapsed="0.000614"/>
</kw>
<kw name="Set Variable" owner="BuiltIn">
<msg time="2024-06-11T14:14:24.339078" level="INFO">${json_data} = {'results': [{'gender': 'female', 'name': {'title': 'Mrs', 'first': 'Araceli', 'last': 'Arevalo'}, 'location': {'street': {'number': 7367, 'name': 'Peatonal del Río'}, 'city': 'Tecomatlán', 'state': '...</msg>
<var>${json_data}</var>
<arg>${response.json()}</arg>
<doc>Returns the given values which can then be assigned to a variables.</doc>
<status status="PASS" start="2024-06-11T14:14:24.338623" elapsed="0.000485"/>
</kw>
<kw name="Dictionary Should Contain Key" owner="Collections">
<arg>${json_data}</arg>
<arg>results</arg>
<doc>Fails if ``key`` is not found from ``dictionary``.</doc>
<status status="PASS" start="2024-06-11T14:14:24.339415" elapsed="0.000167"/>
</kw>
<status status="PASS" start="2024-06-11T14:14:24.048143" elapsed="0.291589"/>
</kw>
<doc>Testa se a API responde corretamente e retorna um objeto JSON válido.</doc>
<tag>testeRequisicaoBasica</tag>
<status status="PASS" start="2024-06-11T14:14:24.047602" elapsed="0.292298"/>
</test>
<test id="s1-s1-t3" name="Validar estrutura de resposta" line="22">
<kw name="Teste de Estrutura de Resposta" owner="random-user-service">
<kw name="GET On Session" owner="RequestsLibrary">
<msg time="2024-06-11T14:14:24.409837" level="INFO">GET Request : url=https://randomuser.me/api 
 path_url=/api 
 headers={'User-Agent': 'python-requests/2.32.3', 'Accept-Encoding': 'gzip, deflate', 'Accept': '*/*', 'Connection': 'keep-alive'} 
 body=None 
 </msg>
<msg time="2024-06-11T14:14:24.409928" level="INFO">GET Response : url=https://randomuser.me/api 
 status=200, reason=OK 
 headers={'Date': 'Tue, 11 Jun 2024 14:14:24 GMT', 'Content-Type': 'application/json; charset=utf-8', 'Transfer-Encoding': 'chunked', 'Connection': 'keep-alive', 'X-Powered-By': 'Express', 'Access-Control-Allow-Origin': '*', 'Cache-Control': 'no-cache', 'ETag': 'W/"47d-VQ98640YjwrdHyATiATvL1XZcMI"', 'Vary': 'Accept-Encoding', 'Content-Encoding': 'gzip', 'CF-Cache-Status': 'DYNAMIC', 'Report-To': '{"endpoints":[{"url":"https:\\/\\/a.nel.cloudflare.com\\/report\\/v4?s=U4OKGWYb%2Fez4RnC%2FpkqP1Al0M3rHtfYk0%2BVqRx%2Fx75Y2nNAL2wvMicPws2CBwRqcIIa%2Bq%2FS8H7jZG51Kp1vdVdi9OEaFWR1P8jEARckmJg%2FMeqoz9Ia7wM4sVYqMe0fY"}],"group":"cf-nel","max_age":604800}', 'NEL': '{"success_fraction":0,"report_to":"cf-nel","max_age":604800}', 'Server': 'cloudflare', 'CF-RAY': '892235122d4da3d4-ORD', 'alt-svc': 'h3=":443"; ma=86400'} 
 body={"results":[{"gender":"male","name":{"title":"Mr","first":"Arron","last":"Gordon"},"location":{"street":{"number":305,"name":"Manor Road"},"city":"Naas","state":"Roscommon","country":"Ireland","postcode":13882,"coordinates":{"latitude":"1.3962","longitude":"-3.4328"},"timezone":{"offset":"+9:00","description":"Tokyo, Seoul, Osaka, Sapporo, Yakutsk"}},"email":"arron.gordon@example.com","login":{"uuid":"05e06ac0-9b3b-42ab-99d0-0ca0638ef55f","username":"ticklishbear146","password":"missy","salt":"KTmTlPSg","md5":"0d5c6ecaf94dee33dfb99f62dab016c7","sha1":"310047df77c7290460432bb2c26e55cd3fbbda0c","sha256":"924bedb6bce2e79ba750d8cbc390a9e82fcbdce649012a27ed88f2115ca4accb"},"dob":{"date":"1989-11-20T04:29:04.410Z","age":34},"registered":{"date":"2015-11-16T15:10:23.374Z","age":8},"phone":"031-159-9339","cell":"081-459-1973","id":{"name":"PPS","value":"9794485T"},"picture":{"large":"https://randomuser.me/api/portraits/men/4.jpg","medium":"https://randomuser.me/api/portraits/med/men/4.jpg","thumbnail":"https://randomuser.me/api/portraits/thumb/men/4.jpg"},"nat":"IE"}],"info":{"seed":"59568b6a1274781d","results":1,"page":1,"version":"1.4"}} 
 </msg>
<msg time="2024-06-11T14:14:24.410071" level="INFO">/opt/hostedtoolcache/Python/3.12.3/x64/lib/python3.12/site-packages/urllib3/connectionpool.py:1103: InsecureRequestWarning: Unverified HTTPS request is being made to host 'randomuser.me'. Adding certificate verification is strongly advised. See: https://urllib3.readthedocs.io/en/latest/advanced-usage.html#tls-warnings
  warnings.warn(</msg>
<msg time="2024-06-11T14:14:24.410205" level="INFO">${response} = &lt;Response [200]&gt;</msg>
<var>${response}</var>
<arg>consultarAPI</arg>
<arg>/api</arg>
<doc>Sends a GET request on a previously created HTTP Session.</doc>
<status status="PASS" start="2024-06-11T14:14:24.342728" elapsed="0.067517"/>
</kw>
<kw name="Set Variable" owner="BuiltIn">
<msg time="2024-06-11T14:14:24.411068" level="INFO">${json_data} = {'results': [{'gender': 'male', 'name': {'title': 'Mr', 'first': 'Arron', 'last': 'Gordon'}, 'location': {'street': {'number': 305, 'name': 'Manor Road'}, 'city': 'Naas', 'state': 'Roscommon', 'countr...</msg>
<var>${json_data}</var>
<arg>${response.json()}</arg>
<doc>Returns the given values which can then be assigned to a variables.</doc>
<status status="PASS" start="2024-06-11T14:14:24.410613" elapsed="0.000487"/>
</kw>
<kw name="Log" owner="BuiltIn">
<msg time="2024-06-11T14:14:24.411576" level="INFO">{'results': [{'gender': 'male', 'name': {'title': 'Mr', 'first': 'Arron', 'last': 'Gordon'}, 'location': {'street': {'number': 305, 'name': 'Manor Road'}, 'city': 'Naas', 'state': 'Roscommon', 'country': 'Ireland', 'postcode': 13882, 'coordinates': {'latitude': '1.3962', 'longitude': '-3.4328'}, 'timezone': {'offset': '+9:00', 'description': 'Tokyo, Seoul, Osaka, Sapporo, Yakutsk'}}, 'email': 'arron.gordon@example.com', 'login': {'uuid': '05e06ac0-9b3b-42ab-99d0-0ca0638ef55f', 'username': 'ticklishbear146', 'password': 'missy', 'salt': 'KTmTlPSg', 'md5': '0d5c6ecaf94dee33dfb99f62dab016c7', 'sha1': '310047df77c7290460432bb2c26e55cd3fbbda0c', 'sha256': '924bedb6bce2e79ba750d8cbc390a9e82fcbdce649012a27ed88f2115ca4accb'}, 'dob': {'date': '1989-11-20T04:29:04.410Z', 'age': 34}, 'registered': {'date': '2015-11-16T15:10:23.374Z', 'age': 8}, 'phone': '031-159-9339', 'cell': '081-459-1973', 'id': {'name': 'PPS', 'value': '9794485T'}, 'picture': {'large': 'https://randomuser.me/api/portraits/men/4.jpg', 'medium': 'https://randomuser.me/api/portraits/med/men/4.jpg', 'thumbnail': 'https://randomuser.me/api/portraits/thumb/men/4.jpg'}, 'nat': 'IE'}], 'info': {'seed': '59568b6a1274781d', 'results': 1, 'page': 1, 'version': '1.4'}}</msg>
<arg>${json_data}</arg>
<doc>Logs the given message with the given level.</doc>
<status status="PASS" start="2024-06-11T14:14:24.411417" elapsed="0.000208"/>
</kw>
<kw name="Dictionary Should Contain Key" owner="Collections">
<arg>${json_data}</arg>
<arg>results</arg>
<doc>Fails if ``key`` is not found from ``dictionary``.</doc>
<status status="PASS" start="2024-06-11T14:14:24.411922" elapsed="0.000155"/>
</kw>
<kw name="Should Not Be Empty" owner="BuiltIn">
<msg time="2024-06-11T14:14:24.412389" level="INFO">Length is 2.</msg>
<arg>${json_data}</arg>
<doc>Verifies that the given item is not empty.</doc>
<status status="PASS" start="2024-06-11T14:14:24.412262" elapsed="0.000165"/>
</kw>
<kw name="Create List" owner="BuiltIn">
<msg time="2024-06-11T14:14:24.412869" level="INFO">${expected_keys} = ['gender', 'name', 'location', 'email', 'login']</msg>
<var>${expected_keys}</var>
<arg>gender</arg>
<arg>name</arg>
<arg>location</arg>
<arg>email</arg>
<arg>login</arg>
<doc>Returns a list containing given items.</doc>
<status status="PASS" start="2024-06-11T14:14:24.412720" elapsed="0.000174"/>
</kw>
<for flavor="IN">
<iter>
<kw name="Dictionary Should Contain Key" owner="Collections">
<arg>${json_data['results'][0]}</arg>
<arg>${key}</arg>
<doc>Fails if ``key`` is not found from ``dictionary``.</doc>
<status status="PASS" start="2024-06-11T14:14:24.413503" elapsed="0.000414"/>
</kw>
<kw name="Log" owner="BuiltIn">
<msg time="2024-06-11T14:14:24.414484" level="INFO">{'gender': 'male', 'name': {'title': 'Mr', 'first': 'Arron', 'last': 'Gordon'}, 'location': {'street': {'number': 305, 'name': 'Manor Road'}, 'city': 'Naas', 'state': 'Roscommon', 'country': 'Ireland', 'postcode': 13882, 'coordinates': {'latitude': '1.3962', 'longitude': '-3.4328'}, 'timezone': {'offset': '+9:00', 'description': 'Tokyo, Seoul, Osaka, Sapporo, Yakutsk'}}, 'email': 'arron.gordon@example.com', 'login': {'uuid': '05e06ac0-9b3b-42ab-99d0-0ca0638ef55f', 'username': 'ticklishbear146', 'password': 'missy', 'salt': 'KTmTlPSg', 'md5': '0d5c6ecaf94dee33dfb99f62dab016c7', 'sha1': '310047df77c7290460432bb2c26e55cd3fbbda0c', 'sha256': '924bedb6bce2e79ba750d8cbc390a9e82fcbdce649012a27ed88f2115ca4accb'}, 'dob': {'date': '1989-11-20T04:29:04.410Z', 'age': 34}, 'registered': {'date': '2015-11-16T15:10:23.374Z', 'age': 8}, 'phone': '031-159-9339', 'cell': '081-459-1973', 'id': {'name': 'PPS', 'value': '9794485T'}, 'picture': {'large': 'https://randomuser.me/api/portraits/men/4.jpg', 'medium': 'https://randomuser.me/api/portraits/med/men/4.jpg', 'thumbnail': 'https://randomuser.me/api/portraits/thumb/men/4.jpg'}, 'nat': 'IE'}</msg>
<arg>${json_data['results'][0]}</arg>
<doc>Logs the given message with the given level.</doc>
<status status="PASS" start="2024-06-11T14:14:24.414114" elapsed="0.000419"/>
</kw>
<kw name="Log" owner="BuiltIn">
<msg time="2024-06-11T14:14:24.414967" level="INFO">gender</msg>
<arg>${key}</arg>
<doc>Logs the given message with the given level.</doc>
<status status="PASS" start="2024-06-11T14:14:24.414835" elapsed="0.000170"/>
</kw>
<var name="${key}">gender</var>
<status status="PASS" start="2024-06-11T14:14:24.413379" elapsed="0.001854"/>
</iter>
<iter>
<kw name="Dictionary Should Contain Key" owner="Collections">
<arg>${json_data['results'][0]}</arg>
<arg>${key}</arg>
<doc>Fails if ``key`` is not found from ``dictionary``.</doc>
<status status="PASS" start="2024-06-11T14:14:24.415537" elapsed="0.000384"/>
</kw>
<kw name="Log" owner="BuiltIn">
<msg time="2024-06-11T14:14:24.416457" level="INFO">{'gender': 'male', 'name': {'title': 'Mr', 'first': 'Arron', 'last': 'Gordon'}, 'location': {'street': {'number': 305, 'name': 'Manor Road'}, 'city': 'Naas', 'state': 'Roscommon', 'country': 'Ireland', 'postcode': 13882, 'coordinates': {'latitude': '1.3962', 'longitude': '-3.4328'}, 'timezone': {'offset': '+9:00', 'description': 'Tokyo, Seoul, Osaka, Sapporo, Yakutsk'}}, 'email': 'arron.gordon@example.com', 'login': {'uuid': '05e06ac0-9b3b-42ab-99d0-0ca0638ef55f', 'username': 'ticklishbear146', 'password': 'missy', 'salt': 'KTmTlPSg', 'md5': '0d5c6ecaf94dee33dfb99f62dab016c7', 'sha1': '310047df77c7290460432bb2c26e55cd3fbbda0c', 'sha256': '924bedb6bce2e79ba750d8cbc390a9e82fcbdce649012a27ed88f2115ca4accb'}, 'dob': {'date': '1989-11-20T04:29:04.410Z', 'age': 34}, 'registered': {'date': '2015-11-16T15:10:23.374Z', 'age': 8}, 'phone': '031-159-9339', 'cell': '081-459-1973', 'id': {'name': 'PPS', 'value': '9794485T'}, 'picture': {'large': 'https://randomuser.me/api/portraits/men/4.jpg', 'medium': 'https://randomuser.me/api/portraits/med/men/4.jpg', 'thumbnail': 'https://randomuser.me/api/portraits/thumb/men/4.jpg'}, 'nat': 'IE'}</msg>
<arg>${json_data['results'][0]}</arg>
<doc>Logs the given message with the given level.</doc>
<status status="PASS" start="2024-06-11T14:14:24.416107" elapsed="0.000430"/>
</kw>
<kw name="Log" owner="BuiltIn">
<msg time="2024-06-11T14:14:24.416993" level="INFO">name</msg>
<arg>${key}</arg>
<doc>Logs the given message with the given level.</doc>
<status status="PASS" start="2024-06-11T14:14:24.416839" elapsed="0.000195"/>
</kw>
<var name="${key}">name</var>
<status status="PASS" start="2024-06-11T14:14:24.415424" elapsed="0.001832"/>
</iter>
<iter>
<kw name="Dictionary Should Contain Key" owner="Collections">
<arg>${json_data['results'][0]}</arg>
<arg>${key}</arg>
<doc>Fails if ``key`` is not found from ``dictionary``.</doc>
<status status="PASS" start="2024-06-11T14:14:24.417549" elapsed="0.000395"/>
</kw>
<kw name="Log" owner="BuiltIn">
<msg time="2024-06-11T14:14:24.418482" level="INFO">{'gender': 'male', 'name': {'title': 'Mr', 'first': 'Arron', 'last': 'Gordon'}, 'location': {'street': {'number': 305, 'name': 'Manor Road'}, 'city': 'Naas', 'state': 'Roscommon', 'country': 'Ireland', 'postcode': 13882, 'coordinates': {'latitude': '1.3962', 'longitude': '-3.4328'}, 'timezone': {'offset': '+9:00', 'description': 'Tokyo, Seoul, Osaka, Sapporo, Yakutsk'}}, 'email': 'arron.gordon@example.com', 'login': {'uuid': '05e06ac0-9b3b-42ab-99d0-0ca0638ef55f', 'username': 'ticklishbear146', 'password': 'missy', 'salt': 'KTmTlPSg', 'md5': '0d5c6ecaf94dee33dfb99f62dab016c7', 'sha1': '310047df77c7290460432bb2c26e55cd3fbbda0c', 'sha256': '924bedb6bce2e79ba750d8cbc390a9e82fcbdce649012a27ed88f2115ca4accb'}, 'dob': {'date': '1989-11-20T04:29:04.410Z', 'age': 34}, 'registered': {'date': '2015-11-16T15:10:23.374Z', 'age': 8}, 'phone': '031-159-9339', 'cell': '081-459-1973', 'id': {'name': 'PPS', 'value': '9794485T'}, 'picture': {'large': 'https://randomuser.me/api/portraits/men/4.jpg', 'medium': 'https://randomuser.me/api/portraits/med/men/4.jpg', 'thumbnail': 'https://randomuser.me/api/portraits/thumb/men/4.jpg'}, 'nat': 'IE'}</msg>
<arg>${json_data['results'][0]}</arg>
<doc>Logs the given message with the given level.</doc>
<status status="PASS" start="2024-06-11T14:14:24.418133" elapsed="0.000398"/>
</kw>
<kw name="Log" owner="BuiltIn">
<msg time="2024-06-11T14:14:24.418951" level="INFO">location</msg>
<arg>${key}</arg>
<doc>Logs the given message with the given level.</doc>
<status status="PASS" start="2024-06-11T14:14:24.418825" elapsed="0.000163"/>
</kw>
<var name="${key}">location</var>
<status status="PASS" start="2024-06-11T14:14:24.417438" elapsed="0.001773"/>
</iter>
<iter>
<kw name="Dictionary Should Contain Key" owner="Collections">
<arg>${json_data['results'][0]}</arg>
<arg>${key}</arg>
<doc>Fails if ``key`` is not found from ``dictionary``.</doc>
<status status="PASS" start="2024-06-11T14:14:24.419493" elapsed="0.000377"/>
</kw>
<kw name="Log" owner="BuiltIn">
<msg time="2024-06-11T14:14:24.420407" level="INFO">{'gender': 'male', 'name': {'title': 'Mr', 'first': 'Arron', 'last': 'Gordon'}, 'location': {'street': {'number': 305, 'name': 'Manor Road'}, 'city': 'Naas', 'state': 'Roscommon', 'country': 'Ireland', 'postcode': 13882, 'coordinates': {'latitude': '1.3962', 'longitude': '-3.4328'}, 'timezone': {'offset': '+9:00', 'description': 'Tokyo, Seoul, Osaka, Sapporo, Yakutsk'}}, 'email': 'arron.gordon@example.com', 'login': {'uuid': '05e06ac0-9b3b-42ab-99d0-0ca0638ef55f', 'username': 'ticklishbear146', 'password': 'missy', 'salt': 'KTmTlPSg', 'md5': '0d5c6ecaf94dee33dfb99f62dab016c7', 'sha1': '310047df77c7290460432bb2c26e55cd3fbbda0c', 'sha256': '924bedb6bce2e79ba750d8cbc390a9e82fcbdce649012a27ed88f2115ca4accb'}, 'dob': {'date': '1989-11-20T04:29:04.410Z', 'age': 34}, 'registered': {'date': '2015-11-16T15:10:23.374Z', 'age': 8}, 'phone': '031-159-9339', 'cell': '081-459-1973', 'id': {'name': 'PPS', 'value': '9794485T'}, 'picture': {'large': 'https://randomuser.me/api/portraits/men/4.jpg', 'medium': 'https://randomuser.me/api/portraits/med/men/4.jpg', 'thumbnail': 'https://randomuser.me/api/portraits/thumb/men/4.jpg'}, 'nat': 'IE'}</msg>
<arg>${json_data['results'][0]}</arg>
<doc>Logs the given message with the given level.</doc>
<status status="PASS" start="2024-06-11T14:14:24.420052" elapsed="0.000402"/>
</kw>
<kw name="Log" owner="BuiltIn">
<msg time="2024-06-11T14:14:24.420893" level="INFO">email</msg>
<arg>${key}</arg>
<doc>Logs the given message with the given level.</doc>
<status status="PASS" start="2024-06-11T14:14:24.420764" elapsed="0.000168"/>
</kw>
<var name="${key}">email</var>
<status status="PASS" start="2024-06-11T14:14:24.419385" elapsed="0.001788"/>
</iter>
<iter>
<kw name="Dictionary Should Contain Key" owner="Collections">
<arg>${json_data['results'][0]}</arg>
<arg>${key}</arg>
<doc>Fails if ``key`` is not found from ``dictionary``.</doc>
<status status="PASS" start="2024-06-11T14:14:24.421453" elapsed="0.000383"/>
</kw>
<kw name="Log" owner="BuiltIn">
<msg time="2024-06-11T14:14:24.422367" level="INFO">{'gender': 'male', 'name': {'title': 'Mr', 'first': 'Arron', 'last': 'Gordon'}, 'location': {'street': {'number': 305, 'name': 'Manor Road'}, 'city': 'Naas', 'state': 'Roscommon', 'country': 'Ireland', 'postcode': 13882, 'coordinates': {'latitude': '1.3962', 'longitude': '-3.4328'}, 'timezone': {'offset': '+9:00', 'description': 'Tokyo, Seoul, Osaka, Sapporo, Yakutsk'}}, 'email': 'arron.gordon@example.com', 'login': {'uuid': '05e06ac0-9b3b-42ab-99d0-0ca0638ef55f', 'username': 'ticklishbear146', 'password': 'missy', 'salt': 'KTmTlPSg', 'md5': '0d5c6ecaf94dee33dfb99f62dab016c7', 'sha1': '310047df77c7290460432bb2c26e55cd3fbbda0c', 'sha256': '924bedb6bce2e79ba750d8cbc390a9e82fcbdce649012a27ed88f2115ca4accb'}, 'dob': {'date': '1989-11-20T04:29:04.410Z', 'age': 34}, 'registered': {'date': '2015-11-16T15:10:23.374Z', 'age': 8}, 'phone': '031-159-9339', 'cell': '081-459-1973', 'id': {'name': 'PPS', 'value': '9794485T'}, 'picture': {'large': 'https://randomuser.me/api/portraits/men/4.jpg', 'medium': 'https://randomuser.me/api/portraits/med/men/4.jpg', 'thumbnail': 'https://randomuser.me/api/portraits/thumb/men/4.jpg'}, 'nat': 'IE'}</msg>
<arg>${json_data['results'][0]}</arg>
<doc>Logs the given message with the given level.</doc>
<status status="PASS" start="2024-06-11T14:14:24.422024" elapsed="0.000390"/>
</kw>
<kw name="Log" owner="BuiltIn">
<msg time="2024-06-11T14:14:24.422937" level="INFO">login</msg>
<arg>${key}</arg>
<doc>Logs the given message with the given level.</doc>
<status status="PASS" start="2024-06-11T14:14:24.422707" elapsed="0.000268"/>
</kw>
<var name="${key}">login</var>
<status status="PASS" start="2024-06-11T14:14:24.421345" elapsed="0.001849"/>
</iter>
<var>${key}</var>
<value>@{expected_keys}</value>
<status status="PASS" start="2024-06-11T14:14:24.413193" elapsed="0.010123"/>
</for>
<kw name="Create List" owner="BuiltIn">
<msg time="2024-06-11T14:14:24.423640" level="INFO">${expected_keysTwo} = ['username', 'password']</msg>
<var>${expected_keysTwo}</var>
<arg>username</arg>
<arg>password</arg>
<doc>Returns a list containing given items.</doc>
<status status="PASS" start="2024-06-11T14:14:24.423505" elapsed="0.000158"/>
</kw>
<for flavor="IN">
<iter>
<kw name="Dictionary Should Contain Key" owner="Collections">
<arg>${json_data['results'][0]['login']}</arg>
<arg>${keyTwo}</arg>
<doc>Fails if ``key`` is not found from ``dictionary``.</doc>
<status status="PASS" start="2024-06-11T14:14:24.424193" elapsed="0.000379"/>
</kw>
<kw name="Dictionary Should Contain Key" owner="Collections">
<arg>${json_data['results'][0]['login']}</arg>
<arg>${keyTwo}</arg>
<doc>Fails if ``key`` is not found from ``dictionary``.</doc>
<status status="PASS" start="2024-06-11T14:14:24.424753" elapsed="0.000406"/>
</kw>
<kw name="Log" owner="BuiltIn">
<msg time="2024-06-11T14:14:24.425462" level="INFO">username</msg>
<arg>${keyTwo}</arg>
<doc>Logs the given message with the given level.</doc>
<status status="PASS" start="2024-06-11T14:14:24.425340" elapsed="0.000160"/>
</kw>
<var name="${keyTwo}">username</var>
<status status="PASS" start="2024-06-11T14:14:24.424086" elapsed="0.001649"/>
</iter>
<iter>
<kw name="Dictionary Should Contain Key" owner="Collections">
<arg>${json_data['results'][0]['login']}</arg>
<arg>${keyTwo}</arg>
<doc>Fails if ``key`` is not found from ``dictionary``.</doc>
<status status="PASS" start="2024-06-11T14:14:24.426023" elapsed="0.000375"/>
</kw>
<kw name="Dictionary Should Contain Key" owner="Collections">
<arg>${json_data['results'][0]['login']}</arg>
<arg>${keyTwo}</arg>
<doc>Fails if ``key`` is not found from ``dictionary``.</doc>
<status status="PASS" start="2024-06-11T14:14:24.426584" elapsed="0.000377"/>
</kw>
<kw name="Log" owner="BuiltIn">
<msg time="2024-06-11T14:14:24.427260" level="INFO">password</msg>
<arg>${keyTwo}</arg>
<doc>Logs the given message with the given level.</doc>
<status status="PASS" start="2024-06-11T14:14:24.427140" elapsed="0.000157"/>
</kw>
<var name="${keyTwo}">password</var>
<status status="PASS" start="2024-06-11T14:14:24.425913" elapsed="0.001606"/>
</iter>
<var>${keyTwo}</var>
<value>@{expected_keysTwo}</value>
<status status="PASS" start="2024-06-11T14:14:24.423930" elapsed="0.003719"/>
</for>
<status status="PASS" start="2024-06-11T14:14:24.342497" elapsed="0.085291"/>
</kw>
<doc>Testa a estrutura da resposta da API.</doc>
<tag>testeEstruturaResposta</tag>
<status status="PASS" start="2024-06-11T14:14:24.341770" elapsed="0.086166"/>
</test>
<test id="s1-s1-t4" name="Validar tipos de dados" line="28">
<kw name="Teste de Tipos de Dados" owner="random-user-service">
<kw name="GET On Session" owner="RequestsLibrary">
<msg time="2024-06-11T14:14:24.524340" level="INFO">GET Request : url=https://randomuser.me/api 
 path_url=/api 
 headers={'User-Agent': 'python-requests/2.32.3', 'Accept-Encoding': 'gzip, deflate', 'Accept': '*/*', 'Connection': 'keep-alive'} 
 body=None 
 </msg>
<msg time="2024-06-11T14:14:24.524420" level="INFO">GET Response : url=https://randomuser.me/api 
 status=200, reason=OK 
 headers={'Date': 'Tue, 11 Jun 2024 14:14:24 GMT', 'Content-Type': 'application/json; charset=utf-8', 'Transfer-Encoding': 'chunked', 'Connection': 'keep-alive', 'X-Powered-By': 'Express', 'Access-Control-Allow-Origin': '*', 'Cache-Control': 'no-cache', 'ETag': 'W/"489-q49XpQ+TrUrnTeeyiRkjBljkwMc"', 'Vary': 'Accept-Encoding', 'Content-Encoding': 'gzip', 'CF-Cache-Status': 'DYNAMIC', 'Report-To': '{"endpoints":[{"url":"https:\\/\\/a.nel.cloudflare.com\\/report\\/v4?s=HVVc%2BMop8ZgWEvD0KMZIiAFzq6XRwVq22A15Ikb7MYxjkDTvjtp3Qooai8ob93j34yTLxzAyBoWdXgnDEWJzlTCjMAR6PHjObt3KVaWEAzItdzv2H96iDCy6vn5xRp7c"}],"group":"cf-nel","max_age":604800}', 'NEL': '{"success_fraction":0,"report_to":"cf-nel","max_age":604800}', 'Server': 'cloudflare', 'CF-RAY': '89223512bdfda3d4-ORD', 'alt-svc': 'h3=":443"; ma=86400'} 
 body={"results":[{"gender":"female","name":{"title":"Miss","first":"Sadie","last":"Walker"},"location":{"street":{"number":8941,"name":"East Tamaki Road"},"city":"Gisborne","state":"Canterbury","country":"New Zealand","postcode":57734,"coordinates":{"latitude":"50.5452","longitude":"19.2544"},"timezone":{"offset":"+6:00","description":"Almaty, Dhaka, Colombo"}},"email":"sadie.walker@example.com","login":{"uuid":"dc2ce332-8e12-4778-9995-c256c9c9f285","username":"goldenrabbit267","password":"molly1","salt":"6hiCDHKJ","md5":"b4524e5542869aea48a0b24e586d6c18","sha1":"db05a0b32140f48fc756c425865272c77071c036","sha256":"93aaab0692b7c25c9f937f2a91effa9a658d9f6906034fb1091c09b0fd24abd0"},"dob":{"date":"1965-09-29T10:16:42.331Z","age":58},"registered":{"date":"2009-10-24T19:38:08.928Z","age":14},"phone":"(676)-915-3775","cell":"(871)-608-5495","id":{"name":"","value":null},"picture":{"large":"https://randomuser.me/api/portraits/women/76.jpg","medium":"https://randomuser.me/api/portraits/med/women/76.jpg","thumbnail":"https://randomuser.me/api/portraits/thumb/women/76.jpg"},"nat":"NZ"}],"info":{"seed":"0f1b6415c87c3518","results":1,"page":1,"version":"1.4"}} 
 </msg>
<msg time="2024-06-11T14:14:24.524477" level="INFO">/opt/hostedtoolcache/Python/3.12.3/x64/lib/python3.12/site-packages/urllib3/connectionpool.py:1103: InsecureRequestWarning: Unverified HTTPS request is being made to host 'randomuser.me'. Adding certificate verification is strongly advised. See: https://urllib3.readthedocs.io/en/latest/advanced-usage.html#tls-warnings
  warnings.warn(</msg>
<msg time="2024-06-11T14:14:24.524562" level="INFO">${response} = &lt;Response [200]&gt;</msg>
<var>${response}</var>
<arg>consultarAPI</arg>
<arg>/api</arg>
<doc>Sends a GET request on a previously created HTTP Session.</doc>
<status status="PASS" start="2024-06-11T14:14:24.430325" elapsed="0.094262"/>
</kw>
<kw name="Set Variable" owner="BuiltIn">
<msg time="2024-06-11T14:14:24.525453" level="INFO">${json_data} = {'results': [{'gender': 'female', 'name': {'title': 'Miss', 'first': 'Sadie', 'last': 'Walker'}, 'location': {'street': {'number': 8941, 'name': 'East Tamaki Road'}, 'city': 'Gisborne', 'state': 'Cant...</msg>
<var>${json_data}</var>
<arg>${response.json()}</arg>
<doc>Returns the given values which can then be assigned to a variables.</doc>
<status status="PASS" start="2024-06-11T14:14:24.524994" elapsed="0.000488"/>
</kw>
<kw name="Log" owner="BuiltIn">
<msg time="2024-06-11T14:14:24.525945" level="INFO">{'results': [{'gender': 'female', 'name': {'title': 'Miss', 'first': 'Sadie', 'last': 'Walker'}, 'location': {'street': {'number': 8941, 'name': 'East Tamaki Road'}, 'city': 'Gisborne', 'state': 'Canterbury', 'country': 'New Zealand', 'postcode': 57734, 'coordinates': {'latitude': '50.5452', 'longitude': '19.2544'}, 'timezone': {'offset': '+6:00', 'description': 'Almaty, Dhaka, Colombo'}}, 'email': 'sadie.walker@example.com', 'login': {'uuid': 'dc2ce332-8e12-4778-9995-c256c9c9f285', 'username': 'goldenrabbit267', 'password': 'molly1', 'salt': '6hiCDHKJ', 'md5': 'b4524e5542869aea48a0b24e586d6c18', 'sha1': 'db05a0b32140f48fc756c425865272c77071c036', 'sha256': '93aaab0692b7c25c9f937f2a91effa9a658d9f6906034fb1091c09b0fd24abd0'}, 'dob': {'date': '1965-09-29T10:16:42.331Z', 'age': 58}, 'registered': {'date': '2009-10-24T19:38:08.928Z', 'age': 14}, 'phone': '(676)-915-3775', 'cell': '(871)-608-5495', 'id': {'name': '', 'value': None}, 'picture': {'large': 'https://randomuser.me/api/portraits/women/76.jpg', 'medium': 'https://randomuser.me/api/portraits/med/women/76.jpg', 'thumbnail': 'https://randomuser.me/api/portraits/thumb/women/76.jpg'}, 'nat': 'NZ'}], 'info': {'seed': '0f1b6415c87c3518', 'results': 1, 'page': 1, 'version': '1.4'}}</msg>
<arg>${json_data}</arg>
<doc>Logs the given message with the given level.</doc>
<status status="PASS" start="2024-06-11T14:14:24.525791" elapsed="0.000202"/>
</kw>
<kw name="Should Be String" owner="String">
<arg>${json_data['results'][0]['gender']}</arg>
<doc>Fails if the given ``item`` is not a string.</doc>
<status status="PASS" start="2024-06-11T14:14:24.526290" elapsed="0.000364"/>
</kw>
<kw name="Should Match Regexp" owner="BuiltIn">
<arg>${json_data['results'][0]['email']}</arg>
<arg>^[a-zA-Z0-9._%+-]+@[a-zA-Z0-9.-]+\.[a-zA-Z]{2,}$</arg>
<doc>Fails if ``string`` does not match ``pattern`` as a regular expression.</doc>
<status status="PASS" start="2024-06-11T14:14:24.526851" elapsed="0.000507"/>
</kw>
<kw name="Should Match Regexp" owner="BuiltIn">
<arg>${json_data['results'][0]['dob']['date']}</arg>
<arg>\\d{4}-\\d{2}-\\d{2}T\\d{2}:\\d{2}:\\d{2}\\.\\d{3}Z</arg>
<doc>Fails if ``string`` does not match ``pattern`` as a regular expression.</doc>
<status status="PASS" start="2024-06-11T14:14:24.527591" elapsed="0.000502"/>
</kw>
<kw name="Should Match Regexp" owner="BuiltIn">
<arg>${json_data['results'][0]['registered']['date']}</arg>
<arg>\\d{4}-\\d{2}-\\d{2}T\\d{2}:\\d{2}:\\d{2}\\.\\d{3}Z</arg>
<doc>Fails if ``string`` does not match ``pattern`` as a regular expression.</doc>
<status status="PASS" start="2024-06-11T14:14:24.528287" elapsed="0.000365"/>
</kw>
<kw name="Should Match Regexp" owner="BuiltIn">
<arg>${json_data['results'][0]['picture']['large']}</arg>
<arg>^https?://.*\.(?:png|jpe?g|gif|bmp)$</arg>
<doc>Fails if ``string`` does not match ``pattern`` as a regular expression.</doc>
<status status="PASS" start="2024-06-11T14:14:24.528841" elapsed="0.000482"/>
</kw>
<kw name="Should Match Regexp" owner="BuiltIn">
<arg>${json_data['results'][0]['picture']['medium']}</arg>
<arg>^https?://.*\.(?:png|jpe?g|gif|bmp)$</arg>
<doc>Fails if ``string`` does not match ``pattern`` as a regular expression.</doc>
<status status="PASS" start="2024-06-11T14:14:24.529516" elapsed="0.000362"/>
</kw>
<kw name="Should Match Regexp" owner="BuiltIn">
<arg>${json_data['results'][0]['picture']['thumbnail']}</arg>
<arg>^https?://.*\.(?:png|jpe?g|gif|bmp)$</arg>
<doc>Fails if ``string`` does not match ``pattern`` as a regular expression.</doc>
<status status="PASS" start="2024-06-11T14:14:24.530072" elapsed="0.000348"/>
</kw>
<kw name="Log" owner="BuiltIn">
<msg time="2024-06-11T14:14:24.530927" level="INFO">{'large': 'https://randomuser.me/api/portraits/women/76.jpg', 'medium': 'https://randomuser.me/api/portraits/med/women/76.jpg', 'thumbnail': 'https://randomuser.me/api/portraits/thumb/women/76.jpg'}</msg>
<arg>${json_data['results'][0]['picture']}</arg>
<doc>Logs the given message with the given level.</doc>
<status status="PASS" start="2024-06-11T14:14:24.530601" elapsed="0.000369"/>
</kw>
<status status="PASS" start="2024-06-11T14:14:24.430096" elapsed="0.101127"/>
</kw>
<kw name="Teste de Tipos de Dados - Postcode" owner="random-user-service">
<kw name="GET On Session" owner="RequestsLibrary">
<msg time="2024-06-11T14:14:24.609514" level="INFO">GET Request : url=https://randomuser.me/api 
 path_url=/api 
 headers={'User-Agent': 'python-requests/2.32.3', 'Accept-Encoding': 'gzip, deflate', 'Accept': '*/*', 'Connection': 'keep-alive'} 
 body=None 
 </msg>
<msg time="2024-06-11T14:14:24.609600" level="INFO">GET Response : url=https://randomuser.me/api 
 status=200, reason=OK 
 headers={'Date': 'Tue, 11 Jun 2024 14:14:24 GMT', 'Content-Type': 'application/json; charset=utf-8', 'Transfer-Encoding': 'chunked', 'Connection': 'keep-alive', 'X-Powered-By': 'Express', 'Access-Control-Allow-Origin': '*', 'Cache-Control': 'no-cache', 'ETag': 'W/"47f-/G/Uh0PaLarqPMpwxXQXQBax0TY"', 'Vary': 'Accept-Encoding', 'Content-Encoding': 'gzip', 'CF-Cache-Status': 'DYNAMIC', 'Report-To': '{"endpoints":[{"url":"https:\\/\\/a.nel.cloudflare.com\\/report\\/v4?s=bKUhixKrk6GSYa4h5dxJE5eAVgU3v5C%2Bqcd4fnuzaZrThpvlaH3sGv8ipkDiNGXOD6SOJCFwf%2BW%2F%2BmcragB%2Fyi3R0WfZCiFjITQd9pcvQfupYZ60DZqO4ZiCJ7FGz43A"}],"group":"cf-nel","max_age":604800}', 'NEL': '{"success_fraction":0,"report_to":"cf-nel","max_age":604800}', 'Server': 'cloudflare', 'CF-RAY': '892235135edba3d4-ORD', 'alt-svc': 'h3=":443"; ma=86400'} 
 body={"results":[{"gender":"female","name":{"title":"Ms","first":"Patricia","last":"Blanco"},"location":{"street":{"number":2007,"name":"Calle de Arganzuela"},"city":"Vigo","state":"Cataluña","country":"Spain","postcode":80302,"coordinates":{"latitude":"-37.8692","longitude":"97.7960"},"timezone":{"offset":"-2:00","description":"Mid-Atlantic"}},"email":"patricia.blanco@example.com","login":{"uuid":"c0d634f5-ce0b-4bdb-bcc0-6d39c9409725","username":"angrykoala853","password":"salmon","salt":"5bSSZRCV","md5":"cd5a69156b548ba82a20ff9ab2b5e128","sha1":"1c8d3e8c8c472efa6478d601e1356acc137194a8","sha256":"90698c35e6a61969f7081951df02f200e13058b722f233b64854a04db8d60365"},"dob":{"date":"1956-09-25T23:38:06.715Z","age":67},"registered":{"date":"2013-12-26T04:15:03.885Z","age":10},"phone":"963-064-133","cell":"647-616-159","id":{"name":"DNI","value":"80809557-T"},"picture":{"large":"https://randomuser.me/api/portraits/women/75.jpg","medium":"https://randomuser.me/api/portraits/med/women/75.jpg","thumbnail":"https://randomuser.me/api/portraits/thumb/women/75.jpg"},"nat":"ES"}],"info":{"seed":"4711a4c4039165b7","results":1,"page":1,"version":"1.4"}} 
 </msg>
<msg time="2024-06-11T14:14:24.609669" level="INFO">/opt/hostedtoolcache/Python/3.12.3/x64/lib/python3.12/site-packages/urllib3/connectionpool.py:1103: InsecureRequestWarning: Unverified HTTPS request is being made to host 'randomuser.me'. Adding certificate verification is strongly advised. See: https://urllib3.readthedocs.io/en/latest/advanced-usage.html#tls-warnings
  warnings.warn(</msg>
<msg time="2024-06-11T14:14:24.609753" level="INFO">${response} = &lt;Response [200]&gt;</msg>
<var>${response}</var>
<arg>consultarAPI</arg>
<arg>/api</arg>
<doc>Sends a GET request on a previously created HTTP Session.</doc>
<status status="PASS" start="2024-06-11T14:14:24.531666" elapsed="0.078111"/>
</kw>
<kw name="Set Variable" owner="BuiltIn">
<msg time="2024-06-11T14:14:24.610592" level="INFO">${json_data} = {'results': [{'gender': 'female', 'name': {'title': 'Ms', 'first': 'Patricia', 'last': 'Blanco'}, 'location': {'street': {'number': 2007, 'name': 'Calle de Arganzuela'}, 'city': 'Vigo', 'state': 'Cata...</msg>
<var>${json_data}</var>
<arg>${response.json()}</arg>
<doc>Returns the given values which can then be assigned to a variables.</doc>
<status status="PASS" start="2024-06-11T14:14:24.610152" elapsed="0.000469"/>
</kw>
<kw name="Log" owner="BuiltIn">
<msg time="2024-06-11T14:14:24.611079" level="INFO">{'results': [{'gender': 'female', 'name': {'title': 'Ms', 'first': 'Patricia', 'last': 'Blanco'}, 'location': {'street': {'number': 2007, 'name': 'Calle de Arganzuela'}, 'city': 'Vigo', 'state': 'Cataluña', 'country': 'Spain', 'postcode': 80302, 'coordinates': {'latitude': '-37.8692', 'longitude': '97.7960'}, 'timezone': {'offset': '-2:00', 'description': 'Mid-Atlantic'}}, 'email': 'patricia.blanco@example.com', 'login': {'uuid': 'c0d634f5-ce0b-4bdb-bcc0-6d39c9409725', 'username': 'angrykoala853', 'password': 'salmon', 'salt': '5bSSZRCV', 'md5': 'cd5a69156b548ba82a20ff9ab2b5e128', 'sha1': '1c8d3e8c8c472efa6478d601e1356acc137194a8', 'sha256': '90698c35e6a61969f7081951df02f200e13058b722f233b64854a04db8d60365'}, 'dob': {'date': '1956-09-25T23:38:06.715Z', 'age': 67}, 'registered': {'date': '2013-12-26T04:15:03.885Z', 'age': 10}, 'phone': '963-064-133', 'cell': '647-616-159', 'id': {'name': 'DNI', 'value': '80809557-T'}, 'picture': {'large': 'https://randomuser.me/api/portraits/women/75.jpg', 'medium': 'https://randomuser.me/api/portraits/med/women/75.jpg', 'thumbnail': 'https://randomuser.me/api/portraits/thumb/women/75.jpg'}, 'nat': 'ES'}], 'info': {'seed': '4711a4c4039165b7', 'results': 1, 'page': 1, 'version': '1.4'}}</msg>
<arg>${json_data}</arg>
<doc>Logs the given message with the given level.</doc>
<status status="PASS" start="2024-06-11T14:14:24.610923" elapsed="0.000204"/>
</kw>
<kw name="Should Be Equal As Numbers" owner="BuiltIn">
<arg>${json_data['results'][0]['location']['postcode']}</arg>
<arg>${json_data['results'][0]['location']['postcode']}</arg>
<doc>Fails if objects are unequal after converting them to real numbers.</doc>
<status status="PASS" start="2024-06-11T14:14:24.611425" elapsed="0.000612"/>
</kw>
<kw name="Log" owner="BuiltIn">
<msg time="2024-06-11T14:14:24.612560" level="INFO">80302</msg>
<arg>${json_data['results'][0]['location']['postcode']}</arg>
<doc>Logs the given message with the given level.</doc>
<status status="PASS" start="2024-06-11T14:14:24.612228" elapsed="0.000372"/>
</kw>
<status status="PASS" start="2024-06-11T14:14:24.531438" elapsed="0.081441"/>
</kw>
<doc>Testa se os tipos de dados na resposta da API estão corretos.</doc>
<tag>testeTiposDados</tag>
<status status="PASS" start="2024-06-11T14:14:24.429683" elapsed="0.183400"/>
</test>
<test id="s1-s1-t5" name="Validar conteudo" line="35">
<kw name="Teste de Tipos de Conteudo" owner="random-user-service">
<kw name="GET On Session" owner="RequestsLibrary">
<msg time="2024-06-11T14:14:24.715541" level="INFO">GET Request : url=https://randomuser.me/api 
 path_url=/api 
 headers={'User-Agent': 'python-requests/2.32.3', 'Accept-Encoding': 'gzip, deflate', 'Accept': '*/*', 'Connection': 'keep-alive'} 
 body=None 
 </msg>
<msg time="2024-06-11T14:14:24.715627" level="INFO">GET Response : url=https://randomuser.me/api 
 status=200, reason=OK 
 headers={'Date': 'Tue, 11 Jun 2024 14:14:24 GMT', 'Content-Type': 'application/json; charset=utf-8', 'Transfer-Encoding': 'chunked', 'Connection': 'keep-alive', 'X-Powered-By': 'Express', 'Access-Control-Allow-Origin': '*', 'Cache-Control': 'no-cache', 'ETag': 'W/"4a3-l67RPhOx8G8hjFRU+onnCdv6II4"', 'Vary': 'Accept-Encoding', 'Content-Encoding': 'gzip', 'CF-Cache-Status': 'DYNAMIC', 'Report-To': '{"endpoints":[{"url":"https:\\/\\/a.nel.cloudflare.com\\/report\\/v4?s=58juzz9ro2iRv%2BZmLTbRHcSVEuEV6Bsmey9uitUCaeavpQQProEJK5eybGRdjSBBi%2FdSQJoX5YtyVeFJw0Qh2W3sbSoZ3Z1I%2FIrB8dhmgWo7Tc8QQ1PisoN0aAwTlewl"}],"group":"cf-nel","max_age":604800}', 'NEL': '{"success_fraction":0,"report_to":"cf-nel","max_age":604800}', 'Server': 'cloudflare', 'CF-RAY': '89223513df89a3d4-ORD', 'alt-svc': 'h3=":443"; ma=86400'} 
 body={"results":[{"gender":"female","name":{"title":"Ms","first":"Siiri","last":"Waara"},"location":{"street":{"number":4737,"name":"Aleksanterinkatu"},"city":"Rääkkylä","state":"Kymenlaakso","country":"Finland","postcode":58259,"coordinates":{"latitude":"-24.9545","longitude":"8.3460"},"timezone":{"offset":"-6:00","description":"Central Time (US &amp; Canada), Mexico City"}},"email":"siiri.waara@example.com","login":{"uuid":"eeb370c4-8c2b-4838-a7ef-52743c5425d7","username":"yellowfrog244","password":"tornado","salt":"UkQFmFPD","md5":"deea043c04afb92e7f6e8311a45917ba","sha1":"14400a98524f69262ddc973709975bba331c038c","sha256":"dc9f5afb1a0d2269e40cbfd869076b3029f1d8a72aa79f7295c905163d24696e"},"dob":{"date":"1971-08-09T01:27:46.274Z","age":52},"registered":{"date":"2007-06-06T17:37:37.867Z","age":17},"phone":"08-321-384","cell":"043-398-14-03","id":{"name":"HETU","value":"NaNNA338undefined"},"picture":{"large":"https://randomuser.me/api/portraits/women/20.jpg","medium":"https://randomuser.me/api/portraits/med/women/20.jpg","thumbnail":"https://randomuser.me/api/portraits/thumb/women/20.jpg"},"nat":"FI"}],"info":{"seed":"c4de6d04a038d62f","results":1,"page":1,"version":"1.4"}} 
 </msg>
<msg time="2024-06-11T14:14:24.715703" level="INFO">/opt/hostedtoolcache/Python/3.12.3/x64/lib/python3.12/site-packages/urllib3/connectionpool.py:1103: InsecureRequestWarning: Unverified HTTPS request is being made to host 'randomuser.me'. Adding certificate verification is strongly advised. See: https://urllib3.readthedocs.io/en/latest/advanced-usage.html#tls-warnings
  warnings.warn(</msg>
<msg time="2024-06-11T14:14:24.715798" level="INFO">${response} = &lt;Response [200]&gt;</msg>
<var>${response}</var>
<arg>consultarAPI</arg>
<arg>/api</arg>
<doc>Sends a GET request on a previously created HTTP Session.</doc>
<status status="PASS" start="2024-06-11T14:14:24.615943" elapsed="0.099893"/>
</kw>
<kw name="Set Variable" owner="BuiltIn">
<msg time="2024-06-11T14:14:24.716654" level="INFO">${json_data} = {'results': [{'gender': 'female', 'name': {'title': 'Ms', 'first': 'Siiri', 'last': 'Waara'}, 'location': {'street': {'number': 4737, 'name': 'Aleksanterinkatu'}, 'city': 'Rääkkylä', 'state': 'Kymenla...</msg>
<var>${json_data}</var>
<arg>${response.json()}</arg>
<doc>Returns the given values which can then be assigned to a variables.</doc>
<status status="PASS" start="2024-06-11T14:14:24.716198" elapsed="0.000486"/>
</kw>
<kw name="Set Variable" owner="BuiltIn">
<msg time="2024-06-11T14:14:24.717423" level="INFO">${name_title} = Ms</msg>
<var>${name_title}</var>
<arg>${json_data["results"][0]["name"]["title"]}</arg>
<doc>Returns the given values which can then be assigned to a variables.</doc>
<status status="PASS" start="2024-06-11T14:14:24.717032" elapsed="0.000418"/>
</kw>
<kw name="Create List" owner="BuiltIn">
<msg time="2024-06-11T14:14:24.717913" level="INFO">${allowed_titles} = ['Mr', 'Ms', 'Miss', 'Mrs', 'Madame', 'Monsieur']</msg>
<var>${allowed_titles}</var>
<arg>Mr</arg>
<arg>Ms</arg>
<arg>Miss</arg>
<arg>Mrs</arg>
<arg>Madame</arg>
<arg>Monsieur</arg>
<doc>Returns a list containing given items.</doc>
<status status="PASS" start="2024-06-11T14:14:24.717759" elapsed="0.000179"/>
</kw>
<kw name="List Should Contain Value" owner="Collections">
<arg>${allowed_titles}</arg>
<arg>${name_title}</arg>
<doc>Fails if the ``value`` is not found from ``list``.</doc>
<status status="PASS" start="2024-06-11T14:14:24.718246" elapsed="0.000177"/>
</kw>
<kw name="Set Variable" owner="BuiltIn">
<msg time="2024-06-11T14:14:24.718987" level="INFO">${name_country} = FI</msg>
<var>${name_country}</var>
<arg>${json_data["results"][0]["nat"]}</arg>
<doc>Returns the given values which can then be assigned to a variables.</doc>
<status status="PASS" start="2024-06-11T14:14:24.718611" elapsed="0.000401"/>
</kw>
<kw name="Create List" owner="BuiltIn">
<msg time="2024-06-11T14:14:24.719913" level="INFO">${list_country} = ['AD', 'AE', 'AF', 'AG', 'AI', 'AL', 'AM', 'AO', 'AQ', 'AR', 'AS', 'AT', 'AU', 'AW', 'AX', 'AZ', 'BA', 'BB', 'BD', 'BE', 'BF', 'BG', 'BH', 'BI', 'BJ', 'BL', 'BM', 'BN', 'BO', 'BQ', 'BR', 'BS', 'BT', '...</msg>
<var>${list_country}</var>
<arg>AD</arg>
<arg>AE</arg>
<arg>AF</arg>
<arg>AG</arg>
<arg>AI</arg>
<arg>AL</arg>
<arg>AM</arg>
<arg>AO</arg>
<arg>AQ</arg>
<arg>AR</arg>
<arg>AS</arg>
<arg>AT</arg>
<arg>AU</arg>
<arg>AW</arg>
<arg>AX</arg>
<arg>AZ</arg>
<arg>BA</arg>
<arg>BB</arg>
<arg>BD</arg>
<arg>BE</arg>
<arg>BF</arg>
<arg>BG</arg>
<arg>BH</arg>
<arg>BI</arg>
<arg>BJ</arg>
<arg>BL</arg>
<arg>BM</arg>
<arg>BN</arg>
<arg>BO</arg>
<arg>BQ</arg>
<arg>BR</arg>
<arg>BS</arg>
<arg>BT</arg>
<arg>BV</arg>
<arg>BW</arg>
<arg>BY</arg>
<arg>BZ</arg>
<arg>CA</arg>
<arg>CC</arg>
<arg>CD</arg>
<arg>CF</arg>
<arg>CG</arg>
<arg>CH</arg>
<arg>CI</arg>
<arg>CK</arg>
<arg>CL</arg>
<arg>CM</arg>
<arg>CN</arg>
<arg>CO</arg>
<arg>CR</arg>
<arg>CU</arg>
<arg>CV</arg>
<arg>CW</arg>
<arg>CX</arg>
<arg>CY</arg>
<arg>CZ</arg>
<arg>DE</arg>
<arg>DJ</arg>
<arg>DK</arg>
<arg>DM</arg>
<arg>DO</arg>
<arg>DZ</arg>
<arg>EC</arg>
<arg>EE</arg>
<arg>EG</arg>
<arg>EH</arg>
<arg>ER</arg>
<arg>ES</arg>
<arg>ET</arg>
<arg>FI</arg>
<arg>FJ</arg>
<arg>FK</arg>
<arg>FM</arg>
<arg>FO</arg>
<arg>FR</arg>
<arg>GA</arg>
<arg>GB</arg>
<arg>GD</arg>
<arg>GE</arg>
<arg>GF</arg>
<arg>GG</arg>
<arg>GH</arg>
<arg>GI</arg>
<arg>GL</arg>
<arg>GM</arg>
<arg>GN</arg>
<arg>GP</arg>
<arg>GQ</arg>
<arg>GR</arg>
<arg>GS</arg>
<arg>GT</arg>
<arg>GU</arg>
<arg>GW</arg>
<arg>GY</arg>
<arg>HK</arg>
<arg>HM</arg>
<arg>HN</arg>
<arg>HR</arg>
<arg>HT</arg>
<arg>HU</arg>
<arg>ID</arg>
<arg>IE</arg>
<arg>IL</arg>
<arg>IM</arg>
<arg>IN</arg>
<arg>IO</arg>
<arg>IQ</arg>
<arg>IR</arg>
<arg>IS</arg>
<arg>IT</arg>
<arg>JE</arg>
<arg>JM</arg>
<arg>JO</arg>
<arg>JP</arg>
<arg>KE</arg>
<arg>KG</arg>
<arg>KH</arg>
<arg>KI</arg>
<arg>KM</arg>
<arg>KN</arg>
<arg>KP</arg>
<arg>KR</arg>
<arg>KW</arg>
<arg>KY</arg>
<arg>KZ</arg>
<arg>LA</arg>
<arg>LB</arg>
<arg>LC</arg>
<arg>LI</arg>
<arg>LK</arg>
<arg>LR</arg>
<arg>LS</arg>
<arg>LT</arg>
<arg>LU</arg>
<arg>LV</arg>
<arg>LY</arg>
<arg>MA</arg>
<arg>MC</arg>
<arg>MD</arg>
<arg>ME</arg>
<arg>MF</arg>
<arg>MG</arg>
<arg>MH</arg>
<arg>MK</arg>
<arg>ML</arg>
<arg>MM</arg>
<arg>MN</arg>
<arg>MO</arg>
<arg>MP</arg>
<arg>MQ</arg>
<arg>MR</arg>
<arg>MS</arg>
<arg>MT</arg>
<arg>MU</arg>
<arg>MV</arg>
<arg>MW</arg>
<arg>MX</arg>
<arg>MY</arg>
<arg>MZ</arg>
<arg>NA</arg>
<arg>NC</arg>
<arg>NE</arg>
<arg>NF</arg>
<arg>NG</arg>
<arg>NI</arg>
<arg>NL</arg>
<arg>NO</arg>
<arg>NP</arg>
<arg>NR</arg>
<arg>NU</arg>
<arg>NZ</arg>
<arg>OM</arg>
<arg>PA</arg>
<arg>PE</arg>
<arg>PF</arg>
<arg>PG</arg>
<arg>PH</arg>
<arg>PK</arg>
<arg>PL</arg>
<arg>PM</arg>
<arg>PN</arg>
<arg>PR</arg>
<arg>PS</arg>
<arg>PT</arg>
<arg>PW</arg>
<arg>PY</arg>
<arg>QA</arg>
<arg>RE</arg>
<arg>RO</arg>
<arg>RS</arg>
<arg>RU</arg>
<arg>RW</arg>
<arg>SA</arg>
<arg>SB</arg>
<arg>SC</arg>
<arg>SD</arg>
<arg>SE</arg>
<arg>SG</arg>
<arg>SH</arg>
<arg>SI</arg>
<arg>SJ</arg>
<arg>SK</arg>
<arg>SL</arg>
<arg>SM</arg>
<arg>SN</arg>
<arg>SO</arg>
<arg>SR</arg>
<arg>SS</arg>
<arg>ST</arg>
<arg>SV</arg>
<arg>SX</arg>
<arg>SY</arg>
<arg>SZ</arg>
<arg>TC</arg>
<arg>TD</arg>
<arg>TF</arg>
<arg>TG</arg>
<arg>TH</arg>
<arg>TJ</arg>
<arg>TK</arg>
<arg>TL</arg>
<arg>TM</arg>
<arg>TN</arg>
<arg>TO</arg>
<arg>TR</arg>
<arg>TT</arg>
<arg>TV</arg>
<arg>TW</arg>
<arg>TZ</arg>
<arg>UA</arg>
<arg>UG</arg>
<arg>UM</arg>
<arg>US</arg>
<arg>UY</arg>
<arg>UZ</arg>
<arg>VA</arg>
<arg>VC</arg>
<arg>VE</arg>
<arg>VG</arg>
<arg>VI</arg>
<arg>VN</arg>
<arg>VU</arg>
<arg>WF</arg>
<arg>WS</arg>
<arg>XK</arg>
<arg>YE</arg>
<arg>YT</arg>
<arg>ZA</arg>
<arg>ZM</arg>
<arg>ZW</arg>
<doc>Returns a list containing given items.</doc>
<status status="PASS" start="2024-06-11T14:14:24.719311" elapsed="0.000628"/>
</kw>
<kw name="List Should Contain Value" owner="Collections">
<arg>${list_country}</arg>
<arg>${name_country}</arg>
<doc>Fails if the ``value`` is not found from ``list``.</doc>
<status status="PASS" start="2024-06-11T14:14:24.720737" elapsed="0.000231"/>
</kw>
<kw name="Run Keyword If" owner="BuiltIn">
<kw name="Should Be True" owner="BuiltIn">
<arg>${True}</arg>
<doc>Fails if the given condition is not true.</doc>
<status status="PASS" start="2024-06-11T14:14:24.722019" elapsed="0.000143"/>
</kw>
<arg>${json_data["results"][0]["location"]["coordinates"]["latitude"]} &gt;= -90 and ${json_data["results"][0]["location"]["coordinates"]["latitude"]} &lt;= 90</arg>
<arg>Should Be True</arg>
<arg>${True}</arg>
<doc>Runs the given keyword with the given arguments, if ``condition`` is true.</doc>
<status status="PASS" start="2024-06-11T14:14:24.721168" elapsed="0.001122"/>
</kw>
<kw name="Run Keyword If" owner="BuiltIn">
<kw name="Should Be True" owner="BuiltIn">
<arg>${True}</arg>
<doc>Fails if the given condition is not true.</doc>
<status status="PASS" start="2024-06-11T14:14:24.723166" elapsed="0.000139"/>
</kw>
<arg>${json_data["results"][0]["location"]["coordinates"]["longitude"]} &gt;= -180 and ${json_data["results"][0]["location"]["coordinates"]["longitude"]} &lt;= 180</arg>
<arg>Should Be True</arg>
<arg>${True}</arg>
<doc>Runs the given keyword with the given arguments, if ``condition`` is true.</doc>
<status status="PASS" start="2024-06-11T14:14:24.722474" elapsed="0.000955"/>
</kw>
<status status="PASS" start="2024-06-11T14:14:24.615578" elapsed="0.107982"/>
</kw>
<doc>Testa o conteúdo específico dos campos retornados pela API.</doc>
<tag>testeConteudo</tag>
<status status="PASS" start="2024-06-11T14:14:24.614920" elapsed="0.108785"/>
</test>
<status status="PASS" start="2024-06-11T14:14:23.708789" elapsed="1.016814"/>
</suite>
<status status="PASS" start="2024-06-11T14:14:23.695362" elapsed="1.035139"/>
</suite>
<statistics>
<total>
<stat pass="5" fail="0" skip="0">All Tests</stat>
</total>
<tag>
<stat pass="1" fail="0" skip="0">testeConteudo</stat>
<stat pass="1" fail="0" skip="0">testeEstruturaResposta</stat>
<stat pass="1" fail="0" skip="0">testeRequisicaoBasica</stat>
<stat pass="1" fail="0" skip="0">testeTiposDados</stat>
</tag>
<suite>
<stat pass="5" fail="0" skip="0" id="s1" name="Tests">Tests</stat>
<stat pass="5" fail="0" skip="0" id="s1-s1" name="Random-User-Test">Tests.Random-User-Test</stat>
</suite>
</statistics>
<errors>
</errors>
</robot>
