<?xml version="1.0" encoding="UTF-8"?>
<robot generator="Robot 7.0 (Python 3.12.3 on linux)" generated="2024-04-30T15:12:12.813018" rpa="false" schemaversion="5">
<suite id="s1" name="Tests" source="/home/runner/work/DesafioQAItauRogerioJordao/DesafioQAItauRogerioJordao/RamdonUser/tests">
<suite id="s1-s1" name="Random-User-Test" source="/home/runner/work/DesafioQAItauRogerioJordao/DesafioQAItauRogerioJordao/RamdonUser/tests/random-user-test.robot">
<test id="s1-s1-t1" name="Conectar" line="13">
<kw name="Conectar API" owner="random-user-service">
<kw name="Create Session" owner="RequestsLibrary">
<msg time="2024-04-30T15:12:13.182866" level="INFO">Creating Session using : alias=consultarAPI, url=https://randomuser.me/, headers={},                     cookies={}, auth=None, timeout=None, proxies=None, verify=False,                     debug=0 </msg>
<arg>consultarAPI</arg>
<arg>${URL}</arg>
<doc>Create Session: create a HTTP session to a server</doc>
<status status="PASS" start="2024-04-30T15:12:13.182657" elapsed="0.000398"/>
</kw>
<status status="PASS" start="2024-04-30T15:12:13.181644" elapsed="0.001783"/>
</kw>
<status status="PASS" start="2024-04-30T15:12:13.181026" elapsed="0.002601"/>
</test>
<test id="s1-s1-t2" name="Validar retorno 200 e JSON Válido" line="16">
<kw name="Teste de Requisicao Basica" owner="random-user-service">
<kw name="GET On Session" owner="RequestsLibrary">
<msg time="2024-04-30T15:12:13.424437" level="INFO">GET Request : url=https://randomuser.me/api 
 path_url=/api 
 headers={'User-Agent': 'python-requests/2.31.0', 'Accept-Encoding': 'gzip, deflate', 'Accept': '*/*', 'Connection': 'keep-alive'} 
 body=None 
 </msg>
<msg time="2024-04-30T15:12:13.424587" level="INFO">GET Response : url=https://randomuser.me/api 
 status=200, reason=OK 
 headers={'Date': 'Tue, 30 Apr 2024 15:12:13 GMT', 'Content-Type': 'application/json; charset=utf-8', 'Transfer-Encoding': 'chunked', 'Connection': 'keep-alive', 'X-Powered-By': 'Express', 'Access-Control-Allow-Origin': '*', 'Cache-Control': 'no-cache', 'ETag': 'W/"49f-ifmIdjhKS2T+AJsn/HJL74flv+U"', 'Vary': 'Accept-Encoding', 'Content-Encoding': 'gzip', 'CF-Cache-Status': 'DYNAMIC', 'Report-To': '{"endpoints":[{"url":"https:\\/\\/a.nel.cloudflare.com\\/report\\/v4?s=uIIm7QAJxOZHSweuPclh2M4rhy6mhRbGjRyswDlR75Onzp4kRYSWYspPUSQUjFjMqjA3HZSiTCITQNJe8JXbPob8hW2NyYTi1glQ%2BsAC4rhcQ8x1hAD130Q3xIavk8qc"}],"group":"cf-nel","max_age":604800}', 'NEL': '{"success_fraction":0,"report_to":"cf-nel","max_age":604800}', 'Server': 'cloudflare', 'CF-RAY': '87c87803bf6e9c70-IAD', 'alt-svc': 'h3=":443"; ma=86400'} 
 body={"results":[{"gender":"female","name":{"title":"Ms","first":"Lærke","last":"Kristensen"},"location":{"street":{"number":4321,"name":"Røllikevej"},"city":"København Ø","state":"Nordjylland","country":"Denmark","postcode":67475,"coordinates":{"latitude":"-41.0117","longitude":"146.9666"},"timezone":{"offset":"-5:00","description":"Eastern Time (US &amp; Canada), Bogota, Lima"}},"email":"laerke.kristensen@example.com","login":{"uuid":"96c46a79-a802-42cc-aebe-9ed6dc43ba8b","username":"tinylion943","password":"please1","salt":"IajjUWi6","md5":"3ef11ec7ff54cb593b2d71e483b35979","sha1":"ea683f8c0675ff2e4f7276e2f23ee7184d5ff3fa","sha256":"73b50e37c67a135108316df59df8930c289d61bedc95e0cbf6f1c1d54ff65355"},"dob":{"date":"1992-09-16T05:34:05.357Z","age":31},"registered":{"date":"2010-01-09T00:20:13.946Z","age":14},"phone":"72276567","cell":"27124714","id":{"name":"CPR","value":"160992-9725"},"picture":{"large":"https://randomuser.me/api/portraits/women/82.jpg","medium":"https://randomuser.me/api/portraits/med/women/82.jpg","thumbnail":"https://randomuser.me/api/portraits/thumb/women/82.jpg"},"nat":"DK"}],"info":{"seed":"474f29b7908cdb83","results":1,"page":1,"version":"1.4"}} 
 </msg>
<msg time="2024-04-30T15:12:13.424673" level="INFO">/opt/hostedtoolcache/Python/3.12.3/x64/lib/python3.12/site-packages/urllib3/connectionpool.py:1103: InsecureRequestWarning: Unverified HTTPS request is being made to host 'randomuser.me'. Adding certificate verification is strongly advised. See: https://urllib3.readthedocs.io/en/latest/advanced-usage.html#tls-warnings
  warnings.warn(</msg>
<msg time="2024-04-30T15:12:13.424824" level="INFO">${response} = &lt;Response [200]&gt;</msg>
<var>${response}</var>
<arg>consultarAPI</arg>
<arg>/api</arg>
<doc>Sends a GET request on a previously created HTTP Session.</doc>
<status status="PASS" start="2024-04-30T15:12:13.186273" elapsed="0.238593"/>
</kw>
<kw name="Should Be Equal As Numbers" owner="BuiltIn">
<msg time="2024-04-30T15:12:13.425922" level="INFO">Argument types are:
&lt;class 'int'&gt;
&lt;class 'str'&gt;</msg>
<arg>${response.status_code}</arg>
<arg>200</arg>
<doc>Fails if objects are unequal after converting them to real numbers.</doc>
<status status="PASS" start="2024-04-30T15:12:13.425438" elapsed="0.000552"/>
</kw>
<kw name="Log" owner="BuiltIn">
<msg time="2024-04-30T15:12:13.426689" level="INFO">200</msg>
<arg>${response.status_code}</arg>
<doc>Logs the given message with the given level.</doc>
<status status="PASS" start="2024-04-30T15:12:13.426332" elapsed="0.000400"/>
</kw>
<kw name="Set Variable" owner="BuiltIn">
<msg time="2024-04-30T15:12:13.427486" level="INFO">${json_data} = {'results': [{'gender': 'female', 'name': {'title': 'Ms', 'first': 'Lærke', 'last': 'Kristensen'}, 'location': {'street': {'number': 4321, 'name': 'Røllikevej'}, 'city': 'København Ø', 'state': 'Nordj...</msg>
<var>${json_data}</var>
<arg>${response.json()}</arg>
<doc>Returns the given values which can then be assigned to a variables.</doc>
<status status="PASS" start="2024-04-30T15:12:13.427035" elapsed="0.000482"/>
</kw>
<kw name="Dictionary Should Contain Key" owner="Collections">
<msg time="2024-04-30T15:12:13.427996" level="INFO">False</msg>
<arg>${json_data}</arg>
<arg>results</arg>
<doc>Fails if ``key`` is not found from ``dictionary``.</doc>
<status status="PASS" start="2024-04-30T15:12:13.427821" elapsed="0.000219"/>
</kw>
<status status="PASS" start="2024-04-30T15:12:13.186022" elapsed="0.242285"/>
</kw>
<doc>Testa se a API responde corretamente e retorna um objeto JSON válido.</doc>
<tag>testeRequisicaoBasica</tag>
<status status="PASS" start="2024-04-30T15:12:13.185561" elapsed="0.242936"/>
</test>
<test id="s1-s1-t3" name="Validar estrutura de resposta" line="22">
<kw name="Teste de Estrutura de Resposta" owner="random-user-service">
<kw name="GET On Session" owner="RequestsLibrary">
<msg time="2024-04-30T15:12:13.527125" level="INFO">GET Request : url=https://randomuser.me/api 
 path_url=/api 
 headers={'User-Agent': 'python-requests/2.31.0', 'Accept-Encoding': 'gzip, deflate', 'Accept': '*/*', 'Connection': 'keep-alive'} 
 body=None 
 </msg>
<msg time="2024-04-30T15:12:13.527232" level="INFO">GET Response : url=https://randomuser.me/api 
 status=200, reason=OK 
 headers={'Date': 'Tue, 30 Apr 2024 15:12:13 GMT', 'Content-Type': 'application/json; charset=utf-8', 'Transfer-Encoding': 'chunked', 'Connection': 'keep-alive', 'X-Powered-By': 'Express', 'Access-Control-Allow-Origin': '*', 'Cache-Control': 'no-cache', 'ETag': 'W/"49a-ppa1NDUy/DT1LGknGd5/vDllLw4"', 'Vary': 'Accept-Encoding', 'Content-Encoding': 'gzip', 'CF-Cache-Status': 'DYNAMIC', 'Report-To': '{"endpoints":[{"url":"https:\\/\\/a.nel.cloudflare.com\\/report\\/v4?s=X5EtlhNyLGuoQTaI6EV%2BWgW%2FAGURVUcEpyQyto2%2F8I3RKkWYLmtSNlJYdVz7clS%2BjM4rF2IfNsLYVO%2FrVZrodHDTI42LjT%2BNNSeU0ra64kViJacHztaNewElepsb0jJl"}],"group":"cf-nel","max_age":604800}', 'NEL': '{"success_fraction":0,"report_to":"cf-nel","max_age":604800}', 'Server': 'cloudflare', 'CF-RAY': '87c87803ffc49c70-IAD', 'alt-svc': 'h3=":443"; ma=86400'} 
 body={"results":[{"gender":"male","name":{"title":"Mr","first":"میلاد","last":"سلطانی نژاد"},"location":{"street":{"number":4967,"name":"سباری"},"city":"ساری","state":"بوشهر","country":"Iran","postcode":80086,"coordinates":{"latitude":"20.2098","longitude":"-51.2377"},"timezone":{"offset":"0:00","description":"Western Europe Time, London, Lisbon, Casablanca"}},"email":"myld.sltnynjd@example.com","login":{"uuid":"e567573c-a504-4dd4-ae42-0d9f043ada8f","username":"crazydog144","password":"testing","salt":"Otas22qP","md5":"e2ab1dce19d19fe97225daeae8944a2d","sha1":"0bf2aae30868c4ce63b8d5c494f055eac9a2395c","sha256":"bac4f12ed7c52875ca7275caed419709e21b31c5bf6eab4f24272bafc596ab8e"},"dob":{"date":"1993-12-06T02:02:13.579Z","age":30},"registered":{"date":"2013-09-12T19:12:07.935Z","age":10},"phone":"002-16865948","cell":"0927-128-8493","id":{"name":"","value":null},"picture":{"large":"https://randomuser.me/api/portraits/men/96.jpg","medium":"https://randomuser.me/api/portraits/med/men/96.jpg","thumbnail":"https://randomuser.me/api/portraits/thumb/men/96.jpg"},"nat":"IR"}],"info":{"seed":"2fe2874119c0e16c","results":1,"page":1,"version":"1.4"}} 
 </msg>
<msg time="2024-04-30T15:12:13.527366" level="INFO">/opt/hostedtoolcache/Python/3.12.3/x64/lib/python3.12/site-packages/urllib3/connectionpool.py:1103: InsecureRequestWarning: Unverified HTTPS request is being made to host 'randomuser.me'. Adding certificate verification is strongly advised. See: https://urllib3.readthedocs.io/en/latest/advanced-usage.html#tls-warnings
  warnings.warn(</msg>
<msg time="2024-04-30T15:12:13.527504" level="INFO">${response} = &lt;Response [200]&gt;</msg>
<var>${response}</var>
<arg>consultarAPI</arg>
<arg>/api</arg>
<doc>Sends a GET request on a previously created HTTP Session.</doc>
<status status="PASS" start="2024-04-30T15:12:13.431354" elapsed="0.096191"/>
</kw>
<kw name="Set Variable" owner="BuiltIn">
<msg time="2024-04-30T15:12:13.528759" level="INFO">${json_data} = {'results': [{'gender': 'male', 'name': {'title': 'Mr', 'first': 'میلاد', 'last': 'سلطانی نژاد'}, 'location': {'street': {'number': 4967, 'name': 'سباری'}, 'city': 'ساری', 'state': 'بوشهر', 'country':...</msg>
<var>${json_data}</var>
<arg>${response.json()}</arg>
<doc>Returns the given values which can then be assigned to a variables.</doc>
<status status="PASS" start="2024-04-30T15:12:13.528158" elapsed="0.000633"/>
</kw>
<kw name="Log" owner="BuiltIn">
<msg time="2024-04-30T15:12:13.529349" level="INFO">{'results': [{'gender': 'male', 'name': {'title': 'Mr', 'first': 'میلاد', 'last': 'سلطانی نژاد'}, 'location': {'street': {'number': 4967, 'name': 'سباری'}, 'city': 'ساری', 'state': 'بوشهر', 'country': 'Iran', 'postcode': 80086, 'coordinates': {'latitude': '20.2098', 'longitude': '-51.2377'}, 'timezone': {'offset': '0:00', 'description': 'Western Europe Time, London, Lisbon, Casablanca'}}, 'email': 'myld.sltnynjd@example.com', 'login': {'uuid': 'e567573c-a504-4dd4-ae42-0d9f043ada8f', 'username': 'crazydog144', 'password': 'testing', 'salt': 'Otas22qP', 'md5': 'e2ab1dce19d19fe97225daeae8944a2d', 'sha1': '0bf2aae30868c4ce63b8d5c494f055eac9a2395c', 'sha256': 'bac4f12ed7c52875ca7275caed419709e21b31c5bf6eab4f24272bafc596ab8e'}, 'dob': {'date': '1993-12-06T02:02:13.579Z', 'age': 30}, 'registered': {'date': '2013-09-12T19:12:07.935Z', 'age': 10}, 'phone': '002-16865948', 'cell': '0927-128-8493', 'id': {'name': '', 'value': None}, 'picture': {'large': 'https://randomuser.me/api/portraits/men/96.jpg', 'medium': 'https://randomuser.me/api/portraits/med/men/96.jpg', 'thumbnail': 'https://randomuser.me/api/portraits/thumb/men/96.jpg'}, 'nat': 'IR'}], 'info': {'seed': '2fe2874119c0e16c', 'results': 1, 'page': 1, 'version': '1.4'}}</msg>
<arg>${json_data}</arg>
<doc>Logs the given message with the given level.</doc>
<status status="PASS" start="2024-04-30T15:12:13.529168" elapsed="0.000235"/>
</kw>
<kw name="Dictionary Should Contain Key" owner="Collections">
<msg time="2024-04-30T15:12:13.529880" level="INFO">False</msg>
<arg>${json_data}</arg>
<arg>results</arg>
<doc>Fails if ``key`` is not found from ``dictionary``.</doc>
<status status="PASS" start="2024-04-30T15:12:13.529714" elapsed="0.000203"/>
</kw>
<kw name="Should Not Be Empty" owner="BuiltIn">
<msg time="2024-04-30T15:12:13.530352" level="INFO">Length is 2.</msg>
<arg>${json_data}</arg>
<doc>Verifies that the given item is not empty.</doc>
<status status="PASS" start="2024-04-30T15:12:13.530214" elapsed="0.000344"/>
</kw>
<kw name="Create List" owner="BuiltIn">
<msg time="2024-04-30T15:12:13.531008" level="INFO">${expected_keys} = ['gender', 'name', 'location', 'email', 'login']</msg>
<var>${expected_keys}</var>
<arg>gender</arg>
<arg>name</arg>
<arg>location</arg>
<arg>email</arg>
<arg>login</arg>
<doc>Returns a list containing given items.</doc>
<status status="PASS" start="2024-04-30T15:12:13.530860" elapsed="0.000172"/>
</kw>
<for flavor="IN">
<iter>
<kw name="Dictionary Should Contain Key" owner="Collections">
<msg time="2024-04-30T15:12:13.532050" level="INFO">False</msg>
<arg>${json_data['results'][0]}</arg>
<arg>${key}</arg>
<doc>Fails if ``key`` is not found from ``dictionary``.</doc>
<status status="PASS" start="2024-04-30T15:12:13.531640" elapsed="0.000460"/>
</kw>
<kw name="Log" owner="BuiltIn">
<msg time="2024-04-30T15:12:13.532783" level="INFO">{'gender': 'male', 'name': {'title': 'Mr', 'first': 'میلاد', 'last': 'سلطانی نژاد'}, 'location': {'street': {'number': 4967, 'name': 'سباری'}, 'city': 'ساری', 'state': 'بوشهر', 'country': 'Iran', 'postcode': 80086, 'coordinates': {'latitude': '20.2098', 'longitude': '-51.2377'}, 'timezone': {'offset': '0:00', 'description': 'Western Europe Time, London, Lisbon, Casablanca'}}, 'email': 'myld.sltnynjd@example.com', 'login': {'uuid': 'e567573c-a504-4dd4-ae42-0d9f043ada8f', 'username': 'crazydog144', 'password': 'testing', 'salt': 'Otas22qP', 'md5': 'e2ab1dce19d19fe97225daeae8944a2d', 'sha1': '0bf2aae30868c4ce63b8d5c494f055eac9a2395c', 'sha256': 'bac4f12ed7c52875ca7275caed419709e21b31c5bf6eab4f24272bafc596ab8e'}, 'dob': {'date': '1993-12-06T02:02:13.579Z', 'age': 30}, 'registered': {'date': '2013-09-12T19:12:07.935Z', 'age': 10}, 'phone': '002-16865948', 'cell': '0927-128-8493', 'id': {'name': '', 'value': None}, 'picture': {'large': 'https://randomuser.me/api/portraits/men/96.jpg', 'medium': 'https://randomuser.me/api/portraits/med/men/96.jpg', 'thumbnail': 'https://randomuser.me/api/portraits/thumb/men/96.jpg'}, 'nat': 'IR'}</msg>
<arg>${json_data['results'][0]}</arg>
<doc>Logs the given message with the given level.</doc>
<status status="PASS" start="2024-04-30T15:12:13.532411" elapsed="0.000424"/>
</kw>
<kw name="Log" owner="BuiltIn">
<msg time="2024-04-30T15:12:13.533292" level="INFO">gender</msg>
<arg>${key}</arg>
<doc>Logs the given message with the given level.</doc>
<status status="PASS" start="2024-04-30T15:12:13.533162" elapsed="0.000168"/>
</kw>
<var name="${key}">gender</var>
<status status="PASS" start="2024-04-30T15:12:13.531511" elapsed="0.002036"/>
</iter>
<iter>
<kw name="Dictionary Should Contain Key" owner="Collections">
<msg time="2024-04-30T15:12:13.534253" level="INFO">False</msg>
<arg>${json_data['results'][0]}</arg>
<arg>${key}</arg>
<doc>Fails if ``key`` is not found from ``dictionary``.</doc>
<status status="PASS" start="2024-04-30T15:12:13.533866" elapsed="0.000424"/>
</kw>
<kw name="Log" owner="BuiltIn">
<msg time="2024-04-30T15:12:13.534982" level="INFO">{'gender': 'male', 'name': {'title': 'Mr', 'first': 'میلاد', 'last': 'سلطانی نژاد'}, 'location': {'street': {'number': 4967, 'name': 'سباری'}, 'city': 'ساری', 'state': 'بوشهر', 'country': 'Iran', 'postcode': 80086, 'coordinates': {'latitude': '20.2098', 'longitude': '-51.2377'}, 'timezone': {'offset': '0:00', 'description': 'Western Europe Time, London, Lisbon, Casablanca'}}, 'email': 'myld.sltnynjd@example.com', 'login': {'uuid': 'e567573c-a504-4dd4-ae42-0d9f043ada8f', 'username': 'crazydog144', 'password': 'testing', 'salt': 'Otas22qP', 'md5': 'e2ab1dce19d19fe97225daeae8944a2d', 'sha1': '0bf2aae30868c4ce63b8d5c494f055eac9a2395c', 'sha256': 'bac4f12ed7c52875ca7275caed419709e21b31c5bf6eab4f24272bafc596ab8e'}, 'dob': {'date': '1993-12-06T02:02:13.579Z', 'age': 30}, 'registered': {'date': '2013-09-12T19:12:07.935Z', 'age': 10}, 'phone': '002-16865948', 'cell': '0927-128-8493', 'id': {'name': '', 'value': None}, 'picture': {'large': 'https://randomuser.me/api/portraits/men/96.jpg', 'medium': 'https://randomuser.me/api/portraits/med/men/96.jpg', 'thumbnail': 'https://randomuser.me/api/portraits/thumb/men/96.jpg'}, 'nat': 'IR'}</msg>
<arg>${json_data['results'][0]}</arg>
<doc>Logs the given message with the given level.</doc>
<status status="PASS" start="2024-04-30T15:12:13.534617" elapsed="0.000417"/>
</kw>
<kw name="Log" owner="BuiltIn">
<msg time="2024-04-30T15:12:13.535470" level="INFO">name</msg>
<arg>${key}</arg>
<doc>Logs the given message with the given level.</doc>
<status status="PASS" start="2024-04-30T15:12:13.535344" elapsed="0.000164"/>
</kw>
<var name="${key}">name</var>
<status status="PASS" start="2024-04-30T15:12:13.533749" elapsed="0.001972"/>
</iter>
<iter>
<kw name="Dictionary Should Contain Key" owner="Collections">
<msg time="2024-04-30T15:12:13.536404" level="INFO">False</msg>
<arg>${json_data['results'][0]}</arg>
<arg>${key}</arg>
<doc>Fails if ``key`` is not found from ``dictionary``.</doc>
<status status="PASS" start="2024-04-30T15:12:13.536012" elapsed="0.000430"/>
</kw>
<kw name="Log" owner="BuiltIn">
<msg time="2024-04-30T15:12:13.537134" level="INFO">{'gender': 'male', 'name': {'title': 'Mr', 'first': 'میلاد', 'last': 'سلطانی نژاد'}, 'location': {'street': {'number': 4967, 'name': 'سباری'}, 'city': 'ساری', 'state': 'بوشهر', 'country': 'Iran', 'postcode': 80086, 'coordinates': {'latitude': '20.2098', 'longitude': '-51.2377'}, 'timezone': {'offset': '0:00', 'description': 'Western Europe Time, London, Lisbon, Casablanca'}}, 'email': 'myld.sltnynjd@example.com', 'login': {'uuid': 'e567573c-a504-4dd4-ae42-0d9f043ada8f', 'username': 'crazydog144', 'password': 'testing', 'salt': 'Otas22qP', 'md5': 'e2ab1dce19d19fe97225daeae8944a2d', 'sha1': '0bf2aae30868c4ce63b8d5c494f055eac9a2395c', 'sha256': 'bac4f12ed7c52875ca7275caed419709e21b31c5bf6eab4f24272bafc596ab8e'}, 'dob': {'date': '1993-12-06T02:02:13.579Z', 'age': 30}, 'registered': {'date': '2013-09-12T19:12:07.935Z', 'age': 10}, 'phone': '002-16865948', 'cell': '0927-128-8493', 'id': {'name': '', 'value': None}, 'picture': {'large': 'https://randomuser.me/api/portraits/men/96.jpg', 'medium': 'https://randomuser.me/api/portraits/med/men/96.jpg', 'thumbnail': 'https://randomuser.me/api/portraits/thumb/men/96.jpg'}, 'nat': 'IR'}</msg>
<arg>${json_data['results'][0]}</arg>
<doc>Logs the given message with the given level.</doc>
<status status="PASS" start="2024-04-30T15:12:13.536742" elapsed="0.000445"/>
</kw>
<kw name="Log" owner="BuiltIn">
<msg time="2024-04-30T15:12:13.537614" level="INFO">location</msg>
<arg>${key}</arg>
<doc>Logs the given message with the given level.</doc>
<status status="PASS" start="2024-04-30T15:12:13.537487" elapsed="0.000174"/>
</kw>
<var name="${key}">location</var>
<status status="PASS" start="2024-04-30T15:12:13.535899" elapsed="0.001977"/>
</iter>
<iter>
<kw name="Dictionary Should Contain Key" owner="Collections">
<msg time="2024-04-30T15:12:13.538554" level="INFO">False</msg>
<arg>${json_data['results'][0]}</arg>
<arg>${key}</arg>
<doc>Fails if ``key`` is not found from ``dictionary``.</doc>
<status status="PASS" start="2024-04-30T15:12:13.538169" elapsed="0.000424"/>
</kw>
<kw name="Log" owner="BuiltIn">
<msg time="2024-04-30T15:12:13.539258" level="INFO">{'gender': 'male', 'name': {'title': 'Mr', 'first': 'میلاد', 'last': 'سلطانی نژاد'}, 'location': {'street': {'number': 4967, 'name': 'سباری'}, 'city': 'ساری', 'state': 'بوشهر', 'country': 'Iran', 'postcode': 80086, 'coordinates': {'latitude': '20.2098', 'longitude': '-51.2377'}, 'timezone': {'offset': '0:00', 'description': 'Western Europe Time, London, Lisbon, Casablanca'}}, 'email': 'myld.sltnynjd@example.com', 'login': {'uuid': 'e567573c-a504-4dd4-ae42-0d9f043ada8f', 'username': 'crazydog144', 'password': 'testing', 'salt': 'Otas22qP', 'md5': 'e2ab1dce19d19fe97225daeae8944a2d', 'sha1': '0bf2aae30868c4ce63b8d5c494f055eac9a2395c', 'sha256': 'bac4f12ed7c52875ca7275caed419709e21b31c5bf6eab4f24272bafc596ab8e'}, 'dob': {'date': '1993-12-06T02:02:13.579Z', 'age': 30}, 'registered': {'date': '2013-09-12T19:12:07.935Z', 'age': 10}, 'phone': '002-16865948', 'cell': '0927-128-8493', 'id': {'name': '', 'value': None}, 'picture': {'large': 'https://randomuser.me/api/portraits/men/96.jpg', 'medium': 'https://randomuser.me/api/portraits/med/men/96.jpg', 'thumbnail': 'https://randomuser.me/api/portraits/thumb/men/96.jpg'}, 'nat': 'IR'}</msg>
<arg>${json_data['results'][0]}</arg>
<doc>Logs the given message with the given level.</doc>
<status status="PASS" start="2024-04-30T15:12:13.538890" elapsed="0.000418"/>
</kw>
<kw name="Log" owner="BuiltIn">
<msg time="2024-04-30T15:12:13.539729" level="INFO">email</msg>
<arg>${key}</arg>
<doc>Logs the given message with the given level.</doc>
<status status="PASS" start="2024-04-30T15:12:13.539602" elapsed="0.000165"/>
</kw>
<var name="${key}">email</var>
<status status="PASS" start="2024-04-30T15:12:13.538056" elapsed="0.001934"/>
</iter>
<iter>
<kw name="Dictionary Should Contain Key" owner="Collections">
<msg time="2024-04-30T15:12:13.540652" level="INFO">False</msg>
<arg>${json_data['results'][0]}</arg>
<arg>${key}</arg>
<doc>Fails if ``key`` is not found from ``dictionary``.</doc>
<status status="PASS" start="2024-04-30T15:12:13.540272" elapsed="0.000418"/>
</kw>
<kw name="Log" owner="BuiltIn">
<msg time="2024-04-30T15:12:13.541386" level="INFO">{'gender': 'male', 'name': {'title': 'Mr', 'first': 'میلاد', 'last': 'سلطانی نژاد'}, 'location': {'street': {'number': 4967, 'name': 'سباری'}, 'city': 'ساری', 'state': 'بوشهر', 'country': 'Iran', 'postcode': 80086, 'coordinates': {'latitude': '20.2098', 'longitude': '-51.2377'}, 'timezone': {'offset': '0:00', 'description': 'Western Europe Time, London, Lisbon, Casablanca'}}, 'email': 'myld.sltnynjd@example.com', 'login': {'uuid': 'e567573c-a504-4dd4-ae42-0d9f043ada8f', 'username': 'crazydog144', 'password': 'testing', 'salt': 'Otas22qP', 'md5': 'e2ab1dce19d19fe97225daeae8944a2d', 'sha1': '0bf2aae30868c4ce63b8d5c494f055eac9a2395c', 'sha256': 'bac4f12ed7c52875ca7275caed419709e21b31c5bf6eab4f24272bafc596ab8e'}, 'dob': {'date': '1993-12-06T02:02:13.579Z', 'age': 30}, 'registered': {'date': '2013-09-12T19:12:07.935Z', 'age': 10}, 'phone': '002-16865948', 'cell': '0927-128-8493', 'id': {'name': '', 'value': None}, 'picture': {'large': 'https://randomuser.me/api/portraits/men/96.jpg', 'medium': 'https://randomuser.me/api/portraits/med/men/96.jpg', 'thumbnail': 'https://randomuser.me/api/portraits/thumb/men/96.jpg'}, 'nat': 'IR'}</msg>
<arg>${json_data['results'][0]}</arg>
<doc>Logs the given message with the given level.</doc>
<status status="PASS" start="2024-04-30T15:12:13.540980" elapsed="0.000457"/>
</kw>
<kw name="Log" owner="BuiltIn">
<msg time="2024-04-30T15:12:13.541872" level="INFO">login</msg>
<arg>${key}</arg>
<doc>Logs the given message with the given level.</doc>
<status status="PASS" start="2024-04-30T15:12:13.541742" elapsed="0.000193"/>
</kw>
<var name="${key}">login</var>
<status status="PASS" start="2024-04-30T15:12:13.540161" elapsed="0.002060"/>
</iter>
<var>${key}</var>
<value>@{expected_keys}</value>
<status status="PASS" start="2024-04-30T15:12:13.531301" elapsed="0.011046"/>
</for>
<kw name="Create List" owner="BuiltIn">
<msg time="2024-04-30T15:12:13.542685" level="INFO">${expected_keysTwo} = ['username', 'password']</msg>
<var>${expected_keysTwo}</var>
<arg>username</arg>
<arg>password</arg>
<doc>Returns a list containing given items.</doc>
<status status="PASS" start="2024-04-30T15:12:13.542545" elapsed="0.000164"/>
</kw>
<for flavor="IN">
<iter>
<kw name="Dictionary Should Contain Key" owner="Collections">
<msg time="2024-04-30T15:12:13.543618" level="INFO">False</msg>
<arg>${json_data['results'][0]['login']}</arg>
<arg>${keyTwo}</arg>
<doc>Fails if ``key`` is not found from ``dictionary``.</doc>
<status status="PASS" start="2024-04-30T15:12:13.543229" elapsed="0.000426"/>
</kw>
<kw name="Dictionary Should Contain Key" owner="Collections">
<msg time="2024-04-30T15:12:13.544334" level="INFO">False</msg>
<arg>${json_data['results'][0]['login']}</arg>
<arg>${keyTwo}</arg>
<doc>Fails if ``key`` is not found from ``dictionary``.</doc>
<status status="PASS" start="2024-04-30T15:12:13.543948" elapsed="0.000424"/>
</kw>
<kw name="Log" owner="BuiltIn">
<msg time="2024-04-30T15:12:13.544793" level="INFO">username</msg>
<arg>${keyTwo}</arg>
<doc>Logs the given message with the given level.</doc>
<status status="PASS" start="2024-04-30T15:12:13.544666" elapsed="0.000170"/>
</kw>
<var name="${keyTwo}">username</var>
<status status="PASS" start="2024-04-30T15:12:13.543118" elapsed="0.001933"/>
</iter>
<iter>
<kw name="Dictionary Should Contain Key" owner="Collections">
<msg time="2024-04-30T15:12:13.545839" level="INFO">False</msg>
<arg>${json_data['results'][0]['login']}</arg>
<arg>${keyTwo}</arg>
<doc>Fails if ``key`` is not found from ``dictionary``.</doc>
<status status="PASS" start="2024-04-30T15:12:13.545364" elapsed="0.000516"/>
</kw>
<kw name="Dictionary Should Contain Key" owner="Collections">
<msg time="2024-04-30T15:12:13.546610" level="INFO">False</msg>
<arg>${json_data['results'][0]['login']}</arg>
<arg>${keyTwo}</arg>
<doc>Fails if ``key`` is not found from ``dictionary``.</doc>
<status status="PASS" start="2024-04-30T15:12:13.546222" elapsed="0.000426"/>
</kw>
<kw name="Log" owner="BuiltIn">
<msg time="2024-04-30T15:12:13.547075" level="INFO">password</msg>
<arg>${keyTwo}</arg>
<doc>Logs the given message with the given level.</doc>
<status status="PASS" start="2024-04-30T15:12:13.546948" elapsed="0.000165"/>
</kw>
<var name="${keyTwo}">password</var>
<status status="PASS" start="2024-04-30T15:12:13.545254" elapsed="0.002072"/>
</iter>
<var>${keyTwo}</var>
<value>@{expected_keysTwo}</value>
<status status="PASS" start="2024-04-30T15:12:13.542949" elapsed="0.004496"/>
</for>
<status status="PASS" start="2024-04-30T15:12:13.431106" elapsed="0.116481"/>
</kw>
<doc>Testa a estrutura da resposta da API.</doc>
<tag>testeEstruturaResposta</tag>
<status status="PASS" start="2024-04-30T15:12:13.430438" elapsed="0.117308"/>
</test>
<test id="s1-s1-t4" name="Validar tipos de dados" line="28">
<kw name="Teste de Tipos de Dados" owner="random-user-service">
<kw name="GET On Session" owner="RequestsLibrary">
<msg time="2024-04-30T15:12:13.626898" level="INFO">GET Request : url=https://randomuser.me/api 
 path_url=/api 
 headers={'User-Agent': 'python-requests/2.31.0', 'Accept-Encoding': 'gzip, deflate', 'Accept': '*/*', 'Connection': 'keep-alive'} 
 body=None 
 </msg>
<msg time="2024-04-30T15:12:13.626979" level="INFO">GET Response : url=https://randomuser.me/api 
 status=200, reason=OK 
 headers={'Date': 'Tue, 30 Apr 2024 15:12:13 GMT', 'Content-Type': 'application/json; charset=utf-8', 'Transfer-Encoding': 'chunked', 'Connection': 'keep-alive', 'X-Powered-By': 'Express', 'Access-Control-Allow-Origin': '*', 'Cache-Control': 'no-cache', 'ETag': 'W/"486-NnpLan16Ie00XneyUuJ35Lap3Es"', 'Vary': 'Accept-Encoding', 'Content-Encoding': 'gzip', 'CF-Cache-Status': 'DYNAMIC', 'Report-To': '{"endpoints":[{"url":"https:\\/\\/a.nel.cloudflare.com\\/report\\/v4?s=4XezqvrgMf9sHQjFbDMK%2F8FhCXCHVPTCQ3mb677RDNbpq1iHS1EW3roN4CmFdsh58xE3xn0RSzBYK3WGoHIpe6rnUn%2BB3AQDwW8Qet37pP%2Ba2UCzzs1hGF03E%2BVGosSi"}],"group":"cf-nel","max_age":604800}', 'NEL': '{"success_fraction":0,"report_to":"cf-nel","max_age":604800}', 'Server': 'cloudflare', 'CF-RAY': '87c87804b8ba9c70-IAD', 'alt-svc': 'h3=":443"; ma=86400'} 
 body={"results":[{"gender":"female","name":{"title":"Mrs","first":"Camila","last":"Morris"},"location":{"street":{"number":2915,"name":"Shady Ln Dr"},"city":"Bozeman","state":"Iowa","country":"United States","postcode":45369,"coordinates":{"latitude":"81.7093","longitude":"30.4765"},"timezone":{"offset":"-12:00","description":"Eniwetok, Kwajalein"}},"email":"camila.morris@example.com","login":{"uuid":"29a04b14-624c-47e5-ae96-4a9c81703d30","username":"happyfish674","password":"market","salt":"jqUD4vA6","md5":"ab8ae12033e76eabf6f09a7ffef5dfbd","sha1":"31e9499e84293aad22f4b0f14ef3227aa4bc1fc4","sha256":"0851c36e6d3b659b9b8aacd9935422c7faff58415077de5d8604d52ec0ed8351"},"dob":{"date":"1977-03-18T19:00:33.359Z","age":47},"registered":{"date":"2018-03-26T23:31:57.753Z","age":6},"phone":"(240) 382-0759","cell":"(865) 639-7068","id":{"name":"SSN","value":"865-84-6999"},"picture":{"large":"https://randomuser.me/api/portraits/women/52.jpg","medium":"https://randomuser.me/api/portraits/med/women/52.jpg","thumbnail":"https://randomuser.me/api/portraits/thumb/women/52.jpg"},"nat":"US"}],"info":{"seed":"456e4db7cf6b8535","results":1,"page":1,"version":"1.4"}} 
 </msg>
<msg time="2024-04-30T15:12:13.627044" level="INFO">/opt/hostedtoolcache/Python/3.12.3/x64/lib/python3.12/site-packages/urllib3/connectionpool.py:1103: InsecureRequestWarning: Unverified HTTPS request is being made to host 'randomuser.me'. Adding certificate verification is strongly advised. See: https://urllib3.readthedocs.io/en/latest/advanced-usage.html#tls-warnings
  warnings.warn(</msg>
<msg time="2024-04-30T15:12:13.627162" level="INFO">${response} = &lt;Response [200]&gt;</msg>
<var>${response}</var>
<arg>consultarAPI</arg>
<arg>/api</arg>
<doc>Sends a GET request on a previously created HTTP Session.</doc>
<status status="PASS" start="2024-04-30T15:12:13.550390" elapsed="0.076817"/>
</kw>
<kw name="Set Variable" owner="BuiltIn">
<msg time="2024-04-30T15:12:13.628289" level="INFO">${json_data} = {'results': [{'gender': 'female', 'name': {'title': 'Mrs', 'first': 'Camila', 'last': 'Morris'}, 'location': {'street': {'number': 2915, 'name': 'Shady Ln Dr'}, 'city': 'Bozeman', 'state': 'Iowa', 'co...</msg>
<var>${json_data}</var>
<arg>${response.json()}</arg>
<doc>Returns the given values which can then be assigned to a variables.</doc>
<status status="PASS" start="2024-04-30T15:12:13.627746" elapsed="0.000571"/>
</kw>
<kw name="Log" owner="BuiltIn">
<msg time="2024-04-30T15:12:13.628791" level="INFO">{'results': [{'gender': 'female', 'name': {'title': 'Mrs', 'first': 'Camila', 'last': 'Morris'}, 'location': {'street': {'number': 2915, 'name': 'Shady Ln Dr'}, 'city': 'Bozeman', 'state': 'Iowa', 'country': 'United States', 'postcode': 45369, 'coordinates': {'latitude': '81.7093', 'longitude': '30.4765'}, 'timezone': {'offset': '-12:00', 'description': 'Eniwetok, Kwajalein'}}, 'email': 'camila.morris@example.com', 'login': {'uuid': '29a04b14-624c-47e5-ae96-4a9c81703d30', 'username': 'happyfish674', 'password': 'market', 'salt': 'jqUD4vA6', 'md5': 'ab8ae12033e76eabf6f09a7ffef5dfbd', 'sha1': '31e9499e84293aad22f4b0f14ef3227aa4bc1fc4', 'sha256': '0851c36e6d3b659b9b8aacd9935422c7faff58415077de5d8604d52ec0ed8351'}, 'dob': {'date': '1977-03-18T19:00:33.359Z', 'age': 47}, 'registered': {'date': '2018-03-26T23:31:57.753Z', 'age': 6}, 'phone': '(240) 382-0759', 'cell': '(865) 639-7068', 'id': {'name': 'SSN', 'value': '865-84-6999'}, 'picture': {'large': 'https://randomuser.me/api/portraits/women/52.jpg', 'medium': 'https://randomuser.me/api/portraits/med/women/52.jpg', 'thumbnail': 'https://randomuser.me/api/portraits/thumb/women/52.jpg'}, 'nat': 'US'}], 'info': {'seed': '456e4db7cf6b8535', 'results': 1, 'page': 1, 'version': '1.4'}}</msg>
<arg>${json_data}</arg>
<doc>Logs the given message with the given level.</doc>
<status status="PASS" start="2024-04-30T15:12:13.628634" elapsed="0.000239"/>
</kw>
<kw name="Should Be String" owner="String">
<arg>${json_data['results'][0]['gender']}</arg>
<doc>Fails if the given ``item`` is not a string.</doc>
<status status="PASS" start="2024-04-30T15:12:13.629208" elapsed="0.000424"/>
</kw>
<kw name="Should Match Regexp" owner="BuiltIn">
<arg>${json_data['results'][0]['email']}</arg>
<arg>^[a-zA-Z0-9._%+-]+@[a-zA-Z0-9.-]+\.[a-zA-Z]{2,}$</arg>
<doc>Fails if ``string`` does not match ``pattern`` as a regular expression.</doc>
<status status="PASS" start="2024-04-30T15:12:13.629827" elapsed="0.000525"/>
</kw>
<kw name="Should Match Regexp" owner="BuiltIn">
<arg>${json_data['results'][0]['dob']['date']}</arg>
<arg>\\d{4}-\\d{2}-\\d{2}T\\d{2}:\\d{2}:\\d{2}\\.\\d{3}Z</arg>
<doc>Fails if ``string`` does not match ``pattern`` as a regular expression.</doc>
<status status="PASS" start="2024-04-30T15:12:13.630548" elapsed="0.000498"/>
</kw>
<kw name="Should Match Regexp" owner="BuiltIn">
<arg>${json_data['results'][0]['registered']['date']}</arg>
<arg>\\d{4}-\\d{2}-\\d{2}T\\d{2}:\\d{2}:\\d{2}\\.\\d{3}Z</arg>
<doc>Fails if ``string`` does not match ``pattern`` as a regular expression.</doc>
<status status="PASS" start="2024-04-30T15:12:13.631237" elapsed="0.000371"/>
</kw>
<kw name="Should Match Regexp" owner="BuiltIn">
<arg>${json_data['results'][0]['picture']['large']}</arg>
<arg>^https?://.*\.(?:png|jpe?g|gif|bmp)$</arg>
<doc>Fails if ``string`` does not match ``pattern`` as a regular expression.</doc>
<status status="PASS" start="2024-04-30T15:12:13.631793" elapsed="0.000464"/>
</kw>
<kw name="Should Match Regexp" owner="BuiltIn">
<arg>${json_data['results'][0]['picture']['medium']}</arg>
<arg>^https?://.*\.(?:png|jpe?g|gif|bmp)$</arg>
<doc>Fails if ``string`` does not match ``pattern`` as a regular expression.</doc>
<status status="PASS" start="2024-04-30T15:12:13.632444" elapsed="0.000364"/>
</kw>
<kw name="Should Match Regexp" owner="BuiltIn">
<arg>${json_data['results'][0]['picture']['thumbnail']}</arg>
<arg>^https?://.*\.(?:png|jpe?g|gif|bmp)$</arg>
<doc>Fails if ``string`` does not match ``pattern`` as a regular expression.</doc>
<status status="PASS" start="2024-04-30T15:12:13.632996" elapsed="0.000385"/>
</kw>
<kw name="Log" owner="BuiltIn">
<msg time="2024-04-30T15:12:13.633918" level="INFO">{'large': 'https://randomuser.me/api/portraits/women/52.jpg', 'medium': 'https://randomuser.me/api/portraits/med/women/52.jpg', 'thumbnail': 'https://randomuser.me/api/portraits/thumb/women/52.jpg'}</msg>
<arg>${json_data['results'][0]['picture']}</arg>
<doc>Logs the given message with the given level.</doc>
<status status="PASS" start="2024-04-30T15:12:13.633561" elapsed="0.000408"/>
</kw>
<status status="PASS" start="2024-04-30T15:12:13.550158" elapsed="0.084101"/>
</kw>
<kw name="Teste de Tipos de Dados - Postcode" owner="random-user-service">
<kw name="GET On Session" owner="RequestsLibrary">
<msg time="2024-04-30T15:12:13.726161" level="INFO">GET Request : url=https://randomuser.me/api 
 path_url=/api 
 headers={'User-Agent': 'python-requests/2.31.0', 'Accept-Encoding': 'gzip, deflate', 'Accept': '*/*', 'Connection': 'keep-alive'} 
 body=None 
 </msg>
<msg time="2024-04-30T15:12:13.726266" level="INFO">GET Response : url=https://randomuser.me/api 
 status=200, reason=OK 
 headers={'Date': 'Tue, 30 Apr 2024 15:12:13 GMT', 'Content-Type': 'application/json; charset=utf-8', 'Transfer-Encoding': 'chunked', 'Connection': 'keep-alive', 'X-Powered-By': 'Express', 'Access-Control-Allow-Origin': '*', 'Cache-Control': 'no-cache', 'ETag': 'W/"466-j5XhnA1KmNB+a7lpK0mRL913wY8"', 'Vary': 'Accept-Encoding', 'Content-Encoding': 'gzip', 'CF-Cache-Status': 'DYNAMIC', 'Report-To': '{"endpoints":[{"url":"https:\\/\\/a.nel.cloudflare.com\\/report\\/v4?s=a7BjOZMq6fGvMoYNJnSORNdbCQUnDWXxasHHmoi1eRH77kjFs54HqkwZFK4W%2Bnyvh18gQZcVoeVVLT5VDRTwZKU5WoOJ%2BUGORk7jH0mRwgU9pV8MiAjoo3SAZID68B5L"}],"group":"cf-nel","max_age":604800}', 'NEL': '{"success_fraction":0,"report_to":"cf-nel","max_age":604800}', 'Server': 'cloudflare', 'CF-RAY': '87c8780539719c70-IAD', 'alt-svc': 'h3=":443"; ma=86400'} 
 body={"results":[{"gender":"male","name":{"title":"Mr","first":"Turbog","last":"Roshko"},"location":{"street":{"number":6950,"name":"Dzheymsa Meysa"},"city":"Kadiyivka","state":"Sumska","country":"Ukraine","postcode":62408,"coordinates":{"latitude":"75.4314","longitude":"-56.7349"},"timezone":{"offset":"-9:00","description":"Alaska"}},"email":"turbog.roshko@example.com","login":{"uuid":"eb1b86b9-7e65-434a-8349-48404b142072","username":"crazylion327","password":"chevrolet","salt":"D3ywntNd","md5":"2370913f533ef8de8ba0e6bd1b827351","sha1":"ae1260d876d3f67344b114f340521e73a96a60ab","sha256":"b1d92e93f777603786b11595eed08608a2c50e32f8303296caf60e2f997c8b6c"},"dob":{"date":"1974-10-12T08:30:19.217Z","age":49},"registered":{"date":"2007-05-22T10:57:16.661Z","age":16},"phone":"(067) S02-1041","cell":"(067) A01-0138","id":{"name":"","value":null},"picture":{"large":"https://randomuser.me/api/portraits/men/0.jpg","medium":"https://randomuser.me/api/portraits/med/men/0.jpg","thumbnail":"https://randomuser.me/api/portraits/thumb/men/0.jpg"},"nat":"UA"}],"info":{"seed":"297090e3a4d8d15c","results":1,"page":1,"version":"1.4"}} 
 </msg>
<msg time="2024-04-30T15:12:13.726346" level="INFO">/opt/hostedtoolcache/Python/3.12.3/x64/lib/python3.12/site-packages/urllib3/connectionpool.py:1103: InsecureRequestWarning: Unverified HTTPS request is being made to host 'randomuser.me'. Adding certificate verification is strongly advised. See: https://urllib3.readthedocs.io/en/latest/advanced-usage.html#tls-warnings
  warnings.warn(</msg>
<msg time="2024-04-30T15:12:13.726490" level="INFO">${response} = &lt;Response [200]&gt;</msg>
<var>${response}</var>
<arg>consultarAPI</arg>
<arg>/api</arg>
<doc>Sends a GET request on a previously created HTTP Session.</doc>
<status status="PASS" start="2024-04-30T15:12:13.634761" elapsed="0.091777"/>
</kw>
<kw name="Set Variable" owner="BuiltIn">
<msg time="2024-04-30T15:12:13.727745" level="INFO">${json_data} = {'results': [{'gender': 'male', 'name': {'title': 'Mr', 'first': 'Turbog', 'last': 'Roshko'}, 'location': {'street': {'number': 6950, 'name': 'Dzheymsa Meysa'}, 'city': 'Kadiyivka', 'state': 'Sumska',...</msg>
<var>${json_data}</var>
<arg>${response.json()}</arg>
<doc>Returns the given values which can then be assigned to a variables.</doc>
<status status="PASS" start="2024-04-30T15:12:13.727145" elapsed="0.000627"/>
</kw>
<kw name="Log" owner="BuiltIn">
<msg time="2024-04-30T15:12:13.728322" level="INFO">{'results': [{'gender': 'male', 'name': {'title': 'Mr', 'first': 'Turbog', 'last': 'Roshko'}, 'location': {'street': {'number': 6950, 'name': 'Dzheymsa Meysa'}, 'city': 'Kadiyivka', 'state': 'Sumska', 'country': 'Ukraine', 'postcode': 62408, 'coordinates': {'latitude': '75.4314', 'longitude': '-56.7349'}, 'timezone': {'offset': '-9:00', 'description': 'Alaska'}}, 'email': 'turbog.roshko@example.com', 'login': {'uuid': 'eb1b86b9-7e65-434a-8349-48404b142072', 'username': 'crazylion327', 'password': 'chevrolet', 'salt': 'D3ywntNd', 'md5': '2370913f533ef8de8ba0e6bd1b827351', 'sha1': 'ae1260d876d3f67344b114f340521e73a96a60ab', 'sha256': 'b1d92e93f777603786b11595eed08608a2c50e32f8303296caf60e2f997c8b6c'}, 'dob': {'date': '1974-10-12T08:30:19.217Z', 'age': 49}, 'registered': {'date': '2007-05-22T10:57:16.661Z', 'age': 16}, 'phone': '(067) S02-1041', 'cell': '(067) A01-0138', 'id': {'name': '', 'value': None}, 'picture': {'large': 'https://randomuser.me/api/portraits/men/0.jpg', 'medium': 'https://randomuser.me/api/portraits/med/men/0.jpg', 'thumbnail': 'https://randomuser.me/api/portraits/thumb/men/0.jpg'}, 'nat': 'UA'}], 'info': {'seed': '297090e3a4d8d15c', 'results': 1, 'page': 1, 'version': '1.4'}}</msg>
<arg>${json_data}</arg>
<doc>Logs the given message with the given level.</doc>
<status status="PASS" start="2024-04-30T15:12:13.728149" elapsed="0.000257"/>
</kw>
<kw name="Should Be Equal As Numbers" owner="BuiltIn">
<arg>${json_data['results'][0]['location']['postcode']}</arg>
<arg>${json_data['results'][0]['location']['postcode']}</arg>
<doc>Fails if objects are unequal after converting them to real numbers.</doc>
<status status="PASS" start="2024-04-30T15:12:13.728922" elapsed="0.000696"/>
</kw>
<kw name="Log" owner="BuiltIn">
<msg time="2024-04-30T15:12:13.730158" level="INFO">62408</msg>
<arg>${json_data['results'][0]['location']['postcode']}</arg>
<doc>Logs the given message with the given level.</doc>
<status status="PASS" start="2024-04-30T15:12:13.729819" elapsed="0.000379"/>
</kw>
<status status="PASS" start="2024-04-30T15:12:13.634521" elapsed="0.095938"/>
</kw>
<doc>Testa se os tipos de dados na resposta da API estão corretos.</doc>
<tag>testeTiposDados</tag>
<status status="PASS" start="2024-04-30T15:12:13.549605" elapsed="0.181031"/>
</test>
<test id="s1-s1-t5" name="Validar conteudo" line="35">
<kw name="Teste de Tipos de Conteudo" owner="random-user-service">
<kw name="GET On Session" owner="RequestsLibrary">
<msg time="2024-04-30T15:12:13.832226" level="INFO">GET Request : url=https://randomuser.me/api 
 path_url=/api 
 headers={'User-Agent': 'python-requests/2.31.0', 'Accept-Encoding': 'gzip, deflate', 'Accept': '*/*', 'Connection': 'keep-alive'} 
 body=None 
 </msg>
<msg time="2024-04-30T15:12:13.832325" level="INFO">GET Response : url=https://randomuser.me/api 
 status=200, reason=OK 
 headers={'Date': 'Tue, 30 Apr 2024 15:12:13 GMT', 'Content-Type': 'application/json; charset=utf-8', 'Transfer-Encoding': 'chunked', 'Connection': 'keep-alive', 'X-Powered-By': 'Express', 'Access-Control-Allow-Origin': '*', 'Cache-Control': 'no-cache', 'ETag': 'W/"478-us5irxlkpnPtHxnbz/36MggFi5M"', 'Vary': 'Accept-Encoding', 'Content-Encoding': 'gzip', 'CF-Cache-Status': 'DYNAMIC', 'Report-To': '{"endpoints":[{"url":"https:\\/\\/a.nel.cloudflare.com\\/report\\/v4?s=MJi%2B%2BS0abtTor2uUdYQVoAXKUn5elshnBgc1N0u8jwkpJsXnh3wYw%2BiHMEBDIYe2yPPc6hfpPfwRZnDnBKqb2fRcXbM%2BI27F3tdFmY3Tqz7cWeNWx5hRsk5j4%2BVH0MKg"}],"group":"cf-nel","max_age":604800}', 'NEL': '{"success_fraction":0,"report_to":"cf-nel","max_age":604800}', 'Server': 'cloudflare', 'CF-RAY': '87c87805da379c70-IAD', 'alt-svc': 'h3=":443"; ma=86400'} 
 body={"results":[{"gender":"male","name":{"title":"Mr","first":"Albert","last":"Miles"},"location":{"street":{"number":9590,"name":"Rookery Road"},"city":"Roscommon","state":"Leitrim","country":"Ireland","postcode":26747,"coordinates":{"latitude":"2.7024","longitude":"-33.8381"},"timezone":{"offset":"+2:00","description":"Kaliningrad, South Africa"}},"email":"albert.miles@example.com","login":{"uuid":"098fbc82-4d1f-44b6-80de-212541a2a90f","username":"smallwolf219","password":"5329","salt":"pZh0qRAr","md5":"315e1d9c9016226228259f1c09f18298","sha1":"5a06cd403f2d5f2ad6a0b9f964230eb67df18d5d","sha256":"157a494916ae06be0f308c120c9e3c824aa8a9594c379cea0b4a08b612591ef1"},"dob":{"date":"1951-09-26T10:22:17.076Z","age":72},"registered":{"date":"2005-11-03T17:05:50.746Z","age":18},"phone":"021-061-6509","cell":"081-167-1027","id":{"name":"PPS","value":"5511870T"},"picture":{"large":"https://randomuser.me/api/portraits/men/33.jpg","medium":"https://randomuser.me/api/portraits/med/men/33.jpg","thumbnail":"https://randomuser.me/api/portraits/thumb/men/33.jpg"},"nat":"IE"}],"info":{"seed":"dbfd8bc8343b461f","results":1,"page":1,"version":"1.4"}} 
 </msg>
<msg time="2024-04-30T15:12:13.832396" level="INFO">/opt/hostedtoolcache/Python/3.12.3/x64/lib/python3.12/site-packages/urllib3/connectionpool.py:1103: InsecureRequestWarning: Unverified HTTPS request is being made to host 'randomuser.me'. Adding certificate verification is strongly advised. See: https://urllib3.readthedocs.io/en/latest/advanced-usage.html#tls-warnings
  warnings.warn(</msg>
<msg time="2024-04-30T15:12:13.832525" level="INFO">${response} = &lt;Response [200]&gt;</msg>
<var>${response}</var>
<arg>consultarAPI</arg>
<arg>/api</arg>
<doc>Sends a GET request on a previously created HTTP Session.</doc>
<status status="PASS" start="2024-04-30T15:12:13.733268" elapsed="0.099297"/>
</kw>
<kw name="Set Variable" owner="BuiltIn">
<msg time="2024-04-30T15:12:13.833794" level="INFO">${json_data} = {'results': [{'gender': 'male', 'name': {'title': 'Mr', 'first': 'Albert', 'last': 'Miles'}, 'location': {'street': {'number': 9590, 'name': 'Rookery Road'}, 'city': 'Roscommon', 'state': 'Leitrim', '...</msg>
<var>${json_data}</var>
<arg>${response.json()}</arg>
<doc>Returns the given values which can then be assigned to a variables.</doc>
<status status="PASS" start="2024-04-30T15:12:13.833247" elapsed="0.000575"/>
</kw>
<kw name="Set Variable" owner="BuiltIn">
<msg time="2024-04-30T15:12:13.834513" level="INFO">${name_title} = Mr</msg>
<var>${name_title}</var>
<arg>${json_data["results"][0]["name"]["title"]}</arg>
<doc>Returns the given values which can then be assigned to a variables.</doc>
<status status="PASS" start="2024-04-30T15:12:13.834129" elapsed="0.000409"/>
</kw>
<kw name="Create List" owner="BuiltIn">
<msg time="2024-04-30T15:12:13.834979" level="INFO">${allowed_titles} = ['Mr', 'Ms', 'Miss', 'Mrs', 'Madame', 'Monsieur']</msg>
<var>${allowed_titles}</var>
<arg>Mr</arg>
<arg>Ms</arg>
<arg>Miss</arg>
<arg>Mrs</arg>
<arg>Madame</arg>
<arg>Monsieur</arg>
<doc>Returns a list containing given items.</doc>
<status status="PASS" start="2024-04-30T15:12:13.834834" elapsed="0.000170"/>
</kw>
<kw name="List Should Contain Value" owner="Collections">
<msg time="2024-04-30T15:12:13.835480" level="INFO">False</msg>
<arg>${allowed_titles}</arg>
<arg>${name_title}</arg>
<doc>Fails if the ``value`` is not found from ``list``.</doc>
<status status="PASS" start="2024-04-30T15:12:13.835308" elapsed="0.000209"/>
</kw>
<kw name="Set Variable" owner="BuiltIn">
<msg time="2024-04-30T15:12:13.836174" level="INFO">${name_country} = IE</msg>
<var>${name_country}</var>
<arg>${json_data["results"][0]["nat"]}</arg>
<doc>Returns the given values which can then be assigned to a variables.</doc>
<status status="PASS" start="2024-04-30T15:12:13.835799" elapsed="0.000401"/>
</kw>
<kw name="Create List" owner="BuiltIn">
<msg time="2024-04-30T15:12:13.837110" level="INFO">${list_country} = ['AD', 'AE', 'AF', 'AG', 'AI', 'AL', 'AM', 'AO', 'AQ', 'AR', 'AS', 'AT', 'AU', 'AW', 'AX', 'AZ', 'BA', 'BB', 'BD', 'BE', 'BF', 'BG', 'BH', 'BI', 'BJ', 'BL', 'BM', 'BN', 'BO', 'BQ', 'BR', 'BS', 'BT', '...</msg>
<var>${list_country}</var>
<arg>AD</arg>
<arg>AE</arg>
<arg>AF</arg>
<arg>AG</arg>
<arg>AI</arg>
<arg>AL</arg>
<arg>AM</arg>
<arg>AO</arg>
<arg>AQ</arg>
<arg>AR</arg>
<arg>AS</arg>
<arg>AT</arg>
<arg>AU</arg>
<arg>AW</arg>
<arg>AX</arg>
<arg>AZ</arg>
<arg>BA</arg>
<arg>BB</arg>
<arg>BD</arg>
<arg>BE</arg>
<arg>BF</arg>
<arg>BG</arg>
<arg>BH</arg>
<arg>BI</arg>
<arg>BJ</arg>
<arg>BL</arg>
<arg>BM</arg>
<arg>BN</arg>
<arg>BO</arg>
<arg>BQ</arg>
<arg>BR</arg>
<arg>BS</arg>
<arg>BT</arg>
<arg>BV</arg>
<arg>BW</arg>
<arg>BY</arg>
<arg>BZ</arg>
<arg>CA</arg>
<arg>CC</arg>
<arg>CD</arg>
<arg>CF</arg>
<arg>CG</arg>
<arg>CH</arg>
<arg>CI</arg>
<arg>CK</arg>
<arg>CL</arg>
<arg>CM</arg>
<arg>CN</arg>
<arg>CO</arg>
<arg>CR</arg>
<arg>CU</arg>
<arg>CV</arg>
<arg>CW</arg>
<arg>CX</arg>
<arg>CY</arg>
<arg>CZ</arg>
<arg>DE</arg>
<arg>DJ</arg>
<arg>DK</arg>
<arg>DM</arg>
<arg>DO</arg>
<arg>DZ</arg>
<arg>EC</arg>
<arg>EE</arg>
<arg>EG</arg>
<arg>EH</arg>
<arg>ER</arg>
<arg>ES</arg>
<arg>ET</arg>
<arg>FI</arg>
<arg>FJ</arg>
<arg>FK</arg>
<arg>FM</arg>
<arg>FO</arg>
<arg>FR</arg>
<arg>GA</arg>
<arg>GB</arg>
<arg>GD</arg>
<arg>GE</arg>
<arg>GF</arg>
<arg>GG</arg>
<arg>GH</arg>
<arg>GI</arg>
<arg>GL</arg>
<arg>GM</arg>
<arg>GN</arg>
<arg>GP</arg>
<arg>GQ</arg>
<arg>GR</arg>
<arg>GS</arg>
<arg>GT</arg>
<arg>GU</arg>
<arg>GW</arg>
<arg>GY</arg>
<arg>HK</arg>
<arg>HM</arg>
<arg>HN</arg>
<arg>HR</arg>
<arg>HT</arg>
<arg>HU</arg>
<arg>ID</arg>
<arg>IE</arg>
<arg>IL</arg>
<arg>IM</arg>
<arg>IN</arg>
<arg>IO</arg>
<arg>IQ</arg>
<arg>IR</arg>
<arg>IS</arg>
<arg>IT</arg>
<arg>JE</arg>
<arg>JM</arg>
<arg>JO</arg>
<arg>JP</arg>
<arg>KE</arg>
<arg>KG</arg>
<arg>KH</arg>
<arg>KI</arg>
<arg>KM</arg>
<arg>KN</arg>
<arg>KP</arg>
<arg>KR</arg>
<arg>KW</arg>
<arg>KY</arg>
<arg>KZ</arg>
<arg>LA</arg>
<arg>LB</arg>
<arg>LC</arg>
<arg>LI</arg>
<arg>LK</arg>
<arg>LR</arg>
<arg>LS</arg>
<arg>LT</arg>
<arg>LU</arg>
<arg>LV</arg>
<arg>LY</arg>
<arg>MA</arg>
<arg>MC</arg>
<arg>MD</arg>
<arg>ME</arg>
<arg>MF</arg>
<arg>MG</arg>
<arg>MH</arg>
<arg>MK</arg>
<arg>ML</arg>
<arg>MM</arg>
<arg>MN</arg>
<arg>MO</arg>
<arg>MP</arg>
<arg>MQ</arg>
<arg>MR</arg>
<arg>MS</arg>
<arg>MT</arg>
<arg>MU</arg>
<arg>MV</arg>
<arg>MW</arg>
<arg>MX</arg>
<arg>MY</arg>
<arg>MZ</arg>
<arg>NA</arg>
<arg>NC</arg>
<arg>NE</arg>
<arg>NF</arg>
<arg>NG</arg>
<arg>NI</arg>
<arg>NL</arg>
<arg>NO</arg>
<arg>NP</arg>
<arg>NR</arg>
<arg>NU</arg>
<arg>NZ</arg>
<arg>OM</arg>
<arg>PA</arg>
<arg>PE</arg>
<arg>PF</arg>
<arg>PG</arg>
<arg>PH</arg>
<arg>PK</arg>
<arg>PL</arg>
<arg>PM</arg>
<arg>PN</arg>
<arg>PR</arg>
<arg>PS</arg>
<arg>PT</arg>
<arg>PW</arg>
<arg>PY</arg>
<arg>QA</arg>
<arg>RE</arg>
<arg>RO</arg>
<arg>RS</arg>
<arg>RU</arg>
<arg>RW</arg>
<arg>SA</arg>
<arg>SB</arg>
<arg>SC</arg>
<arg>SD</arg>
<arg>SE</arg>
<arg>SG</arg>
<arg>SH</arg>
<arg>SI</arg>
<arg>SJ</arg>
<arg>SK</arg>
<arg>SL</arg>
<arg>SM</arg>
<arg>SN</arg>
<arg>SO</arg>
<arg>SR</arg>
<arg>SS</arg>
<arg>ST</arg>
<arg>SV</arg>
<arg>SX</arg>
<arg>SY</arg>
<arg>SZ</arg>
<arg>TC</arg>
<arg>TD</arg>
<arg>TF</arg>
<arg>TG</arg>
<arg>TH</arg>
<arg>TJ</arg>
<arg>TK</arg>
<arg>TL</arg>
<arg>TM</arg>
<arg>TN</arg>
<arg>TO</arg>
<arg>TR</arg>
<arg>TT</arg>
<arg>TV</arg>
<arg>TW</arg>
<arg>TZ</arg>
<arg>UA</arg>
<arg>UG</arg>
<arg>UM</arg>
<arg>US</arg>
<arg>UY</arg>
<arg>UZ</arg>
<arg>VA</arg>
<arg>VC</arg>
<arg>VE</arg>
<arg>VG</arg>
<arg>VI</arg>
<arg>VN</arg>
<arg>VU</arg>
<arg>WF</arg>
<arg>WS</arg>
<arg>XK</arg>
<arg>YE</arg>
<arg>YT</arg>
<arg>ZA</arg>
<arg>ZM</arg>
<arg>ZW</arg>
<doc>Returns a list containing given items.</doc>
<status status="PASS" start="2024-04-30T15:12:13.836498" elapsed="0.000641"/>
</kw>
<kw name="List Should Contain Value" owner="Collections">
<msg time="2024-04-30T15:12:13.838131" level="INFO">False</msg>
<arg>${list_country}</arg>
<arg>${name_country}</arg>
<doc>Fails if the ``value`` is not found from ``list``.</doc>
<status status="PASS" start="2024-04-30T15:12:13.837930" elapsed="0.000238"/>
</kw>
<kw name="Run Keyword If" owner="BuiltIn">
<kw name="Should Be True" owner="BuiltIn">
<arg>${True}</arg>
<doc>Fails if the given condition is not true.</doc>
<status status="PASS" start="2024-04-30T15:12:13.839226" elapsed="0.000266"/>
</kw>
<arg>${json_data["results"][0]["location"]["coordinates"]["latitude"]} &gt;= -90 and ${json_data["results"][0]["location"]["coordinates"]["latitude"]} &lt;= 90</arg>
<arg>Should Be True</arg>
<arg>${True}</arg>
<doc>Runs the given keyword with the given arguments, if ``condition`` is true.</doc>
<status status="PASS" start="2024-04-30T15:12:13.838475" elapsed="0.001149"/>
</kw>
<kw name="Run Keyword If" owner="BuiltIn">
<kw name="Should Be True" owner="BuiltIn">
<arg>${True}</arg>
<doc>Fails if the given condition is not true.</doc>
<status status="PASS" start="2024-04-30T15:12:13.840515" elapsed="0.000138"/>
</kw>
<arg>${json_data["results"][0]["location"]["coordinates"]["longitude"]} &gt;= -180 and ${json_data["results"][0]["location"]["coordinates"]["longitude"]} &lt;= 180</arg>
<arg>Should Be True</arg>
<arg>${True}</arg>
<doc>Runs the given keyword with the given arguments, if ``condition`` is true.</doc>
<status status="PASS" start="2024-04-30T15:12:13.839812" elapsed="0.000964"/>
</kw>
<status status="PASS" start="2024-04-30T15:12:13.732995" elapsed="0.107914"/>
</kw>
<doc>Testa o conteúdo específico dos campos retornados pela API.</doc>
<tag>testeConteudo</tag>
<status status="PASS" start="2024-04-30T15:12:13.732440" elapsed="0.108643"/>
</test>
<status status="PASS" start="2024-04-30T15:12:12.876838" elapsed="0.966248"/>
</suite>
<status status="PASS" start="2024-04-30T15:12:12.857752" elapsed="0.990466"/>
</suite>
<statistics>
<total>
<stat pass="5" fail="0" skip="0">All Tests</stat>
</total>
<tag>
<stat pass="1" fail="0" skip="0">testeConteudo</stat>
<stat pass="1" fail="0" skip="0">testeEstruturaResposta</stat>
<stat pass="1" fail="0" skip="0">testeRequisicaoBasica</stat>
<stat pass="1" fail="0" skip="0">testeTiposDados</stat>
</tag>
<suite>
<stat pass="5" fail="0" skip="0" id="s1" name="Tests">Tests</stat>
<stat pass="5" fail="0" skip="0" id="s1-s1" name="Random-User-Test">Tests.Random-User-Test</stat>
</suite>
</statistics>
<errors>
</errors>
</robot>
