<?xml version="1.0" encoding="UTF-8"?>
<robot generator="Robot 7.0.1 (Python 3.12.4 on linux)" generated="2024-07-21T09:14:47.566027" rpa="false" schemaversion="5">
<suite id="s1" name="Tests" source="/home/runner/work/ApiRandomUser/ApiRandomUser/RamdonUser/tests">
<suite id="s1-s1" name="Random-User-Test" source="/home/runner/work/ApiRandomUser/ApiRandomUser/RamdonUser/tests/random-user-test.robot">
<test id="s1-s1-t1" name="Conectar" line="13">
<kw name="Conectar API" owner="random-user-service">
<kw name="Create Session" owner="RequestsLibrary">
<msg time="2024-07-21T09:14:47.971466" level="INFO">Creating Session using : alias=consultarAPI, url=https://randomuser.me/, headers={},                     cookies={}, auth=None, timeout=None, proxies=None, verify=False,                     debug=0 </msg>
<arg>consultarAPI</arg>
<arg>${URL}</arg>
<doc>Create Session: create a HTTP session to a server</doc>
<status status="PASS" start="2024-07-21T09:14:47.971265" elapsed="0.000378"/>
</kw>
<status status="PASS" start="2024-07-21T09:14:47.970218" elapsed="0.001777"/>
</kw>
<status status="PASS" start="2024-07-21T09:14:47.969706" elapsed="0.002484"/>
</test>
<test id="s1-s1-t2" name="Validar retorno 200 e JSON Válido" line="16">
<kw name="Teste de Requisicao Basica" owner="random-user-service">
<kw name="GET On Session" owner="RequestsLibrary">
<msg time="2024-07-21T09:14:48.041573" level="INFO">GET Request : url=https://randomuser.me/api 
 path_url=/api 
 headers={'User-Agent': 'python-requests/2.32.3', 'Accept-Encoding': 'gzip, deflate', 'Accept': '*/*', 'Connection': 'keep-alive'} 
 body=None 
 </msg>
<msg time="2024-07-21T09:14:48.041705" level="INFO">GET Response : url=https://randomuser.me/api 
 status=200, reason=OK 
 headers={'Date': 'Sun, 21 Jul 2024 09:14:48 GMT', 'Content-Type': 'application/json; charset=utf-8', 'Transfer-Encoding': 'chunked', 'Connection': 'keep-alive', 'X-Powered-By': 'Express', 'Access-Control-Allow-Origin': '*', 'Cache-Control': 'no-cache', 'ETag': 'W/"47c-VhgdvcPGcRN3gs/zGL+v2FlCQCw"', 'Vary': 'Accept-Encoding', 'Content-Encoding': 'gzip', 'CF-Cache-Status': 'DYNAMIC', 'Report-To': '{"endpoints":[{"url":"https:\\/\\/a.nel.cloudflare.com\\/report\\/v4?s=y%2Fmmup5NAV4TUIl%2Fpv7ANN44hnDLZGLswDxn8Ckt%2F2fIddiR2lqj%2Fyj49IP7TCcA7dF5NymJAnyrIyBMvyIfk6sHwz3Wl5g996fjSB0%2BqEXvMXlVffKRmmDRgIzo%2BPK6"}],"group":"cf-nel","max_age":604800}', 'NEL': '{"success_fraction":0,"report_to":"cf-nel","max_age":604800}', 'Server': 'cloudflare', 'CF-RAY': '8a6a15320f8507d5-IAD', 'alt-svc': 'h3=":443"; ma=86400'} 
 body={"results":[{"gender":"male","name":{"title":"Mr","first":"Ayush","last":"Manjunath"},"location":{"street":{"number":5026,"name":"Altamount Rd"},"city":"Bardhaman","state":"Kerala","country":"India","postcode":94181,"coordinates":{"latitude":"8.7472","longitude":"-18.7606"},"timezone":{"offset":"+6:00","description":"Almaty, Dhaka, Colombo"}},"email":"ayush.manjunath@example.com","login":{"uuid":"27c8018e-a926-4705-8600-c6da17ede745","username":"angrybird803","password":"heka6w2","salt":"QJiyBbxX","md5":"3d50fd74177d9d98501a88df42dcbf32","sha1":"a743b04bf7d6f4a04c632fbca94ae835c3dd71a9","sha256":"e9c995d0759a63d3b5e11f887dd28e763a40de671ef057ec7553989d1a326a9c"},"dob":{"date":"1968-01-17T12:52:49.282Z","age":56},"registered":{"date":"2019-10-04T17:34:08.255Z","age":4},"phone":"7498842341","cell":"9145075452","id":{"name":"UIDAI","value":"280855009279"},"picture":{"large":"https://randomuser.me/api/portraits/men/66.jpg","medium":"https://randomuser.me/api/portraits/med/men/66.jpg","thumbnail":"https://randomuser.me/api/portraits/thumb/men/66.jpg"},"nat":"IN"}],"info":{"seed":"24f9c21c66e606fa","results":1,"page":1,"version":"1.4"}} 
 </msg>
<msg time="2024-07-21T09:14:48.041790" level="INFO">/opt/hostedtoolcache/Python/3.12.4/x64/lib/python3.12/site-packages/urllib3/connectionpool.py:1099: InsecureRequestWarning: Unverified HTTPS request is being made to host 'randomuser.me'. Adding certificate verification is strongly advised. See: https://urllib3.readthedocs.io/en/latest/advanced-usage.html#tls-warnings
  warnings.warn(</msg>
<msg time="2024-07-21T09:14:48.041927" level="INFO">${response} = &lt;Response [200]&gt;</msg>
<var>${response}</var>
<arg>consultarAPI</arg>
<arg>/api</arg>
<doc>Sends a GET request on a previously created HTTP Session.</doc>
<status status="PASS" start="2024-07-21T09:14:47.974777" elapsed="0.067194"/>
</kw>
<kw name="Should Be Equal As Numbers" owner="BuiltIn">
<msg time="2024-07-21T09:14:48.042866" level="INFO">Argument types are:
&lt;class 'int'&gt;
&lt;class 'str'&gt;</msg>
<arg>${response.status_code}</arg>
<arg>200</arg>
<doc>Fails if objects are unequal after converting them to real numbers.</doc>
<status status="PASS" start="2024-07-21T09:14:48.042370" elapsed="0.000561"/>
</kw>
<kw name="Log" owner="BuiltIn">
<msg time="2024-07-21T09:14:48.043636" level="INFO">200</msg>
<arg>${response.status_code}</arg>
<doc>Logs the given message with the given level.</doc>
<status status="PASS" start="2024-07-21T09:14:48.043281" elapsed="0.000398"/>
</kw>
<kw name="Set Variable" owner="BuiltIn">
<msg time="2024-07-21T09:14:48.044412" level="INFO">${json_data} = {'results': [{'gender': 'male', 'name': {'title': 'Mr', 'first': 'Ayush', 'last': 'Manjunath'}, 'location': {'street': {'number': 5026, 'name': 'Altamount Rd'}, 'city': 'Bardhaman', 'state': 'Kerala',...</msg>
<var>${json_data}</var>
<arg>${response.json()}</arg>
<doc>Returns the given values which can then be assigned to a variables.</doc>
<status status="PASS" start="2024-07-21T09:14:48.043983" elapsed="0.000457"/>
</kw>
<kw name="Dictionary Should Contain Key" owner="Collections">
<arg>${json_data}</arg>
<arg>results</arg>
<doc>Fails if ``key`` is not found from ``dictionary``.</doc>
<status status="PASS" start="2024-07-21T09:14:48.044740" elapsed="0.000287"/>
</kw>
<status status="PASS" start="2024-07-21T09:14:47.974531" elapsed="0.070643"/>
</kw>
<doc>Testa se a API responde corretamente e retorna um objeto JSON válido.</doc>
<tag>testeRequisicaoBasica</tag>
<status status="PASS" start="2024-07-21T09:14:47.974077" elapsed="0.071257"/>
</test>
<test id="s1-s1-t3" name="Validar estrutura de resposta" line="22">
<kw name="Teste de Estrutura de Resposta" owner="random-user-service">
<kw name="GET On Session" owner="RequestsLibrary">
<msg time="2024-07-21T09:14:48.148615" level="INFO">GET Request : url=https://randomuser.me/api 
 path_url=/api 
 headers={'User-Agent': 'python-requests/2.32.3', 'Accept-Encoding': 'gzip, deflate', 'Accept': '*/*', 'Connection': 'keep-alive'} 
 body=None 
 </msg>
<msg time="2024-07-21T09:14:48.148683" level="INFO">GET Response : url=https://randomuser.me/api 
 status=200, reason=OK 
 headers={'Date': 'Sun, 21 Jul 2024 09:14:48 GMT', 'Content-Type': 'application/json; charset=utf-8', 'Transfer-Encoding': 'chunked', 'Connection': 'keep-alive', 'X-Powered-By': 'Express', 'Access-Control-Allow-Origin': '*', 'Cache-Control': 'no-cache', 'ETag': 'W/"4a5-eN7lAZzSnX2CpBJ1UlaQJ6nLlcY"', 'Vary': 'Accept-Encoding', 'Content-Encoding': 'gzip', 'CF-Cache-Status': 'DYNAMIC', 'Report-To': '{"endpoints":[{"url":"https:\\/\\/a.nel.cloudflare.com\\/report\\/v4?s=8oFk9oZ4HCuls6j4FnoaW0MiBgtVMZYvtidU7InbvtWLFxAZEI7x6wI%2BQSWtey4sXNbo5El1Ke3WJe2jZSwpJP5z4e38kRpTxs57pA7PDrCv%2FFn8SfzW7UJoLDohHOa3"}],"group":"cf-nel","max_age":604800}', 'NEL': '{"success_fraction":0,"report_to":"cf-nel","max_age":604800}', 'Server': 'cloudflare', 'CF-RAY': '8a6a15324fd207d5-IAD', 'alt-svc': 'h3=":443"; ma=86400'} 
 body={"results":[{"gender":"female","name":{"title":"Ms","first":"Barbara","last":"Murphy"},"location":{"street":{"number":172,"name":"Park Lane"},"city":"Coventry","state":"Bedfordshire","country":"United Kingdom","postcode":"FO8N 9JS","coordinates":{"latitude":"-11.2660","longitude":"95.0435"},"timezone":{"offset":"+8:00","description":"Beijing, Perth, Singapore, Hong Kong"}},"email":"barbara.murphy@example.com","login":{"uuid":"2aed0930-49e3-40ec-9b86-6c0054c05e4e","username":"happykoala826","password":"looker","salt":"L6oc4WKU","md5":"c954ae10801d761a6e638cf86d3cf0f2","sha1":"2fdb2d30371ecb4885cd649888e61e8c9d340f77","sha256":"225f19f7f37b9b06e54ce7103946dd4ce87e0c2cfcb87c3dc89ba9bd8ed0170c"},"dob":{"date":"1944-10-05T19:12:00.917Z","age":79},"registered":{"date":"2003-05-08T00:14:22.588Z","age":21},"phone":"019467 14694","cell":"07895 397174","id":{"name":"NINO","value":"XT 08 98 46 D"},"picture":{"large":"https://randomuser.me/api/portraits/women/33.jpg","medium":"https://randomuser.me/api/portraits/med/women/33.jpg","thumbnail":"https://randomuser.me/api/portraits/thumb/women/33.jpg"},"nat":"GB"}],"info":{"seed":"be813d0040bbdd2a","results":1,"page":1,"version":"1.4"}} 
 </msg>
<msg time="2024-07-21T09:14:48.148782" level="INFO">/opt/hostedtoolcache/Python/3.12.4/x64/lib/python3.12/site-packages/urllib3/connectionpool.py:1099: InsecureRequestWarning: Unverified HTTPS request is being made to host 'randomuser.me'. Adding certificate verification is strongly advised. See: https://urllib3.readthedocs.io/en/latest/advanced-usage.html#tls-warnings
  warnings.warn(</msg>
<msg time="2024-07-21T09:14:48.148891" level="INFO">${response} = &lt;Response [200]&gt;</msg>
<var>${response}</var>
<arg>consultarAPI</arg>
<arg>/api</arg>
<doc>Sends a GET request on a previously created HTTP Session.</doc>
<status status="PASS" start="2024-07-21T09:14:48.047897" elapsed="0.101035"/>
</kw>
<kw name="Set Variable" owner="BuiltIn">
<msg time="2024-07-21T09:14:48.149944" level="INFO">${json_data} = {'results': [{'gender': 'female', 'name': {'title': 'Ms', 'first': 'Barbara', 'last': 'Murphy'}, 'location': {'street': {'number': 172, 'name': 'Park Lane'}, 'city': 'Coventry', 'state': 'Bedfordshire...</msg>
<var>${json_data}</var>
<arg>${response.json()}</arg>
<doc>Returns the given values which can then be assigned to a variables.</doc>
<status status="PASS" start="2024-07-21T09:14:48.149398" elapsed="0.000575"/>
</kw>
<kw name="Log" owner="BuiltIn">
<msg time="2024-07-21T09:14:48.150444" level="INFO">{'results': [{'gender': 'female', 'name': {'title': 'Ms', 'first': 'Barbara', 'last': 'Murphy'}, 'location': {'street': {'number': 172, 'name': 'Park Lane'}, 'city': 'Coventry', 'state': 'Bedfordshire', 'country': 'United Kingdom', 'postcode': 'FO8N 9JS', 'coordinates': {'latitude': '-11.2660', 'longitude': '95.0435'}, 'timezone': {'offset': '+8:00', 'description': 'Beijing, Perth, Singapore, Hong Kong'}}, 'email': 'barbara.murphy@example.com', 'login': {'uuid': '2aed0930-49e3-40ec-9b86-6c0054c05e4e', 'username': 'happykoala826', 'password': 'looker', 'salt': 'L6oc4WKU', 'md5': 'c954ae10801d761a6e638cf86d3cf0f2', 'sha1': '2fdb2d30371ecb4885cd649888e61e8c9d340f77', 'sha256': '225f19f7f37b9b06e54ce7103946dd4ce87e0c2cfcb87c3dc89ba9bd8ed0170c'}, 'dob': {'date': '1944-10-05T19:12:00.917Z', 'age': 79}, 'registered': {'date': '2003-05-08T00:14:22.588Z', 'age': 21}, 'phone': '019467 14694', 'cell': '07895 397174', 'id': {'name': 'NINO', 'value': 'XT 08 98 46 D'}, 'picture': {'large': 'https://randomuser.me/api/portraits/women/33.jpg', 'medium': 'https://randomuser.me/api/portraits/med/women/33.jpg', 'thumbnail': 'https://randomuser.me/api/portraits/thumb/women/33.jpg'}, 'nat': 'GB'}], 'info': {'seed': 'be813d0040bbdd2a', 'results': 1, 'page': 1, 'version': '1.4'}}</msg>
<arg>${json_data}</arg>
<doc>Logs the given message with the given level.</doc>
<status status="PASS" start="2024-07-21T09:14:48.150284" elapsed="0.000208"/>
</kw>
<kw name="Dictionary Should Contain Key" owner="Collections">
<arg>${json_data}</arg>
<arg>results</arg>
<doc>Fails if ``key`` is not found from ``dictionary``.</doc>
<status status="PASS" start="2024-07-21T09:14:48.150784" elapsed="0.000159"/>
</kw>
<kw name="Should Not Be Empty" owner="BuiltIn">
<msg time="2024-07-21T09:14:48.151298" level="INFO">Length is 2.</msg>
<arg>${json_data}</arg>
<doc>Verifies that the given item is not empty.</doc>
<status status="PASS" start="2024-07-21T09:14:48.151160" elapsed="0.000195"/>
</kw>
<kw name="Create List" owner="BuiltIn">
<msg time="2024-07-21T09:14:48.151802" level="INFO">${expected_keys} = ['gender', 'name', 'location', 'email', 'login']</msg>
<var>${expected_keys}</var>
<arg>gender</arg>
<arg>name</arg>
<arg>location</arg>
<arg>email</arg>
<arg>login</arg>
<doc>Returns a list containing given items.</doc>
<status status="PASS" start="2024-07-21T09:14:48.151652" elapsed="0.000175"/>
</kw>
<for flavor="IN">
<iter>
<kw name="Dictionary Should Contain Key" owner="Collections">
<arg>${json_data['results'][0]}</arg>
<arg>${key}</arg>
<doc>Fails if ``key`` is not found from ``dictionary``.</doc>
<status status="PASS" start="2024-07-21T09:14:48.152390" elapsed="0.000426"/>
</kw>
<kw name="Log" owner="BuiltIn">
<msg time="2024-07-21T09:14:48.153359" level="INFO">{'gender': 'female', 'name': {'title': 'Ms', 'first': 'Barbara', 'last': 'Murphy'}, 'location': {'street': {'number': 172, 'name': 'Park Lane'}, 'city': 'Coventry', 'state': 'Bedfordshire', 'country': 'United Kingdom', 'postcode': 'FO8N 9JS', 'coordinates': {'latitude': '-11.2660', 'longitude': '95.0435'}, 'timezone': {'offset': '+8:00', 'description': 'Beijing, Perth, Singapore, Hong Kong'}}, 'email': 'barbara.murphy@example.com', 'login': {'uuid': '2aed0930-49e3-40ec-9b86-6c0054c05e4e', 'username': 'happykoala826', 'password': 'looker', 'salt': 'L6oc4WKU', 'md5': 'c954ae10801d761a6e638cf86d3cf0f2', 'sha1': '2fdb2d30371ecb4885cd649888e61e8c9d340f77', 'sha256': '225f19f7f37b9b06e54ce7103946dd4ce87e0c2cfcb87c3dc89ba9bd8ed0170c'}, 'dob': {'date': '1944-10-05T19:12:00.917Z', 'age': 79}, 'registered': {'date': '2003-05-08T00:14:22.588Z', 'age': 21}, 'phone': '019467 14694', 'cell': '07895 397174', 'id': {'name': 'NINO', 'value': 'XT 08 98 46 D'}, 'picture': {'large': 'https://randomuser.me/api/portraits/women/33.jpg', 'medium': 'https://randomuser.me/api/portraits/med/women/33.jpg', 'thumbnail': 'https://randomuser.me/api/portraits/thumb/women/33.jpg'}, 'nat': 'GB'}</msg>
<arg>${json_data['results'][0]}</arg>
<doc>Logs the given message with the given level.</doc>
<status status="PASS" start="2024-07-21T09:14:48.153004" elapsed="0.000402"/>
</kw>
<kw name="Log" owner="BuiltIn">
<msg time="2024-07-21T09:14:48.153834" level="INFO">gender</msg>
<arg>${key}</arg>
<doc>Logs the given message with the given level.</doc>
<status status="PASS" start="2024-07-21T09:14:48.153706" elapsed="0.000166"/>
</kw>
<var name="${key}">gender</var>
<status status="PASS" start="2024-07-21T09:14:48.152264" elapsed="0.001823"/>
</iter>
<iter>
<kw name="Dictionary Should Contain Key" owner="Collections">
<arg>${json_data['results'][0]}</arg>
<arg>${key}</arg>
<doc>Fails if ``key`` is not found from ``dictionary``.</doc>
<status status="PASS" start="2024-07-21T09:14:48.154389" elapsed="0.000385"/>
</kw>
<kw name="Log" owner="BuiltIn">
<msg time="2024-07-21T09:14:48.155382" level="INFO">{'gender': 'female', 'name': {'title': 'Ms', 'first': 'Barbara', 'last': 'Murphy'}, 'location': {'street': {'number': 172, 'name': 'Park Lane'}, 'city': 'Coventry', 'state': 'Bedfordshire', 'country': 'United Kingdom', 'postcode': 'FO8N 9JS', 'coordinates': {'latitude': '-11.2660', 'longitude': '95.0435'}, 'timezone': {'offset': '+8:00', 'description': 'Beijing, Perth, Singapore, Hong Kong'}}, 'email': 'barbara.murphy@example.com', 'login': {'uuid': '2aed0930-49e3-40ec-9b86-6c0054c05e4e', 'username': 'happykoala826', 'password': 'looker', 'salt': 'L6oc4WKU', 'md5': 'c954ae10801d761a6e638cf86d3cf0f2', 'sha1': '2fdb2d30371ecb4885cd649888e61e8c9d340f77', 'sha256': '225f19f7f37b9b06e54ce7103946dd4ce87e0c2cfcb87c3dc89ba9bd8ed0170c'}, 'dob': {'date': '1944-10-05T19:12:00.917Z', 'age': 79}, 'registered': {'date': '2003-05-08T00:14:22.588Z', 'age': 21}, 'phone': '019467 14694', 'cell': '07895 397174', 'id': {'name': 'NINO', 'value': 'XT 08 98 46 D'}, 'picture': {'large': 'https://randomuser.me/api/portraits/women/33.jpg', 'medium': 'https://randomuser.me/api/portraits/med/women/33.jpg', 'thumbnail': 'https://randomuser.me/api/portraits/thumb/women/33.jpg'}, 'nat': 'GB'}</msg>
<arg>${json_data['results'][0]}</arg>
<doc>Logs the given message with the given level.</doc>
<status status="PASS" start="2024-07-21T09:14:48.154954" elapsed="0.000477"/>
</kw>
<kw name="Log" owner="BuiltIn">
<msg time="2024-07-21T09:14:48.155866" level="INFO">name</msg>
<arg>${key}</arg>
<doc>Logs the given message with the given level.</doc>
<status status="PASS" start="2024-07-21T09:14:48.155739" elapsed="0.000165"/>
</kw>
<var name="${key}">name</var>
<status status="PASS" start="2024-07-21T09:14:48.154276" elapsed="0.001842"/>
</iter>
<iter>
<kw name="Dictionary Should Contain Key" owner="Collections">
<arg>${json_data['results'][0]}</arg>
<arg>${key}</arg>
<doc>Fails if ``key`` is not found from ``dictionary``.</doc>
<status status="PASS" start="2024-07-21T09:14:48.156399" elapsed="0.000378"/>
</kw>
<kw name="Log" owner="BuiltIn">
<msg time="2024-07-21T09:14:48.157314" level="INFO">{'gender': 'female', 'name': {'title': 'Ms', 'first': 'Barbara', 'last': 'Murphy'}, 'location': {'street': {'number': 172, 'name': 'Park Lane'}, 'city': 'Coventry', 'state': 'Bedfordshire', 'country': 'United Kingdom', 'postcode': 'FO8N 9JS', 'coordinates': {'latitude': '-11.2660', 'longitude': '95.0435'}, 'timezone': {'offset': '+8:00', 'description': 'Beijing, Perth, Singapore, Hong Kong'}}, 'email': 'barbara.murphy@example.com', 'login': {'uuid': '2aed0930-49e3-40ec-9b86-6c0054c05e4e', 'username': 'happykoala826', 'password': 'looker', 'salt': 'L6oc4WKU', 'md5': 'c954ae10801d761a6e638cf86d3cf0f2', 'sha1': '2fdb2d30371ecb4885cd649888e61e8c9d340f77', 'sha256': '225f19f7f37b9b06e54ce7103946dd4ce87e0c2cfcb87c3dc89ba9bd8ed0170c'}, 'dob': {'date': '1944-10-05T19:12:00.917Z', 'age': 79}, 'registered': {'date': '2003-05-08T00:14:22.588Z', 'age': 21}, 'phone': '019467 14694', 'cell': '07895 397174', 'id': {'name': 'NINO', 'value': 'XT 08 98 46 D'}, 'picture': {'large': 'https://randomuser.me/api/portraits/women/33.jpg', 'medium': 'https://randomuser.me/api/portraits/med/women/33.jpg', 'thumbnail': 'https://randomuser.me/api/portraits/thumb/women/33.jpg'}, 'nat': 'GB'}</msg>
<arg>${json_data['results'][0]}</arg>
<doc>Logs the given message with the given level.</doc>
<status status="PASS" start="2024-07-21T09:14:48.156965" elapsed="0.000397"/>
</kw>
<kw name="Log" owner="BuiltIn">
<msg time="2024-07-21T09:14:48.157786" level="INFO">location</msg>
<arg>${key}</arg>
<doc>Logs the given message with the given level.</doc>
<status status="PASS" start="2024-07-21T09:14:48.157660" elapsed="0.000163"/>
</kw>
<var name="${key}">location</var>
<status status="PASS" start="2024-07-21T09:14:48.156291" elapsed="0.001742"/>
</iter>
<iter>
<kw name="Dictionary Should Contain Key" owner="Collections">
<arg>${json_data['results'][0]}</arg>
<arg>${key}</arg>
<doc>Fails if ``key`` is not found from ``dictionary``.</doc>
<status status="PASS" start="2024-07-21T09:14:48.158310" elapsed="0.000383"/>
</kw>
<kw name="Log" owner="BuiltIn">
<msg time="2024-07-21T09:14:48.159391" level="INFO">{'gender': 'female', 'name': {'title': 'Ms', 'first': 'Barbara', 'last': 'Murphy'}, 'location': {'street': {'number': 172, 'name': 'Park Lane'}, 'city': 'Coventry', 'state': 'Bedfordshire', 'country': 'United Kingdom', 'postcode': 'FO8N 9JS', 'coordinates': {'latitude': '-11.2660', 'longitude': '95.0435'}, 'timezone': {'offset': '+8:00', 'description': 'Beijing, Perth, Singapore, Hong Kong'}}, 'email': 'barbara.murphy@example.com', 'login': {'uuid': '2aed0930-49e3-40ec-9b86-6c0054c05e4e', 'username': 'happykoala826', 'password': 'looker', 'salt': 'L6oc4WKU', 'md5': 'c954ae10801d761a6e638cf86d3cf0f2', 'sha1': '2fdb2d30371ecb4885cd649888e61e8c9d340f77', 'sha256': '225f19f7f37b9b06e54ce7103946dd4ce87e0c2cfcb87c3dc89ba9bd8ed0170c'}, 'dob': {'date': '1944-10-05T19:12:00.917Z', 'age': 79}, 'registered': {'date': '2003-05-08T00:14:22.588Z', 'age': 21}, 'phone': '019467 14694', 'cell': '07895 397174', 'id': {'name': 'NINO', 'value': 'XT 08 98 46 D'}, 'picture': {'large': 'https://randomuser.me/api/portraits/women/33.jpg', 'medium': 'https://randomuser.me/api/portraits/med/women/33.jpg', 'thumbnail': 'https://randomuser.me/api/portraits/thumb/women/33.jpg'}, 'nat': 'GB'}</msg>
<arg>${json_data['results'][0]}</arg>
<doc>Logs the given message with the given level.</doc>
<status status="PASS" start="2024-07-21T09:14:48.158987" elapsed="0.000451"/>
</kw>
<kw name="Log" owner="BuiltIn">
<msg time="2024-07-21T09:14:48.159871" level="INFO">email</msg>
<arg>${key}</arg>
<doc>Logs the given message with the given level.</doc>
<status status="PASS" start="2024-07-21T09:14:48.159741" elapsed="0.000168"/>
</kw>
<var name="${key}">email</var>
<status status="PASS" start="2024-07-21T09:14:48.158203" elapsed="0.001920"/>
</iter>
<iter>
<kw name="Dictionary Should Contain Key" owner="Collections">
<arg>${json_data['results'][0]}</arg>
<arg>${key}</arg>
<doc>Fails if ``key`` is not found from ``dictionary``.</doc>
<status status="PASS" start="2024-07-21T09:14:48.160401" elapsed="0.000377"/>
</kw>
<kw name="Log" owner="BuiltIn">
<msg time="2024-07-21T09:14:48.161303" level="INFO">{'gender': 'female', 'name': {'title': 'Ms', 'first': 'Barbara', 'last': 'Murphy'}, 'location': {'street': {'number': 172, 'name': 'Park Lane'}, 'city': 'Coventry', 'state': 'Bedfordshire', 'country': 'United Kingdom', 'postcode': 'FO8N 9JS', 'coordinates': {'latitude': '-11.2660', 'longitude': '95.0435'}, 'timezone': {'offset': '+8:00', 'description': 'Beijing, Perth, Singapore, Hong Kong'}}, 'email': 'barbara.murphy@example.com', 'login': {'uuid': '2aed0930-49e3-40ec-9b86-6c0054c05e4e', 'username': 'happykoala826', 'password': 'looker', 'salt': 'L6oc4WKU', 'md5': 'c954ae10801d761a6e638cf86d3cf0f2', 'sha1': '2fdb2d30371ecb4885cd649888e61e8c9d340f77', 'sha256': '225f19f7f37b9b06e54ce7103946dd4ce87e0c2cfcb87c3dc89ba9bd8ed0170c'}, 'dob': {'date': '1944-10-05T19:12:00.917Z', 'age': 79}, 'registered': {'date': '2003-05-08T00:14:22.588Z', 'age': 21}, 'phone': '019467 14694', 'cell': '07895 397174', 'id': {'name': 'NINO', 'value': 'XT 08 98 46 D'}, 'picture': {'large': 'https://randomuser.me/api/portraits/women/33.jpg', 'medium': 'https://randomuser.me/api/portraits/med/women/33.jpg', 'thumbnail': 'https://randomuser.me/api/portraits/thumb/women/33.jpg'}, 'nat': 'GB'}</msg>
<arg>${json_data['results'][0]}</arg>
<doc>Logs the given message with the given level.</doc>
<status status="PASS" start="2024-07-21T09:14:48.160959" elapsed="0.000390"/>
</kw>
<kw name="Log" owner="BuiltIn">
<msg time="2024-07-21T09:14:48.161766" level="INFO">login</msg>
<arg>${key}</arg>
<doc>Logs the given message with the given level.</doc>
<status status="PASS" start="2024-07-21T09:14:48.161639" elapsed="0.000163"/>
</kw>
<var name="${key}">login</var>
<status status="PASS" start="2024-07-21T09:14:48.160293" elapsed="0.001727"/>
</iter>
<var>${key}</var>
<value>@{expected_keys}</value>
<status status="PASS" start="2024-07-21T09:14:48.152084" elapsed="0.010055"/>
</for>
<kw name="Create List" owner="BuiltIn">
<msg time="2024-07-21T09:14:48.162489" level="INFO">${expected_keysTwo} = ['username', 'password']</msg>
<var>${expected_keysTwo}</var>
<arg>username</arg>
<arg>password</arg>
<doc>Returns a list containing given items.</doc>
<status status="PASS" start="2024-07-21T09:14:48.162353" elapsed="0.000159"/>
</kw>
<for flavor="IN">
<iter>
<kw name="Dictionary Should Contain Key" owner="Collections">
<arg>${json_data['results'][0]['login']}</arg>
<arg>${keyTwo}</arg>
<doc>Fails if ``key`` is not found from ``dictionary``.</doc>
<status status="PASS" start="2024-07-21T09:14:48.163003" elapsed="0.000399"/>
</kw>
<kw name="Dictionary Should Contain Key" owner="Collections">
<arg>${json_data['results'][0]['login']}</arg>
<arg>${keyTwo}</arg>
<doc>Fails if ``key`` is not found from ``dictionary``.</doc>
<status status="PASS" start="2024-07-21T09:14:48.163581" elapsed="0.000376"/>
</kw>
<kw name="Log" owner="BuiltIn">
<msg time="2024-07-21T09:14:48.164260" level="INFO">username</msg>
<arg>${keyTwo}</arg>
<doc>Logs the given message with the given level.</doc>
<status status="PASS" start="2024-07-21T09:14:48.164139" elapsed="0.000159"/>
</kw>
<var name="${keyTwo}">username</var>
<status status="PASS" start="2024-07-21T09:14:48.162896" elapsed="0.001620"/>
</iter>
<iter>
<kw name="Dictionary Should Contain Key" owner="Collections">
<arg>${json_data['results'][0]['login']}</arg>
<arg>${keyTwo}</arg>
<doc>Fails if ``key`` is not found from ``dictionary``.</doc>
<status status="PASS" start="2024-07-21T09:14:48.164794" elapsed="0.000374"/>
</kw>
<kw name="Dictionary Should Contain Key" owner="Collections">
<arg>${json_data['results'][0]['login']}</arg>
<arg>${keyTwo}</arg>
<doc>Fails if ``key`` is not found from ``dictionary``.</doc>
<status status="PASS" start="2024-07-21T09:14:48.165345" elapsed="0.000369"/>
</kw>
<kw name="Log" owner="BuiltIn">
<msg time="2024-07-21T09:14:48.166010" level="INFO">password</msg>
<arg>${keyTwo}</arg>
<doc>Logs the given message with the given level.</doc>
<status status="PASS" start="2024-07-21T09:14:48.165887" elapsed="0.000160"/>
</kw>
<var name="${keyTwo}">password</var>
<status status="PASS" start="2024-07-21T09:14:48.164684" elapsed="0.001579"/>
</iter>
<var>${keyTwo}</var>
<value>@{expected_keysTwo}</value>
<status status="PASS" start="2024-07-21T09:14:48.162747" elapsed="0.003634"/>
</for>
<status status="PASS" start="2024-07-21T09:14:48.047669" elapsed="0.118848"/>
</kw>
<doc>Testa a estrutura da resposta da API.</doc>
<tag>testeEstruturaResposta</tag>
<status status="PASS" start="2024-07-21T09:14:48.047191" elapsed="0.119473"/>
</test>
<test id="s1-s1-t4" name="Validar tipos de dados" line="28">
<kw name="Teste de Tipos de Dados" owner="random-user-service">
<kw name="GET On Session" owner="RequestsLibrary">
<msg time="2024-07-21T09:14:48.245413" level="INFO">GET Request : url=https://randomuser.me/api 
 path_url=/api 
 headers={'User-Agent': 'python-requests/2.32.3', 'Accept-Encoding': 'gzip, deflate', 'Accept': '*/*', 'Connection': 'keep-alive'} 
 body=None 
 </msg>
<msg time="2024-07-21T09:14:48.245474" level="INFO">GET Response : url=https://randomuser.me/api 
 status=200, reason=OK 
 headers={'Date': 'Sun, 21 Jul 2024 09:14:48 GMT', 'Content-Type': 'application/json; charset=utf-8', 'Transfer-Encoding': 'chunked', 'Connection': 'keep-alive', 'X-Powered-By': 'Express', 'Access-Control-Allow-Origin': '*', 'Cache-Control': 'no-cache', 'ETag': 'W/"471-oP1ve3T3iggCtV2tw6aRE5V6ey8"', 'Vary': 'Accept-Encoding', 'Content-Encoding': 'gzip', 'CF-Cache-Status': 'DYNAMIC', 'Report-To': '{"endpoints":[{"url":"https:\\/\\/a.nel.cloudflare.com\\/report\\/v4?s=JMG6C6b9n6FT0cIL%2Fu1UOYalzQfq6WeJXARasOJqVGhpdtGQUxMULwO4rHymZCCrg9j511m7%2B6jnMI3uHra9iKu1oboIurfFk0wHaTblHRlEdtFbuzkdGIivMWlDuDda"}],"group":"cf-nel","max_age":604800}', 'NEL': '{"success_fraction":0,"report_to":"cf-nel","max_age":604800}', 'Server': 'cloudflare', 'CF-RAY': '8a6a1533187b07d5-IAD', 'alt-svc': 'h3=":443"; ma=86400'} 
 body={"results":[{"gender":"male","name":{"title":"Mr","first":"Nitesh","last":"Almeida"},"location":{"street":{"number":4025,"name":"MG Rd Bangalore"},"city":"Allahabad","state":"Haryana","country":"India","postcode":72450,"coordinates":{"latitude":"7.9931","longitude":"-44.0019"},"timezone":{"offset":"+3:30","description":"Tehran"}},"email":"nitesh.almeida@example.com","login":{"uuid":"a096805b-53f0-469e-a2b1-a7d8f430e836","username":"sadbutterfly699","password":"brandon","salt":"ul0axK4k","md5":"0fbabca84ca6798b3e4cd976b771a822","sha1":"0a4fd29c3ff13796b68a217e6506e558b487442a","sha256":"b43b9151b3dc50531895e429e69ffa34ea73c8bc3268376a0c17091411426e19"},"dob":{"date":"1970-01-12T07:38:47.672Z","age":54},"registered":{"date":"2019-01-10T06:32:04.866Z","age":5},"phone":"9220852318","cell":"7426188124","id":{"name":"UIDAI","value":"309871661819"},"picture":{"large":"https://randomuser.me/api/portraits/men/51.jpg","medium":"https://randomuser.me/api/portraits/med/men/51.jpg","thumbnail":"https://randomuser.me/api/portraits/thumb/men/51.jpg"},"nat":"IN"}],"info":{"seed":"857ed1457542bb11","results":1,"page":1,"version":"1.4"}} 
 </msg>
<msg time="2024-07-21T09:14:48.245533" level="INFO">/opt/hostedtoolcache/Python/3.12.4/x64/lib/python3.12/site-packages/urllib3/connectionpool.py:1099: InsecureRequestWarning: Unverified HTTPS request is being made to host 'randomuser.me'. Adding certificate verification is strongly advised. See: https://urllib3.readthedocs.io/en/latest/advanced-usage.html#tls-warnings
  warnings.warn(</msg>
<msg time="2024-07-21T09:14:48.245627" level="INFO">${response} = &lt;Response [200]&gt;</msg>
<var>${response}</var>
<arg>consultarAPI</arg>
<arg>/api</arg>
<doc>Sends a GET request on a previously created HTTP Session.</doc>
<status status="PASS" start="2024-07-21T09:14:48.169080" elapsed="0.076590"/>
</kw>
<kw name="Set Variable" owner="BuiltIn">
<msg time="2024-07-21T09:14:48.246782" level="INFO">${json_data} = {'results': [{'gender': 'male', 'name': {'title': 'Mr', 'first': 'Nitesh', 'last': 'Almeida'}, 'location': {'street': {'number': 4025, 'name': 'MG Rd Bangalore'}, 'city': 'Allahabad', 'state': 'Haryan...</msg>
<var>${json_data}</var>
<arg>${response.json()}</arg>
<doc>Returns the given values which can then be assigned to a variables.</doc>
<status status="PASS" start="2024-07-21T09:14:48.246162" elapsed="0.000649"/>
</kw>
<kw name="Log" owner="BuiltIn">
<msg time="2024-07-21T09:14:48.247304" level="INFO">{'results': [{'gender': 'male', 'name': {'title': 'Mr', 'first': 'Nitesh', 'last': 'Almeida'}, 'location': {'street': {'number': 4025, 'name': 'MG Rd Bangalore'}, 'city': 'Allahabad', 'state': 'Haryana', 'country': 'India', 'postcode': 72450, 'coordinates': {'latitude': '7.9931', 'longitude': '-44.0019'}, 'timezone': {'offset': '+3:30', 'description': 'Tehran'}}, 'email': 'nitesh.almeida@example.com', 'login': {'uuid': 'a096805b-53f0-469e-a2b1-a7d8f430e836', 'username': 'sadbutterfly699', 'password': 'brandon', 'salt': 'ul0axK4k', 'md5': '0fbabca84ca6798b3e4cd976b771a822', 'sha1': '0a4fd29c3ff13796b68a217e6506e558b487442a', 'sha256': 'b43b9151b3dc50531895e429e69ffa34ea73c8bc3268376a0c17091411426e19'}, 'dob': {'date': '1970-01-12T07:38:47.672Z', 'age': 54}, 'registered': {'date': '2019-01-10T06:32:04.866Z', 'age': 5}, 'phone': '9220852318', 'cell': '7426188124', 'id': {'name': 'UIDAI', 'value': '309871661819'}, 'picture': {'large': 'https://randomuser.me/api/portraits/men/51.jpg', 'medium': 'https://randomuser.me/api/portraits/med/men/51.jpg', 'thumbnail': 'https://randomuser.me/api/portraits/thumb/men/51.jpg'}, 'nat': 'IN'}], 'info': {'seed': '857ed1457542bb11', 'results': 1, 'page': 1, 'version': '1.4'}}</msg>
<arg>${json_data}</arg>
<doc>Logs the given message with the given level.</doc>
<status status="PASS" start="2024-07-21T09:14:48.247150" elapsed="0.000200"/>
</kw>
<kw name="Should Be String" owner="String">
<arg>${json_data['results'][0]['gender']}</arg>
<doc>Fails if the given ``item`` is not a string.</doc>
<status status="PASS" start="2024-07-21T09:14:48.247653" elapsed="0.000366"/>
</kw>
<kw name="Should Match Regexp" owner="BuiltIn">
<arg>${json_data['results'][0]['email']}</arg>
<arg>^[a-zA-Z0-9._%+-]+@[a-zA-Z0-9.-]+\.[a-zA-Z]{2,}$</arg>
<doc>Fails if ``string`` does not match ``pattern`` as a regular expression.</doc>
<status status="PASS" start="2024-07-21T09:14:48.248236" elapsed="0.000516"/>
</kw>
<kw name="Should Match Regexp" owner="BuiltIn">
<arg>${json_data['results'][0]['dob']['date']}</arg>
<arg>\\d{4}-\\d{2}-\\d{2}T\\d{2}:\\d{2}:\\d{2}\\.\\d{3}Z</arg>
<doc>Fails if ``string`` does not match ``pattern`` as a regular expression.</doc>
<status status="PASS" start="2024-07-21T09:14:48.248947" elapsed="0.000593"/>
</kw>
<kw name="Should Match Regexp" owner="BuiltIn">
<arg>${json_data['results'][0]['registered']['date']}</arg>
<arg>\\d{4}-\\d{2}-\\d{2}T\\d{2}:\\d{2}:\\d{2}\\.\\d{3}Z</arg>
<doc>Fails if ``string`` does not match ``pattern`` as a regular expression.</doc>
<status status="PASS" start="2024-07-21T09:14:48.249732" elapsed="0.000370"/>
</kw>
<kw name="Should Match Regexp" owner="BuiltIn">
<arg>${json_data['results'][0]['picture']['large']}</arg>
<arg>^https?://.*\.(?:png|jpe?g|gif|bmp)$</arg>
<doc>Fails if ``string`` does not match ``pattern`` as a regular expression.</doc>
<status status="PASS" start="2024-07-21T09:14:48.250285" elapsed="0.000458"/>
</kw>
<kw name="Should Match Regexp" owner="BuiltIn">
<arg>${json_data['results'][0]['picture']['medium']}</arg>
<arg>^https?://.*\.(?:png|jpe?g|gif|bmp)$</arg>
<doc>Fails if ``string`` does not match ``pattern`` as a regular expression.</doc>
<status status="PASS" start="2024-07-21T09:14:48.250928" elapsed="0.000387"/>
</kw>
<kw name="Should Match Regexp" owner="BuiltIn">
<arg>${json_data['results'][0]['picture']['thumbnail']}</arg>
<arg>^https?://.*\.(?:png|jpe?g|gif|bmp)$</arg>
<doc>Fails if ``string`` does not match ``pattern`` as a regular expression.</doc>
<status status="PASS" start="2024-07-21T09:14:48.251499" elapsed="0.000346"/>
</kw>
<kw name="Log" owner="BuiltIn">
<msg time="2024-07-21T09:14:48.252346" level="INFO">{'large': 'https://randomuser.me/api/portraits/men/51.jpg', 'medium': 'https://randomuser.me/api/portraits/med/men/51.jpg', 'thumbnail': 'https://randomuser.me/api/portraits/thumb/men/51.jpg'}</msg>
<arg>${json_data['results'][0]['picture']}</arg>
<doc>Logs the given message with the given level.</doc>
<status status="PASS" start="2024-07-21T09:14:48.252024" elapsed="0.000364"/>
</kw>
<status status="PASS" start="2024-07-21T09:14:48.168866" elapsed="0.083771"/>
</kw>
<kw name="Teste de Tipos de Dados - Postcode" owner="random-user-service">
<kw name="GET On Session" owner="RequestsLibrary">
<msg time="2024-07-21T09:14:48.338185" level="INFO">GET Request : url=https://randomuser.me/api 
 path_url=/api 
 headers={'User-Agent': 'python-requests/2.32.3', 'Accept-Encoding': 'gzip, deflate', 'Accept': '*/*', 'Connection': 'keep-alive'} 
 body=None 
 </msg>
<msg time="2024-07-21T09:14:48.338281" level="INFO">GET Response : url=https://randomuser.me/api 
 status=200, reason=OK 
 headers={'Date': 'Sun, 21 Jul 2024 09:14:48 GMT', 'Content-Type': 'application/json; charset=utf-8', 'Transfer-Encoding': 'chunked', 'Connection': 'keep-alive', 'X-Powered-By': 'Express', 'Access-Control-Allow-Origin': '*', 'Cache-Control': 'no-cache', 'ETag': 'W/"494-eQidaCu9/7fxM2cKez4D7VTl65A"', 'Vary': 'Accept-Encoding', 'Content-Encoding': 'gzip', 'CF-Cache-Status': 'DYNAMIC', 'Report-To': '{"endpoints":[{"url":"https:\\/\\/a.nel.cloudflare.com\\/report\\/v4?s=xYAQdFpyaZJkIGcF7aFkmP5HCWHqWPZKqEDTCCw7RtJS3Xh1ZCGJ18pI6WJIZ2dpZcel6qPYbqPmun4kcNj1DDLCO19MPaXQq%2Fkz59T40m5cagQ9M6MlJ9q5fOzVS0KL"}],"group":"cf-nel","max_age":604800}', 'NEL': '{"success_fraction":0,"report_to":"cf-nel","max_age":604800}', 'Server': 'cloudflare', 'CF-RAY': '8a6a153398eb07d5-IAD', 'alt-svc': 'h3=":443"; ma=86400'} 
 body={"results":[{"gender":"male","name":{"title":"Mr","first":"Peetu","last":"Remes"},"location":{"street":{"number":7133,"name":"Suvantokatu"},"city":"Rovaniemi","state":"Finland Proper","country":"Finland","postcode":13340,"coordinates":{"latitude":"-22.9360","longitude":"-92.4411"},"timezone":{"offset":"+9:00","description":"Tokyo, Seoul, Osaka, Sapporo, Yakutsk"}},"email":"peetu.remes@example.com","login":{"uuid":"ccdbdb10-c859-4ce2-89ae-4db4ce5d620b","username":"redtiger350","password":"murphy1","salt":"WGvJW5kq","md5":"75bfb58f46c41fde3bded16b9a920f4b","sha1":"825e9219806ab6079a457024578e03a30646f9a0","sha256":"d10f0e5358f527634aa90117c9f35a49ca41b62d5ba893b72688c17b335bda23"},"dob":{"date":"1993-04-19T07:46:32.888Z","age":31},"registered":{"date":"2016-08-02T15:06:43.489Z","age":7},"phone":"08-938-410","cell":"047-929-93-26","id":{"name":"HETU","value":"NaNNA573undefined"},"picture":{"large":"https://randomuser.me/api/portraits/men/25.jpg","medium":"https://randomuser.me/api/portraits/med/men/25.jpg","thumbnail":"https://randomuser.me/api/portraits/thumb/men/25.jpg"},"nat":"FI"}],"info":{"seed":"380e3cd3feb86554","results":1,"page":1,"version":"1.4"}} 
 </msg>
<msg time="2024-07-21T09:14:48.338385" level="INFO">/opt/hostedtoolcache/Python/3.12.4/x64/lib/python3.12/site-packages/urllib3/connectionpool.py:1099: InsecureRequestWarning: Unverified HTTPS request is being made to host 'randomuser.me'. Adding certificate verification is strongly advised. See: https://urllib3.readthedocs.io/en/latest/advanced-usage.html#tls-warnings
  warnings.warn(</msg>
<msg time="2024-07-21T09:14:48.338513" level="INFO">${response} = &lt;Response [200]&gt;</msg>
<var>${response}</var>
<arg>consultarAPI</arg>
<arg>/api</arg>
<doc>Sends a GET request on a previously created HTTP Session.</doc>
<status status="PASS" start="2024-07-21T09:14:48.253066" elapsed="0.085487"/>
</kw>
<kw name="Set Variable" owner="BuiltIn">
<msg time="2024-07-21T09:14:48.339785" level="INFO">${json_data} = {'results': [{'gender': 'male', 'name': {'title': 'Mr', 'first': 'Peetu', 'last': 'Remes'}, 'location': {'street': {'number': 7133, 'name': 'Suvantokatu'}, 'city': 'Rovaniemi', 'state': 'Finland Prope...</msg>
<var>${json_data}</var>
<arg>${response.json()}</arg>
<doc>Returns the given values which can then be assigned to a variables.</doc>
<status status="PASS" start="2024-07-21T09:14:48.339052" elapsed="0.000782"/>
</kw>
<kw name="Log" owner="BuiltIn">
<msg time="2024-07-21T09:14:48.340557" level="INFO">{'results': [{'gender': 'male', 'name': {'title': 'Mr', 'first': 'Peetu', 'last': 'Remes'}, 'location': {'street': {'number': 7133, 'name': 'Suvantokatu'}, 'city': 'Rovaniemi', 'state': 'Finland Proper', 'country': 'Finland', 'postcode': 13340, 'coordinates': {'latitude': '-22.9360', 'longitude': '-92.4411'}, 'timezone': {'offset': '+9:00', 'description': 'Tokyo, Seoul, Osaka, Sapporo, Yakutsk'}}, 'email': 'peetu.remes@example.com', 'login': {'uuid': 'ccdbdb10-c859-4ce2-89ae-4db4ce5d620b', 'username': 'redtiger350', 'password': 'murphy1', 'salt': 'WGvJW5kq', 'md5': '75bfb58f46c41fde3bded16b9a920f4b', 'sha1': '825e9219806ab6079a457024578e03a30646f9a0', 'sha256': 'd10f0e5358f527634aa90117c9f35a49ca41b62d5ba893b72688c17b335bda23'}, 'dob': {'date': '1993-04-19T07:46:32.888Z', 'age': 31}, 'registered': {'date': '2016-08-02T15:06:43.489Z', 'age': 7}, 'phone': '08-938-410', 'cell': '047-929-93-26', 'id': {'name': 'HETU', 'value': 'NaNNA573undefined'}, 'picture': {'large': 'https://randomuser.me/api/portraits/men/25.jpg', 'medium': 'https://randomuser.me/api/portraits/med/men/25.jpg', 'thumbnail': 'https://randomuser.me/api/portraits/thumb/men/25.jpg'}, 'nat': 'FI'}], 'info': {'seed': '380e3cd3feb86554', 'results': 1, 'page': 1, 'version': '1.4'}}</msg>
<arg>${json_data}</arg>
<doc>Logs the given message with the given level.</doc>
<status status="PASS" start="2024-07-21T09:14:48.340329" elapsed="0.000301"/>
</kw>
<kw name="Should Be Equal As Numbers" owner="BuiltIn">
<arg>${json_data['results'][0]['location']['postcode']}</arg>
<arg>${json_data['results'][0]['location']['postcode']}</arg>
<doc>Fails if objects are unequal after converting them to real numbers.</doc>
<status status="PASS" start="2024-07-21T09:14:48.341060" elapsed="0.001054"/>
</kw>
<kw name="Log" owner="BuiltIn">
<msg time="2024-07-21T09:14:48.343016" level="INFO">13340</msg>
<arg>${json_data['results'][0]['location']['postcode']}</arg>
<doc>Logs the given message with the given level.</doc>
<status status="PASS" start="2024-07-21T09:14:48.342440" elapsed="0.000662"/>
</kw>
<status status="PASS" start="2024-07-21T09:14:48.252843" elapsed="0.090656"/>
</kw>
<doc>Testa se os tipos de dados na resposta da API estão corretos.</doc>
<tag>testeTiposDados</tag>
<status status="PASS" start="2024-07-21T09:14:48.168434" elapsed="0.175335"/>
</test>
<test id="s1-s1-t5" name="Validar conteudo" line="35">
<kw name="Teste de Tipos de Conteudo" owner="random-user-service">
<kw name="GET On Session" owner="RequestsLibrary">
<msg time="2024-07-21T09:14:48.438758" level="INFO">GET Request : url=https://randomuser.me/api 
 path_url=/api 
 headers={'User-Agent': 'python-requests/2.32.3', 'Accept-Encoding': 'gzip, deflate', 'Accept': '*/*', 'Connection': 'keep-alive'} 
 body=None 
 </msg>
<msg time="2024-07-21T09:14:48.438851" level="INFO">GET Response : url=https://randomuser.me/api 
 status=200, reason=OK 
 headers={'Date': 'Sun, 21 Jul 2024 09:14:48 GMT', 'Content-Type': 'application/json; charset=utf-8', 'Transfer-Encoding': 'chunked', 'Connection': 'keep-alive', 'X-Powered-By': 'Express', 'Access-Control-Allow-Origin': '*', 'Cache-Control': 'no-cache', 'ETag': 'W/"49f-7GPxfZoTrbE/859cJiYnIolAjtk"', 'Vary': 'Accept-Encoding', 'Content-Encoding': 'gzip', 'CF-Cache-Status': 'DYNAMIC', 'Report-To': '{"endpoints":[{"url":"https:\\/\\/a.nel.cloudflare.com\\/report\\/v4?s=31qcgf7aFpejHcQqYRWOiFYeo9PlvaYYcm286Qa9QQipNS46J0thnAy2ADetWP3uftCfx2gY6KNKpJEE6KuMtsms1jpv3CYeTAYFgc6hWJ%2B3aWl9NTgmsrmWM3gRiVxU"}],"group":"cf-nel","max_age":604800}', 'NEL': '{"success_fraction":0,"report_to":"cf-nel","max_age":604800}', 'Server': 'cloudflare', 'CF-RAY': '8a6a1534296607d5-IAD', 'alt-svc': 'h3=":443"; ma=86400'} 
 body={"results":[{"gender":"female","name":{"title":"Ms","first":"Nadja","last":"Krasić"},"location":{"street":{"number":1112,"name":"Košutovačka"},"city":"Smederevska Palanka","state":"Prizren","country":"Serbia","postcode":56454,"coordinates":{"latitude":"61.1049","longitude":"171.9770"},"timezone":{"offset":"-6:00","description":"Central Time (US &amp; Canada), Mexico City"}},"email":"nadja.krasic@example.com","login":{"uuid":"95f316c9-8098-4b7b-bc96-c3674a246323","username":"happyrabbit276","password":"molly1","salt":"dLFRBTEX","md5":"e40795fd988251c27490f34e062b6c91","sha1":"1fd8d74a79e854e57d895b0e82e512bcf3d45e63","sha256":"dbbf759bd54efe2937df82f39cbaf704943d520a3880aa87a817e0ece6d55daf"},"dob":{"date":"1968-06-30T07:36:51.095Z","age":56},"registered":{"date":"2011-07-05T19:18:59.476Z","age":13},"phone":"021-3421-259","cell":"061-2322-740","id":{"name":"SID","value":"305294050"},"picture":{"large":"https://randomuser.me/api/portraits/women/26.jpg","medium":"https://randomuser.me/api/portraits/med/women/26.jpg","thumbnail":"https://randomuser.me/api/portraits/thumb/women/26.jpg"},"nat":"RS"}],"info":{"seed":"80137e371d14e6f9","results":1,"page":1,"version":"1.4"}} 
 </msg>
<msg time="2024-07-21T09:14:48.438929" level="INFO">/opt/hostedtoolcache/Python/3.12.4/x64/lib/python3.12/site-packages/urllib3/connectionpool.py:1099: InsecureRequestWarning: Unverified HTTPS request is being made to host 'randomuser.me'. Adding certificate verification is strongly advised. See: https://urllib3.readthedocs.io/en/latest/advanced-usage.html#tls-warnings
  warnings.warn(</msg>
<msg time="2024-07-21T09:14:48.439019" level="INFO">${response} = &lt;Response [200]&gt;</msg>
<var>${response}</var>
<arg>consultarAPI</arg>
<arg>/api</arg>
<doc>Sends a GET request on a previously created HTTP Session.</doc>
<status status="PASS" start="2024-07-21T09:14:48.348055" elapsed="0.090989"/>
</kw>
<kw name="Set Variable" owner="BuiltIn">
<msg time="2024-07-21T09:14:48.439976" level="INFO">${json_data} = {'results': [{'gender': 'female', 'name': {'title': 'Ms', 'first': 'Nadja', 'last': 'Krasić'}, 'location': {'street': {'number': 1112, 'name': 'Košutovačka'}, 'city': 'Smederevska Palanka', 'state': '...</msg>
<var>${json_data}</var>
<arg>${response.json()}</arg>
<doc>Returns the given values which can then be assigned to a variables.</doc>
<status status="PASS" start="2024-07-21T09:14:48.439471" elapsed="0.000537"/>
</kw>
<kw name="Set Variable" owner="BuiltIn">
<msg time="2024-07-21T09:14:48.440713" level="INFO">${name_title} = Ms</msg>
<var>${name_title}</var>
<arg>${json_data["results"][0]["name"]["title"]}</arg>
<doc>Returns the given values which can then be assigned to a variables.</doc>
<status status="PASS" start="2024-07-21T09:14:48.440317" elapsed="0.000423"/>
</kw>
<kw name="Create List" owner="BuiltIn">
<msg time="2024-07-21T09:14:48.441191" level="INFO">${allowed_titles} = ['Mr', 'Ms', 'Miss', 'Mrs', 'Madame', 'Monsieur']</msg>
<var>${allowed_titles}</var>
<arg>Mr</arg>
<arg>Ms</arg>
<arg>Miss</arg>
<arg>Mrs</arg>
<arg>Madame</arg>
<arg>Monsieur</arg>
<doc>Returns a list containing given items.</doc>
<status status="PASS" start="2024-07-21T09:14:48.441041" elapsed="0.000176"/>
</kw>
<kw name="List Should Contain Value" owner="Collections">
<arg>${allowed_titles}</arg>
<arg>${name_title}</arg>
<doc>Fails if the ``value`` is not found from ``list``.</doc>
<status status="PASS" start="2024-07-21T09:14:48.441522" elapsed="0.000179"/>
</kw>
<kw name="Set Variable" owner="BuiltIn">
<msg time="2024-07-21T09:14:48.442269" level="INFO">${name_country} = RS</msg>
<var>${name_country}</var>
<arg>${json_data["results"][0]["nat"]}</arg>
<doc>Returns the given values which can then be assigned to a variables.</doc>
<status status="PASS" start="2024-07-21T09:14:48.441889" elapsed="0.000407"/>
</kw>
<kw name="Create List" owner="BuiltIn">
<msg time="2024-07-21T09:14:48.443239" level="INFO">${list_country} = ['AD', 'AE', 'AF', 'AG', 'AI', 'AL', 'AM', 'AO', 'AQ', 'AR', 'AS', 'AT', 'AU', 'AW', 'AX', 'AZ', 'BA', 'BB', 'BD', 'BE', 'BF', 'BG', 'BH', 'BI', 'BJ', 'BL', 'BM', 'BN', 'BO', 'BQ', 'BR', 'BS', 'BT', '...</msg>
<var>${list_country}</var>
<arg>AD</arg>
<arg>AE</arg>
<arg>AF</arg>
<arg>AG</arg>
<arg>AI</arg>
<arg>AL</arg>
<arg>AM</arg>
<arg>AO</arg>
<arg>AQ</arg>
<arg>AR</arg>
<arg>AS</arg>
<arg>AT</arg>
<arg>AU</arg>
<arg>AW</arg>
<arg>AX</arg>
<arg>AZ</arg>
<arg>BA</arg>
<arg>BB</arg>
<arg>BD</arg>
<arg>BE</arg>
<arg>BF</arg>
<arg>BG</arg>
<arg>BH</arg>
<arg>BI</arg>
<arg>BJ</arg>
<arg>BL</arg>
<arg>BM</arg>
<arg>BN</arg>
<arg>BO</arg>
<arg>BQ</arg>
<arg>BR</arg>
<arg>BS</arg>
<arg>BT</arg>
<arg>BV</arg>
<arg>BW</arg>
<arg>BY</arg>
<arg>BZ</arg>
<arg>CA</arg>
<arg>CC</arg>
<arg>CD</arg>
<arg>CF</arg>
<arg>CG</arg>
<arg>CH</arg>
<arg>CI</arg>
<arg>CK</arg>
<arg>CL</arg>
<arg>CM</arg>
<arg>CN</arg>
<arg>CO</arg>
<arg>CR</arg>
<arg>CU</arg>
<arg>CV</arg>
<arg>CW</arg>
<arg>CX</arg>
<arg>CY</arg>
<arg>CZ</arg>
<arg>DE</arg>
<arg>DJ</arg>
<arg>DK</arg>
<arg>DM</arg>
<arg>DO</arg>
<arg>DZ</arg>
<arg>EC</arg>
<arg>EE</arg>
<arg>EG</arg>
<arg>EH</arg>
<arg>ER</arg>
<arg>ES</arg>
<arg>ET</arg>
<arg>FI</arg>
<arg>FJ</arg>
<arg>FK</arg>
<arg>FM</arg>
<arg>FO</arg>
<arg>FR</arg>
<arg>GA</arg>
<arg>GB</arg>
<arg>GD</arg>
<arg>GE</arg>
<arg>GF</arg>
<arg>GG</arg>
<arg>GH</arg>
<arg>GI</arg>
<arg>GL</arg>
<arg>GM</arg>
<arg>GN</arg>
<arg>GP</arg>
<arg>GQ</arg>
<arg>GR</arg>
<arg>GS</arg>
<arg>GT</arg>
<arg>GU</arg>
<arg>GW</arg>
<arg>GY</arg>
<arg>HK</arg>
<arg>HM</arg>
<arg>HN</arg>
<arg>HR</arg>
<arg>HT</arg>
<arg>HU</arg>
<arg>ID</arg>
<arg>IE</arg>
<arg>IL</arg>
<arg>IM</arg>
<arg>IN</arg>
<arg>IO</arg>
<arg>IQ</arg>
<arg>IR</arg>
<arg>IS</arg>
<arg>IT</arg>
<arg>JE</arg>
<arg>JM</arg>
<arg>JO</arg>
<arg>JP</arg>
<arg>KE</arg>
<arg>KG</arg>
<arg>KH</arg>
<arg>KI</arg>
<arg>KM</arg>
<arg>KN</arg>
<arg>KP</arg>
<arg>KR</arg>
<arg>KW</arg>
<arg>KY</arg>
<arg>KZ</arg>
<arg>LA</arg>
<arg>LB</arg>
<arg>LC</arg>
<arg>LI</arg>
<arg>LK</arg>
<arg>LR</arg>
<arg>LS</arg>
<arg>LT</arg>
<arg>LU</arg>
<arg>LV</arg>
<arg>LY</arg>
<arg>MA</arg>
<arg>MC</arg>
<arg>MD</arg>
<arg>ME</arg>
<arg>MF</arg>
<arg>MG</arg>
<arg>MH</arg>
<arg>MK</arg>
<arg>ML</arg>
<arg>MM</arg>
<arg>MN</arg>
<arg>MO</arg>
<arg>MP</arg>
<arg>MQ</arg>
<arg>MR</arg>
<arg>MS</arg>
<arg>MT</arg>
<arg>MU</arg>
<arg>MV</arg>
<arg>MW</arg>
<arg>MX</arg>
<arg>MY</arg>
<arg>MZ</arg>
<arg>NA</arg>
<arg>NC</arg>
<arg>NE</arg>
<arg>NF</arg>
<arg>NG</arg>
<arg>NI</arg>
<arg>NL</arg>
<arg>NO</arg>
<arg>NP</arg>
<arg>NR</arg>
<arg>NU</arg>
<arg>NZ</arg>
<arg>OM</arg>
<arg>PA</arg>
<arg>PE</arg>
<arg>PF</arg>
<arg>PG</arg>
<arg>PH</arg>
<arg>PK</arg>
<arg>PL</arg>
<arg>PM</arg>
<arg>PN</arg>
<arg>PR</arg>
<arg>PS</arg>
<arg>PT</arg>
<arg>PW</arg>
<arg>PY</arg>
<arg>QA</arg>
<arg>RE</arg>
<arg>RO</arg>
<arg>RS</arg>
<arg>RU</arg>
<arg>RW</arg>
<arg>SA</arg>
<arg>SB</arg>
<arg>SC</arg>
<arg>SD</arg>
<arg>SE</arg>
<arg>SG</arg>
<arg>SH</arg>
<arg>SI</arg>
<arg>SJ</arg>
<arg>SK</arg>
<arg>SL</arg>
<arg>SM</arg>
<arg>SN</arg>
<arg>SO</arg>
<arg>SR</arg>
<arg>SS</arg>
<arg>ST</arg>
<arg>SV</arg>
<arg>SX</arg>
<arg>SY</arg>
<arg>SZ</arg>
<arg>TC</arg>
<arg>TD</arg>
<arg>TF</arg>
<arg>TG</arg>
<arg>TH</arg>
<arg>TJ</arg>
<arg>TK</arg>
<arg>TL</arg>
<arg>TM</arg>
<arg>TN</arg>
<arg>TO</arg>
<arg>TR</arg>
<arg>TT</arg>
<arg>TV</arg>
<arg>TW</arg>
<arg>TZ</arg>
<arg>UA</arg>
<arg>UG</arg>
<arg>UM</arg>
<arg>US</arg>
<arg>UY</arg>
<arg>UZ</arg>
<arg>VA</arg>
<arg>VC</arg>
<arg>VE</arg>
<arg>VG</arg>
<arg>VI</arg>
<arg>VN</arg>
<arg>VU</arg>
<arg>WF</arg>
<arg>WS</arg>
<arg>XK</arg>
<arg>YE</arg>
<arg>YT</arg>
<arg>ZA</arg>
<arg>ZM</arg>
<arg>ZW</arg>
<doc>Returns a list containing given items.</doc>
<status status="PASS" start="2024-07-21T09:14:48.442601" elapsed="0.000666"/>
</kw>
<kw name="List Should Contain Value" owner="Collections">
<arg>${list_country}</arg>
<arg>${name_country}</arg>
<doc>Fails if the ``value`` is not found from ``list``.</doc>
<status status="PASS" start="2024-07-21T09:14:48.444202" elapsed="0.000211"/>
</kw>
<kw name="Run Keyword If" owner="BuiltIn">
<kw name="Should Be True" owner="BuiltIn">
<arg>${True}</arg>
<doc>Fails if the given condition is not true.</doc>
<status status="PASS" start="2024-07-21T09:14:48.445356" elapsed="0.000142"/>
</kw>
<arg>${json_data["results"][0]["location"]["coordinates"]["latitude"]} &gt;= -90 and ${json_data["results"][0]["location"]["coordinates"]["latitude"]} &lt;= 90</arg>
<arg>Should Be True</arg>
<arg>${True}</arg>
<doc>Runs the given keyword with the given arguments, if ``condition`` is true.</doc>
<status status="PASS" start="2024-07-21T09:14:48.444614" elapsed="0.001010"/>
</kw>
<kw name="Run Keyword If" owner="BuiltIn">
<kw name="Should Be True" owner="BuiltIn">
<arg>${True}</arg>
<doc>Fails if the given condition is not true.</doc>
<status status="PASS" start="2024-07-21T09:14:48.446504" elapsed="0.000136"/>
</kw>
<arg>${json_data["results"][0]["location"]["coordinates"]["longitude"]} &gt;= -180 and ${json_data["results"][0]["location"]["coordinates"]["longitude"]} &lt;= 180</arg>
<arg>Should Be True</arg>
<arg>${True}</arg>
<doc>Runs the given keyword with the given arguments, if ``condition`` is true.</doc>
<status status="PASS" start="2024-07-21T09:14:48.445809" elapsed="0.000956"/>
</kw>
<status status="PASS" start="2024-07-21T09:14:48.347694" elapsed="0.099200"/>
</kw>
<doc>Testa o conteúdo específico dos campos retornados pela API.</doc>
<tag>testeConteudo</tag>
<status status="PASS" start="2024-07-21T09:14:48.346995" elapsed="0.100044"/>
</test>
<status status="PASS" start="2024-07-21T09:14:47.625466" elapsed="0.823499"/>
</suite>
<status status="PASS" start="2024-07-21T09:14:47.611028" elapsed="0.842877"/>
</suite>
<statistics>
<total>
<stat pass="5" fail="0" skip="0">All Tests</stat>
</total>
<tag>
<stat pass="1" fail="0" skip="0">testeConteudo</stat>
<stat pass="1" fail="0" skip="0">testeEstruturaResposta</stat>
<stat pass="1" fail="0" skip="0">testeRequisicaoBasica</stat>
<stat pass="1" fail="0" skip="0">testeTiposDados</stat>
</tag>
<suite>
<stat pass="5" fail="0" skip="0" id="s1" name="Tests">Tests</stat>
<stat pass="5" fail="0" skip="0" id="s1-s1" name="Random-User-Test">Tests.Random-User-Test</stat>
</suite>
</statistics>
<errors>
</errors>
</robot>
