<?xml version="1.0" encoding="UTF-8"?>
<robot generator="Robot 7.0.1 (Python 3.12.4 on linux)" generated="2024-07-11T23:17:09.994804" rpa="false" schemaversion="5">
<suite id="s1" name="Tests" source="/home/runner/work/ApiRandomUser/ApiRandomUser/RamdonUser/tests">
<suite id="s1-s1" name="Random-User-Test" source="/home/runner/work/ApiRandomUser/ApiRandomUser/RamdonUser/tests/random-user-test.robot">
<test id="s1-s1-t1" name="Conectar" line="13">
<kw name="Conectar API" owner="random-user-service">
<kw name="Create Session" owner="RequestsLibrary">
<msg time="2024-07-11T23:17:10.382280" level="INFO">Creating Session using : alias=consultarAPI, url=https://randomuser.me/, headers={},                     cookies={}, auth=None, timeout=None, proxies=None, verify=False,                     debug=0 </msg>
<arg>consultarAPI</arg>
<arg>${URL}</arg>
<doc>Create Session: create a HTTP session to a server</doc>
<status status="PASS" start="2024-07-11T23:17:10.382079" elapsed="0.000379"/>
</kw>
<status status="PASS" start="2024-07-11T23:17:10.381120" elapsed="0.001687"/>
</kw>
<status status="PASS" start="2024-07-11T23:17:10.380597" elapsed="0.002403"/>
</test>
<test id="s1-s1-t2" name="Validar retorno 200 e JSON Válido" line="16">
<kw name="Teste de Requisicao Basica" owner="random-user-service">
<kw name="GET On Session" owner="RequestsLibrary">
<msg time="2024-07-11T23:17:12.021582" level="INFO">GET Request : url=https://randomuser.me/api 
 path_url=/api 
 headers={'User-Agent': 'python-requests/2.32.3', 'Accept-Encoding': 'gzip, deflate', 'Accept': '*/*', 'Connection': 'keep-alive'} 
 body=None 
 </msg>
<msg time="2024-07-11T23:17:12.021746" level="INFO">GET Response : url=https://randomuser.me/api 
 status=200, reason=OK 
 headers={'Date': 'Thu, 11 Jul 2024 23:17:12 GMT', 'Content-Type': 'application/json; charset=utf-8', 'Transfer-Encoding': 'chunked', 'Connection': 'keep-alive', 'X-Powered-By': 'Express', 'Access-Control-Allow-Origin': '*', 'Cache-Control': 'no-cache', 'ETag': 'W/"490-AUQlmYgxAgqZbyvoxCqvmkSok18"', 'Vary': 'Accept-Encoding', 'Content-Encoding': 'gzip', 'CF-Cache-Status': 'DYNAMIC', 'Report-To': '{"endpoints":[{"url":"https:\\/\\/a.nel.cloudflare.com\\/report\\/v4?s=0zpAA3uzLcv4OUl53XHr4ih6xI3nhd%2FJutX6VY2UgtadtYy4Cywy5BW4%2FQTbqxfhWB7WT%2FIgXgQB5ugX4nJ4yUQIiucKSNNj2Xr5D7V0AzQ7sKTU5XNFwjkfQDxRmENH"}],"group":"cf-nel","max_age":604800}', 'NEL': '{"success_fraction":0,"report_to":"cf-nel","max_age":604800}', 'Server': 'cloudflare', 'CF-RAY': '8a1c81644e542039-IAD', 'alt-svc': 'h3=":443"; ma=86400'} 
 body={"results":[{"gender":"male","name":{"title":"Mr","first":"Martín","last":"Cruz"},"location":{"street":{"number":1566,"name":"Calle del Arenal"},"city":"Almería","state":"País Vasco","country":"Spain","postcode":13625,"coordinates":{"latitude":"-31.2267","longitude":"-141.9236"},"timezone":{"offset":"+1:00","description":"Brussels, Copenhagen, Madrid, Paris"}},"email":"martin.cruz@example.com","login":{"uuid":"c372c1e0-39d1-4d08-b021-84049994cefc","username":"blackbutterfly583","password":"102030","salt":"pJ2e3cIT","md5":"bbb64005c07432cad7669ae78a52c652","sha1":"28a595114704fb209e80481ccffd0cd9af1d89c1","sha256":"3c03b31fcc71050362fa0ac01d8509321cbc1577fd46ca170ec58d8028d02ae3"},"dob":{"date":"1958-11-21T07:31:53.501Z","age":65},"registered":{"date":"2002-11-01T05:09:28.144Z","age":21},"phone":"955-527-997","cell":"692-369-734","id":{"name":"DNI","value":"88341541-N"},"picture":{"large":"https://randomuser.me/api/portraits/men/30.jpg","medium":"https://randomuser.me/api/portraits/med/men/30.jpg","thumbnail":"https://randomuser.me/api/portraits/thumb/men/30.jpg"},"nat":"ES"}],"info":{"seed":"2aaf697f7c718605","results":1,"page":1,"version":"1.4"}} 
 </msg>
<msg time="2024-07-11T23:17:12.021849" level="INFO">/opt/hostedtoolcache/Python/3.12.4/x64/lib/python3.12/site-packages/urllib3/connectionpool.py:1099: InsecureRequestWarning: Unverified HTTPS request is being made to host 'randomuser.me'. Adding certificate verification is strongly advised. See: https://urllib3.readthedocs.io/en/latest/advanced-usage.html#tls-warnings
  warnings.warn(</msg>
<msg time="2024-07-11T23:17:12.021999" level="INFO">${response} = &lt;Response [200]&gt;</msg>
<var>${response}</var>
<arg>consultarAPI</arg>
<arg>/api</arg>
<doc>Sends a GET request on a previously created HTTP Session.</doc>
<status status="PASS" start="2024-07-11T23:17:10.385602" elapsed="1.636438"/>
</kw>
<kw name="Should Be Equal As Numbers" owner="BuiltIn">
<msg time="2024-07-11T23:17:12.023152" level="INFO">Argument types are:
&lt;class 'int'&gt;
&lt;class 'str'&gt;</msg>
<arg>${response.status_code}</arg>
<arg>200</arg>
<doc>Fails if objects are unequal after converting them to real numbers.</doc>
<status status="PASS" start="2024-07-11T23:17:12.022667" elapsed="0.000549"/>
</kw>
<kw name="Log" owner="BuiltIn">
<msg time="2024-07-11T23:17:12.023868" level="INFO">200</msg>
<arg>${response.status_code}</arg>
<doc>Logs the given message with the given level.</doc>
<status status="PASS" start="2024-07-11T23:17:12.023528" elapsed="0.000382"/>
</kw>
<kw name="Set Variable" owner="BuiltIn">
<msg time="2024-07-11T23:17:12.024635" level="INFO">${json_data} = {'results': [{'gender': 'male', 'name': {'title': 'Mr', 'first': 'Martín', 'last': 'Cruz'}, 'location': {'street': {'number': 1566, 'name': 'Calle del Arenal'}, 'city': 'Almería', 'state': 'País Vasco...</msg>
<var>${json_data}</var>
<arg>${response.json()}</arg>
<doc>Returns the given values which can then be assigned to a variables.</doc>
<status status="PASS" start="2024-07-11T23:17:12.024206" elapsed="0.000457"/>
</kw>
<kw name="Dictionary Should Contain Key" owner="Collections">
<arg>${json_data}</arg>
<arg>results</arg>
<doc>Fails if ``key`` is not found from ``dictionary``.</doc>
<status status="PASS" start="2024-07-11T23:17:12.024958" elapsed="0.000161"/>
</kw>
<status status="PASS" start="2024-07-11T23:17:10.385356" elapsed="1.639958"/>
</kw>
<doc>Testa se a API responde corretamente e retorna um objeto JSON válido.</doc>
<tag>testeRequisicaoBasica</tag>
<status status="PASS" start="2024-07-11T23:17:10.384869" elapsed="1.640629"/>
</test>
<test id="s1-s1-t3" name="Validar estrutura de resposta" line="22">
<kw name="Teste de Estrutura de Resposta" owner="random-user-service">
<kw name="GET On Session" owner="RequestsLibrary">
<msg time="2024-07-11T23:17:12.490679" level="INFO">GET Request : url=https://randomuser.me/api 
 path_url=/api 
 headers={'User-Agent': 'python-requests/2.32.3', 'Accept-Encoding': 'gzip, deflate', 'Accept': '*/*', 'Connection': 'keep-alive'} 
 body=None 
 </msg>
<msg time="2024-07-11T23:17:12.490777" level="INFO">GET Response : url=https://randomuser.me/api 
 status=200, reason=OK 
 headers={'Date': 'Thu, 11 Jul 2024 23:17:12 GMT', 'Content-Type': 'application/json; charset=utf-8', 'Transfer-Encoding': 'chunked', 'Connection': 'keep-alive', 'X-Powered-By': 'Express', 'Access-Control-Allow-Origin': '*', 'Cache-Control': 'no-cache', 'ETag': 'W/"48d-jf8wVmpzH/yBXG0AXXwAwLQ5eow"', 'Vary': 'Accept-Encoding', 'Content-Encoding': 'gzip', 'CF-Cache-Status': 'DYNAMIC', 'Report-To': '{"endpoints":[{"url":"https:\\/\\/a.nel.cloudflare.com\\/report\\/v4?s=i6wO7CxzdbViKe7Kaz01iXjBLiTt%2Ffehk77yA8zuxo1cF3bo%2F1VzDgZHCd3Lq1bKWqCBoX8IqBRwyz41sI%2BsBtMcKVQWL5HTtBzshsYAT3VNRs4dYHmwFdL9KhupHulq"}],"group":"cf-nel","max_age":604800}', 'NEL': '{"success_fraction":0,"report_to":"cf-nel","max_age":604800}', 'Server': 'cloudflare', 'CF-RAY': '8a1c816e3d0a2039-IAD', 'alt-svc': 'h3=":443"; ma=86400'} 
 body={"results":[{"gender":"male","name":{"title":"Mr","first":"Salvador","last":"Sáez"},"location":{"street":{"number":1181,"name":"Calle del Pez"},"city":"Cuenca","state":"Cantabria","country":"Spain","postcode":48859,"coordinates":{"latitude":"-34.4459","longitude":"-14.9672"},"timezone":{"offset":"-6:00","description":"Central Time (US &amp; Canada), Mexico City"}},"email":"salvador.saez@example.com","login":{"uuid":"ed31c336-fc96-42c4-b05e-c4cff368ef0e","username":"goldenswan782","password":"23232323","salt":"9XLAiXrn","md5":"00a8f853676829a138a73b66f00d595a","sha1":"a3af7ad031b32b0a4f1cfbc65433faf7fa369b75","sha256":"5d26635e096c39409a06d102ecedefee6887037151f9d7b0c28c3a8ee6b1d3a9"},"dob":{"date":"1960-06-18T12:21:34.796Z","age":64},"registered":{"date":"2018-06-10T08:35:22.307Z","age":6},"phone":"992-458-909","cell":"606-938-178","id":{"name":"DNI","value":"64049589-J"},"picture":{"large":"https://randomuser.me/api/portraits/men/94.jpg","medium":"https://randomuser.me/api/portraits/med/men/94.jpg","thumbnail":"https://randomuser.me/api/portraits/thumb/men/94.jpg"},"nat":"ES"}],"info":{"seed":"4d32737ff4501cb1","results":1,"page":1,"version":"1.4"}} 
 </msg>
<msg time="2024-07-11T23:17:12.490890" level="INFO">/opt/hostedtoolcache/Python/3.12.4/x64/lib/python3.12/site-packages/urllib3/connectionpool.py:1099: InsecureRequestWarning: Unverified HTTPS request is being made to host 'randomuser.me'. Adding certificate verification is strongly advised. See: https://urllib3.readthedocs.io/en/latest/advanced-usage.html#tls-warnings
  warnings.warn(</msg>
<msg time="2024-07-11T23:17:12.491001" level="INFO">${response} = &lt;Response [200]&gt;</msg>
<var>${response}</var>
<arg>consultarAPI</arg>
<arg>/api</arg>
<doc>Sends a GET request on a previously created HTTP Session.</doc>
<status status="PASS" start="2024-07-11T23:17:12.028124" elapsed="0.462918"/>
</kw>
<kw name="Set Variable" owner="BuiltIn">
<msg time="2024-07-11T23:17:12.492105" level="INFO">${json_data} = {'results': [{'gender': 'male', 'name': {'title': 'Mr', 'first': 'Salvador', 'last': 'Sáez'}, 'location': {'street': {'number': 1181, 'name': 'Calle del Pez'}, 'city': 'Cuenca', 'state': 'Cantabria', ...</msg>
<var>${json_data}</var>
<arg>${response.json()}</arg>
<doc>Returns the given values which can then be assigned to a variables.</doc>
<status status="PASS" start="2024-07-11T23:17:12.491536" elapsed="0.000598"/>
</kw>
<kw name="Log" owner="BuiltIn">
<msg time="2024-07-11T23:17:12.492602" level="INFO">{'results': [{'gender': 'male', 'name': {'title': 'Mr', 'first': 'Salvador', 'last': 'Sáez'}, 'location': {'street': {'number': 1181, 'name': 'Calle del Pez'}, 'city': 'Cuenca', 'state': 'Cantabria', 'country': 'Spain', 'postcode': 48859, 'coordinates': {'latitude': '-34.4459', 'longitude': '-14.9672'}, 'timezone': {'offset': '-6:00', 'description': 'Central Time (US &amp; Canada), Mexico City'}}, 'email': 'salvador.saez@example.com', 'login': {'uuid': 'ed31c336-fc96-42c4-b05e-c4cff368ef0e', 'username': 'goldenswan782', 'password': '23232323', 'salt': '9XLAiXrn', 'md5': '00a8f853676829a138a73b66f00d595a', 'sha1': 'a3af7ad031b32b0a4f1cfbc65433faf7fa369b75', 'sha256': '5d26635e096c39409a06d102ecedefee6887037151f9d7b0c28c3a8ee6b1d3a9'}, 'dob': {'date': '1960-06-18T12:21:34.796Z', 'age': 64}, 'registered': {'date': '2018-06-10T08:35:22.307Z', 'age': 6}, 'phone': '992-458-909', 'cell': '606-938-178', 'id': {'name': 'DNI', 'value': '64049589-J'}, 'picture': {'large': 'https://randomuser.me/api/portraits/men/94.jpg', 'medium': 'https://randomuser.me/api/portraits/med/men/94.jpg', 'thumbnail': 'https://randomuser.me/api/portraits/thumb/men/94.jpg'}, 'nat': 'ES'}], 'info': {'seed': '4d32737ff4501cb1', 'results': 1, 'page': 1, 'version': '1.4'}}</msg>
<arg>${json_data}</arg>
<doc>Logs the given message with the given level.</doc>
<status status="PASS" start="2024-07-11T23:17:12.492442" elapsed="0.000210"/>
</kw>
<kw name="Dictionary Should Contain Key" owner="Collections">
<arg>${json_data}</arg>
<arg>results</arg>
<doc>Fails if ``key`` is not found from ``dictionary``.</doc>
<status status="PASS" start="2024-07-11T23:17:12.492940" elapsed="0.000154"/>
</kw>
<kw name="Should Not Be Empty" owner="BuiltIn">
<msg time="2024-07-11T23:17:12.493442" level="INFO">Length is 2.</msg>
<arg>${json_data}</arg>
<doc>Verifies that the given item is not empty.</doc>
<status status="PASS" start="2024-07-11T23:17:12.493301" elapsed="0.000179"/>
</kw>
<kw name="Create List" owner="BuiltIn">
<msg time="2024-07-11T23:17:12.494049" level="INFO">${expected_keys} = ['gender', 'name', 'location', 'email', 'login']</msg>
<var>${expected_keys}</var>
<arg>gender</arg>
<arg>name</arg>
<arg>location</arg>
<arg>email</arg>
<arg>login</arg>
<doc>Returns a list containing given items.</doc>
<status status="PASS" start="2024-07-11T23:17:12.493760" elapsed="0.000314"/>
</kw>
<for flavor="IN">
<iter>
<kw name="Dictionary Should Contain Key" owner="Collections">
<arg>${json_data['results'][0]}</arg>
<arg>${key}</arg>
<doc>Fails if ``key`` is not found from ``dictionary``.</doc>
<status status="PASS" start="2024-07-11T23:17:12.494652" elapsed="0.000388"/>
</kw>
<kw name="Log" owner="BuiltIn">
<msg time="2024-07-11T23:17:12.495583" level="INFO">{'gender': 'male', 'name': {'title': 'Mr', 'first': 'Salvador', 'last': 'Sáez'}, 'location': {'street': {'number': 1181, 'name': 'Calle del Pez'}, 'city': 'Cuenca', 'state': 'Cantabria', 'country': 'Spain', 'postcode': 48859, 'coordinates': {'latitude': '-34.4459', 'longitude': '-14.9672'}, 'timezone': {'offset': '-6:00', 'description': 'Central Time (US &amp; Canada), Mexico City'}}, 'email': 'salvador.saez@example.com', 'login': {'uuid': 'ed31c336-fc96-42c4-b05e-c4cff368ef0e', 'username': 'goldenswan782', 'password': '23232323', 'salt': '9XLAiXrn', 'md5': '00a8f853676829a138a73b66f00d595a', 'sha1': 'a3af7ad031b32b0a4f1cfbc65433faf7fa369b75', 'sha256': '5d26635e096c39409a06d102ecedefee6887037151f9d7b0c28c3a8ee6b1d3a9'}, 'dob': {'date': '1960-06-18T12:21:34.796Z', 'age': 64}, 'registered': {'date': '2018-06-10T08:35:22.307Z', 'age': 6}, 'phone': '992-458-909', 'cell': '606-938-178', 'id': {'name': 'DNI', 'value': '64049589-J'}, 'picture': {'large': 'https://randomuser.me/api/portraits/men/94.jpg', 'medium': 'https://randomuser.me/api/portraits/med/men/94.jpg', 'thumbnail': 'https://randomuser.me/api/portraits/thumb/men/94.jpg'}, 'nat': 'ES'}</msg>
<arg>${json_data['results'][0]}</arg>
<doc>Logs the given message with the given level.</doc>
<status status="PASS" start="2024-07-11T23:17:12.495222" elapsed="0.000412"/>
</kw>
<kw name="Log" owner="BuiltIn">
<msg time="2024-07-11T23:17:12.496055" level="INFO">gender</msg>
<arg>${key}</arg>
<doc>Logs the given message with the given level.</doc>
<status status="PASS" start="2024-07-11T23:17:12.495929" elapsed="0.000163"/>
</kw>
<var name="${key}">gender</var>
<status status="PASS" start="2024-07-11T23:17:12.494525" elapsed="0.001779"/>
</iter>
<iter>
<kw name="Dictionary Should Contain Key" owner="Collections">
<arg>${json_data['results'][0]}</arg>
<arg>${key}</arg>
<doc>Fails if ``key`` is not found from ``dictionary``.</doc>
<status status="PASS" start="2024-07-11T23:17:12.496591" elapsed="0.000379"/>
</kw>
<kw name="Log" owner="BuiltIn">
<msg time="2024-07-11T23:17:12.497525" level="INFO">{'gender': 'male', 'name': {'title': 'Mr', 'first': 'Salvador', 'last': 'Sáez'}, 'location': {'street': {'number': 1181, 'name': 'Calle del Pez'}, 'city': 'Cuenca', 'state': 'Cantabria', 'country': 'Spain', 'postcode': 48859, 'coordinates': {'latitude': '-34.4459', 'longitude': '-14.9672'}, 'timezone': {'offset': '-6:00', 'description': 'Central Time (US &amp; Canada), Mexico City'}}, 'email': 'salvador.saez@example.com', 'login': {'uuid': 'ed31c336-fc96-42c4-b05e-c4cff368ef0e', 'username': 'goldenswan782', 'password': '23232323', 'salt': '9XLAiXrn', 'md5': '00a8f853676829a138a73b66f00d595a', 'sha1': 'a3af7ad031b32b0a4f1cfbc65433faf7fa369b75', 'sha256': '5d26635e096c39409a06d102ecedefee6887037151f9d7b0c28c3a8ee6b1d3a9'}, 'dob': {'date': '1960-06-18T12:21:34.796Z', 'age': 64}, 'registered': {'date': '2018-06-10T08:35:22.307Z', 'age': 6}, 'phone': '992-458-909', 'cell': '606-938-178', 'id': {'name': 'DNI', 'value': '64049589-J'}, 'picture': {'large': 'https://randomuser.me/api/portraits/men/94.jpg', 'medium': 'https://randomuser.me/api/portraits/med/men/94.jpg', 'thumbnail': 'https://randomuser.me/api/portraits/thumb/men/94.jpg'}, 'nat': 'ES'}</msg>
<arg>${json_data['results'][0]}</arg>
<doc>Logs the given message with the given level.</doc>
<status status="PASS" start="2024-07-11T23:17:12.497148" elapsed="0.000471"/>
</kw>
<kw name="Log" owner="BuiltIn">
<msg time="2024-07-11T23:17:12.498040" level="INFO">name</msg>
<arg>${key}</arg>
<doc>Logs the given message with the given level.</doc>
<status status="PASS" start="2024-07-11T23:17:12.497914" elapsed="0.000162"/>
</kw>
<var name="${key}">name</var>
<status status="PASS" start="2024-07-11T23:17:12.496481" elapsed="0.001809"/>
</iter>
<iter>
<kw name="Dictionary Should Contain Key" owner="Collections">
<arg>${json_data['results'][0]}</arg>
<arg>${key}</arg>
<doc>Fails if ``key`` is not found from ``dictionary``.</doc>
<status status="PASS" start="2024-07-11T23:17:12.498568" elapsed="0.000369"/>
</kw>
<kw name="Log" owner="BuiltIn">
<msg time="2024-07-11T23:17:12.499460" level="INFO">{'gender': 'male', 'name': {'title': 'Mr', 'first': 'Salvador', 'last': 'Sáez'}, 'location': {'street': {'number': 1181, 'name': 'Calle del Pez'}, 'city': 'Cuenca', 'state': 'Cantabria', 'country': 'Spain', 'postcode': 48859, 'coordinates': {'latitude': '-34.4459', 'longitude': '-14.9672'}, 'timezone': {'offset': '-6:00', 'description': 'Central Time (US &amp; Canada), Mexico City'}}, 'email': 'salvador.saez@example.com', 'login': {'uuid': 'ed31c336-fc96-42c4-b05e-c4cff368ef0e', 'username': 'goldenswan782', 'password': '23232323', 'salt': '9XLAiXrn', 'md5': '00a8f853676829a138a73b66f00d595a', 'sha1': 'a3af7ad031b32b0a4f1cfbc65433faf7fa369b75', 'sha256': '5d26635e096c39409a06d102ecedefee6887037151f9d7b0c28c3a8ee6b1d3a9'}, 'dob': {'date': '1960-06-18T12:21:34.796Z', 'age': 64}, 'registered': {'date': '2018-06-10T08:35:22.307Z', 'age': 6}, 'phone': '992-458-909', 'cell': '606-938-178', 'id': {'name': 'DNI', 'value': '64049589-J'}, 'picture': {'large': 'https://randomuser.me/api/portraits/men/94.jpg', 'medium': 'https://randomuser.me/api/portraits/med/men/94.jpg', 'thumbnail': 'https://randomuser.me/api/portraits/thumb/men/94.jpg'}, 'nat': 'ES'}</msg>
<arg>${json_data['results'][0]}</arg>
<doc>Logs the given message with the given level.</doc>
<status status="PASS" start="2024-07-11T23:17:12.499113" elapsed="0.000398"/>
</kw>
<kw name="Log" owner="BuiltIn">
<msg time="2024-07-11T23:17:12.499929" level="INFO">location</msg>
<arg>${key}</arg>
<doc>Logs the given message with the given level.</doc>
<status status="PASS" start="2024-07-11T23:17:12.499805" elapsed="0.000160"/>
</kw>
<var name="${key}">location</var>
<status status="PASS" start="2024-07-11T23:17:12.498462" elapsed="0.001721"/>
</iter>
<iter>
<kw name="Dictionary Should Contain Key" owner="Collections">
<arg>${json_data['results'][0]}</arg>
<arg>${key}</arg>
<doc>Fails if ``key`` is not found from ``dictionary``.</doc>
<status status="PASS" start="2024-07-11T23:17:12.500455" elapsed="0.000386"/>
</kw>
<kw name="Log" owner="BuiltIn">
<msg time="2024-07-11T23:17:12.501403" level="INFO">{'gender': 'male', 'name': {'title': 'Mr', 'first': 'Salvador', 'last': 'Sáez'}, 'location': {'street': {'number': 1181, 'name': 'Calle del Pez'}, 'city': 'Cuenca', 'state': 'Cantabria', 'country': 'Spain', 'postcode': 48859, 'coordinates': {'latitude': '-34.4459', 'longitude': '-14.9672'}, 'timezone': {'offset': '-6:00', 'description': 'Central Time (US &amp; Canada), Mexico City'}}, 'email': 'salvador.saez@example.com', 'login': {'uuid': 'ed31c336-fc96-42c4-b05e-c4cff368ef0e', 'username': 'goldenswan782', 'password': '23232323', 'salt': '9XLAiXrn', 'md5': '00a8f853676829a138a73b66f00d595a', 'sha1': 'a3af7ad031b32b0a4f1cfbc65433faf7fa369b75', 'sha256': '5d26635e096c39409a06d102ecedefee6887037151f9d7b0c28c3a8ee6b1d3a9'}, 'dob': {'date': '1960-06-18T12:21:34.796Z', 'age': 64}, 'registered': {'date': '2018-06-10T08:35:22.307Z', 'age': 6}, 'phone': '992-458-909', 'cell': '606-938-178', 'id': {'name': 'DNI', 'value': '64049589-J'}, 'picture': {'large': 'https://randomuser.me/api/portraits/men/94.jpg', 'medium': 'https://randomuser.me/api/portraits/med/men/94.jpg', 'thumbnail': 'https://randomuser.me/api/portraits/thumb/men/94.jpg'}, 'nat': 'ES'}</msg>
<arg>${json_data['results'][0]}</arg>
<doc>Logs the given message with the given level.</doc>
<status status="PASS" start="2024-07-11T23:17:12.501025" elapsed="0.000428"/>
</kw>
<kw name="Log" owner="BuiltIn">
<msg time="2024-07-11T23:17:12.501879" level="INFO">email</msg>
<arg>${key}</arg>
<doc>Logs the given message with the given level.</doc>
<status status="PASS" start="2024-07-11T23:17:12.501752" elapsed="0.000164"/>
</kw>
<var name="${key}">email</var>
<status status="PASS" start="2024-07-11T23:17:12.500350" elapsed="0.001775"/>
</iter>
<iter>
<kw name="Dictionary Should Contain Key" owner="Collections">
<arg>${json_data['results'][0]}</arg>
<arg>${key}</arg>
<doc>Fails if ``key`` is not found from ``dictionary``.</doc>
<status status="PASS" start="2024-07-11T23:17:12.502402" elapsed="0.000380"/>
</kw>
<kw name="Log" owner="BuiltIn">
<msg time="2024-07-11T23:17:12.503322" level="INFO">{'gender': 'male', 'name': {'title': 'Mr', 'first': 'Salvador', 'last': 'Sáez'}, 'location': {'street': {'number': 1181, 'name': 'Calle del Pez'}, 'city': 'Cuenca', 'state': 'Cantabria', 'country': 'Spain', 'postcode': 48859, 'coordinates': {'latitude': '-34.4459', 'longitude': '-14.9672'}, 'timezone': {'offset': '-6:00', 'description': 'Central Time (US &amp; Canada), Mexico City'}}, 'email': 'salvador.saez@example.com', 'login': {'uuid': 'ed31c336-fc96-42c4-b05e-c4cff368ef0e', 'username': 'goldenswan782', 'password': '23232323', 'salt': '9XLAiXrn', 'md5': '00a8f853676829a138a73b66f00d595a', 'sha1': 'a3af7ad031b32b0a4f1cfbc65433faf7fa369b75', 'sha256': '5d26635e096c39409a06d102ecedefee6887037151f9d7b0c28c3a8ee6b1d3a9'}, 'dob': {'date': '1960-06-18T12:21:34.796Z', 'age': 64}, 'registered': {'date': '2018-06-10T08:35:22.307Z', 'age': 6}, 'phone': '992-458-909', 'cell': '606-938-178', 'id': {'name': 'DNI', 'value': '64049589-J'}, 'picture': {'large': 'https://randomuser.me/api/portraits/men/94.jpg', 'medium': 'https://randomuser.me/api/portraits/med/men/94.jpg', 'thumbnail': 'https://randomuser.me/api/portraits/thumb/men/94.jpg'}, 'nat': 'ES'}</msg>
<arg>${json_data['results'][0]}</arg>
<doc>Logs the given message with the given level.</doc>
<status status="PASS" start="2024-07-11T23:17:12.502965" elapsed="0.000407"/>
</kw>
<kw name="Log" owner="BuiltIn">
<msg time="2024-07-11T23:17:12.503794" level="INFO">login</msg>
<arg>${key}</arg>
<doc>Logs the given message with the given level.</doc>
<status status="PASS" start="2024-07-11T23:17:12.503665" elapsed="0.000166"/>
</kw>
<var name="${key}">login</var>
<status status="PASS" start="2024-07-11T23:17:12.502291" elapsed="0.001755"/>
</iter>
<var>${key}</var>
<value>@{expected_keys}</value>
<status status="PASS" start="2024-07-11T23:17:12.494338" elapsed="0.009827"/>
</for>
<kw name="Create List" owner="BuiltIn">
<msg time="2024-07-11T23:17:12.504493" level="INFO">${expected_keysTwo} = ['username', 'password']</msg>
<var>${expected_keysTwo}</var>
<arg>username</arg>
<arg>password</arg>
<doc>Returns a list containing given items.</doc>
<status status="PASS" start="2024-07-11T23:17:12.504353" elapsed="0.000192"/>
</kw>
<for flavor="IN">
<iter>
<kw name="Dictionary Should Contain Key" owner="Collections">
<arg>${json_data['results'][0]['login']}</arg>
<arg>${keyTwo}</arg>
<doc>Fails if ``key`` is not found from ``dictionary``.</doc>
<status status="PASS" start="2024-07-11T23:17:12.505046" elapsed="0.000410"/>
</kw>
<kw name="Dictionary Should Contain Key" owner="Collections">
<arg>${json_data['results'][0]['login']}</arg>
<arg>${keyTwo}</arg>
<doc>Fails if ``key`` is not found from ``dictionary``.</doc>
<status status="PASS" start="2024-07-11T23:17:12.505636" elapsed="0.000374"/>
</kw>
<kw name="Log" owner="BuiltIn">
<msg time="2024-07-11T23:17:12.506314" level="INFO">username</msg>
<arg>${keyTwo}</arg>
<doc>Logs the given message with the given level.</doc>
<status status="PASS" start="2024-07-11T23:17:12.506191" elapsed="0.000159"/>
</kw>
<var name="${keyTwo}">username</var>
<status status="PASS" start="2024-07-11T23:17:12.504940" elapsed="0.001626"/>
</iter>
<iter>
<kw name="Dictionary Should Contain Key" owner="Collections">
<arg>${json_data['results'][0]['login']}</arg>
<arg>${keyTwo}</arg>
<doc>Fails if ``key`` is not found from ``dictionary``.</doc>
<status status="PASS" start="2024-07-11T23:17:12.506838" elapsed="0.000378"/>
</kw>
<kw name="Dictionary Should Contain Key" owner="Collections">
<arg>${json_data['results'][0]['login']}</arg>
<arg>${keyTwo}</arg>
<doc>Fails if ``key`` is not found from ``dictionary``.</doc>
<status status="PASS" start="2024-07-11T23:17:12.507390" elapsed="0.000367"/>
</kw>
<kw name="Log" owner="BuiltIn">
<msg time="2024-07-11T23:17:12.508045" level="INFO">password</msg>
<arg>${keyTwo}</arg>
<doc>Logs the given message with the given level.</doc>
<status status="PASS" start="2024-07-11T23:17:12.507927" elapsed="0.000159"/>
</kw>
<var name="${keyTwo}">password</var>
<status status="PASS" start="2024-07-11T23:17:12.506733" elapsed="0.001662"/>
</iter>
<var>${keyTwo}</var>
<value>@{expected_keysTwo}</value>
<status status="PASS" start="2024-07-11T23:17:12.504790" elapsed="0.003723"/>
</for>
<status status="PASS" start="2024-07-11T23:17:12.027895" elapsed="0.480755"/>
</kw>
<doc>Testa a estrutura da resposta da API.</doc>
<tag>testeEstruturaResposta</tag>
<status status="PASS" start="2024-07-11T23:17:12.027315" elapsed="0.481485"/>
</test>
<test id="s1-s1-t4" name="Validar tipos de dados" line="28">
<kw name="Teste de Tipos de Dados" owner="random-user-service">
<kw name="GET On Session" owner="RequestsLibrary">
<msg time="2024-07-11T23:17:12.670537" level="INFO">GET Request : url=https://randomuser.me/api 
 path_url=/api 
 headers={'User-Agent': 'python-requests/2.32.3', 'Accept-Encoding': 'gzip, deflate', 'Accept': '*/*', 'Connection': 'keep-alive'} 
 body=None 
 </msg>
<msg time="2024-07-11T23:17:12.670602" level="INFO">GET Response : url=https://randomuser.me/api 
 status=200, reason=OK 
 headers={'Date': 'Thu, 11 Jul 2024 23:17:12 GMT', 'Content-Type': 'application/json; charset=utf-8', 'Transfer-Encoding': 'chunked', 'Connection': 'keep-alive', 'X-Powered-By': 'Express', 'Access-Control-Allow-Origin': '*', 'Cache-Control': 'no-cache', 'ETag': 'W/"4a2-5SYeUOXR1nZVVpgp7COEJ4xM7KI"', 'Vary': 'Accept-Encoding', 'Content-Encoding': 'gzip', 'CF-Cache-Status': 'DYNAMIC', 'Report-To': '{"endpoints":[{"url":"https:\\/\\/a.nel.cloudflare.com\\/report\\/v4?s=xrxUr93MJVuDhZSUtZFvQeKBEAxRif87fA5hCCm%2Faq28Bn3P%2FT4aaon6iafJlvhCGyGp88L6X0fuv71Mpzbiht6TeyOGDxh3kuI1LLMYqMMPKIZFPNaQMiIO%2BxPPRo7B"}],"group":"cf-nel","max_age":604800}', 'NEL': '{"success_fraction":0,"report_to":"cf-nel","max_age":604800}', 'Server': 'cloudflare', 'CF-RAY': '8a1c817139aa2039-IAD', 'alt-svc': 'h3=":443"; ma=86400'} 
 body={"results":[{"gender":"female","name":{"title":"Mrs","first":"Perica","last":"Jelačić"},"location":{"street":{"number":6156,"name":"Vićentija I Miloša Stankovića"},"city":"Vrbas","state":"Kosovska Mitrovica","country":"Serbia","postcode":32551,"coordinates":{"latitude":"63.8939","longitude":"173.1470"},"timezone":{"offset":"+9:30","description":"Adelaide, Darwin"}},"email":"perica.jelacic@example.com","login":{"uuid":"b39e9ef4-4c7b-41ff-9f74-17fd48860278","username":"crazybutterfly547","password":"implants","salt":"UCRf07u7","md5":"0973d041f201681ccc9a3f729d16d261","sha1":"354768f2a9c0a9962ef62133b9a0c7e99ccd12a4","sha256":"a9b1aa29438b5657d229f7cb5cca2244d19193ed425e5b9460b323145a1e3ee6"},"dob":{"date":"2000-10-15T05:12:19.863Z","age":23},"registered":{"date":"2018-11-08T13:13:48.505Z","age":5},"phone":"025-4014-571","cell":"064-7456-921","id":{"name":"SID","value":"942520951"},"picture":{"large":"https://randomuser.me/api/portraits/women/25.jpg","medium":"https://randomuser.me/api/portraits/med/women/25.jpg","thumbnail":"https://randomuser.me/api/portraits/thumb/women/25.jpg"},"nat":"RS"}],"info":{"seed":"6810dbe1dd0ac14b","results":1,"page":1,"version":"1.4"}} 
 </msg>
<msg time="2024-07-11T23:17:12.670663" level="INFO">/opt/hostedtoolcache/Python/3.12.4/x64/lib/python3.12/site-packages/urllib3/connectionpool.py:1099: InsecureRequestWarning: Unverified HTTPS request is being made to host 'randomuser.me'. Adding certificate verification is strongly advised. See: https://urllib3.readthedocs.io/en/latest/advanced-usage.html#tls-warnings
  warnings.warn(</msg>
<msg time="2024-07-11T23:17:12.670756" level="INFO">${response} = &lt;Response [200]&gt;</msg>
<var>${response}</var>
<arg>consultarAPI</arg>
<arg>/api</arg>
<doc>Sends a GET request on a previously created HTTP Session.</doc>
<status status="PASS" start="2024-07-11T23:17:12.511344" elapsed="0.159453"/>
</kw>
<kw name="Set Variable" owner="BuiltIn">
<msg time="2024-07-11T23:17:12.671824" level="INFO">${json_data} = {'results': [{'gender': 'female', 'name': {'title': 'Mrs', 'first': 'Perica', 'last': 'Jelačić'}, 'location': {'street': {'number': 6156, 'name': 'Vićentija I Miloša Stankovića'}, 'city': 'Vrbas', 'st...</msg>
<var>${json_data}</var>
<arg>${response.json()}</arg>
<doc>Returns the given values which can then be assigned to a variables.</doc>
<status status="PASS" start="2024-07-11T23:17:12.671250" elapsed="0.000605"/>
</kw>
<kw name="Log" owner="BuiltIn">
<msg time="2024-07-11T23:17:12.672319" level="INFO">{'results': [{'gender': 'female', 'name': {'title': 'Mrs', 'first': 'Perica', 'last': 'Jelačić'}, 'location': {'street': {'number': 6156, 'name': 'Vićentija I Miloša Stankovića'}, 'city': 'Vrbas', 'state': 'Kosovska Mitrovica', 'country': 'Serbia', 'postcode': 32551, 'coordinates': {'latitude': '63.8939', 'longitude': '173.1470'}, 'timezone': {'offset': '+9:30', 'description': 'Adelaide, Darwin'}}, 'email': 'perica.jelacic@example.com', 'login': {'uuid': 'b39e9ef4-4c7b-41ff-9f74-17fd48860278', 'username': 'crazybutterfly547', 'password': 'implants', 'salt': 'UCRf07u7', 'md5': '0973d041f201681ccc9a3f729d16d261', 'sha1': '354768f2a9c0a9962ef62133b9a0c7e99ccd12a4', 'sha256': 'a9b1aa29438b5657d229f7cb5cca2244d19193ed425e5b9460b323145a1e3ee6'}, 'dob': {'date': '2000-10-15T05:12:19.863Z', 'age': 23}, 'registered': {'date': '2018-11-08T13:13:48.505Z', 'age': 5}, 'phone': '025-4014-571', 'cell': '064-7456-921', 'id': {'name': 'SID', 'value': '942520951'}, 'picture': {'large': 'https://randomuser.me/api/portraits/women/25.jpg', 'medium': 'https://randomuser.me/api/portraits/med/women/25.jpg', 'thumbnail': 'https://randomuser.me/api/portraits/thumb/women/25.jpg'}, 'nat': 'RS'}], 'info': {'seed': '6810dbe1dd0ac14b', 'results': 1, 'page': 1, 'version': '1.4'}}</msg>
<arg>${json_data}</arg>
<doc>Logs the given message with the given level.</doc>
<status status="PASS" start="2024-07-11T23:17:12.672163" elapsed="0.000205"/>
</kw>
<kw name="Should Be String" owner="String">
<arg>${json_data['results'][0]['gender']}</arg>
<doc>Fails if the given ``item`` is not a string.</doc>
<status status="PASS" start="2024-07-11T23:17:12.672656" elapsed="0.000356"/>
</kw>
<kw name="Should Match Regexp" owner="BuiltIn">
<arg>${json_data['results'][0]['email']}</arg>
<arg>^[a-zA-Z0-9._%+-]+@[a-zA-Z0-9.-]+\.[a-zA-Z]{2,}$</arg>
<doc>Fails if ``string`` does not match ``pattern`` as a regular expression.</doc>
<status status="PASS" start="2024-07-11T23:17:12.673228" elapsed="0.000559"/>
</kw>
<kw name="Should Match Regexp" owner="BuiltIn">
<arg>${json_data['results'][0]['dob']['date']}</arg>
<arg>\\d{4}-\\d{2}-\\d{2}T\\d{2}:\\d{2}:\\d{2}\\.\\d{3}Z</arg>
<doc>Fails if ``string`` does not match ``pattern`` as a regular expression.</doc>
<status status="PASS" start="2024-07-11T23:17:12.673979" elapsed="0.000478"/>
</kw>
<kw name="Should Match Regexp" owner="BuiltIn">
<arg>${json_data['results'][0]['registered']['date']}</arg>
<arg>\\d{4}-\\d{2}-\\d{2}T\\d{2}:\\d{2}:\\d{2}\\.\\d{3}Z</arg>
<doc>Fails if ``string`` does not match ``pattern`` as a regular expression.</doc>
<status status="PASS" start="2024-07-11T23:17:12.674642" elapsed="0.000365"/>
</kw>
<kw name="Should Match Regexp" owner="BuiltIn">
<arg>${json_data['results'][0]['picture']['large']}</arg>
<arg>^https?://.*\.(?:png|jpe?g|gif|bmp)$</arg>
<doc>Fails if ``string`` does not match ``pattern`` as a regular expression.</doc>
<status status="PASS" start="2024-07-11T23:17:12.675188" elapsed="0.000448"/>
</kw>
<kw name="Should Match Regexp" owner="BuiltIn">
<arg>${json_data['results'][0]['picture']['medium']}</arg>
<arg>^https?://.*\.(?:png|jpe?g|gif|bmp)$</arg>
<doc>Fails if ``string`` does not match ``pattern`` as a regular expression.</doc>
<status status="PASS" start="2024-07-11T23:17:12.675819" elapsed="0.000345"/>
</kw>
<kw name="Should Match Regexp" owner="BuiltIn">
<arg>${json_data['results'][0]['picture']['thumbnail']}</arg>
<arg>^https?://.*\.(?:png|jpe?g|gif|bmp)$</arg>
<doc>Fails if ``string`` does not match ``pattern`` as a regular expression.</doc>
<status status="PASS" start="2024-07-11T23:17:12.676340" elapsed="0.000340"/>
</kw>
<kw name="Log" owner="BuiltIn">
<msg time="2024-07-11T23:17:12.677220" level="INFO">{'large': 'https://randomuser.me/api/portraits/women/25.jpg', 'medium': 'https://randomuser.me/api/portraits/med/women/25.jpg', 'thumbnail': 'https://randomuser.me/api/portraits/thumb/women/25.jpg'}</msg>
<arg>${json_data['results'][0]['picture']}</arg>
<doc>Logs the given message with the given level.</doc>
<status status="PASS" start="2024-07-11T23:17:12.676860" elapsed="0.000411"/>
</kw>
<status status="PASS" start="2024-07-11T23:17:12.511123" elapsed="0.166398"/>
</kw>
<kw name="Teste de Tipos de Dados - Postcode" owner="random-user-service">
<kw name="GET On Session" owner="RequestsLibrary">
<msg time="2024-07-11T23:17:12.771549" level="INFO">GET Request : url=https://randomuser.me/api 
 path_url=/api 
 headers={'User-Agent': 'python-requests/2.32.3', 'Accept-Encoding': 'gzip, deflate', 'Accept': '*/*', 'Connection': 'keep-alive'} 
 body=None 
 </msg>
<msg time="2024-07-11T23:17:12.771626" level="INFO">GET Response : url=https://randomuser.me/api 
 status=200, reason=OK 
 headers={'Date': 'Thu, 11 Jul 2024 23:17:12 GMT', 'Content-Type': 'application/json; charset=utf-8', 'Transfer-Encoding': 'chunked', 'Connection': 'keep-alive', 'X-Powered-By': 'Express', 'Access-Control-Allow-Origin': '*', 'Cache-Control': 'no-cache', 'ETag': 'W/"499-LXPpMkQVSDUZCYohFimnj7MeyMk"', 'Vary': 'Accept-Encoding', 'Content-Encoding': 'gzip', 'CF-Cache-Status': 'DYNAMIC', 'Report-To': '{"endpoints":[{"url":"https:\\/\\/a.nel.cloudflare.com\\/report\\/v4?s=7AOt3NdIyFXZQx7MQ%2BQMMZCdTZJFkrMkl5P%2FWh9SFVfAlZTbslg2oAOrXnqfd0%2F%2BndTUyedXn2%2F88LU15Qkgokj6YyXicKYNUiuRxUVYexQTHEkigbjI7SanJk%2FsJKIU"}],"group":"cf-nel","max_age":604800}', 'NEL': '{"success_fraction":0,"report_to":"cf-nel","max_age":604800}', 'Server': 'cloudflare', 'CF-RAY': '8a1c81724b422039-IAD', 'alt-svc': 'h3=":443"; ma=86400'} 
 body={"results":[{"gender":"male","name":{"title":"Mr","first":"Enrique","last":"Pascual"},"location":{"street":{"number":9276,"name":"Avenida del Planetario"},"city":"Parla","state":"Aragón","country":"Spain","postcode":49690,"coordinates":{"latitude":"-30.8220","longitude":"-141.5062"},"timezone":{"offset":"-5:00","description":"Eastern Time (US &amp; Canada), Bogota, Lima"}},"email":"enrique.pascual@example.com","login":{"uuid":"4b3e3a17-5e0a-4f4a-9ee1-f73cab4ae6bc","username":"whitebutterfly959","password":"ting","salt":"w5dP9rPv","md5":"701c8807e9629520589dc76606317c73","sha1":"46a1f63be3868761d1f885adf21cbbae497d80f6","sha256":"b6b77dcf75cbff971175040b9ae2359072d3148db1bf5dc972cb69653e2dc783"},"dob":{"date":"1970-02-04T20:02:16.904Z","age":54},"registered":{"date":"2006-04-03T16:24:13.068Z","age":18},"phone":"967-269-477","cell":"607-223-242","id":{"name":"DNI","value":"74660827-S"},"picture":{"large":"https://randomuser.me/api/portraits/men/76.jpg","medium":"https://randomuser.me/api/portraits/med/men/76.jpg","thumbnail":"https://randomuser.me/api/portraits/thumb/men/76.jpg"},"nat":"ES"}],"info":{"seed":"12d9882c3b4b0790","results":1,"page":1,"version":"1.4"}} 
 </msg>
<msg time="2024-07-11T23:17:12.771698" level="INFO">/opt/hostedtoolcache/Python/3.12.4/x64/lib/python3.12/site-packages/urllib3/connectionpool.py:1099: InsecureRequestWarning: Unverified HTTPS request is being made to host 'randomuser.me'. Adding certificate verification is strongly advised. See: https://urllib3.readthedocs.io/en/latest/advanced-usage.html#tls-warnings
  warnings.warn(</msg>
<msg time="2024-07-11T23:17:12.771806" level="INFO">${response} = &lt;Response [200]&gt;</msg>
<var>${response}</var>
<arg>consultarAPI</arg>
<arg>/api</arg>
<doc>Sends a GET request on a previously created HTTP Session.</doc>
<status status="PASS" start="2024-07-11T23:17:12.677943" elapsed="0.093914"/>
</kw>
<kw name="Set Variable" owner="BuiltIn">
<msg time="2024-07-11T23:17:12.772944" level="INFO">${json_data} = {'results': [{'gender': 'male', 'name': {'title': 'Mr', 'first': 'Enrique', 'last': 'Pascual'}, 'location': {'street': {'number': 9276, 'name': 'Avenida del Planetario'}, 'city': 'Parla', 'state': 'Ar...</msg>
<var>${json_data}</var>
<arg>${response.json()}</arg>
<doc>Returns the given values which can then be assigned to a variables.</doc>
<status status="PASS" start="2024-07-11T23:17:12.772383" elapsed="0.000590"/>
</kw>
<kw name="Log" owner="BuiltIn">
<msg time="2024-07-11T23:17:12.773473" level="INFO">{'results': [{'gender': 'male', 'name': {'title': 'Mr', 'first': 'Enrique', 'last': 'Pascual'}, 'location': {'street': {'number': 9276, 'name': 'Avenida del Planetario'}, 'city': 'Parla', 'state': 'Aragón', 'country': 'Spain', 'postcode': 49690, 'coordinates': {'latitude': '-30.8220', 'longitude': '-141.5062'}, 'timezone': {'offset': '-5:00', 'description': 'Eastern Time (US &amp; Canada), Bogota, Lima'}}, 'email': 'enrique.pascual@example.com', 'login': {'uuid': '4b3e3a17-5e0a-4f4a-9ee1-f73cab4ae6bc', 'username': 'whitebutterfly959', 'password': 'ting', 'salt': 'w5dP9rPv', 'md5': '701c8807e9629520589dc76606317c73', 'sha1': '46a1f63be3868761d1f885adf21cbbae497d80f6', 'sha256': 'b6b77dcf75cbff971175040b9ae2359072d3148db1bf5dc972cb69653e2dc783'}, 'dob': {'date': '1970-02-04T20:02:16.904Z', 'age': 54}, 'registered': {'date': '2006-04-03T16:24:13.068Z', 'age': 18}, 'phone': '967-269-477', 'cell': '607-223-242', 'id': {'name': 'DNI', 'value': '74660827-S'}, 'picture': {'large': 'https://randomuser.me/api/portraits/men/76.jpg', 'medium': 'https://randomuser.me/api/portraits/med/men/76.jpg', 'thumbnail': 'https://randomuser.me/api/portraits/thumb/men/76.jpg'}, 'nat': 'ES'}], 'info': {'seed': '12d9882c3b4b0790', 'results': 1, 'page': 1, 'version': '1.4'}}</msg>
<arg>${json_data}</arg>
<doc>Logs the given message with the given level.</doc>
<status status="PASS" start="2024-07-11T23:17:12.773312" elapsed="0.000212"/>
</kw>
<kw name="Should Be Equal As Numbers" owner="BuiltIn">
<arg>${json_data['results'][0]['location']['postcode']}</arg>
<arg>${json_data['results'][0]['location']['postcode']}</arg>
<doc>Fails if objects are unequal after converting them to real numbers.</doc>
<status status="PASS" start="2024-07-11T23:17:12.773820" elapsed="0.000621"/>
</kw>
<kw name="Log" owner="BuiltIn">
<msg time="2024-07-11T23:17:12.775082" level="INFO">49690</msg>
<arg>${json_data['results'][0]['location']['postcode']}</arg>
<doc>Logs the given message with the given level.</doc>
<status status="PASS" start="2024-07-11T23:17:12.774627" elapsed="0.000527"/>
</kw>
<status status="PASS" start="2024-07-11T23:17:12.677724" elapsed="0.097681"/>
</kw>
<doc>Testa se os tipos de dados na resposta da API estão corretos.</doc>
<tag>testeTiposDados</tag>
<status status="PASS" start="2024-07-11T23:17:12.510586" elapsed="0.264971"/>
</test>
<test id="s1-s1-t5" name="Validar conteudo" line="35">
<kw name="Teste de Tipos de Conteudo" owner="random-user-service">
<kw name="GET On Session" owner="RequestsLibrary">
<msg time="2024-07-11T23:17:12.877117" level="INFO">GET Request : url=https://randomuser.me/api 
 path_url=/api 
 headers={'User-Agent': 'python-requests/2.32.3', 'Accept-Encoding': 'gzip, deflate', 'Accept': '*/*', 'Connection': 'keep-alive'} 
 body=None 
 </msg>
<msg time="2024-07-11T23:17:12.877226" level="INFO">GET Response : url=https://randomuser.me/api 
 status=200, reason=OK 
 headers={'Date': 'Thu, 11 Jul 2024 23:17:12 GMT', 'Content-Type': 'application/json; charset=utf-8', 'Transfer-Encoding': 'chunked', 'Connection': 'keep-alive', 'X-Powered-By': 'Express', 'Access-Control-Allow-Origin': '*', 'Cache-Control': 'no-cache', 'ETag': 'W/"47d-YAUUYf/qqzCo9yRp5CYwhBofcGk"', 'Vary': 'Accept-Encoding', 'Content-Encoding': 'gzip', 'CF-Cache-Status': 'DYNAMIC', 'Report-To': '{"endpoints":[{"url":"https:\\/\\/a.nel.cloudflare.com\\/report\\/v4?s=v6dYETx9VhRgVAou14TQAPS0KJEBhGsvxN9K4Br2ocm0ulxcTPaW3KXhgDjkxv5VUO4WTPv2zh5qVicSxycvkFbJHUGApHP8XY%2F0wxvD%2Frztn7oYljsYbkF47utrB3Vf"}],"group":"cf-nel","max_age":604800}', 'NEL': '{"success_fraction":0,"report_to":"cf-nel","max_age":604800}', 'Server': 'cloudflare', 'CF-RAY': '8a1c8172ec1d2039-IAD', 'alt-svc': 'h3=":443"; ma=86400'} 
 body={"results":[{"gender":"male","name":{"title":"Mr","first":"سورنا","last":"رضایی"},"location":{"street":{"number":38,"name":"17 شهریور"},"city":"ارومیه","state":"زنجان","country":"Iran","postcode":85777,"coordinates":{"latitude":"15.9460","longitude":"-10.0163"},"timezone":{"offset":"-7:00","description":"Mountain Time (US &amp; Canada)"}},"email":"swrn.rdyy@example.com","login":{"uuid":"7220016d-dd91-4163-b610-43320fc1f988","username":"bigbear361","password":"goochi","salt":"Z1JgezmS","md5":"8e4a94158bc8e83d163ba2adfb4f55c9","sha1":"00fa601e97c7e9f66bf69db3ee0d2ccdf3d92a9a","sha256":"3dc5390849d124511b0b34c0359777904d28080961c4d2ace281f35fd05f63d2"},"dob":{"date":"1958-03-07T01:28:13.718Z","age":66},"registered":{"date":"2006-03-30T14:44:09.668Z","age":18},"phone":"009-70955517","cell":"0909-734-4339","id":{"name":"","value":null},"picture":{"large":"https://randomuser.me/api/portraits/men/15.jpg","medium":"https://randomuser.me/api/portraits/med/men/15.jpg","thumbnail":"https://randomuser.me/api/portraits/thumb/men/15.jpg"},"nat":"IR"}],"info":{"seed":"8a14b0ae485f2dd9","results":1,"page":1,"version":"1.4"}} 
 </msg>
<msg time="2024-07-11T23:17:12.877304" level="INFO">/opt/hostedtoolcache/Python/3.12.4/x64/lib/python3.12/site-packages/urllib3/connectionpool.py:1099: InsecureRequestWarning: Unverified HTTPS request is being made to host 'randomuser.me'. Adding certificate verification is strongly advised. See: https://urllib3.readthedocs.io/en/latest/advanced-usage.html#tls-warnings
  warnings.warn(</msg>
<msg time="2024-07-11T23:17:12.877405" level="INFO">${response} = &lt;Response [200]&gt;</msg>
<var>${response}</var>
<arg>consultarAPI</arg>
<arg>/api</arg>
<doc>Sends a GET request on a previously created HTTP Session.</doc>
<status status="PASS" start="2024-07-11T23:17:12.777990" elapsed="0.099452"/>
</kw>
<kw name="Set Variable" owner="BuiltIn">
<msg time="2024-07-11T23:17:12.878341" level="INFO">${json_data} = {'results': [{'gender': 'male', 'name': {'title': 'Mr', 'first': 'سورنا', 'last': 'رضایی'}, 'location': {'street': {'number': 38, 'name': '17 شهریور'}, 'city': 'ارومیه', 'state': 'زنجان', 'country': '...</msg>
<var>${json_data}</var>
<arg>${response.json()}</arg>
<doc>Returns the given values which can then be assigned to a variables.</doc>
<status status="PASS" start="2024-07-11T23:17:12.877889" elapsed="0.000483"/>
</kw>
<kw name="Set Variable" owner="BuiltIn">
<msg time="2024-07-11T23:17:12.879053" level="INFO">${name_title} = Mr</msg>
<var>${name_title}</var>
<arg>${json_data["results"][0]["name"]["title"]}</arg>
<doc>Returns the given values which can then be assigned to a variables.</doc>
<status status="PASS" start="2024-07-11T23:17:12.878672" elapsed="0.000406"/>
</kw>
<kw name="Create List" owner="BuiltIn">
<msg time="2024-07-11T23:17:12.879514" level="INFO">${allowed_titles} = ['Mr', 'Ms', 'Miss', 'Mrs', 'Madame', 'Monsieur']</msg>
<var>${allowed_titles}</var>
<arg>Mr</arg>
<arg>Ms</arg>
<arg>Miss</arg>
<arg>Mrs</arg>
<arg>Madame</arg>
<arg>Monsieur</arg>
<doc>Returns a list containing given items.</doc>
<status status="PASS" start="2024-07-11T23:17:12.879368" elapsed="0.000170"/>
</kw>
<kw name="List Should Contain Value" owner="Collections">
<arg>${allowed_titles}</arg>
<arg>${name_title}</arg>
<doc>Fails if the ``value`` is not found from ``list``.</doc>
<status status="PASS" start="2024-07-11T23:17:12.879830" elapsed="0.000175"/>
</kw>
<kw name="Set Variable" owner="BuiltIn">
<msg time="2024-07-11T23:17:12.880539" level="INFO">${name_country} = IR</msg>
<var>${name_country}</var>
<arg>${json_data["results"][0]["nat"]}</arg>
<doc>Returns the given values which can then be assigned to a variables.</doc>
<status status="PASS" start="2024-07-11T23:17:12.880180" elapsed="0.000384"/>
</kw>
<kw name="Create List" owner="BuiltIn">
<msg time="2024-07-11T23:17:12.881487" level="INFO">${list_country} = ['AD', 'AE', 'AF', 'AG', 'AI', 'AL', 'AM', 'AO', 'AQ', 'AR', 'AS', 'AT', 'AU', 'AW', 'AX', 'AZ', 'BA', 'BB', 'BD', 'BE', 'BF', 'BG', 'BH', 'BI', 'BJ', 'BL', 'BM', 'BN', 'BO', 'BQ', 'BR', 'BS', 'BT', '...</msg>
<var>${list_country}</var>
<arg>AD</arg>
<arg>AE</arg>
<arg>AF</arg>
<arg>AG</arg>
<arg>AI</arg>
<arg>AL</arg>
<arg>AM</arg>
<arg>AO</arg>
<arg>AQ</arg>
<arg>AR</arg>
<arg>AS</arg>
<arg>AT</arg>
<arg>AU</arg>
<arg>AW</arg>
<arg>AX</arg>
<arg>AZ</arg>
<arg>BA</arg>
<arg>BB</arg>
<arg>BD</arg>
<arg>BE</arg>
<arg>BF</arg>
<arg>BG</arg>
<arg>BH</arg>
<arg>BI</arg>
<arg>BJ</arg>
<arg>BL</arg>
<arg>BM</arg>
<arg>BN</arg>
<arg>BO</arg>
<arg>BQ</arg>
<arg>BR</arg>
<arg>BS</arg>
<arg>BT</arg>
<arg>BV</arg>
<arg>BW</arg>
<arg>BY</arg>
<arg>BZ</arg>
<arg>CA</arg>
<arg>CC</arg>
<arg>CD</arg>
<arg>CF</arg>
<arg>CG</arg>
<arg>CH</arg>
<arg>CI</arg>
<arg>CK</arg>
<arg>CL</arg>
<arg>CM</arg>
<arg>CN</arg>
<arg>CO</arg>
<arg>CR</arg>
<arg>CU</arg>
<arg>CV</arg>
<arg>CW</arg>
<arg>CX</arg>
<arg>CY</arg>
<arg>CZ</arg>
<arg>DE</arg>
<arg>DJ</arg>
<arg>DK</arg>
<arg>DM</arg>
<arg>DO</arg>
<arg>DZ</arg>
<arg>EC</arg>
<arg>EE</arg>
<arg>EG</arg>
<arg>EH</arg>
<arg>ER</arg>
<arg>ES</arg>
<arg>ET</arg>
<arg>FI</arg>
<arg>FJ</arg>
<arg>FK</arg>
<arg>FM</arg>
<arg>FO</arg>
<arg>FR</arg>
<arg>GA</arg>
<arg>GB</arg>
<arg>GD</arg>
<arg>GE</arg>
<arg>GF</arg>
<arg>GG</arg>
<arg>GH</arg>
<arg>GI</arg>
<arg>GL</arg>
<arg>GM</arg>
<arg>GN</arg>
<arg>GP</arg>
<arg>GQ</arg>
<arg>GR</arg>
<arg>GS</arg>
<arg>GT</arg>
<arg>GU</arg>
<arg>GW</arg>
<arg>GY</arg>
<arg>HK</arg>
<arg>HM</arg>
<arg>HN</arg>
<arg>HR</arg>
<arg>HT</arg>
<arg>HU</arg>
<arg>ID</arg>
<arg>IE</arg>
<arg>IL</arg>
<arg>IM</arg>
<arg>IN</arg>
<arg>IO</arg>
<arg>IQ</arg>
<arg>IR</arg>
<arg>IS</arg>
<arg>IT</arg>
<arg>JE</arg>
<arg>JM</arg>
<arg>JO</arg>
<arg>JP</arg>
<arg>KE</arg>
<arg>KG</arg>
<arg>KH</arg>
<arg>KI</arg>
<arg>KM</arg>
<arg>KN</arg>
<arg>KP</arg>
<arg>KR</arg>
<arg>KW</arg>
<arg>KY</arg>
<arg>KZ</arg>
<arg>LA</arg>
<arg>LB</arg>
<arg>LC</arg>
<arg>LI</arg>
<arg>LK</arg>
<arg>LR</arg>
<arg>LS</arg>
<arg>LT</arg>
<arg>LU</arg>
<arg>LV</arg>
<arg>LY</arg>
<arg>MA</arg>
<arg>MC</arg>
<arg>MD</arg>
<arg>ME</arg>
<arg>MF</arg>
<arg>MG</arg>
<arg>MH</arg>
<arg>MK</arg>
<arg>ML</arg>
<arg>MM</arg>
<arg>MN</arg>
<arg>MO</arg>
<arg>MP</arg>
<arg>MQ</arg>
<arg>MR</arg>
<arg>MS</arg>
<arg>MT</arg>
<arg>MU</arg>
<arg>MV</arg>
<arg>MW</arg>
<arg>MX</arg>
<arg>MY</arg>
<arg>MZ</arg>
<arg>NA</arg>
<arg>NC</arg>
<arg>NE</arg>
<arg>NF</arg>
<arg>NG</arg>
<arg>NI</arg>
<arg>NL</arg>
<arg>NO</arg>
<arg>NP</arg>
<arg>NR</arg>
<arg>NU</arg>
<arg>NZ</arg>
<arg>OM</arg>
<arg>PA</arg>
<arg>PE</arg>
<arg>PF</arg>
<arg>PG</arg>
<arg>PH</arg>
<arg>PK</arg>
<arg>PL</arg>
<arg>PM</arg>
<arg>PN</arg>
<arg>PR</arg>
<arg>PS</arg>
<arg>PT</arg>
<arg>PW</arg>
<arg>PY</arg>
<arg>QA</arg>
<arg>RE</arg>
<arg>RO</arg>
<arg>RS</arg>
<arg>RU</arg>
<arg>RW</arg>
<arg>SA</arg>
<arg>SB</arg>
<arg>SC</arg>
<arg>SD</arg>
<arg>SE</arg>
<arg>SG</arg>
<arg>SH</arg>
<arg>SI</arg>
<arg>SJ</arg>
<arg>SK</arg>
<arg>SL</arg>
<arg>SM</arg>
<arg>SN</arg>
<arg>SO</arg>
<arg>SR</arg>
<arg>SS</arg>
<arg>ST</arg>
<arg>SV</arg>
<arg>SX</arg>
<arg>SY</arg>
<arg>SZ</arg>
<arg>TC</arg>
<arg>TD</arg>
<arg>TF</arg>
<arg>TG</arg>
<arg>TH</arg>
<arg>TJ</arg>
<arg>TK</arg>
<arg>TL</arg>
<arg>TM</arg>
<arg>TN</arg>
<arg>TO</arg>
<arg>TR</arg>
<arg>TT</arg>
<arg>TV</arg>
<arg>TW</arg>
<arg>TZ</arg>
<arg>UA</arg>
<arg>UG</arg>
<arg>UM</arg>
<arg>US</arg>
<arg>UY</arg>
<arg>UZ</arg>
<arg>VA</arg>
<arg>VC</arg>
<arg>VE</arg>
<arg>VG</arg>
<arg>VI</arg>
<arg>VN</arg>
<arg>VU</arg>
<arg>WF</arg>
<arg>WS</arg>
<arg>XK</arg>
<arg>YE</arg>
<arg>YT</arg>
<arg>ZA</arg>
<arg>ZM</arg>
<arg>ZW</arg>
<doc>Returns a list containing given items.</doc>
<status status="PASS" start="2024-07-11T23:17:12.880849" elapsed="0.000664"/>
</kw>
<kw name="List Should Contain Value" owner="Collections">
<arg>${list_country}</arg>
<arg>${name_country}</arg>
<doc>Fails if the ``value`` is not found from ``list``.</doc>
<status status="PASS" start="2024-07-11T23:17:12.882305" elapsed="0.000200"/>
</kw>
<kw name="Run Keyword If" owner="BuiltIn">
<kw name="Should Be True" owner="BuiltIn">
<arg>${True}</arg>
<doc>Fails if the given condition is not true.</doc>
<status status="PASS" start="2024-07-11T23:17:12.883421" elapsed="0.000139"/>
</kw>
<arg>${json_data["results"][0]["location"]["coordinates"]["latitude"]} &gt;= -90 and ${json_data["results"][0]["location"]["coordinates"]["latitude"]} &lt;= 90</arg>
<arg>Should Be True</arg>
<arg>${True}</arg>
<doc>Runs the given keyword with the given arguments, if ``condition`` is true.</doc>
<status status="PASS" start="2024-07-11T23:17:12.882694" elapsed="0.000990"/>
</kw>
<kw name="Run Keyword If" owner="BuiltIn">
<kw name="Should Be True" owner="BuiltIn">
<arg>${True}</arg>
<doc>Fails if the given condition is not true.</doc>
<status status="PASS" start="2024-07-11T23:17:12.884557" elapsed="0.000229"/>
</kw>
<arg>${json_data["results"][0]["location"]["coordinates"]["longitude"]} &gt;= -180 and ${json_data["results"][0]["location"]["coordinates"]["longitude"]} &lt;= 180</arg>
<arg>Should Be True</arg>
<arg>${True}</arg>
<doc>Runs the given keyword with the given arguments, if ``condition`` is true.</doc>
<status status="PASS" start="2024-07-11T23:17:12.883862" elapsed="0.001052"/>
</kw>
<status status="PASS" start="2024-07-11T23:17:12.777777" elapsed="0.107266"/>
</kw>
<doc>Testa o conteúdo específico dos campos retornados pela API.</doc>
<tag>testeConteudo</tag>
<status status="PASS" start="2024-07-11T23:17:12.777283" elapsed="0.107921"/>
</test>
<status status="PASS" start="2024-07-11T23:17:10.052500" elapsed="2.834620"/>
</suite>
<status status="PASS" start="2024-07-11T23:17:10.038369" elapsed="2.853713"/>
</suite>
<statistics>
<total>
<stat pass="5" fail="0" skip="0">All Tests</stat>
</total>
<tag>
<stat pass="1" fail="0" skip="0">testeConteudo</stat>
<stat pass="1" fail="0" skip="0">testeEstruturaResposta</stat>
<stat pass="1" fail="0" skip="0">testeRequisicaoBasica</stat>
<stat pass="1" fail="0" skip="0">testeTiposDados</stat>
</tag>
<suite>
<stat pass="5" fail="0" skip="0" id="s1" name="Tests">Tests</stat>
<stat pass="5" fail="0" skip="0" id="s1-s1" name="Random-User-Test">Tests.Random-User-Test</stat>
</suite>
</statistics>
<errors>
</errors>
</robot>
