<?xml version="1.0" encoding="UTF-8"?>
<robot generator="Robot 7.0.1 (Python 3.12.4 on linux)" generated="2024-07-30T08:19:48.401679" rpa="false" schemaversion="5">
<suite id="s1" name="Tests" source="/home/runner/work/ApiRandomUser/ApiRandomUser/RamdonUser/tests">
<suite id="s1-s1" name="Random-User-Test" source="/home/runner/work/ApiRandomUser/ApiRandomUser/RamdonUser/tests/random-user-test.robot">
<test id="s1-s1-t1" name="Conectar" line="13">
<kw name="Conectar API" owner="random-user-service">
<kw name="Create Session" owner="RequestsLibrary">
<msg time="2024-07-30T08:19:48.822039" level="INFO">Creating Session using : alias=consultarAPI, url=https://randomuser.me/, headers={},                     cookies={}, auth=None, timeout=None, proxies=None, verify=False,                     debug=0 </msg>
<arg>consultarAPI</arg>
<arg>${URL}</arg>
<doc>Create Session: create a HTTP session to a server</doc>
<status status="PASS" start="2024-07-30T08:19:48.821811" elapsed="0.000414"/>
</kw>
<status status="PASS" start="2024-07-30T08:19:48.820726" elapsed="0.001867"/>
</kw>
<status status="PASS" start="2024-07-30T08:19:48.820087" elapsed="0.002700"/>
</test>
<test id="s1-s1-t2" name="Validar retorno 200 e JSON Válido" line="16">
<kw name="Teste de Requisicao Basica" owner="random-user-service">
<kw name="GET On Session" owner="RequestsLibrary">
<msg time="2024-07-30T08:19:49.039186" level="INFO">GET Request : url=https://randomuser.me/api 
 path_url=/api 
 headers={'User-Agent': 'python-requests/2.32.3', 'Accept-Encoding': 'gzip, deflate', 'Accept': '*/*', 'Connection': 'keep-alive'} 
 body=None 
 </msg>
<msg time="2024-07-30T08:19:49.039351" level="INFO">GET Response : url=https://randomuser.me/api 
 status=200, reason=OK 
 headers={'Date': 'Tue, 30 Jul 2024 08:19:49 GMT', 'Content-Type': 'application/json; charset=utf-8', 'Transfer-Encoding': 'chunked', 'Connection': 'keep-alive', 'X-Powered-By': 'Express', 'Access-Control-Allow-Origin': '*', 'Cache-Control': 'no-cache', 'ETag': 'W/"475-WX536Kx8gW2j6iBnVtXkSEyVR1g"', 'Vary': 'Accept-Encoding', 'Content-Encoding': 'gzip', 'CF-Cache-Status': 'DYNAMIC', 'Report-To': '{"endpoints":[{"url":"https:\\/\\/a.nel.cloudflare.com\\/report\\/v4?s=Pt85VrQDpGWRntCRTcn6zC4PnW9LTKBNz5BcZL0PgE87E2dXrlPgLySBH4tQ8rkTQzccnpQNQhedULnyaM2s%2B3mDNUHs0lM%2FbJ817%2FXs%2FHSJA9M%2FxyYILiPRPX%2FThEvi"}],"group":"cf-nel","max_age":604800}', 'NEL': '{"success_fraction":0,"report_to":"cf-nel","max_age":604800}', 'Server': 'cloudflare', 'CF-RAY': '8ab3ed067dbd2f2d-LAX', 'alt-svc': 'h3=":443"; ma=86400'} 
 body={"results":[{"gender":"male","name":{"title":"Mr","first":"Leslie","last":"Young"},"location":{"street":{"number":7584,"name":"W Dallas St"},"city":"Oxnard","state":"Rhode Island","country":"United States","postcode":56880,"coordinates":{"latitude":"87.9815","longitude":"-108.4662"},"timezone":{"offset":"+4:30","description":"Kabul"}},"email":"leslie.young@example.com","login":{"uuid":"9faceac8-0ac7-42b5-b9aa-d6700717acab","username":"purplemouse873","password":"moomoo","salt":"dMWCkSwT","md5":"92241af8e40c12becf8f208ed04b6ce4","sha1":"2f8ce9d1bde45e367760bed55db5781b5f962941","sha256":"f9cbc551926d4648444286ca318d3bd1ac9f509b26c16eb11d73a917423730d5"},"dob":{"date":"1966-10-24T07:53:22.050Z","age":57},"registered":{"date":"2012-01-19T00:43:43.232Z","age":12},"phone":"(240) 567-6782","cell":"(207) 794-5186","id":{"name":"SSN","value":"583-77-5731"},"picture":{"large":"https://randomuser.me/api/portraits/men/2.jpg","medium":"https://randomuser.me/api/portraits/med/men/2.jpg","thumbnail":"https://randomuser.me/api/portraits/thumb/men/2.jpg"},"nat":"US"}],"info":{"seed":"2608b7c6431b1d8d","results":1,"page":1,"version":"1.4"}} 
 </msg>
<msg time="2024-07-30T08:19:49.039429" level="INFO">/opt/hostedtoolcache/Python/3.12.4/x64/lib/python3.12/site-packages/urllib3/connectionpool.py:1099: InsecureRequestWarning: Unverified HTTPS request is being made to host 'randomuser.me'. Adding certificate verification is strongly advised. See: https://urllib3.readthedocs.io/en/latest/advanced-usage.html#tls-warnings
  warnings.warn(</msg>
<msg time="2024-07-30T08:19:49.039586" level="INFO">${response} = &lt;Response [200]&gt;</msg>
<var>${response}</var>
<arg>consultarAPI</arg>
<arg>/api</arg>
<doc>Sends a GET request on a previously created HTTP Session.</doc>
<status status="PASS" start="2024-07-30T08:19:48.825469" elapsed="0.214157"/>
</kw>
<kw name="Should Be Equal As Numbers" owner="BuiltIn">
<msg time="2024-07-30T08:19:49.040588" level="INFO">Argument types are:
&lt;class 'int'&gt;
&lt;class 'str'&gt;</msg>
<arg>${response.status_code}</arg>
<arg>200</arg>
<doc>Fails if objects are unequal after converting them to real numbers.</doc>
<status status="PASS" start="2024-07-30T08:19:49.040136" elapsed="0.000514"/>
</kw>
<kw name="Log" owner="BuiltIn">
<msg time="2024-07-30T08:19:49.041368" level="INFO">200</msg>
<arg>${response.status_code}</arg>
<doc>Logs the given message with the given level.</doc>
<status status="PASS" start="2024-07-30T08:19:49.040966" elapsed="0.000444"/>
</kw>
<kw name="Set Variable" owner="BuiltIn">
<msg time="2024-07-30T08:19:49.042147" level="INFO">${json_data} = {'results': [{'gender': 'male', 'name': {'title': 'Mr', 'first': 'Leslie', 'last': 'Young'}, 'location': {'street': {'number': 7584, 'name': 'W Dallas St'}, 'city': 'Oxnard', 'state': 'Rhode Island', ...</msg>
<var>${json_data}</var>
<arg>${response.json()}</arg>
<doc>Returns the given values which can then be assigned to a variables.</doc>
<status status="PASS" start="2024-07-30T08:19:49.041712" elapsed="0.000463"/>
</kw>
<kw name="Dictionary Should Contain Key" owner="Collections">
<arg>${json_data}</arg>
<arg>results</arg>
<doc>Fails if ``key`` is not found from ``dictionary``.</doc>
<status status="PASS" start="2024-07-30T08:19:49.042474" elapsed="0.000317"/>
</kw>
<status status="PASS" start="2024-07-30T08:19:48.825220" elapsed="0.217723"/>
</kw>
<doc>Testa se a API responde corretamente e retorna um objeto JSON válido.</doc>
<tag>testeRequisicaoBasica</tag>
<status status="PASS" start="2024-07-30T08:19:48.824672" elapsed="0.218446"/>
</test>
<test id="s1-s1-t3" name="Validar estrutura de resposta" line="22">
<kw name="Teste de Estrutura de Resposta" owner="random-user-service">
<kw name="GET On Session" owner="RequestsLibrary">
<msg time="2024-07-30T08:19:49.157616" level="INFO">GET Request : url=https://randomuser.me/api 
 path_url=/api 
 headers={'User-Agent': 'python-requests/2.32.3', 'Accept-Encoding': 'gzip, deflate', 'Accept': '*/*', 'Connection': 'keep-alive'} 
 body=None 
 </msg>
<msg time="2024-07-30T08:19:49.157703" level="INFO">GET Response : url=https://randomuser.me/api 
 status=200, reason=OK 
 headers={'Date': 'Tue, 30 Jul 2024 08:19:49 GMT', 'Content-Type': 'application/json; charset=utf-8', 'Transfer-Encoding': 'chunked', 'Connection': 'keep-alive', 'X-Powered-By': 'Express', 'Access-Control-Allow-Origin': '*', 'Cache-Control': 'no-cache', 'ETag': 'W/"4ab-4VNn/dJ1koOxkZ13G96GkrX+YgQ"', 'Vary': 'Accept-Encoding', 'Content-Encoding': 'gzip', 'CF-Cache-Status': 'DYNAMIC', 'Report-To': '{"endpoints":[{"url":"https:\\/\\/a.nel.cloudflare.com\\/report\\/v4?s=Hf%2B8QUkeUPTJz5%2FgjVrGCfcN1Lo%2FaJOAW9Gw20DCveKrYMNR7BxicE%2BsT%2FkcVQ8eDt%2BnRkk15k4LxW2L3iEzm1yZRMLQz%2FnxNcH6d0CiqU1TwbWeRQniU%2BnrGhHzvv1I"}],"group":"cf-nel","max_age":604800}', 'NEL': '{"success_fraction":0,"report_to":"cf-nel","max_age":604800}', 'Server': 'cloudflare', 'CF-RAY': '8ab3ed078ec82f2d-LAX', 'alt-svc': 'h3=":443"; ma=86400'} 
 body={"results":[{"gender":"male","name":{"title":"Mr","first":"Bruce","last":"Williamson"},"location":{"street":{"number":2962,"name":"St. John’S Road"},"city":"Derby","state":"Lincolnshire","country":"United Kingdom","postcode":"HP2G 0PB","coordinates":{"latitude":"-10.2421","longitude":"-40.8537"},"timezone":{"offset":"+11:00","description":"Magadan, Solomon Islands, New Caledonia"}},"email":"bruce.williamson@example.com","login":{"uuid":"1ff4c49b-deff-44d8-b128-8992d1e2272b","username":"blacklion569","password":"austin1","salt":"Y509rZH8","md5":"a63038dd9a77882c29f8bf7641324762","sha1":"235f82c849b4ca0378fe33d972f65a1478fb5ea4","sha256":"95d576dc5a1ba1a446ba7dd8a1940021dfa927d15df032cc51876d57c75cda6e"},"dob":{"date":"1978-10-07T14:02:30.342Z","age":45},"registered":{"date":"2014-07-25T21:42:38.037Z","age":10},"phone":"016977 0429","cell":"07598 784828","id":{"name":"NINO","value":"OG 55 97 44 J"},"picture":{"large":"https://randomuser.me/api/portraits/men/13.jpg","medium":"https://randomuser.me/api/portraits/med/men/13.jpg","thumbnail":"https://randomuser.me/api/portraits/thumb/men/13.jpg"},"nat":"GB"}],"info":{"seed":"ca7ee42ed1e51e5b","results":1,"page":1,"version":"1.4"}} 
 </msg>
<msg time="2024-07-30T08:19:49.157831" level="INFO">/opt/hostedtoolcache/Python/3.12.4/x64/lib/python3.12/site-packages/urllib3/connectionpool.py:1099: InsecureRequestWarning: Unverified HTTPS request is being made to host 'randomuser.me'. Adding certificate verification is strongly advised. See: https://urllib3.readthedocs.io/en/latest/advanced-usage.html#tls-warnings
  warnings.warn(</msg>
<msg time="2024-07-30T08:19:49.157964" level="INFO">${response} = &lt;Response [200]&gt;</msg>
<var>${response}</var>
<arg>consultarAPI</arg>
<arg>/api</arg>
<doc>Sends a GET request on a previously created HTTP Session.</doc>
<status status="PASS" start="2024-07-30T08:19:49.045680" elapsed="0.112329"/>
</kw>
<kw name="Set Variable" owner="BuiltIn">
<msg time="2024-07-30T08:19:49.158956" level="INFO">${json_data} = {'results': [{'gender': 'male', 'name': {'title': 'Mr', 'first': 'Bruce', 'last': 'Williamson'}, 'location': {'street': {'number': 2962, 'name': 'St. John’S Road'}, 'city': 'Derby', 'state': 'Lincolns...</msg>
<var>${json_data}</var>
<arg>${response.json()}</arg>
<doc>Returns the given values which can then be assigned to a variables.</doc>
<status status="PASS" start="2024-07-30T08:19:49.158441" elapsed="0.000545"/>
</kw>
<kw name="Log" owner="BuiltIn">
<msg time="2024-07-30T08:19:49.159475" level="INFO">{'results': [{'gender': 'male', 'name': {'title': 'Mr', 'first': 'Bruce', 'last': 'Williamson'}, 'location': {'street': {'number': 2962, 'name': 'St. John’S Road'}, 'city': 'Derby', 'state': 'Lincolnshire', 'country': 'United Kingdom', 'postcode': 'HP2G 0PB', 'coordinates': {'latitude': '-10.2421', 'longitude': '-40.8537'}, 'timezone': {'offset': '+11:00', 'description': 'Magadan, Solomon Islands, New Caledonia'}}, 'email': 'bruce.williamson@example.com', 'login': {'uuid': '1ff4c49b-deff-44d8-b128-8992d1e2272b', 'username': 'blacklion569', 'password': 'austin1', 'salt': 'Y509rZH8', 'md5': 'a63038dd9a77882c29f8bf7641324762', 'sha1': '235f82c849b4ca0378fe33d972f65a1478fb5ea4', 'sha256': '95d576dc5a1ba1a446ba7dd8a1940021dfa927d15df032cc51876d57c75cda6e'}, 'dob': {'date': '1978-10-07T14:02:30.342Z', 'age': 45}, 'registered': {'date': '2014-07-25T21:42:38.037Z', 'age': 10}, 'phone': '016977 0429', 'cell': '07598 784828', 'id': {'name': 'NINO', 'value': 'OG 55 97 44 J'}, 'picture': {'large': 'https://randomuser.me/api/portraits/men/13.jpg', 'medium': 'https://randomuser.me/api/portraits/med/men/13.jpg', 'thumbnail': 'https://randomuser.me/api/portraits/thumb/men/13.jpg'}, 'nat': 'GB'}], 'info': {'seed': 'ca7ee42ed1e51e5b', 'results': 1, 'page': 1, 'version': '1.4'}}</msg>
<arg>${json_data}</arg>
<doc>Logs the given message with the given level.</doc>
<status status="PASS" start="2024-07-30T08:19:49.159303" elapsed="0.000226"/>
</kw>
<kw name="Dictionary Should Contain Key" owner="Collections">
<arg>${json_data}</arg>
<arg>results</arg>
<doc>Fails if ``key`` is not found from ``dictionary``.</doc>
<status status="PASS" start="2024-07-30T08:19:49.159836" elapsed="0.000171"/>
</kw>
<kw name="Should Not Be Empty" owner="BuiltIn">
<msg time="2024-07-30T08:19:49.160322" level="INFO">Length is 2.</msg>
<arg>${json_data}</arg>
<doc>Verifies that the given item is not empty.</doc>
<status status="PASS" start="2024-07-30T08:19:49.160195" elapsed="0.000166"/>
</kw>
<kw name="Create List" owner="BuiltIn">
<msg time="2024-07-30T08:19:49.160817" level="INFO">${expected_keys} = ['gender', 'name', 'location', 'email', 'login']</msg>
<var>${expected_keys}</var>
<arg>gender</arg>
<arg>name</arg>
<arg>location</arg>
<arg>email</arg>
<arg>login</arg>
<doc>Returns a list containing given items.</doc>
<status status="PASS" start="2024-07-30T08:19:49.160659" elapsed="0.000183"/>
</kw>
<for flavor="IN">
<iter>
<kw name="Dictionary Should Contain Key" owner="Collections">
<arg>${json_data['results'][0]}</arg>
<arg>${key}</arg>
<doc>Fails if ``key`` is not found from ``dictionary``.</doc>
<status status="PASS" start="2024-07-30T08:19:49.161477" elapsed="0.000415"/>
</kw>
<kw name="Log" owner="BuiltIn">
<msg time="2024-07-30T08:19:49.162467" level="INFO">{'gender': 'male', 'name': {'title': 'Mr', 'first': 'Bruce', 'last': 'Williamson'}, 'location': {'street': {'number': 2962, 'name': 'St. John’S Road'}, 'city': 'Derby', 'state': 'Lincolnshire', 'country': 'United Kingdom', 'postcode': 'HP2G 0PB', 'coordinates': {'latitude': '-10.2421', 'longitude': '-40.8537'}, 'timezone': {'offset': '+11:00', 'description': 'Magadan, Solomon Islands, New Caledonia'}}, 'email': 'bruce.williamson@example.com', 'login': {'uuid': '1ff4c49b-deff-44d8-b128-8992d1e2272b', 'username': 'blacklion569', 'password': 'austin1', 'salt': 'Y509rZH8', 'md5': 'a63038dd9a77882c29f8bf7641324762', 'sha1': '235f82c849b4ca0378fe33d972f65a1478fb5ea4', 'sha256': '95d576dc5a1ba1a446ba7dd8a1940021dfa927d15df032cc51876d57c75cda6e'}, 'dob': {'date': '1978-10-07T14:02:30.342Z', 'age': 45}, 'registered': {'date': '2014-07-25T21:42:38.037Z', 'age': 10}, 'phone': '016977 0429', 'cell': '07598 784828', 'id': {'name': 'NINO', 'value': 'OG 55 97 44 J'}, 'picture': {'large': 'https://randomuser.me/api/portraits/men/13.jpg', 'medium': 'https://randomuser.me/api/portraits/med/men/13.jpg', 'thumbnail': 'https://randomuser.me/api/portraits/thumb/men/13.jpg'}, 'nat': 'GB'}</msg>
<arg>${json_data['results'][0]}</arg>
<doc>Logs the given message with the given level.</doc>
<status status="PASS" start="2024-07-30T08:19:49.162086" elapsed="0.000433"/>
</kw>
<kw name="Log" owner="BuiltIn">
<msg time="2024-07-30T08:19:49.162947" level="INFO">gender</msg>
<arg>${key}</arg>
<doc>Logs the given message with the given level.</doc>
<status status="PASS" start="2024-07-30T08:19:49.162818" elapsed="0.000167"/>
</kw>
<var name="${key}">gender</var>
<status status="PASS" start="2024-07-30T08:19:49.161338" elapsed="0.001865"/>
</iter>
<iter>
<kw name="Dictionary Should Contain Key" owner="Collections">
<arg>${json_data['results'][0]}</arg>
<arg>${key}</arg>
<doc>Fails if ``key`` is not found from ``dictionary``.</doc>
<status status="PASS" start="2024-07-30T08:19:49.163511" elapsed="0.000387"/>
</kw>
<kw name="Log" owner="BuiltIn">
<msg time="2024-07-30T08:19:49.164479" level="INFO">{'gender': 'male', 'name': {'title': 'Mr', 'first': 'Bruce', 'last': 'Williamson'}, 'location': {'street': {'number': 2962, 'name': 'St. John’S Road'}, 'city': 'Derby', 'state': 'Lincolnshire', 'country': 'United Kingdom', 'postcode': 'HP2G 0PB', 'coordinates': {'latitude': '-10.2421', 'longitude': '-40.8537'}, 'timezone': {'offset': '+11:00', 'description': 'Magadan, Solomon Islands, New Caledonia'}}, 'email': 'bruce.williamson@example.com', 'login': {'uuid': '1ff4c49b-deff-44d8-b128-8992d1e2272b', 'username': 'blacklion569', 'password': 'austin1', 'salt': 'Y509rZH8', 'md5': 'a63038dd9a77882c29f8bf7641324762', 'sha1': '235f82c849b4ca0378fe33d972f65a1478fb5ea4', 'sha256': '95d576dc5a1ba1a446ba7dd8a1940021dfa927d15df032cc51876d57c75cda6e'}, 'dob': {'date': '1978-10-07T14:02:30.342Z', 'age': 45}, 'registered': {'date': '2014-07-25T21:42:38.037Z', 'age': 10}, 'phone': '016977 0429', 'cell': '07598 784828', 'id': {'name': 'NINO', 'value': 'OG 55 97 44 J'}, 'picture': {'large': 'https://randomuser.me/api/portraits/men/13.jpg', 'medium': 'https://randomuser.me/api/portraits/med/men/13.jpg', 'thumbnail': 'https://randomuser.me/api/portraits/thumb/men/13.jpg'}, 'nat': 'GB'}</msg>
<arg>${json_data['results'][0]}</arg>
<doc>Logs the given message with the given level.</doc>
<status status="PASS" start="2024-07-30T08:19:49.164115" elapsed="0.000416"/>
</kw>
<kw name="Log" owner="BuiltIn">
<msg time="2024-07-30T08:19:49.164964" level="INFO">name</msg>
<arg>${key}</arg>
<doc>Logs the given message with the given level.</doc>
<status status="PASS" start="2024-07-30T08:19:49.164829" elapsed="0.000177"/>
</kw>
<var name="${key}">name</var>
<status status="PASS" start="2024-07-30T08:19:49.163400" elapsed="0.001840"/>
</iter>
<iter>
<kw name="Dictionary Should Contain Key" owner="Collections">
<arg>${json_data['results'][0]}</arg>
<arg>${key}</arg>
<doc>Fails if ``key`` is not found from ``dictionary``.</doc>
<status status="PASS" start="2024-07-30T08:19:49.165537" elapsed="0.000388"/>
</kw>
<kw name="Log" owner="BuiltIn">
<msg time="2024-07-30T08:19:49.166468" level="INFO">{'gender': 'male', 'name': {'title': 'Mr', 'first': 'Bruce', 'last': 'Williamson'}, 'location': {'street': {'number': 2962, 'name': 'St. John’S Road'}, 'city': 'Derby', 'state': 'Lincolnshire', 'country': 'United Kingdom', 'postcode': 'HP2G 0PB', 'coordinates': {'latitude': '-10.2421', 'longitude': '-40.8537'}, 'timezone': {'offset': '+11:00', 'description': 'Magadan, Solomon Islands, New Caledonia'}}, 'email': 'bruce.williamson@example.com', 'login': {'uuid': '1ff4c49b-deff-44d8-b128-8992d1e2272b', 'username': 'blacklion569', 'password': 'austin1', 'salt': 'Y509rZH8', 'md5': 'a63038dd9a77882c29f8bf7641324762', 'sha1': '235f82c849b4ca0378fe33d972f65a1478fb5ea4', 'sha256': '95d576dc5a1ba1a446ba7dd8a1940021dfa927d15df032cc51876d57c75cda6e'}, 'dob': {'date': '1978-10-07T14:02:30.342Z', 'age': 45}, 'registered': {'date': '2014-07-25T21:42:38.037Z', 'age': 10}, 'phone': '016977 0429', 'cell': '07598 784828', 'id': {'name': 'NINO', 'value': 'OG 55 97 44 J'}, 'picture': {'large': 'https://randomuser.me/api/portraits/men/13.jpg', 'medium': 'https://randomuser.me/api/portraits/med/men/13.jpg', 'thumbnail': 'https://randomuser.me/api/portraits/thumb/men/13.jpg'}, 'nat': 'GB'}</msg>
<arg>${json_data['results'][0]}</arg>
<doc>Logs the given message with the given level.</doc>
<status status="PASS" start="2024-07-30T08:19:49.166115" elapsed="0.000404"/>
</kw>
<kw name="Log" owner="BuiltIn">
<msg time="2024-07-30T08:19:49.166970" level="INFO">location</msg>
<arg>${key}</arg>
<doc>Logs the given message with the given level.</doc>
<status status="PASS" start="2024-07-30T08:19:49.166840" elapsed="0.000168"/>
</kw>
<var name="${key}">location</var>
<status status="PASS" start="2024-07-30T08:19:49.165428" elapsed="0.001796"/>
</iter>
<iter>
<kw name="Dictionary Should Contain Key" owner="Collections">
<arg>${json_data['results'][0]}</arg>
<arg>${key}</arg>
<doc>Fails if ``key`` is not found from ``dictionary``.</doc>
<status status="PASS" start="2024-07-30T08:19:49.167505" elapsed="0.000384"/>
</kw>
<kw name="Log" owner="BuiltIn">
<msg time="2024-07-30T08:19:49.168561" level="INFO">{'gender': 'male', 'name': {'title': 'Mr', 'first': 'Bruce', 'last': 'Williamson'}, 'location': {'street': {'number': 2962, 'name': 'St. John’S Road'}, 'city': 'Derby', 'state': 'Lincolnshire', 'country': 'United Kingdom', 'postcode': 'HP2G 0PB', 'coordinates': {'latitude': '-10.2421', 'longitude': '-40.8537'}, 'timezone': {'offset': '+11:00', 'description': 'Magadan, Solomon Islands, New Caledonia'}}, 'email': 'bruce.williamson@example.com', 'login': {'uuid': '1ff4c49b-deff-44d8-b128-8992d1e2272b', 'username': 'blacklion569', 'password': 'austin1', 'salt': 'Y509rZH8', 'md5': 'a63038dd9a77882c29f8bf7641324762', 'sha1': '235f82c849b4ca0378fe33d972f65a1478fb5ea4', 'sha256': '95d576dc5a1ba1a446ba7dd8a1940021dfa927d15df032cc51876d57c75cda6e'}, 'dob': {'date': '1978-10-07T14:02:30.342Z', 'age': 45}, 'registered': {'date': '2014-07-25T21:42:38.037Z', 'age': 10}, 'phone': '016977 0429', 'cell': '07598 784828', 'id': {'name': 'NINO', 'value': 'OG 55 97 44 J'}, 'picture': {'large': 'https://randomuser.me/api/portraits/men/13.jpg', 'medium': 'https://randomuser.me/api/portraits/med/men/13.jpg', 'thumbnail': 'https://randomuser.me/api/portraits/thumb/men/13.jpg'}, 'nat': 'GB'}</msg>
<arg>${json_data['results'][0]}</arg>
<doc>Logs the given message with the given level.</doc>
<status status="PASS" start="2024-07-30T08:19:49.168201" elapsed="0.000412"/>
</kw>
<kw name="Log" owner="BuiltIn">
<msg time="2024-07-30T08:19:49.169080" level="INFO">email</msg>
<arg>${key}</arg>
<doc>Logs the given message with the given level.</doc>
<status status="PASS" start="2024-07-30T08:19:49.168945" elapsed="0.000175"/>
</kw>
<var name="${key}">email</var>
<status status="PASS" start="2024-07-30T08:19:49.167397" elapsed="0.001973"/>
</iter>
<iter>
<kw name="Dictionary Should Contain Key" owner="Collections">
<arg>${json_data['results'][0]}</arg>
<arg>${key}</arg>
<doc>Fails if ``key`` is not found from ``dictionary``.</doc>
<status status="PASS" start="2024-07-30T08:19:49.169669" elapsed="0.000457"/>
</kw>
<kw name="Log" owner="BuiltIn">
<msg time="2024-07-30T08:19:49.170673" level="INFO">{'gender': 'male', 'name': {'title': 'Mr', 'first': 'Bruce', 'last': 'Williamson'}, 'location': {'street': {'number': 2962, 'name': 'St. John’S Road'}, 'city': 'Derby', 'state': 'Lincolnshire', 'country': 'United Kingdom', 'postcode': 'HP2G 0PB', 'coordinates': {'latitude': '-10.2421', 'longitude': '-40.8537'}, 'timezone': {'offset': '+11:00', 'description': 'Magadan, Solomon Islands, New Caledonia'}}, 'email': 'bruce.williamson@example.com', 'login': {'uuid': '1ff4c49b-deff-44d8-b128-8992d1e2272b', 'username': 'blacklion569', 'password': 'austin1', 'salt': 'Y509rZH8', 'md5': 'a63038dd9a77882c29f8bf7641324762', 'sha1': '235f82c849b4ca0378fe33d972f65a1478fb5ea4', 'sha256': '95d576dc5a1ba1a446ba7dd8a1940021dfa927d15df032cc51876d57c75cda6e'}, 'dob': {'date': '1978-10-07T14:02:30.342Z', 'age': 45}, 'registered': {'date': '2014-07-25T21:42:38.037Z', 'age': 10}, 'phone': '016977 0429', 'cell': '07598 784828', 'id': {'name': 'NINO', 'value': 'OG 55 97 44 J'}, 'picture': {'large': 'https://randomuser.me/api/portraits/men/13.jpg', 'medium': 'https://randomuser.me/api/portraits/med/men/13.jpg', 'thumbnail': 'https://randomuser.me/api/portraits/thumb/men/13.jpg'}, 'nat': 'GB'}</msg>
<arg>${json_data['results'][0]}</arg>
<doc>Logs the given message with the given level.</doc>
<status status="PASS" start="2024-07-30T08:19:49.170314" elapsed="0.000410"/>
</kw>
<kw name="Log" owner="BuiltIn">
<msg time="2024-07-30T08:19:49.171148" level="INFO">login</msg>
<arg>${key}</arg>
<doc>Logs the given message with the given level.</doc>
<status status="PASS" start="2024-07-30T08:19:49.171019" elapsed="0.000167"/>
</kw>
<var name="${key}">login</var>
<status status="PASS" start="2024-07-30T08:19:49.169546" elapsed="0.001858"/>
</iter>
<var>${key}</var>
<value>@{expected_keys}</value>
<status status="PASS" start="2024-07-30T08:19:49.161112" elapsed="0.010439"/>
</for>
<kw name="Create List" owner="BuiltIn">
<msg time="2024-07-30T08:19:49.171892" level="INFO">${expected_keysTwo} = ['username', 'password']</msg>
<var>${expected_keysTwo}</var>
<arg>username</arg>
<arg>password</arg>
<doc>Returns a list containing given items.</doc>
<status status="PASS" start="2024-07-30T08:19:49.171758" elapsed="0.000158"/>
</kw>
<for flavor="IN">
<iter>
<kw name="Dictionary Should Contain Key" owner="Collections">
<arg>${json_data['results'][0]['login']}</arg>
<arg>${keyTwo}</arg>
<doc>Fails if ``key`` is not found from ``dictionary``.</doc>
<status status="PASS" start="2024-07-30T08:19:49.172409" elapsed="0.000391"/>
</kw>
<kw name="Dictionary Should Contain Key" owner="Collections">
<arg>${json_data['results'][0]['login']}</arg>
<arg>${keyTwo}</arg>
<doc>Fails if ``key`` is not found from ``dictionary``.</doc>
<status status="PASS" start="2024-07-30T08:19:49.172984" elapsed="0.000408"/>
</kw>
<kw name="Log" owner="BuiltIn">
<msg time="2024-07-30T08:19:49.173699" level="INFO">username</msg>
<arg>${keyTwo}</arg>
<doc>Logs the given message with the given level.</doc>
<status status="PASS" start="2024-07-30T08:19:49.173577" elapsed="0.000161"/>
</kw>
<var name="${keyTwo}">username</var>
<status status="PASS" start="2024-07-30T08:19:49.172302" elapsed="0.001656"/>
</iter>
<iter>
<kw name="Dictionary Should Contain Key" owner="Collections">
<arg>${json_data['results'][0]['login']}</arg>
<arg>${keyTwo}</arg>
<doc>Fails if ``key`` is not found from ``dictionary``.</doc>
<status status="PASS" start="2024-07-30T08:19:49.174236" elapsed="0.000388"/>
</kw>
<kw name="Dictionary Should Contain Key" owner="Collections">
<arg>${json_data['results'][0]['login']}</arg>
<arg>${keyTwo}</arg>
<doc>Fails if ``key`` is not found from ``dictionary``.</doc>
<status status="PASS" start="2024-07-30T08:19:49.174801" elapsed="0.000378"/>
</kw>
<kw name="Log" owner="BuiltIn">
<msg time="2024-07-30T08:19:49.175476" level="INFO">password</msg>
<arg>${keyTwo}</arg>
<doc>Logs the given message with the given level.</doc>
<status status="PASS" start="2024-07-30T08:19:49.175353" elapsed="0.000161"/>
</kw>
<var name="${keyTwo}">password</var>
<status status="PASS" start="2024-07-30T08:19:49.174131" elapsed="0.001604"/>
</iter>
<var>${keyTwo}</var>
<value>@{expected_keysTwo}</value>
<status status="PASS" start="2024-07-30T08:19:49.172153" elapsed="0.003703"/>
</for>
<status status="PASS" start="2024-07-30T08:19:49.045445" elapsed="0.130549"/>
</kw>
<doc>Testa a estrutura da resposta da API.</doc>
<tag>testeEstruturaResposta</tag>
<status status="PASS" start="2024-07-30T08:19:49.044926" elapsed="0.131225"/>
</test>
<test id="s1-s1-t4" name="Validar tipos de dados" line="28">
<kw name="Teste de Tipos de Dados" owner="random-user-service">
<kw name="GET On Session" owner="RequestsLibrary">
<msg time="2024-07-30T08:19:49.306156" level="INFO">GET Request : url=https://randomuser.me/api 
 path_url=/api 
 headers={'User-Agent': 'python-requests/2.32.3', 'Accept-Encoding': 'gzip, deflate', 'Accept': '*/*', 'Connection': 'keep-alive'} 
 body=None 
 </msg>
<msg time="2024-07-30T08:19:49.306254" level="INFO">GET Response : url=https://randomuser.me/api 
 status=200, reason=OK 
 headers={'Date': 'Tue, 30 Jul 2024 08:19:49 GMT', 'Content-Type': 'application/json; charset=utf-8', 'Transfer-Encoding': 'chunked', 'Connection': 'keep-alive', 'X-Powered-By': 'Express', 'Access-Control-Allow-Origin': '*', 'Cache-Control': 'no-cache', 'ETag': 'W/"48d-kKGf4ZG8wzk/tpY78S+gB3CmbQI"', 'Vary': 'Accept-Encoding', 'Content-Encoding': 'gzip', 'CF-Cache-Status': 'DYNAMIC', 'Report-To': '{"endpoints":[{"url":"https:\\/\\/a.nel.cloudflare.com\\/report\\/v4?s=94uksZqQypJI7ySuMcgKcLIQiz%2BeBkcS8MHQHGzK71KTi%2F9rVJDrCgxZQjYcjVBLridrpcvV6PxOTxPjCsyklaFqcZgFtYUcH76NaXLwhwZioDSHJh4L1YW8Drd074p1"}],"group":"cf-nel","max_age":604800}', 'NEL': '{"success_fraction":0,"report_to":"cf-nel","max_age":604800}', 'Server': 'cloudflare', 'CF-RAY': '8ab3ed086fb12f2d-LAX', 'alt-svc': 'h3=":443"; ma=86400'} 
 body={"results":[{"gender":"female","name":{"title":"Ms","first":"Olivia","last":"Patel"},"location":{"street":{"number":8809,"name":"Albany Expressway"},"city":"Tauranga","state":"Waikato","country":"New Zealand","postcode":44191,"coordinates":{"latitude":"53.9202","longitude":"93.9654"},"timezone":{"offset":"-3:00","description":"Brazil, Buenos Aires, Georgetown"}},"email":"olivia.patel@example.com","login":{"uuid":"c9a5e0cd-6f3b-4231-8ede-ce8fe53cb304","username":"tinysnake908","password":"specialk","salt":"0mRjmgG4","md5":"e94e82c7d9cdb277363db3d8cb6012ab","sha1":"5bd62aa3de3d05c509b6d971839eb87a9a61930a","sha256":"17e21571fc76988290ca0dcfc0748c65573d9f0ffa16799471d3ee2d92af8f3b"},"dob":{"date":"1974-02-05T16:07:55.375Z","age":50},"registered":{"date":"2022-02-24T08:44:57.171Z","age":2},"phone":"(318)-720-2374","cell":"(920)-712-7699","id":{"name":"","value":null},"picture":{"large":"https://randomuser.me/api/portraits/women/88.jpg","medium":"https://randomuser.me/api/portraits/med/women/88.jpg","thumbnail":"https://randomuser.me/api/portraits/thumb/women/88.jpg"},"nat":"NZ"}],"info":{"seed":"a8f682a16ee1afbc","results":1,"page":1,"version":"1.4"}} 
 </msg>
<msg time="2024-07-30T08:19:49.306337" level="INFO">/opt/hostedtoolcache/Python/3.12.4/x64/lib/python3.12/site-packages/urllib3/connectionpool.py:1099: InsecureRequestWarning: Unverified HTTPS request is being made to host 'randomuser.me'. Adding certificate verification is strongly advised. See: https://urllib3.readthedocs.io/en/latest/advanced-usage.html#tls-warnings
  warnings.warn(</msg>
<msg time="2024-07-30T08:19:49.306491" level="INFO">${response} = &lt;Response [200]&gt;</msg>
<var>${response}</var>
<arg>consultarAPI</arg>
<arg>/api</arg>
<doc>Sends a GET request on a previously created HTTP Session.</doc>
<status status="PASS" start="2024-07-30T08:19:49.178754" elapsed="0.127797"/>
</kw>
<kw name="Set Variable" owner="BuiltIn">
<msg time="2024-07-30T08:19:49.307476" level="INFO">${json_data} = {'results': [{'gender': 'female', 'name': {'title': 'Ms', 'first': 'Olivia', 'last': 'Patel'}, 'location': {'street': {'number': 8809, 'name': 'Albany Expressway'}, 'city': 'Tauranga', 'state': 'Waika...</msg>
<var>${json_data}</var>
<arg>${response.json()}</arg>
<doc>Returns the given values which can then be assigned to a variables.</doc>
<status status="PASS" start="2024-07-30T08:19:49.306996" elapsed="0.000527"/>
</kw>
<kw name="Log" owner="BuiltIn">
<msg time="2024-07-30T08:19:49.308001" level="INFO">{'results': [{'gender': 'female', 'name': {'title': 'Ms', 'first': 'Olivia', 'last': 'Patel'}, 'location': {'street': {'number': 8809, 'name': 'Albany Expressway'}, 'city': 'Tauranga', 'state': 'Waikato', 'country': 'New Zealand', 'postcode': 44191, 'coordinates': {'latitude': '53.9202', 'longitude': '93.9654'}, 'timezone': {'offset': '-3:00', 'description': 'Brazil, Buenos Aires, Georgetown'}}, 'email': 'olivia.patel@example.com', 'login': {'uuid': 'c9a5e0cd-6f3b-4231-8ede-ce8fe53cb304', 'username': 'tinysnake908', 'password': 'specialk', 'salt': '0mRjmgG4', 'md5': 'e94e82c7d9cdb277363db3d8cb6012ab', 'sha1': '5bd62aa3de3d05c509b6d971839eb87a9a61930a', 'sha256': '17e21571fc76988290ca0dcfc0748c65573d9f0ffa16799471d3ee2d92af8f3b'}, 'dob': {'date': '1974-02-05T16:07:55.375Z', 'age': 50}, 'registered': {'date': '2022-02-24T08:44:57.171Z', 'age': 2}, 'phone': '(318)-720-2374', 'cell': '(920)-712-7699', 'id': {'name': '', 'value': None}, 'picture': {'large': 'https://randomuser.me/api/portraits/women/88.jpg', 'medium': 'https://randomuser.me/api/portraits/med/women/88.jpg', 'thumbnail': 'https://randomuser.me/api/portraits/thumb/women/88.jpg'}, 'nat': 'NZ'}], 'info': {'seed': 'a8f682a16ee1afbc', 'results': 1, 'page': 1, 'version': '1.4'}}</msg>
<arg>${json_data}</arg>
<doc>Logs the given message with the given level.</doc>
<status status="PASS" start="2024-07-30T08:19:49.307839" elapsed="0.000214"/>
</kw>
<kw name="Should Be String" owner="String">
<arg>${json_data['results'][0]['gender']}</arg>
<doc>Fails if the given ``item`` is not a string.</doc>
<status status="PASS" start="2024-07-30T08:19:49.308353" elapsed="0.000405"/>
</kw>
<kw name="Should Match Regexp" owner="BuiltIn">
<arg>${json_data['results'][0]['email']}</arg>
<arg>^[a-zA-Z0-9._%+-]+@[a-zA-Z0-9.-]+\.[a-zA-Z]{2,}$</arg>
<doc>Fails if ``string`` does not match ``pattern`` as a regular expression.</doc>
<status status="PASS" start="2024-07-30T08:19:49.308954" elapsed="0.000575"/>
</kw>
<kw name="Should Match Regexp" owner="BuiltIn">
<arg>${json_data['results'][0]['dob']['date']}</arg>
<arg>\\d{4}-\\d{2}-\\d{2}T\\d{2}:\\d{2}:\\d{2}\\.\\d{3}Z</arg>
<doc>Fails if ``string`` does not match ``pattern`` as a regular expression.</doc>
<status status="PASS" start="2024-07-30T08:19:49.309731" elapsed="0.000639"/>
</kw>
<kw name="Should Match Regexp" owner="BuiltIn">
<arg>${json_data['results'][0]['registered']['date']}</arg>
<arg>\\d{4}-\\d{2}-\\d{2}T\\d{2}:\\d{2}:\\d{2}\\.\\d{3}Z</arg>
<doc>Fails if ``string`` does not match ``pattern`` as a regular expression.</doc>
<status status="PASS" start="2024-07-30T08:19:49.310565" elapsed="0.000383"/>
</kw>
<kw name="Should Match Regexp" owner="BuiltIn">
<arg>${json_data['results'][0]['picture']['large']}</arg>
<arg>^https?://.*\.(?:png|jpe?g|gif|bmp)$</arg>
<doc>Fails if ``string`` does not match ``pattern`` as a regular expression.</doc>
<status status="PASS" start="2024-07-30T08:19:49.311137" elapsed="0.000467"/>
</kw>
<kw name="Should Match Regexp" owner="BuiltIn">
<arg>${json_data['results'][0]['picture']['medium']}</arg>
<arg>^https?://.*\.(?:png|jpe?g|gif|bmp)$</arg>
<doc>Fails if ``string`` does not match ``pattern`` as a regular expression.</doc>
<status status="PASS" start="2024-07-30T08:19:49.311803" elapsed="0.000368"/>
</kw>
<kw name="Should Match Regexp" owner="BuiltIn">
<arg>${json_data['results'][0]['picture']['thumbnail']}</arg>
<arg>^https?://.*\.(?:png|jpe?g|gif|bmp)$</arg>
<doc>Fails if ``string`` does not match ``pattern`` as a regular expression.</doc>
<status status="PASS" start="2024-07-30T08:19:49.312360" elapsed="0.000350"/>
</kw>
<kw name="Log" owner="BuiltIn">
<msg time="2024-07-30T08:19:49.313242" level="INFO">{'large': 'https://randomuser.me/api/portraits/women/88.jpg', 'medium': 'https://randomuser.me/api/portraits/med/women/88.jpg', 'thumbnail': 'https://randomuser.me/api/portraits/thumb/women/88.jpg'}</msg>
<arg>${json_data['results'][0]['picture']}</arg>
<doc>Logs the given message with the given level.</doc>
<status status="PASS" start="2024-07-30T08:19:49.312899" elapsed="0.000393"/>
</kw>
<status status="PASS" start="2024-07-30T08:19:49.178511" elapsed="0.135041"/>
</kw>
<kw name="Teste de Tipos de Dados - Postcode" owner="random-user-service">
<kw name="GET On Session" owner="RequestsLibrary">
<msg time="2024-07-30T08:19:49.408959" level="INFO">GET Request : url=https://randomuser.me/api 
 path_url=/api 
 headers={'User-Agent': 'python-requests/2.32.3', 'Accept-Encoding': 'gzip, deflate', 'Accept': '*/*', 'Connection': 'keep-alive'} 
 body=None 
 </msg>
<msg time="2024-07-30T08:19:49.409035" level="INFO">GET Response : url=https://randomuser.me/api 
 status=200, reason=OK 
 headers={'Date': 'Tue, 30 Jul 2024 08:19:49 GMT', 'Content-Type': 'application/json; charset=utf-8', 'Transfer-Encoding': 'chunked', 'Connection': 'keep-alive', 'X-Powered-By': 'Express', 'Access-Control-Allow-Origin': '*', 'Cache-Control': 'no-cache', 'ETag': 'W/"481-aVPjSEWOnRvfW4XgJ6AKZHvCu+0"', 'Vary': 'Accept-Encoding', 'Content-Encoding': 'gzip', 'CF-Cache-Status': 'DYNAMIC', 'Report-To': '{"endpoints":[{"url":"https:\\/\\/a.nel.cloudflare.com\\/report\\/v4?s=mcHdJE49gBz07kjzV2bDHh7McdfU3pIHjE6yBbbGiYf8YKh1q2JZaWSXElhIFSNh081wuz4NyHGnNKTbUVpnXrkKSiS9hKTJ3rtJoPByiznQQH363jVVHrYKeebFYwr5"}],"group":"cf-nel","max_age":604800}', 'NEL': '{"success_fraction":0,"report_to":"cf-nel","max_age":604800}', 'Server': 'cloudflare', 'CF-RAY': '8ab3ed0938862f2d-LAX', 'alt-svc': 'h3=":443"; ma=86400'} 
 body={"results":[{"gender":"female","name":{"title":"Ms","first":"Frida","last":"Sotelo"},"location":{"street":{"number":9143,"name":"Boulevard Sur Salazar"},"city":"Gambara","state":"Nuevo Leon","country":"Mexico","postcode":71025,"coordinates":{"latitude":"28.7753","longitude":"12.9757"},"timezone":{"offset":"+4:30","description":"Kabul"}},"email":"frida.sotelo@example.com","login":{"uuid":"6daae249-a9dd-41fe-ad0e-692a19117ba9","username":"whitegorilla628","password":"737373","salt":"L22g05A1","md5":"f57bd8a40a95706a615cfe1f697a6889","sha1":"32e5199eb658c2691e296848f065e932776f307c","sha256":"be1a277b7f5d97cdffe467e10f308a15692952fba9f3f5dc711362967fe6a765"},"dob":{"date":"1954-04-24T15:53:06.978Z","age":70},"registered":{"date":"2015-02-01T18:10:06.289Z","age":9},"phone":"(651) 047 6654","cell":"(690) 680 0717","id":{"name":"NSS","value":"36 20 50 7550 7"},"picture":{"large":"https://randomuser.me/api/portraits/women/9.jpg","medium":"https://randomuser.me/api/portraits/med/women/9.jpg","thumbnail":"https://randomuser.me/api/portraits/thumb/women/9.jpg"},"nat":"MX"}],"info":{"seed":"4415b33448369816","results":1,"page":1,"version":"1.4"}} 
 </msg>
<msg time="2024-07-30T08:19:49.409093" level="INFO">/opt/hostedtoolcache/Python/3.12.4/x64/lib/python3.12/site-packages/urllib3/connectionpool.py:1099: InsecureRequestWarning: Unverified HTTPS request is being made to host 'randomuser.me'. Adding certificate verification is strongly advised. See: https://urllib3.readthedocs.io/en/latest/advanced-usage.html#tls-warnings
  warnings.warn(</msg>
<msg time="2024-07-30T08:19:49.409235" level="INFO">${response} = &lt;Response [200]&gt;</msg>
<var>${response}</var>
<arg>consultarAPI</arg>
<arg>/api</arg>
<doc>Sends a GET request on a previously created HTTP Session.</doc>
<status status="PASS" start="2024-07-30T08:19:49.314006" elapsed="0.095272"/>
</kw>
<kw name="Set Variable" owner="BuiltIn">
<msg time="2024-07-30T08:19:49.410147" level="INFO">${json_data} = {'results': [{'gender': 'female', 'name': {'title': 'Ms', 'first': 'Frida', 'last': 'Sotelo'}, 'location': {'street': {'number': 9143, 'name': 'Boulevard Sur Salazar'}, 'city': 'Gambara', 'state': 'Nu...</msg>
<var>${json_data}</var>
<arg>${response.json()}</arg>
<doc>Returns the given values which can then be assigned to a variables.</doc>
<status status="PASS" start="2024-07-30T08:19:49.409674" elapsed="0.000501"/>
</kw>
<kw name="Log" owner="BuiltIn">
<msg time="2024-07-30T08:19:49.410627" level="INFO">{'results': [{'gender': 'female', 'name': {'title': 'Ms', 'first': 'Frida', 'last': 'Sotelo'}, 'location': {'street': {'number': 9143, 'name': 'Boulevard Sur Salazar'}, 'city': 'Gambara', 'state': 'Nuevo Leon', 'country': 'Mexico', 'postcode': 71025, 'coordinates': {'latitude': '28.7753', 'longitude': '12.9757'}, 'timezone': {'offset': '+4:30', 'description': 'Kabul'}}, 'email': 'frida.sotelo@example.com', 'login': {'uuid': '6daae249-a9dd-41fe-ad0e-692a19117ba9', 'username': 'whitegorilla628', 'password': '737373', 'salt': 'L22g05A1', 'md5': 'f57bd8a40a95706a615cfe1f697a6889', 'sha1': '32e5199eb658c2691e296848f065e932776f307c', 'sha256': 'be1a277b7f5d97cdffe467e10f308a15692952fba9f3f5dc711362967fe6a765'}, 'dob': {'date': '1954-04-24T15:53:06.978Z', 'age': 70}, 'registered': {'date': '2015-02-01T18:10:06.289Z', 'age': 9}, 'phone': '(651) 047 6654', 'cell': '(690) 680 0717', 'id': {'name': 'NSS', 'value': '36 20 50 7550 7'}, 'picture': {'large': 'https://randomuser.me/api/portraits/women/9.jpg', 'medium': 'https://randomuser.me/api/portraits/med/women/9.jpg', 'thumbnail': 'https://randomuser.me/api/portraits/thumb/women/9.jpg'}, 'nat': 'MX'}], 'info': {'seed': '4415b33448369816', 'results': 1, 'page': 1, 'version': '1.4'}}</msg>
<arg>${json_data}</arg>
<doc>Logs the given message with the given level.</doc>
<status status="PASS" start="2024-07-30T08:19:49.410477" elapsed="0.000196"/>
</kw>
<kw name="Should Be Equal As Numbers" owner="BuiltIn">
<arg>${json_data['results'][0]['location']['postcode']}</arg>
<arg>${json_data['results'][0]['location']['postcode']}</arg>
<doc>Fails if objects are unequal after converting them to real numbers.</doc>
<status status="PASS" start="2024-07-30T08:19:49.410964" elapsed="0.000633"/>
</kw>
<kw name="Log" owner="BuiltIn">
<msg time="2024-07-30T08:19:49.412168" level="INFO">71025</msg>
<arg>${json_data['results'][0]['location']['postcode']}</arg>
<doc>Logs the given message with the given level.</doc>
<status status="PASS" start="2024-07-30T08:19:49.411816" elapsed="0.000392"/>
</kw>
<status status="PASS" start="2024-07-30T08:19:49.313775" elapsed="0.098682"/>
</kw>
<doc>Testa se os tipos de dados na resposta da API estão corretos.</doc>
<tag>testeTiposDados</tag>
<status status="PASS" start="2024-07-30T08:19:49.177933" elapsed="0.234688"/>
</test>
<test id="s1-s1-t5" name="Validar conteudo" line="35">
<kw name="Teste de Tipos de Conteudo" owner="random-user-service">
<kw name="GET On Session" owner="RequestsLibrary">
<msg time="2024-07-30T08:19:49.516771" level="INFO">GET Request : url=https://randomuser.me/api 
 path_url=/api 
 headers={'User-Agent': 'python-requests/2.32.3', 'Accept-Encoding': 'gzip, deflate', 'Accept': '*/*', 'Connection': 'keep-alive'} 
 body=None 
 </msg>
<msg time="2024-07-30T08:19:49.516853" level="INFO">GET Response : url=https://randomuser.me/api 
 status=200, reason=OK 
 headers={'Date': 'Tue, 30 Jul 2024 08:19:49 GMT', 'Content-Type': 'application/json; charset=utf-8', 'Transfer-Encoding': 'chunked', 'Connection': 'keep-alive', 'X-Powered-By': 'Express', 'Access-Control-Allow-Origin': '*', 'Cache-Control': 'no-cache', 'ETag': 'W/"476-8bBefyLKWj3ZdNFs2mgdFuPSFzc"', 'Vary': 'Accept-Encoding', 'Content-Encoding': 'gzip', 'CF-Cache-Status': 'DYNAMIC', 'Report-To': '{"endpoints":[{"url":"https:\\/\\/a.nel.cloudflare.com\\/report\\/v4?s=qF4g6khtQm1FPMRJsafwiDBecCs%2BuR2IKBUcycFFmt1PhAf8RQuCPu8qhcVRqNuDClaXenw3FhdRlWHGBikZCCh4QBtBth7uNTzPYvMG5EYS8s4z4dgav7D39b%2F0LSpJ"}],"group":"cf-nel","max_age":604800}', 'NEL': '{"success_fraction":0,"report_to":"cf-nel","max_age":604800}', 'Server': 'cloudflare', 'CF-RAY': '8ab3ed09d90e2f2d-LAX', 'alt-svc': 'h3=":443"; ma=86400'} 
 body={"results":[{"gender":"male","name":{"title":"Mr","first":"آرسین","last":"احمدی"},"location":{"street":{"number":3512,"name":"خرمشهر"},"city":"قرچک","state":"فارس","country":"Iran","postcode":68327,"coordinates":{"latitude":"14.3486","longitude":"-146.3134"},"timezone":{"offset":"-1:00","description":"Azores, Cape Verde Islands"}},"email":"arsyn.hmdy@example.com","login":{"uuid":"10653a8a-fca5-4c10-96ae-6f80da35b782","username":"redswan482","password":"hallowee","salt":"7XNvVfah","md5":"ace1ff7b8a1c1e75045b575c7981f819","sha1":"568bfb2f612f761131df2d2819026ee76db66ee1","sha256":"6c33863b3cd1e6ba3e103140d89661e2161bf87043d86849afc4c799c6f59c2c"},"dob":{"date":"2000-08-14T23:38:19.634Z","age":23},"registered":{"date":"2012-08-13T19:32:08.787Z","age":11},"phone":"086-23645141","cell":"0916-885-6095","id":{"name":"","value":null},"picture":{"large":"https://randomuser.me/api/portraits/men/3.jpg","medium":"https://randomuser.me/api/portraits/med/men/3.jpg","thumbnail":"https://randomuser.me/api/portraits/thumb/men/3.jpg"},"nat":"IR"}],"info":{"seed":"6a4e1b0261468762","results":1,"page":1,"version":"1.4"}} 
 </msg>
<msg time="2024-07-30T08:19:49.516927" level="INFO">/opt/hostedtoolcache/Python/3.12.4/x64/lib/python3.12/site-packages/urllib3/connectionpool.py:1099: InsecureRequestWarning: Unverified HTTPS request is being made to host 'randomuser.me'. Adding certificate verification is strongly advised. See: https://urllib3.readthedocs.io/en/latest/advanced-usage.html#tls-warnings
  warnings.warn(</msg>
<msg time="2024-07-30T08:19:49.517063" level="INFO">${response} = &lt;Response [200]&gt;</msg>
<var>${response}</var>
<arg>consultarAPI</arg>
<arg>/api</arg>
<doc>Sends a GET request on a previously created HTTP Session.</doc>
<status status="PASS" start="2024-07-30T08:19:49.415162" elapsed="0.101949"/>
</kw>
<kw name="Set Variable" owner="BuiltIn">
<msg time="2024-07-30T08:19:49.517992" level="INFO">${json_data} = {'results': [{'gender': 'male', 'name': {'title': 'Mr', 'first': 'آرسین', 'last': 'احمدی'}, 'location': {'street': {'number': 3512, 'name': 'خرمشهر'}, 'city': 'قرچک', 'state': 'فارس', 'country': 'Iran...</msg>
<var>${json_data}</var>
<arg>${response.json()}</arg>
<doc>Returns the given values which can then be assigned to a variables.</doc>
<status status="PASS" start="2024-07-30T08:19:49.517512" elapsed="0.000511"/>
</kw>
<kw name="Set Variable" owner="BuiltIn">
<msg time="2024-07-30T08:19:49.518718" level="INFO">${name_title} = Mr</msg>
<var>${name_title}</var>
<arg>${json_data["results"][0]["name"]["title"]}</arg>
<doc>Returns the given values which can then be assigned to a variables.</doc>
<status status="PASS" start="2024-07-30T08:19:49.518337" elapsed="0.000408"/>
</kw>
<kw name="Create List" owner="BuiltIn">
<msg time="2024-07-30T08:19:49.519196" level="INFO">${allowed_titles} = ['Mr', 'Ms', 'Miss', 'Mrs', 'Madame', 'Monsieur']</msg>
<var>${allowed_titles}</var>
<arg>Mr</arg>
<arg>Ms</arg>
<arg>Miss</arg>
<arg>Mrs</arg>
<arg>Madame</arg>
<arg>Monsieur</arg>
<doc>Returns a list containing given items.</doc>
<status status="PASS" start="2024-07-30T08:19:49.519044" elapsed="0.000177"/>
</kw>
<kw name="List Should Contain Value" owner="Collections">
<arg>${allowed_titles}</arg>
<arg>${name_title}</arg>
<doc>Fails if the ``value`` is not found from ``list``.</doc>
<status status="PASS" start="2024-07-30T08:19:49.519532" elapsed="0.000177"/>
</kw>
<kw name="Set Variable" owner="BuiltIn">
<msg time="2024-07-30T08:19:49.520268" level="INFO">${name_country} = IR</msg>
<var>${name_country}</var>
<arg>${json_data["results"][0]["nat"]}</arg>
<doc>Returns the given values which can then be assigned to a variables.</doc>
<status status="PASS" start="2024-07-30T08:19:49.519891" elapsed="0.000402"/>
</kw>
<kw name="Create List" owner="BuiltIn">
<msg time="2024-07-30T08:19:49.521182" level="INFO">${list_country} = ['AD', 'AE', 'AF', 'AG', 'AI', 'AL', 'AM', 'AO', 'AQ', 'AR', 'AS', 'AT', 'AU', 'AW', 'AX', 'AZ', 'BA', 'BB', 'BD', 'BE', 'BF', 'BG', 'BH', 'BI', 'BJ', 'BL', 'BM', 'BN', 'BO', 'BQ', 'BR', 'BS', 'BT', '...</msg>
<var>${list_country}</var>
<arg>AD</arg>
<arg>AE</arg>
<arg>AF</arg>
<arg>AG</arg>
<arg>AI</arg>
<arg>AL</arg>
<arg>AM</arg>
<arg>AO</arg>
<arg>AQ</arg>
<arg>AR</arg>
<arg>AS</arg>
<arg>AT</arg>
<arg>AU</arg>
<arg>AW</arg>
<arg>AX</arg>
<arg>AZ</arg>
<arg>BA</arg>
<arg>BB</arg>
<arg>BD</arg>
<arg>BE</arg>
<arg>BF</arg>
<arg>BG</arg>
<arg>BH</arg>
<arg>BI</arg>
<arg>BJ</arg>
<arg>BL</arg>
<arg>BM</arg>
<arg>BN</arg>
<arg>BO</arg>
<arg>BQ</arg>
<arg>BR</arg>
<arg>BS</arg>
<arg>BT</arg>
<arg>BV</arg>
<arg>BW</arg>
<arg>BY</arg>
<arg>BZ</arg>
<arg>CA</arg>
<arg>CC</arg>
<arg>CD</arg>
<arg>CF</arg>
<arg>CG</arg>
<arg>CH</arg>
<arg>CI</arg>
<arg>CK</arg>
<arg>CL</arg>
<arg>CM</arg>
<arg>CN</arg>
<arg>CO</arg>
<arg>CR</arg>
<arg>CU</arg>
<arg>CV</arg>
<arg>CW</arg>
<arg>CX</arg>
<arg>CY</arg>
<arg>CZ</arg>
<arg>DE</arg>
<arg>DJ</arg>
<arg>DK</arg>
<arg>DM</arg>
<arg>DO</arg>
<arg>DZ</arg>
<arg>EC</arg>
<arg>EE</arg>
<arg>EG</arg>
<arg>EH</arg>
<arg>ER</arg>
<arg>ES</arg>
<arg>ET</arg>
<arg>FI</arg>
<arg>FJ</arg>
<arg>FK</arg>
<arg>FM</arg>
<arg>FO</arg>
<arg>FR</arg>
<arg>GA</arg>
<arg>GB</arg>
<arg>GD</arg>
<arg>GE</arg>
<arg>GF</arg>
<arg>GG</arg>
<arg>GH</arg>
<arg>GI</arg>
<arg>GL</arg>
<arg>GM</arg>
<arg>GN</arg>
<arg>GP</arg>
<arg>GQ</arg>
<arg>GR</arg>
<arg>GS</arg>
<arg>GT</arg>
<arg>GU</arg>
<arg>GW</arg>
<arg>GY</arg>
<arg>HK</arg>
<arg>HM</arg>
<arg>HN</arg>
<arg>HR</arg>
<arg>HT</arg>
<arg>HU</arg>
<arg>ID</arg>
<arg>IE</arg>
<arg>IL</arg>
<arg>IM</arg>
<arg>IN</arg>
<arg>IO</arg>
<arg>IQ</arg>
<arg>IR</arg>
<arg>IS</arg>
<arg>IT</arg>
<arg>JE</arg>
<arg>JM</arg>
<arg>JO</arg>
<arg>JP</arg>
<arg>KE</arg>
<arg>KG</arg>
<arg>KH</arg>
<arg>KI</arg>
<arg>KM</arg>
<arg>KN</arg>
<arg>KP</arg>
<arg>KR</arg>
<arg>KW</arg>
<arg>KY</arg>
<arg>KZ</arg>
<arg>LA</arg>
<arg>LB</arg>
<arg>LC</arg>
<arg>LI</arg>
<arg>LK</arg>
<arg>LR</arg>
<arg>LS</arg>
<arg>LT</arg>
<arg>LU</arg>
<arg>LV</arg>
<arg>LY</arg>
<arg>MA</arg>
<arg>MC</arg>
<arg>MD</arg>
<arg>ME</arg>
<arg>MF</arg>
<arg>MG</arg>
<arg>MH</arg>
<arg>MK</arg>
<arg>ML</arg>
<arg>MM</arg>
<arg>MN</arg>
<arg>MO</arg>
<arg>MP</arg>
<arg>MQ</arg>
<arg>MR</arg>
<arg>MS</arg>
<arg>MT</arg>
<arg>MU</arg>
<arg>MV</arg>
<arg>MW</arg>
<arg>MX</arg>
<arg>MY</arg>
<arg>MZ</arg>
<arg>NA</arg>
<arg>NC</arg>
<arg>NE</arg>
<arg>NF</arg>
<arg>NG</arg>
<arg>NI</arg>
<arg>NL</arg>
<arg>NO</arg>
<arg>NP</arg>
<arg>NR</arg>
<arg>NU</arg>
<arg>NZ</arg>
<arg>OM</arg>
<arg>PA</arg>
<arg>PE</arg>
<arg>PF</arg>
<arg>PG</arg>
<arg>PH</arg>
<arg>PK</arg>
<arg>PL</arg>
<arg>PM</arg>
<arg>PN</arg>
<arg>PR</arg>
<arg>PS</arg>
<arg>PT</arg>
<arg>PW</arg>
<arg>PY</arg>
<arg>QA</arg>
<arg>RE</arg>
<arg>RO</arg>
<arg>RS</arg>
<arg>RU</arg>
<arg>RW</arg>
<arg>SA</arg>
<arg>SB</arg>
<arg>SC</arg>
<arg>SD</arg>
<arg>SE</arg>
<arg>SG</arg>
<arg>SH</arg>
<arg>SI</arg>
<arg>SJ</arg>
<arg>SK</arg>
<arg>SL</arg>
<arg>SM</arg>
<arg>SN</arg>
<arg>SO</arg>
<arg>SR</arg>
<arg>SS</arg>
<arg>ST</arg>
<arg>SV</arg>
<arg>SX</arg>
<arg>SY</arg>
<arg>SZ</arg>
<arg>TC</arg>
<arg>TD</arg>
<arg>TF</arg>
<arg>TG</arg>
<arg>TH</arg>
<arg>TJ</arg>
<arg>TK</arg>
<arg>TL</arg>
<arg>TM</arg>
<arg>TN</arg>
<arg>TO</arg>
<arg>TR</arg>
<arg>TT</arg>
<arg>TV</arg>
<arg>TW</arg>
<arg>TZ</arg>
<arg>UA</arg>
<arg>UG</arg>
<arg>UM</arg>
<arg>US</arg>
<arg>UY</arg>
<arg>UZ</arg>
<arg>VA</arg>
<arg>VC</arg>
<arg>VE</arg>
<arg>VG</arg>
<arg>VI</arg>
<arg>VN</arg>
<arg>VU</arg>
<arg>WF</arg>
<arg>WS</arg>
<arg>XK</arg>
<arg>YE</arg>
<arg>YT</arg>
<arg>ZA</arg>
<arg>ZM</arg>
<arg>ZW</arg>
<doc>Returns a list containing given items.</doc>
<status status="PASS" start="2024-07-30T08:19:49.520587" elapsed="0.000653"/>
</kw>
<kw name="List Should Contain Value" owner="Collections">
<arg>${list_country}</arg>
<arg>${name_country}</arg>
<doc>Fails if the ``value`` is not found from ``list``.</doc>
<status status="PASS" start="2024-07-30T08:19:49.522217" elapsed="0.000210"/>
</kw>
<kw name="Run Keyword If" owner="BuiltIn">
<kw name="Should Be True" owner="BuiltIn">
<arg>${True}</arg>
<doc>Fails if the given condition is not true.</doc>
<status status="PASS" start="2024-07-30T08:19:49.523377" elapsed="0.000141"/>
</kw>
<arg>${json_data["results"][0]["location"]["coordinates"]["latitude"]} &gt;= -90 and ${json_data["results"][0]["location"]["coordinates"]["latitude"]} &lt;= 90</arg>
<arg>Should Be True</arg>
<arg>${True}</arg>
<doc>Runs the given keyword with the given arguments, if ``condition`` is true.</doc>
<status status="PASS" start="2024-07-30T08:19:49.522630" elapsed="0.001014"/>
</kw>
<kw name="Run Keyword If" owner="BuiltIn">
<kw name="Should Be True" owner="BuiltIn">
<arg>${True}</arg>
<doc>Fails if the given condition is not true.</doc>
<status status="PASS" start="2024-07-30T08:19:49.524516" elapsed="0.000135"/>
</kw>
<arg>${json_data["results"][0]["location"]["coordinates"]["longitude"]} &gt;= -180 and ${json_data["results"][0]["location"]["coordinates"]["longitude"]} &lt;= 180</arg>
<arg>Should Be True</arg>
<arg>${True}</arg>
<doc>Runs the given keyword with the given arguments, if ``condition`` is true.</doc>
<status status="PASS" start="2024-07-30T08:19:49.523827" elapsed="0.000949"/>
</kw>
<status status="PASS" start="2024-07-30T08:19:49.414932" elapsed="0.109971"/>
</kw>
<doc>Testa o conteúdo específico dos campos retornados pela API.</doc>
<tag>testeConteudo</tag>
<status status="PASS" start="2024-07-30T08:19:49.414392" elapsed="0.110651"/>
</test>
<status status="PASS" start="2024-07-30T08:19:48.462390" elapsed="1.064626"/>
</suite>
<status status="PASS" start="2024-07-30T08:19:48.447859" elapsed="1.084255"/>
</suite>
<statistics>
<total>
<stat pass="5" fail="0" skip="0">All Tests</stat>
</total>
<tag>
<stat pass="1" fail="0" skip="0">testeConteudo</stat>
<stat pass="1" fail="0" skip="0">testeEstruturaResposta</stat>
<stat pass="1" fail="0" skip="0">testeRequisicaoBasica</stat>
<stat pass="1" fail="0" skip="0">testeTiposDados</stat>
</tag>
<suite>
<stat pass="5" fail="0" skip="0" id="s1" name="Tests">Tests</stat>
<stat pass="5" fail="0" skip="0" id="s1-s1" name="Random-User-Test">Tests.Random-User-Test</stat>
</suite>
</statistics>
<errors>
</errors>
</robot>
