<?xml version="1.0" encoding="UTF-8"?>
<robot generator="Robot 7.0 (Python 3.12.3 on linux)" generated="2024-05-22T23:16:22.586598" rpa="false" schemaversion="5">
<suite id="s1" name="Tests" source="/home/runner/work/DesafioQAItauRogerioJordao/DesafioQAItauRogerioJordao/RamdonUser/tests">
<suite id="s1-s1" name="Random-User-Test" source="/home/runner/work/DesafioQAItauRogerioJordao/DesafioQAItauRogerioJordao/RamdonUser/tests/random-user-test.robot">
<test id="s1-s1-t1" name="Conectar" line="13">
<kw name="Conectar API" owner="random-user-service">
<kw name="Create Session" owner="RequestsLibrary">
<msg time="2024-05-22T23:16:22.984573" level="INFO">Creating Session using : alias=consultarAPI, url=https://randomuser.me/, headers={},                     cookies={}, auth=None, timeout=None, proxies=None, verify=False,                     debug=0 </msg>
<arg>consultarAPI</arg>
<arg>${URL}</arg>
<doc>Create Session: create a HTTP session to a server</doc>
<status status="PASS" start="2024-05-22T23:16:22.984358" elapsed="0.000413"/>
</kw>
<status status="PASS" start="2024-05-22T23:16:22.983312" elapsed="0.001827"/>
</kw>
<status status="PASS" start="2024-05-22T23:16:22.982763" elapsed="0.002571"/>
</test>
<test id="s1-s1-t2" name="Validar retorno 200 e JSON Válido" line="16">
<kw name="Teste de Requisicao Basica" owner="random-user-service">
<kw name="GET On Session" owner="RequestsLibrary">
<msg time="2024-05-22T23:16:23.229506" level="INFO">GET Request : url=https://randomuser.me/api 
 path_url=/api 
 headers={'User-Agent': 'python-requests/2.32.2', 'Accept-Encoding': 'gzip, deflate', 'Accept': '*/*', 'Connection': 'keep-alive'} 
 body=None 
 </msg>
<msg time="2024-05-22T23:16:23.229671" level="INFO">GET Response : url=https://randomuser.me/api 
 status=200, reason=OK 
 headers={'Date': 'Wed, 22 May 2024 23:16:23 GMT', 'Content-Type': 'application/json; charset=utf-8', 'Transfer-Encoding': 'chunked', 'Connection': 'keep-alive', 'X-Powered-By': 'Express', 'Access-Control-Allow-Origin': '*', 'Cache-Control': 'no-cache', 'ETag': 'W/"48f-jauXSPmLfc7Ehw8YfvcAs971Y5k"', 'Vary': 'Accept-Encoding', 'Content-Encoding': 'gzip', 'CF-Cache-Status': 'DYNAMIC', 'Report-To': '{"endpoints":[{"url":"https:\\/\\/a.nel.cloudflare.com\\/report\\/v4?s=Eqz9F8XVEX9kO63UAdfhXFMXZRGHO%2B82ZZNEIkhwQuTuU%2FuEZfJ9JKh8flMpRcPV0F1qXBmo8VzXTY6t9BqypJ%2Fi069Nvufg6bEjqTG53Rt7uMUI1SkjuyvWE2QzYYyD"}],"group":"cf-nel","max_age":604800}', 'NEL': '{"success_fraction":0,"report_to":"cf-nel","max_age":604800}', 'Server': 'cloudflare', 'CF-RAY': '8880837cdd3a22e4-ORD', 'alt-svc': 'h3=":443"; ma=86400'} 
 body={"results":[{"gender":"female","name":{"title":"Miss","first":"Sumana","last":"Kaur"},"location":{"street":{"number":9572,"name":"Ashoka Rd"},"city":"Surat","state":"Andhra Pradesh","country":"India","postcode":14365,"coordinates":{"latitude":"12.5404","longitude":"177.4347"},"timezone":{"offset":"+1:00","description":"Brussels, Copenhagen, Madrid, Paris"}},"email":"sumana.kaur@example.com","login":{"uuid":"d647f0e0-0998-47b2-b6a4-782b349b6bf7","username":"brownkoala571","password":"paranoid","salt":"MMFETiCz","md5":"02a663a86378bab94672033063145bdc","sha1":"d3f37873d3e76cde9245e878c08d8bb4c61b9c35","sha256":"6188a61ffd444da2edab2d3a8836f9a40225d550aee4db8f03066af69d25ca2f"},"dob":{"date":"1952-01-18T01:33:56.929Z","age":72},"registered":{"date":"2016-09-17T18:35:48.115Z","age":7},"phone":"7574794216","cell":"7394404251","id":{"name":"UIDAI","value":"239167926780"},"picture":{"large":"https://randomuser.me/api/portraits/women/22.jpg","medium":"https://randomuser.me/api/portraits/med/women/22.jpg","thumbnail":"https://randomuser.me/api/portraits/thumb/women/22.jpg"},"nat":"IN"}],"info":{"seed":"ef48066442a2dd02","results":1,"page":1,"version":"1.4"}} 
 </msg>
<msg time="2024-05-22T23:16:23.229760" level="INFO">/opt/hostedtoolcache/Python/3.12.3/x64/lib/python3.12/site-packages/urllib3/connectionpool.py:1103: InsecureRequestWarning: Unverified HTTPS request is being made to host 'randomuser.me'. Adding certificate verification is strongly advised. See: https://urllib3.readthedocs.io/en/latest/advanced-usage.html#tls-warnings
  warnings.warn(</msg>
<msg time="2024-05-22T23:16:23.229932" level="INFO">${response} = &lt;Response [200]&gt;</msg>
<var>${response}</var>
<arg>consultarAPI</arg>
<arg>/api</arg>
<doc>Sends a GET request on a previously created HTTP Session.</doc>
<status status="PASS" start="2024-05-22T23:16:22.988011" elapsed="0.241965"/>
</kw>
<kw name="Should Be Equal As Numbers" owner="BuiltIn">
<msg time="2024-05-22T23:16:23.230993" level="INFO">Argument types are:
&lt;class 'int'&gt;
&lt;class 'str'&gt;</msg>
<arg>${response.status_code}</arg>
<arg>200</arg>
<doc>Fails if objects are unequal after converting them to real numbers.</doc>
<status status="PASS" start="2024-05-22T23:16:23.230535" elapsed="0.000525"/>
</kw>
<kw name="Log" owner="BuiltIn">
<msg time="2024-05-22T23:16:23.231810" level="INFO">200</msg>
<arg>${response.status_code}</arg>
<doc>Logs the given message with the given level.</doc>
<status status="PASS" start="2024-05-22T23:16:23.231404" elapsed="0.000459"/>
</kw>
<kw name="Set Variable" owner="BuiltIn">
<msg time="2024-05-22T23:16:23.232625" level="INFO">${json_data} = {'results': [{'gender': 'female', 'name': {'title': 'Miss', 'first': 'Sumana', 'last': 'Kaur'}, 'location': {'street': {'number': 9572, 'name': 'Ashoka Rd'}, 'city': 'Surat', 'state': 'Andhra Pradesh'...</msg>
<var>${json_data}</var>
<arg>${response.json()}</arg>
<doc>Returns the given values which can then be assigned to a variables.</doc>
<status status="PASS" start="2024-05-22T23:16:23.232188" elapsed="0.000468"/>
</kw>
<kw name="Dictionary Should Contain Key" owner="Collections">
<msg time="2024-05-22T23:16:23.233140" level="INFO">False</msg>
<arg>${json_data}</arg>
<arg>results</arg>
<doc>Fails if ``key`` is not found from ``dictionary``.</doc>
<status status="PASS" start="2024-05-22T23:16:23.232963" elapsed="0.000215"/>
</kw>
<status status="PASS" start="2024-05-22T23:16:22.987759" elapsed="0.245709"/>
</kw>
<doc>Testa se a API responde corretamente e retorna um objeto JSON válido.</doc>
<tag>testeRequisicaoBasica</tag>
<status status="PASS" start="2024-05-22T23:16:22.987198" elapsed="0.246461"/>
</test>
<test id="s1-s1-t3" name="Validar estrutura de resposta" line="22">
<kw name="Teste de Estrutura de Resposta" owner="random-user-service">
<kw name="GET On Session" owner="RequestsLibrary">
<msg time="2024-05-22T23:16:23.329357" level="INFO">GET Request : url=https://randomuser.me/api 
 path_url=/api 
 headers={'User-Agent': 'python-requests/2.32.2', 'Accept-Encoding': 'gzip, deflate', 'Accept': '*/*', 'Connection': 'keep-alive'} 
 body=None 
 </msg>
<msg time="2024-05-22T23:16:23.329474" level="INFO">GET Response : url=https://randomuser.me/api 
 status=200, reason=OK 
 headers={'Date': 'Wed, 22 May 2024 23:16:23 GMT', 'Content-Type': 'application/json; charset=utf-8', 'Transfer-Encoding': 'chunked', 'Connection': 'keep-alive', 'X-Powered-By': 'Express', 'Access-Control-Allow-Origin': '*', 'Cache-Control': 'no-cache', 'ETag': 'W/"4a1-R/xS8tAb4arWhwGhmpd/xZqR1v8"', 'Vary': 'Accept-Encoding', 'Content-Encoding': 'gzip', 'CF-Cache-Status': 'DYNAMIC', 'Report-To': '{"endpoints":[{"url":"https:\\/\\/a.nel.cloudflare.com\\/report\\/v4?s=%2FjvRSqmZCEpwNNLesxp49L7aO2EwCbv32Ti4Nci1vtJIW4g0ZE%2BJOJylCsXY2l%2FrAryj5k5HedZOGcZBrVkHG0RFMvu3dkYl4DAMrNFGBPvnqgCK3QloM2i4x6XmeeN%2F"}],"group":"cf-nel","max_age":604800}', 'NEL': '{"success_fraction":0,"report_to":"cf-nel","max_age":604800}', 'Server': 'cloudflare', 'CF-RAY': '8880837d3daa22e4-ORD', 'alt-svc': 'h3=":443"; ma=86400'} 
 body={"results":[{"gender":"female","name":{"title":"Mrs","first":"Ariadna","last":"Cepeda"},"location":{"street":{"number":6307,"name":"Calle Tlaxcala"},"city":"San Miguel Mimiapan","state":"Morelos","country":"Mexico","postcode":46061,"coordinates":{"latitude":"26.2216","longitude":"143.4175"},"timezone":{"offset":"-11:00","description":"Midway Island, Samoa"}},"email":"ariadna.cepeda@example.com","login":{"uuid":"2390a3b8-6f66-4634-93e1-632ca8050f0d","username":"beautifulgorilla316","password":"tsunami","salt":"8yyAntLn","md5":"8fcd4aacbd4b01f639c85eb63257f3fc","sha1":"8aa0fadf30da424c9a48e8d3341ff2db4b57d0d2","sha256":"63e4f7094144d2be4a75df6e1a6a22716760b8fe5e61a417162c0e30fcc3b0a0"},"dob":{"date":"1951-09-30T00:28:03.598Z","age":72},"registered":{"date":"2017-09-29T15:10:46.329Z","age":6},"phone":"(650) 309 0893","cell":"(676) 052 2563","id":{"name":"NSS","value":"31 45 59 0585 3"},"picture":{"large":"https://randomuser.me/api/portraits/women/62.jpg","medium":"https://randomuser.me/api/portraits/med/women/62.jpg","thumbnail":"https://randomuser.me/api/portraits/thumb/women/62.jpg"},"nat":"MX"}],"info":{"seed":"b7b0966c66303c80","results":1,"page":1,"version":"1.4"}} 
 </msg>
<msg time="2024-05-22T23:16:23.329617" level="INFO">/opt/hostedtoolcache/Python/3.12.3/x64/lib/python3.12/site-packages/urllib3/connectionpool.py:1103: InsecureRequestWarning: Unverified HTTPS request is being made to host 'randomuser.me'. Adding certificate verification is strongly advised. See: https://urllib3.readthedocs.io/en/latest/advanced-usage.html#tls-warnings
  warnings.warn(</msg>
<msg time="2024-05-22T23:16:23.329788" level="INFO">${response} = &lt;Response [200]&gt;</msg>
<var>${response}</var>
<arg>consultarAPI</arg>
<arg>/api</arg>
<doc>Sends a GET request on a previously created HTTP Session.</doc>
<status status="PASS" start="2024-05-22T23:16:23.236349" elapsed="0.093492"/>
</kw>
<kw name="Set Variable" owner="BuiltIn">
<msg time="2024-05-22T23:16:23.330928" level="INFO">${json_data} = {'results': [{'gender': 'female', 'name': {'title': 'Mrs', 'first': 'Ariadna', 'last': 'Cepeda'}, 'location': {'street': {'number': 6307, 'name': 'Calle Tlaxcala'}, 'city': 'San Miguel Mimiapan', 'sta...</msg>
<var>${json_data}</var>
<arg>${response.json()}</arg>
<doc>Returns the given values which can then be assigned to a variables.</doc>
<status status="PASS" start="2024-05-22T23:16:23.330406" elapsed="0.000551"/>
</kw>
<kw name="Log" owner="BuiltIn">
<msg time="2024-05-22T23:16:23.331431" level="INFO">{'results': [{'gender': 'female', 'name': {'title': 'Mrs', 'first': 'Ariadna', 'last': 'Cepeda'}, 'location': {'street': {'number': 6307, 'name': 'Calle Tlaxcala'}, 'city': 'San Miguel Mimiapan', 'state': 'Morelos', 'country': 'Mexico', 'postcode': 46061, 'coordinates': {'latitude': '26.2216', 'longitude': '143.4175'}, 'timezone': {'offset': '-11:00', 'description': 'Midway Island, Samoa'}}, 'email': 'ariadna.cepeda@example.com', 'login': {'uuid': '2390a3b8-6f66-4634-93e1-632ca8050f0d', 'username': 'beautifulgorilla316', 'password': 'tsunami', 'salt': '8yyAntLn', 'md5': '8fcd4aacbd4b01f639c85eb63257f3fc', 'sha1': '8aa0fadf30da424c9a48e8d3341ff2db4b57d0d2', 'sha256': '63e4f7094144d2be4a75df6e1a6a22716760b8fe5e61a417162c0e30fcc3b0a0'}, 'dob': {'date': '1951-09-30T00:28:03.598Z', 'age': 72}, 'registered': {'date': '2017-09-29T15:10:46.329Z', 'age': 6}, 'phone': '(650) 309 0893', 'cell': '(676) 052 2563', 'id': {'name': 'NSS', 'value': '31 45 59 0585 3'}, 'picture': {'large': 'https://randomuser.me/api/portraits/women/62.jpg', 'medium': 'https://randomuser.me/api/portraits/med/women/62.jpg', 'thumbnail': 'https://randomuser.me/api/portraits/thumb/women/62.jpg'}, 'nat': 'MX'}], 'info': {'seed': 'b7b0966c66303c80', 'results': 1, 'page': 1, 'version': '1.4'}}</msg>
<arg>${json_data}</arg>
<doc>Logs the given message with the given level.</doc>
<status status="PASS" start="2024-05-22T23:16:23.331274" elapsed="0.000210"/>
</kw>
<kw name="Dictionary Should Contain Key" owner="Collections">
<msg time="2024-05-22T23:16:23.331996" level="INFO">False</msg>
<arg>${json_data}</arg>
<arg>results</arg>
<doc>Fails if ``key`` is not found from ``dictionary``.</doc>
<status status="PASS" start="2024-05-22T23:16:23.331827" elapsed="0.000206"/>
</kw>
<kw name="Should Not Be Empty" owner="BuiltIn">
<msg time="2024-05-22T23:16:23.332472" level="INFO">Length is 2.</msg>
<arg>${json_data}</arg>
<doc>Verifies that the given item is not empty.</doc>
<status status="PASS" start="2024-05-22T23:16:23.332337" elapsed="0.000172"/>
</kw>
<kw name="Create List" owner="BuiltIn">
<msg time="2024-05-22T23:16:23.333107" level="INFO">${expected_keys} = ['gender', 'name', 'location', 'email', 'login']</msg>
<var>${expected_keys}</var>
<arg>gender</arg>
<arg>name</arg>
<arg>location</arg>
<arg>email</arg>
<arg>login</arg>
<doc>Returns a list containing given items.</doc>
<status status="PASS" start="2024-05-22T23:16:23.332797" elapsed="0.000335"/>
</kw>
<for flavor="IN">
<iter>
<kw name="Dictionary Should Contain Key" owner="Collections">
<msg time="2024-05-22T23:16:23.334132" level="INFO">False</msg>
<arg>${json_data['results'][0]}</arg>
<arg>${key}</arg>
<doc>Fails if ``key`` is not found from ``dictionary``.</doc>
<status status="PASS" start="2024-05-22T23:16:23.333728" elapsed="0.000443"/>
</kw>
<kw name="Log" owner="BuiltIn">
<msg time="2024-05-22T23:16:23.334834" level="INFO">{'gender': 'female', 'name': {'title': 'Mrs', 'first': 'Ariadna', 'last': 'Cepeda'}, 'location': {'street': {'number': 6307, 'name': 'Calle Tlaxcala'}, 'city': 'San Miguel Mimiapan', 'state': 'Morelos', 'country': 'Mexico', 'postcode': 46061, 'coordinates': {'latitude': '26.2216', 'longitude': '143.4175'}, 'timezone': {'offset': '-11:00', 'description': 'Midway Island, Samoa'}}, 'email': 'ariadna.cepeda@example.com', 'login': {'uuid': '2390a3b8-6f66-4634-93e1-632ca8050f0d', 'username': 'beautifulgorilla316', 'password': 'tsunami', 'salt': '8yyAntLn', 'md5': '8fcd4aacbd4b01f639c85eb63257f3fc', 'sha1': '8aa0fadf30da424c9a48e8d3341ff2db4b57d0d2', 'sha256': '63e4f7094144d2be4a75df6e1a6a22716760b8fe5e61a417162c0e30fcc3b0a0'}, 'dob': {'date': '1951-09-30T00:28:03.598Z', 'age': 72}, 'registered': {'date': '2017-09-29T15:10:46.329Z', 'age': 6}, 'phone': '(650) 309 0893', 'cell': '(676) 052 2563', 'id': {'name': 'NSS', 'value': '31 45 59 0585 3'}, 'picture': {'large': 'https://randomuser.me/api/portraits/women/62.jpg', 'medium': 'https://randomuser.me/api/portraits/med/women/62.jpg', 'thumbnail': 'https://randomuser.me/api/portraits/thumb/women/62.jpg'}, 'nat': 'MX'}</msg>
<arg>${json_data['results'][0]}</arg>
<doc>Logs the given message with the given level.</doc>
<status status="PASS" start="2024-05-22T23:16:23.334468" elapsed="0.000414"/>
</kw>
<kw name="Log" owner="BuiltIn">
<msg time="2024-05-22T23:16:23.335300" level="INFO">gender</msg>
<arg>${key}</arg>
<doc>Logs the given message with the given level.</doc>
<status status="PASS" start="2024-05-22T23:16:23.335174" elapsed="0.000162"/>
</kw>
<var name="${key}">gender</var>
<status status="PASS" start="2024-05-22T23:16:23.333601" elapsed="0.001953"/>
</iter>
<iter>
<kw name="Dictionary Should Contain Key" owner="Collections">
<msg time="2024-05-22T23:16:23.336278" level="INFO">False</msg>
<arg>${json_data['results'][0]}</arg>
<arg>${key}</arg>
<doc>Fails if ``key`` is not found from ``dictionary``.</doc>
<status status="PASS" start="2024-05-22T23:16:23.335899" elapsed="0.000415"/>
</kw>
<kw name="Log" owner="BuiltIn">
<msg time="2024-05-22T23:16:23.336983" level="INFO">{'gender': 'female', 'name': {'title': 'Mrs', 'first': 'Ariadna', 'last': 'Cepeda'}, 'location': {'street': {'number': 6307, 'name': 'Calle Tlaxcala'}, 'city': 'San Miguel Mimiapan', 'state': 'Morelos', 'country': 'Mexico', 'postcode': 46061, 'coordinates': {'latitude': '26.2216', 'longitude': '143.4175'}, 'timezone': {'offset': '-11:00', 'description': 'Midway Island, Samoa'}}, 'email': 'ariadna.cepeda@example.com', 'login': {'uuid': '2390a3b8-6f66-4634-93e1-632ca8050f0d', 'username': 'beautifulgorilla316', 'password': 'tsunami', 'salt': '8yyAntLn', 'md5': '8fcd4aacbd4b01f639c85eb63257f3fc', 'sha1': '8aa0fadf30da424c9a48e8d3341ff2db4b57d0d2', 'sha256': '63e4f7094144d2be4a75df6e1a6a22716760b8fe5e61a417162c0e30fcc3b0a0'}, 'dob': {'date': '1951-09-30T00:28:03.598Z', 'age': 72}, 'registered': {'date': '2017-09-29T15:10:46.329Z', 'age': 6}, 'phone': '(650) 309 0893', 'cell': '(676) 052 2563', 'id': {'name': 'NSS', 'value': '31 45 59 0585 3'}, 'picture': {'large': 'https://randomuser.me/api/portraits/women/62.jpg', 'medium': 'https://randomuser.me/api/portraits/med/women/62.jpg', 'thumbnail': 'https://randomuser.me/api/portraits/thumb/women/62.jpg'}, 'nat': 'MX'}</msg>
<arg>${json_data['results'][0]}</arg>
<doc>Logs the given message with the given level.</doc>
<status status="PASS" start="2024-05-22T23:16:23.336633" elapsed="0.000397"/>
</kw>
<kw name="Log" owner="BuiltIn">
<msg time="2024-05-22T23:16:23.337444" level="INFO">name</msg>
<arg>${key}</arg>
<doc>Logs the given message with the given level.</doc>
<status status="PASS" start="2024-05-22T23:16:23.337321" elapsed="0.000158"/>
</kw>
<var name="${key}">name</var>
<status status="PASS" start="2024-05-22T23:16:23.335781" elapsed="0.001911"/>
</iter>
<iter>
<kw name="Dictionary Should Contain Key" owner="Collections">
<msg time="2024-05-22T23:16:23.338358" level="INFO">False</msg>
<arg>${json_data['results'][0]}</arg>
<arg>${key}</arg>
<doc>Fails if ``key`` is not found from ``dictionary``.</doc>
<status status="PASS" start="2024-05-22T23:16:23.337985" elapsed="0.000410"/>
</kw>
<kw name="Log" owner="BuiltIn">
<msg time="2024-05-22T23:16:23.339038" level="INFO">{'gender': 'female', 'name': {'title': 'Mrs', 'first': 'Ariadna', 'last': 'Cepeda'}, 'location': {'street': {'number': 6307, 'name': 'Calle Tlaxcala'}, 'city': 'San Miguel Mimiapan', 'state': 'Morelos', 'country': 'Mexico', 'postcode': 46061, 'coordinates': {'latitude': '26.2216', 'longitude': '143.4175'}, 'timezone': {'offset': '-11:00', 'description': 'Midway Island, Samoa'}}, 'email': 'ariadna.cepeda@example.com', 'login': {'uuid': '2390a3b8-6f66-4634-93e1-632ca8050f0d', 'username': 'beautifulgorilla316', 'password': 'tsunami', 'salt': '8yyAntLn', 'md5': '8fcd4aacbd4b01f639c85eb63257f3fc', 'sha1': '8aa0fadf30da424c9a48e8d3341ff2db4b57d0d2', 'sha256': '63e4f7094144d2be4a75df6e1a6a22716760b8fe5e61a417162c0e30fcc3b0a0'}, 'dob': {'date': '1951-09-30T00:28:03.598Z', 'age': 72}, 'registered': {'date': '2017-09-29T15:10:46.329Z', 'age': 6}, 'phone': '(650) 309 0893', 'cell': '(676) 052 2563', 'id': {'name': 'NSS', 'value': '31 45 59 0585 3'}, 'picture': {'large': 'https://randomuser.me/api/portraits/women/62.jpg', 'medium': 'https://randomuser.me/api/portraits/med/women/62.jpg', 'thumbnail': 'https://randomuser.me/api/portraits/thumb/women/62.jpg'}, 'nat': 'MX'}</msg>
<arg>${json_data['results'][0]}</arg>
<doc>Logs the given message with the given level.</doc>
<status status="PASS" start="2024-05-22T23:16:23.338688" elapsed="0.000397"/>
</kw>
<kw name="Log" owner="BuiltIn">
<msg time="2024-05-22T23:16:23.339499" level="INFO">location</msg>
<arg>${key}</arg>
<doc>Logs the given message with the given level.</doc>
<status status="PASS" start="2024-05-22T23:16:23.339378" elapsed="0.000159"/>
</kw>
<var name="${key}">location</var>
<status status="PASS" start="2024-05-22T23:16:23.337870" elapsed="0.001913"/>
</iter>
<iter>
<kw name="Dictionary Should Contain Key" owner="Collections">
<msg time="2024-05-22T23:16:23.340451" level="INFO">False</msg>
<arg>${json_data['results'][0]}</arg>
<arg>${key}</arg>
<doc>Fails if ``key`` is not found from ``dictionary``.</doc>
<status status="PASS" start="2024-05-22T23:16:23.340077" elapsed="0.000412"/>
</kw>
<kw name="Log" owner="BuiltIn">
<msg time="2024-05-22T23:16:23.341156" level="INFO">{'gender': 'female', 'name': {'title': 'Mrs', 'first': 'Ariadna', 'last': 'Cepeda'}, 'location': {'street': {'number': 6307, 'name': 'Calle Tlaxcala'}, 'city': 'San Miguel Mimiapan', 'state': 'Morelos', 'country': 'Mexico', 'postcode': 46061, 'coordinates': {'latitude': '26.2216', 'longitude': '143.4175'}, 'timezone': {'offset': '-11:00', 'description': 'Midway Island, Samoa'}}, 'email': 'ariadna.cepeda@example.com', 'login': {'uuid': '2390a3b8-6f66-4634-93e1-632ca8050f0d', 'username': 'beautifulgorilla316', 'password': 'tsunami', 'salt': '8yyAntLn', 'md5': '8fcd4aacbd4b01f639c85eb63257f3fc', 'sha1': '8aa0fadf30da424c9a48e8d3341ff2db4b57d0d2', 'sha256': '63e4f7094144d2be4a75df6e1a6a22716760b8fe5e61a417162c0e30fcc3b0a0'}, 'dob': {'date': '1951-09-30T00:28:03.598Z', 'age': 72}, 'registered': {'date': '2017-09-29T15:10:46.329Z', 'age': 6}, 'phone': '(650) 309 0893', 'cell': '(676) 052 2563', 'id': {'name': 'NSS', 'value': '31 45 59 0585 3'}, 'picture': {'large': 'https://randomuser.me/api/portraits/women/62.jpg', 'medium': 'https://randomuser.me/api/portraits/med/women/62.jpg', 'thumbnail': 'https://randomuser.me/api/portraits/thumb/women/62.jpg'}, 'nat': 'MX'}</msg>
<arg>${json_data['results'][0]}</arg>
<doc>Logs the given message with the given level.</doc>
<status status="PASS" start="2024-05-22T23:16:23.340792" elapsed="0.000423"/>
</kw>
<kw name="Log" owner="BuiltIn">
<msg time="2024-05-22T23:16:23.341630" level="INFO">email</msg>
<arg>${key}</arg>
<doc>Logs the given message with the given level.</doc>
<status status="PASS" start="2024-05-22T23:16:23.341506" elapsed="0.000161"/>
</kw>
<var name="${key}">email</var>
<status status="PASS" start="2024-05-22T23:16:23.339966" elapsed="0.001909"/>
</iter>
<iter>
<kw name="Dictionary Should Contain Key" owner="Collections">
<msg time="2024-05-22T23:16:23.342536" level="INFO">False</msg>
<arg>${json_data['results'][0]}</arg>
<arg>${key}</arg>
<doc>Fails if ``key`` is not found from ``dictionary``.</doc>
<status status="PASS" start="2024-05-22T23:16:23.342157" elapsed="0.000416"/>
</kw>
<kw name="Log" owner="BuiltIn">
<msg time="2024-05-22T23:16:23.343219" level="INFO">{'gender': 'female', 'name': {'title': 'Mrs', 'first': 'Ariadna', 'last': 'Cepeda'}, 'location': {'street': {'number': 6307, 'name': 'Calle Tlaxcala'}, 'city': 'San Miguel Mimiapan', 'state': 'Morelos', 'country': 'Mexico', 'postcode': 46061, 'coordinates': {'latitude': '26.2216', 'longitude': '143.4175'}, 'timezone': {'offset': '-11:00', 'description': 'Midway Island, Samoa'}}, 'email': 'ariadna.cepeda@example.com', 'login': {'uuid': '2390a3b8-6f66-4634-93e1-632ca8050f0d', 'username': 'beautifulgorilla316', 'password': 'tsunami', 'salt': '8yyAntLn', 'md5': '8fcd4aacbd4b01f639c85eb63257f3fc', 'sha1': '8aa0fadf30da424c9a48e8d3341ff2db4b57d0d2', 'sha256': '63e4f7094144d2be4a75df6e1a6a22716760b8fe5e61a417162c0e30fcc3b0a0'}, 'dob': {'date': '1951-09-30T00:28:03.598Z', 'age': 72}, 'registered': {'date': '2017-09-29T15:10:46.329Z', 'age': 6}, 'phone': '(650) 309 0893', 'cell': '(676) 052 2563', 'id': {'name': 'NSS', 'value': '31 45 59 0585 3'}, 'picture': {'large': 'https://randomuser.me/api/portraits/women/62.jpg', 'medium': 'https://randomuser.me/api/portraits/med/women/62.jpg', 'thumbnail': 'https://randomuser.me/api/portraits/thumb/women/62.jpg'}, 'nat': 'MX'}</msg>
<arg>${json_data['results'][0]}</arg>
<doc>Logs the given message with the given level.</doc>
<status status="PASS" start="2024-05-22T23:16:23.342863" elapsed="0.000404"/>
</kw>
<kw name="Log" owner="BuiltIn">
<msg time="2024-05-22T23:16:23.343712" level="INFO">login</msg>
<arg>${key}</arg>
<doc>Logs the given message with the given level.</doc>
<status status="PASS" start="2024-05-22T23:16:23.343553" elapsed="0.000232"/>
</kw>
<var name="${key}">login</var>
<status status="PASS" start="2024-05-22T23:16:23.342048" elapsed="0.001974"/>
</iter>
<var>${key}</var>
<value>@{expected_keys}</value>
<status status="PASS" start="2024-05-22T23:16:23.333402" elapsed="0.010740"/>
</for>
<kw name="Create List" owner="BuiltIn">
<msg time="2024-05-22T23:16:23.344471" level="INFO">${expected_keysTwo} = ['username', 'password']</msg>
<var>${expected_keysTwo}</var>
<arg>username</arg>
<arg>password</arg>
<doc>Returns a list containing given items.</doc>
<status status="PASS" start="2024-05-22T23:16:23.344337" elapsed="0.000157"/>
</kw>
<for flavor="IN">
<iter>
<kw name="Dictionary Should Contain Key" owner="Collections">
<msg time="2024-05-22T23:16:23.345365" level="INFO">False</msg>
<arg>${json_data['results'][0]['login']}</arg>
<arg>${keyTwo}</arg>
<doc>Fails if ``key`` is not found from ``dictionary``.</doc>
<status status="PASS" start="2024-05-22T23:16:23.344988" elapsed="0.000413"/>
</kw>
<kw name="Dictionary Should Contain Key" owner="Collections">
<msg time="2024-05-22T23:16:23.346072" level="INFO">False</msg>
<arg>${json_data['results'][0]['login']}</arg>
<arg>${keyTwo}</arg>
<doc>Fails if ``key`` is not found from ``dictionary``.</doc>
<status status="PASS" start="2024-05-22T23:16:23.345693" elapsed="0.000416"/>
</kw>
<kw name="Log" owner="BuiltIn">
<msg time="2024-05-22T23:16:23.346521" level="INFO">username</msg>
<arg>${keyTwo}</arg>
<doc>Logs the given message with the given level.</doc>
<status status="PASS" start="2024-05-22T23:16:23.346397" elapsed="0.000160"/>
</kw>
<var name="${keyTwo}">username</var>
<status status="PASS" start="2024-05-22T23:16:23.344880" elapsed="0.001883"/>
</iter>
<iter>
<kw name="Dictionary Should Contain Key" owner="Collections">
<msg time="2024-05-22T23:16:23.347409" level="INFO">False</msg>
<arg>${json_data['results'][0]['login']}</arg>
<arg>${keyTwo}</arg>
<doc>Fails if ``key`` is not found from ``dictionary``.</doc>
<status status="PASS" start="2024-05-22T23:16:23.347039" elapsed="0.000407"/>
</kw>
<kw name="Dictionary Should Contain Key" owner="Collections">
<msg time="2024-05-22T23:16:23.348240" level="INFO">False</msg>
<arg>${json_data['results'][0]['login']}</arg>
<arg>${keyTwo}</arg>
<doc>Fails if ``key`` is not found from ``dictionary``.</doc>
<status status="PASS" start="2024-05-22T23:16:23.347765" elapsed="0.000513"/>
</kw>
<kw name="Log" owner="BuiltIn">
<msg time="2024-05-22T23:16:23.348698" level="INFO">password</msg>
<arg>${keyTwo}</arg>
<doc>Logs the given message with the given level.</doc>
<status status="PASS" start="2024-05-22T23:16:23.348573" elapsed="0.000161"/>
</kw>
<var name="${keyTwo}">password</var>
<status status="PASS" start="2024-05-22T23:16:23.346931" elapsed="0.002015"/>
</iter>
<var>${keyTwo}</var>
<value>@{expected_keysTwo}</value>
<status status="PASS" start="2024-05-22T23:16:23.344727" elapsed="0.004338"/>
</for>
<status status="PASS" start="2024-05-22T23:16:23.236102" elapsed="0.113102"/>
</kw>
<doc>Testa a estrutura da resposta da API.</doc>
<tag>testeEstruturaResposta</tag>
<status status="PASS" start="2024-05-22T23:16:23.235528" elapsed="0.113829"/>
</test>
<test id="s1-s1-t4" name="Validar tipos de dados" line="28">
<kw name="Teste de Tipos de Dados" owner="random-user-service">
<kw name="GET On Session" owner="RequestsLibrary">
<msg time="2024-05-22T23:16:23.432563" level="INFO">GET Request : url=https://randomuser.me/api 
 path_url=/api 
 headers={'User-Agent': 'python-requests/2.32.2', 'Accept-Encoding': 'gzip, deflate', 'Accept': '*/*', 'Connection': 'keep-alive'} 
 body=None 
 </msg>
<msg time="2024-05-22T23:16:23.432674" level="INFO">GET Response : url=https://randomuser.me/api 
 status=200, reason=OK 
 headers={'Date': 'Wed, 22 May 2024 23:16:23 GMT', 'Content-Type': 'application/json; charset=utf-8', 'Transfer-Encoding': 'chunked', 'Connection': 'keep-alive', 'X-Powered-By': 'Express', 'Access-Control-Allow-Origin': '*', 'Cache-Control': 'no-cache', 'ETag': 'W/"464-pQiBi7kuQY7rAyUswKfTdQh+wUA"', 'Vary': 'Accept-Encoding', 'Content-Encoding': 'gzip', 'CF-Cache-Status': 'DYNAMIC', 'Report-To': '{"endpoints":[{"url":"https:\\/\\/a.nel.cloudflare.com\\/report\\/v4?s=2nOYDBRvx2wEWvGzl%2FAfsweRpbPEwhx1DmUM7YZjPfxEMZlNl6KV7CqinZ6YTIcMZz%2FeOTWAfQVZOm2d92Jhk2FkazYLgxLxYIRRkl8WjV8YwkHW2MYeNFr03CbmWYR6"}],"group":"cf-nel","max_age":604800}', 'NEL': '{"success_fraction":0,"report_to":"cf-nel","max_age":604800}', 'Server': 'cloudflare', 'CF-RAY': '8880837dfe9322e4-ORD', 'alt-svc': 'h3=":443"; ma=86400'} 
 body={"results":[{"gender":"male","name":{"title":"Mr","first":"Özkan","last":"Akar"},"location":{"street":{"number":9947,"name":"Filistin Cd"},"city":"Nevşehir","state":"Sakarya","country":"Turkey","postcode":38601,"coordinates":{"latitude":"65.9329","longitude":"-174.9693"},"timezone":{"offset":"-2:00","description":"Mid-Atlantic"}},"email":"ozkan.akar@example.com","login":{"uuid":"e05f99a5-cb98-4b9d-b1bc-d1a36322c7d3","username":"sadrabbit832","password":"aikman","salt":"WTJGSLZB","md5":"b886013a73215e2b2054f51ee0fd94a2","sha1":"28e22164f9f7377796f7156f78165cd620d68373","sha256":"cf801fa90dbf3d70d47ae087ccda4e7852fcf1ca77260dac5d3cf3d527f66d02"},"dob":{"date":"1951-01-26T13:10:07.576Z","age":73},"registered":{"date":"2015-08-17T18:07:08.128Z","age":8},"phone":"(421)-174-8262","cell":"(022)-300-3279","id":{"name":"","value":null},"picture":{"large":"https://randomuser.me/api/portraits/men/19.jpg","medium":"https://randomuser.me/api/portraits/med/men/19.jpg","thumbnail":"https://randomuser.me/api/portraits/thumb/men/19.jpg"},"nat":"TR"}],"info":{"seed":"084796075b438e53","results":1,"page":1,"version":"1.4"}} 
 </msg>
<msg time="2024-05-22T23:16:23.432760" level="INFO">/opt/hostedtoolcache/Python/3.12.3/x64/lib/python3.12/site-packages/urllib3/connectionpool.py:1103: InsecureRequestWarning: Unverified HTTPS request is being made to host 'randomuser.me'. Adding certificate verification is strongly advised. See: https://urllib3.readthedocs.io/en/latest/advanced-usage.html#tls-warnings
  warnings.warn(</msg>
<msg time="2024-05-22T23:16:23.432921" level="INFO">${response} = &lt;Response [200]&gt;</msg>
<var>${response}</var>
<arg>consultarAPI</arg>
<arg>/api</arg>
<doc>Sends a GET request on a previously created HTTP Session.</doc>
<status status="PASS" start="2024-05-22T23:16:23.351838" elapsed="0.081127"/>
</kw>
<kw name="Set Variable" owner="BuiltIn">
<msg time="2024-05-22T23:16:23.433983" level="INFO">${json_data} = {'results': [{'gender': 'male', 'name': {'title': 'Mr', 'first': 'Özkan', 'last': 'Akar'}, 'location': {'street': {'number': 9947, 'name': 'Filistin Cd'}, 'city': 'Nevşehir', 'state': 'Sakarya', 'coun...</msg>
<var>${json_data}</var>
<arg>${response.json()}</arg>
<doc>Returns the given values which can then be assigned to a variables.</doc>
<status status="PASS" start="2024-05-22T23:16:23.433465" elapsed="0.000549"/>
</kw>
<kw name="Log" owner="BuiltIn">
<msg time="2024-05-22T23:16:23.434483" level="INFO">{'results': [{'gender': 'male', 'name': {'title': 'Mr', 'first': 'Özkan', 'last': 'Akar'}, 'location': {'street': {'number': 9947, 'name': 'Filistin Cd'}, 'city': 'Nevşehir', 'state': 'Sakarya', 'country': 'Turkey', 'postcode': 38601, 'coordinates': {'latitude': '65.9329', 'longitude': '-174.9693'}, 'timezone': {'offset': '-2:00', 'description': 'Mid-Atlantic'}}, 'email': 'ozkan.akar@example.com', 'login': {'uuid': 'e05f99a5-cb98-4b9d-b1bc-d1a36322c7d3', 'username': 'sadrabbit832', 'password': 'aikman', 'salt': 'WTJGSLZB', 'md5': 'b886013a73215e2b2054f51ee0fd94a2', 'sha1': '28e22164f9f7377796f7156f78165cd620d68373', 'sha256': 'cf801fa90dbf3d70d47ae087ccda4e7852fcf1ca77260dac5d3cf3d527f66d02'}, 'dob': {'date': '1951-01-26T13:10:07.576Z', 'age': 73}, 'registered': {'date': '2015-08-17T18:07:08.128Z', 'age': 8}, 'phone': '(421)-174-8262', 'cell': '(022)-300-3279', 'id': {'name': '', 'value': None}, 'picture': {'large': 'https://randomuser.me/api/portraits/men/19.jpg', 'medium': 'https://randomuser.me/api/portraits/med/men/19.jpg', 'thumbnail': 'https://randomuser.me/api/portraits/thumb/men/19.jpg'}, 'nat': 'TR'}], 'info': {'seed': '084796075b438e53', 'results': 1, 'page': 1, 'version': '1.4'}}</msg>
<arg>${json_data}</arg>
<doc>Logs the given message with the given level.</doc>
<status status="PASS" start="2024-05-22T23:16:23.434324" elapsed="0.000252"/>
</kw>
<kw name="Should Be String" owner="String">
<arg>${json_data['results'][0]['gender']}</arg>
<doc>Fails if the given ``item`` is not a string.</doc>
<status status="PASS" start="2024-05-22T23:16:23.434880" elapsed="0.000367"/>
</kw>
<kw name="Should Match Regexp" owner="BuiltIn">
<arg>${json_data['results'][0]['email']}</arg>
<arg>^[a-zA-Z0-9._%+-]+@[a-zA-Z0-9.-]+\.[a-zA-Z]{2,}$</arg>
<doc>Fails if ``string`` does not match ``pattern`` as a regular expression.</doc>
<status status="PASS" start="2024-05-22T23:16:23.435441" elapsed="0.000574"/>
</kw>
<kw name="Should Match Regexp" owner="BuiltIn">
<arg>${json_data['results'][0]['dob']['date']}</arg>
<arg>\\d{4}-\\d{2}-\\d{2}T\\d{2}:\\d{2}:\\d{2}\\.\\d{3}Z</arg>
<doc>Fails if ``string`` does not match ``pattern`` as a regular expression.</doc>
<status status="PASS" start="2024-05-22T23:16:23.436212" elapsed="0.000487"/>
</kw>
<kw name="Should Match Regexp" owner="BuiltIn">
<arg>${json_data['results'][0]['registered']['date']}</arg>
<arg>\\d{4}-\\d{2}-\\d{2}T\\d{2}:\\d{2}:\\d{2}\\.\\d{3}Z</arg>
<doc>Fails if ``string`` does not match ``pattern`` as a regular expression.</doc>
<status status="PASS" start="2024-05-22T23:16:23.436892" elapsed="0.000360"/>
</kw>
<kw name="Should Match Regexp" owner="BuiltIn">
<arg>${json_data['results'][0]['picture']['large']}</arg>
<arg>^https?://.*\.(?:png|jpe?g|gif|bmp)$</arg>
<doc>Fails if ``string`` does not match ``pattern`` as a regular expression.</doc>
<status status="PASS" start="2024-05-22T23:16:23.437473" elapsed="0.000521"/>
</kw>
<kw name="Should Match Regexp" owner="BuiltIn">
<arg>${json_data['results'][0]['picture']['medium']}</arg>
<arg>^https?://.*\.(?:png|jpe?g|gif|bmp)$</arg>
<doc>Fails if ``string`` does not match ``pattern`` as a regular expression.</doc>
<status status="PASS" start="2024-05-22T23:16:23.438185" elapsed="0.000351"/>
</kw>
<kw name="Should Match Regexp" owner="BuiltIn">
<arg>${json_data['results'][0]['picture']['thumbnail']}</arg>
<arg>^https?://.*\.(?:png|jpe?g|gif|bmp)$</arg>
<doc>Fails if ``string`` does not match ``pattern`` as a regular expression.</doc>
<status status="PASS" start="2024-05-22T23:16:23.438721" elapsed="0.000343"/>
</kw>
<kw name="Log" owner="BuiltIn">
<msg time="2024-05-22T23:16:23.439583" level="INFO">{'large': 'https://randomuser.me/api/portraits/men/19.jpg', 'medium': 'https://randomuser.me/api/portraits/med/men/19.jpg', 'thumbnail': 'https://randomuser.me/api/portraits/thumb/men/19.jpg'}</msg>
<arg>${json_data['results'][0]['picture']}</arg>
<doc>Logs the given message with the given level.</doc>
<status status="PASS" start="2024-05-22T23:16:23.439258" elapsed="0.000366"/>
</kw>
<status status="PASS" start="2024-05-22T23:16:23.351563" elapsed="0.088343"/>
</kw>
<kw name="Teste de Tipos de Dados - Postcode" owner="random-user-service">
<kw name="GET On Session" owner="RequestsLibrary">
<msg time="2024-05-22T23:16:23.528556" level="INFO">GET Request : url=https://randomuser.me/api 
 path_url=/api 
 headers={'User-Agent': 'python-requests/2.32.2', 'Accept-Encoding': 'gzip, deflate', 'Accept': '*/*', 'Connection': 'keep-alive'} 
 body=None 
 </msg>
<msg time="2024-05-22T23:16:23.528656" level="INFO">GET Response : url=https://randomuser.me/api 
 status=200, reason=OK 
 headers={'Date': 'Wed, 22 May 2024 23:16:23 GMT', 'Content-Type': 'application/json; charset=utf-8', 'Transfer-Encoding': 'chunked', 'Connection': 'keep-alive', 'X-Powered-By': 'Express', 'Access-Control-Allow-Origin': '*', 'Cache-Control': 'no-cache', 'ETag': 'W/"498-/QHf8ATiQwJZmD42m/dxCoHUZAQ"', 'Vary': 'Accept-Encoding', 'Content-Encoding': 'gzip', 'CF-Cache-Status': 'DYNAMIC', 'Report-To': '{"endpoints":[{"url":"https:\\/\\/a.nel.cloudflare.com\\/report\\/v4?s=b0RPs6vishrVD8I32tI20fF6SxoxG7VseU6gVUz9O4zXJ%2F27MzDFbF4w41aaoBJvtFLU21foI5HbXG1f6RHiasvo%2FltLmKSdh3m6nPDAVKuyTjKfpjTFbWJiZ8B3v%2BuZ"}],"group":"cf-nel","max_age":604800}', 'NEL': '{"success_fraction":0,"report_to":"cf-nel","max_age":604800}', 'Server': 'cloudflare', 'CF-RAY': '8880837e8f6e22e4-ORD', 'alt-svc': 'h3=":443"; ma=86400'} 
 body={"results":[{"gender":"male","name":{"title":"Mr","first":"Cidalino","last":"Novaes"},"location":{"street":{"number":9580,"name":"Rua São Paulo "},"city":"Santa Cruz do Sul","state":"Rio de Janeiro","country":"Brazil","postcode":95127,"coordinates":{"latitude":"-74.3433","longitude":"-31.1059"},"timezone":{"offset":"+9:30","description":"Adelaide, Darwin"}},"email":"cidalino.novaes@example.com","login":{"uuid":"3befccbf-c67e-499a-b4f7-030569a4467e","username":"whiteladybug118","password":"cottage","salt":"XAD5IJQC","md5":"e7b947ab3381a127fb94acfdd1e25c3c","sha1":"c3bc0b6c3977a5cf6cf24d4fad8239fe85b8cca6","sha256":"065c67593c535ad7a087c562da1523224088dd380f2dbaa74c4028a02ac36113"},"dob":{"date":"1956-11-26T05:24:58.431Z","age":67},"registered":{"date":"2002-04-22T01:44:26.388Z","age":22},"phone":"(35) 6224-4924","cell":"(23) 9202-2871","id":{"name":"CPF","value":"855.424.910-52"},"picture":{"large":"https://randomuser.me/api/portraits/men/31.jpg","medium":"https://randomuser.me/api/portraits/med/men/31.jpg","thumbnail":"https://randomuser.me/api/portraits/thumb/men/31.jpg"},"nat":"BR"}],"info":{"seed":"53a09d4a381f249d","results":1,"page":1,"version":"1.4"}} 
 </msg>
<msg time="2024-05-22T23:16:23.528727" level="INFO">/opt/hostedtoolcache/Python/3.12.3/x64/lib/python3.12/site-packages/urllib3/connectionpool.py:1103: InsecureRequestWarning: Unverified HTTPS request is being made to host 'randomuser.me'. Adding certificate verification is strongly advised. See: https://urllib3.readthedocs.io/en/latest/advanced-usage.html#tls-warnings
  warnings.warn(</msg>
<msg time="2024-05-22T23:16:23.528870" level="INFO">${response} = &lt;Response [200]&gt;</msg>
<var>${response}</var>
<arg>consultarAPI</arg>
<arg>/api</arg>
<doc>Sends a GET request on a previously created HTTP Session.</doc>
<status status="PASS" start="2024-05-22T23:16:23.440367" elapsed="0.088544"/>
</kw>
<kw name="Set Variable" owner="BuiltIn">
<msg time="2024-05-22T23:16:23.529968" level="INFO">${json_data} = {'results': [{'gender': 'male', 'name': {'title': 'Mr', 'first': 'Cidalino', 'last': 'Novaes'}, 'location': {'street': {'number': 9580, 'name': 'Rua São Paulo '}, 'city': 'Santa Cruz do Sul', 'state':...</msg>
<var>${json_data}</var>
<arg>${response.json()}</arg>
<doc>Returns the given values which can then be assigned to a variables.</doc>
<status status="PASS" start="2024-05-22T23:16:23.529431" elapsed="0.000569"/>
</kw>
<kw name="Log" owner="BuiltIn">
<msg time="2024-05-22T23:16:23.530498" level="INFO">{'results': [{'gender': 'male', 'name': {'title': 'Mr', 'first': 'Cidalino', 'last': 'Novaes'}, 'location': {'street': {'number': 9580, 'name': 'Rua São Paulo '}, 'city': 'Santa Cruz do Sul', 'state': 'Rio de Janeiro', 'country': 'Brazil', 'postcode': 95127, 'coordinates': {'latitude': '-74.3433', 'longitude': '-31.1059'}, 'timezone': {'offset': '+9:30', 'description': 'Adelaide, Darwin'}}, 'email': 'cidalino.novaes@example.com', 'login': {'uuid': '3befccbf-c67e-499a-b4f7-030569a4467e', 'username': 'whiteladybug118', 'password': 'cottage', 'salt': 'XAD5IJQC', 'md5': 'e7b947ab3381a127fb94acfdd1e25c3c', 'sha1': 'c3bc0b6c3977a5cf6cf24d4fad8239fe85b8cca6', 'sha256': '065c67593c535ad7a087c562da1523224088dd380f2dbaa74c4028a02ac36113'}, 'dob': {'date': '1956-11-26T05:24:58.431Z', 'age': 67}, 'registered': {'date': '2002-04-22T01:44:26.388Z', 'age': 22}, 'phone': '(35) 6224-4924', 'cell': '(23) 9202-2871', 'id': {'name': 'CPF', 'value': '855.424.910-52'}, 'picture': {'large': 'https://randomuser.me/api/portraits/men/31.jpg', 'medium': 'https://randomuser.me/api/portraits/med/men/31.jpg', 'thumbnail': 'https://randomuser.me/api/portraits/thumb/men/31.jpg'}, 'nat': 'BR'}], 'info': {'seed': '53a09d4a381f249d', 'results': 1, 'page': 1, 'version': '1.4'}}</msg>
<arg>${json_data}</arg>
<doc>Logs the given message with the given level.</doc>
<status status="PASS" start="2024-05-22T23:16:23.530320" elapsed="0.000265"/>
</kw>
<kw name="Should Be Equal As Numbers" owner="BuiltIn">
<arg>${json_data['results'][0]['location']['postcode']}</arg>
<arg>${json_data['results'][0]['location']['postcode']}</arg>
<doc>Fails if objects are unequal after converting them to real numbers.</doc>
<status status="PASS" start="2024-05-22T23:16:23.530901" elapsed="0.000851"/>
</kw>
<kw name="Log" owner="BuiltIn">
<msg time="2024-05-22T23:16:23.532299" level="INFO">95127</msg>
<arg>${json_data['results'][0]['location']['postcode']}</arg>
<doc>Logs the given message with the given level.</doc>
<status status="PASS" start="2024-05-22T23:16:23.531958" elapsed="0.000381"/>
</kw>
<status status="PASS" start="2024-05-22T23:16:23.440133" elapsed="0.092463"/>
</kw>
<doc>Testa se os tipos de dados na resposta da API estão corretos.</doc>
<tag>testeTiposDados</tag>
<status status="PASS" start="2024-05-22T23:16:23.351072" elapsed="0.181715"/>
</test>
<test id="s1-s1-t5" name="Validar conteudo" line="35">
<kw name="Teste de Tipos de Conteudo" owner="random-user-service">
<kw name="GET On Session" owner="RequestsLibrary">
<msg time="2024-05-22T23:16:24.001318" level="INFO">GET Request : url=https://randomuser.me/api 
 path_url=/api 
 headers={'User-Agent': 'python-requests/2.32.2', 'Accept-Encoding': 'gzip, deflate', 'Accept': '*/*', 'Connection': 'keep-alive'} 
 body=None 
 </msg>
<msg time="2024-05-22T23:16:24.001417" level="INFO">GET Response : url=https://randomuser.me/api 
 status=200, reason=OK 
 headers={'Date': 'Wed, 22 May 2024 23:16:24 GMT', 'Content-Type': 'application/json; charset=utf-8', 'Transfer-Encoding': 'chunked', 'Connection': 'keep-alive', 'X-Powered-By': 'Express', 'Access-Control-Allow-Origin': '*', 'Cache-Control': 'no-cache', 'ETag': 'W/"47f-wpATXRS5g4yRZIR/uRQrGtXnjY8"', 'Vary': 'Accept-Encoding', 'Content-Encoding': 'gzip', 'CF-Cache-Status': 'DYNAMIC', 'Report-To': '{"endpoints":[{"url":"https:\\/\\/a.nel.cloudflare.com\\/report\\/v4?s=QzOsk%2BwTDBgb%2FpsWVhoTI%2BF7XFz3O1LbABYpt4%2F4Iar87bNc5tACDFKXArs4ONfHvSZv5t7f8TnEfFawFTAewmrChma%2FuLG61Mg0KQMRfAwQLIkw2VxGtuPlmctINjt0"}],"group":"cf-nel","max_age":604800}', 'NEL': '{"success_fraction":0,"report_to":"cf-nel","max_age":604800}', 'Server': 'cloudflare', 'CF-RAY': '8880837f185f22e4-ORD', 'alt-svc': 'h3=":443"; ma=86400'} 
 body={"results":[{"gender":"male","name":{"title":"Mr","first":"Nihal","last":"Hamzaoğlu"},"location":{"street":{"number":591,"name":"Abanoz Sk"},"city":"Gaziantep","state":"Çankırı","country":"Turkey","postcode":19594,"coordinates":{"latitude":"67.1724","longitude":"-15.7786"},"timezone":{"offset":"-1:00","description":"Azores, Cape Verde Islands"}},"email":"nihal.hamzaoglu@example.com","login":{"uuid":"c7606531-62e5-49c0-ad00-1115f51a4fde","username":"angrybear203","password":"stoppedby","salt":"zj4vLYdi","md5":"4d3011172b28b3ff37c356530b6bbc82","sha1":"69ecdae258bc4ae6c4b59e8649e9dd47c48443b2","sha256":"2ef5e9ce4e7fc9c4cc4f09a2e40d8aad78095c068fd6b4886dd65d21ed1154f3"},"dob":{"date":"1948-04-08T23:38:30.816Z","age":76},"registered":{"date":"2004-08-24T23:06:28.280Z","age":19},"phone":"(931)-629-8977","cell":"(166)-134-1681","id":{"name":"","value":null},"picture":{"large":"https://randomuser.me/api/portraits/men/35.jpg","medium":"https://randomuser.me/api/portraits/med/men/35.jpg","thumbnail":"https://randomuser.me/api/portraits/thumb/men/35.jpg"},"nat":"TR"}],"info":{"seed":"87bce70a50b6a216","results":1,"page":1,"version":"1.4"}} 
 </msg>
<msg time="2024-05-22T23:16:24.001490" level="INFO">/opt/hostedtoolcache/Python/3.12.3/x64/lib/python3.12/site-packages/urllib3/connectionpool.py:1103: InsecureRequestWarning: Unverified HTTPS request is being made to host 'randomuser.me'. Adding certificate verification is strongly advised. See: https://urllib3.readthedocs.io/en/latest/advanced-usage.html#tls-warnings
  warnings.warn(</msg>
<msg time="2024-05-22T23:16:24.001625" level="INFO">${response} = &lt;Response [200]&gt;</msg>
<var>${response}</var>
<arg>consultarAPI</arg>
<arg>/api</arg>
<doc>Sends a GET request on a previously created HTTP Session.</doc>
<status status="PASS" start="2024-05-22T23:16:23.535285" elapsed="0.466379"/>
</kw>
<kw name="Set Variable" owner="BuiltIn">
<msg time="2024-05-22T23:16:24.002724" level="INFO">${json_data} = {'results': [{'gender': 'male', 'name': {'title': 'Mr', 'first': 'Nihal', 'last': 'Hamzaoğlu'}, 'location': {'street': {'number': 591, 'name': 'Abanoz Sk'}, 'city': 'Gaziantep', 'state': 'Çankırı', 'c...</msg>
<var>${json_data}</var>
<arg>${response.json()}</arg>
<doc>Returns the given values which can then be assigned to a variables.</doc>
<status status="PASS" start="2024-05-22T23:16:24.002199" elapsed="0.000555"/>
</kw>
<kw name="Set Variable" owner="BuiltIn">
<msg time="2024-05-22T23:16:24.003447" level="INFO">${name_title} = Mr</msg>
<var>${name_title}</var>
<arg>${json_data["results"][0]["name"]["title"]}</arg>
<doc>Returns the given values which can then be assigned to a variables.</doc>
<status status="PASS" start="2024-05-22T23:16:24.003060" elapsed="0.000412"/>
</kw>
<kw name="Create List" owner="BuiltIn">
<msg time="2024-05-22T23:16:24.003975" level="INFO">${allowed_titles} = ['Mr', 'Ms', 'Miss', 'Mrs', 'Madame', 'Monsieur']</msg>
<var>${allowed_titles}</var>
<arg>Mr</arg>
<arg>Ms</arg>
<arg>Miss</arg>
<arg>Mrs</arg>
<arg>Madame</arg>
<arg>Monsieur</arg>
<doc>Returns a list containing given items.</doc>
<status status="PASS" start="2024-05-22T23:16:24.003820" elapsed="0.000179"/>
</kw>
<kw name="List Should Contain Value" owner="Collections">
<msg time="2024-05-22T23:16:24.004470" level="INFO">False</msg>
<arg>${allowed_titles}</arg>
<arg>${name_title}</arg>
<doc>Fails if the ``value`` is not found from ``list``.</doc>
<status status="PASS" start="2024-05-22T23:16:24.004300" elapsed="0.000207"/>
</kw>
<kw name="Set Variable" owner="BuiltIn">
<msg time="2024-05-22T23:16:24.005169" level="INFO">${name_country} = TR</msg>
<var>${name_country}</var>
<arg>${json_data["results"][0]["nat"]}</arg>
<doc>Returns the given values which can then be assigned to a variables.</doc>
<status status="PASS" start="2024-05-22T23:16:24.004791" elapsed="0.000402"/>
</kw>
<kw name="Create List" owner="BuiltIn">
<msg time="2024-05-22T23:16:24.006084" level="INFO">${list_country} = ['AD', 'AE', 'AF', 'AG', 'AI', 'AL', 'AM', 'AO', 'AQ', 'AR', 'AS', 'AT', 'AU', 'AW', 'AX', 'AZ', 'BA', 'BB', 'BD', 'BE', 'BF', 'BG', 'BH', 'BI', 'BJ', 'BL', 'BM', 'BN', 'BO', 'BQ', 'BR', 'BS', 'BT', '...</msg>
<var>${list_country}</var>
<arg>AD</arg>
<arg>AE</arg>
<arg>AF</arg>
<arg>AG</arg>
<arg>AI</arg>
<arg>AL</arg>
<arg>AM</arg>
<arg>AO</arg>
<arg>AQ</arg>
<arg>AR</arg>
<arg>AS</arg>
<arg>AT</arg>
<arg>AU</arg>
<arg>AW</arg>
<arg>AX</arg>
<arg>AZ</arg>
<arg>BA</arg>
<arg>BB</arg>
<arg>BD</arg>
<arg>BE</arg>
<arg>BF</arg>
<arg>BG</arg>
<arg>BH</arg>
<arg>BI</arg>
<arg>BJ</arg>
<arg>BL</arg>
<arg>BM</arg>
<arg>BN</arg>
<arg>BO</arg>
<arg>BQ</arg>
<arg>BR</arg>
<arg>BS</arg>
<arg>BT</arg>
<arg>BV</arg>
<arg>BW</arg>
<arg>BY</arg>
<arg>BZ</arg>
<arg>CA</arg>
<arg>CC</arg>
<arg>CD</arg>
<arg>CF</arg>
<arg>CG</arg>
<arg>CH</arg>
<arg>CI</arg>
<arg>CK</arg>
<arg>CL</arg>
<arg>CM</arg>
<arg>CN</arg>
<arg>CO</arg>
<arg>CR</arg>
<arg>CU</arg>
<arg>CV</arg>
<arg>CW</arg>
<arg>CX</arg>
<arg>CY</arg>
<arg>CZ</arg>
<arg>DE</arg>
<arg>DJ</arg>
<arg>DK</arg>
<arg>DM</arg>
<arg>DO</arg>
<arg>DZ</arg>
<arg>EC</arg>
<arg>EE</arg>
<arg>EG</arg>
<arg>EH</arg>
<arg>ER</arg>
<arg>ES</arg>
<arg>ET</arg>
<arg>FI</arg>
<arg>FJ</arg>
<arg>FK</arg>
<arg>FM</arg>
<arg>FO</arg>
<arg>FR</arg>
<arg>GA</arg>
<arg>GB</arg>
<arg>GD</arg>
<arg>GE</arg>
<arg>GF</arg>
<arg>GG</arg>
<arg>GH</arg>
<arg>GI</arg>
<arg>GL</arg>
<arg>GM</arg>
<arg>GN</arg>
<arg>GP</arg>
<arg>GQ</arg>
<arg>GR</arg>
<arg>GS</arg>
<arg>GT</arg>
<arg>GU</arg>
<arg>GW</arg>
<arg>GY</arg>
<arg>HK</arg>
<arg>HM</arg>
<arg>HN</arg>
<arg>HR</arg>
<arg>HT</arg>
<arg>HU</arg>
<arg>ID</arg>
<arg>IE</arg>
<arg>IL</arg>
<arg>IM</arg>
<arg>IN</arg>
<arg>IO</arg>
<arg>IQ</arg>
<arg>IR</arg>
<arg>IS</arg>
<arg>IT</arg>
<arg>JE</arg>
<arg>JM</arg>
<arg>JO</arg>
<arg>JP</arg>
<arg>KE</arg>
<arg>KG</arg>
<arg>KH</arg>
<arg>KI</arg>
<arg>KM</arg>
<arg>KN</arg>
<arg>KP</arg>
<arg>KR</arg>
<arg>KW</arg>
<arg>KY</arg>
<arg>KZ</arg>
<arg>LA</arg>
<arg>LB</arg>
<arg>LC</arg>
<arg>LI</arg>
<arg>LK</arg>
<arg>LR</arg>
<arg>LS</arg>
<arg>LT</arg>
<arg>LU</arg>
<arg>LV</arg>
<arg>LY</arg>
<arg>MA</arg>
<arg>MC</arg>
<arg>MD</arg>
<arg>ME</arg>
<arg>MF</arg>
<arg>MG</arg>
<arg>MH</arg>
<arg>MK</arg>
<arg>ML</arg>
<arg>MM</arg>
<arg>MN</arg>
<arg>MO</arg>
<arg>MP</arg>
<arg>MQ</arg>
<arg>MR</arg>
<arg>MS</arg>
<arg>MT</arg>
<arg>MU</arg>
<arg>MV</arg>
<arg>MW</arg>
<arg>MX</arg>
<arg>MY</arg>
<arg>MZ</arg>
<arg>NA</arg>
<arg>NC</arg>
<arg>NE</arg>
<arg>NF</arg>
<arg>NG</arg>
<arg>NI</arg>
<arg>NL</arg>
<arg>NO</arg>
<arg>NP</arg>
<arg>NR</arg>
<arg>NU</arg>
<arg>NZ</arg>
<arg>OM</arg>
<arg>PA</arg>
<arg>PE</arg>
<arg>PF</arg>
<arg>PG</arg>
<arg>PH</arg>
<arg>PK</arg>
<arg>PL</arg>
<arg>PM</arg>
<arg>PN</arg>
<arg>PR</arg>
<arg>PS</arg>
<arg>PT</arg>
<arg>PW</arg>
<arg>PY</arg>
<arg>QA</arg>
<arg>RE</arg>
<arg>RO</arg>
<arg>RS</arg>
<arg>RU</arg>
<arg>RW</arg>
<arg>SA</arg>
<arg>SB</arg>
<arg>SC</arg>
<arg>SD</arg>
<arg>SE</arg>
<arg>SG</arg>
<arg>SH</arg>
<arg>SI</arg>
<arg>SJ</arg>
<arg>SK</arg>
<arg>SL</arg>
<arg>SM</arg>
<arg>SN</arg>
<arg>SO</arg>
<arg>SR</arg>
<arg>SS</arg>
<arg>ST</arg>
<arg>SV</arg>
<arg>SX</arg>
<arg>SY</arg>
<arg>SZ</arg>
<arg>TC</arg>
<arg>TD</arg>
<arg>TF</arg>
<arg>TG</arg>
<arg>TH</arg>
<arg>TJ</arg>
<arg>TK</arg>
<arg>TL</arg>
<arg>TM</arg>
<arg>TN</arg>
<arg>TO</arg>
<arg>TR</arg>
<arg>TT</arg>
<arg>TV</arg>
<arg>TW</arg>
<arg>TZ</arg>
<arg>UA</arg>
<arg>UG</arg>
<arg>UM</arg>
<arg>US</arg>
<arg>UY</arg>
<arg>UZ</arg>
<arg>VA</arg>
<arg>VC</arg>
<arg>VE</arg>
<arg>VG</arg>
<arg>VI</arg>
<arg>VN</arg>
<arg>VU</arg>
<arg>WF</arg>
<arg>WS</arg>
<arg>XK</arg>
<arg>YE</arg>
<arg>YT</arg>
<arg>ZA</arg>
<arg>ZM</arg>
<arg>ZW</arg>
<doc>Returns a list containing given items.</doc>
<status status="PASS" start="2024-05-22T23:16:24.005494" elapsed="0.000615"/>
</kw>
<kw name="List Should Contain Value" owner="Collections">
<msg time="2024-05-22T23:16:24.007101" level="INFO">False</msg>
<arg>${list_country}</arg>
<arg>${name_country}</arg>
<doc>Fails if the ``value`` is not found from ``list``.</doc>
<status status="PASS" start="2024-05-22T23:16:24.006898" elapsed="0.000240"/>
</kw>
<kw name="Run Keyword If" owner="BuiltIn">
<kw name="Should Be True" owner="BuiltIn">
<arg>${True}</arg>
<doc>Fails if the given condition is not true.</doc>
<status status="PASS" start="2024-05-22T23:16:24.008219" elapsed="0.000145"/>
</kw>
<arg>${json_data["results"][0]["location"]["coordinates"]["latitude"]} &gt;= -90 and ${json_data["results"][0]["location"]["coordinates"]["latitude"]} &lt;= 90</arg>
<arg>Should Be True</arg>
<arg>${True}</arg>
<doc>Runs the given keyword with the given arguments, if ``condition`` is true.</doc>
<status status="PASS" start="2024-05-22T23:16:24.007450" elapsed="0.001039"/>
</kw>
<kw name="Run Keyword If" owner="BuiltIn">
<kw name="Should Be True" owner="BuiltIn">
<arg>${True}</arg>
<doc>Fails if the given condition is not true.</doc>
<status status="PASS" start="2024-05-22T23:16:24.009360" elapsed="0.000258"/>
</kw>
<arg>${json_data["results"][0]["location"]["coordinates"]["longitude"]} &gt;= -180 and ${json_data["results"][0]["location"]["coordinates"]["longitude"]} &lt;= 180</arg>
<arg>Should Be True</arg>
<arg>${True}</arg>
<doc>Runs the given keyword with the given arguments, if ``condition`` is true.</doc>
<status status="PASS" start="2024-05-22T23:16:24.008671" elapsed="0.001072"/>
</kw>
<status status="PASS" start="2024-05-22T23:16:23.535059" elapsed="0.474814"/>
</kw>
<doc>Testa o conteúdo específico dos campos retornados pela API.</doc>
<tag>testeConteudo</tag>
<status status="PASS" start="2024-05-22T23:16:23.534525" elapsed="0.475497"/>
</test>
<status status="PASS" start="2024-05-22T23:16:22.645645" elapsed="1.366361"/>
</suite>
<status status="PASS" start="2024-05-22T23:16:22.631866" elapsed="1.385318"/>
</suite>
<statistics>
<total>
<stat pass="5" fail="0" skip="0">All Tests</stat>
</total>
<tag>
<stat pass="1" fail="0" skip="0">testeConteudo</stat>
<stat pass="1" fail="0" skip="0">testeEstruturaResposta</stat>
<stat pass="1" fail="0" skip="0">testeRequisicaoBasica</stat>
<stat pass="1" fail="0" skip="0">testeTiposDados</stat>
</tag>
<suite>
<stat pass="5" fail="0" skip="0" id="s1" name="Tests">Tests</stat>
<stat pass="5" fail="0" skip="0" id="s1-s1" name="Random-User-Test">Tests.Random-User-Test</stat>
</suite>
</statistics>
<errors>
</errors>
</robot>
