<?xml version="1.0" encoding="UTF-8"?>
<robot generator="Robot 7.0 (Python 3.12.3 on linux)" generated="2024-06-01T16:16:54.551908" rpa="false" schemaversion="5">
<suite id="s1" name="Tests" source="/home/runner/work/ApiRandomUser/ApiRandomUser/RamdonUser/tests">
<suite id="s1-s1" name="Random-User-Test" source="/home/runner/work/ApiRandomUser/ApiRandomUser/RamdonUser/tests/random-user-test.robot">
<test id="s1-s1-t1" name="Conectar" line="13">
<kw name="Conectar API" owner="random-user-service">
<kw name="Create Session" owner="RequestsLibrary">
<msg time="2024-06-01T16:16:54.956694" level="INFO">Creating Session using : alias=consultarAPI, url=https://randomuser.me/, headers={},                     cookies={}, auth=None, timeout=None, proxies=None, verify=False,                     debug=0 </msg>
<arg>consultarAPI</arg>
<arg>${URL}</arg>
<doc>Create Session: create a HTTP session to a server</doc>
<status status="PASS" start="2024-06-01T16:16:54.956449" elapsed="0.000486"/>
</kw>
<status status="PASS" start="2024-06-01T16:16:54.955294" elapsed="0.002054"/>
</kw>
<status status="PASS" start="2024-06-01T16:16:54.954628" elapsed="0.002934"/>
</test>
<test id="s1-s1-t2" name="Validar retorno 200 e JSON Válido" line="16">
<kw name="Teste de Requisicao Basica" owner="random-user-service">
<kw name="GET On Session" owner="RequestsLibrary">
<msg time="2024-06-01T16:16:55.058043" level="INFO">GET Request : url=https://randomuser.me/api 
 path_url=/api 
 headers={'User-Agent': 'python-requests/2.32.3', 'Accept-Encoding': 'gzip, deflate', 'Accept': '*/*', 'Connection': 'keep-alive'} 
 body=None 
 </msg>
<msg time="2024-06-01T16:16:55.058289" level="INFO">GET Response : url=https://randomuser.me/api 
 status=200, reason=OK 
 headers={'Date': 'Sat, 01 Jun 2024 16:16:55 GMT', 'Content-Type': 'application/json; charset=utf-8', 'Transfer-Encoding': 'chunked', 'Connection': 'keep-alive', 'X-Powered-By': 'Express', 'Access-Control-Allow-Origin': '*', 'Cache-Control': 'no-cache', 'ETag': 'W/"498-jOErwzJ9M58+xoJhxjAcPrCO8jc"', 'Vary': 'Accept-Encoding', 'Content-Encoding': 'gzip', 'CF-Cache-Status': 'DYNAMIC', 'Report-To': '{"endpoints":[{"url":"https:\\/\\/a.nel.cloudflare.com\\/report\\/v4?s=oaBMF1rLG7s2VmpFt7%2FPJ3aDPmEJ0Pb3Nm5kPghQRVAeoMhZlMuOC4jvuU23SZJsDv9SUQnsh57Gjt8N%2BwdYi87cDfjxfd9CbFwBHOGhvOM5a8bngRrDa7LwwBDZCVBR"}],"group":"cf-nel","max_age":604800}', 'NEL': '{"success_fraction":0,"report_to":"cf-nel","max_age":604800}', 'Server': 'cloudflare', 'CF-RAY': '88d082c7c9630388-ORD', 'alt-svc': 'h3=":443"; ma=86400'} 
 body={"results":[{"gender":"male","name":{"title":"Mr","first":"Ismael","last":"Pinto"},"location":{"street":{"number":711,"name":"Rua Paraná "},"city":"Santana","state":"Rio Grande do Norte","country":"Brazil","postcode":73918,"coordinates":{"latitude":"-76.8526","longitude":"-20.3808"},"timezone":{"offset":"+4:00","description":"Abu Dhabi, Muscat, Baku, Tbilisi"}},"email":"ismael.pinto@example.com","login":{"uuid":"8c917cbb-1e05-4c42-9e68-79ae46c8e974","username":"happyleopard549","password":"vanessa","salt":"g6buYsk2","md5":"31a06d867c6f20cf1911b5f9f7f17eba","sha1":"83b0e5b00512d847c0eafd7d083f8266866b8f1a","sha256":"0215bff1a6e28e242ab386d36933799b61b4a56c58d9ca29e609e8bf3f87534b"},"dob":{"date":"1979-08-01T13:08:37.712Z","age":44},"registered":{"date":"2016-02-01T11:44:13.659Z","age":8},"phone":"(24) 8595-4260","cell":"(56) 3084-9553","id":{"name":"CPF","value":"015.465.489-30"},"picture":{"large":"https://randomuser.me/api/portraits/men/91.jpg","medium":"https://randomuser.me/api/portraits/med/men/91.jpg","thumbnail":"https://randomuser.me/api/portraits/thumb/men/91.jpg"},"nat":"BR"}],"info":{"seed":"9e8febebfc9266e9","results":1,"page":1,"version":"1.4"}} 
 </msg>
<msg time="2024-06-01T16:16:55.058437" level="INFO">/opt/hostedtoolcache/Python/3.12.3/x64/lib/python3.12/site-packages/urllib3/connectionpool.py:1103: InsecureRequestWarning: Unverified HTTPS request is being made to host 'randomuser.me'. Adding certificate verification is strongly advised. See: https://urllib3.readthedocs.io/en/latest/advanced-usage.html#tls-warnings
  warnings.warn(</msg>
<msg time="2024-06-01T16:16:55.058647" level="INFO">${response} = &lt;Response [200]&gt;</msg>
<var>${response}</var>
<arg>consultarAPI</arg>
<arg>/api</arg>
<doc>Sends a GET request on a previously created HTTP Session.</doc>
<status status="PASS" start="2024-06-01T16:16:54.960273" elapsed="0.098422"/>
</kw>
<kw name="Should Be Equal As Numbers" owner="BuiltIn">
<msg time="2024-06-01T16:16:55.060219" level="INFO">Argument types are:
&lt;class 'int'&gt;
&lt;class 'str'&gt;</msg>
<arg>${response.status_code}</arg>
<arg>200</arg>
<doc>Fails if objects are unequal after converting them to real numbers.</doc>
<status status="PASS" start="2024-06-01T16:16:55.059499" elapsed="0.000820"/>
</kw>
<kw name="Log" owner="BuiltIn">
<msg time="2024-06-01T16:16:55.061506" level="INFO">200</msg>
<arg>${response.status_code}</arg>
<doc>Logs the given message with the given level.</doc>
<status status="PASS" start="2024-06-01T16:16:55.060878" elapsed="0.000704"/>
</kw>
<kw name="Set Variable" owner="BuiltIn">
<msg time="2024-06-01T16:16:55.062790" level="INFO">${json_data} = {'results': [{'gender': 'male', 'name': {'title': 'Mr', 'first': 'Ismael', 'last': 'Pinto'}, 'location': {'street': {'number': 711, 'name': 'Rua Paraná '}, 'city': 'Santana', 'state': 'Rio Grande do N...</msg>
<var>${json_data}</var>
<arg>${response.json()}</arg>
<doc>Returns the given values which can then be assigned to a variables.</doc>
<status status="PASS" start="2024-06-01T16:16:55.062045" elapsed="0.000797"/>
</kw>
<kw name="Dictionary Should Contain Key" owner="Collections">
<msg time="2024-06-01T16:16:55.063614" level="INFO">False</msg>
<arg>${json_data}</arg>
<arg>results</arg>
<doc>Fails if ``key`` is not found from ``dictionary``.</doc>
<status status="PASS" start="2024-06-01T16:16:55.063330" elapsed="0.000598"/>
</kw>
<status status="PASS" start="2024-06-01T16:16:54.959977" elapsed="0.104338"/>
</kw>
<doc>Testa se a API responde corretamente e retorna um objeto JSON válido.</doc>
<tag>testeRequisicaoBasica</tag>
<status status="PASS" start="2024-06-01T16:16:54.959469" elapsed="0.105154"/>
</test>
<test id="s1-s1-t3" name="Validar estrutura de resposta" line="22">
<kw name="Teste de Estrutura de Resposta" owner="random-user-service">
<kw name="GET On Session" owner="RequestsLibrary">
<msg time="2024-06-01T16:16:55.177082" level="INFO">GET Request : url=https://randomuser.me/api 
 path_url=/api 
 headers={'User-Agent': 'python-requests/2.32.3', 'Accept-Encoding': 'gzip, deflate', 'Accept': '*/*', 'Connection': 'keep-alive'} 
 body=None 
 </msg>
<msg time="2024-06-01T16:16:55.177195" level="INFO">GET Response : url=https://randomuser.me/api 
 status=200, reason=OK 
 headers={'Date': 'Sat, 01 Jun 2024 16:16:55 GMT', 'Content-Type': 'application/json; charset=utf-8', 'Transfer-Encoding': 'chunked', 'Connection': 'keep-alive', 'X-Powered-By': 'Express', 'Access-Control-Allow-Origin': '*', 'Cache-Control': 'no-cache', 'ETag': 'W/"49a-cU9JMtPm6uLjh9mVj309Yy8x5k8"', 'Vary': 'Accept-Encoding', 'Content-Encoding': 'gzip', 'CF-Cache-Status': 'DYNAMIC', 'Report-To': '{"endpoints":[{"url":"https:\\/\\/a.nel.cloudflare.com\\/report\\/v4?s=vGyY9Fvf4EAp2et0AzoVB4dd1D2X442VrvTYfCZelwO0PQnTPTinuKqvoz%2BuP4x%2BzlRBFWMXHA%2BQoi2EU90V2VsoFzcs2mCmE8RelbFUK%2BTpqHe2pSzZzo4gohg0fQ6p"}],"group":"cf-nel","max_age":604800}', 'NEL': '{"success_fraction":0,"report_to":"cf-nel","max_age":604800}', 'Server': 'cloudflare', 'CF-RAY': '88d082c839c10388-ORD', 'alt-svc': 'h3=":443"; ma=86400'} 
 body={"results":[{"gender":"female","name":{"title":"Ms","first":"الینا","last":"گلشن"},"location":{"street":{"number":4031,"name":"پارک 17 شهریور"},"city":"ورامین","state":"یزد","country":"Iran","postcode":26291,"coordinates":{"latitude":"15.1972","longitude":"162.2152"},"timezone":{"offset":"+5:00","description":"Ekaterinburg, Islamabad, Karachi, Tashkent"}},"email":"lyn.glshn@example.com","login":{"uuid":"2eea6edf-2977-4795-a824-015e411c313f","username":"crazybear165","password":"brooks","salt":"LCDEKwzI","md5":"4aea6adebe875c833ab6862be655d6c4","sha1":"f68ca1ea11b2d0ac329f6e1bb730fa8ed07b0a86","sha256":"9c592fdbd65f5889cbb9341a2c3a231d5e3d8c9477a6059e704fc6d34b797402"},"dob":{"date":"1963-01-30T15:48:42.986Z","age":61},"registered":{"date":"2020-07-14T03:50:49.798Z","age":3},"phone":"011-72119611","cell":"0962-236-6091","id":{"name":"","value":null},"picture":{"large":"https://randomuser.me/api/portraits/women/25.jpg","medium":"https://randomuser.me/api/portraits/med/women/25.jpg","thumbnail":"https://randomuser.me/api/portraits/thumb/women/25.jpg"},"nat":"IR"}],"info":{"seed":"7252f7e1a0fec43f","results":1,"page":1,"version":"1.4"}} 
 </msg>
<msg time="2024-06-01T16:16:55.177345" level="INFO">/opt/hostedtoolcache/Python/3.12.3/x64/lib/python3.12/site-packages/urllib3/connectionpool.py:1103: InsecureRequestWarning: Unverified HTTPS request is being made to host 'randomuser.me'. Adding certificate verification is strongly advised. See: https://urllib3.readthedocs.io/en/latest/advanced-usage.html#tls-warnings
  warnings.warn(</msg>
<msg time="2024-06-01T16:16:55.177478" level="INFO">${response} = &lt;Response [200]&gt;</msg>
<var>${response}</var>
<arg>consultarAPI</arg>
<arg>/api</arg>
<doc>Sends a GET request on a previously created HTTP Session.</doc>
<status status="PASS" start="2024-06-01T16:16:55.069281" elapsed="0.108229"/>
</kw>
<kw name="Set Variable" owner="BuiltIn">
<msg time="2024-06-01T16:16:55.178645" level="INFO">${json_data} = {'results': [{'gender': 'female', 'name': {'title': 'Ms', 'first': 'الینا', 'last': 'گلشن'}, 'location': {'street': {'number': 4031, 'name': 'پارک 17 شهریور'}, 'city': 'ورامین', 'state': 'یزد', 'count...</msg>
<var>${json_data}</var>
<arg>${response.json()}</arg>
<doc>Returns the given values which can then be assigned to a variables.</doc>
<status status="PASS" start="2024-06-01T16:16:55.178071" elapsed="0.000609"/>
</kw>
<kw name="Log" owner="BuiltIn">
<msg time="2024-06-01T16:16:55.179241" level="INFO">{'results': [{'gender': 'female', 'name': {'title': 'Ms', 'first': 'الینا', 'last': 'گلشن'}, 'location': {'street': {'number': 4031, 'name': 'پارک 17 شهریور'}, 'city': 'ورامین', 'state': 'یزد', 'country': 'Iran', 'postcode': 26291, 'coordinates': {'latitude': '15.1972', 'longitude': '162.2152'}, 'timezone': {'offset': '+5:00', 'description': 'Ekaterinburg, Islamabad, Karachi, Tashkent'}}, 'email': 'lyn.glshn@example.com', 'login': {'uuid': '2eea6edf-2977-4795-a824-015e411c313f', 'username': 'crazybear165', 'password': 'brooks', 'salt': 'LCDEKwzI', 'md5': '4aea6adebe875c833ab6862be655d6c4', 'sha1': 'f68ca1ea11b2d0ac329f6e1bb730fa8ed07b0a86', 'sha256': '9c592fdbd65f5889cbb9341a2c3a231d5e3d8c9477a6059e704fc6d34b797402'}, 'dob': {'date': '1963-01-30T15:48:42.986Z', 'age': 61}, 'registered': {'date': '2020-07-14T03:50:49.798Z', 'age': 3}, 'phone': '011-72119611', 'cell': '0962-236-6091', 'id': {'name': '', 'value': None}, 'picture': {'large': 'https://randomuser.me/api/portraits/women/25.jpg', 'medium': 'https://randomuser.me/api/portraits/med/women/25.jpg', 'thumbnail': 'https://randomuser.me/api/portraits/thumb/women/25.jpg'}, 'nat': 'IR'}], 'info': {'seed': '7252f7e1a0fec43f', 'results': 1, 'page': 1, 'version': '1.4'}}</msg>
<arg>${json_data}</arg>
<doc>Logs the given message with the given level.</doc>
<status status="PASS" start="2024-06-01T16:16:55.179056" elapsed="0.000240"/>
</kw>
<kw name="Dictionary Should Contain Key" owner="Collections">
<msg time="2024-06-01T16:16:55.179794" level="INFO">False</msg>
<arg>${json_data}</arg>
<arg>results</arg>
<doc>Fails if ``key`` is not found from ``dictionary``.</doc>
<status status="PASS" start="2024-06-01T16:16:55.179625" elapsed="0.000207"/>
</kw>
<kw name="Should Not Be Empty" owner="BuiltIn">
<msg time="2024-06-01T16:16:55.180275" level="INFO">Length is 2.</msg>
<arg>${json_data}</arg>
<doc>Verifies that the given item is not empty.</doc>
<status status="PASS" start="2024-06-01T16:16:55.180139" elapsed="0.000175"/>
</kw>
<kw name="Create List" owner="BuiltIn">
<msg time="2024-06-01T16:16:55.180770" level="INFO">${expected_keys} = ['gender', 'name', 'location', 'email', 'login']</msg>
<var>${expected_keys}</var>
<arg>gender</arg>
<arg>name</arg>
<arg>location</arg>
<arg>email</arg>
<arg>login</arg>
<doc>Returns a list containing given items.</doc>
<status status="PASS" start="2024-06-01T16:16:55.180611" elapsed="0.000184"/>
</kw>
<for flavor="IN">
<iter>
<kw name="Dictionary Should Contain Key" owner="Collections">
<msg time="2024-06-01T16:16:55.181869" level="INFO">False</msg>
<arg>${json_data['results'][0]}</arg>
<arg>${key}</arg>
<doc>Fails if ``key`` is not found from ``dictionary``.</doc>
<status status="PASS" start="2024-06-01T16:16:55.181429" elapsed="0.000483"/>
</kw>
<kw name="Log" owner="BuiltIn">
<msg time="2024-06-01T16:16:55.182609" level="INFO">{'gender': 'female', 'name': {'title': 'Ms', 'first': 'الینا', 'last': 'گلشن'}, 'location': {'street': {'number': 4031, 'name': 'پارک 17 شهریور'}, 'city': 'ورامین', 'state': 'یزد', 'country': 'Iran', 'postcode': 26291, 'coordinates': {'latitude': '15.1972', 'longitude': '162.2152'}, 'timezone': {'offset': '+5:00', 'description': 'Ekaterinburg, Islamabad, Karachi, Tashkent'}}, 'email': 'lyn.glshn@example.com', 'login': {'uuid': '2eea6edf-2977-4795-a824-015e411c313f', 'username': 'crazybear165', 'password': 'brooks', 'salt': 'LCDEKwzI', 'md5': '4aea6adebe875c833ab6862be655d6c4', 'sha1': 'f68ca1ea11b2d0ac329f6e1bb730fa8ed07b0a86', 'sha256': '9c592fdbd65f5889cbb9341a2c3a231d5e3d8c9477a6059e704fc6d34b797402'}, 'dob': {'date': '1963-01-30T15:48:42.986Z', 'age': 61}, 'registered': {'date': '2020-07-14T03:50:49.798Z', 'age': 3}, 'phone': '011-72119611', 'cell': '0962-236-6091', 'id': {'name': '', 'value': None}, 'picture': {'large': 'https://randomuser.me/api/portraits/women/25.jpg', 'medium': 'https://randomuser.me/api/portraits/med/women/25.jpg', 'thumbnail': 'https://randomuser.me/api/portraits/thumb/women/25.jpg'}, 'nat': 'IR'}</msg>
<arg>${json_data['results'][0]}</arg>
<doc>Logs the given message with the given level.</doc>
<status status="PASS" start="2024-06-01T16:16:55.182219" elapsed="0.000444"/>
</kw>
<kw name="Log" owner="BuiltIn">
<msg time="2024-06-01T16:16:55.183101" level="INFO">gender</msg>
<arg>${key}</arg>
<doc>Logs the given message with the given level.</doc>
<status status="PASS" start="2024-06-01T16:16:55.182971" elapsed="0.000168"/>
</kw>
<var name="${key}">gender</var>
<status status="PASS" start="2024-06-01T16:16:55.181295" elapsed="0.002061"/>
</iter>
<iter>
<kw name="Dictionary Should Contain Key" owner="Collections">
<msg time="2024-06-01T16:16:55.184060" level="INFO">False</msg>
<arg>${json_data['results'][0]}</arg>
<arg>${key}</arg>
<doc>Fails if ``key`` is not found from ``dictionary``.</doc>
<status status="PASS" start="2024-06-01T16:16:55.183674" elapsed="0.000425"/>
</kw>
<kw name="Log" owner="BuiltIn">
<msg time="2024-06-01T16:16:55.184796" level="INFO">{'gender': 'female', 'name': {'title': 'Ms', 'first': 'الینا', 'last': 'گلشن'}, 'location': {'street': {'number': 4031, 'name': 'پارک 17 شهریور'}, 'city': 'ورامین', 'state': 'یزد', 'country': 'Iran', 'postcode': 26291, 'coordinates': {'latitude': '15.1972', 'longitude': '162.2152'}, 'timezone': {'offset': '+5:00', 'description': 'Ekaterinburg, Islamabad, Karachi, Tashkent'}}, 'email': 'lyn.glshn@example.com', 'login': {'uuid': '2eea6edf-2977-4795-a824-015e411c313f', 'username': 'crazybear165', 'password': 'brooks', 'salt': 'LCDEKwzI', 'md5': '4aea6adebe875c833ab6862be655d6c4', 'sha1': 'f68ca1ea11b2d0ac329f6e1bb730fa8ed07b0a86', 'sha256': '9c592fdbd65f5889cbb9341a2c3a231d5e3d8c9477a6059e704fc6d34b797402'}, 'dob': {'date': '1963-01-30T15:48:42.986Z', 'age': 61}, 'registered': {'date': '2020-07-14T03:50:49.798Z', 'age': 3}, 'phone': '011-72119611', 'cell': '0962-236-6091', 'id': {'name': '', 'value': None}, 'picture': {'large': 'https://randomuser.me/api/portraits/women/25.jpg', 'medium': 'https://randomuser.me/api/portraits/med/women/25.jpg', 'thumbnail': 'https://randomuser.me/api/portraits/thumb/women/25.jpg'}, 'nat': 'IR'}</msg>
<arg>${json_data['results'][0]}</arg>
<doc>Logs the given message with the given level.</doc>
<status status="PASS" start="2024-06-01T16:16:55.184425" elapsed="0.000449"/>
</kw>
<kw name="Log" owner="BuiltIn">
<msg time="2024-06-01T16:16:55.185320" level="INFO">name</msg>
<arg>${key}</arg>
<doc>Logs the given message with the given level.</doc>
<status status="PASS" start="2024-06-01T16:16:55.185185" elapsed="0.000173"/>
</kw>
<var name="${key}">name</var>
<status status="PASS" start="2024-06-01T16:16:55.183556" elapsed="0.002028"/>
</iter>
<iter>
<kw name="Dictionary Should Contain Key" owner="Collections">
<msg time="2024-06-01T16:16:55.186281" level="INFO">False</msg>
<arg>${json_data['results'][0]}</arg>
<arg>${key}</arg>
<doc>Fails if ``key`` is not found from ``dictionary``.</doc>
<status status="PASS" start="2024-06-01T16:16:55.185892" elapsed="0.000428"/>
</kw>
<kw name="Log" owner="BuiltIn">
<msg time="2024-06-01T16:16:55.187049" level="INFO">{'gender': 'female', 'name': {'title': 'Ms', 'first': 'الینا', 'last': 'گلشن'}, 'location': {'street': {'number': 4031, 'name': 'پارک 17 شهریور'}, 'city': 'ورامین', 'state': 'یزد', 'country': 'Iran', 'postcode': 26291, 'coordinates': {'latitude': '15.1972', 'longitude': '162.2152'}, 'timezone': {'offset': '+5:00', 'description': 'Ekaterinburg, Islamabad, Karachi, Tashkent'}}, 'email': 'lyn.glshn@example.com', 'login': {'uuid': '2eea6edf-2977-4795-a824-015e411c313f', 'username': 'crazybear165', 'password': 'brooks', 'salt': 'LCDEKwzI', 'md5': '4aea6adebe875c833ab6862be655d6c4', 'sha1': 'f68ca1ea11b2d0ac329f6e1bb730fa8ed07b0a86', 'sha256': '9c592fdbd65f5889cbb9341a2c3a231d5e3d8c9477a6059e704fc6d34b797402'}, 'dob': {'date': '1963-01-30T15:48:42.986Z', 'age': 61}, 'registered': {'date': '2020-07-14T03:50:49.798Z', 'age': 3}, 'phone': '011-72119611', 'cell': '0962-236-6091', 'id': {'name': '', 'value': None}, 'picture': {'large': 'https://randomuser.me/api/portraits/women/25.jpg', 'medium': 'https://randomuser.me/api/portraits/med/women/25.jpg', 'thumbnail': 'https://randomuser.me/api/portraits/thumb/women/25.jpg'}, 'nat': 'IR'}</msg>
<arg>${json_data['results'][0]}</arg>
<doc>Logs the given message with the given level.</doc>
<status status="PASS" start="2024-06-01T16:16:55.186653" elapsed="0.000461"/>
</kw>
<kw name="Log" owner="BuiltIn">
<msg time="2024-06-01T16:16:55.187635" level="INFO">location</msg>
<arg>${key}</arg>
<doc>Logs the given message with the given level.</doc>
<status status="PASS" start="2024-06-01T16:16:55.187475" elapsed="0.000204"/>
</kw>
<var name="${key}">location</var>
<status status="PASS" start="2024-06-01T16:16:55.185776" elapsed="0.002145"/>
</iter>
<iter>
<kw name="Dictionary Should Contain Key" owner="Collections">
<msg time="2024-06-01T16:16:55.188840" level="INFO">False</msg>
<arg>${json_data['results'][0]}</arg>
<arg>${key}</arg>
<doc>Fails if ``key`` is not found from ``dictionary``.</doc>
<status status="PASS" start="2024-06-01T16:16:55.188250" elapsed="0.000636"/>
</kw>
<kw name="Log" owner="BuiltIn">
<msg time="2024-06-01T16:16:55.189624" level="INFO">{'gender': 'female', 'name': {'title': 'Ms', 'first': 'الینا', 'last': 'گلشن'}, 'location': {'street': {'number': 4031, 'name': 'پارک 17 شهریور'}, 'city': 'ورامین', 'state': 'یزد', 'country': 'Iran', 'postcode': 26291, 'coordinates': {'latitude': '15.1972', 'longitude': '162.2152'}, 'timezone': {'offset': '+5:00', 'description': 'Ekaterinburg, Islamabad, Karachi, Tashkent'}}, 'email': 'lyn.glshn@example.com', 'login': {'uuid': '2eea6edf-2977-4795-a824-015e411c313f', 'username': 'crazybear165', 'password': 'brooks', 'salt': 'LCDEKwzI', 'md5': '4aea6adebe875c833ab6862be655d6c4', 'sha1': 'f68ca1ea11b2d0ac329f6e1bb730fa8ed07b0a86', 'sha256': '9c592fdbd65f5889cbb9341a2c3a231d5e3d8c9477a6059e704fc6d34b797402'}, 'dob': {'date': '1963-01-30T15:48:42.986Z', 'age': 61}, 'registered': {'date': '2020-07-14T03:50:49.798Z', 'age': 3}, 'phone': '011-72119611', 'cell': '0962-236-6091', 'id': {'name': '', 'value': None}, 'picture': {'large': 'https://randomuser.me/api/portraits/women/25.jpg', 'medium': 'https://randomuser.me/api/portraits/med/women/25.jpg', 'thumbnail': 'https://randomuser.me/api/portraits/thumb/women/25.jpg'}, 'nat': 'IR'}</msg>
<arg>${json_data['results'][0]}</arg>
<doc>Logs the given message with the given level.</doc>
<status status="PASS" start="2024-06-01T16:16:55.189230" elapsed="0.000448"/>
</kw>
<kw name="Log" owner="BuiltIn">
<msg time="2024-06-01T16:16:55.190155" level="INFO">email</msg>
<arg>${key}</arg>
<doc>Logs the given message with the given level.</doc>
<status status="PASS" start="2024-06-01T16:16:55.190009" elapsed="0.000184"/>
</kw>
<var name="${key}">email</var>
<status status="PASS" start="2024-06-01T16:16:55.188119" elapsed="0.002321"/>
</iter>
<iter>
<kw name="Dictionary Should Contain Key" owner="Collections">
<msg time="2024-06-01T16:16:55.191177" level="INFO">False</msg>
<arg>${json_data['results'][0]}</arg>
<arg>${key}</arg>
<doc>Fails if ``key`` is not found from ``dictionary``.</doc>
<status status="PASS" start="2024-06-01T16:16:55.190766" elapsed="0.000451"/>
</kw>
<kw name="Log" owner="BuiltIn">
<msg time="2024-06-01T16:16:55.191953" level="INFO">{'gender': 'female', 'name': {'title': 'Ms', 'first': 'الینا', 'last': 'گلشن'}, 'location': {'street': {'number': 4031, 'name': 'پارک 17 شهریور'}, 'city': 'ورامین', 'state': 'یزد', 'country': 'Iran', 'postcode': 26291, 'coordinates': {'latitude': '15.1972', 'longitude': '162.2152'}, 'timezone': {'offset': '+5:00', 'description': 'Ekaterinburg, Islamabad, Karachi, Tashkent'}}, 'email': 'lyn.glshn@example.com', 'login': {'uuid': '2eea6edf-2977-4795-a824-015e411c313f', 'username': 'crazybear165', 'password': 'brooks', 'salt': 'LCDEKwzI', 'md5': '4aea6adebe875c833ab6862be655d6c4', 'sha1': 'f68ca1ea11b2d0ac329f6e1bb730fa8ed07b0a86', 'sha256': '9c592fdbd65f5889cbb9341a2c3a231d5e3d8c9477a6059e704fc6d34b797402'}, 'dob': {'date': '1963-01-30T15:48:42.986Z', 'age': 61}, 'registered': {'date': '2020-07-14T03:50:49.798Z', 'age': 3}, 'phone': '011-72119611', 'cell': '0962-236-6091', 'id': {'name': '', 'value': None}, 'picture': {'large': 'https://randomuser.me/api/portraits/women/25.jpg', 'medium': 'https://randomuser.me/api/portraits/med/women/25.jpg', 'thumbnail': 'https://randomuser.me/api/portraits/thumb/women/25.jpg'}, 'nat': 'IR'}</msg>
<arg>${json_data['results'][0]}</arg>
<doc>Logs the given message with the given level.</doc>
<status status="PASS" start="2024-06-01T16:16:55.191555" elapsed="0.000470"/>
</kw>
<kw name="Log" owner="BuiltIn">
<msg time="2024-06-01T16:16:55.192483" level="INFO">login</msg>
<arg>${key}</arg>
<doc>Logs the given message with the given level.</doc>
<status status="PASS" start="2024-06-01T16:16:55.192347" elapsed="0.000178"/>
</kw>
<var name="${key}">login</var>
<status status="PASS" start="2024-06-01T16:16:55.190632" elapsed="0.002178"/>
</iter>
<var>${key}</var>
<value>@{expected_keys}</value>
<status status="PASS" start="2024-06-01T16:16:55.181090" elapsed="0.011894"/>
</for>
<kw name="Create List" owner="BuiltIn">
<msg time="2024-06-01T16:16:55.193358" level="INFO">${expected_keysTwo} = ['username', 'password']</msg>
<var>${expected_keysTwo}</var>
<arg>username</arg>
<arg>password</arg>
<doc>Returns a list containing given items.</doc>
<status status="PASS" start="2024-06-01T16:16:55.193202" elapsed="0.000180"/>
</kw>
<for flavor="IN">
<iter>
<kw name="Dictionary Should Contain Key" owner="Collections">
<msg time="2024-06-01T16:16:55.194402" level="INFO">False</msg>
<arg>${json_data['results'][0]['login']}</arg>
<arg>${keyTwo}</arg>
<doc>Fails if ``key`` is not found from ``dictionary``.</doc>
<status status="PASS" start="2024-06-01T16:16:55.193983" elapsed="0.000459"/>
</kw>
<kw name="Dictionary Should Contain Key" owner="Collections">
<msg time="2024-06-01T16:16:55.195145" level="INFO">False</msg>
<arg>${json_data['results'][0]['login']}</arg>
<arg>${keyTwo}</arg>
<doc>Fails if ``key`` is not found from ``dictionary``.</doc>
<status status="PASS" start="2024-06-01T16:16:55.194759" elapsed="0.000422"/>
</kw>
<kw name="Log" owner="BuiltIn">
<msg time="2024-06-01T16:16:55.195604" level="INFO">username</msg>
<arg>${keyTwo}</arg>
<doc>Logs the given message with the given level.</doc>
<status status="PASS" start="2024-06-01T16:16:55.195475" elapsed="0.000167"/>
</kw>
<var name="${keyTwo}">username</var>
<status status="PASS" start="2024-06-01T16:16:55.193854" elapsed="0.002002"/>
</iter>
<iter>
<kw name="Dictionary Should Contain Key" owner="Collections">
<msg time="2024-06-01T16:16:55.196548" level="INFO">False</msg>
<arg>${json_data['results'][0]['login']}</arg>
<arg>${keyTwo}</arg>
<doc>Fails if ``key`` is not found from ``dictionary``.</doc>
<status status="PASS" start="2024-06-01T16:16:55.196153" elapsed="0.000433"/>
</kw>
<kw name="Dictionary Should Contain Key" owner="Collections">
<msg time="2024-06-01T16:16:55.197285" level="INFO">False</msg>
<arg>${json_data['results'][0]['login']}</arg>
<arg>${keyTwo}</arg>
<doc>Fails if ``key`` is not found from ``dictionary``.</doc>
<status status="PASS" start="2024-06-01T16:16:55.196901" elapsed="0.000421"/>
</kw>
<kw name="Log" owner="BuiltIn">
<msg time="2024-06-01T16:16:55.197741" level="INFO">password</msg>
<arg>${keyTwo}</arg>
<doc>Logs the given message with the given level.</doc>
<status status="PASS" start="2024-06-01T16:16:55.197616" elapsed="0.000161"/>
</kw>
<var name="${keyTwo}">password</var>
<status status="PASS" start="2024-06-01T16:16:55.196039" elapsed="0.001973"/>
</iter>
<var>${keyTwo}</var>
<value>@{expected_keysTwo}</value>
<status status="PASS" start="2024-06-01T16:16:55.193664" elapsed="0.004482"/>
</for>
<status status="PASS" start="2024-06-01T16:16:55.068846" elapsed="0.129451"/>
</kw>
<doc>Testa a estrutura da resposta da API.</doc>
<tag>testeEstruturaResposta</tag>
<status status="PASS" start="2024-06-01T16:16:55.067989" elapsed="0.130472"/>
</test>
<test id="s1-s1-t4" name="Validar tipos de dados" line="28">
<kw name="Teste de Tipos de Dados" owner="random-user-service">
<kw name="GET On Session" owner="RequestsLibrary">
<msg time="2024-06-01T16:16:55.275375" level="INFO">GET Request : url=https://randomuser.me/api 
 path_url=/api 
 headers={'User-Agent': 'python-requests/2.32.3', 'Accept-Encoding': 'gzip, deflate', 'Accept': '*/*', 'Connection': 'keep-alive'} 
 body=None 
 </msg>
<msg time="2024-06-01T16:16:55.275483" level="INFO">GET Response : url=https://randomuser.me/api 
 status=200, reason=OK 
 headers={'Date': 'Sat, 01 Jun 2024 16:16:55 GMT', 'Content-Type': 'application/json; charset=utf-8', 'Transfer-Encoding': 'chunked', 'Connection': 'keep-alive', 'X-Powered-By': 'Express', 'Access-Control-Allow-Origin': '*', 'Cache-Control': 'no-cache', 'ETag': 'W/"489-FIFSKliSZNkGX/6eE8HuTqqQXs8"', 'Vary': 'Accept-Encoding', 'Content-Encoding': 'gzip', 'CF-Cache-Status': 'DYNAMIC', 'Report-To': '{"endpoints":[{"url":"https:\\/\\/a.nel.cloudflare.com\\/report\\/v4?s=TY2U0bonDFeiywbCjpJf9DtuCoUgI8mYJdMHtO9Rdu4iEwNw4nWoHUpNX2uyBbHqXLO06cBTyevZdP%2BqBGYg%2FsaSm149kbP3PLDtaHlIj1nZnb39HF9%2B0Z4E%2B6M8mntr"}],"group":"cf-nel","max_age":604800}', 'NEL': '{"success_fraction":0,"report_to":"cf-nel","max_age":604800}', 'Server': 'cloudflare', 'CF-RAY': '88d082c90a580388-ORD', 'alt-svc': 'h3=":443"; ma=86400'} 
 body={"results":[{"gender":"female","name":{"title":"Miss","first":"Luz","last":"Salgado"},"location":{"street":{"number":4072,"name":"Ampliación Norte Vásquez"},"city":"Arivechi","state":"Morelos","country":"Mexico","postcode":32311,"coordinates":{"latitude":"24.6600","longitude":"135.2969"},"timezone":{"offset":"+3:30","description":"Tehran"}},"email":"luz.salgado@example.com","login":{"uuid":"9d496008-31f0-4c6d-a8e8-6a9fbda11894","username":"orangegorilla672","password":"toast","salt":"e7aWxYzG","md5":"5ea874a400a0078ee74f2c36c00b3170","sha1":"c6eeba346553f1dda6adf7a864bf09ee7088475a","sha256":"3e1f2c1a2c4f2955054bf782714a13d49f96af35ae17ee3de5c5317e997f6b5b"},"dob":{"date":"1978-05-05T04:52:29.893Z","age":46},"registered":{"date":"2022-03-20T22:00:39.833Z","age":2},"phone":"(686) 105 5217","cell":"(678) 303 0229","id":{"name":"NSS","value":"12 86 34 7558 0"},"picture":{"large":"https://randomuser.me/api/portraits/women/71.jpg","medium":"https://randomuser.me/api/portraits/med/women/71.jpg","thumbnail":"https://randomuser.me/api/portraits/thumb/women/71.jpg"},"nat":"MX"}],"info":{"seed":"6760dc45cd74d4b9","results":1,"page":1,"version":"1.4"}} 
 </msg>
<msg time="2024-06-01T16:16:55.275562" level="INFO">/opt/hostedtoolcache/Python/3.12.3/x64/lib/python3.12/site-packages/urllib3/connectionpool.py:1103: InsecureRequestWarning: Unverified HTTPS request is being made to host 'randomuser.me'. Adding certificate verification is strongly advised. See: https://urllib3.readthedocs.io/en/latest/advanced-usage.html#tls-warnings
  warnings.warn(</msg>
<msg time="2024-06-01T16:16:55.275687" level="INFO">${response} = &lt;Response [200]&gt;</msg>
<var>${response}</var>
<arg>consultarAPI</arg>
<arg>/api</arg>
<doc>Sends a GET request on a previously created HTTP Session.</doc>
<status status="PASS" start="2024-06-01T16:16:55.201012" elapsed="0.074702"/>
</kw>
<kw name="Set Variable" owner="BuiltIn">
<msg time="2024-06-01T16:16:55.276858" level="INFO">${json_data} = {'results': [{'gender': 'female', 'name': {'title': 'Miss', 'first': 'Luz', 'last': 'Salgado'}, 'location': {'street': {'number': 4072, 'name': 'Ampliación Norte Vásquez'}, 'city': 'Arivechi', 'state'...</msg>
<var>${json_data}</var>
<arg>${response.json()}</arg>
<doc>Returns the given values which can then be assigned to a variables.</doc>
<status status="PASS" start="2024-06-01T16:16:55.276284" elapsed="0.000610"/>
</kw>
<kw name="Log" owner="BuiltIn">
<msg time="2024-06-01T16:16:55.277455" level="INFO">{'results': [{'gender': 'female', 'name': {'title': 'Miss', 'first': 'Luz', 'last': 'Salgado'}, 'location': {'street': {'number': 4072, 'name': 'Ampliación Norte Vásquez'}, 'city': 'Arivechi', 'state': 'Morelos', 'country': 'Mexico', 'postcode': 32311, 'coordinates': {'latitude': '24.6600', 'longitude': '135.2969'}, 'timezone': {'offset': '+3:30', 'description': 'Tehran'}}, 'email': 'luz.salgado@example.com', 'login': {'uuid': '9d496008-31f0-4c6d-a8e8-6a9fbda11894', 'username': 'orangegorilla672', 'password': 'toast', 'salt': 'e7aWxYzG', 'md5': '5ea874a400a0078ee74f2c36c00b3170', 'sha1': 'c6eeba346553f1dda6adf7a864bf09ee7088475a', 'sha256': '3e1f2c1a2c4f2955054bf782714a13d49f96af35ae17ee3de5c5317e997f6b5b'}, 'dob': {'date': '1978-05-05T04:52:29.893Z', 'age': 46}, 'registered': {'date': '2022-03-20T22:00:39.833Z', 'age': 2}, 'phone': '(686) 105 5217', 'cell': '(678) 303 0229', 'id': {'name': 'NSS', 'value': '12 86 34 7558 0'}, 'picture': {'large': 'https://randomuser.me/api/portraits/women/71.jpg', 'medium': 'https://randomuser.me/api/portraits/med/women/71.jpg', 'thumbnail': 'https://randomuser.me/api/portraits/thumb/women/71.jpg'}, 'nat': 'MX'}], 'info': {'seed': '6760dc45cd74d4b9', 'results': 1, 'page': 1, 'version': '1.4'}}</msg>
<arg>${json_data}</arg>
<doc>Logs the given message with the given level.</doc>
<status status="PASS" start="2024-06-01T16:16:55.277271" elapsed="0.000276"/>
</kw>
<kw name="Should Be String" owner="String">
<arg>${json_data['results'][0]['gender']}</arg>
<doc>Fails if the given ``item`` is not a string.</doc>
<status status="PASS" start="2024-06-01T16:16:55.277884" elapsed="0.000381"/>
</kw>
<kw name="Should Match Regexp" owner="BuiltIn">
<arg>${json_data['results'][0]['email']}</arg>
<arg>^[a-zA-Z0-9._%+-]+@[a-zA-Z0-9.-]+\.[a-zA-Z]{2,}$</arg>
<doc>Fails if ``string`` does not match ``pattern`` as a regular expression.</doc>
<status status="PASS" start="2024-06-01T16:16:55.278459" elapsed="0.000695"/>
</kw>
<kw name="Should Match Regexp" owner="BuiltIn">
<arg>${json_data['results'][0]['dob']['date']}</arg>
<arg>\\d{4}-\\d{2}-\\d{2}T\\d{2}:\\d{2}:\\d{2}\\.\\d{3}Z</arg>
<doc>Fails if ``string`` does not match ``pattern`` as a regular expression.</doc>
<status status="PASS" start="2024-06-01T16:16:55.279355" elapsed="0.000494"/>
</kw>
<kw name="Should Match Regexp" owner="BuiltIn">
<arg>${json_data['results'][0]['registered']['date']}</arg>
<arg>\\d{4}-\\d{2}-\\d{2}T\\d{2}:\\d{2}:\\d{2}\\.\\d{3}Z</arg>
<doc>Fails if ``string`` does not match ``pattern`` as a regular expression.</doc>
<status status="PASS" start="2024-06-01T16:16:55.280045" elapsed="0.000367"/>
</kw>
<kw name="Should Match Regexp" owner="BuiltIn">
<arg>${json_data['results'][0]['picture']['large']}</arg>
<arg>^https?://.*\.(?:png|jpe?g|gif|bmp)$</arg>
<doc>Fails if ``string`` does not match ``pattern`` as a regular expression.</doc>
<status status="PASS" start="2024-06-01T16:16:55.280598" elapsed="0.000495"/>
</kw>
<kw name="Should Match Regexp" owner="BuiltIn">
<arg>${json_data['results'][0]['picture']['medium']}</arg>
<arg>^https?://.*\.(?:png|jpe?g|gif|bmp)$</arg>
<doc>Fails if ``string`` does not match ``pattern`` as a regular expression.</doc>
<status status="PASS" start="2024-06-01T16:16:55.281285" elapsed="0.000349"/>
</kw>
<kw name="Should Match Regexp" owner="BuiltIn">
<arg>${json_data['results'][0]['picture']['thumbnail']}</arg>
<arg>^https?://.*\.(?:png|jpe?g|gif|bmp)$</arg>
<doc>Fails if ``string`` does not match ``pattern`` as a regular expression.</doc>
<status status="PASS" start="2024-06-01T16:16:55.281820" elapsed="0.000344"/>
</kw>
<kw name="Log" owner="BuiltIn">
<msg time="2024-06-01T16:16:55.282666" level="INFO">{'large': 'https://randomuser.me/api/portraits/women/71.jpg', 'medium': 'https://randomuser.me/api/portraits/med/women/71.jpg', 'thumbnail': 'https://randomuser.me/api/portraits/thumb/women/71.jpg'}</msg>
<arg>${json_data['results'][0]['picture']}</arg>
<doc>Logs the given message with the given level.</doc>
<status status="PASS" start="2024-06-01T16:16:55.282346" elapsed="0.000362"/>
</kw>
<status status="PASS" start="2024-06-01T16:16:55.200738" elapsed="0.082237"/>
</kw>
<kw name="Teste de Tipos de Dados - Postcode" owner="random-user-service">
<kw name="GET On Session" owner="RequestsLibrary">
<msg time="2024-06-01T16:16:55.389286" level="INFO">GET Request : url=https://randomuser.me/api 
 path_url=/api 
 headers={'User-Agent': 'python-requests/2.32.3', 'Accept-Encoding': 'gzip, deflate', 'Accept': '*/*', 'Connection': 'keep-alive'} 
 body=None 
 </msg>
<msg time="2024-06-01T16:16:55.389411" level="INFO">GET Response : url=https://randomuser.me/api 
 status=200, reason=OK 
 headers={'Date': 'Sat, 01 Jun 2024 16:16:55 GMT', 'Content-Type': 'application/json; charset=utf-8', 'Transfer-Encoding': 'chunked', 'Connection': 'keep-alive', 'X-Powered-By': 'Express', 'Access-Control-Allow-Origin': '*', 'Cache-Control': 'no-cache', 'ETag': 'W/"490-KLCHt1IoVyIKM6ppBuYY7+UOd2w"', 'Vary': 'Accept-Encoding', 'Content-Encoding': 'gzip', 'CF-Cache-Status': 'DYNAMIC', 'Report-To': '{"endpoints":[{"url":"https:\\/\\/a.nel.cloudflare.com\\/report\\/v4?s=a%2FyU4bn3x5b%2FAwWIn26wZp6DUd6gWrIQQSSvjercHLRrJJP3HZeOq87%2BGY2VFVpdONz1lkF%2FQjRN21JFAS8i6LCzUVdi9%2FewVPSxpwYctdSa3zfssYFDKuhb3h%2BfDeKL"}],"group":"cf-nel","max_age":604800}', 'NEL': '{"success_fraction":0,"report_to":"cf-nel","max_age":604800}', 'Server': 'cloudflare', 'CF-RAY': '88d082c98ab10388-ORD', 'alt-svc': 'h3=":443"; ma=86400'} 
 body={"results":[{"gender":"female","name":{"title":"Mrs","first":"Ladomila","last":"Yurchak"},"location":{"street":{"number":2777,"name":"Stavishchenskiy provulok"},"city":"Konotop","state":"Sumska","country":"Ukraine","postcode":19945,"coordinates":{"latitude":"73.4248","longitude":"49.8332"},"timezone":{"offset":"-11:00","description":"Midway Island, Samoa"}},"email":"ladomila.yurchak@example.com","login":{"uuid":"6f804d6b-1f0d-49a6-b0ca-6c8f77231117","username":"purplegorilla800","password":"sigmachi","salt":"9bZLNy8b","md5":"73cb294e0143d36ffc02bbfc2d493f2b","sha1":"446fd8d68404d908609bcd70edd16e1f474f58ea","sha256":"e922db29478a1cdfcbb95265b3dab2d7cfa7aeb44c76a2e870d3b2f69387ce47"},"dob":{"date":"1975-11-18T01:07:40.625Z","age":48},"registered":{"date":"2021-04-28T22:09:58.046Z","age":3},"phone":"(096) D20-0049","cell":"(097) Y19-0863","id":{"name":"","value":null},"picture":{"large":"https://randomuser.me/api/portraits/women/43.jpg","medium":"https://randomuser.me/api/portraits/med/women/43.jpg","thumbnail":"https://randomuser.me/api/portraits/thumb/women/43.jpg"},"nat":"UA"}],"info":{"seed":"f02cd615368d94cd","results":1,"page":1,"version":"1.4"}} 
 </msg>
<msg time="2024-06-01T16:16:55.389501" level="INFO">/opt/hostedtoolcache/Python/3.12.3/x64/lib/python3.12/site-packages/urllib3/connectionpool.py:1103: InsecureRequestWarning: Unverified HTTPS request is being made to host 'randomuser.me'. Adding certificate verification is strongly advised. See: https://urllib3.readthedocs.io/en/latest/advanced-usage.html#tls-warnings
  warnings.warn(</msg>
<msg time="2024-06-01T16:16:55.389632" level="INFO">${response} = &lt;Response [200]&gt;</msg>
<var>${response}</var>
<arg>consultarAPI</arg>
<arg>/api</arg>
<doc>Sends a GET request on a previously created HTTP Session.</doc>
<status status="PASS" start="2024-06-01T16:16:55.283439" elapsed="0.106235"/>
</kw>
<kw name="Set Variable" owner="BuiltIn">
<msg time="2024-06-01T16:16:55.390810" level="INFO">${json_data} = {'results': [{'gender': 'female', 'name': {'title': 'Mrs', 'first': 'Ladomila', 'last': 'Yurchak'}, 'location': {'street': {'number': 2777, 'name': 'Stavishchenskiy provulok'}, 'city': 'Konotop', 'sta...</msg>
<var>${json_data}</var>
<arg>${response.json()}</arg>
<doc>Returns the given values which can then be assigned to a variables.</doc>
<status status="PASS" start="2024-06-01T16:16:55.390258" elapsed="0.000582"/>
</kw>
<kw name="Log" owner="BuiltIn">
<msg time="2024-06-01T16:16:55.391372" level="INFO">{'results': [{'gender': 'female', 'name': {'title': 'Mrs', 'first': 'Ladomila', 'last': 'Yurchak'}, 'location': {'street': {'number': 2777, 'name': 'Stavishchenskiy provulok'}, 'city': 'Konotop', 'state': 'Sumska', 'country': 'Ukraine', 'postcode': 19945, 'coordinates': {'latitude': '73.4248', 'longitude': '49.8332'}, 'timezone': {'offset': '-11:00', 'description': 'Midway Island, Samoa'}}, 'email': 'ladomila.yurchak@example.com', 'login': {'uuid': '6f804d6b-1f0d-49a6-b0ca-6c8f77231117', 'username': 'purplegorilla800', 'password': 'sigmachi', 'salt': '9bZLNy8b', 'md5': '73cb294e0143d36ffc02bbfc2d493f2b', 'sha1': '446fd8d68404d908609bcd70edd16e1f474f58ea', 'sha256': 'e922db29478a1cdfcbb95265b3dab2d7cfa7aeb44c76a2e870d3b2f69387ce47'}, 'dob': {'date': '1975-11-18T01:07:40.625Z', 'age': 48}, 'registered': {'date': '2021-04-28T22:09:58.046Z', 'age': 3}, 'phone': '(096) D20-0049', 'cell': '(097) Y19-0863', 'id': {'name': '', 'value': None}, 'picture': {'large': 'https://randomuser.me/api/portraits/women/43.jpg', 'medium': 'https://randomuser.me/api/portraits/med/women/43.jpg', 'thumbnail': 'https://randomuser.me/api/portraits/thumb/women/43.jpg'}, 'nat': 'UA'}], 'info': {'seed': 'f02cd615368d94cd', 'results': 1, 'page': 1, 'version': '1.4'}}</msg>
<arg>${json_data}</arg>
<doc>Logs the given message with the given level.</doc>
<status status="PASS" start="2024-06-01T16:16:55.391202" elapsed="0.000254"/>
</kw>
<kw name="Should Be Equal As Numbers" owner="BuiltIn">
<arg>${json_data['results'][0]['location']['postcode']}</arg>
<arg>${json_data['results'][0]['location']['postcode']}</arg>
<doc>Fails if objects are unequal after converting them to real numbers.</doc>
<status status="PASS" start="2024-06-01T16:16:55.391781" elapsed="0.000649"/>
</kw>
<kw name="Log" owner="BuiltIn">
<msg time="2024-06-01T16:16:55.393016" level="INFO">19945</msg>
<arg>${json_data['results'][0]['location']['postcode']}</arg>
<doc>Logs the given message with the given level.</doc>
<status status="PASS" start="2024-06-01T16:16:55.392631" elapsed="0.000427"/>
</kw>
<status status="PASS" start="2024-06-01T16:16:55.283205" elapsed="0.110117"/>
</kw>
<doc>Testa se os tipos de dados na resposta da API estão corretos.</doc>
<tag>testeTiposDados</tag>
<status status="PASS" start="2024-06-01T16:16:55.200212" elapsed="0.193293"/>
</test>
<test id="s1-s1-t5" name="Validar conteudo" line="35">
<kw name="Teste de Tipos de Conteudo" owner="random-user-service">
<kw name="GET On Session" owner="RequestsLibrary">
<msg time="2024-06-01T16:16:55.479245" level="INFO">GET Request : url=https://randomuser.me/api 
 path_url=/api 
 headers={'User-Agent': 'python-requests/2.32.3', 'Accept-Encoding': 'gzip, deflate', 'Accept': '*/*', 'Connection': 'keep-alive'} 
 body=None 
 </msg>
<msg time="2024-06-01T16:16:55.479364" level="INFO">GET Response : url=https://randomuser.me/api 
 status=200, reason=OK 
 headers={'Date': 'Sat, 01 Jun 2024 16:16:55 GMT', 'Content-Type': 'application/json; charset=utf-8', 'Transfer-Encoding': 'chunked', 'Connection': 'keep-alive', 'X-Powered-By': 'Express', 'Access-Control-Allow-Origin': '*', 'Cache-Control': 'no-cache', 'ETag': 'W/"495-ujM5ukKNR6Ai9sxLEL3P8LG6kUM"', 'Vary': 'Accept-Encoding', 'Content-Encoding': 'gzip', 'CF-Cache-Status': 'DYNAMIC', 'Report-To': '{"endpoints":[{"url":"https:\\/\\/a.nel.cloudflare.com\\/report\\/v4?s=XVsPiL%2FCdB6r%2BnPehp7zVrpOiFdaTfdtDiZRQnwGlpApKhZtRs223iIhmKGK%2BZyc546F5YgrJPdV5jLhbi3Ig29G2OIJAkoKHe6F4YZ9KJOQOBqkcltJ74b1Yqqe3fHj"}],"group":"cf-nel","max_age":604800}', 'NEL': '{"success_fraction":0,"report_to":"cf-nel","max_age":604800}', 'Server': 'cloudflare', 'CF-RAY': '88d082ca3b650388-ORD', 'alt-svc': 'h3=":443"; ma=86400'} 
 body={"results":[{"gender":"male","name":{"title":"Mr","first":"Ricardo","last":"Beck"},"location":{"street":{"number":9911,"name":"First Street"},"city":"Devonport","state":"Tasmania","country":"Australia","postcode":9358,"coordinates":{"latitude":"-87.2525","longitude":"-63.7063"},"timezone":{"offset":"0:00","description":"Western Europe Time, London, Lisbon, Casablanca"}},"email":"ricardo.beck@example.com","login":{"uuid":"c07f45a4-72c6-489a-b159-b3fb468d894c","username":"greenlion749","password":"architec","salt":"DkWyILQp","md5":"1c93f98bb29a9c0581fbaf39ff9163f1","sha1":"a2320df3370614edb23056ab4ec4340627bf6180","sha256":"e45d67de9ce6a7ddb63958d4f3289ed4d91617d7a451b1e42c41aea9a647c973"},"dob":{"date":"1955-11-16T19:42:00.097Z","age":68},"registered":{"date":"2021-05-30T22:18:51.552Z","age":3},"phone":"02-4585-5276","cell":"0409-315-985","id":{"name":"TFN","value":"943841505"},"picture":{"large":"https://randomuser.me/api/portraits/men/71.jpg","medium":"https://randomuser.me/api/portraits/med/men/71.jpg","thumbnail":"https://randomuser.me/api/portraits/thumb/men/71.jpg"},"nat":"AU"}],"info":{"seed":"d32821ffaaec6603","results":1,"page":1,"version":"1.4"}} 
 </msg>
<msg time="2024-06-01T16:16:55.479452" level="INFO">/opt/hostedtoolcache/Python/3.12.3/x64/lib/python3.12/site-packages/urllib3/connectionpool.py:1103: InsecureRequestWarning: Unverified HTTPS request is being made to host 'randomuser.me'. Adding certificate verification is strongly advised. See: https://urllib3.readthedocs.io/en/latest/advanced-usage.html#tls-warnings
  warnings.warn(</msg>
<msg time="2024-06-01T16:16:55.479600" level="INFO">${response} = &lt;Response [200]&gt;</msg>
<var>${response}</var>
<arg>consultarAPI</arg>
<arg>/api</arg>
<doc>Sends a GET request on a previously created HTTP Session.</doc>
<status status="PASS" start="2024-06-01T16:16:55.395995" elapsed="0.083639"/>
</kw>
<kw name="Set Variable" owner="BuiltIn">
<msg time="2024-06-01T16:16:55.480732" level="INFO">${json_data} = {'results': [{'gender': 'male', 'name': {'title': 'Mr', 'first': 'Ricardo', 'last': 'Beck'}, 'location': {'street': {'number': 9911, 'name': 'First Street'}, 'city': 'Devonport', 'state': 'Tasmania', ...</msg>
<var>${json_data}</var>
<arg>${response.json()}</arg>
<doc>Returns the given values which can then be assigned to a variables.</doc>
<status status="PASS" start="2024-06-01T16:16:55.480188" elapsed="0.000572"/>
</kw>
<kw name="Set Variable" owner="BuiltIn">
<msg time="2024-06-01T16:16:55.481503" level="INFO">${name_title} = Mr</msg>
<var>${name_title}</var>
<arg>${json_data["results"][0]["name"]["title"]}</arg>
<doc>Returns the given values which can then be assigned to a variables.</doc>
<status status="PASS" start="2024-06-01T16:16:55.481119" elapsed="0.000410"/>
</kw>
<kw name="Create List" owner="BuiltIn">
<msg time="2024-06-01T16:16:55.481999" level="INFO">${allowed_titles} = ['Mr', 'Ms', 'Miss', 'Mrs', 'Madame', 'Monsieur']</msg>
<var>${allowed_titles}</var>
<arg>Mr</arg>
<arg>Ms</arg>
<arg>Miss</arg>
<arg>Mrs</arg>
<arg>Madame</arg>
<arg>Monsieur</arg>
<doc>Returns a list containing given items.</doc>
<status status="PASS" start="2024-06-01T16:16:55.481846" elapsed="0.000178"/>
</kw>
<kw name="List Should Contain Value" owner="Collections">
<msg time="2024-06-01T16:16:55.482503" level="INFO">False</msg>
<arg>${allowed_titles}</arg>
<arg>${name_title}</arg>
<doc>Fails if the ``value`` is not found from ``list``.</doc>
<status status="PASS" start="2024-06-01T16:16:55.482326" elapsed="0.000214"/>
</kw>
<kw name="Set Variable" owner="BuiltIn">
<msg time="2024-06-01T16:16:55.483399" level="INFO">${name_country} = AU</msg>
<var>${name_country}</var>
<arg>${json_data["results"][0]["nat"]}</arg>
<doc>Returns the given values which can then be assigned to a variables.</doc>
<status status="PASS" start="2024-06-01T16:16:55.482834" elapsed="0.000590"/>
</kw>
<kw name="Create List" owner="BuiltIn">
<msg time="2024-06-01T16:16:55.484329" level="INFO">${list_country} = ['AD', 'AE', 'AF', 'AG', 'AI', 'AL', 'AM', 'AO', 'AQ', 'AR', 'AS', 'AT', 'AU', 'AW', 'AX', 'AZ', 'BA', 'BB', 'BD', 'BE', 'BF', 'BG', 'BH', 'BI', 'BJ', 'BL', 'BM', 'BN', 'BO', 'BQ', 'BR', 'BS', 'BT', '...</msg>
<var>${list_country}</var>
<arg>AD</arg>
<arg>AE</arg>
<arg>AF</arg>
<arg>AG</arg>
<arg>AI</arg>
<arg>AL</arg>
<arg>AM</arg>
<arg>AO</arg>
<arg>AQ</arg>
<arg>AR</arg>
<arg>AS</arg>
<arg>AT</arg>
<arg>AU</arg>
<arg>AW</arg>
<arg>AX</arg>
<arg>AZ</arg>
<arg>BA</arg>
<arg>BB</arg>
<arg>BD</arg>
<arg>BE</arg>
<arg>BF</arg>
<arg>BG</arg>
<arg>BH</arg>
<arg>BI</arg>
<arg>BJ</arg>
<arg>BL</arg>
<arg>BM</arg>
<arg>BN</arg>
<arg>BO</arg>
<arg>BQ</arg>
<arg>BR</arg>
<arg>BS</arg>
<arg>BT</arg>
<arg>BV</arg>
<arg>BW</arg>
<arg>BY</arg>
<arg>BZ</arg>
<arg>CA</arg>
<arg>CC</arg>
<arg>CD</arg>
<arg>CF</arg>
<arg>CG</arg>
<arg>CH</arg>
<arg>CI</arg>
<arg>CK</arg>
<arg>CL</arg>
<arg>CM</arg>
<arg>CN</arg>
<arg>CO</arg>
<arg>CR</arg>
<arg>CU</arg>
<arg>CV</arg>
<arg>CW</arg>
<arg>CX</arg>
<arg>CY</arg>
<arg>CZ</arg>
<arg>DE</arg>
<arg>DJ</arg>
<arg>DK</arg>
<arg>DM</arg>
<arg>DO</arg>
<arg>DZ</arg>
<arg>EC</arg>
<arg>EE</arg>
<arg>EG</arg>
<arg>EH</arg>
<arg>ER</arg>
<arg>ES</arg>
<arg>ET</arg>
<arg>FI</arg>
<arg>FJ</arg>
<arg>FK</arg>
<arg>FM</arg>
<arg>FO</arg>
<arg>FR</arg>
<arg>GA</arg>
<arg>GB</arg>
<arg>GD</arg>
<arg>GE</arg>
<arg>GF</arg>
<arg>GG</arg>
<arg>GH</arg>
<arg>GI</arg>
<arg>GL</arg>
<arg>GM</arg>
<arg>GN</arg>
<arg>GP</arg>
<arg>GQ</arg>
<arg>GR</arg>
<arg>GS</arg>
<arg>GT</arg>
<arg>GU</arg>
<arg>GW</arg>
<arg>GY</arg>
<arg>HK</arg>
<arg>HM</arg>
<arg>HN</arg>
<arg>HR</arg>
<arg>HT</arg>
<arg>HU</arg>
<arg>ID</arg>
<arg>IE</arg>
<arg>IL</arg>
<arg>IM</arg>
<arg>IN</arg>
<arg>IO</arg>
<arg>IQ</arg>
<arg>IR</arg>
<arg>IS</arg>
<arg>IT</arg>
<arg>JE</arg>
<arg>JM</arg>
<arg>JO</arg>
<arg>JP</arg>
<arg>KE</arg>
<arg>KG</arg>
<arg>KH</arg>
<arg>KI</arg>
<arg>KM</arg>
<arg>KN</arg>
<arg>KP</arg>
<arg>KR</arg>
<arg>KW</arg>
<arg>KY</arg>
<arg>KZ</arg>
<arg>LA</arg>
<arg>LB</arg>
<arg>LC</arg>
<arg>LI</arg>
<arg>LK</arg>
<arg>LR</arg>
<arg>LS</arg>
<arg>LT</arg>
<arg>LU</arg>
<arg>LV</arg>
<arg>LY</arg>
<arg>MA</arg>
<arg>MC</arg>
<arg>MD</arg>
<arg>ME</arg>
<arg>MF</arg>
<arg>MG</arg>
<arg>MH</arg>
<arg>MK</arg>
<arg>ML</arg>
<arg>MM</arg>
<arg>MN</arg>
<arg>MO</arg>
<arg>MP</arg>
<arg>MQ</arg>
<arg>MR</arg>
<arg>MS</arg>
<arg>MT</arg>
<arg>MU</arg>
<arg>MV</arg>
<arg>MW</arg>
<arg>MX</arg>
<arg>MY</arg>
<arg>MZ</arg>
<arg>NA</arg>
<arg>NC</arg>
<arg>NE</arg>
<arg>NF</arg>
<arg>NG</arg>
<arg>NI</arg>
<arg>NL</arg>
<arg>NO</arg>
<arg>NP</arg>
<arg>NR</arg>
<arg>NU</arg>
<arg>NZ</arg>
<arg>OM</arg>
<arg>PA</arg>
<arg>PE</arg>
<arg>PF</arg>
<arg>PG</arg>
<arg>PH</arg>
<arg>PK</arg>
<arg>PL</arg>
<arg>PM</arg>
<arg>PN</arg>
<arg>PR</arg>
<arg>PS</arg>
<arg>PT</arg>
<arg>PW</arg>
<arg>PY</arg>
<arg>QA</arg>
<arg>RE</arg>
<arg>RO</arg>
<arg>RS</arg>
<arg>RU</arg>
<arg>RW</arg>
<arg>SA</arg>
<arg>SB</arg>
<arg>SC</arg>
<arg>SD</arg>
<arg>SE</arg>
<arg>SG</arg>
<arg>SH</arg>
<arg>SI</arg>
<arg>SJ</arg>
<arg>SK</arg>
<arg>SL</arg>
<arg>SM</arg>
<arg>SN</arg>
<arg>SO</arg>
<arg>SR</arg>
<arg>SS</arg>
<arg>ST</arg>
<arg>SV</arg>
<arg>SX</arg>
<arg>SY</arg>
<arg>SZ</arg>
<arg>TC</arg>
<arg>TD</arg>
<arg>TF</arg>
<arg>TG</arg>
<arg>TH</arg>
<arg>TJ</arg>
<arg>TK</arg>
<arg>TL</arg>
<arg>TM</arg>
<arg>TN</arg>
<arg>TO</arg>
<arg>TR</arg>
<arg>TT</arg>
<arg>TV</arg>
<arg>TW</arg>
<arg>TZ</arg>
<arg>UA</arg>
<arg>UG</arg>
<arg>UM</arg>
<arg>US</arg>
<arg>UY</arg>
<arg>UZ</arg>
<arg>VA</arg>
<arg>VC</arg>
<arg>VE</arg>
<arg>VG</arg>
<arg>VI</arg>
<arg>VN</arg>
<arg>VU</arg>
<arg>WF</arg>
<arg>WS</arg>
<arg>XK</arg>
<arg>YE</arg>
<arg>YT</arg>
<arg>ZA</arg>
<arg>ZM</arg>
<arg>ZW</arg>
<doc>Returns a list containing given items.</doc>
<status status="PASS" start="2024-06-01T16:16:55.483731" elapsed="0.000624"/>
</kw>
<kw name="List Should Contain Value" owner="Collections">
<msg time="2024-06-01T16:16:55.485368" level="INFO">False</msg>
<arg>${list_country}</arg>
<arg>${name_country}</arg>
<doc>Fails if the ``value`` is not found from ``list``.</doc>
<status status="PASS" start="2024-06-01T16:16:55.485162" elapsed="0.000241"/>
</kw>
<kw name="Run Keyword If" owner="BuiltIn">
<kw name="Should Be True" owner="BuiltIn">
<arg>${True}</arg>
<doc>Fails if the given condition is not true.</doc>
<status status="PASS" start="2024-06-01T16:16:55.486473" elapsed="0.000149"/>
</kw>
<arg>${json_data["results"][0]["location"]["coordinates"]["latitude"]} &gt;= -90 and ${json_data["results"][0]["location"]["coordinates"]["latitude"]} &lt;= 90</arg>
<arg>Should Be True</arg>
<arg>${True}</arg>
<doc>Runs the given keyword with the given arguments, if ``condition`` is true.</doc>
<status status="PASS" start="2024-06-01T16:16:55.485724" elapsed="0.001024"/>
</kw>
<kw name="Run Keyword If" owner="BuiltIn">
<kw name="Should Be True" owner="BuiltIn">
<arg>${True}</arg>
<doc>Fails if the given condition is not true.</doc>
<status status="PASS" start="2024-06-01T16:16:55.487619" elapsed="0.000142"/>
</kw>
<arg>${json_data["results"][0]["location"]["coordinates"]["longitude"]} &gt;= -180 and ${json_data["results"][0]["location"]["coordinates"]["longitude"]} &lt;= 180</arg>
<arg>Should Be True</arg>
<arg>${True}</arg>
<doc>Runs the given keyword with the given arguments, if ``condition`` is true.</doc>
<status status="PASS" start="2024-06-01T16:16:55.486933" elapsed="0.000957"/>
</kw>
<status status="PASS" start="2024-06-01T16:16:55.395758" elapsed="0.092270"/>
</kw>
<doc>Testa o conteúdo específico dos campos retornados pela API.</doc>
<tag>testeConteudo</tag>
<status status="PASS" start="2024-06-01T16:16:55.395266" elapsed="0.092920"/>
</test>
<status status="PASS" start="2024-06-01T16:16:54.612167" elapsed="0.878005"/>
</suite>
<status status="PASS" start="2024-06-01T16:16:54.597964" elapsed="0.897472"/>
</suite>
<statistics>
<total>
<stat pass="5" fail="0" skip="0">All Tests</stat>
</total>
<tag>
<stat pass="1" fail="0" skip="0">testeConteudo</stat>
<stat pass="1" fail="0" skip="0">testeEstruturaResposta</stat>
<stat pass="1" fail="0" skip="0">testeRequisicaoBasica</stat>
<stat pass="1" fail="0" skip="0">testeTiposDados</stat>
</tag>
<suite>
<stat pass="5" fail="0" skip="0" id="s1" name="Tests">Tests</stat>
<stat pass="5" fail="0" skip="0" id="s1-s1" name="Random-User-Test">Tests.Random-User-Test</stat>
</suite>
</statistics>
<errors>
</errors>
</robot>
