<?xml version="1.0" encoding="UTF-8"?>
<robot generator="Robot 7.0 (Python 3.12.3 on linux)" generated="2024-05-25T06:19:28.470463" rpa="false" schemaversion="5">
<suite id="s1" name="Tests" source="/home/runner/work/DesafioQAItauRogerioJordao/DesafioQAItauRogerioJordao/RamdonUser/tests">
<suite id="s1-s1" name="Random-User-Test" source="/home/runner/work/DesafioQAItauRogerioJordao/DesafioQAItauRogerioJordao/RamdonUser/tests/random-user-test.robot">
<test id="s1-s1-t1" name="Conectar" line="13">
<kw name="Conectar API" owner="random-user-service">
<kw name="Create Session" owner="RequestsLibrary">
<msg time="2024-05-25T06:19:28.880908" level="INFO">Creating Session using : alias=consultarAPI, url=https://randomuser.me/, headers={},                     cookies={}, auth=None, timeout=None, proxies=None, verify=False,                     debug=0 </msg>
<arg>consultarAPI</arg>
<arg>${URL}</arg>
<doc>Create Session: create a HTTP session to a server</doc>
<status status="PASS" start="2024-05-25T06:19:28.880677" elapsed="0.000450"/>
</kw>
<status status="PASS" start="2024-05-25T06:19:28.879540" elapsed="0.002001"/>
</kw>
<status status="PASS" start="2024-05-25T06:19:28.878817" elapsed="0.002933"/>
</test>
<test id="s1-s1-t2" name="Validar retorno 200 e JSON Válido" line="16">
<kw name="Teste de Requisicao Basica" owner="random-user-service">
<kw name="GET On Session" owner="RequestsLibrary">
<msg time="2024-05-25T06:19:28.974192" level="INFO">GET Request : url=https://randomuser.me/api 
 path_url=/api 
 headers={'User-Agent': 'python-requests/2.32.2', 'Accept-Encoding': 'gzip, deflate', 'Accept': '*/*', 'Connection': 'keep-alive'} 
 body=None 
 </msg>
<msg time="2024-05-25T06:19:28.974356" level="INFO">GET Response : url=https://randomuser.me/api 
 status=200, reason=OK 
 headers={'Date': 'Sat, 25 May 2024 06:19:28 GMT', 'Content-Type': 'application/json; charset=utf-8', 'Transfer-Encoding': 'chunked', 'Connection': 'keep-alive', 'X-Powered-By': 'Express', 'Access-Control-Allow-Origin': '*', 'Cache-Control': 'no-cache', 'ETag': 'W/"491-5g3chMsq2kmowTMFu4NGNCaI0Hk"', 'Vary': 'Accept-Encoding', 'Content-Encoding': 'gzip', 'CF-Cache-Status': 'DYNAMIC', 'Report-To': '{"endpoints":[{"url":"https:\\/\\/a.nel.cloudflare.com\\/report\\/v4?s=el89L2vq3Z0uj%2BLpiUBzELNP0YXe9v4cVxEXd3%2FZhRlRp0jSpQiEVg%2Fn%2Fsa4JIDz7UpNLsJco1vTH5%2BnfXN9VhJKVZM6plJmtaobHIXTi21bKUVlx6H6%2BjDRetmVaVhf"}],"group":"cf-nel","max_age":604800}', 'NEL': '{"success_fraction":0,"report_to":"cf-nel","max_age":604800}', 'Server': 'cloudflare', 'CF-RAY': '88936a01de9b81c1-IAD', 'alt-svc': 'h3=":443"; ma=86400'} 
 body={"results":[{"gender":"male","name":{"title":"Mr","first":"Bakhshi","last":"Andrade"},"location":{"street":{"number":8707,"name":"Tilak Marg"},"city":"Anantapur","state":"Himachal Pradesh","country":"India","postcode":25635,"coordinates":{"latitude":"6.0736","longitude":"-173.2542"},"timezone":{"offset":"+4:00","description":"Abu Dhabi, Muscat, Baku, Tbilisi"}},"email":"bakhshi.andrade@example.com","login":{"uuid":"30adf162-caa8-4050-9d69-5249bc703a45","username":"greenmeercat419","password":"sushi","salt":"VOQHatcZ","md5":"935977402ce819498b7d7b104aa2cc54","sha1":"cf0aa40cf19cda87d689fb8ef62532abda4d0d2f","sha256":"066c019e450b43df8655cfd5de28e039b85ba4a19cb372f1979584ccbc72bd36"},"dob":{"date":"1954-10-17T22:46:32.058Z","age":69},"registered":{"date":"2007-04-10T01:13:53.223Z","age":17},"phone":"9840263361","cell":"9088564431","id":{"name":"UIDAI","value":"147193834908"},"picture":{"large":"https://randomuser.me/api/portraits/men/58.jpg","medium":"https://randomuser.me/api/portraits/med/men/58.jpg","thumbnail":"https://randomuser.me/api/portraits/thumb/men/58.jpg"},"nat":"IN"}],"info":{"seed":"94dca927351ab424","results":1,"page":1,"version":"1.4"}} 
 </msg>
<msg time="2024-05-25T06:19:28.974442" level="INFO">/opt/hostedtoolcache/Python/3.12.3/x64/lib/python3.12/site-packages/urllib3/connectionpool.py:1103: InsecureRequestWarning: Unverified HTTPS request is being made to host 'randomuser.me'. Adding certificate verification is strongly advised. See: https://urllib3.readthedocs.io/en/latest/advanced-usage.html#tls-warnings
  warnings.warn(</msg>
<msg time="2024-05-25T06:19:28.974604" level="INFO">${response} = &lt;Response [200]&gt;</msg>
<var>${response}</var>
<arg>consultarAPI</arg>
<arg>/api</arg>
<doc>Sends a GET request on a previously created HTTP Session.</doc>
<status status="PASS" start="2024-05-25T06:19:28.884706" elapsed="0.089940"/>
</kw>
<kw name="Should Be Equal As Numbers" owner="BuiltIn">
<msg time="2024-05-25T06:19:28.975827" level="INFO">Argument types are:
&lt;class 'int'&gt;
&lt;class 'str'&gt;</msg>
<arg>${response.status_code}</arg>
<arg>200</arg>
<doc>Fails if objects are unequal after converting them to real numbers.</doc>
<status status="PASS" start="2024-05-25T06:19:28.975338" elapsed="0.000560"/>
</kw>
<kw name="Log" owner="BuiltIn">
<msg time="2024-05-25T06:19:28.976660" level="INFO">200</msg>
<arg>${response.status_code}</arg>
<doc>Logs the given message with the given level.</doc>
<status status="PASS" start="2024-05-25T06:19:28.976290" elapsed="0.000422"/>
</kw>
<kw name="Set Variable" owner="BuiltIn">
<msg time="2024-05-25T06:19:28.977486" level="INFO">${json_data} = {'results': [{'gender': 'male', 'name': {'title': 'Mr', 'first': 'Bakhshi', 'last': 'Andrade'}, 'location': {'street': {'number': 8707, 'name': 'Tilak Marg'}, 'city': 'Anantapur', 'state': 'Himachal P...</msg>
<var>${json_data}</var>
<arg>${response.json()}</arg>
<doc>Returns the given values which can then be assigned to a variables.</doc>
<status status="PASS" start="2024-05-25T06:19:28.977037" elapsed="0.000479"/>
</kw>
<kw name="Dictionary Should Contain Key" owner="Collections">
<msg time="2024-05-25T06:19:28.978007" level="INFO">False</msg>
<arg>${json_data}</arg>
<arg>results</arg>
<doc>Fails if ``key`` is not found from ``dictionary``.</doc>
<status status="PASS" start="2024-05-25T06:19:28.977830" elapsed="0.000400"/>
</kw>
<status status="PASS" start="2024-05-25T06:19:28.884408" elapsed="0.094106"/>
</kw>
<doc>Testa se a API responde corretamente e retorna um objeto JSON válido.</doc>
<tag>testeRequisicaoBasica</tag>
<status status="PASS" start="2024-05-25T06:19:28.883745" elapsed="0.094960"/>
</test>
<test id="s1-s1-t3" name="Validar estrutura de resposta" line="22">
<kw name="Teste de Estrutura de Resposta" owner="random-user-service">
<kw name="GET On Session" owner="RequestsLibrary">
<msg time="2024-05-25T06:19:29.078993" level="INFO">GET Request : url=https://randomuser.me/api 
 path_url=/api 
 headers={'User-Agent': 'python-requests/2.32.2', 'Accept-Encoding': 'gzip, deflate', 'Accept': '*/*', 'Connection': 'keep-alive'} 
 body=None 
 </msg>
<msg time="2024-05-25T06:19:29.079116" level="INFO">GET Response : url=https://randomuser.me/api 
 status=200, reason=OK 
 headers={'Date': 'Sat, 25 May 2024 06:19:29 GMT', 'Content-Type': 'application/json; charset=utf-8', 'Transfer-Encoding': 'chunked', 'Connection': 'keep-alive', 'X-Powered-By': 'Express', 'Access-Control-Allow-Origin': '*', 'Cache-Control': 'no-cache', 'ETag': 'W/"47a-ilGMToT3uN5Zf5GXVM8W+AvncNQ"', 'Vary': 'Accept-Encoding', 'Content-Encoding': 'gzip', 'CF-Cache-Status': 'DYNAMIC', 'Report-To': '{"endpoints":[{"url":"https:\\/\\/a.nel.cloudflare.com\\/report\\/v4?s=epVwP3ZP1EAarLJSv0CbTil0bvm1PLOqzcKYPZA0D7rWEb9Pwoo2WGXBe%2FBL2UESKaiGQYg34aDcVuROT%2B32VqeJRZIyssUcq2phYqi2%2FvoU0ylvG8pcbDSkA0imiqc1"}],"group":"cf-nel","max_age":604800}', 'NEL': '{"success_fraction":0,"report_to":"cf-nel","max_age":604800}', 'Server': 'cloudflare', 'CF-RAY': '88936a022ed081c1-IAD', 'alt-svc': 'h3=":443"; ma=86400'} 
 body={"results":[{"gender":"male","name":{"title":"Mr","first":"محمدمهدی","last":"سالاری"},"location":{"street":{"number":7217,"name":"آیت الله سعیدی"},"city":"سنندج","state":"یزد","country":"Iran","postcode":98014,"coordinates":{"latitude":"20.9439","longitude":"-138.9430"},"timezone":{"offset":"-9:00","description":"Alaska"}},"email":"mhmdmhdy.slry@example.com","login":{"uuid":"c41b08ff-5620-4a50-9857-25500db439fe","username":"greenkoala243","password":"kiss","salt":"uxicOuaY","md5":"a3b08bcf783734c258a1ff144213bd2f","sha1":"e5d99207f1035f036e1cb3f8abdc7f17afe793d5","sha256":"37151f8d88820844a21b9df47ef3ddeb0a24ae89d8ae65873b997ab60e90ca6a"},"dob":{"date":"1964-03-24T01:20:30.077Z","age":60},"registered":{"date":"2008-11-15T01:09:07.749Z","age":15},"phone":"008-72259934","cell":"0934-469-3457","id":{"name":"","value":null},"picture":{"large":"https://randomuser.me/api/portraits/men/2.jpg","medium":"https://randomuser.me/api/portraits/med/men/2.jpg","thumbnail":"https://randomuser.me/api/portraits/thumb/men/2.jpg"},"nat":"IR"}],"info":{"seed":"08dc342a2f516b08","results":1,"page":1,"version":"1.4"}} 
 </msg>
<msg time="2024-05-25T06:19:29.079304" level="INFO">/opt/hostedtoolcache/Python/3.12.3/x64/lib/python3.12/site-packages/urllib3/connectionpool.py:1103: InsecureRequestWarning: Unverified HTTPS request is being made to host 'randomuser.me'. Adding certificate verification is strongly advised. See: https://urllib3.readthedocs.io/en/latest/advanced-usage.html#tls-warnings
  warnings.warn(</msg>
<msg time="2024-05-25T06:19:29.079442" level="INFO">${response} = &lt;Response [200]&gt;</msg>
<var>${response}</var>
<arg>consultarAPI</arg>
<arg>/api</arg>
<doc>Sends a GET request on a previously created HTTP Session.</doc>
<status status="PASS" start="2024-05-25T06:19:28.981570" elapsed="0.097914"/>
</kw>
<kw name="Set Variable" owner="BuiltIn">
<msg time="2024-05-25T06:19:29.080743" level="INFO">${json_data} = {'results': [{'gender': 'male', 'name': {'title': 'Mr', 'first': 'محمدمهدی', 'last': 'سالاری'}, 'location': {'street': {'number': 7217, 'name': 'آیت الله سعیدی'}, 'city': 'سنندج', 'state': 'یزد', 'cou...</msg>
<var>${json_data}</var>
<arg>${response.json()}</arg>
<doc>Returns the given values which can then be assigned to a variables.</doc>
<status status="PASS" start="2024-05-25T06:19:29.080130" elapsed="0.000645"/>
</kw>
<kw name="Log" owner="BuiltIn">
<msg time="2024-05-25T06:19:29.081327" level="INFO">{'results': [{'gender': 'male', 'name': {'title': 'Mr', 'first': 'محمدمهدی', 'last': 'سالاری'}, 'location': {'street': {'number': 7217, 'name': 'آیت الله سعیدی'}, 'city': 'سنندج', 'state': 'یزد', 'country': 'Iran', 'postcode': 98014, 'coordinates': {'latitude': '20.9439', 'longitude': '-138.9430'}, 'timezone': {'offset': '-9:00', 'description': 'Alaska'}}, 'email': 'mhmdmhdy.slry@example.com', 'login': {'uuid': 'c41b08ff-5620-4a50-9857-25500db439fe', 'username': 'greenkoala243', 'password': 'kiss', 'salt': 'uxicOuaY', 'md5': 'a3b08bcf783734c258a1ff144213bd2f', 'sha1': 'e5d99207f1035f036e1cb3f8abdc7f17afe793d5', 'sha256': '37151f8d88820844a21b9df47ef3ddeb0a24ae89d8ae65873b997ab60e90ca6a'}, 'dob': {'date': '1964-03-24T01:20:30.077Z', 'age': 60}, 'registered': {'date': '2008-11-15T01:09:07.749Z', 'age': 15}, 'phone': '008-72259934', 'cell': '0934-469-3457', 'id': {'name': '', 'value': None}, 'picture': {'large': 'https://randomuser.me/api/portraits/men/2.jpg', 'medium': 'https://randomuser.me/api/portraits/med/men/2.jpg', 'thumbnail': 'https://randomuser.me/api/portraits/thumb/men/2.jpg'}, 'nat': 'IR'}], 'info': {'seed': '08dc342a2f516b08', 'results': 1, 'page': 1, 'version': '1.4'}}</msg>
<arg>${json_data}</arg>
<doc>Logs the given message with the given level.</doc>
<status status="PASS" start="2024-05-25T06:19:29.081148" elapsed="0.000232"/>
</kw>
<kw name="Dictionary Should Contain Key" owner="Collections">
<msg time="2024-05-25T06:19:29.081866" level="INFO">False</msg>
<arg>${json_data}</arg>
<arg>results</arg>
<doc>Fails if ``key`` is not found from ``dictionary``.</doc>
<status status="PASS" start="2024-05-25T06:19:29.081699" elapsed="0.000209"/>
</kw>
<kw name="Should Not Be Empty" owner="BuiltIn">
<msg time="2024-05-25T06:19:29.082342" level="INFO">Length is 2.</msg>
<arg>${json_data}</arg>
<doc>Verifies that the given item is not empty.</doc>
<status status="PASS" start="2024-05-25T06:19:29.082209" elapsed="0.000171"/>
</kw>
<kw name="Create List" owner="BuiltIn">
<msg time="2024-05-25T06:19:29.082833" level="INFO">${expected_keys} = ['gender', 'name', 'location', 'email', 'login']</msg>
<var>${expected_keys}</var>
<arg>gender</arg>
<arg>name</arg>
<arg>location</arg>
<arg>email</arg>
<arg>login</arg>
<doc>Returns a list containing given items.</doc>
<status status="PASS" start="2024-05-25T06:19:29.082681" elapsed="0.000176"/>
</kw>
<for flavor="IN">
<iter>
<kw name="Dictionary Should Contain Key" owner="Collections">
<msg time="2024-05-25T06:19:29.083945" level="INFO">False</msg>
<arg>${json_data['results'][0]}</arg>
<arg>${key}</arg>
<doc>Fails if ``key`` is not found from ``dictionary``.</doc>
<status status="PASS" start="2024-05-25T06:19:29.083503" elapsed="0.000486"/>
</kw>
<kw name="Log" owner="BuiltIn">
<msg time="2024-05-25T06:19:29.084699" level="INFO">{'gender': 'male', 'name': {'title': 'Mr', 'first': 'محمدمهدی', 'last': 'سالاری'}, 'location': {'street': {'number': 7217, 'name': 'آیت الله سعیدی'}, 'city': 'سنندج', 'state': 'یزد', 'country': 'Iran', 'postcode': 98014, 'coordinates': {'latitude': '20.9439', 'longitude': '-138.9430'}, 'timezone': {'offset': '-9:00', 'description': 'Alaska'}}, 'email': 'mhmdmhdy.slry@example.com', 'login': {'uuid': 'c41b08ff-5620-4a50-9857-25500db439fe', 'username': 'greenkoala243', 'password': 'kiss', 'salt': 'uxicOuaY', 'md5': 'a3b08bcf783734c258a1ff144213bd2f', 'sha1': 'e5d99207f1035f036e1cb3f8abdc7f17afe793d5', 'sha256': '37151f8d88820844a21b9df47ef3ddeb0a24ae89d8ae65873b997ab60e90ca6a'}, 'dob': {'date': '1964-03-24T01:20:30.077Z', 'age': 60}, 'registered': {'date': '2008-11-15T01:09:07.749Z', 'age': 15}, 'phone': '008-72259934', 'cell': '0934-469-3457', 'id': {'name': '', 'value': None}, 'picture': {'large': 'https://randomuser.me/api/portraits/men/2.jpg', 'medium': 'https://randomuser.me/api/portraits/med/men/2.jpg', 'thumbnail': 'https://randomuser.me/api/portraits/thumb/men/2.jpg'}, 'nat': 'IR'}</msg>
<arg>${json_data['results'][0]}</arg>
<doc>Logs the given message with the given level.</doc>
<status status="PASS" start="2024-05-25T06:19:29.084296" elapsed="0.000470"/>
</kw>
<kw name="Log" owner="BuiltIn">
<msg time="2024-05-25T06:19:29.085210" level="INFO">gender</msg>
<arg>${key}</arg>
<doc>Logs the given message with the given level.</doc>
<status status="PASS" start="2024-05-25T06:19:29.085081" elapsed="0.000168"/>
</kw>
<var name="${key}">gender</var>
<status status="PASS" start="2024-05-25T06:19:29.083368" elapsed="0.002096"/>
</iter>
<iter>
<kw name="Dictionary Should Contain Key" owner="Collections">
<msg time="2024-05-25T06:19:29.086161" level="INFO">False</msg>
<arg>${json_data['results'][0]}</arg>
<arg>${key}</arg>
<doc>Fails if ``key`` is not found from ``dictionary``.</doc>
<status status="PASS" start="2024-05-25T06:19:29.085773" elapsed="0.000426"/>
</kw>
<kw name="Log" owner="BuiltIn">
<msg time="2024-05-25T06:19:29.086887" level="INFO">{'gender': 'male', 'name': {'title': 'Mr', 'first': 'محمدمهدی', 'last': 'سالاری'}, 'location': {'street': {'number': 7217, 'name': 'آیت الله سعیدی'}, 'city': 'سنندج', 'state': 'یزد', 'country': 'Iran', 'postcode': 98014, 'coordinates': {'latitude': '20.9439', 'longitude': '-138.9430'}, 'timezone': {'offset': '-9:00', 'description': 'Alaska'}}, 'email': 'mhmdmhdy.slry@example.com', 'login': {'uuid': 'c41b08ff-5620-4a50-9857-25500db439fe', 'username': 'greenkoala243', 'password': 'kiss', 'salt': 'uxicOuaY', 'md5': 'a3b08bcf783734c258a1ff144213bd2f', 'sha1': 'e5d99207f1035f036e1cb3f8abdc7f17afe793d5', 'sha256': '37151f8d88820844a21b9df47ef3ddeb0a24ae89d8ae65873b997ab60e90ca6a'}, 'dob': {'date': '1964-03-24T01:20:30.077Z', 'age': 60}, 'registered': {'date': '2008-11-15T01:09:07.749Z', 'age': 15}, 'phone': '008-72259934', 'cell': '0934-469-3457', 'id': {'name': '', 'value': None}, 'picture': {'large': 'https://randomuser.me/api/portraits/men/2.jpg', 'medium': 'https://randomuser.me/api/portraits/med/men/2.jpg', 'thumbnail': 'https://randomuser.me/api/portraits/thumb/men/2.jpg'}, 'nat': 'IR'}</msg>
<arg>${json_data['results'][0]}</arg>
<doc>Logs the given message with the given level.</doc>
<status status="PASS" start="2024-05-25T06:19:29.086525" elapsed="0.000422"/>
</kw>
<kw name="Log" owner="BuiltIn">
<msg time="2024-05-25T06:19:29.087414" level="INFO">name</msg>
<arg>${key}</arg>
<doc>Logs the given message with the given level.</doc>
<status status="PASS" start="2024-05-25T06:19:29.087281" elapsed="0.000171"/>
</kw>
<var name="${key}">name</var>
<status status="PASS" start="2024-05-25T06:19:29.085656" elapsed="0.002020"/>
</iter>
<iter>
<kw name="Dictionary Should Contain Key" owner="Collections">
<msg time="2024-05-25T06:19:29.088354" level="INFO">False</msg>
<arg>${json_data['results'][0]}</arg>
<arg>${key}</arg>
<doc>Fails if ``key`` is not found from ``dictionary``.</doc>
<status status="PASS" start="2024-05-25T06:19:29.087971" elapsed="0.000422"/>
</kw>
<kw name="Log" owner="BuiltIn">
<msg time="2024-05-25T06:19:29.089058" level="INFO">{'gender': 'male', 'name': {'title': 'Mr', 'first': 'محمدمهدی', 'last': 'سالاری'}, 'location': {'street': {'number': 7217, 'name': 'آیت الله سعیدی'}, 'city': 'سنندج', 'state': 'یزد', 'country': 'Iran', 'postcode': 98014, 'coordinates': {'latitude': '20.9439', 'longitude': '-138.9430'}, 'timezone': {'offset': '-9:00', 'description': 'Alaska'}}, 'email': 'mhmdmhdy.slry@example.com', 'login': {'uuid': 'c41b08ff-5620-4a50-9857-25500db439fe', 'username': 'greenkoala243', 'password': 'kiss', 'salt': 'uxicOuaY', 'md5': 'a3b08bcf783734c258a1ff144213bd2f', 'sha1': 'e5d99207f1035f036e1cb3f8abdc7f17afe793d5', 'sha256': '37151f8d88820844a21b9df47ef3ddeb0a24ae89d8ae65873b997ab60e90ca6a'}, 'dob': {'date': '1964-03-24T01:20:30.077Z', 'age': 60}, 'registered': {'date': '2008-11-15T01:09:07.749Z', 'age': 15}, 'phone': '008-72259934', 'cell': '0934-469-3457', 'id': {'name': '', 'value': None}, 'picture': {'large': 'https://randomuser.me/api/portraits/men/2.jpg', 'medium': 'https://randomuser.me/api/portraits/med/men/2.jpg', 'thumbnail': 'https://randomuser.me/api/portraits/thumb/men/2.jpg'}, 'nat': 'IR'}</msg>
<arg>${json_data['results'][0]}</arg>
<doc>Logs the given message with the given level.</doc>
<status status="PASS" start="2024-05-25T06:19:29.088690" elapsed="0.000421"/>
</kw>
<kw name="Log" owner="BuiltIn">
<msg time="2024-05-25T06:19:29.089536" level="INFO">location</msg>
<arg>${key}</arg>
<doc>Logs the given message with the given level.</doc>
<status status="PASS" start="2024-05-25T06:19:29.089409" elapsed="0.000165"/>
</kw>
<var name="${key}">location</var>
<status status="PASS" start="2024-05-25T06:19:29.087858" elapsed="0.001935"/>
</iter>
<iter>
<kw name="Dictionary Should Contain Key" owner="Collections">
<msg time="2024-05-25T06:19:29.090582" level="INFO">False</msg>
<arg>${json_data['results'][0]}</arg>
<arg>${key}</arg>
<doc>Fails if ``key`` is not found from ``dictionary``.</doc>
<status status="PASS" start="2024-05-25T06:19:29.090077" elapsed="0.000544"/>
</kw>
<kw name="Log" owner="BuiltIn">
<msg time="2024-05-25T06:19:29.091320" level="INFO">{'gender': 'male', 'name': {'title': 'Mr', 'first': 'محمدمهدی', 'last': 'سالاری'}, 'location': {'street': {'number': 7217, 'name': 'آیت الله سعیدی'}, 'city': 'سنندج', 'state': 'یزد', 'country': 'Iran', 'postcode': 98014, 'coordinates': {'latitude': '20.9439', 'longitude': '-138.9430'}, 'timezone': {'offset': '-9:00', 'description': 'Alaska'}}, 'email': 'mhmdmhdy.slry@example.com', 'login': {'uuid': 'c41b08ff-5620-4a50-9857-25500db439fe', 'username': 'greenkoala243', 'password': 'kiss', 'salt': 'uxicOuaY', 'md5': 'a3b08bcf783734c258a1ff144213bd2f', 'sha1': 'e5d99207f1035f036e1cb3f8abdc7f17afe793d5', 'sha256': '37151f8d88820844a21b9df47ef3ddeb0a24ae89d8ae65873b997ab60e90ca6a'}, 'dob': {'date': '1964-03-24T01:20:30.077Z', 'age': 60}, 'registered': {'date': '2008-11-15T01:09:07.749Z', 'age': 15}, 'phone': '008-72259934', 'cell': '0934-469-3457', 'id': {'name': '', 'value': None}, 'picture': {'large': 'https://randomuser.me/api/portraits/men/2.jpg', 'medium': 'https://randomuser.me/api/portraits/med/men/2.jpg', 'thumbnail': 'https://randomuser.me/api/portraits/thumb/men/2.jpg'}, 'nat': 'IR'}</msg>
<arg>${json_data['results'][0]}</arg>
<doc>Logs the given message with the given level.</doc>
<status status="PASS" start="2024-05-25T06:19:29.090918" elapsed="0.000466"/>
</kw>
<kw name="Log" owner="BuiltIn">
<msg time="2024-05-25T06:19:29.091821" level="INFO">email</msg>
<arg>${key}</arg>
<doc>Logs the given message with the given level.</doc>
<status status="PASS" start="2024-05-25T06:19:29.091692" elapsed="0.000166"/>
</kw>
<var name="${key}">email</var>
<status status="PASS" start="2024-05-25T06:19:29.089967" elapsed="0.002107"/>
</iter>
<iter>
<kw name="Dictionary Should Contain Key" owner="Collections">
<msg time="2024-05-25T06:19:29.092740" level="INFO">False</msg>
<arg>${json_data['results'][0]}</arg>
<arg>${key}</arg>
<doc>Fails if ``key`` is not found from ``dictionary``.</doc>
<status status="PASS" start="2024-05-25T06:19:29.092362" elapsed="0.000416"/>
</kw>
<kw name="Log" owner="BuiltIn">
<msg time="2024-05-25T06:19:29.093442" level="INFO">{'gender': 'male', 'name': {'title': 'Mr', 'first': 'محمدمهدی', 'last': 'سالاری'}, 'location': {'street': {'number': 7217, 'name': 'آیت الله سعیدی'}, 'city': 'سنندج', 'state': 'یزد', 'country': 'Iran', 'postcode': 98014, 'coordinates': {'latitude': '20.9439', 'longitude': '-138.9430'}, 'timezone': {'offset': '-9:00', 'description': 'Alaska'}}, 'email': 'mhmdmhdy.slry@example.com', 'login': {'uuid': 'c41b08ff-5620-4a50-9857-25500db439fe', 'username': 'greenkoala243', 'password': 'kiss', 'salt': 'uxicOuaY', 'md5': 'a3b08bcf783734c258a1ff144213bd2f', 'sha1': 'e5d99207f1035f036e1cb3f8abdc7f17afe793d5', 'sha256': '37151f8d88820844a21b9df47ef3ddeb0a24ae89d8ae65873b997ab60e90ca6a'}, 'dob': {'date': '1964-03-24T01:20:30.077Z', 'age': 60}, 'registered': {'date': '2008-11-15T01:09:07.749Z', 'age': 15}, 'phone': '008-72259934', 'cell': '0934-469-3457', 'id': {'name': '', 'value': None}, 'picture': {'large': 'https://randomuser.me/api/portraits/men/2.jpg', 'medium': 'https://randomuser.me/api/portraits/med/men/2.jpg', 'thumbnail': 'https://randomuser.me/api/portraits/thumb/men/2.jpg'}, 'nat': 'IR'}</msg>
<arg>${json_data['results'][0]}</arg>
<doc>Logs the given message with the given level.</doc>
<status status="PASS" start="2024-05-25T06:19:29.093079" elapsed="0.000422"/>
</kw>
<kw name="Log" owner="BuiltIn">
<msg time="2024-05-25T06:19:29.093924" level="INFO">login</msg>
<arg>${key}</arg>
<doc>Logs the given message with the given level.</doc>
<status status="PASS" start="2024-05-25T06:19:29.093797" elapsed="0.000166"/>
</kw>
<var name="${key}">login</var>
<status status="PASS" start="2024-05-25T06:19:29.092249" elapsed="0.001930"/>
</iter>
<var>${key}</var>
<value>@{expected_keys}</value>
<status status="PASS" start="2024-05-25T06:19:29.083123" elapsed="0.011203"/>
</for>
<kw name="Create List" owner="BuiltIn">
<msg time="2024-05-25T06:19:29.094677" level="INFO">${expected_keysTwo} = ['username', 'password']</msg>
<var>${expected_keysTwo}</var>
<arg>username</arg>
<arg>password</arg>
<doc>Returns a list containing given items.</doc>
<status status="PASS" start="2024-05-25T06:19:29.094532" elapsed="0.000168"/>
</kw>
<for flavor="IN">
<iter>
<kw name="Dictionary Should Contain Key" owner="Collections">
<msg time="2024-05-25T06:19:29.095627" level="INFO">False</msg>
<arg>${json_data['results'][0]['login']}</arg>
<arg>${keyTwo}</arg>
<doc>Fails if ``key`` is not found from ``dictionary``.</doc>
<status status="PASS" start="2024-05-25T06:19:29.095204" elapsed="0.000471"/>
</kw>
<kw name="Dictionary Should Contain Key" owner="Collections">
<msg time="2024-05-25T06:19:29.096364" level="INFO">False</msg>
<arg>${json_data['results'][0]['login']}</arg>
<arg>${keyTwo}</arg>
<doc>Fails if ``key`` is not found from ``dictionary``.</doc>
<status status="PASS" start="2024-05-25T06:19:29.095989" elapsed="0.000413"/>
</kw>
<kw name="Log" owner="BuiltIn">
<msg time="2024-05-25T06:19:29.096817" level="INFO">username</msg>
<arg>${keyTwo}</arg>
<doc>Logs the given message with the given level.</doc>
<status status="PASS" start="2024-05-25T06:19:29.096691" elapsed="0.000163"/>
</kw>
<var name="${keyTwo}">username</var>
<status status="PASS" start="2024-05-25T06:19:29.095097" elapsed="0.001972"/>
</iter>
<iter>
<kw name="Dictionary Should Contain Key" owner="Collections">
<msg time="2024-05-25T06:19:29.097724" level="INFO">False</msg>
<arg>${json_data['results'][0]['login']}</arg>
<arg>${keyTwo}</arg>
<doc>Fails if ``key`` is not found from ``dictionary``.</doc>
<status status="PASS" start="2024-05-25T06:19:29.097347" elapsed="0.000415"/>
</kw>
<kw name="Dictionary Should Contain Key" owner="Collections">
<msg time="2024-05-25T06:19:29.098420" level="INFO">False</msg>
<arg>${json_data['results'][0]['login']}</arg>
<arg>${keyTwo}</arg>
<doc>Fails if ``key`` is not found from ``dictionary``.</doc>
<status status="PASS" start="2024-05-25T06:19:29.098053" elapsed="0.000404"/>
</kw>
<kw name="Log" owner="BuiltIn">
<msg time="2024-05-25T06:19:29.098878" level="INFO">password</msg>
<arg>${keyTwo}</arg>
<doc>Logs the given message with the given level.</doc>
<status status="PASS" start="2024-05-25T06:19:29.098751" elapsed="0.000164"/>
</kw>
<var name="${keyTwo}">password</var>
<status status="PASS" start="2024-05-25T06:19:29.097238" elapsed="0.001891"/>
</iter>
<var>${keyTwo}</var>
<value>@{expected_keysTwo}</value>
<status status="PASS" start="2024-05-25T06:19:29.094937" elapsed="0.004347"/>
</for>
<status status="PASS" start="2024-05-25T06:19:28.981310" elapsed="0.118122"/>
</kw>
<doc>Testa a estrutura da resposta da API.</doc>
<tag>testeEstruturaResposta</tag>
<status status="PASS" start="2024-05-25T06:19:28.980645" elapsed="0.118947"/>
</test>
<test id="s1-s1-t4" name="Validar tipos de dados" line="28">
<kw name="Teste de Tipos de Dados" owner="random-user-service">
<kw name="GET On Session" owner="RequestsLibrary">
<msg time="2024-05-25T06:19:29.164484" level="INFO">GET Request : url=https://randomuser.me/api 
 path_url=/api 
 headers={'User-Agent': 'python-requests/2.32.2', 'Accept-Encoding': 'gzip, deflate', 'Accept': '*/*', 'Connection': 'keep-alive'} 
 body=None 
 </msg>
<msg time="2024-05-25T06:19:29.164574" level="INFO">GET Response : url=https://randomuser.me/api 
 status=200, reason=OK 
 headers={'Date': 'Sat, 25 May 2024 06:19:29 GMT', 'Content-Type': 'application/json; charset=utf-8', 'Transfer-Encoding': 'chunked', 'Connection': 'keep-alive', 'X-Powered-By': 'Express', 'Access-Control-Allow-Origin': '*', 'Cache-Control': 'no-cache', 'ETag': 'W/"4a4-ZHDgmxbaEGh2ODg43hqNb1aChEk"', 'Vary': 'Accept-Encoding', 'Content-Encoding': 'gzip', 'CF-Cache-Status': 'DYNAMIC', 'Report-To': '{"endpoints":[{"url":"https:\\/\\/a.nel.cloudflare.com\\/report\\/v4?s=IzXvm7V8cMD3MNL9p1TofaC%2BRBjFjqMq8%2BKoCm1JN5NBH6capnljdkg1%2BDYlYnqJN31fL5W%2FTgHilv75uv6L1PBBGWzWtHBHlfjVDlikwNGl24gIsLnwyTHzbmvOpYXr"}],"group":"cf-nel","max_age":604800}', 'NEL': '{"success_fraction":0,"report_to":"cf-nel","max_age":604800}', 'Server': 'cloudflare', 'CF-RAY': '88936a02ef5e81c1-IAD', 'alt-svc': 'h3=":443"; ma=86400'} 
 body={"results":[{"gender":"female","name":{"title":"Ms","first":"Aubree","last":"Ginnish"},"location":{"street":{"number":2667,"name":"Pine Rd"},"city":"Selkirk","state":"Prince Edward Island","country":"Canada","postcode":"O8L 4B0","coordinates":{"latitude":"-71.2523","longitude":"85.3109"},"timezone":{"offset":"0:00","description":"Western Europe Time, London, Lisbon, Casablanca"}},"email":"aubree.ginnish@example.com","login":{"uuid":"25d74bbb-2db9-4042-bc32-aceba7af03d1","username":"bluemouse805","password":"cigar","salt":"YUKdsi7X","md5":"882e6f88ac39f89e76c5ecd2ce20c5ce","sha1":"b37eb02443d9c373e466c7fc1fd5a0571abbf2d0","sha256":"65ee0fd0c5f02b49a23c205b112cd19945cb21e0e0d583c0471de37fef8baa12"},"dob":{"date":"1997-06-20T18:37:15.035Z","age":26},"registered":{"date":"2017-03-30T10:18:00.363Z","age":7},"phone":"M69 A28-0627","cell":"H71 R99-0176","id":{"name":"SIN","value":"047132931"},"picture":{"large":"https://randomuser.me/api/portraits/women/66.jpg","medium":"https://randomuser.me/api/portraits/med/women/66.jpg","thumbnail":"https://randomuser.me/api/portraits/thumb/women/66.jpg"},"nat":"CA"}],"info":{"seed":"bfa841247947bb2a","results":1,"page":1,"version":"1.4"}} 
 </msg>
<msg time="2024-05-25T06:19:29.164641" level="INFO">/opt/hostedtoolcache/Python/3.12.3/x64/lib/python3.12/site-packages/urllib3/connectionpool.py:1103: InsecureRequestWarning: Unverified HTTPS request is being made to host 'randomuser.me'. Adding certificate verification is strongly advised. See: https://urllib3.readthedocs.io/en/latest/advanced-usage.html#tls-warnings
  warnings.warn(</msg>
<msg time="2024-05-25T06:19:29.164754" level="INFO">${response} = &lt;Response [200]&gt;</msg>
<var>${response}</var>
<arg>consultarAPI</arg>
<arg>/api</arg>
<doc>Sends a GET request on a previously created HTTP Session.</doc>
<status status="PASS" start="2024-05-25T06:19:29.102165" elapsed="0.062629"/>
</kw>
<kw name="Set Variable" owner="BuiltIn">
<msg time="2024-05-25T06:19:29.165974" level="INFO">${json_data} = {'results': [{'gender': 'female', 'name': {'title': 'Ms', 'first': 'Aubree', 'last': 'Ginnish'}, 'location': {'street': {'number': 2667, 'name': 'Pine Rd'}, 'city': 'Selkirk', 'state': 'Prince Edward ...</msg>
<var>${json_data}</var>
<arg>${response.json()}</arg>
<doc>Returns the given values which can then be assigned to a variables.</doc>
<status status="PASS" start="2024-05-25T06:19:29.165397" elapsed="0.000606"/>
</kw>
<kw name="Log" owner="BuiltIn">
<msg time="2024-05-25T06:19:29.166525" level="INFO">{'results': [{'gender': 'female', 'name': {'title': 'Ms', 'first': 'Aubree', 'last': 'Ginnish'}, 'location': {'street': {'number': 2667, 'name': 'Pine Rd'}, 'city': 'Selkirk', 'state': 'Prince Edward Island', 'country': 'Canada', 'postcode': 'O8L 4B0', 'coordinates': {'latitude': '-71.2523', 'longitude': '85.3109'}, 'timezone': {'offset': '0:00', 'description': 'Western Europe Time, London, Lisbon, Casablanca'}}, 'email': 'aubree.ginnish@example.com', 'login': {'uuid': '25d74bbb-2db9-4042-bc32-aceba7af03d1', 'username': 'bluemouse805', 'password': 'cigar', 'salt': 'YUKdsi7X', 'md5': '882e6f88ac39f89e76c5ecd2ce20c5ce', 'sha1': 'b37eb02443d9c373e466c7fc1fd5a0571abbf2d0', 'sha256': '65ee0fd0c5f02b49a23c205b112cd19945cb21e0e0d583c0471de37fef8baa12'}, 'dob': {'date': '1997-06-20T18:37:15.035Z', 'age': 26}, 'registered': {'date': '2017-03-30T10:18:00.363Z', 'age': 7}, 'phone': 'M69 A28-0627', 'cell': 'H71 R99-0176', 'id': {'name': 'SIN', 'value': '047132931'}, 'picture': {'large': 'https://randomuser.me/api/portraits/women/66.jpg', 'medium': 'https://randomuser.me/api/portraits/med/women/66.jpg', 'thumbnail': 'https://randomuser.me/api/portraits/thumb/women/66.jpg'}, 'nat': 'CA'}], 'info': {'seed': 'bfa841247947bb2a', 'results': 1, 'page': 1, 'version': '1.4'}}</msg>
<arg>${json_data}</arg>
<doc>Logs the given message with the given level.</doc>
<status status="PASS" start="2024-05-25T06:19:29.166358" elapsed="0.000254"/>
</kw>
<kw name="Should Be String" owner="String">
<arg>${json_data['results'][0]['gender']}</arg>
<doc>Fails if the given ``item`` is not a string.</doc>
<status status="PASS" start="2024-05-25T06:19:29.166923" elapsed="0.000451"/>
</kw>
<kw name="Should Match Regexp" owner="BuiltIn">
<arg>${json_data['results'][0]['email']}</arg>
<arg>^[a-zA-Z0-9._%+-]+@[a-zA-Z0-9.-]+\.[a-zA-Z]{2,}$</arg>
<doc>Fails if ``string`` does not match ``pattern`` as a regular expression.</doc>
<status status="PASS" start="2024-05-25T06:19:29.167583" elapsed="0.000696"/>
</kw>
<kw name="Should Match Regexp" owner="BuiltIn">
<arg>${json_data['results'][0]['dob']['date']}</arg>
<arg>\\d{4}-\\d{2}-\\d{2}T\\d{2}:\\d{2}:\\d{2}\\.\\d{3}Z</arg>
<doc>Fails if ``string`` does not match ``pattern`` as a regular expression.</doc>
<status status="PASS" start="2024-05-25T06:19:29.168486" elapsed="0.000491"/>
</kw>
<kw name="Should Match Regexp" owner="BuiltIn">
<arg>${json_data['results'][0]['registered']['date']}</arg>
<arg>\\d{4}-\\d{2}-\\d{2}T\\d{2}:\\d{2}:\\d{2}\\.\\d{3}Z</arg>
<doc>Fails if ``string`` does not match ``pattern`` as a regular expression.</doc>
<status status="PASS" start="2024-05-25T06:19:29.169173" elapsed="0.000366"/>
</kw>
<kw name="Should Match Regexp" owner="BuiltIn">
<arg>${json_data['results'][0]['picture']['large']}</arg>
<arg>^https?://.*\.(?:png|jpe?g|gif|bmp)$</arg>
<doc>Fails if ``string`` does not match ``pattern`` as a regular expression.</doc>
<status status="PASS" start="2024-05-25T06:19:29.169729" elapsed="0.000459"/>
</kw>
<kw name="Should Match Regexp" owner="BuiltIn">
<arg>${json_data['results'][0]['picture']['medium']}</arg>
<arg>^https?://.*\.(?:png|jpe?g|gif|bmp)$</arg>
<doc>Fails if ``string`` does not match ``pattern`` as a regular expression.</doc>
<status status="PASS" start="2024-05-25T06:19:29.170380" elapsed="0.000352"/>
</kw>
<kw name="Should Match Regexp" owner="BuiltIn">
<arg>${json_data['results'][0]['picture']['thumbnail']}</arg>
<arg>^https?://.*\.(?:png|jpe?g|gif|bmp)$</arg>
<doc>Fails if ``string`` does not match ``pattern`` as a regular expression.</doc>
<status status="PASS" start="2024-05-25T06:19:29.170919" elapsed="0.000380"/>
</kw>
<kw name="Log" owner="BuiltIn">
<msg time="2024-05-25T06:19:29.171835" level="INFO">{'large': 'https://randomuser.me/api/portraits/women/66.jpg', 'medium': 'https://randomuser.me/api/portraits/med/women/66.jpg', 'thumbnail': 'https://randomuser.me/api/portraits/thumb/women/66.jpg'}</msg>
<arg>${json_data['results'][0]['picture']}</arg>
<doc>Logs the given message with the given level.</doc>
<status status="PASS" start="2024-05-25T06:19:29.171498" elapsed="0.000381"/>
</kw>
<status status="PASS" start="2024-05-25T06:19:29.101927" elapsed="0.070223"/>
</kw>
<kw name="Teste de Tipos de Dados - Postcode" owner="random-user-service">
<kw name="GET On Session" owner="RequestsLibrary">
<msg time="2024-05-25T06:19:29.264014" level="INFO">GET Request : url=https://randomuser.me/api 
 path_url=/api 
 headers={'User-Agent': 'python-requests/2.32.2', 'Accept-Encoding': 'gzip, deflate', 'Accept': '*/*', 'Connection': 'keep-alive'} 
 body=None 
 </msg>
<msg time="2024-05-25T06:19:29.264131" level="INFO">GET Response : url=https://randomuser.me/api 
 status=200, reason=OK 
 headers={'Date': 'Sat, 25 May 2024 06:19:29 GMT', 'Content-Type': 'application/json; charset=utf-8', 'Transfer-Encoding': 'chunked', 'Connection': 'keep-alive', 'X-Powered-By': 'Express', 'Access-Control-Allow-Origin': '*', 'Cache-Control': 'no-cache', 'ETag': 'W/"48b-e6zQe2OfkAFlRrLc7J/6y9eqGLs"', 'Vary': 'Accept-Encoding', 'Content-Encoding': 'gzip', 'CF-Cache-Status': 'DYNAMIC', 'Report-To': '{"endpoints":[{"url":"https:\\/\\/a.nel.cloudflare.com\\/report\\/v4?s=8NQlPb7XAr6MtzR1VbifghrAMHabb4NzhkFVeLWsc%2F%2FXr0DQvan%2F6NIWy2YPf3otJtrkzonxN6ieY3wOtcqxZLa%2FKO%2FGiVTLGTUKKwUmZj9d%2BBJpOw%2BmZBSkEM3u45m4"}],"group":"cf-nel","max_age":604800}', 'NEL': '{"success_fraction":0,"report_to":"cf-nel","max_age":604800}', 'Server': 'cloudflare', 'CF-RAY': '88936a035fbc81c1-IAD', 'alt-svc': 'h3=":443"; ma=86400'} 
 body={"results":[{"gender":"male","name":{"title":"Mr","first":"Andreas","last":"Christensen"},"location":{"street":{"number":1100,"name":"Pile Alle"},"city":"Sundby","state":"Hovedstaden","country":"Denmark","postcode":16874,"coordinates":{"latitude":"-40.8503","longitude":"-68.9304"},"timezone":{"offset":"+9:00","description":"Tokyo, Seoul, Osaka, Sapporo, Yakutsk"}},"email":"andreas.christensen@example.com","login":{"uuid":"11e19d51-e3d3-450f-a7b6-8bf76dd59c5b","username":"sadgoose599","password":"hung","salt":"6m3mwc96","md5":"7fdb3b0093ac4e5003ec539a4c5a1e39","sha1":"ba5d2ec0c43c6b8199d3f8f1af75a811397ebac5","sha256":"679568bfc26a8029eba7ab242600c516e258c40ef46962d61ab3d3c783124fc6"},"dob":{"date":"1983-12-05T07:29:20.822Z","age":40},"registered":{"date":"2022-04-24T00:53:29.394Z","age":2},"phone":"38836736","cell":"77286962","id":{"name":"CPR","value":"051283-9440"},"picture":{"large":"https://randomuser.me/api/portraits/men/47.jpg","medium":"https://randomuser.me/api/portraits/med/men/47.jpg","thumbnail":"https://randomuser.me/api/portraits/thumb/men/47.jpg"},"nat":"DK"}],"info":{"seed":"be44864339681bff","results":1,"page":1,"version":"1.4"}} 
 </msg>
<msg time="2024-05-25T06:19:29.264215" level="INFO">/opt/hostedtoolcache/Python/3.12.3/x64/lib/python3.12/site-packages/urllib3/connectionpool.py:1103: InsecureRequestWarning: Unverified HTTPS request is being made to host 'randomuser.me'. Adding certificate verification is strongly advised. See: https://urllib3.readthedocs.io/en/latest/advanced-usage.html#tls-warnings
  warnings.warn(</msg>
<msg time="2024-05-25T06:19:29.264352" level="INFO">${response} = &lt;Response [200]&gt;</msg>
<var>${response}</var>
<arg>consultarAPI</arg>
<arg>/api</arg>
<doc>Sends a GET request on a previously created HTTP Session.</doc>
<status status="PASS" start="2024-05-25T06:19:29.172614" elapsed="0.091770"/>
</kw>
<kw name="Set Variable" owner="BuiltIn">
<msg time="2024-05-25T06:19:29.265524" level="INFO">${json_data} = {'results': [{'gender': 'male', 'name': {'title': 'Mr', 'first': 'Andreas', 'last': 'Christensen'}, 'location': {'street': {'number': 1100, 'name': 'Pile Alle'}, 'city': 'Sundby', 'state': 'Hovedstade...</msg>
<var>${json_data}</var>
<arg>${response.json()}</arg>
<doc>Returns the given values which can then be assigned to a variables.</doc>
<status status="PASS" start="2024-05-25T06:19:29.264975" elapsed="0.000582"/>
</kw>
<kw name="Log" owner="BuiltIn">
<msg time="2024-05-25T06:19:29.266111" level="INFO">{'results': [{'gender': 'male', 'name': {'title': 'Mr', 'first': 'Andreas', 'last': 'Christensen'}, 'location': {'street': {'number': 1100, 'name': 'Pile Alle'}, 'city': 'Sundby', 'state': 'Hovedstaden', 'country': 'Denmark', 'postcode': 16874, 'coordinates': {'latitude': '-40.8503', 'longitude': '-68.9304'}, 'timezone': {'offset': '+9:00', 'description': 'Tokyo, Seoul, Osaka, Sapporo, Yakutsk'}}, 'email': 'andreas.christensen@example.com', 'login': {'uuid': '11e19d51-e3d3-450f-a7b6-8bf76dd59c5b', 'username': 'sadgoose599', 'password': 'hung', 'salt': '6m3mwc96', 'md5': '7fdb3b0093ac4e5003ec539a4c5a1e39', 'sha1': 'ba5d2ec0c43c6b8199d3f8f1af75a811397ebac5', 'sha256': '679568bfc26a8029eba7ab242600c516e258c40ef46962d61ab3d3c783124fc6'}, 'dob': {'date': '1983-12-05T07:29:20.822Z', 'age': 40}, 'registered': {'date': '2022-04-24T00:53:29.394Z', 'age': 2}, 'phone': '38836736', 'cell': '77286962', 'id': {'name': 'CPR', 'value': '051283-9440'}, 'picture': {'large': 'https://randomuser.me/api/portraits/men/47.jpg', 'medium': 'https://randomuser.me/api/portraits/med/men/47.jpg', 'thumbnail': 'https://randomuser.me/api/portraits/thumb/men/47.jpg'}, 'nat': 'DK'}], 'info': {'seed': 'be44864339681bff', 'results': 1, 'page': 1, 'version': '1.4'}}</msg>
<arg>${json_data}</arg>
<doc>Logs the given message with the given level.</doc>
<status status="PASS" start="2024-05-25T06:19:29.265937" elapsed="0.000261"/>
</kw>
<kw name="Should Be Equal As Numbers" owner="BuiltIn">
<arg>${json_data['results'][0]['location']['postcode']}</arg>
<arg>${json_data['results'][0]['location']['postcode']}</arg>
<doc>Fails if objects are unequal after converting them to real numbers.</doc>
<status status="PASS" start="2024-05-25T06:19:29.266533" elapsed="0.000659"/>
</kw>
<kw name="Log" owner="BuiltIn">
<msg time="2024-05-25T06:19:29.267807" level="INFO">16874</msg>
<arg>${json_data['results'][0]['location']['postcode']}</arg>
<doc>Logs the given message with the given level.</doc>
<status status="PASS" start="2024-05-25T06:19:29.267456" elapsed="0.000394"/>
</kw>
<status status="PASS" start="2024-05-25T06:19:29.172377" elapsed="0.095741"/>
</kw>
<doc>Testa se os tipos de dados na resposta da API estão corretos.</doc>
<tag>testeTiposDados</tag>
<status status="PASS" start="2024-05-25T06:19:29.101349" elapsed="0.166947"/>
</test>
<test id="s1-s1-t5" name="Validar conteudo" line="35">
<kw name="Teste de Tipos de Conteudo" owner="random-user-service">
<kw name="GET On Session" owner="RequestsLibrary">
<msg time="2024-05-25T06:19:29.363618" level="INFO">GET Request : url=https://randomuser.me/api 
 path_url=/api 
 headers={'User-Agent': 'python-requests/2.32.2', 'Accept-Encoding': 'gzip, deflate', 'Accept': '*/*', 'Connection': 'keep-alive'} 
 body=None 
 </msg>
<msg time="2024-05-25T06:19:29.363735" level="INFO">GET Response : url=https://randomuser.me/api 
 status=200, reason=OK 
 headers={'Date': 'Sat, 25 May 2024 06:19:29 GMT', 'Content-Type': 'application/json; charset=utf-8', 'Transfer-Encoding': 'chunked', 'Connection': 'keep-alive', 'X-Powered-By': 'Express', 'Access-Control-Allow-Origin': '*', 'Cache-Control': 'no-cache', 'ETag': 'W/"489-EyVYlDM3woxGQkGaXJZrNnX8bsM"', 'Vary': 'Accept-Encoding', 'Content-Encoding': 'gzip', 'CF-Cache-Status': 'DYNAMIC', 'Report-To': '{"endpoints":[{"url":"https:\\/\\/a.nel.cloudflare.com\\/report\\/v4?s=jazzzH%2FnBbTdK2RXxsOnCXJo2kk1GwFr22ccsKJo%2FHRx%2BN%2FURVQczbMq8DnFwzk7zKQq3o3yOAI1w8HVgV2HbVqSBVIuuE4fQExnnt5IauHE9GMAvpSFdHw47mQcZ6eX"}],"group":"cf-nel","max_age":604800}', 'NEL': '{"success_fraction":0,"report_to":"cf-nel","max_age":604800}', 'Server': 'cloudflare', 'CF-RAY': '88936a03f83081c1-IAD', 'alt-svc': 'h3=":443"; ma=86400'} 
 body={"results":[{"gender":"male","name":{"title":"Mr","first":"Lucas","last":"Márquez"},"location":{"street":{"number":5500,"name":"Calle de Pedro Bosch"},"city":"Zaragoza","state":"Cataluña","country":"Spain","postcode":55416,"coordinates":{"latitude":"-30.5597","longitude":"-75.4797"},"timezone":{"offset":"+2:00","description":"Kaliningrad, South Africa"}},"email":"lucas.marquez@example.com","login":{"uuid":"a8889f68-6ab9-439d-8b02-f2a4d327f651","username":"beautifulcat971","password":"pokemon","salt":"xPTKoMZa","md5":"b8fa9a315ea7257af940dd6ac9a4b70f","sha1":"78c7f5908e5a6eb8485a2e839a7ed0b92d9b0d22","sha256":"bcadd94e148fbabbf5453743b6b0a0ba880d2fd39976821e381a9d27a4427576"},"dob":{"date":"1954-05-06T06:55:35.299Z","age":70},"registered":{"date":"2015-06-18T05:06:49.717Z","age":8},"phone":"982-149-430","cell":"609-347-336","id":{"name":"DNI","value":"89586038-P"},"picture":{"large":"https://randomuser.me/api/portraits/men/27.jpg","medium":"https://randomuser.me/api/portraits/med/men/27.jpg","thumbnail":"https://randomuser.me/api/portraits/thumb/men/27.jpg"},"nat":"ES"}],"info":{"seed":"a21c2296edb242e4","results":1,"page":1,"version":"1.4"}} 
 </msg>
<msg time="2024-05-25T06:19:29.363813" level="INFO">/opt/hostedtoolcache/Python/3.12.3/x64/lib/python3.12/site-packages/urllib3/connectionpool.py:1103: InsecureRequestWarning: Unverified HTTPS request is being made to host 'randomuser.me'. Adding certificate verification is strongly advised. See: https://urllib3.readthedocs.io/en/latest/advanced-usage.html#tls-warnings
  warnings.warn(</msg>
<msg time="2024-05-25T06:19:29.363935" level="INFO">${response} = &lt;Response [200]&gt;</msg>
<var>${response}</var>
<arg>consultarAPI</arg>
<arg>/api</arg>
<doc>Sends a GET request on a previously created HTTP Session.</doc>
<status status="PASS" start="2024-05-25T06:19:29.271133" elapsed="0.092839"/>
</kw>
<kw name="Set Variable" owner="BuiltIn">
<msg time="2024-05-25T06:19:29.365047" level="INFO">${json_data} = {'results': [{'gender': 'male', 'name': {'title': 'Mr', 'first': 'Lucas', 'last': 'Márquez'}, 'location': {'street': {'number': 5500, 'name': 'Calle de Pedro Bosch'}, 'city': 'Zaragoza', 'state': 'Cat...</msg>
<var>${json_data}</var>
<arg>${response.json()}</arg>
<doc>Returns the given values which can then be assigned to a variables.</doc>
<status status="PASS" start="2024-05-25T06:19:29.364517" elapsed="0.000560"/>
</kw>
<kw name="Set Variable" owner="BuiltIn">
<msg time="2024-05-25T06:19:29.365767" level="INFO">${name_title} = Mr</msg>
<var>${name_title}</var>
<arg>${json_data["results"][0]["name"]["title"]}</arg>
<doc>Returns the given values which can then be assigned to a variables.</doc>
<status status="PASS" start="2024-05-25T06:19:29.365388" elapsed="0.000405"/>
</kw>
<kw name="Create List" owner="BuiltIn">
<msg time="2024-05-25T06:19:29.366240" level="INFO">${allowed_titles} = ['Mr', 'Ms', 'Miss', 'Mrs', 'Madame', 'Monsieur']</msg>
<var>${allowed_titles}</var>
<arg>Mr</arg>
<arg>Ms</arg>
<arg>Miss</arg>
<arg>Mrs</arg>
<arg>Madame</arg>
<arg>Monsieur</arg>
<doc>Returns a list containing given items.</doc>
<status status="PASS" start="2024-05-25T06:19:29.366090" elapsed="0.000175"/>
</kw>
<kw name="List Should Contain Value" owner="Collections">
<msg time="2024-05-25T06:19:29.366734" level="INFO">False</msg>
<arg>${allowed_titles}</arg>
<arg>${name_title}</arg>
<doc>Fails if the ``value`` is not found from ``list``.</doc>
<status status="PASS" start="2024-05-25T06:19:29.366562" elapsed="0.000209"/>
</kw>
<kw name="Set Variable" owner="BuiltIn">
<msg time="2024-05-25T06:19:29.367666" level="INFO">${name_country} = ES</msg>
<var>${name_country}</var>
<arg>${json_data["results"][0]["nat"]}</arg>
<doc>Returns the given values which can then be assigned to a variables.</doc>
<status status="PASS" start="2024-05-25T06:19:29.367059" elapsed="0.000632"/>
</kw>
<kw name="Create List" owner="BuiltIn">
<msg time="2024-05-25T06:19:29.368603" level="INFO">${list_country} = ['AD', 'AE', 'AF', 'AG', 'AI', 'AL', 'AM', 'AO', 'AQ', 'AR', 'AS', 'AT', 'AU', 'AW', 'AX', 'AZ', 'BA', 'BB', 'BD', 'BE', 'BF', 'BG', 'BH', 'BI', 'BJ', 'BL', 'BM', 'BN', 'BO', 'BQ', 'BR', 'BS', 'BT', '...</msg>
<var>${list_country}</var>
<arg>AD</arg>
<arg>AE</arg>
<arg>AF</arg>
<arg>AG</arg>
<arg>AI</arg>
<arg>AL</arg>
<arg>AM</arg>
<arg>AO</arg>
<arg>AQ</arg>
<arg>AR</arg>
<arg>AS</arg>
<arg>AT</arg>
<arg>AU</arg>
<arg>AW</arg>
<arg>AX</arg>
<arg>AZ</arg>
<arg>BA</arg>
<arg>BB</arg>
<arg>BD</arg>
<arg>BE</arg>
<arg>BF</arg>
<arg>BG</arg>
<arg>BH</arg>
<arg>BI</arg>
<arg>BJ</arg>
<arg>BL</arg>
<arg>BM</arg>
<arg>BN</arg>
<arg>BO</arg>
<arg>BQ</arg>
<arg>BR</arg>
<arg>BS</arg>
<arg>BT</arg>
<arg>BV</arg>
<arg>BW</arg>
<arg>BY</arg>
<arg>BZ</arg>
<arg>CA</arg>
<arg>CC</arg>
<arg>CD</arg>
<arg>CF</arg>
<arg>CG</arg>
<arg>CH</arg>
<arg>CI</arg>
<arg>CK</arg>
<arg>CL</arg>
<arg>CM</arg>
<arg>CN</arg>
<arg>CO</arg>
<arg>CR</arg>
<arg>CU</arg>
<arg>CV</arg>
<arg>CW</arg>
<arg>CX</arg>
<arg>CY</arg>
<arg>CZ</arg>
<arg>DE</arg>
<arg>DJ</arg>
<arg>DK</arg>
<arg>DM</arg>
<arg>DO</arg>
<arg>DZ</arg>
<arg>EC</arg>
<arg>EE</arg>
<arg>EG</arg>
<arg>EH</arg>
<arg>ER</arg>
<arg>ES</arg>
<arg>ET</arg>
<arg>FI</arg>
<arg>FJ</arg>
<arg>FK</arg>
<arg>FM</arg>
<arg>FO</arg>
<arg>FR</arg>
<arg>GA</arg>
<arg>GB</arg>
<arg>GD</arg>
<arg>GE</arg>
<arg>GF</arg>
<arg>GG</arg>
<arg>GH</arg>
<arg>GI</arg>
<arg>GL</arg>
<arg>GM</arg>
<arg>GN</arg>
<arg>GP</arg>
<arg>GQ</arg>
<arg>GR</arg>
<arg>GS</arg>
<arg>GT</arg>
<arg>GU</arg>
<arg>GW</arg>
<arg>GY</arg>
<arg>HK</arg>
<arg>HM</arg>
<arg>HN</arg>
<arg>HR</arg>
<arg>HT</arg>
<arg>HU</arg>
<arg>ID</arg>
<arg>IE</arg>
<arg>IL</arg>
<arg>IM</arg>
<arg>IN</arg>
<arg>IO</arg>
<arg>IQ</arg>
<arg>IR</arg>
<arg>IS</arg>
<arg>IT</arg>
<arg>JE</arg>
<arg>JM</arg>
<arg>JO</arg>
<arg>JP</arg>
<arg>KE</arg>
<arg>KG</arg>
<arg>KH</arg>
<arg>KI</arg>
<arg>KM</arg>
<arg>KN</arg>
<arg>KP</arg>
<arg>KR</arg>
<arg>KW</arg>
<arg>KY</arg>
<arg>KZ</arg>
<arg>LA</arg>
<arg>LB</arg>
<arg>LC</arg>
<arg>LI</arg>
<arg>LK</arg>
<arg>LR</arg>
<arg>LS</arg>
<arg>LT</arg>
<arg>LU</arg>
<arg>LV</arg>
<arg>LY</arg>
<arg>MA</arg>
<arg>MC</arg>
<arg>MD</arg>
<arg>ME</arg>
<arg>MF</arg>
<arg>MG</arg>
<arg>MH</arg>
<arg>MK</arg>
<arg>ML</arg>
<arg>MM</arg>
<arg>MN</arg>
<arg>MO</arg>
<arg>MP</arg>
<arg>MQ</arg>
<arg>MR</arg>
<arg>MS</arg>
<arg>MT</arg>
<arg>MU</arg>
<arg>MV</arg>
<arg>MW</arg>
<arg>MX</arg>
<arg>MY</arg>
<arg>MZ</arg>
<arg>NA</arg>
<arg>NC</arg>
<arg>NE</arg>
<arg>NF</arg>
<arg>NG</arg>
<arg>NI</arg>
<arg>NL</arg>
<arg>NO</arg>
<arg>NP</arg>
<arg>NR</arg>
<arg>NU</arg>
<arg>NZ</arg>
<arg>OM</arg>
<arg>PA</arg>
<arg>PE</arg>
<arg>PF</arg>
<arg>PG</arg>
<arg>PH</arg>
<arg>PK</arg>
<arg>PL</arg>
<arg>PM</arg>
<arg>PN</arg>
<arg>PR</arg>
<arg>PS</arg>
<arg>PT</arg>
<arg>PW</arg>
<arg>PY</arg>
<arg>QA</arg>
<arg>RE</arg>
<arg>RO</arg>
<arg>RS</arg>
<arg>RU</arg>
<arg>RW</arg>
<arg>SA</arg>
<arg>SB</arg>
<arg>SC</arg>
<arg>SD</arg>
<arg>SE</arg>
<arg>SG</arg>
<arg>SH</arg>
<arg>SI</arg>
<arg>SJ</arg>
<arg>SK</arg>
<arg>SL</arg>
<arg>SM</arg>
<arg>SN</arg>
<arg>SO</arg>
<arg>SR</arg>
<arg>SS</arg>
<arg>ST</arg>
<arg>SV</arg>
<arg>SX</arg>
<arg>SY</arg>
<arg>SZ</arg>
<arg>TC</arg>
<arg>TD</arg>
<arg>TF</arg>
<arg>TG</arg>
<arg>TH</arg>
<arg>TJ</arg>
<arg>TK</arg>
<arg>TL</arg>
<arg>TM</arg>
<arg>TN</arg>
<arg>TO</arg>
<arg>TR</arg>
<arg>TT</arg>
<arg>TV</arg>
<arg>TW</arg>
<arg>TZ</arg>
<arg>UA</arg>
<arg>UG</arg>
<arg>UM</arg>
<arg>US</arg>
<arg>UY</arg>
<arg>UZ</arg>
<arg>VA</arg>
<arg>VC</arg>
<arg>VE</arg>
<arg>VG</arg>
<arg>VI</arg>
<arg>VN</arg>
<arg>VU</arg>
<arg>WF</arg>
<arg>WS</arg>
<arg>XK</arg>
<arg>YE</arg>
<arg>YT</arg>
<arg>ZA</arg>
<arg>ZM</arg>
<arg>ZW</arg>
<doc>Returns a list containing given items.</doc>
<status status="PASS" start="2024-05-25T06:19:29.368001" elapsed="0.000626"/>
</kw>
<kw name="List Should Contain Value" owner="Collections">
<msg time="2024-05-25T06:19:29.369612" level="INFO">False</msg>
<arg>${list_country}</arg>
<arg>${name_country}</arg>
<doc>Fails if the ``value`` is not found from ``list``.</doc>
<status status="PASS" start="2024-05-25T06:19:29.369409" elapsed="0.000238"/>
</kw>
<kw name="Run Keyword If" owner="BuiltIn">
<kw name="Should Be True" owner="BuiltIn">
<arg>${True}</arg>
<doc>Fails if the given condition is not true.</doc>
<status status="PASS" start="2024-05-25T06:19:29.370700" elapsed="0.000144"/>
</kw>
<arg>${json_data["results"][0]["location"]["coordinates"]["latitude"]} &gt;= -90 and ${json_data["results"][0]["location"]["coordinates"]["latitude"]} &lt;= 90</arg>
<arg>Should Be True</arg>
<arg>${True}</arg>
<doc>Runs the given keyword with the given arguments, if ``condition`` is true.</doc>
<status status="PASS" start="2024-05-25T06:19:29.369954" elapsed="0.001017"/>
</kw>
<kw name="Run Keyword If" owner="BuiltIn">
<kw name="Should Be True" owner="BuiltIn">
<arg>${True}</arg>
<doc>Fails if the given condition is not true.</doc>
<status status="PASS" start="2024-05-25T06:19:29.371869" elapsed="0.000138"/>
</kw>
<arg>${json_data["results"][0]["location"]["coordinates"]["longitude"]} &gt;= -180 and ${json_data["results"][0]["location"]["coordinates"]["longitude"]} &lt;= 180</arg>
<arg>Should Be True</arg>
<arg>${True}</arg>
<doc>Runs the given keyword with the given arguments, if ``condition`` is true.</doc>
<status status="PASS" start="2024-05-25T06:19:29.371154" elapsed="0.000975"/>
</kw>
<status status="PASS" start="2024-05-25T06:19:29.270739" elapsed="0.101520"/>
</kw>
<doc>Testa o conteúdo específico dos campos retornados pela API.</doc>
<tag>testeConteudo</tag>
<status status="PASS" start="2024-05-25T06:19:29.270062" elapsed="0.102346"/>
</test>
<status status="PASS" start="2024-05-25T06:19:28.529698" elapsed="0.844587"/>
</suite>
<status status="PASS" start="2024-05-25T06:19:28.515888" elapsed="0.863534"/>
</suite>
<statistics>
<total>
<stat pass="5" fail="0" skip="0">All Tests</stat>
</total>
<tag>
<stat pass="1" fail="0" skip="0">testeConteudo</stat>
<stat pass="1" fail="0" skip="0">testeEstruturaResposta</stat>
<stat pass="1" fail="0" skip="0">testeRequisicaoBasica</stat>
<stat pass="1" fail="0" skip="0">testeTiposDados</stat>
</tag>
<suite>
<stat pass="5" fail="0" skip="0" id="s1" name="Tests">Tests</stat>
<stat pass="5" fail="0" skip="0" id="s1-s1" name="Random-User-Test">Tests.Random-User-Test</stat>
</suite>
</statistics>
<errors>
</errors>
</robot>
