<?xml version="1.0" encoding="UTF-8"?>
<robot generator="Robot 7.0.1 (Python 3.12.4 on linux)" generated="2024-07-07T13:15:17.745051" rpa="false" schemaversion="5">
<suite id="s1" name="Tests" source="/home/runner/work/ApiRandomUser/ApiRandomUser/RamdonUser/tests">
<suite id="s1-s1" name="Random-User-Test" source="/home/runner/work/ApiRandomUser/ApiRandomUser/RamdonUser/tests/random-user-test.robot">
<test id="s1-s1-t1" name="Conectar" line="13">
<kw name="Conectar API" owner="random-user-service">
<kw name="Create Session" owner="RequestsLibrary">
<msg time="2024-07-07T13:15:18.157809" level="INFO">Creating Session using : alias=consultarAPI, url=https://randomuser.me/, headers={},                     cookies={}, auth=None, timeout=None, proxies=None, verify=False,                     debug=0 </msg>
<arg>consultarAPI</arg>
<arg>${URL}</arg>
<doc>Create Session: create a HTTP session to a server</doc>
<status status="PASS" start="2024-07-07T13:15:18.157602" elapsed="0.000403"/>
</kw>
<status status="PASS" start="2024-07-07T13:15:18.156620" elapsed="0.001781"/>
</kw>
<status status="PASS" start="2024-07-07T13:15:18.156060" elapsed="0.002535"/>
</test>
<test id="s1-s1-t2" name="Validar retorno 200 e JSON Válido" line="16">
<kw name="Teste de Requisicao Basica" owner="random-user-service">
<kw name="GET On Session" owner="RequestsLibrary">
<msg time="2024-07-07T13:15:18.277476" level="INFO">GET Request : url=https://randomuser.me/api 
 path_url=/api 
 headers={'User-Agent': 'python-requests/2.32.3', 'Accept-Encoding': 'gzip, deflate', 'Accept': '*/*', 'Connection': 'keep-alive'} 
 body=None 
 </msg>
<msg time="2024-07-07T13:15:18.277633" level="INFO">GET Response : url=https://randomuser.me/api 
 status=200, reason=OK 
 headers={'Date': 'Sun, 07 Jul 2024 13:15:18 GMT', 'Content-Type': 'application/json; charset=utf-8', 'Transfer-Encoding': 'chunked', 'Connection': 'keep-alive', 'X-Powered-By': 'Express', 'Access-Control-Allow-Origin': '*', 'Cache-Control': 'no-cache', 'ETag': 'W/"484-p0FV7ExQ689te77Moo2jWS9Q+KI"', 'Vary': 'Accept-Encoding', 'Content-Encoding': 'gzip', 'CF-Cache-Status': 'DYNAMIC', 'Report-To': '{"endpoints":[{"url":"https:\\/\\/a.nel.cloudflare.com\\/report\\/v4?s=E1h5md%2FdvzcfG03Pm5QirFeWZEm%2FXs27gdhm0lMj1Ic3737uLqjgBejla9Ge18J5XYhTaafCgGeML8WlmOu3J2hSVErrb9eqEJtcSzQHAIEAH5le78%2BPWKOFktziElTO"}],"group":"cf-nel","max_age":604800}', 'NEL': '{"success_fraction":0,"report_to":"cf-nel","max_age":604800}', 'Server': 'cloudflare', 'CF-RAY': '89f81a3ebafbd011-SJC', 'alt-svc': 'h3=":443"; ma=86400'} 
 body={"results":[{"gender":"male","name":{"title":"Mr","first":"Alan","last":"Baker"},"location":{"street":{"number":7216,"name":"Park Avenue"},"city":"Rush","state":"Roscommon","country":"Ireland","postcode":59828,"coordinates":{"latitude":"-0.9234","longitude":"-75.1678"},"timezone":{"offset":"-6:00","description":"Central Time (US &amp; Canada), Mexico City"}},"email":"alan.baker@example.com","login":{"uuid":"003b9cc8-07af-482d-9a47-cef4fd7df4c2","username":"goldenladybug791","password":"pacers","salt":"bCO8IkZe","md5":"c16263f7ce20c6c083dd052686758b5c","sha1":"cd6198aae6d7bb98ccd49559e45791b5b33b987f","sha256":"4b88ebf2ea9396e0273f798d44e4dc36d43b52bbe78a0e3cecdf3ff7613e31c8"},"dob":{"date":"1997-06-16T12:01:17.311Z","age":27},"registered":{"date":"2022-03-20T12:51:14.897Z","age":2},"phone":"071-848-9371","cell":"081-087-2966","id":{"name":"PPS","value":"8619560T"},"picture":{"large":"https://randomuser.me/api/portraits/men/26.jpg","medium":"https://randomuser.me/api/portraits/med/men/26.jpg","thumbnail":"https://randomuser.me/api/portraits/thumb/men/26.jpg"},"nat":"IE"}],"info":{"seed":"2232bcf4069f8797","results":1,"page":1,"version":"1.4"}} 
 </msg>
<msg time="2024-07-07T13:15:18.277717" level="INFO">/opt/hostedtoolcache/Python/3.12.4/x64/lib/python3.12/site-packages/urllib3/connectionpool.py:1099: InsecureRequestWarning: Unverified HTTPS request is being made to host 'randomuser.me'. Adding certificate verification is strongly advised. See: https://urllib3.readthedocs.io/en/latest/advanced-usage.html#tls-warnings
  warnings.warn(</msg>
<msg time="2024-07-07T13:15:18.277875" level="INFO">${response} = &lt;Response [200]&gt;</msg>
<var>${response}</var>
<arg>consultarAPI</arg>
<arg>/api</arg>
<doc>Sends a GET request on a previously created HTTP Session.</doc>
<status status="PASS" start="2024-07-07T13:15:18.161217" elapsed="0.116699"/>
</kw>
<kw name="Should Be Equal As Numbers" owner="BuiltIn">
<msg time="2024-07-07T13:15:18.278964" level="INFO">Argument types are:
&lt;class 'int'&gt;
&lt;class 'str'&gt;</msg>
<arg>${response.status_code}</arg>
<arg>200</arg>
<doc>Fails if objects are unequal after converting them to real numbers.</doc>
<status status="PASS" start="2024-07-07T13:15:18.278490" elapsed="0.000542"/>
</kw>
<kw name="Log" owner="BuiltIn">
<msg time="2024-07-07T13:15:18.279727" level="INFO">200</msg>
<arg>${response.status_code}</arg>
<doc>Logs the given message with the given level.</doc>
<status status="PASS" start="2024-07-07T13:15:18.279366" elapsed="0.000405"/>
</kw>
<kw name="Set Variable" owner="BuiltIn">
<msg time="2024-07-07T13:15:18.280527" level="INFO">${json_data} = {'results': [{'gender': 'male', 'name': {'title': 'Mr', 'first': 'Alan', 'last': 'Baker'}, 'location': {'street': {'number': 7216, 'name': 'Park Avenue'}, 'city': 'Rush', 'state': 'Roscommon', 'countr...</msg>
<var>${json_data}</var>
<arg>${response.json()}</arg>
<doc>Returns the given values which can then be assigned to a variables.</doc>
<status status="PASS" start="2024-07-07T13:15:18.280084" elapsed="0.000472"/>
</kw>
<kw name="Dictionary Should Contain Key" owner="Collections">
<arg>${json_data}</arg>
<arg>results</arg>
<doc>Fails if ``key`` is not found from ``dictionary``.</doc>
<status status="PASS" start="2024-07-07T13:15:18.280863" elapsed="0.000168"/>
</kw>
<status status="PASS" start="2024-07-07T13:15:18.160975" elapsed="0.120213"/>
</kw>
<doc>Testa se a API responde corretamente e retorna um objeto JSON válido.</doc>
<tag>testeRequisicaoBasica</tag>
<status status="PASS" start="2024-07-07T13:15:18.160447" elapsed="0.120950"/>
</test>
<test id="s1-s1-t3" name="Validar estrutura de resposta" line="22">
<kw name="Teste de Estrutura de Resposta" owner="random-user-service">
<kw name="GET On Session" owner="RequestsLibrary">
<msg time="2024-07-07T13:15:18.606281" level="INFO">GET Request : url=https://randomuser.me/api 
 path_url=/api 
 headers={'User-Agent': 'python-requests/2.32.3', 'Accept-Encoding': 'gzip, deflate', 'Accept': '*/*', 'Connection': 'keep-alive'} 
 body=None 
 </msg>
<msg time="2024-07-07T13:15:18.606393" level="INFO">GET Response : url=https://randomuser.me/api 
 status=200, reason=OK 
 headers={'Date': 'Sun, 07 Jul 2024 13:15:18 GMT', 'Content-Type': 'application/json; charset=utf-8', 'Transfer-Encoding': 'chunked', 'Connection': 'keep-alive', 'X-Powered-By': 'Express', 'Access-Control-Allow-Origin': '*', 'Cache-Control': 'no-cache', 'ETag': 'W/"4a2-4XutkUt7LTlaZPcKBIeDUoXV9tY"', 'Vary': 'Accept-Encoding', 'Content-Encoding': 'gzip', 'CF-Cache-Status': 'DYNAMIC', 'Report-To': '{"endpoints":[{"url":"https:\\/\\/a.nel.cloudflare.com\\/report\\/v4?s=zGLMPU5Dtq%2BLnMVxkiyyDcUwgv6izTcjRflJKCx8mgf147GplPATqi8M%2BSE9KzXQrp5x8ra4vdF%2FqbJEQKdAckwi6yoL5PR8UORyerRnkaa4muqxRb0nSz4CNI4b6Kri"}],"group":"cf-nel","max_age":604800}', 'NEL': '{"success_fraction":0,"report_to":"cf-nel","max_age":604800}', 'Server': 'cloudflare', 'CF-RAY': '89f81a3f4b2ad011-SJC', 'alt-svc': 'h3=":443"; ma=86400'} 
 body={"results":[{"gender":"male","name":{"title":"Mr","first":"Sasha","last":"Leclercq"},"location":{"street":{"number":7903,"name":"Rue du Bât-D'Argent"},"city":"Pau","state":"Seine-Maritime","country":"France","postcode":77314,"coordinates":{"latitude":"-13.8140","longitude":"-22.1536"},"timezone":{"offset":"+8:00","description":"Beijing, Perth, Singapore, Hong Kong"}},"email":"sasha.leclercq@example.com","login":{"uuid":"d8dccadb-6db0-44c7-968b-103f2a15c8d7","username":"orangepanda202","password":"ghost","salt":"A1SasYDe","md5":"e8a3679ecc29725943d02f469237d56a","sha1":"f88d7f9cdce5652fe8454e0bcf25a5b9871e88e4","sha256":"0804741c4540c938db22b97def16d074b2d954ddfa197f919c4072e2bceec16a"},"dob":{"date":"1947-05-26T09:09:01.897Z","age":77},"registered":{"date":"2007-03-15T03:08:47.099Z","age":17},"phone":"01-60-37-58-48","cell":"06-68-41-34-23","id":{"name":"INSEE","value":"1470497222514 43"},"picture":{"large":"https://randomuser.me/api/portraits/men/99.jpg","medium":"https://randomuser.me/api/portraits/med/men/99.jpg","thumbnail":"https://randomuser.me/api/portraits/thumb/men/99.jpg"},"nat":"FR"}],"info":{"seed":"041442728e79ed62","results":1,"page":1,"version":"1.4"}} 
 </msg>
<msg time="2024-07-07T13:15:18.606542" level="INFO">/opt/hostedtoolcache/Python/3.12.4/x64/lib/python3.12/site-packages/urllib3/connectionpool.py:1099: InsecureRequestWarning: Unverified HTTPS request is being made to host 'randomuser.me'. Adding certificate verification is strongly advised. See: https://urllib3.readthedocs.io/en/latest/advanced-usage.html#tls-warnings
  warnings.warn(</msg>
<msg time="2024-07-07T13:15:18.606701" level="INFO">${response} = &lt;Response [200]&gt;</msg>
<var>${response}</var>
<arg>consultarAPI</arg>
<arg>/api</arg>
<doc>Sends a GET request on a previously created HTTP Session.</doc>
<status status="PASS" start="2024-07-07T13:15:18.284205" elapsed="0.322534"/>
</kw>
<kw name="Set Variable" owner="BuiltIn">
<msg time="2024-07-07T13:15:18.607895" level="INFO">${json_data} = {'results': [{'gender': 'male', 'name': {'title': 'Mr', 'first': 'Sasha', 'last': 'Leclercq'}, 'location': {'street': {'number': 7903, 'name': "Rue du Bât-D'Argent"}, 'city': 'Pau', 'state': 'Seine-Ma...</msg>
<var>${json_data}</var>
<arg>${response.json()}</arg>
<doc>Returns the given values which can then be assigned to a variables.</doc>
<status status="PASS" start="2024-07-07T13:15:18.607348" elapsed="0.000576"/>
</kw>
<kw name="Log" owner="BuiltIn">
<msg time="2024-07-07T13:15:18.608397" level="INFO">{'results': [{'gender': 'male', 'name': {'title': 'Mr', 'first': 'Sasha', 'last': 'Leclercq'}, 'location': {'street': {'number': 7903, 'name': "Rue du Bât-D'Argent"}, 'city': 'Pau', 'state': 'Seine-Maritime', 'country': 'France', 'postcode': 77314, 'coordinates': {'latitude': '-13.8140', 'longitude': '-22.1536'}, 'timezone': {'offset': '+8:00', 'description': 'Beijing, Perth, Singapore, Hong Kong'}}, 'email': 'sasha.leclercq@example.com', 'login': {'uuid': 'd8dccadb-6db0-44c7-968b-103f2a15c8d7', 'username': 'orangepanda202', 'password': 'ghost', 'salt': 'A1SasYDe', 'md5': 'e8a3679ecc29725943d02f469237d56a', 'sha1': 'f88d7f9cdce5652fe8454e0bcf25a5b9871e88e4', 'sha256': '0804741c4540c938db22b97def16d074b2d954ddfa197f919c4072e2bceec16a'}, 'dob': {'date': '1947-05-26T09:09:01.897Z', 'age': 77}, 'registered': {'date': '2007-03-15T03:08:47.099Z', 'age': 17}, 'phone': '01-60-37-58-48', 'cell': '06-68-41-34-23', 'id': {'name': 'INSEE', 'value': '1470497222514 43'}, 'picture': {'large': 'https://randomuser.me/api/portraits/men/99.jpg', 'medium': 'https://randomuser.me/api/portraits/med/men/99.jpg', 'thumbnail': 'https://randomuser.me/api/portraits/thumb/men/99.jpg'}, 'nat': 'FR'}], 'info': {'seed': '041442728e79ed62', 'results': 1, 'page': 1, 'version': '1.4'}}</msg>
<arg>${json_data}</arg>
<doc>Logs the given message with the given level.</doc>
<status status="PASS" start="2024-07-07T13:15:18.608228" elapsed="0.000221"/>
</kw>
<kw name="Dictionary Should Contain Key" owner="Collections">
<arg>${json_data}</arg>
<arg>results</arg>
<doc>Fails if ``key`` is not found from ``dictionary``.</doc>
<status status="PASS" start="2024-07-07T13:15:18.608741" elapsed="0.000161"/>
</kw>
<kw name="Should Not Be Empty" owner="BuiltIn">
<msg time="2024-07-07T13:15:18.609224" level="INFO">Length is 2.</msg>
<arg>${json_data}</arg>
<doc>Verifies that the given item is not empty.</doc>
<status status="PASS" start="2024-07-07T13:15:18.609094" elapsed="0.000169"/>
</kw>
<kw name="Create List" owner="BuiltIn">
<msg time="2024-07-07T13:15:18.609710" level="INFO">${expected_keys} = ['gender', 'name', 'location', 'email', 'login']</msg>
<var>${expected_keys}</var>
<arg>gender</arg>
<arg>name</arg>
<arg>location</arg>
<arg>email</arg>
<arg>login</arg>
<doc>Returns a list containing given items.</doc>
<status status="PASS" start="2024-07-07T13:15:18.609562" elapsed="0.000172"/>
</kw>
<for flavor="IN">
<iter>
<kw name="Dictionary Should Contain Key" owner="Collections">
<arg>${json_data['results'][0]}</arg>
<arg>${key}</arg>
<doc>Fails if ``key`` is not found from ``dictionary``.</doc>
<status status="PASS" start="2024-07-07T13:15:18.610513" elapsed="0.000396"/>
</kw>
<kw name="Log" owner="BuiltIn">
<msg time="2024-07-07T13:15:18.611461" level="INFO">{'gender': 'male', 'name': {'title': 'Mr', 'first': 'Sasha', 'last': 'Leclercq'}, 'location': {'street': {'number': 7903, 'name': "Rue du Bât-D'Argent"}, 'city': 'Pau', 'state': 'Seine-Maritime', 'country': 'France', 'postcode': 77314, 'coordinates': {'latitude': '-13.8140', 'longitude': '-22.1536'}, 'timezone': {'offset': '+8:00', 'description': 'Beijing, Perth, Singapore, Hong Kong'}}, 'email': 'sasha.leclercq@example.com', 'login': {'uuid': 'd8dccadb-6db0-44c7-968b-103f2a15c8d7', 'username': 'orangepanda202', 'password': 'ghost', 'salt': 'A1SasYDe', 'md5': 'e8a3679ecc29725943d02f469237d56a', 'sha1': 'f88d7f9cdce5652fe8454e0bcf25a5b9871e88e4', 'sha256': '0804741c4540c938db22b97def16d074b2d954ddfa197f919c4072e2bceec16a'}, 'dob': {'date': '1947-05-26T09:09:01.897Z', 'age': 77}, 'registered': {'date': '2007-03-15T03:08:47.099Z', 'age': 17}, 'phone': '01-60-37-58-48', 'cell': '06-68-41-34-23', 'id': {'name': 'INSEE', 'value': '1470497222514 43'}, 'picture': {'large': 'https://randomuser.me/api/portraits/men/99.jpg', 'medium': 'https://randomuser.me/api/portraits/med/men/99.jpg', 'thumbnail': 'https://randomuser.me/api/portraits/thumb/men/99.jpg'}, 'nat': 'FR'}</msg>
<arg>${json_data['results'][0]}</arg>
<doc>Logs the given message with the given level.</doc>
<status status="PASS" start="2024-07-07T13:15:18.611099" elapsed="0.000413"/>
</kw>
<kw name="Log" owner="BuiltIn">
<msg time="2024-07-07T13:15:18.611938" level="INFO">gender</msg>
<arg>${key}</arg>
<doc>Logs the given message with the given level.</doc>
<status status="PASS" start="2024-07-07T13:15:18.611811" elapsed="0.000164"/>
</kw>
<var name="${key}">gender</var>
<status status="PASS" start="2024-07-07T13:15:18.610387" elapsed="0.001806"/>
</iter>
<iter>
<kw name="Dictionary Should Contain Key" owner="Collections">
<arg>${json_data['results'][0]}</arg>
<arg>${key}</arg>
<doc>Fails if ``key`` is not found from ``dictionary``.</doc>
<status status="PASS" start="2024-07-07T13:15:18.612491" elapsed="0.000385"/>
</kw>
<kw name="Log" owner="BuiltIn">
<msg time="2024-07-07T13:15:18.613443" level="INFO">{'gender': 'male', 'name': {'title': 'Mr', 'first': 'Sasha', 'last': 'Leclercq'}, 'location': {'street': {'number': 7903, 'name': "Rue du Bât-D'Argent"}, 'city': 'Pau', 'state': 'Seine-Maritime', 'country': 'France', 'postcode': 77314, 'coordinates': {'latitude': '-13.8140', 'longitude': '-22.1536'}, 'timezone': {'offset': '+8:00', 'description': 'Beijing, Perth, Singapore, Hong Kong'}}, 'email': 'sasha.leclercq@example.com', 'login': {'uuid': 'd8dccadb-6db0-44c7-968b-103f2a15c8d7', 'username': 'orangepanda202', 'password': 'ghost', 'salt': 'A1SasYDe', 'md5': 'e8a3679ecc29725943d02f469237d56a', 'sha1': 'f88d7f9cdce5652fe8454e0bcf25a5b9871e88e4', 'sha256': '0804741c4540c938db22b97def16d074b2d954ddfa197f919c4072e2bceec16a'}, 'dob': {'date': '1947-05-26T09:09:01.897Z', 'age': 77}, 'registered': {'date': '2007-03-15T03:08:47.099Z', 'age': 17}, 'phone': '01-60-37-58-48', 'cell': '06-68-41-34-23', 'id': {'name': 'INSEE', 'value': '1470497222514 43'}, 'picture': {'large': 'https://randomuser.me/api/portraits/men/99.jpg', 'medium': 'https://randomuser.me/api/portraits/med/men/99.jpg', 'thumbnail': 'https://randomuser.me/api/portraits/thumb/men/99.jpg'}, 'nat': 'FR'}</msg>
<arg>${json_data['results'][0]}</arg>
<doc>Logs the given message with the given level.</doc>
<status status="PASS" start="2024-07-07T13:15:18.613056" elapsed="0.000447"/>
</kw>
<kw name="Log" owner="BuiltIn">
<msg time="2024-07-07T13:15:18.613930" level="INFO">name</msg>
<arg>${key}</arg>
<doc>Logs the given message with the given level.</doc>
<status status="PASS" start="2024-07-07T13:15:18.613801" elapsed="0.000166"/>
</kw>
<var name="${key}">name</var>
<status status="PASS" start="2024-07-07T13:15:18.612376" elapsed="0.001808"/>
</iter>
<iter>
<kw name="Dictionary Should Contain Key" owner="Collections">
<arg>${json_data['results'][0]}</arg>
<arg>${key}</arg>
<doc>Fails if ``key`` is not found from ``dictionary``.</doc>
<status status="PASS" start="2024-07-07T13:15:18.614504" elapsed="0.000374"/>
</kw>
<kw name="Log" owner="BuiltIn">
<msg time="2024-07-07T13:15:18.615406" level="INFO">{'gender': 'male', 'name': {'title': 'Mr', 'first': 'Sasha', 'last': 'Leclercq'}, 'location': {'street': {'number': 7903, 'name': "Rue du Bât-D'Argent"}, 'city': 'Pau', 'state': 'Seine-Maritime', 'country': 'France', 'postcode': 77314, 'coordinates': {'latitude': '-13.8140', 'longitude': '-22.1536'}, 'timezone': {'offset': '+8:00', 'description': 'Beijing, Perth, Singapore, Hong Kong'}}, 'email': 'sasha.leclercq@example.com', 'login': {'uuid': 'd8dccadb-6db0-44c7-968b-103f2a15c8d7', 'username': 'orangepanda202', 'password': 'ghost', 'salt': 'A1SasYDe', 'md5': 'e8a3679ecc29725943d02f469237d56a', 'sha1': 'f88d7f9cdce5652fe8454e0bcf25a5b9871e88e4', 'sha256': '0804741c4540c938db22b97def16d074b2d954ddfa197f919c4072e2bceec16a'}, 'dob': {'date': '1947-05-26T09:09:01.897Z', 'age': 77}, 'registered': {'date': '2007-03-15T03:08:47.099Z', 'age': 17}, 'phone': '01-60-37-58-48', 'cell': '06-68-41-34-23', 'id': {'name': 'INSEE', 'value': '1470497222514 43'}, 'picture': {'large': 'https://randomuser.me/api/portraits/men/99.jpg', 'medium': 'https://randomuser.me/api/portraits/med/men/99.jpg', 'thumbnail': 'https://randomuser.me/api/portraits/thumb/men/99.jpg'}, 'nat': 'FR'}</msg>
<arg>${json_data['results'][0]}</arg>
<doc>Logs the given message with the given level.</doc>
<status status="PASS" start="2024-07-07T13:15:18.615058" elapsed="0.000398"/>
</kw>
<kw name="Log" owner="BuiltIn">
<msg time="2024-07-07T13:15:18.615878" level="INFO">location</msg>
<arg>${key}</arg>
<doc>Logs the given message with the given level.</doc>
<status status="PASS" start="2024-07-07T13:15:18.615753" elapsed="0.000162"/>
</kw>
<var name="${key}">location</var>
<status status="PASS" start="2024-07-07T13:15:18.614395" elapsed="0.001740"/>
</iter>
<iter>
<kw name="Dictionary Should Contain Key" owner="Collections">
<arg>${json_data['results'][0]}</arg>
<arg>${key}</arg>
<doc>Fails if ``key`` is not found from ``dictionary``.</doc>
<status status="PASS" start="2024-07-07T13:15:18.616422" elapsed="0.000388"/>
</kw>
<kw name="Log" owner="BuiltIn">
<msg time="2024-07-07T13:15:18.617352" level="INFO">{'gender': 'male', 'name': {'title': 'Mr', 'first': 'Sasha', 'last': 'Leclercq'}, 'location': {'street': {'number': 7903, 'name': "Rue du Bât-D'Argent"}, 'city': 'Pau', 'state': 'Seine-Maritime', 'country': 'France', 'postcode': 77314, 'coordinates': {'latitude': '-13.8140', 'longitude': '-22.1536'}, 'timezone': {'offset': '+8:00', 'description': 'Beijing, Perth, Singapore, Hong Kong'}}, 'email': 'sasha.leclercq@example.com', 'login': {'uuid': 'd8dccadb-6db0-44c7-968b-103f2a15c8d7', 'username': 'orangepanda202', 'password': 'ghost', 'salt': 'A1SasYDe', 'md5': 'e8a3679ecc29725943d02f469237d56a', 'sha1': 'f88d7f9cdce5652fe8454e0bcf25a5b9871e88e4', 'sha256': '0804741c4540c938db22b97def16d074b2d954ddfa197f919c4072e2bceec16a'}, 'dob': {'date': '1947-05-26T09:09:01.897Z', 'age': 77}, 'registered': {'date': '2007-03-15T03:08:47.099Z', 'age': 17}, 'phone': '01-60-37-58-48', 'cell': '06-68-41-34-23', 'id': {'name': 'INSEE', 'value': '1470497222514 43'}, 'picture': {'large': 'https://randomuser.me/api/portraits/men/99.jpg', 'medium': 'https://randomuser.me/api/portraits/med/men/99.jpg', 'thumbnail': 'https://randomuser.me/api/portraits/thumb/men/99.jpg'}, 'nat': 'FR'}</msg>
<arg>${json_data['results'][0]}</arg>
<doc>Logs the given message with the given level.</doc>
<status status="PASS" start="2024-07-07T13:15:18.616994" elapsed="0.000407"/>
</kw>
<kw name="Log" owner="BuiltIn">
<msg time="2024-07-07T13:15:18.617850" level="INFO">email</msg>
<arg>${key}</arg>
<doc>Logs the given message with the given level.</doc>
<status status="PASS" start="2024-07-07T13:15:18.617724" elapsed="0.000164"/>
</kw>
<var name="${key}">email</var>
<status status="PASS" start="2024-07-07T13:15:18.616306" elapsed="0.001803"/>
</iter>
<iter>
<kw name="Dictionary Should Contain Key" owner="Collections">
<arg>${json_data['results'][0]}</arg>
<arg>${key}</arg>
<doc>Fails if ``key`` is not found from ``dictionary``.</doc>
<status status="PASS" start="2024-07-07T13:15:18.618428" elapsed="0.000405"/>
</kw>
<kw name="Log" owner="BuiltIn">
<msg time="2024-07-07T13:15:18.619384" level="INFO">{'gender': 'male', 'name': {'title': 'Mr', 'first': 'Sasha', 'last': 'Leclercq'}, 'location': {'street': {'number': 7903, 'name': "Rue du Bât-D'Argent"}, 'city': 'Pau', 'state': 'Seine-Maritime', 'country': 'France', 'postcode': 77314, 'coordinates': {'latitude': '-13.8140', 'longitude': '-22.1536'}, 'timezone': {'offset': '+8:00', 'description': 'Beijing, Perth, Singapore, Hong Kong'}}, 'email': 'sasha.leclercq@example.com', 'login': {'uuid': 'd8dccadb-6db0-44c7-968b-103f2a15c8d7', 'username': 'orangepanda202', 'password': 'ghost', 'salt': 'A1SasYDe', 'md5': 'e8a3679ecc29725943d02f469237d56a', 'sha1': 'f88d7f9cdce5652fe8454e0bcf25a5b9871e88e4', 'sha256': '0804741c4540c938db22b97def16d074b2d954ddfa197f919c4072e2bceec16a'}, 'dob': {'date': '1947-05-26T09:09:01.897Z', 'age': 77}, 'registered': {'date': '2007-03-15T03:08:47.099Z', 'age': 17}, 'phone': '01-60-37-58-48', 'cell': '06-68-41-34-23', 'id': {'name': 'INSEE', 'value': '1470497222514 43'}, 'picture': {'large': 'https://randomuser.me/api/portraits/men/99.jpg', 'medium': 'https://randomuser.me/api/portraits/med/men/99.jpg', 'thumbnail': 'https://randomuser.me/api/portraits/thumb/men/99.jpg'}, 'nat': 'FR'}</msg>
<arg>${json_data['results'][0]}</arg>
<doc>Logs the given message with the given level.</doc>
<status status="PASS" start="2024-07-07T13:15:18.619029" elapsed="0.000406"/>
</kw>
<kw name="Log" owner="BuiltIn">
<msg time="2024-07-07T13:15:18.619859" level="INFO">login</msg>
<arg>${key}</arg>
<doc>Logs the given message with the given level.</doc>
<status status="PASS" start="2024-07-07T13:15:18.619731" elapsed="0.000165"/>
</kw>
<var name="${key}">login</var>
<status status="PASS" start="2024-07-07T13:15:18.618314" elapsed="0.001805"/>
</iter>
<var>${key}</var>
<value>@{expected_keys}</value>
<status status="PASS" start="2024-07-07T13:15:18.610160" elapsed="0.010081"/>
</for>
<kw name="Create List" owner="BuiltIn">
<msg time="2024-07-07T13:15:18.620611" level="INFO">${expected_keysTwo} = ['username', 'password']</msg>
<var>${expected_keysTwo}</var>
<arg>username</arg>
<arg>password</arg>
<doc>Returns a list containing given items.</doc>
<status status="PASS" start="2024-07-07T13:15:18.620463" elapsed="0.000172"/>
</kw>
<for flavor="IN">
<iter>
<kw name="Dictionary Should Contain Key" owner="Collections">
<arg>${json_data['results'][0]['login']}</arg>
<arg>${keyTwo}</arg>
<doc>Fails if ``key`` is not found from ``dictionary``.</doc>
<status status="PASS" start="2024-07-07T13:15:18.621136" elapsed="0.000381"/>
</kw>
<kw name="Dictionary Should Contain Key" owner="Collections">
<arg>${json_data['results'][0]['login']}</arg>
<arg>${keyTwo}</arg>
<doc>Fails if ``key`` is not found from ``dictionary``.</doc>
<status status="PASS" start="2024-07-07T13:15:18.621701" elapsed="0.000375"/>
</kw>
<kw name="Log" owner="BuiltIn">
<msg time="2024-07-07T13:15:18.622432" level="INFO">username</msg>
<arg>${keyTwo}</arg>
<doc>Logs the given message with the given level.</doc>
<status status="PASS" start="2024-07-07T13:15:18.622296" elapsed="0.000183"/>
</kw>
<var name="${keyTwo}">username</var>
<status status="PASS" start="2024-07-07T13:15:18.621030" elapsed="0.001683"/>
</iter>
<iter>
<kw name="Dictionary Should Contain Key" owner="Collections">
<arg>${json_data['results'][0]['login']}</arg>
<arg>${keyTwo}</arg>
<doc>Fails if ``key`` is not found from ``dictionary``.</doc>
<status status="PASS" start="2024-07-07T13:15:18.622994" elapsed="0.000383"/>
</kw>
<kw name="Dictionary Should Contain Key" owner="Collections">
<arg>${json_data['results'][0]['login']}</arg>
<arg>${keyTwo}</arg>
<doc>Fails if ``key`` is not found from ``dictionary``.</doc>
<status status="PASS" start="2024-07-07T13:15:18.623559" elapsed="0.000366"/>
</kw>
<kw name="Log" owner="BuiltIn">
<msg time="2024-07-07T13:15:18.624223" level="INFO">password</msg>
<arg>${keyTwo}</arg>
<doc>Logs the given message with the given level.</doc>
<status status="PASS" start="2024-07-07T13:15:18.624104" elapsed="0.000164"/>
</kw>
<var name="${keyTwo}">password</var>
<status status="PASS" start="2024-07-07T13:15:18.622887" elapsed="0.001606"/>
</iter>
<var>${keyTwo}</var>
<value>@{expected_keysTwo}</value>
<status status="PASS" start="2024-07-07T13:15:18.620876" elapsed="0.003740"/>
</for>
<status status="PASS" start="2024-07-07T13:15:18.283970" elapsed="0.340792"/>
</kw>
<doc>Testa a estrutura da resposta da API.</doc>
<tag>testeEstruturaResposta</tag>
<status status="PASS" start="2024-07-07T13:15:18.283347" elapsed="0.341578"/>
</test>
<test id="s1-s1-t4" name="Validar tipos de dados" line="28">
<kw name="Teste de Tipos de Dados" owner="random-user-service">
<kw name="GET On Session" owner="RequestsLibrary">
<msg time="2024-07-07T13:15:18.726628" level="INFO">GET Request : url=https://randomuser.me/api 
 path_url=/api 
 headers={'User-Agent': 'python-requests/2.32.3', 'Accept-Encoding': 'gzip, deflate', 'Accept': '*/*', 'Connection': 'keep-alive'} 
 body=None 
 </msg>
<msg time="2024-07-07T13:15:18.726742" level="INFO">GET Response : url=https://randomuser.me/api 
 status=200, reason=OK 
 headers={'Date': 'Sun, 07 Jul 2024 13:15:18 GMT', 'Content-Type': 'application/json; charset=utf-8', 'Transfer-Encoding': 'chunked', 'Connection': 'keep-alive', 'X-Powered-By': 'Express', 'Access-Control-Allow-Origin': '*', 'Cache-Control': 'no-cache', 'ETag': 'W/"486-ou6NZ4dvO2Q+hLfI9LGWmKTALxk"', 'Vary': 'Accept-Encoding', 'Content-Encoding': 'gzip', 'CF-Cache-Status': 'DYNAMIC', 'Report-To': '{"endpoints":[{"url":"https:\\/\\/a.nel.cloudflare.com\\/report\\/v4?s=pbvbENlvS89oWZsc7%2FG8A7xONITXmNaXj%2FUHd%2B14EUExP0Mwn4Qnm2FrcQow4MoE5d1mGN1u%2Bkx2krvAynR6ygquPxamuSOm9ZLOLFdeVbr0qmNUm%2BQSCnluEL4A1X9B"}],"group":"cf-nel","max_age":604800}', 'NEL': '{"success_fraction":0,"report_to":"cf-nel","max_age":604800}', 'Server': 'cloudflare', 'CF-RAY': '89f81a417c06d011-SJC', 'alt-svc': 'h3=":443"; ma=86400'} 
 body={"results":[{"gender":"female","name":{"title":"Ms","first":"محیا","last":"احمدی"},"location":{"street":{"number":6900,"name":"دکتر چمران"},"city":"سبزوار","state":"آذربایجان شرقی","country":"Iran","postcode":43468,"coordinates":{"latitude":"20.6680","longitude":"70.8619"},"timezone":{"offset":"-9:00","description":"Alaska"}},"email":"mhy.hmdy@example.com","login":{"uuid":"a0f1b480-59b4-4dab-9042-f01892c03cb9","username":"blackzebra136","password":"cookie","salt":"MRs1NSZc","md5":"5fb02fcc3aa692c81d008862e8c4dd86","sha1":"d6f97f7febb827344f3b0685791c29ac8a3443ca","sha256":"1f1c7430a7e8d09e43246583c0bc7a885c2f2e76d38f38fb5b49e8c28d2594aa"},"dob":{"date":"1948-06-29T06:23:59.677Z","age":76},"registered":{"date":"2012-05-01T16:29:33.356Z","age":12},"phone":"017-02776013","cell":"0983-319-4474","id":{"name":"","value":null},"picture":{"large":"https://randomuser.me/api/portraits/women/56.jpg","medium":"https://randomuser.me/api/portraits/med/women/56.jpg","thumbnail":"https://randomuser.me/api/portraits/thumb/women/56.jpg"},"nat":"IR"}],"info":{"seed":"6b13e2ab77c4d063","results":1,"page":1,"version":"1.4"}} 
 </msg>
<msg time="2024-07-07T13:15:18.726831" level="INFO">/opt/hostedtoolcache/Python/3.12.4/x64/lib/python3.12/site-packages/urllib3/connectionpool.py:1099: InsecureRequestWarning: Unverified HTTPS request is being made to host 'randomuser.me'. Adding certificate verification is strongly advised. See: https://urllib3.readthedocs.io/en/latest/advanced-usage.html#tls-warnings
  warnings.warn(</msg>
<msg time="2024-07-07T13:15:18.726951" level="INFO">${response} = &lt;Response [200]&gt;</msg>
<var>${response}</var>
<arg>consultarAPI</arg>
<arg>/api</arg>
<doc>Sends a GET request on a previously created HTTP Session.</doc>
<status status="PASS" start="2024-07-07T13:15:18.627644" elapsed="0.099350"/>
</kw>
<kw name="Set Variable" owner="BuiltIn">
<msg time="2024-07-07T13:15:18.728078" level="INFO">${json_data} = {'results': [{'gender': 'female', 'name': {'title': 'Ms', 'first': 'محیا', 'last': 'احمدی'}, 'location': {'street': {'number': 6900, 'name': 'دکتر چمران'}, 'city': 'سبزوار', 'state': 'آذربایجان شرقی',...</msg>
<var>${json_data}</var>
<arg>${response.json()}</arg>
<doc>Returns the given values which can then be assigned to a variables.</doc>
<status status="PASS" start="2024-07-07T13:15:18.727526" elapsed="0.000587"/>
</kw>
<kw name="Log" owner="BuiltIn">
<msg time="2024-07-07T13:15:18.728596" level="INFO">{'results': [{'gender': 'female', 'name': {'title': 'Ms', 'first': 'محیا', 'last': 'احمدی'}, 'location': {'street': {'number': 6900, 'name': 'دکتر چمران'}, 'city': 'سبزوار', 'state': 'آذربایجان شرقی', 'country': 'Iran', 'postcode': 43468, 'coordinates': {'latitude': '20.6680', 'longitude': '70.8619'}, 'timezone': {'offset': '-9:00', 'description': 'Alaska'}}, 'email': 'mhy.hmdy@example.com', 'login': {'uuid': 'a0f1b480-59b4-4dab-9042-f01892c03cb9', 'username': 'blackzebra136', 'password': 'cookie', 'salt': 'MRs1NSZc', 'md5': '5fb02fcc3aa692c81d008862e8c4dd86', 'sha1': 'd6f97f7febb827344f3b0685791c29ac8a3443ca', 'sha256': '1f1c7430a7e8d09e43246583c0bc7a885c2f2e76d38f38fb5b49e8c28d2594aa'}, 'dob': {'date': '1948-06-29T06:23:59.677Z', 'age': 76}, 'registered': {'date': '2012-05-01T16:29:33.356Z', 'age': 12}, 'phone': '017-02776013', 'cell': '0983-319-4474', 'id': {'name': '', 'value': None}, 'picture': {'large': 'https://randomuser.me/api/portraits/women/56.jpg', 'medium': 'https://randomuser.me/api/portraits/med/women/56.jpg', 'thumbnail': 'https://randomuser.me/api/portraits/thumb/women/56.jpg'}, 'nat': 'IR'}], 'info': {'seed': '6b13e2ab77c4d063', 'results': 1, 'page': 1, 'version': '1.4'}}</msg>
<arg>${json_data}</arg>
<doc>Logs the given message with the given level.</doc>
<status status="PASS" start="2024-07-07T13:15:18.728435" elapsed="0.000216"/>
</kw>
<kw name="Should Be String" owner="String">
<arg>${json_data['results'][0]['gender']}</arg>
<doc>Fails if the given ``item`` is not a string.</doc>
<status status="PASS" start="2024-07-07T13:15:18.728954" elapsed="0.000367"/>
</kw>
<kw name="Should Match Regexp" owner="BuiltIn">
<arg>${json_data['results'][0]['email']}</arg>
<arg>^[a-zA-Z0-9._%+-]+@[a-zA-Z0-9.-]+\.[a-zA-Z]{2,}$</arg>
<doc>Fails if ``string`` does not match ``pattern`` as a regular expression.</doc>
<status status="PASS" start="2024-07-07T13:15:18.729552" elapsed="0.000527"/>
</kw>
<kw name="Should Match Regexp" owner="BuiltIn">
<arg>${json_data['results'][0]['dob']['date']}</arg>
<arg>\\d{4}-\\d{2}-\\d{2}T\\d{2}:\\d{2}:\\d{2}\\.\\d{3}Z</arg>
<doc>Fails if ``string`` does not match ``pattern`` as a regular expression.</doc>
<status status="PASS" start="2024-07-07T13:15:18.730323" elapsed="0.000506"/>
</kw>
<kw name="Should Match Regexp" owner="BuiltIn">
<arg>${json_data['results'][0]['registered']['date']}</arg>
<arg>\\d{4}-\\d{2}-\\d{2}T\\d{2}:\\d{2}:\\d{2}\\.\\d{3}Z</arg>
<doc>Fails if ``string`` does not match ``pattern`` as a regular expression.</doc>
<status status="PASS" start="2024-07-07T13:15:18.731024" elapsed="0.000369"/>
</kw>
<kw name="Should Match Regexp" owner="BuiltIn">
<arg>${json_data['results'][0]['picture']['large']}</arg>
<arg>^https?://.*\.(?:png|jpe?g|gif|bmp)$</arg>
<doc>Fails if ``string`` does not match ``pattern`` as a regular expression.</doc>
<status status="PASS" start="2024-07-07T13:15:18.731582" elapsed="0.000454"/>
</kw>
<kw name="Should Match Regexp" owner="BuiltIn">
<arg>${json_data['results'][0]['picture']['medium']}</arg>
<arg>^https?://.*\.(?:png|jpe?g|gif|bmp)$</arg>
<doc>Fails if ``string`` does not match ``pattern`` as a regular expression.</doc>
<status status="PASS" start="2024-07-07T13:15:18.732227" elapsed="0.000352"/>
</kw>
<kw name="Should Match Regexp" owner="BuiltIn">
<arg>${json_data['results'][0]['picture']['thumbnail']}</arg>
<arg>^https?://.*\.(?:png|jpe?g|gif|bmp)$</arg>
<doc>Fails if ``string`` does not match ``pattern`` as a regular expression.</doc>
<status status="PASS" start="2024-07-07T13:15:18.732769" elapsed="0.000353"/>
</kw>
<kw name="Log" owner="BuiltIn">
<msg time="2024-07-07T13:15:18.733644" level="INFO">{'large': 'https://randomuser.me/api/portraits/women/56.jpg', 'medium': 'https://randomuser.me/api/portraits/med/women/56.jpg', 'thumbnail': 'https://randomuser.me/api/portraits/thumb/women/56.jpg'}</msg>
<arg>${json_data['results'][0]['picture']}</arg>
<doc>Logs the given message with the given level.</doc>
<status status="PASS" start="2024-07-07T13:15:18.733310" elapsed="0.000378"/>
</kw>
<status status="PASS" start="2024-07-07T13:15:18.627415" elapsed="0.106537"/>
</kw>
<kw name="Teste de Tipos de Dados - Postcode" owner="random-user-service">
<kw name="GET On Session" owner="RequestsLibrary">
<msg time="2024-07-07T13:15:18.833638" level="INFO">GET Request : url=https://randomuser.me/api 
 path_url=/api 
 headers={'User-Agent': 'python-requests/2.32.3', 'Accept-Encoding': 'gzip, deflate', 'Accept': '*/*', 'Connection': 'keep-alive'} 
 body=None 
 </msg>
<msg time="2024-07-07T13:15:18.833750" level="INFO">GET Response : url=https://randomuser.me/api 
 status=200, reason=OK 
 headers={'Date': 'Sun, 07 Jul 2024 13:15:18 GMT', 'Content-Type': 'application/json; charset=utf-8', 'Transfer-Encoding': 'chunked', 'Connection': 'keep-alive', 'X-Powered-By': 'Express', 'Access-Control-Allow-Origin': '*', 'Cache-Control': 'no-cache', 'ETag': 'W/"49e-mROzG/a5zK15JLkjBIgrKrnD9nA"', 'Vary': 'Accept-Encoding', 'Content-Encoding': 'gzip', 'CF-Cache-Status': 'DYNAMIC', 'Report-To': '{"endpoints":[{"url":"https:\\/\\/a.nel.cloudflare.com\\/report\\/v4?s=Ku2QjQ2qI2BwveCjU%2FZFwGnmLLaEizXnv2d8U3M3HVEd6u45S6nKF%2BhGxweraftTydGUqYf9XGUvPUUumCoQbVrGurz7SZU0zaw4RVv34vU73ANf2p9FCu904r8%2Bo%2BW2"}],"group":"cf-nel","max_age":604800}', 'NEL': '{"success_fraction":0,"report_to":"cf-nel","max_age":604800}', 'Server': 'cloudflare', 'CF-RAY': '89f81a421c42d011-SJC', 'alt-svc': 'h3=":443"; ma=86400'} 
 body={"results":[{"gender":"female","name":{"title":"Miss","first":"Laurie","last":"Nguyen"},"location":{"street":{"number":2161,"name":"Westheimer Rd"},"city":"Eureka","state":"Virginia","country":"United States","postcode":91061,"coordinates":{"latitude":"87.8437","longitude":"30.4272"},"timezone":{"offset":"-3:00","description":"Brazil, Buenos Aires, Georgetown"}},"email":"laurie.nguyen@example.com","login":{"uuid":"8a353f4e-ea03-4000-9aed-f3233372d3a2","username":"ticklishzebra269","password":"theking","salt":"ObmcdcKN","md5":"df121bde9308e0ed9e4eefda3391b1a6","sha1":"299a5bb9e1b3daad7a62ba67717074fde05ebabc","sha256":"a2a5181191e53f49af97f05e58b5df66bbfc98314c07bb4658802e617b757e48"},"dob":{"date":"1954-04-24T21:23:47.966Z","age":70},"registered":{"date":"2006-06-24T05:48:53.724Z","age":18},"phone":"(341) 826-1875","cell":"(591) 500-7382","id":{"name":"SSN","value":"602-82-8200"},"picture":{"large":"https://randomuser.me/api/portraits/women/19.jpg","medium":"https://randomuser.me/api/portraits/med/women/19.jpg","thumbnail":"https://randomuser.me/api/portraits/thumb/women/19.jpg"},"nat":"US"}],"info":{"seed":"411363d75e065612","results":1,"page":1,"version":"1.4"}} 
 </msg>
<msg time="2024-07-07T13:15:18.833832" level="INFO">/opt/hostedtoolcache/Python/3.12.4/x64/lib/python3.12/site-packages/urllib3/connectionpool.py:1099: InsecureRequestWarning: Unverified HTTPS request is being made to host 'randomuser.me'. Adding certificate verification is strongly advised. See: https://urllib3.readthedocs.io/en/latest/advanced-usage.html#tls-warnings
  warnings.warn(</msg>
<msg time="2024-07-07T13:15:18.833966" level="INFO">${response} = &lt;Response [200]&gt;</msg>
<var>${response}</var>
<arg>consultarAPI</arg>
<arg>/api</arg>
<doc>Sends a GET request on a previously created HTTP Session.</doc>
<status status="PASS" start="2024-07-07T13:15:18.734448" elapsed="0.099555"/>
</kw>
<kw name="Set Variable" owner="BuiltIn">
<msg time="2024-07-07T13:15:18.835083" level="INFO">${json_data} = {'results': [{'gender': 'female', 'name': {'title': 'Miss', 'first': 'Laurie', 'last': 'Nguyen'}, 'location': {'street': {'number': 2161, 'name': 'Westheimer Rd'}, 'city': 'Eureka', 'state': 'Virginia...</msg>
<var>${json_data}</var>
<arg>${response.json()}</arg>
<doc>Returns the given values which can then be assigned to a variables.</doc>
<status status="PASS" start="2024-07-07T13:15:18.834577" elapsed="0.000534"/>
</kw>
<kw name="Log" owner="BuiltIn">
<msg time="2024-07-07T13:15:18.835637" level="INFO">{'results': [{'gender': 'female', 'name': {'title': 'Miss', 'first': 'Laurie', 'last': 'Nguyen'}, 'location': {'street': {'number': 2161, 'name': 'Westheimer Rd'}, 'city': 'Eureka', 'state': 'Virginia', 'country': 'United States', 'postcode': 91061, 'coordinates': {'latitude': '87.8437', 'longitude': '30.4272'}, 'timezone': {'offset': '-3:00', 'description': 'Brazil, Buenos Aires, Georgetown'}}, 'email': 'laurie.nguyen@example.com', 'login': {'uuid': '8a353f4e-ea03-4000-9aed-f3233372d3a2', 'username': 'ticklishzebra269', 'password': 'theking', 'salt': 'ObmcdcKN', 'md5': 'df121bde9308e0ed9e4eefda3391b1a6', 'sha1': '299a5bb9e1b3daad7a62ba67717074fde05ebabc', 'sha256': 'a2a5181191e53f49af97f05e58b5df66bbfc98314c07bb4658802e617b757e48'}, 'dob': {'date': '1954-04-24T21:23:47.966Z', 'age': 70}, 'registered': {'date': '2006-06-24T05:48:53.724Z', 'age': 18}, 'phone': '(341) 826-1875', 'cell': '(591) 500-7382', 'id': {'name': 'SSN', 'value': '602-82-8200'}, 'picture': {'large': 'https://randomuser.me/api/portraits/women/19.jpg', 'medium': 'https://randomuser.me/api/portraits/med/women/19.jpg', 'thumbnail': 'https://randomuser.me/api/portraits/thumb/women/19.jpg'}, 'nat': 'US'}], 'info': {'seed': '411363d75e065612', 'results': 1, 'page': 1, 'version': '1.4'}}</msg>
<arg>${json_data}</arg>
<doc>Logs the given message with the given level.</doc>
<status status="PASS" start="2024-07-07T13:15:18.835470" elapsed="0.000216"/>
</kw>
<kw name="Should Be Equal As Numbers" owner="BuiltIn">
<arg>${json_data['results'][0]['location']['postcode']}</arg>
<arg>${json_data['results'][0]['location']['postcode']}</arg>
<doc>Fails if objects are unequal after converting them to real numbers.</doc>
<status status="PASS" start="2024-07-07T13:15:18.835984" elapsed="0.000641"/>
</kw>
<kw name="Log" owner="BuiltIn">
<msg time="2024-07-07T13:15:18.837188" level="INFO">91061</msg>
<arg>${json_data['results'][0]['location']['postcode']}</arg>
<doc>Logs the given message with the given level.</doc>
<status status="PASS" start="2024-07-07T13:15:18.836851" elapsed="0.000378"/>
</kw>
<status status="PASS" start="2024-07-07T13:15:18.734187" elapsed="0.103305"/>
</kw>
<doc>Testa se os tipos de dados na resposta da API estão corretos.</doc>
<tag>testeTiposDados</tag>
<status status="PASS" start="2024-07-07T13:15:18.626738" elapsed="0.210924"/>
</test>
<test id="s1-s1-t5" name="Validar conteudo" line="35">
<kw name="Teste de Tipos de Conteudo" owner="random-user-service">
<kw name="GET On Session" owner="RequestsLibrary">
<msg time="2024-07-07T13:15:18.937213" level="INFO">GET Request : url=https://randomuser.me/api 
 path_url=/api 
 headers={'User-Agent': 'python-requests/2.32.3', 'Accept-Encoding': 'gzip, deflate', 'Accept': '*/*', 'Connection': 'keep-alive'} 
 body=None 
 </msg>
<msg time="2024-07-07T13:15:18.937314" level="INFO">GET Response : url=https://randomuser.me/api 
 status=200, reason=OK 
 headers={'Date': 'Sun, 07 Jul 2024 13:15:18 GMT', 'Content-Type': 'application/json; charset=utf-8', 'Transfer-Encoding': 'chunked', 'Connection': 'keep-alive', 'X-Powered-By': 'Express', 'Access-Control-Allow-Origin': '*', 'Cache-Control': 'no-cache', 'ETag': 'W/"497-woZK8IcRJ8mFLU2Sv4wBxQ44YoQ"', 'Vary': 'Accept-Encoding', 'Content-Encoding': 'gzip', 'CF-Cache-Status': 'DYNAMIC', 'Report-To': '{"endpoints":[{"url":"https:\\/\\/a.nel.cloudflare.com\\/report\\/v4?s=%2BbuAFK456jP%2BJi2JnIUZSrOrMsoo6DfENy1MdGZPnvZj0euTvUHmI5P3PjIAt2ji5P194bXiVhEa4QG97PBVsCPgY6uKQFq%2BtZ6UGganKzh2tGe05ZUp7%2FzbSIRJUMKT"}],"group":"cf-nel","max_age":604800}', 'NEL': '{"success_fraction":0,"report_to":"cf-nel","max_age":604800}', 'Server': 'cloudflare', 'CF-RAY': '89f81a42ccf3d011-SJC', 'alt-svc': 'h3=":443"; ma=86400'} 
 body={"results":[{"gender":"female","name":{"title":"Mrs","first":"Anne-Marie","last":"Sieben"},"location":{"street":{"number":1721,"name":"Poststraße"},"city":"Haselünne","state":"Thüringen","country":"Germany","postcode":73420,"coordinates":{"latitude":"-54.9773","longitude":"40.0032"},"timezone":{"offset":"+7:00","description":"Bangkok, Hanoi, Jakarta"}},"email":"anne-marie.sieben@example.com","login":{"uuid":"1d8c2c5f-bd1b-4e41-a582-ef66649e9a8b","username":"blackswan984","password":"lights","salt":"2fS4qfzu","md5":"2d929bbd31da4db029b16f286045572d","sha1":"69c26ef3bf59090ca9d8070d19fb42d004cab92a","sha256":"71fbda60db0f1a9d3f19627b0d854d02ff6c0c9061023e46a4e98c0532917d5e"},"dob":{"date":"1967-05-21T15:50:08.847Z","age":57},"registered":{"date":"2009-12-30T20:46:10.565Z","age":14},"phone":"0269-5657616","cell":"0172-9631458","id":{"name":"SVNR","value":"82 210567 S 793"},"picture":{"large":"https://randomuser.me/api/portraits/women/41.jpg","medium":"https://randomuser.me/api/portraits/med/women/41.jpg","thumbnail":"https://randomuser.me/api/portraits/thumb/women/41.jpg"},"nat":"DE"}],"info":{"seed":"6d823ed07aca55c9","results":1,"page":1,"version":"1.4"}} 
 </msg>
<msg time="2024-07-07T13:15:18.937407" level="INFO">/opt/hostedtoolcache/Python/3.12.4/x64/lib/python3.12/site-packages/urllib3/connectionpool.py:1099: InsecureRequestWarning: Unverified HTTPS request is being made to host 'randomuser.me'. Adding certificate verification is strongly advised. See: https://urllib3.readthedocs.io/en/latest/advanced-usage.html#tls-warnings
  warnings.warn(</msg>
<msg time="2024-07-07T13:15:18.937528" level="INFO">${response} = &lt;Response [200]&gt;</msg>
<var>${response}</var>
<arg>consultarAPI</arg>
<arg>/api</arg>
<doc>Sends a GET request on a previously created HTTP Session.</doc>
<status status="PASS" start="2024-07-07T13:15:18.840420" elapsed="0.097136"/>
</kw>
<kw name="Set Variable" owner="BuiltIn">
<msg time="2024-07-07T13:15:18.938686" level="INFO">${json_data} = {'results': [{'gender': 'female', 'name': {'title': 'Mrs', 'first': 'Anne-Marie', 'last': 'Sieben'}, 'location': {'street': {'number': 1721, 'name': 'Poststraße'}, 'city': 'Haselünne', 'state': 'Thüri...</msg>
<var>${json_data}</var>
<arg>${response.json()}</arg>
<doc>Returns the given values which can then be assigned to a variables.</doc>
<status status="PASS" start="2024-07-07T13:15:18.938121" elapsed="0.000594"/>
</kw>
<kw name="Set Variable" owner="BuiltIn">
<msg time="2024-07-07T13:15:18.939396" level="INFO">${name_title} = Mrs</msg>
<var>${name_title}</var>
<arg>${json_data["results"][0]["name"]["title"]}</arg>
<doc>Returns the given values which can then be assigned to a variables.</doc>
<status status="PASS" start="2024-07-07T13:15:18.939021" elapsed="0.000402"/>
</kw>
<kw name="Create List" owner="BuiltIn">
<msg time="2024-07-07T13:15:18.939867" level="INFO">${allowed_titles} = ['Mr', 'Ms', 'Miss', 'Mrs', 'Madame', 'Monsieur']</msg>
<var>${allowed_titles}</var>
<arg>Mr</arg>
<arg>Ms</arg>
<arg>Miss</arg>
<arg>Mrs</arg>
<arg>Madame</arg>
<arg>Monsieur</arg>
<doc>Returns a list containing given items.</doc>
<status status="PASS" start="2024-07-07T13:15:18.939716" elapsed="0.000175"/>
</kw>
<kw name="List Should Contain Value" owner="Collections">
<arg>${allowed_titles}</arg>
<arg>${name_title}</arg>
<doc>Fails if the ``value`` is not found from ``list``.</doc>
<status status="PASS" start="2024-07-07T13:15:18.940191" elapsed="0.000178"/>
</kw>
<kw name="Set Variable" owner="BuiltIn">
<msg time="2024-07-07T13:15:18.940909" level="INFO">${name_country} = DE</msg>
<var>${name_country}</var>
<arg>${json_data["results"][0]["nat"]}</arg>
<doc>Returns the given values which can then be assigned to a variables.</doc>
<status status="PASS" start="2024-07-07T13:15:18.940550" elapsed="0.000383"/>
</kw>
<kw name="Create List" owner="BuiltIn">
<msg time="2024-07-07T13:15:18.941810" level="INFO">${list_country} = ['AD', 'AE', 'AF', 'AG', 'AI', 'AL', 'AM', 'AO', 'AQ', 'AR', 'AS', 'AT', 'AU', 'AW', 'AX', 'AZ', 'BA', 'BB', 'BD', 'BE', 'BF', 'BG', 'BH', 'BI', 'BJ', 'BL', 'BM', 'BN', 'BO', 'BQ', 'BR', 'BS', 'BT', '...</msg>
<var>${list_country}</var>
<arg>AD</arg>
<arg>AE</arg>
<arg>AF</arg>
<arg>AG</arg>
<arg>AI</arg>
<arg>AL</arg>
<arg>AM</arg>
<arg>AO</arg>
<arg>AQ</arg>
<arg>AR</arg>
<arg>AS</arg>
<arg>AT</arg>
<arg>AU</arg>
<arg>AW</arg>
<arg>AX</arg>
<arg>AZ</arg>
<arg>BA</arg>
<arg>BB</arg>
<arg>BD</arg>
<arg>BE</arg>
<arg>BF</arg>
<arg>BG</arg>
<arg>BH</arg>
<arg>BI</arg>
<arg>BJ</arg>
<arg>BL</arg>
<arg>BM</arg>
<arg>BN</arg>
<arg>BO</arg>
<arg>BQ</arg>
<arg>BR</arg>
<arg>BS</arg>
<arg>BT</arg>
<arg>BV</arg>
<arg>BW</arg>
<arg>BY</arg>
<arg>BZ</arg>
<arg>CA</arg>
<arg>CC</arg>
<arg>CD</arg>
<arg>CF</arg>
<arg>CG</arg>
<arg>CH</arg>
<arg>CI</arg>
<arg>CK</arg>
<arg>CL</arg>
<arg>CM</arg>
<arg>CN</arg>
<arg>CO</arg>
<arg>CR</arg>
<arg>CU</arg>
<arg>CV</arg>
<arg>CW</arg>
<arg>CX</arg>
<arg>CY</arg>
<arg>CZ</arg>
<arg>DE</arg>
<arg>DJ</arg>
<arg>DK</arg>
<arg>DM</arg>
<arg>DO</arg>
<arg>DZ</arg>
<arg>EC</arg>
<arg>EE</arg>
<arg>EG</arg>
<arg>EH</arg>
<arg>ER</arg>
<arg>ES</arg>
<arg>ET</arg>
<arg>FI</arg>
<arg>FJ</arg>
<arg>FK</arg>
<arg>FM</arg>
<arg>FO</arg>
<arg>FR</arg>
<arg>GA</arg>
<arg>GB</arg>
<arg>GD</arg>
<arg>GE</arg>
<arg>GF</arg>
<arg>GG</arg>
<arg>GH</arg>
<arg>GI</arg>
<arg>GL</arg>
<arg>GM</arg>
<arg>GN</arg>
<arg>GP</arg>
<arg>GQ</arg>
<arg>GR</arg>
<arg>GS</arg>
<arg>GT</arg>
<arg>GU</arg>
<arg>GW</arg>
<arg>GY</arg>
<arg>HK</arg>
<arg>HM</arg>
<arg>HN</arg>
<arg>HR</arg>
<arg>HT</arg>
<arg>HU</arg>
<arg>ID</arg>
<arg>IE</arg>
<arg>IL</arg>
<arg>IM</arg>
<arg>IN</arg>
<arg>IO</arg>
<arg>IQ</arg>
<arg>IR</arg>
<arg>IS</arg>
<arg>IT</arg>
<arg>JE</arg>
<arg>JM</arg>
<arg>JO</arg>
<arg>JP</arg>
<arg>KE</arg>
<arg>KG</arg>
<arg>KH</arg>
<arg>KI</arg>
<arg>KM</arg>
<arg>KN</arg>
<arg>KP</arg>
<arg>KR</arg>
<arg>KW</arg>
<arg>KY</arg>
<arg>KZ</arg>
<arg>LA</arg>
<arg>LB</arg>
<arg>LC</arg>
<arg>LI</arg>
<arg>LK</arg>
<arg>LR</arg>
<arg>LS</arg>
<arg>LT</arg>
<arg>LU</arg>
<arg>LV</arg>
<arg>LY</arg>
<arg>MA</arg>
<arg>MC</arg>
<arg>MD</arg>
<arg>ME</arg>
<arg>MF</arg>
<arg>MG</arg>
<arg>MH</arg>
<arg>MK</arg>
<arg>ML</arg>
<arg>MM</arg>
<arg>MN</arg>
<arg>MO</arg>
<arg>MP</arg>
<arg>MQ</arg>
<arg>MR</arg>
<arg>MS</arg>
<arg>MT</arg>
<arg>MU</arg>
<arg>MV</arg>
<arg>MW</arg>
<arg>MX</arg>
<arg>MY</arg>
<arg>MZ</arg>
<arg>NA</arg>
<arg>NC</arg>
<arg>NE</arg>
<arg>NF</arg>
<arg>NG</arg>
<arg>NI</arg>
<arg>NL</arg>
<arg>NO</arg>
<arg>NP</arg>
<arg>NR</arg>
<arg>NU</arg>
<arg>NZ</arg>
<arg>OM</arg>
<arg>PA</arg>
<arg>PE</arg>
<arg>PF</arg>
<arg>PG</arg>
<arg>PH</arg>
<arg>PK</arg>
<arg>PL</arg>
<arg>PM</arg>
<arg>PN</arg>
<arg>PR</arg>
<arg>PS</arg>
<arg>PT</arg>
<arg>PW</arg>
<arg>PY</arg>
<arg>QA</arg>
<arg>RE</arg>
<arg>RO</arg>
<arg>RS</arg>
<arg>RU</arg>
<arg>RW</arg>
<arg>SA</arg>
<arg>SB</arg>
<arg>SC</arg>
<arg>SD</arg>
<arg>SE</arg>
<arg>SG</arg>
<arg>SH</arg>
<arg>SI</arg>
<arg>SJ</arg>
<arg>SK</arg>
<arg>SL</arg>
<arg>SM</arg>
<arg>SN</arg>
<arg>SO</arg>
<arg>SR</arg>
<arg>SS</arg>
<arg>ST</arg>
<arg>SV</arg>
<arg>SX</arg>
<arg>SY</arg>
<arg>SZ</arg>
<arg>TC</arg>
<arg>TD</arg>
<arg>TF</arg>
<arg>TG</arg>
<arg>TH</arg>
<arg>TJ</arg>
<arg>TK</arg>
<arg>TL</arg>
<arg>TM</arg>
<arg>TN</arg>
<arg>TO</arg>
<arg>TR</arg>
<arg>TT</arg>
<arg>TV</arg>
<arg>TW</arg>
<arg>TZ</arg>
<arg>UA</arg>
<arg>UG</arg>
<arg>UM</arg>
<arg>US</arg>
<arg>UY</arg>
<arg>UZ</arg>
<arg>VA</arg>
<arg>VC</arg>
<arg>VE</arg>
<arg>VG</arg>
<arg>VI</arg>
<arg>VN</arg>
<arg>VU</arg>
<arg>WF</arg>
<arg>WS</arg>
<arg>XK</arg>
<arg>YE</arg>
<arg>YT</arg>
<arg>ZA</arg>
<arg>ZM</arg>
<arg>ZW</arg>
<doc>Returns a list containing given items.</doc>
<status status="PASS" start="2024-07-07T13:15:18.941219" elapsed="0.000616"/>
</kw>
<kw name="List Should Contain Value" owner="Collections">
<arg>${list_country}</arg>
<arg>${name_country}</arg>
<doc>Fails if the ``value`` is not found from ``list``.</doc>
<status status="PASS" start="2024-07-07T13:15:18.942666" elapsed="0.000205"/>
</kw>
<kw name="Run Keyword If" owner="BuiltIn">
<kw name="Should Be True" owner="BuiltIn">
<arg>${True}</arg>
<doc>Fails if the given condition is not true.</doc>
<status status="PASS" start="2024-07-07T13:15:18.943800" elapsed="0.000143"/>
</kw>
<arg>${json_data["results"][0]["location"]["coordinates"]["latitude"]} &gt;= -90 and ${json_data["results"][0]["location"]["coordinates"]["latitude"]} &lt;= 90</arg>
<arg>Should Be True</arg>
<arg>${True}</arg>
<doc>Runs the given keyword with the given arguments, if ``condition`` is true.</doc>
<status status="PASS" start="2024-07-07T13:15:18.943069" elapsed="0.001003"/>
</kw>
<kw name="Run Keyword If" owner="BuiltIn">
<kw name="Should Be True" owner="BuiltIn">
<arg>${True}</arg>
<doc>Fails if the given condition is not true.</doc>
<status status="PASS" start="2024-07-07T13:15:18.944937" elapsed="0.000138"/>
</kw>
<arg>${json_data["results"][0]["location"]["coordinates"]["longitude"]} &gt;= -180 and ${json_data["results"][0]["location"]["coordinates"]["longitude"]} &lt;= 180</arg>
<arg>Should Be True</arg>
<arg>${True}</arg>
<doc>Runs the given keyword with the given arguments, if ``condition`` is true.</doc>
<status status="PASS" start="2024-07-07T13:15:18.944256" elapsed="0.000941"/>
</kw>
<status status="PASS" start="2024-07-07T13:15:18.840030" elapsed="0.105302"/>
</kw>
<doc>Testa o conteúdo específico dos campos retornados pela API.</doc>
<tag>testeConteudo</tag>
<status status="PASS" start="2024-07-07T13:15:18.839483" elapsed="0.106006"/>
</test>
<status status="PASS" start="2024-07-07T13:15:17.805438" elapsed="1.142030"/>
</suite>
<status status="PASS" start="2024-07-07T13:15:17.790755" elapsed="1.162602"/>
</suite>
<statistics>
<total>
<stat pass="5" fail="0" skip="0">All Tests</stat>
</total>
<tag>
<stat pass="1" fail="0" skip="0">testeConteudo</stat>
<stat pass="1" fail="0" skip="0">testeEstruturaResposta</stat>
<stat pass="1" fail="0" skip="0">testeRequisicaoBasica</stat>
<stat pass="1" fail="0" skip="0">testeTiposDados</stat>
</tag>
<suite>
<stat pass="5" fail="0" skip="0" id="s1" name="Tests">Tests</stat>
<stat pass="5" fail="0" skip="0" id="s1-s1" name="Random-User-Test">Tests.Random-User-Test</stat>
</suite>
</statistics>
<errors>
</errors>
</robot>
