<?xml version="1.0" encoding="UTF-8"?>
<robot generator="Robot 7.0 (Python 3.12.2 on linux)" generated="2024-04-10T10:16:10.998671" rpa="false" schemaversion="5">
<suite id="s1" name="Tests" source="/home/runner/work/DesafioQAItauRogerioJordao/DesafioQAItauRogerioJordao/RamdonUser/tests">
<suite id="s1-s1" name="Random-User-Test" source="/home/runner/work/DesafioQAItauRogerioJordao/DesafioQAItauRogerioJordao/RamdonUser/tests/random-user-test.robot">
<test id="s1-s1-t1" name="Conectar" line="13">
<kw name="Conectar API" owner="random-user-service">
<kw name="Create Session" owner="RequestsLibrary">
<msg time="2024-04-10T10:16:11.368954" level="INFO">Creating Session using : alias=consultarAPI, url=https://randomuser.me/, headers={},                     cookies={}, auth=None, timeout=None, proxies=None, verify=False,                     debug=0 </msg>
<arg>consultarAPI</arg>
<arg>${URL}</arg>
<doc>Create Session: create a HTTP session to a server</doc>
<status status="PASS" start="2024-04-10T10:16:11.368748" elapsed="0.000392"/>
</kw>
<status status="PASS" start="2024-04-10T10:16:11.367731" elapsed="0.001773"/>
</kw>
<status status="PASS" start="2024-04-10T10:16:11.367177" elapsed="0.002531"/>
</test>
<test id="s1-s1-t2" name="Validar retorno 200 e JSON Válido" line="16">
<kw name="Teste de Requisicao Basica" owner="random-user-service">
<kw name="GET On Session" owner="RequestsLibrary">
<msg time="2024-04-10T10:16:11.488684" level="INFO">GET Request : url=https://randomuser.me/api 
 path_url=/api 
 headers={'User-Agent': 'python-requests/2.31.0', 'Accept-Encoding': 'gzip, deflate', 'Accept': '*/*', 'Connection': 'keep-alive'} 
 body=None 
 </msg>
<msg time="2024-04-10T10:16:11.488822" level="INFO">GET Response : url=https://randomuser.me/api 
 status=200, reason=OK 
 headers={'Date': 'Wed, 10 Apr 2024 10:16:11 GMT', 'Content-Type': 'application/json; charset=utf-8', 'Transfer-Encoding': 'chunked', 'Connection': 'keep-alive', 'X-Powered-By': 'Express', 'Access-Control-Allow-Origin': '*', 'Cache-Control': 'no-cache', 'ETag': 'W/"477-RHEfPhbBAXRVqr+ogwZEMkkcsTs"', 'Vary': 'Accept-Encoding', 'Content-Encoding': 'gzip', 'CF-Cache-Status': 'DYNAMIC', 'Report-To': '{"endpoints":[{"url":"https:\\/\\/a.nel.cloudflare.com\\/report\\/v4?s=qOLsNkAK7Sv25cWqRKUV%2Bl2J3F7q0nsZqgk3BRsbwstmuzH3Z52L0RP8AR%2F1%2BDhEVzIpEc70fBjce8ScPAV%2FwVKJjtT6GgP9E4%2FMXg5Y%2FYsGtwN0kjQBFLcDM2MU1YQh"}],"group":"cf-nel","max_age":604800}', 'NEL': '{"success_fraction":0,"report_to":"cf-nel","max_age":604800}', 'Server': 'cloudflare', 'CF-RAY': '8721fadf48c1230a-SJC', 'alt-svc': 'h3=":443"; ma=86400'} 
 body={"results":[{"gender":"male","name":{"title":"Mr","first":"آرمین","last":"نجاتی"},"location":{"street":{"number":815,"name":"شورا"},"city":"همدان","state":"گیلان","country":"Iran","postcode":67307,"coordinates":{"latitude":"12.8773","longitude":"-93.2353"},"timezone":{"offset":"-8:00","description":"Pacific Time (US &amp; Canada)"}},"email":"armyn.njty@example.com","login":{"uuid":"1b218cfa-b157-439d-8e32-3116aa4fd91c","username":"browndog309","password":"thecure","salt":"TevCmM1V","md5":"062ea8e341204280c3a9e36f50f87ef4","sha1":"578ee1b0f7fce13f98c20cd7f74c318fa22484f4","sha256":"c8c5669e703ff1cc7d13d9017d26c6ca9fe0f76f70bfe132b6604f987bcfd070"},"dob":{"date":"1949-11-06T13:10:49.862Z","age":74},"registered":{"date":"2004-02-20T12:45:00.056Z","age":20},"phone":"066-29860741","cell":"0900-296-1402","id":{"name":"","value":null},"picture":{"large":"https://randomuser.me/api/portraits/men/40.jpg","medium":"https://randomuser.me/api/portraits/med/men/40.jpg","thumbnail":"https://randomuser.me/api/portraits/thumb/men/40.jpg"},"nat":"IR"}],"info":{"seed":"4c3e14733cc5ab8a","results":1,"page":1,"version":"1.4"}} 
 </msg>
<msg time="2024-04-10T10:16:11.488906" level="INFO">/opt/hostedtoolcache/Python/3.12.2/x64/lib/python3.12/site-packages/urllib3/connectionpool.py:1103: InsecureRequestWarning: Unverified HTTPS request is being made to host 'randomuser.me'. Adding certificate verification is strongly advised. See: https://urllib3.readthedocs.io/en/latest/advanced-usage.html#tls-warnings
  warnings.warn(</msg>
<msg time="2024-04-10T10:16:11.489045" level="INFO">${response} = &lt;Response [200]&gt;</msg>
<var>${response}</var>
<arg>consultarAPI</arg>
<arg>/api</arg>
<doc>Sends a GET request on a previously created HTTP Session.</doc>
<status status="PASS" start="2024-04-10T10:16:11.372272" elapsed="0.116815"/>
</kw>
<kw name="Should Be Equal As Numbers" owner="BuiltIn">
<msg time="2024-04-10T10:16:11.490190" level="INFO">Argument types are:
&lt;class 'int'&gt;
&lt;class 'str'&gt;</msg>
<arg>${response.status_code}</arg>
<arg>200</arg>
<doc>Fails if objects are unequal after converting them to real numbers.</doc>
<status status="PASS" start="2024-04-10T10:16:11.489707" elapsed="0.000548"/>
</kw>
<kw name="Log" owner="BuiltIn">
<msg time="2024-04-10T10:16:11.490932" level="INFO">200</msg>
<arg>${response.status_code}</arg>
<doc>Logs the given message with the given level.</doc>
<status status="PASS" start="2024-04-10T10:16:11.490575" elapsed="0.000400"/>
</kw>
<kw name="Set Variable" owner="BuiltIn">
<msg time="2024-04-10T10:16:11.491776" level="INFO">${json_data} = {'results': [{'gender': 'male', 'name': {'title': 'Mr', 'first': 'آرمین', 'last': 'نجاتی'}, 'location': {'street': {'number': 815, 'name': 'شورا'}, 'city': 'همدان', 'state': 'گیلان', 'country': 'Iran'...</msg>
<var>${json_data}</var>
<arg>${response.json()}</arg>
<doc>Returns the given values which can then be assigned to a variables.</doc>
<status status="PASS" start="2024-04-10T10:16:11.491319" elapsed="0.000488"/>
</kw>
<kw name="Dictionary Should Contain Key" owner="Collections">
<msg time="2024-04-10T10:16:11.492291" level="INFO">False</msg>
<arg>${json_data}</arg>
<arg>results</arg>
<doc>Fails if ``key`` is not found from ``dictionary``.</doc>
<status status="PASS" start="2024-04-10T10:16:11.492121" elapsed="0.000210"/>
</kw>
<status status="PASS" start="2024-04-10T10:16:11.372024" elapsed="0.120596"/>
</kw>
<doc>Testa se a API responde corretamente e retorna um objeto JSON válido.</doc>
<tag>testeRequisicaoBasica</tag>
<status status="PASS" start="2024-04-10T10:16:11.371564" elapsed="0.121256"/>
</test>
<test id="s1-s1-t3" name="Validar estrutura de resposta" line="22">
<kw name="Teste de Estrutura de Resposta" owner="random-user-service">
<kw name="GET On Session" owner="RequestsLibrary">
<msg time="2024-04-10T10:16:11.590642" level="INFO">GET Request : url=https://randomuser.me/api 
 path_url=/api 
 headers={'User-Agent': 'python-requests/2.31.0', 'Accept-Encoding': 'gzip, deflate', 'Accept': '*/*', 'Connection': 'keep-alive'} 
 body=None 
 </msg>
<msg time="2024-04-10T10:16:11.590730" level="INFO">GET Response : url=https://randomuser.me/api 
 status=200, reason=OK 
 headers={'Date': 'Wed, 10 Apr 2024 10:16:11 GMT', 'Content-Type': 'application/json; charset=utf-8', 'Transfer-Encoding': 'chunked', 'Connection': 'keep-alive', 'X-Powered-By': 'Express', 'Access-Control-Allow-Origin': '*', 'Cache-Control': 'no-cache', 'ETag': 'W/"49b-PVmKVoxVi5in6v1ujgdEnoz2Zl8"', 'Vary': 'Accept-Encoding', 'Content-Encoding': 'gzip', 'CF-Cache-Status': 'DYNAMIC', 'Report-To': '{"endpoints":[{"url":"https:\\/\\/a.nel.cloudflare.com\\/report\\/v4?s=dhZIMIxZhxgCspGUlwNpsPkh2diSlO%2BKe5eSKw2%2FSeN%2B5IceFA7GJqxmD3qPz0v%2B%2FjCb0FxLeEc4EhVgpWadqJBtOGNird0Yw1lDrkznoEIQGDXNzV9g0Nf7vCxlTa2X"}],"group":"cf-nel","max_age":604800}', 'NEL': '{"success_fraction":0,"report_to":"cf-nel","max_age":604800}', 'Server': 'cloudflare', 'CF-RAY': '8721fadfd93d230a-SJC', 'alt-svc': 'h3=":443"; ma=86400'} 
 body={"results":[{"gender":"female","name":{"title":"Ms","first":"Prakruthi","last":"Kouser"},"location":{"street":{"number":128,"name":"Mint St"},"city":"Firozabad","state":"Mizoram","country":"India","postcode":21368,"coordinates":{"latitude":"6.4977","longitude":"125.7694"},"timezone":{"offset":"0:00","description":"Western Europe Time, London, Lisbon, Casablanca"}},"email":"prakruthi.kouser@example.com","login":{"uuid":"87e7084a-2033-4819-94ca-a9137deb3c07","username":"purplemouse608","password":"ricky1","salt":"ammGfJ1t","md5":"012df192de9a3f79081fec6a577d3010","sha1":"014bb72d28b272175436dfb9495017e203b8273a","sha256":"ba8f8d49affe314100fb511fbd00a36b83b051b0a7a97e244eeb1f85959a1d3c"},"dob":{"date":"1950-02-04T04:48:32.211Z","age":74},"registered":{"date":"2006-01-30T23:00:01.986Z","age":18},"phone":"9872704069","cell":"9565075710","id":{"name":"UIDAI","value":"277682362346"},"picture":{"large":"https://randomuser.me/api/portraits/women/45.jpg","medium":"https://randomuser.me/api/portraits/med/women/45.jpg","thumbnail":"https://randomuser.me/api/portraits/thumb/women/45.jpg"},"nat":"IN"}],"info":{"seed":"a028c13935a78447","results":1,"page":1,"version":"1.4"}} 
 </msg>
<msg time="2024-04-10T10:16:11.590841" level="INFO">/opt/hostedtoolcache/Python/3.12.2/x64/lib/python3.12/site-packages/urllib3/connectionpool.py:1103: InsecureRequestWarning: Unverified HTTPS request is being made to host 'randomuser.me'. Adding certificate verification is strongly advised. See: https://urllib3.readthedocs.io/en/latest/advanced-usage.html#tls-warnings
  warnings.warn(</msg>
<msg time="2024-04-10T10:16:11.590961" level="INFO">${response} = &lt;Response [200]&gt;</msg>
<var>${response}</var>
<arg>consultarAPI</arg>
<arg>/api</arg>
<doc>Sends a GET request on a previously created HTTP Session.</doc>
<status status="PASS" start="2024-04-10T10:16:11.495457" elapsed="0.095545"/>
</kw>
<kw name="Set Variable" owner="BuiltIn">
<msg time="2024-04-10T10:16:11.592127" level="INFO">${json_data} = {'results': [{'gender': 'female', 'name': {'title': 'Ms', 'first': 'Prakruthi', 'last': 'Kouser'}, 'location': {'street': {'number': 128, 'name': 'Mint St'}, 'city': 'Firozabad', 'state': 'Mizoram', '...</msg>
<var>${json_data}</var>
<arg>${response.json()}</arg>
<doc>Returns the given values which can then be assigned to a variables.</doc>
<status status="PASS" start="2024-04-10T10:16:11.591565" elapsed="0.000592"/>
</kw>
<kw name="Log" owner="BuiltIn">
<msg time="2024-04-10T10:16:11.592676" level="INFO">{'results': [{'gender': 'female', 'name': {'title': 'Ms', 'first': 'Prakruthi', 'last': 'Kouser'}, 'location': {'street': {'number': 128, 'name': 'Mint St'}, 'city': 'Firozabad', 'state': 'Mizoram', 'country': 'India', 'postcode': 21368, 'coordinates': {'latitude': '6.4977', 'longitude': '125.7694'}, 'timezone': {'offset': '0:00', 'description': 'Western Europe Time, London, Lisbon, Casablanca'}}, 'email': 'prakruthi.kouser@example.com', 'login': {'uuid': '87e7084a-2033-4819-94ca-a9137deb3c07', 'username': 'purplemouse608', 'password': 'ricky1', 'salt': 'ammGfJ1t', 'md5': '012df192de9a3f79081fec6a577d3010', 'sha1': '014bb72d28b272175436dfb9495017e203b8273a', 'sha256': 'ba8f8d49affe314100fb511fbd00a36b83b051b0a7a97e244eeb1f85959a1d3c'}, 'dob': {'date': '1950-02-04T04:48:32.211Z', 'age': 74}, 'registered': {'date': '2006-01-30T23:00:01.986Z', 'age': 18}, 'phone': '9872704069', 'cell': '9565075710', 'id': {'name': 'UIDAI', 'value': '277682362346'}, 'picture': {'large': 'https://randomuser.me/api/portraits/women/45.jpg', 'medium': 'https://randomuser.me/api/portraits/med/women/45.jpg', 'thumbnail': 'https://randomuser.me/api/portraits/thumb/women/45.jpg'}, 'nat': 'IN'}], 'info': {'seed': 'a028c13935a78447', 'results': 1, 'page': 1, 'version': '1.4'}}</msg>
<arg>${json_data}</arg>
<doc>Logs the given message with the given level.</doc>
<status status="PASS" start="2024-04-10T10:16:11.592479" elapsed="0.000253"/>
</kw>
<kw name="Dictionary Should Contain Key" owner="Collections">
<msg time="2024-04-10T10:16:11.593191" level="INFO">False</msg>
<arg>${json_data}</arg>
<arg>results</arg>
<doc>Fails if ``key`` is not found from ``dictionary``.</doc>
<status status="PASS" start="2024-04-10T10:16:11.593034" elapsed="0.000195"/>
</kw>
<kw name="Should Not Be Empty" owner="BuiltIn">
<msg time="2024-04-10T10:16:11.593661" level="INFO">Length is 2.</msg>
<arg>${json_data}</arg>
<doc>Verifies that the given item is not empty.</doc>
<status status="PASS" start="2024-04-10T10:16:11.593527" elapsed="0.000175"/>
</kw>
<kw name="Create List" owner="BuiltIn">
<msg time="2024-04-10T10:16:11.594143" level="INFO">${expected_keys} = ['gender', 'name', 'location', 'email', 'login']</msg>
<var>${expected_keys}</var>
<arg>gender</arg>
<arg>name</arg>
<arg>location</arg>
<arg>email</arg>
<arg>login</arg>
<doc>Returns a list containing given items.</doc>
<status status="PASS" start="2024-04-10T10:16:11.593993" elapsed="0.000175"/>
</kw>
<for flavor="IN">
<iter>
<kw name="Dictionary Should Contain Key" owner="Collections">
<msg time="2024-04-10T10:16:11.595315" level="INFO">False</msg>
<arg>${json_data['results'][0]}</arg>
<arg>${key}</arg>
<doc>Fails if ``key`` is not found from ``dictionary``.</doc>
<status status="PASS" start="2024-04-10T10:16:11.594908" elapsed="0.000446"/>
</kw>
<kw name="Log" owner="BuiltIn">
<msg time="2024-04-10T10:16:11.596021" level="INFO">{'gender': 'female', 'name': {'title': 'Ms', 'first': 'Prakruthi', 'last': 'Kouser'}, 'location': {'street': {'number': 128, 'name': 'Mint St'}, 'city': 'Firozabad', 'state': 'Mizoram', 'country': 'India', 'postcode': 21368, 'coordinates': {'latitude': '6.4977', 'longitude': '125.7694'}, 'timezone': {'offset': '0:00', 'description': 'Western Europe Time, London, Lisbon, Casablanca'}}, 'email': 'prakruthi.kouser@example.com', 'login': {'uuid': '87e7084a-2033-4819-94ca-a9137deb3c07', 'username': 'purplemouse608', 'password': 'ricky1', 'salt': 'ammGfJ1t', 'md5': '012df192de9a3f79081fec6a577d3010', 'sha1': '014bb72d28b272175436dfb9495017e203b8273a', 'sha256': 'ba8f8d49affe314100fb511fbd00a36b83b051b0a7a97e244eeb1f85959a1d3c'}, 'dob': {'date': '1950-02-04T04:48:32.211Z', 'age': 74}, 'registered': {'date': '2006-01-30T23:00:01.986Z', 'age': 18}, 'phone': '9872704069', 'cell': '9565075710', 'id': {'name': 'UIDAI', 'value': '277682362346'}, 'picture': {'large': 'https://randomuser.me/api/portraits/women/45.jpg', 'medium': 'https://randomuser.me/api/portraits/med/women/45.jpg', 'thumbnail': 'https://randomuser.me/api/portraits/thumb/women/45.jpg'}, 'nat': 'IN'}</msg>
<arg>${json_data['results'][0]}</arg>
<doc>Logs the given message with the given level.</doc>
<status status="PASS" start="2024-04-10T10:16:11.595660" elapsed="0.000410"/>
</kw>
<kw name="Log" owner="BuiltIn">
<msg time="2024-04-10T10:16:11.596497" level="INFO">gender</msg>
<arg>${key}</arg>
<doc>Logs the given message with the given level.</doc>
<status status="PASS" start="2024-04-10T10:16:11.596368" elapsed="0.000196"/>
</kw>
<var name="${key}">gender</var>
<status status="PASS" start="2024-04-10T10:16:11.594783" elapsed="0.002019"/>
</iter>
<iter>
<kw name="Dictionary Should Contain Key" owner="Collections">
<msg time="2024-04-10T10:16:11.597496" level="INFO">False</msg>
<arg>${json_data['results'][0]}</arg>
<arg>${key}</arg>
<doc>Fails if ``key`` is not found from ``dictionary``.</doc>
<status status="PASS" start="2024-04-10T10:16:11.597107" elapsed="0.000427"/>
</kw>
<kw name="Log" owner="BuiltIn">
<msg time="2024-04-10T10:16:11.598234" level="INFO">{'gender': 'female', 'name': {'title': 'Ms', 'first': 'Prakruthi', 'last': 'Kouser'}, 'location': {'street': {'number': 128, 'name': 'Mint St'}, 'city': 'Firozabad', 'state': 'Mizoram', 'country': 'India', 'postcode': 21368, 'coordinates': {'latitude': '6.4977', 'longitude': '125.7694'}, 'timezone': {'offset': '0:00', 'description': 'Western Europe Time, London, Lisbon, Casablanca'}}, 'email': 'prakruthi.kouser@example.com', 'login': {'uuid': '87e7084a-2033-4819-94ca-a9137deb3c07', 'username': 'purplemouse608', 'password': 'ricky1', 'salt': 'ammGfJ1t', 'md5': '012df192de9a3f79081fec6a577d3010', 'sha1': '014bb72d28b272175436dfb9495017e203b8273a', 'sha256': 'ba8f8d49affe314100fb511fbd00a36b83b051b0a7a97e244eeb1f85959a1d3c'}, 'dob': {'date': '1950-02-04T04:48:32.211Z', 'age': 74}, 'registered': {'date': '2006-01-30T23:00:01.986Z', 'age': 18}, 'phone': '9872704069', 'cell': '9565075710', 'id': {'name': 'UIDAI', 'value': '277682362346'}, 'picture': {'large': 'https://randomuser.me/api/portraits/women/45.jpg', 'medium': 'https://randomuser.me/api/portraits/med/women/45.jpg', 'thumbnail': 'https://randomuser.me/api/portraits/thumb/women/45.jpg'}, 'nat': 'IN'}</msg>
<arg>${json_data['results'][0]}</arg>
<doc>Logs the given message with the given level.</doc>
<status status="PASS" start="2024-04-10T10:16:11.597865" elapsed="0.000417"/>
</kw>
<kw name="Log" owner="BuiltIn">
<msg time="2024-04-10T10:16:11.598709" level="INFO">name</msg>
<arg>${key}</arg>
<doc>Logs the given message with the given level.</doc>
<status status="PASS" start="2024-04-10T10:16:11.598580" elapsed="0.000168"/>
</kw>
<var name="${key}">name</var>
<status status="PASS" start="2024-04-10T10:16:11.596992" elapsed="0.001975"/>
</iter>
<iter>
<kw name="Dictionary Should Contain Key" owner="Collections">
<msg time="2024-04-10T10:16:11.599649" level="INFO">False</msg>
<arg>${json_data['results'][0]}</arg>
<arg>${key}</arg>
<doc>Fails if ``key`` is not found from ``dictionary``.</doc>
<status status="PASS" start="2024-04-10T10:16:11.599268" elapsed="0.000419"/>
</kw>
<kw name="Log" owner="BuiltIn">
<msg time="2024-04-10T10:16:11.600352" level="INFO">{'gender': 'female', 'name': {'title': 'Ms', 'first': 'Prakruthi', 'last': 'Kouser'}, 'location': {'street': {'number': 128, 'name': 'Mint St'}, 'city': 'Firozabad', 'state': 'Mizoram', 'country': 'India', 'postcode': 21368, 'coordinates': {'latitude': '6.4977', 'longitude': '125.7694'}, 'timezone': {'offset': '0:00', 'description': 'Western Europe Time, London, Lisbon, Casablanca'}}, 'email': 'prakruthi.kouser@example.com', 'login': {'uuid': '87e7084a-2033-4819-94ca-a9137deb3c07', 'username': 'purplemouse608', 'password': 'ricky1', 'salt': 'ammGfJ1t', 'md5': '012df192de9a3f79081fec6a577d3010', 'sha1': '014bb72d28b272175436dfb9495017e203b8273a', 'sha256': 'ba8f8d49affe314100fb511fbd00a36b83b051b0a7a97e244eeb1f85959a1d3c'}, 'dob': {'date': '1950-02-04T04:48:32.211Z', 'age': 74}, 'registered': {'date': '2006-01-30T23:00:01.986Z', 'age': 18}, 'phone': '9872704069', 'cell': '9565075710', 'id': {'name': 'UIDAI', 'value': '277682362346'}, 'picture': {'large': 'https://randomuser.me/api/portraits/women/45.jpg', 'medium': 'https://randomuser.me/api/portraits/med/women/45.jpg', 'thumbnail': 'https://randomuser.me/api/portraits/thumb/women/45.jpg'}, 'nat': 'IN'}</msg>
<arg>${json_data['results'][0]}</arg>
<doc>Logs the given message with the given level.</doc>
<status status="PASS" start="2024-04-10T10:16:11.599987" elapsed="0.000418"/>
</kw>
<kw name="Log" owner="BuiltIn">
<msg time="2024-04-10T10:16:11.600878" level="INFO">location</msg>
<arg>${key}</arg>
<doc>Logs the given message with the given level.</doc>
<status status="PASS" start="2024-04-10T10:16:11.600747" elapsed="0.000170"/>
</kw>
<var name="${key}">location</var>
<status status="PASS" start="2024-04-10T10:16:11.599150" elapsed="0.001985"/>
</iter>
<iter>
<kw name="Dictionary Should Contain Key" owner="Collections">
<msg time="2024-04-10T10:16:11.601816" level="INFO">False</msg>
<arg>${json_data['results'][0]}</arg>
<arg>${key}</arg>
<doc>Fails if ``key`` is not found from ``dictionary``.</doc>
<status status="PASS" start="2024-04-10T10:16:11.601424" elapsed="0.000431"/>
</kw>
<kw name="Log" owner="BuiltIn">
<msg time="2024-04-10T10:16:11.602526" level="INFO">{'gender': 'female', 'name': {'title': 'Ms', 'first': 'Prakruthi', 'last': 'Kouser'}, 'location': {'street': {'number': 128, 'name': 'Mint St'}, 'city': 'Firozabad', 'state': 'Mizoram', 'country': 'India', 'postcode': 21368, 'coordinates': {'latitude': '6.4977', 'longitude': '125.7694'}, 'timezone': {'offset': '0:00', 'description': 'Western Europe Time, London, Lisbon, Casablanca'}}, 'email': 'prakruthi.kouser@example.com', 'login': {'uuid': '87e7084a-2033-4819-94ca-a9137deb3c07', 'username': 'purplemouse608', 'password': 'ricky1', 'salt': 'ammGfJ1t', 'md5': '012df192de9a3f79081fec6a577d3010', 'sha1': '014bb72d28b272175436dfb9495017e203b8273a', 'sha256': 'ba8f8d49affe314100fb511fbd00a36b83b051b0a7a97e244eeb1f85959a1d3c'}, 'dob': {'date': '1950-02-04T04:48:32.211Z', 'age': 74}, 'registered': {'date': '2006-01-30T23:00:01.986Z', 'age': 18}, 'phone': '9872704069', 'cell': '9565075710', 'id': {'name': 'UIDAI', 'value': '277682362346'}, 'picture': {'large': 'https://randomuser.me/api/portraits/women/45.jpg', 'medium': 'https://randomuser.me/api/portraits/med/women/45.jpg', 'thumbnail': 'https://randomuser.me/api/portraits/thumb/women/45.jpg'}, 'nat': 'IN'}</msg>
<arg>${json_data['results'][0]}</arg>
<doc>Logs the given message with the given level.</doc>
<status status="PASS" start="2024-04-10T10:16:11.602167" elapsed="0.000407"/>
</kw>
<kw name="Log" owner="BuiltIn">
<msg time="2024-04-10T10:16:11.603002" level="INFO">email</msg>
<arg>${key}</arg>
<doc>Logs the given message with the given level.</doc>
<status status="PASS" start="2024-04-10T10:16:11.602874" elapsed="0.000172"/>
</kw>
<var name="${key}">email</var>
<status status="PASS" start="2024-04-10T10:16:11.601312" elapsed="0.001953"/>
</iter>
<iter>
<kw name="Dictionary Should Contain Key" owner="Collections">
<msg time="2024-04-10T10:16:11.603923" level="INFO">False</msg>
<arg>${json_data['results'][0]}</arg>
<arg>${key}</arg>
<doc>Fails if ``key`` is not found from ``dictionary``.</doc>
<status status="PASS" start="2024-04-10T10:16:11.603551" elapsed="0.000410"/>
</kw>
<kw name="Log" owner="BuiltIn">
<msg time="2024-04-10T10:16:11.604656" level="INFO">{'gender': 'female', 'name': {'title': 'Ms', 'first': 'Prakruthi', 'last': 'Kouser'}, 'location': {'street': {'number': 128, 'name': 'Mint St'}, 'city': 'Firozabad', 'state': 'Mizoram', 'country': 'India', 'postcode': 21368, 'coordinates': {'latitude': '6.4977', 'longitude': '125.7694'}, 'timezone': {'offset': '0:00', 'description': 'Western Europe Time, London, Lisbon, Casablanca'}}, 'email': 'prakruthi.kouser@example.com', 'login': {'uuid': '87e7084a-2033-4819-94ca-a9137deb3c07', 'username': 'purplemouse608', 'password': 'ricky1', 'salt': 'ammGfJ1t', 'md5': '012df192de9a3f79081fec6a577d3010', 'sha1': '014bb72d28b272175436dfb9495017e203b8273a', 'sha256': 'ba8f8d49affe314100fb511fbd00a36b83b051b0a7a97e244eeb1f85959a1d3c'}, 'dob': {'date': '1950-02-04T04:48:32.211Z', 'age': 74}, 'registered': {'date': '2006-01-30T23:00:01.986Z', 'age': 18}, 'phone': '9872704069', 'cell': '9565075710', 'id': {'name': 'UIDAI', 'value': '277682362346'}, 'picture': {'large': 'https://randomuser.me/api/portraits/women/45.jpg', 'medium': 'https://randomuser.me/api/portraits/med/women/45.jpg', 'thumbnail': 'https://randomuser.me/api/portraits/thumb/women/45.jpg'}, 'nat': 'IN'}</msg>
<arg>${json_data['results'][0]}</arg>
<doc>Logs the given message with the given level.</doc>
<status status="PASS" start="2024-04-10T10:16:11.604262" elapsed="0.000443"/>
</kw>
<kw name="Log" owner="BuiltIn">
<msg time="2024-04-10T10:16:11.605143" level="INFO">login</msg>
<arg>${key}</arg>
<doc>Logs the given message with the given level.</doc>
<status status="PASS" start="2024-04-10T10:16:11.605012" elapsed="0.000171"/>
</kw>
<var name="${key}">login</var>
<status status="PASS" start="2024-04-10T10:16:11.603440" elapsed="0.001986"/>
</iter>
<var>${key}</var>
<value>@{expected_keys}</value>
<status status="PASS" start="2024-04-10T10:16:11.594590" elapsed="0.010962"/>
</for>
<kw name="Create List" owner="BuiltIn">
<msg time="2024-04-10T10:16:11.605888" level="INFO">${expected_keysTwo} = ['username', 'password']</msg>
<var>${expected_keysTwo}</var>
<arg>username</arg>
<arg>password</arg>
<doc>Returns a list containing given items.</doc>
<status status="PASS" start="2024-04-10T10:16:11.605748" elapsed="0.000164"/>
</kw>
<for flavor="IN">
<iter>
<kw name="Dictionary Should Contain Key" owner="Collections">
<msg time="2024-04-10T10:16:11.606804" level="INFO">False</msg>
<arg>${json_data['results'][0]['login']}</arg>
<arg>${keyTwo}</arg>
<doc>Fails if ``key`` is not found from ``dictionary``.</doc>
<status status="PASS" start="2024-04-10T10:16:11.606411" elapsed="0.000431"/>
</kw>
<kw name="Dictionary Should Contain Key" owner="Collections">
<msg time="2024-04-10T10:16:11.607517" level="INFO">False</msg>
<arg>${json_data['results'][0]['login']}</arg>
<arg>${keyTwo}</arg>
<doc>Fails if ``key`` is not found from ``dictionary``.</doc>
<status status="PASS" start="2024-04-10T10:16:11.607137" elapsed="0.000419"/>
</kw>
<kw name="Log" owner="BuiltIn">
<msg time="2024-04-10T10:16:11.607983" level="INFO">username</msg>
<arg>${keyTwo}</arg>
<doc>Logs the given message with the given level.</doc>
<status status="PASS" start="2024-04-10T10:16:11.607854" elapsed="0.000173"/>
</kw>
<var name="${keyTwo}">username</var>
<status status="PASS" start="2024-04-10T10:16:11.606300" elapsed="0.001951"/>
</iter>
<iter>
<kw name="Dictionary Should Contain Key" owner="Collections">
<msg time="2024-04-10T10:16:11.608968" level="INFO">False</msg>
<arg>${json_data['results'][0]['login']}</arg>
<arg>${keyTwo}</arg>
<doc>Fails if ``key`` is not found from ``dictionary``.</doc>
<status status="PASS" start="2024-04-10T10:16:11.608564" elapsed="0.000443"/>
</kw>
<kw name="Dictionary Should Contain Key" owner="Collections">
<msg time="2024-04-10T10:16:11.609694" level="INFO">False</msg>
<arg>${json_data['results'][0]['login']}</arg>
<arg>${keyTwo}</arg>
<doc>Fails if ``key`` is not found from ``dictionary``.</doc>
<status status="PASS" start="2024-04-10T10:16:11.609309" elapsed="0.000505"/>
</kw>
<kw name="Log" owner="BuiltIn">
<msg time="2024-04-10T10:16:11.610254" level="INFO">password</msg>
<arg>${keyTwo}</arg>
<doc>Logs the given message with the given level.</doc>
<status status="PASS" start="2024-04-10T10:16:11.610122" elapsed="0.000172"/>
</kw>
<var name="${keyTwo}">password</var>
<status status="PASS" start="2024-04-10T10:16:11.608425" elapsed="0.002093"/>
</iter>
<var>${keyTwo}</var>
<value>@{expected_keysTwo}</value>
<status status="PASS" start="2024-04-10T10:16:11.606150" elapsed="0.004491"/>
</for>
<status status="PASS" start="2024-04-10T10:16:11.495211" elapsed="0.115574"/>
</kw>
<doc>Testa a estrutura da resposta da API.</doc>
<tag>testeEstruturaResposta</tag>
<status status="PASS" start="2024-04-10T10:16:11.494677" elapsed="0.116267"/>
</test>
<test id="s1-s1-t4" name="Validar tipos de dados" line="28">
<kw name="Teste de Tipos de Dados" owner="random-user-service">
<kw name="GET On Session" owner="RequestsLibrary">
<msg time="2024-04-10T10:16:11.702032" level="INFO">GET Request : url=https://randomuser.me/api 
 path_url=/api 
 headers={'User-Agent': 'python-requests/2.31.0', 'Accept-Encoding': 'gzip, deflate', 'Accept': '*/*', 'Connection': 'keep-alive'} 
 body=None 
 </msg>
<msg time="2024-04-10T10:16:11.702121" level="INFO">GET Response : url=https://randomuser.me/api 
 status=200, reason=OK 
 headers={'Date': 'Wed, 10 Apr 2024 10:16:11 GMT', 'Content-Type': 'application/json; charset=utf-8', 'Transfer-Encoding': 'chunked', 'Connection': 'keep-alive', 'X-Powered-By': 'Express', 'Access-Control-Allow-Origin': '*', 'Cache-Control': 'no-cache', 'ETag': 'W/"47b-LM3pcT1wSGvVlY9j344DfCqIzlU"', 'Vary': 'Accept-Encoding', 'Content-Encoding': 'gzip', 'CF-Cache-Status': 'DYNAMIC', 'Report-To': '{"endpoints":[{"url":"https:\\/\\/a.nel.cloudflare.com\\/report\\/v4?s=UwX9YmAg8l6dOQY3v3vJHAM2OvNSH1dGOKbpz0Qv2rBjikRcL%2FSZMnspVx4m7MVj%2Ba2BMxTyQoR519%2BoBK0LTYJK9mooCzMQdBellqgcf8d5xY18ufldwoP0Pmq%2BtwTT"}],"group":"cf-nel","max_age":604800}', 'NEL': '{"success_fraction":0,"report_to":"cf-nel","max_age":604800}', 'Server': 'cloudflare', 'CF-RAY': '8721fae099d6230a-SJC', 'alt-svc': 'h3=":443"; ma=86400'} 
 body={"results":[{"gender":"male","name":{"title":"Mr","first":"Jerry","last":"Henry"},"location":{"street":{"number":1792,"name":"Herbert Road"},"city":"Cashel","state":"Offaly","country":"Ireland","postcode":39906,"coordinates":{"latitude":"3.3523","longitude":"-6.7068"},"timezone":{"offset":"+4:00","description":"Abu Dhabi, Muscat, Baku, Tbilisi"}},"email":"jerry.henry@example.com","login":{"uuid":"769243b5-2cf9-42f9-adba-c75eab9cd932","username":"sadostrich794","password":"smegma","salt":"iY7Jh7Ky","md5":"f880f2c2c93f904b26360a11faed85c6","sha1":"fc808b9361728e9a1c158b5f65cb6fd4f2d09437","sha256":"8b075d14485a36f7bea519cd77f6cb76477202aa80475b9266b3a64fe65bfb95"},"dob":{"date":"1971-07-03T08:03:26.575Z","age":52},"registered":{"date":"2008-10-17T03:32:54.309Z","age":15},"phone":"051-758-8521","cell":"081-898-6304","id":{"name":"PPS","value":"0038767T"},"picture":{"large":"https://randomuser.me/api/portraits/men/93.jpg","medium":"https://randomuser.me/api/portraits/med/men/93.jpg","thumbnail":"https://randomuser.me/api/portraits/thumb/men/93.jpg"},"nat":"IE"}],"info":{"seed":"72896fbdbfba135f","results":1,"page":1,"version":"1.4"}} 
 </msg>
<msg time="2024-04-10T10:16:11.702189" level="INFO">/opt/hostedtoolcache/Python/3.12.2/x64/lib/python3.12/site-packages/urllib3/connectionpool.py:1103: InsecureRequestWarning: Unverified HTTPS request is being made to host 'randomuser.me'. Adding certificate verification is strongly advised. See: https://urllib3.readthedocs.io/en/latest/advanced-usage.html#tls-warnings
  warnings.warn(</msg>
<msg time="2024-04-10T10:16:11.702304" level="INFO">${response} = &lt;Response [200]&gt;</msg>
<var>${response}</var>
<arg>consultarAPI</arg>
<arg>/api</arg>
<doc>Sends a GET request on a previously created HTTP Session.</doc>
<status status="PASS" start="2024-04-10T10:16:11.613553" elapsed="0.088792"/>
</kw>
<kw name="Set Variable" owner="BuiltIn">
<msg time="2024-04-10T10:16:11.703472" level="INFO">${json_data} = {'results': [{'gender': 'male', 'name': {'title': 'Mr', 'first': 'Jerry', 'last': 'Henry'}, 'location': {'street': {'number': 1792, 'name': 'Herbert Road'}, 'city': 'Cashel', 'state': 'Offaly', 'count...</msg>
<var>${json_data}</var>
<arg>${response.json()}</arg>
<doc>Returns the given values which can then be assigned to a variables.</doc>
<status status="PASS" start="2024-04-10T10:16:11.702929" elapsed="0.000571"/>
</kw>
<kw name="Log" owner="BuiltIn">
<msg time="2024-04-10T10:16:11.703971" level="INFO">{'results': [{'gender': 'male', 'name': {'title': 'Mr', 'first': 'Jerry', 'last': 'Henry'}, 'location': {'street': {'number': 1792, 'name': 'Herbert Road'}, 'city': 'Cashel', 'state': 'Offaly', 'country': 'Ireland', 'postcode': 39906, 'coordinates': {'latitude': '3.3523', 'longitude': '-6.7068'}, 'timezone': {'offset': '+4:00', 'description': 'Abu Dhabi, Muscat, Baku, Tbilisi'}}, 'email': 'jerry.henry@example.com', 'login': {'uuid': '769243b5-2cf9-42f9-adba-c75eab9cd932', 'username': 'sadostrich794', 'password': 'smegma', 'salt': 'iY7Jh7Ky', 'md5': 'f880f2c2c93f904b26360a11faed85c6', 'sha1': 'fc808b9361728e9a1c158b5f65cb6fd4f2d09437', 'sha256': '8b075d14485a36f7bea519cd77f6cb76477202aa80475b9266b3a64fe65bfb95'}, 'dob': {'date': '1971-07-03T08:03:26.575Z', 'age': 52}, 'registered': {'date': '2008-10-17T03:32:54.309Z', 'age': 15}, 'phone': '051-758-8521', 'cell': '081-898-6304', 'id': {'name': 'PPS', 'value': '0038767T'}, 'picture': {'large': 'https://randomuser.me/api/portraits/men/93.jpg', 'medium': 'https://randomuser.me/api/portraits/med/men/93.jpg', 'thumbnail': 'https://randomuser.me/api/portraits/thumb/men/93.jpg'}, 'nat': 'IE'}], 'info': {'seed': '72896fbdbfba135f', 'results': 1, 'page': 1, 'version': '1.4'}}</msg>
<arg>${json_data}</arg>
<doc>Logs the given message with the given level.</doc>
<status status="PASS" start="2024-04-10T10:16:11.703814" elapsed="0.000243"/>
</kw>
<kw name="Should Be String" owner="String">
<arg>${json_data['results'][0]['gender']}</arg>
<doc>Fails if the given ``item`` is not a string.</doc>
<status status="PASS" start="2024-04-10T10:16:11.704361" elapsed="0.000418"/>
</kw>
<kw name="Should Match Regexp" owner="BuiltIn">
<arg>${json_data['results'][0]['email']}</arg>
<arg>^[a-zA-Z0-9._%+-]+@[a-zA-Z0-9.-]+\.[a-zA-Z]{2,}$</arg>
<doc>Fails if ``string`` does not match ``pattern`` as a regular expression.</doc>
<status status="PASS" start="2024-04-10T10:16:11.704976" elapsed="0.000536"/>
</kw>
<kw name="Should Match Regexp" owner="BuiltIn">
<arg>${json_data['results'][0]['dob']['date']}</arg>
<arg>\\d{4}-\\d{2}-\\d{2}T\\d{2}:\\d{2}:\\d{2}\\.\\d{3}Z</arg>
<doc>Fails if ``string`` does not match ``pattern`` as a regular expression.</doc>
<status status="PASS" start="2024-04-10T10:16:11.705714" elapsed="0.000499"/>
</kw>
<kw name="Should Match Regexp" owner="BuiltIn">
<arg>${json_data['results'][0]['registered']['date']}</arg>
<arg>\\d{4}-\\d{2}-\\d{2}T\\d{2}:\\d{2}:\\d{2}\\.\\d{3}Z</arg>
<doc>Fails if ``string`` does not match ``pattern`` as a regular expression.</doc>
<status status="PASS" start="2024-04-10T10:16:11.706407" elapsed="0.000419"/>
</kw>
<kw name="Should Match Regexp" owner="BuiltIn">
<arg>${json_data['results'][0]['picture']['large']}</arg>
<arg>^https?://.*\.(?:png|jpe?g|gif|bmp)$</arg>
<doc>Fails if ``string`` does not match ``pattern`` as a regular expression.</doc>
<status status="PASS" start="2024-04-10T10:16:11.707020" elapsed="0.000470"/>
</kw>
<kw name="Should Match Regexp" owner="BuiltIn">
<arg>${json_data['results'][0]['picture']['medium']}</arg>
<arg>^https?://.*\.(?:png|jpe?g|gif|bmp)$</arg>
<doc>Fails if ``string`` does not match ``pattern`` as a regular expression.</doc>
<status status="PASS" start="2024-04-10T10:16:11.707683" elapsed="0.000424"/>
</kw>
<kw name="Should Match Regexp" owner="BuiltIn">
<arg>${json_data['results'][0]['picture']['thumbnail']}</arg>
<arg>^https?://.*\.(?:png|jpe?g|gif|bmp)$</arg>
<doc>Fails if ``string`` does not match ``pattern`` as a regular expression.</doc>
<status status="PASS" start="2024-04-10T10:16:11.708340" elapsed="0.000394"/>
</kw>
<kw name="Log" owner="BuiltIn">
<msg time="2024-04-10T10:16:11.709254" level="INFO">{'large': 'https://randomuser.me/api/portraits/men/93.jpg', 'medium': 'https://randomuser.me/api/portraits/med/men/93.jpg', 'thumbnail': 'https://randomuser.me/api/portraits/thumb/men/93.jpg'}</msg>
<arg>${json_data['results'][0]['picture']}</arg>
<doc>Logs the given message with the given level.</doc>
<status status="PASS" start="2024-04-10T10:16:11.708921" elapsed="0.000375"/>
</kw>
<status status="PASS" start="2024-04-10T10:16:11.613321" elapsed="0.096235"/>
</kw>
<kw name="Teste de Tipos de Dados - Postcode" owner="random-user-service">
<kw name="GET On Session" owner="RequestsLibrary">
<msg time="2024-04-10T10:16:11.798549" level="INFO">GET Request : url=https://randomuser.me/api 
 path_url=/api 
 headers={'User-Agent': 'python-requests/2.31.0', 'Accept-Encoding': 'gzip, deflate', 'Accept': '*/*', 'Connection': 'keep-alive'} 
 body=None 
 </msg>
<msg time="2024-04-10T10:16:11.798656" level="INFO">GET Response : url=https://randomuser.me/api 
 status=200, reason=OK 
 headers={'Date': 'Wed, 10 Apr 2024 10:16:11 GMT', 'Content-Type': 'application/json; charset=utf-8', 'Transfer-Encoding': 'chunked', 'Connection': 'keep-alive', 'X-Powered-By': 'Express', 'Access-Control-Allow-Origin': '*', 'Cache-Control': 'no-cache', 'ETag': 'W/"495-QsrDVMLjQa2MsVQ8+K9R2TCAeiY"', 'Vary': 'Accept-Encoding', 'Content-Encoding': 'gzip', 'CF-Cache-Status': 'DYNAMIC', 'Report-To': '{"endpoints":[{"url":"https:\\/\\/a.nel.cloudflare.com\\/report\\/v4?s=857TtDJUTBAxkV3DxjnhKFGkm%2BP0WiZ0vg49vD76qkO98RWhrzSGYex%2FEINAHOq8dEvwtsO4qXNZ%2BnXe7qshnWAWTTQOUpDteHkfZIGfh%2FunRvU2MjlJm5aDo%2BrHRmYx"}],"group":"cf-nel","max_age":604800}', 'NEL': '{"success_fraction":0,"report_to":"cf-nel","max_age":604800}', 'Server': 'cloudflare', 'CF-RAY': '8721fae13a35230a-SJC', 'alt-svc': 'h3=":443"; ma=86400'} 
 body={"results":[{"gender":"female","name":{"title":"Miss","first":"Tejaswi","last":"Nand"},"location":{"street":{"number":6185,"name":"China Bazaar Rd"},"city":"Bidhannagar","state":"Haryana","country":"India","postcode":13455,"coordinates":{"latitude":"10.3749","longitude":"95.5185"},"timezone":{"offset":"+9:00","description":"Tokyo, Seoul, Osaka, Sapporo, Yakutsk"}},"email":"tejaswi.nand@example.com","login":{"uuid":"e94e9225-0943-4e88-8a67-df1492c0bb7d","username":"heavyswan963","password":"hatred","salt":"Lrm6FFrO","md5":"34c5afa806ef828dbd35022e24a7a425","sha1":"2de40e428b72127c6c707d60fb4c4196050cab63","sha256":"0dbde782d134d396cd81f924ffa0f557782741019d9a8d73fa9d5ebdd4564914"},"dob":{"date":"1949-06-07T17:19:02.266Z","age":74},"registered":{"date":"2007-11-05T22:02:03.094Z","age":16},"phone":"7707748950","cell":"7314217354","id":{"name":"UIDAI","value":"462274287263"},"picture":{"large":"https://randomuser.me/api/portraits/women/56.jpg","medium":"https://randomuser.me/api/portraits/med/women/56.jpg","thumbnail":"https://randomuser.me/api/portraits/thumb/women/56.jpg"},"nat":"IN"}],"info":{"seed":"c9e30b7656d40a35","results":1,"page":1,"version":"1.4"}} 
 </msg>
<msg time="2024-04-10T10:16:11.798733" level="INFO">/opt/hostedtoolcache/Python/3.12.2/x64/lib/python3.12/site-packages/urllib3/connectionpool.py:1103: InsecureRequestWarning: Unverified HTTPS request is being made to host 'randomuser.me'. Adding certificate verification is strongly advised. See: https://urllib3.readthedocs.io/en/latest/advanced-usage.html#tls-warnings
  warnings.warn(</msg>
<msg time="2024-04-10T10:16:11.798873" level="INFO">${response} = &lt;Response [200]&gt;</msg>
<var>${response}</var>
<arg>consultarAPI</arg>
<arg>/api</arg>
<doc>Sends a GET request on a previously created HTTP Session.</doc>
<status status="PASS" start="2024-04-10T10:16:11.710037" elapsed="0.088884"/>
</kw>
<kw name="Set Variable" owner="BuiltIn">
<msg time="2024-04-10T10:16:11.800103" level="INFO">${json_data} = {'results': [{'gender': 'female', 'name': {'title': 'Miss', 'first': 'Tejaswi', 'last': 'Nand'}, 'location': {'street': {'number': 6185, 'name': 'China Bazaar Rd'}, 'city': 'Bidhannagar', 'state': 'Ha...</msg>
<var>${json_data}</var>
<arg>${response.json()}</arg>
<doc>Returns the given values which can then be assigned to a variables.</doc>
<status status="PASS" start="2024-04-10T10:16:11.799553" elapsed="0.000578"/>
</kw>
<kw name="Log" owner="BuiltIn">
<msg time="2024-04-10T10:16:11.800630" level="INFO">{'results': [{'gender': 'female', 'name': {'title': 'Miss', 'first': 'Tejaswi', 'last': 'Nand'}, 'location': {'street': {'number': 6185, 'name': 'China Bazaar Rd'}, 'city': 'Bidhannagar', 'state': 'Haryana', 'country': 'India', 'postcode': 13455, 'coordinates': {'latitude': '10.3749', 'longitude': '95.5185'}, 'timezone': {'offset': '+9:00', 'description': 'Tokyo, Seoul, Osaka, Sapporo, Yakutsk'}}, 'email': 'tejaswi.nand@example.com', 'login': {'uuid': 'e94e9225-0943-4e88-8a67-df1492c0bb7d', 'username': 'heavyswan963', 'password': 'hatred', 'salt': 'Lrm6FFrO', 'md5': '34c5afa806ef828dbd35022e24a7a425', 'sha1': '2de40e428b72127c6c707d60fb4c4196050cab63', 'sha256': '0dbde782d134d396cd81f924ffa0f557782741019d9a8d73fa9d5ebdd4564914'}, 'dob': {'date': '1949-06-07T17:19:02.266Z', 'age': 74}, 'registered': {'date': '2007-11-05T22:02:03.094Z', 'age': 16}, 'phone': '7707748950', 'cell': '7314217354', 'id': {'name': 'UIDAI', 'value': '462274287263'}, 'picture': {'large': 'https://randomuser.me/api/portraits/women/56.jpg', 'medium': 'https://randomuser.me/api/portraits/med/women/56.jpg', 'thumbnail': 'https://randomuser.me/api/portraits/thumb/women/56.jpg'}, 'nat': 'IN'}], 'info': {'seed': 'c9e30b7656d40a35', 'results': 1, 'page': 1, 'version': '1.4'}}</msg>
<arg>${json_data}</arg>
<doc>Logs the given message with the given level.</doc>
<status status="PASS" start="2024-04-10T10:16:11.800442" elapsed="0.000280"/>
</kw>
<kw name="Should Be Equal As Numbers" owner="BuiltIn">
<arg>${json_data['results'][0]['location']['postcode']}</arg>
<arg>${json_data['results'][0]['location']['postcode']}</arg>
<doc>Fails if objects are unequal after converting them to real numbers.</doc>
<status status="PASS" start="2024-04-10T10:16:11.801030" elapsed="0.000805"/>
</kw>
<kw name="Log" owner="BuiltIn">
<msg time="2024-04-10T10:16:11.802374" level="INFO">13455</msg>
<arg>${json_data['results'][0]['location']['postcode']}</arg>
<doc>Logs the given message with the given level.</doc>
<status status="PASS" start="2024-04-10T10:16:11.802033" elapsed="0.000383"/>
</kw>
<status status="PASS" start="2024-04-10T10:16:11.709790" elapsed="0.092887"/>
</kw>
<doc>Testa se os tipos de dados na resposta da API estão corretos.</doc>
<tag>testeTiposDados</tag>
<status status="PASS" start="2024-04-10T10:16:11.612747" elapsed="0.190103"/>
</test>
<test id="s1-s1-t5" name="Validar conteudo" line="35">
<kw name="Teste de Tipos de Conteudo" owner="random-user-service">
<kw name="GET On Session" owner="RequestsLibrary">
<msg time="2024-04-10T10:16:11.903229" level="INFO">GET Request : url=https://randomuser.me/api 
 path_url=/api 
 headers={'User-Agent': 'python-requests/2.31.0', 'Accept-Encoding': 'gzip, deflate', 'Accept': '*/*', 'Connection': 'keep-alive'} 
 body=None 
 </msg>
<msg time="2024-04-10T10:16:11.903331" level="INFO">GET Response : url=https://randomuser.me/api 
 status=200, reason=OK 
 headers={'Date': 'Wed, 10 Apr 2024 10:16:11 GMT', 'Content-Type': 'application/json; charset=utf-8', 'Transfer-Encoding': 'chunked', 'Connection': 'keep-alive', 'X-Powered-By': 'Express', 'Access-Control-Allow-Origin': '*', 'Cache-Control': 'no-cache', 'ETag': 'W/"472-FqeB9AZR+yBa9C3FS1zOZjDErIg"', 'Vary': 'Accept-Encoding', 'Content-Encoding': 'gzip', 'CF-Cache-Status': 'DYNAMIC', 'Report-To': '{"endpoints":[{"url":"https:\\/\\/a.nel.cloudflare.com\\/report\\/v4?s=0w4q%2FtyFYntrR4akD4r2rMMxgfxAqV96vhibgg%2FoaUIujBv2jbAaaTXGfnCA7xyHo5yYtUoUmP63WzYFzQBtumVld5NHVqGcbG6GfZmu%2BjZQOkniuge7i%2BrWaCNLixdo"}],"group":"cf-nel","max_age":604800}', 'NEL': '{"success_fraction":0,"report_to":"cf-nel","max_age":604800}', 'Server': 'cloudflare', 'CF-RAY': '8721fae1ca9f230a-SJC', 'alt-svc': 'h3=":443"; ma=86400'} 
 body={"results":[{"gender":"male","name":{"title":"Mr","first":"Theo","last":"Lo"},"location":{"street":{"number":9280,"name":"Dalhousie Ave"},"city":"Armstrong","state":"Nunavut","country":"Canada","postcode":"U8U 9D5","coordinates":{"latitude":"-71.0177","longitude":"-135.0122"},"timezone":{"offset":"-12:00","description":"Eniwetok, Kwajalein"}},"email":"theo.lo@example.com","login":{"uuid":"d80e5091-6a63-4e7d-9552-af654ba5d40a","username":"goldendog707","password":"elvis","salt":"AOzm6BYL","md5":"6cad2731966eb8d5a423602cd5310816","sha1":"b55f5589b18a8fa408f63339cf4f5ae444c772fd","sha256":"1a270544caa808db5fd08eb48e23ee12c05cd74e5c35431b6e2fccb98e8d812f"},"dob":{"date":"1999-10-05T07:38:52.054Z","age":24},"registered":{"date":"2011-01-14T16:12:27.024Z","age":13},"phone":"I76 I82-0625","cell":"O93 P19-3845","id":{"name":"SIN","value":"559235742"},"picture":{"large":"https://randomuser.me/api/portraits/men/37.jpg","medium":"https://randomuser.me/api/portraits/med/men/37.jpg","thumbnail":"https://randomuser.me/api/portraits/thumb/men/37.jpg"},"nat":"CA"}],"info":{"seed":"78127abcfa693145","results":1,"page":1,"version":"1.4"}} 
 </msg>
<msg time="2024-04-10T10:16:11.903405" level="INFO">/opt/hostedtoolcache/Python/3.12.2/x64/lib/python3.12/site-packages/urllib3/connectionpool.py:1103: InsecureRequestWarning: Unverified HTTPS request is being made to host 'randomuser.me'. Adding certificate verification is strongly advised. See: https://urllib3.readthedocs.io/en/latest/advanced-usage.html#tls-warnings
  warnings.warn(</msg>
<msg time="2024-04-10T10:16:11.903522" level="INFO">${response} = &lt;Response [200]&gt;</msg>
<var>${response}</var>
<arg>consultarAPI</arg>
<arg>/api</arg>
<doc>Sends a GET request on a previously created HTTP Session.</doc>
<status status="PASS" start="2024-04-10T10:16:11.805423" elapsed="0.098138"/>
</kw>
<kw name="Set Variable" owner="BuiltIn">
<msg time="2024-04-10T10:16:11.904739" level="INFO">${json_data} = {'results': [{'gender': 'male', 'name': {'title': 'Mr', 'first': 'Theo', 'last': 'Lo'}, 'location': {'street': {'number': 9280, 'name': 'Dalhousie Ave'}, 'city': 'Armstrong', 'state': 'Nunavut', 'coun...</msg>
<var>${json_data}</var>
<arg>${response.json()}</arg>
<doc>Returns the given values which can then be assigned to a variables.</doc>
<status status="PASS" start="2024-04-10T10:16:11.904135" elapsed="0.000633"/>
</kw>
<kw name="Set Variable" owner="BuiltIn">
<msg time="2024-04-10T10:16:11.905465" level="INFO">${name_title} = Mr</msg>
<var>${name_title}</var>
<arg>${json_data["results"][0]["name"]["title"]}</arg>
<doc>Returns the given values which can then be assigned to a variables.</doc>
<status status="PASS" start="2024-04-10T10:16:11.905078" elapsed="0.000412"/>
</kw>
<kw name="Create List" owner="BuiltIn">
<msg time="2024-04-10T10:16:11.905941" level="INFO">${allowed_titles} = ['Mr', 'Ms', 'Miss', 'Mrs', 'Madame', 'Monsieur']</msg>
<var>${allowed_titles}</var>
<arg>Mr</arg>
<arg>Ms</arg>
<arg>Miss</arg>
<arg>Mrs</arg>
<arg>Madame</arg>
<arg>Monsieur</arg>
<doc>Returns a list containing given items.</doc>
<status status="PASS" start="2024-04-10T10:16:11.905792" elapsed="0.000173"/>
</kw>
<kw name="List Should Contain Value" owner="Collections">
<msg time="2024-04-10T10:16:11.906444" level="INFO">False</msg>
<arg>${allowed_titles}</arg>
<arg>${name_title}</arg>
<doc>Fails if the ``value`` is not found from ``list``.</doc>
<status status="PASS" start="2024-04-10T10:16:11.906270" elapsed="0.000210"/>
</kw>
<kw name="Set Variable" owner="BuiltIn">
<msg time="2024-04-10T10:16:11.907157" level="INFO">${name_country} = CA</msg>
<var>${name_country}</var>
<arg>${json_data["results"][0]["nat"]}</arg>
<doc>Returns the given values which can then be assigned to a variables.</doc>
<status status="PASS" start="2024-04-10T10:16:11.906772" elapsed="0.000410"/>
</kw>
<kw name="Create List" owner="BuiltIn">
<msg time="2024-04-10T10:16:11.908108" level="INFO">${list_country} = ['AD', 'AE', 'AF', 'AG', 'AI', 'AL', 'AM', 'AO', 'AQ', 'AR', 'AS', 'AT', 'AU', 'AW', 'AX', 'AZ', 'BA', 'BB', 'BD', 'BE', 'BF', 'BG', 'BH', 'BI', 'BJ', 'BL', 'BM', 'BN', 'BO', 'BQ', 'BR', 'BS', 'BT', '...</msg>
<var>${list_country}</var>
<arg>AD</arg>
<arg>AE</arg>
<arg>AF</arg>
<arg>AG</arg>
<arg>AI</arg>
<arg>AL</arg>
<arg>AM</arg>
<arg>AO</arg>
<arg>AQ</arg>
<arg>AR</arg>
<arg>AS</arg>
<arg>AT</arg>
<arg>AU</arg>
<arg>AW</arg>
<arg>AX</arg>
<arg>AZ</arg>
<arg>BA</arg>
<arg>BB</arg>
<arg>BD</arg>
<arg>BE</arg>
<arg>BF</arg>
<arg>BG</arg>
<arg>BH</arg>
<arg>BI</arg>
<arg>BJ</arg>
<arg>BL</arg>
<arg>BM</arg>
<arg>BN</arg>
<arg>BO</arg>
<arg>BQ</arg>
<arg>BR</arg>
<arg>BS</arg>
<arg>BT</arg>
<arg>BV</arg>
<arg>BW</arg>
<arg>BY</arg>
<arg>BZ</arg>
<arg>CA</arg>
<arg>CC</arg>
<arg>CD</arg>
<arg>CF</arg>
<arg>CG</arg>
<arg>CH</arg>
<arg>CI</arg>
<arg>CK</arg>
<arg>CL</arg>
<arg>CM</arg>
<arg>CN</arg>
<arg>CO</arg>
<arg>CR</arg>
<arg>CU</arg>
<arg>CV</arg>
<arg>CW</arg>
<arg>CX</arg>
<arg>CY</arg>
<arg>CZ</arg>
<arg>DE</arg>
<arg>DJ</arg>
<arg>DK</arg>
<arg>DM</arg>
<arg>DO</arg>
<arg>DZ</arg>
<arg>EC</arg>
<arg>EE</arg>
<arg>EG</arg>
<arg>EH</arg>
<arg>ER</arg>
<arg>ES</arg>
<arg>ET</arg>
<arg>FI</arg>
<arg>FJ</arg>
<arg>FK</arg>
<arg>FM</arg>
<arg>FO</arg>
<arg>FR</arg>
<arg>GA</arg>
<arg>GB</arg>
<arg>GD</arg>
<arg>GE</arg>
<arg>GF</arg>
<arg>GG</arg>
<arg>GH</arg>
<arg>GI</arg>
<arg>GL</arg>
<arg>GM</arg>
<arg>GN</arg>
<arg>GP</arg>
<arg>GQ</arg>
<arg>GR</arg>
<arg>GS</arg>
<arg>GT</arg>
<arg>GU</arg>
<arg>GW</arg>
<arg>GY</arg>
<arg>HK</arg>
<arg>HM</arg>
<arg>HN</arg>
<arg>HR</arg>
<arg>HT</arg>
<arg>HU</arg>
<arg>ID</arg>
<arg>IE</arg>
<arg>IL</arg>
<arg>IM</arg>
<arg>IN</arg>
<arg>IO</arg>
<arg>IQ</arg>
<arg>IR</arg>
<arg>IS</arg>
<arg>IT</arg>
<arg>JE</arg>
<arg>JM</arg>
<arg>JO</arg>
<arg>JP</arg>
<arg>KE</arg>
<arg>KG</arg>
<arg>KH</arg>
<arg>KI</arg>
<arg>KM</arg>
<arg>KN</arg>
<arg>KP</arg>
<arg>KR</arg>
<arg>KW</arg>
<arg>KY</arg>
<arg>KZ</arg>
<arg>LA</arg>
<arg>LB</arg>
<arg>LC</arg>
<arg>LI</arg>
<arg>LK</arg>
<arg>LR</arg>
<arg>LS</arg>
<arg>LT</arg>
<arg>LU</arg>
<arg>LV</arg>
<arg>LY</arg>
<arg>MA</arg>
<arg>MC</arg>
<arg>MD</arg>
<arg>ME</arg>
<arg>MF</arg>
<arg>MG</arg>
<arg>MH</arg>
<arg>MK</arg>
<arg>ML</arg>
<arg>MM</arg>
<arg>MN</arg>
<arg>MO</arg>
<arg>MP</arg>
<arg>MQ</arg>
<arg>MR</arg>
<arg>MS</arg>
<arg>MT</arg>
<arg>MU</arg>
<arg>MV</arg>
<arg>MW</arg>
<arg>MX</arg>
<arg>MY</arg>
<arg>MZ</arg>
<arg>NA</arg>
<arg>NC</arg>
<arg>NE</arg>
<arg>NF</arg>
<arg>NG</arg>
<arg>NI</arg>
<arg>NL</arg>
<arg>NO</arg>
<arg>NP</arg>
<arg>NR</arg>
<arg>NU</arg>
<arg>NZ</arg>
<arg>OM</arg>
<arg>PA</arg>
<arg>PE</arg>
<arg>PF</arg>
<arg>PG</arg>
<arg>PH</arg>
<arg>PK</arg>
<arg>PL</arg>
<arg>PM</arg>
<arg>PN</arg>
<arg>PR</arg>
<arg>PS</arg>
<arg>PT</arg>
<arg>PW</arg>
<arg>PY</arg>
<arg>QA</arg>
<arg>RE</arg>
<arg>RO</arg>
<arg>RS</arg>
<arg>RU</arg>
<arg>RW</arg>
<arg>SA</arg>
<arg>SB</arg>
<arg>SC</arg>
<arg>SD</arg>
<arg>SE</arg>
<arg>SG</arg>
<arg>SH</arg>
<arg>SI</arg>
<arg>SJ</arg>
<arg>SK</arg>
<arg>SL</arg>
<arg>SM</arg>
<arg>SN</arg>
<arg>SO</arg>
<arg>SR</arg>
<arg>SS</arg>
<arg>ST</arg>
<arg>SV</arg>
<arg>SX</arg>
<arg>SY</arg>
<arg>SZ</arg>
<arg>TC</arg>
<arg>TD</arg>
<arg>TF</arg>
<arg>TG</arg>
<arg>TH</arg>
<arg>TJ</arg>
<arg>TK</arg>
<arg>TL</arg>
<arg>TM</arg>
<arg>TN</arg>
<arg>TO</arg>
<arg>TR</arg>
<arg>TT</arg>
<arg>TV</arg>
<arg>TW</arg>
<arg>TZ</arg>
<arg>UA</arg>
<arg>UG</arg>
<arg>UM</arg>
<arg>US</arg>
<arg>UY</arg>
<arg>UZ</arg>
<arg>VA</arg>
<arg>VC</arg>
<arg>VE</arg>
<arg>VG</arg>
<arg>VI</arg>
<arg>VN</arg>
<arg>VU</arg>
<arg>WF</arg>
<arg>WS</arg>
<arg>XK</arg>
<arg>YE</arg>
<arg>YT</arg>
<arg>ZA</arg>
<arg>ZM</arg>
<arg>ZW</arg>
<doc>Returns a list containing given items.</doc>
<status status="PASS" start="2024-04-10T10:16:11.907498" elapsed="0.000636"/>
</kw>
<kw name="List Should Contain Value" owner="Collections">
<msg time="2024-04-10T10:16:11.909236" level="INFO">False</msg>
<arg>${list_country}</arg>
<arg>${name_country}</arg>
<doc>Fails if the ``value`` is not found from ``list``.</doc>
<status status="PASS" start="2024-04-10T10:16:11.909030" elapsed="0.000244"/>
</kw>
<kw name="Run Keyword If" owner="BuiltIn">
<kw name="Should Be True" owner="BuiltIn">
<arg>${True}</arg>
<doc>Fails if the given condition is not true.</doc>
<status status="PASS" start="2024-04-10T10:16:11.910346" elapsed="0.000145"/>
</kw>
<arg>${json_data["results"][0]["location"]["coordinates"]["latitude"]} &gt;= -90 and ${json_data["results"][0]["location"]["coordinates"]["latitude"]} &lt;= 90</arg>
<arg>Should Be True</arg>
<arg>${True}</arg>
<doc>Runs the given keyword with the given arguments, if ``condition`` is true.</doc>
<status status="PASS" start="2024-04-10T10:16:11.909594" elapsed="0.001024"/>
</kw>
<kw name="Run Keyword If" owner="BuiltIn">
<kw name="Should Be True" owner="BuiltIn">
<arg>${True}</arg>
<doc>Fails if the given condition is not true.</doc>
<status status="PASS" start="2024-04-10T10:16:11.911490" elapsed="0.000256"/>
</kw>
<arg>${json_data["results"][0]["location"]["coordinates"]["longitude"]} &gt;= -180 and ${json_data["results"][0]["location"]["coordinates"]["longitude"]} &lt;= 180</arg>
<arg>Should Be True</arg>
<arg>${True}</arg>
<doc>Runs the given keyword with the given arguments, if ``condition`` is true.</doc>
<status status="PASS" start="2024-04-10T10:16:11.910802" elapsed="0.001069"/>
</kw>
<status status="PASS" start="2024-04-10T10:16:11.805195" elapsed="0.106810"/>
</kw>
<doc>Testa o conteúdo específico dos campos retornados pela API.</doc>
<tag>testeConteudo</tag>
<status status="PASS" start="2024-04-10T10:16:11.804661" elapsed="0.107496"/>
</test>
<status status="PASS" start="2024-04-10T10:16:11.052050" elapsed="0.862118"/>
</suite>
<status status="PASS" start="2024-04-10T10:16:11.038301" elapsed="0.881193"/>
</suite>
<statistics>
<total>
<stat pass="5" fail="0" skip="0">All Tests</stat>
</total>
<tag>
<stat pass="1" fail="0" skip="0">testeConteudo</stat>
<stat pass="1" fail="0" skip="0">testeEstruturaResposta</stat>
<stat pass="1" fail="0" skip="0">testeRequisicaoBasica</stat>
<stat pass="1" fail="0" skip="0">testeTiposDados</stat>
</tag>
<suite>
<stat pass="5" fail="0" skip="0" id="s1" name="Tests">Tests</stat>
<stat pass="5" fail="0" skip="0" id="s1-s1" name="Random-User-Test">Tests.Random-User-Test</stat>
</suite>
</statistics>
<errors>
</errors>
</robot>
