<?xml version="1.0" encoding="UTF-8"?>
<robot generator="Robot 7.0.1 (Python 3.12.4 on linux)" generated="2024-07-06T13:15:17.066545" rpa="false" schemaversion="5">
<suite id="s1" name="Tests" source="/home/runner/work/ApiRandomUser/ApiRandomUser/RamdonUser/tests">
<suite id="s1-s1" name="Random-User-Test" source="/home/runner/work/ApiRandomUser/ApiRandomUser/RamdonUser/tests/random-user-test.robot">
<test id="s1-s1-t1" name="Conectar" line="13">
<kw name="Conectar API" owner="random-user-service">
<kw name="Create Session" owner="RequestsLibrary">
<msg time="2024-07-06T13:15:17.572326" level="INFO">Creating Session using : alias=consultarAPI, url=https://randomuser.me/, headers={},                     cookies={}, auth=None, timeout=None, proxies=None, verify=False,                     debug=0 </msg>
<arg>consultarAPI</arg>
<arg>${URL}</arg>
<doc>Create Session: create a HTTP session to a server</doc>
<status status="PASS" start="2024-07-06T13:15:17.572058" elapsed="0.000514"/>
</kw>
<status status="PASS" start="2024-07-06T13:15:17.570804" elapsed="0.002226"/>
</kw>
<status status="PASS" start="2024-07-06T13:15:17.570074" elapsed="0.003186"/>
</test>
<test id="s1-s1-t2" name="Validar retorno 200 e JSON Válido" line="16">
<kw name="Teste de Requisicao Basica" owner="random-user-service">
<kw name="GET On Session" owner="RequestsLibrary">
<msg time="2024-07-06T13:15:17.796687" level="INFO">GET Request : url=https://randomuser.me/api 
 path_url=/api 
 headers={'User-Agent': 'python-requests/2.32.3', 'Accept-Encoding': 'gzip, deflate', 'Accept': '*/*', 'Connection': 'keep-alive'} 
 body=None 
 </msg>
<msg time="2024-07-06T13:15:17.796919" level="INFO">GET Response : url=https://randomuser.me/api 
 status=200, reason=OK 
 headers={'Date': 'Sat, 06 Jul 2024 13:15:17 GMT', 'Content-Type': 'application/json; charset=utf-8', 'Transfer-Encoding': 'chunked', 'Connection': 'keep-alive', 'X-Powered-By': 'Express', 'Access-Control-Allow-Origin': '*', 'Cache-Control': 'no-cache', 'ETag': 'W/"472-fHTZjaoyptNfj2lVOgy9ef6w69M"', 'Vary': 'Accept-Encoding', 'Content-Encoding': 'gzip', 'CF-Cache-Status': 'DYNAMIC', 'Report-To': '{"endpoints":[{"url":"https:\\/\\/a.nel.cloudflare.com\\/report\\/v4?s=O%2FDLSg1y28woyVYGUFxhQEE4kXEbqSo16qjUepgJ2EaKjfSQdJ2be00O0Ak9e13KcNiq45cdkbu4dPZHRfsTO2g6OWWfnEpPHl2ja%2FxVRvLMQmJY5bKLr1bUBI5vYM0l"}],"group":"cf-nel","max_age":604800}', 'NEL': '{"success_fraction":0,"report_to":"cf-nel","max_age":604800}', 'Server': 'cloudflare', 'CF-RAY': '89efdcdc0b408212-IAD', 'alt-svc': 'h3=":443"; ma=86400'} 
 body={"results":[{"gender":"female","name":{"title":"Mrs","first":"Eva","last":"Harris"},"location":{"street":{"number":5646,"name":"Bridge Street"},"city":"New Plymouth","state":"Waikato","country":"New Zealand","postcode":86919,"coordinates":{"latitude":"55.0644","longitude":"86.7795"},"timezone":{"offset":"-9:00","description":"Alaska"}},"email":"eva.harris@example.com","login":{"uuid":"4462918d-d646-4200-bbfa-7b602abf65c8","username":"redladybug741","password":"wolfpack","salt":"AryibcUT","md5":"15cf35ad7f6734db434002e6871d9ff1","sha1":"595757365328eeb97a0a74ad4e3083b2a88b01bc","sha256":"16304cc509db62fd41057ae61266500f2ed23f605fb00aed7e80ac2ed3241140"},"dob":{"date":"1968-02-12T18:35:22.869Z","age":56},"registered":{"date":"2003-05-17T18:44:04.568Z","age":21},"phone":"(679)-437-5556","cell":"(093)-485-7772","id":{"name":"","value":null},"picture":{"large":"https://randomuser.me/api/portraits/women/13.jpg","medium":"https://randomuser.me/api/portraits/med/women/13.jpg","thumbnail":"https://randomuser.me/api/portraits/thumb/women/13.jpg"},"nat":"NZ"}],"info":{"seed":"da883bc01c890a63","results":1,"page":1,"version":"1.4"}} 
 </msg>
<msg time="2024-07-06T13:15:17.797051" level="INFO">/opt/hostedtoolcache/Python/3.12.4/x64/lib/python3.12/site-packages/urllib3/connectionpool.py:1099: InsecureRequestWarning: Unverified HTTPS request is being made to host 'randomuser.me'. Adding certificate verification is strongly advised. See: https://urllib3.readthedocs.io/en/latest/advanced-usage.html#tls-warnings
  warnings.warn(</msg>
<msg time="2024-07-06T13:15:17.797304" level="INFO">${response} = &lt;Response [200]&gt;</msg>
<var>${response}</var>
<arg>consultarAPI</arg>
<arg>/api</arg>
<doc>Sends a GET request on a previously created HTTP Session.</doc>
<status status="PASS" start="2024-07-06T13:15:17.576354" elapsed="0.221000"/>
</kw>
<kw name="Should Be Equal As Numbers" owner="BuiltIn">
<msg time="2024-07-06T13:15:17.798841" level="INFO">Argument types are:
&lt;class 'int'&gt;
&lt;class 'str'&gt;</msg>
<arg>${response.status_code}</arg>
<arg>200</arg>
<doc>Fails if objects are unequal after converting them to real numbers.</doc>
<status status="PASS" start="2024-07-06T13:15:17.798199" elapsed="0.000730"/>
</kw>
<kw name="Log" owner="BuiltIn">
<msg time="2024-07-06T13:15:17.799832" level="INFO">200</msg>
<arg>${response.status_code}</arg>
<doc>Logs the given message with the given level.</doc>
<status status="PASS" start="2024-07-06T13:15:17.799403" elapsed="0.000477"/>
</kw>
<kw name="Set Variable" owner="BuiltIn">
<msg time="2024-07-06T13:15:17.800750" level="INFO">${json_data} = {'results': [{'gender': 'female', 'name': {'title': 'Mrs', 'first': 'Eva', 'last': 'Harris'}, 'location': {'street': {'number': 5646, 'name': 'Bridge Street'}, 'city': 'New Plymouth', 'state': 'Waikat...</msg>
<var>${json_data}</var>
<arg>${response.json()}</arg>
<doc>Returns the given values which can then be assigned to a variables.</doc>
<status status="PASS" start="2024-07-06T13:15:17.800233" elapsed="0.000552"/>
</kw>
<kw name="Dictionary Should Contain Key" owner="Collections">
<arg>${json_data}</arg>
<arg>results</arg>
<doc>Fails if ``key`` is not found from ``dictionary``.</doc>
<status status="PASS" start="2024-07-06T13:15:17.801123" elapsed="0.000204"/>
</kw>
<status status="PASS" start="2024-07-06T13:15:17.576046" elapsed="0.225462"/>
</kw>
<doc>Testa se a API responde corretamente e retorna um objeto JSON válido.</doc>
<tag>testeRequisicaoBasica</tag>
<status status="PASS" start="2024-07-06T13:15:17.575309" elapsed="0.226432"/>
</test>
<test id="s1-s1-t3" name="Validar estrutura de resposta" line="22">
<kw name="Teste de Estrutura de Resposta" owner="random-user-service">
<kw name="GET On Session" owner="RequestsLibrary">
<msg time="2024-07-06T13:15:18.171581" level="INFO">GET Request : url=https://randomuser.me/api 
 path_url=/api 
 headers={'User-Agent': 'python-requests/2.32.3', 'Accept-Encoding': 'gzip, deflate', 'Accept': '*/*', 'Connection': 'keep-alive'} 
 body=None 
 </msg>
<msg time="2024-07-06T13:15:18.171731" level="INFO">GET Response : url=https://randomuser.me/api 
 status=200, reason=OK 
 headers={'Date': 'Sat, 06 Jul 2024 13:15:18 GMT', 'Content-Type': 'application/json; charset=utf-8', 'Transfer-Encoding': 'chunked', 'Connection': 'keep-alive', 'X-Powered-By': 'Express', 'Access-Control-Allow-Origin': '*', 'Cache-Control': 'no-cache', 'ETag': 'W/"4ae-YBBXoNco84vz653Owa8dSswuPeA"', 'Vary': 'Accept-Encoding', 'Content-Encoding': 'gzip', 'CF-Cache-Status': 'DYNAMIC', 'Report-To': '{"endpoints":[{"url":"https:\\/\\/a.nel.cloudflare.com\\/report\\/v4?s=LjWDaY5OtlGb0mufJwEbzBrqDuaggQog9%2Bf%2FjmcE1ZI1Hkt7W6OSH9bFO139IgatXuyn2EQd6HLxyTeosatffSuldigSu8imHk7HLcp9HqSc1EUk8TuZeECW03TZKk0M"}],"group":"cf-nel","max_age":604800}', 'NEL': '{"success_fraction":0,"report_to":"cf-nel","max_age":604800}', 'Server': 'cloudflare', 'CF-RAY': '89efdcdc4b7e8212-IAD', 'alt-svc': 'h3=":443"; ma=86400'} 
 body={"results":[{"gender":"female","name":{"title":"Mademoiselle","first":"Ella","last":"Lefebvre"},"location":{"street":{"number":8250,"name":"Rue Pierre-Delore"},"city":"Chavornay","state":"Genève","country":"Switzerland","postcode":5839,"coordinates":{"latitude":"-63.8680","longitude":"74.2733"},"timezone":{"offset":"+5:30","description":"Bombay, Calcutta, Madras, New Delhi"}},"email":"ella.lefebvre@example.com","login":{"uuid":"48abdf24-bc78-45ee-a3cd-c4ca84882218","username":"smallrabbit354","password":"robotics","salt":"VEGw453o","md5":"b10ee8645d90d3e6f6a369204bd88115","sha1":"24097674540d24f15c5bd0e349f60286614f9b3a","sha256":"f787d4e8c3bd5a71ac3172312ce4a2babf9e0e068831137bcd598587e6ce8795"},"dob":{"date":"1988-02-20T12:45:02.175Z","age":36},"registered":{"date":"2015-12-28T19:17:34.974Z","age":8},"phone":"077 111 53 30","cell":"079 745 54 57","id":{"name":"AVS","value":"756.8915.5955.84"},"picture":{"large":"https://randomuser.me/api/portraits/women/51.jpg","medium":"https://randomuser.me/api/portraits/med/women/51.jpg","thumbnail":"https://randomuser.me/api/portraits/thumb/women/51.jpg"},"nat":"CH"}],"info":{"seed":"92f2ad5b3ceb4e65","results":1,"page":1,"version":"1.4"}} 
 </msg>
<msg time="2024-07-06T13:15:18.171904" level="INFO">/opt/hostedtoolcache/Python/3.12.4/x64/lib/python3.12/site-packages/urllib3/connectionpool.py:1099: InsecureRequestWarning: Unverified HTTPS request is being made to host 'randomuser.me'. Adding certificate verification is strongly advised. See: https://urllib3.readthedocs.io/en/latest/advanced-usage.html#tls-warnings
  warnings.warn(</msg>
<msg time="2024-07-06T13:15:18.172048" level="INFO">${response} = &lt;Response [200]&gt;</msg>
<var>${response}</var>
<arg>consultarAPI</arg>
<arg>/api</arg>
<doc>Sends a GET request on a previously created HTTP Session.</doc>
<status status="PASS" start="2024-07-06T13:15:17.804879" elapsed="0.367201"/>
</kw>
<kw name="Set Variable" owner="BuiltIn">
<msg time="2024-07-06T13:15:18.173372" level="INFO">${json_data} = {'results': [{'gender': 'female', 'name': {'title': 'Mademoiselle', 'first': 'Ella', 'last': 'Lefebvre'}, 'location': {'street': {'number': 8250, 'name': 'Rue Pierre-Delore'}, 'city': 'Chavornay', 'st...</msg>
<var>${json_data}</var>
<arg>${response.json()}</arg>
<doc>Returns the given values which can then be assigned to a variables.</doc>
<status status="PASS" start="2024-07-06T13:15:18.172760" elapsed="0.000644"/>
</kw>
<kw name="Log" owner="BuiltIn">
<msg time="2024-07-06T13:15:18.173911" level="INFO">{'results': [{'gender': 'female', 'name': {'title': 'Mademoiselle', 'first': 'Ella', 'last': 'Lefebvre'}, 'location': {'street': {'number': 8250, 'name': 'Rue Pierre-Delore'}, 'city': 'Chavornay', 'state': 'Genève', 'country': 'Switzerland', 'postcode': 5839, 'coordinates': {'latitude': '-63.8680', 'longitude': '74.2733'}, 'timezone': {'offset': '+5:30', 'description': 'Bombay, Calcutta, Madras, New Delhi'}}, 'email': 'ella.lefebvre@example.com', 'login': {'uuid': '48abdf24-bc78-45ee-a3cd-c4ca84882218', 'username': 'smallrabbit354', 'password': 'robotics', 'salt': 'VEGw453o', 'md5': 'b10ee8645d90d3e6f6a369204bd88115', 'sha1': '24097674540d24f15c5bd0e349f60286614f9b3a', 'sha256': 'f787d4e8c3bd5a71ac3172312ce4a2babf9e0e068831137bcd598587e6ce8795'}, 'dob': {'date': '1988-02-20T12:45:02.175Z', 'age': 36}, 'registered': {'date': '2015-12-28T19:17:34.974Z', 'age': 8}, 'phone': '077 111 53 30', 'cell': '079 745 54 57', 'id': {'name': 'AVS', 'value': '756.8915.5955.84'}, 'picture': {'large': 'https://randomuser.me/api/portraits/women/51.jpg', 'medium': 'https://randomuser.me/api/portraits/med/women/51.jpg', 'thumbnail': 'https://randomuser.me/api/portraits/thumb/women/51.jpg'}, 'nat': 'CH'}], 'info': {'seed': '92f2ad5b3ceb4e65', 'results': 1, 'page': 1, 'version': '1.4'}}</msg>
<arg>${json_data}</arg>
<doc>Logs the given message with the given level.</doc>
<status status="PASS" start="2024-07-06T13:15:18.173736" elapsed="0.000228"/>
</kw>
<kw name="Dictionary Should Contain Key" owner="Collections">
<arg>${json_data}</arg>
<arg>results</arg>
<doc>Fails if ``key`` is not found from ``dictionary``.</doc>
<status status="PASS" start="2024-07-06T13:15:18.174261" elapsed="0.000168"/>
</kw>
<kw name="Should Not Be Empty" owner="BuiltIn">
<msg time="2024-07-06T13:15:18.174758" level="INFO">Length is 2.</msg>
<arg>${json_data}</arg>
<doc>Verifies that the given item is not empty.</doc>
<status status="PASS" start="2024-07-06T13:15:18.174624" elapsed="0.000175"/>
</kw>
<kw name="Create List" owner="BuiltIn">
<msg time="2024-07-06T13:15:18.175612" level="INFO">${expected_keys} = ['gender', 'name', 'location', 'email', 'login']</msg>
<var>${expected_keys}</var>
<arg>gender</arg>
<arg>name</arg>
<arg>location</arg>
<arg>email</arg>
<arg>login</arg>
<doc>Returns a list containing given items.</doc>
<status status="PASS" start="2024-07-06T13:15:18.175110" elapsed="0.000529"/>
</kw>
<for flavor="IN">
<iter>
<kw name="Dictionary Should Contain Key" owner="Collections">
<arg>${json_data['results'][0]}</arg>
<arg>${key}</arg>
<doc>Fails if ``key`` is not found from ``dictionary``.</doc>
<status status="PASS" start="2024-07-06T13:15:18.176353" elapsed="0.000473"/>
</kw>
<kw name="Log" owner="BuiltIn">
<msg time="2024-07-06T13:15:18.177401" level="INFO">{'gender': 'female', 'name': {'title': 'Mademoiselle', 'first': 'Ella', 'last': 'Lefebvre'}, 'location': {'street': {'number': 8250, 'name': 'Rue Pierre-Delore'}, 'city': 'Chavornay', 'state': 'Genève', 'country': 'Switzerland', 'postcode': 5839, 'coordinates': {'latitude': '-63.8680', 'longitude': '74.2733'}, 'timezone': {'offset': '+5:30', 'description': 'Bombay, Calcutta, Madras, New Delhi'}}, 'email': 'ella.lefebvre@example.com', 'login': {'uuid': '48abdf24-bc78-45ee-a3cd-c4ca84882218', 'username': 'smallrabbit354', 'password': 'robotics', 'salt': 'VEGw453o', 'md5': 'b10ee8645d90d3e6f6a369204bd88115', 'sha1': '24097674540d24f15c5bd0e349f60286614f9b3a', 'sha256': 'f787d4e8c3bd5a71ac3172312ce4a2babf9e0e068831137bcd598587e6ce8795'}, 'dob': {'date': '1988-02-20T12:45:02.175Z', 'age': 36}, 'registered': {'date': '2015-12-28T19:17:34.974Z', 'age': 8}, 'phone': '077 111 53 30', 'cell': '079 745 54 57', 'id': {'name': 'AVS', 'value': '756.8915.5955.84'}, 'picture': {'large': 'https://randomuser.me/api/portraits/women/51.jpg', 'medium': 'https://randomuser.me/api/portraits/med/women/51.jpg', 'thumbnail': 'https://randomuser.me/api/portraits/thumb/women/51.jpg'}, 'nat': 'CH'}</msg>
<arg>${json_data['results'][0]}</arg>
<doc>Logs the given message with the given level.</doc>
<status status="PASS" start="2024-07-06T13:15:18.177014" elapsed="0.000440"/>
</kw>
<kw name="Log" owner="BuiltIn">
<msg time="2024-07-06T13:15:18.177919" level="INFO">gender</msg>
<arg>${key}</arg>
<doc>Logs the given message with the given level.</doc>
<status status="PASS" start="2024-07-06T13:15:18.177781" elapsed="0.000180"/>
</kw>
<var name="${key}">gender</var>
<status status="PASS" start="2024-07-06T13:15:18.176217" elapsed="0.001969"/>
</iter>
<iter>
<kw name="Dictionary Should Contain Key" owner="Collections">
<arg>${json_data['results'][0]}</arg>
<arg>${key}</arg>
<doc>Fails if ``key`` is not found from ``dictionary``.</doc>
<status status="PASS" start="2024-07-06T13:15:18.178520" elapsed="0.000403"/>
</kw>
<kw name="Log" owner="BuiltIn">
<msg time="2024-07-06T13:15:18.179566" level="INFO">{'gender': 'female', 'name': {'title': 'Mademoiselle', 'first': 'Ella', 'last': 'Lefebvre'}, 'location': {'street': {'number': 8250, 'name': 'Rue Pierre-Delore'}, 'city': 'Chavornay', 'state': 'Genève', 'country': 'Switzerland', 'postcode': 5839, 'coordinates': {'latitude': '-63.8680', 'longitude': '74.2733'}, 'timezone': {'offset': '+5:30', 'description': 'Bombay, Calcutta, Madras, New Delhi'}}, 'email': 'ella.lefebvre@example.com', 'login': {'uuid': '48abdf24-bc78-45ee-a3cd-c4ca84882218', 'username': 'smallrabbit354', 'password': 'robotics', 'salt': 'VEGw453o', 'md5': 'b10ee8645d90d3e6f6a369204bd88115', 'sha1': '24097674540d24f15c5bd0e349f60286614f9b3a', 'sha256': 'f787d4e8c3bd5a71ac3172312ce4a2babf9e0e068831137bcd598587e6ce8795'}, 'dob': {'date': '1988-02-20T12:45:02.175Z', 'age': 36}, 'registered': {'date': '2015-12-28T19:17:34.974Z', 'age': 8}, 'phone': '077 111 53 30', 'cell': '079 745 54 57', 'id': {'name': 'AVS', 'value': '756.8915.5955.84'}, 'picture': {'large': 'https://randomuser.me/api/portraits/women/51.jpg', 'medium': 'https://randomuser.me/api/portraits/med/women/51.jpg', 'thumbnail': 'https://randomuser.me/api/portraits/thumb/women/51.jpg'}, 'nat': 'CH'}</msg>
<arg>${json_data['results'][0]}</arg>
<doc>Logs the given message with the given level.</doc>
<status status="PASS" start="2024-07-06T13:15:18.179148" elapsed="0.000477"/>
</kw>
<kw name="Log" owner="BuiltIn">
<msg time="2024-07-06T13:15:18.180062" level="INFO">name</msg>
<arg>${key}</arg>
<doc>Logs the given message with the given level.</doc>
<status status="PASS" start="2024-07-06T13:15:18.179934" elapsed="0.000167"/>
</kw>
<var name="${key}">name</var>
<status status="PASS" start="2024-07-06T13:15:18.178394" elapsed="0.001937"/>
</iter>
<iter>
<kw name="Dictionary Should Contain Key" owner="Collections">
<arg>${json_data['results'][0]}</arg>
<arg>${key}</arg>
<doc>Fails if ``key`` is not found from ``dictionary``.</doc>
<status status="PASS" start="2024-07-06T13:15:18.180651" elapsed="0.000391"/>
</kw>
<kw name="Log" owner="BuiltIn">
<msg time="2024-07-06T13:15:18.181582" level="INFO">{'gender': 'female', 'name': {'title': 'Mademoiselle', 'first': 'Ella', 'last': 'Lefebvre'}, 'location': {'street': {'number': 8250, 'name': 'Rue Pierre-Delore'}, 'city': 'Chavornay', 'state': 'Genève', 'country': 'Switzerland', 'postcode': 5839, 'coordinates': {'latitude': '-63.8680', 'longitude': '74.2733'}, 'timezone': {'offset': '+5:30', 'description': 'Bombay, Calcutta, Madras, New Delhi'}}, 'email': 'ella.lefebvre@example.com', 'login': {'uuid': '48abdf24-bc78-45ee-a3cd-c4ca84882218', 'username': 'smallrabbit354', 'password': 'robotics', 'salt': 'VEGw453o', 'md5': 'b10ee8645d90d3e6f6a369204bd88115', 'sha1': '24097674540d24f15c5bd0e349f60286614f9b3a', 'sha256': 'f787d4e8c3bd5a71ac3172312ce4a2babf9e0e068831137bcd598587e6ce8795'}, 'dob': {'date': '1988-02-20T12:45:02.175Z', 'age': 36}, 'registered': {'date': '2015-12-28T19:17:34.974Z', 'age': 8}, 'phone': '077 111 53 30', 'cell': '079 745 54 57', 'id': {'name': 'AVS', 'value': '756.8915.5955.84'}, 'picture': {'large': 'https://randomuser.me/api/portraits/women/51.jpg', 'medium': 'https://randomuser.me/api/portraits/med/women/51.jpg', 'thumbnail': 'https://randomuser.me/api/portraits/thumb/women/51.jpg'}, 'nat': 'CH'}</msg>
<arg>${json_data['results'][0]}</arg>
<doc>Logs the given message with the given level.</doc>
<status status="PASS" start="2024-07-06T13:15:18.181227" elapsed="0.000406"/>
</kw>
<kw name="Log" owner="BuiltIn">
<msg time="2024-07-06T13:15:18.182065" level="INFO">location</msg>
<arg>${key}</arg>
<doc>Logs the given message with the given level.</doc>
<status status="PASS" start="2024-07-06T13:15:18.181937" elapsed="0.000168"/>
</kw>
<var name="${key}">location</var>
<status status="PASS" start="2024-07-06T13:15:18.180536" elapsed="0.001790"/>
</iter>
<iter>
<kw name="Dictionary Should Contain Key" owner="Collections">
<arg>${json_data['results'][0]}</arg>
<arg>${key}</arg>
<doc>Fails if ``key`` is not found from ``dictionary``.</doc>
<status status="PASS" start="2024-07-06T13:15:18.182617" elapsed="0.000395"/>
</kw>
<kw name="Log" owner="BuiltIn">
<msg time="2024-07-06T13:15:18.183597" level="INFO">{'gender': 'female', 'name': {'title': 'Mademoiselle', 'first': 'Ella', 'last': 'Lefebvre'}, 'location': {'street': {'number': 8250, 'name': 'Rue Pierre-Delore'}, 'city': 'Chavornay', 'state': 'Genève', 'country': 'Switzerland', 'postcode': 5839, 'coordinates': {'latitude': '-63.8680', 'longitude': '74.2733'}, 'timezone': {'offset': '+5:30', 'description': 'Bombay, Calcutta, Madras, New Delhi'}}, 'email': 'ella.lefebvre@example.com', 'login': {'uuid': '48abdf24-bc78-45ee-a3cd-c4ca84882218', 'username': 'smallrabbit354', 'password': 'robotics', 'salt': 'VEGw453o', 'md5': 'b10ee8645d90d3e6f6a369204bd88115', 'sha1': '24097674540d24f15c5bd0e349f60286614f9b3a', 'sha256': 'f787d4e8c3bd5a71ac3172312ce4a2babf9e0e068831137bcd598587e6ce8795'}, 'dob': {'date': '1988-02-20T12:45:02.175Z', 'age': 36}, 'registered': {'date': '2015-12-28T19:17:34.974Z', 'age': 8}, 'phone': '077 111 53 30', 'cell': '079 745 54 57', 'id': {'name': 'AVS', 'value': '756.8915.5955.84'}, 'picture': {'large': 'https://randomuser.me/api/portraits/women/51.jpg', 'medium': 'https://randomuser.me/api/portraits/med/women/51.jpg', 'thumbnail': 'https://randomuser.me/api/portraits/thumb/women/51.jpg'}, 'nat': 'CH'}</msg>
<arg>${json_data['results'][0]}</arg>
<doc>Logs the given message with the given level.</doc>
<status status="PASS" start="2024-07-06T13:15:18.183196" elapsed="0.000452"/>
</kw>
<kw name="Log" owner="BuiltIn">
<msg time="2024-07-06T13:15:18.184086" level="INFO">email</msg>
<arg>${key}</arg>
<doc>Logs the given message with the given level.</doc>
<status status="PASS" start="2024-07-06T13:15:18.183960" elapsed="0.000165"/>
</kw>
<var name="${key}">email</var>
<status status="PASS" start="2024-07-06T13:15:18.182504" elapsed="0.001840"/>
</iter>
<iter>
<kw name="Dictionary Should Contain Key" owner="Collections">
<arg>${json_data['results'][0]}</arg>
<arg>${key}</arg>
<doc>Fails if ``key`` is not found from ``dictionary``.</doc>
<status status="PASS" start="2024-07-06T13:15:18.184643" elapsed="0.000429"/>
</kw>
<kw name="Log" owner="BuiltIn">
<msg time="2024-07-06T13:15:18.185625" level="INFO">{'gender': 'female', 'name': {'title': 'Mademoiselle', 'first': 'Ella', 'last': 'Lefebvre'}, 'location': {'street': {'number': 8250, 'name': 'Rue Pierre-Delore'}, 'city': 'Chavornay', 'state': 'Genève', 'country': 'Switzerland', 'postcode': 5839, 'coordinates': {'latitude': '-63.8680', 'longitude': '74.2733'}, 'timezone': {'offset': '+5:30', 'description': 'Bombay, Calcutta, Madras, New Delhi'}}, 'email': 'ella.lefebvre@example.com', 'login': {'uuid': '48abdf24-bc78-45ee-a3cd-c4ca84882218', 'username': 'smallrabbit354', 'password': 'robotics', 'salt': 'VEGw453o', 'md5': 'b10ee8645d90d3e6f6a369204bd88115', 'sha1': '24097674540d24f15c5bd0e349f60286614f9b3a', 'sha256': 'f787d4e8c3bd5a71ac3172312ce4a2babf9e0e068831137bcd598587e6ce8795'}, 'dob': {'date': '1988-02-20T12:45:02.175Z', 'age': 36}, 'registered': {'date': '2015-12-28T19:17:34.974Z', 'age': 8}, 'phone': '077 111 53 30', 'cell': '079 745 54 57', 'id': {'name': 'AVS', 'value': '756.8915.5955.84'}, 'picture': {'large': 'https://randomuser.me/api/portraits/women/51.jpg', 'medium': 'https://randomuser.me/api/portraits/med/women/51.jpg', 'thumbnail': 'https://randomuser.me/api/portraits/thumb/women/51.jpg'}, 'nat': 'CH'}</msg>
<arg>${json_data['results'][0]}</arg>
<doc>Logs the given message with the given level.</doc>
<status status="PASS" start="2024-07-06T13:15:18.185270" elapsed="0.000406"/>
</kw>
<kw name="Log" owner="BuiltIn">
<msg time="2024-07-06T13:15:18.186131" level="INFO">login</msg>
<arg>${key}</arg>
<doc>Logs the given message with the given level.</doc>
<status status="PASS" start="2024-07-06T13:15:18.185996" elapsed="0.000172"/>
</kw>
<var name="${key}">login</var>
<status status="PASS" start="2024-07-06T13:15:18.184523" elapsed="0.001864"/>
</iter>
<var>${key}</var>
<value>@{expected_keys}</value>
<status status="PASS" start="2024-07-06T13:15:18.175943" elapsed="0.010605"/>
</for>
<kw name="Create List" owner="BuiltIn">
<msg time="2024-07-06T13:15:18.186926" level="INFO">${expected_keysTwo} = ['username', 'password']</msg>
<var>${expected_keysTwo}</var>
<arg>username</arg>
<arg>password</arg>
<doc>Returns a list containing given items.</doc>
<status status="PASS" start="2024-07-06T13:15:18.186775" elapsed="0.000177"/>
</kw>
<for flavor="IN">
<iter>
<kw name="Dictionary Should Contain Key" owner="Collections">
<arg>${json_data['results'][0]['login']}</arg>
<arg>${keyTwo}</arg>
<doc>Fails if ``key`` is not found from ``dictionary``.</doc>
<status status="PASS" start="2024-07-06T13:15:18.187522" elapsed="0.000407"/>
</kw>
<kw name="Dictionary Should Contain Key" owner="Collections">
<arg>${json_data['results'][0]['login']}</arg>
<arg>${keyTwo}</arg>
<doc>Fails if ``key`` is not found from ``dictionary``.</doc>
<status status="PASS" start="2024-07-06T13:15:18.188112" elapsed="0.000385"/>
</kw>
<kw name="Log" owner="BuiltIn">
<msg time="2024-07-06T13:15:18.188860" level="INFO">username</msg>
<arg>${keyTwo}</arg>
<doc>Logs the given message with the given level.</doc>
<status status="PASS" start="2024-07-06T13:15:18.188700" elapsed="0.000206"/>
</kw>
<var name="${keyTwo}">username</var>
<status status="PASS" start="2024-07-06T13:15:18.187408" elapsed="0.001745"/>
</iter>
<iter>
<kw name="Dictionary Should Contain Key" owner="Collections">
<arg>${json_data['results'][0]['login']}</arg>
<arg>${keyTwo}</arg>
<doc>Fails if ``key`` is not found from ``dictionary``.</doc>
<status status="PASS" start="2024-07-06T13:15:18.189449" elapsed="0.000392"/>
</kw>
<kw name="Dictionary Should Contain Key" owner="Collections">
<arg>${json_data['results'][0]['login']}</arg>
<arg>${keyTwo}</arg>
<doc>Fails if ``key`` is not found from ``dictionary``.</doc>
<status status="PASS" start="2024-07-06T13:15:18.190019" elapsed="0.000368"/>
</kw>
<kw name="Log" owner="BuiltIn">
<msg time="2024-07-06T13:15:18.190722" level="INFO">password</msg>
<arg>${keyTwo}</arg>
<doc>Logs the given message with the given level.</doc>
<status status="PASS" start="2024-07-06T13:15:18.190591" elapsed="0.000204"/>
</kw>
<var name="${keyTwo}">password</var>
<status status="PASS" start="2024-07-06T13:15:18.189340" elapsed="0.001896"/>
</iter>
<var>${keyTwo}</var>
<value>@{expected_keysTwo}</value>
<status status="PASS" start="2024-07-06T13:15:18.187200" elapsed="0.004188"/>
</for>
<status status="PASS" start="2024-07-06T13:15:17.804589" elapsed="0.386978"/>
</kw>
<doc>Testa a estrutura da resposta da API.</doc>
<tag>testeEstruturaResposta</tag>
<status status="PASS" start="2024-07-06T13:15:17.803906" elapsed="0.387852"/>
</test>
<test id="s1-s1-t4" name="Validar tipos de dados" line="28">
<kw name="Teste de Tipos de Dados" owner="random-user-service">
<kw name="GET On Session" owner="RequestsLibrary">
<msg time="2024-07-06T13:15:18.338127" level="INFO">GET Request : url=https://randomuser.me/api 
 path_url=/api 
 headers={'User-Agent': 'python-requests/2.32.3', 'Accept-Encoding': 'gzip, deflate', 'Accept': '*/*', 'Connection': 'keep-alive'} 
 body=None 
 </msg>
<msg time="2024-07-06T13:15:18.338247" level="INFO">GET Response : url=https://randomuser.me/api 
 status=200, reason=OK 
 headers={'Date': 'Sat, 06 Jul 2024 13:15:18 GMT', 'Content-Type': 'application/json; charset=utf-8', 'Transfer-Encoding': 'chunked', 'Connection': 'keep-alive', 'X-Powered-By': 'Express', 'Access-Control-Allow-Origin': '*', 'Cache-Control': 'no-cache', 'ETag': 'W/"48f-drRympBSUhBufDwWhgwREIZlRVw"', 'Vary': 'Accept-Encoding', 'Content-Encoding': 'gzip', 'CF-Cache-Status': 'DYNAMIC', 'Report-To': '{"endpoints":[{"url":"https:\\/\\/a.nel.cloudflare.com\\/report\\/v4?s=hOfZlP%2F5J9Jjz4hM0DxBPKiXlWsbioscfTI%2B9eQMtIHFP5sGdO9xdBkxPvETt7J%2F6h%2B5Nuw2YluB6K3u5SgA8RQb%2BwtWKo36zj1WRy%2B78gtsDtRh%2FuujQQb2mFHEpu9t"}],"group":"cf-nel","max_age":604800}', 'NEL': '{"success_fraction":0,"report_to":"cf-nel","max_age":604800}', 'Server': 'cloudflare', 'CF-RAY': '89efdcdebddc8212-IAD', 'alt-svc': 'h3=":443"; ma=86400'} 
 body={"results":[{"gender":"female","name":{"title":"Miss","first":"Elia","last":"Pierre"},"location":{"street":{"number":7269,"name":"Rue de la Gare"},"city":"Nanterre","state":"Marne","country":"France","postcode":67817,"coordinates":{"latitude":"-21.3288","longitude":"121.9286"},"timezone":{"offset":"+2:00","description":"Kaliningrad, South Africa"}},"email":"elia.pierre@example.com","login":{"uuid":"4d48ba9a-a481-4a5b-a07e-5761d3e2fac1","username":"tinygoose507","password":"hydro","salt":"qGgPuTAb","md5":"b0075c8b6913897ca34a7859a61b5b0a","sha1":"98e69780437c5569f535dc89002d62500d860cc1","sha256":"5c3f1db9ff97d803e198da1565ecf9aa606b1681079fbe90e2e8fd3ba2638996"},"dob":{"date":"1966-01-01T01:26:41.687Z","age":58},"registered":{"date":"2003-06-28T16:59:46.620Z","age":21},"phone":"01-81-96-80-11","cell":"06-43-07-45-54","id":{"name":"INSEE","value":"2651137348736 42"},"picture":{"large":"https://randomuser.me/api/portraits/women/79.jpg","medium":"https://randomuser.me/api/portraits/med/women/79.jpg","thumbnail":"https://randomuser.me/api/portraits/thumb/women/79.jpg"},"nat":"FR"}],"info":{"seed":"5f0906bcdbc0731c","results":1,"page":1,"version":"1.4"}} 
 </msg>
<msg time="2024-07-06T13:15:18.338332" level="INFO">/opt/hostedtoolcache/Python/3.12.4/x64/lib/python3.12/site-packages/urllib3/connectionpool.py:1099: InsecureRequestWarning: Unverified HTTPS request is being made to host 'randomuser.me'. Adding certificate verification is strongly advised. See: https://urllib3.readthedocs.io/en/latest/advanced-usage.html#tls-warnings
  warnings.warn(</msg>
<msg time="2024-07-06T13:15:18.338475" level="INFO">${response} = &lt;Response [200]&gt;</msg>
<var>${response}</var>
<arg>consultarAPI</arg>
<arg>/api</arg>
<doc>Sends a GET request on a previously created HTTP Session.</doc>
<status status="PASS" start="2024-07-06T13:15:18.194541" elapsed="0.143976"/>
</kw>
<kw name="Set Variable" owner="BuiltIn">
<msg time="2024-07-06T13:15:18.340183" level="INFO">${json_data} = {'results': [{'gender': 'female', 'name': {'title': 'Miss', 'first': 'Elia', 'last': 'Pierre'}, 'location': {'street': {'number': 7269, 'name': 'Rue de la Gare'}, 'city': 'Nanterre', 'state': 'Marne',...</msg>
<var>${json_data}</var>
<arg>${response.json()}</arg>
<doc>Returns the given values which can then be assigned to a variables.</doc>
<status status="PASS" start="2024-07-06T13:15:18.339516" elapsed="0.000709"/>
</kw>
<kw name="Log" owner="BuiltIn">
<msg time="2024-07-06T13:15:18.340764" level="INFO">{'results': [{'gender': 'female', 'name': {'title': 'Miss', 'first': 'Elia', 'last': 'Pierre'}, 'location': {'street': {'number': 7269, 'name': 'Rue de la Gare'}, 'city': 'Nanterre', 'state': 'Marne', 'country': 'France', 'postcode': 67817, 'coordinates': {'latitude': '-21.3288', 'longitude': '121.9286'}, 'timezone': {'offset': '+2:00', 'description': 'Kaliningrad, South Africa'}}, 'email': 'elia.pierre@example.com', 'login': {'uuid': '4d48ba9a-a481-4a5b-a07e-5761d3e2fac1', 'username': 'tinygoose507', 'password': 'hydro', 'salt': 'qGgPuTAb', 'md5': 'b0075c8b6913897ca34a7859a61b5b0a', 'sha1': '98e69780437c5569f535dc89002d62500d860cc1', 'sha256': '5c3f1db9ff97d803e198da1565ecf9aa606b1681079fbe90e2e8fd3ba2638996'}, 'dob': {'date': '1966-01-01T01:26:41.687Z', 'age': 58}, 'registered': {'date': '2003-06-28T16:59:46.620Z', 'age': 21}, 'phone': '01-81-96-80-11', 'cell': '06-43-07-45-54', 'id': {'name': 'INSEE', 'value': '2651137348736 42'}, 'picture': {'large': 'https://randomuser.me/api/portraits/women/79.jpg', 'medium': 'https://randomuser.me/api/portraits/med/women/79.jpg', 'thumbnail': 'https://randomuser.me/api/portraits/thumb/women/79.jpg'}, 'nat': 'FR'}], 'info': {'seed': '5f0906bcdbc0731c', 'results': 1, 'page': 1, 'version': '1.4'}}</msg>
<arg>${json_data}</arg>
<doc>Logs the given message with the given level.</doc>
<status status="PASS" start="2024-07-06T13:15:18.340593" elapsed="0.000223"/>
</kw>
<kw name="Should Be String" owner="String">
<arg>${json_data['results'][0]['gender']}</arg>
<doc>Fails if the given ``item`` is not a string.</doc>
<status status="PASS" start="2024-07-06T13:15:18.341120" elapsed="0.000430"/>
</kw>
<kw name="Should Match Regexp" owner="BuiltIn">
<arg>${json_data['results'][0]['email']}</arg>
<arg>^[a-zA-Z0-9._%+-]+@[a-zA-Z0-9.-]+\.[a-zA-Z]{2,}$</arg>
<doc>Fails if ``string`` does not match ``pattern`` as a regular expression.</doc>
<status status="PASS" start="2024-07-06T13:15:18.341747" elapsed="0.000565"/>
</kw>
<kw name="Should Match Regexp" owner="BuiltIn">
<arg>${json_data['results'][0]['dob']['date']}</arg>
<arg>\\d{4}-\\d{2}-\\d{2}T\\d{2}:\\d{2}:\\d{2}\\.\\d{3}Z</arg>
<doc>Fails if ``string`` does not match ``pattern`` as a regular expression.</doc>
<status status="PASS" start="2024-07-06T13:15:18.342524" elapsed="0.000503"/>
</kw>
<kw name="Should Match Regexp" owner="BuiltIn">
<arg>${json_data['results'][0]['registered']['date']}</arg>
<arg>\\d{4}-\\d{2}-\\d{2}T\\d{2}:\\d{2}:\\d{2}\\.\\d{3}Z</arg>
<doc>Fails if ``string`` does not match ``pattern`` as a regular expression.</doc>
<status status="PASS" start="2024-07-06T13:15:18.343233" elapsed="0.000419"/>
</kw>
<kw name="Should Match Regexp" owner="BuiltIn">
<arg>${json_data['results'][0]['picture']['large']}</arg>
<arg>^https?://.*\.(?:png|jpe?g|gif|bmp)$</arg>
<doc>Fails if ``string`` does not match ``pattern`` as a regular expression.</doc>
<status status="PASS" start="2024-07-06T13:15:18.343839" elapsed="0.000468"/>
</kw>
<kw name="Should Match Regexp" owner="BuiltIn">
<arg>${json_data['results'][0]['picture']['medium']}</arg>
<arg>^https?://.*\.(?:png|jpe?g|gif|bmp)$</arg>
<doc>Fails if ``string`` does not match ``pattern`` as a regular expression.</doc>
<status status="PASS" start="2024-07-06T13:15:18.344495" elapsed="0.000359"/>
</kw>
<kw name="Should Match Regexp" owner="BuiltIn">
<arg>${json_data['results'][0]['picture']['thumbnail']}</arg>
<arg>^https?://.*\.(?:png|jpe?g|gif|bmp)$</arg>
<doc>Fails if ``string`` does not match ``pattern`` as a regular expression.</doc>
<status status="PASS" start="2024-07-06T13:15:18.345045" elapsed="0.000349"/>
</kw>
<kw name="Log" owner="BuiltIn">
<msg time="2024-07-06T13:15:18.345909" level="INFO">{'large': 'https://randomuser.me/api/portraits/women/79.jpg', 'medium': 'https://randomuser.me/api/portraits/med/women/79.jpg', 'thumbnail': 'https://randomuser.me/api/portraits/thumb/women/79.jpg'}</msg>
<arg>${json_data['results'][0]['picture']}</arg>
<doc>Logs the given message with the given level.</doc>
<status status="PASS" start="2024-07-06T13:15:18.345578" elapsed="0.000374"/>
</kw>
<status status="PASS" start="2024-07-06T13:15:18.194258" elapsed="0.151959"/>
</kw>
<kw name="Teste de Tipos de Dados - Postcode" owner="random-user-service">
<kw name="GET On Session" owner="RequestsLibrary">
<msg time="2024-07-06T13:15:18.373471" level="INFO">GET Request : url=https://randomuser.me/api 
 path_url=/api 
 headers={'User-Agent': 'python-requests/2.32.3', 'Accept-Encoding': 'gzip, deflate', 'Accept': '*/*', 'Connection': 'keep-alive'} 
 body=None 
 </msg>
<msg time="2024-07-06T13:15:18.373602" level="INFO">GET Response : url=https://randomuser.me/api 
 status=200, reason=OK 
 headers={'Date': 'Sat, 06 Jul 2024 13:15:18 GMT', 'Content-Type': 'application/json; charset=utf-8', 'Transfer-Encoding': 'chunked', 'Connection': 'keep-alive', 'X-Powered-By': 'Express', 'Access-Control-Allow-Origin': '*', 'Cache-Control': 'no-cache', 'ETag': 'W/"4b4-EJxNzkXxjYcjlWl8mUCse6tsMJM"', 'Vary': 'Accept-Encoding', 'Content-Encoding': 'gzip', 'CF-Cache-Status': 'DYNAMIC', 'Report-To': '{"endpoints":[{"url":"https:\\/\\/a.nel.cloudflare.com\\/report\\/v4?s=%2FROAkIhD%2BKaLoX908NJij2fAIeD4%2BSYa0dg5Bs8IH9jw3%2BbmLmb7tT2Ctxzt8jMnoXdaHWMSNeiWTTpZedj2E5wGY8RJoER4tmtgtmzdyywHhrvV%2BPCoB8eD0zg%2F8pM%2F"}],"group":"cf-nel","max_age":604800}', 'NEL': '{"success_fraction":0,"report_to":"cf-nel","max_age":604800}', 'Server': 'cloudflare', 'CF-RAY': '89efdcdfaefa8212-IAD', 'alt-svc': 'h3=":443"; ma=86400'} 
 body={"results":[{"gender":"female","name":{"title":"Miss","first":"Berta","last":"Cantú"},"location":{"street":{"number":3348,"name":"Boulevard Norte Trejo"},"city":"Unión de Guadalupe","state":"Baja California","country":"Mexico","postcode":12684,"coordinates":{"latitude":"27.7517","longitude":"136.6504"},"timezone":{"offset":"+8:00","description":"Beijing, Perth, Singapore, Hong Kong"}},"email":"berta.cantu@example.com","login":{"uuid":"222d52e0-0f8b-4874-8daf-9b2a067def31","username":"yellowmeercat738","password":"pantie","salt":"9GSHErXZ","md5":"162a7e19d302305c21248e3152f4b98c","sha1":"656903133c971f010d5d3a0d8994fe87e034aaab","sha256":"4e22976493e96ea0336a5c69f4e7e5a1359f486179127a1af1f50a5a3476567d"},"dob":{"date":"1954-12-28T11:25:19.726Z","age":69},"registered":{"date":"2015-04-08T05:08:47.110Z","age":9},"phone":"(644) 889 2080","cell":"(613) 688 2277","id":{"name":"NSS","value":"44 81 78 1448 7"},"picture":{"large":"https://randomuser.me/api/portraits/women/5.jpg","medium":"https://randomuser.me/api/portraits/med/women/5.jpg","thumbnail":"https://randomuser.me/api/portraits/thumb/women/5.jpg"},"nat":"MX"}],"info":{"seed":"5e2d79b523b33919","results":1,"page":1,"version":"1.4"}} 
 </msg>
<msg time="2024-07-06T13:15:18.373704" level="INFO">/opt/hostedtoolcache/Python/3.12.4/x64/lib/python3.12/site-packages/urllib3/connectionpool.py:1099: InsecureRequestWarning: Unverified HTTPS request is being made to host 'randomuser.me'. Adding certificate verification is strongly advised. See: https://urllib3.readthedocs.io/en/latest/advanced-usage.html#tls-warnings
  warnings.warn(</msg>
<msg time="2024-07-06T13:15:18.373876" level="INFO">${response} = &lt;Response [200]&gt;</msg>
<var>${response}</var>
<arg>consultarAPI</arg>
<arg>/api</arg>
<doc>Sends a GET request on a previously created HTTP Session.</doc>
<status status="PASS" start="2024-07-06T13:15:18.346725" elapsed="0.027193"/>
</kw>
<kw name="Set Variable" owner="BuiltIn">
<msg time="2024-07-06T13:15:18.375536" level="INFO">${json_data} = {'results': [{'gender': 'female', 'name': {'title': 'Miss', 'first': 'Berta', 'last': 'Cantú'}, 'location': {'street': {'number': 3348, 'name': 'Boulevard Norte Trejo'}, 'city': 'Unión de Guadalupe', ...</msg>
<var>${json_data}</var>
<arg>${response.json()}</arg>
<doc>Returns the given values which can then be assigned to a variables.</doc>
<status status="PASS" start="2024-07-06T13:15:18.374793" elapsed="0.000778"/>
</kw>
<kw name="Log" owner="BuiltIn">
<msg time="2024-07-06T13:15:18.376112" level="INFO">{'results': [{'gender': 'female', 'name': {'title': 'Miss', 'first': 'Berta', 'last': 'Cantú'}, 'location': {'street': {'number': 3348, 'name': 'Boulevard Norte Trejo'}, 'city': 'Unión de Guadalupe', 'state': 'Baja California', 'country': 'Mexico', 'postcode': 12684, 'coordinates': {'latitude': '27.7517', 'longitude': '136.6504'}, 'timezone': {'offset': '+8:00', 'description': 'Beijing, Perth, Singapore, Hong Kong'}}, 'email': 'berta.cantu@example.com', 'login': {'uuid': '222d52e0-0f8b-4874-8daf-9b2a067def31', 'username': 'yellowmeercat738', 'password': 'pantie', 'salt': '9GSHErXZ', 'md5': '162a7e19d302305c21248e3152f4b98c', 'sha1': '656903133c971f010d5d3a0d8994fe87e034aaab', 'sha256': '4e22976493e96ea0336a5c69f4e7e5a1359f486179127a1af1f50a5a3476567d'}, 'dob': {'date': '1954-12-28T11:25:19.726Z', 'age': 69}, 'registered': {'date': '2015-04-08T05:08:47.110Z', 'age': 9}, 'phone': '(644) 889 2080', 'cell': '(613) 688 2277', 'id': {'name': 'NSS', 'value': '44 81 78 1448 7'}, 'picture': {'large': 'https://randomuser.me/api/portraits/women/5.jpg', 'medium': 'https://randomuser.me/api/portraits/med/women/5.jpg', 'thumbnail': 'https://randomuser.me/api/portraits/thumb/women/5.jpg'}, 'nat': 'MX'}], 'info': {'seed': '5e2d79b523b33919', 'results': 1, 'page': 1, 'version': '1.4'}}</msg>
<arg>${json_data}</arg>
<doc>Logs the given message with the given level.</doc>
<status status="PASS" start="2024-07-06T13:15:18.375935" elapsed="0.000227"/>
</kw>
<kw name="Should Be Equal As Numbers" owner="BuiltIn">
<arg>${json_data['results'][0]['location']['postcode']}</arg>
<arg>${json_data['results'][0]['location']['postcode']}</arg>
<doc>Fails if objects are unequal after converting them to real numbers.</doc>
<status status="PASS" start="2024-07-06T13:15:18.376466" elapsed="0.000662"/>
</kw>
<kw name="Log" owner="BuiltIn">
<msg time="2024-07-06T13:15:18.377936" level="INFO">12684</msg>
<arg>${json_data['results'][0]['location']['postcode']}</arg>
<doc>Logs the given message with the given level.</doc>
<status status="PASS" start="2024-07-06T13:15:18.377360" elapsed="0.000618"/>
</kw>
<status status="PASS" start="2024-07-06T13:15:18.346462" elapsed="0.031797"/>
</kw>
<doc>Testa se os tipos de dados na resposta da API estão corretos.</doc>
<tag>testeTiposDados</tag>
<status status="PASS" start="2024-07-06T13:15:18.193682" elapsed="0.184759"/>
</test>
<test id="s1-s1-t5" name="Validar conteudo" line="35">
<kw name="Teste de Tipos de Conteudo" owner="random-user-service">
<kw name="GET On Session" owner="RequestsLibrary">
<msg time="2024-07-06T13:15:18.478674" level="INFO">GET Request : url=https://randomuser.me/api 
 path_url=/api 
 headers={'User-Agent': 'python-requests/2.32.3', 'Accept-Encoding': 'gzip, deflate', 'Accept': '*/*', 'Connection': 'keep-alive'} 
 body=None 
 </msg>
<msg time="2024-07-06T13:15:18.478798" level="INFO">GET Response : url=https://randomuser.me/api 
 status=200, reason=OK 
 headers={'Date': 'Sat, 06 Jul 2024 13:15:18 GMT', 'Content-Type': 'application/json; charset=utf-8', 'Transfer-Encoding': 'chunked', 'Connection': 'keep-alive', 'X-Powered-By': 'Express', 'Access-Control-Allow-Origin': '*', 'Cache-Control': 'no-cache', 'ETag': 'W/"49c-nAKzJ+co6K5al5q71gz6YNGk3/o"', 'Vary': 'Accept-Encoding', 'Content-Encoding': 'gzip', 'CF-Cache-Status': 'DYNAMIC', 'Report-To': '{"endpoints":[{"url":"https:\\/\\/a.nel.cloudflare.com\\/report\\/v4?s=89IBPd%2F7fVtroCCJ2XoQVUhCg2hSNfD8ST7KUVdL68GQNiRoHs2pqdmn1xJ6bYynbnv5gp6ww0xEeyIuZYdBsvExTKkL33G29UhC1uVaeh%2FKo4oDFr2CBf8nfnaWdzFK"}],"group":"cf-nel","max_age":604800}', 'NEL': '{"success_fraction":0,"report_to":"cf-nel","max_age":604800}', 'Server': 'cloudflare', 'CF-RAY': '89efdcdfef518212-IAD', 'alt-svc': 'h3=":443"; ma=86400'} 
 body={"results":[{"gender":"male","name":{"title":"Monsieur","first":"Janis","last":"Fournier"},"location":{"street":{"number":9847,"name":"Rue de L'Abbé-Groult"},"city":"Urnäsch","state":"Fribourg","country":"Switzerland","postcode":5622,"coordinates":{"latitude":"-56.2701","longitude":"-29.7469"},"timezone":{"offset":"-12:00","description":"Eniwetok, Kwajalein"}},"email":"janis.fournier@example.com","login":{"uuid":"750f8e36-54f1-4c1c-8427-f959877932b4","username":"blackladybug991","password":"deadspin","salt":"ur9fUfUX","md5":"0ab2029c170b1d19b86b14ab172a3be4","sha1":"41fb9165e01961c98f8aee6abd472af83584a46e","sha256":"74e098df66b213b37ba04a98a89dcb283934a3a8c930b48b015be3521a955120"},"dob":{"date":"1977-11-19T04:53:23.470Z","age":46},"registered":{"date":"2008-10-11T20:36:07.786Z","age":15},"phone":"077 451 17 24","cell":"077 795 33 32","id":{"name":"AVS","value":"756.3054.7980.23"},"picture":{"large":"https://randomuser.me/api/portraits/men/60.jpg","medium":"https://randomuser.me/api/portraits/med/men/60.jpg","thumbnail":"https://randomuser.me/api/portraits/thumb/men/60.jpg"},"nat":"CH"}],"info":{"seed":"2337b3ea65ae2d5d","results":1,"page":1,"version":"1.4"}} 
 </msg>
<msg time="2024-07-06T13:15:18.478890" level="INFO">/opt/hostedtoolcache/Python/3.12.4/x64/lib/python3.12/site-packages/urllib3/connectionpool.py:1099: InsecureRequestWarning: Unverified HTTPS request is being made to host 'randomuser.me'. Adding certificate verification is strongly advised. See: https://urllib3.readthedocs.io/en/latest/advanced-usage.html#tls-warnings
  warnings.warn(</msg>
<msg time="2024-07-06T13:15:18.479039" level="INFO">${response} = &lt;Response [200]&gt;</msg>
<var>${response}</var>
<arg>consultarAPI</arg>
<arg>/api</arg>
<doc>Sends a GET request on a previously created HTTP Session.</doc>
<status status="PASS" start="2024-07-06T13:15:18.381378" elapsed="0.097692"/>
</kw>
<kw name="Set Variable" owner="BuiltIn">
<msg time="2024-07-06T13:15:18.480513" level="INFO">${json_data} = {'results': [{'gender': 'male', 'name': {'title': 'Monsieur', 'first': 'Janis', 'last': 'Fournier'}, 'location': {'street': {'number': 9847, 'name': "Rue de L'Abbé-Groult"}, 'city': 'Urnäsch', 'state'...</msg>
<var>${json_data}</var>
<arg>${response.json()}</arg>
<doc>Returns the given values which can then be assigned to a variables.</doc>
<status status="PASS" start="2024-07-06T13:15:18.479834" elapsed="0.000713"/>
</kw>
<kw name="Set Variable" owner="BuiltIn">
<msg time="2024-07-06T13:15:18.481310" level="INFO">${name_title} = Monsieur</msg>
<var>${name_title}</var>
<arg>${json_data["results"][0]["name"]["title"]}</arg>
<doc>Returns the given values which can then be assigned to a variables.</doc>
<status status="PASS" start="2024-07-06T13:15:18.480894" elapsed="0.000442"/>
</kw>
<kw name="Create List" owner="BuiltIn">
<msg time="2024-07-06T13:15:18.481795" level="INFO">${allowed_titles} = ['Mr', 'Ms', 'Miss', 'Mrs', 'Madame', 'Monsieur']</msg>
<var>${allowed_titles}</var>
<arg>Mr</arg>
<arg>Ms</arg>
<arg>Miss</arg>
<arg>Mrs</arg>
<arg>Madame</arg>
<arg>Monsieur</arg>
<doc>Returns a list containing given items.</doc>
<status status="PASS" start="2024-07-06T13:15:18.481645" elapsed="0.000177"/>
</kw>
<kw name="List Should Contain Value" owner="Collections">
<arg>${allowed_titles}</arg>
<arg>${name_title}</arg>
<doc>Fails if the ``value`` is not found from ``list``.</doc>
<status status="PASS" start="2024-07-06T13:15:18.482131" elapsed="0.000200"/>
</kw>
<kw name="Set Variable" owner="BuiltIn">
<msg time="2024-07-06T13:15:18.482911" level="INFO">${name_country} = CH</msg>
<var>${name_country}</var>
<arg>${json_data["results"][0]["nat"]}</arg>
<doc>Returns the given values which can then be assigned to a variables.</doc>
<status status="PASS" start="2024-07-06T13:15:18.482529" elapsed="0.000409"/>
</kw>
<kw name="Create List" owner="BuiltIn">
<msg time="2024-07-06T13:15:18.483868" level="INFO">${list_country} = ['AD', 'AE', 'AF', 'AG', 'AI', 'AL', 'AM', 'AO', 'AQ', 'AR', 'AS', 'AT', 'AU', 'AW', 'AX', 'AZ', 'BA', 'BB', 'BD', 'BE', 'BF', 'BG', 'BH', 'BI', 'BJ', 'BL', 'BM', 'BN', 'BO', 'BQ', 'BR', 'BS', 'BT', '...</msg>
<var>${list_country}</var>
<arg>AD</arg>
<arg>AE</arg>
<arg>AF</arg>
<arg>AG</arg>
<arg>AI</arg>
<arg>AL</arg>
<arg>AM</arg>
<arg>AO</arg>
<arg>AQ</arg>
<arg>AR</arg>
<arg>AS</arg>
<arg>AT</arg>
<arg>AU</arg>
<arg>AW</arg>
<arg>AX</arg>
<arg>AZ</arg>
<arg>BA</arg>
<arg>BB</arg>
<arg>BD</arg>
<arg>BE</arg>
<arg>BF</arg>
<arg>BG</arg>
<arg>BH</arg>
<arg>BI</arg>
<arg>BJ</arg>
<arg>BL</arg>
<arg>BM</arg>
<arg>BN</arg>
<arg>BO</arg>
<arg>BQ</arg>
<arg>BR</arg>
<arg>BS</arg>
<arg>BT</arg>
<arg>BV</arg>
<arg>BW</arg>
<arg>BY</arg>
<arg>BZ</arg>
<arg>CA</arg>
<arg>CC</arg>
<arg>CD</arg>
<arg>CF</arg>
<arg>CG</arg>
<arg>CH</arg>
<arg>CI</arg>
<arg>CK</arg>
<arg>CL</arg>
<arg>CM</arg>
<arg>CN</arg>
<arg>CO</arg>
<arg>CR</arg>
<arg>CU</arg>
<arg>CV</arg>
<arg>CW</arg>
<arg>CX</arg>
<arg>CY</arg>
<arg>CZ</arg>
<arg>DE</arg>
<arg>DJ</arg>
<arg>DK</arg>
<arg>DM</arg>
<arg>DO</arg>
<arg>DZ</arg>
<arg>EC</arg>
<arg>EE</arg>
<arg>EG</arg>
<arg>EH</arg>
<arg>ER</arg>
<arg>ES</arg>
<arg>ET</arg>
<arg>FI</arg>
<arg>FJ</arg>
<arg>FK</arg>
<arg>FM</arg>
<arg>FO</arg>
<arg>FR</arg>
<arg>GA</arg>
<arg>GB</arg>
<arg>GD</arg>
<arg>GE</arg>
<arg>GF</arg>
<arg>GG</arg>
<arg>GH</arg>
<arg>GI</arg>
<arg>GL</arg>
<arg>GM</arg>
<arg>GN</arg>
<arg>GP</arg>
<arg>GQ</arg>
<arg>GR</arg>
<arg>GS</arg>
<arg>GT</arg>
<arg>GU</arg>
<arg>GW</arg>
<arg>GY</arg>
<arg>HK</arg>
<arg>HM</arg>
<arg>HN</arg>
<arg>HR</arg>
<arg>HT</arg>
<arg>HU</arg>
<arg>ID</arg>
<arg>IE</arg>
<arg>IL</arg>
<arg>IM</arg>
<arg>IN</arg>
<arg>IO</arg>
<arg>IQ</arg>
<arg>IR</arg>
<arg>IS</arg>
<arg>IT</arg>
<arg>JE</arg>
<arg>JM</arg>
<arg>JO</arg>
<arg>JP</arg>
<arg>KE</arg>
<arg>KG</arg>
<arg>KH</arg>
<arg>KI</arg>
<arg>KM</arg>
<arg>KN</arg>
<arg>KP</arg>
<arg>KR</arg>
<arg>KW</arg>
<arg>KY</arg>
<arg>KZ</arg>
<arg>LA</arg>
<arg>LB</arg>
<arg>LC</arg>
<arg>LI</arg>
<arg>LK</arg>
<arg>LR</arg>
<arg>LS</arg>
<arg>LT</arg>
<arg>LU</arg>
<arg>LV</arg>
<arg>LY</arg>
<arg>MA</arg>
<arg>MC</arg>
<arg>MD</arg>
<arg>ME</arg>
<arg>MF</arg>
<arg>MG</arg>
<arg>MH</arg>
<arg>MK</arg>
<arg>ML</arg>
<arg>MM</arg>
<arg>MN</arg>
<arg>MO</arg>
<arg>MP</arg>
<arg>MQ</arg>
<arg>MR</arg>
<arg>MS</arg>
<arg>MT</arg>
<arg>MU</arg>
<arg>MV</arg>
<arg>MW</arg>
<arg>MX</arg>
<arg>MY</arg>
<arg>MZ</arg>
<arg>NA</arg>
<arg>NC</arg>
<arg>NE</arg>
<arg>NF</arg>
<arg>NG</arg>
<arg>NI</arg>
<arg>NL</arg>
<arg>NO</arg>
<arg>NP</arg>
<arg>NR</arg>
<arg>NU</arg>
<arg>NZ</arg>
<arg>OM</arg>
<arg>PA</arg>
<arg>PE</arg>
<arg>PF</arg>
<arg>PG</arg>
<arg>PH</arg>
<arg>PK</arg>
<arg>PL</arg>
<arg>PM</arg>
<arg>PN</arg>
<arg>PR</arg>
<arg>PS</arg>
<arg>PT</arg>
<arg>PW</arg>
<arg>PY</arg>
<arg>QA</arg>
<arg>RE</arg>
<arg>RO</arg>
<arg>RS</arg>
<arg>RU</arg>
<arg>RW</arg>
<arg>SA</arg>
<arg>SB</arg>
<arg>SC</arg>
<arg>SD</arg>
<arg>SE</arg>
<arg>SG</arg>
<arg>SH</arg>
<arg>SI</arg>
<arg>SJ</arg>
<arg>SK</arg>
<arg>SL</arg>
<arg>SM</arg>
<arg>SN</arg>
<arg>SO</arg>
<arg>SR</arg>
<arg>SS</arg>
<arg>ST</arg>
<arg>SV</arg>
<arg>SX</arg>
<arg>SY</arg>
<arg>SZ</arg>
<arg>TC</arg>
<arg>TD</arg>
<arg>TF</arg>
<arg>TG</arg>
<arg>TH</arg>
<arg>TJ</arg>
<arg>TK</arg>
<arg>TL</arg>
<arg>TM</arg>
<arg>TN</arg>
<arg>TO</arg>
<arg>TR</arg>
<arg>TT</arg>
<arg>TV</arg>
<arg>TW</arg>
<arg>TZ</arg>
<arg>UA</arg>
<arg>UG</arg>
<arg>UM</arg>
<arg>US</arg>
<arg>UY</arg>
<arg>UZ</arg>
<arg>VA</arg>
<arg>VC</arg>
<arg>VE</arg>
<arg>VG</arg>
<arg>VI</arg>
<arg>VN</arg>
<arg>VU</arg>
<arg>WF</arg>
<arg>WS</arg>
<arg>XK</arg>
<arg>YE</arg>
<arg>YT</arg>
<arg>ZA</arg>
<arg>ZM</arg>
<arg>ZW</arg>
<doc>Returns a list containing given items.</doc>
<status status="PASS" start="2024-07-06T13:15:18.483236" elapsed="0.000662"/>
</kw>
<kw name="List Should Contain Value" owner="Collections">
<arg>${list_country}</arg>
<arg>${name_country}</arg>
<doc>Fails if the ``value`` is not found from ``list``.</doc>
<status status="PASS" start="2024-07-06T13:15:18.484721" elapsed="0.000208"/>
</kw>
<kw name="Run Keyword If" owner="BuiltIn">
<kw name="Should Be True" owner="BuiltIn">
<arg>${True}</arg>
<doc>Fails if the given condition is not true.</doc>
<status status="PASS" start="2024-07-06T13:15:18.485913" elapsed="0.000145"/>
</kw>
<arg>${json_data["results"][0]["location"]["coordinates"]["latitude"]} &gt;= -90 and ${json_data["results"][0]["location"]["coordinates"]["latitude"]} &lt;= 90</arg>
<arg>Should Be True</arg>
<arg>${True}</arg>
<doc>Runs the given keyword with the given arguments, if ``condition`` is true.</doc>
<status status="PASS" start="2024-07-06T13:15:18.485136" elapsed="0.001046"/>
</kw>
<kw name="Run Keyword If" owner="BuiltIn">
<kw name="Should Be True" owner="BuiltIn">
<arg>${True}</arg>
<doc>Fails if the given condition is not true.</doc>
<status status="PASS" start="2024-07-06T13:15:18.487081" elapsed="0.000321"/>
</kw>
<arg>${json_data["results"][0]["location"]["coordinates"]["longitude"]} &gt;= -180 and ${json_data["results"][0]["location"]["coordinates"]["longitude"]} &lt;= 180</arg>
<arg>Should Be True</arg>
<arg>${True}</arg>
<doc>Runs the given keyword with the given arguments, if ``condition`` is true.</doc>
<status status="PASS" start="2024-07-06T13:15:18.486362" elapsed="0.001179"/>
</kw>
<status status="PASS" start="2024-07-06T13:15:18.380998" elapsed="0.106687"/>
</kw>
<doc>Testa o conteúdo específico dos campos retornados pela API.</doc>
<tag>testeConteudo</tag>
<status status="PASS" start="2024-07-06T13:15:18.380317" elapsed="0.107535"/>
</test>
<status status="PASS" start="2024-07-06T13:15:17.140617" elapsed="1.349411"/>
</suite>
<status status="PASS" start="2024-07-06T13:15:17.123602" elapsed="1.372164"/>
</suite>
<statistics>
<total>
<stat pass="5" fail="0" skip="0">All Tests</stat>
</total>
<tag>
<stat pass="1" fail="0" skip="0">testeConteudo</stat>
<stat pass="1" fail="0" skip="0">testeEstruturaResposta</stat>
<stat pass="1" fail="0" skip="0">testeRequisicaoBasica</stat>
<stat pass="1" fail="0" skip="0">testeTiposDados</stat>
</tag>
<suite>
<stat pass="5" fail="0" skip="0" id="s1" name="Tests">Tests</stat>
<stat pass="5" fail="0" skip="0" id="s1-s1" name="Random-User-Test">Tests.Random-User-Test</stat>
</suite>
</statistics>
<errors>
</errors>
</robot>
