<?xml version="1.0" encoding="UTF-8"?>
<robot generator="Robot 7.0 (Python 3.12.2 on linux)" generated="2024-03-22T03:14:50.375769" rpa="false" schemaversion="5">
<suite id="s1" name="Tests" source="/home/runner/work/DesafioQAItauRogerioJordao/DesafioQAItauRogerioJordao/RamdonUser/tests">
<suite id="s1-s1" name="Random-User-Test" source="/home/runner/work/DesafioQAItauRogerioJordao/DesafioQAItauRogerioJordao/RamdonUser/tests/random-user-test.robot">
<test id="s1-s1-t1" name="Conectar" line="13">
<kw name="Conectar API" owner="random-user-service">
<kw name="Create Session" owner="RequestsLibrary">
<msg time="2024-03-22T03:14:50.757448" level="INFO">Creating Session using : alias=consultarAPI, url=https://randomuser.me/, headers={},                     cookies={}, auth=None, timeout=None, proxies=None, verify=False,                     debug=0 </msg>
<arg>consultarAPI</arg>
<arg>${URL}</arg>
<doc>Create Session: create a HTTP session to a server</doc>
<status status="PASS" start="2024-03-22T03:14:50.757238" elapsed="0.000387"/>
</kw>
<status status="PASS" start="2024-03-22T03:14:50.756185" elapsed="0.001809"/>
</kw>
<status status="PASS" start="2024-03-22T03:14:50.755630" elapsed="0.002570"/>
</test>
<test id="s1-s1-t2" name="Validar retorno 200 e JSON Válido" line="16">
<kw name="Teste de Requisicao Basica" owner="random-user-service">
<kw name="GET On Session" owner="RequestsLibrary">
<msg time="2024-03-22T03:14:50.886697" level="INFO">GET Request : url=https://randomuser.me/api 
 path_url=/api 
 headers={'User-Agent': 'python-requests/2.31.0', 'Accept-Encoding': 'gzip, deflate', 'Accept': '*/*', 'Connection': 'keep-alive'} 
 body=None 
 </msg>
<msg time="2024-03-22T03:14:50.886860" level="INFO">GET Response : url=https://randomuser.me/api 
 status=200, reason=OK 
 headers={'Date': 'Fri, 22 Mar 2024 03:14:50 GMT', 'Content-Type': 'application/json; charset=utf-8', 'Transfer-Encoding': 'chunked', 'Connection': 'keep-alive', 'X-Powered-By': 'Express', 'Access-Control-Allow-Origin': '*', 'Cache-Control': 'no-cache', 'ETag': 'W/"49a-dJQ+s7oUibk69D60WN+pcYX+jGs"', 'Vary': 'Accept-Encoding', 'Content-Encoding': 'gzip', 'CF-Cache-Status': 'DYNAMIC', 'Report-To': '{"endpoints":[{"url":"https:\\/\\/a.nel.cloudflare.com\\/report\\/v4?s=eWIkj%2FtO87k3YlZhvUR6bCdGIH7lmUpnGUye4s0VF3uUJwfd1gng2TIIXrgyw%2FBYrq6N7bO0wBwj0b%2BiRVvhkizHSkETch8rr2OcOI4wUiBzPqW7GB8NbmPOQeK086BJ"}],"group":"cf-nel","max_age":604800}', 'NEL': '{"success_fraction":0,"report_to":"cf-nel","max_age":604800}', 'Server': 'cloudflare', 'CF-RAY': '8683038b780426b0-SJC', 'alt-svc': 'h3=":443"; ma=86400'} 
 body={"results":[{"gender":"female","name":{"title":"Ms","first":"Ružica","last":"Pištalo"},"location":{"street":{"number":973,"name":"Prvog Maja"},"city":"Novi Pazar","state":"Kosovska Mitrovica","country":"Serbia","postcode":82297,"coordinates":{"latitude":"64.0795","longitude":"64.4558"},"timezone":{"offset":"+4:00","description":"Abu Dhabi, Muscat, Baku, Tbilisi"}},"email":"ruzica.pistalo@example.com","login":{"uuid":"b8c91b84-c285-4fd9-bbba-cdf86258bc65","username":"purplerabbit862","password":"quick","salt":"lIt0YLSR","md5":"634cf6346ef44b9f243e91593e56f0a6","sha1":"404976f8c81ee2487331ced3b67444a90a62a728","sha256":"2f15e30e8b8fe312226d24a19f2c1080882af23ee05940dcfc73fa69499cdf2c"},"dob":{"date":"2001-01-09T09:18:48.134Z","age":23},"registered":{"date":"2013-03-30T15:20:12.020Z","age":10},"phone":"013-5774-366","cell":"064-8811-606","id":{"name":"SID","value":"929954507"},"picture":{"large":"https://randomuser.me/api/portraits/women/40.jpg","medium":"https://randomuser.me/api/portraits/med/women/40.jpg","thumbnail":"https://randomuser.me/api/portraits/thumb/women/40.jpg"},"nat":"RS"}],"info":{"seed":"58acd623f7e5de07","results":1,"page":1,"version":"1.4"}} 
 </msg>
<msg time="2024-03-22T03:14:50.886979" level="INFO">/opt/hostedtoolcache/Python/3.12.2/x64/lib/python3.12/site-packages/urllib3/connectionpool.py:1103: InsecureRequestWarning: Unverified HTTPS request is being made to host 'randomuser.me'. Adding certificate verification is strongly advised. See: https://urllib3.readthedocs.io/en/latest/advanced-usage.html#tls-warnings
  warnings.warn(</msg>
<msg time="2024-03-22T03:14:50.887134" level="INFO">${response} = &lt;Response [200]&gt;</msg>
<var>${response}</var>
<arg>consultarAPI</arg>
<arg>/api</arg>
<doc>Sends a GET request on a previously created HTTP Session.</doc>
<status status="PASS" start="2024-03-22T03:14:50.760892" elapsed="0.126291"/>
</kw>
<kw name="Should Be Equal As Numbers" owner="BuiltIn">
<msg time="2024-03-22T03:14:50.888379" level="INFO">Argument types are:
&lt;class 'int'&gt;
&lt;class 'str'&gt;</msg>
<arg>${response.status_code}</arg>
<arg>200</arg>
<doc>Fails if objects are unequal after converting them to real numbers.</doc>
<status status="PASS" start="2024-03-22T03:14:50.887880" elapsed="0.000565"/>
</kw>
<kw name="Log" owner="BuiltIn">
<msg time="2024-03-22T03:14:50.889117" level="INFO">200</msg>
<arg>${response.status_code}</arg>
<doc>Logs the given message with the given level.</doc>
<status status="PASS" start="2024-03-22T03:14:50.888766" elapsed="0.000394"/>
</kw>
<kw name="Set Variable" owner="BuiltIn">
<msg time="2024-03-22T03:14:50.889940" level="INFO">${json_data} = {'results': [{'gender': 'female', 'name': {'title': 'Ms', 'first': 'Ružica', 'last': 'Pištalo'}, 'location': {'street': {'number': 973, 'name': 'Prvog Maja'}, 'city': 'Novi Pazar', 'state': 'Kosovska ...</msg>
<var>${json_data}</var>
<arg>${response.json()}</arg>
<doc>Returns the given values which can then be assigned to a variables.</doc>
<status status="PASS" start="2024-03-22T03:14:50.889493" elapsed="0.000478"/>
</kw>
<kw name="Dictionary Should Contain Key" owner="Collections">
<msg time="2024-03-22T03:14:50.890438" level="INFO">False</msg>
<arg>${json_data}</arg>
<arg>results</arg>
<doc>Fails if ``key`` is not found from ``dictionary``.</doc>
<status status="PASS" start="2024-03-22T03:14:50.890272" elapsed="0.000206"/>
</kw>
<status status="PASS" start="2024-03-22T03:14:50.760638" elapsed="0.130139"/>
</kw>
<doc>Testa se a API responde corretamente e retorna um objeto JSON válido.</doc>
<tag>testeRequisicaoBasica</tag>
<status status="PASS" start="2024-03-22T03:14:50.760085" elapsed="0.130879"/>
</test>
<test id="s1-s1-t3" name="Validar estrutura de resposta" line="22">
<kw name="Teste de Estrutura de Resposta" owner="random-user-service">
<kw name="GET On Session" owner="RequestsLibrary">
<msg time="2024-03-22T03:14:50.983277" level="INFO">GET Request : url=https://randomuser.me/api 
 path_url=/api 
 headers={'User-Agent': 'python-requests/2.31.0', 'Accept-Encoding': 'gzip, deflate', 'Accept': '*/*', 'Connection': 'keep-alive'} 
 body=None 
 </msg>
<msg time="2024-03-22T03:14:50.983394" level="INFO">GET Response : url=https://randomuser.me/api 
 status=200, reason=OK 
 headers={'Date': 'Fri, 22 Mar 2024 03:14:50 GMT', 'Content-Type': 'application/json; charset=utf-8', 'Transfer-Encoding': 'chunked', 'Connection': 'keep-alive', 'X-Powered-By': 'Express', 'Access-Control-Allow-Origin': '*', 'Cache-Control': 'no-cache', 'ETag': 'W/"486-vwkKPd9kJcEJbVeHUL7IOohGp4M"', 'Vary': 'Accept-Encoding', 'Content-Encoding': 'gzip', 'CF-Cache-Status': 'DYNAMIC', 'Report-To': '{"endpoints":[{"url":"https:\\/\\/a.nel.cloudflare.com\\/report\\/v4?s=9qlZqvFrvYw2OVcg8kLgMll1MnCMJW%2BLTZycIixcwoYPj8oWlQordaFwHwpNIE2s%2B%2B0YOA4zOCT3o6wxkhimwvwBYB6Q19ffpx2C4QWDxtFlOYJfPb%2FtrxvrT3gxYCZe"}],"group":"cf-nel","max_age":604800}', 'NEL': '{"success_fraction":0,"report_to":"cf-nel","max_age":604800}', 'Server': 'cloudflare', 'CF-RAY': '8683038c187f26b0-SJC', 'alt-svc': 'h3=":443"; ma=86400'} 
 body={"results":[{"gender":"male","name":{"title":"Mr","first":"Lloyd","last":"Beck"},"location":{"street":{"number":1557,"name":"Cackson St"},"city":"Busselton","state":"Queensland","country":"Australia","postcode":2003,"coordinates":{"latitude":"-83.7285","longitude":"-132.8714"},"timezone":{"offset":"+1:00","description":"Brussels, Copenhagen, Madrid, Paris"}},"email":"lloyd.beck@example.com","login":{"uuid":"a072147d-548a-470b-acf4-57cabcdd3fbe","username":"whitefish431","password":"santafe","salt":"wsFPEdUP","md5":"8a0a77726a84e5aeadb869acebbc8501","sha1":"eade65a5ab1bc9cf7e1096d5c64bd61e3c8eb6b0","sha256":"a083d6b121d9d81bd84149c51236e0d4ac1a31df10ad0d775bcb8baf70c173f3"},"dob":{"date":"1969-07-17T08:05:58.588Z","age":54},"registered":{"date":"2017-08-02T04:16:57.947Z","age":6},"phone":"07-8882-9783","cell":"0422-392-631","id":{"name":"TFN","value":"626067893"},"picture":{"large":"https://randomuser.me/api/portraits/men/68.jpg","medium":"https://randomuser.me/api/portraits/med/men/68.jpg","thumbnail":"https://randomuser.me/api/portraits/thumb/men/68.jpg"},"nat":"AU"}],"info":{"seed":"9e94bfeed61e053d","results":1,"page":1,"version":"1.4"}} 
 </msg>
<msg time="2024-03-22T03:14:50.983566" level="INFO">/opt/hostedtoolcache/Python/3.12.2/x64/lib/python3.12/site-packages/urllib3/connectionpool.py:1103: InsecureRequestWarning: Unverified HTTPS request is being made to host 'randomuser.me'. Adding certificate verification is strongly advised. See: https://urllib3.readthedocs.io/en/latest/advanced-usage.html#tls-warnings
  warnings.warn(</msg>
<msg time="2024-03-22T03:14:50.983714" level="INFO">${response} = &lt;Response [200]&gt;</msg>
<var>${response}</var>
<arg>consultarAPI</arg>
<arg>/api</arg>
<doc>Sends a GET request on a previously created HTTP Session.</doc>
<status status="PASS" start="2024-03-22T03:14:50.893669" elapsed="0.090087"/>
</kw>
<kw name="Set Variable" owner="BuiltIn">
<msg time="2024-03-22T03:14:50.984795" level="INFO">${json_data} = {'results': [{'gender': 'male', 'name': {'title': 'Mr', 'first': 'Lloyd', 'last': 'Beck'}, 'location': {'street': {'number': 1557, 'name': 'Cackson St'}, 'city': 'Busselton', 'state': 'Queensland', 'c...</msg>
<var>${json_data}</var>
<arg>${response.json()}</arg>
<doc>Returns the given values which can then be assigned to a variables.</doc>
<status status="PASS" start="2024-03-22T03:14:50.984266" elapsed="0.000557"/>
</kw>
<kw name="Log" owner="BuiltIn">
<msg time="2024-03-22T03:14:50.985291" level="INFO">{'results': [{'gender': 'male', 'name': {'title': 'Mr', 'first': 'Lloyd', 'last': 'Beck'}, 'location': {'street': {'number': 1557, 'name': 'Cackson St'}, 'city': 'Busselton', 'state': 'Queensland', 'country': 'Australia', 'postcode': 2003, 'coordinates': {'latitude': '-83.7285', 'longitude': '-132.8714'}, 'timezone': {'offset': '+1:00', 'description': 'Brussels, Copenhagen, Madrid, Paris'}}, 'email': 'lloyd.beck@example.com', 'login': {'uuid': 'a072147d-548a-470b-acf4-57cabcdd3fbe', 'username': 'whitefish431', 'password': 'santafe', 'salt': 'wsFPEdUP', 'md5': '8a0a77726a84e5aeadb869acebbc8501', 'sha1': 'eade65a5ab1bc9cf7e1096d5c64bd61e3c8eb6b0', 'sha256': 'a083d6b121d9d81bd84149c51236e0d4ac1a31df10ad0d775bcb8baf70c173f3'}, 'dob': {'date': '1969-07-17T08:05:58.588Z', 'age': 54}, 'registered': {'date': '2017-08-02T04:16:57.947Z', 'age': 6}, 'phone': '07-8882-9783', 'cell': '0422-392-631', 'id': {'name': 'TFN', 'value': '626067893'}, 'picture': {'large': 'https://randomuser.me/api/portraits/men/68.jpg', 'medium': 'https://randomuser.me/api/portraits/med/men/68.jpg', 'thumbnail': 'https://randomuser.me/api/portraits/thumb/men/68.jpg'}, 'nat': 'AU'}], 'info': {'seed': '9e94bfeed61e053d', 'results': 1, 'page': 1, 'version': '1.4'}}</msg>
<arg>${json_data}</arg>
<doc>Logs the given message with the given level.</doc>
<status status="PASS" start="2024-03-22T03:14:50.985132" elapsed="0.000206"/>
</kw>
<kw name="Dictionary Should Contain Key" owner="Collections">
<msg time="2024-03-22T03:14:50.985788" level="INFO">False</msg>
<arg>${json_data}</arg>
<arg>results</arg>
<doc>Fails if ``key`` is not found from ``dictionary``.</doc>
<status status="PASS" start="2024-03-22T03:14:50.985631" elapsed="0.000196"/>
</kw>
<kw name="Should Not Be Empty" owner="BuiltIn">
<msg time="2024-03-22T03:14:50.986261" level="INFO">Length is 2.</msg>
<arg>${json_data}</arg>
<doc>Verifies that the given item is not empty.</doc>
<status status="PASS" start="2024-03-22T03:14:50.986128" elapsed="0.000171"/>
</kw>
<kw name="Create List" owner="BuiltIn">
<msg time="2024-03-22T03:14:50.986777" level="INFO">${expected_keys} = ['gender', 'name', 'location', 'email', 'login']</msg>
<var>${expected_keys}</var>
<arg>gender</arg>
<arg>name</arg>
<arg>location</arg>
<arg>email</arg>
<arg>login</arg>
<doc>Returns a list containing given items.</doc>
<status status="PASS" start="2024-03-22T03:14:50.986616" elapsed="0.000187"/>
</kw>
<for flavor="IN">
<iter>
<kw name="Dictionary Should Contain Key" owner="Collections">
<msg time="2024-03-22T03:14:50.987803" level="INFO">False</msg>
<arg>${json_data['results'][0]}</arg>
<arg>${key}</arg>
<doc>Fails if ``key`` is not found from ``dictionary``.</doc>
<status status="PASS" start="2024-03-22T03:14:50.987396" elapsed="0.000447"/>
</kw>
<kw name="Log" owner="BuiltIn">
<msg time="2024-03-22T03:14:50.988520" level="INFO">{'gender': 'male', 'name': {'title': 'Mr', 'first': 'Lloyd', 'last': 'Beck'}, 'location': {'street': {'number': 1557, 'name': 'Cackson St'}, 'city': 'Busselton', 'state': 'Queensland', 'country': 'Australia', 'postcode': 2003, 'coordinates': {'latitude': '-83.7285', 'longitude': '-132.8714'}, 'timezone': {'offset': '+1:00', 'description': 'Brussels, Copenhagen, Madrid, Paris'}}, 'email': 'lloyd.beck@example.com', 'login': {'uuid': 'a072147d-548a-470b-acf4-57cabcdd3fbe', 'username': 'whitefish431', 'password': 'santafe', 'salt': 'wsFPEdUP', 'md5': '8a0a77726a84e5aeadb869acebbc8501', 'sha1': 'eade65a5ab1bc9cf7e1096d5c64bd61e3c8eb6b0', 'sha256': 'a083d6b121d9d81bd84149c51236e0d4ac1a31df10ad0d775bcb8baf70c173f3'}, 'dob': {'date': '1969-07-17T08:05:58.588Z', 'age': 54}, 'registered': {'date': '2017-08-02T04:16:57.947Z', 'age': 6}, 'phone': '07-8882-9783', 'cell': '0422-392-631', 'id': {'name': 'TFN', 'value': '626067893'}, 'picture': {'large': 'https://randomuser.me/api/portraits/men/68.jpg', 'medium': 'https://randomuser.me/api/portraits/med/men/68.jpg', 'thumbnail': 'https://randomuser.me/api/portraits/thumb/men/68.jpg'}, 'nat': 'AU'}</msg>
<arg>${json_data['results'][0]}</arg>
<doc>Logs the given message with the given level.</doc>
<status status="PASS" start="2024-03-22T03:14:50.988150" elapsed="0.000424"/>
</kw>
<kw name="Log" owner="BuiltIn">
<msg time="2024-03-22T03:14:50.989009" level="INFO">gender</msg>
<arg>${key}</arg>
<doc>Logs the given message with the given level.</doc>
<status status="PASS" start="2024-03-22T03:14:50.988879" elapsed="0.000169"/>
</kw>
<var name="${key}">gender</var>
<status status="PASS" start="2024-03-22T03:14:50.987268" elapsed="0.002001"/>
</iter>
<iter>
<kw name="Dictionary Should Contain Key" owner="Collections">
<msg time="2024-03-22T03:14:50.989964" level="INFO">False</msg>
<arg>${json_data['results'][0]}</arg>
<arg>${key}</arg>
<doc>Fails if ``key`` is not found from ``dictionary``.</doc>
<status status="PASS" start="2024-03-22T03:14:50.989576" elapsed="0.000426"/>
</kw>
<kw name="Log" owner="BuiltIn">
<msg time="2024-03-22T03:14:50.990729" level="INFO">{'gender': 'male', 'name': {'title': 'Mr', 'first': 'Lloyd', 'last': 'Beck'}, 'location': {'street': {'number': 1557, 'name': 'Cackson St'}, 'city': 'Busselton', 'state': 'Queensland', 'country': 'Australia', 'postcode': 2003, 'coordinates': {'latitude': '-83.7285', 'longitude': '-132.8714'}, 'timezone': {'offset': '+1:00', 'description': 'Brussels, Copenhagen, Madrid, Paris'}}, 'email': 'lloyd.beck@example.com', 'login': {'uuid': 'a072147d-548a-470b-acf4-57cabcdd3fbe', 'username': 'whitefish431', 'password': 'santafe', 'salt': 'wsFPEdUP', 'md5': '8a0a77726a84e5aeadb869acebbc8501', 'sha1': 'eade65a5ab1bc9cf7e1096d5c64bd61e3c8eb6b0', 'sha256': 'a083d6b121d9d81bd84149c51236e0d4ac1a31df10ad0d775bcb8baf70c173f3'}, 'dob': {'date': '1969-07-17T08:05:58.588Z', 'age': 54}, 'registered': {'date': '2017-08-02T04:16:57.947Z', 'age': 6}, 'phone': '07-8882-9783', 'cell': '0422-392-631', 'id': {'name': 'TFN', 'value': '626067893'}, 'picture': {'large': 'https://randomuser.me/api/portraits/men/68.jpg', 'medium': 'https://randomuser.me/api/portraits/med/men/68.jpg', 'thumbnail': 'https://randomuser.me/api/portraits/thumb/men/68.jpg'}, 'nat': 'AU'}</msg>
<arg>${json_data['results'][0]}</arg>
<doc>Logs the given message with the given level.</doc>
<status status="PASS" start="2024-03-22T03:14:50.990345" elapsed="0.000432"/>
</kw>
<kw name="Log" owner="BuiltIn">
<msg time="2024-03-22T03:14:50.991213" level="INFO">name</msg>
<arg>${key}</arg>
<doc>Logs the given message with the given level.</doc>
<status status="PASS" start="2024-03-22T03:14:50.991081" elapsed="0.000170"/>
</kw>
<var name="${key}">name</var>
<status status="PASS" start="2024-03-22T03:14:50.989460" elapsed="0.002007"/>
</iter>
<iter>
<kw name="Dictionary Should Contain Key" owner="Collections">
<msg time="2024-03-22T03:14:50.992142" level="INFO">False</msg>
<arg>${json_data['results'][0]}</arg>
<arg>${key}</arg>
<doc>Fails if ``key`` is not found from ``dictionary``.</doc>
<status status="PASS" start="2024-03-22T03:14:50.991762" elapsed="0.000419"/>
</kw>
<kw name="Log" owner="BuiltIn">
<msg time="2024-03-22T03:14:50.992858" level="INFO">{'gender': 'male', 'name': {'title': 'Mr', 'first': 'Lloyd', 'last': 'Beck'}, 'location': {'street': {'number': 1557, 'name': 'Cackson St'}, 'city': 'Busselton', 'state': 'Queensland', 'country': 'Australia', 'postcode': 2003, 'coordinates': {'latitude': '-83.7285', 'longitude': '-132.8714'}, 'timezone': {'offset': '+1:00', 'description': 'Brussels, Copenhagen, Madrid, Paris'}}, 'email': 'lloyd.beck@example.com', 'login': {'uuid': 'a072147d-548a-470b-acf4-57cabcdd3fbe', 'username': 'whitefish431', 'password': 'santafe', 'salt': 'wsFPEdUP', 'md5': '8a0a77726a84e5aeadb869acebbc8501', 'sha1': 'eade65a5ab1bc9cf7e1096d5c64bd61e3c8eb6b0', 'sha256': 'a083d6b121d9d81bd84149c51236e0d4ac1a31df10ad0d775bcb8baf70c173f3'}, 'dob': {'date': '1969-07-17T08:05:58.588Z', 'age': 54}, 'registered': {'date': '2017-08-02T04:16:57.947Z', 'age': 6}, 'phone': '07-8882-9783', 'cell': '0422-392-631', 'id': {'name': 'TFN', 'value': '626067893'}, 'picture': {'large': 'https://randomuser.me/api/portraits/men/68.jpg', 'medium': 'https://randomuser.me/api/portraits/med/men/68.jpg', 'thumbnail': 'https://randomuser.me/api/portraits/thumb/men/68.jpg'}, 'nat': 'AU'}</msg>
<arg>${json_data['results'][0]}</arg>
<doc>Logs the given message with the given level.</doc>
<status status="PASS" start="2024-03-22T03:14:50.992479" elapsed="0.000454"/>
</kw>
<kw name="Log" owner="BuiltIn">
<msg time="2024-03-22T03:14:50.993512" level="INFO">location</msg>
<arg>${key}</arg>
<doc>Logs the given message with the given level.</doc>
<status status="PASS" start="2024-03-22T03:14:50.993331" elapsed="0.000239"/>
</kw>
<var name="${key}">location</var>
<status status="PASS" start="2024-03-22T03:14:50.991650" elapsed="0.002212"/>
</iter>
<iter>
<kw name="Dictionary Should Contain Key" owner="Collections">
<msg time="2024-03-22T03:14:50.994528" level="INFO">False</msg>
<arg>${json_data['results'][0]}</arg>
<arg>${key}</arg>
<doc>Fails if ``key`` is not found from ``dictionary``.</doc>
<status status="PASS" start="2024-03-22T03:14:50.994149" elapsed="0.000418"/>
</kw>
<kw name="Log" owner="BuiltIn">
<msg time="2024-03-22T03:14:50.995258" level="INFO">{'gender': 'male', 'name': {'title': 'Mr', 'first': 'Lloyd', 'last': 'Beck'}, 'location': {'street': {'number': 1557, 'name': 'Cackson St'}, 'city': 'Busselton', 'state': 'Queensland', 'country': 'Australia', 'postcode': 2003, 'coordinates': {'latitude': '-83.7285', 'longitude': '-132.8714'}, 'timezone': {'offset': '+1:00', 'description': 'Brussels, Copenhagen, Madrid, Paris'}}, 'email': 'lloyd.beck@example.com', 'login': {'uuid': 'a072147d-548a-470b-acf4-57cabcdd3fbe', 'username': 'whitefish431', 'password': 'santafe', 'salt': 'wsFPEdUP', 'md5': '8a0a77726a84e5aeadb869acebbc8501', 'sha1': 'eade65a5ab1bc9cf7e1096d5c64bd61e3c8eb6b0', 'sha256': 'a083d6b121d9d81bd84149c51236e0d4ac1a31df10ad0d775bcb8baf70c173f3'}, 'dob': {'date': '1969-07-17T08:05:58.588Z', 'age': 54}, 'registered': {'date': '2017-08-02T04:16:57.947Z', 'age': 6}, 'phone': '07-8882-9783', 'cell': '0422-392-631', 'id': {'name': 'TFN', 'value': '626067893'}, 'picture': {'large': 'https://randomuser.me/api/portraits/men/68.jpg', 'medium': 'https://randomuser.me/api/portraits/med/men/68.jpg', 'thumbnail': 'https://randomuser.me/api/portraits/thumb/men/68.jpg'}, 'nat': 'AU'}</msg>
<arg>${json_data['results'][0]}</arg>
<doc>Logs the given message with the given level.</doc>
<status status="PASS" start="2024-03-22T03:14:50.994903" elapsed="0.000404"/>
</kw>
<kw name="Log" owner="BuiltIn">
<msg time="2024-03-22T03:14:50.995726" level="INFO">email</msg>
<arg>${key}</arg>
<doc>Logs the given message with the given level.</doc>
<status status="PASS" start="2024-03-22T03:14:50.995599" elapsed="0.000165"/>
</kw>
<var name="${key}">email</var>
<status status="PASS" start="2024-03-22T03:14:50.994036" elapsed="0.001943"/>
</iter>
<iter>
<kw name="Dictionary Should Contain Key" owner="Collections">
<msg time="2024-03-22T03:14:50.996654" level="INFO">False</msg>
<arg>${json_data['results'][0]}</arg>
<arg>${key}</arg>
<doc>Fails if ``key`` is not found from ``dictionary``.</doc>
<status status="PASS" start="2024-03-22T03:14:50.996269" elapsed="0.000423"/>
</kw>
<kw name="Log" owner="BuiltIn">
<msg time="2024-03-22T03:14:50.997357" level="INFO">{'gender': 'male', 'name': {'title': 'Mr', 'first': 'Lloyd', 'last': 'Beck'}, 'location': {'street': {'number': 1557, 'name': 'Cackson St'}, 'city': 'Busselton', 'state': 'Queensland', 'country': 'Australia', 'postcode': 2003, 'coordinates': {'latitude': '-83.7285', 'longitude': '-132.8714'}, 'timezone': {'offset': '+1:00', 'description': 'Brussels, Copenhagen, Madrid, Paris'}}, 'email': 'lloyd.beck@example.com', 'login': {'uuid': 'a072147d-548a-470b-acf4-57cabcdd3fbe', 'username': 'whitefish431', 'password': 'santafe', 'salt': 'wsFPEdUP', 'md5': '8a0a77726a84e5aeadb869acebbc8501', 'sha1': 'eade65a5ab1bc9cf7e1096d5c64bd61e3c8eb6b0', 'sha256': 'a083d6b121d9d81bd84149c51236e0d4ac1a31df10ad0d775bcb8baf70c173f3'}, 'dob': {'date': '1969-07-17T08:05:58.588Z', 'age': 54}, 'registered': {'date': '2017-08-02T04:16:57.947Z', 'age': 6}, 'phone': '07-8882-9783', 'cell': '0422-392-631', 'id': {'name': 'TFN', 'value': '626067893'}, 'picture': {'large': 'https://randomuser.me/api/portraits/men/68.jpg', 'medium': 'https://randomuser.me/api/portraits/med/men/68.jpg', 'thumbnail': 'https://randomuser.me/api/portraits/thumb/men/68.jpg'}, 'nat': 'AU'}</msg>
<arg>${json_data['results'][0]}</arg>
<doc>Logs the given message with the given level.</doc>
<status status="PASS" start="2024-03-22T03:14:50.996986" elapsed="0.000418"/>
</kw>
<kw name="Log" owner="BuiltIn">
<msg time="2024-03-22T03:14:50.997821" level="INFO">login</msg>
<arg>${key}</arg>
<doc>Logs the given message with the given level.</doc>
<status status="PASS" start="2024-03-22T03:14:50.997694" elapsed="0.000274"/>
</kw>
<var name="${key}">login</var>
<status status="PASS" start="2024-03-22T03:14:50.996154" elapsed="0.002050"/>
</iter>
<var>${key}</var>
<value>@{expected_keys}</value>
<status status="PASS" start="2024-03-22T03:14:50.987068" elapsed="0.011288"/>
</for>
<kw name="Create List" owner="BuiltIn">
<msg time="2024-03-22T03:14:50.998744" level="INFO">${expected_keysTwo} = ['username', 'password']</msg>
<var>${expected_keysTwo}</var>
<arg>username</arg>
<arg>password</arg>
<doc>Returns a list containing given items.</doc>
<status status="PASS" start="2024-03-22T03:14:50.998570" elapsed="0.000199"/>
</kw>
<for flavor="IN">
<iter>
<kw name="Dictionary Should Contain Key" owner="Collections">
<msg time="2024-03-22T03:14:50.999658" level="INFO">False</msg>
<arg>${json_data['results'][0]['login']}</arg>
<arg>${keyTwo}</arg>
<doc>Fails if ``key`` is not found from ``dictionary``.</doc>
<status status="PASS" start="2024-03-22T03:14:50.999279" elapsed="0.000416"/>
</kw>
<kw name="Dictionary Should Contain Key" owner="Collections">
<msg time="2024-03-22T03:14:51.000376" level="INFO">False</msg>
<arg>${json_data['results'][0]['login']}</arg>
<arg>${keyTwo}</arg>
<doc>Fails if ``key`` is not found from ``dictionary``.</doc>
<status status="PASS" start="2024-03-22T03:14:50.999993" elapsed="0.000421"/>
</kw>
<kw name="Log" owner="BuiltIn">
<msg time="2024-03-22T03:14:51.000836" level="INFO">username</msg>
<arg>${keyTwo}</arg>
<doc>Logs the given message with the given level.</doc>
<status status="PASS" start="2024-03-22T03:14:51.000709" elapsed="0.000165"/>
</kw>
<var name="${keyTwo}">username</var>
<status status="PASS" start="2024-03-22T03:14:50.999168" elapsed="0.001922"/>
</iter>
<iter>
<kw name="Dictionary Should Contain Key" owner="Collections">
<msg time="2024-03-22T03:14:51.001743" level="INFO">False</msg>
<arg>${json_data['results'][0]['login']}</arg>
<arg>${keyTwo}</arg>
<doc>Fails if ``key`` is not found from ``dictionary``.</doc>
<status status="PASS" start="2024-03-22T03:14:51.001370" elapsed="0.000411"/>
</kw>
<kw name="Dictionary Should Contain Key" owner="Collections">
<msg time="2024-03-22T03:14:51.002452" level="INFO">False</msg>
<arg>${json_data['results'][0]['login']}</arg>
<arg>${keyTwo}</arg>
<doc>Fails if ``key`` is not found from ``dictionary``.</doc>
<status status="PASS" start="2024-03-22T03:14:51.002071" elapsed="0.000419"/>
</kw>
<kw name="Log" owner="BuiltIn">
<msg time="2024-03-22T03:14:51.002945" level="INFO">password</msg>
<arg>${keyTwo}</arg>
<doc>Logs the given message with the given level.</doc>
<status status="PASS" start="2024-03-22T03:14:51.002815" elapsed="0.000168"/>
</kw>
<var name="${keyTwo}">password</var>
<status status="PASS" start="2024-03-22T03:14:51.001261" elapsed="0.001940"/>
</iter>
<var>${keyTwo}</var>
<value>@{expected_keysTwo}</value>
<status status="PASS" start="2024-03-22T03:14:50.999015" elapsed="0.004307"/>
</for>
<status status="PASS" start="2024-03-22T03:14:50.893431" elapsed="0.110039"/>
</kw>
<doc>Testa a estrutura da resposta da API.</doc>
<tag>testeEstruturaResposta</tag>
<status status="PASS" start="2024-03-22T03:14:50.892768" elapsed="0.110869"/>
</test>
<test id="s1-s1-t4" name="Validar tipos de dados" line="28">
<kw name="Teste de Tipos de Dados" owner="random-user-service">
<kw name="GET On Session" owner="RequestsLibrary">
<msg time="2024-03-22T03:14:51.102768" level="INFO">GET Request : url=https://randomuser.me/api 
 path_url=/api 
 headers={'User-Agent': 'python-requests/2.31.0', 'Accept-Encoding': 'gzip, deflate', 'Accept': '*/*', 'Connection': 'keep-alive'} 
 body=None 
 </msg>
<msg time="2024-03-22T03:14:51.102891" level="INFO">GET Response : url=https://randomuser.me/api 
 status=200, reason=OK 
 headers={'Date': 'Fri, 22 Mar 2024 03:14:51 GMT', 'Content-Type': 'application/json; charset=utf-8', 'Transfer-Encoding': 'chunked', 'Connection': 'keep-alive', 'X-Powered-By': 'Express', 'Access-Control-Allow-Origin': '*', 'Cache-Control': 'no-cache', 'ETag': 'W/"47f-ubnm6fdmm2wwQi0Jwmz1dL7xjl4"', 'Vary': 'Accept-Encoding', 'Content-Encoding': 'gzip', 'CF-Cache-Status': 'DYNAMIC', 'Report-To': '{"endpoints":[{"url":"https:\\/\\/a.nel.cloudflare.com\\/report\\/v4?s=6XZYyFKPV1Mq1fZN0bzgkJCYccjSx1Ih%2FmRmGNOaEQ9rggJd8fQFGmqNpRgiJLHn7efvpUFVJIZEVbGyWb73oBUVy5tv5%2BSs%2FRlmbNQe7ja8ZVHFR4LjL2nYPeXUdPnE"}],"group":"cf-nel","max_age":604800}', 'NEL': '{"success_fraction":0,"report_to":"cf-nel","max_age":604800}', 'Server': 'cloudflare', 'CF-RAY': '8683038cc90326b0-SJC', 'alt-svc': 'h3=":443"; ma=86400'} 
 body={"results":[{"gender":"female","name":{"title":"Miss","first":"Aada","last":"Niva"},"location":{"street":{"number":7004,"name":"Visiokatu"},"city":"Kouvola","state":"Southern Ostrobothnia","country":"Finland","postcode":92859,"coordinates":{"latitude":"-29.3590","longitude":"140.2774"},"timezone":{"offset":"-10:00","description":"Hawaii"}},"email":"aada.niva@example.com","login":{"uuid":"0a21bf5c-e03a-4b4d-9233-056f2c5a4fb7","username":"brownbird424","password":"cbr600","salt":"cpNTp2Ll","md5":"0eb2d2776e80a05681e7152c5fed6026","sha1":"4e4c7317053e4017a43a8205165d3fdf143a4efd","sha256":"6e0bd2982d5b82d214b57a22da5f564cdc62ab3c897a528926ea79c029ec4723"},"dob":{"date":"1967-10-18T09:11:51.893Z","age":56},"registered":{"date":"2021-08-07T22:09:30.293Z","age":2},"phone":"08-363-974","cell":"043-901-39-82","id":{"name":"HETU","value":"NaNNA578undefined"},"picture":{"large":"https://randomuser.me/api/portraits/women/14.jpg","medium":"https://randomuser.me/api/portraits/med/women/14.jpg","thumbnail":"https://randomuser.me/api/portraits/thumb/women/14.jpg"},"nat":"FI"}],"info":{"seed":"a23c60cc966f35cf","results":1,"page":1,"version":"1.4"}} 
 </msg>
<msg time="2024-03-22T03:14:51.102966" level="INFO">/opt/hostedtoolcache/Python/3.12.2/x64/lib/python3.12/site-packages/urllib3/connectionpool.py:1103: InsecureRequestWarning: Unverified HTTPS request is being made to host 'randomuser.me'. Adding certificate verification is strongly advised. See: https://urllib3.readthedocs.io/en/latest/advanced-usage.html#tls-warnings
  warnings.warn(</msg>
<msg time="2024-03-22T03:14:51.103101" level="INFO">${response} = &lt;Response [200]&gt;</msg>
<var>${response}</var>
<arg>consultarAPI</arg>
<arg>/api</arg>
<doc>Sends a GET request on a previously created HTTP Session.</doc>
<status status="PASS" start="2024-03-22T03:14:51.006093" elapsed="0.097057"/>
</kw>
<kw name="Set Variable" owner="BuiltIn">
<msg time="2024-03-22T03:14:51.104247" level="INFO">${json_data} = {'results': [{'gender': 'female', 'name': {'title': 'Miss', 'first': 'Aada', 'last': 'Niva'}, 'location': {'street': {'number': 7004, 'name': 'Visiokatu'}, 'city': 'Kouvola', 'state': 'Southern Ostrob...</msg>
<var>${json_data}</var>
<arg>${response.json()}</arg>
<doc>Returns the given values which can then be assigned to a variables.</doc>
<status status="PASS" start="2024-03-22T03:14:51.103693" elapsed="0.000584"/>
</kw>
<kw name="Log" owner="BuiltIn">
<msg time="2024-03-22T03:14:51.104835" level="INFO">{'results': [{'gender': 'female', 'name': {'title': 'Miss', 'first': 'Aada', 'last': 'Niva'}, 'location': {'street': {'number': 7004, 'name': 'Visiokatu'}, 'city': 'Kouvola', 'state': 'Southern Ostrobothnia', 'country': 'Finland', 'postcode': 92859, 'coordinates': {'latitude': '-29.3590', 'longitude': '140.2774'}, 'timezone': {'offset': '-10:00', 'description': 'Hawaii'}}, 'email': 'aada.niva@example.com', 'login': {'uuid': '0a21bf5c-e03a-4b4d-9233-056f2c5a4fb7', 'username': 'brownbird424', 'password': 'cbr600', 'salt': 'cpNTp2Ll', 'md5': '0eb2d2776e80a05681e7152c5fed6026', 'sha1': '4e4c7317053e4017a43a8205165d3fdf143a4efd', 'sha256': '6e0bd2982d5b82d214b57a22da5f564cdc62ab3c897a528926ea79c029ec4723'}, 'dob': {'date': '1967-10-18T09:11:51.893Z', 'age': 56}, 'registered': {'date': '2021-08-07T22:09:30.293Z', 'age': 2}, 'phone': '08-363-974', 'cell': '043-901-39-82', 'id': {'name': 'HETU', 'value': 'NaNNA578undefined'}, 'picture': {'large': 'https://randomuser.me/api/portraits/women/14.jpg', 'medium': 'https://randomuser.me/api/portraits/med/women/14.jpg', 'thumbnail': 'https://randomuser.me/api/portraits/thumb/women/14.jpg'}, 'nat': 'FI'}], 'info': {'seed': 'a23c60cc966f35cf', 'results': 1, 'page': 1, 'version': '1.4'}}</msg>
<arg>${json_data}</arg>
<doc>Logs the given message with the given level.</doc>
<status status="PASS" start="2024-03-22T03:14:51.104658" elapsed="0.000266"/>
</kw>
<kw name="Should Be String" owner="String">
<arg>${json_data['results'][0]['gender']}</arg>
<doc>Fails if the given ``item`` is not a string.</doc>
<status status="PASS" start="2024-03-22T03:14:51.105249" elapsed="0.000387"/>
</kw>
<kw name="Should Match Regexp" owner="BuiltIn">
<arg>${json_data['results'][0]['email']}</arg>
<arg>^[a-zA-Z0-9._%+-]+@[a-zA-Z0-9.-]+\.[a-zA-Z]{2,}$</arg>
<doc>Fails if ``string`` does not match ``pattern`` as a regular expression.</doc>
<status status="PASS" start="2024-03-22T03:14:51.105838" elapsed="0.000535"/>
</kw>
<kw name="Should Match Regexp" owner="BuiltIn">
<arg>${json_data['results'][0]['dob']['date']}</arg>
<arg>\\d{4}-\\d{2}-\\d{2}T\\d{2}:\\d{2}:\\d{2}\\.\\d{3}Z</arg>
<doc>Fails if ``string`` does not match ``pattern`` as a regular expression.</doc>
<status status="PASS" start="2024-03-22T03:14:51.106600" elapsed="0.000507"/>
</kw>
<kw name="Should Match Regexp" owner="BuiltIn">
<arg>${json_data['results'][0]['registered']['date']}</arg>
<arg>\\d{4}-\\d{2}-\\d{2}T\\d{2}:\\d{2}:\\d{2}\\.\\d{3}Z</arg>
<doc>Fails if ``string`` does not match ``pattern`` as a regular expression.</doc>
<status status="PASS" start="2024-03-22T03:14:51.107304" elapsed="0.000376"/>
</kw>
<kw name="Should Match Regexp" owner="BuiltIn">
<arg>${json_data['results'][0]['picture']['large']}</arg>
<arg>^https?://.*\.(?:png|jpe?g|gif|bmp)$</arg>
<doc>Fails if ``string`` does not match ``pattern`` as a regular expression.</doc>
<status status="PASS" start="2024-03-22T03:14:51.107867" elapsed="0.000470"/>
</kw>
<kw name="Should Match Regexp" owner="BuiltIn">
<arg>${json_data['results'][0]['picture']['medium']}</arg>
<arg>^https?://.*\.(?:png|jpe?g|gif|bmp)$</arg>
<doc>Fails if ``string`` does not match ``pattern`` as a regular expression.</doc>
<status status="PASS" start="2024-03-22T03:14:51.108528" elapsed="0.000362"/>
</kw>
<kw name="Should Match Regexp" owner="BuiltIn">
<arg>${json_data['results'][0]['picture']['thumbnail']}</arg>
<arg>^https?://.*\.(?:png|jpe?g|gif|bmp)$</arg>
<doc>Fails if ``string`` does not match ``pattern`` as a regular expression.</doc>
<status status="PASS" start="2024-03-22T03:14:51.109079" elapsed="0.000352"/>
</kw>
<kw name="Log" owner="BuiltIn">
<msg time="2024-03-22T03:14:51.109943" level="INFO">{'large': 'https://randomuser.me/api/portraits/women/14.jpg', 'medium': 'https://randomuser.me/api/portraits/med/women/14.jpg', 'thumbnail': 'https://randomuser.me/api/portraits/thumb/women/14.jpg'}</msg>
<arg>${json_data['results'][0]['picture']}</arg>
<doc>Logs the given message with the given level.</doc>
<status status="PASS" start="2024-03-22T03:14:51.109612" elapsed="0.000379"/>
</kw>
<status status="PASS" start="2024-03-22T03:14:51.005859" elapsed="0.104400"/>
</kw>
<kw name="Teste de Tipos de Dados - Postcode" owner="random-user-service">
<kw name="GET On Session" owner="RequestsLibrary">
<msg time="2024-03-22T03:14:51.202291" level="INFO">GET Request : url=https://randomuser.me/api 
 path_url=/api 
 headers={'User-Agent': 'python-requests/2.31.0', 'Accept-Encoding': 'gzip, deflate', 'Accept': '*/*', 'Connection': 'keep-alive'} 
 body=None 
 </msg>
<msg time="2024-03-22T03:14:51.202371" level="INFO">GET Response : url=https://randomuser.me/api 
 status=200, reason=OK 
 headers={'Date': 'Fri, 22 Mar 2024 03:14:51 GMT', 'Content-Type': 'application/json; charset=utf-8', 'Transfer-Encoding': 'chunked', 'Connection': 'keep-alive', 'X-Powered-By': 'Express', 'Access-Control-Allow-Origin': '*', 'Cache-Control': 'no-cache', 'ETag': 'W/"46b-bs5zYKc01olKA7Zgi/YG2/gA1FQ"', 'Vary': 'Accept-Encoding', 'Content-Encoding': 'gzip', 'CF-Cache-Status': 'DYNAMIC', 'Report-To': '{"endpoints":[{"url":"https:\\/\\/a.nel.cloudflare.com\\/report\\/v4?s=T7EuCHW3W2Sc%2FtnrZ9tgko8Ggjd1rUVnZniSFXjCdadD1Bm9Ys%2FSV4Cm2I%2FFeTCnGY%2BNes4h92sU6TY3f7oeJ43F2MQs9Zj%2BqFu5ftnRnxVFlJUwNsq2t0F8qgZ0xu0C"}],"group":"cf-nel","max_age":604800}', 'NEL': '{"success_fraction":0,"report_to":"cf-nel","max_age":604800}', 'Server': 'cloudflare', 'CF-RAY': '8683038d798426b0-SJC', 'alt-svc': 'h3=":443"; ma=86400'} 
 body={"results":[{"gender":"male","name":{"title":"Mr","first":"Darsh","last":"Taj"},"location":{"street":{"number":5201,"name":"Car St"},"city":"Akola","state":"Goa","country":"India","postcode":51678,"coordinates":{"latitude":"9.3010","longitude":"-36.1768"},"timezone":{"offset":"-8:00","description":"Pacific Time (US &amp; Canada)"}},"email":"darsh.taj@example.com","login":{"uuid":"4f281047-4d41-4beb-9959-8bce1b1769e2","username":"goldenmeercat595","password":"mike123","salt":"q2qhS5SK","md5":"92e5f84ce5d5af64c25de3c0d5647ecc","sha1":"c48dfe2e5265e39cab01a7a88ed12c8477e48d33","sha256":"4c12f26e8e1ce9ca12a8758a9167addb6abaacb04dd6238fb88b3ec47fadf75d"},"dob":{"date":"1984-03-11T18:33:44.016Z","age":40},"registered":{"date":"2017-10-31T05:08:24.480Z","age":6},"phone":"7714469187","cell":"9036157426","id":{"name":"UIDAI","value":"508999250346"},"picture":{"large":"https://randomuser.me/api/portraits/men/91.jpg","medium":"https://randomuser.me/api/portraits/med/men/91.jpg","thumbnail":"https://randomuser.me/api/portraits/thumb/men/91.jpg"},"nat":"IN"}],"info":{"seed":"93c01130a12ee8bd","results":1,"page":1,"version":"1.4"}} 
 </msg>
<msg time="2024-03-22T03:14:51.202452" level="INFO">/opt/hostedtoolcache/Python/3.12.2/x64/lib/python3.12/site-packages/urllib3/connectionpool.py:1103: InsecureRequestWarning: Unverified HTTPS request is being made to host 'randomuser.me'. Adding certificate verification is strongly advised. See: https://urllib3.readthedocs.io/en/latest/advanced-usage.html#tls-warnings
  warnings.warn(</msg>
<msg time="2024-03-22T03:14:51.202557" level="INFO">${response} = &lt;Response [200]&gt;</msg>
<var>${response}</var>
<arg>consultarAPI</arg>
<arg>/api</arg>
<doc>Sends a GET request on a previously created HTTP Session.</doc>
<status status="PASS" start="2024-03-22T03:14:51.110917" elapsed="0.091695"/>
</kw>
<kw name="Set Variable" owner="BuiltIn">
<msg time="2024-03-22T03:14:51.203543" level="INFO">${json_data} = {'results': [{'gender': 'male', 'name': {'title': 'Mr', 'first': 'Darsh', 'last': 'Taj'}, 'location': {'street': {'number': 5201, 'name': 'Car St'}, 'city': 'Akola', 'state': 'Goa', 'country': 'India'...</msg>
<var>${json_data}</var>
<arg>${response.json()}</arg>
<doc>Returns the given values which can then be assigned to a variables.</doc>
<status status="PASS" start="2024-03-22T03:14:51.203068" elapsed="0.000503"/>
</kw>
<kw name="Log" owner="BuiltIn">
<msg time="2024-03-22T03:14:51.204046" level="INFO">{'results': [{'gender': 'male', 'name': {'title': 'Mr', 'first': 'Darsh', 'last': 'Taj'}, 'location': {'street': {'number': 5201, 'name': 'Car St'}, 'city': 'Akola', 'state': 'Goa', 'country': 'India', 'postcode': 51678, 'coordinates': {'latitude': '9.3010', 'longitude': '-36.1768'}, 'timezone': {'offset': '-8:00', 'description': 'Pacific Time (US &amp; Canada)'}}, 'email': 'darsh.taj@example.com', 'login': {'uuid': '4f281047-4d41-4beb-9959-8bce1b1769e2', 'username': 'goldenmeercat595', 'password': 'mike123', 'salt': 'q2qhS5SK', 'md5': '92e5f84ce5d5af64c25de3c0d5647ecc', 'sha1': 'c48dfe2e5265e39cab01a7a88ed12c8477e48d33', 'sha256': '4c12f26e8e1ce9ca12a8758a9167addb6abaacb04dd6238fb88b3ec47fadf75d'}, 'dob': {'date': '1984-03-11T18:33:44.016Z', 'age': 40}, 'registered': {'date': '2017-10-31T05:08:24.480Z', 'age': 6}, 'phone': '7714469187', 'cell': '9036157426', 'id': {'name': 'UIDAI', 'value': '508999250346'}, 'picture': {'large': 'https://randomuser.me/api/portraits/men/91.jpg', 'medium': 'https://randomuser.me/api/portraits/med/men/91.jpg', 'thumbnail': 'https://randomuser.me/api/portraits/thumb/men/91.jpg'}, 'nat': 'IN'}], 'info': {'seed': '93c01130a12ee8bd', 'results': 1, 'page': 1, 'version': '1.4'}}</msg>
<arg>${json_data}</arg>
<doc>Logs the given message with the given level.</doc>
<status status="PASS" start="2024-03-22T03:14:51.203883" elapsed="0.000245"/>
</kw>
<kw name="Should Be Equal As Numbers" owner="BuiltIn">
<arg>${json_data['results'][0]['location']['postcode']}</arg>
<arg>${json_data['results'][0]['location']['postcode']}</arg>
<doc>Fails if objects are unequal after converting them to real numbers.</doc>
<status status="PASS" start="2024-03-22T03:14:51.204432" elapsed="0.000629"/>
</kw>
<kw name="Log" owner="BuiltIn">
<msg time="2024-03-22T03:14:51.205588" level="INFO">51678</msg>
<arg>${json_data['results'][0]['location']['postcode']}</arg>
<doc>Logs the given message with the given level.</doc>
<status status="PASS" start="2024-03-22T03:14:51.205255" elapsed="0.000374"/>
</kw>
<status status="PASS" start="2024-03-22T03:14:51.110495" elapsed="0.095393"/>
</kw>
<doc>Testa se os tipos de dados na resposta da API estão corretos.</doc>
<tag>testeTiposDados</tag>
<status status="PASS" start="2024-03-22T03:14:51.005399" elapsed="0.200657"/>
</test>
<test id="s1-s1-t5" name="Validar conteudo" line="35">
<kw name="Teste de Tipos de Conteudo" owner="random-user-service">
<kw name="GET On Session" owner="RequestsLibrary">
<msg time="2024-03-22T03:14:51.297855" level="INFO">GET Request : url=https://randomuser.me/api 
 path_url=/api 
 headers={'User-Agent': 'python-requests/2.31.0', 'Accept-Encoding': 'gzip, deflate', 'Accept': '*/*', 'Connection': 'keep-alive'} 
 body=None 
 </msg>
<msg time="2024-03-22T03:14:51.297950" level="INFO">GET Response : url=https://randomuser.me/api 
 status=200, reason=OK 
 headers={'Date': 'Fri, 22 Mar 2024 03:14:51 GMT', 'Content-Type': 'application/json; charset=utf-8', 'Transfer-Encoding': 'chunked', 'Connection': 'keep-alive', 'X-Powered-By': 'Express', 'Access-Control-Allow-Origin': '*', 'Cache-Control': 'no-cache', 'ETag': 'W/"4b7-NaM6qB6EtlSHIx3F9L1+HIjhwmU"', 'Vary': 'Accept-Encoding', 'Content-Encoding': 'gzip', 'CF-Cache-Status': 'DYNAMIC', 'Report-To': '{"endpoints":[{"url":"https:\\/\\/a.nel.cloudflare.com\\/report\\/v4?s=ycIdKPQnCpTUQ0jpN1AhnyTeAD6DhWL7z%2FwLC60AVl5diiNo0rCcWRgWw9MkaqP8BywlEc2%2B4X29nQhfBDUkRm%2BCpxc82QlwxBcQ8isA1x9IVAO%2B7VmfeDBvBxw7JmXf"}],"group":"cf-nel","max_age":604800}', 'NEL': '{"success_fraction":0,"report_to":"cf-nel","max_age":604800}', 'Server': 'cloudflare', 'CF-RAY': '8683038e19f526b0-SJC', 'alt-svc': 'h3=":443"; ma=86400'} 
 body={"results":[{"gender":"female","name":{"title":"Mrs","first":"Leontina","last":"Moraes"},"location":{"street":{"number":1612,"name":"Avenida da Democracia"},"city":"Queimados","state":"Espírito Santo","country":"Brazil","postcode":42747,"coordinates":{"latitude":"-77.3348","longitude":"59.9086"},"timezone":{"offset":"+5:00","description":"Ekaterinburg, Islamabad, Karachi, Tashkent"}},"email":"leontina.moraes@example.com","login":{"uuid":"897b20b4-5524-4fd8-872e-634362bd0cb5","username":"tinygorilla312","password":"bird33","salt":"whr7ZIXB","md5":"b283b4d4075aea35435dcc93c0506d3d","sha1":"3e69ae35ff65e59c36c9e0223812107ceee4839a","sha256":"4538e7ad9d27ecad65918c4e340c6af4556afdf499d111cfac32fb56a216f287"},"dob":{"date":"1958-12-20T05:24:57.956Z","age":65},"registered":{"date":"2007-03-22T05:56:31.352Z","age":16},"phone":"(17) 8087-3999","cell":"(74) 7371-3961","id":{"name":"CPF","value":"406.166.643-99"},"picture":{"large":"https://randomuser.me/api/portraits/women/36.jpg","medium":"https://randomuser.me/api/portraits/med/women/36.jpg","thumbnail":"https://randomuser.me/api/portraits/thumb/women/36.jpg"},"nat":"BR"}],"info":{"seed":"e3a1f92cd6f14ecc","results":1,"page":1,"version":"1.4"}} 
 </msg>
<msg time="2024-03-22T03:14:51.298037" level="INFO">/opt/hostedtoolcache/Python/3.12.2/x64/lib/python3.12/site-packages/urllib3/connectionpool.py:1103: InsecureRequestWarning: Unverified HTTPS request is being made to host 'randomuser.me'. Adding certificate verification is strongly advised. See: https://urllib3.readthedocs.io/en/latest/advanced-usage.html#tls-warnings
  warnings.warn(</msg>
<msg time="2024-03-22T03:14:51.298161" level="INFO">${response} = &lt;Response [200]&gt;</msg>
<var>${response}</var>
<arg>consultarAPI</arg>
<arg>/api</arg>
<doc>Sends a GET request on a previously created HTTP Session.</doc>
<status status="PASS" start="2024-03-22T03:14:51.208809" elapsed="0.089397"/>
</kw>
<kw name="Set Variable" owner="BuiltIn">
<msg time="2024-03-22T03:14:51.299230" level="INFO">${json_data} = {'results': [{'gender': 'female', 'name': {'title': 'Mrs', 'first': 'Leontina', 'last': 'Moraes'}, 'location': {'street': {'number': 1612, 'name': 'Avenida da Democracia'}, 'city': 'Queimados', 'state...</msg>
<var>${json_data}</var>
<arg>${response.json()}</arg>
<doc>Returns the given values which can then be assigned to a variables.</doc>
<status status="PASS" start="2024-03-22T03:14:51.298712" elapsed="0.000549"/>
</kw>
<kw name="Set Variable" owner="BuiltIn">
<msg time="2024-03-22T03:14:51.299955" level="INFO">${name_title} = Mrs</msg>
<var>${name_title}</var>
<arg>${json_data["results"][0]["name"]["title"]}</arg>
<doc>Returns the given values which can then be assigned to a variables.</doc>
<status status="PASS" start="2024-03-22T03:14:51.299566" elapsed="0.000416"/>
</kw>
<kw name="Create List" owner="BuiltIn">
<msg time="2024-03-22T03:14:51.300434" level="INFO">${allowed_titles} = ['Mr', 'Ms', 'Miss', 'Mrs', 'Madame', 'Monsieur']</msg>
<var>${allowed_titles}</var>
<arg>Mr</arg>
<arg>Ms</arg>
<arg>Miss</arg>
<arg>Mrs</arg>
<arg>Madame</arg>
<arg>Monsieur</arg>
<doc>Returns a list containing given items.</doc>
<status status="PASS" start="2024-03-22T03:14:51.300285" elapsed="0.000174"/>
</kw>
<kw name="List Should Contain Value" owner="Collections">
<msg time="2024-03-22T03:14:51.300959" level="INFO">False</msg>
<arg>${allowed_titles}</arg>
<arg>${name_title}</arg>
<doc>Fails if the ``value`` is not found from ``list``.</doc>
<status status="PASS" start="2024-03-22T03:14:51.300778" elapsed="0.000220"/>
</kw>
<kw name="Set Variable" owner="BuiltIn">
<msg time="2024-03-22T03:14:51.301667" level="INFO">${name_country} = BR</msg>
<var>${name_country}</var>
<arg>${json_data["results"][0]["nat"]}</arg>
<doc>Returns the given values which can then be assigned to a variables.</doc>
<status status="PASS" start="2024-03-22T03:14:51.301290" elapsed="0.000403"/>
</kw>
<kw name="Create List" owner="BuiltIn">
<msg time="2024-03-22T03:14:51.302619" level="INFO">${list_country} = ['AD', 'AE', 'AF', 'AG', 'AI', 'AL', 'AM', 'AO', 'AQ', 'AR', 'AS', 'AT', 'AU', 'AW', 'AX', 'AZ', 'BA', 'BB', 'BD', 'BE', 'BF', 'BG', 'BH', 'BI', 'BJ', 'BL', 'BM', 'BN', 'BO', 'BQ', 'BR', 'BS', 'BT', '...</msg>
<var>${list_country}</var>
<arg>AD</arg>
<arg>AE</arg>
<arg>AF</arg>
<arg>AG</arg>
<arg>AI</arg>
<arg>AL</arg>
<arg>AM</arg>
<arg>AO</arg>
<arg>AQ</arg>
<arg>AR</arg>
<arg>AS</arg>
<arg>AT</arg>
<arg>AU</arg>
<arg>AW</arg>
<arg>AX</arg>
<arg>AZ</arg>
<arg>BA</arg>
<arg>BB</arg>
<arg>BD</arg>
<arg>BE</arg>
<arg>BF</arg>
<arg>BG</arg>
<arg>BH</arg>
<arg>BI</arg>
<arg>BJ</arg>
<arg>BL</arg>
<arg>BM</arg>
<arg>BN</arg>
<arg>BO</arg>
<arg>BQ</arg>
<arg>BR</arg>
<arg>BS</arg>
<arg>BT</arg>
<arg>BV</arg>
<arg>BW</arg>
<arg>BY</arg>
<arg>BZ</arg>
<arg>CA</arg>
<arg>CC</arg>
<arg>CD</arg>
<arg>CF</arg>
<arg>CG</arg>
<arg>CH</arg>
<arg>CI</arg>
<arg>CK</arg>
<arg>CL</arg>
<arg>CM</arg>
<arg>CN</arg>
<arg>CO</arg>
<arg>CR</arg>
<arg>CU</arg>
<arg>CV</arg>
<arg>CW</arg>
<arg>CX</arg>
<arg>CY</arg>
<arg>CZ</arg>
<arg>DE</arg>
<arg>DJ</arg>
<arg>DK</arg>
<arg>DM</arg>
<arg>DO</arg>
<arg>DZ</arg>
<arg>EC</arg>
<arg>EE</arg>
<arg>EG</arg>
<arg>EH</arg>
<arg>ER</arg>
<arg>ES</arg>
<arg>ET</arg>
<arg>FI</arg>
<arg>FJ</arg>
<arg>FK</arg>
<arg>FM</arg>
<arg>FO</arg>
<arg>FR</arg>
<arg>GA</arg>
<arg>GB</arg>
<arg>GD</arg>
<arg>GE</arg>
<arg>GF</arg>
<arg>GG</arg>
<arg>GH</arg>
<arg>GI</arg>
<arg>GL</arg>
<arg>GM</arg>
<arg>GN</arg>
<arg>GP</arg>
<arg>GQ</arg>
<arg>GR</arg>
<arg>GS</arg>
<arg>GT</arg>
<arg>GU</arg>
<arg>GW</arg>
<arg>GY</arg>
<arg>HK</arg>
<arg>HM</arg>
<arg>HN</arg>
<arg>HR</arg>
<arg>HT</arg>
<arg>HU</arg>
<arg>ID</arg>
<arg>IE</arg>
<arg>IL</arg>
<arg>IM</arg>
<arg>IN</arg>
<arg>IO</arg>
<arg>IQ</arg>
<arg>IR</arg>
<arg>IS</arg>
<arg>IT</arg>
<arg>JE</arg>
<arg>JM</arg>
<arg>JO</arg>
<arg>JP</arg>
<arg>KE</arg>
<arg>KG</arg>
<arg>KH</arg>
<arg>KI</arg>
<arg>KM</arg>
<arg>KN</arg>
<arg>KP</arg>
<arg>KR</arg>
<arg>KW</arg>
<arg>KY</arg>
<arg>KZ</arg>
<arg>LA</arg>
<arg>LB</arg>
<arg>LC</arg>
<arg>LI</arg>
<arg>LK</arg>
<arg>LR</arg>
<arg>LS</arg>
<arg>LT</arg>
<arg>LU</arg>
<arg>LV</arg>
<arg>LY</arg>
<arg>MA</arg>
<arg>MC</arg>
<arg>MD</arg>
<arg>ME</arg>
<arg>MF</arg>
<arg>MG</arg>
<arg>MH</arg>
<arg>MK</arg>
<arg>ML</arg>
<arg>MM</arg>
<arg>MN</arg>
<arg>MO</arg>
<arg>MP</arg>
<arg>MQ</arg>
<arg>MR</arg>
<arg>MS</arg>
<arg>MT</arg>
<arg>MU</arg>
<arg>MV</arg>
<arg>MW</arg>
<arg>MX</arg>
<arg>MY</arg>
<arg>MZ</arg>
<arg>NA</arg>
<arg>NC</arg>
<arg>NE</arg>
<arg>NF</arg>
<arg>NG</arg>
<arg>NI</arg>
<arg>NL</arg>
<arg>NO</arg>
<arg>NP</arg>
<arg>NR</arg>
<arg>NU</arg>
<arg>NZ</arg>
<arg>OM</arg>
<arg>PA</arg>
<arg>PE</arg>
<arg>PF</arg>
<arg>PG</arg>
<arg>PH</arg>
<arg>PK</arg>
<arg>PL</arg>
<arg>PM</arg>
<arg>PN</arg>
<arg>PR</arg>
<arg>PS</arg>
<arg>PT</arg>
<arg>PW</arg>
<arg>PY</arg>
<arg>QA</arg>
<arg>RE</arg>
<arg>RO</arg>
<arg>RS</arg>
<arg>RU</arg>
<arg>RW</arg>
<arg>SA</arg>
<arg>SB</arg>
<arg>SC</arg>
<arg>SD</arg>
<arg>SE</arg>
<arg>SG</arg>
<arg>SH</arg>
<arg>SI</arg>
<arg>SJ</arg>
<arg>SK</arg>
<arg>SL</arg>
<arg>SM</arg>
<arg>SN</arg>
<arg>SO</arg>
<arg>SR</arg>
<arg>SS</arg>
<arg>ST</arg>
<arg>SV</arg>
<arg>SX</arg>
<arg>SY</arg>
<arg>SZ</arg>
<arg>TC</arg>
<arg>TD</arg>
<arg>TF</arg>
<arg>TG</arg>
<arg>TH</arg>
<arg>TJ</arg>
<arg>TK</arg>
<arg>TL</arg>
<arg>TM</arg>
<arg>TN</arg>
<arg>TO</arg>
<arg>TR</arg>
<arg>TT</arg>
<arg>TV</arg>
<arg>TW</arg>
<arg>TZ</arg>
<arg>UA</arg>
<arg>UG</arg>
<arg>UM</arg>
<arg>US</arg>
<arg>UY</arg>
<arg>UZ</arg>
<arg>VA</arg>
<arg>VC</arg>
<arg>VE</arg>
<arg>VG</arg>
<arg>VI</arg>
<arg>VN</arg>
<arg>VU</arg>
<arg>WF</arg>
<arg>WS</arg>
<arg>XK</arg>
<arg>YE</arg>
<arg>YT</arg>
<arg>ZA</arg>
<arg>ZM</arg>
<arg>ZW</arg>
<doc>Returns a list containing given items.</doc>
<status status="PASS" start="2024-03-22T03:14:51.302003" elapsed="0.000645"/>
</kw>
<kw name="List Should Contain Value" owner="Collections">
<msg time="2024-03-22T03:14:51.303770" level="INFO">False</msg>
<arg>${list_country}</arg>
<arg>${name_country}</arg>
<doc>Fails if the ``value`` is not found from ``list``.</doc>
<status status="PASS" start="2024-03-22T03:14:51.303566" elapsed="0.000242"/>
</kw>
<kw name="Run Keyword If" owner="BuiltIn">
<kw name="Should Be True" owner="BuiltIn">
<arg>${True}</arg>
<doc>Fails if the given condition is not true.</doc>
<status status="PASS" start="2024-03-22T03:14:51.304885" elapsed="0.000148"/>
</kw>
<arg>${json_data["results"][0]["location"]["coordinates"]["latitude"]} &gt;= -90 and ${json_data["results"][0]["location"]["coordinates"]["latitude"]} &lt;= 90</arg>
<arg>Should Be True</arg>
<arg>${True}</arg>
<doc>Runs the given keyword with the given arguments, if ``condition`` is true.</doc>
<status status="PASS" start="2024-03-22T03:14:51.304121" elapsed="0.001041"/>
</kw>
<kw name="Run Keyword If" owner="BuiltIn">
<kw name="Should Be True" owner="BuiltIn">
<arg>${True}</arg>
<doc>Fails if the given condition is not true.</doc>
<status status="PASS" start="2024-03-22T03:14:51.306052" elapsed="0.000140"/>
</kw>
<arg>${json_data["results"][0]["location"]["coordinates"]["longitude"]} &gt;= -180 and ${json_data["results"][0]["location"]["coordinates"]["longitude"]} &lt;= 180</arg>
<arg>Should Be True</arg>
<arg>${True}</arg>
<doc>Runs the given keyword with the given arguments, if ``condition`` is true.</doc>
<status status="PASS" start="2024-03-22T03:14:51.305350" elapsed="0.000968"/>
</kw>
<status status="PASS" start="2024-03-22T03:14:51.208569" elapsed="0.097881"/>
</kw>
<doc>Testa o conteúdo específico dos campos retornados pela API.</doc>
<tag>testeConteudo</tag>
<status status="PASS" start="2024-03-22T03:14:51.208070" elapsed="0.098565"/>
</test>
<status status="PASS" start="2024-03-22T03:14:50.428194" elapsed="0.880416"/>
</suite>
<status status="PASS" start="2024-03-22T03:14:50.414444" elapsed="0.899545"/>
</suite>
<statistics>
<total>
<stat pass="5" fail="0" skip="0">All Tests</stat>
</total>
<tag>
<stat pass="1" fail="0" skip="0">testeConteudo</stat>
<stat pass="1" fail="0" skip="0">testeEstruturaResposta</stat>
<stat pass="1" fail="0" skip="0">testeRequisicaoBasica</stat>
<stat pass="1" fail="0" skip="0">testeTiposDados</stat>
</tag>
<suite>
<stat pass="5" fail="0" skip="0" id="s1" name="Tests">Tests</stat>
<stat pass="5" fail="0" skip="0" id="s1-s1" name="Random-User-Test">Tests.Random-User-Test</stat>
</suite>
</statistics>
<errors>
</errors>
</robot>
