<?xml version="1.0" encoding="UTF-8"?>
<robot generator="Robot 7.0 (Python 3.12.3 on linux)" generated="2024-04-29T17:12:14.620239" rpa="false" schemaversion="5">
<suite id="s1" name="Tests" source="/home/runner/work/DesafioQAItauRogerioJordao/DesafioQAItauRogerioJordao/RamdonUser/tests">
<suite id="s1-s1" name="Random-User-Test" source="/home/runner/work/DesafioQAItauRogerioJordao/DesafioQAItauRogerioJordao/RamdonUser/tests/random-user-test.robot">
<test id="s1-s1-t1" name="Conectar" line="13">
<kw name="Conectar API" owner="random-user-service">
<kw name="Create Session" owner="RequestsLibrary">
<msg time="2024-04-29T17:12:14.979658" level="INFO">Creating Session using : alias=consultarAPI, url=https://randomuser.me/, headers={},                     cookies={}, auth=None, timeout=None, proxies=None, verify=False,                     debug=0 </msg>
<arg>consultarAPI</arg>
<arg>${URL}</arg>
<doc>Create Session: create a HTTP session to a server</doc>
<status status="PASS" start="2024-04-29T17:12:14.979460" elapsed="0.000376"/>
</kw>
<status status="PASS" start="2024-04-29T17:12:14.978467" elapsed="0.001725"/>
</kw>
<status status="PASS" start="2024-04-29T17:12:14.977932" elapsed="0.002452"/>
</test>
<test id="s1-s1-t2" name="Validar retorno 200 e JSON Válido" line="16">
<kw name="Teste de Requisicao Basica" owner="random-user-service">
<kw name="GET On Session" owner="RequestsLibrary">
<msg time="2024-04-29T17:12:15.104603" level="INFO">GET Request : url=https://randomuser.me/api 
 path_url=/api 
 headers={'User-Agent': 'python-requests/2.31.0', 'Accept-Encoding': 'gzip, deflate', 'Accept': '*/*', 'Connection': 'keep-alive'} 
 body=None 
 </msg>
<msg time="2024-04-29T17:12:15.104752" level="INFO">GET Response : url=https://randomuser.me/api 
 status=200, reason=OK 
 headers={'Date': 'Mon, 29 Apr 2024 17:12:15 GMT', 'Content-Type': 'application/json; charset=utf-8', 'Transfer-Encoding': 'chunked', 'Connection': 'keep-alive', 'X-Powered-By': 'Express', 'Access-Control-Allow-Origin': '*', 'Cache-Control': 'no-cache', 'ETag': 'W/"48b-Mk3gGgCvlx6LMqQs0HYFZLSFfOg"', 'Vary': 'Accept-Encoding', 'Content-Encoding': 'gzip', 'CF-Cache-Status': 'DYNAMIC', 'Report-To': '{"endpoints":[{"url":"https:\\/\\/a.nel.cloudflare.com\\/report\\/v4?s=GvkpciiWv0ozAeMPsxRJwsuARSYgC2cMMyKezEYpwbSAvovsX1rKNl9Nu7hpn9RGoiM9e5LS0nixI4YBNhZwF0N3SzOyltS21GZQu7u7J%2Fzx1aZfnyuhwsk8bUkoDJ7P"}],"group":"cf-nel","max_age":604800}', 'NEL': '{"success_fraction":0,"report_to":"cf-nel","max_age":604800}', 'Server': 'cloudflare', 'CF-RAY': '87c0ea75dd8dfa4a-SJC', 'alt-svc': 'h3=":443"; ma=86400'} 
 body={"results":[{"gender":"male","name":{"title":"Mr","first":"Carter","last":"Young"},"location":{"street":{"number":2746,"name":"Maple Ave"},"city":"Oakville","state":"Québec","country":"Canada","postcode":"J3F 2K6","coordinates":{"latitude":"-70.2363","longitude":"-73.4414"},"timezone":{"offset":"+5:30","description":"Bombay, Calcutta, Madras, New Delhi"}},"email":"carter.young@example.com","login":{"uuid":"3fb4aad8-ff39-48c1-b914-37528fd1ab90","username":"beautifulfish277","password":"magical","salt":"99lKFVhn","md5":"e0314821953327a5bb46853e35f93798","sha1":"e72be6c7a210ca451f8a3dcb44fbda215d464ffd","sha256":"b84da14b504ec4bc977c652e671b88164241d6b0299c9a2414cc0f2912ca3922"},"dob":{"date":"1969-07-31T10:10:27.918Z","age":54},"registered":{"date":"2008-08-03T05:38:42.508Z","age":15},"phone":"O98 C67-5092","cell":"D93 W34-8088","id":{"name":"SIN","value":"327292199"},"picture":{"large":"https://randomuser.me/api/portraits/men/18.jpg","medium":"https://randomuser.me/api/portraits/med/men/18.jpg","thumbnail":"https://randomuser.me/api/portraits/thumb/men/18.jpg"},"nat":"CA"}],"info":{"seed":"5fc8c53dab3af4d3","results":1,"page":1,"version":"1.4"}} 
 </msg>
<msg time="2024-04-29T17:12:15.104840" level="INFO">/opt/hostedtoolcache/Python/3.12.3/x64/lib/python3.12/site-packages/urllib3/connectionpool.py:1103: InsecureRequestWarning: Unverified HTTPS request is being made to host 'randomuser.me'. Adding certificate verification is strongly advised. See: https://urllib3.readthedocs.io/en/latest/advanced-usage.html#tls-warnings
  warnings.warn(</msg>
<msg time="2024-04-29T17:12:15.104997" level="INFO">${response} = &lt;Response [200]&gt;</msg>
<var>${response}</var>
<arg>consultarAPI</arg>
<arg>/api</arg>
<doc>Sends a GET request on a previously created HTTP Session.</doc>
<status status="PASS" start="2024-04-29T17:12:14.982939" elapsed="0.122090"/>
</kw>
<kw name="Should Be Equal As Numbers" owner="BuiltIn">
<msg time="2024-04-29T17:12:15.105977" level="INFO">Argument types are:
&lt;class 'int'&gt;
&lt;class 'str'&gt;</msg>
<arg>${response.status_code}</arg>
<arg>200</arg>
<doc>Fails if objects are unequal after converting them to real numbers.</doc>
<status status="PASS" start="2024-04-29T17:12:15.105529" elapsed="0.000514"/>
</kw>
<kw name="Log" owner="BuiltIn">
<msg time="2024-04-29T17:12:15.106739" level="INFO">200</msg>
<arg>${response.status_code}</arg>
<doc>Logs the given message with the given level.</doc>
<status status="PASS" start="2024-04-29T17:12:15.106382" elapsed="0.000400"/>
</kw>
<kw name="Set Variable" owner="BuiltIn">
<msg time="2024-04-29T17:12:15.107585" level="INFO">${json_data} = {'results': [{'gender': 'male', 'name': {'title': 'Mr', 'first': 'Carter', 'last': 'Young'}, 'location': {'street': {'number': 2746, 'name': 'Maple Ave'}, 'city': 'Oakville', 'state': 'Québec', 'count...</msg>
<var>${json_data}</var>
<arg>${response.json()}</arg>
<doc>Returns the given values which can then be assigned to a variables.</doc>
<status status="PASS" start="2024-04-29T17:12:15.107085" elapsed="0.000529"/>
</kw>
<kw name="Dictionary Should Contain Key" owner="Collections">
<msg time="2024-04-29T17:12:15.108084" level="INFO">False</msg>
<arg>${json_data}</arg>
<arg>results</arg>
<doc>Fails if ``key`` is not found from ``dictionary``.</doc>
<status status="PASS" start="2024-04-29T17:12:15.107916" elapsed="0.000213"/>
</kw>
<status status="PASS" start="2024-04-29T17:12:14.982702" elapsed="0.125686"/>
</kw>
<doc>Testa se a API responde corretamente e retorna um objeto JSON válido.</doc>
<tag>testeRequisicaoBasica</tag>
<status status="PASS" start="2024-04-29T17:12:14.982243" elapsed="0.126328"/>
</test>
<test id="s1-s1-t3" name="Validar estrutura de resposta" line="22">
<kw name="Teste de Estrutura de Resposta" owner="random-user-service">
<kw name="GET On Session" owner="RequestsLibrary">
<msg time="2024-04-29T17:12:15.208761" level="INFO">GET Request : url=https://randomuser.me/api 
 path_url=/api 
 headers={'User-Agent': 'python-requests/2.31.0', 'Accept-Encoding': 'gzip, deflate', 'Accept': '*/*', 'Connection': 'keep-alive'} 
 body=None 
 </msg>
<msg time="2024-04-29T17:12:15.208856" level="INFO">GET Response : url=https://randomuser.me/api 
 status=200, reason=OK 
 headers={'Date': 'Mon, 29 Apr 2024 17:12:15 GMT', 'Content-Type': 'application/json; charset=utf-8', 'Transfer-Encoding': 'chunked', 'Connection': 'keep-alive', 'X-Powered-By': 'Express', 'Access-Control-Allow-Origin': '*', 'Cache-Control': 'no-cache', 'ETag': 'W/"4ab-yq+Q11tGZ1bKCIG13WZLNYRWWzs"', 'Vary': 'Accept-Encoding', 'Content-Encoding': 'gzip', 'CF-Cache-Status': 'DYNAMIC', 'Report-To': '{"endpoints":[{"url":"https:\\/\\/a.nel.cloudflare.com\\/report\\/v4?s=ptBevuSFIEIShVMvLdp4FnpVMsQ5k7HlClvCpSkSl7D5FcCsnvaY2JHahB6xBHjdI2uhHWE9%2FAyvUQnBFUPiLhy1QLEXA7p5ApkVQIOsmE%2BvpeIArlDhCZa1tI8xYOOy"}],"group":"cf-nel","max_age":604800}', 'NEL': '{"success_fraction":0,"report_to":"cf-nel","max_age":604800}', 'Server': 'cloudflare', 'CF-RAY': '87c0ea767e50fa4a-SJC', 'alt-svc': 'h3=":443"; ma=86400'} 
 body={"results":[{"gender":"female","name":{"title":"Mademoiselle","first":"Tiziana","last":"Andre"},"location":{"street":{"number":9041,"name":"Rue Bony"},"city":"Birmensdorf (Zh)","state":"Schwyz","country":"Switzerland","postcode":8551,"coordinates":{"latitude":"-56.9671","longitude":"51.8485"},"timezone":{"offset":"-4:00","description":"Atlantic Time (Canada), Caracas, La Paz"}},"email":"tiziana.andre@example.com","login":{"uuid":"f0d4e619-fcaf-46e7-9f1e-4c3c60d85598","username":"whitefish824","password":"africa","salt":"VP0y5CL9","md5":"f5ba9663bbf7f78ad1ff4e8ae49a2340","sha1":"08c9f050bdfcad8d485de32ea39e97a5cf7524e1","sha256":"a985f9abd9843067a4f2664476cf24794dda5fc5ea3b85bd8e644f3431a46d75"},"dob":{"date":"1956-12-05T23:20:34.893Z","age":67},"registered":{"date":"2017-06-08T19:26:06.047Z","age":6},"phone":"077 336 59 95","cell":"079 957 29 35","id":{"name":"AVS","value":"756.2233.4979.19"},"picture":{"large":"https://randomuser.me/api/portraits/women/41.jpg","medium":"https://randomuser.me/api/portraits/med/women/41.jpg","thumbnail":"https://randomuser.me/api/portraits/thumb/women/41.jpg"},"nat":"CH"}],"info":{"seed":"bd69afb4b29becc9","results":1,"page":1,"version":"1.4"}} 
 </msg>
<msg time="2024-04-29T17:12:15.208976" level="INFO">/opt/hostedtoolcache/Python/3.12.3/x64/lib/python3.12/site-packages/urllib3/connectionpool.py:1103: InsecureRequestWarning: Unverified HTTPS request is being made to host 'randomuser.me'. Adding certificate verification is strongly advised. See: https://urllib3.readthedocs.io/en/latest/advanced-usage.html#tls-warnings
  warnings.warn(</msg>
<msg time="2024-04-29T17:12:15.209113" level="INFO">${response} = &lt;Response [200]&gt;</msg>
<var>${response}</var>
<arg>consultarAPI</arg>
<arg>/api</arg>
<doc>Sends a GET request on a previously created HTTP Session.</doc>
<status status="PASS" start="2024-04-29T17:12:15.112002" elapsed="0.097142"/>
</kw>
<kw name="Set Variable" owner="BuiltIn">
<msg time="2024-04-29T17:12:15.210111" level="INFO">${json_data} = {'results': [{'gender': 'female', 'name': {'title': 'Mademoiselle', 'first': 'Tiziana', 'last': 'Andre'}, 'location': {'street': {'number': 9041, 'name': 'Rue Bony'}, 'city': 'Birmensdorf (Zh)', 'stat...</msg>
<var>${json_data}</var>
<arg>${response.json()}</arg>
<doc>Returns the given values which can then be assigned to a variables.</doc>
<status status="PASS" start="2024-04-29T17:12:15.209600" elapsed="0.000539"/>
</kw>
<kw name="Log" owner="BuiltIn">
<msg time="2024-04-29T17:12:15.210605" level="INFO">{'results': [{'gender': 'female', 'name': {'title': 'Mademoiselle', 'first': 'Tiziana', 'last': 'Andre'}, 'location': {'street': {'number': 9041, 'name': 'Rue Bony'}, 'city': 'Birmensdorf (Zh)', 'state': 'Schwyz', 'country': 'Switzerland', 'postcode': 8551, 'coordinates': {'latitude': '-56.9671', 'longitude': '51.8485'}, 'timezone': {'offset': '-4:00', 'description': 'Atlantic Time (Canada), Caracas, La Paz'}}, 'email': 'tiziana.andre@example.com', 'login': {'uuid': 'f0d4e619-fcaf-46e7-9f1e-4c3c60d85598', 'username': 'whitefish824', 'password': 'africa', 'salt': 'VP0y5CL9', 'md5': 'f5ba9663bbf7f78ad1ff4e8ae49a2340', 'sha1': '08c9f050bdfcad8d485de32ea39e97a5cf7524e1', 'sha256': 'a985f9abd9843067a4f2664476cf24794dda5fc5ea3b85bd8e644f3431a46d75'}, 'dob': {'date': '1956-12-05T23:20:34.893Z', 'age': 67}, 'registered': {'date': '2017-06-08T19:26:06.047Z', 'age': 6}, 'phone': '077 336 59 95', 'cell': '079 957 29 35', 'id': {'name': 'AVS', 'value': '756.2233.4979.19'}, 'picture': {'large': 'https://randomuser.me/api/portraits/women/41.jpg', 'medium': 'https://randomuser.me/api/portraits/med/women/41.jpg', 'thumbnail': 'https://randomuser.me/api/portraits/thumb/women/41.jpg'}, 'nat': 'CH'}], 'info': {'seed': 'bd69afb4b29becc9', 'results': 1, 'page': 1, 'version': '1.4'}}</msg>
<arg>${json_data}</arg>
<doc>Logs the given message with the given level.</doc>
<status status="PASS" start="2024-04-29T17:12:15.210445" elapsed="0.000209"/>
</kw>
<kw name="Dictionary Should Contain Key" owner="Collections">
<msg time="2024-04-29T17:12:15.211118" level="INFO">False</msg>
<arg>${json_data}</arg>
<arg>results</arg>
<doc>Fails if ``key`` is not found from ``dictionary``.</doc>
<status status="PASS" start="2024-04-29T17:12:15.210961" elapsed="0.000195"/>
</kw>
<kw name="Should Not Be Empty" owner="BuiltIn">
<msg time="2024-04-29T17:12:15.211636" level="INFO">Length is 2.</msg>
<arg>${json_data}</arg>
<doc>Verifies that the given item is not empty.</doc>
<status status="PASS" start="2024-04-29T17:12:15.211499" elapsed="0.000176"/>
</kw>
<kw name="Create List" owner="BuiltIn">
<msg time="2024-04-29T17:12:15.212286" level="INFO">${expected_keys} = ['gender', 'name', 'location', 'email', 'login']</msg>
<var>${expected_keys}</var>
<arg>gender</arg>
<arg>name</arg>
<arg>location</arg>
<arg>email</arg>
<arg>login</arg>
<doc>Returns a list containing given items.</doc>
<status status="PASS" start="2024-04-29T17:12:15.211970" elapsed="0.000341"/>
</kw>
<for flavor="IN">
<iter>
<kw name="Dictionary Should Contain Key" owner="Collections">
<msg time="2024-04-29T17:12:15.213306" level="INFO">False</msg>
<arg>${json_data['results'][0]}</arg>
<arg>${key}</arg>
<doc>Fails if ``key`` is not found from ``dictionary``.</doc>
<status status="PASS" start="2024-04-29T17:12:15.212898" elapsed="0.000448"/>
</kw>
<kw name="Log" owner="BuiltIn">
<msg time="2024-04-29T17:12:15.214038" level="INFO">{'gender': 'female', 'name': {'title': 'Mademoiselle', 'first': 'Tiziana', 'last': 'Andre'}, 'location': {'street': {'number': 9041, 'name': 'Rue Bony'}, 'city': 'Birmensdorf (Zh)', 'state': 'Schwyz', 'country': 'Switzerland', 'postcode': 8551, 'coordinates': {'latitude': '-56.9671', 'longitude': '51.8485'}, 'timezone': {'offset': '-4:00', 'description': 'Atlantic Time (Canada), Caracas, La Paz'}}, 'email': 'tiziana.andre@example.com', 'login': {'uuid': 'f0d4e619-fcaf-46e7-9f1e-4c3c60d85598', 'username': 'whitefish824', 'password': 'africa', 'salt': 'VP0y5CL9', 'md5': 'f5ba9663bbf7f78ad1ff4e8ae49a2340', 'sha1': '08c9f050bdfcad8d485de32ea39e97a5cf7524e1', 'sha256': 'a985f9abd9843067a4f2664476cf24794dda5fc5ea3b85bd8e644f3431a46d75'}, 'dob': {'date': '1956-12-05T23:20:34.893Z', 'age': 67}, 'registered': {'date': '2017-06-08T19:26:06.047Z', 'age': 6}, 'phone': '077 336 59 95', 'cell': '079 957 29 35', 'id': {'name': 'AVS', 'value': '756.2233.4979.19'}, 'picture': {'large': 'https://randomuser.me/api/portraits/women/41.jpg', 'medium': 'https://randomuser.me/api/portraits/med/women/41.jpg', 'thumbnail': 'https://randomuser.me/api/portraits/thumb/women/41.jpg'}, 'nat': 'CH'}</msg>
<arg>${json_data['results'][0]}</arg>
<doc>Logs the given message with the given level.</doc>
<status status="PASS" start="2024-04-29T17:12:15.213668" elapsed="0.000419"/>
</kw>
<kw name="Log" owner="BuiltIn">
<msg time="2024-04-29T17:12:15.214508" level="INFO">gender</msg>
<arg>${key}</arg>
<doc>Logs the given message with the given level.</doc>
<status status="PASS" start="2024-04-29T17:12:15.214380" elapsed="0.000166"/>
</kw>
<var name="${key}">gender</var>
<status status="PASS" start="2024-04-29T17:12:15.212773" elapsed="0.001988"/>
</iter>
<iter>
<kw name="Dictionary Should Contain Key" owner="Collections">
<msg time="2024-04-29T17:12:15.215489" level="INFO">False</msg>
<arg>${json_data['results'][0]}</arg>
<arg>${key}</arg>
<doc>Fails if ``key`` is not found from ``dictionary``.</doc>
<status status="PASS" start="2024-04-29T17:12:15.215064" elapsed="0.000495"/>
</kw>
<kw name="Log" owner="BuiltIn">
<msg time="2024-04-29T17:12:15.216223" level="INFO">{'gender': 'female', 'name': {'title': 'Mademoiselle', 'first': 'Tiziana', 'last': 'Andre'}, 'location': {'street': {'number': 9041, 'name': 'Rue Bony'}, 'city': 'Birmensdorf (Zh)', 'state': 'Schwyz', 'country': 'Switzerland', 'postcode': 8551, 'coordinates': {'latitude': '-56.9671', 'longitude': '51.8485'}, 'timezone': {'offset': '-4:00', 'description': 'Atlantic Time (Canada), Caracas, La Paz'}}, 'email': 'tiziana.andre@example.com', 'login': {'uuid': 'f0d4e619-fcaf-46e7-9f1e-4c3c60d85598', 'username': 'whitefish824', 'password': 'africa', 'salt': 'VP0y5CL9', 'md5': 'f5ba9663bbf7f78ad1ff4e8ae49a2340', 'sha1': '08c9f050bdfcad8d485de32ea39e97a5cf7524e1', 'sha256': 'a985f9abd9843067a4f2664476cf24794dda5fc5ea3b85bd8e644f3431a46d75'}, 'dob': {'date': '1956-12-05T23:20:34.893Z', 'age': 67}, 'registered': {'date': '2017-06-08T19:26:06.047Z', 'age': 6}, 'phone': '077 336 59 95', 'cell': '079 957 29 35', 'id': {'name': 'AVS', 'value': '756.2233.4979.19'}, 'picture': {'large': 'https://randomuser.me/api/portraits/women/41.jpg', 'medium': 'https://randomuser.me/api/portraits/med/women/41.jpg', 'thumbnail': 'https://randomuser.me/api/portraits/thumb/women/41.jpg'}, 'nat': 'CH'}</msg>
<arg>${json_data['results'][0]}</arg>
<doc>Logs the given message with the given level.</doc>
<status status="PASS" start="2024-04-29T17:12:15.215862" elapsed="0.000410"/>
</kw>
<kw name="Log" owner="BuiltIn">
<msg time="2024-04-29T17:12:15.216692" level="INFO">name</msg>
<arg>${key}</arg>
<doc>Logs the given message with the given level.</doc>
<status status="PASS" start="2024-04-29T17:12:15.216565" elapsed="0.000165"/>
</kw>
<var name="${key}">name</var>
<status status="PASS" start="2024-04-29T17:12:15.214950" elapsed="0.001996"/>
</iter>
<iter>
<kw name="Dictionary Should Contain Key" owner="Collections">
<msg time="2024-04-29T17:12:15.217628" level="INFO">False</msg>
<arg>${json_data['results'][0]}</arg>
<arg>${key}</arg>
<doc>Fails if ``key`` is not found from ``dictionary``.</doc>
<status status="PASS" start="2024-04-29T17:12:15.217238" elapsed="0.000428"/>
</kw>
<kw name="Log" owner="BuiltIn">
<msg time="2024-04-29T17:12:15.218328" level="INFO">{'gender': 'female', 'name': {'title': 'Mademoiselle', 'first': 'Tiziana', 'last': 'Andre'}, 'location': {'street': {'number': 9041, 'name': 'Rue Bony'}, 'city': 'Birmensdorf (Zh)', 'state': 'Schwyz', 'country': 'Switzerland', 'postcode': 8551, 'coordinates': {'latitude': '-56.9671', 'longitude': '51.8485'}, 'timezone': {'offset': '-4:00', 'description': 'Atlantic Time (Canada), Caracas, La Paz'}}, 'email': 'tiziana.andre@example.com', 'login': {'uuid': 'f0d4e619-fcaf-46e7-9f1e-4c3c60d85598', 'username': 'whitefish824', 'password': 'africa', 'salt': 'VP0y5CL9', 'md5': 'f5ba9663bbf7f78ad1ff4e8ae49a2340', 'sha1': '08c9f050bdfcad8d485de32ea39e97a5cf7524e1', 'sha256': 'a985f9abd9843067a4f2664476cf24794dda5fc5ea3b85bd8e644f3431a46d75'}, 'dob': {'date': '1956-12-05T23:20:34.893Z', 'age': 67}, 'registered': {'date': '2017-06-08T19:26:06.047Z', 'age': 6}, 'phone': '077 336 59 95', 'cell': '079 957 29 35', 'id': {'name': 'AVS', 'value': '756.2233.4979.19'}, 'picture': {'large': 'https://randomuser.me/api/portraits/women/41.jpg', 'medium': 'https://randomuser.me/api/portraits/med/women/41.jpg', 'thumbnail': 'https://randomuser.me/api/portraits/thumb/women/41.jpg'}, 'nat': 'CH'}</msg>
<arg>${json_data['results'][0]}</arg>
<doc>Logs the given message with the given level.</doc>
<status status="PASS" start="2024-04-29T17:12:15.217965" elapsed="0.000411"/>
</kw>
<kw name="Log" owner="BuiltIn">
<msg time="2024-04-29T17:12:15.218798" level="INFO">location</msg>
<arg>${key}</arg>
<doc>Logs the given message with the given level.</doc>
<status status="PASS" start="2024-04-29T17:12:15.218670" elapsed="0.000167"/>
</kw>
<var name="${key}">location</var>
<status status="PASS" start="2024-04-29T17:12:15.217126" elapsed="0.001924"/>
</iter>
<iter>
<kw name="Dictionary Should Contain Key" owner="Collections">
<msg time="2024-04-29T17:12:15.219772" level="INFO">False</msg>
<arg>${json_data['results'][0]}</arg>
<arg>${key}</arg>
<doc>Fails if ``key`` is not found from ``dictionary``.</doc>
<status status="PASS" start="2024-04-29T17:12:15.219376" elapsed="0.000434"/>
</kw>
<kw name="Log" owner="BuiltIn">
<msg time="2024-04-29T17:12:15.220471" level="INFO">{'gender': 'female', 'name': {'title': 'Mademoiselle', 'first': 'Tiziana', 'last': 'Andre'}, 'location': {'street': {'number': 9041, 'name': 'Rue Bony'}, 'city': 'Birmensdorf (Zh)', 'state': 'Schwyz', 'country': 'Switzerland', 'postcode': 8551, 'coordinates': {'latitude': '-56.9671', 'longitude': '51.8485'}, 'timezone': {'offset': '-4:00', 'description': 'Atlantic Time (Canada), Caracas, La Paz'}}, 'email': 'tiziana.andre@example.com', 'login': {'uuid': 'f0d4e619-fcaf-46e7-9f1e-4c3c60d85598', 'username': 'whitefish824', 'password': 'africa', 'salt': 'VP0y5CL9', 'md5': 'f5ba9663bbf7f78ad1ff4e8ae49a2340', 'sha1': '08c9f050bdfcad8d485de32ea39e97a5cf7524e1', 'sha256': 'a985f9abd9843067a4f2664476cf24794dda5fc5ea3b85bd8e644f3431a46d75'}, 'dob': {'date': '1956-12-05T23:20:34.893Z', 'age': 67}, 'registered': {'date': '2017-06-08T19:26:06.047Z', 'age': 6}, 'phone': '077 336 59 95', 'cell': '079 957 29 35', 'id': {'name': 'AVS', 'value': '756.2233.4979.19'}, 'picture': {'large': 'https://randomuser.me/api/portraits/women/41.jpg', 'medium': 'https://randomuser.me/api/portraits/med/women/41.jpg', 'thumbnail': 'https://randomuser.me/api/portraits/thumb/women/41.jpg'}, 'nat': 'CH'}</msg>
<arg>${json_data['results'][0]}</arg>
<doc>Logs the given message with the given level.</doc>
<status status="PASS" start="2024-04-29T17:12:15.220107" elapsed="0.000412"/>
</kw>
<kw name="Log" owner="BuiltIn">
<msg time="2024-04-29T17:12:15.220939" level="INFO">email</msg>
<arg>${key}</arg>
<doc>Logs the given message with the given level.</doc>
<status status="PASS" start="2024-04-29T17:12:15.220812" elapsed="0.000165"/>
</kw>
<var name="${key}">email</var>
<status status="PASS" start="2024-04-29T17:12:15.219225" elapsed="0.001964"/>
</iter>
<iter>
<kw name="Dictionary Should Contain Key" owner="Collections">
<msg time="2024-04-29T17:12:15.221875" level="INFO">False</msg>
<arg>${json_data['results'][0]}</arg>
<arg>${key}</arg>
<doc>Fails if ``key`` is not found from ``dictionary``.</doc>
<status status="PASS" start="2024-04-29T17:12:15.221482" elapsed="0.000432"/>
</kw>
<kw name="Log" owner="BuiltIn">
<msg time="2024-04-29T17:12:15.222576" level="INFO">{'gender': 'female', 'name': {'title': 'Mademoiselle', 'first': 'Tiziana', 'last': 'Andre'}, 'location': {'street': {'number': 9041, 'name': 'Rue Bony'}, 'city': 'Birmensdorf (Zh)', 'state': 'Schwyz', 'country': 'Switzerland', 'postcode': 8551, 'coordinates': {'latitude': '-56.9671', 'longitude': '51.8485'}, 'timezone': {'offset': '-4:00', 'description': 'Atlantic Time (Canada), Caracas, La Paz'}}, 'email': 'tiziana.andre@example.com', 'login': {'uuid': 'f0d4e619-fcaf-46e7-9f1e-4c3c60d85598', 'username': 'whitefish824', 'password': 'africa', 'salt': 'VP0y5CL9', 'md5': 'f5ba9663bbf7f78ad1ff4e8ae49a2340', 'sha1': '08c9f050bdfcad8d485de32ea39e97a5cf7524e1', 'sha256': 'a985f9abd9843067a4f2664476cf24794dda5fc5ea3b85bd8e644f3431a46d75'}, 'dob': {'date': '1956-12-05T23:20:34.893Z', 'age': 67}, 'registered': {'date': '2017-06-08T19:26:06.047Z', 'age': 6}, 'phone': '077 336 59 95', 'cell': '079 957 29 35', 'id': {'name': 'AVS', 'value': '756.2233.4979.19'}, 'picture': {'large': 'https://randomuser.me/api/portraits/women/41.jpg', 'medium': 'https://randomuser.me/api/portraits/med/women/41.jpg', 'thumbnail': 'https://randomuser.me/api/portraits/thumb/women/41.jpg'}, 'nat': 'CH'}</msg>
<arg>${json_data['results'][0]}</arg>
<doc>Logs the given message with the given level.</doc>
<status status="PASS" start="2024-04-29T17:12:15.222208" elapsed="0.000417"/>
</kw>
<kw name="Log" owner="BuiltIn">
<msg time="2024-04-29T17:12:15.223039" level="INFO">login</msg>
<arg>${key}</arg>
<doc>Logs the given message with the given level.</doc>
<status status="PASS" start="2024-04-29T17:12:15.222914" elapsed="0.000192"/>
</kw>
<var name="${key}">login</var>
<status status="PASS" start="2024-04-29T17:12:15.221365" elapsed="0.001980"/>
</iter>
<var>${key}</var>
<value>@{expected_keys}</value>
<status status="PASS" start="2024-04-29T17:12:15.212576" elapsed="0.010892"/>
</for>
<kw name="Create List" owner="BuiltIn">
<msg time="2024-04-29T17:12:15.223799" level="INFO">${expected_keysTwo} = ['username', 'password']</msg>
<var>${expected_keysTwo}</var>
<arg>username</arg>
<arg>password</arg>
<doc>Returns a list containing given items.</doc>
<status status="PASS" start="2024-04-29T17:12:15.223660" elapsed="0.000163"/>
</kw>
<for flavor="IN">
<iter>
<kw name="Dictionary Should Contain Key" owner="Collections">
<msg time="2024-04-29T17:12:15.224705" level="INFO">False</msg>
<arg>${json_data['results'][0]['login']}</arg>
<arg>${keyTwo}</arg>
<doc>Fails if ``key`` is not found from ``dictionary``.</doc>
<status status="PASS" start="2024-04-29T17:12:15.224318" elapsed="0.000426"/>
</kw>
<kw name="Dictionary Should Contain Key" owner="Collections">
<msg time="2024-04-29T17:12:15.225427" level="INFO">False</msg>
<arg>${json_data['results'][0]['login']}</arg>
<arg>${keyTwo}</arg>
<doc>Fails if ``key`` is not found from ``dictionary``.</doc>
<status status="PASS" start="2024-04-29T17:12:15.225036" elapsed="0.000430"/>
</kw>
<kw name="Log" owner="BuiltIn">
<msg time="2024-04-29T17:12:15.225880" level="INFO">username</msg>
<arg>${keyTwo}</arg>
<doc>Logs the given message with the given level.</doc>
<status status="PASS" start="2024-04-29T17:12:15.225754" elapsed="0.000169"/>
</kw>
<var name="${keyTwo}">username</var>
<status status="PASS" start="2024-04-29T17:12:15.224209" elapsed="0.001927"/>
</iter>
<iter>
<kw name="Dictionary Should Contain Key" owner="Collections">
<msg time="2024-04-29T17:12:15.226801" level="INFO">False</msg>
<arg>${json_data['results'][0]['login']}</arg>
<arg>${keyTwo}</arg>
<doc>Fails if ``key`` is not found from ``dictionary``.</doc>
<status status="PASS" start="2024-04-29T17:12:15.226415" elapsed="0.000424"/>
</kw>
<kw name="Dictionary Should Contain Key" owner="Collections">
<msg time="2024-04-29T17:12:15.227632" level="INFO">False</msg>
<arg>${json_data['results'][0]['login']}</arg>
<arg>${keyTwo}</arg>
<doc>Fails if ``key`` is not found from ``dictionary``.</doc>
<status status="PASS" start="2024-04-29T17:12:15.227128" elapsed="0.000543"/>
</kw>
<kw name="Log" owner="BuiltIn">
<msg time="2024-04-29T17:12:15.228098" level="INFO">password</msg>
<arg>${keyTwo}</arg>
<doc>Logs the given message with the given level.</doc>
<status status="PASS" start="2024-04-29T17:12:15.227970" elapsed="0.000165"/>
</kw>
<var name="${keyTwo}">password</var>
<status status="PASS" start="2024-04-29T17:12:15.226307" elapsed="0.002040"/>
</iter>
<var>${keyTwo}</var>
<value>@{expected_keysTwo}</value>
<status status="PASS" start="2024-04-29T17:12:15.224058" elapsed="0.004410"/>
</for>
<status status="PASS" start="2024-04-29T17:12:15.111764" elapsed="0.116842"/>
</kw>
<doc>Testa a estrutura da resposta da API.</doc>
<tag>testeEstruturaResposta</tag>
<status status="PASS" start="2024-04-29T17:12:15.111220" elapsed="0.117541"/>
</test>
<test id="s1-s1-t4" name="Validar tipos de dados" line="28">
<kw name="Teste de Tipos de Dados" owner="random-user-service">
<kw name="GET On Session" owner="RequestsLibrary">
<msg time="2024-04-29T17:12:15.315484" level="INFO">GET Request : url=https://randomuser.me/api 
 path_url=/api 
 headers={'User-Agent': 'python-requests/2.31.0', 'Accept-Encoding': 'gzip, deflate', 'Accept': '*/*', 'Connection': 'keep-alive'} 
 body=None 
 </msg>
<msg time="2024-04-29T17:12:15.315577" level="INFO">GET Response : url=https://randomuser.me/api 
 status=200, reason=OK 
 headers={'Date': 'Mon, 29 Apr 2024 17:12:15 GMT', 'Content-Type': 'application/json; charset=utf-8', 'Transfer-Encoding': 'chunked', 'Connection': 'keep-alive', 'X-Powered-By': 'Express', 'Access-Control-Allow-Origin': '*', 'Cache-Control': 'no-cache', 'ETag': 'W/"497-YraYO40P82P0Qa4ZaR7379MJ8Kw"', 'Vary': 'Accept-Encoding', 'Content-Encoding': 'gzip', 'CF-Cache-Status': 'DYNAMIC', 'Report-To': '{"endpoints":[{"url":"https:\\/\\/a.nel.cloudflare.com\\/report\\/v4?s=AX4idZqfOIkFOFmCNtx1Hqz0%2F1UHaqkutydLhegffkgeJRLyucUGpE4Uj7ukthjCheVcnjdtpJxC0YwKGyKWoKYJ%2BcNmH3EJ%2BzkOcf%2Blr5c1UN3m6MKaDBHQ%2BSDXce17"}],"group":"cf-nel","max_age":604800}', 'NEL': '{"success_fraction":0,"report_to":"cf-nel","max_age":604800}', 'Server': 'cloudflare', 'CF-RAY': '87c0ea773f00fa4a-SJC', 'alt-svc': 'h3=":443"; ma=86400'} 
 body={"results":[{"gender":"female","name":{"title":"Miss","first":"Paige","last":"Lewis"},"location":{"street":{"number":6824,"name":"O'Connell Street"},"city":"Letterkenny","state":"Cork City","country":"Ireland","postcode":80382,"coordinates":{"latitude":"3.7325","longitude":"136.8107"},"timezone":{"offset":"+9:00","description":"Tokyo, Seoul, Osaka, Sapporo, Yakutsk"}},"email":"paige.lewis@example.com","login":{"uuid":"c85ea982-c53a-46c5-a140-6e41da446e92","username":"angrykoala899","password":"darren","salt":"toOzVv6h","md5":"e66f81dd24cd2b967041d68ca9dc7f5a","sha1":"245619b25a9fc62a14c8a64dc16eb6463920b80c","sha256":"4b44b51272b69a7c3661a5f7757dd854bce301fc3015bb624f57f2c1d533fd41"},"dob":{"date":"1962-04-22T07:52:14.469Z","age":62},"registered":{"date":"2004-09-27T01:35:08.317Z","age":19},"phone":"051-224-8515","cell":"081-124-8503","id":{"name":"PPS","value":"3212560T"},"picture":{"large":"https://randomuser.me/api/portraits/women/84.jpg","medium":"https://randomuser.me/api/portraits/med/women/84.jpg","thumbnail":"https://randomuser.me/api/portraits/thumb/women/84.jpg"},"nat":"IE"}],"info":{"seed":"070050cea8216dc9","results":1,"page":1,"version":"1.4"}} 
 </msg>
<msg time="2024-04-29T17:12:15.315652" level="INFO">/opt/hostedtoolcache/Python/3.12.3/x64/lib/python3.12/site-packages/urllib3/connectionpool.py:1103: InsecureRequestWarning: Unverified HTTPS request is being made to host 'randomuser.me'. Adding certificate verification is strongly advised. See: https://urllib3.readthedocs.io/en/latest/advanced-usage.html#tls-warnings
  warnings.warn(</msg>
<msg time="2024-04-29T17:12:15.315799" level="INFO">${response} = &lt;Response [200]&gt;</msg>
<var>${response}</var>
<arg>consultarAPI</arg>
<arg>/api</arg>
<doc>Sends a GET request on a previously created HTTP Session.</doc>
<status status="PASS" start="2024-04-29T17:12:15.231176" elapsed="0.084675"/>
</kw>
<kw name="Set Variable" owner="BuiltIn">
<msg time="2024-04-29T17:12:15.316835" level="INFO">${json_data} = {'results': [{'gender': 'female', 'name': {'title': 'Miss', 'first': 'Paige', 'last': 'Lewis'}, 'location': {'street': {'number': 6824, 'name': "O'Connell Street"}, 'city': 'Letterkenny', 'state': 'Co...</msg>
<var>${json_data}</var>
<arg>${response.json()}</arg>
<doc>Returns the given values which can then be assigned to a variables.</doc>
<status status="PASS" start="2024-04-29T17:12:15.316339" elapsed="0.000525"/>
</kw>
<kw name="Log" owner="BuiltIn">
<msg time="2024-04-29T17:12:15.317336" level="INFO">{'results': [{'gender': 'female', 'name': {'title': 'Miss', 'first': 'Paige', 'last': 'Lewis'}, 'location': {'street': {'number': 6824, 'name': "O'Connell Street"}, 'city': 'Letterkenny', 'state': 'Cork City', 'country': 'Ireland', 'postcode': 80382, 'coordinates': {'latitude': '3.7325', 'longitude': '136.8107'}, 'timezone': {'offset': '+9:00', 'description': 'Tokyo, Seoul, Osaka, Sapporo, Yakutsk'}}, 'email': 'paige.lewis@example.com', 'login': {'uuid': 'c85ea982-c53a-46c5-a140-6e41da446e92', 'username': 'angrykoala899', 'password': 'darren', 'salt': 'toOzVv6h', 'md5': 'e66f81dd24cd2b967041d68ca9dc7f5a', 'sha1': '245619b25a9fc62a14c8a64dc16eb6463920b80c', 'sha256': '4b44b51272b69a7c3661a5f7757dd854bce301fc3015bb624f57f2c1d533fd41'}, 'dob': {'date': '1962-04-22T07:52:14.469Z', 'age': 62}, 'registered': {'date': '2004-09-27T01:35:08.317Z', 'age': 19}, 'phone': '051-224-8515', 'cell': '081-124-8503', 'id': {'name': 'PPS', 'value': '3212560T'}, 'picture': {'large': 'https://randomuser.me/api/portraits/women/84.jpg', 'medium': 'https://randomuser.me/api/portraits/med/women/84.jpg', 'thumbnail': 'https://randomuser.me/api/portraits/thumb/women/84.jpg'}, 'nat': 'IE'}], 'info': {'seed': '070050cea8216dc9', 'results': 1, 'page': 1, 'version': '1.4'}}</msg>
<arg>${json_data}</arg>
<doc>Logs the given message with the given level.</doc>
<status status="PASS" start="2024-04-29T17:12:15.317173" elapsed="0.000247"/>
</kw>
<kw name="Should Be String" owner="String">
<arg>${json_data['results'][0]['gender']}</arg>
<doc>Fails if the given ``item`` is not a string.</doc>
<status status="PASS" start="2024-04-29T17:12:15.317723" elapsed="0.000371"/>
</kw>
<kw name="Should Match Regexp" owner="BuiltIn">
<arg>${json_data['results'][0]['email']}</arg>
<arg>^[a-zA-Z0-9._%+-]+@[a-zA-Z0-9.-]+\.[a-zA-Z]{2,}$</arg>
<doc>Fails if ``string`` does not match ``pattern`` as a regular expression.</doc>
<status status="PASS" start="2024-04-29T17:12:15.318287" elapsed="0.000518"/>
</kw>
<kw name="Should Match Regexp" owner="BuiltIn">
<arg>${json_data['results'][0]['dob']['date']}</arg>
<arg>\\d{4}-\\d{2}-\\d{2}T\\d{2}:\\d{2}:\\d{2}\\.\\d{3}Z</arg>
<doc>Fails if ``string`` does not match ``pattern`` as a regular expression.</doc>
<status status="PASS" start="2024-04-29T17:12:15.319002" elapsed="0.000534"/>
</kw>
<kw name="Should Match Regexp" owner="BuiltIn">
<arg>${json_data['results'][0]['registered']['date']}</arg>
<arg>\\d{4}-\\d{2}-\\d{2}T\\d{2}:\\d{2}:\\d{2}\\.\\d{3}Z</arg>
<doc>Fails if ``string`` does not match ``pattern`` as a regular expression.</doc>
<status status="PASS" start="2024-04-29T17:12:15.319778" elapsed="0.000381"/>
</kw>
<kw name="Should Match Regexp" owner="BuiltIn">
<arg>${json_data['results'][0]['picture']['large']}</arg>
<arg>^https?://.*\.(?:png|jpe?g|gif|bmp)$</arg>
<doc>Fails if ``string`` does not match ``pattern`` as a regular expression.</doc>
<status status="PASS" start="2024-04-29T17:12:15.320345" elapsed="0.000463"/>
</kw>
<kw name="Should Match Regexp" owner="BuiltIn">
<arg>${json_data['results'][0]['picture']['medium']}</arg>
<arg>^https?://.*\.(?:png|jpe?g|gif|bmp)$</arg>
<doc>Fails if ``string`` does not match ``pattern`` as a regular expression.</doc>
<status status="PASS" start="2024-04-29T17:12:15.321000" elapsed="0.000366"/>
</kw>
<kw name="Should Match Regexp" owner="BuiltIn">
<arg>${json_data['results'][0]['picture']['thumbnail']}</arg>
<arg>^https?://.*\.(?:png|jpe?g|gif|bmp)$</arg>
<doc>Fails if ``string`` does not match ``pattern`` as a regular expression.</doc>
<status status="PASS" start="2024-04-29T17:12:15.321556" elapsed="0.000354"/>
</kw>
<kw name="Log" owner="BuiltIn">
<msg time="2024-04-29T17:12:15.322413" level="INFO">{'large': 'https://randomuser.me/api/portraits/women/84.jpg', 'medium': 'https://randomuser.me/api/portraits/med/women/84.jpg', 'thumbnail': 'https://randomuser.me/api/portraits/thumb/women/84.jpg'}</msg>
<arg>${json_data['results'][0]['picture']}</arg>
<doc>Logs the given message with the given level.</doc>
<status status="PASS" start="2024-04-29T17:12:15.322090" elapsed="0.000364"/>
</kw>
<status status="PASS" start="2024-04-29T17:12:15.230953" elapsed="0.091754"/>
</kw>
<kw name="Teste de Tipos de Dados - Postcode" owner="random-user-service">
<kw name="GET On Session" owner="RequestsLibrary">
<msg time="2024-04-29T17:12:15.422817" level="INFO">GET Request : url=https://randomuser.me/api 
 path_url=/api 
 headers={'User-Agent': 'python-requests/2.31.0', 'Accept-Encoding': 'gzip, deflate', 'Accept': '*/*', 'Connection': 'keep-alive'} 
 body=None 
 </msg>
<msg time="2024-04-29T17:12:15.422916" level="INFO">GET Response : url=https://randomuser.me/api 
 status=200, reason=OK 
 headers={'Date': 'Mon, 29 Apr 2024 17:12:15 GMT', 'Content-Type': 'application/json; charset=utf-8', 'Transfer-Encoding': 'chunked', 'Connection': 'keep-alive', 'X-Powered-By': 'Express', 'Access-Control-Allow-Origin': '*', 'Cache-Control': 'no-cache', 'ETag': 'W/"480-qZWnIlIY+eWRw6PziwwmG915Qq0"', 'Vary': 'Accept-Encoding', 'Content-Encoding': 'gzip', 'CF-Cache-Status': 'DYNAMIC', 'Report-To': '{"endpoints":[{"url":"https:\\/\\/a.nel.cloudflare.com\\/report\\/v4?s=rzlul3PQhpImdptxiAyF8EaHLgi8op5JPjNMiljFaWMVqG5Yc97BPy3SM0%2BMbCfSn7ZS6kMfrkqhTtgewWrzkdPRmkzG%2Fc8gX4G1u2j6QccEehvLSlVdjc3ami91ilQO"}],"group":"cf-nel","max_age":604800}', 'NEL': '{"success_fraction":0,"report_to":"cf-nel","max_age":604800}', 'Server': 'cloudflare', 'CF-RAY': '87c0ea77cf97fa4a-SJC', 'alt-svc': 'h3=":443"; ma=86400'} 
 body={"results":[{"gender":"male","name":{"title":"Mr","first":"Snaga","last":"Golota"},"location":{"street":{"number":542,"name":"Oleksandriyskiy bulvar"},"city":"Zalizne","state":"Zhitomirska","country":"Ukraine","postcode":20844,"coordinates":{"latitude":"73.3547","longitude":"-80.1702"},"timezone":{"offset":"-1:00","description":"Azores, Cape Verde Islands"}},"email":"snaga.golota@example.com","login":{"uuid":"d360a531-988f-467c-9b68-27003d71bf28","username":"greenleopard228","password":"pink","salt":"LGG8zEXg","md5":"ee6df2c05ea6f119277c52b22f359edf","sha1":"56fdd84ec8ae4ba5267b1e62bb5cff5b2d3cc8c9","sha256":"ebeb4624134879ba4d0882342a946c35506c54ec5ff74a46b350891322a3eecf"},"dob":{"date":"1970-12-18T04:33:49.449Z","age":53},"registered":{"date":"2002-10-12T18:07:28.658Z","age":21},"phone":"(067) W41-7915","cell":"(067) C65-4580","id":{"name":"","value":null},"picture":{"large":"https://randomuser.me/api/portraits/men/4.jpg","medium":"https://randomuser.me/api/portraits/med/men/4.jpg","thumbnail":"https://randomuser.me/api/portraits/thumb/men/4.jpg"},"nat":"UA"}],"info":{"seed":"646a6e07cffcd952","results":1,"page":1,"version":"1.4"}} 
 </msg>
<msg time="2024-04-29T17:12:15.422996" level="INFO">/opt/hostedtoolcache/Python/3.12.3/x64/lib/python3.12/site-packages/urllib3/connectionpool.py:1103: InsecureRequestWarning: Unverified HTTPS request is being made to host 'randomuser.me'. Adding certificate verification is strongly advised. See: https://urllib3.readthedocs.io/en/latest/advanced-usage.html#tls-warnings
  warnings.warn(</msg>
<msg time="2024-04-29T17:12:15.423147" level="INFO">${response} = &lt;Response [200]&gt;</msg>
<var>${response}</var>
<arg>consultarAPI</arg>
<arg>/api</arg>
<doc>Sends a GET request on a previously created HTTP Session.</doc>
<status status="PASS" start="2024-04-29T17:12:15.323166" elapsed="0.100028"/>
</kw>
<kw name="Set Variable" owner="BuiltIn">
<msg time="2024-04-29T17:12:15.424170" level="INFO">${json_data} = {'results': [{'gender': 'male', 'name': {'title': 'Mr', 'first': 'Snaga', 'last': 'Golota'}, 'location': {'street': {'number': 542, 'name': 'Oleksandriyskiy bulvar'}, 'city': 'Zalizne', 'state': 'Zhit...</msg>
<var>${json_data}</var>
<arg>${response.json()}</arg>
<doc>Returns the given values which can then be assigned to a variables.</doc>
<status status="PASS" start="2024-04-29T17:12:15.423676" elapsed="0.000527"/>
</kw>
<kw name="Log" owner="BuiltIn">
<msg time="2024-04-29T17:12:15.424677" level="INFO">{'results': [{'gender': 'male', 'name': {'title': 'Mr', 'first': 'Snaga', 'last': 'Golota'}, 'location': {'street': {'number': 542, 'name': 'Oleksandriyskiy bulvar'}, 'city': 'Zalizne', 'state': 'Zhitomirska', 'country': 'Ukraine', 'postcode': 20844, 'coordinates': {'latitude': '73.3547', 'longitude': '-80.1702'}, 'timezone': {'offset': '-1:00', 'description': 'Azores, Cape Verde Islands'}}, 'email': 'snaga.golota@example.com', 'login': {'uuid': 'd360a531-988f-467c-9b68-27003d71bf28', 'username': 'greenleopard228', 'password': 'pink', 'salt': 'LGG8zEXg', 'md5': 'ee6df2c05ea6f119277c52b22f359edf', 'sha1': '56fdd84ec8ae4ba5267b1e62bb5cff5b2d3cc8c9', 'sha256': 'ebeb4624134879ba4d0882342a946c35506c54ec5ff74a46b350891322a3eecf'}, 'dob': {'date': '1970-12-18T04:33:49.449Z', 'age': 53}, 'registered': {'date': '2002-10-12T18:07:28.658Z', 'age': 21}, 'phone': '(067) W41-7915', 'cell': '(067) C65-4580', 'id': {'name': '', 'value': None}, 'picture': {'large': 'https://randomuser.me/api/portraits/men/4.jpg', 'medium': 'https://randomuser.me/api/portraits/med/men/4.jpg', 'thumbnail': 'https://randomuser.me/api/portraits/thumb/men/4.jpg'}, 'nat': 'UA'}], 'info': {'seed': '646a6e07cffcd952', 'results': 1, 'page': 1, 'version': '1.4'}}</msg>
<arg>${json_data}</arg>
<doc>Logs the given message with the given level.</doc>
<status status="PASS" start="2024-04-29T17:12:15.424520" elapsed="0.000236"/>
</kw>
<kw name="Should Be Equal As Numbers" owner="BuiltIn">
<arg>${json_data['results'][0]['location']['postcode']}</arg>
<arg>${json_data['results'][0]['location']['postcode']}</arg>
<doc>Fails if objects are unequal after converting them to real numbers.</doc>
<status status="PASS" start="2024-04-29T17:12:15.425053" elapsed="0.000787"/>
</kw>
<kw name="Log" owner="BuiltIn">
<msg time="2024-04-29T17:12:15.426365" level="INFO">20844</msg>
<arg>${json_data['results'][0]['location']['postcode']}</arg>
<doc>Logs the given message with the given level.</doc>
<status status="PASS" start="2024-04-29T17:12:15.426029" elapsed="0.000376"/>
</kw>
<status status="PASS" start="2024-04-29T17:12:15.322934" elapsed="0.103721"/>
</kw>
<doc>Testa se os tipos de dados na resposta da API estão corretos.</doc>
<tag>testeTiposDados</tag>
<status status="PASS" start="2024-04-29T17:12:15.230515" elapsed="0.196305"/>
</test>
<test id="s1-s1-t5" name="Validar conteudo" line="35">
<kw name="Teste de Tipos de Conteudo" owner="random-user-service">
<kw name="GET On Session" owner="RequestsLibrary">
<msg time="2024-04-29T17:12:15.520223" level="INFO">GET Request : url=https://randomuser.me/api 
 path_url=/api 
 headers={'User-Agent': 'python-requests/2.31.0', 'Accept-Encoding': 'gzip, deflate', 'Accept': '*/*', 'Connection': 'keep-alive'} 
 body=None 
 </msg>
<msg time="2024-04-29T17:12:15.520330" level="INFO">GET Response : url=https://randomuser.me/api 
 status=200, reason=OK 
 headers={'Date': 'Mon, 29 Apr 2024 17:12:15 GMT', 'Content-Type': 'application/json; charset=utf-8', 'Transfer-Encoding': 'chunked', 'Connection': 'keep-alive', 'X-Powered-By': 'Express', 'Access-Control-Allow-Origin': '*', 'Cache-Control': 'no-cache', 'ETag': 'W/"496-9i4XCb6E1eaH8o2b98gIwSYYHgk"', 'Vary': 'Accept-Encoding', 'Content-Encoding': 'gzip', 'CF-Cache-Status': 'DYNAMIC', 'Report-To': '{"endpoints":[{"url":"https:\\/\\/a.nel.cloudflare.com\\/report\\/v4?s=6uX4SS6Wx9JQs90Yvq8kD8bpnWWetFxDeq6YRj%2FqODYqRqkOuTOIMD3UK5vnfXCM3tgDnnZwYmncyeDkkL1n2KGNElzONdflbMseMYzyLRG2otMVSqylI87uYg9sr3RF"}],"group":"cf-nel","max_age":604800}', 'NEL': '{"success_fraction":0,"report_to":"cf-nel","max_age":604800}', 'Server': 'cloudflare', 'CF-RAY': '87c0ea78786afa4a-SJC', 'alt-svc': 'h3=":443"; ma=86400'} 
 body={"results":[{"gender":"female","name":{"title":"Ms","first":"آدرینا","last":"موسوی"},"location":{"street":{"number":5781,"name":"30 تیر"},"city":"بابل","state":"خراسان شمالی","country":"Iran","postcode":31054,"coordinates":{"latitude":"14.3616","longitude":"33.5411"},"timezone":{"offset":"+4:00","description":"Abu Dhabi, Muscat, Baku, Tbilisi"}},"email":"adryn.mwswy@example.com","login":{"uuid":"0aaa9035-370d-459c-ad0c-92e48b8f4c62","username":"silvermeercat256","password":"1201","salt":"Cd2tKUQ1","md5":"e249d413af5fefb16f50c18345cb1ab6","sha1":"6e0b00bb9d6dc84af486be2fb431c494bb734e4f","sha256":"0d29fdf211b4e361da556ccb16534c79e81521a3e255f6315cd3b281a1ff5cc7"},"dob":{"date":"1995-01-03T21:15:14.407Z","age":29},"registered":{"date":"2007-04-23T06:45:23.712Z","age":17},"phone":"075-92741369","cell":"0985-211-7980","id":{"name":"","value":null},"picture":{"large":"https://randomuser.me/api/portraits/women/49.jpg","medium":"https://randomuser.me/api/portraits/med/women/49.jpg","thumbnail":"https://randomuser.me/api/portraits/thumb/women/49.jpg"},"nat":"IR"}],"info":{"seed":"9a2da68ff9fb9b37","results":1,"page":1,"version":"1.4"}} 
 </msg>
<msg time="2024-04-29T17:12:15.520403" level="INFO">/opt/hostedtoolcache/Python/3.12.3/x64/lib/python3.12/site-packages/urllib3/connectionpool.py:1103: InsecureRequestWarning: Unverified HTTPS request is being made to host 'randomuser.me'. Adding certificate verification is strongly advised. See: https://urllib3.readthedocs.io/en/latest/advanced-usage.html#tls-warnings
  warnings.warn(</msg>
<msg time="2024-04-29T17:12:15.520535" level="INFO">${response} = &lt;Response [200]&gt;</msg>
<var>${response}</var>
<arg>consultarAPI</arg>
<arg>/api</arg>
<doc>Sends a GET request on a previously created HTTP Session.</doc>
<status status="PASS" start="2024-04-29T17:12:15.429419" elapsed="0.091160"/>
</kw>
<kw name="Set Variable" owner="BuiltIn">
<msg time="2024-04-29T17:12:15.521587" level="INFO">${json_data} = {'results': [{'gender': 'female', 'name': {'title': 'Ms', 'first': 'آدرینا', 'last': 'موسوی'}, 'location': {'street': {'number': 5781, 'name': '30 تیر'}, 'city': 'بابل', 'state': 'خراسان شمالی', 'coun...</msg>
<var>${json_data}</var>
<arg>${response.json()}</arg>
<doc>Returns the given values which can then be assigned to a variables.</doc>
<status status="PASS" start="2024-04-29T17:12:15.521070" elapsed="0.000547"/>
</kw>
<kw name="Set Variable" owner="BuiltIn">
<msg time="2024-04-29T17:12:15.522308" level="INFO">${name_title} = Ms</msg>
<var>${name_title}</var>
<arg>${json_data["results"][0]["name"]["title"]}</arg>
<doc>Returns the given values which can then be assigned to a variables.</doc>
<status status="PASS" start="2024-04-29T17:12:15.521920" elapsed="0.000414"/>
</kw>
<kw name="Create List" owner="BuiltIn">
<msg time="2024-04-29T17:12:15.522772" level="INFO">${allowed_titles} = ['Mr', 'Ms', 'Miss', 'Mrs', 'Madame', 'Monsieur']</msg>
<var>${allowed_titles}</var>
<arg>Mr</arg>
<arg>Ms</arg>
<arg>Miss</arg>
<arg>Mrs</arg>
<arg>Madame</arg>
<arg>Monsieur</arg>
<doc>Returns a list containing given items.</doc>
<status status="PASS" start="2024-04-29T17:12:15.522628" elapsed="0.000168"/>
</kw>
<kw name="List Should Contain Value" owner="Collections">
<msg time="2024-04-29T17:12:15.523297" level="INFO">False</msg>
<arg>${allowed_titles}</arg>
<arg>${name_title}</arg>
<doc>Fails if the ``value`` is not found from ``list``.</doc>
<status status="PASS" start="2024-04-29T17:12:15.523088" elapsed="0.000249"/>
</kw>
<kw name="Set Variable" owner="BuiltIn">
<msg time="2024-04-29T17:12:15.524020" level="INFO">${name_country} = IR</msg>
<var>${name_country}</var>
<arg>${json_data["results"][0]["nat"]}</arg>
<doc>Returns the given values which can then be assigned to a variables.</doc>
<status status="PASS" start="2024-04-29T17:12:15.523639" elapsed="0.000406"/>
</kw>
<kw name="Create List" owner="BuiltIn">
<msg time="2024-04-29T17:12:15.524925" level="INFO">${list_country} = ['AD', 'AE', 'AF', 'AG', 'AI', 'AL', 'AM', 'AO', 'AQ', 'AR', 'AS', 'AT', 'AU', 'AW', 'AX', 'AZ', 'BA', 'BB', 'BD', 'BE', 'BF', 'BG', 'BH', 'BI', 'BJ', 'BL', 'BM', 'BN', 'BO', 'BQ', 'BR', 'BS', 'BT', '...</msg>
<var>${list_country}</var>
<arg>AD</arg>
<arg>AE</arg>
<arg>AF</arg>
<arg>AG</arg>
<arg>AI</arg>
<arg>AL</arg>
<arg>AM</arg>
<arg>AO</arg>
<arg>AQ</arg>
<arg>AR</arg>
<arg>AS</arg>
<arg>AT</arg>
<arg>AU</arg>
<arg>AW</arg>
<arg>AX</arg>
<arg>AZ</arg>
<arg>BA</arg>
<arg>BB</arg>
<arg>BD</arg>
<arg>BE</arg>
<arg>BF</arg>
<arg>BG</arg>
<arg>BH</arg>
<arg>BI</arg>
<arg>BJ</arg>
<arg>BL</arg>
<arg>BM</arg>
<arg>BN</arg>
<arg>BO</arg>
<arg>BQ</arg>
<arg>BR</arg>
<arg>BS</arg>
<arg>BT</arg>
<arg>BV</arg>
<arg>BW</arg>
<arg>BY</arg>
<arg>BZ</arg>
<arg>CA</arg>
<arg>CC</arg>
<arg>CD</arg>
<arg>CF</arg>
<arg>CG</arg>
<arg>CH</arg>
<arg>CI</arg>
<arg>CK</arg>
<arg>CL</arg>
<arg>CM</arg>
<arg>CN</arg>
<arg>CO</arg>
<arg>CR</arg>
<arg>CU</arg>
<arg>CV</arg>
<arg>CW</arg>
<arg>CX</arg>
<arg>CY</arg>
<arg>CZ</arg>
<arg>DE</arg>
<arg>DJ</arg>
<arg>DK</arg>
<arg>DM</arg>
<arg>DO</arg>
<arg>DZ</arg>
<arg>EC</arg>
<arg>EE</arg>
<arg>EG</arg>
<arg>EH</arg>
<arg>ER</arg>
<arg>ES</arg>
<arg>ET</arg>
<arg>FI</arg>
<arg>FJ</arg>
<arg>FK</arg>
<arg>FM</arg>
<arg>FO</arg>
<arg>FR</arg>
<arg>GA</arg>
<arg>GB</arg>
<arg>GD</arg>
<arg>GE</arg>
<arg>GF</arg>
<arg>GG</arg>
<arg>GH</arg>
<arg>GI</arg>
<arg>GL</arg>
<arg>GM</arg>
<arg>GN</arg>
<arg>GP</arg>
<arg>GQ</arg>
<arg>GR</arg>
<arg>GS</arg>
<arg>GT</arg>
<arg>GU</arg>
<arg>GW</arg>
<arg>GY</arg>
<arg>HK</arg>
<arg>HM</arg>
<arg>HN</arg>
<arg>HR</arg>
<arg>HT</arg>
<arg>HU</arg>
<arg>ID</arg>
<arg>IE</arg>
<arg>IL</arg>
<arg>IM</arg>
<arg>IN</arg>
<arg>IO</arg>
<arg>IQ</arg>
<arg>IR</arg>
<arg>IS</arg>
<arg>IT</arg>
<arg>JE</arg>
<arg>JM</arg>
<arg>JO</arg>
<arg>JP</arg>
<arg>KE</arg>
<arg>KG</arg>
<arg>KH</arg>
<arg>KI</arg>
<arg>KM</arg>
<arg>KN</arg>
<arg>KP</arg>
<arg>KR</arg>
<arg>KW</arg>
<arg>KY</arg>
<arg>KZ</arg>
<arg>LA</arg>
<arg>LB</arg>
<arg>LC</arg>
<arg>LI</arg>
<arg>LK</arg>
<arg>LR</arg>
<arg>LS</arg>
<arg>LT</arg>
<arg>LU</arg>
<arg>LV</arg>
<arg>LY</arg>
<arg>MA</arg>
<arg>MC</arg>
<arg>MD</arg>
<arg>ME</arg>
<arg>MF</arg>
<arg>MG</arg>
<arg>MH</arg>
<arg>MK</arg>
<arg>ML</arg>
<arg>MM</arg>
<arg>MN</arg>
<arg>MO</arg>
<arg>MP</arg>
<arg>MQ</arg>
<arg>MR</arg>
<arg>MS</arg>
<arg>MT</arg>
<arg>MU</arg>
<arg>MV</arg>
<arg>MW</arg>
<arg>MX</arg>
<arg>MY</arg>
<arg>MZ</arg>
<arg>NA</arg>
<arg>NC</arg>
<arg>NE</arg>
<arg>NF</arg>
<arg>NG</arg>
<arg>NI</arg>
<arg>NL</arg>
<arg>NO</arg>
<arg>NP</arg>
<arg>NR</arg>
<arg>NU</arg>
<arg>NZ</arg>
<arg>OM</arg>
<arg>PA</arg>
<arg>PE</arg>
<arg>PF</arg>
<arg>PG</arg>
<arg>PH</arg>
<arg>PK</arg>
<arg>PL</arg>
<arg>PM</arg>
<arg>PN</arg>
<arg>PR</arg>
<arg>PS</arg>
<arg>PT</arg>
<arg>PW</arg>
<arg>PY</arg>
<arg>QA</arg>
<arg>RE</arg>
<arg>RO</arg>
<arg>RS</arg>
<arg>RU</arg>
<arg>RW</arg>
<arg>SA</arg>
<arg>SB</arg>
<arg>SC</arg>
<arg>SD</arg>
<arg>SE</arg>
<arg>SG</arg>
<arg>SH</arg>
<arg>SI</arg>
<arg>SJ</arg>
<arg>SK</arg>
<arg>SL</arg>
<arg>SM</arg>
<arg>SN</arg>
<arg>SO</arg>
<arg>SR</arg>
<arg>SS</arg>
<arg>ST</arg>
<arg>SV</arg>
<arg>SX</arg>
<arg>SY</arg>
<arg>SZ</arg>
<arg>TC</arg>
<arg>TD</arg>
<arg>TF</arg>
<arg>TG</arg>
<arg>TH</arg>
<arg>TJ</arg>
<arg>TK</arg>
<arg>TL</arg>
<arg>TM</arg>
<arg>TN</arg>
<arg>TO</arg>
<arg>TR</arg>
<arg>TT</arg>
<arg>TV</arg>
<arg>TW</arg>
<arg>TZ</arg>
<arg>UA</arg>
<arg>UG</arg>
<arg>UM</arg>
<arg>US</arg>
<arg>UY</arg>
<arg>UZ</arg>
<arg>VA</arg>
<arg>VC</arg>
<arg>VE</arg>
<arg>VG</arg>
<arg>VI</arg>
<arg>VN</arg>
<arg>VU</arg>
<arg>WF</arg>
<arg>WS</arg>
<arg>XK</arg>
<arg>YE</arg>
<arg>YT</arg>
<arg>ZA</arg>
<arg>ZM</arg>
<arg>ZW</arg>
<doc>Returns a list containing given items.</doc>
<status status="PASS" start="2024-04-29T17:12:15.524340" elapsed="0.000610"/>
</kw>
<kw name="List Should Contain Value" owner="Collections">
<msg time="2024-04-29T17:12:15.525938" level="INFO">False</msg>
<arg>${list_country}</arg>
<arg>${name_country}</arg>
<doc>Fails if the ``value`` is not found from ``list``.</doc>
<status status="PASS" start="2024-04-29T17:12:15.525739" elapsed="0.000235"/>
</kw>
<kw name="Run Keyword If" owner="BuiltIn">
<kw name="Should Be True" owner="BuiltIn">
<arg>${True}</arg>
<doc>Fails if the given condition is not true.</doc>
<status status="PASS" start="2024-04-29T17:12:15.527041" elapsed="0.000139"/>
</kw>
<arg>${json_data["results"][0]["location"]["coordinates"]["latitude"]} &gt;= -90 and ${json_data["results"][0]["location"]["coordinates"]["latitude"]} &lt;= 90</arg>
<arg>Should Be True</arg>
<arg>${True}</arg>
<doc>Runs the given keyword with the given arguments, if ``condition`` is true.</doc>
<status status="PASS" start="2024-04-29T17:12:15.526284" elapsed="0.001047"/>
</kw>
<kw name="Run Keyword If" owner="BuiltIn">
<kw name="Should Be True" owner="BuiltIn">
<arg>${True}</arg>
<doc>Fails if the given condition is not true.</doc>
<status status="PASS" start="2024-04-29T17:12:15.528216" elapsed="0.000254"/>
</kw>
<arg>${json_data["results"][0]["location"]["coordinates"]["longitude"]} &gt;= -180 and ${json_data["results"][0]["location"]["coordinates"]["longitude"]} &lt;= 180</arg>
<arg>Should Be True</arg>
<arg>${True}</arg>
<doc>Runs the given keyword with the given arguments, if ``condition`` is true.</doc>
<status status="PASS" start="2024-04-29T17:12:15.527529" elapsed="0.001064"/>
</kw>
<status status="PASS" start="2024-04-29T17:12:15.429186" elapsed="0.099538"/>
</kw>
<doc>Testa o conteúdo específico dos campos retornados pela API.</doc>
<tag>testeConteudo</tag>
<status status="PASS" start="2024-04-29T17:12:15.428642" elapsed="0.100229"/>
</test>
<status status="PASS" start="2024-04-29T17:12:14.678415" elapsed="0.852453"/>
</suite>
<status status="PASS" start="2024-04-29T17:12:14.664124" elapsed="0.871947"/>
</suite>
<statistics>
<total>
<stat pass="5" fail="0" skip="0">All Tests</stat>
</total>
<tag>
<stat pass="1" fail="0" skip="0">testeConteudo</stat>
<stat pass="1" fail="0" skip="0">testeEstruturaResposta</stat>
<stat pass="1" fail="0" skip="0">testeRequisicaoBasica</stat>
<stat pass="1" fail="0" skip="0">testeTiposDados</stat>
</tag>
<suite>
<stat pass="5" fail="0" skip="0" id="s1" name="Tests">Tests</stat>
<stat pass="5" fail="0" skip="0" id="s1-s1" name="Random-User-Test">Tests.Random-User-Test</stat>
</suite>
</statistics>
<errors>
</errors>
</robot>
