<?xml version="1.0" encoding="UTF-8"?>
<robot generator="Robot 7.0.1 (Python 3.12.4 on linux)" generated="2024-07-03T12:29:09.183889" rpa="false" schemaversion="5">
<suite id="s1" name="Tests" source="/home/runner/work/ApiRandomUser/ApiRandomUser/RamdonUser/tests">
<suite id="s1-s1" name="Random-User-Test" source="/home/runner/work/ApiRandomUser/ApiRandomUser/RamdonUser/tests/random-user-test.robot">
<test id="s1-s1-t1" name="Conectar" line="13">
<kw name="Conectar API" owner="random-user-service">
<kw name="Create Session" owner="RequestsLibrary">
<msg time="2024-07-03T12:29:09.584955" level="INFO">Creating Session using : alias=consultarAPI, url=https://randomuser.me/, headers={},                     cookies={}, auth=None, timeout=None, proxies=None, verify=False,                     debug=0 </msg>
<arg>consultarAPI</arg>
<arg>${URL}</arg>
<doc>Create Session: create a HTTP session to a server</doc>
<status status="PASS" start="2024-07-03T12:29:09.584756" elapsed="0.000363"/>
</kw>
<status status="PASS" start="2024-07-03T12:29:09.583849" elapsed="0.001617"/>
</kw>
<status status="PASS" start="2024-07-03T12:29:09.583266" elapsed="0.002409"/>
</test>
<test id="s1-s1-t2" name="Validar retorno 200 e JSON Válido" line="16">
<kw name="Teste de Requisicao Basica" owner="random-user-service">
<kw name="GET On Session" owner="RequestsLibrary">
<msg time="2024-07-03T12:29:09.755651" level="INFO">GET Request : url=https://randomuser.me/api 
 path_url=/api 
 headers={'User-Agent': 'python-requests/2.32.3', 'Accept-Encoding': 'gzip, deflate', 'Accept': '*/*', 'Connection': 'keep-alive'} 
 body=None 
 </msg>
<msg time="2024-07-03T12:29:09.755783" level="INFO">GET Response : url=https://randomuser.me/api 
 status=200, reason=OK 
 headers={'Date': 'Wed, 03 Jul 2024 12:29:09 GMT', 'Content-Type': 'application/json; charset=utf-8', 'Transfer-Encoding': 'chunked', 'Connection': 'keep-alive', 'X-Powered-By': 'Express', 'Access-Control-Allow-Origin': '*', 'Cache-Control': 'no-cache', 'ETag': 'W/"494-jta0NLNmeKSeYG08v8j2/p7kMdc"', 'Vary': 'Accept-Encoding', 'Content-Encoding': 'gzip', 'CF-Cache-Status': 'DYNAMIC', 'Report-To': '{"endpoints":[{"url":"https:\\/\\/a.nel.cloudflare.com\\/report\\/v4?s=4JYBOc%2BBsSYdTi2U9Fwfoo%2FXtbCjYc14KE9I%2FE5NJbfID5l5G3qZ9BG3%2F58S2%2Blnb9jEIpAtZFy%2Bi9wAtADWzxuV3ov%2BV3Ej1Qkx8X3EExV8J7k7Kj%2FsB3COuofOjH0o"}],"group":"cf-nel","max_age":604800}', 'NEL': '{"success_fraction":0,"report_to":"cf-nel","max_age":604800}', 'Server': 'cloudflare', 'CF-RAY': '89d6e1275cde7c4f-LAX', 'alt-svc': 'h3=":443"; ma=86400'} 
 body={"results":[{"gender":"male","name":{"title":"Mr","first":"Balveer","last":"Rai"},"location":{"street":{"number":6892,"name":"Bandstand Promenade"},"city":"Jehanabad","state":"Andhra Pradesh","country":"India","postcode":70764,"coordinates":{"latitude":"10.8388","longitude":"-96.1461"},"timezone":{"offset":"+5:30","description":"Bombay, Calcutta, Madras, New Delhi"}},"email":"balveer.rai@example.com","login":{"uuid":"3bbb060a-4342-45a1-b79d-dd4b297b4198","username":"organicsnake842","password":"jennie","salt":"qnpjvOf9","md5":"f7ba4ff981bab8ac309b1e891c9d814f","sha1":"f928913df86c11a11d03c86abedf230a9a071aab","sha256":"a67bb5ee03ebee5fd2548d6fc709849cd4753925e369e718c2b5aa6913249350"},"dob":{"date":"1992-05-02T20:18:14.691Z","age":32},"registered":{"date":"2007-07-15T10:24:20.465Z","age":16},"phone":"7547216550","cell":"9897755650","id":{"name":"UIDAI","value":"723430986870"},"picture":{"large":"https://randomuser.me/api/portraits/men/71.jpg","medium":"https://randomuser.me/api/portraits/med/men/71.jpg","thumbnail":"https://randomuser.me/api/portraits/thumb/men/71.jpg"},"nat":"IN"}],"info":{"seed":"712513bcb656b7dc","results":1,"page":1,"version":"1.4"}} 
 </msg>
<msg time="2024-07-03T12:29:09.755859" level="INFO">/opt/hostedtoolcache/Python/3.12.4/x64/lib/python3.12/site-packages/urllib3/connectionpool.py:1099: InsecureRequestWarning: Unverified HTTPS request is being made to host 'randomuser.me'. Adding certificate verification is strongly advised. See: https://urllib3.readthedocs.io/en/latest/advanced-usage.html#tls-warnings
  warnings.warn(</msg>
<msg time="2024-07-03T12:29:09.755989" level="INFO">${response} = &lt;Response [200]&gt;</msg>
<var>${response}</var>
<arg>consultarAPI</arg>
<arg>/api</arg>
<doc>Sends a GET request on a previously created HTTP Session.</doc>
<status status="PASS" start="2024-07-03T12:29:09.588363" elapsed="0.167671"/>
</kw>
<kw name="Should Be Equal As Numbers" owner="BuiltIn">
<msg time="2024-07-03T12:29:09.756984" level="INFO">Argument types are:
&lt;class 'int'&gt;
&lt;class 'str'&gt;</msg>
<arg>${response.status_code}</arg>
<arg>200</arg>
<doc>Fails if objects are unequal after converting them to real numbers.</doc>
<status status="PASS" start="2024-07-03T12:29:09.756529" elapsed="0.000521"/>
</kw>
<kw name="Log" owner="BuiltIn">
<msg time="2024-07-03T12:29:09.757754" level="INFO">200</msg>
<arg>${response.status_code}</arg>
<doc>Logs the given message with the given level.</doc>
<status status="PASS" start="2024-07-03T12:29:09.757388" elapsed="0.000410"/>
</kw>
<kw name="Set Variable" owner="BuiltIn">
<msg time="2024-07-03T12:29:09.758555" level="INFO">${json_data} = {'results': [{'gender': 'male', 'name': {'title': 'Mr', 'first': 'Balveer', 'last': 'Rai'}, 'location': {'street': {'number': 6892, 'name': 'Bandstand Promenade'}, 'city': 'Jehanabad', 'state': 'Andhr...</msg>
<var>${json_data}</var>
<arg>${response.json()}</arg>
<doc>Returns the given values which can then be assigned to a variables.</doc>
<status status="PASS" start="2024-07-03T12:29:09.758110" elapsed="0.000474"/>
</kw>
<kw name="Dictionary Should Contain Key" owner="Collections">
<arg>${json_data}</arg>
<arg>results</arg>
<doc>Fails if ``key`` is not found from ``dictionary``.</doc>
<status status="PASS" start="2024-07-03T12:29:09.758927" elapsed="0.000172"/>
</kw>
<status status="PASS" start="2024-07-03T12:29:09.588116" elapsed="0.171136"/>
</kw>
<doc>Testa se a API responde corretamente e retorna um objeto JSON válido.</doc>
<tag>testeRequisicaoBasica</tag>
<status status="PASS" start="2024-07-03T12:29:09.587601" elapsed="0.171826"/>
</test>
<test id="s1-s1-t3" name="Validar estrutura de resposta" line="22">
<kw name="Teste de Estrutura de Resposta" owner="random-user-service">
<kw name="GET On Session" owner="RequestsLibrary">
<msg time="2024-07-03T12:29:09.860838" level="INFO">GET Request : url=https://randomuser.me/api 
 path_url=/api 
 headers={'User-Agent': 'python-requests/2.32.3', 'Accept-Encoding': 'gzip, deflate', 'Accept': '*/*', 'Connection': 'keep-alive'} 
 body=None 
 </msg>
<msg time="2024-07-03T12:29:09.860923" level="INFO">GET Response : url=https://randomuser.me/api 
 status=200, reason=OK 
 headers={'Date': 'Wed, 03 Jul 2024 12:29:09 GMT', 'Content-Type': 'application/json; charset=utf-8', 'Transfer-Encoding': 'chunked', 'Connection': 'keep-alive', 'X-Powered-By': 'Express', 'Access-Control-Allow-Origin': '*', 'Cache-Control': 'no-cache', 'ETag': 'W/"478-O7lvYEgn/+ro/5eFObXJRNzlja0"', 'Vary': 'Accept-Encoding', 'Content-Encoding': 'gzip', 'CF-Cache-Status': 'DYNAMIC', 'Report-To': '{"endpoints":[{"url":"https:\\/\\/a.nel.cloudflare.com\\/report\\/v4?s=aGwYAoL3mxQhxH38k61XsD4M%2FQvzAitoUbcBB1FUwPTSL%2B96%2BJDd01lB0fwnFSz2hVBCKMzeWisBVQKwMwMh6bXMbVrMREt1Tb7LNyZ4PXuxbuYL3Ry%2BjPxUhVNFDEsJ"}],"group":"cf-nel","max_age":604800}', 'NEL': '{"success_fraction":0,"report_to":"cf-nel","max_age":604800}', 'Server': 'cloudflare', 'CF-RAY': '89d6e1280d307c4f-LAX', 'alt-svc': 'h3=":443"; ma=86400'} 
 body={"results":[{"gender":"male","name":{"title":"Mr","first":"Theo","last":"Chu"},"location":{"street":{"number":6180,"name":"Lake of Bays Road"},"city":"Windsor","state":"Québec","country":"Canada","postcode":"J5H 6G4","coordinates":{"latitude":"-65.0147","longitude":"-72.3508"},"timezone":{"offset":"-11:00","description":"Midway Island, Samoa"}},"email":"theo.chu@example.com","login":{"uuid":"d3099fc1-2942-41c6-b776-4800f4e6ae2b","username":"lazygorilla349","password":"jennifer","salt":"iJsjhXxE","md5":"31338fdd3fe594b4c130c7155056b576","sha1":"d3de1c3ac8b2c236838555475e3c0b0e12835d50","sha256":"c0fb39c3204bbbd8b5693f9ee507607f94b5a0caac00374a94ee0d09938a2f2b"},"dob":{"date":"1973-06-01T17:20:57.803Z","age":51},"registered":{"date":"2002-10-27T01:52:38.504Z","age":21},"phone":"Z29 J69-1760","cell":"D06 D49-3372","id":{"name":"SIN","value":"604298802"},"picture":{"large":"https://randomuser.me/api/portraits/men/0.jpg","medium":"https://randomuser.me/api/portraits/med/men/0.jpg","thumbnail":"https://randomuser.me/api/portraits/thumb/men/0.jpg"},"nat":"CA"}],"info":{"seed":"1a924cc066ec8e4e","results":1,"page":1,"version":"1.4"}} 
 </msg>
<msg time="2024-07-03T12:29:09.861045" level="INFO">/opt/hostedtoolcache/Python/3.12.4/x64/lib/python3.12/site-packages/urllib3/connectionpool.py:1099: InsecureRequestWarning: Unverified HTTPS request is being made to host 'randomuser.me'. Adding certificate verification is strongly advised. See: https://urllib3.readthedocs.io/en/latest/advanced-usage.html#tls-warnings
  warnings.warn(</msg>
<msg time="2024-07-03T12:29:09.861159" level="INFO">${response} = &lt;Response [200]&gt;</msg>
<var>${response}</var>
<arg>consultarAPI</arg>
<arg>/api</arg>
<doc>Sends a GET request on a previously created HTTP Session.</doc>
<status status="PASS" start="2024-07-03T12:29:09.762012" elapsed="0.099190"/>
</kw>
<kw name="Set Variable" owner="BuiltIn">
<msg time="2024-07-03T12:29:09.862094" level="INFO">${json_data} = {'results': [{'gender': 'male', 'name': {'title': 'Mr', 'first': 'Theo', 'last': 'Chu'}, 'location': {'street': {'number': 6180, 'name': 'Lake of Bays Road'}, 'city': 'Windsor', 'state': 'Québec', 'co...</msg>
<var>${json_data}</var>
<arg>${response.json()}</arg>
<doc>Returns the given values which can then be assigned to a variables.</doc>
<status status="PASS" start="2024-07-03T12:29:09.861642" elapsed="0.000482"/>
</kw>
<kw name="Log" owner="BuiltIn">
<msg time="2024-07-03T12:29:09.862589" level="INFO">{'results': [{'gender': 'male', 'name': {'title': 'Mr', 'first': 'Theo', 'last': 'Chu'}, 'location': {'street': {'number': 6180, 'name': 'Lake of Bays Road'}, 'city': 'Windsor', 'state': 'Québec', 'country': 'Canada', 'postcode': 'J5H 6G4', 'coordinates': {'latitude': '-65.0147', 'longitude': '-72.3508'}, 'timezone': {'offset': '-11:00', 'description': 'Midway Island, Samoa'}}, 'email': 'theo.chu@example.com', 'login': {'uuid': 'd3099fc1-2942-41c6-b776-4800f4e6ae2b', 'username': 'lazygorilla349', 'password': 'jennifer', 'salt': 'iJsjhXxE', 'md5': '31338fdd3fe594b4c130c7155056b576', 'sha1': 'd3de1c3ac8b2c236838555475e3c0b0e12835d50', 'sha256': 'c0fb39c3204bbbd8b5693f9ee507607f94b5a0caac00374a94ee0d09938a2f2b'}, 'dob': {'date': '1973-06-01T17:20:57.803Z', 'age': 51}, 'registered': {'date': '2002-10-27T01:52:38.504Z', 'age': 21}, 'phone': 'Z29 J69-1760', 'cell': 'D06 D49-3372', 'id': {'name': 'SIN', 'value': '604298802'}, 'picture': {'large': 'https://randomuser.me/api/portraits/men/0.jpg', 'medium': 'https://randomuser.me/api/portraits/med/men/0.jpg', 'thumbnail': 'https://randomuser.me/api/portraits/thumb/men/0.jpg'}, 'nat': 'CA'}], 'info': {'seed': '1a924cc066ec8e4e', 'results': 1, 'page': 1, 'version': '1.4'}}</msg>
<arg>${json_data}</arg>
<doc>Logs the given message with the given level.</doc>
<status status="PASS" start="2024-07-03T12:29:09.862431" elapsed="0.000207"/>
</kw>
<kw name="Dictionary Should Contain Key" owner="Collections">
<arg>${json_data}</arg>
<arg>results</arg>
<doc>Fails if ``key`` is not found from ``dictionary``.</doc>
<status status="PASS" start="2024-07-03T12:29:09.862971" elapsed="0.000164"/>
</kw>
<kw name="Should Not Be Empty" owner="BuiltIn">
<msg time="2024-07-03T12:29:09.863452" level="INFO">Length is 2.</msg>
<arg>${json_data}</arg>
<doc>Verifies that the given item is not empty.</doc>
<status status="PASS" start="2024-07-03T12:29:09.863328" elapsed="0.000169"/>
</kw>
<kw name="Create List" owner="BuiltIn">
<msg time="2024-07-03T12:29:09.863945" level="INFO">${expected_keys} = ['gender', 'name', 'location', 'email', 'login']</msg>
<var>${expected_keys}</var>
<arg>gender</arg>
<arg>name</arg>
<arg>location</arg>
<arg>email</arg>
<arg>login</arg>
<doc>Returns a list containing given items.</doc>
<status status="PASS" start="2024-07-03T12:29:09.863794" elapsed="0.000176"/>
</kw>
<for flavor="IN">
<iter>
<kw name="Dictionary Should Contain Key" owner="Collections">
<arg>${json_data['results'][0]}</arg>
<arg>${key}</arg>
<doc>Fails if ``key`` is not found from ``dictionary``.</doc>
<status status="PASS" start="2024-07-03T12:29:09.864684" elapsed="0.000396"/>
</kw>
<kw name="Log" owner="BuiltIn">
<msg time="2024-07-03T12:29:09.865643" level="INFO">{'gender': 'male', 'name': {'title': 'Mr', 'first': 'Theo', 'last': 'Chu'}, 'location': {'street': {'number': 6180, 'name': 'Lake of Bays Road'}, 'city': 'Windsor', 'state': 'Québec', 'country': 'Canada', 'postcode': 'J5H 6G4', 'coordinates': {'latitude': '-65.0147', 'longitude': '-72.3508'}, 'timezone': {'offset': '-11:00', 'description': 'Midway Island, Samoa'}}, 'email': 'theo.chu@example.com', 'login': {'uuid': 'd3099fc1-2942-41c6-b776-4800f4e6ae2b', 'username': 'lazygorilla349', 'password': 'jennifer', 'salt': 'iJsjhXxE', 'md5': '31338fdd3fe594b4c130c7155056b576', 'sha1': 'd3de1c3ac8b2c236838555475e3c0b0e12835d50', 'sha256': 'c0fb39c3204bbbd8b5693f9ee507607f94b5a0caac00374a94ee0d09938a2f2b'}, 'dob': {'date': '1973-06-01T17:20:57.803Z', 'age': 51}, 'registered': {'date': '2002-10-27T01:52:38.504Z', 'age': 21}, 'phone': 'Z29 J69-1760', 'cell': 'D06 D49-3372', 'id': {'name': 'SIN', 'value': '604298802'}, 'picture': {'large': 'https://randomuser.me/api/portraits/men/0.jpg', 'medium': 'https://randomuser.me/api/portraits/med/men/0.jpg', 'thumbnail': 'https://randomuser.me/api/portraits/thumb/men/0.jpg'}, 'nat': 'CA'}</msg>
<arg>${json_data['results'][0]}</arg>
<doc>Logs the given message with the given level.</doc>
<status status="PASS" start="2024-07-03T12:29:09.865275" elapsed="0.000419"/>
</kw>
<kw name="Log" owner="BuiltIn">
<msg time="2024-07-03T12:29:09.866138" level="INFO">gender</msg>
<arg>${key}</arg>
<doc>Logs the given message with the given level.</doc>
<status status="PASS" start="2024-07-03T12:29:09.866007" elapsed="0.000170"/>
</kw>
<var name="${key}">gender</var>
<status status="PASS" start="2024-07-03T12:29:09.864560" elapsed="0.001835"/>
</iter>
<iter>
<kw name="Dictionary Should Contain Key" owner="Collections">
<arg>${json_data['results'][0]}</arg>
<arg>${key}</arg>
<doc>Fails if ``key`` is not found from ``dictionary``.</doc>
<status status="PASS" start="2024-07-03T12:29:09.866697" elapsed="0.000426"/>
</kw>
<kw name="Log" owner="BuiltIn">
<msg time="2024-07-03T12:29:09.867663" level="INFO">{'gender': 'male', 'name': {'title': 'Mr', 'first': 'Theo', 'last': 'Chu'}, 'location': {'street': {'number': 6180, 'name': 'Lake of Bays Road'}, 'city': 'Windsor', 'state': 'Québec', 'country': 'Canada', 'postcode': 'J5H 6G4', 'coordinates': {'latitude': '-65.0147', 'longitude': '-72.3508'}, 'timezone': {'offset': '-11:00', 'description': 'Midway Island, Samoa'}}, 'email': 'theo.chu@example.com', 'login': {'uuid': 'd3099fc1-2942-41c6-b776-4800f4e6ae2b', 'username': 'lazygorilla349', 'password': 'jennifer', 'salt': 'iJsjhXxE', 'md5': '31338fdd3fe594b4c130c7155056b576', 'sha1': 'd3de1c3ac8b2c236838555475e3c0b0e12835d50', 'sha256': 'c0fb39c3204bbbd8b5693f9ee507607f94b5a0caac00374a94ee0d09938a2f2b'}, 'dob': {'date': '1973-06-01T17:20:57.803Z', 'age': 51}, 'registered': {'date': '2002-10-27T01:52:38.504Z', 'age': 21}, 'phone': 'Z29 J69-1760', 'cell': 'D06 D49-3372', 'id': {'name': 'SIN', 'value': '604298802'}, 'picture': {'large': 'https://randomuser.me/api/portraits/men/0.jpg', 'medium': 'https://randomuser.me/api/portraits/med/men/0.jpg', 'thumbnail': 'https://randomuser.me/api/portraits/thumb/men/0.jpg'}, 'nat': 'CA'}</msg>
<arg>${json_data['results'][0]}</arg>
<doc>Logs the given message with the given level.</doc>
<status status="PASS" start="2024-07-03T12:29:09.867310" elapsed="0.000435"/>
</kw>
<kw name="Log" owner="BuiltIn">
<msg time="2024-07-03T12:29:09.868177" level="INFO">name</msg>
<arg>${key}</arg>
<doc>Logs the given message with the given level.</doc>
<status status="PASS" start="2024-07-03T12:29:09.868049" elapsed="0.000165"/>
</kw>
<var name="${key}">name</var>
<status status="PASS" start="2024-07-03T12:29:09.866585" elapsed="0.001849"/>
</iter>
<iter>
<kw name="Dictionary Should Contain Key" owner="Collections">
<arg>${json_data['results'][0]}</arg>
<arg>${key}</arg>
<doc>Fails if ``key`` is not found from ``dictionary``.</doc>
<status status="PASS" start="2024-07-03T12:29:09.868724" elapsed="0.000383"/>
</kw>
<kw name="Log" owner="BuiltIn">
<msg time="2024-07-03T12:29:09.869647" level="INFO">{'gender': 'male', 'name': {'title': 'Mr', 'first': 'Theo', 'last': 'Chu'}, 'location': {'street': {'number': 6180, 'name': 'Lake of Bays Road'}, 'city': 'Windsor', 'state': 'Québec', 'country': 'Canada', 'postcode': 'J5H 6G4', 'coordinates': {'latitude': '-65.0147', 'longitude': '-72.3508'}, 'timezone': {'offset': '-11:00', 'description': 'Midway Island, Samoa'}}, 'email': 'theo.chu@example.com', 'login': {'uuid': 'd3099fc1-2942-41c6-b776-4800f4e6ae2b', 'username': 'lazygorilla349', 'password': 'jennifer', 'salt': 'iJsjhXxE', 'md5': '31338fdd3fe594b4c130c7155056b576', 'sha1': 'd3de1c3ac8b2c236838555475e3c0b0e12835d50', 'sha256': 'c0fb39c3204bbbd8b5693f9ee507607f94b5a0caac00374a94ee0d09938a2f2b'}, 'dob': {'date': '1973-06-01T17:20:57.803Z', 'age': 51}, 'registered': {'date': '2002-10-27T01:52:38.504Z', 'age': 21}, 'phone': 'Z29 J69-1760', 'cell': 'D06 D49-3372', 'id': {'name': 'SIN', 'value': '604298802'}, 'picture': {'large': 'https://randomuser.me/api/portraits/men/0.jpg', 'medium': 'https://randomuser.me/api/portraits/med/men/0.jpg', 'thumbnail': 'https://randomuser.me/api/portraits/thumb/men/0.jpg'}, 'nat': 'CA'}</msg>
<arg>${json_data['results'][0]}</arg>
<doc>Logs the given message with the given level.</doc>
<status status="PASS" start="2024-07-03T12:29:09.869291" elapsed="0.000404"/>
</kw>
<kw name="Log" owner="BuiltIn">
<msg time="2024-07-03T12:29:09.870124" level="INFO">location</msg>
<arg>${key}</arg>
<doc>Logs the given message with the given level.</doc>
<status status="PASS" start="2024-07-03T12:29:09.869995" elapsed="0.000168"/>
</kw>
<var name="${key}">location</var>
<status status="PASS" start="2024-07-03T12:29:09.868616" elapsed="0.001766"/>
</iter>
<iter>
<kw name="Dictionary Should Contain Key" owner="Collections">
<arg>${json_data['results'][0]}</arg>
<arg>${key}</arg>
<doc>Fails if ``key`` is not found from ``dictionary``.</doc>
<status status="PASS" start="2024-07-03T12:29:09.870663" elapsed="0.000416"/>
</kw>
<kw name="Log" owner="BuiltIn">
<msg time="2024-07-03T12:29:09.871628" level="INFO">{'gender': 'male', 'name': {'title': 'Mr', 'first': 'Theo', 'last': 'Chu'}, 'location': {'street': {'number': 6180, 'name': 'Lake of Bays Road'}, 'city': 'Windsor', 'state': 'Québec', 'country': 'Canada', 'postcode': 'J5H 6G4', 'coordinates': {'latitude': '-65.0147', 'longitude': '-72.3508'}, 'timezone': {'offset': '-11:00', 'description': 'Midway Island, Samoa'}}, 'email': 'theo.chu@example.com', 'login': {'uuid': 'd3099fc1-2942-41c6-b776-4800f4e6ae2b', 'username': 'lazygorilla349', 'password': 'jennifer', 'salt': 'iJsjhXxE', 'md5': '31338fdd3fe594b4c130c7155056b576', 'sha1': 'd3de1c3ac8b2c236838555475e3c0b0e12835d50', 'sha256': 'c0fb39c3204bbbd8b5693f9ee507607f94b5a0caac00374a94ee0d09938a2f2b'}, 'dob': {'date': '1973-06-01T17:20:57.803Z', 'age': 51}, 'registered': {'date': '2002-10-27T01:52:38.504Z', 'age': 21}, 'phone': 'Z29 J69-1760', 'cell': 'D06 D49-3372', 'id': {'name': 'SIN', 'value': '604298802'}, 'picture': {'large': 'https://randomuser.me/api/portraits/men/0.jpg', 'medium': 'https://randomuser.me/api/portraits/med/men/0.jpg', 'thumbnail': 'https://randomuser.me/api/portraits/thumb/men/0.jpg'}, 'nat': 'CA'}</msg>
<arg>${json_data['results'][0]}</arg>
<doc>Logs the given message with the given level.</doc>
<status status="PASS" start="2024-07-03T12:29:09.871272" elapsed="0.000405"/>
</kw>
<kw name="Log" owner="BuiltIn">
<msg time="2024-07-03T12:29:09.872100" level="INFO">email</msg>
<arg>${key}</arg>
<doc>Logs the given message with the given level.</doc>
<status status="PASS" start="2024-07-03T12:29:09.871974" elapsed="0.000165"/>
</kw>
<var name="${key}">email</var>
<status status="PASS" start="2024-07-03T12:29:09.870555" elapsed="0.001799"/>
</iter>
<iter>
<kw name="Dictionary Should Contain Key" owner="Collections">
<arg>${json_data['results'][0]}</arg>
<arg>${key}</arg>
<doc>Fails if ``key`` is not found from ``dictionary``.</doc>
<status status="PASS" start="2024-07-03T12:29:09.872640" elapsed="0.000386"/>
</kw>
<kw name="Log" owner="BuiltIn">
<msg time="2024-07-03T12:29:09.873569" level="INFO">{'gender': 'male', 'name': {'title': 'Mr', 'first': 'Theo', 'last': 'Chu'}, 'location': {'street': {'number': 6180, 'name': 'Lake of Bays Road'}, 'city': 'Windsor', 'state': 'Québec', 'country': 'Canada', 'postcode': 'J5H 6G4', 'coordinates': {'latitude': '-65.0147', 'longitude': '-72.3508'}, 'timezone': {'offset': '-11:00', 'description': 'Midway Island, Samoa'}}, 'email': 'theo.chu@example.com', 'login': {'uuid': 'd3099fc1-2942-41c6-b776-4800f4e6ae2b', 'username': 'lazygorilla349', 'password': 'jennifer', 'salt': 'iJsjhXxE', 'md5': '31338fdd3fe594b4c130c7155056b576', 'sha1': 'd3de1c3ac8b2c236838555475e3c0b0e12835d50', 'sha256': 'c0fb39c3204bbbd8b5693f9ee507607f94b5a0caac00374a94ee0d09938a2f2b'}, 'dob': {'date': '1973-06-01T17:20:57.803Z', 'age': 51}, 'registered': {'date': '2002-10-27T01:52:38.504Z', 'age': 21}, 'phone': 'Z29 J69-1760', 'cell': 'D06 D49-3372', 'id': {'name': 'SIN', 'value': '604298802'}, 'picture': {'large': 'https://randomuser.me/api/portraits/men/0.jpg', 'medium': 'https://randomuser.me/api/portraits/med/men/0.jpg', 'thumbnail': 'https://randomuser.me/api/portraits/thumb/men/0.jpg'}, 'nat': 'CA'}</msg>
<arg>${json_data['results'][0]}</arg>
<doc>Logs the given message with the given level.</doc>
<status status="PASS" start="2024-07-03T12:29:09.873208" elapsed="0.000410"/>
</kw>
<kw name="Log" owner="BuiltIn">
<msg time="2024-07-03T12:29:09.874043" level="INFO">login</msg>
<arg>${key}</arg>
<doc>Logs the given message with the given level.</doc>
<status status="PASS" start="2024-07-03T12:29:09.873913" elapsed="0.000169"/>
</kw>
<var name="${key}">login</var>
<status status="PASS" start="2024-07-03T12:29:09.872526" elapsed="0.001781"/>
</iter>
<var>${key}</var>
<value>@{expected_keys}</value>
<status status="PASS" start="2024-07-03T12:29:09.864370" elapsed="0.010060"/>
</for>
<kw name="Create List" owner="BuiltIn">
<msg time="2024-07-03T12:29:09.874796" level="INFO">${expected_keysTwo} = ['username', 'password']</msg>
<var>${expected_keysTwo}</var>
<arg>username</arg>
<arg>password</arg>
<doc>Returns a list containing given items.</doc>
<status status="PASS" start="2024-07-03T12:29:09.874624" elapsed="0.000198"/>
</kw>
<for flavor="IN">
<iter>
<kw name="Dictionary Should Contain Key" owner="Collections">
<arg>${json_data['results'][0]['login']}</arg>
<arg>${keyTwo}</arg>
<doc>Fails if ``key`` is not found from ``dictionary``.</doc>
<status status="PASS" start="2024-07-03T12:29:09.875363" elapsed="0.000392"/>
</kw>
<kw name="Dictionary Should Contain Key" owner="Collections">
<arg>${json_data['results'][0]['login']}</arg>
<arg>${keyTwo}</arg>
<doc>Fails if ``key`` is not found from ``dictionary``.</doc>
<status status="PASS" start="2024-07-03T12:29:09.875945" elapsed="0.000376"/>
</kw>
<kw name="Log" owner="BuiltIn">
<msg time="2024-07-03T12:29:09.876637" level="INFO">username</msg>
<arg>${keyTwo}</arg>
<doc>Logs the given message with the given level.</doc>
<status status="PASS" start="2024-07-03T12:29:09.876508" elapsed="0.000168"/>
</kw>
<var name="${keyTwo}">username</var>
<status status="PASS" start="2024-07-03T12:29:09.875253" elapsed="0.001645"/>
</iter>
<iter>
<kw name="Dictionary Should Contain Key" owner="Collections">
<arg>${json_data['results'][0]['login']}</arg>
<arg>${keyTwo}</arg>
<doc>Fails if ``key`` is not found from ``dictionary``.</doc>
<status status="PASS" start="2024-07-03T12:29:09.877181" elapsed="0.000389"/>
</kw>
<kw name="Dictionary Should Contain Key" owner="Collections">
<arg>${json_data['results'][0]['login']}</arg>
<arg>${keyTwo}</arg>
<doc>Fails if ``key`` is not found from ``dictionary``.</doc>
<status status="PASS" start="2024-07-03T12:29:09.877770" elapsed="0.000470"/>
</kw>
<kw name="Log" owner="BuiltIn">
<msg time="2024-07-03T12:29:09.878614" level="INFO">password</msg>
<arg>${keyTwo}</arg>
<doc>Logs the given message with the given level.</doc>
<status status="PASS" start="2024-07-03T12:29:09.878466" elapsed="0.000211"/>
</kw>
<var name="${keyTwo}">password</var>
<status status="PASS" start="2024-07-03T12:29:09.877075" elapsed="0.001852"/>
</iter>
<var>${keyTwo}</var>
<value>@{expected_keysTwo}</value>
<status status="PASS" start="2024-07-03T12:29:09.875097" elapsed="0.003953"/>
</for>
<status status="PASS" start="2024-07-03T12:29:09.761780" elapsed="0.117411"/>
</kw>
<doc>Testa a estrutura da resposta da API.</doc>
<tag>testeEstruturaResposta</tag>
<status status="PASS" start="2024-07-03T12:29:09.761274" elapsed="0.118064"/>
</test>
<test id="s1-s1-t4" name="Validar tipos de dados" line="28">
<kw name="Teste de Tipos de Dados" owner="random-user-service">
<kw name="GET On Session" owner="RequestsLibrary">
<msg time="2024-07-03T12:29:09.978549" level="INFO">GET Request : url=https://randomuser.me/api 
 path_url=/api 
 headers={'User-Agent': 'python-requests/2.32.3', 'Accept-Encoding': 'gzip, deflate', 'Accept': '*/*', 'Connection': 'keep-alive'} 
 body=None 
 </msg>
<msg time="2024-07-03T12:29:09.978622" level="INFO">GET Response : url=https://randomuser.me/api 
 status=200, reason=OK 
 headers={'Date': 'Wed, 03 Jul 2024 12:29:09 GMT', 'Content-Type': 'application/json; charset=utf-8', 'Transfer-Encoding': 'chunked', 'Connection': 'keep-alive', 'X-Powered-By': 'Express', 'Access-Control-Allow-Origin': '*', 'Cache-Control': 'no-cache', 'ETag': 'W/"48c-4yNknnTSK2x/raCSVGlNk56lt3A"', 'Vary': 'Accept-Encoding', 'Content-Encoding': 'gzip', 'CF-Cache-Status': 'DYNAMIC', 'Report-To': '{"endpoints":[{"url":"https:\\/\\/a.nel.cloudflare.com\\/report\\/v4?s=%2FZHFu1nL2cJxxrvljDmugvFV68bW6AYIvEVxDUxSBPRqRFyd24RjPMsV994t2ho432jubshQzid%2F0Dc0Re%2FGmYb8EWsheHt9Vh9VzJ950P1sZlg9hMulH7iBiDdQxUL4"}],"group":"cf-nel","max_age":604800}', 'NEL': '{"success_fraction":0,"report_to":"cf-nel","max_age":604800}', 'Server': 'cloudflare', 'CF-RAY': '89d6e128cd8b7c4f-LAX', 'alt-svc': 'h3=":443"; ma=86400'} 
 body={"results":[{"gender":"female","name":{"title":"Ms","first":"Sherri","last":"Anderson"},"location":{"street":{"number":492,"name":"Marsh Ln"},"city":"Eureka","state":"Illinois","country":"United States","postcode":23384,"coordinates":{"latitude":"86.6025","longitude":"11.7292"},"timezone":{"offset":"-11:00","description":"Midway Island, Samoa"}},"email":"sherri.anderson@example.com","login":{"uuid":"d0e10744-2d4d-47e9-9a51-46f1a09ccfc2","username":"beautifulfish466","password":"erin","salt":"2qYC6LwQ","md5":"9f62c0bfb73faf7675d4d9e5ad66e564","sha1":"3e439bfacfd10b8a7fb26f6b32f08bd57b5a3921","sha256":"d0ccfe8b2ebfe9ec3e0913ca2e3e91f50a22b00f12b38909a12b24d668760f27"},"dob":{"date":"1999-05-17T08:40:01.525Z","age":25},"registered":{"date":"2004-08-22T07:38:46.598Z","age":19},"phone":"(258) 897-1875","cell":"(474) 372-8035","id":{"name":"SSN","value":"082-88-2595"},"picture":{"large":"https://randomuser.me/api/portraits/women/64.jpg","medium":"https://randomuser.me/api/portraits/med/women/64.jpg","thumbnail":"https://randomuser.me/api/portraits/thumb/women/64.jpg"},"nat":"US"}],"info":{"seed":"e086a45134025d78","results":1,"page":1,"version":"1.4"}} 
 </msg>
<msg time="2024-07-03T12:29:09.978685" level="INFO">/opt/hostedtoolcache/Python/3.12.4/x64/lib/python3.12/site-packages/urllib3/connectionpool.py:1099: InsecureRequestWarning: Unverified HTTPS request is being made to host 'randomuser.me'. Adding certificate verification is strongly advised. See: https://urllib3.readthedocs.io/en/latest/advanced-usage.html#tls-warnings
  warnings.warn(</msg>
<msg time="2024-07-03T12:29:09.978803" level="INFO">${response} = &lt;Response [200]&gt;</msg>
<var>${response}</var>
<arg>consultarAPI</arg>
<arg>/api</arg>
<doc>Sends a GET request on a previously created HTTP Session.</doc>
<status status="PASS" start="2024-07-03T12:29:09.881821" elapsed="0.097020"/>
</kw>
<kw name="Set Variable" owner="BuiltIn">
<msg time="2024-07-03T12:29:09.979739" level="INFO">${json_data} = {'results': [{'gender': 'female', 'name': {'title': 'Ms', 'first': 'Sherri', 'last': 'Anderson'}, 'location': {'street': {'number': 492, 'name': 'Marsh Ln'}, 'city': 'Eureka', 'state': 'Illinois', 'co...</msg>
<var>${json_data}</var>
<arg>${response.json()}</arg>
<doc>Returns the given values which can then be assigned to a variables.</doc>
<status status="PASS" start="2024-07-03T12:29:09.979261" elapsed="0.000506"/>
</kw>
<kw name="Log" owner="BuiltIn">
<msg time="2024-07-03T12:29:09.980249" level="INFO">{'results': [{'gender': 'female', 'name': {'title': 'Ms', 'first': 'Sherri', 'last': 'Anderson'}, 'location': {'street': {'number': 492, 'name': 'Marsh Ln'}, 'city': 'Eureka', 'state': 'Illinois', 'country': 'United States', 'postcode': 23384, 'coordinates': {'latitude': '86.6025', 'longitude': '11.7292'}, 'timezone': {'offset': '-11:00', 'description': 'Midway Island, Samoa'}}, 'email': 'sherri.anderson@example.com', 'login': {'uuid': 'd0e10744-2d4d-47e9-9a51-46f1a09ccfc2', 'username': 'beautifulfish466', 'password': 'erin', 'salt': '2qYC6LwQ', 'md5': '9f62c0bfb73faf7675d4d9e5ad66e564', 'sha1': '3e439bfacfd10b8a7fb26f6b32f08bd57b5a3921', 'sha256': 'd0ccfe8b2ebfe9ec3e0913ca2e3e91f50a22b00f12b38909a12b24d668760f27'}, 'dob': {'date': '1999-05-17T08:40:01.525Z', 'age': 25}, 'registered': {'date': '2004-08-22T07:38:46.598Z', 'age': 19}, 'phone': '(258) 897-1875', 'cell': '(474) 372-8035', 'id': {'name': 'SSN', 'value': '082-88-2595'}, 'picture': {'large': 'https://randomuser.me/api/portraits/women/64.jpg', 'medium': 'https://randomuser.me/api/portraits/med/women/64.jpg', 'thumbnail': 'https://randomuser.me/api/portraits/thumb/women/64.jpg'}, 'nat': 'US'}], 'info': {'seed': 'e086a45134025d78', 'results': 1, 'page': 1, 'version': '1.4'}}</msg>
<arg>${json_data}</arg>
<doc>Logs the given message with the given level.</doc>
<status status="PASS" start="2024-07-03T12:29:09.980093" elapsed="0.000204"/>
</kw>
<kw name="Should Be String" owner="String">
<arg>${json_data['results'][0]['gender']}</arg>
<doc>Fails if the given ``item`` is not a string.</doc>
<status status="PASS" start="2024-07-03T12:29:09.980597" elapsed="0.000372"/>
</kw>
<kw name="Should Match Regexp" owner="BuiltIn">
<arg>${json_data['results'][0]['email']}</arg>
<arg>^[a-zA-Z0-9._%+-]+@[a-zA-Z0-9.-]+\.[a-zA-Z]{2,}$</arg>
<doc>Fails if ``string`` does not match ``pattern`` as a regular expression.</doc>
<status status="PASS" start="2024-07-03T12:29:09.981157" elapsed="0.000520"/>
</kw>
<kw name="Should Match Regexp" owner="BuiltIn">
<arg>${json_data['results'][0]['dob']['date']}</arg>
<arg>\\d{4}-\\d{2}-\\d{2}T\\d{2}:\\d{2}:\\d{2}\\.\\d{3}Z</arg>
<doc>Fails if ``string`` does not match ``pattern`` as a regular expression.</doc>
<status status="PASS" start="2024-07-03T12:29:09.981909" elapsed="0.000496"/>
</kw>
<kw name="Should Match Regexp" owner="BuiltIn">
<arg>${json_data['results'][0]['registered']['date']}</arg>
<arg>\\d{4}-\\d{2}-\\d{2}T\\d{2}:\\d{2}:\\d{2}\\.\\d{3}Z</arg>
<doc>Fails if ``string`` does not match ``pattern`` as a regular expression.</doc>
<status status="PASS" start="2024-07-03T12:29:09.982594" elapsed="0.000407"/>
</kw>
<kw name="Should Match Regexp" owner="BuiltIn">
<arg>${json_data['results'][0]['picture']['large']}</arg>
<arg>^https?://.*\.(?:png|jpe?g|gif|bmp)$</arg>
<doc>Fails if ``string`` does not match ``pattern`` as a regular expression.</doc>
<status status="PASS" start="2024-07-03T12:29:09.983188" elapsed="0.000514"/>
</kw>
<kw name="Should Match Regexp" owner="BuiltIn">
<arg>${json_data['results'][0]['picture']['medium']}</arg>
<arg>^https?://.*\.(?:png|jpe?g|gif|bmp)$</arg>
<doc>Fails if ``string`` does not match ``pattern`` as a regular expression.</doc>
<status status="PASS" start="2024-07-03T12:29:09.983890" elapsed="0.000354"/>
</kw>
<kw name="Should Match Regexp" owner="BuiltIn">
<arg>${json_data['results'][0]['picture']['thumbnail']}</arg>
<arg>^https?://.*\.(?:png|jpe?g|gif|bmp)$</arg>
<doc>Fails if ``string`` does not match ``pattern`` as a regular expression.</doc>
<status status="PASS" start="2024-07-03T12:29:09.984426" elapsed="0.000347"/>
</kw>
<kw name="Log" owner="BuiltIn">
<msg time="2024-07-03T12:29:09.985283" level="INFO">{'large': 'https://randomuser.me/api/portraits/women/64.jpg', 'medium': 'https://randomuser.me/api/portraits/med/women/64.jpg', 'thumbnail': 'https://randomuser.me/api/portraits/thumb/women/64.jpg'}</msg>
<arg>${json_data['results'][0]['picture']}</arg>
<doc>Logs the given message with the given level.</doc>
<status status="PASS" start="2024-07-03T12:29:09.984956" elapsed="0.000369"/>
</kw>
<status status="PASS" start="2024-07-03T12:29:09.881595" elapsed="0.103987"/>
</kw>
<kw name="Teste de Tipos de Dados - Postcode" owner="random-user-service">
<kw name="GET On Session" owner="RequestsLibrary">
<msg time="2024-07-03T12:29:10.093937" level="INFO">GET Request : url=https://randomuser.me/api 
 path_url=/api 
 headers={'User-Agent': 'python-requests/2.32.3', 'Accept-Encoding': 'gzip, deflate', 'Accept': '*/*', 'Connection': 'keep-alive'} 
 body=None 
 </msg>
<msg time="2024-07-03T12:29:10.094015" level="INFO">GET Response : url=https://randomuser.me/api 
 status=200, reason=OK 
 headers={'Date': 'Wed, 03 Jul 2024 12:29:10 GMT', 'Content-Type': 'application/json; charset=utf-8', 'Transfer-Encoding': 'chunked', 'Connection': 'keep-alive', 'X-Powered-By': 'Express', 'Access-Control-Allow-Origin': '*', 'Cache-Control': 'no-cache', 'ETag': 'W/"492-FA2Fntk/pMuOqM3dE7MLd1D/1YA"', 'Vary': 'Accept-Encoding', 'Content-Encoding': 'gzip', 'CF-Cache-Status': 'DYNAMIC', 'Report-To': '{"endpoints":[{"url":"https:\\/\\/a.nel.cloudflare.com\\/report\\/v4?s=3RLh3JD0XskFgDA27xYHAAzjQxas0Nyg3j7VMOKblGlG1%2Fho1pd8ITXB7EKS8vucF2S0V299D45zdHwZWIrs%2BlX%2BnyQf0WuMSPSUn%2FcBkEvqA4Z8G6TYv97xTyQivai4"}],"group":"cf-nel","max_age":604800}', 'NEL': '{"success_fraction":0,"report_to":"cf-nel","max_age":604800}', 'Server': 'cloudflare', 'CF-RAY': '89d6e1296de57c4f-LAX', 'alt-svc': 'h3=":443"; ma=86400'} 
 body={"results":[{"gender":"female","name":{"title":"Ms","first":"Mercedes","last":"Alves"},"location":{"street":{"number":6343,"name":"Rua São Luiz "},"city":"Maricá","state":"Roraima","country":"Brazil","postcode":50507,"coordinates":{"latitude":"-76.0181","longitude":"145.3568"},"timezone":{"offset":"-12:00","description":"Eniwetok, Kwajalein"}},"email":"mercedes.alves@example.com","login":{"uuid":"a0f0ac8d-7334-49ac-8f11-bd6e8947d0d7","username":"beautifulpeacock877","password":"alfred","salt":"norLMYq8","md5":"9d9400581eccd6b185a5d25b94de3a71","sha1":"498213f1c913ffc66d3d4ba5e29482b764f428fd","sha256":"0ecf92130f2b537f5b7db91b2a54b3bc34ea6b84a179a32b8f6399f3a3dae8e9"},"dob":{"date":"1968-07-28T01:08:18.992Z","age":55},"registered":{"date":"2020-08-31T11:20:14.139Z","age":3},"phone":"(63) 4808-4281","cell":"(60) 5924-1071","id":{"name":"CPF","value":"977.858.383-67"},"picture":{"large":"https://randomuser.me/api/portraits/women/49.jpg","medium":"https://randomuser.me/api/portraits/med/women/49.jpg","thumbnail":"https://randomuser.me/api/portraits/thumb/women/49.jpg"},"nat":"BR"}],"info":{"seed":"0652396ed8e405d5","results":1,"page":1,"version":"1.4"}} 
 </msg>
<msg time="2024-07-03T12:29:10.094077" level="INFO">/opt/hostedtoolcache/Python/3.12.4/x64/lib/python3.12/site-packages/urllib3/connectionpool.py:1099: InsecureRequestWarning: Unverified HTTPS request is being made to host 'randomuser.me'. Adding certificate verification is strongly advised. See: https://urllib3.readthedocs.io/en/latest/advanced-usage.html#tls-warnings
  warnings.warn(</msg>
<msg time="2024-07-03T12:29:10.094173" level="INFO">${response} = &lt;Response [200]&gt;</msg>
<var>${response}</var>
<arg>consultarAPI</arg>
<arg>/api</arg>
<doc>Sends a GET request on a previously created HTTP Session.</doc>
<status status="PASS" start="2024-07-03T12:29:09.986023" elapsed="0.108189"/>
</kw>
<kw name="Set Variable" owner="BuiltIn">
<msg time="2024-07-03T12:29:10.095169" level="INFO">${json_data} = {'results': [{'gender': 'female', 'name': {'title': 'Ms', 'first': 'Mercedes', 'last': 'Alves'}, 'location': {'street': {'number': 6343, 'name': 'Rua São Luiz '}, 'city': 'Maricá', 'state': 'Roraima',...</msg>
<var>${json_data}</var>
<arg>${response.json()}</arg>
<doc>Returns the given values which can then be assigned to a variables.</doc>
<status status="PASS" start="2024-07-03T12:29:10.094654" elapsed="0.000544"/>
</kw>
<kw name="Log" owner="BuiltIn">
<msg time="2024-07-03T12:29:10.095673" level="INFO">{'results': [{'gender': 'female', 'name': {'title': 'Ms', 'first': 'Mercedes', 'last': 'Alves'}, 'location': {'street': {'number': 6343, 'name': 'Rua São Luiz '}, 'city': 'Maricá', 'state': 'Roraima', 'country': 'Brazil', 'postcode': 50507, 'coordinates': {'latitude': '-76.0181', 'longitude': '145.3568'}, 'timezone': {'offset': '-12:00', 'description': 'Eniwetok, Kwajalein'}}, 'email': 'mercedes.alves@example.com', 'login': {'uuid': 'a0f0ac8d-7334-49ac-8f11-bd6e8947d0d7', 'username': 'beautifulpeacock877', 'password': 'alfred', 'salt': 'norLMYq8', 'md5': '9d9400581eccd6b185a5d25b94de3a71', 'sha1': '498213f1c913ffc66d3d4ba5e29482b764f428fd', 'sha256': '0ecf92130f2b537f5b7db91b2a54b3bc34ea6b84a179a32b8f6399f3a3dae8e9'}, 'dob': {'date': '1968-07-28T01:08:18.992Z', 'age': 55}, 'registered': {'date': '2020-08-31T11:20:14.139Z', 'age': 3}, 'phone': '(63) 4808-4281', 'cell': '(60) 5924-1071', 'id': {'name': 'CPF', 'value': '977.858.383-67'}, 'picture': {'large': 'https://randomuser.me/api/portraits/women/49.jpg', 'medium': 'https://randomuser.me/api/portraits/med/women/49.jpg', 'thumbnail': 'https://randomuser.me/api/portraits/thumb/women/49.jpg'}, 'nat': 'BR'}], 'info': {'seed': '0652396ed8e405d5', 'results': 1, 'page': 1, 'version': '1.4'}}</msg>
<arg>${json_data}</arg>
<doc>Logs the given message with the given level.</doc>
<status status="PASS" start="2024-07-03T12:29:10.095511" elapsed="0.000212"/>
</kw>
<kw name="Should Be Equal As Numbers" owner="BuiltIn">
<arg>${json_data['results'][0]['location']['postcode']}</arg>
<arg>${json_data['results'][0]['location']['postcode']}</arg>
<doc>Fails if objects are unequal after converting them to real numbers.</doc>
<status status="PASS" start="2024-07-03T12:29:10.096016" elapsed="0.000616"/>
</kw>
<kw name="Log" owner="BuiltIn">
<msg time="2024-07-03T12:29:10.097155" level="INFO">50507</msg>
<arg>${json_data['results'][0]['location']['postcode']}</arg>
<doc>Logs the given message with the given level.</doc>
<status status="PASS" start="2024-07-03T12:29:10.096819" elapsed="0.000375"/>
</kw>
<status status="PASS" start="2024-07-03T12:29:09.985799" elapsed="0.111672"/>
</kw>
<doc>Testa se os tipos de dados na resposta da API estão corretos.</doc>
<tag>testeTiposDados</tag>
<status status="PASS" start="2024-07-03T12:29:09.881060" elapsed="0.216574"/>
</test>
<test id="s1-s1-t5" name="Validar conteudo" line="35">
<kw name="Teste de Tipos de Conteudo" owner="random-user-service">
<kw name="GET On Session" owner="RequestsLibrary">
<msg time="2024-07-03T12:29:10.195342" level="INFO">GET Request : url=https://randomuser.me/api 
 path_url=/api 
 headers={'User-Agent': 'python-requests/2.32.3', 'Accept-Encoding': 'gzip, deflate', 'Accept': '*/*', 'Connection': 'keep-alive'} 
 body=None 
 </msg>
<msg time="2024-07-03T12:29:10.195425" level="INFO">GET Response : url=https://randomuser.me/api 
 status=200, reason=OK 
 headers={'Date': 'Wed, 03 Jul 2024 12:29:10 GMT', 'Content-Type': 'application/json; charset=utf-8', 'Transfer-Encoding': 'chunked', 'Connection': 'keep-alive', 'X-Powered-By': 'Express', 'Access-Control-Allow-Origin': '*', 'Cache-Control': 'no-cache', 'ETag': 'W/"46f-/L5KCOz+ybzXUMaaTfnDXaygMdc"', 'Vary': 'Accept-Encoding', 'Content-Encoding': 'gzip', 'CF-Cache-Status': 'DYNAMIC', 'Report-To': '{"endpoints":[{"url":"https:\\/\\/a.nel.cloudflare.com\\/report\\/v4?s=uaQD00O6rn57adgiPjUH2SjQfcICSJYNOBtGefYkCBxIc%2FaLB6%2BzMBPBYD4YwWZ5KAP9s%2FI1lFU%2FJXnoLMdTvDjYHBlu2kzaLnh5LjZIPd1gkL75kYYO8%2BOEVAesV42T"}],"group":"cf-nel","max_age":604800}', 'NEL': '{"success_fraction":0,"report_to":"cf-nel","max_age":604800}', 'Server': 'cloudflare', 'CF-RAY': '89d6e12a2e4a7c4f-LAX', 'alt-svc': 'h3=":443"; ma=86400'} 
 body={"results":[{"gender":"male","name":{"title":"Mr","first":"Dwayne","last":"Owens"},"location":{"street":{"number":6625,"name":"Mill Lane"},"city":"Exeter","state":"Powys","country":"United Kingdom","postcode":"I8 4FN","coordinates":{"latitude":"-6.2935","longitude":"-8.2411"},"timezone":{"offset":"+3:30","description":"Tehran"}},"email":"dwayne.owens@example.com","login":{"uuid":"4a9a75bd-3a63-49f5-8a90-310000af7108","username":"purplebear324","password":"mustang","salt":"lOymK8vI","md5":"bb2e368c327816484ba6c0bf56089ee1","sha1":"c1a1995c688a6913ae0ddbc806a874890eb41aad","sha256":"7f9d9ef17a468ff212252a58fd3667ab43be65f09ee9fb81fd73ae93dd5cf00a"},"dob":{"date":"1951-04-16T21:08:16.466Z","age":73},"registered":{"date":"2002-04-05T17:29:13.824Z","age":22},"phone":"0111 997 1728","cell":"07457 081073","id":{"name":"NINO","value":"JX 74 94 24 S"},"picture":{"large":"https://randomuser.me/api/portraits/men/5.jpg","medium":"https://randomuser.me/api/portraits/med/men/5.jpg","thumbnail":"https://randomuser.me/api/portraits/thumb/men/5.jpg"},"nat":"GB"}],"info":{"seed":"602eb47da49bfd59","results":1,"page":1,"version":"1.4"}} 
 </msg>
<msg time="2024-07-03T12:29:10.195511" level="INFO">/opt/hostedtoolcache/Python/3.12.4/x64/lib/python3.12/site-packages/urllib3/connectionpool.py:1099: InsecureRequestWarning: Unverified HTTPS request is being made to host 'randomuser.me'. Adding certificate verification is strongly advised. See: https://urllib3.readthedocs.io/en/latest/advanced-usage.html#tls-warnings
  warnings.warn(</msg>
<msg time="2024-07-03T12:29:10.195624" level="INFO">${response} = &lt;Response [200]&gt;</msg>
<var>${response}</var>
<arg>consultarAPI</arg>
<arg>/api</arg>
<doc>Sends a GET request on a previously created HTTP Session.</doc>
<status status="PASS" start="2024-07-03T12:29:10.100631" elapsed="0.095034"/>
</kw>
<kw name="Set Variable" owner="BuiltIn">
<msg time="2024-07-03T12:29:10.196595" level="INFO">${json_data} = {'results': [{'gender': 'male', 'name': {'title': 'Mr', 'first': 'Dwayne', 'last': 'Owens'}, 'location': {'street': {'number': 6625, 'name': 'Mill Lane'}, 'city': 'Exeter', 'state': 'Powys', 'country'...</msg>
<var>${json_data}</var>
<arg>${response.json()}</arg>
<doc>Returns the given values which can then be assigned to a variables.</doc>
<status status="PASS" start="2024-07-03T12:29:10.196146" elapsed="0.000477"/>
</kw>
<kw name="Set Variable" owner="BuiltIn">
<msg time="2024-07-03T12:29:10.197296" level="INFO">${name_title} = Mr</msg>
<var>${name_title}</var>
<arg>${json_data["results"][0]["name"]["title"]}</arg>
<doc>Returns the given values which can then be assigned to a variables.</doc>
<status status="PASS" start="2024-07-03T12:29:10.196920" elapsed="0.000401"/>
</kw>
<kw name="Create List" owner="BuiltIn">
<msg time="2024-07-03T12:29:10.197757" level="INFO">${allowed_titles} = ['Mr', 'Ms', 'Miss', 'Mrs', 'Madame', 'Monsieur']</msg>
<var>${allowed_titles}</var>
<arg>Mr</arg>
<arg>Ms</arg>
<arg>Miss</arg>
<arg>Mrs</arg>
<arg>Madame</arg>
<arg>Monsieur</arg>
<doc>Returns a list containing given items.</doc>
<status status="PASS" start="2024-07-03T12:29:10.197610" elapsed="0.000171"/>
</kw>
<kw name="List Should Contain Value" owner="Collections">
<arg>${allowed_titles}</arg>
<arg>${name_title}</arg>
<doc>Fails if the ``value`` is not found from ``list``.</doc>
<status status="PASS" start="2024-07-03T12:29:10.198074" elapsed="0.000172"/>
</kw>
<kw name="Set Variable" owner="BuiltIn">
<msg time="2024-07-03T12:29:10.198815" level="INFO">${name_country} = GB</msg>
<var>${name_country}</var>
<arg>${json_data["results"][0]["nat"]}</arg>
<doc>Returns the given values which can then be assigned to a variables.</doc>
<status status="PASS" start="2024-07-03T12:29:10.198424" elapsed="0.000416"/>
</kw>
<kw name="Create List" owner="BuiltIn">
<msg time="2024-07-03T12:29:10.199737" level="INFO">${list_country} = ['AD', 'AE', 'AF', 'AG', 'AI', 'AL', 'AM', 'AO', 'AQ', 'AR', 'AS', 'AT', 'AU', 'AW', 'AX', 'AZ', 'BA', 'BB', 'BD', 'BE', 'BF', 'BG', 'BH', 'BI', 'BJ', 'BL', 'BM', 'BN', 'BO', 'BQ', 'BR', 'BS', 'BT', '...</msg>
<var>${list_country}</var>
<arg>AD</arg>
<arg>AE</arg>
<arg>AF</arg>
<arg>AG</arg>
<arg>AI</arg>
<arg>AL</arg>
<arg>AM</arg>
<arg>AO</arg>
<arg>AQ</arg>
<arg>AR</arg>
<arg>AS</arg>
<arg>AT</arg>
<arg>AU</arg>
<arg>AW</arg>
<arg>AX</arg>
<arg>AZ</arg>
<arg>BA</arg>
<arg>BB</arg>
<arg>BD</arg>
<arg>BE</arg>
<arg>BF</arg>
<arg>BG</arg>
<arg>BH</arg>
<arg>BI</arg>
<arg>BJ</arg>
<arg>BL</arg>
<arg>BM</arg>
<arg>BN</arg>
<arg>BO</arg>
<arg>BQ</arg>
<arg>BR</arg>
<arg>BS</arg>
<arg>BT</arg>
<arg>BV</arg>
<arg>BW</arg>
<arg>BY</arg>
<arg>BZ</arg>
<arg>CA</arg>
<arg>CC</arg>
<arg>CD</arg>
<arg>CF</arg>
<arg>CG</arg>
<arg>CH</arg>
<arg>CI</arg>
<arg>CK</arg>
<arg>CL</arg>
<arg>CM</arg>
<arg>CN</arg>
<arg>CO</arg>
<arg>CR</arg>
<arg>CU</arg>
<arg>CV</arg>
<arg>CW</arg>
<arg>CX</arg>
<arg>CY</arg>
<arg>CZ</arg>
<arg>DE</arg>
<arg>DJ</arg>
<arg>DK</arg>
<arg>DM</arg>
<arg>DO</arg>
<arg>DZ</arg>
<arg>EC</arg>
<arg>EE</arg>
<arg>EG</arg>
<arg>EH</arg>
<arg>ER</arg>
<arg>ES</arg>
<arg>ET</arg>
<arg>FI</arg>
<arg>FJ</arg>
<arg>FK</arg>
<arg>FM</arg>
<arg>FO</arg>
<arg>FR</arg>
<arg>GA</arg>
<arg>GB</arg>
<arg>GD</arg>
<arg>GE</arg>
<arg>GF</arg>
<arg>GG</arg>
<arg>GH</arg>
<arg>GI</arg>
<arg>GL</arg>
<arg>GM</arg>
<arg>GN</arg>
<arg>GP</arg>
<arg>GQ</arg>
<arg>GR</arg>
<arg>GS</arg>
<arg>GT</arg>
<arg>GU</arg>
<arg>GW</arg>
<arg>GY</arg>
<arg>HK</arg>
<arg>HM</arg>
<arg>HN</arg>
<arg>HR</arg>
<arg>HT</arg>
<arg>HU</arg>
<arg>ID</arg>
<arg>IE</arg>
<arg>IL</arg>
<arg>IM</arg>
<arg>IN</arg>
<arg>IO</arg>
<arg>IQ</arg>
<arg>IR</arg>
<arg>IS</arg>
<arg>IT</arg>
<arg>JE</arg>
<arg>JM</arg>
<arg>JO</arg>
<arg>JP</arg>
<arg>KE</arg>
<arg>KG</arg>
<arg>KH</arg>
<arg>KI</arg>
<arg>KM</arg>
<arg>KN</arg>
<arg>KP</arg>
<arg>KR</arg>
<arg>KW</arg>
<arg>KY</arg>
<arg>KZ</arg>
<arg>LA</arg>
<arg>LB</arg>
<arg>LC</arg>
<arg>LI</arg>
<arg>LK</arg>
<arg>LR</arg>
<arg>LS</arg>
<arg>LT</arg>
<arg>LU</arg>
<arg>LV</arg>
<arg>LY</arg>
<arg>MA</arg>
<arg>MC</arg>
<arg>MD</arg>
<arg>ME</arg>
<arg>MF</arg>
<arg>MG</arg>
<arg>MH</arg>
<arg>MK</arg>
<arg>ML</arg>
<arg>MM</arg>
<arg>MN</arg>
<arg>MO</arg>
<arg>MP</arg>
<arg>MQ</arg>
<arg>MR</arg>
<arg>MS</arg>
<arg>MT</arg>
<arg>MU</arg>
<arg>MV</arg>
<arg>MW</arg>
<arg>MX</arg>
<arg>MY</arg>
<arg>MZ</arg>
<arg>NA</arg>
<arg>NC</arg>
<arg>NE</arg>
<arg>NF</arg>
<arg>NG</arg>
<arg>NI</arg>
<arg>NL</arg>
<arg>NO</arg>
<arg>NP</arg>
<arg>NR</arg>
<arg>NU</arg>
<arg>NZ</arg>
<arg>OM</arg>
<arg>PA</arg>
<arg>PE</arg>
<arg>PF</arg>
<arg>PG</arg>
<arg>PH</arg>
<arg>PK</arg>
<arg>PL</arg>
<arg>PM</arg>
<arg>PN</arg>
<arg>PR</arg>
<arg>PS</arg>
<arg>PT</arg>
<arg>PW</arg>
<arg>PY</arg>
<arg>QA</arg>
<arg>RE</arg>
<arg>RO</arg>
<arg>RS</arg>
<arg>RU</arg>
<arg>RW</arg>
<arg>SA</arg>
<arg>SB</arg>
<arg>SC</arg>
<arg>SD</arg>
<arg>SE</arg>
<arg>SG</arg>
<arg>SH</arg>
<arg>SI</arg>
<arg>SJ</arg>
<arg>SK</arg>
<arg>SL</arg>
<arg>SM</arg>
<arg>SN</arg>
<arg>SO</arg>
<arg>SR</arg>
<arg>SS</arg>
<arg>ST</arg>
<arg>SV</arg>
<arg>SX</arg>
<arg>SY</arg>
<arg>SZ</arg>
<arg>TC</arg>
<arg>TD</arg>
<arg>TF</arg>
<arg>TG</arg>
<arg>TH</arg>
<arg>TJ</arg>
<arg>TK</arg>
<arg>TL</arg>
<arg>TM</arg>
<arg>TN</arg>
<arg>TO</arg>
<arg>TR</arg>
<arg>TT</arg>
<arg>TV</arg>
<arg>TW</arg>
<arg>TZ</arg>
<arg>UA</arg>
<arg>UG</arg>
<arg>UM</arg>
<arg>US</arg>
<arg>UY</arg>
<arg>UZ</arg>
<arg>VA</arg>
<arg>VC</arg>
<arg>VE</arg>
<arg>VG</arg>
<arg>VI</arg>
<arg>VN</arg>
<arg>VU</arg>
<arg>WF</arg>
<arg>WS</arg>
<arg>XK</arg>
<arg>YE</arg>
<arg>YT</arg>
<arg>ZA</arg>
<arg>ZM</arg>
<arg>ZW</arg>
<doc>Returns a list containing given items.</doc>
<status status="PASS" start="2024-07-03T12:29:10.199137" elapsed="0.000625"/>
</kw>
<kw name="List Should Contain Value" owner="Collections">
<arg>${list_country}</arg>
<arg>${name_country}</arg>
<doc>Fails if the ``value`` is not found from ``list``.</doc>
<status status="PASS" start="2024-07-03T12:29:10.200562" elapsed="0.000203"/>
</kw>
<kw name="Run Keyword If" owner="BuiltIn">
<kw name="Should Be True" owner="BuiltIn">
<arg>${True}</arg>
<doc>Fails if the given condition is not true.</doc>
<status status="PASS" start="2024-07-03T12:29:10.201690" elapsed="0.000140"/>
</kw>
<arg>${json_data["results"][0]["location"]["coordinates"]["latitude"]} &gt;= -90 and ${json_data["results"][0]["location"]["coordinates"]["latitude"]} &lt;= 90</arg>
<arg>Should Be True</arg>
<arg>${True}</arg>
<doc>Runs the given keyword with the given arguments, if ``condition`` is true.</doc>
<status status="PASS" start="2024-07-03T12:29:10.200959" elapsed="0.000994"/>
</kw>
<kw name="Run Keyword If" owner="BuiltIn">
<kw name="Should Be True" owner="BuiltIn">
<arg>${True}</arg>
<doc>Fails if the given condition is not true.</doc>
<status status="PASS" start="2024-07-03T12:29:10.202852" elapsed="0.000139"/>
</kw>
<arg>${json_data["results"][0]["location"]["coordinates"]["longitude"]} &gt;= -180 and ${json_data["results"][0]["location"]["coordinates"]["longitude"]} &lt;= 180</arg>
<arg>Should Be True</arg>
<arg>${True}</arg>
<doc>Runs the given keyword with the given arguments, if ``condition`` is true.</doc>
<status status="PASS" start="2024-07-03T12:29:10.202130" elapsed="0.000983"/>
</kw>
<status status="PASS" start="2024-07-03T12:29:10.100053" elapsed="0.103188"/>
</kw>
<doc>Testa o conteúdo específico dos campos retornados pela API.</doc>
<tag>testeConteudo</tag>
<status status="PASS" start="2024-07-03T12:29:10.099389" elapsed="0.103996"/>
</test>
<status status="PASS" start="2024-07-03T12:29:09.241927" elapsed="0.963343"/>
</suite>
<status status="PASS" start="2024-07-03T12:29:09.227292" elapsed="0.983052"/>
</suite>
<statistics>
<total>
<stat pass="5" fail="0" skip="0">All Tests</stat>
</total>
<tag>
<stat pass="1" fail="0" skip="0">testeConteudo</stat>
<stat pass="1" fail="0" skip="0">testeEstruturaResposta</stat>
<stat pass="1" fail="0" skip="0">testeRequisicaoBasica</stat>
<stat pass="1" fail="0" skip="0">testeTiposDados</stat>
</tag>
<suite>
<stat pass="5" fail="0" skip="0" id="s1" name="Tests">Tests</stat>
<stat pass="5" fail="0" skip="0" id="s1-s1" name="Random-User-Test">Tests.Random-User-Test</stat>
</suite>
</statistics>
<errors>
</errors>
</robot>
