<?xml version="1.0" encoding="UTF-8"?>
<robot generator="Robot 7.0 (Python 3.12.3 on linux)" generated="2024-04-17T05:13:32.175883" rpa="false" schemaversion="5">
<suite id="s1" name="Tests" source="/home/runner/work/DesafioQAItauRogerioJordao/DesafioQAItauRogerioJordao/RamdonUser/tests">
<suite id="s1-s1" name="Random-User-Test" source="/home/runner/work/DesafioQAItauRogerioJordao/DesafioQAItauRogerioJordao/RamdonUser/tests/random-user-test.robot">
<test id="s1-s1-t1" name="Conectar" line="13">
<kw name="Conectar API" owner="random-user-service">
<kw name="Create Session" owner="RequestsLibrary">
<msg time="2024-04-17T05:13:32.529870" level="INFO">Creating Session using : alias=consultarAPI, url=https://randomuser.me/, headers={},                     cookies={}, auth=None, timeout=None, proxies=None, verify=False,                     debug=0 </msg>
<arg>consultarAPI</arg>
<arg>${URL}</arg>
<doc>Create Session: create a HTTP session to a server</doc>
<status status="PASS" start="2024-04-17T05:13:32.529666" elapsed="0.000377"/>
</kw>
<status status="PASS" start="2024-04-17T05:13:32.528689" elapsed="0.001708"/>
</kw>
<status status="PASS" start="2024-04-17T05:13:32.528031" elapsed="0.002559"/>
</test>
<test id="s1-s1-t2" name="Validar retorno 200 e JSON Válido" line="16">
<kw name="Teste de Requisicao Basica" owner="random-user-service">
<kw name="GET On Session" owner="RequestsLibrary">
<msg time="2024-04-17T05:13:32.609575" level="INFO">GET Request : url=https://randomuser.me/api 
 path_url=/api 
 headers={'User-Agent': 'python-requests/2.31.0', 'Accept-Encoding': 'gzip, deflate', 'Accept': '*/*', 'Connection': 'keep-alive'} 
 body=None 
 </msg>
<msg time="2024-04-17T05:13:32.609683" level="INFO">GET Response : url=https://randomuser.me/api 
 status=200, reason=OK 
 headers={'Date': 'Wed, 17 Apr 2024 05:13:32 GMT', 'Content-Type': 'application/json; charset=utf-8', 'Transfer-Encoding': 'chunked', 'Connection': 'keep-alive', 'X-Powered-By': 'Express', 'Access-Control-Allow-Origin': '*', 'Cache-Control': 'no-cache', 'ETag': 'W/"474-I7/CBdbdRy/uaqZPHlzj/LewKCc"', 'Vary': 'Accept-Encoding', 'Content-Encoding': 'gzip', 'CF-Cache-Status': 'DYNAMIC', 'Report-To': '{"endpoints":[{"url":"https:\\/\\/a.nel.cloudflare.com\\/report\\/v4?s=o6QiJH6sbZrgauZ16L%2FlXcBL1idOmYJoM2FBrw6zThu%2FMBhI1gQ6brBUq3A8T7n%2BRNbCY3scrqnSyUTPcUCU4NBJA%2BuuxC2UbMOcqNUOCM16G7YYWC03PcoqY%2FWTkJBd"}],"group":"cf-nel","max_age":604800}', 'NEL': '{"success_fraction":0,"report_to":"cf-nel","max_age":604800}', 'Server': 'cloudflare', 'CF-RAY': '8759ed2a8bee222b-ORD', 'alt-svc': 'h3=":443"; ma=86400'} 
 body={"results":[{"gender":"female","name":{"title":"Miss","first":"Asmee","last":"Chiplunkar"},"location":{"street":{"number":2395,"name":"Mint St"},"city":"Kollam","state":"Tripura","country":"India","postcode":59618,"coordinates":{"latitude":"11.8948","longitude":"21.2015"},"timezone":{"offset":"-10:00","description":"Hawaii"}},"email":"asmee.chiplunkar@example.com","login":{"uuid":"2331388e-83b0-42a4-bd7a-2ec1edda6965","username":"purplecat935","password":"jasmine1","salt":"oSajOro1","md5":"d76f71f35adc92312b3f700662544da6","sha1":"a118c22ba8de851a70cf0d208ff6c61a8c605f0c","sha256":"ab099094916e69255eb97976ac7385a652a8c7bcc989c72cd4f82d11ec14ff4f"},"dob":{"date":"1987-05-16T02:23:17.684Z","age":36},"registered":{"date":"2004-03-12T05:53:11.623Z","age":20},"phone":"9864633659","cell":"8608027777","id":{"name":"UIDAI","value":"960408467371"},"picture":{"large":"https://randomuser.me/api/portraits/women/88.jpg","medium":"https://randomuser.me/api/portraits/med/women/88.jpg","thumbnail":"https://randomuser.me/api/portraits/thumb/women/88.jpg"},"nat":"IN"}],"info":{"seed":"2d1d787921153894","results":1,"page":1,"version":"1.4"}} 
 </msg>
<msg time="2024-04-17T05:13:32.609754" level="INFO">/opt/hostedtoolcache/Python/3.12.3/x64/lib/python3.12/site-packages/urllib3/connectionpool.py:1103: InsecureRequestWarning: Unverified HTTPS request is being made to host 'randomuser.me'. Adding certificate verification is strongly advised. See: https://urllib3.readthedocs.io/en/latest/advanced-usage.html#tls-warnings
  warnings.warn(</msg>
<msg time="2024-04-17T05:13:32.609883" level="INFO">${response} = &lt;Response [200]&gt;</msg>
<var>${response}</var>
<arg>consultarAPI</arg>
<arg>/api</arg>
<doc>Sends a GET request on a previously created HTTP Session.</doc>
<status status="PASS" start="2024-04-17T05:13:32.533304" elapsed="0.076617"/>
</kw>
<kw name="Should Be Equal As Numbers" owner="BuiltIn">
<msg time="2024-04-17T05:13:32.610709" level="INFO">Argument types are:
&lt;class 'int'&gt;
&lt;class 'str'&gt;</msg>
<arg>${response.status_code}</arg>
<arg>200</arg>
<doc>Fails if objects are unequal after converting them to real numbers.</doc>
<status status="PASS" start="2024-04-17T05:13:32.610308" elapsed="0.000463"/>
</kw>
<kw name="Log" owner="BuiltIn">
<msg time="2024-04-17T05:13:32.611474" level="INFO">200</msg>
<arg>${response.status_code}</arg>
<doc>Logs the given message with the given level.</doc>
<status status="PASS" start="2024-04-17T05:13:32.611114" elapsed="0.000402"/>
</kw>
<kw name="Set Variable" owner="BuiltIn">
<msg time="2024-04-17T05:13:32.612254" level="INFO">${json_data} = {'results': [{'gender': 'female', 'name': {'title': 'Miss', 'first': 'Asmee', 'last': 'Chiplunkar'}, 'location': {'street': {'number': 2395, 'name': 'Mint St'}, 'city': 'Kollam', 'state': 'Tripura', '...</msg>
<var>${json_data}</var>
<arg>${response.json()}</arg>
<doc>Returns the given values which can then be assigned to a variables.</doc>
<status status="PASS" start="2024-04-17T05:13:32.611819" elapsed="0.000463"/>
</kw>
<kw name="Dictionary Should Contain Key" owner="Collections">
<msg time="2024-04-17T05:13:32.612744" level="INFO">False</msg>
<arg>${json_data}</arg>
<arg>results</arg>
<doc>Fails if ``key`` is not found from ``dictionary``.</doc>
<status status="PASS" start="2024-04-17T05:13:32.612578" elapsed="0.000205"/>
</kw>
<status status="PASS" start="2024-04-17T05:13:32.533041" elapsed="0.079990"/>
</kw>
<doc>Testa se a API responde corretamente e retorna um objeto JSON válido.</doc>
<tag>testeRequisicaoBasica</tag>
<status status="PASS" start="2024-04-17T05:13:32.532495" elapsed="0.080704"/>
</test>
<test id="s1-s1-t3" name="Validar estrutura de resposta" line="22">
<kw name="Teste de Estrutura de Resposta" owner="random-user-service">
<kw name="GET On Session" owner="RequestsLibrary">
<msg time="2024-04-17T05:13:32.708707" level="INFO">GET Request : url=https://randomuser.me/api 
 path_url=/api 
 headers={'User-Agent': 'python-requests/2.31.0', 'Accept-Encoding': 'gzip, deflate', 'Accept': '*/*', 'Connection': 'keep-alive'} 
 body=None 
 </msg>
<msg time="2024-04-17T05:13:32.708788" level="INFO">GET Response : url=https://randomuser.me/api 
 status=200, reason=OK 
 headers={'Date': 'Wed, 17 Apr 2024 05:13:32 GMT', 'Content-Type': 'application/json; charset=utf-8', 'Transfer-Encoding': 'chunked', 'Connection': 'keep-alive', 'X-Powered-By': 'Express', 'Access-Control-Allow-Origin': '*', 'Cache-Control': 'no-cache', 'ETag': 'W/"47b-kcsDIKIkOMv+WqVfFntAnblg4mo"', 'Vary': 'Accept-Encoding', 'Content-Encoding': 'gzip', 'CF-Cache-Status': 'DYNAMIC', 'Report-To': '{"endpoints":[{"url":"https:\\/\\/a.nel.cloudflare.com\\/report\\/v4?s=EUil4kXaiRLIjTiQseb%2BccmZ3UXiTlg6DMafyHog4gHbOzu38Yw0vzt9b75xBW2jVSfjQoTBT3uxhPabTqSXbQlk2PVcBzr%2B8WBXwdIGpIDtBvPOeadUSfHHN1c3vAtK"}],"group":"cf-nel","max_age":604800}', 'NEL': '{"success_fraction":0,"report_to":"cf-nel","max_age":604800}', 'Server': 'cloudflare', 'CF-RAY': '8759ed2adc1a222b-ORD', 'alt-svc': 'h3=":443"; ma=86400'} 
 body={"results":[{"gender":"male","name":{"title":"Mr","first":"Ege","last":"Akbulut"},"location":{"street":{"number":1641,"name":"Atatürk Sk"},"city":"Muğla","state":"Yozgat","country":"Turkey","postcode":48591,"coordinates":{"latitude":"67.2670","longitude":"-11.9759"},"timezone":{"offset":"+1:00","description":"Brussels, Copenhagen, Madrid, Paris"}},"email":"ege.akbulut@example.com","login":{"uuid":"507209d6-9b35-44a8-b937-e796ab002029","username":"brownkoala889","password":"marlboro","salt":"MQnwsNHD","md5":"be7f97a9b98b61af7173c82f394a3248","sha1":"f256e7b382dd8e81b101d8ef84d52fabfe662fab","sha256":"776523851b4c6b0687f46a2454258267e40324a45d3d4e09c34c0ffa0ef367f8"},"dob":{"date":"1970-03-01T04:42:21.771Z","age":54},"registered":{"date":"2013-08-17T14:23:31.662Z","age":10},"phone":"(670)-010-1600","cell":"(936)-354-0061","id":{"name":"","value":null},"picture":{"large":"https://randomuser.me/api/portraits/men/41.jpg","medium":"https://randomuser.me/api/portraits/med/men/41.jpg","thumbnail":"https://randomuser.me/api/portraits/thumb/men/41.jpg"},"nat":"TR"}],"info":{"seed":"24df47605eb5d124","results":1,"page":1,"version":"1.4"}} 
 </msg>
<msg time="2024-04-17T05:13:32.708905" level="INFO">/opt/hostedtoolcache/Python/3.12.3/x64/lib/python3.12/site-packages/urllib3/connectionpool.py:1103: InsecureRequestWarning: Unverified HTTPS request is being made to host 'randomuser.me'. Adding certificate verification is strongly advised. See: https://urllib3.readthedocs.io/en/latest/advanced-usage.html#tls-warnings
  warnings.warn(</msg>
<msg time="2024-04-17T05:13:32.709041" level="INFO">${response} = &lt;Response [200]&gt;</msg>
<var>${response}</var>
<arg>consultarAPI</arg>
<arg>/api</arg>
<doc>Sends a GET request on a previously created HTTP Session.</doc>
<status status="PASS" start="2024-04-17T05:13:32.615742" elapsed="0.093352"/>
</kw>
<kw name="Set Variable" owner="BuiltIn">
<msg time="2024-04-17T05:13:32.710017" level="INFO">${json_data} = {'results': [{'gender': 'male', 'name': {'title': 'Mr', 'first': 'Ege', 'last': 'Akbulut'}, 'location': {'street': {'number': 1641, 'name': 'Atatürk Sk'}, 'city': 'Muğla', 'state': 'Yozgat', 'country'...</msg>
<var>${json_data}</var>
<arg>${response.json()}</arg>
<doc>Returns the given values which can then be assigned to a variables.</doc>
<status status="PASS" start="2024-04-17T05:13:32.709553" elapsed="0.000494"/>
</kw>
<kw name="Log" owner="BuiltIn">
<msg time="2024-04-17T05:13:32.710682" level="INFO">{'results': [{'gender': 'male', 'name': {'title': 'Mr', 'first': 'Ege', 'last': 'Akbulut'}, 'location': {'street': {'number': 1641, 'name': 'Atatürk Sk'}, 'city': 'Muğla', 'state': 'Yozgat', 'country': 'Turkey', 'postcode': 48591, 'coordinates': {'latitude': '67.2670', 'longitude': '-11.9759'}, 'timezone': {'offset': '+1:00', 'description': 'Brussels, Copenhagen, Madrid, Paris'}}, 'email': 'ege.akbulut@example.com', 'login': {'uuid': '507209d6-9b35-44a8-b937-e796ab002029', 'username': 'brownkoala889', 'password': 'marlboro', 'salt': 'MQnwsNHD', 'md5': 'be7f97a9b98b61af7173c82f394a3248', 'sha1': 'f256e7b382dd8e81b101d8ef84d52fabfe662fab', 'sha256': '776523851b4c6b0687f46a2454258267e40324a45d3d4e09c34c0ffa0ef367f8'}, 'dob': {'date': '1970-03-01T04:42:21.771Z', 'age': 54}, 'registered': {'date': '2013-08-17T14:23:31.662Z', 'age': 10}, 'phone': '(670)-010-1600', 'cell': '(936)-354-0061', 'id': {'name': '', 'value': None}, 'picture': {'large': 'https://randomuser.me/api/portraits/men/41.jpg', 'medium': 'https://randomuser.me/api/portraits/med/men/41.jpg', 'thumbnail': 'https://randomuser.me/api/portraits/thumb/men/41.jpg'}, 'nat': 'TR'}], 'info': {'seed': '24df47605eb5d124', 'results': 1, 'page': 1, 'version': '1.4'}}</msg>
<arg>${json_data}</arg>
<doc>Logs the given message with the given level.</doc>
<status status="PASS" start="2024-04-17T05:13:32.710446" elapsed="0.000316"/>
</kw>
<kw name="Dictionary Should Contain Key" owner="Collections">
<msg time="2024-04-17T05:13:32.711501" level="INFO">False</msg>
<arg>${json_data}</arg>
<arg>results</arg>
<doc>Fails if ``key`` is not found from ``dictionary``.</doc>
<status status="PASS" start="2024-04-17T05:13:32.711249" elapsed="0.000322"/>
</kw>
<kw name="Should Not Be Empty" owner="BuiltIn">
<msg time="2024-04-17T05:13:32.712266" level="INFO">Length is 2.</msg>
<arg>${json_data}</arg>
<doc>Verifies that the given item is not empty.</doc>
<status status="PASS" start="2024-04-17T05:13:32.712050" elapsed="0.000465"/>
</kw>
<kw name="Create List" owner="BuiltIn">
<msg time="2024-04-17T05:13:32.713200" level="INFO">${expected_keys} = ['gender', 'name', 'location', 'email', 'login']</msg>
<var>${expected_keys}</var>
<arg>gender</arg>
<arg>name</arg>
<arg>location</arg>
<arg>email</arg>
<arg>login</arg>
<doc>Returns a list containing given items.</doc>
<status status="PASS" start="2024-04-17T05:13:32.712970" elapsed="0.000274"/>
</kw>
<for flavor="IN">
<iter>
<kw name="Dictionary Should Contain Key" owner="Collections">
<msg time="2024-04-17T05:13:32.714808" level="INFO">False</msg>
<arg>${json_data['results'][0]}</arg>
<arg>${key}</arg>
<doc>Fails if ``key`` is not found from ``dictionary``.</doc>
<status status="PASS" start="2024-04-17T05:13:32.714171" elapsed="0.000680"/>
</kw>
<kw name="Log" owner="BuiltIn">
<msg time="2024-04-17T05:13:32.715553" level="INFO">{'gender': 'male', 'name': {'title': 'Mr', 'first': 'Ege', 'last': 'Akbulut'}, 'location': {'street': {'number': 1641, 'name': 'Atatürk Sk'}, 'city': 'Muğla', 'state': 'Yozgat', 'country': 'Turkey', 'postcode': 48591, 'coordinates': {'latitude': '67.2670', 'longitude': '-11.9759'}, 'timezone': {'offset': '+1:00', 'description': 'Brussels, Copenhagen, Madrid, Paris'}}, 'email': 'ege.akbulut@example.com', 'login': {'uuid': '507209d6-9b35-44a8-b937-e796ab002029', 'username': 'brownkoala889', 'password': 'marlboro', 'salt': 'MQnwsNHD', 'md5': 'be7f97a9b98b61af7173c82f394a3248', 'sha1': 'f256e7b382dd8e81b101d8ef84d52fabfe662fab', 'sha256': '776523851b4c6b0687f46a2454258267e40324a45d3d4e09c34c0ffa0ef367f8'}, 'dob': {'date': '1970-03-01T04:42:21.771Z', 'age': 54}, 'registered': {'date': '2013-08-17T14:23:31.662Z', 'age': 10}, 'phone': '(670)-010-1600', 'cell': '(936)-354-0061', 'id': {'name': '', 'value': None}, 'picture': {'large': 'https://randomuser.me/api/portraits/men/41.jpg', 'medium': 'https://randomuser.me/api/portraits/med/men/41.jpg', 'thumbnail': 'https://randomuser.me/api/portraits/thumb/men/41.jpg'}, 'nat': 'TR'}</msg>
<arg>${json_data['results'][0]}</arg>
<doc>Logs the given message with the given level.</doc>
<status status="PASS" start="2024-04-17T05:13:32.715163" elapsed="0.000441"/>
</kw>
<kw name="Log" owner="BuiltIn">
<msg time="2024-04-17T05:13:32.716040" level="INFO">gender</msg>
<arg>${key}</arg>
<doc>Logs the given message with the given level.</doc>
<status status="PASS" start="2024-04-17T05:13:32.715909" elapsed="0.000170"/>
</kw>
<var name="${key}">gender</var>
<status status="PASS" start="2024-04-17T05:13:32.713963" elapsed="0.002355"/>
</iter>
<iter>
<kw name="Dictionary Should Contain Key" owner="Collections">
<msg time="2024-04-17T05:13:32.717005" level="INFO">False</msg>
<arg>${json_data['results'][0]}</arg>
<arg>${key}</arg>
<doc>Fails if ``key`` is not found from ``dictionary``.</doc>
<status status="PASS" start="2024-04-17T05:13:32.716623" elapsed="0.000419"/>
</kw>
<kw name="Log" owner="BuiltIn">
<msg time="2024-04-17T05:13:32.717769" level="INFO">{'gender': 'male', 'name': {'title': 'Mr', 'first': 'Ege', 'last': 'Akbulut'}, 'location': {'street': {'number': 1641, 'name': 'Atatürk Sk'}, 'city': 'Muğla', 'state': 'Yozgat', 'country': 'Turkey', 'postcode': 48591, 'coordinates': {'latitude': '67.2670', 'longitude': '-11.9759'}, 'timezone': {'offset': '+1:00', 'description': 'Brussels, Copenhagen, Madrid, Paris'}}, 'email': 'ege.akbulut@example.com', 'login': {'uuid': '507209d6-9b35-44a8-b937-e796ab002029', 'username': 'brownkoala889', 'password': 'marlboro', 'salt': 'MQnwsNHD', 'md5': 'be7f97a9b98b61af7173c82f394a3248', 'sha1': 'f256e7b382dd8e81b101d8ef84d52fabfe662fab', 'sha256': '776523851b4c6b0687f46a2454258267e40324a45d3d4e09c34c0ffa0ef367f8'}, 'dob': {'date': '1970-03-01T04:42:21.771Z', 'age': 54}, 'registered': {'date': '2013-08-17T14:23:31.662Z', 'age': 10}, 'phone': '(670)-010-1600', 'cell': '(936)-354-0061', 'id': {'name': '', 'value': None}, 'picture': {'large': 'https://randomuser.me/api/portraits/men/41.jpg', 'medium': 'https://randomuser.me/api/portraits/med/men/41.jpg', 'thumbnail': 'https://randomuser.me/api/portraits/thumb/men/41.jpg'}, 'nat': 'TR'}</msg>
<arg>${json_data['results'][0]}</arg>
<doc>Logs the given message with the given level.</doc>
<status status="PASS" start="2024-04-17T05:13:32.717366" elapsed="0.000455"/>
</kw>
<kw name="Log" owner="BuiltIn">
<msg time="2024-04-17T05:13:32.718253" level="INFO">name</msg>
<arg>${key}</arg>
<doc>Logs the given message with the given level.</doc>
<status status="PASS" start="2024-04-17T05:13:32.718125" elapsed="0.000166"/>
</kw>
<var name="${key}">name</var>
<status status="PASS" start="2024-04-17T05:13:32.716505" elapsed="0.001998"/>
</iter>
<iter>
<kw name="Dictionary Should Contain Key" owner="Collections">
<msg time="2024-04-17T05:13:32.719175" level="INFO">False</msg>
<arg>${json_data['results'][0]}</arg>
<arg>${key}</arg>
<doc>Fails if ``key`` is not found from ``dictionary``.</doc>
<status status="PASS" start="2024-04-17T05:13:32.718792" elapsed="0.000420"/>
</kw>
<kw name="Log" owner="BuiltIn">
<msg time="2024-04-17T05:13:32.719876" level="INFO">{'gender': 'male', 'name': {'title': 'Mr', 'first': 'Ege', 'last': 'Akbulut'}, 'location': {'street': {'number': 1641, 'name': 'Atatürk Sk'}, 'city': 'Muğla', 'state': 'Yozgat', 'country': 'Turkey', 'postcode': 48591, 'coordinates': {'latitude': '67.2670', 'longitude': '-11.9759'}, 'timezone': {'offset': '+1:00', 'description': 'Brussels, Copenhagen, Madrid, Paris'}}, 'email': 'ege.akbulut@example.com', 'login': {'uuid': '507209d6-9b35-44a8-b937-e796ab002029', 'username': 'brownkoala889', 'password': 'marlboro', 'salt': 'MQnwsNHD', 'md5': 'be7f97a9b98b61af7173c82f394a3248', 'sha1': 'f256e7b382dd8e81b101d8ef84d52fabfe662fab', 'sha256': '776523851b4c6b0687f46a2454258267e40324a45d3d4e09c34c0ffa0ef367f8'}, 'dob': {'date': '1970-03-01T04:42:21.771Z', 'age': 54}, 'registered': {'date': '2013-08-17T14:23:31.662Z', 'age': 10}, 'phone': '(670)-010-1600', 'cell': '(936)-354-0061', 'id': {'name': '', 'value': None}, 'picture': {'large': 'https://randomuser.me/api/portraits/men/41.jpg', 'medium': 'https://randomuser.me/api/portraits/med/men/41.jpg', 'thumbnail': 'https://randomuser.me/api/portraits/thumb/men/41.jpg'}, 'nat': 'TR'}</msg>
<arg>${json_data['results'][0]}</arg>
<doc>Logs the given message with the given level.</doc>
<status status="PASS" start="2024-04-17T05:13:32.719510" elapsed="0.000416"/>
</kw>
<kw name="Log" owner="BuiltIn">
<msg time="2024-04-17T05:13:32.720339" level="INFO">location</msg>
<arg>${key}</arg>
<doc>Logs the given message with the given level.</doc>
<status status="PASS" start="2024-04-17T05:13:32.720215" elapsed="0.000162"/>
</kw>
<var name="${key}">location</var>
<status status="PASS" start="2024-04-17T05:13:32.718679" elapsed="0.001909"/>
</iter>
<iter>
<kw name="Dictionary Should Contain Key" owner="Collections">
<msg time="2024-04-17T05:13:32.721250" level="INFO">False</msg>
<arg>${json_data['results'][0]}</arg>
<arg>${key}</arg>
<doc>Fails if ``key`` is not found from ``dictionary``.</doc>
<status status="PASS" start="2024-04-17T05:13:32.720865" elapsed="0.000422"/>
</kw>
<kw name="Log" owner="BuiltIn">
<msg time="2024-04-17T05:13:32.721988" level="INFO">{'gender': 'male', 'name': {'title': 'Mr', 'first': 'Ege', 'last': 'Akbulut'}, 'location': {'street': {'number': 1641, 'name': 'Atatürk Sk'}, 'city': 'Muğla', 'state': 'Yozgat', 'country': 'Turkey', 'postcode': 48591, 'coordinates': {'latitude': '67.2670', 'longitude': '-11.9759'}, 'timezone': {'offset': '+1:00', 'description': 'Brussels, Copenhagen, Madrid, Paris'}}, 'email': 'ege.akbulut@example.com', 'login': {'uuid': '507209d6-9b35-44a8-b937-e796ab002029', 'username': 'brownkoala889', 'password': 'marlboro', 'salt': 'MQnwsNHD', 'md5': 'be7f97a9b98b61af7173c82f394a3248', 'sha1': 'f256e7b382dd8e81b101d8ef84d52fabfe662fab', 'sha256': '776523851b4c6b0687f46a2454258267e40324a45d3d4e09c34c0ffa0ef367f8'}, 'dob': {'date': '1970-03-01T04:42:21.771Z', 'age': 54}, 'registered': {'date': '2013-08-17T14:23:31.662Z', 'age': 10}, 'phone': '(670)-010-1600', 'cell': '(936)-354-0061', 'id': {'name': '', 'value': None}, 'picture': {'large': 'https://randomuser.me/api/portraits/men/41.jpg', 'medium': 'https://randomuser.me/api/portraits/med/men/41.jpg', 'thumbnail': 'https://randomuser.me/api/portraits/thumb/men/41.jpg'}, 'nat': 'TR'}</msg>
<arg>${json_data['results'][0]}</arg>
<doc>Logs the given message with the given level.</doc>
<status status="PASS" start="2024-04-17T05:13:32.721621" elapsed="0.000416"/>
</kw>
<kw name="Log" owner="BuiltIn">
<msg time="2024-04-17T05:13:32.722457" level="INFO">email</msg>
<arg>${key}</arg>
<doc>Logs the given message with the given level.</doc>
<status status="PASS" start="2024-04-17T05:13:32.722331" elapsed="0.000163"/>
</kw>
<var name="${key}">email</var>
<status status="PASS" start="2024-04-17T05:13:32.720756" elapsed="0.001956"/>
</iter>
<iter>
<kw name="Dictionary Should Contain Key" owner="Collections">
<msg time="2024-04-17T05:13:32.723363" level="INFO">False</msg>
<arg>${json_data['results'][0]}</arg>
<arg>${key}</arg>
<doc>Fails if ``key`` is not found from ``dictionary``.</doc>
<status status="PASS" start="2024-04-17T05:13:32.722986" elapsed="0.000414"/>
</kw>
<kw name="Log" owner="BuiltIn">
<msg time="2024-04-17T05:13:32.724048" level="INFO">{'gender': 'male', 'name': {'title': 'Mr', 'first': 'Ege', 'last': 'Akbulut'}, 'location': {'street': {'number': 1641, 'name': 'Atatürk Sk'}, 'city': 'Muğla', 'state': 'Yozgat', 'country': 'Turkey', 'postcode': 48591, 'coordinates': {'latitude': '67.2670', 'longitude': '-11.9759'}, 'timezone': {'offset': '+1:00', 'description': 'Brussels, Copenhagen, Madrid, Paris'}}, 'email': 'ege.akbulut@example.com', 'login': {'uuid': '507209d6-9b35-44a8-b937-e796ab002029', 'username': 'brownkoala889', 'password': 'marlboro', 'salt': 'MQnwsNHD', 'md5': 'be7f97a9b98b61af7173c82f394a3248', 'sha1': 'f256e7b382dd8e81b101d8ef84d52fabfe662fab', 'sha256': '776523851b4c6b0687f46a2454258267e40324a45d3d4e09c34c0ffa0ef367f8'}, 'dob': {'date': '1970-03-01T04:42:21.771Z', 'age': 54}, 'registered': {'date': '2013-08-17T14:23:31.662Z', 'age': 10}, 'phone': '(670)-010-1600', 'cell': '(936)-354-0061', 'id': {'name': '', 'value': None}, 'picture': {'large': 'https://randomuser.me/api/portraits/men/41.jpg', 'medium': 'https://randomuser.me/api/portraits/med/men/41.jpg', 'thumbnail': 'https://randomuser.me/api/portraits/thumb/men/41.jpg'}, 'nat': 'TR'}</msg>
<arg>${json_data['results'][0]}</arg>
<doc>Logs the given message with the given level.</doc>
<status status="PASS" start="2024-04-17T05:13:32.723688" elapsed="0.000409"/>
</kw>
<kw name="Log" owner="BuiltIn">
<msg time="2024-04-17T05:13:32.724504" level="INFO">login</msg>
<arg>${key}</arg>
<doc>Logs the given message with the given level.</doc>
<status status="PASS" start="2024-04-17T05:13:32.724381" elapsed="0.000160"/>
</kw>
<var name="${key}">login</var>
<status status="PASS" start="2024-04-17T05:13:32.722878" elapsed="0.001875"/>
</iter>
<var>${key}</var>
<value>@{expected_keys}</value>
<status status="PASS" start="2024-04-17T05:13:32.713674" elapsed="0.011227"/>
</for>
<kw name="Create List" owner="BuiltIn">
<msg time="2024-04-17T05:13:32.725227" level="INFO">${expected_keysTwo} = ['username', 'password']</msg>
<var>${expected_keysTwo}</var>
<arg>username</arg>
<arg>password</arg>
<doc>Returns a list containing given items.</doc>
<status status="PASS" start="2024-04-17T05:13:32.725095" elapsed="0.000155"/>
</kw>
<for flavor="IN">
<iter>
<kw name="Dictionary Should Contain Key" owner="Collections">
<msg time="2024-04-17T05:13:32.726172" level="INFO">False</msg>
<arg>${json_data['results'][0]['login']}</arg>
<arg>${keyTwo}</arg>
<doc>Fails if ``key`` is not found from ``dictionary``.</doc>
<status status="PASS" start="2024-04-17T05:13:32.725781" elapsed="0.000427"/>
</kw>
<kw name="Dictionary Should Contain Key" owner="Collections">
<msg time="2024-04-17T05:13:32.726875" level="INFO">False</msg>
<arg>${json_data['results'][0]['login']}</arg>
<arg>${keyTwo}</arg>
<doc>Fails if ``key`` is not found from ``dictionary``.</doc>
<status status="PASS" start="2024-04-17T05:13:32.726499" elapsed="0.000412"/>
</kw>
<kw name="Log" owner="BuiltIn">
<msg time="2024-04-17T05:13:32.727330" level="INFO">username</msg>
<arg>${keyTwo}</arg>
<doc>Logs the given message with the given level.</doc>
<status status="PASS" start="2024-04-17T05:13:32.727204" elapsed="0.000167"/>
</kw>
<var name="${keyTwo}">username</var>
<status status="PASS" start="2024-04-17T05:13:32.725673" elapsed="0.001911"/>
</iter>
<iter>
<kw name="Dictionary Should Contain Key" owner="Collections">
<msg time="2024-04-17T05:13:32.728322" level="INFO">False</msg>
<arg>${json_data['results'][0]['login']}</arg>
<arg>${keyTwo}</arg>
<doc>Fails if ``key`` is not found from ``dictionary``.</doc>
<status status="PASS" start="2024-04-17T05:13:32.727865" elapsed="0.000501"/>
</kw>
<kw name="Dictionary Should Contain Key" owner="Collections">
<msg time="2024-04-17T05:13:32.729028" level="INFO">False</msg>
<arg>${json_data['results'][0]['login']}</arg>
<arg>${keyTwo}</arg>
<doc>Fails if ``key`` is not found from ``dictionary``.</doc>
<status status="PASS" start="2024-04-17T05:13:32.728656" elapsed="0.000408"/>
</kw>
<kw name="Log" owner="BuiltIn">
<msg time="2024-04-17T05:13:32.729507" level="INFO">password</msg>
<arg>${keyTwo}</arg>
<doc>Logs the given message with the given level.</doc>
<status status="PASS" start="2024-04-17T05:13:32.729349" elapsed="0.000199"/>
</kw>
<var name="${keyTwo}">password</var>
<status status="PASS" start="2024-04-17T05:13:32.727753" elapsed="0.002015"/>
</iter>
<var>${keyTwo}</var>
<value>@{expected_keysTwo}</value>
<status status="PASS" start="2024-04-17T05:13:32.725513" elapsed="0.004374"/>
</for>
<status status="PASS" start="2024-04-17T05:13:32.615511" elapsed="0.114508"/>
</kw>
<doc>Testa a estrutura da resposta da API.</doc>
<tag>testeEstruturaResposta</tag>
<status status="PASS" start="2024-04-17T05:13:32.615023" elapsed="0.115142"/>
</test>
<test id="s1-s1-t4" name="Validar tipos de dados" line="28">
<kw name="Teste de Tipos de Dados" owner="random-user-service">
<kw name="GET On Session" owner="RequestsLibrary">
<msg time="2024-04-17T05:13:32.810299" level="INFO">GET Request : url=https://randomuser.me/api 
 path_url=/api 
 headers={'User-Agent': 'python-requests/2.31.0', 'Accept-Encoding': 'gzip, deflate', 'Accept': '*/*', 'Connection': 'keep-alive'} 
 body=None 
 </msg>
<msg time="2024-04-17T05:13:32.810376" level="INFO">GET Response : url=https://randomuser.me/api 
 status=200, reason=OK 
 headers={'Date': 'Wed, 17 Apr 2024 05:13:32 GMT', 'Content-Type': 'application/json; charset=utf-8', 'Transfer-Encoding': 'chunked', 'Connection': 'keep-alive', 'X-Powered-By': 'Express', 'Access-Control-Allow-Origin': '*', 'Cache-Control': 'no-cache', 'ETag': 'W/"483-rxU8o6foXdpJ1a0H85Ik8ggtBKI"', 'Vary': 'Accept-Encoding', 'Content-Encoding': 'gzip', 'CF-Cache-Status': 'DYNAMIC', 'Report-To': '{"endpoints":[{"url":"https:\\/\\/a.nel.cloudflare.com\\/report\\/v4?s=A%2FUgK%2Fz8y8m449xZJ83g6yhabrOxwPkaCz1yQFc7CCqlY6U5zfXBKhTyS8xntwrvqf3hZBihbndCN9K8bq5b4d7DEO2TuMfyxJNIow7AEfFhv1VRVtGJhlkpZduA7VWI"}],"group":"cf-nel","max_age":604800}', 'NEL': '{"success_fraction":0,"report_to":"cf-nel","max_age":604800}', 'Server': 'cloudflare', 'CF-RAY': '8759ed2b9caf222b-ORD', 'alt-svc': 'h3=":443"; ma=86400'} 
 body={"results":[{"gender":"male","name":{"title":"Mr","first":"Roberto","last":"Iglesias"},"location":{"street":{"number":4588,"name":"Calle de Toledo"},"city":"Móstoles","state":"Melilla","country":"Spain","postcode":77864,"coordinates":{"latitude":"-33.9982","longitude":"-61.9025"},"timezone":{"offset":"+6:00","description":"Almaty, Dhaka, Colombo"}},"email":"roberto.iglesias@example.com","login":{"uuid":"e7c7a9dc-9d71-4398-907f-71db8668991a","username":"heavyzebra529","password":"5555555","salt":"LYDgmMFe","md5":"3454d864dd4e191b7e80aaa0866eef5b","sha1":"f7fa36daf9f1f21a29d0d43316d2cae0a52d6cd4","sha256":"7e3b906ec1567536458c3b74ced793b4ce215f04bf3a011fd9b1826eee2cf837"},"dob":{"date":"1950-07-31T02:09:29.337Z","age":73},"registered":{"date":"2019-02-22T20:26:06.047Z","age":5},"phone":"954-456-506","cell":"631-744-306","id":{"name":"DNI","value":"10602165-W"},"picture":{"large":"https://randomuser.me/api/portraits/men/73.jpg","medium":"https://randomuser.me/api/portraits/med/men/73.jpg","thumbnail":"https://randomuser.me/api/portraits/thumb/men/73.jpg"},"nat":"ES"}],"info":{"seed":"58456b16403b6d01","results":1,"page":1,"version":"1.4"}} 
 </msg>
<msg time="2024-04-17T05:13:32.810447" level="INFO">/opt/hostedtoolcache/Python/3.12.3/x64/lib/python3.12/site-packages/urllib3/connectionpool.py:1103: InsecureRequestWarning: Unverified HTTPS request is being made to host 'randomuser.me'. Adding certificate verification is strongly advised. See: https://urllib3.readthedocs.io/en/latest/advanced-usage.html#tls-warnings
  warnings.warn(</msg>
<msg time="2024-04-17T05:13:32.810576" level="INFO">${response} = &lt;Response [200]&gt;</msg>
<var>${response}</var>
<arg>consultarAPI</arg>
<arg>/api</arg>
<doc>Sends a GET request on a previously created HTTP Session.</doc>
<status status="PASS" start="2024-04-17T05:13:32.732524" elapsed="0.078105"/>
</kw>
<kw name="Set Variable" owner="BuiltIn">
<msg time="2024-04-17T05:13:32.811465" level="INFO">${json_data} = {'results': [{'gender': 'male', 'name': {'title': 'Mr', 'first': 'Roberto', 'last': 'Iglesias'}, 'location': {'street': {'number': 4588, 'name': 'Calle de Toledo'}, 'city': 'Móstoles', 'state': 'Melil...</msg>
<var>${json_data}</var>
<arg>${response.json()}</arg>
<doc>Returns the given values which can then be assigned to a variables.</doc>
<status status="PASS" start="2024-04-17T05:13:32.811009" elapsed="0.000485"/>
</kw>
<kw name="Log" owner="BuiltIn">
<msg time="2024-04-17T05:13:32.811960" level="INFO">{'results': [{'gender': 'male', 'name': {'title': 'Mr', 'first': 'Roberto', 'last': 'Iglesias'}, 'location': {'street': {'number': 4588, 'name': 'Calle de Toledo'}, 'city': 'Móstoles', 'state': 'Melilla', 'country': 'Spain', 'postcode': 77864, 'coordinates': {'latitude': '-33.9982', 'longitude': '-61.9025'}, 'timezone': {'offset': '+6:00', 'description': 'Almaty, Dhaka, Colombo'}}, 'email': 'roberto.iglesias@example.com', 'login': {'uuid': 'e7c7a9dc-9d71-4398-907f-71db8668991a', 'username': 'heavyzebra529', 'password': '5555555', 'salt': 'LYDgmMFe', 'md5': '3454d864dd4e191b7e80aaa0866eef5b', 'sha1': 'f7fa36daf9f1f21a29d0d43316d2cae0a52d6cd4', 'sha256': '7e3b906ec1567536458c3b74ced793b4ce215f04bf3a011fd9b1826eee2cf837'}, 'dob': {'date': '1950-07-31T02:09:29.337Z', 'age': 73}, 'registered': {'date': '2019-02-22T20:26:06.047Z', 'age': 5}, 'phone': '954-456-506', 'cell': '631-744-306', 'id': {'name': 'DNI', 'value': '10602165-W'}, 'picture': {'large': 'https://randomuser.me/api/portraits/men/73.jpg', 'medium': 'https://randomuser.me/api/portraits/med/men/73.jpg', 'thumbnail': 'https://randomuser.me/api/portraits/thumb/men/73.jpg'}, 'nat': 'ES'}], 'info': {'seed': '58456b16403b6d01', 'results': 1, 'page': 1, 'version': '1.4'}}</msg>
<arg>${json_data}</arg>
<doc>Logs the given message with the given level.</doc>
<status status="PASS" start="2024-04-17T05:13:32.811806" elapsed="0.000232"/>
</kw>
<kw name="Should Be String" owner="String">
<arg>${json_data['results'][0]['gender']}</arg>
<doc>Fails if the given ``item`` is not a string.</doc>
<status status="PASS" start="2024-04-17T05:13:32.812334" elapsed="0.000358"/>
</kw>
<kw name="Should Match Regexp" owner="BuiltIn">
<arg>${json_data['results'][0]['email']}</arg>
<arg>^[a-zA-Z0-9._%+-]+@[a-zA-Z0-9.-]+\.[a-zA-Z]{2,}$</arg>
<doc>Fails if ``string`` does not match ``pattern`` as a regular expression.</doc>
<status status="PASS" start="2024-04-17T05:13:32.812881" elapsed="0.000496"/>
</kw>
<kw name="Should Match Regexp" owner="BuiltIn">
<arg>${json_data['results'][0]['dob']['date']}</arg>
<arg>\\d{4}-\\d{2}-\\d{2}T\\d{2}:\\d{2}:\\d{2}\\.\\d{3}Z</arg>
<doc>Fails if ``string`` does not match ``pattern`` as a regular expression.</doc>
<status status="PASS" start="2024-04-17T05:13:32.813623" elapsed="0.000490"/>
</kw>
<kw name="Should Match Regexp" owner="BuiltIn">
<arg>${json_data['results'][0]['registered']['date']}</arg>
<arg>\\d{4}-\\d{2}-\\d{2}T\\d{2}:\\d{2}:\\d{2}\\.\\d{3}Z</arg>
<doc>Fails if ``string`` does not match ``pattern`` as a regular expression.</doc>
<status status="PASS" start="2024-04-17T05:13:32.814301" elapsed="0.000370"/>
</kw>
<kw name="Should Match Regexp" owner="BuiltIn">
<arg>${json_data['results'][0]['picture']['large']}</arg>
<arg>^https?://.*\.(?:png|jpe?g|gif|bmp)$</arg>
<doc>Fails if ``string`` does not match ``pattern`` as a regular expression.</doc>
<status status="PASS" start="2024-04-17T05:13:32.814861" elapsed="0.000457"/>
</kw>
<kw name="Should Match Regexp" owner="BuiltIn">
<arg>${json_data['results'][0]['picture']['medium']}</arg>
<arg>^https?://.*\.(?:png|jpe?g|gif|bmp)$</arg>
<doc>Fails if ``string`` does not match ``pattern`` as a regular expression.</doc>
<status status="PASS" start="2024-04-17T05:13:32.815503" elapsed="0.000355"/>
</kw>
<kw name="Should Match Regexp" owner="BuiltIn">
<arg>${json_data['results'][0]['picture']['thumbnail']}</arg>
<arg>^https?://.*\.(?:png|jpe?g|gif|bmp)$</arg>
<doc>Fails if ``string`` does not match ``pattern`` as a regular expression.</doc>
<status status="PASS" start="2024-04-17T05:13:32.816046" elapsed="0.000346"/>
</kw>
<kw name="Log" owner="BuiltIn">
<msg time="2024-04-17T05:13:32.816892" level="INFO">{'large': 'https://randomuser.me/api/portraits/men/73.jpg', 'medium': 'https://randomuser.me/api/portraits/med/men/73.jpg', 'thumbnail': 'https://randomuser.me/api/portraits/thumb/men/73.jpg'}</msg>
<arg>${json_data['results'][0]['picture']}</arg>
<doc>Logs the given message with the given level.</doc>
<status status="PASS" start="2024-04-17T05:13:32.816571" elapsed="0.000361"/>
</kw>
<status status="PASS" start="2024-04-17T05:13:32.732305" elapsed="0.084873"/>
</kw>
<kw name="Teste de Tipos de Dados - Postcode" owner="random-user-service">
<kw name="GET On Session" owner="RequestsLibrary">
<msg time="2024-04-17T05:13:32.914506" level="INFO">GET Request : url=https://randomuser.me/api 
 path_url=/api 
 headers={'User-Agent': 'python-requests/2.31.0', 'Accept-Encoding': 'gzip, deflate', 'Accept': '*/*', 'Connection': 'keep-alive'} 
 body=None 
 </msg>
<msg time="2024-04-17T05:13:32.914586" level="INFO">GET Response : url=https://randomuser.me/api 
 status=200, reason=OK 
 headers={'Date': 'Wed, 17 Apr 2024 05:13:32 GMT', 'Content-Type': 'application/json; charset=utf-8', 'Transfer-Encoding': 'chunked', 'Connection': 'keep-alive', 'X-Powered-By': 'Express', 'Access-Control-Allow-Origin': '*', 'Cache-Control': 'no-cache', 'ETag': 'W/"49b-Xe209rh0Q2JLOdHYXNvOvsqSNt0"', 'Vary': 'Accept-Encoding', 'Content-Encoding': 'gzip', 'CF-Cache-Status': 'DYNAMIC', 'Report-To': '{"endpoints":[{"url":"https:\\/\\/a.nel.cloudflare.com\\/report\\/v4?s=nzYbXPa0OupiKOzgAvlY0%2FGNqzDkqspOK3CK65wp7kLQhAQ00u74DyOcFsk4xFLrv9nkB0v29p%2B1RvgX8YVyYbE33SfKgRDctVrEami%2F52LbO3QTULtAVuykOAivh2jK"}],"group":"cf-nel","max_age":604800}', 'NEL': '{"success_fraction":0,"report_to":"cf-nel","max_age":604800}', 'Server': 'cloudflare', 'CF-RAY': '8759ed2c2d21222b-ORD', 'alt-svc': 'h3=":443"; ma=86400'} 
 body={"results":[{"gender":"female","name":{"title":"Ms","first":"Stanislava","last":"Radivojević"},"location":{"street":{"number":3964,"name":"Drage Vukićevića"},"city":"Medveđa","state":"Prizren","country":"Serbia","postcode":85612,"coordinates":{"latitude":"60.3298","longitude":"15.2480"},"timezone":{"offset":"+2:00","description":"Kaliningrad, South Africa"}},"email":"stanislava.radivojevic@example.com","login":{"uuid":"c9e8627a-d8ee-49bf-b59e-55982ff59740","username":"tinyfrog411","password":"madrid","salt":"I64KR8pu","md5":"0f590f9794e13e42954aa4e39004b4a3","sha1":"51e6fbcf85b0bed63726beb1192c2ceeebff716c","sha256":"c53e80e359840ae1eb288d3a0ab0a3df00f69e7c28caf182c3812d43e6c3efee"},"dob":{"date":"1979-07-11T19:18:19.938Z","age":44},"registered":{"date":"2012-12-03T23:26:57.052Z","age":11},"phone":"039-3642-005","cell":"065-2515-745","id":{"name":"SID","value":"098350021"},"picture":{"large":"https://randomuser.me/api/portraits/women/12.jpg","medium":"https://randomuser.me/api/portraits/med/women/12.jpg","thumbnail":"https://randomuser.me/api/portraits/thumb/women/12.jpg"},"nat":"RS"}],"info":{"seed":"97e35cfcd0ea2f63","results":1,"page":1,"version":"1.4"}} 
 </msg>
<msg time="2024-04-17T05:13:32.914658" level="INFO">/opt/hostedtoolcache/Python/3.12.3/x64/lib/python3.12/site-packages/urllib3/connectionpool.py:1103: InsecureRequestWarning: Unverified HTTPS request is being made to host 'randomuser.me'. Adding certificate verification is strongly advised. See: https://urllib3.readthedocs.io/en/latest/advanced-usage.html#tls-warnings
  warnings.warn(</msg>
<msg time="2024-04-17T05:13:32.914791" level="INFO">${response} = &lt;Response [200]&gt;</msg>
<var>${response}</var>
<arg>consultarAPI</arg>
<arg>/api</arg>
<doc>Sends a GET request on a previously created HTTP Session.</doc>
<status status="PASS" start="2024-04-17T05:13:32.817638" elapsed="0.097203"/>
</kw>
<kw name="Set Variable" owner="BuiltIn">
<msg time="2024-04-17T05:13:32.915709" level="INFO">${json_data} = {'results': [{'gender': 'female', 'name': {'title': 'Ms', 'first': 'Stanislava', 'last': 'Radivojević'}, 'location': {'street': {'number': 3964, 'name': 'Drage Vukićevića'}, 'city': 'Medveđa', 'state'...</msg>
<var>${json_data}</var>
<arg>${response.json()}</arg>
<doc>Returns the given values which can then be assigned to a variables.</doc>
<status status="PASS" start="2024-04-17T05:13:32.915229" elapsed="0.000511"/>
</kw>
<kw name="Log" owner="BuiltIn">
<msg time="2024-04-17T05:13:32.916217" level="INFO">{'results': [{'gender': 'female', 'name': {'title': 'Ms', 'first': 'Stanislava', 'last': 'Radivojević'}, 'location': {'street': {'number': 3964, 'name': 'Drage Vukićevića'}, 'city': 'Medveđa', 'state': 'Prizren', 'country': 'Serbia', 'postcode': 85612, 'coordinates': {'latitude': '60.3298', 'longitude': '15.2480'}, 'timezone': {'offset': '+2:00', 'description': 'Kaliningrad, South Africa'}}, 'email': 'stanislava.radivojevic@example.com', 'login': {'uuid': 'c9e8627a-d8ee-49bf-b59e-55982ff59740', 'username': 'tinyfrog411', 'password': 'madrid', 'salt': 'I64KR8pu', 'md5': '0f590f9794e13e42954aa4e39004b4a3', 'sha1': '51e6fbcf85b0bed63726beb1192c2ceeebff716c', 'sha256': 'c53e80e359840ae1eb288d3a0ab0a3df00f69e7c28caf182c3812d43e6c3efee'}, 'dob': {'date': '1979-07-11T19:18:19.938Z', 'age': 44}, 'registered': {'date': '2012-12-03T23:26:57.052Z', 'age': 11}, 'phone': '039-3642-005', 'cell': '065-2515-745', 'id': {'name': 'SID', 'value': '098350021'}, 'picture': {'large': 'https://randomuser.me/api/portraits/women/12.jpg', 'medium': 'https://randomuser.me/api/portraits/med/women/12.jpg', 'thumbnail': 'https://randomuser.me/api/portraits/thumb/women/12.jpg'}, 'nat': 'RS'}], 'info': {'seed': '97e35cfcd0ea2f63', 'results': 1, 'page': 1, 'version': '1.4'}}</msg>
<arg>${json_data}</arg>
<doc>Logs the given message with the given level.</doc>
<status status="PASS" start="2024-04-17T05:13:32.916058" elapsed="0.000238"/>
</kw>
<kw name="Should Be Equal As Numbers" owner="BuiltIn">
<arg>${json_data['results'][0]['location']['postcode']}</arg>
<arg>${json_data['results'][0]['location']['postcode']}</arg>
<doc>Fails if objects are unequal after converting them to real numbers.</doc>
<status status="PASS" start="2024-04-17T05:13:32.916725" elapsed="0.000629"/>
</kw>
<kw name="Log" owner="BuiltIn">
<msg time="2024-04-17T05:13:32.917925" level="INFO">85612</msg>
<arg>${json_data['results'][0]['location']['postcode']}</arg>
<doc>Logs the given message with the given level.</doc>
<status status="PASS" start="2024-04-17T05:13:32.917576" elapsed="0.000389"/>
</kw>
<status status="PASS" start="2024-04-17T05:13:32.817384" elapsed="0.100828"/>
</kw>
<doc>Testa se os tipos de dados na resposta da API estão corretos.</doc>
<tag>testeTiposDados</tag>
<status status="PASS" start="2024-04-17T05:13:32.731892" elapsed="0.186478"/>
</test>
<test id="s1-s1-t5" name="Validar conteudo" line="35">
<kw name="Teste de Tipos de Conteudo" owner="random-user-service">
<kw name="GET On Session" owner="RequestsLibrary">
<msg time="2024-04-17T05:13:33.010076" level="INFO">GET Request : url=https://randomuser.me/api 
 path_url=/api 
 headers={'User-Agent': 'python-requests/2.31.0', 'Accept-Encoding': 'gzip, deflate', 'Accept': '*/*', 'Connection': 'keep-alive'} 
 body=None 
 </msg>
<msg time="2024-04-17T05:13:33.010151" level="INFO">GET Response : url=https://randomuser.me/api 
 status=200, reason=OK 
 headers={'Date': 'Wed, 17 Apr 2024 05:13:33 GMT', 'Content-Type': 'application/json; charset=utf-8', 'Transfer-Encoding': 'chunked', 'Connection': 'keep-alive', 'X-Powered-By': 'Express', 'Access-Control-Allow-Origin': '*', 'Cache-Control': 'no-cache', 'ETag': 'W/"489-MB5siu5VcwxR+kvr6RCbdkjUiLs"', 'Vary': 'Accept-Encoding', 'Content-Encoding': 'gzip', 'CF-Cache-Status': 'DYNAMIC', 'Report-To': '{"endpoints":[{"url":"https:\\/\\/a.nel.cloudflare.com\\/report\\/v4?s=noTbMcGXkkhDgRz2YGgLlZ%2B6KRk2v2IogAcXub1ZarWqtXfYrdFgIXtb2tKYoyHD91l5IVMPa1Tis%2BwKODnVKJO0zEnE7VDmHSQj8JNqLAEVozatDkknBhToGwzymWrv"}],"group":"cf-nel","max_age":604800}', 'NEL': '{"success_fraction":0,"report_to":"cf-nel","max_age":604800}', 'Server': 'cloudflare', 'CF-RAY': '8759ed2ccdce222b-ORD', 'alt-svc': 'h3=":443"; ma=86400'} 
 body={"results":[{"gender":"female","name":{"title":"Ms","first":"Debbie","last":"Sullivan"},"location":{"street":{"number":1120,"name":"Kingsway"},"city":"Southampton","state":"Dyfed","country":"United Kingdom","postcode":"O6C 0GQ","coordinates":{"latitude":"-12.6437","longitude":"13.7662"},"timezone":{"offset":"+5:45","description":"Kathmandu"}},"email":"debbie.sullivan@example.com","login":{"uuid":"4ecc15c5-fc14-47a1-8096-4a11c08bd30f","username":"happyfrog714","password":"moonligh","salt":"VerEPfsb","md5":"8ec1bab57f7afd998496067c2b7ae4b1","sha1":"0075e189b848eb3ffec494697a91fc768f1091f8","sha256":"144370447bb07a079bdc3b23af4947e1ef5ca2f3038f8e8d2a3d21e34c8cfd0d"},"dob":{"date":"1951-01-25T12:14:35.668Z","age":73},"registered":{"date":"2004-01-08T00:32:01.454Z","age":20},"phone":"027 4801 3443","cell":"07599 616021","id":{"name":"NINO","value":"SK 55 69 61 V"},"picture":{"large":"https://randomuser.me/api/portraits/women/72.jpg","medium":"https://randomuser.me/api/portraits/med/women/72.jpg","thumbnail":"https://randomuser.me/api/portraits/thumb/women/72.jpg"},"nat":"GB"}],"info":{"seed":"385f8f9d901eb325","results":1,"page":1,"version":"1.4"}} 
 </msg>
<msg time="2024-04-17T05:13:33.010217" level="INFO">/opt/hostedtoolcache/Python/3.12.3/x64/lib/python3.12/site-packages/urllib3/connectionpool.py:1103: InsecureRequestWarning: Unverified HTTPS request is being made to host 'randomuser.me'. Adding certificate verification is strongly advised. See: https://urllib3.readthedocs.io/en/latest/advanced-usage.html#tls-warnings
  warnings.warn(</msg>
<msg time="2024-04-17T05:13:33.010345" level="INFO">${response} = &lt;Response [200]&gt;</msg>
<var>${response}</var>
<arg>consultarAPI</arg>
<arg>/api</arg>
<doc>Sends a GET request on a previously created HTTP Session.</doc>
<status status="PASS" start="2024-04-17T05:13:32.920820" elapsed="0.089576"/>
</kw>
<kw name="Set Variable" owner="BuiltIn">
<msg time="2024-04-17T05:13:33.011224" level="INFO">${json_data} = {'results': [{'gender': 'female', 'name': {'title': 'Ms', 'first': 'Debbie', 'last': 'Sullivan'}, 'location': {'street': {'number': 1120, 'name': 'Kingsway'}, 'city': 'Southampton', 'state': 'Dyfed', ...</msg>
<var>${json_data}</var>
<arg>${response.json()}</arg>
<doc>Returns the given values which can then be assigned to a variables.</doc>
<status status="PASS" start="2024-04-17T05:13:33.010785" elapsed="0.000466"/>
</kw>
<kw name="Set Variable" owner="BuiltIn">
<msg time="2024-04-17T05:13:33.011925" level="INFO">${name_title} = Ms</msg>
<var>${name_title}</var>
<arg>${json_data["results"][0]["name"]["title"]}</arg>
<doc>Returns the given values which can then be assigned to a variables.</doc>
<status status="PASS" start="2024-04-17T05:13:33.011547" elapsed="0.000402"/>
</kw>
<kw name="Create List" owner="BuiltIn">
<msg time="2024-04-17T05:13:33.012383" level="INFO">${allowed_titles} = ['Mr', 'Ms', 'Miss', 'Mrs', 'Madame', 'Monsieur']</msg>
<var>${allowed_titles}</var>
<arg>Mr</arg>
<arg>Ms</arg>
<arg>Miss</arg>
<arg>Mrs</arg>
<arg>Madame</arg>
<arg>Monsieur</arg>
<doc>Returns a list containing given items.</doc>
<status status="PASS" start="2024-04-17T05:13:33.012237" elapsed="0.000170"/>
</kw>
<kw name="List Should Contain Value" owner="Collections">
<msg time="2024-04-17T05:13:33.012865" level="INFO">False</msg>
<arg>${allowed_titles}</arg>
<arg>${name_title}</arg>
<doc>Fails if the ``value`` is not found from ``list``.</doc>
<status status="PASS" start="2024-04-17T05:13:33.012699" elapsed="0.000222"/>
</kw>
<kw name="Set Variable" owner="BuiltIn">
<msg time="2024-04-17T05:13:33.013653" level="INFO">${name_country} = GB</msg>
<var>${name_country}</var>
<arg>${json_data["results"][0]["nat"]}</arg>
<doc>Returns the given values which can then be assigned to a variables.</doc>
<status status="PASS" start="2024-04-17T05:13:33.013227" elapsed="0.000451"/>
</kw>
<kw name="Create List" owner="BuiltIn">
<msg time="2024-04-17T05:13:33.014560" level="INFO">${list_country} = ['AD', 'AE', 'AF', 'AG', 'AI', 'AL', 'AM', 'AO', 'AQ', 'AR', 'AS', 'AT', 'AU', 'AW', 'AX', 'AZ', 'BA', 'BB', 'BD', 'BE', 'BF', 'BG', 'BH', 'BI', 'BJ', 'BL', 'BM', 'BN', 'BO', 'BQ', 'BR', 'BS', 'BT', '...</msg>
<var>${list_country}</var>
<arg>AD</arg>
<arg>AE</arg>
<arg>AF</arg>
<arg>AG</arg>
<arg>AI</arg>
<arg>AL</arg>
<arg>AM</arg>
<arg>AO</arg>
<arg>AQ</arg>
<arg>AR</arg>
<arg>AS</arg>
<arg>AT</arg>
<arg>AU</arg>
<arg>AW</arg>
<arg>AX</arg>
<arg>AZ</arg>
<arg>BA</arg>
<arg>BB</arg>
<arg>BD</arg>
<arg>BE</arg>
<arg>BF</arg>
<arg>BG</arg>
<arg>BH</arg>
<arg>BI</arg>
<arg>BJ</arg>
<arg>BL</arg>
<arg>BM</arg>
<arg>BN</arg>
<arg>BO</arg>
<arg>BQ</arg>
<arg>BR</arg>
<arg>BS</arg>
<arg>BT</arg>
<arg>BV</arg>
<arg>BW</arg>
<arg>BY</arg>
<arg>BZ</arg>
<arg>CA</arg>
<arg>CC</arg>
<arg>CD</arg>
<arg>CF</arg>
<arg>CG</arg>
<arg>CH</arg>
<arg>CI</arg>
<arg>CK</arg>
<arg>CL</arg>
<arg>CM</arg>
<arg>CN</arg>
<arg>CO</arg>
<arg>CR</arg>
<arg>CU</arg>
<arg>CV</arg>
<arg>CW</arg>
<arg>CX</arg>
<arg>CY</arg>
<arg>CZ</arg>
<arg>DE</arg>
<arg>DJ</arg>
<arg>DK</arg>
<arg>DM</arg>
<arg>DO</arg>
<arg>DZ</arg>
<arg>EC</arg>
<arg>EE</arg>
<arg>EG</arg>
<arg>EH</arg>
<arg>ER</arg>
<arg>ES</arg>
<arg>ET</arg>
<arg>FI</arg>
<arg>FJ</arg>
<arg>FK</arg>
<arg>FM</arg>
<arg>FO</arg>
<arg>FR</arg>
<arg>GA</arg>
<arg>GB</arg>
<arg>GD</arg>
<arg>GE</arg>
<arg>GF</arg>
<arg>GG</arg>
<arg>GH</arg>
<arg>GI</arg>
<arg>GL</arg>
<arg>GM</arg>
<arg>GN</arg>
<arg>GP</arg>
<arg>GQ</arg>
<arg>GR</arg>
<arg>GS</arg>
<arg>GT</arg>
<arg>GU</arg>
<arg>GW</arg>
<arg>GY</arg>
<arg>HK</arg>
<arg>HM</arg>
<arg>HN</arg>
<arg>HR</arg>
<arg>HT</arg>
<arg>HU</arg>
<arg>ID</arg>
<arg>IE</arg>
<arg>IL</arg>
<arg>IM</arg>
<arg>IN</arg>
<arg>IO</arg>
<arg>IQ</arg>
<arg>IR</arg>
<arg>IS</arg>
<arg>IT</arg>
<arg>JE</arg>
<arg>JM</arg>
<arg>JO</arg>
<arg>JP</arg>
<arg>KE</arg>
<arg>KG</arg>
<arg>KH</arg>
<arg>KI</arg>
<arg>KM</arg>
<arg>KN</arg>
<arg>KP</arg>
<arg>KR</arg>
<arg>KW</arg>
<arg>KY</arg>
<arg>KZ</arg>
<arg>LA</arg>
<arg>LB</arg>
<arg>LC</arg>
<arg>LI</arg>
<arg>LK</arg>
<arg>LR</arg>
<arg>LS</arg>
<arg>LT</arg>
<arg>LU</arg>
<arg>LV</arg>
<arg>LY</arg>
<arg>MA</arg>
<arg>MC</arg>
<arg>MD</arg>
<arg>ME</arg>
<arg>MF</arg>
<arg>MG</arg>
<arg>MH</arg>
<arg>MK</arg>
<arg>ML</arg>
<arg>MM</arg>
<arg>MN</arg>
<arg>MO</arg>
<arg>MP</arg>
<arg>MQ</arg>
<arg>MR</arg>
<arg>MS</arg>
<arg>MT</arg>
<arg>MU</arg>
<arg>MV</arg>
<arg>MW</arg>
<arg>MX</arg>
<arg>MY</arg>
<arg>MZ</arg>
<arg>NA</arg>
<arg>NC</arg>
<arg>NE</arg>
<arg>NF</arg>
<arg>NG</arg>
<arg>NI</arg>
<arg>NL</arg>
<arg>NO</arg>
<arg>NP</arg>
<arg>NR</arg>
<arg>NU</arg>
<arg>NZ</arg>
<arg>OM</arg>
<arg>PA</arg>
<arg>PE</arg>
<arg>PF</arg>
<arg>PG</arg>
<arg>PH</arg>
<arg>PK</arg>
<arg>PL</arg>
<arg>PM</arg>
<arg>PN</arg>
<arg>PR</arg>
<arg>PS</arg>
<arg>PT</arg>
<arg>PW</arg>
<arg>PY</arg>
<arg>QA</arg>
<arg>RE</arg>
<arg>RO</arg>
<arg>RS</arg>
<arg>RU</arg>
<arg>RW</arg>
<arg>SA</arg>
<arg>SB</arg>
<arg>SC</arg>
<arg>SD</arg>
<arg>SE</arg>
<arg>SG</arg>
<arg>SH</arg>
<arg>SI</arg>
<arg>SJ</arg>
<arg>SK</arg>
<arg>SL</arg>
<arg>SM</arg>
<arg>SN</arg>
<arg>SO</arg>
<arg>SR</arg>
<arg>SS</arg>
<arg>ST</arg>
<arg>SV</arg>
<arg>SX</arg>
<arg>SY</arg>
<arg>SZ</arg>
<arg>TC</arg>
<arg>TD</arg>
<arg>TF</arg>
<arg>TG</arg>
<arg>TH</arg>
<arg>TJ</arg>
<arg>TK</arg>
<arg>TL</arg>
<arg>TM</arg>
<arg>TN</arg>
<arg>TO</arg>
<arg>TR</arg>
<arg>TT</arg>
<arg>TV</arg>
<arg>TW</arg>
<arg>TZ</arg>
<arg>UA</arg>
<arg>UG</arg>
<arg>UM</arg>
<arg>US</arg>
<arg>UY</arg>
<arg>UZ</arg>
<arg>VA</arg>
<arg>VC</arg>
<arg>VE</arg>
<arg>VG</arg>
<arg>VI</arg>
<arg>VN</arg>
<arg>VU</arg>
<arg>WF</arg>
<arg>WS</arg>
<arg>XK</arg>
<arg>YE</arg>
<arg>YT</arg>
<arg>ZA</arg>
<arg>ZM</arg>
<arg>ZW</arg>
<doc>Returns a list containing given items.</doc>
<status status="PASS" start="2024-04-17T05:13:33.013978" elapsed="0.000607"/>
</kw>
<kw name="List Should Contain Value" owner="Collections">
<msg time="2024-04-17T05:13:33.015666" level="INFO">False</msg>
<arg>${list_country}</arg>
<arg>${name_country}</arg>
<doc>Fails if the ``value`` is not found from ``list``.</doc>
<status status="PASS" start="2024-04-17T05:13:33.015449" elapsed="0.000252"/>
</kw>
<kw name="Run Keyword If" owner="BuiltIn">
<kw name="Should Be True" owner="BuiltIn">
<arg>${True}</arg>
<doc>Fails if the given condition is not true.</doc>
<status status="PASS" start="2024-04-17T05:13:33.016755" elapsed="0.000240"/>
</kw>
<arg>${json_data["results"][0]["location"]["coordinates"]["latitude"]} &gt;= -90 and ${json_data["results"][0]["location"]["coordinates"]["latitude"]} &lt;= 90</arg>
<arg>Should Be True</arg>
<arg>${True}</arg>
<doc>Runs the given keyword with the given arguments, if ``condition`` is true.</doc>
<status status="PASS" start="2024-04-17T05:13:33.016007" elapsed="0.001119"/>
</kw>
<kw name="Run Keyword If" owner="BuiltIn">
<kw name="Should Be True" owner="BuiltIn">
<arg>${True}</arg>
<doc>Fails if the given condition is not true.</doc>
<status status="PASS" start="2024-04-17T05:13:33.018039" elapsed="0.000137"/>
</kw>
<arg>${json_data["results"][0]["location"]["coordinates"]["longitude"]} &gt;= -180 and ${json_data["results"][0]["location"]["coordinates"]["longitude"]} &lt;= 180</arg>
<arg>Should Be True</arg>
<arg>${True}</arg>
<doc>Runs the given keyword with the given arguments, if ``condition`` is true.</doc>
<status status="PASS" start="2024-04-17T05:13:33.017309" elapsed="0.000989"/>
</kw>
<status status="PASS" start="2024-04-17T05:13:32.920599" elapsed="0.097824"/>
</kw>
<doc>Testa o conteúdo específico dos campos retornados pela API.</doc>
<tag>testeConteudo</tag>
<status status="PASS" start="2024-04-17T05:13:32.920169" elapsed="0.098391"/>
</test>
<status status="PASS" start="2024-04-17T05:13:32.232733" elapsed="0.787716"/>
</suite>
<status status="PASS" start="2024-04-17T05:13:32.219280" elapsed="0.806226"/>
</suite>
<statistics>
<total>
<stat pass="5" fail="0" skip="0">All Tests</stat>
</total>
<tag>
<stat pass="1" fail="0" skip="0">testeConteudo</stat>
<stat pass="1" fail="0" skip="0">testeEstruturaResposta</stat>
<stat pass="1" fail="0" skip="0">testeRequisicaoBasica</stat>
<stat pass="1" fail="0" skip="0">testeTiposDados</stat>
</tag>
<suite>
<stat pass="5" fail="0" skip="0" id="s1" name="Tests">Tests</stat>
<stat pass="5" fail="0" skip="0" id="s1-s1" name="Random-User-Test">Tests.Random-User-Test</stat>
</suite>
</statistics>
<errors>
</errors>
</robot>
