<?xml version="1.0" encoding="UTF-8"?>
<robot generator="Robot 7.0 (Python 3.12.3 on linux)" generated="2024-05-22T18:19:08.268934" rpa="false" schemaversion="5">
<suite id="s1" name="Tests" source="/home/runner/work/DesafioQAItauRogerioJordao/DesafioQAItauRogerioJordao/RamdonUser/tests">
<suite id="s1-s1" name="Random-User-Test" source="/home/runner/work/DesafioQAItauRogerioJordao/DesafioQAItauRogerioJordao/RamdonUser/tests/random-user-test.robot">
<test id="s1-s1-t1" name="Conectar" line="13">
<kw name="Conectar API" owner="random-user-service">
<kw name="Create Session" owner="RequestsLibrary">
<msg time="2024-05-22T18:19:08.654294" level="INFO">Creating Session using : alias=consultarAPI, url=https://randomuser.me/, headers={},                     cookies={}, auth=None, timeout=None, proxies=None, verify=False,                     debug=0 </msg>
<arg>consultarAPI</arg>
<arg>${URL}</arg>
<doc>Create Session: create a HTTP session to a server</doc>
<status status="PASS" start="2024-05-22T18:19:08.654083" elapsed="0.000422"/>
</kw>
<status status="PASS" start="2024-05-22T18:19:08.653005" elapsed="0.001873"/>
</kw>
<status status="PASS" start="2024-05-22T18:19:08.652436" elapsed="0.002641"/>
</test>
<test id="s1-s1-t2" name="Validar retorno 200 e JSON Válido" line="16">
<kw name="Teste de Requisicao Basica" owner="random-user-service">
<kw name="GET On Session" owner="RequestsLibrary">
<msg time="2024-05-22T18:19:08.778095" level="INFO">GET Request : url=https://randomuser.me/api 
 path_url=/api 
 headers={'User-Agent': 'python-requests/2.32.2', 'Accept-Encoding': 'gzip, deflate', 'Accept': '*/*', 'Connection': 'keep-alive'} 
 body=None 
 </msg>
<msg time="2024-05-22T18:19:08.778264" level="INFO">GET Response : url=https://randomuser.me/api 
 status=200, reason=OK 
 headers={'Date': 'Wed, 22 May 2024 18:19:08 GMT', 'Content-Type': 'application/json; charset=utf-8', 'Transfer-Encoding': 'chunked', 'Connection': 'keep-alive', 'X-Powered-By': 'Express', 'Access-Control-Allow-Origin': '*', 'Cache-Control': 'no-cache', 'ETag': 'W/"4a6-O5gbe/yATzeTx0QzfmOQQKGk8tc"', 'Vary': 'Accept-Encoding', 'Content-Encoding': 'gzip', 'CF-Cache-Status': 'DYNAMIC', 'Report-To': '{"endpoints":[{"url":"https:\\/\\/a.nel.cloudflare.com\\/report\\/v4?s=4Tfg6YiNrNV8LNvOziwiL%2FtUMgykGwPG1%2Fay4M2tlXRdelf7n%2BoktV0y0JpOF1Iu3q8%2FbGKYY7Gt9n%2FhXXMrwg3WtglmXc6uod%2BqDuxytxylsbe%2FpCSrOHHdZfX2jeVF"}],"group":"cf-nel","max_age":604800}', 'NEL': '{"success_fraction":0,"report_to":"cf-nel","max_age":604800}', 'Server': 'cloudflare', 'CF-RAY': '887ed0134d9e7af7-SJC', 'alt-svc': 'h3=":443"; ma=86400'} 
 body={"results":[{"gender":"female","name":{"title":"Mrs","first":"Josephine","last":"Robertson"},"location":{"street":{"number":8951,"name":"Ranchview Dr"},"city":"Maitland","state":"South Australia","country":"Australia","postcode":3910,"coordinates":{"latitude":"-87.1318","longitude":"151.8020"},"timezone":{"offset":"+5:30","description":"Bombay, Calcutta, Madras, New Delhi"}},"email":"josephine.robertson@example.com","login":{"uuid":"7c5beb89-a486-4af3-ac6c-60216efc5697","username":"smallkoala137","password":"glenn","salt":"sHyO9pjV","md5":"0287d17c68d0a902a5c2b030b6363739","sha1":"13c2c3e0bf9d4b080c95c4a32e089a8e72540313","sha256":"46aebdcabf08f16e829dd07d8f29ab6af379817be7eb4c35cb6598e695eae65c"},"dob":{"date":"1953-05-16T19:49:47.248Z","age":71},"registered":{"date":"2003-12-23T20:20:48.925Z","age":20},"phone":"09-9733-6457","cell":"0491-483-351","id":{"name":"TFN","value":"950232967"},"picture":{"large":"https://randomuser.me/api/portraits/women/37.jpg","medium":"https://randomuser.me/api/portraits/med/women/37.jpg","thumbnail":"https://randomuser.me/api/portraits/thumb/women/37.jpg"},"nat":"AU"}],"info":{"seed":"3059c279745b2a80","results":1,"page":1,"version":"1.4"}} 
 </msg>
<msg time="2024-05-22T18:19:08.778352" level="INFO">/opt/hostedtoolcache/Python/3.12.3/x64/lib/python3.12/site-packages/urllib3/connectionpool.py:1103: InsecureRequestWarning: Unverified HTTPS request is being made to host 'randomuser.me'. Adding certificate verification is strongly advised. See: https://urllib3.readthedocs.io/en/latest/advanced-usage.html#tls-warnings
  warnings.warn(</msg>
<msg time="2024-05-22T18:19:08.778527" level="INFO">${response} = &lt;Response [200]&gt;</msg>
<var>${response}</var>
<arg>consultarAPI</arg>
<arg>/api</arg>
<doc>Sends a GET request on a previously created HTTP Session.</doc>
<status status="PASS" start="2024-05-22T18:19:08.657732" elapsed="0.120840"/>
</kw>
<kw name="Should Be Equal As Numbers" owner="BuiltIn">
<msg time="2024-05-22T18:19:08.779617" level="INFO">Argument types are:
&lt;class 'int'&gt;
&lt;class 'str'&gt;</msg>
<arg>${response.status_code}</arg>
<arg>200</arg>
<doc>Fails if objects are unequal after converting them to real numbers.</doc>
<status status="PASS" start="2024-05-22T18:19:08.779141" elapsed="0.000546"/>
</kw>
<kw name="Log" owner="BuiltIn">
<msg time="2024-05-22T18:19:08.780446" level="INFO">200</msg>
<arg>${response.status_code}</arg>
<doc>Logs the given message with the given level.</doc>
<status status="PASS" start="2024-05-22T18:19:08.780065" elapsed="0.000431"/>
</kw>
<kw name="Set Variable" owner="BuiltIn">
<msg time="2024-05-22T18:19:08.781274" level="INFO">${json_data} = {'results': [{'gender': 'female', 'name': {'title': 'Mrs', 'first': 'Josephine', 'last': 'Robertson'}, 'location': {'street': {'number': 8951, 'name': 'Ranchview Dr'}, 'city': 'Maitland', 'state': 'So...</msg>
<var>${json_data}</var>
<arg>${response.json()}</arg>
<doc>Returns the given values which can then be assigned to a variables.</doc>
<status status="PASS" start="2024-05-22T18:19:08.780824" elapsed="0.000478"/>
</kw>
<kw name="Dictionary Should Contain Key" owner="Collections">
<msg time="2024-05-22T18:19:08.781792" level="INFO">False</msg>
<arg>${json_data}</arg>
<arg>results</arg>
<doc>Fails if ``key`` is not found from ``dictionary``.</doc>
<status status="PASS" start="2024-05-22T18:19:08.781617" elapsed="0.000393"/>
</kw>
<status status="PASS" start="2024-05-22T18:19:08.657466" elapsed="0.124819"/>
</kw>
<doc>Testa se a API responde corretamente e retorna um objeto JSON válido.</doc>
<tag>testeRequisicaoBasica</tag>
<status status="PASS" start="2024-05-22T18:19:08.656984" elapsed="0.125523"/>
</test>
<test id="s1-s1-t3" name="Validar estrutura de resposta" line="22">
<kw name="Teste de Estrutura de Resposta" owner="random-user-service">
<kw name="GET On Session" owner="RequestsLibrary">
<msg time="2024-05-22T18:19:08.903743" level="INFO">GET Request : url=https://randomuser.me/api 
 path_url=/api 
 headers={'User-Agent': 'python-requests/2.32.2', 'Accept-Encoding': 'gzip, deflate', 'Accept': '*/*', 'Connection': 'keep-alive'} 
 body=None 
 </msg>
<msg time="2024-05-22T18:19:08.903851" level="INFO">GET Response : url=https://randomuser.me/api 
 status=200, reason=OK 
 headers={'Date': 'Wed, 22 May 2024 18:19:08 GMT', 'Content-Type': 'application/json; charset=utf-8', 'Transfer-Encoding': 'chunked', 'Connection': 'keep-alive', 'X-Powered-By': 'Express', 'Access-Control-Allow-Origin': '*', 'Cache-Control': 'no-cache', 'ETag': 'W/"478-c5vLjl9hee65GRMKEURnzn1JnzU"', 'Vary': 'Accept-Encoding', 'Content-Encoding': 'gzip', 'CF-Cache-Status': 'DYNAMIC', 'Report-To': '{"endpoints":[{"url":"https:\\/\\/a.nel.cloudflare.com\\/report\\/v4?s=ptoHIylVxm9HoUTKIQBsvQBXmxjdeL87%2Bg5y5WZd59eqMO6dqXlLqprxjSqfyYl1wcN8vMOoafJaXui98vjCL9mixRBzhHmzGtQqAqNvIiXnz2e7SJLc3F2Xwb1ewwJu"}],"group":"cf-nel","max_age":604800}', 'NEL': '{"success_fraction":0,"report_to":"cf-nel","max_age":604800}', 'Server': 'cloudflare', 'CF-RAY': '887ed013edf07af7-SJC', 'alt-svc': 'h3=":443"; ma=86400'} 
 body={"results":[{"gender":"female","name":{"title":"Ms","first":"Tina","last":"Rodić"},"location":{"street":{"number":385,"name":"Kosmajska"},"city":"Žabari","state":"Pirot","country":"Serbia","postcode":32085,"coordinates":{"latitude":"61.6846","longitude":"137.9704"},"timezone":{"offset":"+7:00","description":"Bangkok, Hanoi, Jakarta"}},"email":"tina.rodic@example.com","login":{"uuid":"eacd06f8-3d78-4cc4-80f1-58c5edc6c997","username":"beautifulfrog578","password":"zhua","salt":"YBHXVsaa","md5":"2755107efe0a6e8aa8dcf494f6d56f5e","sha1":"70b895bc072c898f52cc10535d3aceec4d7c3ef7","sha256":"37a057c305b2034310db2ee405748e39496a80edc62bcb9ddc931eda85ad1811"},"dob":{"date":"1987-10-12T15:49:50.434Z","age":36},"registered":{"date":"2008-07-12T13:14:06.112Z","age":15},"phone":"038-3766-461","cell":"062-2153-915","id":{"name":"SID","value":"985658542"},"picture":{"large":"https://randomuser.me/api/portraits/women/85.jpg","medium":"https://randomuser.me/api/portraits/med/women/85.jpg","thumbnail":"https://randomuser.me/api/portraits/thumb/women/85.jpg"},"nat":"RS"}],"info":{"seed":"ce99d8ecd2792010","results":1,"page":1,"version":"1.4"}} 
 </msg>
<msg time="2024-05-22T18:19:08.903988" level="INFO">/opt/hostedtoolcache/Python/3.12.3/x64/lib/python3.12/site-packages/urllib3/connectionpool.py:1103: InsecureRequestWarning: Unverified HTTPS request is being made to host 'randomuser.me'. Adding certificate verification is strongly advised. See: https://urllib3.readthedocs.io/en/latest/advanced-usage.html#tls-warnings
  warnings.warn(</msg>
<msg time="2024-05-22T18:19:08.904116" level="INFO">${response} = &lt;Response [200]&gt;</msg>
<var>${response}</var>
<arg>consultarAPI</arg>
<arg>/api</arg>
<doc>Sends a GET request on a previously created HTTP Session.</doc>
<status status="PASS" start="2024-05-22T18:19:08.785176" elapsed="0.118984"/>
</kw>
<kw name="Set Variable" owner="BuiltIn">
<msg time="2024-05-22T18:19:08.905271" level="INFO">${json_data} = {'results': [{'gender': 'female', 'name': {'title': 'Ms', 'first': 'Tina', 'last': 'Rodić'}, 'location': {'street': {'number': 385, 'name': 'Kosmajska'}, 'city': 'Žabari', 'state': 'Pirot', 'country':...</msg>
<var>${json_data}</var>
<arg>${response.json()}</arg>
<doc>Returns the given values which can then be assigned to a variables.</doc>
<status status="PASS" start="2024-05-22T18:19:08.904699" elapsed="0.000603"/>
</kw>
<kw name="Log" owner="BuiltIn">
<msg time="2024-05-22T18:19:08.905842" level="INFO">{'results': [{'gender': 'female', 'name': {'title': 'Ms', 'first': 'Tina', 'last': 'Rodić'}, 'location': {'street': {'number': 385, 'name': 'Kosmajska'}, 'city': 'Žabari', 'state': 'Pirot', 'country': 'Serbia', 'postcode': 32085, 'coordinates': {'latitude': '61.6846', 'longitude': '137.9704'}, 'timezone': {'offset': '+7:00', 'description': 'Bangkok, Hanoi, Jakarta'}}, 'email': 'tina.rodic@example.com', 'login': {'uuid': 'eacd06f8-3d78-4cc4-80f1-58c5edc6c997', 'username': 'beautifulfrog578', 'password': 'zhua', 'salt': 'YBHXVsaa', 'md5': '2755107efe0a6e8aa8dcf494f6d56f5e', 'sha1': '70b895bc072c898f52cc10535d3aceec4d7c3ef7', 'sha256': '37a057c305b2034310db2ee405748e39496a80edc62bcb9ddc931eda85ad1811'}, 'dob': {'date': '1987-10-12T15:49:50.434Z', 'age': 36}, 'registered': {'date': '2008-07-12T13:14:06.112Z', 'age': 15}, 'phone': '038-3766-461', 'cell': '062-2153-915', 'id': {'name': 'SID', 'value': '985658542'}, 'picture': {'large': 'https://randomuser.me/api/portraits/women/85.jpg', 'medium': 'https://randomuser.me/api/portraits/med/women/85.jpg', 'thumbnail': 'https://randomuser.me/api/portraits/thumb/women/85.jpg'}, 'nat': 'RS'}], 'info': {'seed': 'ce99d8ecd2792010', 'results': 1, 'page': 1, 'version': '1.4'}}</msg>
<arg>${json_data}</arg>
<doc>Logs the given message with the given level.</doc>
<status status="PASS" start="2024-05-22T18:19:08.905666" elapsed="0.000244"/>
</kw>
<kw name="Dictionary Should Contain Key" owner="Collections">
<msg time="2024-05-22T18:19:08.906439" level="INFO">False</msg>
<arg>${json_data}</arg>
<arg>results</arg>
<doc>Fails if ``key`` is not found from ``dictionary``.</doc>
<status status="PASS" start="2024-05-22T18:19:08.906231" elapsed="0.000253"/>
</kw>
<kw name="Should Not Be Empty" owner="BuiltIn">
<msg time="2024-05-22T18:19:08.906949" level="INFO">Length is 2.</msg>
<arg>${json_data}</arg>
<doc>Verifies that the given item is not empty.</doc>
<status status="PASS" start="2024-05-22T18:19:08.906811" elapsed="0.000178"/>
</kw>
<kw name="Create List" owner="BuiltIn">
<msg time="2024-05-22T18:19:08.907449" level="INFO">${expected_keys} = ['gender', 'name', 'location', 'email', 'login']</msg>
<var>${expected_keys}</var>
<arg>gender</arg>
<arg>name</arg>
<arg>location</arg>
<arg>email</arg>
<arg>login</arg>
<doc>Returns a list containing given items.</doc>
<status status="PASS" start="2024-05-22T18:19:08.907292" elapsed="0.000181"/>
</kw>
<for flavor="IN">
<iter>
<kw name="Dictionary Should Contain Key" owner="Collections">
<msg time="2024-05-22T18:19:08.908525" level="INFO">False</msg>
<arg>${json_data['results'][0]}</arg>
<arg>${key}</arg>
<doc>Fails if ``key`` is not found from ``dictionary``.</doc>
<status status="PASS" start="2024-05-22T18:19:08.908092" elapsed="0.000479"/>
</kw>
<kw name="Log" owner="BuiltIn">
<msg time="2024-05-22T18:19:08.909265" level="INFO">{'gender': 'female', 'name': {'title': 'Ms', 'first': 'Tina', 'last': 'Rodić'}, 'location': {'street': {'number': 385, 'name': 'Kosmajska'}, 'city': 'Žabari', 'state': 'Pirot', 'country': 'Serbia', 'postcode': 32085, 'coordinates': {'latitude': '61.6846', 'longitude': '137.9704'}, 'timezone': {'offset': '+7:00', 'description': 'Bangkok, Hanoi, Jakarta'}}, 'email': 'tina.rodic@example.com', 'login': {'uuid': 'eacd06f8-3d78-4cc4-80f1-58c5edc6c997', 'username': 'beautifulfrog578', 'password': 'zhua', 'salt': 'YBHXVsaa', 'md5': '2755107efe0a6e8aa8dcf494f6d56f5e', 'sha1': '70b895bc072c898f52cc10535d3aceec4d7c3ef7', 'sha256': '37a057c305b2034310db2ee405748e39496a80edc62bcb9ddc931eda85ad1811'}, 'dob': {'date': '1987-10-12T15:49:50.434Z', 'age': 36}, 'registered': {'date': '2008-07-12T13:14:06.112Z', 'age': 15}, 'phone': '038-3766-461', 'cell': '062-2153-915', 'id': {'name': 'SID', 'value': '985658542'}, 'picture': {'large': 'https://randomuser.me/api/portraits/women/85.jpg', 'medium': 'https://randomuser.me/api/portraits/med/women/85.jpg', 'thumbnail': 'https://randomuser.me/api/portraits/thumb/women/85.jpg'}, 'nat': 'RS'}</msg>
<arg>${json_data['results'][0]}</arg>
<doc>Logs the given message with the given level.</doc>
<status status="PASS" start="2024-05-22T18:19:08.908880" elapsed="0.000440"/>
</kw>
<kw name="Log" owner="BuiltIn">
<msg time="2024-05-22T18:19:08.909755" level="INFO">gender</msg>
<arg>${key}</arg>
<doc>Logs the given message with the given level.</doc>
<status status="PASS" start="2024-05-22T18:19:08.909625" elapsed="0.000169"/>
</kw>
<var name="${key}">gender</var>
<status status="PASS" start="2024-05-22T18:19:08.907958" elapsed="0.002055"/>
</iter>
<iter>
<kw name="Dictionary Should Contain Key" owner="Collections">
<msg time="2024-05-22T18:19:08.910745" level="INFO">False</msg>
<arg>${json_data['results'][0]}</arg>
<arg>${key}</arg>
<doc>Fails if ``key`` is not found from ``dictionary``.</doc>
<status status="PASS" start="2024-05-22T18:19:08.910331" elapsed="0.000452"/>
</kw>
<kw name="Log" owner="BuiltIn">
<msg time="2024-05-22T18:19:08.911484" level="INFO">{'gender': 'female', 'name': {'title': 'Ms', 'first': 'Tina', 'last': 'Rodić'}, 'location': {'street': {'number': 385, 'name': 'Kosmajska'}, 'city': 'Žabari', 'state': 'Pirot', 'country': 'Serbia', 'postcode': 32085, 'coordinates': {'latitude': '61.6846', 'longitude': '137.9704'}, 'timezone': {'offset': '+7:00', 'description': 'Bangkok, Hanoi, Jakarta'}}, 'email': 'tina.rodic@example.com', 'login': {'uuid': 'eacd06f8-3d78-4cc4-80f1-58c5edc6c997', 'username': 'beautifulfrog578', 'password': 'zhua', 'salt': 'YBHXVsaa', 'md5': '2755107efe0a6e8aa8dcf494f6d56f5e', 'sha1': '70b895bc072c898f52cc10535d3aceec4d7c3ef7', 'sha256': '37a057c305b2034310db2ee405748e39496a80edc62bcb9ddc931eda85ad1811'}, 'dob': {'date': '1987-10-12T15:49:50.434Z', 'age': 36}, 'registered': {'date': '2008-07-12T13:14:06.112Z', 'age': 15}, 'phone': '038-3766-461', 'cell': '062-2153-915', 'id': {'name': 'SID', 'value': '985658542'}, 'picture': {'large': 'https://randomuser.me/api/portraits/women/85.jpg', 'medium': 'https://randomuser.me/api/portraits/med/women/85.jpg', 'thumbnail': 'https://randomuser.me/api/portraits/thumb/women/85.jpg'}, 'nat': 'RS'}</msg>
<arg>${json_data['results'][0]}</arg>
<doc>Logs the given message with the given level.</doc>
<status status="PASS" start="2024-05-22T18:19:08.911114" elapsed="0.000424"/>
</kw>
<kw name="Log" owner="BuiltIn">
<msg time="2024-05-22T18:19:08.911980" level="INFO">name</msg>
<arg>${key}</arg>
<doc>Logs the given message with the given level.</doc>
<status status="PASS" start="2024-05-22T18:19:08.911846" elapsed="0.000174"/>
</kw>
<var name="${key}">name</var>
<status status="PASS" start="2024-05-22T18:19:08.910211" elapsed="0.002028"/>
</iter>
<iter>
<kw name="Dictionary Should Contain Key" owner="Collections">
<msg time="2024-05-22T18:19:08.912921" level="INFO">False</msg>
<arg>${json_data['results'][0]}</arg>
<arg>${key}</arg>
<doc>Fails if ``key`` is not found from ``dictionary``.</doc>
<status status="PASS" start="2024-05-22T18:19:08.912534" elapsed="0.000426"/>
</kw>
<kw name="Log" owner="BuiltIn">
<msg time="2024-05-22T18:19:08.913635" level="INFO">{'gender': 'female', 'name': {'title': 'Ms', 'first': 'Tina', 'last': 'Rodić'}, 'location': {'street': {'number': 385, 'name': 'Kosmajska'}, 'city': 'Žabari', 'state': 'Pirot', 'country': 'Serbia', 'postcode': 32085, 'coordinates': {'latitude': '61.6846', 'longitude': '137.9704'}, 'timezone': {'offset': '+7:00', 'description': 'Bangkok, Hanoi, Jakarta'}}, 'email': 'tina.rodic@example.com', 'login': {'uuid': 'eacd06f8-3d78-4cc4-80f1-58c5edc6c997', 'username': 'beautifulfrog578', 'password': 'zhua', 'salt': 'YBHXVsaa', 'md5': '2755107efe0a6e8aa8dcf494f6d56f5e', 'sha1': '70b895bc072c898f52cc10535d3aceec4d7c3ef7', 'sha256': '37a057c305b2034310db2ee405748e39496a80edc62bcb9ddc931eda85ad1811'}, 'dob': {'date': '1987-10-12T15:49:50.434Z', 'age': 36}, 'registered': {'date': '2008-07-12T13:14:06.112Z', 'age': 15}, 'phone': '038-3766-461', 'cell': '062-2153-915', 'id': {'name': 'SID', 'value': '985658542'}, 'picture': {'large': 'https://randomuser.me/api/portraits/women/85.jpg', 'medium': 'https://randomuser.me/api/portraits/med/women/85.jpg', 'thumbnail': 'https://randomuser.me/api/portraits/thumb/women/85.jpg'}, 'nat': 'RS'}</msg>
<arg>${json_data['results'][0]}</arg>
<doc>Logs the given message with the given level.</doc>
<status status="PASS" start="2024-05-22T18:19:08.913261" elapsed="0.000427"/>
</kw>
<kw name="Log" owner="BuiltIn">
<msg time="2024-05-22T18:19:08.914116" level="INFO">location</msg>
<arg>${key}</arg>
<doc>Logs the given message with the given level.</doc>
<status status="PASS" start="2024-05-22T18:19:08.913989" elapsed="0.000165"/>
</kw>
<var name="${key}">location</var>
<status status="PASS" start="2024-05-22T18:19:08.912419" elapsed="0.001957"/>
</iter>
<iter>
<kw name="Dictionary Should Contain Key" owner="Collections">
<msg time="2024-05-22T18:19:08.915206" level="INFO">False</msg>
<arg>${json_data['results'][0]}</arg>
<arg>${key}</arg>
<doc>Fails if ``key`` is not found from ``dictionary``.</doc>
<status status="PASS" start="2024-05-22T18:19:08.914697" elapsed="0.000549"/>
</kw>
<kw name="Log" owner="BuiltIn">
<msg time="2024-05-22T18:19:08.915919" level="INFO">{'gender': 'female', 'name': {'title': 'Ms', 'first': 'Tina', 'last': 'Rodić'}, 'location': {'street': {'number': 385, 'name': 'Kosmajska'}, 'city': 'Žabari', 'state': 'Pirot', 'country': 'Serbia', 'postcode': 32085, 'coordinates': {'latitude': '61.6846', 'longitude': '137.9704'}, 'timezone': {'offset': '+7:00', 'description': 'Bangkok, Hanoi, Jakarta'}}, 'email': 'tina.rodic@example.com', 'login': {'uuid': 'eacd06f8-3d78-4cc4-80f1-58c5edc6c997', 'username': 'beautifulfrog578', 'password': 'zhua', 'salt': 'YBHXVsaa', 'md5': '2755107efe0a6e8aa8dcf494f6d56f5e', 'sha1': '70b895bc072c898f52cc10535d3aceec4d7c3ef7', 'sha256': '37a057c305b2034310db2ee405748e39496a80edc62bcb9ddc931eda85ad1811'}, 'dob': {'date': '1987-10-12T15:49:50.434Z', 'age': 36}, 'registered': {'date': '2008-07-12T13:14:06.112Z', 'age': 15}, 'phone': '038-3766-461', 'cell': '062-2153-915', 'id': {'name': 'SID', 'value': '985658542'}, 'picture': {'large': 'https://randomuser.me/api/portraits/women/85.jpg', 'medium': 'https://randomuser.me/api/portraits/med/women/85.jpg', 'thumbnail': 'https://randomuser.me/api/portraits/thumb/women/85.jpg'}, 'nat': 'RS'}</msg>
<arg>${json_data['results'][0]}</arg>
<doc>Logs the given message with the given level.</doc>
<status status="PASS" start="2024-05-22T18:19:08.915551" elapsed="0.000428"/>
</kw>
<kw name="Log" owner="BuiltIn">
<msg time="2024-05-22T18:19:08.916413" level="INFO">email</msg>
<arg>${key}</arg>
<doc>Logs the given message with the given level.</doc>
<status status="PASS" start="2024-05-22T18:19:08.916282" elapsed="0.000170"/>
</kw>
<var name="${key}">email</var>
<status status="PASS" start="2024-05-22T18:19:08.914582" elapsed="0.002085"/>
</iter>
<iter>
<kw name="Dictionary Should Contain Key" owner="Collections">
<msg time="2024-05-22T18:19:08.917340" level="INFO">False</msg>
<arg>${json_data['results'][0]}</arg>
<arg>${key}</arg>
<doc>Fails if ``key`` is not found from ``dictionary``.</doc>
<status status="PASS" start="2024-05-22T18:19:08.916962" elapsed="0.000416"/>
</kw>
<kw name="Log" owner="BuiltIn">
<msg time="2024-05-22T18:19:08.918053" level="INFO">{'gender': 'female', 'name': {'title': 'Ms', 'first': 'Tina', 'last': 'Rodić'}, 'location': {'street': {'number': 385, 'name': 'Kosmajska'}, 'city': 'Žabari', 'state': 'Pirot', 'country': 'Serbia', 'postcode': 32085, 'coordinates': {'latitude': '61.6846', 'longitude': '137.9704'}, 'timezone': {'offset': '+7:00', 'description': 'Bangkok, Hanoi, Jakarta'}}, 'email': 'tina.rodic@example.com', 'login': {'uuid': 'eacd06f8-3d78-4cc4-80f1-58c5edc6c997', 'username': 'beautifulfrog578', 'password': 'zhua', 'salt': 'YBHXVsaa', 'md5': '2755107efe0a6e8aa8dcf494f6d56f5e', 'sha1': '70b895bc072c898f52cc10535d3aceec4d7c3ef7', 'sha256': '37a057c305b2034310db2ee405748e39496a80edc62bcb9ddc931eda85ad1811'}, 'dob': {'date': '1987-10-12T15:49:50.434Z', 'age': 36}, 'registered': {'date': '2008-07-12T13:14:06.112Z', 'age': 15}, 'phone': '038-3766-461', 'cell': '062-2153-915', 'id': {'name': 'SID', 'value': '985658542'}, 'picture': {'large': 'https://randomuser.me/api/portraits/women/85.jpg', 'medium': 'https://randomuser.me/api/portraits/med/women/85.jpg', 'thumbnail': 'https://randomuser.me/api/portraits/thumb/women/85.jpg'}, 'nat': 'RS'}</msg>
<arg>${json_data['results'][0]}</arg>
<doc>Logs the given message with the given level.</doc>
<status status="PASS" start="2024-05-22T18:19:08.917683" elapsed="0.000420"/>
</kw>
<kw name="Log" owner="BuiltIn">
<msg time="2024-05-22T18:19:08.918550" level="INFO">login</msg>
<arg>${key}</arg>
<doc>Logs the given message with the given level.</doc>
<status status="PASS" start="2024-05-22T18:19:08.918419" elapsed="0.000170"/>
</kw>
<var name="${key}">login</var>
<status status="PASS" start="2024-05-22T18:19:08.916847" elapsed="0.001961"/>
</iter>
<var>${key}</var>
<value>@{expected_keys}</value>
<status status="PASS" start="2024-05-22T18:19:08.907745" elapsed="0.011210"/>
</for>
<kw name="Create List" owner="BuiltIn">
<msg time="2024-05-22T18:19:08.919298" level="INFO">${expected_keysTwo} = ['username', 'password']</msg>
<var>${expected_keysTwo}</var>
<arg>username</arg>
<arg>password</arg>
<doc>Returns a list containing given items.</doc>
<status status="PASS" start="2024-05-22T18:19:08.919162" elapsed="0.000160"/>
</kw>
<for flavor="IN">
<iter>
<kw name="Dictionary Should Contain Key" owner="Collections">
<msg time="2024-05-22T18:19:08.920216" level="INFO">False</msg>
<arg>${json_data['results'][0]['login']}</arg>
<arg>${keyTwo}</arg>
<doc>Fails if ``key`` is not found from ``dictionary``.</doc>
<status status="PASS" start="2024-05-22T18:19:08.919834" elapsed="0.000419"/>
</kw>
<kw name="Dictionary Should Contain Key" owner="Collections">
<msg time="2024-05-22T18:19:08.920930" level="INFO">False</msg>
<arg>${json_data['results'][0]['login']}</arg>
<arg>${keyTwo}</arg>
<doc>Fails if ``key`` is not found from ``dictionary``.</doc>
<status status="PASS" start="2024-05-22T18:19:08.920552" elapsed="0.000415"/>
</kw>
<kw name="Log" owner="BuiltIn">
<msg time="2024-05-22T18:19:08.921392" level="INFO">username</msg>
<arg>${keyTwo}</arg>
<doc>Logs the given message with the given level.</doc>
<status status="PASS" start="2024-05-22T18:19:08.921264" elapsed="0.000165"/>
</kw>
<var name="${keyTwo}">username</var>
<status status="PASS" start="2024-05-22T18:19:08.919722" elapsed="0.001924"/>
</iter>
<iter>
<kw name="Dictionary Should Contain Key" owner="Collections">
<msg time="2024-05-22T18:19:08.922311" level="INFO">False</msg>
<arg>${json_data['results'][0]['login']}</arg>
<arg>${keyTwo}</arg>
<doc>Fails if ``key`` is not found from ``dictionary``.</doc>
<status status="PASS" start="2024-05-22T18:19:08.921928" elapsed="0.000420"/>
</kw>
<kw name="Dictionary Should Contain Key" owner="Collections">
<msg time="2024-05-22T18:19:08.923065" level="INFO">False</msg>
<arg>${json_data['results'][0]['login']}</arg>
<arg>${keyTwo}</arg>
<doc>Fails if ``key`` is not found from ``dictionary``.</doc>
<status status="PASS" start="2024-05-22T18:19:08.922693" elapsed="0.000409"/>
</kw>
<kw name="Log" owner="BuiltIn">
<msg time="2024-05-22T18:19:08.923526" level="INFO">password</msg>
<arg>${keyTwo}</arg>
<doc>Logs the given message with the given level.</doc>
<status status="PASS" start="2024-05-22T18:19:08.923397" elapsed="0.000166"/>
</kw>
<var name="${keyTwo}">password</var>
<status status="PASS" start="2024-05-22T18:19:08.921816" elapsed="0.001964"/>
</iter>
<var>${keyTwo}</var>
<value>@{expected_keysTwo}</value>
<status status="PASS" start="2024-05-22T18:19:08.919566" elapsed="0.004336"/>
</for>
<status status="PASS" start="2024-05-22T18:19:08.784924" elapsed="0.139123"/>
</kw>
<doc>Testa a estrutura da resposta da API.</doc>
<tag>testeEstruturaResposta</tag>
<status status="PASS" start="2024-05-22T18:19:08.784407" elapsed="0.139800"/>
</test>
<test id="s1-s1-t4" name="Validar tipos de dados" line="28">
<kw name="Teste de Tipos de Dados" owner="random-user-service">
<kw name="GET On Session" owner="RequestsLibrary">
<msg time="2024-05-22T18:19:09.019882" level="INFO">GET Request : url=https://randomuser.me/api 
 path_url=/api 
 headers={'User-Agent': 'python-requests/2.32.2', 'Accept-Encoding': 'gzip, deflate', 'Accept': '*/*', 'Connection': 'keep-alive'} 
 body=None 
 </msg>
<msg time="2024-05-22T18:19:09.019985" level="INFO">GET Response : url=https://randomuser.me/api 
 status=200, reason=OK 
 headers={'Date': 'Wed, 22 May 2024 18:19:09 GMT', 'Content-Type': 'application/json; charset=utf-8', 'Transfer-Encoding': 'chunked', 'Connection': 'keep-alive', 'X-Powered-By': 'Express', 'Access-Control-Allow-Origin': '*', 'Cache-Control': 'no-cache', 'ETag': 'W/"489-xDecVUNidSmTkU75MDCyZzZbbKk"', 'Vary': 'Accept-Encoding', 'Content-Encoding': 'gzip', 'CF-Cache-Status': 'DYNAMIC', 'Report-To': '{"endpoints":[{"url":"https:\\/\\/a.nel.cloudflare.com\\/report\\/v4?s=OBc1rVoSv%2FsPltGm8L4HY8O8m4cJZNgZ8RMsXunDKHcdMbDhFIwozMUofW4kpjT6IlACl%2BCx6P7qtLKw8FHBAyGlGqWUdOITtT5%2BVqjCVF5mTqndjzfkPNpdy2mFmwqq"}],"group":"cf-nel","max_age":604800}', 'NEL': '{"success_fraction":0,"report_to":"cf-nel","max_age":604800}', 'Server': 'cloudflare', 'CF-RAY': '887ed014ce8a7af7-SJC', 'alt-svc': 'h3=":443"; ma=86400'} 
 body={"results":[{"gender":"female","name":{"title":"Mrs","first":"Richa","last":"Taj"},"location":{"street":{"number":6549,"name":"Dwaraka Nagar"},"city":"Srinagar","state":"Haryana","country":"India","postcode":43258,"coordinates":{"latitude":"9.0163","longitude":"62.2455"},"timezone":{"offset":"+5:30","description":"Bombay, Calcutta, Madras, New Delhi"}},"email":"richa.taj@example.com","login":{"uuid":"af5ba4e5-5f11-435f-a854-707abef49217","username":"crazyladybug131","password":"flanker","salt":"9ehnw0AF","md5":"cea93b67dfff7fad5dde41f922c6c872","sha1":"6feea06de0803714a9371b34ff215b8f3f7d05aa","sha256":"aefb51a94eca7f67da242006ec630f7835a3f8e43f412b9945aa0358303a334c"},"dob":{"date":"1969-11-30T22:27:00.194Z","age":54},"registered":{"date":"2015-03-03T21:39:56.860Z","age":9},"phone":"9926114348","cell":"7142300777","id":{"name":"UIDAI","value":"489421882424"},"picture":{"large":"https://randomuser.me/api/portraits/women/67.jpg","medium":"https://randomuser.me/api/portraits/med/women/67.jpg","thumbnail":"https://randomuser.me/api/portraits/thumb/women/67.jpg"},"nat":"IN"}],"info":{"seed":"7aef68af829e470b","results":1,"page":1,"version":"1.4"}} 
 </msg>
<msg time="2024-05-22T18:19:09.020059" level="INFO">/opt/hostedtoolcache/Python/3.12.3/x64/lib/python3.12/site-packages/urllib3/connectionpool.py:1103: InsecureRequestWarning: Unverified HTTPS request is being made to host 'randomuser.me'. Adding certificate verification is strongly advised. See: https://urllib3.readthedocs.io/en/latest/advanced-usage.html#tls-warnings
  warnings.warn(</msg>
<msg time="2024-05-22T18:19:09.020177" level="INFO">${response} = &lt;Response [200]&gt;</msg>
<var>${response}</var>
<arg>consultarAPI</arg>
<arg>/api</arg>
<doc>Sends a GET request on a previously created HTTP Session.</doc>
<status status="PASS" start="2024-05-22T18:19:08.926729" elapsed="0.093488"/>
</kw>
<kw name="Set Variable" owner="BuiltIn">
<msg time="2024-05-22T18:19:09.021388" level="INFO">${json_data} = {'results': [{'gender': 'female', 'name': {'title': 'Mrs', 'first': 'Richa', 'last': 'Taj'}, 'location': {'street': {'number': 6549, 'name': 'Dwaraka Nagar'}, 'city': 'Srinagar', 'state': 'Haryana', '...</msg>
<var>${json_data}</var>
<arg>${response.json()}</arg>
<doc>Returns the given values which can then be assigned to a variables.</doc>
<status status="PASS" start="2024-05-22T18:19:09.020801" elapsed="0.000616"/>
</kw>
<kw name="Log" owner="BuiltIn">
<msg time="2024-05-22T18:19:09.021929" level="INFO">{'results': [{'gender': 'female', 'name': {'title': 'Mrs', 'first': 'Richa', 'last': 'Taj'}, 'location': {'street': {'number': 6549, 'name': 'Dwaraka Nagar'}, 'city': 'Srinagar', 'state': 'Haryana', 'country': 'India', 'postcode': 43258, 'coordinates': {'latitude': '9.0163', 'longitude': '62.2455'}, 'timezone': {'offset': '+5:30', 'description': 'Bombay, Calcutta, Madras, New Delhi'}}, 'email': 'richa.taj@example.com', 'login': {'uuid': 'af5ba4e5-5f11-435f-a854-707abef49217', 'username': 'crazyladybug131', 'password': 'flanker', 'salt': '9ehnw0AF', 'md5': 'cea93b67dfff7fad5dde41f922c6c872', 'sha1': '6feea06de0803714a9371b34ff215b8f3f7d05aa', 'sha256': 'aefb51a94eca7f67da242006ec630f7835a3f8e43f412b9945aa0358303a334c'}, 'dob': {'date': '1969-11-30T22:27:00.194Z', 'age': 54}, 'registered': {'date': '2015-03-03T21:39:56.860Z', 'age': 9}, 'phone': '9926114348', 'cell': '7142300777', 'id': {'name': 'UIDAI', 'value': '489421882424'}, 'picture': {'large': 'https://randomuser.me/api/portraits/women/67.jpg', 'medium': 'https://randomuser.me/api/portraits/med/women/67.jpg', 'thumbnail': 'https://randomuser.me/api/portraits/thumb/women/67.jpg'}, 'nat': 'IN'}], 'info': {'seed': '7aef68af829e470b', 'results': 1, 'page': 1, 'version': '1.4'}}</msg>
<arg>${json_data}</arg>
<doc>Logs the given message with the given level.</doc>
<status status="PASS" start="2024-05-22T18:19:09.021756" elapsed="0.000234"/>
</kw>
<kw name="Should Be String" owner="String">
<arg>${json_data['results'][0]['gender']}</arg>
<doc>Fails if the given ``item`` is not a string.</doc>
<status status="PASS" start="2024-05-22T18:19:09.022332" elapsed="0.000417"/>
</kw>
<kw name="Should Match Regexp" owner="BuiltIn">
<arg>${json_data['results'][0]['email']}</arg>
<arg>^[a-zA-Z0-9._%+-]+@[a-zA-Z0-9.-]+\.[a-zA-Z]{2,}$</arg>
<doc>Fails if ``string`` does not match ``pattern`` as a regular expression.</doc>
<status status="PASS" start="2024-05-22T18:19:09.022966" elapsed="0.000679"/>
</kw>
<kw name="Should Match Regexp" owner="BuiltIn">
<arg>${json_data['results'][0]['dob']['date']}</arg>
<arg>\\d{4}-\\d{2}-\\d{2}T\\d{2}:\\d{2}:\\d{2}\\.\\d{3}Z</arg>
<doc>Fails if ``string`` does not match ``pattern`` as a regular expression.</doc>
<status status="PASS" start="2024-05-22T18:19:09.023849" elapsed="0.000491"/>
</kw>
<kw name="Should Match Regexp" owner="BuiltIn">
<arg>${json_data['results'][0]['registered']['date']}</arg>
<arg>\\d{4}-\\d{2}-\\d{2}T\\d{2}:\\d{2}:\\d{2}\\.\\d{3}Z</arg>
<doc>Fails if ``string`` does not match ``pattern`` as a regular expression.</doc>
<status status="PASS" start="2024-05-22T18:19:09.024536" elapsed="0.000371"/>
</kw>
<kw name="Should Match Regexp" owner="BuiltIn">
<arg>${json_data['results'][0]['picture']['large']}</arg>
<arg>^https?://.*\.(?:png|jpe?g|gif|bmp)$</arg>
<doc>Fails if ``string`` does not match ``pattern`` as a regular expression.</doc>
<status status="PASS" start="2024-05-22T18:19:09.025099" elapsed="0.000465"/>
</kw>
<kw name="Should Match Regexp" owner="BuiltIn">
<arg>${json_data['results'][0]['picture']['medium']}</arg>
<arg>^https?://.*\.(?:png|jpe?g|gif|bmp)$</arg>
<doc>Fails if ``string`` does not match ``pattern`` as a regular expression.</doc>
<status status="PASS" start="2024-05-22T18:19:09.025757" elapsed="0.000360"/>
</kw>
<kw name="Should Match Regexp" owner="BuiltIn">
<arg>${json_data['results'][0]['picture']['thumbnail']}</arg>
<arg>^https?://.*\.(?:png|jpe?g|gif|bmp)$</arg>
<doc>Fails if ``string`` does not match ``pattern`` as a regular expression.</doc>
<status status="PASS" start="2024-05-22T18:19:09.026322" elapsed="0.000395"/>
</kw>
<kw name="Log" owner="BuiltIn">
<msg time="2024-05-22T18:19:09.027235" level="INFO">{'large': 'https://randomuser.me/api/portraits/women/67.jpg', 'medium': 'https://randomuser.me/api/portraits/med/women/67.jpg', 'thumbnail': 'https://randomuser.me/api/portraits/thumb/women/67.jpg'}</msg>
<arg>${json_data['results'][0]['picture']}</arg>
<doc>Logs the given message with the given level.</doc>
<status status="PASS" start="2024-05-22T18:19:09.026906" elapsed="0.000371"/>
</kw>
<status status="PASS" start="2024-05-22T18:19:08.926473" elapsed="0.101062"/>
</kw>
<kw name="Teste de Tipos de Dados - Postcode" owner="random-user-service">
<kw name="GET On Session" owner="RequestsLibrary">
<msg time="2024-05-22T18:19:09.120125" level="INFO">GET Request : url=https://randomuser.me/api 
 path_url=/api 
 headers={'User-Agent': 'python-requests/2.32.2', 'Accept-Encoding': 'gzip, deflate', 'Accept': '*/*', 'Connection': 'keep-alive'} 
 body=None 
 </msg>
<msg time="2024-05-22T18:19:09.120237" level="INFO">GET Response : url=https://randomuser.me/api 
 status=200, reason=OK 
 headers={'Date': 'Wed, 22 May 2024 18:19:09 GMT', 'Content-Type': 'application/json; charset=utf-8', 'Transfer-Encoding': 'chunked', 'Connection': 'keep-alive', 'X-Powered-By': 'Express', 'Access-Control-Allow-Origin': '*', 'Cache-Control': 'no-cache', 'ETag': 'W/"484-7Tvu0SCeaAt2SMAzupIlsaBJ8Dc"', 'Vary': 'Accept-Encoding', 'Content-Encoding': 'gzip', 'CF-Cache-Status': 'DYNAMIC', 'Report-To': '{"endpoints":[{"url":"https:\\/\\/a.nel.cloudflare.com\\/report\\/v4?s=Oqv3mIHZ%2B%2FGiZLUXmFx8GZQcBO4TS3Musb2yIDwxdxNTqU20396M%2FhO4H8RjQmy8aEQr4dm1wiHDoRriNZOGT48LB1t0zaeWaefh3ua%2Bxa9sR0qFKMWvVHtL7b3RsBWp"}],"group":"cf-nel","max_age":604800}', 'NEL': '{"success_fraction":0,"report_to":"cf-nel","max_age":604800}', 'Server': 'cloudflare', 'CF-RAY': '887ed0157eef7af7-SJC', 'alt-svc': 'h3=":443"; ma=86400'} 
 body={"results":[{"gender":"male","name":{"title":"Mr","first":"Nihal","last":"Koçyiğit"},"location":{"street":{"number":7199,"name":"Abanoz Sk"},"city":"Çankırı","state":"Afyonkarahisar","country":"Turkey","postcode":83189,"coordinates":{"latitude":"70.9535","longitude":"-147.4626"},"timezone":{"offset":"-7:00","description":"Mountain Time (US &amp; Canada)"}},"email":"nihal.kocyigit@example.com","login":{"uuid":"c82b630d-dbd5-45a5-b3c7-24c2f6d97889","username":"silverladybug238","password":"buzz","salt":"1Q3vvNv7","md5":"b342d95781ad027c7ba600cfdfaeeec0","sha1":"a0bd9ca3a76000d429450d9b363145fdf5b3dd77","sha256":"5cfba260c9c38cfedee53271bb649c90de6a8e814102b2c9f80b0ffaaa256c68"},"dob":{"date":"1961-08-29T21:11:20.245Z","age":62},"registered":{"date":"2017-12-30T21:20:19.987Z","age":6},"phone":"(948)-545-5669","cell":"(977)-028-9778","id":{"name":"","value":null},"picture":{"large":"https://randomuser.me/api/portraits/men/15.jpg","medium":"https://randomuser.me/api/portraits/med/men/15.jpg","thumbnail":"https://randomuser.me/api/portraits/thumb/men/15.jpg"},"nat":"TR"}],"info":{"seed":"a935963c3f40f8bc","results":1,"page":1,"version":"1.4"}} 
 </msg>
<msg time="2024-05-22T18:19:09.120326" level="INFO">/opt/hostedtoolcache/Python/3.12.3/x64/lib/python3.12/site-packages/urllib3/connectionpool.py:1103: InsecureRequestWarning: Unverified HTTPS request is being made to host 'randomuser.me'. Adding certificate verification is strongly advised. See: https://urllib3.readthedocs.io/en/latest/advanced-usage.html#tls-warnings
  warnings.warn(</msg>
<msg time="2024-05-22T18:19:09.120454" level="INFO">${response} = &lt;Response [200]&gt;</msg>
<var>${response}</var>
<arg>consultarAPI</arg>
<arg>/api</arg>
<doc>Sends a GET request on a previously created HTTP Session.</doc>
<status status="PASS" start="2024-05-22T18:19:09.028000" elapsed="0.092495"/>
</kw>
<kw name="Set Variable" owner="BuiltIn">
<msg time="2024-05-22T18:19:09.121672" level="INFO">${json_data} = {'results': [{'gender': 'male', 'name': {'title': 'Mr', 'first': 'Nihal', 'last': 'Koçyiğit'}, 'location': {'street': {'number': 7199, 'name': 'Abanoz Sk'}, 'city': 'Çankırı', 'state': 'Afyonkarahisar...</msg>
<var>${json_data}</var>
<arg>${response.json()}</arg>
<doc>Returns the given values which can then be assigned to a variables.</doc>
<status status="PASS" start="2024-05-22T18:19:09.121111" elapsed="0.000592"/>
</kw>
<kw name="Log" owner="BuiltIn">
<msg time="2024-05-22T18:19:09.122186" level="INFO">{'results': [{'gender': 'male', 'name': {'title': 'Mr', 'first': 'Nihal', 'last': 'Koçyiğit'}, 'location': {'street': {'number': 7199, 'name': 'Abanoz Sk'}, 'city': 'Çankırı', 'state': 'Afyonkarahisar', 'country': 'Turkey', 'postcode': 83189, 'coordinates': {'latitude': '70.9535', 'longitude': '-147.4626'}, 'timezone': {'offset': '-7:00', 'description': 'Mountain Time (US &amp; Canada)'}}, 'email': 'nihal.kocyigit@example.com', 'login': {'uuid': 'c82b630d-dbd5-45a5-b3c7-24c2f6d97889', 'username': 'silverladybug238', 'password': 'buzz', 'salt': '1Q3vvNv7', 'md5': 'b342d95781ad027c7ba600cfdfaeeec0', 'sha1': 'a0bd9ca3a76000d429450d9b363145fdf5b3dd77', 'sha256': '5cfba260c9c38cfedee53271bb649c90de6a8e814102b2c9f80b0ffaaa256c68'}, 'dob': {'date': '1961-08-29T21:11:20.245Z', 'age': 62}, 'registered': {'date': '2017-12-30T21:20:19.987Z', 'age': 6}, 'phone': '(948)-545-5669', 'cell': '(977)-028-9778', 'id': {'name': '', 'value': None}, 'picture': {'large': 'https://randomuser.me/api/portraits/men/15.jpg', 'medium': 'https://randomuser.me/api/portraits/med/men/15.jpg', 'thumbnail': 'https://randomuser.me/api/portraits/thumb/men/15.jpg'}, 'nat': 'TR'}], 'info': {'seed': 'a935963c3f40f8bc', 'results': 1, 'page': 1, 'version': '1.4'}}</msg>
<arg>${json_data}</arg>
<doc>Logs the given message with the given level.</doc>
<status status="PASS" start="2024-05-22T18:19:09.122021" elapsed="0.000229"/>
</kw>
<kw name="Should Be Equal As Numbers" owner="BuiltIn">
<arg>${json_data['results'][0]['location']['postcode']}</arg>
<arg>${json_data['results'][0]['location']['postcode']}</arg>
<doc>Fails if objects are unequal after converting them to real numbers.</doc>
<status status="PASS" start="2024-05-22T18:19:09.122611" elapsed="0.000668"/>
</kw>
<kw name="Log" owner="BuiltIn">
<msg time="2024-05-22T18:19:09.123811" level="INFO">83189</msg>
<arg>${json_data['results'][0]['location']['postcode']}</arg>
<doc>Logs the given message with the given level.</doc>
<status status="PASS" start="2024-05-22T18:19:09.123475" elapsed="0.000377"/>
</kw>
<status status="PASS" start="2024-05-22T18:19:09.027766" elapsed="0.096347"/>
</kw>
<doc>Testa se os tipos de dados na resposta da API estão corretos.</doc>
<tag>testeTiposDados</tag>
<status status="PASS" start="2024-05-22T18:19:08.925967" elapsed="0.198316"/>
</test>
<test id="s1-s1-t5" name="Validar conteudo" line="35">
<kw name="Teste de Tipos de Conteudo" owner="random-user-service">
<kw name="GET On Session" owner="RequestsLibrary">
<msg time="2024-05-22T18:19:09.229260" level="INFO">GET Request : url=https://randomuser.me/api 
 path_url=/api 
 headers={'User-Agent': 'python-requests/2.32.2', 'Accept-Encoding': 'gzip, deflate', 'Accept': '*/*', 'Connection': 'keep-alive'} 
 body=None 
 </msg>
<msg time="2024-05-22T18:19:09.229390" level="INFO">GET Response : url=https://randomuser.me/api 
 status=200, reason=OK 
 headers={'Date': 'Wed, 22 May 2024 18:19:09 GMT', 'Content-Type': 'application/json; charset=utf-8', 'Transfer-Encoding': 'chunked', 'Connection': 'keep-alive', 'X-Powered-By': 'Express', 'Access-Control-Allow-Origin': '*', 'Cache-Control': 'no-cache', 'ETag': 'W/"47e-nh5AmTTFP9tmkWVkFIB2bO3lmLA"', 'Vary': 'Accept-Encoding', 'Content-Encoding': 'gzip', 'CF-Cache-Status': 'DYNAMIC', 'Report-To': '{"endpoints":[{"url":"https:\\/\\/a.nel.cloudflare.com\\/report\\/v4?s=RotSfvsnDda96hsWFULRwYLNyv1F88YGCU0PzzrUE1gEc1p%2F%2FkzCn%2F277tCA5Cbp56utEc%2FHtyVUhXGcatKROVQPLTwSa71PN0k9rbPhGUpKHSPGb3WruaXmwtsCSoQP"}],"group":"cf-nel","max_age":604800}', 'NEL': '{"success_fraction":0,"report_to":"cf-nel","max_age":604800}', 'Server': 'cloudflare', 'CF-RAY': '887ed0160f607af7-SJC', 'alt-svc': 'h3=":443"; ma=86400'} 
 body={"results":[{"gender":"male","name":{"title":"Mr","first":"Özkan","last":"Atakol"},"location":{"street":{"number":915,"name":"Şehitler Cd"},"city":"Denizli","state":"Amasya","country":"Turkey","postcode":28333,"coordinates":{"latitude":"70.5949","longitude":"-165.0479"},"timezone":{"offset":"-4:00","description":"Atlantic Time (Canada), Caracas, La Paz"}},"email":"ozkan.atakol@example.com","login":{"uuid":"e1415303-7b7f-4524-bb70-89b8f2e71b13","username":"lazybird570","password":"plato","salt":"BTC8whqC","md5":"1493ba819e8b7572f67e4ee696da46fc","sha1":"e5f0d49a5e9153e9cc0a82aa7d52e77d56f52812","sha256":"60af7e3fef2ba76cde987c0a16aff1e14abecda282cc9147fa635bd2d0245210"},"dob":{"date":"1977-04-05T16:16:58.535Z","age":47},"registered":{"date":"2017-02-01T11:37:34.890Z","age":7},"phone":"(918)-406-0153","cell":"(496)-993-7033","id":{"name":"","value":null},"picture":{"large":"https://randomuser.me/api/portraits/men/50.jpg","medium":"https://randomuser.me/api/portraits/med/men/50.jpg","thumbnail":"https://randomuser.me/api/portraits/thumb/men/50.jpg"},"nat":"TR"}],"info":{"seed":"2cba77566ce37f03","results":1,"page":1,"version":"1.4"}} 
 </msg>
<msg time="2024-05-22T18:19:09.229471" level="INFO">/opt/hostedtoolcache/Python/3.12.3/x64/lib/python3.12/site-packages/urllib3/connectionpool.py:1103: InsecureRequestWarning: Unverified HTTPS request is being made to host 'randomuser.me'. Adding certificate verification is strongly advised. See: https://urllib3.readthedocs.io/en/latest/advanced-usage.html#tls-warnings
  warnings.warn(</msg>
<msg time="2024-05-22T18:19:09.229604" level="INFO">${response} = &lt;Response [200]&gt;</msg>
<var>${response}</var>
<arg>consultarAPI</arg>
<arg>/api</arg>
<doc>Sends a GET request on a previously created HTTP Session.</doc>
<status status="PASS" start="2024-05-22T18:19:09.126862" elapsed="0.102781"/>
</kw>
<kw name="Set Variable" owner="BuiltIn">
<msg time="2024-05-22T18:19:09.230918" level="INFO">${json_data} = {'results': [{'gender': 'male', 'name': {'title': 'Mr', 'first': 'Özkan', 'last': 'Atakol'}, 'location': {'street': {'number': 915, 'name': 'Şehitler Cd'}, 'city': 'Denizli', 'state': 'Amasya', 'count...</msg>
<var>${json_data}</var>
<arg>${response.json()}</arg>
<doc>Returns the given values which can then be assigned to a variables.</doc>
<status status="PASS" start="2024-05-22T18:19:09.230293" elapsed="0.000656"/>
</kw>
<kw name="Set Variable" owner="BuiltIn">
<msg time="2024-05-22T18:19:09.231642" level="INFO">${name_title} = Mr</msg>
<var>${name_title}</var>
<arg>${json_data["results"][0]["name"]["title"]}</arg>
<doc>Returns the given values which can then be assigned to a variables.</doc>
<status status="PASS" start="2024-05-22T18:19:09.231261" elapsed="0.000406"/>
</kw>
<kw name="Create List" owner="BuiltIn">
<msg time="2024-05-22T18:19:09.232122" level="INFO">${allowed_titles} = ['Mr', 'Ms', 'Miss', 'Mrs', 'Madame', 'Monsieur']</msg>
<var>${allowed_titles}</var>
<arg>Mr</arg>
<arg>Ms</arg>
<arg>Miss</arg>
<arg>Mrs</arg>
<arg>Madame</arg>
<arg>Monsieur</arg>
<doc>Returns a list containing given items.</doc>
<status status="PASS" start="2024-05-22T18:19:09.231972" elapsed="0.000174"/>
</kw>
<kw name="List Should Contain Value" owner="Collections">
<msg time="2024-05-22T18:19:09.232625" level="INFO">False</msg>
<arg>${allowed_titles}</arg>
<arg>${name_title}</arg>
<doc>Fails if the ``value`` is not found from ``list``.</doc>
<status status="PASS" start="2024-05-22T18:19:09.232450" elapsed="0.000212"/>
</kw>
<kw name="Set Variable" owner="BuiltIn">
<msg time="2024-05-22T18:19:09.233515" level="INFO">${name_country} = TR</msg>
<var>${name_country}</var>
<arg>${json_data["results"][0]["nat"]}</arg>
<doc>Returns the given values which can then be assigned to a variables.</doc>
<status status="PASS" start="2024-05-22T18:19:09.232954" elapsed="0.000587"/>
</kw>
<kw name="Create List" owner="BuiltIn">
<msg time="2024-05-22T18:19:09.234484" level="INFO">${list_country} = ['AD', 'AE', 'AF', 'AG', 'AI', 'AL', 'AM', 'AO', 'AQ', 'AR', 'AS', 'AT', 'AU', 'AW', 'AX', 'AZ', 'BA', 'BB', 'BD', 'BE', 'BF', 'BG', 'BH', 'BI', 'BJ', 'BL', 'BM', 'BN', 'BO', 'BQ', 'BR', 'BS', 'BT', '...</msg>
<var>${list_country}</var>
<arg>AD</arg>
<arg>AE</arg>
<arg>AF</arg>
<arg>AG</arg>
<arg>AI</arg>
<arg>AL</arg>
<arg>AM</arg>
<arg>AO</arg>
<arg>AQ</arg>
<arg>AR</arg>
<arg>AS</arg>
<arg>AT</arg>
<arg>AU</arg>
<arg>AW</arg>
<arg>AX</arg>
<arg>AZ</arg>
<arg>BA</arg>
<arg>BB</arg>
<arg>BD</arg>
<arg>BE</arg>
<arg>BF</arg>
<arg>BG</arg>
<arg>BH</arg>
<arg>BI</arg>
<arg>BJ</arg>
<arg>BL</arg>
<arg>BM</arg>
<arg>BN</arg>
<arg>BO</arg>
<arg>BQ</arg>
<arg>BR</arg>
<arg>BS</arg>
<arg>BT</arg>
<arg>BV</arg>
<arg>BW</arg>
<arg>BY</arg>
<arg>BZ</arg>
<arg>CA</arg>
<arg>CC</arg>
<arg>CD</arg>
<arg>CF</arg>
<arg>CG</arg>
<arg>CH</arg>
<arg>CI</arg>
<arg>CK</arg>
<arg>CL</arg>
<arg>CM</arg>
<arg>CN</arg>
<arg>CO</arg>
<arg>CR</arg>
<arg>CU</arg>
<arg>CV</arg>
<arg>CW</arg>
<arg>CX</arg>
<arg>CY</arg>
<arg>CZ</arg>
<arg>DE</arg>
<arg>DJ</arg>
<arg>DK</arg>
<arg>DM</arg>
<arg>DO</arg>
<arg>DZ</arg>
<arg>EC</arg>
<arg>EE</arg>
<arg>EG</arg>
<arg>EH</arg>
<arg>ER</arg>
<arg>ES</arg>
<arg>ET</arg>
<arg>FI</arg>
<arg>FJ</arg>
<arg>FK</arg>
<arg>FM</arg>
<arg>FO</arg>
<arg>FR</arg>
<arg>GA</arg>
<arg>GB</arg>
<arg>GD</arg>
<arg>GE</arg>
<arg>GF</arg>
<arg>GG</arg>
<arg>GH</arg>
<arg>GI</arg>
<arg>GL</arg>
<arg>GM</arg>
<arg>GN</arg>
<arg>GP</arg>
<arg>GQ</arg>
<arg>GR</arg>
<arg>GS</arg>
<arg>GT</arg>
<arg>GU</arg>
<arg>GW</arg>
<arg>GY</arg>
<arg>HK</arg>
<arg>HM</arg>
<arg>HN</arg>
<arg>HR</arg>
<arg>HT</arg>
<arg>HU</arg>
<arg>ID</arg>
<arg>IE</arg>
<arg>IL</arg>
<arg>IM</arg>
<arg>IN</arg>
<arg>IO</arg>
<arg>IQ</arg>
<arg>IR</arg>
<arg>IS</arg>
<arg>IT</arg>
<arg>JE</arg>
<arg>JM</arg>
<arg>JO</arg>
<arg>JP</arg>
<arg>KE</arg>
<arg>KG</arg>
<arg>KH</arg>
<arg>KI</arg>
<arg>KM</arg>
<arg>KN</arg>
<arg>KP</arg>
<arg>KR</arg>
<arg>KW</arg>
<arg>KY</arg>
<arg>KZ</arg>
<arg>LA</arg>
<arg>LB</arg>
<arg>LC</arg>
<arg>LI</arg>
<arg>LK</arg>
<arg>LR</arg>
<arg>LS</arg>
<arg>LT</arg>
<arg>LU</arg>
<arg>LV</arg>
<arg>LY</arg>
<arg>MA</arg>
<arg>MC</arg>
<arg>MD</arg>
<arg>ME</arg>
<arg>MF</arg>
<arg>MG</arg>
<arg>MH</arg>
<arg>MK</arg>
<arg>ML</arg>
<arg>MM</arg>
<arg>MN</arg>
<arg>MO</arg>
<arg>MP</arg>
<arg>MQ</arg>
<arg>MR</arg>
<arg>MS</arg>
<arg>MT</arg>
<arg>MU</arg>
<arg>MV</arg>
<arg>MW</arg>
<arg>MX</arg>
<arg>MY</arg>
<arg>MZ</arg>
<arg>NA</arg>
<arg>NC</arg>
<arg>NE</arg>
<arg>NF</arg>
<arg>NG</arg>
<arg>NI</arg>
<arg>NL</arg>
<arg>NO</arg>
<arg>NP</arg>
<arg>NR</arg>
<arg>NU</arg>
<arg>NZ</arg>
<arg>OM</arg>
<arg>PA</arg>
<arg>PE</arg>
<arg>PF</arg>
<arg>PG</arg>
<arg>PH</arg>
<arg>PK</arg>
<arg>PL</arg>
<arg>PM</arg>
<arg>PN</arg>
<arg>PR</arg>
<arg>PS</arg>
<arg>PT</arg>
<arg>PW</arg>
<arg>PY</arg>
<arg>QA</arg>
<arg>RE</arg>
<arg>RO</arg>
<arg>RS</arg>
<arg>RU</arg>
<arg>RW</arg>
<arg>SA</arg>
<arg>SB</arg>
<arg>SC</arg>
<arg>SD</arg>
<arg>SE</arg>
<arg>SG</arg>
<arg>SH</arg>
<arg>SI</arg>
<arg>SJ</arg>
<arg>SK</arg>
<arg>SL</arg>
<arg>SM</arg>
<arg>SN</arg>
<arg>SO</arg>
<arg>SR</arg>
<arg>SS</arg>
<arg>ST</arg>
<arg>SV</arg>
<arg>SX</arg>
<arg>SY</arg>
<arg>SZ</arg>
<arg>TC</arg>
<arg>TD</arg>
<arg>TF</arg>
<arg>TG</arg>
<arg>TH</arg>
<arg>TJ</arg>
<arg>TK</arg>
<arg>TL</arg>
<arg>TM</arg>
<arg>TN</arg>
<arg>TO</arg>
<arg>TR</arg>
<arg>TT</arg>
<arg>TV</arg>
<arg>TW</arg>
<arg>TZ</arg>
<arg>UA</arg>
<arg>UG</arg>
<arg>UM</arg>
<arg>US</arg>
<arg>UY</arg>
<arg>UZ</arg>
<arg>VA</arg>
<arg>VC</arg>
<arg>VE</arg>
<arg>VG</arg>
<arg>VI</arg>
<arg>VN</arg>
<arg>VU</arg>
<arg>WF</arg>
<arg>WS</arg>
<arg>XK</arg>
<arg>YE</arg>
<arg>YT</arg>
<arg>ZA</arg>
<arg>ZM</arg>
<arg>ZW</arg>
<doc>Returns a list containing given items.</doc>
<status status="PASS" start="2024-05-22T18:19:09.233851" elapsed="0.000661"/>
</kw>
<kw name="List Should Contain Value" owner="Collections">
<msg time="2024-05-22T18:19:09.236227" level="INFO">False</msg>
<arg>${list_country}</arg>
<arg>${name_country}</arg>
<doc>Fails if the ``value`` is not found from ``list``.</doc>
<status status="PASS" start="2024-05-22T18:19:09.235904" elapsed="0.000378"/>
</kw>
<kw name="Run Keyword If" owner="BuiltIn">
<kw name="Should Be True" owner="BuiltIn">
<arg>${True}</arg>
<doc>Fails if the given condition is not true.</doc>
<status status="PASS" start="2024-05-22T18:19:09.238022" elapsed="0.000214"/>
</kw>
<arg>${json_data["results"][0]["location"]["coordinates"]["latitude"]} &gt;= -90 and ${json_data["results"][0]["location"]["coordinates"]["latitude"]} &lt;= 90</arg>
<arg>Should Be True</arg>
<arg>${True}</arg>
<doc>Runs the given keyword with the given arguments, if ``condition`` is true.</doc>
<status status="PASS" start="2024-05-22T18:19:09.236748" elapsed="0.001738"/>
</kw>
<kw name="Run Keyword If" owner="BuiltIn">
<kw name="Should Be True" owner="BuiltIn">
<arg>${True}</arg>
<doc>Fails if the given condition is not true.</doc>
<status status="PASS" start="2024-05-22T18:19:09.240081" elapsed="0.000212"/>
</kw>
<arg>${json_data["results"][0]["location"]["coordinates"]["longitude"]} &gt;= -180 and ${json_data["results"][0]["location"]["coordinates"]["longitude"]} &lt;= 180</arg>
<arg>Should Be True</arg>
<arg>${True}</arg>
<doc>Runs the given keyword with the given arguments, if ``condition`` is true.</doc>
<status status="PASS" start="2024-05-22T18:19:09.238842" elapsed="0.001667"/>
</kw>
<status status="PASS" start="2024-05-22T18:19:09.126625" elapsed="0.114099"/>
</kw>
<doc>Testa o conteúdo específico dos campos retornados pela API.</doc>
<tag>testeConteudo</tag>
<status status="PASS" start="2024-05-22T18:19:09.126045" elapsed="0.114937"/>
</test>
<status status="PASS" start="2024-05-22T18:19:08.326023" elapsed="0.917157"/>
</suite>
<status status="PASS" start="2024-05-22T18:19:08.312588" elapsed="0.935844"/>
</suite>
<statistics>
<total>
<stat pass="5" fail="0" skip="0">All Tests</stat>
</total>
<tag>
<stat pass="1" fail="0" skip="0">testeConteudo</stat>
<stat pass="1" fail="0" skip="0">testeEstruturaResposta</stat>
<stat pass="1" fail="0" skip="0">testeRequisicaoBasica</stat>
<stat pass="1" fail="0" skip="0">testeTiposDados</stat>
</tag>
<suite>
<stat pass="5" fail="0" skip="0" id="s1" name="Tests">Tests</stat>
<stat pass="5" fail="0" skip="0" id="s1-s1" name="Random-User-Test">Tests.Random-User-Test</stat>
</suite>
</statistics>
<errors>
</errors>
</robot>
