<?xml version="1.0" encoding="UTF-8"?>
<robot generator="Robot 7.0 (Python 3.12.2 on linux)" generated="2024-04-08T11:11:57.200841" rpa="false" schemaversion="5">
<suite id="s1" name="Tests" source="/home/runner/work/DesafioQAItauRogerioJordao/DesafioQAItauRogerioJordao/RamdonUser/tests">
<suite id="s1-s1" name="Random-User-Test" source="/home/runner/work/DesafioQAItauRogerioJordao/DesafioQAItauRogerioJordao/RamdonUser/tests/random-user-test.robot">
<test id="s1-s1-t1" name="Conectar" line="13">
<kw name="Conectar API" owner="random-user-service">
<kw name="Create Session" owner="RequestsLibrary">
<msg time="2024-04-08T11:11:57.564587" level="INFO">Creating Session using : alias=consultarAPI, url=https://randomuser.me/, headers={},                     cookies={}, auth=None, timeout=None, proxies=None, verify=False,                     debug=0 </msg>
<arg>consultarAPI</arg>
<arg>${URL}</arg>
<doc>Create Session: create a HTTP session to a server</doc>
<status status="PASS" start="2024-04-08T11:11:57.564383" elapsed="0.000391"/>
</kw>
<status status="PASS" start="2024-04-08T11:11:57.563315" elapsed="0.001849"/>
</kw>
<status status="PASS" start="2024-04-08T11:11:57.562701" elapsed="0.002674"/>
</test>
<test id="s1-s1-t2" name="Validar retorno 200 e JSON Válido" line="16">
<kw name="Teste de Requisicao Basica" owner="random-user-service">
<kw name="GET On Session" owner="RequestsLibrary">
<msg time="2024-04-08T11:11:57.767514" level="INFO">GET Request : url=https://randomuser.me/api 
 path_url=/api 
 headers={'User-Agent': 'python-requests/2.31.0', 'Accept-Encoding': 'gzip, deflate', 'Accept': '*/*', 'Connection': 'keep-alive'} 
 body=None 
 </msg>
<msg time="2024-04-08T11:11:57.767689" level="INFO">GET Response : url=https://randomuser.me/api 
 status=200, reason=OK 
 headers={'Date': 'Mon, 08 Apr 2024 11:11:57 GMT', 'Content-Type': 'application/json; charset=utf-8', 'Transfer-Encoding': 'chunked', 'Connection': 'keep-alive', 'X-Powered-By': 'Express', 'Access-Control-Allow-Origin': '*', 'Cache-Control': 'no-cache', 'ETag': 'W/"488-pCwly7Sl9UJSmI+6Qfq5a9r+3QU"', 'Vary': 'Accept-Encoding', 'Content-Encoding': 'gzip', 'CF-Cache-Status': 'DYNAMIC', 'Report-To': '{"endpoints":[{"url":"https:\\/\\/a.nel.cloudflare.com\\/report\\/v4?s=jlUZQYA4TP%2BJjNtp6wRDym4pcqE81ow690oXWVHXRl%2B7h%2FTHeFCRXcxhp2pXfzXLWvpfKEOB%2BArEU%2FSIKrBS%2F40ICljtHY5YXQtJbk8Pq4LlGDxWr6wHut%2FyEJL%2FW%2F4j"}],"group":"cf-nel","max_age":604800}', 'NEL': '{"success_fraction":0,"report_to":"cf-nel","max_age":604800}', 'Server': 'cloudflare', 'CF-RAY': '8711d1d1cd305a09-IAD', 'alt-svc': 'h3=":443"; ma=86400'} 
 body={"results":[{"gender":"male","name":{"title":"Mr","first":"Dan","last":"Weinzierl"},"location":{"street":{"number":7507,"name":"Schulstraße"},"city":"Herrnhut","state":"Berlin","country":"Germany","postcode":66654,"coordinates":{"latitude":"-51.1641","longitude":"-106.0964"},"timezone":{"offset":"+2:00","description":"Kaliningrad, South Africa"}},"email":"dan.weinzierl@example.com","login":{"uuid":"2f8cd62a-4f6a-4fdb-b637-ff7e3f10ca5a","username":"brownladybug952","password":"hello1","salt":"s8zP72Tn","md5":"4b07b61b62539b0341c7411f33cb2783","sha1":"84572a07a8ec25dac94c225a30807945eba1d721","sha256":"1524647f2ad8d8621041938f1b74c0dfe30240897ac19b667d4a384efd9d6210"},"dob":{"date":"1998-12-21T20:56:22.509Z","age":25},"registered":{"date":"2012-04-03T20:12:23.473Z","age":12},"phone":"0290-0763634","cell":"0175-4288952","id":{"name":"SVNR","value":"26 211298 W 032"},"picture":{"large":"https://randomuser.me/api/portraits/men/88.jpg","medium":"https://randomuser.me/api/portraits/med/men/88.jpg","thumbnail":"https://randomuser.me/api/portraits/thumb/men/88.jpg"},"nat":"DE"}],"info":{"seed":"52f34b9574a7c84d","results":1,"page":1,"version":"1.4"}} 
 </msg>
<msg time="2024-04-08T11:11:57.767787" level="INFO">/opt/hostedtoolcache/Python/3.12.2/x64/lib/python3.12/site-packages/urllib3/connectionpool.py:1103: InsecureRequestWarning: Unverified HTTPS request is being made to host 'randomuser.me'. Adding certificate verification is strongly advised. See: https://urllib3.readthedocs.io/en/latest/advanced-usage.html#tls-warnings
  warnings.warn(</msg>
<msg time="2024-04-08T11:11:57.767978" level="INFO">${response} = &lt;Response [200]&gt;</msg>
<var>${response}</var>
<arg>consultarAPI</arg>
<arg>/api</arg>
<doc>Sends a GET request on a previously created HTTP Session.</doc>
<status status="PASS" start="2024-04-08T11:11:57.568013" elapsed="0.200008"/>
</kw>
<kw name="Should Be Equal As Numbers" owner="BuiltIn">
<msg time="2024-04-08T11:11:57.769043" level="INFO">Argument types are:
&lt;class 'int'&gt;
&lt;class 'str'&gt;</msg>
<arg>${response.status_code}</arg>
<arg>200</arg>
<doc>Fails if objects are unequal after converting them to real numbers.</doc>
<status status="PASS" start="2024-04-08T11:11:57.768551" elapsed="0.000562"/>
</kw>
<kw name="Log" owner="BuiltIn">
<msg time="2024-04-08T11:11:57.769792" level="INFO">200</msg>
<arg>${response.status_code}</arg>
<doc>Logs the given message with the given level.</doc>
<status status="PASS" start="2024-04-08T11:11:57.769438" elapsed="0.000397"/>
</kw>
<kw name="Set Variable" owner="BuiltIn">
<msg time="2024-04-08T11:11:57.770622" level="INFO">${json_data} = {'results': [{'gender': 'male', 'name': {'title': 'Mr', 'first': 'Dan', 'last': 'Weinzierl'}, 'location': {'street': {'number': 7507, 'name': 'Schulstraße'}, 'city': 'Herrnhut', 'state': 'Berlin', 'co...</msg>
<var>${json_data}</var>
<arg>${response.json()}</arg>
<doc>Returns the given values which can then be assigned to a variables.</doc>
<status status="PASS" start="2024-04-08T11:11:57.770176" elapsed="0.000475"/>
</kw>
<kw name="Dictionary Should Contain Key" owner="Collections">
<msg time="2024-04-08T11:11:57.771136" level="INFO">False</msg>
<arg>${json_data}</arg>
<arg>results</arg>
<doc>Fails if ``key`` is not found from ``dictionary``.</doc>
<status status="PASS" start="2024-04-08T11:11:57.770956" elapsed="0.000219"/>
</kw>
<status status="PASS" start="2024-04-08T11:11:57.567758" elapsed="0.203678"/>
</kw>
<doc>Testa se a API responde corretamente e retorna um objeto JSON válido.</doc>
<tag>testeRequisicaoBasica</tag>
<status status="PASS" start="2024-04-08T11:11:57.567237" elapsed="0.204394"/>
</test>
<test id="s1-s1-t3" name="Validar estrutura de resposta" line="22">
<kw name="Teste de Estrutura de Resposta" owner="random-user-service">
<kw name="GET On Session" owner="RequestsLibrary">
<msg time="2024-04-08T11:11:57.858934" level="INFO">GET Request : url=https://randomuser.me/api 
 path_url=/api 
 headers={'User-Agent': 'python-requests/2.31.0', 'Accept-Encoding': 'gzip, deflate', 'Accept': '*/*', 'Connection': 'keep-alive'} 
 body=None 
 </msg>
<msg time="2024-04-08T11:11:57.859042" level="INFO">GET Response : url=https://randomuser.me/api 
 status=200, reason=OK 
 headers={'Date': 'Mon, 08 Apr 2024 11:11:57 GMT', 'Content-Type': 'application/json; charset=utf-8', 'Transfer-Encoding': 'chunked', 'Connection': 'keep-alive', 'X-Powered-By': 'Express', 'Access-Control-Allow-Origin': '*', 'Cache-Control': 'no-cache', 'ETag': 'W/"496-mX0Cl5Kq/QW656RfffCKH28TfHA"', 'Vary': 'Accept-Encoding', 'Content-Encoding': 'gzip', 'CF-Cache-Status': 'DYNAMIC', 'Report-To': '{"endpoints":[{"url":"https:\\/\\/a.nel.cloudflare.com\\/report\\/v4?s=m%2F8Wed%2FiZZ8rTnsFwKaD2Ou8051iXZGmzO3wkAlVB23%2BDdWvWLV%2BsyS1Xr7%2F2UcO3WvZ62TrnZrtqBMzj8fB2fpPv1BP8Is8529Q4Qu1Ws%2FNZ7cugsmr5YFft0qcItre"}],"group":"cf-nel","max_age":604800}', 'NEL': '{"success_fraction":0,"report_to":"cf-nel","max_age":604800}', 'Server': 'cloudflare', 'CF-RAY': '8711d1d21d5e5a09-IAD', 'alt-svc': 'h3=":443"; ma=86400'} 
 body={"results":[{"gender":"male","name":{"title":"Mr","first":"Osvaldo","last":"Jesus"},"location":{"street":{"number":3191,"name":"Rua São Pedro "},"city":"Itabuna","state":"Amazonas","country":"Brazil","postcode":52692,"coordinates":{"latitude":"-74.8689","longitude":"-104.1009"},"timezone":{"offset":"+1:00","description":"Brussels, Copenhagen, Madrid, Paris"}},"email":"osvaldo.jesus@example.com","login":{"uuid":"c875c617-382f-4026-8c49-570f91a9e538","username":"crazymouse421","password":"simmons","salt":"nIj0cjAY","md5":"11eaf97cb09d49403db1a57bf877e063","sha1":"2ea18a4ddca85975c4937fcd432d4f12904f8d43","sha256":"06536c6181274d09acf1a1ba15b727b14b62bbeb1ad8b25f78ebb74400f1b743"},"dob":{"date":"1971-01-29T15:47:20.201Z","age":53},"registered":{"date":"2002-06-05T17:55:48.684Z","age":21},"phone":"(51) 6593-2511","cell":"(07) 3966-3269","id":{"name":"CPF","value":"514.303.044-88"},"picture":{"large":"https://randomuser.me/api/portraits/men/95.jpg","medium":"https://randomuser.me/api/portraits/med/men/95.jpg","thumbnail":"https://randomuser.me/api/portraits/thumb/men/95.jpg"},"nat":"BR"}],"info":{"seed":"e5ed4f02cf8aefef","results":1,"page":1,"version":"1.4"}} 
 </msg>
<msg time="2024-04-08T11:11:57.859197" level="INFO">/opt/hostedtoolcache/Python/3.12.2/x64/lib/python3.12/site-packages/urllib3/connectionpool.py:1103: InsecureRequestWarning: Unverified HTTPS request is being made to host 'randomuser.me'. Adding certificate verification is strongly advised. See: https://urllib3.readthedocs.io/en/latest/advanced-usage.html#tls-warnings
  warnings.warn(</msg>
<msg time="2024-04-08T11:11:57.859369" level="INFO">${response} = &lt;Response [200]&gt;</msg>
<var>${response}</var>
<arg>consultarAPI</arg>
<arg>/api</arg>
<doc>Sends a GET request on a previously created HTTP Session.</doc>
<status status="PASS" start="2024-04-08T11:11:57.774450" elapsed="0.084956"/>
</kw>
<kw name="Set Variable" owner="BuiltIn">
<msg time="2024-04-08T11:11:57.860462" level="INFO">${json_data} = {'results': [{'gender': 'male', 'name': {'title': 'Mr', 'first': 'Osvaldo', 'last': 'Jesus'}, 'location': {'street': {'number': 3191, 'name': 'Rua São Pedro '}, 'city': 'Itabuna', 'state': 'Amazonas',...</msg>
<var>${json_data}</var>
<arg>${response.json()}</arg>
<doc>Returns the given values which can then be assigned to a variables.</doc>
<status status="PASS" start="2024-04-08T11:11:57.859910" elapsed="0.000582"/>
</kw>
<kw name="Log" owner="BuiltIn">
<msg time="2024-04-08T11:11:57.861004" level="INFO">{'results': [{'gender': 'male', 'name': {'title': 'Mr', 'first': 'Osvaldo', 'last': 'Jesus'}, 'location': {'street': {'number': 3191, 'name': 'Rua São Pedro '}, 'city': 'Itabuna', 'state': 'Amazonas', 'country': 'Brazil', 'postcode': 52692, 'coordinates': {'latitude': '-74.8689', 'longitude': '-104.1009'}, 'timezone': {'offset': '+1:00', 'description': 'Brussels, Copenhagen, Madrid, Paris'}}, 'email': 'osvaldo.jesus@example.com', 'login': {'uuid': 'c875c617-382f-4026-8c49-570f91a9e538', 'username': 'crazymouse421', 'password': 'simmons', 'salt': 'nIj0cjAY', 'md5': '11eaf97cb09d49403db1a57bf877e063', 'sha1': '2ea18a4ddca85975c4937fcd432d4f12904f8d43', 'sha256': '06536c6181274d09acf1a1ba15b727b14b62bbeb1ad8b25f78ebb74400f1b743'}, 'dob': {'date': '1971-01-29T15:47:20.201Z', 'age': 53}, 'registered': {'date': '2002-06-05T17:55:48.684Z', 'age': 21}, 'phone': '(51) 6593-2511', 'cell': '(07) 3966-3269', 'id': {'name': 'CPF', 'value': '514.303.044-88'}, 'picture': {'large': 'https://randomuser.me/api/portraits/men/95.jpg', 'medium': 'https://randomuser.me/api/portraits/med/men/95.jpg', 'thumbnail': 'https://randomuser.me/api/portraits/thumb/men/95.jpg'}, 'nat': 'BR'}], 'info': {'seed': 'e5ed4f02cf8aefef', 'results': 1, 'page': 1, 'version': '1.4'}}</msg>
<arg>${json_data}</arg>
<doc>Logs the given message with the given level.</doc>
<status status="PASS" start="2024-04-08T11:11:57.860834" elapsed="0.000253"/>
</kw>
<kw name="Dictionary Should Contain Key" owner="Collections">
<msg time="2024-04-08T11:11:57.861565" level="INFO">False</msg>
<arg>${json_data}</arg>
<arg>results</arg>
<doc>Fails if ``key`` is not found from ``dictionary``.</doc>
<status status="PASS" start="2024-04-08T11:11:57.861400" elapsed="0.000203"/>
</kw>
<kw name="Should Not Be Empty" owner="BuiltIn">
<msg time="2024-04-08T11:11:57.862058" level="INFO">Length is 2.</msg>
<arg>${json_data}</arg>
<doc>Verifies that the given item is not empty.</doc>
<status status="PASS" start="2024-04-08T11:11:57.861912" elapsed="0.000185"/>
</kw>
<kw name="Create List" owner="BuiltIn">
<msg time="2024-04-08T11:11:57.862545" level="INFO">${expected_keys} = ['gender', 'name', 'location', 'email', 'login']</msg>
<var>${expected_keys}</var>
<arg>gender</arg>
<arg>name</arg>
<arg>location</arg>
<arg>email</arg>
<arg>login</arg>
<doc>Returns a list containing given items.</doc>
<status status="PASS" start="2024-04-08T11:11:57.862393" elapsed="0.000177"/>
</kw>
<for flavor="IN">
<iter>
<kw name="Dictionary Should Contain Key" owner="Collections">
<msg time="2024-04-08T11:11:57.863610" level="INFO">False</msg>
<arg>${json_data['results'][0]}</arg>
<arg>${key}</arg>
<doc>Fails if ``key`` is not found from ``dictionary``.</doc>
<status status="PASS" start="2024-04-08T11:11:57.863183" elapsed="0.000467"/>
</kw>
<kw name="Log" owner="BuiltIn">
<msg time="2024-04-08T11:11:57.864339" level="INFO">{'gender': 'male', 'name': {'title': 'Mr', 'first': 'Osvaldo', 'last': 'Jesus'}, 'location': {'street': {'number': 3191, 'name': 'Rua São Pedro '}, 'city': 'Itabuna', 'state': 'Amazonas', 'country': 'Brazil', 'postcode': 52692, 'coordinates': {'latitude': '-74.8689', 'longitude': '-104.1009'}, 'timezone': {'offset': '+1:00', 'description': 'Brussels, Copenhagen, Madrid, Paris'}}, 'email': 'osvaldo.jesus@example.com', 'login': {'uuid': 'c875c617-382f-4026-8c49-570f91a9e538', 'username': 'crazymouse421', 'password': 'simmons', 'salt': 'nIj0cjAY', 'md5': '11eaf97cb09d49403db1a57bf877e063', 'sha1': '2ea18a4ddca85975c4937fcd432d4f12904f8d43', 'sha256': '06536c6181274d09acf1a1ba15b727b14b62bbeb1ad8b25f78ebb74400f1b743'}, 'dob': {'date': '1971-01-29T15:47:20.201Z', 'age': 53}, 'registered': {'date': '2002-06-05T17:55:48.684Z', 'age': 21}, 'phone': '(51) 6593-2511', 'cell': '(07) 3966-3269', 'id': {'name': 'CPF', 'value': '514.303.044-88'}, 'picture': {'large': 'https://randomuser.me/api/portraits/men/95.jpg', 'medium': 'https://randomuser.me/api/portraits/med/men/95.jpg', 'thumbnail': 'https://randomuser.me/api/portraits/thumb/men/95.jpg'}, 'nat': 'BR'}</msg>
<arg>${json_data['results'][0]}</arg>
<doc>Logs the given message with the given level.</doc>
<status status="PASS" start="2024-04-08T11:11:57.863967" elapsed="0.000428"/>
</kw>
<kw name="Log" owner="BuiltIn">
<msg time="2024-04-08T11:11:57.864836" level="INFO">gender</msg>
<arg>${key}</arg>
<doc>Logs the given message with the given level.</doc>
<status status="PASS" start="2024-04-08T11:11:57.864706" elapsed="0.000169"/>
</kw>
<var name="${key}">gender</var>
<status status="PASS" start="2024-04-08T11:11:57.863041" elapsed="0.002121"/>
</iter>
<iter>
<kw name="Dictionary Should Contain Key" owner="Collections">
<msg time="2024-04-08T11:11:57.865891" level="INFO">False</msg>
<arg>${json_data['results'][0]}</arg>
<arg>${key}</arg>
<doc>Fails if ``key`` is not found from ``dictionary``.</doc>
<status status="PASS" start="2024-04-08T11:11:57.865495" elapsed="0.000434"/>
</kw>
<kw name="Log" owner="BuiltIn">
<msg time="2024-04-08T11:11:57.866628" level="INFO">{'gender': 'male', 'name': {'title': 'Mr', 'first': 'Osvaldo', 'last': 'Jesus'}, 'location': {'street': {'number': 3191, 'name': 'Rua São Pedro '}, 'city': 'Itabuna', 'state': 'Amazonas', 'country': 'Brazil', 'postcode': 52692, 'coordinates': {'latitude': '-74.8689', 'longitude': '-104.1009'}, 'timezone': {'offset': '+1:00', 'description': 'Brussels, Copenhagen, Madrid, Paris'}}, 'email': 'osvaldo.jesus@example.com', 'login': {'uuid': 'c875c617-382f-4026-8c49-570f91a9e538', 'username': 'crazymouse421', 'password': 'simmons', 'salt': 'nIj0cjAY', 'md5': '11eaf97cb09d49403db1a57bf877e063', 'sha1': '2ea18a4ddca85975c4937fcd432d4f12904f8d43', 'sha256': '06536c6181274d09acf1a1ba15b727b14b62bbeb1ad8b25f78ebb74400f1b743'}, 'dob': {'date': '1971-01-29T15:47:20.201Z', 'age': 53}, 'registered': {'date': '2002-06-05T17:55:48.684Z', 'age': 21}, 'phone': '(51) 6593-2511', 'cell': '(07) 3966-3269', 'id': {'name': 'CPF', 'value': '514.303.044-88'}, 'picture': {'large': 'https://randomuser.me/api/portraits/men/95.jpg', 'medium': 'https://randomuser.me/api/portraits/med/men/95.jpg', 'thumbnail': 'https://randomuser.me/api/portraits/thumb/men/95.jpg'}, 'nat': 'BR'}</msg>
<arg>${json_data['results'][0]}</arg>
<doc>Logs the given message with the given level.</doc>
<status status="PASS" start="2024-04-08T11:11:57.866262" elapsed="0.000416"/>
</kw>
<kw name="Log" owner="BuiltIn">
<msg time="2024-04-08T11:11:57.867106" level="INFO">name</msg>
<arg>${key}</arg>
<doc>Logs the given message with the given level.</doc>
<status status="PASS" start="2024-04-08T11:11:57.866978" elapsed="0.000166"/>
</kw>
<var name="${key}">name</var>
<status status="PASS" start="2024-04-08T11:11:57.865366" elapsed="0.002001"/>
</iter>
<iter>
<kw name="Dictionary Should Contain Key" owner="Collections">
<msg time="2024-04-08T11:11:57.868038" level="INFO">False</msg>
<arg>${json_data['results'][0]}</arg>
<arg>${key}</arg>
<doc>Fails if ``key`` is not found from ``dictionary``.</doc>
<status status="PASS" start="2024-04-08T11:11:57.867661" elapsed="0.000414"/>
</kw>
<kw name="Log" owner="BuiltIn">
<msg time="2024-04-08T11:11:57.868755" level="INFO">{'gender': 'male', 'name': {'title': 'Mr', 'first': 'Osvaldo', 'last': 'Jesus'}, 'location': {'street': {'number': 3191, 'name': 'Rua São Pedro '}, 'city': 'Itabuna', 'state': 'Amazonas', 'country': 'Brazil', 'postcode': 52692, 'coordinates': {'latitude': '-74.8689', 'longitude': '-104.1009'}, 'timezone': {'offset': '+1:00', 'description': 'Brussels, Copenhagen, Madrid, Paris'}}, 'email': 'osvaldo.jesus@example.com', 'login': {'uuid': 'c875c617-382f-4026-8c49-570f91a9e538', 'username': 'crazymouse421', 'password': 'simmons', 'salt': 'nIj0cjAY', 'md5': '11eaf97cb09d49403db1a57bf877e063', 'sha1': '2ea18a4ddca85975c4937fcd432d4f12904f8d43', 'sha256': '06536c6181274d09acf1a1ba15b727b14b62bbeb1ad8b25f78ebb74400f1b743'}, 'dob': {'date': '1971-01-29T15:47:20.201Z', 'age': 53}, 'registered': {'date': '2002-06-05T17:55:48.684Z', 'age': 21}, 'phone': '(51) 6593-2511', 'cell': '(07) 3966-3269', 'id': {'name': 'CPF', 'value': '514.303.044-88'}, 'picture': {'large': 'https://randomuser.me/api/portraits/men/95.jpg', 'medium': 'https://randomuser.me/api/portraits/med/men/95.jpg', 'thumbnail': 'https://randomuser.me/api/portraits/thumb/men/95.jpg'}, 'nat': 'BR'}</msg>
<arg>${json_data['results'][0]}</arg>
<doc>Logs the given message with the given level.</doc>
<status status="PASS" start="2024-04-08T11:11:57.868382" elapsed="0.000427"/>
</kw>
<kw name="Log" owner="BuiltIn">
<msg time="2024-04-08T11:11:57.869265" level="INFO">location</msg>
<arg>${key}</arg>
<doc>Logs the given message with the given level.</doc>
<status status="PASS" start="2024-04-08T11:11:57.869136" elapsed="0.000166"/>
</kw>
<var name="${key}">location</var>
<status status="PASS" start="2024-04-08T11:11:57.867550" elapsed="0.001969"/>
</iter>
<iter>
<kw name="Dictionary Should Contain Key" owner="Collections">
<msg time="2024-04-08T11:11:57.870184" level="INFO">False</msg>
<arg>${json_data['results'][0]}</arg>
<arg>${key}</arg>
<doc>Fails if ``key`` is not found from ``dictionary``.</doc>
<status status="PASS" start="2024-04-08T11:11:57.869807" elapsed="0.000414"/>
</kw>
<kw name="Log" owner="BuiltIn">
<msg time="2024-04-08T11:11:57.870880" level="INFO">{'gender': 'male', 'name': {'title': 'Mr', 'first': 'Osvaldo', 'last': 'Jesus'}, 'location': {'street': {'number': 3191, 'name': 'Rua São Pedro '}, 'city': 'Itabuna', 'state': 'Amazonas', 'country': 'Brazil', 'postcode': 52692, 'coordinates': {'latitude': '-74.8689', 'longitude': '-104.1009'}, 'timezone': {'offset': '+1:00', 'description': 'Brussels, Copenhagen, Madrid, Paris'}}, 'email': 'osvaldo.jesus@example.com', 'login': {'uuid': 'c875c617-382f-4026-8c49-570f91a9e538', 'username': 'crazymouse421', 'password': 'simmons', 'salt': 'nIj0cjAY', 'md5': '11eaf97cb09d49403db1a57bf877e063', 'sha1': '2ea18a4ddca85975c4937fcd432d4f12904f8d43', 'sha256': '06536c6181274d09acf1a1ba15b727b14b62bbeb1ad8b25f78ebb74400f1b743'}, 'dob': {'date': '1971-01-29T15:47:20.201Z', 'age': 53}, 'registered': {'date': '2002-06-05T17:55:48.684Z', 'age': 21}, 'phone': '(51) 6593-2511', 'cell': '(07) 3966-3269', 'id': {'name': 'CPF', 'value': '514.303.044-88'}, 'picture': {'large': 'https://randomuser.me/api/portraits/men/95.jpg', 'medium': 'https://randomuser.me/api/portraits/med/men/95.jpg', 'thumbnail': 'https://randomuser.me/api/portraits/thumb/men/95.jpg'}, 'nat': 'BR'}</msg>
<arg>${json_data['results'][0]}</arg>
<doc>Logs the given message with the given level.</doc>
<status status="PASS" start="2024-04-08T11:11:57.870519" elapsed="0.000411"/>
</kw>
<kw name="Log" owner="BuiltIn">
<msg time="2024-04-08T11:11:57.871353" level="INFO">email</msg>
<arg>${key}</arg>
<doc>Logs the given message with the given level.</doc>
<status status="PASS" start="2024-04-08T11:11:57.871227" elapsed="0.000163"/>
</kw>
<var name="${key}">email</var>
<status status="PASS" start="2024-04-08T11:11:57.869695" elapsed="0.001908"/>
</iter>
<iter>
<kw name="Dictionary Should Contain Key" owner="Collections">
<msg time="2024-04-08T11:11:57.872277" level="INFO">False</msg>
<arg>${json_data['results'][0]}</arg>
<arg>${key}</arg>
<doc>Fails if ``key`` is not found from ``dictionary``.</doc>
<status status="PASS" start="2024-04-08T11:11:57.871888" elapsed="0.000426"/>
</kw>
<kw name="Log" owner="BuiltIn">
<msg time="2024-04-08T11:11:57.872974" level="INFO">{'gender': 'male', 'name': {'title': 'Mr', 'first': 'Osvaldo', 'last': 'Jesus'}, 'location': {'street': {'number': 3191, 'name': 'Rua São Pedro '}, 'city': 'Itabuna', 'state': 'Amazonas', 'country': 'Brazil', 'postcode': 52692, 'coordinates': {'latitude': '-74.8689', 'longitude': '-104.1009'}, 'timezone': {'offset': '+1:00', 'description': 'Brussels, Copenhagen, Madrid, Paris'}}, 'email': 'osvaldo.jesus@example.com', 'login': {'uuid': 'c875c617-382f-4026-8c49-570f91a9e538', 'username': 'crazymouse421', 'password': 'simmons', 'salt': 'nIj0cjAY', 'md5': '11eaf97cb09d49403db1a57bf877e063', 'sha1': '2ea18a4ddca85975c4937fcd432d4f12904f8d43', 'sha256': '06536c6181274d09acf1a1ba15b727b14b62bbeb1ad8b25f78ebb74400f1b743'}, 'dob': {'date': '1971-01-29T15:47:20.201Z', 'age': 53}, 'registered': {'date': '2002-06-05T17:55:48.684Z', 'age': 21}, 'phone': '(51) 6593-2511', 'cell': '(07) 3966-3269', 'id': {'name': 'CPF', 'value': '514.303.044-88'}, 'picture': {'large': 'https://randomuser.me/api/portraits/men/95.jpg', 'medium': 'https://randomuser.me/api/portraits/med/men/95.jpg', 'thumbnail': 'https://randomuser.me/api/portraits/thumb/men/95.jpg'}, 'nat': 'BR'}</msg>
<arg>${json_data['results'][0]}</arg>
<doc>Logs the given message with the given level.</doc>
<status status="PASS" start="2024-04-08T11:11:57.872608" elapsed="0.000441"/>
</kw>
<kw name="Log" owner="BuiltIn">
<msg time="2024-04-08T11:11:57.873478" level="INFO">login</msg>
<arg>${key}</arg>
<doc>Logs the given message with the given level.</doc>
<status status="PASS" start="2024-04-08T11:11:57.873352" elapsed="0.000168"/>
</kw>
<var name="${key}">login</var>
<status status="PASS" start="2024-04-08T11:11:57.871777" elapsed="0.001995"/>
</iter>
<var>${key}</var>
<value>@{expected_keys}</value>
<status status="PASS" start="2024-04-08T11:11:57.862837" elapsed="0.011063"/>
</for>
<kw name="Create List" owner="BuiltIn">
<msg time="2024-04-08T11:11:57.874235" level="INFO">${expected_keysTwo} = ['username', 'password']</msg>
<var>${expected_keysTwo}</var>
<arg>username</arg>
<arg>password</arg>
<doc>Returns a list containing given items.</doc>
<status status="PASS" start="2024-04-08T11:11:57.874099" elapsed="0.000160"/>
</kw>
<for flavor="IN">
<iter>
<kw name="Dictionary Should Contain Key" owner="Collections">
<msg time="2024-04-08T11:11:57.875327" level="INFO">False</msg>
<arg>${json_data['results'][0]['login']}</arg>
<arg>${keyTwo}</arg>
<doc>Fails if ``key`` is not found from ``dictionary``.</doc>
<status status="PASS" start="2024-04-08T11:11:57.874907" elapsed="0.000462"/>
</kw>
<kw name="Dictionary Should Contain Key" owner="Collections">
<msg time="2024-04-08T11:11:57.876097" level="INFO">False</msg>
<arg>${json_data['results'][0]['login']}</arg>
<arg>${keyTwo}</arg>
<doc>Fails if ``key`` is not found from ``dictionary``.</doc>
<status status="PASS" start="2024-04-08T11:11:57.875711" elapsed="0.000423"/>
</kw>
<kw name="Log" owner="BuiltIn">
<msg time="2024-04-08T11:11:57.876555" level="INFO">username</msg>
<arg>${keyTwo}</arg>
<doc>Logs the given message with the given level.</doc>
<status status="PASS" start="2024-04-08T11:11:57.876429" elapsed="0.000164"/>
</kw>
<var name="${keyTwo}">username</var>
<status status="PASS" start="2024-04-08T11:11:57.874793" elapsed="0.002014"/>
</iter>
<iter>
<kw name="Dictionary Should Contain Key" owner="Collections">
<msg time="2024-04-08T11:11:57.877503" level="INFO">False</msg>
<arg>${json_data['results'][0]['login']}</arg>
<arg>${keyTwo}</arg>
<doc>Fails if ``key`` is not found from ``dictionary``.</doc>
<status status="PASS" start="2024-04-08T11:11:57.877121" elapsed="0.000420"/>
</kw>
<kw name="Dictionary Should Contain Key" owner="Collections">
<msg time="2024-04-08T11:11:57.878214" level="INFO">False</msg>
<arg>${json_data['results'][0]['login']}</arg>
<arg>${keyTwo}</arg>
<doc>Fails if ``key`` is not found from ``dictionary``.</doc>
<status status="PASS" start="2024-04-08T11:11:57.877835" elapsed="0.000416"/>
</kw>
<kw name="Log" owner="BuiltIn">
<msg time="2024-04-08T11:11:57.878670" level="INFO">password</msg>
<arg>${keyTwo}</arg>
<doc>Logs the given message with the given level.</doc>
<status status="PASS" start="2024-04-08T11:11:57.878543" elapsed="0.000167"/>
</kw>
<var name="${keyTwo}">password</var>
<status status="PASS" start="2024-04-08T11:11:57.876983" elapsed="0.001943"/>
</iter>
<var>${keyTwo}</var>
<value>@{expected_keysTwo}</value>
<status status="PASS" start="2024-04-08T11:11:57.874525" elapsed="0.004525"/>
</for>
<status status="PASS" start="2024-04-08T11:11:57.774212" elapsed="0.104984"/>
</kw>
<doc>Testa a estrutura da resposta da API.</doc>
<tag>testeEstruturaResposta</tag>
<status status="PASS" start="2024-04-08T11:11:57.773550" elapsed="0.105814"/>
</test>
<test id="s1-s1-t4" name="Validar tipos de dados" line="28">
<kw name="Teste de Tipos de Dados" owner="random-user-service">
<kw name="GET On Session" owner="RequestsLibrary">
<msg time="2024-04-08T11:11:58.245510" level="INFO">GET Request : url=https://randomuser.me/api 
 path_url=/api 
 headers={'User-Agent': 'python-requests/2.31.0', 'Accept-Encoding': 'gzip, deflate', 'Accept': '*/*', 'Connection': 'keep-alive'} 
 body=None 
 </msg>
<msg time="2024-04-08T11:11:58.245632" level="INFO">GET Response : url=https://randomuser.me/api 
 status=200, reason=OK 
 headers={'Date': 'Mon, 08 Apr 2024 11:11:58 GMT', 'Content-Type': 'application/json; charset=utf-8', 'Transfer-Encoding': 'chunked', 'Connection': 'keep-alive', 'X-Powered-By': 'Express', 'Access-Control-Allow-Origin': '*', 'Cache-Control': 'no-cache', 'ETag': 'W/"48b-N24gPN/CQUVdlY/PD1bs9n0YwYs"', 'Vary': 'Accept-Encoding', 'Content-Encoding': 'gzip', 'CF-Cache-Status': 'DYNAMIC', 'Report-To': '{"endpoints":[{"url":"https:\\/\\/a.nel.cloudflare.com\\/report\\/v4?s=BVhRDurDmr26RgIfzTBLVlIOTmt2v72HVOOpBbomLiB%2FOcw413jV5XLP3OhiizQZlQPXUREw1B9jQT0es4KUP5UuX3sHSC0KTk4jetbvpczfQNXi%2FFxtnpZJg2Jls2Et"}],"group":"cf-nel","max_age":604800}', 'NEL': '{"success_fraction":0,"report_to":"cf-nel","max_age":604800}', 'Server': 'cloudflare', 'CF-RAY': '8711d1d2cdcc5a09-IAD', 'alt-svc': 'h3=":443"; ma=86400'} 
 body={"results":[{"gender":"male","name":{"title":"Mr","first":"Dan","last":"Shelton"},"location":{"street":{"number":1552,"name":"Oaks Cross"},"city":"Armagh","state":"Oxfordshire","country":"United Kingdom","postcode":"FW6 2WR","coordinates":{"latitude":"-11.4813","longitude":"-136.5259"},"timezone":{"offset":"-12:00","description":"Eniwetok, Kwajalein"}},"email":"dan.shelton@example.com","login":{"uuid":"3d0280bc-51ae-4193-958a-5c6f913c5b5a","username":"orangeostrich418","password":"firefly","salt":"vhN5fKlw","md5":"6cddd5d9c8465c4d495613034f13d152","sha1":"9581831a603ebafa202630194d0924b2dcd9e50b","sha256":"6c3560c382a865e8a745ae4c55a82a10029fa2facde16da1bd5e5fd88d4a16f8"},"dob":{"date":"1988-01-18T18:48:36.759Z","age":36},"registered":{"date":"2010-07-20T06:20:44.196Z","age":13},"phone":"017684 84213","cell":"07589 920822","id":{"name":"NINO","value":"SK 09 45 30 T"},"picture":{"large":"https://randomuser.me/api/portraits/men/99.jpg","medium":"https://randomuser.me/api/portraits/med/men/99.jpg","thumbnail":"https://randomuser.me/api/portraits/thumb/men/99.jpg"},"nat":"GB"}],"info":{"seed":"599fefd65db17dfc","results":1,"page":1,"version":"1.4"}} 
 </msg>
<msg time="2024-04-08T11:11:58.245716" level="INFO">/opt/hostedtoolcache/Python/3.12.2/x64/lib/python3.12/site-packages/urllib3/connectionpool.py:1103: InsecureRequestWarning: Unverified HTTPS request is being made to host 'randomuser.me'. Adding certificate verification is strongly advised. See: https://urllib3.readthedocs.io/en/latest/advanced-usage.html#tls-warnings
  warnings.warn(</msg>
<msg time="2024-04-08T11:11:58.245875" level="INFO">${response} = &lt;Response [200]&gt;</msg>
<var>${response}</var>
<arg>consultarAPI</arg>
<arg>/api</arg>
<doc>Sends a GET request on a previously created HTTP Session.</doc>
<status status="PASS" start="2024-04-08T11:11:57.881894" elapsed="0.364021"/>
</kw>
<kw name="Set Variable" owner="BuiltIn">
<msg time="2024-04-08T11:11:58.246964" level="INFO">${json_data} = {'results': [{'gender': 'male', 'name': {'title': 'Mr', 'first': 'Dan', 'last': 'Shelton'}, 'location': {'street': {'number': 1552, 'name': 'Oaks Cross'}, 'city': 'Armagh', 'state': 'Oxfordshire', 'co...</msg>
<var>${json_data}</var>
<arg>${response.json()}</arg>
<doc>Returns the given values which can then be assigned to a variables.</doc>
<status status="PASS" start="2024-04-08T11:11:58.246439" elapsed="0.000554"/>
</kw>
<kw name="Log" owner="BuiltIn">
<msg time="2024-04-08T11:11:58.247454" level="INFO">{'results': [{'gender': 'male', 'name': {'title': 'Mr', 'first': 'Dan', 'last': 'Shelton'}, 'location': {'street': {'number': 1552, 'name': 'Oaks Cross'}, 'city': 'Armagh', 'state': 'Oxfordshire', 'country': 'United Kingdom', 'postcode': 'FW6 2WR', 'coordinates': {'latitude': '-11.4813', 'longitude': '-136.5259'}, 'timezone': {'offset': '-12:00', 'description': 'Eniwetok, Kwajalein'}}, 'email': 'dan.shelton@example.com', 'login': {'uuid': '3d0280bc-51ae-4193-958a-5c6f913c5b5a', 'username': 'orangeostrich418', 'password': 'firefly', 'salt': 'vhN5fKlw', 'md5': '6cddd5d9c8465c4d495613034f13d152', 'sha1': '9581831a603ebafa202630194d0924b2dcd9e50b', 'sha256': '6c3560c382a865e8a745ae4c55a82a10029fa2facde16da1bd5e5fd88d4a16f8'}, 'dob': {'date': '1988-01-18T18:48:36.759Z', 'age': 36}, 'registered': {'date': '2010-07-20T06:20:44.196Z', 'age': 13}, 'phone': '017684 84213', 'cell': '07589 920822', 'id': {'name': 'NINO', 'value': 'SK 09 45 30 T'}, 'picture': {'large': 'https://randomuser.me/api/portraits/men/99.jpg', 'medium': 'https://randomuser.me/api/portraits/med/men/99.jpg', 'thumbnail': 'https://randomuser.me/api/portraits/thumb/men/99.jpg'}, 'nat': 'GB'}], 'info': {'seed': '599fefd65db17dfc', 'results': 1, 'page': 1, 'version': '1.4'}}</msg>
<arg>${json_data}</arg>
<doc>Logs the given message with the given level.</doc>
<status status="PASS" start="2024-04-08T11:11:58.247300" elapsed="0.000240"/>
</kw>
<kw name="Should Be String" owner="String">
<arg>${json_data['results'][0]['gender']}</arg>
<doc>Fails if the given ``item`` is not a string.</doc>
<status status="PASS" start="2024-04-08T11:11:58.247841" elapsed="0.000366"/>
</kw>
<kw name="Should Match Regexp" owner="BuiltIn">
<arg>${json_data['results'][0]['email']}</arg>
<arg>^[a-zA-Z0-9._%+-]+@[a-zA-Z0-9.-]+\.[a-zA-Z]{2,}$</arg>
<doc>Fails if ``string`` does not match ``pattern`` as a regular expression.</doc>
<status status="PASS" start="2024-04-08T11:11:58.248398" elapsed="0.000512"/>
</kw>
<kw name="Should Match Regexp" owner="BuiltIn">
<arg>${json_data['results'][0]['dob']['date']}</arg>
<arg>\\d{4}-\\d{2}-\\d{2}T\\d{2}:\\d{2}:\\d{2}\\.\\d{3}Z</arg>
<doc>Fails if ``string`` does not match ``pattern`` as a regular expression.</doc>
<status status="PASS" start="2024-04-08T11:11:58.249152" elapsed="0.000496"/>
</kw>
<kw name="Should Match Regexp" owner="BuiltIn">
<arg>${json_data['results'][0]['registered']['date']}</arg>
<arg>\\d{4}-\\d{2}-\\d{2}T\\d{2}:\\d{2}:\\d{2}\\.\\d{3}Z</arg>
<doc>Fails if ``string`` does not match ``pattern`` as a regular expression.</doc>
<status status="PASS" start="2024-04-08T11:11:58.249848" elapsed="0.000371"/>
</kw>
<kw name="Should Match Regexp" owner="BuiltIn">
<arg>${json_data['results'][0]['picture']['large']}</arg>
<arg>^https?://.*\.(?:png|jpe?g|gif|bmp)$</arg>
<doc>Fails if ``string`` does not match ``pattern`` as a regular expression.</doc>
<status status="PASS" start="2024-04-08T11:11:58.250406" elapsed="0.000452"/>
</kw>
<kw name="Should Match Regexp" owner="BuiltIn">
<arg>${json_data['results'][0]['picture']['medium']}</arg>
<arg>^https?://.*\.(?:png|jpe?g|gif|bmp)$</arg>
<doc>Fails if ``string`` does not match ``pattern`` as a regular expression.</doc>
<status status="PASS" start="2024-04-08T11:11:58.251048" elapsed="0.000357"/>
</kw>
<kw name="Should Match Regexp" owner="BuiltIn">
<arg>${json_data['results'][0]['picture']['thumbnail']}</arg>
<arg>^https?://.*\.(?:png|jpe?g|gif|bmp)$</arg>
<doc>Fails if ``string`` does not match ``pattern`` as a regular expression.</doc>
<status status="PASS" start="2024-04-08T11:11:58.251589" elapsed="0.000354"/>
</kw>
<kw name="Log" owner="BuiltIn">
<msg time="2024-04-08T11:11:58.252451" level="INFO">{'large': 'https://randomuser.me/api/portraits/men/99.jpg', 'medium': 'https://randomuser.me/api/portraits/med/men/99.jpg', 'thumbnail': 'https://randomuser.me/api/portraits/thumb/men/99.jpg'}</msg>
<arg>${json_data['results'][0]['picture']}</arg>
<doc>Logs the given message with the given level.</doc>
<status status="PASS" start="2024-04-08T11:11:58.252123" elapsed="0.000368"/>
</kw>
<status status="PASS" start="2024-04-08T11:11:57.881660" elapsed="0.371087"/>
</kw>
<kw name="Teste de Tipos de Dados - Postcode" owner="random-user-service">
<kw name="GET On Session" owner="RequestsLibrary">
<msg time="2024-04-08T11:11:58.397212" level="INFO">GET Request : url=https://randomuser.me/api 
 path_url=/api 
 headers={'User-Agent': 'python-requests/2.31.0', 'Accept-Encoding': 'gzip, deflate', 'Accept': '*/*', 'Connection': 'keep-alive'} 
 body=None 
 </msg>
<msg time="2024-04-08T11:11:58.397311" level="INFO">GET Response : url=https://randomuser.me/api 
 status=200, reason=OK 
 headers={'Date': 'Mon, 08 Apr 2024 11:11:58 GMT', 'Content-Type': 'application/json; charset=utf-8', 'Transfer-Encoding': 'chunked', 'Connection': 'keep-alive', 'X-Powered-By': 'Express', 'Access-Control-Allow-Origin': '*', 'Cache-Control': 'no-cache', 'ETag': 'W/"48d-zeuwS0HULw5el64w2RLTMzpSwNE"', 'Vary': 'Accept-Encoding', 'Content-Encoding': 'gzip', 'CF-Cache-Status': 'DYNAMIC', 'Report-To': '{"endpoints":[{"url":"https:\\/\\/a.nel.cloudflare.com\\/report\\/v4?s=HOCJTT1cC1F3E0IV1i2aXKOCeXF7ntjvg%2BfIkXz950TUdkRlS7iFd2hNJaGJpRpCYWeIPmdMhHPaeNKvLXCYaAoZwXRVO5TWfztLQHwF%2Br0H06LzGTh905TPllKMGINP"}],"group":"cf-nel","max_age":604800}', 'NEL': '{"success_fraction":0,"report_to":"cf-nel","max_age":604800}', 'Server': 'cloudflare', 'CF-RAY': '8711d1d51f3d5a09-IAD', 'alt-svc': 'h3=":443"; ma=86400'} 
 body={"results":[{"gender":"male","name":{"title":"Mr","first":"Lachlan","last":"Walker"},"location":{"street":{"number":4640,"name":"Wilson Road"},"city":"Hastings","state":"West Coast","country":"New Zealand","postcode":47955,"coordinates":{"latitude":"52.6151","longitude":"-154.2898"},"timezone":{"offset":"+11:00","description":"Magadan, Solomon Islands, New Caledonia"}},"email":"lachlan.walker@example.com","login":{"uuid":"9cf7f4f6-cb22-4fb6-a844-47f2ad976340","username":"crazyfish378","password":"kevin","salt":"VQkl0Ry3","md5":"c8ef2ec31507d40333f813e57f56bff7","sha1":"7045cdec4cbaaf8320198e128334572003183238","sha256":"7f36dd74c09dd51226db986c6d0885c33338ad5bf9c38e7519e6f6d8c44bc706"},"dob":{"date":"1970-12-05T07:28:15.658Z","age":53},"registered":{"date":"2022-03-24T00:36:36.753Z","age":2},"phone":"(685)-442-3011","cell":"(332)-676-6348","id":{"name":"","value":null},"picture":{"large":"https://randomuser.me/api/portraits/men/18.jpg","medium":"https://randomuser.me/api/portraits/med/men/18.jpg","thumbnail":"https://randomuser.me/api/portraits/thumb/men/18.jpg"},"nat":"NZ"}],"info":{"seed":"453421527787801a","results":1,"page":1,"version":"1.4"}} 
 </msg>
<msg time="2024-04-08T11:11:58.397399" level="INFO">/opt/hostedtoolcache/Python/3.12.2/x64/lib/python3.12/site-packages/urllib3/connectionpool.py:1103: InsecureRequestWarning: Unverified HTTPS request is being made to host 'randomuser.me'. Adding certificate verification is strongly advised. See: https://urllib3.readthedocs.io/en/latest/advanced-usage.html#tls-warnings
  warnings.warn(</msg>
<msg time="2024-04-08T11:11:58.397538" level="INFO">${response} = &lt;Response [200]&gt;</msg>
<var>${response}</var>
<arg>consultarAPI</arg>
<arg>/api</arg>
<doc>Sends a GET request on a previously created HTTP Session.</doc>
<status status="PASS" start="2024-04-08T11:11:58.253252" elapsed="0.144326"/>
</kw>
<kw name="Set Variable" owner="BuiltIn">
<msg time="2024-04-08T11:11:58.398631" level="INFO">${json_data} = {'results': [{'gender': 'male', 'name': {'title': 'Mr', 'first': 'Lachlan', 'last': 'Walker'}, 'location': {'street': {'number': 4640, 'name': 'Wilson Road'}, 'city': 'Hastings', 'state': 'West Coast'...</msg>
<var>${json_data}</var>
<arg>${response.json()}</arg>
<doc>Returns the given values which can then be assigned to a variables.</doc>
<status status="PASS" start="2024-04-08T11:11:58.398104" elapsed="0.000555"/>
</kw>
<kw name="Log" owner="BuiltIn">
<msg time="2024-04-08T11:11:58.399122" level="INFO">{'results': [{'gender': 'male', 'name': {'title': 'Mr', 'first': 'Lachlan', 'last': 'Walker'}, 'location': {'street': {'number': 4640, 'name': 'Wilson Road'}, 'city': 'Hastings', 'state': 'West Coast', 'country': 'New Zealand', 'postcode': 47955, 'coordinates': {'latitude': '52.6151', 'longitude': '-154.2898'}, 'timezone': {'offset': '+11:00', 'description': 'Magadan, Solomon Islands, New Caledonia'}}, 'email': 'lachlan.walker@example.com', 'login': {'uuid': '9cf7f4f6-cb22-4fb6-a844-47f2ad976340', 'username': 'crazyfish378', 'password': 'kevin', 'salt': 'VQkl0Ry3', 'md5': 'c8ef2ec31507d40333f813e57f56bff7', 'sha1': '7045cdec4cbaaf8320198e128334572003183238', 'sha256': '7f36dd74c09dd51226db986c6d0885c33338ad5bf9c38e7519e6f6d8c44bc706'}, 'dob': {'date': '1970-12-05T07:28:15.658Z', 'age': 53}, 'registered': {'date': '2022-03-24T00:36:36.753Z', 'age': 2}, 'phone': '(685)-442-3011', 'cell': '(332)-676-6348', 'id': {'name': '', 'value': None}, 'picture': {'large': 'https://randomuser.me/api/portraits/men/18.jpg', 'medium': 'https://randomuser.me/api/portraits/med/men/18.jpg', 'thumbnail': 'https://randomuser.me/api/portraits/thumb/men/18.jpg'}, 'nat': 'NZ'}], 'info': {'seed': '453421527787801a', 'results': 1, 'page': 1, 'version': '1.4'}}</msg>
<arg>${json_data}</arg>
<doc>Logs the given message with the given level.</doc>
<status status="PASS" start="2024-04-08T11:11:58.398965" elapsed="0.000238"/>
</kw>
<kw name="Should Be Equal As Numbers" owner="BuiltIn">
<arg>${json_data['results'][0]['location']['postcode']}</arg>
<arg>${json_data['results'][0]['location']['postcode']}</arg>
<doc>Fails if objects are unequal after converting them to real numbers.</doc>
<status status="PASS" start="2024-04-08T11:11:58.399502" elapsed="0.000624"/>
</kw>
<kw name="Log" owner="BuiltIn">
<msg time="2024-04-08T11:11:58.400651" level="INFO">47955</msg>
<arg>${json_data['results'][0]['location']['postcode']}</arg>
<doc>Logs the given message with the given level.</doc>
<status status="PASS" start="2024-04-08T11:11:58.400317" elapsed="0.000374"/>
</kw>
<status status="PASS" start="2024-04-08T11:11:58.252979" elapsed="0.147971"/>
</kw>
<doc>Testa se os tipos de dados na resposta da API estão corretos.</doc>
<tag>testeTiposDados</tag>
<status status="PASS" start="2024-04-08T11:11:57.881200" elapsed="0.519988"/>
</test>
<test id="s1-s1-t5" name="Validar conteudo" line="35">
<kw name="Teste de Tipos de Conteudo" owner="random-user-service">
<kw name="GET On Session" owner="RequestsLibrary">
<msg time="2024-04-08T11:11:58.444392" level="INFO">GET Request : url=https://randomuser.me/api 
 path_url=/api 
 headers={'User-Agent': 'python-requests/2.31.0', 'Accept-Encoding': 'gzip, deflate', 'Accept': '*/*', 'Connection': 'keep-alive'} 
 body=None 
 </msg>
<msg time="2024-04-08T11:11:58.444482" level="INFO">GET Response : url=https://randomuser.me/api 
 status=200, reason=OK 
 headers={'Date': 'Mon, 08 Apr 2024 11:11:58 GMT', 'Content-Type': 'application/json; charset=utf-8', 'Transfer-Encoding': 'chunked', 'Connection': 'keep-alive', 'X-Powered-By': 'Express', 'Access-Control-Allow-Origin': '*', 'Cache-Control': 'no-cache', 'ETag': 'W/"4a1-NNFG4e9V5Wd/IQ7CaugXnOWozOA"', 'Vary': 'Accept-Encoding', 'Content-Encoding': 'gzip', 'CF-Cache-Status': 'DYNAMIC', 'Report-To': '{"endpoints":[{"url":"https:\\/\\/a.nel.cloudflare.com\\/report\\/v4?s=YyT%2BS3QIsVaL0jWOOdjPQVE2oHs9boCSqQ6eykjOyqxYDpVLb05M%2BTFnh3n0DmBTlDJaGErwKZeQhTTsyI46E7gdI7htLAxT%2Fd503yDp%2FF8P4ROb%2FIv0CZQhUXwafox9"}],"group":"cf-nel","max_age":604800}', 'NEL': '{"success_fraction":0,"report_to":"cf-nel","max_age":604800}', 'Server': 'cloudflare', 'CF-RAY': '8711d1d6080e5a09-IAD', 'alt-svc': 'h3=":443"; ma=86400'} 
 body={"results":[{"gender":"female","name":{"title":"Miss","first":"Katalina","last":"Anđelković"},"location":{"street":{"number":5115,"name":"Novo Naselje"},"city":"Bujanovac","state":"Toplica","country":"Serbia","postcode":95627,"coordinates":{"latitude":"63.0138","longitude":"69.4108"},"timezone":{"offset":"+10:00","description":"Eastern Australia, Guam, Vladivostok"}},"email":"katalina.andelkovic@example.com","login":{"uuid":"500f892e-f912-4638-bfc0-c54f2fdb0771","username":"angryrabbit421","password":"roofer","salt":"LgkyoIB9","md5":"5d351a1d8b0c283d935783e6607a0d0e","sha1":"77ae396535fc7864c48c60721389dc494e78ec5a","sha256":"4d403a0c8ea3406b74810eb68b7be001a4c65a4ebcc0447d7d9d6e0795edfca4"},"dob":{"date":"1959-09-18T17:00:37.708Z","age":64},"registered":{"date":"2022-01-04T12:18:23.426Z","age":2},"phone":"038-7044-185","cell":"062-1924-506","id":{"name":"SID","value":"735976933"},"picture":{"large":"https://randomuser.me/api/portraits/women/17.jpg","medium":"https://randomuser.me/api/portraits/med/women/17.jpg","thumbnail":"https://randomuser.me/api/portraits/thumb/women/17.jpg"},"nat":"RS"}],"info":{"seed":"95a4157238d02fdc","results":1,"page":1,"version":"1.4"}} 
 </msg>
<msg time="2024-04-08T11:11:58.444553" level="INFO">/opt/hostedtoolcache/Python/3.12.2/x64/lib/python3.12/site-packages/urllib3/connectionpool.py:1103: InsecureRequestWarning: Unverified HTTPS request is being made to host 'randomuser.me'. Adding certificate verification is strongly advised. See: https://urllib3.readthedocs.io/en/latest/advanced-usage.html#tls-warnings
  warnings.warn(</msg>
<msg time="2024-04-08T11:11:58.444686" level="INFO">${response} = &lt;Response [200]&gt;</msg>
<var>${response}</var>
<arg>consultarAPI</arg>
<arg>/api</arg>
<doc>Sends a GET request on a previously created HTTP Session.</doc>
<status status="PASS" start="2024-04-08T11:11:58.404027" elapsed="0.040700"/>
</kw>
<kw name="Set Variable" owner="BuiltIn">
<msg time="2024-04-08T11:11:58.445820" level="INFO">${json_data} = {'results': [{'gender': 'female', 'name': {'title': 'Miss', 'first': 'Katalina', 'last': 'Anđelković'}, 'location': {'street': {'number': 5115, 'name': 'Novo Naselje'}, 'city': 'Bujanovac', 'state': '...</msg>
<var>${json_data}</var>
<arg>${response.json()}</arg>
<doc>Returns the given values which can then be assigned to a variables.</doc>
<status status="PASS" start="2024-04-08T11:11:58.445282" elapsed="0.000568"/>
</kw>
<kw name="Set Variable" owner="BuiltIn">
<msg time="2024-04-08T11:11:58.446547" level="INFO">${name_title} = Miss</msg>
<var>${name_title}</var>
<arg>${json_data["results"][0]["name"]["title"]}</arg>
<doc>Returns the given values which can then be assigned to a variables.</doc>
<status status="PASS" start="2024-04-08T11:11:58.446159" elapsed="0.000414"/>
</kw>
<kw name="Create List" owner="BuiltIn">
<msg time="2024-04-08T11:11:58.447022" level="INFO">${allowed_titles} = ['Mr', 'Ms', 'Miss', 'Mrs', 'Madame', 'Monsieur']</msg>
<var>${allowed_titles}</var>
<arg>Mr</arg>
<arg>Ms</arg>
<arg>Miss</arg>
<arg>Mrs</arg>
<arg>Madame</arg>
<arg>Monsieur</arg>
<doc>Returns a list containing given items.</doc>
<status status="PASS" start="2024-04-08T11:11:58.446872" elapsed="0.000174"/>
</kw>
<kw name="List Should Contain Value" owner="Collections">
<msg time="2024-04-08T11:11:58.447528" level="INFO">False</msg>
<arg>${allowed_titles}</arg>
<arg>${name_title}</arg>
<doc>Fails if the ``value`` is not found from ``list``.</doc>
<status status="PASS" start="2024-04-08T11:11:58.447345" elapsed="0.000221"/>
</kw>
<kw name="Set Variable" owner="BuiltIn">
<msg time="2024-04-08T11:11:58.448236" level="INFO">${name_country} = RS</msg>
<var>${name_country}</var>
<arg>${json_data["results"][0]["nat"]}</arg>
<doc>Returns the given values which can then be assigned to a variables.</doc>
<status status="PASS" start="2024-04-08T11:11:58.447854" elapsed="0.000407"/>
</kw>
<kw name="Create List" owner="BuiltIn">
<msg time="2024-04-08T11:11:58.449210" level="INFO">${list_country} = ['AD', 'AE', 'AF', 'AG', 'AI', 'AL', 'AM', 'AO', 'AQ', 'AR', 'AS', 'AT', 'AU', 'AW', 'AX', 'AZ', 'BA', 'BB', 'BD', 'BE', 'BF', 'BG', 'BH', 'BI', 'BJ', 'BL', 'BM', 'BN', 'BO', 'BQ', 'BR', 'BS', 'BT', '...</msg>
<var>${list_country}</var>
<arg>AD</arg>
<arg>AE</arg>
<arg>AF</arg>
<arg>AG</arg>
<arg>AI</arg>
<arg>AL</arg>
<arg>AM</arg>
<arg>AO</arg>
<arg>AQ</arg>
<arg>AR</arg>
<arg>AS</arg>
<arg>AT</arg>
<arg>AU</arg>
<arg>AW</arg>
<arg>AX</arg>
<arg>AZ</arg>
<arg>BA</arg>
<arg>BB</arg>
<arg>BD</arg>
<arg>BE</arg>
<arg>BF</arg>
<arg>BG</arg>
<arg>BH</arg>
<arg>BI</arg>
<arg>BJ</arg>
<arg>BL</arg>
<arg>BM</arg>
<arg>BN</arg>
<arg>BO</arg>
<arg>BQ</arg>
<arg>BR</arg>
<arg>BS</arg>
<arg>BT</arg>
<arg>BV</arg>
<arg>BW</arg>
<arg>BY</arg>
<arg>BZ</arg>
<arg>CA</arg>
<arg>CC</arg>
<arg>CD</arg>
<arg>CF</arg>
<arg>CG</arg>
<arg>CH</arg>
<arg>CI</arg>
<arg>CK</arg>
<arg>CL</arg>
<arg>CM</arg>
<arg>CN</arg>
<arg>CO</arg>
<arg>CR</arg>
<arg>CU</arg>
<arg>CV</arg>
<arg>CW</arg>
<arg>CX</arg>
<arg>CY</arg>
<arg>CZ</arg>
<arg>DE</arg>
<arg>DJ</arg>
<arg>DK</arg>
<arg>DM</arg>
<arg>DO</arg>
<arg>DZ</arg>
<arg>EC</arg>
<arg>EE</arg>
<arg>EG</arg>
<arg>EH</arg>
<arg>ER</arg>
<arg>ES</arg>
<arg>ET</arg>
<arg>FI</arg>
<arg>FJ</arg>
<arg>FK</arg>
<arg>FM</arg>
<arg>FO</arg>
<arg>FR</arg>
<arg>GA</arg>
<arg>GB</arg>
<arg>GD</arg>
<arg>GE</arg>
<arg>GF</arg>
<arg>GG</arg>
<arg>GH</arg>
<arg>GI</arg>
<arg>GL</arg>
<arg>GM</arg>
<arg>GN</arg>
<arg>GP</arg>
<arg>GQ</arg>
<arg>GR</arg>
<arg>GS</arg>
<arg>GT</arg>
<arg>GU</arg>
<arg>GW</arg>
<arg>GY</arg>
<arg>HK</arg>
<arg>HM</arg>
<arg>HN</arg>
<arg>HR</arg>
<arg>HT</arg>
<arg>HU</arg>
<arg>ID</arg>
<arg>IE</arg>
<arg>IL</arg>
<arg>IM</arg>
<arg>IN</arg>
<arg>IO</arg>
<arg>IQ</arg>
<arg>IR</arg>
<arg>IS</arg>
<arg>IT</arg>
<arg>JE</arg>
<arg>JM</arg>
<arg>JO</arg>
<arg>JP</arg>
<arg>KE</arg>
<arg>KG</arg>
<arg>KH</arg>
<arg>KI</arg>
<arg>KM</arg>
<arg>KN</arg>
<arg>KP</arg>
<arg>KR</arg>
<arg>KW</arg>
<arg>KY</arg>
<arg>KZ</arg>
<arg>LA</arg>
<arg>LB</arg>
<arg>LC</arg>
<arg>LI</arg>
<arg>LK</arg>
<arg>LR</arg>
<arg>LS</arg>
<arg>LT</arg>
<arg>LU</arg>
<arg>LV</arg>
<arg>LY</arg>
<arg>MA</arg>
<arg>MC</arg>
<arg>MD</arg>
<arg>ME</arg>
<arg>MF</arg>
<arg>MG</arg>
<arg>MH</arg>
<arg>MK</arg>
<arg>ML</arg>
<arg>MM</arg>
<arg>MN</arg>
<arg>MO</arg>
<arg>MP</arg>
<arg>MQ</arg>
<arg>MR</arg>
<arg>MS</arg>
<arg>MT</arg>
<arg>MU</arg>
<arg>MV</arg>
<arg>MW</arg>
<arg>MX</arg>
<arg>MY</arg>
<arg>MZ</arg>
<arg>NA</arg>
<arg>NC</arg>
<arg>NE</arg>
<arg>NF</arg>
<arg>NG</arg>
<arg>NI</arg>
<arg>NL</arg>
<arg>NO</arg>
<arg>NP</arg>
<arg>NR</arg>
<arg>NU</arg>
<arg>NZ</arg>
<arg>OM</arg>
<arg>PA</arg>
<arg>PE</arg>
<arg>PF</arg>
<arg>PG</arg>
<arg>PH</arg>
<arg>PK</arg>
<arg>PL</arg>
<arg>PM</arg>
<arg>PN</arg>
<arg>PR</arg>
<arg>PS</arg>
<arg>PT</arg>
<arg>PW</arg>
<arg>PY</arg>
<arg>QA</arg>
<arg>RE</arg>
<arg>RO</arg>
<arg>RS</arg>
<arg>RU</arg>
<arg>RW</arg>
<arg>SA</arg>
<arg>SB</arg>
<arg>SC</arg>
<arg>SD</arg>
<arg>SE</arg>
<arg>SG</arg>
<arg>SH</arg>
<arg>SI</arg>
<arg>SJ</arg>
<arg>SK</arg>
<arg>SL</arg>
<arg>SM</arg>
<arg>SN</arg>
<arg>SO</arg>
<arg>SR</arg>
<arg>SS</arg>
<arg>ST</arg>
<arg>SV</arg>
<arg>SX</arg>
<arg>SY</arg>
<arg>SZ</arg>
<arg>TC</arg>
<arg>TD</arg>
<arg>TF</arg>
<arg>TG</arg>
<arg>TH</arg>
<arg>TJ</arg>
<arg>TK</arg>
<arg>TL</arg>
<arg>TM</arg>
<arg>TN</arg>
<arg>TO</arg>
<arg>TR</arg>
<arg>TT</arg>
<arg>TV</arg>
<arg>TW</arg>
<arg>TZ</arg>
<arg>UA</arg>
<arg>UG</arg>
<arg>UM</arg>
<arg>US</arg>
<arg>UY</arg>
<arg>UZ</arg>
<arg>VA</arg>
<arg>VC</arg>
<arg>VE</arg>
<arg>VG</arg>
<arg>VI</arg>
<arg>VN</arg>
<arg>VU</arg>
<arg>WF</arg>
<arg>WS</arg>
<arg>XK</arg>
<arg>YE</arg>
<arg>YT</arg>
<arg>ZA</arg>
<arg>ZM</arg>
<arg>ZW</arg>
<doc>Returns a list containing given items.</doc>
<status status="PASS" start="2024-04-08T11:11:58.448567" elapsed="0.000670"/>
</kw>
<kw name="List Should Contain Value" owner="Collections">
<msg time="2024-04-08T11:11:58.450243" level="INFO">False</msg>
<arg>${list_country}</arg>
<arg>${name_country}</arg>
<doc>Fails if the ``value`` is not found from ``list``.</doc>
<status status="PASS" start="2024-04-08T11:11:58.450034" elapsed="0.000247"/>
</kw>
<kw name="Run Keyword If" owner="BuiltIn">
<kw name="Should Be True" owner="BuiltIn">
<arg>${True}</arg>
<doc>Fails if the given condition is not true.</doc>
<status status="PASS" start="2024-04-08T11:11:58.451489" elapsed="0.000146"/>
</kw>
<arg>${json_data["results"][0]["location"]["coordinates"]["latitude"]} &gt;= -90 and ${json_data["results"][0]["location"]["coordinates"]["latitude"]} &lt;= 90</arg>
<arg>Should Be True</arg>
<arg>${True}</arg>
<doc>Runs the given keyword with the given arguments, if ``condition`` is true.</doc>
<status status="PASS" start="2024-04-08T11:11:58.450594" elapsed="0.001173"/>
</kw>
<kw name="Run Keyword If" owner="BuiltIn">
<kw name="Should Be True" owner="BuiltIn">
<arg>${True}</arg>
<doc>Fails if the given condition is not true.</doc>
<status status="PASS" start="2024-04-08T11:11:58.452648" elapsed="0.000137"/>
</kw>
<arg>${json_data["results"][0]["location"]["coordinates"]["longitude"]} &gt;= -180 and ${json_data["results"][0]["location"]["coordinates"]["longitude"]} &lt;= 180</arg>
<arg>Should Be True</arg>
<arg>${True}</arg>
<doc>Runs the given keyword with the given arguments, if ``condition`` is true.</doc>
<status status="PASS" start="2024-04-08T11:11:58.451954" elapsed="0.000955"/>
</kw>
<status status="PASS" start="2024-04-08T11:11:58.403647" elapsed="0.049415"/>
</kw>
<doc>Testa o conteúdo específico dos campos retornados pela API.</doc>
<tag>testeConteudo</tag>
<status status="PASS" start="2024-04-08T11:11:58.402953" elapsed="0.050280"/>
</test>
<status status="PASS" start="2024-04-08T11:11:57.254014" elapsed="1.201137"/>
</suite>
<status status="PASS" start="2024-04-08T11:11:57.240078" elapsed="1.220451"/>
</suite>
<statistics>
<total>
<stat pass="5" fail="0" skip="0">All Tests</stat>
</total>
<tag>
<stat pass="1" fail="0" skip="0">testeConteudo</stat>
<stat pass="1" fail="0" skip="0">testeEstruturaResposta</stat>
<stat pass="1" fail="0" skip="0">testeRequisicaoBasica</stat>
<stat pass="1" fail="0" skip="0">testeTiposDados</stat>
</tag>
<suite>
<stat pass="5" fail="0" skip="0" id="s1" name="Tests">Tests</stat>
<stat pass="5" fail="0" skip="0" id="s1-s1" name="Random-User-Test">Tests.Random-User-Test</stat>
</suite>
</statistics>
<errors>
</errors>
</robot>
