<?xml version="1.0" encoding="UTF-8"?>
<robot generator="Robot 7.0.1 (Python 3.12.4 on linux)" generated="2024-08-01T23:15:50.285384" rpa="false" schemaversion="5">
<suite id="s1" name="Tests" source="/home/runner/work/ApiRandomUser/ApiRandomUser/RamdonUser/tests">
<suite id="s1-s1" name="Random-User-Test" source="/home/runner/work/ApiRandomUser/ApiRandomUser/RamdonUser/tests/random-user-test.robot">
<test id="s1-s1-t1" name="Conectar" line="13">
<kw name="Conectar API" owner="random-user-service">
<kw name="Create Session" owner="RequestsLibrary">
<msg time="2024-08-01T23:15:50.699728" level="INFO">Creating Session using : alias=consultarAPI, url=https://randomuser.me/, headers={},                     cookies={}, auth=None, timeout=None, proxies=None, verify=False,                     debug=0 </msg>
<arg>consultarAPI</arg>
<arg>${URL}</arg>
<doc>Create Session: create a HTTP session to a server</doc>
<status status="PASS" start="2024-08-01T23:15:50.699529" elapsed="0.000385"/>
</kw>
<status status="PASS" start="2024-08-01T23:15:50.698482" elapsed="0.001811"/>
</kw>
<status status="PASS" start="2024-08-01T23:15:50.697899" elapsed="0.002598"/>
</test>
<test id="s1-s1-t2" name="Validar retorno 200 e JSON Válido" line="16">
<kw name="Teste de Requisicao Basica" owner="random-user-service">
<kw name="GET On Session" owner="RequestsLibrary">
<msg time="2024-08-01T23:15:51.051319" level="INFO">GET Request : url=https://randomuser.me/api 
 path_url=/api 
 headers={'User-Agent': 'python-requests/2.32.3', 'Accept-Encoding': 'gzip, deflate', 'Accept': '*/*', 'Connection': 'keep-alive'} 
 body=None 
 </msg>
<msg time="2024-08-01T23:15:51.051479" level="INFO">GET Response : url=https://randomuser.me/api 
 status=200, reason=OK 
 headers={'Date': 'Thu, 01 Aug 2024 23:15:51 GMT', 'Content-Type': 'application/json; charset=utf-8', 'Transfer-Encoding': 'chunked', 'Connection': 'keep-alive', 'X-Powered-By': 'Express', 'Access-Control-Allow-Origin': '*', 'Cache-Control': 'no-cache', 'ETag': 'W/"493-8VAYm7DV7xAk3++PDYpVTyOcY2U"', 'Vary': 'Accept-Encoding', 'Content-Encoding': 'gzip', 'CF-Cache-Status': 'DYNAMIC', 'Report-To': '{"endpoints":[{"url":"https:\\/\\/a.nel.cloudflare.com\\/report\\/v4?s=%2FQBsiNUN%2FNexYDu3i%2BV%2FKwgRpHFtpN6mw%2FOrDsDiM1ErX%2Fo1%2FOmo9a18tG2KVRQ1Xaa0v7lCTRaSJWIqmUcP8OuwNcC6qjUgt8G5JAsKYJA23cZU0L5vc3PE4MuyJ%2BJV"}],"group":"cf-nel","max_age":604800}', 'NEL': '{"success_fraction":0,"report_to":"cf-nel","max_age":604800}', 'Server': 'cloudflare', 'CF-RAY': '8ac988524d38c9a0-IAD', 'alt-svc': 'h3=":443"; ma=86400'} 
 body={"results":[{"gender":"female","name":{"title":"Mrs","first":"Enni","last":"Elo"},"location":{"street":{"number":9177,"name":"Mechelininkatu"},"city":"Pertunmaa","state":"Pirkanmaa","country":"Finland","postcode":58273,"coordinates":{"latitude":"-25.4691","longitude":"133.9815"},"timezone":{"offset":"+4:00","description":"Abu Dhabi, Muscat, Baku, Tbilisi"}},"email":"enni.elo@example.com","login":{"uuid":"4079e6a8-8d82-48a5-84a4-819d2a84fc2e","username":"crazyleopard164","password":"nancy1","salt":"2FlFPxss","md5":"ba71ad24172eb2c6de101766a424ddbe","sha1":"d5b7af1c0e2de0382afc4364666147eda6c633bb","sha256":"fb363eecb64d36d53f766ceb7d31af2293a7dc0f73f068c00ca1c42904b34fae"},"dob":{"date":"1980-01-20T12:08:01.513Z","age":44},"registered":{"date":"2019-03-12T12:25:34.059Z","age":5},"phone":"07-529-718","cell":"040-092-26-83","id":{"name":"HETU","value":"NaNNA776undefined"},"picture":{"large":"https://randomuser.me/api/portraits/women/16.jpg","medium":"https://randomuser.me/api/portraits/med/women/16.jpg","thumbnail":"https://randomuser.me/api/portraits/thumb/women/16.jpg"},"nat":"FI"}],"info":{"seed":"7b85b2050d61af9e","results":1,"page":1,"version":"1.4"}} 
 </msg>
<msg time="2024-08-01T23:15:51.051560" level="INFO">/opt/hostedtoolcache/Python/3.12.4/x64/lib/python3.12/site-packages/urllib3/connectionpool.py:1099: InsecureRequestWarning: Unverified HTTPS request is being made to host 'randomuser.me'. Adding certificate verification is strongly advised. See: https://urllib3.readthedocs.io/en/latest/advanced-usage.html#tls-warnings
  warnings.warn(</msg>
<msg time="2024-08-01T23:15:51.051723" level="INFO">${response} = &lt;Response [200]&gt;</msg>
<var>${response}</var>
<arg>consultarAPI</arg>
<arg>/api</arg>
<doc>Sends a GET request on a previously created HTTP Session.</doc>
<status status="PASS" start="2024-08-01T23:15:50.703150" elapsed="0.348617"/>
</kw>
<kw name="Should Be Equal As Numbers" owner="BuiltIn">
<msg time="2024-08-01T23:15:51.052756" level="INFO">Argument types are:
&lt;class 'int'&gt;
&lt;class 'str'&gt;</msg>
<arg>${response.status_code}</arg>
<arg>200</arg>
<doc>Fails if objects are unequal after converting them to real numbers.</doc>
<status status="PASS" start="2024-08-01T23:15:51.052286" elapsed="0.000535"/>
</kw>
<kw name="Log" owner="BuiltIn">
<msg time="2024-08-01T23:15:51.053482" level="INFO">200</msg>
<arg>${response.status_code}</arg>
<doc>Logs the given message with the given level.</doc>
<status status="PASS" start="2024-08-01T23:15:51.053142" elapsed="0.000381"/>
</kw>
<kw name="Set Variable" owner="BuiltIn">
<msg time="2024-08-01T23:15:51.054315" level="INFO">${json_data} = {'results': [{'gender': 'female', 'name': {'title': 'Mrs', 'first': 'Enni', 'last': 'Elo'}, 'location': {'street': {'number': 9177, 'name': 'Mechelininkatu'}, 'city': 'Pertunmaa', 'state': 'Pirkanmaa'...</msg>
<var>${json_data}</var>
<arg>${response.json()}</arg>
<doc>Returns the given values which can then be assigned to a variables.</doc>
<status status="PASS" start="2024-08-01T23:15:51.053828" elapsed="0.000515"/>
</kw>
<kw name="Dictionary Should Contain Key" owner="Collections">
<arg>${json_data}</arg>
<arg>results</arg>
<doc>Fails if ``key`` is not found from ``dictionary``.</doc>
<status status="PASS" start="2024-08-01T23:15:51.054662" elapsed="0.000338"/>
</kw>
<status status="PASS" start="2024-08-01T23:15:50.702904" elapsed="0.352251"/>
</kw>
<doc>Testa se a API responde corretamente e retorna um objeto JSON válido.</doc>
<tag>testeRequisicaoBasica</tag>
<status status="PASS" start="2024-08-01T23:15:50.702467" elapsed="0.352860"/>
</test>
<test id="s1-s1-t3" name="Validar estrutura de resposta" line="22">
<kw name="Teste de Estrutura de Resposta" owner="random-user-service">
<kw name="GET On Session" owner="RequestsLibrary">
<msg time="2024-08-01T23:15:51.109583" level="INFO">GET Request : url=https://randomuser.me/api 
 path_url=/api 
 headers={'User-Agent': 'python-requests/2.32.3', 'Accept-Encoding': 'gzip, deflate', 'Accept': '*/*', 'Connection': 'keep-alive'} 
 body=None 
 </msg>
<msg time="2024-08-01T23:15:51.109700" level="INFO">GET Response : url=https://randomuser.me/api 
 status=200, reason=OK 
 headers={'Date': 'Thu, 01 Aug 2024 23:15:51 GMT', 'Content-Type': 'application/json; charset=utf-8', 'Transfer-Encoding': 'chunked', 'Connection': 'keep-alive', 'X-Powered-By': 'Express', 'Access-Control-Allow-Origin': '*', 'Cache-Control': 'no-cache', 'ETag': 'W/"47c-0jRlLG9daffbH0APMbgQGddTMtQ"', 'Vary': 'Accept-Encoding', 'Content-Encoding': 'gzip', 'CF-Cache-Status': 'DYNAMIC', 'Report-To': '{"endpoints":[{"url":"https:\\/\\/a.nel.cloudflare.com\\/report\\/v4?s=%2FtMlnrfRHOW9%2Bs2xIGGDz9z%2BZh%2B%2Fpq29%2BPS92WoooolZ7ssXLLBM0KlsH6tOPOLfbCU1EXilMH3JOXMsSxWsGI1321G7TxyB63NhwWTJKLwlggV162vSTPIzZQ7MxnpZ"}],"group":"cf-nel","max_age":604800}', 'NEL': '{"success_fraction":0,"report_to":"cf-nel","max_age":604800}', 'Server': 'cloudflare', 'CF-RAY': '8ac988542947c9a0-IAD', 'alt-svc': 'h3=":443"; ma=86400'} 
 body={"results":[{"gender":"male","name":{"title":"Mr","first":"Isak","last":"Løland"},"location":{"street":{"number":255,"name":"Bjørnheimveien"},"city":"Røstlandet","state":"Description","country":"Norway","postcode":"7453","coordinates":{"latitude":"44.1376","longitude":"-96.0065"},"timezone":{"offset":"-7:00","description":"Mountain Time (US &amp; Canada)"}},"email":"isak.loland@example.com","login":{"uuid":"68201a34-67b6-4121-8702-897a0afd3674","username":"angrydog587","password":"julio","salt":"yDTzgifU","md5":"0bbe19fabf1e096ddda76afb2151f67c","sha1":"971ba1ff0e96e4d01bd81a643e7ad395390f5fb6","sha256":"84c0c9296c83227ffd2b2083725d5311a9b7b00d95c842c12e722c2151d6fc52"},"dob":{"date":"1977-04-26T16:11:16.491Z","age":47},"registered":{"date":"2011-02-12T08:16:30.393Z","age":13},"phone":"26982442","cell":"46251392","id":{"name":"FN","value":"26047700999"},"picture":{"large":"https://randomuser.me/api/portraits/men/64.jpg","medium":"https://randomuser.me/api/portraits/med/men/64.jpg","thumbnail":"https://randomuser.me/api/portraits/thumb/men/64.jpg"},"nat":"NO"}],"info":{"seed":"77d27c7dd94602ae","results":1,"page":1,"version":"1.4"}} 
 </msg>
<msg time="2024-08-01T23:15:51.109855" level="INFO">/opt/hostedtoolcache/Python/3.12.4/x64/lib/python3.12/site-packages/urllib3/connectionpool.py:1099: InsecureRequestWarning: Unverified HTTPS request is being made to host 'randomuser.me'. Adding certificate verification is strongly advised. See: https://urllib3.readthedocs.io/en/latest/advanced-usage.html#tls-warnings
  warnings.warn(</msg>
<msg time="2024-08-01T23:15:51.110060" level="INFO">${response} = &lt;Response [200]&gt;</msg>
<var>${response}</var>
<arg>consultarAPI</arg>
<arg>/api</arg>
<doc>Sends a GET request on a previously created HTTP Session.</doc>
<status status="PASS" start="2024-08-01T23:15:51.057878" elapsed="0.052231"/>
</kw>
<kw name="Set Variable" owner="BuiltIn">
<msg time="2024-08-01T23:15:51.111150" level="INFO">${json_data} = {'results': [{'gender': 'male', 'name': {'title': 'Mr', 'first': 'Isak', 'last': 'Løland'}, 'location': {'street': {'number': 255, 'name': 'Bjørnheimveien'}, 'city': 'Røstlandet', 'state': 'Descriptio...</msg>
<var>${json_data}</var>
<arg>${response.json()}</arg>
<doc>Returns the given values which can then be assigned to a variables.</doc>
<status status="PASS" start="2024-08-01T23:15:51.110615" elapsed="0.000565"/>
</kw>
<kw name="Log" owner="BuiltIn">
<msg time="2024-08-01T23:15:51.111682" level="INFO">{'results': [{'gender': 'male', 'name': {'title': 'Mr', 'first': 'Isak', 'last': 'Løland'}, 'location': {'street': {'number': 255, 'name': 'Bjørnheimveien'}, 'city': 'Røstlandet', 'state': 'Description', 'country': 'Norway', 'postcode': '7453', 'coordinates': {'latitude': '44.1376', 'longitude': '-96.0065'}, 'timezone': {'offset': '-7:00', 'description': 'Mountain Time (US &amp; Canada)'}}, 'email': 'isak.loland@example.com', 'login': {'uuid': '68201a34-67b6-4121-8702-897a0afd3674', 'username': 'angrydog587', 'password': 'julio', 'salt': 'yDTzgifU', 'md5': '0bbe19fabf1e096ddda76afb2151f67c', 'sha1': '971ba1ff0e96e4d01bd81a643e7ad395390f5fb6', 'sha256': '84c0c9296c83227ffd2b2083725d5311a9b7b00d95c842c12e722c2151d6fc52'}, 'dob': {'date': '1977-04-26T16:11:16.491Z', 'age': 47}, 'registered': {'date': '2011-02-12T08:16:30.393Z', 'age': 13}, 'phone': '26982442', 'cell': '46251392', 'id': {'name': 'FN', 'value': '26047700999'}, 'picture': {'large': 'https://randomuser.me/api/portraits/men/64.jpg', 'medium': 'https://randomuser.me/api/portraits/med/men/64.jpg', 'thumbnail': 'https://randomuser.me/api/portraits/thumb/men/64.jpg'}, 'nat': 'NO'}], 'info': {'seed': '77d27c7dd94602ae', 'results': 1, 'page': 1, 'version': '1.4'}}</msg>
<arg>${json_data}</arg>
<doc>Logs the given message with the given level.</doc>
<status status="PASS" start="2024-08-01T23:15:51.111517" elapsed="0.000222"/>
</kw>
<kw name="Dictionary Should Contain Key" owner="Collections">
<arg>${json_data}</arg>
<arg>results</arg>
<doc>Fails if ``key`` is not found from ``dictionary``.</doc>
<status status="PASS" start="2024-08-01T23:15:51.112039" elapsed="0.000166"/>
</kw>
<kw name="Should Not Be Empty" owner="BuiltIn">
<msg time="2024-08-01T23:15:51.112518" level="INFO">Length is 2.</msg>
<arg>${json_data}</arg>
<doc>Verifies that the given item is not empty.</doc>
<status status="PASS" start="2024-08-01T23:15:51.112392" elapsed="0.000163"/>
</kw>
<kw name="Create List" owner="BuiltIn">
<msg time="2024-08-01T23:15:51.112997" level="INFO">${expected_keys} = ['gender', 'name', 'location', 'email', 'login']</msg>
<var>${expected_keys}</var>
<arg>gender</arg>
<arg>name</arg>
<arg>location</arg>
<arg>email</arg>
<arg>login</arg>
<doc>Returns a list containing given items.</doc>
<status status="PASS" start="2024-08-01T23:15:51.112847" elapsed="0.000173"/>
</kw>
<for flavor="IN">
<iter>
<kw name="Dictionary Should Contain Key" owner="Collections">
<arg>${json_data['results'][0]}</arg>
<arg>${key}</arg>
<doc>Fails if ``key`` is not found from ``dictionary``.</doc>
<status status="PASS" start="2024-08-01T23:15:51.113608" elapsed="0.000476"/>
</kw>
<kw name="Log" owner="BuiltIn">
<msg time="2024-08-01T23:15:51.114671" level="INFO">{'gender': 'male', 'name': {'title': 'Mr', 'first': 'Isak', 'last': 'Løland'}, 'location': {'street': {'number': 255, 'name': 'Bjørnheimveien'}, 'city': 'Røstlandet', 'state': 'Description', 'country': 'Norway', 'postcode': '7453', 'coordinates': {'latitude': '44.1376', 'longitude': '-96.0065'}, 'timezone': {'offset': '-7:00', 'description': 'Mountain Time (US &amp; Canada)'}}, 'email': 'isak.loland@example.com', 'login': {'uuid': '68201a34-67b6-4121-8702-897a0afd3674', 'username': 'angrydog587', 'password': 'julio', 'salt': 'yDTzgifU', 'md5': '0bbe19fabf1e096ddda76afb2151f67c', 'sha1': '971ba1ff0e96e4d01bd81a643e7ad395390f5fb6', 'sha256': '84c0c9296c83227ffd2b2083725d5311a9b7b00d95c842c12e722c2151d6fc52'}, 'dob': {'date': '1977-04-26T16:11:16.491Z', 'age': 47}, 'registered': {'date': '2011-02-12T08:16:30.393Z', 'age': 13}, 'phone': '26982442', 'cell': '46251392', 'id': {'name': 'FN', 'value': '26047700999'}, 'picture': {'large': 'https://randomuser.me/api/portraits/men/64.jpg', 'medium': 'https://randomuser.me/api/portraits/med/men/64.jpg', 'thumbnail': 'https://randomuser.me/api/portraits/thumb/men/64.jpg'}, 'nat': 'NO'}</msg>
<arg>${json_data['results'][0]}</arg>
<doc>Logs the given message with the given level.</doc>
<status status="PASS" start="2024-08-01T23:15:51.114298" elapsed="0.000424"/>
</kw>
<kw name="Log" owner="BuiltIn">
<msg time="2024-08-01T23:15:51.115151" level="INFO">gender</msg>
<arg>${key}</arg>
<doc>Logs the given message with the given level.</doc>
<status status="PASS" start="2024-08-01T23:15:51.115024" elapsed="0.000166"/>
</kw>
<var name="${key}">gender</var>
<status status="PASS" start="2024-08-01T23:15:51.113481" elapsed="0.001930"/>
</iter>
<iter>
<kw name="Dictionary Should Contain Key" owner="Collections">
<arg>${json_data['results'][0]}</arg>
<arg>${key}</arg>
<doc>Fails if ``key`` is not found from ``dictionary``.</doc>
<status status="PASS" start="2024-08-01T23:15:51.115718" elapsed="0.000391"/>
</kw>
<kw name="Log" owner="BuiltIn">
<msg time="2024-08-01T23:15:51.116672" level="INFO">{'gender': 'male', 'name': {'title': 'Mr', 'first': 'Isak', 'last': 'Løland'}, 'location': {'street': {'number': 255, 'name': 'Bjørnheimveien'}, 'city': 'Røstlandet', 'state': 'Description', 'country': 'Norway', 'postcode': '7453', 'coordinates': {'latitude': '44.1376', 'longitude': '-96.0065'}, 'timezone': {'offset': '-7:00', 'description': 'Mountain Time (US &amp; Canada)'}}, 'email': 'isak.loland@example.com', 'login': {'uuid': '68201a34-67b6-4121-8702-897a0afd3674', 'username': 'angrydog587', 'password': 'julio', 'salt': 'yDTzgifU', 'md5': '0bbe19fabf1e096ddda76afb2151f67c', 'sha1': '971ba1ff0e96e4d01bd81a643e7ad395390f5fb6', 'sha256': '84c0c9296c83227ffd2b2083725d5311a9b7b00d95c842c12e722c2151d6fc52'}, 'dob': {'date': '1977-04-26T16:11:16.491Z', 'age': 47}, 'registered': {'date': '2011-02-12T08:16:30.393Z', 'age': 13}, 'phone': '26982442', 'cell': '46251392', 'id': {'name': 'FN', 'value': '26047700999'}, 'picture': {'large': 'https://randomuser.me/api/portraits/men/64.jpg', 'medium': 'https://randomuser.me/api/portraits/med/men/64.jpg', 'thumbnail': 'https://randomuser.me/api/portraits/thumb/men/64.jpg'}, 'nat': 'NO'}</msg>
<arg>${json_data['results'][0]}</arg>
<doc>Logs the given message with the given level.</doc>
<status status="PASS" start="2024-08-01T23:15:51.116295" elapsed="0.000476"/>
</kw>
<kw name="Log" owner="BuiltIn">
<msg time="2024-08-01T23:15:51.117260" level="INFO">name</msg>
<arg>${key}</arg>
<doc>Logs the given message with the given level.</doc>
<status status="PASS" start="2024-08-01T23:15:51.117125" elapsed="0.000172"/>
</kw>
<var name="${key}">name</var>
<status status="PASS" start="2024-08-01T23:15:51.115604" elapsed="0.001918"/>
</iter>
<iter>
<kw name="Dictionary Should Contain Key" owner="Collections">
<arg>${json_data['results'][0]}</arg>
<arg>${key}</arg>
<doc>Fails if ``key`` is not found from ``dictionary``.</doc>
<status status="PASS" start="2024-08-01T23:15:51.117815" elapsed="0.000424"/>
</kw>
<kw name="Log" owner="BuiltIn">
<msg time="2024-08-01T23:15:51.118782" level="INFO">{'gender': 'male', 'name': {'title': 'Mr', 'first': 'Isak', 'last': 'Løland'}, 'location': {'street': {'number': 255, 'name': 'Bjørnheimveien'}, 'city': 'Røstlandet', 'state': 'Description', 'country': 'Norway', 'postcode': '7453', 'coordinates': {'latitude': '44.1376', 'longitude': '-96.0065'}, 'timezone': {'offset': '-7:00', 'description': 'Mountain Time (US &amp; Canada)'}}, 'email': 'isak.loland@example.com', 'login': {'uuid': '68201a34-67b6-4121-8702-897a0afd3674', 'username': 'angrydog587', 'password': 'julio', 'salt': 'yDTzgifU', 'md5': '0bbe19fabf1e096ddda76afb2151f67c', 'sha1': '971ba1ff0e96e4d01bd81a643e7ad395390f5fb6', 'sha256': '84c0c9296c83227ffd2b2083725d5311a9b7b00d95c842c12e722c2151d6fc52'}, 'dob': {'date': '1977-04-26T16:11:16.491Z', 'age': 47}, 'registered': {'date': '2011-02-12T08:16:30.393Z', 'age': 13}, 'phone': '26982442', 'cell': '46251392', 'id': {'name': 'FN', 'value': '26047700999'}, 'picture': {'large': 'https://randomuser.me/api/portraits/men/64.jpg', 'medium': 'https://randomuser.me/api/portraits/med/men/64.jpg', 'thumbnail': 'https://randomuser.me/api/portraits/thumb/men/64.jpg'}, 'nat': 'NO'}</msg>
<arg>${json_data['results'][0]}</arg>
<doc>Logs the given message with the given level.</doc>
<status status="PASS" start="2024-08-01T23:15:51.118429" elapsed="0.000402"/>
</kw>
<kw name="Log" owner="BuiltIn">
<msg time="2024-08-01T23:15:51.119290" level="INFO">location</msg>
<arg>${key}</arg>
<doc>Logs the given message with the given level.</doc>
<status status="PASS" start="2024-08-01T23:15:51.119160" elapsed="0.000173"/>
</kw>
<var name="${key}">location</var>
<status status="PASS" start="2024-08-01T23:15:51.117706" elapsed="0.001884"/>
</iter>
<iter>
<kw name="Dictionary Should Contain Key" owner="Collections">
<arg>${json_data['results'][0]}</arg>
<arg>${key}</arg>
<doc>Fails if ``key`` is not found from ``dictionary``.</doc>
<status status="PASS" start="2024-08-01T23:15:51.119887" elapsed="0.000382"/>
</kw>
<kw name="Log" owner="BuiltIn">
<msg time="2024-08-01T23:15:51.120942" level="INFO">{'gender': 'male', 'name': {'title': 'Mr', 'first': 'Isak', 'last': 'Løland'}, 'location': {'street': {'number': 255, 'name': 'Bjørnheimveien'}, 'city': 'Røstlandet', 'state': 'Description', 'country': 'Norway', 'postcode': '7453', 'coordinates': {'latitude': '44.1376', 'longitude': '-96.0065'}, 'timezone': {'offset': '-7:00', 'description': 'Mountain Time (US &amp; Canada)'}}, 'email': 'isak.loland@example.com', 'login': {'uuid': '68201a34-67b6-4121-8702-897a0afd3674', 'username': 'angrydog587', 'password': 'julio', 'salt': 'yDTzgifU', 'md5': '0bbe19fabf1e096ddda76afb2151f67c', 'sha1': '971ba1ff0e96e4d01bd81a643e7ad395390f5fb6', 'sha256': '84c0c9296c83227ffd2b2083725d5311a9b7b00d95c842c12e722c2151d6fc52'}, 'dob': {'date': '1977-04-26T16:11:16.491Z', 'age': 47}, 'registered': {'date': '2011-02-12T08:16:30.393Z', 'age': 13}, 'phone': '26982442', 'cell': '46251392', 'id': {'name': 'FN', 'value': '26047700999'}, 'picture': {'large': 'https://randomuser.me/api/portraits/men/64.jpg', 'medium': 'https://randomuser.me/api/portraits/med/men/64.jpg', 'thumbnail': 'https://randomuser.me/api/portraits/thumb/men/64.jpg'}, 'nat': 'NO'}</msg>
<arg>${json_data['results'][0]}</arg>
<doc>Logs the given message with the given level.</doc>
<status status="PASS" start="2024-08-01T23:15:51.120586" elapsed="0.000406"/>
</kw>
<kw name="Log" owner="BuiltIn">
<msg time="2024-08-01T23:15:51.121419" level="INFO">email</msg>
<arg>${key}</arg>
<doc>Logs the given message with the given level.</doc>
<status status="PASS" start="2024-08-01T23:15:51.121290" elapsed="0.000167"/>
</kw>
<var name="${key}">email</var>
<status status="PASS" start="2024-08-01T23:15:51.119774" elapsed="0.001895"/>
</iter>
<iter>
<kw name="Dictionary Should Contain Key" owner="Collections">
<arg>${json_data['results'][0]}</arg>
<arg>${key}</arg>
<doc>Fails if ``key`` is not found from ``dictionary``.</doc>
<status status="PASS" start="2024-08-01T23:15:51.122003" elapsed="0.000394"/>
</kw>
<kw name="Log" owner="BuiltIn">
<msg time="2024-08-01T23:15:51.122930" level="INFO">{'gender': 'male', 'name': {'title': 'Mr', 'first': 'Isak', 'last': 'Løland'}, 'location': {'street': {'number': 255, 'name': 'Bjørnheimveien'}, 'city': 'Røstlandet', 'state': 'Description', 'country': 'Norway', 'postcode': '7453', 'coordinates': {'latitude': '44.1376', 'longitude': '-96.0065'}, 'timezone': {'offset': '-7:00', 'description': 'Mountain Time (US &amp; Canada)'}}, 'email': 'isak.loland@example.com', 'login': {'uuid': '68201a34-67b6-4121-8702-897a0afd3674', 'username': 'angrydog587', 'password': 'julio', 'salt': 'yDTzgifU', 'md5': '0bbe19fabf1e096ddda76afb2151f67c', 'sha1': '971ba1ff0e96e4d01bd81a643e7ad395390f5fb6', 'sha256': '84c0c9296c83227ffd2b2083725d5311a9b7b00d95c842c12e722c2151d6fc52'}, 'dob': {'date': '1977-04-26T16:11:16.491Z', 'age': 47}, 'registered': {'date': '2011-02-12T08:16:30.393Z', 'age': 13}, 'phone': '26982442', 'cell': '46251392', 'id': {'name': 'FN', 'value': '26047700999'}, 'picture': {'large': 'https://randomuser.me/api/portraits/men/64.jpg', 'medium': 'https://randomuser.me/api/portraits/med/men/64.jpg', 'thumbnail': 'https://randomuser.me/api/portraits/thumb/men/64.jpg'}, 'nat': 'NO'}</msg>
<arg>${json_data['results'][0]}</arg>
<doc>Logs the given message with the given level.</doc>
<status status="PASS" start="2024-08-01T23:15:51.122577" elapsed="0.000402"/>
</kw>
<kw name="Log" owner="BuiltIn">
<msg time="2024-08-01T23:15:51.123397" level="INFO">login</msg>
<arg>${key}</arg>
<doc>Logs the given message with the given level.</doc>
<status status="PASS" start="2024-08-01T23:15:51.123271" elapsed="0.000162"/>
</kw>
<var name="${key}">login</var>
<status status="PASS" start="2024-08-01T23:15:51.121846" elapsed="0.001800"/>
</iter>
<var>${key}</var>
<value>@{expected_keys}</value>
<status status="PASS" start="2024-08-01T23:15:51.113283" elapsed="0.010484"/>
</for>
<kw name="Create List" owner="BuiltIn">
<msg time="2024-08-01T23:15:51.124093" level="INFO">${expected_keysTwo} = ['username', 'password']</msg>
<var>${expected_keysTwo}</var>
<arg>username</arg>
<arg>password</arg>
<doc>Returns a list containing given items.</doc>
<status status="PASS" start="2024-08-01T23:15:51.123960" elapsed="0.000158"/>
</kw>
<for flavor="IN">
<iter>
<kw name="Dictionary Should Contain Key" owner="Collections">
<arg>${json_data['results'][0]['login']}</arg>
<arg>${keyTwo}</arg>
<doc>Fails if ``key`` is not found from ``dictionary``.</doc>
<status status="PASS" start="2024-08-01T23:15:51.124644" elapsed="0.000379"/>
</kw>
<kw name="Dictionary Should Contain Key" owner="Collections">
<arg>${json_data['results'][0]['login']}</arg>
<arg>${keyTwo}</arg>
<doc>Fails if ``key`` is not found from ``dictionary``.</doc>
<status status="PASS" start="2024-08-01T23:15:51.125205" elapsed="0.000364"/>
</kw>
<kw name="Log" owner="BuiltIn">
<msg time="2024-08-01T23:15:51.125865" level="INFO">username</msg>
<arg>${keyTwo}</arg>
<doc>Logs the given message with the given level.</doc>
<status status="PASS" start="2024-08-01T23:15:51.125746" elapsed="0.000156"/>
</kw>
<var name="${keyTwo}">username</var>
<status status="PASS" start="2024-08-01T23:15:51.124538" elapsed="0.001620"/>
</iter>
<iter>
<kw name="Dictionary Should Contain Key" owner="Collections">
<arg>${json_data['results'][0]['login']}</arg>
<arg>${keyTwo}</arg>
<doc>Fails if ``key`` is not found from ``dictionary``.</doc>
<status status="PASS" start="2024-08-01T23:15:51.126442" elapsed="0.000380"/>
</kw>
<kw name="Dictionary Should Contain Key" owner="Collections">
<arg>${json_data['results'][0]['login']}</arg>
<arg>${keyTwo}</arg>
<doc>Fails if ``key`` is not found from ``dictionary``.</doc>
<status status="PASS" start="2024-08-01T23:15:51.126999" elapsed="0.000369"/>
</kw>
<kw name="Log" owner="BuiltIn">
<msg time="2024-08-01T23:15:51.127673" level="INFO">password</msg>
<arg>${keyTwo}</arg>
<doc>Logs the given message with the given level.</doc>
<status status="PASS" start="2024-08-01T23:15:51.127542" elapsed="0.000168"/>
</kw>
<var name="${keyTwo}">password</var>
<status status="PASS" start="2024-08-01T23:15:51.126330" elapsed="0.001598"/>
</iter>
<var>${keyTwo}</var>
<value>@{expected_keysTwo}</value>
<status status="PASS" start="2024-08-01T23:15:51.124380" elapsed="0.003669"/>
</for>
<status status="PASS" start="2024-08-01T23:15:51.057644" elapsed="0.070545"/>
</kw>
<doc>Testa a estrutura da resposta da API.</doc>
<tag>testeEstruturaResposta</tag>
<status status="PASS" start="2024-08-01T23:15:51.057128" elapsed="0.071221"/>
</test>
<test id="s1-s1-t4" name="Validar tipos de dados" line="28">
<kw name="Teste de Tipos de Dados" owner="random-user-service">
<kw name="GET On Session" owner="RequestsLibrary">
<msg time="2024-08-01T23:15:51.202502" level="INFO">GET Request : url=https://randomuser.me/api 
 path_url=/api 
 headers={'User-Agent': 'python-requests/2.32.3', 'Accept-Encoding': 'gzip, deflate', 'Accept': '*/*', 'Connection': 'keep-alive'} 
 body=None 
 </msg>
<msg time="2024-08-01T23:15:51.202594" level="INFO">GET Response : url=https://randomuser.me/api 
 status=200, reason=OK 
 headers={'Date': 'Thu, 01 Aug 2024 23:15:51 GMT', 'Content-Type': 'application/json; charset=utf-8', 'Transfer-Encoding': 'chunked', 'Connection': 'keep-alive', 'X-Powered-By': 'Express', 'Access-Control-Allow-Origin': '*', 'Cache-Control': 'no-cache', 'ETag': 'W/"47d-PclPTrS6ca/I+Z8GDWAC/YGJVUY"', 'Vary': 'Accept-Encoding', 'Content-Encoding': 'gzip', 'CF-Cache-Status': 'DYNAMIC', 'Report-To': '{"endpoints":[{"url":"https:\\/\\/a.nel.cloudflare.com\\/report\\/v4?s=RSIbAxTraHg7svN0ebkb0sjzn3l5ekhGFesjuhJ%2BEE185ErMHgP13mfp4Tb33cz67WgIVREj8XwQId0iqfPtx1zqb4bk7tOw8Y%2FIQ6X19vX2h2x3zibXTC8o5KfA37NO"}],"group":"cf-nel","max_age":604800}', 'NEL': '{"success_fraction":0,"report_to":"cf-nel","max_age":604800}', 'Server': 'cloudflare', 'CF-RAY': '8ac988549a2bc9a0-IAD', 'alt-svc': 'h3=":443"; ma=86400'} 
 body={"results":[{"gender":"male","name":{"title":"Mr","first":"سینا","last":"حسینی"},"location":{"street":{"number":9530,"name":"نبرد"},"city":"کاشان","state":"ایلام","country":"Iran","postcode":42398,"coordinates":{"latitude":"20.4527","longitude":"-44.2687"},"timezone":{"offset":"+4:00","description":"Abu Dhabi, Muscat, Baku, Tbilisi"}},"email":"syn.hsyny@example.com","login":{"uuid":"81afde35-9857-45f4-af1f-9f9dec0d2489","username":"bigzebra612","password":"wrestling","salt":"JFtBv9px","md5":"2132808392d666d86fd582ff74e0a7e7","sha1":"8b67582aecb9ad9e5f97b49e2d92ccd0e7be1445","sha256":"d0fad1e56a72533eb7a676bd0b4f504e140c9b02ab92c190ee040ba9f89ff182"},"dob":{"date":"1999-08-14T10:20:09.602Z","age":24},"registered":{"date":"2014-07-02T22:28:17.843Z","age":10},"phone":"098-08135585","cell":"0999-300-1428","id":{"name":"","value":null},"picture":{"large":"https://randomuser.me/api/portraits/men/83.jpg","medium":"https://randomuser.me/api/portraits/med/men/83.jpg","thumbnail":"https://randomuser.me/api/portraits/thumb/men/83.jpg"},"nat":"IR"}],"info":{"seed":"0ffd44393dbb70fa","results":1,"page":1,"version":"1.4"}} 
 </msg>
<msg time="2024-08-01T23:15:51.202673" level="INFO">/opt/hostedtoolcache/Python/3.12.4/x64/lib/python3.12/site-packages/urllib3/connectionpool.py:1099: InsecureRequestWarning: Unverified HTTPS request is being made to host 'randomuser.me'. Adding certificate verification is strongly advised. See: https://urllib3.readthedocs.io/en/latest/advanced-usage.html#tls-warnings
  warnings.warn(</msg>
<msg time="2024-08-01T23:15:51.202814" level="INFO">${response} = &lt;Response [200]&gt;</msg>
<var>${response}</var>
<arg>consultarAPI</arg>
<arg>/api</arg>
<doc>Sends a GET request on a previously created HTTP Session.</doc>
<status status="PASS" start="2024-08-01T23:15:51.130905" elapsed="0.071967"/>
</kw>
<kw name="Set Variable" owner="BuiltIn">
<msg time="2024-08-01T23:15:51.203928" level="INFO">${json_data} = {'results': [{'gender': 'male', 'name': {'title': 'Mr', 'first': 'سینا', 'last': 'حسینی'}, 'location': {'street': {'number': 9530, 'name': 'نبرد'}, 'city': 'کاشان', 'state': 'ایلام', 'country': 'Iran'...</msg>
<var>${json_data}</var>
<arg>${response.json()}</arg>
<doc>Returns the given values which can then be assigned to a variables.</doc>
<status status="PASS" start="2024-08-01T23:15:51.203368" elapsed="0.000591"/>
</kw>
<kw name="Log" owner="BuiltIn">
<msg time="2024-08-01T23:15:51.204416" level="INFO">{'results': [{'gender': 'male', 'name': {'title': 'Mr', 'first': 'سینا', 'last': 'حسینی'}, 'location': {'street': {'number': 9530, 'name': 'نبرد'}, 'city': 'کاشان', 'state': 'ایلام', 'country': 'Iran', 'postcode': 42398, 'coordinates': {'latitude': '20.4527', 'longitude': '-44.2687'}, 'timezone': {'offset': '+4:00', 'description': 'Abu Dhabi, Muscat, Baku, Tbilisi'}}, 'email': 'syn.hsyny@example.com', 'login': {'uuid': '81afde35-9857-45f4-af1f-9f9dec0d2489', 'username': 'bigzebra612', 'password': 'wrestling', 'salt': 'JFtBv9px', 'md5': '2132808392d666d86fd582ff74e0a7e7', 'sha1': '8b67582aecb9ad9e5f97b49e2d92ccd0e7be1445', 'sha256': 'd0fad1e56a72533eb7a676bd0b4f504e140c9b02ab92c190ee040ba9f89ff182'}, 'dob': {'date': '1999-08-14T10:20:09.602Z', 'age': 24}, 'registered': {'date': '2014-07-02T22:28:17.843Z', 'age': 10}, 'phone': '098-08135585', 'cell': '0999-300-1428', 'id': {'name': '', 'value': None}, 'picture': {'large': 'https://randomuser.me/api/portraits/men/83.jpg', 'medium': 'https://randomuser.me/api/portraits/med/men/83.jpg', 'thumbnail': 'https://randomuser.me/api/portraits/thumb/men/83.jpg'}, 'nat': 'IR'}], 'info': {'seed': '0ffd44393dbb70fa', 'results': 1, 'page': 1, 'version': '1.4'}}</msg>
<arg>${json_data}</arg>
<doc>Logs the given message with the given level.</doc>
<status status="PASS" start="2024-08-01T23:15:51.204262" elapsed="0.000208"/>
</kw>
<kw name="Should Be String" owner="String">
<arg>${json_data['results'][0]['gender']}</arg>
<doc>Fails if the given ``item`` is not a string.</doc>
<status status="PASS" start="2024-08-01T23:15:51.204763" elapsed="0.000368"/>
</kw>
<kw name="Should Match Regexp" owner="BuiltIn">
<arg>${json_data['results'][0]['email']}</arg>
<arg>^[a-zA-Z0-9._%+-]+@[a-zA-Z0-9.-]+\.[a-zA-Z]{2,}$</arg>
<doc>Fails if ``string`` does not match ``pattern`` as a regular expression.</doc>
<status status="PASS" start="2024-08-01T23:15:51.205317" elapsed="0.000515"/>
</kw>
<kw name="Should Match Regexp" owner="BuiltIn">
<arg>${json_data['results'][0]['dob']['date']}</arg>
<arg>\\d{4}-\\d{2}-\\d{2}T\\d{2}:\\d{2}:\\d{2}\\.\\d{3}Z</arg>
<doc>Fails if ``string`` does not match ``pattern`` as a regular expression.</doc>
<status status="PASS" start="2024-08-01T23:15:51.206101" elapsed="0.000601"/>
</kw>
<kw name="Should Match Regexp" owner="BuiltIn">
<arg>${json_data['results'][0]['registered']['date']}</arg>
<arg>\\d{4}-\\d{2}-\\d{2}T\\d{2}:\\d{2}:\\d{2}\\.\\d{3}Z</arg>
<doc>Fails if ``string`` does not match ``pattern`` as a regular expression.</doc>
<status status="PASS" start="2024-08-01T23:15:51.206895" elapsed="0.000375"/>
</kw>
<kw name="Should Match Regexp" owner="BuiltIn">
<arg>${json_data['results'][0]['picture']['large']}</arg>
<arg>^https?://.*\.(?:png|jpe?g|gif|bmp)$</arg>
<doc>Fails if ``string`` does not match ``pattern`` as a regular expression.</doc>
<status status="PASS" start="2024-08-01T23:15:51.207459" elapsed="0.000456"/>
</kw>
<kw name="Should Match Regexp" owner="BuiltIn">
<arg>${json_data['results'][0]['picture']['medium']}</arg>
<arg>^https?://.*\.(?:png|jpe?g|gif|bmp)$</arg>
<doc>Fails if ``string`` does not match ``pattern`` as a regular expression.</doc>
<status status="PASS" start="2024-08-01T23:15:51.208104" elapsed="0.000349"/>
</kw>
<kw name="Should Match Regexp" owner="BuiltIn">
<arg>${json_data['results'][0]['picture']['thumbnail']}</arg>
<arg>^https?://.*\.(?:png|jpe?g|gif|bmp)$</arg>
<doc>Fails if ``string`` does not match ``pattern`` as a regular expression.</doc>
<status status="PASS" start="2024-08-01T23:15:51.208636" elapsed="0.000344"/>
</kw>
<kw name="Log" owner="BuiltIn">
<msg time="2024-08-01T23:15:51.209475" level="INFO">{'large': 'https://randomuser.me/api/portraits/men/83.jpg', 'medium': 'https://randomuser.me/api/portraits/med/men/83.jpg', 'thumbnail': 'https://randomuser.me/api/portraits/thumb/men/83.jpg'}</msg>
<arg>${json_data['results'][0]['picture']}</arg>
<doc>Logs the given message with the given level.</doc>
<status status="PASS" start="2024-08-01T23:15:51.209158" elapsed="0.000358"/>
</kw>
<status status="PASS" start="2024-08-01T23:15:51.130677" elapsed="0.079093"/>
</kw>
<kw name="Teste de Tipos de Dados - Postcode" owner="random-user-service">
<kw name="GET On Session" owner="RequestsLibrary">
<msg time="2024-08-01T23:15:51.301896" level="INFO">GET Request : url=https://randomuser.me/api 
 path_url=/api 
 headers={'User-Agent': 'python-requests/2.32.3', 'Accept-Encoding': 'gzip, deflate', 'Accept': '*/*', 'Connection': 'keep-alive'} 
 body=None 
 </msg>
<msg time="2024-08-01T23:15:51.302029" level="INFO">GET Response : url=https://randomuser.me/api 
 status=200, reason=OK 
 headers={'Date': 'Thu, 01 Aug 2024 23:15:51 GMT', 'Content-Type': 'application/json; charset=utf-8', 'Transfer-Encoding': 'chunked', 'Connection': 'keep-alive', 'X-Powered-By': 'Express', 'Access-Control-Allow-Origin': '*', 'Cache-Control': 'no-cache', 'ETag': 'W/"489-RJ5R/5rhcE5NX8B2wPsU87EyjNc"', 'Vary': 'Accept-Encoding', 'Content-Encoding': 'gzip', 'CF-Cache-Status': 'DYNAMIC', 'Report-To': '{"endpoints":[{"url":"https:\\/\\/a.nel.cloudflare.com\\/report\\/v4?s=Hu%2F97wGAjf7tDLjtulAsNN5KX0VBU%2FD7uINhELNrlSvj4V438%2BP03PzHXJEAD2zFrwH62iu8fjDreWc2STWMVHVReW14oBeWgbphwaWQkyUboGu1IU%2Fda%2FAhkqQpJXNV"}],"group":"cf-nel","max_age":604800}', 'NEL': '{"success_fraction":0,"report_to":"cf-nel","max_age":604800}', 'Server': 'cloudflare', 'CF-RAY': '8ac988551b4dc9a0-IAD', 'alt-svc': 'h3=":443"; ma=86400'} 
 body={"results":[{"gender":"female","name":{"title":"Ms","first":"Danica","last":"Jevremović"},"location":{"street":{"number":3727,"name":"Davidovićev Sokak"},"city":"Srbobran","state":"Pomoravlje","country":"Serbia","postcode":74745,"coordinates":{"latitude":"60.2542","longitude":"144.9291"},"timezone":{"offset":"-9:00","description":"Alaska"}},"email":"danica.jevremovic@example.com","login":{"uuid":"24b152c9-b1b5-488d-9fdf-10e1d37738aa","username":"yellowbutterfly114","password":"sinner","salt":"hTuFH2K7","md5":"f943f265bf57444afa73aebb478ba566","sha1":"92b227400e79887bedc7d58fdc66de33114ea128","sha256":"84c736e804a64c4fe6ea3942cad88d1eb4d4e3d834c0fab70e9b773f139e8ddf"},"dob":{"date":"1994-10-07T16:29:24.300Z","age":29},"registered":{"date":"2004-03-24T02:30:05.434Z","age":20},"phone":"014-4256-616","cell":"066-7500-595","id":{"name":"SID","value":"598902686"},"picture":{"large":"https://randomuser.me/api/portraits/women/82.jpg","medium":"https://randomuser.me/api/portraits/med/women/82.jpg","thumbnail":"https://randomuser.me/api/portraits/thumb/women/82.jpg"},"nat":"RS"}],"info":{"seed":"9043071150924a79","results":1,"page":1,"version":"1.4"}} 
 </msg>
<msg time="2024-08-01T23:15:51.302108" level="INFO">/opt/hostedtoolcache/Python/3.12.4/x64/lib/python3.12/site-packages/urllib3/connectionpool.py:1099: InsecureRequestWarning: Unverified HTTPS request is being made to host 'randomuser.me'. Adding certificate verification is strongly advised. See: https://urllib3.readthedocs.io/en/latest/advanced-usage.html#tls-warnings
  warnings.warn(</msg>
<msg time="2024-08-01T23:15:51.302253" level="INFO">${response} = &lt;Response [200]&gt;</msg>
<var>${response}</var>
<arg>consultarAPI</arg>
<arg>/api</arg>
<doc>Sends a GET request on a previously created HTTP Session.</doc>
<status status="PASS" start="2024-08-01T23:15:51.210245" elapsed="0.092049"/>
</kw>
<kw name="Set Variable" owner="BuiltIn">
<msg time="2024-08-01T23:15:51.303237" level="INFO">${json_data} = {'results': [{'gender': 'female', 'name': {'title': 'Ms', 'first': 'Danica', 'last': 'Jevremović'}, 'location': {'street': {'number': 3727, 'name': 'Davidovićev Sokak'}, 'city': 'Srbobran', 'state': '...</msg>
<var>${json_data}</var>
<arg>${response.json()}</arg>
<doc>Returns the given values which can then be assigned to a variables.</doc>
<status status="PASS" start="2024-08-01T23:15:51.302749" elapsed="0.000518"/>
</kw>
<kw name="Log" owner="BuiltIn">
<msg time="2024-08-01T23:15:51.303731" level="INFO">{'results': [{'gender': 'female', 'name': {'title': 'Ms', 'first': 'Danica', 'last': 'Jevremović'}, 'location': {'street': {'number': 3727, 'name': 'Davidovićev Sokak'}, 'city': 'Srbobran', 'state': 'Pomoravlje', 'country': 'Serbia', 'postcode': 74745, 'coordinates': {'latitude': '60.2542', 'longitude': '144.9291'}, 'timezone': {'offset': '-9:00', 'description': 'Alaska'}}, 'email': 'danica.jevremovic@example.com', 'login': {'uuid': '24b152c9-b1b5-488d-9fdf-10e1d37738aa', 'username': 'yellowbutterfly114', 'password': 'sinner', 'salt': 'hTuFH2K7', 'md5': 'f943f265bf57444afa73aebb478ba566', 'sha1': '92b227400e79887bedc7d58fdc66de33114ea128', 'sha256': '84c736e804a64c4fe6ea3942cad88d1eb4d4e3d834c0fab70e9b773f139e8ddf'}, 'dob': {'date': '1994-10-07T16:29:24.300Z', 'age': 29}, 'registered': {'date': '2004-03-24T02:30:05.434Z', 'age': 20}, 'phone': '014-4256-616', 'cell': '066-7500-595', 'id': {'name': 'SID', 'value': '598902686'}, 'picture': {'large': 'https://randomuser.me/api/portraits/women/82.jpg', 'medium': 'https://randomuser.me/api/portraits/med/women/82.jpg', 'thumbnail': 'https://randomuser.me/api/portraits/thumb/women/82.jpg'}, 'nat': 'RS'}], 'info': {'seed': '9043071150924a79', 'results': 1, 'page': 1, 'version': '1.4'}}</msg>
<arg>${json_data}</arg>
<doc>Logs the given message with the given level.</doc>
<status status="PASS" start="2024-08-01T23:15:51.303573" elapsed="0.000206"/>
</kw>
<kw name="Should Be Equal As Numbers" owner="BuiltIn">
<arg>${json_data['results'][0]['location']['postcode']}</arg>
<arg>${json_data['results'][0]['location']['postcode']}</arg>
<doc>Fails if objects are unequal after converting them to real numbers.</doc>
<status status="PASS" start="2024-08-01T23:15:51.304077" elapsed="0.000628"/>
</kw>
<kw name="Log" owner="BuiltIn">
<msg time="2024-08-01T23:15:51.305231" level="INFO">74745</msg>
<arg>${json_data['results'][0]['location']['postcode']}</arg>
<doc>Logs the given message with the given level.</doc>
<status status="PASS" start="2024-08-01T23:15:51.304900" elapsed="0.000371"/>
</kw>
<status status="PASS" start="2024-08-01T23:15:51.210015" elapsed="0.095541"/>
</kw>
<doc>Testa se os tipos de dados na resposta da API estão corretos.</doc>
<tag>testeTiposDados</tag>
<status status="PASS" start="2024-08-01T23:15:51.130106" elapsed="0.175625"/>
</test>
<test id="s1-s1-t5" name="Validar conteudo" line="35">
<kw name="Teste de Tipos de Conteudo" owner="random-user-service">
<kw name="GET On Session" owner="RequestsLibrary">
<msg time="2024-08-01T23:15:51.405794" level="INFO">GET Request : url=https://randomuser.me/api 
 path_url=/api 
 headers={'User-Agent': 'python-requests/2.32.3', 'Accept-Encoding': 'gzip, deflate', 'Accept': '*/*', 'Connection': 'keep-alive'} 
 body=None 
 </msg>
<msg time="2024-08-01T23:15:51.405891" level="INFO">GET Response : url=https://randomuser.me/api 
 status=200, reason=OK 
 headers={'Date': 'Thu, 01 Aug 2024 23:15:51 GMT', 'Content-Type': 'application/json; charset=utf-8', 'Transfer-Encoding': 'chunked', 'Connection': 'keep-alive', 'X-Powered-By': 'Express', 'Access-Control-Allow-Origin': '*', 'Cache-Control': 'no-cache', 'ETag': 'W/"4a0-hlGCB1GkkdVuc7SUxoDrc+Yvhs8"', 'Vary': 'Accept-Encoding', 'Content-Encoding': 'gzip', 'CF-Cache-Status': 'DYNAMIC', 'Report-To': '{"endpoints":[{"url":"https:\\/\\/a.nel.cloudflare.com\\/report\\/v4?s=AI8W1WrOL5ZoCKWlCiJUChamIGnxHm5sKdRgYek%2FohIJc%2FLosVGR%2Fh7p3tiWTtkI2yWtp9HyBSZUYSejQXqSXyDWkoSSwtqGvN2S3WSn7mGO6dGKvvehLu3XKNUGzWXR"}],"group":"cf-nel","max_age":604800}', 'NEL': '{"success_fraction":0,"report_to":"cf-nel","max_age":604800}', 'Server': 'cloudflare', 'CF-RAY': '8ac98855bd15c9a0-IAD', 'alt-svc': 'h3=":443"; ma=86400'} 
 body={"results":[{"gender":"female","name":{"title":"Mrs","first":"Mathilde","last":"Sørensen"},"location":{"street":{"number":1686,"name":"Overgade"},"city":"Brøndby Strand","state":"Midtjylland","country":"Denmark","postcode":58704,"coordinates":{"latitude":"-46.9456","longitude":"151.9193"},"timezone":{"offset":"+5:00","description":"Ekaterinburg, Islamabad, Karachi, Tashkent"}},"email":"mathilde.sorensen@example.com","login":{"uuid":"ae6a2927-892c-417d-9e06-36569a80b899","username":"happyduck450","password":"7777","salt":"LhXeEYu4","md5":"50e7739c6967afaa55edaac84f61cc9f","sha1":"d04eede14042073c726c7fc61aaab36f643e2912","sha256":"fe80787c5c8951e8bcbdec04e610f296d8906ea87bf12b9acd2d9c013b42adbb"},"dob":{"date":"1963-03-12T05:57:10.721Z","age":61},"registered":{"date":"2010-08-08T04:47:33.312Z","age":13},"phone":"65075557","cell":"30237247","id":{"name":"CPR","value":"110363-0814"},"picture":{"large":"https://randomuser.me/api/portraits/women/55.jpg","medium":"https://randomuser.me/api/portraits/med/women/55.jpg","thumbnail":"https://randomuser.me/api/portraits/thumb/women/55.jpg"},"nat":"DK"}],"info":{"seed":"ca1f9cb252fb6b55","results":1,"page":1,"version":"1.4"}} 
 </msg>
<msg time="2024-08-01T23:15:51.405999" level="INFO">/opt/hostedtoolcache/Python/3.12.4/x64/lib/python3.12/site-packages/urllib3/connectionpool.py:1099: InsecureRequestWarning: Unverified HTTPS request is being made to host 'randomuser.me'. Adding certificate verification is strongly advised. See: https://urllib3.readthedocs.io/en/latest/advanced-usage.html#tls-warnings
  warnings.warn(</msg>
<msg time="2024-08-01T23:15:51.406116" level="INFO">${response} = &lt;Response [200]&gt;</msg>
<var>${response}</var>
<arg>consultarAPI</arg>
<arg>/api</arg>
<doc>Sends a GET request on a previously created HTTP Session.</doc>
<status status="PASS" start="2024-08-01T23:15:51.308306" elapsed="0.097836"/>
</kw>
<kw name="Set Variable" owner="BuiltIn">
<msg time="2024-08-01T23:15:51.407214" level="INFO">${json_data} = {'results': [{'gender': 'female', 'name': {'title': 'Mrs', 'first': 'Mathilde', 'last': 'Sørensen'}, 'location': {'street': {'number': 1686, 'name': 'Overgade'}, 'city': 'Brøndby Strand', 'state': 'Mi...</msg>
<var>${json_data}</var>
<arg>${response.json()}</arg>
<doc>Returns the given values which can then be assigned to a variables.</doc>
<status status="PASS" start="2024-08-01T23:15:51.406694" elapsed="0.000550"/>
</kw>
<kw name="Set Variable" owner="BuiltIn">
<msg time="2024-08-01T23:15:51.407937" level="INFO">${name_title} = Mrs</msg>
<var>${name_title}</var>
<arg>${json_data["results"][0]["name"]["title"]}</arg>
<doc>Returns the given values which can then be assigned to a variables.</doc>
<status status="PASS" start="2024-08-01T23:15:51.407553" elapsed="0.000409"/>
</kw>
<kw name="Create List" owner="BuiltIn">
<msg time="2024-08-01T23:15:51.408404" level="INFO">${allowed_titles} = ['Mr', 'Ms', 'Miss', 'Mrs', 'Madame', 'Monsieur']</msg>
<var>${allowed_titles}</var>
<arg>Mr</arg>
<arg>Ms</arg>
<arg>Miss</arg>
<arg>Mrs</arg>
<arg>Madame</arg>
<arg>Monsieur</arg>
<doc>Returns a list containing given items.</doc>
<status status="PASS" start="2024-08-01T23:15:51.408257" elapsed="0.000172"/>
</kw>
<kw name="List Should Contain Value" owner="Collections">
<arg>${allowed_titles}</arg>
<arg>${name_title}</arg>
<doc>Fails if the ``value`` is not found from ``list``.</doc>
<status status="PASS" start="2024-08-01T23:15:51.408727" elapsed="0.000178"/>
</kw>
<kw name="Set Variable" owner="BuiltIn">
<msg time="2024-08-01T23:15:51.409460" level="INFO">${name_country} = DK</msg>
<var>${name_country}</var>
<arg>${json_data["results"][0]["nat"]}</arg>
<doc>Returns the given values which can then be assigned to a variables.</doc>
<status status="PASS" start="2024-08-01T23:15:51.409092" elapsed="0.000393"/>
</kw>
<kw name="Create List" owner="BuiltIn">
<msg time="2024-08-01T23:15:51.410390" level="INFO">${list_country} = ['AD', 'AE', 'AF', 'AG', 'AI', 'AL', 'AM', 'AO', 'AQ', 'AR', 'AS', 'AT', 'AU', 'AW', 'AX', 'AZ', 'BA', 'BB', 'BD', 'BE', 'BF', 'BG', 'BH', 'BI', 'BJ', 'BL', 'BM', 'BN', 'BO', 'BQ', 'BR', 'BS', 'BT', '...</msg>
<var>${list_country}</var>
<arg>AD</arg>
<arg>AE</arg>
<arg>AF</arg>
<arg>AG</arg>
<arg>AI</arg>
<arg>AL</arg>
<arg>AM</arg>
<arg>AO</arg>
<arg>AQ</arg>
<arg>AR</arg>
<arg>AS</arg>
<arg>AT</arg>
<arg>AU</arg>
<arg>AW</arg>
<arg>AX</arg>
<arg>AZ</arg>
<arg>BA</arg>
<arg>BB</arg>
<arg>BD</arg>
<arg>BE</arg>
<arg>BF</arg>
<arg>BG</arg>
<arg>BH</arg>
<arg>BI</arg>
<arg>BJ</arg>
<arg>BL</arg>
<arg>BM</arg>
<arg>BN</arg>
<arg>BO</arg>
<arg>BQ</arg>
<arg>BR</arg>
<arg>BS</arg>
<arg>BT</arg>
<arg>BV</arg>
<arg>BW</arg>
<arg>BY</arg>
<arg>BZ</arg>
<arg>CA</arg>
<arg>CC</arg>
<arg>CD</arg>
<arg>CF</arg>
<arg>CG</arg>
<arg>CH</arg>
<arg>CI</arg>
<arg>CK</arg>
<arg>CL</arg>
<arg>CM</arg>
<arg>CN</arg>
<arg>CO</arg>
<arg>CR</arg>
<arg>CU</arg>
<arg>CV</arg>
<arg>CW</arg>
<arg>CX</arg>
<arg>CY</arg>
<arg>CZ</arg>
<arg>DE</arg>
<arg>DJ</arg>
<arg>DK</arg>
<arg>DM</arg>
<arg>DO</arg>
<arg>DZ</arg>
<arg>EC</arg>
<arg>EE</arg>
<arg>EG</arg>
<arg>EH</arg>
<arg>ER</arg>
<arg>ES</arg>
<arg>ET</arg>
<arg>FI</arg>
<arg>FJ</arg>
<arg>FK</arg>
<arg>FM</arg>
<arg>FO</arg>
<arg>FR</arg>
<arg>GA</arg>
<arg>GB</arg>
<arg>GD</arg>
<arg>GE</arg>
<arg>GF</arg>
<arg>GG</arg>
<arg>GH</arg>
<arg>GI</arg>
<arg>GL</arg>
<arg>GM</arg>
<arg>GN</arg>
<arg>GP</arg>
<arg>GQ</arg>
<arg>GR</arg>
<arg>GS</arg>
<arg>GT</arg>
<arg>GU</arg>
<arg>GW</arg>
<arg>GY</arg>
<arg>HK</arg>
<arg>HM</arg>
<arg>HN</arg>
<arg>HR</arg>
<arg>HT</arg>
<arg>HU</arg>
<arg>ID</arg>
<arg>IE</arg>
<arg>IL</arg>
<arg>IM</arg>
<arg>IN</arg>
<arg>IO</arg>
<arg>IQ</arg>
<arg>IR</arg>
<arg>IS</arg>
<arg>IT</arg>
<arg>JE</arg>
<arg>JM</arg>
<arg>JO</arg>
<arg>JP</arg>
<arg>KE</arg>
<arg>KG</arg>
<arg>KH</arg>
<arg>KI</arg>
<arg>KM</arg>
<arg>KN</arg>
<arg>KP</arg>
<arg>KR</arg>
<arg>KW</arg>
<arg>KY</arg>
<arg>KZ</arg>
<arg>LA</arg>
<arg>LB</arg>
<arg>LC</arg>
<arg>LI</arg>
<arg>LK</arg>
<arg>LR</arg>
<arg>LS</arg>
<arg>LT</arg>
<arg>LU</arg>
<arg>LV</arg>
<arg>LY</arg>
<arg>MA</arg>
<arg>MC</arg>
<arg>MD</arg>
<arg>ME</arg>
<arg>MF</arg>
<arg>MG</arg>
<arg>MH</arg>
<arg>MK</arg>
<arg>ML</arg>
<arg>MM</arg>
<arg>MN</arg>
<arg>MO</arg>
<arg>MP</arg>
<arg>MQ</arg>
<arg>MR</arg>
<arg>MS</arg>
<arg>MT</arg>
<arg>MU</arg>
<arg>MV</arg>
<arg>MW</arg>
<arg>MX</arg>
<arg>MY</arg>
<arg>MZ</arg>
<arg>NA</arg>
<arg>NC</arg>
<arg>NE</arg>
<arg>NF</arg>
<arg>NG</arg>
<arg>NI</arg>
<arg>NL</arg>
<arg>NO</arg>
<arg>NP</arg>
<arg>NR</arg>
<arg>NU</arg>
<arg>NZ</arg>
<arg>OM</arg>
<arg>PA</arg>
<arg>PE</arg>
<arg>PF</arg>
<arg>PG</arg>
<arg>PH</arg>
<arg>PK</arg>
<arg>PL</arg>
<arg>PM</arg>
<arg>PN</arg>
<arg>PR</arg>
<arg>PS</arg>
<arg>PT</arg>
<arg>PW</arg>
<arg>PY</arg>
<arg>QA</arg>
<arg>RE</arg>
<arg>RO</arg>
<arg>RS</arg>
<arg>RU</arg>
<arg>RW</arg>
<arg>SA</arg>
<arg>SB</arg>
<arg>SC</arg>
<arg>SD</arg>
<arg>SE</arg>
<arg>SG</arg>
<arg>SH</arg>
<arg>SI</arg>
<arg>SJ</arg>
<arg>SK</arg>
<arg>SL</arg>
<arg>SM</arg>
<arg>SN</arg>
<arg>SO</arg>
<arg>SR</arg>
<arg>SS</arg>
<arg>ST</arg>
<arg>SV</arg>
<arg>SX</arg>
<arg>SY</arg>
<arg>SZ</arg>
<arg>TC</arg>
<arg>TD</arg>
<arg>TF</arg>
<arg>TG</arg>
<arg>TH</arg>
<arg>TJ</arg>
<arg>TK</arg>
<arg>TL</arg>
<arg>TM</arg>
<arg>TN</arg>
<arg>TO</arg>
<arg>TR</arg>
<arg>TT</arg>
<arg>TV</arg>
<arg>TW</arg>
<arg>TZ</arg>
<arg>UA</arg>
<arg>UG</arg>
<arg>UM</arg>
<arg>US</arg>
<arg>UY</arg>
<arg>UZ</arg>
<arg>VA</arg>
<arg>VC</arg>
<arg>VE</arg>
<arg>VG</arg>
<arg>VI</arg>
<arg>VN</arg>
<arg>VU</arg>
<arg>WF</arg>
<arg>WS</arg>
<arg>XK</arg>
<arg>YE</arg>
<arg>YT</arg>
<arg>ZA</arg>
<arg>ZM</arg>
<arg>ZW</arg>
<doc>Returns a list containing given items.</doc>
<status status="PASS" start="2024-08-01T23:15:51.409776" elapsed="0.000641"/>
</kw>
<kw name="List Should Contain Value" owner="Collections">
<arg>${list_country}</arg>
<arg>${name_country}</arg>
<doc>Fails if the ``value`` is not found from ``list``.</doc>
<status status="PASS" start="2024-08-01T23:15:51.411390" elapsed="0.000206"/>
</kw>
<kw name="Run Keyword If" owner="BuiltIn">
<kw name="Should Be True" owner="BuiltIn">
<arg>${True}</arg>
<doc>Fails if the given condition is not true.</doc>
<status status="PASS" start="2024-08-01T23:15:51.412539" elapsed="0.000142"/>
</kw>
<arg>${json_data["results"][0]["location"]["coordinates"]["latitude"]} &gt;= -90 and ${json_data["results"][0]["location"]["coordinates"]["latitude"]} &lt;= 90</arg>
<arg>Should Be True</arg>
<arg>${True}</arg>
<doc>Runs the given keyword with the given arguments, if ``condition`` is true.</doc>
<status status="PASS" start="2024-08-01T23:15:51.411796" elapsed="0.001018"/>
</kw>
<kw name="Run Keyword If" owner="BuiltIn">
<kw name="Should Be True" owner="BuiltIn">
<arg>${True}</arg>
<doc>Fails if the given condition is not true.</doc>
<status status="PASS" start="2024-08-01T23:15:51.413696" elapsed="0.000137"/>
</kw>
<arg>${json_data["results"][0]["location"]["coordinates"]["longitude"]} &gt;= -180 and ${json_data["results"][0]["location"]["coordinates"]["longitude"]} &lt;= 180</arg>
<arg>Should Be True</arg>
<arg>${True}</arg>
<doc>Runs the given keyword with the given arguments, if ``condition`` is true.</doc>
<status status="PASS" start="2024-08-01T23:15:51.412995" elapsed="0.000992"/>
</kw>
<status status="PASS" start="2024-08-01T23:15:51.308079" elapsed="0.106042"/>
</kw>
<doc>Testa o conteúdo específico dos campos retornados pela API.</doc>
<tag>testeConteudo</tag>
<status status="PASS" start="2024-08-01T23:15:51.307532" elapsed="0.106770"/>
</test>
<status status="PASS" start="2024-08-01T23:15:50.343582" elapsed="1.072623"/>
</suite>
<status status="PASS" start="2024-08-01T23:15:50.329062" elapsed="1.092141"/>
</suite>
<statistics>
<total>
<stat pass="5" fail="0" skip="0">All Tests</stat>
</total>
<tag>
<stat pass="1" fail="0" skip="0">testeConteudo</stat>
<stat pass="1" fail="0" skip="0">testeEstruturaResposta</stat>
<stat pass="1" fail="0" skip="0">testeRequisicaoBasica</stat>
<stat pass="1" fail="0" skip="0">testeTiposDados</stat>
</tag>
<suite>
<stat pass="5" fail="0" skip="0" id="s1" name="Tests">Tests</stat>
<stat pass="5" fail="0" skip="0" id="s1-s1" name="Random-User-Test">Tests.Random-User-Test</stat>
</suite>
</statistics>
<errors>
</errors>
</robot>
