<?xml version="1.0" encoding="UTF-8"?>
<robot generator="Robot 7.0 (Python 3.12.3 on linux)" generated="2024-05-26T12:25:11.019384" rpa="false" schemaversion="5">
<suite id="s1" name="Tests" source="/home/runner/work/ApiRandomUser/ApiRandomUser/RamdonUser/tests">
<suite id="s1-s1" name="Random-User-Test" source="/home/runner/work/ApiRandomUser/ApiRandomUser/RamdonUser/tests/random-user-test.robot">
<test id="s1-s1-t1" name="Conectar" line="13">
<kw name="Conectar API" owner="random-user-service">
<kw name="Create Session" owner="RequestsLibrary">
<msg time="2024-05-26T12:25:11.404586" level="INFO">Creating Session using : alias=consultarAPI, url=https://randomuser.me/, headers={},                     cookies={}, auth=None, timeout=None, proxies=None, verify=False,                     debug=0 </msg>
<arg>consultarAPI</arg>
<arg>${URL}</arg>
<doc>Create Session: create a HTTP session to a server</doc>
<status status="PASS" start="2024-05-26T12:25:11.404384" elapsed="0.000383"/>
</kw>
<status status="PASS" start="2024-05-26T12:25:11.403329" elapsed="0.001795"/>
</kw>
<status status="PASS" start="2024-05-26T12:25:11.402715" elapsed="0.002601"/>
</test>
<test id="s1-s1-t2" name="Validar retorno 200 e JSON Válido" line="16">
<kw name="Teste de Requisicao Basica" owner="random-user-service">
<kw name="GET On Session" owner="RequestsLibrary">
<msg time="2024-05-26T12:25:11.484237" level="INFO">GET Request : url=https://randomuser.me/api 
 path_url=/api 
 headers={'User-Agent': 'python-requests/2.32.2', 'Accept-Encoding': 'gzip, deflate', 'Accept': '*/*', 'Connection': 'keep-alive'} 
 body=None 
 </msg>
<msg time="2024-05-26T12:25:11.484372" level="INFO">GET Response : url=https://randomuser.me/api 
 status=200, reason=OK 
 headers={'Date': 'Sun, 26 May 2024 12:25:11 GMT', 'Content-Type': 'application/json; charset=utf-8', 'Transfer-Encoding': 'chunked', 'Connection': 'keep-alive', 'X-Powered-By': 'Express', 'Access-Control-Allow-Origin': '*', 'Cache-Control': 'no-cache', 'ETag': 'W/"4a6-a7LTMuc+ai/W+u4gS0vD3NjiY3w"', 'Vary': 'Accept-Encoding', 'Content-Encoding': 'gzip', 'CF-Cache-Status': 'DYNAMIC', 'Report-To': '{"endpoints":[{"url":"https:\\/\\/a.nel.cloudflare.com\\/report\\/v4?s=grSm2G2iD8YxAXp4Yf5%2FvajJtkD49DePIWsN%2BRovLvwbouC6n6OrZz8N%2FWwhmqeCgIPAfeH4tmcoT8izob46D5U50r0BFdI7%2BUmY5RaMzo5bfegQbPEiZAqyvYXp8Eoj"}],"group":"cf-nel","max_age":604800}', 'NEL': '{"success_fraction":0,"report_to":"cf-nel","max_age":604800}', 'Server': 'cloudflare', 'CF-RAY': '889dbf1688d7e270-ORD', 'alt-svc': 'h3=":443"; ma=86400'} 
 body={"results":[{"gender":"male","name":{"title":"Mr","first":"Eduardo","last":"Prieto"},"location":{"street":{"number":7614,"name":"Calle de Alcalá"},"city":"Santa Cruz de Tenerife","state":"Región de Murcia","country":"Spain","postcode":53414,"coordinates":{"latitude":"-34.4369","longitude":"-17.4046"},"timezone":{"offset":"+9:00","description":"Tokyo, Seoul, Osaka, Sapporo, Yakutsk"}},"email":"eduardo.prieto@example.com","login":{"uuid":"4bec4cf7-ae08-40ae-af34-d062f8512b06","username":"bluefish851","password":"wildwood","salt":"O3cIdN3i","md5":"cc97c6adaea3b08622a63739f03316e9","sha1":"23fd67218461ebbe1bc102e78dca5fa3e5f4276f","sha256":"9be62cc43ce5893ee6360b29da911bdd65941f0b81e3b77a7077ad45a6d7717a"},"dob":{"date":"1944-12-03T00:57:57.837Z","age":79},"registered":{"date":"2010-09-01T18:39:08.613Z","age":13},"phone":"995-311-703","cell":"681-601-811","id":{"name":"DNI","value":"94009557-L"},"picture":{"large":"https://randomuser.me/api/portraits/men/17.jpg","medium":"https://randomuser.me/api/portraits/med/men/17.jpg","thumbnail":"https://randomuser.me/api/portraits/thumb/men/17.jpg"},"nat":"ES"}],"info":{"seed":"6de19f0663f01883","results":1,"page":1,"version":"1.4"}} 
 </msg>
<msg time="2024-05-26T12:25:11.484451" level="INFO">/opt/hostedtoolcache/Python/3.12.3/x64/lib/python3.12/site-packages/urllib3/connectionpool.py:1103: InsecureRequestWarning: Unverified HTTPS request is being made to host 'randomuser.me'. Adding certificate verification is strongly advised. See: https://urllib3.readthedocs.io/en/latest/advanced-usage.html#tls-warnings
  warnings.warn(</msg>
<msg time="2024-05-26T12:25:11.484582" level="INFO">${response} = &lt;Response [200]&gt;</msg>
<var>${response}</var>
<arg>consultarAPI</arg>
<arg>/api</arg>
<doc>Sends a GET request on a previously created HTTP Session.</doc>
<status status="PASS" start="2024-05-26T12:25:11.407940" elapsed="0.076681"/>
</kw>
<kw name="Should Be Equal As Numbers" owner="BuiltIn">
<msg time="2024-05-26T12:25:11.485537" level="INFO">Argument types are:
&lt;class 'int'&gt;
&lt;class 'str'&gt;</msg>
<arg>${response.status_code}</arg>
<arg>200</arg>
<doc>Fails if objects are unequal after converting them to real numbers.</doc>
<status status="PASS" start="2024-05-26T12:25:11.485099" elapsed="0.000503"/>
</kw>
<kw name="Log" owner="BuiltIn">
<msg time="2024-05-26T12:25:11.486302" level="INFO">200</msg>
<arg>${response.status_code}</arg>
<doc>Logs the given message with the given level.</doc>
<status status="PASS" start="2024-05-26T12:25:11.485941" elapsed="0.000410"/>
</kw>
<kw name="Set Variable" owner="BuiltIn">
<msg time="2024-05-26T12:25:11.487157" level="INFO">${json_data} = {'results': [{'gender': 'male', 'name': {'title': 'Mr', 'first': 'Eduardo', 'last': 'Prieto'}, 'location': {'street': {'number': 7614, 'name': 'Calle de Alcalá'}, 'city': 'Santa Cruz de Tenerife', 'st...</msg>
<var>${json_data}</var>
<arg>${response.json()}</arg>
<doc>Returns the given values which can then be assigned to a variables.</doc>
<status status="PASS" start="2024-05-26T12:25:11.486666" elapsed="0.000522"/>
</kw>
<kw name="Dictionary Should Contain Key" owner="Collections">
<msg time="2024-05-26T12:25:11.487667" level="INFO">False</msg>
<arg>${json_data}</arg>
<arg>results</arg>
<doc>Fails if ``key`` is not found from ``dictionary``.</doc>
<status status="PASS" start="2024-05-26T12:25:11.487495" elapsed="0.000360"/>
</kw>
<status status="PASS" start="2024-05-26T12:25:11.407690" elapsed="0.080435"/>
</kw>
<doc>Testa se a API responde corretamente e retorna um objeto JSON válido.</doc>
<tag>testeRequisicaoBasica</tag>
<status status="PASS" start="2024-05-26T12:25:11.407214" elapsed="0.081090"/>
</test>
<test id="s1-s1-t3" name="Validar estrutura de resposta" line="22">
<kw name="Teste de Estrutura de Resposta" owner="random-user-service">
<kw name="GET On Session" owner="RequestsLibrary">
<msg time="2024-05-26T12:25:11.586703" level="INFO">GET Request : url=https://randomuser.me/api 
 path_url=/api 
 headers={'User-Agent': 'python-requests/2.32.2', 'Accept-Encoding': 'gzip, deflate', 'Accept': '*/*', 'Connection': 'keep-alive'} 
 body=None 
 </msg>
<msg time="2024-05-26T12:25:11.586802" level="INFO">GET Response : url=https://randomuser.me/api 
 status=200, reason=OK 
 headers={'Date': 'Sun, 26 May 2024 12:25:11 GMT', 'Content-Type': 'application/json; charset=utf-8', 'Transfer-Encoding': 'chunked', 'Connection': 'keep-alive', 'X-Powered-By': 'Express', 'Access-Control-Allow-Origin': '*', 'Cache-Control': 'no-cache', 'ETag': 'W/"4a2-2B37iN1pi8v7TxotEkBekn0zXTY"', 'Vary': 'Accept-Encoding', 'Content-Encoding': 'gzip', 'CF-Cache-Status': 'DYNAMIC', 'Report-To': '{"endpoints":[{"url":"https:\\/\\/a.nel.cloudflare.com\\/report\\/v4?s=6jPGqXeTWkMOwxhovSAk%2BdaMLvu62nMnQiiRi8D5HjEzjeypC%2F07NrjF3efi8UBPfTLoCDUrUtiopQr6icivXyXu9HtZbZoKThsYFrFki4zXXG2aBB07W5BoxrMLbRaU"}],"group":"cf-nel","max_age":604800}', 'NEL': '{"success_fraction":0,"report_to":"cf-nel","max_age":604800}', 'Server': 'cloudflare', 'CF-RAY': '889dbf16d908e270-ORD', 'alt-svc': 'h3=":443"; ma=86400'} 
 body={"results":[{"gender":"male","name":{"title":"Mr","first":"Philipp","last":"Diener"},"location":{"street":{"number":7181,"name":"Grüner Weg"},"city":"Nienburg (Weser)","state":"Schleswig-Holstein","country":"Germany","postcode":32373,"coordinates":{"latitude":"-54.6397","longitude":"-54.1528"},"timezone":{"offset":"-5:00","description":"Eastern Time (US &amp; Canada), Bogota, Lima"}},"email":"philipp.diener@example.com","login":{"uuid":"c24b69e3-d43e-464b-9bb4-4391705108c9","username":"sadfish338","password":"queen","salt":"2sm5ApQu","md5":"60ca4abe7f75f2a1203037f695680aa6","sha1":"2e3470ba0765bba8bf6ff70dc1e93eb988adac88","sha256":"3896f5529e38bf007d2a1296abd4179106a539818c65b1e27aa647ba1b808c01"},"dob":{"date":"1956-03-27T04:52:50.926Z","age":68},"registered":{"date":"2014-02-20T20:03:33.883Z","age":10},"phone":"0403-0057625","cell":"0171-2385117","id":{"name":"SVNR","value":"18 260356 D 484"},"picture":{"large":"https://randomuser.me/api/portraits/men/6.jpg","medium":"https://randomuser.me/api/portraits/med/men/6.jpg","thumbnail":"https://randomuser.me/api/portraits/thumb/men/6.jpg"},"nat":"DE"}],"info":{"seed":"0de065202835ed26","results":1,"page":1,"version":"1.4"}} 
 </msg>
<msg time="2024-05-26T12:25:11.586936" level="INFO">/opt/hostedtoolcache/Python/3.12.3/x64/lib/python3.12/site-packages/urllib3/connectionpool.py:1103: InsecureRequestWarning: Unverified HTTPS request is being made to host 'randomuser.me'. Adding certificate verification is strongly advised. See: https://urllib3.readthedocs.io/en/latest/advanced-usage.html#tls-warnings
  warnings.warn(</msg>
<msg time="2024-05-26T12:25:11.587093" level="INFO">${response} = &lt;Response [200]&gt;</msg>
<var>${response}</var>
<arg>consultarAPI</arg>
<arg>/api</arg>
<doc>Sends a GET request on a previously created HTTP Session.</doc>
<status status="PASS" start="2024-05-26T12:25:11.490917" elapsed="0.096228"/>
</kw>
<kw name="Set Variable" owner="BuiltIn">
<msg time="2024-05-26T12:25:11.588111" level="INFO">${json_data} = {'results': [{'gender': 'male', 'name': {'title': 'Mr', 'first': 'Philipp', 'last': 'Diener'}, 'location': {'street': {'number': 7181, 'name': 'Grüner Weg'}, 'city': 'Nienburg (Weser)', 'state': 'Schl...</msg>
<var>${json_data}</var>
<arg>${response.json()}</arg>
<doc>Returns the given values which can then be assigned to a variables.</doc>
<status status="PASS" start="2024-05-26T12:25:11.587605" elapsed="0.000538"/>
</kw>
<kw name="Log" owner="BuiltIn">
<msg time="2024-05-26T12:25:11.588617" level="INFO">{'results': [{'gender': 'male', 'name': {'title': 'Mr', 'first': 'Philipp', 'last': 'Diener'}, 'location': {'street': {'number': 7181, 'name': 'Grüner Weg'}, 'city': 'Nienburg (Weser)', 'state': 'Schleswig-Holstein', 'country': 'Germany', 'postcode': 32373, 'coordinates': {'latitude': '-54.6397', 'longitude': '-54.1528'}, 'timezone': {'offset': '-5:00', 'description': 'Eastern Time (US &amp; Canada), Bogota, Lima'}}, 'email': 'philipp.diener@example.com', 'login': {'uuid': 'c24b69e3-d43e-464b-9bb4-4391705108c9', 'username': 'sadfish338', 'password': 'queen', 'salt': '2sm5ApQu', 'md5': '60ca4abe7f75f2a1203037f695680aa6', 'sha1': '2e3470ba0765bba8bf6ff70dc1e93eb988adac88', 'sha256': '3896f5529e38bf007d2a1296abd4179106a539818c65b1e27aa647ba1b808c01'}, 'dob': {'date': '1956-03-27T04:52:50.926Z', 'age': 68}, 'registered': {'date': '2014-02-20T20:03:33.883Z', 'age': 10}, 'phone': '0403-0057625', 'cell': '0171-2385117', 'id': {'name': 'SVNR', 'value': '18 260356 D 484'}, 'picture': {'large': 'https://randomuser.me/api/portraits/men/6.jpg', 'medium': 'https://randomuser.me/api/portraits/med/men/6.jpg', 'thumbnail': 'https://randomuser.me/api/portraits/thumb/men/6.jpg'}, 'nat': 'DE'}], 'info': {'seed': '0de065202835ed26', 'results': 1, 'page': 1, 'version': '1.4'}}</msg>
<arg>${json_data}</arg>
<doc>Logs the given message with the given level.</doc>
<status status="PASS" start="2024-05-26T12:25:11.588456" elapsed="0.000214"/>
</kw>
<kw name="Dictionary Should Contain Key" owner="Collections">
<msg time="2024-05-26T12:25:11.589123" level="INFO">False</msg>
<arg>${json_data}</arg>
<arg>results</arg>
<doc>Fails if ``key`` is not found from ``dictionary``.</doc>
<status status="PASS" start="2024-05-26T12:25:11.588969" elapsed="0.000192"/>
</kw>
<kw name="Should Not Be Empty" owner="BuiltIn">
<msg time="2024-05-26T12:25:11.589591" level="INFO">Length is 2.</msg>
<arg>${json_data}</arg>
<doc>Verifies that the given item is not empty.</doc>
<status status="PASS" start="2024-05-26T12:25:11.589454" elapsed="0.000175"/>
</kw>
<kw name="Create List" owner="BuiltIn">
<msg time="2024-05-26T12:25:11.590078" level="INFO">${expected_keys} = ['gender', 'name', 'location', 'email', 'login']</msg>
<var>${expected_keys}</var>
<arg>gender</arg>
<arg>name</arg>
<arg>location</arg>
<arg>email</arg>
<arg>login</arg>
<doc>Returns a list containing given items.</doc>
<status status="PASS" start="2024-05-26T12:25:11.589923" elapsed="0.000179"/>
</kw>
<for flavor="IN">
<iter>
<kw name="Dictionary Should Contain Key" owner="Collections">
<msg time="2024-05-26T12:25:11.591177" level="INFO">False</msg>
<arg>${json_data['results'][0]}</arg>
<arg>${key}</arg>
<doc>Fails if ``key`` is not found from ``dictionary``.</doc>
<status status="PASS" start="2024-05-26T12:25:11.590703" elapsed="0.000515"/>
</kw>
<kw name="Log" owner="BuiltIn">
<msg time="2024-05-26T12:25:11.591896" level="INFO">{'gender': 'male', 'name': {'title': 'Mr', 'first': 'Philipp', 'last': 'Diener'}, 'location': {'street': {'number': 7181, 'name': 'Grüner Weg'}, 'city': 'Nienburg (Weser)', 'state': 'Schleswig-Holstein', 'country': 'Germany', 'postcode': 32373, 'coordinates': {'latitude': '-54.6397', 'longitude': '-54.1528'}, 'timezone': {'offset': '-5:00', 'description': 'Eastern Time (US &amp; Canada), Bogota, Lima'}}, 'email': 'philipp.diener@example.com', 'login': {'uuid': 'c24b69e3-d43e-464b-9bb4-4391705108c9', 'username': 'sadfish338', 'password': 'queen', 'salt': '2sm5ApQu', 'md5': '60ca4abe7f75f2a1203037f695680aa6', 'sha1': '2e3470ba0765bba8bf6ff70dc1e93eb988adac88', 'sha256': '3896f5529e38bf007d2a1296abd4179106a539818c65b1e27aa647ba1b808c01'}, 'dob': {'date': '1956-03-27T04:52:50.926Z', 'age': 68}, 'registered': {'date': '2014-02-20T20:03:33.883Z', 'age': 10}, 'phone': '0403-0057625', 'cell': '0171-2385117', 'id': {'name': 'SVNR', 'value': '18 260356 D 484'}, 'picture': {'large': 'https://randomuser.me/api/portraits/men/6.jpg', 'medium': 'https://randomuser.me/api/portraits/med/men/6.jpg', 'thumbnail': 'https://randomuser.me/api/portraits/thumb/men/6.jpg'}, 'nat': 'DE'}</msg>
<arg>${json_data['results'][0]}</arg>
<doc>Logs the given message with the given level.</doc>
<status status="PASS" start="2024-05-26T12:25:11.591530" elapsed="0.000417"/>
</kw>
<kw name="Log" owner="BuiltIn">
<msg time="2024-05-26T12:25:11.592376" level="INFO">gender</msg>
<arg>${key}</arg>
<doc>Logs the given message with the given level.</doc>
<status status="PASS" start="2024-05-26T12:25:11.592248" elapsed="0.000165"/>
</kw>
<var name="${key}">gender</var>
<status status="PASS" start="2024-05-26T12:25:11.590571" elapsed="0.002059"/>
</iter>
<iter>
<kw name="Dictionary Should Contain Key" owner="Collections">
<msg time="2024-05-26T12:25:11.593332" level="INFO">False</msg>
<arg>${json_data['results'][0]}</arg>
<arg>${key}</arg>
<doc>Fails if ``key`` is not found from ``dictionary``.</doc>
<status status="PASS" start="2024-05-26T12:25:11.592935" elapsed="0.000434"/>
</kw>
<kw name="Log" owner="BuiltIn">
<msg time="2024-05-26T12:25:11.594062" level="INFO">{'gender': 'male', 'name': {'title': 'Mr', 'first': 'Philipp', 'last': 'Diener'}, 'location': {'street': {'number': 7181, 'name': 'Grüner Weg'}, 'city': 'Nienburg (Weser)', 'state': 'Schleswig-Holstein', 'country': 'Germany', 'postcode': 32373, 'coordinates': {'latitude': '-54.6397', 'longitude': '-54.1528'}, 'timezone': {'offset': '-5:00', 'description': 'Eastern Time (US &amp; Canada), Bogota, Lima'}}, 'email': 'philipp.diener@example.com', 'login': {'uuid': 'c24b69e3-d43e-464b-9bb4-4391705108c9', 'username': 'sadfish338', 'password': 'queen', 'salt': '2sm5ApQu', 'md5': '60ca4abe7f75f2a1203037f695680aa6', 'sha1': '2e3470ba0765bba8bf6ff70dc1e93eb988adac88', 'sha256': '3896f5529e38bf007d2a1296abd4179106a539818c65b1e27aa647ba1b808c01'}, 'dob': {'date': '1956-03-27T04:52:50.926Z', 'age': 68}, 'registered': {'date': '2014-02-20T20:03:33.883Z', 'age': 10}, 'phone': '0403-0057625', 'cell': '0171-2385117', 'id': {'name': 'SVNR', 'value': '18 260356 D 484'}, 'picture': {'large': 'https://randomuser.me/api/portraits/men/6.jpg', 'medium': 'https://randomuser.me/api/portraits/med/men/6.jpg', 'thumbnail': 'https://randomuser.me/api/portraits/thumb/men/6.jpg'}, 'nat': 'DE'}</msg>
<arg>${json_data['results'][0]}</arg>
<doc>Logs the given message with the given level.</doc>
<status status="PASS" start="2024-05-26T12:25:11.593692" elapsed="0.000421"/>
</kw>
<kw name="Log" owner="BuiltIn">
<msg time="2024-05-26T12:25:11.594546" level="INFO">name</msg>
<arg>${key}</arg>
<doc>Logs the given message with the given level.</doc>
<status status="PASS" start="2024-05-26T12:25:11.594418" elapsed="0.000165"/>
</kw>
<var name="${key}">name</var>
<status status="PASS" start="2024-05-26T12:25:11.592820" elapsed="0.001986"/>
</iter>
<iter>
<kw name="Dictionary Should Contain Key" owner="Collections">
<msg time="2024-05-26T12:25:11.595516" level="INFO">False</msg>
<arg>${json_data['results'][0]}</arg>
<arg>${key}</arg>
<doc>Fails if ``key`` is not found from ``dictionary``.</doc>
<status status="PASS" start="2024-05-26T12:25:11.595128" elapsed="0.000427"/>
</kw>
<kw name="Log" owner="BuiltIn">
<msg time="2024-05-26T12:25:11.596238" level="INFO">{'gender': 'male', 'name': {'title': 'Mr', 'first': 'Philipp', 'last': 'Diener'}, 'location': {'street': {'number': 7181, 'name': 'Grüner Weg'}, 'city': 'Nienburg (Weser)', 'state': 'Schleswig-Holstein', 'country': 'Germany', 'postcode': 32373, 'coordinates': {'latitude': '-54.6397', 'longitude': '-54.1528'}, 'timezone': {'offset': '-5:00', 'description': 'Eastern Time (US &amp; Canada), Bogota, Lima'}}, 'email': 'philipp.diener@example.com', 'login': {'uuid': 'c24b69e3-d43e-464b-9bb4-4391705108c9', 'username': 'sadfish338', 'password': 'queen', 'salt': '2sm5ApQu', 'md5': '60ca4abe7f75f2a1203037f695680aa6', 'sha1': '2e3470ba0765bba8bf6ff70dc1e93eb988adac88', 'sha256': '3896f5529e38bf007d2a1296abd4179106a539818c65b1e27aa647ba1b808c01'}, 'dob': {'date': '1956-03-27T04:52:50.926Z', 'age': 68}, 'registered': {'date': '2014-02-20T20:03:33.883Z', 'age': 10}, 'phone': '0403-0057625', 'cell': '0171-2385117', 'id': {'name': 'SVNR', 'value': '18 260356 D 484'}, 'picture': {'large': 'https://randomuser.me/api/portraits/men/6.jpg', 'medium': 'https://randomuser.me/api/portraits/med/men/6.jpg', 'thumbnail': 'https://randomuser.me/api/portraits/thumb/men/6.jpg'}, 'nat': 'DE'}</msg>
<arg>${json_data['results'][0]}</arg>
<doc>Logs the given message with the given level.</doc>
<status status="PASS" start="2024-05-26T12:25:11.595857" elapsed="0.000446"/>
</kw>
<kw name="Log" owner="BuiltIn">
<msg time="2024-05-26T12:25:11.596746" level="INFO">location</msg>
<arg>${key}</arg>
<doc>Logs the given message with the given level.</doc>
<status status="PASS" start="2024-05-26T12:25:11.596619" elapsed="0.000164"/>
</kw>
<var name="${key}">location</var>
<status status="PASS" start="2024-05-26T12:25:11.595006" elapsed="0.001991"/>
</iter>
<iter>
<kw name="Dictionary Should Contain Key" owner="Collections">
<msg time="2024-05-26T12:25:11.597770" level="INFO">False</msg>
<arg>${json_data['results'][0]}</arg>
<arg>${key}</arg>
<doc>Fails if ``key`` is not found from ``dictionary``.</doc>
<status status="PASS" start="2024-05-26T12:25:11.597281" elapsed="0.000529"/>
</kw>
<kw name="Log" owner="BuiltIn">
<msg time="2024-05-26T12:25:11.598481" level="INFO">{'gender': 'male', 'name': {'title': 'Mr', 'first': 'Philipp', 'last': 'Diener'}, 'location': {'street': {'number': 7181, 'name': 'Grüner Weg'}, 'city': 'Nienburg (Weser)', 'state': 'Schleswig-Holstein', 'country': 'Germany', 'postcode': 32373, 'coordinates': {'latitude': '-54.6397', 'longitude': '-54.1528'}, 'timezone': {'offset': '-5:00', 'description': 'Eastern Time (US &amp; Canada), Bogota, Lima'}}, 'email': 'philipp.diener@example.com', 'login': {'uuid': 'c24b69e3-d43e-464b-9bb4-4391705108c9', 'username': 'sadfish338', 'password': 'queen', 'salt': '2sm5ApQu', 'md5': '60ca4abe7f75f2a1203037f695680aa6', 'sha1': '2e3470ba0765bba8bf6ff70dc1e93eb988adac88', 'sha256': '3896f5529e38bf007d2a1296abd4179106a539818c65b1e27aa647ba1b808c01'}, 'dob': {'date': '1956-03-27T04:52:50.926Z', 'age': 68}, 'registered': {'date': '2014-02-20T20:03:33.883Z', 'age': 10}, 'phone': '0403-0057625', 'cell': '0171-2385117', 'id': {'name': 'SVNR', 'value': '18 260356 D 484'}, 'picture': {'large': 'https://randomuser.me/api/portraits/men/6.jpg', 'medium': 'https://randomuser.me/api/portraits/med/men/6.jpg', 'thumbnail': 'https://randomuser.me/api/portraits/thumb/men/6.jpg'}, 'nat': 'DE'}</msg>
<arg>${json_data['results'][0]}</arg>
<doc>Logs the given message with the given level.</doc>
<status status="PASS" start="2024-05-26T12:25:11.598111" elapsed="0.000421"/>
</kw>
<kw name="Log" owner="BuiltIn">
<msg time="2024-05-26T12:25:11.599000" level="INFO">email</msg>
<arg>${key}</arg>
<doc>Logs the given message with the given level.</doc>
<status status="PASS" start="2024-05-26T12:25:11.598841" elapsed="0.000202"/>
</kw>
<var name="${key}">email</var>
<status status="PASS" start="2024-05-26T12:25:11.597169" elapsed="0.002104"/>
</iter>
<iter>
<kw name="Dictionary Should Contain Key" owner="Collections">
<msg time="2024-05-26T12:25:11.599947" level="INFO">False</msg>
<arg>${json_data['results'][0]}</arg>
<arg>${key}</arg>
<doc>Fails if ``key`` is not found from ``dictionary``.</doc>
<status status="PASS" start="2024-05-26T12:25:11.599559" elapsed="0.000426"/>
</kw>
<kw name="Log" owner="BuiltIn">
<msg time="2024-05-26T12:25:11.600647" level="INFO">{'gender': 'male', 'name': {'title': 'Mr', 'first': 'Philipp', 'last': 'Diener'}, 'location': {'street': {'number': 7181, 'name': 'Grüner Weg'}, 'city': 'Nienburg (Weser)', 'state': 'Schleswig-Holstein', 'country': 'Germany', 'postcode': 32373, 'coordinates': {'latitude': '-54.6397', 'longitude': '-54.1528'}, 'timezone': {'offset': '-5:00', 'description': 'Eastern Time (US &amp; Canada), Bogota, Lima'}}, 'email': 'philipp.diener@example.com', 'login': {'uuid': 'c24b69e3-d43e-464b-9bb4-4391705108c9', 'username': 'sadfish338', 'password': 'queen', 'salt': '2sm5ApQu', 'md5': '60ca4abe7f75f2a1203037f695680aa6', 'sha1': '2e3470ba0765bba8bf6ff70dc1e93eb988adac88', 'sha256': '3896f5529e38bf007d2a1296abd4179106a539818c65b1e27aa647ba1b808c01'}, 'dob': {'date': '1956-03-27T04:52:50.926Z', 'age': 68}, 'registered': {'date': '2014-02-20T20:03:33.883Z', 'age': 10}, 'phone': '0403-0057625', 'cell': '0171-2385117', 'id': {'name': 'SVNR', 'value': '18 260356 D 484'}, 'picture': {'large': 'https://randomuser.me/api/portraits/men/6.jpg', 'medium': 'https://randomuser.me/api/portraits/med/men/6.jpg', 'thumbnail': 'https://randomuser.me/api/portraits/thumb/men/6.jpg'}, 'nat': 'DE'}</msg>
<arg>${json_data['results'][0]}</arg>
<doc>Logs the given message with the given level.</doc>
<status status="PASS" start="2024-05-26T12:25:11.600285" elapsed="0.000422"/>
</kw>
<kw name="Log" owner="BuiltIn">
<msg time="2024-05-26T12:25:11.601129" level="INFO">login</msg>
<arg>${key}</arg>
<doc>Logs the given message with the given level.</doc>
<status status="PASS" start="2024-05-26T12:25:11.601003" elapsed="0.000194"/>
</kw>
<var name="${key}">login</var>
<status status="PASS" start="2024-05-26T12:25:11.599447" elapsed="0.001972"/>
</iter>
<var>${key}</var>
<value>@{expected_keys}</value>
<status status="PASS" start="2024-05-26T12:25:11.590367" elapsed="0.011174"/>
</for>
<kw name="Create List" owner="BuiltIn">
<msg time="2024-05-26T12:25:11.601868" level="INFO">${expected_keysTwo} = ['username', 'password']</msg>
<var>${expected_keysTwo}</var>
<arg>username</arg>
<arg>password</arg>
<doc>Returns a list containing given items.</doc>
<status status="PASS" start="2024-05-26T12:25:11.601731" elapsed="0.000161"/>
</kw>
<for flavor="IN">
<iter>
<kw name="Dictionary Should Contain Key" owner="Collections">
<msg time="2024-05-26T12:25:11.602766" level="INFO">False</msg>
<arg>${json_data['results'][0]['login']}</arg>
<arg>${keyTwo}</arg>
<doc>Fails if ``key`` is not found from ``dictionary``.</doc>
<status status="PASS" start="2024-05-26T12:25:11.602389" elapsed="0.000415"/>
</kw>
<kw name="Dictionary Should Contain Key" owner="Collections">
<msg time="2024-05-26T12:25:11.603513" level="INFO">False</msg>
<arg>${json_data['results'][0]['login']}</arg>
<arg>${keyTwo}</arg>
<doc>Fails if ``key`` is not found from ``dictionary``.</doc>
<status status="PASS" start="2024-05-26T12:25:11.603130" elapsed="0.000421"/>
</kw>
<kw name="Log" owner="BuiltIn">
<msg time="2024-05-26T12:25:11.603969" level="INFO">username</msg>
<arg>${keyTwo}</arg>
<doc>Logs the given message with the given level.</doc>
<status status="PASS" start="2024-05-26T12:25:11.603844" elapsed="0.000162"/>
</kw>
<var name="${keyTwo}">username</var>
<status status="PASS" start="2024-05-26T12:25:11.602281" elapsed="0.001943"/>
</iter>
<iter>
<kw name="Dictionary Should Contain Key" owner="Collections">
<msg time="2024-05-26T12:25:11.604887" level="INFO">False</msg>
<arg>${json_data['results'][0]['login']}</arg>
<arg>${keyTwo}</arg>
<doc>Fails if ``key`` is not found from ``dictionary``.</doc>
<status status="PASS" start="2024-05-26T12:25:11.604508" elapsed="0.000415"/>
</kw>
<kw name="Dictionary Should Contain Key" owner="Collections">
<msg time="2024-05-26T12:25:11.605616" level="INFO">False</msg>
<arg>${json_data['results'][0]['login']}</arg>
<arg>${keyTwo}</arg>
<doc>Fails if ``key`` is not found from ``dictionary``.</doc>
<status status="PASS" start="2024-05-26T12:25:11.605229" elapsed="0.000424"/>
</kw>
<kw name="Log" owner="BuiltIn">
<msg time="2024-05-26T12:25:11.606068" level="INFO">password</msg>
<arg>${keyTwo}</arg>
<doc>Logs the given message with the given level.</doc>
<status status="PASS" start="2024-05-26T12:25:11.605944" elapsed="0.000160"/>
</kw>
<var name="${keyTwo}">password</var>
<status status="PASS" start="2024-05-26T12:25:11.604397" elapsed="0.001921"/>
</iter>
<var>${keyTwo}</var>
<value>@{expected_keysTwo}</value>
<status status="PASS" start="2024-05-26T12:25:11.602130" elapsed="0.004309"/>
</for>
<status status="PASS" start="2024-05-26T12:25:11.490676" elapsed="0.115905"/>
</kw>
<doc>Testa a estrutura da resposta da API.</doc>
<tag>testeEstruturaResposta</tag>
<status status="PASS" start="2024-05-26T12:25:11.490140" elapsed="0.116597"/>
</test>
<test id="s1-s1-t4" name="Validar tipos de dados" line="28">
<kw name="Teste de Tipos de Dados" owner="random-user-service">
<kw name="GET On Session" owner="RequestsLibrary">
<msg time="2024-05-26T12:25:11.684719" level="INFO">GET Request : url=https://randomuser.me/api 
 path_url=/api 
 headers={'User-Agent': 'python-requests/2.32.2', 'Accept-Encoding': 'gzip, deflate', 'Accept': '*/*', 'Connection': 'keep-alive'} 
 body=None 
 </msg>
<msg time="2024-05-26T12:25:11.684814" level="INFO">GET Response : url=https://randomuser.me/api 
 status=200, reason=OK 
 headers={'Date': 'Sun, 26 May 2024 12:25:11 GMT', 'Content-Type': 'application/json; charset=utf-8', 'Transfer-Encoding': 'chunked', 'Connection': 'keep-alive', 'X-Powered-By': 'Express', 'Access-Control-Allow-Origin': '*', 'Cache-Control': 'no-cache', 'ETag': 'W/"469-hMULfDiTSMcWcY4Tu9UQdzSrhao"', 'Vary': 'Accept-Encoding', 'Content-Encoding': 'gzip', 'CF-Cache-Status': 'DYNAMIC', 'Report-To': '{"endpoints":[{"url":"https:\\/\\/a.nel.cloudflare.com\\/report\\/v4?s=c9gVq1vl2j7QWqLiBm%2BjIedyNUhb7zGNhCWDut63wR1cqpd4UbwC0ELbTFNffXm60tM%2F1M7DbGXufrPJUs3i6PxqsF28ppW7Fj9k416rGKqJJ4%2BJJup5p%2Bg4WX9sBCzJ"}],"group":"cf-nel","max_age":604800}', 'NEL': '{"success_fraction":0,"report_to":"cf-nel","max_age":604800}', 'Server': 'cloudflare', 'CF-RAY': '889dbf179993e270-ORD', 'alt-svc': 'h3=":443"; ma=86400'} 
 body={"results":[{"gender":"male","name":{"title":"Mr","first":"Mille","last":"Thomsen"},"location":{"street":{"number":4726,"name":"Tranebærvej"},"city":"Argerskov","state":"Syddanmark","country":"Denmark","postcode":70445,"coordinates":{"latitude":"-45.1648","longitude":"-161.3799"},"timezone":{"offset":"+5:45","description":"Kathmandu"}},"email":"mille.thomsen@example.com","login":{"uuid":"afb7e1fa-dc84-4343-95a5-021cabc2c51d","username":"redfrog112","password":"ffff","salt":"1XIrntoM","md5":"fb0ea18b11d63b114334d136837fb1c9","sha1":"3fb69250a8dbfd60fda0293b65714d4457cb83c7","sha256":"8d2a0173ab14dfcdff7b2fbfec325466311f91981269d7644a0bbb85660106c1"},"dob":{"date":"1954-08-27T02:14:26.143Z","age":69},"registered":{"date":"2004-03-13T16:16:15.338Z","age":20},"phone":"67717318","cell":"63322847","id":{"name":"CPR","value":"260854-7710"},"picture":{"large":"https://randomuser.me/api/portraits/men/81.jpg","medium":"https://randomuser.me/api/portraits/med/men/81.jpg","thumbnail":"https://randomuser.me/api/portraits/thumb/men/81.jpg"},"nat":"DK"}],"info":{"seed":"30f293141bad6a75","results":1,"page":1,"version":"1.4"}} 
 </msg>
<msg time="2024-05-26T12:25:11.684893" level="INFO">/opt/hostedtoolcache/Python/3.12.3/x64/lib/python3.12/site-packages/urllib3/connectionpool.py:1103: InsecureRequestWarning: Unverified HTTPS request is being made to host 'randomuser.me'. Adding certificate verification is strongly advised. See: https://urllib3.readthedocs.io/en/latest/advanced-usage.html#tls-warnings
  warnings.warn(</msg>
<msg time="2024-05-26T12:25:11.685014" level="INFO">${response} = &lt;Response [200]&gt;</msg>
<var>${response}</var>
<arg>consultarAPI</arg>
<arg>/api</arg>
<doc>Sends a GET request on a previously created HTTP Session.</doc>
<status status="PASS" start="2024-05-26T12:25:11.609283" elapsed="0.075778"/>
</kw>
<kw name="Set Variable" owner="BuiltIn">
<msg time="2024-05-26T12:25:11.686063" level="INFO">${json_data} = {'results': [{'gender': 'male', 'name': {'title': 'Mr', 'first': 'Mille', 'last': 'Thomsen'}, 'location': {'street': {'number': 4726, 'name': 'Tranebærvej'}, 'city': 'Argerskov', 'state': 'Syddanmark'...</msg>
<var>${json_data}</var>
<arg>${response.json()}</arg>
<doc>Returns the given values which can then be assigned to a variables.</doc>
<status status="PASS" start="2024-05-26T12:25:11.685555" elapsed="0.000537"/>
</kw>
<kw name="Log" owner="BuiltIn">
<msg time="2024-05-26T12:25:11.686572" level="INFO">{'results': [{'gender': 'male', 'name': {'title': 'Mr', 'first': 'Mille', 'last': 'Thomsen'}, 'location': {'street': {'number': 4726, 'name': 'Tranebærvej'}, 'city': 'Argerskov', 'state': 'Syddanmark', 'country': 'Denmark', 'postcode': 70445, 'coordinates': {'latitude': '-45.1648', 'longitude': '-161.3799'}, 'timezone': {'offset': '+5:45', 'description': 'Kathmandu'}}, 'email': 'mille.thomsen@example.com', 'login': {'uuid': 'afb7e1fa-dc84-4343-95a5-021cabc2c51d', 'username': 'redfrog112', 'password': 'ffff', 'salt': '1XIrntoM', 'md5': 'fb0ea18b11d63b114334d136837fb1c9', 'sha1': '3fb69250a8dbfd60fda0293b65714d4457cb83c7', 'sha256': '8d2a0173ab14dfcdff7b2fbfec325466311f91981269d7644a0bbb85660106c1'}, 'dob': {'date': '1954-08-27T02:14:26.143Z', 'age': 69}, 'registered': {'date': '2004-03-13T16:16:15.338Z', 'age': 20}, 'phone': '67717318', 'cell': '63322847', 'id': {'name': 'CPR', 'value': '260854-7710'}, 'picture': {'large': 'https://randomuser.me/api/portraits/men/81.jpg', 'medium': 'https://randomuser.me/api/portraits/med/men/81.jpg', 'thumbnail': 'https://randomuser.me/api/portraits/thumb/men/81.jpg'}, 'nat': 'DK'}], 'info': {'seed': '30f293141bad6a75', 'results': 1, 'page': 1, 'version': '1.4'}}</msg>
<arg>${json_data}</arg>
<doc>Logs the given message with the given level.</doc>
<status status="PASS" start="2024-05-26T12:25:11.686405" elapsed="0.000252"/>
</kw>
<kw name="Should Be String" owner="String">
<arg>${json_data['results'][0]['gender']}</arg>
<doc>Fails if the given ``item`` is not a string.</doc>
<status status="PASS" start="2024-05-26T12:25:11.687006" elapsed="0.000383"/>
</kw>
<kw name="Should Match Regexp" owner="BuiltIn">
<arg>${json_data['results'][0]['email']}</arg>
<arg>^[a-zA-Z0-9._%+-]+@[a-zA-Z0-9.-]+\.[a-zA-Z]{2,}$</arg>
<doc>Fails if ``string`` does not match ``pattern`` as a regular expression.</doc>
<status status="PASS" start="2024-05-26T12:25:11.687583" elapsed="0.000659"/>
</kw>
<kw name="Should Match Regexp" owner="BuiltIn">
<arg>${json_data['results'][0]['dob']['date']}</arg>
<arg>\\d{4}-\\d{2}-\\d{2}T\\d{2}:\\d{2}:\\d{2}\\.\\d{3}Z</arg>
<doc>Fails if ``string`` does not match ``pattern`` as a regular expression.</doc>
<status status="PASS" start="2024-05-26T12:25:11.688453" elapsed="0.000489"/>
</kw>
<kw name="Should Match Regexp" owner="BuiltIn">
<arg>${json_data['results'][0]['registered']['date']}</arg>
<arg>\\d{4}-\\d{2}-\\d{2}T\\d{2}:\\d{2}:\\d{2}\\.\\d{3}Z</arg>
<doc>Fails if ``string`` does not match ``pattern`` as a regular expression.</doc>
<status status="PASS" start="2024-05-26T12:25:11.689139" elapsed="0.000368"/>
</kw>
<kw name="Should Match Regexp" owner="BuiltIn">
<arg>${json_data['results'][0]['picture']['large']}</arg>
<arg>^https?://.*\.(?:png|jpe?g|gif|bmp)$</arg>
<doc>Fails if ``string`` does not match ``pattern`` as a regular expression.</doc>
<status status="PASS" start="2024-05-26T12:25:11.689699" elapsed="0.000458"/>
</kw>
<kw name="Should Match Regexp" owner="BuiltIn">
<arg>${json_data['results'][0]['picture']['medium']}</arg>
<arg>^https?://.*\.(?:png|jpe?g|gif|bmp)$</arg>
<doc>Fails if ``string`` does not match ``pattern`` as a regular expression.</doc>
<status status="PASS" start="2024-05-26T12:25:11.690351" elapsed="0.000361"/>
</kw>
<kw name="Should Match Regexp" owner="BuiltIn">
<arg>${json_data['results'][0]['picture']['thumbnail']}</arg>
<arg>^https?://.*\.(?:png|jpe?g|gif|bmp)$</arg>
<doc>Fails if ``string`` does not match ``pattern`` as a regular expression.</doc>
<status status="PASS" start="2024-05-26T12:25:11.690910" elapsed="0.000397"/>
</kw>
<kw name="Log" owner="BuiltIn">
<msg time="2024-05-26T12:25:11.691814" level="INFO">{'large': 'https://randomuser.me/api/portraits/men/81.jpg', 'medium': 'https://randomuser.me/api/portraits/med/men/81.jpg', 'thumbnail': 'https://randomuser.me/api/portraits/thumb/men/81.jpg'}</msg>
<arg>${json_data['results'][0]['picture']}</arg>
<doc>Logs the given message with the given level.</doc>
<status status="PASS" start="2024-05-26T12:25:11.691492" elapsed="0.000365"/>
</kw>
<status status="PASS" start="2024-05-26T12:25:11.609048" elapsed="0.083072"/>
</kw>
<kw name="Teste de Tipos de Dados - Postcode" owner="random-user-service">
<kw name="GET On Session" owner="RequestsLibrary">
<msg time="2024-05-26T12:25:11.781287" level="INFO">GET Request : url=https://randomuser.me/api 
 path_url=/api 
 headers={'User-Agent': 'python-requests/2.32.2', 'Accept-Encoding': 'gzip, deflate', 'Accept': '*/*', 'Connection': 'keep-alive'} 
 body=None 
 </msg>
<msg time="2024-05-26T12:25:11.781401" level="INFO">GET Response : url=https://randomuser.me/api 
 status=200, reason=OK 
 headers={'Date': 'Sun, 26 May 2024 12:25:11 GMT', 'Content-Type': 'application/json; charset=utf-8', 'Transfer-Encoding': 'chunked', 'Connection': 'keep-alive', 'X-Powered-By': 'Express', 'Access-Control-Allow-Origin': '*', 'Cache-Control': 'no-cache', 'ETag': 'W/"473-5+XgsqodTotk1naC8CJAXCavDVk"', 'Vary': 'Accept-Encoding', 'Content-Encoding': 'gzip', 'CF-Cache-Status': 'DYNAMIC', 'Report-To': '{"endpoints":[{"url":"https:\\/\\/a.nel.cloudflare.com\\/report\\/v4?s=lEQG54XW6g5e0fS%2FAqmlQOXsq63kGK44P5mckj0P7rvh8VIdNJNwZSE1t0gQmcY1woAirXATlH%2BFUGepGISVTYke3OMDzKHj3%2Bv%2BmNc1G35GM8fPxZeaKAanNETeJFh7"}],"group":"cf-nel","max_age":604800}', 'NEL': '{"success_fraction":0,"report_to":"cf-nel","max_age":604800}', 'Server': 'cloudflare', 'CF-RAY': '889dbf1819f6e270-ORD', 'alt-svc': 'h3=":443"; ma=86400'} 
 body={"results":[{"gender":"male","name":{"title":"Mr","first":"Aatu","last":"Hautala"},"location":{"street":{"number":6790,"name":"Satakennankatu"},"city":"Sonkajärvi","state":"Kainuu","country":"Finland","postcode":23575,"coordinates":{"latitude":"-24.0415","longitude":"-44.7804"},"timezone":{"offset":"-10:00","description":"Hawaii"}},"email":"aatu.hautala@example.com","login":{"uuid":"021acd32-4a29-4984-b0bf-b3195b37842e","username":"sadzebra729","password":"2525","salt":"qPjLKHqo","md5":"e0514e3f9f7618c03be434e95950d864","sha1":"bbb30aa6d5dc19e9af180fd58225aa424aab48a2","sha256":"43153e2a40d241932d7bcadd746a89e547bc5f4ec04733100330a8dfe7dee262"},"dob":{"date":"1955-09-14T06:37:26.700Z","age":68},"registered":{"date":"2003-07-13T19:14:51.014Z","age":20},"phone":"04-724-521","cell":"048-167-57-25","id":{"name":"HETU","value":"NaNNA633undefined"},"picture":{"large":"https://randomuser.me/api/portraits/men/56.jpg","medium":"https://randomuser.me/api/portraits/med/men/56.jpg","thumbnail":"https://randomuser.me/api/portraits/thumb/men/56.jpg"},"nat":"FI"}],"info":{"seed":"eeb20cce557340f8","results":1,"page":1,"version":"1.4"}} 
 </msg>
<msg time="2024-05-26T12:25:11.781487" level="INFO">/opt/hostedtoolcache/Python/3.12.3/x64/lib/python3.12/site-packages/urllib3/connectionpool.py:1103: InsecureRequestWarning: Unverified HTTPS request is being made to host 'randomuser.me'. Adding certificate verification is strongly advised. See: https://urllib3.readthedocs.io/en/latest/advanced-usage.html#tls-warnings
  warnings.warn(</msg>
<msg time="2024-05-26T12:25:11.781627" level="INFO">${response} = &lt;Response [200]&gt;</msg>
<var>${response}</var>
<arg>consultarAPI</arg>
<arg>/api</arg>
<doc>Sends a GET request on a previously created HTTP Session.</doc>
<status status="PASS" start="2024-05-26T12:25:11.692576" elapsed="0.089091"/>
</kw>
<kw name="Set Variable" owner="BuiltIn">
<msg time="2024-05-26T12:25:11.782928" level="INFO">${json_data} = {'results': [{'gender': 'male', 'name': {'title': 'Mr', 'first': 'Aatu', 'last': 'Hautala'}, 'location': {'street': {'number': 6790, 'name': 'Satakennankatu'}, 'city': 'Sonkajärvi', 'state': 'Kainuu',...</msg>
<var>${json_data}</var>
<arg>${response.json()}</arg>
<doc>Returns the given values which can then be assigned to a variables.</doc>
<status status="PASS" start="2024-05-26T12:25:11.782337" elapsed="0.000651"/>
</kw>
<kw name="Log" owner="BuiltIn">
<msg time="2024-05-26T12:25:11.783465" level="INFO">{'results': [{'gender': 'male', 'name': {'title': 'Mr', 'first': 'Aatu', 'last': 'Hautala'}, 'location': {'street': {'number': 6790, 'name': 'Satakennankatu'}, 'city': 'Sonkajärvi', 'state': 'Kainuu', 'country': 'Finland', 'postcode': 23575, 'coordinates': {'latitude': '-24.0415', 'longitude': '-44.7804'}, 'timezone': {'offset': '-10:00', 'description': 'Hawaii'}}, 'email': 'aatu.hautala@example.com', 'login': {'uuid': '021acd32-4a29-4984-b0bf-b3195b37842e', 'username': 'sadzebra729', 'password': '2525', 'salt': 'qPjLKHqo', 'md5': 'e0514e3f9f7618c03be434e95950d864', 'sha1': 'bbb30aa6d5dc19e9af180fd58225aa424aab48a2', 'sha256': '43153e2a40d241932d7bcadd746a89e547bc5f4ec04733100330a8dfe7dee262'}, 'dob': {'date': '1955-09-14T06:37:26.700Z', 'age': 68}, 'registered': {'date': '2003-07-13T19:14:51.014Z', 'age': 20}, 'phone': '04-724-521', 'cell': '048-167-57-25', 'id': {'name': 'HETU', 'value': 'NaNNA633undefined'}, 'picture': {'large': 'https://randomuser.me/api/portraits/men/56.jpg', 'medium': 'https://randomuser.me/api/portraits/med/men/56.jpg', 'thumbnail': 'https://randomuser.me/api/portraits/thumb/men/56.jpg'}, 'nat': 'FI'}], 'info': {'seed': 'eeb20cce557340f8', 'results': 1, 'page': 1, 'version': '1.4'}}</msg>
<arg>${json_data}</arg>
<doc>Logs the given message with the given level.</doc>
<status status="PASS" start="2024-05-26T12:25:11.783306" elapsed="0.000244"/>
</kw>
<kw name="Should Be Equal As Numbers" owner="BuiltIn">
<arg>${json_data['results'][0]['location']['postcode']}</arg>
<arg>${json_data['results'][0]['location']['postcode']}</arg>
<doc>Fails if objects are unequal after converting them to real numbers.</doc>
<status status="PASS" start="2024-05-26T12:25:11.783856" elapsed="0.000627"/>
</kw>
<kw name="Log" owner="BuiltIn">
<msg time="2024-05-26T12:25:11.785023" level="INFO">23575</msg>
<arg>${json_data['results'][0]['location']['postcode']}</arg>
<doc>Logs the given message with the given level.</doc>
<status status="PASS" start="2024-05-26T12:25:11.784682" elapsed="0.000382"/>
</kw>
<status status="PASS" start="2024-05-26T12:25:11.692340" elapsed="0.092983"/>
</kw>
<doc>Testa se os tipos de dados na resposta da API estão corretos.</doc>
<tag>testeTiposDados</tag>
<status status="PASS" start="2024-05-26T12:25:11.608558" elapsed="0.176935"/>
</test>
<test id="s1-s1-t5" name="Validar conteudo" line="35">
<kw name="Teste de Tipos de Conteudo" owner="random-user-service">
<kw name="GET On Session" owner="RequestsLibrary">
<msg time="2024-05-26T12:25:11.886975" level="INFO">GET Request : url=https://randomuser.me/api 
 path_url=/api 
 headers={'User-Agent': 'python-requests/2.32.2', 'Accept-Encoding': 'gzip, deflate', 'Accept': '*/*', 'Connection': 'keep-alive'} 
 body=None 
 </msg>
<msg time="2024-05-26T12:25:11.887085" level="INFO">GET Response : url=https://randomuser.me/api 
 status=200, reason=OK 
 headers={'Date': 'Sun, 26 May 2024 12:25:11 GMT', 'Content-Type': 'application/json; charset=utf-8', 'Transfer-Encoding': 'chunked', 'Connection': 'keep-alive', 'X-Powered-By': 'Express', 'Access-Control-Allow-Origin': '*', 'Cache-Control': 'no-cache', 'ETag': 'W/"48e-nS9mWAmtKWz3dHzLK/PFizfYlvw"', 'Vary': 'Accept-Encoding', 'Content-Encoding': 'gzip', 'CF-Cache-Status': 'DYNAMIC', 'Report-To': '{"endpoints":[{"url":"https:\\/\\/a.nel.cloudflare.com\\/report\\/v4?s=dszZzbOSnMpPyN6hJJmfU5tXgnG%2BL90NIRjPDgh5IulOKUKwSPf%2F4lp67jZde17kLRp1UU1ZupqdLx9hW%2BzQFBIQRSdDvAXdF5nRhuMRjoRHf1xsnOR69uef%2FYFdwq6q"}],"group":"cf-nel","max_age":604800}', 'NEL': '{"success_fraction":0,"report_to":"cf-nel","max_age":604800}', 'Server': 'cloudflare', 'CF-RAY': '889dbf18ba93e270-ORD', 'alt-svc': 'h3=":443"; ma=86400'} 
 body={"results":[{"gender":"male","name":{"title":"Mr","first":"Ladislav","last":"Lyushnyak"},"location":{"street":{"number":6487,"name":"Cetnerivka"},"city":"Shostka","state":"Zakarpatska","country":"Ukraine","postcode":84774,"coordinates":{"latitude":"76.3329","longitude":"-113.1538"},"timezone":{"offset":"+4:00","description":"Abu Dhabi, Muscat, Baku, Tbilisi"}},"email":"ladislav.lyushnyak@example.com","login":{"uuid":"789aff4d-7651-4571-8a5d-1006a5ee36b1","username":"goldensnake167","password":"musicman","salt":"CAteuDeV","md5":"36f3c8959d143e94e95a7f41d36b8a40","sha1":"f83655bfa20490d0fce7807e24bc0b02d2787752","sha256":"ec392bcb6c624a91d142e6a24827daf15cb320a30958ba9f1ea70d82ac62ee5a"},"dob":{"date":"1948-01-15T09:36:36.672Z","age":76},"registered":{"date":"2002-04-04T23:48:32.077Z","age":22},"phone":"(097) J89-2470","cell":"(066) M50-2236","id":{"name":"","value":null},"picture":{"large":"https://randomuser.me/api/portraits/men/43.jpg","medium":"https://randomuser.me/api/portraits/med/men/43.jpg","thumbnail":"https://randomuser.me/api/portraits/thumb/men/43.jpg"},"nat":"UA"}],"info":{"seed":"6fc2d65ad42867ab","results":1,"page":1,"version":"1.4"}} 
 </msg>
<msg time="2024-05-26T12:25:11.887158" level="INFO">/opt/hostedtoolcache/Python/3.12.3/x64/lib/python3.12/site-packages/urllib3/connectionpool.py:1103: InsecureRequestWarning: Unverified HTTPS request is being made to host 'randomuser.me'. Adding certificate verification is strongly advised. See: https://urllib3.readthedocs.io/en/latest/advanced-usage.html#tls-warnings
  warnings.warn(</msg>
<msg time="2024-05-26T12:25:11.887274" level="INFO">${response} = &lt;Response [200]&gt;</msg>
<var>${response}</var>
<arg>consultarAPI</arg>
<arg>/api</arg>
<doc>Sends a GET request on a previously created HTTP Session.</doc>
<status status="PASS" start="2024-05-26T12:25:11.788007" elapsed="0.099305"/>
</kw>
<kw name="Set Variable" owner="BuiltIn">
<msg time="2024-05-26T12:25:11.888376" level="INFO">${json_data} = {'results': [{'gender': 'male', 'name': {'title': 'Mr', 'first': 'Ladislav', 'last': 'Lyushnyak'}, 'location': {'street': {'number': 6487, 'name': 'Cetnerivka'}, 'city': 'Shostka', 'state': 'Zakarpats...</msg>
<var>${json_data}</var>
<arg>${response.json()}</arg>
<doc>Returns the given values which can then be assigned to a variables.</doc>
<status status="PASS" start="2024-05-26T12:25:11.887857" elapsed="0.000549"/>
</kw>
<kw name="Set Variable" owner="BuiltIn">
<msg time="2024-05-26T12:25:11.889098" level="INFO">${name_title} = Mr</msg>
<var>${name_title}</var>
<arg>${json_data["results"][0]["name"]["title"]}</arg>
<doc>Returns the given values which can then be assigned to a variables.</doc>
<status status="PASS" start="2024-05-26T12:25:11.888716" elapsed="0.000407"/>
</kw>
<kw name="Create List" owner="BuiltIn">
<msg time="2024-05-26T12:25:11.889577" level="INFO">${allowed_titles} = ['Mr', 'Ms', 'Miss', 'Mrs', 'Madame', 'Monsieur']</msg>
<var>${allowed_titles}</var>
<arg>Mr</arg>
<arg>Ms</arg>
<arg>Miss</arg>
<arg>Mrs</arg>
<arg>Madame</arg>
<arg>Monsieur</arg>
<doc>Returns a list containing given items.</doc>
<status status="PASS" start="2024-05-26T12:25:11.889428" elapsed="0.000173"/>
</kw>
<kw name="List Should Contain Value" owner="Collections">
<msg time="2024-05-26T12:25:11.890091" level="INFO">False</msg>
<arg>${allowed_titles}</arg>
<arg>${name_title}</arg>
<doc>Fails if the ``value`` is not found from ``list``.</doc>
<status status="PASS" start="2024-05-26T12:25:11.889912" elapsed="0.000217"/>
</kw>
<kw name="Set Variable" owner="BuiltIn">
<msg time="2024-05-26T12:25:11.891022" level="INFO">${name_country} = UA</msg>
<var>${name_country}</var>
<arg>${json_data["results"][0]["nat"]}</arg>
<doc>Returns the given values which can then be assigned to a variables.</doc>
<status status="PASS" start="2024-05-26T12:25:11.890423" elapsed="0.000626"/>
</kw>
<kw name="Create List" owner="BuiltIn">
<msg time="2024-05-26T12:25:11.891961" level="INFO">${list_country} = ['AD', 'AE', 'AF', 'AG', 'AI', 'AL', 'AM', 'AO', 'AQ', 'AR', 'AS', 'AT', 'AU', 'AW', 'AX', 'AZ', 'BA', 'BB', 'BD', 'BE', 'BF', 'BG', 'BH', 'BI', 'BJ', 'BL', 'BM', 'BN', 'BO', 'BQ', 'BR', 'BS', 'BT', '...</msg>
<var>${list_country}</var>
<arg>AD</arg>
<arg>AE</arg>
<arg>AF</arg>
<arg>AG</arg>
<arg>AI</arg>
<arg>AL</arg>
<arg>AM</arg>
<arg>AO</arg>
<arg>AQ</arg>
<arg>AR</arg>
<arg>AS</arg>
<arg>AT</arg>
<arg>AU</arg>
<arg>AW</arg>
<arg>AX</arg>
<arg>AZ</arg>
<arg>BA</arg>
<arg>BB</arg>
<arg>BD</arg>
<arg>BE</arg>
<arg>BF</arg>
<arg>BG</arg>
<arg>BH</arg>
<arg>BI</arg>
<arg>BJ</arg>
<arg>BL</arg>
<arg>BM</arg>
<arg>BN</arg>
<arg>BO</arg>
<arg>BQ</arg>
<arg>BR</arg>
<arg>BS</arg>
<arg>BT</arg>
<arg>BV</arg>
<arg>BW</arg>
<arg>BY</arg>
<arg>BZ</arg>
<arg>CA</arg>
<arg>CC</arg>
<arg>CD</arg>
<arg>CF</arg>
<arg>CG</arg>
<arg>CH</arg>
<arg>CI</arg>
<arg>CK</arg>
<arg>CL</arg>
<arg>CM</arg>
<arg>CN</arg>
<arg>CO</arg>
<arg>CR</arg>
<arg>CU</arg>
<arg>CV</arg>
<arg>CW</arg>
<arg>CX</arg>
<arg>CY</arg>
<arg>CZ</arg>
<arg>DE</arg>
<arg>DJ</arg>
<arg>DK</arg>
<arg>DM</arg>
<arg>DO</arg>
<arg>DZ</arg>
<arg>EC</arg>
<arg>EE</arg>
<arg>EG</arg>
<arg>EH</arg>
<arg>ER</arg>
<arg>ES</arg>
<arg>ET</arg>
<arg>FI</arg>
<arg>FJ</arg>
<arg>FK</arg>
<arg>FM</arg>
<arg>FO</arg>
<arg>FR</arg>
<arg>GA</arg>
<arg>GB</arg>
<arg>GD</arg>
<arg>GE</arg>
<arg>GF</arg>
<arg>GG</arg>
<arg>GH</arg>
<arg>GI</arg>
<arg>GL</arg>
<arg>GM</arg>
<arg>GN</arg>
<arg>GP</arg>
<arg>GQ</arg>
<arg>GR</arg>
<arg>GS</arg>
<arg>GT</arg>
<arg>GU</arg>
<arg>GW</arg>
<arg>GY</arg>
<arg>HK</arg>
<arg>HM</arg>
<arg>HN</arg>
<arg>HR</arg>
<arg>HT</arg>
<arg>HU</arg>
<arg>ID</arg>
<arg>IE</arg>
<arg>IL</arg>
<arg>IM</arg>
<arg>IN</arg>
<arg>IO</arg>
<arg>IQ</arg>
<arg>IR</arg>
<arg>IS</arg>
<arg>IT</arg>
<arg>JE</arg>
<arg>JM</arg>
<arg>JO</arg>
<arg>JP</arg>
<arg>KE</arg>
<arg>KG</arg>
<arg>KH</arg>
<arg>KI</arg>
<arg>KM</arg>
<arg>KN</arg>
<arg>KP</arg>
<arg>KR</arg>
<arg>KW</arg>
<arg>KY</arg>
<arg>KZ</arg>
<arg>LA</arg>
<arg>LB</arg>
<arg>LC</arg>
<arg>LI</arg>
<arg>LK</arg>
<arg>LR</arg>
<arg>LS</arg>
<arg>LT</arg>
<arg>LU</arg>
<arg>LV</arg>
<arg>LY</arg>
<arg>MA</arg>
<arg>MC</arg>
<arg>MD</arg>
<arg>ME</arg>
<arg>MF</arg>
<arg>MG</arg>
<arg>MH</arg>
<arg>MK</arg>
<arg>ML</arg>
<arg>MM</arg>
<arg>MN</arg>
<arg>MO</arg>
<arg>MP</arg>
<arg>MQ</arg>
<arg>MR</arg>
<arg>MS</arg>
<arg>MT</arg>
<arg>MU</arg>
<arg>MV</arg>
<arg>MW</arg>
<arg>MX</arg>
<arg>MY</arg>
<arg>MZ</arg>
<arg>NA</arg>
<arg>NC</arg>
<arg>NE</arg>
<arg>NF</arg>
<arg>NG</arg>
<arg>NI</arg>
<arg>NL</arg>
<arg>NO</arg>
<arg>NP</arg>
<arg>NR</arg>
<arg>NU</arg>
<arg>NZ</arg>
<arg>OM</arg>
<arg>PA</arg>
<arg>PE</arg>
<arg>PF</arg>
<arg>PG</arg>
<arg>PH</arg>
<arg>PK</arg>
<arg>PL</arg>
<arg>PM</arg>
<arg>PN</arg>
<arg>PR</arg>
<arg>PS</arg>
<arg>PT</arg>
<arg>PW</arg>
<arg>PY</arg>
<arg>QA</arg>
<arg>RE</arg>
<arg>RO</arg>
<arg>RS</arg>
<arg>RU</arg>
<arg>RW</arg>
<arg>SA</arg>
<arg>SB</arg>
<arg>SC</arg>
<arg>SD</arg>
<arg>SE</arg>
<arg>SG</arg>
<arg>SH</arg>
<arg>SI</arg>
<arg>SJ</arg>
<arg>SK</arg>
<arg>SL</arg>
<arg>SM</arg>
<arg>SN</arg>
<arg>SO</arg>
<arg>SR</arg>
<arg>SS</arg>
<arg>ST</arg>
<arg>SV</arg>
<arg>SX</arg>
<arg>SY</arg>
<arg>SZ</arg>
<arg>TC</arg>
<arg>TD</arg>
<arg>TF</arg>
<arg>TG</arg>
<arg>TH</arg>
<arg>TJ</arg>
<arg>TK</arg>
<arg>TL</arg>
<arg>TM</arg>
<arg>TN</arg>
<arg>TO</arg>
<arg>TR</arg>
<arg>TT</arg>
<arg>TV</arg>
<arg>TW</arg>
<arg>TZ</arg>
<arg>UA</arg>
<arg>UG</arg>
<arg>UM</arg>
<arg>US</arg>
<arg>UY</arg>
<arg>UZ</arg>
<arg>VA</arg>
<arg>VC</arg>
<arg>VE</arg>
<arg>VG</arg>
<arg>VI</arg>
<arg>VN</arg>
<arg>VU</arg>
<arg>WF</arg>
<arg>WS</arg>
<arg>XK</arg>
<arg>YE</arg>
<arg>YT</arg>
<arg>ZA</arg>
<arg>ZM</arg>
<arg>ZW</arg>
<doc>Returns a list containing given items.</doc>
<status status="PASS" start="2024-05-26T12:25:11.891367" elapsed="0.000620"/>
</kw>
<kw name="List Should Contain Value" owner="Collections">
<msg time="2024-05-26T12:25:11.892975" level="INFO">False</msg>
<arg>${list_country}</arg>
<arg>${name_country}</arg>
<doc>Fails if the ``value`` is not found from ``list``.</doc>
<status status="PASS" start="2024-05-26T12:25:11.892772" elapsed="0.000238"/>
</kw>
<kw name="Run Keyword If" owner="BuiltIn">
<kw name="Should Be True" owner="BuiltIn">
<arg>${True}</arg>
<doc>Fails if the given condition is not true.</doc>
<status status="PASS" start="2024-05-26T12:25:11.894071" elapsed="0.000144"/>
</kw>
<arg>${json_data["results"][0]["location"]["coordinates"]["latitude"]} &gt;= -90 and ${json_data["results"][0]["location"]["coordinates"]["latitude"]} &lt;= 90</arg>
<arg>Should Be True</arg>
<arg>${True}</arg>
<doc>Runs the given keyword with the given arguments, if ``condition`` is true.</doc>
<status status="PASS" start="2024-05-26T12:25:11.893321" elapsed="0.001020"/>
</kw>
<kw name="Run Keyword If" owner="BuiltIn">
<kw name="Should Be True" owner="BuiltIn">
<arg>${True}</arg>
<doc>Fails if the given condition is not true.</doc>
<status status="PASS" start="2024-05-26T12:25:11.895257" elapsed="0.000137"/>
</kw>
<arg>${json_data["results"][0]["location"]["coordinates"]["longitude"]} &gt;= -180 and ${json_data["results"][0]["location"]["coordinates"]["longitude"]} &lt;= 180</arg>
<arg>Should Be True</arg>
<arg>${True}</arg>
<doc>Runs the given keyword with the given arguments, if ``condition`` is true.</doc>
<status status="PASS" start="2024-05-26T12:25:11.894527" elapsed="0.000990"/>
</kw>
<status status="PASS" start="2024-05-26T12:25:11.787776" elapsed="0.107873"/>
</kw>
<doc>Testa o conteúdo específico dos campos retornados pela API.</doc>
<tag>testeConteudo</tag>
<status status="PASS" start="2024-05-26T12:25:11.787307" elapsed="0.108492"/>
</test>
<status status="PASS" start="2024-05-26T12:25:11.076723" elapsed="0.821022"/>
</suite>
<status status="PASS" start="2024-05-26T12:25:11.063213" elapsed="0.839719"/>
</suite>
<statistics>
<total>
<stat pass="5" fail="0" skip="0">All Tests</stat>
</total>
<tag>
<stat pass="1" fail="0" skip="0">testeConteudo</stat>
<stat pass="1" fail="0" skip="0">testeEstruturaResposta</stat>
<stat pass="1" fail="0" skip="0">testeRequisicaoBasica</stat>
<stat pass="1" fail="0" skip="0">testeTiposDados</stat>
</tag>
<suite>
<stat pass="5" fail="0" skip="0" id="s1" name="Tests">Tests</stat>
<stat pass="5" fail="0" skip="0" id="s1-s1" name="Random-User-Test">Tests.Random-User-Test</stat>
</suite>
</statistics>
<errors>
</errors>
</robot>
