<?xml version="1.0" encoding="UTF-8"?>
<robot generator="Robot 7.0.1 (Python 3.12.4 on linux)" generated="2024-06-30T05:13:32.569738" rpa="false" schemaversion="5">
<suite id="s1" name="Tests" source="/home/runner/work/ApiRandomUser/ApiRandomUser/RamdonUser/tests">
<suite id="s1-s1" name="Random-User-Test" source="/home/runner/work/ApiRandomUser/ApiRandomUser/RamdonUser/tests/random-user-test.robot">
<test id="s1-s1-t1" name="Conectar" line="13">
<kw name="Conectar API" owner="random-user-service">
<kw name="Create Session" owner="RequestsLibrary">
<msg time="2024-06-30T05:13:32.986524" level="INFO">Creating Session using : alias=consultarAPI, url=https://randomuser.me/, headers={},                     cookies={}, auth=None, timeout=None, proxies=None, verify=False,                     debug=0 </msg>
<arg>consultarAPI</arg>
<arg>${URL}</arg>
<doc>Create Session: create a HTTP session to a server</doc>
<status status="PASS" start="2024-06-30T05:13:32.986316" elapsed="0.000385"/>
</kw>
<status status="PASS" start="2024-06-30T05:13:32.985322" elapsed="0.001744"/>
</kw>
<status status="PASS" start="2024-06-30T05:13:32.984760" elapsed="0.002495"/>
</test>
<test id="s1-s1-t2" name="Validar retorno 200 e JSON Válido" line="16">
<kw name="Teste de Requisicao Basica" owner="random-user-service">
<kw name="GET On Session" owner="RequestsLibrary">
<msg time="2024-06-30T05:13:33.363964" level="INFO">GET Request : url=https://randomuser.me/api 
 path_url=/api 
 headers={'User-Agent': 'python-requests/2.32.3', 'Accept-Encoding': 'gzip, deflate', 'Accept': '*/*', 'Connection': 'keep-alive'} 
 body=None 
 </msg>
<msg time="2024-06-30T05:13:33.364127" level="INFO">GET Response : url=https://randomuser.me/api 
 status=200, reason=OK 
 headers={'Date': 'Sun, 30 Jun 2024 05:13:33 GMT', 'Content-Type': 'application/json; charset=utf-8', 'Transfer-Encoding': 'chunked', 'Connection': 'keep-alive', 'X-Powered-By': 'Express', 'Access-Control-Allow-Origin': '*', 'Cache-Control': 'no-cache', 'ETag': 'W/"4a7-K7qw+CAEn8L79B8R4uU6lKH53TA"', 'Vary': 'Accept-Encoding', 'Content-Encoding': 'gzip', 'CF-Cache-Status': 'DYNAMIC', 'Report-To': '{"endpoints":[{"url":"https:\\/\\/a.nel.cloudflare.com\\/report\\/v4?s=ZYGkxxYnLxk%2BNSsicCHK%2FcB33rkKG44%2BmJD1lRMpu%2Bk0756Cnhb2pqOeqOpgf%2FLjxKySWDPX8%2BQBJ78WK0FonLmpuVKzQY%2BjgMAQ8RDpZKAAyJ3Fop1SU4juOCnNlg94"}],"group":"cf-nel","max_age":604800}', 'NEL': '{"success_fraction":0,"report_to":"cf-nel","max_age":604800}', 'Server': 'cloudflare', 'CF-RAY': '89bbaaef4fc52d6a-ORD', 'alt-svc': 'h3=":443"; ma=86400'} 
 body={"results":[{"gender":"male","name":{"title":"Monsieur","first":"Bryan","last":"Bernard"},"location":{"street":{"number":873,"name":"Rue Denfert-Rochereau"},"city":"Monteceneri","state":"Solothurn","country":"Switzerland","postcode":9604,"coordinates":{"latitude":"-60.7216","longitude":"-11.1676"},"timezone":{"offset":"-5:00","description":"Eastern Time (US &amp; Canada), Bogota, Lima"}},"email":"bryan.bernard@example.com","login":{"uuid":"2031a9a8-df7d-43da-8d12-eec9f1398a8b","username":"bigcat930","password":"sound","salt":"Z8B2n1Nb","md5":"463c1092cb7b9087daa599b722db175b","sha1":"a3984336ffe8597ae55d4a8a90251ba5a29bc82b","sha256":"5bad03f9e300269796b93419a4d8ff712c85b75506790404ee8f90cac8e74588"},"dob":{"date":"1996-10-20T09:12:42.030Z","age":27},"registered":{"date":"2018-04-06T02:23:31.926Z","age":6},"phone":"075 255 65 75","cell":"075 779 46 08","id":{"name":"AVS","value":"756.3888.1053.77"},"picture":{"large":"https://randomuser.me/api/portraits/men/62.jpg","medium":"https://randomuser.me/api/portraits/med/men/62.jpg","thumbnail":"https://randomuser.me/api/portraits/thumb/men/62.jpg"},"nat":"CH"}],"info":{"seed":"b33fccb612cc9fda","results":1,"page":1,"version":"1.4"}} 
 </msg>
<msg time="2024-06-30T05:13:33.364249" level="INFO">/opt/hostedtoolcache/Python/3.12.4/x64/lib/python3.12/site-packages/urllib3/connectionpool.py:1099: InsecureRequestWarning: Unverified HTTPS request is being made to host 'randomuser.me'. Adding certificate verification is strongly advised. See: https://urllib3.readthedocs.io/en/latest/advanced-usage.html#tls-warnings
  warnings.warn(</msg>
<msg time="2024-06-30T05:13:33.364406" level="INFO">${response} = &lt;Response [200]&gt;</msg>
<var>${response}</var>
<arg>consultarAPI</arg>
<arg>/api</arg>
<doc>Sends a GET request on a previously created HTTP Session.</doc>
<status status="PASS" start="2024-06-30T05:13:32.989872" elapsed="0.374581"/>
</kw>
<kw name="Should Be Equal As Numbers" owner="BuiltIn">
<msg time="2024-06-30T05:13:33.365434" level="INFO">Argument types are:
&lt;class 'int'&gt;
&lt;class 'str'&gt;</msg>
<arg>${response.status_code}</arg>
<arg>200</arg>
<doc>Fails if objects are unequal after converting them to real numbers.</doc>
<status status="PASS" start="2024-06-30T05:13:33.364982" elapsed="0.000522"/>
</kw>
<kw name="Log" owner="BuiltIn">
<msg time="2024-06-30T05:13:33.366155" level="INFO">200</msg>
<arg>${response.status_code}</arg>
<doc>Logs the given message with the given level.</doc>
<status status="PASS" start="2024-06-30T05:13:33.365817" elapsed="0.000378"/>
</kw>
<kw name="Set Variable" owner="BuiltIn">
<msg time="2024-06-30T05:13:33.366931" level="INFO">${json_data} = {'results': [{'gender': 'male', 'name': {'title': 'Monsieur', 'first': 'Bryan', 'last': 'Bernard'}, 'location': {'street': {'number': 873, 'name': 'Rue Denfert-Rochereau'}, 'city': 'Monteceneri', 'sta...</msg>
<var>${json_data}</var>
<arg>${response.json()}</arg>
<doc>Returns the given values which can then be assigned to a variables.</doc>
<status status="PASS" start="2024-06-30T05:13:33.366504" elapsed="0.000455"/>
</kw>
<kw name="Dictionary Should Contain Key" owner="Collections">
<arg>${json_data}</arg>
<arg>results</arg>
<doc>Fails if ``key`` is not found from ``dictionary``.</doc>
<status status="PASS" start="2024-06-30T05:13:33.367253" elapsed="0.000162"/>
</kw>
<status status="PASS" start="2024-06-30T05:13:32.989625" elapsed="0.377941"/>
</kw>
<doc>Testa se a API responde corretamente e retorna um objeto JSON válido.</doc>
<tag>testeRequisicaoBasica</tag>
<status status="PASS" start="2024-06-30T05:13:32.989147" elapsed="0.378591"/>
</test>
<test id="s1-s1-t3" name="Validar estrutura de resposta" line="22">
<kw name="Teste de Estrutura de Resposta" owner="random-user-service">
<kw name="GET On Session" owner="RequestsLibrary">
<msg time="2024-06-30T05:13:33.472258" level="INFO">GET Request : url=https://randomuser.me/api 
 path_url=/api 
 headers={'User-Agent': 'python-requests/2.32.3', 'Accept-Encoding': 'gzip, deflate', 'Accept': '*/*', 'Connection': 'keep-alive'} 
 body=None 
 </msg>
<msg time="2024-06-30T05:13:33.472398" level="INFO">GET Response : url=https://randomuser.me/api 
 status=200, reason=OK 
 headers={'Date': 'Sun, 30 Jun 2024 05:13:33 GMT', 'Content-Type': 'application/json; charset=utf-8', 'Transfer-Encoding': 'chunked', 'Connection': 'keep-alive', 'X-Powered-By': 'Express', 'Access-Control-Allow-Origin': '*', 'Cache-Control': 'no-cache', 'ETag': 'W/"498-leI9lVrnVjfOem3MTE4OMkhjSaE"', 'Vary': 'Accept-Encoding', 'Content-Encoding': 'gzip', 'CF-Cache-Status': 'DYNAMIC', 'Report-To': '{"endpoints":[{"url":"https:\\/\\/a.nel.cloudflare.com\\/report\\/v4?s=%2F9K6xQ8EDIsKytjHSrHqlWOTCGZdqNz9NNi7a9tvNNazG04f76hsBUpqBKqZVfo7LhwYLxzB10IU30qZAZz%2BJ5lWeralBPA1hVrb1bAal6oLRWxNogxYyD9q8vwHOf8U"}],"group":"cf-nel","max_age":604800}', 'NEL': '{"success_fraction":0,"report_to":"cf-nel","max_age":604800}', 'Server': 'cloudflare', 'CF-RAY': '89bbaaef98162d6a-ORD', 'alt-svc': 'h3=":443"; ma=86400'} 
 body={"results":[{"gender":"female","name":{"title":"Ms","first":"Krin","last":"Perez"},"location":{"street":{"number":5658,"name":"Photinia Ave"},"city":"Townsville","state":"New South Wales","country":"Australia","postcode":6266,"coordinates":{"latitude":"-89.0255","longitude":"121.9052"},"timezone":{"offset":"+8:00","description":"Beijing, Perth, Singapore, Hong Kong"}},"email":"krin.perez@example.com","login":{"uuid":"8bfd99d2-5d55-4122-ae6f-049971005937","username":"yellowbird345","password":"general","salt":"2wvejkx3","md5":"f2919592993efff602daa0b2c7e76d1c","sha1":"af4e54bd6d892b57c30203bb25522fc5e7a8ee26","sha256":"e0457aceb12ba478663685c66fb68dbd616fca04801a5381f1aebdf2ea664056"},"dob":{"date":"1978-07-31T12:55:48.461Z","age":45},"registered":{"date":"2013-08-31T04:31:23.582Z","age":10},"phone":"01-0035-2494","cell":"0450-227-357","id":{"name":"TFN","value":"295994059"},"picture":{"large":"https://randomuser.me/api/portraits/women/42.jpg","medium":"https://randomuser.me/api/portraits/med/women/42.jpg","thumbnail":"https://randomuser.me/api/portraits/thumb/women/42.jpg"},"nat":"AU"}],"info":{"seed":"dbfc531ced3a3e97","results":1,"page":1,"version":"1.4"}} 
 </msg>
<msg time="2024-06-30T05:13:33.472547" level="INFO">/opt/hostedtoolcache/Python/3.12.4/x64/lib/python3.12/site-packages/urllib3/connectionpool.py:1099: InsecureRequestWarning: Unverified HTTPS request is being made to host 'randomuser.me'. Adding certificate verification is strongly advised. See: https://urllib3.readthedocs.io/en/latest/advanced-usage.html#tls-warnings
  warnings.warn(</msg>
<msg time="2024-06-30T05:13:33.472703" level="INFO">${response} = &lt;Response [200]&gt;</msg>
<var>${response}</var>
<arg>consultarAPI</arg>
<arg>/api</arg>
<doc>Sends a GET request on a previously created HTTP Session.</doc>
<status status="PASS" start="2024-06-30T05:13:33.370721" elapsed="0.102020"/>
</kw>
<kw name="Set Variable" owner="BuiltIn">
<msg time="2024-06-30T05:13:33.473804" level="INFO">${json_data} = {'results': [{'gender': 'female', 'name': {'title': 'Ms', 'first': 'Krin', 'last': 'Perez'}, 'location': {'street': {'number': 5658, 'name': 'Photinia Ave'}, 'city': 'Townsville', 'state': 'New South ...</msg>
<var>${json_data}</var>
<arg>${response.json()}</arg>
<doc>Returns the given values which can then be assigned to a variables.</doc>
<status status="PASS" start="2024-06-30T05:13:33.473261" elapsed="0.000572"/>
</kw>
<kw name="Log" owner="BuiltIn">
<msg time="2024-06-30T05:13:33.474299" level="INFO">{'results': [{'gender': 'female', 'name': {'title': 'Ms', 'first': 'Krin', 'last': 'Perez'}, 'location': {'street': {'number': 5658, 'name': 'Photinia Ave'}, 'city': 'Townsville', 'state': 'New South Wales', 'country': 'Australia', 'postcode': 6266, 'coordinates': {'latitude': '-89.0255', 'longitude': '121.9052'}, 'timezone': {'offset': '+8:00', 'description': 'Beijing, Perth, Singapore, Hong Kong'}}, 'email': 'krin.perez@example.com', 'login': {'uuid': '8bfd99d2-5d55-4122-ae6f-049971005937', 'username': 'yellowbird345', 'password': 'general', 'salt': '2wvejkx3', 'md5': 'f2919592993efff602daa0b2c7e76d1c', 'sha1': 'af4e54bd6d892b57c30203bb25522fc5e7a8ee26', 'sha256': 'e0457aceb12ba478663685c66fb68dbd616fca04801a5381f1aebdf2ea664056'}, 'dob': {'date': '1978-07-31T12:55:48.461Z', 'age': 45}, 'registered': {'date': '2013-08-31T04:31:23.582Z', 'age': 10}, 'phone': '01-0035-2494', 'cell': '0450-227-357', 'id': {'name': 'TFN', 'value': '295994059'}, 'picture': {'large': 'https://randomuser.me/api/portraits/women/42.jpg', 'medium': 'https://randomuser.me/api/portraits/med/women/42.jpg', 'thumbnail': 'https://randomuser.me/api/portraits/thumb/women/42.jpg'}, 'nat': 'AU'}], 'info': {'seed': 'dbfc531ced3a3e97', 'results': 1, 'page': 1, 'version': '1.4'}}</msg>
<arg>${json_data}</arg>
<doc>Logs the given message with the given level.</doc>
<status status="PASS" start="2024-06-30T05:13:33.474139" elapsed="0.000207"/>
</kw>
<kw name="Dictionary Should Contain Key" owner="Collections">
<arg>${json_data}</arg>
<arg>results</arg>
<doc>Fails if ``key`` is not found from ``dictionary``.</doc>
<status status="PASS" start="2024-06-30T05:13:33.474642" elapsed="0.000161"/>
</kw>
<kw name="Should Not Be Empty" owner="BuiltIn">
<msg time="2024-06-30T05:13:33.475116" level="INFO">Length is 2.</msg>
<arg>${json_data}</arg>
<doc>Verifies that the given item is not empty.</doc>
<status status="PASS" start="2024-06-30T05:13:33.474989" elapsed="0.000165"/>
</kw>
<kw name="Create List" owner="BuiltIn">
<msg time="2024-06-30T05:13:33.475772" level="INFO">${expected_keys} = ['gender', 'name', 'location', 'email', 'login']</msg>
<var>${expected_keys}</var>
<arg>gender</arg>
<arg>name</arg>
<arg>location</arg>
<arg>email</arg>
<arg>login</arg>
<doc>Returns a list containing given items.</doc>
<status status="PASS" start="2024-06-30T05:13:33.475454" elapsed="0.000343"/>
</kw>
<for flavor="IN">
<iter>
<kw name="Dictionary Should Contain Key" owner="Collections">
<arg>${json_data['results'][0]}</arg>
<arg>${key}</arg>
<doc>Fails if ``key`` is not found from ``dictionary``.</doc>
<status status="PASS" start="2024-06-30T05:13:33.476443" elapsed="0.000391"/>
</kw>
<kw name="Log" owner="BuiltIn">
<msg time="2024-06-30T05:13:33.477376" level="INFO">{'gender': 'female', 'name': {'title': 'Ms', 'first': 'Krin', 'last': 'Perez'}, 'location': {'street': {'number': 5658, 'name': 'Photinia Ave'}, 'city': 'Townsville', 'state': 'New South Wales', 'country': 'Australia', 'postcode': 6266, 'coordinates': {'latitude': '-89.0255', 'longitude': '121.9052'}, 'timezone': {'offset': '+8:00', 'description': 'Beijing, Perth, Singapore, Hong Kong'}}, 'email': 'krin.perez@example.com', 'login': {'uuid': '8bfd99d2-5d55-4122-ae6f-049971005937', 'username': 'yellowbird345', 'password': 'general', 'salt': '2wvejkx3', 'md5': 'f2919592993efff602daa0b2c7e76d1c', 'sha1': 'af4e54bd6d892b57c30203bb25522fc5e7a8ee26', 'sha256': 'e0457aceb12ba478663685c66fb68dbd616fca04801a5381f1aebdf2ea664056'}, 'dob': {'date': '1978-07-31T12:55:48.461Z', 'age': 45}, 'registered': {'date': '2013-08-31T04:31:23.582Z', 'age': 10}, 'phone': '01-0035-2494', 'cell': '0450-227-357', 'id': {'name': 'TFN', 'value': '295994059'}, 'picture': {'large': 'https://randomuser.me/api/portraits/women/42.jpg', 'medium': 'https://randomuser.me/api/portraits/med/women/42.jpg', 'thumbnail': 'https://randomuser.me/api/portraits/thumb/women/42.jpg'}, 'nat': 'AU'}</msg>
<arg>${json_data['results'][0]}</arg>
<doc>Logs the given message with the given level.</doc>
<status status="PASS" start="2024-06-30T05:13:33.477018" elapsed="0.000404"/>
</kw>
<kw name="Log" owner="BuiltIn">
<msg time="2024-06-30T05:13:33.477848" level="INFO">gender</msg>
<arg>${key}</arg>
<doc>Logs the given message with the given level.</doc>
<status status="PASS" start="2024-06-30T05:13:33.477720" elapsed="0.000166"/>
</kw>
<var name="${key}">gender</var>
<status status="PASS" start="2024-06-30T05:13:33.476315" elapsed="0.001789"/>
</iter>
<iter>
<kw name="Dictionary Should Contain Key" owner="Collections">
<arg>${json_data['results'][0]}</arg>
<arg>${key}</arg>
<doc>Fails if ``key`` is not found from ``dictionary``.</doc>
<status status="PASS" start="2024-06-30T05:13:33.478400" elapsed="0.000385"/>
</kw>
<kw name="Log" owner="BuiltIn">
<msg time="2024-06-30T05:13:33.479307" level="INFO">{'gender': 'female', 'name': {'title': 'Ms', 'first': 'Krin', 'last': 'Perez'}, 'location': {'street': {'number': 5658, 'name': 'Photinia Ave'}, 'city': 'Townsville', 'state': 'New South Wales', 'country': 'Australia', 'postcode': 6266, 'coordinates': {'latitude': '-89.0255', 'longitude': '121.9052'}, 'timezone': {'offset': '+8:00', 'description': 'Beijing, Perth, Singapore, Hong Kong'}}, 'email': 'krin.perez@example.com', 'login': {'uuid': '8bfd99d2-5d55-4122-ae6f-049971005937', 'username': 'yellowbird345', 'password': 'general', 'salt': '2wvejkx3', 'md5': 'f2919592993efff602daa0b2c7e76d1c', 'sha1': 'af4e54bd6d892b57c30203bb25522fc5e7a8ee26', 'sha256': 'e0457aceb12ba478663685c66fb68dbd616fca04801a5381f1aebdf2ea664056'}, 'dob': {'date': '1978-07-31T12:55:48.461Z', 'age': 45}, 'registered': {'date': '2013-08-31T04:31:23.582Z', 'age': 10}, 'phone': '01-0035-2494', 'cell': '0450-227-357', 'id': {'name': 'TFN', 'value': '295994059'}, 'picture': {'large': 'https://randomuser.me/api/portraits/women/42.jpg', 'medium': 'https://randomuser.me/api/portraits/med/women/42.jpg', 'thumbnail': 'https://randomuser.me/api/portraits/thumb/women/42.jpg'}, 'nat': 'AU'}</msg>
<arg>${json_data['results'][0]}</arg>
<doc>Logs the given message with the given level.</doc>
<status status="PASS" start="2024-06-30T05:13:33.478965" elapsed="0.000422"/>
</kw>
<kw name="Log" owner="BuiltIn">
<msg time="2024-06-30T05:13:33.479808" level="INFO">name</msg>
<arg>${key}</arg>
<doc>Logs the given message with the given level.</doc>
<status status="PASS" start="2024-06-30T05:13:33.479682" elapsed="0.000163"/>
</kw>
<var name="${key}">name</var>
<status status="PASS" start="2024-06-30T05:13:33.478289" elapsed="0.001772"/>
</iter>
<iter>
<kw name="Dictionary Should Contain Key" owner="Collections">
<arg>${json_data['results'][0]}</arg>
<arg>${key}</arg>
<doc>Fails if ``key`` is not found from ``dictionary``.</doc>
<status status="PASS" start="2024-06-30T05:13:33.480372" elapsed="0.000372"/>
</kw>
<kw name="Log" owner="BuiltIn">
<msg time="2024-06-30T05:13:33.481269" level="INFO">{'gender': 'female', 'name': {'title': 'Ms', 'first': 'Krin', 'last': 'Perez'}, 'location': {'street': {'number': 5658, 'name': 'Photinia Ave'}, 'city': 'Townsville', 'state': 'New South Wales', 'country': 'Australia', 'postcode': 6266, 'coordinates': {'latitude': '-89.0255', 'longitude': '121.9052'}, 'timezone': {'offset': '+8:00', 'description': 'Beijing, Perth, Singapore, Hong Kong'}}, 'email': 'krin.perez@example.com', 'login': {'uuid': '8bfd99d2-5d55-4122-ae6f-049971005937', 'username': 'yellowbird345', 'password': 'general', 'salt': '2wvejkx3', 'md5': 'f2919592993efff602daa0b2c7e76d1c', 'sha1': 'af4e54bd6d892b57c30203bb25522fc5e7a8ee26', 'sha256': 'e0457aceb12ba478663685c66fb68dbd616fca04801a5381f1aebdf2ea664056'}, 'dob': {'date': '1978-07-31T12:55:48.461Z', 'age': 45}, 'registered': {'date': '2013-08-31T04:31:23.582Z', 'age': 10}, 'phone': '01-0035-2494', 'cell': '0450-227-357', 'id': {'name': 'TFN', 'value': '295994059'}, 'picture': {'large': 'https://randomuser.me/api/portraits/women/42.jpg', 'medium': 'https://randomuser.me/api/portraits/med/women/42.jpg', 'thumbnail': 'https://randomuser.me/api/portraits/thumb/women/42.jpg'}, 'nat': 'AU'}</msg>
<arg>${json_data['results'][0]}</arg>
<doc>Logs the given message with the given level.</doc>
<status status="PASS" start="2024-06-30T05:13:33.480923" elapsed="0.000393"/>
</kw>
<kw name="Log" owner="BuiltIn">
<msg time="2024-06-30T05:13:33.481737" level="INFO">location</msg>
<arg>${key}</arg>
<doc>Logs the given message with the given level.</doc>
<status status="PASS" start="2024-06-30T05:13:33.481611" elapsed="0.000162"/>
</kw>
<var name="${key}">location</var>
<status status="PASS" start="2024-06-30T05:13:33.480265" elapsed="0.001722"/>
</iter>
<iter>
<kw name="Dictionary Should Contain Key" owner="Collections">
<arg>${json_data['results'][0]}</arg>
<arg>${key}</arg>
<doc>Fails if ``key`` is not found from ``dictionary``.</doc>
<status status="PASS" start="2024-06-30T05:13:33.482259" elapsed="0.000384"/>
</kw>
<kw name="Log" owner="BuiltIn">
<msg time="2024-06-30T05:13:33.483170" level="INFO">{'gender': 'female', 'name': {'title': 'Ms', 'first': 'Krin', 'last': 'Perez'}, 'location': {'street': {'number': 5658, 'name': 'Photinia Ave'}, 'city': 'Townsville', 'state': 'New South Wales', 'country': 'Australia', 'postcode': 6266, 'coordinates': {'latitude': '-89.0255', 'longitude': '121.9052'}, 'timezone': {'offset': '+8:00', 'description': 'Beijing, Perth, Singapore, Hong Kong'}}, 'email': 'krin.perez@example.com', 'login': {'uuid': '8bfd99d2-5d55-4122-ae6f-049971005937', 'username': 'yellowbird345', 'password': 'general', 'salt': '2wvejkx3', 'md5': 'f2919592993efff602daa0b2c7e76d1c', 'sha1': 'af4e54bd6d892b57c30203bb25522fc5e7a8ee26', 'sha256': 'e0457aceb12ba478663685c66fb68dbd616fca04801a5381f1aebdf2ea664056'}, 'dob': {'date': '1978-07-31T12:55:48.461Z', 'age': 45}, 'registered': {'date': '2013-08-31T04:31:23.582Z', 'age': 10}, 'phone': '01-0035-2494', 'cell': '0450-227-357', 'id': {'name': 'TFN', 'value': '295994059'}, 'picture': {'large': 'https://randomuser.me/api/portraits/women/42.jpg', 'medium': 'https://randomuser.me/api/portraits/med/women/42.jpg', 'thumbnail': 'https://randomuser.me/api/portraits/thumb/women/42.jpg'}, 'nat': 'AU'}</msg>
<arg>${json_data['results'][0]}</arg>
<doc>Logs the given message with the given level.</doc>
<status status="PASS" start="2024-06-30T05:13:33.482827" elapsed="0.000390"/>
</kw>
<kw name="Log" owner="BuiltIn">
<msg time="2024-06-30T05:13:33.483631" level="INFO">email</msg>
<arg>${key}</arg>
<doc>Logs the given message with the given level.</doc>
<status status="PASS" start="2024-06-30T05:13:33.483506" elapsed="0.000162"/>
</kw>
<var name="${key}">email</var>
<status status="PASS" start="2024-06-30T05:13:33.482154" elapsed="0.001733"/>
</iter>
<iter>
<kw name="Dictionary Should Contain Key" owner="Collections">
<arg>${json_data['results'][0]}</arg>
<arg>${key}</arg>
<doc>Fails if ``key`` is not found from ``dictionary``.</doc>
<status status="PASS" start="2024-06-30T05:13:33.484210" elapsed="0.000409"/>
</kw>
<kw name="Log" owner="BuiltIn">
<msg time="2024-06-30T05:13:33.485146" level="INFO">{'gender': 'female', 'name': {'title': 'Ms', 'first': 'Krin', 'last': 'Perez'}, 'location': {'street': {'number': 5658, 'name': 'Photinia Ave'}, 'city': 'Townsville', 'state': 'New South Wales', 'country': 'Australia', 'postcode': 6266, 'coordinates': {'latitude': '-89.0255', 'longitude': '121.9052'}, 'timezone': {'offset': '+8:00', 'description': 'Beijing, Perth, Singapore, Hong Kong'}}, 'email': 'krin.perez@example.com', 'login': {'uuid': '8bfd99d2-5d55-4122-ae6f-049971005937', 'username': 'yellowbird345', 'password': 'general', 'salt': '2wvejkx3', 'md5': 'f2919592993efff602daa0b2c7e76d1c', 'sha1': 'af4e54bd6d892b57c30203bb25522fc5e7a8ee26', 'sha256': 'e0457aceb12ba478663685c66fb68dbd616fca04801a5381f1aebdf2ea664056'}, 'dob': {'date': '1978-07-31T12:55:48.461Z', 'age': 45}, 'registered': {'date': '2013-08-31T04:31:23.582Z', 'age': 10}, 'phone': '01-0035-2494', 'cell': '0450-227-357', 'id': {'name': 'TFN', 'value': '295994059'}, 'picture': {'large': 'https://randomuser.me/api/portraits/women/42.jpg', 'medium': 'https://randomuser.me/api/portraits/med/women/42.jpg', 'thumbnail': 'https://randomuser.me/api/portraits/thumb/women/42.jpg'}, 'nat': 'AU'}</msg>
<arg>${json_data['results'][0]}</arg>
<doc>Logs the given message with the given level.</doc>
<status status="PASS" start="2024-06-30T05:13:33.484801" elapsed="0.000391"/>
</kw>
<kw name="Log" owner="BuiltIn">
<msg time="2024-06-30T05:13:33.485605" level="INFO">login</msg>
<arg>${key}</arg>
<doc>Logs the given message with the given level.</doc>
<status status="PASS" start="2024-06-30T05:13:33.485479" elapsed="0.000162"/>
</kw>
<var name="${key}">login</var>
<status status="PASS" start="2024-06-30T05:13:33.484054" elapsed="0.001798"/>
</iter>
<var>${key}</var>
<value>@{expected_keys}</value>
<status status="PASS" start="2024-06-30T05:13:33.476062" elapsed="0.009909"/>
</for>
<kw name="Create List" owner="BuiltIn">
<msg time="2024-06-30T05:13:33.486305" level="INFO">${expected_keysTwo} = ['username', 'password']</msg>
<var>${expected_keysTwo}</var>
<arg>username</arg>
<arg>password</arg>
<doc>Returns a list containing given items.</doc>
<status status="PASS" start="2024-06-30T05:13:33.486159" elapsed="0.000197"/>
</kw>
<for flavor="IN">
<iter>
<kw name="Dictionary Should Contain Key" owner="Collections">
<arg>${json_data['results'][0]['login']}</arg>
<arg>${keyTwo}</arg>
<doc>Fails if ``key`` is not found from ``dictionary``.</doc>
<status status="PASS" start="2024-06-30T05:13:33.486854" elapsed="0.000385"/>
</kw>
<kw name="Dictionary Should Contain Key" owner="Collections">
<arg>${json_data['results'][0]['login']}</arg>
<arg>${keyTwo}</arg>
<doc>Fails if ``key`` is not found from ``dictionary``.</doc>
<status status="PASS" start="2024-06-30T05:13:33.487418" elapsed="0.000370"/>
</kw>
<kw name="Log" owner="BuiltIn">
<msg time="2024-06-30T05:13:33.488091" level="INFO">username</msg>
<arg>${keyTwo}</arg>
<doc>Logs the given message with the given level.</doc>
<status status="PASS" start="2024-06-30T05:13:33.487972" elapsed="0.000155"/>
</kw>
<var name="${keyTwo}">username</var>
<status status="PASS" start="2024-06-30T05:13:33.486748" elapsed="0.001649"/>
</iter>
<iter>
<kw name="Dictionary Should Contain Key" owner="Collections">
<arg>${json_data['results'][0]['login']}</arg>
<arg>${keyTwo}</arg>
<doc>Fails if ``key`` is not found from ``dictionary``.</doc>
<status status="PASS" start="2024-06-30T05:13:33.488674" elapsed="0.000382"/>
</kw>
<kw name="Dictionary Should Contain Key" owner="Collections">
<arg>${json_data['results'][0]['login']}</arg>
<arg>${keyTwo}</arg>
<doc>Fails if ``key`` is not found from ``dictionary``.</doc>
<status status="PASS" start="2024-06-30T05:13:33.489235" elapsed="0.000366"/>
</kw>
<kw name="Log" owner="BuiltIn">
<msg time="2024-06-30T05:13:33.489894" level="INFO">password</msg>
<arg>${keyTwo}</arg>
<doc>Logs the given message with the given level.</doc>
<status status="PASS" start="2024-06-30T05:13:33.489776" elapsed="0.000159"/>
</kw>
<var name="${keyTwo}">password</var>
<status status="PASS" start="2024-06-30T05:13:33.488568" elapsed="0.001677"/>
</iter>
<var>${keyTwo}</var>
<value>@{expected_keysTwo}</value>
<status status="PASS" start="2024-06-30T05:13:33.486598" elapsed="0.003768"/>
</for>
<status status="PASS" start="2024-06-30T05:13:33.370392" elapsed="0.120113"/>
</kw>
<doc>Testa a estrutura da resposta da API.</doc>
<tag>testeEstruturaResposta</tag>
<status status="PASS" start="2024-06-30T05:13:33.369630" elapsed="0.121030"/>
</test>
<test id="s1-s1-t4" name="Validar tipos de dados" line="28">
<kw name="Teste de Tipos de Dados" owner="random-user-service">
<kw name="GET On Session" owner="RequestsLibrary">
<msg time="2024-06-30T05:13:33.569184" level="INFO">GET Request : url=https://randomuser.me/api 
 path_url=/api 
 headers={'User-Agent': 'python-requests/2.32.3', 'Accept-Encoding': 'gzip, deflate', 'Accept': '*/*', 'Connection': 'keep-alive'} 
 body=None 
 </msg>
<msg time="2024-06-30T05:13:33.569287" level="INFO">GET Response : url=https://randomuser.me/api 
 status=200, reason=OK 
 headers={'Date': 'Sun, 30 Jun 2024 05:13:33 GMT', 'Content-Type': 'application/json; charset=utf-8', 'Transfer-Encoding': 'chunked', 'Connection': 'keep-alive', 'X-Powered-By': 'Express', 'Access-Control-Allow-Origin': '*', 'Cache-Control': 'no-cache', 'ETag': 'W/"49b-Y5Q/NCACDWSuBQ81q0iK9ooN5YM"', 'Vary': 'Accept-Encoding', 'Content-Encoding': 'gzip', 'CF-Cache-Status': 'DYNAMIC', 'Report-To': '{"endpoints":[{"url":"https:\\/\\/a.nel.cloudflare.com\\/report\\/v4?s=8pYSY5SVH%2FkUEyP1VaSMdEp7558YXEr9npANIq6bx3PAo4imiAt3aoY4b2ZZuEnBohxGxNnDExrLPhkx22Nk2PaK4PruvBN8Y1pjyRLqac0Gojvw7FOl6cZrLWxJD%2BkX"}],"group":"cf-nel","max_age":604800}', 'NEL': '{"success_fraction":0,"report_to":"cf-nel","max_age":604800}', 'Server': 'cloudflare', 'CF-RAY': '89bbaaf058a02d6a-ORD', 'alt-svc': 'h3=":443"; ma=86400'} 
 body={"results":[{"gender":"female","name":{"title":"Miss","first":"Zoe","last":"Edwards"},"location":{"street":{"number":5222,"name":"Kaikorai Valley Road"},"city":"Whanganui","state":"West Coast","country":"New Zealand","postcode":30290,"coordinates":{"latitude":"49.2023","longitude":"0.6970"},"timezone":{"offset":"+8:00","description":"Beijing, Perth, Singapore, Hong Kong"}},"email":"zoe.edwards@example.com","login":{"uuid":"f24d86ff-32f5-4363-bd20-1ebfc0174c2c","username":"angrybutterfly904","password":"booster","salt":"j7vnymS1","md5":"0d9c4040946dab5f9510b5d42eb6ab33","sha1":"d5c1b465d6e86ea04b6d70222c5d4ba6ab1e8c18","sha256":"b9233a3702bd69f8e173eefb4ab163bcde61ebd7525f07a887d5894d1c729f81"},"dob":{"date":"1983-09-07T08:00:03.151Z","age":40},"registered":{"date":"2021-11-17T15:07:38.843Z","age":2},"phone":"(004)-271-7064","cell":"(860)-264-0228","id":{"name":"","value":null},"picture":{"large":"https://randomuser.me/api/portraits/women/78.jpg","medium":"https://randomuser.me/api/portraits/med/women/78.jpg","thumbnail":"https://randomuser.me/api/portraits/thumb/women/78.jpg"},"nat":"NZ"}],"info":{"seed":"4531e0c227a72fad","results":1,"page":1,"version":"1.4"}} 
 </msg>
<msg time="2024-06-30T05:13:33.569368" level="INFO">/opt/hostedtoolcache/Python/3.12.4/x64/lib/python3.12/site-packages/urllib3/connectionpool.py:1099: InsecureRequestWarning: Unverified HTTPS request is being made to host 'randomuser.me'. Adding certificate verification is strongly advised. See: https://urllib3.readthedocs.io/en/latest/advanced-usage.html#tls-warnings
  warnings.warn(</msg>
<msg time="2024-06-30T05:13:33.569525" level="INFO">${response} = &lt;Response [200]&gt;</msg>
<var>${response}</var>
<arg>consultarAPI</arg>
<arg>/api</arg>
<doc>Sends a GET request on a previously created HTTP Session.</doc>
<status status="PASS" start="2024-06-30T05:13:33.493174" elapsed="0.076397"/>
</kw>
<kw name="Set Variable" owner="BuiltIn">
<msg time="2024-06-30T05:13:33.570580" level="INFO">${json_data} = {'results': [{'gender': 'female', 'name': {'title': 'Miss', 'first': 'Zoe', 'last': 'Edwards'}, 'location': {'street': {'number': 5222, 'name': 'Kaikorai Valley Road'}, 'city': 'Whanganui', 'state': '...</msg>
<var>${json_data}</var>
<arg>${response.json()}</arg>
<doc>Returns the given values which can then be assigned to a variables.</doc>
<status status="PASS" start="2024-06-30T05:13:33.570064" elapsed="0.000549"/>
</kw>
<kw name="Log" owner="BuiltIn">
<msg time="2024-06-30T05:13:33.571079" level="INFO">{'results': [{'gender': 'female', 'name': {'title': 'Miss', 'first': 'Zoe', 'last': 'Edwards'}, 'location': {'street': {'number': 5222, 'name': 'Kaikorai Valley Road'}, 'city': 'Whanganui', 'state': 'West Coast', 'country': 'New Zealand', 'postcode': 30290, 'coordinates': {'latitude': '49.2023', 'longitude': '0.6970'}, 'timezone': {'offset': '+8:00', 'description': 'Beijing, Perth, Singapore, Hong Kong'}}, 'email': 'zoe.edwards@example.com', 'login': {'uuid': 'f24d86ff-32f5-4363-bd20-1ebfc0174c2c', 'username': 'angrybutterfly904', 'password': 'booster', 'salt': 'j7vnymS1', 'md5': '0d9c4040946dab5f9510b5d42eb6ab33', 'sha1': 'd5c1b465d6e86ea04b6d70222c5d4ba6ab1e8c18', 'sha256': 'b9233a3702bd69f8e173eefb4ab163bcde61ebd7525f07a887d5894d1c729f81'}, 'dob': {'date': '1983-09-07T08:00:03.151Z', 'age': 40}, 'registered': {'date': '2021-11-17T15:07:38.843Z', 'age': 2}, 'phone': '(004)-271-7064', 'cell': '(860)-264-0228', 'id': {'name': '', 'value': None}, 'picture': {'large': 'https://randomuser.me/api/portraits/women/78.jpg', 'medium': 'https://randomuser.me/api/portraits/med/women/78.jpg', 'thumbnail': 'https://randomuser.me/api/portraits/thumb/women/78.jpg'}, 'nat': 'NZ'}], 'info': {'seed': '4531e0c227a72fad', 'results': 1, 'page': 1, 'version': '1.4'}}</msg>
<arg>${json_data}</arg>
<doc>Logs the given message with the given level.</doc>
<status status="PASS" start="2024-06-30T05:13:33.570920" elapsed="0.000205"/>
</kw>
<kw name="Should Be String" owner="String">
<arg>${json_data['results'][0]['gender']}</arg>
<doc>Fails if the given ``item`` is not a string.</doc>
<status status="PASS" start="2024-06-30T05:13:33.571414" elapsed="0.000360"/>
</kw>
<kw name="Should Match Regexp" owner="BuiltIn">
<arg>${json_data['results'][0]['email']}</arg>
<arg>^[a-zA-Z0-9._%+-]+@[a-zA-Z0-9.-]+\.[a-zA-Z]{2,}$</arg>
<doc>Fails if ``string`` does not match ``pattern`` as a regular expression.</doc>
<status status="PASS" start="2024-06-30T05:13:33.571962" elapsed="0.000615"/>
</kw>
<kw name="Should Match Regexp" owner="BuiltIn">
<arg>${json_data['results'][0]['dob']['date']}</arg>
<arg>\\d{4}-\\d{2}-\\d{2}T\\d{2}:\\d{2}:\\d{2}\\.\\d{3}Z</arg>
<doc>Fails if ``string`` does not match ``pattern`` as a regular expression.</doc>
<status status="PASS" start="2024-06-30T05:13:33.572772" elapsed="0.000483"/>
</kw>
<kw name="Should Match Regexp" owner="BuiltIn">
<arg>${json_data['results'][0]['registered']['date']}</arg>
<arg>\\d{4}-\\d{2}-\\d{2}T\\d{2}:\\d{2}:\\d{2}\\.\\d{3}Z</arg>
<doc>Fails if ``string`` does not match ``pattern`` as a regular expression.</doc>
<status status="PASS" start="2024-06-30T05:13:33.573441" elapsed="0.000359"/>
</kw>
<kw name="Should Match Regexp" owner="BuiltIn">
<arg>${json_data['results'][0]['picture']['large']}</arg>
<arg>^https?://.*\.(?:png|jpe?g|gif|bmp)$</arg>
<doc>Fails if ``string`` does not match ``pattern`` as a regular expression.</doc>
<status status="PASS" start="2024-06-30T05:13:33.573981" elapsed="0.000445"/>
</kw>
<kw name="Should Match Regexp" owner="BuiltIn">
<arg>${json_data['results'][0]['picture']['medium']}</arg>
<arg>^https?://.*\.(?:png|jpe?g|gif|bmp)$</arg>
<doc>Fails if ``string`` does not match ``pattern`` as a regular expression.</doc>
<status status="PASS" start="2024-06-30T05:13:33.574607" elapsed="0.000350"/>
</kw>
<kw name="Should Match Regexp" owner="BuiltIn">
<arg>${json_data['results'][0]['picture']['thumbnail']}</arg>
<arg>^https?://.*\.(?:png|jpe?g|gif|bmp)$</arg>
<doc>Fails if ``string`` does not match ``pattern`` as a regular expression.</doc>
<status status="PASS" start="2024-06-30T05:13:33.575138" elapsed="0.000339"/>
</kw>
<kw name="Log" owner="BuiltIn">
<msg time="2024-06-30T05:13:33.575980" level="INFO">{'large': 'https://randomuser.me/api/portraits/women/78.jpg', 'medium': 'https://randomuser.me/api/portraits/med/women/78.jpg', 'thumbnail': 'https://randomuser.me/api/portraits/thumb/women/78.jpg'}</msg>
<arg>${json_data['results'][0]['picture']}</arg>
<doc>Logs the given message with the given level.</doc>
<status status="PASS" start="2024-06-30T05:13:33.575656" elapsed="0.000365"/>
</kw>
<status status="PASS" start="2024-06-30T05:13:33.492949" elapsed="0.083360"/>
</kw>
<kw name="Teste de Tipos de Dados - Postcode" owner="random-user-service">
<kw name="GET On Session" owner="RequestsLibrary">
<msg time="2024-06-30T05:13:33.669183" level="INFO">GET Request : url=https://randomuser.me/api 
 path_url=/api 
 headers={'User-Agent': 'python-requests/2.32.3', 'Accept-Encoding': 'gzip, deflate', 'Accept': '*/*', 'Connection': 'keep-alive'} 
 body=None 
 </msg>
<msg time="2024-06-30T05:13:33.669283" level="INFO">GET Response : url=https://randomuser.me/api 
 status=200, reason=OK 
 headers={'Date': 'Sun, 30 Jun 2024 05:13:33 GMT', 'Content-Type': 'application/json; charset=utf-8', 'Transfer-Encoding': 'chunked', 'Connection': 'keep-alive', 'X-Powered-By': 'Express', 'Access-Control-Allow-Origin': '*', 'Cache-Control': 'no-cache', 'ETag': 'W/"470-qxF2H1vrMHXUV8FdB1+JuMuYbpw"', 'Vary': 'Accept-Encoding', 'Content-Encoding': 'gzip', 'CF-Cache-Status': 'DYNAMIC', 'Report-To': '{"endpoints":[{"url":"https:\\/\\/a.nel.cloudflare.com\\/report\\/v4?s=sOYl0oBnQK08juCWacNV%2FPyBiSsShPgIqszi0N8AJ%2B3alqNk03BGibOkU9RTi%2FoK%2B2K4trlinGoUOqeO19aMAmSHFFR2vqv0U4C6YnVl1ojLk1v%2Fprt62k6jcledLu1X"}],"group":"cf-nel","max_age":604800}', 'NEL': '{"success_fraction":0,"report_to":"cf-nel","max_age":604800}', 'Server': 'cloudflare', 'CF-RAY': '89bbaaf0d9022d6a-ORD', 'alt-svc': 'h3=":443"; ma=86400'} 
 body={"results":[{"gender":"male","name":{"title":"Mr","first":"Marcus","last":"Kristensen"},"location":{"street":{"number":7164,"name":"Finlandsvej"},"city":"Brøndby Strand","state":"Danmark","country":"Denmark","postcode":34707,"coordinates":{"latitude":"-39.7078","longitude":"-98.6740"},"timezone":{"offset":"+5:45","description":"Kathmandu"}},"email":"marcus.kristensen@example.com","login":{"uuid":"95bb2224-c3a9-4df4-9919-a4b1fa456541","username":"biglion672","password":"minime","salt":"WoOM27sh","md5":"b7c3b94b935e22b6d17533e363f34ca5","sha1":"73b8bc7ed901cf0e2826c7bd4f43ea0c22a7d550","sha256":"35915046e00960a7755764baa9d0f8d95754395142e791cde3f5f28a700707ef"},"dob":{"date":"1960-07-16T02:58:09.213Z","age":63},"registered":{"date":"2016-05-13T09:26:25.145Z","age":8},"phone":"96233320","cell":"36359495","id":{"name":"CPR","value":"150760-2679"},"picture":{"large":"https://randomuser.me/api/portraits/men/6.jpg","medium":"https://randomuser.me/api/portraits/med/men/6.jpg","thumbnail":"https://randomuser.me/api/portraits/thumb/men/6.jpg"},"nat":"DK"}],"info":{"seed":"747089efa539940a","results":1,"page":1,"version":"1.4"}} 
 </msg>
<msg time="2024-06-30T05:13:33.669360" level="INFO">/opt/hostedtoolcache/Python/3.12.4/x64/lib/python3.12/site-packages/urllib3/connectionpool.py:1099: InsecureRequestWarning: Unverified HTTPS request is being made to host 'randomuser.me'. Adding certificate verification is strongly advised. See: https://urllib3.readthedocs.io/en/latest/advanced-usage.html#tls-warnings
  warnings.warn(</msg>
<msg time="2024-06-30T05:13:33.669511" level="INFO">${response} = &lt;Response [200]&gt;</msg>
<var>${response}</var>
<arg>consultarAPI</arg>
<arg>/api</arg>
<doc>Sends a GET request on a previously created HTTP Session.</doc>
<status status="PASS" start="2024-06-30T05:13:33.576762" elapsed="0.092802"/>
</kw>
<kw name="Set Variable" owner="BuiltIn">
<msg time="2024-06-30T05:13:33.670557" level="INFO">${json_data} = {'results': [{'gender': 'male', 'name': {'title': 'Mr', 'first': 'Marcus', 'last': 'Kristensen'}, 'location': {'street': {'number': 7164, 'name': 'Finlandsvej'}, 'city': 'Brøndby Strand', 'state': 'Da...</msg>
<var>${json_data}</var>
<arg>${response.json()}</arg>
<doc>Returns the given values which can then be assigned to a variables.</doc>
<status status="PASS" start="2024-06-30T05:13:33.670051" elapsed="0.000535"/>
</kw>
<kw name="Log" owner="BuiltIn">
<msg time="2024-06-30T05:13:33.671044" level="INFO">{'results': [{'gender': 'male', 'name': {'title': 'Mr', 'first': 'Marcus', 'last': 'Kristensen'}, 'location': {'street': {'number': 7164, 'name': 'Finlandsvej'}, 'city': 'Brøndby Strand', 'state': 'Danmark', 'country': 'Denmark', 'postcode': 34707, 'coordinates': {'latitude': '-39.7078', 'longitude': '-98.6740'}, 'timezone': {'offset': '+5:45', 'description': 'Kathmandu'}}, 'email': 'marcus.kristensen@example.com', 'login': {'uuid': '95bb2224-c3a9-4df4-9919-a4b1fa456541', 'username': 'biglion672', 'password': 'minime', 'salt': 'WoOM27sh', 'md5': 'b7c3b94b935e22b6d17533e363f34ca5', 'sha1': '73b8bc7ed901cf0e2826c7bd4f43ea0c22a7d550', 'sha256': '35915046e00960a7755764baa9d0f8d95754395142e791cde3f5f28a700707ef'}, 'dob': {'date': '1960-07-16T02:58:09.213Z', 'age': 63}, 'registered': {'date': '2016-05-13T09:26:25.145Z', 'age': 8}, 'phone': '96233320', 'cell': '36359495', 'id': {'name': 'CPR', 'value': '150760-2679'}, 'picture': {'large': 'https://randomuser.me/api/portraits/men/6.jpg', 'medium': 'https://randomuser.me/api/portraits/med/men/6.jpg', 'thumbnail': 'https://randomuser.me/api/portraits/thumb/men/6.jpg'}, 'nat': 'DK'}], 'info': {'seed': '747089efa539940a', 'results': 1, 'page': 1, 'version': '1.4'}}</msg>
<arg>${json_data}</arg>
<doc>Logs the given message with the given level.</doc>
<status status="PASS" start="2024-06-30T05:13:33.670889" elapsed="0.000212"/>
</kw>
<kw name="Should Be Equal As Numbers" owner="BuiltIn">
<arg>${json_data['results'][0]['location']['postcode']}</arg>
<arg>${json_data['results'][0]['location']['postcode']}</arg>
<doc>Fails if objects are unequal after converting them to real numbers.</doc>
<status status="PASS" start="2024-06-30T05:13:33.671392" elapsed="0.000615"/>
</kw>
<kw name="Log" owner="BuiltIn">
<msg time="2024-06-30T05:13:33.672740" level="INFO">34707</msg>
<arg>${json_data['results'][0]['location']['postcode']}</arg>
<doc>Logs the given message with the given level.</doc>
<status status="PASS" start="2024-06-30T05:13:33.672244" elapsed="0.000536"/>
</kw>
<status status="PASS" start="2024-06-30T05:13:33.576534" elapsed="0.096530"/>
</kw>
<doc>Testa se os tipos de dados na resposta da API estão corretos.</doc>
<tag>testeTiposDados</tag>
<status status="PASS" start="2024-06-30T05:13:33.492482" elapsed="0.180744"/>
</test>
<test id="s1-s1-t5" name="Validar conteudo" line="35">
<kw name="Teste de Tipos de Conteudo" owner="random-user-service">
<kw name="GET On Session" owner="RequestsLibrary">
<msg time="2024-06-30T05:13:33.765719" level="INFO">GET Request : url=https://randomuser.me/api 
 path_url=/api 
 headers={'User-Agent': 'python-requests/2.32.3', 'Accept-Encoding': 'gzip, deflate', 'Accept': '*/*', 'Connection': 'keep-alive'} 
 body=None 
 </msg>
<msg time="2024-06-30T05:13:33.765804" level="INFO">GET Response : url=https://randomuser.me/api 
 status=200, reason=OK 
 headers={'Date': 'Sun, 30 Jun 2024 05:13:33 GMT', 'Content-Type': 'application/json; charset=utf-8', 'Transfer-Encoding': 'chunked', 'Connection': 'keep-alive', 'X-Powered-By': 'Express', 'Access-Control-Allow-Origin': '*', 'Cache-Control': 'no-cache', 'ETag': 'W/"4a0-9VWsYxK9358D78UBK+PZKCMdqZE"', 'Vary': 'Accept-Encoding', 'Content-Encoding': 'gzip', 'CF-Cache-Status': 'DYNAMIC', 'Report-To': '{"endpoints":[{"url":"https:\\/\\/a.nel.cloudflare.com\\/report\\/v4?s=EcBvI9RonIpT%2FUlcbE7Y1gT5FR3zniAEpain8uHZyj9EnlaWbq7W6yB26GCG5wF09k5LkYx8cZ6PbuB9Zlr01UW4ecfULvruRnk8iBMy6un6znhlz4c7AmvTJVyOgV9F"}],"group":"cf-nel","max_age":604800}', 'NEL': '{"success_fraction":0,"report_to":"cf-nel","max_age":604800}', 'Server': 'cloudflare', 'CF-RAY': '89bbaaf179792d6a-ORD', 'alt-svc': 'h3=":443"; ma=86400'} 
 body={"results":[{"gender":"female","name":{"title":"Miss","first":"Lilly","last":"Robinson"},"location":{"street":{"number":5173,"name":"Taradale Road"},"city":"Christchurch","state":"Canterbury","country":"New Zealand","postcode":91914,"coordinates":{"latitude":"51.7453","longitude":"19.2752"},"timezone":{"offset":"+5:00","description":"Ekaterinburg, Islamabad, Karachi, Tashkent"}},"email":"lilly.robinson@example.com","login":{"uuid":"992b8d12-e16a-4feb-86fe-7a40a9d08e88","username":"tinyladybug689","password":"zappa","salt":"fzP84RGy","md5":"3ad645cd029c49801ed21d13a67bc46e","sha1":"7b6add96a6e629c02fbf1dc3dc2c5bd01c43eea6","sha256":"c1a5e457fa78449939a14055aaf7b9d876853817d36237ef7906d4cf977de9cd"},"dob":{"date":"1962-02-22T05:53:39.197Z","age":62},"registered":{"date":"2002-09-05T11:40:55.304Z","age":21},"phone":"(680)-595-5108","cell":"(379)-746-0814","id":{"name":"","value":null},"picture":{"large":"https://randomuser.me/api/portraits/women/64.jpg","medium":"https://randomuser.me/api/portraits/med/women/64.jpg","thumbnail":"https://randomuser.me/api/portraits/thumb/women/64.jpg"},"nat":"NZ"}],"info":{"seed":"c545f25c5295e12a","results":1,"page":1,"version":"1.4"}} 
 </msg>
<msg time="2024-06-30T05:13:33.765876" level="INFO">/opt/hostedtoolcache/Python/3.12.4/x64/lib/python3.12/site-packages/urllib3/connectionpool.py:1099: InsecureRequestWarning: Unverified HTTPS request is being made to host 'randomuser.me'. Adding certificate verification is strongly advised. See: https://urllib3.readthedocs.io/en/latest/advanced-usage.html#tls-warnings
  warnings.warn(</msg>
<msg time="2024-06-30T05:13:33.765997" level="INFO">${response} = &lt;Response [200]&gt;</msg>
<var>${response}</var>
<arg>consultarAPI</arg>
<arg>/api</arg>
<doc>Sends a GET request on a previously created HTTP Session.</doc>
<status status="PASS" start="2024-06-30T05:13:33.675955" elapsed="0.090083"/>
</kw>
<kw name="Set Variable" owner="BuiltIn">
<msg time="2024-06-30T05:13:33.766868" level="INFO">${json_data} = {'results': [{'gender': 'female', 'name': {'title': 'Miss', 'first': 'Lilly', 'last': 'Robinson'}, 'location': {'street': {'number': 5173, 'name': 'Taradale Road'}, 'city': 'Christchurch', 'state': 'C...</msg>
<var>${json_data}</var>
<arg>${response.json()}</arg>
<doc>Returns the given values which can then be assigned to a variables.</doc>
<status status="PASS" start="2024-06-30T05:13:33.766414" elapsed="0.000481"/>
</kw>
<kw name="Set Variable" owner="BuiltIn">
<msg time="2024-06-30T05:13:33.767572" level="INFO">${name_title} = Miss</msg>
<var>${name_title}</var>
<arg>${json_data["results"][0]["name"]["title"]}</arg>
<doc>Returns the given values which can then be assigned to a variables.</doc>
<status status="PASS" start="2024-06-30T05:13:33.767195" elapsed="0.000402"/>
</kw>
<kw name="Create List" owner="BuiltIn">
<msg time="2024-06-30T05:13:33.768037" level="INFO">${allowed_titles} = ['Mr', 'Ms', 'Miss', 'Mrs', 'Madame', 'Monsieur']</msg>
<var>${allowed_titles}</var>
<arg>Mr</arg>
<arg>Ms</arg>
<arg>Miss</arg>
<arg>Mrs</arg>
<arg>Madame</arg>
<arg>Monsieur</arg>
<doc>Returns a list containing given items.</doc>
<status status="PASS" start="2024-06-30T05:13:33.767890" elapsed="0.000171"/>
</kw>
<kw name="List Should Contain Value" owner="Collections">
<arg>${allowed_titles}</arg>
<arg>${name_title}</arg>
<doc>Fails if the ``value`` is not found from ``list``.</doc>
<status status="PASS" start="2024-06-30T05:13:33.768403" elapsed="0.000181"/>
</kw>
<kw name="Set Variable" owner="BuiltIn">
<msg time="2024-06-30T05:13:33.769131" level="INFO">${name_country} = NZ</msg>
<var>${name_country}</var>
<arg>${json_data["results"][0]["nat"]}</arg>
<doc>Returns the given values which can then be assigned to a variables.</doc>
<status status="PASS" start="2024-06-30T05:13:33.768766" elapsed="0.000389"/>
</kw>
<kw name="Create List" owner="BuiltIn">
<msg time="2024-06-30T05:13:33.770033" level="INFO">${list_country} = ['AD', 'AE', 'AF', 'AG', 'AI', 'AL', 'AM', 'AO', 'AQ', 'AR', 'AS', 'AT', 'AU', 'AW', 'AX', 'AZ', 'BA', 'BB', 'BD', 'BE', 'BF', 'BG', 'BH', 'BI', 'BJ', 'BL', 'BM', 'BN', 'BO', 'BQ', 'BR', 'BS', 'BT', '...</msg>
<var>${list_country}</var>
<arg>AD</arg>
<arg>AE</arg>
<arg>AF</arg>
<arg>AG</arg>
<arg>AI</arg>
<arg>AL</arg>
<arg>AM</arg>
<arg>AO</arg>
<arg>AQ</arg>
<arg>AR</arg>
<arg>AS</arg>
<arg>AT</arg>
<arg>AU</arg>
<arg>AW</arg>
<arg>AX</arg>
<arg>AZ</arg>
<arg>BA</arg>
<arg>BB</arg>
<arg>BD</arg>
<arg>BE</arg>
<arg>BF</arg>
<arg>BG</arg>
<arg>BH</arg>
<arg>BI</arg>
<arg>BJ</arg>
<arg>BL</arg>
<arg>BM</arg>
<arg>BN</arg>
<arg>BO</arg>
<arg>BQ</arg>
<arg>BR</arg>
<arg>BS</arg>
<arg>BT</arg>
<arg>BV</arg>
<arg>BW</arg>
<arg>BY</arg>
<arg>BZ</arg>
<arg>CA</arg>
<arg>CC</arg>
<arg>CD</arg>
<arg>CF</arg>
<arg>CG</arg>
<arg>CH</arg>
<arg>CI</arg>
<arg>CK</arg>
<arg>CL</arg>
<arg>CM</arg>
<arg>CN</arg>
<arg>CO</arg>
<arg>CR</arg>
<arg>CU</arg>
<arg>CV</arg>
<arg>CW</arg>
<arg>CX</arg>
<arg>CY</arg>
<arg>CZ</arg>
<arg>DE</arg>
<arg>DJ</arg>
<arg>DK</arg>
<arg>DM</arg>
<arg>DO</arg>
<arg>DZ</arg>
<arg>EC</arg>
<arg>EE</arg>
<arg>EG</arg>
<arg>EH</arg>
<arg>ER</arg>
<arg>ES</arg>
<arg>ET</arg>
<arg>FI</arg>
<arg>FJ</arg>
<arg>FK</arg>
<arg>FM</arg>
<arg>FO</arg>
<arg>FR</arg>
<arg>GA</arg>
<arg>GB</arg>
<arg>GD</arg>
<arg>GE</arg>
<arg>GF</arg>
<arg>GG</arg>
<arg>GH</arg>
<arg>GI</arg>
<arg>GL</arg>
<arg>GM</arg>
<arg>GN</arg>
<arg>GP</arg>
<arg>GQ</arg>
<arg>GR</arg>
<arg>GS</arg>
<arg>GT</arg>
<arg>GU</arg>
<arg>GW</arg>
<arg>GY</arg>
<arg>HK</arg>
<arg>HM</arg>
<arg>HN</arg>
<arg>HR</arg>
<arg>HT</arg>
<arg>HU</arg>
<arg>ID</arg>
<arg>IE</arg>
<arg>IL</arg>
<arg>IM</arg>
<arg>IN</arg>
<arg>IO</arg>
<arg>IQ</arg>
<arg>IR</arg>
<arg>IS</arg>
<arg>IT</arg>
<arg>JE</arg>
<arg>JM</arg>
<arg>JO</arg>
<arg>JP</arg>
<arg>KE</arg>
<arg>KG</arg>
<arg>KH</arg>
<arg>KI</arg>
<arg>KM</arg>
<arg>KN</arg>
<arg>KP</arg>
<arg>KR</arg>
<arg>KW</arg>
<arg>KY</arg>
<arg>KZ</arg>
<arg>LA</arg>
<arg>LB</arg>
<arg>LC</arg>
<arg>LI</arg>
<arg>LK</arg>
<arg>LR</arg>
<arg>LS</arg>
<arg>LT</arg>
<arg>LU</arg>
<arg>LV</arg>
<arg>LY</arg>
<arg>MA</arg>
<arg>MC</arg>
<arg>MD</arg>
<arg>ME</arg>
<arg>MF</arg>
<arg>MG</arg>
<arg>MH</arg>
<arg>MK</arg>
<arg>ML</arg>
<arg>MM</arg>
<arg>MN</arg>
<arg>MO</arg>
<arg>MP</arg>
<arg>MQ</arg>
<arg>MR</arg>
<arg>MS</arg>
<arg>MT</arg>
<arg>MU</arg>
<arg>MV</arg>
<arg>MW</arg>
<arg>MX</arg>
<arg>MY</arg>
<arg>MZ</arg>
<arg>NA</arg>
<arg>NC</arg>
<arg>NE</arg>
<arg>NF</arg>
<arg>NG</arg>
<arg>NI</arg>
<arg>NL</arg>
<arg>NO</arg>
<arg>NP</arg>
<arg>NR</arg>
<arg>NU</arg>
<arg>NZ</arg>
<arg>OM</arg>
<arg>PA</arg>
<arg>PE</arg>
<arg>PF</arg>
<arg>PG</arg>
<arg>PH</arg>
<arg>PK</arg>
<arg>PL</arg>
<arg>PM</arg>
<arg>PN</arg>
<arg>PR</arg>
<arg>PS</arg>
<arg>PT</arg>
<arg>PW</arg>
<arg>PY</arg>
<arg>QA</arg>
<arg>RE</arg>
<arg>RO</arg>
<arg>RS</arg>
<arg>RU</arg>
<arg>RW</arg>
<arg>SA</arg>
<arg>SB</arg>
<arg>SC</arg>
<arg>SD</arg>
<arg>SE</arg>
<arg>SG</arg>
<arg>SH</arg>
<arg>SI</arg>
<arg>SJ</arg>
<arg>SK</arg>
<arg>SL</arg>
<arg>SM</arg>
<arg>SN</arg>
<arg>SO</arg>
<arg>SR</arg>
<arg>SS</arg>
<arg>ST</arg>
<arg>SV</arg>
<arg>SX</arg>
<arg>SY</arg>
<arg>SZ</arg>
<arg>TC</arg>
<arg>TD</arg>
<arg>TF</arg>
<arg>TG</arg>
<arg>TH</arg>
<arg>TJ</arg>
<arg>TK</arg>
<arg>TL</arg>
<arg>TM</arg>
<arg>TN</arg>
<arg>TO</arg>
<arg>TR</arg>
<arg>TT</arg>
<arg>TV</arg>
<arg>TW</arg>
<arg>TZ</arg>
<arg>UA</arg>
<arg>UG</arg>
<arg>UM</arg>
<arg>US</arg>
<arg>UY</arg>
<arg>UZ</arg>
<arg>VA</arg>
<arg>VC</arg>
<arg>VE</arg>
<arg>VG</arg>
<arg>VI</arg>
<arg>VN</arg>
<arg>VU</arg>
<arg>WF</arg>
<arg>WS</arg>
<arg>XK</arg>
<arg>YE</arg>
<arg>YT</arg>
<arg>ZA</arg>
<arg>ZM</arg>
<arg>ZW</arg>
<doc>Returns a list containing given items.</doc>
<status status="PASS" start="2024-06-30T05:13:33.769445" elapsed="0.000613"/>
</kw>
<kw name="List Should Contain Value" owner="Collections">
<arg>${list_country}</arg>
<arg>${name_country}</arg>
<doc>Fails if the ``value`` is not found from ``list``.</doc>
<status status="PASS" start="2024-06-30T05:13:33.770850" elapsed="0.000201"/>
</kw>
<kw name="Run Keyword If" owner="BuiltIn">
<kw name="Should Be True" owner="BuiltIn">
<arg>${True}</arg>
<doc>Fails if the given condition is not true.</doc>
<status status="PASS" start="2024-06-30T05:13:33.771982" elapsed="0.000138"/>
</kw>
<arg>${json_data["results"][0]["location"]["coordinates"]["latitude"]} &gt;= -90 and ${json_data["results"][0]["location"]["coordinates"]["latitude"]} &lt;= 90</arg>
<arg>Should Be True</arg>
<arg>${True}</arg>
<doc>Runs the given keyword with the given arguments, if ``condition`` is true.</doc>
<status status="PASS" start="2024-06-30T05:13:33.771244" elapsed="0.001024"/>
</kw>
<kw name="Run Keyword If" owner="BuiltIn">
<kw name="Should Be True" owner="BuiltIn">
<arg>${True}</arg>
<doc>Fails if the given condition is not true.</doc>
<status status="PASS" start="2024-06-30T05:13:33.773132" elapsed="0.000231"/>
</kw>
<arg>${json_data["results"][0]["location"]["coordinates"]["longitude"]} &gt;= -180 and ${json_data["results"][0]["location"]["coordinates"]["longitude"]} &lt;= 180</arg>
<arg>Should Be True</arg>
<arg>${True}</arg>
<doc>Runs the given keyword with the given arguments, if ``condition`` is true.</doc>
<status status="PASS" start="2024-06-30T05:13:33.772447" elapsed="0.001042"/>
</kw>
<status status="PASS" start="2024-06-30T05:13:33.675593" elapsed="0.098025"/>
</kw>
<doc>Testa o conteúdo específico dos campos retornados pela API.</doc>
<tag>testeConteudo</tag>
<status status="PASS" start="2024-06-30T05:13:33.674958" elapsed="0.098805"/>
</test>
<status status="PASS" start="2024-06-30T05:13:32.632207" elapsed="1.143453"/>
</suite>
<status status="PASS" start="2024-06-30T05:13:32.616834" elapsed="1.163912"/>
</suite>
<statistics>
<total>
<stat pass="5" fail="0" skip="0">All Tests</stat>
</total>
<tag>
<stat pass="1" fail="0" skip="0">testeConteudo</stat>
<stat pass="1" fail="0" skip="0">testeEstruturaResposta</stat>
<stat pass="1" fail="0" skip="0">testeRequisicaoBasica</stat>
<stat pass="1" fail="0" skip="0">testeTiposDados</stat>
</tag>
<suite>
<stat pass="5" fail="0" skip="0" id="s1" name="Tests">Tests</stat>
<stat pass="5" fail="0" skip="0" id="s1-s1" name="Random-User-Test">Tests.Random-User-Test</stat>
</suite>
</statistics>
<errors>
</errors>
</robot>
