<?xml version="1.0" encoding="UTF-8"?>
<robot generator="Robot 7.0 (Python 3.12.3 on linux)" generated="2024-04-17T14:13:20.967788" rpa="false" schemaversion="5">
<suite id="s1" name="Tests" source="/home/runner/work/DesafioQAItauRogerioJordao/DesafioQAItauRogerioJordao/RamdonUser/tests">
<suite id="s1-s1" name="Random-User-Test" source="/home/runner/work/DesafioQAItauRogerioJordao/DesafioQAItauRogerioJordao/RamdonUser/tests/random-user-test.robot">
<test id="s1-s1-t1" name="Conectar" line="13">
<kw name="Conectar API" owner="random-user-service">
<kw name="Create Session" owner="RequestsLibrary">
<msg time="2024-04-17T14:13:21.339279" level="INFO">Creating Session using : alias=consultarAPI, url=https://randomuser.me/, headers={},                     cookies={}, auth=None, timeout=None, proxies=None, verify=False,                     debug=0 </msg>
<arg>consultarAPI</arg>
<arg>${URL}</arg>
<doc>Create Session: create a HTTP session to a server</doc>
<status status="PASS" start="2024-04-17T14:13:21.339076" elapsed="0.000405"/>
</kw>
<status status="PASS" start="2024-04-17T14:13:21.338074" elapsed="0.001776"/>
</kw>
<status status="PASS" start="2024-04-17T14:13:21.337442" elapsed="0.002601"/>
</test>
<test id="s1-s1-t2" name="Validar retorno 200 e JSON Válido" line="16">
<kw name="Teste de Requisicao Basica" owner="random-user-service">
<kw name="GET On Session" owner="RequestsLibrary">
<msg time="2024-04-17T14:13:21.402579" level="INFO">GET Request : url=https://randomuser.me/api 
 path_url=/api 
 headers={'User-Agent': 'python-requests/2.31.0', 'Accept-Encoding': 'gzip, deflate', 'Accept': '*/*', 'Connection': 'keep-alive'} 
 body=None 
 </msg>
<msg time="2024-04-17T14:13:21.402738" level="INFO">GET Response : url=https://randomuser.me/api 
 status=200, reason=OK 
 headers={'Date': 'Wed, 17 Apr 2024 14:13:21 GMT', 'Content-Type': 'application/json; charset=utf-8', 'Transfer-Encoding': 'chunked', 'Connection': 'keep-alive', 'X-Powered-By': 'Express', 'Access-Control-Allow-Origin': '*', 'Cache-Control': 'no-cache', 'ETag': 'W/"4a2-OZOat6fU+0n51hpC8WtAAqc/3ks"', 'Vary': 'Accept-Encoding', 'Content-Encoding': 'gzip', 'CF-Cache-Status': 'DYNAMIC', 'Report-To': '{"endpoints":[{"url":"https:\\/\\/a.nel.cloudflare.com\\/report\\/v4?s=3uKUJuTWk%2BrDUGSpFETLJx8LpyI9L%2FFOwMx89zEnu%2Be4LqL4BJBJrEFFkhSlahIiJTXgJNsTjNty%2FPuFGqFgUjX5ot%2FCBgNubvplLQpgVgDVk%2FSKbdcS%2Fn0hySL7AcBg"}],"group":"cf-nel","max_age":604800}', 'NEL': '{"success_fraction":0,"report_to":"cf-nel","max_age":604800}', 'Server': 'cloudflare', 'CF-RAY': '875d03e88a2f205a-IAD', 'alt-svc': 'h3=":443"; ma=86400'} 
 body={"results":[{"gender":"male","name":{"title":"Mr","first":"بنیامین","last":"حیدری"},"location":{"street":{"number":4674,"name":"میدان شهدا"},"city":"کاشان","state":"سیستان و بلوچستان","country":"Iran","postcode":42122,"coordinates":{"latitude":"18.9766","longitude":"-5.6021"},"timezone":{"offset":"-8:00","description":"Pacific Time (US &amp; Canada)"}},"email":"bnymyn.hydry@example.com","login":{"uuid":"4227bd75-4942-4d13-bc27-75e48b3ae320","username":"blackladybug495","password":"savannah","salt":"qMqh1hmC","md5":"a0b8305ea309ce52b977d0ab235b74e2","sha1":"a6ec574d119e8a774993f6bdfbecbec41317f046","sha256":"af657a8a84466b446ff28bf3b16d7e34a1fd50f91e8a22c074025bf0dc9b4d8f"},"dob":{"date":"1965-10-12T10:13:19.407Z","age":58},"registered":{"date":"2020-08-04T16:40:45.491Z","age":3},"phone":"057-16921080","cell":"0960-377-0212","id":{"name":"","value":null},"picture":{"large":"https://randomuser.me/api/portraits/men/30.jpg","medium":"https://randomuser.me/api/portraits/med/men/30.jpg","thumbnail":"https://randomuser.me/api/portraits/thumb/men/30.jpg"},"nat":"IR"}],"info":{"seed":"562e77ed2c9c96d2","results":1,"page":1,"version":"1.4"}} 
 </msg>
<msg time="2024-04-17T14:13:21.402827" level="INFO">/opt/hostedtoolcache/Python/3.12.3/x64/lib/python3.12/site-packages/urllib3/connectionpool.py:1103: InsecureRequestWarning: Unverified HTTPS request is being made to host 'randomuser.me'. Adding certificate verification is strongly advised. See: https://urllib3.readthedocs.io/en/latest/advanced-usage.html#tls-warnings
  warnings.warn(</msg>
<msg time="2024-04-17T14:13:21.402992" level="INFO">${response} = &lt;Response [200]&gt;</msg>
<var>${response}</var>
<arg>consultarAPI</arg>
<arg>/api</arg>
<doc>Sends a GET request on a previously created HTTP Session.</doc>
<status status="PASS" start="2024-04-17T14:13:21.342657" elapsed="0.060379"/>
</kw>
<kw name="Should Be Equal As Numbers" owner="BuiltIn">
<msg time="2024-04-17T14:13:21.404083" level="INFO">Argument types are:
&lt;class 'int'&gt;
&lt;class 'str'&gt;</msg>
<arg>${response.status_code}</arg>
<arg>200</arg>
<doc>Fails if objects are unequal after converting them to real numbers.</doc>
<status status="PASS" start="2024-04-17T14:13:21.403619" elapsed="0.000531"/>
</kw>
<kw name="Log" owner="BuiltIn">
<msg time="2024-04-17T14:13:21.404869" level="INFO">200</msg>
<arg>${response.status_code}</arg>
<doc>Logs the given message with the given level.</doc>
<status status="PASS" start="2024-04-17T14:13:21.404509" elapsed="0.000403"/>
</kw>
<kw name="Set Variable" owner="BuiltIn">
<msg time="2024-04-17T14:13:21.405734" level="INFO">${json_data} = {'results': [{'gender': 'male', 'name': {'title': 'Mr', 'first': 'بنیامین', 'last': 'حیدری'}, 'location': {'street': {'number': 4674, 'name': 'میدان شهدا'}, 'city': 'کاشان', 'state': 'سیستان و بلوچستا...</msg>
<var>${json_data}</var>
<arg>${response.json()}</arg>
<doc>Returns the given values which can then be assigned to a variables.</doc>
<status status="PASS" start="2024-04-17T14:13:21.405222" elapsed="0.000545"/>
</kw>
<kw name="Dictionary Should Contain Key" owner="Collections">
<msg time="2024-04-17T14:13:21.406252" level="INFO">False</msg>
<arg>${json_data}</arg>
<arg>results</arg>
<doc>Fails if ``key`` is not found from ``dictionary``.</doc>
<status status="PASS" start="2024-04-17T14:13:21.406079" elapsed="0.000213"/>
</kw>
<status status="PASS" start="2024-04-17T14:13:21.342411" elapsed="0.064145"/>
</kw>
<doc>Testa se a API responde corretamente e retorna um objeto JSON válido.</doc>
<tag>testeRequisicaoBasica</tag>
<status status="PASS" start="2024-04-17T14:13:21.341948" elapsed="0.064799"/>
</test>
<test id="s1-s1-t3" name="Validar estrutura de resposta" line="22">
<kw name="Teste de Estrutura de Resposta" owner="random-user-service">
<kw name="GET On Session" owner="RequestsLibrary">
<msg time="2024-04-17T14:13:21.509181" level="INFO">GET Request : url=https://randomuser.me/api 
 path_url=/api 
 headers={'User-Agent': 'python-requests/2.31.0', 'Accept-Encoding': 'gzip, deflate', 'Accept': '*/*', 'Connection': 'keep-alive'} 
 body=None 
 </msg>
<msg time="2024-04-17T14:13:21.509304" level="INFO">GET Response : url=https://randomuser.me/api 
 status=200, reason=OK 
 headers={'Date': 'Wed, 17 Apr 2024 14:13:21 GMT', 'Content-Type': 'application/json; charset=utf-8', 'Transfer-Encoding': 'chunked', 'Connection': 'keep-alive', 'X-Powered-By': 'Express', 'Access-Control-Allow-Origin': '*', 'Cache-Control': 'no-cache', 'ETag': 'W/"49e-DdjSn5EQE5zJSg4BS428U0QAItc"', 'Vary': 'Accept-Encoding', 'Content-Encoding': 'gzip', 'CF-Cache-Status': 'DYNAMIC', 'Report-To': '{"endpoints":[{"url":"https:\\/\\/a.nel.cloudflare.com\\/report\\/v4?s=9KUVnDPeTaxSS8FVIiVqof3WqHeMBT4a%2FkgBjLmcgSxOIOTmrCBhnzuADmqpfYdDBaa67cdlfKitEE%2FD82A1oXD1CJi86iExmpqtN3QWuriRng4Fxh1GAwv6EGvl4ZGe"}],"group":"cf-nel","max_age":604800}', 'NEL': '{"success_fraction":0,"report_to":"cf-nel","max_age":604800}', 'Server': 'cloudflare', 'CF-RAY': '875d03e8da97205a-IAD', 'alt-svc': 'h3=":443"; ma=86400'} 
 body={"results":[{"gender":"female","name":{"title":"Miss","first":"بهاره","last":"نكو نظر"},"location":{"street":{"number":7197,"name":"فلسطین"},"city":"همدان","state":"کرمانشاه","country":"Iran","postcode":99976,"coordinates":{"latitude":"15.3334","longitude":"157.1598"},"timezone":{"offset":"+3:00","description":"Baghdad, Riyadh, Moscow, St. Petersburg"}},"email":"bhrh.nkwnzr@example.com","login":{"uuid":"3b38b9cd-fbe2-4a16-b1e4-a3232eade2df","username":"brownmouse278","password":"topdog","salt":"T3jPfATe","md5":"7da03f650a41c93259ed74fb82646245","sha1":"5be6d11aa49a5de5e439c845517a74f30325cec3","sha256":"9405623b5d54f06dca84d5d48b8b47fc4c57f9a383ef8a091b84018a4f5da05d"},"dob":{"date":"1955-02-27T23:54:25.653Z","age":69},"registered":{"date":"2007-02-04T00:15:01.587Z","age":17},"phone":"096-89189796","cell":"0984-996-5382","id":{"name":"","value":null},"picture":{"large":"https://randomuser.me/api/portraits/women/17.jpg","medium":"https://randomuser.me/api/portraits/med/women/17.jpg","thumbnail":"https://randomuser.me/api/portraits/thumb/women/17.jpg"},"nat":"IR"}],"info":{"seed":"6866a00040e96cce","results":1,"page":1,"version":"1.4"}} 
 </msg>
<msg time="2024-04-17T14:13:21.509453" level="INFO">/opt/hostedtoolcache/Python/3.12.3/x64/lib/python3.12/site-packages/urllib3/connectionpool.py:1103: InsecureRequestWarning: Unverified HTTPS request is being made to host 'randomuser.me'. Adding certificate verification is strongly advised. See: https://urllib3.readthedocs.io/en/latest/advanced-usage.html#tls-warnings
  warnings.warn(</msg>
<msg time="2024-04-17T14:13:21.509609" level="INFO">${response} = &lt;Response [200]&gt;</msg>
<var>${response}</var>
<arg>consultarAPI</arg>
<arg>/api</arg>
<doc>Sends a GET request on a previously created HTTP Session.</doc>
<status status="PASS" start="2024-04-17T14:13:21.409386" elapsed="0.100291"/>
</kw>
<kw name="Set Variable" owner="BuiltIn">
<msg time="2024-04-17T14:13:21.510778" level="INFO">${json_data} = {'results': [{'gender': 'female', 'name': {'title': 'Miss', 'first': 'بهاره', 'last': 'نكو نظر'}, 'location': {'street': {'number': 7197, 'name': 'فلسطین'}, 'city': 'همدان', 'state': 'کرمانشاه', 'coun...</msg>
<var>${json_data}</var>
<arg>${response.json()}</arg>
<doc>Returns the given values which can then be assigned to a variables.</doc>
<status status="PASS" start="2024-04-17T14:13:21.510225" elapsed="0.000584"/>
</kw>
<kw name="Log" owner="BuiltIn">
<msg time="2024-04-17T14:13:21.511298" level="INFO">{'results': [{'gender': 'female', 'name': {'title': 'Miss', 'first': 'بهاره', 'last': 'نكو نظر'}, 'location': {'street': {'number': 7197, 'name': 'فلسطین'}, 'city': 'همدان', 'state': 'کرمانشاه', 'country': 'Iran', 'postcode': 99976, 'coordinates': {'latitude': '15.3334', 'longitude': '157.1598'}, 'timezone': {'offset': '+3:00', 'description': 'Baghdad, Riyadh, Moscow, St. Petersburg'}}, 'email': 'bhrh.nkwnzr@example.com', 'login': {'uuid': '3b38b9cd-fbe2-4a16-b1e4-a3232eade2df', 'username': 'brownmouse278', 'password': 'topdog', 'salt': 'T3jPfATe', 'md5': '7da03f650a41c93259ed74fb82646245', 'sha1': '5be6d11aa49a5de5e439c845517a74f30325cec3', 'sha256': '9405623b5d54f06dca84d5d48b8b47fc4c57f9a383ef8a091b84018a4f5da05d'}, 'dob': {'date': '1955-02-27T23:54:25.653Z', 'age': 69}, 'registered': {'date': '2007-02-04T00:15:01.587Z', 'age': 17}, 'phone': '096-89189796', 'cell': '0984-996-5382', 'id': {'name': '', 'value': None}, 'picture': {'large': 'https://randomuser.me/api/portraits/women/17.jpg', 'medium': 'https://randomuser.me/api/portraits/med/women/17.jpg', 'thumbnail': 'https://randomuser.me/api/portraits/thumb/women/17.jpg'}, 'nat': 'IR'}], 'info': {'seed': '6866a00040e96cce', 'results': 1, 'page': 1, 'version': '1.4'}}</msg>
<arg>${json_data}</arg>
<doc>Logs the given message with the given level.</doc>
<status status="PASS" start="2024-04-17T14:13:21.511127" elapsed="0.000224"/>
</kw>
<kw name="Dictionary Should Contain Key" owner="Collections">
<msg time="2024-04-17T14:13:21.511818" level="INFO">False</msg>
<arg>${json_data}</arg>
<arg>results</arg>
<doc>Fails if ``key`` is not found from ``dictionary``.</doc>
<status status="PASS" start="2024-04-17T14:13:21.511660" elapsed="0.000197"/>
</kw>
<kw name="Should Not Be Empty" owner="BuiltIn">
<msg time="2024-04-17T14:13:21.512297" level="INFO">Length is 2.</msg>
<arg>${json_data}</arg>
<doc>Verifies that the given item is not empty.</doc>
<status status="PASS" start="2024-04-17T14:13:21.512162" elapsed="0.000175"/>
</kw>
<kw name="Create List" owner="BuiltIn">
<msg time="2024-04-17T14:13:21.512968" level="INFO">${expected_keys} = ['gender', 'name', 'location', 'email', 'login']</msg>
<var>${expected_keys}</var>
<arg>gender</arg>
<arg>name</arg>
<arg>location</arg>
<arg>email</arg>
<arg>login</arg>
<doc>Returns a list containing given items.</doc>
<status status="PASS" start="2024-04-17T14:13:21.512631" elapsed="0.000363"/>
</kw>
<for flavor="IN">
<iter>
<kw name="Dictionary Should Contain Key" owner="Collections">
<msg time="2024-04-17T14:13:21.514095" level="INFO">False</msg>
<arg>${json_data['results'][0]}</arg>
<arg>${key}</arg>
<doc>Fails if ``key`` is not found from ``dictionary``.</doc>
<status status="PASS" start="2024-04-17T14:13:21.513609" elapsed="0.000526"/>
</kw>
<kw name="Log" owner="BuiltIn">
<msg time="2024-04-17T14:13:21.514820" level="INFO">{'gender': 'female', 'name': {'title': 'Miss', 'first': 'بهاره', 'last': 'نكو نظر'}, 'location': {'street': {'number': 7197, 'name': 'فلسطین'}, 'city': 'همدان', 'state': 'کرمانشاه', 'country': 'Iran', 'postcode': 99976, 'coordinates': {'latitude': '15.3334', 'longitude': '157.1598'}, 'timezone': {'offset': '+3:00', 'description': 'Baghdad, Riyadh, Moscow, St. Petersburg'}}, 'email': 'bhrh.nkwnzr@example.com', 'login': {'uuid': '3b38b9cd-fbe2-4a16-b1e4-a3232eade2df', 'username': 'brownmouse278', 'password': 'topdog', 'salt': 'T3jPfATe', 'md5': '7da03f650a41c93259ed74fb82646245', 'sha1': '5be6d11aa49a5de5e439c845517a74f30325cec3', 'sha256': '9405623b5d54f06dca84d5d48b8b47fc4c57f9a383ef8a091b84018a4f5da05d'}, 'dob': {'date': '1955-02-27T23:54:25.653Z', 'age': 69}, 'registered': {'date': '2007-02-04T00:15:01.587Z', 'age': 17}, 'phone': '096-89189796', 'cell': '0984-996-5382', 'id': {'name': '', 'value': None}, 'picture': {'large': 'https://randomuser.me/api/portraits/women/17.jpg', 'medium': 'https://randomuser.me/api/portraits/med/women/17.jpg', 'thumbnail': 'https://randomuser.me/api/portraits/thumb/women/17.jpg'}, 'nat': 'IR'}</msg>
<arg>${json_data['results'][0]}</arg>
<doc>Logs the given message with the given level.</doc>
<status status="PASS" start="2024-04-17T14:13:21.514443" elapsed="0.000430"/>
</kw>
<kw name="Log" owner="BuiltIn">
<msg time="2024-04-17T14:13:21.515307" level="INFO">gender</msg>
<arg>${key}</arg>
<doc>Logs the given message with the given level.</doc>
<status status="PASS" start="2024-04-17T14:13:21.515177" elapsed="0.000176"/>
</kw>
<var name="${key}">gender</var>
<status status="PASS" start="2024-04-17T14:13:21.513479" elapsed="0.002102"/>
</iter>
<iter>
<kw name="Dictionary Should Contain Key" owner="Collections">
<msg time="2024-04-17T14:13:21.516286" level="INFO">False</msg>
<arg>${json_data['results'][0]}</arg>
<arg>${key}</arg>
<doc>Fails if ``key`` is not found from ``dictionary``.</doc>
<status status="PASS" start="2024-04-17T14:13:21.515893" elapsed="0.000432"/>
</kw>
<kw name="Log" owner="BuiltIn">
<msg time="2024-04-17T14:13:21.517038" level="INFO">{'gender': 'female', 'name': {'title': 'Miss', 'first': 'بهاره', 'last': 'نكو نظر'}, 'location': {'street': {'number': 7197, 'name': 'فلسطین'}, 'city': 'همدان', 'state': 'کرمانشاه', 'country': 'Iran', 'postcode': 99976, 'coordinates': {'latitude': '15.3334', 'longitude': '157.1598'}, 'timezone': {'offset': '+3:00', 'description': 'Baghdad, Riyadh, Moscow, St. Petersburg'}}, 'email': 'bhrh.nkwnzr@example.com', 'login': {'uuid': '3b38b9cd-fbe2-4a16-b1e4-a3232eade2df', 'username': 'brownmouse278', 'password': 'topdog', 'salt': 'T3jPfATe', 'md5': '7da03f650a41c93259ed74fb82646245', 'sha1': '5be6d11aa49a5de5e439c845517a74f30325cec3', 'sha256': '9405623b5d54f06dca84d5d48b8b47fc4c57f9a383ef8a091b84018a4f5da05d'}, 'dob': {'date': '1955-02-27T23:54:25.653Z', 'age': 69}, 'registered': {'date': '2007-02-04T00:15:01.587Z', 'age': 17}, 'phone': '096-89189796', 'cell': '0984-996-5382', 'id': {'name': '', 'value': None}, 'picture': {'large': 'https://randomuser.me/api/portraits/women/17.jpg', 'medium': 'https://randomuser.me/api/portraits/med/women/17.jpg', 'thumbnail': 'https://randomuser.me/api/portraits/thumb/women/17.jpg'}, 'nat': 'IR'}</msg>
<arg>${json_data['results'][0]}</arg>
<doc>Logs the given message with the given level.</doc>
<status status="PASS" start="2024-04-17T14:13:21.516658" elapsed="0.000432"/>
</kw>
<kw name="Log" owner="BuiltIn">
<msg time="2024-04-17T14:13:21.517524" level="INFO">name</msg>
<arg>${key}</arg>
<doc>Logs the given message with the given level.</doc>
<status status="PASS" start="2024-04-17T14:13:21.517397" elapsed="0.000164"/>
</kw>
<var name="${key}">name</var>
<status status="PASS" start="2024-04-17T14:13:21.515774" elapsed="0.002039"/>
</iter>
<iter>
<kw name="Dictionary Should Contain Key" owner="Collections">
<msg time="2024-04-17T14:13:21.518505" level="INFO">False</msg>
<arg>${json_data['results'][0]}</arg>
<arg>${key}</arg>
<doc>Fails if ``key`` is not found from ``dictionary``.</doc>
<status status="PASS" start="2024-04-17T14:13:21.518113" elapsed="0.000449"/>
</kw>
<kw name="Log" owner="BuiltIn">
<msg time="2024-04-17T14:13:21.519233" level="INFO">{'gender': 'female', 'name': {'title': 'Miss', 'first': 'بهاره', 'last': 'نكو نظر'}, 'location': {'street': {'number': 7197, 'name': 'فلسطین'}, 'city': 'همدان', 'state': 'کرمانشاه', 'country': 'Iran', 'postcode': 99976, 'coordinates': {'latitude': '15.3334', 'longitude': '157.1598'}, 'timezone': {'offset': '+3:00', 'description': 'Baghdad, Riyadh, Moscow, St. Petersburg'}}, 'email': 'bhrh.nkwnzr@example.com', 'login': {'uuid': '3b38b9cd-fbe2-4a16-b1e4-a3232eade2df', 'username': 'brownmouse278', 'password': 'topdog', 'salt': 'T3jPfATe', 'md5': '7da03f650a41c93259ed74fb82646245', 'sha1': '5be6d11aa49a5de5e439c845517a74f30325cec3', 'sha256': '9405623b5d54f06dca84d5d48b8b47fc4c57f9a383ef8a091b84018a4f5da05d'}, 'dob': {'date': '1955-02-27T23:54:25.653Z', 'age': 69}, 'registered': {'date': '2007-02-04T00:15:01.587Z', 'age': 17}, 'phone': '096-89189796', 'cell': '0984-996-5382', 'id': {'name': '', 'value': None}, 'picture': {'large': 'https://randomuser.me/api/portraits/women/17.jpg', 'medium': 'https://randomuser.me/api/portraits/med/women/17.jpg', 'thumbnail': 'https://randomuser.me/api/portraits/thumb/women/17.jpg'}, 'nat': 'IR'}</msg>
<arg>${json_data['results'][0]}</arg>
<doc>Logs the given message with the given level.</doc>
<status status="PASS" start="2024-04-17T14:13:21.518868" elapsed="0.000415"/>
</kw>
<kw name="Log" owner="BuiltIn">
<msg time="2024-04-17T14:13:21.519710" level="INFO">location</msg>
<arg>${key}</arg>
<doc>Logs the given message with the given level.</doc>
<status status="PASS" start="2024-04-17T14:13:21.519584" elapsed="0.000164"/>
</kw>
<var name="${key}">location</var>
<status status="PASS" start="2024-04-17T14:13:21.517999" elapsed="0.001962"/>
</iter>
<iter>
<kw name="Dictionary Should Contain Key" owner="Collections">
<msg time="2024-04-17T14:13:21.520633" level="INFO">False</msg>
<arg>${json_data['results'][0]}</arg>
<arg>${key}</arg>
<doc>Fails if ``key`` is not found from ``dictionary``.</doc>
<status status="PASS" start="2024-04-17T14:13:21.520248" elapsed="0.000422"/>
</kw>
<kw name="Log" owner="BuiltIn">
<msg time="2024-04-17T14:13:21.521330" level="INFO">{'gender': 'female', 'name': {'title': 'Miss', 'first': 'بهاره', 'last': 'نكو نظر'}, 'location': {'street': {'number': 7197, 'name': 'فلسطین'}, 'city': 'همدان', 'state': 'کرمانشاه', 'country': 'Iran', 'postcode': 99976, 'coordinates': {'latitude': '15.3334', 'longitude': '157.1598'}, 'timezone': {'offset': '+3:00', 'description': 'Baghdad, Riyadh, Moscow, St. Petersburg'}}, 'email': 'bhrh.nkwnzr@example.com', 'login': {'uuid': '3b38b9cd-fbe2-4a16-b1e4-a3232eade2df', 'username': 'brownmouse278', 'password': 'topdog', 'salt': 'T3jPfATe', 'md5': '7da03f650a41c93259ed74fb82646245', 'sha1': '5be6d11aa49a5de5e439c845517a74f30325cec3', 'sha256': '9405623b5d54f06dca84d5d48b8b47fc4c57f9a383ef8a091b84018a4f5da05d'}, 'dob': {'date': '1955-02-27T23:54:25.653Z', 'age': 69}, 'registered': {'date': '2007-02-04T00:15:01.587Z', 'age': 17}, 'phone': '096-89189796', 'cell': '0984-996-5382', 'id': {'name': '', 'value': None}, 'picture': {'large': 'https://randomuser.me/api/portraits/women/17.jpg', 'medium': 'https://randomuser.me/api/portraits/med/women/17.jpg', 'thumbnail': 'https://randomuser.me/api/portraits/thumb/women/17.jpg'}, 'nat': 'IR'}</msg>
<arg>${json_data['results'][0]}</arg>
<doc>Logs the given message with the given level.</doc>
<status status="PASS" start="2024-04-17T14:13:21.520969" elapsed="0.000413"/>
</kw>
<kw name="Log" owner="BuiltIn">
<msg time="2024-04-17T14:13:21.521878" level="INFO">email</msg>
<arg>${key}</arg>
<doc>Logs the given message with the given level.</doc>
<status status="PASS" start="2024-04-17T14:13:21.521734" elapsed="0.000185"/>
</kw>
<var name="${key}">email</var>
<status status="PASS" start="2024-04-17T14:13:21.520136" elapsed="0.002004"/>
</iter>
<iter>
<kw name="Dictionary Should Contain Key" owner="Collections">
<msg time="2024-04-17T14:13:21.522810" level="INFO">False</msg>
<arg>${json_data['results'][0]}</arg>
<arg>${key}</arg>
<doc>Fails if ``key`` is not found from ``dictionary``.</doc>
<status status="PASS" start="2024-04-17T14:13:21.522426" elapsed="0.000423"/>
</kw>
<kw name="Log" owner="BuiltIn">
<msg time="2024-04-17T14:13:21.523525" level="INFO">{'gender': 'female', 'name': {'title': 'Miss', 'first': 'بهاره', 'last': 'نكو نظر'}, 'location': {'street': {'number': 7197, 'name': 'فلسطین'}, 'city': 'همدان', 'state': 'کرمانشاه', 'country': 'Iran', 'postcode': 99976, 'coordinates': {'latitude': '15.3334', 'longitude': '157.1598'}, 'timezone': {'offset': '+3:00', 'description': 'Baghdad, Riyadh, Moscow, St. Petersburg'}}, 'email': 'bhrh.nkwnzr@example.com', 'login': {'uuid': '3b38b9cd-fbe2-4a16-b1e4-a3232eade2df', 'username': 'brownmouse278', 'password': 'topdog', 'salt': 'T3jPfATe', 'md5': '7da03f650a41c93259ed74fb82646245', 'sha1': '5be6d11aa49a5de5e439c845517a74f30325cec3', 'sha256': '9405623b5d54f06dca84d5d48b8b47fc4c57f9a383ef8a091b84018a4f5da05d'}, 'dob': {'date': '1955-02-27T23:54:25.653Z', 'age': 69}, 'registered': {'date': '2007-02-04T00:15:01.587Z', 'age': 17}, 'phone': '096-89189796', 'cell': '0984-996-5382', 'id': {'name': '', 'value': None}, 'picture': {'large': 'https://randomuser.me/api/portraits/women/17.jpg', 'medium': 'https://randomuser.me/api/portraits/med/women/17.jpg', 'thumbnail': 'https://randomuser.me/api/portraits/thumb/women/17.jpg'}, 'nat': 'IR'}</msg>
<arg>${json_data['results'][0]}</arg>
<doc>Logs the given message with the given level.</doc>
<status status="PASS" start="2024-04-17T14:13:21.523144" elapsed="0.000432"/>
</kw>
<kw name="Log" owner="BuiltIn">
<msg time="2024-04-17T14:13:21.524005" level="INFO">login</msg>
<arg>${key}</arg>
<doc>Logs the given message with the given level.</doc>
<status status="PASS" start="2024-04-17T14:13:21.523877" elapsed="0.000166"/>
</kw>
<var name="${key}">login</var>
<status status="PASS" start="2024-04-17T14:13:21.522314" elapsed="0.001969"/>
</iter>
<var>${key}</var>
<value>@{expected_keys}</value>
<status status="PASS" start="2024-04-17T14:13:21.513272" elapsed="0.011136"/>
</for>
<kw name="Create List" owner="BuiltIn">
<msg time="2024-04-17T14:13:21.524749" level="INFO">${expected_keysTwo} = ['username', 'password']</msg>
<var>${expected_keysTwo}</var>
<arg>username</arg>
<arg>password</arg>
<doc>Returns a list containing given items.</doc>
<status status="PASS" start="2024-04-17T14:13:21.524610" elapsed="0.000163"/>
</kw>
<for flavor="IN">
<iter>
<kw name="Dictionary Should Contain Key" owner="Collections">
<msg time="2024-04-17T14:13:21.525708" level="INFO">False</msg>
<arg>${json_data['results'][0]['login']}</arg>
<arg>${keyTwo}</arg>
<doc>Fails if ``key`` is not found from ``dictionary``.</doc>
<status status="PASS" start="2024-04-17T14:13:21.525290" elapsed="0.000466"/>
</kw>
<kw name="Dictionary Should Contain Key" owner="Collections">
<msg time="2024-04-17T14:13:21.526448" level="INFO">False</msg>
<arg>${json_data['results'][0]['login']}</arg>
<arg>${keyTwo}</arg>
<doc>Fails if ``key`` is not found from ``dictionary``.</doc>
<status status="PASS" start="2024-04-17T14:13:21.526058" elapsed="0.000428"/>
</kw>
<kw name="Log" owner="BuiltIn">
<msg time="2024-04-17T14:13:21.526905" level="INFO">username</msg>
<arg>${keyTwo}</arg>
<doc>Logs the given message with the given level.</doc>
<status status="PASS" start="2024-04-17T14:13:21.526779" elapsed="0.000170"/>
</kw>
<var name="${keyTwo}">username</var>
<status status="PASS" start="2024-04-17T14:13:21.525179" elapsed="0.001986"/>
</iter>
<iter>
<kw name="Dictionary Should Contain Key" owner="Collections">
<msg time="2024-04-17T14:13:21.527837" level="INFO">False</msg>
<arg>${json_data['results'][0]['login']}</arg>
<arg>${keyTwo}</arg>
<doc>Fails if ``key`` is not found from ``dictionary``.</doc>
<status status="PASS" start="2024-04-17T14:13:21.527451" elapsed="0.000428"/>
</kw>
<kw name="Dictionary Should Contain Key" owner="Collections">
<msg time="2024-04-17T14:13:21.528655" level="INFO">False</msg>
<arg>${json_data['results'][0]['login']}</arg>
<arg>${keyTwo}</arg>
<doc>Fails if ``key`` is not found from ``dictionary``.</doc>
<status status="PASS" start="2024-04-17T14:13:21.528169" elapsed="0.000525"/>
</kw>
<kw name="Log" owner="BuiltIn">
<msg time="2024-04-17T14:13:21.529120" level="INFO">password</msg>
<arg>${keyTwo}</arg>
<doc>Logs the given message with the given level.</doc>
<status status="PASS" start="2024-04-17T14:13:21.528991" elapsed="0.000168"/>
</kw>
<var name="${keyTwo}">password</var>
<status status="PASS" start="2024-04-17T14:13:21.527339" elapsed="0.002037"/>
</iter>
<var>${keyTwo}</var>
<value>@{expected_keysTwo}</value>
<status status="PASS" start="2024-04-17T14:13:21.525021" elapsed="0.004477"/>
</for>
<status status="PASS" start="2024-04-17T14:13:21.409147" elapsed="0.120538"/>
</kw>
<doc>Testa a estrutura da resposta da API.</doc>
<tag>testeEstruturaResposta</tag>
<status status="PASS" start="2024-04-17T14:13:21.408624" elapsed="0.121246"/>
</test>
<test id="s1-s1-t4" name="Validar tipos de dados" line="28">
<kw name="Teste de Tipos de Dados" owner="random-user-service">
<kw name="GET On Session" owner="RequestsLibrary">
<msg time="2024-04-17T14:13:21.602040" level="INFO">GET Request : url=https://randomuser.me/api 
 path_url=/api 
 headers={'User-Agent': 'python-requests/2.31.0', 'Accept-Encoding': 'gzip, deflate', 'Accept': '*/*', 'Connection': 'keep-alive'} 
 body=None 
 </msg>
<msg time="2024-04-17T14:13:21.602151" level="INFO">GET Response : url=https://randomuser.me/api 
 status=200, reason=OK 
 headers={'Date': 'Wed, 17 Apr 2024 14:13:21 GMT', 'Content-Type': 'application/json; charset=utf-8', 'Transfer-Encoding': 'chunked', 'Connection': 'keep-alive', 'X-Powered-By': 'Express', 'Access-Control-Allow-Origin': '*', 'Cache-Control': 'no-cache', 'ETag': 'W/"49f-rt/5MeDWlP+oaxIGQQ8eHUGbjW4"', 'Vary': 'Accept-Encoding', 'Content-Encoding': 'gzip', 'CF-Cache-Status': 'DYNAMIC', 'Report-To': '{"endpoints":[{"url":"https:\\/\\/a.nel.cloudflare.com\\/report\\/v4?s=itOr5fX0iuyRaWuiuK4s0f0J3wkJx0qLT9uYPihKL32apvFU6nqy%2BoMcgD%2BXSWfcea9e%2FxqwG%2B1JUJMhesgPArn9BIYAvMPuFHutISMifcOhM1ApBErDl4hp6u8ZgLTC"}],"group":"cf-nel","max_age":604800}', 'NEL': '{"success_fraction":0,"report_to":"cf-nel","max_age":604800}', 'Server': 'cloudflare', 'CF-RAY': '875d03e99bea205a-IAD', 'alt-svc': 'h3=":443"; ma=86400'} 
 body={"results":[{"gender":"male","name":{"title":"Mr","first":"Corentin","last":"Gonzalez"},"location":{"street":{"number":5784,"name":"Avenue Goerges Clémenceau"},"city":"Reims","state":"Pyrénées-Atlantiques","country":"France","postcode":38935,"coordinates":{"latitude":"-13.4164","longitude":"-84.0683"},"timezone":{"offset":"-10:00","description":"Hawaii"}},"email":"corentin.gonzalez@example.com","login":{"uuid":"26191bc5-e51d-4e90-82de-c63ac08f0ba7","username":"ticklishtiger796","password":"beavis1","salt":"5vfZ6JdF","md5":"cd120e06567503f9be1d216e31088333","sha1":"f321c8ac4799b48199057f1613863b8cc9fc87a5","sha256":"cf74df9c6becd71765874cff8908f4059f275d0cf1b7dd95f1aedda482c628f1"},"dob":{"date":"1968-06-19T20:14:38.477Z","age":55},"registered":{"date":"2006-05-08T01:43:59.617Z","age":17},"phone":"05-05-90-66-46","cell":"06-10-00-31-08","id":{"name":"INSEE","value":"1680589033039 56"},"picture":{"large":"https://randomuser.me/api/portraits/men/63.jpg","medium":"https://randomuser.me/api/portraits/med/men/63.jpg","thumbnail":"https://randomuser.me/api/portraits/thumb/men/63.jpg"},"nat":"FR"}],"info":{"seed":"10097a2a593f951b","results":1,"page":1,"version":"1.4"}} 
 </msg>
<msg time="2024-04-17T14:13:21.602235" level="INFO">/opt/hostedtoolcache/Python/3.12.3/x64/lib/python3.12/site-packages/urllib3/connectionpool.py:1103: InsecureRequestWarning: Unverified HTTPS request is being made to host 'randomuser.me'. Adding certificate verification is strongly advised. See: https://urllib3.readthedocs.io/en/latest/advanced-usage.html#tls-warnings
  warnings.warn(</msg>
<msg time="2024-04-17T14:13:21.602404" level="INFO">${response} = &lt;Response [200]&gt;</msg>
<var>${response}</var>
<arg>consultarAPI</arg>
<arg>/api</arg>
<doc>Sends a GET request on a previously created HTTP Session.</doc>
<status status="PASS" start="2024-04-17T14:13:21.532464" elapsed="0.069991"/>
</kw>
<kw name="Set Variable" owner="BuiltIn">
<msg time="2024-04-17T14:13:21.603563" level="INFO">${json_data} = {'results': [{'gender': 'male', 'name': {'title': 'Mr', 'first': 'Corentin', 'last': 'Gonzalez'}, 'location': {'street': {'number': 5784, 'name': 'Avenue Goerges Clémenceau'}, 'city': 'Reims', 'state'...</msg>
<var>${json_data}</var>
<arg>${response.json()}</arg>
<doc>Returns the given values which can then be assigned to a variables.</doc>
<status status="PASS" start="2024-04-17T14:13:21.603008" elapsed="0.000584"/>
</kw>
<kw name="Log" owner="BuiltIn">
<msg time="2024-04-17T14:13:21.604066" level="INFO">{'results': [{'gender': 'male', 'name': {'title': 'Mr', 'first': 'Corentin', 'last': 'Gonzalez'}, 'location': {'street': {'number': 5784, 'name': 'Avenue Goerges Clémenceau'}, 'city': 'Reims', 'state': 'Pyrénées-Atlantiques', 'country': 'France', 'postcode': 38935, 'coordinates': {'latitude': '-13.4164', 'longitude': '-84.0683'}, 'timezone': {'offset': '-10:00', 'description': 'Hawaii'}}, 'email': 'corentin.gonzalez@example.com', 'login': {'uuid': '26191bc5-e51d-4e90-82de-c63ac08f0ba7', 'username': 'ticklishtiger796', 'password': 'beavis1', 'salt': '5vfZ6JdF', 'md5': 'cd120e06567503f9be1d216e31088333', 'sha1': 'f321c8ac4799b48199057f1613863b8cc9fc87a5', 'sha256': 'cf74df9c6becd71765874cff8908f4059f275d0cf1b7dd95f1aedda482c628f1'}, 'dob': {'date': '1968-06-19T20:14:38.477Z', 'age': 55}, 'registered': {'date': '2006-05-08T01:43:59.617Z', 'age': 17}, 'phone': '05-05-90-66-46', 'cell': '06-10-00-31-08', 'id': {'name': 'INSEE', 'value': '1680589033039 56'}, 'picture': {'large': 'https://randomuser.me/api/portraits/men/63.jpg', 'medium': 'https://randomuser.me/api/portraits/med/men/63.jpg', 'thumbnail': 'https://randomuser.me/api/portraits/thumb/men/63.jpg'}, 'nat': 'FR'}], 'info': {'seed': '10097a2a593f951b', 'results': 1, 'page': 1, 'version': '1.4'}}</msg>
<arg>${json_data}</arg>
<doc>Logs the given message with the given level.</doc>
<status status="PASS" start="2024-04-17T14:13:21.603902" elapsed="0.000255"/>
</kw>
<kw name="Should Be String" owner="String">
<arg>${json_data['results'][0]['gender']}</arg>
<doc>Fails if the given ``item`` is not a string.</doc>
<status status="PASS" start="2024-04-17T14:13:21.604465" elapsed="0.000373"/>
</kw>
<kw name="Should Match Regexp" owner="BuiltIn">
<arg>${json_data['results'][0]['email']}</arg>
<arg>^[a-zA-Z0-9._%+-]+@[a-zA-Z0-9.-]+\.[a-zA-Z]{2,}$</arg>
<doc>Fails if ``string`` does not match ``pattern`` as a regular expression.</doc>
<status status="PASS" start="2024-04-17T14:13:21.605043" elapsed="0.000558"/>
</kw>
<kw name="Should Match Regexp" owner="BuiltIn">
<arg>${json_data['results'][0]['dob']['date']}</arg>
<arg>\\d{4}-\\d{2}-\\d{2}T\\d{2}:\\d{2}:\\d{2}\\.\\d{3}Z</arg>
<doc>Fails if ``string`` does not match ``pattern`` as a regular expression.</doc>
<status status="PASS" start="2024-04-17T14:13:21.605845" elapsed="0.000495"/>
</kw>
<kw name="Should Match Regexp" owner="BuiltIn">
<arg>${json_data['results'][0]['registered']['date']}</arg>
<arg>\\d{4}-\\d{2}-\\d{2}T\\d{2}:\\d{2}:\\d{2}\\.\\d{3}Z</arg>
<doc>Fails if ``string`` does not match ``pattern`` as a regular expression.</doc>
<status status="PASS" start="2024-04-17T14:13:21.606532" elapsed="0.000367"/>
</kw>
<kw name="Should Match Regexp" owner="BuiltIn">
<arg>${json_data['results'][0]['picture']['large']}</arg>
<arg>^https?://.*\.(?:png|jpe?g|gif|bmp)$</arg>
<doc>Fails if ``string`` does not match ``pattern`` as a regular expression.</doc>
<status status="PASS" start="2024-04-17T14:13:21.607088" elapsed="0.000462"/>
</kw>
<kw name="Should Match Regexp" owner="BuiltIn">
<arg>${json_data['results'][0]['picture']['medium']}</arg>
<arg>^https?://.*\.(?:png|jpe?g|gif|bmp)$</arg>
<doc>Fails if ``string`` does not match ``pattern`` as a regular expression.</doc>
<status status="PASS" start="2024-04-17T14:13:21.607739" elapsed="0.000363"/>
</kw>
<kw name="Should Match Regexp" owner="BuiltIn">
<arg>${json_data['results'][0]['picture']['thumbnail']}</arg>
<arg>^https?://.*\.(?:png|jpe?g|gif|bmp)$</arg>
<doc>Fails if ``string`` does not match ``pattern`` as a regular expression.</doc>
<status status="PASS" start="2024-04-17T14:13:21.608294" elapsed="0.000358"/>
</kw>
<kw name="Log" owner="BuiltIn">
<msg time="2024-04-17T14:13:21.609160" level="INFO">{'large': 'https://randomuser.me/api/portraits/men/63.jpg', 'medium': 'https://randomuser.me/api/portraits/med/men/63.jpg', 'thumbnail': 'https://randomuser.me/api/portraits/thumb/men/63.jpg'}</msg>
<arg>${json_data['results'][0]['picture']}</arg>
<doc>Logs the given message with the given level.</doc>
<status status="PASS" start="2024-04-17T14:13:21.608835" elapsed="0.000368"/>
</kw>
<status status="PASS" start="2024-04-17T14:13:21.532222" elapsed="0.077248"/>
</kw>
<kw name="Teste de Tipos de Dados - Postcode" owner="random-user-service">
<kw name="GET On Session" owner="RequestsLibrary">
<msg time="2024-04-17T14:13:21.697558" level="INFO">GET Request : url=https://randomuser.me/api 
 path_url=/api 
 headers={'User-Agent': 'python-requests/2.31.0', 'Accept-Encoding': 'gzip, deflate', 'Accept': '*/*', 'Connection': 'keep-alive'} 
 body=None 
 </msg>
<msg time="2024-04-17T14:13:21.697716" level="INFO">GET Response : url=https://randomuser.me/api 
 status=200, reason=OK 
 headers={'Date': 'Wed, 17 Apr 2024 14:13:21 GMT', 'Content-Type': 'application/json; charset=utf-8', 'Transfer-Encoding': 'chunked', 'Connection': 'keep-alive', 'X-Powered-By': 'Express', 'Access-Control-Allow-Origin': '*', 'Cache-Control': 'no-cache', 'ETag': 'W/"484-dnQfkEGwcJzWCuL1KKKyMbB1ll4"', 'Vary': 'Accept-Encoding', 'Content-Encoding': 'gzip', 'CF-Cache-Status': 'DYNAMIC', 'Report-To': '{"endpoints":[{"url":"https:\\/\\/a.nel.cloudflare.com\\/report\\/v4?s=Sp%2F1fwc4pqebP%2BIyp0NCTBwr9Ha%2FhqkEOA657ygXiwI8J%2F7rn5VyMvNX6EGcnhf2NpBW8YGW6qj9BN2jH6ka4G6bX3Cige1bFDXMfReZeVMx8gC1J8vQ7%2BQy27uo6%2Bin"}],"group":"cf-nel","max_age":604800}', 'NEL': '{"success_fraction":0,"report_to":"cf-nel","max_age":604800}', 'Server': 'cloudflare', 'CF-RAY': '875d03ea1c94205a-IAD', 'alt-svc': 'h3=":443"; ma=86400'} 
 body={"results":[{"gender":"male","name":{"title":"Mr","first":"Alan","last":"Olson"},"location":{"street":{"number":5954,"name":"Hamilton Ave"},"city":"Fort Collins","state":"Missouri","country":"United States","postcode":41872,"coordinates":{"latitude":"87.9549","longitude":"-65.5228"},"timezone":{"offset":"-12:00","description":"Eniwetok, Kwajalein"}},"email":"alan.olson@example.com","login":{"uuid":"0a095575-81cd-4a12-8f0d-1d8d3f780d52","username":"angrysnake204","password":"viewer","salt":"IgVZNflF","md5":"433a6b9f6550d77b999ce5dc7be01ed4","sha1":"ecfc981a9ae01467d97b3e03455a7be9944e0992","sha256":"62901e57092d72452043ef349b04d34705fbd9e1209cc74393c8164c0874be2a"},"dob":{"date":"1993-01-30T11:48:32.212Z","age":31},"registered":{"date":"2012-07-07T10:40:45.275Z","age":11},"phone":"(394) 608-3121","cell":"(316) 788-5388","id":{"name":"SSN","value":"400-99-8486"},"picture":{"large":"https://randomuser.me/api/portraits/men/82.jpg","medium":"https://randomuser.me/api/portraits/med/men/82.jpg","thumbnail":"https://randomuser.me/api/portraits/thumb/men/82.jpg"},"nat":"US"}],"info":{"seed":"3f860092a3dce39c","results":1,"page":1,"version":"1.4"}} 
 </msg>
<msg time="2024-04-17T14:13:21.697800" level="INFO">/opt/hostedtoolcache/Python/3.12.3/x64/lib/python3.12/site-packages/urllib3/connectionpool.py:1103: InsecureRequestWarning: Unverified HTTPS request is being made to host 'randomuser.me'. Adding certificate verification is strongly advised. See: https://urllib3.readthedocs.io/en/latest/advanced-usage.html#tls-warnings
  warnings.warn(</msg>
<msg time="2024-04-17T14:13:21.697946" level="INFO">${response} = &lt;Response [200]&gt;</msg>
<var>${response}</var>
<arg>consultarAPI</arg>
<arg>/api</arg>
<doc>Sends a GET request on a previously created HTTP Session.</doc>
<status status="PASS" start="2024-04-17T14:13:21.609990" elapsed="0.088001"/>
</kw>
<kw name="Set Variable" owner="BuiltIn">
<msg time="2024-04-17T14:13:21.699036" level="INFO">${json_data} = {'results': [{'gender': 'male', 'name': {'title': 'Mr', 'first': 'Alan', 'last': 'Olson'}, 'location': {'street': {'number': 5954, 'name': 'Hamilton Ave'}, 'city': 'Fort Collins', 'state': 'Missouri',...</msg>
<var>${json_data}</var>
<arg>${response.json()}</arg>
<doc>Returns the given values which can then be assigned to a variables.</doc>
<status status="PASS" start="2024-04-17T14:13:21.698516" elapsed="0.000548"/>
</kw>
<kw name="Log" owner="BuiltIn">
<msg time="2024-04-17T14:13:21.699535" level="INFO">{'results': [{'gender': 'male', 'name': {'title': 'Mr', 'first': 'Alan', 'last': 'Olson'}, 'location': {'street': {'number': 5954, 'name': 'Hamilton Ave'}, 'city': 'Fort Collins', 'state': 'Missouri', 'country': 'United States', 'postcode': 41872, 'coordinates': {'latitude': '87.9549', 'longitude': '-65.5228'}, 'timezone': {'offset': '-12:00', 'description': 'Eniwetok, Kwajalein'}}, 'email': 'alan.olson@example.com', 'login': {'uuid': '0a095575-81cd-4a12-8f0d-1d8d3f780d52', 'username': 'angrysnake204', 'password': 'viewer', 'salt': 'IgVZNflF', 'md5': '433a6b9f6550d77b999ce5dc7be01ed4', 'sha1': 'ecfc981a9ae01467d97b3e03455a7be9944e0992', 'sha256': '62901e57092d72452043ef349b04d34705fbd9e1209cc74393c8164c0874be2a'}, 'dob': {'date': '1993-01-30T11:48:32.212Z', 'age': 31}, 'registered': {'date': '2012-07-07T10:40:45.275Z', 'age': 11}, 'phone': '(394) 608-3121', 'cell': '(316) 788-5388', 'id': {'name': 'SSN', 'value': '400-99-8486'}, 'picture': {'large': 'https://randomuser.me/api/portraits/men/82.jpg', 'medium': 'https://randomuser.me/api/portraits/med/men/82.jpg', 'thumbnail': 'https://randomuser.me/api/portraits/thumb/men/82.jpg'}, 'nat': 'US'}], 'info': {'seed': '3f860092a3dce39c', 'results': 1, 'page': 1, 'version': '1.4'}}</msg>
<arg>${json_data}</arg>
<doc>Logs the given message with the given level.</doc>
<status status="PASS" start="2024-04-17T14:13:21.699373" elapsed="0.000248"/>
</kw>
<kw name="Should Be Equal As Numbers" owner="BuiltIn">
<arg>${json_data['results'][0]['location']['postcode']}</arg>
<arg>${json_data['results'][0]['location']['postcode']}</arg>
<doc>Fails if objects are unequal after converting them to real numbers.</doc>
<status status="PASS" start="2024-04-17T14:13:21.699923" elapsed="0.000803"/>
</kw>
<kw name="Log" owner="BuiltIn">
<msg time="2024-04-17T14:13:21.701252" level="INFO">41872</msg>
<arg>${json_data['results'][0]['location']['postcode']}</arg>
<doc>Logs the given message with the given level.</doc>
<status status="PASS" start="2024-04-17T14:13:21.700918" elapsed="0.000374"/>
</kw>
<status status="PASS" start="2024-04-17T14:13:21.609742" elapsed="0.091805"/>
</kw>
<doc>Testa se os tipos de dados na resposta da API estão corretos.</doc>
<tag>testeTiposDados</tag>
<status status="PASS" start="2024-04-17T14:13:21.531707" elapsed="0.170063"/>
</test>
<test id="s1-s1-t5" name="Validar conteudo" line="35">
<kw name="Teste de Tipos de Conteudo" owner="random-user-service">
<kw name="GET On Session" owner="RequestsLibrary">
<msg time="2024-04-17T14:13:21.801477" level="INFO">GET Request : url=https://randomuser.me/api 
 path_url=/api 
 headers={'User-Agent': 'python-requests/2.31.0', 'Accept-Encoding': 'gzip, deflate', 'Accept': '*/*', 'Connection': 'keep-alive'} 
 body=None 
 </msg>
<msg time="2024-04-17T14:13:21.801578" level="INFO">GET Response : url=https://randomuser.me/api 
 status=200, reason=OK 
 headers={'Date': 'Wed, 17 Apr 2024 14:13:21 GMT', 'Content-Type': 'application/json; charset=utf-8', 'Transfer-Encoding': 'chunked', 'Connection': 'keep-alive', 'X-Powered-By': 'Express', 'Access-Control-Allow-Origin': '*', 'Cache-Control': 'no-cache', 'ETag': 'W/"4a1-l/jlaqep7FGjh0Kqwk/wCYC5zCQ"', 'Vary': 'Accept-Encoding', 'Content-Encoding': 'gzip', 'CF-Cache-Status': 'DYNAMIC', 'Report-To': '{"endpoints":[{"url":"https:\\/\\/a.nel.cloudflare.com\\/report\\/v4?s=sOJU20HTjAi8Ki1HOnrDoLd053PPWYRZMLWTrZzsmjcNHIqIC9pGf6K1AtKO27YZOyfp26VMDItUOEyMUm%2FaSZ4oh9T8IynavtM1n4comAE2Gqv8GtkMsZS4kBpHs6bD"}],"group":"cf-nel","max_age":604800}', 'NEL': '{"success_fraction":0,"report_to":"cf-nel","max_age":604800}', 'Server': 'cloudflare', 'CF-RAY': '875d03eaad72205a-IAD', 'alt-svc': 'h3=":443"; ma=86400'} 
 body={"results":[{"gender":"female","name":{"title":"Miss","first":"پرنیا","last":"گلشن"},"location":{"street":{"number":6177,"name":"شهید استاد حسن بنا"},"city":"خوی","state":"لرستان","country":"Iran","postcode":11234,"coordinates":{"latitude":"15.8399","longitude":"126.5610"},"timezone":{"offset":"-6:00","description":"Central Time (US &amp; Canada), Mexico City"}},"email":"prny.glshn@example.com","login":{"uuid":"df139669-0a1c-43a5-bf50-21a29e3dd528","username":"angrydog199","password":"eyes","salt":"MeVoPuC9","md5":"9ccfdfe6e1429e4d638b748c1cd8bfcb","sha1":"84dfab8b5f0b4cbe4b16d4face9de4f171ffc646","sha256":"87f71a8f7e18c92e9489daab9257c377137fd1aa70523a48853b188ba50ad961"},"dob":{"date":"1982-07-27T22:27:21.261Z","age":41},"registered":{"date":"2005-11-18T16:52:10.182Z","age":18},"phone":"092-88315837","cell":"0926-266-9320","id":{"name":"","value":null},"picture":{"large":"https://randomuser.me/api/portraits/women/57.jpg","medium":"https://randomuser.me/api/portraits/med/women/57.jpg","thumbnail":"https://randomuser.me/api/portraits/thumb/women/57.jpg"},"nat":"IR"}],"info":{"seed":"14f92b952bb11880","results":1,"page":1,"version":"1.4"}} 
 </msg>
<msg time="2024-04-17T14:13:21.801684" level="INFO">/opt/hostedtoolcache/Python/3.12.3/x64/lib/python3.12/site-packages/urllib3/connectionpool.py:1103: InsecureRequestWarning: Unverified HTTPS request is being made to host 'randomuser.me'. Adding certificate verification is strongly advised. See: https://urllib3.readthedocs.io/en/latest/advanced-usage.html#tls-warnings
  warnings.warn(</msg>
<msg time="2024-04-17T14:13:21.801834" level="INFO">${response} = &lt;Response [200]&gt;</msg>
<var>${response}</var>
<arg>consultarAPI</arg>
<arg>/api</arg>
<doc>Sends a GET request on a previously created HTTP Session.</doc>
<status status="PASS" start="2024-04-17T14:13:21.704274" elapsed="0.097602"/>
</kw>
<kw name="Set Variable" owner="BuiltIn">
<msg time="2024-04-17T14:13:21.802933" level="INFO">${json_data} = {'results': [{'gender': 'female', 'name': {'title': 'Miss', 'first': 'پرنیا', 'last': 'گلشن'}, 'location': {'street': {'number': 6177, 'name': 'شهید استاد حسن بنا'}, 'city': 'خوی', 'state': 'لرستان', ...</msg>
<var>${json_data}</var>
<arg>${response.json()}</arg>
<doc>Returns the given values which can then be assigned to a variables.</doc>
<status status="PASS" start="2024-04-17T14:13:21.802411" elapsed="0.000553"/>
</kw>
<kw name="Set Variable" owner="BuiltIn">
<msg time="2024-04-17T14:13:21.803668" level="INFO">${name_title} = Miss</msg>
<var>${name_title}</var>
<arg>${json_data["results"][0]["name"]["title"]}</arg>
<doc>Returns the given values which can then be assigned to a variables.</doc>
<status status="PASS" start="2024-04-17T14:13:21.803286" elapsed="0.000406"/>
</kw>
<kw name="Create List" owner="BuiltIn">
<msg time="2024-04-17T14:13:21.804141" level="INFO">${allowed_titles} = ['Mr', 'Ms', 'Miss', 'Mrs', 'Madame', 'Monsieur']</msg>
<var>${allowed_titles}</var>
<arg>Mr</arg>
<arg>Ms</arg>
<arg>Miss</arg>
<arg>Mrs</arg>
<arg>Madame</arg>
<arg>Monsieur</arg>
<doc>Returns a list containing given items.</doc>
<status status="PASS" start="2024-04-17T14:13:21.803994" elapsed="0.000171"/>
</kw>
<kw name="List Should Contain Value" owner="Collections">
<msg time="2024-04-17T14:13:21.804638" level="INFO">False</msg>
<arg>${allowed_titles}</arg>
<arg>${name_title}</arg>
<doc>Fails if the ``value`` is not found from ``list``.</doc>
<status status="PASS" start="2024-04-17T14:13:21.804463" elapsed="0.000211"/>
</kw>
<kw name="Set Variable" owner="BuiltIn">
<msg time="2024-04-17T14:13:21.805341" level="INFO">${name_country} = IR</msg>
<var>${name_country}</var>
<arg>${json_data["results"][0]["nat"]}</arg>
<doc>Returns the given values which can then be assigned to a variables.</doc>
<status status="PASS" start="2024-04-17T14:13:21.804960" elapsed="0.000406"/>
</kw>
<kw name="Create List" owner="BuiltIn">
<msg time="2024-04-17T14:13:21.806287" level="INFO">${list_country} = ['AD', 'AE', 'AF', 'AG', 'AI', 'AL', 'AM', 'AO', 'AQ', 'AR', 'AS', 'AT', 'AU', 'AW', 'AX', 'AZ', 'BA', 'BB', 'BD', 'BE', 'BF', 'BG', 'BH', 'BI', 'BJ', 'BL', 'BM', 'BN', 'BO', 'BQ', 'BR', 'BS', 'BT', '...</msg>
<var>${list_country}</var>
<arg>AD</arg>
<arg>AE</arg>
<arg>AF</arg>
<arg>AG</arg>
<arg>AI</arg>
<arg>AL</arg>
<arg>AM</arg>
<arg>AO</arg>
<arg>AQ</arg>
<arg>AR</arg>
<arg>AS</arg>
<arg>AT</arg>
<arg>AU</arg>
<arg>AW</arg>
<arg>AX</arg>
<arg>AZ</arg>
<arg>BA</arg>
<arg>BB</arg>
<arg>BD</arg>
<arg>BE</arg>
<arg>BF</arg>
<arg>BG</arg>
<arg>BH</arg>
<arg>BI</arg>
<arg>BJ</arg>
<arg>BL</arg>
<arg>BM</arg>
<arg>BN</arg>
<arg>BO</arg>
<arg>BQ</arg>
<arg>BR</arg>
<arg>BS</arg>
<arg>BT</arg>
<arg>BV</arg>
<arg>BW</arg>
<arg>BY</arg>
<arg>BZ</arg>
<arg>CA</arg>
<arg>CC</arg>
<arg>CD</arg>
<arg>CF</arg>
<arg>CG</arg>
<arg>CH</arg>
<arg>CI</arg>
<arg>CK</arg>
<arg>CL</arg>
<arg>CM</arg>
<arg>CN</arg>
<arg>CO</arg>
<arg>CR</arg>
<arg>CU</arg>
<arg>CV</arg>
<arg>CW</arg>
<arg>CX</arg>
<arg>CY</arg>
<arg>CZ</arg>
<arg>DE</arg>
<arg>DJ</arg>
<arg>DK</arg>
<arg>DM</arg>
<arg>DO</arg>
<arg>DZ</arg>
<arg>EC</arg>
<arg>EE</arg>
<arg>EG</arg>
<arg>EH</arg>
<arg>ER</arg>
<arg>ES</arg>
<arg>ET</arg>
<arg>FI</arg>
<arg>FJ</arg>
<arg>FK</arg>
<arg>FM</arg>
<arg>FO</arg>
<arg>FR</arg>
<arg>GA</arg>
<arg>GB</arg>
<arg>GD</arg>
<arg>GE</arg>
<arg>GF</arg>
<arg>GG</arg>
<arg>GH</arg>
<arg>GI</arg>
<arg>GL</arg>
<arg>GM</arg>
<arg>GN</arg>
<arg>GP</arg>
<arg>GQ</arg>
<arg>GR</arg>
<arg>GS</arg>
<arg>GT</arg>
<arg>GU</arg>
<arg>GW</arg>
<arg>GY</arg>
<arg>HK</arg>
<arg>HM</arg>
<arg>HN</arg>
<arg>HR</arg>
<arg>HT</arg>
<arg>HU</arg>
<arg>ID</arg>
<arg>IE</arg>
<arg>IL</arg>
<arg>IM</arg>
<arg>IN</arg>
<arg>IO</arg>
<arg>IQ</arg>
<arg>IR</arg>
<arg>IS</arg>
<arg>IT</arg>
<arg>JE</arg>
<arg>JM</arg>
<arg>JO</arg>
<arg>JP</arg>
<arg>KE</arg>
<arg>KG</arg>
<arg>KH</arg>
<arg>KI</arg>
<arg>KM</arg>
<arg>KN</arg>
<arg>KP</arg>
<arg>KR</arg>
<arg>KW</arg>
<arg>KY</arg>
<arg>KZ</arg>
<arg>LA</arg>
<arg>LB</arg>
<arg>LC</arg>
<arg>LI</arg>
<arg>LK</arg>
<arg>LR</arg>
<arg>LS</arg>
<arg>LT</arg>
<arg>LU</arg>
<arg>LV</arg>
<arg>LY</arg>
<arg>MA</arg>
<arg>MC</arg>
<arg>MD</arg>
<arg>ME</arg>
<arg>MF</arg>
<arg>MG</arg>
<arg>MH</arg>
<arg>MK</arg>
<arg>ML</arg>
<arg>MM</arg>
<arg>MN</arg>
<arg>MO</arg>
<arg>MP</arg>
<arg>MQ</arg>
<arg>MR</arg>
<arg>MS</arg>
<arg>MT</arg>
<arg>MU</arg>
<arg>MV</arg>
<arg>MW</arg>
<arg>MX</arg>
<arg>MY</arg>
<arg>MZ</arg>
<arg>NA</arg>
<arg>NC</arg>
<arg>NE</arg>
<arg>NF</arg>
<arg>NG</arg>
<arg>NI</arg>
<arg>NL</arg>
<arg>NO</arg>
<arg>NP</arg>
<arg>NR</arg>
<arg>NU</arg>
<arg>NZ</arg>
<arg>OM</arg>
<arg>PA</arg>
<arg>PE</arg>
<arg>PF</arg>
<arg>PG</arg>
<arg>PH</arg>
<arg>PK</arg>
<arg>PL</arg>
<arg>PM</arg>
<arg>PN</arg>
<arg>PR</arg>
<arg>PS</arg>
<arg>PT</arg>
<arg>PW</arg>
<arg>PY</arg>
<arg>QA</arg>
<arg>RE</arg>
<arg>RO</arg>
<arg>RS</arg>
<arg>RU</arg>
<arg>RW</arg>
<arg>SA</arg>
<arg>SB</arg>
<arg>SC</arg>
<arg>SD</arg>
<arg>SE</arg>
<arg>SG</arg>
<arg>SH</arg>
<arg>SI</arg>
<arg>SJ</arg>
<arg>SK</arg>
<arg>SL</arg>
<arg>SM</arg>
<arg>SN</arg>
<arg>SO</arg>
<arg>SR</arg>
<arg>SS</arg>
<arg>ST</arg>
<arg>SV</arg>
<arg>SX</arg>
<arg>SY</arg>
<arg>SZ</arg>
<arg>TC</arg>
<arg>TD</arg>
<arg>TF</arg>
<arg>TG</arg>
<arg>TH</arg>
<arg>TJ</arg>
<arg>TK</arg>
<arg>TL</arg>
<arg>TM</arg>
<arg>TN</arg>
<arg>TO</arg>
<arg>TR</arg>
<arg>TT</arg>
<arg>TV</arg>
<arg>TW</arg>
<arg>TZ</arg>
<arg>UA</arg>
<arg>UG</arg>
<arg>UM</arg>
<arg>US</arg>
<arg>UY</arg>
<arg>UZ</arg>
<arg>VA</arg>
<arg>VC</arg>
<arg>VE</arg>
<arg>VG</arg>
<arg>VI</arg>
<arg>VN</arg>
<arg>VU</arg>
<arg>WF</arg>
<arg>WS</arg>
<arg>XK</arg>
<arg>YE</arg>
<arg>YT</arg>
<arg>ZA</arg>
<arg>ZM</arg>
<arg>ZW</arg>
<doc>Returns a list containing given items.</doc>
<status status="PASS" start="2024-04-17T14:13:21.805700" elapsed="0.000612"/>
</kw>
<kw name="List Should Contain Value" owner="Collections">
<msg time="2024-04-17T14:13:21.807319" level="INFO">False</msg>
<arg>${list_country}</arg>
<arg>${name_country}</arg>
<doc>Fails if the ``value`` is not found from ``list``.</doc>
<status status="PASS" start="2024-04-17T14:13:21.807120" elapsed="0.000235"/>
</kw>
<kw name="Run Keyword If" owner="BuiltIn">
<kw name="Should Be True" owner="BuiltIn">
<arg>${True}</arg>
<doc>Fails if the given condition is not true.</doc>
<status status="PASS" start="2024-04-17T14:13:21.808423" elapsed="0.000142"/>
</kw>
<arg>${json_data["results"][0]["location"]["coordinates"]["latitude"]} &gt;= -90 and ${json_data["results"][0]["location"]["coordinates"]["latitude"]} &lt;= 90</arg>
<arg>Should Be True</arg>
<arg>${True}</arg>
<doc>Runs the given keyword with the given arguments, if ``condition`` is true.</doc>
<status status="PASS" start="2024-04-17T14:13:21.807661" elapsed="0.001025"/>
</kw>
<kw name="Run Keyword If" owner="BuiltIn">
<kw name="Should Be True" owner="BuiltIn">
<arg>${True}</arg>
<doc>Fails if the given condition is not true.</doc>
<status status="PASS" start="2024-04-17T14:13:21.809555" elapsed="0.000290"/>
</kw>
<arg>${json_data["results"][0]["location"]["coordinates"]["longitude"]} &gt;= -180 and ${json_data["results"][0]["location"]["coordinates"]["longitude"]} &lt;= 180</arg>
<arg>Should Be True</arg>
<arg>${True}</arg>
<doc>Runs the given keyword with the given arguments, if ``condition`` is true.</doc>
<status status="PASS" start="2024-04-17T14:13:21.808866" elapsed="0.001108"/>
</kw>
<status status="PASS" start="2024-04-17T14:13:21.704042" elapsed="0.106065"/>
</kw>
<doc>Testa o conteúdo específico dos campos retornados pela API.</doc>
<tag>testeConteudo</tag>
<status status="PASS" start="2024-04-17T14:13:21.703571" elapsed="0.106689"/>
</test>
<status status="PASS" start="2024-04-17T14:13:21.027829" elapsed="0.784413"/>
</suite>
<status status="PASS" start="2024-04-17T14:13:21.013891" elapsed="0.803568"/>
</suite>
<statistics>
<total>
<stat pass="5" fail="0" skip="0">All Tests</stat>
</total>
<tag>
<stat pass="1" fail="0" skip="0">testeConteudo</stat>
<stat pass="1" fail="0" skip="0">testeEstruturaResposta</stat>
<stat pass="1" fail="0" skip="0">testeRequisicaoBasica</stat>
<stat pass="1" fail="0" skip="0">testeTiposDados</stat>
</tag>
<suite>
<stat pass="5" fail="0" skip="0" id="s1" name="Tests">Tests</stat>
<stat pass="5" fail="0" skip="0" id="s1-s1" name="Random-User-Test">Tests.Random-User-Test</stat>
</suite>
</statistics>
<errors>
</errors>
</robot>
