<?xml version="1.0" encoding="UTF-8"?>
<robot generator="Robot 7.0 (Python 3.12.3 on linux)" generated="2024-04-26T12:25:37.977606" rpa="false" schemaversion="5">
<suite id="s1" name="Tests" source="/home/runner/work/DesafioQAItauRogerioJordao/DesafioQAItauRogerioJordao/RamdonUser/tests">
<suite id="s1-s1" name="Random-User-Test" source="/home/runner/work/DesafioQAItauRogerioJordao/DesafioQAItauRogerioJordao/RamdonUser/tests/random-user-test.robot">
<test id="s1-s1-t1" name="Conectar" line="13">
<kw name="Conectar API" owner="random-user-service">
<kw name="Create Session" owner="RequestsLibrary">
<msg time="2024-04-26T12:25:38.331510" level="INFO">Creating Session using : alias=consultarAPI, url=https://randomuser.me/, headers={},                     cookies={}, auth=None, timeout=None, proxies=None, verify=False,                     debug=0 </msg>
<arg>consultarAPI</arg>
<arg>${URL}</arg>
<doc>Create Session: create a HTTP session to a server</doc>
<status status="PASS" start="2024-04-26T12:25:38.331312" elapsed="0.000368"/>
</kw>
<status status="PASS" start="2024-04-26T12:25:38.330353" elapsed="0.001744"/>
</kw>
<status status="PASS" start="2024-04-26T12:25:38.329764" elapsed="0.002527"/>
</test>
<test id="s1-s1-t2" name="Validar retorno 200 e JSON Válido" line="16">
<kw name="Teste de Requisicao Basica" owner="random-user-service">
<kw name="GET On Session" owner="RequestsLibrary">
<msg time="2024-04-26T12:25:38.575296" level="INFO">GET Request : url=https://randomuser.me/api 
 path_url=/api 
 headers={'User-Agent': 'python-requests/2.31.0', 'Accept-Encoding': 'gzip, deflate', 'Accept': '*/*', 'Connection': 'keep-alive'} 
 body=None 
 </msg>
<msg time="2024-04-26T12:25:38.575457" level="INFO">GET Response : url=https://randomuser.me/api 
 status=200, reason=OK 
 headers={'Date': 'Fri, 26 Apr 2024 12:25:38 GMT', 'Content-Type': 'application/json; charset=utf-8', 'Transfer-Encoding': 'chunked', 'Connection': 'keep-alive', 'X-Powered-By': 'Express', 'Access-Control-Allow-Origin': '*', 'Cache-Control': 'no-cache', 'ETag': 'W/"4a6-juwasfBCKC9U39kTAyUWnqlct+0"', 'Vary': 'Accept-Encoding', 'Content-Encoding': 'gzip', 'CF-Cache-Status': 'DYNAMIC', 'Report-To': '{"endpoints":[{"url":"https:\\/\\/a.nel.cloudflare.com\\/report\\/v4?s=4OxN1fnvIt%2BevTKbqWVvkPnB1hULzOV8phR8Jc1SbG9YQcR7o7nGJ4ueE8CrKIiL%2FQlPB9rFwI0IxmikiByb0mKXNl3vdtwDrErJ9wyVsdEJ78W9aXk6qrE9lm2HEEUG"}],"group":"cf-nel","max_age":604800}', 'NEL': '{"success_fraction":0,"report_to":"cf-nel","max_age":604800}', 'Server': 'cloudflare', 'CF-RAY': '87a68e7feb429c70-IAD', 'alt-svc': 'h3=":443"; ma=86400'} 
 body={"results":[{"gender":"male","name":{"title":"Monsieur","first":"Mark","last":"Carpentier"},"location":{"street":{"number":1766,"name":"Place du 8 Novembre 1942"},"city":"Lyssach","state":"Aargau","country":"Switzerland","postcode":5800,"coordinates":{"latitude":"-62.9060","longitude":"-17.7092"},"timezone":{"offset":"+8:00","description":"Beijing, Perth, Singapore, Hong Kong"}},"email":"mark.carpentier@example.com","login":{"uuid":"a2d24807-4047-4e91-90e7-e841818010d9","username":"tinyladybug915","password":"1211","salt":"pdsB6Mgu","md5":"c00750fe8bf783c79d9a92386e87eb81","sha1":"def6e08f23cdd05a08eb810c52590509e9d0ad0b","sha256":"227912517481689cd9b6f21c1d9f63afc343a355102d9ded68ee5acb858d53c0"},"dob":{"date":"1976-04-11T02:05:34.377Z","age":48},"registered":{"date":"2007-07-05T12:36:23.234Z","age":16},"phone":"075 500 08 63","cell":"079 689 50 95","id":{"name":"AVS","value":"756.1229.2553.96"},"picture":{"large":"https://randomuser.me/api/portraits/men/9.jpg","medium":"https://randomuser.me/api/portraits/med/men/9.jpg","thumbnail":"https://randomuser.me/api/portraits/thumb/men/9.jpg"},"nat":"CH"}],"info":{"seed":"9051f30270f6554a","results":1,"page":1,"version":"1.4"}} 
 </msg>
<msg time="2024-04-26T12:25:38.575548" level="INFO">/opt/hostedtoolcache/Python/3.12.3/x64/lib/python3.12/site-packages/urllib3/connectionpool.py:1103: InsecureRequestWarning: Unverified HTTPS request is being made to host 'randomuser.me'. Adding certificate verification is strongly advised. See: https://urllib3.readthedocs.io/en/latest/advanced-usage.html#tls-warnings
  warnings.warn(</msg>
<msg time="2024-04-26T12:25:38.575709" level="INFO">${response} = &lt;Response [200]&gt;</msg>
<var>${response}</var>
<arg>consultarAPI</arg>
<arg>/api</arg>
<doc>Sends a GET request on a previously created HTTP Session.</doc>
<status status="PASS" start="2024-04-26T12:25:38.334929" elapsed="0.240840"/>
</kw>
<kw name="Should Be Equal As Numbers" owner="BuiltIn">
<msg time="2024-04-26T12:25:38.576773" level="INFO">Argument types are:
&lt;class 'int'&gt;
&lt;class 'str'&gt;</msg>
<arg>${response.status_code}</arg>
<arg>200</arg>
<doc>Fails if objects are unequal after converting them to real numbers.</doc>
<status status="PASS" start="2024-04-26T12:25:38.576274" elapsed="0.000564"/>
</kw>
<kw name="Log" owner="BuiltIn">
<msg time="2024-04-26T12:25:38.577550" level="INFO">200</msg>
<arg>${response.status_code}</arg>
<doc>Logs the given message with the given level.</doc>
<status status="PASS" start="2024-04-26T12:25:38.577194" elapsed="0.000398"/>
</kw>
<kw name="Set Variable" owner="BuiltIn">
<msg time="2024-04-26T12:25:38.578356" level="INFO">${json_data} = {'results': [{'gender': 'male', 'name': {'title': 'Monsieur', 'first': 'Mark', 'last': 'Carpentier'}, 'location': {'street': {'number': 1766, 'name': 'Place du 8 Novembre 1942'}, 'city': 'Lyssach', 's...</msg>
<var>${json_data}</var>
<arg>${response.json()}</arg>
<doc>Returns the given values which can then be assigned to a variables.</doc>
<status status="PASS" start="2024-04-26T12:25:38.577908" elapsed="0.000477"/>
</kw>
<kw name="Dictionary Should Contain Key" owner="Collections">
<msg time="2024-04-26T12:25:38.578872" level="INFO">False</msg>
<arg>${json_data}</arg>
<arg>results</arg>
<doc>Fails if ``key`` is not found from ``dictionary``.</doc>
<status status="PASS" start="2024-04-26T12:25:38.578697" elapsed="0.000216"/>
</kw>
<status status="PASS" start="2024-04-26T12:25:38.334689" elapsed="0.244492"/>
</kw>
<doc>Testa se a API responde corretamente e retorna um objeto JSON válido.</doc>
<tag>testeRequisicaoBasica</tag>
<status status="PASS" start="2024-04-26T12:25:38.334177" elapsed="0.245191"/>
</test>
<test id="s1-s1-t3" name="Validar estrutura de resposta" line="22">
<kw name="Teste de Estrutura de Resposta" owner="random-user-service">
<kw name="GET On Session" owner="RequestsLibrary">
<msg time="2024-04-26T12:25:38.676007" level="INFO">GET Request : url=https://randomuser.me/api 
 path_url=/api 
 headers={'User-Agent': 'python-requests/2.31.0', 'Accept-Encoding': 'gzip, deflate', 'Accept': '*/*', 'Connection': 'keep-alive'} 
 body=None 
 </msg>
<msg time="2024-04-26T12:25:38.676087" level="INFO">GET Response : url=https://randomuser.me/api 
 status=200, reason=OK 
 headers={'Date': 'Fri, 26 Apr 2024 12:25:38 GMT', 'Content-Type': 'application/json; charset=utf-8', 'Transfer-Encoding': 'chunked', 'Connection': 'keep-alive', 'X-Powered-By': 'Express', 'Access-Control-Allow-Origin': '*', 'Cache-Control': 'no-cache', 'ETag': 'W/"49a-GXUmnAMyhuynyrx9opBvhsKbQNk"', 'Vary': 'Accept-Encoding', 'Content-Encoding': 'gzip', 'CF-Cache-Status': 'DYNAMIC', 'Report-To': '{"endpoints":[{"url":"https:\\/\\/a.nel.cloudflare.com\\/report\\/v4?s=nLhP%2F8ZoG2NOiK68fGbFtHJ5JJkCLLx11gQMnNVjrZleNjPmj7nwcl%2FE1arZOtDRF0e1CxCYivLCcCFJzFqccm3FNXBFP4ZaprYXRwO%2B57eipGoORwamK9pV25kPgS0X"}],"group":"cf-nel","max_age":604800}', 'NEL': '{"success_fraction":0,"report_to":"cf-nel","max_age":604800}', 'Server': 'cloudflare', 'CF-RAY': '87a68e802b999c70-IAD', 'alt-svc': 'h3=":443"; ma=86400'} 
 body={"results":[{"gender":"female","name":{"title":"Miss","first":"Ella","last":"Pelletier"},"location":{"street":{"number":8283,"name":"Dalhousie Ave"},"city":"Field","state":"Saskatchewan","country":"Canada","postcode":"G5M 9N8","coordinates":{"latitude":"-68.2449","longitude":"94.5924"},"timezone":{"offset":"+1:00","description":"Brussels, Copenhagen, Madrid, Paris"}},"email":"ella.pelletier@example.com","login":{"uuid":"5c27d55e-6087-4ea8-9d20-eddec556bb09","username":"angrytiger875","password":"bigbird","salt":"bHE6QIL1","md5":"a2ff92f59e6307bc1948723eaf1bdf97","sha1":"00f6e5a2b8ef745be24f2f1682ec2d6c3eb81ade","sha256":"56cefd98253d7ff199992b98e084c631223286a4e389a33698854e7cd2402d9a"},"dob":{"date":"1994-03-23T02:00:17.878Z","age":30},"registered":{"date":"2020-04-26T06:16:34.123Z","age":4},"phone":"I34 T70-6103","cell":"U97 A70-5589","id":{"name":"SIN","value":"317502151"},"picture":{"large":"https://randomuser.me/api/portraits/women/75.jpg","medium":"https://randomuser.me/api/portraits/med/women/75.jpg","thumbnail":"https://randomuser.me/api/portraits/thumb/women/75.jpg"},"nat":"CA"}],"info":{"seed":"0e7b9c505465aa20","results":1,"page":1,"version":"1.4"}} 
 </msg>
<msg time="2024-04-26T12:25:38.676196" level="INFO">/opt/hostedtoolcache/Python/3.12.3/x64/lib/python3.12/site-packages/urllib3/connectionpool.py:1103: InsecureRequestWarning: Unverified HTTPS request is being made to host 'randomuser.me'. Adding certificate verification is strongly advised. See: https://urllib3.readthedocs.io/en/latest/advanced-usage.html#tls-warnings
  warnings.warn(</msg>
<msg time="2024-04-26T12:25:38.676300" level="INFO">${response} = &lt;Response [200]&gt;</msg>
<var>${response}</var>
<arg>consultarAPI</arg>
<arg>/api</arg>
<doc>Sends a GET request on a previously created HTTP Session.</doc>
<status status="PASS" start="2024-04-26T12:25:38.582148" elapsed="0.094184"/>
</kw>
<kw name="Set Variable" owner="BuiltIn">
<msg time="2024-04-26T12:25:38.677275" level="INFO">${json_data} = {'results': [{'gender': 'female', 'name': {'title': 'Miss', 'first': 'Ella', 'last': 'Pelletier'}, 'location': {'street': {'number': 8283, 'name': 'Dalhousie Ave'}, 'city': 'Field', 'state': 'Saskatch...</msg>
<var>${json_data}</var>
<arg>${response.json()}</arg>
<doc>Returns the given values which can then be assigned to a variables.</doc>
<status status="PASS" start="2024-04-26T12:25:38.676778" elapsed="0.000525"/>
</kw>
<kw name="Log" owner="BuiltIn">
<msg time="2024-04-26T12:25:38.677768" level="INFO">{'results': [{'gender': 'female', 'name': {'title': 'Miss', 'first': 'Ella', 'last': 'Pelletier'}, 'location': {'street': {'number': 8283, 'name': 'Dalhousie Ave'}, 'city': 'Field', 'state': 'Saskatchewan', 'country': 'Canada', 'postcode': 'G5M 9N8', 'coordinates': {'latitude': '-68.2449', 'longitude': '94.5924'}, 'timezone': {'offset': '+1:00', 'description': 'Brussels, Copenhagen, Madrid, Paris'}}, 'email': 'ella.pelletier@example.com', 'login': {'uuid': '5c27d55e-6087-4ea8-9d20-eddec556bb09', 'username': 'angrytiger875', 'password': 'bigbird', 'salt': 'bHE6QIL1', 'md5': 'a2ff92f59e6307bc1948723eaf1bdf97', 'sha1': '00f6e5a2b8ef745be24f2f1682ec2d6c3eb81ade', 'sha256': '56cefd98253d7ff199992b98e084c631223286a4e389a33698854e7cd2402d9a'}, 'dob': {'date': '1994-03-23T02:00:17.878Z', 'age': 30}, 'registered': {'date': '2020-04-26T06:16:34.123Z', 'age': 4}, 'phone': 'I34 T70-6103', 'cell': 'U97 A70-5589', 'id': {'name': 'SIN', 'value': '317502151'}, 'picture': {'large': 'https://randomuser.me/api/portraits/women/75.jpg', 'medium': 'https://randomuser.me/api/portraits/med/women/75.jpg', 'thumbnail': 'https://randomuser.me/api/portraits/thumb/women/75.jpg'}, 'nat': 'CA'}], 'info': {'seed': '0e7b9c505465aa20', 'results': 1, 'page': 1, 'version': '1.4'}}</msg>
<arg>${json_data}</arg>
<doc>Logs the given message with the given level.</doc>
<status status="PASS" start="2024-04-26T12:25:38.677608" elapsed="0.000209"/>
</kw>
<kw name="Dictionary Should Contain Key" owner="Collections">
<msg time="2024-04-26T12:25:38.678272" level="INFO">False</msg>
<arg>${json_data}</arg>
<arg>results</arg>
<doc>Fails if ``key`` is not found from ``dictionary``.</doc>
<status status="PASS" start="2024-04-26T12:25:38.678112" elapsed="0.000196"/>
</kw>
<kw name="Should Not Be Empty" owner="BuiltIn">
<msg time="2024-04-26T12:25:38.678734" level="INFO">Length is 2.</msg>
<arg>${json_data}</arg>
<doc>Verifies that the given item is not empty.</doc>
<status status="PASS" start="2024-04-26T12:25:38.678601" elapsed="0.000325"/>
</kw>
<kw name="Create List" owner="BuiltIn">
<msg time="2024-04-26T12:25:38.679383" level="INFO">${expected_keys} = ['gender', 'name', 'location', 'email', 'login']</msg>
<var>${expected_keys}</var>
<arg>gender</arg>
<arg>name</arg>
<arg>location</arg>
<arg>email</arg>
<arg>login</arg>
<doc>Returns a list containing given items.</doc>
<status status="PASS" start="2024-04-26T12:25:38.679227" elapsed="0.000180"/>
</kw>
<for flavor="IN">
<iter>
<kw name="Dictionary Should Contain Key" owner="Collections">
<msg time="2024-04-26T12:25:38.680447" level="INFO">False</msg>
<arg>${json_data['results'][0]}</arg>
<arg>${key}</arg>
<doc>Fails if ``key`` is not found from ``dictionary``.</doc>
<status status="PASS" start="2024-04-26T12:25:38.680039" elapsed="0.000447"/>
</kw>
<kw name="Log" owner="BuiltIn">
<msg time="2024-04-26T12:25:38.681163" level="INFO">{'gender': 'female', 'name': {'title': 'Miss', 'first': 'Ella', 'last': 'Pelletier'}, 'location': {'street': {'number': 8283, 'name': 'Dalhousie Ave'}, 'city': 'Field', 'state': 'Saskatchewan', 'country': 'Canada', 'postcode': 'G5M 9N8', 'coordinates': {'latitude': '-68.2449', 'longitude': '94.5924'}, 'timezone': {'offset': '+1:00', 'description': 'Brussels, Copenhagen, Madrid, Paris'}}, 'email': 'ella.pelletier@example.com', 'login': {'uuid': '5c27d55e-6087-4ea8-9d20-eddec556bb09', 'username': 'angrytiger875', 'password': 'bigbird', 'salt': 'bHE6QIL1', 'md5': 'a2ff92f59e6307bc1948723eaf1bdf97', 'sha1': '00f6e5a2b8ef745be24f2f1682ec2d6c3eb81ade', 'sha256': '56cefd98253d7ff199992b98e084c631223286a4e389a33698854e7cd2402d9a'}, 'dob': {'date': '1994-03-23T02:00:17.878Z', 'age': 30}, 'registered': {'date': '2020-04-26T06:16:34.123Z', 'age': 4}, 'phone': 'I34 T70-6103', 'cell': 'U97 A70-5589', 'id': {'name': 'SIN', 'value': '317502151'}, 'picture': {'large': 'https://randomuser.me/api/portraits/women/75.jpg', 'medium': 'https://randomuser.me/api/portraits/med/women/75.jpg', 'thumbnail': 'https://randomuser.me/api/portraits/thumb/women/75.jpg'}, 'nat': 'CA'}</msg>
<arg>${json_data['results'][0]}</arg>
<doc>Logs the given message with the given level.</doc>
<status status="PASS" start="2024-04-26T12:25:38.680794" elapsed="0.000417"/>
</kw>
<kw name="Log" owner="BuiltIn">
<msg time="2024-04-26T12:25:38.681638" level="INFO">gender</msg>
<arg>${key}</arg>
<doc>Logs the given message with the given level.</doc>
<status status="PASS" start="2024-04-26T12:25:38.681509" elapsed="0.000166"/>
</kw>
<var name="${key}">gender</var>
<status status="PASS" start="2024-04-26T12:25:38.679908" elapsed="0.001982"/>
</iter>
<iter>
<kw name="Dictionary Should Contain Key" owner="Collections">
<msg time="2024-04-26T12:25:38.682590" level="INFO">False</msg>
<arg>${json_data['results'][0]}</arg>
<arg>${key}</arg>
<doc>Fails if ``key`` is not found from ``dictionary``.</doc>
<status status="PASS" start="2024-04-26T12:25:38.682195" elapsed="0.000431"/>
</kw>
<kw name="Log" owner="BuiltIn">
<msg time="2024-04-26T12:25:38.683315" level="INFO">{'gender': 'female', 'name': {'title': 'Miss', 'first': 'Ella', 'last': 'Pelletier'}, 'location': {'street': {'number': 8283, 'name': 'Dalhousie Ave'}, 'city': 'Field', 'state': 'Saskatchewan', 'country': 'Canada', 'postcode': 'G5M 9N8', 'coordinates': {'latitude': '-68.2449', 'longitude': '94.5924'}, 'timezone': {'offset': '+1:00', 'description': 'Brussels, Copenhagen, Madrid, Paris'}}, 'email': 'ella.pelletier@example.com', 'login': {'uuid': '5c27d55e-6087-4ea8-9d20-eddec556bb09', 'username': 'angrytiger875', 'password': 'bigbird', 'salt': 'bHE6QIL1', 'md5': 'a2ff92f59e6307bc1948723eaf1bdf97', 'sha1': '00f6e5a2b8ef745be24f2f1682ec2d6c3eb81ade', 'sha256': '56cefd98253d7ff199992b98e084c631223286a4e389a33698854e7cd2402d9a'}, 'dob': {'date': '1994-03-23T02:00:17.878Z', 'age': 30}, 'registered': {'date': '2020-04-26T06:16:34.123Z', 'age': 4}, 'phone': 'I34 T70-6103', 'cell': 'U97 A70-5589', 'id': {'name': 'SIN', 'value': '317502151'}, 'picture': {'large': 'https://randomuser.me/api/portraits/women/75.jpg', 'medium': 'https://randomuser.me/api/portraits/med/women/75.jpg', 'thumbnail': 'https://randomuser.me/api/portraits/thumb/women/75.jpg'}, 'nat': 'CA'}</msg>
<arg>${json_data['results'][0]}</arg>
<doc>Logs the given message with the given level.</doc>
<status status="PASS" start="2024-04-26T12:25:38.682950" elapsed="0.000414"/>
</kw>
<kw name="Log" owner="BuiltIn">
<msg time="2024-04-26T12:25:38.683812" level="INFO">name</msg>
<arg>${key}</arg>
<doc>Logs the given message with the given level.</doc>
<status status="PASS" start="2024-04-26T12:25:38.683662" elapsed="0.000188"/>
</kw>
<var name="${key}">name</var>
<status status="PASS" start="2024-04-26T12:25:38.682079" elapsed="0.001991"/>
</iter>
<iter>
<kw name="Dictionary Should Contain Key" owner="Collections">
<msg time="2024-04-26T12:25:38.684759" level="INFO">False</msg>
<arg>${json_data['results'][0]}</arg>
<arg>${key}</arg>
<doc>Fails if ``key`` is not found from ``dictionary``.</doc>
<status status="PASS" start="2024-04-26T12:25:38.684363" elapsed="0.000433"/>
</kw>
<kw name="Log" owner="BuiltIn">
<msg time="2024-04-26T12:25:38.685465" level="INFO">{'gender': 'female', 'name': {'title': 'Miss', 'first': 'Ella', 'last': 'Pelletier'}, 'location': {'street': {'number': 8283, 'name': 'Dalhousie Ave'}, 'city': 'Field', 'state': 'Saskatchewan', 'country': 'Canada', 'postcode': 'G5M 9N8', 'coordinates': {'latitude': '-68.2449', 'longitude': '94.5924'}, 'timezone': {'offset': '+1:00', 'description': 'Brussels, Copenhagen, Madrid, Paris'}}, 'email': 'ella.pelletier@example.com', 'login': {'uuid': '5c27d55e-6087-4ea8-9d20-eddec556bb09', 'username': 'angrytiger875', 'password': 'bigbird', 'salt': 'bHE6QIL1', 'md5': 'a2ff92f59e6307bc1948723eaf1bdf97', 'sha1': '00f6e5a2b8ef745be24f2f1682ec2d6c3eb81ade', 'sha256': '56cefd98253d7ff199992b98e084c631223286a4e389a33698854e7cd2402d9a'}, 'dob': {'date': '1994-03-23T02:00:17.878Z', 'age': 30}, 'registered': {'date': '2020-04-26T06:16:34.123Z', 'age': 4}, 'phone': 'I34 T70-6103', 'cell': 'U97 A70-5589', 'id': {'name': 'SIN', 'value': '317502151'}, 'picture': {'large': 'https://randomuser.me/api/portraits/women/75.jpg', 'medium': 'https://randomuser.me/api/portraits/med/women/75.jpg', 'thumbnail': 'https://randomuser.me/api/portraits/thumb/women/75.jpg'}, 'nat': 'CA'}</msg>
<arg>${json_data['results'][0]}</arg>
<doc>Logs the given message with the given level.</doc>
<status status="PASS" start="2024-04-26T12:25:38.685099" elapsed="0.000414"/>
</kw>
<kw name="Log" owner="BuiltIn">
<msg time="2024-04-26T12:25:38.685932" level="INFO">location</msg>
<arg>${key}</arg>
<doc>Logs the given message with the given level.</doc>
<status status="PASS" start="2024-04-26T12:25:38.685806" elapsed="0.000164"/>
</kw>
<var name="${key}">location</var>
<status status="PASS" start="2024-04-26T12:25:38.684251" elapsed="0.001935"/>
</iter>
<iter>
<kw name="Dictionary Should Contain Key" owner="Collections">
<msg time="2024-04-26T12:25:38.686854" level="INFO">False</msg>
<arg>${json_data['results'][0]}</arg>
<arg>${key}</arg>
<doc>Fails if ``key`` is not found from ``dictionary``.</doc>
<status status="PASS" start="2024-04-26T12:25:38.686472" elapsed="0.000418"/>
</kw>
<kw name="Log" owner="BuiltIn">
<msg time="2024-04-26T12:25:38.687546" level="INFO">{'gender': 'female', 'name': {'title': 'Miss', 'first': 'Ella', 'last': 'Pelletier'}, 'location': {'street': {'number': 8283, 'name': 'Dalhousie Ave'}, 'city': 'Field', 'state': 'Saskatchewan', 'country': 'Canada', 'postcode': 'G5M 9N8', 'coordinates': {'latitude': '-68.2449', 'longitude': '94.5924'}, 'timezone': {'offset': '+1:00', 'description': 'Brussels, Copenhagen, Madrid, Paris'}}, 'email': 'ella.pelletier@example.com', 'login': {'uuid': '5c27d55e-6087-4ea8-9d20-eddec556bb09', 'username': 'angrytiger875', 'password': 'bigbird', 'salt': 'bHE6QIL1', 'md5': 'a2ff92f59e6307bc1948723eaf1bdf97', 'sha1': '00f6e5a2b8ef745be24f2f1682ec2d6c3eb81ade', 'sha256': '56cefd98253d7ff199992b98e084c631223286a4e389a33698854e7cd2402d9a'}, 'dob': {'date': '1994-03-23T02:00:17.878Z', 'age': 30}, 'registered': {'date': '2020-04-26T06:16:34.123Z', 'age': 4}, 'phone': 'I34 T70-6103', 'cell': 'U97 A70-5589', 'id': {'name': 'SIN', 'value': '317502151'}, 'picture': {'large': 'https://randomuser.me/api/portraits/women/75.jpg', 'medium': 'https://randomuser.me/api/portraits/med/women/75.jpg', 'thumbnail': 'https://randomuser.me/api/portraits/thumb/women/75.jpg'}, 'nat': 'CA'}</msg>
<arg>${json_data['results'][0]}</arg>
<doc>Logs the given message with the given level.</doc>
<status status="PASS" start="2024-04-26T12:25:38.687186" elapsed="0.000407"/>
</kw>
<kw name="Log" owner="BuiltIn">
<msg time="2024-04-26T12:25:38.688044" level="INFO">email</msg>
<arg>${key}</arg>
<doc>Logs the given message with the given level.</doc>
<status status="PASS" start="2024-04-26T12:25:38.687915" elapsed="0.000167"/>
</kw>
<var name="${key}">email</var>
<status status="PASS" start="2024-04-26T12:25:38.686362" elapsed="0.001935"/>
</iter>
<iter>
<kw name="Dictionary Should Contain Key" owner="Collections">
<msg time="2024-04-26T12:25:38.688962" level="INFO">False</msg>
<arg>${json_data['results'][0]}</arg>
<arg>${key}</arg>
<doc>Fails if ``key`` is not found from ``dictionary``.</doc>
<status status="PASS" start="2024-04-26T12:25:38.688579" elapsed="0.000420"/>
</kw>
<kw name="Log" owner="BuiltIn">
<msg time="2024-04-26T12:25:38.689666" level="INFO">{'gender': 'female', 'name': {'title': 'Miss', 'first': 'Ella', 'last': 'Pelletier'}, 'location': {'street': {'number': 8283, 'name': 'Dalhousie Ave'}, 'city': 'Field', 'state': 'Saskatchewan', 'country': 'Canada', 'postcode': 'G5M 9N8', 'coordinates': {'latitude': '-68.2449', 'longitude': '94.5924'}, 'timezone': {'offset': '+1:00', 'description': 'Brussels, Copenhagen, Madrid, Paris'}}, 'email': 'ella.pelletier@example.com', 'login': {'uuid': '5c27d55e-6087-4ea8-9d20-eddec556bb09', 'username': 'angrytiger875', 'password': 'bigbird', 'salt': 'bHE6QIL1', 'md5': 'a2ff92f59e6307bc1948723eaf1bdf97', 'sha1': '00f6e5a2b8ef745be24f2f1682ec2d6c3eb81ade', 'sha256': '56cefd98253d7ff199992b98e084c631223286a4e389a33698854e7cd2402d9a'}, 'dob': {'date': '1994-03-23T02:00:17.878Z', 'age': 30}, 'registered': {'date': '2020-04-26T06:16:34.123Z', 'age': 4}, 'phone': 'I34 T70-6103', 'cell': 'U97 A70-5589', 'id': {'name': 'SIN', 'value': '317502151'}, 'picture': {'large': 'https://randomuser.me/api/portraits/women/75.jpg', 'medium': 'https://randomuser.me/api/portraits/med/women/75.jpg', 'thumbnail': 'https://randomuser.me/api/portraits/thumb/women/75.jpg'}, 'nat': 'CA'}</msg>
<arg>${json_data['results'][0]}</arg>
<doc>Logs the given message with the given level.</doc>
<status status="PASS" start="2024-04-26T12:25:38.689297" elapsed="0.000417"/>
</kw>
<kw name="Log" owner="BuiltIn">
<msg time="2024-04-26T12:25:38.690142" level="INFO">login</msg>
<arg>${key}</arg>
<doc>Logs the given message with the given level.</doc>
<status status="PASS" start="2024-04-26T12:25:38.690016" elapsed="0.000165"/>
</kw>
<var name="${key}">login</var>
<status status="PASS" start="2024-04-26T12:25:38.688468" elapsed="0.001952"/>
</iter>
<var>${key}</var>
<value>@{expected_keys}</value>
<status status="PASS" start="2024-04-26T12:25:38.679675" elapsed="0.010871"/>
</for>
<kw name="Create List" owner="BuiltIn">
<msg time="2024-04-26T12:25:38.690878" level="INFO">${expected_keysTwo} = ['username', 'password']</msg>
<var>${expected_keysTwo}</var>
<arg>username</arg>
<arg>password</arg>
<doc>Returns a list containing given items.</doc>
<status status="PASS" start="2024-04-26T12:25:38.690740" elapsed="0.000162"/>
</kw>
<for flavor="IN">
<iter>
<kw name="Dictionary Should Contain Key" owner="Collections">
<msg time="2024-04-26T12:25:38.691820" level="INFO">False</msg>
<arg>${json_data['results'][0]['login']}</arg>
<arg>${keyTwo}</arg>
<doc>Fails if ``key`` is not found from ``dictionary``.</doc>
<status status="PASS" start="2024-04-26T12:25:38.691402" elapsed="0.000461"/>
</kw>
<kw name="Dictionary Should Contain Key" owner="Collections">
<msg time="2024-04-26T12:25:38.692540" level="INFO">False</msg>
<arg>${json_data['results'][0]['login']}</arg>
<arg>${keyTwo}</arg>
<doc>Fails if ``key`` is not found from ``dictionary``.</doc>
<status status="PASS" start="2024-04-26T12:25:38.692159" elapsed="0.000418"/>
</kw>
<kw name="Log" owner="BuiltIn">
<msg time="2024-04-26T12:25:38.692996" level="INFO">username</msg>
<arg>${keyTwo}</arg>
<doc>Logs the given message with the given level.</doc>
<status status="PASS" start="2024-04-26T12:25:38.692868" elapsed="0.000170"/>
</kw>
<var name="${keyTwo}">username</var>
<status status="PASS" start="2024-04-26T12:25:38.691293" elapsed="0.001960"/>
</iter>
<iter>
<kw name="Dictionary Should Contain Key" owner="Collections">
<msg time="2024-04-26T12:25:38.693996" level="INFO">False</msg>
<arg>${json_data['results'][0]['login']}</arg>
<arg>${keyTwo}</arg>
<doc>Fails if ``key`` is not found from ``dictionary``.</doc>
<status status="PASS" start="2024-04-26T12:25:38.693533" elapsed="0.000509"/>
</kw>
<kw name="Dictionary Should Contain Key" owner="Collections">
<msg time="2024-04-26T12:25:38.694716" level="INFO">False</msg>
<arg>${json_data['results'][0]['login']}</arg>
<arg>${keyTwo}</arg>
<doc>Fails if ``key`` is not found from ``dictionary``.</doc>
<status status="PASS" start="2024-04-26T12:25:38.694338" elapsed="0.000416"/>
</kw>
<kw name="Log" owner="BuiltIn">
<msg time="2024-04-26T12:25:38.695174" level="INFO">password</msg>
<arg>${keyTwo}</arg>
<doc>Logs the given message with the given level.</doc>
<status status="PASS" start="2024-04-26T12:25:38.695046" elapsed="0.000165"/>
</kw>
<var name="${keyTwo}">password</var>
<status status="PASS" start="2024-04-26T12:25:38.693423" elapsed="0.002004"/>
</iter>
<var>${keyTwo}</var>
<value>@{expected_keysTwo}</value>
<status status="PASS" start="2024-04-26T12:25:38.691140" elapsed="0.004408"/>
</for>
<status status="PASS" start="2024-04-26T12:25:38.581909" elapsed="0.113780"/>
</kw>
<doc>Testa a estrutura da resposta da API.</doc>
<tag>testeEstruturaResposta</tag>
<status status="PASS" start="2024-04-26T12:25:38.581384" elapsed="0.114493"/>
</test>
<test id="s1-s1-t4" name="Validar tipos de dados" line="28">
<kw name="Teste de Tipos de Dados" owner="random-user-service">
<kw name="GET On Session" owner="RequestsLibrary">
<msg time="2024-04-26T12:25:38.776634" level="INFO">GET Request : url=https://randomuser.me/api 
 path_url=/api 
 headers={'User-Agent': 'python-requests/2.31.0', 'Accept-Encoding': 'gzip, deflate', 'Accept': '*/*', 'Connection': 'keep-alive'} 
 body=None 
 </msg>
<msg time="2024-04-26T12:25:38.776726" level="INFO">GET Response : url=https://randomuser.me/api 
 status=200, reason=OK 
 headers={'Date': 'Fri, 26 Apr 2024 12:25:38 GMT', 'Content-Type': 'application/json; charset=utf-8', 'Transfer-Encoding': 'chunked', 'Connection': 'keep-alive', 'X-Powered-By': 'Express', 'Access-Control-Allow-Origin': '*', 'Cache-Control': 'no-cache', 'ETag': 'W/"48e-FwrDjClH9CHoV4AU8c6woeo6XuE"', 'Vary': 'Accept-Encoding', 'Content-Encoding': 'gzip', 'CF-Cache-Status': 'DYNAMIC', 'Report-To': '{"endpoints":[{"url":"https:\\/\\/a.nel.cloudflare.com\\/report\\/v4?s=glg2N7SjGdF2KRJ1m2c7IuXhBsUnrzLJjoQHGP7aDu6bEuhEhWTd3Jy%2B8zykCxquPHp1fztyUpe5zDFpd7zok2XcSBO3132ftZIMp5bZI7V2EKWNHSv3HU6tpTLTybJh"}],"group":"cf-nel","max_age":604800}', 'NEL': '{"success_fraction":0,"report_to":"cf-nel","max_age":604800}', 'Server': 'cloudflare', 'CF-RAY': '87a68e80ec7c9c70-IAD', 'alt-svc': 'h3=":443"; ma=86400'} 
 body={"results":[{"gender":"male","name":{"title":"Mr","first":"Noah","last":"Campbell"},"location":{"street":{"number":1045,"name":"Bay Ave"},"city":"Inwood","state":"New Brunswick","country":"Canada","postcode":"G8L 3T8","coordinates":{"latitude":"-66.8064","longitude":"-173.4457"},"timezone":{"offset":"-6:00","description":"Central Time (US &amp; Canada), Mexico City"}},"email":"noah.campbell@example.com","login":{"uuid":"b231374b-32e2-42f8-aa70-9d59849e323b","username":"heavybear636","password":"paper","salt":"mk6ji0F4","md5":"40571e98668ade91dea36ae1fa4bfa4a","sha1":"a9e5f85a03512db520f4cf82c59872a42f5cbd24","sha256":"c0a4611c8e0516f9828145e833f2e11abae63e6ebf12b40d35744a384fe067ea"},"dob":{"date":"1993-08-14T02:43:52.303Z","age":30},"registered":{"date":"2009-05-20T06:41:49.912Z","age":14},"phone":"N26 X21-2774","cell":"H58 O87-1729","id":{"name":"SIN","value":"698864477"},"picture":{"large":"https://randomuser.me/api/portraits/men/58.jpg","medium":"https://randomuser.me/api/portraits/med/men/58.jpg","thumbnail":"https://randomuser.me/api/portraits/thumb/men/58.jpg"},"nat":"CA"}],"info":{"seed":"44aa0f91efbc4040","results":1,"page":1,"version":"1.4"}} 
 </msg>
<msg time="2024-04-26T12:25:38.776819" level="INFO">/opt/hostedtoolcache/Python/3.12.3/x64/lib/python3.12/site-packages/urllib3/connectionpool.py:1103: InsecureRequestWarning: Unverified HTTPS request is being made to host 'randomuser.me'. Adding certificate verification is strongly advised. See: https://urllib3.readthedocs.io/en/latest/advanced-usage.html#tls-warnings
  warnings.warn(</msg>
<msg time="2024-04-26T12:25:38.776943" level="INFO">${response} = &lt;Response [200]&gt;</msg>
<var>${response}</var>
<arg>consultarAPI</arg>
<arg>/api</arg>
<doc>Sends a GET request on a previously created HTTP Session.</doc>
<status status="PASS" start="2024-04-26T12:25:38.698425" elapsed="0.078552"/>
</kw>
<kw name="Set Variable" owner="BuiltIn">
<msg time="2024-04-26T12:25:38.778178" level="INFO">${json_data} = {'results': [{'gender': 'male', 'name': {'title': 'Mr', 'first': 'Noah', 'last': 'Campbell'}, 'location': {'street': {'number': 1045, 'name': 'Bay Ave'}, 'city': 'Inwood', 'state': 'New Brunswick', 'c...</msg>
<var>${json_data}</var>
<arg>${response.json()}</arg>
<doc>Returns the given values which can then be assigned to a variables.</doc>
<status status="PASS" start="2024-04-26T12:25:38.777466" elapsed="0.000753"/>
</kw>
<kw name="Log" owner="BuiltIn">
<msg time="2024-04-26T12:25:38.778858" level="INFO">{'results': [{'gender': 'male', 'name': {'title': 'Mr', 'first': 'Noah', 'last': 'Campbell'}, 'location': {'street': {'number': 1045, 'name': 'Bay Ave'}, 'city': 'Inwood', 'state': 'New Brunswick', 'country': 'Canada', 'postcode': 'G8L 3T8', 'coordinates': {'latitude': '-66.8064', 'longitude': '-173.4457'}, 'timezone': {'offset': '-6:00', 'description': 'Central Time (US &amp; Canada), Mexico City'}}, 'email': 'noah.campbell@example.com', 'login': {'uuid': 'b231374b-32e2-42f8-aa70-9d59849e323b', 'username': 'heavybear636', 'password': 'paper', 'salt': 'mk6ji0F4', 'md5': '40571e98668ade91dea36ae1fa4bfa4a', 'sha1': 'a9e5f85a03512db520f4cf82c59872a42f5cbd24', 'sha256': 'c0a4611c8e0516f9828145e833f2e11abae63e6ebf12b40d35744a384fe067ea'}, 'dob': {'date': '1993-08-14T02:43:52.303Z', 'age': 30}, 'registered': {'date': '2009-05-20T06:41:49.912Z', 'age': 14}, 'phone': 'N26 X21-2774', 'cell': 'H58 O87-1729', 'id': {'name': 'SIN', 'value': '698864477'}, 'picture': {'large': 'https://randomuser.me/api/portraits/men/58.jpg', 'medium': 'https://randomuser.me/api/portraits/med/men/58.jpg', 'thumbnail': 'https://randomuser.me/api/portraits/thumb/men/58.jpg'}, 'nat': 'CA'}], 'info': {'seed': '44aa0f91efbc4040', 'results': 1, 'page': 1, 'version': '1.4'}}</msg>
<arg>${json_data}</arg>
<doc>Logs the given message with the given level.</doc>
<status status="PASS" start="2024-04-26T12:25:38.778640" elapsed="0.000332"/>
</kw>
<kw name="Should Be String" owner="String">
<arg>${json_data['results'][0]['gender']}</arg>
<doc>Fails if the given ``item`` is not a string.</doc>
<status status="PASS" start="2024-04-26T12:25:38.779396" elapsed="0.000567"/>
</kw>
<kw name="Should Match Regexp" owner="BuiltIn">
<arg>${json_data['results'][0]['email']}</arg>
<arg>^[a-zA-Z0-9._%+-]+@[a-zA-Z0-9.-]+\.[a-zA-Z]{2,}$</arg>
<doc>Fails if ``string`` does not match ``pattern`` as a regular expression.</doc>
<status status="PASS" start="2024-04-26T12:25:38.780240" elapsed="0.000792"/>
</kw>
<kw name="Should Match Regexp" owner="BuiltIn">
<arg>${json_data['results'][0]['dob']['date']}</arg>
<arg>\\d{4}-\\d{2}-\\d{2}T\\d{2}:\\d{2}:\\d{2}\\.\\d{3}Z</arg>
<doc>Fails if ``string`` does not match ``pattern`` as a regular expression.</doc>
<status status="PASS" start="2024-04-26T12:25:38.781337" elapsed="0.000772"/>
</kw>
<kw name="Should Match Regexp" owner="BuiltIn">
<arg>${json_data['results'][0]['registered']['date']}</arg>
<arg>\\d{4}-\\d{2}-\\d{2}T\\d{2}:\\d{2}:\\d{2}\\.\\d{3}Z</arg>
<doc>Fails if ``string`` does not match ``pattern`` as a regular expression.</doc>
<status status="PASS" start="2024-04-26T12:25:38.782445" elapsed="0.000673"/>
</kw>
<kw name="Should Match Regexp" owner="BuiltIn">
<arg>${json_data['results'][0]['picture']['large']}</arg>
<arg>^https?://.*\.(?:png|jpe?g|gif|bmp)$</arg>
<doc>Fails if ``string`` does not match ``pattern`` as a regular expression.</doc>
<status status="PASS" start="2024-04-26T12:25:38.783458" elapsed="0.000866"/>
</kw>
<kw name="Should Match Regexp" owner="BuiltIn">
<arg>${json_data['results'][0]['picture']['medium']}</arg>
<arg>^https?://.*\.(?:png|jpe?g|gif|bmp)$</arg>
<doc>Fails if ``string`` does not match ``pattern`` as a regular expression.</doc>
<status status="PASS" start="2024-04-26T12:25:38.784664" elapsed="0.000637"/>
</kw>
<kw name="Should Match Regexp" owner="BuiltIn">
<arg>${json_data['results'][0]['picture']['thumbnail']}</arg>
<arg>^https?://.*\.(?:png|jpe?g|gif|bmp)$</arg>
<doc>Fails if ``string`` does not match ``pattern`` as a regular expression.</doc>
<status status="PASS" start="2024-04-26T12:25:38.785615" elapsed="0.000552"/>
</kw>
<kw name="Log" owner="BuiltIn">
<msg time="2024-04-26T12:25:38.786981" level="INFO">{'large': 'https://randomuser.me/api/portraits/men/58.jpg', 'medium': 'https://randomuser.me/api/portraits/med/men/58.jpg', 'thumbnail': 'https://randomuser.me/api/portraits/thumb/men/58.jpg'}</msg>
<arg>${json_data['results'][0]['picture']}</arg>
<doc>Logs the given message with the given level.</doc>
<status status="PASS" start="2024-04-26T12:25:38.786449" elapsed="0.000594"/>
</kw>
<status status="PASS" start="2024-04-26T12:25:38.698197" elapsed="0.089190"/>
</kw>
<kw name="Teste de Tipos de Dados - Postcode" owner="random-user-service">
<kw name="GET On Session" owner="RequestsLibrary">
<msg time="2024-04-26T12:25:38.875137" level="INFO">GET Request : url=https://randomuser.me/api 
 path_url=/api 
 headers={'User-Agent': 'python-requests/2.31.0', 'Accept-Encoding': 'gzip, deflate', 'Accept': '*/*', 'Connection': 'keep-alive'} 
 body=None 
 </msg>
<msg time="2024-04-26T12:25:38.875212" level="INFO">GET Response : url=https://randomuser.me/api 
 status=200, reason=OK 
 headers={'Date': 'Fri, 26 Apr 2024 12:25:38 GMT', 'Content-Type': 'application/json; charset=utf-8', 'Transfer-Encoding': 'chunked', 'Connection': 'keep-alive', 'X-Powered-By': 'Express', 'Access-Control-Allow-Origin': '*', 'Cache-Control': 'no-cache', 'ETag': 'W/"483-QdGB4rkI1pZgxfFVHI36DSFLcSc"', 'Vary': 'Accept-Encoding', 'Content-Encoding': 'gzip', 'CF-Cache-Status': 'DYNAMIC', 'Report-To': '{"endpoints":[{"url":"https:\\/\\/a.nel.cloudflare.com\\/report\\/v4?s=qkGe7OPqLz9yc5%2BKFzjcPv3U%2FUQhSvFkC3MNHP4saEL8A1d4yJf9aoHgkF2quMVE0Xf22qHHkvsFxGlJi5bjgidtCCmsyadDIHBEghKQiGKcyrL0vJnU5EJVhGjw9VHw"}],"group":"cf-nel","max_age":604800}', 'NEL': '{"success_fraction":0,"report_to":"cf-nel","max_age":604800}', 'Server': 'cloudflare', 'CF-RAY': '87a68e817d589c70-IAD', 'alt-svc': 'h3=":443"; ma=86400'} 
 body={"results":[{"gender":"female","name":{"title":"Miss","first":"Kylie","last":"Hawkins"},"location":{"street":{"number":6169,"name":"Avondale Ave"},"city":"Eugene","state":"Michigan","country":"United States","postcode":59683,"coordinates":{"latitude":"81.9341","longitude":"125.3336"},"timezone":{"offset":"+9:30","description":"Adelaide, Darwin"}},"email":"kylie.hawkins@example.com","login":{"uuid":"862e9046-8341-4426-a48a-9f2b0eab9766","username":"redlion979","password":"maddie","salt":"osfsjyAt","md5":"313f683d962886fca18451ff176c8aed","sha1":"e35a857a97bc07fe506bdef4a84c606edf3b4e58","sha256":"51d3404c369eb0d356dc44d96156a4cb219407ac20b514f62a49a7e7c080d537"},"dob":{"date":"1953-05-13T03:43:41.272Z","age":70},"registered":{"date":"2016-05-29T09:29:30.296Z","age":7},"phone":"(967) 644-4247","cell":"(554) 374-8032","id":{"name":"SSN","value":"754-28-5348"},"picture":{"large":"https://randomuser.me/api/portraits/women/3.jpg","medium":"https://randomuser.me/api/portraits/med/women/3.jpg","thumbnail":"https://randomuser.me/api/portraits/thumb/women/3.jpg"},"nat":"US"}],"info":{"seed":"37462e1a90cfc808","results":1,"page":1,"version":"1.4"}} 
 </msg>
<msg time="2024-04-26T12:25:38.875271" level="INFO">/opt/hostedtoolcache/Python/3.12.3/x64/lib/python3.12/site-packages/urllib3/connectionpool.py:1103: InsecureRequestWarning: Unverified HTTPS request is being made to host 'randomuser.me'. Adding certificate verification is strongly advised. See: https://urllib3.readthedocs.io/en/latest/advanced-usage.html#tls-warnings
  warnings.warn(</msg>
<msg time="2024-04-26T12:25:38.875361" level="INFO">${response} = &lt;Response [200]&gt;</msg>
<var>${response}</var>
<arg>consultarAPI</arg>
<arg>/api</arg>
<doc>Sends a GET request on a previously created HTTP Session.</doc>
<status status="PASS" start="2024-04-26T12:25:38.788072" elapsed="0.087315"/>
</kw>
<kw name="Set Variable" owner="BuiltIn">
<msg time="2024-04-26T12:25:38.876320" level="INFO">${json_data} = {'results': [{'gender': 'female', 'name': {'title': 'Miss', 'first': 'Kylie', 'last': 'Hawkins'}, 'location': {'street': {'number': 6169, 'name': 'Avondale Ave'}, 'city': 'Eugene', 'state': 'Michigan'...</msg>
<var>${json_data}</var>
<arg>${response.json()}</arg>
<doc>Returns the given values which can then be assigned to a variables.</doc>
<status status="PASS" start="2024-04-26T12:25:38.875833" elapsed="0.000516"/>
</kw>
<kw name="Log" owner="BuiltIn">
<msg time="2024-04-26T12:25:38.876823" level="INFO">{'results': [{'gender': 'female', 'name': {'title': 'Miss', 'first': 'Kylie', 'last': 'Hawkins'}, 'location': {'street': {'number': 6169, 'name': 'Avondale Ave'}, 'city': 'Eugene', 'state': 'Michigan', 'country': 'United States', 'postcode': 59683, 'coordinates': {'latitude': '81.9341', 'longitude': '125.3336'}, 'timezone': {'offset': '+9:30', 'description': 'Adelaide, Darwin'}}, 'email': 'kylie.hawkins@example.com', 'login': {'uuid': '862e9046-8341-4426-a48a-9f2b0eab9766', 'username': 'redlion979', 'password': 'maddie', 'salt': 'osfsjyAt', 'md5': '313f683d962886fca18451ff176c8aed', 'sha1': 'e35a857a97bc07fe506bdef4a84c606edf3b4e58', 'sha256': '51d3404c369eb0d356dc44d96156a4cb219407ac20b514f62a49a7e7c080d537'}, 'dob': {'date': '1953-05-13T03:43:41.272Z', 'age': 70}, 'registered': {'date': '2016-05-29T09:29:30.296Z', 'age': 7}, 'phone': '(967) 644-4247', 'cell': '(554) 374-8032', 'id': {'name': 'SSN', 'value': '754-28-5348'}, 'picture': {'large': 'https://randomuser.me/api/portraits/women/3.jpg', 'medium': 'https://randomuser.me/api/portraits/med/women/3.jpg', 'thumbnail': 'https://randomuser.me/api/portraits/thumb/women/3.jpg'}, 'nat': 'US'}], 'info': {'seed': '37462e1a90cfc808', 'results': 1, 'page': 1, 'version': '1.4'}}</msg>
<arg>${json_data}</arg>
<doc>Logs the given message with the given level.</doc>
<status status="PASS" start="2024-04-26T12:25:38.876665" elapsed="0.000237"/>
</kw>
<kw name="Should Be Equal As Numbers" owner="BuiltIn">
<arg>${json_data['results'][0]['location']['postcode']}</arg>
<arg>${json_data['results'][0]['location']['postcode']}</arg>
<doc>Fails if objects are unequal after converting them to real numbers.</doc>
<status status="PASS" start="2024-04-26T12:25:38.877371" elapsed="0.000644"/>
</kw>
<kw name="Log" owner="BuiltIn">
<msg time="2024-04-26T12:25:38.878552" level="INFO">59683</msg>
<arg>${json_data['results'][0]['location']['postcode']}</arg>
<doc>Logs the given message with the given level.</doc>
<status status="PASS" start="2024-04-26T12:25:38.878209" elapsed="0.000383"/>
</kw>
<status status="PASS" start="2024-04-26T12:25:38.787702" elapsed="0.091142"/>
</kw>
<doc>Testa se os tipos de dados na resposta da API estão corretos.</doc>
<tag>testeTiposDados</tag>
<status status="PASS" start="2024-04-26T12:25:38.697645" elapsed="0.181364"/>
</test>
<test id="s1-s1-t5" name="Validar conteudo" line="35">
<kw name="Teste de Tipos de Conteudo" owner="random-user-service">
<kw name="GET On Session" owner="RequestsLibrary">
<msg time="2024-04-26T12:25:38.999146" level="INFO">GET Request : url=https://randomuser.me/api 
 path_url=/api 
 headers={'User-Agent': 'python-requests/2.31.0', 'Accept-Encoding': 'gzip, deflate', 'Accept': '*/*', 'Connection': 'keep-alive'} 
 body=None 
 </msg>
<msg time="2024-04-26T12:25:38.999235" level="INFO">GET Response : url=https://randomuser.me/api 
 status=200, reason=OK 
 headers={'Date': 'Fri, 26 Apr 2024 12:25:38 GMT', 'Content-Type': 'application/json; charset=utf-8', 'Transfer-Encoding': 'chunked', 'Connection': 'keep-alive', 'X-Powered-By': 'Express', 'Access-Control-Allow-Origin': '*', 'Cache-Control': 'no-cache', 'ETag': 'W/"47d-+Rch25fE5w1JajxVLE1w8eFRzps"', 'Vary': 'Accept-Encoding', 'Content-Encoding': 'gzip', 'CF-Cache-Status': 'DYNAMIC', 'Report-To': '{"endpoints":[{"url":"https:\\/\\/a.nel.cloudflare.com\\/report\\/v4?s=Os9LlSLhvPworMutNoMlfL1F9PyhCm4zqTH3VSJ5uiPqf4gp%2FbVY3km43OV6Ln4kjZZQFzkZfX9mASqSb3gEGyvw0Gt4bIyOdWuO4yJ%2F2cFHqDDRRBUrHm5Kx7Z6c%2Fvi"}],"group":"cf-nel","max_age":604800}', 'NEL': '{"success_fraction":0,"report_to":"cf-nel","max_age":604800}', 'Server': 'cloudflare', 'CF-RAY': '87a68e820ddc9c70-IAD', 'alt-svc': 'h3=":443"; ma=86400'} 
 body={"results":[{"gender":"male","name":{"title":"Mr","first":"Joe","last":"Matthews"},"location":{"street":{"number":3824,"name":"Patrick Street"},"city":"Lusk","state":"Dún Laoghaire–Rathdown","country":"Ireland","postcode":48551,"coordinates":{"latitude":"-2.0200","longitude":"-178.5863"},"timezone":{"offset":"+4:30","description":"Kabul"}},"email":"joe.matthews@example.com","login":{"uuid":"89a6a936-f355-400d-a771-02ddb41574c8","username":"heavybutterfly154","password":"internal","salt":"7mvvcc1y","md5":"16f58cb4a24af4ea501a9e8836740cd9","sha1":"d4eb73d8e6496d9e55ff83593427c5cbea4a3bef","sha256":"228cc2a402ecdf0f4d2863746dab3a4dd5c4829136decc397ef91398cbcf30f7"},"dob":{"date":"1952-12-07T22:13:58.362Z","age":71},"registered":{"date":"2019-05-11T11:35:29.740Z","age":4},"phone":"061-203-4275","cell":"081-128-2534","id":{"name":"PPS","value":"1333844T"},"picture":{"large":"https://randomuser.me/api/portraits/men/87.jpg","medium":"https://randomuser.me/api/portraits/med/men/87.jpg","thumbnail":"https://randomuser.me/api/portraits/thumb/men/87.jpg"},"nat":"IE"}],"info":{"seed":"ca096fa913c2b2b7","results":1,"page":1,"version":"1.4"}} 
 </msg>
<msg time="2024-04-26T12:25:38.999315" level="INFO">/opt/hostedtoolcache/Python/3.12.3/x64/lib/python3.12/site-packages/urllib3/connectionpool.py:1103: InsecureRequestWarning: Unverified HTTPS request is being made to host 'randomuser.me'. Adding certificate verification is strongly advised. See: https://urllib3.readthedocs.io/en/latest/advanced-usage.html#tls-warnings
  warnings.warn(</msg>
<msg time="2024-04-26T12:25:38.999414" level="INFO">${response} = &lt;Response [200]&gt;</msg>
<var>${response}</var>
<arg>consultarAPI</arg>
<arg>/api</arg>
<doc>Sends a GET request on a previously created HTTP Session.</doc>
<status status="PASS" start="2024-04-26T12:25:38.881874" elapsed="0.117571"/>
</kw>
<kw name="Set Variable" owner="BuiltIn">
<msg time="2024-04-26T12:25:39.000394" level="INFO">${json_data} = {'results': [{'gender': 'male', 'name': {'title': 'Mr', 'first': 'Joe', 'last': 'Matthews'}, 'location': {'street': {'number': 3824, 'name': 'Patrick Street'}, 'city': 'Lusk', 'state': 'Dún Laoghaire–...</msg>
<var>${json_data}</var>
<arg>${response.json()}</arg>
<doc>Returns the given values which can then be assigned to a variables.</doc>
<status status="PASS" start="2024-04-26T12:25:38.999925" elapsed="0.000500"/>
</kw>
<kw name="Set Variable" owner="BuiltIn">
<msg time="2024-04-26T12:25:39.001133" level="INFO">${name_title} = Mr</msg>
<var>${name_title}</var>
<arg>${json_data["results"][0]["name"]["title"]}</arg>
<doc>Returns the given values which can then be assigned to a variables.</doc>
<status status="PASS" start="2024-04-26T12:25:39.000736" elapsed="0.000423"/>
</kw>
<kw name="Create List" owner="BuiltIn">
<msg time="2024-04-26T12:25:39.001613" level="INFO">${allowed_titles} = ['Mr', 'Ms', 'Miss', 'Mrs', 'Madame', 'Monsieur']</msg>
<var>${allowed_titles}</var>
<arg>Mr</arg>
<arg>Ms</arg>
<arg>Miss</arg>
<arg>Mrs</arg>
<arg>Madame</arg>
<arg>Monsieur</arg>
<doc>Returns a list containing given items.</doc>
<status status="PASS" start="2024-04-26T12:25:39.001462" elapsed="0.000175"/>
</kw>
<kw name="List Should Contain Value" owner="Collections">
<msg time="2024-04-26T12:25:39.002114" level="INFO">False</msg>
<arg>${allowed_titles}</arg>
<arg>${name_title}</arg>
<doc>Fails if the ``value`` is not found from ``list``.</doc>
<status status="PASS" start="2024-04-26T12:25:39.001940" elapsed="0.000211"/>
</kw>
<kw name="Set Variable" owner="BuiltIn">
<msg time="2024-04-26T12:25:39.002829" level="INFO">${name_country} = IE</msg>
<var>${name_country}</var>
<arg>${json_data["results"][0]["nat"]}</arg>
<doc>Returns the given values which can then be assigned to a variables.</doc>
<status status="PASS" start="2024-04-26T12:25:39.002447" elapsed="0.000407"/>
</kw>
<kw name="Create List" owner="BuiltIn">
<msg time="2024-04-26T12:25:39.003854" level="INFO">${list_country} = ['AD', 'AE', 'AF', 'AG', 'AI', 'AL', 'AM', 'AO', 'AQ', 'AR', 'AS', 'AT', 'AU', 'AW', 'AX', 'AZ', 'BA', 'BB', 'BD', 'BE', 'BF', 'BG', 'BH', 'BI', 'BJ', 'BL', 'BM', 'BN', 'BO', 'BQ', 'BR', 'BS', 'BT', '...</msg>
<var>${list_country}</var>
<arg>AD</arg>
<arg>AE</arg>
<arg>AF</arg>
<arg>AG</arg>
<arg>AI</arg>
<arg>AL</arg>
<arg>AM</arg>
<arg>AO</arg>
<arg>AQ</arg>
<arg>AR</arg>
<arg>AS</arg>
<arg>AT</arg>
<arg>AU</arg>
<arg>AW</arg>
<arg>AX</arg>
<arg>AZ</arg>
<arg>BA</arg>
<arg>BB</arg>
<arg>BD</arg>
<arg>BE</arg>
<arg>BF</arg>
<arg>BG</arg>
<arg>BH</arg>
<arg>BI</arg>
<arg>BJ</arg>
<arg>BL</arg>
<arg>BM</arg>
<arg>BN</arg>
<arg>BO</arg>
<arg>BQ</arg>
<arg>BR</arg>
<arg>BS</arg>
<arg>BT</arg>
<arg>BV</arg>
<arg>BW</arg>
<arg>BY</arg>
<arg>BZ</arg>
<arg>CA</arg>
<arg>CC</arg>
<arg>CD</arg>
<arg>CF</arg>
<arg>CG</arg>
<arg>CH</arg>
<arg>CI</arg>
<arg>CK</arg>
<arg>CL</arg>
<arg>CM</arg>
<arg>CN</arg>
<arg>CO</arg>
<arg>CR</arg>
<arg>CU</arg>
<arg>CV</arg>
<arg>CW</arg>
<arg>CX</arg>
<arg>CY</arg>
<arg>CZ</arg>
<arg>DE</arg>
<arg>DJ</arg>
<arg>DK</arg>
<arg>DM</arg>
<arg>DO</arg>
<arg>DZ</arg>
<arg>EC</arg>
<arg>EE</arg>
<arg>EG</arg>
<arg>EH</arg>
<arg>ER</arg>
<arg>ES</arg>
<arg>ET</arg>
<arg>FI</arg>
<arg>FJ</arg>
<arg>FK</arg>
<arg>FM</arg>
<arg>FO</arg>
<arg>FR</arg>
<arg>GA</arg>
<arg>GB</arg>
<arg>GD</arg>
<arg>GE</arg>
<arg>GF</arg>
<arg>GG</arg>
<arg>GH</arg>
<arg>GI</arg>
<arg>GL</arg>
<arg>GM</arg>
<arg>GN</arg>
<arg>GP</arg>
<arg>GQ</arg>
<arg>GR</arg>
<arg>GS</arg>
<arg>GT</arg>
<arg>GU</arg>
<arg>GW</arg>
<arg>GY</arg>
<arg>HK</arg>
<arg>HM</arg>
<arg>HN</arg>
<arg>HR</arg>
<arg>HT</arg>
<arg>HU</arg>
<arg>ID</arg>
<arg>IE</arg>
<arg>IL</arg>
<arg>IM</arg>
<arg>IN</arg>
<arg>IO</arg>
<arg>IQ</arg>
<arg>IR</arg>
<arg>IS</arg>
<arg>IT</arg>
<arg>JE</arg>
<arg>JM</arg>
<arg>JO</arg>
<arg>JP</arg>
<arg>KE</arg>
<arg>KG</arg>
<arg>KH</arg>
<arg>KI</arg>
<arg>KM</arg>
<arg>KN</arg>
<arg>KP</arg>
<arg>KR</arg>
<arg>KW</arg>
<arg>KY</arg>
<arg>KZ</arg>
<arg>LA</arg>
<arg>LB</arg>
<arg>LC</arg>
<arg>LI</arg>
<arg>LK</arg>
<arg>LR</arg>
<arg>LS</arg>
<arg>LT</arg>
<arg>LU</arg>
<arg>LV</arg>
<arg>LY</arg>
<arg>MA</arg>
<arg>MC</arg>
<arg>MD</arg>
<arg>ME</arg>
<arg>MF</arg>
<arg>MG</arg>
<arg>MH</arg>
<arg>MK</arg>
<arg>ML</arg>
<arg>MM</arg>
<arg>MN</arg>
<arg>MO</arg>
<arg>MP</arg>
<arg>MQ</arg>
<arg>MR</arg>
<arg>MS</arg>
<arg>MT</arg>
<arg>MU</arg>
<arg>MV</arg>
<arg>MW</arg>
<arg>MX</arg>
<arg>MY</arg>
<arg>MZ</arg>
<arg>NA</arg>
<arg>NC</arg>
<arg>NE</arg>
<arg>NF</arg>
<arg>NG</arg>
<arg>NI</arg>
<arg>NL</arg>
<arg>NO</arg>
<arg>NP</arg>
<arg>NR</arg>
<arg>NU</arg>
<arg>NZ</arg>
<arg>OM</arg>
<arg>PA</arg>
<arg>PE</arg>
<arg>PF</arg>
<arg>PG</arg>
<arg>PH</arg>
<arg>PK</arg>
<arg>PL</arg>
<arg>PM</arg>
<arg>PN</arg>
<arg>PR</arg>
<arg>PS</arg>
<arg>PT</arg>
<arg>PW</arg>
<arg>PY</arg>
<arg>QA</arg>
<arg>RE</arg>
<arg>RO</arg>
<arg>RS</arg>
<arg>RU</arg>
<arg>RW</arg>
<arg>SA</arg>
<arg>SB</arg>
<arg>SC</arg>
<arg>SD</arg>
<arg>SE</arg>
<arg>SG</arg>
<arg>SH</arg>
<arg>SI</arg>
<arg>SJ</arg>
<arg>SK</arg>
<arg>SL</arg>
<arg>SM</arg>
<arg>SN</arg>
<arg>SO</arg>
<arg>SR</arg>
<arg>SS</arg>
<arg>ST</arg>
<arg>SV</arg>
<arg>SX</arg>
<arg>SY</arg>
<arg>SZ</arg>
<arg>TC</arg>
<arg>TD</arg>
<arg>TF</arg>
<arg>TG</arg>
<arg>TH</arg>
<arg>TJ</arg>
<arg>TK</arg>
<arg>TL</arg>
<arg>TM</arg>
<arg>TN</arg>
<arg>TO</arg>
<arg>TR</arg>
<arg>TT</arg>
<arg>TV</arg>
<arg>TW</arg>
<arg>TZ</arg>
<arg>UA</arg>
<arg>UG</arg>
<arg>UM</arg>
<arg>US</arg>
<arg>UY</arg>
<arg>UZ</arg>
<arg>VA</arg>
<arg>VC</arg>
<arg>VE</arg>
<arg>VG</arg>
<arg>VI</arg>
<arg>VN</arg>
<arg>VU</arg>
<arg>WF</arg>
<arg>WS</arg>
<arg>XK</arg>
<arg>YE</arg>
<arg>YT</arg>
<arg>ZA</arg>
<arg>ZM</arg>
<arg>ZW</arg>
<doc>Returns a list containing given items.</doc>
<status status="PASS" start="2024-04-26T12:25:39.003158" elapsed="0.000723"/>
</kw>
<kw name="List Should Contain Value" owner="Collections">
<msg time="2024-04-26T12:25:39.004894" level="INFO">False</msg>
<arg>${list_country}</arg>
<arg>${name_country}</arg>
<doc>Fails if the ``value`` is not found from ``list``.</doc>
<status status="PASS" start="2024-04-26T12:25:39.004683" elapsed="0.000249"/>
</kw>
<kw name="Run Keyword If" owner="BuiltIn">
<kw name="Should Be True" owner="BuiltIn">
<arg>${True}</arg>
<doc>Fails if the given condition is not true.</doc>
<status status="PASS" start="2024-04-26T12:25:39.006009" elapsed="0.000244"/>
</kw>
<arg>${json_data["results"][0]["location"]["coordinates"]["latitude"]} &gt;= -90 and ${json_data["results"][0]["location"]["coordinates"]["latitude"]} &lt;= 90</arg>
<arg>Should Be True</arg>
<arg>${True}</arg>
<doc>Runs the given keyword with the given arguments, if ``condition`` is true.</doc>
<status status="PASS" start="2024-04-26T12:25:39.005246" elapsed="0.001142"/>
</kw>
<kw name="Run Keyword If" owner="BuiltIn">
<kw name="Should Be True" owner="BuiltIn">
<arg>${True}</arg>
<doc>Fails if the given condition is not true.</doc>
<status status="PASS" start="2024-04-26T12:25:39.007285" elapsed="0.000139"/>
</kw>
<arg>${json_data["results"][0]["location"]["coordinates"]["longitude"]} &gt;= -180 and ${json_data["results"][0]["location"]["coordinates"]["longitude"]} &lt;= 180</arg>
<arg>Should Be True</arg>
<arg>${True}</arg>
<doc>Runs the given keyword with the given arguments, if ``condition`` is true.</doc>
<status status="PASS" start="2024-04-26T12:25:39.006577" elapsed="0.000971"/>
</kw>
<status status="PASS" start="2024-04-26T12:25:38.881499" elapsed="0.126179"/>
</kw>
<doc>Testa o conteúdo específico dos campos retornados pela API.</doc>
<tag>testeConteudo</tag>
<status status="PASS" start="2024-04-26T12:25:38.880815" elapsed="0.127039"/>
</test>
<status status="PASS" start="2024-04-26T12:25:38.034763" elapsed="0.975032"/>
</suite>
<status status="PASS" start="2024-04-26T12:25:38.021252" elapsed="0.993617"/>
</suite>
<statistics>
<total>
<stat pass="5" fail="0" skip="0">All Tests</stat>
</total>
<tag>
<stat pass="1" fail="0" skip="0">testeConteudo</stat>
<stat pass="1" fail="0" skip="0">testeEstruturaResposta</stat>
<stat pass="1" fail="0" skip="0">testeRequisicaoBasica</stat>
<stat pass="1" fail="0" skip="0">testeTiposDados</stat>
</tag>
<suite>
<stat pass="5" fail="0" skip="0" id="s1" name="Tests">Tests</stat>
<stat pass="5" fail="0" skip="0" id="s1-s1" name="Random-User-Test">Tests.Random-User-Test</stat>
</suite>
</statistics>
<errors>
</errors>
</robot>
