<?xml version="1.0" encoding="UTF-8"?>
<robot generator="Robot 7.0.1 (Python 3.12.4 on linux)" generated="2024-07-05T14:14:52.040785" rpa="false" schemaversion="5">
<suite id="s1" name="Tests" source="/home/runner/work/ApiRandomUser/ApiRandomUser/RamdonUser/tests">
<suite id="s1-s1" name="Random-User-Test" source="/home/runner/work/ApiRandomUser/ApiRandomUser/RamdonUser/tests/random-user-test.robot">
<test id="s1-s1-t1" name="Conectar" line="13">
<kw name="Conectar API" owner="random-user-service">
<kw name="Create Session" owner="RequestsLibrary">
<msg time="2024-07-05T14:14:52.463346" level="INFO">Creating Session using : alias=consultarAPI, url=https://randomuser.me/, headers={},                     cookies={}, auth=None, timeout=None, proxies=None, verify=False,                     debug=0 </msg>
<arg>consultarAPI</arg>
<arg>${URL}</arg>
<doc>Create Session: create a HTTP session to a server</doc>
<status status="PASS" start="2024-07-05T14:14:52.463133" elapsed="0.000406"/>
</kw>
<status status="PASS" start="2024-07-05T14:14:52.462122" elapsed="0.001776"/>
</kw>
<status status="PASS" start="2024-07-05T14:14:52.461572" elapsed="0.002518"/>
</test>
<test id="s1-s1-t2" name="Validar retorno 200 e JSON Válido" line="16">
<kw name="Teste de Requisicao Basica" owner="random-user-service">
<kw name="GET On Session" owner="RequestsLibrary">
<msg time="2024-07-05T14:14:52.583139" level="INFO">GET Request : url=https://randomuser.me/api 
 path_url=/api 
 headers={'User-Agent': 'python-requests/2.32.3', 'Accept-Encoding': 'gzip, deflate', 'Accept': '*/*', 'Connection': 'keep-alive'} 
 body=None 
 </msg>
<msg time="2024-07-05T14:14:52.583292" level="INFO">GET Response : url=https://randomuser.me/api 
 status=200, reason=OK 
 headers={'Date': 'Fri, 05 Jul 2024 14:14:52 GMT', 'Content-Type': 'application/json; charset=utf-8', 'Transfer-Encoding': 'chunked', 'Connection': 'keep-alive', 'X-Powered-By': 'Express', 'Access-Control-Allow-Origin': '*', 'Cache-Control': 'no-cache', 'ETag': 'W/"477-CyzxfmaNx+a24DMvaDj4ktn+hQw"', 'Vary': 'Accept-Encoding', 'Content-Encoding': 'gzip', 'CF-Cache-Status': 'DYNAMIC', 'Report-To': '{"endpoints":[{"url":"https:\\/\\/a.nel.cloudflare.com\\/report\\/v4?s=8LeCOmExCJMb9o0eXNiTyMOkg%2BCvrpZtGM4UroWpKBry0BepCaVlb3LzEtPaCzbILbn6RtNHKzG2BkvuBsFJsEi08KKa3zFDS9v6eTcY%2FQYu%2B4VaP5oC7TX11prdcKhs"}],"group":"cf-nel","max_age":604800}', 'NEL': '{"success_fraction":0,"report_to":"cf-nel","max_age":604800}', 'Server': 'cloudflare', 'CF-RAY': '89e7f6c21f9f67e8-SJC', 'alt-svc': 'h3=":443"; ma=86400'} 
 body={"results":[{"gender":"male","name":{"title":"Mr","first":"Ouissam","last":"Volmer"},"location":{"street":{"number":8314,"name":"Alde Leane"},"city":"'t Harde","state":"Overijssel","country":"Netherlands","postcode":"9186 ES","coordinates":{"latitude":"36.0028","longitude":"-89.8840"},"timezone":{"offset":"-9:00","description":"Alaska"}},"email":"ouissam.volmer@example.com","login":{"uuid":"be1d00b1-5d38-4058-ad28-535734d1b564","username":"blueleopard386","password":"smile","salt":"vZoHawHP","md5":"55fceaf53e417c3bb6d074ac1d41c37d","sha1":"40ac4155675ed53edcfeac23d219feabe7df8f8c","sha256":"0d031408a91823ee79826195efa0eedfd7d716e5c23333c08988b24df318db05"},"dob":{"date":"1958-05-16T16:13:39.995Z","age":66},"registered":{"date":"2009-06-06T05:21:44.458Z","age":15},"phone":"(0076) 510132","cell":"(06) 27286272","id":{"name":"BSN","value":"68304219"},"picture":{"large":"https://randomuser.me/api/portraits/men/44.jpg","medium":"https://randomuser.me/api/portraits/med/men/44.jpg","thumbnail":"https://randomuser.me/api/portraits/thumb/men/44.jpg"},"nat":"NL"}],"info":{"seed":"8bd2567797ef56c8","results":1,"page":1,"version":"1.4"}} 
 </msg>
<msg time="2024-07-05T14:14:52.583371" level="INFO">/opt/hostedtoolcache/Python/3.12.4/x64/lib/python3.12/site-packages/urllib3/connectionpool.py:1099: InsecureRequestWarning: Unverified HTTPS request is being made to host 'randomuser.me'. Adding certificate verification is strongly advised. See: https://urllib3.readthedocs.io/en/latest/advanced-usage.html#tls-warnings
  warnings.warn(</msg>
<msg time="2024-07-05T14:14:52.583509" level="INFO">${response} = &lt;Response [200]&gt;</msg>
<var>${response}</var>
<arg>consultarAPI</arg>
<arg>/api</arg>
<doc>Sends a GET request on a previously created HTTP Session.</doc>
<status status="PASS" start="2024-07-05T14:14:52.466772" elapsed="0.116780"/>
</kw>
<kw name="Should Be Equal As Numbers" owner="BuiltIn">
<msg time="2024-07-05T14:14:52.584565" level="INFO">Argument types are:
&lt;class 'int'&gt;
&lt;class 'str'&gt;</msg>
<arg>${response.status_code}</arg>
<arg>200</arg>
<doc>Fails if objects are unequal after converting them to real numbers.</doc>
<status status="PASS" start="2024-07-05T14:14:52.584099" elapsed="0.000531"/>
</kw>
<kw name="Log" owner="BuiltIn">
<msg time="2024-07-05T14:14:52.585303" level="INFO">200</msg>
<arg>${response.status_code}</arg>
<doc>Logs the given message with the given level.</doc>
<status status="PASS" start="2024-07-05T14:14:52.584949" elapsed="0.000397"/>
</kw>
<kw name="Set Variable" owner="BuiltIn">
<msg time="2024-07-05T14:14:52.586136" level="INFO">${json_data} = {'results': [{'gender': 'male', 'name': {'title': 'Mr', 'first': 'Ouissam', 'last': 'Volmer'}, 'location': {'street': {'number': 8314, 'name': 'Alde Leane'}, 'city': "'t Harde", 'state': 'Overijssel',...</msg>
<var>${json_data}</var>
<arg>${response.json()}</arg>
<doc>Returns the given values which can then be assigned to a variables.</doc>
<status status="PASS" start="2024-07-05T14:14:52.585693" elapsed="0.000472"/>
</kw>
<kw name="Dictionary Should Contain Key" owner="Collections">
<arg>${json_data}</arg>
<arg>results</arg>
<doc>Fails if ``key`` is not found from ``dictionary``.</doc>
<status status="PASS" start="2024-07-05T14:14:52.586508" elapsed="0.000171"/>
</kw>
<status status="PASS" start="2024-07-05T14:14:52.466523" elapsed="0.120310"/>
</kw>
<doc>Testa se a API responde corretamente e retorna um objeto JSON válido.</doc>
<tag>testeRequisicaoBasica</tag>
<status status="PASS" start="2024-07-05T14:14:52.465956" elapsed="0.121056"/>
</test>
<test id="s1-s1-t3" name="Validar estrutura de resposta" line="22">
<kw name="Teste de Estrutura de Resposta" owner="random-user-service">
<kw name="GET On Session" owner="RequestsLibrary">
<msg time="2024-07-05T14:14:52.678867" level="INFO">GET Request : url=https://randomuser.me/api 
 path_url=/api 
 headers={'User-Agent': 'python-requests/2.32.3', 'Accept-Encoding': 'gzip, deflate', 'Accept': '*/*', 'Connection': 'keep-alive'} 
 body=None 
 </msg>
<msg time="2024-07-05T14:14:52.678965" level="INFO">GET Response : url=https://randomuser.me/api 
 status=200, reason=OK 
 headers={'Date': 'Fri, 05 Jul 2024 14:14:52 GMT', 'Content-Type': 'application/json; charset=utf-8', 'Transfer-Encoding': 'chunked', 'Connection': 'keep-alive', 'X-Powered-By': 'Express', 'Access-Control-Allow-Origin': '*', 'Cache-Control': 'no-cache', 'ETag': 'W/"495-SkgOxx//Wr2RM0sKlw2Yi5XMVN4"', 'Vary': 'Accept-Encoding', 'Content-Encoding': 'gzip', 'CF-Cache-Status': 'DYNAMIC', 'Report-To': '{"endpoints":[{"url":"https:\\/\\/a.nel.cloudflare.com\\/report\\/v4?s=UhIxfZKT9QeMUBiLWlrze4JUUQ0RwG2GRXt1cgN0qydq26qCPiaQAZSNgDChA2czf2y4UCqPkrff%2FXxveQtSZgwbLevmZe9FuKCgW8Hc5Y4wqdlzSPj0XajgRgJPltzq"}],"group":"cf-nel","max_age":604800}', 'NEL': '{"success_fraction":0,"report_to":"cf-nel","max_age":604800}', 'Server': 'cloudflare', 'CF-RAY': '89e7f6c2b80067e8-SJC', 'alt-svc': 'h3=":443"; ma=86400'} 
 body={"results":[{"gender":"male","name":{"title":"Mr","first":"Evelásio","last":"da Mota"},"location":{"street":{"number":6621,"name":"Rua Um"},"city":"Várzea Paulista","state":"Goiás","country":"Brazil","postcode":19669,"coordinates":{"latitude":"-79.7061","longitude":"-164.3822"},"timezone":{"offset":"+8:00","description":"Beijing, Perth, Singapore, Hong Kong"}},"email":"evelasio.damota@example.com","login":{"uuid":"54daef41-9cd6-4714-9088-eb41b41bcdd3","username":"orangelion899","password":"1973","salt":"MW1yEerf","md5":"6e4e8b0912ba51647ebd283d386ecbd9","sha1":"2cc107ca78101dfe27d70562858e6fd1c5c20c3e","sha256":"7f862425c4d93a4d87d938c86de34f87f145e7a2c10e3c3261516011896a19f4"},"dob":{"date":"1985-06-12T21:01:46.211Z","age":39},"registered":{"date":"2007-11-13T07:48:37.725Z","age":16},"phone":"(73) 0778-8272","cell":"(99) 7926-8195","id":{"name":"CPF","value":"051.929.544-40"},"picture":{"large":"https://randomuser.me/api/portraits/men/8.jpg","medium":"https://randomuser.me/api/portraits/med/men/8.jpg","thumbnail":"https://randomuser.me/api/portraits/thumb/men/8.jpg"},"nat":"BR"}],"info":{"seed":"f66af28df6f7fdef","results":1,"page":1,"version":"1.4"}} 
 </msg>
<msg time="2024-07-05T14:14:52.679085" level="INFO">/opt/hostedtoolcache/Python/3.12.4/x64/lib/python3.12/site-packages/urllib3/connectionpool.py:1099: InsecureRequestWarning: Unverified HTTPS request is being made to host 'randomuser.me'. Adding certificate verification is strongly advised. See: https://urllib3.readthedocs.io/en/latest/advanced-usage.html#tls-warnings
  warnings.warn(</msg>
<msg time="2024-07-05T14:14:52.679207" level="INFO">${response} = &lt;Response [200]&gt;</msg>
<var>${response}</var>
<arg>consultarAPI</arg>
<arg>/api</arg>
<doc>Sends a GET request on a previously created HTTP Session.</doc>
<status status="PASS" start="2024-07-05T14:14:52.589700" elapsed="0.089551"/>
</kw>
<kw name="Set Variable" owner="BuiltIn">
<msg time="2024-07-05T14:14:52.680403" level="INFO">${json_data} = {'results': [{'gender': 'male', 'name': {'title': 'Mr', 'first': 'Evelásio', 'last': 'da Mota'}, 'location': {'street': {'number': 6621, 'name': 'Rua Um'}, 'city': 'Várzea Paulista', 'state': 'Goiás',...</msg>
<var>${json_data}</var>
<arg>${response.json()}</arg>
<doc>Returns the given values which can then be assigned to a variables.</doc>
<status status="PASS" start="2024-07-05T14:14:52.679827" elapsed="0.000606"/>
</kw>
<kw name="Log" owner="BuiltIn">
<msg time="2024-07-05T14:14:52.680929" level="INFO">{'results': [{'gender': 'male', 'name': {'title': 'Mr', 'first': 'Evelásio', 'last': 'da Mota'}, 'location': {'street': {'number': 6621, 'name': 'Rua Um'}, 'city': 'Várzea Paulista', 'state': 'Goiás', 'country': 'Brazil', 'postcode': 19669, 'coordinates': {'latitude': '-79.7061', 'longitude': '-164.3822'}, 'timezone': {'offset': '+8:00', 'description': 'Beijing, Perth, Singapore, Hong Kong'}}, 'email': 'evelasio.damota@example.com', 'login': {'uuid': '54daef41-9cd6-4714-9088-eb41b41bcdd3', 'username': 'orangelion899', 'password': '1973', 'salt': 'MW1yEerf', 'md5': '6e4e8b0912ba51647ebd283d386ecbd9', 'sha1': '2cc107ca78101dfe27d70562858e6fd1c5c20c3e', 'sha256': '7f862425c4d93a4d87d938c86de34f87f145e7a2c10e3c3261516011896a19f4'}, 'dob': {'date': '1985-06-12T21:01:46.211Z', 'age': 39}, 'registered': {'date': '2007-11-13T07:48:37.725Z', 'age': 16}, 'phone': '(73) 0778-8272', 'cell': '(99) 7926-8195', 'id': {'name': 'CPF', 'value': '051.929.544-40'}, 'picture': {'large': 'https://randomuser.me/api/portraits/men/8.jpg', 'medium': 'https://randomuser.me/api/portraits/med/men/8.jpg', 'thumbnail': 'https://randomuser.me/api/portraits/thumb/men/8.jpg'}, 'nat': 'BR'}], 'info': {'seed': 'f66af28df6f7fdef', 'results': 1, 'page': 1, 'version': '1.4'}}</msg>
<arg>${json_data}</arg>
<doc>Logs the given message with the given level.</doc>
<status status="PASS" start="2024-07-05T14:14:52.680759" elapsed="0.000220"/>
</kw>
<kw name="Dictionary Should Contain Key" owner="Collections">
<arg>${json_data}</arg>
<arg>results</arg>
<doc>Fails if ``key`` is not found from ``dictionary``.</doc>
<status status="PASS" start="2024-07-05T14:14:52.681276" elapsed="0.000165"/>
</kw>
<kw name="Should Not Be Empty" owner="BuiltIn">
<msg time="2024-07-05T14:14:52.681755" level="INFO">Length is 2.</msg>
<arg>${json_data}</arg>
<doc>Verifies that the given item is not empty.</doc>
<status status="PASS" start="2024-07-05T14:14:52.681627" elapsed="0.000168"/>
</kw>
<kw name="Create List" owner="BuiltIn">
<msg time="2024-07-05T14:14:52.682249" level="INFO">${expected_keys} = ['gender', 'name', 'location', 'email', 'login']</msg>
<var>${expected_keys}</var>
<arg>gender</arg>
<arg>name</arg>
<arg>location</arg>
<arg>email</arg>
<arg>login</arg>
<doc>Returns a list containing given items.</doc>
<status status="PASS" start="2024-07-05T14:14:52.682094" elapsed="0.000180"/>
</kw>
<for flavor="IN">
<iter>
<kw name="Dictionary Should Contain Key" owner="Collections">
<arg>${json_data['results'][0]}</arg>
<arg>${key}</arg>
<doc>Fails if ``key`` is not found from ``dictionary``.</doc>
<status status="PASS" start="2024-07-05T14:14:52.683066" elapsed="0.000408"/>
</kw>
<kw name="Log" owner="BuiltIn">
<msg time="2024-07-05T14:14:52.684034" level="INFO">{'gender': 'male', 'name': {'title': 'Mr', 'first': 'Evelásio', 'last': 'da Mota'}, 'location': {'street': {'number': 6621, 'name': 'Rua Um'}, 'city': 'Várzea Paulista', 'state': 'Goiás', 'country': 'Brazil', 'postcode': 19669, 'coordinates': {'latitude': '-79.7061', 'longitude': '-164.3822'}, 'timezone': {'offset': '+8:00', 'description': 'Beijing, Perth, Singapore, Hong Kong'}}, 'email': 'evelasio.damota@example.com', 'login': {'uuid': '54daef41-9cd6-4714-9088-eb41b41bcdd3', 'username': 'orangelion899', 'password': '1973', 'salt': 'MW1yEerf', 'md5': '6e4e8b0912ba51647ebd283d386ecbd9', 'sha1': '2cc107ca78101dfe27d70562858e6fd1c5c20c3e', 'sha256': '7f862425c4d93a4d87d938c86de34f87f145e7a2c10e3c3261516011896a19f4'}, 'dob': {'date': '1985-06-12T21:01:46.211Z', 'age': 39}, 'registered': {'date': '2007-11-13T07:48:37.725Z', 'age': 16}, 'phone': '(73) 0778-8272', 'cell': '(99) 7926-8195', 'id': {'name': 'CPF', 'value': '051.929.544-40'}, 'picture': {'large': 'https://randomuser.me/api/portraits/men/8.jpg', 'medium': 'https://randomuser.me/api/portraits/med/men/8.jpg', 'thumbnail': 'https://randomuser.me/api/portraits/thumb/men/8.jpg'}, 'nat': 'BR'}</msg>
<arg>${json_data['results'][0]}</arg>
<doc>Logs the given message with the given level.</doc>
<status status="PASS" start="2024-07-05T14:14:52.683669" elapsed="0.000417"/>
</kw>
<kw name="Log" owner="BuiltIn">
<msg time="2024-07-05T14:14:52.684512" level="INFO">gender</msg>
<arg>${key}</arg>
<doc>Logs the given message with the given level.</doc>
<status status="PASS" start="2024-07-05T14:14:52.684385" elapsed="0.000167"/>
</kw>
<var name="${key}">gender</var>
<status status="PASS" start="2024-07-05T14:14:52.682939" elapsed="0.001830"/>
</iter>
<iter>
<kw name="Dictionary Should Contain Key" owner="Collections">
<arg>${json_data['results'][0]}</arg>
<arg>${key}</arg>
<doc>Fails if ``key`` is not found from ``dictionary``.</doc>
<status status="PASS" start="2024-07-05T14:14:52.685071" elapsed="0.000392"/>
</kw>
<kw name="Log" owner="BuiltIn">
<msg time="2024-07-05T14:14:52.685998" level="INFO">{'gender': 'male', 'name': {'title': 'Mr', 'first': 'Evelásio', 'last': 'da Mota'}, 'location': {'street': {'number': 6621, 'name': 'Rua Um'}, 'city': 'Várzea Paulista', 'state': 'Goiás', 'country': 'Brazil', 'postcode': 19669, 'coordinates': {'latitude': '-79.7061', 'longitude': '-164.3822'}, 'timezone': {'offset': '+8:00', 'description': 'Beijing, Perth, Singapore, Hong Kong'}}, 'email': 'evelasio.damota@example.com', 'login': {'uuid': '54daef41-9cd6-4714-9088-eb41b41bcdd3', 'username': 'orangelion899', 'password': '1973', 'salt': 'MW1yEerf', 'md5': '6e4e8b0912ba51647ebd283d386ecbd9', 'sha1': '2cc107ca78101dfe27d70562858e6fd1c5c20c3e', 'sha256': '7f862425c4d93a4d87d938c86de34f87f145e7a2c10e3c3261516011896a19f4'}, 'dob': {'date': '1985-06-12T21:01:46.211Z', 'age': 39}, 'registered': {'date': '2007-11-13T07:48:37.725Z', 'age': 16}, 'phone': '(73) 0778-8272', 'cell': '(99) 7926-8195', 'id': {'name': 'CPF', 'value': '051.929.544-40'}, 'picture': {'large': 'https://randomuser.me/api/portraits/men/8.jpg', 'medium': 'https://randomuser.me/api/portraits/med/men/8.jpg', 'thumbnail': 'https://randomuser.me/api/portraits/thumb/men/8.jpg'}, 'nat': 'BR'}</msg>
<arg>${json_data['results'][0]}</arg>
<doc>Logs the given message with the given level.</doc>
<status status="PASS" start="2024-07-05T14:14:52.685645" elapsed="0.000436"/>
</kw>
<kw name="Log" owner="BuiltIn">
<msg time="2024-07-05T14:14:52.686566" level="INFO">name</msg>
<arg>${key}</arg>
<doc>Logs the given message with the given level.</doc>
<status status="PASS" start="2024-07-05T14:14:52.686431" elapsed="0.000173"/>
</kw>
<var name="${key}">name</var>
<status status="PASS" start="2024-07-05T14:14:52.684955" elapsed="0.001869"/>
</iter>
<iter>
<kw name="Dictionary Should Contain Key" owner="Collections">
<arg>${json_data['results'][0]}</arg>
<arg>${key}</arg>
<doc>Fails if ``key`` is not found from ``dictionary``.</doc>
<status status="PASS" start="2024-07-05T14:14:52.687111" elapsed="0.000379"/>
</kw>
<kw name="Log" owner="BuiltIn">
<msg time="2024-07-05T14:14:52.688040" level="INFO">{'gender': 'male', 'name': {'title': 'Mr', 'first': 'Evelásio', 'last': 'da Mota'}, 'location': {'street': {'number': 6621, 'name': 'Rua Um'}, 'city': 'Várzea Paulista', 'state': 'Goiás', 'country': 'Brazil', 'postcode': 19669, 'coordinates': {'latitude': '-79.7061', 'longitude': '-164.3822'}, 'timezone': {'offset': '+8:00', 'description': 'Beijing, Perth, Singapore, Hong Kong'}}, 'email': 'evelasio.damota@example.com', 'login': {'uuid': '54daef41-9cd6-4714-9088-eb41b41bcdd3', 'username': 'orangelion899', 'password': '1973', 'salt': 'MW1yEerf', 'md5': '6e4e8b0912ba51647ebd283d386ecbd9', 'sha1': '2cc107ca78101dfe27d70562858e6fd1c5c20c3e', 'sha256': '7f862425c4d93a4d87d938c86de34f87f145e7a2c10e3c3261516011896a19f4'}, 'dob': {'date': '1985-06-12T21:01:46.211Z', 'age': 39}, 'registered': {'date': '2007-11-13T07:48:37.725Z', 'age': 16}, 'phone': '(73) 0778-8272', 'cell': '(99) 7926-8195', 'id': {'name': 'CPF', 'value': '051.929.544-40'}, 'picture': {'large': 'https://randomuser.me/api/portraits/men/8.jpg', 'medium': 'https://randomuser.me/api/portraits/med/men/8.jpg', 'thumbnail': 'https://randomuser.me/api/portraits/thumb/men/8.jpg'}, 'nat': 'BR'}</msg>
<arg>${json_data['results'][0]}</arg>
<doc>Logs the given message with the given level.</doc>
<status status="PASS" start="2024-07-05T14:14:52.687673" elapsed="0.000417"/>
</kw>
<kw name="Log" owner="BuiltIn">
<msg time="2024-07-05T14:14:52.688519" level="INFO">location</msg>
<arg>${key}</arg>
<doc>Logs the given message with the given level.</doc>
<status status="PASS" start="2024-07-05T14:14:52.688391" elapsed="0.000166"/>
</kw>
<var name="${key}">location</var>
<status status="PASS" start="2024-07-05T14:14:52.687003" elapsed="0.001770"/>
</iter>
<iter>
<kw name="Dictionary Should Contain Key" owner="Collections">
<arg>${json_data['results'][0]}</arg>
<arg>${key}</arg>
<doc>Fails if ``key`` is not found from ``dictionary``.</doc>
<status status="PASS" start="2024-07-05T14:14:52.689049" elapsed="0.000387"/>
</kw>
<kw name="Log" owner="BuiltIn">
<msg time="2024-07-05T14:14:52.689970" level="INFO">{'gender': 'male', 'name': {'title': 'Mr', 'first': 'Evelásio', 'last': 'da Mota'}, 'location': {'street': {'number': 6621, 'name': 'Rua Um'}, 'city': 'Várzea Paulista', 'state': 'Goiás', 'country': 'Brazil', 'postcode': 19669, 'coordinates': {'latitude': '-79.7061', 'longitude': '-164.3822'}, 'timezone': {'offset': '+8:00', 'description': 'Beijing, Perth, Singapore, Hong Kong'}}, 'email': 'evelasio.damota@example.com', 'login': {'uuid': '54daef41-9cd6-4714-9088-eb41b41bcdd3', 'username': 'orangelion899', 'password': '1973', 'salt': 'MW1yEerf', 'md5': '6e4e8b0912ba51647ebd283d386ecbd9', 'sha1': '2cc107ca78101dfe27d70562858e6fd1c5c20c3e', 'sha256': '7f862425c4d93a4d87d938c86de34f87f145e7a2c10e3c3261516011896a19f4'}, 'dob': {'date': '1985-06-12T21:01:46.211Z', 'age': 39}, 'registered': {'date': '2007-11-13T07:48:37.725Z', 'age': 16}, 'phone': '(73) 0778-8272', 'cell': '(99) 7926-8195', 'id': {'name': 'CPF', 'value': '051.929.544-40'}, 'picture': {'large': 'https://randomuser.me/api/portraits/men/8.jpg', 'medium': 'https://randomuser.me/api/portraits/med/men/8.jpg', 'thumbnail': 'https://randomuser.me/api/portraits/thumb/men/8.jpg'}, 'nat': 'BR'}</msg>
<arg>${json_data['results'][0]}</arg>
<doc>Logs the given message with the given level.</doc>
<status status="PASS" start="2024-07-05T14:14:52.689618" elapsed="0.000405"/>
</kw>
<kw name="Log" owner="BuiltIn">
<msg time="2024-07-05T14:14:52.690500" level="INFO">email</msg>
<arg>${key}</arg>
<doc>Logs the given message with the given level.</doc>
<status status="PASS" start="2024-07-05T14:14:52.690324" elapsed="0.000218"/>
</kw>
<var name="${key}">email</var>
<status status="PASS" start="2024-07-05T14:14:52.688943" elapsed="0.001825"/>
</iter>
<iter>
<kw name="Dictionary Should Contain Key" owner="Collections">
<arg>${json_data['results'][0]}</arg>
<arg>${key}</arg>
<doc>Fails if ``key`` is not found from ``dictionary``.</doc>
<status status="PASS" start="2024-07-05T14:14:52.691047" elapsed="0.000387"/>
</kw>
<kw name="Log" owner="BuiltIn">
<msg time="2024-07-05T14:14:52.691984" level="INFO">{'gender': 'male', 'name': {'title': 'Mr', 'first': 'Evelásio', 'last': 'da Mota'}, 'location': {'street': {'number': 6621, 'name': 'Rua Um'}, 'city': 'Várzea Paulista', 'state': 'Goiás', 'country': 'Brazil', 'postcode': 19669, 'coordinates': {'latitude': '-79.7061', 'longitude': '-164.3822'}, 'timezone': {'offset': '+8:00', 'description': 'Beijing, Perth, Singapore, Hong Kong'}}, 'email': 'evelasio.damota@example.com', 'login': {'uuid': '54daef41-9cd6-4714-9088-eb41b41bcdd3', 'username': 'orangelion899', 'password': '1973', 'salt': 'MW1yEerf', 'md5': '6e4e8b0912ba51647ebd283d386ecbd9', 'sha1': '2cc107ca78101dfe27d70562858e6fd1c5c20c3e', 'sha256': '7f862425c4d93a4d87d938c86de34f87f145e7a2c10e3c3261516011896a19f4'}, 'dob': {'date': '1985-06-12T21:01:46.211Z', 'age': 39}, 'registered': {'date': '2007-11-13T07:48:37.725Z', 'age': 16}, 'phone': '(73) 0778-8272', 'cell': '(99) 7926-8195', 'id': {'name': 'CPF', 'value': '051.929.544-40'}, 'picture': {'large': 'https://randomuser.me/api/portraits/men/8.jpg', 'medium': 'https://randomuser.me/api/portraits/med/men/8.jpg', 'thumbnail': 'https://randomuser.me/api/portraits/thumb/men/8.jpg'}, 'nat': 'BR'}</msg>
<arg>${json_data['results'][0]}</arg>
<doc>Logs the given message with the given level.</doc>
<status status="PASS" start="2024-07-05T14:14:52.691615" elapsed="0.000429"/>
</kw>
<kw name="Log" owner="BuiltIn">
<msg time="2024-07-05T14:14:52.692462" level="INFO">login</msg>
<arg>${key}</arg>
<doc>Logs the given message with the given level.</doc>
<status status="PASS" start="2024-07-05T14:14:52.692335" elapsed="0.000166"/>
</kw>
<var name="${key}">login</var>
<status status="PASS" start="2024-07-05T14:14:52.690940" elapsed="0.001784"/>
</iter>
<var>${key}</var>
<value>@{expected_keys}</value>
<status status="PASS" start="2024-07-05T14:14:52.682738" elapsed="0.010108"/>
</for>
<kw name="Create List" owner="BuiltIn">
<msg time="2024-07-05T14:14:52.693169" level="INFO">${expected_keysTwo} = ['username', 'password']</msg>
<var>${expected_keysTwo}</var>
<arg>username</arg>
<arg>password</arg>
<doc>Returns a list containing given items.</doc>
<status status="PASS" start="2024-07-05T14:14:52.693034" elapsed="0.000187"/>
</kw>
<for flavor="IN">
<iter>
<kw name="Dictionary Should Contain Key" owner="Collections">
<arg>${json_data['results'][0]['login']}</arg>
<arg>${keyTwo}</arg>
<doc>Fails if ``key`` is not found from ``dictionary``.</doc>
<status status="PASS" start="2024-07-05T14:14:52.693742" elapsed="0.000384"/>
</kw>
<kw name="Dictionary Should Contain Key" owner="Collections">
<arg>${json_data['results'][0]['login']}</arg>
<arg>${keyTwo}</arg>
<doc>Fails if ``key`` is not found from ``dictionary``.</doc>
<status status="PASS" start="2024-07-05T14:14:52.694331" elapsed="0.000450"/>
</kw>
<kw name="Log" owner="BuiltIn">
<msg time="2024-07-05T14:14:52.695099" level="INFO">username</msg>
<arg>${keyTwo}</arg>
<doc>Logs the given message with the given level.</doc>
<status status="PASS" start="2024-07-05T14:14:52.694970" elapsed="0.000168"/>
</kw>
<var name="${keyTwo}">username</var>
<status status="PASS" start="2024-07-05T14:14:52.693635" elapsed="0.001725"/>
</iter>
<iter>
<kw name="Dictionary Should Contain Key" owner="Collections">
<arg>${json_data['results'][0]['login']}</arg>
<arg>${keyTwo}</arg>
<doc>Fails if ``key`` is not found from ``dictionary``.</doc>
<status status="PASS" start="2024-07-05T14:14:52.695640" elapsed="0.000384"/>
</kw>
<kw name="Dictionary Should Contain Key" owner="Collections">
<arg>${json_data['results'][0]['login']}</arg>
<arg>${keyTwo}</arg>
<doc>Fails if ``key`` is not found from ``dictionary``.</doc>
<status status="PASS" start="2024-07-05T14:14:52.696206" elapsed="0.000372"/>
</kw>
<kw name="Log" owner="BuiltIn">
<msg time="2024-07-05T14:14:52.696876" level="INFO">password</msg>
<arg>${keyTwo}</arg>
<doc>Logs the given message with the given level.</doc>
<status status="PASS" start="2024-07-05T14:14:52.696756" elapsed="0.000163"/>
</kw>
<var name="${keyTwo}">password</var>
<status status="PASS" start="2024-07-05T14:14:52.695533" elapsed="0.001608"/>
</iter>
<var>${keyTwo}</var>
<value>@{expected_keysTwo}</value>
<status status="PASS" start="2024-07-05T14:14:52.693479" elapsed="0.003786"/>
</for>
<status status="PASS" start="2024-07-05T14:14:52.589468" elapsed="0.107941"/>
</kw>
<doc>Testa a estrutura da resposta da API.</doc>
<tag>testeEstruturaResposta</tag>
<status status="PASS" start="2024-07-05T14:14:52.588948" elapsed="0.108616"/>
</test>
<test id="s1-s1-t4" name="Validar tipos de dados" line="28">
<kw name="Teste de Tipos de Dados" owner="random-user-service">
<kw name="GET On Session" owner="RequestsLibrary">
<msg time="2024-07-05T14:14:52.801950" level="INFO">GET Request : url=https://randomuser.me/api 
 path_url=/api 
 headers={'User-Agent': 'python-requests/2.32.3', 'Accept-Encoding': 'gzip, deflate', 'Accept': '*/*', 'Connection': 'keep-alive'} 
 body=None 
 </msg>
<msg time="2024-07-05T14:14:52.802049" level="INFO">GET Response : url=https://randomuser.me/api 
 status=200, reason=OK 
 headers={'Date': 'Fri, 05 Jul 2024 14:14:52 GMT', 'Content-Type': 'application/json; charset=utf-8', 'Transfer-Encoding': 'chunked', 'Connection': 'keep-alive', 'X-Powered-By': 'Express', 'Access-Control-Allow-Origin': '*', 'Cache-Control': 'no-cache', 'ETag': 'W/"494-jhjrho1apXPecWm0A/AgTRUeVuQ"', 'Vary': 'Accept-Encoding', 'Content-Encoding': 'gzip', 'CF-Cache-Status': 'DYNAMIC', 'Report-To': '{"endpoints":[{"url":"https:\\/\\/a.nel.cloudflare.com\\/report\\/v4?s=0WO03pHfhCGDpBt%2Bzu3wnzXRCIGCMnqVzIlvuMLOWLff5cvor0zi4tdv0iqu2WJS9huE3hvbbuvgvdnn8FP6OiWow056d%2Fi9%2Bh0vgWNfxbdDHGrcUwsp4Xog2a8WP8mp"}],"group":"cf-nel","max_age":604800}', 'NEL': '{"success_fraction":0,"report_to":"cf-nel","max_age":604800}', 'Server': 'cloudflare', 'CF-RAY': '89e7f6c368a467e8-SJC', 'alt-svc': 'h3=":443"; ma=86400'} 
 body={"results":[{"gender":"male","name":{"title":"Mr","first":"Ryder","last":"Evans"},"location":{"street":{"number":7029,"name":"Carrington Road"},"city":"Hastings","state":"Manawatu-Wanganui","country":"New Zealand","postcode":10871,"coordinates":{"latitude":"49.8592","longitude":"-172.6886"},"timezone":{"offset":"-5:00","description":"Eastern Time (US &amp; Canada), Bogota, Lima"}},"email":"ryder.evans@example.com","login":{"uuid":"e23b1550-46b8-408c-aa39-6453ce4c2336","username":"brownlion474","password":"nimrod","salt":"tASGbIVj","md5":"ac6f0ad17a3c7d1504b8ce177a9928ab","sha1":"07530c6ae61098b098692b367d992c9399d358eb","sha256":"2946b79d4976fd552c0acb9abcbe385bd0fdc249ee74bc98f22a1f0c7d357b67"},"dob":{"date":"1959-08-16T20:10:27.204Z","age":64},"registered":{"date":"2009-03-29T08:51:11.697Z","age":15},"phone":"(782)-712-2492","cell":"(570)-221-5367","id":{"name":"","value":null},"picture":{"large":"https://randomuser.me/api/portraits/men/24.jpg","medium":"https://randomuser.me/api/portraits/med/men/24.jpg","thumbnail":"https://randomuser.me/api/portraits/thumb/men/24.jpg"},"nat":"NZ"}],"info":{"seed":"11df1ae066d9cc12","results":1,"page":1,"version":"1.4"}} 
 </msg>
<msg time="2024-07-05T14:14:52.802134" level="INFO">/opt/hostedtoolcache/Python/3.12.4/x64/lib/python3.12/site-packages/urllib3/connectionpool.py:1099: InsecureRequestWarning: Unverified HTTPS request is being made to host 'randomuser.me'. Adding certificate verification is strongly advised. See: https://urllib3.readthedocs.io/en/latest/advanced-usage.html#tls-warnings
  warnings.warn(</msg>
<msg time="2024-07-05T14:14:52.802243" level="INFO">${response} = &lt;Response [200]&gt;</msg>
<var>${response}</var>
<arg>consultarAPI</arg>
<arg>/api</arg>
<doc>Sends a GET request on a previously created HTTP Session.</doc>
<status status="PASS" start="2024-07-05T14:14:52.700276" elapsed="0.102010"/>
</kw>
<kw name="Set Variable" owner="BuiltIn">
<msg time="2024-07-05T14:14:52.803510" level="INFO">${json_data} = {'results': [{'gender': 'male', 'name': {'title': 'Mr', 'first': 'Ryder', 'last': 'Evans'}, 'location': {'street': {'number': 7029, 'name': 'Carrington Road'}, 'city': 'Hastings', 'state': 'Manawatu-W...</msg>
<var>${json_data}</var>
<arg>${response.json()}</arg>
<doc>Returns the given values which can then be assigned to a variables.</doc>
<status status="PASS" start="2024-07-05T14:14:52.802902" elapsed="0.000641"/>
</kw>
<kw name="Log" owner="BuiltIn">
<msg time="2024-07-05T14:14:52.804039" level="INFO">{'results': [{'gender': 'male', 'name': {'title': 'Mr', 'first': 'Ryder', 'last': 'Evans'}, 'location': {'street': {'number': 7029, 'name': 'Carrington Road'}, 'city': 'Hastings', 'state': 'Manawatu-Wanganui', 'country': 'New Zealand', 'postcode': 10871, 'coordinates': {'latitude': '49.8592', 'longitude': '-172.6886'}, 'timezone': {'offset': '-5:00', 'description': 'Eastern Time (US &amp; Canada), Bogota, Lima'}}, 'email': 'ryder.evans@example.com', 'login': {'uuid': 'e23b1550-46b8-408c-aa39-6453ce4c2336', 'username': 'brownlion474', 'password': 'nimrod', 'salt': 'tASGbIVj', 'md5': 'ac6f0ad17a3c7d1504b8ce177a9928ab', 'sha1': '07530c6ae61098b098692b367d992c9399d358eb', 'sha256': '2946b79d4976fd552c0acb9abcbe385bd0fdc249ee74bc98f22a1f0c7d357b67'}, 'dob': {'date': '1959-08-16T20:10:27.204Z', 'age': 64}, 'registered': {'date': '2009-03-29T08:51:11.697Z', 'age': 15}, 'phone': '(782)-712-2492', 'cell': '(570)-221-5367', 'id': {'name': '', 'value': None}, 'picture': {'large': 'https://randomuser.me/api/portraits/men/24.jpg', 'medium': 'https://randomuser.me/api/portraits/med/men/24.jpg', 'thumbnail': 'https://randomuser.me/api/portraits/thumb/men/24.jpg'}, 'nat': 'NZ'}], 'info': {'seed': '11df1ae066d9cc12', 'results': 1, 'page': 1, 'version': '1.4'}}</msg>
<arg>${json_data}</arg>
<doc>Logs the given message with the given level.</doc>
<status status="PASS" start="2024-07-05T14:14:52.803877" elapsed="0.000212"/>
</kw>
<kw name="Should Be String" owner="String">
<arg>${json_data['results'][0]['gender']}</arg>
<doc>Fails if the given ``item`` is not a string.</doc>
<status status="PASS" start="2024-07-05T14:14:52.804386" elapsed="0.000367"/>
</kw>
<kw name="Should Match Regexp" owner="BuiltIn">
<arg>${json_data['results'][0]['email']}</arg>
<arg>^[a-zA-Z0-9._%+-]+@[a-zA-Z0-9.-]+\.[a-zA-Z]{2,}$</arg>
<doc>Fails if ``string`` does not match ``pattern`` as a regular expression.</doc>
<status status="PASS" start="2024-07-05T14:14:52.804942" elapsed="0.000562"/>
</kw>
<kw name="Should Match Regexp" owner="BuiltIn">
<arg>${json_data['results'][0]['dob']['date']}</arg>
<arg>\\d{4}-\\d{2}-\\d{2}T\\d{2}:\\d{2}:\\d{2}\\.\\d{3}Z</arg>
<doc>Fails if ``string`` does not match ``pattern`` as a regular expression.</doc>
<status status="PASS" start="2024-07-05T14:14:52.805698" elapsed="0.000493"/>
</kw>
<kw name="Should Match Regexp" owner="BuiltIn">
<arg>${json_data['results'][0]['registered']['date']}</arg>
<arg>\\d{4}-\\d{2}-\\d{2}T\\d{2}:\\d{2}:\\d{2}\\.\\d{3}Z</arg>
<doc>Fails if ``string`` does not match ``pattern`` as a regular expression.</doc>
<status status="PASS" start="2024-07-05T14:14:52.806397" elapsed="0.000383"/>
</kw>
<kw name="Should Match Regexp" owner="BuiltIn">
<arg>${json_data['results'][0]['picture']['large']}</arg>
<arg>^https?://.*\.(?:png|jpe?g|gif|bmp)$</arg>
<doc>Fails if ``string`` does not match ``pattern`` as a regular expression.</doc>
<status status="PASS" start="2024-07-05T14:14:52.806965" elapsed="0.000457"/>
</kw>
<kw name="Should Match Regexp" owner="BuiltIn">
<arg>${json_data['results'][0]['picture']['medium']}</arg>
<arg>^https?://.*\.(?:png|jpe?g|gif|bmp)$</arg>
<doc>Fails if ``string`` does not match ``pattern`` as a regular expression.</doc>
<status status="PASS" start="2024-07-05T14:14:52.807603" elapsed="0.000349"/>
</kw>
<kw name="Should Match Regexp" owner="BuiltIn">
<arg>${json_data['results'][0]['picture']['thumbnail']}</arg>
<arg>^https?://.*\.(?:png|jpe?g|gif|bmp)$</arg>
<doc>Fails if ``string`` does not match ``pattern`` as a regular expression.</doc>
<status status="PASS" start="2024-07-05T14:14:52.808137" elapsed="0.000356"/>
</kw>
<kw name="Log" owner="BuiltIn">
<msg time="2024-07-05T14:14:52.809003" level="INFO">{'large': 'https://randomuser.me/api/portraits/men/24.jpg', 'medium': 'https://randomuser.me/api/portraits/med/men/24.jpg', 'thumbnail': 'https://randomuser.me/api/portraits/thumb/men/24.jpg'}</msg>
<arg>${json_data['results'][0]['picture']}</arg>
<doc>Logs the given message with the given level.</doc>
<status status="PASS" start="2024-07-05T14:14:52.808675" elapsed="0.000370"/>
</kw>
<status status="PASS" start="2024-07-05T14:14:52.700048" elapsed="0.109256"/>
</kw>
<kw name="Teste de Tipos de Dados - Postcode" owner="random-user-service">
<kw name="GET On Session" owner="RequestsLibrary">
<msg time="2024-07-05T14:14:52.897508" level="INFO">GET Request : url=https://randomuser.me/api 
 path_url=/api 
 headers={'User-Agent': 'python-requests/2.32.3', 'Accept-Encoding': 'gzip, deflate', 'Accept': '*/*', 'Connection': 'keep-alive'} 
 body=None 
 </msg>
<msg time="2024-07-05T14:14:52.897587" level="INFO">GET Response : url=https://randomuser.me/api 
 status=200, reason=OK 
 headers={'Date': 'Fri, 05 Jul 2024 14:14:52 GMT', 'Content-Type': 'application/json; charset=utf-8', 'Transfer-Encoding': 'chunked', 'Connection': 'keep-alive', 'X-Powered-By': 'Express', 'Access-Control-Allow-Origin': '*', 'Cache-Control': 'no-cache', 'ETag': 'W/"49e-u1yi0TI1uzMZ0GI4Cz39S5pbbR0"', 'Vary': 'Accept-Encoding', 'Content-Encoding': 'gzip', 'CF-Cache-Status': 'DYNAMIC', 'Report-To': '{"endpoints":[{"url":"https:\\/\\/a.nel.cloudflare.com\\/report\\/v4?s=Dxh2gGGQrs2HaN%2FqUhqjZVZHEV6C3OL%2BPWnyn0a%2Blm%2F0cu0ZSSwFqx6I6%2F28ifaCUB6LVlRiaauh8bmQt6CPLLGapj3dxQ0FPkICpQhG4XDEP7ngNAIhUvndvj7%2FIbi9"}],"group":"cf-nel","max_age":604800}', 'NEL': '{"success_fraction":0,"report_to":"cf-nel","max_age":604800}', 'Server': 'cloudflare', 'CF-RAY': '89e7f6c4195767e8-SJC', 'alt-svc': 'h3=":443"; ma=86400'} 
 body={"results":[{"gender":"male","name":{"title":"Mr","first":"Bratomil","last":"Butovichi"},"location":{"street":{"number":1957,"name":"Kalnishevskogo"},"city":"Uzhgorod","state":"Vinnicka","country":"Ukraine","postcode":27546,"coordinates":{"latitude":"77.2173","longitude":"-119.1274"},"timezone":{"offset":"0:00","description":"Western Europe Time, London, Lisbon, Casablanca"}},"email":"bratomil.butovichi@example.com","login":{"uuid":"11736e13-c15f-40aa-bd66-a99654fabab7","username":"happygorilla694","password":"soccer1","salt":"Vft0dPNm","md5":"fdd923701931880e9da709938f881e74","sha1":"1f980dab8043a58338d93d1ebe50f9c3c0c2b3fa","sha256":"ff00254afd41d41b2270999216333661bb6829e52bb0d1eb789777f607551ab8"},"dob":{"date":"1979-01-08T19:42:47.384Z","age":45},"registered":{"date":"2013-11-25T06:07:58.663Z","age":10},"phone":"(068) H96-6674","cell":"(098) O40-5611","id":{"name":"","value":null},"picture":{"large":"https://randomuser.me/api/portraits/men/39.jpg","medium":"https://randomuser.me/api/portraits/med/men/39.jpg","thumbnail":"https://randomuser.me/api/portraits/thumb/men/39.jpg"},"nat":"UA"}],"info":{"seed":"97cc20f6bfa33908","results":1,"page":1,"version":"1.4"}} 
 </msg>
<msg time="2024-07-05T14:14:52.897651" level="INFO">/opt/hostedtoolcache/Python/3.12.4/x64/lib/python3.12/site-packages/urllib3/connectionpool.py:1099: InsecureRequestWarning: Unverified HTTPS request is being made to host 'randomuser.me'. Adding certificate verification is strongly advised. See: https://urllib3.readthedocs.io/en/latest/advanced-usage.html#tls-warnings
  warnings.warn(</msg>
<msg time="2024-07-05T14:14:52.897766" level="INFO">${response} = &lt;Response [200]&gt;</msg>
<var>${response}</var>
<arg>consultarAPI</arg>
<arg>/api</arg>
<doc>Sends a GET request on a previously created HTTP Session.</doc>
<status status="PASS" start="2024-07-05T14:14:52.809757" elapsed="0.088052"/>
</kw>
<kw name="Set Variable" owner="BuiltIn">
<msg time="2024-07-05T14:14:52.898949" level="INFO">${json_data} = {'results': [{'gender': 'male', 'name': {'title': 'Mr', 'first': 'Bratomil', 'last': 'Butovichi'}, 'location': {'street': {'number': 1957, 'name': 'Kalnishevskogo'}, 'city': 'Uzhgorod', 'state': 'Vinn...</msg>
<var>${json_data}</var>
<arg>${response.json()}</arg>
<doc>Returns the given values which can then be assigned to a variables.</doc>
<status status="PASS" start="2024-07-05T14:14:52.898336" elapsed="0.000642"/>
</kw>
<kw name="Log" owner="BuiltIn">
<msg time="2024-07-05T14:14:52.899452" level="INFO">{'results': [{'gender': 'male', 'name': {'title': 'Mr', 'first': 'Bratomil', 'last': 'Butovichi'}, 'location': {'street': {'number': 1957, 'name': 'Kalnishevskogo'}, 'city': 'Uzhgorod', 'state': 'Vinnicka', 'country': 'Ukraine', 'postcode': 27546, 'coordinates': {'latitude': '77.2173', 'longitude': '-119.1274'}, 'timezone': {'offset': '0:00', 'description': 'Western Europe Time, London, Lisbon, Casablanca'}}, 'email': 'bratomil.butovichi@example.com', 'login': {'uuid': '11736e13-c15f-40aa-bd66-a99654fabab7', 'username': 'happygorilla694', 'password': 'soccer1', 'salt': 'Vft0dPNm', 'md5': 'fdd923701931880e9da709938f881e74', 'sha1': '1f980dab8043a58338d93d1ebe50f9c3c0c2b3fa', 'sha256': 'ff00254afd41d41b2270999216333661bb6829e52bb0d1eb789777f607551ab8'}, 'dob': {'date': '1979-01-08T19:42:47.384Z', 'age': 45}, 'registered': {'date': '2013-11-25T06:07:58.663Z', 'age': 10}, 'phone': '(068) H96-6674', 'cell': '(098) O40-5611', 'id': {'name': '', 'value': None}, 'picture': {'large': 'https://randomuser.me/api/portraits/men/39.jpg', 'medium': 'https://randomuser.me/api/portraits/med/men/39.jpg', 'thumbnail': 'https://randomuser.me/api/portraits/thumb/men/39.jpg'}, 'nat': 'UA'}], 'info': {'seed': '97cc20f6bfa33908', 'results': 1, 'page': 1, 'version': '1.4'}}</msg>
<arg>${json_data}</arg>
<doc>Logs the given message with the given level.</doc>
<status status="PASS" start="2024-07-05T14:14:52.899292" elapsed="0.000209"/>
</kw>
<kw name="Should Be Equal As Numbers" owner="BuiltIn">
<arg>${json_data['results'][0]['location']['postcode']}</arg>
<arg>${json_data['results'][0]['location']['postcode']}</arg>
<doc>Fails if objects are unequal after converting them to real numbers.</doc>
<status status="PASS" start="2024-07-05T14:14:52.899800" elapsed="0.000637"/>
</kw>
<kw name="Log" owner="BuiltIn">
<msg time="2024-07-05T14:14:52.900970" level="INFO">27546</msg>
<arg>${json_data['results'][0]['location']['postcode']}</arg>
<doc>Logs the given message with the given level.</doc>
<status status="PASS" start="2024-07-05T14:14:52.900631" elapsed="0.000413"/>
</kw>
<status status="PASS" start="2024-07-05T14:14:52.809528" elapsed="0.091778"/>
</kw>
<doc>Testa se os tipos de dados na resposta da API estão corretos.</doc>
<tag>testeTiposDados</tag>
<status status="PASS" start="2024-07-05T14:14:52.699397" elapsed="0.202082"/>
</test>
<test id="s1-s1-t5" name="Validar conteudo" line="35">
<kw name="Teste de Tipos de Conteudo" owner="random-user-service">
<kw name="GET On Session" owner="RequestsLibrary">
<msg time="2024-07-05T14:14:53.001239" level="INFO">GET Request : url=https://randomuser.me/api 
 path_url=/api 
 headers={'User-Agent': 'python-requests/2.32.3', 'Accept-Encoding': 'gzip, deflate', 'Accept': '*/*', 'Connection': 'keep-alive'} 
 body=None 
 </msg>
<msg time="2024-07-05T14:14:53.001318" level="INFO">GET Response : url=https://randomuser.me/api 
 status=200, reason=OK 
 headers={'Date': 'Fri, 05 Jul 2024 14:14:53 GMT', 'Content-Type': 'application/json; charset=utf-8', 'Transfer-Encoding': 'chunked', 'Connection': 'keep-alive', 'X-Powered-By': 'Express', 'Access-Control-Allow-Origin': '*', 'Cache-Control': 'no-cache', 'ETag': 'W/"49b-sNiCe03N4MbyzQ+oFXIXql7Vx3g"', 'Vary': 'Accept-Encoding', 'Content-Encoding': 'gzip', 'CF-Cache-Status': 'DYNAMIC', 'Report-To': '{"endpoints":[{"url":"https:\\/\\/a.nel.cloudflare.com\\/report\\/v4?s=de4ko8XU7Ek9gm5oY7%2BPRrC%2FxDDSgxHjMi4%2FUBS3EtanVhKCK2p3KdaV5PY2f1IPduN8TxwmMJuW6czaoBct%2FjgeJs%2FsBAuIEbiMGOYKjDUnS3k81Q0W%2FgmmdBpsPeYT"}],"group":"cf-nel","max_age":604800}', 'NEL': '{"success_fraction":0,"report_to":"cf-nel","max_age":604800}', 'Server': 'cloudflare', 'CF-RAY': '89e7f6c4a9b867e8-SJC', 'alt-svc': 'h3=":443"; ma=86400'} 
 body={"results":[{"gender":"male","name":{"title":"Mr","first":"Angelo","last":"Lucas"},"location":{"street":{"number":4592,"name":"Avenue de la République"},"city":"Roubaix","state":"Cantal","country":"France","postcode":71174,"coordinates":{"latitude":"-19.1740","longitude":"-91.0878"},"timezone":{"offset":"-7:00","description":"Mountain Time (US &amp; Canada)"}},"email":"angelo.lucas@example.com","login":{"uuid":"19270c2a-8cb1-4db4-95b1-c51f9694b1ed","username":"silverbutterfly826","password":"everton","salt":"IVRf1Urg","md5":"8c1b4ed76f9bfdc6cf0933c266ca1d99","sha1":"d192723e6bebfa30189f6a0e755846a2451810a9","sha256":"f47f8649441a879e4f1798e017294b4246fef07e3d47bbbeb60151ca2ed1818f"},"dob":{"date":"1963-05-06T11:20:11.309Z","age":61},"registered":{"date":"2003-08-21T17:48:52.202Z","age":20},"phone":"04-36-27-19-88","cell":"06-28-04-19-29","id":{"name":"INSEE","value":"1630426623655 63"},"picture":{"large":"https://randomuser.me/api/portraits/men/99.jpg","medium":"https://randomuser.me/api/portraits/med/men/99.jpg","thumbnail":"https://randomuser.me/api/portraits/thumb/men/99.jpg"},"nat":"FR"}],"info":{"seed":"beda39761a1adc9a","results":1,"page":1,"version":"1.4"}} 
 </msg>
<msg time="2024-07-05T14:14:53.001411" level="INFO">/opt/hostedtoolcache/Python/3.12.4/x64/lib/python3.12/site-packages/urllib3/connectionpool.py:1099: InsecureRequestWarning: Unverified HTTPS request is being made to host 'randomuser.me'. Adding certificate verification is strongly advised. See: https://urllib3.readthedocs.io/en/latest/advanced-usage.html#tls-warnings
  warnings.warn(</msg>
<msg time="2024-07-05T14:14:53.001522" level="INFO">${response} = &lt;Response [200]&gt;</msg>
<var>${response}</var>
<arg>consultarAPI</arg>
<arg>/api</arg>
<doc>Sends a GET request on a previously created HTTP Session.</doc>
<status status="PASS" start="2024-07-05T14:14:52.904258" elapsed="0.097315"/>
</kw>
<kw name="Set Variable" owner="BuiltIn">
<msg time="2024-07-05T14:14:53.002715" level="INFO">${json_data} = {'results': [{'gender': 'male', 'name': {'title': 'Mr', 'first': 'Angelo', 'last': 'Lucas'}, 'location': {'street': {'number': 4592, 'name': 'Avenue de la République'}, 'city': 'Roubaix', 'state': 'Ca...</msg>
<var>${json_data}</var>
<arg>${response.json()}</arg>
<doc>Returns the given values which can then be assigned to a variables.</doc>
<status status="PASS" start="2024-07-05T14:14:53.002063" elapsed="0.000683"/>
</kw>
<kw name="Set Variable" owner="BuiltIn">
<msg time="2024-07-05T14:14:53.003425" level="INFO">${name_title} = Mr</msg>
<var>${name_title}</var>
<arg>${json_data["results"][0]["name"]["title"]}</arg>
<doc>Returns the given values which can then be assigned to a variables.</doc>
<status status="PASS" start="2024-07-05T14:14:53.003051" elapsed="0.000408"/>
</kw>
<kw name="Create List" owner="BuiltIn">
<msg time="2024-07-05T14:14:53.003901" level="INFO">${allowed_titles} = ['Mr', 'Ms', 'Miss', 'Mrs', 'Madame', 'Monsieur']</msg>
<var>${allowed_titles}</var>
<arg>Mr</arg>
<arg>Ms</arg>
<arg>Miss</arg>
<arg>Mrs</arg>
<arg>Madame</arg>
<arg>Monsieur</arg>
<doc>Returns a list containing given items.</doc>
<status status="PASS" start="2024-07-05T14:14:53.003752" elapsed="0.000173"/>
</kw>
<kw name="List Should Contain Value" owner="Collections">
<arg>${allowed_titles}</arg>
<arg>${name_title}</arg>
<doc>Fails if the ``value`` is not found from ``list``.</doc>
<status status="PASS" start="2024-07-05T14:14:53.004219" elapsed="0.000173"/>
</kw>
<kw name="Set Variable" owner="BuiltIn">
<msg time="2024-07-05T14:14:53.004940" level="INFO">${name_country} = FR</msg>
<var>${name_country}</var>
<arg>${json_data["results"][0]["nat"]}</arg>
<doc>Returns the given values which can then be assigned to a variables.</doc>
<status status="PASS" start="2024-07-05T14:14:53.004577" elapsed="0.000388"/>
</kw>
<kw name="Create List" owner="BuiltIn">
<msg time="2024-07-05T14:14:53.005834" level="INFO">${list_country} = ['AD', 'AE', 'AF', 'AG', 'AI', 'AL', 'AM', 'AO', 'AQ', 'AR', 'AS', 'AT', 'AU', 'AW', 'AX', 'AZ', 'BA', 'BB', 'BD', 'BE', 'BF', 'BG', 'BH', 'BI', 'BJ', 'BL', 'BM', 'BN', 'BO', 'BQ', 'BR', 'BS', 'BT', '...</msg>
<var>${list_country}</var>
<arg>AD</arg>
<arg>AE</arg>
<arg>AF</arg>
<arg>AG</arg>
<arg>AI</arg>
<arg>AL</arg>
<arg>AM</arg>
<arg>AO</arg>
<arg>AQ</arg>
<arg>AR</arg>
<arg>AS</arg>
<arg>AT</arg>
<arg>AU</arg>
<arg>AW</arg>
<arg>AX</arg>
<arg>AZ</arg>
<arg>BA</arg>
<arg>BB</arg>
<arg>BD</arg>
<arg>BE</arg>
<arg>BF</arg>
<arg>BG</arg>
<arg>BH</arg>
<arg>BI</arg>
<arg>BJ</arg>
<arg>BL</arg>
<arg>BM</arg>
<arg>BN</arg>
<arg>BO</arg>
<arg>BQ</arg>
<arg>BR</arg>
<arg>BS</arg>
<arg>BT</arg>
<arg>BV</arg>
<arg>BW</arg>
<arg>BY</arg>
<arg>BZ</arg>
<arg>CA</arg>
<arg>CC</arg>
<arg>CD</arg>
<arg>CF</arg>
<arg>CG</arg>
<arg>CH</arg>
<arg>CI</arg>
<arg>CK</arg>
<arg>CL</arg>
<arg>CM</arg>
<arg>CN</arg>
<arg>CO</arg>
<arg>CR</arg>
<arg>CU</arg>
<arg>CV</arg>
<arg>CW</arg>
<arg>CX</arg>
<arg>CY</arg>
<arg>CZ</arg>
<arg>DE</arg>
<arg>DJ</arg>
<arg>DK</arg>
<arg>DM</arg>
<arg>DO</arg>
<arg>DZ</arg>
<arg>EC</arg>
<arg>EE</arg>
<arg>EG</arg>
<arg>EH</arg>
<arg>ER</arg>
<arg>ES</arg>
<arg>ET</arg>
<arg>FI</arg>
<arg>FJ</arg>
<arg>FK</arg>
<arg>FM</arg>
<arg>FO</arg>
<arg>FR</arg>
<arg>GA</arg>
<arg>GB</arg>
<arg>GD</arg>
<arg>GE</arg>
<arg>GF</arg>
<arg>GG</arg>
<arg>GH</arg>
<arg>GI</arg>
<arg>GL</arg>
<arg>GM</arg>
<arg>GN</arg>
<arg>GP</arg>
<arg>GQ</arg>
<arg>GR</arg>
<arg>GS</arg>
<arg>GT</arg>
<arg>GU</arg>
<arg>GW</arg>
<arg>GY</arg>
<arg>HK</arg>
<arg>HM</arg>
<arg>HN</arg>
<arg>HR</arg>
<arg>HT</arg>
<arg>HU</arg>
<arg>ID</arg>
<arg>IE</arg>
<arg>IL</arg>
<arg>IM</arg>
<arg>IN</arg>
<arg>IO</arg>
<arg>IQ</arg>
<arg>IR</arg>
<arg>IS</arg>
<arg>IT</arg>
<arg>JE</arg>
<arg>JM</arg>
<arg>JO</arg>
<arg>JP</arg>
<arg>KE</arg>
<arg>KG</arg>
<arg>KH</arg>
<arg>KI</arg>
<arg>KM</arg>
<arg>KN</arg>
<arg>KP</arg>
<arg>KR</arg>
<arg>KW</arg>
<arg>KY</arg>
<arg>KZ</arg>
<arg>LA</arg>
<arg>LB</arg>
<arg>LC</arg>
<arg>LI</arg>
<arg>LK</arg>
<arg>LR</arg>
<arg>LS</arg>
<arg>LT</arg>
<arg>LU</arg>
<arg>LV</arg>
<arg>LY</arg>
<arg>MA</arg>
<arg>MC</arg>
<arg>MD</arg>
<arg>ME</arg>
<arg>MF</arg>
<arg>MG</arg>
<arg>MH</arg>
<arg>MK</arg>
<arg>ML</arg>
<arg>MM</arg>
<arg>MN</arg>
<arg>MO</arg>
<arg>MP</arg>
<arg>MQ</arg>
<arg>MR</arg>
<arg>MS</arg>
<arg>MT</arg>
<arg>MU</arg>
<arg>MV</arg>
<arg>MW</arg>
<arg>MX</arg>
<arg>MY</arg>
<arg>MZ</arg>
<arg>NA</arg>
<arg>NC</arg>
<arg>NE</arg>
<arg>NF</arg>
<arg>NG</arg>
<arg>NI</arg>
<arg>NL</arg>
<arg>NO</arg>
<arg>NP</arg>
<arg>NR</arg>
<arg>NU</arg>
<arg>NZ</arg>
<arg>OM</arg>
<arg>PA</arg>
<arg>PE</arg>
<arg>PF</arg>
<arg>PG</arg>
<arg>PH</arg>
<arg>PK</arg>
<arg>PL</arg>
<arg>PM</arg>
<arg>PN</arg>
<arg>PR</arg>
<arg>PS</arg>
<arg>PT</arg>
<arg>PW</arg>
<arg>PY</arg>
<arg>QA</arg>
<arg>RE</arg>
<arg>RO</arg>
<arg>RS</arg>
<arg>RU</arg>
<arg>RW</arg>
<arg>SA</arg>
<arg>SB</arg>
<arg>SC</arg>
<arg>SD</arg>
<arg>SE</arg>
<arg>SG</arg>
<arg>SH</arg>
<arg>SI</arg>
<arg>SJ</arg>
<arg>SK</arg>
<arg>SL</arg>
<arg>SM</arg>
<arg>SN</arg>
<arg>SO</arg>
<arg>SR</arg>
<arg>SS</arg>
<arg>ST</arg>
<arg>SV</arg>
<arg>SX</arg>
<arg>SY</arg>
<arg>SZ</arg>
<arg>TC</arg>
<arg>TD</arg>
<arg>TF</arg>
<arg>TG</arg>
<arg>TH</arg>
<arg>TJ</arg>
<arg>TK</arg>
<arg>TL</arg>
<arg>TM</arg>
<arg>TN</arg>
<arg>TO</arg>
<arg>TR</arg>
<arg>TT</arg>
<arg>TV</arg>
<arg>TW</arg>
<arg>TZ</arg>
<arg>UA</arg>
<arg>UG</arg>
<arg>UM</arg>
<arg>US</arg>
<arg>UY</arg>
<arg>UZ</arg>
<arg>VA</arg>
<arg>VC</arg>
<arg>VE</arg>
<arg>VG</arg>
<arg>VI</arg>
<arg>VN</arg>
<arg>VU</arg>
<arg>WF</arg>
<arg>WS</arg>
<arg>XK</arg>
<arg>YE</arg>
<arg>YT</arg>
<arg>ZA</arg>
<arg>ZM</arg>
<arg>ZW</arg>
<doc>Returns a list containing given items.</doc>
<status status="PASS" start="2024-07-05T14:14:53.005248" elapsed="0.000611"/>
</kw>
<kw name="List Should Contain Value" owner="Collections">
<arg>${list_country}</arg>
<arg>${name_country}</arg>
<doc>Fails if the ``value`` is not found from ``list``.</doc>
<status status="PASS" start="2024-07-05T14:14:53.006672" elapsed="0.000215"/>
</kw>
<kw name="Run Keyword If" owner="BuiltIn">
<kw name="Should Be True" owner="BuiltIn">
<arg>${True}</arg>
<doc>Fails if the given condition is not true.</doc>
<status status="PASS" start="2024-07-05T14:14:53.007819" elapsed="0.000141"/>
</kw>
<arg>${json_data["results"][0]["location"]["coordinates"]["latitude"]} &gt;= -90 and ${json_data["results"][0]["location"]["coordinates"]["latitude"]} &lt;= 90</arg>
<arg>Should Be True</arg>
<arg>${True}</arg>
<doc>Runs the given keyword with the given arguments, if ``condition`` is true.</doc>
<status status="PASS" start="2024-07-05T14:14:53.007081" elapsed="0.001010"/>
</kw>
<kw name="Run Keyword If" owner="BuiltIn">
<kw name="Should Be True" owner="BuiltIn">
<arg>${True}</arg>
<doc>Fails if the given condition is not true.</doc>
<status status="PASS" start="2024-07-05T14:14:53.008966" elapsed="0.000135"/>
</kw>
<arg>${json_data["results"][0]["location"]["coordinates"]["longitude"]} &gt;= -180 and ${json_data["results"][0]["location"]["coordinates"]["longitude"]} &lt;= 180</arg>
<arg>Should Be True</arg>
<arg>${True}</arg>
<doc>Runs the given keyword with the given arguments, if ``condition`` is true.</doc>
<status status="PASS" start="2024-07-05T14:14:53.008268" elapsed="0.000955"/>
</kw>
<status status="PASS" start="2024-07-05T14:14:52.903882" elapsed="0.105469"/>
</kw>
<doc>Testa o conteúdo específico dos campos retornados pela API.</doc>
<tag>testeConteudo</tag>
<status status="PASS" start="2024-07-05T14:14:52.903337" elapsed="0.106156"/>
</test>
<status status="PASS" start="2024-07-05T14:14:52.100626" elapsed="0.910881"/>
</suite>
<status status="PASS" start="2024-07-05T14:14:52.085929" elapsed="0.930740"/>
</suite>
<statistics>
<total>
<stat pass="5" fail="0" skip="0">All Tests</stat>
</total>
<tag>
<stat pass="1" fail="0" skip="0">testeConteudo</stat>
<stat pass="1" fail="0" skip="0">testeEstruturaResposta</stat>
<stat pass="1" fail="0" skip="0">testeRequisicaoBasica</stat>
<stat pass="1" fail="0" skip="0">testeTiposDados</stat>
</tag>
<suite>
<stat pass="5" fail="0" skip="0" id="s1" name="Tests">Tests</stat>
<stat pass="5" fail="0" skip="0" id="s1-s1" name="Random-User-Test">Tests.Random-User-Test</stat>
</suite>
</statistics>
<errors>
</errors>
</robot>
