<?xml version="1.0" encoding="UTF-8"?>
<robot generator="Robot 7.0 (Python 3.12.2 on linux)" generated="2024-04-03T06:17:24.281967" rpa="false" schemaversion="5">
<suite id="s1" name="Tests" source="/home/runner/work/DesafioQAItauRogerioJordao/DesafioQAItauRogerioJordao/RamdonUser/tests">
<suite id="s1-s1" name="Random-User-Test" source="/home/runner/work/DesafioQAItauRogerioJordao/DesafioQAItauRogerioJordao/RamdonUser/tests/random-user-test.robot">
<test id="s1-s1-t1" name="Conectar" line="13">
<kw name="Conectar API" owner="random-user-service">
<kw name="Create Session" owner="RequestsLibrary">
<msg time="2024-04-03T06:17:24.641650" level="INFO">Creating Session using : alias=consultarAPI, url=https://randomuser.me/, headers={},                     cookies={}, auth=None, timeout=None, proxies=None, verify=False,                     debug=0 </msg>
<arg>consultarAPI</arg>
<arg>${URL}</arg>
<doc>Create Session: create a HTTP session to a server</doc>
<status status="PASS" start="2024-04-03T06:17:24.641454" elapsed="0.000352"/>
</kw>
<status status="PASS" start="2024-04-03T06:17:24.640490" elapsed="0.001665"/>
</kw>
<status status="PASS" start="2024-04-03T06:17:24.639972" elapsed="0.002385"/>
</test>
<test id="s1-s1-t2" name="Validar retorno 200 e JSON Válido" line="16">
<kw name="Teste de Requisicao Basica" owner="random-user-service">
<kw name="GET On Session" owner="RequestsLibrary">
<msg time="2024-04-03T06:17:24.858435" level="INFO">GET Request : url=https://randomuser.me/api 
 path_url=/api 
 headers={'User-Agent': 'python-requests/2.31.0', 'Accept-Encoding': 'gzip, deflate', 'Accept': '*/*', 'Connection': 'keep-alive'} 
 body=None 
 </msg>
<msg time="2024-04-03T06:17:24.858547" level="INFO">GET Response : url=https://randomuser.me/api 
 status=200, reason=OK 
 headers={'Date': 'Wed, 03 Apr 2024 06:17:24 GMT', 'Content-Type': 'application/json; charset=utf-8', 'Transfer-Encoding': 'chunked', 'Connection': 'keep-alive', 'X-Powered-By': 'Express', 'Access-Control-Allow-Origin': '*', 'Cache-Control': 'no-cache', 'ETag': 'W/"47e-158qrMWI4m88isoCxDJWZHJ5EjU"', 'Vary': 'Accept-Encoding', 'Content-Encoding': 'gzip', 'CF-Cache-Status': 'DYNAMIC', 'Report-To': '{"endpoints":[{"url":"https:\\/\\/a.nel.cloudflare.com\\/report\\/v4?s=0n%2F%2B8uoU4pdsakioWab986uZa73BSpVtT0aQsAWh%2BiGx4dU%2B99bNVKgfKzyA76kUY8KS9OdrCI%2F7pVw0YV4PVKURzc%2BOOScUYYVz4uxoc4ULv4CupLqC4OYzFmqFsyim"}],"group":"cf-nel","max_age":604800}', 'NEL': '{"success_fraction":0,"report_to":"cf-nel","max_age":604800}', 'Server': 'cloudflare', 'CF-RAY': '86e6ef79dde417e8-SJC', 'alt-svc': 'h3=":443"; ma=86400'} 
 body={"results":[{"gender":"male","name":{"title":"Mr","first":"علی","last":"رضاییان"},"location":{"street":{"number":2346,"name":"فداییان اسلام"},"city":"بجنورد","state":"زنجان","country":"Iran","postcode":70940,"coordinates":{"latitude":"21.2094","longitude":"-44.0642"},"timezone":{"offset":"-3:30","description":"Newfoundland"}},"email":"aaly.rdyyn@example.com","login":{"uuid":"9343936a-81ea-49fb-a8bd-e658ffbb2992","username":"sadsnake912","password":"juventus","salt":"Hf4PM0S3","md5":"a3a4ad5363a933129920db2ed96a6b1f","sha1":"fe0f37bd03941bdb2bfa0e85fbfb4b881c46158d","sha256":"688eebff4fb856544da1281e9cc24a0a68783f9b5c0cd86927f56581802a301d"},"dob":{"date":"1968-04-13T01:06:18.577Z","age":55},"registered":{"date":"2009-01-15T16:58:47.632Z","age":15},"phone":"099-77155173","cell":"0960-171-1232","id":{"name":"","value":null},"picture":{"large":"https://randomuser.me/api/portraits/men/54.jpg","medium":"https://randomuser.me/api/portraits/med/men/54.jpg","thumbnail":"https://randomuser.me/api/portraits/thumb/men/54.jpg"},"nat":"IR"}],"info":{"seed":"5351c7f1dae1e552","results":1,"page":1,"version":"1.4"}} 
 </msg>
<msg time="2024-04-03T06:17:24.858645" level="INFO">/opt/hostedtoolcache/Python/3.12.2/x64/lib/python3.12/site-packages/urllib3/connectionpool.py:1103: InsecureRequestWarning: Unverified HTTPS request is being made to host 'randomuser.me'. Adding certificate verification is strongly advised. See: https://urllib3.readthedocs.io/en/latest/advanced-usage.html#tls-warnings
  warnings.warn(</msg>
<msg time="2024-04-03T06:17:24.858756" level="INFO">${response} = &lt;Response [200]&gt;</msg>
<var>${response}</var>
<arg>consultarAPI</arg>
<arg>/api</arg>
<doc>Sends a GET request on a previously created HTTP Session.</doc>
<status status="PASS" start="2024-04-03T06:17:24.644942" elapsed="0.213857"/>
</kw>
<kw name="Should Be Equal As Numbers" owner="BuiltIn">
<msg time="2024-04-03T06:17:24.859685" level="INFO">Argument types are:
&lt;class 'int'&gt;
&lt;class 'str'&gt;</msg>
<arg>${response.status_code}</arg>
<arg>200</arg>
<doc>Fails if objects are unequal after converting them to real numbers.</doc>
<status status="PASS" start="2024-04-03T06:17:24.859229" elapsed="0.000521"/>
</kw>
<kw name="Log" owner="BuiltIn">
<msg time="2024-04-03T06:17:24.860439" level="INFO">200</msg>
<arg>${response.status_code}</arg>
<doc>Logs the given message with the given level.</doc>
<status status="PASS" start="2024-04-03T06:17:24.860078" elapsed="0.000404"/>
</kw>
<kw name="Set Variable" owner="BuiltIn">
<msg time="2024-04-03T06:17:24.861261" level="INFO">${json_data} = {'results': [{'gender': 'male', 'name': {'title': 'Mr', 'first': 'علی', 'last': 'رضاییان'}, 'location': {'street': {'number': 2346, 'name': 'فداییان اسلام'}, 'city': 'بجنورد', 'state': 'زنجان', 'count...</msg>
<var>${json_data}</var>
<arg>${response.json()}</arg>
<doc>Returns the given values which can then be assigned to a variables.</doc>
<status status="PASS" start="2024-04-03T06:17:24.860808" elapsed="0.000483"/>
</kw>
<kw name="Dictionary Should Contain Key" owner="Collections">
<msg time="2024-04-03T06:17:24.861762" level="INFO">False</msg>
<arg>${json_data}</arg>
<arg>results</arg>
<doc>Fails if ``key`` is not found from ``dictionary``.</doc>
<status status="PASS" start="2024-04-03T06:17:24.861596" elapsed="0.000205"/>
</kw>
<status status="PASS" start="2024-04-03T06:17:24.644693" elapsed="0.217373"/>
</kw>
<doc>Testa se a API responde corretamente e retorna um objeto JSON válido.</doc>
<tag>testeRequisicaoBasica</tag>
<status status="PASS" start="2024-04-03T06:17:24.644205" elapsed="0.218038"/>
</test>
<test id="s1-s1-t3" name="Validar estrutura de resposta" line="22">
<kw name="Teste de Estrutura de Resposta" owner="random-user-service">
<kw name="GET On Session" owner="RequestsLibrary">
<msg time="2024-04-03T06:17:24.958118" level="INFO">GET Request : url=https://randomuser.me/api 
 path_url=/api 
 headers={'User-Agent': 'python-requests/2.31.0', 'Accept-Encoding': 'gzip, deflate', 'Accept': '*/*', 'Connection': 'keep-alive'} 
 body=None 
 </msg>
<msg time="2024-04-03T06:17:24.958205" level="INFO">GET Response : url=https://randomuser.me/api 
 status=200, reason=OK 
 headers={'Date': 'Wed, 03 Apr 2024 06:17:24 GMT', 'Content-Type': 'application/json; charset=utf-8', 'Transfer-Encoding': 'chunked', 'Connection': 'keep-alive', 'X-Powered-By': 'Express', 'Access-Control-Allow-Origin': '*', 'Cache-Control': 'no-cache', 'ETag': 'W/"474-fZPCWBKNR+YVLRFM29YZ1kqHPDk"', 'Vary': 'Accept-Encoding', 'Content-Encoding': 'gzip', 'CF-Cache-Status': 'DYNAMIC', 'Report-To': '{"endpoints":[{"url":"https:\\/\\/a.nel.cloudflare.com\\/report\\/v4?s=iRoYDPRU%2FiV8qwFMbtgSkC1koDcRGkiYEkCNoBLwONWUeiEqXBl%2Fvx9xZMsFIlWzB8jAE5mFH5N57wnJqbzijhf8%2BW04Zr1qer7w8hu%2FXCMgu5xA29aYjGsPfXeUgvii"}],"group":"cf-nel","max_age":604800}', 'NEL': '{"success_fraction":0,"report_to":"cf-nel","max_age":604800}', 'Server': 'cloudflare', 'CF-RAY': '86e6ef7a7e6317e8-SJC', 'alt-svc': 'h3=":443"; ma=86400'} 
 body={"results":[{"gender":"male","name":{"title":"Mr","first":"Jamie","last":"Owens"},"location":{"street":{"number":3686,"name":"Ash Dr"},"city":"Amarillo","state":"Rhode Island","country":"United States","postcode":88663,"coordinates":{"latitude":"87.9063","longitude":"-86.5831"},"timezone":{"offset":"-3:30","description":"Newfoundland"}},"email":"jamie.owens@example.com","login":{"uuid":"7a5500cd-d6ee-4e60-a619-3fb6d64b89ca","username":"biglion305","password":"gizmo1","salt":"Yx554xbj","md5":"e4cae0c664a095d73c9023f2442b7adf","sha1":"100986b549628b38eacd2d9581632e87cd4d38ea","sha256":"eb69e3a1e1146ab1616ff7e91e5d994168de5d7e04bfc02908814acd83378214"},"dob":{"date":"2001-04-24T09:36:03.993Z","age":22},"registered":{"date":"2016-08-23T07:27:25.425Z","age":7},"phone":"(832) 756-7643","cell":"(416) 804-1303","id":{"name":"SSN","value":"720-02-8604"},"picture":{"large":"https://randomuser.me/api/portraits/men/42.jpg","medium":"https://randomuser.me/api/portraits/med/men/42.jpg","thumbnail":"https://randomuser.me/api/portraits/thumb/men/42.jpg"},"nat":"US"}],"info":{"seed":"94ccf2515f097f6f","results":1,"page":1,"version":"1.4"}} 
 </msg>
<msg time="2024-04-03T06:17:24.958340" level="INFO">/opt/hostedtoolcache/Python/3.12.2/x64/lib/python3.12/site-packages/urllib3/connectionpool.py:1103: InsecureRequestWarning: Unverified HTTPS request is being made to host 'randomuser.me'. Adding certificate verification is strongly advised. See: https://urllib3.readthedocs.io/en/latest/advanced-usage.html#tls-warnings
  warnings.warn(</msg>
<msg time="2024-04-03T06:17:24.958468" level="INFO">${response} = &lt;Response [200]&gt;</msg>
<var>${response}</var>
<arg>consultarAPI</arg>
<arg>/api</arg>
<doc>Sends a GET request on a previously created HTTP Session.</doc>
<status status="PASS" start="2024-04-03T06:17:24.864969" elapsed="0.093534"/>
</kw>
<kw name="Set Variable" owner="BuiltIn">
<msg time="2024-04-03T06:17:24.959315" level="INFO">${json_data} = {'results': [{'gender': 'male', 'name': {'title': 'Mr', 'first': 'Jamie', 'last': 'Owens'}, 'location': {'street': {'number': 3686, 'name': 'Ash Dr'}, 'city': 'Amarillo', 'state': 'Rhode Island', 'cou...</msg>
<var>${json_data}</var>
<arg>${response.json()}</arg>
<doc>Returns the given values which can then be assigned to a variables.</doc>
<status status="PASS" start="2024-04-03T06:17:24.958875" elapsed="0.000468"/>
</kw>
<kw name="Log" owner="BuiltIn">
<msg time="2024-04-03T06:17:24.959843" level="INFO">{'results': [{'gender': 'male', 'name': {'title': 'Mr', 'first': 'Jamie', 'last': 'Owens'}, 'location': {'street': {'number': 3686, 'name': 'Ash Dr'}, 'city': 'Amarillo', 'state': 'Rhode Island', 'country': 'United States', 'postcode': 88663, 'coordinates': {'latitude': '87.9063', 'longitude': '-86.5831'}, 'timezone': {'offset': '-3:30', 'description': 'Newfoundland'}}, 'email': 'jamie.owens@example.com', 'login': {'uuid': '7a5500cd-d6ee-4e60-a619-3fb6d64b89ca', 'username': 'biglion305', 'password': 'gizmo1', 'salt': 'Yx554xbj', 'md5': 'e4cae0c664a095d73c9023f2442b7adf', 'sha1': '100986b549628b38eacd2d9581632e87cd4d38ea', 'sha256': 'eb69e3a1e1146ab1616ff7e91e5d994168de5d7e04bfc02908814acd83378214'}, 'dob': {'date': '2001-04-24T09:36:03.993Z', 'age': 22}, 'registered': {'date': '2016-08-23T07:27:25.425Z', 'age': 7}, 'phone': '(832) 756-7643', 'cell': '(416) 804-1303', 'id': {'name': 'SSN', 'value': '720-02-8604'}, 'picture': {'large': 'https://randomuser.me/api/portraits/men/42.jpg', 'medium': 'https://randomuser.me/api/portraits/med/men/42.jpg', 'thumbnail': 'https://randomuser.me/api/portraits/thumb/men/42.jpg'}, 'nat': 'US'}], 'info': {'seed': '94ccf2515f097f6f', 'results': 1, 'page': 1, 'version': '1.4'}}</msg>
<arg>${json_data}</arg>
<doc>Logs the given message with the given level.</doc>
<status status="PASS" start="2024-04-03T06:17:24.959687" elapsed="0.000202"/>
</kw>
<kw name="Dictionary Should Contain Key" owner="Collections">
<msg time="2024-04-03T06:17:24.960336" level="INFO">False</msg>
<arg>${json_data}</arg>
<arg>results</arg>
<doc>Fails if ``key`` is not found from ``dictionary``.</doc>
<status status="PASS" start="2024-04-03T06:17:24.960186" elapsed="0.000186"/>
</kw>
<kw name="Should Not Be Empty" owner="BuiltIn">
<msg time="2024-04-03T06:17:24.960794" level="INFO">Length is 2.</msg>
<arg>${json_data}</arg>
<doc>Verifies that the given item is not empty.</doc>
<status status="PASS" start="2024-04-03T06:17:24.960663" elapsed="0.000169"/>
</kw>
<kw name="Create List" owner="BuiltIn">
<msg time="2024-04-03T06:17:24.961268" level="INFO">${expected_keys} = ['gender', 'name', 'location', 'email', 'login']</msg>
<var>${expected_keys}</var>
<arg>gender</arg>
<arg>name</arg>
<arg>location</arg>
<arg>email</arg>
<arg>login</arg>
<doc>Returns a list containing given items.</doc>
<status status="PASS" start="2024-04-03T06:17:24.961116" elapsed="0.000176"/>
</kw>
<for flavor="IN">
<iter>
<kw name="Dictionary Should Contain Key" owner="Collections">
<msg time="2024-04-03T06:17:24.962241" level="INFO">False</msg>
<arg>${json_data['results'][0]}</arg>
<arg>${key}</arg>
<doc>Fails if ``key`` is not found from ``dictionary``.</doc>
<status status="PASS" start="2024-04-03T06:17:24.961846" elapsed="0.000433"/>
</kw>
<kw name="Log" owner="BuiltIn">
<msg time="2024-04-03T06:17:24.962947" level="INFO">{'gender': 'male', 'name': {'title': 'Mr', 'first': 'Jamie', 'last': 'Owens'}, 'location': {'street': {'number': 3686, 'name': 'Ash Dr'}, 'city': 'Amarillo', 'state': 'Rhode Island', 'country': 'United States', 'postcode': 88663, 'coordinates': {'latitude': '87.9063', 'longitude': '-86.5831'}, 'timezone': {'offset': '-3:30', 'description': 'Newfoundland'}}, 'email': 'jamie.owens@example.com', 'login': {'uuid': '7a5500cd-d6ee-4e60-a619-3fb6d64b89ca', 'username': 'biglion305', 'password': 'gizmo1', 'salt': 'Yx554xbj', 'md5': 'e4cae0c664a095d73c9023f2442b7adf', 'sha1': '100986b549628b38eacd2d9581632e87cd4d38ea', 'sha256': 'eb69e3a1e1146ab1616ff7e91e5d994168de5d7e04bfc02908814acd83378214'}, 'dob': {'date': '2001-04-24T09:36:03.993Z', 'age': 22}, 'registered': {'date': '2016-08-23T07:27:25.425Z', 'age': 7}, 'phone': '(832) 756-7643', 'cell': '(416) 804-1303', 'id': {'name': 'SSN', 'value': '720-02-8604'}, 'picture': {'large': 'https://randomuser.me/api/portraits/men/42.jpg', 'medium': 'https://randomuser.me/api/portraits/med/men/42.jpg', 'thumbnail': 'https://randomuser.me/api/portraits/thumb/men/42.jpg'}, 'nat': 'US'}</msg>
<arg>${json_data['results'][0]}</arg>
<doc>Logs the given message with the given level.</doc>
<status status="PASS" start="2024-04-03T06:17:24.962581" elapsed="0.000419"/>
</kw>
<kw name="Log" owner="BuiltIn">
<msg time="2024-04-03T06:17:24.963429" level="INFO">gender</msg>
<arg>${key}</arg>
<doc>Logs the given message with the given level.</doc>
<status status="PASS" start="2024-04-03T06:17:24.963300" elapsed="0.000167"/>
</kw>
<var name="${key}">gender</var>
<status status="PASS" start="2024-04-03T06:17:24.961722" elapsed="0.001995"/>
</iter>
<iter>
<kw name="Dictionary Should Contain Key" owner="Collections">
<msg time="2024-04-03T06:17:24.964444" level="INFO">False</msg>
<arg>${json_data['results'][0]}</arg>
<arg>${key}</arg>
<doc>Fails if ``key`` is not found from ``dictionary``.</doc>
<status status="PASS" start="2024-04-03T06:17:24.964018" elapsed="0.000480"/>
</kw>
<kw name="Log" owner="BuiltIn">
<msg time="2024-04-03T06:17:24.965211" level="INFO">{'gender': 'male', 'name': {'title': 'Mr', 'first': 'Jamie', 'last': 'Owens'}, 'location': {'street': {'number': 3686, 'name': 'Ash Dr'}, 'city': 'Amarillo', 'state': 'Rhode Island', 'country': 'United States', 'postcode': 88663, 'coordinates': {'latitude': '87.9063', 'longitude': '-86.5831'}, 'timezone': {'offset': '-3:30', 'description': 'Newfoundland'}}, 'email': 'jamie.owens@example.com', 'login': {'uuid': '7a5500cd-d6ee-4e60-a619-3fb6d64b89ca', 'username': 'biglion305', 'password': 'gizmo1', 'salt': 'Yx554xbj', 'md5': 'e4cae0c664a095d73c9023f2442b7adf', 'sha1': '100986b549628b38eacd2d9581632e87cd4d38ea', 'sha256': 'eb69e3a1e1146ab1616ff7e91e5d994168de5d7e04bfc02908814acd83378214'}, 'dob': {'date': '2001-04-24T09:36:03.993Z', 'age': 22}, 'registered': {'date': '2016-08-23T07:27:25.425Z', 'age': 7}, 'phone': '(832) 756-7643', 'cell': '(416) 804-1303', 'id': {'name': 'SSN', 'value': '720-02-8604'}, 'picture': {'large': 'https://randomuser.me/api/portraits/men/42.jpg', 'medium': 'https://randomuser.me/api/portraits/med/men/42.jpg', 'thumbnail': 'https://randomuser.me/api/portraits/thumb/men/42.jpg'}, 'nat': 'US'}</msg>
<arg>${json_data['results'][0]}</arg>
<doc>Logs the given message with the given level.</doc>
<status status="PASS" start="2024-04-03T06:17:24.964834" elapsed="0.000434"/>
</kw>
<kw name="Log" owner="BuiltIn">
<msg time="2024-04-03T06:17:24.965700" level="INFO">name</msg>
<arg>${key}</arg>
<doc>Logs the given message with the given level.</doc>
<status status="PASS" start="2024-04-03T06:17:24.965573" elapsed="0.000164"/>
</kw>
<var name="${key}">name</var>
<status status="PASS" start="2024-04-03T06:17:24.963903" elapsed="0.002067"/>
</iter>
<iter>
<kw name="Dictionary Should Contain Key" owner="Collections">
<msg time="2024-04-03T06:17:24.966699" level="INFO">False</msg>
<arg>${json_data['results'][0]}</arg>
<arg>${key}</arg>
<doc>Fails if ``key`` is not found from ``dictionary``.</doc>
<status status="PASS" start="2024-04-03T06:17:24.966316" elapsed="0.000421"/>
</kw>
<kw name="Log" owner="BuiltIn">
<msg time="2024-04-03T06:17:24.967391" level="INFO">{'gender': 'male', 'name': {'title': 'Mr', 'first': 'Jamie', 'last': 'Owens'}, 'location': {'street': {'number': 3686, 'name': 'Ash Dr'}, 'city': 'Amarillo', 'state': 'Rhode Island', 'country': 'United States', 'postcode': 88663, 'coordinates': {'latitude': '87.9063', 'longitude': '-86.5831'}, 'timezone': {'offset': '-3:30', 'description': 'Newfoundland'}}, 'email': 'jamie.owens@example.com', 'login': {'uuid': '7a5500cd-d6ee-4e60-a619-3fb6d64b89ca', 'username': 'biglion305', 'password': 'gizmo1', 'salt': 'Yx554xbj', 'md5': 'e4cae0c664a095d73c9023f2442b7adf', 'sha1': '100986b549628b38eacd2d9581632e87cd4d38ea', 'sha256': 'eb69e3a1e1146ab1616ff7e91e5d994168de5d7e04bfc02908814acd83378214'}, 'dob': {'date': '2001-04-24T09:36:03.993Z', 'age': 22}, 'registered': {'date': '2016-08-23T07:27:25.425Z', 'age': 7}, 'phone': '(832) 756-7643', 'cell': '(416) 804-1303', 'id': {'name': 'SSN', 'value': '720-02-8604'}, 'picture': {'large': 'https://randomuser.me/api/portraits/men/42.jpg', 'medium': 'https://randomuser.me/api/portraits/med/men/42.jpg', 'thumbnail': 'https://randomuser.me/api/portraits/thumb/men/42.jpg'}, 'nat': 'US'}</msg>
<arg>${json_data['results'][0]}</arg>
<doc>Logs the given message with the given level.</doc>
<status status="PASS" start="2024-04-03T06:17:24.967036" elapsed="0.000408"/>
</kw>
<kw name="Log" owner="BuiltIn">
<msg time="2024-04-03T06:17:24.967898" level="INFO">location</msg>
<arg>${key}</arg>
<doc>Logs the given message with the given level.</doc>
<status status="PASS" start="2024-04-03T06:17:24.967770" elapsed="0.000167"/>
</kw>
<var name="${key}">location</var>
<status status="PASS" start="2024-04-03T06:17:24.966201" elapsed="0.001951"/>
</iter>
<iter>
<kw name="Dictionary Should Contain Key" owner="Collections">
<msg time="2024-04-03T06:17:24.968810" level="INFO">False</msg>
<arg>${json_data['results'][0]}</arg>
<arg>${key}</arg>
<doc>Fails if ``key`` is not found from ``dictionary``.</doc>
<status status="PASS" start="2024-04-03T06:17:24.968436" elapsed="0.000412"/>
</kw>
<kw name="Log" owner="BuiltIn">
<msg time="2024-04-03T06:17:24.969507" level="INFO">{'gender': 'male', 'name': {'title': 'Mr', 'first': 'Jamie', 'last': 'Owens'}, 'location': {'street': {'number': 3686, 'name': 'Ash Dr'}, 'city': 'Amarillo', 'state': 'Rhode Island', 'country': 'United States', 'postcode': 88663, 'coordinates': {'latitude': '87.9063', 'longitude': '-86.5831'}, 'timezone': {'offset': '-3:30', 'description': 'Newfoundland'}}, 'email': 'jamie.owens@example.com', 'login': {'uuid': '7a5500cd-d6ee-4e60-a619-3fb6d64b89ca', 'username': 'biglion305', 'password': 'gizmo1', 'salt': 'Yx554xbj', 'md5': 'e4cae0c664a095d73c9023f2442b7adf', 'sha1': '100986b549628b38eacd2d9581632e87cd4d38ea', 'sha256': 'eb69e3a1e1146ab1616ff7e91e5d994168de5d7e04bfc02908814acd83378214'}, 'dob': {'date': '2001-04-24T09:36:03.993Z', 'age': 22}, 'registered': {'date': '2016-08-23T07:27:25.425Z', 'age': 7}, 'phone': '(832) 756-7643', 'cell': '(416) 804-1303', 'id': {'name': 'SSN', 'value': '720-02-8604'}, 'picture': {'large': 'https://randomuser.me/api/portraits/men/42.jpg', 'medium': 'https://randomuser.me/api/portraits/med/men/42.jpg', 'thumbnail': 'https://randomuser.me/api/portraits/thumb/men/42.jpg'}, 'nat': 'US'}</msg>
<arg>${json_data['results'][0]}</arg>
<doc>Logs the given message with the given level.</doc>
<status status="PASS" start="2024-04-03T06:17:24.969144" elapsed="0.000410"/>
</kw>
<kw name="Log" owner="BuiltIn">
<msg time="2024-04-03T06:17:24.969972" level="INFO">email</msg>
<arg>${key}</arg>
<doc>Logs the given message with the given level.</doc>
<status status="PASS" start="2024-04-03T06:17:24.969845" elapsed="0.000165"/>
</kw>
<var name="${key}">email</var>
<status status="PASS" start="2024-04-03T06:17:24.968325" elapsed="0.001901"/>
</iter>
<iter>
<kw name="Dictionary Should Contain Key" owner="Collections">
<msg time="2024-04-03T06:17:24.970883" level="INFO">False</msg>
<arg>${json_data['results'][0]}</arg>
<arg>${key}</arg>
<doc>Fails if ``key`` is not found from ``dictionary``.</doc>
<status status="PASS" start="2024-04-03T06:17:24.970505" elapsed="0.000415"/>
</kw>
<kw name="Log" owner="BuiltIn">
<msg time="2024-04-03T06:17:24.971590" level="INFO">{'gender': 'male', 'name': {'title': 'Mr', 'first': 'Jamie', 'last': 'Owens'}, 'location': {'street': {'number': 3686, 'name': 'Ash Dr'}, 'city': 'Amarillo', 'state': 'Rhode Island', 'country': 'United States', 'postcode': 88663, 'coordinates': {'latitude': '87.9063', 'longitude': '-86.5831'}, 'timezone': {'offset': '-3:30', 'description': 'Newfoundland'}}, 'email': 'jamie.owens@example.com', 'login': {'uuid': '7a5500cd-d6ee-4e60-a619-3fb6d64b89ca', 'username': 'biglion305', 'password': 'gizmo1', 'salt': 'Yx554xbj', 'md5': 'e4cae0c664a095d73c9023f2442b7adf', 'sha1': '100986b549628b38eacd2d9581632e87cd4d38ea', 'sha256': 'eb69e3a1e1146ab1616ff7e91e5d994168de5d7e04bfc02908814acd83378214'}, 'dob': {'date': '2001-04-24T09:36:03.993Z', 'age': 22}, 'registered': {'date': '2016-08-23T07:27:25.425Z', 'age': 7}, 'phone': '(832) 756-7643', 'cell': '(416) 804-1303', 'id': {'name': 'SSN', 'value': '720-02-8604'}, 'picture': {'large': 'https://randomuser.me/api/portraits/men/42.jpg', 'medium': 'https://randomuser.me/api/portraits/med/men/42.jpg', 'thumbnail': 'https://randomuser.me/api/portraits/thumb/men/42.jpg'}, 'nat': 'US'}</msg>
<arg>${json_data['results'][0]}</arg>
<doc>Logs the given message with the given level.</doc>
<status status="PASS" start="2024-04-03T06:17:24.971211" elapsed="0.000427"/>
</kw>
<kw name="Log" owner="BuiltIn">
<msg time="2024-04-03T06:17:24.972055" level="INFO">login</msg>
<arg>${key}</arg>
<doc>Logs the given message with the given level.</doc>
<status status="PASS" start="2024-04-03T06:17:24.971929" elapsed="0.000263"/>
</kw>
<var name="${key}">login</var>
<status status="PASS" start="2024-04-03T06:17:24.970395" elapsed="0.002022"/>
</iter>
<var>${key}</var>
<value>@{expected_keys}</value>
<status status="PASS" start="2024-04-03T06:17:24.961543" elapsed="0.010997"/>
</for>
<kw name="Create List" owner="BuiltIn">
<msg time="2024-04-03T06:17:24.972904" level="INFO">${expected_keysTwo} = ['username', 'password']</msg>
<var>${expected_keysTwo}</var>
<arg>username</arg>
<arg>password</arg>
<doc>Returns a list containing given items.</doc>
<status status="PASS" start="2024-04-03T06:17:24.972765" elapsed="0.000162"/>
</kw>
<for flavor="IN">
<iter>
<kw name="Dictionary Should Contain Key" owner="Collections">
<msg time="2024-04-03T06:17:24.973799" level="INFO">False</msg>
<arg>${json_data['results'][0]['login']}</arg>
<arg>${keyTwo}</arg>
<doc>Fails if ``key`` is not found from ``dictionary``.</doc>
<status status="PASS" start="2024-04-03T06:17:24.973424" elapsed="0.000413"/>
</kw>
<kw name="Dictionary Should Contain Key" owner="Collections">
<msg time="2024-04-03T06:17:24.974502" level="INFO">False</msg>
<arg>${json_data['results'][0]['login']}</arg>
<arg>${keyTwo}</arg>
<doc>Fails if ``key`` is not found from ``dictionary``.</doc>
<status status="PASS" start="2024-04-03T06:17:24.974129" elapsed="0.000410"/>
</kw>
<kw name="Log" owner="BuiltIn">
<msg time="2024-04-03T06:17:24.974958" level="INFO">username</msg>
<arg>${keyTwo}</arg>
<doc>Logs the given message with the given level.</doc>
<status status="PASS" start="2024-04-03T06:17:24.974829" elapsed="0.000166"/>
</kw>
<var name="${keyTwo}">username</var>
<status status="PASS" start="2024-04-03T06:17:24.973311" elapsed="0.001896"/>
</iter>
<iter>
<kw name="Dictionary Should Contain Key" owner="Collections">
<msg time="2024-04-03T06:17:24.975896" level="INFO">False</msg>
<arg>${json_data['results'][0]['login']}</arg>
<arg>${keyTwo}</arg>
<doc>Fails if ``key`` is not found from ``dictionary``.</doc>
<status status="PASS" start="2024-04-03T06:17:24.975492" elapsed="0.000441"/>
</kw>
<kw name="Dictionary Should Contain Key" owner="Collections">
<msg time="2024-04-03T06:17:24.976595" level="INFO">False</msg>
<arg>${json_data['results'][0]['login']}</arg>
<arg>${keyTwo}</arg>
<doc>Fails if ``key`` is not found from ``dictionary``.</doc>
<status status="PASS" start="2024-04-03T06:17:24.976224" elapsed="0.000408"/>
</kw>
<kw name="Log" owner="BuiltIn">
<msg time="2024-04-03T06:17:24.977046" level="INFO">password</msg>
<arg>${keyTwo}</arg>
<doc>Logs the given message with the given level.</doc>
<status status="PASS" start="2024-04-03T06:17:24.976921" elapsed="0.000162"/>
</kw>
<var name="${keyTwo}">password</var>
<status status="PASS" start="2024-04-03T06:17:24.975380" elapsed="0.001917"/>
</iter>
<var>${keyTwo}</var>
<value>@{expected_keysTwo}</value>
<status status="PASS" start="2024-04-03T06:17:24.973160" elapsed="0.004258"/>
</for>
<status status="PASS" start="2024-04-03T06:17:24.864737" elapsed="0.112820"/>
</kw>
<doc>Testa a estrutura da resposta da API.</doc>
<tag>testeEstruturaResposta</tag>
<status status="PASS" start="2024-04-03T06:17:24.864117" elapsed="0.113593"/>
</test>
<test id="s1-s1-t4" name="Validar tipos de dados" line="28">
<kw name="Teste de Tipos de Dados" owner="random-user-service">
<kw name="GET On Session" owner="RequestsLibrary">
<msg time="2024-04-03T06:17:25.064177" level="INFO">GET Request : url=https://randomuser.me/api 
 path_url=/api 
 headers={'User-Agent': 'python-requests/2.31.0', 'Accept-Encoding': 'gzip, deflate', 'Accept': '*/*', 'Connection': 'keep-alive'} 
 body=None 
 </msg>
<msg time="2024-04-03T06:17:25.064260" level="INFO">GET Response : url=https://randomuser.me/api 
 status=200, reason=OK 
 headers={'Date': 'Wed, 03 Apr 2024 06:17:25 GMT', 'Content-Type': 'application/json; charset=utf-8', 'Transfer-Encoding': 'chunked', 'Connection': 'keep-alive', 'X-Powered-By': 'Express', 'Access-Control-Allow-Origin': '*', 'Cache-Control': 'no-cache', 'ETag': 'W/"47f-0mBQW0p3w1LPJn7Z12qm+lBwLvE"', 'Vary': 'Accept-Encoding', 'Content-Encoding': 'gzip', 'CF-Cache-Status': 'DYNAMIC', 'Report-To': '{"endpoints":[{"url":"https:\\/\\/a.nel.cloudflare.com\\/report\\/v4?s=ey7JE3fP8M%2B3MDg9tSjlfQ5CoEt1fkP7cC6qqDLirBcf3QBHsDbTyH1x7Kgav0Lu3dLR25NYlJf0fcTKaWooxHGsN3XR0X7%2FqfacjD%2BGB6S5Zu95wAajBtBljTvqzuGq"}],"group":"cf-nel","max_age":604800}', 'NEL': '{"success_fraction":0,"report_to":"cf-nel","max_age":604800}', 'Server': 'cloudflare', 'CF-RAY': '86e6ef7b2f4317e8-SJC', 'alt-svc': 'h3=":443"; ma=86400'} 
 body={"results":[{"gender":"female","name":{"title":"Mrs","first":"Teja","last":"Rykkje"},"location":{"street":{"number":4439,"name":"Svenstuveien"},"city":"Tomb","state":"Troms - Romsa","country":"Norway","postcode":"1384","coordinates":{"latitude":"44.2201","longitude":"36.1858"},"timezone":{"offset":"-7:00","description":"Mountain Time (US &amp; Canada)"}},"email":"teja.rykkje@example.com","login":{"uuid":"eb827ddd-7cc9-4acc-8b18-bbcfc97f94ab","username":"lazypeacock759","password":"albion","salt":"WULMVVIQ","md5":"af04deca76d69b48f8f066bd10098051","sha1":"65d4689b3c24fb6ed348f48718ea3e036c9bc1cd","sha256":"b221469ba4e456ea54952ae642d0a8a0f6b4f7ee8ff4da42fa835443677f4943"},"dob":{"date":"1989-12-29T02:58:01.938Z","age":34},"registered":{"date":"2021-10-16T08:16:33.751Z","age":2},"phone":"64953674","cell":"43502540","id":{"name":"FN","value":"29128914666"},"picture":{"large":"https://randomuser.me/api/portraits/women/78.jpg","medium":"https://randomuser.me/api/portraits/med/women/78.jpg","thumbnail":"https://randomuser.me/api/portraits/thumb/women/78.jpg"},"nat":"NO"}],"info":{"seed":"c67572b43ef74b80","results":1,"page":1,"version":"1.4"}} 
 </msg>
<msg time="2024-04-03T06:17:25.064332" level="INFO">/opt/hostedtoolcache/Python/3.12.2/x64/lib/python3.12/site-packages/urllib3/connectionpool.py:1103: InsecureRequestWarning: Unverified HTTPS request is being made to host 'randomuser.me'. Adding certificate verification is strongly advised. See: https://urllib3.readthedocs.io/en/latest/advanced-usage.html#tls-warnings
  warnings.warn(</msg>
<msg time="2024-04-03T06:17:25.064451" level="INFO">${response} = &lt;Response [200]&gt;</msg>
<var>${response}</var>
<arg>consultarAPI</arg>
<arg>/api</arg>
<doc>Sends a GET request on a previously created HTTP Session.</doc>
<status status="PASS" start="2024-04-03T06:17:24.980210" elapsed="0.084296"/>
</kw>
<kw name="Set Variable" owner="BuiltIn">
<msg time="2024-04-03T06:17:25.065526" level="INFO">${json_data} = {'results': [{'gender': 'female', 'name': {'title': 'Mrs', 'first': 'Teja', 'last': 'Rykkje'}, 'location': {'street': {'number': 4439, 'name': 'Svenstuveien'}, 'city': 'Tomb', 'state': 'Troms - Romsa'...</msg>
<var>${json_data}</var>
<arg>${response.json()}</arg>
<doc>Returns the given values which can then be assigned to a variables.</doc>
<status status="PASS" start="2024-04-03T06:17:25.064979" elapsed="0.000575"/>
</kw>
<kw name="Log" owner="BuiltIn">
<msg time="2024-04-03T06:17:25.066020" level="INFO">{'results': [{'gender': 'female', 'name': {'title': 'Mrs', 'first': 'Teja', 'last': 'Rykkje'}, 'location': {'street': {'number': 4439, 'name': 'Svenstuveien'}, 'city': 'Tomb', 'state': 'Troms - Romsa', 'country': 'Norway', 'postcode': '1384', 'coordinates': {'latitude': '44.2201', 'longitude': '36.1858'}, 'timezone': {'offset': '-7:00', 'description': 'Mountain Time (US &amp; Canada)'}}, 'email': 'teja.rykkje@example.com', 'login': {'uuid': 'eb827ddd-7cc9-4acc-8b18-bbcfc97f94ab', 'username': 'lazypeacock759', 'password': 'albion', 'salt': 'WULMVVIQ', 'md5': 'af04deca76d69b48f8f066bd10098051', 'sha1': '65d4689b3c24fb6ed348f48718ea3e036c9bc1cd', 'sha256': 'b221469ba4e456ea54952ae642d0a8a0f6b4f7ee8ff4da42fa835443677f4943'}, 'dob': {'date': '1989-12-29T02:58:01.938Z', 'age': 34}, 'registered': {'date': '2021-10-16T08:16:33.751Z', 'age': 2}, 'phone': '64953674', 'cell': '43502540', 'id': {'name': 'FN', 'value': '29128914666'}, 'picture': {'large': 'https://randomuser.me/api/portraits/women/78.jpg', 'medium': 'https://randomuser.me/api/portraits/med/women/78.jpg', 'thumbnail': 'https://randomuser.me/api/portraits/thumb/women/78.jpg'}, 'nat': 'NO'}], 'info': {'seed': 'c67572b43ef74b80', 'results': 1, 'page': 1, 'version': '1.4'}}</msg>
<arg>${json_data}</arg>
<doc>Logs the given message with the given level.</doc>
<status status="PASS" start="2024-04-03T06:17:25.065865" elapsed="0.000203"/>
</kw>
<kw name="Should Be String" owner="String">
<arg>${json_data['results'][0]['gender']}</arg>
<doc>Fails if the given ``item`` is not a string.</doc>
<status status="PASS" start="2024-04-03T06:17:25.066384" elapsed="0.000353"/>
</kw>
<kw name="Should Match Regexp" owner="BuiltIn">
<arg>${json_data['results'][0]['email']}</arg>
<arg>^[a-zA-Z0-9._%+-]+@[a-zA-Z0-9.-]+\.[a-zA-Z]{2,}$</arg>
<doc>Fails if ``string`` does not match ``pattern`` as a regular expression.</doc>
<status status="PASS" start="2024-04-03T06:17:25.066928" elapsed="0.000501"/>
</kw>
<kw name="Should Match Regexp" owner="BuiltIn">
<arg>${json_data['results'][0]['dob']['date']}</arg>
<arg>\\d{4}-\\d{2}-\\d{2}T\\d{2}:\\d{2}:\\d{2}\\.\\d{3}Z</arg>
<doc>Fails if ``string`` does not match ``pattern`` as a regular expression.</doc>
<status status="PASS" start="2024-04-03T06:17:25.067667" elapsed="0.000489"/>
</kw>
<kw name="Should Match Regexp" owner="BuiltIn">
<arg>${json_data['results'][0]['registered']['date']}</arg>
<arg>\\d{4}-\\d{2}-\\d{2}T\\d{2}:\\d{2}:\\d{2}\\.\\d{3}Z</arg>
<doc>Fails if ``string`` does not match ``pattern`` as a regular expression.</doc>
<status status="PASS" start="2024-04-03T06:17:25.068353" elapsed="0.000366"/>
</kw>
<kw name="Should Match Regexp" owner="BuiltIn">
<arg>${json_data['results'][0]['picture']['large']}</arg>
<arg>^https?://.*\.(?:png|jpe?g|gif|bmp)$</arg>
<doc>Fails if ``string`` does not match ``pattern`` as a regular expression.</doc>
<status status="PASS" start="2024-04-03T06:17:25.068906" elapsed="0.000469"/>
</kw>
<kw name="Should Match Regexp" owner="BuiltIn">
<arg>${json_data['results'][0]['picture']['medium']}</arg>
<arg>^https?://.*\.(?:png|jpe?g|gif|bmp)$</arg>
<doc>Fails if ``string`` does not match ``pattern`` as a regular expression.</doc>
<status status="PASS" start="2024-04-03T06:17:25.069564" elapsed="0.000358"/>
</kw>
<kw name="Should Match Regexp" owner="BuiltIn">
<arg>${json_data['results'][0]['picture']['thumbnail']}</arg>
<arg>^https?://.*\.(?:png|jpe?g|gif|bmp)$</arg>
<doc>Fails if ``string`` does not match ``pattern`` as a regular expression.</doc>
<status status="PASS" start="2024-04-03T06:17:25.070104" elapsed="0.000349"/>
</kw>
<kw name="Log" owner="BuiltIn">
<msg time="2024-04-03T06:17:25.070961" level="INFO">{'large': 'https://randomuser.me/api/portraits/women/78.jpg', 'medium': 'https://randomuser.me/api/portraits/med/women/78.jpg', 'thumbnail': 'https://randomuser.me/api/portraits/thumb/women/78.jpg'}</msg>
<arg>${json_data['results'][0]['picture']}</arg>
<doc>Logs the given message with the given level.</doc>
<status status="PASS" start="2024-04-03T06:17:25.070633" elapsed="0.000375"/>
</kw>
<status status="PASS" start="2024-04-03T06:17:24.979969" elapsed="0.091290"/>
</kw>
<kw name="Teste de Tipos de Dados - Postcode" owner="random-user-service">
<kw name="GET On Session" owner="RequestsLibrary">
<msg time="2024-04-03T06:17:25.169877" level="INFO">GET Request : url=https://randomuser.me/api 
 path_url=/api 
 headers={'User-Agent': 'python-requests/2.31.0', 'Accept-Encoding': 'gzip, deflate', 'Accept': '*/*', 'Connection': 'keep-alive'} 
 body=None 
 </msg>
<msg time="2024-04-03T06:17:25.169941" level="INFO">GET Response : url=https://randomuser.me/api 
 status=200, reason=OK 
 headers={'Date': 'Wed, 03 Apr 2024 06:17:25 GMT', 'Content-Type': 'application/json; charset=utf-8', 'Transfer-Encoding': 'chunked', 'Connection': 'keep-alive', 'X-Powered-By': 'Express', 'Access-Control-Allow-Origin': '*', 'Cache-Control': 'no-cache', 'ETag': 'W/"487-NZB4d/ZvFSnBy/RvsZUh7fTEis8"', 'Vary': 'Accept-Encoding', 'Content-Encoding': 'gzip', 'CF-Cache-Status': 'DYNAMIC', 'Report-To': '{"endpoints":[{"url":"https:\\/\\/a.nel.cloudflare.com\\/report\\/v4?s=h2dY4QhnbzeShitH9WWTBAZf5A01JZ8PdHc%2BznmlYh7srlq%2BJnDoWK4ldA76ZMJOEFBdyXkZ%2FzuOpk9rQYK1rbFQoN%2Fa5mP9wDvvjPQmvQgXXpKpWgkOgkczwPQumLsQ"}],"group":"cf-nel","max_age":604800}', 'NEL': '{"success_fraction":0,"report_to":"cf-nel","max_age":604800}', 'Server': 'cloudflare', 'CF-RAY': '86e6ef7bbfcf17e8-SJC', 'alt-svc': 'h3=":443"; ma=86400'} 
 body={"results":[{"gender":"female","name":{"title":"Miss","first":"Bonnie","last":"Watkins"},"location":{"street":{"number":5153,"name":"E Little York Rd"},"city":"Perth","state":"Victoria","country":"Australia","postcode":2865,"coordinates":{"latitude":"-88.6292","longitude":"178.0477"},"timezone":{"offset":"-12:00","description":"Eniwetok, Kwajalein"}},"email":"bonnie.watkins@example.com","login":{"uuid":"1f4083ad-b5b2-4e13-a960-93a6f1cfad09","username":"angrymouse324","password":"hawk","salt":"wRk5hn5J","md5":"000a0737fbf3c826e77877d1b05a0a39","sha1":"67c71014d94dda8331b49646c5e093fa49ab8d34","sha256":"2ed13b18904fffbc68049bd7b5b2a25693c05541ca08b0d3023c0fcf5d85ca2b"},"dob":{"date":"1980-08-16T23:41:20.992Z","age":43},"registered":{"date":"2009-11-25T16:59:05.854Z","age":14},"phone":"00-7968-0559","cell":"0408-946-525","id":{"name":"TFN","value":"541264895"},"picture":{"large":"https://randomuser.me/api/portraits/women/94.jpg","medium":"https://randomuser.me/api/portraits/med/women/94.jpg","thumbnail":"https://randomuser.me/api/portraits/thumb/women/94.jpg"},"nat":"AU"}],"info":{"seed":"029397f97af1137f","results":1,"page":1,"version":"1.4"}} 
 </msg>
<msg time="2024-04-03T06:17:25.170005" level="INFO">/opt/hostedtoolcache/Python/3.12.2/x64/lib/python3.12/site-packages/urllib3/connectionpool.py:1103: InsecureRequestWarning: Unverified HTTPS request is being made to host 'randomuser.me'. Adding certificate verification is strongly advised. See: https://urllib3.readthedocs.io/en/latest/advanced-usage.html#tls-warnings
  warnings.warn(</msg>
<msg time="2024-04-03T06:17:25.170105" level="INFO">${response} = &lt;Response [200]&gt;</msg>
<var>${response}</var>
<arg>consultarAPI</arg>
<arg>/api</arg>
<doc>Sends a GET request on a previously created HTTP Session.</doc>
<status status="PASS" start="2024-04-03T06:17:25.071840" elapsed="0.098304"/>
</kw>
<kw name="Set Variable" owner="BuiltIn">
<msg time="2024-04-03T06:17:25.171109" level="INFO">${json_data} = {'results': [{'gender': 'female', 'name': {'title': 'Miss', 'first': 'Bonnie', 'last': 'Watkins'}, 'location': {'street': {'number': 5153, 'name': 'E Little York Rd'}, 'city': 'Perth', 'state': 'Victo...</msg>
<var>${json_data}</var>
<arg>${response.json()}</arg>
<doc>Returns the given values which can then be assigned to a variables.</doc>
<status status="PASS" start="2024-04-03T06:17:25.170572" elapsed="0.000566"/>
</kw>
<kw name="Log" owner="BuiltIn">
<msg time="2024-04-03T06:17:25.171629" level="INFO">{'results': [{'gender': 'female', 'name': {'title': 'Miss', 'first': 'Bonnie', 'last': 'Watkins'}, 'location': {'street': {'number': 5153, 'name': 'E Little York Rd'}, 'city': 'Perth', 'state': 'Victoria', 'country': 'Australia', 'postcode': 2865, 'coordinates': {'latitude': '-88.6292', 'longitude': '178.0477'}, 'timezone': {'offset': '-12:00', 'description': 'Eniwetok, Kwajalein'}}, 'email': 'bonnie.watkins@example.com', 'login': {'uuid': '1f4083ad-b5b2-4e13-a960-93a6f1cfad09', 'username': 'angrymouse324', 'password': 'hawk', 'salt': 'wRk5hn5J', 'md5': '000a0737fbf3c826e77877d1b05a0a39', 'sha1': '67c71014d94dda8331b49646c5e093fa49ab8d34', 'sha256': '2ed13b18904fffbc68049bd7b5b2a25693c05541ca08b0d3023c0fcf5d85ca2b'}, 'dob': {'date': '1980-08-16T23:41:20.992Z', 'age': 43}, 'registered': {'date': '2009-11-25T16:59:05.854Z', 'age': 14}, 'phone': '00-7968-0559', 'cell': '0408-946-525', 'id': {'name': 'TFN', 'value': '541264895'}, 'picture': {'large': 'https://randomuser.me/api/portraits/women/94.jpg', 'medium': 'https://randomuser.me/api/portraits/med/women/94.jpg', 'thumbnail': 'https://randomuser.me/api/portraits/thumb/women/94.jpg'}, 'nat': 'AU'}], 'info': {'seed': '029397f97af1137f', 'results': 1, 'page': 1, 'version': '1.4'}}</msg>
<arg>${json_data}</arg>
<doc>Logs the given message with the given level.</doc>
<status status="PASS" start="2024-04-03T06:17:25.171441" elapsed="0.000235"/>
</kw>
<kw name="Should Be Equal As Numbers" owner="BuiltIn">
<arg>${json_data['results'][0]['location']['postcode']}</arg>
<arg>${json_data['results'][0]['location']['postcode']}</arg>
<doc>Fails if objects are unequal after converting them to real numbers.</doc>
<status status="PASS" start="2024-04-03T06:17:25.171976" elapsed="0.000620"/>
</kw>
<kw name="Log" owner="BuiltIn">
<msg time="2024-04-03T06:17:25.173169" level="INFO">2865</msg>
<arg>${json_data['results'][0]['location']['postcode']}</arg>
<doc>Logs the given message with the given level.</doc>
<status status="PASS" start="2024-04-03T06:17:25.172819" elapsed="0.000390"/>
</kw>
<status status="PASS" start="2024-04-03T06:17:25.071473" elapsed="0.101989"/>
</kw>
<doc>Testa se os tipos de dados na resposta da API estão corretos.</doc>
<tag>testeTiposDados</tag>
<status status="PASS" start="2024-04-03T06:17:24.979429" elapsed="0.194191"/>
</test>
<test id="s1-s1-t5" name="Validar conteudo" line="35">
<kw name="Teste de Tipos de Conteudo" owner="random-user-service">
<kw name="GET On Session" owner="RequestsLibrary">
<msg time="2024-04-03T06:17:25.267300" level="INFO">GET Request : url=https://randomuser.me/api 
 path_url=/api 
 headers={'User-Agent': 'python-requests/2.31.0', 'Accept-Encoding': 'gzip, deflate', 'Accept': '*/*', 'Connection': 'keep-alive'} 
 body=None 
 </msg>
<msg time="2024-04-03T06:17:25.267367" level="INFO">GET Response : url=https://randomuser.me/api 
 status=200, reason=OK 
 headers={'Date': 'Wed, 03 Apr 2024 06:17:25 GMT', 'Content-Type': 'application/json; charset=utf-8', 'Transfer-Encoding': 'chunked', 'Connection': 'keep-alive', 'X-Powered-By': 'Express', 'Access-Control-Allow-Origin': '*', 'Cache-Control': 'no-cache', 'ETag': 'W/"495-tL+Hw/B1+Q9QRP8If9KsGQEkvD0"', 'Vary': 'Accept-Encoding', 'Content-Encoding': 'gzip', 'CF-Cache-Status': 'DYNAMIC', 'Report-To': '{"endpoints":[{"url":"https:\\/\\/a.nel.cloudflare.com\\/report\\/v4?s=24F123saDGQrLA%2BHLaOt%2F8jVTbXOolXTR%2Fam0k1Btr0ctP5AfcXZaz7phWdeK%2BiEIP4hcG0s9nE9y2HUP%2FLnO4r18aZU4ATuo8lm7tgdGQLegJwWBii1FKdObUz3zE%2BP"}],"group":"cf-nel","max_age":604800}', 'NEL': '{"success_fraction":0,"report_to":"cf-nel","max_age":604800}', 'Server': 'cloudflare', 'CF-RAY': '86e6ef7c687e17e8-SJC', 'alt-svc': 'h3=":443"; ma=86400'} 
 body={"results":[{"gender":"male","name":{"title":"Mr","first":"مهراد","last":"احمدی"},"location":{"street":{"number":1098,"name":"شهید کبیری طامه"},"city":"سیرجان","state":"قزوین","country":"Iran","postcode":78188,"coordinates":{"latitude":"19.3709","longitude":"-33.6650"},"timezone":{"offset":"+8:00","description":"Beijing, Perth, Singapore, Hong Kong"}},"email":"mhrd.hmdy@example.com","login":{"uuid":"d0d1898c-e28b-4655-8a60-3ed47a9ab757","username":"happybear298","password":"panda","salt":"3kFRAutr","md5":"bd7adc760509394c38f4c80bd80ed6d0","sha1":"5226e016d04cb237a0aae5b281dceb6875d80d93","sha256":"eb4bebc2281dee58cd349bb41ba75b1b8294a10ad3c6bbddaee335243775d31a"},"dob":{"date":"1995-02-18T00:51:57.923Z","age":29},"registered":{"date":"2019-01-07T03:11:51.314Z","age":5},"phone":"046-66743423","cell":"0936-099-9844","id":{"name":"","value":null},"picture":{"large":"https://randomuser.me/api/portraits/men/27.jpg","medium":"https://randomuser.me/api/portraits/med/men/27.jpg","thumbnail":"https://randomuser.me/api/portraits/thumb/men/27.jpg"},"nat":"IR"}],"info":{"seed":"150920c9023b08d1","results":1,"page":1,"version":"1.4"}} 
 </msg>
<msg time="2024-04-03T06:17:25.267423" level="INFO">/opt/hostedtoolcache/Python/3.12.2/x64/lib/python3.12/site-packages/urllib3/connectionpool.py:1103: InsecureRequestWarning: Unverified HTTPS request is being made to host 'randomuser.me'. Adding certificate verification is strongly advised. See: https://urllib3.readthedocs.io/en/latest/advanced-usage.html#tls-warnings
  warnings.warn(</msg>
<msg time="2024-04-03T06:17:25.267508" level="INFO">${response} = &lt;Response [200]&gt;</msg>
<var>${response}</var>
<arg>consultarAPI</arg>
<arg>/api</arg>
<doc>Sends a GET request on a previously created HTTP Session.</doc>
<status status="PASS" start="2024-04-03T06:17:25.176797" elapsed="0.090765"/>
</kw>
<kw name="Set Variable" owner="BuiltIn">
<msg time="2024-04-03T06:17:25.268389" level="INFO">${json_data} = {'results': [{'gender': 'male', 'name': {'title': 'Mr', 'first': 'مهراد', 'last': 'احمدی'}, 'location': {'street': {'number': 1098, 'name': 'شهید کبیری طامه'}, 'city': 'سیرجان', 'state': 'قزوین', 'cou...</msg>
<var>${json_data}</var>
<arg>${response.json()}</arg>
<doc>Returns the given values which can then be assigned to a variables.</doc>
<status status="PASS" start="2024-04-03T06:17:25.267938" elapsed="0.000481"/>
</kw>
<kw name="Set Variable" owner="BuiltIn">
<msg time="2024-04-03T06:17:25.269107" level="INFO">${name_title} = Mr</msg>
<var>${name_title}</var>
<arg>${json_data["results"][0]["name"]["title"]}</arg>
<doc>Returns the given values which can then be assigned to a variables.</doc>
<status status="PASS" start="2024-04-03T06:17:25.268725" elapsed="0.000407"/>
</kw>
<kw name="Create List" owner="BuiltIn">
<msg time="2024-04-03T06:17:25.269575" level="INFO">${allowed_titles} = ['Mr', 'Ms', 'Miss', 'Mrs', 'Madame', 'Monsieur']</msg>
<var>${allowed_titles}</var>
<arg>Mr</arg>
<arg>Ms</arg>
<arg>Miss</arg>
<arg>Mrs</arg>
<arg>Madame</arg>
<arg>Monsieur</arg>
<doc>Returns a list containing given items.</doc>
<status status="PASS" start="2024-04-03T06:17:25.269428" elapsed="0.000171"/>
</kw>
<kw name="List Should Contain Value" owner="Collections">
<msg time="2024-04-03T06:17:25.270090" level="INFO">False</msg>
<arg>${allowed_titles}</arg>
<arg>${name_title}</arg>
<doc>Fails if the ``value`` is not found from ``list``.</doc>
<status status="PASS" start="2024-04-03T06:17:25.269914" elapsed="0.000213"/>
</kw>
<kw name="Set Variable" owner="BuiltIn">
<msg time="2024-04-03T06:17:25.270790" level="INFO">${name_country} = IR</msg>
<var>${name_country}</var>
<arg>${json_data["results"][0]["nat"]}</arg>
<doc>Returns the given values which can then be assigned to a variables.</doc>
<status status="PASS" start="2024-04-03T06:17:25.270419" elapsed="0.000396"/>
</kw>
<kw name="Create List" owner="BuiltIn">
<msg time="2024-04-03T06:17:25.271743" level="INFO">${list_country} = ['AD', 'AE', 'AF', 'AG', 'AI', 'AL', 'AM', 'AO', 'AQ', 'AR', 'AS', 'AT', 'AU', 'AW', 'AX', 'AZ', 'BA', 'BB', 'BD', 'BE', 'BF', 'BG', 'BH', 'BI', 'BJ', 'BL', 'BM', 'BN', 'BO', 'BQ', 'BR', 'BS', 'BT', '...</msg>
<var>${list_country}</var>
<arg>AD</arg>
<arg>AE</arg>
<arg>AF</arg>
<arg>AG</arg>
<arg>AI</arg>
<arg>AL</arg>
<arg>AM</arg>
<arg>AO</arg>
<arg>AQ</arg>
<arg>AR</arg>
<arg>AS</arg>
<arg>AT</arg>
<arg>AU</arg>
<arg>AW</arg>
<arg>AX</arg>
<arg>AZ</arg>
<arg>BA</arg>
<arg>BB</arg>
<arg>BD</arg>
<arg>BE</arg>
<arg>BF</arg>
<arg>BG</arg>
<arg>BH</arg>
<arg>BI</arg>
<arg>BJ</arg>
<arg>BL</arg>
<arg>BM</arg>
<arg>BN</arg>
<arg>BO</arg>
<arg>BQ</arg>
<arg>BR</arg>
<arg>BS</arg>
<arg>BT</arg>
<arg>BV</arg>
<arg>BW</arg>
<arg>BY</arg>
<arg>BZ</arg>
<arg>CA</arg>
<arg>CC</arg>
<arg>CD</arg>
<arg>CF</arg>
<arg>CG</arg>
<arg>CH</arg>
<arg>CI</arg>
<arg>CK</arg>
<arg>CL</arg>
<arg>CM</arg>
<arg>CN</arg>
<arg>CO</arg>
<arg>CR</arg>
<arg>CU</arg>
<arg>CV</arg>
<arg>CW</arg>
<arg>CX</arg>
<arg>CY</arg>
<arg>CZ</arg>
<arg>DE</arg>
<arg>DJ</arg>
<arg>DK</arg>
<arg>DM</arg>
<arg>DO</arg>
<arg>DZ</arg>
<arg>EC</arg>
<arg>EE</arg>
<arg>EG</arg>
<arg>EH</arg>
<arg>ER</arg>
<arg>ES</arg>
<arg>ET</arg>
<arg>FI</arg>
<arg>FJ</arg>
<arg>FK</arg>
<arg>FM</arg>
<arg>FO</arg>
<arg>FR</arg>
<arg>GA</arg>
<arg>GB</arg>
<arg>GD</arg>
<arg>GE</arg>
<arg>GF</arg>
<arg>GG</arg>
<arg>GH</arg>
<arg>GI</arg>
<arg>GL</arg>
<arg>GM</arg>
<arg>GN</arg>
<arg>GP</arg>
<arg>GQ</arg>
<arg>GR</arg>
<arg>GS</arg>
<arg>GT</arg>
<arg>GU</arg>
<arg>GW</arg>
<arg>GY</arg>
<arg>HK</arg>
<arg>HM</arg>
<arg>HN</arg>
<arg>HR</arg>
<arg>HT</arg>
<arg>HU</arg>
<arg>ID</arg>
<arg>IE</arg>
<arg>IL</arg>
<arg>IM</arg>
<arg>IN</arg>
<arg>IO</arg>
<arg>IQ</arg>
<arg>IR</arg>
<arg>IS</arg>
<arg>IT</arg>
<arg>JE</arg>
<arg>JM</arg>
<arg>JO</arg>
<arg>JP</arg>
<arg>KE</arg>
<arg>KG</arg>
<arg>KH</arg>
<arg>KI</arg>
<arg>KM</arg>
<arg>KN</arg>
<arg>KP</arg>
<arg>KR</arg>
<arg>KW</arg>
<arg>KY</arg>
<arg>KZ</arg>
<arg>LA</arg>
<arg>LB</arg>
<arg>LC</arg>
<arg>LI</arg>
<arg>LK</arg>
<arg>LR</arg>
<arg>LS</arg>
<arg>LT</arg>
<arg>LU</arg>
<arg>LV</arg>
<arg>LY</arg>
<arg>MA</arg>
<arg>MC</arg>
<arg>MD</arg>
<arg>ME</arg>
<arg>MF</arg>
<arg>MG</arg>
<arg>MH</arg>
<arg>MK</arg>
<arg>ML</arg>
<arg>MM</arg>
<arg>MN</arg>
<arg>MO</arg>
<arg>MP</arg>
<arg>MQ</arg>
<arg>MR</arg>
<arg>MS</arg>
<arg>MT</arg>
<arg>MU</arg>
<arg>MV</arg>
<arg>MW</arg>
<arg>MX</arg>
<arg>MY</arg>
<arg>MZ</arg>
<arg>NA</arg>
<arg>NC</arg>
<arg>NE</arg>
<arg>NF</arg>
<arg>NG</arg>
<arg>NI</arg>
<arg>NL</arg>
<arg>NO</arg>
<arg>NP</arg>
<arg>NR</arg>
<arg>NU</arg>
<arg>NZ</arg>
<arg>OM</arg>
<arg>PA</arg>
<arg>PE</arg>
<arg>PF</arg>
<arg>PG</arg>
<arg>PH</arg>
<arg>PK</arg>
<arg>PL</arg>
<arg>PM</arg>
<arg>PN</arg>
<arg>PR</arg>
<arg>PS</arg>
<arg>PT</arg>
<arg>PW</arg>
<arg>PY</arg>
<arg>QA</arg>
<arg>RE</arg>
<arg>RO</arg>
<arg>RS</arg>
<arg>RU</arg>
<arg>RW</arg>
<arg>SA</arg>
<arg>SB</arg>
<arg>SC</arg>
<arg>SD</arg>
<arg>SE</arg>
<arg>SG</arg>
<arg>SH</arg>
<arg>SI</arg>
<arg>SJ</arg>
<arg>SK</arg>
<arg>SL</arg>
<arg>SM</arg>
<arg>SN</arg>
<arg>SO</arg>
<arg>SR</arg>
<arg>SS</arg>
<arg>ST</arg>
<arg>SV</arg>
<arg>SX</arg>
<arg>SY</arg>
<arg>SZ</arg>
<arg>TC</arg>
<arg>TD</arg>
<arg>TF</arg>
<arg>TG</arg>
<arg>TH</arg>
<arg>TJ</arg>
<arg>TK</arg>
<arg>TL</arg>
<arg>TM</arg>
<arg>TN</arg>
<arg>TO</arg>
<arg>TR</arg>
<arg>TT</arg>
<arg>TV</arg>
<arg>TW</arg>
<arg>TZ</arg>
<arg>UA</arg>
<arg>UG</arg>
<arg>UM</arg>
<arg>US</arg>
<arg>UY</arg>
<arg>UZ</arg>
<arg>VA</arg>
<arg>VC</arg>
<arg>VE</arg>
<arg>VG</arg>
<arg>VI</arg>
<arg>VN</arg>
<arg>VU</arg>
<arg>WF</arg>
<arg>WS</arg>
<arg>XK</arg>
<arg>YE</arg>
<arg>YT</arg>
<arg>ZA</arg>
<arg>ZM</arg>
<arg>ZW</arg>
<doc>Returns a list containing given items.</doc>
<status status="PASS" start="2024-04-03T06:17:25.271121" elapsed="0.000647"/>
</kw>
<kw name="List Should Contain Value" owner="Collections">
<msg time="2024-04-03T06:17:25.272858" level="INFO">False</msg>
<arg>${list_country}</arg>
<arg>${name_country}</arg>
<doc>Fails if the ``value`` is not found from ``list``.</doc>
<status status="PASS" start="2024-04-03T06:17:25.272654" elapsed="0.000243"/>
</kw>
<kw name="Run Keyword If" owner="BuiltIn">
<kw name="Should Be True" owner="BuiltIn">
<arg>${True}</arg>
<doc>Fails if the given condition is not true.</doc>
<status status="PASS" start="2024-04-03T06:17:25.273951" elapsed="0.000145"/>
</kw>
<arg>${json_data["results"][0]["location"]["coordinates"]["latitude"]} &gt;= -90 and ${json_data["results"][0]["location"]["coordinates"]["latitude"]} &lt;= 90</arg>
<arg>Should Be True</arg>
<arg>${True}</arg>
<doc>Runs the given keyword with the given arguments, if ``condition`` is true.</doc>
<status status="PASS" start="2024-04-03T06:17:25.273210" elapsed="0.001013"/>
</kw>
<kw name="Run Keyword If" owner="BuiltIn">
<kw name="Should Be True" owner="BuiltIn">
<arg>${True}</arg>
<doc>Fails if the given condition is not true.</doc>
<status status="PASS" start="2024-04-03T06:17:25.275123" elapsed="0.000140"/>
</kw>
<arg>${json_data["results"][0]["location"]["coordinates"]["longitude"]} &gt;= -180 and ${json_data["results"][0]["location"]["coordinates"]["longitude"]} &lt;= 180</arg>
<arg>Should Be True</arg>
<arg>${True}</arg>
<doc>Runs the given keyword with the given arguments, if ``condition`` is true.</doc>
<status status="PASS" start="2024-04-03T06:17:25.274410" elapsed="0.000979"/>
</kw>
<status status="PASS" start="2024-04-03T06:17:25.176425" elapsed="0.099093"/>
</kw>
<doc>Testa o conteúdo específico dos campos retornados pela API.</doc>
<tag>testeConteudo</tag>
<status status="PASS" start="2024-04-03T06:17:25.175760" elapsed="0.099937"/>
</test>
<status status="PASS" start="2024-04-03T06:17:24.333973" elapsed="0.943559"/>
</suite>
<status status="PASS" start="2024-04-03T06:17:24.320374" elapsed="0.962338"/>
</suite>
<statistics>
<total>
<stat pass="5" fail="0" skip="0">All Tests</stat>
</total>
<tag>
<stat pass="1" fail="0" skip="0">testeConteudo</stat>
<stat pass="1" fail="0" skip="0">testeEstruturaResposta</stat>
<stat pass="1" fail="0" skip="0">testeRequisicaoBasica</stat>
<stat pass="1" fail="0" skip="0">testeTiposDados</stat>
</tag>
<suite>
<stat pass="5" fail="0" skip="0" id="s1" name="Tests">Tests</stat>
<stat pass="5" fail="0" skip="0" id="s1-s1" name="Random-User-Test">Tests.Random-User-Test</stat>
</suite>
</statistics>
<errors>
</errors>
</robot>
