<?xml version="1.0" encoding="UTF-8"?>
<robot generator="Robot 7.0 (Python 3.12.3 on linux)" generated="2024-05-01T12:26:38.437680" rpa="false" schemaversion="5">
<suite id="s1" name="Tests" source="/home/runner/work/DesafioQAItauRogerioJordao/DesafioQAItauRogerioJordao/RamdonUser/tests">
<suite id="s1-s1" name="Random-User-Test" source="/home/runner/work/DesafioQAItauRogerioJordao/DesafioQAItauRogerioJordao/RamdonUser/tests/random-user-test.robot">
<test id="s1-s1-t1" name="Conectar" line="13">
<kw name="Conectar API" owner="random-user-service">
<kw name="Create Session" owner="RequestsLibrary">
<msg time="2024-05-01T12:26:38.809017" level="INFO">Creating Session using : alias=consultarAPI, url=https://randomuser.me/, headers={},                     cookies={}, auth=None, timeout=None, proxies=None, verify=False,                     debug=0 </msg>
<arg>consultarAPI</arg>
<arg>${URL}</arg>
<doc>Create Session: create a HTTP session to a server</doc>
<status status="PASS" start="2024-05-01T12:26:38.808797" elapsed="0.000407"/>
</kw>
<status status="PASS" start="2024-05-01T12:26:38.807832" elapsed="0.001724"/>
</kw>
<status status="PASS" start="2024-05-01T12:26:38.807225" elapsed="0.002528"/>
</test>
<test id="s1-s1-t2" name="Validar retorno 200 e JSON Válido" line="16">
<kw name="Teste de Requisicao Basica" owner="random-user-service">
<kw name="GET On Session" owner="RequestsLibrary">
<msg time="2024-05-01T12:26:38.903542" level="INFO">GET Request : url=https://randomuser.me/api 
 path_url=/api 
 headers={'User-Agent': 'python-requests/2.31.0', 'Accept-Encoding': 'gzip, deflate', 'Accept': '*/*', 'Connection': 'keep-alive'} 
 body=None 
 </msg>
<msg time="2024-05-01T12:26:38.903683" level="INFO">GET Response : url=https://randomuser.me/api 
 status=200, reason=OK 
 headers={'Date': 'Wed, 01 May 2024 12:26:38 GMT', 'Content-Type': 'application/json; charset=utf-8', 'Transfer-Encoding': 'chunked', 'Connection': 'keep-alive', 'X-Powered-By': 'Express', 'Access-Control-Allow-Origin': '*', 'Cache-Control': 'no-cache', 'ETag': 'W/"493-FJlkajGTZenxfVJWCQQ6bpmA3p0"', 'Vary': 'Accept-Encoding', 'Content-Encoding': 'gzip', 'CF-Cache-Status': 'DYNAMIC', 'Report-To': '{"endpoints":[{"url":"https:\\/\\/a.nel.cloudflare.com\\/report\\/v4?s=j%2B2opAuFmUh5Y6LzRV%2FTIgNoFuJblfcim8emzFJXpX1EwVVVmxAjdCxvhhHH45qvMv%2BcISoymbXAgwYMuPsy%2FlFPguU27XvD6JuaS5USbBBOKmEr0BIdzepnYchSdGfG"}],"group":"cf-nel","max_age":604800}', 'NEL': '{"success_fraction":0,"report_to":"cf-nel","max_age":604800}', 'Server': 'cloudflare', 'CF-RAY': '87cfc2d8d9df10b7-ORD', 'alt-svc': 'h3=":443"; ma=86400'} 
 body={"results":[{"gender":"female","name":{"title":"Ms","first":"Laura","last":"Roy"},"location":{"street":{"number":6506,"name":"Rue Victor-Hugo"},"city":"Angers","state":"Ain","country":"France","postcode":20202,"coordinates":{"latitude":"-21.1230","longitude":"44.7082"},"timezone":{"offset":"-4:00","description":"Atlantic Time (Canada), Caracas, La Paz"}},"email":"laura.roy@example.com","login":{"uuid":"8fb4af00-1a67-4e9c-a1ec-b208001c6e3f","username":"smallpanda258","password":"toaster","salt":"QAE4MXOg","md5":"49a99c2c8f60b26e7a8726396f1e5977","sha1":"78d39af06576d9e6a62a9e2263a35907926d5a60","sha256":"799b33c0da721996b39faf1f037d2c6f38246c1a66f0b87400f5574887e4a5b2"},"dob":{"date":"1945-01-03T04:45:53.509Z","age":79},"registered":{"date":"2012-09-22T18:03:38.880Z","age":11},"phone":"01-07-48-29-58","cell":"06-60-74-87-39","id":{"name":"INSEE","value":"2450071840978 58"},"picture":{"large":"https://randomuser.me/api/portraits/women/5.jpg","medium":"https://randomuser.me/api/portraits/med/women/5.jpg","thumbnail":"https://randomuser.me/api/portraits/thumb/women/5.jpg"},"nat":"FR"}],"info":{"seed":"716d4d2e3f6854ec","results":1,"page":1,"version":"1.4"}} 
 </msg>
<msg time="2024-05-01T12:26:38.903763" level="INFO">/opt/hostedtoolcache/Python/3.12.3/x64/lib/python3.12/site-packages/urllib3/connectionpool.py:1103: InsecureRequestWarning: Unverified HTTPS request is being made to host 'randomuser.me'. Adding certificate verification is strongly advised. See: https://urllib3.readthedocs.io/en/latest/advanced-usage.html#tls-warnings
  warnings.warn(</msg>
<msg time="2024-05-01T12:26:38.903914" level="INFO">${response} = &lt;Response [200]&gt;</msg>
<var>${response}</var>
<arg>consultarAPI</arg>
<arg>/api</arg>
<doc>Sends a GET request on a previously created HTTP Session.</doc>
<status status="PASS" start="2024-05-01T12:26:38.812414" elapsed="0.091542"/>
</kw>
<kw name="Should Be Equal As Numbers" owner="BuiltIn">
<msg time="2024-05-01T12:26:38.905069" level="INFO">Argument types are:
&lt;class 'int'&gt;
&lt;class 'str'&gt;</msg>
<arg>${response.status_code}</arg>
<arg>200</arg>
<doc>Fails if objects are unequal after converting them to real numbers.</doc>
<status status="PASS" start="2024-05-01T12:26:38.904565" elapsed="0.000573"/>
</kw>
<kw name="Log" owner="BuiltIn">
<msg time="2024-05-01T12:26:38.905888" level="INFO">200</msg>
<arg>${response.status_code}</arg>
<doc>Logs the given message with the given level.</doc>
<status status="PASS" start="2024-05-01T12:26:38.905515" elapsed="0.000417"/>
</kw>
<kw name="Set Variable" owner="BuiltIn">
<msg time="2024-05-01T12:26:38.906692" level="INFO">${json_data} = {'results': [{'gender': 'female', 'name': {'title': 'Ms', 'first': 'Laura', 'last': 'Roy'}, 'location': {'street': {'number': 6506, 'name': 'Rue Victor-Hugo'}, 'city': 'Angers', 'state': 'Ain', 'count...</msg>
<var>${json_data}</var>
<arg>${response.json()}</arg>
<doc>Returns the given values which can then be assigned to a variables.</doc>
<status status="PASS" start="2024-05-01T12:26:38.906243" elapsed="0.000477"/>
</kw>
<kw name="Dictionary Should Contain Key" owner="Collections">
<msg time="2024-05-01T12:26:38.907192" level="INFO">False</msg>
<arg>${json_data}</arg>
<arg>results</arg>
<doc>Fails if ``key`` is not found from ``dictionary``.</doc>
<status status="PASS" start="2024-05-01T12:26:38.907023" elapsed="0.000209"/>
</kw>
<status status="PASS" start="2024-05-01T12:26:38.812168" elapsed="0.095322"/>
</kw>
<doc>Testa se a API responde corretamente e retorna um objeto JSON válido.</doc>
<tag>testeRequisicaoBasica</tag>
<status status="PASS" start="2024-05-01T12:26:38.811615" elapsed="0.096059"/>
</test>
<test id="s1-s1-t3" name="Validar estrutura de resposta" line="22">
<kw name="Teste de Estrutura de Resposta" owner="random-user-service">
<kw name="GET On Session" owner="RequestsLibrary">
<msg time="2024-05-01T12:26:38.995012" level="INFO">GET Request : url=https://randomuser.me/api 
 path_url=/api 
 headers={'User-Agent': 'python-requests/2.31.0', 'Accept-Encoding': 'gzip, deflate', 'Accept': '*/*', 'Connection': 'keep-alive'} 
 body=None 
 </msg>
<msg time="2024-05-01T12:26:38.995083" level="INFO">GET Response : url=https://randomuser.me/api 
 status=200, reason=OK 
 headers={'Date': 'Wed, 01 May 2024 12:26:38 GMT', 'Content-Type': 'application/json; charset=utf-8', 'Transfer-Encoding': 'chunked', 'Connection': 'keep-alive', 'X-Powered-By': 'Express', 'Access-Control-Allow-Origin': '*', 'Cache-Control': 'no-cache', 'ETag': 'W/"46f-QYBIbGXk6PP5aamt1yn4lxwZLfk"', 'Vary': 'Accept-Encoding', 'Content-Encoding': 'gzip', 'CF-Cache-Status': 'DYNAMIC', 'Report-To': '{"endpoints":[{"url":"https:\\/\\/a.nel.cloudflare.com\\/report\\/v4?s=Ug6pTEQRM4iJeH3Gr2gWg%2FTeAJDsfIpLWJfz%2But2UyqjWubifQ9ZeCfms4kZPAtFRE7ECjP2NeeAAr%2FOvc4YegdFf5G6l%2FEySpb9gESV2ugtEplCSnZS3IxQm3nA1bM4"}],"group":"cf-nel","max_age":604800}', 'NEL': '{"success_fraction":0,"report_to":"cf-nel","max_age":604800}', 'Server': 'cloudflare', 'CF-RAY': '87cfc2d93a5e10b7-ORD', 'alt-svc': 'h3=":443"; ma=86400'} 
 body={"results":[{"gender":"male","name":{"title":"Mr","first":"Thorvald","last":"Kvale"},"location":{"street":{"number":6693,"name":"P. A. Holms vei"},"city":"Askøy","state":"Hedmark","country":"Norway","postcode":"1801","coordinates":{"latitude":"41.4469","longitude":"-25.6177"},"timezone":{"offset":"+3:30","description":"Tehran"}},"email":"thorvald.kvale@example.com","login":{"uuid":"e79aa054-25a2-40f3-8706-9c2c53093632","username":"beautifulgorilla660","password":"isabella","salt":"kvNjb9mG","md5":"a4dcd0fa9493c1a65e06c5bf78efd19e","sha1":"7affdd426d7a7dbc2e074593a262a484975e42c0","sha256":"fc9a58fca27c1336b8dd3b72c091b2cef9abbebf2de957681eab4ee13660306f"},"dob":{"date":"1990-01-20T09:06:12.162Z","age":34},"registered":{"date":"2004-10-31T20:53:04.734Z","age":19},"phone":"32051321","cell":"94878468","id":{"name":"FN","value":"20019049702"},"picture":{"large":"https://randomuser.me/api/portraits/men/76.jpg","medium":"https://randomuser.me/api/portraits/med/men/76.jpg","thumbnail":"https://randomuser.me/api/portraits/thumb/men/76.jpg"},"nat":"NO"}],"info":{"seed":"9a80c0954c751b26","results":1,"page":1,"version":"1.4"}} 
 </msg>
<msg time="2024-05-01T12:26:38.995187" level="INFO">/opt/hostedtoolcache/Python/3.12.3/x64/lib/python3.12/site-packages/urllib3/connectionpool.py:1103: InsecureRequestWarning: Unverified HTTPS request is being made to host 'randomuser.me'. Adding certificate verification is strongly advised. See: https://urllib3.readthedocs.io/en/latest/advanced-usage.html#tls-warnings
  warnings.warn(</msg>
<msg time="2024-05-01T12:26:38.995338" level="INFO">${response} = &lt;Response [200]&gt;</msg>
<var>${response}</var>
<arg>consultarAPI</arg>
<arg>/api</arg>
<doc>Sends a GET request on a previously created HTTP Session.</doc>
<status status="PASS" start="2024-05-01T12:26:38.910874" elapsed="0.084507"/>
</kw>
<kw name="Set Variable" owner="BuiltIn">
<msg time="2024-05-01T12:26:38.996218" level="INFO">${json_data} = {'results': [{'gender': 'male', 'name': {'title': 'Mr', 'first': 'Thorvald', 'last': 'Kvale'}, 'location': {'street': {'number': 6693, 'name': 'P. A. Holms vei'}, 'city': 'Askøy', 'state': 'Hedmark', ...</msg>
<var>${json_data}</var>
<arg>${response.json()}</arg>
<doc>Returns the given values which can then be assigned to a variables.</doc>
<status status="PASS" start="2024-05-01T12:26:38.995749" elapsed="0.000499"/>
</kw>
<kw name="Log" owner="BuiltIn">
<msg time="2024-05-01T12:26:38.996710" level="INFO">{'results': [{'gender': 'male', 'name': {'title': 'Mr', 'first': 'Thorvald', 'last': 'Kvale'}, 'location': {'street': {'number': 6693, 'name': 'P. A. Holms vei'}, 'city': 'Askøy', 'state': 'Hedmark', 'country': 'Norway', 'postcode': '1801', 'coordinates': {'latitude': '41.4469', 'longitude': '-25.6177'}, 'timezone': {'offset': '+3:30', 'description': 'Tehran'}}, 'email': 'thorvald.kvale@example.com', 'login': {'uuid': 'e79aa054-25a2-40f3-8706-9c2c53093632', 'username': 'beautifulgorilla660', 'password': 'isabella', 'salt': 'kvNjb9mG', 'md5': 'a4dcd0fa9493c1a65e06c5bf78efd19e', 'sha1': '7affdd426d7a7dbc2e074593a262a484975e42c0', 'sha256': 'fc9a58fca27c1336b8dd3b72c091b2cef9abbebf2de957681eab4ee13660306f'}, 'dob': {'date': '1990-01-20T09:06:12.162Z', 'age': 34}, 'registered': {'date': '2004-10-31T20:53:04.734Z', 'age': 19}, 'phone': '32051321', 'cell': '94878468', 'id': {'name': 'FN', 'value': '20019049702'}, 'picture': {'large': 'https://randomuser.me/api/portraits/men/76.jpg', 'medium': 'https://randomuser.me/api/portraits/med/men/76.jpg', 'thumbnail': 'https://randomuser.me/api/portraits/thumb/men/76.jpg'}, 'nat': 'NO'}], 'info': {'seed': '9a80c0954c751b26', 'results': 1, 'page': 1, 'version': '1.4'}}</msg>
<arg>${json_data}</arg>
<doc>Logs the given message with the given level.</doc>
<status status="PASS" start="2024-05-01T12:26:38.996547" elapsed="0.000212"/>
</kw>
<kw name="Dictionary Should Contain Key" owner="Collections">
<msg time="2024-05-01T12:26:38.997234" level="INFO">False</msg>
<arg>${json_data}</arg>
<arg>results</arg>
<doc>Fails if ``key`` is not found from ``dictionary``.</doc>
<status status="PASS" start="2024-05-01T12:26:38.997078" elapsed="0.000192"/>
</kw>
<kw name="Should Not Be Empty" owner="BuiltIn">
<msg time="2024-05-01T12:26:38.997683" level="INFO">Length is 2.</msg>
<arg>${json_data}</arg>
<doc>Verifies that the given item is not empty.</doc>
<status status="PASS" start="2024-05-01T12:26:38.997556" elapsed="0.000163"/>
</kw>
<kw name="Create List" owner="BuiltIn">
<msg time="2024-05-01T12:26:38.998288" level="INFO">${expected_keys} = ['gender', 'name', 'location', 'email', 'login']</msg>
<var>${expected_keys}</var>
<arg>gender</arg>
<arg>name</arg>
<arg>location</arg>
<arg>email</arg>
<arg>login</arg>
<doc>Returns a list containing given items.</doc>
<status status="PASS" start="2024-05-01T12:26:38.997999" elapsed="0.000314"/>
</kw>
<for flavor="IN">
<iter>
<kw name="Dictionary Should Contain Key" owner="Collections">
<msg time="2024-05-01T12:26:38.999288" level="INFO">False</msg>
<arg>${json_data['results'][0]}</arg>
<arg>${key}</arg>
<doc>Fails if ``key`` is not found from ``dictionary``.</doc>
<status status="PASS" start="2024-05-01T12:26:38.998890" elapsed="0.000435"/>
</kw>
<kw name="Log" owner="BuiltIn">
<msg time="2024-05-01T12:26:38.999978" level="INFO">{'gender': 'male', 'name': {'title': 'Mr', 'first': 'Thorvald', 'last': 'Kvale'}, 'location': {'street': {'number': 6693, 'name': 'P. A. Holms vei'}, 'city': 'Askøy', 'state': 'Hedmark', 'country': 'Norway', 'postcode': '1801', 'coordinates': {'latitude': '41.4469', 'longitude': '-25.6177'}, 'timezone': {'offset': '+3:30', 'description': 'Tehran'}}, 'email': 'thorvald.kvale@example.com', 'login': {'uuid': 'e79aa054-25a2-40f3-8706-9c2c53093632', 'username': 'beautifulgorilla660', 'password': 'isabella', 'salt': 'kvNjb9mG', 'md5': 'a4dcd0fa9493c1a65e06c5bf78efd19e', 'sha1': '7affdd426d7a7dbc2e074593a262a484975e42c0', 'sha256': 'fc9a58fca27c1336b8dd3b72c091b2cef9abbebf2de957681eab4ee13660306f'}, 'dob': {'date': '1990-01-20T09:06:12.162Z', 'age': 34}, 'registered': {'date': '2004-10-31T20:53:04.734Z', 'age': 19}, 'phone': '32051321', 'cell': '94878468', 'id': {'name': 'FN', 'value': '20019049702'}, 'picture': {'large': 'https://randomuser.me/api/portraits/men/76.jpg', 'medium': 'https://randomuser.me/api/portraits/med/men/76.jpg', 'thumbnail': 'https://randomuser.me/api/portraits/thumb/men/76.jpg'}, 'nat': 'NO'}</msg>
<arg>${json_data['results'][0]}</arg>
<doc>Logs the given message with the given level.</doc>
<status status="PASS" start="2024-05-01T12:26:38.999618" elapsed="0.000408"/>
</kw>
<kw name="Log" owner="BuiltIn">
<msg time="2024-05-01T12:26:39.000460" level="INFO">gender</msg>
<arg>${key}</arg>
<doc>Logs the given message with the given level.</doc>
<status status="PASS" start="2024-05-01T12:26:39.000336" elapsed="0.000160"/>
</kw>
<var name="${key}">gender</var>
<status status="PASS" start="2024-05-01T12:26:38.998765" elapsed="0.001940"/>
</iter>
<iter>
<kw name="Dictionary Should Contain Key" owner="Collections">
<msg time="2024-05-01T12:26:39.001408" level="INFO">False</msg>
<arg>${json_data['results'][0]}</arg>
<arg>${key}</arg>
<doc>Fails if ``key`` is not found from ``dictionary``.</doc>
<status status="PASS" start="2024-05-01T12:26:39.001018" elapsed="0.000426"/>
</kw>
<kw name="Log" owner="BuiltIn">
<msg time="2024-05-01T12:26:39.002121" level="INFO">{'gender': 'male', 'name': {'title': 'Mr', 'first': 'Thorvald', 'last': 'Kvale'}, 'location': {'street': {'number': 6693, 'name': 'P. A. Holms vei'}, 'city': 'Askøy', 'state': 'Hedmark', 'country': 'Norway', 'postcode': '1801', 'coordinates': {'latitude': '41.4469', 'longitude': '-25.6177'}, 'timezone': {'offset': '+3:30', 'description': 'Tehran'}}, 'email': 'thorvald.kvale@example.com', 'login': {'uuid': 'e79aa054-25a2-40f3-8706-9c2c53093632', 'username': 'beautifulgorilla660', 'password': 'isabella', 'salt': 'kvNjb9mG', 'md5': 'a4dcd0fa9493c1a65e06c5bf78efd19e', 'sha1': '7affdd426d7a7dbc2e074593a262a484975e42c0', 'sha256': 'fc9a58fca27c1336b8dd3b72c091b2cef9abbebf2de957681eab4ee13660306f'}, 'dob': {'date': '1990-01-20T09:06:12.162Z', 'age': 34}, 'registered': {'date': '2004-10-31T20:53:04.734Z', 'age': 19}, 'phone': '32051321', 'cell': '94878468', 'id': {'name': 'FN', 'value': '20019049702'}, 'picture': {'large': 'https://randomuser.me/api/portraits/men/76.jpg', 'medium': 'https://randomuser.me/api/portraits/med/men/76.jpg', 'thumbnail': 'https://randomuser.me/api/portraits/thumb/men/76.jpg'}, 'nat': 'NO'}</msg>
<arg>${json_data['results'][0]}</arg>
<doc>Logs the given message with the given level.</doc>
<status status="PASS" start="2024-05-01T12:26:39.001761" elapsed="0.000407"/>
</kw>
<kw name="Log" owner="BuiltIn">
<msg time="2024-05-01T12:26:39.002585" level="INFO">name</msg>
<arg>${key}</arg>
<doc>Logs the given message with the given level.</doc>
<status status="PASS" start="2024-05-01T12:26:39.002460" elapsed="0.000160"/>
</kw>
<var name="${key}">name</var>
<status status="PASS" start="2024-05-01T12:26:39.000887" elapsed="0.001944"/>
</iter>
<iter>
<kw name="Dictionary Should Contain Key" owner="Collections">
<msg time="2024-05-01T12:26:39.003499" level="INFO">False</msg>
<arg>${json_data['results'][0]}</arg>
<arg>${key}</arg>
<doc>Fails if ``key`` is not found from ``dictionary``.</doc>
<status status="PASS" start="2024-05-01T12:26:39.003114" elapsed="0.000422"/>
</kw>
<kw name="Log" owner="BuiltIn">
<msg time="2024-05-01T12:26:39.004221" level="INFO">{'gender': 'male', 'name': {'title': 'Mr', 'first': 'Thorvald', 'last': 'Kvale'}, 'location': {'street': {'number': 6693, 'name': 'P. A. Holms vei'}, 'city': 'Askøy', 'state': 'Hedmark', 'country': 'Norway', 'postcode': '1801', 'coordinates': {'latitude': '41.4469', 'longitude': '-25.6177'}, 'timezone': {'offset': '+3:30', 'description': 'Tehran'}}, 'email': 'thorvald.kvale@example.com', 'login': {'uuid': 'e79aa054-25a2-40f3-8706-9c2c53093632', 'username': 'beautifulgorilla660', 'password': 'isabella', 'salt': 'kvNjb9mG', 'md5': 'a4dcd0fa9493c1a65e06c5bf78efd19e', 'sha1': '7affdd426d7a7dbc2e074593a262a484975e42c0', 'sha256': 'fc9a58fca27c1336b8dd3b72c091b2cef9abbebf2de957681eab4ee13660306f'}, 'dob': {'date': '1990-01-20T09:06:12.162Z', 'age': 34}, 'registered': {'date': '2004-10-31T20:53:04.734Z', 'age': 19}, 'phone': '32051321', 'cell': '94878468', 'id': {'name': 'FN', 'value': '20019049702'}, 'picture': {'large': 'https://randomuser.me/api/portraits/men/76.jpg', 'medium': 'https://randomuser.me/api/portraits/med/men/76.jpg', 'thumbnail': 'https://randomuser.me/api/portraits/thumb/men/76.jpg'}, 'nat': 'NO'}</msg>
<arg>${json_data['results'][0]}</arg>
<doc>Logs the given message with the given level.</doc>
<status status="PASS" start="2024-05-01T12:26:39.003845" elapsed="0.000424"/>
</kw>
<kw name="Log" owner="BuiltIn">
<msg time="2024-05-01T12:26:39.004689" level="INFO">location</msg>
<arg>${key}</arg>
<doc>Logs the given message with the given level.</doc>
<status status="PASS" start="2024-05-01T12:26:39.004563" elapsed="0.000163"/>
</kw>
<var name="${key}">location</var>
<status status="PASS" start="2024-05-01T12:26:39.003005" elapsed="0.001931"/>
</iter>
<iter>
<kw name="Dictionary Should Contain Key" owner="Collections">
<msg time="2024-05-01T12:26:39.005625" level="INFO">False</msg>
<arg>${json_data['results'][0]}</arg>
<arg>${key}</arg>
<doc>Fails if ``key`` is not found from ``dictionary``.</doc>
<status status="PASS" start="2024-05-01T12:26:39.005241" elapsed="0.000421"/>
</kw>
<kw name="Log" owner="BuiltIn">
<msg time="2024-05-01T12:26:39.006336" level="INFO">{'gender': 'male', 'name': {'title': 'Mr', 'first': 'Thorvald', 'last': 'Kvale'}, 'location': {'street': {'number': 6693, 'name': 'P. A. Holms vei'}, 'city': 'Askøy', 'state': 'Hedmark', 'country': 'Norway', 'postcode': '1801', 'coordinates': {'latitude': '41.4469', 'longitude': '-25.6177'}, 'timezone': {'offset': '+3:30', 'description': 'Tehran'}}, 'email': 'thorvald.kvale@example.com', 'login': {'uuid': 'e79aa054-25a2-40f3-8706-9c2c53093632', 'username': 'beautifulgorilla660', 'password': 'isabella', 'salt': 'kvNjb9mG', 'md5': 'a4dcd0fa9493c1a65e06c5bf78efd19e', 'sha1': '7affdd426d7a7dbc2e074593a262a484975e42c0', 'sha256': 'fc9a58fca27c1336b8dd3b72c091b2cef9abbebf2de957681eab4ee13660306f'}, 'dob': {'date': '1990-01-20T09:06:12.162Z', 'age': 34}, 'registered': {'date': '2004-10-31T20:53:04.734Z', 'age': 19}, 'phone': '32051321', 'cell': '94878468', 'id': {'name': 'FN', 'value': '20019049702'}, 'picture': {'large': 'https://randomuser.me/api/portraits/men/76.jpg', 'medium': 'https://randomuser.me/api/portraits/med/men/76.jpg', 'thumbnail': 'https://randomuser.me/api/portraits/thumb/men/76.jpg'}, 'nat': 'NO'}</msg>
<arg>${json_data['results'][0]}</arg>
<doc>Logs the given message with the given level.</doc>
<status status="PASS" start="2024-05-01T12:26:39.005968" elapsed="0.000416"/>
</kw>
<kw name="Log" owner="BuiltIn">
<msg time="2024-05-01T12:26:39.006798" level="INFO">email</msg>
<arg>${key}</arg>
<doc>Logs the given message with the given level.</doc>
<status status="PASS" start="2024-05-01T12:26:39.006673" elapsed="0.000161"/>
</kw>
<var name="${key}">email</var>
<status status="PASS" start="2024-05-01T12:26:39.005131" elapsed="0.001917"/>
</iter>
<iter>
<kw name="Dictionary Should Contain Key" owner="Collections">
<msg time="2024-05-01T12:26:39.007710" level="INFO">False</msg>
<arg>${json_data['results'][0]}</arg>
<arg>${key}</arg>
<doc>Fails if ``key`` is not found from ``dictionary``.</doc>
<status status="PASS" start="2024-05-01T12:26:39.007326" elapsed="0.000420"/>
</kw>
<kw name="Log" owner="BuiltIn">
<msg time="2024-05-01T12:26:39.008403" level="INFO">{'gender': 'male', 'name': {'title': 'Mr', 'first': 'Thorvald', 'last': 'Kvale'}, 'location': {'street': {'number': 6693, 'name': 'P. A. Holms vei'}, 'city': 'Askøy', 'state': 'Hedmark', 'country': 'Norway', 'postcode': '1801', 'coordinates': {'latitude': '41.4469', 'longitude': '-25.6177'}, 'timezone': {'offset': '+3:30', 'description': 'Tehran'}}, 'email': 'thorvald.kvale@example.com', 'login': {'uuid': 'e79aa054-25a2-40f3-8706-9c2c53093632', 'username': 'beautifulgorilla660', 'password': 'isabella', 'salt': 'kvNjb9mG', 'md5': 'a4dcd0fa9493c1a65e06c5bf78efd19e', 'sha1': '7affdd426d7a7dbc2e074593a262a484975e42c0', 'sha256': 'fc9a58fca27c1336b8dd3b72c091b2cef9abbebf2de957681eab4ee13660306f'}, 'dob': {'date': '1990-01-20T09:06:12.162Z', 'age': 34}, 'registered': {'date': '2004-10-31T20:53:04.734Z', 'age': 19}, 'phone': '32051321', 'cell': '94878468', 'id': {'name': 'FN', 'value': '20019049702'}, 'picture': {'large': 'https://randomuser.me/api/portraits/men/76.jpg', 'medium': 'https://randomuser.me/api/portraits/med/men/76.jpg', 'thumbnail': 'https://randomuser.me/api/portraits/thumb/men/76.jpg'}, 'nat': 'NO'}</msg>
<arg>${json_data['results'][0]}</arg>
<doc>Logs the given message with the given level.</doc>
<status status="PASS" start="2024-05-01T12:26:39.008038" elapsed="0.000413"/>
</kw>
<kw name="Log" owner="BuiltIn">
<msg time="2024-05-01T12:26:39.008868" level="INFO">login</msg>
<arg>${key}</arg>
<doc>Logs the given message with the given level.</doc>
<status status="PASS" start="2024-05-01T12:26:39.008744" elapsed="0.000160"/>
</kw>
<var name="${key}">login</var>
<status status="PASS" start="2024-05-01T12:26:39.007217" elapsed="0.001916"/>
</iter>
<var>${key}</var>
<value>@{expected_keys}</value>
<status status="PASS" start="2024-05-01T12:26:38.998580" elapsed="0.010688"/>
</for>
<kw name="Create List" owner="BuiltIn">
<msg time="2024-05-01T12:26:39.009625" level="INFO">${expected_keysTwo} = ['username', 'password']</msg>
<var>${expected_keysTwo}</var>
<arg>username</arg>
<arg>password</arg>
<doc>Returns a list containing given items.</doc>
<status status="PASS" start="2024-05-01T12:26:39.009488" elapsed="0.000160"/>
</kw>
<for flavor="IN">
<iter>
<kw name="Dictionary Should Contain Key" owner="Collections">
<msg time="2024-05-01T12:26:39.010518" level="INFO">False</msg>
<arg>${json_data['results'][0]['login']}</arg>
<arg>${keyTwo}</arg>
<doc>Fails if ``key`` is not found from ``dictionary``.</doc>
<status status="PASS" start="2024-05-01T12:26:39.010134" elapsed="0.000420"/>
</kw>
<kw name="Dictionary Should Contain Key" owner="Collections">
<msg time="2024-05-01T12:26:39.011221" level="INFO">False</msg>
<arg>${json_data['results'][0]['login']}</arg>
<arg>${keyTwo}</arg>
<doc>Fails if ``key`` is not found from ``dictionary``.</doc>
<status status="PASS" start="2024-05-01T12:26:39.010840" elapsed="0.000416"/>
</kw>
<kw name="Log" owner="BuiltIn">
<msg time="2024-05-01T12:26:39.011668" level="INFO">username</msg>
<arg>${keyTwo}</arg>
<doc>Logs the given message with the given level.</doc>
<status status="PASS" start="2024-05-01T12:26:39.011543" elapsed="0.000166"/>
</kw>
<var name="${keyTwo}">username</var>
<status status="PASS" start="2024-05-01T12:26:39.010026" elapsed="0.001894"/>
</iter>
<iter>
<kw name="Dictionary Should Contain Key" owner="Collections">
<msg time="2024-05-01T12:26:39.012604" level="INFO">False</msg>
<arg>${json_data['results'][0]['login']}</arg>
<arg>${keyTwo}</arg>
<doc>Fails if ``key`` is not found from ``dictionary``.</doc>
<status status="PASS" start="2024-05-01T12:26:39.012223" elapsed="0.000418"/>
</kw>
<kw name="Dictionary Should Contain Key" owner="Collections">
<msg time="2024-05-01T12:26:39.013403" level="INFO">False</msg>
<arg>${json_data['results'][0]['login']}</arg>
<arg>${keyTwo}</arg>
<doc>Fails if ``key`` is not found from ``dictionary``.</doc>
<status status="PASS" start="2024-05-01T12:26:39.012930" elapsed="0.000511"/>
</kw>
<kw name="Log" owner="BuiltIn">
<msg time="2024-05-01T12:26:39.013862" level="INFO">password</msg>
<arg>${keyTwo}</arg>
<doc>Logs the given message with the given level.</doc>
<status status="PASS" start="2024-05-01T12:26:39.013735" elapsed="0.000164"/>
</kw>
<var name="${keyTwo}">password</var>
<status status="PASS" start="2024-05-01T12:26:39.012099" elapsed="0.002014"/>
</iter>
<var>${keyTwo}</var>
<value>@{expected_keysTwo}</value>
<status status="PASS" start="2024-05-01T12:26:39.009878" elapsed="0.004354"/>
</for>
<status status="PASS" start="2024-05-01T12:26:38.910633" elapsed="0.103736"/>
</kw>
<doc>Testa a estrutura da resposta da API.</doc>
<tag>testeEstruturaResposta</tag>
<status status="PASS" start="2024-05-01T12:26:38.910126" elapsed="0.104397"/>
</test>
<test id="s1-s1-t4" name="Validar tipos de dados" line="28">
<kw name="Teste de Tipos de Dados" owner="random-user-service">
<kw name="GET On Session" owner="RequestsLibrary">
<msg time="2024-05-01T12:26:39.103838" level="INFO">GET Request : url=https://randomuser.me/api 
 path_url=/api 
 headers={'User-Agent': 'python-requests/2.31.0', 'Accept-Encoding': 'gzip, deflate', 'Accept': '*/*', 'Connection': 'keep-alive'} 
 body=None 
 </msg>
<msg time="2024-05-01T12:26:39.103905" level="INFO">GET Response : url=https://randomuser.me/api 
 status=200, reason=OK 
 headers={'Date': 'Wed, 01 May 2024 12:26:39 GMT', 'Content-Type': 'application/json; charset=utf-8', 'Transfer-Encoding': 'chunked', 'Connection': 'keep-alive', 'X-Powered-By': 'Express', 'Access-Control-Allow-Origin': '*', 'Cache-Control': 'no-cache', 'ETag': 'W/"494-PnlLy/BWT0uiDNLwT1bptwOXVDQ"', 'Vary': 'Accept-Encoding', 'Content-Encoding': 'gzip', 'CF-Cache-Status': 'DYNAMIC', 'Report-To': '{"endpoints":[{"url":"https:\\/\\/a.nel.cloudflare.com\\/report\\/v4?s=rGhpECVr06Vru5%2BNbxBLKpk0KbznpsBq%2BKq04%2FDrTLrzQ4kgikk4H5xgjpZxRYbnXQr4vsXf%2FTufcEz6LA0bqNIDpdo546%2F%2F6YVIovJCP43%2BBwe1X5XrFFn2ORWz5T7R"}],"group":"cf-nel","max_age":604800}', 'NEL': '{"success_fraction":0,"report_to":"cf-nel","max_age":604800}', 'Server': 'cloudflare', 'CF-RAY': '87cfc2d9db3010b7-ORD', 'alt-svc': 'h3=":443"; ma=86400'} 
 body={"results":[{"gender":"female","name":{"title":"Mrs","first":"Harper","last":"Martin"},"location":{"street":{"number":3515,"name":"Lakeview Ave"},"city":"Alma","state":"Alberta","country":"Canada","postcode":"W5Y 0S1","coordinates":{"latitude":"-65.2152","longitude":"107.8634"},"timezone":{"offset":"+10:00","description":"Eastern Australia, Guam, Vladivostok"}},"email":"harper.martin@example.com","login":{"uuid":"8a9f5900-a076-4a24-aaa9-478d2d3cc2c6","username":"purplefish527","password":"passwort","salt":"aBzPis3N","md5":"a039361ff0e8d8c6bf6ec802596341db","sha1":"7bad1e9ad6ff0a241c65cfb75474ea0f2da94fae","sha256":"09431a8c669aedf0675cf99976a474171da21d68ad0f81abcfe8de8b40a4fbf3"},"dob":{"date":"1973-06-23T02:32:08.670Z","age":50},"registered":{"date":"2019-04-21T21:35:26.364Z","age":5},"phone":"V17 T17-4710","cell":"L41 I39-8624","id":{"name":"SIN","value":"001990811"},"picture":{"large":"https://randomuser.me/api/portraits/women/14.jpg","medium":"https://randomuser.me/api/portraits/med/women/14.jpg","thumbnail":"https://randomuser.me/api/portraits/thumb/women/14.jpg"},"nat":"CA"}],"info":{"seed":"bb400be6ab06f437","results":1,"page":1,"version":"1.4"}} 
 </msg>
<msg time="2024-05-01T12:26:39.103963" level="INFO">/opt/hostedtoolcache/Python/3.12.3/x64/lib/python3.12/site-packages/urllib3/connectionpool.py:1103: InsecureRequestWarning: Unverified HTTPS request is being made to host 'randomuser.me'. Adding certificate verification is strongly advised. See: https://urllib3.readthedocs.io/en/latest/advanced-usage.html#tls-warnings
  warnings.warn(</msg>
<msg time="2024-05-01T12:26:39.104056" level="INFO">${response} = &lt;Response [200]&gt;</msg>
<var>${response}</var>
<arg>consultarAPI</arg>
<arg>/api</arg>
<doc>Sends a GET request on a previously created HTTP Session.</doc>
<status status="PASS" start="2024-05-01T12:26:39.016914" elapsed="0.087183"/>
</kw>
<kw name="Set Variable" owner="BuiltIn">
<msg time="2024-05-01T12:26:39.105012" level="INFO">${json_data} = {'results': [{'gender': 'female', 'name': {'title': 'Mrs', 'first': 'Harper', 'last': 'Martin'}, 'location': {'street': {'number': 3515, 'name': 'Lakeview Ave'}, 'city': 'Alma', 'state': 'Alberta', 'c...</msg>
<var>${json_data}</var>
<arg>${response.json()}</arg>
<doc>Returns the given values which can then be assigned to a variables.</doc>
<status status="PASS" start="2024-05-01T12:26:39.104527" elapsed="0.000517"/>
</kw>
<kw name="Log" owner="BuiltIn">
<msg time="2024-05-01T12:26:39.105558" level="INFO">{'results': [{'gender': 'female', 'name': {'title': 'Mrs', 'first': 'Harper', 'last': 'Martin'}, 'location': {'street': {'number': 3515, 'name': 'Lakeview Ave'}, 'city': 'Alma', 'state': 'Alberta', 'country': 'Canada', 'postcode': 'W5Y 0S1', 'coordinates': {'latitude': '-65.2152', 'longitude': '107.8634'}, 'timezone': {'offset': '+10:00', 'description': 'Eastern Australia, Guam, Vladivostok'}}, 'email': 'harper.martin@example.com', 'login': {'uuid': '8a9f5900-a076-4a24-aaa9-478d2d3cc2c6', 'username': 'purplefish527', 'password': 'passwort', 'salt': 'aBzPis3N', 'md5': 'a039361ff0e8d8c6bf6ec802596341db', 'sha1': '7bad1e9ad6ff0a241c65cfb75474ea0f2da94fae', 'sha256': '09431a8c669aedf0675cf99976a474171da21d68ad0f81abcfe8de8b40a4fbf3'}, 'dob': {'date': '1973-06-23T02:32:08.670Z', 'age': 50}, 'registered': {'date': '2019-04-21T21:35:26.364Z', 'age': 5}, 'phone': 'V17 T17-4710', 'cell': 'L41 I39-8624', 'id': {'name': 'SIN', 'value': '001990811'}, 'picture': {'large': 'https://randomuser.me/api/portraits/women/14.jpg', 'medium': 'https://randomuser.me/api/portraits/med/women/14.jpg', 'thumbnail': 'https://randomuser.me/api/portraits/thumb/women/14.jpg'}, 'nat': 'CA'}], 'info': {'seed': 'bb400be6ab06f437', 'results': 1, 'page': 1, 'version': '1.4'}}</msg>
<arg>${json_data}</arg>
<doc>Logs the given message with the given level.</doc>
<status status="PASS" start="2024-05-01T12:26:39.105392" elapsed="0.000212"/>
</kw>
<kw name="Should Be String" owner="String">
<arg>${json_data['results'][0]['gender']}</arg>
<doc>Fails if the given ``item`` is not a string.</doc>
<status status="PASS" start="2024-05-01T12:26:39.105930" elapsed="0.000364"/>
</kw>
<kw name="Should Match Regexp" owner="BuiltIn">
<arg>${json_data['results'][0]['email']}</arg>
<arg>^[a-zA-Z0-9._%+-]+@[a-zA-Z0-9.-]+\.[a-zA-Z]{2,}$</arg>
<doc>Fails if ``string`` does not match ``pattern`` as a regular expression.</doc>
<status status="PASS" start="2024-05-01T12:26:39.106484" elapsed="0.000504"/>
</kw>
<kw name="Should Match Regexp" owner="BuiltIn">
<arg>${json_data['results'][0]['dob']['date']}</arg>
<arg>\\d{4}-\\d{2}-\\d{2}T\\d{2}:\\d{2}:\\d{2}\\.\\d{3}Z</arg>
<doc>Fails if ``string`` does not match ``pattern`` as a regular expression.</doc>
<status status="PASS" start="2024-05-01T12:26:39.107179" elapsed="0.000481"/>
</kw>
<kw name="Should Match Regexp" owner="BuiltIn">
<arg>${json_data['results'][0]['registered']['date']}</arg>
<arg>\\d{4}-\\d{2}-\\d{2}T\\d{2}:\\d{2}:\\d{2}\\.\\d{3}Z</arg>
<doc>Fails if ``string`` does not match ``pattern`` as a regular expression.</doc>
<status status="PASS" start="2024-05-01T12:26:39.107845" elapsed="0.000361"/>
</kw>
<kw name="Should Match Regexp" owner="BuiltIn">
<arg>${json_data['results'][0]['picture']['large']}</arg>
<arg>^https?://.*\.(?:png|jpe?g|gif|bmp)$</arg>
<doc>Fails if ``string`` does not match ``pattern`` as a regular expression.</doc>
<status status="PASS" start="2024-05-01T12:26:39.108390" elapsed="0.000461"/>
</kw>
<kw name="Should Match Regexp" owner="BuiltIn">
<arg>${json_data['results'][0]['picture']['medium']}</arg>
<arg>^https?://.*\.(?:png|jpe?g|gif|bmp)$</arg>
<doc>Fails if ``string`` does not match ``pattern`` as a regular expression.</doc>
<status status="PASS" start="2024-05-01T12:26:39.109056" elapsed="0.000370"/>
</kw>
<kw name="Should Match Regexp" owner="BuiltIn">
<arg>${json_data['results'][0]['picture']['thumbnail']}</arg>
<arg>^https?://.*\.(?:png|jpe?g|gif|bmp)$</arg>
<doc>Fails if ``string`` does not match ``pattern`` as a regular expression.</doc>
<status status="PASS" start="2024-05-01T12:26:39.109612" elapsed="0.000362"/>
</kw>
<kw name="Log" owner="BuiltIn">
<msg time="2024-05-01T12:26:39.110481" level="INFO">{'large': 'https://randomuser.me/api/portraits/women/14.jpg', 'medium': 'https://randomuser.me/api/portraits/med/women/14.jpg', 'thumbnail': 'https://randomuser.me/api/portraits/thumb/women/14.jpg'}</msg>
<arg>${json_data['results'][0]['picture']}</arg>
<doc>Logs the given message with the given level.</doc>
<status status="PASS" start="2024-05-01T12:26:39.110151" elapsed="0.000369"/>
</kw>
<status status="PASS" start="2024-05-01T12:26:39.016693" elapsed="0.094078"/>
</kw>
<kw name="Teste de Tipos de Dados - Postcode" owner="random-user-service">
<kw name="GET On Session" owner="RequestsLibrary">
<msg time="2024-05-01T12:26:39.199300" level="INFO">GET Request : url=https://randomuser.me/api 
 path_url=/api 
 headers={'User-Agent': 'python-requests/2.31.0', 'Accept-Encoding': 'gzip, deflate', 'Accept': '*/*', 'Connection': 'keep-alive'} 
 body=None 
 </msg>
<msg time="2024-05-01T12:26:39.199391" level="INFO">GET Response : url=https://randomuser.me/api 
 status=200, reason=OK 
 headers={'Date': 'Wed, 01 May 2024 12:26:39 GMT', 'Content-Type': 'application/json; charset=utf-8', 'Transfer-Encoding': 'chunked', 'Connection': 'keep-alive', 'X-Powered-By': 'Express', 'Access-Control-Allow-Origin': '*', 'Cache-Control': 'no-cache', 'ETag': 'W/"49b-8TbcBtsvrN6yMgq3KqUx1te1JTA"', 'Vary': 'Accept-Encoding', 'Content-Encoding': 'gzip', 'CF-Cache-Status': 'DYNAMIC', 'Report-To': '{"endpoints":[{"url":"https:\\/\\/a.nel.cloudflare.com\\/report\\/v4?s=F7XYLlN4x%2B3s8s41%2B%2FcKwxqoI1I0JZ5hCD34bP7TpQoN4023rCNVZOEBgua3%2Frub1kmVOo%2FrIlDkhVLuBi7c81Fs39ylAZS3b5gjtkGPhF0LWFeiSJRq4x4k50LzuKFQ"}],"group":"cf-nel","max_age":604800}', 'NEL': '{"success_fraction":0,"report_to":"cf-nel","max_age":604800}', 'Server': 'cloudflare', 'CF-RAY': '87cfc2da7bde10b7-ORD', 'alt-svc': 'h3=":443"; ma=86400'} 
 body={"results":[{"gender":"female","name":{"title":"Miss","first":"Esther","last":"Glaser"},"location":{"street":{"number":4244,"name":"Tannenweg"},"city":"Lemgo","state":"Mecklenburg-Vorpommern","country":"Germany","postcode":38915,"coordinates":{"latitude":"-53.4276","longitude":"171.9825"},"timezone":{"offset":"-8:00","description":"Pacific Time (US &amp; Canada)"}},"email":"esther.glaser@example.com","login":{"uuid":"43126e77-5868-46bb-9716-5b53c7282537","username":"happygoose721","password":"bbbbbbb","salt":"GzIzRTvB","md5":"695992161ec0da10308f65ec2ff6945d","sha1":"4c5e0bbc4eba6eda9ee74024d1f82082fa95eb17","sha256":"69afd148dd16ecddadf02401a55f62eea6c7335d5ed1227608f7494217236f96"},"dob":{"date":"1963-11-10T07:53:33.429Z","age":60},"registered":{"date":"2006-02-19T22:50:01.023Z","age":18},"phone":"0415-1324239","cell":"0177-9273828","id":{"name":"SVNR","value":"73 101163 G 797"},"picture":{"large":"https://randomuser.me/api/portraits/women/78.jpg","medium":"https://randomuser.me/api/portraits/med/women/78.jpg","thumbnail":"https://randomuser.me/api/portraits/thumb/women/78.jpg"},"nat":"DE"}],"info":{"seed":"58ebc7bd4cc81cf5","results":1,"page":1,"version":"1.4"}} 
 </msg>
<msg time="2024-05-01T12:26:39.199469" level="INFO">/opt/hostedtoolcache/Python/3.12.3/x64/lib/python3.12/site-packages/urllib3/connectionpool.py:1103: InsecureRequestWarning: Unverified HTTPS request is being made to host 'randomuser.me'. Adding certificate verification is strongly advised. See: https://urllib3.readthedocs.io/en/latest/advanced-usage.html#tls-warnings
  warnings.warn(</msg>
<msg time="2024-05-01T12:26:39.199593" level="INFO">${response} = &lt;Response [200]&gt;</msg>
<var>${response}</var>
<arg>consultarAPI</arg>
<arg>/api</arg>
<doc>Sends a GET request on a previously created HTTP Session.</doc>
<status status="PASS" start="2024-05-01T12:26:39.111224" elapsed="0.088423"/>
</kw>
<kw name="Set Variable" owner="BuiltIn">
<msg time="2024-05-01T12:26:39.200584" level="INFO">${json_data} = {'results': [{'gender': 'female', 'name': {'title': 'Miss', 'first': 'Esther', 'last': 'Glaser'}, 'location': {'street': {'number': 4244, 'name': 'Tannenweg'}, 'city': 'Lemgo', 'state': 'Mecklenburg-V...</msg>
<var>${json_data}</var>
<arg>${response.json()}</arg>
<doc>Returns the given values which can then be assigned to a variables.</doc>
<status status="PASS" start="2024-05-01T12:26:39.200115" elapsed="0.000497"/>
</kw>
<kw name="Log" owner="BuiltIn">
<msg time="2024-05-01T12:26:39.201090" level="INFO">{'results': [{'gender': 'female', 'name': {'title': 'Miss', 'first': 'Esther', 'last': 'Glaser'}, 'location': {'street': {'number': 4244, 'name': 'Tannenweg'}, 'city': 'Lemgo', 'state': 'Mecklenburg-Vorpommern', 'country': 'Germany', 'postcode': 38915, 'coordinates': {'latitude': '-53.4276', 'longitude': '171.9825'}, 'timezone': {'offset': '-8:00', 'description': 'Pacific Time (US &amp; Canada)'}}, 'email': 'esther.glaser@example.com', 'login': {'uuid': '43126e77-5868-46bb-9716-5b53c7282537', 'username': 'happygoose721', 'password': 'bbbbbbb', 'salt': 'GzIzRTvB', 'md5': '695992161ec0da10308f65ec2ff6945d', 'sha1': '4c5e0bbc4eba6eda9ee74024d1f82082fa95eb17', 'sha256': '69afd148dd16ecddadf02401a55f62eea6c7335d5ed1227608f7494217236f96'}, 'dob': {'date': '1963-11-10T07:53:33.429Z', 'age': 60}, 'registered': {'date': '2006-02-19T22:50:01.023Z', 'age': 18}, 'phone': '0415-1324239', 'cell': '0177-9273828', 'id': {'name': 'SVNR', 'value': '73 101163 G 797'}, 'picture': {'large': 'https://randomuser.me/api/portraits/women/78.jpg', 'medium': 'https://randomuser.me/api/portraits/med/women/78.jpg', 'thumbnail': 'https://randomuser.me/api/portraits/thumb/women/78.jpg'}, 'nat': 'DE'}], 'info': {'seed': '58ebc7bd4cc81cf5', 'results': 1, 'page': 1, 'version': '1.4'}}</msg>
<arg>${json_data}</arg>
<doc>Logs the given message with the given level.</doc>
<status status="PASS" start="2024-05-01T12:26:39.200912" elapsed="0.000225"/>
</kw>
<kw name="Should Be Equal As Numbers" owner="BuiltIn">
<arg>${json_data['results'][0]['location']['postcode']}</arg>
<arg>${json_data['results'][0]['location']['postcode']}</arg>
<doc>Fails if objects are unequal after converting them to real numbers.</doc>
<status status="PASS" start="2024-05-01T12:26:39.201453" elapsed="0.000759"/>
</kw>
<kw name="Log" owner="BuiltIn">
<msg time="2024-05-01T12:26:39.202736" level="INFO">38915</msg>
<arg>${json_data['results'][0]['location']['postcode']}</arg>
<doc>Logs the given message with the given level.</doc>
<status status="PASS" start="2024-05-01T12:26:39.202402" elapsed="0.000374"/>
</kw>
<status status="PASS" start="2024-05-01T12:26:39.110990" elapsed="0.092036"/>
</kw>
<doc>Testa se os tipos de dados na resposta da API estão corretos.</doc>
<tag>testeTiposDados</tag>
<status status="PASS" start="2024-05-01T12:26:39.016251" elapsed="0.186934"/>
</test>
<test id="s1-s1-t5" name="Validar conteudo" line="35">
<kw name="Teste de Tipos de Conteudo" owner="random-user-service">
<kw name="GET On Session" owner="RequestsLibrary">
<msg time="2024-05-01T12:26:39.341034" level="INFO">GET Request : url=https://randomuser.me/api 
 path_url=/api 
 headers={'User-Agent': 'python-requests/2.31.0', 'Accept-Encoding': 'gzip, deflate', 'Accept': '*/*', 'Connection': 'keep-alive'} 
 body=None 
 </msg>
<msg time="2024-05-01T12:26:39.341120" level="INFO">GET Response : url=https://randomuser.me/api 
 status=200, reason=OK 
 headers={'Date': 'Wed, 01 May 2024 12:26:39 GMT', 'Content-Type': 'application/json; charset=utf-8', 'Transfer-Encoding': 'chunked', 'Connection': 'keep-alive', 'X-Powered-By': 'Express', 'Access-Control-Allow-Origin': '*', 'Cache-Control': 'no-cache', 'ETag': 'W/"4a8-6mdVK1LllpozhhjNQ4eNjFizOuI"', 'Vary': 'Accept-Encoding', 'Content-Encoding': 'gzip', 'CF-Cache-Status': 'DYNAMIC', 'Report-To': '{"endpoints":[{"url":"https:\\/\\/a.nel.cloudflare.com\\/report\\/v4?s=VeRH3E8dlZ12JEBBjpHpc%2FAgndVeOFlUeUDA%2FDjA%2BolOH8NpXF87ZogslPBPhY6OyNa2qj8HSrXPm6O19%2FhD3V1ahaITDlrk%2B2q%2BFxyb58y1Zs3b4yw4copHFEyzTNks"}],"group":"cf-nel","max_age":604800}', 'NEL': '{"success_fraction":0,"report_to":"cf-nel","max_age":604800}', 'Server': 'cloudflare', 'CF-RAY': '87cfc2db0c9710b7-ORD', 'alt-svc': 'h3=":443"; ma=86400'} 
 body={"results":[{"gender":"male","name":{"title":"Monsieur","first":"Lorenz","last":"Gautier"},"location":{"street":{"number":455,"name":"Rue de L'Abbé-Rousselot"},"city":"Lutry","state":"Obwalden","country":"Switzerland","postcode":1698,"coordinates":{"latitude":"-61.9196","longitude":"-49.9048"},"timezone":{"offset":"+1:00","description":"Brussels, Copenhagen, Madrid, Paris"}},"email":"lorenz.gautier@example.com","login":{"uuid":"95709895-cd6c-4eb3-b507-bcfc173fd340","username":"angryladybug723","password":"fiction","salt":"W1zU6Rm9","md5":"a5a1bbdd772f83a22c1d8848ecec3c13","sha1":"be030ee2c609ac8c40a8900b1256508004c1c21d","sha256":"951f805fdc71520b8b78635bd804e3e5ecf19f376f1b76fa236a1bc5ca265d08"},"dob":{"date":"1989-10-20T19:43:04.743Z","age":34},"registered":{"date":"2021-06-19T18:57:59.444Z","age":2},"phone":"077 298 23 04","cell":"075 335 04 72","id":{"name":"AVS","value":"756.2310.6069.60"},"picture":{"large":"https://randomuser.me/api/portraits/men/77.jpg","medium":"https://randomuser.me/api/portraits/med/men/77.jpg","thumbnail":"https://randomuser.me/api/portraits/thumb/men/77.jpg"},"nat":"CH"}],"info":{"seed":"3bfb5c2eea36f592","results":1,"page":1,"version":"1.4"}} 
 </msg>
<msg time="2024-05-01T12:26:39.341177" level="INFO">/opt/hostedtoolcache/Python/3.12.3/x64/lib/python3.12/site-packages/urllib3/connectionpool.py:1103: InsecureRequestWarning: Unverified HTTPS request is being made to host 'randomuser.me'. Adding certificate verification is strongly advised. See: https://urllib3.readthedocs.io/en/latest/advanced-usage.html#tls-warnings
  warnings.warn(</msg>
<msg time="2024-05-01T12:26:39.341260" level="INFO">${response} = &lt;Response [200]&gt;</msg>
<var>${response}</var>
<arg>consultarAPI</arg>
<arg>/api</arg>
<doc>Sends a GET request on a previously created HTTP Session.</doc>
<status status="PASS" start="2024-05-01T12:26:39.205976" elapsed="0.135314"/>
</kw>
<kw name="Set Variable" owner="BuiltIn">
<msg time="2024-05-01T12:26:39.342108" level="INFO">${json_data} = {'results': [{'gender': 'male', 'name': {'title': 'Monsieur', 'first': 'Lorenz', 'last': 'Gautier'}, 'location': {'street': {'number': 455, 'name': "Rue de L'Abbé-Rousselot"}, 'city': 'Lutry', 'state'...</msg>
<var>${json_data}</var>
<arg>${response.json()}</arg>
<doc>Returns the given values which can then be assigned to a variables.</doc>
<status status="PASS" start="2024-05-01T12:26:39.341667" elapsed="0.000470"/>
</kw>
<kw name="Set Variable" owner="BuiltIn">
<msg time="2024-05-01T12:26:39.342853" level="INFO">${name_title} = Monsieur</msg>
<var>${name_title}</var>
<arg>${json_data["results"][0]["name"]["title"]}</arg>
<doc>Returns the given values which can then be assigned to a variables.</doc>
<status status="PASS" start="2024-05-01T12:26:39.342452" elapsed="0.000426"/>
</kw>
<kw name="Create List" owner="BuiltIn">
<msg time="2024-05-01T12:26:39.343326" level="INFO">${allowed_titles} = ['Mr', 'Ms', 'Miss', 'Mrs', 'Madame', 'Monsieur']</msg>
<var>${allowed_titles}</var>
<arg>Mr</arg>
<arg>Ms</arg>
<arg>Miss</arg>
<arg>Mrs</arg>
<arg>Madame</arg>
<arg>Monsieur</arg>
<doc>Returns a list containing given items.</doc>
<status status="PASS" start="2024-05-01T12:26:39.343179" elapsed="0.000170"/>
</kw>
<kw name="List Should Contain Value" owner="Collections">
<msg time="2024-05-01T12:26:39.343830" level="INFO">False</msg>
<arg>${allowed_titles}</arg>
<arg>${name_title}</arg>
<doc>Fails if the ``value`` is not found from ``list``.</doc>
<status status="PASS" start="2024-05-01T12:26:39.343659" elapsed="0.000207"/>
</kw>
<kw name="Set Variable" owner="BuiltIn">
<msg time="2024-05-01T12:26:39.344566" level="INFO">${name_country} = CH</msg>
<var>${name_country}</var>
<arg>${json_data["results"][0]["nat"]}</arg>
<doc>Returns the given values which can then be assigned to a variables.</doc>
<status status="PASS" start="2024-05-01T12:26:39.344178" elapsed="0.000413"/>
</kw>
<kw name="Create List" owner="BuiltIn">
<msg time="2024-05-01T12:26:39.345517" level="INFO">${list_country} = ['AD', 'AE', 'AF', 'AG', 'AI', 'AL', 'AM', 'AO', 'AQ', 'AR', 'AS', 'AT', 'AU', 'AW', 'AX', 'AZ', 'BA', 'BB', 'BD', 'BE', 'BF', 'BG', 'BH', 'BI', 'BJ', 'BL', 'BM', 'BN', 'BO', 'BQ', 'BR', 'BS', 'BT', '...</msg>
<var>${list_country}</var>
<arg>AD</arg>
<arg>AE</arg>
<arg>AF</arg>
<arg>AG</arg>
<arg>AI</arg>
<arg>AL</arg>
<arg>AM</arg>
<arg>AO</arg>
<arg>AQ</arg>
<arg>AR</arg>
<arg>AS</arg>
<arg>AT</arg>
<arg>AU</arg>
<arg>AW</arg>
<arg>AX</arg>
<arg>AZ</arg>
<arg>BA</arg>
<arg>BB</arg>
<arg>BD</arg>
<arg>BE</arg>
<arg>BF</arg>
<arg>BG</arg>
<arg>BH</arg>
<arg>BI</arg>
<arg>BJ</arg>
<arg>BL</arg>
<arg>BM</arg>
<arg>BN</arg>
<arg>BO</arg>
<arg>BQ</arg>
<arg>BR</arg>
<arg>BS</arg>
<arg>BT</arg>
<arg>BV</arg>
<arg>BW</arg>
<arg>BY</arg>
<arg>BZ</arg>
<arg>CA</arg>
<arg>CC</arg>
<arg>CD</arg>
<arg>CF</arg>
<arg>CG</arg>
<arg>CH</arg>
<arg>CI</arg>
<arg>CK</arg>
<arg>CL</arg>
<arg>CM</arg>
<arg>CN</arg>
<arg>CO</arg>
<arg>CR</arg>
<arg>CU</arg>
<arg>CV</arg>
<arg>CW</arg>
<arg>CX</arg>
<arg>CY</arg>
<arg>CZ</arg>
<arg>DE</arg>
<arg>DJ</arg>
<arg>DK</arg>
<arg>DM</arg>
<arg>DO</arg>
<arg>DZ</arg>
<arg>EC</arg>
<arg>EE</arg>
<arg>EG</arg>
<arg>EH</arg>
<arg>ER</arg>
<arg>ES</arg>
<arg>ET</arg>
<arg>FI</arg>
<arg>FJ</arg>
<arg>FK</arg>
<arg>FM</arg>
<arg>FO</arg>
<arg>FR</arg>
<arg>GA</arg>
<arg>GB</arg>
<arg>GD</arg>
<arg>GE</arg>
<arg>GF</arg>
<arg>GG</arg>
<arg>GH</arg>
<arg>GI</arg>
<arg>GL</arg>
<arg>GM</arg>
<arg>GN</arg>
<arg>GP</arg>
<arg>GQ</arg>
<arg>GR</arg>
<arg>GS</arg>
<arg>GT</arg>
<arg>GU</arg>
<arg>GW</arg>
<arg>GY</arg>
<arg>HK</arg>
<arg>HM</arg>
<arg>HN</arg>
<arg>HR</arg>
<arg>HT</arg>
<arg>HU</arg>
<arg>ID</arg>
<arg>IE</arg>
<arg>IL</arg>
<arg>IM</arg>
<arg>IN</arg>
<arg>IO</arg>
<arg>IQ</arg>
<arg>IR</arg>
<arg>IS</arg>
<arg>IT</arg>
<arg>JE</arg>
<arg>JM</arg>
<arg>JO</arg>
<arg>JP</arg>
<arg>KE</arg>
<arg>KG</arg>
<arg>KH</arg>
<arg>KI</arg>
<arg>KM</arg>
<arg>KN</arg>
<arg>KP</arg>
<arg>KR</arg>
<arg>KW</arg>
<arg>KY</arg>
<arg>KZ</arg>
<arg>LA</arg>
<arg>LB</arg>
<arg>LC</arg>
<arg>LI</arg>
<arg>LK</arg>
<arg>LR</arg>
<arg>LS</arg>
<arg>LT</arg>
<arg>LU</arg>
<arg>LV</arg>
<arg>LY</arg>
<arg>MA</arg>
<arg>MC</arg>
<arg>MD</arg>
<arg>ME</arg>
<arg>MF</arg>
<arg>MG</arg>
<arg>MH</arg>
<arg>MK</arg>
<arg>ML</arg>
<arg>MM</arg>
<arg>MN</arg>
<arg>MO</arg>
<arg>MP</arg>
<arg>MQ</arg>
<arg>MR</arg>
<arg>MS</arg>
<arg>MT</arg>
<arg>MU</arg>
<arg>MV</arg>
<arg>MW</arg>
<arg>MX</arg>
<arg>MY</arg>
<arg>MZ</arg>
<arg>NA</arg>
<arg>NC</arg>
<arg>NE</arg>
<arg>NF</arg>
<arg>NG</arg>
<arg>NI</arg>
<arg>NL</arg>
<arg>NO</arg>
<arg>NP</arg>
<arg>NR</arg>
<arg>NU</arg>
<arg>NZ</arg>
<arg>OM</arg>
<arg>PA</arg>
<arg>PE</arg>
<arg>PF</arg>
<arg>PG</arg>
<arg>PH</arg>
<arg>PK</arg>
<arg>PL</arg>
<arg>PM</arg>
<arg>PN</arg>
<arg>PR</arg>
<arg>PS</arg>
<arg>PT</arg>
<arg>PW</arg>
<arg>PY</arg>
<arg>QA</arg>
<arg>RE</arg>
<arg>RO</arg>
<arg>RS</arg>
<arg>RU</arg>
<arg>RW</arg>
<arg>SA</arg>
<arg>SB</arg>
<arg>SC</arg>
<arg>SD</arg>
<arg>SE</arg>
<arg>SG</arg>
<arg>SH</arg>
<arg>SI</arg>
<arg>SJ</arg>
<arg>SK</arg>
<arg>SL</arg>
<arg>SM</arg>
<arg>SN</arg>
<arg>SO</arg>
<arg>SR</arg>
<arg>SS</arg>
<arg>ST</arg>
<arg>SV</arg>
<arg>SX</arg>
<arg>SY</arg>
<arg>SZ</arg>
<arg>TC</arg>
<arg>TD</arg>
<arg>TF</arg>
<arg>TG</arg>
<arg>TH</arg>
<arg>TJ</arg>
<arg>TK</arg>
<arg>TL</arg>
<arg>TM</arg>
<arg>TN</arg>
<arg>TO</arg>
<arg>TR</arg>
<arg>TT</arg>
<arg>TV</arg>
<arg>TW</arg>
<arg>TZ</arg>
<arg>UA</arg>
<arg>UG</arg>
<arg>UM</arg>
<arg>US</arg>
<arg>UY</arg>
<arg>UZ</arg>
<arg>VA</arg>
<arg>VC</arg>
<arg>VE</arg>
<arg>VG</arg>
<arg>VI</arg>
<arg>VN</arg>
<arg>VU</arg>
<arg>WF</arg>
<arg>WS</arg>
<arg>XK</arg>
<arg>YE</arg>
<arg>YT</arg>
<arg>ZA</arg>
<arg>ZM</arg>
<arg>ZW</arg>
<doc>Returns a list containing given items.</doc>
<status status="PASS" start="2024-05-01T12:26:39.344889" elapsed="0.000653"/>
</kw>
<kw name="List Should Contain Value" owner="Collections">
<msg time="2024-05-01T12:26:39.346522" level="INFO">False</msg>
<arg>${list_country}</arg>
<arg>${name_country}</arg>
<doc>Fails if the ``value`` is not found from ``list``.</doc>
<status status="PASS" start="2024-05-01T12:26:39.346328" elapsed="0.000229"/>
</kw>
<kw name="Run Keyword If" owner="BuiltIn">
<kw name="Should Be True" owner="BuiltIn">
<arg>${True}</arg>
<doc>Fails if the given condition is not true.</doc>
<status status="PASS" start="2024-05-01T12:26:39.347617" elapsed="0.000150"/>
</kw>
<arg>${json_data["results"][0]["location"]["coordinates"]["latitude"]} &gt;= -90 and ${json_data["results"][0]["location"]["coordinates"]["latitude"]} &lt;= 90</arg>
<arg>Should Be True</arg>
<arg>${True}</arg>
<doc>Runs the given keyword with the given arguments, if ``condition`` is true.</doc>
<status status="PASS" start="2024-05-01T12:26:39.346861" elapsed="0.001030"/>
</kw>
<kw name="Run Keyword If" owner="BuiltIn">
<kw name="Should Be True" owner="BuiltIn">
<arg>${True}</arg>
<doc>Fails if the given condition is not true.</doc>
<status status="PASS" start="2024-05-01T12:26:39.348765" elapsed="0.000259"/>
</kw>
<arg>${json_data["results"][0]["location"]["coordinates"]["longitude"]} &gt;= -180 and ${json_data["results"][0]["location"]["coordinates"]["longitude"]} &lt;= 180</arg>
<arg>Should Be True</arg>
<arg>${True}</arg>
<doc>Runs the given keyword with the given arguments, if ``condition`` is true.</doc>
<status status="PASS" start="2024-05-01T12:26:39.348072" elapsed="0.001080"/>
</kw>
<status status="PASS" start="2024-05-01T12:26:39.205608" elapsed="0.143672"/>
</kw>
<doc>Testa o conteúdo específico dos campos retornados pela API.</doc>
<tag>testeConteudo</tag>
<status status="PASS" start="2024-05-01T12:26:39.204920" elapsed="0.144500"/>
</test>
<status status="PASS" start="2024-05-01T12:26:38.495261" elapsed="0.856039"/>
</suite>
<status status="PASS" start="2024-05-01T12:26:38.481739" elapsed="0.874613"/>
</suite>
<statistics>
<total>
<stat pass="5" fail="0" skip="0">All Tests</stat>
</total>
<tag>
<stat pass="1" fail="0" skip="0">testeConteudo</stat>
<stat pass="1" fail="0" skip="0">testeEstruturaResposta</stat>
<stat pass="1" fail="0" skip="0">testeRequisicaoBasica</stat>
<stat pass="1" fail="0" skip="0">testeTiposDados</stat>
</tag>
<suite>
<stat pass="5" fail="0" skip="0" id="s1" name="Tests">Tests</stat>
<stat pass="5" fail="0" skip="0" id="s1-s1" name="Random-User-Test">Tests.Random-User-Test</stat>
</suite>
</statistics>
<errors>
</errors>
</robot>
