<?xml version="1.0" encoding="UTF-8"?>
<robot generator="Robot 7.0 (Python 3.12.3 on linux)" generated="2024-05-27T05:14:46.608674" rpa="false" schemaversion="5">
<suite id="s1" name="Tests" source="/home/runner/work/ApiRandomUser/ApiRandomUser/RamdonUser/tests">
<suite id="s1-s1" name="Random-User-Test" source="/home/runner/work/ApiRandomUser/ApiRandomUser/RamdonUser/tests/random-user-test.robot">
<test id="s1-s1-t1" name="Conectar" line="13">
<kw name="Conectar API" owner="random-user-service">
<kw name="Create Session" owner="RequestsLibrary">
<msg time="2024-05-27T05:14:47.013068" level="INFO">Creating Session using : alias=consultarAPI, url=https://randomuser.me/, headers={},                     cookies={}, auth=None, timeout=None, proxies=None, verify=False,                     debug=0 </msg>
<arg>consultarAPI</arg>
<arg>${URL}</arg>
<doc>Create Session: create a HTTP session to a server</doc>
<status status="PASS" start="2024-05-27T05:14:47.012875" elapsed="0.000379"/>
</kw>
<status status="PASS" start="2024-05-27T05:14:47.011882" elapsed="0.001757"/>
</kw>
<status status="PASS" start="2024-05-27T05:14:47.011300" elapsed="0.002529"/>
</test>
<test id="s1-s1-t2" name="Validar retorno 200 e JSON Válido" line="16">
<kw name="Teste de Requisicao Basica" owner="random-user-service">
<kw name="GET On Session" owner="RequestsLibrary">
<msg time="2024-05-27T05:14:47.249894" level="INFO">GET Request : url=https://randomuser.me/api 
 path_url=/api 
 headers={'User-Agent': 'python-requests/2.32.2', 'Accept-Encoding': 'gzip, deflate', 'Accept': '*/*', 'Connection': 'keep-alive'} 
 body=None 
 </msg>
<msg time="2024-05-27T05:14:47.250097" level="INFO">GET Response : url=https://randomuser.me/api 
 status=200, reason=OK 
 headers={'Date': 'Mon, 27 May 2024 05:14:47 GMT', 'Content-Type': 'application/json; charset=utf-8', 'Transfer-Encoding': 'chunked', 'Connection': 'keep-alive', 'X-Powered-By': 'Express', 'Access-Control-Allow-Origin': '*', 'Cache-Control': 'no-cache', 'ETag': 'W/"49d-GiB+Gbu5KOn6xvTcEISdspUS90s"', 'Vary': 'Accept-Encoding', 'Content-Encoding': 'gzip', 'CF-Cache-Status': 'DYNAMIC', 'Report-To': '{"endpoints":[{"url":"https:\\/\\/a.nel.cloudflare.com\\/report\\/v4?s=AG%2FrEVlTIbhOZgZh6iqYZ9T6YllVLGW3bH1Pq3IMgo2JUbmdiNrDKTQ6sBgbQ9M0Dw2X%2FRl%2FBrLXQ2zSpUkzXm2O9%2FgEqTG%2B1NbbqDAdiqbrpqImMchtYSxta2HEkPVW"}],"group":"cf-nel","max_age":604800}', 'NEL': '{"success_fraction":0,"report_to":"cf-nel","max_age":604800}', 'Server': 'cloudflare', 'CF-RAY': '88a385fd084549f4-ORD', 'alt-svc': 'h3=":443"; ma=86400'} 
 body={"results":[{"gender":"female","name":{"title":"Miss","first":"Fiene","last":"Lugtigheid"},"location":{"street":{"number":6284,"name":"De Kogel"},"city":"Catsop","state":"Flevoland","country":"Netherlands","postcode":"2623 GJ","coordinates":{"latitude":"38.0366","longitude":"28.8305"},"timezone":{"offset":"-3:00","description":"Brazil, Buenos Aires, Georgetown"}},"email":"fiene.lugtigheid@example.com","login":{"uuid":"4715a522-0032-41bc-83bc-b1f1b4eb8079","username":"smallpeacock203","password":"presario","salt":"cnkeSXHo","md5":"e0cd9c05e883b36a5f5164309d707265","sha1":"703f450a4504ab6e7432ca913320d1e1a534a068","sha256":"0bae3db7c618589285b489a80a2f5410b6b0495710fe2eca12f1a0ef24196fb8"},"dob":{"date":"1999-07-21T04:06:42.610Z","age":24},"registered":{"date":"2003-07-20T13:43:11.901Z","age":20},"phone":"(0616) 301322","cell":"(06) 27921429","id":{"name":"BSN","value":"28125628"},"picture":{"large":"https://randomuser.me/api/portraits/women/68.jpg","medium":"https://randomuser.me/api/portraits/med/women/68.jpg","thumbnail":"https://randomuser.me/api/portraits/thumb/women/68.jpg"},"nat":"NL"}],"info":{"seed":"eff7a45251f46ff9","results":1,"page":1,"version":"1.4"}} 
 </msg>
<msg time="2024-05-27T05:14:47.250176" level="INFO">/opt/hostedtoolcache/Python/3.12.3/x64/lib/python3.12/site-packages/urllib3/connectionpool.py:1103: InsecureRequestWarning: Unverified HTTPS request is being made to host 'randomuser.me'. Adding certificate verification is strongly advised. See: https://urllib3.readthedocs.io/en/latest/advanced-usage.html#tls-warnings
  warnings.warn(</msg>
<msg time="2024-05-27T05:14:47.250335" level="INFO">${response} = &lt;Response [200]&gt;</msg>
<var>${response}</var>
<arg>consultarAPI</arg>
<arg>/api</arg>
<doc>Sends a GET request on a previously created HTTP Session.</doc>
<status status="PASS" start="2024-05-27T05:14:47.016470" elapsed="0.233900"/>
</kw>
<kw name="Should Be Equal As Numbers" owner="BuiltIn">
<msg time="2024-05-27T05:14:47.251733" level="INFO">Argument types are:
&lt;class 'int'&gt;
&lt;class 'str'&gt;</msg>
<arg>${response.status_code}</arg>
<arg>200</arg>
<doc>Fails if objects are unequal after converting them to real numbers.</doc>
<status status="PASS" start="2024-05-27T05:14:47.250995" elapsed="0.000802"/>
</kw>
<kw name="Log" owner="BuiltIn">
<msg time="2024-05-27T05:14:47.252837" level="INFO">200</msg>
<arg>${response.status_code}</arg>
<doc>Logs the given message with the given level.</doc>
<status status="PASS" start="2024-05-27T05:14:47.252260" elapsed="0.000693"/>
</kw>
<kw name="Set Variable" owner="BuiltIn">
<msg time="2024-05-27T05:14:47.254218" level="INFO">${json_data} = {'results': [{'gender': 'female', 'name': {'title': 'Miss', 'first': 'Fiene', 'last': 'Lugtigheid'}, 'location': {'street': {'number': 6284, 'name': 'De Kogel'}, 'city': 'Catsop', 'state': 'Flevoland'...</msg>
<var>${json_data}</var>
<arg>${response.json()}</arg>
<doc>Returns the given values which can then be assigned to a variables.</doc>
<status status="PASS" start="2024-05-27T05:14:47.253480" elapsed="0.000765"/>
</kw>
<kw name="Dictionary Should Contain Key" owner="Collections">
<msg time="2024-05-27T05:14:47.255018" level="INFO">False</msg>
<arg>${json_data}</arg>
<arg>results</arg>
<doc>Fails if ``key`` is not found from ``dictionary``.</doc>
<status status="PASS" start="2024-05-27T05:14:47.254788" elapsed="0.000490"/>
</kw>
<status status="PASS" start="2024-05-27T05:14:47.016233" elapsed="0.239467"/>
</kw>
<doc>Testa se a API responde corretamente e retorna um objeto JSON válido.</doc>
<tag>testeRequisicaoBasica</tag>
<status status="PASS" start="2024-05-27T05:14:47.015720" elapsed="0.240235"/>
</test>
<test id="s1-s1-t3" name="Validar estrutura de resposta" line="22">
<kw name="Teste de Estrutura de Resposta" owner="random-user-service">
<kw name="GET On Session" owner="RequestsLibrary">
<msg time="2024-05-27T05:14:47.372430" level="INFO">GET Request : url=https://randomuser.me/api 
 path_url=/api 
 headers={'User-Agent': 'python-requests/2.32.2', 'Accept-Encoding': 'gzip, deflate', 'Accept': '*/*', 'Connection': 'keep-alive'} 
 body=None 
 </msg>
<msg time="2024-05-27T05:14:47.372502" level="INFO">GET Response : url=https://randomuser.me/api 
 status=200, reason=OK 
 headers={'Date': 'Mon, 27 May 2024 05:14:47 GMT', 'Content-Type': 'application/json; charset=utf-8', 'Transfer-Encoding': 'chunked', 'Connection': 'keep-alive', 'X-Powered-By': 'Express', 'Access-Control-Allow-Origin': '*', 'Cache-Control': 'no-cache', 'ETag': 'W/"4ad-9DMH0Xx3sNkNSd7lvldYExa18mQ"', 'Vary': 'Accept-Encoding', 'Content-Encoding': 'gzip', 'CF-Cache-Status': 'DYNAMIC', 'Report-To': '{"endpoints":[{"url":"https:\\/\\/a.nel.cloudflare.com\\/report\\/v4?s=arKkZc7u1ixD8EYVVda14EaHHQ9NKlA1aJx69lzqe782QngKof8%2BLJBd6%2FQoVsfWz865SilaDuopcft0uMx7yLQ3cr4rHhgl5N4qzdQQGGkqAe%2BZFcYiGqJeOj0qEunW"}],"group":"cf-nel","max_age":604800}', 'NEL': '{"success_fraction":0,"report_to":"cf-nel","max_age":604800}', 'Server': 'cloudflare', 'CF-RAY': '88a385fd689549f4-ORD', 'alt-svc': 'h3=":443"; ma=86400'} 
 body={"results":[{"gender":"female","name":{"title":"Mrs","first":"Heather","last":"Alvarez"},"location":{"street":{"number":5348,"name":"Preston Rd"},"city":"Mckinney","state":"New Hampshire","country":"United States","postcode":76315,"coordinates":{"latitude":"86.6288","longitude":"10.0970"},"timezone":{"offset":"0:00","description":"Western Europe Time, London, Lisbon, Casablanca"}},"email":"heather.alvarez@example.com","login":{"uuid":"60678a89-bee8-49cd-bf3b-e27e42f3cb48","username":"sadtiger253","password":"claudio","salt":"75HLUZn8","md5":"b09e6cb797c188609af6408fae97f3f7","sha1":"069f22bd0e37b6b696c845618f954ae23d7c5910","sha256":"f6bcf31d21f076efec03e57f48c1d8e450d228eb65949c66dde45498e5dcbf9d"},"dob":{"date":"1969-08-14T05:21:20.792Z","age":54},"registered":{"date":"2020-08-23T08:41:39.580Z","age":3},"phone":"(391) 872-5277","cell":"(208) 893-9141","id":{"name":"SSN","value":"592-31-9925"},"picture":{"large":"https://randomuser.me/api/portraits/women/24.jpg","medium":"https://randomuser.me/api/portraits/med/women/24.jpg","thumbnail":"https://randomuser.me/api/portraits/thumb/women/24.jpg"},"nat":"US"}],"info":{"seed":"ab413f6d604f5f42","results":1,"page":1,"version":"1.4"}} 
 </msg>
<msg time="2024-05-27T05:14:47.372594" level="INFO">/opt/hostedtoolcache/Python/3.12.3/x64/lib/python3.12/site-packages/urllib3/connectionpool.py:1103: InsecureRequestWarning: Unverified HTTPS request is being made to host 'randomuser.me'. Adding certificate verification is strongly advised. See: https://urllib3.readthedocs.io/en/latest/advanced-usage.html#tls-warnings
  warnings.warn(</msg>
<msg time="2024-05-27T05:14:47.372690" level="INFO">${response} = &lt;Response [200]&gt;</msg>
<var>${response}</var>
<arg>consultarAPI</arg>
<arg>/api</arg>
<doc>Sends a GET request on a previously created HTTP Session.</doc>
<status status="PASS" start="2024-05-27T05:14:47.259406" elapsed="0.113324"/>
</kw>
<kw name="Set Variable" owner="BuiltIn">
<msg time="2024-05-27T05:14:47.373628" level="INFO">${json_data} = {'results': [{'gender': 'female', 'name': {'title': 'Mrs', 'first': 'Heather', 'last': 'Alvarez'}, 'location': {'street': {'number': 5348, 'name': 'Preston Rd'}, 'city': 'Mckinney', 'state': 'New Hamp...</msg>
<var>${json_data}</var>
<arg>${response.json()}</arg>
<doc>Returns the given values which can then be assigned to a variables.</doc>
<status status="PASS" start="2024-05-27T05:14:47.373153" elapsed="0.000503"/>
</kw>
<kw name="Log" owner="BuiltIn">
<msg time="2024-05-27T05:14:47.374114" level="INFO">{'results': [{'gender': 'female', 'name': {'title': 'Mrs', 'first': 'Heather', 'last': 'Alvarez'}, 'location': {'street': {'number': 5348, 'name': 'Preston Rd'}, 'city': 'Mckinney', 'state': 'New Hampshire', 'country': 'United States', 'postcode': 76315, 'coordinates': {'latitude': '86.6288', 'longitude': '10.0970'}, 'timezone': {'offset': '0:00', 'description': 'Western Europe Time, London, Lisbon, Casablanca'}}, 'email': 'heather.alvarez@example.com', 'login': {'uuid': '60678a89-bee8-49cd-bf3b-e27e42f3cb48', 'username': 'sadtiger253', 'password': 'claudio', 'salt': '75HLUZn8', 'md5': 'b09e6cb797c188609af6408fae97f3f7', 'sha1': '069f22bd0e37b6b696c845618f954ae23d7c5910', 'sha256': 'f6bcf31d21f076efec03e57f48c1d8e450d228eb65949c66dde45498e5dcbf9d'}, 'dob': {'date': '1969-08-14T05:21:20.792Z', 'age': 54}, 'registered': {'date': '2020-08-23T08:41:39.580Z', 'age': 3}, 'phone': '(391) 872-5277', 'cell': '(208) 893-9141', 'id': {'name': 'SSN', 'value': '592-31-9925'}, 'picture': {'large': 'https://randomuser.me/api/portraits/women/24.jpg', 'medium': 'https://randomuser.me/api/portraits/med/women/24.jpg', 'thumbnail': 'https://randomuser.me/api/portraits/thumb/women/24.jpg'}, 'nat': 'US'}], 'info': {'seed': 'ab413f6d604f5f42', 'results': 1, 'page': 1, 'version': '1.4'}}</msg>
<arg>${json_data}</arg>
<doc>Logs the given message with the given level.</doc>
<status status="PASS" start="2024-05-27T05:14:47.373961" elapsed="0.000208"/>
</kw>
<kw name="Dictionary Should Contain Key" owner="Collections">
<msg time="2024-05-27T05:14:47.374607" level="INFO">False</msg>
<arg>${json_data}</arg>
<arg>results</arg>
<doc>Fails if ``key`` is not found from ``dictionary``.</doc>
<status status="PASS" start="2024-05-27T05:14:47.374456" elapsed="0.000187"/>
</kw>
<kw name="Should Not Be Empty" owner="BuiltIn">
<msg time="2024-05-27T05:14:47.375063" level="INFO">Length is 2.</msg>
<arg>${json_data}</arg>
<doc>Verifies that the given item is not empty.</doc>
<status status="PASS" start="2024-05-27T05:14:47.374929" elapsed="0.000171"/>
</kw>
<kw name="Create List" owner="BuiltIn">
<msg time="2024-05-27T05:14:47.375543" level="INFO">${expected_keys} = ['gender', 'name', 'location', 'email', 'login']</msg>
<var>${expected_keys}</var>
<arg>gender</arg>
<arg>name</arg>
<arg>location</arg>
<arg>email</arg>
<arg>login</arg>
<doc>Returns a list containing given items.</doc>
<status status="PASS" start="2024-05-27T05:14:47.375395" elapsed="0.000172"/>
</kw>
<for flavor="IN">
<iter>
<kw name="Dictionary Should Contain Key" owner="Collections">
<msg time="2024-05-27T05:14:47.376532" level="INFO">False</msg>
<arg>${json_data['results'][0]}</arg>
<arg>${key}</arg>
<doc>Fails if ``key`` is not found from ``dictionary``.</doc>
<status status="PASS" start="2024-05-27T05:14:47.376133" elapsed="0.000437"/>
</kw>
<kw name="Log" owner="BuiltIn">
<msg time="2024-05-27T05:14:47.377256" level="INFO">{'gender': 'female', 'name': {'title': 'Mrs', 'first': 'Heather', 'last': 'Alvarez'}, 'location': {'street': {'number': 5348, 'name': 'Preston Rd'}, 'city': 'Mckinney', 'state': 'New Hampshire', 'country': 'United States', 'postcode': 76315, 'coordinates': {'latitude': '86.6288', 'longitude': '10.0970'}, 'timezone': {'offset': '0:00', 'description': 'Western Europe Time, London, Lisbon, Casablanca'}}, 'email': 'heather.alvarez@example.com', 'login': {'uuid': '60678a89-bee8-49cd-bf3b-e27e42f3cb48', 'username': 'sadtiger253', 'password': 'claudio', 'salt': '75HLUZn8', 'md5': 'b09e6cb797c188609af6408fae97f3f7', 'sha1': '069f22bd0e37b6b696c845618f954ae23d7c5910', 'sha256': 'f6bcf31d21f076efec03e57f48c1d8e450d228eb65949c66dde45498e5dcbf9d'}, 'dob': {'date': '1969-08-14T05:21:20.792Z', 'age': 54}, 'registered': {'date': '2020-08-23T08:41:39.580Z', 'age': 3}, 'phone': '(391) 872-5277', 'cell': '(208) 893-9141', 'id': {'name': 'SSN', 'value': '592-31-9925'}, 'picture': {'large': 'https://randomuser.me/api/portraits/women/24.jpg', 'medium': 'https://randomuser.me/api/portraits/med/women/24.jpg', 'thumbnail': 'https://randomuser.me/api/portraits/thumb/women/24.jpg'}, 'nat': 'US'}</msg>
<arg>${json_data['results'][0]}</arg>
<doc>Logs the given message with the given level.</doc>
<status status="PASS" start="2024-05-27T05:14:47.376865" elapsed="0.000444"/>
</kw>
<kw name="Log" owner="BuiltIn">
<msg time="2024-05-27T05:14:47.377741" level="INFO">gender</msg>
<arg>${key}</arg>
<doc>Logs the given message with the given level.</doc>
<status status="PASS" start="2024-05-27T05:14:47.377614" elapsed="0.000163"/>
</kw>
<var name="${key}">gender</var>
<status status="PASS" start="2024-05-27T05:14:47.376011" elapsed="0.001977"/>
</iter>
<iter>
<kw name="Dictionary Should Contain Key" owner="Collections">
<msg time="2024-05-27T05:14:47.378666" level="INFO">False</msg>
<arg>${json_data['results'][0]}</arg>
<arg>${key}</arg>
<doc>Fails if ``key`` is not found from ``dictionary``.</doc>
<status status="PASS" start="2024-05-27T05:14:47.378286" elapsed="0.000448"/>
</kw>
<kw name="Log" owner="BuiltIn">
<msg time="2024-05-27T05:14:47.379387" level="INFO">{'gender': 'female', 'name': {'title': 'Mrs', 'first': 'Heather', 'last': 'Alvarez'}, 'location': {'street': {'number': 5348, 'name': 'Preston Rd'}, 'city': 'Mckinney', 'state': 'New Hampshire', 'country': 'United States', 'postcode': 76315, 'coordinates': {'latitude': '86.6288', 'longitude': '10.0970'}, 'timezone': {'offset': '0:00', 'description': 'Western Europe Time, London, Lisbon, Casablanca'}}, 'email': 'heather.alvarez@example.com', 'login': {'uuid': '60678a89-bee8-49cd-bf3b-e27e42f3cb48', 'username': 'sadtiger253', 'password': 'claudio', 'salt': '75HLUZn8', 'md5': 'b09e6cb797c188609af6408fae97f3f7', 'sha1': '069f22bd0e37b6b696c845618f954ae23d7c5910', 'sha256': 'f6bcf31d21f076efec03e57f48c1d8e450d228eb65949c66dde45498e5dcbf9d'}, 'dob': {'date': '1969-08-14T05:21:20.792Z', 'age': 54}, 'registered': {'date': '2020-08-23T08:41:39.580Z', 'age': 3}, 'phone': '(391) 872-5277', 'cell': '(208) 893-9141', 'id': {'name': 'SSN', 'value': '592-31-9925'}, 'picture': {'large': 'https://randomuser.me/api/portraits/women/24.jpg', 'medium': 'https://randomuser.me/api/portraits/med/women/24.jpg', 'thumbnail': 'https://randomuser.me/api/portraits/thumb/women/24.jpg'}, 'nat': 'US'}</msg>
<arg>${json_data['results'][0]}</arg>
<doc>Logs the given message with the given level.</doc>
<status status="PASS" start="2024-05-27T05:14:47.379032" elapsed="0.000402"/>
</kw>
<kw name="Log" owner="BuiltIn">
<msg time="2024-05-27T05:14:47.379847" level="INFO">name</msg>
<arg>${key}</arg>
<doc>Logs the given message with the given level.</doc>
<status status="PASS" start="2024-05-27T05:14:47.379724" elapsed="0.000159"/>
</kw>
<var name="${key}">name</var>
<status status="PASS" start="2024-05-27T05:14:47.378171" elapsed="0.001925"/>
</iter>
<iter>
<kw name="Dictionary Should Contain Key" owner="Collections">
<msg time="2024-05-27T05:14:47.380761" level="INFO">False</msg>
<arg>${json_data['results'][0]}</arg>
<arg>${key}</arg>
<doc>Fails if ``key`` is not found from ``dictionary``.</doc>
<status status="PASS" start="2024-05-27T05:14:47.380384" elapsed="0.000414"/>
</kw>
<kw name="Log" owner="BuiltIn">
<msg time="2024-05-27T05:14:47.381486" level="INFO">{'gender': 'female', 'name': {'title': 'Mrs', 'first': 'Heather', 'last': 'Alvarez'}, 'location': {'street': {'number': 5348, 'name': 'Preston Rd'}, 'city': 'Mckinney', 'state': 'New Hampshire', 'country': 'United States', 'postcode': 76315, 'coordinates': {'latitude': '86.6288', 'longitude': '10.0970'}, 'timezone': {'offset': '0:00', 'description': 'Western Europe Time, London, Lisbon, Casablanca'}}, 'email': 'heather.alvarez@example.com', 'login': {'uuid': '60678a89-bee8-49cd-bf3b-e27e42f3cb48', 'username': 'sadtiger253', 'password': 'claudio', 'salt': '75HLUZn8', 'md5': 'b09e6cb797c188609af6408fae97f3f7', 'sha1': '069f22bd0e37b6b696c845618f954ae23d7c5910', 'sha256': 'f6bcf31d21f076efec03e57f48c1d8e450d228eb65949c66dde45498e5dcbf9d'}, 'dob': {'date': '1969-08-14T05:21:20.792Z', 'age': 54}, 'registered': {'date': '2020-08-23T08:41:39.580Z', 'age': 3}, 'phone': '(391) 872-5277', 'cell': '(208) 893-9141', 'id': {'name': 'SSN', 'value': '592-31-9925'}, 'picture': {'large': 'https://randomuser.me/api/portraits/women/24.jpg', 'medium': 'https://randomuser.me/api/portraits/med/women/24.jpg', 'thumbnail': 'https://randomuser.me/api/portraits/thumb/women/24.jpg'}, 'nat': 'US'}</msg>
<arg>${json_data['results'][0]}</arg>
<doc>Logs the given message with the given level.</doc>
<status status="PASS" start="2024-05-27T05:14:47.381095" elapsed="0.000438"/>
</kw>
<kw name="Log" owner="BuiltIn">
<msg time="2024-05-27T05:14:47.381953" level="INFO">location</msg>
<arg>${key}</arg>
<doc>Logs the given message with the given level.</doc>
<status status="PASS" start="2024-05-27T05:14:47.381827" elapsed="0.000163"/>
</kw>
<var name="${key}">location</var>
<status status="PASS" start="2024-05-27T05:14:47.380272" elapsed="0.001929"/>
</iter>
<iter>
<kw name="Dictionary Should Contain Key" owner="Collections">
<msg time="2024-05-27T05:14:47.382967" level="INFO">False</msg>
<arg>${json_data['results'][0]}</arg>
<arg>${key}</arg>
<doc>Fails if ``key`` is not found from ``dictionary``.</doc>
<status status="PASS" start="2024-05-27T05:14:47.382481" elapsed="0.000524"/>
</kw>
<kw name="Log" owner="BuiltIn">
<msg time="2024-05-27T05:14:47.383658" level="INFO">{'gender': 'female', 'name': {'title': 'Mrs', 'first': 'Heather', 'last': 'Alvarez'}, 'location': {'street': {'number': 5348, 'name': 'Preston Rd'}, 'city': 'Mckinney', 'state': 'New Hampshire', 'country': 'United States', 'postcode': 76315, 'coordinates': {'latitude': '86.6288', 'longitude': '10.0970'}, 'timezone': {'offset': '0:00', 'description': 'Western Europe Time, London, Lisbon, Casablanca'}}, 'email': 'heather.alvarez@example.com', 'login': {'uuid': '60678a89-bee8-49cd-bf3b-e27e42f3cb48', 'username': 'sadtiger253', 'password': 'claudio', 'salt': '75HLUZn8', 'md5': 'b09e6cb797c188609af6408fae97f3f7', 'sha1': '069f22bd0e37b6b696c845618f954ae23d7c5910', 'sha256': 'f6bcf31d21f076efec03e57f48c1d8e450d228eb65949c66dde45498e5dcbf9d'}, 'dob': {'date': '1969-08-14T05:21:20.792Z', 'age': 54}, 'registered': {'date': '2020-08-23T08:41:39.580Z', 'age': 3}, 'phone': '(391) 872-5277', 'cell': '(208) 893-9141', 'id': {'name': 'SSN', 'value': '592-31-9925'}, 'picture': {'large': 'https://randomuser.me/api/portraits/women/24.jpg', 'medium': 'https://randomuser.me/api/portraits/med/women/24.jpg', 'thumbnail': 'https://randomuser.me/api/portraits/thumb/women/24.jpg'}, 'nat': 'US'}</msg>
<arg>${json_data['results'][0]}</arg>
<doc>Logs the given message with the given level.</doc>
<status status="PASS" start="2024-05-27T05:14:47.383301" elapsed="0.000414"/>
</kw>
<kw name="Log" owner="BuiltIn">
<msg time="2024-05-27T05:14:47.384144" level="INFO">email</msg>
<arg>${key}</arg>
<doc>Logs the given message with the given level.</doc>
<status status="PASS" start="2024-05-27T05:14:47.384017" elapsed="0.000164"/>
</kw>
<var name="${key}">email</var>
<status status="PASS" start="2024-05-27T05:14:47.382372" elapsed="0.002019"/>
</iter>
<iter>
<kw name="Dictionary Should Contain Key" owner="Collections">
<msg time="2024-05-27T05:14:47.385063" level="INFO">False</msg>
<arg>${json_data['results'][0]}</arg>
<arg>${key}</arg>
<doc>Fails if ``key`` is not found from ``dictionary``.</doc>
<status status="PASS" start="2024-05-27T05:14:47.384674" elapsed="0.000425"/>
</kw>
<kw name="Log" owner="BuiltIn">
<msg time="2024-05-27T05:14:47.385779" level="INFO">{'gender': 'female', 'name': {'title': 'Mrs', 'first': 'Heather', 'last': 'Alvarez'}, 'location': {'street': {'number': 5348, 'name': 'Preston Rd'}, 'city': 'Mckinney', 'state': 'New Hampshire', 'country': 'United States', 'postcode': 76315, 'coordinates': {'latitude': '86.6288', 'longitude': '10.0970'}, 'timezone': {'offset': '0:00', 'description': 'Western Europe Time, London, Lisbon, Casablanca'}}, 'email': 'heather.alvarez@example.com', 'login': {'uuid': '60678a89-bee8-49cd-bf3b-e27e42f3cb48', 'username': 'sadtiger253', 'password': 'claudio', 'salt': '75HLUZn8', 'md5': 'b09e6cb797c188609af6408fae97f3f7', 'sha1': '069f22bd0e37b6b696c845618f954ae23d7c5910', 'sha256': 'f6bcf31d21f076efec03e57f48c1d8e450d228eb65949c66dde45498e5dcbf9d'}, 'dob': {'date': '1969-08-14T05:21:20.792Z', 'age': 54}, 'registered': {'date': '2020-08-23T08:41:39.580Z', 'age': 3}, 'phone': '(391) 872-5277', 'cell': '(208) 893-9141', 'id': {'name': 'SSN', 'value': '592-31-9925'}, 'picture': {'large': 'https://randomuser.me/api/portraits/women/24.jpg', 'medium': 'https://randomuser.me/api/portraits/med/women/24.jpg', 'thumbnail': 'https://randomuser.me/api/portraits/thumb/women/24.jpg'}, 'nat': 'US'}</msg>
<arg>${json_data['results'][0]}</arg>
<doc>Logs the given message with the given level.</doc>
<status status="PASS" start="2024-05-27T05:14:47.385416" elapsed="0.000411"/>
</kw>
<kw name="Log" owner="BuiltIn">
<msg time="2024-05-27T05:14:47.386277" level="INFO">login</msg>
<arg>${key}</arg>
<doc>Logs the given message with the given level.</doc>
<status status="PASS" start="2024-05-27T05:14:47.386120" elapsed="0.000195"/>
</kw>
<var name="${key}">login</var>
<status status="PASS" start="2024-05-27T05:14:47.384564" elapsed="0.001968"/>
</iter>
<var>${key}</var>
<value>@{expected_keys}</value>
<status status="PASS" start="2024-05-27T05:14:47.375829" elapsed="0.010822"/>
</for>
<kw name="Create List" owner="BuiltIn">
<msg time="2024-05-27T05:14:47.386975" level="INFO">${expected_keysTwo} = ['username', 'password']</msg>
<var>${expected_keysTwo}</var>
<arg>username</arg>
<arg>password</arg>
<doc>Returns a list containing given items.</doc>
<status status="PASS" start="2024-05-27T05:14:47.386839" elapsed="0.000159"/>
</kw>
<for flavor="IN">
<iter>
<kw name="Dictionary Should Contain Key" owner="Collections">
<msg time="2024-05-27T05:14:47.387876" level="INFO">False</msg>
<arg>${json_data['results'][0]['login']}</arg>
<arg>${keyTwo}</arg>
<doc>Fails if ``key`` is not found from ``dictionary``.</doc>
<status status="PASS" start="2024-05-27T05:14:47.387496" elapsed="0.000417"/>
</kw>
<kw name="Dictionary Should Contain Key" owner="Collections">
<msg time="2024-05-27T05:14:47.388584" level="INFO">False</msg>
<arg>${json_data['results'][0]['login']}</arg>
<arg>${keyTwo}</arg>
<doc>Fails if ``key`` is not found from ``dictionary``.</doc>
<status status="PASS" start="2024-05-27T05:14:47.388207" elapsed="0.000414"/>
</kw>
<kw name="Log" owner="BuiltIn">
<msg time="2024-05-27T05:14:47.389031" level="INFO">username</msg>
<arg>${keyTwo}</arg>
<doc>Logs the given message with the given level.</doc>
<status status="PASS" start="2024-05-27T05:14:47.388907" elapsed="0.000161"/>
</kw>
<var name="${keyTwo}">username</var>
<status status="PASS" start="2024-05-27T05:14:47.387386" elapsed="0.001916"/>
</iter>
<iter>
<kw name="Dictionary Should Contain Key" owner="Collections">
<msg time="2024-05-27T05:14:47.389964" level="INFO">False</msg>
<arg>${json_data['results'][0]['login']}</arg>
<arg>${keyTwo}</arg>
<doc>Fails if ``key`` is not found from ``dictionary``.</doc>
<status status="PASS" start="2024-05-27T05:14:47.389584" elapsed="0.000417"/>
</kw>
<kw name="Dictionary Should Contain Key" owner="Collections">
<msg time="2024-05-27T05:14:47.390662" level="INFO">False</msg>
<arg>${json_data['results'][0]['login']}</arg>
<arg>${keyTwo}</arg>
<doc>Fails if ``key`` is not found from ``dictionary``.</doc>
<status status="PASS" start="2024-05-27T05:14:47.390290" elapsed="0.000408"/>
</kw>
<kw name="Log" owner="BuiltIn">
<msg time="2024-05-27T05:14:47.391108" level="INFO">password</msg>
<arg>${keyTwo}</arg>
<doc>Logs the given message with the given level.</doc>
<status status="PASS" start="2024-05-27T05:14:47.390984" elapsed="0.000159"/>
</kw>
<var name="${keyTwo}">password</var>
<status status="PASS" start="2024-05-27T05:14:47.389473" elapsed="0.001882"/>
</iter>
<var>${keyTwo}</var>
<value>@{expected_keysTwo}</value>
<status status="PASS" start="2024-05-27T05:14:47.387231" elapsed="0.004245"/>
</for>
<status status="PASS" start="2024-05-27T05:14:47.258978" elapsed="0.132633"/>
</kw>
<doc>Testa a estrutura da resposta da API.</doc>
<tag>testeEstruturaResposta</tag>
<status status="PASS" start="2024-05-27T05:14:47.258273" elapsed="0.133482"/>
</test>
<test id="s1-s1-t4" name="Validar tipos de dados" line="28">
<kw name="Teste de Tipos de Dados" owner="random-user-service">
<kw name="GET On Session" owner="RequestsLibrary">
<msg time="2024-05-27T05:14:47.447253" level="INFO">GET Request : url=https://randomuser.me/api 
 path_url=/api 
 headers={'User-Agent': 'python-requests/2.32.2', 'Accept-Encoding': 'gzip, deflate', 'Accept': '*/*', 'Connection': 'keep-alive'} 
 body=None 
 </msg>
<msg time="2024-05-27T05:14:47.447332" level="INFO">GET Response : url=https://randomuser.me/api 
 status=200, reason=OK 
 headers={'Date': 'Mon, 27 May 2024 05:14:47 GMT', 'Content-Type': 'application/json; charset=utf-8', 'Transfer-Encoding': 'chunked', 'Connection': 'keep-alive', 'X-Powered-By': 'Express', 'Access-Control-Allow-Origin': '*', 'Cache-Control': 'no-cache', 'ETag': 'W/"477-e/MB0+yPiVCb4ugEDbgcS3Hoc1k"', 'Vary': 'Accept-Encoding', 'Content-Encoding': 'gzip', 'CF-Cache-Status': 'DYNAMIC', 'Report-To': '{"endpoints":[{"url":"https:\\/\\/a.nel.cloudflare.com\\/report\\/v4?s=hrCEt9L1b99Hi4NxrATCCiM2p0967l9j0h8dDD0rjPWNlTgvckX2SsZcNCONn3ck%2BOQHHUH5nkI8vpwz7IAyJU5OQvlrCVHnSdOtSTDomeOn76lnmEg%2FhD7X67Ex5xCB"}],"group":"cf-nel","max_age":604800}', 'NEL': '{"success_fraction":0,"report_to":"cf-nel","max_age":604800}', 'Server': 'cloudflare', 'CF-RAY': '88a385fe396049f4-ORD', 'alt-svc': 'h3=":443"; ma=86400'} 
 body={"results":[{"gender":"female","name":{"title":"Miss","first":"Yulina","last":"Smolyak"},"location":{"street":{"number":6808,"name":"Karelovska"},"city":"Soledar","state":"Harkivska","country":"Ukraine","postcode":52838,"coordinates":{"latitude":"81.0367","longitude":"121.4766"},"timezone":{"offset":"-3:30","description":"Newfoundland"}},"email":"yulina.smolyak@example.com","login":{"uuid":"fc34a6dc-7b1d-4a71-845b-f69d48199f24","username":"silverzebra489","password":"entropy","salt":"SeZQBgFq","md5":"a8aa452fbff65f35725202a8aad5c02c","sha1":"21f88c58c335735914a78f821c17ea5685e25dc0","sha256":"d6e6f862723d5e6e7983873d01a286357e29b27a49d7e087240b27489596ae6a"},"dob":{"date":"1976-09-09T07:00:21.760Z","age":47},"registered":{"date":"2019-04-25T11:18:49.160Z","age":5},"phone":"(096) C66-9126","cell":"(067) X49-8700","id":{"name":"","value":null},"picture":{"large":"https://randomuser.me/api/portraits/women/29.jpg","medium":"https://randomuser.me/api/portraits/med/women/29.jpg","thumbnail":"https://randomuser.me/api/portraits/thumb/women/29.jpg"},"nat":"UA"}],"info":{"seed":"e15b2d2037f40e59","results":1,"page":1,"version":"1.4"}} 
 </msg>
<msg time="2024-05-27T05:14:47.447402" level="INFO">/opt/hostedtoolcache/Python/3.12.3/x64/lib/python3.12/site-packages/urllib3/connectionpool.py:1103: InsecureRequestWarning: Unverified HTTPS request is being made to host 'randomuser.me'. Adding certificate verification is strongly advised. See: https://urllib3.readthedocs.io/en/latest/advanced-usage.html#tls-warnings
  warnings.warn(</msg>
<msg time="2024-05-27T05:14:47.447516" level="INFO">${response} = &lt;Response [200]&gt;</msg>
<var>${response}</var>
<arg>consultarAPI</arg>
<arg>/api</arg>
<doc>Sends a GET request on a previously created HTTP Session.</doc>
<status status="PASS" start="2024-05-27T05:14:47.394250" elapsed="0.053321"/>
</kw>
<kw name="Set Variable" owner="BuiltIn">
<msg time="2024-05-27T05:14:47.448619" level="INFO">${json_data} = {'results': [{'gender': 'female', 'name': {'title': 'Miss', 'first': 'Yulina', 'last': 'Smolyak'}, 'location': {'street': {'number': 6808, 'name': 'Karelovska'}, 'city': 'Soledar', 'state': 'Harkivska...</msg>
<var>${json_data}</var>
<arg>${response.json()}</arg>
<doc>Returns the given values which can then be assigned to a variables.</doc>
<status status="PASS" start="2024-05-27T05:14:47.448031" elapsed="0.000616"/>
</kw>
<kw name="Log" owner="BuiltIn">
<msg time="2024-05-27T05:14:47.449109" level="INFO">{'results': [{'gender': 'female', 'name': {'title': 'Miss', 'first': 'Yulina', 'last': 'Smolyak'}, 'location': {'street': {'number': 6808, 'name': 'Karelovska'}, 'city': 'Soledar', 'state': 'Harkivska', 'country': 'Ukraine', 'postcode': 52838, 'coordinates': {'latitude': '81.0367', 'longitude': '121.4766'}, 'timezone': {'offset': '-3:30', 'description': 'Newfoundland'}}, 'email': 'yulina.smolyak@example.com', 'login': {'uuid': 'fc34a6dc-7b1d-4a71-845b-f69d48199f24', 'username': 'silverzebra489', 'password': 'entropy', 'salt': 'SeZQBgFq', 'md5': 'a8aa452fbff65f35725202a8aad5c02c', 'sha1': '21f88c58c335735914a78f821c17ea5685e25dc0', 'sha256': 'd6e6f862723d5e6e7983873d01a286357e29b27a49d7e087240b27489596ae6a'}, 'dob': {'date': '1976-09-09T07:00:21.760Z', 'age': 47}, 'registered': {'date': '2019-04-25T11:18:49.160Z', 'age': 5}, 'phone': '(096) C66-9126', 'cell': '(067) X49-8700', 'id': {'name': '', 'value': None}, 'picture': {'large': 'https://randomuser.me/api/portraits/women/29.jpg', 'medium': 'https://randomuser.me/api/portraits/med/women/29.jpg', 'thumbnail': 'https://randomuser.me/api/portraits/thumb/women/29.jpg'}, 'nat': 'UA'}], 'info': {'seed': 'e15b2d2037f40e59', 'results': 1, 'page': 1, 'version': '1.4'}}</msg>
<arg>${json_data}</arg>
<doc>Logs the given message with the given level.</doc>
<status status="PASS" start="2024-05-27T05:14:47.448951" elapsed="0.000237"/>
</kw>
<kw name="Should Be String" owner="String">
<arg>${json_data['results'][0]['gender']}</arg>
<doc>Fails if the given ``item`` is not a string.</doc>
<status status="PASS" start="2024-05-27T05:14:47.449517" elapsed="0.000359"/>
</kw>
<kw name="Should Match Regexp" owner="BuiltIn">
<arg>${json_data['results'][0]['email']}</arg>
<arg>^[a-zA-Z0-9._%+-]+@[a-zA-Z0-9.-]+\.[a-zA-Z]{2,}$</arg>
<doc>Fails if ``string`` does not match ``pattern`` as a regular expression.</doc>
<status status="PASS" start="2024-05-27T05:14:47.450066" elapsed="0.000606"/>
</kw>
<kw name="Should Match Regexp" owner="BuiltIn">
<arg>${json_data['results'][0]['dob']['date']}</arg>
<arg>\\d{4}-\\d{2}-\\d{2}T\\d{2}:\\d{2}:\\d{2}\\.\\d{3}Z</arg>
<doc>Fails if ``string`` does not match ``pattern`` as a regular expression.</doc>
<status status="PASS" start="2024-05-27T05:14:47.450870" elapsed="0.000477"/>
</kw>
<kw name="Should Match Regexp" owner="BuiltIn">
<arg>${json_data['results'][0]['registered']['date']}</arg>
<arg>\\d{4}-\\d{2}-\\d{2}T\\d{2}:\\d{2}:\\d{2}\\.\\d{3}Z</arg>
<doc>Fails if ``string`` does not match ``pattern`` as a regular expression.</doc>
<status status="PASS" start="2024-05-27T05:14:47.451538" elapsed="0.000366"/>
</kw>
<kw name="Should Match Regexp" owner="BuiltIn">
<arg>${json_data['results'][0]['picture']['large']}</arg>
<arg>^https?://.*\.(?:png|jpe?g|gif|bmp)$</arg>
<doc>Fails if ``string`` does not match ``pattern`` as a regular expression.</doc>
<status status="PASS" start="2024-05-27T05:14:47.452089" elapsed="0.000451"/>
</kw>
<kw name="Should Match Regexp" owner="BuiltIn">
<arg>${json_data['results'][0]['picture']['medium']}</arg>
<arg>^https?://.*\.(?:png|jpe?g|gif|bmp)$</arg>
<doc>Fails if ``string`` does not match ``pattern`` as a regular expression.</doc>
<status status="PASS" start="2024-05-27T05:14:47.452726" elapsed="0.000347"/>
</kw>
<kw name="Should Match Regexp" owner="BuiltIn">
<arg>${json_data['results'][0]['picture']['thumbnail']}</arg>
<arg>^https?://.*\.(?:png|jpe?g|gif|bmp)$</arg>
<doc>Fails if ``string`` does not match ``pattern`` as a regular expression.</doc>
<status status="PASS" start="2024-05-27T05:14:47.453276" elapsed="0.000359"/>
</kw>
<kw name="Log" owner="BuiltIn">
<msg time="2024-05-27T05:14:47.454135" level="INFO">{'large': 'https://randomuser.me/api/portraits/women/29.jpg', 'medium': 'https://randomuser.me/api/portraits/med/women/29.jpg', 'thumbnail': 'https://randomuser.me/api/portraits/thumb/women/29.jpg'}</msg>
<arg>${json_data['results'][0]['picture']}</arg>
<doc>Logs the given message with the given level.</doc>
<status status="PASS" start="2024-05-27T05:14:47.453816" elapsed="0.000358"/>
</kw>
<status status="PASS" start="2024-05-27T05:14:47.394028" elapsed="0.060393"/>
</kw>
<kw name="Teste de Tipos de Dados - Postcode" owner="random-user-service">
<kw name="GET On Session" owner="RequestsLibrary">
<msg time="2024-05-27T05:14:47.592861" level="INFO">GET Request : url=https://randomuser.me/api 
 path_url=/api 
 headers={'User-Agent': 'python-requests/2.32.2', 'Accept-Encoding': 'gzip, deflate', 'Accept': '*/*', 'Connection': 'keep-alive'} 
 body=None 
 </msg>
<msg time="2024-05-27T05:14:47.592926" level="INFO">GET Response : url=https://randomuser.me/api 
 status=200, reason=OK 
 headers={'Date': 'Mon, 27 May 2024 05:14:47 GMT', 'Content-Type': 'application/json; charset=utf-8', 'Transfer-Encoding': 'chunked', 'Connection': 'keep-alive', 'X-Powered-By': 'Express', 'Access-Control-Allow-Origin': '*', 'Cache-Control': 'no-cache', 'ETag': 'W/"48c-XZ1QSUNKmlU3lRWqnKgKc9FQZ8A"', 'Vary': 'Accept-Encoding', 'Content-Encoding': 'gzip', 'CF-Cache-Status': 'DYNAMIC', 'Report-To': '{"endpoints":[{"url":"https:\\/\\/a.nel.cloudflare.com\\/report\\/v4?s=DskeuJmX0hfWlCW%2FS%2BOhhVAlIFoUnYJ1yKtI303boBD8CT%2Fp9oO2S0va0tq6U0cj4q5QizAUxLQ23dvQyEok04wqOECy1ceWGHW4gcPqunG8lmvYoDbwoRkCGNs4qOYT"}],"group":"cf-nel","max_age":604800}', 'NEL': '{"success_fraction":0,"report_to":"cf-nel","max_age":604800}', 'Server': 'cloudflare', 'CF-RAY': '88a385fe99b249f4-ORD', 'alt-svc': 'h3=":443"; ma=86400'} 
 body={"results":[{"gender":"female","name":{"title":"Miss","first":"Alexa","last":"Kim"},"location":{"street":{"number":4637,"name":"Edwards Rd"},"city":"Bundaberg","state":"Victoria","country":"Australia","postcode":7052,"coordinates":{"latitude":"-84.7466","longitude":"116.8606"},"timezone":{"offset":"+10:00","description":"Eastern Australia, Guam, Vladivostok"}},"email":"alexa.kim@example.com","login":{"uuid":"074f733d-616d-4e5e-b73c-03ce0eff3c85","username":"silverbird302","password":"cinnamon","salt":"gz16t5RE","md5":"6ea96b4e23b9f7f213e051ea2d9bc8f7","sha1":"42da604f2096c1ac73d3931c5d72691fe80038bd","sha256":"35798f330900532cfddca4be62f3736b5167729f865b5d134f5509b3c08585ef"},"dob":{"date":"1989-11-22T01:01:59.542Z","age":34},"registered":{"date":"2020-10-11T20:50:27.245Z","age":3},"phone":"09-9918-5369","cell":"0406-490-451","id":{"name":"TFN","value":"679477430"},"picture":{"large":"https://randomuser.me/api/portraits/women/5.jpg","medium":"https://randomuser.me/api/portraits/med/women/5.jpg","thumbnail":"https://randomuser.me/api/portraits/thumb/women/5.jpg"},"nat":"AU"}],"info":{"seed":"0918978ee4de961d","results":1,"page":1,"version":"1.4"}} 
 </msg>
<msg time="2024-05-27T05:14:47.592981" level="INFO">/opt/hostedtoolcache/Python/3.12.3/x64/lib/python3.12/site-packages/urllib3/connectionpool.py:1103: InsecureRequestWarning: Unverified HTTPS request is being made to host 'randomuser.me'. Adding certificate verification is strongly advised. See: https://urllib3.readthedocs.io/en/latest/advanced-usage.html#tls-warnings
  warnings.warn(</msg>
<msg time="2024-05-27T05:14:47.593066" level="INFO">${response} = &lt;Response [200]&gt;</msg>
<var>${response}</var>
<arg>consultarAPI</arg>
<arg>/api</arg>
<doc>Sends a GET request on a previously created HTTP Session.</doc>
<status status="PASS" start="2024-05-27T05:14:47.454841" elapsed="0.138266"/>
</kw>
<kw name="Set Variable" owner="BuiltIn">
<msg time="2024-05-27T05:14:47.594171" level="INFO">${json_data} = {'results': [{'gender': 'female', 'name': {'title': 'Miss', 'first': 'Alexa', 'last': 'Kim'}, 'location': {'street': {'number': 4637, 'name': 'Edwards Rd'}, 'city': 'Bundaberg', 'state': 'Victoria', '...</msg>
<var>${json_data}</var>
<arg>${response.json()}</arg>
<doc>Returns the given values which can then be assigned to a variables.</doc>
<status status="PASS" start="2024-05-27T05:14:47.593587" elapsed="0.000612"/>
</kw>
<kw name="Log" owner="BuiltIn">
<msg time="2024-05-27T05:14:47.594669" level="INFO">{'results': [{'gender': 'female', 'name': {'title': 'Miss', 'first': 'Alexa', 'last': 'Kim'}, 'location': {'street': {'number': 4637, 'name': 'Edwards Rd'}, 'city': 'Bundaberg', 'state': 'Victoria', 'country': 'Australia', 'postcode': 7052, 'coordinates': {'latitude': '-84.7466', 'longitude': '116.8606'}, 'timezone': {'offset': '+10:00', 'description': 'Eastern Australia, Guam, Vladivostok'}}, 'email': 'alexa.kim@example.com', 'login': {'uuid': '074f733d-616d-4e5e-b73c-03ce0eff3c85', 'username': 'silverbird302', 'password': 'cinnamon', 'salt': 'gz16t5RE', 'md5': '6ea96b4e23b9f7f213e051ea2d9bc8f7', 'sha1': '42da604f2096c1ac73d3931c5d72691fe80038bd', 'sha256': '35798f330900532cfddca4be62f3736b5167729f865b5d134f5509b3c08585ef'}, 'dob': {'date': '1989-11-22T01:01:59.542Z', 'age': 34}, 'registered': {'date': '2020-10-11T20:50:27.245Z', 'age': 3}, 'phone': '09-9918-5369', 'cell': '0406-490-451', 'id': {'name': 'TFN', 'value': '679477430'}, 'picture': {'large': 'https://randomuser.me/api/portraits/women/5.jpg', 'medium': 'https://randomuser.me/api/portraits/med/women/5.jpg', 'thumbnail': 'https://randomuser.me/api/portraits/thumb/women/5.jpg'}, 'nat': 'AU'}], 'info': {'seed': '0918978ee4de961d', 'results': 1, 'page': 1, 'version': '1.4'}}</msg>
<arg>${json_data}</arg>
<doc>Logs the given message with the given level.</doc>
<status status="PASS" start="2024-05-27T05:14:47.594516" elapsed="0.000229"/>
</kw>
<kw name="Should Be Equal As Numbers" owner="BuiltIn">
<arg>${json_data['results'][0]['location']['postcode']}</arg>
<arg>${json_data['results'][0]['location']['postcode']}</arg>
<doc>Fails if objects are unequal after converting them to real numbers.</doc>
<status status="PASS" start="2024-05-27T05:14:47.595041" elapsed="0.000634"/>
</kw>
<kw name="Log" owner="BuiltIn">
<msg time="2024-05-27T05:14:47.596202" level="INFO">7052</msg>
<arg>${json_data['results'][0]['location']['postcode']}</arg>
<doc>Logs the given message with the given level.</doc>
<status status="PASS" start="2024-05-27T05:14:47.595872" elapsed="0.000369"/>
</kw>
<status status="PASS" start="2024-05-27T05:14:47.454622" elapsed="0.141880"/>
</kw>
<doc>Testa se os tipos de dados na resposta da API estão corretos.</doc>
<tag>testeTiposDados</tag>
<status status="PASS" start="2024-05-27T05:14:47.393510" elapsed="0.203144"/>
</test>
<test id="s1-s1-t5" name="Validar conteudo" line="35">
<kw name="Teste de Tipos de Conteudo" owner="random-user-service">
<kw name="GET On Session" owner="RequestsLibrary">
<msg time="2024-05-27T05:14:47.785611" level="INFO">GET Request : url=https://randomuser.me/api 
 path_url=/api 
 headers={'User-Agent': 'python-requests/2.32.2', 'Accept-Encoding': 'gzip, deflate', 'Accept': '*/*', 'Connection': 'keep-alive'} 
 body=None 
 </msg>
<msg time="2024-05-27T05:14:47.785689" level="INFO">GET Response : url=https://randomuser.me/api 
 status=200, reason=OK 
 headers={'Date': 'Mon, 27 May 2024 05:14:47 GMT', 'Content-Type': 'application/json; charset=utf-8', 'Transfer-Encoding': 'chunked', 'Connection': 'keep-alive', 'X-Powered-By': 'Express', 'Access-Control-Allow-Origin': '*', 'Cache-Control': 'no-cache', 'ETag': 'W/"49d-cAqCkJiRymEW2h1J2RX/3MG6zGA"', 'Vary': 'Accept-Encoding', 'Content-Encoding': 'gzip', 'CF-Cache-Status': 'DYNAMIC', 'Report-To': '{"endpoints":[{"url":"https:\\/\\/a.nel.cloudflare.com\\/report\\/v4?s=655%2B5BsjnX%2BwI49bRQ9QGYXd%2BjZZ3F46KKZHSqeIjRXanN0gf3tPbht%2F%2BKuRtgsTdiFx77EMERYxrBeDRY0N5NSZpqLVSbu4Szq4X5rS09%2BET6s34cIwajjCMSXkGiH8"}],"group":"cf-nel","max_age":604800}', 'NEL': '{"success_fraction":0,"report_to":"cf-nel","max_age":604800}', 'Server': 'cloudflare', 'CF-RAY': '88a385ff8a7449f4-ORD', 'alt-svc': 'h3=":443"; ma=86400'} 
 body={"results":[{"gender":"female","name":{"title":"Miss","first":"Allie","last":"Watkins"},"location":{"street":{"number":7863,"name":"Queensway"},"city":"Cambridge","state":"Worcestershire","country":"United Kingdom","postcode":"QZ00 0EF","coordinates":{"latitude":"-10.1957","longitude":"59.0765"},"timezone":{"offset":"+6:00","description":"Almaty, Dhaka, Colombo"}},"email":"allie.watkins@example.com","login":{"uuid":"0f3cca2f-1652-4dbd-8583-7772832e07a3","username":"brownladybug546","password":"leader","salt":"xuj2Q2Gt","md5":"88fe5c48db05ed8c3c3a214173dc9f33","sha1":"7c30ad7d0105ea43b156eb39920303bb8dceb68f","sha256":"c318a34037c5e2c0474b60e3d5272f0b597c7d6430cba8666d324e01e31ca7c1"},"dob":{"date":"1972-04-02T10:50:06.334Z","age":52},"registered":{"date":"2005-06-20T12:13:04.109Z","age":18},"phone":"013873 59804","cell":"07247 895396","id":{"name":"NINO","value":"SH 72 52 92 B"},"picture":{"large":"https://randomuser.me/api/portraits/women/51.jpg","medium":"https://randomuser.me/api/portraits/med/women/51.jpg","thumbnail":"https://randomuser.me/api/portraits/thumb/women/51.jpg"},"nat":"GB"}],"info":{"seed":"7c32fbb588ae8199","results":1,"page":1,"version":"1.4"}} 
 </msg>
<msg time="2024-05-27T05:14:47.785753" level="INFO">/opt/hostedtoolcache/Python/3.12.3/x64/lib/python3.12/site-packages/urllib3/connectionpool.py:1103: InsecureRequestWarning: Unverified HTTPS request is being made to host 'randomuser.me'. Adding certificate verification is strongly advised. See: https://urllib3.readthedocs.io/en/latest/advanced-usage.html#tls-warnings
  warnings.warn(</msg>
<msg time="2024-05-27T05:14:47.785848" level="INFO">${response} = &lt;Response [200]&gt;</msg>
<var>${response}</var>
<arg>consultarAPI</arg>
<arg>/api</arg>
<doc>Sends a GET request on a previously created HTTP Session.</doc>
<status status="PASS" start="2024-05-27T05:14:47.599322" elapsed="0.186552"/>
</kw>
<kw name="Set Variable" owner="BuiltIn">
<msg time="2024-05-27T05:14:47.786857" level="INFO">${json_data} = {'results': [{'gender': 'female', 'name': {'title': 'Miss', 'first': 'Allie', 'last': 'Watkins'}, 'location': {'street': {'number': 7863, 'name': 'Queensway'}, 'city': 'Cambridge', 'state': 'Worcester...</msg>
<var>${json_data}</var>
<arg>${response.json()}</arg>
<doc>Returns the given values which can then be assigned to a variables.</doc>
<status status="PASS" start="2024-05-27T05:14:47.786320" elapsed="0.000575"/>
</kw>
<kw name="Set Variable" owner="BuiltIn">
<msg time="2024-05-27T05:14:47.787578" level="INFO">${name_title} = Miss</msg>
<var>${name_title}</var>
<arg>${json_data["results"][0]["name"]["title"]}</arg>
<doc>Returns the given values which can then be assigned to a variables.</doc>
<status status="PASS" start="2024-05-27T05:14:47.787198" elapsed="0.000405"/>
</kw>
<kw name="Create List" owner="BuiltIn">
<msg time="2024-05-27T05:14:47.788050" level="INFO">${allowed_titles} = ['Mr', 'Ms', 'Miss', 'Mrs', 'Madame', 'Monsieur']</msg>
<var>${allowed_titles}</var>
<arg>Mr</arg>
<arg>Ms</arg>
<arg>Miss</arg>
<arg>Mrs</arg>
<arg>Madame</arg>
<arg>Monsieur</arg>
<doc>Returns a list containing given items.</doc>
<status status="PASS" start="2024-05-27T05:14:47.787902" elapsed="0.000173"/>
</kw>
<kw name="List Should Contain Value" owner="Collections">
<msg time="2024-05-27T05:14:47.788549" level="INFO">False</msg>
<arg>${allowed_titles}</arg>
<arg>${name_title}</arg>
<doc>Fails if the ``value`` is not found from ``list``.</doc>
<status status="PASS" start="2024-05-27T05:14:47.788374" elapsed="0.000212"/>
</kw>
<kw name="Set Variable" owner="BuiltIn">
<msg time="2024-05-27T05:14:47.789448" level="INFO">${name_country} = GB</msg>
<var>${name_country}</var>
<arg>${json_data["results"][0]["nat"]}</arg>
<doc>Returns the given values which can then be assigned to a variables.</doc>
<status status="PASS" start="2024-05-27T05:14:47.788875" elapsed="0.000599"/>
</kw>
<kw name="Create List" owner="BuiltIn">
<msg time="2024-05-27T05:14:47.790386" level="INFO">${list_country} = ['AD', 'AE', 'AF', 'AG', 'AI', 'AL', 'AM', 'AO', 'AQ', 'AR', 'AS', 'AT', 'AU', 'AW', 'AX', 'AZ', 'BA', 'BB', 'BD', 'BE', 'BF', 'BG', 'BH', 'BI', 'BJ', 'BL', 'BM', 'BN', 'BO', 'BQ', 'BR', 'BS', 'BT', '...</msg>
<var>${list_country}</var>
<arg>AD</arg>
<arg>AE</arg>
<arg>AF</arg>
<arg>AG</arg>
<arg>AI</arg>
<arg>AL</arg>
<arg>AM</arg>
<arg>AO</arg>
<arg>AQ</arg>
<arg>AR</arg>
<arg>AS</arg>
<arg>AT</arg>
<arg>AU</arg>
<arg>AW</arg>
<arg>AX</arg>
<arg>AZ</arg>
<arg>BA</arg>
<arg>BB</arg>
<arg>BD</arg>
<arg>BE</arg>
<arg>BF</arg>
<arg>BG</arg>
<arg>BH</arg>
<arg>BI</arg>
<arg>BJ</arg>
<arg>BL</arg>
<arg>BM</arg>
<arg>BN</arg>
<arg>BO</arg>
<arg>BQ</arg>
<arg>BR</arg>
<arg>BS</arg>
<arg>BT</arg>
<arg>BV</arg>
<arg>BW</arg>
<arg>BY</arg>
<arg>BZ</arg>
<arg>CA</arg>
<arg>CC</arg>
<arg>CD</arg>
<arg>CF</arg>
<arg>CG</arg>
<arg>CH</arg>
<arg>CI</arg>
<arg>CK</arg>
<arg>CL</arg>
<arg>CM</arg>
<arg>CN</arg>
<arg>CO</arg>
<arg>CR</arg>
<arg>CU</arg>
<arg>CV</arg>
<arg>CW</arg>
<arg>CX</arg>
<arg>CY</arg>
<arg>CZ</arg>
<arg>DE</arg>
<arg>DJ</arg>
<arg>DK</arg>
<arg>DM</arg>
<arg>DO</arg>
<arg>DZ</arg>
<arg>EC</arg>
<arg>EE</arg>
<arg>EG</arg>
<arg>EH</arg>
<arg>ER</arg>
<arg>ES</arg>
<arg>ET</arg>
<arg>FI</arg>
<arg>FJ</arg>
<arg>FK</arg>
<arg>FM</arg>
<arg>FO</arg>
<arg>FR</arg>
<arg>GA</arg>
<arg>GB</arg>
<arg>GD</arg>
<arg>GE</arg>
<arg>GF</arg>
<arg>GG</arg>
<arg>GH</arg>
<arg>GI</arg>
<arg>GL</arg>
<arg>GM</arg>
<arg>GN</arg>
<arg>GP</arg>
<arg>GQ</arg>
<arg>GR</arg>
<arg>GS</arg>
<arg>GT</arg>
<arg>GU</arg>
<arg>GW</arg>
<arg>GY</arg>
<arg>HK</arg>
<arg>HM</arg>
<arg>HN</arg>
<arg>HR</arg>
<arg>HT</arg>
<arg>HU</arg>
<arg>ID</arg>
<arg>IE</arg>
<arg>IL</arg>
<arg>IM</arg>
<arg>IN</arg>
<arg>IO</arg>
<arg>IQ</arg>
<arg>IR</arg>
<arg>IS</arg>
<arg>IT</arg>
<arg>JE</arg>
<arg>JM</arg>
<arg>JO</arg>
<arg>JP</arg>
<arg>KE</arg>
<arg>KG</arg>
<arg>KH</arg>
<arg>KI</arg>
<arg>KM</arg>
<arg>KN</arg>
<arg>KP</arg>
<arg>KR</arg>
<arg>KW</arg>
<arg>KY</arg>
<arg>KZ</arg>
<arg>LA</arg>
<arg>LB</arg>
<arg>LC</arg>
<arg>LI</arg>
<arg>LK</arg>
<arg>LR</arg>
<arg>LS</arg>
<arg>LT</arg>
<arg>LU</arg>
<arg>LV</arg>
<arg>LY</arg>
<arg>MA</arg>
<arg>MC</arg>
<arg>MD</arg>
<arg>ME</arg>
<arg>MF</arg>
<arg>MG</arg>
<arg>MH</arg>
<arg>MK</arg>
<arg>ML</arg>
<arg>MM</arg>
<arg>MN</arg>
<arg>MO</arg>
<arg>MP</arg>
<arg>MQ</arg>
<arg>MR</arg>
<arg>MS</arg>
<arg>MT</arg>
<arg>MU</arg>
<arg>MV</arg>
<arg>MW</arg>
<arg>MX</arg>
<arg>MY</arg>
<arg>MZ</arg>
<arg>NA</arg>
<arg>NC</arg>
<arg>NE</arg>
<arg>NF</arg>
<arg>NG</arg>
<arg>NI</arg>
<arg>NL</arg>
<arg>NO</arg>
<arg>NP</arg>
<arg>NR</arg>
<arg>NU</arg>
<arg>NZ</arg>
<arg>OM</arg>
<arg>PA</arg>
<arg>PE</arg>
<arg>PF</arg>
<arg>PG</arg>
<arg>PH</arg>
<arg>PK</arg>
<arg>PL</arg>
<arg>PM</arg>
<arg>PN</arg>
<arg>PR</arg>
<arg>PS</arg>
<arg>PT</arg>
<arg>PW</arg>
<arg>PY</arg>
<arg>QA</arg>
<arg>RE</arg>
<arg>RO</arg>
<arg>RS</arg>
<arg>RU</arg>
<arg>RW</arg>
<arg>SA</arg>
<arg>SB</arg>
<arg>SC</arg>
<arg>SD</arg>
<arg>SE</arg>
<arg>SG</arg>
<arg>SH</arg>
<arg>SI</arg>
<arg>SJ</arg>
<arg>SK</arg>
<arg>SL</arg>
<arg>SM</arg>
<arg>SN</arg>
<arg>SO</arg>
<arg>SR</arg>
<arg>SS</arg>
<arg>ST</arg>
<arg>SV</arg>
<arg>SX</arg>
<arg>SY</arg>
<arg>SZ</arg>
<arg>TC</arg>
<arg>TD</arg>
<arg>TF</arg>
<arg>TG</arg>
<arg>TH</arg>
<arg>TJ</arg>
<arg>TK</arg>
<arg>TL</arg>
<arg>TM</arg>
<arg>TN</arg>
<arg>TO</arg>
<arg>TR</arg>
<arg>TT</arg>
<arg>TV</arg>
<arg>TW</arg>
<arg>TZ</arg>
<arg>UA</arg>
<arg>UG</arg>
<arg>UM</arg>
<arg>US</arg>
<arg>UY</arg>
<arg>UZ</arg>
<arg>VA</arg>
<arg>VC</arg>
<arg>VE</arg>
<arg>VG</arg>
<arg>VI</arg>
<arg>VN</arg>
<arg>VU</arg>
<arg>WF</arg>
<arg>WS</arg>
<arg>XK</arg>
<arg>YE</arg>
<arg>YT</arg>
<arg>ZA</arg>
<arg>ZM</arg>
<arg>ZW</arg>
<doc>Returns a list containing given items.</doc>
<status status="PASS" start="2024-05-27T05:14:47.789779" elapsed="0.000632"/>
</kw>
<kw name="List Should Contain Value" owner="Collections">
<msg time="2024-05-27T05:14:47.791386" level="INFO">False</msg>
<arg>${list_country}</arg>
<arg>${name_country}</arg>
<doc>Fails if the ``value`` is not found from ``list``.</doc>
<status status="PASS" start="2024-05-27T05:14:47.791183" elapsed="0.000238"/>
</kw>
<kw name="Run Keyword If" owner="BuiltIn">
<kw name="Should Be True" owner="BuiltIn">
<arg>${True}</arg>
<doc>Fails if the given condition is not true.</doc>
<status status="PASS" start="2024-05-27T05:14:47.792477" elapsed="0.000144"/>
</kw>
<arg>${json_data["results"][0]["location"]["coordinates"]["latitude"]} &gt;= -90 and ${json_data["results"][0]["location"]["coordinates"]["latitude"]} &lt;= 90</arg>
<arg>Should Be True</arg>
<arg>${True}</arg>
<doc>Runs the given keyword with the given arguments, if ``condition`` is true.</doc>
<status status="PASS" start="2024-05-27T05:14:47.791730" elapsed="0.001018"/>
</kw>
<kw name="Run Keyword If" owner="BuiltIn">
<kw name="Should Be True" owner="BuiltIn">
<arg>${True}</arg>
<doc>Fails if the given condition is not true.</doc>
<status status="PASS" start="2024-05-27T05:14:47.793647" elapsed="0.000138"/>
</kw>
<arg>${json_data["results"][0]["location"]["coordinates"]["longitude"]} &gt;= -180 and ${json_data["results"][0]["location"]["coordinates"]["longitude"]} &lt;= 180</arg>
<arg>Should Be True</arg>
<arg>${True}</arg>
<doc>Runs the given keyword with the given arguments, if ``condition`` is true.</doc>
<status status="PASS" start="2024-05-27T05:14:47.792928" elapsed="0.000981"/>
</kw>
<status status="PASS" start="2024-05-27T05:14:47.598972" elapsed="0.195063"/>
</kw>
<doc>Testa o conteúdo específico dos campos retornados pela API.</doc>
<tag>testeConteudo</tag>
<status status="PASS" start="2024-05-27T05:14:47.598395" elapsed="0.195785"/>
</test>
<status status="PASS" start="2024-05-27T05:14:46.666733" elapsed="1.129322"/>
</suite>
<status status="PASS" start="2024-05-27T05:14:46.652324" elapsed="1.149566"/>
</suite>
<statistics>
<total>
<stat pass="5" fail="0" skip="0">All Tests</stat>
</total>
<tag>
<stat pass="1" fail="0" skip="0">testeConteudo</stat>
<stat pass="1" fail="0" skip="0">testeEstruturaResposta</stat>
<stat pass="1" fail="0" skip="0">testeRequisicaoBasica</stat>
<stat pass="1" fail="0" skip="0">testeTiposDados</stat>
</tag>
<suite>
<stat pass="5" fail="0" skip="0" id="s1" name="Tests">Tests</stat>
<stat pass="5" fail="0" skip="0" id="s1-s1" name="Random-User-Test">Tests.Random-User-Test</stat>
</suite>
</statistics>
<errors>
</errors>
</robot>
