<?xml version="1.0" encoding="UTF-8"?>
<robot generator="Robot 7.0 (Python 3.12.2 on linux)" generated="2024-04-17T01:00:18.973692" rpa="false" schemaversion="5">
<suite id="s1" name="Tests" source="/home/runner/work/DesafioQAItauRogerioJordao/DesafioQAItauRogerioJordao/RamdonUser/tests">
<suite id="s1-s1" name="Random-User-Test" source="/home/runner/work/DesafioQAItauRogerioJordao/DesafioQAItauRogerioJordao/RamdonUser/tests/random-user-test.robot">
<test id="s1-s1-t1" name="Conectar" line="13">
<kw name="Conectar API" owner="random-user-service">
<kw name="Create Session" owner="RequestsLibrary">
<msg time="2024-04-17T01:00:19.331342" level="INFO">Creating Session using : alias=consultarAPI, url=https://randomuser.me/, headers={},                     cookies={}, auth=None, timeout=None, proxies=None, verify=False,                     debug=0 </msg>
<arg>consultarAPI</arg>
<arg>${URL}</arg>
<doc>Create Session: create a HTTP session to a server</doc>
<status status="PASS" start="2024-04-17T01:00:19.331110" elapsed="0.000420"/>
</kw>
<status status="PASS" start="2024-04-17T01:00:19.330057" elapsed="0.001832"/>
</kw>
<status status="PASS" start="2024-04-17T01:00:19.329509" elapsed="0.002603"/>
</test>
<test id="s1-s1-t2" name="Validar retorno 200 e JSON Válido" line="16">
<kw name="Teste de Requisicao Basica" owner="random-user-service">
<kw name="GET On Session" owner="RequestsLibrary">
<msg time="2024-04-17T01:00:19.690757" level="INFO">GET Request : url=https://randomuser.me/api 
 path_url=/api 
 headers={'User-Agent': 'python-requests/2.31.0', 'Accept-Encoding': 'gzip, deflate', 'Accept': '*/*', 'Connection': 'keep-alive'} 
 body=None 
 </msg>
<msg time="2024-04-17T01:00:19.690934" level="INFO">GET Response : url=https://randomuser.me/api 
 status=200, reason=OK 
 headers={'Date': 'Wed, 17 Apr 2024 01:00:19 GMT', 'Content-Type': 'application/json; charset=utf-8', 'Transfer-Encoding': 'chunked', 'Connection': 'keep-alive', 'X-Powered-By': 'Express', 'Access-Control-Allow-Origin': '*', 'Cache-Control': 'no-cache', 'ETag': 'W/"4aa-+fQN9D4MDN79x8JZyUbkt+L1I04"', 'Vary': 'Accept-Encoding', 'Content-Encoding': 'gzip', 'CF-Cache-Status': 'DYNAMIC', 'Report-To': '{"endpoints":[{"url":"https:\\/\\/a.nel.cloudflare.com\\/report\\/v4?s=ih0pc0S%2FMZkcsjbdfddohd%2FudgmjpDkPLMW2ZiSYBmeyCDUxGSiptRIjWIHGCOUmvnivgJhAFY6aM1dfV3QJs%2FMiyApDaHW3Zvn3FUSUTmYXFr1N5%2Fjydfb4%2BZw%2BDnrZ"}],"group":"cf-nel","max_age":604800}', 'NEL': '{"success_fraction":0,"report_to":"cf-nel","max_age":604800}', 'Server': 'cloudflare', 'CF-RAY': '87587a3e69d7e1b6-ORD', 'alt-svc': 'h3=":443"; ma=86400'} 
 body={"results":[{"gender":"female","name":{"title":"Mrs","first":"Stanislava","last":"Peković"},"location":{"street":{"number":1308,"name":"Antona Aškerca"},"city":"Kosjerić","state":"Zaječar","country":"Serbia","postcode":95499,"coordinates":{"latitude":"61.6589","longitude":"143.2389"},"timezone":{"offset":"0:00","description":"Western Europe Time, London, Lisbon, Casablanca"}},"email":"stanislava.pekovic@example.com","login":{"uuid":"c8a7205f-f6e2-4052-a012-e237c0156883","username":"blackwolf216","password":"a12345","salt":"A6lcuiPc","md5":"6f53f4c4d824d06962d16a9f6063443a","sha1":"7a8a68b62c09aa065a6c840a1dfd35d0a465176d","sha256":"92eacf172faf7f6ab19ed5f2f0f5abb522efc9583dcdb518088a3eff824e8f28"},"dob":{"date":"1956-08-14T15:41:10.128Z","age":67},"registered":{"date":"2012-04-11T13:49:49.973Z","age":12},"phone":"010-3355-174","cell":"061-7202-898","id":{"name":"SID","value":"725827831"},"picture":{"large":"https://randomuser.me/api/portraits/women/75.jpg","medium":"https://randomuser.me/api/portraits/med/women/75.jpg","thumbnail":"https://randomuser.me/api/portraits/thumb/women/75.jpg"},"nat":"RS"}],"info":{"seed":"4480cfeaccfc7900","results":1,"page":1,"version":"1.4"}} 
 </msg>
<msg time="2024-04-17T01:00:19.691035" level="INFO">/opt/hostedtoolcache/Python/3.12.2/x64/lib/python3.12/site-packages/urllib3/connectionpool.py:1103: InsecureRequestWarning: Unverified HTTPS request is being made to host 'randomuser.me'. Adding certificate verification is strongly advised. See: https://urllib3.readthedocs.io/en/latest/advanced-usage.html#tls-warnings
  warnings.warn(</msg>
<msg time="2024-04-17T01:00:19.691222" level="INFO">${response} = &lt;Response [200]&gt;</msg>
<var>${response}</var>
<arg>consultarAPI</arg>
<arg>/api</arg>
<doc>Sends a GET request on a previously created HTTP Session.</doc>
<status status="PASS" start="2024-04-17T01:00:19.334659" elapsed="0.356611"/>
</kw>
<kw name="Should Be Equal As Numbers" owner="BuiltIn">
<msg time="2024-04-17T01:00:19.692513" level="INFO">Argument types are:
&lt;class 'int'&gt;
&lt;class 'str'&gt;</msg>
<arg>${response.status_code}</arg>
<arg>200</arg>
<doc>Fails if objects are unequal after converting them to real numbers.</doc>
<status status="PASS" start="2024-04-17T01:00:19.691939" elapsed="0.000639"/>
</kw>
<kw name="Log" owner="BuiltIn">
<msg time="2024-04-17T01:00:19.693256" level="INFO">200</msg>
<arg>${response.status_code}</arg>
<doc>Logs the given message with the given level.</doc>
<status status="PASS" start="2024-04-17T01:00:19.692905" elapsed="0.000394"/>
</kw>
<kw name="Set Variable" owner="BuiltIn">
<msg time="2024-04-17T01:00:19.694077" level="INFO">${json_data} = {'results': [{'gender': 'female', 'name': {'title': 'Mrs', 'first': 'Stanislava', 'last': 'Peković'}, 'location': {'street': {'number': 1308, 'name': 'Antona Aškerca'}, 'city': 'Kosjerić', 'state': 'Z...</msg>
<var>${json_data}</var>
<arg>${response.json()}</arg>
<doc>Returns the given values which can then be assigned to a variables.</doc>
<status status="PASS" start="2024-04-17T01:00:19.693628" elapsed="0.000479"/>
</kw>
<kw name="Dictionary Should Contain Key" owner="Collections">
<msg time="2024-04-17T01:00:19.694580" level="INFO">False</msg>
<arg>${json_data}</arg>
<arg>results</arg>
<doc>Fails if ``key`` is not found from ``dictionary``.</doc>
<status status="PASS" start="2024-04-17T01:00:19.694413" elapsed="0.000211"/>
</kw>
<status status="PASS" start="2024-04-17T01:00:19.334403" elapsed="0.360492"/>
</kw>
<doc>Testa se a API responde corretamente e retorna um objeto JSON válido.</doc>
<tag>testeRequisicaoBasica</tag>
<status status="PASS" start="2024-04-17T01:00:19.333936" elapsed="0.361145"/>
</test>
<test id="s1-s1-t3" name="Validar estrutura de resposta" line="22">
<kw name="Teste de Estrutura de Resposta" owner="random-user-service">
<kw name="GET On Session" owner="RequestsLibrary">
<msg time="2024-04-17T01:00:19.750896" level="INFO">GET Request : url=https://randomuser.me/api 
 path_url=/api 
 headers={'User-Agent': 'python-requests/2.31.0', 'Accept-Encoding': 'gzip, deflate', 'Accept': '*/*', 'Connection': 'keep-alive'} 
 body=None 
 </msg>
<msg time="2024-04-17T01:00:19.750961" level="INFO">GET Response : url=https://randomuser.me/api 
 status=200, reason=OK 
 headers={'Date': 'Wed, 17 Apr 2024 01:00:19 GMT', 'Content-Type': 'application/json; charset=utf-8', 'Transfer-Encoding': 'chunked', 'Connection': 'keep-alive', 'X-Powered-By': 'Express', 'Access-Control-Allow-Origin': '*', 'Cache-Control': 'no-cache', 'ETag': 'W/"48d-Skx3nNINp1SN6LrWcllCxjr2Ano"', 'Vary': 'Accept-Encoding', 'Content-Encoding': 'gzip', 'CF-Cache-Status': 'DYNAMIC', 'Report-To': '{"endpoints":[{"url":"https:\\/\\/a.nel.cloudflare.com\\/report\\/v4?s=N%2FZ5eOw0A%2Bny%2FnDAJlWVcwgQhUhGJG3VrE7%2BStR%2B33x9DanrLXDG4uYc5ETky4TjKiLXaEIciCBQyTx35Q403rgyKmjEPmx51XhWzUygmoCHqkfXQsd6HUoYsFAzDdFN"}],"group":"cf-nel","max_age":604800}', 'NEL': '{"success_fraction":0,"report_to":"cf-nel","max_age":604800}', 'Server': 'cloudflare', 'CF-RAY': '87587a3f1a58e1b6-ORD', 'alt-svc': 'h3=":443"; ma=86400'} 
 body={"results":[{"gender":"male","name":{"title":"Mr","first":"Divyesh","last":"Chavare"},"location":{"street":{"number":726,"name":"Racecource Rd"},"city":"Mathura","state":"Assam","country":"India","postcode":54638,"coordinates":{"latitude":"7.9072","longitude":"-96.4618"},"timezone":{"offset":"+5:00","description":"Ekaterinburg, Islamabad, Karachi, Tashkent"}},"email":"divyesh.chavare@example.com","login":{"uuid":"53a1a917-c1bc-49a6-a83b-99c1bab404e6","username":"bluepeacock650","password":"lilly","salt":"WhUVKPxi","md5":"c53343760b6ea00f7eee0e376ef40d38","sha1":"68768173a1167e5c32cb48c2a641e862e4b6850a","sha256":"6a15c40c8275bc6e3ceaaa57743f07e0982d82d5d2deb6152d4fe2388985bfa8"},"dob":{"date":"1976-12-20T05:17:28.007Z","age":47},"registered":{"date":"2017-10-16T19:00:59.972Z","age":6},"phone":"9662029356","cell":"7983690664","id":{"name":"UIDAI","value":"266949780940"},"picture":{"large":"https://randomuser.me/api/portraits/men/12.jpg","medium":"https://randomuser.me/api/portraits/med/men/12.jpg","thumbnail":"https://randomuser.me/api/portraits/thumb/men/12.jpg"},"nat":"IN"}],"info":{"seed":"63a74dfa88ed6438","results":1,"page":1,"version":"1.4"}} 
 </msg>
<msg time="2024-04-17T01:00:19.751078" level="INFO">/opt/hostedtoolcache/Python/3.12.2/x64/lib/python3.12/site-packages/urllib3/connectionpool.py:1103: InsecureRequestWarning: Unverified HTTPS request is being made to host 'randomuser.me'. Adding certificate verification is strongly advised. See: https://urllib3.readthedocs.io/en/latest/advanced-usage.html#tls-warnings
  warnings.warn(</msg>
<msg time="2024-04-17T01:00:19.751194" level="INFO">${response} = &lt;Response [200]&gt;</msg>
<var>${response}</var>
<arg>consultarAPI</arg>
<arg>/api</arg>
<doc>Sends a GET request on a previously created HTTP Session.</doc>
<status status="PASS" start="2024-04-17T01:00:19.697909" elapsed="0.053331"/>
</kw>
<kw name="Set Variable" owner="BuiltIn">
<msg time="2024-04-17T01:00:19.752261" level="INFO">${json_data} = {'results': [{'gender': 'male', 'name': {'title': 'Mr', 'first': 'Divyesh', 'last': 'Chavare'}, 'location': {'street': {'number': 726, 'name': 'Racecource Rd'}, 'city': 'Mathura', 'state': 'Assam', 'c...</msg>
<var>${json_data}</var>
<arg>${response.json()}</arg>
<doc>Returns the given values which can then be assigned to a variables.</doc>
<status status="PASS" start="2024-04-17T01:00:19.751693" elapsed="0.000596"/>
</kw>
<kw name="Log" owner="BuiltIn">
<msg time="2024-04-17T01:00:19.752760" level="INFO">{'results': [{'gender': 'male', 'name': {'title': 'Mr', 'first': 'Divyesh', 'last': 'Chavare'}, 'location': {'street': {'number': 726, 'name': 'Racecource Rd'}, 'city': 'Mathura', 'state': 'Assam', 'country': 'India', 'postcode': 54638, 'coordinates': {'latitude': '7.9072', 'longitude': '-96.4618'}, 'timezone': {'offset': '+5:00', 'description': 'Ekaterinburg, Islamabad, Karachi, Tashkent'}}, 'email': 'divyesh.chavare@example.com', 'login': {'uuid': '53a1a917-c1bc-49a6-a83b-99c1bab404e6', 'username': 'bluepeacock650', 'password': 'lilly', 'salt': 'WhUVKPxi', 'md5': 'c53343760b6ea00f7eee0e376ef40d38', 'sha1': '68768173a1167e5c32cb48c2a641e862e4b6850a', 'sha256': '6a15c40c8275bc6e3ceaaa57743f07e0982d82d5d2deb6152d4fe2388985bfa8'}, 'dob': {'date': '1976-12-20T05:17:28.007Z', 'age': 47}, 'registered': {'date': '2017-10-16T19:00:59.972Z', 'age': 6}, 'phone': '9662029356', 'cell': '7983690664', 'id': {'name': 'UIDAI', 'value': '266949780940'}, 'picture': {'large': 'https://randomuser.me/api/portraits/men/12.jpg', 'medium': 'https://randomuser.me/api/portraits/med/men/12.jpg', 'thumbnail': 'https://randomuser.me/api/portraits/thumb/men/12.jpg'}, 'nat': 'IN'}], 'info': {'seed': '63a74dfa88ed6438', 'results': 1, 'page': 1, 'version': '1.4'}}</msg>
<arg>${json_data}</arg>
<doc>Logs the given message with the given level.</doc>
<status status="PASS" start="2024-04-17T01:00:19.752603" elapsed="0.000204"/>
</kw>
<kw name="Dictionary Should Contain Key" owner="Collections">
<msg time="2024-04-17T01:00:19.753257" level="INFO">False</msg>
<arg>${json_data}</arg>
<arg>results</arg>
<doc>Fails if ``key`` is not found from ``dictionary``.</doc>
<status status="PASS" start="2024-04-17T01:00:19.753104" elapsed="0.000191"/>
</kw>
<kw name="Should Not Be Empty" owner="BuiltIn">
<msg time="2024-04-17T01:00:19.753731" level="INFO">Length is 2.</msg>
<arg>${json_data}</arg>
<doc>Verifies that the given item is not empty.</doc>
<status status="PASS" start="2024-04-17T01:00:19.753586" elapsed="0.000185"/>
</kw>
<kw name="Create List" owner="BuiltIn">
<msg time="2024-04-17T01:00:19.754223" level="INFO">${expected_keys} = ['gender', 'name', 'location', 'email', 'login']</msg>
<var>${expected_keys}</var>
<arg>gender</arg>
<arg>name</arg>
<arg>location</arg>
<arg>email</arg>
<arg>login</arg>
<doc>Returns a list containing given items.</doc>
<status status="PASS" start="2024-04-17T01:00:19.754074" elapsed="0.000174"/>
</kw>
<for flavor="IN">
<iter>
<kw name="Dictionary Should Contain Key" owner="Collections">
<msg time="2024-04-17T01:00:19.755243" level="INFO">False</msg>
<arg>${json_data['results'][0]}</arg>
<arg>${key}</arg>
<doc>Fails if ``key`` is not found from ``dictionary``.</doc>
<status status="PASS" start="2024-04-17T01:00:19.754814" elapsed="0.000469"/>
</kw>
<kw name="Log" owner="BuiltIn">
<msg time="2024-04-17T01:00:19.755956" level="INFO">{'gender': 'male', 'name': {'title': 'Mr', 'first': 'Divyesh', 'last': 'Chavare'}, 'location': {'street': {'number': 726, 'name': 'Racecource Rd'}, 'city': 'Mathura', 'state': 'Assam', 'country': 'India', 'postcode': 54638, 'coordinates': {'latitude': '7.9072', 'longitude': '-96.4618'}, 'timezone': {'offset': '+5:00', 'description': 'Ekaterinburg, Islamabad, Karachi, Tashkent'}}, 'email': 'divyesh.chavare@example.com', 'login': {'uuid': '53a1a917-c1bc-49a6-a83b-99c1bab404e6', 'username': 'bluepeacock650', 'password': 'lilly', 'salt': 'WhUVKPxi', 'md5': 'c53343760b6ea00f7eee0e376ef40d38', 'sha1': '68768173a1167e5c32cb48c2a641e862e4b6850a', 'sha256': '6a15c40c8275bc6e3ceaaa57743f07e0982d82d5d2deb6152d4fe2388985bfa8'}, 'dob': {'date': '1976-12-20T05:17:28.007Z', 'age': 47}, 'registered': {'date': '2017-10-16T19:00:59.972Z', 'age': 6}, 'phone': '9662029356', 'cell': '7983690664', 'id': {'name': 'UIDAI', 'value': '266949780940'}, 'picture': {'large': 'https://randomuser.me/api/portraits/men/12.jpg', 'medium': 'https://randomuser.me/api/portraits/med/men/12.jpg', 'thumbnail': 'https://randomuser.me/api/portraits/thumb/men/12.jpg'}, 'nat': 'IN'}</msg>
<arg>${json_data['results'][0]}</arg>
<doc>Logs the given message with the given level.</doc>
<status status="PASS" start="2024-04-17T01:00:19.755590" elapsed="0.000414"/>
</kw>
<kw name="Log" owner="BuiltIn">
<msg time="2024-04-17T01:00:19.756430" level="INFO">gender</msg>
<arg>${key}</arg>
<doc>Logs the given message with the given level.</doc>
<status status="PASS" start="2024-04-17T01:00:19.756299" elapsed="0.000169"/>
</kw>
<var name="${key}">gender</var>
<status status="PASS" start="2024-04-17T01:00:19.754688" elapsed="0.002002"/>
</iter>
<iter>
<kw name="Dictionary Should Contain Key" owner="Collections">
<msg time="2024-04-17T01:00:19.757385" level="INFO">False</msg>
<arg>${json_data['results'][0]}</arg>
<arg>${key}</arg>
<doc>Fails if ``key`` is not found from ``dictionary``.</doc>
<status status="PASS" start="2024-04-17T01:00:19.756993" elapsed="0.000430"/>
</kw>
<kw name="Log" owner="BuiltIn">
<msg time="2024-04-17T01:00:19.758123" level="INFO">{'gender': 'male', 'name': {'title': 'Mr', 'first': 'Divyesh', 'last': 'Chavare'}, 'location': {'street': {'number': 726, 'name': 'Racecource Rd'}, 'city': 'Mathura', 'state': 'Assam', 'country': 'India', 'postcode': 54638, 'coordinates': {'latitude': '7.9072', 'longitude': '-96.4618'}, 'timezone': {'offset': '+5:00', 'description': 'Ekaterinburg, Islamabad, Karachi, Tashkent'}}, 'email': 'divyesh.chavare@example.com', 'login': {'uuid': '53a1a917-c1bc-49a6-a83b-99c1bab404e6', 'username': 'bluepeacock650', 'password': 'lilly', 'salt': 'WhUVKPxi', 'md5': 'c53343760b6ea00f7eee0e376ef40d38', 'sha1': '68768173a1167e5c32cb48c2a641e862e4b6850a', 'sha256': '6a15c40c8275bc6e3ceaaa57743f07e0982d82d5d2deb6152d4fe2388985bfa8'}, 'dob': {'date': '1976-12-20T05:17:28.007Z', 'age': 47}, 'registered': {'date': '2017-10-16T19:00:59.972Z', 'age': 6}, 'phone': '9662029356', 'cell': '7983690664', 'id': {'name': 'UIDAI', 'value': '266949780940'}, 'picture': {'large': 'https://randomuser.me/api/portraits/men/12.jpg', 'medium': 'https://randomuser.me/api/portraits/med/men/12.jpg', 'thumbnail': 'https://randomuser.me/api/portraits/thumb/men/12.jpg'}, 'nat': 'IN'}</msg>
<arg>${json_data['results'][0]}</arg>
<doc>Logs the given message with the given level.</doc>
<status status="PASS" start="2024-04-17T01:00:19.757756" elapsed="0.000419"/>
</kw>
<kw name="Log" owner="BuiltIn">
<msg time="2024-04-17T01:00:19.758613" level="INFO">name</msg>
<arg>${key}</arg>
<doc>Logs the given message with the given level.</doc>
<status status="PASS" start="2024-04-17T01:00:19.758480" elapsed="0.000171"/>
</kw>
<var name="${key}">name</var>
<status status="PASS" start="2024-04-17T01:00:19.756878" elapsed="0.001992"/>
</iter>
<iter>
<kw name="Dictionary Should Contain Key" owner="Collections">
<msg time="2024-04-17T01:00:19.759585" level="INFO">False</msg>
<arg>${json_data['results'][0]}</arg>
<arg>${key}</arg>
<doc>Fails if ``key`` is not found from ``dictionary``.</doc>
<status status="PASS" start="2024-04-17T01:00:19.759161" elapsed="0.000462"/>
</kw>
<kw name="Log" owner="BuiltIn">
<msg time="2024-04-17T01:00:19.760279" level="INFO">{'gender': 'male', 'name': {'title': 'Mr', 'first': 'Divyesh', 'last': 'Chavare'}, 'location': {'street': {'number': 726, 'name': 'Racecource Rd'}, 'city': 'Mathura', 'state': 'Assam', 'country': 'India', 'postcode': 54638, 'coordinates': {'latitude': '7.9072', 'longitude': '-96.4618'}, 'timezone': {'offset': '+5:00', 'description': 'Ekaterinburg, Islamabad, Karachi, Tashkent'}}, 'email': 'divyesh.chavare@example.com', 'login': {'uuid': '53a1a917-c1bc-49a6-a83b-99c1bab404e6', 'username': 'bluepeacock650', 'password': 'lilly', 'salt': 'WhUVKPxi', 'md5': 'c53343760b6ea00f7eee0e376ef40d38', 'sha1': '68768173a1167e5c32cb48c2a641e862e4b6850a', 'sha256': '6a15c40c8275bc6e3ceaaa57743f07e0982d82d5d2deb6152d4fe2388985bfa8'}, 'dob': {'date': '1976-12-20T05:17:28.007Z', 'age': 47}, 'registered': {'date': '2017-10-16T19:00:59.972Z', 'age': 6}, 'phone': '9662029356', 'cell': '7983690664', 'id': {'name': 'UIDAI', 'value': '266949780940'}, 'picture': {'large': 'https://randomuser.me/api/portraits/men/12.jpg', 'medium': 'https://randomuser.me/api/portraits/med/men/12.jpg', 'thumbnail': 'https://randomuser.me/api/portraits/thumb/men/12.jpg'}, 'nat': 'IN'}</msg>
<arg>${json_data['results'][0]}</arg>
<doc>Logs the given message with the given level.</doc>
<status status="PASS" start="2024-04-17T01:00:19.759921" elapsed="0.000405"/>
</kw>
<kw name="Log" owner="BuiltIn">
<msg time="2024-04-17T01:00:19.760750" level="INFO">location</msg>
<arg>${key}</arg>
<doc>Logs the given message with the given level.</doc>
<status status="PASS" start="2024-04-17T01:00:19.760620" elapsed="0.000168"/>
</kw>
<var name="${key}">location</var>
<status status="PASS" start="2024-04-17T01:00:19.759050" elapsed="0.001964"/>
</iter>
<iter>
<kw name="Dictionary Should Contain Key" owner="Collections">
<msg time="2024-04-17T01:00:19.761688" level="INFO">False</msg>
<arg>${json_data['results'][0]}</arg>
<arg>${key}</arg>
<doc>Fails if ``key`` is not found from ``dictionary``.</doc>
<status status="PASS" start="2024-04-17T01:00:19.761304" elapsed="0.000421"/>
</kw>
<kw name="Log" owner="BuiltIn">
<msg time="2024-04-17T01:00:19.762383" level="INFO">{'gender': 'male', 'name': {'title': 'Mr', 'first': 'Divyesh', 'last': 'Chavare'}, 'location': {'street': {'number': 726, 'name': 'Racecource Rd'}, 'city': 'Mathura', 'state': 'Assam', 'country': 'India', 'postcode': 54638, 'coordinates': {'latitude': '7.9072', 'longitude': '-96.4618'}, 'timezone': {'offset': '+5:00', 'description': 'Ekaterinburg, Islamabad, Karachi, Tashkent'}}, 'email': 'divyesh.chavare@example.com', 'login': {'uuid': '53a1a917-c1bc-49a6-a83b-99c1bab404e6', 'username': 'bluepeacock650', 'password': 'lilly', 'salt': 'WhUVKPxi', 'md5': 'c53343760b6ea00f7eee0e376ef40d38', 'sha1': '68768173a1167e5c32cb48c2a641e862e4b6850a', 'sha256': '6a15c40c8275bc6e3ceaaa57743f07e0982d82d5d2deb6152d4fe2388985bfa8'}, 'dob': {'date': '1976-12-20T05:17:28.007Z', 'age': 47}, 'registered': {'date': '2017-10-16T19:00:59.972Z', 'age': 6}, 'phone': '9662029356', 'cell': '7983690664', 'id': {'name': 'UIDAI', 'value': '266949780940'}, 'picture': {'large': 'https://randomuser.me/api/portraits/men/12.jpg', 'medium': 'https://randomuser.me/api/portraits/med/men/12.jpg', 'thumbnail': 'https://randomuser.me/api/portraits/thumb/men/12.jpg'}, 'nat': 'IN'}</msg>
<arg>${json_data['results'][0]}</arg>
<doc>Logs the given message with the given level.</doc>
<status status="PASS" start="2024-04-17T01:00:19.762025" elapsed="0.000406"/>
</kw>
<kw name="Log" owner="BuiltIn">
<msg time="2024-04-17T01:00:19.762857" level="INFO">email</msg>
<arg>${key}</arg>
<doc>Logs the given message with the given level.</doc>
<status status="PASS" start="2024-04-17T01:00:19.762727" elapsed="0.000168"/>
</kw>
<var name="${key}">email</var>
<status status="PASS" start="2024-04-17T01:00:19.761188" elapsed="0.001920"/>
</iter>
<iter>
<kw name="Dictionary Should Contain Key" owner="Collections">
<msg time="2024-04-17T01:00:19.763811" level="INFO">False</msg>
<arg>${json_data['results'][0]}</arg>
<arg>${key}</arg>
<doc>Fails if ``key`` is not found from ``dictionary``.</doc>
<status status="PASS" start="2024-04-17T01:00:19.763433" elapsed="0.000414"/>
</kw>
<kw name="Log" owner="BuiltIn">
<msg time="2024-04-17T01:00:19.764516" level="INFO">{'gender': 'male', 'name': {'title': 'Mr', 'first': 'Divyesh', 'last': 'Chavare'}, 'location': {'street': {'number': 726, 'name': 'Racecource Rd'}, 'city': 'Mathura', 'state': 'Assam', 'country': 'India', 'postcode': 54638, 'coordinates': {'latitude': '7.9072', 'longitude': '-96.4618'}, 'timezone': {'offset': '+5:00', 'description': 'Ekaterinburg, Islamabad, Karachi, Tashkent'}}, 'email': 'divyesh.chavare@example.com', 'login': {'uuid': '53a1a917-c1bc-49a6-a83b-99c1bab404e6', 'username': 'bluepeacock650', 'password': 'lilly', 'salt': 'WhUVKPxi', 'md5': 'c53343760b6ea00f7eee0e376ef40d38', 'sha1': '68768173a1167e5c32cb48c2a641e862e4b6850a', 'sha256': '6a15c40c8275bc6e3ceaaa57743f07e0982d82d5d2deb6152d4fe2388985bfa8'}, 'dob': {'date': '1976-12-20T05:17:28.007Z', 'age': 47}, 'registered': {'date': '2017-10-16T19:00:59.972Z', 'age': 6}, 'phone': '9662029356', 'cell': '7983690664', 'id': {'name': 'UIDAI', 'value': '266949780940'}, 'picture': {'large': 'https://randomuser.me/api/portraits/men/12.jpg', 'medium': 'https://randomuser.me/api/portraits/med/men/12.jpg', 'thumbnail': 'https://randomuser.me/api/portraits/thumb/men/12.jpg'}, 'nat': 'IN'}</msg>
<arg>${json_data['results'][0]}</arg>
<doc>Logs the given message with the given level.</doc>
<status status="PASS" start="2024-04-17T01:00:19.764143" elapsed="0.000420"/>
</kw>
<kw name="Log" owner="BuiltIn">
<msg time="2024-04-17T01:00:19.764980" level="INFO">login</msg>
<arg>${key}</arg>
<doc>Logs the given message with the given level.</doc>
<status status="PASS" start="2024-04-17T01:00:19.764853" elapsed="0.000165"/>
</kw>
<var name="${key}">login</var>
<status status="PASS" start="2024-04-17T01:00:19.763320" elapsed="0.001938"/>
</iter>
<var>${key}</var>
<value>@{expected_keys}</value>
<status status="PASS" start="2024-04-17T01:00:19.754504" elapsed="0.010887"/>
</for>
<kw name="Create List" owner="BuiltIn">
<msg time="2024-04-17T01:00:19.765718" level="INFO">${expected_keysTwo} = ['username', 'password']</msg>
<var>${expected_keysTwo}</var>
<arg>username</arg>
<arg>password</arg>
<doc>Returns a list containing given items.</doc>
<status status="PASS" start="2024-04-17T01:00:19.765580" elapsed="0.000161"/>
</kw>
<for flavor="IN">
<iter>
<kw name="Dictionary Should Contain Key" owner="Collections">
<msg time="2024-04-17T01:00:19.766718" level="INFO">False</msg>
<arg>${json_data['results'][0]['login']}</arg>
<arg>${keyTwo}</arg>
<doc>Fails if ``key`` is not found from ``dictionary``.</doc>
<status status="PASS" start="2024-04-17T01:00:19.766338" elapsed="0.000417"/>
</kw>
<kw name="Dictionary Should Contain Key" owner="Collections">
<msg time="2024-04-17T01:00:19.767471" level="INFO">False</msg>
<arg>${json_data['results'][0]['login']}</arg>
<arg>${keyTwo}</arg>
<doc>Fails if ``key`` is not found from ``dictionary``.</doc>
<status status="PASS" start="2024-04-17T01:00:19.767052" elapsed="0.000457"/>
</kw>
<kw name="Log" owner="BuiltIn">
<msg time="2024-04-17T01:00:19.767931" level="INFO">username</msg>
<arg>${keyTwo}</arg>
<doc>Logs the given message with the given level.</doc>
<status status="PASS" start="2024-04-17T01:00:19.767803" elapsed="0.000165"/>
</kw>
<var name="${keyTwo}">username</var>
<status status="PASS" start="2024-04-17T01:00:19.766224" elapsed="0.001958"/>
</iter>
<iter>
<kw name="Dictionary Should Contain Key" owner="Collections">
<msg time="2024-04-17T01:00:19.768840" level="INFO">False</msg>
<arg>${json_data['results'][0]['login']}</arg>
<arg>${keyTwo}</arg>
<doc>Fails if ``key`` is not found from ``dictionary``.</doc>
<status status="PASS" start="2024-04-17T01:00:19.768467" elapsed="0.000410"/>
</kw>
<kw name="Dictionary Should Contain Key" owner="Collections">
<msg time="2024-04-17T01:00:19.769557" level="INFO">False</msg>
<arg>${json_data['results'][0]['login']}</arg>
<arg>${keyTwo}</arg>
<doc>Fails if ``key`` is not found from ``dictionary``.</doc>
<status status="PASS" start="2024-04-17T01:00:19.769167" elapsed="0.000426"/>
</kw>
<kw name="Log" owner="BuiltIn">
<msg time="2024-04-17T01:00:19.770025" level="INFO">password</msg>
<arg>${keyTwo}</arg>
<doc>Logs the given message with the given level.</doc>
<status status="PASS" start="2024-04-17T01:00:19.769897" elapsed="0.000165"/>
</kw>
<var name="${keyTwo}">password</var>
<status status="PASS" start="2024-04-17T01:00:19.768357" elapsed="0.001924"/>
</iter>
<var>${keyTwo}</var>
<value>@{expected_keysTwo}</value>
<status status="PASS" start="2024-04-17T01:00:19.765976" elapsed="0.004428"/>
</for>
<status status="PASS" start="2024-04-17T01:00:19.697669" elapsed="0.072874"/>
</kw>
<doc>Testa a estrutura da resposta da API.</doc>
<tag>testeEstruturaResposta</tag>
<status status="PASS" start="2024-04-17T01:00:19.696912" elapsed="0.073789"/>
</test>
<test id="s1-s1-t4" name="Validar tipos de dados" line="28">
<kw name="Teste de Tipos de Dados" owner="random-user-service">
<kw name="GET On Session" owner="RequestsLibrary">
<msg time="2024-04-17T01:00:19.844291" level="INFO">GET Request : url=https://randomuser.me/api 
 path_url=/api 
 headers={'User-Agent': 'python-requests/2.31.0', 'Accept-Encoding': 'gzip, deflate', 'Accept': '*/*', 'Connection': 'keep-alive'} 
 body=None 
 </msg>
<msg time="2024-04-17T01:00:19.844419" level="INFO">GET Response : url=https://randomuser.me/api 
 status=200, reason=OK 
 headers={'Date': 'Wed, 17 Apr 2024 01:00:19 GMT', 'Content-Type': 'application/json; charset=utf-8', 'Transfer-Encoding': 'chunked', 'Connection': 'keep-alive', 'X-Powered-By': 'Express', 'Access-Control-Allow-Origin': '*', 'Cache-Control': 'no-cache', 'ETag': 'W/"467-yo6gWkLc+y40DAN6yDDZLjgXbLo"', 'Vary': 'Accept-Encoding', 'Content-Encoding': 'gzip', 'CF-Cache-Status': 'DYNAMIC', 'Report-To': '{"endpoints":[{"url":"https:\\/\\/a.nel.cloudflare.com\\/report\\/v4?s=3WrQ1ItH6iMdXe4FJxQ1paTF1X9N9v8kMgyhT0aLrB60L8zS2Jh4bNy6D4DGOajHwvtjqzA9ENbI5GV%2BVuD7iVBaULQBvS7ZsP5mwkG0UC1I3R4uI1EgQysnMO7GFv6Q"}],"group":"cf-nel","max_age":604800}', 'NEL': '{"success_fraction":0,"report_to":"cf-nel","max_age":604800}', 'Server': 'cloudflare', 'CF-RAY': '87587a3f9ac2e1b6-ORD', 'alt-svc': 'h3=":443"; ma=86400'} 
 body={"results":[{"gender":"female","name":{"title":"Mrs","first":"Anica","last":"Zec"},"location":{"street":{"number":744,"name":"Đure Gavele"},"city":"Niš","state":"Moravica","country":"Serbia","postcode":69450,"coordinates":{"latitude":"62.3712","longitude":"36.8554"},"timezone":{"offset":"+3:30","description":"Tehran"}},"email":"anica.zec@example.com","login":{"uuid":"1f791385-a483-4d17-a5a8-ccfb4f328bd6","username":"orangerabbit822","password":"pearls","salt":"rIm1gB6v","md5":"fe71e019a4cdb1debdef2cd60bf8b608","sha1":"4d339e69cd39e46cb529ec91a7c9556029610ccd","sha256":"ea1660210f25df0ba43f6fddcb6a54bca4aa5ea3c8688f969cb392f8eacbee6f"},"dob":{"date":"2000-05-25T09:42:10.950Z","age":23},"registered":{"date":"2016-02-05T11:12:14.451Z","age":8},"phone":"032-1578-349","cell":"066-3719-180","id":{"name":"SID","value":"964374641"},"picture":{"large":"https://randomuser.me/api/portraits/women/28.jpg","medium":"https://randomuser.me/api/portraits/med/women/28.jpg","thumbnail":"https://randomuser.me/api/portraits/thumb/women/28.jpg"},"nat":"RS"}],"info":{"seed":"f55a984a41fb27b1","results":1,"page":1,"version":"1.4"}} 
 </msg>
<msg time="2024-04-17T01:00:19.844508" level="INFO">/opt/hostedtoolcache/Python/3.12.2/x64/lib/python3.12/site-packages/urllib3/connectionpool.py:1103: InsecureRequestWarning: Unverified HTTPS request is being made to host 'randomuser.me'. Adding certificate verification is strongly advised. See: https://urllib3.readthedocs.io/en/latest/advanced-usage.html#tls-warnings
  warnings.warn(</msg>
<msg time="2024-04-17T01:00:19.844642" level="INFO">${response} = &lt;Response [200]&gt;</msg>
<var>${response}</var>
<arg>consultarAPI</arg>
<arg>/api</arg>
<doc>Sends a GET request on a previously created HTTP Session.</doc>
<status status="PASS" start="2024-04-17T01:00:19.773195" elapsed="0.071491"/>
</kw>
<kw name="Set Variable" owner="BuiltIn">
<msg time="2024-04-17T01:00:19.845883" level="INFO">${json_data} = {'results': [{'gender': 'female', 'name': {'title': 'Mrs', 'first': 'Anica', 'last': 'Zec'}, 'location': {'street': {'number': 744, 'name': 'Đure Gavele'}, 'city': 'Niš', 'state': 'Moravica', 'country...</msg>
<var>${json_data}</var>
<arg>${response.json()}</arg>
<doc>Returns the given values which can then be assigned to a variables.</doc>
<status status="PASS" start="2024-04-17T01:00:19.845273" elapsed="0.000641"/>
</kw>
<kw name="Log" owner="BuiltIn">
<msg time="2024-04-17T01:00:19.846394" level="INFO">{'results': [{'gender': 'female', 'name': {'title': 'Mrs', 'first': 'Anica', 'last': 'Zec'}, 'location': {'street': {'number': 744, 'name': 'Đure Gavele'}, 'city': 'Niš', 'state': 'Moravica', 'country': 'Serbia', 'postcode': 69450, 'coordinates': {'latitude': '62.3712', 'longitude': '36.8554'}, 'timezone': {'offset': '+3:30', 'description': 'Tehran'}}, 'email': 'anica.zec@example.com', 'login': {'uuid': '1f791385-a483-4d17-a5a8-ccfb4f328bd6', 'username': 'orangerabbit822', 'password': 'pearls', 'salt': 'rIm1gB6v', 'md5': 'fe71e019a4cdb1debdef2cd60bf8b608', 'sha1': '4d339e69cd39e46cb529ec91a7c9556029610ccd', 'sha256': 'ea1660210f25df0ba43f6fddcb6a54bca4aa5ea3c8688f969cb392f8eacbee6f'}, 'dob': {'date': '2000-05-25T09:42:10.950Z', 'age': 23}, 'registered': {'date': '2016-02-05T11:12:14.451Z', 'age': 8}, 'phone': '032-1578-349', 'cell': '066-3719-180', 'id': {'name': 'SID', 'value': '964374641'}, 'picture': {'large': 'https://randomuser.me/api/portraits/women/28.jpg', 'medium': 'https://randomuser.me/api/portraits/med/women/28.jpg', 'thumbnail': 'https://randomuser.me/api/portraits/thumb/women/28.jpg'}, 'nat': 'RS'}], 'info': {'seed': 'f55a984a41fb27b1', 'results': 1, 'page': 1, 'version': '1.4'}}</msg>
<arg>${json_data}</arg>
<doc>Logs the given message with the given level.</doc>
<status status="PASS" start="2024-04-17T01:00:19.846231" elapsed="0.000253"/>
</kw>
<kw name="Should Be String" owner="String">
<arg>${json_data['results'][0]['gender']}</arg>
<doc>Fails if the given ``item`` is not a string.</doc>
<status status="PASS" start="2024-04-17T01:00:19.846789" elapsed="0.000367"/>
</kw>
<kw name="Should Match Regexp" owner="BuiltIn">
<arg>${json_data['results'][0]['email']}</arg>
<arg>^[a-zA-Z0-9._%+-]+@[a-zA-Z0-9.-]+\.[a-zA-Z]{2,}$</arg>
<doc>Fails if ``string`` does not match ``pattern`` as a regular expression.</doc>
<status status="PASS" start="2024-04-17T01:00:19.847395" elapsed="0.000532"/>
</kw>
<kw name="Should Match Regexp" owner="BuiltIn">
<arg>${json_data['results'][0]['dob']['date']}</arg>
<arg>\\d{4}-\\d{2}-\\d{2}T\\d{2}:\\d{2}:\\d{2}\\.\\d{3}Z</arg>
<doc>Fails if ``string`` does not match ``pattern`` as a regular expression.</doc>
<status status="PASS" start="2024-04-17T01:00:19.848127" elapsed="0.000499"/>
</kw>
<kw name="Should Match Regexp" owner="BuiltIn">
<arg>${json_data['results'][0]['registered']['date']}</arg>
<arg>\\d{4}-\\d{2}-\\d{2}T\\d{2}:\\d{2}:\\d{2}\\.\\d{3}Z</arg>
<doc>Fails if ``string`` does not match ``pattern`` as a regular expression.</doc>
<status status="PASS" start="2024-04-17T01:00:19.848826" elapsed="0.000380"/>
</kw>
<kw name="Should Match Regexp" owner="BuiltIn">
<arg>${json_data['results'][0]['picture']['large']}</arg>
<arg>^https?://.*\.(?:png|jpe?g|gif|bmp)$</arg>
<doc>Fails if ``string`` does not match ``pattern`` as a regular expression.</doc>
<status status="PASS" start="2024-04-17T01:00:19.849394" elapsed="0.000466"/>
</kw>
<kw name="Should Match Regexp" owner="BuiltIn">
<arg>${json_data['results'][0]['picture']['medium']}</arg>
<arg>^https?://.*\.(?:png|jpe?g|gif|bmp)$</arg>
<doc>Fails if ``string`` does not match ``pattern`` as a regular expression.</doc>
<status status="PASS" start="2024-04-17T01:00:19.850048" elapsed="0.000363"/>
</kw>
<kw name="Should Match Regexp" owner="BuiltIn">
<arg>${json_data['results'][0]['picture']['thumbnail']}</arg>
<arg>^https?://.*\.(?:png|jpe?g|gif|bmp)$</arg>
<doc>Fails if ``string`` does not match ``pattern`` as a regular expression.</doc>
<status status="PASS" start="2024-04-17T01:00:19.850601" elapsed="0.000361"/>
</kw>
<kw name="Log" owner="BuiltIn">
<msg time="2024-04-17T01:00:19.851673" level="INFO">{'large': 'https://randomuser.me/api/portraits/women/28.jpg', 'medium': 'https://randomuser.me/api/portraits/med/women/28.jpg', 'thumbnail': 'https://randomuser.me/api/portraits/thumb/women/28.jpg'}</msg>
<arg>${json_data['results'][0]['picture']}</arg>
<doc>Logs the given message with the given level.</doc>
<status status="PASS" start="2024-04-17T01:00:19.851142" elapsed="0.000594"/>
</kw>
<status status="PASS" start="2024-04-17T01:00:19.772958" elapsed="0.079135"/>
</kw>
<kw name="Teste de Tipos de Dados - Postcode" owner="random-user-service">
<kw name="GET On Session" owner="RequestsLibrary">
<msg time="2024-04-17T01:00:19.941838" level="INFO">GET Request : url=https://randomuser.me/api 
 path_url=/api 
 headers={'User-Agent': 'python-requests/2.31.0', 'Accept-Encoding': 'gzip, deflate', 'Accept': '*/*', 'Connection': 'keep-alive'} 
 body=None 
 </msg>
<msg time="2024-04-17T01:00:19.941933" level="INFO">GET Response : url=https://randomuser.me/api 
 status=200, reason=OK 
 headers={'Date': 'Wed, 17 Apr 2024 01:00:19 GMT', 'Content-Type': 'application/json; charset=utf-8', 'Transfer-Encoding': 'chunked', 'Connection': 'keep-alive', 'X-Powered-By': 'Express', 'Access-Control-Allow-Origin': '*', 'Cache-Control': 'no-cache', 'ETag': 'W/"491-OIcQPLhl15sXFFhtBxHmZ1E50I0"', 'Vary': 'Accept-Encoding', 'Content-Encoding': 'gzip', 'CF-Cache-Status': 'DYNAMIC', 'Report-To': '{"endpoints":[{"url":"https:\\/\\/a.nel.cloudflare.com\\/report\\/v4?s=g7CsMVtu6avwf3vHBJde7pj98wMEkPuSZfZ64Vjh3HoAZytJDqWT%2BV0rh6gkHZUm4PZy5RX9529T2HzW%2BSIpl9Xh9jpROTj8Qvkt4gpS3OEv%2BFv3WOdQXT9au38IbQQb"}],"group":"cf-nel","max_age":604800}', 'NEL': '{"success_fraction":0,"report_to":"cf-nel","max_age":604800}', 'Server': 'cloudflare', 'CF-RAY': '87587a401b16e1b6-ORD', 'alt-svc': 'h3=":443"; ma=86400'} 
 body={"results":[{"gender":"male","name":{"title":"Mr","first":"Agustín","last":"Castillo"},"location":{"street":{"number":2785,"name":"Calle de La Almudena"},"city":"Málaga","state":"La Rioja","country":"Spain","postcode":53475,"coordinates":{"latitude":"-30.1804","longitude":"-102.6225"},"timezone":{"offset":"-8:00","description":"Pacific Time (US &amp; Canada)"}},"email":"agustin.castillo@example.com","login":{"uuid":"022478c7-69fa-406d-be07-dc73fb04585c","username":"angryladybug847","password":"trinitro","salt":"AK0Ocx2D","md5":"063cf6d9714950116c9fc0ed0198d4c4","sha1":"773ae3e34c647d08413723eae4ee2c8d26cd3772","sha256":"13b881e812967c4ab17d555a098aeb40e39689bd9d6b825498d4e0772469883e"},"dob":{"date":"1987-06-21T13:46:37.771Z","age":36},"registered":{"date":"2011-05-11T10:06:25.840Z","age":12},"phone":"997-033-537","cell":"616-616-571","id":{"name":"DNI","value":"71322989-G"},"picture":{"large":"https://randomuser.me/api/portraits/men/23.jpg","medium":"https://randomuser.me/api/portraits/med/men/23.jpg","thumbnail":"https://randomuser.me/api/portraits/thumb/men/23.jpg"},"nat":"ES"}],"info":{"seed":"e69647de3e2f2c1d","results":1,"page":1,"version":"1.4"}} 
 </msg>
<msg time="2024-04-17T01:00:19.942024" level="INFO">/opt/hostedtoolcache/Python/3.12.2/x64/lib/python3.12/site-packages/urllib3/connectionpool.py:1103: InsecureRequestWarning: Unverified HTTPS request is being made to host 'randomuser.me'. Adding certificate verification is strongly advised. See: https://urllib3.readthedocs.io/en/latest/advanced-usage.html#tls-warnings
  warnings.warn(</msg>
<msg time="2024-04-17T01:00:19.942148" level="INFO">${response} = &lt;Response [200]&gt;</msg>
<var>${response}</var>
<arg>consultarAPI</arg>
<arg>/api</arg>
<doc>Sends a GET request on a previously created HTTP Session.</doc>
<status status="PASS" start="2024-04-17T01:00:19.852618" elapsed="0.089569"/>
</kw>
<kw name="Set Variable" owner="BuiltIn">
<msg time="2024-04-17T01:00:19.943438" level="INFO">${json_data} = {'results': [{'gender': 'male', 'name': {'title': 'Mr', 'first': 'Agustín', 'last': 'Castillo'}, 'location': {'street': {'number': 2785, 'name': 'Calle de La Almudena'}, 'city': 'Málaga', 'state': 'La...</msg>
<var>${json_data}</var>
<arg>${response.json()}</arg>
<doc>Returns the given values which can then be assigned to a variables.</doc>
<status status="PASS" start="2024-04-17T01:00:19.942808" elapsed="0.000660"/>
</kw>
<kw name="Log" owner="BuiltIn">
<msg time="2024-04-17T01:00:19.943944" level="INFO">{'results': [{'gender': 'male', 'name': {'title': 'Mr', 'first': 'Agustín', 'last': 'Castillo'}, 'location': {'street': {'number': 2785, 'name': 'Calle de La Almudena'}, 'city': 'Málaga', 'state': 'La Rioja', 'country': 'Spain', 'postcode': 53475, 'coordinates': {'latitude': '-30.1804', 'longitude': '-102.6225'}, 'timezone': {'offset': '-8:00', 'description': 'Pacific Time (US &amp; Canada)'}}, 'email': 'agustin.castillo@example.com', 'login': {'uuid': '022478c7-69fa-406d-be07-dc73fb04585c', 'username': 'angryladybug847', 'password': 'trinitro', 'salt': 'AK0Ocx2D', 'md5': '063cf6d9714950116c9fc0ed0198d4c4', 'sha1': '773ae3e34c647d08413723eae4ee2c8d26cd3772', 'sha256': '13b881e812967c4ab17d555a098aeb40e39689bd9d6b825498d4e0772469883e'}, 'dob': {'date': '1987-06-21T13:46:37.771Z', 'age': 36}, 'registered': {'date': '2011-05-11T10:06:25.840Z', 'age': 12}, 'phone': '997-033-537', 'cell': '616-616-571', 'id': {'name': 'DNI', 'value': '71322989-G'}, 'picture': {'large': 'https://randomuser.me/api/portraits/men/23.jpg', 'medium': 'https://randomuser.me/api/portraits/med/men/23.jpg', 'thumbnail': 'https://randomuser.me/api/portraits/thumb/men/23.jpg'}, 'nat': 'ES'}], 'info': {'seed': 'e69647de3e2f2c1d', 'results': 1, 'page': 1, 'version': '1.4'}}</msg>
<arg>${json_data}</arg>
<doc>Logs the given message with the given level.</doc>
<status status="PASS" start="2024-04-17T01:00:19.943782" elapsed="0.000247"/>
</kw>
<kw name="Should Be Equal As Numbers" owner="BuiltIn">
<arg>${json_data['results'][0]['location']['postcode']}</arg>
<arg>${json_data['results'][0]['location']['postcode']}</arg>
<doc>Fails if objects are unequal after converting them to real numbers.</doc>
<status status="PASS" start="2024-04-17T01:00:19.944335" elapsed="0.000627"/>
</kw>
<kw name="Log" owner="BuiltIn">
<msg time="2024-04-17T01:00:19.945492" level="INFO">53475</msg>
<arg>${json_data['results'][0]['location']['postcode']}</arg>
<doc>Logs the given message with the given level.</doc>
<status status="PASS" start="2024-04-17T01:00:19.945154" elapsed="0.000380"/>
</kw>
<status status="PASS" start="2024-04-17T01:00:19.852368" elapsed="0.093425"/>
</kw>
<doc>Testa se os tipos de dados na resposta da API estão corretos.</doc>
<tag>testeTiposDados</tag>
<status status="PASS" start="2024-04-17T01:00:19.772511" elapsed="0.173455"/>
</test>
<test id="s1-s1-t5" name="Validar conteudo" line="35">
<kw name="Teste de Tipos de Conteudo" owner="random-user-service">
<kw name="GET On Session" owner="RequestsLibrary">
<msg time="2024-04-17T01:00:20.051599" level="INFO">GET Request : url=https://randomuser.me/api 
 path_url=/api 
 headers={'User-Agent': 'python-requests/2.31.0', 'Accept-Encoding': 'gzip, deflate', 'Accept': '*/*', 'Connection': 'keep-alive'} 
 body=None 
 </msg>
<msg time="2024-04-17T01:00:20.051692" level="INFO">GET Response : url=https://randomuser.me/api 
 status=200, reason=OK 
 headers={'Date': 'Wed, 17 Apr 2024 01:00:20 GMT', 'Content-Type': 'application/json; charset=utf-8', 'Transfer-Encoding': 'chunked', 'Connection': 'keep-alive', 'X-Powered-By': 'Express', 'Access-Control-Allow-Origin': '*', 'Cache-Control': 'no-cache', 'ETag': 'W/"484-xVrII1IXqOQGH6tjl474vI/yRzk"', 'Vary': 'Accept-Encoding', 'Content-Encoding': 'gzip', 'CF-Cache-Status': 'DYNAMIC', 'Report-To': '{"endpoints":[{"url":"https:\\/\\/a.nel.cloudflare.com\\/report\\/v4?s=F3ZP5lIM0ebtwe9GkjxlvKUlQwHfr9ayE7c5%2BXndx310RFMk5TMxSMP7W4JCZRmwz%2Bro5lgwoCY%2F6B7GUKIRl5S9kPnIc6kYhLMN6dI7JPnRIKLlHLpOYVlpvJO%2F2L59"}],"group":"cf-nel","max_age":604800}', 'NEL': '{"success_fraction":0,"report_to":"cf-nel","max_age":604800}', 'Server': 'cloudflare', 'CF-RAY': '87587a40bb94e1b6-ORD', 'alt-svc': 'h3=":443"; ma=86400'} 
 body={"results":[{"gender":"male","name":{"title":"Mr","first":"Rasmus","last":"Makinen"},"location":{"street":{"number":1262,"name":"Tahmelantie"},"city":"Eura","state":"Tavastia Proper","country":"Finland","postcode":42739,"coordinates":{"latitude":"-29.4528","longitude":"-111.6916"},"timezone":{"offset":"+9:30","description":"Adelaide, Darwin"}},"email":"rasmus.makinen@example.com","login":{"uuid":"c8e2d0d5-9c1a-4b78-b829-5b4d6ed207ca","username":"blacklion430","password":"lantern","salt":"MUfORBIE","md5":"c16ea1d3939a91786f3049b19d3f94a7","sha1":"4b57f60b2ddbf194ce3bf7d08330216812471dc4","sha256":"1aa1d338ce0b45871e38c513b47b9b755ae9074fc7af4e2b146e1775c5f08ee2"},"dob":{"date":"1984-03-25T03:26:07.929Z","age":40},"registered":{"date":"2008-05-01T17:30:57.487Z","age":15},"phone":"05-881-047","cell":"046-251-39-09","id":{"name":"HETU","value":"NaNNA829undefined"},"picture":{"large":"https://randomuser.me/api/portraits/men/81.jpg","medium":"https://randomuser.me/api/portraits/med/men/81.jpg","thumbnail":"https://randomuser.me/api/portraits/thumb/men/81.jpg"},"nat":"FI"}],"info":{"seed":"7c65c18524abefab","results":1,"page":1,"version":"1.4"}} 
 </msg>
<msg time="2024-04-17T01:00:20.051768" level="INFO">/opt/hostedtoolcache/Python/3.12.2/x64/lib/python3.12/site-packages/urllib3/connectionpool.py:1103: InsecureRequestWarning: Unverified HTTPS request is being made to host 'randomuser.me'. Adding certificate verification is strongly advised. See: https://urllib3.readthedocs.io/en/latest/advanced-usage.html#tls-warnings
  warnings.warn(</msg>
<msg time="2024-04-17T01:00:20.051895" level="INFO">${response} = &lt;Response [200]&gt;</msg>
<var>${response}</var>
<arg>consultarAPI</arg>
<arg>/api</arg>
<doc>Sends a GET request on a previously created HTTP Session.</doc>
<status status="PASS" start="2024-04-17T01:00:19.948529" elapsed="0.103414"/>
</kw>
<kw name="Set Variable" owner="BuiltIn">
<msg time="2024-04-17T01:00:20.053150" level="INFO">${json_data} = {'results': [{'gender': 'male', 'name': {'title': 'Mr', 'first': 'Rasmus', 'last': 'Makinen'}, 'location': {'street': {'number': 1262, 'name': 'Tahmelantie'}, 'city': 'Eura', 'state': 'Tavastia Proper...</msg>
<var>${json_data}</var>
<arg>${response.json()}</arg>
<doc>Returns the given values which can then be assigned to a variables.</doc>
<status status="PASS" start="2024-04-17T01:00:20.052508" elapsed="0.000672"/>
</kw>
<kw name="Set Variable" owner="BuiltIn">
<msg time="2024-04-17T01:00:20.053875" level="INFO">${name_title} = Mr</msg>
<var>${name_title}</var>
<arg>${json_data["results"][0]["name"]["title"]}</arg>
<doc>Returns the given values which can then be assigned to a variables.</doc>
<status status="PASS" start="2024-04-17T01:00:20.053489" elapsed="0.000412"/>
</kw>
<kw name="Create List" owner="BuiltIn">
<msg time="2024-04-17T01:00:20.054351" level="INFO">${allowed_titles} = ['Mr', 'Ms', 'Miss', 'Mrs', 'Madame', 'Monsieur']</msg>
<var>${allowed_titles}</var>
<arg>Mr</arg>
<arg>Ms</arg>
<arg>Miss</arg>
<arg>Mrs</arg>
<arg>Madame</arg>
<arg>Monsieur</arg>
<doc>Returns a list containing given items.</doc>
<status status="PASS" start="2024-04-17T01:00:20.054200" elapsed="0.000175"/>
</kw>
<kw name="List Should Contain Value" owner="Collections">
<msg time="2024-04-17T01:00:20.054857" level="INFO">False</msg>
<arg>${allowed_titles}</arg>
<arg>${name_title}</arg>
<doc>Fails if the ``value`` is not found from ``list``.</doc>
<status status="PASS" start="2024-04-17T01:00:20.054677" elapsed="0.000217"/>
</kw>
<kw name="Set Variable" owner="BuiltIn">
<msg time="2024-04-17T01:00:20.055609" level="INFO">${name_country} = FI</msg>
<var>${name_country}</var>
<arg>${json_data["results"][0]["nat"]}</arg>
<doc>Returns the given values which can then be assigned to a variables.</doc>
<status status="PASS" start="2024-04-17T01:00:20.055221" elapsed="0.000413"/>
</kw>
<kw name="Create List" owner="BuiltIn">
<msg time="2024-04-17T01:00:20.056536" level="INFO">${list_country} = ['AD', 'AE', 'AF', 'AG', 'AI', 'AL', 'AM', 'AO', 'AQ', 'AR', 'AS', 'AT', 'AU', 'AW', 'AX', 'AZ', 'BA', 'BB', 'BD', 'BE', 'BF', 'BG', 'BH', 'BI', 'BJ', 'BL', 'BM', 'BN', 'BO', 'BQ', 'BR', 'BS', 'BT', '...</msg>
<var>${list_country}</var>
<arg>AD</arg>
<arg>AE</arg>
<arg>AF</arg>
<arg>AG</arg>
<arg>AI</arg>
<arg>AL</arg>
<arg>AM</arg>
<arg>AO</arg>
<arg>AQ</arg>
<arg>AR</arg>
<arg>AS</arg>
<arg>AT</arg>
<arg>AU</arg>
<arg>AW</arg>
<arg>AX</arg>
<arg>AZ</arg>
<arg>BA</arg>
<arg>BB</arg>
<arg>BD</arg>
<arg>BE</arg>
<arg>BF</arg>
<arg>BG</arg>
<arg>BH</arg>
<arg>BI</arg>
<arg>BJ</arg>
<arg>BL</arg>
<arg>BM</arg>
<arg>BN</arg>
<arg>BO</arg>
<arg>BQ</arg>
<arg>BR</arg>
<arg>BS</arg>
<arg>BT</arg>
<arg>BV</arg>
<arg>BW</arg>
<arg>BY</arg>
<arg>BZ</arg>
<arg>CA</arg>
<arg>CC</arg>
<arg>CD</arg>
<arg>CF</arg>
<arg>CG</arg>
<arg>CH</arg>
<arg>CI</arg>
<arg>CK</arg>
<arg>CL</arg>
<arg>CM</arg>
<arg>CN</arg>
<arg>CO</arg>
<arg>CR</arg>
<arg>CU</arg>
<arg>CV</arg>
<arg>CW</arg>
<arg>CX</arg>
<arg>CY</arg>
<arg>CZ</arg>
<arg>DE</arg>
<arg>DJ</arg>
<arg>DK</arg>
<arg>DM</arg>
<arg>DO</arg>
<arg>DZ</arg>
<arg>EC</arg>
<arg>EE</arg>
<arg>EG</arg>
<arg>EH</arg>
<arg>ER</arg>
<arg>ES</arg>
<arg>ET</arg>
<arg>FI</arg>
<arg>FJ</arg>
<arg>FK</arg>
<arg>FM</arg>
<arg>FO</arg>
<arg>FR</arg>
<arg>GA</arg>
<arg>GB</arg>
<arg>GD</arg>
<arg>GE</arg>
<arg>GF</arg>
<arg>GG</arg>
<arg>GH</arg>
<arg>GI</arg>
<arg>GL</arg>
<arg>GM</arg>
<arg>GN</arg>
<arg>GP</arg>
<arg>GQ</arg>
<arg>GR</arg>
<arg>GS</arg>
<arg>GT</arg>
<arg>GU</arg>
<arg>GW</arg>
<arg>GY</arg>
<arg>HK</arg>
<arg>HM</arg>
<arg>HN</arg>
<arg>HR</arg>
<arg>HT</arg>
<arg>HU</arg>
<arg>ID</arg>
<arg>IE</arg>
<arg>IL</arg>
<arg>IM</arg>
<arg>IN</arg>
<arg>IO</arg>
<arg>IQ</arg>
<arg>IR</arg>
<arg>IS</arg>
<arg>IT</arg>
<arg>JE</arg>
<arg>JM</arg>
<arg>JO</arg>
<arg>JP</arg>
<arg>KE</arg>
<arg>KG</arg>
<arg>KH</arg>
<arg>KI</arg>
<arg>KM</arg>
<arg>KN</arg>
<arg>KP</arg>
<arg>KR</arg>
<arg>KW</arg>
<arg>KY</arg>
<arg>KZ</arg>
<arg>LA</arg>
<arg>LB</arg>
<arg>LC</arg>
<arg>LI</arg>
<arg>LK</arg>
<arg>LR</arg>
<arg>LS</arg>
<arg>LT</arg>
<arg>LU</arg>
<arg>LV</arg>
<arg>LY</arg>
<arg>MA</arg>
<arg>MC</arg>
<arg>MD</arg>
<arg>ME</arg>
<arg>MF</arg>
<arg>MG</arg>
<arg>MH</arg>
<arg>MK</arg>
<arg>ML</arg>
<arg>MM</arg>
<arg>MN</arg>
<arg>MO</arg>
<arg>MP</arg>
<arg>MQ</arg>
<arg>MR</arg>
<arg>MS</arg>
<arg>MT</arg>
<arg>MU</arg>
<arg>MV</arg>
<arg>MW</arg>
<arg>MX</arg>
<arg>MY</arg>
<arg>MZ</arg>
<arg>NA</arg>
<arg>NC</arg>
<arg>NE</arg>
<arg>NF</arg>
<arg>NG</arg>
<arg>NI</arg>
<arg>NL</arg>
<arg>NO</arg>
<arg>NP</arg>
<arg>NR</arg>
<arg>NU</arg>
<arg>NZ</arg>
<arg>OM</arg>
<arg>PA</arg>
<arg>PE</arg>
<arg>PF</arg>
<arg>PG</arg>
<arg>PH</arg>
<arg>PK</arg>
<arg>PL</arg>
<arg>PM</arg>
<arg>PN</arg>
<arg>PR</arg>
<arg>PS</arg>
<arg>PT</arg>
<arg>PW</arg>
<arg>PY</arg>
<arg>QA</arg>
<arg>RE</arg>
<arg>RO</arg>
<arg>RS</arg>
<arg>RU</arg>
<arg>RW</arg>
<arg>SA</arg>
<arg>SB</arg>
<arg>SC</arg>
<arg>SD</arg>
<arg>SE</arg>
<arg>SG</arg>
<arg>SH</arg>
<arg>SI</arg>
<arg>SJ</arg>
<arg>SK</arg>
<arg>SL</arg>
<arg>SM</arg>
<arg>SN</arg>
<arg>SO</arg>
<arg>SR</arg>
<arg>SS</arg>
<arg>ST</arg>
<arg>SV</arg>
<arg>SX</arg>
<arg>SY</arg>
<arg>SZ</arg>
<arg>TC</arg>
<arg>TD</arg>
<arg>TF</arg>
<arg>TG</arg>
<arg>TH</arg>
<arg>TJ</arg>
<arg>TK</arg>
<arg>TL</arg>
<arg>TM</arg>
<arg>TN</arg>
<arg>TO</arg>
<arg>TR</arg>
<arg>TT</arg>
<arg>TV</arg>
<arg>TW</arg>
<arg>TZ</arg>
<arg>UA</arg>
<arg>UG</arg>
<arg>UM</arg>
<arg>US</arg>
<arg>UY</arg>
<arg>UZ</arg>
<arg>VA</arg>
<arg>VC</arg>
<arg>VE</arg>
<arg>VG</arg>
<arg>VI</arg>
<arg>VN</arg>
<arg>VU</arg>
<arg>WF</arg>
<arg>WS</arg>
<arg>XK</arg>
<arg>YE</arg>
<arg>YT</arg>
<arg>ZA</arg>
<arg>ZM</arg>
<arg>ZW</arg>
<doc>Returns a list containing given items.</doc>
<status status="PASS" start="2024-04-17T01:00:20.055937" elapsed="0.000624"/>
</kw>
<kw name="List Should Contain Value" owner="Collections">
<msg time="2024-04-17T01:00:20.057540" level="INFO">False</msg>
<arg>${list_country}</arg>
<arg>${name_country}</arg>
<doc>Fails if the ``value`` is not found from ``list``.</doc>
<status status="PASS" start="2024-04-17T01:00:20.057336" elapsed="0.000240"/>
</kw>
<kw name="Run Keyword If" owner="BuiltIn">
<kw name="Should Be True" owner="BuiltIn">
<arg>${True}</arg>
<doc>Fails if the given condition is not true.</doc>
<status status="PASS" start="2024-04-17T01:00:20.058793" elapsed="0.000149"/>
</kw>
<arg>${json_data["results"][0]["location"]["coordinates"]["latitude"]} &gt;= -90 and ${json_data["results"][0]["location"]["coordinates"]["latitude"]} &lt;= 90</arg>
<arg>Should Be True</arg>
<arg>${True}</arg>
<doc>Runs the given keyword with the given arguments, if ``condition`` is true.</doc>
<status status="PASS" start="2024-04-17T01:00:20.057888" elapsed="0.001185"/>
</kw>
<kw name="Run Keyword If" owner="BuiltIn">
<kw name="Should Be True" owner="BuiltIn">
<arg>${True}</arg>
<doc>Fails if the given condition is not true.</doc>
<status status="PASS" start="2024-04-17T01:00:20.060008" elapsed="0.000139"/>
</kw>
<arg>${json_data["results"][0]["location"]["coordinates"]["longitude"]} &gt;= -180 and ${json_data["results"][0]["location"]["coordinates"]["longitude"]} &lt;= 180</arg>
<arg>Should Be True</arg>
<arg>${True}</arg>
<doc>Runs the given keyword with the given arguments, if ``condition`` is true.</doc>
<status status="PASS" start="2024-04-17T01:00:20.059293" elapsed="0.000979"/>
</kw>
<status status="PASS" start="2024-04-17T01:00:19.948297" elapsed="0.112108"/>
</kw>
<doc>Testa o conteúdo específico dos campos retornados pela API.</doc>
<tag>testeConteudo</tag>
<status status="PASS" start="2024-04-17T01:00:19.947820" elapsed="0.112734"/>
</test>
<status status="PASS" start="2024-04-17T01:00:19.028325" elapsed="1.034140"/>
</suite>
<status status="PASS" start="2024-04-17T01:00:19.012999" elapsed="1.054820"/>
</suite>
<statistics>
<total>
<stat pass="5" fail="0" skip="0">All Tests</stat>
</total>
<tag>
<stat pass="1" fail="0" skip="0">testeConteudo</stat>
<stat pass="1" fail="0" skip="0">testeEstruturaResposta</stat>
<stat pass="1" fail="0" skip="0">testeRequisicaoBasica</stat>
<stat pass="1" fail="0" skip="0">testeTiposDados</stat>
</tag>
<suite>
<stat pass="5" fail="0" skip="0" id="s1" name="Tests">Tests</stat>
<stat pass="5" fail="0" skip="0" id="s1-s1" name="Random-User-Test">Tests.Random-User-Test</stat>
</suite>
</statistics>
<errors>
</errors>
</robot>
