<?xml version="1.0" encoding="UTF-8"?>
<robot generator="Robot 7.0.1 (Python 3.12.4 on linux)" generated="2024-08-07T15:16:01.532677" rpa="false" schemaversion="5">
<suite id="s1" name="Tests" source="/home/runner/work/ApiRandomUser/ApiRandomUser/RamdonUser/tests">
<suite id="s1-s1" name="Random-User-Test" source="/home/runner/work/ApiRandomUser/ApiRandomUser/RamdonUser/tests/random-user-test.robot">
<test id="s1-s1-t1" name="Conectar" line="13">
<kw name="Conectar API" owner="random-user-service">
<kw name="Create Session" owner="RequestsLibrary">
<msg time="2024-08-07T15:16:01.949358" level="INFO">Creating Session using : alias=consultarAPI, url=https://randomuser.me/, headers={},                     cookies={}, auth=None, timeout=None, proxies=None, verify=False,                     debug=0 </msg>
<arg>consultarAPI</arg>
<arg>${URL}</arg>
<doc>Create Session: create a HTTP session to a server</doc>
<status status="PASS" start="2024-08-07T15:16:01.949145" elapsed="0.000411"/>
</kw>
<status status="PASS" start="2024-08-07T15:16:01.948026" elapsed="0.001953"/>
</kw>
<status status="PASS" start="2024-08-07T15:16:01.947445" elapsed="0.002733"/>
</test>
<test id="s1-s1-t2" name="Validar retorno 200 e JSON Válido" line="16">
<kw name="Teste de Requisicao Basica" owner="random-user-service">
<kw name="GET On Session" owner="RequestsLibrary">
<msg time="2024-08-07T15:16:06.465345" level="INFO">GET Request : url=https://randomuser.me/api 
 path_url=/api 
 headers={'User-Agent': 'python-requests/2.32.3', 'Accept-Encoding': 'gzip, deflate', 'Accept': '*/*', 'Connection': 'keep-alive'} 
 body=None 
 </msg>
<msg time="2024-08-07T15:16:06.465499" level="INFO">GET Response : url=https://randomuser.me/api 
 status=200, reason=OK 
 headers={'Date': 'Wed, 07 Aug 2024 15:16:06 GMT', 'Content-Type': 'application/json; charset=utf-8', 'Transfer-Encoding': 'chunked', 'Connection': 'keep-alive', 'X-Powered-By': 'Express', 'Access-Control-Allow-Origin': '*', 'Cache-Control': 'no-cache', 'ETag': 'W/"493-/UIvaiuh4QEGnLxLZ3s1OIeP0OE"', 'Vary': 'Accept-Encoding', 'Content-Encoding': 'gzip', 'CF-Cache-Status': 'DYNAMIC', 'Report-To': '{"endpoints":[{"url":"https:\\/\\/a.nel.cloudflare.com\\/report\\/v4?s=3dLvdQB%2FM7yZYPdkMQzRPMV5yWUSdV08Yzsyi0cFHvGWuDVEpBzDzYGjoI0EWtDMfjssirKa9mT8BEVWwsjt3S7fXnZaoRphMSh%2F6stwPhgQ34NGuEbrEundq0%2BloZYM"}],"group":"cf-nel","max_age":604800}', 'NEL': '{"success_fraction":0,"report_to":"cf-nel","max_age":604800}', 'Server': 'cloudflare', 'CF-RAY': '8af839b868590847-IAD', 'alt-svc': 'h3=":443"; ma=86400'} 
 body={"results":[{"gender":"female","name":{"title":"Ms","first":"Louise","last":"Da Silva"},"location":{"street":{"number":5706,"name":"Rue Paul-Duvivier"},"city":"Aulnay-sous-Bois","state":"Martinique","country":"France","postcode":33105,"coordinates":{"latitude":"-18.6566","longitude":"55.6017"},"timezone":{"offset":"+3:30","description":"Tehran"}},"email":"louise.dasilva@example.com","login":{"uuid":"92f99f1a-4805-42e3-894e-81a7c67f3927","username":"tinyleopard196","password":"cotton","salt":"Hcvl5oGK","md5":"ab71500af184dc1b37a2a29fe9159ebf","sha1":"762da702d40869421f1bbcd2ed204239d0f78ac7","sha256":"d33879ba98f719eb193c45ffb6cd70fb796c16afe63567e553be7aa1877f15b1"},"dob":{"date":"1983-02-24T18:59:30.899Z","age":41},"registered":{"date":"2011-03-30T08:26:43.897Z","age":13},"phone":"03-49-26-14-29","cell":"06-04-32-02-87","id":{"name":"INSEE","value":"2830145503177 28"},"picture":{"large":"https://randomuser.me/api/portraits/women/77.jpg","medium":"https://randomuser.me/api/portraits/med/women/77.jpg","thumbnail":"https://randomuser.me/api/portraits/thumb/women/77.jpg"},"nat":"FR"}],"info":{"seed":"b0dd4fc5493a31ee","results":1,"page":1,"version":"1.4"}} 
 </msg>
<msg time="2024-08-07T15:16:06.465575" level="INFO">/opt/hostedtoolcache/Python/3.12.4/x64/lib/python3.12/site-packages/urllib3/connectionpool.py:1099: InsecureRequestWarning: Unverified HTTPS request is being made to host 'randomuser.me'. Adding certificate verification is strongly advised. See: https://urllib3.readthedocs.io/en/latest/advanced-usage.html#tls-warnings
  warnings.warn(</msg>
<msg time="2024-08-07T15:16:06.465736" level="INFO">${response} = &lt;Response [200]&gt;</msg>
<var>${response}</var>
<arg>consultarAPI</arg>
<arg>/api</arg>
<doc>Sends a GET request on a previously created HTTP Session.</doc>
<status status="PASS" start="2024-08-07T15:16:01.952960" elapsed="4.512820"/>
</kw>
<kw name="Should Be Equal As Numbers" owner="BuiltIn">
<msg time="2024-08-07T15:16:06.466824" level="INFO">Argument types are:
&lt;class 'int'&gt;
&lt;class 'str'&gt;</msg>
<arg>${response.status_code}</arg>
<arg>200</arg>
<doc>Fails if objects are unequal after converting them to real numbers.</doc>
<status status="PASS" start="2024-08-07T15:16:06.466339" elapsed="0.000549"/>
</kw>
<kw name="Log" owner="BuiltIn">
<msg time="2024-08-07T15:16:06.467554" level="INFO">200</msg>
<arg>${response.status_code}</arg>
<doc>Logs the given message with the given level.</doc>
<status status="PASS" start="2024-08-07T15:16:06.467204" elapsed="0.000390"/>
</kw>
<kw name="Set Variable" owner="BuiltIn">
<msg time="2024-08-07T15:16:06.468330" level="INFO">${json_data} = {'results': [{'gender': 'female', 'name': {'title': 'Ms', 'first': 'Louise', 'last': 'Da Silva'}, 'location': {'street': {'number': 5706, 'name': 'Rue Paul-Duvivier'}, 'city': 'Aulnay-sous-Bois', 'sta...</msg>
<var>${json_data}</var>
<arg>${response.json()}</arg>
<doc>Returns the given values which can then be assigned to a variables.</doc>
<status status="PASS" start="2024-08-07T15:16:06.467901" elapsed="0.000458"/>
</kw>
<kw name="Dictionary Should Contain Key" owner="Collections">
<arg>${json_data}</arg>
<arg>results</arg>
<doc>Fails if ``key`` is not found from ``dictionary``.</doc>
<status status="PASS" start="2024-08-07T15:16:06.468736" elapsed="0.000455"/>
</kw>
<status status="PASS" start="2024-08-07T15:16:01.952673" elapsed="4.516732"/>
</kw>
<doc>Testa se a API responde corretamente e retorna um objeto JSON válido.</doc>
<tag>testeRequisicaoBasica</tag>
<status status="PASS" start="2024-08-07T15:16:01.952186" elapsed="4.517402"/>
</test>
<test id="s1-s1-t3" name="Validar estrutura de resposta" line="22">
<kw name="Teste de Estrutura de Resposta" owner="random-user-service">
<kw name="GET On Session" owner="RequestsLibrary">
<msg time="2024-08-07T15:16:09.890854" level="INFO">GET Request : url=https://randomuser.me/api 
 path_url=/api 
 headers={'User-Agent': 'python-requests/2.32.3', 'Accept-Encoding': 'gzip, deflate', 'Accept': '*/*', 'Connection': 'keep-alive'} 
 body=None 
 </msg>
<msg time="2024-08-07T15:16:09.890961" level="INFO">GET Response : url=https://randomuser.me/api 
 status=200, reason=OK 
 headers={'Date': 'Wed, 07 Aug 2024 15:16:09 GMT', 'Content-Type': 'application/json; charset=utf-8', 'Transfer-Encoding': 'chunked', 'Connection': 'keep-alive', 'X-Powered-By': 'Express', 'Access-Control-Allow-Origin': '*', 'Cache-Control': 'no-cache', 'ETag': 'W/"494-HHc1k1ALT9lgQ62gosF4hjkXNc0"', 'Vary': 'Accept-Encoding', 'Content-Encoding': 'gzip', 'CF-Cache-Status': 'DYNAMIC', 'Report-To': '{"endpoints":[{"url":"https:\\/\\/a.nel.cloudflare.com\\/report\\/v4?s=Hha3h3v3VBNdOo49jMKJd9ApTod4C7rysc42OXCy%2BkKzmLLddSrM5Owipdj1vQULDJbV6QAz6iathbufQQ909etr8gPSv8X9jiwGYuMyOwUd9A%2Bu%2BmvNpO1CHe%2FU0NdP"}],"group":"cf-nel","max_age":604800}', 'NEL': '{"success_fraction":0,"report_to":"cf-nel","max_age":604800}', 'Server': 'cloudflare', 'CF-RAY': '8af839d478fb0847-IAD', 'alt-svc': 'h3=":443"; ma=86400'} 
 body={"results":[{"gender":"male","name":{"title":"Mr","first":"Leevi","last":"Kauppila"},"location":{"street":{"number":5598,"name":"Esplanadi"},"city":"Uusikaupunki","state":"Pirkanmaa","country":"Finland","postcode":37133,"coordinates":{"latitude":"-24.7880","longitude":"-150.2859"},"timezone":{"offset":"+1:00","description":"Brussels, Copenhagen, Madrid, Paris"}},"email":"leevi.kauppila@example.com","login":{"uuid":"74781e84-ec4e-40ba-89f0-19701e5d64da","username":"whitebird181","password":"monkeys","salt":"3Vr5aTNU","md5":"e73693c5bd7d727177b1240ec0a89cfe","sha1":"ce96965e8848860dbfca20769bfaec69dde34185","sha256":"2d623ea9d1d21cc0f497b40060b523ef0425eec864ff99f777b92da743328070"},"dob":{"date":"1978-09-28T09:46:05.133Z","age":45},"registered":{"date":"2012-01-07T04:17:05.921Z","age":12},"phone":"02-838-428","cell":"046-713-67-37","id":{"name":"HETU","value":"NaNNA065undefined"},"picture":{"large":"https://randomuser.me/api/portraits/men/3.jpg","medium":"https://randomuser.me/api/portraits/med/men/3.jpg","thumbnail":"https://randomuser.me/api/portraits/thumb/men/3.jpg"},"nat":"FI"}],"info":{"seed":"ab1ce9897dd0fd3c","results":1,"page":1,"version":"1.4"}} 
 </msg>
<msg time="2024-08-07T15:16:09.891103" level="INFO">/opt/hostedtoolcache/Python/3.12.4/x64/lib/python3.12/site-packages/urllib3/connectionpool.py:1099: InsecureRequestWarning: Unverified HTTPS request is being made to host 'randomuser.me'. Adding certificate verification is strongly advised. See: https://urllib3.readthedocs.io/en/latest/advanced-usage.html#tls-warnings
  warnings.warn(</msg>
<msg time="2024-08-07T15:16:09.891250" level="INFO">${response} = &lt;Response [200]&gt;</msg>
<var>${response}</var>
<arg>consultarAPI</arg>
<arg>/api</arg>
<doc>Sends a GET request on a previously created HTTP Session.</doc>
<status status="PASS" start="2024-08-07T15:16:06.472280" elapsed="3.419014"/>
</kw>
<kw name="Set Variable" owner="BuiltIn">
<msg time="2024-08-07T15:16:09.892314" level="INFO">${json_data} = {'results': [{'gender': 'male', 'name': {'title': 'Mr', 'first': 'Leevi', 'last': 'Kauppila'}, 'location': {'street': {'number': 5598, 'name': 'Esplanadi'}, 'city': 'Uusikaupunki', 'state': 'Pirkanmaa...</msg>
<var>${json_data}</var>
<arg>${response.json()}</arg>
<doc>Returns the given values which can then be assigned to a variables.</doc>
<status status="PASS" start="2024-08-07T15:16:09.891797" elapsed="0.000544"/>
</kw>
<kw name="Log" owner="BuiltIn">
<msg time="2024-08-07T15:16:09.892802" level="INFO">{'results': [{'gender': 'male', 'name': {'title': 'Mr', 'first': 'Leevi', 'last': 'Kauppila'}, 'location': {'street': {'number': 5598, 'name': 'Esplanadi'}, 'city': 'Uusikaupunki', 'state': 'Pirkanmaa', 'country': 'Finland', 'postcode': 37133, 'coordinates': {'latitude': '-24.7880', 'longitude': '-150.2859'}, 'timezone': {'offset': '+1:00', 'description': 'Brussels, Copenhagen, Madrid, Paris'}}, 'email': 'leevi.kauppila@example.com', 'login': {'uuid': '74781e84-ec4e-40ba-89f0-19701e5d64da', 'username': 'whitebird181', 'password': 'monkeys', 'salt': '3Vr5aTNU', 'md5': 'e73693c5bd7d727177b1240ec0a89cfe', 'sha1': 'ce96965e8848860dbfca20769bfaec69dde34185', 'sha256': '2d623ea9d1d21cc0f497b40060b523ef0425eec864ff99f777b92da743328070'}, 'dob': {'date': '1978-09-28T09:46:05.133Z', 'age': 45}, 'registered': {'date': '2012-01-07T04:17:05.921Z', 'age': 12}, 'phone': '02-838-428', 'cell': '046-713-67-37', 'id': {'name': 'HETU', 'value': 'NaNNA065undefined'}, 'picture': {'large': 'https://randomuser.me/api/portraits/men/3.jpg', 'medium': 'https://randomuser.me/api/portraits/med/men/3.jpg', 'thumbnail': 'https://randomuser.me/api/portraits/thumb/men/3.jpg'}, 'nat': 'FI'}], 'info': {'seed': 'ab1ce9897dd0fd3c', 'results': 1, 'page': 1, 'version': '1.4'}}</msg>
<arg>${json_data}</arg>
<doc>Logs the given message with the given level.</doc>
<status status="PASS" start="2024-08-07T15:16:09.892643" elapsed="0.000206"/>
</kw>
<kw name="Dictionary Should Contain Key" owner="Collections">
<arg>${json_data}</arg>
<arg>results</arg>
<doc>Fails if ``key`` is not found from ``dictionary``.</doc>
<status status="PASS" start="2024-08-07T15:16:09.893137" elapsed="0.000165"/>
</kw>
<kw name="Should Not Be Empty" owner="BuiltIn">
<msg time="2024-08-07T15:16:09.893613" level="INFO">Length is 2.</msg>
<arg>${json_data}</arg>
<doc>Verifies that the given item is not empty.</doc>
<status status="PASS" start="2024-08-07T15:16:09.893487" elapsed="0.000164"/>
</kw>
<kw name="Create List" owner="BuiltIn">
<msg time="2024-08-07T15:16:09.894091" level="INFO">${expected_keys} = ['gender', 'name', 'location', 'email', 'login']</msg>
<var>${expected_keys}</var>
<arg>gender</arg>
<arg>name</arg>
<arg>location</arg>
<arg>email</arg>
<arg>login</arg>
<doc>Returns a list containing given items.</doc>
<status status="PASS" start="2024-08-07T15:16:09.893936" elapsed="0.000178"/>
</kw>
<for flavor="IN">
<iter>
<kw name="Dictionary Should Contain Key" owner="Collections">
<arg>${json_data['results'][0]}</arg>
<arg>${key}</arg>
<doc>Fails if ``key`` is not found from ``dictionary``.</doc>
<status status="PASS" start="2024-08-07T15:16:09.894734" elapsed="0.000402"/>
</kw>
<kw name="Log" owner="BuiltIn">
<msg time="2024-08-07T15:16:09.895681" level="INFO">{'gender': 'male', 'name': {'title': 'Mr', 'first': 'Leevi', 'last': 'Kauppila'}, 'location': {'street': {'number': 5598, 'name': 'Esplanadi'}, 'city': 'Uusikaupunki', 'state': 'Pirkanmaa', 'country': 'Finland', 'postcode': 37133, 'coordinates': {'latitude': '-24.7880', 'longitude': '-150.2859'}, 'timezone': {'offset': '+1:00', 'description': 'Brussels, Copenhagen, Madrid, Paris'}}, 'email': 'leevi.kauppila@example.com', 'login': {'uuid': '74781e84-ec4e-40ba-89f0-19701e5d64da', 'username': 'whitebird181', 'password': 'monkeys', 'salt': '3Vr5aTNU', 'md5': 'e73693c5bd7d727177b1240ec0a89cfe', 'sha1': 'ce96965e8848860dbfca20769bfaec69dde34185', 'sha256': '2d623ea9d1d21cc0f497b40060b523ef0425eec864ff99f777b92da743328070'}, 'dob': {'date': '1978-09-28T09:46:05.133Z', 'age': 45}, 'registered': {'date': '2012-01-07T04:17:05.921Z', 'age': 12}, 'phone': '02-838-428', 'cell': '046-713-67-37', 'id': {'name': 'HETU', 'value': 'NaNNA065undefined'}, 'picture': {'large': 'https://randomuser.me/api/portraits/men/3.jpg', 'medium': 'https://randomuser.me/api/portraits/med/men/3.jpg', 'thumbnail': 'https://randomuser.me/api/portraits/thumb/men/3.jpg'}, 'nat': 'FI'}</msg>
<arg>${json_data['results'][0]}</arg>
<doc>Logs the given message with the given level.</doc>
<status status="PASS" start="2024-08-07T15:16:09.895323" elapsed="0.000406"/>
</kw>
<kw name="Log" owner="BuiltIn">
<msg time="2024-08-07T15:16:09.896153" level="INFO">gender</msg>
<arg>${key}</arg>
<doc>Logs the given message with the given level.</doc>
<status status="PASS" start="2024-08-07T15:16:09.896025" elapsed="0.000166"/>
</kw>
<var name="${key}">gender</var>
<status status="PASS" start="2024-08-07T15:16:09.894594" elapsed="0.001811"/>
</iter>
<iter>
<kw name="Dictionary Should Contain Key" owner="Collections">
<arg>${json_data['results'][0]}</arg>
<arg>${key}</arg>
<doc>Fails if ``key`` is not found from ``dictionary``.</doc>
<status status="PASS" start="2024-08-07T15:16:09.896706" elapsed="0.000381"/>
</kw>
<kw name="Log" owner="BuiltIn">
<msg time="2024-08-07T15:16:09.897620" level="INFO">{'gender': 'male', 'name': {'title': 'Mr', 'first': 'Leevi', 'last': 'Kauppila'}, 'location': {'street': {'number': 5598, 'name': 'Esplanadi'}, 'city': 'Uusikaupunki', 'state': 'Pirkanmaa', 'country': 'Finland', 'postcode': 37133, 'coordinates': {'latitude': '-24.7880', 'longitude': '-150.2859'}, 'timezone': {'offset': '+1:00', 'description': 'Brussels, Copenhagen, Madrid, Paris'}}, 'email': 'leevi.kauppila@example.com', 'login': {'uuid': '74781e84-ec4e-40ba-89f0-19701e5d64da', 'username': 'whitebird181', 'password': 'monkeys', 'salt': '3Vr5aTNU', 'md5': 'e73693c5bd7d727177b1240ec0a89cfe', 'sha1': 'ce96965e8848860dbfca20769bfaec69dde34185', 'sha256': '2d623ea9d1d21cc0f497b40060b523ef0425eec864ff99f777b92da743328070'}, 'dob': {'date': '1978-09-28T09:46:05.133Z', 'age': 45}, 'registered': {'date': '2012-01-07T04:17:05.921Z', 'age': 12}, 'phone': '02-838-428', 'cell': '046-713-67-37', 'id': {'name': 'HETU', 'value': 'NaNNA065undefined'}, 'picture': {'large': 'https://randomuser.me/api/portraits/men/3.jpg', 'medium': 'https://randomuser.me/api/portraits/med/men/3.jpg', 'thumbnail': 'https://randomuser.me/api/portraits/thumb/men/3.jpg'}, 'nat': 'FI'}</msg>
<arg>${json_data['results'][0]}</arg>
<doc>Logs the given message with the given level.</doc>
<status status="PASS" start="2024-08-07T15:16:09.897268" elapsed="0.000436"/>
</kw>
<kw name="Log" owner="BuiltIn">
<msg time="2024-08-07T15:16:09.898131" level="INFO">name</msg>
<arg>${key}</arg>
<doc>Logs the given message with the given level.</doc>
<status status="PASS" start="2024-08-07T15:16:09.898003" elapsed="0.000165"/>
</kw>
<var name="${key}">name</var>
<status status="PASS" start="2024-08-07T15:16:09.896589" elapsed="0.001794"/>
</iter>
<iter>
<kw name="Dictionary Should Contain Key" owner="Collections">
<arg>${json_data['results'][0]}</arg>
<arg>${key}</arg>
<doc>Fails if ``key`` is not found from ``dictionary``.</doc>
<status status="PASS" start="2024-08-07T15:16:09.898693" elapsed="0.000389"/>
</kw>
<kw name="Log" owner="BuiltIn">
<msg time="2024-08-07T15:16:09.899603" level="INFO">{'gender': 'male', 'name': {'title': 'Mr', 'first': 'Leevi', 'last': 'Kauppila'}, 'location': {'street': {'number': 5598, 'name': 'Esplanadi'}, 'city': 'Uusikaupunki', 'state': 'Pirkanmaa', 'country': 'Finland', 'postcode': 37133, 'coordinates': {'latitude': '-24.7880', 'longitude': '-150.2859'}, 'timezone': {'offset': '+1:00', 'description': 'Brussels, Copenhagen, Madrid, Paris'}}, 'email': 'leevi.kauppila@example.com', 'login': {'uuid': '74781e84-ec4e-40ba-89f0-19701e5d64da', 'username': 'whitebird181', 'password': 'monkeys', 'salt': '3Vr5aTNU', 'md5': 'e73693c5bd7d727177b1240ec0a89cfe', 'sha1': 'ce96965e8848860dbfca20769bfaec69dde34185', 'sha256': '2d623ea9d1d21cc0f497b40060b523ef0425eec864ff99f777b92da743328070'}, 'dob': {'date': '1978-09-28T09:46:05.133Z', 'age': 45}, 'registered': {'date': '2012-01-07T04:17:05.921Z', 'age': 12}, 'phone': '02-838-428', 'cell': '046-713-67-37', 'id': {'name': 'HETU', 'value': 'NaNNA065undefined'}, 'picture': {'large': 'https://randomuser.me/api/portraits/men/3.jpg', 'medium': 'https://randomuser.me/api/portraits/med/men/3.jpg', 'thumbnail': 'https://randomuser.me/api/portraits/thumb/men/3.jpg'}, 'nat': 'FI'}</msg>
<arg>${json_data['results'][0]}</arg>
<doc>Logs the given message with the given level.</doc>
<status status="PASS" start="2024-08-07T15:16:09.899261" elapsed="0.000400"/>
</kw>
<kw name="Log" owner="BuiltIn">
<msg time="2024-08-07T15:16:09.900084" level="INFO">location</msg>
<arg>${key}</arg>
<doc>Logs the given message with the given level.</doc>
<status status="PASS" start="2024-08-07T15:16:09.899957" elapsed="0.000164"/>
</kw>
<var name="${key}">location</var>
<status status="PASS" start="2024-08-07T15:16:09.898583" elapsed="0.001748"/>
</iter>
<iter>
<kw name="Dictionary Should Contain Key" owner="Collections">
<arg>${json_data['results'][0]}</arg>
<arg>${key}</arg>
<doc>Fails if ``key`` is not found from ``dictionary``.</doc>
<status status="PASS" start="2024-08-07T15:16:09.900603" elapsed="0.000379"/>
</kw>
<kw name="Log" owner="BuiltIn">
<msg time="2024-08-07T15:16:09.901628" level="INFO">{'gender': 'male', 'name': {'title': 'Mr', 'first': 'Leevi', 'last': 'Kauppila'}, 'location': {'street': {'number': 5598, 'name': 'Esplanadi'}, 'city': 'Uusikaupunki', 'state': 'Pirkanmaa', 'country': 'Finland', 'postcode': 37133, 'coordinates': {'latitude': '-24.7880', 'longitude': '-150.2859'}, 'timezone': {'offset': '+1:00', 'description': 'Brussels, Copenhagen, Madrid, Paris'}}, 'email': 'leevi.kauppila@example.com', 'login': {'uuid': '74781e84-ec4e-40ba-89f0-19701e5d64da', 'username': 'whitebird181', 'password': 'monkeys', 'salt': '3Vr5aTNU', 'md5': 'e73693c5bd7d727177b1240ec0a89cfe', 'sha1': 'ce96965e8848860dbfca20769bfaec69dde34185', 'sha256': '2d623ea9d1d21cc0f497b40060b523ef0425eec864ff99f777b92da743328070'}, 'dob': {'date': '1978-09-28T09:46:05.133Z', 'age': 45}, 'registered': {'date': '2012-01-07T04:17:05.921Z', 'age': 12}, 'phone': '02-838-428', 'cell': '046-713-67-37', 'id': {'name': 'HETU', 'value': 'NaNNA065undefined'}, 'picture': {'large': 'https://randomuser.me/api/portraits/men/3.jpg', 'medium': 'https://randomuser.me/api/portraits/med/men/3.jpg', 'thumbnail': 'https://randomuser.me/api/portraits/thumb/men/3.jpg'}, 'nat': 'FI'}</msg>
<arg>${json_data['results'][0]}</arg>
<doc>Logs the given message with the given level.</doc>
<status status="PASS" start="2024-08-07T15:16:09.901283" elapsed="0.000394"/>
</kw>
<kw name="Log" owner="BuiltIn">
<msg time="2024-08-07T15:16:09.902098" level="INFO">email</msg>
<arg>${key}</arg>
<doc>Logs the given message with the given level.</doc>
<status status="PASS" start="2024-08-07T15:16:09.901969" elapsed="0.000166"/>
</kw>
<var name="${key}">email</var>
<status status="PASS" start="2024-08-07T15:16:09.900498" elapsed="0.001849"/>
</iter>
<iter>
<kw name="Dictionary Should Contain Key" owner="Collections">
<arg>${json_data['results'][0]}</arg>
<arg>${key}</arg>
<doc>Fails if ``key`` is not found from ``dictionary``.</doc>
<status status="PASS" start="2024-08-07T15:16:09.902661" elapsed="0.000372"/>
</kw>
<kw name="Log" owner="BuiltIn">
<msg time="2024-08-07T15:16:09.903561" level="INFO">{'gender': 'male', 'name': {'title': 'Mr', 'first': 'Leevi', 'last': 'Kauppila'}, 'location': {'street': {'number': 5598, 'name': 'Esplanadi'}, 'city': 'Uusikaupunki', 'state': 'Pirkanmaa', 'country': 'Finland', 'postcode': 37133, 'coordinates': {'latitude': '-24.7880', 'longitude': '-150.2859'}, 'timezone': {'offset': '+1:00', 'description': 'Brussels, Copenhagen, Madrid, Paris'}}, 'email': 'leevi.kauppila@example.com', 'login': {'uuid': '74781e84-ec4e-40ba-89f0-19701e5d64da', 'username': 'whitebird181', 'password': 'monkeys', 'salt': '3Vr5aTNU', 'md5': 'e73693c5bd7d727177b1240ec0a89cfe', 'sha1': 'ce96965e8848860dbfca20769bfaec69dde34185', 'sha256': '2d623ea9d1d21cc0f497b40060b523ef0425eec864ff99f777b92da743328070'}, 'dob': {'date': '1978-09-28T09:46:05.133Z', 'age': 45}, 'registered': {'date': '2012-01-07T04:17:05.921Z', 'age': 12}, 'phone': '02-838-428', 'cell': '046-713-67-37', 'id': {'name': 'HETU', 'value': 'NaNNA065undefined'}, 'picture': {'large': 'https://randomuser.me/api/portraits/men/3.jpg', 'medium': 'https://randomuser.me/api/portraits/med/men/3.jpg', 'thumbnail': 'https://randomuser.me/api/portraits/thumb/men/3.jpg'}, 'nat': 'FI'}</msg>
<arg>${json_data['results'][0]}</arg>
<doc>Logs the given message with the given level.</doc>
<status status="PASS" start="2024-08-07T15:16:09.903216" elapsed="0.000391"/>
</kw>
<kw name="Log" owner="BuiltIn">
<msg time="2024-08-07T15:16:09.904028" level="INFO">login</msg>
<arg>${key}</arg>
<doc>Logs the given message with the given level.</doc>
<status status="PASS" start="2024-08-07T15:16:09.903901" elapsed="0.000163"/>
</kw>
<var name="${key}">login</var>
<status status="PASS" start="2024-08-07T15:16:09.902542" elapsed="0.001738"/>
</iter>
<var>${key}</var>
<value>@{expected_keys}</value>
<status status="PASS" start="2024-08-07T15:16:09.894375" elapsed="0.010027"/>
</for>
<kw name="Create List" owner="BuiltIn">
<msg time="2024-08-07T15:16:09.904722" level="INFO">${expected_keysTwo} = ['username', 'password']</msg>
<var>${expected_keysTwo}</var>
<arg>username</arg>
<arg>password</arg>
<doc>Returns a list containing given items.</doc>
<status status="PASS" start="2024-08-07T15:16:09.904590" elapsed="0.000183"/>
</kw>
<for flavor="IN">
<iter>
<kw name="Dictionary Should Contain Key" owner="Collections">
<arg>${json_data['results'][0]['login']}</arg>
<arg>${keyTwo}</arg>
<doc>Fails if ``key`` is not found from ``dictionary``.</doc>
<status status="PASS" start="2024-08-07T15:16:09.905278" elapsed="0.000383"/>
</kw>
<kw name="Dictionary Should Contain Key" owner="Collections">
<arg>${json_data['results'][0]['login']}</arg>
<arg>${keyTwo}</arg>
<doc>Fails if ``key`` is not found from ``dictionary``.</doc>
<status status="PASS" start="2024-08-07T15:16:09.905838" elapsed="0.000372"/>
</kw>
<kw name="Log" owner="BuiltIn">
<msg time="2024-08-07T15:16:09.906509" level="INFO">username</msg>
<arg>${keyTwo}</arg>
<doc>Logs the given message with the given level.</doc>
<status status="PASS" start="2024-08-07T15:16:09.906389" elapsed="0.000185"/>
</kw>
<var name="${keyTwo}">username</var>
<status status="PASS" start="2024-08-07T15:16:09.905172" elapsed="0.001629"/>
</iter>
<iter>
<kw name="Dictionary Should Contain Key" owner="Collections">
<arg>${json_data['results'][0]['login']}</arg>
<arg>${keyTwo}</arg>
<doc>Fails if ``key`` is not found from ``dictionary``.</doc>
<status status="PASS" start="2024-08-07T15:16:09.907074" elapsed="0.000386"/>
</kw>
<kw name="Dictionary Should Contain Key" owner="Collections">
<arg>${json_data['results'][0]['login']}</arg>
<arg>${keyTwo}</arg>
<doc>Fails if ``key`` is not found from ``dictionary``.</doc>
<status status="PASS" start="2024-08-07T15:16:09.907636" elapsed="0.000359"/>
</kw>
<kw name="Log" owner="BuiltIn">
<msg time="2024-08-07T15:16:09.908285" level="INFO">password</msg>
<arg>${keyTwo}</arg>
<doc>Logs the given message with the given level.</doc>
<status status="PASS" start="2024-08-07T15:16:09.908168" elapsed="0.000153"/>
</kw>
<var name="${keyTwo}">password</var>
<status status="PASS" start="2024-08-07T15:16:09.906970" elapsed="0.001568"/>
</iter>
<var>${keyTwo}</var>
<value>@{expected_keysTwo}</value>
<status status="PASS" start="2024-08-07T15:16:09.905020" elapsed="0.003639"/>
</for>
<status status="PASS" start="2024-08-07T15:16:06.472046" elapsed="3.436755"/>
</kw>
<doc>Testa a estrutura da resposta da API.</doc>
<tag>testeEstruturaResposta</tag>
<status status="PASS" start="2024-08-07T15:16:06.471430" elapsed="3.437532"/>
</test>
<test id="s1-s1-t4" name="Validar tipos de dados" line="28">
<kw name="Teste de Tipos de Dados" owner="random-user-service">
<kw name="GET On Session" owner="RequestsLibrary">
<msg time="2024-08-07T15:16:13.369263" level="INFO">GET Request : url=https://randomuser.me/api 
 path_url=/api 
 headers={'User-Agent': 'python-requests/2.32.3', 'Accept-Encoding': 'gzip, deflate', 'Accept': '*/*', 'Connection': 'keep-alive'} 
 body=None 
 </msg>
<msg time="2024-08-07T15:16:13.369358" level="INFO">GET Response : url=https://randomuser.me/api 
 status=200, reason=OK 
 headers={'Date': 'Wed, 07 Aug 2024 15:16:13 GMT', 'Content-Type': 'application/json; charset=utf-8', 'Transfer-Encoding': 'chunked', 'Connection': 'keep-alive', 'X-Powered-By': 'Express', 'Access-Control-Allow-Origin': '*', 'Cache-Control': 'no-cache', 'ETag': 'W/"49d-LMDdenWRl5q7HZi58KpC6pn/AfM"', 'Vary': 'Accept-Encoding', 'Content-Encoding': 'gzip', 'CF-Cache-Status': 'DYNAMIC', 'Report-To': '{"endpoints":[{"url":"https:\\/\\/a.nel.cloudflare.com\\/report\\/v4?s=mVOv0ryG8EL1s35vnaR8hmc1pydyzDA0F3xNNTqcMwikEVGo55mceRNA0uSjU1YGO6%2BSHZsAQxwXXbGoF5jLDdgkDdaEid8DXux6FY01jsdUhoqjy%2Fwl6YjJVgkHqpUI"}],"group":"cf-nel","max_age":604800}', 'NEL': '{"success_fraction":0,"report_to":"cf-nel","max_age":604800}', 'Server': 'cloudflare', 'CF-RAY': '8af839e9fab70847-IAD', 'alt-svc': 'h3=":443"; ma=86400'} 
 body={"results":[{"gender":"female","name":{"title":"Mrs","first":"Jennie","last":"West"},"location":{"street":{"number":2608,"name":"Avondale Ave"},"city":"Tucson","state":"Missouri","country":"United States","postcode":67418,"coordinates":{"latitude":"83.8492","longitude":"54.4484"},"timezone":{"offset":"-5:00","description":"Eastern Time (US &amp; Canada), Bogota, Lima"}},"email":"jennie.west@example.com","login":{"uuid":"7f5340e7-a61b-4ef3-94c3-87688ce55ba5","username":"blueleopard508","password":"sandy1","salt":"zhT47ohs","md5":"e4fdfd49a225dca1a437d6c66d9f50f5","sha1":"daeda37092c593822c65d5013d6cd917e29bb47d","sha256":"4e6bb3685ee97ca1810f32fb00fa11d1efdbdb33ffce7241f01daf8e47ef3d6c"},"dob":{"date":"1966-10-26T08:53:55.797Z","age":57},"registered":{"date":"2012-09-14T11:40:13.194Z","age":11},"phone":"(883) 476-3929","cell":"(414) 745-4606","id":{"name":"SSN","value":"079-97-9177"},"picture":{"large":"https://randomuser.me/api/portraits/women/48.jpg","medium":"https://randomuser.me/api/portraits/med/women/48.jpg","thumbnail":"https://randomuser.me/api/portraits/thumb/women/48.jpg"},"nat":"US"}],"info":{"seed":"e0005748a1088c0c","results":1,"page":1,"version":"1.4"}} 
 </msg>
<msg time="2024-08-07T15:16:13.369428" level="INFO">/opt/hostedtoolcache/Python/3.12.4/x64/lib/python3.12/site-packages/urllib3/connectionpool.py:1099: InsecureRequestWarning: Unverified HTTPS request is being made to host 'randomuser.me'. Adding certificate verification is strongly advised. See: https://urllib3.readthedocs.io/en/latest/advanced-usage.html#tls-warnings
  warnings.warn(</msg>
<msg time="2024-08-07T15:16:13.369565" level="INFO">${response} = &lt;Response [200]&gt;</msg>
<var>${response}</var>
<arg>consultarAPI</arg>
<arg>/api</arg>
<doc>Sends a GET request on a previously created HTTP Session.</doc>
<status status="PASS" start="2024-08-07T15:16:09.911410" elapsed="3.458195"/>
</kw>
<kw name="Set Variable" owner="BuiltIn">
<msg time="2024-08-07T15:16:13.370644" level="INFO">${json_data} = {'results': [{'gender': 'female', 'name': {'title': 'Mrs', 'first': 'Jennie', 'last': 'West'}, 'location': {'street': {'number': 2608, 'name': 'Avondale Ave'}, 'city': 'Tucson', 'state': 'Missouri', '...</msg>
<var>${json_data}</var>
<arg>${response.json()}</arg>
<doc>Returns the given values which can then be assigned to a variables.</doc>
<status status="PASS" start="2024-08-07T15:16:13.370104" elapsed="0.000573"/>
</kw>
<kw name="Log" owner="BuiltIn">
<msg time="2024-08-07T15:16:13.371132" level="INFO">{'results': [{'gender': 'female', 'name': {'title': 'Mrs', 'first': 'Jennie', 'last': 'West'}, 'location': {'street': {'number': 2608, 'name': 'Avondale Ave'}, 'city': 'Tucson', 'state': 'Missouri', 'country': 'United States', 'postcode': 67418, 'coordinates': {'latitude': '83.8492', 'longitude': '54.4484'}, 'timezone': {'offset': '-5:00', 'description': 'Eastern Time (US &amp; Canada), Bogota, Lima'}}, 'email': 'jennie.west@example.com', 'login': {'uuid': '7f5340e7-a61b-4ef3-94c3-87688ce55ba5', 'username': 'blueleopard508', 'password': 'sandy1', 'salt': 'zhT47ohs', 'md5': 'e4fdfd49a225dca1a437d6c66d9f50f5', 'sha1': 'daeda37092c593822c65d5013d6cd917e29bb47d', 'sha256': '4e6bb3685ee97ca1810f32fb00fa11d1efdbdb33ffce7241f01daf8e47ef3d6c'}, 'dob': {'date': '1966-10-26T08:53:55.797Z', 'age': 57}, 'registered': {'date': '2012-09-14T11:40:13.194Z', 'age': 11}, 'phone': '(883) 476-3929', 'cell': '(414) 745-4606', 'id': {'name': 'SSN', 'value': '079-97-9177'}, 'picture': {'large': 'https://randomuser.me/api/portraits/women/48.jpg', 'medium': 'https://randomuser.me/api/portraits/med/women/48.jpg', 'thumbnail': 'https://randomuser.me/api/portraits/thumb/women/48.jpg'}, 'nat': 'US'}], 'info': {'seed': 'e0005748a1088c0c', 'results': 1, 'page': 1, 'version': '1.4'}}</msg>
<arg>${json_data}</arg>
<doc>Logs the given message with the given level.</doc>
<status status="PASS" start="2024-08-07T15:16:13.370979" elapsed="0.000201"/>
</kw>
<kw name="Should Be String" owner="String">
<arg>${json_data['results'][0]['gender']}</arg>
<doc>Fails if the given ``item`` is not a string.</doc>
<status status="PASS" start="2024-08-07T15:16:13.371474" elapsed="0.000363"/>
</kw>
<kw name="Should Match Regexp" owner="BuiltIn">
<arg>${json_data['results'][0]['email']}</arg>
<arg>^[a-zA-Z0-9._%+-]+@[a-zA-Z0-9.-]+\.[a-zA-Z]{2,}$</arg>
<doc>Fails if ``string`` does not match ``pattern`` as a regular expression.</doc>
<status status="PASS" start="2024-08-07T15:16:13.372029" elapsed="0.000550"/>
</kw>
<kw name="Should Match Regexp" owner="BuiltIn">
<arg>${json_data['results'][0]['dob']['date']}</arg>
<arg>\\d{4}-\\d{2}-\\d{2}T\\d{2}:\\d{2}:\\d{2}\\.\\d{3}Z</arg>
<doc>Fails if ``string`` does not match ``pattern`` as a regular expression.</doc>
<status status="PASS" start="2024-08-07T15:16:13.372771" elapsed="0.000621"/>
</kw>
<kw name="Should Match Regexp" owner="BuiltIn">
<arg>${json_data['results'][0]['registered']['date']}</arg>
<arg>\\d{4}-\\d{2}-\\d{2}T\\d{2}:\\d{2}:\\d{2}\\.\\d{3}Z</arg>
<doc>Fails if ``string`` does not match ``pattern`` as a regular expression.</doc>
<status status="PASS" start="2024-08-07T15:16:13.373585" elapsed="0.000370"/>
</kw>
<kw name="Should Match Regexp" owner="BuiltIn">
<arg>${json_data['results'][0]['picture']['large']}</arg>
<arg>^https?://.*\.(?:png|jpe?g|gif|bmp)$</arg>
<doc>Fails if ``string`` does not match ``pattern`` as a regular expression.</doc>
<status status="PASS" start="2024-08-07T15:16:13.374140" elapsed="0.000479"/>
</kw>
<kw name="Should Match Regexp" owner="BuiltIn">
<arg>${json_data['results'][0]['picture']['medium']}</arg>
<arg>^https?://.*\.(?:png|jpe?g|gif|bmp)$</arg>
<doc>Fails if ``string`` does not match ``pattern`` as a regular expression.</doc>
<status status="PASS" start="2024-08-07T15:16:13.374808" elapsed="0.000370"/>
</kw>
<kw name="Should Match Regexp" owner="BuiltIn">
<arg>${json_data['results'][0]['picture']['thumbnail']}</arg>
<arg>^https?://.*\.(?:png|jpe?g|gif|bmp)$</arg>
<doc>Fails if ``string`` does not match ``pattern`` as a regular expression.</doc>
<status status="PASS" start="2024-08-07T15:16:13.375363" elapsed="0.000346"/>
</kw>
<kw name="Log" owner="BuiltIn">
<msg time="2024-08-07T15:16:13.376229" level="INFO">{'large': 'https://randomuser.me/api/portraits/women/48.jpg', 'medium': 'https://randomuser.me/api/portraits/med/women/48.jpg', 'thumbnail': 'https://randomuser.me/api/portraits/thumb/women/48.jpg'}</msg>
<arg>${json_data['results'][0]['picture']}</arg>
<doc>Logs the given message with the given level.</doc>
<status status="PASS" start="2024-08-07T15:16:13.375888" elapsed="0.000384"/>
</kw>
<status status="PASS" start="2024-08-07T15:16:09.911176" elapsed="3.465354"/>
</kw>
<kw name="Teste de Tipos de Dados - Postcode" owner="random-user-service">
<kw name="GET On Session" owner="RequestsLibrary">
<msg time="2024-08-07T15:16:17.487841" level="INFO">GET Request : url=https://randomuser.me/api 
 path_url=/api 
 headers={'User-Agent': 'python-requests/2.32.3', 'Accept-Encoding': 'gzip, deflate', 'Accept': '*/*', 'Connection': 'keep-alive'} 
 body=None 
 </msg>
<msg time="2024-08-07T15:16:17.487951" level="INFO">GET Response : url=https://randomuser.me/api 
 status=200, reason=OK 
 headers={'Date': 'Wed, 07 Aug 2024 15:16:17 GMT', 'Content-Type': 'application/json; charset=utf-8', 'Transfer-Encoding': 'chunked', 'Connection': 'keep-alive', 'X-Powered-By': 'Express', 'Access-Control-Allow-Origin': '*', 'Cache-Control': 'no-cache', 'ETag': 'W/"483-BoHNK33N+LUKHIYyAXrVqvZZMsk"', 'Vary': 'Accept-Encoding', 'Content-Encoding': 'gzip', 'CF-Cache-Status': 'DYNAMIC', 'Report-To': '{"endpoints":[{"url":"https:\\/\\/a.nel.cloudflare.com\\/report\\/v4?s=Z3HqJCSSm89CkC7qBQ3CztWCypS1Vm2mEUJXuer4KbxLklLTR8ooH1Nzf6hA6zLU50Zoaz3%2FiI%2Bae6o47tgpV7AttlM6StJgD5vlL8UDiNrP3PNbfjdy0mDkVe9rpUE%2F"}],"group":"cf-nel","max_age":604800}', 'NEL': '{"success_fraction":0,"report_to":"cf-nel","max_age":604800}', 'Server': 'cloudflare', 'CF-RAY': '8af839ff9d9e0847-IAD', 'alt-svc': 'h3=":443"; ma=86400'} 
 body={"results":[{"gender":"female","name":{"title":"Ms","first":"Dalila","last":"de Souza"},"location":{"street":{"number":8868,"name":"Rua Um"},"city":"São Leopoldo","state":"Rio de Janeiro","country":"Brazil","postcode":26593,"coordinates":{"latitude":"-79.4915","longitude":"67.7798"},"timezone":{"offset":"+4:30","description":"Kabul"}},"email":"dalila.desouza@example.com","login":{"uuid":"35baeeea-23da-43c3-9ec5-67ee39eda319","username":"greengoose539","password":"scorpio","salt":"m2OmWmZ6","md5":"4f2dc7279985d336ca6badc8815dd107","sha1":"6612e77cb5f8660d628e7fdc5a100ec5f0c1fc99","sha256":"a64b01c6b02b78849d9ebb16a2703f54744bb4497fee9a9829cde8ea9cdd158a"},"dob":{"date":"1997-05-16T05:43:06.079Z","age":27},"registered":{"date":"2020-12-21T02:49:04.499Z","age":3},"phone":"(59) 8621-6051","cell":"(93) 3357-8308","id":{"name":"CPF","value":"948.434.823-56"},"picture":{"large":"https://randomuser.me/api/portraits/women/19.jpg","medium":"https://randomuser.me/api/portraits/med/women/19.jpg","thumbnail":"https://randomuser.me/api/portraits/thumb/women/19.jpg"},"nat":"BR"}],"info":{"seed":"a67c01ee278abe02","results":1,"page":1,"version":"1.4"}} 
 </msg>
<msg time="2024-08-07T15:16:17.488034" level="INFO">/opt/hostedtoolcache/Python/3.12.4/x64/lib/python3.12/site-packages/urllib3/connectionpool.py:1099: InsecureRequestWarning: Unverified HTTPS request is being made to host 'randomuser.me'. Adding certificate verification is strongly advised. See: https://urllib3.readthedocs.io/en/latest/advanced-usage.html#tls-warnings
  warnings.warn(</msg>
<msg time="2024-08-07T15:16:17.488171" level="INFO">${response} = &lt;Response [200]&gt;</msg>
<var>${response}</var>
<arg>consultarAPI</arg>
<arg>/api</arg>
<doc>Sends a GET request on a previously created HTTP Session.</doc>
<status status="PASS" start="2024-08-07T15:16:13.376978" elapsed="4.111233"/>
</kw>
<kw name="Set Variable" owner="BuiltIn">
<msg time="2024-08-07T15:16:17.489257" level="INFO">${json_data} = {'results': [{'gender': 'female', 'name': {'title': 'Ms', 'first': 'Dalila', 'last': 'de Souza'}, 'location': {'street': {'number': 8868, 'name': 'Rua Um'}, 'city': 'São Leopoldo', 'state': 'Rio de Ja...</msg>
<var>${json_data}</var>
<arg>${response.json()}</arg>
<doc>Returns the given values which can then be assigned to a variables.</doc>
<status status="PASS" start="2024-08-07T15:16:17.488732" elapsed="0.000555"/>
</kw>
<kw name="Log" owner="BuiltIn">
<msg time="2024-08-07T15:16:17.489745" level="INFO">{'results': [{'gender': 'female', 'name': {'title': 'Ms', 'first': 'Dalila', 'last': 'de Souza'}, 'location': {'street': {'number': 8868, 'name': 'Rua Um'}, 'city': 'São Leopoldo', 'state': 'Rio de Janeiro', 'country': 'Brazil', 'postcode': 26593, 'coordinates': {'latitude': '-79.4915', 'longitude': '67.7798'}, 'timezone': {'offset': '+4:30', 'description': 'Kabul'}}, 'email': 'dalila.desouza@example.com', 'login': {'uuid': '35baeeea-23da-43c3-9ec5-67ee39eda319', 'username': 'greengoose539', 'password': 'scorpio', 'salt': 'm2OmWmZ6', 'md5': '4f2dc7279985d336ca6badc8815dd107', 'sha1': '6612e77cb5f8660d628e7fdc5a100ec5f0c1fc99', 'sha256': 'a64b01c6b02b78849d9ebb16a2703f54744bb4497fee9a9829cde8ea9cdd158a'}, 'dob': {'date': '1997-05-16T05:43:06.079Z', 'age': 27}, 'registered': {'date': '2020-12-21T02:49:04.499Z', 'age': 3}, 'phone': '(59) 8621-6051', 'cell': '(93) 3357-8308', 'id': {'name': 'CPF', 'value': '948.434.823-56'}, 'picture': {'large': 'https://randomuser.me/api/portraits/women/19.jpg', 'medium': 'https://randomuser.me/api/portraits/med/women/19.jpg', 'thumbnail': 'https://randomuser.me/api/portraits/thumb/women/19.jpg'}, 'nat': 'BR'}], 'info': {'seed': 'a67c01ee278abe02', 'results': 1, 'page': 1, 'version': '1.4'}}</msg>
<arg>${json_data}</arg>
<doc>Logs the given message with the given level.</doc>
<status status="PASS" start="2024-08-07T15:16:17.489586" elapsed="0.000208"/>
</kw>
<kw name="Should Be Equal As Numbers" owner="BuiltIn">
<arg>${json_data['results'][0]['location']['postcode']}</arg>
<arg>${json_data['results'][0]['location']['postcode']}</arg>
<doc>Fails if objects are unequal after converting them to real numbers.</doc>
<status status="PASS" start="2024-08-07T15:16:17.490084" elapsed="0.000659"/>
</kw>
<kw name="Log" owner="BuiltIn">
<msg time="2024-08-07T15:16:17.491266" level="INFO">26593</msg>
<arg>${json_data['results'][0]['location']['postcode']}</arg>
<doc>Logs the given message with the given level.</doc>
<status status="PASS" start="2024-08-07T15:16:17.490931" elapsed="0.000418"/>
</kw>
<status status="PASS" start="2024-08-07T15:16:13.376754" elapsed="4.114852"/>
</kw>
<doc>Testa se os tipos de dados na resposta da API estão corretos.</doc>
<tag>testeTiposDados</tag>
<status status="PASS" start="2024-08-07T15:16:09.910725" elapsed="7.581048"/>
</test>
<test id="s1-s1-t5" name="Validar conteudo" line="35">
<kw name="Teste de Tipos de Conteudo" owner="random-user-service">
<kw name="GET On Session" owner="RequestsLibrary">
<msg time="2024-08-07T15:16:21.524958" level="INFO">GET Request : url=https://randomuser.me/api 
 path_url=/api 
 headers={'User-Agent': 'python-requests/2.32.3', 'Accept-Encoding': 'gzip, deflate', 'Accept': '*/*', 'Connection': 'keep-alive'} 
 body=None 
 </msg>
<msg time="2024-08-07T15:16:21.525057" level="INFO">GET Response : url=https://randomuser.me/api 
 status=200, reason=OK 
 headers={'Date': 'Wed, 07 Aug 2024 15:16:21 GMT', 'Content-Type': 'application/json; charset=utf-8', 'Transfer-Encoding': 'chunked', 'Connection': 'keep-alive', 'X-Powered-By': 'Express', 'Access-Control-Allow-Origin': '*', 'Cache-Control': 'no-cache', 'ETag': 'W/"4a8-GIYM4Ws9O6wNUrEL27F50e7SFMs"', 'Vary': 'Accept-Encoding', 'Content-Encoding': 'gzip', 'CF-Cache-Status': 'DYNAMIC', 'Report-To': '{"endpoints":[{"url":"https:\\/\\/a.nel.cloudflare.com\\/report\\/v4?s=nSCLh7yGcSmn7E9kXRNrAxpvMs5fnUrB6Q8zFw7EZD6YEsyFmjXY6IqW59KUegl91giy5co1Ul7w%2Fe9Fyd4jBHQ6veo2OoxS7qg%2FP%2F1Xofu4wzgme70KZ%2FWE%2B%2F2xX7Zp"}],"group":"cf-nel","max_age":604800}', 'NEL': '{"success_fraction":0,"report_to":"cf-nel","max_age":604800}', 'Server': 'cloudflare', 'CF-RAY': '8af83a195a990847-IAD', 'alt-svc': 'h3=":443"; ma=86400'} 
 body={"results":[{"gender":"male","name":{"title":"Monsieur","first":"Halil","last":"Giraud"},"location":{"street":{"number":64,"name":"Montée Saint-Barthélémy"},"city":"Riedholz","state":"Graubünden","country":"Switzerland","postcode":8310,"coordinates":{"latitude":"-62.7220","longitude":"-27.7016"},"timezone":{"offset":"+1:00","description":"Brussels, Copenhagen, Madrid, Paris"}},"email":"halil.giraud@example.com","login":{"uuid":"66703b53-6d79-4b91-b98c-50f5cdbf1a08","username":"orangerabbit403","password":"meat","salt":"y2BLSLhC","md5":"581add8de291c9e661ca036fa14c16e9","sha1":"7a539363b0f11419c42304f1c467ed95e6c0de44","sha256":"6b4e7a879e06e92dae565549dc5ea234c354e3447b8579cad253d29cc7b2258e"},"dob":{"date":"1947-10-13T11:39:58.298Z","age":76},"registered":{"date":"2021-07-05T11:11:21.803Z","age":3},"phone":"079 791 60 56","cell":"077 626 60 08","id":{"name":"AVS","value":"756.0228.5514.31"},"picture":{"large":"https://randomuser.me/api/portraits/men/35.jpg","medium":"https://randomuser.me/api/portraits/med/men/35.jpg","thumbnail":"https://randomuser.me/api/portraits/thumb/men/35.jpg"},"nat":"CH"}],"info":{"seed":"01d33343afe62858","results":1,"page":1,"version":"1.4"}} 
 </msg>
<msg time="2024-08-07T15:16:21.525131" level="INFO">/opt/hostedtoolcache/Python/3.12.4/x64/lib/python3.12/site-packages/urllib3/connectionpool.py:1099: InsecureRequestWarning: Unverified HTTPS request is being made to host 'randomuser.me'. Adding certificate verification is strongly advised. See: https://urllib3.readthedocs.io/en/latest/advanced-usage.html#tls-warnings
  warnings.warn(</msg>
<msg time="2024-08-07T15:16:21.525271" level="INFO">${response} = &lt;Response [200]&gt;</msg>
<var>${response}</var>
<arg>consultarAPI</arg>
<arg>/api</arg>
<doc>Sends a GET request on a previously created HTTP Session.</doc>
<status status="PASS" start="2024-08-07T15:16:17.494469" elapsed="4.030845"/>
</kw>
<kw name="Set Variable" owner="BuiltIn">
<msg time="2024-08-07T15:16:21.526407" level="INFO">${json_data} = {'results': [{'gender': 'male', 'name': {'title': 'Monsieur', 'first': 'Halil', 'last': 'Giraud'}, 'location': {'street': {'number': 64, 'name': 'Montée Saint-Barthélémy'}, 'city': 'Riedholz', 'state'...</msg>
<var>${json_data}</var>
<arg>${response.json()}</arg>
<doc>Returns the given values which can then be assigned to a variables.</doc>
<status status="PASS" start="2024-08-07T15:16:21.525868" elapsed="0.000568"/>
</kw>
<kw name="Set Variable" owner="BuiltIn">
<msg time="2024-08-07T15:16:21.527182" level="INFO">${name_title} = Monsieur</msg>
<var>${name_title}</var>
<arg>${json_data["results"][0]["name"]["title"]}</arg>
<doc>Returns the given values which can then be assigned to a variables.</doc>
<status status="PASS" start="2024-08-07T15:16:21.526799" elapsed="0.000409"/>
</kw>
<kw name="Create List" owner="BuiltIn">
<msg time="2024-08-07T15:16:21.527658" level="INFO">${allowed_titles} = ['Mr', 'Ms', 'Miss', 'Mrs', 'Madame', 'Monsieur']</msg>
<var>${allowed_titles}</var>
<arg>Mr</arg>
<arg>Ms</arg>
<arg>Miss</arg>
<arg>Mrs</arg>
<arg>Madame</arg>
<arg>Monsieur</arg>
<doc>Returns a list containing given items.</doc>
<status status="PASS" start="2024-08-07T15:16:21.527505" elapsed="0.000178"/>
</kw>
<kw name="List Should Contain Value" owner="Collections">
<arg>${allowed_titles}</arg>
<arg>${name_title}</arg>
<doc>Fails if the ``value`` is not found from ``list``.</doc>
<status status="PASS" start="2024-08-07T15:16:21.527984" elapsed="0.000176"/>
</kw>
<kw name="Set Variable" owner="BuiltIn">
<msg time="2024-08-07T15:16:21.528716" level="INFO">${name_country} = CH</msg>
<var>${name_country}</var>
<arg>${json_data["results"][0]["nat"]}</arg>
<doc>Returns the given values which can then be assigned to a variables.</doc>
<status status="PASS" start="2024-08-07T15:16:21.528344" elapsed="0.000397"/>
</kw>
<kw name="Create List" owner="BuiltIn">
<msg time="2024-08-07T15:16:21.529635" level="INFO">${list_country} = ['AD', 'AE', 'AF', 'AG', 'AI', 'AL', 'AM', 'AO', 'AQ', 'AR', 'AS', 'AT', 'AU', 'AW', 'AX', 'AZ', 'BA', 'BB', 'BD', 'BE', 'BF', 'BG', 'BH', 'BI', 'BJ', 'BL', 'BM', 'BN', 'BO', 'BQ', 'BR', 'BS', 'BT', '...</msg>
<var>${list_country}</var>
<arg>AD</arg>
<arg>AE</arg>
<arg>AF</arg>
<arg>AG</arg>
<arg>AI</arg>
<arg>AL</arg>
<arg>AM</arg>
<arg>AO</arg>
<arg>AQ</arg>
<arg>AR</arg>
<arg>AS</arg>
<arg>AT</arg>
<arg>AU</arg>
<arg>AW</arg>
<arg>AX</arg>
<arg>AZ</arg>
<arg>BA</arg>
<arg>BB</arg>
<arg>BD</arg>
<arg>BE</arg>
<arg>BF</arg>
<arg>BG</arg>
<arg>BH</arg>
<arg>BI</arg>
<arg>BJ</arg>
<arg>BL</arg>
<arg>BM</arg>
<arg>BN</arg>
<arg>BO</arg>
<arg>BQ</arg>
<arg>BR</arg>
<arg>BS</arg>
<arg>BT</arg>
<arg>BV</arg>
<arg>BW</arg>
<arg>BY</arg>
<arg>BZ</arg>
<arg>CA</arg>
<arg>CC</arg>
<arg>CD</arg>
<arg>CF</arg>
<arg>CG</arg>
<arg>CH</arg>
<arg>CI</arg>
<arg>CK</arg>
<arg>CL</arg>
<arg>CM</arg>
<arg>CN</arg>
<arg>CO</arg>
<arg>CR</arg>
<arg>CU</arg>
<arg>CV</arg>
<arg>CW</arg>
<arg>CX</arg>
<arg>CY</arg>
<arg>CZ</arg>
<arg>DE</arg>
<arg>DJ</arg>
<arg>DK</arg>
<arg>DM</arg>
<arg>DO</arg>
<arg>DZ</arg>
<arg>EC</arg>
<arg>EE</arg>
<arg>EG</arg>
<arg>EH</arg>
<arg>ER</arg>
<arg>ES</arg>
<arg>ET</arg>
<arg>FI</arg>
<arg>FJ</arg>
<arg>FK</arg>
<arg>FM</arg>
<arg>FO</arg>
<arg>FR</arg>
<arg>GA</arg>
<arg>GB</arg>
<arg>GD</arg>
<arg>GE</arg>
<arg>GF</arg>
<arg>GG</arg>
<arg>GH</arg>
<arg>GI</arg>
<arg>GL</arg>
<arg>GM</arg>
<arg>GN</arg>
<arg>GP</arg>
<arg>GQ</arg>
<arg>GR</arg>
<arg>GS</arg>
<arg>GT</arg>
<arg>GU</arg>
<arg>GW</arg>
<arg>GY</arg>
<arg>HK</arg>
<arg>HM</arg>
<arg>HN</arg>
<arg>HR</arg>
<arg>HT</arg>
<arg>HU</arg>
<arg>ID</arg>
<arg>IE</arg>
<arg>IL</arg>
<arg>IM</arg>
<arg>IN</arg>
<arg>IO</arg>
<arg>IQ</arg>
<arg>IR</arg>
<arg>IS</arg>
<arg>IT</arg>
<arg>JE</arg>
<arg>JM</arg>
<arg>JO</arg>
<arg>JP</arg>
<arg>KE</arg>
<arg>KG</arg>
<arg>KH</arg>
<arg>KI</arg>
<arg>KM</arg>
<arg>KN</arg>
<arg>KP</arg>
<arg>KR</arg>
<arg>KW</arg>
<arg>KY</arg>
<arg>KZ</arg>
<arg>LA</arg>
<arg>LB</arg>
<arg>LC</arg>
<arg>LI</arg>
<arg>LK</arg>
<arg>LR</arg>
<arg>LS</arg>
<arg>LT</arg>
<arg>LU</arg>
<arg>LV</arg>
<arg>LY</arg>
<arg>MA</arg>
<arg>MC</arg>
<arg>MD</arg>
<arg>ME</arg>
<arg>MF</arg>
<arg>MG</arg>
<arg>MH</arg>
<arg>MK</arg>
<arg>ML</arg>
<arg>MM</arg>
<arg>MN</arg>
<arg>MO</arg>
<arg>MP</arg>
<arg>MQ</arg>
<arg>MR</arg>
<arg>MS</arg>
<arg>MT</arg>
<arg>MU</arg>
<arg>MV</arg>
<arg>MW</arg>
<arg>MX</arg>
<arg>MY</arg>
<arg>MZ</arg>
<arg>NA</arg>
<arg>NC</arg>
<arg>NE</arg>
<arg>NF</arg>
<arg>NG</arg>
<arg>NI</arg>
<arg>NL</arg>
<arg>NO</arg>
<arg>NP</arg>
<arg>NR</arg>
<arg>NU</arg>
<arg>NZ</arg>
<arg>OM</arg>
<arg>PA</arg>
<arg>PE</arg>
<arg>PF</arg>
<arg>PG</arg>
<arg>PH</arg>
<arg>PK</arg>
<arg>PL</arg>
<arg>PM</arg>
<arg>PN</arg>
<arg>PR</arg>
<arg>PS</arg>
<arg>PT</arg>
<arg>PW</arg>
<arg>PY</arg>
<arg>QA</arg>
<arg>RE</arg>
<arg>RO</arg>
<arg>RS</arg>
<arg>RU</arg>
<arg>RW</arg>
<arg>SA</arg>
<arg>SB</arg>
<arg>SC</arg>
<arg>SD</arg>
<arg>SE</arg>
<arg>SG</arg>
<arg>SH</arg>
<arg>SI</arg>
<arg>SJ</arg>
<arg>SK</arg>
<arg>SL</arg>
<arg>SM</arg>
<arg>SN</arg>
<arg>SO</arg>
<arg>SR</arg>
<arg>SS</arg>
<arg>ST</arg>
<arg>SV</arg>
<arg>SX</arg>
<arg>SY</arg>
<arg>SZ</arg>
<arg>TC</arg>
<arg>TD</arg>
<arg>TF</arg>
<arg>TG</arg>
<arg>TH</arg>
<arg>TJ</arg>
<arg>TK</arg>
<arg>TL</arg>
<arg>TM</arg>
<arg>TN</arg>
<arg>TO</arg>
<arg>TR</arg>
<arg>TT</arg>
<arg>TV</arg>
<arg>TW</arg>
<arg>TZ</arg>
<arg>UA</arg>
<arg>UG</arg>
<arg>UM</arg>
<arg>US</arg>
<arg>UY</arg>
<arg>UZ</arg>
<arg>VA</arg>
<arg>VC</arg>
<arg>VE</arg>
<arg>VG</arg>
<arg>VI</arg>
<arg>VN</arg>
<arg>VU</arg>
<arg>WF</arg>
<arg>WS</arg>
<arg>XK</arg>
<arg>YE</arg>
<arg>YT</arg>
<arg>ZA</arg>
<arg>ZM</arg>
<arg>ZW</arg>
<doc>Returns a list containing given items.</doc>
<status status="PASS" start="2024-08-07T15:16:21.529034" elapsed="0.000628"/>
</kw>
<kw name="List Should Contain Value" owner="Collections">
<arg>${list_country}</arg>
<arg>${name_country}</arg>
<doc>Fails if the ``value`` is not found from ``list``.</doc>
<status status="PASS" start="2024-08-07T15:16:21.530683" elapsed="0.000209"/>
</kw>
<kw name="Run Keyword If" owner="BuiltIn">
<kw name="Should Be True" owner="BuiltIn">
<arg>${True}</arg>
<doc>Fails if the given condition is not true.</doc>
<status status="PASS" start="2024-08-07T15:16:21.531839" elapsed="0.000141"/>
</kw>
<arg>${json_data["results"][0]["location"]["coordinates"]["latitude"]} &gt;= -90 and ${json_data["results"][0]["location"]["coordinates"]["latitude"]} &lt;= 90</arg>
<arg>Should Be True</arg>
<arg>${True}</arg>
<doc>Runs the given keyword with the given arguments, if ``condition`` is true.</doc>
<status status="PASS" start="2024-08-07T15:16:21.531094" elapsed="0.001010"/>
</kw>
<kw name="Run Keyword If" owner="BuiltIn">
<kw name="Should Be True" owner="BuiltIn">
<arg>${True}</arg>
<doc>Fails if the given condition is not true.</doc>
<status status="PASS" start="2024-08-07T15:16:21.532969" elapsed="0.000137"/>
</kw>
<arg>${json_data["results"][0]["location"]["coordinates"]["longitude"]} &gt;= -180 and ${json_data["results"][0]["location"]["coordinates"]["longitude"]} &lt;= 180</arg>
<arg>Should Be True</arg>
<arg>${True}</arg>
<doc>Runs the given keyword with the given arguments, if ``condition`` is true.</doc>
<status status="PASS" start="2024-08-07T15:16:21.532283" elapsed="0.000945"/>
</kw>
<status status="PASS" start="2024-08-07T15:16:17.494124" elapsed="4.039235"/>
</kw>
<doc>Testa o conteúdo específico dos campos retornados pela API.</doc>
<tag>testeConteudo</tag>
<status status="PASS" start="2024-08-07T15:16:17.493489" elapsed="4.040024"/>
</test>
<status status="PASS" start="2024-08-07T15:16:01.594226" elapsed="19.941346"/>
</suite>
<status status="PASS" start="2024-08-07T15:16:01.579433" elapsed="19.961368"/>
</suite>
<statistics>
<total>
<stat pass="5" fail="0" skip="0">All Tests</stat>
</total>
<tag>
<stat pass="1" fail="0" skip="0">testeConteudo</stat>
<stat pass="1" fail="0" skip="0">testeEstruturaResposta</stat>
<stat pass="1" fail="0" skip="0">testeRequisicaoBasica</stat>
<stat pass="1" fail="0" skip="0">testeTiposDados</stat>
</tag>
<suite>
<stat pass="5" fail="0" skip="0" id="s1" name="Tests">Tests</stat>
<stat pass="5" fail="0" skip="0" id="s1-s1" name="Random-User-Test">Tests.Random-User-Test</stat>
</suite>
</statistics>
<errors>
</errors>
</robot>
