<?xml version="1.0" encoding="UTF-8"?>
<robot generator="Robot 7.0.1 (Python 3.12.4 on linux)" generated="2024-06-19T13:17:40.503381" rpa="false" schemaversion="5">
<suite id="s1" name="Tests" source="/home/runner/work/ApiRandomUser/ApiRandomUser/RamdonUser/tests">
<suite id="s1-s1" name="Random-User-Test" source="/home/runner/work/ApiRandomUser/ApiRandomUser/RamdonUser/tests/random-user-test.robot">
<test id="s1-s1-t1" name="Conectar" line="13">
<kw name="Conectar API" owner="random-user-service">
<kw name="Create Session" owner="RequestsLibrary">
<msg time="2024-06-19T13:17:40.921942" level="INFO">Creating Session using : alias=consultarAPI, url=https://randomuser.me/, headers={},                     cookies={}, auth=None, timeout=None, proxies=None, verify=False,                     debug=0 </msg>
<arg>consultarAPI</arg>
<arg>${URL}</arg>
<doc>Create Session: create a HTTP session to a server</doc>
<status status="PASS" start="2024-06-19T13:17:40.921736" elapsed="0.000378"/>
</kw>
<status status="PASS" start="2024-06-19T13:17:40.920749" elapsed="0.001726"/>
</kw>
<status status="PASS" start="2024-06-19T13:17:40.920110" elapsed="0.002557"/>
</test>
<test id="s1-s1-t2" name="Validar retorno 200 e JSON Válido" line="16">
<kw name="Teste de Requisicao Basica" owner="random-user-service">
<kw name="GET On Session" owner="RequestsLibrary">
<msg time="2024-06-19T13:17:41.269867" level="INFO">GET Request : url=https://randomuser.me/api 
 path_url=/api 
 headers={'User-Agent': 'python-requests/2.32.3', 'Accept-Encoding': 'gzip, deflate', 'Accept': '*/*', 'Connection': 'keep-alive'} 
 body=None 
 </msg>
<msg time="2024-06-19T13:17:41.270031" level="INFO">GET Response : url=https://randomuser.me/api 
 status=200, reason=OK 
 headers={'Date': 'Wed, 19 Jun 2024 13:17:41 GMT', 'Content-Type': 'application/json; charset=utf-8', 'Transfer-Encoding': 'chunked', 'Connection': 'keep-alive', 'X-Powered-By': 'Express', 'Access-Control-Allow-Origin': '*', 'Cache-Control': 'no-cache', 'ETag': 'W/"499-aftH1s2EI8z+GoGwe11cb777QwE"', 'Vary': 'Accept-Encoding', 'Content-Encoding': 'gzip', 'CF-Cache-Status': 'DYNAMIC', 'Report-To': '{"endpoints":[{"url":"https:\\/\\/a.nel.cloudflare.com\\/report\\/v4?s=K%2FOfCdU7eNwBU1pOaV1fuB6v3SwuVCaoHVsfz8Bv09q%2FYgCq5%2FYlglZca2OQ%2FiRtZPuEM9oWmNZ2PxWtgmZU4DEQ%2FPBp5N7RwJD2O3zc8%2Baz2XIUQ1PmY1xPNIpp0jRd"}],"group":"cf-nel","max_age":604800}', 'NEL': '{"success_fraction":0,"report_to":"cf-nel","max_age":604800}', 'Server': 'cloudflare', 'CF-RAY': '8963ccfb0b98e255-ORD', 'alt-svc': 'h3=":443"; ma=86400'} 
 body={"results":[{"gender":"female","name":{"title":"Mrs","first":"Theresa","last":"Beck"},"location":{"street":{"number":1256,"name":"Camden Ave"},"city":"Princeton","state":"Connecticut","country":"United States","postcode":25709,"coordinates":{"latitude":"86.9202","longitude":"109.3197"},"timezone":{"offset":"-3:00","description":"Brazil, Buenos Aires, Georgetown"}},"email":"theresa.beck@example.com","login":{"uuid":"e07521b1-2d35-41c5-ae2c-e803e92c41a2","username":"silverwolf556","password":"bowl","salt":"ZowgWw65","md5":"3a32dd0063ce5043e010694aa3e3c9e1","sha1":"4b051f768920c972b13c265f8db498807a187436","sha256":"60294bfffdbf85f7acd155efb23fe1c2e403dfffedf50aee9432d01f008d1858"},"dob":{"date":"1946-01-01T16:30:44.878Z","age":78},"registered":{"date":"2006-05-31T03:43:27.554Z","age":18},"phone":"(617) 406-1831","cell":"(547) 935-6447","id":{"name":"SSN","value":"782-26-4180"},"picture":{"large":"https://randomuser.me/api/portraits/women/90.jpg","medium":"https://randomuser.me/api/portraits/med/women/90.jpg","thumbnail":"https://randomuser.me/api/portraits/thumb/women/90.jpg"},"nat":"US"}],"info":{"seed":"fc6d742de964e14f","results":1,"page":1,"version":"1.4"}} 
 </msg>
<msg time="2024-06-19T13:17:41.270120" level="INFO">/opt/hostedtoolcache/Python/3.12.4/x64/lib/python3.12/site-packages/urllib3/connectionpool.py:1099: InsecureRequestWarning: Unverified HTTPS request is being made to host 'randomuser.me'. Adding certificate verification is strongly advised. See: https://urllib3.readthedocs.io/en/latest/advanced-usage.html#tls-warnings
  warnings.warn(</msg>
<msg time="2024-06-19T13:17:41.270289" level="INFO">${response} = &lt;Response [200]&gt;</msg>
<var>${response}</var>
<arg>consultarAPI</arg>
<arg>/api</arg>
<doc>Sends a GET request on a previously created HTTP Session.</doc>
<status status="PASS" start="2024-06-19T13:17:40.925402" elapsed="0.344929"/>
</kw>
<kw name="Should Be Equal As Numbers" owner="BuiltIn">
<msg time="2024-06-19T13:17:41.271404" level="INFO">Argument types are:
&lt;class 'int'&gt;
&lt;class 'str'&gt;</msg>
<arg>${response.status_code}</arg>
<arg>200</arg>
<doc>Fails if objects are unequal after converting them to real numbers.</doc>
<status status="PASS" start="2024-06-19T13:17:41.270885" elapsed="0.000591"/>
</kw>
<kw name="Log" owner="BuiltIn">
<msg time="2024-06-19T13:17:41.272154" level="INFO">200</msg>
<arg>${response.status_code}</arg>
<doc>Logs the given message with the given level.</doc>
<status status="PASS" start="2024-06-19T13:17:41.271803" elapsed="0.000394"/>
</kw>
<kw name="Set Variable" owner="BuiltIn">
<msg time="2024-06-19T13:17:41.272954" level="INFO">${json_data} = {'results': [{'gender': 'female', 'name': {'title': 'Mrs', 'first': 'Theresa', 'last': 'Beck'}, 'location': {'street': {'number': 1256, 'name': 'Camden Ave'}, 'city': 'Princeton', 'state': 'Connecticu...</msg>
<var>${json_data}</var>
<arg>${response.json()}</arg>
<doc>Returns the given values which can then be assigned to a variables.</doc>
<status status="PASS" start="2024-06-19T13:17:41.272514" elapsed="0.000468"/>
</kw>
<kw name="Dictionary Should Contain Key" owner="Collections">
<arg>${json_data}</arg>
<arg>results</arg>
<doc>Fails if ``key`` is not found from ``dictionary``.</doc>
<status status="PASS" start="2024-06-19T13:17:41.273281" elapsed="0.000173"/>
</kw>
<status status="PASS" start="2024-06-19T13:17:40.925153" elapsed="0.348465"/>
</kw>
<doc>Testa se a API responde corretamente e retorna um objeto JSON válido.</doc>
<tag>testeRequisicaoBasica</tag>
<status status="PASS" start="2024-06-19T13:17:40.924637" elapsed="0.349169"/>
</test>
<test id="s1-s1-t3" name="Validar estrutura de resposta" line="22">
<kw name="Teste de Estrutura de Resposta" owner="random-user-service">
<kw name="GET On Session" owner="RequestsLibrary">
<msg time="2024-06-19T13:17:41.625778" level="INFO">GET Request : url=https://randomuser.me/api 
 path_url=/api 
 headers={'User-Agent': 'python-requests/2.32.3', 'Accept-Encoding': 'gzip, deflate', 'Accept': '*/*', 'Connection': 'keep-alive'} 
 body=None 
 </msg>
<msg time="2024-06-19T13:17:41.625897" level="INFO">GET Response : url=https://randomuser.me/api 
 status=200, reason=OK 
 headers={'Date': 'Wed, 19 Jun 2024 13:17:41 GMT', 'Content-Type': 'application/json; charset=utf-8', 'Transfer-Encoding': 'chunked', 'Connection': 'keep-alive', 'X-Powered-By': 'Express', 'Access-Control-Allow-Origin': '*', 'Cache-Control': 'no-cache', 'ETag': 'W/"47a-vs0i+P+qeUkTXuPY739GH2ZBYP4"', 'Vary': 'Accept-Encoding', 'Content-Encoding': 'gzip', 'CF-Cache-Status': 'DYNAMIC', 'Report-To': '{"endpoints":[{"url":"https:\\/\\/a.nel.cloudflare.com\\/report\\/v4?s=J%2F2TJZ5LWRH2Nef2QTiz2IFB7DhI9DREav%2FojBoSvWTtRyr%2Bcq9wimcS2SsvpuxZ8D%2BVAIeqJ8Wjc5uX1%2FEQwwy%2BX86GYibOZ8EqVpprNaPqqQDqioxA0hUDFe285SiE"}],"group":"cf-nel","max_age":604800}', 'NEL': '{"success_fraction":0,"report_to":"cf-nel","max_age":604800}', 'Server': 'cloudflare', 'CF-RAY': '8963ccfcfd8de255-ORD', 'alt-svc': 'h3=":443"; ma=86400'} 
 body={"results":[{"gender":"male","name":{"title":"Mr","first":"Vedat","last":"Durak"},"location":{"street":{"number":777,"name":"Istiklal Cd"},"city":"Rize","state":"Adıyaman","country":"Turkey","postcode":39622,"coordinates":{"latitude":"66.9757","longitude":"-154.5067"},"timezone":{"offset":"+8:00","description":"Beijing, Perth, Singapore, Hong Kong"}},"email":"vedat.durak@example.com","login":{"uuid":"f4d17a05-5d8e-4654-b42d-a43e69a1b00c","username":"bluesnake669","password":"cumcum","salt":"t1F6xtsR","md5":"149fa1a4b3a5f7240e2ee5d5f8c31c9a","sha1":"55c651f5e1b2cdb12d6020e0a09a524b7da181ae","sha256":"35f773657235e830e6d2e97851a853fed26d94b25e71b6417b9caf37398bf25b"},"dob":{"date":"1961-06-14T15:33:10.641Z","age":63},"registered":{"date":"2006-05-25T07:16:56.046Z","age":18},"phone":"(366)-170-0742","cell":"(779)-205-9712","id":{"name":"","value":null},"picture":{"large":"https://randomuser.me/api/portraits/men/88.jpg","medium":"https://randomuser.me/api/portraits/med/men/88.jpg","thumbnail":"https://randomuser.me/api/portraits/thumb/men/88.jpg"},"nat":"TR"}],"info":{"seed":"935cb238d7a5ac00","results":1,"page":1,"version":"1.4"}} 
 </msg>
<msg time="2024-06-19T13:17:41.626050" level="INFO">/opt/hostedtoolcache/Python/3.12.4/x64/lib/python3.12/site-packages/urllib3/connectionpool.py:1099: InsecureRequestWarning: Unverified HTTPS request is being made to host 'randomuser.me'. Adding certificate verification is strongly advised. See: https://urllib3.readthedocs.io/en/latest/advanced-usage.html#tls-warnings
  warnings.warn(</msg>
<msg time="2024-06-19T13:17:41.626223" level="INFO">${response} = &lt;Response [200]&gt;</msg>
<var>${response}</var>
<arg>consultarAPI</arg>
<arg>/api</arg>
<doc>Sends a GET request on a previously created HTTP Session.</doc>
<status status="PASS" start="2024-06-19T13:17:41.276433" elapsed="0.349843"/>
</kw>
<kw name="Set Variable" owner="BuiltIn">
<msg time="2024-06-19T13:17:41.627371" level="INFO">${json_data} = {'results': [{'gender': 'male', 'name': {'title': 'Mr', 'first': 'Vedat', 'last': 'Durak'}, 'location': {'street': {'number': 777, 'name': 'Istiklal Cd'}, 'city': 'Rize', 'state': 'Adıyaman', 'country...</msg>
<var>${json_data}</var>
<arg>${response.json()}</arg>
<doc>Returns the given values which can then be assigned to a variables.</doc>
<status status="PASS" start="2024-06-19T13:17:41.626799" elapsed="0.000610"/>
</kw>
<kw name="Log" owner="BuiltIn">
<msg time="2024-06-19T13:17:41.627896" level="INFO">{'results': [{'gender': 'male', 'name': {'title': 'Mr', 'first': 'Vedat', 'last': 'Durak'}, 'location': {'street': {'number': 777, 'name': 'Istiklal Cd'}, 'city': 'Rize', 'state': 'Adıyaman', 'country': 'Turkey', 'postcode': 39622, 'coordinates': {'latitude': '66.9757', 'longitude': '-154.5067'}, 'timezone': {'offset': '+8:00', 'description': 'Beijing, Perth, Singapore, Hong Kong'}}, 'email': 'vedat.durak@example.com', 'login': {'uuid': 'f4d17a05-5d8e-4654-b42d-a43e69a1b00c', 'username': 'bluesnake669', 'password': 'cumcum', 'salt': 't1F6xtsR', 'md5': '149fa1a4b3a5f7240e2ee5d5f8c31c9a', 'sha1': '55c651f5e1b2cdb12d6020e0a09a524b7da181ae', 'sha256': '35f773657235e830e6d2e97851a853fed26d94b25e71b6417b9caf37398bf25b'}, 'dob': {'date': '1961-06-14T15:33:10.641Z', 'age': 63}, 'registered': {'date': '2006-05-25T07:16:56.046Z', 'age': 18}, 'phone': '(366)-170-0742', 'cell': '(779)-205-9712', 'id': {'name': '', 'value': None}, 'picture': {'large': 'https://randomuser.me/api/portraits/men/88.jpg', 'medium': 'https://randomuser.me/api/portraits/med/men/88.jpg', 'thumbnail': 'https://randomuser.me/api/portraits/thumb/men/88.jpg'}, 'nat': 'TR'}], 'info': {'seed': '935cb238d7a5ac00', 'results': 1, 'page': 1, 'version': '1.4'}}</msg>
<arg>${json_data}</arg>
<doc>Logs the given message with the given level.</doc>
<status status="PASS" start="2024-06-19T13:17:41.627725" elapsed="0.000222"/>
</kw>
<kw name="Dictionary Should Contain Key" owner="Collections">
<arg>${json_data}</arg>
<arg>results</arg>
<doc>Fails if ``key`` is not found from ``dictionary``.</doc>
<status status="PASS" start="2024-06-19T13:17:41.628268" elapsed="0.000160"/>
</kw>
<kw name="Should Not Be Empty" owner="BuiltIn">
<msg time="2024-06-19T13:17:41.628744" level="INFO">Length is 2.</msg>
<arg>${json_data}</arg>
<doc>Verifies that the given item is not empty.</doc>
<status status="PASS" start="2024-06-19T13:17:41.628620" elapsed="0.000163"/>
</kw>
<kw name="Create List" owner="BuiltIn">
<msg time="2024-06-19T13:17:41.629376" level="INFO">${expected_keys} = ['gender', 'name', 'location', 'email', 'login']</msg>
<var>${expected_keys}</var>
<arg>gender</arg>
<arg>name</arg>
<arg>location</arg>
<arg>email</arg>
<arg>login</arg>
<doc>Returns a list containing given items.</doc>
<status status="PASS" start="2024-06-19T13:17:41.629066" elapsed="0.000335"/>
</kw>
<for flavor="IN">
<iter>
<kw name="Dictionary Should Contain Key" owner="Collections">
<arg>${json_data['results'][0]}</arg>
<arg>${key}</arg>
<doc>Fails if ``key`` is not found from ``dictionary``.</doc>
<status status="PASS" start="2024-06-19T13:17:41.629996" elapsed="0.000406"/>
</kw>
<kw name="Log" owner="BuiltIn">
<msg time="2024-06-19T13:17:41.630948" level="INFO">{'gender': 'male', 'name': {'title': 'Mr', 'first': 'Vedat', 'last': 'Durak'}, 'location': {'street': {'number': 777, 'name': 'Istiklal Cd'}, 'city': 'Rize', 'state': 'Adıyaman', 'country': 'Turkey', 'postcode': 39622, 'coordinates': {'latitude': '66.9757', 'longitude': '-154.5067'}, 'timezone': {'offset': '+8:00', 'description': 'Beijing, Perth, Singapore, Hong Kong'}}, 'email': 'vedat.durak@example.com', 'login': {'uuid': 'f4d17a05-5d8e-4654-b42d-a43e69a1b00c', 'username': 'bluesnake669', 'password': 'cumcum', 'salt': 't1F6xtsR', 'md5': '149fa1a4b3a5f7240e2ee5d5f8c31c9a', 'sha1': '55c651f5e1b2cdb12d6020e0a09a524b7da181ae', 'sha256': '35f773657235e830e6d2e97851a853fed26d94b25e71b6417b9caf37398bf25b'}, 'dob': {'date': '1961-06-14T15:33:10.641Z', 'age': 63}, 'registered': {'date': '2006-05-25T07:16:56.046Z', 'age': 18}, 'phone': '(366)-170-0742', 'cell': '(779)-205-9712', 'id': {'name': '', 'value': None}, 'picture': {'large': 'https://randomuser.me/api/portraits/men/88.jpg', 'medium': 'https://randomuser.me/api/portraits/med/men/88.jpg', 'thumbnail': 'https://randomuser.me/api/portraits/thumb/men/88.jpg'}, 'nat': 'TR'}</msg>
<arg>${json_data['results'][0]}</arg>
<doc>Logs the given message with the given level.</doc>
<status status="PASS" start="2024-06-19T13:17:41.630589" elapsed="0.000409"/>
</kw>
<kw name="Log" owner="BuiltIn">
<msg time="2024-06-19T13:17:41.631446" level="INFO">gender</msg>
<arg>${key}</arg>
<doc>Logs the given message with the given level.</doc>
<status status="PASS" start="2024-06-19T13:17:41.631315" elapsed="0.000168"/>
</kw>
<var name="${key}">gender</var>
<status status="PASS" start="2024-06-19T13:17:41.629871" elapsed="0.001826"/>
</iter>
<iter>
<kw name="Dictionary Should Contain Key" owner="Collections">
<arg>${json_data['results'][0]}</arg>
<arg>${key}</arg>
<doc>Fails if ``key`` is not found from ``dictionary``.</doc>
<status status="PASS" start="2024-06-19T13:17:41.631987" elapsed="0.000384"/>
</kw>
<kw name="Log" owner="BuiltIn">
<msg time="2024-06-19T13:17:41.632898" level="INFO">{'gender': 'male', 'name': {'title': 'Mr', 'first': 'Vedat', 'last': 'Durak'}, 'location': {'street': {'number': 777, 'name': 'Istiklal Cd'}, 'city': 'Rize', 'state': 'Adıyaman', 'country': 'Turkey', 'postcode': 39622, 'coordinates': {'latitude': '66.9757', 'longitude': '-154.5067'}, 'timezone': {'offset': '+8:00', 'description': 'Beijing, Perth, Singapore, Hong Kong'}}, 'email': 'vedat.durak@example.com', 'login': {'uuid': 'f4d17a05-5d8e-4654-b42d-a43e69a1b00c', 'username': 'bluesnake669', 'password': 'cumcum', 'salt': 't1F6xtsR', 'md5': '149fa1a4b3a5f7240e2ee5d5f8c31c9a', 'sha1': '55c651f5e1b2cdb12d6020e0a09a524b7da181ae', 'sha256': '35f773657235e830e6d2e97851a853fed26d94b25e71b6417b9caf37398bf25b'}, 'dob': {'date': '1961-06-14T15:33:10.641Z', 'age': 63}, 'registered': {'date': '2006-05-25T07:16:56.046Z', 'age': 18}, 'phone': '(366)-170-0742', 'cell': '(779)-205-9712', 'id': {'name': '', 'value': None}, 'picture': {'large': 'https://randomuser.me/api/portraits/men/88.jpg', 'medium': 'https://randomuser.me/api/portraits/med/men/88.jpg', 'thumbnail': 'https://randomuser.me/api/portraits/thumb/men/88.jpg'}, 'nat': 'TR'}</msg>
<arg>${json_data['results'][0]}</arg>
<doc>Logs the given message with the given level.</doc>
<status status="PASS" start="2024-06-19T13:17:41.632553" elapsed="0.000426"/>
</kw>
<kw name="Log" owner="BuiltIn">
<msg time="2024-06-19T13:17:41.633402" level="INFO">name</msg>
<arg>${key}</arg>
<doc>Logs the given message with the given level.</doc>
<status status="PASS" start="2024-06-19T13:17:41.633275" elapsed="0.000164"/>
</kw>
<var name="${key}">name</var>
<status status="PASS" start="2024-06-19T13:17:41.631876" elapsed="0.001775"/>
</iter>
<iter>
<kw name="Dictionary Should Contain Key" owner="Collections">
<arg>${json_data['results'][0]}</arg>
<arg>${key}</arg>
<doc>Fails if ``key`` is not found from ``dictionary``.</doc>
<status status="PASS" start="2024-06-19T13:17:41.633933" elapsed="0.000384"/>
</kw>
<kw name="Log" owner="BuiltIn">
<msg time="2024-06-19T13:17:41.634849" level="INFO">{'gender': 'male', 'name': {'title': 'Mr', 'first': 'Vedat', 'last': 'Durak'}, 'location': {'street': {'number': 777, 'name': 'Istiklal Cd'}, 'city': 'Rize', 'state': 'Adıyaman', 'country': 'Turkey', 'postcode': 39622, 'coordinates': {'latitude': '66.9757', 'longitude': '-154.5067'}, 'timezone': {'offset': '+8:00', 'description': 'Beijing, Perth, Singapore, Hong Kong'}}, 'email': 'vedat.durak@example.com', 'login': {'uuid': 'f4d17a05-5d8e-4654-b42d-a43e69a1b00c', 'username': 'bluesnake669', 'password': 'cumcum', 'salt': 't1F6xtsR', 'md5': '149fa1a4b3a5f7240e2ee5d5f8c31c9a', 'sha1': '55c651f5e1b2cdb12d6020e0a09a524b7da181ae', 'sha256': '35f773657235e830e6d2e97851a853fed26d94b25e71b6417b9caf37398bf25b'}, 'dob': {'date': '1961-06-14T15:33:10.641Z', 'age': 63}, 'registered': {'date': '2006-05-25T07:16:56.046Z', 'age': 18}, 'phone': '(366)-170-0742', 'cell': '(779)-205-9712', 'id': {'name': '', 'value': None}, 'picture': {'large': 'https://randomuser.me/api/portraits/men/88.jpg', 'medium': 'https://randomuser.me/api/portraits/med/men/88.jpg', 'thumbnail': 'https://randomuser.me/api/portraits/thumb/men/88.jpg'}, 'nat': 'TR'}</msg>
<arg>${json_data['results'][0]}</arg>
<doc>Logs the given message with the given level.</doc>
<status status="PASS" start="2024-06-19T13:17:41.634496" elapsed="0.000403"/>
</kw>
<kw name="Log" owner="BuiltIn">
<msg time="2024-06-19T13:17:41.635341" level="INFO">location</msg>
<arg>${key}</arg>
<doc>Logs the given message with the given level.</doc>
<status status="PASS" start="2024-06-19T13:17:41.635193" elapsed="0.000195"/>
</kw>
<var name="${key}">location</var>
<status status="PASS" start="2024-06-19T13:17:41.633825" elapsed="0.001787"/>
</iter>
<iter>
<kw name="Dictionary Should Contain Key" owner="Collections">
<arg>${json_data['results'][0]}</arg>
<arg>${key}</arg>
<doc>Fails if ``key`` is not found from ``dictionary``.</doc>
<status status="PASS" start="2024-06-19T13:17:41.635888" elapsed="0.000385"/>
</kw>
<kw name="Log" owner="BuiltIn">
<msg time="2024-06-19T13:17:41.636809" level="INFO">{'gender': 'male', 'name': {'title': 'Mr', 'first': 'Vedat', 'last': 'Durak'}, 'location': {'street': {'number': 777, 'name': 'Istiklal Cd'}, 'city': 'Rize', 'state': 'Adıyaman', 'country': 'Turkey', 'postcode': 39622, 'coordinates': {'latitude': '66.9757', 'longitude': '-154.5067'}, 'timezone': {'offset': '+8:00', 'description': 'Beijing, Perth, Singapore, Hong Kong'}}, 'email': 'vedat.durak@example.com', 'login': {'uuid': 'f4d17a05-5d8e-4654-b42d-a43e69a1b00c', 'username': 'bluesnake669', 'password': 'cumcum', 'salt': 't1F6xtsR', 'md5': '149fa1a4b3a5f7240e2ee5d5f8c31c9a', 'sha1': '55c651f5e1b2cdb12d6020e0a09a524b7da181ae', 'sha256': '35f773657235e830e6d2e97851a853fed26d94b25e71b6417b9caf37398bf25b'}, 'dob': {'date': '1961-06-14T15:33:10.641Z', 'age': 63}, 'registered': {'date': '2006-05-25T07:16:56.046Z', 'age': 18}, 'phone': '(366)-170-0742', 'cell': '(779)-205-9712', 'id': {'name': '', 'value': None}, 'picture': {'large': 'https://randomuser.me/api/portraits/men/88.jpg', 'medium': 'https://randomuser.me/api/portraits/med/men/88.jpg', 'thumbnail': 'https://randomuser.me/api/portraits/thumb/men/88.jpg'}, 'nat': 'TR'}</msg>
<arg>${json_data['results'][0]}</arg>
<doc>Logs the given message with the given level.</doc>
<status status="PASS" start="2024-06-19T13:17:41.636458" elapsed="0.000405"/>
</kw>
<kw name="Log" owner="BuiltIn">
<msg time="2024-06-19T13:17:41.637280" level="INFO">email</msg>
<arg>${key}</arg>
<doc>Logs the given message with the given level.</doc>
<status status="PASS" start="2024-06-19T13:17:41.637153" elapsed="0.000164"/>
</kw>
<var name="${key}">email</var>
<status status="PASS" start="2024-06-19T13:17:41.635781" elapsed="0.001748"/>
</iter>
<iter>
<kw name="Dictionary Should Contain Key" owner="Collections">
<arg>${json_data['results'][0]}</arg>
<arg>${key}</arg>
<doc>Fails if ``key`` is not found from ``dictionary``.</doc>
<status status="PASS" start="2024-06-19T13:17:41.637802" elapsed="0.000387"/>
</kw>
<kw name="Log" owner="BuiltIn">
<msg time="2024-06-19T13:17:41.638710" level="INFO">{'gender': 'male', 'name': {'title': 'Mr', 'first': 'Vedat', 'last': 'Durak'}, 'location': {'street': {'number': 777, 'name': 'Istiklal Cd'}, 'city': 'Rize', 'state': 'Adıyaman', 'country': 'Turkey', 'postcode': 39622, 'coordinates': {'latitude': '66.9757', 'longitude': '-154.5067'}, 'timezone': {'offset': '+8:00', 'description': 'Beijing, Perth, Singapore, Hong Kong'}}, 'email': 'vedat.durak@example.com', 'login': {'uuid': 'f4d17a05-5d8e-4654-b42d-a43e69a1b00c', 'username': 'bluesnake669', 'password': 'cumcum', 'salt': 't1F6xtsR', 'md5': '149fa1a4b3a5f7240e2ee5d5f8c31c9a', 'sha1': '55c651f5e1b2cdb12d6020e0a09a524b7da181ae', 'sha256': '35f773657235e830e6d2e97851a853fed26d94b25e71b6417b9caf37398bf25b'}, 'dob': {'date': '1961-06-14T15:33:10.641Z', 'age': 63}, 'registered': {'date': '2006-05-25T07:16:56.046Z', 'age': 18}, 'phone': '(366)-170-0742', 'cell': '(779)-205-9712', 'id': {'name': '', 'value': None}, 'picture': {'large': 'https://randomuser.me/api/portraits/men/88.jpg', 'medium': 'https://randomuser.me/api/portraits/med/men/88.jpg', 'thumbnail': 'https://randomuser.me/api/portraits/thumb/men/88.jpg'}, 'nat': 'TR'}</msg>
<arg>${json_data['results'][0]}</arg>
<doc>Logs the given message with the given level.</doc>
<status status="PASS" start="2024-06-19T13:17:41.638366" elapsed="0.000395"/>
</kw>
<kw name="Log" owner="BuiltIn">
<msg time="2024-06-19T13:17:41.639178" level="INFO">login</msg>
<arg>${key}</arg>
<doc>Logs the given message with the given level.</doc>
<status status="PASS" start="2024-06-19T13:17:41.639053" elapsed="0.000163"/>
</kw>
<var name="${key}">login</var>
<status status="PASS" start="2024-06-19T13:17:41.637696" elapsed="0.001755"/>
</iter>
<var>${key}</var>
<value>@{expected_keys}</value>
<status status="PASS" start="2024-06-19T13:17:41.629669" elapsed="0.009913"/>
</for>
<kw name="Create List" owner="BuiltIn">
<msg time="2024-06-19T13:17:41.639906" level="INFO">${expected_keysTwo} = ['username', 'password']</msg>
<var>${expected_keysTwo}</var>
<arg>username</arg>
<arg>password</arg>
<doc>Returns a list containing given items.</doc>
<status status="PASS" start="2024-06-19T13:17:41.639771" elapsed="0.000158"/>
</kw>
<for flavor="IN">
<iter>
<kw name="Dictionary Should Contain Key" owner="Collections">
<arg>${json_data['results'][0]['login']}</arg>
<arg>${keyTwo}</arg>
<doc>Fails if ``key`` is not found from ``dictionary``.</doc>
<status status="PASS" start="2024-06-19T13:17:41.640446" elapsed="0.000387"/>
</kw>
<kw name="Dictionary Should Contain Key" owner="Collections">
<arg>${json_data['results'][0]['login']}</arg>
<arg>${keyTwo}</arg>
<doc>Fails if ``key`` is not found from ``dictionary``.</doc>
<status status="PASS" start="2024-06-19T13:17:41.641016" elapsed="0.000366"/>
</kw>
<kw name="Log" owner="BuiltIn">
<msg time="2024-06-19T13:17:41.641671" level="INFO">username</msg>
<arg>${keyTwo}</arg>
<doc>Logs the given message with the given level.</doc>
<status status="PASS" start="2024-06-19T13:17:41.641555" elapsed="0.000153"/>
</kw>
<var name="${keyTwo}">username</var>
<status status="PASS" start="2024-06-19T13:17:41.640338" elapsed="0.001586"/>
</iter>
<iter>
<kw name="Dictionary Should Contain Key" owner="Collections">
<arg>${json_data['results'][0]['login']}</arg>
<arg>${keyTwo}</arg>
<doc>Fails if ``key`` is not found from ``dictionary``.</doc>
<status status="PASS" start="2024-06-19T13:17:41.642193" elapsed="0.000374"/>
</kw>
<kw name="Dictionary Should Contain Key" owner="Collections">
<arg>${json_data['results'][0]['login']}</arg>
<arg>${keyTwo}</arg>
<doc>Fails if ``key`` is not found from ``dictionary``.</doc>
<status status="PASS" start="2024-06-19T13:17:41.642741" elapsed="0.000369"/>
</kw>
<kw name="Log" owner="BuiltIn">
<msg time="2024-06-19T13:17:41.643432" level="INFO">password</msg>
<arg>${keyTwo}</arg>
<doc>Logs the given message with the given level.</doc>
<status status="PASS" start="2024-06-19T13:17:41.643282" elapsed="0.000187"/>
</kw>
<var name="${keyTwo}">password</var>
<status status="PASS" start="2024-06-19T13:17:41.642089" elapsed="0.001684"/>
</iter>
<var>${keyTwo}</var>
<value>@{expected_keysTwo}</value>
<status status="PASS" start="2024-06-19T13:17:41.640188" elapsed="0.003704"/>
</for>
<status status="PASS" start="2024-06-19T13:17:41.276197" elapsed="0.367835"/>
</kw>
<doc>Testa a estrutura da resposta da API.</doc>
<tag>testeEstruturaResposta</tag>
<status status="PASS" start="2024-06-19T13:17:41.275698" elapsed="0.368489"/>
</test>
<test id="s1-s1-t4" name="Validar tipos de dados" line="28">
<kw name="Teste de Tipos de Dados" owner="random-user-service">
<kw name="GET On Session" owner="RequestsLibrary">
<msg time="2024-06-19T13:17:41.953600" level="INFO">GET Request : url=https://randomuser.me/api 
 path_url=/api 
 headers={'User-Agent': 'python-requests/2.32.3', 'Accept-Encoding': 'gzip, deflate', 'Accept': '*/*', 'Connection': 'keep-alive'} 
 body=None 
 </msg>
<msg time="2024-06-19T13:17:41.953716" level="INFO">GET Response : url=https://randomuser.me/api 
 status=200, reason=OK 
 headers={'Date': 'Wed, 19 Jun 2024 13:17:41 GMT', 'Content-Type': 'application/json; charset=utf-8', 'Transfer-Encoding': 'chunked', 'Connection': 'keep-alive', 'X-Powered-By': 'Express', 'Access-Control-Allow-Origin': '*', 'Cache-Control': 'no-cache', 'ETag': 'W/"486-AWmZmyQVcYJ2R+25XRweMofcpp0"', 'Vary': 'Accept-Encoding', 'Content-Encoding': 'gzip', 'CF-Cache-Status': 'DYNAMIC', 'Report-To': '{"endpoints":[{"url":"https:\\/\\/a.nel.cloudflare.com\\/report\\/v4?s=ZuTCzzecomCnT8vmR4ZoRDYZLuhlsV8B2Ixm3smNLtL8ngQdoN6zpuP%2BpD6QrftvESUsJxs4rDRorRnwEgx0YXVMtqTyPj7K8HqOLm0R2xd0ZTreNWx9EVq5PjcWoHAi"}],"group":"cf-nel","max_age":604800}', 'NEL': '{"success_fraction":0,"report_to":"cf-nel","max_age":604800}', 'Server': 'cloudflare', 'CF-RAY': '8963ccff4840e255-ORD', 'alt-svc': 'h3=":443"; ma=86400'} 
 body={"results":[{"gender":"female","name":{"title":"Mrs","first":"Iva","last":"Srećković"},"location":{"street":{"number":8979,"name":"Ðorđa Stojkovića"},"city":"Vladimirci","state":"Central Banat","country":"Serbia","postcode":20628,"coordinates":{"latitude":"59.8276","longitude":"131.1299"},"timezone":{"offset":"+3:30","description":"Tehran"}},"email":"iva.sreckovic@example.com","login":{"uuid":"4b79e3e1-1c09-4442-922c-92ef5dfff07a","username":"silvermouse250","password":"bigballs","salt":"YbLqqlLl","md5":"9479bc4041fe91907a650bd349320267","sha1":"af23b81e5ee2d22a1f37c68ffd679a80248ec3da","sha256":"a03398ce4b7d4674641b1edcf86e7b9bb78bc39aaa394480e0ef4ff9b974788a"},"dob":{"date":"1995-03-18T23:59:04.060Z","age":29},"registered":{"date":"2021-03-29T10:40:19.300Z","age":3},"phone":"039-9904-664","cell":"065-4358-681","id":{"name":"SID","value":"206650904"},"picture":{"large":"https://randomuser.me/api/portraits/women/32.jpg","medium":"https://randomuser.me/api/portraits/med/women/32.jpg","thumbnail":"https://randomuser.me/api/portraits/thumb/women/32.jpg"},"nat":"RS"}],"info":{"seed":"6efd9d767d2d706f","results":1,"page":1,"version":"1.4"}} 
 </msg>
<msg time="2024-06-19T13:17:41.953801" level="INFO">/opt/hostedtoolcache/Python/3.12.4/x64/lib/python3.12/site-packages/urllib3/connectionpool.py:1099: InsecureRequestWarning: Unverified HTTPS request is being made to host 'randomuser.me'. Adding certificate verification is strongly advised. See: https://urllib3.readthedocs.io/en/latest/advanced-usage.html#tls-warnings
  warnings.warn(</msg>
<msg time="2024-06-19T13:17:41.953960" level="INFO">${response} = &lt;Response [200]&gt;</msg>
<var>${response}</var>
<arg>consultarAPI</arg>
<arg>/api</arg>
<doc>Sends a GET request on a previously created HTTP Session.</doc>
<status status="PASS" start="2024-06-19T13:17:41.646601" elapsed="0.307403"/>
</kw>
<kw name="Set Variable" owner="BuiltIn">
<msg time="2024-06-19T13:17:41.955048" level="INFO">${json_data} = {'results': [{'gender': 'female', 'name': {'title': 'Mrs', 'first': 'Iva', 'last': 'Srećković'}, 'location': {'street': {'number': 8979, 'name': 'Ðorđa Stojkovića'}, 'city': 'Vladimirci', 'state': 'Ce...</msg>
<var>${json_data}</var>
<arg>${response.json()}</arg>
<doc>Returns the given values which can then be assigned to a variables.</doc>
<status status="PASS" start="2024-06-19T13:17:41.954523" elapsed="0.000556"/>
</kw>
<kw name="Log" owner="BuiltIn">
<msg time="2024-06-19T13:17:41.955584" level="INFO">{'results': [{'gender': 'female', 'name': {'title': 'Mrs', 'first': 'Iva', 'last': 'Srećković'}, 'location': {'street': {'number': 8979, 'name': 'Ðorđa Stojkovića'}, 'city': 'Vladimirci', 'state': 'Central Banat', 'country': 'Serbia', 'postcode': 20628, 'coordinates': {'latitude': '59.8276', 'longitude': '131.1299'}, 'timezone': {'offset': '+3:30', 'description': 'Tehran'}}, 'email': 'iva.sreckovic@example.com', 'login': {'uuid': '4b79e3e1-1c09-4442-922c-92ef5dfff07a', 'username': 'silvermouse250', 'password': 'bigballs', 'salt': 'YbLqqlLl', 'md5': '9479bc4041fe91907a650bd349320267', 'sha1': 'af23b81e5ee2d22a1f37c68ffd679a80248ec3da', 'sha256': 'a03398ce4b7d4674641b1edcf86e7b9bb78bc39aaa394480e0ef4ff9b974788a'}, 'dob': {'date': '1995-03-18T23:59:04.060Z', 'age': 29}, 'registered': {'date': '2021-03-29T10:40:19.300Z', 'age': 3}, 'phone': '039-9904-664', 'cell': '065-4358-681', 'id': {'name': 'SID', 'value': '206650904'}, 'picture': {'large': 'https://randomuser.me/api/portraits/women/32.jpg', 'medium': 'https://randomuser.me/api/portraits/med/women/32.jpg', 'thumbnail': 'https://randomuser.me/api/portraits/thumb/women/32.jpg'}, 'nat': 'RS'}], 'info': {'seed': '6efd9d767d2d706f', 'results': 1, 'page': 1, 'version': '1.4'}}</msg>
<arg>${json_data}</arg>
<doc>Logs the given message with the given level.</doc>
<status status="PASS" start="2024-06-19T13:17:41.955423" elapsed="0.000211"/>
</kw>
<kw name="Should Be String" owner="String">
<arg>${json_data['results'][0]['gender']}</arg>
<doc>Fails if the given ``item`` is not a string.</doc>
<status status="PASS" start="2024-06-19T13:17:41.955924" elapsed="0.000382"/>
</kw>
<kw name="Should Match Regexp" owner="BuiltIn">
<arg>${json_data['results'][0]['email']}</arg>
<arg>^[a-zA-Z0-9._%+-]+@[a-zA-Z0-9.-]+\.[a-zA-Z]{2,}$</arg>
<doc>Fails if ``string`` does not match ``pattern`` as a regular expression.</doc>
<status status="PASS" start="2024-06-19T13:17:41.956492" elapsed="0.000524"/>
</kw>
<kw name="Should Match Regexp" owner="BuiltIn">
<arg>${json_data['results'][0]['dob']['date']}</arg>
<arg>\\d{4}-\\d{2}-\\d{2}T\\d{2}:\\d{2}:\\d{2}\\.\\d{3}Z</arg>
<doc>Fails if ``string`` does not match ``pattern`` as a regular expression.</doc>
<status status="PASS" start="2024-06-19T13:17:41.957244" elapsed="0.000479"/>
</kw>
<kw name="Should Match Regexp" owner="BuiltIn">
<arg>${json_data['results'][0]['registered']['date']}</arg>
<arg>\\d{4}-\\d{2}-\\d{2}T\\d{2}:\\d{2}:\\d{2}\\.\\d{3}Z</arg>
<doc>Fails if ``string`` does not match ``pattern`` as a regular expression.</doc>
<status status="PASS" start="2024-06-19T13:17:41.957909" elapsed="0.000370"/>
</kw>
<kw name="Should Match Regexp" owner="BuiltIn">
<arg>${json_data['results'][0]['picture']['large']}</arg>
<arg>^https?://.*\.(?:png|jpe?g|gif|bmp)$</arg>
<doc>Fails if ``string`` does not match ``pattern`` as a regular expression.</doc>
<status status="PASS" start="2024-06-19T13:17:41.958461" elapsed="0.000448"/>
</kw>
<kw name="Should Match Regexp" owner="BuiltIn">
<arg>${json_data['results'][0]['picture']['medium']}</arg>
<arg>^https?://.*\.(?:png|jpe?g|gif|bmp)$</arg>
<doc>Fails if ``string`` does not match ``pattern`` as a regular expression.</doc>
<status status="PASS" start="2024-06-19T13:17:41.959093" elapsed="0.000371"/>
</kw>
<kw name="Should Match Regexp" owner="BuiltIn">
<arg>${json_data['results'][0]['picture']['thumbnail']}</arg>
<arg>^https?://.*\.(?:png|jpe?g|gif|bmp)$</arg>
<doc>Fails if ``string`` does not match ``pattern`` as a regular expression.</doc>
<status status="PASS" start="2024-06-19T13:17:41.959644" elapsed="0.000345"/>
</kw>
<kw name="Log" owner="BuiltIn">
<msg time="2024-06-19T13:17:41.960493" level="INFO">{'large': 'https://randomuser.me/api/portraits/women/32.jpg', 'medium': 'https://randomuser.me/api/portraits/med/women/32.jpg', 'thumbnail': 'https://randomuser.me/api/portraits/thumb/women/32.jpg'}</msg>
<arg>${json_data['results'][0]['picture']}</arg>
<doc>Logs the given message with the given level.</doc>
<status status="PASS" start="2024-06-19T13:17:41.960165" elapsed="0.000369"/>
</kw>
<status status="PASS" start="2024-06-19T13:17:41.646379" elapsed="0.314412"/>
</kw>
<kw name="Teste de Tipos de Dados - Postcode" owner="random-user-service">
<kw name="GET On Session" owner="RequestsLibrary">
<msg time="2024-06-19T13:17:42.132097" level="INFO">GET Request : url=https://randomuser.me/api 
 path_url=/api 
 headers={'User-Agent': 'python-requests/2.32.3', 'Accept-Encoding': 'gzip, deflate', 'Accept': '*/*', 'Connection': 'keep-alive'} 
 body=None 
 </msg>
<msg time="2024-06-19T13:17:42.132198" level="INFO">GET Response : url=https://randomuser.me/api 
 status=200, reason=OK 
 headers={'Date': 'Wed, 19 Jun 2024 13:17:42 GMT', 'Content-Type': 'application/json; charset=utf-8', 'Transfer-Encoding': 'chunked', 'Connection': 'keep-alive', 'X-Powered-By': 'Express', 'Access-Control-Allow-Origin': '*', 'Cache-Control': 'no-cache', 'ETag': 'W/"4a0-2OVWcVO/PMWMiHKUeKQ2uymlDTg"', 'Vary': 'Accept-Encoding', 'Content-Encoding': 'gzip', 'CF-Cache-Status': 'DYNAMIC', 'Report-To': '{"endpoints":[{"url":"https:\\/\\/a.nel.cloudflare.com\\/report\\/v4?s=K7Yf1J4mroKefkyUyyDeOXA1DH2eO08KH2PjFcje8tkQloimC7yE4Voeksvq0LGjmF4JB2xriayiJuTClUCsKZjWC5RuF1XbaHrtKsiP78qMEIfjDEw8ll1vM05GNtHd"}],"group":"cf-nel","max_age":604800}', 'NEL': '{"success_fraction":0,"report_to":"cf-nel","max_age":604800}', 'Server': 'cloudflare', 'CF-RAY': '8963cd014a56e255-ORD', 'alt-svc': 'h3=":443"; ma=86400'} 
 body={"results":[{"gender":"male","name":{"title":"Mr","first":"Liam","last":"Picard"},"location":{"street":{"number":8733,"name":"Place du 8 Février 1962"},"city":"Perpignan","state":"Doubs","country":"France","postcode":34528,"coordinates":{"latitude":"-13.8028","longitude":"-124.0723"},"timezone":{"offset":"+8:00","description":"Beijing, Perth, Singapore, Hong Kong"}},"email":"liam.picard@example.com","login":{"uuid":"7cdd4b34-123a-497b-9ff7-5919cbe1eaff","username":"yellowkoala436","password":"weather","salt":"dimOJCQf","md5":"89bf58c18962266db9c26f56567789d9","sha1":"6faeeef29f657ba8d6337bce1c7323b604cdb09d","sha256":"d8c5ee529a5076cec756879d5d0d3efa464dc54fb949b5def9a2134f49bf207d"},"dob":{"date":"1977-06-12T23:45:01.480Z","age":47},"registered":{"date":"2004-09-08T22:21:54.508Z","age":19},"phone":"04-68-19-69-94","cell":"06-49-18-68-68","id":{"name":"INSEE","value":"1770545854434 28"},"picture":{"large":"https://randomuser.me/api/portraits/men/60.jpg","medium":"https://randomuser.me/api/portraits/med/men/60.jpg","thumbnail":"https://randomuser.me/api/portraits/thumb/men/60.jpg"},"nat":"FR"}],"info":{"seed":"3237d6df88131fad","results":1,"page":1,"version":"1.4"}} 
 </msg>
<msg time="2024-06-19T13:17:42.132281" level="INFO">/opt/hostedtoolcache/Python/3.12.4/x64/lib/python3.12/site-packages/urllib3/connectionpool.py:1099: InsecureRequestWarning: Unverified HTTPS request is being made to host 'randomuser.me'. Adding certificate verification is strongly advised. See: https://urllib3.readthedocs.io/en/latest/advanced-usage.html#tls-warnings
  warnings.warn(</msg>
<msg time="2024-06-19T13:17:42.132410" level="INFO">${response} = &lt;Response [200]&gt;</msg>
<var>${response}</var>
<arg>consultarAPI</arg>
<arg>/api</arg>
<doc>Sends a GET request on a previously created HTTP Session.</doc>
<status status="PASS" start="2024-06-19T13:17:41.961251" elapsed="0.171202"/>
</kw>
<kw name="Set Variable" owner="BuiltIn">
<msg time="2024-06-19T13:17:42.133425" level="INFO">${json_data} = {'results': [{'gender': 'male', 'name': {'title': 'Mr', 'first': 'Liam', 'last': 'Picard'}, 'location': {'street': {'number': 8733, 'name': 'Place du 8 Février 1962'}, 'city': 'Perpignan', 'state': 'D...</msg>
<var>${json_data}</var>
<arg>${response.json()}</arg>
<doc>Returns the given values which can then be assigned to a variables.</doc>
<status status="PASS" start="2024-06-19T13:17:42.132904" elapsed="0.000552"/>
</kw>
<kw name="Log" owner="BuiltIn">
<msg time="2024-06-19T13:17:42.133911" level="INFO">{'results': [{'gender': 'male', 'name': {'title': 'Mr', 'first': 'Liam', 'last': 'Picard'}, 'location': {'street': {'number': 8733, 'name': 'Place du 8 Février 1962'}, 'city': 'Perpignan', 'state': 'Doubs', 'country': 'France', 'postcode': 34528, 'coordinates': {'latitude': '-13.8028', 'longitude': '-124.0723'}, 'timezone': {'offset': '+8:00', 'description': 'Beijing, Perth, Singapore, Hong Kong'}}, 'email': 'liam.picard@example.com', 'login': {'uuid': '7cdd4b34-123a-497b-9ff7-5919cbe1eaff', 'username': 'yellowkoala436', 'password': 'weather', 'salt': 'dimOJCQf', 'md5': '89bf58c18962266db9c26f56567789d9', 'sha1': '6faeeef29f657ba8d6337bce1c7323b604cdb09d', 'sha256': 'd8c5ee529a5076cec756879d5d0d3efa464dc54fb949b5def9a2134f49bf207d'}, 'dob': {'date': '1977-06-12T23:45:01.480Z', 'age': 47}, 'registered': {'date': '2004-09-08T22:21:54.508Z', 'age': 19}, 'phone': '04-68-19-69-94', 'cell': '06-49-18-68-68', 'id': {'name': 'INSEE', 'value': '1770545854434 28'}, 'picture': {'large': 'https://randomuser.me/api/portraits/men/60.jpg', 'medium': 'https://randomuser.me/api/portraits/med/men/60.jpg', 'thumbnail': 'https://randomuser.me/api/portraits/thumb/men/60.jpg'}, 'nat': 'FR'}], 'info': {'seed': '3237d6df88131fad', 'results': 1, 'page': 1, 'version': '1.4'}}</msg>
<arg>${json_data}</arg>
<doc>Logs the given message with the given level.</doc>
<status status="PASS" start="2024-06-19T13:17:42.133755" elapsed="0.000204"/>
</kw>
<kw name="Should Be Equal As Numbers" owner="BuiltIn">
<arg>${json_data['results'][0]['location']['postcode']}</arg>
<arg>${json_data['results'][0]['location']['postcode']}</arg>
<doc>Fails if objects are unequal after converting them to real numbers.</doc>
<status status="PASS" start="2024-06-19T13:17:42.134252" elapsed="0.000609"/>
</kw>
<kw name="Log" owner="BuiltIn">
<msg time="2024-06-19T13:17:42.135586" level="INFO">34528</msg>
<arg>${json_data['results'][0]['location']['postcode']}</arg>
<doc>Logs the given message with the given level.</doc>
<status status="PASS" start="2024-06-19T13:17:42.135043" elapsed="0.000585"/>
</kw>
<status status="PASS" start="2024-06-19T13:17:41.961023" elapsed="0.174888"/>
</kw>
<doc>Testa se os tipos de dados na resposta da API estão corretos.</doc>
<tag>testeTiposDados</tag>
<status status="PASS" start="2024-06-19T13:17:41.645919" elapsed="0.490164"/>
</test>
<test id="s1-s1-t5" name="Validar conteudo" line="35">
<kw name="Teste de Tipos de Conteudo" owner="random-user-service">
<kw name="GET On Session" owner="RequestsLibrary">
<msg time="2024-06-19T13:17:42.342451" level="INFO">GET Request : url=https://randomuser.me/api 
 path_url=/api 
 headers={'User-Agent': 'python-requests/2.32.3', 'Accept-Encoding': 'gzip, deflate', 'Accept': '*/*', 'Connection': 'keep-alive'} 
 body=None 
 </msg>
<msg time="2024-06-19T13:17:42.342559" level="INFO">GET Response : url=https://randomuser.me/api 
 status=200, reason=OK 
 headers={'Date': 'Wed, 19 Jun 2024 13:17:42 GMT', 'Content-Type': 'application/json; charset=utf-8', 'Transfer-Encoding': 'chunked', 'Connection': 'keep-alive', 'X-Powered-By': 'Express', 'Access-Control-Allow-Origin': '*', 'Cache-Control': 'no-cache', 'ETag': 'W/"48f-r9DAbbVaRvQXRWqCYZXsxeMjQ/s"', 'Vary': 'Accept-Encoding', 'Content-Encoding': 'gzip', 'CF-Cache-Status': 'DYNAMIC', 'Report-To': '{"endpoints":[{"url":"https:\\/\\/a.nel.cloudflare.com\\/report\\/v4?s=NLgoGi37BjxEN13VkpnWOC6xMY8H9SehBv5nJSOvmolTZ0lJRpumTKEdwCTdw59pTv6Ue0xr%2B50Mb9%2Fs6TXxhggW1sEsrlDfrIUb8nvGSgKzxjaSwKGaBvUgaqiGLoc8"}],"group":"cf-nel","max_age":604800}', 'NEL': '{"success_fraction":0,"report_to":"cf-nel","max_age":604800}', 'Server': 'cloudflare', 'CF-RAY': '8963cd025bbbe255-ORD', 'alt-svc': 'h3=":443"; ma=86400'} 
 body={"results":[{"gender":"female","name":{"title":"Ms","first":"Arina","last":"Høines"},"location":{"street":{"number":1424,"name":"Johannes Bruns gate"},"city":"Stanghelle","state":"Bergen","country":"Norway","postcode":"5221","coordinates":{"latitude":"46.6257","longitude":"69.3940"},"timezone":{"offset":"+1:00","description":"Brussels, Copenhagen, Madrid, Paris"}},"email":"arina.hoines@example.com","login":{"uuid":"26c726c1-adb9-47a8-9b54-e1aef286077d","username":"crazywolf205","password":"elcamino","salt":"ZSLCPGYQ","md5":"f3579447a8bd8a818051127b615daa52","sha1":"89632ce418ce043807ced33bb192a039c1a1cd0f","sha256":"75a31db7c60f7414d077c6b4e6b767a4b361604ae271f90f9ea4770d6ae1e6cd"},"dob":{"date":"1982-12-08T16:41:49.994Z","age":41},"registered":{"date":"2020-02-12T01:40:12.173Z","age":4},"phone":"35404486","cell":"94713167","id":{"name":"FN","value":"08128237055"},"picture":{"large":"https://randomuser.me/api/portraits/women/95.jpg","medium":"https://randomuser.me/api/portraits/med/women/95.jpg","thumbnail":"https://randomuser.me/api/portraits/thumb/women/95.jpg"},"nat":"NO"}],"info":{"seed":"481fdb74ed0a82e5","results":1,"page":1,"version":"1.4"}} 
 </msg>
<msg time="2024-06-19T13:17:42.342647" level="INFO">/opt/hostedtoolcache/Python/3.12.4/x64/lib/python3.12/site-packages/urllib3/connectionpool.py:1099: InsecureRequestWarning: Unverified HTTPS request is being made to host 'randomuser.me'. Adding certificate verification is strongly advised. See: https://urllib3.readthedocs.io/en/latest/advanced-usage.html#tls-warnings
  warnings.warn(</msg>
<msg time="2024-06-19T13:17:42.342784" level="INFO">${response} = &lt;Response [200]&gt;</msg>
<var>${response}</var>
<arg>consultarAPI</arg>
<arg>/api</arg>
<doc>Sends a GET request on a previously created HTTP Session.</doc>
<status status="PASS" start="2024-06-19T13:17:42.138579" elapsed="0.204247"/>
</kw>
<kw name="Set Variable" owner="BuiltIn">
<msg time="2024-06-19T13:17:42.343857" level="INFO">${json_data} = {'results': [{'gender': 'female', 'name': {'title': 'Ms', 'first': 'Arina', 'last': 'Høines'}, 'location': {'street': {'number': 1424, 'name': 'Johannes Bruns gate'}, 'city': 'Stanghelle', 'state': 'B...</msg>
<var>${json_data}</var>
<arg>${response.json()}</arg>
<doc>Returns the given values which can then be assigned to a variables.</doc>
<status status="PASS" start="2024-06-19T13:17:42.343343" elapsed="0.000544"/>
</kw>
<kw name="Set Variable" owner="BuiltIn">
<msg time="2024-06-19T13:17:42.344574" level="INFO">${name_title} = Ms</msg>
<var>${name_title}</var>
<arg>${json_data["results"][0]["name"]["title"]}</arg>
<doc>Returns the given values which can then be assigned to a variables.</doc>
<status status="PASS" start="2024-06-19T13:17:42.344196" elapsed="0.000404"/>
</kw>
<kw name="Create List" owner="BuiltIn">
<msg time="2024-06-19T13:17:42.345040" level="INFO">${allowed_titles} = ['Mr', 'Ms', 'Miss', 'Mrs', 'Madame', 'Monsieur']</msg>
<var>${allowed_titles}</var>
<arg>Mr</arg>
<arg>Ms</arg>
<arg>Miss</arg>
<arg>Mrs</arg>
<arg>Madame</arg>
<arg>Monsieur</arg>
<doc>Returns a list containing given items.</doc>
<status status="PASS" start="2024-06-19T13:17:42.344892" elapsed="0.000172"/>
</kw>
<kw name="List Should Contain Value" owner="Collections">
<arg>${allowed_titles}</arg>
<arg>${name_title}</arg>
<doc>Fails if the ``value`` is not found from ``list``.</doc>
<status status="PASS" start="2024-06-19T13:17:42.345364" elapsed="0.000174"/>
</kw>
<kw name="Set Variable" owner="BuiltIn">
<msg time="2024-06-19T13:17:42.346089" level="INFO">${name_country} = NO</msg>
<var>${name_country}</var>
<arg>${json_data["results"][0]["nat"]}</arg>
<doc>Returns the given values which can then be assigned to a variables.</doc>
<status status="PASS" start="2024-06-19T13:17:42.345715" elapsed="0.000399"/>
</kw>
<kw name="Create List" owner="BuiltIn">
<msg time="2024-06-19T13:17:42.347002" level="INFO">${list_country} = ['AD', 'AE', 'AF', 'AG', 'AI', 'AL', 'AM', 'AO', 'AQ', 'AR', 'AS', 'AT', 'AU', 'AW', 'AX', 'AZ', 'BA', 'BB', 'BD', 'BE', 'BF', 'BG', 'BH', 'BI', 'BJ', 'BL', 'BM', 'BN', 'BO', 'BQ', 'BR', 'BS', 'BT', '...</msg>
<var>${list_country}</var>
<arg>AD</arg>
<arg>AE</arg>
<arg>AF</arg>
<arg>AG</arg>
<arg>AI</arg>
<arg>AL</arg>
<arg>AM</arg>
<arg>AO</arg>
<arg>AQ</arg>
<arg>AR</arg>
<arg>AS</arg>
<arg>AT</arg>
<arg>AU</arg>
<arg>AW</arg>
<arg>AX</arg>
<arg>AZ</arg>
<arg>BA</arg>
<arg>BB</arg>
<arg>BD</arg>
<arg>BE</arg>
<arg>BF</arg>
<arg>BG</arg>
<arg>BH</arg>
<arg>BI</arg>
<arg>BJ</arg>
<arg>BL</arg>
<arg>BM</arg>
<arg>BN</arg>
<arg>BO</arg>
<arg>BQ</arg>
<arg>BR</arg>
<arg>BS</arg>
<arg>BT</arg>
<arg>BV</arg>
<arg>BW</arg>
<arg>BY</arg>
<arg>BZ</arg>
<arg>CA</arg>
<arg>CC</arg>
<arg>CD</arg>
<arg>CF</arg>
<arg>CG</arg>
<arg>CH</arg>
<arg>CI</arg>
<arg>CK</arg>
<arg>CL</arg>
<arg>CM</arg>
<arg>CN</arg>
<arg>CO</arg>
<arg>CR</arg>
<arg>CU</arg>
<arg>CV</arg>
<arg>CW</arg>
<arg>CX</arg>
<arg>CY</arg>
<arg>CZ</arg>
<arg>DE</arg>
<arg>DJ</arg>
<arg>DK</arg>
<arg>DM</arg>
<arg>DO</arg>
<arg>DZ</arg>
<arg>EC</arg>
<arg>EE</arg>
<arg>EG</arg>
<arg>EH</arg>
<arg>ER</arg>
<arg>ES</arg>
<arg>ET</arg>
<arg>FI</arg>
<arg>FJ</arg>
<arg>FK</arg>
<arg>FM</arg>
<arg>FO</arg>
<arg>FR</arg>
<arg>GA</arg>
<arg>GB</arg>
<arg>GD</arg>
<arg>GE</arg>
<arg>GF</arg>
<arg>GG</arg>
<arg>GH</arg>
<arg>GI</arg>
<arg>GL</arg>
<arg>GM</arg>
<arg>GN</arg>
<arg>GP</arg>
<arg>GQ</arg>
<arg>GR</arg>
<arg>GS</arg>
<arg>GT</arg>
<arg>GU</arg>
<arg>GW</arg>
<arg>GY</arg>
<arg>HK</arg>
<arg>HM</arg>
<arg>HN</arg>
<arg>HR</arg>
<arg>HT</arg>
<arg>HU</arg>
<arg>ID</arg>
<arg>IE</arg>
<arg>IL</arg>
<arg>IM</arg>
<arg>IN</arg>
<arg>IO</arg>
<arg>IQ</arg>
<arg>IR</arg>
<arg>IS</arg>
<arg>IT</arg>
<arg>JE</arg>
<arg>JM</arg>
<arg>JO</arg>
<arg>JP</arg>
<arg>KE</arg>
<arg>KG</arg>
<arg>KH</arg>
<arg>KI</arg>
<arg>KM</arg>
<arg>KN</arg>
<arg>KP</arg>
<arg>KR</arg>
<arg>KW</arg>
<arg>KY</arg>
<arg>KZ</arg>
<arg>LA</arg>
<arg>LB</arg>
<arg>LC</arg>
<arg>LI</arg>
<arg>LK</arg>
<arg>LR</arg>
<arg>LS</arg>
<arg>LT</arg>
<arg>LU</arg>
<arg>LV</arg>
<arg>LY</arg>
<arg>MA</arg>
<arg>MC</arg>
<arg>MD</arg>
<arg>ME</arg>
<arg>MF</arg>
<arg>MG</arg>
<arg>MH</arg>
<arg>MK</arg>
<arg>ML</arg>
<arg>MM</arg>
<arg>MN</arg>
<arg>MO</arg>
<arg>MP</arg>
<arg>MQ</arg>
<arg>MR</arg>
<arg>MS</arg>
<arg>MT</arg>
<arg>MU</arg>
<arg>MV</arg>
<arg>MW</arg>
<arg>MX</arg>
<arg>MY</arg>
<arg>MZ</arg>
<arg>NA</arg>
<arg>NC</arg>
<arg>NE</arg>
<arg>NF</arg>
<arg>NG</arg>
<arg>NI</arg>
<arg>NL</arg>
<arg>NO</arg>
<arg>NP</arg>
<arg>NR</arg>
<arg>NU</arg>
<arg>NZ</arg>
<arg>OM</arg>
<arg>PA</arg>
<arg>PE</arg>
<arg>PF</arg>
<arg>PG</arg>
<arg>PH</arg>
<arg>PK</arg>
<arg>PL</arg>
<arg>PM</arg>
<arg>PN</arg>
<arg>PR</arg>
<arg>PS</arg>
<arg>PT</arg>
<arg>PW</arg>
<arg>PY</arg>
<arg>QA</arg>
<arg>RE</arg>
<arg>RO</arg>
<arg>RS</arg>
<arg>RU</arg>
<arg>RW</arg>
<arg>SA</arg>
<arg>SB</arg>
<arg>SC</arg>
<arg>SD</arg>
<arg>SE</arg>
<arg>SG</arg>
<arg>SH</arg>
<arg>SI</arg>
<arg>SJ</arg>
<arg>SK</arg>
<arg>SL</arg>
<arg>SM</arg>
<arg>SN</arg>
<arg>SO</arg>
<arg>SR</arg>
<arg>SS</arg>
<arg>ST</arg>
<arg>SV</arg>
<arg>SX</arg>
<arg>SY</arg>
<arg>SZ</arg>
<arg>TC</arg>
<arg>TD</arg>
<arg>TF</arg>
<arg>TG</arg>
<arg>TH</arg>
<arg>TJ</arg>
<arg>TK</arg>
<arg>TL</arg>
<arg>TM</arg>
<arg>TN</arg>
<arg>TO</arg>
<arg>TR</arg>
<arg>TT</arg>
<arg>TV</arg>
<arg>TW</arg>
<arg>TZ</arg>
<arg>UA</arg>
<arg>UG</arg>
<arg>UM</arg>
<arg>US</arg>
<arg>UY</arg>
<arg>UZ</arg>
<arg>VA</arg>
<arg>VC</arg>
<arg>VE</arg>
<arg>VG</arg>
<arg>VI</arg>
<arg>VN</arg>
<arg>VU</arg>
<arg>WF</arg>
<arg>WS</arg>
<arg>XK</arg>
<arg>YE</arg>
<arg>YT</arg>
<arg>ZA</arg>
<arg>ZM</arg>
<arg>ZW</arg>
<doc>Returns a list containing given items.</doc>
<status status="PASS" start="2024-06-19T13:17:42.346401" elapsed="0.000626"/>
</kw>
<kw name="List Should Contain Value" owner="Collections">
<arg>${list_country}</arg>
<arg>${name_country}</arg>
<doc>Fails if the ``value`` is not found from ``list``.</doc>
<status status="PASS" start="2024-06-19T13:17:42.347850" elapsed="0.000203"/>
</kw>
<kw name="Run Keyword If" owner="BuiltIn">
<kw name="Should Be True" owner="BuiltIn">
<arg>${True}</arg>
<doc>Fails if the given condition is not true.</doc>
<status status="PASS" start="2024-06-19T13:17:42.348995" elapsed="0.000140"/>
</kw>
<arg>${json_data["results"][0]["location"]["coordinates"]["latitude"]} &gt;= -90 and ${json_data["results"][0]["location"]["coordinates"]["latitude"]} &lt;= 90</arg>
<arg>Should Be True</arg>
<arg>${True}</arg>
<doc>Runs the given keyword with the given arguments, if ``condition`` is true.</doc>
<status status="PASS" start="2024-06-19T13:17:42.348262" elapsed="0.000998"/>
</kw>
<kw name="Run Keyword If" owner="BuiltIn">
<kw name="Should Be True" owner="BuiltIn">
<arg>${True}</arg>
<doc>Fails if the given condition is not true.</doc>
<status status="PASS" start="2024-06-19T13:17:42.350131" elapsed="0.000236"/>
</kw>
<arg>${json_data["results"][0]["location"]["coordinates"]["longitude"]} &gt;= -180 and ${json_data["results"][0]["location"]["coordinates"]["longitude"]} &lt;= 180</arg>
<arg>Should Be True</arg>
<arg>${True}</arg>
<doc>Runs the given keyword with the given arguments, if ``condition`` is true.</doc>
<status status="PASS" start="2024-06-19T13:17:42.349441" elapsed="0.001052"/>
</kw>
<status status="PASS" start="2024-06-19T13:17:42.138357" elapsed="0.212268"/>
</kw>
<doc>Testa o conteúdo específico dos campos retornados pela API.</doc>
<tag>testeConteudo</tag>
<status status="PASS" start="2024-06-19T13:17:42.137825" elapsed="0.212952"/>
</test>
<status status="PASS" start="2024-06-19T13:17:40.561692" elapsed="1.791132"/>
</suite>
<status status="PASS" start="2024-06-19T13:17:40.547339" elapsed="1.810666"/>
</suite>
<statistics>
<total>
<stat pass="5" fail="0" skip="0">All Tests</stat>
</total>
<tag>
<stat pass="1" fail="0" skip="0">testeConteudo</stat>
<stat pass="1" fail="0" skip="0">testeEstruturaResposta</stat>
<stat pass="1" fail="0" skip="0">testeRequisicaoBasica</stat>
<stat pass="1" fail="0" skip="0">testeTiposDados</stat>
</tag>
<suite>
<stat pass="5" fail="0" skip="0" id="s1" name="Tests">Tests</stat>
<stat pass="5" fail="0" skip="0" id="s1-s1" name="Random-User-Test">Tests.Random-User-Test</stat>
</suite>
</statistics>
<errors>
</errors>
</robot>
