<?xml version="1.0" encoding="UTF-8"?>
<robot generator="Robot 7.0 (Python 3.12.3 on linux)" generated="2024-06-05T13:17:47.606454" rpa="false" schemaversion="5">
<suite id="s1" name="Tests" source="/home/runner/work/ApiRandomUser/ApiRandomUser/RamdonUser/tests">
<suite id="s1-s1" name="Random-User-Test" source="/home/runner/work/ApiRandomUser/ApiRandomUser/RamdonUser/tests/random-user-test.robot">
<test id="s1-s1-t1" name="Conectar" line="13">
<kw name="Conectar API" owner="random-user-service">
<kw name="Create Session" owner="RequestsLibrary">
<msg time="2024-06-05T13:17:48.018997" level="INFO">Creating Session using : alias=consultarAPI, url=https://randomuser.me/, headers={},                     cookies={}, auth=None, timeout=None, proxies=None, verify=False,                     debug=0 </msg>
<arg>consultarAPI</arg>
<arg>${URL}</arg>
<doc>Create Session: create a HTTP session to a server</doc>
<status status="PASS" start="2024-06-05T13:17:48.018773" elapsed="0.000425"/>
</kw>
<status status="PASS" start="2024-06-05T13:17:48.017632" elapsed="0.001946"/>
</kw>
<status status="PASS" start="2024-06-05T13:17:48.016962" elapsed="0.002814"/>
</test>
<test id="s1-s1-t2" name="Validar retorno 200 e JSON Válido" line="16">
<kw name="Teste de Requisicao Basica" owner="random-user-service">
<kw name="GET On Session" owner="RequestsLibrary">
<msg time="2024-06-05T13:17:48.132502" level="INFO">GET Request : url=https://randomuser.me/api 
 path_url=/api 
 headers={'User-Agent': 'python-requests/2.32.3', 'Accept-Encoding': 'gzip, deflate', 'Accept': '*/*', 'Connection': 'keep-alive'} 
 body=None 
 </msg>
<msg time="2024-06-05T13:17:48.132671" level="INFO">GET Response : url=https://randomuser.me/api 
 status=200, reason=OK 
 headers={'Date': 'Wed, 05 Jun 2024 13:17:48 GMT', 'Content-Type': 'application/json; charset=utf-8', 'Transfer-Encoding': 'chunked', 'Connection': 'keep-alive', 'X-Powered-By': 'Express', 'Access-Control-Allow-Origin': '*', 'Cache-Control': 'no-cache', 'ETag': 'W/"49a-IkPB9+8gXiHrQjiNqBEEL2lXaB8"', 'Vary': 'Accept-Encoding', 'Content-Encoding': 'gzip', 'CF-Cache-Status': 'DYNAMIC', 'Report-To': '{"endpoints":[{"url":"https:\\/\\/a.nel.cloudflare.com\\/report\\/v4?s=B2hGTPorBVl9v8G2d3mvSM2aGYS9FynjY5yU5sS%2B1rXWGh3zgQnjBmEGZxiyoNYR%2BkfWUlr39ZwFKKm5pJNf%2B2fCvJbO8ovQnNXgUiWxMjQr8aESgIfXJy9JwxBX2qqA"}],"group":"cf-nel","max_age":604800}', 'NEL': '{"success_fraction":0,"report_to":"cf-nel","max_age":604800}', 'Server': 'cloudflare', 'CF-RAY': '88f071e75afb67ef-SJC', 'alt-svc': 'h3=":443"; ma=86400'} 
 body={"results":[{"gender":"male","name":{"title":"Mr","first":"Liam","last":"Moulin"},"location":{"street":{"number":1053,"name":"Rue de L'Église"},"city":"Metz","state":"Pas-de-Calais","country":"France","postcode":11352,"coordinates":{"latitude":"-15.2155","longitude":"-141.9645"},"timezone":{"offset":"+8:00","description":"Beijing, Perth, Singapore, Hong Kong"}},"email":"liam.moulin@example.com","login":{"uuid":"7bd197c0-98bb-416b-a6fc-2350f60c221e","username":"yellowpeacock244","password":"georgia","salt":"LGSSfAS5","md5":"667c5d50122f3dbc34a1f33343b2fc13","sha1":"eadd14a371790f0c3efa5c059967aa27ddacb00f","sha256":"f9db48b3d17fa69c1b8094c9a44fbd83e33d0e348a8a2056d4b03751b67ea33d"},"dob":{"date":"1956-06-19T23:47:43.306Z","age":67},"registered":{"date":"2009-01-23T22:11:26.591Z","age":15},"phone":"05-30-71-10-99","cell":"06-00-90-04-20","id":{"name":"INSEE","value":"1560564622123 55"},"picture":{"large":"https://randomuser.me/api/portraits/men/4.jpg","medium":"https://randomuser.me/api/portraits/med/men/4.jpg","thumbnail":"https://randomuser.me/api/portraits/thumb/men/4.jpg"},"nat":"FR"}],"info":{"seed":"46bfbb4f715f87e7","results":1,"page":1,"version":"1.4"}} 
 </msg>
<msg time="2024-06-05T13:17:48.132766" level="INFO">/opt/hostedtoolcache/Python/3.12.3/x64/lib/python3.12/site-packages/urllib3/connectionpool.py:1103: InsecureRequestWarning: Unverified HTTPS request is being made to host 'randomuser.me'. Adding certificate verification is strongly advised. See: https://urllib3.readthedocs.io/en/latest/advanced-usage.html#tls-warnings
  warnings.warn(</msg>
<msg time="2024-06-05T13:17:48.132948" level="INFO">${response} = &lt;Response [200]&gt;</msg>
<var>${response}</var>
<arg>consultarAPI</arg>
<arg>/api</arg>
<doc>Sends a GET request on a previously created HTTP Session.</doc>
<status status="PASS" start="2024-06-05T13:17:48.022546" elapsed="0.110446"/>
</kw>
<kw name="Should Be Equal As Numbers" owner="BuiltIn">
<msg time="2024-06-05T13:17:48.134099" level="INFO">Argument types are:
&lt;class 'int'&gt;
&lt;class 'str'&gt;</msg>
<arg>${response.status_code}</arg>
<arg>200</arg>
<doc>Fails if objects are unequal after converting them to real numbers.</doc>
<status status="PASS" start="2024-06-05T13:17:48.133580" elapsed="0.000590"/>
</kw>
<kw name="Log" owner="BuiltIn">
<msg time="2024-06-05T13:17:48.134916" level="INFO">200</msg>
<arg>${response.status_code}</arg>
<doc>Logs the given message with the given level.</doc>
<status status="PASS" start="2024-06-05T13:17:48.134550" elapsed="0.000417"/>
</kw>
<kw name="Set Variable" owner="BuiltIn">
<msg time="2024-06-05T13:17:48.135754" level="INFO">${json_data} = {'results': [{'gender': 'male', 'name': {'title': 'Mr', 'first': 'Liam', 'last': 'Moulin'}, 'location': {'street': {'number': 1053, 'name': "Rue de L'Église"}, 'city': 'Metz', 'state': 'Pas-de-Calais'...</msg>
<var>${json_data}</var>
<arg>${response.json()}</arg>
<doc>Returns the given values which can then be assigned to a variables.</doc>
<status status="PASS" start="2024-06-05T13:17:48.135290" elapsed="0.000495"/>
</kw>
<kw name="Dictionary Should Contain Key" owner="Collections">
<msg time="2024-06-05T13:17:48.136284" level="INFO">False</msg>
<arg>${json_data}</arg>
<arg>results</arg>
<doc>Fails if ``key`` is not found from ``dictionary``.</doc>
<status status="PASS" start="2024-06-05T13:17:48.136104" elapsed="0.000400"/>
</kw>
<status status="PASS" start="2024-06-05T13:17:48.022280" elapsed="0.114497"/>
</kw>
<doc>Testa se a API responde corretamente e retorna um objeto JSON válido.</doc>
<tag>testeRequisicaoBasica</tag>
<status status="PASS" start="2024-06-05T13:17:48.021695" elapsed="0.115275"/>
</test>
<test id="s1-s1-t3" name="Validar estrutura de resposta" line="22">
<kw name="Teste de Estrutura de Resposta" owner="random-user-service">
<kw name="GET On Session" owner="RequestsLibrary">
<msg time="2024-06-05T13:17:48.239884" level="INFO">GET Request : url=https://randomuser.me/api 
 path_url=/api 
 headers={'User-Agent': 'python-requests/2.32.3', 'Accept-Encoding': 'gzip, deflate', 'Accept': '*/*', 'Connection': 'keep-alive'} 
 body=None 
 </msg>
<msg time="2024-06-05T13:17:48.240009" level="INFO">GET Response : url=https://randomuser.me/api 
 status=200, reason=OK 
 headers={'Date': 'Wed, 05 Jun 2024 13:17:48 GMT', 'Content-Type': 'application/json; charset=utf-8', 'Transfer-Encoding': 'chunked', 'Connection': 'keep-alive', 'X-Powered-By': 'Express', 'Access-Control-Allow-Origin': '*', 'Cache-Control': 'no-cache', 'ETag': 'W/"49b-iM9yp+8DjG0ZqxRYcWh2uwi2aRc"', 'Vary': 'Accept-Encoding', 'Content-Encoding': 'gzip', 'CF-Cache-Status': 'DYNAMIC', 'Report-To': '{"endpoints":[{"url":"https:\\/\\/a.nel.cloudflare.com\\/report\\/v4?s=PYNmgCMWRccAgS%2FONnu4Bf%2BJdYjKRcd%2Fa%2FjZAr3NkXWxSEwcWrxOQTGjXG%2B5H5WPGCTVUtFvzt38k3p4JPz32fOpnziAVLlp0FOcrY9995AOgEx69LWC4CgUrYFSRd8P"}],"group":"cf-nel","max_age":604800}', 'NEL': '{"success_fraction":0,"report_to":"cf-nel","max_age":604800}', 'Server': 'cloudflare', 'CF-RAY': '88f071e7eb6767ef-SJC', 'alt-svc': 'h3=":443"; ma=86400'} 
 body={"results":[{"gender":"male","name":{"title":"Mr","first":"Melvin","last":"Holt"},"location":{"street":{"number":4668,"name":"Mill Lane"},"city":"Norwich","state":"Staffordshire","country":"United Kingdom","postcode":"I6Q 1NS","coordinates":{"latitude":"-12.5420","longitude":"-45.4874"},"timezone":{"offset":"+1:00","description":"Brussels, Copenhagen, Madrid, Paris"}},"email":"melvin.holt@example.com","login":{"uuid":"a67779de-b847-4ef6-8ed7-ff6797dc8dac","username":"ticklishladybug964","password":"usmc","salt":"RGpD49xX","md5":"3da5ec245583ad7842beb42216eb0ba4","sha1":"2858eddcd410f30dc14586bfc2c9d1eea02351e8","sha256":"48ac841fe76a37932bcbaef9ed35d693b372b5e9ae074863e800a78219a1186b"},"dob":{"date":"2000-01-26T22:40:10.964Z","age":24},"registered":{"date":"2009-12-01T16:28:01.698Z","age":14},"phone":"0191 448 1276","cell":"07312 974848","id":{"name":"NINO","value":"SH 64 18 12 Y"},"picture":{"large":"https://randomuser.me/api/portraits/men/47.jpg","medium":"https://randomuser.me/api/portraits/med/men/47.jpg","thumbnail":"https://randomuser.me/api/portraits/thumb/men/47.jpg"},"nat":"GB"}],"info":{"seed":"49903aa1dd405b70","results":1,"page":1,"version":"1.4"}} 
 </msg>
<msg time="2024-06-05T13:17:48.240179" level="INFO">/opt/hostedtoolcache/Python/3.12.3/x64/lib/python3.12/site-packages/urllib3/connectionpool.py:1103: InsecureRequestWarning: Unverified HTTPS request is being made to host 'randomuser.me'. Adding certificate verification is strongly advised. See: https://urllib3.readthedocs.io/en/latest/advanced-usage.html#tls-warnings
  warnings.warn(</msg>
<msg time="2024-06-05T13:17:48.240342" level="INFO">${response} = &lt;Response [200]&gt;</msg>
<var>${response}</var>
<arg>consultarAPI</arg>
<arg>/api</arg>
<doc>Sends a GET request on a previously created HTTP Session.</doc>
<status status="PASS" start="2024-06-05T13:17:48.139676" elapsed="0.100707"/>
</kw>
<kw name="Set Variable" owner="BuiltIn">
<msg time="2024-06-05T13:17:48.241455" level="INFO">${json_data} = {'results': [{'gender': 'male', 'name': {'title': 'Mr', 'first': 'Melvin', 'last': 'Holt'}, 'location': {'street': {'number': 4668, 'name': 'Mill Lane'}, 'city': 'Norwich', 'state': 'Staffordshire', '...</msg>
<var>${json_data}</var>
<arg>${response.json()}</arg>
<doc>Returns the given values which can then be assigned to a variables.</doc>
<status status="PASS" start="2024-06-05T13:17:48.240899" elapsed="0.000597"/>
</kw>
<kw name="Log" owner="BuiltIn">
<msg time="2024-06-05T13:17:48.242037" level="INFO">{'results': [{'gender': 'male', 'name': {'title': 'Mr', 'first': 'Melvin', 'last': 'Holt'}, 'location': {'street': {'number': 4668, 'name': 'Mill Lane'}, 'city': 'Norwich', 'state': 'Staffordshire', 'country': 'United Kingdom', 'postcode': 'I6Q 1NS', 'coordinates': {'latitude': '-12.5420', 'longitude': '-45.4874'}, 'timezone': {'offset': '+1:00', 'description': 'Brussels, Copenhagen, Madrid, Paris'}}, 'email': 'melvin.holt@example.com', 'login': {'uuid': 'a67779de-b847-4ef6-8ed7-ff6797dc8dac', 'username': 'ticklishladybug964', 'password': 'usmc', 'salt': 'RGpD49xX', 'md5': '3da5ec245583ad7842beb42216eb0ba4', 'sha1': '2858eddcd410f30dc14586bfc2c9d1eea02351e8', 'sha256': '48ac841fe76a37932bcbaef9ed35d693b372b5e9ae074863e800a78219a1186b'}, 'dob': {'date': '2000-01-26T22:40:10.964Z', 'age': 24}, 'registered': {'date': '2009-12-01T16:28:01.698Z', 'age': 14}, 'phone': '0191 448 1276', 'cell': '07312 974848', 'id': {'name': 'NINO', 'value': 'SH 64 18 12 Y'}, 'picture': {'large': 'https://randomuser.me/api/portraits/men/47.jpg', 'medium': 'https://randomuser.me/api/portraits/med/men/47.jpg', 'thumbnail': 'https://randomuser.me/api/portraits/thumb/men/47.jpg'}, 'nat': 'GB'}], 'info': {'seed': '49903aa1dd405b70', 'results': 1, 'page': 1, 'version': '1.4'}}</msg>
<arg>${json_data}</arg>
<doc>Logs the given message with the given level.</doc>
<status status="PASS" start="2024-06-05T13:17:48.241823" elapsed="0.000267"/>
</kw>
<kw name="Dictionary Should Contain Key" owner="Collections">
<msg time="2024-06-05T13:17:48.242612" level="INFO">False</msg>
<arg>${json_data}</arg>
<arg>results</arg>
<doc>Fails if ``key`` is not found from ``dictionary``.</doc>
<status status="PASS" start="2024-06-05T13:17:48.242432" elapsed="0.000219"/>
</kw>
<kw name="Should Not Be Empty" owner="BuiltIn">
<msg time="2024-06-05T13:17:48.243089" level="INFO">Length is 2.</msg>
<arg>${json_data}</arg>
<doc>Verifies that the given item is not empty.</doc>
<status status="PASS" start="2024-06-05T13:17:48.242953" elapsed="0.000176"/>
</kw>
<kw name="Create List" owner="BuiltIn">
<msg time="2024-06-05T13:17:48.243647" level="INFO">${expected_keys} = ['gender', 'name', 'location', 'email', 'login']</msg>
<var>${expected_keys}</var>
<arg>gender</arg>
<arg>name</arg>
<arg>location</arg>
<arg>email</arg>
<arg>login</arg>
<doc>Returns a list containing given items.</doc>
<status status="PASS" start="2024-06-05T13:17:48.243485" elapsed="0.000188"/>
</kw>
<for flavor="IN">
<iter>
<kw name="Dictionary Should Contain Key" owner="Collections">
<msg time="2024-06-05T13:17:48.244703" level="INFO">False</msg>
<arg>${json_data['results'][0]}</arg>
<arg>${key}</arg>
<doc>Fails if ``key`` is not found from ``dictionary``.</doc>
<status status="PASS" start="2024-06-05T13:17:48.244287" elapsed="0.000467"/>
</kw>
<kw name="Log" owner="BuiltIn">
<msg time="2024-06-05T13:17:48.245441" level="INFO">{'gender': 'male', 'name': {'title': 'Mr', 'first': 'Melvin', 'last': 'Holt'}, 'location': {'street': {'number': 4668, 'name': 'Mill Lane'}, 'city': 'Norwich', 'state': 'Staffordshire', 'country': 'United Kingdom', 'postcode': 'I6Q 1NS', 'coordinates': {'latitude': '-12.5420', 'longitude': '-45.4874'}, 'timezone': {'offset': '+1:00', 'description': 'Brussels, Copenhagen, Madrid, Paris'}}, 'email': 'melvin.holt@example.com', 'login': {'uuid': 'a67779de-b847-4ef6-8ed7-ff6797dc8dac', 'username': 'ticklishladybug964', 'password': 'usmc', 'salt': 'RGpD49xX', 'md5': '3da5ec245583ad7842beb42216eb0ba4', 'sha1': '2858eddcd410f30dc14586bfc2c9d1eea02351e8', 'sha256': '48ac841fe76a37932bcbaef9ed35d693b372b5e9ae074863e800a78219a1186b'}, 'dob': {'date': '2000-01-26T22:40:10.964Z', 'age': 24}, 'registered': {'date': '2009-12-01T16:28:01.698Z', 'age': 14}, 'phone': '0191 448 1276', 'cell': '07312 974848', 'id': {'name': 'NINO', 'value': 'SH 64 18 12 Y'}, 'picture': {'large': 'https://randomuser.me/api/portraits/men/47.jpg', 'medium': 'https://randomuser.me/api/portraits/med/men/47.jpg', 'thumbnail': 'https://randomuser.me/api/portraits/thumb/men/47.jpg'}, 'nat': 'GB'}</msg>
<arg>${json_data['results'][0]}</arg>
<doc>Logs the given message with the given level.</doc>
<status status="PASS" start="2024-06-05T13:17:48.245064" elapsed="0.000427"/>
</kw>
<kw name="Log" owner="BuiltIn">
<msg time="2024-06-05T13:17:48.245970" level="INFO">gender</msg>
<arg>${key}</arg>
<doc>Logs the given message with the given level.</doc>
<status status="PASS" start="2024-06-05T13:17:48.245801" elapsed="0.000208"/>
</kw>
<var name="${key}">gender</var>
<status status="PASS" start="2024-06-05T13:17:48.244155" elapsed="0.002082"/>
</iter>
<iter>
<kw name="Dictionary Should Contain Key" owner="Collections">
<msg time="2024-06-05T13:17:48.246949" level="INFO">False</msg>
<arg>${json_data['results'][0]}</arg>
<arg>${key}</arg>
<doc>Fails if ``key`` is not found from ``dictionary``.</doc>
<status status="PASS" start="2024-06-05T13:17:48.246554" elapsed="0.000433"/>
</kw>
<kw name="Log" owner="BuiltIn">
<msg time="2024-06-05T13:17:48.247708" level="INFO">{'gender': 'male', 'name': {'title': 'Mr', 'first': 'Melvin', 'last': 'Holt'}, 'location': {'street': {'number': 4668, 'name': 'Mill Lane'}, 'city': 'Norwich', 'state': 'Staffordshire', 'country': 'United Kingdom', 'postcode': 'I6Q 1NS', 'coordinates': {'latitude': '-12.5420', 'longitude': '-45.4874'}, 'timezone': {'offset': '+1:00', 'description': 'Brussels, Copenhagen, Madrid, Paris'}}, 'email': 'melvin.holt@example.com', 'login': {'uuid': 'a67779de-b847-4ef6-8ed7-ff6797dc8dac', 'username': 'ticklishladybug964', 'password': 'usmc', 'salt': 'RGpD49xX', 'md5': '3da5ec245583ad7842beb42216eb0ba4', 'sha1': '2858eddcd410f30dc14586bfc2c9d1eea02351e8', 'sha256': '48ac841fe76a37932bcbaef9ed35d693b372b5e9ae074863e800a78219a1186b'}, 'dob': {'date': '2000-01-26T22:40:10.964Z', 'age': 24}, 'registered': {'date': '2009-12-01T16:28:01.698Z', 'age': 14}, 'phone': '0191 448 1276', 'cell': '07312 974848', 'id': {'name': 'NINO', 'value': 'SH 64 18 12 Y'}, 'picture': {'large': 'https://randomuser.me/api/portraits/men/47.jpg', 'medium': 'https://randomuser.me/api/portraits/med/men/47.jpg', 'thumbnail': 'https://randomuser.me/api/portraits/thumb/men/47.jpg'}, 'nat': 'GB'}</msg>
<arg>${json_data['results'][0]}</arg>
<doc>Logs the given message with the given level.</doc>
<status status="PASS" start="2024-06-05T13:17:48.247345" elapsed="0.000413"/>
</kw>
<kw name="Log" owner="BuiltIn">
<msg time="2024-06-05T13:17:48.248198" level="INFO">name</msg>
<arg>${key}</arg>
<doc>Logs the given message with the given level.</doc>
<status status="PASS" start="2024-06-05T13:17:48.248061" elapsed="0.000177"/>
</kw>
<var name="${key}">name</var>
<status status="PASS" start="2024-06-05T13:17:48.246434" elapsed="0.002028"/>
</iter>
<iter>
<kw name="Dictionary Should Contain Key" owner="Collections">
<msg time="2024-06-05T13:17:48.249143" level="INFO">False</msg>
<arg>${json_data['results'][0]}</arg>
<arg>${key}</arg>
<doc>Fails if ``key`` is not found from ``dictionary``.</doc>
<status status="PASS" start="2024-06-05T13:17:48.248763" elapsed="0.000419"/>
</kw>
<kw name="Log" owner="BuiltIn">
<msg time="2024-06-05T13:17:48.249903" level="INFO">{'gender': 'male', 'name': {'title': 'Mr', 'first': 'Melvin', 'last': 'Holt'}, 'location': {'street': {'number': 4668, 'name': 'Mill Lane'}, 'city': 'Norwich', 'state': 'Staffordshire', 'country': 'United Kingdom', 'postcode': 'I6Q 1NS', 'coordinates': {'latitude': '-12.5420', 'longitude': '-45.4874'}, 'timezone': {'offset': '+1:00', 'description': 'Brussels, Copenhagen, Madrid, Paris'}}, 'email': 'melvin.holt@example.com', 'login': {'uuid': 'a67779de-b847-4ef6-8ed7-ff6797dc8dac', 'username': 'ticklishladybug964', 'password': 'usmc', 'salt': 'RGpD49xX', 'md5': '3da5ec245583ad7842beb42216eb0ba4', 'sha1': '2858eddcd410f30dc14586bfc2c9d1eea02351e8', 'sha256': '48ac841fe76a37932bcbaef9ed35d693b372b5e9ae074863e800a78219a1186b'}, 'dob': {'date': '2000-01-26T22:40:10.964Z', 'age': 24}, 'registered': {'date': '2009-12-01T16:28:01.698Z', 'age': 14}, 'phone': '0191 448 1276', 'cell': '07312 974848', 'id': {'name': 'NINO', 'value': 'SH 64 18 12 Y'}, 'picture': {'large': 'https://randomuser.me/api/portraits/men/47.jpg', 'medium': 'https://randomuser.me/api/portraits/med/men/47.jpg', 'thumbnail': 'https://randomuser.me/api/portraits/thumb/men/47.jpg'}, 'nat': 'GB'}</msg>
<arg>${json_data['results'][0]}</arg>
<doc>Logs the given message with the given level.</doc>
<status status="PASS" start="2024-06-05T13:17:48.249489" elapsed="0.000485"/>
</kw>
<kw name="Log" owner="BuiltIn">
<msg time="2024-06-05T13:17:48.250427" level="INFO">location</msg>
<arg>${key}</arg>
<doc>Logs the given message with the given level.</doc>
<status status="PASS" start="2024-06-05T13:17:48.250293" elapsed="0.000174"/>
</kw>
<var name="${key}">location</var>
<status status="PASS" start="2024-06-05T13:17:48.248647" elapsed="0.002041"/>
</iter>
<iter>
<kw name="Dictionary Should Contain Key" owner="Collections">
<msg time="2024-06-05T13:17:48.251492" level="INFO">False</msg>
<arg>${json_data['results'][0]}</arg>
<arg>${key}</arg>
<doc>Fails if ``key`` is not found from ``dictionary``.</doc>
<status status="PASS" start="2024-06-05T13:17:48.250983" elapsed="0.000548"/>
</kw>
<kw name="Log" owner="BuiltIn">
<msg time="2024-06-05T13:17:48.252206" level="INFO">{'gender': 'male', 'name': {'title': 'Mr', 'first': 'Melvin', 'last': 'Holt'}, 'location': {'street': {'number': 4668, 'name': 'Mill Lane'}, 'city': 'Norwich', 'state': 'Staffordshire', 'country': 'United Kingdom', 'postcode': 'I6Q 1NS', 'coordinates': {'latitude': '-12.5420', 'longitude': '-45.4874'}, 'timezone': {'offset': '+1:00', 'description': 'Brussels, Copenhagen, Madrid, Paris'}}, 'email': 'melvin.holt@example.com', 'login': {'uuid': 'a67779de-b847-4ef6-8ed7-ff6797dc8dac', 'username': 'ticklishladybug964', 'password': 'usmc', 'salt': 'RGpD49xX', 'md5': '3da5ec245583ad7842beb42216eb0ba4', 'sha1': '2858eddcd410f30dc14586bfc2c9d1eea02351e8', 'sha256': '48ac841fe76a37932bcbaef9ed35d693b372b5e9ae074863e800a78219a1186b'}, 'dob': {'date': '2000-01-26T22:40:10.964Z', 'age': 24}, 'registered': {'date': '2009-12-01T16:28:01.698Z', 'age': 14}, 'phone': '0191 448 1276', 'cell': '07312 974848', 'id': {'name': 'NINO', 'value': 'SH 64 18 12 Y'}, 'picture': {'large': 'https://randomuser.me/api/portraits/men/47.jpg', 'medium': 'https://randomuser.me/api/portraits/med/men/47.jpg', 'thumbnail': 'https://randomuser.me/api/portraits/thumb/men/47.jpg'}, 'nat': 'GB'}</msg>
<arg>${json_data['results'][0]}</arg>
<doc>Logs the given message with the given level.</doc>
<status status="PASS" start="2024-06-05T13:17:48.251838" elapsed="0.000417"/>
</kw>
<kw name="Log" owner="BuiltIn">
<msg time="2024-06-05T13:17:48.252703" level="INFO">email</msg>
<arg>${key}</arg>
<doc>Logs the given message with the given level.</doc>
<status status="PASS" start="2024-06-05T13:17:48.252571" elapsed="0.000170"/>
</kw>
<var name="${key}">email</var>
<status status="PASS" start="2024-06-05T13:17:48.250867" elapsed="0.002092"/>
</iter>
<iter>
<kw name="Dictionary Should Contain Key" owner="Collections">
<msg time="2024-06-05T13:17:48.253640" level="INFO">False</msg>
<arg>${json_data['results'][0]}</arg>
<arg>${key}</arg>
<doc>Fails if ``key`` is not found from ``dictionary``.</doc>
<status status="PASS" start="2024-06-05T13:17:48.253256" elapsed="0.000423"/>
</kw>
<kw name="Log" owner="BuiltIn">
<msg time="2024-06-05T13:17:48.254377" level="INFO">{'gender': 'male', 'name': {'title': 'Mr', 'first': 'Melvin', 'last': 'Holt'}, 'location': {'street': {'number': 4668, 'name': 'Mill Lane'}, 'city': 'Norwich', 'state': 'Staffordshire', 'country': 'United Kingdom', 'postcode': 'I6Q 1NS', 'coordinates': {'latitude': '-12.5420', 'longitude': '-45.4874'}, 'timezone': {'offset': '+1:00', 'description': 'Brussels, Copenhagen, Madrid, Paris'}}, 'email': 'melvin.holt@example.com', 'login': {'uuid': 'a67779de-b847-4ef6-8ed7-ff6797dc8dac', 'username': 'ticklishladybug964', 'password': 'usmc', 'salt': 'RGpD49xX', 'md5': '3da5ec245583ad7842beb42216eb0ba4', 'sha1': '2858eddcd410f30dc14586bfc2c9d1eea02351e8', 'sha256': '48ac841fe76a37932bcbaef9ed35d693b372b5e9ae074863e800a78219a1186b'}, 'dob': {'date': '2000-01-26T22:40:10.964Z', 'age': 24}, 'registered': {'date': '2009-12-01T16:28:01.698Z', 'age': 14}, 'phone': '0191 448 1276', 'cell': '07312 974848', 'id': {'name': 'NINO', 'value': 'SH 64 18 12 Y'}, 'picture': {'large': 'https://randomuser.me/api/portraits/men/47.jpg', 'medium': 'https://randomuser.me/api/portraits/med/men/47.jpg', 'thumbnail': 'https://randomuser.me/api/portraits/thumb/men/47.jpg'}, 'nat': 'GB'}</msg>
<arg>${json_data['results'][0]}</arg>
<doc>Logs the given message with the given level.</doc>
<status status="PASS" start="2024-06-05T13:17:48.254011" elapsed="0.000414"/>
</kw>
<kw name="Log" owner="BuiltIn">
<msg time="2024-06-05T13:17:48.254897" level="INFO">login</msg>
<arg>${key}</arg>
<doc>Logs the given message with the given level.</doc>
<status status="PASS" start="2024-06-05T13:17:48.254768" elapsed="0.000168"/>
</kw>
<var name="${key}">login</var>
<status status="PASS" start="2024-06-05T13:17:48.253138" elapsed="0.002048"/>
</iter>
<var>${key}</var>
<value>@{expected_keys}</value>
<status status="PASS" start="2024-06-05T13:17:48.243945" elapsed="0.011369"/>
</for>
<kw name="Create List" owner="BuiltIn">
<msg time="2024-06-05T13:17:48.255654" level="INFO">${expected_keysTwo} = ['username', 'password']</msg>
<var>${expected_keysTwo}</var>
<arg>username</arg>
<arg>password</arg>
<doc>Returns a list containing given items.</doc>
<status status="PASS" start="2024-06-05T13:17:48.255515" elapsed="0.000163"/>
</kw>
<for flavor="IN">
<iter>
<kw name="Dictionary Should Contain Key" owner="Collections">
<msg time="2024-06-05T13:17:48.256591" level="INFO">False</msg>
<arg>${json_data['results'][0]['login']}</arg>
<arg>${keyTwo}</arg>
<doc>Fails if ``key`` is not found from ``dictionary``.</doc>
<status status="PASS" start="2024-06-05T13:17:48.256193" elapsed="0.000437"/>
</kw>
<kw name="Dictionary Should Contain Key" owner="Collections">
<msg time="2024-06-05T13:17:48.257324" level="INFO">False</msg>
<arg>${json_data['results'][0]['login']}</arg>
<arg>${keyTwo}</arg>
<doc>Fails if ``key`` is not found from ``dictionary``.</doc>
<status status="PASS" start="2024-06-05T13:17:48.256929" elapsed="0.000435"/>
</kw>
<kw name="Log" owner="BuiltIn">
<msg time="2024-06-05T13:17:48.257795" level="INFO">username</msg>
<arg>${keyTwo}</arg>
<doc>Logs the given message with the given level.</doc>
<status status="PASS" start="2024-06-05T13:17:48.257664" elapsed="0.000169"/>
</kw>
<var name="${keyTwo}">username</var>
<status status="PASS" start="2024-06-05T13:17:48.256081" elapsed="0.002019"/>
</iter>
<iter>
<kw name="Dictionary Should Contain Key" owner="Collections">
<msg time="2024-06-05T13:17:48.258776" level="INFO">False</msg>
<arg>${json_data['results'][0]['login']}</arg>
<arg>${keyTwo}</arg>
<doc>Fails if ``key`` is not found from ``dictionary``.</doc>
<status status="PASS" start="2024-06-05T13:17:48.258390" elapsed="0.000425"/>
</kw>
<kw name="Dictionary Should Contain Key" owner="Collections">
<msg time="2024-06-05T13:17:48.259516" level="INFO">False</msg>
<arg>${json_data['results'][0]['login']}</arg>
<arg>${keyTwo}</arg>
<doc>Fails if ``key`` is not found from ``dictionary``.</doc>
<status status="PASS" start="2024-06-05T13:17:48.259126" elapsed="0.000441"/>
</kw>
<kw name="Log" owner="BuiltIn">
<msg time="2024-06-05T13:17:48.260041" level="INFO">password</msg>
<arg>${keyTwo}</arg>
<doc>Logs the given message with the given level.</doc>
<status status="PASS" start="2024-06-05T13:17:48.259905" elapsed="0.000174"/>
</kw>
<var name="${keyTwo}">password</var>
<status status="PASS" start="2024-06-05T13:17:48.258275" elapsed="0.002024"/>
</iter>
<var>${keyTwo}</var>
<value>@{expected_keysTwo}</value>
<status status="PASS" start="2024-06-05T13:17:48.255923" elapsed="0.004499"/>
</for>
<status status="PASS" start="2024-06-05T13:17:48.139423" elapsed="0.121144"/>
</kw>
<doc>Testa a estrutura da resposta da API.</doc>
<tag>testeEstruturaResposta</tag>
<status status="PASS" start="2024-06-05T13:17:48.138890" elapsed="0.121841"/>
</test>
<test id="s1-s1-t4" name="Validar tipos de dados" line="28">
<kw name="Teste de Tipos de Dados" owner="random-user-service">
<kw name="GET On Session" owner="RequestsLibrary">
<msg time="2024-06-05T13:17:48.350078" level="INFO">GET Request : url=https://randomuser.me/api 
 path_url=/api 
 headers={'User-Agent': 'python-requests/2.32.3', 'Accept-Encoding': 'gzip, deflate', 'Accept': '*/*', 'Connection': 'keep-alive'} 
 body=None 
 </msg>
<msg time="2024-06-05T13:17:48.350199" level="INFO">GET Response : url=https://randomuser.me/api 
 status=200, reason=OK 
 headers={'Date': 'Wed, 05 Jun 2024 13:17:48 GMT', 'Content-Type': 'application/json; charset=utf-8', 'Transfer-Encoding': 'chunked', 'Connection': 'keep-alive', 'X-Powered-By': 'Express', 'Access-Control-Allow-Origin': '*', 'Cache-Control': 'no-cache', 'ETag': 'W/"47b-PkgpSpNtLILQ2ZeXkRzNtpndJqw"', 'Vary': 'Accept-Encoding', 'Content-Encoding': 'gzip', 'CF-Cache-Status': 'DYNAMIC', 'Report-To': '{"endpoints":[{"url":"https:\\/\\/a.nel.cloudflare.com\\/report\\/v4?s=M2eBkUn%2BScRW1WetrcXaCMvdDqi4nH9tH5q%2Bna7ZIjKpkaFTZhKcBK4Kp09pOYkQQsZNlLpeMEEa1x0Y8XyoqT0csEf49pLHBxAMmGoY4oUlWkxfrtn8UvOPG6VUxixY"}],"group":"cf-nel","max_age":604800}', 'NEL': '{"success_fraction":0,"report_to":"cf-nel","max_age":604800}', 'Server': 'cloudflare', 'CF-RAY': '88f071e8ac0f67ef-SJC', 'alt-svc': 'h3=":443"; ma=86400'} 
 body={"results":[{"gender":"male","name":{"title":"Mr","first":"Gregory","last":"Graves"},"location":{"street":{"number":5927,"name":"George Street"},"city":"Lusk","state":"South Dublin","country":"Ireland","postcode":23270,"coordinates":{"latitude":"1.1833","longitude":"-149.4691"},"timezone":{"offset":"+9:30","description":"Adelaide, Darwin"}},"email":"gregory.graves@example.com","login":{"uuid":"65e939c2-339d-4696-81db-856f8db3f407","username":"ticklishpanda605","password":"archie","salt":"ooJZxLxH","md5":"61997a7befb56af2cbd4037e8ee287ef","sha1":"e57785a670b2d1edfa472db04ac9859fa8ccc993","sha256":"98614bab7997d0243ab72fed0d84d5c2ba28e337743f3b50151d0cea25b76df6"},"dob":{"date":"1963-06-24T13:39:53.906Z","age":60},"registered":{"date":"2009-11-14T21:39:14.642Z","age":14},"phone":"041-872-9204","cell":"081-771-8075","id":{"name":"PPS","value":"5355249T"},"picture":{"large":"https://randomuser.me/api/portraits/men/98.jpg","medium":"https://randomuser.me/api/portraits/med/men/98.jpg","thumbnail":"https://randomuser.me/api/portraits/thumb/men/98.jpg"},"nat":"IE"}],"info":{"seed":"275db7d2af64315f","results":1,"page":1,"version":"1.4"}} 
 </msg>
<msg time="2024-06-05T13:17:48.350285" level="INFO">/opt/hostedtoolcache/Python/3.12.3/x64/lib/python3.12/site-packages/urllib3/connectionpool.py:1103: InsecureRequestWarning: Unverified HTTPS request is being made to host 'randomuser.me'. Adding certificate verification is strongly advised. See: https://urllib3.readthedocs.io/en/latest/advanced-usage.html#tls-warnings
  warnings.warn(</msg>
<msg time="2024-06-05T13:17:48.350451" level="INFO">${response} = &lt;Response [200]&gt;</msg>
<var>${response}</var>
<arg>consultarAPI</arg>
<arg>/api</arg>
<doc>Sends a GET request on a previously created HTTP Session.</doc>
<status status="PASS" start="2024-06-05T13:17:48.263433" elapsed="0.087064"/>
</kw>
<kw name="Set Variable" owner="BuiltIn">
<msg time="2024-06-05T13:17:48.351608" level="INFO">${json_data} = {'results': [{'gender': 'male', 'name': {'title': 'Mr', 'first': 'Gregory', 'last': 'Graves'}, 'location': {'street': {'number': 5927, 'name': 'George Street'}, 'city': 'Lusk', 'state': 'South Dublin'...</msg>
<var>${json_data}</var>
<arg>${response.json()}</arg>
<doc>Returns the given values which can then be assigned to a variables.</doc>
<status status="PASS" start="2024-06-05T13:17:48.351048" elapsed="0.000591"/>
</kw>
<kw name="Log" owner="BuiltIn">
<msg time="2024-06-05T13:17:48.352140" level="INFO">{'results': [{'gender': 'male', 'name': {'title': 'Mr', 'first': 'Gregory', 'last': 'Graves'}, 'location': {'street': {'number': 5927, 'name': 'George Street'}, 'city': 'Lusk', 'state': 'South Dublin', 'country': 'Ireland', 'postcode': 23270, 'coordinates': {'latitude': '1.1833', 'longitude': '-149.4691'}, 'timezone': {'offset': '+9:30', 'description': 'Adelaide, Darwin'}}, 'email': 'gregory.graves@example.com', 'login': {'uuid': '65e939c2-339d-4696-81db-856f8db3f407', 'username': 'ticklishpanda605', 'password': 'archie', 'salt': 'ooJZxLxH', 'md5': '61997a7befb56af2cbd4037e8ee287ef', 'sha1': 'e57785a670b2d1edfa472db04ac9859fa8ccc993', 'sha256': '98614bab7997d0243ab72fed0d84d5c2ba28e337743f3b50151d0cea25b76df6'}, 'dob': {'date': '1963-06-24T13:39:53.906Z', 'age': 60}, 'registered': {'date': '2009-11-14T21:39:14.642Z', 'age': 14}, 'phone': '041-872-9204', 'cell': '081-771-8075', 'id': {'name': 'PPS', 'value': '5355249T'}, 'picture': {'large': 'https://randomuser.me/api/portraits/men/98.jpg', 'medium': 'https://randomuser.me/api/portraits/med/men/98.jpg', 'thumbnail': 'https://randomuser.me/api/portraits/thumb/men/98.jpg'}, 'nat': 'IE'}], 'info': {'seed': '275db7d2af64315f', 'results': 1, 'page': 1, 'version': '1.4'}}</msg>
<arg>${json_data}</arg>
<doc>Logs the given message with the given level.</doc>
<status status="PASS" start="2024-06-05T13:17:48.351975" elapsed="0.000272"/>
</kw>
<kw name="Should Be String" owner="String">
<arg>${json_data['results'][0]['gender']}</arg>
<doc>Fails if the given ``item`` is not a string.</doc>
<status status="PASS" start="2024-06-05T13:17:48.352573" elapsed="0.000415"/>
</kw>
<kw name="Should Match Regexp" owner="BuiltIn">
<arg>${json_data['results'][0]['email']}</arg>
<arg>^[a-zA-Z0-9._%+-]+@[a-zA-Z0-9.-]+\.[a-zA-Z]{2,}$</arg>
<doc>Fails if ``string`` does not match ``pattern`` as a regular expression.</doc>
<status status="PASS" start="2024-06-05T13:17:48.353188" elapsed="0.000798"/>
</kw>
<kw name="Should Match Regexp" owner="BuiltIn">
<arg>${json_data['results'][0]['dob']['date']}</arg>
<arg>\\d{4}-\\d{2}-\\d{2}T\\d{2}:\\d{2}:\\d{2}\\.\\d{3}Z</arg>
<doc>Fails if ``string`` does not match ``pattern`` as a regular expression.</doc>
<status status="PASS" start="2024-06-05T13:17:48.354192" elapsed="0.000504"/>
</kw>
<kw name="Should Match Regexp" owner="BuiltIn">
<arg>${json_data['results'][0]['registered']['date']}</arg>
<arg>\\d{4}-\\d{2}-\\d{2}T\\d{2}:\\d{2}:\\d{2}\\.\\d{3}Z</arg>
<doc>Fails if ``string`` does not match ``pattern`` as a regular expression.</doc>
<status status="PASS" start="2024-06-05T13:17:48.354894" elapsed="0.000377"/>
</kw>
<kw name="Should Match Regexp" owner="BuiltIn">
<arg>${json_data['results'][0]['picture']['large']}</arg>
<arg>^https?://.*\.(?:png|jpe?g|gif|bmp)$</arg>
<doc>Fails if ``string`` does not match ``pattern`` as a regular expression.</doc>
<status status="PASS" start="2024-06-05T13:17:48.355463" elapsed="0.000471"/>
</kw>
<kw name="Should Match Regexp" owner="BuiltIn">
<arg>${json_data['results'][0]['picture']['medium']}</arg>
<arg>^https?://.*\.(?:png|jpe?g|gif|bmp)$</arg>
<doc>Fails if ``string`` does not match ``pattern`` as a regular expression.</doc>
<status status="PASS" start="2024-06-05T13:17:48.356127" elapsed="0.000370"/>
</kw>
<kw name="Should Match Regexp" owner="BuiltIn">
<arg>${json_data['results'][0]['picture']['thumbnail']}</arg>
<arg>^https?://.*\.(?:png|jpe?g|gif|bmp)$</arg>
<doc>Fails if ``string`` does not match ``pattern`` as a regular expression.</doc>
<status status="PASS" start="2024-06-05T13:17:48.356688" elapsed="0.000353"/>
</kw>
<kw name="Log" owner="BuiltIn">
<msg time="2024-06-05T13:17:48.357566" level="INFO">{'large': 'https://randomuser.me/api/portraits/men/98.jpg', 'medium': 'https://randomuser.me/api/portraits/med/men/98.jpg', 'thumbnail': 'https://randomuser.me/api/portraits/thumb/men/98.jpg'}</msg>
<arg>${json_data['results'][0]['picture']}</arg>
<doc>Logs the given message with the given level.</doc>
<status status="PASS" start="2024-06-05T13:17:48.357227" elapsed="0.000384"/>
</kw>
<status status="PASS" start="2024-06-05T13:17:48.263188" elapsed="0.094716"/>
</kw>
<kw name="Teste de Tipos de Dados - Postcode" owner="random-user-service">
<kw name="GET On Session" owner="RequestsLibrary">
<msg time="2024-06-05T13:17:49.158094" level="INFO">GET Request : url=https://randomuser.me/api 
 path_url=/api 
 headers={'User-Agent': 'python-requests/2.32.3', 'Accept-Encoding': 'gzip, deflate', 'Accept': '*/*', 'Connection': 'keep-alive'} 
 body=None 
 </msg>
<msg time="2024-06-05T13:17:49.158196" level="INFO">GET Response : url=https://randomuser.me/api 
 status=200, reason=OK 
 headers={'Date': 'Wed, 05 Jun 2024 13:17:49 GMT', 'Content-Type': 'application/json; charset=utf-8', 'Transfer-Encoding': 'chunked', 'Connection': 'keep-alive', 'X-Powered-By': 'Express', 'Access-Control-Allow-Origin': '*', 'Cache-Control': 'no-cache', 'ETag': 'W/"486-DEP5u/1khqqiVy4ZHR1H0I9Pw+U"', 'Vary': 'Accept-Encoding', 'Content-Encoding': 'gzip', 'CF-Cache-Status': 'DYNAMIC', 'Report-To': '{"endpoints":[{"url":"https:\\/\\/a.nel.cloudflare.com\\/report\\/v4?s=IZJWxOfzmldZ4II7tGAwJDuCWd763cSSgd2PNxutdNWpBIJPpufnor7hhOieqe%2F6Ohpi3g1taEwraoczXQIejg954NZjd6KTnlnnHp%2B1V5SCPKB5Bp6kdqnSu7ivoswq"}],"group":"cf-nel","max_age":604800}', 'NEL': '{"success_fraction":0,"report_to":"cf-nel","max_age":604800}', 'Server': 'cloudflare', 'CF-RAY': '88f071e94c8367ef-SJC', 'alt-svc': 'h3=":443"; ma=86400'} 
 body={"results":[{"gender":"female","name":{"title":"Miss","first":"Vicenta","last":"Montero"},"location":{"street":{"number":9935,"name":"Calle de Toledo"},"city":"Torrejón de Ardoz","state":"La Rioja","country":"Spain","postcode":81229,"coordinates":{"latitude":"-32.1969","longitude":"145.0996"},"timezone":{"offset":"+5:45","description":"Kathmandu"}},"email":"vicenta.montero@example.com","login":{"uuid":"f91cfadb-ceba-4a4a-9dab-ff512c6dcd0c","username":"sadzebra972","password":"navajo","salt":"6SOOrPZ1","md5":"ff498a0b278ce6a4998557b80eae69df","sha1":"2fb5c4692639588242b11ee463cc3daea4a1e077","sha256":"f71aaf2fcc31ba6ee6e93635ffa9090b45e6382fa7afa41429ceed81f4116dae"},"dob":{"date":"1964-04-21T19:27:40.123Z","age":60},"registered":{"date":"2004-07-14T18:35:22.036Z","age":19},"phone":"973-878-075","cell":"638-777-555","id":{"name":"DNI","value":"85522741-C"},"picture":{"large":"https://randomuser.me/api/portraits/women/14.jpg","medium":"https://randomuser.me/api/portraits/med/women/14.jpg","thumbnail":"https://randomuser.me/api/portraits/thumb/women/14.jpg"},"nat":"ES"}],"info":{"seed":"62153e1c96edf4de","results":1,"page":1,"version":"1.4"}} 
 </msg>
<msg time="2024-06-05T13:17:49.158267" level="INFO">/opt/hostedtoolcache/Python/3.12.3/x64/lib/python3.12/site-packages/urllib3/connectionpool.py:1103: InsecureRequestWarning: Unverified HTTPS request is being made to host 'randomuser.me'. Adding certificate verification is strongly advised. See: https://urllib3.readthedocs.io/en/latest/advanced-usage.html#tls-warnings
  warnings.warn(</msg>
<msg time="2024-06-05T13:17:49.158410" level="INFO">${response} = &lt;Response [200]&gt;</msg>
<var>${response}</var>
<arg>consultarAPI</arg>
<arg>/api</arg>
<doc>Sends a GET request on a previously created HTTP Session.</doc>
<status status="PASS" start="2024-06-05T13:17:48.358521" elapsed="0.799932"/>
</kw>
<kw name="Set Variable" owner="BuiltIn">
<msg time="2024-06-05T13:17:49.159526" level="INFO">${json_data} = {'results': [{'gender': 'female', 'name': {'title': 'Miss', 'first': 'Vicenta', 'last': 'Montero'}, 'location': {'street': {'number': 9935, 'name': 'Calle de Toledo'}, 'city': 'Torrejón de Ardoz', 'st...</msg>
<var>${json_data}</var>
<arg>${response.json()}</arg>
<doc>Returns the given values which can then be assigned to a variables.</doc>
<status status="PASS" start="2024-06-05T13:17:49.158988" elapsed="0.000567"/>
</kw>
<kw name="Log" owner="BuiltIn">
<msg time="2024-06-05T13:17:49.160036" level="INFO">{'results': [{'gender': 'female', 'name': {'title': 'Miss', 'first': 'Vicenta', 'last': 'Montero'}, 'location': {'street': {'number': 9935, 'name': 'Calle de Toledo'}, 'city': 'Torrejón de Ardoz', 'state': 'La Rioja', 'country': 'Spain', 'postcode': 81229, 'coordinates': {'latitude': '-32.1969', 'longitude': '145.0996'}, 'timezone': {'offset': '+5:45', 'description': 'Kathmandu'}}, 'email': 'vicenta.montero@example.com', 'login': {'uuid': 'f91cfadb-ceba-4a4a-9dab-ff512c6dcd0c', 'username': 'sadzebra972', 'password': 'navajo', 'salt': '6SOOrPZ1', 'md5': 'ff498a0b278ce6a4998557b80eae69df', 'sha1': '2fb5c4692639588242b11ee463cc3daea4a1e077', 'sha256': 'f71aaf2fcc31ba6ee6e93635ffa9090b45e6382fa7afa41429ceed81f4116dae'}, 'dob': {'date': '1964-04-21T19:27:40.123Z', 'age': 60}, 'registered': {'date': '2004-07-14T18:35:22.036Z', 'age': 19}, 'phone': '973-878-075', 'cell': '638-777-555', 'id': {'name': 'DNI', 'value': '85522741-C'}, 'picture': {'large': 'https://randomuser.me/api/portraits/women/14.jpg', 'medium': 'https://randomuser.me/api/portraits/med/women/14.jpg', 'thumbnail': 'https://randomuser.me/api/portraits/thumb/women/14.jpg'}, 'nat': 'ES'}], 'info': {'seed': '62153e1c96edf4de', 'results': 1, 'page': 1, 'version': '1.4'}}</msg>
<arg>${json_data}</arg>
<doc>Logs the given message with the given level.</doc>
<status status="PASS" start="2024-06-05T13:17:49.159873" elapsed="0.000249"/>
</kw>
<kw name="Should Be Equal As Numbers" owner="BuiltIn">
<arg>${json_data['results'][0]['location']['postcode']}</arg>
<arg>${json_data['results'][0]['location']['postcode']}</arg>
<doc>Fails if objects are unequal after converting them to real numbers.</doc>
<status status="PASS" start="2024-06-05T13:17:49.160439" elapsed="0.000632"/>
</kw>
<kw name="Log" owner="BuiltIn">
<msg time="2024-06-05T13:17:49.161622" level="INFO">81229</msg>
<arg>${json_data['results'][0]['location']['postcode']}</arg>
<doc>Logs the given message with the given level.</doc>
<status status="PASS" start="2024-06-05T13:17:49.161271" elapsed="0.000392"/>
</kw>
<status status="PASS" start="2024-06-05T13:17:48.358262" elapsed="0.803699"/>
</kw>
<doc>Testa se os tipos de dados na resposta da API estão corretos.</doc>
<tag>testeTiposDados</tag>
<status status="PASS" start="2024-06-05T13:17:48.262596" elapsed="0.899555"/>
</test>
<test id="s1-s1-t5" name="Validar conteudo" line="35">
<kw name="Teste de Tipos de Conteudo" owner="random-user-service">
<kw name="GET On Session" owner="RequestsLibrary">
<msg time="2024-06-05T13:17:49.449225" level="INFO">GET Request : url=https://randomuser.me/api 
 path_url=/api 
 headers={'User-Agent': 'python-requests/2.32.3', 'Accept-Encoding': 'gzip, deflate', 'Accept': '*/*', 'Connection': 'keep-alive'} 
 body=None 
 </msg>
<msg time="2024-06-05T13:17:49.449341" level="INFO">GET Response : url=https://randomuser.me/api 
 status=200, reason=OK 
 headers={'Date': 'Wed, 05 Jun 2024 13:17:49 GMT', 'Content-Type': 'application/json; charset=utf-8', 'Transfer-Encoding': 'chunked', 'Connection': 'keep-alive', 'X-Powered-By': 'Express', 'Access-Control-Allow-Origin': '*', 'Cache-Control': 'no-cache', 'ETag': 'W/"49d-IslQ19RDEstcJjdet4A5BHQAeLM"', 'Vary': 'Accept-Encoding', 'Content-Encoding': 'gzip', 'CF-Cache-Status': 'DYNAMIC', 'Report-To': '{"endpoints":[{"url":"https:\\/\\/a.nel.cloudflare.com\\/report\\/v4?s=hM1gi274Q%2F5fQK7R9MlBczNT8Ynw7QQAdXTO0xrYI3yG2XdwHs%2FYiCWS0fCK%2B4%2FAKgSchFIjPBL9ekbvRtqIRJZeJ60LRJtIE9OLHoKRLoZiKFthUxRjz4oirGah4e3d"}],"group":"cf-nel","max_age":604800}', 'NEL': '{"success_fraction":0,"report_to":"cf-nel","max_age":604800}', 'Server': 'cloudflare', 'CF-RAY': '88f071ee489267ef-SJC', 'alt-svc': 'h3=":443"; ma=86400'} 
 body={"results":[{"gender":"female","name":{"title":"Ms","first":"Mónica","last":"Prieto"},"location":{"street":{"number":1604,"name":"Calle Mota"},"city":"Torrevieja","state":"Cataluña","country":"Spain","postcode":81439,"coordinates":{"latitude":"-31.5385","longitude":"17.2422"},"timezone":{"offset":"0:00","description":"Western Europe Time, London, Lisbon, Casablanca"}},"email":"monica.prieto@example.com","login":{"uuid":"bbc72de6-cc3e-4539-a1e4-1501501235e8","username":"crazybutterfly429","password":"thor","salt":"Wo6wmJkh","md5":"c6a1db9a8d3af5eb4191efc473ceb6e7","sha1":"135fef82f658182d3cd1ac3d34d60ce7fa97786a","sha256":"de818eeb823f4ef87dd7554979fa1240600c746ded47cce980e4e0f707a27992"},"dob":{"date":"1948-03-01T23:07:37.001Z","age":76},"registered":{"date":"2004-02-25T18:43:19.536Z","age":20},"phone":"900-123-853","cell":"677-761-770","id":{"name":"DNI","value":"53372245-E"},"picture":{"large":"https://randomuser.me/api/portraits/women/33.jpg","medium":"https://randomuser.me/api/portraits/med/women/33.jpg","thumbnail":"https://randomuser.me/api/portraits/thumb/women/33.jpg"},"nat":"ES"}],"info":{"seed":"680a109d4c24fa29","results":1,"page":1,"version":"1.4"}} 
 </msg>
<msg time="2024-06-05T13:17:49.449436" level="INFO">/opt/hostedtoolcache/Python/3.12.3/x64/lib/python3.12/site-packages/urllib3/connectionpool.py:1103: InsecureRequestWarning: Unverified HTTPS request is being made to host 'randomuser.me'. Adding certificate verification is strongly advised. See: https://urllib3.readthedocs.io/en/latest/advanced-usage.html#tls-warnings
  warnings.warn(</msg>
<msg time="2024-06-05T13:17:49.449595" level="INFO">${response} = &lt;Response [200]&gt;</msg>
<var>${response}</var>
<arg>consultarAPI</arg>
<arg>/api</arg>
<doc>Sends a GET request on a previously created HTTP Session.</doc>
<status status="PASS" start="2024-06-05T13:17:49.164827" elapsed="0.284812"/>
</kw>
<kw name="Set Variable" owner="BuiltIn">
<msg time="2024-06-05T13:17:49.450737" level="INFO">${json_data} = {'results': [{'gender': 'female', 'name': {'title': 'Ms', 'first': 'Mónica', 'last': 'Prieto'}, 'location': {'street': {'number': 1604, 'name': 'Calle Mota'}, 'city': 'Torrevieja', 'state': 'Cataluña'...</msg>
<var>${json_data}</var>
<arg>${response.json()}</arg>
<doc>Returns the given values which can then be assigned to a variables.</doc>
<status status="PASS" start="2024-06-05T13:17:49.450208" elapsed="0.000559"/>
</kw>
<kw name="Set Variable" owner="BuiltIn">
<msg time="2024-06-05T13:17:49.451495" level="INFO">${name_title} = Ms</msg>
<var>${name_title}</var>
<arg>${json_data["results"][0]["name"]["title"]}</arg>
<doc>Returns the given values which can then be assigned to a variables.</doc>
<status status="PASS" start="2024-06-05T13:17:49.451108" elapsed="0.000412"/>
</kw>
<kw name="Create List" owner="BuiltIn">
<msg time="2024-06-05T13:17:49.452025" level="INFO">${allowed_titles} = ['Mr', 'Ms', 'Miss', 'Mrs', 'Madame', 'Monsieur']</msg>
<var>${allowed_titles}</var>
<arg>Mr</arg>
<arg>Ms</arg>
<arg>Miss</arg>
<arg>Mrs</arg>
<arg>Madame</arg>
<arg>Monsieur</arg>
<doc>Returns a list containing given items.</doc>
<status status="PASS" start="2024-06-05T13:17:49.451870" elapsed="0.000180"/>
</kw>
<kw name="List Should Contain Value" owner="Collections">
<msg time="2024-06-05T13:17:49.452561" level="INFO">False</msg>
<arg>${allowed_titles}</arg>
<arg>${name_title}</arg>
<doc>Fails if the ``value`` is not found from ``list``.</doc>
<status status="PASS" start="2024-06-05T13:17:49.452370" elapsed="0.000229"/>
</kw>
<kw name="Set Variable" owner="BuiltIn">
<msg time="2024-06-05T13:17:49.453483" level="INFO">${name_country} = ES</msg>
<var>${name_country}</var>
<arg>${json_data["results"][0]["nat"]}</arg>
<doc>Returns the given values which can then be assigned to a variables.</doc>
<status status="PASS" start="2024-06-05T13:17:49.452901" elapsed="0.000608"/>
</kw>
<kw name="Create List" owner="BuiltIn">
<msg time="2024-06-05T13:17:49.454478" level="INFO">${list_country} = ['AD', 'AE', 'AF', 'AG', 'AI', 'AL', 'AM', 'AO', 'AQ', 'AR', 'AS', 'AT', 'AU', 'AW', 'AX', 'AZ', 'BA', 'BB', 'BD', 'BE', 'BF', 'BG', 'BH', 'BI', 'BJ', 'BL', 'BM', 'BN', 'BO', 'BQ', 'BR', 'BS', 'BT', '...</msg>
<var>${list_country}</var>
<arg>AD</arg>
<arg>AE</arg>
<arg>AF</arg>
<arg>AG</arg>
<arg>AI</arg>
<arg>AL</arg>
<arg>AM</arg>
<arg>AO</arg>
<arg>AQ</arg>
<arg>AR</arg>
<arg>AS</arg>
<arg>AT</arg>
<arg>AU</arg>
<arg>AW</arg>
<arg>AX</arg>
<arg>AZ</arg>
<arg>BA</arg>
<arg>BB</arg>
<arg>BD</arg>
<arg>BE</arg>
<arg>BF</arg>
<arg>BG</arg>
<arg>BH</arg>
<arg>BI</arg>
<arg>BJ</arg>
<arg>BL</arg>
<arg>BM</arg>
<arg>BN</arg>
<arg>BO</arg>
<arg>BQ</arg>
<arg>BR</arg>
<arg>BS</arg>
<arg>BT</arg>
<arg>BV</arg>
<arg>BW</arg>
<arg>BY</arg>
<arg>BZ</arg>
<arg>CA</arg>
<arg>CC</arg>
<arg>CD</arg>
<arg>CF</arg>
<arg>CG</arg>
<arg>CH</arg>
<arg>CI</arg>
<arg>CK</arg>
<arg>CL</arg>
<arg>CM</arg>
<arg>CN</arg>
<arg>CO</arg>
<arg>CR</arg>
<arg>CU</arg>
<arg>CV</arg>
<arg>CW</arg>
<arg>CX</arg>
<arg>CY</arg>
<arg>CZ</arg>
<arg>DE</arg>
<arg>DJ</arg>
<arg>DK</arg>
<arg>DM</arg>
<arg>DO</arg>
<arg>DZ</arg>
<arg>EC</arg>
<arg>EE</arg>
<arg>EG</arg>
<arg>EH</arg>
<arg>ER</arg>
<arg>ES</arg>
<arg>ET</arg>
<arg>FI</arg>
<arg>FJ</arg>
<arg>FK</arg>
<arg>FM</arg>
<arg>FO</arg>
<arg>FR</arg>
<arg>GA</arg>
<arg>GB</arg>
<arg>GD</arg>
<arg>GE</arg>
<arg>GF</arg>
<arg>GG</arg>
<arg>GH</arg>
<arg>GI</arg>
<arg>GL</arg>
<arg>GM</arg>
<arg>GN</arg>
<arg>GP</arg>
<arg>GQ</arg>
<arg>GR</arg>
<arg>GS</arg>
<arg>GT</arg>
<arg>GU</arg>
<arg>GW</arg>
<arg>GY</arg>
<arg>HK</arg>
<arg>HM</arg>
<arg>HN</arg>
<arg>HR</arg>
<arg>HT</arg>
<arg>HU</arg>
<arg>ID</arg>
<arg>IE</arg>
<arg>IL</arg>
<arg>IM</arg>
<arg>IN</arg>
<arg>IO</arg>
<arg>IQ</arg>
<arg>IR</arg>
<arg>IS</arg>
<arg>IT</arg>
<arg>JE</arg>
<arg>JM</arg>
<arg>JO</arg>
<arg>JP</arg>
<arg>KE</arg>
<arg>KG</arg>
<arg>KH</arg>
<arg>KI</arg>
<arg>KM</arg>
<arg>KN</arg>
<arg>KP</arg>
<arg>KR</arg>
<arg>KW</arg>
<arg>KY</arg>
<arg>KZ</arg>
<arg>LA</arg>
<arg>LB</arg>
<arg>LC</arg>
<arg>LI</arg>
<arg>LK</arg>
<arg>LR</arg>
<arg>LS</arg>
<arg>LT</arg>
<arg>LU</arg>
<arg>LV</arg>
<arg>LY</arg>
<arg>MA</arg>
<arg>MC</arg>
<arg>MD</arg>
<arg>ME</arg>
<arg>MF</arg>
<arg>MG</arg>
<arg>MH</arg>
<arg>MK</arg>
<arg>ML</arg>
<arg>MM</arg>
<arg>MN</arg>
<arg>MO</arg>
<arg>MP</arg>
<arg>MQ</arg>
<arg>MR</arg>
<arg>MS</arg>
<arg>MT</arg>
<arg>MU</arg>
<arg>MV</arg>
<arg>MW</arg>
<arg>MX</arg>
<arg>MY</arg>
<arg>MZ</arg>
<arg>NA</arg>
<arg>NC</arg>
<arg>NE</arg>
<arg>NF</arg>
<arg>NG</arg>
<arg>NI</arg>
<arg>NL</arg>
<arg>NO</arg>
<arg>NP</arg>
<arg>NR</arg>
<arg>NU</arg>
<arg>NZ</arg>
<arg>OM</arg>
<arg>PA</arg>
<arg>PE</arg>
<arg>PF</arg>
<arg>PG</arg>
<arg>PH</arg>
<arg>PK</arg>
<arg>PL</arg>
<arg>PM</arg>
<arg>PN</arg>
<arg>PR</arg>
<arg>PS</arg>
<arg>PT</arg>
<arg>PW</arg>
<arg>PY</arg>
<arg>QA</arg>
<arg>RE</arg>
<arg>RO</arg>
<arg>RS</arg>
<arg>RU</arg>
<arg>RW</arg>
<arg>SA</arg>
<arg>SB</arg>
<arg>SC</arg>
<arg>SD</arg>
<arg>SE</arg>
<arg>SG</arg>
<arg>SH</arg>
<arg>SI</arg>
<arg>SJ</arg>
<arg>SK</arg>
<arg>SL</arg>
<arg>SM</arg>
<arg>SN</arg>
<arg>SO</arg>
<arg>SR</arg>
<arg>SS</arg>
<arg>ST</arg>
<arg>SV</arg>
<arg>SX</arg>
<arg>SY</arg>
<arg>SZ</arg>
<arg>TC</arg>
<arg>TD</arg>
<arg>TF</arg>
<arg>TG</arg>
<arg>TH</arg>
<arg>TJ</arg>
<arg>TK</arg>
<arg>TL</arg>
<arg>TM</arg>
<arg>TN</arg>
<arg>TO</arg>
<arg>TR</arg>
<arg>TT</arg>
<arg>TV</arg>
<arg>TW</arg>
<arg>TZ</arg>
<arg>UA</arg>
<arg>UG</arg>
<arg>UM</arg>
<arg>US</arg>
<arg>UY</arg>
<arg>UZ</arg>
<arg>VA</arg>
<arg>VC</arg>
<arg>VE</arg>
<arg>VG</arg>
<arg>VI</arg>
<arg>VN</arg>
<arg>VU</arg>
<arg>WF</arg>
<arg>WS</arg>
<arg>XK</arg>
<arg>YE</arg>
<arg>YT</arg>
<arg>ZA</arg>
<arg>ZM</arg>
<arg>ZW</arg>
<doc>Returns a list containing given items.</doc>
<status status="PASS" start="2024-06-05T13:17:49.453835" elapsed="0.000679"/>
</kw>
<kw name="List Should Contain Value" owner="Collections">
<msg time="2024-06-05T13:17:49.455529" level="INFO">False</msg>
<arg>${list_country}</arg>
<arg>${name_country}</arg>
<doc>Fails if the ``value`` is not found from ``list``.</doc>
<status status="PASS" start="2024-06-05T13:17:49.455318" elapsed="0.000248"/>
</kw>
<kw name="Run Keyword If" owner="BuiltIn">
<kw name="Should Be True" owner="BuiltIn">
<arg>${True}</arg>
<doc>Fails if the given condition is not true.</doc>
<status status="PASS" start="2024-06-05T13:17:49.456668" elapsed="0.000150"/>
</kw>
<arg>${json_data["results"][0]["location"]["coordinates"]["latitude"]} &gt;= -90 and ${json_data["results"][0]["location"]["coordinates"]["latitude"]} &lt;= 90</arg>
<arg>Should Be True</arg>
<arg>${True}</arg>
<doc>Runs the given keyword with the given arguments, if ``condition`` is true.</doc>
<status status="PASS" start="2024-06-05T13:17:49.455901" elapsed="0.001047"/>
</kw>
<kw name="Run Keyword If" owner="BuiltIn">
<kw name="Should Be True" owner="BuiltIn">
<arg>${True}</arg>
<doc>Fails if the given condition is not true.</doc>
<status status="PASS" start="2024-06-05T13:17:49.457852" elapsed="0.000189"/>
</kw>
<arg>${json_data["results"][0]["location"]["coordinates"]["longitude"]} &gt;= -180 and ${json_data["results"][0]["location"]["coordinates"]["longitude"]} &lt;= 180</arg>
<arg>Should Be True</arg>
<arg>${True}</arg>
<doc>Runs the given keyword with the given arguments, if ``condition`` is true.</doc>
<status status="PASS" start="2024-06-05T13:17:49.457143" elapsed="0.001034"/>
</kw>
<status status="PASS" start="2024-06-05T13:17:49.164586" elapsed="0.293725"/>
</kw>
<doc>Testa o conteúdo específico dos campos retornados pela API.</doc>
<tag>testeConteudo</tag>
<status status="PASS" start="2024-06-05T13:17:49.164015" elapsed="0.294456"/>
</test>
<status status="PASS" start="2024-06-05T13:17:47.667142" elapsed="1.793331"/>
</suite>
<status status="PASS" start="2024-06-05T13:17:47.652850" elapsed="1.812898"/>
</suite>
<statistics>
<total>
<stat pass="5" fail="0" skip="0">All Tests</stat>
</total>
<tag>
<stat pass="1" fail="0" skip="0">testeConteudo</stat>
<stat pass="1" fail="0" skip="0">testeEstruturaResposta</stat>
<stat pass="1" fail="0" skip="0">testeRequisicaoBasica</stat>
<stat pass="1" fail="0" skip="0">testeTiposDados</stat>
</tag>
<suite>
<stat pass="5" fail="0" skip="0" id="s1" name="Tests">Tests</stat>
<stat pass="5" fail="0" skip="0" id="s1-s1" name="Random-User-Test">Tests.Random-User-Test</stat>
</suite>
</statistics>
<errors>
</errors>
</robot>
