<?xml version="1.0" encoding="UTF-8"?>
<robot generator="Robot 7.0.1 (Python 3.12.3 on linux)" generated="2024-06-19T01:06:21.807045" rpa="false" schemaversion="5">
<suite id="s1" name="Tests" source="/home/runner/work/ApiRandomUser/ApiRandomUser/RamdonUser/tests">
<suite id="s1-s1" name="Random-User-Test" source="/home/runner/work/ApiRandomUser/ApiRandomUser/RamdonUser/tests/random-user-test.robot">
<test id="s1-s1-t1" name="Conectar" line="13">
<kw name="Conectar API" owner="random-user-service">
<kw name="Create Session" owner="RequestsLibrary">
<msg time="2024-06-19T01:06:22.197830" level="INFO">Creating Session using : alias=consultarAPI, url=https://randomuser.me/, headers={},                     cookies={}, auth=None, timeout=None, proxies=None, verify=False,                     debug=0 </msg>
<arg>consultarAPI</arg>
<arg>${URL}</arg>
<doc>Create Session: create a HTTP session to a server</doc>
<status status="PASS" start="2024-06-19T01:06:22.197630" elapsed="0.000391"/>
</kw>
<status status="PASS" start="2024-06-19T01:06:22.196570" elapsed="0.001810"/>
</kw>
<status status="PASS" start="2024-06-19T01:06:22.195960" elapsed="0.002618"/>
</test>
<test id="s1-s1-t2" name="Validar retorno 200 e JSON Válido" line="16">
<kw name="Teste de Requisicao Basica" owner="random-user-service">
<kw name="GET On Session" owner="RequestsLibrary">
<msg time="2024-06-19T01:06:22.466976" level="INFO">GET Request : url=https://randomuser.me/api 
 path_url=/api 
 headers={'User-Agent': 'python-requests/2.32.3', 'Accept-Encoding': 'gzip, deflate', 'Accept': '*/*', 'Connection': 'keep-alive'} 
 body=None 
 </msg>
<msg time="2024-06-19T01:06:22.467129" level="INFO">GET Response : url=https://randomuser.me/api 
 status=200, reason=OK 
 headers={'Date': 'Wed, 19 Jun 2024 01:06:22 GMT', 'Content-Type': 'application/json; charset=utf-8', 'Transfer-Encoding': 'chunked', 'Connection': 'keep-alive', 'X-Powered-By': 'Express', 'Access-Control-Allow-Origin': '*', 'Cache-Control': 'no-cache', 'ETag': 'W/"48d-0NxyiDVniiBMBsW3jccTBxTGz70"', 'Vary': 'Accept-Encoding', 'Content-Encoding': 'gzip', 'CF-Cache-Status': 'DYNAMIC', 'Report-To': '{"endpoints":[{"url":"https:\\/\\/a.nel.cloudflare.com\\/report\\/v4?s=SGXrC4Ld9puOgcEh%2Bua%2BT8x3F1JtmctBc%2BdNpWfrHCkqyGdFlxq1VfVKLLF%2Byte0NtTzCWnMB%2FY%2F7Fy2RG8FoYOu%2BflvVaKDg%2FoaFwhTkC8qtTG8QzLgKQfemCoNo54A"}],"group":"cf-nel","max_age":604800}', 'NEL': '{"success_fraction":0,"report_to":"cf-nel","max_age":604800}', 'Server': 'cloudflare', 'CF-RAY': '895f9db9a9f30262-ORD', 'alt-svc': 'h3=":443"; ma=86400'} 
 body={"results":[{"gender":"male","name":{"title":"Mr","first":"Joel","last":"Kauppi"},"location":{"street":{"number":4583,"name":"Pyynikintie"},"city":"Savitaipale","state":"Pirkanmaa","country":"Finland","postcode":58602,"coordinates":{"latitude":"-25.2297","longitude":"-59.2959"},"timezone":{"offset":"+5:30","description":"Bombay, Calcutta, Madras, New Delhi"}},"email":"joel.kauppi@example.com","login":{"uuid":"54b79c98-fc74-4dea-bb12-77ad0deeaaa8","username":"bigdog517","password":"plastic","salt":"7WBqY4Q8","md5":"3d7c5a7360d17f89dff4c9a2d428c91c","sha1":"a82bc0231857502b92d521e543ce2f9a409901cc","sha256":"01bcd7bb31cfb33543bf9ff608492c03bb00e189e511c7274fef722ba143ea75"},"dob":{"date":"1972-12-09T02:42:39.325Z","age":51},"registered":{"date":"2015-08-05T12:48:05.576Z","age":8},"phone":"02-899-666","cell":"045-646-93-92","id":{"name":"HETU","value":"NaNNA563undefined"},"picture":{"large":"https://randomuser.me/api/portraits/men/86.jpg","medium":"https://randomuser.me/api/portraits/med/men/86.jpg","thumbnail":"https://randomuser.me/api/portraits/thumb/men/86.jpg"},"nat":"FI"}],"info":{"seed":"dd2175c1cb6906ba","results":1,"page":1,"version":"1.4"}} 
 </msg>
<msg time="2024-06-19T01:06:22.467210" level="INFO">/opt/hostedtoolcache/Python/3.12.3/x64/lib/python3.12/site-packages/urllib3/connectionpool.py:1099: InsecureRequestWarning: Unverified HTTPS request is being made to host 'randomuser.me'. Adding certificate verification is strongly advised. See: https://urllib3.readthedocs.io/en/latest/advanced-usage.html#tls-warnings
  warnings.warn(</msg>
<msg time="2024-06-19T01:06:22.467374" level="INFO">${response} = &lt;Response [200]&gt;</msg>
<var>${response}</var>
<arg>consultarAPI</arg>
<arg>/api</arg>
<doc>Sends a GET request on a previously created HTTP Session.</doc>
<status status="PASS" start="2024-06-19T01:06:22.201287" elapsed="0.266136"/>
</kw>
<kw name="Should Be Equal As Numbers" owner="BuiltIn">
<msg time="2024-06-19T01:06:22.468494" level="INFO">Argument types are:
&lt;class 'int'&gt;
&lt;class 'str'&gt;</msg>
<arg>${response.status_code}</arg>
<arg>200</arg>
<doc>Fails if objects are unequal after converting them to real numbers.</doc>
<status status="PASS" start="2024-06-19T01:06:22.468039" elapsed="0.000522"/>
</kw>
<kw name="Log" owner="BuiltIn">
<msg time="2024-06-19T01:06:22.469260" level="INFO">200</msg>
<arg>${response.status_code}</arg>
<doc>Logs the given message with the given level.</doc>
<status status="PASS" start="2024-06-19T01:06:22.468906" elapsed="0.000397"/>
</kw>
<kw name="Set Variable" owner="BuiltIn">
<msg time="2024-06-19T01:06:22.470044" level="INFO">${json_data} = {'results': [{'gender': 'male', 'name': {'title': 'Mr', 'first': 'Joel', 'last': 'Kauppi'}, 'location': {'street': {'number': 4583, 'name': 'Pyynikintie'}, 'city': 'Savitaipale', 'state': 'Pirkanmaa',...</msg>
<var>${json_data}</var>
<arg>${response.json()}</arg>
<doc>Returns the given values which can then be assigned to a variables.</doc>
<status status="PASS" start="2024-06-19T01:06:22.469619" elapsed="0.000460"/>
</kw>
<kw name="Dictionary Should Contain Key" owner="Collections">
<arg>${json_data}</arg>
<arg>results</arg>
<doc>Fails if ``key`` is not found from ``dictionary``.</doc>
<status status="PASS" start="2024-06-19T01:06:22.470382" elapsed="0.000172"/>
</kw>
<status status="PASS" start="2024-06-19T01:06:22.201042" elapsed="0.269666"/>
</kw>
<doc>Testa se a API responde corretamente e retorna um objeto JSON válido.</doc>
<tag>testeRequisicaoBasica</tag>
<status status="PASS" start="2024-06-19T01:06:22.200501" elapsed="0.270389"/>
</test>
<test id="s1-s1-t3" name="Validar estrutura de resposta" line="22">
<kw name="Teste de Estrutura de Resposta" owner="random-user-service">
<kw name="GET On Session" owner="RequestsLibrary">
<msg time="2024-06-19T01:06:22.536350" level="INFO">GET Request : url=https://randomuser.me/api 
 path_url=/api 
 headers={'User-Agent': 'python-requests/2.32.3', 'Accept-Encoding': 'gzip, deflate', 'Accept': '*/*', 'Connection': 'keep-alive'} 
 body=None 
 </msg>
<msg time="2024-06-19T01:06:22.536454" level="INFO">GET Response : url=https://randomuser.me/api 
 status=200, reason=OK 
 headers={'Date': 'Wed, 19 Jun 2024 01:06:22 GMT', 'Content-Type': 'application/json; charset=utf-8', 'Transfer-Encoding': 'chunked', 'Connection': 'keep-alive', 'X-Powered-By': 'Express', 'Access-Control-Allow-Origin': '*', 'Cache-Control': 'no-cache', 'ETag': 'W/"487-T7PSjNcsAqM/G/PiBML/HPV155g"', 'Vary': 'Accept-Encoding', 'Content-Encoding': 'gzip', 'CF-Cache-Status': 'DYNAMIC', 'Report-To': '{"endpoints":[{"url":"https:\\/\\/a.nel.cloudflare.com\\/report\\/v4?s=PW9Nnfns2Wvq7BA3L7PXmBadai3bIONw75PQoJ5j2T7m1Kqn8oBSPskPGCTj9CfbZcEwSpPsB7oMxb0qxR9DqQAeUjUKXkunErPeOa8955srL4h1hUhfwgX8HNTDqM25"}],"group":"cf-nel","max_age":604800}', 'NEL': '{"success_fraction":0,"report_to":"cf-nel","max_age":604800}', 'Server': 'cloudflare', 'CF-RAY': '895f9dba7b420262-ORD', 'alt-svc': 'h3=":443"; ma=86400'} 
 body={"results":[{"gender":"male","name":{"title":"Mr","first":"Helge","last":"Decker"},"location":{"street":{"number":2473,"name":"Lindenweg"},"city":"Bischofswerda","state":"Sachsen","country":"Germany","postcode":54070,"coordinates":{"latitude":"-53.0832","longitude":"-2.0347"},"timezone":{"offset":"-8:00","description":"Pacific Time (US &amp; Canada)"}},"email":"helge.decker@example.com","login":{"uuid":"722391c7-7f93-4f76-b227-319ab4125221","username":"blackkoala275","password":"bolitas","salt":"B9Kp7DzD","md5":"48fa7ace0b7bbe80914992d4e718e5ba","sha1":"32f63b17e6dba224d4f2fc7b033b938f7cf8571b","sha256":"59f179b7091bf003652c43e6fdb885c6274c3906639713cfccf9573a8164cde5"},"dob":{"date":"1949-11-08T20:44:41.115Z","age":74},"registered":{"date":"2014-04-03T01:38:12.086Z","age":10},"phone":"0720-1311009","cell":"0172-4864238","id":{"name":"SVNR","value":"17 081149 D 472"},"picture":{"large":"https://randomuser.me/api/portraits/men/65.jpg","medium":"https://randomuser.me/api/portraits/med/men/65.jpg","thumbnail":"https://randomuser.me/api/portraits/thumb/men/65.jpg"},"nat":"DE"}],"info":{"seed":"5711ac8ff3e02e70","results":1,"page":1,"version":"1.4"}} 
 </msg>
<msg time="2024-06-19T01:06:22.536618" level="INFO">/opt/hostedtoolcache/Python/3.12.3/x64/lib/python3.12/site-packages/urllib3/connectionpool.py:1099: InsecureRequestWarning: Unverified HTTPS request is being made to host 'randomuser.me'. Adding certificate verification is strongly advised. See: https://urllib3.readthedocs.io/en/latest/advanced-usage.html#tls-warnings
  warnings.warn(</msg>
<msg time="2024-06-19T01:06:22.536753" level="INFO">${response} = &lt;Response [200]&gt;</msg>
<var>${response}</var>
<arg>consultarAPI</arg>
<arg>/api</arg>
<doc>Sends a GET request on a previously created HTTP Session.</doc>
<status status="PASS" start="2024-06-19T01:06:22.473711" elapsed="0.063082"/>
</kw>
<kw name="Set Variable" owner="BuiltIn">
<msg time="2024-06-19T01:06:22.537799" level="INFO">${json_data} = {'results': [{'gender': 'male', 'name': {'title': 'Mr', 'first': 'Helge', 'last': 'Decker'}, 'location': {'street': {'number': 2473, 'name': 'Lindenweg'}, 'city': 'Bischofswerda', 'state': 'Sachsen', ...</msg>
<var>${json_data}</var>
<arg>${response.json()}</arg>
<doc>Returns the given values which can then be assigned to a variables.</doc>
<status status="PASS" start="2024-06-19T01:06:22.537301" elapsed="0.000527"/>
</kw>
<kw name="Log" owner="BuiltIn">
<msg time="2024-06-19T01:06:22.538293" level="INFO">{'results': [{'gender': 'male', 'name': {'title': 'Mr', 'first': 'Helge', 'last': 'Decker'}, 'location': {'street': {'number': 2473, 'name': 'Lindenweg'}, 'city': 'Bischofswerda', 'state': 'Sachsen', 'country': 'Germany', 'postcode': 54070, 'coordinates': {'latitude': '-53.0832', 'longitude': '-2.0347'}, 'timezone': {'offset': '-8:00', 'description': 'Pacific Time (US &amp; Canada)'}}, 'email': 'helge.decker@example.com', 'login': {'uuid': '722391c7-7f93-4f76-b227-319ab4125221', 'username': 'blackkoala275', 'password': 'bolitas', 'salt': 'B9Kp7DzD', 'md5': '48fa7ace0b7bbe80914992d4e718e5ba', 'sha1': '32f63b17e6dba224d4f2fc7b033b938f7cf8571b', 'sha256': '59f179b7091bf003652c43e6fdb885c6274c3906639713cfccf9573a8164cde5'}, 'dob': {'date': '1949-11-08T20:44:41.115Z', 'age': 74}, 'registered': {'date': '2014-04-03T01:38:12.086Z', 'age': 10}, 'phone': '0720-1311009', 'cell': '0172-4864238', 'id': {'name': 'SVNR', 'value': '17 081149 D 472'}, 'picture': {'large': 'https://randomuser.me/api/portraits/men/65.jpg', 'medium': 'https://randomuser.me/api/portraits/med/men/65.jpg', 'thumbnail': 'https://randomuser.me/api/portraits/thumb/men/65.jpg'}, 'nat': 'DE'}], 'info': {'seed': '5711ac8ff3e02e70', 'results': 1, 'page': 1, 'version': '1.4'}}</msg>
<arg>${json_data}</arg>
<doc>Logs the given message with the given level.</doc>
<status status="PASS" start="2024-06-19T01:06:22.538135" elapsed="0.000207"/>
</kw>
<kw name="Dictionary Should Contain Key" owner="Collections">
<arg>${json_data}</arg>
<arg>results</arg>
<doc>Fails if ``key`` is not found from ``dictionary``.</doc>
<status status="PASS" start="2024-06-19T01:06:22.538634" elapsed="0.000159"/>
</kw>
<kw name="Should Not Be Empty" owner="BuiltIn">
<msg time="2024-06-19T01:06:22.539097" level="INFO">Length is 2.</msg>
<arg>${json_data}</arg>
<doc>Verifies that the given item is not empty.</doc>
<status status="PASS" start="2024-06-19T01:06:22.538974" elapsed="0.000161"/>
</kw>
<kw name="Create List" owner="BuiltIn">
<msg time="2024-06-19T01:06:22.539637" level="INFO">${expected_keys} = ['gender', 'name', 'location', 'email', 'login']</msg>
<var>${expected_keys}</var>
<arg>gender</arg>
<arg>name</arg>
<arg>location</arg>
<arg>email</arg>
<arg>login</arg>
<doc>Returns a list containing given items.</doc>
<status status="PASS" start="2024-06-19T01:06:22.539430" elapsed="0.000233"/>
</kw>
<for flavor="IN">
<iter>
<kw name="Dictionary Should Contain Key" owner="Collections">
<arg>${json_data['results'][0]}</arg>
<arg>${key}</arg>
<doc>Fails if ``key`` is not found from ``dictionary``.</doc>
<status status="PASS" start="2024-06-19T01:06:22.540263" elapsed="0.000413"/>
</kw>
<kw name="Log" owner="BuiltIn">
<msg time="2024-06-19T01:06:22.541246" level="INFO">{'gender': 'male', 'name': {'title': 'Mr', 'first': 'Helge', 'last': 'Decker'}, 'location': {'street': {'number': 2473, 'name': 'Lindenweg'}, 'city': 'Bischofswerda', 'state': 'Sachsen', 'country': 'Germany', 'postcode': 54070, 'coordinates': {'latitude': '-53.0832', 'longitude': '-2.0347'}, 'timezone': {'offset': '-8:00', 'description': 'Pacific Time (US &amp; Canada)'}}, 'email': 'helge.decker@example.com', 'login': {'uuid': '722391c7-7f93-4f76-b227-319ab4125221', 'username': 'blackkoala275', 'password': 'bolitas', 'salt': 'B9Kp7DzD', 'md5': '48fa7ace0b7bbe80914992d4e718e5ba', 'sha1': '32f63b17e6dba224d4f2fc7b033b938f7cf8571b', 'sha256': '59f179b7091bf003652c43e6fdb885c6274c3906639713cfccf9573a8164cde5'}, 'dob': {'date': '1949-11-08T20:44:41.115Z', 'age': 74}, 'registered': {'date': '2014-04-03T01:38:12.086Z', 'age': 10}, 'phone': '0720-1311009', 'cell': '0172-4864238', 'id': {'name': 'SVNR', 'value': '17 081149 D 472'}, 'picture': {'large': 'https://randomuser.me/api/portraits/men/65.jpg', 'medium': 'https://randomuser.me/api/portraits/med/men/65.jpg', 'thumbnail': 'https://randomuser.me/api/portraits/thumb/men/65.jpg'}, 'nat': 'DE'}</msg>
<arg>${json_data['results'][0]}</arg>
<doc>Logs the given message with the given level.</doc>
<status status="PASS" start="2024-06-19T01:06:22.540872" elapsed="0.000425"/>
</kw>
<kw name="Log" owner="BuiltIn">
<msg time="2024-06-19T01:06:22.541726" level="INFO">gender</msg>
<arg>${key}</arg>
<doc>Logs the given message with the given level.</doc>
<status status="PASS" start="2024-06-19T01:06:22.541596" elapsed="0.000168"/>
</kw>
<var name="${key}">gender</var>
<status status="PASS" start="2024-06-19T01:06:22.540133" elapsed="0.001852"/>
</iter>
<iter>
<kw name="Dictionary Should Contain Key" owner="Collections">
<arg>${json_data['results'][0]}</arg>
<arg>${key}</arg>
<doc>Fails if ``key`` is not found from ``dictionary``.</doc>
<status status="PASS" start="2024-06-19T01:06:22.542290" elapsed="0.000387"/>
</kw>
<kw name="Log" owner="BuiltIn">
<msg time="2024-06-19T01:06:22.543205" level="INFO">{'gender': 'male', 'name': {'title': 'Mr', 'first': 'Helge', 'last': 'Decker'}, 'location': {'street': {'number': 2473, 'name': 'Lindenweg'}, 'city': 'Bischofswerda', 'state': 'Sachsen', 'country': 'Germany', 'postcode': 54070, 'coordinates': {'latitude': '-53.0832', 'longitude': '-2.0347'}, 'timezone': {'offset': '-8:00', 'description': 'Pacific Time (US &amp; Canada)'}}, 'email': 'helge.decker@example.com', 'login': {'uuid': '722391c7-7f93-4f76-b227-319ab4125221', 'username': 'blackkoala275', 'password': 'bolitas', 'salt': 'B9Kp7DzD', 'md5': '48fa7ace0b7bbe80914992d4e718e5ba', 'sha1': '32f63b17e6dba224d4f2fc7b033b938f7cf8571b', 'sha256': '59f179b7091bf003652c43e6fdb885c6274c3906639713cfccf9573a8164cde5'}, 'dob': {'date': '1949-11-08T20:44:41.115Z', 'age': 74}, 'registered': {'date': '2014-04-03T01:38:12.086Z', 'age': 10}, 'phone': '0720-1311009', 'cell': '0172-4864238', 'id': {'name': 'SVNR', 'value': '17 081149 D 472'}, 'picture': {'large': 'https://randomuser.me/api/portraits/men/65.jpg', 'medium': 'https://randomuser.me/api/portraits/med/men/65.jpg', 'thumbnail': 'https://randomuser.me/api/portraits/thumb/men/65.jpg'}, 'nat': 'DE'}</msg>
<arg>${json_data['results'][0]}</arg>
<doc>Logs the given message with the given level.</doc>
<status status="PASS" start="2024-06-19T01:06:22.542861" elapsed="0.000425"/>
</kw>
<kw name="Log" owner="BuiltIn">
<msg time="2024-06-19T01:06:22.543763" level="INFO">name</msg>
<arg>${key}</arg>
<doc>Logs the given message with the given level.</doc>
<status status="PASS" start="2024-06-19T01:06:22.543629" elapsed="0.000173"/>
</kw>
<var name="${key}">name</var>
<status status="PASS" start="2024-06-19T01:06:22.542171" elapsed="0.001861"/>
</iter>
<iter>
<kw name="Dictionary Should Contain Key" owner="Collections">
<arg>${json_data['results'][0]}</arg>
<arg>${key}</arg>
<doc>Fails if ``key`` is not found from ``dictionary``.</doc>
<status status="PASS" start="2024-06-19T01:06:22.544327" elapsed="0.000385"/>
</kw>
<kw name="Log" owner="BuiltIn">
<msg time="2024-06-19T01:06:22.545260" level="INFO">{'gender': 'male', 'name': {'title': 'Mr', 'first': 'Helge', 'last': 'Decker'}, 'location': {'street': {'number': 2473, 'name': 'Lindenweg'}, 'city': 'Bischofswerda', 'state': 'Sachsen', 'country': 'Germany', 'postcode': 54070, 'coordinates': {'latitude': '-53.0832', 'longitude': '-2.0347'}, 'timezone': {'offset': '-8:00', 'description': 'Pacific Time (US &amp; Canada)'}}, 'email': 'helge.decker@example.com', 'login': {'uuid': '722391c7-7f93-4f76-b227-319ab4125221', 'username': 'blackkoala275', 'password': 'bolitas', 'salt': 'B9Kp7DzD', 'md5': '48fa7ace0b7bbe80914992d4e718e5ba', 'sha1': '32f63b17e6dba224d4f2fc7b033b938f7cf8571b', 'sha256': '59f179b7091bf003652c43e6fdb885c6274c3906639713cfccf9573a8164cde5'}, 'dob': {'date': '1949-11-08T20:44:41.115Z', 'age': 74}, 'registered': {'date': '2014-04-03T01:38:12.086Z', 'age': 10}, 'phone': '0720-1311009', 'cell': '0172-4864238', 'id': {'name': 'SVNR', 'value': '17 081149 D 472'}, 'picture': {'large': 'https://randomuser.me/api/portraits/men/65.jpg', 'medium': 'https://randomuser.me/api/portraits/med/men/65.jpg', 'thumbnail': 'https://randomuser.me/api/portraits/thumb/men/65.jpg'}, 'nat': 'DE'}</msg>
<arg>${json_data['results'][0]}</arg>
<doc>Logs the given message with the given level.</doc>
<status status="PASS" start="2024-06-19T01:06:22.544902" elapsed="0.000408"/>
</kw>
<kw name="Log" owner="BuiltIn">
<msg time="2024-06-19T01:06:22.545731" level="INFO">location</msg>
<arg>${key}</arg>
<doc>Logs the given message with the given level.</doc>
<status status="PASS" start="2024-06-19T01:06:22.545604" elapsed="0.000164"/>
</kw>
<var name="${key}">location</var>
<status status="PASS" start="2024-06-19T01:06:22.544216" elapsed="0.001769"/>
</iter>
<iter>
<kw name="Dictionary Should Contain Key" owner="Collections">
<arg>${json_data['results'][0]}</arg>
<arg>${key}</arg>
<doc>Fails if ``key`` is not found from ``dictionary``.</doc>
<status status="PASS" start="2024-06-19T01:06:22.546262" elapsed="0.000376"/>
</kw>
<kw name="Log" owner="BuiltIn">
<msg time="2024-06-19T01:06:22.547174" level="INFO">{'gender': 'male', 'name': {'title': 'Mr', 'first': 'Helge', 'last': 'Decker'}, 'location': {'street': {'number': 2473, 'name': 'Lindenweg'}, 'city': 'Bischofswerda', 'state': 'Sachsen', 'country': 'Germany', 'postcode': 54070, 'coordinates': {'latitude': '-53.0832', 'longitude': '-2.0347'}, 'timezone': {'offset': '-8:00', 'description': 'Pacific Time (US &amp; Canada)'}}, 'email': 'helge.decker@example.com', 'login': {'uuid': '722391c7-7f93-4f76-b227-319ab4125221', 'username': 'blackkoala275', 'password': 'bolitas', 'salt': 'B9Kp7DzD', 'md5': '48fa7ace0b7bbe80914992d4e718e5ba', 'sha1': '32f63b17e6dba224d4f2fc7b033b938f7cf8571b', 'sha256': '59f179b7091bf003652c43e6fdb885c6274c3906639713cfccf9573a8164cde5'}, 'dob': {'date': '1949-11-08T20:44:41.115Z', 'age': 74}, 'registered': {'date': '2014-04-03T01:38:12.086Z', 'age': 10}, 'phone': '0720-1311009', 'cell': '0172-4864238', 'id': {'name': 'SVNR', 'value': '17 081149 D 472'}, 'picture': {'large': 'https://randomuser.me/api/portraits/men/65.jpg', 'medium': 'https://randomuser.me/api/portraits/med/men/65.jpg', 'thumbnail': 'https://randomuser.me/api/portraits/thumb/men/65.jpg'}, 'nat': 'DE'}</msg>
<arg>${json_data['results'][0]}</arg>
<doc>Logs the given message with the given level.</doc>
<status status="PASS" start="2024-06-19T01:06:22.546822" elapsed="0.000412"/>
</kw>
<kw name="Log" owner="BuiltIn">
<msg time="2024-06-19T01:06:22.547686" level="INFO">email</msg>
<arg>${key}</arg>
<doc>Logs the given message with the given level.</doc>
<status status="PASS" start="2024-06-19T01:06:22.547548" elapsed="0.000176"/>
</kw>
<var name="${key}">email</var>
<status status="PASS" start="2024-06-19T01:06:22.546156" elapsed="0.001783"/>
</iter>
<iter>
<kw name="Dictionary Should Contain Key" owner="Collections">
<arg>${json_data['results'][0]}</arg>
<arg>${key}</arg>
<doc>Fails if ``key`` is not found from ``dictionary``.</doc>
<status status="PASS" start="2024-06-19T01:06:22.548219" elapsed="0.000379"/>
</kw>
<kw name="Log" owner="BuiltIn">
<msg time="2024-06-19T01:06:22.549136" level="INFO">{'gender': 'male', 'name': {'title': 'Mr', 'first': 'Helge', 'last': 'Decker'}, 'location': {'street': {'number': 2473, 'name': 'Lindenweg'}, 'city': 'Bischofswerda', 'state': 'Sachsen', 'country': 'Germany', 'postcode': 54070, 'coordinates': {'latitude': '-53.0832', 'longitude': '-2.0347'}, 'timezone': {'offset': '-8:00', 'description': 'Pacific Time (US &amp; Canada)'}}, 'email': 'helge.decker@example.com', 'login': {'uuid': '722391c7-7f93-4f76-b227-319ab4125221', 'username': 'blackkoala275', 'password': 'bolitas', 'salt': 'B9Kp7DzD', 'md5': '48fa7ace0b7bbe80914992d4e718e5ba', 'sha1': '32f63b17e6dba224d4f2fc7b033b938f7cf8571b', 'sha256': '59f179b7091bf003652c43e6fdb885c6274c3906639713cfccf9573a8164cde5'}, 'dob': {'date': '1949-11-08T20:44:41.115Z', 'age': 74}, 'registered': {'date': '2014-04-03T01:38:12.086Z', 'age': 10}, 'phone': '0720-1311009', 'cell': '0172-4864238', 'id': {'name': 'SVNR', 'value': '17 081149 D 472'}, 'picture': {'large': 'https://randomuser.me/api/portraits/men/65.jpg', 'medium': 'https://randomuser.me/api/portraits/med/men/65.jpg', 'thumbnail': 'https://randomuser.me/api/portraits/thumb/men/65.jpg'}, 'nat': 'DE'}</msg>
<arg>${json_data['results'][0]}</arg>
<doc>Logs the given message with the given level.</doc>
<status status="PASS" start="2024-06-19T01:06:22.548779" elapsed="0.000417"/>
</kw>
<kw name="Log" owner="BuiltIn">
<msg time="2024-06-19T01:06:22.549723" level="INFO">login</msg>
<arg>${key}</arg>
<doc>Logs the given message with the given level.</doc>
<status status="PASS" start="2024-06-19T01:06:22.549487" elapsed="0.000274"/>
</kw>
<var name="${key}">login</var>
<status status="PASS" start="2024-06-19T01:06:22.548110" elapsed="0.001870"/>
</iter>
<var>${key}</var>
<value>@{expected_keys}</value>
<status status="PASS" start="2024-06-19T01:06:22.539937" elapsed="0.010164"/>
</for>
<kw name="Create List" owner="BuiltIn">
<msg time="2024-06-19T01:06:22.550420" level="INFO">${expected_keysTwo} = ['username', 'password']</msg>
<var>${expected_keysTwo}</var>
<arg>username</arg>
<arg>password</arg>
<doc>Returns a list containing given items.</doc>
<status status="PASS" start="2024-06-19T01:06:22.550286" elapsed="0.000157"/>
</kw>
<for flavor="IN">
<iter>
<kw name="Dictionary Should Contain Key" owner="Collections">
<arg>${json_data['results'][0]['login']}</arg>
<arg>${keyTwo}</arg>
<doc>Fails if ``key`` is not found from ``dictionary``.</doc>
<status status="PASS" start="2024-06-19T01:06:22.550972" elapsed="0.000382"/>
</kw>
<kw name="Dictionary Should Contain Key" owner="Collections">
<arg>${json_data['results'][0]['login']}</arg>
<arg>${keyTwo}</arg>
<doc>Fails if ``key`` is not found from ``dictionary``.</doc>
<status status="PASS" start="2024-06-19T01:06:22.551568" elapsed="0.000382"/>
</kw>
<kw name="Log" owner="BuiltIn">
<msg time="2024-06-19T01:06:22.552249" level="INFO">username</msg>
<arg>${keyTwo}</arg>
<doc>Logs the given message with the given level.</doc>
<status status="PASS" start="2024-06-19T01:06:22.552128" elapsed="0.000165"/>
</kw>
<var name="${keyTwo}">username</var>
<status status="PASS" start="2024-06-19T01:06:22.550860" elapsed="0.001653"/>
</iter>
<iter>
<kw name="Dictionary Should Contain Key" owner="Collections">
<arg>${json_data['results'][0]['login']}</arg>
<arg>${keyTwo}</arg>
<doc>Fails if ``key`` is not found from ``dictionary``.</doc>
<status status="PASS" start="2024-06-19T01:06:22.552801" elapsed="0.000371"/>
</kw>
<kw name="Dictionary Should Contain Key" owner="Collections">
<arg>${json_data['results'][0]['login']}</arg>
<arg>${keyTwo}</arg>
<doc>Fails if ``key`` is not found from ``dictionary``.</doc>
<status status="PASS" start="2024-06-19T01:06:22.553349" elapsed="0.000374"/>
</kw>
<kw name="Log" owner="BuiltIn">
<msg time="2024-06-19T01:06:22.554019" level="INFO">password</msg>
<arg>${keyTwo}</arg>
<doc>Logs the given message with the given level.</doc>
<status status="PASS" start="2024-06-19T01:06:22.553899" elapsed="0.000157"/>
</kw>
<var name="${keyTwo}">password</var>
<status status="PASS" start="2024-06-19T01:06:22.552686" elapsed="0.001590"/>
</iter>
<var>${keyTwo}</var>
<value>@{expected_keysTwo}</value>
<status status="PASS" start="2024-06-19T01:06:22.550706" elapsed="0.003693"/>
</for>
<status status="PASS" start="2024-06-19T01:06:22.473453" elapsed="0.081090"/>
</kw>
<doc>Testa a estrutura da resposta da API.</doc>
<tag>testeEstruturaResposta</tag>
<status status="PASS" start="2024-06-19T01:06:22.472761" elapsed="0.081942"/>
</test>
<test id="s1-s1-t4" name="Validar tipos de dados" line="28">
<kw name="Teste de Tipos de Dados" owner="random-user-service">
<kw name="GET On Session" owner="RequestsLibrary">
<msg time="2024-06-19T01:06:22.664442" level="INFO">GET Request : url=https://randomuser.me/api 
 path_url=/api 
 headers={'User-Agent': 'python-requests/2.32.3', 'Accept-Encoding': 'gzip, deflate', 'Accept': '*/*', 'Connection': 'keep-alive'} 
 body=None 
 </msg>
<msg time="2024-06-19T01:06:22.664541" level="INFO">GET Response : url=https://randomuser.me/api 
 status=200, reason=OK 
 headers={'Date': 'Wed, 19 Jun 2024 01:06:22 GMT', 'Content-Type': 'application/json; charset=utf-8', 'Transfer-Encoding': 'chunked', 'Connection': 'keep-alive', 'X-Powered-By': 'Express', 'Access-Control-Allow-Origin': '*', 'Cache-Control': 'no-cache', 'ETag': 'W/"4a4-slnr/9BocGY2SJq5kLGC9A/cdIk"', 'Vary': 'Accept-Encoding', 'Content-Encoding': 'gzip', 'CF-Cache-Status': 'DYNAMIC', 'Report-To': '{"endpoints":[{"url":"https:\\/\\/a.nel.cloudflare.com\\/report\\/v4?s=LQ14myWOWGUfJ83BhbPmUUYzcLbtexZJ5FVnKkOUnDXLfpqllCqWS4Biy1imZUg4UGlrTQMTxy9OKpSuIwZlV4KW35IZmo5kwtA3h1JmrDcp%2F4k%2FsR%2B4J8pZvXxs0ZZ6"}],"group":"cf-nel","max_age":604800}', 'NEL': '{"success_fraction":0,"report_to":"cf-nel","max_age":604800}', 'Server': 'cloudflare', 'CF-RAY': '895f9dbafc020262-ORD', 'alt-svc': 'h3=":443"; ma=86400'} 
 body={"results":[{"gender":"male","name":{"title":"Mr","first":"Tomás","last":"Treviño"},"location":{"street":{"number":7968,"name":"Boulevard Aguascalientes"},"city":"San Lucas Ojitlán","state":"Guanajuato","country":"Mexico","postcode":22414,"coordinates":{"latitude":"27.8044","longitude":"-40.8235"},"timezone":{"offset":"-1:00","description":"Azores, Cape Verde Islands"}},"email":"tomas.trevino@example.com","login":{"uuid":"ee6c2b52-6be4-4204-ae99-0b7e1c0092b4","username":"purplelion121","password":"typhoon","salt":"zR4skbs4","md5":"9dc639a2cda5b5b494f733c187dbf65c","sha1":"bd59c27de43992ee5fa1c6bf715b905c358d55cf","sha256":"2484221d871ee02daf8b69e0878eba70e4aa65663cf92175900415b1b3a49929"},"dob":{"date":"1984-09-09T12:47:57.894Z","age":39},"registered":{"date":"2011-04-08T11:11:38.331Z","age":13},"phone":"(608) 005 1734","cell":"(669) 915 3960","id":{"name":"NSS","value":"04 95 81 5167 7"},"picture":{"large":"https://randomuser.me/api/portraits/men/89.jpg","medium":"https://randomuser.me/api/portraits/med/men/89.jpg","thumbnail":"https://randomuser.me/api/portraits/thumb/men/89.jpg"},"nat":"MX"}],"info":{"seed":"82b09a9473bc0e49","results":1,"page":1,"version":"1.4"}} 
 </msg>
<msg time="2024-06-19T01:06:22.664617" level="INFO">/opt/hostedtoolcache/Python/3.12.3/x64/lib/python3.12/site-packages/urllib3/connectionpool.py:1099: InsecureRequestWarning: Unverified HTTPS request is being made to host 'randomuser.me'. Adding certificate verification is strongly advised. See: https://urllib3.readthedocs.io/en/latest/advanced-usage.html#tls-warnings
  warnings.warn(</msg>
<msg time="2024-06-19T01:06:22.664733" level="INFO">${response} = &lt;Response [200]&gt;</msg>
<var>${response}</var>
<arg>consultarAPI</arg>
<arg>/api</arg>
<doc>Sends a GET request on a previously created HTTP Session.</doc>
<status status="PASS" start="2024-06-19T01:06:22.557365" elapsed="0.107394"/>
</kw>
<kw name="Set Variable" owner="BuiltIn">
<msg time="2024-06-19T01:06:22.665855" level="INFO">${json_data} = {'results': [{'gender': 'male', 'name': {'title': 'Mr', 'first': 'Tomás', 'last': 'Treviño'}, 'location': {'street': {'number': 7968, 'name': 'Boulevard Aguascalientes'}, 'city': 'San Lucas Ojitlán', ...</msg>
<var>${json_data}</var>
<arg>${response.json()}</arg>
<doc>Returns the given values which can then be assigned to a variables.</doc>
<status status="PASS" start="2024-06-19T01:06:22.665319" elapsed="0.000567"/>
</kw>
<kw name="Log" owner="BuiltIn">
<msg time="2024-06-19T01:06:22.666411" level="INFO">{'results': [{'gender': 'male', 'name': {'title': 'Mr', 'first': 'Tomás', 'last': 'Treviño'}, 'location': {'street': {'number': 7968, 'name': 'Boulevard Aguascalientes'}, 'city': 'San Lucas Ojitlán', 'state': 'Guanajuato', 'country': 'Mexico', 'postcode': 22414, 'coordinates': {'latitude': '27.8044', 'longitude': '-40.8235'}, 'timezone': {'offset': '-1:00', 'description': 'Azores, Cape Verde Islands'}}, 'email': 'tomas.trevino@example.com', 'login': {'uuid': 'ee6c2b52-6be4-4204-ae99-0b7e1c0092b4', 'username': 'purplelion121', 'password': 'typhoon', 'salt': 'zR4skbs4', 'md5': '9dc639a2cda5b5b494f733c187dbf65c', 'sha1': 'bd59c27de43992ee5fa1c6bf715b905c358d55cf', 'sha256': '2484221d871ee02daf8b69e0878eba70e4aa65663cf92175900415b1b3a49929'}, 'dob': {'date': '1984-09-09T12:47:57.894Z', 'age': 39}, 'registered': {'date': '2011-04-08T11:11:38.331Z', 'age': 13}, 'phone': '(608) 005 1734', 'cell': '(669) 915 3960', 'id': {'name': 'NSS', 'value': '04 95 81 5167 7'}, 'picture': {'large': 'https://randomuser.me/api/portraits/men/89.jpg', 'medium': 'https://randomuser.me/api/portraits/med/men/89.jpg', 'thumbnail': 'https://randomuser.me/api/portraits/thumb/men/89.jpg'}, 'nat': 'MX'}], 'info': {'seed': '82b09a9473bc0e49', 'results': 1, 'page': 1, 'version': '1.4'}}</msg>
<arg>${json_data}</arg>
<doc>Logs the given message with the given level.</doc>
<status status="PASS" start="2024-06-19T01:06:22.666233" elapsed="0.000230"/>
</kw>
<kw name="Should Be String" owner="String">
<arg>${json_data['results'][0]['gender']}</arg>
<doc>Fails if the given ``item`` is not a string.</doc>
<status status="PASS" start="2024-06-19T01:06:22.666774" elapsed="0.000377"/>
</kw>
<kw name="Should Match Regexp" owner="BuiltIn">
<arg>${json_data['results'][0]['email']}</arg>
<arg>^[a-zA-Z0-9._%+-]+@[a-zA-Z0-9.-]+\.[a-zA-Z]{2,}$</arg>
<doc>Fails if ``string`` does not match ``pattern`` as a regular expression.</doc>
<status status="PASS" start="2024-06-19T01:06:22.667355" elapsed="0.000574"/>
</kw>
<kw name="Should Match Regexp" owner="BuiltIn">
<arg>${json_data['results'][0]['dob']['date']}</arg>
<arg>\\d{4}-\\d{2}-\\d{2}T\\d{2}:\\d{2}:\\d{2}\\.\\d{3}Z</arg>
<doc>Fails if ``string`` does not match ``pattern`` as a regular expression.</doc>
<status status="PASS" start="2024-06-19T01:06:22.668169" elapsed="0.000508"/>
</kw>
<kw name="Should Match Regexp" owner="BuiltIn">
<arg>${json_data['results'][0]['registered']['date']}</arg>
<arg>\\d{4}-\\d{2}-\\d{2}T\\d{2}:\\d{2}:\\d{2}\\.\\d{3}Z</arg>
<doc>Fails if ``string`` does not match ``pattern`` as a regular expression.</doc>
<status status="PASS" start="2024-06-19T01:06:22.668871" elapsed="0.000366"/>
</kw>
<kw name="Should Match Regexp" owner="BuiltIn">
<arg>${json_data['results'][0]['picture']['large']}</arg>
<arg>^https?://.*\.(?:png|jpe?g|gif|bmp)$</arg>
<doc>Fails if ``string`` does not match ``pattern`` as a regular expression.</doc>
<status status="PASS" start="2024-06-19T01:06:22.669474" elapsed="0.000480"/>
</kw>
<kw name="Should Match Regexp" owner="BuiltIn">
<arg>${json_data['results'][0]['picture']['medium']}</arg>
<arg>^https?://.*\.(?:png|jpe?g|gif|bmp)$</arg>
<doc>Fails if ``string`` does not match ``pattern`` as a regular expression.</doc>
<status status="PASS" start="2024-06-19T01:06:22.670149" elapsed="0.000354"/>
</kw>
<kw name="Should Match Regexp" owner="BuiltIn">
<arg>${json_data['results'][0]['picture']['thumbnail']}</arg>
<arg>^https?://.*\.(?:png|jpe?g|gif|bmp)$</arg>
<doc>Fails if ``string`` does not match ``pattern`` as a regular expression.</doc>
<status status="PASS" start="2024-06-19T01:06:22.670691" elapsed="0.000354"/>
</kw>
<kw name="Log" owner="BuiltIn">
<msg time="2024-06-19T01:06:22.671578" level="INFO">{'large': 'https://randomuser.me/api/portraits/men/89.jpg', 'medium': 'https://randomuser.me/api/portraits/med/men/89.jpg', 'thumbnail': 'https://randomuser.me/api/portraits/thumb/men/89.jpg'}</msg>
<arg>${json_data['results'][0]['picture']}</arg>
<doc>Logs the given message with the given level.</doc>
<status status="PASS" start="2024-06-19T01:06:22.671224" elapsed="0.000402"/>
</kw>
<status status="PASS" start="2024-06-19T01:06:22.557123" elapsed="0.114766"/>
</kw>
<kw name="Teste de Tipos de Dados - Postcode" owner="random-user-service">
<kw name="GET On Session" owner="RequestsLibrary">
<msg time="2024-06-19T01:06:22.737380" level="INFO">GET Request : url=https://randomuser.me/api 
 path_url=/api 
 headers={'User-Agent': 'python-requests/2.32.3', 'Accept-Encoding': 'gzip, deflate', 'Accept': '*/*', 'Connection': 'keep-alive'} 
 body=None 
 </msg>
<msg time="2024-06-19T01:06:22.737480" level="INFO">GET Response : url=https://randomuser.me/api 
 status=200, reason=OK 
 headers={'Date': 'Wed, 19 Jun 2024 01:06:22 GMT', 'Content-Type': 'application/json; charset=utf-8', 'Transfer-Encoding': 'chunked', 'Connection': 'keep-alive', 'X-Powered-By': 'Express', 'Access-Control-Allow-Origin': '*', 'Cache-Control': 'no-cache', 'ETag': 'W/"49c-N+XIsZNKrar8om3CMuaPmf4uO+k"', 'Vary': 'Accept-Encoding', 'Content-Encoding': 'gzip', 'CF-Cache-Status': 'DYNAMIC', 'Report-To': '{"endpoints":[{"url":"https:\\/\\/a.nel.cloudflare.com\\/report\\/v4?s=OQE%2BDhhiR%2FyTr5bR7iB7IpRmtW%2B2gixI1%2F1Q5RqkzaHGL9cUEqOMK8otJrnhhoVQ24KQDa44ciblxJ2TgAAzAiDR5kUOjM765Xb1Bd2VlnvELWUdpKUKzojstcr%2Fxm1K"}],"group":"cf-nel","max_age":604800}', 'NEL': '{"success_fraction":0,"report_to":"cf-nel","max_age":604800}', 'Server': 'cloudflare', 'CF-RAY': '895f9dbbbd0c0262-ORD', 'alt-svc': 'h3=":443"; ma=86400'} 
 body={"results":[{"gender":"female","name":{"title":"Ms","first":"Julija","last":"Radojičić"},"location":{"street":{"number":1289,"name":"Bože Krezića"},"city":"Kruševac","state":"Kolubara","country":"Serbia","postcode":53483,"coordinates":{"latitude":"56.1437","longitude":"148.8024"},"timezone":{"offset":"+8:00","description":"Beijing, Perth, Singapore, Hong Kong"}},"email":"julija.radojicic@example.com","login":{"uuid":"59cd2162-7384-4c65-94b2-c23512fa10a1","username":"bigsnake267","password":"qwertyui","salt":"pHqWBtep","md5":"7092dafb9abb6e7bb2dfe2b2bd85ee61","sha1":"71cf3df9c60f7bc311a647731c438464e2589021","sha256":"4c00e3f0be85c07513ff4d5d9b2f339a3cb526202bf5dea783459937b0b99f5d"},"dob":{"date":"1957-09-16T15:47:04.688Z","age":66},"registered":{"date":"2008-12-01T16:22:34.227Z","age":15},"phone":"019-6006-038","cell":"062-5262-085","id":{"name":"SID","value":"459756274"},"picture":{"large":"https://randomuser.me/api/portraits/women/11.jpg","medium":"https://randomuser.me/api/portraits/med/women/11.jpg","thumbnail":"https://randomuser.me/api/portraits/thumb/women/11.jpg"},"nat":"RS"}],"info":{"seed":"c891cd8cae73be68","results":1,"page":1,"version":"1.4"}} 
 </msg>
<msg time="2024-06-19T01:06:22.737578" level="INFO">/opt/hostedtoolcache/Python/3.12.3/x64/lib/python3.12/site-packages/urllib3/connectionpool.py:1099: InsecureRequestWarning: Unverified HTTPS request is being made to host 'randomuser.me'. Adding certificate verification is strongly advised. See: https://urllib3.readthedocs.io/en/latest/advanced-usage.html#tls-warnings
  warnings.warn(</msg>
<msg time="2024-06-19T01:06:22.737697" level="INFO">${response} = &lt;Response [200]&gt;</msg>
<var>${response}</var>
<arg>consultarAPI</arg>
<arg>/api</arg>
<doc>Sends a GET request on a previously created HTTP Session.</doc>
<status status="PASS" start="2024-06-19T01:06:22.672357" elapsed="0.065368"/>
</kw>
<kw name="Set Variable" owner="BuiltIn">
<msg time="2024-06-19T01:06:22.738822" level="INFO">${json_data} = {'results': [{'gender': 'female', 'name': {'title': 'Ms', 'first': 'Julija', 'last': 'Radojičić'}, 'location': {'street': {'number': 1289, 'name': 'Bože Krezića'}, 'city': 'Kruševac', 'state': 'Koluba...</msg>
<var>${json_data}</var>
<arg>${response.json()}</arg>
<doc>Returns the given values which can then be assigned to a variables.</doc>
<status status="PASS" start="2024-06-19T01:06:22.738281" elapsed="0.000574"/>
</kw>
<kw name="Log" owner="BuiltIn">
<msg time="2024-06-19T01:06:22.739375" level="INFO">{'results': [{'gender': 'female', 'name': {'title': 'Ms', 'first': 'Julija', 'last': 'Radojičić'}, 'location': {'street': {'number': 1289, 'name': 'Bože Krezića'}, 'city': 'Kruševac', 'state': 'Kolubara', 'country': 'Serbia', 'postcode': 53483, 'coordinates': {'latitude': '56.1437', 'longitude': '148.8024'}, 'timezone': {'offset': '+8:00', 'description': 'Beijing, Perth, Singapore, Hong Kong'}}, 'email': 'julija.radojicic@example.com', 'login': {'uuid': '59cd2162-7384-4c65-94b2-c23512fa10a1', 'username': 'bigsnake267', 'password': 'qwertyui', 'salt': 'pHqWBtep', 'md5': '7092dafb9abb6e7bb2dfe2b2bd85ee61', 'sha1': '71cf3df9c60f7bc311a647731c438464e2589021', 'sha256': '4c00e3f0be85c07513ff4d5d9b2f339a3cb526202bf5dea783459937b0b99f5d'}, 'dob': {'date': '1957-09-16T15:47:04.688Z', 'age': 66}, 'registered': {'date': '2008-12-01T16:22:34.227Z', 'age': 15}, 'phone': '019-6006-038', 'cell': '062-5262-085', 'id': {'name': 'SID', 'value': '459756274'}, 'picture': {'large': 'https://randomuser.me/api/portraits/women/11.jpg', 'medium': 'https://randomuser.me/api/portraits/med/women/11.jpg', 'thumbnail': 'https://randomuser.me/api/portraits/thumb/women/11.jpg'}, 'nat': 'RS'}], 'info': {'seed': 'c891cd8cae73be68', 'results': 1, 'page': 1, 'version': '1.4'}}</msg>
<arg>${json_data}</arg>
<doc>Logs the given message with the given level.</doc>
<status status="PASS" start="2024-06-19T01:06:22.739201" elapsed="0.000226"/>
</kw>
<kw name="Should Be Equal As Numbers" owner="BuiltIn">
<arg>${json_data['results'][0]['location']['postcode']}</arg>
<arg>${json_data['results'][0]['location']['postcode']}</arg>
<doc>Fails if objects are unequal after converting them to real numbers.</doc>
<status status="PASS" start="2024-06-19T01:06:22.739798" elapsed="0.000646"/>
</kw>
<kw name="Log" owner="BuiltIn">
<msg time="2024-06-19T01:06:22.740970" level="INFO">53483</msg>
<arg>${json_data['results'][0]['location']['postcode']}</arg>
<doc>Logs the given message with the given level.</doc>
<status status="PASS" start="2024-06-19T01:06:22.740637" elapsed="0.000375"/>
</kw>
<status status="PASS" start="2024-06-19T01:06:22.672117" elapsed="0.069186"/>
</kw>
<doc>Testa se os tipos de dados na resposta da API estão corretos.</doc>
<tag>testeTiposDados</tag>
<status status="PASS" start="2024-06-19T01:06:22.556575" elapsed="0.184902"/>
</test>
<test id="s1-s1-t5" name="Validar conteudo" line="35">
<kw name="Teste de Tipos de Conteudo" owner="random-user-service">
<kw name="GET On Session" owner="RequestsLibrary">
<msg time="2024-06-19T01:06:22.833136" level="INFO">GET Request : url=https://randomuser.me/api 
 path_url=/api 
 headers={'User-Agent': 'python-requests/2.32.3', 'Accept-Encoding': 'gzip, deflate', 'Accept': '*/*', 'Connection': 'keep-alive'} 
 body=None 
 </msg>
<msg time="2024-06-19T01:06:22.833231" level="INFO">GET Response : url=https://randomuser.me/api 
 status=200, reason=OK 
 headers={'Date': 'Wed, 19 Jun 2024 01:06:22 GMT', 'Content-Type': 'application/json; charset=utf-8', 'Transfer-Encoding': 'chunked', 'Connection': 'keep-alive', 'X-Powered-By': 'Express', 'Access-Control-Allow-Origin': '*', 'Cache-Control': 'no-cache', 'ETag': 'W/"475-TTtBLkfxXYqpDzaT4tqeULIxBRc"', 'Vary': 'Accept-Encoding', 'Content-Encoding': 'gzip', 'CF-Cache-Status': 'DYNAMIC', 'Report-To': '{"endpoints":[{"url":"https:\\/\\/a.nel.cloudflare.com\\/report\\/v4?s=YmOe5yO%2BpYXc3pDEo3OYb%2FxG79VSlUfRMQFYchPG7IMSGC3pebkWVGICpcJ3dl8FBcVHyaejOgYuG9lLRVlcqVJrNdOL77B5bmv0OXxmEBn%2F87Y6GixuTDmB3WRolIBF"}],"group":"cf-nel","max_age":604800}', 'NEL': '{"success_fraction":0,"report_to":"cf-nel","max_age":604800}', 'Server': 'cloudflare', 'CF-RAY': '895f9dbc2daf0262-ORD', 'alt-svc': 'h3=":443"; ma=86400'} 
 body={"results":[{"gender":"female","name":{"title":"Miss","first":"Silvia","last":"Reyes"},"location":{"street":{"number":4127,"name":"Calle de Atocha"},"city":"Málaga","state":"Canarias","country":"Spain","postcode":46374,"coordinates":{"latitude":"-36.9474","longitude":"98.3998"},"timezone":{"offset":"-10:00","description":"Hawaii"}},"email":"silvia.reyes@example.com","login":{"uuid":"dc116683-6e3a-4938-b730-f1f7b7619838","username":"angryzebra187","password":"calvin1","salt":"7pPJoFRD","md5":"7a46f0a90826992a6a7c5e5a388cc41f","sha1":"25cb3f8ba9f0009985192972f1ff7f743525b526","sha256":"d17de9e55c7c97cee2ee0099e74a9aa33b18c07f7889c3da6fee4a2e573c8f1b"},"dob":{"date":"1998-04-17T19:42:44.060Z","age":26},"registered":{"date":"2011-11-19T04:55:51.422Z","age":12},"phone":"944-065-254","cell":"667-272-418","id":{"name":"DNI","value":"03312951-V"},"picture":{"large":"https://randomuser.me/api/portraits/women/70.jpg","medium":"https://randomuser.me/api/portraits/med/women/70.jpg","thumbnail":"https://randomuser.me/api/portraits/thumb/women/70.jpg"},"nat":"ES"}],"info":{"seed":"b613e176a6a52b86","results":1,"page":1,"version":"1.4"}} 
 </msg>
<msg time="2024-06-19T01:06:22.833312" level="INFO">/opt/hostedtoolcache/Python/3.12.3/x64/lib/python3.12/site-packages/urllib3/connectionpool.py:1099: InsecureRequestWarning: Unverified HTTPS request is being made to host 'randomuser.me'. Adding certificate verification is strongly advised. See: https://urllib3.readthedocs.io/en/latest/advanced-usage.html#tls-warnings
  warnings.warn(</msg>
<msg time="2024-06-19T01:06:22.833434" level="INFO">${response} = &lt;Response [200]&gt;</msg>
<var>${response}</var>
<arg>consultarAPI</arg>
<arg>/api</arg>
<doc>Sends a GET request on a previously created HTTP Session.</doc>
<status status="PASS" start="2024-06-19T01:06:22.743978" elapsed="0.089502"/>
</kw>
<kw name="Set Variable" owner="BuiltIn">
<msg time="2024-06-19T01:06:22.834465" level="INFO">${json_data} = {'results': [{'gender': 'female', 'name': {'title': 'Miss', 'first': 'Silvia', 'last': 'Reyes'}, 'location': {'street': {'number': 4127, 'name': 'Calle de Atocha'}, 'city': 'Málaga', 'state': 'Canaria...</msg>
<var>${json_data}</var>
<arg>${response.json()}</arg>
<doc>Returns the given values which can then be assigned to a variables.</doc>
<status status="PASS" start="2024-06-19T01:06:22.833953" elapsed="0.000541"/>
</kw>
<kw name="Set Variable" owner="BuiltIn">
<msg time="2024-06-19T01:06:22.835178" level="INFO">${name_title} = Miss</msg>
<var>${name_title}</var>
<arg>${json_data["results"][0]["name"]["title"]}</arg>
<doc>Returns the given values which can then be assigned to a variables.</doc>
<status status="PASS" start="2024-06-19T01:06:22.834797" elapsed="0.000406"/>
</kw>
<kw name="Create List" owner="BuiltIn">
<msg time="2024-06-19T01:06:22.835699" level="INFO">${allowed_titles} = ['Mr', 'Ms', 'Miss', 'Mrs', 'Madame', 'Monsieur']</msg>
<var>${allowed_titles}</var>
<arg>Mr</arg>
<arg>Ms</arg>
<arg>Miss</arg>
<arg>Mrs</arg>
<arg>Madame</arg>
<arg>Monsieur</arg>
<doc>Returns a list containing given items.</doc>
<status status="PASS" start="2024-06-19T01:06:22.835536" elapsed="0.000188"/>
</kw>
<kw name="List Should Contain Value" owner="Collections">
<arg>${allowed_titles}</arg>
<arg>${name_title}</arg>
<doc>Fails if the ``value`` is not found from ``list``.</doc>
<status status="PASS" start="2024-06-19T01:06:22.836024" elapsed="0.000177"/>
</kw>
<kw name="Set Variable" owner="BuiltIn">
<msg time="2024-06-19T01:06:22.836749" level="INFO">${name_country} = ES</msg>
<var>${name_country}</var>
<arg>${json_data["results"][0]["nat"]}</arg>
<doc>Returns the given values which can then be assigned to a variables.</doc>
<status status="PASS" start="2024-06-19T01:06:22.836377" elapsed="0.000396"/>
</kw>
<kw name="Create List" owner="BuiltIn">
<msg time="2024-06-19T01:06:22.837660" level="INFO">${list_country} = ['AD', 'AE', 'AF', 'AG', 'AI', 'AL', 'AM', 'AO', 'AQ', 'AR', 'AS', 'AT', 'AU', 'AW', 'AX', 'AZ', 'BA', 'BB', 'BD', 'BE', 'BF', 'BG', 'BH', 'BI', 'BJ', 'BL', 'BM', 'BN', 'BO', 'BQ', 'BR', 'BS', 'BT', '...</msg>
<var>${list_country}</var>
<arg>AD</arg>
<arg>AE</arg>
<arg>AF</arg>
<arg>AG</arg>
<arg>AI</arg>
<arg>AL</arg>
<arg>AM</arg>
<arg>AO</arg>
<arg>AQ</arg>
<arg>AR</arg>
<arg>AS</arg>
<arg>AT</arg>
<arg>AU</arg>
<arg>AW</arg>
<arg>AX</arg>
<arg>AZ</arg>
<arg>BA</arg>
<arg>BB</arg>
<arg>BD</arg>
<arg>BE</arg>
<arg>BF</arg>
<arg>BG</arg>
<arg>BH</arg>
<arg>BI</arg>
<arg>BJ</arg>
<arg>BL</arg>
<arg>BM</arg>
<arg>BN</arg>
<arg>BO</arg>
<arg>BQ</arg>
<arg>BR</arg>
<arg>BS</arg>
<arg>BT</arg>
<arg>BV</arg>
<arg>BW</arg>
<arg>BY</arg>
<arg>BZ</arg>
<arg>CA</arg>
<arg>CC</arg>
<arg>CD</arg>
<arg>CF</arg>
<arg>CG</arg>
<arg>CH</arg>
<arg>CI</arg>
<arg>CK</arg>
<arg>CL</arg>
<arg>CM</arg>
<arg>CN</arg>
<arg>CO</arg>
<arg>CR</arg>
<arg>CU</arg>
<arg>CV</arg>
<arg>CW</arg>
<arg>CX</arg>
<arg>CY</arg>
<arg>CZ</arg>
<arg>DE</arg>
<arg>DJ</arg>
<arg>DK</arg>
<arg>DM</arg>
<arg>DO</arg>
<arg>DZ</arg>
<arg>EC</arg>
<arg>EE</arg>
<arg>EG</arg>
<arg>EH</arg>
<arg>ER</arg>
<arg>ES</arg>
<arg>ET</arg>
<arg>FI</arg>
<arg>FJ</arg>
<arg>FK</arg>
<arg>FM</arg>
<arg>FO</arg>
<arg>FR</arg>
<arg>GA</arg>
<arg>GB</arg>
<arg>GD</arg>
<arg>GE</arg>
<arg>GF</arg>
<arg>GG</arg>
<arg>GH</arg>
<arg>GI</arg>
<arg>GL</arg>
<arg>GM</arg>
<arg>GN</arg>
<arg>GP</arg>
<arg>GQ</arg>
<arg>GR</arg>
<arg>GS</arg>
<arg>GT</arg>
<arg>GU</arg>
<arg>GW</arg>
<arg>GY</arg>
<arg>HK</arg>
<arg>HM</arg>
<arg>HN</arg>
<arg>HR</arg>
<arg>HT</arg>
<arg>HU</arg>
<arg>ID</arg>
<arg>IE</arg>
<arg>IL</arg>
<arg>IM</arg>
<arg>IN</arg>
<arg>IO</arg>
<arg>IQ</arg>
<arg>IR</arg>
<arg>IS</arg>
<arg>IT</arg>
<arg>JE</arg>
<arg>JM</arg>
<arg>JO</arg>
<arg>JP</arg>
<arg>KE</arg>
<arg>KG</arg>
<arg>KH</arg>
<arg>KI</arg>
<arg>KM</arg>
<arg>KN</arg>
<arg>KP</arg>
<arg>KR</arg>
<arg>KW</arg>
<arg>KY</arg>
<arg>KZ</arg>
<arg>LA</arg>
<arg>LB</arg>
<arg>LC</arg>
<arg>LI</arg>
<arg>LK</arg>
<arg>LR</arg>
<arg>LS</arg>
<arg>LT</arg>
<arg>LU</arg>
<arg>LV</arg>
<arg>LY</arg>
<arg>MA</arg>
<arg>MC</arg>
<arg>MD</arg>
<arg>ME</arg>
<arg>MF</arg>
<arg>MG</arg>
<arg>MH</arg>
<arg>MK</arg>
<arg>ML</arg>
<arg>MM</arg>
<arg>MN</arg>
<arg>MO</arg>
<arg>MP</arg>
<arg>MQ</arg>
<arg>MR</arg>
<arg>MS</arg>
<arg>MT</arg>
<arg>MU</arg>
<arg>MV</arg>
<arg>MW</arg>
<arg>MX</arg>
<arg>MY</arg>
<arg>MZ</arg>
<arg>NA</arg>
<arg>NC</arg>
<arg>NE</arg>
<arg>NF</arg>
<arg>NG</arg>
<arg>NI</arg>
<arg>NL</arg>
<arg>NO</arg>
<arg>NP</arg>
<arg>NR</arg>
<arg>NU</arg>
<arg>NZ</arg>
<arg>OM</arg>
<arg>PA</arg>
<arg>PE</arg>
<arg>PF</arg>
<arg>PG</arg>
<arg>PH</arg>
<arg>PK</arg>
<arg>PL</arg>
<arg>PM</arg>
<arg>PN</arg>
<arg>PR</arg>
<arg>PS</arg>
<arg>PT</arg>
<arg>PW</arg>
<arg>PY</arg>
<arg>QA</arg>
<arg>RE</arg>
<arg>RO</arg>
<arg>RS</arg>
<arg>RU</arg>
<arg>RW</arg>
<arg>SA</arg>
<arg>SB</arg>
<arg>SC</arg>
<arg>SD</arg>
<arg>SE</arg>
<arg>SG</arg>
<arg>SH</arg>
<arg>SI</arg>
<arg>SJ</arg>
<arg>SK</arg>
<arg>SL</arg>
<arg>SM</arg>
<arg>SN</arg>
<arg>SO</arg>
<arg>SR</arg>
<arg>SS</arg>
<arg>ST</arg>
<arg>SV</arg>
<arg>SX</arg>
<arg>SY</arg>
<arg>SZ</arg>
<arg>TC</arg>
<arg>TD</arg>
<arg>TF</arg>
<arg>TG</arg>
<arg>TH</arg>
<arg>TJ</arg>
<arg>TK</arg>
<arg>TL</arg>
<arg>TM</arg>
<arg>TN</arg>
<arg>TO</arg>
<arg>TR</arg>
<arg>TT</arg>
<arg>TV</arg>
<arg>TW</arg>
<arg>TZ</arg>
<arg>UA</arg>
<arg>UG</arg>
<arg>UM</arg>
<arg>US</arg>
<arg>UY</arg>
<arg>UZ</arg>
<arg>VA</arg>
<arg>VC</arg>
<arg>VE</arg>
<arg>VG</arg>
<arg>VI</arg>
<arg>VN</arg>
<arg>VU</arg>
<arg>WF</arg>
<arg>WS</arg>
<arg>XK</arg>
<arg>YE</arg>
<arg>YT</arg>
<arg>ZA</arg>
<arg>ZM</arg>
<arg>ZW</arg>
<doc>Returns a list containing given items.</doc>
<status status="PASS" start="2024-06-19T01:06:22.837059" elapsed="0.000627"/>
</kw>
<kw name="List Should Contain Value" owner="Collections">
<arg>${list_country}</arg>
<arg>${name_country}</arg>
<doc>Fails if the ``value`` is not found from ``list``.</doc>
<status status="PASS" start="2024-06-19T01:06:22.838479" elapsed="0.000211"/>
</kw>
<kw name="Run Keyword If" owner="BuiltIn">
<kw name="Should Be True" owner="BuiltIn">
<arg>${True}</arg>
<doc>Fails if the given condition is not true.</doc>
<status status="PASS" start="2024-06-19T01:06:22.839780" elapsed="0.000144"/>
</kw>
<arg>${json_data["results"][0]["location"]["coordinates"]["latitude"]} &gt;= -90 and ${json_data["results"][0]["location"]["coordinates"]["latitude"]} &lt;= 90</arg>
<arg>Should Be True</arg>
<arg>${True}</arg>
<doc>Runs the given keyword with the given arguments, if ``condition`` is true.</doc>
<status status="PASS" start="2024-06-19T01:06:22.838880" elapsed="0.001171"/>
</kw>
<kw name="Run Keyword If" owner="BuiltIn">
<kw name="Should Be True" owner="BuiltIn">
<arg>${True}</arg>
<doc>Fails if the given condition is not true.</doc>
<status status="PASS" start="2024-06-19T01:06:22.840917" elapsed="0.000137"/>
</kw>
<arg>${json_data["results"][0]["location"]["coordinates"]["longitude"]} &gt;= -180 and ${json_data["results"][0]["location"]["coordinates"]["longitude"]} &lt;= 180</arg>
<arg>Should Be True</arg>
<arg>${True}</arg>
<doc>Runs the given keyword with the given arguments, if ``condition`` is true.</doc>
<status status="PASS" start="2024-06-19T01:06:22.840234" elapsed="0.000941"/>
</kw>
<status status="PASS" start="2024-06-19T01:06:22.743743" elapsed="0.097565"/>
</kw>
<doc>Testa o conteúdo específico dos campos retornados pela API.</doc>
<tag>testeConteudo</tag>
<status status="PASS" start="2024-06-19T01:06:22.743251" elapsed="0.098210"/>
</test>
<status status="PASS" start="2024-06-19T01:06:21.865611" elapsed="0.977762"/>
</suite>
<status status="PASS" start="2024-06-19T01:06:21.852020" elapsed="0.996447"/>
</suite>
<statistics>
<total>
<stat pass="5" fail="0" skip="0">All Tests</stat>
</total>
<tag>
<stat pass="1" fail="0" skip="0">testeConteudo</stat>
<stat pass="1" fail="0" skip="0">testeEstruturaResposta</stat>
<stat pass="1" fail="0" skip="0">testeRequisicaoBasica</stat>
<stat pass="1" fail="0" skip="0">testeTiposDados</stat>
</tag>
<suite>
<stat pass="5" fail="0" skip="0" id="s1" name="Tests">Tests</stat>
<stat pass="5" fail="0" skip="0" id="s1-s1" name="Random-User-Test">Tests.Random-User-Test</stat>
</suite>
</statistics>
<errors>
</errors>
</robot>
