<?xml version="1.0" encoding="UTF-8"?>
<robot generator="Robot 7.0 (Python 3.12.3 on linux)" generated="2024-04-24T04:16:21.128723" rpa="false" schemaversion="5">
<suite id="s1" name="Tests" source="/home/runner/work/DesafioQAItauRogerioJordao/DesafioQAItauRogerioJordao/RamdonUser/tests">
<suite id="s1-s1" name="Random-User-Test" source="/home/runner/work/DesafioQAItauRogerioJordao/DesafioQAItauRogerioJordao/RamdonUser/tests/random-user-test.robot">
<test id="s1-s1-t1" name="Conectar" line="13">
<kw name="Conectar API" owner="random-user-service">
<kw name="Create Session" owner="RequestsLibrary">
<msg time="2024-04-24T04:16:21.543727" level="INFO">Creating Session using : alias=consultarAPI, url=https://randomuser.me/, headers={},                     cookies={}, auth=None, timeout=None, proxies=None, verify=False,                     debug=0 </msg>
<arg>consultarAPI</arg>
<arg>${URL}</arg>
<doc>Create Session: create a HTTP session to a server</doc>
<status status="PASS" start="2024-04-24T04:16:21.543517" elapsed="0.000417"/>
</kw>
<status status="PASS" start="2024-04-24T04:16:21.542489" elapsed="0.001821"/>
</kw>
<status status="PASS" start="2024-04-24T04:16:21.541812" elapsed="0.002695"/>
</test>
<test id="s1-s1-t2" name="Validar retorno 200 e JSON Válido" line="16">
<kw name="Teste de Requisicao Basica" owner="random-user-service">
<kw name="GET On Session" owner="RequestsLibrary">
<msg time="2024-04-24T04:16:21.621946" level="INFO">GET Request : url=https://randomuser.me/api 
 path_url=/api 
 headers={'User-Agent': 'python-requests/2.31.0', 'Accept-Encoding': 'gzip, deflate', 'Accept': '*/*', 'Connection': 'keep-alive'} 
 body=None 
 </msg>
<msg time="2024-04-24T04:16:21.622119" level="INFO">GET Response : url=https://randomuser.me/api 
 status=200, reason=OK 
 headers={'Date': 'Wed, 24 Apr 2024 04:16:21 GMT', 'Content-Type': 'application/json; charset=utf-8', 'Transfer-Encoding': 'chunked', 'Connection': 'keep-alive', 'X-Powered-By': 'Express', 'Access-Control-Allow-Origin': '*', 'Cache-Control': 'no-cache', 'ETag': 'W/"47f-NQjWMitIEC1yI3ZN+XEKdM2vRJ4"', 'Vary': 'Accept-Encoding', 'Content-Encoding': 'gzip', 'CF-Cache-Status': 'DYNAMIC', 'Report-To': '{"endpoints":[{"url":"https:\\/\\/a.nel.cloudflare.com\\/report\\/v4?s=Sk%2B%2FkAOEhAgwCIsxcpZrjt2JVn5aRiQ3k3%2BFHZFCPNmnfyc%2FevifTnDRN6VcuLEXEk40BwAhbKIOv0OkLEunjX%2Fdom3kTXwaIeLDBUM63krla4tGtL9lqezP5pSxl3f8"}],"group":"cf-nel","max_age":604800}', 'NEL': '{"success_fraction":0,"report_to":"cf-nel","max_age":604800}', 'Server': 'cloudflare', 'CF-RAY': '87934706ebf8609c-ORD', 'alt-svc': 'h3=":443"; ma=86400'} 
 body={"results":[{"gender":"male","name":{"title":"Mr","first":"Rene","last":"Butler"},"location":{"street":{"number":7673,"name":"Lone Wolf Trail"},"city":"Fort Worth","state":"Tennessee","country":"United States","postcode":28380,"coordinates":{"latitude":"85.8036","longitude":"-52.1244"},"timezone":{"offset":"-2:00","description":"Mid-Atlantic"}},"email":"rene.butler@example.com","login":{"uuid":"c16c75d3-95c5-4dfa-a228-f67cf30805d7","username":"bluelion995","password":"bigfoot","salt":"LuWvY0Oy","md5":"efeaed73f21c187d9bb0873bf865c721","sha1":"ff73c4085786270aec9289383e160e657df0a9e2","sha256":"f3bd83f80451513fa2a8749c7a2c454e6d848f01e8cf0f981cc6382ddab2556a"},"dob":{"date":"1966-06-30T20:52:55.977Z","age":57},"registered":{"date":"2011-12-26T14:15:33.238Z","age":12},"phone":"(910) 603-8476","cell":"(741) 874-2235","id":{"name":"SSN","value":"582-48-2346"},"picture":{"large":"https://randomuser.me/api/portraits/men/75.jpg","medium":"https://randomuser.me/api/portraits/med/men/75.jpg","thumbnail":"https://randomuser.me/api/portraits/thumb/men/75.jpg"},"nat":"US"}],"info":{"seed":"108a7dbd5fd2d741","results":1,"page":1,"version":"1.4"}} 
 </msg>
<msg time="2024-04-24T04:16:21.622215" level="INFO">/opt/hostedtoolcache/Python/3.12.3/x64/lib/python3.12/site-packages/urllib3/connectionpool.py:1103: InsecureRequestWarning: Unverified HTTPS request is being made to host 'randomuser.me'. Adding certificate verification is strongly advised. See: https://urllib3.readthedocs.io/en/latest/advanced-usage.html#tls-warnings
  warnings.warn(</msg>
<msg time="2024-04-24T04:16:21.622371" level="INFO">${response} = &lt;Response [200]&gt;</msg>
<var>${response}</var>
<arg>consultarAPI</arg>
<arg>/api</arg>
<doc>Sends a GET request on a previously created HTTP Session.</doc>
<status status="PASS" start="2024-04-24T04:16:21.547264" elapsed="0.075148"/>
</kw>
<kw name="Should Be Equal As Numbers" owner="BuiltIn">
<msg time="2024-04-24T04:16:21.623608" level="INFO">Argument types are:
&lt;class 'int'&gt;
&lt;class 'str'&gt;</msg>
<arg>${response.status_code}</arg>
<arg>200</arg>
<doc>Fails if objects are unequal after converting them to real numbers.</doc>
<status status="PASS" start="2024-04-24T04:16:21.623103" elapsed="0.000572"/>
</kw>
<kw name="Log" owner="BuiltIn">
<msg time="2024-04-24T04:16:21.624382" level="INFO">200</msg>
<arg>${response.status_code}</arg>
<doc>Logs the given message with the given level.</doc>
<status status="PASS" start="2024-04-24T04:16:21.624025" elapsed="0.000399"/>
</kw>
<kw name="Set Variable" owner="BuiltIn">
<msg time="2024-04-24T04:16:21.625171" level="INFO">${json_data} = {'results': [{'gender': 'male', 'name': {'title': 'Mr', 'first': 'Rene', 'last': 'Butler'}, 'location': {'street': {'number': 7673, 'name': 'Lone Wolf Trail'}, 'city': 'Fort Worth', 'state': 'Tennesse...</msg>
<var>${json_data}</var>
<arg>${response.json()}</arg>
<doc>Returns the given values which can then be assigned to a variables.</doc>
<status status="PASS" start="2024-04-24T04:16:21.624731" elapsed="0.000467"/>
</kw>
<kw name="Dictionary Should Contain Key" owner="Collections">
<msg time="2024-04-24T04:16:21.625670" level="INFO">False</msg>
<arg>${json_data}</arg>
<arg>results</arg>
<doc>Fails if ``key`` is not found from ``dictionary``.</doc>
<status status="PASS" start="2024-04-24T04:16:21.625500" elapsed="0.000209"/>
</kw>
<status status="PASS" start="2024-04-24T04:16:21.547015" elapsed="0.079014"/>
</kw>
<doc>Testa se a API responde corretamente e retorna um objeto JSON válido.</doc>
<tag>testeRequisicaoBasica</tag>
<status status="PASS" start="2024-04-24T04:16:21.546464" elapsed="0.079756"/>
</test>
<test id="s1-s1-t3" name="Validar estrutura de resposta" line="22">
<kw name="Teste de Estrutura de Resposta" owner="random-user-service">
<kw name="GET On Session" owner="RequestsLibrary">
<msg time="2024-04-24T04:16:21.721275" level="INFO">GET Request : url=https://randomuser.me/api 
 path_url=/api 
 headers={'User-Agent': 'python-requests/2.31.0', 'Accept-Encoding': 'gzip, deflate', 'Accept': '*/*', 'Connection': 'keep-alive'} 
 body=None 
 </msg>
<msg time="2024-04-24T04:16:21.721394" level="INFO">GET Response : url=https://randomuser.me/api 
 status=200, reason=OK 
 headers={'Date': 'Wed, 24 Apr 2024 04:16:21 GMT', 'Content-Type': 'application/json; charset=utf-8', 'Transfer-Encoding': 'chunked', 'Connection': 'keep-alive', 'X-Powered-By': 'Express', 'Access-Control-Allow-Origin': '*', 'Cache-Control': 'no-cache', 'ETag': 'W/"492-ufjb8oGFMrrKjYTRKJWfIf4L/Gg"', 'Vary': 'Accept-Encoding', 'Content-Encoding': 'gzip', 'CF-Cache-Status': 'DYNAMIC', 'Report-To': '{"endpoints":[{"url":"https:\\/\\/a.nel.cloudflare.com\\/report\\/v4?s=SOAgAATjd6nWUW6GI9My94NLdyegrs3r1dHO%2BhJQpq3dHYEkeNdUaq3E3Dal8wFyUj%2FN74Sns6PJ4OY%2FZZS0MAa7AKKIZl3LpLNPvyc%2BlsR6OJztTXYWrBGj68k1L7%2Fc"}],"group":"cf-nel","max_age":604800}', 'NEL': '{"success_fraction":0,"report_to":"cf-nel","max_age":604800}', 'Server': 'cloudflare', 'CF-RAY': '879347073c3a609c-ORD', 'alt-svc': 'h3=":443"; ma=86400'} 
 body={"results":[{"gender":"male","name":{"title":"Mr","first":"Boris","last":"Krasić"},"location":{"street":{"number":959,"name":"Partizanski Sastanak"},"city":"Kovin","state":"Kosovo-Pomoravlje","country":"Serbia","postcode":39722,"coordinates":{"latitude":"60.7530","longitude":"-163.6914"},"timezone":{"offset":"+4:00","description":"Abu Dhabi, Muscat, Baku, Tbilisi"}},"email":"boris.krasic@example.com","login":{"uuid":"1591a535-133e-4d3f-a4e3-a63d661c4c2f","username":"tinyduck680","password":"discover","salt":"emo31m95","md5":"7ebcc27f33ccfea86a84e9ac67d451f2","sha1":"e16d57d42c47a57b1c0b07b9b196836bb7542917","sha256":"6cdb3f09d7dc1b9d35740ddbd72eb5df5f945fcc7f15f26bcc5969d4c8a8788a"},"dob":{"date":"1969-04-18T19:30:09.658Z","age":55},"registered":{"date":"2006-02-16T18:44:03.383Z","age":18},"phone":"024-0727-192","cell":"066-0277-413","id":{"name":"SID","value":"857439533"},"picture":{"large":"https://randomuser.me/api/portraits/men/83.jpg","medium":"https://randomuser.me/api/portraits/med/men/83.jpg","thumbnail":"https://randomuser.me/api/portraits/thumb/men/83.jpg"},"nat":"RS"}],"info":{"seed":"182266be4ae3cd25","results":1,"page":1,"version":"1.4"}} 
 </msg>
<msg time="2024-04-24T04:16:21.721544" level="INFO">/opt/hostedtoolcache/Python/3.12.3/x64/lib/python3.12/site-packages/urllib3/connectionpool.py:1103: InsecureRequestWarning: Unverified HTTPS request is being made to host 'randomuser.me'. Adding certificate verification is strongly advised. See: https://urllib3.readthedocs.io/en/latest/advanced-usage.html#tls-warnings
  warnings.warn(</msg>
<msg time="2024-04-24T04:16:21.721715" level="INFO">${response} = &lt;Response [200]&gt;</msg>
<var>${response}</var>
<arg>consultarAPI</arg>
<arg>/api</arg>
<doc>Sends a GET request on a previously created HTTP Session.</doc>
<status status="PASS" start="2024-04-24T04:16:21.628972" elapsed="0.092783"/>
</kw>
<kw name="Set Variable" owner="BuiltIn">
<msg time="2024-04-24T04:16:21.723280" level="INFO">${json_data} = {'results': [{'gender': 'male', 'name': {'title': 'Mr', 'first': 'Boris', 'last': 'Krasić'}, 'location': {'street': {'number': 959, 'name': 'Partizanski Sastanak'}, 'city': 'Kovin', 'state': 'Kosovo-P...</msg>
<var>${json_data}</var>
<arg>${response.json()}</arg>
<doc>Returns the given values which can then be assigned to a variables.</doc>
<status status="PASS" start="2024-04-24T04:16:21.722479" elapsed="0.000849"/>
</kw>
<kw name="Log" owner="BuiltIn">
<msg time="2024-04-24T04:16:21.724126" level="INFO">{'results': [{'gender': 'male', 'name': {'title': 'Mr', 'first': 'Boris', 'last': 'Krasić'}, 'location': {'street': {'number': 959, 'name': 'Partizanski Sastanak'}, 'city': 'Kovin', 'state': 'Kosovo-Pomoravlje', 'country': 'Serbia', 'postcode': 39722, 'coordinates': {'latitude': '60.7530', 'longitude': '-163.6914'}, 'timezone': {'offset': '+4:00', 'description': 'Abu Dhabi, Muscat, Baku, Tbilisi'}}, 'email': 'boris.krasic@example.com', 'login': {'uuid': '1591a535-133e-4d3f-a4e3-a63d661c4c2f', 'username': 'tinyduck680', 'password': 'discover', 'salt': 'emo31m95', 'md5': '7ebcc27f33ccfea86a84e9ac67d451f2', 'sha1': 'e16d57d42c47a57b1c0b07b9b196836bb7542917', 'sha256': '6cdb3f09d7dc1b9d35740ddbd72eb5df5f945fcc7f15f26bcc5969d4c8a8788a'}, 'dob': {'date': '1969-04-18T19:30:09.658Z', 'age': 55}, 'registered': {'date': '2006-02-16T18:44:03.383Z', 'age': 18}, 'phone': '024-0727-192', 'cell': '066-0277-413', 'id': {'name': 'SID', 'value': '857439533'}, 'picture': {'large': 'https://randomuser.me/api/portraits/men/83.jpg', 'medium': 'https://randomuser.me/api/portraits/med/men/83.jpg', 'thumbnail': 'https://randomuser.me/api/portraits/thumb/men/83.jpg'}, 'nat': 'RS'}], 'info': {'seed': '182266be4ae3cd25', 'results': 1, 'page': 1, 'version': '1.4'}}</msg>
<arg>${json_data}</arg>
<doc>Logs the given message with the given level.</doc>
<status status="PASS" start="2024-04-24T04:16:21.723879" elapsed="0.000322"/>
</kw>
<kw name="Dictionary Should Contain Key" owner="Collections">
<msg time="2024-04-24T04:16:21.724837" level="INFO">False</msg>
<arg>${json_data}</arg>
<arg>results</arg>
<doc>Fails if ``key`` is not found from ``dictionary``.</doc>
<status status="PASS" start="2024-04-24T04:16:21.724631" elapsed="0.000256"/>
</kw>
<kw name="Should Not Be Empty" owner="BuiltIn">
<msg time="2024-04-24T04:16:21.725435" level="INFO">Length is 2.</msg>
<arg>${json_data}</arg>
<doc>Verifies that the given item is not empty.</doc>
<status status="PASS" start="2024-04-24T04:16:21.725268" elapsed="0.000218"/>
</kw>
<kw name="Create List" owner="BuiltIn">
<msg time="2024-04-24T04:16:21.726321" level="INFO">${expected_keys} = ['gender', 'name', 'location', 'email', 'login']</msg>
<var>${expected_keys}</var>
<arg>gender</arg>
<arg>name</arg>
<arg>location</arg>
<arg>email</arg>
<arg>login</arg>
<doc>Returns a list containing given items.</doc>
<status status="PASS" start="2024-04-24T04:16:21.725897" elapsed="0.000458"/>
</kw>
<for flavor="IN">
<iter>
<kw name="Dictionary Should Contain Key" owner="Collections">
<msg time="2024-04-24T04:16:21.727484" level="INFO">False</msg>
<arg>${json_data['results'][0]}</arg>
<arg>${key}</arg>
<doc>Fails if ``key`` is not found from ``dictionary``.</doc>
<status status="PASS" start="2024-04-24T04:16:21.727056" elapsed="0.000468"/>
</kw>
<kw name="Log" owner="BuiltIn">
<msg time="2024-04-24T04:16:21.728204" level="INFO">{'gender': 'male', 'name': {'title': 'Mr', 'first': 'Boris', 'last': 'Krasić'}, 'location': {'street': {'number': 959, 'name': 'Partizanski Sastanak'}, 'city': 'Kovin', 'state': 'Kosovo-Pomoravlje', 'country': 'Serbia', 'postcode': 39722, 'coordinates': {'latitude': '60.7530', 'longitude': '-163.6914'}, 'timezone': {'offset': '+4:00', 'description': 'Abu Dhabi, Muscat, Baku, Tbilisi'}}, 'email': 'boris.krasic@example.com', 'login': {'uuid': '1591a535-133e-4d3f-a4e3-a63d661c4c2f', 'username': 'tinyduck680', 'password': 'discover', 'salt': 'emo31m95', 'md5': '7ebcc27f33ccfea86a84e9ac67d451f2', 'sha1': 'e16d57d42c47a57b1c0b07b9b196836bb7542917', 'sha256': '6cdb3f09d7dc1b9d35740ddbd72eb5df5f945fcc7f15f26bcc5969d4c8a8788a'}, 'dob': {'date': '1969-04-18T19:30:09.658Z', 'age': 55}, 'registered': {'date': '2006-02-16T18:44:03.383Z', 'age': 18}, 'phone': '024-0727-192', 'cell': '066-0277-413', 'id': {'name': 'SID', 'value': '857439533'}, 'picture': {'large': 'https://randomuser.me/api/portraits/men/83.jpg', 'medium': 'https://randomuser.me/api/portraits/med/men/83.jpg', 'thumbnail': 'https://randomuser.me/api/portraits/thumb/men/83.jpg'}, 'nat': 'RS'}</msg>
<arg>${json_data['results'][0]}</arg>
<doc>Logs the given message with the given level.</doc>
<status status="PASS" start="2024-04-24T04:16:21.727832" elapsed="0.000424"/>
</kw>
<kw name="Log" owner="BuiltIn">
<msg time="2024-04-24T04:16:21.728683" level="INFO">gender</msg>
<arg>${key}</arg>
<doc>Logs the given message with the given level.</doc>
<status status="PASS" start="2024-04-24T04:16:21.728555" elapsed="0.000166"/>
</kw>
<var name="${key}">gender</var>
<status status="PASS" start="2024-04-24T04:16:21.726926" elapsed="0.002009"/>
</iter>
<iter>
<kw name="Dictionary Should Contain Key" owner="Collections">
<msg time="2024-04-24T04:16:21.729640" level="INFO">False</msg>
<arg>${json_data['results'][0]}</arg>
<arg>${key}</arg>
<doc>Fails if ``key`` is not found from ``dictionary``.</doc>
<status status="PASS" start="2024-04-24T04:16:21.729243" elapsed="0.000435"/>
</kw>
<kw name="Log" owner="BuiltIn">
<msg time="2024-04-24T04:16:21.730405" level="INFO">{'gender': 'male', 'name': {'title': 'Mr', 'first': 'Boris', 'last': 'Krasić'}, 'location': {'street': {'number': 959, 'name': 'Partizanski Sastanak'}, 'city': 'Kovin', 'state': 'Kosovo-Pomoravlje', 'country': 'Serbia', 'postcode': 39722, 'coordinates': {'latitude': '60.7530', 'longitude': '-163.6914'}, 'timezone': {'offset': '+4:00', 'description': 'Abu Dhabi, Muscat, Baku, Tbilisi'}}, 'email': 'boris.krasic@example.com', 'login': {'uuid': '1591a535-133e-4d3f-a4e3-a63d661c4c2f', 'username': 'tinyduck680', 'password': 'discover', 'salt': 'emo31m95', 'md5': '7ebcc27f33ccfea86a84e9ac67d451f2', 'sha1': 'e16d57d42c47a57b1c0b07b9b196836bb7542917', 'sha256': '6cdb3f09d7dc1b9d35740ddbd72eb5df5f945fcc7f15f26bcc5969d4c8a8788a'}, 'dob': {'date': '1969-04-18T19:30:09.658Z', 'age': 55}, 'registered': {'date': '2006-02-16T18:44:03.383Z', 'age': 18}, 'phone': '024-0727-192', 'cell': '066-0277-413', 'id': {'name': 'SID', 'value': '857439533'}, 'picture': {'large': 'https://randomuser.me/api/portraits/men/83.jpg', 'medium': 'https://randomuser.me/api/portraits/med/men/83.jpg', 'thumbnail': 'https://randomuser.me/api/portraits/thumb/men/83.jpg'}, 'nat': 'RS'}</msg>
<arg>${json_data['results'][0]}</arg>
<doc>Logs the given message with the given level.</doc>
<status status="PASS" start="2024-04-24T04:16:21.730038" elapsed="0.000418"/>
</kw>
<kw name="Log" owner="BuiltIn">
<msg time="2024-04-24T04:16:21.730886" level="INFO">name</msg>
<arg>${key}</arg>
<doc>Logs the given message with the given level.</doc>
<status status="PASS" start="2024-04-24T04:16:21.730759" elapsed="0.000163"/>
</kw>
<var name="${key}">name</var>
<status status="PASS" start="2024-04-24T04:16:21.729127" elapsed="0.002014"/>
</iter>
<iter>
<kw name="Dictionary Should Contain Key" owner="Collections">
<msg time="2024-04-24T04:16:21.731823" level="INFO">False</msg>
<arg>${json_data['results'][0]}</arg>
<arg>${key}</arg>
<doc>Fails if ``key`` is not found from ``dictionary``.</doc>
<status status="PASS" start="2024-04-24T04:16:21.731438" elapsed="0.000423"/>
</kw>
<kw name="Log" owner="BuiltIn">
<msg time="2024-04-24T04:16:21.732525" level="INFO">{'gender': 'male', 'name': {'title': 'Mr', 'first': 'Boris', 'last': 'Krasić'}, 'location': {'street': {'number': 959, 'name': 'Partizanski Sastanak'}, 'city': 'Kovin', 'state': 'Kosovo-Pomoravlje', 'country': 'Serbia', 'postcode': 39722, 'coordinates': {'latitude': '60.7530', 'longitude': '-163.6914'}, 'timezone': {'offset': '+4:00', 'description': 'Abu Dhabi, Muscat, Baku, Tbilisi'}}, 'email': 'boris.krasic@example.com', 'login': {'uuid': '1591a535-133e-4d3f-a4e3-a63d661c4c2f', 'username': 'tinyduck680', 'password': 'discover', 'salt': 'emo31m95', 'md5': '7ebcc27f33ccfea86a84e9ac67d451f2', 'sha1': 'e16d57d42c47a57b1c0b07b9b196836bb7542917', 'sha256': '6cdb3f09d7dc1b9d35740ddbd72eb5df5f945fcc7f15f26bcc5969d4c8a8788a'}, 'dob': {'date': '1969-04-18T19:30:09.658Z', 'age': 55}, 'registered': {'date': '2006-02-16T18:44:03.383Z', 'age': 18}, 'phone': '024-0727-192', 'cell': '066-0277-413', 'id': {'name': 'SID', 'value': '857439533'}, 'picture': {'large': 'https://randomuser.me/api/portraits/men/83.jpg', 'medium': 'https://randomuser.me/api/portraits/med/men/83.jpg', 'thumbnail': 'https://randomuser.me/api/portraits/thumb/men/83.jpg'}, 'nat': 'RS'}</msg>
<arg>${json_data['results'][0]}</arg>
<doc>Logs the given message with the given level.</doc>
<status status="PASS" start="2024-04-24T04:16:21.732160" elapsed="0.000416"/>
</kw>
<kw name="Log" owner="BuiltIn">
<msg time="2024-04-24T04:16:21.732993" level="INFO">location</msg>
<arg>${key}</arg>
<doc>Logs the given message with the given level.</doc>
<status status="PASS" start="2024-04-24T04:16:21.732870" elapsed="0.000160"/>
</kw>
<var name="${key}">location</var>
<status status="PASS" start="2024-04-24T04:16:21.731326" elapsed="0.001915"/>
</iter>
<iter>
<kw name="Dictionary Should Contain Key" owner="Collections">
<msg time="2024-04-24T04:16:21.733947" level="INFO">False</msg>
<arg>${json_data['results'][0]}</arg>
<arg>${key}</arg>
<doc>Fails if ``key`` is not found from ``dictionary``.</doc>
<status status="PASS" start="2024-04-24T04:16:21.733531" elapsed="0.000454"/>
</kw>
<kw name="Log" owner="BuiltIn">
<msg time="2024-04-24T04:16:21.734645" level="INFO">{'gender': 'male', 'name': {'title': 'Mr', 'first': 'Boris', 'last': 'Krasić'}, 'location': {'street': {'number': 959, 'name': 'Partizanski Sastanak'}, 'city': 'Kovin', 'state': 'Kosovo-Pomoravlje', 'country': 'Serbia', 'postcode': 39722, 'coordinates': {'latitude': '60.7530', 'longitude': '-163.6914'}, 'timezone': {'offset': '+4:00', 'description': 'Abu Dhabi, Muscat, Baku, Tbilisi'}}, 'email': 'boris.krasic@example.com', 'login': {'uuid': '1591a535-133e-4d3f-a4e3-a63d661c4c2f', 'username': 'tinyduck680', 'password': 'discover', 'salt': 'emo31m95', 'md5': '7ebcc27f33ccfea86a84e9ac67d451f2', 'sha1': 'e16d57d42c47a57b1c0b07b9b196836bb7542917', 'sha256': '6cdb3f09d7dc1b9d35740ddbd72eb5df5f945fcc7f15f26bcc5969d4c8a8788a'}, 'dob': {'date': '1969-04-18T19:30:09.658Z', 'age': 55}, 'registered': {'date': '2006-02-16T18:44:03.383Z', 'age': 18}, 'phone': '024-0727-192', 'cell': '066-0277-413', 'id': {'name': 'SID', 'value': '857439533'}, 'picture': {'large': 'https://randomuser.me/api/portraits/men/83.jpg', 'medium': 'https://randomuser.me/api/portraits/med/men/83.jpg', 'thumbnail': 'https://randomuser.me/api/portraits/thumb/men/83.jpg'}, 'nat': 'RS'}</msg>
<arg>${json_data['results'][0]}</arg>
<doc>Logs the given message with the given level.</doc>
<status status="PASS" start="2024-04-24T04:16:21.734286" elapsed="0.000409"/>
</kw>
<kw name="Log" owner="BuiltIn">
<msg time="2024-04-24T04:16:21.735115" level="INFO">email</msg>
<arg>${key}</arg>
<doc>Logs the given message with the given level.</doc>
<status status="PASS" start="2024-04-24T04:16:21.734989" elapsed="0.000163"/>
</kw>
<var name="${key}">email</var>
<status status="PASS" start="2024-04-24T04:16:21.733422" elapsed="0.001941"/>
</iter>
<iter>
<kw name="Dictionary Should Contain Key" owner="Collections">
<msg time="2024-04-24T04:16:21.736032" level="INFO">False</msg>
<arg>${json_data['results'][0]}</arg>
<arg>${key}</arg>
<doc>Fails if ``key`` is not found from ``dictionary``.</doc>
<status status="PASS" start="2024-04-24T04:16:21.735641" elapsed="0.000429"/>
</kw>
<kw name="Log" owner="BuiltIn">
<msg time="2024-04-24T04:16:21.736725" level="INFO">{'gender': 'male', 'name': {'title': 'Mr', 'first': 'Boris', 'last': 'Krasić'}, 'location': {'street': {'number': 959, 'name': 'Partizanski Sastanak'}, 'city': 'Kovin', 'state': 'Kosovo-Pomoravlje', 'country': 'Serbia', 'postcode': 39722, 'coordinates': {'latitude': '60.7530', 'longitude': '-163.6914'}, 'timezone': {'offset': '+4:00', 'description': 'Abu Dhabi, Muscat, Baku, Tbilisi'}}, 'email': 'boris.krasic@example.com', 'login': {'uuid': '1591a535-133e-4d3f-a4e3-a63d661c4c2f', 'username': 'tinyduck680', 'password': 'discover', 'salt': 'emo31m95', 'md5': '7ebcc27f33ccfea86a84e9ac67d451f2', 'sha1': 'e16d57d42c47a57b1c0b07b9b196836bb7542917', 'sha256': '6cdb3f09d7dc1b9d35740ddbd72eb5df5f945fcc7f15f26bcc5969d4c8a8788a'}, 'dob': {'date': '1969-04-18T19:30:09.658Z', 'age': 55}, 'registered': {'date': '2006-02-16T18:44:03.383Z', 'age': 18}, 'phone': '024-0727-192', 'cell': '066-0277-413', 'id': {'name': 'SID', 'value': '857439533'}, 'picture': {'large': 'https://randomuser.me/api/portraits/men/83.jpg', 'medium': 'https://randomuser.me/api/portraits/med/men/83.jpg', 'thumbnail': 'https://randomuser.me/api/portraits/thumb/men/83.jpg'}, 'nat': 'RS'}</msg>
<arg>${json_data['results'][0]}</arg>
<doc>Logs the given message with the given level.</doc>
<status status="PASS" start="2024-04-24T04:16:21.736362" elapsed="0.000412"/>
</kw>
<kw name="Log" owner="BuiltIn">
<msg time="2024-04-24T04:16:21.737197" level="INFO">login</msg>
<arg>${key}</arg>
<doc>Logs the given message with the given level.</doc>
<status status="PASS" start="2024-04-24T04:16:21.737071" elapsed="0.000164"/>
</kw>
<var name="${key}">login</var>
<status status="PASS" start="2024-04-24T04:16:21.735532" elapsed="0.001942"/>
</iter>
<var>${key}</var>
<value>@{expected_keys}</value>
<status status="PASS" start="2024-04-24T04:16:21.726715" elapsed="0.010883"/>
</for>
<kw name="Create List" owner="BuiltIn">
<msg time="2024-04-24T04:16:21.737971" level="INFO">${expected_keysTwo} = ['username', 'password']</msg>
<var>${expected_keysTwo}</var>
<arg>username</arg>
<arg>password</arg>
<doc>Returns a list containing given items.</doc>
<status status="PASS" start="2024-04-24T04:16:21.737819" elapsed="0.000176"/>
</kw>
<for flavor="IN">
<iter>
<kw name="Dictionary Should Contain Key" owner="Collections">
<msg time="2024-04-24T04:16:21.738902" level="INFO">False</msg>
<arg>${json_data['results'][0]['login']}</arg>
<arg>${keyTwo}</arg>
<doc>Fails if ``key`` is not found from ``dictionary``.</doc>
<status status="PASS" start="2024-04-24T04:16:21.738512" elapsed="0.000428"/>
</kw>
<kw name="Dictionary Should Contain Key" owner="Collections">
<msg time="2024-04-24T04:16:21.739612" level="INFO">False</msg>
<arg>${json_data['results'][0]['login']}</arg>
<arg>${keyTwo}</arg>
<doc>Fails if ``key`` is not found from ``dictionary``.</doc>
<status status="PASS" start="2024-04-24T04:16:21.739232" elapsed="0.000418"/>
</kw>
<kw name="Log" owner="BuiltIn">
<msg time="2024-04-24T04:16:21.740065" level="INFO">username</msg>
<arg>${keyTwo}</arg>
<doc>Logs the given message with the given level.</doc>
<status status="PASS" start="2024-04-24T04:16:21.739939" elapsed="0.000168"/>
</kw>
<var name="${keyTwo}">username</var>
<status status="PASS" start="2024-04-24T04:16:21.738399" elapsed="0.001925"/>
</iter>
<iter>
<kw name="Dictionary Should Contain Key" owner="Collections">
<msg time="2024-04-24T04:16:21.740983" level="INFO">False</msg>
<arg>${json_data['results'][0]['login']}</arg>
<arg>${keyTwo}</arg>
<doc>Fails if ``key`` is not found from ``dictionary``.</doc>
<status status="PASS" start="2024-04-24T04:16:21.740605" elapsed="0.000421"/>
</kw>
<kw name="Dictionary Should Contain Key" owner="Collections">
<msg time="2024-04-24T04:16:21.741825" level="INFO">False</msg>
<arg>${json_data['results'][0]['login']}</arg>
<arg>${keyTwo}</arg>
<doc>Fails if ``key`` is not found from ``dictionary``.</doc>
<status status="PASS" start="2024-04-24T04:16:21.741319" elapsed="0.000549"/>
</kw>
<kw name="Log" owner="BuiltIn">
<msg time="2024-04-24T04:16:21.742295" level="INFO">password</msg>
<arg>${keyTwo}</arg>
<doc>Logs the given message with the given level.</doc>
<status status="PASS" start="2024-04-24T04:16:21.742168" elapsed="0.000164"/>
</kw>
<var name="${keyTwo}">password</var>
<status status="PASS" start="2024-04-24T04:16:21.740496" elapsed="0.002052"/>
</iter>
<var>${keyTwo}</var>
<value>@{expected_keysTwo}</value>
<status status="PASS" start="2024-04-24T04:16:21.738240" elapsed="0.004429"/>
</for>
<status status="PASS" start="2024-04-24T04:16:21.628727" elapsed="0.114085"/>
</kw>
<doc>Testa a estrutura da resposta da API.</doc>
<tag>testeEstruturaResposta</tag>
<status status="PASS" start="2024-04-24T04:16:21.628108" elapsed="0.114868"/>
</test>
<test id="s1-s1-t4" name="Validar tipos de dados" line="28">
<kw name="Teste de Tipos de Dados" owner="random-user-service">
<kw name="GET On Session" owner="RequestsLibrary">
<msg time="2024-04-24T04:16:21.830691" level="INFO">GET Request : url=https://randomuser.me/api 
 path_url=/api 
 headers={'User-Agent': 'python-requests/2.31.0', 'Accept-Encoding': 'gzip, deflate', 'Accept': '*/*', 'Connection': 'keep-alive'} 
 body=None 
 </msg>
<msg time="2024-04-24T04:16:21.830791" level="INFO">GET Response : url=https://randomuser.me/api 
 status=200, reason=OK 
 headers={'Date': 'Wed, 24 Apr 2024 04:16:21 GMT', 'Content-Type': 'application/json; charset=utf-8', 'Transfer-Encoding': 'chunked', 'Connection': 'keep-alive', 'X-Powered-By': 'Express', 'Access-Control-Allow-Origin': '*', 'Cache-Control': 'no-cache', 'ETag': 'W/"496-Iibhr3BvUBP9FIt6x/GBwpXPViE"', 'Vary': 'Accept-Encoding', 'Content-Encoding': 'gzip', 'CF-Cache-Status': 'DYNAMIC', 'Report-To': '{"endpoints":[{"url":"https:\\/\\/a.nel.cloudflare.com\\/report\\/v4?s=Goh9lkcdjX5xBQofsaYSW8pVErNikkYYzOil%2FPBhMaZr9yyOekrKNu2NJ1kT%2F2leFtiD%2Fku90iaUmCCf8DeVLS3tI%2Bf%2FeY%2BehG%2Fzhk1wYi3HDp50CvYEvVUMX5WTWP3u"}],"group":"cf-nel","max_age":604800}', 'NEL': '{"success_fraction":0,"report_to":"cf-nel","max_age":604800}', 'Server': 'cloudflare', 'CF-RAY': '87934707ed4c609c-ORD', 'alt-svc': 'h3=":443"; ma=86400'} 
 body={"results":[{"gender":"female","name":{"title":"Miss","first":"Rikke","last":"Spruijt"},"location":{"street":{"number":1432,"name":"Hondsdijkstraat"},"city":"Itens","state":"Overijssel","country":"Netherlands","postcode":"9661 NO","coordinates":{"latitude":"35.9258","longitude":"137.0342"},"timezone":{"offset":"+6:00","description":"Almaty, Dhaka, Colombo"}},"email":"rikke.spruijt@example.com","login":{"uuid":"ca3c2c6b-db6c-4c82-a3f4-42975ec74fb4","username":"brownelephant245","password":"wednesda","salt":"SBWVGk5m","md5":"b20d4c15c77d1e97b3f1d18bd7c72953","sha1":"9563f250de41358057fd488ae056f36c602a2995","sha256":"c12e705eb672456ca85a484e11e66a35115bab530bd3f43a5ab8124c454daa6c"},"dob":{"date":"1977-10-14T06:09:15.335Z","age":46},"registered":{"date":"2011-05-21T06:51:29.950Z","age":12},"phone":"(0807) 105343","cell":"(06) 53713547","id":{"name":"BSN","value":"57724348"},"picture":{"large":"https://randomuser.me/api/portraits/women/30.jpg","medium":"https://randomuser.me/api/portraits/med/women/30.jpg","thumbnail":"https://randomuser.me/api/portraits/thumb/women/30.jpg"},"nat":"NL"}],"info":{"seed":"8163c272c560db29","results":1,"page":1,"version":"1.4"}} 
 </msg>
<msg time="2024-04-24T04:16:21.830861" level="INFO">/opt/hostedtoolcache/Python/3.12.3/x64/lib/python3.12/site-packages/urllib3/connectionpool.py:1103: InsecureRequestWarning: Unverified HTTPS request is being made to host 'randomuser.me'. Adding certificate verification is strongly advised. See: https://urllib3.readthedocs.io/en/latest/advanced-usage.html#tls-warnings
  warnings.warn(</msg>
<msg time="2024-04-24T04:16:21.830988" level="INFO">${response} = &lt;Response [200]&gt;</msg>
<var>${response}</var>
<arg>consultarAPI</arg>
<arg>/api</arg>
<doc>Sends a GET request on a previously created HTTP Session.</doc>
<status status="PASS" start="2024-04-24T04:16:21.745659" elapsed="0.085370"/>
</kw>
<kw name="Set Variable" owner="BuiltIn">
<msg time="2024-04-24T04:16:21.832232" level="INFO">${json_data} = {'results': [{'gender': 'female', 'name': {'title': 'Miss', 'first': 'Rikke', 'last': 'Spruijt'}, 'location': {'street': {'number': 1432, 'name': 'Hondsdijkstraat'}, 'city': 'Itens', 'state': 'Overijs...</msg>
<var>${json_data}</var>
<arg>${response.json()}</arg>
<doc>Returns the given values which can then be assigned to a variables.</doc>
<status status="PASS" start="2024-04-24T04:16:21.831667" elapsed="0.000595"/>
</kw>
<kw name="Log" owner="BuiltIn">
<msg time="2024-04-24T04:16:21.832730" level="INFO">{'results': [{'gender': 'female', 'name': {'title': 'Miss', 'first': 'Rikke', 'last': 'Spruijt'}, 'location': {'street': {'number': 1432, 'name': 'Hondsdijkstraat'}, 'city': 'Itens', 'state': 'Overijssel', 'country': 'Netherlands', 'postcode': '9661 NO', 'coordinates': {'latitude': '35.9258', 'longitude': '137.0342'}, 'timezone': {'offset': '+6:00', 'description': 'Almaty, Dhaka, Colombo'}}, 'email': 'rikke.spruijt@example.com', 'login': {'uuid': 'ca3c2c6b-db6c-4c82-a3f4-42975ec74fb4', 'username': 'brownelephant245', 'password': 'wednesda', 'salt': 'SBWVGk5m', 'md5': 'b20d4c15c77d1e97b3f1d18bd7c72953', 'sha1': '9563f250de41358057fd488ae056f36c602a2995', 'sha256': 'c12e705eb672456ca85a484e11e66a35115bab530bd3f43a5ab8124c454daa6c'}, 'dob': {'date': '1977-10-14T06:09:15.335Z', 'age': 46}, 'registered': {'date': '2011-05-21T06:51:29.950Z', 'age': 12}, 'phone': '(0807) 105343', 'cell': '(06) 53713547', 'id': {'name': 'BSN', 'value': '57724348'}, 'picture': {'large': 'https://randomuser.me/api/portraits/women/30.jpg', 'medium': 'https://randomuser.me/api/portraits/med/women/30.jpg', 'thumbnail': 'https://randomuser.me/api/portraits/thumb/women/30.jpg'}, 'nat': 'NL'}], 'info': {'seed': '8163c272c560db29', 'results': 1, 'page': 1, 'version': '1.4'}}</msg>
<arg>${json_data}</arg>
<doc>Logs the given message with the given level.</doc>
<status status="PASS" start="2024-04-24T04:16:21.832572" elapsed="0.000246"/>
</kw>
<kw name="Should Be String" owner="String">
<arg>${json_data['results'][0]['gender']}</arg>
<doc>Fails if the given ``item`` is not a string.</doc>
<status status="PASS" start="2024-04-24T04:16:21.833120" elapsed="0.000365"/>
</kw>
<kw name="Should Match Regexp" owner="BuiltIn">
<arg>${json_data['results'][0]['email']}</arg>
<arg>^[a-zA-Z0-9._%+-]+@[a-zA-Z0-9.-]+\.[a-zA-Z]{2,}$</arg>
<doc>Fails if ``string`` does not match ``pattern`` as a regular expression.</doc>
<status status="PASS" start="2024-04-24T04:16:21.833677" elapsed="0.000570"/>
</kw>
<kw name="Should Match Regexp" owner="BuiltIn">
<arg>${json_data['results'][0]['dob']['date']}</arg>
<arg>\\d{4}-\\d{2}-\\d{2}T\\d{2}:\\d{2}:\\d{2}\\.\\d{3}Z</arg>
<doc>Fails if ``string`` does not match ``pattern`` as a regular expression.</doc>
<status status="PASS" start="2024-04-24T04:16:21.834444" elapsed="0.000485"/>
</kw>
<kw name="Should Match Regexp" owner="BuiltIn">
<arg>${json_data['results'][0]['registered']['date']}</arg>
<arg>\\d{4}-\\d{2}-\\d{2}T\\d{2}:\\d{2}:\\d{2}\\.\\d{3}Z</arg>
<doc>Fails if ``string`` does not match ``pattern`` as a regular expression.</doc>
<status status="PASS" start="2024-04-24T04:16:21.835121" elapsed="0.000362"/>
</kw>
<kw name="Should Match Regexp" owner="BuiltIn">
<arg>${json_data['results'][0]['picture']['large']}</arg>
<arg>^https?://.*\.(?:png|jpe?g|gif|bmp)$</arg>
<doc>Fails if ``string`` does not match ``pattern`` as a regular expression.</doc>
<status status="PASS" start="2024-04-24T04:16:21.835675" elapsed="0.000461"/>
</kw>
<kw name="Should Match Regexp" owner="BuiltIn">
<arg>${json_data['results'][0]['picture']['medium']}</arg>
<arg>^https?://.*\.(?:png|jpe?g|gif|bmp)$</arg>
<doc>Fails if ``string`` does not match ``pattern`` as a regular expression.</doc>
<status status="PASS" start="2024-04-24T04:16:21.836329" elapsed="0.000359"/>
</kw>
<kw name="Should Match Regexp" owner="BuiltIn">
<arg>${json_data['results'][0]['picture']['thumbnail']}</arg>
<arg>^https?://.*\.(?:png|jpe?g|gif|bmp)$</arg>
<doc>Fails if ``string`` does not match ``pattern`` as a regular expression.</doc>
<status status="PASS" start="2024-04-24T04:16:21.836877" elapsed="0.000346"/>
</kw>
<kw name="Log" owner="BuiltIn">
<msg time="2024-04-24T04:16:21.837721" level="INFO">{'large': 'https://randomuser.me/api/portraits/women/30.jpg', 'medium': 'https://randomuser.me/api/portraits/med/women/30.jpg', 'thumbnail': 'https://randomuser.me/api/portraits/thumb/women/30.jpg'}</msg>
<arg>${json_data['results'][0]['picture']}</arg>
<doc>Logs the given message with the given level.</doc>
<status status="PASS" start="2024-04-24T04:16:21.837402" elapsed="0.000359"/>
</kw>
<status status="PASS" start="2024-04-24T04:16:21.745426" elapsed="0.092631"/>
</kw>
<kw name="Teste de Tipos de Dados - Postcode" owner="random-user-service">
<kw name="GET On Session" owner="RequestsLibrary">
<msg time="2024-04-24T04:16:21.921401" level="INFO">GET Request : url=https://randomuser.me/api 
 path_url=/api 
 headers={'User-Agent': 'python-requests/2.31.0', 'Accept-Encoding': 'gzip, deflate', 'Accept': '*/*', 'Connection': 'keep-alive'} 
 body=None 
 </msg>
<msg time="2024-04-24T04:16:21.921503" level="INFO">GET Response : url=https://randomuser.me/api 
 status=200, reason=OK 
 headers={'Date': 'Wed, 24 Apr 2024 04:16:21 GMT', 'Content-Type': 'application/json; charset=utf-8', 'Transfer-Encoding': 'chunked', 'Connection': 'keep-alive', 'X-Powered-By': 'Express', 'Access-Control-Allow-Origin': '*', 'Cache-Control': 'no-cache', 'ETag': 'W/"492-XJ7OX9eoOObeUiNYmhMC3Va5kVE"', 'Vary': 'Accept-Encoding', 'Content-Encoding': 'gzip', 'CF-Cache-Status': 'DYNAMIC', 'Report-To': '{"endpoints":[{"url":"https:\\/\\/a.nel.cloudflare.com\\/report\\/v4?s=BfBAjDgEtkY9kdE1NcKfWHde%2F2o9pfscV42KgLAB7kahNIPvI2kPlGlanQVDdXG132Zta7U5vUd%2Bp6v4xT9LFHKtuCxK73LD1BffBpvGjto1F39fjZ6Sids5FcljWrUK"}],"group":"cf-nel","max_age":604800}', 'NEL': '{"success_fraction":0,"report_to":"cf-nel","max_age":604800}', 'Server': 'cloudflare', 'CF-RAY': '879347088dd3609c-ORD', 'alt-svc': 'h3=":443"; ma=86400'} 
 body={"results":[{"gender":"female","name":{"title":"Mrs","first":"Fatma","last":"Günday"},"location":{"street":{"number":9387,"name":"Şehitler Cd"},"city":"Kütahya","state":"Diyarbakır","country":"Turkey","postcode":71396,"coordinates":{"latitude":"69.3708","longitude":"75.7489"},"timezone":{"offset":"+5:00","description":"Ekaterinburg, Islamabad, Karachi, Tashkent"}},"email":"fatma.gunday@example.com","login":{"uuid":"668af584-a083-44f3-acdc-343db79d1ffe","username":"smallduck362","password":"striper","salt":"cFop8p4W","md5":"00b8a5f37406ec52e816a925197cfa0b","sha1":"84fa1013b08fadd27bf51f037a6398755ac2402d","sha256":"d3af510bcccd5eb2d2474d6ebf52de0fd609c8613c6b1610cf676f077c82da10"},"dob":{"date":"1955-10-07T00:59:09.654Z","age":68},"registered":{"date":"2019-08-15T10:37:54.181Z","age":4},"phone":"(468)-199-8998","cell":"(237)-557-8403","id":{"name":"","value":null},"picture":{"large":"https://randomuser.me/api/portraits/women/68.jpg","medium":"https://randomuser.me/api/portraits/med/women/68.jpg","thumbnail":"https://randomuser.me/api/portraits/thumb/women/68.jpg"},"nat":"TR"}],"info":{"seed":"4e8cbe4609cd866e","results":1,"page":1,"version":"1.4"}} 
 </msg>
<msg time="2024-04-24T04:16:21.921585" level="INFO">/opt/hostedtoolcache/Python/3.12.3/x64/lib/python3.12/site-packages/urllib3/connectionpool.py:1103: InsecureRequestWarning: Unverified HTTPS request is being made to host 'randomuser.me'. Adding certificate verification is strongly advised. See: https://urllib3.readthedocs.io/en/latest/advanced-usage.html#tls-warnings
  warnings.warn(</msg>
<msg time="2024-04-24T04:16:21.921714" level="INFO">${response} = &lt;Response [200]&gt;</msg>
<var>${response}</var>
<arg>consultarAPI</arg>
<arg>/api</arg>
<doc>Sends a GET request on a previously created HTTP Session.</doc>
<status status="PASS" start="2024-04-24T04:16:21.838527" elapsed="0.083235"/>
</kw>
<kw name="Set Variable" owner="BuiltIn">
<msg time="2024-04-24T04:16:21.923047" level="INFO">${json_data} = {'results': [{'gender': 'female', 'name': {'title': 'Mrs', 'first': 'Fatma', 'last': 'Günday'}, 'location': {'street': {'number': 9387, 'name': 'Şehitler Cd'}, 'city': 'Kütahya', 'state': 'Diyarbakır'...</msg>
<var>${json_data}</var>
<arg>${response.json()}</arg>
<doc>Returns the given values which can then be assigned to a variables.</doc>
<status status="PASS" start="2024-04-24T04:16:21.922419" elapsed="0.000659"/>
</kw>
<kw name="Log" owner="BuiltIn">
<msg time="2024-04-24T04:16:21.923555" level="INFO">{'results': [{'gender': 'female', 'name': {'title': 'Mrs', 'first': 'Fatma', 'last': 'Günday'}, 'location': {'street': {'number': 9387, 'name': 'Şehitler Cd'}, 'city': 'Kütahya', 'state': 'Diyarbakır', 'country': 'Turkey', 'postcode': 71396, 'coordinates': {'latitude': '69.3708', 'longitude': '75.7489'}, 'timezone': {'offset': '+5:00', 'description': 'Ekaterinburg, Islamabad, Karachi, Tashkent'}}, 'email': 'fatma.gunday@example.com', 'login': {'uuid': '668af584-a083-44f3-acdc-343db79d1ffe', 'username': 'smallduck362', 'password': 'striper', 'salt': 'cFop8p4W', 'md5': '00b8a5f37406ec52e816a925197cfa0b', 'sha1': '84fa1013b08fadd27bf51f037a6398755ac2402d', 'sha256': 'd3af510bcccd5eb2d2474d6ebf52de0fd609c8613c6b1610cf676f077c82da10'}, 'dob': {'date': '1955-10-07T00:59:09.654Z', 'age': 68}, 'registered': {'date': '2019-08-15T10:37:54.181Z', 'age': 4}, 'phone': '(468)-199-8998', 'cell': '(237)-557-8403', 'id': {'name': '', 'value': None}, 'picture': {'large': 'https://randomuser.me/api/portraits/women/68.jpg', 'medium': 'https://randomuser.me/api/portraits/med/women/68.jpg', 'thumbnail': 'https://randomuser.me/api/portraits/thumb/women/68.jpg'}, 'nat': 'TR'}], 'info': {'seed': '4e8cbe4609cd866e', 'results': 1, 'page': 1, 'version': '1.4'}}</msg>
<arg>${json_data}</arg>
<doc>Logs the given message with the given level.</doc>
<status status="PASS" start="2024-04-24T04:16:21.923395" elapsed="0.000243"/>
</kw>
<kw name="Should Be Equal As Numbers" owner="BuiltIn">
<arg>${json_data['results'][0]['location']['postcode']}</arg>
<arg>${json_data['results'][0]['location']['postcode']}</arg>
<doc>Fails if objects are unequal after converting them to real numbers.</doc>
<status status="PASS" start="2024-04-24T04:16:21.923936" elapsed="0.000783"/>
</kw>
<kw name="Log" owner="BuiltIn">
<msg time="2024-04-24T04:16:21.925263" level="INFO">71396</msg>
<arg>${json_data['results'][0]['location']['postcode']}</arg>
<doc>Logs the given message with the given level.</doc>
<status status="PASS" start="2024-04-24T04:16:21.924915" elapsed="0.000388"/>
</kw>
<status status="PASS" start="2024-04-24T04:16:21.838290" elapsed="0.087268"/>
</kw>
<doc>Testa se os tipos de dados na resposta da API estão corretos.</doc>
<tag>testeTiposDados</tag>
<status status="PASS" start="2024-04-24T04:16:21.744855" elapsed="0.180868"/>
</test>
<test id="s1-s1-t5" name="Validar conteudo" line="35">
<kw name="Teste de Tipos de Conteudo" owner="random-user-service">
<kw name="GET On Session" owner="RequestsLibrary">
<msg time="2024-04-24T04:16:22.028919" level="INFO">GET Request : url=https://randomuser.me/api 
 path_url=/api 
 headers={'User-Agent': 'python-requests/2.31.0', 'Accept-Encoding': 'gzip, deflate', 'Accept': '*/*', 'Connection': 'keep-alive'} 
 body=None 
 </msg>
<msg time="2024-04-24T04:16:22.029028" level="INFO">GET Response : url=https://randomuser.me/api 
 status=200, reason=OK 
 headers={'Date': 'Wed, 24 Apr 2024 04:16:22 GMT', 'Content-Type': 'application/json; charset=utf-8', 'Transfer-Encoding': 'chunked', 'Connection': 'keep-alive', 'X-Powered-By': 'Express', 'Access-Control-Allow-Origin': '*', 'Cache-Control': 'no-cache', 'ETag': 'W/"470-JUl21MqClXxa+iVYjAk8j7Ym0FU"', 'Vary': 'Accept-Encoding', 'Content-Encoding': 'gzip', 'CF-Cache-Status': 'DYNAMIC', 'Report-To': '{"endpoints":[{"url":"https:\\/\\/a.nel.cloudflare.com\\/report\\/v4?s=Kp7NvEL12tiMGKar9t3ENMdX3S06V5i795Z3RkjksCdbwizACaksXn%2FuQ6rmzOHi9ob8FndhWHNjNMz4pHVPelg1cd442FIpcHdli%2BjqQvfSvYBSwOYOmm3fhf4URF4B"}],"group":"cf-nel","max_age":604800}', 'NEL': '{"success_fraction":0,"report_to":"cf-nel","max_age":604800}', 'Server': 'cloudflare', 'CF-RAY': '879347091e77609c-ORD', 'alt-svc': 'h3=":443"; ma=86400'} 
 body={"results":[{"gender":"male","name":{"title":"Mr","first":"Hudson","last":"Patel"},"location":{"street":{"number":7741,"name":"Cranford Street"},"city":"Napier","state":"Canterbury","country":"New Zealand","postcode":78336,"coordinates":{"latitude":"49.6653","longitude":"-151.8921"},"timezone":{"offset":"-2:00","description":"Mid-Atlantic"}},"email":"hudson.patel@example.com","login":{"uuid":"796c272c-4259-4dc4-b918-dc9fe291a203","username":"biglion862","password":"megaman","salt":"rktM1VrS","md5":"529a862aad9da33493a915f2841d030e","sha1":"66886e32009f17f90e76a4c406a41e67f0098d47","sha256":"9ca4e68a7cf2c5d3f437285fabc7c3759b757d90c67be67c759648f1a4b1956d"},"dob":{"date":"1990-03-08T13:00:09.721Z","age":34},"registered":{"date":"2013-09-15T13:17:13.539Z","age":10},"phone":"(916)-061-0279","cell":"(683)-756-5474","id":{"name":"","value":null},"picture":{"large":"https://randomuser.me/api/portraits/men/94.jpg","medium":"https://randomuser.me/api/portraits/med/men/94.jpg","thumbnail":"https://randomuser.me/api/portraits/thumb/men/94.jpg"},"nat":"NZ"}],"info":{"seed":"714366dc6e3452a7","results":1,"page":1,"version":"1.4"}} 
 </msg>
<msg time="2024-04-24T04:16:22.029100" level="INFO">/opt/hostedtoolcache/Python/3.12.3/x64/lib/python3.12/site-packages/urllib3/connectionpool.py:1103: InsecureRequestWarning: Unverified HTTPS request is being made to host 'randomuser.me'. Adding certificate verification is strongly advised. See: https://urllib3.readthedocs.io/en/latest/advanced-usage.html#tls-warnings
  warnings.warn(</msg>
<msg time="2024-04-24T04:16:22.029220" level="INFO">${response} = &lt;Response [200]&gt;</msg>
<var>${response}</var>
<arg>consultarAPI</arg>
<arg>/api</arg>
<doc>Sends a GET request on a previously created HTTP Session.</doc>
<status status="PASS" start="2024-04-24T04:16:21.929003" elapsed="0.100257"/>
</kw>
<kw name="Set Variable" owner="BuiltIn">
<msg time="2024-04-24T04:16:22.030331" level="INFO">${json_data} = {'results': [{'gender': 'male', 'name': {'title': 'Mr', 'first': 'Hudson', 'last': 'Patel'}, 'location': {'street': {'number': 7741, 'name': 'Cranford Street'}, 'city': 'Napier', 'state': 'Canterbury'...</msg>
<var>${json_data}</var>
<arg>${response.json()}</arg>
<doc>Returns the given values which can then be assigned to a variables.</doc>
<status status="PASS" start="2024-04-24T04:16:22.029774" elapsed="0.000586"/>
</kw>
<kw name="Set Variable" owner="BuiltIn">
<msg time="2024-04-24T04:16:22.031059" level="INFO">${name_title} = Mr</msg>
<var>${name_title}</var>
<arg>${json_data["results"][0]["name"]["title"]}</arg>
<doc>Returns the given values which can then be assigned to a variables.</doc>
<status status="PASS" start="2024-04-24T04:16:22.030669" elapsed="0.000416"/>
</kw>
<kw name="Create List" owner="BuiltIn">
<msg time="2024-04-24T04:16:22.031539" level="INFO">${allowed_titles} = ['Mr', 'Ms', 'Miss', 'Mrs', 'Madame', 'Monsieur']</msg>
<var>${allowed_titles}</var>
<arg>Mr</arg>
<arg>Ms</arg>
<arg>Miss</arg>
<arg>Mrs</arg>
<arg>Madame</arg>
<arg>Monsieur</arg>
<doc>Returns a list containing given items.</doc>
<status status="PASS" start="2024-04-24T04:16:22.031388" elapsed="0.000175"/>
</kw>
<kw name="List Should Contain Value" owner="Collections">
<msg time="2024-04-24T04:16:22.032037" level="INFO">False</msg>
<arg>${allowed_titles}</arg>
<arg>${name_title}</arg>
<doc>Fails if the ``value`` is not found from ``list``.</doc>
<status status="PASS" start="2024-04-24T04:16:22.031864" elapsed="0.000210"/>
</kw>
<kw name="Set Variable" owner="BuiltIn">
<msg time="2024-04-24T04:16:22.032752" level="INFO">${name_country} = NZ</msg>
<var>${name_country}</var>
<arg>${json_data["results"][0]["nat"]}</arg>
<doc>Returns the given values which can then be assigned to a variables.</doc>
<status status="PASS" start="2024-04-24T04:16:22.032363" elapsed="0.000415"/>
</kw>
<kw name="Create List" owner="BuiltIn">
<msg time="2024-04-24T04:16:22.033657" level="INFO">${list_country} = ['AD', 'AE', 'AF', 'AG', 'AI', 'AL', 'AM', 'AO', 'AQ', 'AR', 'AS', 'AT', 'AU', 'AW', 'AX', 'AZ', 'BA', 'BB', 'BD', 'BE', 'BF', 'BG', 'BH', 'BI', 'BJ', 'BL', 'BM', 'BN', 'BO', 'BQ', 'BR', 'BS', 'BT', '...</msg>
<var>${list_country}</var>
<arg>AD</arg>
<arg>AE</arg>
<arg>AF</arg>
<arg>AG</arg>
<arg>AI</arg>
<arg>AL</arg>
<arg>AM</arg>
<arg>AO</arg>
<arg>AQ</arg>
<arg>AR</arg>
<arg>AS</arg>
<arg>AT</arg>
<arg>AU</arg>
<arg>AW</arg>
<arg>AX</arg>
<arg>AZ</arg>
<arg>BA</arg>
<arg>BB</arg>
<arg>BD</arg>
<arg>BE</arg>
<arg>BF</arg>
<arg>BG</arg>
<arg>BH</arg>
<arg>BI</arg>
<arg>BJ</arg>
<arg>BL</arg>
<arg>BM</arg>
<arg>BN</arg>
<arg>BO</arg>
<arg>BQ</arg>
<arg>BR</arg>
<arg>BS</arg>
<arg>BT</arg>
<arg>BV</arg>
<arg>BW</arg>
<arg>BY</arg>
<arg>BZ</arg>
<arg>CA</arg>
<arg>CC</arg>
<arg>CD</arg>
<arg>CF</arg>
<arg>CG</arg>
<arg>CH</arg>
<arg>CI</arg>
<arg>CK</arg>
<arg>CL</arg>
<arg>CM</arg>
<arg>CN</arg>
<arg>CO</arg>
<arg>CR</arg>
<arg>CU</arg>
<arg>CV</arg>
<arg>CW</arg>
<arg>CX</arg>
<arg>CY</arg>
<arg>CZ</arg>
<arg>DE</arg>
<arg>DJ</arg>
<arg>DK</arg>
<arg>DM</arg>
<arg>DO</arg>
<arg>DZ</arg>
<arg>EC</arg>
<arg>EE</arg>
<arg>EG</arg>
<arg>EH</arg>
<arg>ER</arg>
<arg>ES</arg>
<arg>ET</arg>
<arg>FI</arg>
<arg>FJ</arg>
<arg>FK</arg>
<arg>FM</arg>
<arg>FO</arg>
<arg>FR</arg>
<arg>GA</arg>
<arg>GB</arg>
<arg>GD</arg>
<arg>GE</arg>
<arg>GF</arg>
<arg>GG</arg>
<arg>GH</arg>
<arg>GI</arg>
<arg>GL</arg>
<arg>GM</arg>
<arg>GN</arg>
<arg>GP</arg>
<arg>GQ</arg>
<arg>GR</arg>
<arg>GS</arg>
<arg>GT</arg>
<arg>GU</arg>
<arg>GW</arg>
<arg>GY</arg>
<arg>HK</arg>
<arg>HM</arg>
<arg>HN</arg>
<arg>HR</arg>
<arg>HT</arg>
<arg>HU</arg>
<arg>ID</arg>
<arg>IE</arg>
<arg>IL</arg>
<arg>IM</arg>
<arg>IN</arg>
<arg>IO</arg>
<arg>IQ</arg>
<arg>IR</arg>
<arg>IS</arg>
<arg>IT</arg>
<arg>JE</arg>
<arg>JM</arg>
<arg>JO</arg>
<arg>JP</arg>
<arg>KE</arg>
<arg>KG</arg>
<arg>KH</arg>
<arg>KI</arg>
<arg>KM</arg>
<arg>KN</arg>
<arg>KP</arg>
<arg>KR</arg>
<arg>KW</arg>
<arg>KY</arg>
<arg>KZ</arg>
<arg>LA</arg>
<arg>LB</arg>
<arg>LC</arg>
<arg>LI</arg>
<arg>LK</arg>
<arg>LR</arg>
<arg>LS</arg>
<arg>LT</arg>
<arg>LU</arg>
<arg>LV</arg>
<arg>LY</arg>
<arg>MA</arg>
<arg>MC</arg>
<arg>MD</arg>
<arg>ME</arg>
<arg>MF</arg>
<arg>MG</arg>
<arg>MH</arg>
<arg>MK</arg>
<arg>ML</arg>
<arg>MM</arg>
<arg>MN</arg>
<arg>MO</arg>
<arg>MP</arg>
<arg>MQ</arg>
<arg>MR</arg>
<arg>MS</arg>
<arg>MT</arg>
<arg>MU</arg>
<arg>MV</arg>
<arg>MW</arg>
<arg>MX</arg>
<arg>MY</arg>
<arg>MZ</arg>
<arg>NA</arg>
<arg>NC</arg>
<arg>NE</arg>
<arg>NF</arg>
<arg>NG</arg>
<arg>NI</arg>
<arg>NL</arg>
<arg>NO</arg>
<arg>NP</arg>
<arg>NR</arg>
<arg>NU</arg>
<arg>NZ</arg>
<arg>OM</arg>
<arg>PA</arg>
<arg>PE</arg>
<arg>PF</arg>
<arg>PG</arg>
<arg>PH</arg>
<arg>PK</arg>
<arg>PL</arg>
<arg>PM</arg>
<arg>PN</arg>
<arg>PR</arg>
<arg>PS</arg>
<arg>PT</arg>
<arg>PW</arg>
<arg>PY</arg>
<arg>QA</arg>
<arg>RE</arg>
<arg>RO</arg>
<arg>RS</arg>
<arg>RU</arg>
<arg>RW</arg>
<arg>SA</arg>
<arg>SB</arg>
<arg>SC</arg>
<arg>SD</arg>
<arg>SE</arg>
<arg>SG</arg>
<arg>SH</arg>
<arg>SI</arg>
<arg>SJ</arg>
<arg>SK</arg>
<arg>SL</arg>
<arg>SM</arg>
<arg>SN</arg>
<arg>SO</arg>
<arg>SR</arg>
<arg>SS</arg>
<arg>ST</arg>
<arg>SV</arg>
<arg>SX</arg>
<arg>SY</arg>
<arg>SZ</arg>
<arg>TC</arg>
<arg>TD</arg>
<arg>TF</arg>
<arg>TG</arg>
<arg>TH</arg>
<arg>TJ</arg>
<arg>TK</arg>
<arg>TL</arg>
<arg>TM</arg>
<arg>TN</arg>
<arg>TO</arg>
<arg>TR</arg>
<arg>TT</arg>
<arg>TV</arg>
<arg>TW</arg>
<arg>TZ</arg>
<arg>UA</arg>
<arg>UG</arg>
<arg>UM</arg>
<arg>US</arg>
<arg>UY</arg>
<arg>UZ</arg>
<arg>VA</arg>
<arg>VC</arg>
<arg>VE</arg>
<arg>VG</arg>
<arg>VI</arg>
<arg>VN</arg>
<arg>VU</arg>
<arg>WF</arg>
<arg>WS</arg>
<arg>XK</arg>
<arg>YE</arg>
<arg>YT</arg>
<arg>ZA</arg>
<arg>ZM</arg>
<arg>ZW</arg>
<doc>Returns a list containing given items.</doc>
<status status="PASS" start="2024-04-24T04:16:22.033079" elapsed="0.000603"/>
</kw>
<kw name="List Should Contain Value" owner="Collections">
<msg time="2024-04-24T04:16:22.034694" level="INFO">False</msg>
<arg>${list_country}</arg>
<arg>${name_country}</arg>
<doc>Fails if the ``value`` is not found from ``list``.</doc>
<status status="PASS" start="2024-04-24T04:16:22.034494" elapsed="0.000237"/>
</kw>
<kw name="Run Keyword If" owner="BuiltIn">
<kw name="Should Be True" owner="BuiltIn">
<arg>${True}</arg>
<doc>Fails if the given condition is not true.</doc>
<status status="PASS" start="2024-04-24T04:16:22.035803" elapsed="0.000143"/>
</kw>
<arg>${json_data["results"][0]["location"]["coordinates"]["latitude"]} &gt;= -90 and ${json_data["results"][0]["location"]["coordinates"]["latitude"]} &lt;= 90</arg>
<arg>Should Be True</arg>
<arg>${True}</arg>
<doc>Runs the given keyword with the given arguments, if ``condition`` is true.</doc>
<status status="PASS" start="2024-04-24T04:16:22.035039" elapsed="0.001034"/>
</kw>
<kw name="Run Keyword If" owner="BuiltIn">
<kw name="Should Be True" owner="BuiltIn">
<arg>${True}</arg>
<doc>Fails if the given condition is not true.</doc>
<status status="PASS" start="2024-04-24T04:16:22.036946" elapsed="0.000261"/>
</kw>
<arg>${json_data["results"][0]["location"]["coordinates"]["longitude"]} &gt;= -180 and ${json_data["results"][0]["location"]["coordinates"]["longitude"]} &lt;= 180</arg>
<arg>Should Be True</arg>
<arg>${True}</arg>
<doc>Runs the given keyword with the given arguments, if ``condition`` is true.</doc>
<status status="PASS" start="2024-04-24T04:16:22.036256" elapsed="0.001079"/>
</kw>
<status status="PASS" start="2024-04-24T04:16:21.928631" elapsed="0.108836"/>
</kw>
<doc>Testa o conteúdo específico dos campos retornados pela API.</doc>
<tag>testeConteudo</tag>
<status status="PASS" start="2024-04-24T04:16:21.927918" elapsed="0.109704"/>
</test>
<status status="PASS" start="2024-04-24T04:16:21.189971" elapsed="0.849715"/>
</suite>
<status status="PASS" start="2024-04-24T04:16:21.175552" elapsed="0.869374"/>
</suite>
<statistics>
<total>
<stat pass="5" fail="0" skip="0">All Tests</stat>
</total>
<tag>
<stat pass="1" fail="0" skip="0">testeConteudo</stat>
<stat pass="1" fail="0" skip="0">testeEstruturaResposta</stat>
<stat pass="1" fail="0" skip="0">testeRequisicaoBasica</stat>
<stat pass="1" fail="0" skip="0">testeTiposDados</stat>
</tag>
<suite>
<stat pass="5" fail="0" skip="0" id="s1" name="Tests">Tests</stat>
<stat pass="5" fail="0" skip="0" id="s1-s1" name="Random-User-Test">Tests.Random-User-Test</stat>
</suite>
</statistics>
<errors>
</errors>
</robot>
