<?xml version="1.0" encoding="UTF-8"?>
<robot generator="Robot 7.0.1 (Python 3.12.4 on linux)" generated="2024-07-18T08:19:16.120548" rpa="false" schemaversion="5">
<suite id="s1" name="Tests" source="/home/runner/work/ApiRandomUser/ApiRandomUser/RamdonUser/tests">
<suite id="s1-s1" name="Random-User-Test" source="/home/runner/work/ApiRandomUser/ApiRandomUser/RamdonUser/tests/random-user-test.robot">
<test id="s1-s1-t1" name="Conectar" line="13">
<kw name="Conectar API" owner="random-user-service">
<kw name="Create Session" owner="RequestsLibrary">
<msg time="2024-07-18T08:19:16.514233" level="INFO">Creating Session using : alias=consultarAPI, url=https://randomuser.me/, headers={},                     cookies={}, auth=None, timeout=None, proxies=None, verify=False,                     debug=0 </msg>
<arg>consultarAPI</arg>
<arg>${URL}</arg>
<doc>Create Session: create a HTTP session to a server</doc>
<status status="PASS" start="2024-07-18T08:19:16.514038" elapsed="0.000369"/>
</kw>
<status status="PASS" start="2024-07-18T08:19:16.512985" elapsed="0.001786"/>
</kw>
<status status="PASS" start="2024-07-18T08:19:16.512466" elapsed="0.002490"/>
</test>
<test id="s1-s1-t2" name="Validar retorno 200 e JSON Válido" line="16">
<kw name="Teste de Requisicao Basica" owner="random-user-service">
<kw name="GET On Session" owner="RequestsLibrary">
<msg time="2024-07-18T08:19:16.660363" level="INFO">GET Request : url=https://randomuser.me/api 
 path_url=/api 
 headers={'User-Agent': 'python-requests/2.32.3', 'Accept-Encoding': 'gzip, deflate', 'Accept': '*/*', 'Connection': 'keep-alive'} 
 body=None 
 </msg>
<msg time="2024-07-18T08:19:16.660514" level="INFO">GET Response : url=https://randomuser.me/api 
 status=200, reason=OK 
 headers={'Date': 'Thu, 18 Jul 2024 08:19:16 GMT', 'Content-Type': 'application/json; charset=utf-8', 'Transfer-Encoding': 'chunked', 'Connection': 'keep-alive', 'X-Powered-By': 'Express', 'Access-Control-Allow-Origin': '*', 'Cache-Control': 'no-cache', 'ETag': 'W/"4c1-OtC676XRSF3scDJ4bMldC5Up9BU"', 'Vary': 'Accept-Encoding', 'Content-Encoding': 'gzip', 'CF-Cache-Status': 'DYNAMIC', 'Report-To': '{"endpoints":[{"url":"https:\\/\\/a.nel.cloudflare.com\\/report\\/v4?s=xrmyah6yY0GRhxw10yFw3tHSfWj%2F9dSvWNRMLCEzW4MIcvquvpgr1WpaGCg2lDG1VyPl27apOtxdEwVCVPloVaL4u8RXIcqwIHFYETQ%2FJf80%2FJRaIX3Cfu9p0NzYjAd%2F"}],"group":"cf-nel","max_age":604800}', 'NEL': '{"success_fraction":0,"report_to":"cf-nel","max_age":604800}', 'Server': 'cloudflare', 'CF-RAY': '8a510bbcc8a00816-IAD', 'alt-svc': 'h3=":443"; ma=86400'} 
 body={"results":[{"gender":"female","name":{"title":"Madame","first":"Aurora","last":"Bourgeois"},"location":{"street":{"number":3466,"name":"Montée du Chemin-Neuf"},"city":"Oberried am Brienzersee","state":"Ticino","country":"Switzerland","postcode":7109,"coordinates":{"latitude":"-57.5961","longitude":"72.1801"},"timezone":{"offset":"+10:00","description":"Eastern Australia, Guam, Vladivostok"}},"email":"aurora.bourgeois@example.com","login":{"uuid":"111f52ac-3281-4d25-b158-3d895ba7a0a8","username":"orangeduck847","password":"freeway","salt":"jHfZjv7g","md5":"096b47782779007c5dd71f1fcdf1d384","sha1":"dde5bf6a75af34446f36156c669a53aa08fb4b81","sha256":"24ab54a2c4342318adc80a9af55ef9ebbcc25e3abbb67874c3f2414d726d89e6"},"dob":{"date":"1975-06-25T23:52:12.647Z","age":49},"registered":{"date":"2014-05-19T05:44:56.968Z","age":10},"phone":"077 606 57 14","cell":"075 109 52 17","id":{"name":"AVS","value":"756.6694.3070.02"},"picture":{"large":"https://randomuser.me/api/portraits/women/35.jpg","medium":"https://randomuser.me/api/portraits/med/women/35.jpg","thumbnail":"https://randomuser.me/api/portraits/thumb/women/35.jpg"},"nat":"CH"}],"info":{"seed":"92af623e7a37a5a6","results":1,"page":1,"version":"1.4"}} 
 </msg>
<msg time="2024-07-18T08:19:16.660597" level="INFO">/opt/hostedtoolcache/Python/3.12.4/x64/lib/python3.12/site-packages/urllib3/connectionpool.py:1099: InsecureRequestWarning: Unverified HTTPS request is being made to host 'randomuser.me'. Adding certificate verification is strongly advised. See: https://urllib3.readthedocs.io/en/latest/advanced-usage.html#tls-warnings
  warnings.warn(</msg>
<msg time="2024-07-18T08:19:16.660756" level="INFO">${response} = &lt;Response [200]&gt;</msg>
<var>${response}</var>
<arg>consultarAPI</arg>
<arg>/api</arg>
<doc>Sends a GET request on a previously created HTTP Session.</doc>
<status status="PASS" start="2024-07-18T08:19:16.517500" elapsed="0.143301"/>
</kw>
<kw name="Should Be Equal As Numbers" owner="BuiltIn">
<msg time="2024-07-18T08:19:16.661819" level="INFO">Argument types are:
&lt;class 'int'&gt;
&lt;class 'str'&gt;</msg>
<arg>${response.status_code}</arg>
<arg>200</arg>
<doc>Fails if objects are unequal after converting them to real numbers.</doc>
<status status="PASS" start="2024-07-18T08:19:16.661365" elapsed="0.000518"/>
</kw>
<kw name="Log" owner="BuiltIn">
<msg time="2024-07-18T08:19:16.662568" level="INFO">200</msg>
<arg>${response.status_code}</arg>
<doc>Logs the given message with the given level.</doc>
<status status="PASS" start="2024-07-18T08:19:16.662211" elapsed="0.000400"/>
</kw>
<kw name="Set Variable" owner="BuiltIn">
<msg time="2024-07-18T08:19:16.663347" level="INFO">${json_data} = {'results': [{'gender': 'female', 'name': {'title': 'Madame', 'first': 'Aurora', 'last': 'Bourgeois'}, 'location': {'street': {'number': 3466, 'name': 'Montée du Chemin-Neuf'}, 'city': 'Oberried am Br...</msg>
<var>${json_data}</var>
<arg>${response.json()}</arg>
<doc>Returns the given values which can then be assigned to a variables.</doc>
<status status="PASS" start="2024-07-18T08:19:16.662915" elapsed="0.000461"/>
</kw>
<kw name="Dictionary Should Contain Key" owner="Collections">
<arg>${json_data}</arg>
<arg>results</arg>
<doc>Fails if ``key`` is not found from ``dictionary``.</doc>
<status status="PASS" start="2024-07-18T08:19:16.663673" elapsed="0.000320"/>
</kw>
<status status="PASS" start="2024-07-18T08:19:16.517252" elapsed="0.146894"/>
</kw>
<doc>Testa se a API responde corretamente e retorna um objeto JSON válido.</doc>
<tag>testeRequisicaoBasica</tag>
<status status="PASS" start="2024-07-18T08:19:16.516772" elapsed="0.147558"/>
</test>
<test id="s1-s1-t3" name="Validar estrutura de resposta" line="22">
<kw name="Teste de Estrutura de Resposta" owner="random-user-service">
<kw name="GET On Session" owner="RequestsLibrary">
<msg time="2024-07-18T08:19:16.763442" level="INFO">GET Request : url=https://randomuser.me/api 
 path_url=/api 
 headers={'User-Agent': 'python-requests/2.32.3', 'Accept-Encoding': 'gzip, deflate', 'Accept': '*/*', 'Connection': 'keep-alive'} 
 body=None 
 </msg>
<msg time="2024-07-18T08:19:16.763560" level="INFO">GET Response : url=https://randomuser.me/api 
 status=200, reason=OK 
 headers={'Date': 'Thu, 18 Jul 2024 08:19:16 GMT', 'Content-Type': 'application/json; charset=utf-8', 'Transfer-Encoding': 'chunked', 'Connection': 'keep-alive', 'X-Powered-By': 'Express', 'Access-Control-Allow-Origin': '*', 'Cache-Control': 'no-cache', 'ETag': 'W/"47d-FLy+h2dF904c5DHA1BJDYKSpmGo"', 'Vary': 'Accept-Encoding', 'Content-Encoding': 'gzip', 'CF-Cache-Status': 'DYNAMIC', 'Report-To': '{"endpoints":[{"url":"https:\\/\\/a.nel.cloudflare.com\\/report\\/v4?s=Kbkp5cQAB2fOIlg9ADdueIEip1uS21Wbgv3OkQhZxEVNoEUjH%2Fse8dw5wlRRvJ0BRKp9hU4jMT7XMwyrszYugjpeV5ltEq8GiuNfV49VTezRPYv3xf5XSEa2WQpHwiD8"}],"group":"cf-nel","max_age":604800}', 'NEL': '{"success_fraction":0,"report_to":"cf-nel","max_age":604800}', 'Server': 'cloudflare', 'CF-RAY': '8a510bbd38f10816-IAD', 'alt-svc': 'h3=":443"; ma=86400'} 
 body={"results":[{"gender":"male","name":{"title":"Mr","first":"Ben","last":"Göhler"},"location":{"street":{"number":1672,"name":"Jahnstraße"},"city":"Waghäusel","state":"Hessen","country":"Germany","postcode":75285,"coordinates":{"latitude":"-49.9113","longitude":"-165.8898"},"timezone":{"offset":"-12:00","description":"Eniwetok, Kwajalein"}},"email":"ben.gohler@example.com","login":{"uuid":"14027e6b-8281-4d65-8823-0e396e6e86f4","username":"blueelephant123","password":"lane","salt":"GkIfZzud","md5":"9b0371ec2eb2809b06cf556cea772705","sha1":"e9094825dd802c6e1fd06e660987a88fedb11a81","sha256":"5ab232abcab35e6c13a130b5422d5c4cbde3d246d21abf342cecc22d9091427a"},"dob":{"date":"1996-08-29T17:33:16.419Z","age":27},"registered":{"date":"2007-03-15T00:41:21.594Z","age":17},"phone":"0394-9549336","cell":"0171-2588154","id":{"name":"SVNR","value":"13 290896 G 014"},"picture":{"large":"https://randomuser.me/api/portraits/men/58.jpg","medium":"https://randomuser.me/api/portraits/med/men/58.jpg","thumbnail":"https://randomuser.me/api/portraits/thumb/men/58.jpg"},"nat":"DE"}],"info":{"seed":"2f46ba87f535642e","results":1,"page":1,"version":"1.4"}} 
 </msg>
<msg time="2024-07-18T08:19:16.763705" level="INFO">/opt/hostedtoolcache/Python/3.12.4/x64/lib/python3.12/site-packages/urllib3/connectionpool.py:1099: InsecureRequestWarning: Unverified HTTPS request is being made to host 'randomuser.me'. Adding certificate verification is strongly advised. See: https://urllib3.readthedocs.io/en/latest/advanced-usage.html#tls-warnings
  warnings.warn(</msg>
<msg time="2024-07-18T08:19:16.763867" level="INFO">${response} = &lt;Response [200]&gt;</msg>
<var>${response}</var>
<arg>consultarAPI</arg>
<arg>/api</arg>
<doc>Sends a GET request on a previously created HTTP Session.</doc>
<status status="PASS" start="2024-07-18T08:19:16.667078" elapsed="0.096833"/>
</kw>
<kw name="Set Variable" owner="BuiltIn">
<msg time="2024-07-18T08:19:16.764964" level="INFO">${json_data} = {'results': [{'gender': 'male', 'name': {'title': 'Mr', 'first': 'Ben', 'last': 'Göhler'}, 'location': {'street': {'number': 1672, 'name': 'Jahnstraße'}, 'city': 'Waghäusel', 'state': 'Hessen', 'count...</msg>
<var>${json_data}</var>
<arg>${response.json()}</arg>
<doc>Returns the given values which can then be assigned to a variables.</doc>
<status status="PASS" start="2024-07-18T08:19:16.764424" elapsed="0.000571"/>
</kw>
<kw name="Log" owner="BuiltIn">
<msg time="2024-07-18T08:19:16.765533" level="INFO">{'results': [{'gender': 'male', 'name': {'title': 'Mr', 'first': 'Ben', 'last': 'Göhler'}, 'location': {'street': {'number': 1672, 'name': 'Jahnstraße'}, 'city': 'Waghäusel', 'state': 'Hessen', 'country': 'Germany', 'postcode': 75285, 'coordinates': {'latitude': '-49.9113', 'longitude': '-165.8898'}, 'timezone': {'offset': '-12:00', 'description': 'Eniwetok, Kwajalein'}}, 'email': 'ben.gohler@example.com', 'login': {'uuid': '14027e6b-8281-4d65-8823-0e396e6e86f4', 'username': 'blueelephant123', 'password': 'lane', 'salt': 'GkIfZzud', 'md5': '9b0371ec2eb2809b06cf556cea772705', 'sha1': 'e9094825dd802c6e1fd06e660987a88fedb11a81', 'sha256': '5ab232abcab35e6c13a130b5422d5c4cbde3d246d21abf342cecc22d9091427a'}, 'dob': {'date': '1996-08-29T17:33:16.419Z', 'age': 27}, 'registered': {'date': '2007-03-15T00:41:21.594Z', 'age': 17}, 'phone': '0394-9549336', 'cell': '0171-2588154', 'id': {'name': 'SVNR', 'value': '13 290896 G 014'}, 'picture': {'large': 'https://randomuser.me/api/portraits/men/58.jpg', 'medium': 'https://randomuser.me/api/portraits/med/men/58.jpg', 'thumbnail': 'https://randomuser.me/api/portraits/thumb/men/58.jpg'}, 'nat': 'DE'}], 'info': {'seed': '2f46ba87f535642e', 'results': 1, 'page': 1, 'version': '1.4'}}</msg>
<arg>${json_data}</arg>
<doc>Logs the given message with the given level.</doc>
<status status="PASS" start="2024-07-18T08:19:16.765363" elapsed="0.000221"/>
</kw>
<kw name="Dictionary Should Contain Key" owner="Collections">
<arg>${json_data}</arg>
<arg>results</arg>
<doc>Fails if ``key`` is not found from ``dictionary``.</doc>
<status status="PASS" start="2024-07-18T08:19:16.765896" elapsed="0.000163"/>
</kw>
<kw name="Should Not Be Empty" owner="BuiltIn">
<msg time="2024-07-18T08:19:16.766381" level="INFO">Length is 2.</msg>
<arg>${json_data}</arg>
<doc>Verifies that the given item is not empty.</doc>
<status status="PASS" start="2024-07-18T08:19:16.766243" elapsed="0.000183"/>
</kw>
<kw name="Create List" owner="BuiltIn">
<msg time="2024-07-18T08:19:16.766891" level="INFO">${expected_keys} = ['gender', 'name', 'location', 'email', 'login']</msg>
<var>${expected_keys}</var>
<arg>gender</arg>
<arg>name</arg>
<arg>location</arg>
<arg>email</arg>
<arg>login</arg>
<doc>Returns a list containing given items.</doc>
<status status="PASS" start="2024-07-18T08:19:16.766727" elapsed="0.000189"/>
</kw>
<for flavor="IN">
<iter>
<kw name="Dictionary Should Contain Key" owner="Collections">
<arg>${json_data['results'][0]}</arg>
<arg>${key}</arg>
<doc>Fails if ``key`` is not found from ``dictionary``.</doc>
<status status="PASS" start="2024-07-18T08:19:16.767543" elapsed="0.000419"/>
</kw>
<kw name="Log" owner="BuiltIn">
<msg time="2024-07-18T08:19:16.768534" level="INFO">{'gender': 'male', 'name': {'title': 'Mr', 'first': 'Ben', 'last': 'Göhler'}, 'location': {'street': {'number': 1672, 'name': 'Jahnstraße'}, 'city': 'Waghäusel', 'state': 'Hessen', 'country': 'Germany', 'postcode': 75285, 'coordinates': {'latitude': '-49.9113', 'longitude': '-165.8898'}, 'timezone': {'offset': '-12:00', 'description': 'Eniwetok, Kwajalein'}}, 'email': 'ben.gohler@example.com', 'login': {'uuid': '14027e6b-8281-4d65-8823-0e396e6e86f4', 'username': 'blueelephant123', 'password': 'lane', 'salt': 'GkIfZzud', 'md5': '9b0371ec2eb2809b06cf556cea772705', 'sha1': 'e9094825dd802c6e1fd06e660987a88fedb11a81', 'sha256': '5ab232abcab35e6c13a130b5422d5c4cbde3d246d21abf342cecc22d9091427a'}, 'dob': {'date': '1996-08-29T17:33:16.419Z', 'age': 27}, 'registered': {'date': '2007-03-15T00:41:21.594Z', 'age': 17}, 'phone': '0394-9549336', 'cell': '0171-2588154', 'id': {'name': 'SVNR', 'value': '13 290896 G 014'}, 'picture': {'large': 'https://randomuser.me/api/portraits/men/58.jpg', 'medium': 'https://randomuser.me/api/portraits/med/men/58.jpg', 'thumbnail': 'https://randomuser.me/api/portraits/thumb/men/58.jpg'}, 'nat': 'DE'}</msg>
<arg>${json_data['results'][0]}</arg>
<doc>Logs the given message with the given level.</doc>
<status status="PASS" start="2024-07-18T08:19:16.768155" elapsed="0.000431"/>
</kw>
<kw name="Log" owner="BuiltIn">
<msg time="2024-07-18T08:19:16.769043" level="INFO">gender</msg>
<arg>${key}</arg>
<doc>Logs the given message with the given level.</doc>
<status status="PASS" start="2024-07-18T08:19:16.768891" elapsed="0.000192"/>
</kw>
<var name="${key}">gender</var>
<status status="PASS" start="2024-07-18T08:19:16.767413" elapsed="0.001916"/>
</iter>
<iter>
<kw name="Dictionary Should Contain Key" owner="Collections">
<arg>${json_data['results'][0]}</arg>
<arg>${key}</arg>
<doc>Fails if ``key`` is not found from ``dictionary``.</doc>
<status status="PASS" start="2024-07-18T08:19:16.769655" elapsed="0.000396"/>
</kw>
<kw name="Log" owner="BuiltIn">
<msg time="2024-07-18T08:19:16.770616" level="INFO">{'gender': 'male', 'name': {'title': 'Mr', 'first': 'Ben', 'last': 'Göhler'}, 'location': {'street': {'number': 1672, 'name': 'Jahnstraße'}, 'city': 'Waghäusel', 'state': 'Hessen', 'country': 'Germany', 'postcode': 75285, 'coordinates': {'latitude': '-49.9113', 'longitude': '-165.8898'}, 'timezone': {'offset': '-12:00', 'description': 'Eniwetok, Kwajalein'}}, 'email': 'ben.gohler@example.com', 'login': {'uuid': '14027e6b-8281-4d65-8823-0e396e6e86f4', 'username': 'blueelephant123', 'password': 'lane', 'salt': 'GkIfZzud', 'md5': '9b0371ec2eb2809b06cf556cea772705', 'sha1': 'e9094825dd802c6e1fd06e660987a88fedb11a81', 'sha256': '5ab232abcab35e6c13a130b5422d5c4cbde3d246d21abf342cecc22d9091427a'}, 'dob': {'date': '1996-08-29T17:33:16.419Z', 'age': 27}, 'registered': {'date': '2007-03-15T00:41:21.594Z', 'age': 17}, 'phone': '0394-9549336', 'cell': '0171-2588154', 'id': {'name': 'SVNR', 'value': '13 290896 G 014'}, 'picture': {'large': 'https://randomuser.me/api/portraits/men/58.jpg', 'medium': 'https://randomuser.me/api/portraits/med/men/58.jpg', 'thumbnail': 'https://randomuser.me/api/portraits/thumb/men/58.jpg'}, 'nat': 'DE'}</msg>
<arg>${json_data['results'][0]}</arg>
<doc>Logs the given message with the given level.</doc>
<status status="PASS" start="2024-07-18T08:19:16.770251" elapsed="0.000454"/>
</kw>
<kw name="Log" owner="BuiltIn">
<msg time="2024-07-18T08:19:16.771156" level="INFO">name</msg>
<arg>${key}</arg>
<doc>Logs the given message with the given level.</doc>
<status status="PASS" start="2024-07-18T08:19:16.771023" elapsed="0.000177"/>
</kw>
<var name="${key}">name</var>
<status status="PASS" start="2024-07-18T08:19:16.769521" elapsed="0.001902"/>
</iter>
<iter>
<kw name="Dictionary Should Contain Key" owner="Collections">
<arg>${json_data['results'][0]}</arg>
<arg>${key}</arg>
<doc>Fails if ``key`` is not found from ``dictionary``.</doc>
<status status="PASS" start="2024-07-18T08:19:16.771717" elapsed="0.000394"/>
</kw>
<kw name="Log" owner="BuiltIn">
<msg time="2024-07-18T08:19:16.772662" level="INFO">{'gender': 'male', 'name': {'title': 'Mr', 'first': 'Ben', 'last': 'Göhler'}, 'location': {'street': {'number': 1672, 'name': 'Jahnstraße'}, 'city': 'Waghäusel', 'state': 'Hessen', 'country': 'Germany', 'postcode': 75285, 'coordinates': {'latitude': '-49.9113', 'longitude': '-165.8898'}, 'timezone': {'offset': '-12:00', 'description': 'Eniwetok, Kwajalein'}}, 'email': 'ben.gohler@example.com', 'login': {'uuid': '14027e6b-8281-4d65-8823-0e396e6e86f4', 'username': 'blueelephant123', 'password': 'lane', 'salt': 'GkIfZzud', 'md5': '9b0371ec2eb2809b06cf556cea772705', 'sha1': 'e9094825dd802c6e1fd06e660987a88fedb11a81', 'sha256': '5ab232abcab35e6c13a130b5422d5c4cbde3d246d21abf342cecc22d9091427a'}, 'dob': {'date': '1996-08-29T17:33:16.419Z', 'age': 27}, 'registered': {'date': '2007-03-15T00:41:21.594Z', 'age': 17}, 'phone': '0394-9549336', 'cell': '0171-2588154', 'id': {'name': 'SVNR', 'value': '13 290896 G 014'}, 'picture': {'large': 'https://randomuser.me/api/portraits/men/58.jpg', 'medium': 'https://randomuser.me/api/portraits/med/men/58.jpg', 'thumbnail': 'https://randomuser.me/api/portraits/thumb/men/58.jpg'}, 'nat': 'DE'}</msg>
<arg>${json_data['results'][0]}</arg>
<doc>Logs the given message with the given level.</doc>
<status status="PASS" start="2024-07-18T08:19:16.772307" elapsed="0.000406"/>
</kw>
<kw name="Log" owner="BuiltIn">
<msg time="2024-07-18T08:19:16.773162" level="INFO">location</msg>
<arg>${key}</arg>
<doc>Logs the given message with the given level.</doc>
<status status="PASS" start="2024-07-18T08:19:16.773028" elapsed="0.000171"/>
</kw>
<var name="${key}">location</var>
<status status="PASS" start="2024-07-18T08:19:16.771605" elapsed="0.001871"/>
</iter>
<iter>
<kw name="Dictionary Should Contain Key" owner="Collections">
<arg>${json_data['results'][0]}</arg>
<arg>${key}</arg>
<doc>Fails if ``key`` is not found from ``dictionary``.</doc>
<status status="PASS" start="2024-07-18T08:19:16.773783" elapsed="0.000384"/>
</kw>
<kw name="Log" owner="BuiltIn">
<msg time="2024-07-18T08:19:16.774847" level="INFO">{'gender': 'male', 'name': {'title': 'Mr', 'first': 'Ben', 'last': 'Göhler'}, 'location': {'street': {'number': 1672, 'name': 'Jahnstraße'}, 'city': 'Waghäusel', 'state': 'Hessen', 'country': 'Germany', 'postcode': 75285, 'coordinates': {'latitude': '-49.9113', 'longitude': '-165.8898'}, 'timezone': {'offset': '-12:00', 'description': 'Eniwetok, Kwajalein'}}, 'email': 'ben.gohler@example.com', 'login': {'uuid': '14027e6b-8281-4d65-8823-0e396e6e86f4', 'username': 'blueelephant123', 'password': 'lane', 'salt': 'GkIfZzud', 'md5': '9b0371ec2eb2809b06cf556cea772705', 'sha1': 'e9094825dd802c6e1fd06e660987a88fedb11a81', 'sha256': '5ab232abcab35e6c13a130b5422d5c4cbde3d246d21abf342cecc22d9091427a'}, 'dob': {'date': '1996-08-29T17:33:16.419Z', 'age': 27}, 'registered': {'date': '2007-03-15T00:41:21.594Z', 'age': 17}, 'phone': '0394-9549336', 'cell': '0171-2588154', 'id': {'name': 'SVNR', 'value': '13 290896 G 014'}, 'picture': {'large': 'https://randomuser.me/api/portraits/men/58.jpg', 'medium': 'https://randomuser.me/api/portraits/med/men/58.jpg', 'thumbnail': 'https://randomuser.me/api/portraits/thumb/men/58.jpg'}, 'nat': 'DE'}</msg>
<arg>${json_data['results'][0]}</arg>
<doc>Logs the given message with the given level.</doc>
<status status="PASS" start="2024-07-18T08:19:16.774486" elapsed="0.000416"/>
</kw>
<kw name="Log" owner="BuiltIn">
<msg time="2024-07-18T08:19:16.775330" level="INFO">email</msg>
<arg>${key}</arg>
<doc>Logs the given message with the given level.</doc>
<status status="PASS" start="2024-07-18T08:19:16.775200" elapsed="0.000169"/>
</kw>
<var name="${key}">email</var>
<status status="PASS" start="2024-07-18T08:19:16.773654" elapsed="0.001942"/>
</iter>
<iter>
<kw name="Dictionary Should Contain Key" owner="Collections">
<arg>${json_data['results'][0]}</arg>
<arg>${key}</arg>
<doc>Fails if ``key`` is not found from ``dictionary``.</doc>
<status status="PASS" start="2024-07-18T08:19:16.775877" elapsed="0.000380"/>
</kw>
<kw name="Log" owner="BuiltIn">
<msg time="2024-07-18T08:19:16.776811" level="INFO">{'gender': 'male', 'name': {'title': 'Mr', 'first': 'Ben', 'last': 'Göhler'}, 'location': {'street': {'number': 1672, 'name': 'Jahnstraße'}, 'city': 'Waghäusel', 'state': 'Hessen', 'country': 'Germany', 'postcode': 75285, 'coordinates': {'latitude': '-49.9113', 'longitude': '-165.8898'}, 'timezone': {'offset': '-12:00', 'description': 'Eniwetok, Kwajalein'}}, 'email': 'ben.gohler@example.com', 'login': {'uuid': '14027e6b-8281-4d65-8823-0e396e6e86f4', 'username': 'blueelephant123', 'password': 'lane', 'salt': 'GkIfZzud', 'md5': '9b0371ec2eb2809b06cf556cea772705', 'sha1': 'e9094825dd802c6e1fd06e660987a88fedb11a81', 'sha256': '5ab232abcab35e6c13a130b5422d5c4cbde3d246d21abf342cecc22d9091427a'}, 'dob': {'date': '1996-08-29T17:33:16.419Z', 'age': 27}, 'registered': {'date': '2007-03-15T00:41:21.594Z', 'age': 17}, 'phone': '0394-9549336', 'cell': '0171-2588154', 'id': {'name': 'SVNR', 'value': '13 290896 G 014'}, 'picture': {'large': 'https://randomuser.me/api/portraits/men/58.jpg', 'medium': 'https://randomuser.me/api/portraits/med/men/58.jpg', 'thumbnail': 'https://randomuser.me/api/portraits/thumb/men/58.jpg'}, 'nat': 'DE'}</msg>
<arg>${json_data['results'][0]}</arg>
<doc>Logs the given message with the given level.</doc>
<status status="PASS" start="2024-07-18T08:19:16.776442" elapsed="0.000419"/>
</kw>
<kw name="Log" owner="BuiltIn">
<msg time="2024-07-18T08:19:16.777300" level="INFO">login</msg>
<arg>${key}</arg>
<doc>Logs the given message with the given level.</doc>
<status status="PASS" start="2024-07-18T08:19:16.777154" elapsed="0.000186"/>
</kw>
<var name="${key}">login</var>
<status status="PASS" start="2024-07-18T08:19:16.775767" elapsed="0.001797"/>
</iter>
<var>${key}</var>
<value>@{expected_keys}</value>
<status status="PASS" start="2024-07-18T08:19:16.767209" elapsed="0.010474"/>
</for>
<kw name="Create List" owner="BuiltIn">
<msg time="2024-07-18T08:19:16.778011" level="INFO">${expected_keysTwo} = ['username', 'password']</msg>
<var>${expected_keysTwo}</var>
<arg>username</arg>
<arg>password</arg>
<doc>Returns a list containing given items.</doc>
<status status="PASS" start="2024-07-18T08:19:16.777874" elapsed="0.000162"/>
</kw>
<for flavor="IN">
<iter>
<kw name="Dictionary Should Contain Key" owner="Collections">
<arg>${json_data['results'][0]['login']}</arg>
<arg>${keyTwo}</arg>
<doc>Fails if ``key`` is not found from ``dictionary``.</doc>
<status status="PASS" start="2024-07-18T08:19:16.778569" elapsed="0.000390"/>
</kw>
<kw name="Dictionary Should Contain Key" owner="Collections">
<arg>${json_data['results'][0]['login']}</arg>
<arg>${keyTwo}</arg>
<doc>Fails if ``key`` is not found from ``dictionary``.</doc>
<status status="PASS" start="2024-07-18T08:19:16.779154" elapsed="0.000382"/>
</kw>
<kw name="Log" owner="BuiltIn">
<msg time="2024-07-18T08:19:16.779833" level="INFO">username</msg>
<arg>${keyTwo}</arg>
<doc>Logs the given message with the given level.</doc>
<status status="PASS" start="2024-07-18T08:19:16.779714" elapsed="0.000157"/>
</kw>
<var name="${keyTwo}">username</var>
<status status="PASS" start="2024-07-18T08:19:16.778460" elapsed="0.001631"/>
</iter>
<iter>
<kw name="Dictionary Should Contain Key" owner="Collections">
<arg>${json_data['results'][0]['login']}</arg>
<arg>${keyTwo}</arg>
<doc>Fails if ``key`` is not found from ``dictionary``.</doc>
<status status="PASS" start="2024-07-18T08:19:16.780377" elapsed="0.000396"/>
</kw>
<kw name="Dictionary Should Contain Key" owner="Collections">
<arg>${json_data['results'][0]['login']}</arg>
<arg>${keyTwo}</arg>
<doc>Fails if ``key`` is not found from ``dictionary``.</doc>
<status status="PASS" start="2024-07-18T08:19:16.780953" elapsed="0.000417"/>
</kw>
<kw name="Log" owner="BuiltIn">
<msg time="2024-07-18T08:19:16.781694" level="INFO">password</msg>
<arg>${keyTwo}</arg>
<doc>Logs the given message with the given level.</doc>
<status status="PASS" start="2024-07-18T08:19:16.781572" elapsed="0.000160"/>
</kw>
<var name="${keyTwo}">password</var>
<status status="PASS" start="2024-07-18T08:19:16.780270" elapsed="0.001684"/>
</iter>
<var>${keyTwo}</var>
<value>@{expected_keysTwo}</value>
<status status="PASS" start="2024-07-18T08:19:16.778309" elapsed="0.003768"/>
</for>
<status status="PASS" start="2024-07-18T08:19:16.666845" elapsed="0.115372"/>
</kw>
<doc>Testa a estrutura da resposta da API.</doc>
<tag>testeEstruturaResposta</tag>
<status status="PASS" start="2024-07-18T08:19:16.666257" elapsed="0.116118"/>
</test>
<test id="s1-s1-t4" name="Validar tipos de dados" line="28">
<kw name="Teste de Tipos de Dados" owner="random-user-service">
<kw name="GET On Session" owner="RequestsLibrary">
<msg time="2024-07-18T08:19:16.847817" level="INFO">GET Request : url=https://randomuser.me/api 
 path_url=/api 
 headers={'User-Agent': 'python-requests/2.32.3', 'Accept-Encoding': 'gzip, deflate', 'Accept': '*/*', 'Connection': 'keep-alive'} 
 body=None 
 </msg>
<msg time="2024-07-18T08:19:16.847886" level="INFO">GET Response : url=https://randomuser.me/api 
 status=200, reason=OK 
 headers={'Date': 'Thu, 18 Jul 2024 08:19:16 GMT', 'Content-Type': 'application/json; charset=utf-8', 'Transfer-Encoding': 'chunked', 'Connection': 'keep-alive', 'X-Powered-By': 'Express', 'Access-Control-Allow-Origin': '*', 'Cache-Control': 'no-cache', 'ETag': 'W/"4aa-3wUxzqd+XsskTBiBy2jGaXcoyzI"', 'Vary': 'Accept-Encoding', 'Content-Encoding': 'gzip', 'CF-Cache-Status': 'DYNAMIC', 'Report-To': '{"endpoints":[{"url":"https:\\/\\/a.nel.cloudflare.com\\/report\\/v4?s=lgNzlw3v7SeoQwvgFh3%2BWlGIVQzDdZVqoxcPkDzXJzWNN2J12sxluS6UjYKtmsvCiEfU2FEXdI6X8DDtmae9CfedmzNTaEj%2FAPqSV7dSNgzDSq3bKBnxZUY7ABaSWzhE"}],"group":"cf-nel","max_age":604800}', 'NEL': '{"success_fraction":0,"report_to":"cf-nel","max_age":604800}', 'Server': 'cloudflare', 'CF-RAY': '8a510bbde9860816-IAD', 'alt-svc': 'h3=":443"; ma=86400'} 
 body={"results":[{"gender":"female","name":{"title":"Mrs","first":"Núbia","last":"Fogaça"},"location":{"street":{"number":1175,"name":"Rua Minas Gerais "},"city":"Parauapebas","state":"Pará","country":"Brazil","postcode":38194,"coordinates":{"latitude":"-80.6974","longitude":"20.1593"},"timezone":{"offset":"+5:00","description":"Ekaterinburg, Islamabad, Karachi, Tashkent"}},"email":"nubia.fogaca@example.com","login":{"uuid":"c78b1699-5df1-41fe-bb23-a7778857bf02","username":"brownostrich516","password":"building","salt":"20ge83EQ","md5":"3c4dd1b559848ca49a08f76689492835","sha1":"0ff13e85f5f4b02b7f9cdedef49500a7bec89c34","sha256":"5ece208aa57b16f8883f07a9fc57ad27663d50ff0971e373803a21810618d1e0"},"dob":{"date":"1972-08-10T06:43:11.667Z","age":51},"registered":{"date":"2011-05-13T08:42:23.456Z","age":13},"phone":"(53) 4790-1176","cell":"(18) 1051-4073","id":{"name":"CPF","value":"930.677.997-95"},"picture":{"large":"https://randomuser.me/api/portraits/women/53.jpg","medium":"https://randomuser.me/api/portraits/med/women/53.jpg","thumbnail":"https://randomuser.me/api/portraits/thumb/women/53.jpg"},"nat":"BR"}],"info":{"seed":"267e1232a7aa6c91","results":1,"page":1,"version":"1.4"}} 
 </msg>
<msg time="2024-07-18T08:19:16.847949" level="INFO">/opt/hostedtoolcache/Python/3.12.4/x64/lib/python3.12/site-packages/urllib3/connectionpool.py:1099: InsecureRequestWarning: Unverified HTTPS request is being made to host 'randomuser.me'. Adding certificate verification is strongly advised. See: https://urllib3.readthedocs.io/en/latest/advanced-usage.html#tls-warnings
  warnings.warn(</msg>
<msg time="2024-07-18T08:19:16.848061" level="INFO">${response} = &lt;Response [200]&gt;</msg>
<var>${response}</var>
<arg>consultarAPI</arg>
<arg>/api</arg>
<doc>Sends a GET request on a previously created HTTP Session.</doc>
<status status="PASS" start="2024-07-18T08:19:16.784937" elapsed="0.063165"/>
</kw>
<kw name="Set Variable" owner="BuiltIn">
<msg time="2024-07-18T08:19:16.848947" level="INFO">${json_data} = {'results': [{'gender': 'female', 'name': {'title': 'Mrs', 'first': 'Núbia', 'last': 'Fogaça'}, 'location': {'street': {'number': 1175, 'name': 'Rua Minas Gerais '}, 'city': 'Parauapebas', 'state': 'P...</msg>
<var>${json_data}</var>
<arg>${response.json()}</arg>
<doc>Returns the given values which can then be assigned to a variables.</doc>
<status status="PASS" start="2024-07-18T08:19:16.848482" elapsed="0.000495"/>
</kw>
<kw name="Log" owner="BuiltIn">
<msg time="2024-07-18T08:19:16.849478" level="INFO">{'results': [{'gender': 'female', 'name': {'title': 'Mrs', 'first': 'Núbia', 'last': 'Fogaça'}, 'location': {'street': {'number': 1175, 'name': 'Rua Minas Gerais '}, 'city': 'Parauapebas', 'state': 'Pará', 'country': 'Brazil', 'postcode': 38194, 'coordinates': {'latitude': '-80.6974', 'longitude': '20.1593'}, 'timezone': {'offset': '+5:00', 'description': 'Ekaterinburg, Islamabad, Karachi, Tashkent'}}, 'email': 'nubia.fogaca@example.com', 'login': {'uuid': 'c78b1699-5df1-41fe-bb23-a7778857bf02', 'username': 'brownostrich516', 'password': 'building', 'salt': '20ge83EQ', 'md5': '3c4dd1b559848ca49a08f76689492835', 'sha1': '0ff13e85f5f4b02b7f9cdedef49500a7bec89c34', 'sha256': '5ece208aa57b16f8883f07a9fc57ad27663d50ff0971e373803a21810618d1e0'}, 'dob': {'date': '1972-08-10T06:43:11.667Z', 'age': 51}, 'registered': {'date': '2011-05-13T08:42:23.456Z', 'age': 13}, 'phone': '(53) 4790-1176', 'cell': '(18) 1051-4073', 'id': {'name': 'CPF', 'value': '930.677.997-95'}, 'picture': {'large': 'https://randomuser.me/api/portraits/women/53.jpg', 'medium': 'https://randomuser.me/api/portraits/med/women/53.jpg', 'thumbnail': 'https://randomuser.me/api/portraits/thumb/women/53.jpg'}, 'nat': 'BR'}], 'info': {'seed': '267e1232a7aa6c91', 'results': 1, 'page': 1, 'version': '1.4'}}</msg>
<arg>${json_data}</arg>
<doc>Logs the given message with the given level.</doc>
<status status="PASS" start="2024-07-18T08:19:16.849318" elapsed="0.000212"/>
</kw>
<kw name="Should Be String" owner="String">
<arg>${json_data['results'][0]['gender']}</arg>
<doc>Fails if the given ``item`` is not a string.</doc>
<status status="PASS" start="2024-07-18T08:19:16.849823" elapsed="0.000354"/>
</kw>
<kw name="Should Match Regexp" owner="BuiltIn">
<arg>${json_data['results'][0]['email']}</arg>
<arg>^[a-zA-Z0-9._%+-]+@[a-zA-Z0-9.-]+\.[a-zA-Z]{2,}$</arg>
<doc>Fails if ``string`` does not match ``pattern`` as a regular expression.</doc>
<status status="PASS" start="2024-07-18T08:19:16.850378" elapsed="0.000519"/>
</kw>
<kw name="Should Match Regexp" owner="BuiltIn">
<arg>${json_data['results'][0]['dob']['date']}</arg>
<arg>\\d{4}-\\d{2}-\\d{2}T\\d{2}:\\d{2}:\\d{2}\\.\\d{3}Z</arg>
<doc>Fails if ``string`` does not match ``pattern`` as a regular expression.</doc>
<status status="PASS" start="2024-07-18T08:19:16.851126" elapsed="0.000598"/>
</kw>
<kw name="Should Match Regexp" owner="BuiltIn">
<arg>${json_data['results'][0]['registered']['date']}</arg>
<arg>\\d{4}-\\d{2}-\\d{2}T\\d{2}:\\d{2}:\\d{2}\\.\\d{3}Z</arg>
<doc>Fails if ``string`` does not match ``pattern`` as a regular expression.</doc>
<status status="PASS" start="2024-07-18T08:19:16.851916" elapsed="0.000371"/>
</kw>
<kw name="Should Match Regexp" owner="BuiltIn">
<arg>${json_data['results'][0]['picture']['large']}</arg>
<arg>^https?://.*\.(?:png|jpe?g|gif|bmp)$</arg>
<doc>Fails if ``string`` does not match ``pattern`` as a regular expression.</doc>
<status status="PASS" start="2024-07-18T08:19:16.852474" elapsed="0.000460"/>
</kw>
<kw name="Should Match Regexp" owner="BuiltIn">
<arg>${json_data['results'][0]['picture']['medium']}</arg>
<arg>^https?://.*\.(?:png|jpe?g|gif|bmp)$</arg>
<doc>Fails if ``string`` does not match ``pattern`` as a regular expression.</doc>
<status status="PASS" start="2024-07-18T08:19:16.853123" elapsed="0.000376"/>
</kw>
<kw name="Should Match Regexp" owner="BuiltIn">
<arg>${json_data['results'][0]['picture']['thumbnail']}</arg>
<arg>^https?://.*\.(?:png|jpe?g|gif|bmp)$</arg>
<doc>Fails if ``string`` does not match ``pattern`` as a regular expression.</doc>
<status status="PASS" start="2024-07-18T08:19:16.853683" elapsed="0.000349"/>
</kw>
<kw name="Log" owner="BuiltIn">
<msg time="2024-07-18T08:19:16.854529" level="INFO">{'large': 'https://randomuser.me/api/portraits/women/53.jpg', 'medium': 'https://randomuser.me/api/portraits/med/women/53.jpg', 'thumbnail': 'https://randomuser.me/api/portraits/thumb/women/53.jpg'}</msg>
<arg>${json_data['results'][0]['picture']}</arg>
<doc>Logs the given message with the given level.</doc>
<status status="PASS" start="2024-07-18T08:19:16.854210" elapsed="0.000362"/>
</kw>
<status status="PASS" start="2024-07-18T08:19:16.784708" elapsed="0.070117"/>
</kw>
<kw name="Teste de Tipos de Dados - Postcode" owner="random-user-service">
<kw name="GET On Session" owner="RequestsLibrary">
<msg time="2024-07-18T08:19:16.953204" level="INFO">GET Request : url=https://randomuser.me/api 
 path_url=/api 
 headers={'User-Agent': 'python-requests/2.32.3', 'Accept-Encoding': 'gzip, deflate', 'Accept': '*/*', 'Connection': 'keep-alive'} 
 body=None 
 </msg>
<msg time="2024-07-18T08:19:16.953332" level="INFO">GET Response : url=https://randomuser.me/api 
 status=200, reason=OK 
 headers={'Date': 'Thu, 18 Jul 2024 08:19:16 GMT', 'Content-Type': 'application/json; charset=utf-8', 'Transfer-Encoding': 'chunked', 'Connection': 'keep-alive', 'X-Powered-By': 'Express', 'Access-Control-Allow-Origin': '*', 'Cache-Control': 'no-cache', 'ETag': 'W/"484-k4tAhcNptU0mriYYGvAFPPcIbck"', 'Vary': 'Accept-Encoding', 'Content-Encoding': 'gzip', 'CF-Cache-Status': 'DYNAMIC', 'Report-To': '{"endpoints":[{"url":"https:\\/\\/a.nel.cloudflare.com\\/report\\/v4?s=Aly1KXDVqCRDCw8EjSPJSWmwD4pmR9K8wvN5elqSktav50%2F0d%2Fh5w%2ByzKRzC6PjFFSpTbi260EC4qA6IHCpN9R0wLz06%2F2WJKLr7jCP1mPi0p1DtHXsSt3s%2F3jR6Jz%2Bp"}],"group":"cf-nel","max_age":604800}', 'NEL': '{"success_fraction":0,"report_to":"cf-nel","max_age":604800}', 'Server': 'cloudflare', 'CF-RAY': '8a510bbe59e80816-IAD', 'alt-svc': 'h3=":443"; ma=86400'} 
 body={"results":[{"gender":"female","name":{"title":"Mrs","first":"Cecilie","last":"Kristensen"},"location":{"street":{"number":8589,"name":"Sydtoften"},"city":"Aaborg Øst","state":"Hovedstaden","country":"Denmark","postcode":34079,"coordinates":{"latitude":"-41.9406","longitude":"158.6234"},"timezone":{"offset":"-2:00","description":"Mid-Atlantic"}},"email":"cecilie.kristensen@example.com","login":{"uuid":"2676dd04-486b-4f68-837b-17064cd26b05","username":"sadbutterfly547","password":"jones","salt":"GAT9zIWn","md5":"97e18b6bb0334d4d5bf24f2ae3efd2e3","sha1":"f7b95d02faaaaea9147096a3d436857d0b5efad0","sha256":"9e089a412d1e5930f4671e56f7fb71abdca55e6c7a196830d960c88a0885a81d"},"dob":{"date":"1946-04-24T01:47:07.993Z","age":78},"registered":{"date":"2010-01-11T11:17:36.719Z","age":14},"phone":"78147030","cell":"36415280","id":{"name":"CPR","value":"230446-2202"},"picture":{"large":"https://randomuser.me/api/portraits/women/29.jpg","medium":"https://randomuser.me/api/portraits/med/women/29.jpg","thumbnail":"https://randomuser.me/api/portraits/thumb/women/29.jpg"},"nat":"DK"}],"info":{"seed":"f68df7c8c6037a0e","results":1,"page":1,"version":"1.4"}} 
 </msg>
<msg time="2024-07-18T08:19:16.953438" level="INFO">/opt/hostedtoolcache/Python/3.12.4/x64/lib/python3.12/site-packages/urllib3/connectionpool.py:1099: InsecureRequestWarning: Unverified HTTPS request is being made to host 'randomuser.me'. Adding certificate verification is strongly advised. See: https://urllib3.readthedocs.io/en/latest/advanced-usage.html#tls-warnings
  warnings.warn(</msg>
<msg time="2024-07-18T08:19:16.953589" level="INFO">${response} = &lt;Response [200]&gt;</msg>
<var>${response}</var>
<arg>consultarAPI</arg>
<arg>/api</arg>
<doc>Sends a GET request on a previously created HTTP Session.</doc>
<status status="PASS" start="2024-07-18T08:19:16.855258" elapsed="0.098386"/>
</kw>
<kw name="Set Variable" owner="BuiltIn">
<msg time="2024-07-18T08:19:16.954607" level="INFO">${json_data} = {'results': [{'gender': 'female', 'name': {'title': 'Mrs', 'first': 'Cecilie', 'last': 'Kristensen'}, 'location': {'street': {'number': 8589, 'name': 'Sydtoften'}, 'city': 'Aaborg Øst', 'state': 'Hove...</msg>
<var>${json_data}</var>
<arg>${response.json()}</arg>
<doc>Returns the given values which can then be assigned to a variables.</doc>
<status status="PASS" start="2024-07-18T08:19:16.954122" elapsed="0.000516"/>
</kw>
<kw name="Log" owner="BuiltIn">
<msg time="2024-07-18T08:19:16.955103" level="INFO">{'results': [{'gender': 'female', 'name': {'title': 'Mrs', 'first': 'Cecilie', 'last': 'Kristensen'}, 'location': {'street': {'number': 8589, 'name': 'Sydtoften'}, 'city': 'Aaborg Øst', 'state': 'Hovedstaden', 'country': 'Denmark', 'postcode': 34079, 'coordinates': {'latitude': '-41.9406', 'longitude': '158.6234'}, 'timezone': {'offset': '-2:00', 'description': 'Mid-Atlantic'}}, 'email': 'cecilie.kristensen@example.com', 'login': {'uuid': '2676dd04-486b-4f68-837b-17064cd26b05', 'username': 'sadbutterfly547', 'password': 'jones', 'salt': 'GAT9zIWn', 'md5': '97e18b6bb0334d4d5bf24f2ae3efd2e3', 'sha1': 'f7b95d02faaaaea9147096a3d436857d0b5efad0', 'sha256': '9e089a412d1e5930f4671e56f7fb71abdca55e6c7a196830d960c88a0885a81d'}, 'dob': {'date': '1946-04-24T01:47:07.993Z', 'age': 78}, 'registered': {'date': '2010-01-11T11:17:36.719Z', 'age': 14}, 'phone': '78147030', 'cell': '36415280', 'id': {'name': 'CPR', 'value': '230446-2202'}, 'picture': {'large': 'https://randomuser.me/api/portraits/women/29.jpg', 'medium': 'https://randomuser.me/api/portraits/med/women/29.jpg', 'thumbnail': 'https://randomuser.me/api/portraits/thumb/women/29.jpg'}, 'nat': 'DK'}], 'info': {'seed': 'f68df7c8c6037a0e', 'results': 1, 'page': 1, 'version': '1.4'}}</msg>
<arg>${json_data}</arg>
<doc>Logs the given message with the given level.</doc>
<status status="PASS" start="2024-07-18T08:19:16.954946" elapsed="0.000206"/>
</kw>
<kw name="Should Be Equal As Numbers" owner="BuiltIn">
<arg>${json_data['results'][0]['location']['postcode']}</arg>
<arg>${json_data['results'][0]['location']['postcode']}</arg>
<doc>Fails if objects are unequal after converting them to real numbers.</doc>
<status status="PASS" start="2024-07-18T08:19:16.955450" elapsed="0.000628"/>
</kw>
<kw name="Log" owner="BuiltIn">
<msg time="2024-07-18T08:19:16.956603" level="INFO">34079</msg>
<arg>${json_data['results'][0]['location']['postcode']}</arg>
<doc>Logs the given message with the given level.</doc>
<status status="PASS" start="2024-07-18T08:19:16.956270" elapsed="0.000373"/>
</kw>
<status status="PASS" start="2024-07-18T08:19:16.855040" elapsed="0.101883"/>
</kw>
<doc>Testa se os tipos de dados na resposta da API estão corretos.</doc>
<tag>testeTiposDados</tag>
<status status="PASS" start="2024-07-18T08:19:16.784161" elapsed="0.172933"/>
</test>
<test id="s1-s1-t5" name="Validar conteudo" line="35">
<kw name="Teste de Tipos de Conteudo" owner="random-user-service">
<kw name="GET On Session" owner="RequestsLibrary">
<msg time="2024-07-18T08:19:17.098200" level="INFO">GET Request : url=https://randomuser.me/api 
 path_url=/api 
 headers={'User-Agent': 'python-requests/2.32.3', 'Accept-Encoding': 'gzip, deflate', 'Accept': '*/*', 'Connection': 'keep-alive'} 
 body=None 
 </msg>
<msg time="2024-07-18T08:19:17.098279" level="INFO">GET Response : url=https://randomuser.me/api 
 status=200, reason=OK 
 headers={'Date': 'Thu, 18 Jul 2024 08:19:17 GMT', 'Content-Type': 'application/json; charset=utf-8', 'Transfer-Encoding': 'chunked', 'Connection': 'keep-alive', 'X-Powered-By': 'Express', 'Access-Control-Allow-Origin': '*', 'Cache-Control': 'no-cache', 'ETag': 'W/"498-XyOY2bw+Urm205clkFhnRP73bCQ"', 'Vary': 'Accept-Encoding', 'Content-Encoding': 'gzip', 'CF-Cache-Status': 'DYNAMIC', 'Report-To': '{"endpoints":[{"url":"https:\\/\\/a.nel.cloudflare.com\\/report\\/v4?s=bQPr0btL8zJI7lgCvu3nIMqETPVyU23GHQY8uqUh2CM3S7pcNJ%2F6pLJVw%2BU1ArlKtcXf2y1555bXMu5d3mKBg8p9cLIxMJbJPRBl7yxRW%2F0WUT44JfJHLYhPbV93oiBL"}],"group":"cf-nel","max_age":604800}', 'NEL': '{"success_fraction":0,"report_to":"cf-nel","max_age":604800}', 'Server': 'cloudflare', 'CF-RAY': '8a510bbf0a6f0816-IAD', 'alt-svc': 'h3=":443"; ma=86400'} 
 body={"results":[{"gender":"female","name":{"title":"Mrs","first":"Estefanía","last":"Vergara"},"location":{"street":{"number":3943,"name":"Privada Somalia"},"city":"San José del Valle","state":"Nayarit","country":"Mexico","postcode":79007,"coordinates":{"latitude":"21.8009","longitude":"33.2456"},"timezone":{"offset":"-2:00","description":"Mid-Atlantic"}},"email":"estefania.vergara@example.com","login":{"uuid":"5f866db8-cc0b-437a-94e4-26ff9d861021","username":"crazydog441","password":"tommyboy","salt":"WdQpDP1s","md5":"e487e34b79fcc6836dd03fd1cd21e4d1","sha1":"da7c0eb767c64ac7f622e61db979db174bfde22c","sha256":"ccbfda575ac91a79ec801188e24f0718de3e96c9154411c7784299aa1037e2fd"},"dob":{"date":"1999-05-18T07:30:28.737Z","age":25},"registered":{"date":"2021-09-10T12:23:39.142Z","age":2},"phone":"(685) 400 1057","cell":"(684) 012 8026","id":{"name":"NSS","value":"50 83 69 8414 4"},"picture":{"large":"https://randomuser.me/api/portraits/women/59.jpg","medium":"https://randomuser.me/api/portraits/med/women/59.jpg","thumbnail":"https://randomuser.me/api/portraits/thumb/women/59.jpg"},"nat":"MX"}],"info":{"seed":"ba4a961b4ea461bc","results":1,"page":1,"version":"1.4"}} 
 </msg>
<msg time="2024-07-18T08:19:17.098341" level="INFO">/opt/hostedtoolcache/Python/3.12.4/x64/lib/python3.12/site-packages/urllib3/connectionpool.py:1099: InsecureRequestWarning: Unverified HTTPS request is being made to host 'randomuser.me'. Adding certificate verification is strongly advised. See: https://urllib3.readthedocs.io/en/latest/advanced-usage.html#tls-warnings
  warnings.warn(</msg>
<msg time="2024-07-18T08:19:17.098460" level="INFO">${response} = &lt;Response [200]&gt;</msg>
<var>${response}</var>
<arg>consultarAPI</arg>
<arg>/api</arg>
<doc>Sends a GET request on a previously created HTTP Session.</doc>
<status status="PASS" start="2024-07-18T08:19:16.959672" elapsed="0.138836"/>
</kw>
<kw name="Set Variable" owner="BuiltIn">
<msg time="2024-07-18T08:19:17.099387" level="INFO">${json_data} = {'results': [{'gender': 'female', 'name': {'title': 'Mrs', 'first': 'Estefanía', 'last': 'Vergara'}, 'location': {'street': {'number': 3943, 'name': 'Privada Somalia'}, 'city': 'San José del Valle', '...</msg>
<var>${json_data}</var>
<arg>${response.json()}</arg>
<doc>Returns the given values which can then be assigned to a variables.</doc>
<status status="PASS" start="2024-07-18T08:19:17.098907" elapsed="0.000511"/>
</kw>
<kw name="Set Variable" owner="BuiltIn">
<msg time="2024-07-18T08:19:17.100103" level="INFO">${name_title} = Mrs</msg>
<var>${name_title}</var>
<arg>${json_data["results"][0]["name"]["title"]}</arg>
<doc>Returns the given values which can then be assigned to a variables.</doc>
<status status="PASS" start="2024-07-18T08:19:17.099724" elapsed="0.000405"/>
</kw>
<kw name="Create List" owner="BuiltIn">
<msg time="2024-07-18T08:19:17.100571" level="INFO">${allowed_titles} = ['Mr', 'Ms', 'Miss', 'Mrs', 'Madame', 'Monsieur']</msg>
<var>${allowed_titles}</var>
<arg>Mr</arg>
<arg>Ms</arg>
<arg>Miss</arg>
<arg>Mrs</arg>
<arg>Madame</arg>
<arg>Monsieur</arg>
<doc>Returns a list containing given items.</doc>
<status status="PASS" start="2024-07-18T08:19:17.100425" elapsed="0.000171"/>
</kw>
<kw name="List Should Contain Value" owner="Collections">
<arg>${allowed_titles}</arg>
<arg>${name_title}</arg>
<doc>Fails if the ``value`` is not found from ``list``.</doc>
<status status="PASS" start="2024-07-18T08:19:17.100885" elapsed="0.000174"/>
</kw>
<kw name="Set Variable" owner="BuiltIn">
<msg time="2024-07-18T08:19:17.101653" level="INFO">${name_country} = MX</msg>
<var>${name_country}</var>
<arg>${json_data["results"][0]["nat"]}</arg>
<doc>Returns the given values which can then be assigned to a variables.</doc>
<status status="PASS" start="2024-07-18T08:19:17.101270" elapsed="0.000408"/>
</kw>
<kw name="Create List" owner="BuiltIn">
<msg time="2024-07-18T08:19:17.102553" level="INFO">${list_country} = ['AD', 'AE', 'AF', 'AG', 'AI', 'AL', 'AM', 'AO', 'AQ', 'AR', 'AS', 'AT', 'AU', 'AW', 'AX', 'AZ', 'BA', 'BB', 'BD', 'BE', 'BF', 'BG', 'BH', 'BI', 'BJ', 'BL', 'BM', 'BN', 'BO', 'BQ', 'BR', 'BS', 'BT', '...</msg>
<var>${list_country}</var>
<arg>AD</arg>
<arg>AE</arg>
<arg>AF</arg>
<arg>AG</arg>
<arg>AI</arg>
<arg>AL</arg>
<arg>AM</arg>
<arg>AO</arg>
<arg>AQ</arg>
<arg>AR</arg>
<arg>AS</arg>
<arg>AT</arg>
<arg>AU</arg>
<arg>AW</arg>
<arg>AX</arg>
<arg>AZ</arg>
<arg>BA</arg>
<arg>BB</arg>
<arg>BD</arg>
<arg>BE</arg>
<arg>BF</arg>
<arg>BG</arg>
<arg>BH</arg>
<arg>BI</arg>
<arg>BJ</arg>
<arg>BL</arg>
<arg>BM</arg>
<arg>BN</arg>
<arg>BO</arg>
<arg>BQ</arg>
<arg>BR</arg>
<arg>BS</arg>
<arg>BT</arg>
<arg>BV</arg>
<arg>BW</arg>
<arg>BY</arg>
<arg>BZ</arg>
<arg>CA</arg>
<arg>CC</arg>
<arg>CD</arg>
<arg>CF</arg>
<arg>CG</arg>
<arg>CH</arg>
<arg>CI</arg>
<arg>CK</arg>
<arg>CL</arg>
<arg>CM</arg>
<arg>CN</arg>
<arg>CO</arg>
<arg>CR</arg>
<arg>CU</arg>
<arg>CV</arg>
<arg>CW</arg>
<arg>CX</arg>
<arg>CY</arg>
<arg>CZ</arg>
<arg>DE</arg>
<arg>DJ</arg>
<arg>DK</arg>
<arg>DM</arg>
<arg>DO</arg>
<arg>DZ</arg>
<arg>EC</arg>
<arg>EE</arg>
<arg>EG</arg>
<arg>EH</arg>
<arg>ER</arg>
<arg>ES</arg>
<arg>ET</arg>
<arg>FI</arg>
<arg>FJ</arg>
<arg>FK</arg>
<arg>FM</arg>
<arg>FO</arg>
<arg>FR</arg>
<arg>GA</arg>
<arg>GB</arg>
<arg>GD</arg>
<arg>GE</arg>
<arg>GF</arg>
<arg>GG</arg>
<arg>GH</arg>
<arg>GI</arg>
<arg>GL</arg>
<arg>GM</arg>
<arg>GN</arg>
<arg>GP</arg>
<arg>GQ</arg>
<arg>GR</arg>
<arg>GS</arg>
<arg>GT</arg>
<arg>GU</arg>
<arg>GW</arg>
<arg>GY</arg>
<arg>HK</arg>
<arg>HM</arg>
<arg>HN</arg>
<arg>HR</arg>
<arg>HT</arg>
<arg>HU</arg>
<arg>ID</arg>
<arg>IE</arg>
<arg>IL</arg>
<arg>IM</arg>
<arg>IN</arg>
<arg>IO</arg>
<arg>IQ</arg>
<arg>IR</arg>
<arg>IS</arg>
<arg>IT</arg>
<arg>JE</arg>
<arg>JM</arg>
<arg>JO</arg>
<arg>JP</arg>
<arg>KE</arg>
<arg>KG</arg>
<arg>KH</arg>
<arg>KI</arg>
<arg>KM</arg>
<arg>KN</arg>
<arg>KP</arg>
<arg>KR</arg>
<arg>KW</arg>
<arg>KY</arg>
<arg>KZ</arg>
<arg>LA</arg>
<arg>LB</arg>
<arg>LC</arg>
<arg>LI</arg>
<arg>LK</arg>
<arg>LR</arg>
<arg>LS</arg>
<arg>LT</arg>
<arg>LU</arg>
<arg>LV</arg>
<arg>LY</arg>
<arg>MA</arg>
<arg>MC</arg>
<arg>MD</arg>
<arg>ME</arg>
<arg>MF</arg>
<arg>MG</arg>
<arg>MH</arg>
<arg>MK</arg>
<arg>ML</arg>
<arg>MM</arg>
<arg>MN</arg>
<arg>MO</arg>
<arg>MP</arg>
<arg>MQ</arg>
<arg>MR</arg>
<arg>MS</arg>
<arg>MT</arg>
<arg>MU</arg>
<arg>MV</arg>
<arg>MW</arg>
<arg>MX</arg>
<arg>MY</arg>
<arg>MZ</arg>
<arg>NA</arg>
<arg>NC</arg>
<arg>NE</arg>
<arg>NF</arg>
<arg>NG</arg>
<arg>NI</arg>
<arg>NL</arg>
<arg>NO</arg>
<arg>NP</arg>
<arg>NR</arg>
<arg>NU</arg>
<arg>NZ</arg>
<arg>OM</arg>
<arg>PA</arg>
<arg>PE</arg>
<arg>PF</arg>
<arg>PG</arg>
<arg>PH</arg>
<arg>PK</arg>
<arg>PL</arg>
<arg>PM</arg>
<arg>PN</arg>
<arg>PR</arg>
<arg>PS</arg>
<arg>PT</arg>
<arg>PW</arg>
<arg>PY</arg>
<arg>QA</arg>
<arg>RE</arg>
<arg>RO</arg>
<arg>RS</arg>
<arg>RU</arg>
<arg>RW</arg>
<arg>SA</arg>
<arg>SB</arg>
<arg>SC</arg>
<arg>SD</arg>
<arg>SE</arg>
<arg>SG</arg>
<arg>SH</arg>
<arg>SI</arg>
<arg>SJ</arg>
<arg>SK</arg>
<arg>SL</arg>
<arg>SM</arg>
<arg>SN</arg>
<arg>SO</arg>
<arg>SR</arg>
<arg>SS</arg>
<arg>ST</arg>
<arg>SV</arg>
<arg>SX</arg>
<arg>SY</arg>
<arg>SZ</arg>
<arg>TC</arg>
<arg>TD</arg>
<arg>TF</arg>
<arg>TG</arg>
<arg>TH</arg>
<arg>TJ</arg>
<arg>TK</arg>
<arg>TL</arg>
<arg>TM</arg>
<arg>TN</arg>
<arg>TO</arg>
<arg>TR</arg>
<arg>TT</arg>
<arg>TV</arg>
<arg>TW</arg>
<arg>TZ</arg>
<arg>UA</arg>
<arg>UG</arg>
<arg>UM</arg>
<arg>US</arg>
<arg>UY</arg>
<arg>UZ</arg>
<arg>VA</arg>
<arg>VC</arg>
<arg>VE</arg>
<arg>VG</arg>
<arg>VI</arg>
<arg>VN</arg>
<arg>VU</arg>
<arg>WF</arg>
<arg>WS</arg>
<arg>XK</arg>
<arg>YE</arg>
<arg>YT</arg>
<arg>ZA</arg>
<arg>ZM</arg>
<arg>ZW</arg>
<doc>Returns a list containing given items.</doc>
<status status="PASS" start="2024-07-18T08:19:17.101964" elapsed="0.000615"/>
</kw>
<kw name="List Should Contain Value" owner="Collections">
<arg>${list_country}</arg>
<arg>${name_country}</arg>
<doc>Fails if the ``value`` is not found from ``list``.</doc>
<status status="PASS" start="2024-07-18T08:19:17.103534" elapsed="0.000211"/>
</kw>
<kw name="Run Keyword If" owner="BuiltIn">
<kw name="Should Be True" owner="BuiltIn">
<arg>${True}</arg>
<doc>Fails if the given condition is not true.</doc>
<status status="PASS" start="2024-07-18T08:19:17.104672" elapsed="0.000139"/>
</kw>
<arg>${json_data["results"][0]["location"]["coordinates"]["latitude"]} &gt;= -90 and ${json_data["results"][0]["location"]["coordinates"]["latitude"]} &lt;= 90</arg>
<arg>Should Be True</arg>
<arg>${True}</arg>
<doc>Runs the given keyword with the given arguments, if ``condition`` is true.</doc>
<status status="PASS" start="2024-07-18T08:19:17.103943" elapsed="0.000992"/>
</kw>
<kw name="Run Keyword If" owner="BuiltIn">
<kw name="Should Be True" owner="BuiltIn">
<arg>${True}</arg>
<doc>Fails if the given condition is not true.</doc>
<status status="PASS" start="2024-07-18T08:19:17.105845" elapsed="0.000134"/>
</kw>
<arg>${json_data["results"][0]["location"]["coordinates"]["longitude"]} &gt;= -180 and ${json_data["results"][0]["location"]["coordinates"]["longitude"]} &lt;= 180</arg>
<arg>Should Be True</arg>
<arg>${True}</arg>
<doc>Runs the given keyword with the given arguments, if ``condition`` is true.</doc>
<status status="PASS" start="2024-07-18T08:19:17.105115" elapsed="0.000985"/>
</kw>
<status status="PASS" start="2024-07-18T08:19:16.959447" elapsed="0.146783"/>
</kw>
<doc>Testa o conteúdo específico dos campos retornados pela API.</doc>
<tag>testeConteudo</tag>
<status status="PASS" start="2024-07-18T08:19:16.958901" elapsed="0.147478"/>
</test>
<status status="PASS" start="2024-07-18T08:19:16.178226" elapsed="0.930056"/>
</suite>
<status status="PASS" start="2024-07-18T08:19:16.164039" elapsed="0.949127"/>
</suite>
<statistics>
<total>
<stat pass="5" fail="0" skip="0">All Tests</stat>
</total>
<tag>
<stat pass="1" fail="0" skip="0">testeConteudo</stat>
<stat pass="1" fail="0" skip="0">testeEstruturaResposta</stat>
<stat pass="1" fail="0" skip="0">testeRequisicaoBasica</stat>
<stat pass="1" fail="0" skip="0">testeTiposDados</stat>
</tag>
<suite>
<stat pass="5" fail="0" skip="0" id="s1" name="Tests">Tests</stat>
<stat pass="5" fail="0" skip="0" id="s1-s1" name="Random-User-Test">Tests.Random-User-Test</stat>
</suite>
</statistics>
<errors>
</errors>
</robot>
