<?xml version="1.0" encoding="UTF-8"?>
<robot generator="Robot 7.0.1 (Python 3.12.3 on linux)" generated="2024-06-13T17:13:53.375227" rpa="false" schemaversion="5">
<suite id="s1" name="Tests" source="/home/runner/work/ApiRandomUser/ApiRandomUser/RamdonUser/tests">
<suite id="s1-s1" name="Random-User-Test" source="/home/runner/work/ApiRandomUser/ApiRandomUser/RamdonUser/tests/random-user-test.robot">
<test id="s1-s1-t1" name="Conectar" line="13">
<kw name="Conectar API" owner="random-user-service">
<kw name="Create Session" owner="RequestsLibrary">
<msg time="2024-06-13T17:13:53.768016" level="INFO">Creating Session using : alias=consultarAPI, url=https://randomuser.me/, headers={},                     cookies={}, auth=None, timeout=None, proxies=None, verify=False,                     debug=0 </msg>
<arg>consultarAPI</arg>
<arg>${URL}</arg>
<doc>Create Session: create a HTTP session to a server</doc>
<status status="PASS" start="2024-06-13T17:13:53.767792" elapsed="0.000418"/>
</kw>
<status status="PASS" start="2024-06-13T17:13:53.766818" elapsed="0.001753"/>
</kw>
<status status="PASS" start="2024-06-13T17:13:53.766268" elapsed="0.002496"/>
</test>
<test id="s1-s1-t2" name="Validar retorno 200 e JSON Válido" line="16">
<kw name="Teste de Requisicao Basica" owner="random-user-service">
<kw name="GET On Session" owner="RequestsLibrary">
<msg time="2024-06-13T17:13:53.859626" level="INFO">GET Request : url=https://randomuser.me/api 
 path_url=/api 
 headers={'User-Agent': 'python-requests/2.32.3', 'Accept-Encoding': 'gzip, deflate', 'Accept': '*/*', 'Connection': 'keep-alive'} 
 body=None 
 </msg>
<msg time="2024-06-13T17:13:53.859785" level="INFO">GET Response : url=https://randomuser.me/api 
 status=200, reason=OK 
 headers={'Date': 'Thu, 13 Jun 2024 17:13:53 GMT', 'Content-Type': 'application/json; charset=utf-8', 'Transfer-Encoding': 'chunked', 'Connection': 'keep-alive', 'X-Powered-By': 'Express', 'Access-Control-Allow-Origin': '*', 'Cache-Control': 'no-cache', 'ETag': 'W/"49e-DX92T3mDrgPcpcVNuOcg4dVw5ao"', 'Vary': 'Accept-Encoding', 'Content-Encoding': 'gzip', 'CF-Cache-Status': 'DYNAMIC', 'Report-To': '{"endpoints":[{"url":"https:\\/\\/a.nel.cloudflare.com\\/report\\/v4?s=8bsHr%2FUF7F3nMj3KJ0sQ9leDDiiwRrHwDVVlhnVmxWd2AbWfMmF3s%2F0ttOKlbXBjgkFmyNeABBT0SJm88FmLEWBk4oqUA1LPjKoehdNfsMAkmr8o2csBcu1bVefpRXtk"}],"group":"cf-nel","max_age":604800}', 'NEL': '{"success_fraction":0,"report_to":"cf-nel","max_age":604800}', 'Server': 'cloudflare', 'CF-RAY': '8933b6bf4f49430d-EWR', 'alt-svc': 'h3=":443"; ma=86400'} 
 body={"results":[{"gender":"female","name":{"title":"Miss","first":"Veera","last":"Kauppi"},"location":{"street":{"number":2173,"name":"Rotuaari"},"city":"Halsua","state":"Finland Proper","country":"Finland","postcode":97095,"coordinates":{"latitude":"-23.8917","longitude":"58.5436"},"timezone":{"offset":"-6:00","description":"Central Time (US &amp; Canada), Mexico City"}},"email":"veera.kauppi@example.com","login":{"uuid":"e4433b12-f025-424f-b015-f4303d5c4597","username":"goldenwolf353","password":"abc1234","salt":"dltjr90c","md5":"2a8b941430d706c78cb2db1b30d99cd5","sha1":"1d034034276a8f535f47b48f03ddd67935041b14","sha256":"62ce80a2f559660dcde5ee1c4be0eb3f5e0d8abc4f8f4992b6503b789bf7b284"},"dob":{"date":"1956-07-25T18:39:47.135Z","age":67},"registered":{"date":"2003-03-24T05:40:17.912Z","age":21},"phone":"08-372-364","cell":"040-957-31-10","id":{"name":"HETU","value":"NaNNA294undefined"},"picture":{"large":"https://randomuser.me/api/portraits/women/23.jpg","medium":"https://randomuser.me/api/portraits/med/women/23.jpg","thumbnail":"https://randomuser.me/api/portraits/thumb/women/23.jpg"},"nat":"FI"}],"info":{"seed":"93dcb85544af797a","results":1,"page":1,"version":"1.4"}} 
 </msg>
<msg time="2024-06-13T17:13:53.859870" level="INFO">/opt/hostedtoolcache/Python/3.12.3/x64/lib/python3.12/site-packages/urllib3/connectionpool.py:1103: InsecureRequestWarning: Unverified HTTPS request is being made to host 'randomuser.me'. Adding certificate verification is strongly advised. See: https://urllib3.readthedocs.io/en/latest/advanced-usage.html#tls-warnings
  warnings.warn(</msg>
<msg time="2024-06-13T17:13:53.860032" level="INFO">${response} = &lt;Response [200]&gt;</msg>
<var>${response}</var>
<arg>consultarAPI</arg>
<arg>/api</arg>
<doc>Sends a GET request on a previously created HTTP Session.</doc>
<status status="PASS" start="2024-06-13T17:13:53.771397" elapsed="0.088679"/>
</kw>
<kw name="Should Be Equal As Numbers" owner="BuiltIn">
<msg time="2024-06-13T17:13:53.861217" level="INFO">Argument types are:
&lt;class 'int'&gt;
&lt;class 'str'&gt;</msg>
<arg>${response.status_code}</arg>
<arg>200</arg>
<doc>Fails if objects are unequal after converting them to real numbers.</doc>
<status status="PASS" start="2024-06-13T17:13:53.860736" elapsed="0.000547"/>
</kw>
<kw name="Log" owner="BuiltIn">
<msg time="2024-06-13T17:13:53.861943" level="INFO">200</msg>
<arg>${response.status_code}</arg>
<doc>Logs the given message with the given level.</doc>
<status status="PASS" start="2024-06-13T17:13:53.861598" elapsed="0.000392"/>
</kw>
<kw name="Set Variable" owner="BuiltIn">
<msg time="2024-06-13T17:13:53.862724" level="INFO">${json_data} = {'results': [{'gender': 'female', 'name': {'title': 'Miss', 'first': 'Veera', 'last': 'Kauppi'}, 'location': {'street': {'number': 2173, 'name': 'Rotuaari'}, 'city': 'Halsua', 'state': 'Finland Proper...</msg>
<var>${json_data}</var>
<arg>${response.json()}</arg>
<doc>Returns the given values which can then be assigned to a variables.</doc>
<status status="PASS" start="2024-06-13T17:13:53.862296" elapsed="0.000456"/>
</kw>
<kw name="Dictionary Should Contain Key" owner="Collections">
<arg>${json_data}</arg>
<arg>results</arg>
<doc>Fails if ``key`` is not found from ``dictionary``.</doc>
<status status="PASS" start="2024-06-13T17:13:53.863050" elapsed="0.000171"/>
</kw>
<status status="PASS" start="2024-06-13T17:13:53.771161" elapsed="0.092210"/>
</kw>
<doc>Testa se a API responde corretamente e retorna um objeto JSON válido.</doc>
<tag>testeRequisicaoBasica</tag>
<status status="PASS" start="2024-06-13T17:13:53.770611" elapsed="0.092938"/>
</test>
<test id="s1-s1-t3" name="Validar estrutura de resposta" line="22">
<kw name="Teste de Estrutura de Resposta" owner="random-user-service">
<kw name="GET On Session" owner="RequestsLibrary">
<msg time="2024-06-13T17:13:53.939333" level="INFO">GET Request : url=https://randomuser.me/api 
 path_url=/api 
 headers={'User-Agent': 'python-requests/2.32.3', 'Accept-Encoding': 'gzip, deflate', 'Accept': '*/*', 'Connection': 'keep-alive'} 
 body=None 
 </msg>
<msg time="2024-06-13T17:13:53.939463" level="INFO">GET Response : url=https://randomuser.me/api 
 status=200, reason=OK 
 headers={'Date': 'Thu, 13 Jun 2024 17:13:53 GMT', 'Content-Type': 'application/json; charset=utf-8', 'Transfer-Encoding': 'chunked', 'Connection': 'keep-alive', 'X-Powered-By': 'Express', 'Access-Control-Allow-Origin': '*', 'Cache-Control': 'no-cache', 'ETag': 'W/"494-g5tCEwruQQB4gqsChfiV/VbcUqo"', 'Vary': 'Accept-Encoding', 'Content-Encoding': 'gzip', 'CF-Cache-Status': 'DYNAMIC', 'Report-To': '{"endpoints":[{"url":"https:\\/\\/a.nel.cloudflare.com\\/report\\/v4?s=nvjoMF%2BfZsscIgqfLnC0uwA7pqYIP9JjD1TyvIzP8Pn%2FOrd%2BK3RDUX3qIlv4%2FpgA9GhL9HMxk4nORPll5gxit%2BoD9E6kSsg5jTE2%2FLwys6tNQXT49tOUv9FlNoaaBfvG"}],"group":"cf-nel","max_age":604800}', 'NEL': '{"success_fraction":0,"report_to":"cf-nel","max_age":604800}', 'Server': 'cloudflare', 'CF-RAY': '8933b6bfafcf430d-EWR', 'alt-svc': 'h3=":443"; ma=86400'} 
 body={"results":[{"gender":"male","name":{"title":"Mr","first":"Gostomisl","last":"Burch"},"location":{"street":{"number":1912,"name":"Akademika Amosova"},"city":"Globine","state":"Mikolayivska","country":"Ukraine","postcode":58809,"coordinates":{"latitude":"80.0747","longitude":"-103.0602"},"timezone":{"offset":"-5:00","description":"Eastern Time (US &amp; Canada), Bogota, Lima"}},"email":"gostomisl.burch@example.com","login":{"uuid":"41430398-3576-4826-a53d-f15802205067","username":"bluesnake962","password":"flyboy","salt":"luExHiAN","md5":"72e89a643c428ec0dcbb129f7be6a0a0","sha1":"df229a08cdf8dc4258580cc6ea4979f16fa1f380","sha256":"28bb7e5535899f42813bd3c9e6fba2f07c85ad6b325efbbbcc7da2de65b30954"},"dob":{"date":"1951-05-29T16:47:40.452Z","age":73},"registered":{"date":"2009-06-11T23:57:53.509Z","age":15},"phone":"(066) E10-3044","cell":"(098) F21-9959","id":{"name":"","value":null},"picture":{"large":"https://randomuser.me/api/portraits/men/54.jpg","medium":"https://randomuser.me/api/portraits/med/men/54.jpg","thumbnail":"https://randomuser.me/api/portraits/thumb/men/54.jpg"},"nat":"UA"}],"info":{"seed":"9149ed7f989b387a","results":1,"page":1,"version":"1.4"}} 
 </msg>
<msg time="2024-06-13T17:13:53.939639" level="INFO">/opt/hostedtoolcache/Python/3.12.3/x64/lib/python3.12/site-packages/urllib3/connectionpool.py:1103: InsecureRequestWarning: Unverified HTTPS request is being made to host 'randomuser.me'. Adding certificate verification is strongly advised. See: https://urllib3.readthedocs.io/en/latest/advanced-usage.html#tls-warnings
  warnings.warn(</msg>
<msg time="2024-06-13T17:13:53.939794" level="INFO">${response} = &lt;Response [200]&gt;</msg>
<var>${response}</var>
<arg>consultarAPI</arg>
<arg>/api</arg>
<doc>Sends a GET request on a previously created HTTP Session.</doc>
<status status="PASS" start="2024-06-13T17:13:53.866243" elapsed="0.073603"/>
</kw>
<kw name="Set Variable" owner="BuiltIn">
<msg time="2024-06-13T17:13:53.941225" level="INFO">${json_data} = {'results': [{'gender': 'male', 'name': {'title': 'Mr', 'first': 'Gostomisl', 'last': 'Burch'}, 'location': {'street': {'number': 1912, 'name': 'Akademika Amosova'}, 'city': 'Globine', 'state': 'Mikol...</msg>
<var>${json_data}</var>
<arg>${response.json()}</arg>
<doc>Returns the given values which can then be assigned to a variables.</doc>
<status status="PASS" start="2024-06-13T17:13:53.940471" elapsed="0.000797"/>
</kw>
<kw name="Log" owner="BuiltIn">
<msg time="2024-06-13T17:13:53.941941" level="INFO">{'results': [{'gender': 'male', 'name': {'title': 'Mr', 'first': 'Gostomisl', 'last': 'Burch'}, 'location': {'street': {'number': 1912, 'name': 'Akademika Amosova'}, 'city': 'Globine', 'state': 'Mikolayivska', 'country': 'Ukraine', 'postcode': 58809, 'coordinates': {'latitude': '80.0747', 'longitude': '-103.0602'}, 'timezone': {'offset': '-5:00', 'description': 'Eastern Time (US &amp; Canada), Bogota, Lima'}}, 'email': 'gostomisl.burch@example.com', 'login': {'uuid': '41430398-3576-4826-a53d-f15802205067', 'username': 'bluesnake962', 'password': 'flyboy', 'salt': 'luExHiAN', 'md5': '72e89a643c428ec0dcbb129f7be6a0a0', 'sha1': 'df229a08cdf8dc4258580cc6ea4979f16fa1f380', 'sha256': '28bb7e5535899f42813bd3c9e6fba2f07c85ad6b325efbbbcc7da2de65b30954'}, 'dob': {'date': '1951-05-29T16:47:40.452Z', 'age': 73}, 'registered': {'date': '2009-06-11T23:57:53.509Z', 'age': 15}, 'phone': '(066) E10-3044', 'cell': '(098) F21-9959', 'id': {'name': '', 'value': None}, 'picture': {'large': 'https://randomuser.me/api/portraits/men/54.jpg', 'medium': 'https://randomuser.me/api/portraits/med/men/54.jpg', 'thumbnail': 'https://randomuser.me/api/portraits/thumb/men/54.jpg'}, 'nat': 'UA'}], 'info': {'seed': '9149ed7f989b387a', 'results': 1, 'page': 1, 'version': '1.4'}}</msg>
<arg>${json_data}</arg>
<doc>Logs the given message with the given level.</doc>
<status status="PASS" start="2024-06-13T17:13:53.941720" elapsed="0.000299"/>
</kw>
<kw name="Dictionary Should Contain Key" owner="Collections">
<arg>${json_data}</arg>
<arg>results</arg>
<doc>Fails if ``key`` is not found from ``dictionary``.</doc>
<status status="PASS" start="2024-06-13T17:13:53.942472" elapsed="0.000268"/>
</kw>
<kw name="Should Not Be Empty" owner="BuiltIn">
<msg time="2024-06-13T17:13:53.943283" level="INFO">Length is 2.</msg>
<arg>${json_data}</arg>
<doc>Verifies that the given item is not empty.</doc>
<status status="PASS" start="2024-06-13T17:13:53.943066" elapsed="0.000288"/>
</kw>
<kw name="Create List" owner="BuiltIn">
<msg time="2024-06-13T17:13:53.944110" level="INFO">${expected_keys} = ['gender', 'name', 'location', 'email', 'login']</msg>
<var>${expected_keys}</var>
<arg>gender</arg>
<arg>name</arg>
<arg>location</arg>
<arg>email</arg>
<arg>login</arg>
<doc>Returns a list containing given items.</doc>
<status status="PASS" start="2024-06-13T17:13:53.943827" elapsed="0.000329"/>
</kw>
<for flavor="IN">
<iter>
<kw name="Dictionary Should Contain Key" owner="Collections">
<arg>${json_data['results'][0]}</arg>
<arg>${key}</arg>
<doc>Fails if ``key`` is not found from ``dictionary``.</doc>
<status status="PASS" start="2024-06-13T17:13:53.945344" elapsed="0.000644"/>
</kw>
<kw name="Log" owner="BuiltIn">
<msg time="2024-06-13T17:13:53.946808" level="INFO">{'gender': 'male', 'name': {'title': 'Mr', 'first': 'Gostomisl', 'last': 'Burch'}, 'location': {'street': {'number': 1912, 'name': 'Akademika Amosova'}, 'city': 'Globine', 'state': 'Mikolayivska', 'country': 'Ukraine', 'postcode': 58809, 'coordinates': {'latitude': '80.0747', 'longitude': '-103.0602'}, 'timezone': {'offset': '-5:00', 'description': 'Eastern Time (US &amp; Canada), Bogota, Lima'}}, 'email': 'gostomisl.burch@example.com', 'login': {'uuid': '41430398-3576-4826-a53d-f15802205067', 'username': 'bluesnake962', 'password': 'flyboy', 'salt': 'luExHiAN', 'md5': '72e89a643c428ec0dcbb129f7be6a0a0', 'sha1': 'df229a08cdf8dc4258580cc6ea4979f16fa1f380', 'sha256': '28bb7e5535899f42813bd3c9e6fba2f07c85ad6b325efbbbcc7da2de65b30954'}, 'dob': {'date': '1951-05-29T16:47:40.452Z', 'age': 73}, 'registered': {'date': '2009-06-11T23:57:53.509Z', 'age': 15}, 'phone': '(066) E10-3044', 'cell': '(098) F21-9959', 'id': {'name': '', 'value': None}, 'picture': {'large': 'https://randomuser.me/api/portraits/men/54.jpg', 'medium': 'https://randomuser.me/api/portraits/med/men/54.jpg', 'thumbnail': 'https://randomuser.me/api/portraits/thumb/men/54.jpg'}, 'nat': 'UA'}</msg>
<arg>${json_data['results'][0]}</arg>
<doc>Logs the given message with the given level.</doc>
<status status="PASS" start="2024-06-13T17:13:53.946270" elapsed="0.000616"/>
</kw>
<kw name="Log" owner="BuiltIn">
<msg time="2024-06-13T17:13:53.947517" level="INFO">gender</msg>
<arg>${key}</arg>
<doc>Logs the given message with the given level.</doc>
<status status="PASS" start="2024-06-13T17:13:53.947330" elapsed="0.000244"/>
</kw>
<var name="${key}">gender</var>
<status status="PASS" start="2024-06-13T17:13:53.945124" elapsed="0.002762"/>
</iter>
<iter>
<kw name="Dictionary Should Contain Key" owner="Collections">
<arg>${json_data['results'][0]}</arg>
<arg>${key}</arg>
<doc>Fails if ``key`` is not found from ``dictionary``.</doc>
<status status="PASS" start="2024-06-13T17:13:53.948364" elapsed="0.000578"/>
</kw>
<kw name="Log" owner="BuiltIn">
<msg time="2024-06-13T17:13:53.949775" level="INFO">{'gender': 'male', 'name': {'title': 'Mr', 'first': 'Gostomisl', 'last': 'Burch'}, 'location': {'street': {'number': 1912, 'name': 'Akademika Amosova'}, 'city': 'Globine', 'state': 'Mikolayivska', 'country': 'Ukraine', 'postcode': 58809, 'coordinates': {'latitude': '80.0747', 'longitude': '-103.0602'}, 'timezone': {'offset': '-5:00', 'description': 'Eastern Time (US &amp; Canada), Bogota, Lima'}}, 'email': 'gostomisl.burch@example.com', 'login': {'uuid': '41430398-3576-4826-a53d-f15802205067', 'username': 'bluesnake962', 'password': 'flyboy', 'salt': 'luExHiAN', 'md5': '72e89a643c428ec0dcbb129f7be6a0a0', 'sha1': 'df229a08cdf8dc4258580cc6ea4979f16fa1f380', 'sha256': '28bb7e5535899f42813bd3c9e6fba2f07c85ad6b325efbbbcc7da2de65b30954'}, 'dob': {'date': '1951-05-29T16:47:40.452Z', 'age': 73}, 'registered': {'date': '2009-06-11T23:57:53.509Z', 'age': 15}, 'phone': '(066) E10-3044', 'cell': '(098) F21-9959', 'id': {'name': '', 'value': None}, 'picture': {'large': 'https://randomuser.me/api/portraits/men/54.jpg', 'medium': 'https://randomuser.me/api/portraits/med/men/54.jpg', 'thumbnail': 'https://randomuser.me/api/portraits/thumb/men/54.jpg'}, 'nat': 'UA'}</msg>
<arg>${json_data['results'][0]}</arg>
<doc>Logs the given message with the given level.</doc>
<status status="PASS" start="2024-06-13T17:13:53.949228" elapsed="0.000668"/>
</kw>
<kw name="Log" owner="BuiltIn">
<msg time="2024-06-13T17:13:53.950547" level="INFO">name</msg>
<arg>${key}</arg>
<doc>Logs the given message with the given level.</doc>
<status status="PASS" start="2024-06-13T17:13:53.950330" elapsed="0.000288"/>
</kw>
<var name="${key}">name</var>
<status status="PASS" start="2024-06-13T17:13:53.948198" elapsed="0.002745"/>
</iter>
<iter>
<kw name="Dictionary Should Contain Key" owner="Collections">
<arg>${json_data['results'][0]}</arg>
<arg>${key}</arg>
<doc>Fails if ``key`` is not found from ``dictionary``.</doc>
<status status="PASS" start="2024-06-13T17:13:53.951424" elapsed="0.000637"/>
</kw>
<kw name="Log" owner="BuiltIn">
<msg time="2024-06-13T17:13:53.953001" level="INFO">{'gender': 'male', 'name': {'title': 'Mr', 'first': 'Gostomisl', 'last': 'Burch'}, 'location': {'street': {'number': 1912, 'name': 'Akademika Amosova'}, 'city': 'Globine', 'state': 'Mikolayivska', 'country': 'Ukraine', 'postcode': 58809, 'coordinates': {'latitude': '80.0747', 'longitude': '-103.0602'}, 'timezone': {'offset': '-5:00', 'description': 'Eastern Time (US &amp; Canada), Bogota, Lima'}}, 'email': 'gostomisl.burch@example.com', 'login': {'uuid': '41430398-3576-4826-a53d-f15802205067', 'username': 'bluesnake962', 'password': 'flyboy', 'salt': 'luExHiAN', 'md5': '72e89a643c428ec0dcbb129f7be6a0a0', 'sha1': 'df229a08cdf8dc4258580cc6ea4979f16fa1f380', 'sha256': '28bb7e5535899f42813bd3c9e6fba2f07c85ad6b325efbbbcc7da2de65b30954'}, 'dob': {'date': '1951-05-29T16:47:40.452Z', 'age': 73}, 'registered': {'date': '2009-06-11T23:57:53.509Z', 'age': 15}, 'phone': '(066) E10-3044', 'cell': '(098) F21-9959', 'id': {'name': '', 'value': None}, 'picture': {'large': 'https://randomuser.me/api/portraits/men/54.jpg', 'medium': 'https://randomuser.me/api/portraits/med/men/54.jpg', 'thumbnail': 'https://randomuser.me/api/portraits/thumb/men/54.jpg'}, 'nat': 'UA'}</msg>
<arg>${json_data['results'][0]}</arg>
<doc>Logs the given message with the given level.</doc>
<status status="PASS" start="2024-06-13T17:13:53.952398" elapsed="0.000695"/>
</kw>
<kw name="Log" owner="BuiltIn">
<msg time="2024-06-13T17:13:53.953789" level="INFO">location</msg>
<arg>${key}</arg>
<doc>Logs the given message with the given level.</doc>
<status status="PASS" start="2024-06-13T17:13:53.953580" elapsed="0.000271"/>
</kw>
<var name="${key}">location</var>
<status status="PASS" start="2024-06-13T17:13:53.951239" elapsed="0.002963"/>
</iter>
<iter>
<kw name="Dictionary Should Contain Key" owner="Collections">
<arg>${json_data['results'][0]}</arg>
<arg>${key}</arg>
<doc>Fails if ``key`` is not found from ``dictionary``.</doc>
<status status="PASS" start="2024-06-13T17:13:53.954672" elapsed="0.000656"/>
</kw>
<kw name="Log" owner="BuiltIn">
<msg time="2024-06-13T17:13:53.956169" level="INFO">{'gender': 'male', 'name': {'title': 'Mr', 'first': 'Gostomisl', 'last': 'Burch'}, 'location': {'street': {'number': 1912, 'name': 'Akademika Amosova'}, 'city': 'Globine', 'state': 'Mikolayivska', 'country': 'Ukraine', 'postcode': 58809, 'coordinates': {'latitude': '80.0747', 'longitude': '-103.0602'}, 'timezone': {'offset': '-5:00', 'description': 'Eastern Time (US &amp; Canada), Bogota, Lima'}}, 'email': 'gostomisl.burch@example.com', 'login': {'uuid': '41430398-3576-4826-a53d-f15802205067', 'username': 'bluesnake962', 'password': 'flyboy', 'salt': 'luExHiAN', 'md5': '72e89a643c428ec0dcbb129f7be6a0a0', 'sha1': 'df229a08cdf8dc4258580cc6ea4979f16fa1f380', 'sha256': '28bb7e5535899f42813bd3c9e6fba2f07c85ad6b325efbbbcc7da2de65b30954'}, 'dob': {'date': '1951-05-29T16:47:40.452Z', 'age': 73}, 'registered': {'date': '2009-06-11T23:57:53.509Z', 'age': 15}, 'phone': '(066) E10-3044', 'cell': '(098) F21-9959', 'id': {'name': '', 'value': None}, 'picture': {'large': 'https://randomuser.me/api/portraits/men/54.jpg', 'medium': 'https://randomuser.me/api/portraits/med/men/54.jpg', 'thumbnail': 'https://randomuser.me/api/portraits/thumb/men/54.jpg'}, 'nat': 'UA'}</msg>
<arg>${json_data['results'][0]}</arg>
<doc>Logs the given message with the given level.</doc>
<status status="PASS" start="2024-06-13T17:13:53.955614" elapsed="0.000608"/>
</kw>
<kw name="Log" owner="BuiltIn">
<msg time="2024-06-13T17:13:53.956676" level="INFO">email</msg>
<arg>${key}</arg>
<doc>Logs the given message with the given level.</doc>
<status status="PASS" start="2024-06-13T17:13:53.956541" elapsed="0.000176"/>
</kw>
<var name="${key}">email</var>
<status status="PASS" start="2024-06-13T17:13:53.954491" elapsed="0.002456"/>
</iter>
<iter>
<kw name="Dictionary Should Contain Key" owner="Collections">
<arg>${json_data['results'][0]}</arg>
<arg>${key}</arg>
<doc>Fails if ``key`` is not found from ``dictionary``.</doc>
<status status="PASS" start="2024-06-13T17:13:53.957237" elapsed="0.000410"/>
</kw>
<kw name="Log" owner="BuiltIn">
<msg time="2024-06-13T17:13:53.958196" level="INFO">{'gender': 'male', 'name': {'title': 'Mr', 'first': 'Gostomisl', 'last': 'Burch'}, 'location': {'street': {'number': 1912, 'name': 'Akademika Amosova'}, 'city': 'Globine', 'state': 'Mikolayivska', 'country': 'Ukraine', 'postcode': 58809, 'coordinates': {'latitude': '80.0747', 'longitude': '-103.0602'}, 'timezone': {'offset': '-5:00', 'description': 'Eastern Time (US &amp; Canada), Bogota, Lima'}}, 'email': 'gostomisl.burch@example.com', 'login': {'uuid': '41430398-3576-4826-a53d-f15802205067', 'username': 'bluesnake962', 'password': 'flyboy', 'salt': 'luExHiAN', 'md5': '72e89a643c428ec0dcbb129f7be6a0a0', 'sha1': 'df229a08cdf8dc4258580cc6ea4979f16fa1f380', 'sha256': '28bb7e5535899f42813bd3c9e6fba2f07c85ad6b325efbbbcc7da2de65b30954'}, 'dob': {'date': '1951-05-29T16:47:40.452Z', 'age': 73}, 'registered': {'date': '2009-06-11T23:57:53.509Z', 'age': 15}, 'phone': '(066) E10-3044', 'cell': '(098) F21-9959', 'id': {'name': '', 'value': None}, 'picture': {'large': 'https://randomuser.me/api/portraits/men/54.jpg', 'medium': 'https://randomuser.me/api/portraits/med/men/54.jpg', 'thumbnail': 'https://randomuser.me/api/portraits/thumb/men/54.jpg'}, 'nat': 'UA'}</msg>
<arg>${json_data['results'][0]}</arg>
<doc>Logs the given message with the given level.</doc>
<status status="PASS" start="2024-06-13T17:13:53.957836" elapsed="0.000410"/>
</kw>
<kw name="Log" owner="BuiltIn">
<msg time="2024-06-13T17:13:53.958675" level="INFO">login</msg>
<arg>${key}</arg>
<doc>Logs the given message with the given level.</doc>
<status status="PASS" start="2024-06-13T17:13:53.958546" elapsed="0.000167"/>
</kw>
<var name="${key}">login</var>
<status status="PASS" start="2024-06-13T17:13:53.957124" elapsed="0.001804"/>
</iter>
<var>${key}</var>
<value>@{expected_keys}</value>
<status status="PASS" start="2024-06-13T17:13:53.944812" elapsed="0.014237"/>
</for>
<kw name="Create List" owner="BuiltIn">
<msg time="2024-06-13T17:13:53.959389" level="INFO">${expected_keysTwo} = ['username', 'password']</msg>
<var>${expected_keysTwo}</var>
<arg>username</arg>
<arg>password</arg>
<doc>Returns a list containing given items.</doc>
<status status="PASS" start="2024-06-13T17:13:53.959247" elapsed="0.000198"/>
</kw>
<for flavor="IN">
<iter>
<kw name="Dictionary Should Contain Key" owner="Collections">
<arg>${json_data['results'][0]['login']}</arg>
<arg>${keyTwo}</arg>
<doc>Fails if ``key`` is not found from ``dictionary``.</doc>
<status status="PASS" start="2024-06-13T17:13:53.959963" elapsed="0.000423"/>
</kw>
<kw name="Dictionary Should Contain Key" owner="Collections">
<arg>${json_data['results'][0]['login']}</arg>
<arg>${keyTwo}</arg>
<doc>Fails if ``key`` is not found from ``dictionary``.</doc>
<status status="PASS" start="2024-06-13T17:13:53.960573" elapsed="0.000379"/>
</kw>
<kw name="Log" owner="BuiltIn">
<msg time="2024-06-13T17:13:53.961254" level="INFO">username</msg>
<arg>${keyTwo}</arg>
<doc>Logs the given message with the given level.</doc>
<status status="PASS" start="2024-06-13T17:13:53.961134" elapsed="0.000162"/>
</kw>
<var name="${keyTwo}">username</var>
<status status="PASS" start="2024-06-13T17:13:53.959854" elapsed="0.001667"/>
</iter>
<iter>
<kw name="Dictionary Should Contain Key" owner="Collections">
<arg>${json_data['results'][0]['login']}</arg>
<arg>${keyTwo}</arg>
<doc>Fails if ``key`` is not found from ``dictionary``.</doc>
<status status="PASS" start="2024-06-13T17:13:53.961806" elapsed="0.000382"/>
</kw>
<kw name="Dictionary Should Contain Key" owner="Collections">
<arg>${json_data['results'][0]['login']}</arg>
<arg>${keyTwo}</arg>
<doc>Fails if ``key`` is not found from ``dictionary``.</doc>
<status status="PASS" start="2024-06-13T17:13:53.962365" elapsed="0.000359"/>
</kw>
<kw name="Log" owner="BuiltIn">
<msg time="2024-06-13T17:13:53.963017" level="INFO">password</msg>
<arg>${keyTwo}</arg>
<doc>Logs the given message with the given level.</doc>
<status status="PASS" start="2024-06-13T17:13:53.962898" elapsed="0.000154"/>
</kw>
<var name="${keyTwo}">password</var>
<status status="PASS" start="2024-06-13T17:13:53.961698" elapsed="0.001574"/>
</iter>
<var>${keyTwo}</var>
<value>@{expected_keysTwo}</value>
<status status="PASS" start="2024-06-13T17:13:53.959694" elapsed="0.003695"/>
</for>
<status status="PASS" start="2024-06-13T17:13:53.866007" elapsed="0.097521"/>
</kw>
<doc>Testa a estrutura da resposta da API.</doc>
<tag>testeEstruturaResposta</tag>
<status status="PASS" start="2024-06-13T17:13:53.865407" elapsed="0.098279"/>
</test>
<test id="s1-s1-t4" name="Validar tipos de dados" line="28">
<kw name="Teste de Tipos de Dados" owner="random-user-service">
<kw name="GET On Session" owner="RequestsLibrary">
<msg time="2024-06-13T17:13:54.053823" level="INFO">GET Request : url=https://randomuser.me/api 
 path_url=/api 
 headers={'User-Agent': 'python-requests/2.32.3', 'Accept-Encoding': 'gzip, deflate', 'Accept': '*/*', 'Connection': 'keep-alive'} 
 body=None 
 </msg>
<msg time="2024-06-13T17:13:54.053923" level="INFO">GET Response : url=https://randomuser.me/api 
 status=200, reason=OK 
 headers={'Date': 'Thu, 13 Jun 2024 17:13:54 GMT', 'Content-Type': 'application/json; charset=utf-8', 'Transfer-Encoding': 'chunked', 'Connection': 'keep-alive', 'X-Powered-By': 'Express', 'Access-Control-Allow-Origin': '*', 'Cache-Control': 'no-cache', 'ETag': 'W/"4ad-v7r5inK36N6j92ZK3j0xigWy330"', 'Vary': 'Accept-Encoding', 'Content-Encoding': 'gzip', 'CF-Cache-Status': 'DYNAMIC', 'Report-To': '{"endpoints":[{"url":"https:\\/\\/a.nel.cloudflare.com\\/report\\/v4?s=y8nccdFyNQBVqeap9cBATd72wQsOs%2F1HbHrOHJ1wX6ICwNVscRVgOTZJE4bz3Kh3ZdOEOQ4O0CXB%2BhTGPkdjrzmbQgf4daTeBnpwmKPo20fgi%2BDFSUMAUcOVlKOKTDU9"}],"group":"cf-nel","max_age":604800}', 'NEL': '{"success_fraction":0,"report_to":"cf-nel","max_age":604800}', 'Server': 'cloudflare', 'CF-RAY': '8933b6c0588e430d-EWR', 'alt-svc': 'h3=":443"; ma=86400'} 
 body={"results":[{"gender":"female","name":{"title":"Madame","first":"Séverine","last":"Renaud"},"location":{"street":{"number":1204,"name":"Quai Charles-De-Gaulle"},"city":"Wahlen","state":"Obwalden","country":"Switzerland","postcode":3472,"coordinates":{"latitude":"-58.2001","longitude":"81.8641"},"timezone":{"offset":"+1:00","description":"Brussels, Copenhagen, Madrid, Paris"}},"email":"severine.renaud@example.com","login":{"uuid":"ddd714f8-d229-4711-9e3c-f7ae784eae94","username":"smallwolf538","password":"clayton","salt":"kkMCfgt4","md5":"61340f3a20e46ba389854ffe746e5715","sha1":"a53975db7519375dd380241b6e96282689712fbf","sha256":"6f0e504219387617d30758d143af00aa8b094fbeeac5e77aa4f47f7cddb15bda"},"dob":{"date":"1981-06-20T16:53:14.508Z","age":42},"registered":{"date":"2021-01-18T02:32:35.539Z","age":3},"phone":"079 686 32 42","cell":"075 155 78 86","id":{"name":"AVS","value":"756.7370.0872.57"},"picture":{"large":"https://randomuser.me/api/portraits/women/47.jpg","medium":"https://randomuser.me/api/portraits/med/women/47.jpg","thumbnail":"https://randomuser.me/api/portraits/thumb/women/47.jpg"},"nat":"CH"}],"info":{"seed":"f41658e3e489e6f8","results":1,"page":1,"version":"1.4"}} 
 </msg>
<msg time="2024-06-13T17:13:54.053997" level="INFO">/opt/hostedtoolcache/Python/3.12.3/x64/lib/python3.12/site-packages/urllib3/connectionpool.py:1103: InsecureRequestWarning: Unverified HTTPS request is being made to host 'randomuser.me'. Adding certificate verification is strongly advised. See: https://urllib3.readthedocs.io/en/latest/advanced-usage.html#tls-warnings
  warnings.warn(</msg>
<msg time="2024-06-13T17:13:54.054116" level="INFO">${response} = &lt;Response [200]&gt;</msg>
<var>${response}</var>
<arg>consultarAPI</arg>
<arg>/api</arg>
<doc>Sends a GET request on a previously created HTTP Session.</doc>
<status status="PASS" start="2024-06-13T17:13:53.966572" elapsed="0.087583"/>
</kw>
<kw name="Set Variable" owner="BuiltIn">
<msg time="2024-06-13T17:13:54.055192" level="INFO">${json_data} = {'results': [{'gender': 'female', 'name': {'title': 'Madame', 'first': 'Séverine', 'last': 'Renaud'}, 'location': {'street': {'number': 1204, 'name': 'Quai Charles-De-Gaulle'}, 'city': 'Wahlen', 'stat...</msg>
<var>${json_data}</var>
<arg>${response.json()}</arg>
<doc>Returns the given values which can then be assigned to a variables.</doc>
<status status="PASS" start="2024-06-13T17:13:54.054673" elapsed="0.000550"/>
</kw>
<kw name="Log" owner="BuiltIn">
<msg time="2024-06-13T17:13:54.055707" level="INFO">{'results': [{'gender': 'female', 'name': {'title': 'Madame', 'first': 'Séverine', 'last': 'Renaud'}, 'location': {'street': {'number': 1204, 'name': 'Quai Charles-De-Gaulle'}, 'city': 'Wahlen', 'state': 'Obwalden', 'country': 'Switzerland', 'postcode': 3472, 'coordinates': {'latitude': '-58.2001', 'longitude': '81.8641'}, 'timezone': {'offset': '+1:00', 'description': 'Brussels, Copenhagen, Madrid, Paris'}}, 'email': 'severine.renaud@example.com', 'login': {'uuid': 'ddd714f8-d229-4711-9e3c-f7ae784eae94', 'username': 'smallwolf538', 'password': 'clayton', 'salt': 'kkMCfgt4', 'md5': '61340f3a20e46ba389854ffe746e5715', 'sha1': 'a53975db7519375dd380241b6e96282689712fbf', 'sha256': '6f0e504219387617d30758d143af00aa8b094fbeeac5e77aa4f47f7cddb15bda'}, 'dob': {'date': '1981-06-20T16:53:14.508Z', 'age': 42}, 'registered': {'date': '2021-01-18T02:32:35.539Z', 'age': 3}, 'phone': '079 686 32 42', 'cell': '075 155 78 86', 'id': {'name': 'AVS', 'value': '756.7370.0872.57'}, 'picture': {'large': 'https://randomuser.me/api/portraits/women/47.jpg', 'medium': 'https://randomuser.me/api/portraits/med/women/47.jpg', 'thumbnail': 'https://randomuser.me/api/portraits/thumb/women/47.jpg'}, 'nat': 'CH'}], 'info': {'seed': 'f41658e3e489e6f8', 'results': 1, 'page': 1, 'version': '1.4'}}</msg>
<arg>${json_data}</arg>
<doc>Logs the given message with the given level.</doc>
<status status="PASS" start="2024-06-13T17:13:54.055540" elapsed="0.000216"/>
</kw>
<kw name="Should Be String" owner="String">
<arg>${json_data['results'][0]['gender']}</arg>
<doc>Fails if the given ``item`` is not a string.</doc>
<status status="PASS" start="2024-06-13T17:13:54.056085" elapsed="0.000371"/>
</kw>
<kw name="Should Match Regexp" owner="BuiltIn">
<arg>${json_data['results'][0]['email']}</arg>
<arg>^[a-zA-Z0-9._%+-]+@[a-zA-Z0-9.-]+\.[a-zA-Z]{2,}$</arg>
<doc>Fails if ``string`` does not match ``pattern`` as a regular expression.</doc>
<status status="PASS" start="2024-06-13T17:13:54.056689" elapsed="0.000532"/>
</kw>
<kw name="Should Match Regexp" owner="BuiltIn">
<arg>${json_data['results'][0]['dob']['date']}</arg>
<arg>\\d{4}-\\d{2}-\\d{2}T\\d{2}:\\d{2}:\\d{2}\\.\\d{3}Z</arg>
<doc>Fails if ``string`` does not match ``pattern`` as a regular expression.</doc>
<status status="PASS" start="2024-06-13T17:13:54.057420" elapsed="0.000550"/>
</kw>
<kw name="Should Match Regexp" owner="BuiltIn">
<arg>${json_data['results'][0]['registered']['date']}</arg>
<arg>\\d{4}-\\d{2}-\\d{2}T\\d{2}:\\d{2}:\\d{2}\\.\\d{3}Z</arg>
<doc>Fails if ``string`` does not match ``pattern`` as a regular expression.</doc>
<status status="PASS" start="2024-06-13T17:13:54.058170" elapsed="0.000368"/>
</kw>
<kw name="Should Match Regexp" owner="BuiltIn">
<arg>${json_data['results'][0]['picture']['large']}</arg>
<arg>^https?://.*\.(?:png|jpe?g|gif|bmp)$</arg>
<doc>Fails if ``string`` does not match ``pattern`` as a regular expression.</doc>
<status status="PASS" start="2024-06-13T17:13:54.058726" elapsed="0.000454"/>
</kw>
<kw name="Should Match Regexp" owner="BuiltIn">
<arg>${json_data['results'][0]['picture']['medium']}</arg>
<arg>^https?://.*\.(?:png|jpe?g|gif|bmp)$</arg>
<doc>Fails if ``string`` does not match ``pattern`` as a regular expression.</doc>
<status status="PASS" start="2024-06-13T17:13:54.059367" elapsed="0.000354"/>
</kw>
<kw name="Should Match Regexp" owner="BuiltIn">
<arg>${json_data['results'][0]['picture']['thumbnail']}</arg>
<arg>^https?://.*\.(?:png|jpe?g|gif|bmp)$</arg>
<doc>Fails if ``string`` does not match ``pattern`` as a regular expression.</doc>
<status status="PASS" start="2024-06-13T17:13:54.059906" elapsed="0.000398"/>
</kw>
<kw name="Log" owner="BuiltIn">
<msg time="2024-06-13T17:13:54.060825" level="INFO">{'large': 'https://randomuser.me/api/portraits/women/47.jpg', 'medium': 'https://randomuser.me/api/portraits/med/women/47.jpg', 'thumbnail': 'https://randomuser.me/api/portraits/thumb/women/47.jpg'}</msg>
<arg>${json_data['results'][0]['picture']}</arg>
<doc>Logs the given message with the given level.</doc>
<status status="PASS" start="2024-06-13T17:13:54.060488" elapsed="0.000380"/>
</kw>
<status status="PASS" start="2024-06-13T17:13:53.966241" elapsed="0.094885"/>
</kw>
<kw name="Teste de Tipos de Dados - Postcode" owner="random-user-service">
<kw name="GET On Session" owner="RequestsLibrary">
<msg time="2024-06-13T17:13:54.142875" level="INFO">GET Request : url=https://randomuser.me/api 
 path_url=/api 
 headers={'User-Agent': 'python-requests/2.32.3', 'Accept-Encoding': 'gzip, deflate', 'Accept': '*/*', 'Connection': 'keep-alive'} 
 body=None 
 </msg>
<msg time="2024-06-13T17:13:54.142965" level="INFO">GET Response : url=https://randomuser.me/api 
 status=200, reason=OK 
 headers={'Date': 'Thu, 13 Jun 2024 17:13:54 GMT', 'Content-Type': 'application/json; charset=utf-8', 'Transfer-Encoding': 'chunked', 'Connection': 'keep-alive', 'X-Powered-By': 'Express', 'Access-Control-Allow-Origin': '*', 'Cache-Control': 'no-cache', 'ETag': 'W/"488-fGBM64U+IVxY2LaYrclPqv0oqYM"', 'Vary': 'Accept-Encoding', 'Content-Encoding': 'gzip', 'CF-Cache-Status': 'DYNAMIC', 'Report-To': '{"endpoints":[{"url":"https:\\/\\/a.nel.cloudflare.com\\/report\\/v4?s=CS4%2Bn1ekuxyZoi8OPC5Fm4GTMX4qXAOGTnXPMlmNn03tuydZHpPEr0%2BP8nz6FDjq7YcPDuuZYxkzW8ZAsBEAlg%2FTyY%2Fob7mKf3Hy%2Bh9NPAXvHYh1fbRUsrXI1ak1GJXl"}],"group":"cf-nel","max_age":604800}', 'NEL': '{"success_fraction":0,"report_to":"cf-nel","max_age":604800}', 'Server': 'cloudflare', 'CF-RAY': '8933b6c0e927430d-EWR', 'alt-svc': 'h3=":443"; ma=86400'} 
 body={"results":[{"gender":"male","name":{"title":"Mr","first":"Bill","last":"Williamson"},"location":{"street":{"number":2340,"name":"Timber Wolf Trail"},"city":"Boulder","state":"Illinois","country":"United States","postcode":42975,"coordinates":{"latitude":"86.6227","longitude":"-150.2142"},"timezone":{"offset":"-3:30","description":"Newfoundland"}},"email":"bill.williamson@example.com","login":{"uuid":"1f53d135-98fc-4eac-ad96-13c0dd7a4e28","username":"organicgorilla166","password":"spartan","salt":"LF7W4OV5","md5":"2b93c7ca9d91cc09ed71a686f1a8b88e","sha1":"bf2d6f0d39d5ee9b248d40543a239bf4f01d234c","sha256":"c4c20a7c320ab0771a2ec97111956f4572ccde4f8999f69acff0570530f69f29"},"dob":{"date":"1958-01-02T11:53:42.129Z","age":66},"registered":{"date":"2017-11-14T09:35:52.280Z","age":6},"phone":"(884) 738-1558","cell":"(534) 877-4682","id":{"name":"SSN","value":"222-28-5682"},"picture":{"large":"https://randomuser.me/api/portraits/men/5.jpg","medium":"https://randomuser.me/api/portraits/med/men/5.jpg","thumbnail":"https://randomuser.me/api/portraits/thumb/men/5.jpg"},"nat":"US"}],"info":{"seed":"788a209e1b727d45","results":1,"page":1,"version":"1.4"}} 
 </msg>
<msg time="2024-06-13T17:13:54.143033" level="INFO">/opt/hostedtoolcache/Python/3.12.3/x64/lib/python3.12/site-packages/urllib3/connectionpool.py:1103: InsecureRequestWarning: Unverified HTTPS request is being made to host 'randomuser.me'. Adding certificate verification is strongly advised. See: https://urllib3.readthedocs.io/en/latest/advanced-usage.html#tls-warnings
  warnings.warn(</msg>
<msg time="2024-06-13T17:13:54.143143" level="INFO">${response} = &lt;Response [200]&gt;</msg>
<var>${response}</var>
<arg>consultarAPI</arg>
<arg>/api</arg>
<doc>Sends a GET request on a previously created HTTP Session.</doc>
<status status="PASS" start="2024-06-13T17:13:54.061589" elapsed="0.081579"/>
</kw>
<kw name="Set Variable" owner="BuiltIn">
<msg time="2024-06-13T17:13:54.144220" level="INFO">${json_data} = {'results': [{'gender': 'male', 'name': {'title': 'Mr', 'first': 'Bill', 'last': 'Williamson'}, 'location': {'street': {'number': 2340, 'name': 'Timber Wolf Trail'}, 'city': 'Boulder', 'state': 'Illin...</msg>
<var>${json_data}</var>
<arg>${response.json()}</arg>
<doc>Returns the given values which can then be assigned to a variables.</doc>
<status status="PASS" start="2024-06-13T17:13:54.143677" elapsed="0.000570"/>
</kw>
<kw name="Log" owner="BuiltIn">
<msg time="2024-06-13T17:13:54.144705" level="INFO">{'results': [{'gender': 'male', 'name': {'title': 'Mr', 'first': 'Bill', 'last': 'Williamson'}, 'location': {'street': {'number': 2340, 'name': 'Timber Wolf Trail'}, 'city': 'Boulder', 'state': 'Illinois', 'country': 'United States', 'postcode': 42975, 'coordinates': {'latitude': '86.6227', 'longitude': '-150.2142'}, 'timezone': {'offset': '-3:30', 'description': 'Newfoundland'}}, 'email': 'bill.williamson@example.com', 'login': {'uuid': '1f53d135-98fc-4eac-ad96-13c0dd7a4e28', 'username': 'organicgorilla166', 'password': 'spartan', 'salt': 'LF7W4OV5', 'md5': '2b93c7ca9d91cc09ed71a686f1a8b88e', 'sha1': 'bf2d6f0d39d5ee9b248d40543a239bf4f01d234c', 'sha256': 'c4c20a7c320ab0771a2ec97111956f4572ccde4f8999f69acff0570530f69f29'}, 'dob': {'date': '1958-01-02T11:53:42.129Z', 'age': 66}, 'registered': {'date': '2017-11-14T09:35:52.280Z', 'age': 6}, 'phone': '(884) 738-1558', 'cell': '(534) 877-4682', 'id': {'name': 'SSN', 'value': '222-28-5682'}, 'picture': {'large': 'https://randomuser.me/api/portraits/men/5.jpg', 'medium': 'https://randomuser.me/api/portraits/med/men/5.jpg', 'thumbnail': 'https://randomuser.me/api/portraits/thumb/men/5.jpg'}, 'nat': 'US'}], 'info': {'seed': '788a209e1b727d45', 'results': 1, 'page': 1, 'version': '1.4'}}</msg>
<arg>${json_data}</arg>
<doc>Logs the given message with the given level.</doc>
<status status="PASS" start="2024-06-13T17:13:54.144551" elapsed="0.000200"/>
</kw>
<kw name="Should Be Equal As Numbers" owner="BuiltIn">
<arg>${json_data['results'][0]['location']['postcode']}</arg>
<arg>${json_data['results'][0]['location']['postcode']}</arg>
<doc>Fails if objects are unequal after converting them to real numbers.</doc>
<status status="PASS" start="2024-06-13T17:13:54.145056" elapsed="0.000623"/>
</kw>
<kw name="Log" owner="BuiltIn">
<msg time="2024-06-13T17:13:54.146239" level="INFO">42975</msg>
<arg>${json_data['results'][0]['location']['postcode']}</arg>
<doc>Logs the given message with the given level.</doc>
<status status="PASS" start="2024-06-13T17:13:54.145903" elapsed="0.000375"/>
</kw>
<status status="PASS" start="2024-06-13T17:13:54.061357" elapsed="0.085178"/>
</kw>
<doc>Testa se os tipos de dados na resposta da API estão corretos.</doc>
<tag>testeTiposDados</tag>
<status status="PASS" start="2024-06-13T17:13:53.965456" elapsed="0.181252"/>
</test>
<test id="s1-s1-t5" name="Validar conteudo" line="35">
<kw name="Teste de Tipos de Conteudo" owner="random-user-service">
<kw name="GET On Session" owner="RequestsLibrary">
<msg time="2024-06-13T17:13:54.316013" level="INFO">GET Request : url=https://randomuser.me/api 
 path_url=/api 
 headers={'User-Agent': 'python-requests/2.32.3', 'Accept-Encoding': 'gzip, deflate', 'Accept': '*/*', 'Connection': 'keep-alive'} 
 body=None 
 </msg>
<msg time="2024-06-13T17:13:54.316129" level="INFO">GET Response : url=https://randomuser.me/api 
 status=200, reason=OK 
 headers={'Date': 'Thu, 13 Jun 2024 17:13:54 GMT', 'Content-Type': 'application/json; charset=utf-8', 'Transfer-Encoding': 'chunked', 'Connection': 'keep-alive', 'X-Powered-By': 'Express', 'Access-Control-Allow-Origin': '*', 'Cache-Control': 'no-cache', 'ETag': 'W/"484-ZWSr7icdA9AKSHDH/BviNekbmGo"', 'Vary': 'Accept-Encoding', 'Content-Encoding': 'gzip', 'CF-Cache-Status': 'DYNAMIC', 'Report-To': '{"endpoints":[{"url":"https:\\/\\/a.nel.cloudflare.com\\/report\\/v4?s=WGf%2F2Tq9vvHkxBeNM3d2mtWrF%2FG0ZhT7E%2Fvi0FaE86UKBO%2F%2BEuPi1Y4%2FNWhWgnXSH7Bh50G6%2F1k9Qd%2F21AoUj9aMnJREJgVfxULJ5ba0PWIzMF8GmT3zQ1D6bKitrAcW"}],"group":"cf-nel","max_age":604800}', 'NEL': '{"success_fraction":0,"report_to":"cf-nel","max_age":604800}', 'Server': 'cloudflare', 'CF-RAY': '8933b6c179de430d-EWR', 'alt-svc': 'h3=":443"; ma=86400'} 
 body={"results":[{"gender":"male","name":{"title":"Mr","first":"Vegard","last":"Ovesen"},"location":{"street":{"number":6134,"name":"Lilleveien"},"city":"Vaksdal","state":"Møre og Romsdal","country":"Norway","postcode":"7596","coordinates":{"latitude":"43.4776","longitude":"-76.7832"},"timezone":{"offset":"+1:00","description":"Brussels, Copenhagen, Madrid, Paris"}},"email":"vegard.ovesen@example.com","login":{"uuid":"fa798e64-63bd-4f2d-bda0-8df829414cc6","username":"redbear588","password":"soccer1","salt":"AmSZ8j2m","md5":"031bcfd8f6e216fcfaba184c14fc211d","sha1":"71876e7e96a122de75ce80f4619d126b2db004da","sha256":"e74cb5eb451c03be64ae99b38c88a638f4a8d6b2148362fd4d9f32aa6321cc88"},"dob":{"date":"1992-04-21T11:02:44.436Z","age":32},"registered":{"date":"2021-07-22T13:28:02.457Z","age":2},"phone":"25202773","cell":"45163543","id":{"name":"FN","value":"21049230963"},"picture":{"large":"https://randomuser.me/api/portraits/men/50.jpg","medium":"https://randomuser.me/api/portraits/med/men/50.jpg","thumbnail":"https://randomuser.me/api/portraits/thumb/men/50.jpg"},"nat":"NO"}],"info":{"seed":"7db98ccd8aa748fe","results":1,"page":1,"version":"1.4"}} 
 </msg>
<msg time="2024-06-13T17:13:54.316221" level="INFO">/opt/hostedtoolcache/Python/3.12.3/x64/lib/python3.12/site-packages/urllib3/connectionpool.py:1103: InsecureRequestWarning: Unverified HTTPS request is being made to host 'randomuser.me'. Adding certificate verification is strongly advised. See: https://urllib3.readthedocs.io/en/latest/advanced-usage.html#tls-warnings
  warnings.warn(</msg>
<msg time="2024-06-13T17:13:54.316336" level="INFO">${response} = &lt;Response [200]&gt;</msg>
<var>${response}</var>
<arg>consultarAPI</arg>
<arg>/api</arg>
<doc>Sends a GET request on a previously created HTTP Session.</doc>
<status status="PASS" start="2024-06-13T17:13:54.149342" elapsed="0.167026"/>
</kw>
<kw name="Set Variable" owner="BuiltIn">
<msg time="2024-06-13T17:13:54.317397" level="INFO">${json_data} = {'results': [{'gender': 'male', 'name': {'title': 'Mr', 'first': 'Vegard', 'last': 'Ovesen'}, 'location': {'street': {'number': 6134, 'name': 'Lilleveien'}, 'city': 'Vaksdal', 'state': 'Møre og Romsda...</msg>
<var>${json_data}</var>
<arg>${response.json()}</arg>
<doc>Returns the given values which can then be assigned to a variables.</doc>
<status status="PASS" start="2024-06-13T17:13:54.316896" elapsed="0.000530"/>
</kw>
<kw name="Set Variable" owner="BuiltIn">
<msg time="2024-06-13T17:13:54.318103" level="INFO">${name_title} = Mr</msg>
<var>${name_title}</var>
<arg>${json_data["results"][0]["name"]["title"]}</arg>
<doc>Returns the given values which can then be assigned to a variables.</doc>
<status status="PASS" start="2024-06-13T17:13:54.317730" elapsed="0.000398"/>
</kw>
<kw name="Create List" owner="BuiltIn">
<msg time="2024-06-13T17:13:54.318590" level="INFO">${allowed_titles} = ['Mr', 'Ms', 'Miss', 'Mrs', 'Madame', 'Monsieur']</msg>
<var>${allowed_titles}</var>
<arg>Mr</arg>
<arg>Ms</arg>
<arg>Miss</arg>
<arg>Mrs</arg>
<arg>Madame</arg>
<arg>Monsieur</arg>
<doc>Returns a list containing given items.</doc>
<status status="PASS" start="2024-06-13T17:13:54.318438" elapsed="0.000176"/>
</kw>
<kw name="List Should Contain Value" owner="Collections">
<arg>${allowed_titles}</arg>
<arg>${name_title}</arg>
<doc>Fails if the ``value`` is not found from ``list``.</doc>
<status status="PASS" start="2024-06-13T17:13:54.318915" elapsed="0.000174"/>
</kw>
<kw name="Set Variable" owner="BuiltIn">
<msg time="2024-06-13T17:13:54.319629" level="INFO">${name_country} = NO</msg>
<var>${name_country}</var>
<arg>${json_data["results"][0]["nat"]}</arg>
<doc>Returns the given values which can then be assigned to a variables.</doc>
<status status="PASS" start="2024-06-13T17:13:54.319267" elapsed="0.000387"/>
</kw>
<kw name="Create List" owner="BuiltIn">
<msg time="2024-06-13T17:13:54.320643" level="INFO">${list_country} = ['AD', 'AE', 'AF', 'AG', 'AI', 'AL', 'AM', 'AO', 'AQ', 'AR', 'AS', 'AT', 'AU', 'AW', 'AX', 'AZ', 'BA', 'BB', 'BD', 'BE', 'BF', 'BG', 'BH', 'BI', 'BJ', 'BL', 'BM', 'BN', 'BO', 'BQ', 'BR', 'BS', 'BT', '...</msg>
<var>${list_country}</var>
<arg>AD</arg>
<arg>AE</arg>
<arg>AF</arg>
<arg>AG</arg>
<arg>AI</arg>
<arg>AL</arg>
<arg>AM</arg>
<arg>AO</arg>
<arg>AQ</arg>
<arg>AR</arg>
<arg>AS</arg>
<arg>AT</arg>
<arg>AU</arg>
<arg>AW</arg>
<arg>AX</arg>
<arg>AZ</arg>
<arg>BA</arg>
<arg>BB</arg>
<arg>BD</arg>
<arg>BE</arg>
<arg>BF</arg>
<arg>BG</arg>
<arg>BH</arg>
<arg>BI</arg>
<arg>BJ</arg>
<arg>BL</arg>
<arg>BM</arg>
<arg>BN</arg>
<arg>BO</arg>
<arg>BQ</arg>
<arg>BR</arg>
<arg>BS</arg>
<arg>BT</arg>
<arg>BV</arg>
<arg>BW</arg>
<arg>BY</arg>
<arg>BZ</arg>
<arg>CA</arg>
<arg>CC</arg>
<arg>CD</arg>
<arg>CF</arg>
<arg>CG</arg>
<arg>CH</arg>
<arg>CI</arg>
<arg>CK</arg>
<arg>CL</arg>
<arg>CM</arg>
<arg>CN</arg>
<arg>CO</arg>
<arg>CR</arg>
<arg>CU</arg>
<arg>CV</arg>
<arg>CW</arg>
<arg>CX</arg>
<arg>CY</arg>
<arg>CZ</arg>
<arg>DE</arg>
<arg>DJ</arg>
<arg>DK</arg>
<arg>DM</arg>
<arg>DO</arg>
<arg>DZ</arg>
<arg>EC</arg>
<arg>EE</arg>
<arg>EG</arg>
<arg>EH</arg>
<arg>ER</arg>
<arg>ES</arg>
<arg>ET</arg>
<arg>FI</arg>
<arg>FJ</arg>
<arg>FK</arg>
<arg>FM</arg>
<arg>FO</arg>
<arg>FR</arg>
<arg>GA</arg>
<arg>GB</arg>
<arg>GD</arg>
<arg>GE</arg>
<arg>GF</arg>
<arg>GG</arg>
<arg>GH</arg>
<arg>GI</arg>
<arg>GL</arg>
<arg>GM</arg>
<arg>GN</arg>
<arg>GP</arg>
<arg>GQ</arg>
<arg>GR</arg>
<arg>GS</arg>
<arg>GT</arg>
<arg>GU</arg>
<arg>GW</arg>
<arg>GY</arg>
<arg>HK</arg>
<arg>HM</arg>
<arg>HN</arg>
<arg>HR</arg>
<arg>HT</arg>
<arg>HU</arg>
<arg>ID</arg>
<arg>IE</arg>
<arg>IL</arg>
<arg>IM</arg>
<arg>IN</arg>
<arg>IO</arg>
<arg>IQ</arg>
<arg>IR</arg>
<arg>IS</arg>
<arg>IT</arg>
<arg>JE</arg>
<arg>JM</arg>
<arg>JO</arg>
<arg>JP</arg>
<arg>KE</arg>
<arg>KG</arg>
<arg>KH</arg>
<arg>KI</arg>
<arg>KM</arg>
<arg>KN</arg>
<arg>KP</arg>
<arg>KR</arg>
<arg>KW</arg>
<arg>KY</arg>
<arg>KZ</arg>
<arg>LA</arg>
<arg>LB</arg>
<arg>LC</arg>
<arg>LI</arg>
<arg>LK</arg>
<arg>LR</arg>
<arg>LS</arg>
<arg>LT</arg>
<arg>LU</arg>
<arg>LV</arg>
<arg>LY</arg>
<arg>MA</arg>
<arg>MC</arg>
<arg>MD</arg>
<arg>ME</arg>
<arg>MF</arg>
<arg>MG</arg>
<arg>MH</arg>
<arg>MK</arg>
<arg>ML</arg>
<arg>MM</arg>
<arg>MN</arg>
<arg>MO</arg>
<arg>MP</arg>
<arg>MQ</arg>
<arg>MR</arg>
<arg>MS</arg>
<arg>MT</arg>
<arg>MU</arg>
<arg>MV</arg>
<arg>MW</arg>
<arg>MX</arg>
<arg>MY</arg>
<arg>MZ</arg>
<arg>NA</arg>
<arg>NC</arg>
<arg>NE</arg>
<arg>NF</arg>
<arg>NG</arg>
<arg>NI</arg>
<arg>NL</arg>
<arg>NO</arg>
<arg>NP</arg>
<arg>NR</arg>
<arg>NU</arg>
<arg>NZ</arg>
<arg>OM</arg>
<arg>PA</arg>
<arg>PE</arg>
<arg>PF</arg>
<arg>PG</arg>
<arg>PH</arg>
<arg>PK</arg>
<arg>PL</arg>
<arg>PM</arg>
<arg>PN</arg>
<arg>PR</arg>
<arg>PS</arg>
<arg>PT</arg>
<arg>PW</arg>
<arg>PY</arg>
<arg>QA</arg>
<arg>RE</arg>
<arg>RO</arg>
<arg>RS</arg>
<arg>RU</arg>
<arg>RW</arg>
<arg>SA</arg>
<arg>SB</arg>
<arg>SC</arg>
<arg>SD</arg>
<arg>SE</arg>
<arg>SG</arg>
<arg>SH</arg>
<arg>SI</arg>
<arg>SJ</arg>
<arg>SK</arg>
<arg>SL</arg>
<arg>SM</arg>
<arg>SN</arg>
<arg>SO</arg>
<arg>SR</arg>
<arg>SS</arg>
<arg>ST</arg>
<arg>SV</arg>
<arg>SX</arg>
<arg>SY</arg>
<arg>SZ</arg>
<arg>TC</arg>
<arg>TD</arg>
<arg>TF</arg>
<arg>TG</arg>
<arg>TH</arg>
<arg>TJ</arg>
<arg>TK</arg>
<arg>TL</arg>
<arg>TM</arg>
<arg>TN</arg>
<arg>TO</arg>
<arg>TR</arg>
<arg>TT</arg>
<arg>TV</arg>
<arg>TW</arg>
<arg>TZ</arg>
<arg>UA</arg>
<arg>UG</arg>
<arg>UM</arg>
<arg>US</arg>
<arg>UY</arg>
<arg>UZ</arg>
<arg>VA</arg>
<arg>VC</arg>
<arg>VE</arg>
<arg>VG</arg>
<arg>VI</arg>
<arg>VN</arg>
<arg>VU</arg>
<arg>WF</arg>
<arg>WS</arg>
<arg>XK</arg>
<arg>YE</arg>
<arg>YT</arg>
<arg>ZA</arg>
<arg>ZM</arg>
<arg>ZW</arg>
<doc>Returns a list containing given items.</doc>
<status status="PASS" start="2024-06-13T17:13:54.319954" elapsed="0.000717"/>
</kw>
<kw name="List Should Contain Value" owner="Collections">
<arg>${list_country}</arg>
<arg>${name_country}</arg>
<doc>Fails if the ``value`` is not found from ``list``.</doc>
<status status="PASS" start="2024-06-13T17:13:54.321495" elapsed="0.000208"/>
</kw>
<kw name="Run Keyword If" owner="BuiltIn">
<kw name="Should Be True" owner="BuiltIn">
<arg>${True}</arg>
<doc>Fails if the given condition is not true.</doc>
<status status="PASS" start="2024-06-13T17:13:54.322628" elapsed="0.000144"/>
</kw>
<arg>${json_data["results"][0]["location"]["coordinates"]["latitude"]} &gt;= -90 and ${json_data["results"][0]["location"]["coordinates"]["latitude"]} &lt;= 90</arg>
<arg>Should Be True</arg>
<arg>${True}</arg>
<doc>Runs the given keyword with the given arguments, if ``condition`` is true.</doc>
<status status="PASS" start="2024-06-13T17:13:54.321900" elapsed="0.000998"/>
</kw>
<kw name="Run Keyword If" owner="BuiltIn">
<kw name="Should Be True" owner="BuiltIn">
<arg>${True}</arg>
<doc>Fails if the given condition is not true.</doc>
<status status="PASS" start="2024-06-13T17:13:54.323761" elapsed="0.000139"/>
</kw>
<arg>${json_data["results"][0]["location"]["coordinates"]["longitude"]} &gt;= -180 and ${json_data["results"][0]["location"]["coordinates"]["longitude"]} &lt;= 180</arg>
<arg>Should Be True</arg>
<arg>${True}</arg>
<doc>Runs the given keyword with the given arguments, if ``condition`` is true.</doc>
<status status="PASS" start="2024-06-13T17:13:54.323078" elapsed="0.000976"/>
</kw>
<status status="PASS" start="2024-06-13T17:13:54.148951" elapsed="0.175241"/>
</kw>
<doc>Testa o conteúdo específico dos campos retornados pela API.</doc>
<tag>testeConteudo</tag>
<status status="PASS" start="2024-06-13T17:13:54.148490" elapsed="0.175858"/>
</test>
<status status="PASS" start="2024-06-13T17:13:53.434847" elapsed="0.891419"/>
</suite>
<status status="PASS" start="2024-06-13T17:13:53.420969" elapsed="0.910479"/>
</suite>
<statistics>
<total>
<stat pass="5" fail="0" skip="0">All Tests</stat>
</total>
<tag>
<stat pass="1" fail="0" skip="0">testeConteudo</stat>
<stat pass="1" fail="0" skip="0">testeEstruturaResposta</stat>
<stat pass="1" fail="0" skip="0">testeRequisicaoBasica</stat>
<stat pass="1" fail="0" skip="0">testeTiposDados</stat>
</tag>
<suite>
<stat pass="5" fail="0" skip="0" id="s1" name="Tests">Tests</stat>
<stat pass="5" fail="0" skip="0" id="s1-s1" name="Random-User-Test">Tests.Random-User-Test</stat>
</suite>
</statistics>
<errors>
</errors>
</robot>
