<?xml version="1.0" encoding="UTF-8"?>
<robot generator="Robot 7.0.1 (Python 3.12.4 on linux)" generated="2024-07-08T16:19:24.421936" rpa="false" schemaversion="5">
<suite id="s1" name="Tests" source="/home/runner/work/ApiRandomUser/ApiRandomUser/RamdonUser/tests">
<suite id="s1-s1" name="Random-User-Test" source="/home/runner/work/ApiRandomUser/ApiRandomUser/RamdonUser/tests/random-user-test.robot">
<test id="s1-s1-t1" name="Conectar" line="13">
<kw name="Conectar API" owner="random-user-service">
<kw name="Create Session" owner="RequestsLibrary">
<msg time="2024-07-08T16:19:24.836389" level="INFO">Creating Session using : alias=consultarAPI, url=https://randomuser.me/, headers={},                     cookies={}, auth=None, timeout=None, proxies=None, verify=False,                     debug=0 </msg>
<arg>consultarAPI</arg>
<arg>${URL}</arg>
<doc>Create Session: create a HTTP session to a server</doc>
<status status="PASS" start="2024-07-08T16:19:24.836188" elapsed="0.000395"/>
</kw>
<status status="PASS" start="2024-07-08T16:19:24.835219" elapsed="0.001721"/>
</kw>
<status status="PASS" start="2024-07-08T16:19:24.834597" elapsed="0.002535"/>
</test>
<test id="s1-s1-t2" name="Validar retorno 200 e JSON Válido" line="16">
<kw name="Teste de Requisicao Basica" owner="random-user-service">
<kw name="GET On Session" owner="RequestsLibrary">
<msg time="2024-07-08T16:19:25.040378" level="INFO">GET Request : url=https://randomuser.me/api 
 path_url=/api 
 headers={'User-Agent': 'python-requests/2.32.3', 'Accept-Encoding': 'gzip, deflate', 'Accept': '*/*', 'Connection': 'keep-alive'} 
 body=None 
 </msg>
<msg time="2024-07-08T16:19:25.040553" level="INFO">GET Response : url=https://randomuser.me/api 
 status=200, reason=OK 
 headers={'Date': 'Mon, 08 Jul 2024 16:19:25 GMT', 'Content-Type': 'application/json; charset=utf-8', 'Transfer-Encoding': 'chunked', 'Connection': 'keep-alive', 'X-Powered-By': 'Express', 'Access-Control-Allow-Origin': '*', 'Cache-Control': 'no-cache', 'ETag': 'W/"486-8lwzHnkfS9UIgM2KzBHkXnULA8M"', 'Vary': 'Accept-Encoding', 'Content-Encoding': 'gzip', 'CF-Cache-Status': 'DYNAMIC', 'Report-To': '{"endpoints":[{"url":"https:\\/\\/a.nel.cloudflare.com\\/report\\/v4?s=4rRPnRqW2v%2BZVtmaDmQYS8sbf6%2B4Y8VOFpGxS3vgeaujGLRsrQ5YObj2rurQ7ezKCqrCE34pRbQyim2eU6xS4OPn4G0mAhz9iZLlhF0hmzgoBfoqurx500iTxxNs4wJz"}],"group":"cf-nel","max_age":604800}', 'NEL': '{"success_fraction":0,"report_to":"cf-nel","max_age":604800}', 'Server': 'cloudflare', 'CF-RAY': '8a0165509d4e2f0e-LAX', 'alt-svc': 'h3=":443"; ma=86400'} 
 body={"results":[{"gender":"female","name":{"title":"Ms","first":"Brooklyn","last":"King"},"location":{"street":{"number":5299,"name":"Great North Road"},"city":"Taupo","state":"Canterbury","country":"New Zealand","postcode":44128,"coordinates":{"latitude":"52.0867","longitude":"176.8651"},"timezone":{"offset":"+6:00","description":"Almaty, Dhaka, Colombo"}},"email":"brooklyn.king@example.com","login":{"uuid":"26dc85b2-6da3-469a-a0ff-0555d2af1fd8","username":"yellowbear421","password":"warlord","salt":"YPmAKQ6b","md5":"2f2470845966db4a96113c3e7dcf4880","sha1":"f10894e8d3348804e5f73bd02849ca3298d514b6","sha256":"b2fc1b45fe1a8be01d18d84bcd33a81e7b611fbe41f16e758a687bfac7ec9224"},"dob":{"date":"1962-08-16T15:29:52.643Z","age":61},"registered":{"date":"2008-10-28T06:04:14.260Z","age":15},"phone":"(169)-198-5718","cell":"(623)-203-4226","id":{"name":"","value":null},"picture":{"large":"https://randomuser.me/api/portraits/women/80.jpg","medium":"https://randomuser.me/api/portraits/med/women/80.jpg","thumbnail":"https://randomuser.me/api/portraits/thumb/women/80.jpg"},"nat":"NZ"}],"info":{"seed":"dbf7578520d7c6d0","results":1,"page":1,"version":"1.4"}} 
 </msg>
<msg time="2024-07-08T16:19:25.040667" level="INFO">/opt/hostedtoolcache/Python/3.12.4/x64/lib/python3.12/site-packages/urllib3/connectionpool.py:1099: InsecureRequestWarning: Unverified HTTPS request is being made to host 'randomuser.me'. Adding certificate verification is strongly advised. See: https://urllib3.readthedocs.io/en/latest/advanced-usage.html#tls-warnings
  warnings.warn(</msg>
<msg time="2024-07-08T16:19:25.040824" level="INFO">${response} = &lt;Response [200]&gt;</msg>
<var>${response}</var>
<arg>consultarAPI</arg>
<arg>/api</arg>
<doc>Sends a GET request on a previously created HTTP Session.</doc>
<status status="PASS" start="2024-07-08T16:19:24.839804" elapsed="0.201062"/>
</kw>
<kw name="Should Be Equal As Numbers" owner="BuiltIn">
<msg time="2024-07-08T16:19:25.042039" level="INFO">Argument types are:
&lt;class 'int'&gt;
&lt;class 'str'&gt;</msg>
<arg>${response.status_code}</arg>
<arg>200</arg>
<doc>Fails if objects are unequal after converting them to real numbers.</doc>
<status status="PASS" start="2024-07-08T16:19:25.041522" elapsed="0.000595"/>
</kw>
<kw name="Log" owner="BuiltIn">
<msg time="2024-07-08T16:19:25.042811" level="INFO">200</msg>
<arg>${response.status_code}</arg>
<doc>Logs the given message with the given level.</doc>
<status status="PASS" start="2024-07-08T16:19:25.042443" elapsed="0.000412"/>
</kw>
<kw name="Set Variable" owner="BuiltIn">
<msg time="2024-07-08T16:19:25.043603" level="INFO">${json_data} = {'results': [{'gender': 'female', 'name': {'title': 'Ms', 'first': 'Brooklyn', 'last': 'King'}, 'location': {'street': {'number': 5299, 'name': 'Great North Road'}, 'city': 'Taupo', 'state': 'Canterbu...</msg>
<var>${json_data}</var>
<arg>${response.json()}</arg>
<doc>Returns the given values which can then be assigned to a variables.</doc>
<status status="PASS" start="2024-07-08T16:19:25.043170" elapsed="0.000461"/>
</kw>
<kw name="Dictionary Should Contain Key" owner="Collections">
<arg>${json_data}</arg>
<arg>results</arg>
<doc>Fails if ``key`` is not found from ``dictionary``.</doc>
<status status="PASS" start="2024-07-08T16:19:25.043931" elapsed="0.000165"/>
</kw>
<status status="PASS" start="2024-07-08T16:19:24.839560" elapsed="0.204690"/>
</kw>
<doc>Testa se a API responde corretamente e retorna um objeto JSON válido.</doc>
<tag>testeRequisicaoBasica</tag>
<status status="PASS" start="2024-07-08T16:19:24.839047" elapsed="0.205380"/>
</test>
<test id="s1-s1-t3" name="Validar estrutura de resposta" line="22">
<kw name="Teste de Estrutura de Resposta" owner="random-user-service">
<kw name="GET On Session" owner="RequestsLibrary">
<msg time="2024-07-08T16:19:25.153734" level="INFO">GET Request : url=https://randomuser.me/api 
 path_url=/api 
 headers={'User-Agent': 'python-requests/2.32.3', 'Accept-Encoding': 'gzip, deflate', 'Accept': '*/*', 'Connection': 'keep-alive'} 
 body=None 
 </msg>
<msg time="2024-07-08T16:19:25.153864" level="INFO">GET Response : url=https://randomuser.me/api 
 status=200, reason=OK 
 headers={'Date': 'Mon, 08 Jul 2024 16:19:25 GMT', 'Content-Type': 'application/json; charset=utf-8', 'Transfer-Encoding': 'chunked', 'Connection': 'keep-alive', 'X-Powered-By': 'Express', 'Access-Control-Allow-Origin': '*', 'Cache-Control': 'no-cache', 'ETag': 'W/"493-oLBuNbr+lR29fYkkQuCSRn54AT8"', 'Vary': 'Accept-Encoding', 'Content-Encoding': 'gzip', 'CF-Cache-Status': 'DYNAMIC', 'Report-To': '{"endpoints":[{"url":"https:\\/\\/a.nel.cloudflare.com\\/report\\/v4?s=QqjtQjuGjJV1ebCfYR0KCGLjZajrjcBtigv2O%2BywpnPSFFBP%2Fk7TH2myjIb2QxIa8fnOhc9IV0ZGwDA3MTWdD776JIRq4IuYkiLRvBpTmKZB3C703LsTZzgyPdCMr7Uy"}],"group":"cf-nel","max_age":604800}', 'NEL': '{"success_fraction":0,"report_to":"cf-nel","max_age":604800}', 'Server': 'cloudflare', 'CF-RAY': '8a0165519e902f0e-LAX', 'alt-svc': 'h3=":443"; ma=86400'} 
 body={"results":[{"gender":"male","name":{"title":"Mr","first":"Mahé","last":"Olivier"},"location":{"street":{"number":3622,"name":"Rue Jean-Baldassini"},"city":"Strasbourg","state":"Dordogne","country":"France","postcode":10551,"coordinates":{"latitude":"-20.6360","longitude":"-127.6208"},"timezone":{"offset":"-12:00","description":"Eniwetok, Kwajalein"}},"email":"mahe.olivier@example.com","login":{"uuid":"9c05ed30-72ee-4360-92a8-38d5dd6503cb","username":"purpleleopard319","password":"belinda","salt":"Ck65oxbL","md5":"ceff31798d554cf6cca3a9d284cb82c9","sha1":"4e55de18b4c8e2098fd1bd7dab0ef205ba663950","sha256":"5a085ab25aa97889042e076d8b1b63757242d23cd4f0d4af854cac144ddde96c"},"dob":{"date":"1975-12-10T04:10:33.507Z","age":48},"registered":{"date":"2019-07-27T09:34:36.138Z","age":4},"phone":"05-84-30-27-72","cell":"06-41-23-48-13","id":{"name":"INSEE","value":"1751115114386 97"},"picture":{"large":"https://randomuser.me/api/portraits/men/33.jpg","medium":"https://randomuser.me/api/portraits/med/men/33.jpg","thumbnail":"https://randomuser.me/api/portraits/thumb/men/33.jpg"},"nat":"FR"}],"info":{"seed":"7c16e53855a88009","results":1,"page":1,"version":"1.4"}} 
 </msg>
<msg time="2024-07-08T16:19:25.154042" level="INFO">/opt/hostedtoolcache/Python/3.12.4/x64/lib/python3.12/site-packages/urllib3/connectionpool.py:1099: InsecureRequestWarning: Unverified HTTPS request is being made to host 'randomuser.me'. Adding certificate verification is strongly advised. See: https://urllib3.readthedocs.io/en/latest/advanced-usage.html#tls-warnings
  warnings.warn(</msg>
<msg time="2024-07-08T16:19:25.154180" level="INFO">${response} = &lt;Response [200]&gt;</msg>
<var>${response}</var>
<arg>consultarAPI</arg>
<arg>/api</arg>
<doc>Sends a GET request on a previously created HTTP Session.</doc>
<status status="PASS" start="2024-07-08T16:19:25.047199" elapsed="0.107026"/>
</kw>
<kw name="Set Variable" owner="BuiltIn">
<msg time="2024-07-08T16:19:25.155443" level="INFO">${json_data} = {'results': [{'gender': 'male', 'name': {'title': 'Mr', 'first': 'Mahé', 'last': 'Olivier'}, 'location': {'street': {'number': 3622, 'name': 'Rue Jean-Baldassini'}, 'city': 'Strasbourg', 'state': 'Dor...</msg>
<var>${json_data}</var>
<arg>${response.json()}</arg>
<doc>Returns the given values which can then be assigned to a variables.</doc>
<status status="PASS" start="2024-07-08T16:19:25.154869" elapsed="0.000605"/>
</kw>
<kw name="Log" owner="BuiltIn">
<msg time="2024-07-08T16:19:25.155961" level="INFO">{'results': [{'gender': 'male', 'name': {'title': 'Mr', 'first': 'Mahé', 'last': 'Olivier'}, 'location': {'street': {'number': 3622, 'name': 'Rue Jean-Baldassini'}, 'city': 'Strasbourg', 'state': 'Dordogne', 'country': 'France', 'postcode': 10551, 'coordinates': {'latitude': '-20.6360', 'longitude': '-127.6208'}, 'timezone': {'offset': '-12:00', 'description': 'Eniwetok, Kwajalein'}}, 'email': 'mahe.olivier@example.com', 'login': {'uuid': '9c05ed30-72ee-4360-92a8-38d5dd6503cb', 'username': 'purpleleopard319', 'password': 'belinda', 'salt': 'Ck65oxbL', 'md5': 'ceff31798d554cf6cca3a9d284cb82c9', 'sha1': '4e55de18b4c8e2098fd1bd7dab0ef205ba663950', 'sha256': '5a085ab25aa97889042e076d8b1b63757242d23cd4f0d4af854cac144ddde96c'}, 'dob': {'date': '1975-12-10T04:10:33.507Z', 'age': 48}, 'registered': {'date': '2019-07-27T09:34:36.138Z', 'age': 4}, 'phone': '05-84-30-27-72', 'cell': '06-41-23-48-13', 'id': {'name': 'INSEE', 'value': '1751115114386 97'}, 'picture': {'large': 'https://randomuser.me/api/portraits/men/33.jpg', 'medium': 'https://randomuser.me/api/portraits/med/men/33.jpg', 'thumbnail': 'https://randomuser.me/api/portraits/thumb/men/33.jpg'}, 'nat': 'FR'}], 'info': {'seed': '7c16e53855a88009', 'results': 1, 'page': 1, 'version': '1.4'}}</msg>
<arg>${json_data}</arg>
<doc>Logs the given message with the given level.</doc>
<status status="PASS" start="2024-07-08T16:19:25.155795" elapsed="0.000216"/>
</kw>
<kw name="Dictionary Should Contain Key" owner="Collections">
<arg>${json_data}</arg>
<arg>results</arg>
<doc>Fails if ``key`` is not found from ``dictionary``.</doc>
<status status="PASS" start="2024-07-08T16:19:25.156309" elapsed="0.000160"/>
</kw>
<kw name="Should Not Be Empty" owner="BuiltIn">
<msg time="2024-07-08T16:19:25.156787" level="INFO">Length is 2.</msg>
<arg>${json_data}</arg>
<doc>Verifies that the given item is not empty.</doc>
<status status="PASS" start="2024-07-08T16:19:25.156654" elapsed="0.000172"/>
</kw>
<kw name="Create List" owner="BuiltIn">
<msg time="2024-07-08T16:19:25.157442" level="INFO">${expected_keys} = ['gender', 'name', 'location', 'email', 'login']</msg>
<var>${expected_keys}</var>
<arg>gender</arg>
<arg>name</arg>
<arg>location</arg>
<arg>email</arg>
<arg>login</arg>
<doc>Returns a list containing given items.</doc>
<status status="PASS" start="2024-07-08T16:19:25.157124" elapsed="0.000343"/>
</kw>
<for flavor="IN">
<iter>
<kw name="Dictionary Should Contain Key" owner="Collections">
<arg>${json_data['results'][0]}</arg>
<arg>${key}</arg>
<doc>Fails if ``key`` is not found from ``dictionary``.</doc>
<status status="PASS" start="2024-07-08T16:19:25.158091" elapsed="0.000414"/>
</kw>
<kw name="Log" owner="BuiltIn">
<msg time="2024-07-08T16:19:25.159066" level="INFO">{'gender': 'male', 'name': {'title': 'Mr', 'first': 'Mahé', 'last': 'Olivier'}, 'location': {'street': {'number': 3622, 'name': 'Rue Jean-Baldassini'}, 'city': 'Strasbourg', 'state': 'Dordogne', 'country': 'France', 'postcode': 10551, 'coordinates': {'latitude': '-20.6360', 'longitude': '-127.6208'}, 'timezone': {'offset': '-12:00', 'description': 'Eniwetok, Kwajalein'}}, 'email': 'mahe.olivier@example.com', 'login': {'uuid': '9c05ed30-72ee-4360-92a8-38d5dd6503cb', 'username': 'purpleleopard319', 'password': 'belinda', 'salt': 'Ck65oxbL', 'md5': 'ceff31798d554cf6cca3a9d284cb82c9', 'sha1': '4e55de18b4c8e2098fd1bd7dab0ef205ba663950', 'sha256': '5a085ab25aa97889042e076d8b1b63757242d23cd4f0d4af854cac144ddde96c'}, 'dob': {'date': '1975-12-10T04:10:33.507Z', 'age': 48}, 'registered': {'date': '2019-07-27T09:34:36.138Z', 'age': 4}, 'phone': '05-84-30-27-72', 'cell': '06-41-23-48-13', 'id': {'name': 'INSEE', 'value': '1751115114386 97'}, 'picture': {'large': 'https://randomuser.me/api/portraits/men/33.jpg', 'medium': 'https://randomuser.me/api/portraits/med/men/33.jpg', 'thumbnail': 'https://randomuser.me/api/portraits/thumb/men/33.jpg'}, 'nat': 'FR'}</msg>
<arg>${json_data['results'][0]}</arg>
<doc>Logs the given message with the given level.</doc>
<status status="PASS" start="2024-07-08T16:19:25.158701" elapsed="0.000425"/>
</kw>
<kw name="Log" owner="BuiltIn">
<msg time="2024-07-08T16:19:25.159554" level="INFO">gender</msg>
<arg>${key}</arg>
<doc>Logs the given message with the given level.</doc>
<status status="PASS" start="2024-07-08T16:19:25.159425" elapsed="0.000168"/>
</kw>
<var name="${key}">gender</var>
<status status="PASS" start="2024-07-08T16:19:25.157937" elapsed="0.001874"/>
</iter>
<iter>
<kw name="Dictionary Should Contain Key" owner="Collections">
<arg>${json_data['results'][0]}</arg>
<arg>${key}</arg>
<doc>Fails if ``key`` is not found from ``dictionary``.</doc>
<status status="PASS" start="2024-07-08T16:19:25.160114" elapsed="0.000400"/>
</kw>
<kw name="Log" owner="BuiltIn">
<msg time="2024-07-08T16:19:25.161054" level="INFO">{'gender': 'male', 'name': {'title': 'Mr', 'first': 'Mahé', 'last': 'Olivier'}, 'location': {'street': {'number': 3622, 'name': 'Rue Jean-Baldassini'}, 'city': 'Strasbourg', 'state': 'Dordogne', 'country': 'France', 'postcode': 10551, 'coordinates': {'latitude': '-20.6360', 'longitude': '-127.6208'}, 'timezone': {'offset': '-12:00', 'description': 'Eniwetok, Kwajalein'}}, 'email': 'mahe.olivier@example.com', 'login': {'uuid': '9c05ed30-72ee-4360-92a8-38d5dd6503cb', 'username': 'purpleleopard319', 'password': 'belinda', 'salt': 'Ck65oxbL', 'md5': 'ceff31798d554cf6cca3a9d284cb82c9', 'sha1': '4e55de18b4c8e2098fd1bd7dab0ef205ba663950', 'sha256': '5a085ab25aa97889042e076d8b1b63757242d23cd4f0d4af854cac144ddde96c'}, 'dob': {'date': '1975-12-10T04:10:33.507Z', 'age': 48}, 'registered': {'date': '2019-07-27T09:34:36.138Z', 'age': 4}, 'phone': '05-84-30-27-72', 'cell': '06-41-23-48-13', 'id': {'name': 'INSEE', 'value': '1751115114386 97'}, 'picture': {'large': 'https://randomuser.me/api/portraits/men/33.jpg', 'medium': 'https://randomuser.me/api/portraits/med/men/33.jpg', 'thumbnail': 'https://randomuser.me/api/portraits/thumb/men/33.jpg'}, 'nat': 'FR'}</msg>
<arg>${json_data['results'][0]}</arg>
<doc>Logs the given message with the given level.</doc>
<status status="PASS" start="2024-07-08T16:19:25.160701" elapsed="0.000444"/>
</kw>
<kw name="Log" owner="BuiltIn">
<msg time="2024-07-08T16:19:25.161577" level="INFO">name</msg>
<arg>${key}</arg>
<doc>Logs the given message with the given level.</doc>
<status status="PASS" start="2024-07-08T16:19:25.161448" elapsed="0.000166"/>
</kw>
<var name="${key}">name</var>
<status status="PASS" start="2024-07-08T16:19:25.159998" elapsed="0.001835"/>
</iter>
<iter>
<kw name="Dictionary Should Contain Key" owner="Collections">
<arg>${json_data['results'][0]}</arg>
<arg>${key}</arg>
<doc>Fails if ``key`` is not found from ``dictionary``.</doc>
<status status="PASS" start="2024-07-08T16:19:25.162153" elapsed="0.000383"/>
</kw>
<kw name="Log" owner="BuiltIn">
<msg time="2024-07-08T16:19:25.163070" level="INFO">{'gender': 'male', 'name': {'title': 'Mr', 'first': 'Mahé', 'last': 'Olivier'}, 'location': {'street': {'number': 3622, 'name': 'Rue Jean-Baldassini'}, 'city': 'Strasbourg', 'state': 'Dordogne', 'country': 'France', 'postcode': 10551, 'coordinates': {'latitude': '-20.6360', 'longitude': '-127.6208'}, 'timezone': {'offset': '-12:00', 'description': 'Eniwetok, Kwajalein'}}, 'email': 'mahe.olivier@example.com', 'login': {'uuid': '9c05ed30-72ee-4360-92a8-38d5dd6503cb', 'username': 'purpleleopard319', 'password': 'belinda', 'salt': 'Ck65oxbL', 'md5': 'ceff31798d554cf6cca3a9d284cb82c9', 'sha1': '4e55de18b4c8e2098fd1bd7dab0ef205ba663950', 'sha256': '5a085ab25aa97889042e076d8b1b63757242d23cd4f0d4af854cac144ddde96c'}, 'dob': {'date': '1975-12-10T04:10:33.507Z', 'age': 48}, 'registered': {'date': '2019-07-27T09:34:36.138Z', 'age': 4}, 'phone': '05-84-30-27-72', 'cell': '06-41-23-48-13', 'id': {'name': 'INSEE', 'value': '1751115114386 97'}, 'picture': {'large': 'https://randomuser.me/api/portraits/men/33.jpg', 'medium': 'https://randomuser.me/api/portraits/med/men/33.jpg', 'thumbnail': 'https://randomuser.me/api/portraits/thumb/men/33.jpg'}, 'nat': 'FR'}</msg>
<arg>${json_data['results'][0]}</arg>
<doc>Logs the given message with the given level.</doc>
<status status="PASS" start="2024-07-08T16:19:25.162720" elapsed="0.000399"/>
</kw>
<kw name="Log" owner="BuiltIn">
<msg time="2024-07-08T16:19:25.163548" level="INFO">location</msg>
<arg>${key}</arg>
<doc>Logs the given message with the given level.</doc>
<status status="PASS" start="2024-07-08T16:19:25.163420" elapsed="0.000164"/>
</kw>
<var name="${key}">location</var>
<status status="PASS" start="2024-07-08T16:19:25.162039" elapsed="0.001762"/>
</iter>
<iter>
<kw name="Dictionary Should Contain Key" owner="Collections">
<arg>${json_data['results'][0]}</arg>
<arg>${key}</arg>
<doc>Fails if ``key`` is not found from ``dictionary``.</doc>
<status status="PASS" start="2024-07-08T16:19:25.164081" elapsed="0.000388"/>
</kw>
<kw name="Log" owner="BuiltIn">
<msg time="2024-07-08T16:19:25.165003" level="INFO">{'gender': 'male', 'name': {'title': 'Mr', 'first': 'Mahé', 'last': 'Olivier'}, 'location': {'street': {'number': 3622, 'name': 'Rue Jean-Baldassini'}, 'city': 'Strasbourg', 'state': 'Dordogne', 'country': 'France', 'postcode': 10551, 'coordinates': {'latitude': '-20.6360', 'longitude': '-127.6208'}, 'timezone': {'offset': '-12:00', 'description': 'Eniwetok, Kwajalein'}}, 'email': 'mahe.olivier@example.com', 'login': {'uuid': '9c05ed30-72ee-4360-92a8-38d5dd6503cb', 'username': 'purpleleopard319', 'password': 'belinda', 'salt': 'Ck65oxbL', 'md5': 'ceff31798d554cf6cca3a9d284cb82c9', 'sha1': '4e55de18b4c8e2098fd1bd7dab0ef205ba663950', 'sha256': '5a085ab25aa97889042e076d8b1b63757242d23cd4f0d4af854cac144ddde96c'}, 'dob': {'date': '1975-12-10T04:10:33.507Z', 'age': 48}, 'registered': {'date': '2019-07-27T09:34:36.138Z', 'age': 4}, 'phone': '05-84-30-27-72', 'cell': '06-41-23-48-13', 'id': {'name': 'INSEE', 'value': '1751115114386 97'}, 'picture': {'large': 'https://randomuser.me/api/portraits/men/33.jpg', 'medium': 'https://randomuser.me/api/portraits/med/men/33.jpg', 'thumbnail': 'https://randomuser.me/api/portraits/thumb/men/33.jpg'}, 'nat': 'FR'}</msg>
<arg>${json_data['results'][0]}</arg>
<doc>Logs the given message with the given level.</doc>
<status status="PASS" start="2024-07-08T16:19:25.164652" elapsed="0.000401"/>
</kw>
<kw name="Log" owner="BuiltIn">
<msg time="2024-07-08T16:19:25.165478" level="INFO">email</msg>
<arg>${key}</arg>
<doc>Logs the given message with the given level.</doc>
<status status="PASS" start="2024-07-08T16:19:25.165353" elapsed="0.000163"/>
</kw>
<var name="${key}">email</var>
<status status="PASS" start="2024-07-08T16:19:25.163974" elapsed="0.001762"/>
</iter>
<iter>
<kw name="Dictionary Should Contain Key" owner="Collections">
<arg>${json_data['results'][0]}</arg>
<arg>${key}</arg>
<doc>Fails if ``key`` is not found from ``dictionary``.</doc>
<status status="PASS" start="2024-07-08T16:19:25.166048" elapsed="0.000396"/>
</kw>
<kw name="Log" owner="BuiltIn">
<msg time="2024-07-08T16:19:25.166986" level="INFO">{'gender': 'male', 'name': {'title': 'Mr', 'first': 'Mahé', 'last': 'Olivier'}, 'location': {'street': {'number': 3622, 'name': 'Rue Jean-Baldassini'}, 'city': 'Strasbourg', 'state': 'Dordogne', 'country': 'France', 'postcode': 10551, 'coordinates': {'latitude': '-20.6360', 'longitude': '-127.6208'}, 'timezone': {'offset': '-12:00', 'description': 'Eniwetok, Kwajalein'}}, 'email': 'mahe.olivier@example.com', 'login': {'uuid': '9c05ed30-72ee-4360-92a8-38d5dd6503cb', 'username': 'purpleleopard319', 'password': 'belinda', 'salt': 'Ck65oxbL', 'md5': 'ceff31798d554cf6cca3a9d284cb82c9', 'sha1': '4e55de18b4c8e2098fd1bd7dab0ef205ba663950', 'sha256': '5a085ab25aa97889042e076d8b1b63757242d23cd4f0d4af854cac144ddde96c'}, 'dob': {'date': '1975-12-10T04:10:33.507Z', 'age': 48}, 'registered': {'date': '2019-07-27T09:34:36.138Z', 'age': 4}, 'phone': '05-84-30-27-72', 'cell': '06-41-23-48-13', 'id': {'name': 'INSEE', 'value': '1751115114386 97'}, 'picture': {'large': 'https://randomuser.me/api/portraits/men/33.jpg', 'medium': 'https://randomuser.me/api/portraits/med/men/33.jpg', 'thumbnail': 'https://randomuser.me/api/portraits/thumb/men/33.jpg'}, 'nat': 'FR'}</msg>
<arg>${json_data['results'][0]}</arg>
<doc>Logs the given message with the given level.</doc>
<status status="PASS" start="2024-07-08T16:19:25.166628" elapsed="0.000409"/>
</kw>
<kw name="Log" owner="BuiltIn">
<msg time="2024-07-08T16:19:25.167459" level="INFO">login</msg>
<arg>${key}</arg>
<doc>Logs the given message with the given level.</doc>
<status status="PASS" start="2024-07-08T16:19:25.167332" elapsed="0.000165"/>
</kw>
<var name="${key}">login</var>
<status status="PASS" start="2024-07-08T16:19:25.165909" elapsed="0.001803"/>
</iter>
<var>${key}</var>
<value>@{expected_keys}</value>
<status status="PASS" start="2024-07-08T16:19:25.157736" elapsed="0.010098"/>
</for>
<kw name="Create List" owner="BuiltIn">
<msg time="2024-07-08T16:19:25.168163" level="INFO">${expected_keysTwo} = ['username', 'password']</msg>
<var>${expected_keysTwo}</var>
<arg>username</arg>
<arg>password</arg>
<doc>Returns a list containing given items.</doc>
<status status="PASS" start="2024-07-08T16:19:25.168024" elapsed="0.000191"/>
</kw>
<for flavor="IN">
<iter>
<kw name="Dictionary Should Contain Key" owner="Collections">
<arg>${json_data['results'][0]['login']}</arg>
<arg>${keyTwo}</arg>
<doc>Fails if ``key`` is not found from ``dictionary``.</doc>
<status status="PASS" start="2024-07-08T16:19:25.168730" elapsed="0.000382"/>
</kw>
<kw name="Dictionary Should Contain Key" owner="Collections">
<arg>${json_data['results'][0]['login']}</arg>
<arg>${keyTwo}</arg>
<doc>Fails if ``key`` is not found from ``dictionary``.</doc>
<status status="PASS" start="2024-07-08T16:19:25.169293" elapsed="0.000382"/>
</kw>
<kw name="Log" owner="BuiltIn">
<msg time="2024-07-08T16:19:25.169978" level="INFO">username</msg>
<arg>${keyTwo}</arg>
<doc>Logs the given message with the given level.</doc>
<status status="PASS" start="2024-07-08T16:19:25.169858" elapsed="0.000188"/>
</kw>
<var name="${keyTwo}">username</var>
<status status="PASS" start="2024-07-08T16:19:25.168621" elapsed="0.001659"/>
</iter>
<iter>
<kw name="Dictionary Should Contain Key" owner="Collections">
<arg>${json_data['results'][0]['login']}</arg>
<arg>${keyTwo}</arg>
<doc>Fails if ``key`` is not found from ``dictionary``.</doc>
<status status="PASS" start="2024-07-08T16:19:25.170554" elapsed="0.000384"/>
</kw>
<kw name="Dictionary Should Contain Key" owner="Collections">
<arg>${json_data['results'][0]['login']}</arg>
<arg>${keyTwo}</arg>
<doc>Fails if ``key`` is not found from ``dictionary``.</doc>
<status status="PASS" start="2024-07-08T16:19:25.171115" elapsed="0.000362"/>
</kw>
<kw name="Log" owner="BuiltIn">
<msg time="2024-07-08T16:19:25.171770" level="INFO">password</msg>
<arg>${keyTwo}</arg>
<doc>Logs the given message with the given level.</doc>
<status status="PASS" start="2024-07-08T16:19:25.171652" elapsed="0.000163"/>
</kw>
<var name="${keyTwo}">password</var>
<status status="PASS" start="2024-07-08T16:19:25.170449" elapsed="0.001697"/>
</iter>
<var>${keyTwo}</var>
<value>@{expected_keysTwo}</value>
<status status="PASS" start="2024-07-08T16:19:25.168461" elapsed="0.003807"/>
</for>
<status status="PASS" start="2024-07-08T16:19:25.046961" elapsed="0.125449"/>
</kw>
<doc>Testa a estrutura da resposta da API.</doc>
<tag>testeEstruturaResposta</tag>
<status status="PASS" start="2024-07-08T16:19:25.046338" elapsed="0.126228"/>
</test>
<test id="s1-s1-t4" name="Validar tipos de dados" line="28">
<kw name="Teste de Tipos de Dados" owner="random-user-service">
<kw name="GET On Session" owner="RequestsLibrary">
<msg time="2024-07-08T16:19:25.274764" level="INFO">GET Request : url=https://randomuser.me/api 
 path_url=/api 
 headers={'User-Agent': 'python-requests/2.32.3', 'Accept-Encoding': 'gzip, deflate', 'Accept': '*/*', 'Connection': 'keep-alive'} 
 body=None 
 </msg>
<msg time="2024-07-08T16:19:25.274874" level="INFO">GET Response : url=https://randomuser.me/api 
 status=200, reason=OK 
 headers={'Date': 'Mon, 08 Jul 2024 16:19:25 GMT', 'Content-Type': 'application/json; charset=utf-8', 'Transfer-Encoding': 'chunked', 'Connection': 'keep-alive', 'X-Powered-By': 'Express', 'Access-Control-Allow-Origin': '*', 'Cache-Control': 'no-cache', 'ETag': 'W/"493-1JICddFqIHlx3nrhI4gEApxZXZs"', 'Vary': 'Accept-Encoding', 'Content-Encoding': 'gzip', 'CF-Cache-Status': 'DYNAMIC', 'Report-To': '{"endpoints":[{"url":"https:\\/\\/a.nel.cloudflare.com\\/report\\/v4?s=aogW9MuZ55CEXvHXdZ8qNV5C5zwWjbh6OjH829TX3TVT1zw%2B%2Bf%2FR70n%2BOc9KD3Vog5com9%2FH%2BhQSvswpdL%2B%2FQ2rlHOzUKzCn3oeNbfzRcTdOJQdFJdMSyMvO97PrTWOw"}],"group":"cf-nel","max_age":604800}', 'NEL': '{"success_fraction":0,"report_to":"cf-nel","max_age":604800}', 'Server': 'cloudflare', 'CF-RAY': '8a0165525f7d2f0e-LAX', 'alt-svc': 'h3=":443"; ma=86400'} 
 body={"results":[{"gender":"male","name":{"title":"Mr","first":"Yash","last":"Holla"},"location":{"street":{"number":1122,"name":"Tripolia Bazar"},"city":"Rajpur Sonarpur","state":"Uttarakhand","country":"India","postcode":78041,"coordinates":{"latitude":"11.2521","longitude":"-116.5059"},"timezone":{"offset":"+3:00","description":"Baghdad, Riyadh, Moscow, St. Petersburg"}},"email":"yash.holla@example.com","login":{"uuid":"f581fcfc-8ba8-4b00-b7a1-0dea63915ed3","username":"redbutterfly130","password":"itsme","salt":"GQOHQba7","md5":"94bf45b5a6e44b9da917ddd214aab121","sha1":"026b48de68027107088d5e260f869539b16fe830","sha256":"73ea3e2e8ff70353faf6099fb47b471ab912dca8b12df8b6ce39578fd574d448"},"dob":{"date":"1993-12-28T04:50:43.230Z","age":30},"registered":{"date":"2020-01-19T06:35:09.472Z","age":4},"phone":"8151398286","cell":"8974462647","id":{"name":"UIDAI","value":"190060146424"},"picture":{"large":"https://randomuser.me/api/portraits/men/62.jpg","medium":"https://randomuser.me/api/portraits/med/men/62.jpg","thumbnail":"https://randomuser.me/api/portraits/thumb/men/62.jpg"},"nat":"IN"}],"info":{"seed":"6fecde7e858c79db","results":1,"page":1,"version":"1.4"}} 
 </msg>
<msg time="2024-07-08T16:19:25.274958" level="INFO">/opt/hostedtoolcache/Python/3.12.4/x64/lib/python3.12/site-packages/urllib3/connectionpool.py:1099: InsecureRequestWarning: Unverified HTTPS request is being made to host 'randomuser.me'. Adding certificate verification is strongly advised. See: https://urllib3.readthedocs.io/en/latest/advanced-usage.html#tls-warnings
  warnings.warn(</msg>
<msg time="2024-07-08T16:19:25.275112" level="INFO">${response} = &lt;Response [200]&gt;</msg>
<var>${response}</var>
<arg>consultarAPI</arg>
<arg>/api</arg>
<doc>Sends a GET request on a previously created HTTP Session.</doc>
<status status="PASS" start="2024-07-08T16:19:25.175172" elapsed="0.099985"/>
</kw>
<kw name="Set Variable" owner="BuiltIn">
<msg time="2024-07-08T16:19:25.276321" level="INFO">${json_data} = {'results': [{'gender': 'male', 'name': {'title': 'Mr', 'first': 'Yash', 'last': 'Holla'}, 'location': {'street': {'number': 1122, 'name': 'Tripolia Bazar'}, 'city': 'Rajpur Sonarpur', 'state': 'Uttar...</msg>
<var>${json_data}</var>
<arg>${response.json()}</arg>
<doc>Returns the given values which can then be assigned to a variables.</doc>
<status status="PASS" start="2024-07-08T16:19:25.275761" elapsed="0.000589"/>
</kw>
<kw name="Log" owner="BuiltIn">
<msg time="2024-07-08T16:19:25.276831" level="INFO">{'results': [{'gender': 'male', 'name': {'title': 'Mr', 'first': 'Yash', 'last': 'Holla'}, 'location': {'street': {'number': 1122, 'name': 'Tripolia Bazar'}, 'city': 'Rajpur Sonarpur', 'state': 'Uttarakhand', 'country': 'India', 'postcode': 78041, 'coordinates': {'latitude': '11.2521', 'longitude': '-116.5059'}, 'timezone': {'offset': '+3:00', 'description': 'Baghdad, Riyadh, Moscow, St. Petersburg'}}, 'email': 'yash.holla@example.com', 'login': {'uuid': 'f581fcfc-8ba8-4b00-b7a1-0dea63915ed3', 'username': 'redbutterfly130', 'password': 'itsme', 'salt': 'GQOHQba7', 'md5': '94bf45b5a6e44b9da917ddd214aab121', 'sha1': '026b48de68027107088d5e260f869539b16fe830', 'sha256': '73ea3e2e8ff70353faf6099fb47b471ab912dca8b12df8b6ce39578fd574d448'}, 'dob': {'date': '1993-12-28T04:50:43.230Z', 'age': 30}, 'registered': {'date': '2020-01-19T06:35:09.472Z', 'age': 4}, 'phone': '8151398286', 'cell': '8974462647', 'id': {'name': 'UIDAI', 'value': '190060146424'}, 'picture': {'large': 'https://randomuser.me/api/portraits/men/62.jpg', 'medium': 'https://randomuser.me/api/portraits/med/men/62.jpg', 'thumbnail': 'https://randomuser.me/api/portraits/thumb/men/62.jpg'}, 'nat': 'IN'}], 'info': {'seed': '6fecde7e858c79db', 'results': 1, 'page': 1, 'version': '1.4'}}</msg>
<arg>${json_data}</arg>
<doc>Logs the given message with the given level.</doc>
<status status="PASS" start="2024-07-08T16:19:25.276671" elapsed="0.000209"/>
</kw>
<kw name="Should Be String" owner="String">
<arg>${json_data['results'][0]['gender']}</arg>
<doc>Fails if the given ``item`` is not a string.</doc>
<status status="PASS" start="2024-07-08T16:19:25.277178" elapsed="0.000364"/>
</kw>
<kw name="Should Match Regexp" owner="BuiltIn">
<arg>${json_data['results'][0]['email']}</arg>
<arg>^[a-zA-Z0-9._%+-]+@[a-zA-Z0-9.-]+\.[a-zA-Z]{2,}$</arg>
<doc>Fails if ``string`` does not match ``pattern`` as a regular expression.</doc>
<status status="PASS" start="2024-07-08T16:19:25.277733" elapsed="0.000610"/>
</kw>
<kw name="Should Match Regexp" owner="BuiltIn">
<arg>${json_data['results'][0]['dob']['date']}</arg>
<arg>\\d{4}-\\d{2}-\\d{2}T\\d{2}:\\d{2}:\\d{2}\\.\\d{3}Z</arg>
<doc>Fails if ``string`` does not match ``pattern`` as a regular expression.</doc>
<status status="PASS" start="2024-07-08T16:19:25.278544" elapsed="0.000483"/>
</kw>
<kw name="Should Match Regexp" owner="BuiltIn">
<arg>${json_data['results'][0]['registered']['date']}</arg>
<arg>\\d{4}-\\d{2}-\\d{2}T\\d{2}:\\d{2}:\\d{2}\\.\\d{3}Z</arg>
<doc>Fails if ``string`` does not match ``pattern`` as a regular expression.</doc>
<status status="PASS" start="2024-07-08T16:19:25.279218" elapsed="0.000363"/>
</kw>
<kw name="Should Match Regexp" owner="BuiltIn">
<arg>${json_data['results'][0]['picture']['large']}</arg>
<arg>^https?://.*\.(?:png|jpe?g|gif|bmp)$</arg>
<doc>Fails if ``string`` does not match ``pattern`` as a regular expression.</doc>
<status status="PASS" start="2024-07-08T16:19:25.279766" elapsed="0.000451"/>
</kw>
<kw name="Should Match Regexp" owner="BuiltIn">
<arg>${json_data['results'][0]['picture']['medium']}</arg>
<arg>^https?://.*\.(?:png|jpe?g|gif|bmp)$</arg>
<doc>Fails if ``string`` does not match ``pattern`` as a regular expression.</doc>
<status status="PASS" start="2024-07-08T16:19:25.280400" elapsed="0.000340"/>
</kw>
<kw name="Should Match Regexp" owner="BuiltIn">
<arg>${json_data['results'][0]['picture']['thumbnail']}</arg>
<arg>^https?://.*\.(?:png|jpe?g|gif|bmp)$</arg>
<doc>Fails if ``string`` does not match ``pattern`` as a regular expression.</doc>
<status status="PASS" start="2024-07-08T16:19:25.280927" elapsed="0.000350"/>
</kw>
<kw name="Log" owner="BuiltIn">
<msg time="2024-07-08T16:19:25.281781" level="INFO">{'large': 'https://randomuser.me/api/portraits/men/62.jpg', 'medium': 'https://randomuser.me/api/portraits/med/men/62.jpg', 'thumbnail': 'https://randomuser.me/api/portraits/thumb/men/62.jpg'}</msg>
<arg>${json_data['results'][0]['picture']}</arg>
<doc>Logs the given message with the given level.</doc>
<status status="PASS" start="2024-07-08T16:19:25.281455" elapsed="0.000367"/>
</kw>
<status status="PASS" start="2024-07-08T16:19:25.174945" elapsed="0.107159"/>
</kw>
<kw name="Teste de Tipos de Dados - Postcode" owner="random-user-service">
<kw name="GET On Session" owner="RequestsLibrary">
<msg time="2024-07-08T16:19:25.382608" level="INFO">GET Request : url=https://randomuser.me/api 
 path_url=/api 
 headers={'User-Agent': 'python-requests/2.32.3', 'Accept-Encoding': 'gzip, deflate', 'Accept': '*/*', 'Connection': 'keep-alive'} 
 body=None 
 </msg>
<msg time="2024-07-08T16:19:25.382699" level="INFO">GET Response : url=https://randomuser.me/api 
 status=200, reason=OK 
 headers={'Date': 'Mon, 08 Jul 2024 16:19:25 GMT', 'Content-Type': 'application/json; charset=utf-8', 'Transfer-Encoding': 'chunked', 'Connection': 'keep-alive', 'X-Powered-By': 'Express', 'Access-Control-Allow-Origin': '*', 'Cache-Control': 'no-cache', 'ETag': 'W/"49f-XpzhzoRUOlTtJOvqHKVF/n2h8+I"', 'Vary': 'Accept-Encoding', 'Content-Encoding': 'gzip', 'CF-Cache-Status': 'DYNAMIC', 'Report-To': '{"endpoints":[{"url":"https:\\/\\/a.nel.cloudflare.com\\/report\\/v4?s=DaT3ax3HgKFupmy1JnPuqpIKBo37kRiA5v%2Bs6qUI4ixxmTdDjoKt9ZD7RwBbycyK%2BEzpIb59kK%2BrcoqmLt24gw1UkTRC%2BtWHA%2BG%2F0K6jtTIk1cmNpo1H7MX4Ivloi%2BE%2B"}],"group":"cf-nel","max_age":604800}', 'NEL': '{"success_fraction":0,"report_to":"cf-nel","max_age":604800}', 'Server': 'cloudflare', 'CF-RAY': '8a01655308532f0e-LAX', 'alt-svc': 'h3=":443"; ma=86400'} 
 body={"results":[{"gender":"female","name":{"title":"Miss","first":"Ljuba","last":"Filipović"},"location":{"street":{"number":5306,"name":"Stublinska"},"city":"Rekovac","state":"Kosovska Mitrovica","country":"Serbia","postcode":44571,"coordinates":{"latitude":"64.1164","longitude":"130.3755"},"timezone":{"offset":"-6:00","description":"Central Time (US &amp; Canada), Mexico City"}},"email":"ljuba.filipovic@example.com","login":{"uuid":"72238db4-6658-40a0-97eb-38a688733dd0","username":"sadduck590","password":"temple","salt":"xvHbQdJD","md5":"4386a5e69c5c52ec85fd705b259525ef","sha1":"77ad10a57672a389c518eca0b357afcfa30dcb35","sha256":"28ee46e3d0dcf633bf909900513b1c19e33b1b9af8fde929d99f6f6f2a0b38ff"},"dob":{"date":"1981-06-23T00:13:05.465Z","age":43},"registered":{"date":"2010-02-17T09:20:46.569Z","age":14},"phone":"024-2288-013","cell":"060-4269-489","id":{"name":"SID","value":"048703352"},"picture":{"large":"https://randomuser.me/api/portraits/women/49.jpg","medium":"https://randomuser.me/api/portraits/med/women/49.jpg","thumbnail":"https://randomuser.me/api/portraits/thumb/women/49.jpg"},"nat":"RS"}],"info":{"seed":"2a5de9730d3ec7d2","results":1,"page":1,"version":"1.4"}} 
 </msg>
<msg time="2024-07-08T16:19:25.382782" level="INFO">/opt/hostedtoolcache/Python/3.12.4/x64/lib/python3.12/site-packages/urllib3/connectionpool.py:1099: InsecureRequestWarning: Unverified HTTPS request is being made to host 'randomuser.me'. Adding certificate verification is strongly advised. See: https://urllib3.readthedocs.io/en/latest/advanced-usage.html#tls-warnings
  warnings.warn(</msg>
<msg time="2024-07-08T16:19:25.382898" level="INFO">${response} = &lt;Response [200]&gt;</msg>
<var>${response}</var>
<arg>consultarAPI</arg>
<arg>/api</arg>
<doc>Sends a GET request on a previously created HTTP Session.</doc>
<status status="PASS" start="2024-07-08T16:19:25.282579" elapsed="0.100365"/>
</kw>
<kw name="Set Variable" owner="BuiltIn">
<msg time="2024-07-08T16:19:25.383913" level="INFO">${json_data} = {'results': [{'gender': 'female', 'name': {'title': 'Miss', 'first': 'Ljuba', 'last': 'Filipović'}, 'location': {'street': {'number': 5306, 'name': 'Stublinska'}, 'city': 'Rekovac', 'state': 'Kosovska...</msg>
<var>${json_data}</var>
<arg>${response.json()}</arg>
<doc>Returns the given values which can then be assigned to a variables.</doc>
<status status="PASS" start="2024-07-08T16:19:25.383442" elapsed="0.000502"/>
</kw>
<kw name="Log" owner="BuiltIn">
<msg time="2024-07-08T16:19:25.384402" level="INFO">{'results': [{'gender': 'female', 'name': {'title': 'Miss', 'first': 'Ljuba', 'last': 'Filipović'}, 'location': {'street': {'number': 5306, 'name': 'Stublinska'}, 'city': 'Rekovac', 'state': 'Kosovska Mitrovica', 'country': 'Serbia', 'postcode': 44571, 'coordinates': {'latitude': '64.1164', 'longitude': '130.3755'}, 'timezone': {'offset': '-6:00', 'description': 'Central Time (US &amp; Canada), Mexico City'}}, 'email': 'ljuba.filipovic@example.com', 'login': {'uuid': '72238db4-6658-40a0-97eb-38a688733dd0', 'username': 'sadduck590', 'password': 'temple', 'salt': 'xvHbQdJD', 'md5': '4386a5e69c5c52ec85fd705b259525ef', 'sha1': '77ad10a57672a389c518eca0b357afcfa30dcb35', 'sha256': '28ee46e3d0dcf633bf909900513b1c19e33b1b9af8fde929d99f6f6f2a0b38ff'}, 'dob': {'date': '1981-06-23T00:13:05.465Z', 'age': 43}, 'registered': {'date': '2010-02-17T09:20:46.569Z', 'age': 14}, 'phone': '024-2288-013', 'cell': '060-4269-489', 'id': {'name': 'SID', 'value': '048703352'}, 'picture': {'large': 'https://randomuser.me/api/portraits/women/49.jpg', 'medium': 'https://randomuser.me/api/portraits/med/women/49.jpg', 'thumbnail': 'https://randomuser.me/api/portraits/thumb/women/49.jpg'}, 'nat': 'RS'}], 'info': {'seed': '2a5de9730d3ec7d2', 'results': 1, 'page': 1, 'version': '1.4'}}</msg>
<arg>${json_data}</arg>
<doc>Logs the given message with the given level.</doc>
<status status="PASS" start="2024-07-08T16:19:25.384248" elapsed="0.000210"/>
</kw>
<kw name="Should Be Equal As Numbers" owner="BuiltIn">
<arg>${json_data['results'][0]['location']['postcode']}</arg>
<arg>${json_data['results'][0]['location']['postcode']}</arg>
<doc>Fails if objects are unequal after converting them to real numbers.</doc>
<status status="PASS" start="2024-07-08T16:19:25.384750" elapsed="0.000623"/>
</kw>
<kw name="Log" owner="BuiltIn">
<msg time="2024-07-08T16:19:25.386120" level="INFO">44571</msg>
<arg>${json_data['results'][0]['location']['postcode']}</arg>
<doc>Logs the given message with the given level.</doc>
<status status="PASS" start="2024-07-08T16:19:25.385573" elapsed="0.000597"/>
</kw>
<status status="PASS" start="2024-07-08T16:19:25.282339" elapsed="0.104088"/>
</kw>
<doc>Testa se os tipos de dados na resposta da API estão corretos.</doc>
<tag>testeTiposDados</tag>
<status status="PASS" start="2024-07-08T16:19:25.174375" elapsed="0.212217"/>
</test>
<test id="s1-s1-t5" name="Validar conteudo" line="35">
<kw name="Teste de Tipos de Conteudo" owner="random-user-service">
<kw name="GET On Session" owner="RequestsLibrary">
<msg time="2024-07-08T16:19:25.489299" level="INFO">GET Request : url=https://randomuser.me/api 
 path_url=/api 
 headers={'User-Agent': 'python-requests/2.32.3', 'Accept-Encoding': 'gzip, deflate', 'Accept': '*/*', 'Connection': 'keep-alive'} 
 body=None 
 </msg>
<msg time="2024-07-08T16:19:25.489412" level="INFO">GET Response : url=https://randomuser.me/api 
 status=200, reason=OK 
 headers={'Date': 'Mon, 08 Jul 2024 16:19:25 GMT', 'Content-Type': 'application/json; charset=utf-8', 'Transfer-Encoding': 'chunked', 'Connection': 'keep-alive', 'X-Powered-By': 'Express', 'Access-Control-Allow-Origin': '*', 'Cache-Control': 'no-cache', 'ETag': 'W/"498-x9RDuhfEfZyJpoq4r3tzqAIqIgQ"', 'Vary': 'Accept-Encoding', 'Content-Encoding': 'gzip', 'CF-Cache-Status': 'DYNAMIC', 'Report-To': '{"endpoints":[{"url":"https:\\/\\/a.nel.cloudflare.com\\/report\\/v4?s=xARjlFRXqmo1CiZpqvR4U3ba8h1ieUgtVw6hhKLOHgu9qu%2Bje4pz2cGtI9G5xZecUGfqMepGtsEuKkySH5YbhzTk5hj2esGZoBV1QIvOJWCbtD5FU03rOTMgZFvU3ase"}],"group":"cf-nel","max_age":604800}', 'NEL': '{"success_fraction":0,"report_to":"cf-nel","max_age":604800}', 'Server': 'cloudflare', 'CF-RAY': '8a016553b93c2f0e-LAX', 'alt-svc': 'h3=":443"; ma=86400'} 
 body={"results":[{"gender":"male","name":{"title":"Mr","first":"Huberto","last":"Nascimento"},"location":{"street":{"number":4030,"name":"Rua José Bonifácio "},"city":"Araruama","state":"Rio Grande do Sul","country":"Brazil","postcode":63180,"coordinates":{"latitude":"-80.6415","longitude":"-105.3877"},"timezone":{"offset":"+5:45","description":"Kathmandu"}},"email":"huberto.nascimento@example.com","login":{"uuid":"7ab651b9-3507-414e-985e-ff5de4209370","username":"goldentiger984","password":"kentucky","salt":"otaEft5Z","md5":"5723dc3ff250f58581c2631e68f533d5","sha1":"cc007b2339c8e3ed890b874c5b94f81cee898ad4","sha256":"910756a23af1cbecfbd2276236c90c4990ca3f279d886afb8dc6adf8545c1b4a"},"dob":{"date":"1999-04-01T18:33:23.884Z","age":25},"registered":{"date":"2009-06-28T20:36:45.381Z","age":15},"phone":"(83) 1062-4060","cell":"(54) 1087-3322","id":{"name":"CPF","value":"531.785.845-44"},"picture":{"large":"https://randomuser.me/api/portraits/men/85.jpg","medium":"https://randomuser.me/api/portraits/med/men/85.jpg","thumbnail":"https://randomuser.me/api/portraits/thumb/men/85.jpg"},"nat":"BR"}],"info":{"seed":"7db092d994a0a89e","results":1,"page":1,"version":"1.4"}} 
 </msg>
<msg time="2024-07-08T16:19:25.489496" level="INFO">/opt/hostedtoolcache/Python/3.12.4/x64/lib/python3.12/site-packages/urllib3/connectionpool.py:1099: InsecureRequestWarning: Unverified HTTPS request is being made to host 'randomuser.me'. Adding certificate verification is strongly advised. See: https://urllib3.readthedocs.io/en/latest/advanced-usage.html#tls-warnings
  warnings.warn(</msg>
<msg time="2024-07-08T16:19:25.489619" level="INFO">${response} = &lt;Response [200]&gt;</msg>
<var>${response}</var>
<arg>consultarAPI</arg>
<arg>/api</arg>
<doc>Sends a GET request on a previously created HTTP Session.</doc>
<status status="PASS" start="2024-07-08T16:19:25.388970" elapsed="0.100685"/>
</kw>
<kw name="Set Variable" owner="BuiltIn">
<msg time="2024-07-08T16:19:25.490735" level="INFO">${json_data} = {'results': [{'gender': 'male', 'name': {'title': 'Mr', 'first': 'Huberto', 'last': 'Nascimento'}, 'location': {'street': {'number': 4030, 'name': 'Rua José Bonifácio '}, 'city': 'Araruama', 'state': ...</msg>
<var>${json_data}</var>
<arg>${response.json()}</arg>
<doc>Returns the given values which can then be assigned to a variables.</doc>
<status status="PASS" start="2024-07-08T16:19:25.490223" elapsed="0.000541"/>
</kw>
<kw name="Set Variable" owner="BuiltIn">
<msg time="2024-07-08T16:19:25.491453" level="INFO">${name_title} = Mr</msg>
<var>${name_title}</var>
<arg>${json_data["results"][0]["name"]["title"]}</arg>
<doc>Returns the given values which can then be assigned to a variables.</doc>
<status status="PASS" start="2024-07-08T16:19:25.491074" elapsed="0.000404"/>
</kw>
<kw name="Create List" owner="BuiltIn">
<msg time="2024-07-08T16:19:25.491920" level="INFO">${allowed_titles} = ['Mr', 'Ms', 'Miss', 'Mrs', 'Madame', 'Monsieur']</msg>
<var>${allowed_titles}</var>
<arg>Mr</arg>
<arg>Ms</arg>
<arg>Miss</arg>
<arg>Mrs</arg>
<arg>Madame</arg>
<arg>Monsieur</arg>
<doc>Returns a list containing given items.</doc>
<status status="PASS" start="2024-07-08T16:19:25.491773" elapsed="0.000171"/>
</kw>
<kw name="List Should Contain Value" owner="Collections">
<arg>${allowed_titles}</arg>
<arg>${name_title}</arg>
<doc>Fails if the ``value`` is not found from ``list``.</doc>
<status status="PASS" start="2024-07-08T16:19:25.492239" elapsed="0.000184"/>
</kw>
<kw name="Set Variable" owner="BuiltIn">
<msg time="2024-07-08T16:19:25.492969" level="INFO">${name_country} = BR</msg>
<var>${name_country}</var>
<arg>${json_data["results"][0]["nat"]}</arg>
<doc>Returns the given values which can then be assigned to a variables.</doc>
<status status="PASS" start="2024-07-08T16:19:25.492606" elapsed="0.000388"/>
</kw>
<kw name="Create List" owner="BuiltIn">
<msg time="2024-07-08T16:19:25.493867" level="INFO">${list_country} = ['AD', 'AE', 'AF', 'AG', 'AI', 'AL', 'AM', 'AO', 'AQ', 'AR', 'AS', 'AT', 'AU', 'AW', 'AX', 'AZ', 'BA', 'BB', 'BD', 'BE', 'BF', 'BG', 'BH', 'BI', 'BJ', 'BL', 'BM', 'BN', 'BO', 'BQ', 'BR', 'BS', 'BT', '...</msg>
<var>${list_country}</var>
<arg>AD</arg>
<arg>AE</arg>
<arg>AF</arg>
<arg>AG</arg>
<arg>AI</arg>
<arg>AL</arg>
<arg>AM</arg>
<arg>AO</arg>
<arg>AQ</arg>
<arg>AR</arg>
<arg>AS</arg>
<arg>AT</arg>
<arg>AU</arg>
<arg>AW</arg>
<arg>AX</arg>
<arg>AZ</arg>
<arg>BA</arg>
<arg>BB</arg>
<arg>BD</arg>
<arg>BE</arg>
<arg>BF</arg>
<arg>BG</arg>
<arg>BH</arg>
<arg>BI</arg>
<arg>BJ</arg>
<arg>BL</arg>
<arg>BM</arg>
<arg>BN</arg>
<arg>BO</arg>
<arg>BQ</arg>
<arg>BR</arg>
<arg>BS</arg>
<arg>BT</arg>
<arg>BV</arg>
<arg>BW</arg>
<arg>BY</arg>
<arg>BZ</arg>
<arg>CA</arg>
<arg>CC</arg>
<arg>CD</arg>
<arg>CF</arg>
<arg>CG</arg>
<arg>CH</arg>
<arg>CI</arg>
<arg>CK</arg>
<arg>CL</arg>
<arg>CM</arg>
<arg>CN</arg>
<arg>CO</arg>
<arg>CR</arg>
<arg>CU</arg>
<arg>CV</arg>
<arg>CW</arg>
<arg>CX</arg>
<arg>CY</arg>
<arg>CZ</arg>
<arg>DE</arg>
<arg>DJ</arg>
<arg>DK</arg>
<arg>DM</arg>
<arg>DO</arg>
<arg>DZ</arg>
<arg>EC</arg>
<arg>EE</arg>
<arg>EG</arg>
<arg>EH</arg>
<arg>ER</arg>
<arg>ES</arg>
<arg>ET</arg>
<arg>FI</arg>
<arg>FJ</arg>
<arg>FK</arg>
<arg>FM</arg>
<arg>FO</arg>
<arg>FR</arg>
<arg>GA</arg>
<arg>GB</arg>
<arg>GD</arg>
<arg>GE</arg>
<arg>GF</arg>
<arg>GG</arg>
<arg>GH</arg>
<arg>GI</arg>
<arg>GL</arg>
<arg>GM</arg>
<arg>GN</arg>
<arg>GP</arg>
<arg>GQ</arg>
<arg>GR</arg>
<arg>GS</arg>
<arg>GT</arg>
<arg>GU</arg>
<arg>GW</arg>
<arg>GY</arg>
<arg>HK</arg>
<arg>HM</arg>
<arg>HN</arg>
<arg>HR</arg>
<arg>HT</arg>
<arg>HU</arg>
<arg>ID</arg>
<arg>IE</arg>
<arg>IL</arg>
<arg>IM</arg>
<arg>IN</arg>
<arg>IO</arg>
<arg>IQ</arg>
<arg>IR</arg>
<arg>IS</arg>
<arg>IT</arg>
<arg>JE</arg>
<arg>JM</arg>
<arg>JO</arg>
<arg>JP</arg>
<arg>KE</arg>
<arg>KG</arg>
<arg>KH</arg>
<arg>KI</arg>
<arg>KM</arg>
<arg>KN</arg>
<arg>KP</arg>
<arg>KR</arg>
<arg>KW</arg>
<arg>KY</arg>
<arg>KZ</arg>
<arg>LA</arg>
<arg>LB</arg>
<arg>LC</arg>
<arg>LI</arg>
<arg>LK</arg>
<arg>LR</arg>
<arg>LS</arg>
<arg>LT</arg>
<arg>LU</arg>
<arg>LV</arg>
<arg>LY</arg>
<arg>MA</arg>
<arg>MC</arg>
<arg>MD</arg>
<arg>ME</arg>
<arg>MF</arg>
<arg>MG</arg>
<arg>MH</arg>
<arg>MK</arg>
<arg>ML</arg>
<arg>MM</arg>
<arg>MN</arg>
<arg>MO</arg>
<arg>MP</arg>
<arg>MQ</arg>
<arg>MR</arg>
<arg>MS</arg>
<arg>MT</arg>
<arg>MU</arg>
<arg>MV</arg>
<arg>MW</arg>
<arg>MX</arg>
<arg>MY</arg>
<arg>MZ</arg>
<arg>NA</arg>
<arg>NC</arg>
<arg>NE</arg>
<arg>NF</arg>
<arg>NG</arg>
<arg>NI</arg>
<arg>NL</arg>
<arg>NO</arg>
<arg>NP</arg>
<arg>NR</arg>
<arg>NU</arg>
<arg>NZ</arg>
<arg>OM</arg>
<arg>PA</arg>
<arg>PE</arg>
<arg>PF</arg>
<arg>PG</arg>
<arg>PH</arg>
<arg>PK</arg>
<arg>PL</arg>
<arg>PM</arg>
<arg>PN</arg>
<arg>PR</arg>
<arg>PS</arg>
<arg>PT</arg>
<arg>PW</arg>
<arg>PY</arg>
<arg>QA</arg>
<arg>RE</arg>
<arg>RO</arg>
<arg>RS</arg>
<arg>RU</arg>
<arg>RW</arg>
<arg>SA</arg>
<arg>SB</arg>
<arg>SC</arg>
<arg>SD</arg>
<arg>SE</arg>
<arg>SG</arg>
<arg>SH</arg>
<arg>SI</arg>
<arg>SJ</arg>
<arg>SK</arg>
<arg>SL</arg>
<arg>SM</arg>
<arg>SN</arg>
<arg>SO</arg>
<arg>SR</arg>
<arg>SS</arg>
<arg>ST</arg>
<arg>SV</arg>
<arg>SX</arg>
<arg>SY</arg>
<arg>SZ</arg>
<arg>TC</arg>
<arg>TD</arg>
<arg>TF</arg>
<arg>TG</arg>
<arg>TH</arg>
<arg>TJ</arg>
<arg>TK</arg>
<arg>TL</arg>
<arg>TM</arg>
<arg>TN</arg>
<arg>TO</arg>
<arg>TR</arg>
<arg>TT</arg>
<arg>TV</arg>
<arg>TW</arg>
<arg>TZ</arg>
<arg>UA</arg>
<arg>UG</arg>
<arg>UM</arg>
<arg>US</arg>
<arg>UY</arg>
<arg>UZ</arg>
<arg>VA</arg>
<arg>VC</arg>
<arg>VE</arg>
<arg>VG</arg>
<arg>VI</arg>
<arg>VN</arg>
<arg>VU</arg>
<arg>WF</arg>
<arg>WS</arg>
<arg>XK</arg>
<arg>YE</arg>
<arg>YT</arg>
<arg>ZA</arg>
<arg>ZM</arg>
<arg>ZW</arg>
<doc>Returns a list containing given items.</doc>
<status status="PASS" start="2024-07-08T16:19:25.493282" elapsed="0.000611"/>
</kw>
<kw name="List Should Contain Value" owner="Collections">
<arg>${list_country}</arg>
<arg>${name_country}</arg>
<doc>Fails if the ``value`` is not found from ``list``.</doc>
<status status="PASS" start="2024-07-08T16:19:25.494705" elapsed="0.000199"/>
</kw>
<kw name="Run Keyword If" owner="BuiltIn">
<kw name="Should Be True" owner="BuiltIn">
<arg>${True}</arg>
<doc>Fails if the given condition is not true.</doc>
<status status="PASS" start="2024-07-08T16:19:25.495851" elapsed="0.000140"/>
</kw>
<arg>${json_data["results"][0]["location"]["coordinates"]["latitude"]} &gt;= -90 and ${json_data["results"][0]["location"]["coordinates"]["latitude"]} &lt;= 90</arg>
<arg>Should Be True</arg>
<arg>${True}</arg>
<doc>Runs the given keyword with the given arguments, if ``condition`` is true.</doc>
<status status="PASS" start="2024-07-08T16:19:25.495125" elapsed="0.000991"/>
</kw>
<kw name="Run Keyword If" owner="BuiltIn">
<kw name="Should Be True" owner="BuiltIn">
<arg>${True}</arg>
<doc>Fails if the given condition is not true.</doc>
<status status="PASS" start="2024-07-08T16:19:25.496974" elapsed="0.000235"/>
</kw>
<arg>${json_data["results"][0]["location"]["coordinates"]["longitude"]} &gt;= -180 and ${json_data["results"][0]["location"]["coordinates"]["longitude"]} &lt;= 180</arg>
<arg>Should Be True</arg>
<arg>${True}</arg>
<doc>Runs the given keyword with the given arguments, if ``condition`` is true.</doc>
<status status="PASS" start="2024-07-08T16:19:25.496295" elapsed="0.001042"/>
</kw>
<status status="PASS" start="2024-07-08T16:19:25.388749" elapsed="0.108730"/>
</kw>
<doc>Testa o conteúdo específico dos campos retornados pela API.</doc>
<tag>testeConteudo</tag>
<status status="PASS" start="2024-07-08T16:19:25.388312" elapsed="0.109318"/>
</test>
<status status="PASS" start="2024-07-08T16:19:24.481948" elapsed="1.017665"/>
</suite>
<status status="PASS" start="2024-07-08T16:19:24.467275" elapsed="1.037304"/>
</suite>
<statistics>
<total>
<stat pass="5" fail="0" skip="0">All Tests</stat>
</total>
<tag>
<stat pass="1" fail="0" skip="0">testeConteudo</stat>
<stat pass="1" fail="0" skip="0">testeEstruturaResposta</stat>
<stat pass="1" fail="0" skip="0">testeRequisicaoBasica</stat>
<stat pass="1" fail="0" skip="0">testeTiposDados</stat>
</tag>
<suite>
<stat pass="5" fail="0" skip="0" id="s1" name="Tests">Tests</stat>
<stat pass="5" fail="0" skip="0" id="s1-s1" name="Random-User-Test">Tests.Random-User-Test</stat>
</suite>
</statistics>
<errors>
</errors>
</robot>
