<?xml version="1.0" encoding="UTF-8"?>
<robot generator="Robot 7.0 (Python 3.12.2 on linux)" generated="2024-03-30T20:13:08.115638" rpa="false" schemaversion="5">
<suite id="s1" name="Tests" source="/home/runner/work/DesafioQAItauRogerioJordao/DesafioQAItauRogerioJordao/RamdonUser/tests">
<suite id="s1-s1" name="Random-User-Test" source="/home/runner/work/DesafioQAItauRogerioJordao/DesafioQAItauRogerioJordao/RamdonUser/tests/random-user-test.robot">
<test id="s1-s1-t1" name="Conectar" line="13">
<kw name="Conectar API" owner="random-user-service">
<kw name="Create Session" owner="RequestsLibrary">
<msg time="2024-03-30T20:13:08.529527" level="INFO">Creating Session using : alias=consultarAPI, url=https://randomuser.me/, headers={},                     cookies={}, auth=None, timeout=None, proxies=None, verify=False,                     debug=0 </msg>
<arg>consultarAPI</arg>
<arg>${URL}</arg>
<doc>Create Session: create a HTTP session to a server</doc>
<status status="PASS" start="2024-03-30T20:13:08.529319" elapsed="0.000392"/>
</kw>
<status status="PASS" start="2024-03-30T20:13:08.528269" elapsed="0.001809"/>
</kw>
<status status="PASS" start="2024-03-30T20:13:08.527725" elapsed="0.002559"/>
</test>
<test id="s1-s1-t2" name="Validar retorno 200 e JSON Válido" line="16">
<kw name="Teste de Requisicao Basica" owner="random-user-service">
<kw name="GET On Session" owner="RequestsLibrary">
<msg time="2024-03-30T20:13:08.765445" level="INFO">GET Request : url=https://randomuser.me/api 
 path_url=/api 
 headers={'User-Agent': 'python-requests/2.31.0', 'Accept-Encoding': 'gzip, deflate', 'Accept': '*/*', 'Connection': 'keep-alive'} 
 body=None 
 </msg>
<msg time="2024-03-30T20:13:08.765619" level="INFO">GET Response : url=https://randomuser.me/api 
 status=200, reason=OK 
 headers={'Date': 'Sat, 30 Mar 2024 20:13:08 GMT', 'Content-Type': 'application/json; charset=utf-8', 'Transfer-Encoding': 'chunked', 'Connection': 'keep-alive', 'X-Powered-By': 'Express', 'Access-Control-Allow-Origin': '*', 'Cache-Control': 'no-cache', 'ETag': 'W/"498-zMMktnY/zHIn3VQnBIyHJvnfZEc"', 'Vary': 'Accept-Encoding', 'Content-Encoding': 'gzip', 'CF-Cache-Status': 'DYNAMIC', 'Report-To': '{"endpoints":[{"url":"https:\\/\\/a.nel.cloudflare.com\\/report\\/v4?s=FIo1OxASKcTsWvpSF4kL16RoBSjZqHzaOhpjjDuRQqpJ5mdnmjJxYFLwEJH9Gg0Z7rgfaoCttwtW%2BccQ14tSXqBKjGw%2BPlC1abl0rpjxpuZ%2FUT%2FCvQitbKNSP25UEndx"}],"group":"cf-nel","max_age":604800}', 'NEL': '{"success_fraction":0,"report_to":"cf-nel","max_age":604800}', 'Server': 'cloudflare', 'CF-RAY': '86cac2319f3f5766-IAD', 'alt-svc': 'h3=":443"; ma=86400'} 
 body={"results":[{"gender":"female","name":{"title":"Mrs","first":"Florence","last":"Young"},"location":{"street":{"number":2625,"name":"Dame Street"},"city":"Tullamore","state":"Galway City","country":"Ireland","postcode":36099,"coordinates":{"latitude":"-1.7570","longitude":"172.2665"},"timezone":{"offset":"-4:00","description":"Atlantic Time (Canada), Caracas, La Paz"}},"email":"florence.young@example.com","login":{"uuid":"6f7442e5-4136-43a2-9ac3-bb6bbab4b894","username":"brownpanda737","password":"sable","salt":"emzoQjgO","md5":"eea7f81aa053532f6822ee9c2103c180","sha1":"60d566fdc63b212db6176df7b5728bd1129344f7","sha256":"7d47c461e31c7950673475b07aca1ddceadc09334566cceb7df380f2af5c3997"},"dob":{"date":"1968-12-27T15:39:49.379Z","age":55},"registered":{"date":"2016-05-01T16:18:06.791Z","age":7},"phone":"051-727-5534","cell":"081-660-9923","id":{"name":"PPS","value":"3542463T"},"picture":{"large":"https://randomuser.me/api/portraits/women/71.jpg","medium":"https://randomuser.me/api/portraits/med/women/71.jpg","thumbnail":"https://randomuser.me/api/portraits/thumb/women/71.jpg"},"nat":"IE"}],"info":{"seed":"09bca6b7791bad0a","results":1,"page":1,"version":"1.4"}} 
 </msg>
<msg time="2024-03-30T20:13:08.765748" level="INFO">/opt/hostedtoolcache/Python/3.12.2/x64/lib/python3.12/site-packages/urllib3/connectionpool.py:1103: InsecureRequestWarning: Unverified HTTPS request is being made to host 'randomuser.me'. Adding certificate verification is strongly advised. See: https://urllib3.readthedocs.io/en/latest/advanced-usage.html#tls-warnings
  warnings.warn(</msg>
<msg time="2024-03-30T20:13:08.765927" level="INFO">${response} = &lt;Response [200]&gt;</msg>
<var>${response}</var>
<arg>consultarAPI</arg>
<arg>/api</arg>
<doc>Sends a GET request on a previously created HTTP Session.</doc>
<status status="PASS" start="2024-03-30T20:13:08.532913" elapsed="0.233056"/>
</kw>
<kw name="Should Be Equal As Numbers" owner="BuiltIn">
<msg time="2024-03-30T20:13:08.767138" level="INFO">Argument types are:
&lt;class 'int'&gt;
&lt;class 'str'&gt;</msg>
<arg>${response.status_code}</arg>
<arg>200</arg>
<doc>Fails if objects are unequal after converting them to real numbers.</doc>
<status status="PASS" start="2024-03-30T20:13:08.766632" elapsed="0.000574"/>
</kw>
<kw name="Log" owner="BuiltIn">
<msg time="2024-03-30T20:13:08.767889" level="INFO">200</msg>
<arg>${response.status_code}</arg>
<doc>Logs the given message with the given level.</doc>
<status status="PASS" start="2024-03-30T20:13:08.767531" elapsed="0.000402"/>
</kw>
<kw name="Set Variable" owner="BuiltIn">
<msg time="2024-03-30T20:13:08.768715" level="INFO">${json_data} = {'results': [{'gender': 'female', 'name': {'title': 'Mrs', 'first': 'Florence', 'last': 'Young'}, 'location': {'street': {'number': 2625, 'name': 'Dame Street'}, 'city': 'Tullamore', 'state': 'Galway ...</msg>
<var>${json_data}</var>
<arg>${response.json()}</arg>
<doc>Returns the given values which can then be assigned to a variables.</doc>
<status status="PASS" start="2024-03-30T20:13:08.768273" elapsed="0.000471"/>
</kw>
<kw name="Dictionary Should Contain Key" owner="Collections">
<msg time="2024-03-30T20:13:08.769220" level="INFO">False</msg>
<arg>${json_data}</arg>
<arg>results</arg>
<doc>Fails if ``key`` is not found from ``dictionary``.</doc>
<status status="PASS" start="2024-03-30T20:13:08.769050" elapsed="0.000210"/>
</kw>
<status status="PASS" start="2024-03-30T20:13:08.532662" elapsed="0.236872"/>
</kw>
<doc>Testa se a API responde corretamente e retorna um objeto JSON válido.</doc>
<tag>testeRequisicaoBasica</tag>
<status status="PASS" start="2024-03-30T20:13:08.532192" elapsed="0.237533"/>
</test>
<test id="s1-s1-t3" name="Validar estrutura de resposta" line="22">
<kw name="Teste de Estrutura de Resposta" owner="random-user-service">
<kw name="GET On Session" owner="RequestsLibrary">
<msg time="2024-03-30T20:13:08.884457" level="INFO">GET Request : url=https://randomuser.me/api 
 path_url=/api 
 headers={'User-Agent': 'python-requests/2.31.0', 'Accept-Encoding': 'gzip, deflate', 'Accept': '*/*', 'Connection': 'keep-alive'} 
 body=None 
 </msg>
<msg time="2024-03-30T20:13:08.884530" level="INFO">GET Response : url=https://randomuser.me/api 
 status=200, reason=OK 
 headers={'Date': 'Sat, 30 Mar 2024 20:13:08 GMT', 'Content-Type': 'application/json; charset=utf-8', 'Transfer-Encoding': 'chunked', 'Connection': 'keep-alive', 'X-Powered-By': 'Express', 'Access-Control-Allow-Origin': '*', 'Cache-Control': 'no-cache', 'ETag': 'W/"482-nHEz7qFYlojxb2B2MuB9EITnzUw"', 'Vary': 'Accept-Encoding', 'Content-Encoding': 'gzip', 'CF-Cache-Status': 'DYNAMIC', 'Report-To': '{"endpoints":[{"url":"https:\\/\\/a.nel.cloudflare.com\\/report\\/v4?s=VG7CUuttqmmc3LOvrVCRKVm7%2BL0cJvD7jsoP7BYvAuSz%2FCFZTNREhf21FYgC8%2FSexpTj%2FbQtuATFr3qYGg533X%2BnMjMPmpivFzMLUR4%2FYHKQI8%2BNE2UH7nDBGXx6EBgw"}],"group":"cf-nel","max_age":604800}', 'NEL': '{"success_fraction":0,"report_to":"cf-nel","max_age":604800}', 'Server': 'cloudflare', 'CF-RAY': '86cac231df675766-IAD', 'alt-svc': 'h3=":443"; ma=86400'} 
 body={"results":[{"gender":"male","name":{"title":"Mr","first":"Spasoje","last":"Topić"},"location":{"street":{"number":1983,"name":"Niška"},"city":"Inđija","state":"Kosovo","country":"Serbia","postcode":29794,"coordinates":{"latitude":"59.4257","longitude":"-33.1330"},"timezone":{"offset":"-4:00","description":"Atlantic Time (Canada), Caracas, La Paz"}},"email":"spasoje.topic@example.com","login":{"uuid":"bd439433-aa16-4448-8abb-ed9fbf29aa9e","username":"sadpanda895","password":"online","salt":"OQdArqFb","md5":"884d3788af62def01ba63f0892e574d3","sha1":"cd1615d3dc5514247b1cec5efb7a9889c4dcf483","sha256":"ea1ead682b9836df9f83243efdb7d3f7cc2cb7273fc9bfc69d6ef2c206e2cf3a"},"dob":{"date":"1991-03-16T16:04:37.951Z","age":33},"registered":{"date":"2014-02-04T13:05:07.065Z","age":10},"phone":"039-1566-694","cell":"063-5279-299","id":{"name":"SID","value":"540334208"},"picture":{"large":"https://randomuser.me/api/portraits/men/94.jpg","medium":"https://randomuser.me/api/portraits/med/men/94.jpg","thumbnail":"https://randomuser.me/api/portraits/thumb/men/94.jpg"},"nat":"RS"}],"info":{"seed":"f61341c37a3adb75","results":1,"page":1,"version":"1.4"}} 
 </msg>
<msg time="2024-03-30T20:13:08.884651" level="INFO">/opt/hostedtoolcache/Python/3.12.2/x64/lib/python3.12/site-packages/urllib3/connectionpool.py:1103: InsecureRequestWarning: Unverified HTTPS request is being made to host 'randomuser.me'. Adding certificate verification is strongly advised. See: https://urllib3.readthedocs.io/en/latest/advanced-usage.html#tls-warnings
  warnings.warn(</msg>
<msg time="2024-03-30T20:13:08.884772" level="INFO">${response} = &lt;Response [200]&gt;</msg>
<var>${response}</var>
<arg>consultarAPI</arg>
<arg>/api</arg>
<doc>Sends a GET request on a previously created HTTP Session.</doc>
<status status="PASS" start="2024-03-30T20:13:08.772538" elapsed="0.112268"/>
</kw>
<kw name="Set Variable" owner="BuiltIn">
<msg time="2024-03-30T20:13:08.885700" level="INFO">${json_data} = {'results': [{'gender': 'male', 'name': {'title': 'Mr', 'first': 'Spasoje', 'last': 'Topić'}, 'location': {'street': {'number': 1983, 'name': 'Niška'}, 'city': 'Inđija', 'state': 'Kosovo', 'country': ...</msg>
<var>${json_data}</var>
<arg>${response.json()}</arg>
<doc>Returns the given values which can then be assigned to a variables.</doc>
<status status="PASS" start="2024-03-30T20:13:08.885215" elapsed="0.000516"/>
</kw>
<kw name="Log" owner="BuiltIn">
<msg time="2024-03-30T20:13:08.886204" level="INFO">{'results': [{'gender': 'male', 'name': {'title': 'Mr', 'first': 'Spasoje', 'last': 'Topić'}, 'location': {'street': {'number': 1983, 'name': 'Niška'}, 'city': 'Inđija', 'state': 'Kosovo', 'country': 'Serbia', 'postcode': 29794, 'coordinates': {'latitude': '59.4257', 'longitude': '-33.1330'}, 'timezone': {'offset': '-4:00', 'description': 'Atlantic Time (Canada), Caracas, La Paz'}}, 'email': 'spasoje.topic@example.com', 'login': {'uuid': 'bd439433-aa16-4448-8abb-ed9fbf29aa9e', 'username': 'sadpanda895', 'password': 'online', 'salt': 'OQdArqFb', 'md5': '884d3788af62def01ba63f0892e574d3', 'sha1': 'cd1615d3dc5514247b1cec5efb7a9889c4dcf483', 'sha256': 'ea1ead682b9836df9f83243efdb7d3f7cc2cb7273fc9bfc69d6ef2c206e2cf3a'}, 'dob': {'date': '1991-03-16T16:04:37.951Z', 'age': 33}, 'registered': {'date': '2014-02-04T13:05:07.065Z', 'age': 10}, 'phone': '039-1566-694', 'cell': '063-5279-299', 'id': {'name': 'SID', 'value': '540334208'}, 'picture': {'large': 'https://randomuser.me/api/portraits/men/94.jpg', 'medium': 'https://randomuser.me/api/portraits/med/men/94.jpg', 'thumbnail': 'https://randomuser.me/api/portraits/thumb/men/94.jpg'}, 'nat': 'RS'}], 'info': {'seed': 'f61341c37a3adb75', 'results': 1, 'page': 1, 'version': '1.4'}}</msg>
<arg>${json_data}</arg>
<doc>Logs the given message with the given level.</doc>
<status status="PASS" start="2024-03-30T20:13:08.886043" elapsed="0.000212"/>
</kw>
<kw name="Dictionary Should Contain Key" owner="Collections">
<msg time="2024-03-30T20:13:08.886771" level="INFO">False</msg>
<arg>${json_data}</arg>
<arg>results</arg>
<doc>Fails if ``key`` is not found from ``dictionary``.</doc>
<status status="PASS" start="2024-03-30T20:13:08.886619" elapsed="0.000189"/>
</kw>
<kw name="Should Not Be Empty" owner="BuiltIn">
<msg time="2024-03-30T20:13:08.887232" level="INFO">Length is 2.</msg>
<arg>${json_data}</arg>
<doc>Verifies that the given item is not empty.</doc>
<status status="PASS" start="2024-03-30T20:13:08.887099" elapsed="0.000178"/>
</kw>
<kw name="Create List" owner="BuiltIn">
<msg time="2024-03-30T20:13:08.887714" level="INFO">${expected_keys} = ['gender', 'name', 'location', 'email', 'login']</msg>
<var>${expected_keys}</var>
<arg>gender</arg>
<arg>name</arg>
<arg>location</arg>
<arg>email</arg>
<arg>login</arg>
<doc>Returns a list containing given items.</doc>
<status status="PASS" start="2024-03-30T20:13:08.887568" elapsed="0.000170"/>
</kw>
<for flavor="IN">
<iter>
<kw name="Dictionary Should Contain Key" owner="Collections">
<msg time="2024-03-30T20:13:08.888719" level="INFO">False</msg>
<arg>${json_data['results'][0]}</arg>
<arg>${key}</arg>
<doc>Fails if ``key`` is not found from ``dictionary``.</doc>
<status status="PASS" start="2024-03-30T20:13:08.888310" elapsed="0.000449"/>
</kw>
<kw name="Log" owner="BuiltIn">
<msg time="2024-03-30T20:13:08.889465" level="INFO">{'gender': 'male', 'name': {'title': 'Mr', 'first': 'Spasoje', 'last': 'Topić'}, 'location': {'street': {'number': 1983, 'name': 'Niška'}, 'city': 'Inđija', 'state': 'Kosovo', 'country': 'Serbia', 'postcode': 29794, 'coordinates': {'latitude': '59.4257', 'longitude': '-33.1330'}, 'timezone': {'offset': '-4:00', 'description': 'Atlantic Time (Canada), Caracas, La Paz'}}, 'email': 'spasoje.topic@example.com', 'login': {'uuid': 'bd439433-aa16-4448-8abb-ed9fbf29aa9e', 'username': 'sadpanda895', 'password': 'online', 'salt': 'OQdArqFb', 'md5': '884d3788af62def01ba63f0892e574d3', 'sha1': 'cd1615d3dc5514247b1cec5efb7a9889c4dcf483', 'sha256': 'ea1ead682b9836df9f83243efdb7d3f7cc2cb7273fc9bfc69d6ef2c206e2cf3a'}, 'dob': {'date': '1991-03-16T16:04:37.951Z', 'age': 33}, 'registered': {'date': '2014-02-04T13:05:07.065Z', 'age': 10}, 'phone': '039-1566-694', 'cell': '063-5279-299', 'id': {'name': 'SID', 'value': '540334208'}, 'picture': {'large': 'https://randomuser.me/api/portraits/men/94.jpg', 'medium': 'https://randomuser.me/api/portraits/med/men/94.jpg', 'thumbnail': 'https://randomuser.me/api/portraits/thumb/men/94.jpg'}, 'nat': 'RS'}</msg>
<arg>${json_data['results'][0]}</arg>
<doc>Logs the given message with the given level.</doc>
<status status="PASS" start="2024-03-30T20:13:08.889092" elapsed="0.000430"/>
</kw>
<kw name="Log" owner="BuiltIn">
<msg time="2024-03-30T20:13:08.889967" level="INFO">gender</msg>
<arg>${key}</arg>
<doc>Logs the given message with the given level.</doc>
<status status="PASS" start="2024-03-30T20:13:08.889837" elapsed="0.000168"/>
</kw>
<var name="${key}">gender</var>
<status status="PASS" start="2024-03-30T20:13:08.888181" elapsed="0.002044"/>
</iter>
<iter>
<kw name="Dictionary Should Contain Key" owner="Collections">
<msg time="2024-03-30T20:13:08.890939" level="INFO">False</msg>
<arg>${json_data['results'][0]}</arg>
<arg>${key}</arg>
<doc>Fails if ``key`` is not found from ``dictionary``.</doc>
<status status="PASS" start="2024-03-30T20:13:08.890552" elapsed="0.000426"/>
</kw>
<kw name="Log" owner="BuiltIn">
<msg time="2024-03-30T20:13:08.891744" level="INFO">{'gender': 'male', 'name': {'title': 'Mr', 'first': 'Spasoje', 'last': 'Topić'}, 'location': {'street': {'number': 1983, 'name': 'Niška'}, 'city': 'Inđija', 'state': 'Kosovo', 'country': 'Serbia', 'postcode': 29794, 'coordinates': {'latitude': '59.4257', 'longitude': '-33.1330'}, 'timezone': {'offset': '-4:00', 'description': 'Atlantic Time (Canada), Caracas, La Paz'}}, 'email': 'spasoje.topic@example.com', 'login': {'uuid': 'bd439433-aa16-4448-8abb-ed9fbf29aa9e', 'username': 'sadpanda895', 'password': 'online', 'salt': 'OQdArqFb', 'md5': '884d3788af62def01ba63f0892e574d3', 'sha1': 'cd1615d3dc5514247b1cec5efb7a9889c4dcf483', 'sha256': 'ea1ead682b9836df9f83243efdb7d3f7cc2cb7273fc9bfc69d6ef2c206e2cf3a'}, 'dob': {'date': '1991-03-16T16:04:37.951Z', 'age': 33}, 'registered': {'date': '2014-02-04T13:05:07.065Z', 'age': 10}, 'phone': '039-1566-694', 'cell': '063-5279-299', 'id': {'name': 'SID', 'value': '540334208'}, 'picture': {'large': 'https://randomuser.me/api/portraits/men/94.jpg', 'medium': 'https://randomuser.me/api/portraits/med/men/94.jpg', 'thumbnail': 'https://randomuser.me/api/portraits/thumb/men/94.jpg'}, 'nat': 'RS'}</msg>
<arg>${json_data['results'][0]}</arg>
<doc>Logs the given message with the given level.</doc>
<status status="PASS" start="2024-03-30T20:13:08.891370" elapsed="0.000425"/>
</kw>
<kw name="Log" owner="BuiltIn">
<msg time="2024-03-30T20:13:08.892227" level="INFO">name</msg>
<arg>${key}</arg>
<doc>Logs the given message with the given level.</doc>
<status status="PASS" start="2024-03-30T20:13:08.892098" elapsed="0.000167"/>
</kw>
<var name="${key}">name</var>
<status status="PASS" start="2024-03-30T20:13:08.890436" elapsed="0.002047"/>
</iter>
<iter>
<kw name="Dictionary Should Contain Key" owner="Collections">
<msg time="2024-03-30T20:13:08.893143" level="INFO">False</msg>
<arg>${json_data['results'][0]}</arg>
<arg>${key}</arg>
<doc>Fails if ``key`` is not found from ``dictionary``.</doc>
<status status="PASS" start="2024-03-30T20:13:08.892773" elapsed="0.000408"/>
</kw>
<kw name="Log" owner="BuiltIn">
<msg time="2024-03-30T20:13:08.893835" level="INFO">{'gender': 'male', 'name': {'title': 'Mr', 'first': 'Spasoje', 'last': 'Topić'}, 'location': {'street': {'number': 1983, 'name': 'Niška'}, 'city': 'Inđija', 'state': 'Kosovo', 'country': 'Serbia', 'postcode': 29794, 'coordinates': {'latitude': '59.4257', 'longitude': '-33.1330'}, 'timezone': {'offset': '-4:00', 'description': 'Atlantic Time (Canada), Caracas, La Paz'}}, 'email': 'spasoje.topic@example.com', 'login': {'uuid': 'bd439433-aa16-4448-8abb-ed9fbf29aa9e', 'username': 'sadpanda895', 'password': 'online', 'salt': 'OQdArqFb', 'md5': '884d3788af62def01ba63f0892e574d3', 'sha1': 'cd1615d3dc5514247b1cec5efb7a9889c4dcf483', 'sha256': 'ea1ead682b9836df9f83243efdb7d3f7cc2cb7273fc9bfc69d6ef2c206e2cf3a'}, 'dob': {'date': '1991-03-16T16:04:37.951Z', 'age': 33}, 'registered': {'date': '2014-02-04T13:05:07.065Z', 'age': 10}, 'phone': '039-1566-694', 'cell': '063-5279-299', 'id': {'name': 'SID', 'value': '540334208'}, 'picture': {'large': 'https://randomuser.me/api/portraits/men/94.jpg', 'medium': 'https://randomuser.me/api/portraits/med/men/94.jpg', 'thumbnail': 'https://randomuser.me/api/portraits/thumb/men/94.jpg'}, 'nat': 'RS'}</msg>
<arg>${json_data['results'][0]}</arg>
<doc>Logs the given message with the given level.</doc>
<status status="PASS" start="2024-03-30T20:13:08.893479" elapsed="0.000410"/>
</kw>
<kw name="Log" owner="BuiltIn">
<msg time="2024-03-30T20:13:08.894333" level="INFO">location</msg>
<arg>${key}</arg>
<doc>Logs the given message with the given level.</doc>
<status status="PASS" start="2024-03-30T20:13:08.894186" elapsed="0.000189"/>
</kw>
<var name="${key}">location</var>
<status status="PASS" start="2024-03-30T20:13:08.892663" elapsed="0.001936"/>
</iter>
<iter>
<kw name="Dictionary Should Contain Key" owner="Collections">
<msg time="2024-03-30T20:13:08.895277" level="INFO">False</msg>
<arg>${json_data['results'][0]}</arg>
<arg>${key}</arg>
<doc>Fails if ``key`` is not found from ``dictionary``.</doc>
<status status="PASS" start="2024-03-30T20:13:08.894887" elapsed="0.000428"/>
</kw>
<kw name="Log" owner="BuiltIn">
<msg time="2024-03-30T20:13:08.895972" level="INFO">{'gender': 'male', 'name': {'title': 'Mr', 'first': 'Spasoje', 'last': 'Topić'}, 'location': {'street': {'number': 1983, 'name': 'Niška'}, 'city': 'Inđija', 'state': 'Kosovo', 'country': 'Serbia', 'postcode': 29794, 'coordinates': {'latitude': '59.4257', 'longitude': '-33.1330'}, 'timezone': {'offset': '-4:00', 'description': 'Atlantic Time (Canada), Caracas, La Paz'}}, 'email': 'spasoje.topic@example.com', 'login': {'uuid': 'bd439433-aa16-4448-8abb-ed9fbf29aa9e', 'username': 'sadpanda895', 'password': 'online', 'salt': 'OQdArqFb', 'md5': '884d3788af62def01ba63f0892e574d3', 'sha1': 'cd1615d3dc5514247b1cec5efb7a9889c4dcf483', 'sha256': 'ea1ead682b9836df9f83243efdb7d3f7cc2cb7273fc9bfc69d6ef2c206e2cf3a'}, 'dob': {'date': '1991-03-16T16:04:37.951Z', 'age': 33}, 'registered': {'date': '2014-02-04T13:05:07.065Z', 'age': 10}, 'phone': '039-1566-694', 'cell': '063-5279-299', 'id': {'name': 'SID', 'value': '540334208'}, 'picture': {'large': 'https://randomuser.me/api/portraits/men/94.jpg', 'medium': 'https://randomuser.me/api/portraits/med/men/94.jpg', 'thumbnail': 'https://randomuser.me/api/portraits/thumb/men/94.jpg'}, 'nat': 'RS'}</msg>
<arg>${json_data['results'][0]}</arg>
<doc>Logs the given message with the given level.</doc>
<status status="PASS" start="2024-03-30T20:13:08.895611" elapsed="0.000411"/>
</kw>
<kw name="Log" owner="BuiltIn">
<msg time="2024-03-30T20:13:08.896439" level="INFO">email</msg>
<arg>${key}</arg>
<doc>Logs the given message with the given level.</doc>
<status status="PASS" start="2024-03-30T20:13:08.896313" elapsed="0.000163"/>
</kw>
<var name="${key}">email</var>
<status status="PASS" start="2024-03-30T20:13:08.894769" elapsed="0.001932"/>
</iter>
<iter>
<kw name="Dictionary Should Contain Key" owner="Collections">
<msg time="2024-03-30T20:13:08.897357" level="INFO">False</msg>
<arg>${json_data['results'][0]}</arg>
<arg>${key}</arg>
<doc>Fails if ``key`` is not found from ``dictionary``.</doc>
<status status="PASS" start="2024-03-30T20:13:08.896989" elapsed="0.000406"/>
</kw>
<kw name="Log" owner="BuiltIn">
<msg time="2024-03-30T20:13:08.898050" level="INFO">{'gender': 'male', 'name': {'title': 'Mr', 'first': 'Spasoje', 'last': 'Topić'}, 'location': {'street': {'number': 1983, 'name': 'Niška'}, 'city': 'Inđija', 'state': 'Kosovo', 'country': 'Serbia', 'postcode': 29794, 'coordinates': {'latitude': '59.4257', 'longitude': '-33.1330'}, 'timezone': {'offset': '-4:00', 'description': 'Atlantic Time (Canada), Caracas, La Paz'}}, 'email': 'spasoje.topic@example.com', 'login': {'uuid': 'bd439433-aa16-4448-8abb-ed9fbf29aa9e', 'username': 'sadpanda895', 'password': 'online', 'salt': 'OQdArqFb', 'md5': '884d3788af62def01ba63f0892e574d3', 'sha1': 'cd1615d3dc5514247b1cec5efb7a9889c4dcf483', 'sha256': 'ea1ead682b9836df9f83243efdb7d3f7cc2cb7273fc9bfc69d6ef2c206e2cf3a'}, 'dob': {'date': '1991-03-16T16:04:37.951Z', 'age': 33}, 'registered': {'date': '2014-02-04T13:05:07.065Z', 'age': 10}, 'phone': '039-1566-694', 'cell': '063-5279-299', 'id': {'name': 'SID', 'value': '540334208'}, 'picture': {'large': 'https://randomuser.me/api/portraits/men/94.jpg', 'medium': 'https://randomuser.me/api/portraits/med/men/94.jpg', 'thumbnail': 'https://randomuser.me/api/portraits/thumb/men/94.jpg'}, 'nat': 'RS'}</msg>
<arg>${json_data['results'][0]}</arg>
<doc>Logs the given message with the given level.</doc>
<status status="PASS" start="2024-03-30T20:13:08.897687" elapsed="0.000412"/>
</kw>
<kw name="Log" owner="BuiltIn">
<msg time="2024-03-30T20:13:08.898570" level="INFO">login</msg>
<arg>${key}</arg>
<doc>Logs the given message with the given level.</doc>
<status status="PASS" start="2024-03-30T20:13:08.898442" elapsed="0.000273"/>
</kw>
<var name="${key}">login</var>
<status status="PASS" start="2024-03-30T20:13:08.896873" elapsed="0.002068"/>
</iter>
<var>${key}</var>
<value>@{expected_keys}</value>
<status status="PASS" start="2024-03-30T20:13:08.887995" elapsed="0.011095"/>
</for>
<kw name="Create List" owner="BuiltIn">
<msg time="2024-03-30T20:13:08.899441" level="INFO">${expected_keysTwo} = ['username', 'password']</msg>
<var>${expected_keysTwo}</var>
<arg>username</arg>
<arg>password</arg>
<doc>Returns a list containing given items.</doc>
<status status="PASS" start="2024-03-30T20:13:08.899297" elapsed="0.000168"/>
</kw>
<for flavor="IN">
<iter>
<kw name="Dictionary Should Contain Key" owner="Collections">
<msg time="2024-03-30T20:13:08.900339" level="INFO">False</msg>
<arg>${json_data['results'][0]['login']}</arg>
<arg>${keyTwo}</arg>
<doc>Fails if ``key`` is not found from ``dictionary``.</doc>
<status status="PASS" start="2024-03-30T20:13:08.899962" elapsed="0.000414"/>
</kw>
<kw name="Dictionary Should Contain Key" owner="Collections">
<msg time="2024-03-30T20:13:08.901058" level="INFO">False</msg>
<arg>${json_data['results'][0]['login']}</arg>
<arg>${keyTwo}</arg>
<doc>Fails if ``key`` is not found from ``dictionary``.</doc>
<status status="PASS" start="2024-03-30T20:13:08.900686" elapsed="0.000410"/>
</kw>
<kw name="Log" owner="BuiltIn">
<msg time="2024-03-30T20:13:08.901513" level="INFO">username</msg>
<arg>${keyTwo}</arg>
<doc>Logs the given message with the given level.</doc>
<status status="PASS" start="2024-03-30T20:13:08.901387" elapsed="0.000162"/>
</kw>
<var name="${keyTwo}">username</var>
<status status="PASS" start="2024-03-30T20:13:08.899852" elapsed="0.001909"/>
</iter>
<iter>
<kw name="Dictionary Should Contain Key" owner="Collections">
<msg time="2024-03-30T20:13:08.902444" level="INFO">False</msg>
<arg>${json_data['results'][0]['login']}</arg>
<arg>${keyTwo}</arg>
<doc>Fails if ``key`` is not found from ``dictionary``.</doc>
<status status="PASS" start="2024-03-30T20:13:08.902035" elapsed="0.000447"/>
</kw>
<kw name="Dictionary Should Contain Key" owner="Collections">
<msg time="2024-03-30T20:13:08.903146" level="INFO">False</msg>
<arg>${json_data['results'][0]['login']}</arg>
<arg>${keyTwo}</arg>
<doc>Fails if ``key`` is not found from ``dictionary``.</doc>
<status status="PASS" start="2024-03-30T20:13:08.902774" elapsed="0.000408"/>
</kw>
<kw name="Log" owner="BuiltIn">
<msg time="2024-03-30T20:13:08.903600" level="INFO">password</msg>
<arg>${keyTwo}</arg>
<doc>Logs the given message with the given level.</doc>
<status status="PASS" start="2024-03-30T20:13:08.903473" elapsed="0.000165"/>
</kw>
<var name="${keyTwo}">password</var>
<status status="PASS" start="2024-03-30T20:13:08.901928" elapsed="0.001930"/>
</iter>
<var>${keyTwo}</var>
<value>@{expected_keysTwo}</value>
<status status="PASS" start="2024-03-30T20:13:08.899702" elapsed="0.004275"/>
</for>
<status status="PASS" start="2024-03-30T20:13:08.772276" elapsed="0.131841"/>
</kw>
<doc>Testa a estrutura da resposta da API.</doc>
<tag>testeEstruturaResposta</tag>
<status status="PASS" start="2024-03-30T20:13:08.771615" elapsed="0.132660"/>
</test>
<test id="s1-s1-t4" name="Validar tipos de dados" line="28">
<kw name="Teste de Tipos de Dados" owner="random-user-service">
<kw name="GET On Session" owner="RequestsLibrary">
<msg time="2024-03-30T20:13:08.976296" level="INFO">GET Request : url=https://randomuser.me/api 
 path_url=/api 
 headers={'User-Agent': 'python-requests/2.31.0', 'Accept-Encoding': 'gzip, deflate', 'Accept': '*/*', 'Connection': 'keep-alive'} 
 body=None 
 </msg>
<msg time="2024-03-30T20:13:08.976360" level="INFO">GET Response : url=https://randomuser.me/api 
 status=200, reason=OK 
 headers={'Date': 'Sat, 30 Mar 2024 20:13:08 GMT', 'Content-Type': 'application/json; charset=utf-8', 'Transfer-Encoding': 'chunked', 'Connection': 'keep-alive', 'X-Powered-By': 'Express', 'Access-Control-Allow-Origin': '*', 'Cache-Control': 'no-cache', 'ETag': 'W/"49a-mEr9om0nLnIj6unbTuGM9BAtDl0"', 'Vary': 'Accept-Encoding', 'Content-Encoding': 'gzip', 'CF-Cache-Status': 'DYNAMIC', 'Report-To': '{"endpoints":[{"url":"https:\\/\\/a.nel.cloudflare.com\\/report\\/v4?s=AZkQjmtOr0b7LVNeuZreks0nKOoFvamDqkQU82jG%2FYLfBIv%2FIEs%2BeREOwsyWsCQfnSe8kxNeRp3A4ID59P5yd7qPoKxDS2TDkdzS%2F6hZuqh%2BRjpDvyiZQ3gTqF3%2F6FZp"}],"group":"cf-nel","max_age":604800}', 'NEL': '{"success_fraction":0,"report_to":"cf-nel","max_age":604800}', 'Server': 'cloudflare', 'CF-RAY': '86cac232b82a5766-IAD', 'alt-svc': 'h3=":443"; ma=86400'} 
 body={"results":[{"gender":"male","name":{"title":"Mr","first":"Mirogost","last":"Yanushevich"},"location":{"street":{"number":1775,"name":"Akademika Rudnickogo"},"city":"Kiyiv","state":"Hmelnicka","country":"Ukraine","postcode":32400,"coordinates":{"latitude":"73.6140","longitude":"-171.3224"},"timezone":{"offset":"+1:00","description":"Brussels, Copenhagen, Madrid, Paris"}},"email":"mirogost.yanushevich@example.com","login":{"uuid":"9f72c6e3-5f35-4bc5-87d8-476e9535338e","username":"ticklishlion362","password":"joanna","salt":"v0otUVur","md5":"4f1b0ff02c729b348bbe05a09514dcfd","sha1":"58743680a54de4fb5176ad971a38d705816d8872","sha256":"013c7c030836a2101f26db5d16ac901489b6b23b752c38036cd6061a19516ec1"},"dob":{"date":"1972-07-24T18:53:24.815Z","age":51},"registered":{"date":"2010-10-20T20:13:21.752Z","age":13},"phone":"(096) I23-2258","cell":"(066) O60-8237","id":{"name":"","value":null},"picture":{"large":"https://randomuser.me/api/portraits/men/88.jpg","medium":"https://randomuser.me/api/portraits/med/men/88.jpg","thumbnail":"https://randomuser.me/api/portraits/thumb/men/88.jpg"},"nat":"UA"}],"info":{"seed":"61f47bb5b958282d","results":1,"page":1,"version":"1.4"}} 
 </msg>
<msg time="2024-03-30T20:13:08.976415" level="INFO">/opt/hostedtoolcache/Python/3.12.2/x64/lib/python3.12/site-packages/urllib3/connectionpool.py:1103: InsecureRequestWarning: Unverified HTTPS request is being made to host 'randomuser.me'. Adding certificate verification is strongly advised. See: https://urllib3.readthedocs.io/en/latest/advanced-usage.html#tls-warnings
  warnings.warn(</msg>
<msg time="2024-03-30T20:13:08.976500" level="INFO">${response} = &lt;Response [200]&gt;</msg>
<var>${response}</var>
<arg>consultarAPI</arg>
<arg>/api</arg>
<doc>Sends a GET request on a previously created HTTP Session.</doc>
<status status="PASS" start="2024-03-30T20:13:08.906744" elapsed="0.069786"/>
</kw>
<kw name="Set Variable" owner="BuiltIn">
<msg time="2024-03-30T20:13:08.977365" level="INFO">${json_data} = {'results': [{'gender': 'male', 'name': {'title': 'Mr', 'first': 'Mirogost', 'last': 'Yanushevich'}, 'location': {'street': {'number': 1775, 'name': 'Akademika Rudnickogo'}, 'city': 'Kiyiv', 'state': ...</msg>
<var>${json_data}</var>
<arg>${response.json()}</arg>
<doc>Returns the given values which can then be assigned to a variables.</doc>
<status status="PASS" start="2024-03-30T20:13:08.976921" elapsed="0.000472"/>
</kw>
<kw name="Log" owner="BuiltIn">
<msg time="2024-03-30T20:13:08.977859" level="INFO">{'results': [{'gender': 'male', 'name': {'title': 'Mr', 'first': 'Mirogost', 'last': 'Yanushevich'}, 'location': {'street': {'number': 1775, 'name': 'Akademika Rudnickogo'}, 'city': 'Kiyiv', 'state': 'Hmelnicka', 'country': 'Ukraine', 'postcode': 32400, 'coordinates': {'latitude': '73.6140', 'longitude': '-171.3224'}, 'timezone': {'offset': '+1:00', 'description': 'Brussels, Copenhagen, Madrid, Paris'}}, 'email': 'mirogost.yanushevich@example.com', 'login': {'uuid': '9f72c6e3-5f35-4bc5-87d8-476e9535338e', 'username': 'ticklishlion362', 'password': 'joanna', 'salt': 'v0otUVur', 'md5': '4f1b0ff02c729b348bbe05a09514dcfd', 'sha1': '58743680a54de4fb5176ad971a38d705816d8872', 'sha256': '013c7c030836a2101f26db5d16ac901489b6b23b752c38036cd6061a19516ec1'}, 'dob': {'date': '1972-07-24T18:53:24.815Z', 'age': 51}, 'registered': {'date': '2010-10-20T20:13:21.752Z', 'age': 13}, 'phone': '(096) I23-2258', 'cell': '(066) O60-8237', 'id': {'name': '', 'value': None}, 'picture': {'large': 'https://randomuser.me/api/portraits/men/88.jpg', 'medium': 'https://randomuser.me/api/portraits/med/men/88.jpg', 'thumbnail': 'https://randomuser.me/api/portraits/thumb/men/88.jpg'}, 'nat': 'UA'}], 'info': {'seed': '61f47bb5b958282d', 'results': 1, 'page': 1, 'version': '1.4'}}</msg>
<arg>${json_data}</arg>
<doc>Logs the given message with the given level.</doc>
<status status="PASS" start="2024-03-30T20:13:08.977707" elapsed="0.000231"/>
</kw>
<kw name="Should Be String" owner="String">
<arg>${json_data['results'][0]['gender']}</arg>
<doc>Fails if the given ``item`` is not a string.</doc>
<status status="PASS" start="2024-03-30T20:13:08.978242" elapsed="0.000400"/>
</kw>
<kw name="Should Match Regexp" owner="BuiltIn">
<arg>${json_data['results'][0]['email']}</arg>
<arg>^[a-zA-Z0-9._%+-]+@[a-zA-Z0-9.-]+\.[a-zA-Z]{2,}$</arg>
<doc>Fails if ``string`` does not match ``pattern`` as a regular expression.</doc>
<status status="PASS" start="2024-03-30T20:13:08.978836" elapsed="0.000514"/>
</kw>
<kw name="Should Match Regexp" owner="BuiltIn">
<arg>${json_data['results'][0]['dob']['date']}</arg>
<arg>\\d{4}-\\d{2}-\\d{2}T\\d{2}:\\d{2}:\\d{2}\\.\\d{3}Z</arg>
<doc>Fails if ``string`` does not match ``pattern`` as a regular expression.</doc>
<status status="PASS" start="2024-03-30T20:13:08.979548" elapsed="0.000488"/>
</kw>
<kw name="Should Match Regexp" owner="BuiltIn">
<arg>${json_data['results'][0]['registered']['date']}</arg>
<arg>\\d{4}-\\d{2}-\\d{2}T\\d{2}:\\d{2}:\\d{2}\\.\\d{3}Z</arg>
<doc>Fails if ``string`` does not match ``pattern`` as a regular expression.</doc>
<status status="PASS" start="2024-03-30T20:13:08.980229" elapsed="0.000372"/>
</kw>
<kw name="Should Match Regexp" owner="BuiltIn">
<arg>${json_data['results'][0]['picture']['large']}</arg>
<arg>^https?://.*\.(?:png|jpe?g|gif|bmp)$</arg>
<doc>Fails if ``string`` does not match ``pattern`` as a regular expression.</doc>
<status status="PASS" start="2024-03-30T20:13:08.980789" elapsed="0.000451"/>
</kw>
<kw name="Should Match Regexp" owner="BuiltIn">
<arg>${json_data['results'][0]['picture']['medium']}</arg>
<arg>^https?://.*\.(?:png|jpe?g|gif|bmp)$</arg>
<doc>Fails if ``string`` does not match ``pattern`` as a regular expression.</doc>
<status status="PASS" start="2024-03-30T20:13:08.981428" elapsed="0.000354"/>
</kw>
<kw name="Should Match Regexp" owner="BuiltIn">
<arg>${json_data['results'][0]['picture']['thumbnail']}</arg>
<arg>^https?://.*\.(?:png|jpe?g|gif|bmp)$</arg>
<doc>Fails if ``string`` does not match ``pattern`` as a regular expression.</doc>
<status status="PASS" start="2024-03-30T20:13:08.981968" elapsed="0.000373"/>
</kw>
<kw name="Log" owner="BuiltIn">
<msg time="2024-03-30T20:13:08.982862" level="INFO">{'large': 'https://randomuser.me/api/portraits/men/88.jpg', 'medium': 'https://randomuser.me/api/portraits/med/men/88.jpg', 'thumbnail': 'https://randomuser.me/api/portraits/thumb/men/88.jpg'}</msg>
<arg>${json_data['results'][0]['picture']}</arg>
<doc>Logs the given message with the given level.</doc>
<status status="PASS" start="2024-03-30T20:13:08.982533" elapsed="0.000376"/>
</kw>
<status status="PASS" start="2024-03-30T20:13:08.906511" elapsed="0.076654"/>
</kw>
<kw name="Teste de Tipos de Dados - Postcode" owner="random-user-service">
<kw name="GET On Session" owner="RequestsLibrary">
<msg time="2024-03-30T20:13:09.075254" level="INFO">GET Request : url=https://randomuser.me/api 
 path_url=/api 
 headers={'User-Agent': 'python-requests/2.31.0', 'Accept-Encoding': 'gzip, deflate', 'Accept': '*/*', 'Connection': 'keep-alive'} 
 body=None 
 </msg>
<msg time="2024-03-30T20:13:09.075348" level="INFO">GET Response : url=https://randomuser.me/api 
 status=200, reason=OK 
 headers={'Date': 'Sat, 30 Mar 2024 20:13:09 GMT', 'Content-Type': 'application/json; charset=utf-8', 'Transfer-Encoding': 'chunked', 'Connection': 'keep-alive', 'X-Powered-By': 'Express', 'Access-Control-Allow-Origin': '*', 'Cache-Control': 'no-cache', 'ETag': 'W/"49b-NU3/gAgu93wxYIQdJ1BzpAZnQFI"', 'Vary': 'Accept-Encoding', 'Content-Encoding': 'gzip', 'CF-Cache-Status': 'DYNAMIC', 'Report-To': '{"endpoints":[{"url":"https:\\/\\/a.nel.cloudflare.com\\/report\\/v4?s=KsQSfkI9%2BWXckK%2FwqqRVoYFZpYI2lsKpaLTBYbpvlbq5A%2BK1AgZ%2FwXlj8g91%2B7QO3xx4UAL4iyES%2BLiFHjyl%2FTci3sP1OP0scL8FU5Le%2FnTR60upmmoxsAtx0nS7nTQ0"}],"group":"cf-nel","max_age":604800}', 'NEL': '{"success_fraction":0,"report_to":"cf-nel","max_age":604800}', 'Server': 'cloudflare', 'CF-RAY': '86cac23328715766-IAD', 'alt-svc': 'h3=":443"; ma=86400'} 
 body={"results":[{"gender":"female","name":{"title":"Mrs","first":"مرسانا","last":"كامياران"},"location":{"street":{"number":9823,"name":"آیت الله کاشانی"},"city":"ایلام","state":"اردبیل","country":"Iran","postcode":99528,"coordinates":{"latitude":"20.3542","longitude":"79.1079"},"timezone":{"offset":"-11:00","description":"Midway Island, Samoa"}},"email":"mrsn.kmyrn@example.com","login":{"uuid":"a881f121-f0ab-46bb-9605-62db79ef6144","username":"greengorilla259","password":"505050","salt":"bORARSYB","md5":"5c2a5e0bdf687d4d54f1485d5249106a","sha1":"66430ca6c3f24e4eb9434e895a67191f371fb3cf","sha256":"44a3e0668d3cac7077b9fee8fba62688fd8c8d0c174e340bbd3d5f80848160db"},"dob":{"date":"1991-12-29T16:54:04.746Z","age":32},"registered":{"date":"2016-12-04T02:06:51.777Z","age":7},"phone":"058-94022890","cell":"0985-949-7294","id":{"name":"","value":null},"picture":{"large":"https://randomuser.me/api/portraits/women/45.jpg","medium":"https://randomuser.me/api/portraits/med/women/45.jpg","thumbnail":"https://randomuser.me/api/portraits/thumb/women/45.jpg"},"nat":"IR"}],"info":{"seed":"6cfb258758ab06bd","results":1,"page":1,"version":"1.4"}} 
 </msg>
<msg time="2024-03-30T20:13:09.075446" level="INFO">/opt/hostedtoolcache/Python/3.12.2/x64/lib/python3.12/site-packages/urllib3/connectionpool.py:1103: InsecureRequestWarning: Unverified HTTPS request is being made to host 'randomuser.me'. Adding certificate verification is strongly advised. See: https://urllib3.readthedocs.io/en/latest/advanced-usage.html#tls-warnings
  warnings.warn(</msg>
<msg time="2024-03-30T20:13:09.075555" level="INFO">${response} = &lt;Response [200]&gt;</msg>
<var>${response}</var>
<arg>consultarAPI</arg>
<arg>/api</arg>
<doc>Sends a GET request on a previously created HTTP Session.</doc>
<status status="PASS" start="2024-03-30T20:13:08.983728" elapsed="0.091864"/>
</kw>
<kw name="Set Variable" owner="BuiltIn">
<msg time="2024-03-30T20:13:09.076491" level="INFO">${json_data} = {'results': [{'gender': 'female', 'name': {'title': 'Mrs', 'first': 'مرسانا', 'last': 'كامياران'}, 'location': {'street': {'number': 9823, 'name': 'آیت الله کاشانی'}, 'city': 'ایلام', 'state': 'اردبیل...</msg>
<var>${json_data}</var>
<arg>${response.json()}</arg>
<doc>Returns the given values which can then be assigned to a variables.</doc>
<status status="PASS" start="2024-03-30T20:13:09.076010" elapsed="0.000513"/>
</kw>
<kw name="Log" owner="BuiltIn">
<msg time="2024-03-30T20:13:09.077000" level="INFO">{'results': [{'gender': 'female', 'name': {'title': 'Mrs', 'first': 'مرسانا', 'last': 'كامياران'}, 'location': {'street': {'number': 9823, 'name': 'آیت الله کاشانی'}, 'city': 'ایلام', 'state': 'اردبیل', 'country': 'Iran', 'postcode': 99528, 'coordinates': {'latitude': '20.3542', 'longitude': '79.1079'}, 'timezone': {'offset': '-11:00', 'description': 'Midway Island, Samoa'}}, 'email': 'mrsn.kmyrn@example.com', 'login': {'uuid': 'a881f121-f0ab-46bb-9605-62db79ef6144', 'username': 'greengorilla259', 'password': '505050', 'salt': 'bORARSYB', 'md5': '5c2a5e0bdf687d4d54f1485d5249106a', 'sha1': '66430ca6c3f24e4eb9434e895a67191f371fb3cf', 'sha256': '44a3e0668d3cac7077b9fee8fba62688fd8c8d0c174e340bbd3d5f80848160db'}, 'dob': {'date': '1991-12-29T16:54:04.746Z', 'age': 32}, 'registered': {'date': '2016-12-04T02:06:51.777Z', 'age': 7}, 'phone': '058-94022890', 'cell': '0985-949-7294', 'id': {'name': '', 'value': None}, 'picture': {'large': 'https://randomuser.me/api/portraits/women/45.jpg', 'medium': 'https://randomuser.me/api/portraits/med/women/45.jpg', 'thumbnail': 'https://randomuser.me/api/portraits/thumb/women/45.jpg'}, 'nat': 'IR'}], 'info': {'seed': '6cfb258758ab06bd', 'results': 1, 'page': 1, 'version': '1.4'}}</msg>
<arg>${json_data}</arg>
<doc>Logs the given message with the given level.</doc>
<status status="PASS" start="2024-03-30T20:13:09.076840" elapsed="0.000244"/>
</kw>
<kw name="Should Be Equal As Numbers" owner="BuiltIn">
<arg>${json_data['results'][0]['location']['postcode']}</arg>
<arg>${json_data['results'][0]['location']['postcode']}</arg>
<doc>Fails if objects are unequal after converting them to real numbers.</doc>
<status status="PASS" start="2024-03-30T20:13:09.077397" elapsed="0.000654"/>
</kw>
<kw name="Log" owner="BuiltIn">
<msg time="2024-03-30T20:13:09.078638" level="INFO">99528</msg>
<arg>${json_data['results'][0]['location']['postcode']}</arg>
<doc>Logs the given message with the given level.</doc>
<status status="PASS" start="2024-03-30T20:13:09.078251" elapsed="0.000428"/>
</kw>
<status status="PASS" start="2024-03-30T20:13:08.983385" elapsed="0.095553"/>
</kw>
<doc>Testa se os tipos de dados na resposta da API estão corretos.</doc>
<tag>testeTiposDados</tag>
<status status="PASS" start="2024-03-30T20:13:08.906030" elapsed="0.173082"/>
</test>
<test id="s1-s1-t5" name="Validar conteudo" line="35">
<kw name="Teste de Tipos de Conteudo" owner="random-user-service">
<kw name="GET On Session" owner="RequestsLibrary">
<msg time="2024-03-30T20:13:09.164608" level="INFO">GET Request : url=https://randomuser.me/api 
 path_url=/api 
 headers={'User-Agent': 'python-requests/2.31.0', 'Accept-Encoding': 'gzip, deflate', 'Accept': '*/*', 'Connection': 'keep-alive'} 
 body=None 
 </msg>
<msg time="2024-03-30T20:13:09.164673" level="INFO">GET Response : url=https://randomuser.me/api 
 status=200, reason=OK 
 headers={'Date': 'Sat, 30 Mar 2024 20:13:09 GMT', 'Content-Type': 'application/json; charset=utf-8', 'Transfer-Encoding': 'chunked', 'Connection': 'keep-alive', 'X-Powered-By': 'Express', 'Access-Control-Allow-Origin': '*', 'Cache-Control': 'no-cache', 'ETag': 'W/"48f-d55e2hOYHqs1bXjGsyEBMULu9vo"', 'Vary': 'Accept-Encoding', 'Content-Encoding': 'gzip', 'CF-Cache-Status': 'DYNAMIC', 'Report-To': '{"endpoints":[{"url":"https:\\/\\/a.nel.cloudflare.com\\/report\\/v4?s=oR3DH7S4so9XRQOKc%2Ftq3%2FMMlH1xkkksU%2BPDF4dNJeKDYiCQ7C6QWy7awM17%2FOcoVJz52wGWedq5T6hRguR7abXU95JgsgWUcvNxotyrPOq0pjADF8UQeZnRdbM%2B2yG6"}],"group":"cf-nel","max_age":604800}', 'NEL': '{"success_fraction":0,"report_to":"cf-nel","max_age":604800}', 'Server': 'cloudflare', 'CF-RAY': '86cac233c8c85766-IAD', 'alt-svc': 'h3=":443"; ma=86400'} 
 body={"results":[{"gender":"female","name":{"title":"Mrs","first":"Sevim","last":"Geiger"},"location":{"street":{"number":93,"name":"Mühlenstraße"},"city":"Dietzenbach","state":"Bremen","country":"Germany","postcode":98966,"coordinates":{"latitude":"-47.5233","longitude":"63.8735"},"timezone":{"offset":"-1:00","description":"Azores, Cape Verde Islands"}},"email":"sevim.geiger@example.com","login":{"uuid":"d3660b34-fd62-4700-95b3-bce4f435303e","username":"brownpanda782","password":"putter","salt":"ZAkCacJx","md5":"7f0a1f848cf2cd2289e3f048776edb66","sha1":"968408c82f2e149f86cb0d42835224b74be96961","sha256":"f148b29894e13480c65e10773765484c6ab596898dbebef6997b958ee72ba84c"},"dob":{"date":"1995-09-09T15:05:25.215Z","age":28},"registered":{"date":"2008-06-25T10:12:34.436Z","age":15},"phone":"0223-2028514","cell":"0175-2449753","id":{"name":"SVNR","value":"53 090995 G 841"},"picture":{"large":"https://randomuser.me/api/portraits/women/91.jpg","medium":"https://randomuser.me/api/portraits/med/women/91.jpg","thumbnail":"https://randomuser.me/api/portraits/thumb/women/91.jpg"},"nat":"DE"}],"info":{"seed":"d3e376cb53d58178","results":1,"page":1,"version":"1.4"}} 
 </msg>
<msg time="2024-03-30T20:13:09.164730" level="INFO">/opt/hostedtoolcache/Python/3.12.2/x64/lib/python3.12/site-packages/urllib3/connectionpool.py:1103: InsecureRequestWarning: Unverified HTTPS request is being made to host 'randomuser.me'. Adding certificate verification is strongly advised. See: https://urllib3.readthedocs.io/en/latest/advanced-usage.html#tls-warnings
  warnings.warn(</msg>
<msg time="2024-03-30T20:13:09.164817" level="INFO">${response} = &lt;Response [200]&gt;</msg>
<var>${response}</var>
<arg>consultarAPI</arg>
<arg>/api</arg>
<doc>Sends a GET request on a previously created HTTP Session.</doc>
<status status="PASS" start="2024-03-30T20:13:09.081656" elapsed="0.083202"/>
</kw>
<kw name="Set Variable" owner="BuiltIn">
<msg time="2024-03-30T20:13:09.165894" level="INFO">${json_data} = {'results': [{'gender': 'female', 'name': {'title': 'Mrs', 'first': 'Sevim', 'last': 'Geiger'}, 'location': {'street': {'number': 93, 'name': 'Mühlenstraße'}, 'city': 'Dietzenbach', 'state': 'Bremen',...</msg>
<var>${json_data}</var>
<arg>${response.json()}</arg>
<doc>Returns the given values which can then be assigned to a variables.</doc>
<status status="PASS" start="2024-03-30T20:13:09.165328" elapsed="0.000596"/>
</kw>
<kw name="Set Variable" owner="BuiltIn">
<msg time="2024-03-30T20:13:09.166675" level="INFO">${name_title} = Mrs</msg>
<var>${name_title}</var>
<arg>${json_data["results"][0]["name"]["title"]}</arg>
<doc>Returns the given values which can then be assigned to a variables.</doc>
<status status="PASS" start="2024-03-30T20:13:09.166258" elapsed="0.000443"/>
</kw>
<kw name="Create List" owner="BuiltIn">
<msg time="2024-03-30T20:13:09.167158" level="INFO">${allowed_titles} = ['Mr', 'Ms', 'Miss', 'Mrs', 'Madame', 'Monsieur']</msg>
<var>${allowed_titles}</var>
<arg>Mr</arg>
<arg>Ms</arg>
<arg>Miss</arg>
<arg>Mrs</arg>
<arg>Madame</arg>
<arg>Monsieur</arg>
<doc>Returns a list containing given items.</doc>
<status status="PASS" start="2024-03-30T20:13:09.167007" elapsed="0.000177"/>
</kw>
<kw name="List Should Contain Value" owner="Collections">
<msg time="2024-03-30T20:13:09.167676" level="INFO">False</msg>
<arg>${allowed_titles}</arg>
<arg>${name_title}</arg>
<doc>Fails if the ``value`` is not found from ``list``.</doc>
<status status="PASS" start="2024-03-30T20:13:09.167499" elapsed="0.000215"/>
</kw>
<kw name="Set Variable" owner="BuiltIn">
<msg time="2024-03-30T20:13:09.168396" level="INFO">${name_country} = DE</msg>
<var>${name_country}</var>
<arg>${json_data["results"][0]["nat"]}</arg>
<doc>Returns the given values which can then be assigned to a variables.</doc>
<status status="PASS" start="2024-03-30T20:13:09.168009" elapsed="0.000413"/>
</kw>
<kw name="Create List" owner="BuiltIn">
<msg time="2024-03-30T20:13:09.169336" level="INFO">${list_country} = ['AD', 'AE', 'AF', 'AG', 'AI', 'AL', 'AM', 'AO', 'AQ', 'AR', 'AS', 'AT', 'AU', 'AW', 'AX', 'AZ', 'BA', 'BB', 'BD', 'BE', 'BF', 'BG', 'BH', 'BI', 'BJ', 'BL', 'BM', 'BN', 'BO', 'BQ', 'BR', 'BS', 'BT', '...</msg>
<var>${list_country}</var>
<arg>AD</arg>
<arg>AE</arg>
<arg>AF</arg>
<arg>AG</arg>
<arg>AI</arg>
<arg>AL</arg>
<arg>AM</arg>
<arg>AO</arg>
<arg>AQ</arg>
<arg>AR</arg>
<arg>AS</arg>
<arg>AT</arg>
<arg>AU</arg>
<arg>AW</arg>
<arg>AX</arg>
<arg>AZ</arg>
<arg>BA</arg>
<arg>BB</arg>
<arg>BD</arg>
<arg>BE</arg>
<arg>BF</arg>
<arg>BG</arg>
<arg>BH</arg>
<arg>BI</arg>
<arg>BJ</arg>
<arg>BL</arg>
<arg>BM</arg>
<arg>BN</arg>
<arg>BO</arg>
<arg>BQ</arg>
<arg>BR</arg>
<arg>BS</arg>
<arg>BT</arg>
<arg>BV</arg>
<arg>BW</arg>
<arg>BY</arg>
<arg>BZ</arg>
<arg>CA</arg>
<arg>CC</arg>
<arg>CD</arg>
<arg>CF</arg>
<arg>CG</arg>
<arg>CH</arg>
<arg>CI</arg>
<arg>CK</arg>
<arg>CL</arg>
<arg>CM</arg>
<arg>CN</arg>
<arg>CO</arg>
<arg>CR</arg>
<arg>CU</arg>
<arg>CV</arg>
<arg>CW</arg>
<arg>CX</arg>
<arg>CY</arg>
<arg>CZ</arg>
<arg>DE</arg>
<arg>DJ</arg>
<arg>DK</arg>
<arg>DM</arg>
<arg>DO</arg>
<arg>DZ</arg>
<arg>EC</arg>
<arg>EE</arg>
<arg>EG</arg>
<arg>EH</arg>
<arg>ER</arg>
<arg>ES</arg>
<arg>ET</arg>
<arg>FI</arg>
<arg>FJ</arg>
<arg>FK</arg>
<arg>FM</arg>
<arg>FO</arg>
<arg>FR</arg>
<arg>GA</arg>
<arg>GB</arg>
<arg>GD</arg>
<arg>GE</arg>
<arg>GF</arg>
<arg>GG</arg>
<arg>GH</arg>
<arg>GI</arg>
<arg>GL</arg>
<arg>GM</arg>
<arg>GN</arg>
<arg>GP</arg>
<arg>GQ</arg>
<arg>GR</arg>
<arg>GS</arg>
<arg>GT</arg>
<arg>GU</arg>
<arg>GW</arg>
<arg>GY</arg>
<arg>HK</arg>
<arg>HM</arg>
<arg>HN</arg>
<arg>HR</arg>
<arg>HT</arg>
<arg>HU</arg>
<arg>ID</arg>
<arg>IE</arg>
<arg>IL</arg>
<arg>IM</arg>
<arg>IN</arg>
<arg>IO</arg>
<arg>IQ</arg>
<arg>IR</arg>
<arg>IS</arg>
<arg>IT</arg>
<arg>JE</arg>
<arg>JM</arg>
<arg>JO</arg>
<arg>JP</arg>
<arg>KE</arg>
<arg>KG</arg>
<arg>KH</arg>
<arg>KI</arg>
<arg>KM</arg>
<arg>KN</arg>
<arg>KP</arg>
<arg>KR</arg>
<arg>KW</arg>
<arg>KY</arg>
<arg>KZ</arg>
<arg>LA</arg>
<arg>LB</arg>
<arg>LC</arg>
<arg>LI</arg>
<arg>LK</arg>
<arg>LR</arg>
<arg>LS</arg>
<arg>LT</arg>
<arg>LU</arg>
<arg>LV</arg>
<arg>LY</arg>
<arg>MA</arg>
<arg>MC</arg>
<arg>MD</arg>
<arg>ME</arg>
<arg>MF</arg>
<arg>MG</arg>
<arg>MH</arg>
<arg>MK</arg>
<arg>ML</arg>
<arg>MM</arg>
<arg>MN</arg>
<arg>MO</arg>
<arg>MP</arg>
<arg>MQ</arg>
<arg>MR</arg>
<arg>MS</arg>
<arg>MT</arg>
<arg>MU</arg>
<arg>MV</arg>
<arg>MW</arg>
<arg>MX</arg>
<arg>MY</arg>
<arg>MZ</arg>
<arg>NA</arg>
<arg>NC</arg>
<arg>NE</arg>
<arg>NF</arg>
<arg>NG</arg>
<arg>NI</arg>
<arg>NL</arg>
<arg>NO</arg>
<arg>NP</arg>
<arg>NR</arg>
<arg>NU</arg>
<arg>NZ</arg>
<arg>OM</arg>
<arg>PA</arg>
<arg>PE</arg>
<arg>PF</arg>
<arg>PG</arg>
<arg>PH</arg>
<arg>PK</arg>
<arg>PL</arg>
<arg>PM</arg>
<arg>PN</arg>
<arg>PR</arg>
<arg>PS</arg>
<arg>PT</arg>
<arg>PW</arg>
<arg>PY</arg>
<arg>QA</arg>
<arg>RE</arg>
<arg>RO</arg>
<arg>RS</arg>
<arg>RU</arg>
<arg>RW</arg>
<arg>SA</arg>
<arg>SB</arg>
<arg>SC</arg>
<arg>SD</arg>
<arg>SE</arg>
<arg>SG</arg>
<arg>SH</arg>
<arg>SI</arg>
<arg>SJ</arg>
<arg>SK</arg>
<arg>SL</arg>
<arg>SM</arg>
<arg>SN</arg>
<arg>SO</arg>
<arg>SR</arg>
<arg>SS</arg>
<arg>ST</arg>
<arg>SV</arg>
<arg>SX</arg>
<arg>SY</arg>
<arg>SZ</arg>
<arg>TC</arg>
<arg>TD</arg>
<arg>TF</arg>
<arg>TG</arg>
<arg>TH</arg>
<arg>TJ</arg>
<arg>TK</arg>
<arg>TL</arg>
<arg>TM</arg>
<arg>TN</arg>
<arg>TO</arg>
<arg>TR</arg>
<arg>TT</arg>
<arg>TV</arg>
<arg>TW</arg>
<arg>TZ</arg>
<arg>UA</arg>
<arg>UG</arg>
<arg>UM</arg>
<arg>US</arg>
<arg>UY</arg>
<arg>UZ</arg>
<arg>VA</arg>
<arg>VC</arg>
<arg>VE</arg>
<arg>VG</arg>
<arg>VI</arg>
<arg>VN</arg>
<arg>VU</arg>
<arg>WF</arg>
<arg>WS</arg>
<arg>XK</arg>
<arg>YE</arg>
<arg>YT</arg>
<arg>ZA</arg>
<arg>ZM</arg>
<arg>ZW</arg>
<doc>Returns a list containing given items.</doc>
<status status="PASS" start="2024-03-30T20:13:09.168735" elapsed="0.000627"/>
</kw>
<kw name="List Should Contain Value" owner="Collections">
<msg time="2024-03-30T20:13:09.170512" level="INFO">False</msg>
<arg>${list_country}</arg>
<arg>${name_country}</arg>
<doc>Fails if the ``value`` is not found from ``list``.</doc>
<status status="PASS" start="2024-03-30T20:13:09.170270" elapsed="0.000281"/>
</kw>
<kw name="Run Keyword If" owner="BuiltIn">
<kw name="Should Be True" owner="BuiltIn">
<arg>${True}</arg>
<doc>Fails if the given condition is not true.</doc>
<status status="PASS" start="2024-03-30T20:13:09.171645" elapsed="0.000147"/>
</kw>
<arg>${json_data["results"][0]["location"]["coordinates"]["latitude"]} &gt;= -90 and ${json_data["results"][0]["location"]["coordinates"]["latitude"]} &lt;= 90</arg>
<arg>Should Be True</arg>
<arg>${True}</arg>
<doc>Runs the given keyword with the given arguments, if ``condition`` is true.</doc>
<status status="PASS" start="2024-03-30T20:13:09.170874" elapsed="0.001049"/>
</kw>
<kw name="Run Keyword If" owner="BuiltIn">
<kw name="Should Be True" owner="BuiltIn">
<arg>${True}</arg>
<doc>Fails if the given condition is not true.</doc>
<status status="PASS" start="2024-03-30T20:13:09.172814" elapsed="0.000139"/>
</kw>
<arg>${json_data["results"][0]["location"]["coordinates"]["longitude"]} &gt;= -180 and ${json_data["results"][0]["location"]["coordinates"]["longitude"]} &lt;= 180</arg>
<arg>Should Be True</arg>
<arg>${True}</arg>
<doc>Runs the given keyword with the given arguments, if ``condition`` is true.</doc>
<status status="PASS" start="2024-03-30T20:13:09.172112" elapsed="0.000965"/>
</kw>
<status status="PASS" start="2024-03-30T20:13:09.081431" elapsed="0.091778"/>
</kw>
<doc>Testa o conteúdo específico dos campos retornados pela API.</doc>
<tag>testeConteudo</tag>
<status status="PASS" start="2024-03-30T20:13:09.080892" elapsed="0.092464"/>
</test>
<status status="PASS" start="2024-03-30T20:13:08.171196" elapsed="1.004171"/>
</suite>
<status status="PASS" start="2024-03-30T20:13:08.157225" elapsed="1.023506"/>
</suite>
<statistics>
<total>
<stat pass="5" fail="0" skip="0">All Tests</stat>
</total>
<tag>
<stat pass="1" fail="0" skip="0">testeConteudo</stat>
<stat pass="1" fail="0" skip="0">testeEstruturaResposta</stat>
<stat pass="1" fail="0" skip="0">testeRequisicaoBasica</stat>
<stat pass="1" fail="0" skip="0">testeTiposDados</stat>
</tag>
<suite>
<stat pass="5" fail="0" skip="0" id="s1" name="Tests">Tests</stat>
<stat pass="5" fail="0" skip="0" id="s1-s1" name="Random-User-Test">Tests.Random-User-Test</stat>
</suite>
</statistics>
<errors>
</errors>
</robot>
