<?xml version="1.0" encoding="UTF-8"?>
<robot generator="Robot 7.0 (Python 3.12.3 on linux)" generated="2024-05-13T02:29:11.442616" rpa="false" schemaversion="5">
<suite id="s1" name="Tests" source="/home/runner/work/DesafioQAItauRogerioJordao/DesafioQAItauRogerioJordao/RamdonUser/tests">
<suite id="s1-s1" name="Random-User-Test" source="/home/runner/work/DesafioQAItauRogerioJordao/DesafioQAItauRogerioJordao/RamdonUser/tests/random-user-test.robot">
<test id="s1-s1-t1" name="Conectar" line="13">
<kw name="Conectar API" owner="random-user-service">
<kw name="Create Session" owner="RequestsLibrary">
<msg time="2024-05-13T02:29:11.808213" level="INFO">Creating Session using : alias=consultarAPI, url=https://randomuser.me/, headers={},                     cookies={}, auth=None, timeout=None, proxies=None, verify=False,                     debug=0 </msg>
<arg>consultarAPI</arg>
<arg>${URL}</arg>
<doc>Create Session: create a HTTP session to a server</doc>
<status status="PASS" start="2024-05-13T02:29:11.807966" elapsed="0.000439"/>
</kw>
<status status="PASS" start="2024-05-13T02:29:11.806952" elapsed="0.001831"/>
</kw>
<status status="PASS" start="2024-05-13T02:29:11.806397" elapsed="0.002619"/>
</test>
<test id="s1-s1-t2" name="Validar retorno 200 e JSON Válido" line="16">
<kw name="Teste de Requisicao Basica" owner="random-user-service">
<kw name="GET On Session" owner="RequestsLibrary">
<msg time="2024-05-13T02:29:11.873573" level="INFO">GET Request : url=https://randomuser.me/api 
 path_url=/api 
 headers={'User-Agent': 'python-requests/2.31.0', 'Accept-Encoding': 'gzip, deflate', 'Accept': '*/*', 'Connection': 'keep-alive'} 
 body=None 
 </msg>
<msg time="2024-05-13T02:29:11.873706" level="INFO">GET Response : url=https://randomuser.me/api 
 status=200, reason=OK 
 headers={'Date': 'Mon, 13 May 2024 02:29:11 GMT', 'Content-Type': 'application/json; charset=utf-8', 'Transfer-Encoding': 'chunked', 'Connection': 'keep-alive', 'X-Powered-By': 'Express', 'Access-Control-Allow-Origin': '*', 'Cache-Control': 'no-cache', 'ETag': 'W/"490-gnzALEA/V2imgRacHqDgVK9LuQg"', 'Vary': 'Accept-Encoding', 'Content-Encoding': 'gzip', 'CF-Cache-Status': 'DYNAMIC', 'Report-To': '{"endpoints":[{"url":"https:\\/\\/a.nel.cloudflare.com\\/report\\/v4?s=yoEui5aIjFcUg%2Fv2KDxwxN2Dz2lghog%2FEZKWkq6xnwFZIpLwvxSqejxw8%2Fbd7PTbJOZgvDl1QFJB0aldYtVlARvootQsabAIlvzsgFUMXRKrszP1GfmfMWJ0JeSFFpdN"}],"group":"cf-nel","max_age":604800}', 'NEL': '{"success_fraction":0,"report_to":"cf-nel","max_age":604800}', 'Server': 'cloudflare', 'CF-RAY': '882f382cfc6d2045-IAD', 'alt-svc': 'h3=":443"; ma=86400'} 
 body={"results":[{"gender":"male","name":{"title":"Mr","first":"Malone","last":"Roussel"},"location":{"street":{"number":2848,"name":"Avenue de l'Abbé-Roussel"},"city":"Toulouse","state":"Eure-et-Loir","country":"France","postcode":58727,"coordinates":{"latitude":"-14.3804","longitude":"-31.2209"},"timezone":{"offset":"-2:00","description":"Mid-Atlantic"}},"email":"malone.roussel@example.com","login":{"uuid":"9e640e48-d762-42f3-ac8b-deab46a430c8","username":"orangepanda883","password":"shao","salt":"YCyii7pP","md5":"b0b5349846627908661e355a2c2f3bf0","sha1":"052f3ee5c7b15fdcf9cc27879b6d988694e11469","sha256":"d6116241bfbf06219a6a9bd552915dcb192f1360aca779186c764213d66ba9a2"},"dob":{"date":"1995-07-19T07:03:48.810Z","age":28},"registered":{"date":"2015-03-13T15:57:24.939Z","age":9},"phone":"02-46-32-07-51","cell":"06-06-45-19-77","id":{"name":"INSEE","value":"1950685350274 73"},"picture":{"large":"https://randomuser.me/api/portraits/men/72.jpg","medium":"https://randomuser.me/api/portraits/med/men/72.jpg","thumbnail":"https://randomuser.me/api/portraits/thumb/men/72.jpg"},"nat":"FR"}],"info":{"seed":"1ead2970bbe25844","results":1,"page":1,"version":"1.4"}} 
 </msg>
<msg time="2024-05-13T02:29:11.873783" level="INFO">/opt/hostedtoolcache/Python/3.12.3/x64/lib/python3.12/site-packages/urllib3/connectionpool.py:1103: InsecureRequestWarning: Unverified HTTPS request is being made to host 'randomuser.me'. Adding certificate verification is strongly advised. See: https://urllib3.readthedocs.io/en/latest/advanced-usage.html#tls-warnings
  warnings.warn(</msg>
<msg time="2024-05-13T02:29:11.873914" level="INFO">${response} = &lt;Response [200]&gt;</msg>
<var>${response}</var>
<arg>consultarAPI</arg>
<arg>/api</arg>
<doc>Sends a GET request on a previously created HTTP Session.</doc>
<status status="PASS" start="2024-05-13T02:29:11.811676" elapsed="0.062280"/>
</kw>
<kw name="Should Be Equal As Numbers" owner="BuiltIn">
<msg time="2024-05-13T02:29:11.874922" level="INFO">Argument types are:
&lt;class 'int'&gt;
&lt;class 'str'&gt;</msg>
<arg>${response.status_code}</arg>
<arg>200</arg>
<doc>Fails if objects are unequal after converting them to real numbers.</doc>
<status status="PASS" start="2024-05-13T02:29:11.874479" elapsed="0.000509"/>
</kw>
<kw name="Log" owner="BuiltIn">
<msg time="2024-05-13T02:29:11.875700" level="INFO">200</msg>
<arg>${response.status_code}</arg>
<doc>Logs the given message with the given level.</doc>
<status status="PASS" start="2024-05-13T02:29:11.875337" elapsed="0.000406"/>
</kw>
<kw name="Set Variable" owner="BuiltIn">
<msg time="2024-05-13T02:29:11.876509" level="INFO">${json_data} = {'results': [{'gender': 'male', 'name': {'title': 'Mr', 'first': 'Malone', 'last': 'Roussel'}, 'location': {'street': {'number': 2848, 'name': "Avenue de l'Abbé-Roussel"}, 'city': 'Toulouse', 'state':...</msg>
<var>${json_data}</var>
<arg>${response.json()}</arg>
<doc>Returns the given values which can then be assigned to a variables.</doc>
<status status="PASS" start="2024-05-13T02:29:11.876055" elapsed="0.000483"/>
</kw>
<kw name="Dictionary Should Contain Key" owner="Collections">
<msg time="2024-05-13T02:29:11.877043" level="INFO">False</msg>
<arg>${json_data}</arg>
<arg>results</arg>
<doc>Fails if ``key`` is not found from ``dictionary``.</doc>
<status status="PASS" start="2024-05-13T02:29:11.876871" elapsed="0.000212"/>
</kw>
<status status="PASS" start="2024-05-13T02:29:11.811419" elapsed="0.065923"/>
</kw>
<doc>Testa se a API responde corretamente e retorna um objeto JSON válido.</doc>
<tag>testeRequisicaoBasica</tag>
<status status="PASS" start="2024-05-13T02:29:11.810945" elapsed="0.066573"/>
</test>
<test id="s1-s1-t3" name="Validar estrutura de resposta" line="22">
<kw name="Teste de Estrutura de Resposta" owner="random-user-service">
<kw name="GET On Session" owner="RequestsLibrary">
<msg time="2024-05-13T02:29:11.972846" level="INFO">GET Request : url=https://randomuser.me/api 
 path_url=/api 
 headers={'User-Agent': 'python-requests/2.31.0', 'Accept-Encoding': 'gzip, deflate', 'Accept': '*/*', 'Connection': 'keep-alive'} 
 body=None 
 </msg>
<msg time="2024-05-13T02:29:11.972949" level="INFO">GET Response : url=https://randomuser.me/api 
 status=200, reason=OK 
 headers={'Date': 'Mon, 13 May 2024 02:29:11 GMT', 'Content-Type': 'application/json; charset=utf-8', 'Transfer-Encoding': 'chunked', 'Connection': 'keep-alive', 'X-Powered-By': 'Express', 'Access-Control-Allow-Origin': '*', 'Cache-Control': 'no-cache', 'ETag': 'W/"491-HnRlaxQFLSZgP2Rpx/VKuSGKcSM"', 'Vary': 'Accept-Encoding', 'Content-Encoding': 'gzip', 'CF-Cache-Status': 'DYNAMIC', 'Report-To': '{"endpoints":[{"url":"https:\\/\\/a.nel.cloudflare.com\\/report\\/v4?s=v7RplShVvLyooAJGh4ydO%2BIT48Y9Y04s67gJpdMeU3Byea4%2Bk7zwjBpdjOh5v3q2dtyEnQunkuXsBvwsTai5w1dygMBYq3oTUTRxbiNX5gcaYPdDHRpGU6BP9d1HqFWr"}],"group":"cf-nel","max_age":604800}', 'NEL': '{"success_fraction":0,"report_to":"cf-nel","max_age":604800}', 'Server': 'cloudflare', 'CF-RAY': '882f382d4cbe2045-IAD', 'alt-svc': 'h3=":443"; ma=86400'} 
 body={"results":[{"gender":"female","name":{"title":"Ms","first":"Patricia","last":"Davis"},"location":{"street":{"number":4137,"name":"Ormond Quay"},"city":"Swords","state":"Galway City","country":"Ireland","postcode":63113,"coordinates":{"latitude":"-0.5940","longitude":"104.7902"},"timezone":{"offset":"+3:00","description":"Baghdad, Riyadh, Moscow, St. Petersburg"}},"email":"patricia.davis@example.com","login":{"uuid":"c3c869d5-9b95-473a-b89f-51f61233dbcc","username":"whitefrog172","password":"marie","salt":"TKuDoNRH","md5":"5014bd034ceb6a00db5708be132a5e6f","sha1":"d66e7efba4eb23b3b953004a1a32fa1f86c61d34","sha256":"b16fe1293a9d3074de8e61f7537f69ce4ff7f0dfe8251959ae64a2a11cfe4123"},"dob":{"date":"1999-10-11T13:43:37.191Z","age":24},"registered":{"date":"2011-01-06T09:38:30.903Z","age":13},"phone":"011-228-7776","cell":"081-702-0578","id":{"name":"PPS","value":"0001250T"},"picture":{"large":"https://randomuser.me/api/portraits/women/9.jpg","medium":"https://randomuser.me/api/portraits/med/women/9.jpg","thumbnail":"https://randomuser.me/api/portraits/thumb/women/9.jpg"},"nat":"IE"}],"info":{"seed":"c03b3f6b8dc71e76","results":1,"page":1,"version":"1.4"}} 
 </msg>
<msg time="2024-05-13T02:29:11.973074" level="INFO">/opt/hostedtoolcache/Python/3.12.3/x64/lib/python3.12/site-packages/urllib3/connectionpool.py:1103: InsecureRequestWarning: Unverified HTTPS request is being made to host 'randomuser.me'. Adding certificate verification is strongly advised. See: https://urllib3.readthedocs.io/en/latest/advanced-usage.html#tls-warnings
  warnings.warn(</msg>
<msg time="2024-05-13T02:29:11.973211" level="INFO">${response} = &lt;Response [200]&gt;</msg>
<var>${response}</var>
<arg>consultarAPI</arg>
<arg>/api</arg>
<doc>Sends a GET request on a previously created HTTP Session.</doc>
<status status="PASS" start="2024-05-13T02:29:11.880147" elapsed="0.093103"/>
</kw>
<kw name="Set Variable" owner="BuiltIn">
<msg time="2024-05-13T02:29:11.974414" level="INFO">${json_data} = {'results': [{'gender': 'female', 'name': {'title': 'Ms', 'first': 'Patricia', 'last': 'Davis'}, 'location': {'street': {'number': 4137, 'name': 'Ormond Quay'}, 'city': 'Swords', 'state': 'Galway City...</msg>
<var>${json_data}</var>
<arg>${response.json()}</arg>
<doc>Returns the given values which can then be assigned to a variables.</doc>
<status status="PASS" start="2024-05-13T02:29:11.973856" elapsed="0.000587"/>
</kw>
<kw name="Log" owner="BuiltIn">
<msg time="2024-05-13T02:29:11.974957" level="INFO">{'results': [{'gender': 'female', 'name': {'title': 'Ms', 'first': 'Patricia', 'last': 'Davis'}, 'location': {'street': {'number': 4137, 'name': 'Ormond Quay'}, 'city': 'Swords', 'state': 'Galway City', 'country': 'Ireland', 'postcode': 63113, 'coordinates': {'latitude': '-0.5940', 'longitude': '104.7902'}, 'timezone': {'offset': '+3:00', 'description': 'Baghdad, Riyadh, Moscow, St. Petersburg'}}, 'email': 'patricia.davis@example.com', 'login': {'uuid': 'c3c869d5-9b95-473a-b89f-51f61233dbcc', 'username': 'whitefrog172', 'password': 'marie', 'salt': 'TKuDoNRH', 'md5': '5014bd034ceb6a00db5708be132a5e6f', 'sha1': 'd66e7efba4eb23b3b953004a1a32fa1f86c61d34', 'sha256': 'b16fe1293a9d3074de8e61f7537f69ce4ff7f0dfe8251959ae64a2a11cfe4123'}, 'dob': {'date': '1999-10-11T13:43:37.191Z', 'age': 24}, 'registered': {'date': '2011-01-06T09:38:30.903Z', 'age': 13}, 'phone': '011-228-7776', 'cell': '081-702-0578', 'id': {'name': 'PPS', 'value': '0001250T'}, 'picture': {'large': 'https://randomuser.me/api/portraits/women/9.jpg', 'medium': 'https://randomuser.me/api/portraits/med/women/9.jpg', 'thumbnail': 'https://randomuser.me/api/portraits/thumb/women/9.jpg'}, 'nat': 'IE'}], 'info': {'seed': 'c03b3f6b8dc71e76', 'results': 1, 'page': 1, 'version': '1.4'}}</msg>
<arg>${json_data}</arg>
<doc>Logs the given message with the given level.</doc>
<status status="PASS" start="2024-05-13T02:29:11.974783" elapsed="0.000225"/>
</kw>
<kw name="Dictionary Should Contain Key" owner="Collections">
<msg time="2024-05-13T02:29:11.975480" level="INFO">False</msg>
<arg>${json_data}</arg>
<arg>results</arg>
<doc>Fails if ``key`` is not found from ``dictionary``.</doc>
<status status="PASS" start="2024-05-13T02:29:11.975318" elapsed="0.000200"/>
</kw>
<kw name="Should Not Be Empty" owner="BuiltIn">
<msg time="2024-05-13T02:29:11.975967" level="INFO">Length is 2.</msg>
<arg>${json_data}</arg>
<doc>Verifies that the given item is not empty.</doc>
<status status="PASS" start="2024-05-13T02:29:11.975831" elapsed="0.000176"/>
</kw>
<kw name="Create List" owner="BuiltIn">
<msg time="2024-05-13T02:29:11.976625" level="INFO">${expected_keys} = ['gender', 'name', 'location', 'email', 'login']</msg>
<var>${expected_keys}</var>
<arg>gender</arg>
<arg>name</arg>
<arg>location</arg>
<arg>email</arg>
<arg>login</arg>
<doc>Returns a list containing given items.</doc>
<status status="PASS" start="2024-05-13T02:29:11.976306" elapsed="0.000344"/>
</kw>
<for flavor="IN">
<iter>
<kw name="Dictionary Should Contain Key" owner="Collections">
<msg time="2024-05-13T02:29:11.977724" level="INFO">False</msg>
<arg>${json_data['results'][0]}</arg>
<arg>${key}</arg>
<doc>Fails if ``key`` is not found from ``dictionary``.</doc>
<status status="PASS" start="2024-05-13T02:29:11.977302" elapsed="0.000462"/>
</kw>
<kw name="Log" owner="BuiltIn">
<msg time="2024-05-13T02:29:11.978443" level="INFO">{'gender': 'female', 'name': {'title': 'Ms', 'first': 'Patricia', 'last': 'Davis'}, 'location': {'street': {'number': 4137, 'name': 'Ormond Quay'}, 'city': 'Swords', 'state': 'Galway City', 'country': 'Ireland', 'postcode': 63113, 'coordinates': {'latitude': '-0.5940', 'longitude': '104.7902'}, 'timezone': {'offset': '+3:00', 'description': 'Baghdad, Riyadh, Moscow, St. Petersburg'}}, 'email': 'patricia.davis@example.com', 'login': {'uuid': 'c3c869d5-9b95-473a-b89f-51f61233dbcc', 'username': 'whitefrog172', 'password': 'marie', 'salt': 'TKuDoNRH', 'md5': '5014bd034ceb6a00db5708be132a5e6f', 'sha1': 'd66e7efba4eb23b3b953004a1a32fa1f86c61d34', 'sha256': 'b16fe1293a9d3074de8e61f7537f69ce4ff7f0dfe8251959ae64a2a11cfe4123'}, 'dob': {'date': '1999-10-11T13:43:37.191Z', 'age': 24}, 'registered': {'date': '2011-01-06T09:38:30.903Z', 'age': 13}, 'phone': '011-228-7776', 'cell': '081-702-0578', 'id': {'name': 'PPS', 'value': '0001250T'}, 'picture': {'large': 'https://randomuser.me/api/portraits/women/9.jpg', 'medium': 'https://randomuser.me/api/portraits/med/women/9.jpg', 'thumbnail': 'https://randomuser.me/api/portraits/thumb/women/9.jpg'}, 'nat': 'IE'}</msg>
<arg>${json_data['results'][0]}</arg>
<doc>Logs the given message with the given level.</doc>
<status status="PASS" start="2024-05-13T02:29:11.978066" elapsed="0.000426"/>
</kw>
<kw name="Log" owner="BuiltIn">
<msg time="2024-05-13T02:29:11.978925" level="INFO">gender</msg>
<arg>${key}</arg>
<doc>Logs the given message with the given level.</doc>
<status status="PASS" start="2024-05-13T02:29:11.978795" elapsed="0.000168"/>
</kw>
<var name="${key}">gender</var>
<status status="PASS" start="2024-05-13T02:29:11.977170" elapsed="0.002009"/>
</iter>
<iter>
<kw name="Dictionary Should Contain Key" owner="Collections">
<msg time="2024-05-13T02:29:11.979873" level="INFO">False</msg>
<arg>${json_data['results'][0]}</arg>
<arg>${key}</arg>
<doc>Fails if ``key`` is not found from ``dictionary``.</doc>
<status status="PASS" start="2024-05-13T02:29:11.979488" elapsed="0.000423"/>
</kw>
<kw name="Log" owner="BuiltIn">
<msg time="2024-05-13T02:29:11.980599" level="INFO">{'gender': 'female', 'name': {'title': 'Ms', 'first': 'Patricia', 'last': 'Davis'}, 'location': {'street': {'number': 4137, 'name': 'Ormond Quay'}, 'city': 'Swords', 'state': 'Galway City', 'country': 'Ireland', 'postcode': 63113, 'coordinates': {'latitude': '-0.5940', 'longitude': '104.7902'}, 'timezone': {'offset': '+3:00', 'description': 'Baghdad, Riyadh, Moscow, St. Petersburg'}}, 'email': 'patricia.davis@example.com', 'login': {'uuid': 'c3c869d5-9b95-473a-b89f-51f61233dbcc', 'username': 'whitefrog172', 'password': 'marie', 'salt': 'TKuDoNRH', 'md5': '5014bd034ceb6a00db5708be132a5e6f', 'sha1': 'd66e7efba4eb23b3b953004a1a32fa1f86c61d34', 'sha256': 'b16fe1293a9d3074de8e61f7537f69ce4ff7f0dfe8251959ae64a2a11cfe4123'}, 'dob': {'date': '1999-10-11T13:43:37.191Z', 'age': 24}, 'registered': {'date': '2011-01-06T09:38:30.903Z', 'age': 13}, 'phone': '011-228-7776', 'cell': '081-702-0578', 'id': {'name': 'PPS', 'value': '0001250T'}, 'picture': {'large': 'https://randomuser.me/api/portraits/women/9.jpg', 'medium': 'https://randomuser.me/api/portraits/med/women/9.jpg', 'thumbnail': 'https://randomuser.me/api/portraits/thumb/women/9.jpg'}, 'nat': 'IE'}</msg>
<arg>${json_data['results'][0]}</arg>
<doc>Logs the given message with the given level.</doc>
<status status="PASS" start="2024-05-13T02:29:11.980236" elapsed="0.000413"/>
</kw>
<kw name="Log" owner="BuiltIn">
<msg time="2024-05-13T02:29:11.981116" level="INFO">name</msg>
<arg>${key}</arg>
<doc>Logs the given message with the given level.</doc>
<status status="PASS" start="2024-05-13T02:29:11.980984" elapsed="0.000171"/>
</kw>
<var name="${key}">name</var>
<status status="PASS" start="2024-05-13T02:29:11.979372" elapsed="0.002003"/>
</iter>
<iter>
<kw name="Dictionary Should Contain Key" owner="Collections">
<msg time="2024-05-13T02:29:11.982064" level="INFO">False</msg>
<arg>${json_data['results'][0]}</arg>
<arg>${key}</arg>
<doc>Fails if ``key`` is not found from ``dictionary``.</doc>
<status status="PASS" start="2024-05-13T02:29:11.981673" elapsed="0.000429"/>
</kw>
<kw name="Log" owner="BuiltIn">
<msg time="2024-05-13T02:29:11.982770" level="INFO">{'gender': 'female', 'name': {'title': 'Ms', 'first': 'Patricia', 'last': 'Davis'}, 'location': {'street': {'number': 4137, 'name': 'Ormond Quay'}, 'city': 'Swords', 'state': 'Galway City', 'country': 'Ireland', 'postcode': 63113, 'coordinates': {'latitude': '-0.5940', 'longitude': '104.7902'}, 'timezone': {'offset': '+3:00', 'description': 'Baghdad, Riyadh, Moscow, St. Petersburg'}}, 'email': 'patricia.davis@example.com', 'login': {'uuid': 'c3c869d5-9b95-473a-b89f-51f61233dbcc', 'username': 'whitefrog172', 'password': 'marie', 'salt': 'TKuDoNRH', 'md5': '5014bd034ceb6a00db5708be132a5e6f', 'sha1': 'd66e7efba4eb23b3b953004a1a32fa1f86c61d34', 'sha256': 'b16fe1293a9d3074de8e61f7537f69ce4ff7f0dfe8251959ae64a2a11cfe4123'}, 'dob': {'date': '1999-10-11T13:43:37.191Z', 'age': 24}, 'registered': {'date': '2011-01-06T09:38:30.903Z', 'age': 13}, 'phone': '011-228-7776', 'cell': '081-702-0578', 'id': {'name': 'PPS', 'value': '0001250T'}, 'picture': {'large': 'https://randomuser.me/api/portraits/women/9.jpg', 'medium': 'https://randomuser.me/api/portraits/med/women/9.jpg', 'thumbnail': 'https://randomuser.me/api/portraits/thumb/women/9.jpg'}, 'nat': 'IE'}</msg>
<arg>${json_data['results'][0]}</arg>
<doc>Logs the given message with the given level.</doc>
<status status="PASS" start="2024-05-13T02:29:11.982405" elapsed="0.000413"/>
</kw>
<kw name="Log" owner="BuiltIn">
<msg time="2024-05-13T02:29:11.983239" level="INFO">location</msg>
<arg>${key}</arg>
<doc>Logs the given message with the given level.</doc>
<status status="PASS" start="2024-05-13T02:29:11.983115" elapsed="0.000161"/>
</kw>
<var name="${key}">location</var>
<status status="PASS" start="2024-05-13T02:29:11.981559" elapsed="0.001931"/>
</iter>
<iter>
<kw name="Dictionary Should Contain Key" owner="Collections">
<msg time="2024-05-13T02:29:11.984160" level="INFO">False</msg>
<arg>${json_data['results'][0]}</arg>
<arg>${key}</arg>
<doc>Fails if ``key`` is not found from ``dictionary``.</doc>
<status status="PASS" start="2024-05-13T02:29:11.983779" elapsed="0.000420"/>
</kw>
<kw name="Log" owner="BuiltIn">
<msg time="2024-05-13T02:29:11.984883" level="INFO">{'gender': 'female', 'name': {'title': 'Ms', 'first': 'Patricia', 'last': 'Davis'}, 'location': {'street': {'number': 4137, 'name': 'Ormond Quay'}, 'city': 'Swords', 'state': 'Galway City', 'country': 'Ireland', 'postcode': 63113, 'coordinates': {'latitude': '-0.5940', 'longitude': '104.7902'}, 'timezone': {'offset': '+3:00', 'description': 'Baghdad, Riyadh, Moscow, St. Petersburg'}}, 'email': 'patricia.davis@example.com', 'login': {'uuid': 'c3c869d5-9b95-473a-b89f-51f61233dbcc', 'username': 'whitefrog172', 'password': 'marie', 'salt': 'TKuDoNRH', 'md5': '5014bd034ceb6a00db5708be132a5e6f', 'sha1': 'd66e7efba4eb23b3b953004a1a32fa1f86c61d34', 'sha256': 'b16fe1293a9d3074de8e61f7537f69ce4ff7f0dfe8251959ae64a2a11cfe4123'}, 'dob': {'date': '1999-10-11T13:43:37.191Z', 'age': 24}, 'registered': {'date': '2011-01-06T09:38:30.903Z', 'age': 13}, 'phone': '011-228-7776', 'cell': '081-702-0578', 'id': {'name': 'PPS', 'value': '0001250T'}, 'picture': {'large': 'https://randomuser.me/api/portraits/women/9.jpg', 'medium': 'https://randomuser.me/api/portraits/med/women/9.jpg', 'thumbnail': 'https://randomuser.me/api/portraits/thumb/women/9.jpg'}, 'nat': 'IE'}</msg>
<arg>${json_data['results'][0]}</arg>
<doc>Logs the given message with the given level.</doc>
<status status="PASS" start="2024-05-13T02:29:11.984499" elapsed="0.000434"/>
</kw>
<kw name="Log" owner="BuiltIn">
<msg time="2024-05-13T02:29:11.985357" level="INFO">email</msg>
<arg>${key}</arg>
<doc>Logs the given message with the given level.</doc>
<status status="PASS" start="2024-05-13T02:29:11.985231" elapsed="0.000164"/>
</kw>
<var name="${key}">email</var>
<status status="PASS" start="2024-05-13T02:29:11.983666" elapsed="0.001948"/>
</iter>
<iter>
<kw name="Dictionary Should Contain Key" owner="Collections">
<msg time="2024-05-13T02:29:11.986292" level="INFO">False</msg>
<arg>${json_data['results'][0]}</arg>
<arg>${key}</arg>
<doc>Fails if ``key`` is not found from ``dictionary``.</doc>
<status status="PASS" start="2024-05-13T02:29:11.985903" elapsed="0.000426"/>
</kw>
<kw name="Log" owner="BuiltIn">
<msg time="2024-05-13T02:29:11.986990" level="INFO">{'gender': 'female', 'name': {'title': 'Ms', 'first': 'Patricia', 'last': 'Davis'}, 'location': {'street': {'number': 4137, 'name': 'Ormond Quay'}, 'city': 'Swords', 'state': 'Galway City', 'country': 'Ireland', 'postcode': 63113, 'coordinates': {'latitude': '-0.5940', 'longitude': '104.7902'}, 'timezone': {'offset': '+3:00', 'description': 'Baghdad, Riyadh, Moscow, St. Petersburg'}}, 'email': 'patricia.davis@example.com', 'login': {'uuid': 'c3c869d5-9b95-473a-b89f-51f61233dbcc', 'username': 'whitefrog172', 'password': 'marie', 'salt': 'TKuDoNRH', 'md5': '5014bd034ceb6a00db5708be132a5e6f', 'sha1': 'd66e7efba4eb23b3b953004a1a32fa1f86c61d34', 'sha256': 'b16fe1293a9d3074de8e61f7537f69ce4ff7f0dfe8251959ae64a2a11cfe4123'}, 'dob': {'date': '1999-10-11T13:43:37.191Z', 'age': 24}, 'registered': {'date': '2011-01-06T09:38:30.903Z', 'age': 13}, 'phone': '011-228-7776', 'cell': '081-702-0578', 'id': {'name': 'PPS', 'value': '0001250T'}, 'picture': {'large': 'https://randomuser.me/api/portraits/women/9.jpg', 'medium': 'https://randomuser.me/api/portraits/med/women/9.jpg', 'thumbnail': 'https://randomuser.me/api/portraits/thumb/women/9.jpg'}, 'nat': 'IE'}</msg>
<arg>${json_data['results'][0]}</arg>
<doc>Logs the given message with the given level.</doc>
<status status="PASS" start="2024-05-13T02:29:11.986621" elapsed="0.000415"/>
</kw>
<kw name="Log" owner="BuiltIn">
<msg time="2024-05-13T02:29:11.987459" level="INFO">login</msg>
<arg>${key}</arg>
<doc>Logs the given message with the given level.</doc>
<status status="PASS" start="2024-05-13T02:29:11.987332" elapsed="0.000171"/>
</kw>
<var name="${key}">login</var>
<status status="PASS" start="2024-05-13T02:29:11.985790" elapsed="0.001956"/>
</iter>
<var>${key}</var>
<value>@{expected_keys}</value>
<status status="PASS" start="2024-05-13T02:29:11.976963" elapsed="0.010908"/>
</for>
<kw name="Create List" owner="BuiltIn">
<msg time="2024-05-13T02:29:11.988203" level="INFO">${expected_keysTwo} = ['username', 'password']</msg>
<var>${expected_keysTwo}</var>
<arg>username</arg>
<arg>password</arg>
<doc>Returns a list containing given items.</doc>
<status status="PASS" start="2024-05-13T02:29:11.988065" elapsed="0.000162"/>
</kw>
<for flavor="IN">
<iter>
<kw name="Dictionary Should Contain Key" owner="Collections">
<msg time="2024-05-13T02:29:11.989168" level="INFO">False</msg>
<arg>${json_data['results'][0]['login']}</arg>
<arg>${keyTwo}</arg>
<doc>Fails if ``key`` is not found from ``dictionary``.</doc>
<status status="PASS" start="2024-05-13T02:29:11.988734" elapsed="0.000472"/>
</kw>
<kw name="Dictionary Should Contain Key" owner="Collections">
<msg time="2024-05-13T02:29:11.989881" level="INFO">False</msg>
<arg>${json_data['results'][0]['login']}</arg>
<arg>${keyTwo}</arg>
<doc>Fails if ``key`` is not found from ``dictionary``.</doc>
<status status="PASS" start="2024-05-13T02:29:11.989502" elapsed="0.000416"/>
</kw>
<kw name="Log" owner="BuiltIn">
<msg time="2024-05-13T02:29:11.990335" level="INFO">username</msg>
<arg>${keyTwo}</arg>
<doc>Logs the given message with the given level.</doc>
<status status="PASS" start="2024-05-13T02:29:11.990209" elapsed="0.000169"/>
</kw>
<var name="${keyTwo}">username</var>
<status status="PASS" start="2024-05-13T02:29:11.988623" elapsed="0.001970"/>
</iter>
<iter>
<kw name="Dictionary Should Contain Key" owner="Collections">
<msg time="2024-05-13T02:29:11.991255" level="INFO">False</msg>
<arg>${json_data['results'][0]['login']}</arg>
<arg>${keyTwo}</arg>
<doc>Fails if ``key`` is not found from ``dictionary``.</doc>
<status status="PASS" start="2024-05-13T02:29:11.990872" elapsed="0.000421"/>
</kw>
<kw name="Dictionary Should Contain Key" owner="Collections">
<msg time="2024-05-13T02:29:11.992061" level="INFO">False</msg>
<arg>${json_data['results'][0]['login']}</arg>
<arg>${keyTwo}</arg>
<doc>Fails if ``key`` is not found from ``dictionary``.</doc>
<status status="PASS" start="2024-05-13T02:29:11.991598" elapsed="0.000502"/>
</kw>
<kw name="Log" owner="BuiltIn">
<msg time="2024-05-13T02:29:11.992522" level="INFO">password</msg>
<arg>${keyTwo}</arg>
<doc>Logs the given message with the given level.</doc>
<status status="PASS" start="2024-05-13T02:29:11.992395" elapsed="0.000165"/>
</kw>
<var name="${keyTwo}">password</var>
<status status="PASS" start="2024-05-13T02:29:11.990763" elapsed="0.002012"/>
</iter>
<var>${keyTwo}</var>
<value>@{expected_keysTwo}</value>
<status status="PASS" start="2024-05-13T02:29:11.988466" elapsed="0.004462"/>
</for>
<status status="PASS" start="2024-05-13T02:29:11.879910" elapsed="0.113163"/>
</kw>
<doc>Testa a estrutura da resposta da API.</doc>
<tag>testeEstruturaResposta</tag>
<status status="PASS" start="2024-05-13T02:29:11.879379" elapsed="0.113855"/>
</test>
<test id="s1-s1-t4" name="Validar tipos de dados" line="28">
<kw name="Teste de Tipos de Dados" owner="random-user-service">
<kw name="GET On Session" owner="RequestsLibrary">
<msg time="2024-05-13T02:29:12.071900" level="INFO">GET Request : url=https://randomuser.me/api 
 path_url=/api 
 headers={'User-Agent': 'python-requests/2.31.0', 'Accept-Encoding': 'gzip, deflate', 'Accept': '*/*', 'Connection': 'keep-alive'} 
 body=None 
 </msg>
<msg time="2024-05-13T02:29:12.071985" level="INFO">GET Response : url=https://randomuser.me/api 
 status=200, reason=OK 
 headers={'Date': 'Mon, 13 May 2024 02:29:12 GMT', 'Content-Type': 'application/json; charset=utf-8', 'Transfer-Encoding': 'chunked', 'Connection': 'keep-alive', 'X-Powered-By': 'Express', 'Access-Control-Allow-Origin': '*', 'Cache-Control': 'no-cache', 'ETag': 'W/"494-JsHB2dzlF2zlIupIkkiywpMIfaM"', 'Vary': 'Accept-Encoding', 'Content-Encoding': 'gzip', 'CF-Cache-Status': 'DYNAMIC', 'Report-To': '{"endpoints":[{"url":"https:\\/\\/a.nel.cloudflare.com\\/report\\/v4?s=ZFqyX2jx%2BDIhq8Fakw3e%2BrE9uOae3Y6V405SG0k%2FHmruLzZzMh6Z0YjwWQAAbkri9%2BKwHlFGQo9cF7xbEuqBbgvpz%2B4rFHSYmzRgIPcd4Bnq9l%2B3a9GeOzZyt7pxOQcU"}],"group":"cf-nel","max_age":604800}', 'NEL': '{"success_fraction":0,"report_to":"cf-nel","max_age":604800}', 'Server': 'cloudflare', 'CF-RAY': '882f382dfdaa2045-IAD', 'alt-svc': 'h3=":443"; ma=86400'} 
 body={"results":[{"gender":"female","name":{"title":"Madame","first":"Jasmina","last":"Vidal"},"location":{"street":{"number":129,"name":"Rue Bossuet"},"city":"Bogis-Bossey","state":"Fribourg","country":"Switzerland","postcode":9270,"coordinates":{"latitude":"-63.7523","longitude":"92.3679"},"timezone":{"offset":"-12:00","description":"Eniwetok, Kwajalein"}},"email":"jasmina.vidal@example.com","login":{"uuid":"7fb00713-27cd-4144-809d-4f78acef819b","username":"smallfish951","password":"married","salt":"EX3dpsWc","md5":"2264379aa66625400476d8dacf78381a","sha1":"2f6aca773a4d943fa6ad2f9016db51fbe42f94af","sha256":"313eb4efd1d11d9c86972ec5822e37996d4e92948d5943af6ec279a42098f21f"},"dob":{"date":"1970-05-29T17:51:22.390Z","age":53},"registered":{"date":"2013-01-31T14:31:45.754Z","age":11},"phone":"079 516 79 49","cell":"077 915 63 47","id":{"name":"AVS","value":"756.1026.5154.36"},"picture":{"large":"https://randomuser.me/api/portraits/women/65.jpg","medium":"https://randomuser.me/api/portraits/med/women/65.jpg","thumbnail":"https://randomuser.me/api/portraits/thumb/women/65.jpg"},"nat":"CH"}],"info":{"seed":"f198e665bdca7ecb","results":1,"page":1,"version":"1.4"}} 
 </msg>
<msg time="2024-05-13T02:29:12.072043" level="INFO">/opt/hostedtoolcache/Python/3.12.3/x64/lib/python3.12/site-packages/urllib3/connectionpool.py:1103: InsecureRequestWarning: Unverified HTTPS request is being made to host 'randomuser.me'. Adding certificate verification is strongly advised. See: https://urllib3.readthedocs.io/en/latest/advanced-usage.html#tls-warnings
  warnings.warn(</msg>
<msg time="2024-05-13T02:29:12.072145" level="INFO">${response} = &lt;Response [200]&gt;</msg>
<var>${response}</var>
<arg>consultarAPI</arg>
<arg>/api</arg>
<doc>Sends a GET request on a previously created HTTP Session.</doc>
<status status="PASS" start="2024-05-13T02:29:11.995770" elapsed="0.076414"/>
</kw>
<kw name="Set Variable" owner="BuiltIn">
<msg time="2024-05-13T02:29:12.073201" level="INFO">${json_data} = {'results': [{'gender': 'female', 'name': {'title': 'Madame', 'first': 'Jasmina', 'last': 'Vidal'}, 'location': {'street': {'number': 129, 'name': 'Rue Bossuet'}, 'city': 'Bogis-Bossey', 'state': 'Fri...</msg>
<var>${json_data}</var>
<arg>${response.json()}</arg>
<doc>Returns the given values which can then be assigned to a variables.</doc>
<status status="PASS" start="2024-05-13T02:29:12.072679" elapsed="0.000550"/>
</kw>
<kw name="Log" owner="BuiltIn">
<msg time="2024-05-13T02:29:12.073705" level="INFO">{'results': [{'gender': 'female', 'name': {'title': 'Madame', 'first': 'Jasmina', 'last': 'Vidal'}, 'location': {'street': {'number': 129, 'name': 'Rue Bossuet'}, 'city': 'Bogis-Bossey', 'state': 'Fribourg', 'country': 'Switzerland', 'postcode': 9270, 'coordinates': {'latitude': '-63.7523', 'longitude': '92.3679'}, 'timezone': {'offset': '-12:00', 'description': 'Eniwetok, Kwajalein'}}, 'email': 'jasmina.vidal@example.com', 'login': {'uuid': '7fb00713-27cd-4144-809d-4f78acef819b', 'username': 'smallfish951', 'password': 'married', 'salt': 'EX3dpsWc', 'md5': '2264379aa66625400476d8dacf78381a', 'sha1': '2f6aca773a4d943fa6ad2f9016db51fbe42f94af', 'sha256': '313eb4efd1d11d9c86972ec5822e37996d4e92948d5943af6ec279a42098f21f'}, 'dob': {'date': '1970-05-29T17:51:22.390Z', 'age': 53}, 'registered': {'date': '2013-01-31T14:31:45.754Z', 'age': 11}, 'phone': '079 516 79 49', 'cell': '077 915 63 47', 'id': {'name': 'AVS', 'value': '756.1026.5154.36'}, 'picture': {'large': 'https://randomuser.me/api/portraits/women/65.jpg', 'medium': 'https://randomuser.me/api/portraits/med/women/65.jpg', 'thumbnail': 'https://randomuser.me/api/portraits/thumb/women/65.jpg'}, 'nat': 'CH'}], 'info': {'seed': 'f198e665bdca7ecb', 'results': 1, 'page': 1, 'version': '1.4'}}</msg>
<arg>${json_data}</arg>
<doc>Logs the given message with the given level.</doc>
<status status="PASS" start="2024-05-13T02:29:12.073549" elapsed="0.000238"/>
</kw>
<kw name="Should Be String" owner="String">
<arg>${json_data['results'][0]['gender']}</arg>
<doc>Fails if the given ``item`` is not a string.</doc>
<status status="PASS" start="2024-05-13T02:29:12.074092" elapsed="0.000369"/>
</kw>
<kw name="Should Match Regexp" owner="BuiltIn">
<arg>${json_data['results'][0]['email']}</arg>
<arg>^[a-zA-Z0-9._%+-]+@[a-zA-Z0-9.-]+\.[a-zA-Z]{2,}$</arg>
<doc>Fails if ``string`` does not match ``pattern`` as a regular expression.</doc>
<status status="PASS" start="2024-05-13T02:29:12.074655" elapsed="0.000517"/>
</kw>
<kw name="Should Match Regexp" owner="BuiltIn">
<arg>${json_data['results'][0]['dob']['date']}</arg>
<arg>\\d{4}-\\d{2}-\\d{2}T\\d{2}:\\d{2}:\\d{2}\\.\\d{3}Z</arg>
<doc>Fails if ``string`` does not match ``pattern`` as a regular expression.</doc>
<status status="PASS" start="2024-05-13T02:29:12.075366" elapsed="0.000497"/>
</kw>
<kw name="Should Match Regexp" owner="BuiltIn">
<arg>${json_data['results'][0]['registered']['date']}</arg>
<arg>\\d{4}-\\d{2}-\\d{2}T\\d{2}:\\d{2}:\\d{2}\\.\\d{3}Z</arg>
<doc>Fails if ``string`` does not match ``pattern`` as a regular expression.</doc>
<status status="PASS" start="2024-05-13T02:29:12.076053" elapsed="0.000367"/>
</kw>
<kw name="Should Match Regexp" owner="BuiltIn">
<arg>${json_data['results'][0]['picture']['large']}</arg>
<arg>^https?://.*\.(?:png|jpe?g|gif|bmp)$</arg>
<doc>Fails if ``string`` does not match ``pattern`` as a regular expression.</doc>
<status status="PASS" start="2024-05-13T02:29:12.076609" elapsed="0.000504"/>
</kw>
<kw name="Should Match Regexp" owner="BuiltIn">
<arg>${json_data['results'][0]['picture']['medium']}</arg>
<arg>^https?://.*\.(?:png|jpe?g|gif|bmp)$</arg>
<doc>Fails if ``string`` does not match ``pattern`` as a regular expression.</doc>
<status status="PASS" start="2024-05-13T02:29:12.077303" elapsed="0.000362"/>
</kw>
<kw name="Should Match Regexp" owner="BuiltIn">
<arg>${json_data['results'][0]['picture']['thumbnail']}</arg>
<arg>^https?://.*\.(?:png|jpe?g|gif|bmp)$</arg>
<doc>Fails if ``string`` does not match ``pattern`` as a regular expression.</doc>
<status status="PASS" start="2024-05-13T02:29:12.077857" elapsed="0.000349"/>
</kw>
<kw name="Log" owner="BuiltIn">
<msg time="2024-05-13T02:29:12.078706" level="INFO">{'large': 'https://randomuser.me/api/portraits/women/65.jpg', 'medium': 'https://randomuser.me/api/portraits/med/women/65.jpg', 'thumbnail': 'https://randomuser.me/api/portraits/thumb/women/65.jpg'}</msg>
<arg>${json_data['results'][0]['picture']}</arg>
<doc>Logs the given message with the given level.</doc>
<status status="PASS" start="2024-05-13T02:29:12.078386" elapsed="0.000360"/>
</kw>
<status status="PASS" start="2024-05-13T02:29:11.995536" elapsed="0.083463"/>
</kw>
<kw name="Teste de Tipos de Dados - Postcode" owner="random-user-service">
<kw name="GET On Session" owner="RequestsLibrary">
<msg time="2024-05-13T02:29:12.176222" level="INFO">GET Request : url=https://randomuser.me/api 
 path_url=/api 
 headers={'User-Agent': 'python-requests/2.31.0', 'Accept-Encoding': 'gzip, deflate', 'Accept': '*/*', 'Connection': 'keep-alive'} 
 body=None 
 </msg>
<msg time="2024-05-13T02:29:12.176304" level="INFO">GET Response : url=https://randomuser.me/api 
 status=200, reason=OK 
 headers={'Date': 'Mon, 13 May 2024 02:29:12 GMT', 'Content-Type': 'application/json; charset=utf-8', 'Transfer-Encoding': 'chunked', 'Connection': 'keep-alive', 'X-Powered-By': 'Express', 'Access-Control-Allow-Origin': '*', 'Cache-Control': 'no-cache', 'ETag': 'W/"48a-jC5de6h8VjUik9U0AptwkzuAZIo"', 'Vary': 'Accept-Encoding', 'Content-Encoding': 'gzip', 'CF-Cache-Status': 'DYNAMIC', 'Report-To': '{"endpoints":[{"url":"https:\\/\\/a.nel.cloudflare.com\\/report\\/v4?s=LXXczLCKgrePFT8R%2BT5yaij%2BWMaKPkwNXPQzlwpwljEvYQdFOM6YCZlp56IN7p0askKUjkfmMmGgnNjJ8wQ%2BC6aSVdlMjWqeEICM360Q%2B7zYlxbUl0cc04G5ufloRiKt"}],"group":"cf-nel","max_age":604800}', 'NEL': '{"success_fraction":0,"report_to":"cf-nel","max_age":604800}', 'Server': 'cloudflare', 'CF-RAY': '882f382e8e322045-IAD', 'alt-svc': 'h3=":443"; ma=86400'} 
 body={"results":[{"gender":"male","name":{"title":"Mr","first":"Dalibor","last":"Tošić"},"location":{"street":{"number":3109,"name":"Školska"},"city":"Medveđa","state":"Srem","country":"Serbia","postcode":14623,"coordinates":{"latitude":"59.2254","longitude":"-77.9883"},"timezone":{"offset":"-4:00","description":"Atlantic Time (Canada), Caracas, La Paz"}},"email":"dalibor.tosic@example.com","login":{"uuid":"2d44d7d0-b2b3-49fe-88d8-9eab2e81d8c4","username":"ticklishleopard649","password":"kahuna","salt":"RkQlJ84r","md5":"ad4b22990a7bd43aabb5a9648da7dd85","sha1":"12d907f54b6801408a71eb7d075902ddb60ff4ee","sha256":"fb9d17a8504b9e98779e39bfb9572b443af99d806769b2e33c94a9fd38abb256"},"dob":{"date":"1994-09-04T00:36:13.570Z","age":29},"registered":{"date":"2015-11-07T11:01:08.266Z","age":8},"phone":"019-5185-722","cell":"065-4068-769","id":{"name":"SID","value":"748433949"},"picture":{"large":"https://randomuser.me/api/portraits/men/70.jpg","medium":"https://randomuser.me/api/portraits/med/men/70.jpg","thumbnail":"https://randomuser.me/api/portraits/thumb/men/70.jpg"},"nat":"RS"}],"info":{"seed":"b3c44c0e7c1002bd","results":1,"page":1,"version":"1.4"}} 
 </msg>
<msg time="2024-05-13T02:29:12.176368" level="INFO">/opt/hostedtoolcache/Python/3.12.3/x64/lib/python3.12/site-packages/urllib3/connectionpool.py:1103: InsecureRequestWarning: Unverified HTTPS request is being made to host 'randomuser.me'. Adding certificate verification is strongly advised. See: https://urllib3.readthedocs.io/en/latest/advanced-usage.html#tls-warnings
  warnings.warn(</msg>
<msg time="2024-05-13T02:29:12.176465" level="INFO">${response} = &lt;Response [200]&gt;</msg>
<var>${response}</var>
<arg>consultarAPI</arg>
<arg>/api</arg>
<doc>Sends a GET request on a previously created HTTP Session.</doc>
<status status="PASS" start="2024-05-13T02:29:12.079452" elapsed="0.097051"/>
</kw>
<kw name="Set Variable" owner="BuiltIn">
<msg time="2024-05-13T02:29:12.177454" level="INFO">${json_data} = {'results': [{'gender': 'male', 'name': {'title': 'Mr', 'first': 'Dalibor', 'last': 'Tošić'}, 'location': {'street': {'number': 3109, 'name': 'Školska'}, 'city': 'Medveđa', 'state': 'Srem', 'country':...</msg>
<var>${json_data}</var>
<arg>${response.json()}</arg>
<doc>Returns the given values which can then be assigned to a variables.</doc>
<status status="PASS" start="2024-05-13T02:29:12.176971" elapsed="0.000513"/>
</kw>
<kw name="Log" owner="BuiltIn">
<msg time="2024-05-13T02:29:12.177956" level="INFO">{'results': [{'gender': 'male', 'name': {'title': 'Mr', 'first': 'Dalibor', 'last': 'Tošić'}, 'location': {'street': {'number': 3109, 'name': 'Školska'}, 'city': 'Medveđa', 'state': 'Srem', 'country': 'Serbia', 'postcode': 14623, 'coordinates': {'latitude': '59.2254', 'longitude': '-77.9883'}, 'timezone': {'offset': '-4:00', 'description': 'Atlantic Time (Canada), Caracas, La Paz'}}, 'email': 'dalibor.tosic@example.com', 'login': {'uuid': '2d44d7d0-b2b3-49fe-88d8-9eab2e81d8c4', 'username': 'ticklishleopard649', 'password': 'kahuna', 'salt': 'RkQlJ84r', 'md5': 'ad4b22990a7bd43aabb5a9648da7dd85', 'sha1': '12d907f54b6801408a71eb7d075902ddb60ff4ee', 'sha256': 'fb9d17a8504b9e98779e39bfb9572b443af99d806769b2e33c94a9fd38abb256'}, 'dob': {'date': '1994-09-04T00:36:13.570Z', 'age': 29}, 'registered': {'date': '2015-11-07T11:01:08.266Z', 'age': 8}, 'phone': '019-5185-722', 'cell': '065-4068-769', 'id': {'name': 'SID', 'value': '748433949'}, 'picture': {'large': 'https://randomuser.me/api/portraits/men/70.jpg', 'medium': 'https://randomuser.me/api/portraits/med/men/70.jpg', 'thumbnail': 'https://randomuser.me/api/portraits/thumb/men/70.jpg'}, 'nat': 'RS'}], 'info': {'seed': 'b3c44c0e7c1002bd', 'results': 1, 'page': 1, 'version': '1.4'}}</msg>
<arg>${json_data}</arg>
<doc>Logs the given message with the given level.</doc>
<status status="PASS" start="2024-05-13T02:29:12.177799" elapsed="0.000239"/>
</kw>
<kw name="Should Be Equal As Numbers" owner="BuiltIn">
<arg>${json_data['results'][0]['location']['postcode']}</arg>
<arg>${json_data['results'][0]['location']['postcode']}</arg>
<doc>Fails if objects are unequal after converting them to real numbers.</doc>
<status status="PASS" start="2024-05-13T02:29:12.178347" elapsed="0.000803"/>
</kw>
<kw name="Log" owner="BuiltIn">
<msg time="2024-05-13T02:29:12.179685" level="INFO">14623</msg>
<arg>${json_data['results'][0]['location']['postcode']}</arg>
<doc>Logs the given message with the given level.</doc>
<status status="PASS" start="2024-05-13T02:29:12.179345" elapsed="0.000380"/>
</kw>
<status status="PASS" start="2024-05-13T02:29:12.079223" elapsed="0.100758"/>
</kw>
<doc>Testa se os tipos de dados na resposta da API estão corretos.</doc>
<tag>testeTiposDados</tag>
<status status="PASS" start="2024-05-13T02:29:11.995056" elapsed="0.185092"/>
</test>
<test id="s1-s1-t5" name="Validar conteudo" line="35">
<kw name="Teste de Tipos de Conteudo" owner="random-user-service">
<kw name="GET On Session" owner="RequestsLibrary">
<msg time="2024-05-13T02:29:12.279271" level="INFO">GET Request : url=https://randomuser.me/api 
 path_url=/api 
 headers={'User-Agent': 'python-requests/2.31.0', 'Accept-Encoding': 'gzip, deflate', 'Accept': '*/*', 'Connection': 'keep-alive'} 
 body=None 
 </msg>
<msg time="2024-05-13T02:29:12.279363" level="INFO">GET Response : url=https://randomuser.me/api 
 status=200, reason=OK 
 headers={'Date': 'Mon, 13 May 2024 02:29:12 GMT', 'Content-Type': 'application/json; charset=utf-8', 'Transfer-Encoding': 'chunked', 'Connection': 'keep-alive', 'X-Powered-By': 'Express', 'Access-Control-Allow-Origin': '*', 'Cache-Control': 'no-cache', 'ETag': 'W/"483-qKgtTPCM1nIUCBudOnmnJscuhMM"', 'Vary': 'Accept-Encoding', 'Content-Encoding': 'gzip', 'CF-Cache-Status': 'DYNAMIC', 'Report-To': '{"endpoints":[{"url":"https:\\/\\/a.nel.cloudflare.com\\/report\\/v4?s=nYmOO1%2B%2FkvAVwte4VLUu81CNnSIJpkNXunUep%2FJzOM98r6tvoEwcQ%2FkXs9eiiOqUL8oiwsBod%2BRSNaBh0ArQQIljtHRoxLkqbBT7EdW7XAAJ8gHW6C2wN16STckz89vb"}],"group":"cf-nel","max_age":604800}', 'NEL': '{"success_fraction":0,"report_to":"cf-nel","max_age":604800}', 'Server': 'cloudflare', 'CF-RAY': '882f382f2ee22045-IAD', 'alt-svc': 'h3=":443"; ma=86400'} 
 body={"results":[{"gender":"male","name":{"title":"Mr","first":"Klaus-Peter","last":"Brosch"},"location":{"street":{"number":7088,"name":"Bachstraße"},"city":"Heidenheim","state":"Hamburg","country":"Germany","postcode":45780,"coordinates":{"latitude":"-52.1337","longitude":"-73.2714"},"timezone":{"offset":"-2:00","description":"Mid-Atlantic"}},"email":"klaus-peter.brosch@example.com","login":{"uuid":"916b0556-9657-4abb-a905-057b357d6d6f","username":"angryfrog101","password":"misty1","salt":"JyuEOTTP","md5":"0837b4e0ab635badccffa74c4ca42cdc","sha1":"b15ee4a38b2f9ebe545b4cada689a2ac88d6288c","sha256":"df440de0240ca92a712ec4de90e669f9ae9a19de4dca906411ec9d06aa947a51"},"dob":{"date":"1963-02-07T01:35:28.916Z","age":61},"registered":{"date":"2011-05-15T23:13:15.336Z","age":12},"phone":"0234-8483979","cell":"0172-6239060","id":{"name":"SVNR","value":"40 060263 B 332"},"picture":{"large":"https://randomuser.me/api/portraits/men/69.jpg","medium":"https://randomuser.me/api/portraits/med/men/69.jpg","thumbnail":"https://randomuser.me/api/portraits/thumb/men/69.jpg"},"nat":"DE"}],"info":{"seed":"57dc62bef5de5b69","results":1,"page":1,"version":"1.4"}} 
 </msg>
<msg time="2024-05-13T02:29:12.279438" level="INFO">/opt/hostedtoolcache/Python/3.12.3/x64/lib/python3.12/site-packages/urllib3/connectionpool.py:1103: InsecureRequestWarning: Unverified HTTPS request is being made to host 'randomuser.me'. Adding certificate verification is strongly advised. See: https://urllib3.readthedocs.io/en/latest/advanced-usage.html#tls-warnings
  warnings.warn(</msg>
<msg time="2024-05-13T02:29:12.279549" level="INFO">${response} = &lt;Response [200]&gt;</msg>
<var>${response}</var>
<arg>consultarAPI</arg>
<arg>/api</arg>
<doc>Sends a GET request on a previously created HTTP Session.</doc>
<status status="PASS" start="2024-05-13T02:29:12.182656" elapsed="0.096931"/>
</kw>
<kw name="Set Variable" owner="BuiltIn">
<msg time="2024-05-13T02:29:12.280517" level="INFO">${json_data} = {'results': [{'gender': 'male', 'name': {'title': 'Mr', 'first': 'Klaus-Peter', 'last': 'Brosch'}, 'location': {'street': {'number': 7088, 'name': 'Bachstraße'}, 'city': 'Heidenheim', 'state': 'Hambur...</msg>
<var>${json_data}</var>
<arg>${response.json()}</arg>
<doc>Returns the given values which can then be assigned to a variables.</doc>
<status status="PASS" start="2024-05-13T02:29:12.280027" elapsed="0.000520"/>
</kw>
<kw name="Set Variable" owner="BuiltIn">
<msg time="2024-05-13T02:29:12.281302" level="INFO">${name_title} = Mr</msg>
<var>${name_title}</var>
<arg>${json_data["results"][0]["name"]["title"]}</arg>
<doc>Returns the given values which can then be assigned to a variables.</doc>
<status status="PASS" start="2024-05-13T02:29:12.280903" elapsed="0.000424"/>
</kw>
<kw name="Create List" owner="BuiltIn">
<msg time="2024-05-13T02:29:12.281777" level="INFO">${allowed_titles} = ['Mr', 'Ms', 'Miss', 'Mrs', 'Madame', 'Monsieur']</msg>
<var>${allowed_titles}</var>
<arg>Mr</arg>
<arg>Ms</arg>
<arg>Miss</arg>
<arg>Mrs</arg>
<arg>Madame</arg>
<arg>Monsieur</arg>
<doc>Returns a list containing given items.</doc>
<status status="PASS" start="2024-05-13T02:29:12.281629" elapsed="0.000172"/>
</kw>
<kw name="List Should Contain Value" owner="Collections">
<msg time="2024-05-13T02:29:12.282271" level="INFO">False</msg>
<arg>${allowed_titles}</arg>
<arg>${name_title}</arg>
<doc>Fails if the ``value`` is not found from ``list``.</doc>
<status status="PASS" start="2024-05-13T02:29:12.282098" elapsed="0.000211"/>
</kw>
<kw name="Set Variable" owner="BuiltIn">
<msg time="2024-05-13T02:29:12.282975" level="INFO">${name_country} = DE</msg>
<var>${name_country}</var>
<arg>${json_data["results"][0]["nat"]}</arg>
<doc>Returns the given values which can then be assigned to a variables.</doc>
<status status="PASS" start="2024-05-13T02:29:12.282598" elapsed="0.000401"/>
</kw>
<kw name="Create List" owner="BuiltIn">
<msg time="2024-05-13T02:29:12.283884" level="INFO">${list_country} = ['AD', 'AE', 'AF', 'AG', 'AI', 'AL', 'AM', 'AO', 'AQ', 'AR', 'AS', 'AT', 'AU', 'AW', 'AX', 'AZ', 'BA', 'BB', 'BD', 'BE', 'BF', 'BG', 'BH', 'BI', 'BJ', 'BL', 'BM', 'BN', 'BO', 'BQ', 'BR', 'BS', 'BT', '...</msg>
<var>${list_country}</var>
<arg>AD</arg>
<arg>AE</arg>
<arg>AF</arg>
<arg>AG</arg>
<arg>AI</arg>
<arg>AL</arg>
<arg>AM</arg>
<arg>AO</arg>
<arg>AQ</arg>
<arg>AR</arg>
<arg>AS</arg>
<arg>AT</arg>
<arg>AU</arg>
<arg>AW</arg>
<arg>AX</arg>
<arg>AZ</arg>
<arg>BA</arg>
<arg>BB</arg>
<arg>BD</arg>
<arg>BE</arg>
<arg>BF</arg>
<arg>BG</arg>
<arg>BH</arg>
<arg>BI</arg>
<arg>BJ</arg>
<arg>BL</arg>
<arg>BM</arg>
<arg>BN</arg>
<arg>BO</arg>
<arg>BQ</arg>
<arg>BR</arg>
<arg>BS</arg>
<arg>BT</arg>
<arg>BV</arg>
<arg>BW</arg>
<arg>BY</arg>
<arg>BZ</arg>
<arg>CA</arg>
<arg>CC</arg>
<arg>CD</arg>
<arg>CF</arg>
<arg>CG</arg>
<arg>CH</arg>
<arg>CI</arg>
<arg>CK</arg>
<arg>CL</arg>
<arg>CM</arg>
<arg>CN</arg>
<arg>CO</arg>
<arg>CR</arg>
<arg>CU</arg>
<arg>CV</arg>
<arg>CW</arg>
<arg>CX</arg>
<arg>CY</arg>
<arg>CZ</arg>
<arg>DE</arg>
<arg>DJ</arg>
<arg>DK</arg>
<arg>DM</arg>
<arg>DO</arg>
<arg>DZ</arg>
<arg>EC</arg>
<arg>EE</arg>
<arg>EG</arg>
<arg>EH</arg>
<arg>ER</arg>
<arg>ES</arg>
<arg>ET</arg>
<arg>FI</arg>
<arg>FJ</arg>
<arg>FK</arg>
<arg>FM</arg>
<arg>FO</arg>
<arg>FR</arg>
<arg>GA</arg>
<arg>GB</arg>
<arg>GD</arg>
<arg>GE</arg>
<arg>GF</arg>
<arg>GG</arg>
<arg>GH</arg>
<arg>GI</arg>
<arg>GL</arg>
<arg>GM</arg>
<arg>GN</arg>
<arg>GP</arg>
<arg>GQ</arg>
<arg>GR</arg>
<arg>GS</arg>
<arg>GT</arg>
<arg>GU</arg>
<arg>GW</arg>
<arg>GY</arg>
<arg>HK</arg>
<arg>HM</arg>
<arg>HN</arg>
<arg>HR</arg>
<arg>HT</arg>
<arg>HU</arg>
<arg>ID</arg>
<arg>IE</arg>
<arg>IL</arg>
<arg>IM</arg>
<arg>IN</arg>
<arg>IO</arg>
<arg>IQ</arg>
<arg>IR</arg>
<arg>IS</arg>
<arg>IT</arg>
<arg>JE</arg>
<arg>JM</arg>
<arg>JO</arg>
<arg>JP</arg>
<arg>KE</arg>
<arg>KG</arg>
<arg>KH</arg>
<arg>KI</arg>
<arg>KM</arg>
<arg>KN</arg>
<arg>KP</arg>
<arg>KR</arg>
<arg>KW</arg>
<arg>KY</arg>
<arg>KZ</arg>
<arg>LA</arg>
<arg>LB</arg>
<arg>LC</arg>
<arg>LI</arg>
<arg>LK</arg>
<arg>LR</arg>
<arg>LS</arg>
<arg>LT</arg>
<arg>LU</arg>
<arg>LV</arg>
<arg>LY</arg>
<arg>MA</arg>
<arg>MC</arg>
<arg>MD</arg>
<arg>ME</arg>
<arg>MF</arg>
<arg>MG</arg>
<arg>MH</arg>
<arg>MK</arg>
<arg>ML</arg>
<arg>MM</arg>
<arg>MN</arg>
<arg>MO</arg>
<arg>MP</arg>
<arg>MQ</arg>
<arg>MR</arg>
<arg>MS</arg>
<arg>MT</arg>
<arg>MU</arg>
<arg>MV</arg>
<arg>MW</arg>
<arg>MX</arg>
<arg>MY</arg>
<arg>MZ</arg>
<arg>NA</arg>
<arg>NC</arg>
<arg>NE</arg>
<arg>NF</arg>
<arg>NG</arg>
<arg>NI</arg>
<arg>NL</arg>
<arg>NO</arg>
<arg>NP</arg>
<arg>NR</arg>
<arg>NU</arg>
<arg>NZ</arg>
<arg>OM</arg>
<arg>PA</arg>
<arg>PE</arg>
<arg>PF</arg>
<arg>PG</arg>
<arg>PH</arg>
<arg>PK</arg>
<arg>PL</arg>
<arg>PM</arg>
<arg>PN</arg>
<arg>PR</arg>
<arg>PS</arg>
<arg>PT</arg>
<arg>PW</arg>
<arg>PY</arg>
<arg>QA</arg>
<arg>RE</arg>
<arg>RO</arg>
<arg>RS</arg>
<arg>RU</arg>
<arg>RW</arg>
<arg>SA</arg>
<arg>SB</arg>
<arg>SC</arg>
<arg>SD</arg>
<arg>SE</arg>
<arg>SG</arg>
<arg>SH</arg>
<arg>SI</arg>
<arg>SJ</arg>
<arg>SK</arg>
<arg>SL</arg>
<arg>SM</arg>
<arg>SN</arg>
<arg>SO</arg>
<arg>SR</arg>
<arg>SS</arg>
<arg>ST</arg>
<arg>SV</arg>
<arg>SX</arg>
<arg>SY</arg>
<arg>SZ</arg>
<arg>TC</arg>
<arg>TD</arg>
<arg>TF</arg>
<arg>TG</arg>
<arg>TH</arg>
<arg>TJ</arg>
<arg>TK</arg>
<arg>TL</arg>
<arg>TM</arg>
<arg>TN</arg>
<arg>TO</arg>
<arg>TR</arg>
<arg>TT</arg>
<arg>TV</arg>
<arg>TW</arg>
<arg>TZ</arg>
<arg>UA</arg>
<arg>UG</arg>
<arg>UM</arg>
<arg>US</arg>
<arg>UY</arg>
<arg>UZ</arg>
<arg>VA</arg>
<arg>VC</arg>
<arg>VE</arg>
<arg>VG</arg>
<arg>VI</arg>
<arg>VN</arg>
<arg>VU</arg>
<arg>WF</arg>
<arg>WS</arg>
<arg>XK</arg>
<arg>YE</arg>
<arg>YT</arg>
<arg>ZA</arg>
<arg>ZM</arg>
<arg>ZW</arg>
<doc>Returns a list containing given items.</doc>
<status status="PASS" start="2024-05-13T02:29:12.283300" elapsed="0.000610"/>
</kw>
<kw name="List Should Contain Value" owner="Collections">
<msg time="2024-05-13T02:29:12.284926" level="INFO">False</msg>
<arg>${list_country}</arg>
<arg>${name_country}</arg>
<doc>Fails if the ``value`` is not found from ``list``.</doc>
<status status="PASS" start="2024-05-13T02:29:12.284700" elapsed="0.000264"/>
</kw>
<kw name="Run Keyword If" owner="BuiltIn">
<kw name="Should Be True" owner="BuiltIn">
<arg>${True}</arg>
<doc>Fails if the given condition is not true.</doc>
<status status="PASS" start="2024-05-13T02:29:12.286036" elapsed="0.000144"/>
</kw>
<arg>${json_data["results"][0]["location"]["coordinates"]["latitude"]} &gt;= -90 and ${json_data["results"][0]["location"]["coordinates"]["latitude"]} &lt;= 90</arg>
<arg>Should Be True</arg>
<arg>${True}</arg>
<doc>Runs the given keyword with the given arguments, if ``condition`` is true.</doc>
<status status="PASS" start="2024-05-13T02:29:12.285278" elapsed="0.001029"/>
</kw>
<kw name="Run Keyword If" owner="BuiltIn">
<kw name="Should Be True" owner="BuiltIn">
<arg>${True}</arg>
<doc>Fails if the given condition is not true.</doc>
<status status="PASS" start="2024-05-13T02:29:12.287190" elapsed="0.000250"/>
</kw>
<arg>${json_data["results"][0]["location"]["coordinates"]["longitude"]} &gt;= -180 and ${json_data["results"][0]["location"]["coordinates"]["longitude"]} &lt;= 180</arg>
<arg>Should Be True</arg>
<arg>${True}</arg>
<doc>Runs the given keyword with the given arguments, if ``condition`` is true.</doc>
<status status="PASS" start="2024-05-13T02:29:12.286493" elapsed="0.001074"/>
</kw>
<status status="PASS" start="2024-05-13T02:29:12.182422" elapsed="0.105277"/>
</kw>
<doc>Testa o conteúdo específico dos campos retornados pela API.</doc>
<tag>testeConteudo</tag>
<status status="PASS" start="2024-05-13T02:29:12.181961" elapsed="0.105887"/>
</test>
<status status="PASS" start="2024-05-13T02:29:11.500988" elapsed="0.788915"/>
</suite>
<status status="PASS" start="2024-05-13T02:29:11.487205" elapsed="0.807804"/>
</suite>
<statistics>
<total>
<stat pass="5" fail="0" skip="0">All Tests</stat>
</total>
<tag>
<stat pass="1" fail="0" skip="0">testeConteudo</stat>
<stat pass="1" fail="0" skip="0">testeEstruturaResposta</stat>
<stat pass="1" fail="0" skip="0">testeRequisicaoBasica</stat>
<stat pass="1" fail="0" skip="0">testeTiposDados</stat>
</tag>
<suite>
<stat pass="5" fail="0" skip="0" id="s1" name="Tests">Tests</stat>
<stat pass="5" fail="0" skip="0" id="s1-s1" name="Random-User-Test">Tests.Random-User-Test</stat>
</suite>
</statistics>
<errors>
</errors>
</robot>
