<?xml version="1.0" encoding="UTF-8"?>
<robot generator="Robot 7.0 (Python 3.12.3 on linux)" generated="2024-05-07T09:16:48.498520" rpa="false" schemaversion="5">
<suite id="s1" name="Tests" source="/home/runner/work/DesafioQAItauRogerioJordao/DesafioQAItauRogerioJordao/RamdonUser/tests">
<suite id="s1-s1" name="Random-User-Test" source="/home/runner/work/DesafioQAItauRogerioJordao/DesafioQAItauRogerioJordao/RamdonUser/tests/random-user-test.robot">
<test id="s1-s1-t1" name="Conectar" line="13">
<kw name="Conectar API" owner="random-user-service">
<kw name="Create Session" owner="RequestsLibrary">
<msg time="2024-05-07T09:16:48.862472" level="INFO">Creating Session using : alias=consultarAPI, url=https://randomuser.me/, headers={},                     cookies={}, auth=None, timeout=None, proxies=None, verify=False,                     debug=0 </msg>
<arg>consultarAPI</arg>
<arg>${URL}</arg>
<doc>Create Session: create a HTTP session to a server</doc>
<status status="PASS" start="2024-05-07T09:16:48.862275" elapsed="0.000364"/>
</kw>
<status status="PASS" start="2024-05-07T09:16:48.861318" elapsed="0.001676"/>
</kw>
<status status="PASS" start="2024-05-07T09:16:48.860792" elapsed="0.002395"/>
</test>
<test id="s1-s1-t2" name="Validar retorno 200 e JSON Válido" line="16">
<kw name="Teste de Requisicao Basica" owner="random-user-service">
<kw name="GET On Session" owner="RequestsLibrary">
<msg time="2024-05-07T09:16:49.112178" level="INFO">GET Request : url=https://randomuser.me/api 
 path_url=/api 
 headers={'User-Agent': 'python-requests/2.31.0', 'Accept-Encoding': 'gzip, deflate', 'Accept': '*/*', 'Connection': 'keep-alive'} 
 body=None 
 </msg>
<msg time="2024-05-07T09:16:49.112345" level="INFO">GET Response : url=https://randomuser.me/api 
 status=200, reason=OK 
 headers={'Date': 'Tue, 07 May 2024 09:16:49 GMT', 'Content-Type': 'application/json; charset=utf-8', 'Transfer-Encoding': 'chunked', 'Connection': 'keep-alive', 'X-Powered-By': 'Express', 'Access-Control-Allow-Origin': '*', 'Cache-Control': 'no-cache', 'ETag': 'W/"481-38h9AYo2jmGznO3+OasL5btk51Q"', 'Vary': 'Accept-Encoding', 'Content-Encoding': 'gzip', 'CF-Cache-Status': 'DYNAMIC', 'Report-To': '{"endpoints":[{"url":"https:\\/\\/a.nel.cloudflare.com\\/report\\/v4?s=JHT6OwXM6ARYFf%2Fquw%2BmFFnfWV8NNtxeDQz5Qe2q%2FRMGhMYRJFk7Hy%2F6MmzZjBbJr9Oa5%2BnL3XYkeEXg9RJcbiMzWof6syzze%2BdinjUGYtqb2W5LW1vktueRHI%2BpaU8a"}],"group":"cf-nel","max_age":604800}', 'NEL': '{"success_fraction":0,"report_to":"cf-nel","max_age":604800}', 'Server': 'cloudflare', 'CF-RAY': '88001d05fc38609c-ORD', 'alt-svc': 'h3=":443"; ma=86400'} 
 body={"results":[{"gender":"male","name":{"title":"Mr","first":"Carl","last":"Petersen"},"location":{"street":{"number":6171,"name":"Skovkanten"},"city":"Brøndby Strand","state":"Syddanmark","country":"Denmark","postcode":16669,"coordinates":{"latitude":"-39.5827","longitude":"-12.6358"},"timezone":{"offset":"-12:00","description":"Eniwetok, Kwajalein"}},"email":"carl.petersen@example.com","login":{"uuid":"3c09b2f1-5d4a-4841-b393-9d38303f20a0","username":"organicelephant609","password":"butler","salt":"v1qOHqh7","md5":"0d3dde7f5cb3a2aacedda0c444800aac","sha1":"ca93db982d5a74451d38e4abd38fa96a1ed6c04a","sha256":"ed57d565eafbc7c70c709bef5b8af46949b81dadee7243dd84ef18a6a43c9d70"},"dob":{"date":"1993-11-15T14:43:42.819Z","age":30},"registered":{"date":"2007-01-20T03:03:18.866Z","age":17},"phone":"20191060","cell":"21831707","id":{"name":"CPR","value":"151193-9387"},"picture":{"large":"https://randomuser.me/api/portraits/men/55.jpg","medium":"https://randomuser.me/api/portraits/med/men/55.jpg","thumbnail":"https://randomuser.me/api/portraits/thumb/men/55.jpg"},"nat":"DK"}],"info":{"seed":"417c7180f344d2f7","results":1,"page":1,"version":"1.4"}} 
 </msg>
<msg time="2024-05-07T09:16:49.112443" level="INFO">/opt/hostedtoolcache/Python/3.12.3/x64/lib/python3.12/site-packages/urllib3/connectionpool.py:1103: InsecureRequestWarning: Unverified HTTPS request is being made to host 'randomuser.me'. Adding certificate verification is strongly advised. See: https://urllib3.readthedocs.io/en/latest/advanced-usage.html#tls-warnings
  warnings.warn(</msg>
<msg time="2024-05-07T09:16:49.112620" level="INFO">${response} = &lt;Response [200]&gt;</msg>
<var>${response}</var>
<arg>consultarAPI</arg>
<arg>/api</arg>
<doc>Sends a GET request on a previously created HTTP Session.</doc>
<status status="PASS" start="2024-05-07T09:16:48.865749" elapsed="0.246915"/>
</kw>
<kw name="Should Be Equal As Numbers" owner="BuiltIn">
<msg time="2024-05-07T09:16:49.113723" level="INFO">Argument types are:
&lt;class 'int'&gt;
&lt;class 'str'&gt;</msg>
<arg>${response.status_code}</arg>
<arg>200</arg>
<doc>Fails if objects are unequal after converting them to real numbers.</doc>
<status status="PASS" start="2024-05-07T09:16:49.113221" elapsed="0.000574"/>
</kw>
<kw name="Log" owner="BuiltIn">
<msg time="2024-05-07T09:16:49.114640" level="INFO">200</msg>
<arg>${response.status_code}</arg>
<doc>Logs the given message with the given level.</doc>
<status status="PASS" start="2024-05-07T09:16:49.114244" elapsed="0.000441"/>
</kw>
<kw name="Set Variable" owner="BuiltIn">
<msg time="2024-05-07T09:16:49.115472" level="INFO">${json_data} = {'results': [{'gender': 'male', 'name': {'title': 'Mr', 'first': 'Carl', 'last': 'Petersen'}, 'location': {'street': {'number': 6171, 'name': 'Skovkanten'}, 'city': 'Brøndby Strand', 'state': 'Syddanm...</msg>
<var>${json_data}</var>
<arg>${response.json()}</arg>
<doc>Returns the given values which can then be assigned to a variables.</doc>
<status status="PASS" start="2024-05-07T09:16:49.115010" elapsed="0.000491"/>
</kw>
<kw name="Dictionary Should Contain Key" owner="Collections">
<msg time="2024-05-07T09:16:49.116014" level="INFO">False</msg>
<arg>${json_data}</arg>
<arg>results</arg>
<doc>Fails if ``key`` is not found from ``dictionary``.</doc>
<status status="PASS" start="2024-05-07T09:16:49.115826" elapsed="0.000231"/>
</kw>
<status status="PASS" start="2024-05-07T09:16:48.865506" elapsed="0.250814"/>
</kw>
<doc>Testa se a API responde corretamente e retorna um objeto JSON válido.</doc>
<tag>testeRequisicaoBasica</tag>
<status status="PASS" start="2024-05-07T09:16:48.865039" elapsed="0.251481"/>
</test>
<test id="s1-s1-t3" name="Validar estrutura de resposta" line="22">
<kw name="Teste de Estrutura de Resposta" owner="random-user-service">
<kw name="GET On Session" owner="RequestsLibrary">
<msg time="2024-05-07T09:16:49.183673" level="INFO">GET Request : url=https://randomuser.me/api 
 path_url=/api 
 headers={'User-Agent': 'python-requests/2.31.0', 'Accept-Encoding': 'gzip, deflate', 'Accept': '*/*', 'Connection': 'keep-alive'} 
 body=None 
 </msg>
<msg time="2024-05-07T09:16:49.183762" level="INFO">GET Response : url=https://randomuser.me/api 
 status=200, reason=OK 
 headers={'Date': 'Tue, 07 May 2024 09:16:49 GMT', 'Content-Type': 'application/json; charset=utf-8', 'Transfer-Encoding': 'chunked', 'Connection': 'keep-alive', 'X-Powered-By': 'Express', 'Access-Control-Allow-Origin': '*', 'Cache-Control': 'no-cache', 'ETag': 'W/"4a4-zh3A8HRxyEpnDUquHSXZOoWlmjc"', 'Vary': 'Accept-Encoding', 'Content-Encoding': 'gzip', 'CF-Cache-Status': 'DYNAMIC', 'Report-To': '{"endpoints":[{"url":"https:\\/\\/a.nel.cloudflare.com\\/report\\/v4?s=qC3TH6qvw38xfEO5UYsXTlB%2BktMA2snXGbtlnz4NE%2Bb14kSqLv080%2FD4OzSrNWGvONw03GCm6L22vvgbJx9gI5kc1crNOYHANE7xl%2FBJ5o6Olqh5E677b3lIEQX04UBZ"}],"group":"cf-nel","max_age":604800}', 'NEL': '{"success_fraction":0,"report_to":"cf-nel","max_age":604800}', 'Server': 'cloudflare', 'CF-RAY': '88001d070cf4609c-ORD', 'alt-svc': 'h3=":443"; ma=86400'} 
 body={"results":[{"gender":"male","name":{"title":"Mr","first":"Vernon","last":"Clark"},"location":{"street":{"number":6640,"name":"High Street"},"city":"City of London","state":"Dorset","country":"United Kingdom","postcode":"S5K 0FN","coordinates":{"latitude":"-5.6320","longitude":"-117.1259"},"timezone":{"offset":"+5:00","description":"Ekaterinburg, Islamabad, Karachi, Tashkent"}},"email":"vernon.clark@example.com","login":{"uuid":"f2aa434b-a947-4ba1-bbab-7676c77ba3d5","username":"purplepanda515","password":"reload","salt":"NJrBTQgS","md5":"d57602ab2b40d609b3b535f9c52de4b3","sha1":"a4d17c8271b641f6ddab21b594dbec51ce09d2bc","sha256":"50429acc3136d6411b47ad76e60aaf386465b7d60d49f316ac4a536eb860f8ad"},"dob":{"date":"1966-12-14T04:43:55.237Z","age":57},"registered":{"date":"2012-03-22T05:35:48.892Z","age":12},"phone":"0111 666 5597","cell":"07067 141870","id":{"name":"NINO","value":"XC 93 02 47 Z"},"picture":{"large":"https://randomuser.me/api/portraits/men/41.jpg","medium":"https://randomuser.me/api/portraits/med/men/41.jpg","thumbnail":"https://randomuser.me/api/portraits/thumb/men/41.jpg"},"nat":"GB"}],"info":{"seed":"f6430ea661f53043","results":1,"page":1,"version":"1.4"}} 
 </msg>
<msg time="2024-05-07T09:16:49.183879" level="INFO">/opt/hostedtoolcache/Python/3.12.3/x64/lib/python3.12/site-packages/urllib3/connectionpool.py:1103: InsecureRequestWarning: Unverified HTTPS request is being made to host 'randomuser.me'. Adding certificate verification is strongly advised. See: https://urllib3.readthedocs.io/en/latest/advanced-usage.html#tls-warnings
  warnings.warn(</msg>
<msg time="2024-05-07T09:16:49.184103" level="INFO">${response} = &lt;Response [200]&gt;</msg>
<var>${response}</var>
<arg>consultarAPI</arg>
<arg>/api</arg>
<doc>Sends a GET request on a previously created HTTP Session.</doc>
<status status="PASS" start="2024-05-07T09:16:49.119347" elapsed="0.064788"/>
</kw>
<kw name="Set Variable" owner="BuiltIn">
<msg time="2024-05-07T09:16:49.185091" level="INFO">${json_data} = {'results': [{'gender': 'male', 'name': {'title': 'Mr', 'first': 'Vernon', 'last': 'Clark'}, 'location': {'street': {'number': 6640, 'name': 'High Street'}, 'city': 'City of London', 'state': 'Dorset'...</msg>
<var>${json_data}</var>
<arg>${response.json()}</arg>
<doc>Returns the given values which can then be assigned to a variables.</doc>
<status status="PASS" start="2024-05-07T09:16:49.184576" elapsed="0.000544"/>
</kw>
<kw name="Log" owner="BuiltIn">
<msg time="2024-05-07T09:16:49.185605" level="INFO">{'results': [{'gender': 'male', 'name': {'title': 'Mr', 'first': 'Vernon', 'last': 'Clark'}, 'location': {'street': {'number': 6640, 'name': 'High Street'}, 'city': 'City of London', 'state': 'Dorset', 'country': 'United Kingdom', 'postcode': 'S5K 0FN', 'coordinates': {'latitude': '-5.6320', 'longitude': '-117.1259'}, 'timezone': {'offset': '+5:00', 'description': 'Ekaterinburg, Islamabad, Karachi, Tashkent'}}, 'email': 'vernon.clark@example.com', 'login': {'uuid': 'f2aa434b-a947-4ba1-bbab-7676c77ba3d5', 'username': 'purplepanda515', 'password': 'reload', 'salt': 'NJrBTQgS', 'md5': 'd57602ab2b40d609b3b535f9c52de4b3', 'sha1': 'a4d17c8271b641f6ddab21b594dbec51ce09d2bc', 'sha256': '50429acc3136d6411b47ad76e60aaf386465b7d60d49f316ac4a536eb860f8ad'}, 'dob': {'date': '1966-12-14T04:43:55.237Z', 'age': 57}, 'registered': {'date': '2012-03-22T05:35:48.892Z', 'age': 12}, 'phone': '0111 666 5597', 'cell': '07067 141870', 'id': {'name': 'NINO', 'value': 'XC 93 02 47 Z'}, 'picture': {'large': 'https://randomuser.me/api/portraits/men/41.jpg', 'medium': 'https://randomuser.me/api/portraits/med/men/41.jpg', 'thumbnail': 'https://randomuser.me/api/portraits/thumb/men/41.jpg'}, 'nat': 'GB'}], 'info': {'seed': 'f6430ea661f53043', 'results': 1, 'page': 1, 'version': '1.4'}}</msg>
<arg>${json_data}</arg>
<doc>Logs the given message with the given level.</doc>
<status status="PASS" start="2024-05-07T09:16:49.185445" elapsed="0.000210"/>
</kw>
<kw name="Dictionary Should Contain Key" owner="Collections">
<msg time="2024-05-07T09:16:49.186122" level="INFO">False</msg>
<arg>${json_data}</arg>
<arg>results</arg>
<doc>Fails if ``key`` is not found from ``dictionary``.</doc>
<status status="PASS" start="2024-05-07T09:16:49.185958" elapsed="0.000236"/>
</kw>
<kw name="Should Not Be Empty" owner="BuiltIn">
<msg time="2024-05-07T09:16:49.186642" level="INFO">Length is 2.</msg>
<arg>${json_data}</arg>
<doc>Verifies that the given item is not empty.</doc>
<status status="PASS" start="2024-05-07T09:16:49.186504" elapsed="0.000339"/>
</kw>
<kw name="Create List" owner="BuiltIn">
<msg time="2024-05-07T09:16:49.187296" level="INFO">${expected_keys} = ['gender', 'name', 'location', 'email', 'login']</msg>
<var>${expected_keys}</var>
<arg>gender</arg>
<arg>name</arg>
<arg>location</arg>
<arg>email</arg>
<arg>login</arg>
<doc>Returns a list containing given items.</doc>
<status status="PASS" start="2024-05-07T09:16:49.187140" elapsed="0.000180"/>
</kw>
<for flavor="IN">
<iter>
<kw name="Dictionary Should Contain Key" owner="Collections">
<msg time="2024-05-07T09:16:49.188324" level="INFO">False</msg>
<arg>${json_data['results'][0]}</arg>
<arg>${key}</arg>
<doc>Fails if ``key`` is not found from ``dictionary``.</doc>
<status status="PASS" start="2024-05-07T09:16:49.187912" elapsed="0.000451"/>
</kw>
<kw name="Log" owner="BuiltIn">
<msg time="2024-05-07T09:16:49.189032" level="INFO">{'gender': 'male', 'name': {'title': 'Mr', 'first': 'Vernon', 'last': 'Clark'}, 'location': {'street': {'number': 6640, 'name': 'High Street'}, 'city': 'City of London', 'state': 'Dorset', 'country': 'United Kingdom', 'postcode': 'S5K 0FN', 'coordinates': {'latitude': '-5.6320', 'longitude': '-117.1259'}, 'timezone': {'offset': '+5:00', 'description': 'Ekaterinburg, Islamabad, Karachi, Tashkent'}}, 'email': 'vernon.clark@example.com', 'login': {'uuid': 'f2aa434b-a947-4ba1-bbab-7676c77ba3d5', 'username': 'purplepanda515', 'password': 'reload', 'salt': 'NJrBTQgS', 'md5': 'd57602ab2b40d609b3b535f9c52de4b3', 'sha1': 'a4d17c8271b641f6ddab21b594dbec51ce09d2bc', 'sha256': '50429acc3136d6411b47ad76e60aaf386465b7d60d49f316ac4a536eb860f8ad'}, 'dob': {'date': '1966-12-14T04:43:55.237Z', 'age': 57}, 'registered': {'date': '2012-03-22T05:35:48.892Z', 'age': 12}, 'phone': '0111 666 5597', 'cell': '07067 141870', 'id': {'name': 'NINO', 'value': 'XC 93 02 47 Z'}, 'picture': {'large': 'https://randomuser.me/api/portraits/men/41.jpg', 'medium': 'https://randomuser.me/api/portraits/med/men/41.jpg', 'thumbnail': 'https://randomuser.me/api/portraits/thumb/men/41.jpg'}, 'nat': 'GB'}</msg>
<arg>${json_data['results'][0]}</arg>
<doc>Logs the given message with the given level.</doc>
<status status="PASS" start="2024-05-07T09:16:49.188661" elapsed="0.000421"/>
</kw>
<kw name="Log" owner="BuiltIn">
<msg time="2024-05-07T09:16:49.189513" level="INFO">gender</msg>
<arg>${key}</arg>
<doc>Logs the given message with the given level.</doc>
<status status="PASS" start="2024-05-07T09:16:49.189386" elapsed="0.000164"/>
</kw>
<var name="${key}">gender</var>
<status status="PASS" start="2024-05-07T09:16:49.187784" elapsed="0.001980"/>
</iter>
<iter>
<kw name="Dictionary Should Contain Key" owner="Collections">
<msg time="2024-05-07T09:16:49.190486" level="INFO">False</msg>
<arg>${json_data['results'][0]}</arg>
<arg>${key}</arg>
<doc>Fails if ``key`` is not found from ``dictionary``.</doc>
<status status="PASS" start="2024-05-07T09:16:49.190069" elapsed="0.000455"/>
</kw>
<kw name="Log" owner="BuiltIn">
<msg time="2024-05-07T09:16:49.191214" level="INFO">{'gender': 'male', 'name': {'title': 'Mr', 'first': 'Vernon', 'last': 'Clark'}, 'location': {'street': {'number': 6640, 'name': 'High Street'}, 'city': 'City of London', 'state': 'Dorset', 'country': 'United Kingdom', 'postcode': 'S5K 0FN', 'coordinates': {'latitude': '-5.6320', 'longitude': '-117.1259'}, 'timezone': {'offset': '+5:00', 'description': 'Ekaterinburg, Islamabad, Karachi, Tashkent'}}, 'email': 'vernon.clark@example.com', 'login': {'uuid': 'f2aa434b-a947-4ba1-bbab-7676c77ba3d5', 'username': 'purplepanda515', 'password': 'reload', 'salt': 'NJrBTQgS', 'md5': 'd57602ab2b40d609b3b535f9c52de4b3', 'sha1': 'a4d17c8271b641f6ddab21b594dbec51ce09d2bc', 'sha256': '50429acc3136d6411b47ad76e60aaf386465b7d60d49f316ac4a536eb860f8ad'}, 'dob': {'date': '1966-12-14T04:43:55.237Z', 'age': 57}, 'registered': {'date': '2012-03-22T05:35:48.892Z', 'age': 12}, 'phone': '0111 666 5597', 'cell': '07067 141870', 'id': {'name': 'NINO', 'value': 'XC 93 02 47 Z'}, 'picture': {'large': 'https://randomuser.me/api/portraits/men/41.jpg', 'medium': 'https://randomuser.me/api/portraits/med/men/41.jpg', 'thumbnail': 'https://randomuser.me/api/portraits/thumb/men/41.jpg'}, 'nat': 'GB'}</msg>
<arg>${json_data['results'][0]}</arg>
<doc>Logs the given message with the given level.</doc>
<status status="PASS" start="2024-05-07T09:16:49.190849" elapsed="0.000413"/>
</kw>
<kw name="Log" owner="BuiltIn">
<msg time="2024-05-07T09:16:49.191681" level="INFO">name</msg>
<arg>${key}</arg>
<doc>Logs the given message with the given level.</doc>
<status status="PASS" start="2024-05-07T09:16:49.191557" elapsed="0.000161"/>
</kw>
<var name="${key}">name</var>
<status status="PASS" start="2024-05-07T09:16:49.189954" elapsed="0.001977"/>
</iter>
<iter>
<kw name="Dictionary Should Contain Key" owner="Collections">
<msg time="2024-05-07T09:16:49.192597" level="INFO">False</msg>
<arg>${json_data['results'][0]}</arg>
<arg>${key}</arg>
<doc>Fails if ``key`` is not found from ``dictionary``.</doc>
<status status="PASS" start="2024-05-07T09:16:49.192217" elapsed="0.000417"/>
</kw>
<kw name="Log" owner="BuiltIn">
<msg time="2024-05-07T09:16:49.193289" level="INFO">{'gender': 'male', 'name': {'title': 'Mr', 'first': 'Vernon', 'last': 'Clark'}, 'location': {'street': {'number': 6640, 'name': 'High Street'}, 'city': 'City of London', 'state': 'Dorset', 'country': 'United Kingdom', 'postcode': 'S5K 0FN', 'coordinates': {'latitude': '-5.6320', 'longitude': '-117.1259'}, 'timezone': {'offset': '+5:00', 'description': 'Ekaterinburg, Islamabad, Karachi, Tashkent'}}, 'email': 'vernon.clark@example.com', 'login': {'uuid': 'f2aa434b-a947-4ba1-bbab-7676c77ba3d5', 'username': 'purplepanda515', 'password': 'reload', 'salt': 'NJrBTQgS', 'md5': 'd57602ab2b40d609b3b535f9c52de4b3', 'sha1': 'a4d17c8271b641f6ddab21b594dbec51ce09d2bc', 'sha256': '50429acc3136d6411b47ad76e60aaf386465b7d60d49f316ac4a536eb860f8ad'}, 'dob': {'date': '1966-12-14T04:43:55.237Z', 'age': 57}, 'registered': {'date': '2012-03-22T05:35:48.892Z', 'age': 12}, 'phone': '0111 666 5597', 'cell': '07067 141870', 'id': {'name': 'NINO', 'value': 'XC 93 02 47 Z'}, 'picture': {'large': 'https://randomuser.me/api/portraits/men/41.jpg', 'medium': 'https://randomuser.me/api/portraits/med/men/41.jpg', 'thumbnail': 'https://randomuser.me/api/portraits/thumb/men/41.jpg'}, 'nat': 'GB'}</msg>
<arg>${json_data['results'][0]}</arg>
<doc>Logs the given message with the given level.</doc>
<status status="PASS" start="2024-05-07T09:16:49.192933" elapsed="0.000404"/>
</kw>
<kw name="Log" owner="BuiltIn">
<msg time="2024-05-07T09:16:49.193754" level="INFO">location</msg>
<arg>${key}</arg>
<doc>Logs the given message with the given level.</doc>
<status status="PASS" start="2024-05-07T09:16:49.193632" elapsed="0.000159"/>
</kw>
<var name="${key}">location</var>
<status status="PASS" start="2024-05-07T09:16:49.192107" elapsed="0.001914"/>
</iter>
<iter>
<kw name="Dictionary Should Contain Key" owner="Collections">
<msg time="2024-05-07T09:16:49.194724" level="INFO">False</msg>
<arg>${json_data['results'][0]}</arg>
<arg>${key}</arg>
<doc>Fails if ``key`` is not found from ``dictionary``.</doc>
<status status="PASS" start="2024-05-07T09:16:49.194341" elapsed="0.000420"/>
</kw>
<kw name="Log" owner="BuiltIn">
<msg time="2024-05-07T09:16:49.195417" level="INFO">{'gender': 'male', 'name': {'title': 'Mr', 'first': 'Vernon', 'last': 'Clark'}, 'location': {'street': {'number': 6640, 'name': 'High Street'}, 'city': 'City of London', 'state': 'Dorset', 'country': 'United Kingdom', 'postcode': 'S5K 0FN', 'coordinates': {'latitude': '-5.6320', 'longitude': '-117.1259'}, 'timezone': {'offset': '+5:00', 'description': 'Ekaterinburg, Islamabad, Karachi, Tashkent'}}, 'email': 'vernon.clark@example.com', 'login': {'uuid': 'f2aa434b-a947-4ba1-bbab-7676c77ba3d5', 'username': 'purplepanda515', 'password': 'reload', 'salt': 'NJrBTQgS', 'md5': 'd57602ab2b40d609b3b535f9c52de4b3', 'sha1': 'a4d17c8271b641f6ddab21b594dbec51ce09d2bc', 'sha256': '50429acc3136d6411b47ad76e60aaf386465b7d60d49f316ac4a536eb860f8ad'}, 'dob': {'date': '1966-12-14T04:43:55.237Z', 'age': 57}, 'registered': {'date': '2012-03-22T05:35:48.892Z', 'age': 12}, 'phone': '0111 666 5597', 'cell': '07067 141870', 'id': {'name': 'NINO', 'value': 'XC 93 02 47 Z'}, 'picture': {'large': 'https://randomuser.me/api/portraits/men/41.jpg', 'medium': 'https://randomuser.me/api/portraits/med/men/41.jpg', 'thumbnail': 'https://randomuser.me/api/portraits/thumb/men/41.jpg'}, 'nat': 'GB'}</msg>
<arg>${json_data['results'][0]}</arg>
<doc>Logs the given message with the given level.</doc>
<status status="PASS" start="2024-05-07T09:16:49.195060" elapsed="0.000405"/>
</kw>
<kw name="Log" owner="BuiltIn">
<msg time="2024-05-07T09:16:49.195883" level="INFO">email</msg>
<arg>${key}</arg>
<doc>Logs the given message with the given level.</doc>
<status status="PASS" start="2024-05-07T09:16:49.195759" elapsed="0.000163"/>
</kw>
<var name="${key}">email</var>
<status status="PASS" start="2024-05-07T09:16:49.194227" elapsed="0.001907"/>
</iter>
<iter>
<kw name="Dictionary Should Contain Key" owner="Collections">
<msg time="2024-05-07T09:16:49.196795" level="INFO">False</msg>
<arg>${json_data['results'][0]}</arg>
<arg>${key}</arg>
<doc>Fails if ``key`` is not found from ``dictionary``.</doc>
<status status="PASS" start="2024-05-07T09:16:49.196417" elapsed="0.000416"/>
</kw>
<kw name="Log" owner="BuiltIn">
<msg time="2024-05-07T09:16:49.197486" level="INFO">{'gender': 'male', 'name': {'title': 'Mr', 'first': 'Vernon', 'last': 'Clark'}, 'location': {'street': {'number': 6640, 'name': 'High Street'}, 'city': 'City of London', 'state': 'Dorset', 'country': 'United Kingdom', 'postcode': 'S5K 0FN', 'coordinates': {'latitude': '-5.6320', 'longitude': '-117.1259'}, 'timezone': {'offset': '+5:00', 'description': 'Ekaterinburg, Islamabad, Karachi, Tashkent'}}, 'email': 'vernon.clark@example.com', 'login': {'uuid': 'f2aa434b-a947-4ba1-bbab-7676c77ba3d5', 'username': 'purplepanda515', 'password': 'reload', 'salt': 'NJrBTQgS', 'md5': 'd57602ab2b40d609b3b535f9c52de4b3', 'sha1': 'a4d17c8271b641f6ddab21b594dbec51ce09d2bc', 'sha256': '50429acc3136d6411b47ad76e60aaf386465b7d60d49f316ac4a536eb860f8ad'}, 'dob': {'date': '1966-12-14T04:43:55.237Z', 'age': 57}, 'registered': {'date': '2012-03-22T05:35:48.892Z', 'age': 12}, 'phone': '0111 666 5597', 'cell': '07067 141870', 'id': {'name': 'NINO', 'value': 'XC 93 02 47 Z'}, 'picture': {'large': 'https://randomuser.me/api/portraits/men/41.jpg', 'medium': 'https://randomuser.me/api/portraits/med/men/41.jpg', 'thumbnail': 'https://randomuser.me/api/portraits/thumb/men/41.jpg'}, 'nat': 'GB'}</msg>
<arg>${json_data['results'][0]}</arg>
<doc>Logs the given message with the given level.</doc>
<status status="PASS" start="2024-05-07T09:16:49.197121" elapsed="0.000413"/>
</kw>
<kw name="Log" owner="BuiltIn">
<msg time="2024-05-07T09:16:49.197951" level="INFO">login</msg>
<arg>${key}</arg>
<doc>Logs the given message with the given level.</doc>
<status status="PASS" start="2024-05-07T09:16:49.197826" elapsed="0.000197"/>
</kw>
<var name="${key}">login</var>
<status status="PASS" start="2024-05-07T09:16:49.196307" elapsed="0.001971"/>
</iter>
<var>${key}</var>
<value>@{expected_keys}</value>
<status status="PASS" start="2024-05-07T09:16:49.187585" elapsed="0.010816"/>
</for>
<kw name="Create List" owner="BuiltIn">
<msg time="2024-05-07T09:16:49.198738" level="INFO">${expected_keysTwo} = ['username', 'password']</msg>
<var>${expected_keysTwo}</var>
<arg>username</arg>
<arg>password</arg>
<doc>Returns a list containing given items.</doc>
<status status="PASS" start="2024-05-07T09:16:49.198601" elapsed="0.000161"/>
</kw>
<for flavor="IN">
<iter>
<kw name="Dictionary Should Contain Key" owner="Collections">
<msg time="2024-05-07T09:16:49.199660" level="INFO">False</msg>
<arg>${json_data['results'][0]['login']}</arg>
<arg>${keyTwo}</arg>
<doc>Fails if ``key`` is not found from ``dictionary``.</doc>
<status status="PASS" start="2024-05-07T09:16:49.199275" elapsed="0.000422"/>
</kw>
<kw name="Dictionary Should Contain Key" owner="Collections">
<msg time="2024-05-07T09:16:49.200379" level="INFO">False</msg>
<arg>${json_data['results'][0]['login']}</arg>
<arg>${keyTwo}</arg>
<doc>Fails if ``key`` is not found from ``dictionary``.</doc>
<status status="PASS" start="2024-05-07T09:16:49.199995" elapsed="0.000422"/>
</kw>
<kw name="Log" owner="BuiltIn">
<msg time="2024-05-07T09:16:49.200830" level="INFO">username</msg>
<arg>${keyTwo}</arg>
<doc>Logs the given message with the given level.</doc>
<status status="PASS" start="2024-05-07T09:16:49.200707" elapsed="0.000164"/>
</kw>
<var name="${keyTwo}">username</var>
<status status="PASS" start="2024-05-07T09:16:49.199166" elapsed="0.001916"/>
</iter>
<iter>
<kw name="Dictionary Should Contain Key" owner="Collections">
<msg time="2024-05-07T09:16:49.201826" level="INFO">False</msg>
<arg>${json_data['results'][0]['login']}</arg>
<arg>${keyTwo}</arg>
<doc>Fails if ``key`` is not found from ``dictionary``.</doc>
<status status="PASS" start="2024-05-07T09:16:49.201362" elapsed="0.000503"/>
</kw>
<kw name="Dictionary Should Contain Key" owner="Collections">
<msg time="2024-05-07T09:16:49.202560" level="INFO">False</msg>
<arg>${json_data['results'][0]['login']}</arg>
<arg>${keyTwo}</arg>
<doc>Fails if ``key`` is not found from ``dictionary``.</doc>
<status status="PASS" start="2024-05-07T09:16:49.202182" elapsed="0.000415"/>
</kw>
<kw name="Log" owner="BuiltIn">
<msg time="2024-05-07T09:16:49.203018" level="INFO">password</msg>
<arg>${keyTwo}</arg>
<doc>Logs the given message with the given level.</doc>
<status status="PASS" start="2024-05-07T09:16:49.202894" elapsed="0.000162"/>
</kw>
<var name="${keyTwo}">password</var>
<status status="PASS" start="2024-05-07T09:16:49.201253" elapsed="0.002017"/>
</iter>
<var>${keyTwo}</var>
<value>@{expected_keysTwo}</value>
<status status="PASS" start="2024-05-07T09:16:49.199007" elapsed="0.004384"/>
</for>
<status status="PASS" start="2024-05-07T09:16:49.119095" elapsed="0.084441"/>
</kw>
<doc>Testa a estrutura da resposta da API.</doc>
<tag>testeEstruturaResposta</tag>
<status status="PASS" start="2024-05-07T09:16:49.118472" elapsed="0.085223"/>
</test>
<test id="s1-s1-t4" name="Validar tipos de dados" line="28">
<kw name="Teste de Tipos de Dados" owner="random-user-service">
<kw name="GET On Session" owner="RequestsLibrary">
<msg time="2024-05-07T09:16:49.279158" level="INFO">GET Request : url=https://randomuser.me/api 
 path_url=/api 
 headers={'User-Agent': 'python-requests/2.31.0', 'Accept-Encoding': 'gzip, deflate', 'Accept': '*/*', 'Connection': 'keep-alive'} 
 body=None 
 </msg>
<msg time="2024-05-07T09:16:49.279238" level="INFO">GET Response : url=https://randomuser.me/api 
 status=200, reason=OK 
 headers={'Date': 'Tue, 07 May 2024 09:16:49 GMT', 'Content-Type': 'application/json; charset=utf-8', 'Transfer-Encoding': 'chunked', 'Connection': 'keep-alive', 'X-Powered-By': 'Express', 'Access-Control-Allow-Origin': '*', 'Cache-Control': 'no-cache', 'ETag': 'W/"49b-FN0LadpqLG68giyt7TRmUl57h4s"', 'Vary': 'Accept-Encoding', 'Content-Encoding': 'gzip', 'CF-Cache-Status': 'DYNAMIC', 'Report-To': '{"endpoints":[{"url":"https:\\/\\/a.nel.cloudflare.com\\/report\\/v4?s=%2Fo0SFEpNwdaWj7OLCeq76Z5o4b%2BDe6rC%2FVvKKr8jgwXfdzWvEoTKe2b1qoOXDdT3%2FJUbdmFCCrVycX1%2BRM1mgvDE7eVnG%2FT348rijOJqfsgcKX%2BUC89SpRpVcRg6y%2FJj"}],"group":"cf-nel","max_age":604800}', 'NEL': '{"success_fraction":0,"report_to":"cf-nel","max_age":604800}', 'Server': 'cloudflare', 'CF-RAY': '88001d079d53609c-ORD', 'alt-svc': 'h3=":443"; ma=86400'} 
 body={"results":[{"gender":"female","name":{"title":"Miss","first":"Alvilde","last":"Heide"},"location":{"street":{"number":6125,"name":"Harald Løvenskiolds vei"},"city":"Stjørdalshalsen","state":"Akershus","country":"Norway","postcode":"5142","coordinates":{"latitude":"45.8711","longitude":"172.6075"},"timezone":{"offset":"-7:00","description":"Mountain Time (US &amp; Canada)"}},"email":"alvilde.heide@example.com","login":{"uuid":"050295c0-15b8-470a-a4ba-d1f1b8253d84","username":"purplesnake177","password":"playstat","salt":"vSHEdQkq","md5":"bc8bb6aef6a72f1d16be85265c792d05","sha1":"4c1342f1381c706c8c3b0a0918b026d849cc91e8","sha256":"6d6e17d956009467aa44d71554816b2bd7edddffbc0324fbf9f590ecbddfde18"},"dob":{"date":"1998-10-02T19:59:18.788Z","age":25},"registered":{"date":"2004-06-16T23:46:23.329Z","age":19},"phone":"61328528","cell":"43990283","id":{"name":"FN","value":"02109809864"},"picture":{"large":"https://randomuser.me/api/portraits/women/66.jpg","medium":"https://randomuser.me/api/portraits/med/women/66.jpg","thumbnail":"https://randomuser.me/api/portraits/thumb/women/66.jpg"},"nat":"NO"}],"info":{"seed":"a534ff9b809c4abf","results":1,"page":1,"version":"1.4"}} 
 </msg>
<msg time="2024-05-07T09:16:49.279316" level="INFO">/opt/hostedtoolcache/Python/3.12.3/x64/lib/python3.12/site-packages/urllib3/connectionpool.py:1103: InsecureRequestWarning: Unverified HTTPS request is being made to host 'randomuser.me'. Adding certificate verification is strongly advised. See: https://urllib3.readthedocs.io/en/latest/advanced-usage.html#tls-warnings
  warnings.warn(</msg>
<msg time="2024-05-07T09:16:49.279419" level="INFO">${response} = &lt;Response [200]&gt;</msg>
<var>${response}</var>
<arg>consultarAPI</arg>
<arg>/api</arg>
<doc>Sends a GET request on a previously created HTTP Session.</doc>
<status status="PASS" start="2024-05-07T09:16:49.206209" elapsed="0.073247"/>
</kw>
<kw name="Set Variable" owner="BuiltIn">
<msg time="2024-05-07T09:16:49.280370" level="INFO">${json_data} = {'results': [{'gender': 'female', 'name': {'title': 'Miss', 'first': 'Alvilde', 'last': 'Heide'}, 'location': {'street': {'number': 6125, 'name': 'Harald Løvenskiolds vei'}, 'city': 'Stjørdalshalsen',...</msg>
<var>${json_data}</var>
<arg>${response.json()}</arg>
<doc>Returns the given values which can then be assigned to a variables.</doc>
<status status="PASS" start="2024-05-07T09:16:49.279888" elapsed="0.000511"/>
</kw>
<kw name="Log" owner="BuiltIn">
<msg time="2024-05-07T09:16:49.280869" level="INFO">{'results': [{'gender': 'female', 'name': {'title': 'Miss', 'first': 'Alvilde', 'last': 'Heide'}, 'location': {'street': {'number': 6125, 'name': 'Harald Løvenskiolds vei'}, 'city': 'Stjørdalshalsen', 'state': 'Akershus', 'country': 'Norway', 'postcode': '5142', 'coordinates': {'latitude': '45.8711', 'longitude': '172.6075'}, 'timezone': {'offset': '-7:00', 'description': 'Mountain Time (US &amp; Canada)'}}, 'email': 'alvilde.heide@example.com', 'login': {'uuid': '050295c0-15b8-470a-a4ba-d1f1b8253d84', 'username': 'purplesnake177', 'password': 'playstat', 'salt': 'vSHEdQkq', 'md5': 'bc8bb6aef6a72f1d16be85265c792d05', 'sha1': '4c1342f1381c706c8c3b0a0918b026d849cc91e8', 'sha256': '6d6e17d956009467aa44d71554816b2bd7edddffbc0324fbf9f590ecbddfde18'}, 'dob': {'date': '1998-10-02T19:59:18.788Z', 'age': 25}, 'registered': {'date': '2004-06-16T23:46:23.329Z', 'age': 19}, 'phone': '61328528', 'cell': '43990283', 'id': {'name': 'FN', 'value': '02109809864'}, 'picture': {'large': 'https://randomuser.me/api/portraits/women/66.jpg', 'medium': 'https://randomuser.me/api/portraits/med/women/66.jpg', 'thumbnail': 'https://randomuser.me/api/portraits/thumb/women/66.jpg'}, 'nat': 'NO'}], 'info': {'seed': 'a534ff9b809c4abf', 'results': 1, 'page': 1, 'version': '1.4'}}</msg>
<arg>${json_data}</arg>
<doc>Logs the given message with the given level.</doc>
<status status="PASS" start="2024-05-07T09:16:49.280713" elapsed="0.000238"/>
</kw>
<kw name="Should Be String" owner="String">
<arg>${json_data['results'][0]['gender']}</arg>
<doc>Fails if the given ``item`` is not a string.</doc>
<status status="PASS" start="2024-05-07T09:16:49.281252" elapsed="0.000362"/>
</kw>
<kw name="Should Match Regexp" owner="BuiltIn">
<arg>${json_data['results'][0]['email']}</arg>
<arg>^[a-zA-Z0-9._%+-]+@[a-zA-Z0-9.-]+\.[a-zA-Z]{2,}$</arg>
<doc>Fails if ``string`` does not match ``pattern`` as a regular expression.</doc>
<status status="PASS" start="2024-05-07T09:16:49.281805" elapsed="0.000558"/>
</kw>
<kw name="Should Match Regexp" owner="BuiltIn">
<arg>${json_data['results'][0]['dob']['date']}</arg>
<arg>\\d{4}-\\d{2}-\\d{2}T\\d{2}:\\d{2}:\\d{2}\\.\\d{3}Z</arg>
<doc>Fails if ``string`` does not match ``pattern`` as a regular expression.</doc>
<status status="PASS" start="2024-05-07T09:16:49.282560" elapsed="0.000482"/>
</kw>
<kw name="Should Match Regexp" owner="BuiltIn">
<arg>${json_data['results'][0]['registered']['date']}</arg>
<arg>\\d{4}-\\d{2}-\\d{2}T\\d{2}:\\d{2}:\\d{2}\\.\\d{3}Z</arg>
<doc>Fails if ``string`` does not match ``pattern`` as a regular expression.</doc>
<status status="PASS" start="2024-05-07T09:16:49.283233" elapsed="0.000370"/>
</kw>
<kw name="Should Match Regexp" owner="BuiltIn">
<arg>${json_data['results'][0]['picture']['large']}</arg>
<arg>^https?://.*\.(?:png|jpe?g|gif|bmp)$</arg>
<doc>Fails if ``string`` does not match ``pattern`` as a regular expression.</doc>
<status status="PASS" start="2024-05-07T09:16:49.283794" elapsed="0.000454"/>
</kw>
<kw name="Should Match Regexp" owner="BuiltIn">
<arg>${json_data['results'][0]['picture']['medium']}</arg>
<arg>^https?://.*\.(?:png|jpe?g|gif|bmp)$</arg>
<doc>Fails if ``string`` does not match ``pattern`` as a regular expression.</doc>
<status status="PASS" start="2024-05-07T09:16:49.284435" elapsed="0.000356"/>
</kw>
<kw name="Should Match Regexp" owner="BuiltIn">
<arg>${json_data['results'][0]['picture']['thumbnail']}</arg>
<arg>^https?://.*\.(?:png|jpe?g|gif|bmp)$</arg>
<doc>Fails if ``string`` does not match ``pattern`` as a regular expression.</doc>
<status status="PASS" start="2024-05-07T09:16:49.284979" elapsed="0.000345"/>
</kw>
<kw name="Log" owner="BuiltIn">
<msg time="2024-05-07T09:16:49.285814" level="INFO">{'large': 'https://randomuser.me/api/portraits/women/66.jpg', 'medium': 'https://randomuser.me/api/portraits/med/women/66.jpg', 'thumbnail': 'https://randomuser.me/api/portraits/thumb/women/66.jpg'}</msg>
<arg>${json_data['results'][0]['picture']}</arg>
<doc>Logs the given message with the given level.</doc>
<status status="PASS" start="2024-05-07T09:16:49.285500" elapsed="0.000354"/>
</kw>
<status status="PASS" start="2024-05-07T09:16:49.205946" elapsed="0.080159"/>
</kw>
<kw name="Teste de Tipos de Dados - Postcode" owner="random-user-service">
<kw name="GET On Session" owner="RequestsLibrary">
<msg time="2024-05-07T09:16:49.380145" level="INFO">GET Request : url=https://randomuser.me/api 
 path_url=/api 
 headers={'User-Agent': 'python-requests/2.31.0', 'Accept-Encoding': 'gzip, deflate', 'Accept': '*/*', 'Connection': 'keep-alive'} 
 body=None 
 </msg>
<msg time="2024-05-07T09:16:49.380229" level="INFO">GET Response : url=https://randomuser.me/api 
 status=200, reason=OK 
 headers={'Date': 'Tue, 07 May 2024 09:16:49 GMT', 'Content-Type': 'application/json; charset=utf-8', 'Transfer-Encoding': 'chunked', 'Connection': 'keep-alive', 'X-Powered-By': 'Express', 'Access-Control-Allow-Origin': '*', 'Cache-Control': 'no-cache', 'ETag': 'W/"4b0-1UfJ5XY7skTzszsxchLHPbd/C/s"', 'Vary': 'Accept-Encoding', 'Content-Encoding': 'gzip', 'CF-Cache-Status': 'DYNAMIC', 'Report-To': '{"endpoints":[{"url":"https:\\/\\/a.nel.cloudflare.com\\/report\\/v4?s=G5CPr%2BqWWJEDxQDBZGMOTD7TT3pnEPRec%2BAVAu8xpODaZgPrsQs7b5uRhNeQs6dVlItW9rY4yAOv%2FFzcqAfDB6B6BWG8dN%2FmMxAO6B6cGasB3RaIZZ%2Fb%2F%2BQjyyGtzhEV"}],"group":"cf-nel","max_age":604800}', 'NEL': '{"success_fraction":0,"report_to":"cf-nel","max_age":604800}', 'Server': 'cloudflare', 'CF-RAY': '88001d081db8609c-ORD', 'alt-svc': 'h3=":443"; ma=86400'} 
 body={"results":[{"gender":"male","name":{"title":"Mr","first":"Gilberto","last":"Delgado"},"location":{"street":{"number":7864,"name":"Circunvalación Bhután"},"city":"San Miguel Octopan","state":"Guerrero","country":"Mexico","postcode":56904,"coordinates":{"latitude":"21.9829","longitude":"-73.1444"},"timezone":{"offset":"+8:00","description":"Beijing, Perth, Singapore, Hong Kong"}},"email":"gilberto.delgado@example.com","login":{"uuid":"54dc6b68-da4a-4df1-8de6-03ad6cfa50de","username":"tinygorilla147","password":"stripper","salt":"3OqO10hd","md5":"beb75d599e98f45ed9883ab9a08f7fe3","sha1":"65d9e809e1f99403c01bad91e829e3cd63c779a2","sha256":"e335441da164060d72c96e940ad63c705bda4b65e413bc7a1c19ff3e29a04d0c"},"dob":{"date":"1955-09-14T08:01:41.819Z","age":68},"registered":{"date":"2015-01-03T07:06:01.560Z","age":9},"phone":"(637) 963 0898","cell":"(615) 751 7264","id":{"name":"NSS","value":"39 15 76 7075 2"},"picture":{"large":"https://randomuser.me/api/portraits/men/82.jpg","medium":"https://randomuser.me/api/portraits/med/men/82.jpg","thumbnail":"https://randomuser.me/api/portraits/thumb/men/82.jpg"},"nat":"MX"}],"info":{"seed":"b170b1a83983c716","results":1,"page":1,"version":"1.4"}} 
 </msg>
<msg time="2024-05-07T09:16:49.380304" level="INFO">/opt/hostedtoolcache/Python/3.12.3/x64/lib/python3.12/site-packages/urllib3/connectionpool.py:1103: InsecureRequestWarning: Unverified HTTPS request is being made to host 'randomuser.me'. Adding certificate verification is strongly advised. See: https://urllib3.readthedocs.io/en/latest/advanced-usage.html#tls-warnings
  warnings.warn(</msg>
<msg time="2024-05-07T09:16:49.380415" level="INFO">${response} = &lt;Response [200]&gt;</msg>
<var>${response}</var>
<arg>consultarAPI</arg>
<arg>/api</arg>
<doc>Sends a GET request on a previously created HTTP Session.</doc>
<status status="PASS" start="2024-05-07T09:16:49.286577" elapsed="0.093877"/>
</kw>
<kw name="Set Variable" owner="BuiltIn">
<msg time="2024-05-07T09:16:49.381452" level="INFO">${json_data} = {'results': [{'gender': 'male', 'name': {'title': 'Mr', 'first': 'Gilberto', 'last': 'Delgado'}, 'location': {'street': {'number': 7864, 'name': 'Circunvalación Bhután'}, 'city': 'San Miguel Octopan',...</msg>
<var>${json_data}</var>
<arg>${response.json()}</arg>
<doc>Returns the given values which can then be assigned to a variables.</doc>
<status status="PASS" start="2024-05-07T09:16:49.380948" elapsed="0.000533"/>
</kw>
<kw name="Log" owner="BuiltIn">
<msg time="2024-05-07T09:16:49.381943" level="INFO">{'results': [{'gender': 'male', 'name': {'title': 'Mr', 'first': 'Gilberto', 'last': 'Delgado'}, 'location': {'street': {'number': 7864, 'name': 'Circunvalación Bhután'}, 'city': 'San Miguel Octopan', 'state': 'Guerrero', 'country': 'Mexico', 'postcode': 56904, 'coordinates': {'latitude': '21.9829', 'longitude': '-73.1444'}, 'timezone': {'offset': '+8:00', 'description': 'Beijing, Perth, Singapore, Hong Kong'}}, 'email': 'gilberto.delgado@example.com', 'login': {'uuid': '54dc6b68-da4a-4df1-8de6-03ad6cfa50de', 'username': 'tinygorilla147', 'password': 'stripper', 'salt': '3OqO10hd', 'md5': 'beb75d599e98f45ed9883ab9a08f7fe3', 'sha1': '65d9e809e1f99403c01bad91e829e3cd63c779a2', 'sha256': 'e335441da164060d72c96e940ad63c705bda4b65e413bc7a1c19ff3e29a04d0c'}, 'dob': {'date': '1955-09-14T08:01:41.819Z', 'age': 68}, 'registered': {'date': '2015-01-03T07:06:01.560Z', 'age': 9}, 'phone': '(637) 963 0898', 'cell': '(615) 751 7264', 'id': {'name': 'NSS', 'value': '39 15 76 7075 2'}, 'picture': {'large': 'https://randomuser.me/api/portraits/men/82.jpg', 'medium': 'https://randomuser.me/api/portraits/med/men/82.jpg', 'thumbnail': 'https://randomuser.me/api/portraits/thumb/men/82.jpg'}, 'nat': 'MX'}], 'info': {'seed': 'b170b1a83983c716', 'results': 1, 'page': 1, 'version': '1.4'}}</msg>
<arg>${json_data}</arg>
<doc>Logs the given message with the given level.</doc>
<status status="PASS" start="2024-05-07T09:16:49.381789" elapsed="0.000235"/>
</kw>
<kw name="Should Be Equal As Numbers" owner="BuiltIn">
<arg>${json_data['results'][0]['location']['postcode']}</arg>
<arg>${json_data['results'][0]['location']['postcode']}</arg>
<doc>Fails if objects are unequal after converting them to real numbers.</doc>
<status status="PASS" start="2024-05-07T09:16:49.382522" elapsed="0.000621"/>
</kw>
<kw name="Log" owner="BuiltIn">
<msg time="2024-05-07T09:16:49.383667" level="INFO">56904</msg>
<arg>${json_data['results'][0]['location']['postcode']}</arg>
<doc>Logs the given message with the given level.</doc>
<status status="PASS" start="2024-05-07T09:16:49.383334" elapsed="0.000373"/>
</kw>
<status status="PASS" start="2024-05-07T09:16:49.286356" elapsed="0.097601"/>
</kw>
<doc>Testa se os tipos de dados na resposta da API estão corretos.</doc>
<tag>testeTiposDados</tag>
<status status="PASS" start="2024-05-07T09:16:49.205480" elapsed="0.178641"/>
</test>
<test id="s1-s1-t5" name="Validar conteudo" line="35">
<kw name="Teste de Tipos de Conteudo" owner="random-user-service">
<kw name="GET On Session" owner="RequestsLibrary">
<msg time="2024-05-07T09:16:49.490018" level="INFO">GET Request : url=https://randomuser.me/api 
 path_url=/api 
 headers={'User-Agent': 'python-requests/2.31.0', 'Accept-Encoding': 'gzip, deflate', 'Accept': '*/*', 'Connection': 'keep-alive'} 
 body=None 
 </msg>
<msg time="2024-05-07T09:16:49.490106" level="INFO">GET Response : url=https://randomuser.me/api 
 status=200, reason=OK 
 headers={'Date': 'Tue, 07 May 2024 09:16:49 GMT', 'Content-Type': 'application/json; charset=utf-8', 'Transfer-Encoding': 'chunked', 'Connection': 'keep-alive', 'X-Powered-By': 'Express', 'Access-Control-Allow-Origin': '*', 'Cache-Control': 'no-cache', 'ETag': 'W/"49b-LNhjo4Zb30ftMnLmgdqL7CwQZiQ"', 'Vary': 'Accept-Encoding', 'Content-Encoding': 'gzip', 'CF-Cache-Status': 'DYNAMIC', 'Report-To': '{"endpoints":[{"url":"https:\\/\\/a.nel.cloudflare.com\\/report\\/v4?s=r4fskfTzzak450s0G3ntNL9UJ%2Fh4f6eXjUaHu3FqGBhBpuF7Pa10QQsHK9sz7vboXUz%2BMaWHn25FMMogUV%2Fyy6SeaKr%2BpMyWFw3sTh49WH9yXRJD23yhX0DAWl3Ao5%2F%2F"}],"group":"cf-nel","max_age":604800}', 'NEL': '{"success_fraction":0,"report_to":"cf-nel","max_age":604800}', 'Server': 'cloudflare', 'CF-RAY': '88001d08be24609c-ORD', 'alt-svc': 'h3=":443"; ma=86400'} 
 body={"results":[{"gender":"male","name":{"title":"Monsieur","first":"Alfons","last":"Meunier"},"location":{"street":{"number":4644,"name":"Rue Dubois"},"city":"Adliswil","state":"Solothurn","country":"Switzerland","postcode":5374,"coordinates":{"latitude":"-64.0777","longitude":"-27.3483"},"timezone":{"offset":"+4:00","description":"Abu Dhabi, Muscat, Baku, Tbilisi"}},"email":"alfons.meunier@example.com","login":{"uuid":"0aa7d0a6-cd6f-4a3b-a856-e3ad7cfa207e","username":"greenkoala930","password":"lalakers","salt":"UYy0QmR3","md5":"b9f70ecbebd84b465e2e345dfe8043af","sha1":"13f25495b61ee79f5197771ecf517332130d165d","sha256":"3d6d70bd840deb561013639fb7e9b398020f9f88a73b78e2bb49660900ebd649"},"dob":{"date":"1958-08-01T13:29:23.958Z","age":65},"registered":{"date":"2015-10-12T20:32:14.841Z","age":8},"phone":"078 961 04 93","cell":"076 359 46 11","id":{"name":"AVS","value":"756.0336.3502.93"},"picture":{"large":"https://randomuser.me/api/portraits/men/86.jpg","medium":"https://randomuser.me/api/portraits/med/men/86.jpg","thumbnail":"https://randomuser.me/api/portraits/thumb/men/86.jpg"},"nat":"CH"}],"info":{"seed":"f6863e2d5b2eaf43","results":1,"page":1,"version":"1.4"}} 
 </msg>
<msg time="2024-05-07T09:16:49.490206" level="INFO">/opt/hostedtoolcache/Python/3.12.3/x64/lib/python3.12/site-packages/urllib3/connectionpool.py:1103: InsecureRequestWarning: Unverified HTTPS request is being made to host 'randomuser.me'. Adding certificate verification is strongly advised. See: https://urllib3.readthedocs.io/en/latest/advanced-usage.html#tls-warnings
  warnings.warn(</msg>
<msg time="2024-05-07T09:16:49.490299" level="INFO">${response} = &lt;Response [200]&gt;</msg>
<var>${response}</var>
<arg>consultarAPI</arg>
<arg>/api</arg>
<doc>Sends a GET request on a previously created HTTP Session.</doc>
<status status="PASS" start="2024-05-07T09:16:49.386587" elapsed="0.103743"/>
</kw>
<kw name="Set Variable" owner="BuiltIn">
<msg time="2024-05-07T09:16:49.491189" level="INFO">${json_data} = {'results': [{'gender': 'male', 'name': {'title': 'Monsieur', 'first': 'Alfons', 'last': 'Meunier'}, 'location': {'street': {'number': 4644, 'name': 'Rue Dubois'}, 'city': 'Adliswil', 'state': 'Soloth...</msg>
<var>${json_data}</var>
<arg>${response.json()}</arg>
<doc>Returns the given values which can then be assigned to a variables.</doc>
<status status="PASS" start="2024-05-07T09:16:49.490721" elapsed="0.000496"/>
</kw>
<kw name="Set Variable" owner="BuiltIn">
<msg time="2024-05-07T09:16:49.491904" level="INFO">${name_title} = Monsieur</msg>
<var>${name_title}</var>
<arg>${json_data["results"][0]["name"]["title"]}</arg>
<doc>Returns the given values which can then be assigned to a variables.</doc>
<status status="PASS" start="2024-05-07T09:16:49.491517" elapsed="0.000411"/>
</kw>
<kw name="Create List" owner="BuiltIn">
<msg time="2024-05-07T09:16:49.492368" level="INFO">${allowed_titles} = ['Mr', 'Ms', 'Miss', 'Mrs', 'Madame', 'Monsieur']</msg>
<var>${allowed_titles}</var>
<arg>Mr</arg>
<arg>Ms</arg>
<arg>Miss</arg>
<arg>Mrs</arg>
<arg>Madame</arg>
<arg>Monsieur</arg>
<doc>Returns a list containing given items.</doc>
<status status="PASS" start="2024-05-07T09:16:49.492221" elapsed="0.000170"/>
</kw>
<kw name="List Should Contain Value" owner="Collections">
<msg time="2024-05-07T09:16:49.492853" level="INFO">False</msg>
<arg>${allowed_titles}</arg>
<arg>${name_title}</arg>
<doc>Fails if the ``value`` is not found from ``list``.</doc>
<status status="PASS" start="2024-05-07T09:16:49.492683" elapsed="0.000206"/>
</kw>
<kw name="Set Variable" owner="BuiltIn">
<msg time="2024-05-07T09:16:49.493554" level="INFO">${name_country} = CH</msg>
<var>${name_country}</var>
<arg>${json_data["results"][0]["nat"]}</arg>
<doc>Returns the given values which can then be assigned to a variables.</doc>
<status status="PASS" start="2024-05-07T09:16:49.493179" elapsed="0.000400"/>
</kw>
<kw name="Create List" owner="BuiltIn">
<msg time="2024-05-07T09:16:49.494491" level="INFO">${list_country} = ['AD', 'AE', 'AF', 'AG', 'AI', 'AL', 'AM', 'AO', 'AQ', 'AR', 'AS', 'AT', 'AU', 'AW', 'AX', 'AZ', 'BA', 'BB', 'BD', 'BE', 'BF', 'BG', 'BH', 'BI', 'BJ', 'BL', 'BM', 'BN', 'BO', 'BQ', 'BR', 'BS', 'BT', '...</msg>
<var>${list_country}</var>
<arg>AD</arg>
<arg>AE</arg>
<arg>AF</arg>
<arg>AG</arg>
<arg>AI</arg>
<arg>AL</arg>
<arg>AM</arg>
<arg>AO</arg>
<arg>AQ</arg>
<arg>AR</arg>
<arg>AS</arg>
<arg>AT</arg>
<arg>AU</arg>
<arg>AW</arg>
<arg>AX</arg>
<arg>AZ</arg>
<arg>BA</arg>
<arg>BB</arg>
<arg>BD</arg>
<arg>BE</arg>
<arg>BF</arg>
<arg>BG</arg>
<arg>BH</arg>
<arg>BI</arg>
<arg>BJ</arg>
<arg>BL</arg>
<arg>BM</arg>
<arg>BN</arg>
<arg>BO</arg>
<arg>BQ</arg>
<arg>BR</arg>
<arg>BS</arg>
<arg>BT</arg>
<arg>BV</arg>
<arg>BW</arg>
<arg>BY</arg>
<arg>BZ</arg>
<arg>CA</arg>
<arg>CC</arg>
<arg>CD</arg>
<arg>CF</arg>
<arg>CG</arg>
<arg>CH</arg>
<arg>CI</arg>
<arg>CK</arg>
<arg>CL</arg>
<arg>CM</arg>
<arg>CN</arg>
<arg>CO</arg>
<arg>CR</arg>
<arg>CU</arg>
<arg>CV</arg>
<arg>CW</arg>
<arg>CX</arg>
<arg>CY</arg>
<arg>CZ</arg>
<arg>DE</arg>
<arg>DJ</arg>
<arg>DK</arg>
<arg>DM</arg>
<arg>DO</arg>
<arg>DZ</arg>
<arg>EC</arg>
<arg>EE</arg>
<arg>EG</arg>
<arg>EH</arg>
<arg>ER</arg>
<arg>ES</arg>
<arg>ET</arg>
<arg>FI</arg>
<arg>FJ</arg>
<arg>FK</arg>
<arg>FM</arg>
<arg>FO</arg>
<arg>FR</arg>
<arg>GA</arg>
<arg>GB</arg>
<arg>GD</arg>
<arg>GE</arg>
<arg>GF</arg>
<arg>GG</arg>
<arg>GH</arg>
<arg>GI</arg>
<arg>GL</arg>
<arg>GM</arg>
<arg>GN</arg>
<arg>GP</arg>
<arg>GQ</arg>
<arg>GR</arg>
<arg>GS</arg>
<arg>GT</arg>
<arg>GU</arg>
<arg>GW</arg>
<arg>GY</arg>
<arg>HK</arg>
<arg>HM</arg>
<arg>HN</arg>
<arg>HR</arg>
<arg>HT</arg>
<arg>HU</arg>
<arg>ID</arg>
<arg>IE</arg>
<arg>IL</arg>
<arg>IM</arg>
<arg>IN</arg>
<arg>IO</arg>
<arg>IQ</arg>
<arg>IR</arg>
<arg>IS</arg>
<arg>IT</arg>
<arg>JE</arg>
<arg>JM</arg>
<arg>JO</arg>
<arg>JP</arg>
<arg>KE</arg>
<arg>KG</arg>
<arg>KH</arg>
<arg>KI</arg>
<arg>KM</arg>
<arg>KN</arg>
<arg>KP</arg>
<arg>KR</arg>
<arg>KW</arg>
<arg>KY</arg>
<arg>KZ</arg>
<arg>LA</arg>
<arg>LB</arg>
<arg>LC</arg>
<arg>LI</arg>
<arg>LK</arg>
<arg>LR</arg>
<arg>LS</arg>
<arg>LT</arg>
<arg>LU</arg>
<arg>LV</arg>
<arg>LY</arg>
<arg>MA</arg>
<arg>MC</arg>
<arg>MD</arg>
<arg>ME</arg>
<arg>MF</arg>
<arg>MG</arg>
<arg>MH</arg>
<arg>MK</arg>
<arg>ML</arg>
<arg>MM</arg>
<arg>MN</arg>
<arg>MO</arg>
<arg>MP</arg>
<arg>MQ</arg>
<arg>MR</arg>
<arg>MS</arg>
<arg>MT</arg>
<arg>MU</arg>
<arg>MV</arg>
<arg>MW</arg>
<arg>MX</arg>
<arg>MY</arg>
<arg>MZ</arg>
<arg>NA</arg>
<arg>NC</arg>
<arg>NE</arg>
<arg>NF</arg>
<arg>NG</arg>
<arg>NI</arg>
<arg>NL</arg>
<arg>NO</arg>
<arg>NP</arg>
<arg>NR</arg>
<arg>NU</arg>
<arg>NZ</arg>
<arg>OM</arg>
<arg>PA</arg>
<arg>PE</arg>
<arg>PF</arg>
<arg>PG</arg>
<arg>PH</arg>
<arg>PK</arg>
<arg>PL</arg>
<arg>PM</arg>
<arg>PN</arg>
<arg>PR</arg>
<arg>PS</arg>
<arg>PT</arg>
<arg>PW</arg>
<arg>PY</arg>
<arg>QA</arg>
<arg>RE</arg>
<arg>RO</arg>
<arg>RS</arg>
<arg>RU</arg>
<arg>RW</arg>
<arg>SA</arg>
<arg>SB</arg>
<arg>SC</arg>
<arg>SD</arg>
<arg>SE</arg>
<arg>SG</arg>
<arg>SH</arg>
<arg>SI</arg>
<arg>SJ</arg>
<arg>SK</arg>
<arg>SL</arg>
<arg>SM</arg>
<arg>SN</arg>
<arg>SO</arg>
<arg>SR</arg>
<arg>SS</arg>
<arg>ST</arg>
<arg>SV</arg>
<arg>SX</arg>
<arg>SY</arg>
<arg>SZ</arg>
<arg>TC</arg>
<arg>TD</arg>
<arg>TF</arg>
<arg>TG</arg>
<arg>TH</arg>
<arg>TJ</arg>
<arg>TK</arg>
<arg>TL</arg>
<arg>TM</arg>
<arg>TN</arg>
<arg>TO</arg>
<arg>TR</arg>
<arg>TT</arg>
<arg>TV</arg>
<arg>TW</arg>
<arg>TZ</arg>
<arg>UA</arg>
<arg>UG</arg>
<arg>UM</arg>
<arg>US</arg>
<arg>UY</arg>
<arg>UZ</arg>
<arg>VA</arg>
<arg>VC</arg>
<arg>VE</arg>
<arg>VG</arg>
<arg>VI</arg>
<arg>VN</arg>
<arg>VU</arg>
<arg>WF</arg>
<arg>WS</arg>
<arg>XK</arg>
<arg>YE</arg>
<arg>YT</arg>
<arg>ZA</arg>
<arg>ZM</arg>
<arg>ZW</arg>
<doc>Returns a list containing given items.</doc>
<status status="PASS" start="2024-05-07T09:16:49.493873" elapsed="0.000644"/>
</kw>
<kw name="List Should Contain Value" owner="Collections">
<msg time="2024-05-07T09:16:49.495504" level="INFO">False</msg>
<arg>${list_country}</arg>
<arg>${name_country}</arg>
<doc>Fails if the ``value`` is not found from ``list``.</doc>
<status status="PASS" start="2024-05-07T09:16:49.495309" elapsed="0.000232"/>
</kw>
<kw name="Run Keyword If" owner="BuiltIn">
<kw name="Should Be True" owner="BuiltIn">
<arg>${True}</arg>
<doc>Fails if the given condition is not true.</doc>
<status status="PASS" start="2024-05-07T09:16:49.496604" elapsed="0.000240"/>
</kw>
<arg>${json_data["results"][0]["location"]["coordinates"]["latitude"]} &gt;= -90 and ${json_data["results"][0]["location"]["coordinates"]["latitude"]} &lt;= 90</arg>
<arg>Should Be True</arg>
<arg>${True}</arg>
<doc>Runs the given keyword with the given arguments, if ``condition`` is true.</doc>
<status status="PASS" start="2024-05-07T09:16:49.495847" elapsed="0.001126"/>
</kw>
<kw name="Run Keyword If" owner="BuiltIn">
<kw name="Should Be True" owner="BuiltIn">
<arg>${True}</arg>
<doc>Fails if the given condition is not true.</doc>
<status status="PASS" start="2024-05-07T09:16:49.497870" elapsed="0.000136"/>
</kw>
<arg>${json_data["results"][0]["location"]["coordinates"]["longitude"]} &gt;= -180 and ${json_data["results"][0]["location"]["coordinates"]["longitude"]} &lt;= 180</arg>
<arg>Should Be True</arg>
<arg>${True}</arg>
<doc>Runs the given keyword with the given arguments, if ``condition`` is true.</doc>
<status status="PASS" start="2024-05-07T09:16:49.497158" elapsed="0.000972"/>
</kw>
<status status="PASS" start="2024-05-07T09:16:49.386360" elapsed="0.111935"/>
</kw>
<doc>Testa o conteúdo específico dos campos retornados pela API.</doc>
<tag>testeConteudo</tag>
<status status="PASS" start="2024-05-07T09:16:49.385878" elapsed="0.112561"/>
</test>
<status status="PASS" start="2024-05-07T09:16:48.560363" elapsed="0.939982"/>
</suite>
<status status="PASS" start="2024-05-07T09:16:48.543300" elapsed="0.962180"/>
</suite>
<statistics>
<total>
<stat pass="5" fail="0" skip="0">All Tests</stat>
</total>
<tag>
<stat pass="1" fail="0" skip="0">testeConteudo</stat>
<stat pass="1" fail="0" skip="0">testeEstruturaResposta</stat>
<stat pass="1" fail="0" skip="0">testeRequisicaoBasica</stat>
<stat pass="1" fail="0" skip="0">testeTiposDados</stat>
</tag>
<suite>
<stat pass="5" fail="0" skip="0" id="s1" name="Tests">Tests</stat>
<stat pass="5" fail="0" skip="0" id="s1-s1" name="Random-User-Test">Tests.Random-User-Test</stat>
</suite>
</statistics>
<errors>
</errors>
</robot>
