<?xml version="1.0" encoding="UTF-8"?>
<robot generator="Robot 7.0 (Python 3.12.3 on linux)" generated="2024-05-02T18:18:29.637270" rpa="false" schemaversion="5">
<suite id="s1" name="Tests" source="/home/runner/work/DesafioQAItauRogerioJordao/DesafioQAItauRogerioJordao/RamdonUser/tests">
<suite id="s1-s1" name="Random-User-Test" source="/home/runner/work/DesafioQAItauRogerioJordao/DesafioQAItauRogerioJordao/RamdonUser/tests/random-user-test.robot">
<test id="s1-s1-t1" name="Conectar" line="13">
<kw name="Conectar API" owner="random-user-service">
<kw name="Create Session" owner="RequestsLibrary">
<msg time="2024-05-02T18:18:29.991768" level="INFO">Creating Session using : alias=consultarAPI, url=https://randomuser.me/, headers={},                     cookies={}, auth=None, timeout=None, proxies=None, verify=False,                     debug=0 </msg>
<arg>consultarAPI</arg>
<arg>${URL}</arg>
<doc>Create Session: create a HTTP session to a server</doc>
<status status="PASS" start="2024-05-02T18:18:29.991572" elapsed="0.000366"/>
</kw>
<status status="PASS" start="2024-05-02T18:18:29.990630" elapsed="0.001643"/>
</kw>
<status status="PASS" start="2024-05-02T18:18:29.990062" elapsed="0.002401"/>
</test>
<test id="s1-s1-t2" name="Validar retorno 200 e JSON Válido" line="16">
<kw name="Teste de Requisicao Basica" owner="random-user-service">
<kw name="GET On Session" owner="RequestsLibrary">
<msg time="2024-05-02T18:18:30.068409" level="INFO">GET Request : url=https://randomuser.me/api 
 path_url=/api 
 headers={'User-Agent': 'python-requests/2.31.0', 'Accept-Encoding': 'gzip, deflate', 'Accept': '*/*', 'Connection': 'keep-alive'} 
 body=None 
 </msg>
<msg time="2024-05-02T18:18:30.068630" level="INFO">GET Response : url=https://randomuser.me/api 
 status=200, reason=OK 
 headers={'Date': 'Thu, 02 May 2024 18:18:30 GMT', 'Content-Type': 'application/json; charset=utf-8', 'Transfer-Encoding': 'chunked', 'Connection': 'keep-alive', 'X-Powered-By': 'Express', 'Access-Control-Allow-Origin': '*', 'Cache-Control': 'no-cache', 'ETag': 'W/"48c-Ht1PnGD/IktXiHEg9X9rdc7+pJo"', 'Vary': 'Accept-Encoding', 'Content-Encoding': 'gzip', 'CF-Cache-Status': 'DYNAMIC', 'Report-To': '{"endpoints":[{"url":"https:\\/\\/a.nel.cloudflare.com\\/report\\/v4?s=y6tF6ozZjcXB4sd27i2OxXgQQQFfkl%2BfTGXjDMyELvhA5iBcLUwixLsGgf%2FQ8jHllPAgSAX35IeMgMJuxxoaXRSqhFbQqG55ZeyzsbrGPc0n8w%2Bi%2FLSGhJP0y7S85RYA"}],"group":"cf-nel","max_age":604800}', 'NEL': '{"success_fraction":0,"report_to":"cf-nel","max_age":604800}', 'Server': 'cloudflare', 'CF-RAY': '87da03a1bbad38f9-IAD', 'alt-svc': 'h3=":443"; ma=86400'} 
 body={"results":[{"gender":"male","name":{"title":"Mr","first":"بردیا","last":"جعفری"},"location":{"street":{"number":4343,"name":"نوفل لوشاتو"},"city":"بیرجند","state":"خراسان جنوبی","country":"Iran","postcode":29856,"coordinates":{"latitude":"21.0352","longitude":"-61.7413"},"timezone":{"offset":"+9:30","description":"Adelaide, Darwin"}},"email":"brdy.jaafry@example.com","login":{"uuid":"41e6d443-2d96-4d55-af23-2dfe7a98c0c7","username":"blackduck244","password":"veronika","salt":"jZKx2tw4","md5":"3d35eae19d175d1f767630c1783ca8c7","sha1":"d50f45214156e4c51dc84dc0912c9cbc10eeaaae","sha256":"077809f379e592c706198237e59658ba486e2501084dad464292d3bd727300e0"},"dob":{"date":"1993-11-10T05:09:47.792Z","age":30},"registered":{"date":"2021-08-01T15:50:57.128Z","age":2},"phone":"046-55707447","cell":"0977-502-3137","id":{"name":"","value":null},"picture":{"large":"https://randomuser.me/api/portraits/men/90.jpg","medium":"https://randomuser.me/api/portraits/med/men/90.jpg","thumbnail":"https://randomuser.me/api/portraits/thumb/men/90.jpg"},"nat":"IR"}],"info":{"seed":"4faaf4b3d7213f61","results":1,"page":1,"version":"1.4"}} 
 </msg>
<msg time="2024-05-02T18:18:30.068747" level="INFO">/opt/hostedtoolcache/Python/3.12.3/x64/lib/python3.12/site-packages/urllib3/connectionpool.py:1103: InsecureRequestWarning: Unverified HTTPS request is being made to host 'randomuser.me'. Adding certificate verification is strongly advised. See: https://urllib3.readthedocs.io/en/latest/advanced-usage.html#tls-warnings
  warnings.warn(</msg>
<msg time="2024-05-02T18:18:30.068907" level="INFO">${response} = &lt;Response [200]&gt;</msg>
<var>${response}</var>
<arg>consultarAPI</arg>
<arg>/api</arg>
<doc>Sends a GET request on a previously created HTTP Session.</doc>
<status status="PASS" start="2024-05-02T18:18:29.995175" elapsed="0.073776"/>
</kw>
<kw name="Should Be Equal As Numbers" owner="BuiltIn">
<msg time="2024-05-02T18:18:30.070162" level="INFO">Argument types are:
&lt;class 'int'&gt;
&lt;class 'str'&gt;</msg>
<arg>${response.status_code}</arg>
<arg>200</arg>
<doc>Fails if objects are unequal after converting them to real numbers.</doc>
<status status="PASS" start="2024-05-02T18:18:30.069508" elapsed="0.000751"/>
</kw>
<kw name="Log" owner="BuiltIn">
<msg time="2024-05-02T18:18:30.071335" level="INFO">200</msg>
<arg>${response.status_code}</arg>
<doc>Logs the given message with the given level.</doc>
<status status="PASS" start="2024-05-02T18:18:30.070705" elapsed="0.000702"/>
</kw>
<kw name="Set Variable" owner="BuiltIn">
<msg time="2024-05-02T18:18:30.072543" level="INFO">${json_data} = {'results': [{'gender': 'male', 'name': {'title': 'Mr', 'first': 'بردیا', 'last': 'جعفری'}, 'location': {'street': {'number': 4343, 'name': 'نوفل لوشاتو'}, 'city': 'بیرجند', 'state': 'خراسان جنوبی', '...</msg>
<var>${json_data}</var>
<arg>${response.json()}</arg>
<doc>Returns the given values which can then be assigned to a variables.</doc>
<status status="PASS" start="2024-05-02T18:18:30.071845" elapsed="0.000748"/>
</kw>
<kw name="Dictionary Should Contain Key" owner="Collections">
<msg time="2024-05-02T18:18:30.073304" level="INFO">False</msg>
<arg>${json_data}</arg>
<arg>results</arg>
<doc>Fails if ``key`` is not found from ``dictionary``.</doc>
<status status="PASS" start="2024-05-02T18:18:30.073073" elapsed="0.000288"/>
</kw>
<status status="PASS" start="2024-05-02T18:18:29.994926" elapsed="0.078791"/>
</kw>
<doc>Testa se a API responde corretamente e retorna um objeto JSON válido.</doc>
<tag>testeRequisicaoBasica</tag>
<status status="PASS" start="2024-05-02T18:18:29.994365" elapsed="0.079616"/>
</test>
<test id="s1-s1-t3" name="Validar estrutura de resposta" line="22">
<kw name="Teste de Estrutura de Resposta" owner="random-user-service">
<kw name="GET On Session" owner="RequestsLibrary">
<msg time="2024-05-02T18:18:30.186034" level="INFO">GET Request : url=https://randomuser.me/api 
 path_url=/api 
 headers={'User-Agent': 'python-requests/2.31.0', 'Accept-Encoding': 'gzip, deflate', 'Accept': '*/*', 'Connection': 'keep-alive'} 
 body=None 
 </msg>
<msg time="2024-05-02T18:18:30.186111" level="INFO">GET Response : url=https://randomuser.me/api 
 status=200, reason=OK 
 headers={'Date': 'Thu, 02 May 2024 18:18:30 GMT', 'Content-Type': 'application/json; charset=utf-8', 'Transfer-Encoding': 'chunked', 'Connection': 'keep-alive', 'X-Powered-By': 'Express', 'Access-Control-Allow-Origin': '*', 'Cache-Control': 'no-cache', 'ETag': 'W/"497-5NLDZEktQmcmyrQRkg/eVNSw3hE"', 'Vary': 'Accept-Encoding', 'Content-Encoding': 'gzip', 'CF-Cache-Status': 'DYNAMIC', 'Report-To': '{"endpoints":[{"url":"https:\\/\\/a.nel.cloudflare.com\\/report\\/v4?s=6qvjn89k5gxOgl8IGRInNyd1JjtWBy2XeyTiqGvwCq8UunUihmJmdWM1GdeqSwHvhvxqR%2B%2F%2BN4TnGZ%2FSWEIJwR%2F7Tp4dlck%2BOSb7bwdR2WRFExMgTQNMSd85tMk6%2FgQa"}],"group":"cf-nel","max_age":604800}', 'NEL': '{"success_fraction":0,"report_to":"cf-nel","max_age":604800}', 'Server': 'cloudflare', 'CF-RAY': '87da03a20c1038f9-IAD', 'alt-svc': 'h3=":443"; ma=86400'} 
 body={"results":[{"gender":"female","name":{"title":"Mrs","first":"Sophia","last":"White"},"location":{"street":{"number":3326,"name":"Tecumseh Rd"},"city":"Greenwood","state":"Ontario","country":"Canada","postcode":"V7N 8R4","coordinates":{"latitude":"-65.5415","longitude":"137.0568"},"timezone":{"offset":"-6:00","description":"Central Time (US &amp; Canada), Mexico City"}},"email":"sophia.white@example.com","login":{"uuid":"ee635e6a-8b58-459e-ba70-850fe3038996","username":"angrylion407","password":"johndeer","salt":"TvGvJ69Q","md5":"60db6bd74e32a32b9941130bfd69b34e","sha1":"b37f277628df74833ec99599ecc269e8fc9c6863","sha256":"e32f16696fbbb78a097151bf81ffabdf939e7dc119e623b327937cc80865afcd"},"dob":{"date":"1945-01-23T14:58:25.913Z","age":79},"registered":{"date":"2021-12-31T08:08:47.485Z","age":2},"phone":"G02 O65-3485","cell":"L49 S07-1701","id":{"name":"SIN","value":"108291592"},"picture":{"large":"https://randomuser.me/api/portraits/women/89.jpg","medium":"https://randomuser.me/api/portraits/med/women/89.jpg","thumbnail":"https://randomuser.me/api/portraits/thumb/women/89.jpg"},"nat":"CA"}],"info":{"seed":"febb9fca6da27a6f","results":1,"page":1,"version":"1.4"}} 
 </msg>
<msg time="2024-05-02T18:18:30.186213" level="INFO">/opt/hostedtoolcache/Python/3.12.3/x64/lib/python3.12/site-packages/urllib3/connectionpool.py:1103: InsecureRequestWarning: Unverified HTTPS request is being made to host 'randomuser.me'. Adding certificate verification is strongly advised. See: https://urllib3.readthedocs.io/en/latest/advanced-usage.html#tls-warnings
  warnings.warn(</msg>
<msg time="2024-05-02T18:18:30.186314" level="INFO">${response} = &lt;Response [200]&gt;</msg>
<var>${response}</var>
<arg>consultarAPI</arg>
<arg>/api</arg>
<doc>Sends a GET request on a previously created HTTP Session.</doc>
<status status="PASS" start="2024-05-02T18:18:30.078296" elapsed="0.108054"/>
</kw>
<kw name="Set Variable" owner="BuiltIn">
<msg time="2024-05-02T18:18:30.187284" level="INFO">${json_data} = {'results': [{'gender': 'female', 'name': {'title': 'Mrs', 'first': 'Sophia', 'last': 'White'}, 'location': {'street': {'number': 3326, 'name': 'Tecumseh Rd'}, 'city': 'Greenwood', 'state': 'Ontario',...</msg>
<var>${json_data}</var>
<arg>${response.json()}</arg>
<doc>Returns the given values which can then be assigned to a variables.</doc>
<status status="PASS" start="2024-05-02T18:18:30.186783" elapsed="0.000536"/>
</kw>
<kw name="Log" owner="BuiltIn">
<msg time="2024-05-02T18:18:30.187794" level="INFO">{'results': [{'gender': 'female', 'name': {'title': 'Mrs', 'first': 'Sophia', 'last': 'White'}, 'location': {'street': {'number': 3326, 'name': 'Tecumseh Rd'}, 'city': 'Greenwood', 'state': 'Ontario', 'country': 'Canada', 'postcode': 'V7N 8R4', 'coordinates': {'latitude': '-65.5415', 'longitude': '137.0568'}, 'timezone': {'offset': '-6:00', 'description': 'Central Time (US &amp; Canada), Mexico City'}}, 'email': 'sophia.white@example.com', 'login': {'uuid': 'ee635e6a-8b58-459e-ba70-850fe3038996', 'username': 'angrylion407', 'password': 'johndeer', 'salt': 'TvGvJ69Q', 'md5': '60db6bd74e32a32b9941130bfd69b34e', 'sha1': 'b37f277628df74833ec99599ecc269e8fc9c6863', 'sha256': 'e32f16696fbbb78a097151bf81ffabdf939e7dc119e623b327937cc80865afcd'}, 'dob': {'date': '1945-01-23T14:58:25.913Z', 'age': 79}, 'registered': {'date': '2021-12-31T08:08:47.485Z', 'age': 2}, 'phone': 'G02 O65-3485', 'cell': 'L49 S07-1701', 'id': {'name': 'SIN', 'value': '108291592'}, 'picture': {'large': 'https://randomuser.me/api/portraits/women/89.jpg', 'medium': 'https://randomuser.me/api/portraits/med/women/89.jpg', 'thumbnail': 'https://randomuser.me/api/portraits/thumb/women/89.jpg'}, 'nat': 'CA'}], 'info': {'seed': 'febb9fca6da27a6f', 'results': 1, 'page': 1, 'version': '1.4'}}</msg>
<arg>${json_data}</arg>
<doc>Logs the given message with the given level.</doc>
<status status="PASS" start="2024-05-02T18:18:30.187632" elapsed="0.000214"/>
</kw>
<kw name="Dictionary Should Contain Key" owner="Collections">
<msg time="2024-05-02T18:18:30.188299" level="INFO">False</msg>
<arg>${json_data}</arg>
<arg>results</arg>
<doc>Fails if ``key`` is not found from ``dictionary``.</doc>
<status status="PASS" start="2024-05-02T18:18:30.188145" elapsed="0.000192"/>
</kw>
<kw name="Should Not Be Empty" owner="BuiltIn">
<msg time="2024-05-02T18:18:30.188765" level="INFO">Length is 2.</msg>
<arg>${json_data}</arg>
<doc>Verifies that the given item is not empty.</doc>
<status status="PASS" start="2024-05-02T18:18:30.188632" elapsed="0.000171"/>
</kw>
<kw name="Create List" owner="BuiltIn">
<msg time="2024-05-02T18:18:30.189382" level="INFO">${expected_keys} = ['gender', 'name', 'location', 'email', 'login']</msg>
<var>${expected_keys}</var>
<arg>gender</arg>
<arg>name</arg>
<arg>location</arg>
<arg>email</arg>
<arg>login</arg>
<doc>Returns a list containing given items.</doc>
<status status="PASS" start="2024-05-02T18:18:30.189092" elapsed="0.000315"/>
</kw>
<for flavor="IN">
<iter>
<kw name="Dictionary Should Contain Key" owner="Collections">
<msg time="2024-05-02T18:18:30.190405" level="INFO">False</msg>
<arg>${json_data['results'][0]}</arg>
<arg>${key}</arg>
<doc>Fails if ``key`` is not found from ``dictionary``.</doc>
<status status="PASS" start="2024-05-02T18:18:30.189992" elapsed="0.000450"/>
</kw>
<kw name="Log" owner="BuiltIn">
<msg time="2024-05-02T18:18:30.191136" level="INFO">{'gender': 'female', 'name': {'title': 'Mrs', 'first': 'Sophia', 'last': 'White'}, 'location': {'street': {'number': 3326, 'name': 'Tecumseh Rd'}, 'city': 'Greenwood', 'state': 'Ontario', 'country': 'Canada', 'postcode': 'V7N 8R4', 'coordinates': {'latitude': '-65.5415', 'longitude': '137.0568'}, 'timezone': {'offset': '-6:00', 'description': 'Central Time (US &amp; Canada), Mexico City'}}, 'email': 'sophia.white@example.com', 'login': {'uuid': 'ee635e6a-8b58-459e-ba70-850fe3038996', 'username': 'angrylion407', 'password': 'johndeer', 'salt': 'TvGvJ69Q', 'md5': '60db6bd74e32a32b9941130bfd69b34e', 'sha1': 'b37f277628df74833ec99599ecc269e8fc9c6863', 'sha256': 'e32f16696fbbb78a097151bf81ffabdf939e7dc119e623b327937cc80865afcd'}, 'dob': {'date': '1945-01-23T14:58:25.913Z', 'age': 79}, 'registered': {'date': '2021-12-31T08:08:47.485Z', 'age': 2}, 'phone': 'G02 O65-3485', 'cell': 'L49 S07-1701', 'id': {'name': 'SIN', 'value': '108291592'}, 'picture': {'large': 'https://randomuser.me/api/portraits/women/89.jpg', 'medium': 'https://randomuser.me/api/portraits/med/women/89.jpg', 'thumbnail': 'https://randomuser.me/api/portraits/thumb/women/89.jpg'}, 'nat': 'CA'}</msg>
<arg>${json_data['results'][0]}</arg>
<doc>Logs the given message with the given level.</doc>
<status status="PASS" start="2024-05-02T18:18:30.190741" elapsed="0.000445"/>
</kw>
<kw name="Log" owner="BuiltIn">
<msg time="2024-05-02T18:18:30.191618" level="INFO">gender</msg>
<arg>${key}</arg>
<doc>Logs the given message with the given level.</doc>
<status status="PASS" start="2024-05-02T18:18:30.191490" elapsed="0.000165"/>
</kw>
<var name="${key}">gender</var>
<status status="PASS" start="2024-05-02T18:18:30.189865" elapsed="0.002001"/>
</iter>
<iter>
<kw name="Dictionary Should Contain Key" owner="Collections">
<msg time="2024-05-02T18:18:30.192552" level="INFO">False</msg>
<arg>${json_data['results'][0]}</arg>
<arg>${key}</arg>
<doc>Fails if ``key`` is not found from ``dictionary``.</doc>
<status status="PASS" start="2024-05-02T18:18:30.192163" elapsed="0.000427"/>
</kw>
<kw name="Log" owner="BuiltIn">
<msg time="2024-05-02T18:18:30.193286" level="INFO">{'gender': 'female', 'name': {'title': 'Mrs', 'first': 'Sophia', 'last': 'White'}, 'location': {'street': {'number': 3326, 'name': 'Tecumseh Rd'}, 'city': 'Greenwood', 'state': 'Ontario', 'country': 'Canada', 'postcode': 'V7N 8R4', 'coordinates': {'latitude': '-65.5415', 'longitude': '137.0568'}, 'timezone': {'offset': '-6:00', 'description': 'Central Time (US &amp; Canada), Mexico City'}}, 'email': 'sophia.white@example.com', 'login': {'uuid': 'ee635e6a-8b58-459e-ba70-850fe3038996', 'username': 'angrylion407', 'password': 'johndeer', 'salt': 'TvGvJ69Q', 'md5': '60db6bd74e32a32b9941130bfd69b34e', 'sha1': 'b37f277628df74833ec99599ecc269e8fc9c6863', 'sha256': 'e32f16696fbbb78a097151bf81ffabdf939e7dc119e623b327937cc80865afcd'}, 'dob': {'date': '1945-01-23T14:58:25.913Z', 'age': 79}, 'registered': {'date': '2021-12-31T08:08:47.485Z', 'age': 2}, 'phone': 'G02 O65-3485', 'cell': 'L49 S07-1701', 'id': {'name': 'SIN', 'value': '108291592'}, 'picture': {'large': 'https://randomuser.me/api/portraits/women/89.jpg', 'medium': 'https://randomuser.me/api/portraits/med/women/89.jpg', 'thumbnail': 'https://randomuser.me/api/portraits/thumb/women/89.jpg'}, 'nat': 'CA'}</msg>
<arg>${json_data['results'][0]}</arg>
<doc>Logs the given message with the given level.</doc>
<status status="PASS" start="2024-05-02T18:18:30.192919" elapsed="0.000416"/>
</kw>
<kw name="Log" owner="BuiltIn">
<msg time="2024-05-02T18:18:30.193760" level="INFO">name</msg>
<arg>${key}</arg>
<doc>Logs the given message with the given level.</doc>
<status status="PASS" start="2024-05-02T18:18:30.193634" elapsed="0.000163"/>
</kw>
<var name="${key}">name</var>
<status status="PASS" start="2024-05-02T18:18:30.192049" elapsed="0.001963"/>
</iter>
<iter>
<kw name="Dictionary Should Contain Key" owner="Collections">
<msg time="2024-05-02T18:18:30.194681" level="INFO">False</msg>
<arg>${json_data['results'][0]}</arg>
<arg>${key}</arg>
<doc>Fails if ``key`` is not found from ``dictionary``.</doc>
<status status="PASS" start="2024-05-02T18:18:30.194298" elapsed="0.000420"/>
</kw>
<kw name="Log" owner="BuiltIn">
<msg time="2024-05-02T18:18:30.195463" level="INFO">{'gender': 'female', 'name': {'title': 'Mrs', 'first': 'Sophia', 'last': 'White'}, 'location': {'street': {'number': 3326, 'name': 'Tecumseh Rd'}, 'city': 'Greenwood', 'state': 'Ontario', 'country': 'Canada', 'postcode': 'V7N 8R4', 'coordinates': {'latitude': '-65.5415', 'longitude': '137.0568'}, 'timezone': {'offset': '-6:00', 'description': 'Central Time (US &amp; Canada), Mexico City'}}, 'email': 'sophia.white@example.com', 'login': {'uuid': 'ee635e6a-8b58-459e-ba70-850fe3038996', 'username': 'angrylion407', 'password': 'johndeer', 'salt': 'TvGvJ69Q', 'md5': '60db6bd74e32a32b9941130bfd69b34e', 'sha1': 'b37f277628df74833ec99599ecc269e8fc9c6863', 'sha256': 'e32f16696fbbb78a097151bf81ffabdf939e7dc119e623b327937cc80865afcd'}, 'dob': {'date': '1945-01-23T14:58:25.913Z', 'age': 79}, 'registered': {'date': '2021-12-31T08:08:47.485Z', 'age': 2}, 'phone': 'G02 O65-3485', 'cell': 'L49 S07-1701', 'id': {'name': 'SIN', 'value': '108291592'}, 'picture': {'large': 'https://randomuser.me/api/portraits/women/89.jpg', 'medium': 'https://randomuser.me/api/portraits/med/women/89.jpg', 'thumbnail': 'https://randomuser.me/api/portraits/thumb/women/89.jpg'}, 'nat': 'CA'}</msg>
<arg>${json_data['results'][0]}</arg>
<doc>Logs the given message with the given level.</doc>
<status status="PASS" start="2024-05-02T18:18:30.195095" elapsed="0.000418"/>
</kw>
<kw name="Log" owner="BuiltIn">
<msg time="2024-05-02T18:18:30.195972" level="INFO">location</msg>
<arg>${key}</arg>
<doc>Logs the given message with the given level.</doc>
<status status="PASS" start="2024-05-02T18:18:30.195842" elapsed="0.000175"/>
</kw>
<var name="${key}">location</var>
<status status="PASS" start="2024-05-02T18:18:30.194188" elapsed="0.002044"/>
</iter>
<iter>
<kw name="Dictionary Should Contain Key" owner="Collections">
<msg time="2024-05-02T18:18:30.196906" level="INFO">False</msg>
<arg>${json_data['results'][0]}</arg>
<arg>${key}</arg>
<doc>Fails if ``key`` is not found from ``dictionary``.</doc>
<status status="PASS" start="2024-05-02T18:18:30.196515" elapsed="0.000428"/>
</kw>
<kw name="Log" owner="BuiltIn">
<msg time="2024-05-02T18:18:30.197612" level="INFO">{'gender': 'female', 'name': {'title': 'Mrs', 'first': 'Sophia', 'last': 'White'}, 'location': {'street': {'number': 3326, 'name': 'Tecumseh Rd'}, 'city': 'Greenwood', 'state': 'Ontario', 'country': 'Canada', 'postcode': 'V7N 8R4', 'coordinates': {'latitude': '-65.5415', 'longitude': '137.0568'}, 'timezone': {'offset': '-6:00', 'description': 'Central Time (US &amp; Canada), Mexico City'}}, 'email': 'sophia.white@example.com', 'login': {'uuid': 'ee635e6a-8b58-459e-ba70-850fe3038996', 'username': 'angrylion407', 'password': 'johndeer', 'salt': 'TvGvJ69Q', 'md5': '60db6bd74e32a32b9941130bfd69b34e', 'sha1': 'b37f277628df74833ec99599ecc269e8fc9c6863', 'sha256': 'e32f16696fbbb78a097151bf81ffabdf939e7dc119e623b327937cc80865afcd'}, 'dob': {'date': '1945-01-23T14:58:25.913Z', 'age': 79}, 'registered': {'date': '2021-12-31T08:08:47.485Z', 'age': 2}, 'phone': 'G02 O65-3485', 'cell': 'L49 S07-1701', 'id': {'name': 'SIN', 'value': '108291592'}, 'picture': {'large': 'https://randomuser.me/api/portraits/women/89.jpg', 'medium': 'https://randomuser.me/api/portraits/med/women/89.jpg', 'thumbnail': 'https://randomuser.me/api/portraits/thumb/women/89.jpg'}, 'nat': 'CA'}</msg>
<arg>${json_data['results'][0]}</arg>
<doc>Logs the given message with the given level.</doc>
<status status="PASS" start="2024-05-02T18:18:30.197241" elapsed="0.000421"/>
</kw>
<kw name="Log" owner="BuiltIn">
<msg time="2024-05-02T18:18:30.198080" level="INFO">email</msg>
<arg>${key}</arg>
<doc>Logs the given message with the given level.</doc>
<status status="PASS" start="2024-05-02T18:18:30.197952" elapsed="0.000165"/>
</kw>
<var name="${key}">email</var>
<status status="PASS" start="2024-05-02T18:18:30.196405" elapsed="0.001924"/>
</iter>
<iter>
<kw name="Dictionary Should Contain Key" owner="Collections">
<msg time="2024-05-02T18:18:30.199016" level="INFO">False</msg>
<arg>${json_data['results'][0]}</arg>
<arg>${key}</arg>
<doc>Fails if ``key`` is not found from ``dictionary``.</doc>
<status status="PASS" start="2024-05-02T18:18:30.198609" elapsed="0.000445"/>
</kw>
<kw name="Log" owner="BuiltIn">
<msg time="2024-05-02T18:18:30.199714" level="INFO">{'gender': 'female', 'name': {'title': 'Mrs', 'first': 'Sophia', 'last': 'White'}, 'location': {'street': {'number': 3326, 'name': 'Tecumseh Rd'}, 'city': 'Greenwood', 'state': 'Ontario', 'country': 'Canada', 'postcode': 'V7N 8R4', 'coordinates': {'latitude': '-65.5415', 'longitude': '137.0568'}, 'timezone': {'offset': '-6:00', 'description': 'Central Time (US &amp; Canada), Mexico City'}}, 'email': 'sophia.white@example.com', 'login': {'uuid': 'ee635e6a-8b58-459e-ba70-850fe3038996', 'username': 'angrylion407', 'password': 'johndeer', 'salt': 'TvGvJ69Q', 'md5': '60db6bd74e32a32b9941130bfd69b34e', 'sha1': 'b37f277628df74833ec99599ecc269e8fc9c6863', 'sha256': 'e32f16696fbbb78a097151bf81ffabdf939e7dc119e623b327937cc80865afcd'}, 'dob': {'date': '1945-01-23T14:58:25.913Z', 'age': 79}, 'registered': {'date': '2021-12-31T08:08:47.485Z', 'age': 2}, 'phone': 'G02 O65-3485', 'cell': 'L49 S07-1701', 'id': {'name': 'SIN', 'value': '108291592'}, 'picture': {'large': 'https://randomuser.me/api/portraits/women/89.jpg', 'medium': 'https://randomuser.me/api/portraits/med/women/89.jpg', 'thumbnail': 'https://randomuser.me/api/portraits/thumb/women/89.jpg'}, 'nat': 'CA'}</msg>
<arg>${json_data['results'][0]}</arg>
<doc>Logs the given message with the given level.</doc>
<status status="PASS" start="2024-05-02T18:18:30.199347" elapsed="0.000415"/>
</kw>
<kw name="Log" owner="BuiltIn">
<msg time="2024-05-02T18:18:30.200187" level="INFO">login</msg>
<arg>${key}</arg>
<doc>Logs the given message with the given level.</doc>
<status status="PASS" start="2024-05-02T18:18:30.200061" elapsed="0.000164"/>
</kw>
<var name="${key}">login</var>
<status status="PASS" start="2024-05-02T18:18:30.198499" elapsed="0.001962"/>
</iter>
<var>${key}</var>
<value>@{expected_keys}</value>
<status status="PASS" start="2024-05-02T18:18:30.189677" elapsed="0.010907"/>
</for>
<kw name="Create List" owner="BuiltIn">
<msg time="2024-05-02T18:18:30.200910" level="INFO">${expected_keysTwo} = ['username', 'password']</msg>
<var>${expected_keysTwo}</var>
<arg>username</arg>
<arg>password</arg>
<doc>Returns a list containing given items.</doc>
<status status="PASS" start="2024-05-02T18:18:30.200775" elapsed="0.000159"/>
</kw>
<for flavor="IN">
<iter>
<kw name="Dictionary Should Contain Key" owner="Collections">
<msg time="2024-05-02T18:18:30.201838" level="INFO">False</msg>
<arg>${json_data['results'][0]['login']}</arg>
<arg>${keyTwo}</arg>
<doc>Fails if ``key`` is not found from ``dictionary``.</doc>
<status status="PASS" start="2024-05-02T18:18:30.201435" elapsed="0.000440"/>
</kw>
<kw name="Dictionary Should Contain Key" owner="Collections">
<msg time="2024-05-02T18:18:30.202559" level="INFO">False</msg>
<arg>${json_data['results'][0]['login']}</arg>
<arg>${keyTwo}</arg>
<doc>Fails if ``key`` is not found from ``dictionary``.</doc>
<status status="PASS" start="2024-05-02T18:18:30.202176" elapsed="0.000420"/>
</kw>
<kw name="Log" owner="BuiltIn">
<msg time="2024-05-02T18:18:30.203059" level="INFO">username</msg>
<arg>${keyTwo}</arg>
<doc>Logs the given message with the given level.</doc>
<status status="PASS" start="2024-05-02T18:18:30.202928" elapsed="0.000174"/>
</kw>
<var name="${keyTwo}">username</var>
<status status="PASS" start="2024-05-02T18:18:30.201320" elapsed="0.002003"/>
</iter>
<iter>
<kw name="Dictionary Should Contain Key" owner="Collections">
<msg time="2024-05-02T18:18:30.203988" level="INFO">False</msg>
<arg>${json_data['results'][0]['login']}</arg>
<arg>${keyTwo}</arg>
<doc>Fails if ``key`` is not found from ``dictionary``.</doc>
<status status="PASS" start="2024-05-02T18:18:30.203603" elapsed="0.000422"/>
</kw>
<kw name="Dictionary Should Contain Key" owner="Collections">
<msg time="2024-05-02T18:18:30.204786" level="INFO">False</msg>
<arg>${json_data['results'][0]['login']}</arg>
<arg>${keyTwo}</arg>
<doc>Fails if ``key`` is not found from ``dictionary``.</doc>
<status status="PASS" start="2024-05-02T18:18:30.204314" elapsed="0.000510"/>
</kw>
<kw name="Log" owner="BuiltIn">
<msg time="2024-05-02T18:18:30.205247" level="INFO">password</msg>
<arg>${keyTwo}</arg>
<doc>Logs the given message with the given level.</doc>
<status status="PASS" start="2024-05-02T18:18:30.205119" elapsed="0.000165"/>
</kw>
<var name="${keyTwo}">password</var>
<status status="PASS" start="2024-05-02T18:18:30.203493" elapsed="0.002006"/>
</iter>
<var>${keyTwo}</var>
<value>@{expected_keysTwo}</value>
<status status="PASS" start="2024-05-02T18:18:30.201168" elapsed="0.004452"/>
</for>
<status status="PASS" start="2024-05-02T18:18:30.077930" elapsed="0.127827"/>
</kw>
<doc>Testa a estrutura da resposta da API.</doc>
<tag>testeEstruturaResposta</tag>
<status status="PASS" start="2024-05-02T18:18:30.077187" elapsed="0.128731"/>
</test>
<test id="s1-s1-t4" name="Validar tipos de dados" line="28">
<kw name="Teste de Tipos de Dados" owner="random-user-service">
<kw name="GET On Session" owner="RequestsLibrary">
<msg time="2024-05-02T18:18:30.271061" level="INFO">GET Request : url=https://randomuser.me/api 
 path_url=/api 
 headers={'User-Agent': 'python-requests/2.31.0', 'Accept-Encoding': 'gzip, deflate', 'Accept': '*/*', 'Connection': 'keep-alive'} 
 body=None 
 </msg>
<msg time="2024-05-02T18:18:30.271122" level="INFO">GET Response : url=https://randomuser.me/api 
 status=200, reason=OK 
 headers={'Date': 'Thu, 02 May 2024 18:18:30 GMT', 'Content-Type': 'application/json; charset=utf-8', 'Transfer-Encoding': 'chunked', 'Connection': 'keep-alive', 'X-Powered-By': 'Express', 'Access-Control-Allow-Origin': '*', 'Cache-Control': 'no-cache', 'ETag': 'W/"498-0TamjZawmRYVOd4oH9CUPx9yl6w"', 'Vary': 'Accept-Encoding', 'Content-Encoding': 'gzip', 'CF-Cache-Status': 'DYNAMIC', 'Report-To': '{"endpoints":[{"url":"https:\\/\\/a.nel.cloudflare.com\\/report\\/v4?s=qrVTQCw237cZDNAKSwkExTSTS70SuB5I9M5hsFlfFnkdDIfA%2FbCwObcDJooQhqnw0Bu%2BkUgS7l1HQceOJjNtqe7pkEQjnpW2jR5yTP2juMEsvc6aGcHs8w9%2Blawauh6n"}],"group":"cf-nel","max_age":604800}', 'NEL': '{"success_fraction":0,"report_to":"cf-nel","max_age":604800}', 'Server': 'cloudflare', 'CF-RAY': '87da03a2dd8038f9-IAD', 'alt-svc': 'h3=":443"; ma=86400'} 
 body={"results":[{"gender":"female","name":{"title":"Ms","first":"Ugne","last":"Jøssang"},"location":{"street":{"number":5696,"name":"Laura Gundersens gate"},"city":"Vikevåg","state":"Aust-Agder","country":"Norway","postcode":"5412","coordinates":{"latitude":"43.0436","longitude":"20.8951"},"timezone":{"offset":"+9:00","description":"Tokyo, Seoul, Osaka, Sapporo, Yakutsk"}},"email":"ugne.jossang@example.com","login":{"uuid":"f6be97e0-47ce-40e6-aaa5-a6a0823659bd","username":"goldenmouse479","password":"obsidian","salt":"EU5a3BjN","md5":"d3e6ea80649a527ce6f12cb8b53ff267","sha1":"4b236585bb3ab2c8c2050e101270278be275e575","sha256":"0a337cfd0f0cc8ec5b2e2c801661bf7e7595a99df5b15fe9590e6d9eac609f67"},"dob":{"date":"1981-01-23T19:30:37.375Z","age":43},"registered":{"date":"2003-02-17T22:06:53.533Z","age":21},"phone":"32335783","cell":"94498763","id":{"name":"FN","value":"23018105659"},"picture":{"large":"https://randomuser.me/api/portraits/women/52.jpg","medium":"https://randomuser.me/api/portraits/med/women/52.jpg","thumbnail":"https://randomuser.me/api/portraits/thumb/women/52.jpg"},"nat":"NO"}],"info":{"seed":"31a2f72c6bdb7700","results":1,"page":1,"version":"1.4"}} 
 </msg>
<msg time="2024-05-02T18:18:30.271178" level="INFO">/opt/hostedtoolcache/Python/3.12.3/x64/lib/python3.12/site-packages/urllib3/connectionpool.py:1103: InsecureRequestWarning: Unverified HTTPS request is being made to host 'randomuser.me'. Adding certificate verification is strongly advised. See: https://urllib3.readthedocs.io/en/latest/advanced-usage.html#tls-warnings
  warnings.warn(</msg>
<msg time="2024-05-02T18:18:30.271260" level="INFO">${response} = &lt;Response [200]&gt;</msg>
<var>${response}</var>
<arg>consultarAPI</arg>
<arg>/api</arg>
<doc>Sends a GET request on a previously created HTTP Session.</doc>
<status status="PASS" start="2024-05-02T18:18:30.208386" elapsed="0.062899"/>
</kw>
<kw name="Set Variable" owner="BuiltIn">
<msg time="2024-05-02T18:18:30.272118" level="INFO">${json_data} = {'results': [{'gender': 'female', 'name': {'title': 'Ms', 'first': 'Ugne', 'last': 'Jøssang'}, 'location': {'street': {'number': 5696, 'name': 'Laura Gundersens gate'}, 'city': 'Vikevåg', 'state': 'Au...</msg>
<var>${json_data}</var>
<arg>${response.json()}</arg>
<doc>Returns the given values which can then be assigned to a variables.</doc>
<status status="PASS" start="2024-05-02T18:18:30.271662" elapsed="0.000485"/>
</kw>
<kw name="Log" owner="BuiltIn">
<msg time="2024-05-02T18:18:30.272604" level="INFO">{'results': [{'gender': 'female', 'name': {'title': 'Ms', 'first': 'Ugne', 'last': 'Jøssang'}, 'location': {'street': {'number': 5696, 'name': 'Laura Gundersens gate'}, 'city': 'Vikevåg', 'state': 'Aust-Agder', 'country': 'Norway', 'postcode': '5412', 'coordinates': {'latitude': '43.0436', 'longitude': '20.8951'}, 'timezone': {'offset': '+9:00', 'description': 'Tokyo, Seoul, Osaka, Sapporo, Yakutsk'}}, 'email': 'ugne.jossang@example.com', 'login': {'uuid': 'f6be97e0-47ce-40e6-aaa5-a6a0823659bd', 'username': 'goldenmouse479', 'password': 'obsidian', 'salt': 'EU5a3BjN', 'md5': 'd3e6ea80649a527ce6f12cb8b53ff267', 'sha1': '4b236585bb3ab2c8c2050e101270278be275e575', 'sha256': '0a337cfd0f0cc8ec5b2e2c801661bf7e7595a99df5b15fe9590e6d9eac609f67'}, 'dob': {'date': '1981-01-23T19:30:37.375Z', 'age': 43}, 'registered': {'date': '2003-02-17T22:06:53.533Z', 'age': 21}, 'phone': '32335783', 'cell': '94498763', 'id': {'name': 'FN', 'value': '23018105659'}, 'picture': {'large': 'https://randomuser.me/api/portraits/women/52.jpg', 'medium': 'https://randomuser.me/api/portraits/med/women/52.jpg', 'thumbnail': 'https://randomuser.me/api/portraits/thumb/women/52.jpg'}, 'nat': 'NO'}], 'info': {'seed': '31a2f72c6bdb7700', 'results': 1, 'page': 1, 'version': '1.4'}}</msg>
<arg>${json_data}</arg>
<doc>Logs the given message with the given level.</doc>
<status status="PASS" start="2024-05-02T18:18:30.272452" elapsed="0.000231"/>
</kw>
<kw name="Should Be String" owner="String">
<arg>${json_data['results'][0]['gender']}</arg>
<doc>Fails if the given ``item`` is not a string.</doc>
<status status="PASS" start="2024-05-02T18:18:30.272980" elapsed="0.000362"/>
</kw>
<kw name="Should Match Regexp" owner="BuiltIn">
<arg>${json_data['results'][0]['email']}</arg>
<arg>^[a-zA-Z0-9._%+-]+@[a-zA-Z0-9.-]+\.[a-zA-Z]{2,}$</arg>
<doc>Fails if ``string`` does not match ``pattern`` as a regular expression.</doc>
<status status="PASS" start="2024-05-02T18:18:30.273532" elapsed="0.000509"/>
</kw>
<kw name="Should Match Regexp" owner="BuiltIn">
<arg>${json_data['results'][0]['dob']['date']}</arg>
<arg>\\d{4}-\\d{2}-\\d{2}T\\d{2}:\\d{2}:\\d{2}\\.\\d{3}Z</arg>
<doc>Fails if ``string`` does not match ``pattern`` as a regular expression.</doc>
<status status="PASS" start="2024-05-02T18:18:30.274245" elapsed="0.000489"/>
</kw>
<kw name="Should Match Regexp" owner="BuiltIn">
<arg>${json_data['results'][0]['registered']['date']}</arg>
<arg>\\d{4}-\\d{2}-\\d{2}T\\d{2}:\\d{2}:\\d{2}\\.\\d{3}Z</arg>
<doc>Fails if ``string`` does not match ``pattern`` as a regular expression.</doc>
<status status="PASS" start="2024-05-02T18:18:30.274974" elapsed="0.000379"/>
</kw>
<kw name="Should Match Regexp" owner="BuiltIn">
<arg>${json_data['results'][0]['picture']['large']}</arg>
<arg>^https?://.*\.(?:png|jpe?g|gif|bmp)$</arg>
<doc>Fails if ``string`` does not match ``pattern`` as a regular expression.</doc>
<status status="PASS" start="2024-05-02T18:18:30.275542" elapsed="0.000457"/>
</kw>
<kw name="Should Match Regexp" owner="BuiltIn">
<arg>${json_data['results'][0]['picture']['medium']}</arg>
<arg>^https?://.*\.(?:png|jpe?g|gif|bmp)$</arg>
<doc>Fails if ``string`` does not match ``pattern`` as a regular expression.</doc>
<status status="PASS" start="2024-05-02T18:18:30.276187" elapsed="0.000351"/>
</kw>
<kw name="Should Match Regexp" owner="BuiltIn">
<arg>${json_data['results'][0]['picture']['thumbnail']}</arg>
<arg>^https?://.*\.(?:png|jpe?g|gif|bmp)$</arg>
<doc>Fails if ``string`` does not match ``pattern`` as a regular expression.</doc>
<status status="PASS" start="2024-05-02T18:18:30.276726" elapsed="0.000352"/>
</kw>
<kw name="Log" owner="BuiltIn">
<msg time="2024-05-02T18:18:30.277589" level="INFO">{'large': 'https://randomuser.me/api/portraits/women/52.jpg', 'medium': 'https://randomuser.me/api/portraits/med/women/52.jpg', 'thumbnail': 'https://randomuser.me/api/portraits/thumb/women/52.jpg'}</msg>
<arg>${json_data['results'][0]['picture']}</arg>
<doc>Logs the given message with the given level.</doc>
<status status="PASS" start="2024-05-02T18:18:30.277259" elapsed="0.000371"/>
</kw>
<status status="PASS" start="2024-05-02T18:18:30.208161" elapsed="0.069722"/>
</kw>
<kw name="Teste de Tipos de Dados - Postcode" owner="random-user-service">
<kw name="GET On Session" owner="RequestsLibrary">
<msg time="2024-05-02T18:18:30.399021" level="INFO">GET Request : url=https://randomuser.me/api 
 path_url=/api 
 headers={'User-Agent': 'python-requests/2.31.0', 'Accept-Encoding': 'gzip, deflate', 'Accept': '*/*', 'Connection': 'keep-alive'} 
 body=None 
 </msg>
<msg time="2024-05-02T18:18:30.399110" level="INFO">GET Response : url=https://randomuser.me/api 
 status=200, reason=OK 
 headers={'Date': 'Thu, 02 May 2024 18:18:30 GMT', 'Content-Type': 'application/json; charset=utf-8', 'Transfer-Encoding': 'chunked', 'Connection': 'keep-alive', 'X-Powered-By': 'Express', 'Access-Control-Allow-Origin': '*', 'Cache-Control': 'no-cache', 'ETag': 'W/"487-RK+YEHyP3NL3kyeSDPHMaBXWENo"', 'Vary': 'Accept-Encoding', 'Content-Encoding': 'gzip', 'CF-Cache-Status': 'DYNAMIC', 'Report-To': '{"endpoints":[{"url":"https:\\/\\/a.nel.cloudflare.com\\/report\\/v4?s=mb15sv0G%2BtqClpCudQAsIq76aG0c7mny69XiHjIAuGAyFQNj1XtgYoSw4DwnGSax4F%2FG6uqz80XJ%2FQBM6uAwuZKwpzx5Dn4lEZA8MX3mdc367CzfrHC3SgK1%2BCgGE%2Fp0"}],"group":"cf-nel","max_age":604800}', 'NEL': '{"success_fraction":0,"report_to":"cf-nel","max_age":604800}', 'Server': 'cloudflare', 'CF-RAY': '87da03a34e1238f9-IAD', 'alt-svc': 'h3=":443"; ma=86400'} 
 body={"results":[{"gender":"female","name":{"title":"Miss","first":"Trinidad","last":"Vidal"},"location":{"street":{"number":8999,"name":"Avenida de Salamanca"},"city":"Orense","state":"Región de Murcia","country":"Spain","postcode":24848,"coordinates":{"latitude":"-33.1717","longitude":"87.1784"},"timezone":{"offset":"+5:45","description":"Kathmandu"}},"email":"trinidad.vidal@example.com","login":{"uuid":"ff1ce29f-2595-4fd4-aa4f-761bc05a9288","username":"yellowkoala481","password":"dalejr","salt":"wLw0YrQO","md5":"aa621426cf455dfe46f21923b343f99f","sha1":"593822a99a3f7c2910f73e912783d4c836b4a4c4","sha256":"3410090a15c9b84189488b72259ef66a68687532e573cd95bc6da0a23abb0ba9"},"dob":{"date":"1949-09-05T07:52:55.119Z","age":74},"registered":{"date":"2016-12-25T05:45:32.693Z","age":7},"phone":"903-651-554","cell":"640-415-438","id":{"name":"DNI","value":"27801760-U"},"picture":{"large":"https://randomuser.me/api/portraits/women/77.jpg","medium":"https://randomuser.me/api/portraits/med/women/77.jpg","thumbnail":"https://randomuser.me/api/portraits/thumb/women/77.jpg"},"nat":"ES"}],"info":{"seed":"5665ab8eb1ec647e","results":1,"page":1,"version":"1.4"}} 
 </msg>
<msg time="2024-05-02T18:18:30.399185" level="INFO">/opt/hostedtoolcache/Python/3.12.3/x64/lib/python3.12/site-packages/urllib3/connectionpool.py:1103: InsecureRequestWarning: Unverified HTTPS request is being made to host 'randomuser.me'. Adding certificate verification is strongly advised. See: https://urllib3.readthedocs.io/en/latest/advanced-usage.html#tls-warnings
  warnings.warn(</msg>
<msg time="2024-05-02T18:18:30.399299" level="INFO">${response} = &lt;Response [200]&gt;</msg>
<var>${response}</var>
<arg>consultarAPI</arg>
<arg>/api</arg>
<doc>Sends a GET request on a previously created HTTP Session.</doc>
<status status="PASS" start="2024-05-02T18:18:30.278321" elapsed="0.121020"/>
</kw>
<kw name="Set Variable" owner="BuiltIn">
<msg time="2024-05-02T18:18:30.400417" level="INFO">${json_data} = {'results': [{'gender': 'female', 'name': {'title': 'Miss', 'first': 'Trinidad', 'last': 'Vidal'}, 'location': {'street': {'number': 8999, 'name': 'Avenida de Salamanca'}, 'city': 'Orense', 'state': '...</msg>
<var>${json_data}</var>
<arg>${response.json()}</arg>
<doc>Returns the given values which can then be assigned to a variables.</doc>
<status status="PASS" start="2024-05-02T18:18:30.399852" elapsed="0.000595"/>
</kw>
<kw name="Log" owner="BuiltIn">
<msg time="2024-05-02T18:18:30.400912" level="INFO">{'results': [{'gender': 'female', 'name': {'title': 'Miss', 'first': 'Trinidad', 'last': 'Vidal'}, 'location': {'street': {'number': 8999, 'name': 'Avenida de Salamanca'}, 'city': 'Orense', 'state': 'Región de Murcia', 'country': 'Spain', 'postcode': 24848, 'coordinates': {'latitude': '-33.1717', 'longitude': '87.1784'}, 'timezone': {'offset': '+5:45', 'description': 'Kathmandu'}}, 'email': 'trinidad.vidal@example.com', 'login': {'uuid': 'ff1ce29f-2595-4fd4-aa4f-761bc05a9288', 'username': 'yellowkoala481', 'password': 'dalejr', 'salt': 'wLw0YrQO', 'md5': 'aa621426cf455dfe46f21923b343f99f', 'sha1': '593822a99a3f7c2910f73e912783d4c836b4a4c4', 'sha256': '3410090a15c9b84189488b72259ef66a68687532e573cd95bc6da0a23abb0ba9'}, 'dob': {'date': '1949-09-05T07:52:55.119Z', 'age': 74}, 'registered': {'date': '2016-12-25T05:45:32.693Z', 'age': 7}, 'phone': '903-651-554', 'cell': '640-415-438', 'id': {'name': 'DNI', 'value': '27801760-U'}, 'picture': {'large': 'https://randomuser.me/api/portraits/women/77.jpg', 'medium': 'https://randomuser.me/api/portraits/med/women/77.jpg', 'thumbnail': 'https://randomuser.me/api/portraits/thumb/women/77.jpg'}, 'nat': 'ES'}], 'info': {'seed': '5665ab8eb1ec647e', 'results': 1, 'page': 1, 'version': '1.4'}}</msg>
<arg>${json_data}</arg>
<doc>Logs the given message with the given level.</doc>
<status status="PASS" start="2024-05-02T18:18:30.400756" elapsed="0.000237"/>
</kw>
<kw name="Should Be Equal As Numbers" owner="BuiltIn">
<arg>${json_data['results'][0]['location']['postcode']}</arg>
<arg>${json_data['results'][0]['location']['postcode']}</arg>
<doc>Fails if objects are unequal after converting them to real numbers.</doc>
<status status="PASS" start="2024-05-02T18:18:30.401299" elapsed="0.000784"/>
</kw>
<kw name="Log" owner="BuiltIn">
<msg time="2024-05-02T18:18:30.402620" level="INFO">24848</msg>
<arg>${json_data['results'][0]['location']['postcode']}</arg>
<doc>Logs the given message with the given level.</doc>
<status status="PASS" start="2024-05-02T18:18:30.402281" elapsed="0.000380"/>
</kw>
<status status="PASS" start="2024-05-02T18:18:30.278104" elapsed="0.124847"/>
</kw>
<doc>Testa se os tipos de dados na resposta da API estão corretos.</doc>
<tag>testeTiposDados</tag>
<status status="PASS" start="2024-05-02T18:18:30.207700" elapsed="0.195417"/>
</test>
<test id="s1-s1-t5" name="Validar conteudo" line="35">
<kw name="Teste de Tipos de Conteudo" owner="random-user-service">
<kw name="GET On Session" owner="RequestsLibrary">
<msg time="2024-05-02T18:18:30.473822" level="INFO">GET Request : url=https://randomuser.me/api 
 path_url=/api 
 headers={'User-Agent': 'python-requests/2.31.0', 'Accept-Encoding': 'gzip, deflate', 'Accept': '*/*', 'Connection': 'keep-alive'} 
 body=None 
 </msg>
<msg time="2024-05-02T18:18:30.473907" level="INFO">GET Response : url=https://randomuser.me/api 
 status=200, reason=OK 
 headers={'Date': 'Thu, 02 May 2024 18:18:30 GMT', 'Content-Type': 'application/json; charset=utf-8', 'Transfer-Encoding': 'chunked', 'Connection': 'keep-alive', 'X-Powered-By': 'Express', 'Access-Control-Allow-Origin': '*', 'Cache-Control': 'no-cache', 'ETag': 'W/"497-azkmRhn0R5EE2DrLHzDYREn9fpU"', 'Vary': 'Accept-Encoding', 'Content-Encoding': 'gzip', 'CF-Cache-Status': 'DYNAMIC', 'Report-To': '{"endpoints":[{"url":"https:\\/\\/a.nel.cloudflare.com\\/report\\/v4?s=0%2B2UguIOcdR3nTlpweHEGTH15B0jubf4ITRFExiA4%2FtTnv9uTlvcns5iq3PxZVtZ74lrLtZEclYdI0TQq957lKoPSqOcswNw0WxALLIMr9ORCW3lNHk6yUbV5hSqMI8X"}],"group":"cf-nel","max_age":604800}', 'NEL': '{"success_fraction":0,"report_to":"cf-nel","max_age":604800}', 'Server': 'cloudflare', 'CF-RAY': '87da03a40f2438f9-IAD', 'alt-svc': 'h3=":443"; ma=86400'} 
 body={"results":[{"gender":"male","name":{"title":"Mr","first":"Ilija","last":"Španović"},"location":{"street":{"number":358,"name":"Dimitrija Sabova "},"city":"Boljevac","state":"West Bačka","country":"Serbia","postcode":11980,"coordinates":{"latitude":"64.2217","longitude":"-174.5500"},"timezone":{"offset":"+8:00","description":"Beijing, Perth, Singapore, Hong Kong"}},"email":"ilija.spanovic@example.com","login":{"uuid":"5bd022f0-a04b-4467-9298-390a5a68f8ac","username":"organiclion276","password":"beckham","salt":"PdrTryBw","md5":"6b7d1c6f1c747be9bb328aa001371e83","sha1":"046abc3d5d8855b6fefd384053a433e05f798231","sha256":"60b0cef52dbdf9bfc3ed2f899616f1c07f2265dd20dce34918f45480c97220ca"},"dob":{"date":"1979-10-31T21:46:03.515Z","age":44},"registered":{"date":"2003-02-13T18:29:44.335Z","age":21},"phone":"026-4595-682","cell":"063-9758-641","id":{"name":"SID","value":"578290699"},"picture":{"large":"https://randomuser.me/api/portraits/men/68.jpg","medium":"https://randomuser.me/api/portraits/med/men/68.jpg","thumbnail":"https://randomuser.me/api/portraits/thumb/men/68.jpg"},"nat":"RS"}],"info":{"seed":"f47525f1cd7f0fbc","results":1,"page":1,"version":"1.4"}} 
 </msg>
<msg time="2024-05-02T18:18:30.473983" level="INFO">/opt/hostedtoolcache/Python/3.12.3/x64/lib/python3.12/site-packages/urllib3/connectionpool.py:1103: InsecureRequestWarning: Unverified HTTPS request is being made to host 'randomuser.me'. Adding certificate verification is strongly advised. See: https://urllib3.readthedocs.io/en/latest/advanced-usage.html#tls-warnings
  warnings.warn(</msg>
<msg time="2024-05-02T18:18:30.474101" level="INFO">${response} = &lt;Response [200]&gt;</msg>
<var>${response}</var>
<arg>consultarAPI</arg>
<arg>/api</arg>
<doc>Sends a GET request on a previously created HTTP Session.</doc>
<status status="PASS" start="2024-05-02T18:18:30.405650" elapsed="0.068507"/>
</kw>
<kw name="Set Variable" owner="BuiltIn">
<msg time="2024-05-02T18:18:30.475251" level="INFO">${json_data} = {'results': [{'gender': 'male', 'name': {'title': 'Mr', 'first': 'Ilija', 'last': 'Španović'}, 'location': {'street': {'number': 358, 'name': 'Dimitrija Sabova '}, 'city': 'Boljevac', 'state': 'West B...</msg>
<var>${json_data}</var>
<arg>${response.json()}</arg>
<doc>Returns the given values which can then be assigned to a variables.</doc>
<status status="PASS" start="2024-05-02T18:18:30.474660" elapsed="0.000621"/>
</kw>
<kw name="Set Variable" owner="BuiltIn">
<msg time="2024-05-02T18:18:30.475970" level="INFO">${name_title} = Mr</msg>
<var>${name_title}</var>
<arg>${json_data["results"][0]["name"]["title"]}</arg>
<doc>Returns the given values which can then be assigned to a variables.</doc>
<status status="PASS" start="2024-05-02T18:18:30.475592" elapsed="0.000403"/>
</kw>
<kw name="Create List" owner="BuiltIn">
<msg time="2024-05-02T18:18:30.476447" level="INFO">${allowed_titles} = ['Mr', 'Ms', 'Miss', 'Mrs', 'Madame', 'Monsieur']</msg>
<var>${allowed_titles}</var>
<arg>Mr</arg>
<arg>Ms</arg>
<arg>Miss</arg>
<arg>Mrs</arg>
<arg>Madame</arg>
<arg>Monsieur</arg>
<doc>Returns a list containing given items.</doc>
<status status="PASS" start="2024-05-02T18:18:30.476299" elapsed="0.000172"/>
</kw>
<kw name="List Should Contain Value" owner="Collections">
<msg time="2024-05-02T18:18:30.476945" level="INFO">False</msg>
<arg>${allowed_titles}</arg>
<arg>${name_title}</arg>
<doc>Fails if the ``value`` is not found from ``list``.</doc>
<status status="PASS" start="2024-05-02T18:18:30.476774" elapsed="0.000209"/>
</kw>
<kw name="Set Variable" owner="BuiltIn">
<msg time="2024-05-02T18:18:30.477654" level="INFO">${name_country} = RS</msg>
<var>${name_country}</var>
<arg>${json_data["results"][0]["nat"]}</arg>
<doc>Returns the given values which can then be assigned to a variables.</doc>
<status status="PASS" start="2024-05-02T18:18:30.477273" elapsed="0.000406"/>
</kw>
<kw name="Create List" owner="BuiltIn">
<msg time="2024-05-02T18:18:30.478567" level="INFO">${list_country} = ['AD', 'AE', 'AF', 'AG', 'AI', 'AL', 'AM', 'AO', 'AQ', 'AR', 'AS', 'AT', 'AU', 'AW', 'AX', 'AZ', 'BA', 'BB', 'BD', 'BE', 'BF', 'BG', 'BH', 'BI', 'BJ', 'BL', 'BM', 'BN', 'BO', 'BQ', 'BR', 'BS', 'BT', '...</msg>
<var>${list_country}</var>
<arg>AD</arg>
<arg>AE</arg>
<arg>AF</arg>
<arg>AG</arg>
<arg>AI</arg>
<arg>AL</arg>
<arg>AM</arg>
<arg>AO</arg>
<arg>AQ</arg>
<arg>AR</arg>
<arg>AS</arg>
<arg>AT</arg>
<arg>AU</arg>
<arg>AW</arg>
<arg>AX</arg>
<arg>AZ</arg>
<arg>BA</arg>
<arg>BB</arg>
<arg>BD</arg>
<arg>BE</arg>
<arg>BF</arg>
<arg>BG</arg>
<arg>BH</arg>
<arg>BI</arg>
<arg>BJ</arg>
<arg>BL</arg>
<arg>BM</arg>
<arg>BN</arg>
<arg>BO</arg>
<arg>BQ</arg>
<arg>BR</arg>
<arg>BS</arg>
<arg>BT</arg>
<arg>BV</arg>
<arg>BW</arg>
<arg>BY</arg>
<arg>BZ</arg>
<arg>CA</arg>
<arg>CC</arg>
<arg>CD</arg>
<arg>CF</arg>
<arg>CG</arg>
<arg>CH</arg>
<arg>CI</arg>
<arg>CK</arg>
<arg>CL</arg>
<arg>CM</arg>
<arg>CN</arg>
<arg>CO</arg>
<arg>CR</arg>
<arg>CU</arg>
<arg>CV</arg>
<arg>CW</arg>
<arg>CX</arg>
<arg>CY</arg>
<arg>CZ</arg>
<arg>DE</arg>
<arg>DJ</arg>
<arg>DK</arg>
<arg>DM</arg>
<arg>DO</arg>
<arg>DZ</arg>
<arg>EC</arg>
<arg>EE</arg>
<arg>EG</arg>
<arg>EH</arg>
<arg>ER</arg>
<arg>ES</arg>
<arg>ET</arg>
<arg>FI</arg>
<arg>FJ</arg>
<arg>FK</arg>
<arg>FM</arg>
<arg>FO</arg>
<arg>FR</arg>
<arg>GA</arg>
<arg>GB</arg>
<arg>GD</arg>
<arg>GE</arg>
<arg>GF</arg>
<arg>GG</arg>
<arg>GH</arg>
<arg>GI</arg>
<arg>GL</arg>
<arg>GM</arg>
<arg>GN</arg>
<arg>GP</arg>
<arg>GQ</arg>
<arg>GR</arg>
<arg>GS</arg>
<arg>GT</arg>
<arg>GU</arg>
<arg>GW</arg>
<arg>GY</arg>
<arg>HK</arg>
<arg>HM</arg>
<arg>HN</arg>
<arg>HR</arg>
<arg>HT</arg>
<arg>HU</arg>
<arg>ID</arg>
<arg>IE</arg>
<arg>IL</arg>
<arg>IM</arg>
<arg>IN</arg>
<arg>IO</arg>
<arg>IQ</arg>
<arg>IR</arg>
<arg>IS</arg>
<arg>IT</arg>
<arg>JE</arg>
<arg>JM</arg>
<arg>JO</arg>
<arg>JP</arg>
<arg>KE</arg>
<arg>KG</arg>
<arg>KH</arg>
<arg>KI</arg>
<arg>KM</arg>
<arg>KN</arg>
<arg>KP</arg>
<arg>KR</arg>
<arg>KW</arg>
<arg>KY</arg>
<arg>KZ</arg>
<arg>LA</arg>
<arg>LB</arg>
<arg>LC</arg>
<arg>LI</arg>
<arg>LK</arg>
<arg>LR</arg>
<arg>LS</arg>
<arg>LT</arg>
<arg>LU</arg>
<arg>LV</arg>
<arg>LY</arg>
<arg>MA</arg>
<arg>MC</arg>
<arg>MD</arg>
<arg>ME</arg>
<arg>MF</arg>
<arg>MG</arg>
<arg>MH</arg>
<arg>MK</arg>
<arg>ML</arg>
<arg>MM</arg>
<arg>MN</arg>
<arg>MO</arg>
<arg>MP</arg>
<arg>MQ</arg>
<arg>MR</arg>
<arg>MS</arg>
<arg>MT</arg>
<arg>MU</arg>
<arg>MV</arg>
<arg>MW</arg>
<arg>MX</arg>
<arg>MY</arg>
<arg>MZ</arg>
<arg>NA</arg>
<arg>NC</arg>
<arg>NE</arg>
<arg>NF</arg>
<arg>NG</arg>
<arg>NI</arg>
<arg>NL</arg>
<arg>NO</arg>
<arg>NP</arg>
<arg>NR</arg>
<arg>NU</arg>
<arg>NZ</arg>
<arg>OM</arg>
<arg>PA</arg>
<arg>PE</arg>
<arg>PF</arg>
<arg>PG</arg>
<arg>PH</arg>
<arg>PK</arg>
<arg>PL</arg>
<arg>PM</arg>
<arg>PN</arg>
<arg>PR</arg>
<arg>PS</arg>
<arg>PT</arg>
<arg>PW</arg>
<arg>PY</arg>
<arg>QA</arg>
<arg>RE</arg>
<arg>RO</arg>
<arg>RS</arg>
<arg>RU</arg>
<arg>RW</arg>
<arg>SA</arg>
<arg>SB</arg>
<arg>SC</arg>
<arg>SD</arg>
<arg>SE</arg>
<arg>SG</arg>
<arg>SH</arg>
<arg>SI</arg>
<arg>SJ</arg>
<arg>SK</arg>
<arg>SL</arg>
<arg>SM</arg>
<arg>SN</arg>
<arg>SO</arg>
<arg>SR</arg>
<arg>SS</arg>
<arg>ST</arg>
<arg>SV</arg>
<arg>SX</arg>
<arg>SY</arg>
<arg>SZ</arg>
<arg>TC</arg>
<arg>TD</arg>
<arg>TF</arg>
<arg>TG</arg>
<arg>TH</arg>
<arg>TJ</arg>
<arg>TK</arg>
<arg>TL</arg>
<arg>TM</arg>
<arg>TN</arg>
<arg>TO</arg>
<arg>TR</arg>
<arg>TT</arg>
<arg>TV</arg>
<arg>TW</arg>
<arg>TZ</arg>
<arg>UA</arg>
<arg>UG</arg>
<arg>UM</arg>
<arg>US</arg>
<arg>UY</arg>
<arg>UZ</arg>
<arg>VA</arg>
<arg>VC</arg>
<arg>VE</arg>
<arg>VG</arg>
<arg>VI</arg>
<arg>VN</arg>
<arg>VU</arg>
<arg>WF</arg>
<arg>WS</arg>
<arg>XK</arg>
<arg>YE</arg>
<arg>YT</arg>
<arg>ZA</arg>
<arg>ZM</arg>
<arg>ZW</arg>
<doc>Returns a list containing given items.</doc>
<status status="PASS" start="2024-05-02T18:18:30.477979" elapsed="0.000614"/>
</kw>
<kw name="List Should Contain Value" owner="Collections">
<msg time="2024-05-02T18:18:30.479620" level="INFO">False</msg>
<arg>${list_country}</arg>
<arg>${name_country}</arg>
<doc>Fails if the ``value`` is not found from ``list``.</doc>
<status status="PASS" start="2024-05-02T18:18:30.479416" elapsed="0.000241"/>
</kw>
<kw name="Run Keyword If" owner="BuiltIn">
<kw name="Should Be True" owner="BuiltIn">
<arg>${True}</arg>
<doc>Fails if the given condition is not true.</doc>
<status status="PASS" start="2024-05-02T18:18:30.480723" elapsed="0.000143"/>
</kw>
<arg>${json_data["results"][0]["location"]["coordinates"]["latitude"]} &gt;= -90 and ${json_data["results"][0]["location"]["coordinates"]["latitude"]} &lt;= 90</arg>
<arg>Should Be True</arg>
<arg>${True}</arg>
<doc>Runs the given keyword with the given arguments, if ``condition`` is true.</doc>
<status status="PASS" start="2024-05-02T18:18:30.479971" elapsed="0.001022"/>
</kw>
<kw name="Run Keyword If" owner="BuiltIn">
<kw name="Should Be True" owner="BuiltIn">
<arg>${True}</arg>
<doc>Fails if the given condition is not true.</doc>
<status status="PASS" start="2024-05-02T18:18:30.481885" elapsed="0.000243"/>
</kw>
<arg>${json_data["results"][0]["location"]["coordinates"]["longitude"]} &gt;= -180 and ${json_data["results"][0]["location"]["coordinates"]["longitude"]} &lt;= 180</arg>
<arg>Should Be True</arg>
<arg>${True}</arg>
<doc>Runs the given keyword with the given arguments, if ``condition`` is true.</doc>
<status status="PASS" start="2024-05-02T18:18:30.481185" elapsed="0.001069"/>
</kw>
<status status="PASS" start="2024-05-02T18:18:30.405423" elapsed="0.076960"/>
</kw>
<doc>Testa o conteúdo específico dos campos retornados pela API.</doc>
<tag>testeConteudo</tag>
<status status="PASS" start="2024-05-02T18:18:30.404889" elapsed="0.077640"/>
</test>
<status status="PASS" start="2024-05-02T18:18:29.694326" elapsed="0.790264"/>
</suite>
<status status="PASS" start="2024-05-02T18:18:29.680900" elapsed="0.808875"/>
</suite>
<statistics>
<total>
<stat pass="5" fail="0" skip="0">All Tests</stat>
</total>
<tag>
<stat pass="1" fail="0" skip="0">testeConteudo</stat>
<stat pass="1" fail="0" skip="0">testeEstruturaResposta</stat>
<stat pass="1" fail="0" skip="0">testeRequisicaoBasica</stat>
<stat pass="1" fail="0" skip="0">testeTiposDados</stat>
</tag>
<suite>
<stat pass="5" fail="0" skip="0" id="s1" name="Tests">Tests</stat>
<stat pass="5" fail="0" skip="0" id="s1-s1" name="Random-User-Test">Tests.Random-User-Test</stat>
</suite>
</statistics>
<errors>
</errors>
</robot>
