<?xml version="1.0" encoding="UTF-8"?>
<robot generator="Robot 7.0 (Python 3.12.2 on linux)" generated="2024-04-03T21:12:47.508887" rpa="false" schemaversion="5">
<suite id="s1" name="Tests" source="/home/runner/work/DesafioQAItauRogerioJordao/DesafioQAItauRogerioJordao/RamdonUser/tests">
<suite id="s1-s1" name="Random-User-Test" source="/home/runner/work/DesafioQAItauRogerioJordao/DesafioQAItauRogerioJordao/RamdonUser/tests/random-user-test.robot">
<test id="s1-s1-t1" name="Conectar" line="13">
<kw name="Conectar API" owner="random-user-service">
<kw name="Create Session" owner="RequestsLibrary">
<msg time="2024-04-03T21:12:47.863478" level="INFO">Creating Session using : alias=consultarAPI, url=https://randomuser.me/, headers={},                     cookies={}, auth=None, timeout=None, proxies=None, verify=False,                     debug=0 </msg>
<arg>consultarAPI</arg>
<arg>${URL}</arg>
<doc>Create Session: create a HTTP session to a server</doc>
<status status="PASS" start="2024-04-03T21:12:47.863283" elapsed="0.000367"/>
</kw>
<status status="PASS" start="2024-04-03T21:12:47.862301" elapsed="0.001703"/>
</kw>
<status status="PASS" start="2024-04-03T21:12:47.861703" elapsed="0.002504"/>
</test>
<test id="s1-s1-t2" name="Validar retorno 200 e JSON Válido" line="16">
<kw name="Teste de Requisicao Basica" owner="random-user-service">
<kw name="GET On Session" owner="RequestsLibrary">
<msg time="2024-04-03T21:12:48.084462" level="INFO">GET Request : url=https://randomuser.me/api 
 path_url=/api 
 headers={'User-Agent': 'python-requests/2.31.0', 'Accept-Encoding': 'gzip, deflate', 'Accept': '*/*', 'Connection': 'keep-alive'} 
 body=None 
 </msg>
<msg time="2024-04-03T21:12:48.084619" level="INFO">GET Response : url=https://randomuser.me/api 
 status=200, reason=OK 
 headers={'Date': 'Wed, 03 Apr 2024 21:12:48 GMT', 'Content-Type': 'application/json; charset=utf-8', 'Transfer-Encoding': 'chunked', 'Connection': 'keep-alive', 'X-Powered-By': 'Express', 'Access-Control-Allow-Origin': '*', 'Cache-Control': 'no-cache', 'ETag': 'W/"4aa-ealMRSaZQ34I/P7gjMnMUyD88TU"', 'Vary': 'Accept-Encoding', 'Content-Encoding': 'gzip', 'CF-Cache-Status': 'DYNAMIC', 'Report-To': '{"endpoints":[{"url":"https:\\/\\/a.nel.cloudflare.com\\/report\\/v4?s=xga4H6%2FJuyG%2B8yR218TGGdo2XABPSVLl9P%2Fs3wRTUNXu8qW7VABsn13tAUXpU2PeeHuUqhzaOGl01baqlfHd1rHCzawTblHkuWyORWSPe24hJa6z0Hvqud1Okm6bicm%2B"}],"group":"cf-nel","max_age":604800}', 'NEL': '{"success_fraction":0,"report_to":"cf-nel","max_age":604800}', 'Server': 'cloudflare', 'CF-RAY': '86ec0f1429a269ff-IAD', 'alt-svc': 'h3=":443"; ma=86400'} 
 body={"results":[{"gender":"female","name":{"title":"Ms","first":"Bonnie","last":"Mitchell"},"location":{"street":{"number":2405,"name":"Avondale Ave"},"city":"Lewisville","state":"Georgia","country":"United States","postcode":34350,"coordinates":{"latitude":"86.2397","longitude":"177.8978"},"timezone":{"offset":"-6:00","description":"Central Time (US &amp; Canada), Mexico City"}},"email":"bonnie.mitchell@example.com","login":{"uuid":"29a33073-4fdf-44da-8181-4fc2b7a4a13a","username":"beautifulfish954","password":"limited","salt":"0Y8qZNae","md5":"303fa09477ff3666512d55f727500181","sha1":"b42aec7589e54de1cf3b3ce1d7764495f44ee8c4","sha256":"2360573565433c9cb07a3300ce1516019a988c4509de930885e36849a2f506cd"},"dob":{"date":"1987-12-31T11:30:00.535Z","age":36},"registered":{"date":"2005-02-28T21:40:50.656Z","age":19},"phone":"(562) 702-6486","cell":"(328) 815-1351","id":{"name":"SSN","value":"662-05-9591"},"picture":{"large":"https://randomuser.me/api/portraits/women/67.jpg","medium":"https://randomuser.me/api/portraits/med/women/67.jpg","thumbnail":"https://randomuser.me/api/portraits/thumb/women/67.jpg"},"nat":"US"}],"info":{"seed":"9994c62252765963","results":1,"page":1,"version":"1.4"}} 
 </msg>
<msg time="2024-04-03T21:12:48.084732" level="INFO">/opt/hostedtoolcache/Python/3.12.2/x64/lib/python3.12/site-packages/urllib3/connectionpool.py:1103: InsecureRequestWarning: Unverified HTTPS request is being made to host 'randomuser.me'. Adding certificate verification is strongly advised. See: https://urllib3.readthedocs.io/en/latest/advanced-usage.html#tls-warnings
  warnings.warn(</msg>
<msg time="2024-04-03T21:12:48.084896" level="INFO">${response} = &lt;Response [200]&gt;</msg>
<var>${response}</var>
<arg>consultarAPI</arg>
<arg>/api</arg>
<doc>Sends a GET request on a previously created HTTP Session.</doc>
<status status="PASS" start="2024-04-03T21:12:47.866867" elapsed="0.218069"/>
</kw>
<kw name="Should Be Equal As Numbers" owner="BuiltIn">
<msg time="2024-04-03T21:12:48.085877" level="INFO">Argument types are:
&lt;class 'int'&gt;
&lt;class 'str'&gt;</msg>
<arg>${response.status_code}</arg>
<arg>200</arg>
<doc>Fails if objects are unequal after converting them to real numbers.</doc>
<status status="PASS" start="2024-04-03T21:12:48.085428" elapsed="0.000515"/>
</kw>
<kw name="Log" owner="BuiltIn">
<msg time="2024-04-03T21:12:48.086635" level="INFO">200</msg>
<arg>${response.status_code}</arg>
<doc>Logs the given message with the given level.</doc>
<status status="PASS" start="2024-04-03T21:12:48.086268" elapsed="0.000411"/>
</kw>
<kw name="Set Variable" owner="BuiltIn">
<msg time="2024-04-03T21:12:48.087463" level="INFO">${json_data} = {'results': [{'gender': 'female', 'name': {'title': 'Ms', 'first': 'Bonnie', 'last': 'Mitchell'}, 'location': {'street': {'number': 2405, 'name': 'Avondale Ave'}, 'city': 'Lewisville', 'state': 'Georg...</msg>
<var>${json_data}</var>
<arg>${response.json()}</arg>
<doc>Returns the given values which can then be assigned to a variables.</doc>
<status status="PASS" start="2024-04-03T21:12:48.087011" elapsed="0.000480"/>
</kw>
<kw name="Dictionary Should Contain Key" owner="Collections">
<msg time="2024-04-03T21:12:48.087965" level="INFO">False</msg>
<arg>${json_data}</arg>
<arg>results</arg>
<doc>Fails if ``key`` is not found from ``dictionary``.</doc>
<status status="PASS" start="2024-04-03T21:12:48.087797" elapsed="0.000207"/>
</kw>
<status status="PASS" start="2024-04-03T21:12:47.866620" elapsed="0.221655"/>
</kw>
<doc>Testa se a API responde corretamente e retorna um objeto JSON válido.</doc>
<tag>testeRequisicaoBasica</tag>
<status status="PASS" start="2024-04-03T21:12:47.866063" elapsed="0.222400"/>
</test>
<test id="s1-s1-t3" name="Validar estrutura de resposta" line="22">
<kw name="Teste de Estrutura de Resposta" owner="random-user-service">
<kw name="GET On Session" owner="RequestsLibrary">
<msg time="2024-04-03T21:12:48.180831" level="INFO">GET Request : url=https://randomuser.me/api 
 path_url=/api 
 headers={'User-Agent': 'python-requests/2.31.0', 'Accept-Encoding': 'gzip, deflate', 'Accept': '*/*', 'Connection': 'keep-alive'} 
 body=None 
 </msg>
<msg time="2024-04-03T21:12:48.180897" level="INFO">GET Response : url=https://randomuser.me/api 
 status=200, reason=OK 
 headers={'Date': 'Wed, 03 Apr 2024 21:12:48 GMT', 'Content-Type': 'application/json; charset=utf-8', 'Transfer-Encoding': 'chunked', 'Connection': 'keep-alive', 'X-Powered-By': 'Express', 'Access-Control-Allow-Origin': '*', 'Cache-Control': 'no-cache', 'ETag': 'W/"499-aIBS/1Ttijf7fN0zcZjBNLy9bNY"', 'Vary': 'Accept-Encoding', 'Content-Encoding': 'gzip', 'CF-Cache-Status': 'DYNAMIC', 'Report-To': '{"endpoints":[{"url":"https:\\/\\/a.nel.cloudflare.com\\/report\\/v4?s=s4XGZWl5BekDruXGvoz8xrN3wpWgYvjkVsjBPz9Fo4t%2FW8BxMowY6HZEb78mNL9JEesG2OS6m1MviVecynt52Tj4XjUELN25TWNzNja1HOeDv5hp2QpLjw5O37BWI6%2Bb"}],"group":"cf-nel","max_age":604800}', 'NEL': '{"success_fraction":0,"report_to":"cf-nel","max_age":604800}', 'Server': 'cloudflare', 'CF-RAY': '86ec0f149a5a69ff-IAD', 'alt-svc': 'h3=":443"; ma=86400'} 
 body={"results":[{"gender":"male","name":{"title":"Mr","first":"Óliver","last":"Burgos"},"location":{"street":{"number":4586,"name":"Peatonal San Marino"},"city":"Cihuatlán","state":"Hidalgo","country":"Mexico","postcode":99074,"coordinates":{"latitude":"22.4271","longitude":"-126.7275"},"timezone":{"offset":"-4:00","description":"Atlantic Time (Canada), Caracas, La Paz"}},"email":"oliver.burgos@example.com","login":{"uuid":"b147c26f-89c9-4a13-8c12-7c707d35318f","username":"bigdog505","password":"rovers","salt":"HMVLNhnU","md5":"ad97879e968f6b6bf7837da277d9cbad","sha1":"b5aaae38cd2c9a06fe1bd1e3aa4e070a1be4a2c5","sha256":"73b4e28541c4cdbafeaf318ae91ec0576faeaf051a42afc181c0931da13e148e"},"dob":{"date":"1990-04-09T16:43:23.403Z","age":33},"registered":{"date":"2011-08-02T20:30:59.925Z","age":12},"phone":"(648) 232 0597","cell":"(666) 545 4292","id":{"name":"NSS","value":"58 59 35 5770 5"},"picture":{"large":"https://randomuser.me/api/portraits/men/4.jpg","medium":"https://randomuser.me/api/portraits/med/men/4.jpg","thumbnail":"https://randomuser.me/api/portraits/thumb/men/4.jpg"},"nat":"MX"}],"info":{"seed":"f65fd32b1cf13919","results":1,"page":1,"version":"1.4"}} 
 </msg>
<msg time="2024-04-03T21:12:48.181001" level="INFO">/opt/hostedtoolcache/Python/3.12.2/x64/lib/python3.12/site-packages/urllib3/connectionpool.py:1103: InsecureRequestWarning: Unverified HTTPS request is being made to host 'randomuser.me'. Adding certificate verification is strongly advised. See: https://urllib3.readthedocs.io/en/latest/advanced-usage.html#tls-warnings
  warnings.warn(</msg>
<msg time="2024-04-03T21:12:48.181091" level="INFO">${response} = &lt;Response [200]&gt;</msg>
<var>${response}</var>
<arg>consultarAPI</arg>
<arg>/api</arg>
<doc>Sends a GET request on a previously created HTTP Session.</doc>
<status status="PASS" start="2024-04-03T21:12:48.091215" elapsed="0.089903"/>
</kw>
<kw name="Set Variable" owner="BuiltIn">
<msg time="2024-04-03T21:12:48.181950" level="INFO">${json_data} = {'results': [{'gender': 'male', 'name': {'title': 'Mr', 'first': 'Óliver', 'last': 'Burgos'}, 'location': {'street': {'number': 4586, 'name': 'Peatonal San Marino'}, 'city': 'Cihuatlán', 'state': 'Hid...</msg>
<var>${json_data}</var>
<arg>${response.json()}</arg>
<doc>Returns the given values which can then be assigned to a variables.</doc>
<status status="PASS" start="2024-04-03T21:12:48.181500" elapsed="0.000479"/>
</kw>
<kw name="Log" owner="BuiltIn">
<msg time="2024-04-03T21:12:48.182440" level="INFO">{'results': [{'gender': 'male', 'name': {'title': 'Mr', 'first': 'Óliver', 'last': 'Burgos'}, 'location': {'street': {'number': 4586, 'name': 'Peatonal San Marino'}, 'city': 'Cihuatlán', 'state': 'Hidalgo', 'country': 'Mexico', 'postcode': 99074, 'coordinates': {'latitude': '22.4271', 'longitude': '-126.7275'}, 'timezone': {'offset': '-4:00', 'description': 'Atlantic Time (Canada), Caracas, La Paz'}}, 'email': 'oliver.burgos@example.com', 'login': {'uuid': 'b147c26f-89c9-4a13-8c12-7c707d35318f', 'username': 'bigdog505', 'password': 'rovers', 'salt': 'HMVLNhnU', 'md5': 'ad97879e968f6b6bf7837da277d9cbad', 'sha1': 'b5aaae38cd2c9a06fe1bd1e3aa4e070a1be4a2c5', 'sha256': '73b4e28541c4cdbafeaf318ae91ec0576faeaf051a42afc181c0931da13e148e'}, 'dob': {'date': '1990-04-09T16:43:23.403Z', 'age': 33}, 'registered': {'date': '2011-08-02T20:30:59.925Z', 'age': 12}, 'phone': '(648) 232 0597', 'cell': '(666) 545 4292', 'id': {'name': 'NSS', 'value': '58 59 35 5770 5'}, 'picture': {'large': 'https://randomuser.me/api/portraits/men/4.jpg', 'medium': 'https://randomuser.me/api/portraits/med/men/4.jpg', 'thumbnail': 'https://randomuser.me/api/portraits/thumb/men/4.jpg'}, 'nat': 'MX'}], 'info': {'seed': 'f65fd32b1cf13919', 'results': 1, 'page': 1, 'version': '1.4'}}</msg>
<arg>${json_data}</arg>
<doc>Logs the given message with the given level.</doc>
<status status="PASS" start="2024-04-03T21:12:48.182281" elapsed="0.000208"/>
</kw>
<kw name="Dictionary Should Contain Key" owner="Collections">
<msg time="2024-04-03T21:12:48.182939" level="INFO">False</msg>
<arg>${json_data}</arg>
<arg>results</arg>
<doc>Fails if ``key`` is not found from ``dictionary``.</doc>
<status status="PASS" start="2024-04-03T21:12:48.182785" elapsed="0.000191"/>
</kw>
<kw name="Should Not Be Empty" owner="BuiltIn">
<msg time="2024-04-03T21:12:48.183412" level="INFO">Length is 2.</msg>
<arg>${json_data}</arg>
<doc>Verifies that the given item is not empty.</doc>
<status status="PASS" start="2024-04-03T21:12:48.183276" elapsed="0.000175"/>
</kw>
<kw name="Create List" owner="BuiltIn">
<msg time="2024-04-03T21:12:48.183892" level="INFO">${expected_keys} = ['gender', 'name', 'location', 'email', 'login']</msg>
<var>${expected_keys}</var>
<arg>gender</arg>
<arg>name</arg>
<arg>location</arg>
<arg>email</arg>
<arg>login</arg>
<doc>Returns a list containing given items.</doc>
<status status="PASS" start="2024-04-03T21:12:48.183742" elapsed="0.000176"/>
</kw>
<for flavor="IN">
<iter>
<kw name="Dictionary Should Contain Key" owner="Collections">
<msg time="2024-04-03T21:12:48.184923" level="INFO">False</msg>
<arg>${json_data['results'][0]}</arg>
<arg>${key}</arg>
<doc>Fails if ``key`` is not found from ``dictionary``.</doc>
<status status="PASS" start="2024-04-03T21:12:48.184489" elapsed="0.000473"/>
</kw>
<kw name="Log" owner="BuiltIn">
<msg time="2024-04-03T21:12:48.185675" level="INFO">{'gender': 'male', 'name': {'title': 'Mr', 'first': 'Óliver', 'last': 'Burgos'}, 'location': {'street': {'number': 4586, 'name': 'Peatonal San Marino'}, 'city': 'Cihuatlán', 'state': 'Hidalgo', 'country': 'Mexico', 'postcode': 99074, 'coordinates': {'latitude': '22.4271', 'longitude': '-126.7275'}, 'timezone': {'offset': '-4:00', 'description': 'Atlantic Time (Canada), Caracas, La Paz'}}, 'email': 'oliver.burgos@example.com', 'login': {'uuid': 'b147c26f-89c9-4a13-8c12-7c707d35318f', 'username': 'bigdog505', 'password': 'rovers', 'salt': 'HMVLNhnU', 'md5': 'ad97879e968f6b6bf7837da277d9cbad', 'sha1': 'b5aaae38cd2c9a06fe1bd1e3aa4e070a1be4a2c5', 'sha256': '73b4e28541c4cdbafeaf318ae91ec0576faeaf051a42afc181c0931da13e148e'}, 'dob': {'date': '1990-04-09T16:43:23.403Z', 'age': 33}, 'registered': {'date': '2011-08-02T20:30:59.925Z', 'age': 12}, 'phone': '(648) 232 0597', 'cell': '(666) 545 4292', 'id': {'name': 'NSS', 'value': '58 59 35 5770 5'}, 'picture': {'large': 'https://randomuser.me/api/portraits/men/4.jpg', 'medium': 'https://randomuser.me/api/portraits/med/men/4.jpg', 'thumbnail': 'https://randomuser.me/api/portraits/thumb/men/4.jpg'}, 'nat': 'MX'}</msg>
<arg>${json_data['results'][0]}</arg>
<doc>Logs the given message with the given level.</doc>
<status status="PASS" start="2024-04-03T21:12:48.185269" elapsed="0.000460"/>
</kw>
<kw name="Log" owner="BuiltIn">
<msg time="2024-04-03T21:12:48.186177" level="INFO">gender</msg>
<arg>${key}</arg>
<doc>Logs the given message with the given level.</doc>
<status status="PASS" start="2024-04-03T21:12:48.186038" elapsed="0.000177"/>
</kw>
<var name="${key}">gender</var>
<status status="PASS" start="2024-04-03T21:12:48.184366" elapsed="0.002069"/>
</iter>
<iter>
<kw name="Dictionary Should Contain Key" owner="Collections">
<msg time="2024-04-03T21:12:48.187120" level="INFO">False</msg>
<arg>${json_data['results'][0]}</arg>
<arg>${key}</arg>
<doc>Fails if ``key`` is not found from ``dictionary``.</doc>
<status status="PASS" start="2024-04-03T21:12:48.186734" elapsed="0.000423"/>
</kw>
<kw name="Log" owner="BuiltIn">
<msg time="2024-04-03T21:12:48.187851" level="INFO">{'gender': 'male', 'name': {'title': 'Mr', 'first': 'Óliver', 'last': 'Burgos'}, 'location': {'street': {'number': 4586, 'name': 'Peatonal San Marino'}, 'city': 'Cihuatlán', 'state': 'Hidalgo', 'country': 'Mexico', 'postcode': 99074, 'coordinates': {'latitude': '22.4271', 'longitude': '-126.7275'}, 'timezone': {'offset': '-4:00', 'description': 'Atlantic Time (Canada), Caracas, La Paz'}}, 'email': 'oliver.burgos@example.com', 'login': {'uuid': 'b147c26f-89c9-4a13-8c12-7c707d35318f', 'username': 'bigdog505', 'password': 'rovers', 'salt': 'HMVLNhnU', 'md5': 'ad97879e968f6b6bf7837da277d9cbad', 'sha1': 'b5aaae38cd2c9a06fe1bd1e3aa4e070a1be4a2c5', 'sha256': '73b4e28541c4cdbafeaf318ae91ec0576faeaf051a42afc181c0931da13e148e'}, 'dob': {'date': '1990-04-09T16:43:23.403Z', 'age': 33}, 'registered': {'date': '2011-08-02T20:30:59.925Z', 'age': 12}, 'phone': '(648) 232 0597', 'cell': '(666) 545 4292', 'id': {'name': 'NSS', 'value': '58 59 35 5770 5'}, 'picture': {'large': 'https://randomuser.me/api/portraits/men/4.jpg', 'medium': 'https://randomuser.me/api/portraits/med/men/4.jpg', 'thumbnail': 'https://randomuser.me/api/portraits/thumb/men/4.jpg'}, 'nat': 'MX'}</msg>
<arg>${json_data['results'][0]}</arg>
<doc>Logs the given message with the given level.</doc>
<status status="PASS" start="2024-04-03T21:12:48.187487" elapsed="0.000413"/>
</kw>
<kw name="Log" owner="BuiltIn">
<msg time="2024-04-03T21:12:48.188323" level="INFO">name</msg>
<arg>${key}</arg>
<doc>Logs the given message with the given level.</doc>
<status status="PASS" start="2024-04-03T21:12:48.188197" elapsed="0.000163"/>
</kw>
<var name="${key}">name</var>
<status status="PASS" start="2024-04-03T21:12:48.186619" elapsed="0.001954"/>
</iter>
<iter>
<kw name="Dictionary Should Contain Key" owner="Collections">
<msg time="2024-04-03T21:12:48.189259" level="INFO">False</msg>
<arg>${json_data['results'][0]}</arg>
<arg>${key}</arg>
<doc>Fails if ``key`` is not found from ``dictionary``.</doc>
<status status="PASS" start="2024-04-03T21:12:48.188881" elapsed="0.000415"/>
</kw>
<kw name="Log" owner="BuiltIn">
<msg time="2024-04-03T21:12:48.189956" level="INFO">{'gender': 'male', 'name': {'title': 'Mr', 'first': 'Óliver', 'last': 'Burgos'}, 'location': {'street': {'number': 4586, 'name': 'Peatonal San Marino'}, 'city': 'Cihuatlán', 'state': 'Hidalgo', 'country': 'Mexico', 'postcode': 99074, 'coordinates': {'latitude': '22.4271', 'longitude': '-126.7275'}, 'timezone': {'offset': '-4:00', 'description': 'Atlantic Time (Canada), Caracas, La Paz'}}, 'email': 'oliver.burgos@example.com', 'login': {'uuid': 'b147c26f-89c9-4a13-8c12-7c707d35318f', 'username': 'bigdog505', 'password': 'rovers', 'salt': 'HMVLNhnU', 'md5': 'ad97879e968f6b6bf7837da277d9cbad', 'sha1': 'b5aaae38cd2c9a06fe1bd1e3aa4e070a1be4a2c5', 'sha256': '73b4e28541c4cdbafeaf318ae91ec0576faeaf051a42afc181c0931da13e148e'}, 'dob': {'date': '1990-04-09T16:43:23.403Z', 'age': 33}, 'registered': {'date': '2011-08-02T20:30:59.925Z', 'age': 12}, 'phone': '(648) 232 0597', 'cell': '(666) 545 4292', 'id': {'name': 'NSS', 'value': '58 59 35 5770 5'}, 'picture': {'large': 'https://randomuser.me/api/portraits/men/4.jpg', 'medium': 'https://randomuser.me/api/portraits/med/men/4.jpg', 'thumbnail': 'https://randomuser.me/api/portraits/thumb/men/4.jpg'}, 'nat': 'MX'}</msg>
<arg>${json_data['results'][0]}</arg>
<doc>Logs the given message with the given level.</doc>
<status status="PASS" start="2024-04-03T21:12:48.189595" elapsed="0.000417"/>
</kw>
<kw name="Log" owner="BuiltIn">
<msg time="2024-04-03T21:12:48.190461" level="INFO">location</msg>
<arg>${key}</arg>
<doc>Logs the given message with the given level.</doc>
<status status="PASS" start="2024-04-03T21:12:48.190309" elapsed="0.000210"/>
</kw>
<var name="${key}">location</var>
<status status="PASS" start="2024-04-03T21:12:48.188749" elapsed="0.002013"/>
</iter>
<iter>
<kw name="Dictionary Should Contain Key" owner="Collections">
<msg time="2024-04-03T21:12:48.191430" level="INFO">False</msg>
<arg>${json_data['results'][0]}</arg>
<arg>${key}</arg>
<doc>Fails if ``key`` is not found from ``dictionary``.</doc>
<status status="PASS" start="2024-04-03T21:12:48.191045" elapsed="0.000425"/>
</kw>
<kw name="Log" owner="BuiltIn">
<msg time="2024-04-03T21:12:48.192134" level="INFO">{'gender': 'male', 'name': {'title': 'Mr', 'first': 'Óliver', 'last': 'Burgos'}, 'location': {'street': {'number': 4586, 'name': 'Peatonal San Marino'}, 'city': 'Cihuatlán', 'state': 'Hidalgo', 'country': 'Mexico', 'postcode': 99074, 'coordinates': {'latitude': '22.4271', 'longitude': '-126.7275'}, 'timezone': {'offset': '-4:00', 'description': 'Atlantic Time (Canada), Caracas, La Paz'}}, 'email': 'oliver.burgos@example.com', 'login': {'uuid': 'b147c26f-89c9-4a13-8c12-7c707d35318f', 'username': 'bigdog505', 'password': 'rovers', 'salt': 'HMVLNhnU', 'md5': 'ad97879e968f6b6bf7837da277d9cbad', 'sha1': 'b5aaae38cd2c9a06fe1bd1e3aa4e070a1be4a2c5', 'sha256': '73b4e28541c4cdbafeaf318ae91ec0576faeaf051a42afc181c0931da13e148e'}, 'dob': {'date': '1990-04-09T16:43:23.403Z', 'age': 33}, 'registered': {'date': '2011-08-02T20:30:59.925Z', 'age': 12}, 'phone': '(648) 232 0597', 'cell': '(666) 545 4292', 'id': {'name': 'NSS', 'value': '58 59 35 5770 5'}, 'picture': {'large': 'https://randomuser.me/api/portraits/men/4.jpg', 'medium': 'https://randomuser.me/api/portraits/med/men/4.jpg', 'thumbnail': 'https://randomuser.me/api/portraits/thumb/men/4.jpg'}, 'nat': 'MX'}</msg>
<arg>${json_data['results'][0]}</arg>
<doc>Logs the given message with the given level.</doc>
<status status="PASS" start="2024-04-03T21:12:48.191774" elapsed="0.000409"/>
</kw>
<kw name="Log" owner="BuiltIn">
<msg time="2024-04-03T21:12:48.192605" level="INFO">email</msg>
<arg>${key}</arg>
<doc>Logs the given message with the given level.</doc>
<status status="PASS" start="2024-04-03T21:12:48.192478" elapsed="0.000165"/>
</kw>
<var name="${key}">email</var>
<status status="PASS" start="2024-04-03T21:12:48.190934" elapsed="0.001948"/>
</iter>
<iter>
<kw name="Dictionary Should Contain Key" owner="Collections">
<msg time="2024-04-03T21:12:48.193568" level="INFO">False</msg>
<arg>${json_data['results'][0]}</arg>
<arg>${key}</arg>
<doc>Fails if ``key`` is not found from ``dictionary``.</doc>
<status status="PASS" start="2024-04-03T21:12:48.193182" elapsed="0.000424"/>
</kw>
<kw name="Log" owner="BuiltIn">
<msg time="2024-04-03T21:12:48.194268" level="INFO">{'gender': 'male', 'name': {'title': 'Mr', 'first': 'Óliver', 'last': 'Burgos'}, 'location': {'street': {'number': 4586, 'name': 'Peatonal San Marino'}, 'city': 'Cihuatlán', 'state': 'Hidalgo', 'country': 'Mexico', 'postcode': 99074, 'coordinates': {'latitude': '22.4271', 'longitude': '-126.7275'}, 'timezone': {'offset': '-4:00', 'description': 'Atlantic Time (Canada), Caracas, La Paz'}}, 'email': 'oliver.burgos@example.com', 'login': {'uuid': 'b147c26f-89c9-4a13-8c12-7c707d35318f', 'username': 'bigdog505', 'password': 'rovers', 'salt': 'HMVLNhnU', 'md5': 'ad97879e968f6b6bf7837da277d9cbad', 'sha1': 'b5aaae38cd2c9a06fe1bd1e3aa4e070a1be4a2c5', 'sha256': '73b4e28541c4cdbafeaf318ae91ec0576faeaf051a42afc181c0931da13e148e'}, 'dob': {'date': '1990-04-09T16:43:23.403Z', 'age': 33}, 'registered': {'date': '2011-08-02T20:30:59.925Z', 'age': 12}, 'phone': '(648) 232 0597', 'cell': '(666) 545 4292', 'id': {'name': 'NSS', 'value': '58 59 35 5770 5'}, 'picture': {'large': 'https://randomuser.me/api/portraits/men/4.jpg', 'medium': 'https://randomuser.me/api/portraits/med/men/4.jpg', 'thumbnail': 'https://randomuser.me/api/portraits/thumb/men/4.jpg'}, 'nat': 'MX'}</msg>
<arg>${json_data['results'][0]}</arg>
<doc>Logs the given message with the given level.</doc>
<status status="PASS" start="2024-04-03T21:12:48.193899" elapsed="0.000417"/>
</kw>
<kw name="Log" owner="BuiltIn">
<msg time="2024-04-03T21:12:48.194743" level="INFO">login</msg>
<arg>${key}</arg>
<doc>Logs the given message with the given level.</doc>
<status status="PASS" start="2024-04-03T21:12:48.194610" elapsed="0.000279"/>
</kw>
<var name="${key}">login</var>
<status status="PASS" start="2024-04-03T21:12:48.193063" elapsed="0.002079"/>
</iter>
<var>${key}</var>
<value>@{expected_keys}</value>
<status status="PASS" start="2024-04-03T21:12:48.184186" elapsed="0.011084"/>
</for>
<kw name="Create List" owner="BuiltIn">
<msg time="2024-04-03T21:12:48.195606" level="INFO">${expected_keysTwo} = ['username', 'password']</msg>
<var>${expected_keysTwo}</var>
<arg>username</arg>
<arg>password</arg>
<doc>Returns a list containing given items.</doc>
<status status="PASS" start="2024-04-03T21:12:48.195466" elapsed="0.000165"/>
</kw>
<for flavor="IN">
<iter>
<kw name="Dictionary Should Contain Key" owner="Collections">
<msg time="2024-04-03T21:12:48.196517" level="INFO">False</msg>
<arg>${json_data['results'][0]['login']}</arg>
<arg>${keyTwo}</arg>
<doc>Fails if ``key`` is not found from ``dictionary``.</doc>
<status status="PASS" start="2024-04-03T21:12:48.196129" elapsed="0.000426"/>
</kw>
<kw name="Dictionary Should Contain Key" owner="Collections">
<msg time="2024-04-03T21:12:48.197274" level="INFO">False</msg>
<arg>${json_data['results'][0]['login']}</arg>
<arg>${keyTwo}</arg>
<doc>Fails if ``key`` is not found from ``dictionary``.</doc>
<status status="PASS" start="2024-04-03T21:12:48.196887" elapsed="0.000425"/>
</kw>
<kw name="Log" owner="BuiltIn">
<msg time="2024-04-03T21:12:48.197739" level="INFO">username</msg>
<arg>${keyTwo}</arg>
<doc>Logs the given message with the given level.</doc>
<status status="PASS" start="2024-04-03T21:12:48.197609" elapsed="0.000167"/>
</kw>
<var name="${keyTwo}">username</var>
<status status="PASS" start="2024-04-03T21:12:48.196020" elapsed="0.001981"/>
</iter>
<iter>
<kw name="Dictionary Should Contain Key" owner="Collections">
<msg time="2024-04-03T21:12:48.199086" level="INFO">False</msg>
<arg>${json_data['results'][0]['login']}</arg>
<arg>${keyTwo}</arg>
<doc>Fails if ``key`` is not found from ``dictionary``.</doc>
<status status="PASS" start="2024-04-03T21:12:48.198444" elapsed="0.000717"/>
</kw>
<kw name="Dictionary Should Contain Key" owner="Collections">
<msg time="2024-04-03T21:12:48.200332" level="INFO">False</msg>
<arg>${json_data['results'][0]['login']}</arg>
<arg>${keyTwo}</arg>
<doc>Fails if ``key`` is not found from ``dictionary``.</doc>
<status status="PASS" start="2024-04-03T21:12:48.199651" elapsed="0.000745"/>
</kw>
<kw name="Log" owner="BuiltIn">
<msg time="2024-04-03T21:12:48.201127" level="INFO">password</msg>
<arg>${keyTwo}</arg>
<doc>Logs the given message with the given level.</doc>
<status status="PASS" start="2024-04-03T21:12:48.200914" elapsed="0.000279"/>
</kw>
<var name="${keyTwo}">password</var>
<status status="PASS" start="2024-04-03T21:12:48.198259" elapsed="0.003298"/>
</iter>
<var>${keyTwo}</var>
<value>@{expected_keysTwo}</value>
<status status="PASS" start="2024-04-03T21:12:48.195869" elapsed="0.005903"/>
</for>
<status status="PASS" start="2024-04-03T21:12:48.090979" elapsed="0.111047"/>
</kw>
<doc>Testa a estrutura da resposta da API.</doc>
<tag>testeEstruturaResposta</tag>
<status status="PASS" start="2024-04-03T21:12:48.090322" elapsed="0.111989"/>
</test>
<test id="s1-s1-t4" name="Validar tipos de dados" line="28">
<kw name="Teste de Tipos de Dados" owner="random-user-service">
<kw name="GET On Session" owner="RequestsLibrary">
<msg time="2024-04-03T21:12:48.282148" level="INFO">GET Request : url=https://randomuser.me/api 
 path_url=/api 
 headers={'User-Agent': 'python-requests/2.31.0', 'Accept-Encoding': 'gzip, deflate', 'Accept': '*/*', 'Connection': 'keep-alive'} 
 body=None 
 </msg>
<msg time="2024-04-03T21:12:48.282243" level="INFO">GET Response : url=https://randomuser.me/api 
 status=200, reason=OK 
 headers={'Date': 'Wed, 03 Apr 2024 21:12:48 GMT', 'Content-Type': 'application/json; charset=utf-8', 'Transfer-Encoding': 'chunked', 'Connection': 'keep-alive', 'X-Powered-By': 'Express', 'Access-Control-Allow-Origin': '*', 'Cache-Control': 'no-cache', 'ETag': 'W/"46c-D84cN21qoG1owrNnSlXx+oeBWLw"', 'Vary': 'Accept-Encoding', 'Content-Encoding': 'gzip', 'CF-Cache-Status': 'DYNAMIC', 'Report-To': '{"endpoints":[{"url":"https:\\/\\/a.nel.cloudflare.com\\/report\\/v4?s=sqIKmsrEQA9vfXaO%2F466C61ZQJcJLb3jj0MCkfkfPGbrOFm0h1Ulsm%2Fsqge9lpmE3m7X%2F3Q%2FT6PAMhT5haLxkFm5bdQce8ojVQtWG32xHmOHM7%2BqfSyOyZGXC3fXieMZ"}],"group":"cf-nel","max_age":604800}', 'NEL': '{"success_fraction":0,"report_to":"cf-nel","max_age":604800}', 'Server': 'cloudflare', 'CF-RAY': '86ec0f154b1f69ff-IAD', 'alt-svc': 'h3=":443"; ma=86400'} 
 body={"results":[{"gender":"male","name":{"title":"Mr","first":"Kasper","last":"Madsen"},"location":{"street":{"number":343,"name":"Kongelundsvej"},"city":"Århus C.","state":"Nordjylland","country":"Denmark","postcode":59515,"coordinates":{"latitude":"-44.7026","longitude":"-138.5885"},"timezone":{"offset":"+4:30","description":"Kabul"}},"email":"kasper.madsen@example.com","login":{"uuid":"77a06fa8-09b6-4abd-8b49-8f47dcff91c4","username":"crazymeercat589","password":"race","salt":"dKSyNS3X","md5":"de110f46a426a1373f167ef0fdbdcdad","sha1":"2cc81dd7ff1a8941198601dcf4d405269b0fe6ff","sha256":"c11c9d69d99e58437f74e05c8b22755d679538ebdfbcc07b9deb66d7cd66b6f4"},"dob":{"date":"2001-03-16T11:52:20.849Z","age":23},"registered":{"date":"2007-09-25T05:48:31.254Z","age":16},"phone":"88996182","cell":"20806193","id":{"name":"CPR","value":"1603101-2825"},"picture":{"large":"https://randomuser.me/api/portraits/men/48.jpg","medium":"https://randomuser.me/api/portraits/med/men/48.jpg","thumbnail":"https://randomuser.me/api/portraits/thumb/men/48.jpg"},"nat":"DK"}],"info":{"seed":"855c3efe8996c842","results":1,"page":1,"version":"1.4"}} 
 </msg>
<msg time="2024-04-03T21:12:48.282314" level="INFO">/opt/hostedtoolcache/Python/3.12.2/x64/lib/python3.12/site-packages/urllib3/connectionpool.py:1103: InsecureRequestWarning: Unverified HTTPS request is being made to host 'randomuser.me'. Adding certificate verification is strongly advised. See: https://urllib3.readthedocs.io/en/latest/advanced-usage.html#tls-warnings
  warnings.warn(</msg>
<msg time="2024-04-03T21:12:48.282442" level="INFO">${response} = &lt;Response [200]&gt;</msg>
<var>${response}</var>
<arg>consultarAPI</arg>
<arg>/api</arg>
<doc>Sends a GET request on a previously created HTTP Session.</doc>
<status status="PASS" start="2024-04-03T21:12:48.206228" elapsed="0.076255"/>
</kw>
<kw name="Set Variable" owner="BuiltIn">
<msg time="2024-04-03T21:12:48.283504" level="INFO">${json_data} = {'results': [{'gender': 'male', 'name': {'title': 'Mr', 'first': 'Kasper', 'last': 'Madsen'}, 'location': {'street': {'number': 343, 'name': 'Kongelundsvej'}, 'city': 'Århus C.', 'state': 'Nordjylland...</msg>
<var>${json_data}</var>
<arg>${response.json()}</arg>
<doc>Returns the given values which can then be assigned to a variables.</doc>
<status status="PASS" start="2024-04-03T21:12:48.282976" elapsed="0.000558"/>
</kw>
<kw name="Log" owner="BuiltIn">
<msg time="2024-04-03T21:12:48.284019" level="INFO">{'results': [{'gender': 'male', 'name': {'title': 'Mr', 'first': 'Kasper', 'last': 'Madsen'}, 'location': {'street': {'number': 343, 'name': 'Kongelundsvej'}, 'city': 'Århus C.', 'state': 'Nordjylland', 'country': 'Denmark', 'postcode': 59515, 'coordinates': {'latitude': '-44.7026', 'longitude': '-138.5885'}, 'timezone': {'offset': '+4:30', 'description': 'Kabul'}}, 'email': 'kasper.madsen@example.com', 'login': {'uuid': '77a06fa8-09b6-4abd-8b49-8f47dcff91c4', 'username': 'crazymeercat589', 'password': 'race', 'salt': 'dKSyNS3X', 'md5': 'de110f46a426a1373f167ef0fdbdcdad', 'sha1': '2cc81dd7ff1a8941198601dcf4d405269b0fe6ff', 'sha256': 'c11c9d69d99e58437f74e05c8b22755d679538ebdfbcc07b9deb66d7cd66b6f4'}, 'dob': {'date': '2001-03-16T11:52:20.849Z', 'age': 23}, 'registered': {'date': '2007-09-25T05:48:31.254Z', 'age': 16}, 'phone': '88996182', 'cell': '20806193', 'id': {'name': 'CPR', 'value': '1603101-2825'}, 'picture': {'large': 'https://randomuser.me/api/portraits/men/48.jpg', 'medium': 'https://randomuser.me/api/portraits/med/men/48.jpg', 'thumbnail': 'https://randomuser.me/api/portraits/thumb/men/48.jpg'}, 'nat': 'DK'}], 'info': {'seed': '855c3efe8996c842', 'results': 1, 'page': 1, 'version': '1.4'}}</msg>
<arg>${json_data}</arg>
<doc>Logs the given message with the given level.</doc>
<status status="PASS" start="2024-04-03T21:12:48.283853" elapsed="0.000255"/>
</kw>
<kw name="Should Be String" owner="String">
<arg>${json_data['results'][0]['gender']}</arg>
<doc>Fails if the given ``item`` is not a string.</doc>
<status status="PASS" start="2024-04-03T21:12:48.284420" elapsed="0.000410"/>
</kw>
<kw name="Should Match Regexp" owner="BuiltIn">
<arg>${json_data['results'][0]['email']}</arg>
<arg>^[a-zA-Z0-9._%+-]+@[a-zA-Z0-9.-]+\.[a-zA-Z]{2,}$</arg>
<doc>Fails if ``string`` does not match ``pattern`` as a regular expression.</doc>
<status status="PASS" start="2024-04-03T21:12:48.285033" elapsed="0.000545"/>
</kw>
<kw name="Should Match Regexp" owner="BuiltIn">
<arg>${json_data['results'][0]['dob']['date']}</arg>
<arg>\\d{4}-\\d{2}-\\d{2}T\\d{2}:\\d{2}:\\d{2}\\.\\d{3}Z</arg>
<doc>Fails if ``string`` does not match ``pattern`` as a regular expression.</doc>
<status status="PASS" start="2024-04-03T21:12:48.285789" elapsed="0.000514"/>
</kw>
<kw name="Should Match Regexp" owner="BuiltIn">
<arg>${json_data['results'][0]['registered']['date']}</arg>
<arg>\\d{4}-\\d{2}-\\d{2}T\\d{2}:\\d{2}:\\d{2}\\.\\d{3}Z</arg>
<doc>Fails if ``string`` does not match ``pattern`` as a regular expression.</doc>
<status status="PASS" start="2024-04-03T21:12:48.286496" elapsed="0.000370"/>
</kw>
<kw name="Should Match Regexp" owner="BuiltIn">
<arg>${json_data['results'][0]['picture']['large']}</arg>
<arg>^https?://.*\.(?:png|jpe?g|gif|bmp)$</arg>
<doc>Fails if ``string`` does not match ``pattern`` as a regular expression.</doc>
<status status="PASS" start="2024-04-03T21:12:48.287059" elapsed="0.000467"/>
</kw>
<kw name="Should Match Regexp" owner="BuiltIn">
<arg>${json_data['results'][0]['picture']['medium']}</arg>
<arg>^https?://.*\.(?:png|jpe?g|gif|bmp)$</arg>
<doc>Fails if ``string`` does not match ``pattern`` as a regular expression.</doc>
<status status="PASS" start="2024-04-03T21:12:48.287720" elapsed="0.000376"/>
</kw>
<kw name="Should Match Regexp" owner="BuiltIn">
<arg>${json_data['results'][0]['picture']['thumbnail']}</arg>
<arg>^https?://.*\.(?:png|jpe?g|gif|bmp)$</arg>
<doc>Fails if ``string`` does not match ``pattern`` as a regular expression.</doc>
<status status="PASS" start="2024-04-03T21:12:48.288284" elapsed="0.000347"/>
</kw>
<kw name="Log" owner="BuiltIn">
<msg time="2024-04-03T21:12:48.289165" level="INFO">{'large': 'https://randomuser.me/api/portraits/men/48.jpg', 'medium': 'https://randomuser.me/api/portraits/med/men/48.jpg', 'thumbnail': 'https://randomuser.me/api/portraits/thumb/men/48.jpg'}</msg>
<arg>${json_data['results'][0]['picture']}</arg>
<doc>Logs the given message with the given level.</doc>
<status status="PASS" start="2024-04-03T21:12:48.288835" elapsed="0.000380"/>
</kw>
<status status="PASS" start="2024-04-03T21:12:48.205898" elapsed="0.083621"/>
</kw>
<kw name="Teste de Tipos de Dados - Postcode" owner="random-user-service">
<kw name="GET On Session" owner="RequestsLibrary">
<msg time="2024-04-03T21:12:48.383125" level="INFO">GET Request : url=https://randomuser.me/api 
 path_url=/api 
 headers={'User-Agent': 'python-requests/2.31.0', 'Accept-Encoding': 'gzip, deflate', 'Accept': '*/*', 'Connection': 'keep-alive'} 
 body=None 
 </msg>
<msg time="2024-04-03T21:12:48.383193" level="INFO">GET Response : url=https://randomuser.me/api 
 status=200, reason=OK 
 headers={'Date': 'Wed, 03 Apr 2024 21:12:48 GMT', 'Content-Type': 'application/json; charset=utf-8', 'Transfer-Encoding': 'chunked', 'Connection': 'keep-alive', 'X-Powered-By': 'Express', 'Access-Control-Allow-Origin': '*', 'Cache-Control': 'no-cache', 'ETag': 'W/"490-734ughgTtk/+4tss+KQCZs97jQQ"', 'Vary': 'Accept-Encoding', 'Content-Encoding': 'gzip', 'CF-Cache-Status': 'DYNAMIC', 'Report-To': '{"endpoints":[{"url":"https:\\/\\/a.nel.cloudflare.com\\/report\\/v4?s=e2mXCHW5100Vtd9b8U1REzJ4QvptGnIiEqKoMCyGrgf5hmw1dvCPuto3iH%2FkmzdSEc02kPE5NaGHYOO0yFAQI5h6XMfR3lBZO%2BOK6NFHeAdljMuTqq5hKJpci0S4eys3"}],"group":"cf-nel","max_age":604800}', 'NEL': '{"success_fraction":0,"report_to":"cf-nel","max_age":604800}', 'Server': 'cloudflare', 'CF-RAY': '86ec0f15dbb169ff-IAD', 'alt-svc': 'h3=":443"; ma=86400'} 
 body={"results":[{"gender":"female","name":{"title":"Miss","first":"Ceylan","last":"Çankaya"},"location":{"street":{"number":6580,"name":"Bağdat Cd"},"city":"Kırşehir","state":"Kırıkkale","country":"Turkey","postcode":98320,"coordinates":{"latitude":"70.3044","longitude":"30.5258"},"timezone":{"offset":"+1:00","description":"Brussels, Copenhagen, Madrid, Paris"}},"email":"ceylan.cankaya@example.com","login":{"uuid":"3427ad7e-f063-48f2-b162-580797b0bc26","username":"blackfrog599","password":"happy2","salt":"dAoF8kne","md5":"0fe1444be7e127104719dff367175a1f","sha1":"c9c846b2122127e81309872c25cbd91ee4a6ba2e","sha256":"a4a16e540dc336862ed1c2449b86fad9d5ea51ec82a2baae6756992c29e07bb9"},"dob":{"date":"1947-03-27T04:02:10.882Z","age":77},"registered":{"date":"2011-01-19T07:44:58.113Z","age":13},"phone":"(470)-771-4178","cell":"(948)-240-3023","id":{"name":"","value":null},"picture":{"large":"https://randomuser.me/api/portraits/women/58.jpg","medium":"https://randomuser.me/api/portraits/med/women/58.jpg","thumbnail":"https://randomuser.me/api/portraits/thumb/women/58.jpg"},"nat":"TR"}],"info":{"seed":"30c22add7f4c3694","results":1,"page":1,"version":"1.4"}} 
 </msg>
<msg time="2024-04-03T21:12:48.383263" level="INFO">/opt/hostedtoolcache/Python/3.12.2/x64/lib/python3.12/site-packages/urllib3/connectionpool.py:1103: InsecureRequestWarning: Unverified HTTPS request is being made to host 'randomuser.me'. Adding certificate verification is strongly advised. See: https://urllib3.readthedocs.io/en/latest/advanced-usage.html#tls-warnings
  warnings.warn(</msg>
<msg time="2024-04-03T21:12:48.383349" level="INFO">${response} = &lt;Response [200]&gt;</msg>
<var>${response}</var>
<arg>consultarAPI</arg>
<arg>/api</arg>
<doc>Sends a GET request on a previously created HTTP Session.</doc>
<status status="PASS" start="2024-04-03T21:12:48.290164" elapsed="0.093216"/>
</kw>
<kw name="Set Variable" owner="BuiltIn">
<msg time="2024-04-03T21:12:48.384206" level="INFO">${json_data} = {'results': [{'gender': 'female', 'name': {'title': 'Miss', 'first': 'Ceylan', 'last': 'Çankaya'}, 'location': {'street': {'number': 6580, 'name': 'Bağdat Cd'}, 'city': 'Kırşehir', 'state': 'Kırıkkale...</msg>
<var>${json_data}</var>
<arg>${response.json()}</arg>
<doc>Returns the given values which can then be assigned to a variables.</doc>
<status status="PASS" start="2024-04-03T21:12:48.383763" elapsed="0.000474"/>
</kw>
<kw name="Log" owner="BuiltIn">
<msg time="2024-04-03T21:12:48.384734" level="INFO">{'results': [{'gender': 'female', 'name': {'title': 'Miss', 'first': 'Ceylan', 'last': 'Çankaya'}, 'location': {'street': {'number': 6580, 'name': 'Bağdat Cd'}, 'city': 'Kırşehir', 'state': 'Kırıkkale', 'country': 'Turkey', 'postcode': 98320, 'coordinates': {'latitude': '70.3044', 'longitude': '30.5258'}, 'timezone': {'offset': '+1:00', 'description': 'Brussels, Copenhagen, Madrid, Paris'}}, 'email': 'ceylan.cankaya@example.com', 'login': {'uuid': '3427ad7e-f063-48f2-b162-580797b0bc26', 'username': 'blackfrog599', 'password': 'happy2', 'salt': 'dAoF8kne', 'md5': '0fe1444be7e127104719dff367175a1f', 'sha1': 'c9c846b2122127e81309872c25cbd91ee4a6ba2e', 'sha256': 'a4a16e540dc336862ed1c2449b86fad9d5ea51ec82a2baae6756992c29e07bb9'}, 'dob': {'date': '1947-03-27T04:02:10.882Z', 'age': 77}, 'registered': {'date': '2011-01-19T07:44:58.113Z', 'age': 13}, 'phone': '(470)-771-4178', 'cell': '(948)-240-3023', 'id': {'name': '', 'value': None}, 'picture': {'large': 'https://randomuser.me/api/portraits/women/58.jpg', 'medium': 'https://randomuser.me/api/portraits/med/women/58.jpg', 'thumbnail': 'https://randomuser.me/api/portraits/thumb/women/58.jpg'}, 'nat': 'TR'}], 'info': {'seed': '30c22add7f4c3694', 'results': 1, 'page': 1, 'version': '1.4'}}</msg>
<arg>${json_data}</arg>
<doc>Logs the given message with the given level.</doc>
<status status="PASS" start="2024-04-03T21:12:48.384573" elapsed="0.000277"/>
</kw>
<kw name="Should Be Equal As Numbers" owner="BuiltIn">
<arg>${json_data['results'][0]['location']['postcode']}</arg>
<arg>${json_data['results'][0]['location']['postcode']}</arg>
<doc>Fails if objects are unequal after converting them to real numbers.</doc>
<status status="PASS" start="2024-04-03T21:12:48.385173" elapsed="0.000644"/>
</kw>
<kw name="Log" owner="BuiltIn">
<msg time="2024-04-03T21:12:48.386360" level="INFO">98320</msg>
<arg>${json_data['results'][0]['location']['postcode']}</arg>
<doc>Logs the given message with the given level.</doc>
<status status="PASS" start="2024-04-03T21:12:48.386022" elapsed="0.000379"/>
</kw>
<status status="PASS" start="2024-04-03T21:12:48.289770" elapsed="0.096884"/>
</kw>
<doc>Testa se os tipos de dados na resposta da API estão corretos.</doc>
<tag>testeTiposDados</tag>
<status status="PASS" start="2024-04-03T21:12:48.205282" elapsed="0.181538"/>
</test>
<test id="s1-s1-t5" name="Validar conteudo" line="35">
<kw name="Teste de Tipos de Conteudo" owner="random-user-service">
<kw name="GET On Session" owner="RequestsLibrary">
<msg time="2024-04-03T21:12:48.486507" level="INFO">GET Request : url=https://randomuser.me/api 
 path_url=/api 
 headers={'User-Agent': 'python-requests/2.31.0', 'Accept-Encoding': 'gzip, deflate', 'Accept': '*/*', 'Connection': 'keep-alive'} 
 body=None 
 </msg>
<msg time="2024-04-03T21:12:48.486586" level="INFO">GET Response : url=https://randomuser.me/api 
 status=200, reason=OK 
 headers={'Date': 'Wed, 03 Apr 2024 21:12:48 GMT', 'Content-Type': 'application/json; charset=utf-8', 'Transfer-Encoding': 'chunked', 'Connection': 'keep-alive', 'X-Powered-By': 'Express', 'Access-Control-Allow-Origin': '*', 'Cache-Control': 'no-cache', 'ETag': 'W/"48d-fs4xF5MzKZnANi0A81jSMde29uA"', 'Vary': 'Accept-Encoding', 'Content-Encoding': 'gzip', 'CF-Cache-Status': 'DYNAMIC', 'Report-To': '{"endpoints":[{"url":"https:\\/\\/a.nel.cloudflare.com\\/report\\/v4?s=EcvncdVKpJBkLA3mRBZUXsl5MrFisxvEJru7mF6QCospGb%2BUyBecBdYfe9nGSCIXaz4p092Aqko2gG3IaREVk7VMsVDdpkIphNVDaVfXpfXAn%2FmUdsWn7nv01CJJzQfD"}],"group":"cf-nel","max_age":604800}', 'NEL': '{"success_fraction":0,"report_to":"cf-nel","max_age":604800}', 'Server': 'cloudflare', 'CF-RAY': '86ec0f167c4e69ff-IAD', 'alt-svc': 'h3=":443"; ma=86400'} 
 body={"results":[{"gender":"male","name":{"title":"Mr","first":"Ronnie","last":"Coleman"},"location":{"street":{"number":359,"name":"N Stelling Rd"},"city":"Mackay","state":"Tasmania","country":"Australia","postcode":8063,"coordinates":{"latitude":"-81.5687","longitude":"-145.8984"},"timezone":{"offset":"-6:00","description":"Central Time (US &amp; Canada), Mexico City"}},"email":"ronnie.coleman@example.com","login":{"uuid":"d23088bf-7bd6-43cd-8737-e8c02a652b28","username":"blueladybug899","password":"joe123","salt":"ER3AnV1X","md5":"efcefc99b34c23424ea987f1bcc59a9a","sha1":"684b0a324a410e2b861125222a22ffdc0ad8d5ac","sha256":"a4d38fd3b8a76098266fbc09c441ef59efb30f4b2fed69ffa01f3d884657f97d"},"dob":{"date":"1973-07-07T05:24:14.589Z","age":50},"registered":{"date":"2017-07-26T21:29:09.407Z","age":6},"phone":"01-6431-6156","cell":"0424-606-076","id":{"name":"TFN","value":"811355019"},"picture":{"large":"https://randomuser.me/api/portraits/men/6.jpg","medium":"https://randomuser.me/api/portraits/med/men/6.jpg","thumbnail":"https://randomuser.me/api/portraits/thumb/men/6.jpg"},"nat":"AU"}],"info":{"seed":"7f29bdf92739ce4c","results":1,"page":1,"version":"1.4"}} 
 </msg>
<msg time="2024-04-03T21:12:48.486648" level="INFO">/opt/hostedtoolcache/Python/3.12.2/x64/lib/python3.12/site-packages/urllib3/connectionpool.py:1103: InsecureRequestWarning: Unverified HTTPS request is being made to host 'randomuser.me'. Adding certificate verification is strongly advised. See: https://urllib3.readthedocs.io/en/latest/advanced-usage.html#tls-warnings
  warnings.warn(</msg>
<msg time="2024-04-03T21:12:48.486747" level="INFO">${response} = &lt;Response [200]&gt;</msg>
<var>${response}</var>
<arg>consultarAPI</arg>
<arg>/api</arg>
<doc>Sends a GET request on a previously created HTTP Session.</doc>
<status status="PASS" start="2024-04-03T21:12:48.389320" elapsed="0.097464"/>
</kw>
<kw name="Set Variable" owner="BuiltIn">
<msg time="2024-04-03T21:12:48.487753" level="INFO">${json_data} = {'results': [{'gender': 'male', 'name': {'title': 'Mr', 'first': 'Ronnie', 'last': 'Coleman'}, 'location': {'street': {'number': 359, 'name': 'N Stelling Rd'}, 'city': 'Mackay', 'state': 'Tasmania', '...</msg>
<var>${json_data}</var>
<arg>${response.json()}</arg>
<doc>Returns the given values which can then be assigned to a variables.</doc>
<status status="PASS" start="2024-04-03T21:12:48.487261" elapsed="0.000520"/>
</kw>
<kw name="Set Variable" owner="BuiltIn">
<msg time="2024-04-03T21:12:48.488484" level="INFO">${name_title} = Mr</msg>
<var>${name_title}</var>
<arg>${json_data["results"][0]["name"]["title"]}</arg>
<doc>Returns the given values which can then be assigned to a variables.</doc>
<status status="PASS" start="2024-04-03T21:12:48.488092" elapsed="0.000418"/>
</kw>
<kw name="Create List" owner="BuiltIn">
<msg time="2024-04-03T21:12:48.489016" level="INFO">${allowed_titles} = ['Mr', 'Ms', 'Miss', 'Mrs', 'Madame', 'Monsieur']</msg>
<var>${allowed_titles}</var>
<arg>Mr</arg>
<arg>Ms</arg>
<arg>Miss</arg>
<arg>Mrs</arg>
<arg>Madame</arg>
<arg>Monsieur</arg>
<doc>Returns a list containing given items.</doc>
<status status="PASS" start="2024-04-03T21:12:48.488850" elapsed="0.000191"/>
</kw>
<kw name="List Should Contain Value" owner="Collections">
<msg time="2024-04-03T21:12:48.489544" level="INFO">False</msg>
<arg>${allowed_titles}</arg>
<arg>${name_title}</arg>
<doc>Fails if the ``value`` is not found from ``list``.</doc>
<status status="PASS" start="2024-04-03T21:12:48.489357" elapsed="0.000226"/>
</kw>
<kw name="Set Variable" owner="BuiltIn">
<msg time="2024-04-03T21:12:48.490273" level="INFO">${name_country} = AU</msg>
<var>${name_country}</var>
<arg>${json_data["results"][0]["nat"]}</arg>
<doc>Returns the given values which can then be assigned to a variables.</doc>
<status status="PASS" start="2024-04-03T21:12:48.489882" elapsed="0.000416"/>
</kw>
<kw name="Create List" owner="BuiltIn">
<msg time="2024-04-03T21:12:48.491208" level="INFO">${list_country} = ['AD', 'AE', 'AF', 'AG', 'AI', 'AL', 'AM', 'AO', 'AQ', 'AR', 'AS', 'AT', 'AU', 'AW', 'AX', 'AZ', 'BA', 'BB', 'BD', 'BE', 'BF', 'BG', 'BH', 'BI', 'BJ', 'BL', 'BM', 'BN', 'BO', 'BQ', 'BR', 'BS', 'BT', '...</msg>
<var>${list_country}</var>
<arg>AD</arg>
<arg>AE</arg>
<arg>AF</arg>
<arg>AG</arg>
<arg>AI</arg>
<arg>AL</arg>
<arg>AM</arg>
<arg>AO</arg>
<arg>AQ</arg>
<arg>AR</arg>
<arg>AS</arg>
<arg>AT</arg>
<arg>AU</arg>
<arg>AW</arg>
<arg>AX</arg>
<arg>AZ</arg>
<arg>BA</arg>
<arg>BB</arg>
<arg>BD</arg>
<arg>BE</arg>
<arg>BF</arg>
<arg>BG</arg>
<arg>BH</arg>
<arg>BI</arg>
<arg>BJ</arg>
<arg>BL</arg>
<arg>BM</arg>
<arg>BN</arg>
<arg>BO</arg>
<arg>BQ</arg>
<arg>BR</arg>
<arg>BS</arg>
<arg>BT</arg>
<arg>BV</arg>
<arg>BW</arg>
<arg>BY</arg>
<arg>BZ</arg>
<arg>CA</arg>
<arg>CC</arg>
<arg>CD</arg>
<arg>CF</arg>
<arg>CG</arg>
<arg>CH</arg>
<arg>CI</arg>
<arg>CK</arg>
<arg>CL</arg>
<arg>CM</arg>
<arg>CN</arg>
<arg>CO</arg>
<arg>CR</arg>
<arg>CU</arg>
<arg>CV</arg>
<arg>CW</arg>
<arg>CX</arg>
<arg>CY</arg>
<arg>CZ</arg>
<arg>DE</arg>
<arg>DJ</arg>
<arg>DK</arg>
<arg>DM</arg>
<arg>DO</arg>
<arg>DZ</arg>
<arg>EC</arg>
<arg>EE</arg>
<arg>EG</arg>
<arg>EH</arg>
<arg>ER</arg>
<arg>ES</arg>
<arg>ET</arg>
<arg>FI</arg>
<arg>FJ</arg>
<arg>FK</arg>
<arg>FM</arg>
<arg>FO</arg>
<arg>FR</arg>
<arg>GA</arg>
<arg>GB</arg>
<arg>GD</arg>
<arg>GE</arg>
<arg>GF</arg>
<arg>GG</arg>
<arg>GH</arg>
<arg>GI</arg>
<arg>GL</arg>
<arg>GM</arg>
<arg>GN</arg>
<arg>GP</arg>
<arg>GQ</arg>
<arg>GR</arg>
<arg>GS</arg>
<arg>GT</arg>
<arg>GU</arg>
<arg>GW</arg>
<arg>GY</arg>
<arg>HK</arg>
<arg>HM</arg>
<arg>HN</arg>
<arg>HR</arg>
<arg>HT</arg>
<arg>HU</arg>
<arg>ID</arg>
<arg>IE</arg>
<arg>IL</arg>
<arg>IM</arg>
<arg>IN</arg>
<arg>IO</arg>
<arg>IQ</arg>
<arg>IR</arg>
<arg>IS</arg>
<arg>IT</arg>
<arg>JE</arg>
<arg>JM</arg>
<arg>JO</arg>
<arg>JP</arg>
<arg>KE</arg>
<arg>KG</arg>
<arg>KH</arg>
<arg>KI</arg>
<arg>KM</arg>
<arg>KN</arg>
<arg>KP</arg>
<arg>KR</arg>
<arg>KW</arg>
<arg>KY</arg>
<arg>KZ</arg>
<arg>LA</arg>
<arg>LB</arg>
<arg>LC</arg>
<arg>LI</arg>
<arg>LK</arg>
<arg>LR</arg>
<arg>LS</arg>
<arg>LT</arg>
<arg>LU</arg>
<arg>LV</arg>
<arg>LY</arg>
<arg>MA</arg>
<arg>MC</arg>
<arg>MD</arg>
<arg>ME</arg>
<arg>MF</arg>
<arg>MG</arg>
<arg>MH</arg>
<arg>MK</arg>
<arg>ML</arg>
<arg>MM</arg>
<arg>MN</arg>
<arg>MO</arg>
<arg>MP</arg>
<arg>MQ</arg>
<arg>MR</arg>
<arg>MS</arg>
<arg>MT</arg>
<arg>MU</arg>
<arg>MV</arg>
<arg>MW</arg>
<arg>MX</arg>
<arg>MY</arg>
<arg>MZ</arg>
<arg>NA</arg>
<arg>NC</arg>
<arg>NE</arg>
<arg>NF</arg>
<arg>NG</arg>
<arg>NI</arg>
<arg>NL</arg>
<arg>NO</arg>
<arg>NP</arg>
<arg>NR</arg>
<arg>NU</arg>
<arg>NZ</arg>
<arg>OM</arg>
<arg>PA</arg>
<arg>PE</arg>
<arg>PF</arg>
<arg>PG</arg>
<arg>PH</arg>
<arg>PK</arg>
<arg>PL</arg>
<arg>PM</arg>
<arg>PN</arg>
<arg>PR</arg>
<arg>PS</arg>
<arg>PT</arg>
<arg>PW</arg>
<arg>PY</arg>
<arg>QA</arg>
<arg>RE</arg>
<arg>RO</arg>
<arg>RS</arg>
<arg>RU</arg>
<arg>RW</arg>
<arg>SA</arg>
<arg>SB</arg>
<arg>SC</arg>
<arg>SD</arg>
<arg>SE</arg>
<arg>SG</arg>
<arg>SH</arg>
<arg>SI</arg>
<arg>SJ</arg>
<arg>SK</arg>
<arg>SL</arg>
<arg>SM</arg>
<arg>SN</arg>
<arg>SO</arg>
<arg>SR</arg>
<arg>SS</arg>
<arg>ST</arg>
<arg>SV</arg>
<arg>SX</arg>
<arg>SY</arg>
<arg>SZ</arg>
<arg>TC</arg>
<arg>TD</arg>
<arg>TF</arg>
<arg>TG</arg>
<arg>TH</arg>
<arg>TJ</arg>
<arg>TK</arg>
<arg>TL</arg>
<arg>TM</arg>
<arg>TN</arg>
<arg>TO</arg>
<arg>TR</arg>
<arg>TT</arg>
<arg>TV</arg>
<arg>TW</arg>
<arg>TZ</arg>
<arg>UA</arg>
<arg>UG</arg>
<arg>UM</arg>
<arg>US</arg>
<arg>UY</arg>
<arg>UZ</arg>
<arg>VA</arg>
<arg>VC</arg>
<arg>VE</arg>
<arg>VG</arg>
<arg>VI</arg>
<arg>VN</arg>
<arg>VU</arg>
<arg>WF</arg>
<arg>WS</arg>
<arg>XK</arg>
<arg>YE</arg>
<arg>YT</arg>
<arg>ZA</arg>
<arg>ZM</arg>
<arg>ZW</arg>
<doc>Returns a list containing given items.</doc>
<status status="PASS" start="2024-04-03T21:12:48.490608" elapsed="0.000627"/>
</kw>
<kw name="List Should Contain Value" owner="Collections">
<msg time="2024-04-03T21:12:48.492363" level="INFO">False</msg>
<arg>${list_country}</arg>
<arg>${name_country}</arg>
<doc>Fails if the ``value`` is not found from ``list``.</doc>
<status status="PASS" start="2024-04-03T21:12:48.492153" elapsed="0.000248"/>
</kw>
<kw name="Run Keyword If" owner="BuiltIn">
<kw name="Should Be True" owner="BuiltIn">
<arg>${True}</arg>
<doc>Fails if the given condition is not true.</doc>
<status status="PASS" start="2024-04-03T21:12:48.493516" elapsed="0.000150"/>
</kw>
<arg>${json_data["results"][0]["location"]["coordinates"]["latitude"]} &gt;= -90 and ${json_data["results"][0]["location"]["coordinates"]["latitude"]} &lt;= 90</arg>
<arg>Should Be True</arg>
<arg>${True}</arg>
<doc>Runs the given keyword with the given arguments, if ``condition`` is true.</doc>
<status status="PASS" start="2024-04-03T21:12:48.492719" elapsed="0.001078"/>
</kw>
<kw name="Run Keyword If" owner="BuiltIn">
<kw name="Should Be True" owner="BuiltIn">
<arg>${True}</arg>
<doc>Fails if the given condition is not true.</doc>
<status status="PASS" start="2024-04-03T21:12:48.494702" elapsed="0.000141"/>
</kw>
<arg>${json_data["results"][0]["location"]["coordinates"]["longitude"]} &gt;= -180 and ${json_data["results"][0]["location"]["coordinates"]["longitude"]} &lt;= 180</arg>
<arg>Should Be True</arg>
<arg>${True}</arg>
<doc>Runs the given keyword with the given arguments, if ``condition`` is true.</doc>
<status status="PASS" start="2024-04-03T21:12:48.493987" elapsed="0.000983"/>
</kw>
<status status="PASS" start="2024-04-03T21:12:48.389085" elapsed="0.106019"/>
</kw>
<doc>Testa o conteúdo específico dos campos retornados pela API.</doc>
<tag>testeConteudo</tag>
<status status="PASS" start="2024-04-03T21:12:48.388607" elapsed="0.106650"/>
</test>
<status status="PASS" start="2024-04-03T21:12:47.561623" elapsed="0.935575"/>
</suite>
<status status="PASS" start="2024-04-03T21:12:47.547814" elapsed="0.954775"/>
</suite>
<statistics>
<total>
<stat pass="5" fail="0" skip="0">All Tests</stat>
</total>
<tag>
<stat pass="1" fail="0" skip="0">testeConteudo</stat>
<stat pass="1" fail="0" skip="0">testeEstruturaResposta</stat>
<stat pass="1" fail="0" skip="0">testeRequisicaoBasica</stat>
<stat pass="1" fail="0" skip="0">testeTiposDados</stat>
</tag>
<suite>
<stat pass="5" fail="0" skip="0" id="s1" name="Tests">Tests</stat>
<stat pass="5" fail="0" skip="0" id="s1-s1" name="Random-User-Test">Tests.Random-User-Test</stat>
</suite>
</statistics>
<errors>
</errors>
</robot>
