<?xml version="1.0" encoding="UTF-8"?>
<robot generator="Robot 7.0.1 (Python 3.12.4 on linux)" generated="2024-07-27T22:13:38.010568" rpa="false" schemaversion="5">
<suite id="s1" name="Tests" source="/home/runner/work/ApiRandomUser/ApiRandomUser/RamdonUser/tests">
<suite id="s1-s1" name="Random-User-Test" source="/home/runner/work/ApiRandomUser/ApiRandomUser/RamdonUser/tests/random-user-test.robot">
<test id="s1-s1-t1" name="Conectar" line="13">
<kw name="Conectar API" owner="random-user-service">
<kw name="Create Session" owner="RequestsLibrary">
<msg time="2024-07-27T22:13:38.420166" level="INFO">Creating Session using : alias=consultarAPI, url=https://randomuser.me/, headers={},                     cookies={}, auth=None, timeout=None, proxies=None, verify=False,                     debug=0 </msg>
<arg>consultarAPI</arg>
<arg>${URL}</arg>
<doc>Create Session: create a HTTP session to a server</doc>
<status status="PASS" start="2024-07-27T22:13:38.419894" elapsed="0.000513"/>
</kw>
<status status="PASS" start="2024-07-27T22:13:38.418076" elapsed="0.002803"/>
</kw>
<status status="PASS" start="2024-07-27T22:13:38.417334" elapsed="0.003835"/>
</test>
<test id="s1-s1-t2" name="Validar retorno 200 e JSON Válido" line="16">
<kw name="Teste de Requisicao Basica" owner="random-user-service">
<kw name="GET On Session" owner="RequestsLibrary">
<msg time="2024-07-27T22:13:38.680977" level="INFO">GET Request : url=https://randomuser.me/api 
 path_url=/api 
 headers={'User-Agent': 'python-requests/2.32.3', 'Accept-Encoding': 'gzip, deflate', 'Accept': '*/*', 'Connection': 'keep-alive'} 
 body=None 
 </msg>
<msg time="2024-07-27T22:13:38.681107" level="INFO">GET Response : url=https://randomuser.me/api 
 status=200, reason=OK 
 headers={'Date': 'Sat, 27 Jul 2024 22:13:38 GMT', 'Content-Type': 'application/json; charset=utf-8', 'Transfer-Encoding': 'chunked', 'Connection': 'keep-alive', 'X-Powered-By': 'Express', 'Access-Control-Allow-Origin': '*', 'Cache-Control': 'no-cache', 'ETag': 'W/"49c-XDeGE5Wo46Q/4XGlvMuwx6DGGuY"', 'Vary': 'Accept-Encoding', 'Content-Encoding': 'gzip', 'CF-Cache-Status': 'DYNAMIC', 'Report-To': '{"endpoints":[{"url":"https:\\/\\/a.nel.cloudflare.com\\/report\\/v4?s=pZzCTolrChfWA2Yn9UkCy94PFtDi%2FFek9wxXaQtFLqbYOLCfYA%2FtTZl1gHL%2FFtiR6iRW3pNazet3qtsZ1Hn6HUp%2BYxaQgw3CFlbxM1Vv7gF8d3sO7G7hFnS0wVJgKwrc"}],"group":"cf-nel","max_age":604800}', 'NEL': '{"success_fraction":0,"report_to":"cf-nel","max_age":604800}', 'Server': 'cloudflare', 'CF-RAY': '8a9ffa543ec1fa3a-SJC', 'alt-svc': 'h3=":443"; ma=86400'} 
 body={"results":[{"gender":"male","name":{"title":"Mr","first":"Ian","last":"Silveira"},"location":{"street":{"number":5764,"name":"Rua Belo Horizonte "},"city":"Maringá","state":"Maranhão","country":"Brazil","postcode":25430,"coordinates":{"latitude":"-80.1657","longitude":"-67.4928"},"timezone":{"offset":"+9:00","description":"Tokyo, Seoul, Osaka, Sapporo, Yakutsk"}},"email":"ian.silveira@example.com","login":{"uuid":"7ee92852-a7b8-4a80-8f65-76d726900283","username":"happygoose514","password":"wrestling","salt":"NDTFQHcY","md5":"369562c4b0629c979704c87e8510639d","sha1":"5ef35bb479b8a3ad48df7bcceec606a714e7dcbf","sha256":"33693632b0d17fa24eff3595cc83bb82a8a4d7777fb9da1e9a1bb7aa9eac6537"},"dob":{"date":"1967-06-02T12:41:25.745Z","age":57},"registered":{"date":"2018-08-24T18:03:30.080Z","age":5},"phone":"(13) 5001-5247","cell":"(06) 2867-3876","id":{"name":"CPF","value":"630.909.653-20"},"picture":{"large":"https://randomuser.me/api/portraits/men/45.jpg","medium":"https://randomuser.me/api/portraits/med/men/45.jpg","thumbnail":"https://randomuser.me/api/portraits/thumb/men/45.jpg"},"nat":"BR"}],"info":{"seed":"f384c6acc8c3fccf","results":1,"page":1,"version":"1.4"}} 
 </msg>
<msg time="2024-07-27T22:13:38.681206" level="INFO">/opt/hostedtoolcache/Python/3.12.4/x64/lib/python3.12/site-packages/urllib3/connectionpool.py:1099: InsecureRequestWarning: Unverified HTTPS request is being made to host 'randomuser.me'. Adding certificate verification is strongly advised. See: https://urllib3.readthedocs.io/en/latest/advanced-usage.html#tls-warnings
  warnings.warn(</msg>
<msg time="2024-07-27T22:13:38.681352" level="INFO">${response} = &lt;Response [200]&gt;</msg>
<var>${response}</var>
<arg>consultarAPI</arg>
<arg>/api</arg>
<doc>Sends a GET request on a previously created HTTP Session.</doc>
<status status="PASS" start="2024-07-27T22:13:38.425451" elapsed="0.255940"/>
</kw>
<kw name="Should Be Equal As Numbers" owner="BuiltIn">
<msg time="2024-07-27T22:13:38.682269" level="INFO">Argument types are:
&lt;class 'int'&gt;
&lt;class 'str'&gt;</msg>
<arg>${response.status_code}</arg>
<arg>200</arg>
<doc>Fails if objects are unequal after converting them to real numbers.</doc>
<status status="PASS" start="2024-07-27T22:13:38.681833" elapsed="0.000501"/>
</kw>
<kw name="Log" owner="BuiltIn">
<msg time="2024-07-27T22:13:38.683019" level="INFO">200</msg>
<arg>${response.status_code}</arg>
<doc>Logs the given message with the given level.</doc>
<status status="PASS" start="2024-07-27T22:13:38.682659" elapsed="0.000405"/>
</kw>
<kw name="Set Variable" owner="BuiltIn">
<msg time="2024-07-27T22:13:38.683832" level="INFO">${json_data} = {'results': [{'gender': 'male', 'name': {'title': 'Mr', 'first': 'Ian', 'last': 'Silveira'}, 'location': {'street': {'number': 5764, 'name': 'Rua Belo Horizonte '}, 'city': 'Maringá', 'state': 'Maranh...</msg>
<var>${json_data}</var>
<arg>${response.json()}</arg>
<doc>Returns the given values which can then be assigned to a variables.</doc>
<status status="PASS" start="2024-07-27T22:13:38.683380" elapsed="0.000482"/>
</kw>
<kw name="Dictionary Should Contain Key" owner="Collections">
<arg>${json_data}</arg>
<arg>results</arg>
<doc>Fails if ``key`` is not found from ``dictionary``.</doc>
<status status="PASS" start="2024-07-27T22:13:38.684174" elapsed="0.000317"/>
</kw>
<status status="PASS" start="2024-07-27T22:13:38.425161" elapsed="0.259488"/>
</kw>
<doc>Testa se a API responde corretamente e retorna um objeto JSON válido.</doc>
<tag>testeRequisicaoBasica</tag>
<status status="PASS" start="2024-07-27T22:13:38.424586" elapsed="0.260237"/>
</test>
<test id="s1-s1-t3" name="Validar estrutura de resposta" line="22">
<kw name="Teste de Estrutura de Resposta" owner="random-user-service">
<kw name="GET On Session" owner="RequestsLibrary">
<msg time="2024-07-27T22:13:38.782749" level="INFO">GET Request : url=https://randomuser.me/api 
 path_url=/api 
 headers={'User-Agent': 'python-requests/2.32.3', 'Accept-Encoding': 'gzip, deflate', 'Accept': '*/*', 'Connection': 'keep-alive'} 
 body=None 
 </msg>
<msg time="2024-07-27T22:13:38.782835" level="INFO">GET Response : url=https://randomuser.me/api 
 status=200, reason=OK 
 headers={'Date': 'Sat, 27 Jul 2024 22:13:38 GMT', 'Content-Type': 'application/json; charset=utf-8', 'Transfer-Encoding': 'chunked', 'Connection': 'keep-alive', 'X-Powered-By': 'Express', 'Access-Control-Allow-Origin': '*', 'Cache-Control': 'no-cache', 'ETag': 'W/"48e-TW7d87i0Nw6mkR+gEZr4Egswthg"', 'Vary': 'Accept-Encoding', 'Content-Encoding': 'gzip', 'CF-Cache-Status': 'DYNAMIC', 'Report-To': '{"endpoints":[{"url":"https:\\/\\/a.nel.cloudflare.com\\/report\\/v4?s=vslIgUDSAW%2BFWHybciCkLQ%2FWTIGqVAOPM8ivigVK09SyOTG%2F2HYjCF4Fl9SQKH9BcAc2Woer7MJuSRE0GoXwFKx2NSB%2Bl%2BT0x9vf1zRdnlFUAzDT4hDD0zoEA8D%2BdNQq"}],"group":"cf-nel","max_age":604800}', 'NEL': '{"success_fraction":0,"report_to":"cf-nel","max_age":604800}', 'Server': 'cloudflare', 'CF-RAY': '8a9ffa54df23fa3a-SJC', 'alt-svc': 'h3=":443"; ma=86400'} 
 body={"results":[{"gender":"female","name":{"title":"Miss","first":"Marta","last":"Stepanović"},"location":{"street":{"number":5542,"name":"Belućka"},"city":"Bečej","state":"Bor","country":"Serbia","postcode":48921,"coordinates":{"latitude":"63.3881","longitude":"102.7243"},"timezone":{"offset":"+5:30","description":"Bombay, Calcutta, Madras, New Delhi"}},"email":"marta.stepanovic@example.com","login":{"uuid":"8c0b8110-6609-45ff-ba80-7913e6d7129d","username":"angryladybug638","password":"lori","salt":"zcMu90oN","md5":"d8442a592ee602058184bdddba24e701","sha1":"41f8ed1f1c184f014c2d38caef416813d738fa7b","sha256":"5b48208e4f074aad6120c43db9c6ad345274c4af2409c13f93e3ea17fd8032c9"},"dob":{"date":"1950-12-16T21:47:41.077Z","age":73},"registered":{"date":"2006-04-12T17:08:02.901Z","age":18},"phone":"028-4015-873","cell":"064-7676-348","id":{"name":"SID","value":"506694956"},"picture":{"large":"https://randomuser.me/api/portraits/women/85.jpg","medium":"https://randomuser.me/api/portraits/med/women/85.jpg","thumbnail":"https://randomuser.me/api/portraits/thumb/women/85.jpg"},"nat":"RS"}],"info":{"seed":"d371f08350f60df7","results":1,"page":1,"version":"1.4"}} 
 </msg>
<msg time="2024-07-27T22:13:38.782951" level="INFO">/opt/hostedtoolcache/Python/3.12.4/x64/lib/python3.12/site-packages/urllib3/connectionpool.py:1099: InsecureRequestWarning: Unverified HTTPS request is being made to host 'randomuser.me'. Adding certificate verification is strongly advised. See: https://urllib3.readthedocs.io/en/latest/advanced-usage.html#tls-warnings
  warnings.warn(</msg>
<msg time="2024-07-27T22:13:38.783070" level="INFO">${response} = &lt;Response [200]&gt;</msg>
<var>${response}</var>
<arg>consultarAPI</arg>
<arg>/api</arg>
<doc>Sends a GET request on a previously created HTTP Session.</doc>
<status status="PASS" start="2024-07-27T22:13:38.687472" elapsed="0.095645"/>
</kw>
<kw name="Set Variable" owner="BuiltIn">
<msg time="2024-07-27T22:13:38.783966" level="INFO">${json_data} = {'results': [{'gender': 'female', 'name': {'title': 'Miss', 'first': 'Marta', 'last': 'Stepanović'}, 'location': {'street': {'number': 5542, 'name': 'Belućka'}, 'city': 'Bečej', 'state': 'Bor', 'count...</msg>
<var>${json_data}</var>
<arg>${response.json()}</arg>
<doc>Returns the given values which can then be assigned to a variables.</doc>
<status status="PASS" start="2024-07-27T22:13:38.783484" elapsed="0.000514"/>
</kw>
<kw name="Log" owner="BuiltIn">
<msg time="2024-07-27T22:13:38.784510" level="INFO">{'results': [{'gender': 'female', 'name': {'title': 'Miss', 'first': 'Marta', 'last': 'Stepanović'}, 'location': {'street': {'number': 5542, 'name': 'Belućka'}, 'city': 'Bečej', 'state': 'Bor', 'country': 'Serbia', 'postcode': 48921, 'coordinates': {'latitude': '63.3881', 'longitude': '102.7243'}, 'timezone': {'offset': '+5:30', 'description': 'Bombay, Calcutta, Madras, New Delhi'}}, 'email': 'marta.stepanovic@example.com', 'login': {'uuid': '8c0b8110-6609-45ff-ba80-7913e6d7129d', 'username': 'angryladybug638', 'password': 'lori', 'salt': 'zcMu90oN', 'md5': 'd8442a592ee602058184bdddba24e701', 'sha1': '41f8ed1f1c184f014c2d38caef416813d738fa7b', 'sha256': '5b48208e4f074aad6120c43db9c6ad345274c4af2409c13f93e3ea17fd8032c9'}, 'dob': {'date': '1950-12-16T21:47:41.077Z', 'age': 73}, 'registered': {'date': '2006-04-12T17:08:02.901Z', 'age': 18}, 'phone': '028-4015-873', 'cell': '064-7676-348', 'id': {'name': 'SID', 'value': '506694956'}, 'picture': {'large': 'https://randomuser.me/api/portraits/women/85.jpg', 'medium': 'https://randomuser.me/api/portraits/med/women/85.jpg', 'thumbnail': 'https://randomuser.me/api/portraits/thumb/women/85.jpg'}, 'nat': 'RS'}], 'info': {'seed': 'd371f08350f60df7', 'results': 1, 'page': 1, 'version': '1.4'}}</msg>
<arg>${json_data}</arg>
<doc>Logs the given message with the given level.</doc>
<status status="PASS" start="2024-07-27T22:13:38.784338" elapsed="0.000227"/>
</kw>
<kw name="Dictionary Should Contain Key" owner="Collections">
<arg>${json_data}</arg>
<arg>results</arg>
<doc>Fails if ``key`` is not found from ``dictionary``.</doc>
<status status="PASS" start="2024-07-27T22:13:38.784871" elapsed="0.000167"/>
</kw>
<kw name="Should Not Be Empty" owner="BuiltIn">
<msg time="2024-07-27T22:13:38.785411" level="INFO">Length is 2.</msg>
<arg>${json_data}</arg>
<doc>Verifies that the given item is not empty.</doc>
<status status="PASS" start="2024-07-27T22:13:38.785269" elapsed="0.000184"/>
</kw>
<kw name="Create List" owner="BuiltIn">
<msg time="2024-07-27T22:13:38.785926" level="INFO">${expected_keys} = ['gender', 'name', 'location', 'email', 'login']</msg>
<var>${expected_keys}</var>
<arg>gender</arg>
<arg>name</arg>
<arg>location</arg>
<arg>email</arg>
<arg>login</arg>
<doc>Returns a list containing given items.</doc>
<status status="PASS" start="2024-07-27T22:13:38.785760" elapsed="0.000192"/>
</kw>
<for flavor="IN">
<iter>
<kw name="Dictionary Should Contain Key" owner="Collections">
<arg>${json_data['results'][0]}</arg>
<arg>${key}</arg>
<doc>Fails if ``key`` is not found from ``dictionary``.</doc>
<status status="PASS" start="2024-07-27T22:13:38.786543" elapsed="0.000420"/>
</kw>
<kw name="Log" owner="BuiltIn">
<msg time="2024-07-27T22:13:38.787525" level="INFO">{'gender': 'female', 'name': {'title': 'Miss', 'first': 'Marta', 'last': 'Stepanović'}, 'location': {'street': {'number': 5542, 'name': 'Belućka'}, 'city': 'Bečej', 'state': 'Bor', 'country': 'Serbia', 'postcode': 48921, 'coordinates': {'latitude': '63.3881', 'longitude': '102.7243'}, 'timezone': {'offset': '+5:30', 'description': 'Bombay, Calcutta, Madras, New Delhi'}}, 'email': 'marta.stepanovic@example.com', 'login': {'uuid': '8c0b8110-6609-45ff-ba80-7913e6d7129d', 'username': 'angryladybug638', 'password': 'lori', 'salt': 'zcMu90oN', 'md5': 'd8442a592ee602058184bdddba24e701', 'sha1': '41f8ed1f1c184f014c2d38caef416813d738fa7b', 'sha256': '5b48208e4f074aad6120c43db9c6ad345274c4af2409c13f93e3ea17fd8032c9'}, 'dob': {'date': '1950-12-16T21:47:41.077Z', 'age': 73}, 'registered': {'date': '2006-04-12T17:08:02.901Z', 'age': 18}, 'phone': '028-4015-873', 'cell': '064-7676-348', 'id': {'name': 'SID', 'value': '506694956'}, 'picture': {'large': 'https://randomuser.me/api/portraits/women/85.jpg', 'medium': 'https://randomuser.me/api/portraits/med/women/85.jpg', 'thumbnail': 'https://randomuser.me/api/portraits/thumb/women/85.jpg'}, 'nat': 'RS'}</msg>
<arg>${json_data['results'][0]}</arg>
<doc>Logs the given message with the given level.</doc>
<status status="PASS" start="2024-07-27T22:13:38.787157" elapsed="0.000422"/>
</kw>
<kw name="Log" owner="BuiltIn">
<msg time="2024-07-27T22:13:38.788025" level="INFO">gender</msg>
<arg>${key}</arg>
<doc>Logs the given message with the given level.</doc>
<status status="PASS" start="2024-07-27T22:13:38.787888" elapsed="0.000177"/>
</kw>
<var name="${key}">gender</var>
<status status="PASS" start="2024-07-27T22:13:38.786413" elapsed="0.001875"/>
</iter>
<iter>
<kw name="Dictionary Should Contain Key" owner="Collections">
<arg>${json_data['results'][0]}</arg>
<arg>${key}</arg>
<doc>Fails if ``key`` is not found from ``dictionary``.</doc>
<status status="PASS" start="2024-07-27T22:13:38.788593" elapsed="0.000402"/>
</kw>
<kw name="Log" owner="BuiltIn">
<msg time="2024-07-27T22:13:38.789611" level="INFO">{'gender': 'female', 'name': {'title': 'Miss', 'first': 'Marta', 'last': 'Stepanović'}, 'location': {'street': {'number': 5542, 'name': 'Belućka'}, 'city': 'Bečej', 'state': 'Bor', 'country': 'Serbia', 'postcode': 48921, 'coordinates': {'latitude': '63.3881', 'longitude': '102.7243'}, 'timezone': {'offset': '+5:30', 'description': 'Bombay, Calcutta, Madras, New Delhi'}}, 'email': 'marta.stepanovic@example.com', 'login': {'uuid': '8c0b8110-6609-45ff-ba80-7913e6d7129d', 'username': 'angryladybug638', 'password': 'lori', 'salt': 'zcMu90oN', 'md5': 'd8442a592ee602058184bdddba24e701', 'sha1': '41f8ed1f1c184f014c2d38caef416813d738fa7b', 'sha256': '5b48208e4f074aad6120c43db9c6ad345274c4af2409c13f93e3ea17fd8032c9'}, 'dob': {'date': '1950-12-16T21:47:41.077Z', 'age': 73}, 'registered': {'date': '2006-04-12T17:08:02.901Z', 'age': 18}, 'phone': '028-4015-873', 'cell': '064-7676-348', 'id': {'name': 'SID', 'value': '506694956'}, 'picture': {'large': 'https://randomuser.me/api/portraits/women/85.jpg', 'medium': 'https://randomuser.me/api/portraits/med/women/85.jpg', 'thumbnail': 'https://randomuser.me/api/portraits/thumb/women/85.jpg'}, 'nat': 'RS'}</msg>
<arg>${json_data['results'][0]}</arg>
<doc>Logs the given message with the given level.</doc>
<status status="PASS" start="2024-07-27T22:13:38.789205" elapsed="0.000496"/>
</kw>
<kw name="Log" owner="BuiltIn">
<msg time="2024-07-27T22:13:38.790273" level="INFO">name</msg>
<arg>${key}</arg>
<doc>Logs the given message with the given level.</doc>
<status status="PASS" start="2024-07-27T22:13:38.790076" elapsed="0.000265"/>
</kw>
<var name="${key}">name</var>
<status status="PASS" start="2024-07-27T22:13:38.788480" elapsed="0.002225"/>
</iter>
<iter>
<kw name="Dictionary Should Contain Key" owner="Collections">
<arg>${json_data['results'][0]}</arg>
<arg>${key}</arg>
<doc>Fails if ``key`` is not found from ``dictionary``.</doc>
<status status="PASS" start="2024-07-27T22:13:38.791157" elapsed="0.000612"/>
</kw>
<kw name="Log" owner="BuiltIn">
<msg time="2024-07-27T22:13:38.792369" level="INFO">{'gender': 'female', 'name': {'title': 'Miss', 'first': 'Marta', 'last': 'Stepanović'}, 'location': {'street': {'number': 5542, 'name': 'Belućka'}, 'city': 'Bečej', 'state': 'Bor', 'country': 'Serbia', 'postcode': 48921, 'coordinates': {'latitude': '63.3881', 'longitude': '102.7243'}, 'timezone': {'offset': '+5:30', 'description': 'Bombay, Calcutta, Madras, New Delhi'}}, 'email': 'marta.stepanovic@example.com', 'login': {'uuid': '8c0b8110-6609-45ff-ba80-7913e6d7129d', 'username': 'angryladybug638', 'password': 'lori', 'salt': 'zcMu90oN', 'md5': 'd8442a592ee602058184bdddba24e701', 'sha1': '41f8ed1f1c184f014c2d38caef416813d738fa7b', 'sha256': '5b48208e4f074aad6120c43db9c6ad345274c4af2409c13f93e3ea17fd8032c9'}, 'dob': {'date': '1950-12-16T21:47:41.077Z', 'age': 73}, 'registered': {'date': '2006-04-12T17:08:02.901Z', 'age': 18}, 'phone': '028-4015-873', 'cell': '064-7676-348', 'id': {'name': 'SID', 'value': '506694956'}, 'picture': {'large': 'https://randomuser.me/api/portraits/women/85.jpg', 'medium': 'https://randomuser.me/api/portraits/med/women/85.jpg', 'thumbnail': 'https://randomuser.me/api/portraits/thumb/women/85.jpg'}, 'nat': 'RS'}</msg>
<arg>${json_data['results'][0]}</arg>
<doc>Logs the given message with the given level.</doc>
<status status="PASS" start="2024-07-27T22:13:38.791991" elapsed="0.000431"/>
</kw>
<kw name="Log" owner="BuiltIn">
<msg time="2024-07-27T22:13:38.792868" level="INFO">location</msg>
<arg>${key}</arg>
<doc>Logs the given message with the given level.</doc>
<status status="PASS" start="2024-07-27T22:13:38.792732" elapsed="0.000176"/>
</kw>
<var name="${key}">location</var>
<status status="PASS" start="2024-07-27T22:13:38.790988" elapsed="0.002144"/>
</iter>
<iter>
<kw name="Dictionary Should Contain Key" owner="Collections">
<arg>${json_data['results'][0]}</arg>
<arg>${key}</arg>
<doc>Fails if ``key`` is not found from ``dictionary``.</doc>
<status status="PASS" start="2024-07-27T22:13:38.793467" elapsed="0.000402"/>
</kw>
<kw name="Log" owner="BuiltIn">
<msg time="2024-07-27T22:13:38.794544" level="INFO">{'gender': 'female', 'name': {'title': 'Miss', 'first': 'Marta', 'last': 'Stepanović'}, 'location': {'street': {'number': 5542, 'name': 'Belućka'}, 'city': 'Bečej', 'state': 'Bor', 'country': 'Serbia', 'postcode': 48921, 'coordinates': {'latitude': '63.3881', 'longitude': '102.7243'}, 'timezone': {'offset': '+5:30', 'description': 'Bombay, Calcutta, Madras, New Delhi'}}, 'email': 'marta.stepanovic@example.com', 'login': {'uuid': '8c0b8110-6609-45ff-ba80-7913e6d7129d', 'username': 'angryladybug638', 'password': 'lori', 'salt': 'zcMu90oN', 'md5': 'd8442a592ee602058184bdddba24e701', 'sha1': '41f8ed1f1c184f014c2d38caef416813d738fa7b', 'sha256': '5b48208e4f074aad6120c43db9c6ad345274c4af2409c13f93e3ea17fd8032c9'}, 'dob': {'date': '1950-12-16T21:47:41.077Z', 'age': 73}, 'registered': {'date': '2006-04-12T17:08:02.901Z', 'age': 18}, 'phone': '028-4015-873', 'cell': '064-7676-348', 'id': {'name': 'SID', 'value': '506694956'}, 'picture': {'large': 'https://randomuser.me/api/portraits/women/85.jpg', 'medium': 'https://randomuser.me/api/portraits/med/women/85.jpg', 'thumbnail': 'https://randomuser.me/api/portraits/thumb/women/85.jpg'}, 'nat': 'RS'}</msg>
<arg>${json_data['results'][0]}</arg>
<doc>Logs the given message with the given level.</doc>
<status status="PASS" start="2024-07-27T22:13:38.794176" elapsed="0.000420"/>
</kw>
<kw name="Log" owner="BuiltIn">
<msg time="2024-07-27T22:13:38.795035" level="INFO">email</msg>
<arg>${key}</arg>
<doc>Logs the given message with the given level.</doc>
<status status="PASS" start="2024-07-27T22:13:38.794900" elapsed="0.000174"/>
</kw>
<var name="${key}">email</var>
<status status="PASS" start="2024-07-27T22:13:38.793354" elapsed="0.001939"/>
</iter>
<iter>
<kw name="Dictionary Should Contain Key" owner="Collections">
<arg>${json_data['results'][0]}</arg>
<arg>${key}</arg>
<doc>Fails if ``key`` is not found from ``dictionary``.</doc>
<status status="PASS" start="2024-07-27T22:13:38.795583" elapsed="0.000396"/>
</kw>
<kw name="Log" owner="BuiltIn">
<msg time="2024-07-27T22:13:38.796521" level="INFO">{'gender': 'female', 'name': {'title': 'Miss', 'first': 'Marta', 'last': 'Stepanović'}, 'location': {'street': {'number': 5542, 'name': 'Belućka'}, 'city': 'Bečej', 'state': 'Bor', 'country': 'Serbia', 'postcode': 48921, 'coordinates': {'latitude': '63.3881', 'longitude': '102.7243'}, 'timezone': {'offset': '+5:30', 'description': 'Bombay, Calcutta, Madras, New Delhi'}}, 'email': 'marta.stepanovic@example.com', 'login': {'uuid': '8c0b8110-6609-45ff-ba80-7913e6d7129d', 'username': 'angryladybug638', 'password': 'lori', 'salt': 'zcMu90oN', 'md5': 'd8442a592ee602058184bdddba24e701', 'sha1': '41f8ed1f1c184f014c2d38caef416813d738fa7b', 'sha256': '5b48208e4f074aad6120c43db9c6ad345274c4af2409c13f93e3ea17fd8032c9'}, 'dob': {'date': '1950-12-16T21:47:41.077Z', 'age': 73}, 'registered': {'date': '2006-04-12T17:08:02.901Z', 'age': 18}, 'phone': '028-4015-873', 'cell': '064-7676-348', 'id': {'name': 'SID', 'value': '506694956'}, 'picture': {'large': 'https://randomuser.me/api/portraits/women/85.jpg', 'medium': 'https://randomuser.me/api/portraits/med/women/85.jpg', 'thumbnail': 'https://randomuser.me/api/portraits/thumb/women/85.jpg'}, 'nat': 'RS'}</msg>
<arg>${json_data['results'][0]}</arg>
<doc>Logs the given message with the given level.</doc>
<status status="PASS" start="2024-07-27T22:13:38.796166" elapsed="0.000406"/>
</kw>
<kw name="Log" owner="BuiltIn">
<msg time="2024-07-27T22:13:38.796999" level="INFO">login</msg>
<arg>${key}</arg>
<doc>Logs the given message with the given level.</doc>
<status status="PASS" start="2024-07-27T22:13:38.796868" elapsed="0.000169"/>
</kw>
<var name="${key}">login</var>
<status status="PASS" start="2024-07-27T22:13:38.795472" elapsed="0.001824"/>
</iter>
<var>${key}</var>
<value>@{expected_keys}</value>
<status status="PASS" start="2024-07-27T22:13:38.786222" elapsed="0.011202"/>
</for>
<kw name="Create List" owner="BuiltIn">
<msg time="2024-07-27T22:13:38.797757" level="INFO">${expected_keysTwo} = ['username', 'password']</msg>
<var>${expected_keysTwo}</var>
<arg>username</arg>
<arg>password</arg>
<doc>Returns a list containing given items.</doc>
<status status="PASS" start="2024-07-27T22:13:38.797617" elapsed="0.000195"/>
</kw>
<for flavor="IN">
<iter>
<kw name="Dictionary Should Contain Key" owner="Collections">
<arg>${json_data['results'][0]['login']}</arg>
<arg>${keyTwo}</arg>
<doc>Fails if ``key`` is not found from ``dictionary``.</doc>
<status status="PASS" start="2024-07-27T22:13:38.798321" elapsed="0.000385"/>
</kw>
<kw name="Dictionary Should Contain Key" owner="Collections">
<arg>${json_data['results'][0]['login']}</arg>
<arg>${keyTwo}</arg>
<doc>Fails if ``key`` is not found from ``dictionary``.</doc>
<status status="PASS" start="2024-07-27T22:13:38.798887" elapsed="0.000381"/>
</kw>
<kw name="Log" owner="BuiltIn">
<msg time="2024-07-27T22:13:38.799571" level="INFO">username</msg>
<arg>${keyTwo}</arg>
<doc>Logs the given message with the given level.</doc>
<status status="PASS" start="2024-07-27T22:13:38.799448" elapsed="0.000162"/>
</kw>
<var name="${keyTwo}">username</var>
<status status="PASS" start="2024-07-27T22:13:38.798214" elapsed="0.001619"/>
</iter>
<iter>
<kw name="Dictionary Should Contain Key" owner="Collections">
<arg>${json_data['results'][0]['login']}</arg>
<arg>${keyTwo}</arg>
<doc>Fails if ``key`` is not found from ``dictionary``.</doc>
<status status="PASS" start="2024-07-27T22:13:38.800120" elapsed="0.000379"/>
</kw>
<kw name="Dictionary Should Contain Key" owner="Collections">
<arg>${json_data['results'][0]['login']}</arg>
<arg>${keyTwo}</arg>
<doc>Fails if ``key`` is not found from ``dictionary``.</doc>
<status status="PASS" start="2024-07-27T22:13:38.800680" elapsed="0.000366"/>
</kw>
<kw name="Log" owner="BuiltIn">
<msg time="2024-07-27T22:13:38.801393" level="INFO">password</msg>
<arg>${keyTwo}</arg>
<doc>Logs the given message with the given level.</doc>
<status status="PASS" start="2024-07-27T22:13:38.801256" elapsed="0.000176"/>
</kw>
<var name="${keyTwo}">password</var>
<status status="PASS" start="2024-07-27T22:13:38.800008" elapsed="0.001649"/>
</iter>
<var>${keyTwo}</var>
<value>@{expected_keysTwo}</value>
<status status="PASS" start="2024-07-27T22:13:38.798060" elapsed="0.003721"/>
</for>
<status status="PASS" start="2024-07-27T22:13:38.687233" elapsed="0.114688"/>
</kw>
<doc>Testa a estrutura da resposta da API.</doc>
<tag>testeEstruturaResposta</tag>
<status status="PASS" start="2024-07-27T22:13:38.686715" elapsed="0.115357"/>
</test>
<test id="s1-s1-t4" name="Validar tipos de dados" line="28">
<kw name="Teste de Tipos de Dados" owner="random-user-service">
<kw name="GET On Session" owner="RequestsLibrary">
<msg time="2024-07-27T22:13:38.892384" level="INFO">GET Request : url=https://randomuser.me/api 
 path_url=/api 
 headers={'User-Agent': 'python-requests/2.32.3', 'Accept-Encoding': 'gzip, deflate', 'Accept': '*/*', 'Connection': 'keep-alive'} 
 body=None 
 </msg>
<msg time="2024-07-27T22:13:38.892461" level="INFO">GET Response : url=https://randomuser.me/api 
 status=200, reason=OK 
 headers={'Date': 'Sat, 27 Jul 2024 22:13:38 GMT', 'Content-Type': 'application/json; charset=utf-8', 'Transfer-Encoding': 'chunked', 'Connection': 'keep-alive', 'X-Powered-By': 'Express', 'Access-Control-Allow-Origin': '*', 'Cache-Control': 'no-cache', 'ETag': 'W/"4b9-8dP7R4lzEBIxt7UV7XaAzOHcK+Q"', 'Vary': 'Accept-Encoding', 'Content-Encoding': 'gzip', 'CF-Cache-Status': 'DYNAMIC', 'Report-To': '{"endpoints":[{"url":"https:\\/\\/a.nel.cloudflare.com\\/report\\/v4?s=%2FGDKkm9vjOAjXAEH8GwTYtnLHD9ObMsNduSulT21LKF0lw0spzJXd6V2SgPVjhiscfHLEAYoH1qs6gIZ%2BAOuhBItlH0EPuKfZQ%2FLqpHVdRNbqlqArR6tURYAnqpbTI8w"}],"group":"cf-nel","max_age":604800}', 'NEL': '{"success_fraction":0,"report_to":"cf-nel","max_age":604800}', 'Server': 'cloudflare', 'CF-RAY': '8a9ffa558fa6fa3a-SJC', 'alt-svc': 'h3=":443"; ma=86400'} 
 body={"results":[{"gender":"female","name":{"title":"Mademoiselle","first":"Alice","last":"Leclerc"},"location":{"street":{"number":9508,"name":"Rue des Abbesses"},"city":"Jorat-Mézières","state":"St. Gallen","country":"Switzerland","postcode":5668,"coordinates":{"latitude":"-60.8060","longitude":"135.7481"},"timezone":{"offset":"-4:00","description":"Atlantic Time (Canada), Caracas, La Paz"}},"email":"alice.leclerc@example.com","login":{"uuid":"0874fb6b-3b99-4b72-be7c-b4bef3899550","username":"silverpanda327","password":"jumbo","salt":"TJMQBjl4","md5":"03985f88986941e8dd01194f4483912c","sha1":"d93a017f83a0513d14b98ab26e1070f36b3267de","sha256":"ada45a0dd52d10173d1685e1db7a5ff5f3ee8e8a6e9e66cafe91f0dc4482377a"},"dob":{"date":"1987-02-07T20:51:49.758Z","age":37},"registered":{"date":"2020-07-22T00:30:28.035Z","age":4},"phone":"077 533 08 10","cell":"075 980 02 56","id":{"name":"AVS","value":"756.9338.6979.17"},"picture":{"large":"https://randomuser.me/api/portraits/women/94.jpg","medium":"https://randomuser.me/api/portraits/med/women/94.jpg","thumbnail":"https://randomuser.me/api/portraits/thumb/women/94.jpg"},"nat":"CH"}],"info":{"seed":"f5f316f3b53e63d3","results":1,"page":1,"version":"1.4"}} 
 </msg>
<msg time="2024-07-27T22:13:38.892529" level="INFO">/opt/hostedtoolcache/Python/3.12.4/x64/lib/python3.12/site-packages/urllib3/connectionpool.py:1099: InsecureRequestWarning: Unverified HTTPS request is being made to host 'randomuser.me'. Adding certificate verification is strongly advised. See: https://urllib3.readthedocs.io/en/latest/advanced-usage.html#tls-warnings
  warnings.warn(</msg>
<msg time="2024-07-27T22:13:38.892657" level="INFO">${response} = &lt;Response [200]&gt;</msg>
<var>${response}</var>
<arg>consultarAPI</arg>
<arg>/api</arg>
<doc>Sends a GET request on a previously created HTTP Session.</doc>
<status status="PASS" start="2024-07-27T22:13:38.804482" elapsed="0.088226"/>
</kw>
<kw name="Set Variable" owner="BuiltIn">
<msg time="2024-07-27T22:13:38.893621" level="INFO">${json_data} = {'results': [{'gender': 'female', 'name': {'title': 'Mademoiselle', 'first': 'Alice', 'last': 'Leclerc'}, 'location': {'street': {'number': 9508, 'name': 'Rue des Abbesses'}, 'city': 'Jorat-Mézières',...</msg>
<var>${json_data}</var>
<arg>${response.json()}</arg>
<doc>Returns the given values which can then be assigned to a variables.</doc>
<status status="PASS" start="2024-07-27T22:13:38.893142" elapsed="0.000509"/>
</kw>
<kw name="Log" owner="BuiltIn">
<msg time="2024-07-27T22:13:38.894116" level="INFO">{'results': [{'gender': 'female', 'name': {'title': 'Mademoiselle', 'first': 'Alice', 'last': 'Leclerc'}, 'location': {'street': {'number': 9508, 'name': 'Rue des Abbesses'}, 'city': 'Jorat-Mézières', 'state': 'St. Gallen', 'country': 'Switzerland', 'postcode': 5668, 'coordinates': {'latitude': '-60.8060', 'longitude': '135.7481'}, 'timezone': {'offset': '-4:00', 'description': 'Atlantic Time (Canada), Caracas, La Paz'}}, 'email': 'alice.leclerc@example.com', 'login': {'uuid': '0874fb6b-3b99-4b72-be7c-b4bef3899550', 'username': 'silverpanda327', 'password': 'jumbo', 'salt': 'TJMQBjl4', 'md5': '03985f88986941e8dd01194f4483912c', 'sha1': 'd93a017f83a0513d14b98ab26e1070f36b3267de', 'sha256': 'ada45a0dd52d10173d1685e1db7a5ff5f3ee8e8a6e9e66cafe91f0dc4482377a'}, 'dob': {'date': '1987-02-07T20:51:49.758Z', 'age': 37}, 'registered': {'date': '2020-07-22T00:30:28.035Z', 'age': 4}, 'phone': '077 533 08 10', 'cell': '075 980 02 56', 'id': {'name': 'AVS', 'value': '756.9338.6979.17'}, 'picture': {'large': 'https://randomuser.me/api/portraits/women/94.jpg', 'medium': 'https://randomuser.me/api/portraits/med/women/94.jpg', 'thumbnail': 'https://randomuser.me/api/portraits/thumb/women/94.jpg'}, 'nat': 'CH'}], 'info': {'seed': 'f5f316f3b53e63d3', 'results': 1, 'page': 1, 'version': '1.4'}}</msg>
<arg>${json_data}</arg>
<doc>Logs the given message with the given level.</doc>
<status status="PASS" start="2024-07-27T22:13:38.893957" elapsed="0.000219"/>
</kw>
<kw name="Should Be String" owner="String">
<arg>${json_data['results'][0]['gender']}</arg>
<doc>Fails if the given ``item`` is not a string.</doc>
<status status="PASS" start="2024-07-27T22:13:38.894472" elapsed="0.000365"/>
</kw>
<kw name="Should Match Regexp" owner="BuiltIn">
<arg>${json_data['results'][0]['email']}</arg>
<arg>^[a-zA-Z0-9._%+-]+@[a-zA-Z0-9.-]+\.[a-zA-Z]{2,}$</arg>
<doc>Fails if ``string`` does not match ``pattern`` as a regular expression.</doc>
<status status="PASS" start="2024-07-27T22:13:38.895060" elapsed="0.000528"/>
</kw>
<kw name="Should Match Regexp" owner="BuiltIn">
<arg>${json_data['results'][0]['dob']['date']}</arg>
<arg>\\d{4}-\\d{2}-\\d{2}T\\d{2}:\\d{2}:\\d{2}\\.\\d{3}Z</arg>
<doc>Fails if ``string`` does not match ``pattern`` as a regular expression.</doc>
<status status="PASS" start="2024-07-27T22:13:38.895787" elapsed="0.000593"/>
</kw>
<kw name="Should Match Regexp" owner="BuiltIn">
<arg>${json_data['results'][0]['registered']['date']}</arg>
<arg>\\d{4}-\\d{2}-\\d{2}T\\d{2}:\\d{2}:\\d{2}\\.\\d{3}Z</arg>
<doc>Fails if ``string`` does not match ``pattern`` as a regular expression.</doc>
<status status="PASS" start="2024-07-27T22:13:38.896577" elapsed="0.000374"/>
</kw>
<kw name="Should Match Regexp" owner="BuiltIn">
<arg>${json_data['results'][0]['picture']['large']}</arg>
<arg>^https?://.*\.(?:png|jpe?g|gif|bmp)$</arg>
<doc>Fails if ``string`` does not match ``pattern`` as a regular expression.</doc>
<status status="PASS" start="2024-07-27T22:13:38.897137" elapsed="0.000501"/>
</kw>
<kw name="Should Match Regexp" owner="BuiltIn">
<arg>${json_data['results'][0]['picture']['medium']}</arg>
<arg>^https?://.*\.(?:png|jpe?g|gif|bmp)$</arg>
<doc>Fails if ``string`` does not match ``pattern`` as a regular expression.</doc>
<status status="PASS" start="2024-07-27T22:13:38.897829" elapsed="0.000359"/>
</kw>
<kw name="Should Match Regexp" owner="BuiltIn">
<arg>${json_data['results'][0]['picture']['thumbnail']}</arg>
<arg>^https?://.*\.(?:png|jpe?g|gif|bmp)$</arg>
<doc>Fails if ``string`` does not match ``pattern`` as a regular expression.</doc>
<status status="PASS" start="2024-07-27T22:13:38.898374" elapsed="0.000355"/>
</kw>
<kw name="Log" owner="BuiltIn">
<msg time="2024-07-27T22:13:38.899237" level="INFO">{'large': 'https://randomuser.me/api/portraits/women/94.jpg', 'medium': 'https://randomuser.me/api/portraits/med/women/94.jpg', 'thumbnail': 'https://randomuser.me/api/portraits/thumb/women/94.jpg'}</msg>
<arg>${json_data['results'][0]['picture']}</arg>
<doc>Logs the given message with the given level.</doc>
<status status="PASS" start="2024-07-27T22:13:38.898913" elapsed="0.000367"/>
</kw>
<status status="PASS" start="2024-07-27T22:13:38.804259" elapsed="0.095280"/>
</kw>
<kw name="Teste de Tipos de Dados - Postcode" owner="random-user-service">
<kw name="GET On Session" owner="RequestsLibrary">
<msg time="2024-07-27T22:13:38.991878" level="INFO">GET Request : url=https://randomuser.me/api 
 path_url=/api 
 headers={'User-Agent': 'python-requests/2.32.3', 'Accept-Encoding': 'gzip, deflate', 'Accept': '*/*', 'Connection': 'keep-alive'} 
 body=None 
 </msg>
<msg time="2024-07-27T22:13:38.991986" level="INFO">GET Response : url=https://randomuser.me/api 
 status=200, reason=OK 
 headers={'Date': 'Sat, 27 Jul 2024 22:13:38 GMT', 'Content-Type': 'application/json; charset=utf-8', 'Transfer-Encoding': 'chunked', 'Connection': 'keep-alive', 'X-Powered-By': 'Express', 'Access-Control-Allow-Origin': '*', 'Cache-Control': 'no-cache', 'ETag': 'W/"477-kdtyczvasuULLqa/ns9ravXVEq0"', 'Vary': 'Accept-Encoding', 'Content-Encoding': 'gzip', 'CF-Cache-Status': 'DYNAMIC', 'Report-To': '{"endpoints":[{"url":"https:\\/\\/a.nel.cloudflare.com\\/report\\/v4?s=8NqZ7OFc7UgBrm5H%2FkfEgUm6RrLZsTbyk7sOczbZYRWhEvrdgymPQQD8%2F1yU77qo%2BGtoIls7wdN6LgAkf1YVR9p%2FiH6i3wP9jNn4AbEZ%2Fs1TqXHjUyzRocIU3hbg1Diq"}],"group":"cf-nel","max_age":604800}', 'NEL': '{"success_fraction":0,"report_to":"cf-nel","max_age":604800}', 'Server': 'cloudflare', 'CF-RAY': '8a9ffa562804fa3a-SJC', 'alt-svc': 'h3=":443"; ma=86400'} 
 body={"results":[{"gender":"female","name":{"title":"Miss","first":"Ceyhan","last":"Akan"},"location":{"street":{"number":8626,"name":"Vatan Cd"},"city":"Muş","state":"Hatay","country":"Turkey","postcode":85422,"coordinates":{"latitude":"71.9942","longitude":"55.5155"},"timezone":{"offset":"-1:00","description":"Azores, Cape Verde Islands"}},"email":"ceyhan.akan@example.com","login":{"uuid":"3026df96-dd1c-4c2d-bb27-3d60a88e18b4","username":"heavyelephant855","password":"boston1","salt":"YdWXjYoR","md5":"0a5dba7830cd3cfdb7cb059fa9e5f32b","sha1":"7e4c78ea302a0a21c1b586c5306ae23bfe8eec28","sha256":"8face0f88d63911c9f23504e2a9670b297d1715ce58e756188464652ab1a0661"},"dob":{"date":"1966-10-14T09:55:05.327Z","age":57},"registered":{"date":"2002-08-28T06:04:01.586Z","age":21},"phone":"(559)-056-2102","cell":"(809)-019-6487","id":{"name":"","value":null},"picture":{"large":"https://randomuser.me/api/portraits/women/62.jpg","medium":"https://randomuser.me/api/portraits/med/women/62.jpg","thumbnail":"https://randomuser.me/api/portraits/thumb/women/62.jpg"},"nat":"TR"}],"info":{"seed":"d385c92987ff7338","results":1,"page":1,"version":"1.4"}} 
 </msg>
<msg time="2024-07-27T22:13:38.992068" level="INFO">/opt/hostedtoolcache/Python/3.12.4/x64/lib/python3.12/site-packages/urllib3/connectionpool.py:1099: InsecureRequestWarning: Unverified HTTPS request is being made to host 'randomuser.me'. Adding certificate verification is strongly advised. See: https://urllib3.readthedocs.io/en/latest/advanced-usage.html#tls-warnings
  warnings.warn(</msg>
<msg time="2024-07-27T22:13:38.992210" level="INFO">${response} = &lt;Response [200]&gt;</msg>
<var>${response}</var>
<arg>consultarAPI</arg>
<arg>/api</arg>
<doc>Sends a GET request on a previously created HTTP Session.</doc>
<status status="PASS" start="2024-07-27T22:13:38.899966" elapsed="0.092298"/>
</kw>
<kw name="Set Variable" owner="BuiltIn">
<msg time="2024-07-27T22:13:38.993097" level="INFO">${json_data} = {'results': [{'gender': 'female', 'name': {'title': 'Miss', 'first': 'Ceyhan', 'last': 'Akan'}, 'location': {'street': {'number': 8626, 'name': 'Vatan Cd'}, 'city': 'Muş', 'state': 'Hatay', 'country':...</msg>
<var>${json_data}</var>
<arg>${response.json()}</arg>
<doc>Returns the given values which can then be assigned to a variables.</doc>
<status status="PASS" start="2024-07-27T22:13:38.992650" elapsed="0.000477"/>
</kw>
<kw name="Log" owner="BuiltIn">
<msg time="2024-07-27T22:13:38.993634" level="INFO">{'results': [{'gender': 'female', 'name': {'title': 'Miss', 'first': 'Ceyhan', 'last': 'Akan'}, 'location': {'street': {'number': 8626, 'name': 'Vatan Cd'}, 'city': 'Muş', 'state': 'Hatay', 'country': 'Turkey', 'postcode': 85422, 'coordinates': {'latitude': '71.9942', 'longitude': '55.5155'}, 'timezone': {'offset': '-1:00', 'description': 'Azores, Cape Verde Islands'}}, 'email': 'ceyhan.akan@example.com', 'login': {'uuid': '3026df96-dd1c-4c2d-bb27-3d60a88e18b4', 'username': 'heavyelephant855', 'password': 'boston1', 'salt': 'YdWXjYoR', 'md5': '0a5dba7830cd3cfdb7cb059fa9e5f32b', 'sha1': '7e4c78ea302a0a21c1b586c5306ae23bfe8eec28', 'sha256': '8face0f88d63911c9f23504e2a9670b297d1715ce58e756188464652ab1a0661'}, 'dob': {'date': '1966-10-14T09:55:05.327Z', 'age': 57}, 'registered': {'date': '2002-08-28T06:04:01.586Z', 'age': 21}, 'phone': '(559)-056-2102', 'cell': '(809)-019-6487', 'id': {'name': '', 'value': None}, 'picture': {'large': 'https://randomuser.me/api/portraits/women/62.jpg', 'medium': 'https://randomuser.me/api/portraits/med/women/62.jpg', 'thumbnail': 'https://randomuser.me/api/portraits/thumb/women/62.jpg'}, 'nat': 'TR'}], 'info': {'seed': 'd385c92987ff7338', 'results': 1, 'page': 1, 'version': '1.4'}}</msg>
<arg>${json_data}</arg>
<doc>Logs the given message with the given level.</doc>
<status status="PASS" start="2024-07-27T22:13:38.993475" elapsed="0.000208"/>
</kw>
<kw name="Should Be Equal As Numbers" owner="BuiltIn">
<arg>${json_data['results'][0]['location']['postcode']}</arg>
<arg>${json_data['results'][0]['location']['postcode']}</arg>
<doc>Fails if objects are unequal after converting them to real numbers.</doc>
<status status="PASS" start="2024-07-27T22:13:38.993977" elapsed="0.000627"/>
</kw>
<kw name="Log" owner="BuiltIn">
<msg time="2024-07-27T22:13:38.995174" level="INFO">85422</msg>
<arg>${json_data['results'][0]['location']['postcode']}</arg>
<doc>Logs the given message with the given level.</doc>
<status status="PASS" start="2024-07-27T22:13:38.994800" elapsed="0.000415"/>
</kw>
<status status="PASS" start="2024-07-27T22:13:38.899747" elapsed="0.095721"/>
</kw>
<doc>Testa se os tipos de dados na resposta da API estão corretos.</doc>
<tag>testeTiposDados</tag>
<status status="PASS" start="2024-07-27T22:13:38.803817" elapsed="0.191813"/>
</test>
<test id="s1-s1-t5" name="Validar conteudo" line="35">
<kw name="Teste de Tipos de Conteudo" owner="random-user-service">
<kw name="GET On Session" owner="RequestsLibrary">
<msg time="2024-07-27T22:13:39.091922" level="INFO">GET Request : url=https://randomuser.me/api 
 path_url=/api 
 headers={'User-Agent': 'python-requests/2.32.3', 'Accept-Encoding': 'gzip, deflate', 'Accept': '*/*', 'Connection': 'keep-alive'} 
 body=None 
 </msg>
<msg time="2024-07-27T22:13:39.092018" level="INFO">GET Response : url=https://randomuser.me/api 
 status=200, reason=OK 
 headers={'Date': 'Sat, 27 Jul 2024 22:13:39 GMT', 'Content-Type': 'application/json; charset=utf-8', 'Transfer-Encoding': 'chunked', 'Connection': 'keep-alive', 'X-Powered-By': 'Express', 'Access-Control-Allow-Origin': '*', 'Cache-Control': 'no-cache', 'ETag': 'W/"49a-/MXeiNOzwI7l9C4/m4qCeM9keMU"', 'Vary': 'Accept-Encoding', 'Content-Encoding': 'gzip', 'CF-Cache-Status': 'DYNAMIC', 'Report-To': '{"endpoints":[{"url":"https:\\/\\/a.nel.cloudflare.com\\/report\\/v4?s=tklbgFuSvj0tMazXpculnHA8r9EgUA4t5lFoQfR%2FVY73NfPORyR0XiFEnnBHQ3HANyPn9IaTTexV%2BCeNDuCV9arbcNdsR6kVsYyaGjmWQ%2Ftz2lGx0vxDxAluPt7FkORQ"}],"group":"cf-nel","max_age":604800}', 'NEL': '{"success_fraction":0,"report_to":"cf-nel","max_age":604800}', 'Server': 'cloudflare', 'CF-RAY': '8a9ffa56c862fa3a-SJC', 'alt-svc': 'h3=":443"; ma=86400'} 
 body={"results":[{"gender":"female","name":{"title":"Mrs","first":"Vanesa","last":"Álvarez"},"location":{"street":{"number":6201,"name":"Calle de Tetuán"},"city":"Toledo","state":"Cataluña","country":"Spain","postcode":98897,"coordinates":{"latitude":"-37.9444","longitude":"139.8844"},"timezone":{"offset":"+1:00","description":"Brussels, Copenhagen, Madrid, Paris"}},"email":"vanesa.alvarez@example.com","login":{"uuid":"f0a79ad6-f1df-4932-9498-32d1c88328a8","username":"lazyelephant261","password":"monalisa","salt":"e18Ilj2t","md5":"eef8339e4845d96e162547a1f512dc4b","sha1":"1f5abb5bea081306c0a642f239617dab4580e2fb","sha256":"d1f98683118917364e0c9ae4f5e01e53d01e3f7a7201ff43a798f0ee93371a84"},"dob":{"date":"1991-03-19T11:22:40.858Z","age":33},"registered":{"date":"2003-08-27T08:39:45.373Z","age":20},"phone":"955-215-653","cell":"637-076-969","id":{"name":"DNI","value":"18193868-R"},"picture":{"large":"https://randomuser.me/api/portraits/women/73.jpg","medium":"https://randomuser.me/api/portraits/med/women/73.jpg","thumbnail":"https://randomuser.me/api/portraits/thumb/women/73.jpg"},"nat":"ES"}],"info":{"seed":"83b344e5842ebee6","results":1,"page":1,"version":"1.4"}} 
 </msg>
<msg time="2024-07-27T22:13:39.092135" level="INFO">/opt/hostedtoolcache/Python/3.12.4/x64/lib/python3.12/site-packages/urllib3/connectionpool.py:1099: InsecureRequestWarning: Unverified HTTPS request is being made to host 'randomuser.me'. Adding certificate verification is strongly advised. See: https://urllib3.readthedocs.io/en/latest/advanced-usage.html#tls-warnings
  warnings.warn(</msg>
<msg time="2024-07-27T22:13:39.092308" level="INFO">${response} = &lt;Response [200]&gt;</msg>
<var>${response}</var>
<arg>consultarAPI</arg>
<arg>/api</arg>
<doc>Sends a GET request on a previously created HTTP Session.</doc>
<status status="PASS" start="2024-07-27T22:13:38.998185" elapsed="0.094177"/>
</kw>
<kw name="Set Variable" owner="BuiltIn">
<msg time="2024-07-27T22:13:39.093724" level="INFO">${json_data} = {'results': [{'gender': 'female', 'name': {'title': 'Mrs', 'first': 'Vanesa', 'last': 'Álvarez'}, 'location': {'street': {'number': 6201, 'name': 'Calle de Tetuán'}, 'city': 'Toledo', 'state': 'Catalu...</msg>
<var>${json_data}</var>
<arg>${response.json()}</arg>
<doc>Returns the given values which can then be assigned to a variables.</doc>
<status status="PASS" start="2024-07-27T22:13:39.092939" elapsed="0.000834"/>
</kw>
<kw name="Set Variable" owner="BuiltIn">
<msg time="2024-07-27T22:13:39.094854" level="INFO">${name_title} = Mrs</msg>
<var>${name_title}</var>
<arg>${json_data["results"][0]["name"]["title"]}</arg>
<doc>Returns the given values which can then be assigned to a variables.</doc>
<status status="PASS" start="2024-07-27T22:13:39.094212" elapsed="0.000687"/>
</kw>
<kw name="Create List" owner="BuiltIn">
<msg time="2024-07-27T22:13:39.095637" level="INFO">${allowed_titles} = ['Mr', 'Ms', 'Miss', 'Mrs', 'Madame', 'Monsieur']</msg>
<var>${allowed_titles}</var>
<arg>Mr</arg>
<arg>Ms</arg>
<arg>Miss</arg>
<arg>Mrs</arg>
<arg>Madame</arg>
<arg>Monsieur</arg>
<doc>Returns a list containing given items.</doc>
<status status="PASS" start="2024-07-27T22:13:39.095393" elapsed="0.000287"/>
</kw>
<kw name="List Should Contain Value" owner="Collections">
<arg>${allowed_titles}</arg>
<arg>${name_title}</arg>
<doc>Fails if the ``value`` is not found from ``list``.</doc>
<status status="PASS" start="2024-07-27T22:13:39.096127" elapsed="0.000275"/>
</kw>
<kw name="Set Variable" owner="BuiltIn">
<msg time="2024-07-27T22:13:39.097377" level="INFO">${name_country} = ES</msg>
<var>${name_country}</var>
<arg>${json_data["results"][0]["nat"]}</arg>
<doc>Returns the given values which can then be assigned to a variables.</doc>
<status status="PASS" start="2024-07-27T22:13:39.096702" elapsed="0.000716"/>
</kw>
<kw name="Create List" owner="BuiltIn">
<msg time="2024-07-27T22:13:39.099080" level="INFO">${list_country} = ['AD', 'AE', 'AF', 'AG', 'AI', 'AL', 'AM', 'AO', 'AQ', 'AR', 'AS', 'AT', 'AU', 'AW', 'AX', 'AZ', 'BA', 'BB', 'BD', 'BE', 'BF', 'BG', 'BH', 'BI', 'BJ', 'BL', 'BM', 'BN', 'BO', 'BQ', 'BR', 'BS', 'BT', '...</msg>
<var>${list_country}</var>
<arg>AD</arg>
<arg>AE</arg>
<arg>AF</arg>
<arg>AG</arg>
<arg>AI</arg>
<arg>AL</arg>
<arg>AM</arg>
<arg>AO</arg>
<arg>AQ</arg>
<arg>AR</arg>
<arg>AS</arg>
<arg>AT</arg>
<arg>AU</arg>
<arg>AW</arg>
<arg>AX</arg>
<arg>AZ</arg>
<arg>BA</arg>
<arg>BB</arg>
<arg>BD</arg>
<arg>BE</arg>
<arg>BF</arg>
<arg>BG</arg>
<arg>BH</arg>
<arg>BI</arg>
<arg>BJ</arg>
<arg>BL</arg>
<arg>BM</arg>
<arg>BN</arg>
<arg>BO</arg>
<arg>BQ</arg>
<arg>BR</arg>
<arg>BS</arg>
<arg>BT</arg>
<arg>BV</arg>
<arg>BW</arg>
<arg>BY</arg>
<arg>BZ</arg>
<arg>CA</arg>
<arg>CC</arg>
<arg>CD</arg>
<arg>CF</arg>
<arg>CG</arg>
<arg>CH</arg>
<arg>CI</arg>
<arg>CK</arg>
<arg>CL</arg>
<arg>CM</arg>
<arg>CN</arg>
<arg>CO</arg>
<arg>CR</arg>
<arg>CU</arg>
<arg>CV</arg>
<arg>CW</arg>
<arg>CX</arg>
<arg>CY</arg>
<arg>CZ</arg>
<arg>DE</arg>
<arg>DJ</arg>
<arg>DK</arg>
<arg>DM</arg>
<arg>DO</arg>
<arg>DZ</arg>
<arg>EC</arg>
<arg>EE</arg>
<arg>EG</arg>
<arg>EH</arg>
<arg>ER</arg>
<arg>ES</arg>
<arg>ET</arg>
<arg>FI</arg>
<arg>FJ</arg>
<arg>FK</arg>
<arg>FM</arg>
<arg>FO</arg>
<arg>FR</arg>
<arg>GA</arg>
<arg>GB</arg>
<arg>GD</arg>
<arg>GE</arg>
<arg>GF</arg>
<arg>GG</arg>
<arg>GH</arg>
<arg>GI</arg>
<arg>GL</arg>
<arg>GM</arg>
<arg>GN</arg>
<arg>GP</arg>
<arg>GQ</arg>
<arg>GR</arg>
<arg>GS</arg>
<arg>GT</arg>
<arg>GU</arg>
<arg>GW</arg>
<arg>GY</arg>
<arg>HK</arg>
<arg>HM</arg>
<arg>HN</arg>
<arg>HR</arg>
<arg>HT</arg>
<arg>HU</arg>
<arg>ID</arg>
<arg>IE</arg>
<arg>IL</arg>
<arg>IM</arg>
<arg>IN</arg>
<arg>IO</arg>
<arg>IQ</arg>
<arg>IR</arg>
<arg>IS</arg>
<arg>IT</arg>
<arg>JE</arg>
<arg>JM</arg>
<arg>JO</arg>
<arg>JP</arg>
<arg>KE</arg>
<arg>KG</arg>
<arg>KH</arg>
<arg>KI</arg>
<arg>KM</arg>
<arg>KN</arg>
<arg>KP</arg>
<arg>KR</arg>
<arg>KW</arg>
<arg>KY</arg>
<arg>KZ</arg>
<arg>LA</arg>
<arg>LB</arg>
<arg>LC</arg>
<arg>LI</arg>
<arg>LK</arg>
<arg>LR</arg>
<arg>LS</arg>
<arg>LT</arg>
<arg>LU</arg>
<arg>LV</arg>
<arg>LY</arg>
<arg>MA</arg>
<arg>MC</arg>
<arg>MD</arg>
<arg>ME</arg>
<arg>MF</arg>
<arg>MG</arg>
<arg>MH</arg>
<arg>MK</arg>
<arg>ML</arg>
<arg>MM</arg>
<arg>MN</arg>
<arg>MO</arg>
<arg>MP</arg>
<arg>MQ</arg>
<arg>MR</arg>
<arg>MS</arg>
<arg>MT</arg>
<arg>MU</arg>
<arg>MV</arg>
<arg>MW</arg>
<arg>MX</arg>
<arg>MY</arg>
<arg>MZ</arg>
<arg>NA</arg>
<arg>NC</arg>
<arg>NE</arg>
<arg>NF</arg>
<arg>NG</arg>
<arg>NI</arg>
<arg>NL</arg>
<arg>NO</arg>
<arg>NP</arg>
<arg>NR</arg>
<arg>NU</arg>
<arg>NZ</arg>
<arg>OM</arg>
<arg>PA</arg>
<arg>PE</arg>
<arg>PF</arg>
<arg>PG</arg>
<arg>PH</arg>
<arg>PK</arg>
<arg>PL</arg>
<arg>PM</arg>
<arg>PN</arg>
<arg>PR</arg>
<arg>PS</arg>
<arg>PT</arg>
<arg>PW</arg>
<arg>PY</arg>
<arg>QA</arg>
<arg>RE</arg>
<arg>RO</arg>
<arg>RS</arg>
<arg>RU</arg>
<arg>RW</arg>
<arg>SA</arg>
<arg>SB</arg>
<arg>SC</arg>
<arg>SD</arg>
<arg>SE</arg>
<arg>SG</arg>
<arg>SH</arg>
<arg>SI</arg>
<arg>SJ</arg>
<arg>SK</arg>
<arg>SL</arg>
<arg>SM</arg>
<arg>SN</arg>
<arg>SO</arg>
<arg>SR</arg>
<arg>SS</arg>
<arg>ST</arg>
<arg>SV</arg>
<arg>SX</arg>
<arg>SY</arg>
<arg>SZ</arg>
<arg>TC</arg>
<arg>TD</arg>
<arg>TF</arg>
<arg>TG</arg>
<arg>TH</arg>
<arg>TJ</arg>
<arg>TK</arg>
<arg>TL</arg>
<arg>TM</arg>
<arg>TN</arg>
<arg>TO</arg>
<arg>TR</arg>
<arg>TT</arg>
<arg>TV</arg>
<arg>TW</arg>
<arg>TZ</arg>
<arg>UA</arg>
<arg>UG</arg>
<arg>UM</arg>
<arg>US</arg>
<arg>UY</arg>
<arg>UZ</arg>
<arg>VA</arg>
<arg>VC</arg>
<arg>VE</arg>
<arg>VG</arg>
<arg>VI</arg>
<arg>VN</arg>
<arg>VU</arg>
<arg>WF</arg>
<arg>WS</arg>
<arg>XK</arg>
<arg>YE</arg>
<arg>YT</arg>
<arg>ZA</arg>
<arg>ZM</arg>
<arg>ZW</arg>
<doc>Returns a list containing given items.</doc>
<status status="PASS" start="2024-07-27T22:13:39.097885" elapsed="0.001246"/>
</kw>
<kw name="List Should Contain Value" owner="Collections">
<arg>${list_country}</arg>
<arg>${name_country}</arg>
<doc>Fails if the ``value`` is not found from ``list``.</doc>
<status status="PASS" start="2024-07-27T22:13:39.100845" elapsed="0.000385"/>
</kw>
<kw name="Run Keyword If" owner="BuiltIn">
<kw name="Should Be True" owner="BuiltIn">
<arg>${True}</arg>
<doc>Fails if the given condition is not true.</doc>
<status status="PASS" start="2024-07-27T22:13:39.102847" elapsed="0.000235"/>
</kw>
<arg>${json_data["results"][0]["location"]["coordinates"]["latitude"]} &gt;= -90 and ${json_data["results"][0]["location"]["coordinates"]["latitude"]} &lt;= 90</arg>
<arg>Should Be True</arg>
<arg>${True}</arg>
<doc>Runs the given keyword with the given arguments, if ``condition`` is true.</doc>
<status status="PASS" start="2024-07-27T22:13:39.101565" elapsed="0.001750"/>
</kw>
<kw name="Run Keyword If" owner="BuiltIn">
<kw name="Should Be True" owner="BuiltIn">
<arg>${True}</arg>
<doc>Fails if the given condition is not true.</doc>
<status status="PASS" start="2024-07-27T22:13:39.104825" elapsed="0.000224"/>
</kw>
<arg>${json_data["results"][0]["location"]["coordinates"]["longitude"]} &gt;= -180 and ${json_data["results"][0]["location"]["coordinates"]["longitude"]} &lt;= 180</arg>
<arg>Should Be True</arg>
<arg>${True}</arg>
<doc>Runs the given keyword with the given arguments, if ``condition`` is true.</doc>
<status status="PASS" start="2024-07-27T22:13:39.103627" elapsed="0.001697"/>
</kw>
<status status="PASS" start="2024-07-27T22:13:38.997857" elapsed="0.107668"/>
</kw>
<doc>Testa o conteúdo específico dos campos retornados pela API.</doc>
<tag>testeConteudo</tag>
<status status="PASS" start="2024-07-27T22:13:38.997401" elapsed="0.108315"/>
</test>
<status status="PASS" start="2024-07-27T22:13:38.069019" elapsed="1.038776"/>
</suite>
<status status="PASS" start="2024-07-27T22:13:38.054673" elapsed="1.058157"/>
</suite>
<statistics>
<total>
<stat pass="5" fail="0" skip="0">All Tests</stat>
</total>
<tag>
<stat pass="1" fail="0" skip="0">testeConteudo</stat>
<stat pass="1" fail="0" skip="0">testeEstruturaResposta</stat>
<stat pass="1" fail="0" skip="0">testeRequisicaoBasica</stat>
<stat pass="1" fail="0" skip="0">testeTiposDados</stat>
</tag>
<suite>
<stat pass="5" fail="0" skip="0" id="s1" name="Tests">Tests</stat>
<stat pass="5" fail="0" skip="0" id="s1-s1" name="Random-User-Test">Tests.Random-User-Test</stat>
</suite>
</statistics>
<errors>
</errors>
</robot>
