<?xml version="1.0" encoding="UTF-8"?>
<robot generator="Robot 7.0 (Python 3.12.2 on linux)" generated="2024-03-27T21:12:14.219439" rpa="false" schemaversion="5">
<suite id="s1" name="Tests" source="/home/runner/work/DesafioQAItauRogerioJordao/DesafioQAItauRogerioJordao/RamdonUser/tests">
<suite id="s1-s1" name="Random-User-Test" source="/home/runner/work/DesafioQAItauRogerioJordao/DesafioQAItauRogerioJordao/RamdonUser/tests/random-user-test.robot">
<test id="s1-s1-t1" name="Conectar" line="13">
<kw name="Conectar API" owner="random-user-service">
<kw name="Create Session" owner="RequestsLibrary">
<msg time="2024-03-27T21:12:14.595252" level="INFO">Creating Session using : alias=consultarAPI, url=https://randomuser.me/, headers={},                     cookies={}, auth=None, timeout=None, proxies=None, verify=False,                     debug=0 </msg>
<arg>consultarAPI</arg>
<arg>${URL}</arg>
<doc>Create Session: create a HTTP session to a server</doc>
<status status="PASS" start="2024-03-27T21:12:14.595023" elapsed="0.000430"/>
</kw>
<status status="PASS" start="2024-03-27T21:12:14.593903" elapsed="0.001952"/>
</kw>
<status status="PASS" start="2024-03-27T21:12:14.593228" elapsed="0.002854"/>
</test>
<test id="s1-s1-t2" name="Validar retorno 200 e JSON Válido" line="16">
<kw name="Teste de Requisicao Basica" owner="random-user-service">
<kw name="GET On Session" owner="RequestsLibrary">
<msg time="2024-03-27T21:12:14.694680" level="INFO">GET Request : url=https://randomuser.me/api 
 path_url=/api 
 headers={'User-Agent': 'python-requests/2.31.0', 'Accept-Encoding': 'gzip, deflate', 'Accept': '*/*', 'Connection': 'keep-alive'} 
 body=None 
 </msg>
<msg time="2024-03-27T21:12:14.694868" level="INFO">GET Response : url=https://randomuser.me/api 
 status=200, reason=OK 
 headers={'Date': 'Wed, 27 Mar 2024 21:12:14 GMT', 'Content-Type': 'application/json; charset=utf-8', 'Transfer-Encoding': 'chunked', 'Connection': 'keep-alive', 'X-Powered-By': 'Express', 'Access-Control-Allow-Origin': '*', 'Cache-Control': 'no-cache', 'ETag': 'W/"471-6jXevA3p68xc6gS5CV7AW4PpaR8"', 'Vary': 'Accept-Encoding', 'Content-Encoding': 'gzip', 'CF-Cache-Status': 'DYNAMIC', 'Report-To': '{"endpoints":[{"url":"https:\\/\\/a.nel.cloudflare.com\\/report\\/v4?s=rD%2B6mBQTukVI3Z8XHkBLdilW2Q8Lgxv27z%2Bj9096T2RLIO%2FaRCxZ9NYUPWyymHtpaPHdHyx87Eec9GL2oAHaEwzjUhXxQL2xtAuR4RQhaBRqer48nm%2BbBNHFsMAFoLHF"}],"group":"cf-nel","max_age":604800}', 'NEL': '{"success_fraction":0,"report_to":"cf-nel","max_age":604800}', 'Server': 'cloudflare', 'CF-RAY': '86b260a37f249c5a-IAD', 'alt-svc': 'h3=":443"; ma=86400'} 
 body={"results":[{"gender":"male","name":{"title":"Mr","first":"Konsta","last":"Maki"},"location":{"street":{"number":1308,"name":"Rotuaari"},"city":"Rauma","state":"Central Finland","country":"Finland","postcode":27837,"coordinates":{"latitude":"-25.1276","longitude":"-152.8612"},"timezone":{"offset":"+4:30","description":"Kabul"}},"email":"konsta.maki@example.com","login":{"uuid":"78a2bb03-1cde-4e90-b44d-c3cd9b3d7a48","username":"brownsnake798","password":"comment","salt":"eWZ66KcT","md5":"c21a20e6b77a43a4fd33e2eb79ed61e8","sha1":"03d1546878859626a37c39b8527de2b50fc7ccd2","sha256":"7f7e771407c9363c9bc5c38ef5c84863d5fb252c4d8c14e3c5654ec80ad17ff4"},"dob":{"date":"1955-11-08T14:52:32.708Z","age":68},"registered":{"date":"2017-12-23T13:54:17.736Z","age":6},"phone":"06-728-462","cell":"045-145-98-63","id":{"name":"HETU","value":"NaNNA355undefined"},"picture":{"large":"https://randomuser.me/api/portraits/men/84.jpg","medium":"https://randomuser.me/api/portraits/med/men/84.jpg","thumbnail":"https://randomuser.me/api/portraits/thumb/men/84.jpg"},"nat":"FI"}],"info":{"seed":"e357b3efe0a0ac54","results":1,"page":1,"version":"1.4"}} 
 </msg>
<msg time="2024-03-27T21:12:14.694989" level="INFO">/opt/hostedtoolcache/Python/3.12.2/x64/lib/python3.12/site-packages/urllib3/connectionpool.py:1103: InsecureRequestWarning: Unverified HTTPS request is being made to host 'randomuser.me'. Adding certificate verification is strongly advised. See: https://urllib3.readthedocs.io/en/latest/advanced-usage.html#tls-warnings
  warnings.warn(</msg>
<msg time="2024-03-27T21:12:14.695189" level="INFO">${response} = &lt;Response [200]&gt;</msg>
<var>${response}</var>
<arg>consultarAPI</arg>
<arg>/api</arg>
<doc>Sends a GET request on a previously created HTTP Session.</doc>
<status status="PASS" start="2024-03-27T21:12:14.598896" elapsed="0.096339"/>
</kw>
<kw name="Should Be Equal As Numbers" owner="BuiltIn">
<msg time="2024-03-27T21:12:14.696316" level="INFO">Argument types are:
&lt;class 'int'&gt;
&lt;class 'str'&gt;</msg>
<arg>${response.status_code}</arg>
<arg>200</arg>
<doc>Fails if objects are unequal after converting them to real numbers.</doc>
<status status="PASS" start="2024-03-27T21:12:14.695841" elapsed="0.000548"/>
</kw>
<kw name="Log" owner="BuiltIn">
<msg time="2024-03-27T21:12:14.697181" level="INFO">200</msg>
<arg>${response.status_code}</arg>
<doc>Logs the given message with the given level.</doc>
<status status="PASS" start="2024-03-27T21:12:14.696787" elapsed="0.000440"/>
</kw>
<kw name="Set Variable" owner="BuiltIn">
<msg time="2024-03-27T21:12:14.698047" level="INFO">${json_data} = {'results': [{'gender': 'male', 'name': {'title': 'Mr', 'first': 'Konsta', 'last': 'Maki'}, 'location': {'street': {'number': 1308, 'name': 'Rotuaari'}, 'city': 'Rauma', 'state': 'Central Finland', 'c...</msg>
<var>${json_data}</var>
<arg>${response.json()}</arg>
<doc>Returns the given values which can then be assigned to a variables.</doc>
<status status="PASS" start="2024-03-27T21:12:14.697586" elapsed="0.000489"/>
</kw>
<kw name="Dictionary Should Contain Key" owner="Collections">
<msg time="2024-03-27T21:12:14.698559" level="INFO">False</msg>
<arg>${json_data}</arg>
<arg>results</arg>
<doc>Fails if ``key`` is not found from ``dictionary``.</doc>
<status status="PASS" start="2024-03-27T21:12:14.698384" elapsed="0.000216"/>
</kw>
<status status="PASS" start="2024-03-27T21:12:14.598614" elapsed="0.100250"/>
</kw>
<doc>Testa se a API responde corretamente e retorna um objeto JSON válido.</doc>
<tag>testeRequisicaoBasica</tag>
<status status="PASS" start="2024-03-27T21:12:14.598047" elapsed="0.101019"/>
</test>
<test id="s1-s1-t3" name="Validar estrutura de resposta" line="22">
<kw name="Teste de Estrutura de Resposta" owner="random-user-service">
<kw name="GET On Session" owner="RequestsLibrary">
<msg time="2024-03-27T21:12:14.774443" level="INFO">GET Request : url=https://randomuser.me/api 
 path_url=/api 
 headers={'User-Agent': 'python-requests/2.31.0', 'Accept-Encoding': 'gzip, deflate', 'Accept': '*/*', 'Connection': 'keep-alive'} 
 body=None 
 </msg>
<msg time="2024-03-27T21:12:14.774546" level="INFO">GET Response : url=https://randomuser.me/api 
 status=200, reason=OK 
 headers={'Date': 'Wed, 27 Mar 2024 21:12:14 GMT', 'Content-Type': 'application/json; charset=utf-8', 'Transfer-Encoding': 'chunked', 'Connection': 'keep-alive', 'X-Powered-By': 'Express', 'Access-Control-Allow-Origin': '*', 'Cache-Control': 'no-cache', 'ETag': 'W/"481-fgx7NXV+mxBIBPgaHTgl/DoJSEY"', 'Vary': 'Accept-Encoding', 'Content-Encoding': 'gzip', 'CF-Cache-Status': 'DYNAMIC', 'Report-To': '{"endpoints":[{"url":"https:\\/\\/a.nel.cloudflare.com\\/report\\/v4?s=LaAmEZXUWSa3oOZLHdmsNhCmNc4dpWLj6ItUn5VbWfHdeudqo1Q0sKb7RYTFN%2F8fuEFhG%2BPlwmPabq7C0QAkcgAjwEHGnixRtS%2FYL6Fh5UlsrOy5t2Qu3z%2B1NRBLVTGO"}],"group":"cf-nel","max_age":604800}', 'NEL': '{"success_fraction":0,"report_to":"cf-nel","max_age":604800}', 'Server': 'cloudflare', 'CF-RAY': '86b260a3efb19c5a-IAD', 'alt-svc': 'h3=":443"; ma=86400'} 
 body={"results":[{"gender":"male","name":{"title":"Mr","first":"طاها","last":"رضایی"},"location":{"street":{"number":4875,"name":"آیت الله کاشانی"},"city":"رشت","state":"مرکزی","country":"Iran","postcode":90439,"coordinates":{"latitude":"21.3766","longitude":"-47.2880"},"timezone":{"offset":"-1:00","description":"Azores, Cape Verde Islands"}},"email":"th.rdyy@example.com","login":{"uuid":"836716ae-bdca-4290-81ba-46db66719a08","username":"sadostrich371","password":"aaaa","salt":"T1XPlLbF","md5":"4de2adb784ad57f2c7c4326e75d69987","sha1":"55032aa31ec1b2fb434b4d832f452c83385fc74e","sha256":"e1d8424ee0c650dd5e223b81dfd47843a97a51a70577d61445d6c1c95ed2ebed"},"dob":{"date":"1966-05-30T03:30:44.719Z","age":57},"registered":{"date":"2019-02-10T23:25:38.093Z","age":5},"phone":"044-40660581","cell":"0979-010-7845","id":{"name":"","value":null},"picture":{"large":"https://randomuser.me/api/portraits/men/74.jpg","medium":"https://randomuser.me/api/portraits/med/men/74.jpg","thumbnail":"https://randomuser.me/api/portraits/thumb/men/74.jpg"},"nat":"IR"}],"info":{"seed":"f03f6a562d299d6c","results":1,"page":1,"version":"1.4"}} 
 </msg>
<msg time="2024-03-27T21:12:14.774693" level="INFO">/opt/hostedtoolcache/Python/3.12.2/x64/lib/python3.12/site-packages/urllib3/connectionpool.py:1103: InsecureRequestWarning: Unverified HTTPS request is being made to host 'randomuser.me'. Adding certificate verification is strongly advised. See: https://urllib3.readthedocs.io/en/latest/advanced-usage.html#tls-warnings
  warnings.warn(</msg>
<msg time="2024-03-27T21:12:14.774850" level="INFO">${response} = &lt;Response [200]&gt;</msg>
<var>${response}</var>
<arg>consultarAPI</arg>
<arg>/api</arg>
<doc>Sends a GET request on a previously created HTTP Session.</doc>
<status status="PASS" start="2024-03-27T21:12:14.702353" elapsed="0.072543"/>
</kw>
<kw name="Set Variable" owner="BuiltIn">
<msg time="2024-03-27T21:12:14.775974" level="INFO">${json_data} = {'results': [{'gender': 'male', 'name': {'title': 'Mr', 'first': 'طاها', 'last': 'رضایی'}, 'location': {'street': {'number': 4875, 'name': 'آیت الله کاشانی'}, 'city': 'رشت', 'state': 'مرکزی', 'country...</msg>
<var>${json_data}</var>
<arg>${response.json()}</arg>
<doc>Returns the given values which can then be assigned to a variables.</doc>
<status status="PASS" start="2024-03-27T21:12:14.775406" elapsed="0.000601"/>
</kw>
<kw name="Log" owner="BuiltIn">
<msg time="2024-03-27T21:12:14.776532" level="INFO">{'results': [{'gender': 'male', 'name': {'title': 'Mr', 'first': 'طاها', 'last': 'رضایی'}, 'location': {'street': {'number': 4875, 'name': 'آیت الله کاشانی'}, 'city': 'رشت', 'state': 'مرکزی', 'country': 'Iran', 'postcode': 90439, 'coordinates': {'latitude': '21.3766', 'longitude': '-47.2880'}, 'timezone': {'offset': '-1:00', 'description': 'Azores, Cape Verde Islands'}}, 'email': 'th.rdyy@example.com', 'login': {'uuid': '836716ae-bdca-4290-81ba-46db66719a08', 'username': 'sadostrich371', 'password': 'aaaa', 'salt': 'T1XPlLbF', 'md5': '4de2adb784ad57f2c7c4326e75d69987', 'sha1': '55032aa31ec1b2fb434b4d832f452c83385fc74e', 'sha256': 'e1d8424ee0c650dd5e223b81dfd47843a97a51a70577d61445d6c1c95ed2ebed'}, 'dob': {'date': '1966-05-30T03:30:44.719Z', 'age': 57}, 'registered': {'date': '2019-02-10T23:25:38.093Z', 'age': 5}, 'phone': '044-40660581', 'cell': '0979-010-7845', 'id': {'name': '', 'value': None}, 'picture': {'large': 'https://randomuser.me/api/portraits/men/74.jpg', 'medium': 'https://randomuser.me/api/portraits/med/men/74.jpg', 'thumbnail': 'https://randomuser.me/api/portraits/thumb/men/74.jpg'}, 'nat': 'IR'}], 'info': {'seed': 'f03f6a562d299d6c', 'results': 1, 'page': 1, 'version': '1.4'}}</msg>
<arg>${json_data}</arg>
<doc>Logs the given message with the given level.</doc>
<status status="PASS" start="2024-03-27T21:12:14.776357" elapsed="0.000226"/>
</kw>
<kw name="Dictionary Should Contain Key" owner="Collections">
<msg time="2024-03-27T21:12:14.777109" level="INFO">False</msg>
<arg>${json_data}</arg>
<arg>results</arg>
<doc>Fails if ``key`` is not found from ``dictionary``.</doc>
<status status="PASS" start="2024-03-27T21:12:14.776944" elapsed="0.000203"/>
</kw>
<kw name="Should Not Be Empty" owner="BuiltIn">
<msg time="2024-03-27T21:12:14.777586" level="INFO">Length is 2.</msg>
<arg>${json_data}</arg>
<doc>Verifies that the given item is not empty.</doc>
<status status="PASS" start="2024-03-27T21:12:14.777450" elapsed="0.000175"/>
</kw>
<kw name="Create List" owner="BuiltIn">
<msg time="2024-03-27T21:12:14.778072" level="INFO">${expected_keys} = ['gender', 'name', 'location', 'email', 'login']</msg>
<var>${expected_keys}</var>
<arg>gender</arg>
<arg>name</arg>
<arg>location</arg>
<arg>email</arg>
<arg>login</arg>
<doc>Returns a list containing given items.</doc>
<status status="PASS" start="2024-03-27T21:12:14.777919" elapsed="0.000179"/>
</kw>
<for flavor="IN">
<iter>
<kw name="Dictionary Should Contain Key" owner="Collections">
<msg time="2024-03-27T21:12:14.779133" level="INFO">False</msg>
<arg>${json_data['results'][0]}</arg>
<arg>${key}</arg>
<doc>Fails if ``key`` is not found from ``dictionary``.</doc>
<status status="PASS" start="2024-03-27T21:12:14.778701" elapsed="0.000472"/>
</kw>
<kw name="Log" owner="BuiltIn">
<msg time="2024-03-27T21:12:14.779860" level="INFO">{'gender': 'male', 'name': {'title': 'Mr', 'first': 'طاها', 'last': 'رضایی'}, 'location': {'street': {'number': 4875, 'name': 'آیت الله کاشانی'}, 'city': 'رشت', 'state': 'مرکزی', 'country': 'Iran', 'postcode': 90439, 'coordinates': {'latitude': '21.3766', 'longitude': '-47.2880'}, 'timezone': {'offset': '-1:00', 'description': 'Azores, Cape Verde Islands'}}, 'email': 'th.rdyy@example.com', 'login': {'uuid': '836716ae-bdca-4290-81ba-46db66719a08', 'username': 'sadostrich371', 'password': 'aaaa', 'salt': 'T1XPlLbF', 'md5': '4de2adb784ad57f2c7c4326e75d69987', 'sha1': '55032aa31ec1b2fb434b4d832f452c83385fc74e', 'sha256': 'e1d8424ee0c650dd5e223b81dfd47843a97a51a70577d61445d6c1c95ed2ebed'}, 'dob': {'date': '1966-05-30T03:30:44.719Z', 'age': 57}, 'registered': {'date': '2019-02-10T23:25:38.093Z', 'age': 5}, 'phone': '044-40660581', 'cell': '0979-010-7845', 'id': {'name': '', 'value': None}, 'picture': {'large': 'https://randomuser.me/api/portraits/men/74.jpg', 'medium': 'https://randomuser.me/api/portraits/med/men/74.jpg', 'thumbnail': 'https://randomuser.me/api/portraits/thumb/men/74.jpg'}, 'nat': 'IR'}</msg>
<arg>${json_data['results'][0]}</arg>
<doc>Logs the given message with the given level.</doc>
<status status="PASS" start="2024-03-27T21:12:14.779485" elapsed="0.000432"/>
</kw>
<kw name="Log" owner="BuiltIn">
<msg time="2024-03-27T21:12:14.780358" level="INFO">gender</msg>
<arg>${key}</arg>
<doc>Logs the given message with the given level.</doc>
<status status="PASS" start="2024-03-27T21:12:14.780228" elapsed="0.000170"/>
</kw>
<var name="${key}">gender</var>
<status status="PASS" start="2024-03-27T21:12:14.778565" elapsed="0.002053"/>
</iter>
<iter>
<kw name="Dictionary Should Contain Key" owner="Collections">
<msg time="2024-03-27T21:12:14.781367" level="INFO">False</msg>
<arg>${json_data['results'][0]}</arg>
<arg>${key}</arg>
<doc>Fails if ``key`` is not found from ``dictionary``.</doc>
<status status="PASS" start="2024-03-27T21:12:14.780963" elapsed="0.000451"/>
</kw>
<kw name="Log" owner="BuiltIn">
<msg time="2024-03-27T21:12:14.782113" level="INFO">{'gender': 'male', 'name': {'title': 'Mr', 'first': 'طاها', 'last': 'رضایی'}, 'location': {'street': {'number': 4875, 'name': 'آیت الله کاشانی'}, 'city': 'رشت', 'state': 'مرکزی', 'country': 'Iran', 'postcode': 90439, 'coordinates': {'latitude': '21.3766', 'longitude': '-47.2880'}, 'timezone': {'offset': '-1:00', 'description': 'Azores, Cape Verde Islands'}}, 'email': 'th.rdyy@example.com', 'login': {'uuid': '836716ae-bdca-4290-81ba-46db66719a08', 'username': 'sadostrich371', 'password': 'aaaa', 'salt': 'T1XPlLbF', 'md5': '4de2adb784ad57f2c7c4326e75d69987', 'sha1': '55032aa31ec1b2fb434b4d832f452c83385fc74e', 'sha256': 'e1d8424ee0c650dd5e223b81dfd47843a97a51a70577d61445d6c1c95ed2ebed'}, 'dob': {'date': '1966-05-30T03:30:44.719Z', 'age': 57}, 'registered': {'date': '2019-02-10T23:25:38.093Z', 'age': 5}, 'phone': '044-40660581', 'cell': '0979-010-7845', 'id': {'name': '', 'value': None}, 'picture': {'large': 'https://randomuser.me/api/portraits/men/74.jpg', 'medium': 'https://randomuser.me/api/portraits/med/men/74.jpg', 'thumbnail': 'https://randomuser.me/api/portraits/thumb/men/74.jpg'}, 'nat': 'IR'}</msg>
<arg>${json_data['results'][0]}</arg>
<doc>Logs the given message with the given level.</doc>
<status status="PASS" start="2024-03-27T21:12:14.781747" elapsed="0.000417"/>
</kw>
<kw name="Log" owner="BuiltIn">
<msg time="2024-03-27T21:12:14.782599" level="INFO">name</msg>
<arg>${key}</arg>
<doc>Logs the given message with the given level.</doc>
<status status="PASS" start="2024-03-27T21:12:14.782469" elapsed="0.000168"/>
</kw>
<var name="${key}">name</var>
<status status="PASS" start="2024-03-27T21:12:14.780846" elapsed="0.002009"/>
</iter>
<iter>
<kw name="Dictionary Should Contain Key" owner="Collections">
<msg time="2024-03-27T21:12:14.783531" level="INFO">False</msg>
<arg>${json_data['results'][0]}</arg>
<arg>${key}</arg>
<doc>Fails if ``key`` is not found from ``dictionary``.</doc>
<status status="PASS" start="2024-03-27T21:12:14.783150" elapsed="0.000419"/>
</kw>
<kw name="Log" owner="BuiltIn">
<msg time="2024-03-27T21:12:14.784247" level="INFO">{'gender': 'male', 'name': {'title': 'Mr', 'first': 'طاها', 'last': 'رضایی'}, 'location': {'street': {'number': 4875, 'name': 'آیت الله کاشانی'}, 'city': 'رشت', 'state': 'مرکزی', 'country': 'Iran', 'postcode': 90439, 'coordinates': {'latitude': '21.3766', 'longitude': '-47.2880'}, 'timezone': {'offset': '-1:00', 'description': 'Azores, Cape Verde Islands'}}, 'email': 'th.rdyy@example.com', 'login': {'uuid': '836716ae-bdca-4290-81ba-46db66719a08', 'username': 'sadostrich371', 'password': 'aaaa', 'salt': 'T1XPlLbF', 'md5': '4de2adb784ad57f2c7c4326e75d69987', 'sha1': '55032aa31ec1b2fb434b4d832f452c83385fc74e', 'sha256': 'e1d8424ee0c650dd5e223b81dfd47843a97a51a70577d61445d6c1c95ed2ebed'}, 'dob': {'date': '1966-05-30T03:30:44.719Z', 'age': 57}, 'registered': {'date': '2019-02-10T23:25:38.093Z', 'age': 5}, 'phone': '044-40660581', 'cell': '0979-010-7845', 'id': {'name': '', 'value': None}, 'picture': {'large': 'https://randomuser.me/api/portraits/men/74.jpg', 'medium': 'https://randomuser.me/api/portraits/med/men/74.jpg', 'thumbnail': 'https://randomuser.me/api/portraits/thumb/men/74.jpg'}, 'nat': 'IR'}</msg>
<arg>${json_data['results'][0]}</arg>
<doc>Logs the given message with the given level.</doc>
<status status="PASS" start="2024-03-27T21:12:14.783875" elapsed="0.000427"/>
</kw>
<kw name="Log" owner="BuiltIn">
<msg time="2024-03-27T21:12:14.784924" level="INFO">location</msg>
<arg>${key}</arg>
<doc>Logs the given message with the given level.</doc>
<status status="PASS" start="2024-03-27T21:12:14.784726" elapsed="0.000261"/>
</kw>
<var name="${key}">location</var>
<status status="PASS" start="2024-03-27T21:12:14.783039" elapsed="0.002269"/>
</iter>
<iter>
<kw name="Dictionary Should Contain Key" owner="Collections">
<msg time="2024-03-27T21:12:14.786344" level="INFO">False</msg>
<arg>${json_data['results'][0]}</arg>
<arg>${key}</arg>
<doc>Fails if ``key`` is not found from ``dictionary``.</doc>
<status status="PASS" start="2024-03-27T21:12:14.785763" elapsed="0.000640"/>
</kw>
<kw name="Log" owner="BuiltIn">
<msg time="2024-03-27T21:12:14.787222" level="INFO">{'gender': 'male', 'name': {'title': 'Mr', 'first': 'طاها', 'last': 'رضایی'}, 'location': {'street': {'number': 4875, 'name': 'آیت الله کاشانی'}, 'city': 'رشت', 'state': 'مرکزی', 'country': 'Iran', 'postcode': 90439, 'coordinates': {'latitude': '21.3766', 'longitude': '-47.2880'}, 'timezone': {'offset': '-1:00', 'description': 'Azores, Cape Verde Islands'}}, 'email': 'th.rdyy@example.com', 'login': {'uuid': '836716ae-bdca-4290-81ba-46db66719a08', 'username': 'sadostrich371', 'password': 'aaaa', 'salt': 'T1XPlLbF', 'md5': '4de2adb784ad57f2c7c4326e75d69987', 'sha1': '55032aa31ec1b2fb434b4d832f452c83385fc74e', 'sha256': 'e1d8424ee0c650dd5e223b81dfd47843a97a51a70577d61445d6c1c95ed2ebed'}, 'dob': {'date': '1966-05-30T03:30:44.719Z', 'age': 57}, 'registered': {'date': '2019-02-10T23:25:38.093Z', 'age': 5}, 'phone': '044-40660581', 'cell': '0979-010-7845', 'id': {'name': '', 'value': None}, 'picture': {'large': 'https://randomuser.me/api/portraits/men/74.jpg', 'medium': 'https://randomuser.me/api/portraits/med/men/74.jpg', 'thumbnail': 'https://randomuser.me/api/portraits/thumb/men/74.jpg'}, 'nat': 'IR'}</msg>
<arg>${json_data['results'][0]}</arg>
<doc>Logs the given message with the given level.</doc>
<status status="PASS" start="2024-03-27T21:12:14.786827" elapsed="0.000448"/>
</kw>
<kw name="Log" owner="BuiltIn">
<msg time="2024-03-27T21:12:14.787716" level="INFO">email</msg>
<arg>${key}</arg>
<doc>Logs the given message with the given level.</doc>
<status status="PASS" start="2024-03-27T21:12:14.787581" elapsed="0.000175"/>
</kw>
<var name="${key}">email</var>
<status status="PASS" start="2024-03-27T21:12:14.785593" elapsed="0.002382"/>
</iter>
<iter>
<kw name="Dictionary Should Contain Key" owner="Collections">
<msg time="2024-03-27T21:12:14.788662" level="INFO">False</msg>
<arg>${json_data['results'][0]}</arg>
<arg>${key}</arg>
<doc>Fails if ``key`` is not found from ``dictionary``.</doc>
<status status="PASS" start="2024-03-27T21:12:14.788269" elapsed="0.000467"/>
</kw>
<kw name="Log" owner="BuiltIn">
<msg time="2024-03-27T21:12:14.789405" level="INFO">{'gender': 'male', 'name': {'title': 'Mr', 'first': 'طاها', 'last': 'رضایی'}, 'location': {'street': {'number': 4875, 'name': 'آیت الله کاشانی'}, 'city': 'رشت', 'state': 'مرکزی', 'country': 'Iran', 'postcode': 90439, 'coordinates': {'latitude': '21.3766', 'longitude': '-47.2880'}, 'timezone': {'offset': '-1:00', 'description': 'Azores, Cape Verde Islands'}}, 'email': 'th.rdyy@example.com', 'login': {'uuid': '836716ae-bdca-4290-81ba-46db66719a08', 'username': 'sadostrich371', 'password': 'aaaa', 'salt': 'T1XPlLbF', 'md5': '4de2adb784ad57f2c7c4326e75d69987', 'sha1': '55032aa31ec1b2fb434b4d832f452c83385fc74e', 'sha256': 'e1d8424ee0c650dd5e223b81dfd47843a97a51a70577d61445d6c1c95ed2ebed'}, 'dob': {'date': '1966-05-30T03:30:44.719Z', 'age': 57}, 'registered': {'date': '2019-02-10T23:25:38.093Z', 'age': 5}, 'phone': '044-40660581', 'cell': '0979-010-7845', 'id': {'name': '', 'value': None}, 'picture': {'large': 'https://randomuser.me/api/portraits/men/74.jpg', 'medium': 'https://randomuser.me/api/portraits/med/men/74.jpg', 'thumbnail': 'https://randomuser.me/api/portraits/thumb/men/74.jpg'}, 'nat': 'IR'}</msg>
<arg>${json_data['results'][0]}</arg>
<doc>Logs the given message with the given level.</doc>
<status status="PASS" start="2024-03-27T21:12:14.789039" elapsed="0.000416"/>
</kw>
<kw name="Log" owner="BuiltIn">
<msg time="2024-03-27T21:12:14.789885" level="INFO">login</msg>
<arg>${key}</arg>
<doc>Logs the given message with the given level.</doc>
<status status="PASS" start="2024-03-27T21:12:14.789755" elapsed="0.000284"/>
</kw>
<var name="${key}">login</var>
<status status="PASS" start="2024-03-27T21:12:14.788151" elapsed="0.002114"/>
</iter>
<var>${key}</var>
<value>@{expected_keys}</value>
<status status="PASS" start="2024-03-27T21:12:14.778364" elapsed="0.012055"/>
</for>
<kw name="Create List" owner="BuiltIn">
<msg time="2024-03-27T21:12:14.790771" level="INFO">${expected_keysTwo} = ['username', 'password']</msg>
<var>${expected_keysTwo}</var>
<arg>username</arg>
<arg>password</arg>
<doc>Returns a list containing given items.</doc>
<status status="PASS" start="2024-03-27T21:12:14.790631" elapsed="0.000165"/>
</kw>
<for flavor="IN">
<iter>
<kw name="Dictionary Should Contain Key" owner="Collections">
<msg time="2024-03-27T21:12:14.791706" level="INFO">False</msg>
<arg>${json_data['results'][0]['login']}</arg>
<arg>${keyTwo}</arg>
<doc>Fails if ``key`` is not found from ``dictionary``.</doc>
<status status="PASS" start="2024-03-27T21:12:14.791312" elapsed="0.000433"/>
</kw>
<kw name="Dictionary Should Contain Key" owner="Collections">
<msg time="2024-03-27T21:12:14.792424" level="INFO">False</msg>
<arg>${json_data['results'][0]['login']}</arg>
<arg>${keyTwo}</arg>
<doc>Fails if ``key`` is not found from ``dictionary``.</doc>
<status status="PASS" start="2024-03-27T21:12:14.792045" elapsed="0.000418"/>
</kw>
<kw name="Log" owner="BuiltIn">
<msg time="2024-03-27T21:12:14.792929" level="INFO">username</msg>
<arg>${keyTwo}</arg>
<doc>Logs the given message with the given level.</doc>
<status status="PASS" start="2024-03-27T21:12:14.792795" elapsed="0.000172"/>
</kw>
<var name="${keyTwo}">username</var>
<status status="PASS" start="2024-03-27T21:12:14.791200" elapsed="0.001985"/>
</iter>
<iter>
<kw name="Dictionary Should Contain Key" owner="Collections">
<msg time="2024-03-27T21:12:14.793848" level="INFO">False</msg>
<arg>${json_data['results'][0]['login']}</arg>
<arg>${keyTwo}</arg>
<doc>Fails if ``key`` is not found from ``dictionary``.</doc>
<status status="PASS" start="2024-03-27T21:12:14.793471" elapsed="0.000415"/>
</kw>
<kw name="Dictionary Should Contain Key" owner="Collections">
<msg time="2024-03-27T21:12:14.794564" level="INFO">False</msg>
<arg>${json_data['results'][0]['login']}</arg>
<arg>${keyTwo}</arg>
<doc>Fails if ``key`` is not found from ``dictionary``.</doc>
<status status="PASS" start="2024-03-27T21:12:14.794182" elapsed="0.000420"/>
</kw>
<kw name="Log" owner="BuiltIn">
<msg time="2024-03-27T21:12:14.795044" level="INFO">password</msg>
<arg>${keyTwo}</arg>
<doc>Logs the given message with the given level.</doc>
<status status="PASS" start="2024-03-27T21:12:14.794895" elapsed="0.000212"/>
</kw>
<var name="${keyTwo}">password</var>
<status status="PASS" start="2024-03-27T21:12:14.793362" elapsed="0.002065"/>
</iter>
<var>${keyTwo}</var>
<value>@{expected_keysTwo}</value>
<status status="PASS" start="2024-03-27T21:12:14.791039" elapsed="0.004606"/>
</for>
<status status="PASS" start="2024-03-27T21:12:14.701987" elapsed="0.093829"/>
</kw>
<doc>Testa a estrutura da resposta da API.</doc>
<tag>testeEstruturaResposta</tag>
<status status="PASS" start="2024-03-27T21:12:14.700977" elapsed="0.095010"/>
</test>
<test id="s1-s1-t4" name="Validar tipos de dados" line="28">
<kw name="Teste de Tipos de Dados" owner="random-user-service">
<kw name="GET On Session" owner="RequestsLibrary">
<msg time="2024-03-27T21:12:14.909491" level="INFO">GET Request : url=https://randomuser.me/api 
 path_url=/api 
 headers={'User-Agent': 'python-requests/2.31.0', 'Accept-Encoding': 'gzip, deflate', 'Accept': '*/*', 'Connection': 'keep-alive'} 
 body=None 
 </msg>
<msg time="2024-03-27T21:12:14.909595" level="INFO">GET Response : url=https://randomuser.me/api 
 status=200, reason=OK 
 headers={'Date': 'Wed, 27 Mar 2024 21:12:14 GMT', 'Content-Type': 'application/json; charset=utf-8', 'Transfer-Encoding': 'chunked', 'Connection': 'keep-alive', 'X-Powered-By': 'Express', 'Access-Control-Allow-Origin': '*', 'Cache-Control': 'no-cache', 'ETag': 'W/"499-KE6nDCQcUl0CFoZUysdjf0ki+qM"', 'Vary': 'Accept-Encoding', 'Content-Encoding': 'gzip', 'CF-Cache-Status': 'DYNAMIC', 'Report-To': '{"endpoints":[{"url":"https:\\/\\/a.nel.cloudflare.com\\/report\\/v4?s=CnFsvGg70LEdrObLdR%2Ff96%2FHCd9Tgtf1jFU%2Bl7PQ24DoBPoFkhvErCv1TWvTewDhQv1WHsb0JjjhGeKWUq2js4B%2F%2FoSgGxgkrJHsHigEnFsY8zYG%2BAPoJEMYaE18KM07"}],"group":"cf-nel","max_age":604800}', 'NEL': '{"success_fraction":0,"report_to":"cf-nel","max_age":604800}', 'Server': 'cloudflare', 'CF-RAY': '86b260a488609c5a-IAD', 'alt-svc': 'h3=":443"; ma=86400'} 
 body={"results":[{"gender":"female","name":{"title":"Ms","first":"Catalina","last":"Peña"},"location":{"street":{"number":2855,"name":"Calle del Barquillo"},"city":"Talavera de la Reina","state":"Comunidad Valenciana","country":"Spain","postcode":55001,"coordinates":{"latitude":"-35.5157","longitude":"16.9201"},"timezone":{"offset":"+9:30","description":"Adelaide, Darwin"}},"email":"catalina.pena@example.com","login":{"uuid":"3bbe4cd8-8fc6-4390-95f4-35a32df0f0b8","username":"crazyduck407","password":"zheng","salt":"7UzpKceu","md5":"4a0db1cc9579b7096051ea6fb4cacb05","sha1":"eeee094ca4aaedffd0dc6a15c2b08c7a5e4189a6","sha256":"e3d245beaf9e2aa9dbe2c18a1fb5c2e5f853a258cb9b898314a6027dcb854f99"},"dob":{"date":"1982-02-22T09:26:49.920Z","age":42},"registered":{"date":"2006-08-04T19:02:44.432Z","age":17},"phone":"989-090-654","cell":"609-010-544","id":{"name":"DNI","value":"41709083-P"},"picture":{"large":"https://randomuser.me/api/portraits/women/14.jpg","medium":"https://randomuser.me/api/portraits/med/women/14.jpg","thumbnail":"https://randomuser.me/api/portraits/thumb/women/14.jpg"},"nat":"ES"}],"info":{"seed":"f649f1c93723d8fa","results":1,"page":1,"version":"1.4"}} 
 </msg>
<msg time="2024-03-27T21:12:14.909672" level="INFO">/opt/hostedtoolcache/Python/3.12.2/x64/lib/python3.12/site-packages/urllib3/connectionpool.py:1103: InsecureRequestWarning: Unverified HTTPS request is being made to host 'randomuser.me'. Adding certificate verification is strongly advised. See: https://urllib3.readthedocs.io/en/latest/advanced-usage.html#tls-warnings
  warnings.warn(</msg>
<msg time="2024-03-27T21:12:14.909820" level="INFO">${response} = &lt;Response [200]&gt;</msg>
<var>${response}</var>
<arg>consultarAPI</arg>
<arg>/api</arg>
<doc>Sends a GET request on a previously created HTTP Session.</doc>
<status status="PASS" start="2024-03-27T21:12:14.798531" elapsed="0.111333"/>
</kw>
<kw name="Set Variable" owner="BuiltIn">
<msg time="2024-03-27T21:12:14.911003" level="INFO">${json_data} = {'results': [{'gender': 'female', 'name': {'title': 'Ms', 'first': 'Catalina', 'last': 'Peña'}, 'location': {'street': {'number': 2855, 'name': 'Calle del Barquillo'}, 'city': 'Talavera de la Reina', ...</msg>
<var>${json_data}</var>
<arg>${response.json()}</arg>
<doc>Returns the given values which can then be assigned to a variables.</doc>
<status status="PASS" start="2024-03-27T21:12:14.910450" elapsed="0.000584"/>
</kw>
<kw name="Log" owner="BuiltIn">
<msg time="2024-03-27T21:12:14.911563" level="INFO">{'results': [{'gender': 'female', 'name': {'title': 'Ms', 'first': 'Catalina', 'last': 'Peña'}, 'location': {'street': {'number': 2855, 'name': 'Calle del Barquillo'}, 'city': 'Talavera de la Reina', 'state': 'Comunidad Valenciana', 'country': 'Spain', 'postcode': 55001, 'coordinates': {'latitude': '-35.5157', 'longitude': '16.9201'}, 'timezone': {'offset': '+9:30', 'description': 'Adelaide, Darwin'}}, 'email': 'catalina.pena@example.com', 'login': {'uuid': '3bbe4cd8-8fc6-4390-95f4-35a32df0f0b8', 'username': 'crazyduck407', 'password': 'zheng', 'salt': '7UzpKceu', 'md5': '4a0db1cc9579b7096051ea6fb4cacb05', 'sha1': 'eeee094ca4aaedffd0dc6a15c2b08c7a5e4189a6', 'sha256': 'e3d245beaf9e2aa9dbe2c18a1fb5c2e5f853a258cb9b898314a6027dcb854f99'}, 'dob': {'date': '1982-02-22T09:26:49.920Z', 'age': 42}, 'registered': {'date': '2006-08-04T19:02:44.432Z', 'age': 17}, 'phone': '989-090-654', 'cell': '609-010-544', 'id': {'name': 'DNI', 'value': '41709083-P'}, 'picture': {'large': 'https://randomuser.me/api/portraits/women/14.jpg', 'medium': 'https://randomuser.me/api/portraits/med/women/14.jpg', 'thumbnail': 'https://randomuser.me/api/portraits/thumb/women/14.jpg'}, 'nat': 'ES'}], 'info': {'seed': 'f649f1c93723d8fa', 'results': 1, 'page': 1, 'version': '1.4'}}</msg>
<arg>${json_data}</arg>
<doc>Logs the given message with the given level.</doc>
<status status="PASS" start="2024-03-27T21:12:14.911390" elapsed="0.000262"/>
</kw>
<kw name="Should Be String" owner="String">
<arg>${json_data['results'][0]['gender']}</arg>
<doc>Fails if the given ``item`` is not a string.</doc>
<status status="PASS" start="2024-03-27T21:12:14.911983" elapsed="0.000391"/>
</kw>
<kw name="Should Match Regexp" owner="BuiltIn">
<arg>${json_data['results'][0]['email']}</arg>
<arg>^[a-zA-Z0-9._%+-]+@[a-zA-Z0-9.-]+\.[a-zA-Z]{2,}$</arg>
<doc>Fails if ``string`` does not match ``pattern`` as a regular expression.</doc>
<status status="PASS" start="2024-03-27T21:12:14.912577" elapsed="0.000576"/>
</kw>
<kw name="Should Match Regexp" owner="BuiltIn">
<arg>${json_data['results'][0]['dob']['date']}</arg>
<arg>\\d{4}-\\d{2}-\\d{2}T\\d{2}:\\d{2}:\\d{2}\\.\\d{3}Z</arg>
<doc>Fails if ``string`` does not match ``pattern`` as a regular expression.</doc>
<status status="PASS" start="2024-03-27T21:12:14.913360" elapsed="0.000505"/>
</kw>
<kw name="Should Match Regexp" owner="BuiltIn">
<arg>${json_data['results'][0]['registered']['date']}</arg>
<arg>\\d{4}-\\d{2}-\\d{2}T\\d{2}:\\d{2}:\\d{2}\\.\\d{3}Z</arg>
<doc>Fails if ``string`` does not match ``pattern`` as a regular expression.</doc>
<status status="PASS" start="2024-03-27T21:12:14.914064" elapsed="0.000374"/>
</kw>
<kw name="Should Match Regexp" owner="BuiltIn">
<arg>${json_data['results'][0]['picture']['large']}</arg>
<arg>^https?://.*\.(?:png|jpe?g|gif|bmp)$</arg>
<doc>Fails if ``string`` does not match ``pattern`` as a regular expression.</doc>
<status status="PASS" start="2024-03-27T21:12:14.914630" elapsed="0.000475"/>
</kw>
<kw name="Should Match Regexp" owner="BuiltIn">
<arg>${json_data['results'][0]['picture']['medium']}</arg>
<arg>^https?://.*\.(?:png|jpe?g|gif|bmp)$</arg>
<doc>Fails if ``string`` does not match ``pattern`` as a regular expression.</doc>
<status status="PASS" start="2024-03-27T21:12:14.915297" elapsed="0.000363"/>
</kw>
<kw name="Should Match Regexp" owner="BuiltIn">
<arg>${json_data['results'][0]['picture']['thumbnail']}</arg>
<arg>^https?://.*\.(?:png|jpe?g|gif|bmp)$</arg>
<doc>Fails if ``string`` does not match ``pattern`` as a regular expression.</doc>
<status status="PASS" start="2024-03-27T21:12:14.915847" elapsed="0.000351"/>
</kw>
<kw name="Log" owner="BuiltIn">
<msg time="2024-03-27T21:12:14.916754" level="INFO">{'large': 'https://randomuser.me/api/portraits/women/14.jpg', 'medium': 'https://randomuser.me/api/portraits/med/women/14.jpg', 'thumbnail': 'https://randomuser.me/api/portraits/thumb/women/14.jpg'}</msg>
<arg>${json_data['results'][0]['picture']}</arg>
<doc>Logs the given message with the given level.</doc>
<status status="PASS" start="2024-03-27T21:12:14.916382" elapsed="0.000423"/>
</kw>
<status status="PASS" start="2024-03-27T21:12:14.798299" elapsed="0.118797"/>
</kw>
<kw name="Teste de Tipos de Dados - Postcode" owner="random-user-service">
<kw name="GET On Session" owner="RequestsLibrary">
<msg time="2024-03-27T21:12:14.983003" level="INFO">GET Request : url=https://randomuser.me/api 
 path_url=/api 
 headers={'User-Agent': 'python-requests/2.31.0', 'Accept-Encoding': 'gzip, deflate', 'Accept': '*/*', 'Connection': 'keep-alive'} 
 body=None 
 </msg>
<msg time="2024-03-27T21:12:14.983118" level="INFO">GET Response : url=https://randomuser.me/api 
 status=200, reason=OK 
 headers={'Date': 'Wed, 27 Mar 2024 21:12:14 GMT', 'Content-Type': 'application/json; charset=utf-8', 'Transfer-Encoding': 'chunked', 'Connection': 'keep-alive', 'X-Powered-By': 'Express', 'Access-Control-Allow-Origin': '*', 'Cache-Control': 'no-cache', 'ETag': 'W/"489-KsyKaVht0zJeVwVNr6RpGZ8khTs"', 'Vary': 'Accept-Encoding', 'Content-Encoding': 'gzip', 'CF-Cache-Status': 'DYNAMIC', 'Report-To': '{"endpoints":[{"url":"https:\\/\\/a.nel.cloudflare.com\\/report\\/v4?s=p10dMPR7zCpbGXakZuBCpvwJrZlccoPt9BlsKK4BMQEEGOdqnhbSqf1Ve20i8%2BeWzsl9wjFkIPUst1g24%2BKDEq1i69scUzdUqfw2PV26UUZwdAlnhNJujXdQmsG%2FqAcB"}],"group":"cf-nel","max_age":604800}', 'NEL': '{"success_fraction":0,"report_to":"cf-nel","max_age":604800}', 'Server': 'cloudflare', 'CF-RAY': '86b260a549379c5a-IAD', 'alt-svc': 'h3=":443"; ma=86400'} 
 body={"results":[{"gender":"male","name":{"title":"Mr","first":"Neven","last":"Babić"},"location":{"street":{"number":7106,"name":"Bobovačka"},"city":"Trstenik","state":"Braničevo","country":"Serbia","postcode":95601,"coordinates":{"latitude":"62.1442","longitude":"-122.0510"},"timezone":{"offset":"+3:00","description":"Baghdad, Riyadh, Moscow, St. Petersburg"}},"email":"neven.babic@example.com","login":{"uuid":"908b1d1f-aba4-4623-ac52-89946174946f","username":"goldendog563","password":"saigon","salt":"NTPsAioO","md5":"d15cf0505e7c93a69ee349940753b22c","sha1":"50b20d7715020c8fe4bb5d046f965eab4639fcb5","sha256":"35ee0d36cb08108984c8748389ccc04570436bf73c9ab05895970556b045dd2b"},"dob":{"date":"1977-03-29T16:46:15.192Z","age":46},"registered":{"date":"2013-12-10T04:32:02.979Z","age":10},"phone":"021-4262-395","cell":"064-0736-897","id":{"name":"SID","value":"515888724"},"picture":{"large":"https://randomuser.me/api/portraits/men/30.jpg","medium":"https://randomuser.me/api/portraits/med/men/30.jpg","thumbnail":"https://randomuser.me/api/portraits/thumb/men/30.jpg"},"nat":"RS"}],"info":{"seed":"5d19ef880ff75d96","results":1,"page":1,"version":"1.4"}} 
 </msg>
<msg time="2024-03-27T21:12:14.983235" level="INFO">/opt/hostedtoolcache/Python/3.12.2/x64/lib/python3.12/site-packages/urllib3/connectionpool.py:1103: InsecureRequestWarning: Unverified HTTPS request is being made to host 'randomuser.me'. Adding certificate verification is strongly advised. See: https://urllib3.readthedocs.io/en/latest/advanced-usage.html#tls-warnings
  warnings.warn(</msg>
<msg time="2024-03-27T21:12:14.983404" level="INFO">${response} = &lt;Response [200]&gt;</msg>
<var>${response}</var>
<arg>consultarAPI</arg>
<arg>/api</arg>
<doc>Sends a GET request on a previously created HTTP Session.</doc>
<status status="PASS" start="2024-03-27T21:12:14.917764" elapsed="0.065688"/>
</kw>
<kw name="Set Variable" owner="BuiltIn">
<msg time="2024-03-27T21:12:14.984509" level="INFO">${json_data} = {'results': [{'gender': 'male', 'name': {'title': 'Mr', 'first': 'Neven', 'last': 'Babić'}, 'location': {'street': {'number': 7106, 'name': 'Bobovačka'}, 'city': 'Trstenik', 'state': 'Braničevo', 'cou...</msg>
<var>${json_data}</var>
<arg>${response.json()}</arg>
<doc>Returns the given values which can then be assigned to a variables.</doc>
<status status="PASS" start="2024-03-27T21:12:14.983968" elapsed="0.000572"/>
</kw>
<kw name="Log" owner="BuiltIn">
<msg time="2024-03-27T21:12:14.985093" level="INFO">{'results': [{'gender': 'male', 'name': {'title': 'Mr', 'first': 'Neven', 'last': 'Babić'}, 'location': {'street': {'number': 7106, 'name': 'Bobovačka'}, 'city': 'Trstenik', 'state': 'Braničevo', 'country': 'Serbia', 'postcode': 95601, 'coordinates': {'latitude': '62.1442', 'longitude': '-122.0510'}, 'timezone': {'offset': '+3:00', 'description': 'Baghdad, Riyadh, Moscow, St. Petersburg'}}, 'email': 'neven.babic@example.com', 'login': {'uuid': '908b1d1f-aba4-4623-ac52-89946174946f', 'username': 'goldendog563', 'password': 'saigon', 'salt': 'NTPsAioO', 'md5': 'd15cf0505e7c93a69ee349940753b22c', 'sha1': '50b20d7715020c8fe4bb5d046f965eab4639fcb5', 'sha256': '35ee0d36cb08108984c8748389ccc04570436bf73c9ab05895970556b045dd2b'}, 'dob': {'date': '1977-03-29T16:46:15.192Z', 'age': 46}, 'registered': {'date': '2013-12-10T04:32:02.979Z', 'age': 10}, 'phone': '021-4262-395', 'cell': '064-0736-897', 'id': {'name': 'SID', 'value': '515888724'}, 'picture': {'large': 'https://randomuser.me/api/portraits/men/30.jpg', 'medium': 'https://randomuser.me/api/portraits/med/men/30.jpg', 'thumbnail': 'https://randomuser.me/api/portraits/thumb/men/30.jpg'}, 'nat': 'RS'}], 'info': {'seed': '5d19ef880ff75d96', 'results': 1, 'page': 1, 'version': '1.4'}}</msg>
<arg>${json_data}</arg>
<doc>Logs the given message with the given level.</doc>
<status status="PASS" start="2024-03-27T21:12:14.984921" elapsed="0.000264"/>
</kw>
<kw name="Should Be Equal As Numbers" owner="BuiltIn">
<arg>${json_data['results'][0]['location']['postcode']}</arg>
<arg>${json_data['results'][0]['location']['postcode']}</arg>
<doc>Fails if objects are unequal after converting them to real numbers.</doc>
<status status="PASS" start="2024-03-27T21:12:14.985502" elapsed="0.000646"/>
</kw>
<kw name="Log" owner="BuiltIn">
<msg time="2024-03-27T21:12:14.986687" level="INFO">95601</msg>
<arg>${json_data['results'][0]['location']['postcode']}</arg>
<doc>Logs the given message with the given level.</doc>
<status status="PASS" start="2024-03-27T21:12:14.986351" elapsed="0.000380"/>
</kw>
<status status="PASS" start="2024-03-27T21:12:14.917342" elapsed="0.069652"/>
</kw>
<doc>Testa se os tipos de dados na resposta da API estão corretos.</doc>
<tag>testeTiposDados</tag>
<status status="PASS" start="2024-03-27T21:12:14.797841" elapsed="0.189330"/>
</test>
<test id="s1-s1-t5" name="Validar conteudo" line="35">
<kw name="Teste de Tipos de Conteudo" owner="random-user-service">
<kw name="GET On Session" owner="RequestsLibrary">
<msg time="2024-03-27T21:12:15.086372" level="INFO">GET Request : url=https://randomuser.me/api 
 path_url=/api 
 headers={'User-Agent': 'python-requests/2.31.0', 'Accept-Encoding': 'gzip, deflate', 'Accept': '*/*', 'Connection': 'keep-alive'} 
 body=None 
 </msg>
<msg time="2024-03-27T21:12:15.086483" level="INFO">GET Response : url=https://randomuser.me/api 
 status=200, reason=OK 
 headers={'Date': 'Wed, 27 Mar 2024 21:12:15 GMT', 'Content-Type': 'application/json; charset=utf-8', 'Transfer-Encoding': 'chunked', 'Connection': 'keep-alive', 'X-Powered-By': 'Express', 'Access-Control-Allow-Origin': '*', 'Cache-Control': 'no-cache', 'ETag': 'W/"47a-VeiuaqSjOIHrN/dEQNujYFWd9HE"', 'Vary': 'Accept-Encoding', 'Content-Encoding': 'gzip', 'CF-Cache-Status': 'DYNAMIC', 'Report-To': '{"endpoints":[{"url":"https:\\/\\/a.nel.cloudflare.com\\/report\\/v4?s=enTSXO8UIKOqmQCHbecF6Q%2F7r%2BgpcEtTAHjw%2F5D3EJqzm%2BA%2FwZCEr1Iv3TE4z2gbsBWfamtX3yy0GZY9CWG2lP%2BCqdr1k04%2BQIHtxap6A27iUTKMoJr4tXMmh9ML%2FQkk"}],"group":"cf-nel","max_age":604800}', 'NEL': '{"success_fraction":0,"report_to":"cf-nel","max_age":604800}', 'Server': 'cloudflare', 'CF-RAY': '86b260a5b9b99c5a-IAD', 'alt-svc': 'h3=":443"; ma=86400'} 
 body={"results":[{"gender":"male","name":{"title":"Mr","first":"Davut","last":"Örge"},"location":{"street":{"number":3423,"name":"Mevlana Cd"},"city":"Bayburt","state":"Sakarya","country":"Turkey","postcode":74976,"coordinates":{"latitude":"70.2192","longitude":"-19.1296"},"timezone":{"offset":"-5:00","description":"Eastern Time (US &amp; Canada), Bogota, Lima"}},"email":"davut.orge@example.com","login":{"uuid":"4f35edab-da38-4295-9bb1-0cfdb9a366b2","username":"sadcat128","password":"redbull","salt":"YOnFiKu1","md5":"baec31b1ca21ce9761fb1bf4abed8b1b","sha1":"db974d392dd1d3e58eb447fb3cb58796e7524a4c","sha256":"627979cffa98fa8b25185005d67f3b7b7fdc5e8124318bc4d02e83b2e4b50f50"},"dob":{"date":"1989-06-08T03:25:14.527Z","age":34},"registered":{"date":"2021-12-08T01:09:31.182Z","age":2},"phone":"(756)-234-7148","cell":"(629)-030-0512","id":{"name":"","value":null},"picture":{"large":"https://randomuser.me/api/portraits/men/82.jpg","medium":"https://randomuser.me/api/portraits/med/men/82.jpg","thumbnail":"https://randomuser.me/api/portraits/thumb/men/82.jpg"},"nat":"TR"}],"info":{"seed":"4e249633f714dcd1","results":1,"page":1,"version":"1.4"}} 
 </msg>
<msg time="2024-03-27T21:12:15.086568" level="INFO">/opt/hostedtoolcache/Python/3.12.2/x64/lib/python3.12/site-packages/urllib3/connectionpool.py:1103: InsecureRequestWarning: Unverified HTTPS request is being made to host 'randomuser.me'. Adding certificate verification is strongly advised. See: https://urllib3.readthedocs.io/en/latest/advanced-usage.html#tls-warnings
  warnings.warn(</msg>
<msg time="2024-03-27T21:12:15.086723" level="INFO">${response} = &lt;Response [200]&gt;</msg>
<var>${response}</var>
<arg>consultarAPI</arg>
<arg>/api</arg>
<doc>Sends a GET request on a previously created HTTP Session.</doc>
<status status="PASS" start="2024-03-27T21:12:14.989679" elapsed="0.097087"/>
</kw>
<kw name="Set Variable" owner="BuiltIn">
<msg time="2024-03-27T21:12:15.087759" level="INFO">${json_data} = {'results': [{'gender': 'male', 'name': {'title': 'Mr', 'first': 'Davut', 'last': 'Örge'}, 'location': {'street': {'number': 3423, 'name': 'Mevlana Cd'}, 'city': 'Bayburt', 'state': 'Sakarya', 'countr...</msg>
<var>${json_data}</var>
<arg>${response.json()}</arg>
<doc>Returns the given values which can then be assigned to a variables.</doc>
<status status="PASS" start="2024-03-27T21:12:15.087248" elapsed="0.000540"/>
</kw>
<kw name="Set Variable" owner="BuiltIn">
<msg time="2024-03-27T21:12:15.088476" level="INFO">${name_title} = Mr</msg>
<var>${name_title}</var>
<arg>${json_data["results"][0]["name"]["title"]}</arg>
<doc>Returns the given values which can then be assigned to a variables.</doc>
<status status="PASS" start="2024-03-27T21:12:15.088095" elapsed="0.000406"/>
</kw>
<kw name="Create List" owner="BuiltIn">
<msg time="2024-03-27T21:12:15.088988" level="INFO">${allowed_titles} = ['Mr', 'Ms', 'Miss', 'Mrs', 'Madame', 'Monsieur']</msg>
<var>${allowed_titles}</var>
<arg>Mr</arg>
<arg>Ms</arg>
<arg>Miss</arg>
<arg>Mrs</arg>
<arg>Madame</arg>
<arg>Monsieur</arg>
<doc>Returns a list containing given items.</doc>
<status status="PASS" start="2024-03-27T21:12:15.088834" elapsed="0.000179"/>
</kw>
<kw name="List Should Contain Value" owner="Collections">
<msg time="2024-03-27T21:12:15.089494" level="INFO">False</msg>
<arg>${allowed_titles}</arg>
<arg>${name_title}</arg>
<doc>Fails if the ``value`` is not found from ``list``.</doc>
<status status="PASS" start="2024-03-27T21:12:15.089321" elapsed="0.000216"/>
</kw>
<kw name="Set Variable" owner="BuiltIn">
<msg time="2024-03-27T21:12:15.090217" level="INFO">${name_country} = TR</msg>
<var>${name_country}</var>
<arg>${json_data["results"][0]["nat"]}</arg>
<doc>Returns the given values which can then be assigned to a variables.</doc>
<status status="PASS" start="2024-03-27T21:12:15.089832" elapsed="0.000410"/>
</kw>
<kw name="Create List" owner="BuiltIn">
<msg time="2024-03-27T21:12:15.091148" level="INFO">${list_country} = ['AD', 'AE', 'AF', 'AG', 'AI', 'AL', 'AM', 'AO', 'AQ', 'AR', 'AS', 'AT', 'AU', 'AW', 'AX', 'AZ', 'BA', 'BB', 'BD', 'BE', 'BF', 'BG', 'BH', 'BI', 'BJ', 'BL', 'BM', 'BN', 'BO', 'BQ', 'BR', 'BS', 'BT', '...</msg>
<var>${list_country}</var>
<arg>AD</arg>
<arg>AE</arg>
<arg>AF</arg>
<arg>AG</arg>
<arg>AI</arg>
<arg>AL</arg>
<arg>AM</arg>
<arg>AO</arg>
<arg>AQ</arg>
<arg>AR</arg>
<arg>AS</arg>
<arg>AT</arg>
<arg>AU</arg>
<arg>AW</arg>
<arg>AX</arg>
<arg>AZ</arg>
<arg>BA</arg>
<arg>BB</arg>
<arg>BD</arg>
<arg>BE</arg>
<arg>BF</arg>
<arg>BG</arg>
<arg>BH</arg>
<arg>BI</arg>
<arg>BJ</arg>
<arg>BL</arg>
<arg>BM</arg>
<arg>BN</arg>
<arg>BO</arg>
<arg>BQ</arg>
<arg>BR</arg>
<arg>BS</arg>
<arg>BT</arg>
<arg>BV</arg>
<arg>BW</arg>
<arg>BY</arg>
<arg>BZ</arg>
<arg>CA</arg>
<arg>CC</arg>
<arg>CD</arg>
<arg>CF</arg>
<arg>CG</arg>
<arg>CH</arg>
<arg>CI</arg>
<arg>CK</arg>
<arg>CL</arg>
<arg>CM</arg>
<arg>CN</arg>
<arg>CO</arg>
<arg>CR</arg>
<arg>CU</arg>
<arg>CV</arg>
<arg>CW</arg>
<arg>CX</arg>
<arg>CY</arg>
<arg>CZ</arg>
<arg>DE</arg>
<arg>DJ</arg>
<arg>DK</arg>
<arg>DM</arg>
<arg>DO</arg>
<arg>DZ</arg>
<arg>EC</arg>
<arg>EE</arg>
<arg>EG</arg>
<arg>EH</arg>
<arg>ER</arg>
<arg>ES</arg>
<arg>ET</arg>
<arg>FI</arg>
<arg>FJ</arg>
<arg>FK</arg>
<arg>FM</arg>
<arg>FO</arg>
<arg>FR</arg>
<arg>GA</arg>
<arg>GB</arg>
<arg>GD</arg>
<arg>GE</arg>
<arg>GF</arg>
<arg>GG</arg>
<arg>GH</arg>
<arg>GI</arg>
<arg>GL</arg>
<arg>GM</arg>
<arg>GN</arg>
<arg>GP</arg>
<arg>GQ</arg>
<arg>GR</arg>
<arg>GS</arg>
<arg>GT</arg>
<arg>GU</arg>
<arg>GW</arg>
<arg>GY</arg>
<arg>HK</arg>
<arg>HM</arg>
<arg>HN</arg>
<arg>HR</arg>
<arg>HT</arg>
<arg>HU</arg>
<arg>ID</arg>
<arg>IE</arg>
<arg>IL</arg>
<arg>IM</arg>
<arg>IN</arg>
<arg>IO</arg>
<arg>IQ</arg>
<arg>IR</arg>
<arg>IS</arg>
<arg>IT</arg>
<arg>JE</arg>
<arg>JM</arg>
<arg>JO</arg>
<arg>JP</arg>
<arg>KE</arg>
<arg>KG</arg>
<arg>KH</arg>
<arg>KI</arg>
<arg>KM</arg>
<arg>KN</arg>
<arg>KP</arg>
<arg>KR</arg>
<arg>KW</arg>
<arg>KY</arg>
<arg>KZ</arg>
<arg>LA</arg>
<arg>LB</arg>
<arg>LC</arg>
<arg>LI</arg>
<arg>LK</arg>
<arg>LR</arg>
<arg>LS</arg>
<arg>LT</arg>
<arg>LU</arg>
<arg>LV</arg>
<arg>LY</arg>
<arg>MA</arg>
<arg>MC</arg>
<arg>MD</arg>
<arg>ME</arg>
<arg>MF</arg>
<arg>MG</arg>
<arg>MH</arg>
<arg>MK</arg>
<arg>ML</arg>
<arg>MM</arg>
<arg>MN</arg>
<arg>MO</arg>
<arg>MP</arg>
<arg>MQ</arg>
<arg>MR</arg>
<arg>MS</arg>
<arg>MT</arg>
<arg>MU</arg>
<arg>MV</arg>
<arg>MW</arg>
<arg>MX</arg>
<arg>MY</arg>
<arg>MZ</arg>
<arg>NA</arg>
<arg>NC</arg>
<arg>NE</arg>
<arg>NF</arg>
<arg>NG</arg>
<arg>NI</arg>
<arg>NL</arg>
<arg>NO</arg>
<arg>NP</arg>
<arg>NR</arg>
<arg>NU</arg>
<arg>NZ</arg>
<arg>OM</arg>
<arg>PA</arg>
<arg>PE</arg>
<arg>PF</arg>
<arg>PG</arg>
<arg>PH</arg>
<arg>PK</arg>
<arg>PL</arg>
<arg>PM</arg>
<arg>PN</arg>
<arg>PR</arg>
<arg>PS</arg>
<arg>PT</arg>
<arg>PW</arg>
<arg>PY</arg>
<arg>QA</arg>
<arg>RE</arg>
<arg>RO</arg>
<arg>RS</arg>
<arg>RU</arg>
<arg>RW</arg>
<arg>SA</arg>
<arg>SB</arg>
<arg>SC</arg>
<arg>SD</arg>
<arg>SE</arg>
<arg>SG</arg>
<arg>SH</arg>
<arg>SI</arg>
<arg>SJ</arg>
<arg>SK</arg>
<arg>SL</arg>
<arg>SM</arg>
<arg>SN</arg>
<arg>SO</arg>
<arg>SR</arg>
<arg>SS</arg>
<arg>ST</arg>
<arg>SV</arg>
<arg>SX</arg>
<arg>SY</arg>
<arg>SZ</arg>
<arg>TC</arg>
<arg>TD</arg>
<arg>TF</arg>
<arg>TG</arg>
<arg>TH</arg>
<arg>TJ</arg>
<arg>TK</arg>
<arg>TL</arg>
<arg>TM</arg>
<arg>TN</arg>
<arg>TO</arg>
<arg>TR</arg>
<arg>TT</arg>
<arg>TV</arg>
<arg>TW</arg>
<arg>TZ</arg>
<arg>UA</arg>
<arg>UG</arg>
<arg>UM</arg>
<arg>US</arg>
<arg>UY</arg>
<arg>UZ</arg>
<arg>VA</arg>
<arg>VC</arg>
<arg>VE</arg>
<arg>VG</arg>
<arg>VI</arg>
<arg>VN</arg>
<arg>VU</arg>
<arg>WF</arg>
<arg>WS</arg>
<arg>XK</arg>
<arg>YE</arg>
<arg>YT</arg>
<arg>ZA</arg>
<arg>ZM</arg>
<arg>ZW</arg>
<doc>Returns a list containing given items.</doc>
<status status="PASS" start="2024-03-27T21:12:15.090547" elapsed="0.000627"/>
</kw>
<kw name="List Should Contain Value" owner="Collections">
<msg time="2024-03-27T21:12:15.092313" level="INFO">False</msg>
<arg>${list_country}</arg>
<arg>${name_country}</arg>
<doc>Fails if the ``value`` is not found from ``list``.</doc>
<status status="PASS" start="2024-03-27T21:12:15.092106" elapsed="0.000245"/>
</kw>
<kw name="Run Keyword If" owner="BuiltIn">
<kw name="Should Be True" owner="BuiltIn">
<arg>${True}</arg>
<doc>Fails if the given condition is not true.</doc>
<status status="PASS" start="2024-03-27T21:12:15.093464" elapsed="0.000146"/>
</kw>
<arg>${json_data["results"][0]["location"]["coordinates"]["latitude"]} &gt;= -90 and ${json_data["results"][0]["location"]["coordinates"]["latitude"]} &lt;= 90</arg>
<arg>Should Be True</arg>
<arg>${True}</arg>
<doc>Runs the given keyword with the given arguments, if ``condition`` is true.</doc>
<status status="PASS" start="2024-03-27T21:12:15.092686" elapsed="0.001054"/>
</kw>
<kw name="Run Keyword If" owner="BuiltIn">
<kw name="Should Be True" owner="BuiltIn">
<arg>${True}</arg>
<doc>Fails if the given condition is not true.</doc>
<status status="PASS" start="2024-03-27T21:12:15.094619" elapsed="0.000145"/>
</kw>
<arg>${json_data["results"][0]["location"]["coordinates"]["longitude"]} &gt;= -180 and ${json_data["results"][0]["location"]["coordinates"]["longitude"]} &lt;= 180</arg>
<arg>Should Be True</arg>
<arg>${True}</arg>
<doc>Runs the given keyword with the given arguments, if ``condition`` is true.</doc>
<status status="PASS" start="2024-03-27T21:12:15.093926" elapsed="0.000962"/>
</kw>
<status status="PASS" start="2024-03-27T21:12:14.989430" elapsed="0.105589"/>
</kw>
<doc>Testa o conteúdo específico dos campos retornados pela API.</doc>
<tag>testeConteudo</tag>
<status status="PASS" start="2024-03-27T21:12:14.988953" elapsed="0.106222"/>
</test>
<status status="PASS" start="2024-03-27T21:12:14.272232" elapsed="0.824864"/>
</suite>
<status status="PASS" start="2024-03-27T21:12:14.258307" elapsed="0.844221"/>
</suite>
<statistics>
<total>
<stat pass="5" fail="0" skip="0">All Tests</stat>
</total>
<tag>
<stat pass="1" fail="0" skip="0">testeConteudo</stat>
<stat pass="1" fail="0" skip="0">testeEstruturaResposta</stat>
<stat pass="1" fail="0" skip="0">testeRequisicaoBasica</stat>
<stat pass="1" fail="0" skip="0">testeTiposDados</stat>
</tag>
<suite>
<stat pass="5" fail="0" skip="0" id="s1" name="Tests">Tests</stat>
<stat pass="5" fail="0" skip="0" id="s1-s1" name="Random-User-Test">Tests.Random-User-Test</stat>
</suite>
</statistics>
<errors>
</errors>
</robot>
