<?xml version="1.0" encoding="UTF-8"?>
<robot generator="Robot 7.0 (Python 3.12.2 on linux)" generated="2024-04-12T15:13:43.019268" rpa="false" schemaversion="5">
<suite id="s1" name="Tests" source="/home/runner/work/DesafioQAItauRogerioJordao/DesafioQAItauRogerioJordao/RamdonUser/tests">
<suite id="s1-s1" name="Random-User-Test" source="/home/runner/work/DesafioQAItauRogerioJordao/DesafioQAItauRogerioJordao/RamdonUser/tests/random-user-test.robot">
<test id="s1-s1-t1" name="Conectar" line="13">
<kw name="Conectar API" owner="random-user-service">
<kw name="Create Session" owner="RequestsLibrary">
<msg time="2024-04-12T15:13:43.380050" level="INFO">Creating Session using : alias=consultarAPI, url=https://randomuser.me/, headers={},                     cookies={}, auth=None, timeout=None, proxies=None, verify=False,                     debug=0 </msg>
<arg>consultarAPI</arg>
<arg>${URL}</arg>
<doc>Create Session: create a HTTP session to a server</doc>
<status status="PASS" start="2024-04-12T15:13:43.379843" elapsed="0.000371"/>
</kw>
<status status="PASS" start="2024-04-12T15:13:43.378791" elapsed="0.001775"/>
</kw>
<status status="PASS" start="2024-04-12T15:13:43.378270" elapsed="0.002499"/>
</test>
<test id="s1-s1-t2" name="Validar retorno 200 e JSON Válido" line="16">
<kw name="Teste de Requisicao Basica" owner="random-user-service">
<kw name="GET On Session" owner="RequestsLibrary">
<msg time="2024-04-12T15:13:43.620760" level="INFO">GET Request : url=https://randomuser.me/api 
 path_url=/api 
 headers={'User-Agent': 'python-requests/2.31.0', 'Accept-Encoding': 'gzip, deflate', 'Accept': '*/*', 'Connection': 'keep-alive'} 
 body=None 
 </msg>
<msg time="2024-04-12T15:13:43.620903" level="INFO">GET Response : url=https://randomuser.me/api 
 status=200, reason=OK 
 headers={'Date': 'Fri, 12 Apr 2024 15:13:43 GMT', 'Content-Type': 'application/json; charset=utf-8', 'Transfer-Encoding': 'chunked', 'Connection': 'keep-alive', 'X-Powered-By': 'Express', 'Access-Control-Allow-Origin': '*', 'Cache-Control': 'no-cache', 'ETag': 'W/"482-C/MSqa/o48WwT6+mlI0XLVFtSGU"', 'Vary': 'Accept-Encoding', 'Content-Encoding': 'gzip', 'CF-Cache-Status': 'DYNAMIC', 'Report-To': '{"endpoints":[{"url":"https:\\/\\/a.nel.cloudflare.com\\/report\\/v4?s=TCOPZO0UQqSXgchlefIRyb1rNznKH%2B7nV51IDc8Ok1x4p%2BjTxmlj1dNyoMhryPAqcMrH66Uv46%2BKPVfM35zKMoBGANi7zCREJA%2FOxSX4tpPDUl%2BFJXhwsAzQKWMz5Di8"}],"group":"cf-nel","max_age":604800}', 'NEL': '{"success_fraction":0,"report_to":"cf-nel","max_age":604800}', 'Server': 'cloudflare', 'CF-RAY': '873429774c783b06-IAD', 'alt-svc': 'h3=":443"; ma=86400'} 
 body={"results":[{"gender":"female","name":{"title":"Miss","first":"Jeanne","last":"Miller"},"location":{"street":{"number":9460,"name":"Cedar St"},"city":"Charlottetown","state":"Saskatchewan","country":"Canada","postcode":"Q5U 3V2","coordinates":{"latitude":"-71.9783","longitude":"148.7809"},"timezone":{"offset":"-3:30","description":"Newfoundland"}},"email":"jeanne.miller@example.com","login":{"uuid":"9a15f32e-f42b-4270-a60d-f94cac3e675d","username":"smallzebra639","password":"1112","salt":"tkSkCc3A","md5":"b44c41b65edeed6087ea2086fe73a358","sha1":"296c5d1b4d8ba2ef61b79996b946f8c403e114d2","sha256":"a337225cf3e7fcd8c993b2a1e6d872028c103b6ae1922214b85b98dea5a4c209"},"dob":{"date":"1961-05-29T06:22:02.692Z","age":62},"registered":{"date":"2017-10-07T02:04:56.466Z","age":6},"phone":"U29 L43-8181","cell":"N10 C41-7987","id":{"name":"SIN","value":"480613983"},"picture":{"large":"https://randomuser.me/api/portraits/women/61.jpg","medium":"https://randomuser.me/api/portraits/med/women/61.jpg","thumbnail":"https://randomuser.me/api/portraits/thumb/women/61.jpg"},"nat":"CA"}],"info":{"seed":"03006eb6311956b8","results":1,"page":1,"version":"1.4"}} 
 </msg>
<msg time="2024-04-12T15:13:43.620985" level="INFO">/opt/hostedtoolcache/Python/3.12.2/x64/lib/python3.12/site-packages/urllib3/connectionpool.py:1103: InsecureRequestWarning: Unverified HTTPS request is being made to host 'randomuser.me'. Adding certificate verification is strongly advised. See: https://urllib3.readthedocs.io/en/latest/advanced-usage.html#tls-warnings
  warnings.warn(</msg>
<msg time="2024-04-12T15:13:43.621132" level="INFO">${response} = &lt;Response [200]&gt;</msg>
<var>${response}</var>
<arg>consultarAPI</arg>
<arg>/api</arg>
<doc>Sends a GET request on a previously created HTTP Session.</doc>
<status status="PASS" start="2024-04-12T15:13:43.383323" elapsed="0.237849"/>
</kw>
<kw name="Should Be Equal As Numbers" owner="BuiltIn">
<msg time="2024-04-12T15:13:43.622179" level="INFO">Argument types are:
&lt;class 'int'&gt;
&lt;class 'str'&gt;</msg>
<arg>${response.status_code}</arg>
<arg>200</arg>
<doc>Fails if objects are unequal after converting them to real numbers.</doc>
<status status="PASS" start="2024-04-12T15:13:43.621710" elapsed="0.000539"/>
</kw>
<kw name="Log" owner="BuiltIn">
<msg time="2024-04-12T15:13:43.622985" level="INFO">200</msg>
<arg>${response.status_code}</arg>
<doc>Logs the given message with the given level.</doc>
<status status="PASS" start="2024-04-12T15:13:43.622615" elapsed="0.000413"/>
</kw>
<kw name="Set Variable" owner="BuiltIn">
<msg time="2024-04-12T15:13:43.623832" level="INFO">${json_data} = {'results': [{'gender': 'female', 'name': {'title': 'Miss', 'first': 'Jeanne', 'last': 'Miller'}, 'location': {'street': {'number': 9460, 'name': 'Cedar St'}, 'city': 'Charlottetown', 'state': 'Saskat...</msg>
<var>${json_data}</var>
<arg>${response.json()}</arg>
<doc>Returns the given values which can then be assigned to a variables.</doc>
<status status="PASS" start="2024-04-12T15:13:43.623385" elapsed="0.000476"/>
</kw>
<kw name="Dictionary Should Contain Key" owner="Collections">
<msg time="2024-04-12T15:13:43.624349" level="INFO">False</msg>
<arg>${json_data}</arg>
<arg>results</arg>
<doc>Fails if ``key`` is not found from ``dictionary``.</doc>
<status status="PASS" start="2024-04-12T15:13:43.624172" elapsed="0.000217"/>
</kw>
<status status="PASS" start="2024-04-12T15:13:43.383040" elapsed="0.241626"/>
</kw>
<doc>Testa se a API responde corretamente e retorna um objeto JSON válido.</doc>
<tag>testeRequisicaoBasica</tag>
<status status="PASS" start="2024-04-12T15:13:43.382581" elapsed="0.242300"/>
</test>
<test id="s1-s1-t3" name="Validar estrutura de resposta" line="22">
<kw name="Teste de Estrutura de Resposta" owner="random-user-service">
<kw name="GET On Session" owner="RequestsLibrary">
<msg time="2024-04-12T15:13:43.756852" level="INFO">GET Request : url=https://randomuser.me/api 
 path_url=/api 
 headers={'User-Agent': 'python-requests/2.31.0', 'Accept-Encoding': 'gzip, deflate', 'Accept': '*/*', 'Connection': 'keep-alive'} 
 body=None 
 </msg>
<msg time="2024-04-12T15:13:43.756920" level="INFO">GET Response : url=https://randomuser.me/api 
 status=200, reason=OK 
 headers={'Date': 'Fri, 12 Apr 2024 15:13:43 GMT', 'Content-Type': 'application/json; charset=utf-8', 'Transfer-Encoding': 'chunked', 'Connection': 'keep-alive', 'X-Powered-By': 'Express', 'Access-Control-Allow-Origin': '*', 'Cache-Control': 'no-cache', 'ETag': 'W/"490-R2yeg1QXW4A4RK4ttAIoVoVSEH4"', 'Vary': 'Accept-Encoding', 'Content-Encoding': 'gzip', 'CF-Cache-Status': 'DYNAMIC', 'Report-To': '{"endpoints":[{"url":"https:\\/\\/a.nel.cloudflare.com\\/report\\/v4?s=taHYd1CC2XBh5Kypu3pKlX5QkNHoqwINa%2FR7HdZtCFhTYlPvairJdoXlauqnojwBogLHXxLUu50ZyZpzHM1T7lpWhBZjuPBfDxPZA3uC4EFHvVuflY185MmWm0btgvct"}],"group":"cf-nel","max_age":604800}', 'NEL': '{"success_fraction":0,"report_to":"cf-nel","max_age":604800}', 'Server': 'cloudflare', 'CF-RAY': '87342977acdc3b06-IAD', 'alt-svc': 'h3=":443"; ma=86400'} 
 body={"results":[{"gender":"female","name":{"title":"Miss","first":"Cathy","last":"Freeman"},"location":{"street":{"number":9036,"name":"Park Road"},"city":"Roscommon","state":"Wexford","country":"Ireland","postcode":29672,"coordinates":{"latitude":"0.2462","longitude":"39.9018"},"timezone":{"offset":"+10:00","description":"Eastern Australia, Guam, Vladivostok"}},"email":"cathy.freeman@example.com","login":{"uuid":"342feacf-3e05-4d8b-86b5-38621ac22578","username":"goldenelephant574","password":"reggie","salt":"6dt3HRWx","md5":"2e7dd121c48f899a6053c678671589c5","sha1":"588858f730d7b1fc32c0fb01697b4aa445300caa","sha256":"83841ddc2de606853458f94c15784a51d0effaf4dc5a460449a5e256e13a743e"},"dob":{"date":"1969-03-15T07:12:32.893Z","age":55},"registered":{"date":"2005-09-06T04:38:08.771Z","age":18},"phone":"051-711-3451","cell":"081-043-1966","id":{"name":"PPS","value":"5006532T"},"picture":{"large":"https://randomuser.me/api/portraits/women/9.jpg","medium":"https://randomuser.me/api/portraits/med/women/9.jpg","thumbnail":"https://randomuser.me/api/portraits/thumb/women/9.jpg"},"nat":"IE"}],"info":{"seed":"6a1695296be257bf","results":1,"page":1,"version":"1.4"}} 
 </msg>
<msg time="2024-04-12T15:13:43.757025" level="INFO">/opt/hostedtoolcache/Python/3.12.2/x64/lib/python3.12/site-packages/urllib3/connectionpool.py:1103: InsecureRequestWarning: Unverified HTTPS request is being made to host 'randomuser.me'. Adding certificate verification is strongly advised. See: https://urllib3.readthedocs.io/en/latest/advanced-usage.html#tls-warnings
  warnings.warn(</msg>
<msg time="2024-04-12T15:13:43.757118" level="INFO">${response} = &lt;Response [200]&gt;</msg>
<var>${response}</var>
<arg>consultarAPI</arg>
<arg>/api</arg>
<doc>Sends a GET request on a previously created HTTP Session.</doc>
<status status="PASS" start="2024-04-12T15:13:43.627670" elapsed="0.129474"/>
</kw>
<kw name="Set Variable" owner="BuiltIn">
<msg time="2024-04-12T15:13:43.757966" level="INFO">${json_data} = {'results': [{'gender': 'female', 'name': {'title': 'Miss', 'first': 'Cathy', 'last': 'Freeman'}, 'location': {'street': {'number': 9036, 'name': 'Park Road'}, 'city': 'Roscommon', 'state': 'Wexford',...</msg>
<var>${json_data}</var>
<arg>${response.json()}</arg>
<doc>Returns the given values which can then be assigned to a variables.</doc>
<status status="PASS" start="2024-04-12T15:13:43.757523" elapsed="0.000470"/>
</kw>
<kw name="Log" owner="BuiltIn">
<msg time="2024-04-12T15:13:43.758449" level="INFO">{'results': [{'gender': 'female', 'name': {'title': 'Miss', 'first': 'Cathy', 'last': 'Freeman'}, 'location': {'street': {'number': 9036, 'name': 'Park Road'}, 'city': 'Roscommon', 'state': 'Wexford', 'country': 'Ireland', 'postcode': 29672, 'coordinates': {'latitude': '0.2462', 'longitude': '39.9018'}, 'timezone': {'offset': '+10:00', 'description': 'Eastern Australia, Guam, Vladivostok'}}, 'email': 'cathy.freeman@example.com', 'login': {'uuid': '342feacf-3e05-4d8b-86b5-38621ac22578', 'username': 'goldenelephant574', 'password': 'reggie', 'salt': '6dt3HRWx', 'md5': '2e7dd121c48f899a6053c678671589c5', 'sha1': '588858f730d7b1fc32c0fb01697b4aa445300caa', 'sha256': '83841ddc2de606853458f94c15784a51d0effaf4dc5a460449a5e256e13a743e'}, 'dob': {'date': '1969-03-15T07:12:32.893Z', 'age': 55}, 'registered': {'date': '2005-09-06T04:38:08.771Z', 'age': 18}, 'phone': '051-711-3451', 'cell': '081-043-1966', 'id': {'name': 'PPS', 'value': '5006532T'}, 'picture': {'large': 'https://randomuser.me/api/portraits/women/9.jpg', 'medium': 'https://randomuser.me/api/portraits/med/women/9.jpg', 'thumbnail': 'https://randomuser.me/api/portraits/thumb/women/9.jpg'}, 'nat': 'IE'}], 'info': {'seed': '6a1695296be257bf', 'results': 1, 'page': 1, 'version': '1.4'}}</msg>
<arg>${json_data}</arg>
<doc>Logs the given message with the given level.</doc>
<status status="PASS" start="2024-04-12T15:13:43.758295" elapsed="0.000199"/>
</kw>
<kw name="Dictionary Should Contain Key" owner="Collections">
<msg time="2024-04-12T15:13:43.758938" level="INFO">False</msg>
<arg>${json_data}</arg>
<arg>results</arg>
<doc>Fails if ``key`` is not found from ``dictionary``.</doc>
<status status="PASS" start="2024-04-12T15:13:43.758787" elapsed="0.000187"/>
</kw>
<kw name="Should Not Be Empty" owner="BuiltIn">
<msg time="2024-04-12T15:13:43.759434" level="INFO">Length is 2.</msg>
<arg>${json_data}</arg>
<doc>Verifies that the given item is not empty.</doc>
<status status="PASS" start="2024-04-12T15:13:43.759293" elapsed="0.000184"/>
</kw>
<kw name="Create List" owner="BuiltIn">
<msg time="2024-04-12T15:13:43.759916" level="INFO">${expected_keys} = ['gender', 'name', 'location', 'email', 'login']</msg>
<var>${expected_keys}</var>
<arg>gender</arg>
<arg>name</arg>
<arg>location</arg>
<arg>email</arg>
<arg>login</arg>
<doc>Returns a list containing given items.</doc>
<status status="PASS" start="2024-04-12T15:13:43.759769" elapsed="0.000171"/>
</kw>
<for flavor="IN">
<iter>
<kw name="Dictionary Should Contain Key" owner="Collections">
<msg time="2024-04-12T15:13:43.760915" level="INFO">False</msg>
<arg>${json_data['results'][0]}</arg>
<arg>${key}</arg>
<doc>Fails if ``key`` is not found from ``dictionary``.</doc>
<status status="PASS" start="2024-04-12T15:13:43.760521" elapsed="0.000432"/>
</kw>
<kw name="Log" owner="BuiltIn">
<msg time="2024-04-12T15:13:43.761616" level="INFO">{'gender': 'female', 'name': {'title': 'Miss', 'first': 'Cathy', 'last': 'Freeman'}, 'location': {'street': {'number': 9036, 'name': 'Park Road'}, 'city': 'Roscommon', 'state': 'Wexford', 'country': 'Ireland', 'postcode': 29672, 'coordinates': {'latitude': '0.2462', 'longitude': '39.9018'}, 'timezone': {'offset': '+10:00', 'description': 'Eastern Australia, Guam, Vladivostok'}}, 'email': 'cathy.freeman@example.com', 'login': {'uuid': '342feacf-3e05-4d8b-86b5-38621ac22578', 'username': 'goldenelephant574', 'password': 'reggie', 'salt': '6dt3HRWx', 'md5': '2e7dd121c48f899a6053c678671589c5', 'sha1': '588858f730d7b1fc32c0fb01697b4aa445300caa', 'sha256': '83841ddc2de606853458f94c15784a51d0effaf4dc5a460449a5e256e13a743e'}, 'dob': {'date': '1969-03-15T07:12:32.893Z', 'age': 55}, 'registered': {'date': '2005-09-06T04:38:08.771Z', 'age': 18}, 'phone': '051-711-3451', 'cell': '081-043-1966', 'id': {'name': 'PPS', 'value': '5006532T'}, 'picture': {'large': 'https://randomuser.me/api/portraits/women/9.jpg', 'medium': 'https://randomuser.me/api/portraits/med/women/9.jpg', 'thumbnail': 'https://randomuser.me/api/portraits/thumb/women/9.jpg'}, 'nat': 'IE'}</msg>
<arg>${json_data['results'][0]}</arg>
<doc>Logs the given message with the given level.</doc>
<status status="PASS" start="2024-04-12T15:13:43.761254" elapsed="0.000409"/>
</kw>
<kw name="Log" owner="BuiltIn">
<msg time="2024-04-12T15:13:43.762088" level="INFO">gender</msg>
<arg>${key}</arg>
<doc>Logs the given message with the given level.</doc>
<status status="PASS" start="2024-04-12T15:13:43.761960" elapsed="0.000166"/>
</kw>
<var name="${key}">gender</var>
<status status="PASS" start="2024-04-12T15:13:43.760379" elapsed="0.001961"/>
</iter>
<iter>
<kw name="Dictionary Should Contain Key" owner="Collections">
<msg time="2024-04-12T15:13:43.763019" level="INFO">False</msg>
<arg>${json_data['results'][0]}</arg>
<arg>${key}</arg>
<doc>Fails if ``key`` is not found from ``dictionary``.</doc>
<status status="PASS" start="2024-04-12T15:13:43.762636" elapsed="0.000419"/>
</kw>
<kw name="Log" owner="BuiltIn">
<msg time="2024-04-12T15:13:43.763798" level="INFO">{'gender': 'female', 'name': {'title': 'Miss', 'first': 'Cathy', 'last': 'Freeman'}, 'location': {'street': {'number': 9036, 'name': 'Park Road'}, 'city': 'Roscommon', 'state': 'Wexford', 'country': 'Ireland', 'postcode': 29672, 'coordinates': {'latitude': '0.2462', 'longitude': '39.9018'}, 'timezone': {'offset': '+10:00', 'description': 'Eastern Australia, Guam, Vladivostok'}}, 'email': 'cathy.freeman@example.com', 'login': {'uuid': '342feacf-3e05-4d8b-86b5-38621ac22578', 'username': 'goldenelephant574', 'password': 'reggie', 'salt': '6dt3HRWx', 'md5': '2e7dd121c48f899a6053c678671589c5', 'sha1': '588858f730d7b1fc32c0fb01697b4aa445300caa', 'sha256': '83841ddc2de606853458f94c15784a51d0effaf4dc5a460449a5e256e13a743e'}, 'dob': {'date': '1969-03-15T07:12:32.893Z', 'age': 55}, 'registered': {'date': '2005-09-06T04:38:08.771Z', 'age': 18}, 'phone': '051-711-3451', 'cell': '081-043-1966', 'id': {'name': 'PPS', 'value': '5006532T'}, 'picture': {'large': 'https://randomuser.me/api/portraits/women/9.jpg', 'medium': 'https://randomuser.me/api/portraits/med/women/9.jpg', 'thumbnail': 'https://randomuser.me/api/portraits/thumb/women/9.jpg'}, 'nat': 'IE'}</msg>
<arg>${json_data['results'][0]}</arg>
<doc>Logs the given message with the given level.</doc>
<status status="PASS" start="2024-04-12T15:13:43.763434" elapsed="0.000410"/>
</kw>
<kw name="Log" owner="BuiltIn">
<msg time="2024-04-12T15:13:43.764268" level="INFO">name</msg>
<arg>${key}</arg>
<doc>Logs the given message with the given level.</doc>
<status status="PASS" start="2024-04-12T15:13:43.764142" elapsed="0.000163"/>
</kw>
<var name="${key}">name</var>
<status status="PASS" start="2024-04-12T15:13:43.762523" elapsed="0.001997"/>
</iter>
<iter>
<kw name="Dictionary Should Contain Key" owner="Collections">
<msg time="2024-04-12T15:13:43.765194" level="INFO">False</msg>
<arg>${json_data['results'][0]}</arg>
<arg>${key}</arg>
<doc>Fails if ``key`` is not found from ``dictionary``.</doc>
<status status="PASS" start="2024-04-12T15:13:43.764812" elapsed="0.000419"/>
</kw>
<kw name="Log" owner="BuiltIn">
<msg time="2024-04-12T15:13:43.765886" level="INFO">{'gender': 'female', 'name': {'title': 'Miss', 'first': 'Cathy', 'last': 'Freeman'}, 'location': {'street': {'number': 9036, 'name': 'Park Road'}, 'city': 'Roscommon', 'state': 'Wexford', 'country': 'Ireland', 'postcode': 29672, 'coordinates': {'latitude': '0.2462', 'longitude': '39.9018'}, 'timezone': {'offset': '+10:00', 'description': 'Eastern Australia, Guam, Vladivostok'}}, 'email': 'cathy.freeman@example.com', 'login': {'uuid': '342feacf-3e05-4d8b-86b5-38621ac22578', 'username': 'goldenelephant574', 'password': 'reggie', 'salt': '6dt3HRWx', 'md5': '2e7dd121c48f899a6053c678671589c5', 'sha1': '588858f730d7b1fc32c0fb01697b4aa445300caa', 'sha256': '83841ddc2de606853458f94c15784a51d0effaf4dc5a460449a5e256e13a743e'}, 'dob': {'date': '1969-03-15T07:12:32.893Z', 'age': 55}, 'registered': {'date': '2005-09-06T04:38:08.771Z', 'age': 18}, 'phone': '051-711-3451', 'cell': '081-043-1966', 'id': {'name': 'PPS', 'value': '5006532T'}, 'picture': {'large': 'https://randomuser.me/api/portraits/women/9.jpg', 'medium': 'https://randomuser.me/api/portraits/med/women/9.jpg', 'thumbnail': 'https://randomuser.me/api/portraits/thumb/women/9.jpg'}, 'nat': 'IE'}</msg>
<arg>${json_data['results'][0]}</arg>
<doc>Logs the given message with the given level.</doc>
<status status="PASS" start="2024-04-12T15:13:43.765531" elapsed="0.000406"/>
</kw>
<kw name="Log" owner="BuiltIn">
<msg time="2024-04-12T15:13:43.766355" level="INFO">location</msg>
<arg>${key}</arg>
<doc>Logs the given message with the given level.</doc>
<status status="PASS" start="2024-04-12T15:13:43.766230" elapsed="0.000162"/>
</kw>
<var name="${key}">location</var>
<status status="PASS" start="2024-04-12T15:13:43.764701" elapsed="0.001904"/>
</iter>
<iter>
<kw name="Dictionary Should Contain Key" owner="Collections">
<msg time="2024-04-12T15:13:43.767275" level="INFO">False</msg>
<arg>${json_data['results'][0]}</arg>
<arg>${key}</arg>
<doc>Fails if ``key`` is not found from ``dictionary``.</doc>
<status status="PASS" start="2024-04-12T15:13:43.766885" elapsed="0.000427"/>
</kw>
<kw name="Log" owner="BuiltIn">
<msg time="2024-04-12T15:13:43.767967" level="INFO">{'gender': 'female', 'name': {'title': 'Miss', 'first': 'Cathy', 'last': 'Freeman'}, 'location': {'street': {'number': 9036, 'name': 'Park Road'}, 'city': 'Roscommon', 'state': 'Wexford', 'country': 'Ireland', 'postcode': 29672, 'coordinates': {'latitude': '0.2462', 'longitude': '39.9018'}, 'timezone': {'offset': '+10:00', 'description': 'Eastern Australia, Guam, Vladivostok'}}, 'email': 'cathy.freeman@example.com', 'login': {'uuid': '342feacf-3e05-4d8b-86b5-38621ac22578', 'username': 'goldenelephant574', 'password': 'reggie', 'salt': '6dt3HRWx', 'md5': '2e7dd121c48f899a6053c678671589c5', 'sha1': '588858f730d7b1fc32c0fb01697b4aa445300caa', 'sha256': '83841ddc2de606853458f94c15784a51d0effaf4dc5a460449a5e256e13a743e'}, 'dob': {'date': '1969-03-15T07:12:32.893Z', 'age': 55}, 'registered': {'date': '2005-09-06T04:38:08.771Z', 'age': 18}, 'phone': '051-711-3451', 'cell': '081-043-1966', 'id': {'name': 'PPS', 'value': '5006532T'}, 'picture': {'large': 'https://randomuser.me/api/portraits/women/9.jpg', 'medium': 'https://randomuser.me/api/portraits/med/women/9.jpg', 'thumbnail': 'https://randomuser.me/api/portraits/thumb/women/9.jpg'}, 'nat': 'IE'}</msg>
<arg>${json_data['results'][0]}</arg>
<doc>Logs the given message with the given level.</doc>
<status status="PASS" start="2024-04-12T15:13:43.767615" elapsed="0.000398"/>
</kw>
<kw name="Log" owner="BuiltIn">
<msg time="2024-04-12T15:13:43.768431" level="INFO">email</msg>
<arg>${key}</arg>
<doc>Logs the given message with the given level.</doc>
<status status="PASS" start="2024-04-12T15:13:43.768304" elapsed="0.000164"/>
</kw>
<var name="${key}">email</var>
<status status="PASS" start="2024-04-12T15:13:43.766775" elapsed="0.001906"/>
</iter>
<iter>
<kw name="Dictionary Should Contain Key" owner="Collections">
<msg time="2024-04-12T15:13:43.769336" level="INFO">False</msg>
<arg>${json_data['results'][0]}</arg>
<arg>${key}</arg>
<doc>Fails if ``key`` is not found from ``dictionary``.</doc>
<status status="PASS" start="2024-04-12T15:13:43.768961" elapsed="0.000410"/>
</kw>
<kw name="Log" owner="BuiltIn">
<msg time="2024-04-12T15:13:43.770026" level="INFO">{'gender': 'female', 'name': {'title': 'Miss', 'first': 'Cathy', 'last': 'Freeman'}, 'location': {'street': {'number': 9036, 'name': 'Park Road'}, 'city': 'Roscommon', 'state': 'Wexford', 'country': 'Ireland', 'postcode': 29672, 'coordinates': {'latitude': '0.2462', 'longitude': '39.9018'}, 'timezone': {'offset': '+10:00', 'description': 'Eastern Australia, Guam, Vladivostok'}}, 'email': 'cathy.freeman@example.com', 'login': {'uuid': '342feacf-3e05-4d8b-86b5-38621ac22578', 'username': 'goldenelephant574', 'password': 'reggie', 'salt': '6dt3HRWx', 'md5': '2e7dd121c48f899a6053c678671589c5', 'sha1': '588858f730d7b1fc32c0fb01697b4aa445300caa', 'sha256': '83841ddc2de606853458f94c15784a51d0effaf4dc5a460449a5e256e13a743e'}, 'dob': {'date': '1969-03-15T07:12:32.893Z', 'age': 55}, 'registered': {'date': '2005-09-06T04:38:08.771Z', 'age': 18}, 'phone': '051-711-3451', 'cell': '081-043-1966', 'id': {'name': 'PPS', 'value': '5006532T'}, 'picture': {'large': 'https://randomuser.me/api/portraits/women/9.jpg', 'medium': 'https://randomuser.me/api/portraits/med/women/9.jpg', 'thumbnail': 'https://randomuser.me/api/portraits/thumb/women/9.jpg'}, 'nat': 'IE'}</msg>
<arg>${json_data['results'][0]}</arg>
<doc>Logs the given message with the given level.</doc>
<status status="PASS" start="2024-04-12T15:13:43.769660" elapsed="0.000411"/>
</kw>
<kw name="Log" owner="BuiltIn">
<msg time="2024-04-12T15:13:43.770492" level="INFO">login</msg>
<arg>${key}</arg>
<doc>Logs the given message with the given level.</doc>
<status status="PASS" start="2024-04-12T15:13:43.770367" elapsed="0.000163"/>
</kw>
<var name="${key}">login</var>
<status status="PASS" start="2024-04-12T15:13:43.768851" elapsed="0.001914"/>
</iter>
<var>${key}</var>
<value>@{expected_keys}</value>
<status status="PASS" start="2024-04-12T15:13:43.760196" elapsed="0.010693"/>
</for>
<kw name="Create List" owner="BuiltIn">
<msg time="2024-04-12T15:13:43.771210" level="INFO">${expected_keysTwo} = ['username', 'password']</msg>
<var>${expected_keysTwo}</var>
<arg>username</arg>
<arg>password</arg>
<doc>Returns a list containing given items.</doc>
<status status="PASS" start="2024-04-12T15:13:43.771077" elapsed="0.000179"/>
</kw>
<for flavor="IN">
<iter>
<kw name="Dictionary Should Contain Key" owner="Collections">
<msg time="2024-04-12T15:13:43.772244" level="INFO">False</msg>
<arg>${json_data['results'][0]['login']}</arg>
<arg>${keyTwo}</arg>
<doc>Fails if ``key`` is not found from ``dictionary``.</doc>
<status status="PASS" start="2024-04-12T15:13:43.771864" elapsed="0.000417"/>
</kw>
<kw name="Dictionary Should Contain Key" owner="Collections">
<msg time="2024-04-12T15:13:43.772957" level="INFO">False</msg>
<arg>${json_data['results'][0]['login']}</arg>
<arg>${keyTwo}</arg>
<doc>Fails if ``key`` is not found from ``dictionary``.</doc>
<status status="PASS" start="2024-04-12T15:13:43.772573" elapsed="0.000420"/>
</kw>
<kw name="Log" owner="BuiltIn">
<msg time="2024-04-12T15:13:43.773418" level="INFO">username</msg>
<arg>${keyTwo}</arg>
<doc>Logs the given message with the given level.</doc>
<status status="PASS" start="2024-04-12T15:13:43.773293" elapsed="0.000163"/>
</kw>
<var name="${keyTwo}">username</var>
<status status="PASS" start="2024-04-12T15:13:43.771752" elapsed="0.001917"/>
</iter>
<iter>
<kw name="Dictionary Should Contain Key" owner="Collections">
<msg time="2024-04-12T15:13:43.774320" level="INFO">False</msg>
<arg>${json_data['results'][0]['login']}</arg>
<arg>${keyTwo}</arg>
<doc>Fails if ``key`` is not found from ``dictionary``.</doc>
<status status="PASS" start="2024-04-12T15:13:43.773950" elapsed="0.000408"/>
</kw>
<kw name="Dictionary Should Contain Key" owner="Collections">
<msg time="2024-04-12T15:13:43.775027" level="INFO">False</msg>
<arg>${json_data['results'][0]['login']}</arg>
<arg>${keyTwo}</arg>
<doc>Fails if ``key`` is not found from ``dictionary``.</doc>
<status status="PASS" start="2024-04-12T15:13:43.774647" elapsed="0.000416"/>
</kw>
<kw name="Log" owner="BuiltIn">
<msg time="2024-04-12T15:13:43.775521" level="INFO">password</msg>
<arg>${keyTwo}</arg>
<doc>Logs the given message with the given level.</doc>
<status status="PASS" start="2024-04-12T15:13:43.775392" elapsed="0.000166"/>
</kw>
<var name="${keyTwo}">password</var>
<status status="PASS" start="2024-04-12T15:13:43.773841" elapsed="0.001933"/>
</iter>
<var>${keyTwo}</var>
<value>@{expected_keysTwo}</value>
<status status="PASS" start="2024-04-12T15:13:43.771502" elapsed="0.004391"/>
</for>
<status status="PASS" start="2024-04-12T15:13:43.627422" elapsed="0.148629"/>
</kw>
<doc>Testa a estrutura da resposta da API.</doc>
<tag>testeEstruturaResposta</tag>
<status status="PASS" start="2024-04-12T15:13:43.626720" elapsed="0.149484"/>
</test>
<test id="s1-s1-t4" name="Validar tipos de dados" line="28">
<kw name="Teste de Tipos de Dados" owner="random-user-service">
<kw name="GET On Session" owner="RequestsLibrary">
<msg time="2024-04-12T15:13:43.814952" level="INFO">GET Request : url=https://randomuser.me/api 
 path_url=/api 
 headers={'User-Agent': 'python-requests/2.31.0', 'Accept-Encoding': 'gzip, deflate', 'Accept': '*/*', 'Connection': 'keep-alive'} 
 body=None 
 </msg>
<msg time="2024-04-12T15:13:43.815016" level="INFO">GET Response : url=https://randomuser.me/api 
 status=200, reason=OK 
 headers={'Date': 'Fri, 12 Apr 2024 15:13:43 GMT', 'Content-Type': 'application/json; charset=utf-8', 'Transfer-Encoding': 'chunked', 'Connection': 'keep-alive', 'X-Powered-By': 'Express', 'Access-Control-Allow-Origin': '*', 'Cache-Control': 'no-cache', 'ETag': 'W/"4a7-AsuoFoE+WvF76tSetaTAh1joVc8"', 'Vary': 'Accept-Encoding', 'Content-Encoding': 'gzip', 'CF-Cache-Status': 'DYNAMIC', 'Report-To': '{"endpoints":[{"url":"https:\\/\\/a.nel.cloudflare.com\\/report\\/v4?s=b%2BQAhYojQr64JZPBAbrSMMBx%2B9AxXRbZWVHhj5Y8C4jm%2Ba8bCrbx0cKz1GUamPLPzrDtybFON98tzjjsIJaUE2A26E2rnQuPJsAYTYRG3C0BCVjnFiQmuXUsPJ1FUWM7"}],"group":"cf-nel","max_age":604800}', 'NEL': '{"success_fraction":0,"report_to":"cf-nel","max_age":604800}', 'Server': 'cloudflare', 'CF-RAY': '873429789def3b06-IAD', 'alt-svc': 'h3=":443"; ma=86400'} 
 body={"results":[{"gender":"male","name":{"title":"Mr","first":"امیر","last":"حیدری"},"location":{"street":{"number":3216,"name":"نام قدیم میدان های تهران"},"city":"یزد","state":"مازندران","country":"Iran","postcode":84287,"coordinates":{"latitude":"15.6633","longitude":"-85.4703"},"timezone":{"offset":"-3:00","description":"Brazil, Buenos Aires, Georgetown"}},"email":"myr.hydry@example.com","login":{"uuid":"3255dfad-99e6-4b72-aa01-0f076970e156","username":"angrybutterfly149","password":"muscles","salt":"KJ4ATBhz","md5":"a5c95aa3f71de03b0442162b0bfafb5d","sha1":"8f8c089258e296bfddb2bed21baaa875f601f0bb","sha256":"8e896666e5bfbd9af2954df0e843f3b359aa0bc478d92c9d89f076e2f117d53d"},"dob":{"date":"1999-10-16T00:47:50.644Z","age":24},"registered":{"date":"2003-06-23T21:18:40.181Z","age":20},"phone":"045-40903488","cell":"0959-619-4290","id":{"name":"","value":null},"picture":{"large":"https://randomuser.me/api/portraits/men/48.jpg","medium":"https://randomuser.me/api/portraits/med/men/48.jpg","thumbnail":"https://randomuser.me/api/portraits/thumb/men/48.jpg"},"nat":"IR"}],"info":{"seed":"c697669a5ab3ac54","results":1,"page":1,"version":"1.4"}} 
 </msg>
<msg time="2024-04-12T15:13:43.815077" level="INFO">/opt/hostedtoolcache/Python/3.12.2/x64/lib/python3.12/site-packages/urllib3/connectionpool.py:1103: InsecureRequestWarning: Unverified HTTPS request is being made to host 'randomuser.me'. Adding certificate verification is strongly advised. See: https://urllib3.readthedocs.io/en/latest/advanced-usage.html#tls-warnings
  warnings.warn(</msg>
<msg time="2024-04-12T15:13:43.815160" level="INFO">${response} = &lt;Response [200]&gt;</msg>
<var>${response}</var>
<arg>consultarAPI</arg>
<arg>/api</arg>
<doc>Sends a GET request on a previously created HTTP Session.</doc>
<status status="PASS" start="2024-04-12T15:13:43.778649" elapsed="0.036536"/>
</kw>
<kw name="Set Variable" owner="BuiltIn">
<msg time="2024-04-12T15:13:43.816046" level="INFO">${json_data} = {'results': [{'gender': 'male', 'name': {'title': 'Mr', 'first': 'امیر', 'last': 'حیدری'}, 'location': {'street': {'number': 3216, 'name': 'نام قدیم میدان های تهران'}, 'city': 'یزد', 'state': 'مازندرا...</msg>
<var>${json_data}</var>
<arg>${response.json()}</arg>
<doc>Returns the given values which can then be assigned to a variables.</doc>
<status status="PASS" start="2024-04-12T15:13:43.815587" elapsed="0.000489"/>
</kw>
<kw name="Log" owner="BuiltIn">
<msg time="2024-04-12T15:13:43.816541" level="INFO">{'results': [{'gender': 'male', 'name': {'title': 'Mr', 'first': 'امیر', 'last': 'حیدری'}, 'location': {'street': {'number': 3216, 'name': 'نام قدیم میدان های تهران'}, 'city': 'یزد', 'state': 'مازندران', 'country': 'Iran', 'postcode': 84287, 'coordinates': {'latitude': '15.6633', 'longitude': '-85.4703'}, 'timezone': {'offset': '-3:00', 'description': 'Brazil, Buenos Aires, Georgetown'}}, 'email': 'myr.hydry@example.com', 'login': {'uuid': '3255dfad-99e6-4b72-aa01-0f076970e156', 'username': 'angrybutterfly149', 'password': 'muscles', 'salt': 'KJ4ATBhz', 'md5': 'a5c95aa3f71de03b0442162b0bfafb5d', 'sha1': '8f8c089258e296bfddb2bed21baaa875f601f0bb', 'sha256': '8e896666e5bfbd9af2954df0e843f3b359aa0bc478d92c9d89f076e2f117d53d'}, 'dob': {'date': '1999-10-16T00:47:50.644Z', 'age': 24}, 'registered': {'date': '2003-06-23T21:18:40.181Z', 'age': 20}, 'phone': '045-40903488', 'cell': '0959-619-4290', 'id': {'name': '', 'value': None}, 'picture': {'large': 'https://randomuser.me/api/portraits/men/48.jpg', 'medium': 'https://randomuser.me/api/portraits/med/men/48.jpg', 'thumbnail': 'https://randomuser.me/api/portraits/thumb/men/48.jpg'}, 'nat': 'IR'}], 'info': {'seed': 'c697669a5ab3ac54', 'results': 1, 'page': 1, 'version': '1.4'}}</msg>
<arg>${json_data}</arg>
<doc>Logs the given message with the given level.</doc>
<status status="PASS" start="2024-04-12T15:13:43.816384" elapsed="0.000239"/>
</kw>
<kw name="Should Be String" owner="String">
<arg>${json_data['results'][0]['gender']}</arg>
<doc>Fails if the given ``item`` is not a string.</doc>
<status status="PASS" start="2024-04-12T15:13:43.816926" elapsed="0.000365"/>
</kw>
<kw name="Should Match Regexp" owner="BuiltIn">
<arg>${json_data['results'][0]['email']}</arg>
<arg>^[a-zA-Z0-9._%+-]+@[a-zA-Z0-9.-]+\.[a-zA-Z]{2,}$</arg>
<doc>Fails if ``string`` does not match ``pattern`` as a regular expression.</doc>
<status status="PASS" start="2024-04-12T15:13:43.817484" elapsed="0.000507"/>
</kw>
<kw name="Should Match Regexp" owner="BuiltIn">
<arg>${json_data['results'][0]['dob']['date']}</arg>
<arg>\\d{4}-\\d{2}-\\d{2}T\\d{2}:\\d{2}:\\d{2}\\.\\d{3}Z</arg>
<doc>Fails if ``string`` does not match ``pattern`` as a regular expression.</doc>
<status status="PASS" start="2024-04-12T15:13:43.818193" elapsed="0.000489"/>
</kw>
<kw name="Should Match Regexp" owner="BuiltIn">
<arg>${json_data['results'][0]['registered']['date']}</arg>
<arg>\\d{4}-\\d{2}-\\d{2}T\\d{2}:\\d{2}:\\d{2}\\.\\d{3}Z</arg>
<doc>Fails if ``string`` does not match ``pattern`` as a regular expression.</doc>
<status status="PASS" start="2024-04-12T15:13:43.818876" elapsed="0.000404"/>
</kw>
<kw name="Should Match Regexp" owner="BuiltIn">
<arg>${json_data['results'][0]['picture']['large']}</arg>
<arg>^https?://.*\.(?:png|jpe?g|gif|bmp)$</arg>
<doc>Fails if ``string`` does not match ``pattern`` as a regular expression.</doc>
<status status="PASS" start="2024-04-12T15:13:43.819475" elapsed="0.000456"/>
</kw>
<kw name="Should Match Regexp" owner="BuiltIn">
<arg>${json_data['results'][0]['picture']['medium']}</arg>
<arg>^https?://.*\.(?:png|jpe?g|gif|bmp)$</arg>
<doc>Fails if ``string`` does not match ``pattern`` as a regular expression.</doc>
<status status="PASS" start="2024-04-12T15:13:43.820121" elapsed="0.000356"/>
</kw>
<kw name="Should Match Regexp" owner="BuiltIn">
<arg>${json_data['results'][0]['picture']['thumbnail']}</arg>
<arg>^https?://.*\.(?:png|jpe?g|gif|bmp)$</arg>
<doc>Fails if ``string`` does not match ``pattern`` as a regular expression.</doc>
<status status="PASS" start="2024-04-12T15:13:43.820662" elapsed="0.000344"/>
</kw>
<kw name="Log" owner="BuiltIn">
<msg time="2024-04-12T15:13:43.821511" level="INFO">{'large': 'https://randomuser.me/api/portraits/men/48.jpg', 'medium': 'https://randomuser.me/api/portraits/med/men/48.jpg', 'thumbnail': 'https://randomuser.me/api/portraits/thumb/men/48.jpg'}</msg>
<arg>${json_data['results'][0]['picture']}</arg>
<doc>Logs the given message with the given level.</doc>
<status status="PASS" start="2024-04-12T15:13:43.821185" elapsed="0.000366"/>
</kw>
<status status="PASS" start="2024-04-12T15:13:43.778416" elapsed="0.043387"/>
</kw>
<kw name="Teste de Tipos de Dados - Postcode" owner="random-user-service">
<kw name="GET On Session" owner="RequestsLibrary">
<msg time="2024-04-12T15:13:43.921819" level="INFO">GET Request : url=https://randomuser.me/api 
 path_url=/api 
 headers={'User-Agent': 'python-requests/2.31.0', 'Accept-Encoding': 'gzip, deflate', 'Accept': '*/*', 'Connection': 'keep-alive'} 
 body=None 
 </msg>
<msg time="2024-04-12T15:13:43.921902" level="INFO">GET Response : url=https://randomuser.me/api 
 status=200, reason=OK 
 headers={'Date': 'Fri, 12 Apr 2024 15:13:43 GMT', 'Content-Type': 'application/json; charset=utf-8', 'Transfer-Encoding': 'chunked', 'Connection': 'keep-alive', 'X-Powered-By': 'Express', 'Access-Control-Allow-Origin': '*', 'Cache-Control': 'no-cache', 'ETag': 'W/"49f-Jz060e7Hn9ItOeM59fEv/Xm87Hw"', 'Vary': 'Accept-Encoding', 'Content-Encoding': 'gzip', 'CF-Cache-Status': 'DYNAMIC', 'Report-To': '{"endpoints":[{"url":"https:\\/\\/a.nel.cloudflare.com\\/report\\/v4?s=9L%2BPNwPZxnJWR4kMRir0C%2F9MJYW0PcvyK%2BRJhcbTrw7rKnAEb4561%2Br1Dzb7vj%2BoapJBRfL4%2BlaT1i9NYRNEmr4gpN0CGGmo6ZpYuN5LxtZ0%2BPT68CMRWy4oDAiLyBZ9"}],"group":"cf-nel","max_age":604800}', 'NEL': '{"success_fraction":0,"report_to":"cf-nel","max_age":604800}', 'Server': 'cloudflare', 'CF-RAY': '87342978ee3c3b06-IAD', 'alt-svc': 'h3=":443"; ma=86400'} 
 body={"results":[{"gender":"female","name":{"title":"Miss","first":"Sofie","last":"Sørensen"},"location":{"street":{"number":3420,"name":"Niels Bohrs Vej"},"city":"København V","state":"Nordjylland","country":"Denmark","postcode":40819,"coordinates":{"latitude":"-46.4128","longitude":"39.9301"},"timezone":{"offset":"+11:00","description":"Magadan, Solomon Islands, New Caledonia"}},"email":"sofie.sorensen@example.com","login":{"uuid":"ef0f5878-5d19-41a8-ad65-f97d373ea5b9","username":"goldenzebra626","password":"gerard","salt":"ZgLfPHAZ","md5":"c836ddcec345a13443e6f120167d2f5a","sha1":"d431868afd1670e0ccd7278689c6359cfccbdf4c","sha256":"590dd394b039aff480106a55366095fb3197937a398476ad059892fb4d3e83ec"},"dob":{"date":"1970-12-08T08:04:46.014Z","age":53},"registered":{"date":"2019-11-05T12:05:10.607Z","age":4},"phone":"42963769","cell":"20981384","id":{"name":"CPR","value":"081270-6723"},"picture":{"large":"https://randomuser.me/api/portraits/women/19.jpg","medium":"https://randomuser.me/api/portraits/med/women/19.jpg","thumbnail":"https://randomuser.me/api/portraits/thumb/women/19.jpg"},"nat":"DK"}],"info":{"seed":"2087f0294a2f0bbf","results":1,"page":1,"version":"1.4"}} 
 </msg>
<msg time="2024-04-12T15:13:43.921989" level="INFO">/opt/hostedtoolcache/Python/3.12.2/x64/lib/python3.12/site-packages/urllib3/connectionpool.py:1103: InsecureRequestWarning: Unverified HTTPS request is being made to host 'randomuser.me'. Adding certificate verification is strongly advised. See: https://urllib3.readthedocs.io/en/latest/advanced-usage.html#tls-warnings
  warnings.warn(</msg>
<msg time="2024-04-12T15:13:43.922097" level="INFO">${response} = &lt;Response [200]&gt;</msg>
<var>${response}</var>
<arg>consultarAPI</arg>
<arg>/api</arg>
<doc>Sends a GET request on a previously created HTTP Session.</doc>
<status status="PASS" start="2024-04-12T15:13:43.822240" elapsed="0.099888"/>
</kw>
<kw name="Set Variable" owner="BuiltIn">
<msg time="2024-04-12T15:13:43.922970" level="INFO">${json_data} = {'results': [{'gender': 'female', 'name': {'title': 'Miss', 'first': 'Sofie', 'last': 'Sørensen'}, 'location': {'street': {'number': 3420, 'name': 'Niels Bohrs Vej'}, 'city': 'København V', 'state': '...</msg>
<var>${json_data}</var>
<arg>${response.json()}</arg>
<doc>Returns the given values which can then be assigned to a variables.</doc>
<status status="PASS" start="2024-04-12T15:13:43.922515" elapsed="0.000483"/>
</kw>
<kw name="Log" owner="BuiltIn">
<msg time="2024-04-12T15:13:43.923493" level="INFO">{'results': [{'gender': 'female', 'name': {'title': 'Miss', 'first': 'Sofie', 'last': 'Sørensen'}, 'location': {'street': {'number': 3420, 'name': 'Niels Bohrs Vej'}, 'city': 'København V', 'state': 'Nordjylland', 'country': 'Denmark', 'postcode': 40819, 'coordinates': {'latitude': '-46.4128', 'longitude': '39.9301'}, 'timezone': {'offset': '+11:00', 'description': 'Magadan, Solomon Islands, New Caledonia'}}, 'email': 'sofie.sorensen@example.com', 'login': {'uuid': 'ef0f5878-5d19-41a8-ad65-f97d373ea5b9', 'username': 'goldenzebra626', 'password': 'gerard', 'salt': 'ZgLfPHAZ', 'md5': 'c836ddcec345a13443e6f120167d2f5a', 'sha1': 'd431868afd1670e0ccd7278689c6359cfccbdf4c', 'sha256': '590dd394b039aff480106a55366095fb3197937a398476ad059892fb4d3e83ec'}, 'dob': {'date': '1970-12-08T08:04:46.014Z', 'age': 53}, 'registered': {'date': '2019-11-05T12:05:10.607Z', 'age': 4}, 'phone': '42963769', 'cell': '20981384', 'id': {'name': 'CPR', 'value': '081270-6723'}, 'picture': {'large': 'https://randomuser.me/api/portraits/women/19.jpg', 'medium': 'https://randomuser.me/api/portraits/med/women/19.jpg', 'thumbnail': 'https://randomuser.me/api/portraits/thumb/women/19.jpg'}, 'nat': 'DK'}], 'info': {'seed': '2087f0294a2f0bbf', 'results': 1, 'page': 1, 'version': '1.4'}}</msg>
<arg>${json_data}</arg>
<doc>Logs the given message with the given level.</doc>
<status status="PASS" start="2024-04-12T15:13:43.923330" elapsed="0.000245"/>
</kw>
<kw name="Should Be Equal As Numbers" owner="BuiltIn">
<arg>${json_data['results'][0]['location']['postcode']}</arg>
<arg>${json_data['results'][0]['location']['postcode']}</arg>
<doc>Fails if objects are unequal after converting them to real numbers.</doc>
<status status="PASS" start="2024-04-12T15:13:43.923879" elapsed="0.000609"/>
</kw>
<kw name="Log" owner="BuiltIn">
<msg time="2024-04-12T15:13:43.925010" level="INFO">40819</msg>
<arg>${json_data['results'][0]['location']['postcode']}</arg>
<doc>Logs the given message with the given level.</doc>
<status status="PASS" start="2024-04-12T15:13:43.924680" elapsed="0.000370"/>
</kw>
<status status="PASS" start="2024-04-12T15:13:43.822015" elapsed="0.103287"/>
</kw>
<doc>Testa se os tipos de dados na resposta da API estão corretos.</doc>
<tag>testeTiposDados</tag>
<status status="PASS" start="2024-04-12T15:13:43.777975" elapsed="0.147488"/>
</test>
<test id="s1-s1-t5" name="Validar conteudo" line="35">
<kw name="Teste de Tipos de Conteudo" owner="random-user-service">
<kw name="GET On Session" owner="RequestsLibrary">
<msg time="2024-04-12T15:13:44.026501" level="INFO">GET Request : url=https://randomuser.me/api 
 path_url=/api 
 headers={'User-Agent': 'python-requests/2.31.0', 'Accept-Encoding': 'gzip, deflate', 'Accept': '*/*', 'Connection': 'keep-alive'} 
 body=None 
 </msg>
<msg time="2024-04-12T15:13:44.026580" level="INFO">GET Response : url=https://randomuser.me/api 
 status=200, reason=OK 
 headers={'Date': 'Fri, 12 Apr 2024 15:13:44 GMT', 'Content-Type': 'application/json; charset=utf-8', 'Transfer-Encoding': 'chunked', 'Connection': 'keep-alive', 'X-Powered-By': 'Express', 'Access-Control-Allow-Origin': '*', 'Cache-Control': 'no-cache', 'ETag': 'W/"471-HXk8z24pV4FTOALmzWJt1LMMOuA"', 'Vary': 'Accept-Encoding', 'Content-Encoding': 'gzip', 'CF-Cache-Status': 'DYNAMIC', 'Report-To': '{"endpoints":[{"url":"https:\\/\\/a.nel.cloudflare.com\\/report\\/v4?s=U01LFPzEN9w3ZX%2BlznW%2BTRPOqhg2Zw5Y2xpd0RKiaRIFgtjSq%2FLyAAwGisUMiPT%2BAdK72mvEx0GJQTJ81BX3hdJRzm%2BxGrC9zEEs3corPnhaa4lLmpYDwPg1wWm5j2Mu"}],"group":"cf-nel","max_age":604800}', 'NEL': '{"success_fraction":0,"report_to":"cf-nel","max_age":604800}', 'Server': 'cloudflare', 'CF-RAY': '873429798eff3b06-IAD', 'alt-svc': 'h3=":443"; ma=86400'} 
 body={"results":[{"gender":"male","name":{"title":"Mr","first":"Landon","last":"Daniels"},"location":{"street":{"number":7440,"name":"Grove Road"},"city":"Ballina","state":"Westmeath","country":"Ireland","postcode":64250,"coordinates":{"latitude":"1.6629","longitude":"-30.5114"},"timezone":{"offset":"+6:00","description":"Almaty, Dhaka, Colombo"}},"email":"landon.daniels@example.com","login":{"uuid":"93cb41e9-4ff3-424f-a7b2-f1f143a8ac8f","username":"sadcat963","password":"james","salt":"r89ljp8x","md5":"0d9704c818be1623d0d048d481f1f1f9","sha1":"814e24accfdd2317fc46fc3f51ec741a41d36840","sha256":"5580b2912106268df733a04d09fb111f391719f5eb76f79d9fbfe9a177323d4e"},"dob":{"date":"1949-09-19T03:42:05.774Z","age":74},"registered":{"date":"2021-09-24T13:46:42.834Z","age":2},"phone":"021-265-6759","cell":"081-799-3610","id":{"name":"PPS","value":"0820374T"},"picture":{"large":"https://randomuser.me/api/portraits/men/9.jpg","medium":"https://randomuser.me/api/portraits/med/men/9.jpg","thumbnail":"https://randomuser.me/api/portraits/thumb/men/9.jpg"},"nat":"IE"}],"info":{"seed":"556bce963c0ad544","results":1,"page":1,"version":"1.4"}} 
 </msg>
<msg time="2024-04-12T15:13:44.026639" level="INFO">/opt/hostedtoolcache/Python/3.12.2/x64/lib/python3.12/site-packages/urllib3/connectionpool.py:1103: InsecureRequestWarning: Unverified HTTPS request is being made to host 'randomuser.me'. Adding certificate verification is strongly advised. See: https://urllib3.readthedocs.io/en/latest/advanced-usage.html#tls-warnings
  warnings.warn(</msg>
<msg time="2024-04-12T15:13:44.026734" level="INFO">${response} = &lt;Response [200]&gt;</msg>
<var>${response}</var>
<arg>consultarAPI</arg>
<arg>/api</arg>
<doc>Sends a GET request on a previously created HTTP Session.</doc>
<status status="PASS" start="2024-04-12T15:13:43.928194" elapsed="0.098574"/>
</kw>
<kw name="Set Variable" owner="BuiltIn">
<msg time="2024-04-12T15:13:44.027699" level="INFO">${json_data} = {'results': [{'gender': 'male', 'name': {'title': 'Mr', 'first': 'Landon', 'last': 'Daniels'}, 'location': {'street': {'number': 7440, 'name': 'Grove Road'}, 'city': 'Ballina', 'state': 'Westmeath', '...</msg>
<var>${json_data}</var>
<arg>${response.json()}</arg>
<doc>Returns the given values which can then be assigned to a variables.</doc>
<status status="PASS" start="2024-04-12T15:13:44.027191" elapsed="0.000536"/>
</kw>
<kw name="Set Variable" owner="BuiltIn">
<msg time="2024-04-12T15:13:44.028408" level="INFO">${name_title} = Mr</msg>
<var>${name_title}</var>
<arg>${json_data["results"][0]["name"]["title"]}</arg>
<doc>Returns the given values which can then be assigned to a variables.</doc>
<status status="PASS" start="2024-04-12T15:13:44.028030" elapsed="0.000404"/>
</kw>
<kw name="Create List" owner="BuiltIn">
<msg time="2024-04-12T15:13:44.028877" level="INFO">${allowed_titles} = ['Mr', 'Ms', 'Miss', 'Mrs', 'Madame', 'Monsieur']</msg>
<var>${allowed_titles}</var>
<arg>Mr</arg>
<arg>Ms</arg>
<arg>Miss</arg>
<arg>Mrs</arg>
<arg>Madame</arg>
<arg>Monsieur</arg>
<doc>Returns a list containing given items.</doc>
<status status="PASS" start="2024-04-12T15:13:44.028730" elapsed="0.000171"/>
</kw>
<kw name="List Should Contain Value" owner="Collections">
<msg time="2024-04-12T15:13:44.029368" level="INFO">False</msg>
<arg>${allowed_titles}</arg>
<arg>${name_title}</arg>
<doc>Fails if the ``value`` is not found from ``list``.</doc>
<status status="PASS" start="2024-04-12T15:13:44.029198" elapsed="0.000206"/>
</kw>
<kw name="Set Variable" owner="BuiltIn">
<msg time="2024-04-12T15:13:44.030066" level="INFO">${name_country} = IE</msg>
<var>${name_country}</var>
<arg>${json_data["results"][0]["nat"]}</arg>
<doc>Returns the given values which can then be assigned to a variables.</doc>
<status status="PASS" start="2024-04-12T15:13:44.029691" elapsed="0.000400"/>
</kw>
<kw name="Create List" owner="BuiltIn">
<msg time="2024-04-12T15:13:44.031001" level="INFO">${list_country} = ['AD', 'AE', 'AF', 'AG', 'AI', 'AL', 'AM', 'AO', 'AQ', 'AR', 'AS', 'AT', 'AU', 'AW', 'AX', 'AZ', 'BA', 'BB', 'BD', 'BE', 'BF', 'BG', 'BH', 'BI', 'BJ', 'BL', 'BM', 'BN', 'BO', 'BQ', 'BR', 'BS', 'BT', '...</msg>
<var>${list_country}</var>
<arg>AD</arg>
<arg>AE</arg>
<arg>AF</arg>
<arg>AG</arg>
<arg>AI</arg>
<arg>AL</arg>
<arg>AM</arg>
<arg>AO</arg>
<arg>AQ</arg>
<arg>AR</arg>
<arg>AS</arg>
<arg>AT</arg>
<arg>AU</arg>
<arg>AW</arg>
<arg>AX</arg>
<arg>AZ</arg>
<arg>BA</arg>
<arg>BB</arg>
<arg>BD</arg>
<arg>BE</arg>
<arg>BF</arg>
<arg>BG</arg>
<arg>BH</arg>
<arg>BI</arg>
<arg>BJ</arg>
<arg>BL</arg>
<arg>BM</arg>
<arg>BN</arg>
<arg>BO</arg>
<arg>BQ</arg>
<arg>BR</arg>
<arg>BS</arg>
<arg>BT</arg>
<arg>BV</arg>
<arg>BW</arg>
<arg>BY</arg>
<arg>BZ</arg>
<arg>CA</arg>
<arg>CC</arg>
<arg>CD</arg>
<arg>CF</arg>
<arg>CG</arg>
<arg>CH</arg>
<arg>CI</arg>
<arg>CK</arg>
<arg>CL</arg>
<arg>CM</arg>
<arg>CN</arg>
<arg>CO</arg>
<arg>CR</arg>
<arg>CU</arg>
<arg>CV</arg>
<arg>CW</arg>
<arg>CX</arg>
<arg>CY</arg>
<arg>CZ</arg>
<arg>DE</arg>
<arg>DJ</arg>
<arg>DK</arg>
<arg>DM</arg>
<arg>DO</arg>
<arg>DZ</arg>
<arg>EC</arg>
<arg>EE</arg>
<arg>EG</arg>
<arg>EH</arg>
<arg>ER</arg>
<arg>ES</arg>
<arg>ET</arg>
<arg>FI</arg>
<arg>FJ</arg>
<arg>FK</arg>
<arg>FM</arg>
<arg>FO</arg>
<arg>FR</arg>
<arg>GA</arg>
<arg>GB</arg>
<arg>GD</arg>
<arg>GE</arg>
<arg>GF</arg>
<arg>GG</arg>
<arg>GH</arg>
<arg>GI</arg>
<arg>GL</arg>
<arg>GM</arg>
<arg>GN</arg>
<arg>GP</arg>
<arg>GQ</arg>
<arg>GR</arg>
<arg>GS</arg>
<arg>GT</arg>
<arg>GU</arg>
<arg>GW</arg>
<arg>GY</arg>
<arg>HK</arg>
<arg>HM</arg>
<arg>HN</arg>
<arg>HR</arg>
<arg>HT</arg>
<arg>HU</arg>
<arg>ID</arg>
<arg>IE</arg>
<arg>IL</arg>
<arg>IM</arg>
<arg>IN</arg>
<arg>IO</arg>
<arg>IQ</arg>
<arg>IR</arg>
<arg>IS</arg>
<arg>IT</arg>
<arg>JE</arg>
<arg>JM</arg>
<arg>JO</arg>
<arg>JP</arg>
<arg>KE</arg>
<arg>KG</arg>
<arg>KH</arg>
<arg>KI</arg>
<arg>KM</arg>
<arg>KN</arg>
<arg>KP</arg>
<arg>KR</arg>
<arg>KW</arg>
<arg>KY</arg>
<arg>KZ</arg>
<arg>LA</arg>
<arg>LB</arg>
<arg>LC</arg>
<arg>LI</arg>
<arg>LK</arg>
<arg>LR</arg>
<arg>LS</arg>
<arg>LT</arg>
<arg>LU</arg>
<arg>LV</arg>
<arg>LY</arg>
<arg>MA</arg>
<arg>MC</arg>
<arg>MD</arg>
<arg>ME</arg>
<arg>MF</arg>
<arg>MG</arg>
<arg>MH</arg>
<arg>MK</arg>
<arg>ML</arg>
<arg>MM</arg>
<arg>MN</arg>
<arg>MO</arg>
<arg>MP</arg>
<arg>MQ</arg>
<arg>MR</arg>
<arg>MS</arg>
<arg>MT</arg>
<arg>MU</arg>
<arg>MV</arg>
<arg>MW</arg>
<arg>MX</arg>
<arg>MY</arg>
<arg>MZ</arg>
<arg>NA</arg>
<arg>NC</arg>
<arg>NE</arg>
<arg>NF</arg>
<arg>NG</arg>
<arg>NI</arg>
<arg>NL</arg>
<arg>NO</arg>
<arg>NP</arg>
<arg>NR</arg>
<arg>NU</arg>
<arg>NZ</arg>
<arg>OM</arg>
<arg>PA</arg>
<arg>PE</arg>
<arg>PF</arg>
<arg>PG</arg>
<arg>PH</arg>
<arg>PK</arg>
<arg>PL</arg>
<arg>PM</arg>
<arg>PN</arg>
<arg>PR</arg>
<arg>PS</arg>
<arg>PT</arg>
<arg>PW</arg>
<arg>PY</arg>
<arg>QA</arg>
<arg>RE</arg>
<arg>RO</arg>
<arg>RS</arg>
<arg>RU</arg>
<arg>RW</arg>
<arg>SA</arg>
<arg>SB</arg>
<arg>SC</arg>
<arg>SD</arg>
<arg>SE</arg>
<arg>SG</arg>
<arg>SH</arg>
<arg>SI</arg>
<arg>SJ</arg>
<arg>SK</arg>
<arg>SL</arg>
<arg>SM</arg>
<arg>SN</arg>
<arg>SO</arg>
<arg>SR</arg>
<arg>SS</arg>
<arg>ST</arg>
<arg>SV</arg>
<arg>SX</arg>
<arg>SY</arg>
<arg>SZ</arg>
<arg>TC</arg>
<arg>TD</arg>
<arg>TF</arg>
<arg>TG</arg>
<arg>TH</arg>
<arg>TJ</arg>
<arg>TK</arg>
<arg>TL</arg>
<arg>TM</arg>
<arg>TN</arg>
<arg>TO</arg>
<arg>TR</arg>
<arg>TT</arg>
<arg>TV</arg>
<arg>TW</arg>
<arg>TZ</arg>
<arg>UA</arg>
<arg>UG</arg>
<arg>UM</arg>
<arg>US</arg>
<arg>UY</arg>
<arg>UZ</arg>
<arg>VA</arg>
<arg>VC</arg>
<arg>VE</arg>
<arg>VG</arg>
<arg>VI</arg>
<arg>VN</arg>
<arg>VU</arg>
<arg>WF</arg>
<arg>WS</arg>
<arg>XK</arg>
<arg>YE</arg>
<arg>YT</arg>
<arg>ZA</arg>
<arg>ZM</arg>
<arg>ZW</arg>
<doc>Returns a list containing given items.</doc>
<status status="PASS" start="2024-04-12T15:13:44.030398" elapsed="0.000629"/>
</kw>
<kw name="List Should Contain Value" owner="Collections">
<msg time="2024-04-12T15:13:44.032029" level="INFO">False</msg>
<arg>${list_country}</arg>
<arg>${name_country}</arg>
<doc>Fails if the ``value`` is not found from ``list``.</doc>
<status status="PASS" start="2024-04-12T15:13:44.031830" elapsed="0.000235"/>
</kw>
<kw name="Run Keyword If" owner="BuiltIn">
<kw name="Should Be True" owner="BuiltIn">
<arg>${True}</arg>
<doc>Fails if the given condition is not true.</doc>
<status status="PASS" start="2024-04-12T15:13:44.033244" elapsed="0.000145"/>
</kw>
<arg>${json_data["results"][0]["location"]["coordinates"]["latitude"]} &gt;= -90 and ${json_data["results"][0]["location"]["coordinates"]["latitude"]} &lt;= 90</arg>
<arg>Should Be True</arg>
<arg>${True}</arg>
<doc>Runs the given keyword with the given arguments, if ``condition`` is true.</doc>
<status status="PASS" start="2024-04-12T15:13:44.032370" elapsed="0.001148"/>
</kw>
<kw name="Run Keyword If" owner="BuiltIn">
<kw name="Should Be True" owner="BuiltIn">
<arg>${True}</arg>
<doc>Fails if the given condition is not true.</doc>
<status status="PASS" start="2024-04-12T15:13:44.034412" elapsed="0.000137"/>
</kw>
<arg>${json_data["results"][0]["location"]["coordinates"]["longitude"]} &gt;= -180 and ${json_data["results"][0]["location"]["coordinates"]["longitude"]} &lt;= 180</arg>
<arg>Should Be True</arg>
<arg>${True}</arg>
<doc>Runs the given keyword with the given arguments, if ``condition`` is true.</doc>
<status status="PASS" start="2024-04-12T15:13:44.033705" elapsed="0.000966"/>
</kw>
<status status="PASS" start="2024-04-12T15:13:43.927830" elapsed="0.106969"/>
</kw>
<doc>Testa o conteúdo específico dos campos retornados pela API.</doc>
<tag>testeConteudo</tag>
<status status="PASS" start="2024-04-12T15:13:43.927183" elapsed="0.107764"/>
</test>
<status status="PASS" start="2024-04-12T15:13:43.071074" elapsed="0.965768"/>
</suite>
<status status="PASS" start="2024-04-12T15:13:43.057594" elapsed="0.984504"/>
</suite>
<statistics>
<total>
<stat pass="5" fail="0" skip="0">All Tests</stat>
</total>
<tag>
<stat pass="1" fail="0" skip="0">testeConteudo</stat>
<stat pass="1" fail="0" skip="0">testeEstruturaResposta</stat>
<stat pass="1" fail="0" skip="0">testeRequisicaoBasica</stat>
<stat pass="1" fail="0" skip="0">testeTiposDados</stat>
</tag>
<suite>
<stat pass="5" fail="0" skip="0" id="s1" name="Tests">Tests</stat>
<stat pass="5" fail="0" skip="0" id="s1-s1" name="Random-User-Test">Tests.Random-User-Test</stat>
</suite>
</statistics>
<errors>
</errors>
</robot>
