<?xml version="1.0" encoding="UTF-8"?>
<robot generator="Robot 7.0.1 (Python 3.12.4 on linux)" generated="2024-07-30T22:12:45.088019" rpa="false" schemaversion="5">
<suite id="s1" name="Tests" source="/home/runner/work/ApiRandomUser/ApiRandomUser/RamdonUser/tests">
<suite id="s1-s1" name="Random-User-Test" source="/home/runner/work/ApiRandomUser/ApiRandomUser/RamdonUser/tests/random-user-test.robot">
<test id="s1-s1-t1" name="Conectar" line="13">
<kw name="Conectar API" owner="random-user-service">
<kw name="Create Session" owner="RequestsLibrary">
<msg time="2024-07-30T22:12:45.495279" level="INFO">Creating Session using : alias=consultarAPI, url=https://randomuser.me/, headers={},                     cookies={}, auth=None, timeout=None, proxies=None, verify=False,                     debug=0 </msg>
<arg>consultarAPI</arg>
<arg>${URL}</arg>
<doc>Create Session: create a HTTP session to a server</doc>
<status status="PASS" start="2024-07-30T22:12:45.495073" elapsed="0.000403"/>
</kw>
<status status="PASS" start="2024-07-30T22:12:45.493989" elapsed="0.001855"/>
</kw>
<status status="PASS" start="2024-07-30T22:12:45.493410" elapsed="0.002633"/>
</test>
<test id="s1-s1-t2" name="Validar retorno 200 e JSON Válido" line="16">
<kw name="Teste de Requisicao Basica" owner="random-user-service">
<kw name="GET On Session" owner="RequestsLibrary">
<msg time="2024-07-30T22:12:45.626204" level="INFO">GET Request : url=https://randomuser.me/api 
 path_url=/api 
 headers={'User-Agent': 'python-requests/2.32.3', 'Accept-Encoding': 'gzip, deflate', 'Accept': '*/*', 'Connection': 'keep-alive'} 
 body=None 
 </msg>
<msg time="2024-07-30T22:12:45.626360" level="INFO">GET Response : url=https://randomuser.me/api 
 status=200, reason=OK 
 headers={'Date': 'Tue, 30 Jul 2024 22:12:45 GMT', 'Content-Type': 'application/json; charset=utf-8', 'Transfer-Encoding': 'chunked', 'Connection': 'keep-alive', 'X-Powered-By': 'Express', 'Access-Control-Allow-Origin': '*', 'Cache-Control': 'no-cache', 'ETag': 'W/"487-C5g0mJ0FbXO/Z6fGCvWkddZT9Sw"', 'Vary': 'Accept-Encoding', 'Content-Encoding': 'gzip', 'CF-Cache-Status': 'DYNAMIC', 'Report-To': '{"endpoints":[{"url":"https:\\/\\/a.nel.cloudflare.com\\/report\\/v4?s=PRmi97gW0Th%2BscKL%2BPv94aC%2FUnhxd7OfbhbdVwW2s1L2vnmLrJAy%2BgGj6ay9eruL4xPkhGAzeEGv%2BOL5TgLTo2vaEyHb771b8Ur577XqoOAfmkDSDUx1EogdmqHDKXlK"}],"group":"cf-nel","max_age":604800}', 'NEL': '{"success_fraction":0,"report_to":"cf-nel","max_age":604800}', 'Server': 'cloudflare', 'CF-RAY': '8ab8b1289cc69837-SJC', 'alt-svc': 'h3=":443"; ma=86400'} 
 body={"results":[{"gender":"female","name":{"title":"Miss","first":"Linnea","last":"Niva"},"location":{"street":{"number":42,"name":"Reijolankatu"},"city":"Liminka","state":"Pirkanmaa","country":"Finland","postcode":30507,"coordinates":{"latitude":"-24.4498","longitude":"5.6340"},"timezone":{"offset":"-11:00","description":"Midway Island, Samoa"}},"email":"linnea.niva@example.com","login":{"uuid":"7a100a79-3247-4e4e-a41d-3acb76dd0a31","username":"ticklishduck672","password":"barton","salt":"jtE6s3Oq","md5":"d55bea61bee09e6f6c0e8f2a2a8464a7","sha1":"81e89d39adf2d389797a3a34b95ce96f467a11f8","sha256":"1d4299642d3e49c65705abd84afb3aa8cdcfcbab98093137456ea6a6bbe53402"},"dob":{"date":"1988-07-12T13:50:10.211Z","age":36},"registered":{"date":"2016-10-10T07:59:19.730Z","age":7},"phone":"05-880-620","cell":"046-343-77-03","id":{"name":"HETU","value":"NaNNA774undefined"},"picture":{"large":"https://randomuser.me/api/portraits/women/46.jpg","medium":"https://randomuser.me/api/portraits/med/women/46.jpg","thumbnail":"https://randomuser.me/api/portraits/thumb/women/46.jpg"},"nat":"FI"}],"info":{"seed":"b5e6958d81426a83","results":1,"page":1,"version":"1.4"}} 
 </msg>
<msg time="2024-07-30T22:12:45.626477" level="INFO">/opt/hostedtoolcache/Python/3.12.4/x64/lib/python3.12/site-packages/urllib3/connectionpool.py:1099: InsecureRequestWarning: Unverified HTTPS request is being made to host 'randomuser.me'. Adding certificate verification is strongly advised. See: https://urllib3.readthedocs.io/en/latest/advanced-usage.html#tls-warnings
  warnings.warn(</msg>
<msg time="2024-07-30T22:12:45.626623" level="INFO">${response} = &lt;Response [200]&gt;</msg>
<var>${response}</var>
<arg>consultarAPI</arg>
<arg>/api</arg>
<doc>Sends a GET request on a previously created HTTP Session.</doc>
<status status="PASS" start="2024-07-30T22:12:45.498664" elapsed="0.128002"/>
</kw>
<kw name="Should Be Equal As Numbers" owner="BuiltIn">
<msg time="2024-07-30T22:12:45.627782" level="INFO">Argument types are:
&lt;class 'int'&gt;
&lt;class 'str'&gt;</msg>
<arg>${response.status_code}</arg>
<arg>200</arg>
<doc>Fails if objects are unequal after converting them to real numbers.</doc>
<status status="PASS" start="2024-07-30T22:12:45.627318" elapsed="0.000532"/>
</kw>
<kw name="Log" owner="BuiltIn">
<msg time="2024-07-30T22:12:45.628534" level="INFO">200</msg>
<arg>${response.status_code}</arg>
<doc>Logs the given message with the given level.</doc>
<status status="PASS" start="2024-07-30T22:12:45.628174" elapsed="0.000404"/>
</kw>
<kw name="Set Variable" owner="BuiltIn">
<msg time="2024-07-30T22:12:45.629321" level="INFO">${json_data} = {'results': [{'gender': 'female', 'name': {'title': 'Miss', 'first': 'Linnea', 'last': 'Niva'}, 'location': {'street': {'number': 42, 'name': 'Reijolankatu'}, 'city': 'Liminka', 'state': 'Pirkanmaa', ...</msg>
<var>${json_data}</var>
<arg>${response.json()}</arg>
<doc>Returns the given values which can then be assigned to a variables.</doc>
<status status="PASS" start="2024-07-30T22:12:45.628885" elapsed="0.000466"/>
</kw>
<kw name="Dictionary Should Contain Key" owner="Collections">
<arg>${json_data}</arg>
<arg>results</arg>
<doc>Fails if ``key`` is not found from ``dictionary``.</doc>
<status status="PASS" start="2024-07-30T22:12:45.629666" elapsed="0.000341"/>
</kw>
<status status="PASS" start="2024-07-30T22:12:45.498406" elapsed="0.131761"/>
</kw>
<doc>Testa se a API responde corretamente e retorna um objeto JSON válido.</doc>
<tag>testeRequisicaoBasica</tag>
<status status="PASS" start="2024-07-30T22:12:45.497903" elapsed="0.132445"/>
</test>
<test id="s1-s1-t3" name="Validar estrutura de resposta" line="22">
<kw name="Teste de Estrutura de Resposta" owner="random-user-service">
<kw name="GET On Session" owner="RequestsLibrary">
<msg time="2024-07-30T22:12:45.730616" level="INFO">GET Request : url=https://randomuser.me/api 
 path_url=/api 
 headers={'User-Agent': 'python-requests/2.32.3', 'Accept-Encoding': 'gzip, deflate', 'Accept': '*/*', 'Connection': 'keep-alive'} 
 body=None 
 </msg>
<msg time="2024-07-30T22:12:45.730714" level="INFO">GET Response : url=https://randomuser.me/api 
 status=200, reason=OK 
 headers={'Date': 'Tue, 30 Jul 2024 22:12:45 GMT', 'Content-Type': 'application/json; charset=utf-8', 'Transfer-Encoding': 'chunked', 'Connection': 'keep-alive', 'X-Powered-By': 'Express', 'Access-Control-Allow-Origin': '*', 'Cache-Control': 'no-cache', 'ETag': 'W/"494-5pE3Lq5FXZQizspl+t1f38vCWzk"', 'Vary': 'Accept-Encoding', 'Content-Encoding': 'gzip', 'CF-Cache-Status': 'DYNAMIC', 'Report-To': '{"endpoints":[{"url":"https:\\/\\/a.nel.cloudflare.com\\/report\\/v4?s=jjqiGX1Jd55Vjpe1q1%2FsmAeMhPxSwy%2BGadMG3dIrR%2FJFtDPwCgKnno%2B4e7JnNx23yy9M1AlZDcU0B%2FW4zXVfpKYI%2BNPvrEBIPTCzPUUaP5xkPxT3HHbXeBRriDsWBPge"}],"group":"cf-nel","max_age":604800}', 'NEL': '{"success_fraction":0,"report_to":"cf-nel","max_age":604800}', 'Server': 'cloudflare', 'CF-RAY': '8ab8b1294d979837-SJC', 'alt-svc': 'h3=":443"; ma=86400'} 
 body={"results":[{"gender":"male","name":{"title":"Mr","first":"بردیا","last":"یاسمی"},"location":{"street":{"number":9765,"name":"دکتر مفتح"},"city":"قم","state":"اردبیل","country":"Iran","postcode":71891,"coordinates":{"latitude":"20.2527","longitude":"-24.2004"},"timezone":{"offset":"0:00","description":"Western Europe Time, London, Lisbon, Casablanca"}},"email":"brdy.ysmy@example.com","login":{"uuid":"4f7f4b1b-2e9b-4a77-990f-3453f5c37d04","username":"beautifulzebra300","password":"model","salt":"i6JRODBZ","md5":"a4e8ac3798677bfc49e2d8a93868b5f2","sha1":"a45d4321d2df877619f341998035db5025bf6896","sha256":"5e7a72214001f318c4d1cdf9c382d21831b0d6b209e76d69c41715d72a13dd77"},"dob":{"date":"1959-11-12T09:53:41.814Z","age":64},"registered":{"date":"2008-09-22T14:31:38.514Z","age":15},"phone":"093-72480289","cell":"0965-742-9091","id":{"name":"","value":null},"picture":{"large":"https://randomuser.me/api/portraits/men/19.jpg","medium":"https://randomuser.me/api/portraits/med/men/19.jpg","thumbnail":"https://randomuser.me/api/portraits/thumb/men/19.jpg"},"nat":"IR"}],"info":{"seed":"118aa80a6e7be5e3","results":1,"page":1,"version":"1.4"}} 
 </msg>
<msg time="2024-07-30T22:12:45.730844" level="INFO">/opt/hostedtoolcache/Python/3.12.4/x64/lib/python3.12/site-packages/urllib3/connectionpool.py:1099: InsecureRequestWarning: Unverified HTTPS request is being made to host 'randomuser.me'. Adding certificate verification is strongly advised. See: https://urllib3.readthedocs.io/en/latest/advanced-usage.html#tls-warnings
  warnings.warn(</msg>
<msg time="2024-07-30T22:12:45.730973" level="INFO">${response} = &lt;Response [200]&gt;</msg>
<var>${response}</var>
<arg>consultarAPI</arg>
<arg>/api</arg>
<doc>Sends a GET request on a previously created HTTP Session.</doc>
<status status="PASS" start="2024-07-30T22:12:45.633142" elapsed="0.097873"/>
</kw>
<kw name="Set Variable" owner="BuiltIn">
<msg time="2024-07-30T22:12:45.732042" level="INFO">${json_data} = {'results': [{'gender': 'male', 'name': {'title': 'Mr', 'first': 'بردیا', 'last': 'یاسمی'}, 'location': {'street': {'number': 9765, 'name': 'دکتر مفتح'}, 'city': 'قم', 'state': 'اردبیل', 'country': 'I...</msg>
<var>${json_data}</var>
<arg>${response.json()}</arg>
<doc>Returns the given values which can then be assigned to a variables.</doc>
<status status="PASS" start="2024-07-30T22:12:45.731519" elapsed="0.000554"/>
</kw>
<kw name="Log" owner="BuiltIn">
<msg time="2024-07-30T22:12:45.732569" level="INFO">{'results': [{'gender': 'male', 'name': {'title': 'Mr', 'first': 'بردیا', 'last': 'یاسمی'}, 'location': {'street': {'number': 9765, 'name': 'دکتر مفتح'}, 'city': 'قم', 'state': 'اردبیل', 'country': 'Iran', 'postcode': 71891, 'coordinates': {'latitude': '20.2527', 'longitude': '-24.2004'}, 'timezone': {'offset': '0:00', 'description': 'Western Europe Time, London, Lisbon, Casablanca'}}, 'email': 'brdy.ysmy@example.com', 'login': {'uuid': '4f7f4b1b-2e9b-4a77-990f-3453f5c37d04', 'username': 'beautifulzebra300', 'password': 'model', 'salt': 'i6JRODBZ', 'md5': 'a4e8ac3798677bfc49e2d8a93868b5f2', 'sha1': 'a45d4321d2df877619f341998035db5025bf6896', 'sha256': '5e7a72214001f318c4d1cdf9c382d21831b0d6b209e76d69c41715d72a13dd77'}, 'dob': {'date': '1959-11-12T09:53:41.814Z', 'age': 64}, 'registered': {'date': '2008-09-22T14:31:38.514Z', 'age': 15}, 'phone': '093-72480289', 'cell': '0965-742-9091', 'id': {'name': '', 'value': None}, 'picture': {'large': 'https://randomuser.me/api/portraits/men/19.jpg', 'medium': 'https://randomuser.me/api/portraits/med/men/19.jpg', 'thumbnail': 'https://randomuser.me/api/portraits/thumb/men/19.jpg'}, 'nat': 'IR'}], 'info': {'seed': '118aa80a6e7be5e3', 'results': 1, 'page': 1, 'version': '1.4'}}</msg>
<arg>${json_data}</arg>
<doc>Logs the given message with the given level.</doc>
<status status="PASS" start="2024-07-30T22:12:45.732388" elapsed="0.000235"/>
</kw>
<kw name="Dictionary Should Contain Key" owner="Collections">
<arg>${json_data}</arg>
<arg>results</arg>
<doc>Fails if ``key`` is not found from ``dictionary``.</doc>
<status status="PASS" start="2024-07-30T22:12:45.732924" elapsed="0.000169"/>
</kw>
<kw name="Should Not Be Empty" owner="BuiltIn">
<msg time="2024-07-30T22:12:45.733414" level="INFO">Length is 2.</msg>
<arg>${json_data}</arg>
<doc>Verifies that the given item is not empty.</doc>
<status status="PASS" start="2024-07-30T22:12:45.733281" elapsed="0.000176"/>
</kw>
<kw name="Create List" owner="BuiltIn">
<msg time="2024-07-30T22:12:45.733910" level="INFO">${expected_keys} = ['gender', 'name', 'location', 'email', 'login']</msg>
<var>${expected_keys}</var>
<arg>gender</arg>
<arg>name</arg>
<arg>location</arg>
<arg>email</arg>
<arg>login</arg>
<doc>Returns a list containing given items.</doc>
<status status="PASS" start="2024-07-30T22:12:45.733754" elapsed="0.000181"/>
</kw>
<for flavor="IN">
<iter>
<kw name="Dictionary Should Contain Key" owner="Collections">
<arg>${json_data['results'][0]}</arg>
<arg>${key}</arg>
<doc>Fails if ``key`` is not found from ``dictionary``.</doc>
<status status="PASS" start="2024-07-30T22:12:45.734568" elapsed="0.000424"/>
</kw>
<kw name="Log" owner="BuiltIn">
<msg time="2024-07-30T22:12:45.735545" level="INFO">{'gender': 'male', 'name': {'title': 'Mr', 'first': 'بردیا', 'last': 'یاسمی'}, 'location': {'street': {'number': 9765, 'name': 'دکتر مفتح'}, 'city': 'قم', 'state': 'اردبیل', 'country': 'Iran', 'postcode': 71891, 'coordinates': {'latitude': '20.2527', 'longitude': '-24.2004'}, 'timezone': {'offset': '0:00', 'description': 'Western Europe Time, London, Lisbon, Casablanca'}}, 'email': 'brdy.ysmy@example.com', 'login': {'uuid': '4f7f4b1b-2e9b-4a77-990f-3453f5c37d04', 'username': 'beautifulzebra300', 'password': 'model', 'salt': 'i6JRODBZ', 'md5': 'a4e8ac3798677bfc49e2d8a93868b5f2', 'sha1': 'a45d4321d2df877619f341998035db5025bf6896', 'sha256': '5e7a72214001f318c4d1cdf9c382d21831b0d6b209e76d69c41715d72a13dd77'}, 'dob': {'date': '1959-11-12T09:53:41.814Z', 'age': 64}, 'registered': {'date': '2008-09-22T14:31:38.514Z', 'age': 15}, 'phone': '093-72480289', 'cell': '0965-742-9091', 'id': {'name': '', 'value': None}, 'picture': {'large': 'https://randomuser.me/api/portraits/men/19.jpg', 'medium': 'https://randomuser.me/api/portraits/med/men/19.jpg', 'thumbnail': 'https://randomuser.me/api/portraits/thumb/men/19.jpg'}, 'nat': 'IR'}</msg>
<arg>${json_data['results'][0]}</arg>
<doc>Logs the given message with the given level.</doc>
<status status="PASS" start="2024-07-30T22:12:45.735181" elapsed="0.000415"/>
</kw>
<kw name="Log" owner="BuiltIn">
<msg time="2024-07-30T22:12:45.736038" level="INFO">gender</msg>
<arg>${key}</arg>
<doc>Logs the given message with the given level.</doc>
<status status="PASS" start="2024-07-30T22:12:45.735905" elapsed="0.000172"/>
</kw>
<var name="${key}">gender</var>
<status status="PASS" start="2024-07-30T22:12:45.734437" elapsed="0.001861"/>
</iter>
<iter>
<kw name="Dictionary Should Contain Key" owner="Collections">
<arg>${json_data['results'][0]}</arg>
<arg>${key}</arg>
<doc>Fails if ``key`` is not found from ``dictionary``.</doc>
<status status="PASS" start="2024-07-30T22:12:45.736604" elapsed="0.000395"/>
</kw>
<kw name="Log" owner="BuiltIn">
<msg time="2024-07-30T22:12:45.737593" level="INFO">{'gender': 'male', 'name': {'title': 'Mr', 'first': 'بردیا', 'last': 'یاسمی'}, 'location': {'street': {'number': 9765, 'name': 'دکتر مفتح'}, 'city': 'قم', 'state': 'اردبیل', 'country': 'Iran', 'postcode': 71891, 'coordinates': {'latitude': '20.2527', 'longitude': '-24.2004'}, 'timezone': {'offset': '0:00', 'description': 'Western Europe Time, London, Lisbon, Casablanca'}}, 'email': 'brdy.ysmy@example.com', 'login': {'uuid': '4f7f4b1b-2e9b-4a77-990f-3453f5c37d04', 'username': 'beautifulzebra300', 'password': 'model', 'salt': 'i6JRODBZ', 'md5': 'a4e8ac3798677bfc49e2d8a93868b5f2', 'sha1': 'a45d4321d2df877619f341998035db5025bf6896', 'sha256': '5e7a72214001f318c4d1cdf9c382d21831b0d6b209e76d69c41715d72a13dd77'}, 'dob': {'date': '1959-11-12T09:53:41.814Z', 'age': 64}, 'registered': {'date': '2008-09-22T14:31:38.514Z', 'age': 15}, 'phone': '093-72480289', 'cell': '0965-742-9091', 'id': {'name': '', 'value': None}, 'picture': {'large': 'https://randomuser.me/api/portraits/men/19.jpg', 'medium': 'https://randomuser.me/api/portraits/med/men/19.jpg', 'thumbnail': 'https://randomuser.me/api/portraits/thumb/men/19.jpg'}, 'nat': 'IR'}</msg>
<arg>${json_data['results'][0]}</arg>
<doc>Logs the given message with the given level.</doc>
<status status="PASS" start="2024-07-30T22:12:45.737184" elapsed="0.000463"/>
</kw>
<kw name="Log" owner="BuiltIn">
<msg time="2024-07-30T22:12:45.738078" level="INFO">name</msg>
<arg>${key}</arg>
<doc>Logs the given message with the given level.</doc>
<status status="PASS" start="2024-07-30T22:12:45.737948" elapsed="0.000168"/>
</kw>
<var name="${key}">name</var>
<status status="PASS" start="2024-07-30T22:12:45.736490" elapsed="0.001848"/>
</iter>
<iter>
<kw name="Dictionary Should Contain Key" owner="Collections">
<arg>${json_data['results'][0]}</arg>
<arg>${key}</arg>
<doc>Fails if ``key`` is not found from ``dictionary``.</doc>
<status status="PASS" start="2024-07-30T22:12:45.738652" elapsed="0.000385"/>
</kw>
<kw name="Log" owner="BuiltIn">
<msg time="2024-07-30T22:12:45.739606" level="INFO">{'gender': 'male', 'name': {'title': 'Mr', 'first': 'بردیا', 'last': 'یاسمی'}, 'location': {'street': {'number': 9765, 'name': 'دکتر مفتح'}, 'city': 'قم', 'state': 'اردبیل', 'country': 'Iran', 'postcode': 71891, 'coordinates': {'latitude': '20.2527', 'longitude': '-24.2004'}, 'timezone': {'offset': '0:00', 'description': 'Western Europe Time, London, Lisbon, Casablanca'}}, 'email': 'brdy.ysmy@example.com', 'login': {'uuid': '4f7f4b1b-2e9b-4a77-990f-3453f5c37d04', 'username': 'beautifulzebra300', 'password': 'model', 'salt': 'i6JRODBZ', 'md5': 'a4e8ac3798677bfc49e2d8a93868b5f2', 'sha1': 'a45d4321d2df877619f341998035db5025bf6896', 'sha256': '5e7a72214001f318c4d1cdf9c382d21831b0d6b209e76d69c41715d72a13dd77'}, 'dob': {'date': '1959-11-12T09:53:41.814Z', 'age': 64}, 'registered': {'date': '2008-09-22T14:31:38.514Z', 'age': 15}, 'phone': '093-72480289', 'cell': '0965-742-9091', 'id': {'name': '', 'value': None}, 'picture': {'large': 'https://randomuser.me/api/portraits/men/19.jpg', 'medium': 'https://randomuser.me/api/portraits/med/men/19.jpg', 'thumbnail': 'https://randomuser.me/api/portraits/thumb/men/19.jpg'}, 'nat': 'IR'}</msg>
<arg>${json_data['results'][0]}</arg>
<doc>Logs the given message with the given level.</doc>
<status status="PASS" start="2024-07-30T22:12:45.739228" elapsed="0.000430"/>
</kw>
<kw name="Log" owner="BuiltIn">
<msg time="2024-07-30T22:12:45.740099" level="INFO">location</msg>
<arg>${key}</arg>
<doc>Logs the given message with the given level.</doc>
<status status="PASS" start="2024-07-30T22:12:45.739967" elapsed="0.000171"/>
</kw>
<var name="${key}">location</var>
<status status="PASS" start="2024-07-30T22:12:45.738542" elapsed="0.001818"/>
</iter>
<iter>
<kw name="Dictionary Should Contain Key" owner="Collections">
<arg>${json_data['results'][0]}</arg>
<arg>${key}</arg>
<doc>Fails if ``key`` is not found from ``dictionary``.</doc>
<status status="PASS" start="2024-07-30T22:12:45.740658" elapsed="0.000392"/>
</kw>
<kw name="Log" owner="BuiltIn">
<msg time="2024-07-30T22:12:45.741724" level="INFO">{'gender': 'male', 'name': {'title': 'Mr', 'first': 'بردیا', 'last': 'یاسمی'}, 'location': {'street': {'number': 9765, 'name': 'دکتر مفتح'}, 'city': 'قم', 'state': 'اردبیل', 'country': 'Iran', 'postcode': 71891, 'coordinates': {'latitude': '20.2527', 'longitude': '-24.2004'}, 'timezone': {'offset': '0:00', 'description': 'Western Europe Time, London, Lisbon, Casablanca'}}, 'email': 'brdy.ysmy@example.com', 'login': {'uuid': '4f7f4b1b-2e9b-4a77-990f-3453f5c37d04', 'username': 'beautifulzebra300', 'password': 'model', 'salt': 'i6JRODBZ', 'md5': 'a4e8ac3798677bfc49e2d8a93868b5f2', 'sha1': 'a45d4321d2df877619f341998035db5025bf6896', 'sha256': '5e7a72214001f318c4d1cdf9c382d21831b0d6b209e76d69c41715d72a13dd77'}, 'dob': {'date': '1959-11-12T09:53:41.814Z', 'age': 64}, 'registered': {'date': '2008-09-22T14:31:38.514Z', 'age': 15}, 'phone': '093-72480289', 'cell': '0965-742-9091', 'id': {'name': '', 'value': None}, 'picture': {'large': 'https://randomuser.me/api/portraits/men/19.jpg', 'medium': 'https://randomuser.me/api/portraits/med/men/19.jpg', 'thumbnail': 'https://randomuser.me/api/portraits/thumb/men/19.jpg'}, 'nat': 'IR'}</msg>
<arg>${json_data['results'][0]}</arg>
<doc>Logs the given message with the given level.</doc>
<status status="PASS" start="2024-07-30T22:12:45.741361" elapsed="0.000415"/>
</kw>
<kw name="Log" owner="BuiltIn">
<msg time="2024-07-30T22:12:45.742209" level="INFO">email</msg>
<arg>${key}</arg>
<doc>Logs the given message with the given level.</doc>
<status status="PASS" start="2024-07-30T22:12:45.742075" elapsed="0.000173"/>
</kw>
<var name="${key}">email</var>
<status status="PASS" start="2024-07-30T22:12:45.740549" elapsed="0.001939"/>
</iter>
<iter>
<kw name="Dictionary Should Contain Key" owner="Collections">
<arg>${json_data['results'][0]}</arg>
<arg>${key}</arg>
<doc>Fails if ``key`` is not found from ``dictionary``.</doc>
<status status="PASS" start="2024-07-30T22:12:45.742781" elapsed="0.000383"/>
</kw>
<kw name="Log" owner="BuiltIn">
<msg time="2024-07-30T22:12:45.743715" level="INFO">{'gender': 'male', 'name': {'title': 'Mr', 'first': 'بردیا', 'last': 'یاسمی'}, 'location': {'street': {'number': 9765, 'name': 'دکتر مفتح'}, 'city': 'قم', 'state': 'اردبیل', 'country': 'Iran', 'postcode': 71891, 'coordinates': {'latitude': '20.2527', 'longitude': '-24.2004'}, 'timezone': {'offset': '0:00', 'description': 'Western Europe Time, London, Lisbon, Casablanca'}}, 'email': 'brdy.ysmy@example.com', 'login': {'uuid': '4f7f4b1b-2e9b-4a77-990f-3453f5c37d04', 'username': 'beautifulzebra300', 'password': 'model', 'salt': 'i6JRODBZ', 'md5': 'a4e8ac3798677bfc49e2d8a93868b5f2', 'sha1': 'a45d4321d2df877619f341998035db5025bf6896', 'sha256': '5e7a72214001f318c4d1cdf9c382d21831b0d6b209e76d69c41715d72a13dd77'}, 'dob': {'date': '1959-11-12T09:53:41.814Z', 'age': 64}, 'registered': {'date': '2008-09-22T14:31:38.514Z', 'age': 15}, 'phone': '093-72480289', 'cell': '0965-742-9091', 'id': {'name': '', 'value': None}, 'picture': {'large': 'https://randomuser.me/api/portraits/men/19.jpg', 'medium': 'https://randomuser.me/api/portraits/med/men/19.jpg', 'thumbnail': 'https://randomuser.me/api/portraits/thumb/men/19.jpg'}, 'nat': 'IR'}</msg>
<arg>${json_data['results'][0]}</arg>
<doc>Logs the given message with the given level.</doc>
<status status="PASS" start="2024-07-30T22:12:45.743347" elapsed="0.000444"/>
</kw>
<kw name="Log" owner="BuiltIn">
<msg time="2024-07-30T22:12:45.744268" level="INFO">login</msg>
<arg>${key}</arg>
<doc>Logs the given message with the given level.</doc>
<status status="PASS" start="2024-07-30T22:12:45.744127" elapsed="0.000180"/>
</kw>
<var name="${key}">login</var>
<status status="PASS" start="2024-07-30T22:12:45.742669" elapsed="0.001857"/>
</iter>
<var>${key}</var>
<value>@{expected_keys}</value>
<status status="PASS" start="2024-07-30T22:12:45.734206" elapsed="0.010443"/>
</for>
<kw name="Create List" owner="BuiltIn">
<msg time="2024-07-30T22:12:45.745025" level="INFO">${expected_keysTwo} = ['username', 'password']</msg>
<var>${expected_keysTwo}</var>
<arg>username</arg>
<arg>password</arg>
<doc>Returns a list containing given items.</doc>
<status status="PASS" start="2024-07-30T22:12:45.744841" elapsed="0.000210"/>
</kw>
<for flavor="IN">
<iter>
<kw name="Dictionary Should Contain Key" owner="Collections">
<arg>${json_data['results'][0]['login']}</arg>
<arg>${keyTwo}</arg>
<doc>Fails if ``key`` is not found from ``dictionary``.</doc>
<status status="PASS" start="2024-07-30T22:12:45.745574" elapsed="0.000389"/>
</kw>
<kw name="Dictionary Should Contain Key" owner="Collections">
<arg>${json_data['results'][0]['login']}</arg>
<arg>${keyTwo}</arg>
<doc>Fails if ``key`` is not found from ``dictionary``.</doc>
<status status="PASS" start="2024-07-30T22:12:45.746146" elapsed="0.000414"/>
</kw>
<kw name="Log" owner="BuiltIn">
<msg time="2024-07-30T22:12:45.746866" level="INFO">username</msg>
<arg>${keyTwo}</arg>
<doc>Logs the given message with the given level.</doc>
<status status="PASS" start="2024-07-30T22:12:45.746743" elapsed="0.000162"/>
</kw>
<var name="${keyTwo}">username</var>
<status status="PASS" start="2024-07-30T22:12:45.745464" elapsed="0.001663"/>
</iter>
<iter>
<kw name="Dictionary Should Contain Key" owner="Collections">
<arg>${json_data['results'][0]['login']}</arg>
<arg>${keyTwo}</arg>
<doc>Fails if ``key`` is not found from ``dictionary``.</doc>
<status status="PASS" start="2024-07-30T22:12:45.747416" elapsed="0.000381"/>
</kw>
<kw name="Dictionary Should Contain Key" owner="Collections">
<arg>${json_data['results'][0]['login']}</arg>
<arg>${keyTwo}</arg>
<doc>Fails if ``key`` is not found from ``dictionary``.</doc>
<status status="PASS" start="2024-07-30T22:12:45.747978" elapsed="0.000373"/>
</kw>
<kw name="Log" owner="BuiltIn">
<msg time="2024-07-30T22:12:45.748666" level="INFO">password</msg>
<arg>${keyTwo}</arg>
<doc>Logs the given message with the given level.</doc>
<status status="PASS" start="2024-07-30T22:12:45.748535" elapsed="0.000169"/>
</kw>
<var name="${keyTwo}">password</var>
<status status="PASS" start="2024-07-30T22:12:45.747302" elapsed="0.001625"/>
</iter>
<var>${keyTwo}</var>
<value>@{expected_keysTwo}</value>
<status status="PASS" start="2024-07-30T22:12:45.745307" elapsed="0.003742"/>
</for>
<status status="PASS" start="2024-07-30T22:12:45.632896" elapsed="0.116300"/>
</kw>
<doc>Testa a estrutura da resposta da API.</doc>
<tag>testeEstruturaResposta</tag>
<status status="PASS" start="2024-07-30T22:12:45.632282" elapsed="0.117073"/>
</test>
<test id="s1-s1-t4" name="Validar tipos de dados" line="28">
<kw name="Teste de Tipos de Dados" owner="random-user-service">
<kw name="GET On Session" owner="RequestsLibrary">
<msg time="2024-07-30T22:12:45.843396" level="INFO">GET Request : url=https://randomuser.me/api 
 path_url=/api 
 headers={'User-Agent': 'python-requests/2.32.3', 'Accept-Encoding': 'gzip, deflate', 'Accept': '*/*', 'Connection': 'keep-alive'} 
 body=None 
 </msg>
<msg time="2024-07-30T22:12:45.843502" level="INFO">GET Response : url=https://randomuser.me/api 
 status=200, reason=OK 
 headers={'Date': 'Tue, 30 Jul 2024 22:12:45 GMT', 'Content-Type': 'application/json; charset=utf-8', 'Transfer-Encoding': 'chunked', 'Connection': 'keep-alive', 'X-Powered-By': 'Express', 'Access-Control-Allow-Origin': '*', 'Cache-Control': 'no-cache', 'ETag': 'W/"49a-GEM3dTsGhzvYaEQLmJKIw7BAYEE"', 'Vary': 'Accept-Encoding', 'Content-Encoding': 'gzip', 'CF-Cache-Status': 'DYNAMIC', 'Report-To': '{"endpoints":[{"url":"https:\\/\\/a.nel.cloudflare.com\\/report\\/v4?s=j0CgOoMrpr9%2FGaGjVyhm0aPs8hXZPV4TGWtOwfS%2F4kI7ciRx6faYIiqmajI4xd5lcAF4NWi4MyrnzYA5m%2FCJQ76PtSrCgbLld0IQUPymu4REBwtwkkVtbJZpSYAyVLRB"}],"group":"cf-nel","max_age":604800}', 'NEL': '{"success_fraction":0,"report_to":"cf-nel","max_age":604800}', 'Server': 'cloudflare', 'CF-RAY': '8ab8b12a0e3b9837-SJC', 'alt-svc': 'h3=":443"; ma=86400'} 
 body={"results":[{"gender":"male","name":{"title":"Mr","first":"José Eduardo","last":"Melgar"},"location":{"street":{"number":1918,"name":"Andador Soria"},"city":"Caborca","state":"Baja California","country":"Mexico","postcode":48200,"coordinates":{"latitude":"28.5526","longitude":"-164.2583"},"timezone":{"offset":"+7:00","description":"Bangkok, Hanoi, Jakarta"}},"email":"joseeduardo.melgar@example.com","login":{"uuid":"88d31106-5cb9-4277-803a-794d1ee5e8c9","username":"brownmouse543","password":"200000","salt":"xYSJiCEH","md5":"e7e2049f0c058183cf8feb8910545deb","sha1":"8fcdabd7fe729959102d9b9bc5f0bf02cd003c09","sha256":"520c68b07aefe9e25a6be089025545ad770639b50e56ceeb6b578a2bf9c65ec0"},"dob":{"date":"1979-06-20T06:08:30.682Z","age":45},"registered":{"date":"2007-04-17T01:23:33.235Z","age":17},"phone":"(619) 938 5753","cell":"(698) 004 2193","id":{"name":"NSS","value":"05 64 64 6516 0"},"picture":{"large":"https://randomuser.me/api/portraits/men/82.jpg","medium":"https://randomuser.me/api/portraits/med/men/82.jpg","thumbnail":"https://randomuser.me/api/portraits/thumb/men/82.jpg"},"nat":"MX"}],"info":{"seed":"462d6de7186f09e3","results":1,"page":1,"version":"1.4"}} 
 </msg>
<msg time="2024-07-30T22:12:45.843584" level="INFO">/opt/hostedtoolcache/Python/3.12.4/x64/lib/python3.12/site-packages/urllib3/connectionpool.py:1099: InsecureRequestWarning: Unverified HTTPS request is being made to host 'randomuser.me'. Adding certificate verification is strongly advised. See: https://urllib3.readthedocs.io/en/latest/advanced-usage.html#tls-warnings
  warnings.warn(</msg>
<msg time="2024-07-30T22:12:45.843704" level="INFO">${response} = &lt;Response [200]&gt;</msg>
<var>${response}</var>
<arg>consultarAPI</arg>
<arg>/api</arg>
<doc>Sends a GET request on a previously created HTTP Session.</doc>
<status status="PASS" start="2024-07-30T22:12:45.752168" elapsed="0.091578"/>
</kw>
<kw name="Set Variable" owner="BuiltIn">
<msg time="2024-07-30T22:12:45.844805" level="INFO">${json_data} = {'results': [{'gender': 'male', 'name': {'title': 'Mr', 'first': 'José Eduardo', 'last': 'Melgar'}, 'location': {'street': {'number': 1918, 'name': 'Andador Soria'}, 'city': 'Caborca', 'state': 'Baja ...</msg>
<var>${json_data}</var>
<arg>${response.json()}</arg>
<doc>Returns the given values which can then be assigned to a variables.</doc>
<status status="PASS" start="2024-07-30T22:12:45.844257" elapsed="0.000580"/>
</kw>
<kw name="Log" owner="BuiltIn">
<msg time="2024-07-30T22:12:45.845354" level="INFO">{'results': [{'gender': 'male', 'name': {'title': 'Mr', 'first': 'José Eduardo', 'last': 'Melgar'}, 'location': {'street': {'number': 1918, 'name': 'Andador Soria'}, 'city': 'Caborca', 'state': 'Baja California', 'country': 'Mexico', 'postcode': 48200, 'coordinates': {'latitude': '28.5526', 'longitude': '-164.2583'}, 'timezone': {'offset': '+7:00', 'description': 'Bangkok, Hanoi, Jakarta'}}, 'email': 'joseeduardo.melgar@example.com', 'login': {'uuid': '88d31106-5cb9-4277-803a-794d1ee5e8c9', 'username': 'brownmouse543', 'password': '200000', 'salt': 'xYSJiCEH', 'md5': 'e7e2049f0c058183cf8feb8910545deb', 'sha1': '8fcdabd7fe729959102d9b9bc5f0bf02cd003c09', 'sha256': '520c68b07aefe9e25a6be089025545ad770639b50e56ceeb6b578a2bf9c65ec0'}, 'dob': {'date': '1979-06-20T06:08:30.682Z', 'age': 45}, 'registered': {'date': '2007-04-17T01:23:33.235Z', 'age': 17}, 'phone': '(619) 938 5753', 'cell': '(698) 004 2193', 'id': {'name': 'NSS', 'value': '05 64 64 6516 0'}, 'picture': {'large': 'https://randomuser.me/api/portraits/men/82.jpg', 'medium': 'https://randomuser.me/api/portraits/med/men/82.jpg', 'thumbnail': 'https://randomuser.me/api/portraits/thumb/men/82.jpg'}, 'nat': 'MX'}], 'info': {'seed': '462d6de7186f09e3', 'results': 1, 'page': 1, 'version': '1.4'}}</msg>
<arg>${json_data}</arg>
<doc>Logs the given message with the given level.</doc>
<status status="PASS" start="2024-07-30T22:12:45.845184" elapsed="0.000223"/>
</kw>
<kw name="Should Be String" owner="String">
<arg>${json_data['results'][0]['gender']}</arg>
<doc>Fails if the given ``item`` is not a string.</doc>
<status status="PASS" start="2024-07-30T22:12:45.845712" elapsed="0.000379"/>
</kw>
<kw name="Should Match Regexp" owner="BuiltIn">
<arg>${json_data['results'][0]['email']}</arg>
<arg>^[a-zA-Z0-9._%+-]+@[a-zA-Z0-9.-]+\.[a-zA-Z]{2,}$</arg>
<doc>Fails if ``string`` does not match ``pattern`` as a regular expression.</doc>
<status status="PASS" start="2024-07-30T22:12:45.846320" elapsed="0.000573"/>
</kw>
<kw name="Should Match Regexp" owner="BuiltIn">
<arg>${json_data['results'][0]['dob']['date']}</arg>
<arg>\\d{4}-\\d{2}-\\d{2}T\\d{2}:\\d{2}:\\d{2}\\.\\d{3}Z</arg>
<doc>Fails if ``string`` does not match ``pattern`` as a regular expression.</doc>
<status status="PASS" start="2024-07-30T22:12:45.847098" elapsed="0.000653"/>
</kw>
<kw name="Should Match Regexp" owner="BuiltIn">
<arg>${json_data['results'][0]['registered']['date']}</arg>
<arg>\\d{4}-\\d{2}-\\d{2}T\\d{2}:\\d{2}:\\d{2}\\.\\d{3}Z</arg>
<doc>Fails if ``string`` does not match ``pattern`` as a regular expression.</doc>
<status status="PASS" start="2024-07-30T22:12:45.847946" elapsed="0.000375"/>
</kw>
<kw name="Should Match Regexp" owner="BuiltIn">
<arg>${json_data['results'][0]['picture']['large']}</arg>
<arg>^https?://.*\.(?:png|jpe?g|gif|bmp)$</arg>
<doc>Fails if ``string`` does not match ``pattern`` as a regular expression.</doc>
<status status="PASS" start="2024-07-30T22:12:45.848511" elapsed="0.000463"/>
</kw>
<kw name="Should Match Regexp" owner="BuiltIn">
<arg>${json_data['results'][0]['picture']['medium']}</arg>
<arg>^https?://.*\.(?:png|jpe?g|gif|bmp)$</arg>
<doc>Fails if ``string`` does not match ``pattern`` as a regular expression.</doc>
<status status="PASS" start="2024-07-30T22:12:45.849163" elapsed="0.000356"/>
</kw>
<kw name="Should Match Regexp" owner="BuiltIn">
<arg>${json_data['results'][0]['picture']['thumbnail']}</arg>
<arg>^https?://.*\.(?:png|jpe?g|gif|bmp)$</arg>
<doc>Fails if ``string`` does not match ``pattern`` as a regular expression.</doc>
<status status="PASS" start="2024-07-30T22:12:45.849704" elapsed="0.000350"/>
</kw>
<kw name="Log" owner="BuiltIn">
<msg time="2024-07-30T22:12:45.850587" level="INFO">{'large': 'https://randomuser.me/api/portraits/men/82.jpg', 'medium': 'https://randomuser.me/api/portraits/med/men/82.jpg', 'thumbnail': 'https://randomuser.me/api/portraits/thumb/men/82.jpg'}</msg>
<arg>${json_data['results'][0]['picture']}</arg>
<doc>Logs the given message with the given level.</doc>
<status status="PASS" start="2024-07-30T22:12:45.850237" elapsed="0.000394"/>
</kw>
<status status="PASS" start="2024-07-30T22:12:45.751871" elapsed="0.099027"/>
</kw>
<kw name="Teste de Tipos de Dados - Postcode" owner="random-user-service">
<kw name="GET On Session" owner="RequestsLibrary">
<msg time="2024-07-30T22:12:46.259157" level="INFO">GET Request : url=https://randomuser.me/api 
 path_url=/api 
 headers={'User-Agent': 'python-requests/2.32.3', 'Accept-Encoding': 'gzip, deflate', 'Accept': '*/*', 'Connection': 'keep-alive'} 
 body=None 
 </msg>
<msg time="2024-07-30T22:12:46.259268" level="INFO">GET Response : url=https://randomuser.me/api 
 status=200, reason=OK 
 headers={'Date': 'Tue, 30 Jul 2024 22:12:46 GMT', 'Content-Type': 'application/json; charset=utf-8', 'Transfer-Encoding': 'chunked', 'Connection': 'keep-alive', 'X-Powered-By': 'Express', 'Access-Control-Allow-Origin': '*', 'Cache-Control': 'no-cache', 'ETag': 'W/"482-iYpIwC7TYoDnioSL/x3awGOBBnk"', 'Vary': 'Accept-Encoding', 'Content-Encoding': 'gzip', 'CF-Cache-Status': 'DYNAMIC', 'Report-To': '{"endpoints":[{"url":"https:\\/\\/a.nel.cloudflare.com\\/report\\/v4?s=K5QqqEX7vxF8qPcF%2BdEINHzcdgBdKBo7MjxQuSQEPDiHlszqgfilZthxaD7fRy2ipqpg8MUdwv8RlrRWoOpLbpYcSZhzDrAxqFNdm1usIaM5amVNiVBaC1eHkaFHb28l"}],"group":"cf-nel","max_age":604800}', 'NEL': '{"success_fraction":0,"report_to":"cf-nel","max_age":604800}', 'Server': 'cloudflare', 'CF-RAY': '8ab8b12aae989837-SJC', 'alt-svc': 'h3=":443"; ma=86400'} 
 body={"results":[{"gender":"female","name":{"title":"Ms","first":"Borka","last":"Radovanović"},"location":{"street":{"number":3166,"name":"Brodska"},"city":"Irig","state":"Raška","country":"Serbia","postcode":95746,"coordinates":{"latitude":"59.2455","longitude":"132.6292"},"timezone":{"offset":"-12:00","description":"Eniwetok, Kwajalein"}},"email":"borka.radovanovic@example.com","login":{"uuid":"19c0514b-f2fa-4a04-a46d-417b347ea8e2","username":"ticklishfish196","password":"hello123","salt":"k9MObrlp","md5":"2569ac361deb159f6926e2de699f2577","sha1":"0e6557cd4c309d2800d3645cf4766f132a10a8fd","sha256":"b8b08a18aea18d351b62762b3ee877771d72a6ac04e7b0ba305c489cebb9c4ea"},"dob":{"date":"1972-08-02T21:33:28.455Z","age":51},"registered":{"date":"2017-02-15T04:50:36.129Z","age":7},"phone":"014-8659-152","cell":"066-2789-380","id":{"name":"SID","value":"008436560"},"picture":{"large":"https://randomuser.me/api/portraits/women/18.jpg","medium":"https://randomuser.me/api/portraits/med/women/18.jpg","thumbnail":"https://randomuser.me/api/portraits/thumb/women/18.jpg"},"nat":"RS"}],"info":{"seed":"8fd3ce5c35629b49","results":1,"page":1,"version":"1.4"}} 
 </msg>
<msg time="2024-07-30T22:12:46.259351" level="INFO">/opt/hostedtoolcache/Python/3.12.4/x64/lib/python3.12/site-packages/urllib3/connectionpool.py:1099: InsecureRequestWarning: Unverified HTTPS request is being made to host 'randomuser.me'. Adding certificate verification is strongly advised. See: https://urllib3.readthedocs.io/en/latest/advanced-usage.html#tls-warnings
  warnings.warn(</msg>
<msg time="2024-07-30T22:12:46.259481" level="INFO">${response} = &lt;Response [200]&gt;</msg>
<var>${response}</var>
<arg>consultarAPI</arg>
<arg>/api</arg>
<doc>Sends a GET request on a previously created HTTP Session.</doc>
<status status="PASS" start="2024-07-30T22:12:45.851362" elapsed="0.408158"/>
</kw>
<kw name="Set Variable" owner="BuiltIn">
<msg time="2024-07-30T22:12:46.260676" level="INFO">${json_data} = {'results': [{'gender': 'female', 'name': {'title': 'Ms', 'first': 'Borka', 'last': 'Radovanović'}, 'location': {'street': {'number': 3166, 'name': 'Brodska'}, 'city': 'Irig', 'state': 'Raška', 'count...</msg>
<var>${json_data}</var>
<arg>${response.json()}</arg>
<doc>Returns the given values which can then be assigned to a variables.</doc>
<status status="PASS" start="2024-07-30T22:12:46.260153" elapsed="0.000559"/>
</kw>
<kw name="Log" owner="BuiltIn">
<msg time="2024-07-30T22:12:46.261187" level="INFO">{'results': [{'gender': 'female', 'name': {'title': 'Ms', 'first': 'Borka', 'last': 'Radovanović'}, 'location': {'street': {'number': 3166, 'name': 'Brodska'}, 'city': 'Irig', 'state': 'Raška', 'country': 'Serbia', 'postcode': 95746, 'coordinates': {'latitude': '59.2455', 'longitude': '132.6292'}, 'timezone': {'offset': '-12:00', 'description': 'Eniwetok, Kwajalein'}}, 'email': 'borka.radovanovic@example.com', 'login': {'uuid': '19c0514b-f2fa-4a04-a46d-417b347ea8e2', 'username': 'ticklishfish196', 'password': 'hello123', 'salt': 'k9MObrlp', 'md5': '2569ac361deb159f6926e2de699f2577', 'sha1': '0e6557cd4c309d2800d3645cf4766f132a10a8fd', 'sha256': 'b8b08a18aea18d351b62762b3ee877771d72a6ac04e7b0ba305c489cebb9c4ea'}, 'dob': {'date': '1972-08-02T21:33:28.455Z', 'age': 51}, 'registered': {'date': '2017-02-15T04:50:36.129Z', 'age': 7}, 'phone': '014-8659-152', 'cell': '066-2789-380', 'id': {'name': 'SID', 'value': '008436560'}, 'picture': {'large': 'https://randomuser.me/api/portraits/women/18.jpg', 'medium': 'https://randomuser.me/api/portraits/med/women/18.jpg', 'thumbnail': 'https://randomuser.me/api/portraits/thumb/women/18.jpg'}, 'nat': 'RS'}], 'info': {'seed': '8fd3ce5c35629b49', 'results': 1, 'page': 1, 'version': '1.4'}}</msg>
<arg>${json_data}</arg>
<doc>Logs the given message with the given level.</doc>
<status status="PASS" start="2024-07-30T22:12:46.261025" elapsed="0.000211"/>
</kw>
<kw name="Should Be Equal As Numbers" owner="BuiltIn">
<arg>${json_data['results'][0]['location']['postcode']}</arg>
<arg>${json_data['results'][0]['location']['postcode']}</arg>
<doc>Fails if objects are unequal after converting them to real numbers.</doc>
<status status="PASS" start="2024-07-30T22:12:46.261538" elapsed="0.000620"/>
</kw>
<kw name="Log" owner="BuiltIn">
<msg time="2024-07-30T22:12:46.262771" level="INFO">95746</msg>
<arg>${json_data['results'][0]['location']['postcode']}</arg>
<doc>Logs the given message with the given level.</doc>
<status status="PASS" start="2024-07-30T22:12:46.262351" elapsed="0.000462"/>
</kw>
<status status="PASS" start="2024-07-30T22:12:45.851130" elapsed="0.411948"/>
</kw>
<doc>Testa se os tipos de dados na resposta da API estão corretos.</doc>
<tag>testeTiposDados</tag>
<status status="PASS" start="2024-07-30T22:12:45.751170" elapsed="0.512078"/>
</test>
<test id="s1-s1-t5" name="Validar conteudo" line="35">
<kw name="Teste de Tipos de Conteudo" owner="random-user-service">
<kw name="GET On Session" owner="RequestsLibrary">
<msg time="2024-07-30T22:12:46.651726" level="INFO">GET Request : url=https://randomuser.me/api 
 path_url=/api 
 headers={'User-Agent': 'python-requests/2.32.3', 'Accept-Encoding': 'gzip, deflate', 'Accept': '*/*', 'Connection': 'keep-alive'} 
 body=None 
 </msg>
<msg time="2024-07-30T22:12:46.651837" level="INFO">GET Response : url=https://randomuser.me/api 
 status=200, reason=OK 
 headers={'Date': 'Tue, 30 Jul 2024 22:12:46 GMT', 'Content-Type': 'application/json; charset=utf-8', 'Transfer-Encoding': 'chunked', 'Connection': 'keep-alive', 'X-Powered-By': 'Express', 'Access-Control-Allow-Origin': '*', 'Cache-Control': 'no-cache', 'ETag': 'W/"493-oKf6gTvKh1Md+NjmTcLlkLohos4"', 'Vary': 'Accept-Encoding', 'Content-Encoding': 'gzip', 'CF-Cache-Status': 'DYNAMIC', 'Report-To': '{"endpoints":[{"url":"https:\\/\\/a.nel.cloudflare.com\\/report\\/v4?s=DVivw6o50XnZgYlayt8dYkuUJPeSjacMlNaJ2SZhN7TdAQhgiJN69r%2F1xyDbDLmtuO7LI4LLpplswMBk5vMVrOGuw7bh3CD0FCCFGYpQN7kyi2oiYiCeV1Cutln%2BJBP%2B"}],"group":"cf-nel","max_age":604800}', 'NEL': '{"success_fraction":0,"report_to":"cf-nel","max_age":604800}', 'Server': 'cloudflare', 'CF-RAY': '8ab8b12d380e9837-SJC', 'alt-svc': 'h3=":443"; ma=86400'} 
 body={"results":[{"gender":"male","name":{"title":"Mr","first":"Robert","last":"Terry"},"location":{"street":{"number":9648,"name":"York Road"},"city":"Portsmouth","state":"North Yorkshire","country":"United Kingdom","postcode":"L5X 6YQ","coordinates":{"latitude":"-4.9653","longitude":"-93.4888"},"timezone":{"offset":"+6:00","description":"Almaty, Dhaka, Colombo"}},"email":"robert.terry@example.com","login":{"uuid":"cecffaa5-e770-444c-a5de-a1c6a08988ef","username":"ticklishwolf666","password":"flanker","salt":"3DEcrrW5","md5":"fed8d8a4946827112c2e19b2e4df0b24","sha1":"f4dc366386cf8e992025f45ed30cee21d30250cf","sha256":"7d7dcad5ddee25d9fd2653c13bceaa2e73cf2da040b31e8b12f5260479d90a2f"},"dob":{"date":"1951-03-02T10:33:28.767Z","age":73},"registered":{"date":"2018-08-06T19:09:57.926Z","age":5},"phone":"022 2550 3874","cell":"07890 983699","id":{"name":"NINO","value":"ES 13 10 50 P"},"picture":{"large":"https://randomuser.me/api/portraits/men/40.jpg","medium":"https://randomuser.me/api/portraits/med/men/40.jpg","thumbnail":"https://randomuser.me/api/portraits/thumb/men/40.jpg"},"nat":"GB"}],"info":{"seed":"e1898b595f1e1540","results":1,"page":1,"version":"1.4"}} 
 </msg>
<msg time="2024-07-30T22:12:46.651921" level="INFO">/opt/hostedtoolcache/Python/3.12.4/x64/lib/python3.12/site-packages/urllib3/connectionpool.py:1099: InsecureRequestWarning: Unverified HTTPS request is being made to host 'randomuser.me'. Adding certificate verification is strongly advised. See: https://urllib3.readthedocs.io/en/latest/advanced-usage.html#tls-warnings
  warnings.warn(</msg>
<msg time="2024-07-30T22:12:46.652065" level="INFO">${response} = &lt;Response [200]&gt;</msg>
<var>${response}</var>
<arg>consultarAPI</arg>
<arg>/api</arg>
<doc>Sends a GET request on a previously created HTTP Session.</doc>
<status status="PASS" start="2024-07-30T22:12:46.265710" elapsed="0.386401"/>
</kw>
<kw name="Set Variable" owner="BuiltIn">
<msg time="2024-07-30T22:12:46.653301" level="INFO">${json_data} = {'results': [{'gender': 'male', 'name': {'title': 'Mr', 'first': 'Robert', 'last': 'Terry'}, 'location': {'street': {'number': 9648, 'name': 'York Road'}, 'city': 'Portsmouth', 'state': 'North Yorkshi...</msg>
<var>${json_data}</var>
<arg>${response.json()}</arg>
<doc>Returns the given values which can then be assigned to a variables.</doc>
<status status="PASS" start="2024-07-30T22:12:46.652773" elapsed="0.000558"/>
</kw>
<kw name="Set Variable" owner="BuiltIn">
<msg time="2024-07-30T22:12:46.654029" level="INFO">${name_title} = Mr</msg>
<var>${name_title}</var>
<arg>${json_data["results"][0]["name"]["title"]}</arg>
<doc>Returns the given values which can then be assigned to a variables.</doc>
<status status="PASS" start="2024-07-30T22:12:46.653641" elapsed="0.000414"/>
</kw>
<kw name="Create List" owner="BuiltIn">
<msg time="2024-07-30T22:12:46.654579" level="INFO">${allowed_titles} = ['Mr', 'Ms', 'Miss', 'Mrs', 'Madame', 'Monsieur']</msg>
<var>${allowed_titles}</var>
<arg>Mr</arg>
<arg>Ms</arg>
<arg>Miss</arg>
<arg>Mrs</arg>
<arg>Madame</arg>
<arg>Monsieur</arg>
<doc>Returns a list containing given items.</doc>
<status status="PASS" start="2024-07-30T22:12:46.654355" elapsed="0.000250"/>
</kw>
<kw name="List Should Contain Value" owner="Collections">
<arg>${allowed_titles}</arg>
<arg>${name_title}</arg>
<doc>Fails if the ``value`` is not found from ``list``.</doc>
<status status="PASS" start="2024-07-30T22:12:46.654907" elapsed="0.000186"/>
</kw>
<kw name="Set Variable" owner="BuiltIn">
<msg time="2024-07-30T22:12:46.655652" level="INFO">${name_country} = GB</msg>
<var>${name_country}</var>
<arg>${json_data["results"][0]["nat"]}</arg>
<doc>Returns the given values which can then be assigned to a variables.</doc>
<status status="PASS" start="2024-07-30T22:12:46.655280" elapsed="0.000397"/>
</kw>
<kw name="Create List" owner="BuiltIn">
<msg time="2024-07-30T22:12:46.656560" level="INFO">${list_country} = ['AD', 'AE', 'AF', 'AG', 'AI', 'AL', 'AM', 'AO', 'AQ', 'AR', 'AS', 'AT', 'AU', 'AW', 'AX', 'AZ', 'BA', 'BB', 'BD', 'BE', 'BF', 'BG', 'BH', 'BI', 'BJ', 'BL', 'BM', 'BN', 'BO', 'BQ', 'BR', 'BS', 'BT', '...</msg>
<var>${list_country}</var>
<arg>AD</arg>
<arg>AE</arg>
<arg>AF</arg>
<arg>AG</arg>
<arg>AI</arg>
<arg>AL</arg>
<arg>AM</arg>
<arg>AO</arg>
<arg>AQ</arg>
<arg>AR</arg>
<arg>AS</arg>
<arg>AT</arg>
<arg>AU</arg>
<arg>AW</arg>
<arg>AX</arg>
<arg>AZ</arg>
<arg>BA</arg>
<arg>BB</arg>
<arg>BD</arg>
<arg>BE</arg>
<arg>BF</arg>
<arg>BG</arg>
<arg>BH</arg>
<arg>BI</arg>
<arg>BJ</arg>
<arg>BL</arg>
<arg>BM</arg>
<arg>BN</arg>
<arg>BO</arg>
<arg>BQ</arg>
<arg>BR</arg>
<arg>BS</arg>
<arg>BT</arg>
<arg>BV</arg>
<arg>BW</arg>
<arg>BY</arg>
<arg>BZ</arg>
<arg>CA</arg>
<arg>CC</arg>
<arg>CD</arg>
<arg>CF</arg>
<arg>CG</arg>
<arg>CH</arg>
<arg>CI</arg>
<arg>CK</arg>
<arg>CL</arg>
<arg>CM</arg>
<arg>CN</arg>
<arg>CO</arg>
<arg>CR</arg>
<arg>CU</arg>
<arg>CV</arg>
<arg>CW</arg>
<arg>CX</arg>
<arg>CY</arg>
<arg>CZ</arg>
<arg>DE</arg>
<arg>DJ</arg>
<arg>DK</arg>
<arg>DM</arg>
<arg>DO</arg>
<arg>DZ</arg>
<arg>EC</arg>
<arg>EE</arg>
<arg>EG</arg>
<arg>EH</arg>
<arg>ER</arg>
<arg>ES</arg>
<arg>ET</arg>
<arg>FI</arg>
<arg>FJ</arg>
<arg>FK</arg>
<arg>FM</arg>
<arg>FO</arg>
<arg>FR</arg>
<arg>GA</arg>
<arg>GB</arg>
<arg>GD</arg>
<arg>GE</arg>
<arg>GF</arg>
<arg>GG</arg>
<arg>GH</arg>
<arg>GI</arg>
<arg>GL</arg>
<arg>GM</arg>
<arg>GN</arg>
<arg>GP</arg>
<arg>GQ</arg>
<arg>GR</arg>
<arg>GS</arg>
<arg>GT</arg>
<arg>GU</arg>
<arg>GW</arg>
<arg>GY</arg>
<arg>HK</arg>
<arg>HM</arg>
<arg>HN</arg>
<arg>HR</arg>
<arg>HT</arg>
<arg>HU</arg>
<arg>ID</arg>
<arg>IE</arg>
<arg>IL</arg>
<arg>IM</arg>
<arg>IN</arg>
<arg>IO</arg>
<arg>IQ</arg>
<arg>IR</arg>
<arg>IS</arg>
<arg>IT</arg>
<arg>JE</arg>
<arg>JM</arg>
<arg>JO</arg>
<arg>JP</arg>
<arg>KE</arg>
<arg>KG</arg>
<arg>KH</arg>
<arg>KI</arg>
<arg>KM</arg>
<arg>KN</arg>
<arg>KP</arg>
<arg>KR</arg>
<arg>KW</arg>
<arg>KY</arg>
<arg>KZ</arg>
<arg>LA</arg>
<arg>LB</arg>
<arg>LC</arg>
<arg>LI</arg>
<arg>LK</arg>
<arg>LR</arg>
<arg>LS</arg>
<arg>LT</arg>
<arg>LU</arg>
<arg>LV</arg>
<arg>LY</arg>
<arg>MA</arg>
<arg>MC</arg>
<arg>MD</arg>
<arg>ME</arg>
<arg>MF</arg>
<arg>MG</arg>
<arg>MH</arg>
<arg>MK</arg>
<arg>ML</arg>
<arg>MM</arg>
<arg>MN</arg>
<arg>MO</arg>
<arg>MP</arg>
<arg>MQ</arg>
<arg>MR</arg>
<arg>MS</arg>
<arg>MT</arg>
<arg>MU</arg>
<arg>MV</arg>
<arg>MW</arg>
<arg>MX</arg>
<arg>MY</arg>
<arg>MZ</arg>
<arg>NA</arg>
<arg>NC</arg>
<arg>NE</arg>
<arg>NF</arg>
<arg>NG</arg>
<arg>NI</arg>
<arg>NL</arg>
<arg>NO</arg>
<arg>NP</arg>
<arg>NR</arg>
<arg>NU</arg>
<arg>NZ</arg>
<arg>OM</arg>
<arg>PA</arg>
<arg>PE</arg>
<arg>PF</arg>
<arg>PG</arg>
<arg>PH</arg>
<arg>PK</arg>
<arg>PL</arg>
<arg>PM</arg>
<arg>PN</arg>
<arg>PR</arg>
<arg>PS</arg>
<arg>PT</arg>
<arg>PW</arg>
<arg>PY</arg>
<arg>QA</arg>
<arg>RE</arg>
<arg>RO</arg>
<arg>RS</arg>
<arg>RU</arg>
<arg>RW</arg>
<arg>SA</arg>
<arg>SB</arg>
<arg>SC</arg>
<arg>SD</arg>
<arg>SE</arg>
<arg>SG</arg>
<arg>SH</arg>
<arg>SI</arg>
<arg>SJ</arg>
<arg>SK</arg>
<arg>SL</arg>
<arg>SM</arg>
<arg>SN</arg>
<arg>SO</arg>
<arg>SR</arg>
<arg>SS</arg>
<arg>ST</arg>
<arg>SV</arg>
<arg>SX</arg>
<arg>SY</arg>
<arg>SZ</arg>
<arg>TC</arg>
<arg>TD</arg>
<arg>TF</arg>
<arg>TG</arg>
<arg>TH</arg>
<arg>TJ</arg>
<arg>TK</arg>
<arg>TL</arg>
<arg>TM</arg>
<arg>TN</arg>
<arg>TO</arg>
<arg>TR</arg>
<arg>TT</arg>
<arg>TV</arg>
<arg>TW</arg>
<arg>TZ</arg>
<arg>UA</arg>
<arg>UG</arg>
<arg>UM</arg>
<arg>US</arg>
<arg>UY</arg>
<arg>UZ</arg>
<arg>VA</arg>
<arg>VC</arg>
<arg>VE</arg>
<arg>VG</arg>
<arg>VI</arg>
<arg>VN</arg>
<arg>VU</arg>
<arg>WF</arg>
<arg>WS</arg>
<arg>XK</arg>
<arg>YE</arg>
<arg>YT</arg>
<arg>ZA</arg>
<arg>ZM</arg>
<arg>ZW</arg>
<doc>Returns a list containing given items.</doc>
<status status="PASS" start="2024-07-30T22:12:46.655967" elapsed="0.000619"/>
</kw>
<kw name="List Should Contain Value" owner="Collections">
<arg>${list_country}</arg>
<arg>${name_country}</arg>
<doc>Fails if the ``value`` is not found from ``list``.</doc>
<status status="PASS" start="2024-07-30T22:12:46.657567" elapsed="0.000208"/>
</kw>
<kw name="Run Keyword If" owner="BuiltIn">
<kw name="Should Be True" owner="BuiltIn">
<arg>${True}</arg>
<doc>Fails if the given condition is not true.</doc>
<status status="PASS" start="2024-07-30T22:12:46.658779" elapsed="0.000142"/>
</kw>
<arg>${json_data["results"][0]["location"]["coordinates"]["latitude"]} &gt;= -90 and ${json_data["results"][0]["location"]["coordinates"]["latitude"]} &lt;= 90</arg>
<arg>Should Be True</arg>
<arg>${True}</arg>
<doc>Runs the given keyword with the given arguments, if ``condition`` is true.</doc>
<status status="PASS" start="2024-07-30T22:12:46.657977" elapsed="0.001070"/>
</kw>
<kw name="Run Keyword If" owner="BuiltIn">
<kw name="Should Be True" owner="BuiltIn">
<arg>${True}</arg>
<doc>Fails if the given condition is not true.</doc>
<status status="PASS" start="2024-07-30T22:12:46.659933" elapsed="0.000138"/>
</kw>
<arg>${json_data["results"][0]["location"]["coordinates"]["longitude"]} &gt;= -180 and ${json_data["results"][0]["location"]["coordinates"]["longitude"]} &lt;= 180</arg>
<arg>Should Be True</arg>
<arg>${True}</arg>
<doc>Runs the given keyword with the given arguments, if ``condition`` is true.</doc>
<status status="PASS" start="2024-07-30T22:12:46.659237" elapsed="0.000956"/>
</kw>
<status status="PASS" start="2024-07-30T22:12:46.265483" elapsed="0.394845"/>
</kw>
<doc>Testa o conteúdo específico dos campos retornados pela API.</doc>
<tag>testeConteudo</tag>
<status status="PASS" start="2024-07-30T22:12:46.265020" elapsed="0.395458"/>
</test>
<status status="PASS" start="2024-07-30T22:12:45.148230" elapsed="1.514258"/>
</suite>
<status status="PASS" start="2024-07-30T22:12:45.133455" elapsed="1.534119"/>
</suite>
<statistics>
<total>
<stat pass="5" fail="0" skip="0">All Tests</stat>
</total>
<tag>
<stat pass="1" fail="0" skip="0">testeConteudo</stat>
<stat pass="1" fail="0" skip="0">testeEstruturaResposta</stat>
<stat pass="1" fail="0" skip="0">testeRequisicaoBasica</stat>
<stat pass="1" fail="0" skip="0">testeTiposDados</stat>
</tag>
<suite>
<stat pass="5" fail="0" skip="0" id="s1" name="Tests">Tests</stat>
<stat pass="5" fail="0" skip="0" id="s1-s1" name="Random-User-Test">Tests.Random-User-Test</stat>
</suite>
</statistics>
<errors>
</errors>
</robot>
