<?xml version="1.0" encoding="UTF-8"?>
<robot generator="Robot 7.0 (Python 3.12.3 on linux)" generated="2024-06-02T01:08:36.926620" rpa="false" schemaversion="5">
<suite id="s1" name="Tests" source="/home/runner/work/ApiRandomUser/ApiRandomUser/RamdonUser/tests">
<suite id="s1-s1" name="Random-User-Test" source="/home/runner/work/ApiRandomUser/ApiRandomUser/RamdonUser/tests/random-user-test.robot">
<test id="s1-s1-t1" name="Conectar" line="13">
<kw name="Conectar API" owner="random-user-service">
<kw name="Create Session" owner="RequestsLibrary">
<msg time="2024-06-02T01:08:37.388141" level="INFO">Creating Session using : alias=consultarAPI, url=https://randomuser.me/, headers={},                     cookies={}, auth=None, timeout=None, proxies=None, verify=False,                     debug=0 </msg>
<arg>consultarAPI</arg>
<arg>${URL}</arg>
<doc>Create Session: create a HTTP session to a server</doc>
<status status="PASS" start="2024-06-02T01:08:37.387938" elapsed="0.000404"/>
</kw>
<status status="PASS" start="2024-06-02T01:08:37.386889" elapsed="0.001829"/>
</kw>
<status status="PASS" start="2024-06-02T01:08:37.386275" elapsed="0.002636"/>
</test>
<test id="s1-s1-t2" name="Validar retorno 200 e JSON Válido" line="16">
<kw name="Teste de Requisicao Basica" owner="random-user-service">
<kw name="GET On Session" owner="RequestsLibrary">
<msg time="2024-06-02T01:08:37.581517" level="INFO">GET Request : url=https://randomuser.me/api 
 path_url=/api 
 headers={'User-Agent': 'python-requests/2.32.3', 'Accept-Encoding': 'gzip, deflate', 'Accept': '*/*', 'Connection': 'keep-alive'} 
 body=None 
 </msg>
<msg time="2024-06-02T01:08:37.581666" level="INFO">GET Response : url=https://randomuser.me/api 
 status=200, reason=OK 
 headers={'Date': 'Sun, 02 Jun 2024 01:08:37 GMT', 'Content-Type': 'application/json; charset=utf-8', 'Transfer-Encoding': 'chunked', 'Connection': 'keep-alive', 'X-Powered-By': 'Express', 'Access-Control-Allow-Origin': '*', 'Cache-Control': 'no-cache', 'ETag': 'W/"49c-6szVAwh0S9uQJZC+xxSI/IEBMSs"', 'Vary': 'Accept-Encoding', 'Content-Encoding': 'gzip', 'CF-Cache-Status': 'DYNAMIC', 'Report-To': '{"endpoints":[{"url":"https:\\/\\/a.nel.cloudflare.com\\/report\\/v4?s=n%2BBM0uUmddvoMdyBucchlio1I2B1%2F%2FKRFmEUqNFrJiE0k8jK1oecr0OZErgRWQkn%2F0jmbSkOR5cwyrlE6ECSiivQKMwolcVLUeSZ6iAIak4GmnpWQbQtj2epJ4XoS2Hy"}],"group":"cf-nel","max_age":604800}', 'NEL': '{"success_fraction":0,"report_to":"cf-nel","max_age":604800}', 'Server': 'cloudflare', 'CF-RAY': '88d38da698d85b29-IAD', 'alt-svc': 'h3=":443"; ma=86400'} 
 body={"results":[{"gender":"female","name":{"title":"Mrs","first":"Phyllis","last":"Powell"},"location":{"street":{"number":8847,"name":"Northaven Rd"},"city":"Devonport","state":"Queensland","country":"Australia","postcode":1429,"coordinates":{"latitude":"-88.4601","longitude":"158.4711"},"timezone":{"offset":"-6:00","description":"Central Time (US &amp; Canada), Mexico City"}},"email":"phyllis.powell@example.com","login":{"uuid":"cb83e857-29d6-48d7-b252-162ee387c08c","username":"blackcat492","password":"funstuff","salt":"K2xH2CSl","md5":"ad9fd5b9d4257433a98bd963546fda37","sha1":"d3f1dfe823db7280fc29d47944affebec8d5da9d","sha256":"5d0295c77596335460d9e20f32ec119c91566e21c27ae7205412f7a7dbd2c1dc"},"dob":{"date":"1952-06-08T16:59:11.718Z","age":71},"registered":{"date":"2020-03-13T00:47:21.578Z","age":4},"phone":"01-5470-5837","cell":"0432-952-192","id":{"name":"TFN","value":"621149024"},"picture":{"large":"https://randomuser.me/api/portraits/women/87.jpg","medium":"https://randomuser.me/api/portraits/med/women/87.jpg","thumbnail":"https://randomuser.me/api/portraits/thumb/women/87.jpg"},"nat":"AU"}],"info":{"seed":"6e5c6d9ce28c12c8","results":1,"page":1,"version":"1.4"}} 
 </msg>
<msg time="2024-06-02T01:08:37.581747" level="INFO">/opt/hostedtoolcache/Python/3.12.3/x64/lib/python3.12/site-packages/urllib3/connectionpool.py:1103: InsecureRequestWarning: Unverified HTTPS request is being made to host 'randomuser.me'. Adding certificate verification is strongly advised. See: https://urllib3.readthedocs.io/en/latest/advanced-usage.html#tls-warnings
  warnings.warn(</msg>
<msg time="2024-06-02T01:08:37.581899" level="INFO">${response} = &lt;Response [200]&gt;</msg>
<var>${response}</var>
<arg>consultarAPI</arg>
<arg>/api</arg>
<doc>Sends a GET request on a previously created HTTP Session.</doc>
<status status="PASS" start="2024-06-02T01:08:37.391589" elapsed="0.190351"/>
</kw>
<kw name="Should Be Equal As Numbers" owner="BuiltIn">
<msg time="2024-06-02T01:08:37.583032" level="INFO">Argument types are:
&lt;class 'int'&gt;
&lt;class 'str'&gt;</msg>
<arg>${response.status_code}</arg>
<arg>200</arg>
<doc>Fails if objects are unequal after converting them to real numbers.</doc>
<status status="PASS" start="2024-06-02T01:08:37.582551" elapsed="0.000548"/>
</kw>
<kw name="Log" owner="BuiltIn">
<msg time="2024-06-02T01:08:37.583795" level="INFO">200</msg>
<arg>${response.status_code}</arg>
<doc>Logs the given message with the given level.</doc>
<status status="PASS" start="2024-06-02T01:08:37.583447" elapsed="0.000395"/>
</kw>
<kw name="Set Variable" owner="BuiltIn">
<msg time="2024-06-02T01:08:37.584625" level="INFO">${json_data} = {'results': [{'gender': 'female', 'name': {'title': 'Mrs', 'first': 'Phyllis', 'last': 'Powell'}, 'location': {'street': {'number': 8847, 'name': 'Northaven Rd'}, 'city': 'Devonport', 'state': 'Queens...</msg>
<var>${json_data}</var>
<arg>${response.json()}</arg>
<doc>Returns the given values which can then be assigned to a variables.</doc>
<status status="PASS" start="2024-06-02T01:08:37.584150" elapsed="0.000504"/>
</kw>
<kw name="Dictionary Should Contain Key" owner="Collections">
<msg time="2024-06-02T01:08:37.585130" level="INFO">False</msg>
<arg>${json_data}</arg>
<arg>results</arg>
<doc>Fails if ``key`` is not found from ``dictionary``.</doc>
<status status="PASS" start="2024-06-02T01:08:37.584956" elapsed="0.000368"/>
</kw>
<status status="PASS" start="2024-06-02T01:08:37.391340" elapsed="0.194250"/>
</kw>
<doc>Testa se a API responde corretamente e retorna um objeto JSON válido.</doc>
<tag>testeRequisicaoBasica</tag>
<status status="PASS" start="2024-06-02T01:08:37.390770" elapsed="0.195006"/>
</test>
<test id="s1-s1-t3" name="Validar estrutura de resposta" line="22">
<kw name="Teste de Estrutura de Resposta" owner="random-user-service">
<kw name="GET On Session" owner="RequestsLibrary">
<msg time="2024-06-02T01:08:37.670997" level="INFO">GET Request : url=https://randomuser.me/api 
 path_url=/api 
 headers={'User-Agent': 'python-requests/2.32.3', 'Accept-Encoding': 'gzip, deflate', 'Accept': '*/*', 'Connection': 'keep-alive'} 
 body=None 
 </msg>
<msg time="2024-06-02T01:08:37.671085" level="INFO">GET Response : url=https://randomuser.me/api 
 status=200, reason=OK 
 headers={'Date': 'Sun, 02 Jun 2024 01:08:37 GMT', 'Content-Type': 'application/json; charset=utf-8', 'Transfer-Encoding': 'chunked', 'Connection': 'keep-alive', 'X-Powered-By': 'Express', 'Access-Control-Allow-Origin': '*', 'Cache-Control': 'no-cache', 'ETag': 'W/"498-0eGj8BLuiOdfBdeM8HmjE2e02L8"', 'Vary': 'Accept-Encoding', 'Content-Encoding': 'gzip', 'CF-Cache-Status': 'DYNAMIC', 'Report-To': '{"endpoints":[{"url":"https:\\/\\/a.nel.cloudflare.com\\/report\\/v4?s=uWLM441sy9QgSK7J7xrHbmjp5U2qP%2FWp1e4YB0TyDIRDkV9OJXIt3EgwiizuYZehftkcEhGNNOJGpsp%2B893o3X1nukZVeg%2BoUUWbKpD8BDiFiL%2BpeJdJ%2Fflv6V%2FOlm7F"}],"group":"cf-nel","max_age":604800}', 'NEL': '{"success_fraction":0,"report_to":"cf-nel","max_age":604800}', 'Server': 'cloudflare', 'CF-RAY': '88d38da6f9375b29-IAD', 'alt-svc': 'h3=":443"; ma=86400'} 
 body={"results":[{"gender":"male","name":{"title":"Mr","first":"Thorbjørn","last":"Lindstad"},"location":{"street":{"number":7712,"name":"Tor Jonssons veg"},"city":"Blakstad","state":"Rogaland","country":"Norway","postcode":"5336","coordinates":{"latitude":"40.4759","longitude":"-98.7448"},"timezone":{"offset":"-4:00","description":"Atlantic Time (Canada), Caracas, La Paz"}},"email":"thorbjorn.lindstad@example.com","login":{"uuid":"e74ce0a5-fdb6-4595-ba28-8f6a0363c7d1","username":"blackleopard558","password":"orlando","salt":"01SyvJuR","md5":"4173bd183edd35542ed5e34daf2e0206","sha1":"4b42d9a6f9f0527c18f6599e3757d2a9fc07c88b","sha256":"4072bf46f8a5354b78a33612028a7a8068dadc18c5d899e0042bcfa47c2e59d7"},"dob":{"date":"2000-02-19T00:19:51.197Z","age":24},"registered":{"date":"2009-11-29T08:24:02.804Z","age":14},"phone":"22417481","cell":"47613838","id":{"name":"FN","value":"19020095388"},"picture":{"large":"https://randomuser.me/api/portraits/men/65.jpg","medium":"https://randomuser.me/api/portraits/med/men/65.jpg","thumbnail":"https://randomuser.me/api/portraits/thumb/men/65.jpg"},"nat":"NO"}],"info":{"seed":"60c019b8d776d9cf","results":1,"page":1,"version":"1.4"}} 
 </msg>
<msg time="2024-06-02T01:08:37.671203" level="INFO">/opt/hostedtoolcache/Python/3.12.3/x64/lib/python3.12/site-packages/urllib3/connectionpool.py:1103: InsecureRequestWarning: Unverified HTTPS request is being made to host 'randomuser.me'. Adding certificate verification is strongly advised. See: https://urllib3.readthedocs.io/en/latest/advanced-usage.html#tls-warnings
  warnings.warn(</msg>
<msg time="2024-06-02T01:08:37.671327" level="INFO">${response} = &lt;Response [200]&gt;</msg>
<var>${response}</var>
<arg>consultarAPI</arg>
<arg>/api</arg>
<doc>Sends a GET request on a previously created HTTP Session.</doc>
<status status="PASS" start="2024-06-02T01:08:37.588492" elapsed="0.082873"/>
</kw>
<kw name="Set Variable" owner="BuiltIn">
<msg time="2024-06-02T01:08:37.672219" level="INFO">${json_data} = {'results': [{'gender': 'male', 'name': {'title': 'Mr', 'first': 'Thorbjørn', 'last': 'Lindstad'}, 'location': {'street': {'number': 7712, 'name': 'Tor Jonssons veg'}, 'city': 'Blakstad', 'state': 'Ro...</msg>
<var>${json_data}</var>
<arg>${response.json()}</arg>
<doc>Returns the given values which can then be assigned to a variables.</doc>
<status status="PASS" start="2024-06-02T01:08:37.671754" elapsed="0.000494"/>
</kw>
<kw name="Log" owner="BuiltIn">
<msg time="2024-06-02T01:08:37.672759" level="INFO">{'results': [{'gender': 'male', 'name': {'title': 'Mr', 'first': 'Thorbjørn', 'last': 'Lindstad'}, 'location': {'street': {'number': 7712, 'name': 'Tor Jonssons veg'}, 'city': 'Blakstad', 'state': 'Rogaland', 'country': 'Norway', 'postcode': '5336', 'coordinates': {'latitude': '40.4759', 'longitude': '-98.7448'}, 'timezone': {'offset': '-4:00', 'description': 'Atlantic Time (Canada), Caracas, La Paz'}}, 'email': 'thorbjorn.lindstad@example.com', 'login': {'uuid': 'e74ce0a5-fdb6-4595-ba28-8f6a0363c7d1', 'username': 'blackleopard558', 'password': 'orlando', 'salt': '01SyvJuR', 'md5': '4173bd183edd35542ed5e34daf2e0206', 'sha1': '4b42d9a6f9f0527c18f6599e3757d2a9fc07c88b', 'sha256': '4072bf46f8a5354b78a33612028a7a8068dadc18c5d899e0042bcfa47c2e59d7'}, 'dob': {'date': '2000-02-19T00:19:51.197Z', 'age': 24}, 'registered': {'date': '2009-11-29T08:24:02.804Z', 'age': 14}, 'phone': '22417481', 'cell': '47613838', 'id': {'name': 'FN', 'value': '19020095388'}, 'picture': {'large': 'https://randomuser.me/api/portraits/men/65.jpg', 'medium': 'https://randomuser.me/api/portraits/med/men/65.jpg', 'thumbnail': 'https://randomuser.me/api/portraits/thumb/men/65.jpg'}, 'nat': 'NO'}], 'info': {'seed': '60c019b8d776d9cf', 'results': 1, 'page': 1, 'version': '1.4'}}</msg>
<arg>${json_data}</arg>
<doc>Logs the given message with the given level.</doc>
<status status="PASS" start="2024-06-02T01:08:37.672601" elapsed="0.000207"/>
</kw>
<kw name="Dictionary Should Contain Key" owner="Collections">
<msg time="2024-06-02T01:08:37.673255" level="INFO">False</msg>
<arg>${json_data}</arg>
<arg>results</arg>
<doc>Fails if ``key`` is not found from ``dictionary``.</doc>
<status status="PASS" start="2024-06-02T01:08:37.673104" elapsed="0.000187"/>
</kw>
<kw name="Should Not Be Empty" owner="BuiltIn">
<msg time="2024-06-02T01:08:37.673717" level="INFO">Length is 2.</msg>
<arg>${json_data}</arg>
<doc>Verifies that the given item is not empty.</doc>
<status status="PASS" start="2024-06-02T01:08:37.673581" elapsed="0.000174"/>
</kw>
<kw name="Create List" owner="BuiltIn">
<msg time="2024-06-02T01:08:37.674203" level="INFO">${expected_keys} = ['gender', 'name', 'location', 'email', 'login']</msg>
<var>${expected_keys}</var>
<arg>gender</arg>
<arg>name</arg>
<arg>location</arg>
<arg>email</arg>
<arg>login</arg>
<doc>Returns a list containing given items.</doc>
<status status="PASS" start="2024-06-02T01:08:37.674048" elapsed="0.000179"/>
</kw>
<for flavor="IN">
<iter>
<kw name="Dictionary Should Contain Key" owner="Collections">
<msg time="2024-06-02T01:08:37.675206" level="INFO">False</msg>
<arg>${json_data['results'][0]}</arg>
<arg>${key}</arg>
<doc>Fails if ``key`` is not found from ``dictionary``.</doc>
<status status="PASS" start="2024-06-02T01:08:37.674801" elapsed="0.000449"/>
</kw>
<kw name="Log" owner="BuiltIn">
<msg time="2024-06-02T01:08:37.675932" level="INFO">{'gender': 'male', 'name': {'title': 'Mr', 'first': 'Thorbjørn', 'last': 'Lindstad'}, 'location': {'street': {'number': 7712, 'name': 'Tor Jonssons veg'}, 'city': 'Blakstad', 'state': 'Rogaland', 'country': 'Norway', 'postcode': '5336', 'coordinates': {'latitude': '40.4759', 'longitude': '-98.7448'}, 'timezone': {'offset': '-4:00', 'description': 'Atlantic Time (Canada), Caracas, La Paz'}}, 'email': 'thorbjorn.lindstad@example.com', 'login': {'uuid': 'e74ce0a5-fdb6-4595-ba28-8f6a0363c7d1', 'username': 'blackleopard558', 'password': 'orlando', 'salt': '01SyvJuR', 'md5': '4173bd183edd35542ed5e34daf2e0206', 'sha1': '4b42d9a6f9f0527c18f6599e3757d2a9fc07c88b', 'sha256': '4072bf46f8a5354b78a33612028a7a8068dadc18c5d899e0042bcfa47c2e59d7'}, 'dob': {'date': '2000-02-19T00:19:51.197Z', 'age': 24}, 'registered': {'date': '2009-11-29T08:24:02.804Z', 'age': 14}, 'phone': '22417481', 'cell': '47613838', 'id': {'name': 'FN', 'value': '19020095388'}, 'picture': {'large': 'https://randomuser.me/api/portraits/men/65.jpg', 'medium': 'https://randomuser.me/api/portraits/med/men/65.jpg', 'thumbnail': 'https://randomuser.me/api/portraits/thumb/men/65.jpg'}, 'nat': 'NO'}</msg>
<arg>${json_data['results'][0]}</arg>
<doc>Logs the given message with the given level.</doc>
<status status="PASS" start="2024-06-02T01:08:37.675550" elapsed="0.000434"/>
</kw>
<kw name="Log" owner="BuiltIn">
<msg time="2024-06-02T01:08:37.676452" level="INFO">gender</msg>
<arg>${key}</arg>
<doc>Logs the given message with the given level.</doc>
<status status="PASS" start="2024-06-02T01:08:37.676312" elapsed="0.000178"/>
</kw>
<var name="${key}">gender</var>
<status status="PASS" start="2024-06-02T01:08:37.674675" elapsed="0.002035"/>
</iter>
<iter>
<kw name="Dictionary Should Contain Key" owner="Collections">
<msg time="2024-06-02T01:08:37.677396" level="INFO">False</msg>
<arg>${json_data['results'][0]}</arg>
<arg>${key}</arg>
<doc>Fails if ``key`` is not found from ``dictionary``.</doc>
<status status="PASS" start="2024-06-02T01:08:37.677012" elapsed="0.000422"/>
</kw>
<kw name="Log" owner="BuiltIn">
<msg time="2024-06-02T01:08:37.678125" level="INFO">{'gender': 'male', 'name': {'title': 'Mr', 'first': 'Thorbjørn', 'last': 'Lindstad'}, 'location': {'street': {'number': 7712, 'name': 'Tor Jonssons veg'}, 'city': 'Blakstad', 'state': 'Rogaland', 'country': 'Norway', 'postcode': '5336', 'coordinates': {'latitude': '40.4759', 'longitude': '-98.7448'}, 'timezone': {'offset': '-4:00', 'description': 'Atlantic Time (Canada), Caracas, La Paz'}}, 'email': 'thorbjorn.lindstad@example.com', 'login': {'uuid': 'e74ce0a5-fdb6-4595-ba28-8f6a0363c7d1', 'username': 'blackleopard558', 'password': 'orlando', 'salt': '01SyvJuR', 'md5': '4173bd183edd35542ed5e34daf2e0206', 'sha1': '4b42d9a6f9f0527c18f6599e3757d2a9fc07c88b', 'sha256': '4072bf46f8a5354b78a33612028a7a8068dadc18c5d899e0042bcfa47c2e59d7'}, 'dob': {'date': '2000-02-19T00:19:51.197Z', 'age': 24}, 'registered': {'date': '2009-11-29T08:24:02.804Z', 'age': 14}, 'phone': '22417481', 'cell': '47613838', 'id': {'name': 'FN', 'value': '19020095388'}, 'picture': {'large': 'https://randomuser.me/api/portraits/men/65.jpg', 'medium': 'https://randomuser.me/api/portraits/med/men/65.jpg', 'thumbnail': 'https://randomuser.me/api/portraits/thumb/men/65.jpg'}, 'nat': 'NO'}</msg>
<arg>${json_data['results'][0]}</arg>
<doc>Logs the given message with the given level.</doc>
<status status="PASS" start="2024-06-02T01:08:37.677760" elapsed="0.000415"/>
</kw>
<kw name="Log" owner="BuiltIn">
<msg time="2024-06-02T01:08:37.678615" level="INFO">name</msg>
<arg>${key}</arg>
<doc>Logs the given message with the given level.</doc>
<status status="PASS" start="2024-06-02T01:08:37.678485" elapsed="0.000168"/>
</kw>
<var name="${key}">name</var>
<status status="PASS" start="2024-06-02T01:08:37.676896" elapsed="0.001977"/>
</iter>
<iter>
<kw name="Dictionary Should Contain Key" owner="Collections">
<msg time="2024-06-02T01:08:37.679535" level="INFO">False</msg>
<arg>${json_data['results'][0]}</arg>
<arg>${key}</arg>
<doc>Fails if ``key`` is not found from ``dictionary``.</doc>
<status status="PASS" start="2024-06-02T01:08:37.679163" elapsed="0.000409"/>
</kw>
<kw name="Log" owner="BuiltIn">
<msg time="2024-06-02T01:08:37.680250" level="INFO">{'gender': 'male', 'name': {'title': 'Mr', 'first': 'Thorbjørn', 'last': 'Lindstad'}, 'location': {'street': {'number': 7712, 'name': 'Tor Jonssons veg'}, 'city': 'Blakstad', 'state': 'Rogaland', 'country': 'Norway', 'postcode': '5336', 'coordinates': {'latitude': '40.4759', 'longitude': '-98.7448'}, 'timezone': {'offset': '-4:00', 'description': 'Atlantic Time (Canada), Caracas, La Paz'}}, 'email': 'thorbjorn.lindstad@example.com', 'login': {'uuid': 'e74ce0a5-fdb6-4595-ba28-8f6a0363c7d1', 'username': 'blackleopard558', 'password': 'orlando', 'salt': '01SyvJuR', 'md5': '4173bd183edd35542ed5e34daf2e0206', 'sha1': '4b42d9a6f9f0527c18f6599e3757d2a9fc07c88b', 'sha256': '4072bf46f8a5354b78a33612028a7a8068dadc18c5d899e0042bcfa47c2e59d7'}, 'dob': {'date': '2000-02-19T00:19:51.197Z', 'age': 24}, 'registered': {'date': '2009-11-29T08:24:02.804Z', 'age': 14}, 'phone': '22417481', 'cell': '47613838', 'id': {'name': 'FN', 'value': '19020095388'}, 'picture': {'large': 'https://randomuser.me/api/portraits/men/65.jpg', 'medium': 'https://randomuser.me/api/portraits/med/men/65.jpg', 'thumbnail': 'https://randomuser.me/api/portraits/thumb/men/65.jpg'}, 'nat': 'NO'}</msg>
<arg>${json_data['results'][0]}</arg>
<doc>Logs the given message with the given level.</doc>
<status status="PASS" start="2024-06-02T01:08:37.679882" elapsed="0.000449"/>
</kw>
<kw name="Log" owner="BuiltIn">
<msg time="2024-06-02T01:08:37.680779" level="INFO">location</msg>
<arg>${key}</arg>
<doc>Logs the given message with the given level.</doc>
<status status="PASS" start="2024-06-02T01:08:37.680652" elapsed="0.000165"/>
</kw>
<var name="${key}">location</var>
<status status="PASS" start="2024-06-02T01:08:37.679050" elapsed="0.001993"/>
</iter>
<iter>
<kw name="Dictionary Should Contain Key" owner="Collections">
<msg time="2024-06-02T01:08:37.681810" level="INFO">False</msg>
<arg>${json_data['results'][0]}</arg>
<arg>${key}</arg>
<doc>Fails if ``key`` is not found from ``dictionary``.</doc>
<status status="PASS" start="2024-06-02T01:08:37.681328" elapsed="0.000521"/>
</kw>
<kw name="Log" owner="BuiltIn">
<msg time="2024-06-02T01:08:37.682510" level="INFO">{'gender': 'male', 'name': {'title': 'Mr', 'first': 'Thorbjørn', 'last': 'Lindstad'}, 'location': {'street': {'number': 7712, 'name': 'Tor Jonssons veg'}, 'city': 'Blakstad', 'state': 'Rogaland', 'country': 'Norway', 'postcode': '5336', 'coordinates': {'latitude': '40.4759', 'longitude': '-98.7448'}, 'timezone': {'offset': '-4:00', 'description': 'Atlantic Time (Canada), Caracas, La Paz'}}, 'email': 'thorbjorn.lindstad@example.com', 'login': {'uuid': 'e74ce0a5-fdb6-4595-ba28-8f6a0363c7d1', 'username': 'blackleopard558', 'password': 'orlando', 'salt': '01SyvJuR', 'md5': '4173bd183edd35542ed5e34daf2e0206', 'sha1': '4b42d9a6f9f0527c18f6599e3757d2a9fc07c88b', 'sha256': '4072bf46f8a5354b78a33612028a7a8068dadc18c5d899e0042bcfa47c2e59d7'}, 'dob': {'date': '2000-02-19T00:19:51.197Z', 'age': 24}, 'registered': {'date': '2009-11-29T08:24:02.804Z', 'age': 14}, 'phone': '22417481', 'cell': '47613838', 'id': {'name': 'FN', 'value': '19020095388'}, 'picture': {'large': 'https://randomuser.me/api/portraits/men/65.jpg', 'medium': 'https://randomuser.me/api/portraits/med/men/65.jpg', 'thumbnail': 'https://randomuser.me/api/portraits/thumb/men/65.jpg'}, 'nat': 'NO'}</msg>
<arg>${json_data['results'][0]}</arg>
<doc>Logs the given message with the given level.</doc>
<status status="PASS" start="2024-06-02T01:08:37.682150" elapsed="0.000410"/>
</kw>
<kw name="Log" owner="BuiltIn">
<msg time="2024-06-02T01:08:37.682986" level="INFO">email</msg>
<arg>${key}</arg>
<doc>Logs the given message with the given level.</doc>
<status status="PASS" start="2024-06-02T01:08:37.682858" elapsed="0.000166"/>
</kw>
<var name="${key}">email</var>
<status status="PASS" start="2024-06-02T01:08:37.681216" elapsed="0.002036"/>
</iter>
<iter>
<kw name="Dictionary Should Contain Key" owner="Collections">
<msg time="2024-06-02T01:08:37.683918" level="INFO">False</msg>
<arg>${json_data['results'][0]}</arg>
<arg>${key}</arg>
<doc>Fails if ``key`` is not found from ``dictionary``.</doc>
<status status="PASS" start="2024-06-02T01:08:37.683538" elapsed="0.000416"/>
</kw>
<kw name="Log" owner="BuiltIn">
<msg time="2024-06-02T01:08:37.684622" level="INFO">{'gender': 'male', 'name': {'title': 'Mr', 'first': 'Thorbjørn', 'last': 'Lindstad'}, 'location': {'street': {'number': 7712, 'name': 'Tor Jonssons veg'}, 'city': 'Blakstad', 'state': 'Rogaland', 'country': 'Norway', 'postcode': '5336', 'coordinates': {'latitude': '40.4759', 'longitude': '-98.7448'}, 'timezone': {'offset': '-4:00', 'description': 'Atlantic Time (Canada), Caracas, La Paz'}}, 'email': 'thorbjorn.lindstad@example.com', 'login': {'uuid': 'e74ce0a5-fdb6-4595-ba28-8f6a0363c7d1', 'username': 'blackleopard558', 'password': 'orlando', 'salt': '01SyvJuR', 'md5': '4173bd183edd35542ed5e34daf2e0206', 'sha1': '4b42d9a6f9f0527c18f6599e3757d2a9fc07c88b', 'sha256': '4072bf46f8a5354b78a33612028a7a8068dadc18c5d899e0042bcfa47c2e59d7'}, 'dob': {'date': '2000-02-19T00:19:51.197Z', 'age': 24}, 'registered': {'date': '2009-11-29T08:24:02.804Z', 'age': 14}, 'phone': '22417481', 'cell': '47613838', 'id': {'name': 'FN', 'value': '19020095388'}, 'picture': {'large': 'https://randomuser.me/api/portraits/men/65.jpg', 'medium': 'https://randomuser.me/api/portraits/med/men/65.jpg', 'thumbnail': 'https://randomuser.me/api/portraits/thumb/men/65.jpg'}, 'nat': 'NO'}</msg>
<arg>${json_data['results'][0]}</arg>
<doc>Logs the given message with the given level.</doc>
<status status="PASS" start="2024-06-02T01:08:37.684245" elapsed="0.000426"/>
</kw>
<kw name="Log" owner="BuiltIn">
<msg time="2024-06-02T01:08:37.685089" level="INFO">login</msg>
<arg>${key}</arg>
<doc>Logs the given message with the given level.</doc>
<status status="PASS" start="2024-06-02T01:08:37.684963" elapsed="0.000164"/>
</kw>
<var name="${key}">login</var>
<status status="PASS" start="2024-06-02T01:08:37.683426" elapsed="0.001938"/>
</iter>
<var>${key}</var>
<value>@{expected_keys}</value>
<status status="PASS" start="2024-06-02T01:08:37.674490" elapsed="0.010998"/>
</for>
<kw name="Create List" owner="BuiltIn">
<msg time="2024-06-02T01:08:37.685818" level="INFO">${expected_keysTwo} = ['username', 'password']</msg>
<var>${expected_keysTwo}</var>
<arg>username</arg>
<arg>password</arg>
<doc>Returns a list containing given items.</doc>
<status status="PASS" start="2024-06-02T01:08:37.685681" elapsed="0.000161"/>
</kw>
<for flavor="IN">
<iter>
<kw name="Dictionary Should Contain Key" owner="Collections">
<msg time="2024-06-02T01:08:37.686713" level="INFO">False</msg>
<arg>${json_data['results'][0]['login']}</arg>
<arg>${keyTwo}</arg>
<doc>Fails if ``key`` is not found from ``dictionary``.</doc>
<status status="PASS" start="2024-06-02T01:08:37.686334" elapsed="0.000415"/>
</kw>
<kw name="Dictionary Should Contain Key" owner="Collections">
<msg time="2024-06-02T01:08:37.687432" level="INFO">False</msg>
<arg>${json_data['results'][0]['login']}</arg>
<arg>${keyTwo}</arg>
<doc>Fails if ``key`` is not found from ``dictionary``.</doc>
<status status="PASS" start="2024-06-02T01:08:37.687043" elapsed="0.000426"/>
</kw>
<kw name="Log" owner="BuiltIn">
<msg time="2024-06-02T01:08:37.687887" level="INFO">username</msg>
<arg>${keyTwo}</arg>
<doc>Logs the given message with the given level.</doc>
<status status="PASS" start="2024-06-02T01:08:37.687760" elapsed="0.000164"/>
</kw>
<var name="${keyTwo}">username</var>
<status status="PASS" start="2024-06-02T01:08:37.686225" elapsed="0.001913"/>
</iter>
<iter>
<kw name="Dictionary Should Contain Key" owner="Collections">
<msg time="2024-06-02T01:08:37.688856" level="INFO">False</msg>
<arg>${json_data['results'][0]['login']}</arg>
<arg>${keyTwo}</arg>
<doc>Fails if ``key`` is not found from ``dictionary``.</doc>
<status status="PASS" start="2024-06-02T01:08:37.688474" elapsed="0.000420"/>
</kw>
<kw name="Dictionary Should Contain Key" owner="Collections">
<msg time="2024-06-02T01:08:37.689564" level="INFO">False</msg>
<arg>${json_data['results'][0]['login']}</arg>
<arg>${keyTwo}</arg>
<doc>Fails if ``key`` is not found from ``dictionary``.</doc>
<status status="PASS" start="2024-06-02T01:08:37.689187" elapsed="0.000414"/>
</kw>
<kw name="Log" owner="BuiltIn">
<msg time="2024-06-02T01:08:37.690021" level="INFO">password</msg>
<arg>${keyTwo}</arg>
<doc>Logs the given message with the given level.</doc>
<status status="PASS" start="2024-06-02T01:08:37.689895" elapsed="0.000163"/>
</kw>
<var name="${keyTwo}">password</var>
<status status="PASS" start="2024-06-02T01:08:37.688349" elapsed="0.001925"/>
</iter>
<var>${keyTwo}</var>
<value>@{expected_keysTwo}</value>
<status status="PASS" start="2024-06-02T01:08:37.686078" elapsed="0.004317"/>
</for>
<status status="PASS" start="2024-06-02T01:08:37.588215" elapsed="0.102320"/>
</kw>
<doc>Testa a estrutura da resposta da API.</doc>
<tag>testeEstruturaResposta</tag>
<status status="PASS" start="2024-06-02T01:08:37.587602" elapsed="0.103085"/>
</test>
<test id="s1-s1-t4" name="Validar tipos de dados" line="28">
<kw name="Teste de Tipos de Dados" owner="random-user-service">
<kw name="GET On Session" owner="RequestsLibrary">
<msg time="2024-06-02T01:08:37.783838" level="INFO">GET Request : url=https://randomuser.me/api 
 path_url=/api 
 headers={'User-Agent': 'python-requests/2.32.3', 'Accept-Encoding': 'gzip, deflate', 'Accept': '*/*', 'Connection': 'keep-alive'} 
 body=None 
 </msg>
<msg time="2024-06-02T01:08:37.783918" level="INFO">GET Response : url=https://randomuser.me/api 
 status=200, reason=OK 
 headers={'Date': 'Sun, 02 Jun 2024 01:08:37 GMT', 'Content-Type': 'application/json; charset=utf-8', 'Transfer-Encoding': 'chunked', 'Connection': 'keep-alive', 'X-Powered-By': 'Express', 'Access-Control-Allow-Origin': '*', 'Cache-Control': 'no-cache', 'ETag': 'W/"497-F1doKPezayPMUarW/Xav9yV4bL0"', 'Vary': 'Accept-Encoding', 'Content-Encoding': 'gzip', 'CF-Cache-Status': 'DYNAMIC', 'Report-To': '{"endpoints":[{"url":"https:\\/\\/a.nel.cloudflare.com\\/report\\/v4?s=ho3KX4EhvodhAMWkjThX3603PCEfPsFY4GpjqgzBZoE2deF15v%2B%2F1EFPCxzZ6CsthCyByxCsPCYlBOeakvnaDRay58FsCOLmi4b%2Fpm8jXLqxIQweKfvvNfeWle9zBrXa"}],"group":"cf-nel","max_age":604800}', 'NEL': '{"success_fraction":0,"report_to":"cf-nel","max_age":604800}', 'Server': 'cloudflare', 'CF-RAY': '88d38da799ee5b29-IAD', 'alt-svc': 'h3=":443"; ma=86400'} 
 body={"results":[{"gender":"male","name":{"title":"Mr","first":"Tommy","last":"Rivera"},"location":{"street":{"number":4920,"name":"Spring St"},"city":"Tamworth","state":"Northern Territory","country":"Australia","postcode":1800,"coordinates":{"latitude":"-86.3875","longitude":"-76.9968"},"timezone":{"offset":"+11:00","description":"Magadan, Solomon Islands, New Caledonia"}},"email":"tommy.rivera@example.com","login":{"uuid":"ecf7cd5d-05c6-4271-a3b1-64343ed7b5c9","username":"sadbutterfly448","password":"celica","salt":"cuVziEgz","md5":"c106a74a68667ec7aeec9062937871b0","sha1":"3c4f9fc31de6b325f36ea74b11937e2a750d1102","sha256":"b62f648675b2f89e6218e32cb501cdcfbbe60c0d65c782fda20aafc1930876ae"},"dob":{"date":"1959-03-03T07:00:57.575Z","age":65},"registered":{"date":"2006-06-28T16:05:27.893Z","age":17},"phone":"02-8847-3755","cell":"0409-311-865","id":{"name":"TFN","value":"601684921"},"picture":{"large":"https://randomuser.me/api/portraits/men/29.jpg","medium":"https://randomuser.me/api/portraits/med/men/29.jpg","thumbnail":"https://randomuser.me/api/portraits/thumb/men/29.jpg"},"nat":"AU"}],"info":{"seed":"468349250d7a7e71","results":1,"page":1,"version":"1.4"}} 
 </msg>
<msg time="2024-06-02T01:08:37.783992" level="INFO">/opt/hostedtoolcache/Python/3.12.3/x64/lib/python3.12/site-packages/urllib3/connectionpool.py:1103: InsecureRequestWarning: Unverified HTTPS request is being made to host 'randomuser.me'. Adding certificate verification is strongly advised. See: https://urllib3.readthedocs.io/en/latest/advanced-usage.html#tls-warnings
  warnings.warn(</msg>
<msg time="2024-06-02T01:08:37.784098" level="INFO">${response} = &lt;Response [200]&gt;</msg>
<var>${response}</var>
<arg>consultarAPI</arg>
<arg>/api</arg>
<doc>Sends a GET request on a previously created HTTP Session.</doc>
<status status="PASS" start="2024-06-02T01:08:37.693156" elapsed="0.090981"/>
</kw>
<kw name="Set Variable" owner="BuiltIn">
<msg time="2024-06-02T01:08:37.785086" level="INFO">${json_data} = {'results': [{'gender': 'male', 'name': {'title': 'Mr', 'first': 'Tommy', 'last': 'Rivera'}, 'location': {'street': {'number': 4920, 'name': 'Spring St'}, 'city': 'Tamworth', 'state': 'Northern Territ...</msg>
<var>${json_data}</var>
<arg>${response.json()}</arg>
<doc>Returns the given values which can then be assigned to a variables.</doc>
<status status="PASS" start="2024-06-02T01:08:37.784629" elapsed="0.000485"/>
</kw>
<kw name="Log" owner="BuiltIn">
<msg time="2024-06-02T01:08:37.785576" level="INFO">{'results': [{'gender': 'male', 'name': {'title': 'Mr', 'first': 'Tommy', 'last': 'Rivera'}, 'location': {'street': {'number': 4920, 'name': 'Spring St'}, 'city': 'Tamworth', 'state': 'Northern Territory', 'country': 'Australia', 'postcode': 1800, 'coordinates': {'latitude': '-86.3875', 'longitude': '-76.9968'}, 'timezone': {'offset': '+11:00', 'description': 'Magadan, Solomon Islands, New Caledonia'}}, 'email': 'tommy.rivera@example.com', 'login': {'uuid': 'ecf7cd5d-05c6-4271-a3b1-64343ed7b5c9', 'username': 'sadbutterfly448', 'password': 'celica', 'salt': 'cuVziEgz', 'md5': 'c106a74a68667ec7aeec9062937871b0', 'sha1': '3c4f9fc31de6b325f36ea74b11937e2a750d1102', 'sha256': 'b62f648675b2f89e6218e32cb501cdcfbbe60c0d65c782fda20aafc1930876ae'}, 'dob': {'date': '1959-03-03T07:00:57.575Z', 'age': 65}, 'registered': {'date': '2006-06-28T16:05:27.893Z', 'age': 17}, 'phone': '02-8847-3755', 'cell': '0409-311-865', 'id': {'name': 'TFN', 'value': '601684921'}, 'picture': {'large': 'https://randomuser.me/api/portraits/men/29.jpg', 'medium': 'https://randomuser.me/api/portraits/med/men/29.jpg', 'thumbnail': 'https://randomuser.me/api/portraits/thumb/men/29.jpg'}, 'nat': 'AU'}], 'info': {'seed': '468349250d7a7e71', 'results': 1, 'page': 1, 'version': '1.4'}}</msg>
<arg>${json_data}</arg>
<doc>Logs the given message with the given level.</doc>
<status status="PASS" start="2024-06-02T01:08:37.785421" elapsed="0.000237"/>
</kw>
<kw name="Should Be String" owner="String">
<arg>${json_data['results'][0]['gender']}</arg>
<doc>Fails if the given ``item`` is not a string.</doc>
<status status="PASS" start="2024-06-02T01:08:37.785959" elapsed="0.000355"/>
</kw>
<kw name="Should Match Regexp" owner="BuiltIn">
<arg>${json_data['results'][0]['email']}</arg>
<arg>^[a-zA-Z0-9._%+-]+@[a-zA-Z0-9.-]+\.[a-zA-Z]{2,}$</arg>
<doc>Fails if ``string`` does not match ``pattern`` as a regular expression.</doc>
<status status="PASS" start="2024-06-02T01:08:37.786507" elapsed="0.000638"/>
</kw>
<kw name="Should Match Regexp" owner="BuiltIn">
<arg>${json_data['results'][0]['dob']['date']}</arg>
<arg>\\d{4}-\\d{2}-\\d{2}T\\d{2}:\\d{2}:\\d{2}\\.\\d{3}Z</arg>
<doc>Fails if ``string`` does not match ``pattern`` as a regular expression.</doc>
<status status="PASS" start="2024-06-02T01:08:37.787345" elapsed="0.000492"/>
</kw>
<kw name="Should Match Regexp" owner="BuiltIn">
<arg>${json_data['results'][0]['registered']['date']}</arg>
<arg>\\d{4}-\\d{2}-\\d{2}T\\d{2}:\\d{2}:\\d{2}\\.\\d{3}Z</arg>
<doc>Fails if ``string`` does not match ``pattern`` as a regular expression.</doc>
<status status="PASS" start="2024-06-02T01:08:37.788033" elapsed="0.000416"/>
</kw>
<kw name="Should Match Regexp" owner="BuiltIn">
<arg>${json_data['results'][0]['picture']['large']}</arg>
<arg>^https?://.*\.(?:png|jpe?g|gif|bmp)$</arg>
<doc>Fails if ``string`` does not match ``pattern`` as a regular expression.</doc>
<status status="PASS" start="2024-06-02T01:08:37.788647" elapsed="0.000467"/>
</kw>
<kw name="Should Match Regexp" owner="BuiltIn">
<arg>${json_data['results'][0]['picture']['medium']}</arg>
<arg>^https?://.*\.(?:png|jpe?g|gif|bmp)$</arg>
<doc>Fails if ``string`` does not match ``pattern`` as a regular expression.</doc>
<status status="PASS" start="2024-06-02T01:08:37.789311" elapsed="0.000353"/>
</kw>
<kw name="Should Match Regexp" owner="BuiltIn">
<arg>${json_data['results'][0]['picture']['thumbnail']}</arg>
<arg>^https?://.*\.(?:png|jpe?g|gif|bmp)$</arg>
<doc>Fails if ``string`` does not match ``pattern`` as a regular expression.</doc>
<status status="PASS" start="2024-06-02T01:08:37.789852" elapsed="0.000346"/>
</kw>
<kw name="Log" owner="BuiltIn">
<msg time="2024-06-02T01:08:37.790714" level="INFO">{'large': 'https://randomuser.me/api/portraits/men/29.jpg', 'medium': 'https://randomuser.me/api/portraits/med/men/29.jpg', 'thumbnail': 'https://randomuser.me/api/portraits/thumb/men/29.jpg'}</msg>
<arg>${json_data['results'][0]['picture']}</arg>
<doc>Logs the given message with the given level.</doc>
<status status="PASS" start="2024-06-02T01:08:37.790390" elapsed="0.000366"/>
</kw>
<status status="PASS" start="2024-06-02T01:08:37.692923" elapsed="0.098084"/>
</kw>
<kw name="Teste de Tipos de Dados - Postcode" owner="random-user-service">
<kw name="GET On Session" owner="RequestsLibrary">
<msg time="2024-06-02T01:08:37.864861" level="INFO">GET Request : url=https://randomuser.me/api 
 path_url=/api 
 headers={'User-Agent': 'python-requests/2.32.3', 'Accept-Encoding': 'gzip, deflate', 'Accept': '*/*', 'Connection': 'keep-alive'} 
 body=None 
 </msg>
<msg time="2024-06-02T01:08:37.864943" level="INFO">GET Response : url=https://randomuser.me/api 
 status=200, reason=OK 
 headers={'Date': 'Sun, 02 Jun 2024 01:08:37 GMT', 'Content-Type': 'application/json; charset=utf-8', 'Transfer-Encoding': 'chunked', 'Connection': 'keep-alive', 'X-Powered-By': 'Express', 'Access-Control-Allow-Origin': '*', 'Cache-Control': 'no-cache', 'ETag': 'W/"4ac-6XK7Bu66+nqhzAmcomrVXpfjUrk"', 'Vary': 'Accept-Encoding', 'Content-Encoding': 'gzip', 'CF-Cache-Status': 'DYNAMIC', 'Report-To': '{"endpoints":[{"url":"https:\\/\\/a.nel.cloudflare.com\\/report\\/v4?s=fNjFO3if64q3RiAG2KaFfN0qZxwiRGZugAYT293LtAW0tlUOxZ12zowUM1e8nXsQTV1DfZ0mYMFQDRYC%2BOBkG2LQpiB1gR5RBqKWxLE62i3x4ge%2FQSyhBDNLct7%2B1ED3"}],"group":"cf-nel","max_age":604800}', 'NEL': '{"success_fraction":0,"report_to":"cf-nel","max_age":604800}', 'Server': 'cloudflare', 'CF-RAY': '88d38da83ab75b29-IAD', 'alt-svc': 'h3=":443"; ma=86400'} 
 body={"results":[{"gender":"male","name":{"title":"Mr","first":"Arcelino","last":"Gomes"},"location":{"street":{"number":1914,"name":"Avenida D. Pedro Ii"},"city":"Ferraz de Vasconcelos","state":"Goiás","country":"Brazil","postcode":62108,"coordinates":{"latitude":"-78.7098","longitude":"-153.6089"},"timezone":{"offset":"+9:00","description":"Tokyo, Seoul, Osaka, Sapporo, Yakutsk"}},"email":"arcelino.gomes@example.com","login":{"uuid":"17e30549-48ee-4252-b2b3-51832398366f","username":"sadelephant411","password":"billabon","salt":"rI36ktlQ","md5":"599495193e583858727e4ac19ba84a6e","sha1":"49c054ca7129041174e880d6f7025247ab4dcacd","sha256":"f88d630f0392c29000ef82337cdcd008912eb1e09a7be49d557fabf8fa11f70c"},"dob":{"date":"1951-08-11T17:16:21.147Z","age":72},"registered":{"date":"2013-07-07T05:27:20.911Z","age":10},"phone":"(11) 5513-4912","cell":"(01) 7077-5769","id":{"name":"CPF","value":"312.382.912-76"},"picture":{"large":"https://randomuser.me/api/portraits/men/20.jpg","medium":"https://randomuser.me/api/portraits/med/men/20.jpg","thumbnail":"https://randomuser.me/api/portraits/thumb/men/20.jpg"},"nat":"BR"}],"info":{"seed":"f34f8ecd91778bb1","results":1,"page":1,"version":"1.4"}} 
 </msg>
<msg time="2024-06-02T01:08:37.865014" level="INFO">/opt/hostedtoolcache/Python/3.12.3/x64/lib/python3.12/site-packages/urllib3/connectionpool.py:1103: InsecureRequestWarning: Unverified HTTPS request is being made to host 'randomuser.me'. Adding certificate verification is strongly advised. See: https://urllib3.readthedocs.io/en/latest/advanced-usage.html#tls-warnings
  warnings.warn(</msg>
<msg time="2024-06-02T01:08:37.865119" level="INFO">${response} = &lt;Response [200]&gt;</msg>
<var>${response}</var>
<arg>consultarAPI</arg>
<arg>/api</arg>
<doc>Sends a GET request on a previously created HTTP Session.</doc>
<status status="PASS" start="2024-06-02T01:08:37.791446" elapsed="0.073715"/>
</kw>
<kw name="Set Variable" owner="BuiltIn">
<msg time="2024-06-02T01:08:37.866095" level="INFO">${json_data} = {'results': [{'gender': 'male', 'name': {'title': 'Mr', 'first': 'Arcelino', 'last': 'Gomes'}, 'location': {'street': {'number': 1914, 'name': 'Avenida D. Pedro Ii'}, 'city': 'Ferraz de Vasconcelos', ...</msg>
<var>${json_data}</var>
<arg>${response.json()}</arg>
<doc>Returns the given values which can then be assigned to a variables.</doc>
<status status="PASS" start="2024-06-02T01:08:37.865621" elapsed="0.000503"/>
</kw>
<kw name="Log" owner="BuiltIn">
<msg time="2024-06-02T01:08:37.866590" level="INFO">{'results': [{'gender': 'male', 'name': {'title': 'Mr', 'first': 'Arcelino', 'last': 'Gomes'}, 'location': {'street': {'number': 1914, 'name': 'Avenida D. Pedro Ii'}, 'city': 'Ferraz de Vasconcelos', 'state': 'Goiás', 'country': 'Brazil', 'postcode': 62108, 'coordinates': {'latitude': '-78.7098', 'longitude': '-153.6089'}, 'timezone': {'offset': '+9:00', 'description': 'Tokyo, Seoul, Osaka, Sapporo, Yakutsk'}}, 'email': 'arcelino.gomes@example.com', 'login': {'uuid': '17e30549-48ee-4252-b2b3-51832398366f', 'username': 'sadelephant411', 'password': 'billabon', 'salt': 'rI36ktlQ', 'md5': '599495193e583858727e4ac19ba84a6e', 'sha1': '49c054ca7129041174e880d6f7025247ab4dcacd', 'sha256': 'f88d630f0392c29000ef82337cdcd008912eb1e09a7be49d557fabf8fa11f70c'}, 'dob': {'date': '1951-08-11T17:16:21.147Z', 'age': 72}, 'registered': {'date': '2013-07-07T05:27:20.911Z', 'age': 10}, 'phone': '(11) 5513-4912', 'cell': '(01) 7077-5769', 'id': {'name': 'CPF', 'value': '312.382.912-76'}, 'picture': {'large': 'https://randomuser.me/api/portraits/men/20.jpg', 'medium': 'https://randomuser.me/api/portraits/med/men/20.jpg', 'thumbnail': 'https://randomuser.me/api/portraits/thumb/men/20.jpg'}, 'nat': 'BR'}], 'info': {'seed': 'f34f8ecd91778bb1', 'results': 1, 'page': 1, 'version': '1.4'}}</msg>
<arg>${json_data}</arg>
<doc>Logs the given message with the given level.</doc>
<status status="PASS" start="2024-06-02T01:08:37.866429" elapsed="0.000243"/>
</kw>
<kw name="Should Be Equal As Numbers" owner="BuiltIn">
<arg>${json_data['results'][0]['location']['postcode']}</arg>
<arg>${json_data['results'][0]['location']['postcode']}</arg>
<doc>Fails if objects are unequal after converting them to real numbers.</doc>
<status status="PASS" start="2024-06-02T01:08:37.866976" elapsed="0.000623"/>
</kw>
<kw name="Log" owner="BuiltIn">
<msg time="2024-06-02T01:08:37.868132" level="INFO">62108</msg>
<arg>${json_data['results'][0]['location']['postcode']}</arg>
<doc>Logs the given message with the given level.</doc>
<status status="PASS" start="2024-06-02T01:08:37.867794" elapsed="0.000379"/>
</kw>
<status status="PASS" start="2024-06-02T01:08:37.791222" elapsed="0.077246"/>
</kw>
<doc>Testa se os tipos de dados na resposta da API estão corretos.</doc>
<tag>testeTiposDados</tag>
<status status="PASS" start="2024-06-02T01:08:37.692454" elapsed="0.176181"/>
</test>
<test id="s1-s1-t5" name="Validar conteudo" line="35">
<kw name="Teste de Tipos de Conteudo" owner="random-user-service">
<kw name="GET On Session" owner="RequestsLibrary">
<msg time="2024-06-02T01:08:37.966881" level="INFO">GET Request : url=https://randomuser.me/api 
 path_url=/api 
 headers={'User-Agent': 'python-requests/2.32.3', 'Accept-Encoding': 'gzip, deflate', 'Accept': '*/*', 'Connection': 'keep-alive'} 
 body=None 
 </msg>
<msg time="2024-06-02T01:08:37.966954" level="INFO">GET Response : url=https://randomuser.me/api 
 status=200, reason=OK 
 headers={'Date': 'Sun, 02 Jun 2024 01:08:37 GMT', 'Content-Type': 'application/json; charset=utf-8', 'Transfer-Encoding': 'chunked', 'Connection': 'keep-alive', 'X-Powered-By': 'Express', 'Access-Control-Allow-Origin': '*', 'Cache-Control': 'no-cache', 'ETag': 'W/"49a-bPhzD5IP/Vr/JQsXxK/kjEfiWJI"', 'Vary': 'Accept-Encoding', 'Content-Encoding': 'gzip', 'CF-Cache-Status': 'DYNAMIC', 'Report-To': '{"endpoints":[{"url":"https:\\/\\/a.nel.cloudflare.com\\/report\\/v4?s=vfKVt8Lhr3fz14xbAZRD1UuVd%2B4a6WgJdYZ2zROu2U9BX1XfSZ1sdGagB1sI6GIulNwkTEFy0WryEBiHXcXr2KZlu77zhw%2Fxj6fCkCNG2UqGBjrA1bPz5pZi2wIqo0io"}],"group":"cf-nel","max_age":604800}', 'NEL': '{"success_fraction":0,"report_to":"cf-nel","max_age":604800}', 'Server': 'cloudflare', 'CF-RAY': '88d38da8bb2c5b29-IAD', 'alt-svc': 'h3=":443"; ma=86400'} 
 body={"results":[{"gender":"male","name":{"title":"Mr","first":"Domas","last":"Mæland"},"location":{"street":{"number":1248,"name":"Johan Scharffenbergs vei"},"city":"Hålandsmarka","state":"Hordaland","country":"Norway","postcode":"0771","coordinates":{"latitude":"46.3594","longitude":"-170.9482"},"timezone":{"offset":"+1:00","description":"Brussels, Copenhagen, Madrid, Paris"}},"email":"domas.maeland@example.com","login":{"uuid":"3971655e-a75a-4d81-af84-365655fa9fac","username":"orangeelephant276","password":"xxxxxx1","salt":"QCuO1IhP","md5":"a2cee4cc96ff3e7eb496442ef5b6dbf2","sha1":"d385c21c6a1d80e97d2ade119019ebb4e246757b","sha256":"0f2c95451c0d0d39d1dcbcddec6b2d9789dec49eb74f1d511d21c28c4ab9dc94"},"dob":{"date":"1969-06-01T03:52:24.114Z","age":55},"registered":{"date":"2009-08-23T00:11:22.082Z","age":14},"phone":"53965967","cell":"97348656","id":{"name":"FN","value":"01066921774"},"picture":{"large":"https://randomuser.me/api/portraits/men/37.jpg","medium":"https://randomuser.me/api/portraits/med/men/37.jpg","thumbnail":"https://randomuser.me/api/portraits/thumb/men/37.jpg"},"nat":"NO"}],"info":{"seed":"1057bed346f74215","results":1,"page":1,"version":"1.4"}} 
 </msg>
<msg time="2024-06-02T01:08:37.967014" level="INFO">/opt/hostedtoolcache/Python/3.12.3/x64/lib/python3.12/site-packages/urllib3/connectionpool.py:1103: InsecureRequestWarning: Unverified HTTPS request is being made to host 'randomuser.me'. Adding certificate verification is strongly advised. See: https://urllib3.readthedocs.io/en/latest/advanced-usage.html#tls-warnings
  warnings.warn(</msg>
<msg time="2024-06-02T01:08:37.967112" level="INFO">${response} = &lt;Response [200]&gt;</msg>
<var>${response}</var>
<arg>consultarAPI</arg>
<arg>/api</arg>
<doc>Sends a GET request on a previously created HTTP Session.</doc>
<status status="PASS" start="2024-06-02T01:08:37.871157" elapsed="0.095980"/>
</kw>
<kw name="Set Variable" owner="BuiltIn">
<msg time="2024-06-02T01:08:37.968049" level="INFO">${json_data} = {'results': [{'gender': 'male', 'name': {'title': 'Mr', 'first': 'Domas', 'last': 'Mæland'}, 'location': {'street': {'number': 1248, 'name': 'Johan Scharffenbergs vei'}, 'city': 'Hålandsmarka', 'state...</msg>
<var>${json_data}</var>
<arg>${response.json()}</arg>
<doc>Returns the given values which can then be assigned to a variables.</doc>
<status status="PASS" start="2024-06-02T01:08:37.967577" elapsed="0.000502"/>
</kw>
<kw name="Set Variable" owner="BuiltIn">
<msg time="2024-06-02T01:08:37.968816" level="INFO">${name_title} = Mr</msg>
<var>${name_title}</var>
<arg>${json_data["results"][0]["name"]["title"]}</arg>
<doc>Returns the given values which can then be assigned to a variables.</doc>
<status status="PASS" start="2024-06-02T01:08:37.968424" elapsed="0.000417"/>
</kw>
<kw name="Create List" owner="BuiltIn">
<msg time="2024-06-02T01:08:37.969290" level="INFO">${allowed_titles} = ['Mr', 'Ms', 'Miss', 'Mrs', 'Madame', 'Monsieur']</msg>
<var>${allowed_titles}</var>
<arg>Mr</arg>
<arg>Ms</arg>
<arg>Miss</arg>
<arg>Mrs</arg>
<arg>Madame</arg>
<arg>Monsieur</arg>
<doc>Returns a list containing given items.</doc>
<status status="PASS" start="2024-06-02T01:08:37.969140" elapsed="0.000174"/>
</kw>
<kw name="List Should Contain Value" owner="Collections">
<msg time="2024-06-02T01:08:37.969791" level="INFO">False</msg>
<arg>${allowed_titles}</arg>
<arg>${name_title}</arg>
<doc>Fails if the ``value`` is not found from ``list``.</doc>
<status status="PASS" start="2024-06-02T01:08:37.969618" elapsed="0.000209"/>
</kw>
<kw name="Set Variable" owner="BuiltIn">
<msg time="2024-06-02T01:08:37.970652" level="INFO">${name_country} = NO</msg>
<var>${name_country}</var>
<arg>${json_data["results"][0]["nat"]}</arg>
<doc>Returns the given values which can then be assigned to a variables.</doc>
<status status="PASS" start="2024-06-02T01:08:37.970120" elapsed="0.000558"/>
</kw>
<kw name="Create List" owner="BuiltIn">
<msg time="2024-06-02T01:08:37.971580" level="INFO">${list_country} = ['AD', 'AE', 'AF', 'AG', 'AI', 'AL', 'AM', 'AO', 'AQ', 'AR', 'AS', 'AT', 'AU', 'AW', 'AX', 'AZ', 'BA', 'BB', 'BD', 'BE', 'BF', 'BG', 'BH', 'BI', 'BJ', 'BL', 'BM', 'BN', 'BO', 'BQ', 'BR', 'BS', 'BT', '...</msg>
<var>${list_country}</var>
<arg>AD</arg>
<arg>AE</arg>
<arg>AF</arg>
<arg>AG</arg>
<arg>AI</arg>
<arg>AL</arg>
<arg>AM</arg>
<arg>AO</arg>
<arg>AQ</arg>
<arg>AR</arg>
<arg>AS</arg>
<arg>AT</arg>
<arg>AU</arg>
<arg>AW</arg>
<arg>AX</arg>
<arg>AZ</arg>
<arg>BA</arg>
<arg>BB</arg>
<arg>BD</arg>
<arg>BE</arg>
<arg>BF</arg>
<arg>BG</arg>
<arg>BH</arg>
<arg>BI</arg>
<arg>BJ</arg>
<arg>BL</arg>
<arg>BM</arg>
<arg>BN</arg>
<arg>BO</arg>
<arg>BQ</arg>
<arg>BR</arg>
<arg>BS</arg>
<arg>BT</arg>
<arg>BV</arg>
<arg>BW</arg>
<arg>BY</arg>
<arg>BZ</arg>
<arg>CA</arg>
<arg>CC</arg>
<arg>CD</arg>
<arg>CF</arg>
<arg>CG</arg>
<arg>CH</arg>
<arg>CI</arg>
<arg>CK</arg>
<arg>CL</arg>
<arg>CM</arg>
<arg>CN</arg>
<arg>CO</arg>
<arg>CR</arg>
<arg>CU</arg>
<arg>CV</arg>
<arg>CW</arg>
<arg>CX</arg>
<arg>CY</arg>
<arg>CZ</arg>
<arg>DE</arg>
<arg>DJ</arg>
<arg>DK</arg>
<arg>DM</arg>
<arg>DO</arg>
<arg>DZ</arg>
<arg>EC</arg>
<arg>EE</arg>
<arg>EG</arg>
<arg>EH</arg>
<arg>ER</arg>
<arg>ES</arg>
<arg>ET</arg>
<arg>FI</arg>
<arg>FJ</arg>
<arg>FK</arg>
<arg>FM</arg>
<arg>FO</arg>
<arg>FR</arg>
<arg>GA</arg>
<arg>GB</arg>
<arg>GD</arg>
<arg>GE</arg>
<arg>GF</arg>
<arg>GG</arg>
<arg>GH</arg>
<arg>GI</arg>
<arg>GL</arg>
<arg>GM</arg>
<arg>GN</arg>
<arg>GP</arg>
<arg>GQ</arg>
<arg>GR</arg>
<arg>GS</arg>
<arg>GT</arg>
<arg>GU</arg>
<arg>GW</arg>
<arg>GY</arg>
<arg>HK</arg>
<arg>HM</arg>
<arg>HN</arg>
<arg>HR</arg>
<arg>HT</arg>
<arg>HU</arg>
<arg>ID</arg>
<arg>IE</arg>
<arg>IL</arg>
<arg>IM</arg>
<arg>IN</arg>
<arg>IO</arg>
<arg>IQ</arg>
<arg>IR</arg>
<arg>IS</arg>
<arg>IT</arg>
<arg>JE</arg>
<arg>JM</arg>
<arg>JO</arg>
<arg>JP</arg>
<arg>KE</arg>
<arg>KG</arg>
<arg>KH</arg>
<arg>KI</arg>
<arg>KM</arg>
<arg>KN</arg>
<arg>KP</arg>
<arg>KR</arg>
<arg>KW</arg>
<arg>KY</arg>
<arg>KZ</arg>
<arg>LA</arg>
<arg>LB</arg>
<arg>LC</arg>
<arg>LI</arg>
<arg>LK</arg>
<arg>LR</arg>
<arg>LS</arg>
<arg>LT</arg>
<arg>LU</arg>
<arg>LV</arg>
<arg>LY</arg>
<arg>MA</arg>
<arg>MC</arg>
<arg>MD</arg>
<arg>ME</arg>
<arg>MF</arg>
<arg>MG</arg>
<arg>MH</arg>
<arg>MK</arg>
<arg>ML</arg>
<arg>MM</arg>
<arg>MN</arg>
<arg>MO</arg>
<arg>MP</arg>
<arg>MQ</arg>
<arg>MR</arg>
<arg>MS</arg>
<arg>MT</arg>
<arg>MU</arg>
<arg>MV</arg>
<arg>MW</arg>
<arg>MX</arg>
<arg>MY</arg>
<arg>MZ</arg>
<arg>NA</arg>
<arg>NC</arg>
<arg>NE</arg>
<arg>NF</arg>
<arg>NG</arg>
<arg>NI</arg>
<arg>NL</arg>
<arg>NO</arg>
<arg>NP</arg>
<arg>NR</arg>
<arg>NU</arg>
<arg>NZ</arg>
<arg>OM</arg>
<arg>PA</arg>
<arg>PE</arg>
<arg>PF</arg>
<arg>PG</arg>
<arg>PH</arg>
<arg>PK</arg>
<arg>PL</arg>
<arg>PM</arg>
<arg>PN</arg>
<arg>PR</arg>
<arg>PS</arg>
<arg>PT</arg>
<arg>PW</arg>
<arg>PY</arg>
<arg>QA</arg>
<arg>RE</arg>
<arg>RO</arg>
<arg>RS</arg>
<arg>RU</arg>
<arg>RW</arg>
<arg>SA</arg>
<arg>SB</arg>
<arg>SC</arg>
<arg>SD</arg>
<arg>SE</arg>
<arg>SG</arg>
<arg>SH</arg>
<arg>SI</arg>
<arg>SJ</arg>
<arg>SK</arg>
<arg>SL</arg>
<arg>SM</arg>
<arg>SN</arg>
<arg>SO</arg>
<arg>SR</arg>
<arg>SS</arg>
<arg>ST</arg>
<arg>SV</arg>
<arg>SX</arg>
<arg>SY</arg>
<arg>SZ</arg>
<arg>TC</arg>
<arg>TD</arg>
<arg>TF</arg>
<arg>TG</arg>
<arg>TH</arg>
<arg>TJ</arg>
<arg>TK</arg>
<arg>TL</arg>
<arg>TM</arg>
<arg>TN</arg>
<arg>TO</arg>
<arg>TR</arg>
<arg>TT</arg>
<arg>TV</arg>
<arg>TW</arg>
<arg>TZ</arg>
<arg>UA</arg>
<arg>UG</arg>
<arg>UM</arg>
<arg>US</arg>
<arg>UY</arg>
<arg>UZ</arg>
<arg>VA</arg>
<arg>VC</arg>
<arg>VE</arg>
<arg>VG</arg>
<arg>VI</arg>
<arg>VN</arg>
<arg>VU</arg>
<arg>WF</arg>
<arg>WS</arg>
<arg>XK</arg>
<arg>YE</arg>
<arg>YT</arg>
<arg>ZA</arg>
<arg>ZM</arg>
<arg>ZW</arg>
<doc>Returns a list containing given items.</doc>
<status status="PASS" start="2024-06-02T01:08:37.970986" elapsed="0.000619"/>
</kw>
<kw name="List Should Contain Value" owner="Collections">
<msg time="2024-06-02T01:08:37.972615" level="INFO">False</msg>
<arg>${list_country}</arg>
<arg>${name_country}</arg>
<doc>Fails if the ``value`` is not found from ``list``.</doc>
<status status="PASS" start="2024-06-02T01:08:37.972411" elapsed="0.000240"/>
</kw>
<kw name="Run Keyword If" owner="BuiltIn">
<kw name="Should Be True" owner="BuiltIn">
<arg>${True}</arg>
<doc>Fails if the given condition is not true.</doc>
<status status="PASS" start="2024-06-02T01:08:37.973726" elapsed="0.000144"/>
</kw>
<arg>${json_data["results"][0]["location"]["coordinates"]["latitude"]} &gt;= -90 and ${json_data["results"][0]["location"]["coordinates"]["latitude"]} &lt;= 90</arg>
<arg>Should Be True</arg>
<arg>${True}</arg>
<doc>Runs the given keyword with the given arguments, if ``condition`` is true.</doc>
<status status="PASS" start="2024-06-02T01:08:37.972973" elapsed="0.001026"/>
</kw>
<kw name="Run Keyword If" owner="BuiltIn">
<kw name="Should Be True" owner="BuiltIn">
<arg>${True}</arg>
<doc>Fails if the given condition is not true.</doc>
<status status="PASS" start="2024-06-02T01:08:37.974881" elapsed="0.000138"/>
</kw>
<arg>${json_data["results"][0]["location"]["coordinates"]["longitude"]} &gt;= -180 and ${json_data["results"][0]["location"]["coordinates"]["longitude"]} &lt;= 180</arg>
<arg>Should Be True</arg>
<arg>${True}</arg>
<doc>Runs the given keyword with the given arguments, if ``condition`` is true.</doc>
<status status="PASS" start="2024-06-02T01:08:37.974190" elapsed="0.000951"/>
</kw>
<status status="PASS" start="2024-06-02T01:08:37.870920" elapsed="0.104351"/>
</kw>
<doc>Testa o conteúdo específico dos campos retornados pela API.</doc>
<tag>testeConteudo</tag>
<status status="PASS" start="2024-06-02T01:08:37.870372" elapsed="0.105045"/>
</test>
<status status="PASS" start="2024-06-02T01:08:36.983978" elapsed="0.993413"/>
</suite>
<status status="PASS" start="2024-06-02T01:08:36.970401" elapsed="1.012136"/>
</suite>
<statistics>
<total>
<stat pass="5" fail="0" skip="0">All Tests</stat>
</total>
<tag>
<stat pass="1" fail="0" skip="0">testeConteudo</stat>
<stat pass="1" fail="0" skip="0">testeEstruturaResposta</stat>
<stat pass="1" fail="0" skip="0">testeRequisicaoBasica</stat>
<stat pass="1" fail="0" skip="0">testeTiposDados</stat>
</tag>
<suite>
<stat pass="5" fail="0" skip="0" id="s1" name="Tests">Tests</stat>
<stat pass="5" fail="0" skip="0" id="s1-s1" name="Random-User-Test">Tests.Random-User-Test</stat>
</suite>
</statistics>
<errors>
</errors>
</robot>
