<?xml version="1.0" encoding="UTF-8"?>
<robot generator="Robot 7.0 (Python 3.12.3 on linux)" generated="2024-05-17T08:18:10.582025" rpa="false" schemaversion="5">
<suite id="s1" name="Tests" source="/home/runner/work/DesafioQAItauRogerioJordao/DesafioQAItauRogerioJordao/RamdonUser/tests">
<suite id="s1-s1" name="Random-User-Test" source="/home/runner/work/DesafioQAItauRogerioJordao/DesafioQAItauRogerioJordao/RamdonUser/tests/random-user-test.robot">
<test id="s1-s1-t1" name="Conectar" line="13">
<kw name="Conectar API" owner="random-user-service">
<kw name="Create Session" owner="RequestsLibrary">
<msg time="2024-05-17T08:18:10.969568" level="INFO">Creating Session using : alias=consultarAPI, url=https://randomuser.me/, headers={},                     cookies={}, auth=None, timeout=None, proxies=None, verify=False,                     debug=0 </msg>
<arg>consultarAPI</arg>
<arg>${URL}</arg>
<doc>Create Session: create a HTTP session to a server</doc>
<status status="PASS" start="2024-05-17T08:18:10.969371" elapsed="0.000370"/>
</kw>
<status status="PASS" start="2024-05-17T08:18:10.968426" elapsed="0.001667"/>
</kw>
<status status="PASS" start="2024-05-17T08:18:10.967820" elapsed="0.002464"/>
</test>
<test id="s1-s1-t2" name="Validar retorno 200 e JSON Válido" line="16">
<kw name="Teste de Requisicao Basica" owner="random-user-service">
<kw name="GET On Session" owner="RequestsLibrary">
<msg time="2024-05-17T08:18:11.103021" level="INFO">GET Request : url=https://randomuser.me/api 
 path_url=/api 
 headers={'User-Agent': 'python-requests/2.31.0', 'Accept-Encoding': 'gzip, deflate', 'Accept': '*/*', 'Connection': 'keep-alive'} 
 body=None 
 </msg>
<msg time="2024-05-17T08:18:11.103191" level="INFO">GET Response : url=https://randomuser.me/api 
 status=200, reason=OK 
 headers={'Date': 'Fri, 17 May 2024 08:18:11 GMT', 'Content-Type': 'application/json; charset=utf-8', 'Transfer-Encoding': 'chunked', 'Connection': 'keep-alive', 'X-Powered-By': 'Express', 'Access-Control-Allow-Origin': '*', 'Cache-Control': 'no-cache', 'ETag': 'W/"474-vNJIJmzqNsMIYj9aM9ERz7Mozyg"', 'Vary': 'Accept-Encoding', 'Content-Encoding': 'gzip', 'CF-Cache-Status': 'DYNAMIC', 'Report-To': '{"endpoints":[{"url":"https:\\/\\/a.nel.cloudflare.com\\/report\\/v4?s=EG13bFzMIGPXZuFuGgVEg%2FX%2BFdvimh3IV%2B2pAToLlpJ2CjpTREcW%2FPCVtJcyenLtPERwTvbAnTvmSikB9d9n5Zi7H39MvCu2%2BmK6g0r6Gc6vBd8s6vuy%2BzbeAvmLkkSP"}],"group":"cf-nel","max_age":604800}', 'NEL': '{"success_fraction":0,"report_to":"cf-nel","max_age":604800}', 'Server': 'cloudflare', 'CF-RAY': '88522ce2ca2c89ee-ORD', 'alt-svc': 'h3=":443"; ma=86400'} 
 body={"results":[{"gender":"male","name":{"title":"Mr","first":"Olaf","last":"Gregersen"},"location":{"street":{"number":810,"name":"Protonveien"},"city":"Lommedalen","state":"Hordaland","country":"Norway","postcode":"6854","coordinates":{"latitude":"40.1542","longitude":"-73.7124"},"timezone":{"offset":"+9:30","description":"Adelaide, Darwin"}},"email":"olaf.gregersen@example.com","login":{"uuid":"b4e1a751-2227-4210-90c7-1f1725d4c843","username":"smallladybug183","password":"030303","salt":"ihhDifaJ","md5":"7400fb6f31731ba25e27cee9d44d4925","sha1":"c88bc3b3839fd3cb197f4cff3bf781e69a6dc5bf","sha256":"c525a5996e6df543595bc51db6e47b8c58673ba18950ddec6488d8a78834fea8"},"dob":{"date":"2001-05-09T22:55:02.966Z","age":23},"registered":{"date":"2003-07-03T11:57:38.982Z","age":20},"phone":"23827522","cell":"47590335","id":{"name":"FN","value":"09050162181"},"picture":{"large":"https://randomuser.me/api/portraits/men/47.jpg","medium":"https://randomuser.me/api/portraits/med/men/47.jpg","thumbnail":"https://randomuser.me/api/portraits/thumb/men/47.jpg"},"nat":"NO"}],"info":{"seed":"e1250f129959f912","results":1,"page":1,"version":"1.4"}} 
 </msg>
<msg time="2024-05-17T08:18:11.103277" level="INFO">/opt/hostedtoolcache/Python/3.12.3/x64/lib/python3.12/site-packages/urllib3/connectionpool.py:1103: InsecureRequestWarning: Unverified HTTPS request is being made to host 'randomuser.me'. Adding certificate verification is strongly advised. See: https://urllib3.readthedocs.io/en/latest/advanced-usage.html#tls-warnings
  warnings.warn(</msg>
<msg time="2024-05-17T08:18:11.103526" level="INFO">${response} = &lt;Response [200]&gt;</msg>
<var>${response}</var>
<arg>consultarAPI</arg>
<arg>/api</arg>
<doc>Sends a GET request on a previously created HTTP Session.</doc>
<status status="PASS" start="2024-05-17T08:18:10.973014" elapsed="0.130546"/>
</kw>
<kw name="Should Be Equal As Numbers" owner="BuiltIn">
<msg time="2024-05-17T08:18:11.104577" level="INFO">Argument types are:
&lt;class 'int'&gt;
&lt;class 'str'&gt;</msg>
<arg>${response.status_code}</arg>
<arg>200</arg>
<doc>Fails if objects are unequal after converting them to real numbers.</doc>
<status status="PASS" start="2024-05-17T08:18:11.104115" elapsed="0.000529"/>
</kw>
<kw name="Log" owner="BuiltIn">
<msg time="2024-05-17T08:18:11.105335" level="INFO">200</msg>
<arg>${response.status_code}</arg>
<doc>Logs the given message with the given level.</doc>
<status status="PASS" start="2024-05-17T08:18:11.104990" elapsed="0.000387"/>
</kw>
<kw name="Set Variable" owner="BuiltIn">
<msg time="2024-05-17T08:18:11.106118" level="INFO">${json_data} = {'results': [{'gender': 'male', 'name': {'title': 'Mr', 'first': 'Olaf', 'last': 'Gregersen'}, 'location': {'street': {'number': 810, 'name': 'Protonveien'}, 'city': 'Lommedalen', 'state': 'Hordaland'...</msg>
<var>${json_data}</var>
<arg>${response.json()}</arg>
<doc>Returns the given values which can then be assigned to a variables.</doc>
<status status="PASS" start="2024-05-17T08:18:11.105683" elapsed="0.000466"/>
</kw>
<kw name="Dictionary Should Contain Key" owner="Collections">
<msg time="2024-05-17T08:18:11.106615" level="INFO">False</msg>
<arg>${json_data}</arg>
<arg>results</arg>
<doc>Fails if ``key`` is not found from ``dictionary``.</doc>
<status status="PASS" start="2024-05-17T08:18:11.106450" elapsed="0.000203"/>
</kw>
<status status="PASS" start="2024-05-17T08:18:10.972763" elapsed="0.134145"/>
</kw>
<doc>Testa se a API responde corretamente e retorna um objeto JSON válido.</doc>
<tag>testeRequisicaoBasica</tag>
<status status="PASS" start="2024-05-17T08:18:10.972213" elapsed="0.134879"/>
</test>
<test id="s1-s1-t3" name="Validar estrutura de resposta" line="22">
<kw name="Teste de Estrutura de Resposta" owner="random-user-service">
<kw name="GET On Session" owner="RequestsLibrary">
<msg time="2024-05-17T08:18:11.172745" level="INFO">GET Request : url=https://randomuser.me/api 
 path_url=/api 
 headers={'User-Agent': 'python-requests/2.31.0', 'Accept-Encoding': 'gzip, deflate', 'Accept': '*/*', 'Connection': 'keep-alive'} 
 body=None 
 </msg>
<msg time="2024-05-17T08:18:11.172819" level="INFO">GET Response : url=https://randomuser.me/api 
 status=200, reason=OK 
 headers={'Date': 'Fri, 17 May 2024 08:18:11 GMT', 'Content-Type': 'application/json; charset=utf-8', 'Transfer-Encoding': 'chunked', 'Connection': 'keep-alive', 'X-Powered-By': 'Express', 'Access-Control-Allow-Origin': '*', 'Cache-Control': 'no-cache', 'ETag': 'W/"49e-B+Se7QiVg6KKjH34BY+OpnuCyVA"', 'Vary': 'Accept-Encoding', 'Content-Encoding': 'gzip', 'CF-Cache-Status': 'DYNAMIC', 'Report-To': '{"endpoints":[{"url":"https:\\/\\/a.nel.cloudflare.com\\/report\\/v4?s=bEVwtxJ28yl8ncgUzt80PD8DWEQL5uYvXR1%2FTh186MivzqqJsFC%2FwYwuuCoqVydFG2P8zMthRMQR9o8PASSEuandG80IbYg%2Bcz2yhqOAz1Ih4z59UcaOmGEFfVkeYuIv"}],"group":"cf-nel","max_age":604800}', 'NEL': '{"success_fraction":0,"report_to":"cf-nel","max_age":604800}', 'Server': 'cloudflare', 'CF-RAY': '88522ce37a7989ee-ORD', 'alt-svc': 'h3=":443"; ma=86400'} 
 body={"results":[{"gender":"female","name":{"title":"Ms","first":"Hailey","last":"Lévesque"},"location":{"street":{"number":8814,"name":"St. Catherine St"},"city":"Odessa","state":"Alberta","country":"Canada","postcode":"X7O 9P8","coordinates":{"latitude":"-72.4446","longitude":"25.4283"},"timezone":{"offset":"+11:00","description":"Magadan, Solomon Islands, New Caledonia"}},"email":"hailey.levesque@example.com","login":{"uuid":"79efeda0-902f-41be-b6ee-40afebe3e4a3","username":"whitefish154","password":"tabasco","salt":"dl9fQ5nA","md5":"7badb6abe9f7851c32c9eb9205560c9b","sha1":"cec3f65063a9d8594a1797afcd1b00bac98f15a2","sha256":"a38eb612595e3fa9c1e21d575bfb3db8690acfcc3b5b95d014b07dd87fc3e872"},"dob":{"date":"1981-03-12T03:51:05.991Z","age":43},"registered":{"date":"2022-01-29T14:45:36.965Z","age":2},"phone":"T91 X36-2926","cell":"G32 Z41-7510","id":{"name":"SIN","value":"174228882"},"picture":{"large":"https://randomuser.me/api/portraits/women/85.jpg","medium":"https://randomuser.me/api/portraits/med/women/85.jpg","thumbnail":"https://randomuser.me/api/portraits/thumb/women/85.jpg"},"nat":"CA"}],"info":{"seed":"08d42cc749f3be6b","results":1,"page":1,"version":"1.4"}} 
 </msg>
<msg time="2024-05-17T08:18:11.172925" level="INFO">/opt/hostedtoolcache/Python/3.12.3/x64/lib/python3.12/site-packages/urllib3/connectionpool.py:1103: InsecureRequestWarning: Unverified HTTPS request is being made to host 'randomuser.me'. Adding certificate verification is strongly advised. See: https://urllib3.readthedocs.io/en/latest/advanced-usage.html#tls-warnings
  warnings.warn(</msg>
<msg time="2024-05-17T08:18:11.173029" level="INFO">${response} = &lt;Response [200]&gt;</msg>
<var>${response}</var>
<arg>consultarAPI</arg>
<arg>/api</arg>
<doc>Sends a GET request on a previously created HTTP Session.</doc>
<status status="PASS" start="2024-05-17T08:18:11.109736" elapsed="0.063334"/>
</kw>
<kw name="Set Variable" owner="BuiltIn">
<msg time="2024-05-17T08:18:11.173943" level="INFO">${json_data} = {'results': [{'gender': 'female', 'name': {'title': 'Ms', 'first': 'Hailey', 'last': 'Lévesque'}, 'location': {'street': {'number': 8814, 'name': 'St. Catherine St'}, 'city': 'Odessa', 'state': 'Alber...</msg>
<var>${json_data}</var>
<arg>${response.json()}</arg>
<doc>Returns the given values which can then be assigned to a variables.</doc>
<status status="PASS" start="2024-05-17T08:18:11.173474" elapsed="0.000500"/>
</kw>
<kw name="Log" owner="BuiltIn">
<msg time="2024-05-17T08:18:11.174436" level="INFO">{'results': [{'gender': 'female', 'name': {'title': 'Ms', 'first': 'Hailey', 'last': 'Lévesque'}, 'location': {'street': {'number': 8814, 'name': 'St. Catherine St'}, 'city': 'Odessa', 'state': 'Alberta', 'country': 'Canada', 'postcode': 'X7O 9P8', 'coordinates': {'latitude': '-72.4446', 'longitude': '25.4283'}, 'timezone': {'offset': '+11:00', 'description': 'Magadan, Solomon Islands, New Caledonia'}}, 'email': 'hailey.levesque@example.com', 'login': {'uuid': '79efeda0-902f-41be-b6ee-40afebe3e4a3', 'username': 'whitefish154', 'password': 'tabasco', 'salt': 'dl9fQ5nA', 'md5': '7badb6abe9f7851c32c9eb9205560c9b', 'sha1': 'cec3f65063a9d8594a1797afcd1b00bac98f15a2', 'sha256': 'a38eb612595e3fa9c1e21d575bfb3db8690acfcc3b5b95d014b07dd87fc3e872'}, 'dob': {'date': '1981-03-12T03:51:05.991Z', 'age': 43}, 'registered': {'date': '2022-01-29T14:45:36.965Z', 'age': 2}, 'phone': 'T91 X36-2926', 'cell': 'G32 Z41-7510', 'id': {'name': 'SIN', 'value': '174228882'}, 'picture': {'large': 'https://randomuser.me/api/portraits/women/85.jpg', 'medium': 'https://randomuser.me/api/portraits/med/women/85.jpg', 'thumbnail': 'https://randomuser.me/api/portraits/thumb/women/85.jpg'}, 'nat': 'CA'}], 'info': {'seed': '08d42cc749f3be6b', 'results': 1, 'page': 1, 'version': '1.4'}}</msg>
<arg>${json_data}</arg>
<doc>Logs the given message with the given level.</doc>
<status status="PASS" start="2024-05-17T08:18:11.174275" elapsed="0.000210"/>
</kw>
<kw name="Dictionary Should Contain Key" owner="Collections">
<msg time="2024-05-17T08:18:11.174932" level="INFO">False</msg>
<arg>${json_data}</arg>
<arg>results</arg>
<doc>Fails if ``key`` is not found from ``dictionary``.</doc>
<status status="PASS" start="2024-05-17T08:18:11.174780" elapsed="0.000204"/>
</kw>
<kw name="Should Not Be Empty" owner="BuiltIn">
<msg time="2024-05-17T08:18:11.175409" level="INFO">Length is 2.</msg>
<arg>${json_data}</arg>
<doc>Verifies that the given item is not empty.</doc>
<status status="PASS" start="2024-05-17T08:18:11.175277" elapsed="0.000170"/>
</kw>
<kw name="Create List" owner="BuiltIn">
<msg time="2024-05-17T08:18:11.176092" level="INFO">${expected_keys} = ['gender', 'name', 'location', 'email', 'login']</msg>
<var>${expected_keys}</var>
<arg>gender</arg>
<arg>name</arg>
<arg>location</arg>
<arg>email</arg>
<arg>login</arg>
<doc>Returns a list containing given items.</doc>
<status status="PASS" start="2024-05-17T08:18:11.175774" elapsed="0.000342"/>
</kw>
<for flavor="IN">
<iter>
<kw name="Dictionary Should Contain Key" owner="Collections">
<msg time="2024-05-17T08:18:11.177108" level="INFO">False</msg>
<arg>${json_data['results'][0]}</arg>
<arg>${key}</arg>
<doc>Fails if ``key`` is not found from ``dictionary``.</doc>
<status status="PASS" start="2024-05-17T08:18:11.176704" elapsed="0.000441"/>
</kw>
<kw name="Log" owner="BuiltIn">
<msg time="2024-05-17T08:18:11.177811" level="INFO">{'gender': 'female', 'name': {'title': 'Ms', 'first': 'Hailey', 'last': 'Lévesque'}, 'location': {'street': {'number': 8814, 'name': 'St. Catherine St'}, 'city': 'Odessa', 'state': 'Alberta', 'country': 'Canada', 'postcode': 'X7O 9P8', 'coordinates': {'latitude': '-72.4446', 'longitude': '25.4283'}, 'timezone': {'offset': '+11:00', 'description': 'Magadan, Solomon Islands, New Caledonia'}}, 'email': 'hailey.levesque@example.com', 'login': {'uuid': '79efeda0-902f-41be-b6ee-40afebe3e4a3', 'username': 'whitefish154', 'password': 'tabasco', 'salt': 'dl9fQ5nA', 'md5': '7badb6abe9f7851c32c9eb9205560c9b', 'sha1': 'cec3f65063a9d8594a1797afcd1b00bac98f15a2', 'sha256': 'a38eb612595e3fa9c1e21d575bfb3db8690acfcc3b5b95d014b07dd87fc3e872'}, 'dob': {'date': '1981-03-12T03:51:05.991Z', 'age': 43}, 'registered': {'date': '2022-01-29T14:45:36.965Z', 'age': 2}, 'phone': 'T91 X36-2926', 'cell': 'G32 Z41-7510', 'id': {'name': 'SIN', 'value': '174228882'}, 'picture': {'large': 'https://randomuser.me/api/portraits/women/85.jpg', 'medium': 'https://randomuser.me/api/portraits/med/women/85.jpg', 'thumbnail': 'https://randomuser.me/api/portraits/thumb/women/85.jpg'}, 'nat': 'CA'}</msg>
<arg>${json_data['results'][0]}</arg>
<doc>Logs the given message with the given level.</doc>
<status status="PASS" start="2024-05-17T08:18:11.177445" elapsed="0.000425"/>
</kw>
<kw name="Log" owner="BuiltIn">
<msg time="2024-05-17T08:18:11.178290" level="INFO">gender</msg>
<arg>${key}</arg>
<doc>Logs the given message with the given level.</doc>
<status status="PASS" start="2024-05-17T08:18:11.178165" elapsed="0.000162"/>
</kw>
<var name="${key}">gender</var>
<status status="PASS" start="2024-05-17T08:18:11.176579" elapsed="0.001958"/>
</iter>
<iter>
<kw name="Dictionary Should Contain Key" owner="Collections">
<msg time="2024-05-17T08:18:11.179215" level="INFO">False</msg>
<arg>${json_data['results'][0]}</arg>
<arg>${key}</arg>
<doc>Fails if ``key`` is not found from ``dictionary``.</doc>
<status status="PASS" start="2024-05-17T08:18:11.178837" elapsed="0.000415"/>
</kw>
<kw name="Log" owner="BuiltIn">
<msg time="2024-05-17T08:18:11.179968" level="INFO">{'gender': 'female', 'name': {'title': 'Ms', 'first': 'Hailey', 'last': 'Lévesque'}, 'location': {'street': {'number': 8814, 'name': 'St. Catherine St'}, 'city': 'Odessa', 'state': 'Alberta', 'country': 'Canada', 'postcode': 'X7O 9P8', 'coordinates': {'latitude': '-72.4446', 'longitude': '25.4283'}, 'timezone': {'offset': '+11:00', 'description': 'Magadan, Solomon Islands, New Caledonia'}}, 'email': 'hailey.levesque@example.com', 'login': {'uuid': '79efeda0-902f-41be-b6ee-40afebe3e4a3', 'username': 'whitefish154', 'password': 'tabasco', 'salt': 'dl9fQ5nA', 'md5': '7badb6abe9f7851c32c9eb9205560c9b', 'sha1': 'cec3f65063a9d8594a1797afcd1b00bac98f15a2', 'sha256': 'a38eb612595e3fa9c1e21d575bfb3db8690acfcc3b5b95d014b07dd87fc3e872'}, 'dob': {'date': '1981-03-12T03:51:05.991Z', 'age': 43}, 'registered': {'date': '2022-01-29T14:45:36.965Z', 'age': 2}, 'phone': 'T91 X36-2926', 'cell': 'G32 Z41-7510', 'id': {'name': 'SIN', 'value': '174228882'}, 'picture': {'large': 'https://randomuser.me/api/portraits/women/85.jpg', 'medium': 'https://randomuser.me/api/portraits/med/women/85.jpg', 'thumbnail': 'https://randomuser.me/api/portraits/thumb/women/85.jpg'}, 'nat': 'CA'}</msg>
<arg>${json_data['results'][0]}</arg>
<doc>Logs the given message with the given level.</doc>
<status status="PASS" start="2024-05-17T08:18:11.179575" elapsed="0.000444"/>
</kw>
<kw name="Log" owner="BuiltIn">
<msg time="2024-05-17T08:18:11.180441" level="INFO">name</msg>
<arg>${key}</arg>
<doc>Logs the given message with the given level.</doc>
<status status="PASS" start="2024-05-17T08:18:11.180316" elapsed="0.000162"/>
</kw>
<var name="${key}">name</var>
<status status="PASS" start="2024-05-17T08:18:11.178722" elapsed="0.001968"/>
</iter>
<iter>
<kw name="Dictionary Should Contain Key" owner="Collections">
<msg time="2024-05-17T08:18:11.181414" level="INFO">False</msg>
<arg>${json_data['results'][0]}</arg>
<arg>${key}</arg>
<doc>Fails if ``key`` is not found from ``dictionary``.</doc>
<status status="PASS" start="2024-05-17T08:18:11.180979" elapsed="0.000473"/>
</kw>
<kw name="Log" owner="BuiltIn">
<msg time="2024-05-17T08:18:11.182107" level="INFO">{'gender': 'female', 'name': {'title': 'Ms', 'first': 'Hailey', 'last': 'Lévesque'}, 'location': {'street': {'number': 8814, 'name': 'St. Catherine St'}, 'city': 'Odessa', 'state': 'Alberta', 'country': 'Canada', 'postcode': 'X7O 9P8', 'coordinates': {'latitude': '-72.4446', 'longitude': '25.4283'}, 'timezone': {'offset': '+11:00', 'description': 'Magadan, Solomon Islands, New Caledonia'}}, 'email': 'hailey.levesque@example.com', 'login': {'uuid': '79efeda0-902f-41be-b6ee-40afebe3e4a3', 'username': 'whitefish154', 'password': 'tabasco', 'salt': 'dl9fQ5nA', 'md5': '7badb6abe9f7851c32c9eb9205560c9b', 'sha1': 'cec3f65063a9d8594a1797afcd1b00bac98f15a2', 'sha256': 'a38eb612595e3fa9c1e21d575bfb3db8690acfcc3b5b95d014b07dd87fc3e872'}, 'dob': {'date': '1981-03-12T03:51:05.991Z', 'age': 43}, 'registered': {'date': '2022-01-29T14:45:36.965Z', 'age': 2}, 'phone': 'T91 X36-2926', 'cell': 'G32 Z41-7510', 'id': {'name': 'SIN', 'value': '174228882'}, 'picture': {'large': 'https://randomuser.me/api/portraits/women/85.jpg', 'medium': 'https://randomuser.me/api/portraits/med/women/85.jpg', 'thumbnail': 'https://randomuser.me/api/portraits/thumb/women/85.jpg'}, 'nat': 'CA'}</msg>
<arg>${json_data['results'][0]}</arg>
<doc>Logs the given message with the given level.</doc>
<status status="PASS" start="2024-05-17T08:18:11.181750" elapsed="0.000405"/>
</kw>
<kw name="Log" owner="BuiltIn">
<msg time="2024-05-17T08:18:11.182574" level="INFO">location</msg>
<arg>${key}</arg>
<doc>Logs the given message with the given level.</doc>
<status status="PASS" start="2024-05-17T08:18:11.182449" elapsed="0.000161"/>
</kw>
<var name="${key}">location</var>
<status status="PASS" start="2024-05-17T08:18:11.180867" elapsed="0.001955"/>
</iter>
<iter>
<kw name="Dictionary Should Contain Key" owner="Collections">
<msg time="2024-05-17T08:18:11.183489" level="INFO">False</msg>
<arg>${json_data['results'][0]}</arg>
<arg>${key}</arg>
<doc>Fails if ``key`` is not found from ``dictionary``.</doc>
<status status="PASS" start="2024-05-17T08:18:11.183106" elapsed="0.000419"/>
</kw>
<kw name="Log" owner="BuiltIn">
<msg time="2024-05-17T08:18:11.184219" level="INFO">{'gender': 'female', 'name': {'title': 'Ms', 'first': 'Hailey', 'last': 'Lévesque'}, 'location': {'street': {'number': 8814, 'name': 'St. Catherine St'}, 'city': 'Odessa', 'state': 'Alberta', 'country': 'Canada', 'postcode': 'X7O 9P8', 'coordinates': {'latitude': '-72.4446', 'longitude': '25.4283'}, 'timezone': {'offset': '+11:00', 'description': 'Magadan, Solomon Islands, New Caledonia'}}, 'email': 'hailey.levesque@example.com', 'login': {'uuid': '79efeda0-902f-41be-b6ee-40afebe3e4a3', 'username': 'whitefish154', 'password': 'tabasco', 'salt': 'dl9fQ5nA', 'md5': '7badb6abe9f7851c32c9eb9205560c9b', 'sha1': 'cec3f65063a9d8594a1797afcd1b00bac98f15a2', 'sha256': 'a38eb612595e3fa9c1e21d575bfb3db8690acfcc3b5b95d014b07dd87fc3e872'}, 'dob': {'date': '1981-03-12T03:51:05.991Z', 'age': 43}, 'registered': {'date': '2022-01-29T14:45:36.965Z', 'age': 2}, 'phone': 'T91 X36-2926', 'cell': 'G32 Z41-7510', 'id': {'name': 'SIN', 'value': '174228882'}, 'picture': {'large': 'https://randomuser.me/api/portraits/women/85.jpg', 'medium': 'https://randomuser.me/api/portraits/med/women/85.jpg', 'thumbnail': 'https://randomuser.me/api/portraits/thumb/women/85.jpg'}, 'nat': 'CA'}</msg>
<arg>${json_data['results'][0]}</arg>
<doc>Logs the given message with the given level.</doc>
<status status="PASS" start="2024-05-17T08:18:11.183852" elapsed="0.000426"/>
</kw>
<kw name="Log" owner="BuiltIn">
<msg time="2024-05-17T08:18:11.184702" level="INFO">email</msg>
<arg>${key}</arg>
<doc>Logs the given message with the given level.</doc>
<status status="PASS" start="2024-05-17T08:18:11.184575" elapsed="0.000164"/>
</kw>
<var name="${key}">email</var>
<status status="PASS" start="2024-05-17T08:18:11.182995" elapsed="0.001963"/>
</iter>
<iter>
<kw name="Dictionary Should Contain Key" owner="Collections">
<msg time="2024-05-17T08:18:11.185628" level="INFO">False</msg>
<arg>${json_data['results'][0]}</arg>
<arg>${key}</arg>
<doc>Fails if ``key`` is not found from ``dictionary``.</doc>
<status status="PASS" start="2024-05-17T08:18:11.185241" elapsed="0.000423"/>
</kw>
<kw name="Log" owner="BuiltIn">
<msg time="2024-05-17T08:18:11.186316" level="INFO">{'gender': 'female', 'name': {'title': 'Ms', 'first': 'Hailey', 'last': 'Lévesque'}, 'location': {'street': {'number': 8814, 'name': 'St. Catherine St'}, 'city': 'Odessa', 'state': 'Alberta', 'country': 'Canada', 'postcode': 'X7O 9P8', 'coordinates': {'latitude': '-72.4446', 'longitude': '25.4283'}, 'timezone': {'offset': '+11:00', 'description': 'Magadan, Solomon Islands, New Caledonia'}}, 'email': 'hailey.levesque@example.com', 'login': {'uuid': '79efeda0-902f-41be-b6ee-40afebe3e4a3', 'username': 'whitefish154', 'password': 'tabasco', 'salt': 'dl9fQ5nA', 'md5': '7badb6abe9f7851c32c9eb9205560c9b', 'sha1': 'cec3f65063a9d8594a1797afcd1b00bac98f15a2', 'sha256': 'a38eb612595e3fa9c1e21d575bfb3db8690acfcc3b5b95d014b07dd87fc3e872'}, 'dob': {'date': '1981-03-12T03:51:05.991Z', 'age': 43}, 'registered': {'date': '2022-01-29T14:45:36.965Z', 'age': 2}, 'phone': 'T91 X36-2926', 'cell': 'G32 Z41-7510', 'id': {'name': 'SIN', 'value': '174228882'}, 'picture': {'large': 'https://randomuser.me/api/portraits/women/85.jpg', 'medium': 'https://randomuser.me/api/portraits/med/women/85.jpg', 'thumbnail': 'https://randomuser.me/api/portraits/thumb/women/85.jpg'}, 'nat': 'CA'}</msg>
<arg>${json_data['results'][0]}</arg>
<doc>Logs the given message with the given level.</doc>
<status status="PASS" start="2024-05-17T08:18:11.185959" elapsed="0.000405"/>
</kw>
<kw name="Log" owner="BuiltIn">
<msg time="2024-05-17T08:18:11.186792" level="INFO">login</msg>
<arg>${key}</arg>
<doc>Logs the given message with the given level.</doc>
<status status="PASS" start="2024-05-17T08:18:11.186665" elapsed="0.000163"/>
</kw>
<var name="${key}">login</var>
<status status="PASS" start="2024-05-17T08:18:11.185130" elapsed="0.001934"/>
</iter>
<var>${key}</var>
<value>@{expected_keys}</value>
<status status="PASS" start="2024-05-17T08:18:11.176386" elapsed="0.010803"/>
</for>
<kw name="Create List" owner="BuiltIn">
<msg time="2024-05-17T08:18:11.187515" level="INFO">${expected_keysTwo} = ['username', 'password']</msg>
<var>${expected_keysTwo}</var>
<arg>username</arg>
<arg>password</arg>
<doc>Returns a list containing given items.</doc>
<status status="PASS" start="2024-05-17T08:18:11.187380" elapsed="0.000159"/>
</kw>
<for flavor="IN">
<iter>
<kw name="Dictionary Should Contain Key" owner="Collections">
<msg time="2024-05-17T08:18:11.188436" level="INFO">False</msg>
<arg>${json_data['results'][0]['login']}</arg>
<arg>${keyTwo}</arg>
<doc>Fails if ``key`` is not found from ``dictionary``.</doc>
<status status="PASS" start="2024-05-17T08:18:11.188051" elapsed="0.000422"/>
</kw>
<kw name="Dictionary Should Contain Key" owner="Collections">
<msg time="2024-05-17T08:18:11.189136" level="INFO">False</msg>
<arg>${json_data['results'][0]['login']}</arg>
<arg>${keyTwo}</arg>
<doc>Fails if ``key`` is not found from ``dictionary``.</doc>
<status status="PASS" start="2024-05-17T08:18:11.188764" elapsed="0.000408"/>
</kw>
<kw name="Log" owner="BuiltIn">
<msg time="2024-05-17T08:18:11.189587" level="INFO">username</msg>
<arg>${keyTwo}</arg>
<doc>Logs the given message with the given level.</doc>
<status status="PASS" start="2024-05-17T08:18:11.189460" elapsed="0.000169"/>
</kw>
<var name="${keyTwo}">username</var>
<status status="PASS" start="2024-05-17T08:18:11.187943" elapsed="0.001900"/>
</iter>
<iter>
<kw name="Dictionary Should Contain Key" owner="Collections">
<msg time="2024-05-17T08:18:11.190497" level="INFO">False</msg>
<arg>${json_data['results'][0]['login']}</arg>
<arg>${keyTwo}</arg>
<doc>Fails if ``key`` is not found from ``dictionary``.</doc>
<status status="PASS" start="2024-05-17T08:18:11.190119" elapsed="0.000414"/>
</kw>
<kw name="Dictionary Should Contain Key" owner="Collections">
<msg time="2024-05-17T08:18:11.191274" level="INFO">False</msg>
<arg>${json_data['results'][0]['login']}</arg>
<arg>${keyTwo}</arg>
<doc>Fails if ``key`` is not found from ``dictionary``.</doc>
<status status="PASS" start="2024-05-17T08:18:11.190821" elapsed="0.000509"/>
</kw>
<kw name="Log" owner="BuiltIn">
<msg time="2024-05-17T08:18:11.191784" level="INFO">password</msg>
<arg>${keyTwo}</arg>
<doc>Logs the given message with the given level.</doc>
<status status="PASS" start="2024-05-17T08:18:11.191622" elapsed="0.000200"/>
</kw>
<var name="${keyTwo}">password</var>
<status status="PASS" start="2024-05-17T08:18:11.190011" elapsed="0.002030"/>
</iter>
<var>${keyTwo}</var>
<value>@{expected_keysTwo}</value>
<status status="PASS" start="2024-05-17T08:18:11.187792" elapsed="0.004369"/>
</for>
<status status="PASS" start="2024-05-17T08:18:11.109503" elapsed="0.082797"/>
</kw>
<doc>Testa a estrutura da resposta da API.</doc>
<tag>testeEstruturaResposta</tag>
<status status="PASS" start="2024-05-17T08:18:11.108988" elapsed="0.083465"/>
</test>
<test id="s1-s1-t4" name="Validar tipos de dados" line="28">
<kw name="Teste de Tipos de Dados" owner="random-user-service">
<kw name="GET On Session" owner="RequestsLibrary">
<msg time="2024-05-17T08:18:11.253419" level="INFO">GET Request : url=https://randomuser.me/api 
 path_url=/api 
 headers={'User-Agent': 'python-requests/2.31.0', 'Accept-Encoding': 'gzip, deflate', 'Accept': '*/*', 'Connection': 'keep-alive'} 
 body=None 
 </msg>
<msg time="2024-05-17T08:18:11.253497" level="INFO">GET Response : url=https://randomuser.me/api 
 status=200, reason=OK 
 headers={'Date': 'Fri, 17 May 2024 08:18:11 GMT', 'Content-Type': 'application/json; charset=utf-8', 'Transfer-Encoding': 'chunked', 'Connection': 'keep-alive', 'X-Powered-By': 'Express', 'Access-Control-Allow-Origin': '*', 'Cache-Control': 'no-cache', 'ETag': 'W/"4a9-CIDMYLHjz+LUiPEd5lZdVxA4FG4"', 'Vary': 'Accept-Encoding', 'Content-Encoding': 'gzip', 'CF-Cache-Status': 'DYNAMIC', 'Report-To': '{"endpoints":[{"url":"https:\\/\\/a.nel.cloudflare.com\\/report\\/v4?s=voiX%2BtFNXo0ecwx0yZzPXp87GkyWyZSxssuemniwviLzby82lsqK2CCtcz%2FfldTHJw0auUat5dHYKsffcMQ5%2BLg2OaDK6WgSYb6dc%2FoEiXeVY9SUm8uZXTuzpqlLfUNf"}],"group":"cf-nel","max_age":604800}', 'NEL': '{"success_fraction":0,"report_to":"cf-nel","max_age":604800}', 'Server': 'cloudflare', 'CF-RAY': '88522ce3fab989ee-ORD', 'alt-svc': 'h3=":443"; ma=86400'} 
 body={"results":[{"gender":"male","name":{"title":"Mr","first":"Reinier","last":"Grooten"},"location":{"street":{"number":4025,"name":"Achter de Heuvels"},"city":"Sint Hubert","state":"Gelderland","country":"Netherlands","postcode":"5056 GU","coordinates":{"latitude":"35.4406","longitude":"-51.4253"},"timezone":{"offset":"0:00","description":"Western Europe Time, London, Lisbon, Casablanca"}},"email":"reinier.grooten@example.com","login":{"uuid":"b4760c5a-6d82-47b5-8e6f-b1aa9db8efb2","username":"greenwolf723","password":"system","salt":"x2GjCTtc","md5":"2c1eacd3c9a886ad0c43a97b18ab7b00","sha1":"4b2bdeda9fe6c59553b0d620b0422f98692733d4","sha256":"5bab617669fc3c8f5d1e7cf144948c420d83cb4b184fcf166a72079fadf3782e"},"dob":{"date":"1950-09-30T23:28:55.575Z","age":73},"registered":{"date":"2015-03-19T18:22:39.428Z","age":9},"phone":"(0006) 280742","cell":"(06) 58743153","id":{"name":"BSN","value":"55548891"},"picture":{"large":"https://randomuser.me/api/portraits/men/66.jpg","medium":"https://randomuser.me/api/portraits/med/men/66.jpg","thumbnail":"https://randomuser.me/api/portraits/thumb/men/66.jpg"},"nat":"NL"}],"info":{"seed":"0c7ac052eccd6f0a","results":1,"page":1,"version":"1.4"}} 
 </msg>
<msg time="2024-05-17T08:18:11.253553" level="INFO">/opt/hostedtoolcache/Python/3.12.3/x64/lib/python3.12/site-packages/urllib3/connectionpool.py:1103: InsecureRequestWarning: Unverified HTTPS request is being made to host 'randomuser.me'. Adding certificate verification is strongly advised. See: https://urllib3.readthedocs.io/en/latest/advanced-usage.html#tls-warnings
  warnings.warn(</msg>
<msg time="2024-05-17T08:18:11.253642" level="INFO">${response} = &lt;Response [200]&gt;</msg>
<var>${response}</var>
<arg>consultarAPI</arg>
<arg>/api</arg>
<doc>Sends a GET request on a previously created HTTP Session.</doc>
<status status="PASS" start="2024-05-17T08:18:11.194872" elapsed="0.058809"/>
</kw>
<kw name="Set Variable" owner="BuiltIn">
<msg time="2024-05-17T08:18:11.254510" level="INFO">${json_data} = {'results': [{'gender': 'male', 'name': {'title': 'Mr', 'first': 'Reinier', 'last': 'Grooten'}, 'location': {'street': {'number': 4025, 'name': 'Achter de Heuvels'}, 'city': 'Sint Hubert', 'state': 'G...</msg>
<var>${json_data}</var>
<arg>${response.json()}</arg>
<doc>Returns the given values which can then be assigned to a variables.</doc>
<status status="PASS" start="2024-05-17T08:18:11.254072" elapsed="0.000466"/>
</kw>
<kw name="Log" owner="BuiltIn">
<msg time="2024-05-17T08:18:11.255000" level="INFO">{'results': [{'gender': 'male', 'name': {'title': 'Mr', 'first': 'Reinier', 'last': 'Grooten'}, 'location': {'street': {'number': 4025, 'name': 'Achter de Heuvels'}, 'city': 'Sint Hubert', 'state': 'Gelderland', 'country': 'Netherlands', 'postcode': '5056 GU', 'coordinates': {'latitude': '35.4406', 'longitude': '-51.4253'}, 'timezone': {'offset': '0:00', 'description': 'Western Europe Time, London, Lisbon, Casablanca'}}, 'email': 'reinier.grooten@example.com', 'login': {'uuid': 'b4760c5a-6d82-47b5-8e6f-b1aa9db8efb2', 'username': 'greenwolf723', 'password': 'system', 'salt': 'x2GjCTtc', 'md5': '2c1eacd3c9a886ad0c43a97b18ab7b00', 'sha1': '4b2bdeda9fe6c59553b0d620b0422f98692733d4', 'sha256': '5bab617669fc3c8f5d1e7cf144948c420d83cb4b184fcf166a72079fadf3782e'}, 'dob': {'date': '1950-09-30T23:28:55.575Z', 'age': 73}, 'registered': {'date': '2015-03-19T18:22:39.428Z', 'age': 9}, 'phone': '(0006) 280742', 'cell': '(06) 58743153', 'id': {'name': 'BSN', 'value': '55548891'}, 'picture': {'large': 'https://randomuser.me/api/portraits/men/66.jpg', 'medium': 'https://randomuser.me/api/portraits/med/men/66.jpg', 'thumbnail': 'https://randomuser.me/api/portraits/thumb/men/66.jpg'}, 'nat': 'NL'}], 'info': {'seed': '0c7ac052eccd6f0a', 'results': 1, 'page': 1, 'version': '1.4'}}</msg>
<arg>${json_data}</arg>
<doc>Logs the given message with the given level.</doc>
<status status="PASS" start="2024-05-17T08:18:11.254852" elapsed="0.000229"/>
</kw>
<kw name="Should Be String" owner="String">
<arg>${json_data['results'][0]['gender']}</arg>
<doc>Fails if the given ``item`` is not a string.</doc>
<status status="PASS" start="2024-05-17T08:18:11.255373" elapsed="0.000394"/>
</kw>
<kw name="Should Match Regexp" owner="BuiltIn">
<arg>${json_data['results'][0]['email']}</arg>
<arg>^[a-zA-Z0-9._%+-]+@[a-zA-Z0-9.-]+\.[a-zA-Z]{2,}$</arg>
<doc>Fails if ``string`` does not match ``pattern`` as a regular expression.</doc>
<status status="PASS" start="2024-05-17T08:18:11.255965" elapsed="0.000509"/>
</kw>
<kw name="Should Match Regexp" owner="BuiltIn">
<arg>${json_data['results'][0]['dob']['date']}</arg>
<arg>\\d{4}-\\d{2}-\\d{2}T\\d{2}:\\d{2}:\\d{2}\\.\\d{3}Z</arg>
<doc>Fails if ``string`` does not match ``pattern`` as a regular expression.</doc>
<status status="PASS" start="2024-05-17T08:18:11.256670" elapsed="0.000491"/>
</kw>
<kw name="Should Match Regexp" owner="BuiltIn">
<arg>${json_data['results'][0]['registered']['date']}</arg>
<arg>\\d{4}-\\d{2}-\\d{2}T\\d{2}:\\d{2}:\\d{2}\\.\\d{3}Z</arg>
<doc>Fails if ``string`` does not match ``pattern`` as a regular expression.</doc>
<status status="PASS" start="2024-05-17T08:18:11.257354" elapsed="0.000357"/>
</kw>
<kw name="Should Match Regexp" owner="BuiltIn">
<arg>${json_data['results'][0]['picture']['large']}</arg>
<arg>^https?://.*\.(?:png|jpe?g|gif|bmp)$</arg>
<doc>Fails if ``string`` does not match ``pattern`` as a regular expression.</doc>
<status status="PASS" start="2024-05-17T08:18:11.257898" elapsed="0.000448"/>
</kw>
<kw name="Should Match Regexp" owner="BuiltIn">
<arg>${json_data['results'][0]['picture']['medium']}</arg>
<arg>^https?://.*\.(?:png|jpe?g|gif|bmp)$</arg>
<doc>Fails if ``string`` does not match ``pattern`` as a regular expression.</doc>
<status status="PASS" start="2024-05-17T08:18:11.258532" elapsed="0.000353"/>
</kw>
<kw name="Should Match Regexp" owner="BuiltIn">
<arg>${json_data['results'][0]['picture']['thumbnail']}</arg>
<arg>^https?://.*\.(?:png|jpe?g|gif|bmp)$</arg>
<doc>Fails if ``string`` does not match ``pattern`` as a regular expression.</doc>
<status status="PASS" start="2024-05-17T08:18:11.259074" elapsed="0.000345"/>
</kw>
<kw name="Log" owner="BuiltIn">
<msg time="2024-05-17T08:18:11.259955" level="INFO">{'large': 'https://randomuser.me/api/portraits/men/66.jpg', 'medium': 'https://randomuser.me/api/portraits/med/men/66.jpg', 'thumbnail': 'https://randomuser.me/api/portraits/thumb/men/66.jpg'}</msg>
<arg>${json_data['results'][0]['picture']}</arg>
<doc>Logs the given message with the given level.</doc>
<status status="PASS" start="2024-05-17T08:18:11.259600" elapsed="0.000396"/>
</kw>
<status status="PASS" start="2024-05-17T08:18:11.194648" elapsed="0.065605"/>
</kw>
<kw name="Teste de Tipos de Dados - Postcode" owner="random-user-service">
<kw name="GET On Session" owner="RequestsLibrary">
<msg time="2024-05-17T08:18:11.375817" level="INFO">GET Request : url=https://randomuser.me/api 
 path_url=/api 
 headers={'User-Agent': 'python-requests/2.31.0', 'Accept-Encoding': 'gzip, deflate', 'Accept': '*/*', 'Connection': 'keep-alive'} 
 body=None 
 </msg>
<msg time="2024-05-17T08:18:11.375901" level="INFO">GET Response : url=https://randomuser.me/api 
 status=200, reason=OK 
 headers={'Date': 'Fri, 17 May 2024 08:18:11 GMT', 'Content-Type': 'application/json; charset=utf-8', 'Transfer-Encoding': 'chunked', 'Connection': 'keep-alive', 'X-Powered-By': 'Express', 'Access-Control-Allow-Origin': '*', 'Cache-Control': 'no-cache', 'ETag': 'W/"466-/QVNkXw2ZXUE8DqSPnxyLZjM56s"', 'Vary': 'Accept-Encoding', 'Content-Encoding': 'gzip', 'CF-Cache-Status': 'DYNAMIC', 'Report-To': '{"endpoints":[{"url":"https:\\/\\/a.nel.cloudflare.com\\/report\\/v4?s=eaEk%2BbCkquX86jVEveh8JphHsNBQSpQpp4sYHZBfQwm2fAd%2F7SbxlXLLZtsk8dPNyrMZjlmX%2FYvwgD3PZoVBOh1P0yrB7TjJT4Puvd6qtqIf74dDrcc3HvOtfCPSih%2F7"}],"group":"cf-nel","max_age":604800}', 'NEL': '{"success_fraction":0,"report_to":"cf-nel","max_age":604800}', 'Server': 'cloudflare', 'CF-RAY': '88522ce46af689ee-ORD', 'alt-svc': 'h3=":443"; ma=86400'} 
 body={"results":[{"gender":"male","name":{"title":"Mr","first":"Ethan","last":"Hall"},"location":{"street":{"number":8396,"name":"Main Street"},"city":"Gisborne","state":"Tasman","country":"New Zealand","postcode":85695,"coordinates":{"latitude":"54.9636","longitude":"-171.2062"},"timezone":{"offset":"+3:30","description":"Tehran"}},"email":"ethan.hall@example.com","login":{"uuid":"539d72cd-ab77-436a-ac9b-54b6d030ca7d","username":"organicpanda431","password":"september","salt":"PUEDnzOO","md5":"85427ac94d5e9b73c8ecebec66b091a0","sha1":"c404a8de36664fe5acd185a7e1c96439194e7a45","sha256":"4466af125921c915b995798a56fb1ea1c3fd819f58ff109763c590963dcd7f09"},"dob":{"date":"1961-03-26T05:14:05.831Z","age":63},"registered":{"date":"2016-11-25T20:33:07.798Z","age":7},"phone":"(802)-076-4823","cell":"(153)-050-4452","id":{"name":"","value":null},"picture":{"large":"https://randomuser.me/api/portraits/men/38.jpg","medium":"https://randomuser.me/api/portraits/med/men/38.jpg","thumbnail":"https://randomuser.me/api/portraits/thumb/men/38.jpg"},"nat":"NZ"}],"info":{"seed":"823ef076178a896a","results":1,"page":1,"version":"1.4"}} 
 </msg>
<msg time="2024-05-17T08:18:11.375967" level="INFO">/opt/hostedtoolcache/Python/3.12.3/x64/lib/python3.12/site-packages/urllib3/connectionpool.py:1103: InsecureRequestWarning: Unverified HTTPS request is being made to host 'randomuser.me'. Adding certificate verification is strongly advised. See: https://urllib3.readthedocs.io/en/latest/advanced-usage.html#tls-warnings
  warnings.warn(</msg>
<msg time="2024-05-17T08:18:11.376071" level="INFO">${response} = &lt;Response [200]&gt;</msg>
<var>${response}</var>
<arg>consultarAPI</arg>
<arg>/api</arg>
<doc>Sends a GET request on a previously created HTTP Session.</doc>
<status status="PASS" start="2024-05-17T08:18:11.260697" elapsed="0.115402"/>
</kw>
<kw name="Set Variable" owner="BuiltIn">
<msg time="2024-05-17T08:18:11.377086" level="INFO">${json_data} = {'results': [{'gender': 'male', 'name': {'title': 'Mr', 'first': 'Ethan', 'last': 'Hall'}, 'location': {'street': {'number': 8396, 'name': 'Main Street'}, 'city': 'Gisborne', 'state': 'Tasman', 'count...</msg>
<var>${json_data}</var>
<arg>${response.json()}</arg>
<doc>Returns the given values which can then be assigned to a variables.</doc>
<status status="PASS" start="2024-05-17T08:18:11.376591" elapsed="0.000525"/>
</kw>
<kw name="Log" owner="BuiltIn">
<msg time="2024-05-17T08:18:11.377576" level="INFO">{'results': [{'gender': 'male', 'name': {'title': 'Mr', 'first': 'Ethan', 'last': 'Hall'}, 'location': {'street': {'number': 8396, 'name': 'Main Street'}, 'city': 'Gisborne', 'state': 'Tasman', 'country': 'New Zealand', 'postcode': 85695, 'coordinates': {'latitude': '54.9636', 'longitude': '-171.2062'}, 'timezone': {'offset': '+3:30', 'description': 'Tehran'}}, 'email': 'ethan.hall@example.com', 'login': {'uuid': '539d72cd-ab77-436a-ac9b-54b6d030ca7d', 'username': 'organicpanda431', 'password': 'september', 'salt': 'PUEDnzOO', 'md5': '85427ac94d5e9b73c8ecebec66b091a0', 'sha1': 'c404a8de36664fe5acd185a7e1c96439194e7a45', 'sha256': '4466af125921c915b995798a56fb1ea1c3fd819f58ff109763c590963dcd7f09'}, 'dob': {'date': '1961-03-26T05:14:05.831Z', 'age': 63}, 'registered': {'date': '2016-11-25T20:33:07.798Z', 'age': 7}, 'phone': '(802)-076-4823', 'cell': '(153)-050-4452', 'id': {'name': '', 'value': None}, 'picture': {'large': 'https://randomuser.me/api/portraits/men/38.jpg', 'medium': 'https://randomuser.me/api/portraits/med/men/38.jpg', 'thumbnail': 'https://randomuser.me/api/portraits/thumb/men/38.jpg'}, 'nat': 'NZ'}], 'info': {'seed': '823ef076178a896a', 'results': 1, 'page': 1, 'version': '1.4'}}</msg>
<arg>${json_data}</arg>
<doc>Logs the given message with the given level.</doc>
<status status="PASS" start="2024-05-17T08:18:11.377423" elapsed="0.000233"/>
</kw>
<kw name="Should Be Equal As Numbers" owner="BuiltIn">
<arg>${json_data['results'][0]['location']['postcode']}</arg>
<arg>${json_data['results'][0]['location']['postcode']}</arg>
<doc>Fails if objects are unequal after converting them to real numbers.</doc>
<status status="PASS" start="2024-05-17T08:18:11.377953" elapsed="0.000784"/>
</kw>
<kw name="Log" owner="BuiltIn">
<msg time="2024-05-17T08:18:11.379278" level="INFO">85695</msg>
<arg>${json_data['results'][0]['location']['postcode']}</arg>
<doc>Logs the given message with the given level.</doc>
<status status="PASS" start="2024-05-17T08:18:11.378946" elapsed="0.000373"/>
</kw>
<status status="PASS" start="2024-05-17T08:18:11.260468" elapsed="0.119103"/>
</kw>
<doc>Testa se os tipos de dados na resposta da API estão corretos.</doc>
<tag>testeTiposDados</tag>
<status status="PASS" start="2024-05-17T08:18:11.194197" elapsed="0.185587"/>
</test>
<test id="s1-s1-t5" name="Validar conteudo" line="35">
<kw name="Teste de Tipos de Conteudo" owner="random-user-service">
<kw name="GET On Session" owner="RequestsLibrary">
<msg time="2024-05-17T08:18:11.455102" level="INFO">GET Request : url=https://randomuser.me/api 
 path_url=/api 
 headers={'User-Agent': 'python-requests/2.31.0', 'Accept-Encoding': 'gzip, deflate', 'Accept': '*/*', 'Connection': 'keep-alive'} 
 body=None 
 </msg>
<msg time="2024-05-17T08:18:11.455181" level="INFO">GET Response : url=https://randomuser.me/api 
 status=200, reason=OK 
 headers={'Date': 'Fri, 17 May 2024 08:18:11 GMT', 'Content-Type': 'application/json; charset=utf-8', 'Transfer-Encoding': 'chunked', 'Connection': 'keep-alive', 'X-Powered-By': 'Express', 'Access-Control-Allow-Origin': '*', 'Cache-Control': 'no-cache', 'ETag': 'W/"48a-lX+0wP+PvuaqO1xBPxkKG9VB5m8"', 'Vary': 'Accept-Encoding', 'Content-Encoding': 'gzip', 'CF-Cache-Status': 'DYNAMIC', 'Report-To': '{"endpoints":[{"url":"https:\\/\\/a.nel.cloudflare.com\\/report\\/v4?s=HyQIVRvUieP5tsceX0KMV2P%2BpLboI2ODL5oYF79h4J62UMJ2pDCnn6fp5mdmiIs8RqtUz6b9Z4l452wjhGtZXEijzL%2Bpso6QDXv%2F1NfbbV7%2FWxPzOGC6ispRe8u4sP2d"}],"group":"cf-nel","max_age":604800}', 'NEL': '{"success_fraction":0,"report_to":"cf-nel","max_age":604800}', 'Server': 'cloudflare', 'CF-RAY': '88522ce52b5989ee-ORD', 'alt-svc': 'h3=":443"; ma=86400'} 
 body={"results":[{"gender":"female","name":{"title":"Mrs","first":"Nila","last":"Fleischer"},"location":{"street":{"number":8536,"name":"Gunnulvs vei"},"city":"Lia","state":"Oppland","country":"Norway","postcode":"5420","coordinates":{"latitude":"44.1340","longitude":"132.7406"},"timezone":{"offset":"-6:00","description":"Central Time (US &amp; Canada), Mexico City"}},"email":"nila.fleischer@example.com","login":{"uuid":"b3a3d479-acaf-42f4-9a17-ad0ddcab2009","username":"heavymouse882","password":"baller","salt":"VQ7j9pKO","md5":"959d209dc7c3f19a8c239d77441e2d1c","sha1":"bfa95df38ce0ea9865ccfd55824c87f10fd6ed17","sha256":"453bddb62a5ad99d3e027441a5b93ebfd08f53a62b2460ce97f8ae000ba7af69"},"dob":{"date":"1946-01-25T14:41:32.319Z","age":78},"registered":{"date":"2018-11-06T16:05:14.482Z","age":5},"phone":"76710051","cell":"97207298","id":{"name":"FN","value":"25014627807"},"picture":{"large":"https://randomuser.me/api/portraits/women/79.jpg","medium":"https://randomuser.me/api/portraits/med/women/79.jpg","thumbnail":"https://randomuser.me/api/portraits/thumb/women/79.jpg"},"nat":"NO"}],"info":{"seed":"b13da16aef01bed0","results":1,"page":1,"version":"1.4"}} 
 </msg>
<msg time="2024-05-17T08:18:11.455257" level="INFO">/opt/hostedtoolcache/Python/3.12.3/x64/lib/python3.12/site-packages/urllib3/connectionpool.py:1103: InsecureRequestWarning: Unverified HTTPS request is being made to host 'randomuser.me'. Adding certificate verification is strongly advised. See: https://urllib3.readthedocs.io/en/latest/advanced-usage.html#tls-warnings
  warnings.warn(</msg>
<msg time="2024-05-17T08:18:11.455359" level="INFO">${response} = &lt;Response [200]&gt;</msg>
<var>${response}</var>
<arg>consultarAPI</arg>
<arg>/api</arg>
<doc>Sends a GET request on a previously created HTTP Session.</doc>
<status status="PASS" start="2024-05-17T08:18:11.382227" elapsed="0.073168"/>
</kw>
<kw name="Set Variable" owner="BuiltIn">
<msg time="2024-05-17T08:18:11.456315" level="INFO">${json_data} = {'results': [{'gender': 'female', 'name': {'title': 'Mrs', 'first': 'Nila', 'last': 'Fleischer'}, 'location': {'street': {'number': 8536, 'name': 'Gunnulvs vei'}, 'city': 'Lia', 'state': 'Oppland', 'c...</msg>
<var>${json_data}</var>
<arg>${response.json()}</arg>
<doc>Returns the given values which can then be assigned to a variables.</doc>
<status status="PASS" start="2024-05-17T08:18:11.455884" elapsed="0.000461"/>
</kw>
<kw name="Set Variable" owner="BuiltIn">
<msg time="2024-05-17T08:18:11.457041" level="INFO">${name_title} = Mrs</msg>
<var>${name_title}</var>
<arg>${json_data["results"][0]["name"]["title"]}</arg>
<doc>Returns the given values which can then be assigned to a variables.</doc>
<status status="PASS" start="2024-05-17T08:18:11.456648" elapsed="0.000418"/>
</kw>
<kw name="Create List" owner="BuiltIn">
<msg time="2024-05-17T08:18:11.457515" level="INFO">${allowed_titles} = ['Mr', 'Ms', 'Miss', 'Mrs', 'Madame', 'Monsieur']</msg>
<var>${allowed_titles}</var>
<arg>Mr</arg>
<arg>Ms</arg>
<arg>Miss</arg>
<arg>Mrs</arg>
<arg>Madame</arg>
<arg>Monsieur</arg>
<doc>Returns a list containing given items.</doc>
<status status="PASS" start="2024-05-17T08:18:11.457367" elapsed="0.000172"/>
</kw>
<kw name="List Should Contain Value" owner="Collections">
<msg time="2024-05-17T08:18:11.458016" level="INFO">False</msg>
<arg>${allowed_titles}</arg>
<arg>${name_title}</arg>
<doc>Fails if the ``value`` is not found from ``list``.</doc>
<status status="PASS" start="2024-05-17T08:18:11.457844" elapsed="0.000208"/>
</kw>
<kw name="Set Variable" owner="BuiltIn">
<msg time="2024-05-17T08:18:11.458718" level="INFO">${name_country} = NO</msg>
<var>${name_country}</var>
<arg>${json_data["results"][0]["nat"]}</arg>
<doc>Returns the given values which can then be assigned to a variables.</doc>
<status status="PASS" start="2024-05-17T08:18:11.458345" elapsed="0.000398"/>
</kw>
<kw name="Create List" owner="BuiltIn">
<msg time="2024-05-17T08:18:11.459639" level="INFO">${list_country} = ['AD', 'AE', 'AF', 'AG', 'AI', 'AL', 'AM', 'AO', 'AQ', 'AR', 'AS', 'AT', 'AU', 'AW', 'AX', 'AZ', 'BA', 'BB', 'BD', 'BE', 'BF', 'BG', 'BH', 'BI', 'BJ', 'BL', 'BM', 'BN', 'BO', 'BQ', 'BR', 'BS', 'BT', '...</msg>
<var>${list_country}</var>
<arg>AD</arg>
<arg>AE</arg>
<arg>AF</arg>
<arg>AG</arg>
<arg>AI</arg>
<arg>AL</arg>
<arg>AM</arg>
<arg>AO</arg>
<arg>AQ</arg>
<arg>AR</arg>
<arg>AS</arg>
<arg>AT</arg>
<arg>AU</arg>
<arg>AW</arg>
<arg>AX</arg>
<arg>AZ</arg>
<arg>BA</arg>
<arg>BB</arg>
<arg>BD</arg>
<arg>BE</arg>
<arg>BF</arg>
<arg>BG</arg>
<arg>BH</arg>
<arg>BI</arg>
<arg>BJ</arg>
<arg>BL</arg>
<arg>BM</arg>
<arg>BN</arg>
<arg>BO</arg>
<arg>BQ</arg>
<arg>BR</arg>
<arg>BS</arg>
<arg>BT</arg>
<arg>BV</arg>
<arg>BW</arg>
<arg>BY</arg>
<arg>BZ</arg>
<arg>CA</arg>
<arg>CC</arg>
<arg>CD</arg>
<arg>CF</arg>
<arg>CG</arg>
<arg>CH</arg>
<arg>CI</arg>
<arg>CK</arg>
<arg>CL</arg>
<arg>CM</arg>
<arg>CN</arg>
<arg>CO</arg>
<arg>CR</arg>
<arg>CU</arg>
<arg>CV</arg>
<arg>CW</arg>
<arg>CX</arg>
<arg>CY</arg>
<arg>CZ</arg>
<arg>DE</arg>
<arg>DJ</arg>
<arg>DK</arg>
<arg>DM</arg>
<arg>DO</arg>
<arg>DZ</arg>
<arg>EC</arg>
<arg>EE</arg>
<arg>EG</arg>
<arg>EH</arg>
<arg>ER</arg>
<arg>ES</arg>
<arg>ET</arg>
<arg>FI</arg>
<arg>FJ</arg>
<arg>FK</arg>
<arg>FM</arg>
<arg>FO</arg>
<arg>FR</arg>
<arg>GA</arg>
<arg>GB</arg>
<arg>GD</arg>
<arg>GE</arg>
<arg>GF</arg>
<arg>GG</arg>
<arg>GH</arg>
<arg>GI</arg>
<arg>GL</arg>
<arg>GM</arg>
<arg>GN</arg>
<arg>GP</arg>
<arg>GQ</arg>
<arg>GR</arg>
<arg>GS</arg>
<arg>GT</arg>
<arg>GU</arg>
<arg>GW</arg>
<arg>GY</arg>
<arg>HK</arg>
<arg>HM</arg>
<arg>HN</arg>
<arg>HR</arg>
<arg>HT</arg>
<arg>HU</arg>
<arg>ID</arg>
<arg>IE</arg>
<arg>IL</arg>
<arg>IM</arg>
<arg>IN</arg>
<arg>IO</arg>
<arg>IQ</arg>
<arg>IR</arg>
<arg>IS</arg>
<arg>IT</arg>
<arg>JE</arg>
<arg>JM</arg>
<arg>JO</arg>
<arg>JP</arg>
<arg>KE</arg>
<arg>KG</arg>
<arg>KH</arg>
<arg>KI</arg>
<arg>KM</arg>
<arg>KN</arg>
<arg>KP</arg>
<arg>KR</arg>
<arg>KW</arg>
<arg>KY</arg>
<arg>KZ</arg>
<arg>LA</arg>
<arg>LB</arg>
<arg>LC</arg>
<arg>LI</arg>
<arg>LK</arg>
<arg>LR</arg>
<arg>LS</arg>
<arg>LT</arg>
<arg>LU</arg>
<arg>LV</arg>
<arg>LY</arg>
<arg>MA</arg>
<arg>MC</arg>
<arg>MD</arg>
<arg>ME</arg>
<arg>MF</arg>
<arg>MG</arg>
<arg>MH</arg>
<arg>MK</arg>
<arg>ML</arg>
<arg>MM</arg>
<arg>MN</arg>
<arg>MO</arg>
<arg>MP</arg>
<arg>MQ</arg>
<arg>MR</arg>
<arg>MS</arg>
<arg>MT</arg>
<arg>MU</arg>
<arg>MV</arg>
<arg>MW</arg>
<arg>MX</arg>
<arg>MY</arg>
<arg>MZ</arg>
<arg>NA</arg>
<arg>NC</arg>
<arg>NE</arg>
<arg>NF</arg>
<arg>NG</arg>
<arg>NI</arg>
<arg>NL</arg>
<arg>NO</arg>
<arg>NP</arg>
<arg>NR</arg>
<arg>NU</arg>
<arg>NZ</arg>
<arg>OM</arg>
<arg>PA</arg>
<arg>PE</arg>
<arg>PF</arg>
<arg>PG</arg>
<arg>PH</arg>
<arg>PK</arg>
<arg>PL</arg>
<arg>PM</arg>
<arg>PN</arg>
<arg>PR</arg>
<arg>PS</arg>
<arg>PT</arg>
<arg>PW</arg>
<arg>PY</arg>
<arg>QA</arg>
<arg>RE</arg>
<arg>RO</arg>
<arg>RS</arg>
<arg>RU</arg>
<arg>RW</arg>
<arg>SA</arg>
<arg>SB</arg>
<arg>SC</arg>
<arg>SD</arg>
<arg>SE</arg>
<arg>SG</arg>
<arg>SH</arg>
<arg>SI</arg>
<arg>SJ</arg>
<arg>SK</arg>
<arg>SL</arg>
<arg>SM</arg>
<arg>SN</arg>
<arg>SO</arg>
<arg>SR</arg>
<arg>SS</arg>
<arg>ST</arg>
<arg>SV</arg>
<arg>SX</arg>
<arg>SY</arg>
<arg>SZ</arg>
<arg>TC</arg>
<arg>TD</arg>
<arg>TF</arg>
<arg>TG</arg>
<arg>TH</arg>
<arg>TJ</arg>
<arg>TK</arg>
<arg>TL</arg>
<arg>TM</arg>
<arg>TN</arg>
<arg>TO</arg>
<arg>TR</arg>
<arg>TT</arg>
<arg>TV</arg>
<arg>TW</arg>
<arg>TZ</arg>
<arg>UA</arg>
<arg>UG</arg>
<arg>UM</arg>
<arg>US</arg>
<arg>UY</arg>
<arg>UZ</arg>
<arg>VA</arg>
<arg>VC</arg>
<arg>VE</arg>
<arg>VG</arg>
<arg>VI</arg>
<arg>VN</arg>
<arg>VU</arg>
<arg>WF</arg>
<arg>WS</arg>
<arg>XK</arg>
<arg>YE</arg>
<arg>YT</arg>
<arg>ZA</arg>
<arg>ZM</arg>
<arg>ZW</arg>
<doc>Returns a list containing given items.</doc>
<status status="PASS" start="2024-05-17T08:18:11.459045" elapsed="0.000670"/>
</kw>
<kw name="List Should Contain Value" owner="Collections">
<msg time="2024-05-17T08:18:11.460725" level="INFO">False</msg>
<arg>${list_country}</arg>
<arg>${name_country}</arg>
<doc>Fails if the ``value`` is not found from ``list``.</doc>
<status status="PASS" start="2024-05-17T08:18:11.460523" elapsed="0.000239"/>
</kw>
<kw name="Run Keyword If" owner="BuiltIn">
<kw name="Should Be True" owner="BuiltIn">
<arg>${True}</arg>
<doc>Fails if the given condition is not true.</doc>
<status status="PASS" start="2024-05-17T08:18:11.461819" elapsed="0.000142"/>
</kw>
<arg>${json_data["results"][0]["location"]["coordinates"]["latitude"]} &gt;= -90 and ${json_data["results"][0]["location"]["coordinates"]["latitude"]} &lt;= 90</arg>
<arg>Should Be True</arg>
<arg>${True}</arg>
<doc>Runs the given keyword with the given arguments, if ``condition`` is true.</doc>
<status status="PASS" start="2024-05-17T08:18:11.461073" elapsed="0.001014"/>
</kw>
<kw name="Run Keyword If" owner="BuiltIn">
<kw name="Should Be True" owner="BuiltIn">
<arg>${True}</arg>
<doc>Fails if the given condition is not true.</doc>
<status status="PASS" start="2024-05-17T08:18:11.462969" elapsed="0.000239"/>
</kw>
<arg>${json_data["results"][0]["location"]["coordinates"]["longitude"]} &gt;= -180 and ${json_data["results"][0]["location"]["coordinates"]["longitude"]} &lt;= 180</arg>
<arg>Should Be True</arg>
<arg>${True}</arg>
<doc>Runs the given keyword with the given arguments, if ``condition`` is true.</doc>
<status status="PASS" start="2024-05-17T08:18:11.462274" elapsed="0.001060"/>
</kw>
<status status="PASS" start="2024-05-17T08:18:11.382003" elapsed="0.081459"/>
</kw>
<doc>Testa o conteúdo específico dos campos retornados pela API.</doc>
<tag>testeConteudo</tag>
<status status="PASS" start="2024-05-17T08:18:11.381539" elapsed="0.082068"/>
</test>
<status status="PASS" start="2024-05-17T08:18:10.638934" elapsed="0.826586"/>
</suite>
<status status="PASS" start="2024-05-17T08:18:10.625603" elapsed="0.845086"/>
</suite>
<statistics>
<total>
<stat pass="5" fail="0" skip="0">All Tests</stat>
</total>
<tag>
<stat pass="1" fail="0" skip="0">testeConteudo</stat>
<stat pass="1" fail="0" skip="0">testeEstruturaResposta</stat>
<stat pass="1" fail="0" skip="0">testeRequisicaoBasica</stat>
<stat pass="1" fail="0" skip="0">testeTiposDados</stat>
</tag>
<suite>
<stat pass="5" fail="0" skip="0" id="s1" name="Tests">Tests</stat>
<stat pass="5" fail="0" skip="0" id="s1-s1" name="Random-User-Test">Tests.Random-User-Test</stat>
</suite>
</statistics>
<errors>
</errors>
</robot>
