<?xml version="1.0" encoding="UTF-8"?>
<robot generator="Robot 7.0.1 (Python 3.12.4 on linux)" generated="2024-06-21T03:17:45.793264" rpa="false" schemaversion="5">
<suite id="s1" name="Tests" source="/home/runner/work/ApiRandomUser/ApiRandomUser/RamdonUser/tests">
<suite id="s1-s1" name="Random-User-Test" source="/home/runner/work/ApiRandomUser/ApiRandomUser/RamdonUser/tests/random-user-test.robot">
<test id="s1-s1-t1" name="Conectar" line="13">
<kw name="Conectar API" owner="random-user-service">
<kw name="Create Session" owner="RequestsLibrary">
<msg time="2024-06-21T03:17:46.180994" level="INFO">Creating Session using : alias=consultarAPI, url=https://randomuser.me/, headers={},                     cookies={}, auth=None, timeout=None, proxies=None, verify=False,                     debug=0 </msg>
<arg>consultarAPI</arg>
<arg>${URL}</arg>
<doc>Create Session: create a HTTP session to a server</doc>
<status status="PASS" start="2024-06-21T03:17:46.180805" elapsed="0.000349"/>
</kw>
<status status="PASS" start="2024-06-21T03:17:46.179913" elapsed="0.001580"/>
</kw>
<status status="PASS" start="2024-06-21T03:17:46.179406" elapsed="0.002276"/>
</test>
<test id="s1-s1-t2" name="Validar retorno 200 e JSON Válido" line="16">
<kw name="Teste de Requisicao Basica" owner="random-user-service">
<kw name="GET On Session" owner="RequestsLibrary">
<msg time="2024-06-21T03:17:46.361776" level="INFO">GET Request : url=https://randomuser.me/api 
 path_url=/api 
 headers={'User-Agent': 'python-requests/2.32.3', 'Accept-Encoding': 'gzip, deflate', 'Accept': '*/*', 'Connection': 'keep-alive'} 
 body=None 
 </msg>
<msg time="2024-06-21T03:17:46.361912" level="INFO">GET Response : url=https://randomuser.me/api 
 status=200, reason=OK 
 headers={'Date': 'Fri, 21 Jun 2024 03:17:46 GMT', 'Content-Type': 'application/json; charset=utf-8', 'Transfer-Encoding': 'chunked', 'Connection': 'keep-alive', 'X-Powered-By': 'Express', 'Access-Control-Allow-Origin': '*', 'Cache-Control': 'no-cache', 'ETag': 'W/"47c-PT7eBndF2sg57TXG2wNznqWrgHM"', 'Vary': 'Accept-Encoding', 'Content-Encoding': 'gzip', 'CF-Cache-Status': 'DYNAMIC', 'Report-To': '{"endpoints":[{"url":"https:\\/\\/a.nel.cloudflare.com\\/report\\/v4?s=StaQYVg2IY0BnD1RwTclvBhf7CCPZf7E0T8xdyTvL%2BPHlLAUpc0KOt3mgqJMe8ryErBJjQLilOyOwfHZIpIa2RbWg7eTOriYWiEKkC93WByIBYJ%2BwDkgSmKoAlQ%2B0SQO"}],"group":"cf-nel","max_age":604800}', 'NEL': '{"success_fraction":0,"report_to":"cf-nel","max_age":604800}', 'Server': 'cloudflare', 'CF-RAY': '8970d8f42ffa8400-LAX', 'alt-svc': 'h3=":443"; ma=86400'} 
 body={"results":[{"gender":"female","name":{"title":"Mrs","first":"Avery","last":"White"},"location":{"street":{"number":6246,"name":"Frederick Ave"},"city":"Cumberland","state":"Nova Scotia","country":"Canada","postcode":"C8E 5Q1","coordinates":{"latitude":"-71.1566","longitude":"20.2211"},"timezone":{"offset":"-10:00","description":"Hawaii"}},"email":"avery.white@example.com","login":{"uuid":"3e919738-93f4-4b2e-8e46-c44b8e641926","username":"greenpeacock339","password":"domino","salt":"m9sUk3b3","md5":"bcb0435b71183d536f8c091c48a58132","sha1":"87532a21c5b646ff1f63761781367d2afcacd26c","sha256":"b5606647a7c038050359a9fdc16da07ddf190c247abfbe9e2699ea3a8c54915a"},"dob":{"date":"1960-03-10T15:20:15.987Z","age":64},"registered":{"date":"2017-01-13T19:59:01.568Z","age":7},"phone":"X42 B61-3655","cell":"U00 K56-2559","id":{"name":"SIN","value":"021106539"},"picture":{"large":"https://randomuser.me/api/portraits/women/49.jpg","medium":"https://randomuser.me/api/portraits/med/women/49.jpg","thumbnail":"https://randomuser.me/api/portraits/thumb/women/49.jpg"},"nat":"CA"}],"info":{"seed":"c25ddbda135afedf","results":1,"page":1,"version":"1.4"}} 
 </msg>
<msg time="2024-06-21T03:17:46.362000" level="INFO">/opt/hostedtoolcache/Python/3.12.4/x64/lib/python3.12/site-packages/urllib3/connectionpool.py:1099: InsecureRequestWarning: Unverified HTTPS request is being made to host 'randomuser.me'. Adding certificate verification is strongly advised. See: https://urllib3.readthedocs.io/en/latest/advanced-usage.html#tls-warnings
  warnings.warn(</msg>
<msg time="2024-06-21T03:17:46.362118" level="INFO">${response} = &lt;Response [200]&gt;</msg>
<var>${response}</var>
<arg>consultarAPI</arg>
<arg>/api</arg>
<doc>Sends a GET request on a previously created HTTP Session.</doc>
<status status="PASS" start="2024-06-21T03:17:46.184490" elapsed="0.177669"/>
</kw>
<kw name="Should Be Equal As Numbers" owner="BuiltIn">
<msg time="2024-06-21T03:17:46.362991" level="INFO">Argument types are:
&lt;class 'int'&gt;
&lt;class 'str'&gt;</msg>
<arg>${response.status_code}</arg>
<arg>200</arg>
<doc>Fails if objects are unequal after converting them to real numbers.</doc>
<status status="PASS" start="2024-06-21T03:17:46.362554" elapsed="0.000513"/>
</kw>
<kw name="Log" owner="BuiltIn">
<msg time="2024-06-21T03:17:46.363727" level="INFO">200</msg>
<arg>${response.status_code}</arg>
<doc>Logs the given message with the given level.</doc>
<status status="PASS" start="2024-06-21T03:17:46.363382" elapsed="0.000387"/>
</kw>
<kw name="Set Variable" owner="BuiltIn">
<msg time="2024-06-21T03:17:46.364489" level="INFO">${json_data} = {'results': [{'gender': 'female', 'name': {'title': 'Mrs', 'first': 'Avery', 'last': 'White'}, 'location': {'street': {'number': 6246, 'name': 'Frederick Ave'}, 'city': 'Cumberland', 'state': 'Nova Sc...</msg>
<var>${json_data}</var>
<arg>${response.json()}</arg>
<doc>Returns the given values which can then be assigned to a variables.</doc>
<status status="PASS" start="2024-06-21T03:17:46.364066" elapsed="0.000450"/>
</kw>
<kw name="Dictionary Should Contain Key" owner="Collections">
<arg>${json_data}</arg>
<arg>results</arg>
<doc>Fails if ``key`` is not found from ``dictionary``.</doc>
<status status="PASS" start="2024-06-21T03:17:46.364809" elapsed="0.000162"/>
</kw>
<status status="PASS" start="2024-06-21T03:17:46.184195" elapsed="0.180918"/>
</kw>
<doc>Testa se a API responde corretamente e retorna um objeto JSON válido.</doc>
<tag>testeRequisicaoBasica</tag>
<status status="PASS" start="2024-06-21T03:17:46.183605" elapsed="0.181666"/>
</test>
<test id="s1-s1-t3" name="Validar estrutura de resposta" line="22">
<kw name="Teste de Estrutura de Resposta" owner="random-user-service">
<kw name="GET On Session" owner="RequestsLibrary">
<msg time="2024-06-21T03:17:46.474070" level="INFO">GET Request : url=https://randomuser.me/api 
 path_url=/api 
 headers={'User-Agent': 'python-requests/2.32.3', 'Accept-Encoding': 'gzip, deflate', 'Accept': '*/*', 'Connection': 'keep-alive'} 
 body=None 
 </msg>
<msg time="2024-06-21T03:17:46.474156" level="INFO">GET Response : url=https://randomuser.me/api 
 status=200, reason=OK 
 headers={'Date': 'Fri, 21 Jun 2024 03:17:46 GMT', 'Content-Type': 'application/json; charset=utf-8', 'Transfer-Encoding': 'chunked', 'Connection': 'keep-alive', 'X-Powered-By': 'Express', 'Access-Control-Allow-Origin': '*', 'Cache-Control': 'no-cache', 'ETag': 'W/"490-a427TVnzOMXokOikSWhkgsFEvfQ"', 'Vary': 'Accept-Encoding', 'Content-Encoding': 'gzip', 'CF-Cache-Status': 'DYNAMIC', 'Report-To': '{"endpoints":[{"url":"https:\\/\\/a.nel.cloudflare.com\\/report\\/v4?s=3NMLHe%2FO3TRRuaCmPx2FStyL5C8AOPN1541C%2BnoBnz4xXXU8hAqHoXGwDlYZ%2FmBPSLWch5daBg20dZxQJD658ImYHmop%2B%2FswQkbv0s2%2F9BFIg3UVhhtGfD%2FXPRtU5%2FY9"}],"group":"cf-nel","max_age":604800}', 'NEL': '{"success_fraction":0,"report_to":"cf-nel","max_age":604800}', 'Server': 'cloudflare', 'CF-RAY': '8970d8f4d8d98400-LAX', 'alt-svc': 'h3=":443"; ma=86400'} 
 body={"results":[{"gender":"male","name":{"title":"Mr","first":"Caleb","last":"Richards"},"location":{"street":{"number":7122,"name":"Mockingbird Ln"},"city":"Cairns","state":"Victoria","country":"Australia","postcode":5141,"coordinates":{"latitude":"-82.7913","longitude":"-113.8683"},"timezone":{"offset":"-3:00","description":"Brazil, Buenos Aires, Georgetown"}},"email":"caleb.richards@example.com","login":{"uuid":"2c5b84da-f9ef-402d-a0d3-1bc5f7af9cee","username":"ticklishelephant202","password":"353535","salt":"0K58dhZA","md5":"8dc36ce00735535151fccf30f13e2267","sha1":"66fd270156bfbb8178e13a3ddac2b4b57627216b","sha256":"24ddb0374b0401ff84f208b8ea516618250b4e39d9ee1a7a9a0c3232be6c5382"},"dob":{"date":"1985-02-03T11:16:28.879Z","age":39},"registered":{"date":"2018-04-14T03:25:59.629Z","age":6},"phone":"09-4696-7889","cell":"0411-950-137","id":{"name":"TFN","value":"781961502"},"picture":{"large":"https://randomuser.me/api/portraits/men/33.jpg","medium":"https://randomuser.me/api/portraits/med/men/33.jpg","thumbnail":"https://randomuser.me/api/portraits/thumb/men/33.jpg"},"nat":"AU"}],"info":{"seed":"268a00052b4d3097","results":1,"page":1,"version":"1.4"}} 
 </msg>
<msg time="2024-06-21T03:17:46.474277" level="INFO">/opt/hostedtoolcache/Python/3.12.4/x64/lib/python3.12/site-packages/urllib3/connectionpool.py:1099: InsecureRequestWarning: Unverified HTTPS request is being made to host 'randomuser.me'. Adding certificate verification is strongly advised. See: https://urllib3.readthedocs.io/en/latest/advanced-usage.html#tls-warnings
  warnings.warn(</msg>
<msg time="2024-06-21T03:17:46.474374" level="INFO">${response} = &lt;Response [200]&gt;</msg>
<var>${response}</var>
<arg>consultarAPI</arg>
<arg>/api</arg>
<doc>Sends a GET request on a previously created HTTP Session.</doc>
<status status="PASS" start="2024-06-21T03:17:46.367813" elapsed="0.106599"/>
</kw>
<kw name="Set Variable" owner="BuiltIn">
<msg time="2024-06-21T03:17:46.475222" level="INFO">${json_data} = {'results': [{'gender': 'male', 'name': {'title': 'Mr', 'first': 'Caleb', 'last': 'Richards'}, 'location': {'street': {'number': 7122, 'name': 'Mockingbird Ln'}, 'city': 'Cairns', 'state': 'Victoria',...</msg>
<var>${json_data}</var>
<arg>${response.json()}</arg>
<doc>Returns the given values which can then be assigned to a variables.</doc>
<status status="PASS" start="2024-06-21T03:17:46.474766" elapsed="0.000486"/>
</kw>
<kw name="Log" owner="BuiltIn">
<msg time="2024-06-21T03:17:46.475708" level="INFO">{'results': [{'gender': 'male', 'name': {'title': 'Mr', 'first': 'Caleb', 'last': 'Richards'}, 'location': {'street': {'number': 7122, 'name': 'Mockingbird Ln'}, 'city': 'Cairns', 'state': 'Victoria', 'country': 'Australia', 'postcode': 5141, 'coordinates': {'latitude': '-82.7913', 'longitude': '-113.8683'}, 'timezone': {'offset': '-3:00', 'description': 'Brazil, Buenos Aires, Georgetown'}}, 'email': 'caleb.richards@example.com', 'login': {'uuid': '2c5b84da-f9ef-402d-a0d3-1bc5f7af9cee', 'username': 'ticklishelephant202', 'password': '353535', 'salt': '0K58dhZA', 'md5': '8dc36ce00735535151fccf30f13e2267', 'sha1': '66fd270156bfbb8178e13a3ddac2b4b57627216b', 'sha256': '24ddb0374b0401ff84f208b8ea516618250b4e39d9ee1a7a9a0c3232be6c5382'}, 'dob': {'date': '1985-02-03T11:16:28.879Z', 'age': 39}, 'registered': {'date': '2018-04-14T03:25:59.629Z', 'age': 6}, 'phone': '09-4696-7889', 'cell': '0411-950-137', 'id': {'name': 'TFN', 'value': '781961502'}, 'picture': {'large': 'https://randomuser.me/api/portraits/men/33.jpg', 'medium': 'https://randomuser.me/api/portraits/med/men/33.jpg', 'thumbnail': 'https://randomuser.me/api/portraits/thumb/men/33.jpg'}, 'nat': 'AU'}], 'info': {'seed': '268a00052b4d3097', 'results': 1, 'page': 1, 'version': '1.4'}}</msg>
<arg>${json_data}</arg>
<doc>Logs the given message with the given level.</doc>
<status status="PASS" start="2024-06-21T03:17:46.475549" elapsed="0.000204"/>
</kw>
<kw name="Dictionary Should Contain Key" owner="Collections">
<arg>${json_data}</arg>
<arg>results</arg>
<doc>Fails if ``key`` is not found from ``dictionary``.</doc>
<status status="PASS" start="2024-06-21T03:17:46.476035" elapsed="0.000149"/>
</kw>
<kw name="Should Not Be Empty" owner="BuiltIn">
<msg time="2024-06-21T03:17:46.476482" level="INFO">Length is 2.</msg>
<arg>${json_data}</arg>
<doc>Verifies that the given item is not empty.</doc>
<status status="PASS" start="2024-06-21T03:17:46.476360" elapsed="0.000164"/>
</kw>
<kw name="Create List" owner="BuiltIn">
<msg time="2024-06-21T03:17:46.477066" level="INFO">${expected_keys} = ['gender', 'name', 'location', 'email', 'login']</msg>
<var>${expected_keys}</var>
<arg>gender</arg>
<arg>name</arg>
<arg>location</arg>
<arg>email</arg>
<arg>login</arg>
<doc>Returns a list containing given items.</doc>
<status status="PASS" start="2024-06-21T03:17:46.476804" elapsed="0.000286"/>
</kw>
<for flavor="IN">
<iter>
<kw name="Dictionary Should Contain Key" owner="Collections">
<arg>${json_data['results'][0]}</arg>
<arg>${key}</arg>
<doc>Fails if ``key`` is not found from ``dictionary``.</doc>
<status status="PASS" start="2024-06-21T03:17:46.477648" elapsed="0.000387"/>
</kw>
<kw name="Log" owner="BuiltIn">
<msg time="2024-06-21T03:17:46.478564" level="INFO">{'gender': 'male', 'name': {'title': 'Mr', 'first': 'Caleb', 'last': 'Richards'}, 'location': {'street': {'number': 7122, 'name': 'Mockingbird Ln'}, 'city': 'Cairns', 'state': 'Victoria', 'country': 'Australia', 'postcode': 5141, 'coordinates': {'latitude': '-82.7913', 'longitude': '-113.8683'}, 'timezone': {'offset': '-3:00', 'description': 'Brazil, Buenos Aires, Georgetown'}}, 'email': 'caleb.richards@example.com', 'login': {'uuid': '2c5b84da-f9ef-402d-a0d3-1bc5f7af9cee', 'username': 'ticklishelephant202', 'password': '353535', 'salt': '0K58dhZA', 'md5': '8dc36ce00735535151fccf30f13e2267', 'sha1': '66fd270156bfbb8178e13a3ddac2b4b57627216b', 'sha256': '24ddb0374b0401ff84f208b8ea516618250b4e39d9ee1a7a9a0c3232be6c5382'}, 'dob': {'date': '1985-02-03T11:16:28.879Z', 'age': 39}, 'registered': {'date': '2018-04-14T03:25:59.629Z', 'age': 6}, 'phone': '09-4696-7889', 'cell': '0411-950-137', 'id': {'name': 'TFN', 'value': '781961502'}, 'picture': {'large': 'https://randomuser.me/api/portraits/men/33.jpg', 'medium': 'https://randomuser.me/api/portraits/med/men/33.jpg', 'thumbnail': 'https://randomuser.me/api/portraits/thumb/men/33.jpg'}, 'nat': 'AU'}</msg>
<arg>${json_data['results'][0]}</arg>
<doc>Logs the given message with the given level.</doc>
<status status="PASS" start="2024-06-21T03:17:46.478218" elapsed="0.000392"/>
</kw>
<kw name="Log" owner="BuiltIn">
<msg time="2024-06-21T03:17:46.479047" level="INFO">gender</msg>
<arg>${key}</arg>
<doc>Logs the given message with the given level.</doc>
<status status="PASS" start="2024-06-21T03:17:46.478902" elapsed="0.000182"/>
</kw>
<var name="${key}">gender</var>
<status status="PASS" start="2024-06-21T03:17:46.477528" elapsed="0.001768"/>
</iter>
<iter>
<kw name="Dictionary Should Contain Key" owner="Collections">
<arg>${json_data['results'][0]}</arg>
<arg>${key}</arg>
<doc>Fails if ``key`` is not found from ``dictionary``.</doc>
<status status="PASS" start="2024-06-21T03:17:46.479581" elapsed="0.000382"/>
</kw>
<kw name="Log" owner="BuiltIn">
<msg time="2024-06-21T03:17:46.480483" level="INFO">{'gender': 'male', 'name': {'title': 'Mr', 'first': 'Caleb', 'last': 'Richards'}, 'location': {'street': {'number': 7122, 'name': 'Mockingbird Ln'}, 'city': 'Cairns', 'state': 'Victoria', 'country': 'Australia', 'postcode': 5141, 'coordinates': {'latitude': '-82.7913', 'longitude': '-113.8683'}, 'timezone': {'offset': '-3:00', 'description': 'Brazil, Buenos Aires, Georgetown'}}, 'email': 'caleb.richards@example.com', 'login': {'uuid': '2c5b84da-f9ef-402d-a0d3-1bc5f7af9cee', 'username': 'ticklishelephant202', 'password': '353535', 'salt': '0K58dhZA', 'md5': '8dc36ce00735535151fccf30f13e2267', 'sha1': '66fd270156bfbb8178e13a3ddac2b4b57627216b', 'sha256': '24ddb0374b0401ff84f208b8ea516618250b4e39d9ee1a7a9a0c3232be6c5382'}, 'dob': {'date': '1985-02-03T11:16:28.879Z', 'age': 39}, 'registered': {'date': '2018-04-14T03:25:59.629Z', 'age': 6}, 'phone': '09-4696-7889', 'cell': '0411-950-137', 'id': {'name': 'TFN', 'value': '781961502'}, 'picture': {'large': 'https://randomuser.me/api/portraits/men/33.jpg', 'medium': 'https://randomuser.me/api/portraits/med/men/33.jpg', 'thumbnail': 'https://randomuser.me/api/portraits/thumb/men/33.jpg'}, 'nat': 'AU'}</msg>
<arg>${json_data['results'][0]}</arg>
<doc>Logs the given message with the given level.</doc>
<status status="PASS" start="2024-06-21T03:17:46.480143" elapsed="0.000420"/>
</kw>
<kw name="Log" owner="BuiltIn">
<msg time="2024-06-21T03:17:46.480979" level="INFO">name</msg>
<arg>${key}</arg>
<doc>Logs the given message with the given level.</doc>
<status status="PASS" start="2024-06-21T03:17:46.480854" elapsed="0.000161"/>
</kw>
<var name="${key}">name</var>
<status status="PASS" start="2024-06-21T03:17:46.479472" elapsed="0.001754"/>
</iter>
<iter>
<kw name="Dictionary Should Contain Key" owner="Collections">
<arg>${json_data['results'][0]}</arg>
<arg>${key}</arg>
<doc>Fails if ``key`` is not found from ``dictionary``.</doc>
<status status="PASS" start="2024-06-21T03:17:46.481501" elapsed="0.000369"/>
</kw>
<kw name="Log" owner="BuiltIn">
<msg time="2024-06-21T03:17:46.482397" level="INFO">{'gender': 'male', 'name': {'title': 'Mr', 'first': 'Caleb', 'last': 'Richards'}, 'location': {'street': {'number': 7122, 'name': 'Mockingbird Ln'}, 'city': 'Cairns', 'state': 'Victoria', 'country': 'Australia', 'postcode': 5141, 'coordinates': {'latitude': '-82.7913', 'longitude': '-113.8683'}, 'timezone': {'offset': '-3:00', 'description': 'Brazil, Buenos Aires, Georgetown'}}, 'email': 'caleb.richards@example.com', 'login': {'uuid': '2c5b84da-f9ef-402d-a0d3-1bc5f7af9cee', 'username': 'ticklishelephant202', 'password': '353535', 'salt': '0K58dhZA', 'md5': '8dc36ce00735535151fccf30f13e2267', 'sha1': '66fd270156bfbb8178e13a3ddac2b4b57627216b', 'sha256': '24ddb0374b0401ff84f208b8ea516618250b4e39d9ee1a7a9a0c3232be6c5382'}, 'dob': {'date': '1985-02-03T11:16:28.879Z', 'age': 39}, 'registered': {'date': '2018-04-14T03:25:59.629Z', 'age': 6}, 'phone': '09-4696-7889', 'cell': '0411-950-137', 'id': {'name': 'TFN', 'value': '781961502'}, 'picture': {'large': 'https://randomuser.me/api/portraits/men/33.jpg', 'medium': 'https://randomuser.me/api/portraits/med/men/33.jpg', 'thumbnail': 'https://randomuser.me/api/portraits/thumb/men/33.jpg'}, 'nat': 'AU'}</msg>
<arg>${json_data['results'][0]}</arg>
<doc>Logs the given message with the given level.</doc>
<status status="PASS" start="2024-06-21T03:17:46.482044" elapsed="0.000400"/>
</kw>
<kw name="Log" owner="BuiltIn">
<msg time="2024-06-21T03:17:46.482853" level="INFO">location</msg>
<arg>${key}</arg>
<doc>Logs the given message with the given level.</doc>
<status status="PASS" start="2024-06-21T03:17:46.482729" elapsed="0.000160"/>
</kw>
<var name="${key}">location</var>
<status status="PASS" start="2024-06-21T03:17:46.481396" elapsed="0.001729"/>
</iter>
<iter>
<kw name="Dictionary Should Contain Key" owner="Collections">
<arg>${json_data['results'][0]}</arg>
<arg>${key}</arg>
<doc>Fails if ``key`` is not found from ``dictionary``.</doc>
<status status="PASS" start="2024-06-21T03:17:46.483395" elapsed="0.000369"/>
</kw>
<kw name="Log" owner="BuiltIn">
<msg time="2024-06-21T03:17:46.484280" level="INFO">{'gender': 'male', 'name': {'title': 'Mr', 'first': 'Caleb', 'last': 'Richards'}, 'location': {'street': {'number': 7122, 'name': 'Mockingbird Ln'}, 'city': 'Cairns', 'state': 'Victoria', 'country': 'Australia', 'postcode': 5141, 'coordinates': {'latitude': '-82.7913', 'longitude': '-113.8683'}, 'timezone': {'offset': '-3:00', 'description': 'Brazil, Buenos Aires, Georgetown'}}, 'email': 'caleb.richards@example.com', 'login': {'uuid': '2c5b84da-f9ef-402d-a0d3-1bc5f7af9cee', 'username': 'ticklishelephant202', 'password': '353535', 'salt': '0K58dhZA', 'md5': '8dc36ce00735535151fccf30f13e2267', 'sha1': '66fd270156bfbb8178e13a3ddac2b4b57627216b', 'sha256': '24ddb0374b0401ff84f208b8ea516618250b4e39d9ee1a7a9a0c3232be6c5382'}, 'dob': {'date': '1985-02-03T11:16:28.879Z', 'age': 39}, 'registered': {'date': '2018-04-14T03:25:59.629Z', 'age': 6}, 'phone': '09-4696-7889', 'cell': '0411-950-137', 'id': {'name': 'TFN', 'value': '781961502'}, 'picture': {'large': 'https://randomuser.me/api/portraits/men/33.jpg', 'medium': 'https://randomuser.me/api/portraits/med/men/33.jpg', 'thumbnail': 'https://randomuser.me/api/portraits/thumb/men/33.jpg'}, 'nat': 'AU'}</msg>
<arg>${json_data['results'][0]}</arg>
<doc>Logs the given message with the given level.</doc>
<status status="PASS" start="2024-06-21T03:17:46.483943" elapsed="0.000397"/>
</kw>
<kw name="Log" owner="BuiltIn">
<msg time="2024-06-21T03:17:46.484743" level="INFO">email</msg>
<arg>${key}</arg>
<doc>Logs the given message with the given level.</doc>
<status status="PASS" start="2024-06-21T03:17:46.484622" elapsed="0.000156"/>
</kw>
<var name="${key}">email</var>
<status status="PASS" start="2024-06-21T03:17:46.483291" elapsed="0.001692"/>
</iter>
<iter>
<kw name="Dictionary Should Contain Key" owner="Collections">
<arg>${json_data['results'][0]}</arg>
<arg>${key}</arg>
<doc>Fails if ``key`` is not found from ``dictionary``.</doc>
<status status="PASS" start="2024-06-21T03:17:46.485249" elapsed="0.000385"/>
</kw>
<kw name="Log" owner="BuiltIn">
<msg time="2024-06-21T03:17:46.486150" level="INFO">{'gender': 'male', 'name': {'title': 'Mr', 'first': 'Caleb', 'last': 'Richards'}, 'location': {'street': {'number': 7122, 'name': 'Mockingbird Ln'}, 'city': 'Cairns', 'state': 'Victoria', 'country': 'Australia', 'postcode': 5141, 'coordinates': {'latitude': '-82.7913', 'longitude': '-113.8683'}, 'timezone': {'offset': '-3:00', 'description': 'Brazil, Buenos Aires, Georgetown'}}, 'email': 'caleb.richards@example.com', 'login': {'uuid': '2c5b84da-f9ef-402d-a0d3-1bc5f7af9cee', 'username': 'ticklishelephant202', 'password': '353535', 'salt': '0K58dhZA', 'md5': '8dc36ce00735535151fccf30f13e2267', 'sha1': '66fd270156bfbb8178e13a3ddac2b4b57627216b', 'sha256': '24ddb0374b0401ff84f208b8ea516618250b4e39d9ee1a7a9a0c3232be6c5382'}, 'dob': {'date': '1985-02-03T11:16:28.879Z', 'age': 39}, 'registered': {'date': '2018-04-14T03:25:59.629Z', 'age': 6}, 'phone': '09-4696-7889', 'cell': '0411-950-137', 'id': {'name': 'TFN', 'value': '781961502'}, 'picture': {'large': 'https://randomuser.me/api/portraits/men/33.jpg', 'medium': 'https://randomuser.me/api/portraits/med/men/33.jpg', 'thumbnail': 'https://randomuser.me/api/portraits/thumb/men/33.jpg'}, 'nat': 'AU'}</msg>
<arg>${json_data['results'][0]}</arg>
<doc>Logs the given message with the given level.</doc>
<status status="PASS" start="2024-06-21T03:17:46.485809" elapsed="0.000385"/>
</kw>
<kw name="Log" owner="BuiltIn">
<msg time="2024-06-21T03:17:46.486607" level="INFO">login</msg>
<arg>${key}</arg>
<doc>Logs the given message with the given level.</doc>
<status status="PASS" start="2024-06-21T03:17:46.486483" elapsed="0.000159"/>
</kw>
<var name="${key}">login</var>
<status status="PASS" start="2024-06-21T03:17:46.485145" elapsed="0.001705"/>
</iter>
<var>${key}</var>
<value>@{expected_keys}</value>
<status status="PASS" start="2024-06-21T03:17:46.477344" elapsed="0.009645"/>
</for>
<kw name="Create List" owner="BuiltIn">
<msg time="2024-06-21T03:17:46.487309" level="INFO">${expected_keysTwo} = ['username', 'password']</msg>
<var>${expected_keysTwo}</var>
<arg>username</arg>
<arg>password</arg>
<doc>Returns a list containing given items.</doc>
<status status="PASS" start="2024-06-21T03:17:46.487176" elapsed="0.000184"/>
</kw>
<for flavor="IN">
<iter>
<kw name="Dictionary Should Contain Key" owner="Collections">
<arg>${json_data['results'][0]['login']}</arg>
<arg>${keyTwo}</arg>
<doc>Fails if ``key`` is not found from ``dictionary``.</doc>
<status status="PASS" start="2024-06-21T03:17:46.487851" elapsed="0.000384"/>
</kw>
<kw name="Dictionary Should Contain Key" owner="Collections">
<arg>${json_data['results'][0]['login']}</arg>
<arg>${keyTwo}</arg>
<doc>Fails if ``key`` is not found from ``dictionary``.</doc>
<status status="PASS" start="2024-06-21T03:17:46.488418" elapsed="0.000374"/>
</kw>
<kw name="Log" owner="BuiltIn">
<msg time="2024-06-21T03:17:46.489084" level="INFO">username</msg>
<arg>${keyTwo}</arg>
<doc>Logs the given message with the given level.</doc>
<status status="PASS" start="2024-06-21T03:17:46.488966" elapsed="0.000154"/>
</kw>
<var name="${keyTwo}">username</var>
<status status="PASS" start="2024-06-21T03:17:46.487746" elapsed="0.001592"/>
</iter>
<iter>
<kw name="Dictionary Should Contain Key" owner="Collections">
<arg>${json_data['results'][0]['login']}</arg>
<arg>${keyTwo}</arg>
<doc>Fails if ``key`` is not found from ``dictionary``.</doc>
<status status="PASS" start="2024-06-21T03:17:46.489608" elapsed="0.000372"/>
</kw>
<kw name="Dictionary Should Contain Key" owner="Collections">
<arg>${json_data['results'][0]['login']}</arg>
<arg>${keyTwo}</arg>
<doc>Fails if ``key`` is not found from ``dictionary``.</doc>
<status status="PASS" start="2024-06-21T03:17:46.490155" elapsed="0.000373"/>
</kw>
<kw name="Log" owner="BuiltIn">
<msg time="2024-06-21T03:17:46.490818" level="INFO">password</msg>
<arg>${keyTwo}</arg>
<doc>Logs the given message with the given level.</doc>
<status status="PASS" start="2024-06-21T03:17:46.490702" elapsed="0.000152"/>
</kw>
<var name="${keyTwo}">password</var>
<status status="PASS" start="2024-06-21T03:17:46.489502" elapsed="0.001679"/>
</iter>
<var>${keyTwo}</var>
<value>@{expected_keysTwo}</value>
<status status="PASS" start="2024-06-21T03:17:46.487596" elapsed="0.003705"/>
</for>
<status status="PASS" start="2024-06-21T03:17:46.367584" elapsed="0.123851"/>
</kw>
<doc>Testa a estrutura da resposta da API.</doc>
<tag>testeEstruturaResposta</tag>
<status status="PASS" start="2024-06-21T03:17:46.367093" elapsed="0.124483"/>
</test>
<test id="s1-s1-t4" name="Validar tipos de dados" line="28">
<kw name="Teste de Tipos de Dados" owner="random-user-service">
<kw name="GET On Session" owner="RequestsLibrary">
<msg time="2024-06-21T03:17:46.591851" level="INFO">GET Request : url=https://randomuser.me/api 
 path_url=/api 
 headers={'User-Agent': 'python-requests/2.32.3', 'Accept-Encoding': 'gzip, deflate', 'Accept': '*/*', 'Connection': 'keep-alive'} 
 body=None 
 </msg>
<msg time="2024-06-21T03:17:46.591931" level="INFO">GET Response : url=https://randomuser.me/api 
 status=200, reason=OK 
 headers={'Date': 'Fri, 21 Jun 2024 03:17:46 GMT', 'Content-Type': 'application/json; charset=utf-8', 'Transfer-Encoding': 'chunked', 'Connection': 'keep-alive', 'X-Powered-By': 'Express', 'Access-Control-Allow-Origin': '*', 'Cache-Control': 'no-cache', 'ETag': 'W/"486-iDX1+VozApX1zTso41Kt6XpySgo"', 'Vary': 'Accept-Encoding', 'Content-Encoding': 'gzip', 'CF-Cache-Status': 'DYNAMIC', 'Report-To': '{"endpoints":[{"url":"https:\\/\\/a.nel.cloudflare.com\\/report\\/v4?s=vtPSYhOtbS0%2F0ZaXEP5RkYkja68RMdflE3KtWTVb1ebinOAiBoRHoSIme28XcbP8XUlWAjkBdtl73DeB9MbcPcJ5bffro529TtDNs%2F398rKqOIFovWRSiTxi0Cv12YKQ"}],"group":"cf-nel","max_age":604800}', 'NEL': '{"success_fraction":0,"report_to":"cf-nel","max_age":604800}', 'Server': 'cloudflare', 'CF-RAY': '8970d8f599ec8400-LAX', 'alt-svc': 'h3=":443"; ma=86400'} 
 body={"results":[{"gender":"male","name":{"title":"Mr","first":"Hranimir","last":"Sahno"},"location":{"street":{"number":3926,"name":"Zhambila Zhabaieva"},"city":"Vatutine","state":"Kirovogradska","country":"Ukraine","postcode":95481,"coordinates":{"latitude":"80.0575","longitude":"-48.5503"},"timezone":{"offset":"+2:00","description":"Kaliningrad, South Africa"}},"email":"hranimir.sahno@example.com","login":{"uuid":"ec86526f-ef08-4cdd-8884-2a5e4a4202b0","username":"lazyfrog268","password":"lawrence","salt":"68bGXZ1t","md5":"7c3588266545ff6a39e223e6b138e2c7","sha1":"a6008d982d438cbf94a9683641b88af7462f4858","sha256":"5944cb604337524dc0e81a8320344fa433e0cbc6367a08450119274c6dd6e259"},"dob":{"date":"1981-08-20T20:43:48.225Z","age":42},"registered":{"date":"2009-09-10T19:04:34.679Z","age":14},"phone":"(068) Q21-0160","cell":"(098) C49-9781","id":{"name":"","value":null},"picture":{"large":"https://randomuser.me/api/portraits/men/89.jpg","medium":"https://randomuser.me/api/portraits/med/men/89.jpg","thumbnail":"https://randomuser.me/api/portraits/thumb/men/89.jpg"},"nat":"UA"}],"info":{"seed":"b60e0d009867e60a","results":1,"page":1,"version":"1.4"}} 
 </msg>
<msg time="2024-06-21T03:17:46.592000" level="INFO">/opt/hostedtoolcache/Python/3.12.4/x64/lib/python3.12/site-packages/urllib3/connectionpool.py:1099: InsecureRequestWarning: Unverified HTTPS request is being made to host 'randomuser.me'. Adding certificate verification is strongly advised. See: https://urllib3.readthedocs.io/en/latest/advanced-usage.html#tls-warnings
  warnings.warn(</msg>
<msg time="2024-06-21T03:17:46.592106" level="INFO">${response} = &lt;Response [200]&gt;</msg>
<var>${response}</var>
<arg>consultarAPI</arg>
<arg>/api</arg>
<doc>Sends a GET request on a previously created HTTP Session.</doc>
<status status="PASS" start="2024-06-21T03:17:46.493919" elapsed="0.098219"/>
</kw>
<kw name="Set Variable" owner="BuiltIn">
<msg time="2024-06-21T03:17:46.593113" level="INFO">${json_data} = {'results': [{'gender': 'male', 'name': {'title': 'Mr', 'first': 'Hranimir', 'last': 'Sahno'}, 'location': {'street': {'number': 3926, 'name': 'Zhambila Zhabaieva'}, 'city': 'Vatutine', 'state': 'Kiro...</msg>
<var>${json_data}</var>
<arg>${response.json()}</arg>
<doc>Returns the given values which can then be assigned to a variables.</doc>
<status status="PASS" start="2024-06-21T03:17:46.592669" elapsed="0.000471"/>
</kw>
<kw name="Log" owner="BuiltIn">
<msg time="2024-06-21T03:17:46.593579" level="INFO">{'results': [{'gender': 'male', 'name': {'title': 'Mr', 'first': 'Hranimir', 'last': 'Sahno'}, 'location': {'street': {'number': 3926, 'name': 'Zhambila Zhabaieva'}, 'city': 'Vatutine', 'state': 'Kirovogradska', 'country': 'Ukraine', 'postcode': 95481, 'coordinates': {'latitude': '80.0575', 'longitude': '-48.5503'}, 'timezone': {'offset': '+2:00', 'description': 'Kaliningrad, South Africa'}}, 'email': 'hranimir.sahno@example.com', 'login': {'uuid': 'ec86526f-ef08-4cdd-8884-2a5e4a4202b0', 'username': 'lazyfrog268', 'password': 'lawrence', 'salt': '68bGXZ1t', 'md5': '7c3588266545ff6a39e223e6b138e2c7', 'sha1': 'a6008d982d438cbf94a9683641b88af7462f4858', 'sha256': '5944cb604337524dc0e81a8320344fa433e0cbc6367a08450119274c6dd6e259'}, 'dob': {'date': '1981-08-20T20:43:48.225Z', 'age': 42}, 'registered': {'date': '2009-09-10T19:04:34.679Z', 'age': 14}, 'phone': '(068) Q21-0160', 'cell': '(098) C49-9781', 'id': {'name': '', 'value': None}, 'picture': {'large': 'https://randomuser.me/api/portraits/men/89.jpg', 'medium': 'https://randomuser.me/api/portraits/med/men/89.jpg', 'thumbnail': 'https://randomuser.me/api/portraits/thumb/men/89.jpg'}, 'nat': 'UA'}], 'info': {'seed': 'b60e0d009867e60a', 'results': 1, 'page': 1, 'version': '1.4'}}</msg>
<arg>${json_data}</arg>
<doc>Logs the given message with the given level.</doc>
<status status="PASS" start="2024-06-21T03:17:46.593434" elapsed="0.000200"/>
</kw>
<kw name="Should Be String" owner="String">
<arg>${json_data['results'][0]['gender']}</arg>
<doc>Fails if the given ``item`` is not a string.</doc>
<status status="PASS" start="2024-06-21T03:17:46.593914" elapsed="0.000359"/>
</kw>
<kw name="Should Match Regexp" owner="BuiltIn">
<arg>${json_data['results'][0]['email']}</arg>
<arg>^[a-zA-Z0-9._%+-]+@[a-zA-Z0-9.-]+\.[a-zA-Z]{2,}$</arg>
<doc>Fails if ``string`` does not match ``pattern`` as a regular expression.</doc>
<status status="PASS" start="2024-06-21T03:17:46.594459" elapsed="0.000531"/>
</kw>
<kw name="Should Match Regexp" owner="BuiltIn">
<arg>${json_data['results'][0]['dob']['date']}</arg>
<arg>\\d{4}-\\d{2}-\\d{2}T\\d{2}:\\d{2}:\\d{2}\\.\\d{3}Z</arg>
<doc>Fails if ``string`` does not match ``pattern`` as a regular expression.</doc>
<status status="PASS" start="2024-06-21T03:17:46.595223" elapsed="0.000482"/>
</kw>
<kw name="Should Match Regexp" owner="BuiltIn">
<arg>${json_data['results'][0]['registered']['date']}</arg>
<arg>\\d{4}-\\d{2}-\\d{2}T\\d{2}:\\d{2}:\\d{2}\\.\\d{3}Z</arg>
<doc>Fails if ``string`` does not match ``pattern`` as a regular expression.</doc>
<status status="PASS" start="2024-06-21T03:17:46.595887" elapsed="0.000372"/>
</kw>
<kw name="Should Match Regexp" owner="BuiltIn">
<arg>${json_data['results'][0]['picture']['large']}</arg>
<arg>^https?://.*\.(?:png|jpe?g|gif|bmp)$</arg>
<doc>Fails if ``string`` does not match ``pattern`` as a regular expression.</doc>
<status status="PASS" start="2024-06-21T03:17:46.596439" elapsed="0.000451"/>
</kw>
<kw name="Should Match Regexp" owner="BuiltIn">
<arg>${json_data['results'][0]['picture']['medium']}</arg>
<arg>^https?://.*\.(?:png|jpe?g|gif|bmp)$</arg>
<doc>Fails if ``string`` does not match ``pattern`` as a regular expression.</doc>
<status status="PASS" start="2024-06-21T03:17:46.597071" elapsed="0.000346"/>
</kw>
<kw name="Should Match Regexp" owner="BuiltIn">
<arg>${json_data['results'][0]['picture']['thumbnail']}</arg>
<arg>^https?://.*\.(?:png|jpe?g|gif|bmp)$</arg>
<doc>Fails if ``string`` does not match ``pattern`` as a regular expression.</doc>
<status status="PASS" start="2024-06-21T03:17:46.597596" elapsed="0.000340"/>
</kw>
<kw name="Log" owner="BuiltIn">
<msg time="2024-06-21T03:17:46.598429" level="INFO">{'large': 'https://randomuser.me/api/portraits/men/89.jpg', 'medium': 'https://randomuser.me/api/portraits/med/men/89.jpg', 'thumbnail': 'https://randomuser.me/api/portraits/thumb/men/89.jpg'}</msg>
<arg>${json_data['results'][0]['picture']}</arg>
<doc>Logs the given message with the given level.</doc>
<status status="PASS" start="2024-06-21T03:17:46.598112" elapsed="0.000358"/>
</kw>
<status status="PASS" start="2024-06-21T03:17:46.493708" elapsed="0.105010"/>
</kw>
<kw name="Teste de Tipos de Dados - Postcode" owner="random-user-service">
<kw name="GET On Session" owner="RequestsLibrary">
<msg time="2024-06-21T03:17:46.693037" level="INFO">GET Request : url=https://randomuser.me/api 
 path_url=/api 
 headers={'User-Agent': 'python-requests/2.32.3', 'Accept-Encoding': 'gzip, deflate', 'Accept': '*/*', 'Connection': 'keep-alive'} 
 body=None 
 </msg>
<msg time="2024-06-21T03:17:46.693120" level="INFO">GET Response : url=https://randomuser.me/api 
 status=200, reason=OK 
 headers={'Date': 'Fri, 21 Jun 2024 03:17:46 GMT', 'Content-Type': 'application/json; charset=utf-8', 'Transfer-Encoding': 'chunked', 'Connection': 'keep-alive', 'X-Powered-By': 'Express', 'Access-Control-Allow-Origin': '*', 'Cache-Control': 'no-cache', 'ETag': 'W/"4aa-rHumbYpQVo4Pnsg8+Gj82ajdP9A"', 'Vary': 'Accept-Encoding', 'Content-Encoding': 'gzip', 'CF-Cache-Status': 'DYNAMIC', 'Report-To': '{"endpoints":[{"url":"https:\\/\\/a.nel.cloudflare.com\\/report\\/v4?s=WxKaLju%2FIUlc1A%2BwaCvRvpuRm7mhvmJU7UF%2BAxwnKpxyl7CXYkVMtgZ9GjNlEWrFXNiQf6FvZgrfkGlEmZjhDMvxPfseoQ8dPuvKJZ1N1XqZmF8YhVk7hKJCMrHVHEXK"}],"group":"cf-nel","max_age":604800}', 'NEL': '{"success_fraction":0,"report_to":"cf-nel","max_age":604800}', 'Server': 'cloudflare', 'CF-RAY': '8970d8f64adf8400-LAX', 'alt-svc': 'h3=":443"; ma=86400'} 
 body={"results":[{"gender":"male","name":{"title":"Monsieur","first":"Cristian","last":"Louis"},"location":{"street":{"number":1210,"name":"Rue de Gerland"},"city":"Höchstetten","state":"Thurgau","country":"Switzerland","postcode":8408,"coordinates":{"latitude":"-56.8526","longitude":"-70.2717"},"timezone":{"offset":"+5:00","description":"Ekaterinburg, Islamabad, Karachi, Tashkent"}},"email":"cristian.louis@example.com","login":{"uuid":"29a176b9-a2a7-4e98-ab3b-703ada7b2ced","username":"brownpanda499","password":"remote","salt":"QiNE5LHQ","md5":"70d306492f63d5e15b1f5fa6d750c0a8","sha1":"5527135cf0e5812727d505c8fcc2a83c2d4c4dc0","sha256":"631c5ed08a15e6c79af5a585f11749046f4cec1185b59109429d5096e60ed14a"},"dob":{"date":"1945-12-28T23:01:47.187Z","age":78},"registered":{"date":"2006-10-18T21:05:17.946Z","age":17},"phone":"078 471 78 82","cell":"077 761 63 69","id":{"name":"AVS","value":"756.3606.8397.95"},"picture":{"large":"https://randomuser.me/api/portraits/men/67.jpg","medium":"https://randomuser.me/api/portraits/med/men/67.jpg","thumbnail":"https://randomuser.me/api/portraits/thumb/men/67.jpg"},"nat":"CH"}],"info":{"seed":"f8b70f4f11f9a394","results":1,"page":1,"version":"1.4"}} 
 </msg>
<msg time="2024-06-21T03:17:46.693195" level="INFO">/opt/hostedtoolcache/Python/3.12.4/x64/lib/python3.12/site-packages/urllib3/connectionpool.py:1099: InsecureRequestWarning: Unverified HTTPS request is being made to host 'randomuser.me'. Adding certificate verification is strongly advised. See: https://urllib3.readthedocs.io/en/latest/advanced-usage.html#tls-warnings
  warnings.warn(</msg>
<msg time="2024-06-21T03:17:46.693303" level="INFO">${response} = &lt;Response [200]&gt;</msg>
<var>${response}</var>
<arg>consultarAPI</arg>
<arg>/api</arg>
<doc>Sends a GET request on a previously created HTTP Session.</doc>
<status status="PASS" start="2024-06-21T03:17:46.599155" elapsed="0.094185"/>
</kw>
<kw name="Set Variable" owner="BuiltIn">
<msg time="2024-06-21T03:17:46.694274" level="INFO">${json_data} = {'results': [{'gender': 'male', 'name': {'title': 'Monsieur', 'first': 'Cristian', 'last': 'Louis'}, 'location': {'street': {'number': 1210, 'name': 'Rue de Gerland'}, 'city': 'Höchstetten', 'state': ...</msg>
<var>${json_data}</var>
<arg>${response.json()}</arg>
<doc>Returns the given values which can then be assigned to a variables.</doc>
<status status="PASS" start="2024-06-21T03:17:46.693824" elapsed="0.000479"/>
</kw>
<kw name="Log" owner="BuiltIn">
<msg time="2024-06-21T03:17:46.694747" level="INFO">{'results': [{'gender': 'male', 'name': {'title': 'Monsieur', 'first': 'Cristian', 'last': 'Louis'}, 'location': {'street': {'number': 1210, 'name': 'Rue de Gerland'}, 'city': 'Höchstetten', 'state': 'Thurgau', 'country': 'Switzerland', 'postcode': 8408, 'coordinates': {'latitude': '-56.8526', 'longitude': '-70.2717'}, 'timezone': {'offset': '+5:00', 'description': 'Ekaterinburg, Islamabad, Karachi, Tashkent'}}, 'email': 'cristian.louis@example.com', 'login': {'uuid': '29a176b9-a2a7-4e98-ab3b-703ada7b2ced', 'username': 'brownpanda499', 'password': 'remote', 'salt': 'QiNE5LHQ', 'md5': '70d306492f63d5e15b1f5fa6d750c0a8', 'sha1': '5527135cf0e5812727d505c8fcc2a83c2d4c4dc0', 'sha256': '631c5ed08a15e6c79af5a585f11749046f4cec1185b59109429d5096e60ed14a'}, 'dob': {'date': '1945-12-28T23:01:47.187Z', 'age': 78}, 'registered': {'date': '2006-10-18T21:05:17.946Z', 'age': 17}, 'phone': '078 471 78 82', 'cell': '077 761 63 69', 'id': {'name': 'AVS', 'value': '756.3606.8397.95'}, 'picture': {'large': 'https://randomuser.me/api/portraits/men/67.jpg', 'medium': 'https://randomuser.me/api/portraits/med/men/67.jpg', 'thumbnail': 'https://randomuser.me/api/portraits/thumb/men/67.jpg'}, 'nat': 'CH'}], 'info': {'seed': 'f8b70f4f11f9a394', 'results': 1, 'page': 1, 'version': '1.4'}}</msg>
<arg>${json_data}</arg>
<doc>Logs the given message with the given level.</doc>
<status status="PASS" start="2024-06-21T03:17:46.694596" elapsed="0.000198"/>
</kw>
<kw name="Should Be Equal As Numbers" owner="BuiltIn">
<arg>${json_data['results'][0]['location']['postcode']}</arg>
<arg>${json_data['results'][0]['location']['postcode']}</arg>
<doc>Fails if objects are unequal after converting them to real numbers.</doc>
<status status="PASS" start="2024-06-21T03:17:46.695123" elapsed="0.000610"/>
</kw>
<kw name="Log" owner="BuiltIn">
<msg time="2024-06-21T03:17:46.696362" level="INFO">8408</msg>
<arg>${json_data['results'][0]['location']['postcode']}</arg>
<doc>Logs the given message with the given level.</doc>
<status status="PASS" start="2024-06-21T03:17:46.695915" elapsed="0.000519"/>
</kw>
<status status="PASS" start="2024-06-21T03:17:46.598918" elapsed="0.097765"/>
</kw>
<doc>Testa se os tipos de dados na resposta da API estão corretos.</doc>
<tag>testeTiposDados</tag>
<status status="PASS" start="2024-06-21T03:17:46.493300" elapsed="0.203534"/>
</test>
<test id="s1-s1-t5" name="Validar conteudo" line="35">
<kw name="Teste de Tipos de Conteudo" owner="random-user-service">
<kw name="GET On Session" owner="RequestsLibrary">
<msg time="2024-06-21T03:17:46.802800" level="INFO">GET Request : url=https://randomuser.me/api 
 path_url=/api 
 headers={'User-Agent': 'python-requests/2.32.3', 'Accept-Encoding': 'gzip, deflate', 'Accept': '*/*', 'Connection': 'keep-alive'} 
 body=None 
 </msg>
<msg time="2024-06-21T03:17:46.802871" level="INFO">GET Response : url=https://randomuser.me/api 
 status=200, reason=OK 
 headers={'Date': 'Fri, 21 Jun 2024 03:17:46 GMT', 'Content-Type': 'application/json; charset=utf-8', 'Transfer-Encoding': 'chunked', 'Connection': 'keep-alive', 'X-Powered-By': 'Express', 'Access-Control-Allow-Origin': '*', 'Cache-Control': 'no-cache', 'ETag': 'W/"473-j2FjYYoaJAcqTceLyuZCHwEMPwc"', 'Vary': 'Accept-Encoding', 'Content-Encoding': 'gzip', 'CF-Cache-Status': 'DYNAMIC', 'Report-To': '{"endpoints":[{"url":"https:\\/\\/a.nel.cloudflare.com\\/report\\/v4?s=BjjWJIVg2imest5tPWCWiEyn2G5C6y9r6psSFBGWVzH163YRuv5nnQqlxQYSikeE%2FRw8CwUSPenYXvMeUArrV9o29e6Z2QDZsHIa4f6xmUohuywseI5BSAohnnKVPtkk"}],"group":"cf-nel","max_age":604800}', 'NEL': '{"success_fraction":0,"report_to":"cf-nel","max_age":604800}', 'Server': 'cloudflare', 'CF-RAY': '8970d8f6eba08400-LAX', 'alt-svc': 'h3=":443"; ma=86400'} 
 body={"results":[{"gender":"male","name":{"title":"Mr","first":"Benjamin","last":"Kumar"},"location":{"street":{"number":5348,"name":"Frederick Street"},"city":"Masterton","state":"Southland","country":"New Zealand","postcode":93539,"coordinates":{"latitude":"51.3702","longitude":"-148.1066"},"timezone":{"offset":"-9:00","description":"Alaska"}},"email":"benjamin.kumar@example.com","login":{"uuid":"261846ae-e2f7-4f56-9af0-a94f6680d43f","username":"yellowbird694","password":"pepito","salt":"6k7C7vxI","md5":"3e1d5f12f3cdbcd2e4d3cabadf08aed7","sha1":"332ff7adcca680d952eaf79f403a215edb335210","sha256":"3efb70ffdbdbe9a1dfecb5c1a76c5860916de3f3f088d5ea10119e4b81e9be07"},"dob":{"date":"1978-03-16T06:54:04.420Z","age":46},"registered":{"date":"2007-09-02T18:04:56.552Z","age":16},"phone":"(445)-082-2913","cell":"(672)-418-5903","id":{"name":"","value":null},"picture":{"large":"https://randomuser.me/api/portraits/men/95.jpg","medium":"https://randomuser.me/api/portraits/med/men/95.jpg","thumbnail":"https://randomuser.me/api/portraits/thumb/men/95.jpg"},"nat":"NZ"}],"info":{"seed":"41ecb377938c5e97","results":1,"page":1,"version":"1.4"}} 
 </msg>
<msg time="2024-06-21T03:17:46.802925" level="INFO">/opt/hostedtoolcache/Python/3.12.4/x64/lib/python3.12/site-packages/urllib3/connectionpool.py:1099: InsecureRequestWarning: Unverified HTTPS request is being made to host 'randomuser.me'. Adding certificate verification is strongly advised. See: https://urllib3.readthedocs.io/en/latest/advanced-usage.html#tls-warnings
  warnings.warn(</msg>
<msg time="2024-06-21T03:17:46.803035" level="INFO">${response} = &lt;Response [200]&gt;</msg>
<var>${response}</var>
<arg>consultarAPI</arg>
<arg>/api</arg>
<doc>Sends a GET request on a previously created HTTP Session.</doc>
<status status="PASS" start="2024-06-21T03:17:46.699206" elapsed="0.103869"/>
</kw>
<kw name="Set Variable" owner="BuiltIn">
<msg time="2024-06-21T03:17:46.803928" level="INFO">${json_data} = {'results': [{'gender': 'male', 'name': {'title': 'Mr', 'first': 'Benjamin', 'last': 'Kumar'}, 'location': {'street': {'number': 5348, 'name': 'Frederick Street'}, 'city': 'Masterton', 'state': 'South...</msg>
<var>${json_data}</var>
<arg>${response.json()}</arg>
<doc>Returns the given values which can then be assigned to a variables.</doc>
<status status="PASS" start="2024-06-21T03:17:46.803495" elapsed="0.000460"/>
</kw>
<kw name="Set Variable" owner="BuiltIn">
<msg time="2024-06-21T03:17:46.804629" level="INFO">${name_title} = Mr</msg>
<var>${name_title}</var>
<arg>${json_data["results"][0]["name"]["title"]}</arg>
<doc>Returns the given values which can then be assigned to a variables.</doc>
<status status="PASS" start="2024-06-21T03:17:46.804254" elapsed="0.000400"/>
</kw>
<kw name="Create List" owner="BuiltIn">
<msg time="2024-06-21T03:17:46.805090" level="INFO">${allowed_titles} = ['Mr', 'Ms', 'Miss', 'Mrs', 'Madame', 'Monsieur']</msg>
<var>${allowed_titles}</var>
<arg>Mr</arg>
<arg>Ms</arg>
<arg>Miss</arg>
<arg>Mrs</arg>
<arg>Madame</arg>
<arg>Monsieur</arg>
<doc>Returns a list containing given items.</doc>
<status status="PASS" start="2024-06-21T03:17:46.804946" elapsed="0.000167"/>
</kw>
<kw name="List Should Contain Value" owner="Collections">
<arg>${allowed_titles}</arg>
<arg>${name_title}</arg>
<doc>Fails if the ``value`` is not found from ``list``.</doc>
<status status="PASS" start="2024-06-21T03:17:46.805439" elapsed="0.000166"/>
</kw>
<kw name="Set Variable" owner="BuiltIn">
<msg time="2024-06-21T03:17:46.806331" level="INFO">${name_country} = NZ</msg>
<var>${name_country}</var>
<arg>${json_data["results"][0]["nat"]}</arg>
<doc>Returns the given values which can then be assigned to a variables.</doc>
<status status="PASS" start="2024-06-21T03:17:46.805776" elapsed="0.000596"/>
</kw>
<kw name="Create List" owner="BuiltIn">
<msg time="2024-06-21T03:17:46.807710" level="INFO">${list_country} = ['AD', 'AE', 'AF', 'AG', 'AI', 'AL', 'AM', 'AO', 'AQ', 'AR', 'AS', 'AT', 'AU', 'AW', 'AX', 'AZ', 'BA', 'BB', 'BD', 'BE', 'BF', 'BG', 'BH', 'BI', 'BJ', 'BL', 'BM', 'BN', 'BO', 'BQ', 'BR', 'BS', 'BT', '...</msg>
<var>${list_country}</var>
<arg>AD</arg>
<arg>AE</arg>
<arg>AF</arg>
<arg>AG</arg>
<arg>AI</arg>
<arg>AL</arg>
<arg>AM</arg>
<arg>AO</arg>
<arg>AQ</arg>
<arg>AR</arg>
<arg>AS</arg>
<arg>AT</arg>
<arg>AU</arg>
<arg>AW</arg>
<arg>AX</arg>
<arg>AZ</arg>
<arg>BA</arg>
<arg>BB</arg>
<arg>BD</arg>
<arg>BE</arg>
<arg>BF</arg>
<arg>BG</arg>
<arg>BH</arg>
<arg>BI</arg>
<arg>BJ</arg>
<arg>BL</arg>
<arg>BM</arg>
<arg>BN</arg>
<arg>BO</arg>
<arg>BQ</arg>
<arg>BR</arg>
<arg>BS</arg>
<arg>BT</arg>
<arg>BV</arg>
<arg>BW</arg>
<arg>BY</arg>
<arg>BZ</arg>
<arg>CA</arg>
<arg>CC</arg>
<arg>CD</arg>
<arg>CF</arg>
<arg>CG</arg>
<arg>CH</arg>
<arg>CI</arg>
<arg>CK</arg>
<arg>CL</arg>
<arg>CM</arg>
<arg>CN</arg>
<arg>CO</arg>
<arg>CR</arg>
<arg>CU</arg>
<arg>CV</arg>
<arg>CW</arg>
<arg>CX</arg>
<arg>CY</arg>
<arg>CZ</arg>
<arg>DE</arg>
<arg>DJ</arg>
<arg>DK</arg>
<arg>DM</arg>
<arg>DO</arg>
<arg>DZ</arg>
<arg>EC</arg>
<arg>EE</arg>
<arg>EG</arg>
<arg>EH</arg>
<arg>ER</arg>
<arg>ES</arg>
<arg>ET</arg>
<arg>FI</arg>
<arg>FJ</arg>
<arg>FK</arg>
<arg>FM</arg>
<arg>FO</arg>
<arg>FR</arg>
<arg>GA</arg>
<arg>GB</arg>
<arg>GD</arg>
<arg>GE</arg>
<arg>GF</arg>
<arg>GG</arg>
<arg>GH</arg>
<arg>GI</arg>
<arg>GL</arg>
<arg>GM</arg>
<arg>GN</arg>
<arg>GP</arg>
<arg>GQ</arg>
<arg>GR</arg>
<arg>GS</arg>
<arg>GT</arg>
<arg>GU</arg>
<arg>GW</arg>
<arg>GY</arg>
<arg>HK</arg>
<arg>HM</arg>
<arg>HN</arg>
<arg>HR</arg>
<arg>HT</arg>
<arg>HU</arg>
<arg>ID</arg>
<arg>IE</arg>
<arg>IL</arg>
<arg>IM</arg>
<arg>IN</arg>
<arg>IO</arg>
<arg>IQ</arg>
<arg>IR</arg>
<arg>IS</arg>
<arg>IT</arg>
<arg>JE</arg>
<arg>JM</arg>
<arg>JO</arg>
<arg>JP</arg>
<arg>KE</arg>
<arg>KG</arg>
<arg>KH</arg>
<arg>KI</arg>
<arg>KM</arg>
<arg>KN</arg>
<arg>KP</arg>
<arg>KR</arg>
<arg>KW</arg>
<arg>KY</arg>
<arg>KZ</arg>
<arg>LA</arg>
<arg>LB</arg>
<arg>LC</arg>
<arg>LI</arg>
<arg>LK</arg>
<arg>LR</arg>
<arg>LS</arg>
<arg>LT</arg>
<arg>LU</arg>
<arg>LV</arg>
<arg>LY</arg>
<arg>MA</arg>
<arg>MC</arg>
<arg>MD</arg>
<arg>ME</arg>
<arg>MF</arg>
<arg>MG</arg>
<arg>MH</arg>
<arg>MK</arg>
<arg>ML</arg>
<arg>MM</arg>
<arg>MN</arg>
<arg>MO</arg>
<arg>MP</arg>
<arg>MQ</arg>
<arg>MR</arg>
<arg>MS</arg>
<arg>MT</arg>
<arg>MU</arg>
<arg>MV</arg>
<arg>MW</arg>
<arg>MX</arg>
<arg>MY</arg>
<arg>MZ</arg>
<arg>NA</arg>
<arg>NC</arg>
<arg>NE</arg>
<arg>NF</arg>
<arg>NG</arg>
<arg>NI</arg>
<arg>NL</arg>
<arg>NO</arg>
<arg>NP</arg>
<arg>NR</arg>
<arg>NU</arg>
<arg>NZ</arg>
<arg>OM</arg>
<arg>PA</arg>
<arg>PE</arg>
<arg>PF</arg>
<arg>PG</arg>
<arg>PH</arg>
<arg>PK</arg>
<arg>PL</arg>
<arg>PM</arg>
<arg>PN</arg>
<arg>PR</arg>
<arg>PS</arg>
<arg>PT</arg>
<arg>PW</arg>
<arg>PY</arg>
<arg>QA</arg>
<arg>RE</arg>
<arg>RO</arg>
<arg>RS</arg>
<arg>RU</arg>
<arg>RW</arg>
<arg>SA</arg>
<arg>SB</arg>
<arg>SC</arg>
<arg>SD</arg>
<arg>SE</arg>
<arg>SG</arg>
<arg>SH</arg>
<arg>SI</arg>
<arg>SJ</arg>
<arg>SK</arg>
<arg>SL</arg>
<arg>SM</arg>
<arg>SN</arg>
<arg>SO</arg>
<arg>SR</arg>
<arg>SS</arg>
<arg>ST</arg>
<arg>SV</arg>
<arg>SX</arg>
<arg>SY</arg>
<arg>SZ</arg>
<arg>TC</arg>
<arg>TD</arg>
<arg>TF</arg>
<arg>TG</arg>
<arg>TH</arg>
<arg>TJ</arg>
<arg>TK</arg>
<arg>TL</arg>
<arg>TM</arg>
<arg>TN</arg>
<arg>TO</arg>
<arg>TR</arg>
<arg>TT</arg>
<arg>TV</arg>
<arg>TW</arg>
<arg>TZ</arg>
<arg>UA</arg>
<arg>UG</arg>
<arg>UM</arg>
<arg>US</arg>
<arg>UY</arg>
<arg>UZ</arg>
<arg>VA</arg>
<arg>VC</arg>
<arg>VE</arg>
<arg>VG</arg>
<arg>VI</arg>
<arg>VN</arg>
<arg>VU</arg>
<arg>WF</arg>
<arg>WS</arg>
<arg>XK</arg>
<arg>YE</arg>
<arg>YT</arg>
<arg>ZA</arg>
<arg>ZM</arg>
<arg>ZW</arg>
<doc>Returns a list containing given items.</doc>
<status status="PASS" start="2024-06-21T03:17:46.806736" elapsed="0.001010"/>
</kw>
<kw name="List Should Contain Value" owner="Collections">
<arg>${list_country}</arg>
<arg>${name_country}</arg>
<doc>Fails if the ``value`` is not found from ``list``.</doc>
<status status="PASS" start="2024-06-21T03:17:46.808971" elapsed="0.000220"/>
</kw>
<kw name="Run Keyword If" owner="BuiltIn">
<kw name="Should Be True" owner="BuiltIn">
<arg>${True}</arg>
<doc>Fails if the given condition is not true.</doc>
<status status="PASS" start="2024-06-21T03:17:46.810115" elapsed="0.000139"/>
</kw>
<arg>${json_data["results"][0]["location"]["coordinates"]["latitude"]} &gt;= -90 and ${json_data["results"][0]["location"]["coordinates"]["latitude"]} &lt;= 90</arg>
<arg>Should Be True</arg>
<arg>${True}</arg>
<doc>Runs the given keyword with the given arguments, if ``condition`` is true.</doc>
<status status="PASS" start="2024-06-21T03:17:46.809389" elapsed="0.000988"/>
</kw>
<kw name="Run Keyword If" owner="BuiltIn">
<kw name="Should Be True" owner="BuiltIn">
<arg>${True}</arg>
<doc>Fails if the given condition is not true.</doc>
<status status="PASS" start="2024-06-21T03:17:46.811269" elapsed="0.000227"/>
</kw>
<arg>${json_data["results"][0]["location"]["coordinates"]["longitude"]} &gt;= -180 and ${json_data["results"][0]["location"]["coordinates"]["longitude"]} &lt;= 180</arg>
<arg>Should Be True</arg>
<arg>${True}</arg>
<doc>Runs the given keyword with the given arguments, if ``condition`` is true.</doc>
<status status="PASS" start="2024-06-21T03:17:46.810553" elapsed="0.001070"/>
</kw>
<status status="PASS" start="2024-06-21T03:17:46.698989" elapsed="0.112762"/>
</kw>
<doc>Testa o conteúdo específico dos campos retornados pela API.</doc>
<tag>testeConteudo</tag>
<status status="PASS" start="2024-06-21T03:17:46.698539" elapsed="0.113351"/>
</test>
<status status="PASS" start="2024-06-21T03:17:45.851678" elapsed="0.962063"/>
</suite>
<status status="PASS" start="2024-06-21T03:17:45.837666" elapsed="0.981045"/>
</suite>
<statistics>
<total>
<stat pass="5" fail="0" skip="0">All Tests</stat>
</total>
<tag>
<stat pass="1" fail="0" skip="0">testeConteudo</stat>
<stat pass="1" fail="0" skip="0">testeEstruturaResposta</stat>
<stat pass="1" fail="0" skip="0">testeRequisicaoBasica</stat>
<stat pass="1" fail="0" skip="0">testeTiposDados</stat>
</tag>
<suite>
<stat pass="5" fail="0" skip="0" id="s1" name="Tests">Tests</stat>
<stat pass="5" fail="0" skip="0" id="s1-s1" name="Random-User-Test">Tests.Random-User-Test</stat>
</suite>
</statistics>
<errors>
</errors>
</robot>
