<?xml version="1.0" encoding="UTF-8"?>
<robot generator="Robot 7.0.1 (Python 3.12.4 on linux)" generated="2024-07-24T19:12:27.396510" rpa="false" schemaversion="5">
<suite id="s1" name="Tests" source="/home/runner/work/ApiRandomUser/ApiRandomUser/RamdonUser/tests">
<suite id="s1-s1" name="Random-User-Test" source="/home/runner/work/ApiRandomUser/ApiRandomUser/RamdonUser/tests/random-user-test.robot">
<test id="s1-s1-t1" name="Conectar" line="13">
<kw name="Conectar API" owner="random-user-service">
<kw name="Create Session" owner="RequestsLibrary">
<msg time="2024-07-24T19:12:27.789874" level="INFO">Creating Session using : alias=consultarAPI, url=https://randomuser.me/, headers={},                     cookies={}, auth=None, timeout=None, proxies=None, verify=False,                     debug=0 </msg>
<arg>consultarAPI</arg>
<arg>${URL}</arg>
<doc>Create Session: create a HTTP session to a server</doc>
<status status="PASS" start="2024-07-24T19:12:27.789676" elapsed="0.000371"/>
</kw>
<status status="PASS" start="2024-07-24T19:12:27.788677" elapsed="0.001724"/>
</kw>
<status status="PASS" start="2024-07-24T19:12:27.788045" elapsed="0.002553"/>
</test>
<test id="s1-s1-t2" name="Validar retorno 200 e JSON Válido" line="16">
<kw name="Teste de Requisicao Basica" owner="random-user-service">
<kw name="GET On Session" owner="RequestsLibrary">
<msg time="2024-07-24T19:12:27.849902" level="INFO">GET Request : url=https://randomuser.me/api 
 path_url=/api 
 headers={'User-Agent': 'python-requests/2.32.3', 'Accept-Encoding': 'gzip, deflate', 'Accept': '*/*', 'Connection': 'keep-alive'} 
 body=None 
 </msg>
<msg time="2024-07-24T19:12:27.850030" level="INFO">GET Response : url=https://randomuser.me/api 
 status=200, reason=OK 
 headers={'Date': 'Wed, 24 Jul 2024 19:12:27 GMT', 'Content-Type': 'application/json; charset=utf-8', 'Transfer-Encoding': 'chunked', 'Connection': 'keep-alive', 'X-Powered-By': 'Express', 'Access-Control-Allow-Origin': '*', 'Cache-Control': 'no-cache', 'ETag': 'W/"480-cp5hgGCuOhPrySeFRn/zdDOaa0I"', 'Vary': 'Accept-Encoding', 'Content-Encoding': 'gzip', 'CF-Cache-Status': 'DYNAMIC', 'Report-To': '{"endpoints":[{"url":"https:\\/\\/a.nel.cloudflare.com\\/report\\/v4?s=1NG27HQvX1rHx4QVcxqeNJhwRPNZ9H1veTnF5k9JD5sCqlzYRQs501J%2F%2Bd1o%2F%2F3hgEbe19yZ1POdMU48n8XgLRJ8AKBvklAR1ZrzwWG5TfHe5fI6JzYgVitr%2FJE9j0dZ"}],"group":"cf-nel","max_age":604800}', 'NEL': '{"success_fraction":0,"report_to":"cf-nel","max_age":604800}', 'Server': 'cloudflare', 'CF-RAY': '8a8638cde886061d-IAD', 'alt-svc': 'h3=":443"; ma=86400'} 
 body={"results":[{"gender":"male","name":{"title":"Mr","first":"Torbjørn","last":"Mørck"},"location":{"street":{"number":5330,"name":"Nordåssløyfa"},"city":"Innvik","state":"Finnmark - Finnmárku","country":"Norway","postcode":"3057","coordinates":{"latitude":"43.4084","longitude":"-48.2450"},"timezone":{"offset":"+7:00","description":"Bangkok, Hanoi, Jakarta"}},"email":"torbjorn.morck@example.com","login":{"uuid":"e9d89541-9963-417f-8d73-17b154421f71","username":"lazyduck188","password":"super","salt":"JKBmfD9W","md5":"dfe718d8bd639b459f6ec68043f69fa6","sha1":"d3d454d73eb347e1e0b14d345bc2c40a49a2c7c2","sha256":"3c7e269c76e5c582d0ef6dc2188cf8f628096d569006714b5a6e71f16d1120a0"},"dob":{"date":"1969-07-14T09:13:56.045Z","age":55},"registered":{"date":"2016-04-20T08:49:16.924Z","age":8},"phone":"52211941","cell":"46811852","id":{"name":"FN","value":"14076927503"},"picture":{"large":"https://randomuser.me/api/portraits/men/8.jpg","medium":"https://randomuser.me/api/portraits/med/men/8.jpg","thumbnail":"https://randomuser.me/api/portraits/thumb/men/8.jpg"},"nat":"NO"}],"info":{"seed":"95e31c814722669a","results":1,"page":1,"version":"1.4"}} 
 </msg>
<msg time="2024-07-24T19:12:27.850118" level="INFO">/opt/hostedtoolcache/Python/3.12.4/x64/lib/python3.12/site-packages/urllib3/connectionpool.py:1099: InsecureRequestWarning: Unverified HTTPS request is being made to host 'randomuser.me'. Adding certificate verification is strongly advised. See: https://urllib3.readthedocs.io/en/latest/advanced-usage.html#tls-warnings
  warnings.warn(</msg>
<msg time="2024-07-24T19:12:27.850267" level="INFO">${response} = &lt;Response [200]&gt;</msg>
<var>${response}</var>
<arg>consultarAPI</arg>
<arg>/api</arg>
<doc>Sends a GET request on a previously created HTTP Session.</doc>
<status status="PASS" start="2024-07-24T19:12:27.793263" elapsed="0.057040"/>
</kw>
<kw name="Should Be Equal As Numbers" owner="BuiltIn">
<msg time="2024-07-24T19:12:27.851114" level="INFO">Argument types are:
&lt;class 'int'&gt;
&lt;class 'str'&gt;</msg>
<arg>${response.status_code}</arg>
<arg>200</arg>
<doc>Fails if objects are unequal after converting them to real numbers.</doc>
<status status="PASS" start="2024-07-24T19:12:27.850721" elapsed="0.000455"/>
</kw>
<kw name="Log" owner="BuiltIn">
<msg time="2024-07-24T19:12:27.851844" level="INFO">200</msg>
<arg>${response.status_code}</arg>
<doc>Logs the given message with the given level.</doc>
<status status="PASS" start="2024-07-24T19:12:27.851493" elapsed="0.000392"/>
</kw>
<kw name="Set Variable" owner="BuiltIn">
<msg time="2024-07-24T19:12:27.852668" level="INFO">${json_data} = {'results': [{'gender': 'male', 'name': {'title': 'Mr', 'first': 'Torbjørn', 'last': 'Mørck'}, 'location': {'street': {'number': 5330, 'name': 'Nordåssløyfa'}, 'city': 'Innvik', 'state': 'Finnmark - F...</msg>
<var>${json_data}</var>
<arg>${response.json()}</arg>
<doc>Returns the given values which can then be assigned to a variables.</doc>
<status status="PASS" start="2024-07-24T19:12:27.852190" elapsed="0.000507"/>
</kw>
<kw name="Dictionary Should Contain Key" owner="Collections">
<arg>${json_data}</arg>
<arg>results</arg>
<doc>Fails if ``key`` is not found from ``dictionary``.</doc>
<status status="PASS" start="2024-07-24T19:12:27.853010" elapsed="0.000289"/>
</kw>
<status status="PASS" start="2024-07-24T19:12:27.793015" elapsed="0.060431"/>
</kw>
<doc>Testa se a API responde corretamente e retorna um objeto JSON válido.</doc>
<tag>testeRequisicaoBasica</tag>
<status status="PASS" start="2024-07-24T19:12:27.792486" elapsed="0.061118"/>
</test>
<test id="s1-s1-t3" name="Validar estrutura de resposta" line="22">
<kw name="Teste de Estrutura de Resposta" owner="random-user-service">
<kw name="GET On Session" owner="RequestsLibrary">
<msg time="2024-07-24T19:12:27.957699" level="INFO">GET Request : url=https://randomuser.me/api 
 path_url=/api 
 headers={'User-Agent': 'python-requests/2.32.3', 'Accept-Encoding': 'gzip, deflate', 'Accept': '*/*', 'Connection': 'keep-alive'} 
 body=None 
 </msg>
<msg time="2024-07-24T19:12:27.957776" level="INFO">GET Response : url=https://randomuser.me/api 
 status=200, reason=OK 
 headers={'Date': 'Wed, 24 Jul 2024 19:12:27 GMT', 'Content-Type': 'application/json; charset=utf-8', 'Transfer-Encoding': 'chunked', 'Connection': 'keep-alive', 'X-Powered-By': 'Express', 'Access-Control-Allow-Origin': '*', 'Cache-Control': 'no-cache', 'ETag': 'W/"469-/CjK5S/q4I6RaL8/zdpb2qZzkYE"', 'Vary': 'Accept-Encoding', 'Content-Encoding': 'gzip', 'CF-Cache-Status': 'DYNAMIC', 'Report-To': '{"endpoints":[{"url":"https:\\/\\/a.nel.cloudflare.com\\/report\\/v4?s=TqTOFeomdvffRBXO%2BNEy1%2FoEpZG2FHdrEB22qwtbGVeHfmQVJThgKiGNXlvX0eZi7eCCza5IemwrKcMIFii7%2BANgTGEcAoX4NtzpHaMAC8XK2AnAXc965q4LX6Yrp4Q2"}],"group":"cf-nel","max_age":604800}', 'NEL': '{"success_fraction":0,"report_to":"cf-nel","max_age":604800}', 'Server': 'cloudflare', 'CF-RAY': '8a8638ce18bd061d-IAD', 'alt-svc': 'h3=":443"; ma=86400'} 
 body={"results":[{"gender":"female","name":{"title":"Miss","first":"Leni","last":"Welde"},"location":{"street":{"number":9536,"name":"Hanåveien"},"city":"Sagvåg","state":"Vest-Agder","country":"Norway","postcode":"6413","coordinates":{"latitude":"40.4165","longitude":"57.8273"},"timezone":{"offset":"+5:45","description":"Kathmandu"}},"email":"leni.welde@example.com","login":{"uuid":"8f0cf5af-d9d2-4968-8d04-747de76a9908","username":"crazyladybug353","password":"4545","salt":"K3iKyGcZ","md5":"57dd7ea252ec66e43bfc7f0690366e0d","sha1":"e08f3494f86eadd5c9b1f0bed803548f3791ba14","sha256":"9203e6ffdbbc6f77fa74138969b787231223b8cd5e66f588bdfc7a220e0dce02"},"dob":{"date":"1971-12-08T05:05:44.339Z","age":52},"registered":{"date":"2019-09-22T01:11:45.153Z","age":4},"phone":"53665056","cell":"97289347","id":{"name":"FN","value":"08127145491"},"picture":{"large":"https://randomuser.me/api/portraits/women/90.jpg","medium":"https://randomuser.me/api/portraits/med/women/90.jpg","thumbnail":"https://randomuser.me/api/portraits/thumb/women/90.jpg"},"nat":"NO"}],"info":{"seed":"1d2a22cbbc2f536e","results":1,"page":1,"version":"1.4"}} 
 </msg>
<msg time="2024-07-24T19:12:27.957871" level="INFO">/opt/hostedtoolcache/Python/3.12.4/x64/lib/python3.12/site-packages/urllib3/connectionpool.py:1099: InsecureRequestWarning: Unverified HTTPS request is being made to host 'randomuser.me'. Adding certificate verification is strongly advised. See: https://urllib3.readthedocs.io/en/latest/advanced-usage.html#tls-warnings
  warnings.warn(</msg>
<msg time="2024-07-24T19:12:27.957986" level="INFO">${response} = &lt;Response [200]&gt;</msg>
<var>${response}</var>
<arg>consultarAPI</arg>
<arg>/api</arg>
<doc>Sends a GET request on a previously created HTTP Session.</doc>
<status status="PASS" start="2024-07-24T19:12:27.856188" elapsed="0.101827"/>
</kw>
<kw name="Set Variable" owner="BuiltIn">
<msg time="2024-07-24T19:12:27.958800" level="INFO">${json_data} = {'results': [{'gender': 'female', 'name': {'title': 'Miss', 'first': 'Leni', 'last': 'Welde'}, 'location': {'street': {'number': 9536, 'name': 'Hanåveien'}, 'city': 'Sagvåg', 'state': 'Vest-Agder', 'c...</msg>
<var>${json_data}</var>
<arg>${response.json()}</arg>
<doc>Returns the given values which can then be assigned to a variables.</doc>
<status status="PASS" start="2024-07-24T19:12:27.958350" elapsed="0.000480"/>
</kw>
<kw name="Log" owner="BuiltIn">
<msg time="2024-07-24T19:12:27.959322" level="INFO">{'results': [{'gender': 'female', 'name': {'title': 'Miss', 'first': 'Leni', 'last': 'Welde'}, 'location': {'street': {'number': 9536, 'name': 'Hanåveien'}, 'city': 'Sagvåg', 'state': 'Vest-Agder', 'country': 'Norway', 'postcode': '6413', 'coordinates': {'latitude': '40.4165', 'longitude': '57.8273'}, 'timezone': {'offset': '+5:45', 'description': 'Kathmandu'}}, 'email': 'leni.welde@example.com', 'login': {'uuid': '8f0cf5af-d9d2-4968-8d04-747de76a9908', 'username': 'crazyladybug353', 'password': '4545', 'salt': 'K3iKyGcZ', 'md5': '57dd7ea252ec66e43bfc7f0690366e0d', 'sha1': 'e08f3494f86eadd5c9b1f0bed803548f3791ba14', 'sha256': '9203e6ffdbbc6f77fa74138969b787231223b8cd5e66f588bdfc7a220e0dce02'}, 'dob': {'date': '1971-12-08T05:05:44.339Z', 'age': 52}, 'registered': {'date': '2019-09-22T01:11:45.153Z', 'age': 4}, 'phone': '53665056', 'cell': '97289347', 'id': {'name': 'FN', 'value': '08127145491'}, 'picture': {'large': 'https://randomuser.me/api/portraits/women/90.jpg', 'medium': 'https://randomuser.me/api/portraits/med/women/90.jpg', 'thumbnail': 'https://randomuser.me/api/portraits/thumb/women/90.jpg'}, 'nat': 'NO'}], 'info': {'seed': '1d2a22cbbc2f536e', 'results': 1, 'page': 1, 'version': '1.4'}}</msg>
<arg>${json_data}</arg>
<doc>Logs the given message with the given level.</doc>
<status status="PASS" start="2024-07-24T19:12:27.959158" elapsed="0.000216"/>
</kw>
<kw name="Dictionary Should Contain Key" owner="Collections">
<arg>${json_data}</arg>
<arg>results</arg>
<doc>Fails if ``key`` is not found from ``dictionary``.</doc>
<status status="PASS" start="2024-07-24T19:12:27.959669" elapsed="0.000159"/>
</kw>
<kw name="Should Not Be Empty" owner="BuiltIn">
<msg time="2024-07-24T19:12:27.960141" level="INFO">Length is 2.</msg>
<arg>${json_data}</arg>
<doc>Verifies that the given item is not empty.</doc>
<status status="PASS" start="2024-07-24T19:12:27.960013" elapsed="0.000166"/>
</kw>
<kw name="Create List" owner="BuiltIn">
<msg time="2024-07-24T19:12:27.960658" level="INFO">${expected_keys} = ['gender', 'name', 'location', 'email', 'login']</msg>
<var>${expected_keys}</var>
<arg>gender</arg>
<arg>name</arg>
<arg>location</arg>
<arg>email</arg>
<arg>login</arg>
<doc>Returns a list containing given items.</doc>
<status status="PASS" start="2024-07-24T19:12:27.960501" elapsed="0.000181"/>
</kw>
<for flavor="IN">
<iter>
<kw name="Dictionary Should Contain Key" owner="Collections">
<arg>${json_data['results'][0]}</arg>
<arg>${key}</arg>
<doc>Fails if ``key`` is not found from ``dictionary``.</doc>
<status status="PASS" start="2024-07-24T19:12:27.961245" elapsed="0.000406"/>
</kw>
<kw name="Log" owner="BuiltIn">
<msg time="2024-07-24T19:12:27.962195" level="INFO">{'gender': 'female', 'name': {'title': 'Miss', 'first': 'Leni', 'last': 'Welde'}, 'location': {'street': {'number': 9536, 'name': 'Hanåveien'}, 'city': 'Sagvåg', 'state': 'Vest-Agder', 'country': 'Norway', 'postcode': '6413', 'coordinates': {'latitude': '40.4165', 'longitude': '57.8273'}, 'timezone': {'offset': '+5:45', 'description': 'Kathmandu'}}, 'email': 'leni.welde@example.com', 'login': {'uuid': '8f0cf5af-d9d2-4968-8d04-747de76a9908', 'username': 'crazyladybug353', 'password': '4545', 'salt': 'K3iKyGcZ', 'md5': '57dd7ea252ec66e43bfc7f0690366e0d', 'sha1': 'e08f3494f86eadd5c9b1f0bed803548f3791ba14', 'sha256': '9203e6ffdbbc6f77fa74138969b787231223b8cd5e66f588bdfc7a220e0dce02'}, 'dob': {'date': '1971-12-08T05:05:44.339Z', 'age': 52}, 'registered': {'date': '2019-09-22T01:11:45.153Z', 'age': 4}, 'phone': '53665056', 'cell': '97289347', 'id': {'name': 'FN', 'value': '08127145491'}, 'picture': {'large': 'https://randomuser.me/api/portraits/women/90.jpg', 'medium': 'https://randomuser.me/api/portraits/med/women/90.jpg', 'thumbnail': 'https://randomuser.me/api/portraits/thumb/women/90.jpg'}, 'nat': 'NO'}</msg>
<arg>${json_data['results'][0]}</arg>
<doc>Logs the given message with the given level.</doc>
<status status="PASS" start="2024-07-24T19:12:27.961839" elapsed="0.000405"/>
</kw>
<kw name="Log" owner="BuiltIn">
<msg time="2024-07-24T19:12:27.962673" level="INFO">gender</msg>
<arg>${key}</arg>
<doc>Logs the given message with the given level.</doc>
<status status="PASS" start="2024-07-24T19:12:27.962545" elapsed="0.000165"/>
</kw>
<var name="${key}">gender</var>
<status status="PASS" start="2024-07-24T19:12:27.961119" elapsed="0.001808"/>
</iter>
<iter>
<kw name="Dictionary Should Contain Key" owner="Collections">
<arg>${json_data['results'][0]}</arg>
<arg>${key}</arg>
<doc>Fails if ``key`` is not found from ``dictionary``.</doc>
<status status="PASS" start="2024-07-24T19:12:27.963230" elapsed="0.000385"/>
</kw>
<kw name="Log" owner="BuiltIn">
<msg time="2024-07-24T19:12:27.964158" level="INFO">{'gender': 'female', 'name': {'title': 'Miss', 'first': 'Leni', 'last': 'Welde'}, 'location': {'street': {'number': 9536, 'name': 'Hanåveien'}, 'city': 'Sagvåg', 'state': 'Vest-Agder', 'country': 'Norway', 'postcode': '6413', 'coordinates': {'latitude': '40.4165', 'longitude': '57.8273'}, 'timezone': {'offset': '+5:45', 'description': 'Kathmandu'}}, 'email': 'leni.welde@example.com', 'login': {'uuid': '8f0cf5af-d9d2-4968-8d04-747de76a9908', 'username': 'crazyladybug353', 'password': '4545', 'salt': 'K3iKyGcZ', 'md5': '57dd7ea252ec66e43bfc7f0690366e0d', 'sha1': 'e08f3494f86eadd5c9b1f0bed803548f3791ba14', 'sha256': '9203e6ffdbbc6f77fa74138969b787231223b8cd5e66f588bdfc7a220e0dce02'}, 'dob': {'date': '1971-12-08T05:05:44.339Z', 'age': 52}, 'registered': {'date': '2019-09-22T01:11:45.153Z', 'age': 4}, 'phone': '53665056', 'cell': '97289347', 'id': {'name': 'FN', 'value': '08127145491'}, 'picture': {'large': 'https://randomuser.me/api/portraits/women/90.jpg', 'medium': 'https://randomuser.me/api/portraits/med/women/90.jpg', 'thumbnail': 'https://randomuser.me/api/portraits/thumb/women/90.jpg'}, 'nat': 'NO'}</msg>
<arg>${json_data['results'][0]}</arg>
<doc>Logs the given message with the given level.</doc>
<status status="PASS" start="2024-07-24T19:12:27.963801" elapsed="0.000447"/>
</kw>
<kw name="Log" owner="BuiltIn">
<msg time="2024-07-24T19:12:27.964696" level="INFO">name</msg>
<arg>${key}</arg>
<doc>Logs the given message with the given level.</doc>
<status status="PASS" start="2024-07-24T19:12:27.964569" elapsed="0.000164"/>
</kw>
<var name="${key}">name</var>
<status status="PASS" start="2024-07-24T19:12:27.963116" elapsed="0.001832"/>
</iter>
<iter>
<kw name="Dictionary Should Contain Key" owner="Collections">
<arg>${json_data['results'][0]}</arg>
<arg>${key}</arg>
<doc>Fails if ``key`` is not found from ``dictionary``.</doc>
<status status="PASS" start="2024-07-24T19:12:27.965240" elapsed="0.000379"/>
</kw>
<kw name="Log" owner="BuiltIn">
<msg time="2024-07-24T19:12:27.966159" level="INFO">{'gender': 'female', 'name': {'title': 'Miss', 'first': 'Leni', 'last': 'Welde'}, 'location': {'street': {'number': 9536, 'name': 'Hanåveien'}, 'city': 'Sagvåg', 'state': 'Vest-Agder', 'country': 'Norway', 'postcode': '6413', 'coordinates': {'latitude': '40.4165', 'longitude': '57.8273'}, 'timezone': {'offset': '+5:45', 'description': 'Kathmandu'}}, 'email': 'leni.welde@example.com', 'login': {'uuid': '8f0cf5af-d9d2-4968-8d04-747de76a9908', 'username': 'crazyladybug353', 'password': '4545', 'salt': 'K3iKyGcZ', 'md5': '57dd7ea252ec66e43bfc7f0690366e0d', 'sha1': 'e08f3494f86eadd5c9b1f0bed803548f3791ba14', 'sha256': '9203e6ffdbbc6f77fa74138969b787231223b8cd5e66f588bdfc7a220e0dce02'}, 'dob': {'date': '1971-12-08T05:05:44.339Z', 'age': 52}, 'registered': {'date': '2019-09-22T01:11:45.153Z', 'age': 4}, 'phone': '53665056', 'cell': '97289347', 'id': {'name': 'FN', 'value': '08127145491'}, 'picture': {'large': 'https://randomuser.me/api/portraits/women/90.jpg', 'medium': 'https://randomuser.me/api/portraits/med/women/90.jpg', 'thumbnail': 'https://randomuser.me/api/portraits/thumb/women/90.jpg'}, 'nat': 'NO'}</msg>
<arg>${json_data['results'][0]}</arg>
<doc>Logs the given message with the given level.</doc>
<status status="PASS" start="2024-07-24T19:12:27.965810" elapsed="0.000397"/>
</kw>
<kw name="Log" owner="BuiltIn">
<msg time="2024-07-24T19:12:27.966627" level="INFO">location</msg>
<arg>${key}</arg>
<doc>Logs the given message with the given level.</doc>
<status status="PASS" start="2024-07-24T19:12:27.966500" elapsed="0.000164"/>
</kw>
<var name="${key}">location</var>
<status status="PASS" start="2024-07-24T19:12:27.965125" elapsed="0.001761"/>
</iter>
<iter>
<kw name="Dictionary Should Contain Key" owner="Collections">
<arg>${json_data['results'][0]}</arg>
<arg>${key}</arg>
<doc>Fails if ``key`` is not found from ``dictionary``.</doc>
<status status="PASS" start="2024-07-24T19:12:27.967164" elapsed="0.000383"/>
</kw>
<kw name="Log" owner="BuiltIn">
<msg time="2024-07-24T19:12:27.968198" level="INFO">{'gender': 'female', 'name': {'title': 'Miss', 'first': 'Leni', 'last': 'Welde'}, 'location': {'street': {'number': 9536, 'name': 'Hanåveien'}, 'city': 'Sagvåg', 'state': 'Vest-Agder', 'country': 'Norway', 'postcode': '6413', 'coordinates': {'latitude': '40.4165', 'longitude': '57.8273'}, 'timezone': {'offset': '+5:45', 'description': 'Kathmandu'}}, 'email': 'leni.welde@example.com', 'login': {'uuid': '8f0cf5af-d9d2-4968-8d04-747de76a9908', 'username': 'crazyladybug353', 'password': '4545', 'salt': 'K3iKyGcZ', 'md5': '57dd7ea252ec66e43bfc7f0690366e0d', 'sha1': 'e08f3494f86eadd5c9b1f0bed803548f3791ba14', 'sha256': '9203e6ffdbbc6f77fa74138969b787231223b8cd5e66f588bdfc7a220e0dce02'}, 'dob': {'date': '1971-12-08T05:05:44.339Z', 'age': 52}, 'registered': {'date': '2019-09-22T01:11:45.153Z', 'age': 4}, 'phone': '53665056', 'cell': '97289347', 'id': {'name': 'FN', 'value': '08127145491'}, 'picture': {'large': 'https://randomuser.me/api/portraits/women/90.jpg', 'medium': 'https://randomuser.me/api/portraits/med/women/90.jpg', 'thumbnail': 'https://randomuser.me/api/portraits/thumb/women/90.jpg'}, 'nat': 'NO'}</msg>
<arg>${json_data['results'][0]}</arg>
<doc>Logs the given message with the given level.</doc>
<status status="PASS" start="2024-07-24T19:12:27.967842" elapsed="0.000406"/>
</kw>
<kw name="Log" owner="BuiltIn">
<msg time="2024-07-24T19:12:27.968698" level="INFO">email</msg>
<arg>${key}</arg>
<doc>Logs the given message with the given level.</doc>
<status status="PASS" start="2024-07-24T19:12:27.968569" elapsed="0.000168"/>
</kw>
<var name="${key}">email</var>
<status status="PASS" start="2024-07-24T19:12:27.967057" elapsed="0.001896"/>
</iter>
<iter>
<kw name="Dictionary Should Contain Key" owner="Collections">
<arg>${json_data['results'][0]}</arg>
<arg>${key}</arg>
<doc>Fails if ``key`` is not found from ``dictionary``.</doc>
<status status="PASS" start="2024-07-24T19:12:27.969236" elapsed="0.000384"/>
</kw>
<kw name="Log" owner="BuiltIn">
<msg time="2024-07-24T19:12:27.970153" level="INFO">{'gender': 'female', 'name': {'title': 'Miss', 'first': 'Leni', 'last': 'Welde'}, 'location': {'street': {'number': 9536, 'name': 'Hanåveien'}, 'city': 'Sagvåg', 'state': 'Vest-Agder', 'country': 'Norway', 'postcode': '6413', 'coordinates': {'latitude': '40.4165', 'longitude': '57.8273'}, 'timezone': {'offset': '+5:45', 'description': 'Kathmandu'}}, 'email': 'leni.welde@example.com', 'login': {'uuid': '8f0cf5af-d9d2-4968-8d04-747de76a9908', 'username': 'crazyladybug353', 'password': '4545', 'salt': 'K3iKyGcZ', 'md5': '57dd7ea252ec66e43bfc7f0690366e0d', 'sha1': 'e08f3494f86eadd5c9b1f0bed803548f3791ba14', 'sha256': '9203e6ffdbbc6f77fa74138969b787231223b8cd5e66f588bdfc7a220e0dce02'}, 'dob': {'date': '1971-12-08T05:05:44.339Z', 'age': 52}, 'registered': {'date': '2019-09-22T01:11:45.153Z', 'age': 4}, 'phone': '53665056', 'cell': '97289347', 'id': {'name': 'FN', 'value': '08127145491'}, 'picture': {'large': 'https://randomuser.me/api/portraits/women/90.jpg', 'medium': 'https://randomuser.me/api/portraits/med/women/90.jpg', 'thumbnail': 'https://randomuser.me/api/portraits/thumb/women/90.jpg'}, 'nat': 'NO'}</msg>
<arg>${json_data['results'][0]}</arg>
<doc>Logs the given message with the given level.</doc>
<status status="PASS" start="2024-07-24T19:12:27.969804" elapsed="0.000397"/>
</kw>
<kw name="Log" owner="BuiltIn">
<msg time="2024-07-24T19:12:27.970622" level="INFO">login</msg>
<arg>${key}</arg>
<doc>Logs the given message with the given level.</doc>
<status status="PASS" start="2024-07-24T19:12:27.970495" elapsed="0.000163"/>
</kw>
<var name="${key}">login</var>
<status status="PASS" start="2024-07-24T19:12:27.969127" elapsed="0.001746"/>
</iter>
<var>${key}</var>
<value>@{expected_keys}</value>
<status status="PASS" start="2024-07-24T19:12:27.960941" elapsed="0.010051"/>
</for>
<kw name="Create List" owner="BuiltIn">
<msg time="2024-07-24T19:12:27.971319" level="INFO">${expected_keysTwo} = ['username', 'password']</msg>
<var>${expected_keysTwo}</var>
<arg>username</arg>
<arg>password</arg>
<doc>Returns a list containing given items.</doc>
<status status="PASS" start="2024-07-24T19:12:27.971180" elapsed="0.000163"/>
</kw>
<for flavor="IN">
<iter>
<kw name="Dictionary Should Contain Key" owner="Collections">
<arg>${json_data['results'][0]['login']}</arg>
<arg>${keyTwo}</arg>
<doc>Fails if ``key`` is not found from ``dictionary``.</doc>
<status status="PASS" start="2024-07-24T19:12:27.971871" elapsed="0.000384"/>
</kw>
<kw name="Dictionary Should Contain Key" owner="Collections">
<arg>${json_data['results'][0]['login']}</arg>
<arg>${keyTwo}</arg>
<doc>Fails if ``key`` is not found from ``dictionary``.</doc>
<status status="PASS" start="2024-07-24T19:12:27.972460" elapsed="0.000370"/>
</kw>
<kw name="Log" owner="BuiltIn">
<msg time="2024-07-24T19:12:27.973129" level="INFO">username</msg>
<arg>${keyTwo}</arg>
<doc>Logs the given message with the given level.</doc>
<status status="PASS" start="2024-07-24T19:12:27.973009" elapsed="0.000156"/>
</kw>
<var name="${keyTwo}">username</var>
<status status="PASS" start="2024-07-24T19:12:27.971761" elapsed="0.001622"/>
</iter>
<iter>
<kw name="Dictionary Should Contain Key" owner="Collections">
<arg>${json_data['results'][0]['login']}</arg>
<arg>${keyTwo}</arg>
<doc>Fails if ``key`` is not found from ``dictionary``.</doc>
<status status="PASS" start="2024-07-24T19:12:27.973665" elapsed="0.000378"/>
</kw>
<kw name="Dictionary Should Contain Key" owner="Collections">
<arg>${json_data['results'][0]['login']}</arg>
<arg>${keyTwo}</arg>
<doc>Fails if ``key`` is not found from ``dictionary``.</doc>
<status status="PASS" start="2024-07-24T19:12:27.974221" elapsed="0.000360"/>
</kw>
<kw name="Log" owner="BuiltIn">
<msg time="2024-07-24T19:12:27.974881" level="INFO">password</msg>
<arg>${keyTwo}</arg>
<doc>Logs the given message with the given level.</doc>
<status status="PASS" start="2024-07-24T19:12:27.974756" elapsed="0.000161"/>
</kw>
<var name="${keyTwo}">password</var>
<status status="PASS" start="2024-07-24T19:12:27.973553" elapsed="0.001589"/>
</iter>
<var>${keyTwo}</var>
<value>@{expected_keysTwo}</value>
<status status="PASS" start="2024-07-24T19:12:27.971606" elapsed="0.003660"/>
</for>
<status status="PASS" start="2024-07-24T19:12:27.855959" elapsed="0.119446"/>
</kw>
<doc>Testa a estrutura da resposta da API.</doc>
<tag>testeEstruturaResposta</tag>
<status status="PASS" start="2024-07-24T19:12:27.855399" elapsed="0.120155"/>
</test>
<test id="s1-s1-t4" name="Validar tipos de dados" line="28">
<kw name="Teste de Tipos de Dados" owner="random-user-service">
<kw name="GET On Session" owner="RequestsLibrary">
<msg time="2024-07-24T19:12:28.773305" level="INFO">GET Request : url=https://randomuser.me/api 
 path_url=/api 
 headers={'User-Agent': 'python-requests/2.32.3', 'Accept-Encoding': 'gzip, deflate', 'Accept': '*/*', 'Connection': 'keep-alive'} 
 body=None 
 </msg>
<msg time="2024-07-24T19:12:28.773378" level="INFO">GET Response : url=https://randomuser.me/api 
 status=200, reason=OK 
 headers={'Date': 'Wed, 24 Jul 2024 19:12:28 GMT', 'Content-Type': 'application/json; charset=utf-8', 'Transfer-Encoding': 'chunked', 'Connection': 'keep-alive', 'X-Powered-By': 'Express', 'Access-Control-Allow-Origin': '*', 'Cache-Control': 'no-cache', 'ETag': 'W/"492-mDqTBqPAjXmPcR25B8Wri2oPSSc"', 'Vary': 'Accept-Encoding', 'Content-Encoding': 'gzip', 'CF-Cache-Status': 'DYNAMIC', 'Report-To': '{"endpoints":[{"url":"https:\\/\\/a.nel.cloudflare.com\\/report\\/v4?s=5tQdJgDWrexUl%2B6n2NUpjsPobyIO7smZLDQr6XR0C%2FonWfn12lREVt9OIjICz%2B0b8RZS%2FmvKAGn7H10tMvXFErxDNhHD0fxBEPXxcMnwj6LyMdr2NU7CQiAOZIZdmXbK"}],"group":"cf-nel","max_age":604800}', 'NEL': '{"success_fraction":0,"report_to":"cf-nel","max_age":604800}', 'Server': 'cloudflare', 'CF-RAY': '8a8638cee956061d-IAD', 'alt-svc': 'h3=":443"; ma=86400'} 
 body={"results":[{"gender":"male","name":{"title":"Mr","first":"Kasper","last":"Sørensen"},"location":{"street":{"number":4934,"name":"Gammel Skolevej"},"city":"Juelsminde","state":"Danmark","country":"Denmark","postcode":91545,"coordinates":{"latitude":"-41.2369","longitude":"-163.3539"},"timezone":{"offset":"+3:00","description":"Baghdad, Riyadh, Moscow, St. Petersburg"}},"email":"kasper.sorensen@example.com","login":{"uuid":"7f87352e-bd8e-4aaa-8d58-4aa95fc848f0","username":"greenleopard354","password":"sunny","salt":"RYI6POPH","md5":"caef187cc63a9a6b6b8004ede065ea88","sha1":"ca3143fbfde477a6a4cccc3d8690f8c75a8fb0af","sha256":"f4a7a490198cdb05b42c7443546aed78eb5df81afa40b96fb622f99cb17bbf97"},"dob":{"date":"1980-07-21T15:38:51.120Z","age":44},"registered":{"date":"2014-11-15T22:51:32.412Z","age":9},"phone":"39752590","cell":"61768645","id":{"name":"CPR","value":"210780-9081"},"picture":{"large":"https://randomuser.me/api/portraits/men/61.jpg","medium":"https://randomuser.me/api/portraits/med/men/61.jpg","thumbnail":"https://randomuser.me/api/portraits/thumb/men/61.jpg"},"nat":"DK"}],"info":{"seed":"cf4a8ecb578dc5a9","results":1,"page":1,"version":"1.4"}} 
 </msg>
<msg time="2024-07-24T19:12:28.773438" level="INFO">/opt/hostedtoolcache/Python/3.12.4/x64/lib/python3.12/site-packages/urllib3/connectionpool.py:1099: InsecureRequestWarning: Unverified HTTPS request is being made to host 'randomuser.me'. Adding certificate verification is strongly advised. See: https://urllib3.readthedocs.io/en/latest/advanced-usage.html#tls-warnings
  warnings.warn(</msg>
<msg time="2024-07-24T19:12:28.773543" level="INFO">${response} = &lt;Response [200]&gt;</msg>
<var>${response}</var>
<arg>consultarAPI</arg>
<arg>/api</arg>
<doc>Sends a GET request on a previously created HTTP Session.</doc>
<status status="PASS" start="2024-07-24T19:12:27.978052" elapsed="0.795537"/>
</kw>
<kw name="Set Variable" owner="BuiltIn">
<msg time="2024-07-24T19:12:28.774395" level="INFO">${json_data} = {'results': [{'gender': 'male', 'name': {'title': 'Mr', 'first': 'Kasper', 'last': 'Sørensen'}, 'location': {'street': {'number': 4934, 'name': 'Gammel Skolevej'}, 'city': 'Juelsminde', 'state': 'Danm...</msg>
<var>${json_data}</var>
<arg>${response.json()}</arg>
<doc>Returns the given values which can then be assigned to a variables.</doc>
<status status="PASS" start="2024-07-24T19:12:28.773942" elapsed="0.000482"/>
</kw>
<kw name="Log" owner="BuiltIn">
<msg time="2024-07-24T19:12:28.774881" level="INFO">{'results': [{'gender': 'male', 'name': {'title': 'Mr', 'first': 'Kasper', 'last': 'Sørensen'}, 'location': {'street': {'number': 4934, 'name': 'Gammel Skolevej'}, 'city': 'Juelsminde', 'state': 'Danmark', 'country': 'Denmark', 'postcode': 91545, 'coordinates': {'latitude': '-41.2369', 'longitude': '-163.3539'}, 'timezone': {'offset': '+3:00', 'description': 'Baghdad, Riyadh, Moscow, St. Petersburg'}}, 'email': 'kasper.sorensen@example.com', 'login': {'uuid': '7f87352e-bd8e-4aaa-8d58-4aa95fc848f0', 'username': 'greenleopard354', 'password': 'sunny', 'salt': 'RYI6POPH', 'md5': 'caef187cc63a9a6b6b8004ede065ea88', 'sha1': 'ca3143fbfde477a6a4cccc3d8690f8c75a8fb0af', 'sha256': 'f4a7a490198cdb05b42c7443546aed78eb5df81afa40b96fb622f99cb17bbf97'}, 'dob': {'date': '1980-07-21T15:38:51.120Z', 'age': 44}, 'registered': {'date': '2014-11-15T22:51:32.412Z', 'age': 9}, 'phone': '39752590', 'cell': '61768645', 'id': {'name': 'CPR', 'value': '210780-9081'}, 'picture': {'large': 'https://randomuser.me/api/portraits/men/61.jpg', 'medium': 'https://randomuser.me/api/portraits/med/men/61.jpg', 'thumbnail': 'https://randomuser.me/api/portraits/thumb/men/61.jpg'}, 'nat': 'DK'}], 'info': {'seed': 'cf4a8ecb578dc5a9', 'results': 1, 'page': 1, 'version': '1.4'}}</msg>
<arg>${json_data}</arg>
<doc>Logs the given message with the given level.</doc>
<status status="PASS" start="2024-07-24T19:12:28.774727" elapsed="0.000201"/>
</kw>
<kw name="Should Be String" owner="String">
<arg>${json_data['results'][0]['gender']}</arg>
<doc>Fails if the given ``item`` is not a string.</doc>
<status status="PASS" start="2024-07-24T19:12:28.775218" elapsed="0.000360"/>
</kw>
<kw name="Should Match Regexp" owner="BuiltIn">
<arg>${json_data['results'][0]['email']}</arg>
<arg>^[a-zA-Z0-9._%+-]+@[a-zA-Z0-9.-]+\.[a-zA-Z]{2,}$</arg>
<doc>Fails if ``string`` does not match ``pattern`` as a regular expression.</doc>
<status status="PASS" start="2024-07-24T19:12:28.775762" elapsed="0.000493"/>
</kw>
<kw name="Should Match Regexp" owner="BuiltIn">
<arg>${json_data['results'][0]['dob']['date']}</arg>
<arg>\\d{4}-\\d{2}-\\d{2}T\\d{2}:\\d{2}:\\d{2}\\.\\d{3}Z</arg>
<doc>Fails if ``string`` does not match ``pattern`` as a regular expression.</doc>
<status status="PASS" start="2024-07-24T19:12:28.776547" elapsed="0.000600"/>
</kw>
<kw name="Should Match Regexp" owner="BuiltIn">
<arg>${json_data['results'][0]['registered']['date']}</arg>
<arg>\\d{4}-\\d{2}-\\d{2}T\\d{2}:\\d{2}:\\d{2}\\.\\d{3}Z</arg>
<doc>Fails if ``string`` does not match ``pattern`` as a regular expression.</doc>
<status status="PASS" start="2024-07-24T19:12:28.777342" elapsed="0.000381"/>
</kw>
<kw name="Should Match Regexp" owner="BuiltIn">
<arg>${json_data['results'][0]['picture']['large']}</arg>
<arg>^https?://.*\.(?:png|jpe?g|gif|bmp)$</arg>
<doc>Fails if ``string`` does not match ``pattern`` as a regular expression.</doc>
<status status="PASS" start="2024-07-24T19:12:28.777909" elapsed="0.000468"/>
</kw>
<kw name="Should Match Regexp" owner="BuiltIn">
<arg>${json_data['results'][0]['picture']['medium']}</arg>
<arg>^https?://.*\.(?:png|jpe?g|gif|bmp)$</arg>
<doc>Fails if ``string`` does not match ``pattern`` as a regular expression.</doc>
<status status="PASS" start="2024-07-24T19:12:28.778582" elapsed="0.000352"/>
</kw>
<kw name="Should Match Regexp" owner="BuiltIn">
<arg>${json_data['results'][0]['picture']['thumbnail']}</arg>
<arg>^https?://.*\.(?:png|jpe?g|gif|bmp)$</arg>
<doc>Fails if ``string`` does not match ``pattern`` as a regular expression.</doc>
<status status="PASS" start="2024-07-24T19:12:28.779113" elapsed="0.000351"/>
</kw>
<kw name="Log" owner="BuiltIn">
<msg time="2024-07-24T19:12:28.779959" level="INFO">{'large': 'https://randomuser.me/api/portraits/men/61.jpg', 'medium': 'https://randomuser.me/api/portraits/med/men/61.jpg', 'thumbnail': 'https://randomuser.me/api/portraits/thumb/men/61.jpg'}</msg>
<arg>${json_data['results'][0]['picture']}</arg>
<doc>Logs the given message with the given level.</doc>
<status status="PASS" start="2024-07-24T19:12:28.779642" elapsed="0.000358"/>
</kw>
<status status="PASS" start="2024-07-24T19:12:27.977837" elapsed="0.802415"/>
</kw>
<kw name="Teste de Tipos de Dados - Postcode" owner="random-user-service">
<kw name="GET On Session" owner="RequestsLibrary">
<msg time="2024-07-24T19:12:28.883339" level="INFO">GET Request : url=https://randomuser.me/api 
 path_url=/api 
 headers={'User-Agent': 'python-requests/2.32.3', 'Accept-Encoding': 'gzip, deflate', 'Accept': '*/*', 'Connection': 'keep-alive'} 
 body=None 
 </msg>
<msg time="2024-07-24T19:12:28.883423" level="INFO">GET Response : url=https://randomuser.me/api 
 status=200, reason=OK 
 headers={'Date': 'Wed, 24 Jul 2024 19:12:28 GMT', 'Content-Type': 'application/json; charset=utf-8', 'Transfer-Encoding': 'chunked', 'Connection': 'keep-alive', 'X-Powered-By': 'Express', 'Access-Control-Allow-Origin': '*', 'Cache-Control': 'no-cache', 'ETag': 'W/"499-GuE46cCI/mOJe/NCgyE/bdEBz9Y"', 'Vary': 'Accept-Encoding', 'Content-Encoding': 'gzip', 'CF-Cache-Status': 'DYNAMIC', 'Report-To': '{"endpoints":[{"url":"https:\\/\\/a.nel.cloudflare.com\\/report\\/v4?s=HIOPu5WXKwnk%2Bw2rfZrecBB%2FtF8xq2Wvui65X0ksPNyo9D3K9SiXwFV1MXUWp4PUyfKgrKxHQsSGHd4ocOj7NOJQxPbctHc6Y%2BAwrlGZZkLMx%2Bwp4fuhfwjSJt6FGtUj"}],"group":"cf-nel","max_age":604800}', 'NEL': '{"success_fraction":0,"report_to":"cf-nel","max_age":604800}', 'Server': 'cloudflare', 'CF-RAY': '8a8638d3ee02061d-IAD', 'alt-svc': 'h3=":443"; ma=86400'} 
 body={"results":[{"gender":"female","name":{"title":"Mrs","first":"Zorina","last":"Dubrivniy"},"location":{"street":{"number":8632,"name":"Borispilske shose"},"city":"Kodima","state":"Hmelnicka","country":"Ukraine","postcode":36808,"coordinates":{"latitude":"78.6917","longitude":"107.5398"},"timezone":{"offset":"-5:00","description":"Eastern Time (US &amp; Canada), Bogota, Lima"}},"email":"zorina.dubrivniy@example.com","login":{"uuid":"5474d16e-4c07-4239-bd3b-c27ac870fb96","username":"sadrabbit228","password":"caster","salt":"WaEkoL83","md5":"88d5170442ec29172435ba43809787ce","sha1":"3cc54fe639c4e08c9b77e9a66efe2a4a9d96c7bc","sha256":"36f84b61d0d504522b73ad2467cb296176e7a253c48298d903988545535695ee"},"dob":{"date":"1971-11-21T01:53:08.879Z","age":52},"registered":{"date":"2015-09-07T19:19:02.524Z","age":8},"phone":"(096) M09-6545","cell":"(098) R73-4295","id":{"name":"","value":null},"picture":{"large":"https://randomuser.me/api/portraits/women/72.jpg","medium":"https://randomuser.me/api/portraits/med/women/72.jpg","thumbnail":"https://randomuser.me/api/portraits/thumb/women/72.jpg"},"nat":"UA"}],"info":{"seed":"f4879786a31ad70f","results":1,"page":1,"version":"1.4"}} 
 </msg>
<msg time="2024-07-24T19:12:28.883498" level="INFO">/opt/hostedtoolcache/Python/3.12.4/x64/lib/python3.12/site-packages/urllib3/connectionpool.py:1099: InsecureRequestWarning: Unverified HTTPS request is being made to host 'randomuser.me'. Adding certificate verification is strongly advised. See: https://urllib3.readthedocs.io/en/latest/advanced-usage.html#tls-warnings
  warnings.warn(</msg>
<msg time="2024-07-24T19:12:28.883609" level="INFO">${response} = &lt;Response [200]&gt;</msg>
<var>${response}</var>
<arg>consultarAPI</arg>
<arg>/api</arg>
<doc>Sends a GET request on a previously created HTTP Session.</doc>
<status status="PASS" start="2024-07-24T19:12:28.780700" elapsed="0.102950"/>
</kw>
<kw name="Set Variable" owner="BuiltIn">
<msg time="2024-07-24T19:12:28.884519" level="INFO">${json_data} = {'results': [{'gender': 'female', 'name': {'title': 'Mrs', 'first': 'Zorina', 'last': 'Dubrivniy'}, 'location': {'street': {'number': 8632, 'name': 'Borispilske shose'}, 'city': 'Kodima', 'state': 'Hm...</msg>
<var>${json_data}</var>
<arg>${response.json()}</arg>
<doc>Returns the given values which can then be assigned to a variables.</doc>
<status status="PASS" start="2024-07-24T19:12:28.884025" elapsed="0.000522"/>
</kw>
<kw name="Log" owner="BuiltIn">
<msg time="2024-07-24T19:12:28.885002" level="INFO">{'results': [{'gender': 'female', 'name': {'title': 'Mrs', 'first': 'Zorina', 'last': 'Dubrivniy'}, 'location': {'street': {'number': 8632, 'name': 'Borispilske shose'}, 'city': 'Kodima', 'state': 'Hmelnicka', 'country': 'Ukraine', 'postcode': 36808, 'coordinates': {'latitude': '78.6917', 'longitude': '107.5398'}, 'timezone': {'offset': '-5:00', 'description': 'Eastern Time (US &amp; Canada), Bogota, Lima'}}, 'email': 'zorina.dubrivniy@example.com', 'login': {'uuid': '5474d16e-4c07-4239-bd3b-c27ac870fb96', 'username': 'sadrabbit228', 'password': 'caster', 'salt': 'WaEkoL83', 'md5': '88d5170442ec29172435ba43809787ce', 'sha1': '3cc54fe639c4e08c9b77e9a66efe2a4a9d96c7bc', 'sha256': '36f84b61d0d504522b73ad2467cb296176e7a253c48298d903988545535695ee'}, 'dob': {'date': '1971-11-21T01:53:08.879Z', 'age': 52}, 'registered': {'date': '2015-09-07T19:19:02.524Z', 'age': 8}, 'phone': '(096) M09-6545', 'cell': '(098) R73-4295', 'id': {'name': '', 'value': None}, 'picture': {'large': 'https://randomuser.me/api/portraits/women/72.jpg', 'medium': 'https://randomuser.me/api/portraits/med/women/72.jpg', 'thumbnail': 'https://randomuser.me/api/portraits/thumb/women/72.jpg'}, 'nat': 'UA'}], 'info': {'seed': 'f4879786a31ad70f', 'results': 1, 'page': 1, 'version': '1.4'}}</msg>
<arg>${json_data}</arg>
<doc>Logs the given message with the given level.</doc>
<status status="PASS" start="2024-07-24T19:12:28.884851" elapsed="0.000199"/>
</kw>
<kw name="Should Be Equal As Numbers" owner="BuiltIn">
<arg>${json_data['results'][0]['location']['postcode']}</arg>
<arg>${json_data['results'][0]['location']['postcode']}</arg>
<doc>Fails if objects are unequal after converting them to real numbers.</doc>
<status status="PASS" start="2024-07-24T19:12:28.885338" elapsed="0.000615"/>
</kw>
<kw name="Log" owner="BuiltIn">
<msg time="2024-07-24T19:12:28.886479" level="INFO">36808</msg>
<arg>${json_data['results'][0]['location']['postcode']}</arg>
<doc>Logs the given message with the given level.</doc>
<status status="PASS" start="2024-07-24T19:12:28.886149" elapsed="0.000370"/>
</kw>
<status status="PASS" start="2024-07-24T19:12:28.780481" elapsed="0.106312"/>
</kw>
<doc>Testa se os tipos de dados na resposta da API estão corretos.</doc>
<tag>testeTiposDados</tag>
<status status="PASS" start="2024-07-24T19:12:27.977426" elapsed="0.909525"/>
</test>
<test id="s1-s1-t5" name="Validar conteudo" line="35">
<kw name="Teste de Tipos de Conteudo" owner="random-user-service">
<kw name="GET On Session" owner="RequestsLibrary">
<msg time="2024-07-24T19:12:28.939179" level="INFO">GET Request : url=https://randomuser.me/api 
 path_url=/api 
 headers={'User-Agent': 'python-requests/2.32.3', 'Accept-Encoding': 'gzip, deflate', 'Accept': '*/*', 'Connection': 'keep-alive'} 
 body=None 
 </msg>
<msg time="2024-07-24T19:12:28.939264" level="INFO">GET Response : url=https://randomuser.me/api 
 status=200, reason=OK 
 headers={'Date': 'Wed, 24 Jul 2024 19:12:28 GMT', 'Content-Type': 'application/json; charset=utf-8', 'Transfer-Encoding': 'chunked', 'Connection': 'keep-alive', 'X-Powered-By': 'Express', 'Access-Control-Allow-Origin': '*', 'Cache-Control': 'no-cache', 'ETag': 'W/"49c-7pZYFfiQcj5tOE71N9mt7eOcrWI"', 'Vary': 'Accept-Encoding', 'Content-Encoding': 'gzip', 'CF-Cache-Status': 'DYNAMIC', 'Report-To': '{"endpoints":[{"url":"https:\\/\\/a.nel.cloudflare.com\\/report\\/v4?s=%2BQVP8Y5%2F15WryG49Y9nk4flOGqQzka%2B6F5IDONBvYhCysJ5Gm7z%2FK1pR%2Btm2MbacU3Qc6y%2Fd4qCL16X5w8tfi0tYJ2cn2KlG3zNYyQvypk3NyEvuuaoKaCmjlI%2Bf4JG5"}],"group":"cf-nel","max_age":604800}', 'NEL': '{"success_fraction":0,"report_to":"cf-nel","max_age":604800}', 'Server': 'cloudflare', 'CF-RAY': '8a8638d49ea7061d-IAD', 'alt-svc': 'h3=":443"; ma=86400'} 
 body={"results":[{"gender":"female","name":{"title":"Ms","first":"Elisa","last":"Lambert"},"location":{"street":{"number":9061,"name":"Rue Bossuet"},"city":"Tours","state":"Manche","country":"France","postcode":66766,"coordinates":{"latitude":"-17.7465","longitude":"123.4912"},"timezone":{"offset":"+5:00","description":"Ekaterinburg, Islamabad, Karachi, Tashkent"}},"email":"elisa.lambert@example.com","login":{"uuid":"47bbe6ea-adaf-41b5-8c21-456072930625","username":"bigfish411","password":"bremen","salt":"2O7fSxWU","md5":"fef4facd15c63c903f8839cdc1f9c1ea","sha1":"b9c40c68d95ac23bbea38faac887e6a3c57e8fc0","sha256":"20b17dbfdf352dce6be1852666a54d8b50e4e95392996fd96bf7a53eaffe9021"},"dob":{"date":"1966-11-03T04:25:33.561Z","age":57},"registered":{"date":"2003-04-27T11:16:55.911Z","age":21},"phone":"01-52-04-13-41","cell":"06-48-37-61-98","id":{"name":"INSEE","value":"2661041394564 19"},"picture":{"large":"https://randomuser.me/api/portraits/women/47.jpg","medium":"https://randomuser.me/api/portraits/med/women/47.jpg","thumbnail":"https://randomuser.me/api/portraits/thumb/women/47.jpg"},"nat":"FR"}],"info":{"seed":"3274d8980eab33c8","results":1,"page":1,"version":"1.4"}} 
 </msg>
<msg time="2024-07-24T19:12:28.939335" level="INFO">/opt/hostedtoolcache/Python/3.12.4/x64/lib/python3.12/site-packages/urllib3/connectionpool.py:1099: InsecureRequestWarning: Unverified HTTPS request is being made to host 'randomuser.me'. Adding certificate verification is strongly advised. See: https://urllib3.readthedocs.io/en/latest/advanced-usage.html#tls-warnings
  warnings.warn(</msg>
<msg time="2024-07-24T19:12:28.939472" level="INFO">${response} = &lt;Response [200]&gt;</msg>
<var>${response}</var>
<arg>consultarAPI</arg>
<arg>/api</arg>
<doc>Sends a GET request on a previously created HTTP Session.</doc>
<status status="PASS" start="2024-07-24T19:12:28.889422" elapsed="0.050106"/>
</kw>
<kw name="Set Variable" owner="BuiltIn">
<msg time="2024-07-24T19:12:28.940427" level="INFO">${json_data} = {'results': [{'gender': 'female', 'name': {'title': 'Ms', 'first': 'Elisa', 'last': 'Lambert'}, 'location': {'street': {'number': 9061, 'name': 'Rue Bossuet'}, 'city': 'Tours', 'state': 'Manche', 'cou...</msg>
<var>${json_data}</var>
<arg>${response.json()}</arg>
<doc>Returns the given values which can then be assigned to a variables.</doc>
<status status="PASS" start="2024-07-24T19:12:28.939936" elapsed="0.000529"/>
</kw>
<kw name="Set Variable" owner="BuiltIn">
<msg time="2024-07-24T19:12:28.941154" level="INFO">${name_title} = Ms</msg>
<var>${name_title}</var>
<arg>${json_data["results"][0]["name"]["title"]}</arg>
<doc>Returns the given values which can then be assigned to a variables.</doc>
<status status="PASS" start="2024-07-24T19:12:28.940772" elapsed="0.000408"/>
</kw>
<kw name="Create List" owner="BuiltIn">
<msg time="2024-07-24T19:12:28.941624" level="INFO">${allowed_titles} = ['Mr', 'Ms', 'Miss', 'Mrs', 'Madame', 'Monsieur']</msg>
<var>${allowed_titles}</var>
<arg>Mr</arg>
<arg>Ms</arg>
<arg>Miss</arg>
<arg>Mrs</arg>
<arg>Madame</arg>
<arg>Monsieur</arg>
<doc>Returns a list containing given items.</doc>
<status status="PASS" start="2024-07-24T19:12:28.941475" elapsed="0.000173"/>
</kw>
<kw name="List Should Contain Value" owner="Collections">
<arg>${allowed_titles}</arg>
<arg>${name_title}</arg>
<doc>Fails if the ``value`` is not found from ``list``.</doc>
<status status="PASS" start="2024-07-24T19:12:28.941941" elapsed="0.000176"/>
</kw>
<kw name="Set Variable" owner="BuiltIn">
<msg time="2024-07-24T19:12:28.942672" level="INFO">${name_country} = FR</msg>
<var>${name_country}</var>
<arg>${json_data["results"][0]["nat"]}</arg>
<doc>Returns the given values which can then be assigned to a variables.</doc>
<status status="PASS" start="2024-07-24T19:12:28.942297" elapsed="0.000401"/>
</kw>
<kw name="Create List" owner="BuiltIn">
<msg time="2024-07-24T19:12:28.943580" level="INFO">${list_country} = ['AD', 'AE', 'AF', 'AG', 'AI', 'AL', 'AM', 'AO', 'AQ', 'AR', 'AS', 'AT', 'AU', 'AW', 'AX', 'AZ', 'BA', 'BB', 'BD', 'BE', 'BF', 'BG', 'BH', 'BI', 'BJ', 'BL', 'BM', 'BN', 'BO', 'BQ', 'BR', 'BS', 'BT', '...</msg>
<var>${list_country}</var>
<arg>AD</arg>
<arg>AE</arg>
<arg>AF</arg>
<arg>AG</arg>
<arg>AI</arg>
<arg>AL</arg>
<arg>AM</arg>
<arg>AO</arg>
<arg>AQ</arg>
<arg>AR</arg>
<arg>AS</arg>
<arg>AT</arg>
<arg>AU</arg>
<arg>AW</arg>
<arg>AX</arg>
<arg>AZ</arg>
<arg>BA</arg>
<arg>BB</arg>
<arg>BD</arg>
<arg>BE</arg>
<arg>BF</arg>
<arg>BG</arg>
<arg>BH</arg>
<arg>BI</arg>
<arg>BJ</arg>
<arg>BL</arg>
<arg>BM</arg>
<arg>BN</arg>
<arg>BO</arg>
<arg>BQ</arg>
<arg>BR</arg>
<arg>BS</arg>
<arg>BT</arg>
<arg>BV</arg>
<arg>BW</arg>
<arg>BY</arg>
<arg>BZ</arg>
<arg>CA</arg>
<arg>CC</arg>
<arg>CD</arg>
<arg>CF</arg>
<arg>CG</arg>
<arg>CH</arg>
<arg>CI</arg>
<arg>CK</arg>
<arg>CL</arg>
<arg>CM</arg>
<arg>CN</arg>
<arg>CO</arg>
<arg>CR</arg>
<arg>CU</arg>
<arg>CV</arg>
<arg>CW</arg>
<arg>CX</arg>
<arg>CY</arg>
<arg>CZ</arg>
<arg>DE</arg>
<arg>DJ</arg>
<arg>DK</arg>
<arg>DM</arg>
<arg>DO</arg>
<arg>DZ</arg>
<arg>EC</arg>
<arg>EE</arg>
<arg>EG</arg>
<arg>EH</arg>
<arg>ER</arg>
<arg>ES</arg>
<arg>ET</arg>
<arg>FI</arg>
<arg>FJ</arg>
<arg>FK</arg>
<arg>FM</arg>
<arg>FO</arg>
<arg>FR</arg>
<arg>GA</arg>
<arg>GB</arg>
<arg>GD</arg>
<arg>GE</arg>
<arg>GF</arg>
<arg>GG</arg>
<arg>GH</arg>
<arg>GI</arg>
<arg>GL</arg>
<arg>GM</arg>
<arg>GN</arg>
<arg>GP</arg>
<arg>GQ</arg>
<arg>GR</arg>
<arg>GS</arg>
<arg>GT</arg>
<arg>GU</arg>
<arg>GW</arg>
<arg>GY</arg>
<arg>HK</arg>
<arg>HM</arg>
<arg>HN</arg>
<arg>HR</arg>
<arg>HT</arg>
<arg>HU</arg>
<arg>ID</arg>
<arg>IE</arg>
<arg>IL</arg>
<arg>IM</arg>
<arg>IN</arg>
<arg>IO</arg>
<arg>IQ</arg>
<arg>IR</arg>
<arg>IS</arg>
<arg>IT</arg>
<arg>JE</arg>
<arg>JM</arg>
<arg>JO</arg>
<arg>JP</arg>
<arg>KE</arg>
<arg>KG</arg>
<arg>KH</arg>
<arg>KI</arg>
<arg>KM</arg>
<arg>KN</arg>
<arg>KP</arg>
<arg>KR</arg>
<arg>KW</arg>
<arg>KY</arg>
<arg>KZ</arg>
<arg>LA</arg>
<arg>LB</arg>
<arg>LC</arg>
<arg>LI</arg>
<arg>LK</arg>
<arg>LR</arg>
<arg>LS</arg>
<arg>LT</arg>
<arg>LU</arg>
<arg>LV</arg>
<arg>LY</arg>
<arg>MA</arg>
<arg>MC</arg>
<arg>MD</arg>
<arg>ME</arg>
<arg>MF</arg>
<arg>MG</arg>
<arg>MH</arg>
<arg>MK</arg>
<arg>ML</arg>
<arg>MM</arg>
<arg>MN</arg>
<arg>MO</arg>
<arg>MP</arg>
<arg>MQ</arg>
<arg>MR</arg>
<arg>MS</arg>
<arg>MT</arg>
<arg>MU</arg>
<arg>MV</arg>
<arg>MW</arg>
<arg>MX</arg>
<arg>MY</arg>
<arg>MZ</arg>
<arg>NA</arg>
<arg>NC</arg>
<arg>NE</arg>
<arg>NF</arg>
<arg>NG</arg>
<arg>NI</arg>
<arg>NL</arg>
<arg>NO</arg>
<arg>NP</arg>
<arg>NR</arg>
<arg>NU</arg>
<arg>NZ</arg>
<arg>OM</arg>
<arg>PA</arg>
<arg>PE</arg>
<arg>PF</arg>
<arg>PG</arg>
<arg>PH</arg>
<arg>PK</arg>
<arg>PL</arg>
<arg>PM</arg>
<arg>PN</arg>
<arg>PR</arg>
<arg>PS</arg>
<arg>PT</arg>
<arg>PW</arg>
<arg>PY</arg>
<arg>QA</arg>
<arg>RE</arg>
<arg>RO</arg>
<arg>RS</arg>
<arg>RU</arg>
<arg>RW</arg>
<arg>SA</arg>
<arg>SB</arg>
<arg>SC</arg>
<arg>SD</arg>
<arg>SE</arg>
<arg>SG</arg>
<arg>SH</arg>
<arg>SI</arg>
<arg>SJ</arg>
<arg>SK</arg>
<arg>SL</arg>
<arg>SM</arg>
<arg>SN</arg>
<arg>SO</arg>
<arg>SR</arg>
<arg>SS</arg>
<arg>ST</arg>
<arg>SV</arg>
<arg>SX</arg>
<arg>SY</arg>
<arg>SZ</arg>
<arg>TC</arg>
<arg>TD</arg>
<arg>TF</arg>
<arg>TG</arg>
<arg>TH</arg>
<arg>TJ</arg>
<arg>TK</arg>
<arg>TL</arg>
<arg>TM</arg>
<arg>TN</arg>
<arg>TO</arg>
<arg>TR</arg>
<arg>TT</arg>
<arg>TV</arg>
<arg>TW</arg>
<arg>TZ</arg>
<arg>UA</arg>
<arg>UG</arg>
<arg>UM</arg>
<arg>US</arg>
<arg>UY</arg>
<arg>UZ</arg>
<arg>VA</arg>
<arg>VC</arg>
<arg>VE</arg>
<arg>VG</arg>
<arg>VI</arg>
<arg>VN</arg>
<arg>VU</arg>
<arg>WF</arg>
<arg>WS</arg>
<arg>XK</arg>
<arg>YE</arg>
<arg>YT</arg>
<arg>ZA</arg>
<arg>ZM</arg>
<arg>ZW</arg>
<doc>Returns a list containing given items.</doc>
<status status="PASS" start="2024-07-24T19:12:28.942989" elapsed="0.000616"/>
</kw>
<kw name="List Should Contain Value" owner="Collections">
<arg>${list_country}</arg>
<arg>${name_country}</arg>
<doc>Fails if the ``value`` is not found from ``list``.</doc>
<status status="PASS" start="2024-07-24T19:12:28.944547" elapsed="0.000209"/>
</kw>
<kw name="Run Keyword If" owner="BuiltIn">
<kw name="Should Be True" owner="BuiltIn">
<arg>${True}</arg>
<doc>Fails if the given condition is not true.</doc>
<status status="PASS" start="2024-07-24T19:12:28.945690" elapsed="0.000140"/>
</kw>
<arg>${json_data["results"][0]["location"]["coordinates"]["latitude"]} &gt;= -90 and ${json_data["results"][0]["location"]["coordinates"]["latitude"]} &lt;= 90</arg>
<arg>Should Be True</arg>
<arg>${True}</arg>
<doc>Runs the given keyword with the given arguments, if ``condition`` is true.</doc>
<status status="PASS" start="2024-07-24T19:12:28.944952" elapsed="0.001005"/>
</kw>
<kw name="Run Keyword If" owner="BuiltIn">
<kw name="Should Be True" owner="BuiltIn">
<arg>${True}</arg>
<doc>Fails if the given condition is not true.</doc>
<status status="PASS" start="2024-07-24T19:12:28.946843" elapsed="0.000138"/>
</kw>
<arg>${json_data["results"][0]["location"]["coordinates"]["longitude"]} &gt;= -180 and ${json_data["results"][0]["location"]["coordinates"]["longitude"]} &lt;= 180</arg>
<arg>Should Be True</arg>
<arg>${True}</arg>
<doc>Runs the given keyword with the given arguments, if ``condition`` is true.</doc>
<status status="PASS" start="2024-07-24T19:12:28.946141" elapsed="0.000963"/>
</kw>
<status status="PASS" start="2024-07-24T19:12:28.889204" elapsed="0.058026"/>
</kw>
<doc>Testa o conteúdo específico dos campos retornados pela API.</doc>
<tag>testeConteudo</tag>
<status status="PASS" start="2024-07-24T19:12:28.888671" elapsed="0.058701"/>
</test>
<status status="PASS" start="2024-07-24T19:12:27.455664" elapsed="1.493679"/>
</suite>
<status status="PASS" start="2024-07-24T19:12:27.441257" elapsed="1.513187"/>
</suite>
<statistics>
<total>
<stat pass="5" fail="0" skip="0">All Tests</stat>
</total>
<tag>
<stat pass="1" fail="0" skip="0">testeConteudo</stat>
<stat pass="1" fail="0" skip="0">testeEstruturaResposta</stat>
<stat pass="1" fail="0" skip="0">testeRequisicaoBasica</stat>
<stat pass="1" fail="0" skip="0">testeTiposDados</stat>
</tag>
<suite>
<stat pass="5" fail="0" skip="0" id="s1" name="Tests">Tests</stat>
<stat pass="5" fail="0" skip="0" id="s1-s1" name="Random-User-Test">Tests.Random-User-Test</stat>
</suite>
</statistics>
<errors>
</errors>
</robot>
