<?xml version="1.0" encoding="UTF-8"?>
<robot generator="Robot 7.0 (Python 3.12.2 on linux)" generated="2024-04-12T18:14:37.679084" rpa="false" schemaversion="5">
<suite id="s1" name="Tests" source="/home/runner/work/DesafioQAItauRogerioJordao/DesafioQAItauRogerioJordao/RamdonUser/tests">
<suite id="s1-s1" name="Random-User-Test" source="/home/runner/work/DesafioQAItauRogerioJordao/DesafioQAItauRogerioJordao/RamdonUser/tests/random-user-test.robot">
<test id="s1-s1-t1" name="Conectar" line="13">
<kw name="Conectar API" owner="random-user-service">
<kw name="Create Session" owner="RequestsLibrary">
<msg time="2024-04-12T18:14:38.040238" level="INFO">Creating Session using : alias=consultarAPI, url=https://randomuser.me/, headers={},                     cookies={}, auth=None, timeout=None, proxies=None, verify=False,                     debug=0 </msg>
<arg>consultarAPI</arg>
<arg>${URL}</arg>
<doc>Create Session: create a HTTP session to a server</doc>
<status status="PASS" start="2024-04-12T18:14:38.040048" elapsed="0.000345"/>
</kw>
<status status="PASS" start="2024-04-12T18:14:38.039074" elapsed="0.001654"/>
</kw>
<status status="PASS" start="2024-04-12T18:14:38.038547" elapsed="0.002383"/>
</test>
<test id="s1-s1-t2" name="Validar retorno 200 e JSON Válido" line="16">
<kw name="Teste de Requisicao Basica" owner="random-user-service">
<kw name="GET On Session" owner="RequestsLibrary">
<msg time="2024-04-12T18:14:38.931714" level="INFO">GET Request : url=https://randomuser.me/api 
 path_url=/api 
 headers={'User-Agent': 'python-requests/2.31.0', 'Accept-Encoding': 'gzip, deflate', 'Accept': '*/*', 'Connection': 'keep-alive'} 
 body=None 
 </msg>
<msg time="2024-04-12T18:14:38.931885" level="INFO">GET Response : url=https://randomuser.me/api 
 status=200, reason=OK 
 headers={'Date': 'Fri, 12 Apr 2024 18:14:38 GMT', 'Content-Type': 'application/json; charset=utf-8', 'Transfer-Encoding': 'chunked', 'Connection': 'keep-alive', 'X-Powered-By': 'Express', 'Access-Control-Allow-Origin': '*', 'Cache-Control': 'no-cache', 'ETag': 'W/"48f-KaUOAqRElBOy5yzk0YYF+uBO9/Y"', 'Vary': 'Accept-Encoding', 'Content-Encoding': 'gzip', 'CF-Cache-Status': 'DYNAMIC', 'Report-To': '{"endpoints":[{"url":"https:\\/\\/a.nel.cloudflare.com\\/report\\/v4?s=kZIS5PIIcvVqGPK2OylujstvGXQUEqjkwkb2mKxjp%2BDn6Cvve07u55sdQAW3PN3jGB%2FGxuqjt6dknBMaYDMCgQfcwoFgLGQ51HVNZ6BrbwcQp%2FTiIOjI8jxUIOx4bwBg"}],"group":"cf-nel","max_age":604800}', 'NEL': '{"success_fraction":0,"report_to":"cf-nel","max_age":604800}', 'Server': 'cloudflare', 'CF-RAY': '87353278f89d082d-IAD', 'alt-svc': 'h3=":443"; ma=86400'} 
 body={"results":[{"gender":"male","name":{"title":"Mr","first":"Akseli","last":"Rantanen"},"location":{"street":{"number":395,"name":"Hatanpään Valtatie"},"city":"Siilinjärvi","state":"Åland","country":"Finland","postcode":77277,"coordinates":{"latitude":"-22.8309","longitude":"-154.0571"},"timezone":{"offset":"+9:30","description":"Adelaide, Darwin"}},"email":"akseli.rantanen@example.com","login":{"uuid":"0ce02cfb-eb4e-4092-95f5-7537075e7de1","username":"yellowfrog501","password":"f00tball","salt":"6St3cKjY","md5":"f15b1ab213ccc6a4989213e6a44badb9","sha1":"7ed11ca335765d301dcbddc020d0a9f1f4795be7","sha256":"71b17c76bf8844ed5ea95ca6b4409c861903b2dd23ca12f94bd0c8afcf82c982"},"dob":{"date":"1963-08-14T22:28:57.392Z","age":60},"registered":{"date":"2007-02-07T07:44:18.058Z","age":17},"phone":"02-438-489","cell":"040-034-83-72","id":{"name":"HETU","value":"NaNNA849undefined"},"picture":{"large":"https://randomuser.me/api/portraits/men/45.jpg","medium":"https://randomuser.me/api/portraits/med/men/45.jpg","thumbnail":"https://randomuser.me/api/portraits/thumb/men/45.jpg"},"nat":"FI"}],"info":{"seed":"1e85c9141efe6d72","results":1,"page":1,"version":"1.4"}} 
 </msg>
<msg time="2024-04-12T18:14:38.931980" level="INFO">/opt/hostedtoolcache/Python/3.12.2/x64/lib/python3.12/site-packages/urllib3/connectionpool.py:1103: InsecureRequestWarning: Unverified HTTPS request is being made to host 'randomuser.me'. Adding certificate verification is strongly advised. See: https://urllib3.readthedocs.io/en/latest/advanced-usage.html#tls-warnings
  warnings.warn(</msg>
<msg time="2024-04-12T18:14:38.932115" level="INFO">${response} = &lt;Response [200]&gt;</msg>
<var>${response}</var>
<arg>consultarAPI</arg>
<arg>/api</arg>
<doc>Sends a GET request on a previously created HTTP Session.</doc>
<status status="PASS" start="2024-04-12T18:14:38.043508" elapsed="0.888638"/>
</kw>
<kw name="Should Be Equal As Numbers" owner="BuiltIn">
<msg time="2024-04-12T18:14:38.933190" level="INFO">Argument types are:
&lt;class 'int'&gt;
&lt;class 'str'&gt;</msg>
<arg>${response.status_code}</arg>
<arg>200</arg>
<doc>Fails if objects are unequal after converting them to real numbers.</doc>
<status status="PASS" start="2024-04-12T18:14:38.932733" elapsed="0.000525"/>
</kw>
<kw name="Log" owner="BuiltIn">
<msg time="2024-04-12T18:14:38.933987" level="INFO">200</msg>
<arg>${response.status_code}</arg>
<doc>Logs the given message with the given level.</doc>
<status status="PASS" start="2024-04-12T18:14:38.933629" elapsed="0.000400"/>
</kw>
<kw name="Set Variable" owner="BuiltIn">
<msg time="2024-04-12T18:14:38.934814" level="INFO">${json_data} = {'results': [{'gender': 'male', 'name': {'title': 'Mr', 'first': 'Akseli', 'last': 'Rantanen'}, 'location': {'street': {'number': 395, 'name': 'Hatanpään Valtatie'}, 'city': 'Siilinjärvi', 'state': 'Å...</msg>
<var>${json_data}</var>
<arg>${response.json()}</arg>
<doc>Returns the given values which can then be assigned to a variables.</doc>
<status status="PASS" start="2024-04-12T18:14:38.934374" elapsed="0.000469"/>
</kw>
<kw name="Dictionary Should Contain Key" owner="Collections">
<msg time="2024-04-12T18:14:38.935312" level="INFO">False</msg>
<arg>${json_data}</arg>
<arg>results</arg>
<doc>Fails if ``key`` is not found from ``dictionary``.</doc>
<status status="PASS" start="2024-04-12T18:14:38.935146" elapsed="0.000205"/>
</kw>
<status status="PASS" start="2024-04-12T18:14:38.043259" elapsed="0.892351"/>
</kw>
<doc>Testa se a API responde corretamente e retorna um objeto JSON válido.</doc>
<tag>testeRequisicaoBasica</tag>
<status status="PASS" start="2024-04-12T18:14:38.042792" elapsed="0.893006"/>
</test>
<test id="s1-s1-t3" name="Validar estrutura de resposta" line="22">
<kw name="Teste de Estrutura de Resposta" owner="random-user-service">
<kw name="GET On Session" owner="RequestsLibrary">
<msg time="2024-04-12T18:14:39.035838" level="INFO">GET Request : url=https://randomuser.me/api 
 path_url=/api 
 headers={'User-Agent': 'python-requests/2.31.0', 'Accept-Encoding': 'gzip, deflate', 'Accept': '*/*', 'Connection': 'keep-alive'} 
 body=None 
 </msg>
<msg time="2024-04-12T18:14:39.035952" level="INFO">GET Response : url=https://randomuser.me/api 
 status=200, reason=OK 
 headers={'Date': 'Fri, 12 Apr 2024 18:14:39 GMT', 'Content-Type': 'application/json; charset=utf-8', 'Transfer-Encoding': 'chunked', 'Connection': 'keep-alive', 'X-Powered-By': 'Express', 'Access-Control-Allow-Origin': '*', 'Cache-Control': 'no-cache', 'ETag': 'W/"486-7oQY8tlQe0/cCW9Yub2hLh/qMeE"', 'Vary': 'Accept-Encoding', 'Content-Encoding': 'gzip', 'CF-Cache-Status': 'DYNAMIC', 'Report-To': '{"endpoints":[{"url":"https:\\/\\/a.nel.cloudflare.com\\/report\\/v4?s=UYwbJvsJvYhyvbCNUZFqO2p1zasYe8dyKtJh1hMolj8MgLXkyT4iHKIvXj4VFRPnmLEtRYMl9GSU0TblDFopeLFp6VKa0oUJ4PFl0dAtlvoUuW4tXDsfNUbmnthB0%2BGp"}],"group":"cf-nel","max_age":604800}', 'NEL': '{"success_fraction":0,"report_to":"cf-nel","max_age":604800}', 'Server': 'cloudflare', 'CF-RAY': '8735327d5ebf082d-IAD', 'alt-svc': 'h3=":443"; ma=86400'} 
 body={"results":[{"gender":"male","name":{"title":"Mr","first":"Hunter","last":"Jones"},"location":{"street":{"number":1328,"name":"Maple Ave"},"city":"Selkirk","state":"Alberta","country":"Canada","postcode":"Y2F 4S7","coordinates":{"latitude":"-65.5619","longitude":"-38.3267"},"timezone":{"offset":"+10:00","description":"Eastern Australia, Guam, Vladivostok"}},"email":"hunter.jones@example.com","login":{"uuid":"67f2ab08-228a-4485-a34a-bf3a22662bbf","username":"crazymouse726","password":"chef","salt":"ilINrGvO","md5":"934f3a821e4c5c1eab556e7bc42f078d","sha1":"044b2edd85a2caf2cd74627e5b55e680fcc2789f","sha256":"e76f22007021f263af7871967f0413581b7fd8247c4f5b9cff59d8c176cf76f2"},"dob":{"date":"2000-06-21T09:25:17.836Z","age":23},"registered":{"date":"2006-02-03T06:50:38.005Z","age":18},"phone":"D14 K17-7955","cell":"A21 C58-3598","id":{"name":"SIN","value":"193224748"},"picture":{"large":"https://randomuser.me/api/portraits/men/62.jpg","medium":"https://randomuser.me/api/portraits/med/men/62.jpg","thumbnail":"https://randomuser.me/api/portraits/thumb/men/62.jpg"},"nat":"CA"}],"info":{"seed":"468f887d0c6f9518","results":1,"page":1,"version":"1.4"}} 
 </msg>
<msg time="2024-04-12T18:14:39.036121" level="INFO">/opt/hostedtoolcache/Python/3.12.2/x64/lib/python3.12/site-packages/urllib3/connectionpool.py:1103: InsecureRequestWarning: Unverified HTTPS request is being made to host 'randomuser.me'. Adding certificate verification is strongly advised. See: https://urllib3.readthedocs.io/en/latest/advanced-usage.html#tls-warnings
  warnings.warn(</msg>
<msg time="2024-04-12T18:14:39.036254" level="INFO">${response} = &lt;Response [200]&gt;</msg>
<var>${response}</var>
<arg>consultarAPI</arg>
<arg>/api</arg>
<doc>Sends a GET request on a previously created HTTP Session.</doc>
<status status="PASS" start="2024-04-12T18:14:38.938642" elapsed="0.097652"/>
</kw>
<kw name="Set Variable" owner="BuiltIn">
<msg time="2024-04-12T18:14:39.037508" level="INFO">${json_data} = {'results': [{'gender': 'male', 'name': {'title': 'Mr', 'first': 'Hunter', 'last': 'Jones'}, 'location': {'street': {'number': 1328, 'name': 'Maple Ave'}, 'city': 'Selkirk', 'state': 'Alberta', 'count...</msg>
<var>${json_data}</var>
<arg>${response.json()}</arg>
<doc>Returns the given values which can then be assigned to a variables.</doc>
<status status="PASS" start="2024-04-12T18:14:39.036903" elapsed="0.000641"/>
</kw>
<kw name="Log" owner="BuiltIn">
<msg time="2024-04-12T18:14:39.038015" level="INFO">{'results': [{'gender': 'male', 'name': {'title': 'Mr', 'first': 'Hunter', 'last': 'Jones'}, 'location': {'street': {'number': 1328, 'name': 'Maple Ave'}, 'city': 'Selkirk', 'state': 'Alberta', 'country': 'Canada', 'postcode': 'Y2F 4S7', 'coordinates': {'latitude': '-65.5619', 'longitude': '-38.3267'}, 'timezone': {'offset': '+10:00', 'description': 'Eastern Australia, Guam, Vladivostok'}}, 'email': 'hunter.jones@example.com', 'login': {'uuid': '67f2ab08-228a-4485-a34a-bf3a22662bbf', 'username': 'crazymouse726', 'password': 'chef', 'salt': 'ilINrGvO', 'md5': '934f3a821e4c5c1eab556e7bc42f078d', 'sha1': '044b2edd85a2caf2cd74627e5b55e680fcc2789f', 'sha256': 'e76f22007021f263af7871967f0413581b7fd8247c4f5b9cff59d8c176cf76f2'}, 'dob': {'date': '2000-06-21T09:25:17.836Z', 'age': 23}, 'registered': {'date': '2006-02-03T06:50:38.005Z', 'age': 18}, 'phone': 'D14 K17-7955', 'cell': 'A21 C58-3598', 'id': {'name': 'SIN', 'value': '193224748'}, 'picture': {'large': 'https://randomuser.me/api/portraits/men/62.jpg', 'medium': 'https://randomuser.me/api/portraits/med/men/62.jpg', 'thumbnail': 'https://randomuser.me/api/portraits/thumb/men/62.jpg'}, 'nat': 'CA'}], 'info': {'seed': '468f887d0c6f9518', 'results': 1, 'page': 1, 'version': '1.4'}}</msg>
<arg>${json_data}</arg>
<doc>Logs the given message with the given level.</doc>
<status status="PASS" start="2024-04-12T18:14:39.037858" elapsed="0.000203"/>
</kw>
<kw name="Dictionary Should Contain Key" owner="Collections">
<msg time="2024-04-12T18:14:39.038511" level="INFO">False</msg>
<arg>${json_data}</arg>
<arg>results</arg>
<doc>Fails if ``key`` is not found from ``dictionary``.</doc>
<status status="PASS" start="2024-04-12T18:14:39.038353" elapsed="0.000195"/>
</kw>
<kw name="Should Not Be Empty" owner="BuiltIn">
<msg time="2024-04-12T18:14:39.038973" level="INFO">Length is 2.</msg>
<arg>${json_data}</arg>
<doc>Verifies that the given item is not empty.</doc>
<status status="PASS" start="2024-04-12T18:14:39.038841" elapsed="0.000170"/>
</kw>
<kw name="Create List" owner="BuiltIn">
<msg time="2024-04-12T18:14:39.039453" level="INFO">${expected_keys} = ['gender', 'name', 'location', 'email', 'login']</msg>
<var>${expected_keys}</var>
<arg>gender</arg>
<arg>name</arg>
<arg>location</arg>
<arg>email</arg>
<arg>login</arg>
<doc>Returns a list containing given items.</doc>
<status status="PASS" start="2024-04-12T18:14:39.039305" elapsed="0.000172"/>
</kw>
<for flavor="IN">
<iter>
<kw name="Dictionary Should Contain Key" owner="Collections">
<msg time="2024-04-12T18:14:39.040453" level="INFO">False</msg>
<arg>${json_data['results'][0]}</arg>
<arg>${key}</arg>
<doc>Fails if ``key`` is not found from ``dictionary``.</doc>
<status status="PASS" start="2024-04-12T18:14:39.040054" elapsed="0.000438"/>
</kw>
<kw name="Log" owner="BuiltIn">
<msg time="2024-04-12T18:14:39.041170" level="INFO">{'gender': 'male', 'name': {'title': 'Mr', 'first': 'Hunter', 'last': 'Jones'}, 'location': {'street': {'number': 1328, 'name': 'Maple Ave'}, 'city': 'Selkirk', 'state': 'Alberta', 'country': 'Canada', 'postcode': 'Y2F 4S7', 'coordinates': {'latitude': '-65.5619', 'longitude': '-38.3267'}, 'timezone': {'offset': '+10:00', 'description': 'Eastern Australia, Guam, Vladivostok'}}, 'email': 'hunter.jones@example.com', 'login': {'uuid': '67f2ab08-228a-4485-a34a-bf3a22662bbf', 'username': 'crazymouse726', 'password': 'chef', 'salt': 'ilINrGvO', 'md5': '934f3a821e4c5c1eab556e7bc42f078d', 'sha1': '044b2edd85a2caf2cd74627e5b55e680fcc2789f', 'sha256': 'e76f22007021f263af7871967f0413581b7fd8247c4f5b9cff59d8c176cf76f2'}, 'dob': {'date': '2000-06-21T09:25:17.836Z', 'age': 23}, 'registered': {'date': '2006-02-03T06:50:38.005Z', 'age': 18}, 'phone': 'D14 K17-7955', 'cell': 'A21 C58-3598', 'id': {'name': 'SIN', 'value': '193224748'}, 'picture': {'large': 'https://randomuser.me/api/portraits/men/62.jpg', 'medium': 'https://randomuser.me/api/portraits/med/men/62.jpg', 'thumbnail': 'https://randomuser.me/api/portraits/thumb/men/62.jpg'}, 'nat': 'CA'}</msg>
<arg>${json_data['results'][0]}</arg>
<doc>Logs the given message with the given level.</doc>
<status status="PASS" start="2024-04-12T18:14:39.040800" elapsed="0.000418"/>
</kw>
<kw name="Log" owner="BuiltIn">
<msg time="2024-04-12T18:14:39.041679" level="INFO">gender</msg>
<arg>${key}</arg>
<doc>Logs the given message with the given level.</doc>
<status status="PASS" start="2024-04-12T18:14:39.041544" elapsed="0.000173"/>
</kw>
<var name="${key}">gender</var>
<status status="PASS" start="2024-04-12T18:14:39.039929" elapsed="0.002005"/>
</iter>
<iter>
<kw name="Dictionary Should Contain Key" owner="Collections">
<msg time="2024-04-12T18:14:39.042697" level="INFO">False</msg>
<arg>${json_data['results'][0]}</arg>
<arg>${key}</arg>
<doc>Fails if ``key`` is not found from ``dictionary``.</doc>
<status status="PASS" start="2024-04-12T18:14:39.042238" elapsed="0.000497"/>
</kw>
<kw name="Log" owner="BuiltIn">
<msg time="2024-04-12T18:14:39.043432" level="INFO">{'gender': 'male', 'name': {'title': 'Mr', 'first': 'Hunter', 'last': 'Jones'}, 'location': {'street': {'number': 1328, 'name': 'Maple Ave'}, 'city': 'Selkirk', 'state': 'Alberta', 'country': 'Canada', 'postcode': 'Y2F 4S7', 'coordinates': {'latitude': '-65.5619', 'longitude': '-38.3267'}, 'timezone': {'offset': '+10:00', 'description': 'Eastern Australia, Guam, Vladivostok'}}, 'email': 'hunter.jones@example.com', 'login': {'uuid': '67f2ab08-228a-4485-a34a-bf3a22662bbf', 'username': 'crazymouse726', 'password': 'chef', 'salt': 'ilINrGvO', 'md5': '934f3a821e4c5c1eab556e7bc42f078d', 'sha1': '044b2edd85a2caf2cd74627e5b55e680fcc2789f', 'sha256': 'e76f22007021f263af7871967f0413581b7fd8247c4f5b9cff59d8c176cf76f2'}, 'dob': {'date': '2000-06-21T09:25:17.836Z', 'age': 23}, 'registered': {'date': '2006-02-03T06:50:38.005Z', 'age': 18}, 'phone': 'D14 K17-7955', 'cell': 'A21 C58-3598', 'id': {'name': 'SIN', 'value': '193224748'}, 'picture': {'large': 'https://randomuser.me/api/portraits/men/62.jpg', 'medium': 'https://randomuser.me/api/portraits/med/men/62.jpg', 'thumbnail': 'https://randomuser.me/api/portraits/thumb/men/62.jpg'}, 'nat': 'CA'}</msg>
<arg>${json_data['results'][0]}</arg>
<doc>Logs the given message with the given level.</doc>
<status status="PASS" start="2024-04-12T18:14:39.043065" elapsed="0.000414"/>
</kw>
<kw name="Log" owner="BuiltIn">
<msg time="2024-04-12T18:14:39.043902" level="INFO">name</msg>
<arg>${key}</arg>
<doc>Logs the given message with the given level.</doc>
<status status="PASS" start="2024-04-12T18:14:39.043775" elapsed="0.000164"/>
</kw>
<var name="${key}">name</var>
<status status="PASS" start="2024-04-12T18:14:39.042123" elapsed="0.002029"/>
</iter>
<iter>
<kw name="Dictionary Should Contain Key" owner="Collections">
<msg time="2024-04-12T18:14:39.044812" level="INFO">False</msg>
<arg>${json_data['results'][0]}</arg>
<arg>${key}</arg>
<doc>Fails if ``key`` is not found from ``dictionary``.</doc>
<status status="PASS" start="2024-04-12T18:14:39.044441" elapsed="0.000409"/>
</kw>
<kw name="Log" owner="BuiltIn">
<msg time="2024-04-12T18:14:39.045528" level="INFO">{'gender': 'male', 'name': {'title': 'Mr', 'first': 'Hunter', 'last': 'Jones'}, 'location': {'street': {'number': 1328, 'name': 'Maple Ave'}, 'city': 'Selkirk', 'state': 'Alberta', 'country': 'Canada', 'postcode': 'Y2F 4S7', 'coordinates': {'latitude': '-65.5619', 'longitude': '-38.3267'}, 'timezone': {'offset': '+10:00', 'description': 'Eastern Australia, Guam, Vladivostok'}}, 'email': 'hunter.jones@example.com', 'login': {'uuid': '67f2ab08-228a-4485-a34a-bf3a22662bbf', 'username': 'crazymouse726', 'password': 'chef', 'salt': 'ilINrGvO', 'md5': '934f3a821e4c5c1eab556e7bc42f078d', 'sha1': '044b2edd85a2caf2cd74627e5b55e680fcc2789f', 'sha256': 'e76f22007021f263af7871967f0413581b7fd8247c4f5b9cff59d8c176cf76f2'}, 'dob': {'date': '2000-06-21T09:25:17.836Z', 'age': 23}, 'registered': {'date': '2006-02-03T06:50:38.005Z', 'age': 18}, 'phone': 'D14 K17-7955', 'cell': 'A21 C58-3598', 'id': {'name': 'SIN', 'value': '193224748'}, 'picture': {'large': 'https://randomuser.me/api/portraits/men/62.jpg', 'medium': 'https://randomuser.me/api/portraits/med/men/62.jpg', 'thumbnail': 'https://randomuser.me/api/portraits/thumb/men/62.jpg'}, 'nat': 'CA'}</msg>
<arg>${json_data['results'][0]}</arg>
<doc>Logs the given message with the given level.</doc>
<status status="PASS" start="2024-04-12T18:14:39.045148" elapsed="0.000445"/>
</kw>
<kw name="Log" owner="BuiltIn">
<msg time="2024-04-12T18:14:39.046015" level="INFO">location</msg>
<arg>${key}</arg>
<doc>Logs the given message with the given level.</doc>
<status status="PASS" start="2024-04-12T18:14:39.045888" elapsed="0.000165"/>
</kw>
<var name="${key}">location</var>
<status status="PASS" start="2024-04-12T18:14:39.044330" elapsed="0.001940"/>
</iter>
<iter>
<kw name="Dictionary Should Contain Key" owner="Collections">
<msg time="2024-04-12T18:14:39.046940" level="INFO">False</msg>
<arg>${json_data['results'][0]}</arg>
<arg>${key}</arg>
<doc>Fails if ``key`` is not found from ``dictionary``.</doc>
<status status="PASS" start="2024-04-12T18:14:39.046554" elapsed="0.000423"/>
</kw>
<kw name="Log" owner="BuiltIn">
<msg time="2024-04-12T18:14:39.047627" level="INFO">{'gender': 'male', 'name': {'title': 'Mr', 'first': 'Hunter', 'last': 'Jones'}, 'location': {'street': {'number': 1328, 'name': 'Maple Ave'}, 'city': 'Selkirk', 'state': 'Alberta', 'country': 'Canada', 'postcode': 'Y2F 4S7', 'coordinates': {'latitude': '-65.5619', 'longitude': '-38.3267'}, 'timezone': {'offset': '+10:00', 'description': 'Eastern Australia, Guam, Vladivostok'}}, 'email': 'hunter.jones@example.com', 'login': {'uuid': '67f2ab08-228a-4485-a34a-bf3a22662bbf', 'username': 'crazymouse726', 'password': 'chef', 'salt': 'ilINrGvO', 'md5': '934f3a821e4c5c1eab556e7bc42f078d', 'sha1': '044b2edd85a2caf2cd74627e5b55e680fcc2789f', 'sha256': 'e76f22007021f263af7871967f0413581b7fd8247c4f5b9cff59d8c176cf76f2'}, 'dob': {'date': '2000-06-21T09:25:17.836Z', 'age': 23}, 'registered': {'date': '2006-02-03T06:50:38.005Z', 'age': 18}, 'phone': 'D14 K17-7955', 'cell': 'A21 C58-3598', 'id': {'name': 'SIN', 'value': '193224748'}, 'picture': {'large': 'https://randomuser.me/api/portraits/men/62.jpg', 'medium': 'https://randomuser.me/api/portraits/med/men/62.jpg', 'thumbnail': 'https://randomuser.me/api/portraits/thumb/men/62.jpg'}, 'nat': 'CA'}</msg>
<arg>${json_data['results'][0]}</arg>
<doc>Logs the given message with the given level.</doc>
<status status="PASS" start="2024-04-12T18:14:39.047275" elapsed="0.000399"/>
</kw>
<kw name="Log" owner="BuiltIn">
<msg time="2024-04-12T18:14:39.048094" level="INFO">email</msg>
<arg>${key}</arg>
<doc>Logs the given message with the given level.</doc>
<status status="PASS" start="2024-04-12T18:14:39.047968" elapsed="0.000162"/>
</kw>
<var name="${key}">email</var>
<status status="PASS" start="2024-04-12T18:14:39.046443" elapsed="0.001900"/>
</iter>
<iter>
<kw name="Dictionary Should Contain Key" owner="Collections">
<msg time="2024-04-12T18:14:39.049009" level="INFO">False</msg>
<arg>${json_data['results'][0]}</arg>
<arg>${key}</arg>
<doc>Fails if ``key`` is not found from ``dictionary``.</doc>
<status status="PASS" start="2024-04-12T18:14:39.048626" elapsed="0.000420"/>
</kw>
<kw name="Log" owner="BuiltIn">
<msg time="2024-04-12T18:14:39.049745" level="INFO">{'gender': 'male', 'name': {'title': 'Mr', 'first': 'Hunter', 'last': 'Jones'}, 'location': {'street': {'number': 1328, 'name': 'Maple Ave'}, 'city': 'Selkirk', 'state': 'Alberta', 'country': 'Canada', 'postcode': 'Y2F 4S7', 'coordinates': {'latitude': '-65.5619', 'longitude': '-38.3267'}, 'timezone': {'offset': '+10:00', 'description': 'Eastern Australia, Guam, Vladivostok'}}, 'email': 'hunter.jones@example.com', 'login': {'uuid': '67f2ab08-228a-4485-a34a-bf3a22662bbf', 'username': 'crazymouse726', 'password': 'chef', 'salt': 'ilINrGvO', 'md5': '934f3a821e4c5c1eab556e7bc42f078d', 'sha1': '044b2edd85a2caf2cd74627e5b55e680fcc2789f', 'sha256': 'e76f22007021f263af7871967f0413581b7fd8247c4f5b9cff59d8c176cf76f2'}, 'dob': {'date': '2000-06-21T09:25:17.836Z', 'age': 23}, 'registered': {'date': '2006-02-03T06:50:38.005Z', 'age': 18}, 'phone': 'D14 K17-7955', 'cell': 'A21 C58-3598', 'id': {'name': 'SIN', 'value': '193224748'}, 'picture': {'large': 'https://randomuser.me/api/portraits/men/62.jpg', 'medium': 'https://randomuser.me/api/portraits/med/men/62.jpg', 'thumbnail': 'https://randomuser.me/api/portraits/thumb/men/62.jpg'}, 'nat': 'CA'}</msg>
<arg>${json_data['results'][0]}</arg>
<doc>Logs the given message with the given level.</doc>
<status status="PASS" start="2024-04-12T18:14:39.049351" elapsed="0.000440"/>
</kw>
<kw name="Log" owner="BuiltIn">
<msg time="2024-04-12T18:14:39.050228" level="INFO">login</msg>
<arg>${key}</arg>
<doc>Logs the given message with the given level.</doc>
<status status="PASS" start="2024-04-12T18:14:39.050101" elapsed="0.000164"/>
</kw>
<var name="${key}">login</var>
<status status="PASS" start="2024-04-12T18:14:39.048517" elapsed="0.001971"/>
</iter>
<var>${key}</var>
<value>@{expected_keys}</value>
<status status="PASS" start="2024-04-12T18:14:39.039735" elapsed="0.010899"/>
</for>
<kw name="Create List" owner="BuiltIn">
<msg time="2024-04-12T18:14:39.050969" level="INFO">${expected_keysTwo} = ['username', 'password']</msg>
<var>${expected_keysTwo}</var>
<arg>username</arg>
<arg>password</arg>
<doc>Returns a list containing given items.</doc>
<status status="PASS" start="2024-04-12T18:14:39.050834" elapsed="0.000159"/>
</kw>
<for flavor="IN">
<iter>
<kw name="Dictionary Should Contain Key" owner="Collections">
<msg time="2024-04-12T18:14:39.051985" level="INFO">False</msg>
<arg>${json_data['results'][0]['login']}</arg>
<arg>${keyTwo}</arg>
<doc>Fails if ``key`` is not found from ``dictionary``.</doc>
<status status="PASS" start="2024-04-12T18:14:39.051601" elapsed="0.000422"/>
</kw>
<kw name="Dictionary Should Contain Key" owner="Collections">
<msg time="2024-04-12T18:14:39.052714" level="INFO">False</msg>
<arg>${json_data['results'][0]['login']}</arg>
<arg>${keyTwo}</arg>
<doc>Fails if ``key`` is not found from ``dictionary``.</doc>
<status status="PASS" start="2024-04-12T18:14:39.052328" elapsed="0.000423"/>
</kw>
<kw name="Log" owner="BuiltIn">
<msg time="2024-04-12T18:14:39.053172" level="INFO">username</msg>
<arg>${keyTwo}</arg>
<doc>Logs the given message with the given level.</doc>
<status status="PASS" start="2024-04-12T18:14:39.053047" elapsed="0.000163"/>
</kw>
<var name="${keyTwo}">username</var>
<status status="PASS" start="2024-04-12T18:14:39.051488" elapsed="0.001939"/>
</iter>
<iter>
<kw name="Dictionary Should Contain Key" owner="Collections">
<msg time="2024-04-12T18:14:39.054121" level="INFO">False</msg>
<arg>${json_data['results'][0]['login']}</arg>
<arg>${keyTwo}</arg>
<doc>Fails if ``key`` is not found from ``dictionary``.</doc>
<status status="PASS" start="2024-04-12T18:14:39.053745" elapsed="0.000414"/>
</kw>
<kw name="Dictionary Should Contain Key" owner="Collections">
<msg time="2024-04-12T18:14:39.054822" level="INFO">False</msg>
<arg>${json_data['results'][0]['login']}</arg>
<arg>${keyTwo}</arg>
<doc>Fails if ``key`` is not found from ``dictionary``.</doc>
<status status="PASS" start="2024-04-12T18:14:39.054450" elapsed="0.000409"/>
</kw>
<kw name="Log" owner="BuiltIn">
<msg time="2024-04-12T18:14:39.055274" level="INFO">password</msg>
<arg>${keyTwo}</arg>
<doc>Logs the given message with the given level.</doc>
<status status="PASS" start="2024-04-12T18:14:39.055149" elapsed="0.000163"/>
</kw>
<var name="${keyTwo}">password</var>
<status status="PASS" start="2024-04-12T18:14:39.053635" elapsed="0.001893"/>
</iter>
<var>${keyTwo}</var>
<value>@{expected_keysTwo}</value>
<status status="PASS" start="2024-04-12T18:14:39.051229" elapsed="0.004419"/>
</for>
<status status="PASS" start="2024-04-12T18:14:38.938399" elapsed="0.117390"/>
</kw>
<doc>Testa a estrutura da resposta da API.</doc>
<tag>testeEstruturaResposta</tag>
<status status="PASS" start="2024-04-12T18:14:38.937654" elapsed="0.118304"/>
</test>
<test id="s1-s1-t4" name="Validar tipos de dados" line="28">
<kw name="Teste de Tipos de Dados" owner="random-user-service">
<kw name="GET On Session" owner="RequestsLibrary">
<msg time="2024-04-12T18:14:39.097107" level="INFO">GET Request : url=https://randomuser.me/api 
 path_url=/api 
 headers={'User-Agent': 'python-requests/2.31.0', 'Accept-Encoding': 'gzip, deflate', 'Accept': '*/*', 'Connection': 'keep-alive'} 
 body=None 
 </msg>
<msg time="2024-04-12T18:14:39.097182" level="INFO">GET Response : url=https://randomuser.me/api 
 status=200, reason=OK 
 headers={'Date': 'Fri, 12 Apr 2024 18:14:39 GMT', 'Content-Type': 'application/json; charset=utf-8', 'Transfer-Encoding': 'chunked', 'Connection': 'keep-alive', 'X-Powered-By': 'Express', 'Access-Control-Allow-Origin': '*', 'Cache-Control': 'no-cache', 'ETag': 'W/"47d-HE2JYP6hihIhzlSOjgBRKTgOPZ4"', 'Vary': 'Accept-Encoding', 'Content-Encoding': 'gzip', 'CF-Cache-Status': 'DYNAMIC', 'Report-To': '{"endpoints":[{"url":"https:\\/\\/a.nel.cloudflare.com\\/report\\/v4?s=lqRNiSrLiQG920b1y9gfaKY%2BH5oGdy%2Ffap6HdVBTcGGGMl%2B7Fm6Pw5dXmIGKCNRPEgrAqjsosYrJ0hE6Lso03szRCLi7QFY4y7CRp%2FRY0PVfuuUWLPecEZwSHuediANT"}],"group":"cf-nel","max_age":604800}', 'NEL': '{"success_fraction":0,"report_to":"cf-nel","max_age":604800}', 'Server': 'cloudflare', 'CF-RAY': '8735327e1fbb082d-IAD', 'alt-svc': 'h3=":443"; ma=86400'} 
 body={"results":[{"gender":"female","name":{"title":"Ms","first":"Ane","last":"Brodahl"},"location":{"street":{"number":2040,"name":"Gladvoll terrasse"},"city":"Bruflat","state":"Telemark","country":"Norway","postcode":"0151","coordinates":{"latitude":"39.7833","longitude":"130.1094"},"timezone":{"offset":"-12:00","description":"Eniwetok, Kwajalein"}},"email":"ane.brodahl@example.com","login":{"uuid":"11f0341c-e08a-44f6-a2d5-dbf8efb429cb","username":"goldensnake756","password":"spectre","salt":"dGPr7yOi","md5":"23b79cbaf33323358f72ed7a477da4de","sha1":"a8b1b8010fce181cada6b3c1dcec264613939db6","sha256":"aca868fc4134fd7e716d31f8b64988f919516ff66c577c9dbbac9aacbe99407a"},"dob":{"date":"2000-12-18T13:33:00.403Z","age":23},"registered":{"date":"2013-03-05T19:18:33.792Z","age":11},"phone":"87216874","cell":"92287292","id":{"name":"FN","value":"18120058645"},"picture":{"large":"https://randomuser.me/api/portraits/women/88.jpg","medium":"https://randomuser.me/api/portraits/med/women/88.jpg","thumbnail":"https://randomuser.me/api/portraits/thumb/women/88.jpg"},"nat":"NO"}],"info":{"seed":"9974575872be6cad","results":1,"page":1,"version":"1.4"}} 
 </msg>
<msg time="2024-04-12T18:14:39.097251" level="INFO">/opt/hostedtoolcache/Python/3.12.2/x64/lib/python3.12/site-packages/urllib3/connectionpool.py:1103: InsecureRequestWarning: Unverified HTTPS request is being made to host 'randomuser.me'. Adding certificate verification is strongly advised. See: https://urllib3.readthedocs.io/en/latest/advanced-usage.html#tls-warnings
  warnings.warn(</msg>
<msg time="2024-04-12T18:14:39.097340" level="INFO">${response} = &lt;Response [200]&gt;</msg>
<var>${response}</var>
<arg>consultarAPI</arg>
<arg>/api</arg>
<doc>Sends a GET request on a previously created HTTP Session.</doc>
<status status="PASS" start="2024-04-12T18:14:39.058544" elapsed="0.038835"/>
</kw>
<kw name="Set Variable" owner="BuiltIn">
<msg time="2024-04-12T18:14:39.098417" level="INFO">${json_data} = {'results': [{'gender': 'female', 'name': {'title': 'Ms', 'first': 'Ane', 'last': 'Brodahl'}, 'location': {'street': {'number': 2040, 'name': 'Gladvoll terrasse'}, 'city': 'Bruflat', 'state': 'Telemar...</msg>
<var>${json_data}</var>
<arg>${response.json()}</arg>
<doc>Returns the given values which can then be assigned to a variables.</doc>
<status status="PASS" start="2024-04-12T18:14:39.097854" elapsed="0.000591"/>
</kw>
<kw name="Log" owner="BuiltIn">
<msg time="2024-04-12T18:14:39.098914" level="INFO">{'results': [{'gender': 'female', 'name': {'title': 'Ms', 'first': 'Ane', 'last': 'Brodahl'}, 'location': {'street': {'number': 2040, 'name': 'Gladvoll terrasse'}, 'city': 'Bruflat', 'state': 'Telemark', 'country': 'Norway', 'postcode': '0151', 'coordinates': {'latitude': '39.7833', 'longitude': '130.1094'}, 'timezone': {'offset': '-12:00', 'description': 'Eniwetok, Kwajalein'}}, 'email': 'ane.brodahl@example.com', 'login': {'uuid': '11f0341c-e08a-44f6-a2d5-dbf8efb429cb', 'username': 'goldensnake756', 'password': 'spectre', 'salt': 'dGPr7yOi', 'md5': '23b79cbaf33323358f72ed7a477da4de', 'sha1': 'a8b1b8010fce181cada6b3c1dcec264613939db6', 'sha256': 'aca868fc4134fd7e716d31f8b64988f919516ff66c577c9dbbac9aacbe99407a'}, 'dob': {'date': '2000-12-18T13:33:00.403Z', 'age': 23}, 'registered': {'date': '2013-03-05T19:18:33.792Z', 'age': 11}, 'phone': '87216874', 'cell': '92287292', 'id': {'name': 'FN', 'value': '18120058645'}, 'picture': {'large': 'https://randomuser.me/api/portraits/women/88.jpg', 'medium': 'https://randomuser.me/api/portraits/med/women/88.jpg', 'thumbnail': 'https://randomuser.me/api/portraits/thumb/women/88.jpg'}, 'nat': 'NO'}], 'info': {'seed': '9974575872be6cad', 'results': 1, 'page': 1, 'version': '1.4'}}</msg>
<arg>${json_data}</arg>
<doc>Logs the given message with the given level.</doc>
<status status="PASS" start="2024-04-12T18:14:39.098758" elapsed="0.000234"/>
</kw>
<kw name="Should Be String" owner="String">
<arg>${json_data['results'][0]['gender']}</arg>
<doc>Fails if the given ``item`` is not a string.</doc>
<status status="PASS" start="2024-04-12T18:14:39.099295" elapsed="0.000369"/>
</kw>
<kw name="Should Match Regexp" owner="BuiltIn">
<arg>${json_data['results'][0]['email']}</arg>
<arg>^[a-zA-Z0-9._%+-]+@[a-zA-Z0-9.-]+\.[a-zA-Z]{2,}$</arg>
<doc>Fails if ``string`` does not match ``pattern`` as a regular expression.</doc>
<status status="PASS" start="2024-04-12T18:14:39.099856" elapsed="0.000509"/>
</kw>
<kw name="Should Match Regexp" owner="BuiltIn">
<arg>${json_data['results'][0]['dob']['date']}</arg>
<arg>\\d{4}-\\d{2}-\\d{2}T\\d{2}:\\d{2}:\\d{2}\\.\\d{3}Z</arg>
<doc>Fails if ``string`` does not match ``pattern`` as a regular expression.</doc>
<status status="PASS" start="2024-04-12T18:14:39.100558" elapsed="0.000485"/>
</kw>
<kw name="Should Match Regexp" owner="BuiltIn">
<arg>${json_data['results'][0]['registered']['date']}</arg>
<arg>\\d{4}-\\d{2}-\\d{2}T\\d{2}:\\d{2}:\\d{2}\\.\\d{3}Z</arg>
<doc>Fails if ``string`` does not match ``pattern`` as a regular expression.</doc>
<status status="PASS" start="2024-04-12T18:14:39.101232" elapsed="0.000420"/>
</kw>
<kw name="Should Match Regexp" owner="BuiltIn">
<arg>${json_data['results'][0]['picture']['large']}</arg>
<arg>^https?://.*\.(?:png|jpe?g|gif|bmp)$</arg>
<doc>Fails if ``string`` does not match ``pattern`` as a regular expression.</doc>
<status status="PASS" start="2024-04-12T18:14:39.101839" elapsed="0.000458"/>
</kw>
<kw name="Should Match Regexp" owner="BuiltIn">
<arg>${json_data['results'][0]['picture']['medium']}</arg>
<arg>^https?://.*\.(?:png|jpe?g|gif|bmp)$</arg>
<doc>Fails if ``string`` does not match ``pattern`` as a regular expression.</doc>
<status status="PASS" start="2024-04-12T18:14:39.102485" elapsed="0.000359"/>
</kw>
<kw name="Should Match Regexp" owner="BuiltIn">
<arg>${json_data['results'][0]['picture']['thumbnail']}</arg>
<arg>^https?://.*\.(?:png|jpe?g|gif|bmp)$</arg>
<doc>Fails if ``string`` does not match ``pattern`` as a regular expression.</doc>
<status status="PASS" start="2024-04-12T18:14:39.103028" elapsed="0.000353"/>
</kw>
<kw name="Log" owner="BuiltIn">
<msg time="2024-04-12T18:14:39.103878" level="INFO">{'large': 'https://randomuser.me/api/portraits/women/88.jpg', 'medium': 'https://randomuser.me/api/portraits/med/women/88.jpg', 'thumbnail': 'https://randomuser.me/api/portraits/thumb/women/88.jpg'}</msg>
<arg>${json_data['results'][0]['picture']}</arg>
<doc>Logs the given message with the given level.</doc>
<status status="PASS" start="2024-04-12T18:14:39.103559" elapsed="0.000360"/>
</kw>
<status status="PASS" start="2024-04-12T18:14:39.058308" elapsed="0.045865"/>
</kw>
<kw name="Teste de Tipos de Dados - Postcode" owner="random-user-service">
<kw name="GET On Session" owner="RequestsLibrary">
<msg time="2024-04-12T18:14:39.201561" level="INFO">GET Request : url=https://randomuser.me/api 
 path_url=/api 
 headers={'User-Agent': 'python-requests/2.31.0', 'Accept-Encoding': 'gzip, deflate', 'Accept': '*/*', 'Connection': 'keep-alive'} 
 body=None 
 </msg>
<msg time="2024-04-12T18:14:39.201638" level="INFO">GET Response : url=https://randomuser.me/api 
 status=200, reason=OK 
 headers={'Date': 'Fri, 12 Apr 2024 18:14:39 GMT', 'Content-Type': 'application/json; charset=utf-8', 'Transfer-Encoding': 'chunked', 'Connection': 'keep-alive', 'X-Powered-By': 'Express', 'Access-Control-Allow-Origin': '*', 'Cache-Control': 'no-cache', 'ETag': 'W/"461-vz2HAvhUuiA3p2FFF0pv9lWXV84"', 'Vary': 'Accept-Encoding', 'Content-Encoding': 'gzip', 'CF-Cache-Status': 'DYNAMIC', 'Report-To': '{"endpoints":[{"url":"https:\\/\\/a.nel.cloudflare.com\\/report\\/v4?s=aInn4C06kcdbiJXmKJNp6C0N6ZU4Ris74Togklo2cTr6jR7r0rGY1cOEs78YXUIh0HzX5Mrw4bCy98bHtpEYAzktn7PPjOAODIZNMAjkB%2BdEQcDhjXvsjc3H5snoXj2q"}],"group":"cf-nel","max_age":604800}', 'NEL': '{"success_fraction":0,"report_to":"cf-nel","max_age":604800}', 'Server': 'cloudflare', 'CF-RAY': '8735327e680c082d-IAD', 'alt-svc': 'h3=":443"; ma=86400'} 
 body={"results":[{"gender":"male","name":{"title":"Mr","first":"Umang","last":"Rao"},"location":{"street":{"number":9932,"name":"Dwaraka Nagar"},"city":"Gaya","state":"Sikkim","country":"India","postcode":56125,"coordinates":{"latitude":"9.2161","longitude":"-101.5825"},"timezone":{"offset":"-2:00","description":"Mid-Atlantic"}},"email":"umang.rao@example.com","login":{"uuid":"eb5f45d8-d74d-4703-97ef-9f0eddf2fbeb","username":"tinywolf642","password":"irene","salt":"ZCrYEbp2","md5":"bb57b0a872a74a1ba387136ec56866f5","sha1":"5d10823b63362c7dcfe00590649684296d5cefb0","sha256":"9458abd6874fca4788dffdbb4a1d4acb3e7e78acecd84957755c479c692b6d0c"},"dob":{"date":"1999-06-15T15:09:22.658Z","age":24},"registered":{"date":"2002-12-24T02:23:20.902Z","age":21},"phone":"9891968621","cell":"9364739876","id":{"name":"UIDAI","value":"697122240939"},"picture":{"large":"https://randomuser.me/api/portraits/men/92.jpg","medium":"https://randomuser.me/api/portraits/med/men/92.jpg","thumbnail":"https://randomuser.me/api/portraits/thumb/men/92.jpg"},"nat":"IN"}],"info":{"seed":"d0f8df90b68e9694","results":1,"page":1,"version":"1.4"}} 
 </msg>
<msg time="2024-04-12T18:14:39.201716" level="INFO">/opt/hostedtoolcache/Python/3.12.2/x64/lib/python3.12/site-packages/urllib3/connectionpool.py:1103: InsecureRequestWarning: Unverified HTTPS request is being made to host 'randomuser.me'. Adding certificate verification is strongly advised. See: https://urllib3.readthedocs.io/en/latest/advanced-usage.html#tls-warnings
  warnings.warn(</msg>
<msg time="2024-04-12T18:14:39.201817" level="INFO">${response} = &lt;Response [200]&gt;</msg>
<var>${response}</var>
<arg>consultarAPI</arg>
<arg>/api</arg>
<doc>Sends a GET request on a previously created HTTP Session.</doc>
<status status="PASS" start="2024-04-12T18:14:39.104623" elapsed="0.097235"/>
</kw>
<kw name="Set Variable" owner="BuiltIn">
<msg time="2024-04-12T18:14:39.202937" level="INFO">${json_data} = {'results': [{'gender': 'male', 'name': {'title': 'Mr', 'first': 'Umang', 'last': 'Rao'}, 'location': {'street': {'number': 9932, 'name': 'Dwaraka Nagar'}, 'city': 'Gaya', 'state': 'Sikkim', 'country'...</msg>
<var>${json_data}</var>
<arg>${response.json()}</arg>
<doc>Returns the given values which can then be assigned to a variables.</doc>
<status status="PASS" start="2024-04-12T18:14:39.202380" elapsed="0.000585"/>
</kw>
<kw name="Log" owner="BuiltIn">
<msg time="2024-04-12T18:14:39.203419" level="INFO">{'results': [{'gender': 'male', 'name': {'title': 'Mr', 'first': 'Umang', 'last': 'Rao'}, 'location': {'street': {'number': 9932, 'name': 'Dwaraka Nagar'}, 'city': 'Gaya', 'state': 'Sikkim', 'country': 'India', 'postcode': 56125, 'coordinates': {'latitude': '9.2161', 'longitude': '-101.5825'}, 'timezone': {'offset': '-2:00', 'description': 'Mid-Atlantic'}}, 'email': 'umang.rao@example.com', 'login': {'uuid': 'eb5f45d8-d74d-4703-97ef-9f0eddf2fbeb', 'username': 'tinywolf642', 'password': 'irene', 'salt': 'ZCrYEbp2', 'md5': 'bb57b0a872a74a1ba387136ec56866f5', 'sha1': '5d10823b63362c7dcfe00590649684296d5cefb0', 'sha256': '9458abd6874fca4788dffdbb4a1d4acb3e7e78acecd84957755c479c692b6d0c'}, 'dob': {'date': '1999-06-15T15:09:22.658Z', 'age': 24}, 'registered': {'date': '2002-12-24T02:23:20.902Z', 'age': 21}, 'phone': '9891968621', 'cell': '9364739876', 'id': {'name': 'UIDAI', 'value': '697122240939'}, 'picture': {'large': 'https://randomuser.me/api/portraits/men/92.jpg', 'medium': 'https://randomuser.me/api/portraits/med/men/92.jpg', 'thumbnail': 'https://randomuser.me/api/portraits/thumb/men/92.jpg'}, 'nat': 'IN'}], 'info': {'seed': 'd0f8df90b68e9694', 'results': 1, 'page': 1, 'version': '1.4'}}</msg>
<arg>${json_data}</arg>
<doc>Logs the given message with the given level.</doc>
<status status="PASS" start="2024-04-12T18:14:39.203267" elapsed="0.000229"/>
</kw>
<kw name="Should Be Equal As Numbers" owner="BuiltIn">
<arg>${json_data['results'][0]['location']['postcode']}</arg>
<arg>${json_data['results'][0]['location']['postcode']}</arg>
<doc>Fails if objects are unequal after converting them to real numbers.</doc>
<status status="PASS" start="2024-04-12T18:14:39.203797" elapsed="0.000628"/>
</kw>
<kw name="Log" owner="BuiltIn">
<msg time="2024-04-12T18:14:39.204950" level="INFO">56125</msg>
<arg>${json_data['results'][0]['location']['postcode']}</arg>
<doc>Logs the given message with the given level.</doc>
<status status="PASS" start="2024-04-12T18:14:39.204615" elapsed="0.000375"/>
</kw>
<status status="PASS" start="2024-04-12T18:14:39.104392" elapsed="0.100849"/>
</kw>
<doc>Testa se os tipos de dados na resposta da API estão corretos.</doc>
<tag>testeTiposDados</tag>
<status status="PASS" start="2024-04-12T18:14:39.057734" elapsed="0.147676"/>
</test>
<test id="s1-s1-t5" name="Validar conteudo" line="35">
<kw name="Teste de Tipos de Conteudo" owner="random-user-service">
<kw name="GET On Session" owner="RequestsLibrary">
<msg time="2024-04-12T18:14:39.291433" level="INFO">GET Request : url=https://randomuser.me/api 
 path_url=/api 
 headers={'User-Agent': 'python-requests/2.31.0', 'Accept-Encoding': 'gzip, deflate', 'Accept': '*/*', 'Connection': 'keep-alive'} 
 body=None 
 </msg>
<msg time="2024-04-12T18:14:39.291546" level="INFO">GET Response : url=https://randomuser.me/api 
 status=200, reason=OK 
 headers={'Date': 'Fri, 12 Apr 2024 18:14:39 GMT', 'Content-Type': 'application/json; charset=utf-8', 'Transfer-Encoding': 'chunked', 'Connection': 'keep-alive', 'X-Powered-By': 'Express', 'Access-Control-Allow-Origin': '*', 'Cache-Control': 'no-cache', 'ETag': 'W/"494-IkfS6bjninnT0l9GKm5y54UaNj0"', 'Vary': 'Accept-Encoding', 'Content-Encoding': 'gzip', 'CF-Cache-Status': 'DYNAMIC', 'Report-To': '{"endpoints":[{"url":"https:\\/\\/a.nel.cloudflare.com\\/report\\/v4?s=6nWRFJN1pny86DUX%2FW2swS9o4trxLAdETVy2nXZAugsQRkjHbvqFr%2BIQWi7HS18uFHyrzd%2BBciVzArZhUoiOnVIEGEVLHC1hTl80NfnY2gUsEIc%2F%2BEJULp1AP7dgq2fM"}],"group":"cf-nel","max_age":604800}', 'NEL': '{"success_fraction":0,"report_to":"cf-nel","max_age":604800}', 'Server': 'cloudflare', 'CF-RAY': '8735327f08f3082d-IAD', 'alt-svc': 'h3=":443"; ma=86400'} 
 body={"results":[{"gender":"male","name":{"title":"Mr","first":"Ernst","last":"Werner"},"location":{"street":{"number":5177,"name":"Grüner Weg"},"city":"Brunsbüttel","state":"Brandenburg","country":"Germany","postcode":29891,"coordinates":{"latitude":"-53.5796","longitude":"-141.0146"},"timezone":{"offset":"-3:00","description":"Brazil, Buenos Aires, Georgetown"}},"email":"ernst.werner@example.com","login":{"uuid":"3f586233-c3f1-4e1e-8c93-a20fff587843","username":"organicduck689","password":"sailor","salt":"Vn9g5g5b","md5":"077eef0164fcefb79c2fb8ec3266f52c","sha1":"29e0e72dbf00c70e784b47058517117ba15fb574","sha256":"a8f8d61126069b92ed2516417369d9999ec00d1668d1b008dc084f994ec64804"},"dob":{"date":"1952-09-26T22:46:46.878Z","age":71},"registered":{"date":"2003-04-01T02:44:42.777Z","age":21},"phone":"0993-5452202","cell":"0175-5079459","id":{"name":"SVNR","value":"11 260952 W 005"},"picture":{"large":"https://randomuser.me/api/portraits/men/98.jpg","medium":"https://randomuser.me/api/portraits/med/men/98.jpg","thumbnail":"https://randomuser.me/api/portraits/thumb/men/98.jpg"},"nat":"DE"}],"info":{"seed":"03619c508d28f6b0","results":1,"page":1,"version":"1.4"}} 
 </msg>
<msg time="2024-04-12T18:14:39.291629" level="INFO">/opt/hostedtoolcache/Python/3.12.2/x64/lib/python3.12/site-packages/urllib3/connectionpool.py:1103: InsecureRequestWarning: Unverified HTTPS request is being made to host 'randomuser.me'. Adding certificate verification is strongly advised. See: https://urllib3.readthedocs.io/en/latest/advanced-usage.html#tls-warnings
  warnings.warn(</msg>
<msg time="2024-04-12T18:14:39.291751" level="INFO">${response} = &lt;Response [200]&gt;</msg>
<var>${response}</var>
<arg>consultarAPI</arg>
<arg>/api</arg>
<doc>Sends a GET request on a previously created HTTP Session.</doc>
<status status="PASS" start="2024-04-12T18:14:39.208184" elapsed="0.083606"/>
</kw>
<kw name="Set Variable" owner="BuiltIn">
<msg time="2024-04-12T18:14:39.293005" level="INFO">${json_data} = {'results': [{'gender': 'male', 'name': {'title': 'Mr', 'first': 'Ernst', 'last': 'Werner'}, 'location': {'street': {'number': 5177, 'name': 'Grüner Weg'}, 'city': 'Brunsbüttel', 'state': 'Brandenburg...</msg>
<var>${json_data}</var>
<arg>${response.json()}</arg>
<doc>Returns the given values which can then be assigned to a variables.</doc>
<status status="PASS" start="2024-04-12T18:14:39.292430" elapsed="0.000604"/>
</kw>
<kw name="Set Variable" owner="BuiltIn">
<msg time="2024-04-12T18:14:39.293773" level="INFO">${name_title} = Mr</msg>
<var>${name_title}</var>
<arg>${json_data["results"][0]["name"]["title"]}</arg>
<doc>Returns the given values which can then be assigned to a variables.</doc>
<status status="PASS" start="2024-04-12T18:14:39.293346" elapsed="0.000453"/>
</kw>
<kw name="Create List" owner="BuiltIn">
<msg time="2024-04-12T18:14:39.294250" level="INFO">${allowed_titles} = ['Mr', 'Ms', 'Miss', 'Mrs', 'Madame', 'Monsieur']</msg>
<var>${allowed_titles}</var>
<arg>Mr</arg>
<arg>Ms</arg>
<arg>Miss</arg>
<arg>Mrs</arg>
<arg>Madame</arg>
<arg>Monsieur</arg>
<doc>Returns a list containing given items.</doc>
<status status="PASS" start="2024-04-12T18:14:39.294102" elapsed="0.000173"/>
</kw>
<kw name="List Should Contain Value" owner="Collections">
<msg time="2024-04-12T18:14:39.294752" level="INFO">False</msg>
<arg>${allowed_titles}</arg>
<arg>${name_title}</arg>
<doc>Fails if the ``value`` is not found from ``list``.</doc>
<status status="PASS" start="2024-04-12T18:14:39.294579" elapsed="0.000210"/>
</kw>
<kw name="Set Variable" owner="BuiltIn">
<msg time="2024-04-12T18:14:39.295465" level="INFO">${name_country} = DE</msg>
<var>${name_country}</var>
<arg>${json_data["results"][0]["nat"]}</arg>
<doc>Returns the given values which can then be assigned to a variables.</doc>
<status status="PASS" start="2024-04-12T18:14:39.295081" elapsed="0.000408"/>
</kw>
<kw name="Create List" owner="BuiltIn">
<msg time="2024-04-12T18:14:39.296402" level="INFO">${list_country} = ['AD', 'AE', 'AF', 'AG', 'AI', 'AL', 'AM', 'AO', 'AQ', 'AR', 'AS', 'AT', 'AU', 'AW', 'AX', 'AZ', 'BA', 'BB', 'BD', 'BE', 'BF', 'BG', 'BH', 'BI', 'BJ', 'BL', 'BM', 'BN', 'BO', 'BQ', 'BR', 'BS', 'BT', '...</msg>
<var>${list_country}</var>
<arg>AD</arg>
<arg>AE</arg>
<arg>AF</arg>
<arg>AG</arg>
<arg>AI</arg>
<arg>AL</arg>
<arg>AM</arg>
<arg>AO</arg>
<arg>AQ</arg>
<arg>AR</arg>
<arg>AS</arg>
<arg>AT</arg>
<arg>AU</arg>
<arg>AW</arg>
<arg>AX</arg>
<arg>AZ</arg>
<arg>BA</arg>
<arg>BB</arg>
<arg>BD</arg>
<arg>BE</arg>
<arg>BF</arg>
<arg>BG</arg>
<arg>BH</arg>
<arg>BI</arg>
<arg>BJ</arg>
<arg>BL</arg>
<arg>BM</arg>
<arg>BN</arg>
<arg>BO</arg>
<arg>BQ</arg>
<arg>BR</arg>
<arg>BS</arg>
<arg>BT</arg>
<arg>BV</arg>
<arg>BW</arg>
<arg>BY</arg>
<arg>BZ</arg>
<arg>CA</arg>
<arg>CC</arg>
<arg>CD</arg>
<arg>CF</arg>
<arg>CG</arg>
<arg>CH</arg>
<arg>CI</arg>
<arg>CK</arg>
<arg>CL</arg>
<arg>CM</arg>
<arg>CN</arg>
<arg>CO</arg>
<arg>CR</arg>
<arg>CU</arg>
<arg>CV</arg>
<arg>CW</arg>
<arg>CX</arg>
<arg>CY</arg>
<arg>CZ</arg>
<arg>DE</arg>
<arg>DJ</arg>
<arg>DK</arg>
<arg>DM</arg>
<arg>DO</arg>
<arg>DZ</arg>
<arg>EC</arg>
<arg>EE</arg>
<arg>EG</arg>
<arg>EH</arg>
<arg>ER</arg>
<arg>ES</arg>
<arg>ET</arg>
<arg>FI</arg>
<arg>FJ</arg>
<arg>FK</arg>
<arg>FM</arg>
<arg>FO</arg>
<arg>FR</arg>
<arg>GA</arg>
<arg>GB</arg>
<arg>GD</arg>
<arg>GE</arg>
<arg>GF</arg>
<arg>GG</arg>
<arg>GH</arg>
<arg>GI</arg>
<arg>GL</arg>
<arg>GM</arg>
<arg>GN</arg>
<arg>GP</arg>
<arg>GQ</arg>
<arg>GR</arg>
<arg>GS</arg>
<arg>GT</arg>
<arg>GU</arg>
<arg>GW</arg>
<arg>GY</arg>
<arg>HK</arg>
<arg>HM</arg>
<arg>HN</arg>
<arg>HR</arg>
<arg>HT</arg>
<arg>HU</arg>
<arg>ID</arg>
<arg>IE</arg>
<arg>IL</arg>
<arg>IM</arg>
<arg>IN</arg>
<arg>IO</arg>
<arg>IQ</arg>
<arg>IR</arg>
<arg>IS</arg>
<arg>IT</arg>
<arg>JE</arg>
<arg>JM</arg>
<arg>JO</arg>
<arg>JP</arg>
<arg>KE</arg>
<arg>KG</arg>
<arg>KH</arg>
<arg>KI</arg>
<arg>KM</arg>
<arg>KN</arg>
<arg>KP</arg>
<arg>KR</arg>
<arg>KW</arg>
<arg>KY</arg>
<arg>KZ</arg>
<arg>LA</arg>
<arg>LB</arg>
<arg>LC</arg>
<arg>LI</arg>
<arg>LK</arg>
<arg>LR</arg>
<arg>LS</arg>
<arg>LT</arg>
<arg>LU</arg>
<arg>LV</arg>
<arg>LY</arg>
<arg>MA</arg>
<arg>MC</arg>
<arg>MD</arg>
<arg>ME</arg>
<arg>MF</arg>
<arg>MG</arg>
<arg>MH</arg>
<arg>MK</arg>
<arg>ML</arg>
<arg>MM</arg>
<arg>MN</arg>
<arg>MO</arg>
<arg>MP</arg>
<arg>MQ</arg>
<arg>MR</arg>
<arg>MS</arg>
<arg>MT</arg>
<arg>MU</arg>
<arg>MV</arg>
<arg>MW</arg>
<arg>MX</arg>
<arg>MY</arg>
<arg>MZ</arg>
<arg>NA</arg>
<arg>NC</arg>
<arg>NE</arg>
<arg>NF</arg>
<arg>NG</arg>
<arg>NI</arg>
<arg>NL</arg>
<arg>NO</arg>
<arg>NP</arg>
<arg>NR</arg>
<arg>NU</arg>
<arg>NZ</arg>
<arg>OM</arg>
<arg>PA</arg>
<arg>PE</arg>
<arg>PF</arg>
<arg>PG</arg>
<arg>PH</arg>
<arg>PK</arg>
<arg>PL</arg>
<arg>PM</arg>
<arg>PN</arg>
<arg>PR</arg>
<arg>PS</arg>
<arg>PT</arg>
<arg>PW</arg>
<arg>PY</arg>
<arg>QA</arg>
<arg>RE</arg>
<arg>RO</arg>
<arg>RS</arg>
<arg>RU</arg>
<arg>RW</arg>
<arg>SA</arg>
<arg>SB</arg>
<arg>SC</arg>
<arg>SD</arg>
<arg>SE</arg>
<arg>SG</arg>
<arg>SH</arg>
<arg>SI</arg>
<arg>SJ</arg>
<arg>SK</arg>
<arg>SL</arg>
<arg>SM</arg>
<arg>SN</arg>
<arg>SO</arg>
<arg>SR</arg>
<arg>SS</arg>
<arg>ST</arg>
<arg>SV</arg>
<arg>SX</arg>
<arg>SY</arg>
<arg>SZ</arg>
<arg>TC</arg>
<arg>TD</arg>
<arg>TF</arg>
<arg>TG</arg>
<arg>TH</arg>
<arg>TJ</arg>
<arg>TK</arg>
<arg>TL</arg>
<arg>TM</arg>
<arg>TN</arg>
<arg>TO</arg>
<arg>TR</arg>
<arg>TT</arg>
<arg>TV</arg>
<arg>TW</arg>
<arg>TZ</arg>
<arg>UA</arg>
<arg>UG</arg>
<arg>UM</arg>
<arg>US</arg>
<arg>UY</arg>
<arg>UZ</arg>
<arg>VA</arg>
<arg>VC</arg>
<arg>VE</arg>
<arg>VG</arg>
<arg>VI</arg>
<arg>VN</arg>
<arg>VU</arg>
<arg>WF</arg>
<arg>WS</arg>
<arg>XK</arg>
<arg>YE</arg>
<arg>YT</arg>
<arg>ZA</arg>
<arg>ZM</arg>
<arg>ZW</arg>
<doc>Returns a list containing given items.</doc>
<status status="PASS" start="2024-04-12T18:14:39.295805" elapsed="0.000623"/>
</kw>
<kw name="List Should Contain Value" owner="Collections">
<msg time="2024-04-12T18:14:39.297415" level="INFO">False</msg>
<arg>${list_country}</arg>
<arg>${name_country}</arg>
<doc>Fails if the ``value`` is not found from ``list``.</doc>
<status status="PASS" start="2024-04-12T18:14:39.297213" elapsed="0.000269"/>
</kw>
<kw name="Run Keyword If" owner="BuiltIn">
<kw name="Should Be True" owner="BuiltIn">
<arg>${True}</arg>
<doc>Fails if the given condition is not true.</doc>
<status status="PASS" start="2024-04-12T18:14:39.298712" elapsed="0.000146"/>
</kw>
<arg>${json_data["results"][0]["location"]["coordinates"]["latitude"]} &gt;= -90 and ${json_data["results"][0]["location"]["coordinates"]["latitude"]} &lt;= 90</arg>
<arg>Should Be True</arg>
<arg>${True}</arg>
<doc>Runs the given keyword with the given arguments, if ``condition`` is true.</doc>
<status status="PASS" start="2024-04-12T18:14:39.297801" elapsed="0.001186"/>
</kw>
<kw name="Run Keyword If" owner="BuiltIn">
<kw name="Should Be True" owner="BuiltIn">
<arg>${True}</arg>
<doc>Fails if the given condition is not true.</doc>
<status status="PASS" start="2024-04-12T18:14:39.299867" elapsed="0.000138"/>
</kw>
<arg>${json_data["results"][0]["location"]["coordinates"]["longitude"]} &gt;= -180 and ${json_data["results"][0]["location"]["coordinates"]["longitude"]} &lt;= 180</arg>
<arg>Should Be True</arg>
<arg>${True}</arg>
<doc>Runs the given keyword with the given arguments, if ``condition`` is true.</doc>
<status status="PASS" start="2024-04-12T18:14:39.299173" elapsed="0.000957"/>
</kw>
<status status="PASS" start="2024-04-12T18:14:39.207919" elapsed="0.092343"/>
</kw>
<doc>Testa o conteúdo específico dos campos retornados pela API.</doc>
<tag>testeConteudo</tag>
<status status="PASS" start="2024-04-12T18:14:39.207336" elapsed="0.093080"/>
</test>
<status status="PASS" start="2024-04-12T18:14:37.730654" elapsed="1.571811"/>
</suite>
<status status="PASS" start="2024-04-12T18:14:37.717176" elapsed="1.590754"/>
</suite>
<statistics>
<total>
<stat pass="5" fail="0" skip="0">All Tests</stat>
</total>
<tag>
<stat pass="1" fail="0" skip="0">testeConteudo</stat>
<stat pass="1" fail="0" skip="0">testeEstruturaResposta</stat>
<stat pass="1" fail="0" skip="0">testeRequisicaoBasica</stat>
<stat pass="1" fail="0" skip="0">testeTiposDados</stat>
</tag>
<suite>
<stat pass="5" fail="0" skip="0" id="s1" name="Tests">Tests</stat>
<stat pass="5" fail="0" skip="0" id="s1-s1" name="Random-User-Test">Tests.Random-User-Test</stat>
</suite>
</statistics>
<errors>
</errors>
</robot>
