<?xml version="1.0" encoding="UTF-8"?>
<robot generator="Robot 7.0 (Python 3.12.3 on linux)" generated="2024-05-24T01:03:30.457674" rpa="false" schemaversion="5">
<suite id="s1" name="Tests" source="/home/runner/work/DesafioQAItauRogerioJordao/DesafioQAItauRogerioJordao/RamdonUser/tests">
<suite id="s1-s1" name="Random-User-Test" source="/home/runner/work/DesafioQAItauRogerioJordao/DesafioQAItauRogerioJordao/RamdonUser/tests/random-user-test.robot">
<test id="s1-s1-t1" name="Conectar" line="13">
<kw name="Conectar API" owner="random-user-service">
<kw name="Create Session" owner="RequestsLibrary">
<msg time="2024-05-24T01:03:30.857464" level="INFO">Creating Session using : alias=consultarAPI, url=https://randomuser.me/, headers={},                     cookies={}, auth=None, timeout=None, proxies=None, verify=False,                     debug=0 </msg>
<arg>consultarAPI</arg>
<arg>${URL}</arg>
<doc>Create Session: create a HTTP session to a server</doc>
<status status="PASS" start="2024-05-24T01:03:30.857255" elapsed="0.000394"/>
</kw>
<status status="PASS" start="2024-05-24T01:03:30.856172" elapsed="0.001884"/>
</kw>
<status status="PASS" start="2024-05-24T01:03:30.855611" elapsed="0.002642"/>
</test>
<test id="s1-s1-t2" name="Validar retorno 200 e JSON Válido" line="16">
<kw name="Teste de Requisicao Basica" owner="random-user-service">
<kw name="GET On Session" owner="RequestsLibrary">
<msg time="2024-05-24T01:03:31.060893" level="INFO">GET Request : url=https://randomuser.me/api 
 path_url=/api 
 headers={'User-Agent': 'python-requests/2.32.2', 'Accept-Encoding': 'gzip, deflate', 'Accept': '*/*', 'Connection': 'keep-alive'} 
 body=None 
 </msg>
<msg time="2024-05-24T01:03:31.061069" level="INFO">GET Response : url=https://randomuser.me/api 
 status=200, reason=OK 
 headers={'Date': 'Fri, 24 May 2024 01:03:31 GMT', 'Content-Type': 'application/json; charset=utf-8', 'Transfer-Encoding': 'chunked', 'Connection': 'keep-alive', 'X-Powered-By': 'Express', 'Access-Control-Allow-Origin': '*', 'Cache-Control': 'no-cache', 'ETag': 'W/"493-rnGdMUtKun7QcOc63G57olLx+CE"', 'Vary': 'Accept-Encoding', 'Content-Encoding': 'gzip', 'CF-Cache-Status': 'DYNAMIC', 'Report-To': '{"endpoints":[{"url":"https:\\/\\/a.nel.cloudflare.com\\/report\\/v4?s=5cF1GenvPSYavvPQ5j3z2RyZd2aqfGGlZRWVBKn%2FHpxQk8ObjGRi%2BVXPrr4%2BXdqvGhk%2BF1JPwRygCfhYIlm0aIe4xgZmb9bIEaBvPwpABsfLxm8XDZsaO89G%2BOepKUF4"}],"group":"cf-nel","max_age":604800}', 'NEL': '{"success_fraction":0,"report_to":"cf-nel","max_age":604800}', 'Server': 'cloudflare', 'CF-RAY': '88895dcac8bd82f8-IAD', 'alt-svc': 'h3=":443"; ma=86400'} 
 body={"results":[{"gender":"female","name":{"title":"Miss","first":"Michelle","last":"Moreno"},"location":{"street":{"number":5911,"name":"The Grove"},"city":"Armagh","state":"Durham","country":"United Kingdom","postcode":"K2H 0UY","coordinates":{"latitude":"-12.8135","longitude":"115.1839"},"timezone":{"offset":"-11:00","description":"Midway Island, Samoa"}},"email":"michelle.moreno@example.com","login":{"uuid":"b9309e05-dcd5-4540-8ef5-a207fb09f3cb","username":"greenostrich231","password":"zhun","salt":"Y1vvsaF3","md5":"834b10a5c8eb05a397235b3cd349b4b6","sha1":"6a790138bd17b8ab8604d2bec93f050532cca8a9","sha256":"915645c766d1ce73733883ff34a37ebeb45b310a441467a077b1813d2052be36"},"dob":{"date":"1946-03-22T05:37:58.742Z","age":78},"registered":{"date":"2011-04-24T08:30:52.968Z","age":13},"phone":"017683 21300","cell":"07205 241743","id":{"name":"NINO","value":"YJ 99 20 89 H"},"picture":{"large":"https://randomuser.me/api/portraits/women/91.jpg","medium":"https://randomuser.me/api/portraits/med/women/91.jpg","thumbnail":"https://randomuser.me/api/portraits/thumb/women/91.jpg"},"nat":"GB"}],"info":{"seed":"67f7d44a39b5195b","results":1,"page":1,"version":"1.4"}} 
 </msg>
<msg time="2024-05-24T01:03:31.061159" level="INFO">/opt/hostedtoolcache/Python/3.12.3/x64/lib/python3.12/site-packages/urllib3/connectionpool.py:1103: InsecureRequestWarning: Unverified HTTPS request is being made to host 'randomuser.me'. Adding certificate verification is strongly advised. See: https://urllib3.readthedocs.io/en/latest/advanced-usage.html#tls-warnings
  warnings.warn(</msg>
<msg time="2024-05-24T01:03:31.061323" level="INFO">${response} = &lt;Response [200]&gt;</msg>
<var>${response}</var>
<arg>consultarAPI</arg>
<arg>/api</arg>
<doc>Sends a GET request on a previously created HTTP Session.</doc>
<status status="PASS" start="2024-05-24T01:03:30.861021" elapsed="0.200348"/>
</kw>
<kw name="Should Be Equal As Numbers" owner="BuiltIn">
<msg time="2024-05-24T01:03:31.062400" level="INFO">Argument types are:
&lt;class 'int'&gt;
&lt;class 'str'&gt;</msg>
<arg>${response.status_code}</arg>
<arg>200</arg>
<doc>Fails if objects are unequal after converting them to real numbers.</doc>
<status status="PASS" start="2024-05-24T01:03:31.061930" elapsed="0.000535"/>
</kw>
<kw name="Log" owner="BuiltIn">
<msg time="2024-05-24T01:03:31.063153" level="INFO">200</msg>
<arg>${response.status_code}</arg>
<doc>Logs the given message with the given level.</doc>
<status status="PASS" start="2024-05-24T01:03:31.062810" elapsed="0.000391"/>
</kw>
<kw name="Set Variable" owner="BuiltIn">
<msg time="2024-05-24T01:03:31.063935" level="INFO">${json_data} = {'results': [{'gender': 'female', 'name': {'title': 'Miss', 'first': 'Michelle', 'last': 'Moreno'}, 'location': {'street': {'number': 5911, 'name': 'The Grove'}, 'city': 'Armagh', 'state': 'Durham', '...</msg>
<var>${json_data}</var>
<arg>${response.json()}</arg>
<doc>Returns the given values which can then be assigned to a variables.</doc>
<status status="PASS" start="2024-05-24T01:03:31.063510" elapsed="0.000454"/>
</kw>
<kw name="Dictionary Should Contain Key" owner="Collections">
<msg time="2024-05-24T01:03:31.064443" level="INFO">False</msg>
<arg>${json_data}</arg>
<arg>results</arg>
<doc>Fails if ``key`` is not found from ``dictionary``.</doc>
<status status="PASS" start="2024-05-24T01:03:31.064268" elapsed="0.000377"/>
</kw>
<status status="PASS" start="2024-05-24T01:03:30.860749" elapsed="0.204161"/>
</kw>
<doc>Testa se a API responde corretamente e retorna um objeto JSON válido.</doc>
<tag>testeRequisicaoBasica</tag>
<status status="PASS" start="2024-05-24T01:03:30.860095" elapsed="0.204998"/>
</test>
<test id="s1-s1-t3" name="Validar estrutura de resposta" line="22">
<kw name="Teste de Estrutura de Resposta" owner="random-user-service">
<kw name="GET On Session" owner="RequestsLibrary">
<msg time="2024-05-24T01:03:31.164112" level="INFO">GET Request : url=https://randomuser.me/api 
 path_url=/api 
 headers={'User-Agent': 'python-requests/2.32.2', 'Accept-Encoding': 'gzip, deflate', 'Accept': '*/*', 'Connection': 'keep-alive'} 
 body=None 
 </msg>
<msg time="2024-05-24T01:03:31.164224" level="INFO">GET Response : url=https://randomuser.me/api 
 status=200, reason=OK 
 headers={'Date': 'Fri, 24 May 2024 01:03:31 GMT', 'Content-Type': 'application/json; charset=utf-8', 'Transfer-Encoding': 'chunked', 'Connection': 'keep-alive', 'X-Powered-By': 'Express', 'Access-Control-Allow-Origin': '*', 'Cache-Control': 'no-cache', 'ETag': 'W/"47c-NhErjs2uHkqeP7DxoLG1T+G3tvo"', 'Vary': 'Accept-Encoding', 'Content-Encoding': 'gzip', 'CF-Cache-Status': 'DYNAMIC', 'Report-To': '{"endpoints":[{"url":"https:\\/\\/a.nel.cloudflare.com\\/report\\/v4?s=mi6GzESzuNkSy%2BJCEOwE%2FMBHyj%2BxTO%2B601wwUkC7rXuSGerJrJyeNS8DS39PyZbRk46MGbJI1DBQE34B5y1zciSMJ%2BoPESNr125wXXda7hoVCSZPWYxgxpucfW4572k8"}],"group":"cf-nel","max_age":604800}', 'NEL': '{"success_fraction":0,"report_to":"cf-nel","max_age":604800}', 'Server': 'cloudflare', 'CF-RAY': '88895dcb391b82f8-IAD', 'alt-svc': 'h3=":443"; ma=86400'} 
 body={"results":[{"gender":"male","name":{"title":"Mr","first":"Sergiy","last":"Skorohod"},"location":{"street":{"number":6612,"name":"Lipova"},"city":"Bryanka","state":"Kirovogradska","country":"Ukraine","postcode":22767,"coordinates":{"latitude":"75.6895","longitude":"-37.7848"},"timezone":{"offset":"+2:00","description":"Kaliningrad, South Africa"}},"email":"sergiy.skorohod@example.com","login":{"uuid":"cc8a8172-cbf0-4b56-85b1-7c80d53a20dd","username":"silverbutterfly519","password":"funky","salt":"XR0cTtzb","md5":"e0cb8f22780860e0c78d09eb8ce4390a","sha1":"9bbd88b0fedd730e12bdac628b0d2255b3510632","sha256":"4f84312f563bc07ea843001c94273517af6f30db17d90a482dd6f81c3586ef66"},"dob":{"date":"1988-06-24T08:23:53.451Z","age":35},"registered":{"date":"2012-06-06T16:58:53.751Z","age":11},"phone":"(098) I26-1088","cell":"(099) M13-9479","id":{"name":"","value":null},"picture":{"large":"https://randomuser.me/api/portraits/men/4.jpg","medium":"https://randomuser.me/api/portraits/med/men/4.jpg","thumbnail":"https://randomuser.me/api/portraits/thumb/men/4.jpg"},"nat":"UA"}],"info":{"seed":"16075867bec73ccd","results":1,"page":1,"version":"1.4"}} 
 </msg>
<msg time="2024-05-24T01:03:31.164359" level="INFO">/opt/hostedtoolcache/Python/3.12.3/x64/lib/python3.12/site-packages/urllib3/connectionpool.py:1103: InsecureRequestWarning: Unverified HTTPS request is being made to host 'randomuser.me'. Adding certificate verification is strongly advised. See: https://urllib3.readthedocs.io/en/latest/advanced-usage.html#tls-warnings
  warnings.warn(</msg>
<msg time="2024-05-24T01:03:31.164496" level="INFO">${response} = &lt;Response [200]&gt;</msg>
<var>${response}</var>
<arg>consultarAPI</arg>
<arg>/api</arg>
<doc>Sends a GET request on a previously created HTTP Session.</doc>
<status status="PASS" start="2024-05-24T01:03:31.067681" elapsed="0.096857"/>
</kw>
<kw name="Set Variable" owner="BuiltIn">
<msg time="2024-05-24T01:03:31.165556" level="INFO">${json_data} = {'results': [{'gender': 'male', 'name': {'title': 'Mr', 'first': 'Sergiy', 'last': 'Skorohod'}, 'location': {'street': {'number': 6612, 'name': 'Lipova'}, 'city': 'Bryanka', 'state': 'Kirovogradska', ...</msg>
<var>${json_data}</var>
<arg>${response.json()}</arg>
<doc>Returns the given values which can then be assigned to a variables.</doc>
<status status="PASS" start="2024-05-24T01:03:31.165037" elapsed="0.000548"/>
</kw>
<kw name="Log" owner="BuiltIn">
<msg time="2024-05-24T01:03:31.166090" level="INFO">{'results': [{'gender': 'male', 'name': {'title': 'Mr', 'first': 'Sergiy', 'last': 'Skorohod'}, 'location': {'street': {'number': 6612, 'name': 'Lipova'}, 'city': 'Bryanka', 'state': 'Kirovogradska', 'country': 'Ukraine', 'postcode': 22767, 'coordinates': {'latitude': '75.6895', 'longitude': '-37.7848'}, 'timezone': {'offset': '+2:00', 'description': 'Kaliningrad, South Africa'}}, 'email': 'sergiy.skorohod@example.com', 'login': {'uuid': 'cc8a8172-cbf0-4b56-85b1-7c80d53a20dd', 'username': 'silverbutterfly519', 'password': 'funky', 'salt': 'XR0cTtzb', 'md5': 'e0cb8f22780860e0c78d09eb8ce4390a', 'sha1': '9bbd88b0fedd730e12bdac628b0d2255b3510632', 'sha256': '4f84312f563bc07ea843001c94273517af6f30db17d90a482dd6f81c3586ef66'}, 'dob': {'date': '1988-06-24T08:23:53.451Z', 'age': 35}, 'registered': {'date': '2012-06-06T16:58:53.751Z', 'age': 11}, 'phone': '(098) I26-1088', 'cell': '(099) M13-9479', 'id': {'name': '', 'value': None}, 'picture': {'large': 'https://randomuser.me/api/portraits/men/4.jpg', 'medium': 'https://randomuser.me/api/portraits/med/men/4.jpg', 'thumbnail': 'https://randomuser.me/api/portraits/thumb/men/4.jpg'}, 'nat': 'UA'}], 'info': {'seed': '16075867bec73ccd', 'results': 1, 'page': 1, 'version': '1.4'}}</msg>
<arg>${json_data}</arg>
<doc>Logs the given message with the given level.</doc>
<status status="PASS" start="2024-05-24T01:03:31.165932" elapsed="0.000204"/>
</kw>
<kw name="Dictionary Should Contain Key" owner="Collections">
<msg time="2024-05-24T01:03:31.166592" level="INFO">False</msg>
<arg>${json_data}</arg>
<arg>results</arg>
<doc>Fails if ``key`` is not found from ``dictionary``.</doc>
<status status="PASS" start="2024-05-24T01:03:31.166435" elapsed="0.000193"/>
</kw>
<kw name="Should Not Be Empty" owner="BuiltIn">
<msg time="2024-05-24T01:03:31.167059" level="INFO">Length is 2.</msg>
<arg>${json_data}</arg>
<doc>Verifies that the given item is not empty.</doc>
<status status="PASS" start="2024-05-24T01:03:31.166924" elapsed="0.000173"/>
</kw>
<kw name="Create List" owner="BuiltIn">
<msg time="2024-05-24T01:03:31.167541" level="INFO">${expected_keys} = ['gender', 'name', 'location', 'email', 'login']</msg>
<var>${expected_keys}</var>
<arg>gender</arg>
<arg>name</arg>
<arg>location</arg>
<arg>email</arg>
<arg>login</arg>
<doc>Returns a list containing given items.</doc>
<status status="PASS" start="2024-05-24T01:03:31.167389" elapsed="0.000176"/>
</kw>
<for flavor="IN">
<iter>
<kw name="Dictionary Should Contain Key" owner="Collections">
<msg time="2024-05-24T01:03:31.168558" level="INFO">False</msg>
<arg>${json_data['results'][0]}</arg>
<arg>${key}</arg>
<doc>Fails if ``key`` is not found from ``dictionary``.</doc>
<status status="PASS" start="2024-05-24T01:03:31.168149" elapsed="0.000451"/>
</kw>
<kw name="Log" owner="BuiltIn">
<msg time="2024-05-24T01:03:31.169266" level="INFO">{'gender': 'male', 'name': {'title': 'Mr', 'first': 'Sergiy', 'last': 'Skorohod'}, 'location': {'street': {'number': 6612, 'name': 'Lipova'}, 'city': 'Bryanka', 'state': 'Kirovogradska', 'country': 'Ukraine', 'postcode': 22767, 'coordinates': {'latitude': '75.6895', 'longitude': '-37.7848'}, 'timezone': {'offset': '+2:00', 'description': 'Kaliningrad, South Africa'}}, 'email': 'sergiy.skorohod@example.com', 'login': {'uuid': 'cc8a8172-cbf0-4b56-85b1-7c80d53a20dd', 'username': 'silverbutterfly519', 'password': 'funky', 'salt': 'XR0cTtzb', 'md5': 'e0cb8f22780860e0c78d09eb8ce4390a', 'sha1': '9bbd88b0fedd730e12bdac628b0d2255b3510632', 'sha256': '4f84312f563bc07ea843001c94273517af6f30db17d90a482dd6f81c3586ef66'}, 'dob': {'date': '1988-06-24T08:23:53.451Z', 'age': 35}, 'registered': {'date': '2012-06-06T16:58:53.751Z', 'age': 11}, 'phone': '(098) I26-1088', 'cell': '(099) M13-9479', 'id': {'name': '', 'value': None}, 'picture': {'large': 'https://randomuser.me/api/portraits/men/4.jpg', 'medium': 'https://randomuser.me/api/portraits/med/men/4.jpg', 'thumbnail': 'https://randomuser.me/api/portraits/thumb/men/4.jpg'}, 'nat': 'UA'}</msg>
<arg>${json_data['results'][0]}</arg>
<doc>Logs the given message with the given level.</doc>
<status status="PASS" start="2024-05-24T01:03:31.168900" elapsed="0.000415"/>
</kw>
<kw name="Log" owner="BuiltIn">
<msg time="2024-05-24T01:03:31.169732" level="INFO">gender</msg>
<arg>${key}</arg>
<doc>Logs the given message with the given level.</doc>
<status status="PASS" start="2024-05-24T01:03:31.169607" elapsed="0.000198"/>
</kw>
<var name="${key}">gender</var>
<status status="PASS" start="2024-05-24T01:03:31.168024" elapsed="0.002003"/>
</iter>
<iter>
<kw name="Dictionary Should Contain Key" owner="Collections">
<msg time="2024-05-24T01:03:31.170708" level="INFO">False</msg>
<arg>${json_data['results'][0]}</arg>
<arg>${key}</arg>
<doc>Fails if ``key`` is not found from ``dictionary``.</doc>
<status status="PASS" start="2024-05-24T01:03:31.170324" elapsed="0.000421"/>
</kw>
<kw name="Log" owner="BuiltIn">
<msg time="2024-05-24T01:03:31.171424" level="INFO">{'gender': 'male', 'name': {'title': 'Mr', 'first': 'Sergiy', 'last': 'Skorohod'}, 'location': {'street': {'number': 6612, 'name': 'Lipova'}, 'city': 'Bryanka', 'state': 'Kirovogradska', 'country': 'Ukraine', 'postcode': 22767, 'coordinates': {'latitude': '75.6895', 'longitude': '-37.7848'}, 'timezone': {'offset': '+2:00', 'description': 'Kaliningrad, South Africa'}}, 'email': 'sergiy.skorohod@example.com', 'login': {'uuid': 'cc8a8172-cbf0-4b56-85b1-7c80d53a20dd', 'username': 'silverbutterfly519', 'password': 'funky', 'salt': 'XR0cTtzb', 'md5': 'e0cb8f22780860e0c78d09eb8ce4390a', 'sha1': '9bbd88b0fedd730e12bdac628b0d2255b3510632', 'sha256': '4f84312f563bc07ea843001c94273517af6f30db17d90a482dd6f81c3586ef66'}, 'dob': {'date': '1988-06-24T08:23:53.451Z', 'age': 35}, 'registered': {'date': '2012-06-06T16:58:53.751Z', 'age': 11}, 'phone': '(098) I26-1088', 'cell': '(099) M13-9479', 'id': {'name': '', 'value': None}, 'picture': {'large': 'https://randomuser.me/api/portraits/men/4.jpg', 'medium': 'https://randomuser.me/api/portraits/med/men/4.jpg', 'thumbnail': 'https://randomuser.me/api/portraits/thumb/men/4.jpg'}, 'nat': 'UA'}</msg>
<arg>${json_data['results'][0]}</arg>
<doc>Logs the given message with the given level.</doc>
<status status="PASS" start="2024-05-24T01:03:31.171068" elapsed="0.000404"/>
</kw>
<kw name="Log" owner="BuiltIn">
<msg time="2024-05-24T01:03:31.171897" level="INFO">name</msg>
<arg>${key}</arg>
<doc>Logs the given message with the given level.</doc>
<status status="PASS" start="2024-05-24T01:03:31.171767" elapsed="0.000168"/>
</kw>
<var name="${key}">name</var>
<status status="PASS" start="2024-05-24T01:03:31.170210" elapsed="0.001941"/>
</iter>
<iter>
<kw name="Dictionary Should Contain Key" owner="Collections">
<msg time="2024-05-24T01:03:31.172810" level="INFO">False</msg>
<arg>${json_data['results'][0]}</arg>
<arg>${key}</arg>
<doc>Fails if ``key`` is not found from ``dictionary``.</doc>
<status status="PASS" start="2024-05-24T01:03:31.172438" elapsed="0.000414"/>
</kw>
<kw name="Log" owner="BuiltIn">
<msg time="2024-05-24T01:03:31.173506" level="INFO">{'gender': 'male', 'name': {'title': 'Mr', 'first': 'Sergiy', 'last': 'Skorohod'}, 'location': {'street': {'number': 6612, 'name': 'Lipova'}, 'city': 'Bryanka', 'state': 'Kirovogradska', 'country': 'Ukraine', 'postcode': 22767, 'coordinates': {'latitude': '75.6895', 'longitude': '-37.7848'}, 'timezone': {'offset': '+2:00', 'description': 'Kaliningrad, South Africa'}}, 'email': 'sergiy.skorohod@example.com', 'login': {'uuid': 'cc8a8172-cbf0-4b56-85b1-7c80d53a20dd', 'username': 'silverbutterfly519', 'password': 'funky', 'salt': 'XR0cTtzb', 'md5': 'e0cb8f22780860e0c78d09eb8ce4390a', 'sha1': '9bbd88b0fedd730e12bdac628b0d2255b3510632', 'sha256': '4f84312f563bc07ea843001c94273517af6f30db17d90a482dd6f81c3586ef66'}, 'dob': {'date': '1988-06-24T08:23:53.451Z', 'age': 35}, 'registered': {'date': '2012-06-06T16:58:53.751Z', 'age': 11}, 'phone': '(098) I26-1088', 'cell': '(099) M13-9479', 'id': {'name': '', 'value': None}, 'picture': {'large': 'https://randomuser.me/api/portraits/men/4.jpg', 'medium': 'https://randomuser.me/api/portraits/med/men/4.jpg', 'thumbnail': 'https://randomuser.me/api/portraits/thumb/men/4.jpg'}, 'nat': 'UA'}</msg>
<arg>${json_data['results'][0]}</arg>
<doc>Logs the given message with the given level.</doc>
<status status="PASS" start="2024-05-24T01:03:31.173148" elapsed="0.000405"/>
</kw>
<kw name="Log" owner="BuiltIn">
<msg time="2024-05-24T01:03:31.174006" level="INFO">location</msg>
<arg>${key}</arg>
<doc>Logs the given message with the given level.</doc>
<status status="PASS" start="2024-05-24T01:03:31.173869" elapsed="0.000174"/>
</kw>
<var name="${key}">location</var>
<status status="PASS" start="2024-05-24T01:03:31.172327" elapsed="0.001933"/>
</iter>
<iter>
<kw name="Dictionary Should Contain Key" owner="Collections">
<msg time="2024-05-24T01:03:31.175035" level="INFO">False</msg>
<arg>${json_data['results'][0]}</arg>
<arg>${key}</arg>
<doc>Fails if ``key`` is not found from ``dictionary``.</doc>
<status status="PASS" start="2024-05-24T01:03:31.174538" elapsed="0.000535"/>
</kw>
<kw name="Log" owner="BuiltIn">
<msg time="2024-05-24T01:03:31.175723" level="INFO">{'gender': 'male', 'name': {'title': 'Mr', 'first': 'Sergiy', 'last': 'Skorohod'}, 'location': {'street': {'number': 6612, 'name': 'Lipova'}, 'city': 'Bryanka', 'state': 'Kirovogradska', 'country': 'Ukraine', 'postcode': 22767, 'coordinates': {'latitude': '75.6895', 'longitude': '-37.7848'}, 'timezone': {'offset': '+2:00', 'description': 'Kaliningrad, South Africa'}}, 'email': 'sergiy.skorohod@example.com', 'login': {'uuid': 'cc8a8172-cbf0-4b56-85b1-7c80d53a20dd', 'username': 'silverbutterfly519', 'password': 'funky', 'salt': 'XR0cTtzb', 'md5': 'e0cb8f22780860e0c78d09eb8ce4390a', 'sha1': '9bbd88b0fedd730e12bdac628b0d2255b3510632', 'sha256': '4f84312f563bc07ea843001c94273517af6f30db17d90a482dd6f81c3586ef66'}, 'dob': {'date': '1988-06-24T08:23:53.451Z', 'age': 35}, 'registered': {'date': '2012-06-06T16:58:53.751Z', 'age': 11}, 'phone': '(098) I26-1088', 'cell': '(099) M13-9479', 'id': {'name': '', 'value': None}, 'picture': {'large': 'https://randomuser.me/api/portraits/men/4.jpg', 'medium': 'https://randomuser.me/api/portraits/med/men/4.jpg', 'thumbnail': 'https://randomuser.me/api/portraits/thumb/men/4.jpg'}, 'nat': 'UA'}</msg>
<arg>${json_data['results'][0]}</arg>
<doc>Logs the given message with the given level.</doc>
<status status="PASS" start="2024-05-24T01:03:31.175371" elapsed="0.000398"/>
</kw>
<kw name="Log" owner="BuiltIn">
<msg time="2024-05-24T01:03:31.176183" level="INFO">email</msg>
<arg>${key}</arg>
<doc>Logs the given message with the given level.</doc>
<status status="PASS" start="2024-05-24T01:03:31.176058" elapsed="0.000161"/>
</kw>
<var name="${key}">email</var>
<status status="PASS" start="2024-05-24T01:03:31.174428" elapsed="0.002002"/>
</iter>
<iter>
<kw name="Dictionary Should Contain Key" owner="Collections">
<msg time="2024-05-24T01:03:31.177079" level="INFO">False</msg>
<arg>${json_data['results'][0]}</arg>
<arg>${key}</arg>
<doc>Fails if ``key`` is not found from ``dictionary``.</doc>
<status status="PASS" start="2024-05-24T01:03:31.176709" elapsed="0.000406"/>
</kw>
<kw name="Log" owner="BuiltIn">
<msg time="2024-05-24T01:03:31.177784" level="INFO">{'gender': 'male', 'name': {'title': 'Mr', 'first': 'Sergiy', 'last': 'Skorohod'}, 'location': {'street': {'number': 6612, 'name': 'Lipova'}, 'city': 'Bryanka', 'state': 'Kirovogradska', 'country': 'Ukraine', 'postcode': 22767, 'coordinates': {'latitude': '75.6895', 'longitude': '-37.7848'}, 'timezone': {'offset': '+2:00', 'description': 'Kaliningrad, South Africa'}}, 'email': 'sergiy.skorohod@example.com', 'login': {'uuid': 'cc8a8172-cbf0-4b56-85b1-7c80d53a20dd', 'username': 'silverbutterfly519', 'password': 'funky', 'salt': 'XR0cTtzb', 'md5': 'e0cb8f22780860e0c78d09eb8ce4390a', 'sha1': '9bbd88b0fedd730e12bdac628b0d2255b3510632', 'sha256': '4f84312f563bc07ea843001c94273517af6f30db17d90a482dd6f81c3586ef66'}, 'dob': {'date': '1988-06-24T08:23:53.451Z', 'age': 35}, 'registered': {'date': '2012-06-06T16:58:53.751Z', 'age': 11}, 'phone': '(098) I26-1088', 'cell': '(099) M13-9479', 'id': {'name': '', 'value': None}, 'picture': {'large': 'https://randomuser.me/api/portraits/men/4.jpg', 'medium': 'https://randomuser.me/api/portraits/med/men/4.jpg', 'thumbnail': 'https://randomuser.me/api/portraits/thumb/men/4.jpg'}, 'nat': 'UA'}</msg>
<arg>${json_data['results'][0]}</arg>
<doc>Logs the given message with the given level.</doc>
<status status="PASS" start="2024-05-24T01:03:31.177408" elapsed="0.000424"/>
</kw>
<kw name="Log" owner="BuiltIn">
<msg time="2024-05-24T01:03:31.178246" level="INFO">login</msg>
<arg>${key}</arg>
<doc>Logs the given message with the given level.</doc>
<status status="PASS" start="2024-05-24T01:03:31.178124" elapsed="0.000159"/>
</kw>
<var name="${key}">login</var>
<status status="PASS" start="2024-05-24T01:03:31.176599" elapsed="0.001896"/>
</iter>
<var>${key}</var>
<value>@{expected_keys}</value>
<status status="PASS" start="2024-05-24T01:03:31.167828" elapsed="0.010812"/>
</for>
<kw name="Create List" owner="BuiltIn">
<msg time="2024-05-24T01:03:31.178974" level="INFO">${expected_keysTwo} = ['username', 'password']</msg>
<var>${expected_keysTwo}</var>
<arg>username</arg>
<arg>password</arg>
<doc>Returns a list containing given items.</doc>
<status status="PASS" start="2024-05-24T01:03:31.178839" elapsed="0.000158"/>
</kw>
<for flavor="IN">
<iter>
<kw name="Dictionary Should Contain Key" owner="Collections">
<msg time="2024-05-24T01:03:31.179871" level="INFO">False</msg>
<arg>${json_data['results'][0]['login']}</arg>
<arg>${keyTwo}</arg>
<doc>Fails if ``key`` is not found from ``dictionary``.</doc>
<status status="PASS" start="2024-05-24T01:03:31.179490" elapsed="0.000418"/>
</kw>
<kw name="Dictionary Should Contain Key" owner="Collections">
<msg time="2024-05-24T01:03:31.180583" level="INFO">False</msg>
<arg>${json_data['results'][0]['login']}</arg>
<arg>${keyTwo}</arg>
<doc>Fails if ``key`` is not found from ``dictionary``.</doc>
<status status="PASS" start="2024-05-24T01:03:31.180208" elapsed="0.000411"/>
</kw>
<kw name="Log" owner="BuiltIn">
<msg time="2024-05-24T01:03:31.181029" level="INFO">username</msg>
<arg>${keyTwo}</arg>
<doc>Logs the given message with the given level.</doc>
<status status="PASS" start="2024-05-24T01:03:31.180907" elapsed="0.000158"/>
</kw>
<var name="${keyTwo}">username</var>
<status status="PASS" start="2024-05-24T01:03:31.179382" elapsed="0.001914"/>
</iter>
<iter>
<kw name="Dictionary Should Contain Key" owner="Collections">
<msg time="2024-05-24T01:03:31.182002" level="INFO">False</msg>
<arg>${json_data['results'][0]['login']}</arg>
<arg>${keyTwo}</arg>
<doc>Fails if ``key`` is not found from ``dictionary``.</doc>
<status status="PASS" start="2024-05-24T01:03:31.181594" elapsed="0.000445"/>
</kw>
<kw name="Dictionary Should Contain Key" owner="Collections">
<msg time="2024-05-24T01:03:31.182696" level="INFO">False</msg>
<arg>${json_data['results'][0]['login']}</arg>
<arg>${keyTwo}</arg>
<doc>Fails if ``key`` is not found from ``dictionary``.</doc>
<status status="PASS" start="2024-05-24T01:03:31.182330" elapsed="0.000402"/>
</kw>
<kw name="Log" owner="BuiltIn">
<msg time="2024-05-24T01:03:31.183149" level="INFO">password</msg>
<arg>${keyTwo}</arg>
<doc>Logs the given message with the given level.</doc>
<status status="PASS" start="2024-05-24T01:03:31.183026" elapsed="0.000159"/>
</kw>
<var name="${keyTwo}">password</var>
<status status="PASS" start="2024-05-24T01:03:31.181485" elapsed="0.001910"/>
</iter>
<var>${keyTwo}</var>
<value>@{expected_keysTwo}</value>
<status status="PASS" start="2024-05-24T01:03:31.179232" elapsed="0.004281"/>
</for>
<status status="PASS" start="2024-05-24T01:03:31.067441" elapsed="0.116209"/>
</kw>
<doc>Testa a estrutura da resposta da API.</doc>
<tag>testeEstruturaResposta</tag>
<status status="PASS" start="2024-05-24T01:03:31.066934" elapsed="0.116871"/>
</test>
<test id="s1-s1-t4" name="Validar tipos de dados" line="28">
<kw name="Teste de Tipos de Dados" owner="random-user-service">
<kw name="GET On Session" owner="RequestsLibrary">
<msg time="2024-05-24T01:03:31.259788" level="INFO">GET Request : url=https://randomuser.me/api 
 path_url=/api 
 headers={'User-Agent': 'python-requests/2.32.2', 'Accept-Encoding': 'gzip, deflate', 'Accept': '*/*', 'Connection': 'keep-alive'} 
 body=None 
 </msg>
<msg time="2024-05-24T01:03:31.259883" level="INFO">GET Response : url=https://randomuser.me/api 
 status=200, reason=OK 
 headers={'Date': 'Fri, 24 May 2024 01:03:31 GMT', 'Content-Type': 'application/json; charset=utf-8', 'Transfer-Encoding': 'chunked', 'Connection': 'keep-alive', 'X-Powered-By': 'Express', 'Access-Control-Allow-Origin': '*', 'Cache-Control': 'no-cache', 'ETag': 'W/"481-pdLe7xYug1qH0QMAqwC5GfNac78"', 'Vary': 'Accept-Encoding', 'Content-Encoding': 'gzip', 'CF-Cache-Status': 'DYNAMIC', 'Report-To': '{"endpoints":[{"url":"https:\\/\\/a.nel.cloudflare.com\\/report\\/v4?s=5jJoe%2Bjcb6WqSc0ZEjW7ITUy8HFeVTtdxvRrv14KzjbJ9W2PC5G%2FMLRkJbXJdBeyg5oejjvnssiq0QkG1V1D12Op9EmBLeg9sI88lNfzWkkP2vIH9fgfQJ0MXWjYFch8"}],"group":"cf-nel","max_age":604800}', 'NEL': '{"success_fraction":0,"report_to":"cf-nel","max_age":604800}', 'Server': 'cloudflare', 'CF-RAY': '88895dcbe9e282f8-IAD', 'alt-svc': 'h3=":443"; ma=86400'} 
 body={"results":[{"gender":"male","name":{"title":"Mr","first":"Vasilije","last":"Jevremović"},"location":{"street":{"number":3477,"name":"Radnih Akcija"},"city":"Koceljeva","state":"South Bačka","country":"Serbia","postcode":41755,"coordinates":{"latitude":"56.3406","longitude":"-59.0913"},"timezone":{"offset":"-2:00","description":"Mid-Atlantic"}},"email":"vasilije.jevremovic@example.com","login":{"uuid":"d455b5c5-ff87-4c89-8d32-14facf462c3d","username":"browndog206","password":"subaru","salt":"90FBWGKp","md5":"1cc73de228c403986636b1351f535fe9","sha1":"9ed5847c5de838c6f0f85497b436236bbd2d9d3d","sha256":"b83f110a7fcb194e8b69045a815665111ba58b1268c323f60f8693e7d66e0cf5"},"dob":{"date":"1962-01-02T18:34:19.651Z","age":62},"registered":{"date":"2021-11-26T16:35:48.420Z","age":2},"phone":"039-2417-286","cell":"061-3615-516","id":{"name":"SID","value":"828611561"},"picture":{"large":"https://randomuser.me/api/portraits/men/68.jpg","medium":"https://randomuser.me/api/portraits/med/men/68.jpg","thumbnail":"https://randomuser.me/api/portraits/thumb/men/68.jpg"},"nat":"RS"}],"info":{"seed":"77887ce3911e4db3","results":1,"page":1,"version":"1.4"}} 
 </msg>
<msg time="2024-05-24T01:03:31.259962" level="INFO">/opt/hostedtoolcache/Python/3.12.3/x64/lib/python3.12/site-packages/urllib3/connectionpool.py:1103: InsecureRequestWarning: Unverified HTTPS request is being made to host 'randomuser.me'. Adding certificate verification is strongly advised. See: https://urllib3.readthedocs.io/en/latest/advanced-usage.html#tls-warnings
  warnings.warn(</msg>
<msg time="2024-05-24T01:03:31.260081" level="INFO">${response} = &lt;Response [200]&gt;</msg>
<var>${response}</var>
<arg>consultarAPI</arg>
<arg>/api</arg>
<doc>Sends a GET request on a previously created HTTP Session.</doc>
<status status="PASS" start="2024-05-24T01:03:31.186272" elapsed="0.073853"/>
</kw>
<kw name="Set Variable" owner="BuiltIn">
<msg time="2024-05-24T01:03:31.261243" level="INFO">${json_data} = {'results': [{'gender': 'male', 'name': {'title': 'Mr', 'first': 'Vasilije', 'last': 'Jevremović'}, 'location': {'street': {'number': 3477, 'name': 'Radnih Akcija'}, 'city': 'Koceljeva', 'state': 'Sou...</msg>
<var>${json_data}</var>
<arg>${response.json()}</arg>
<doc>Returns the given values which can then be assigned to a variables.</doc>
<status status="PASS" start="2024-05-24T01:03:31.260671" elapsed="0.000602"/>
</kw>
<kw name="Log" owner="BuiltIn">
<msg time="2024-05-24T01:03:31.261738" level="INFO">{'results': [{'gender': 'male', 'name': {'title': 'Mr', 'first': 'Vasilije', 'last': 'Jevremović'}, 'location': {'street': {'number': 3477, 'name': 'Radnih Akcija'}, 'city': 'Koceljeva', 'state': 'South Bačka', 'country': 'Serbia', 'postcode': 41755, 'coordinates': {'latitude': '56.3406', 'longitude': '-59.0913'}, 'timezone': {'offset': '-2:00', 'description': 'Mid-Atlantic'}}, 'email': 'vasilije.jevremovic@example.com', 'login': {'uuid': 'd455b5c5-ff87-4c89-8d32-14facf462c3d', 'username': 'browndog206', 'password': 'subaru', 'salt': '90FBWGKp', 'md5': '1cc73de228c403986636b1351f535fe9', 'sha1': '9ed5847c5de838c6f0f85497b436236bbd2d9d3d', 'sha256': 'b83f110a7fcb194e8b69045a815665111ba58b1268c323f60f8693e7d66e0cf5'}, 'dob': {'date': '1962-01-02T18:34:19.651Z', 'age': 62}, 'registered': {'date': '2021-11-26T16:35:48.420Z', 'age': 2}, 'phone': '039-2417-286', 'cell': '061-3615-516', 'id': {'name': 'SID', 'value': '828611561'}, 'picture': {'large': 'https://randomuser.me/api/portraits/men/68.jpg', 'medium': 'https://randomuser.me/api/portraits/med/men/68.jpg', 'thumbnail': 'https://randomuser.me/api/portraits/thumb/men/68.jpg'}, 'nat': 'RS'}], 'info': {'seed': '77887ce3911e4db3', 'results': 1, 'page': 1, 'version': '1.4'}}</msg>
<arg>${json_data}</arg>
<doc>Logs the given message with the given level.</doc>
<status status="PASS" start="2024-05-24T01:03:31.261583" elapsed="0.000283"/>
</kw>
<kw name="Should Be String" owner="String">
<arg>${json_data['results'][0]['gender']}</arg>
<doc>Fails if the given ``item`` is not a string.</doc>
<status status="PASS" start="2024-05-24T01:03:31.262168" elapsed="0.000361"/>
</kw>
<kw name="Should Match Regexp" owner="BuiltIn">
<arg>${json_data['results'][0]['email']}</arg>
<arg>^[a-zA-Z0-9._%+-]+@[a-zA-Z0-9.-]+\.[a-zA-Z]{2,}$</arg>
<doc>Fails if ``string`` does not match ``pattern`` as a regular expression.</doc>
<status status="PASS" start="2024-05-24T01:03:31.262720" elapsed="0.000658"/>
</kw>
<kw name="Should Match Regexp" owner="BuiltIn">
<arg>${json_data['results'][0]['dob']['date']}</arg>
<arg>\\d{4}-\\d{2}-\\d{2}T\\d{2}:\\d{2}:\\d{2}\\.\\d{3}Z</arg>
<doc>Fails if ``string`` does not match ``pattern`` as a regular expression.</doc>
<status status="PASS" start="2024-05-24T01:03:31.263579" elapsed="0.000477"/>
</kw>
<kw name="Should Match Regexp" owner="BuiltIn">
<arg>${json_data['results'][0]['registered']['date']}</arg>
<arg>\\d{4}-\\d{2}-\\d{2}T\\d{2}:\\d{2}:\\d{2}\\.\\d{3}Z</arg>
<doc>Fails if ``string`` does not match ``pattern`` as a regular expression.</doc>
<status status="PASS" start="2024-05-24T01:03:31.264249" elapsed="0.000369"/>
</kw>
<kw name="Should Match Regexp" owner="BuiltIn">
<arg>${json_data['results'][0]['picture']['large']}</arg>
<arg>^https?://.*\.(?:png|jpe?g|gif|bmp)$</arg>
<doc>Fails if ``string`` does not match ``pattern`` as a regular expression.</doc>
<status status="PASS" start="2024-05-24T01:03:31.264812" elapsed="0.000455"/>
</kw>
<kw name="Should Match Regexp" owner="BuiltIn">
<arg>${json_data['results'][0]['picture']['medium']}</arg>
<arg>^https?://.*\.(?:png|jpe?g|gif|bmp)$</arg>
<doc>Fails if ``string`` does not match ``pattern`` as a regular expression.</doc>
<status status="PASS" start="2024-05-24T01:03:31.265456" elapsed="0.000372"/>
</kw>
<kw name="Should Match Regexp" owner="BuiltIn">
<arg>${json_data['results'][0]['picture']['thumbnail']}</arg>
<arg>^https?://.*\.(?:png|jpe?g|gif|bmp)$</arg>
<doc>Fails if ``string`` does not match ``pattern`` as a regular expression.</doc>
<status status="PASS" start="2024-05-24T01:03:31.266025" elapsed="0.000348"/>
</kw>
<kw name="Log" owner="BuiltIn">
<msg time="2024-05-24T01:03:31.266876" level="INFO">{'large': 'https://randomuser.me/api/portraits/men/68.jpg', 'medium': 'https://randomuser.me/api/portraits/med/men/68.jpg', 'thumbnail': 'https://randomuser.me/api/portraits/thumb/men/68.jpg'}</msg>
<arg>${json_data['results'][0]['picture']}</arg>
<doc>Logs the given message with the given level.</doc>
<status status="PASS" start="2024-05-24T01:03:31.266556" elapsed="0.000361"/>
</kw>
<status status="PASS" start="2024-05-24T01:03:31.186037" elapsed="0.081134"/>
</kw>
<kw name="Teste de Tipos de Dados - Postcode" owner="random-user-service">
<kw name="GET On Session" owner="RequestsLibrary">
<msg time="2024-05-24T01:03:31.355457" level="INFO">GET Request : url=https://randomuser.me/api 
 path_url=/api 
 headers={'User-Agent': 'python-requests/2.32.2', 'Accept-Encoding': 'gzip, deflate', 'Accept': '*/*', 'Connection': 'keep-alive'} 
 body=None 
 </msg>
<msg time="2024-05-24T01:03:31.355550" level="INFO">GET Response : url=https://randomuser.me/api 
 status=200, reason=OK 
 headers={'Date': 'Fri, 24 May 2024 01:03:31 GMT', 'Content-Type': 'application/json; charset=utf-8', 'Transfer-Encoding': 'chunked', 'Connection': 'keep-alive', 'X-Powered-By': 'Express', 'Access-Control-Allow-Origin': '*', 'Cache-Control': 'no-cache', 'ETag': 'W/"4a1-/kCSxFFOQvjxzZlHWOrmo0TG2LQ"', 'Vary': 'Accept-Encoding', 'Content-Encoding': 'gzip', 'CF-Cache-Status': 'DYNAMIC', 'Report-To': '{"endpoints":[{"url":"https:\\/\\/a.nel.cloudflare.com\\/report\\/v4?s=ud2bKM8U7iA3XDOstNLA32xYG1%2FNpuJ47rZv97OBZg2hsurX2faJ9FEzMhVDlq6XfD9%2FX5qMWLNCmQ194aKQJ%2B6rG%2F5bUYsDqA8p3cArSx%2BC6ltsbJgI9Egr3mnNOUD5"}],"group":"cf-nel","max_age":604800}', 'NEL': '{"success_fraction":0,"report_to":"cf-nel","max_age":604800}', 'Server': 'cloudflare', 'CF-RAY': '88895dcc7a8682f8-IAD', 'alt-svc': 'h3=":443"; ma=86400'} 
 body={"results":[{"gender":"female","name":{"title":"Ms","first":"Beatrix","last":"Buchmann"},"location":{"street":{"number":2011,"name":"Finkenweg"},"city":"Preußisch Oldendorf","state":"Sachsen-Anhalt","country":"Germany","postcode":84500,"coordinates":{"latitude":"-55.7103","longitude":"86.1220"},"timezone":{"offset":"+6:00","description":"Almaty, Dhaka, Colombo"}},"email":"beatrix.buchmann@example.com","login":{"uuid":"11bc34bd-db67-4fc7-8132-6016d452b7eb","username":"blackgoose104","password":"clifton","salt":"RzB7WCFd","md5":"652e00e07e1faf09d0c34b30387dc848","sha1":"22eda1efb6823c60a683cf2fcf45c91b353473aa","sha256":"3492a8e750cdd8c5878e19eab939f2c7f7f354374e16970d6c9a3b0099bb0d07"},"dob":{"date":"1950-04-25T23:45:15.852Z","age":74},"registered":{"date":"2010-02-02T22:09:55.142Z","age":14},"phone":"0231-7497289","cell":"0170-3251383","id":{"name":"SVNR","value":"21 250450 B 739"},"picture":{"large":"https://randomuser.me/api/portraits/women/83.jpg","medium":"https://randomuser.me/api/portraits/med/women/83.jpg","thumbnail":"https://randomuser.me/api/portraits/thumb/women/83.jpg"},"nat":"DE"}],"info":{"seed":"307af1fe405f2960","results":1,"page":1,"version":"1.4"}} 
 </msg>
<msg time="2024-05-24T01:03:31.355625" level="INFO">/opt/hostedtoolcache/Python/3.12.3/x64/lib/python3.12/site-packages/urllib3/connectionpool.py:1103: InsecureRequestWarning: Unverified HTTPS request is being made to host 'randomuser.me'. Adding certificate verification is strongly advised. See: https://urllib3.readthedocs.io/en/latest/advanced-usage.html#tls-warnings
  warnings.warn(</msg>
<msg time="2024-05-24T01:03:31.355735" level="INFO">${response} = &lt;Response [200]&gt;</msg>
<var>${response}</var>
<arg>consultarAPI</arg>
<arg>/api</arg>
<doc>Sends a GET request on a previously created HTTP Session.</doc>
<status status="PASS" start="2024-05-24T01:03:31.267618" elapsed="0.088146"/>
</kw>
<kw name="Set Variable" owner="BuiltIn">
<msg time="2024-05-24T01:03:31.356699" level="INFO">${json_data} = {'results': [{'gender': 'female', 'name': {'title': 'Ms', 'first': 'Beatrix', 'last': 'Buchmann'}, 'location': {'street': {'number': 2011, 'name': 'Finkenweg'}, 'city': 'Preußisch Oldendorf', 'state':...</msg>
<var>${json_data}</var>
<arg>${response.json()}</arg>
<doc>Returns the given values which can then be assigned to a variables.</doc>
<status status="PASS" start="2024-05-24T01:03:31.356213" elapsed="0.000516"/>
</kw>
<kw name="Log" owner="BuiltIn">
<msg time="2024-05-24T01:03:31.357200" level="INFO">{'results': [{'gender': 'female', 'name': {'title': 'Ms', 'first': 'Beatrix', 'last': 'Buchmann'}, 'location': {'street': {'number': 2011, 'name': 'Finkenweg'}, 'city': 'Preußisch Oldendorf', 'state': 'Sachsen-Anhalt', 'country': 'Germany', 'postcode': 84500, 'coordinates': {'latitude': '-55.7103', 'longitude': '86.1220'}, 'timezone': {'offset': '+6:00', 'description': 'Almaty, Dhaka, Colombo'}}, 'email': 'beatrix.buchmann@example.com', 'login': {'uuid': '11bc34bd-db67-4fc7-8132-6016d452b7eb', 'username': 'blackgoose104', 'password': 'clifton', 'salt': 'RzB7WCFd', 'md5': '652e00e07e1faf09d0c34b30387dc848', 'sha1': '22eda1efb6823c60a683cf2fcf45c91b353473aa', 'sha256': '3492a8e750cdd8c5878e19eab939f2c7f7f354374e16970d6c9a3b0099bb0d07'}, 'dob': {'date': '1950-04-25T23:45:15.852Z', 'age': 74}, 'registered': {'date': '2010-02-02T22:09:55.142Z', 'age': 14}, 'phone': '0231-7497289', 'cell': '0170-3251383', 'id': {'name': 'SVNR', 'value': '21 250450 B 739'}, 'picture': {'large': 'https://randomuser.me/api/portraits/women/83.jpg', 'medium': 'https://randomuser.me/api/portraits/med/women/83.jpg', 'thumbnail': 'https://randomuser.me/api/portraits/thumb/women/83.jpg'}, 'nat': 'DE'}], 'info': {'seed': '307af1fe405f2960', 'results': 1, 'page': 1, 'version': '1.4'}}</msg>
<arg>${json_data}</arg>
<doc>Logs the given message with the given level.</doc>
<status status="PASS" start="2024-05-24T01:03:31.357041" elapsed="0.000247"/>
</kw>
<kw name="Should Be Equal As Numbers" owner="BuiltIn">
<arg>${json_data['results'][0]['location']['postcode']}</arg>
<arg>${json_data['results'][0]['location']['postcode']}</arg>
<doc>Fails if objects are unequal after converting them to real numbers.</doc>
<status status="PASS" start="2024-05-24T01:03:31.357591" elapsed="0.000670"/>
</kw>
<kw name="Log" owner="BuiltIn">
<msg time="2024-05-24T01:03:31.358788" level="INFO">84500</msg>
<arg>${json_data['results'][0]['location']['postcode']}</arg>
<doc>Logs the given message with the given level.</doc>
<status status="PASS" start="2024-05-24T01:03:31.358453" elapsed="0.000376"/>
</kw>
<status status="PASS" start="2024-05-24T01:03:31.267392" elapsed="0.091693"/>
</kw>
<doc>Testa se os tipos de dados na resposta da API estão corretos.</doc>
<tag>testeTiposDados</tag>
<status status="PASS" start="2024-05-24T01:03:31.185530" elapsed="0.173721"/>
</test>
<test id="s1-s1-t5" name="Validar conteudo" line="35">
<kw name="Teste de Tipos de Conteudo" owner="random-user-service">
<kw name="GET On Session" owner="RequestsLibrary">
<msg time="2024-05-24T01:03:31.452322" level="INFO">GET Request : url=https://randomuser.me/api 
 path_url=/api 
 headers={'User-Agent': 'python-requests/2.32.2', 'Accept-Encoding': 'gzip, deflate', 'Accept': '*/*', 'Connection': 'keep-alive'} 
 body=None 
 </msg>
<msg time="2024-05-24T01:03:31.452441" level="INFO">GET Response : url=https://randomuser.me/api 
 status=200, reason=OK 
 headers={'Date': 'Fri, 24 May 2024 01:03:31 GMT', 'Content-Type': 'application/json; charset=utf-8', 'Transfer-Encoding': 'chunked', 'Connection': 'keep-alive', 'X-Powered-By': 'Express', 'Access-Control-Allow-Origin': '*', 'Cache-Control': 'no-cache', 'ETag': 'W/"4cd-Bk6cF5YkK9t9HDBE62FJO8C4K4U"', 'Vary': 'Accept-Encoding', 'Content-Encoding': 'gzip', 'CF-Cache-Status': 'DYNAMIC', 'Report-To': '{"endpoints":[{"url":"https:\\/\\/a.nel.cloudflare.com\\/report\\/v4?s=onrqmI5VSEpLNrKunwjyg0RzaTYqVdxIqAckzYuf1tvu4yUkaYPqVeHFAEyZYGqIcSqqfGkoLHOSwzD%2FDOWNGYKCyL1Srs6h9%2F9RZI3ZzKlKsz%2B3zi0xXVM1TveEO2er"}],"group":"cf-nel","max_age":604800}', 'NEL': '{"success_fraction":0,"report_to":"cf-nel","max_age":604800}', 'Server': 'cloudflare', 'CF-RAY': '88895dcd0b2d82f8-IAD', 'alt-svc': 'h3=":443"; ma=86400'} 
 body={"results":[{"gender":"male","name":{"title":"Mr","first":"محمدامين","last":"علیزاده"},"location":{"street":{"number":8879,"name":"نام قدیم میدان های تهران"},"city":"بوشهر","state":"سیستان و بلوچستان","country":"Iran","postcode":21532,"coordinates":{"latitude":"18.6068","longitude":"-136.1434"},"timezone":{"offset":"+8:00","description":"Beijing, Perth, Singapore, Hong Kong"}},"email":"mhmdmyn.aalyzdh@example.com","login":{"uuid":"c7ded472-3b0a-4a05-be06-822ce5815a5c","username":"angrygorilla582","password":"tina","salt":"mRcPQdxT","md5":"441fce4f7498934a2ffa166ad13861c1","sha1":"23ab8eba5a9f23899b56beadc920dd345438a341","sha256":"236ccc3f8b60f81af2054c428dd06fa7aba924d55b1d6f51c28a03039aba2e85"},"dob":{"date":"1954-09-19T00:53:02.165Z","age":69},"registered":{"date":"2005-06-09T03:43:17.779Z","age":18},"phone":"093-51363733","cell":"0982-574-0147","id":{"name":"","value":null},"picture":{"large":"https://randomuser.me/api/portraits/men/75.jpg","medium":"https://randomuser.me/api/portraits/med/men/75.jpg","thumbnail":"https://randomuser.me/api/portraits/thumb/men/75.jpg"},"nat":"IR"}],"info":{"seed":"5a989191d028c794","results":1,"page":1,"version":"1.4"}} 
 </msg>
<msg time="2024-05-24T01:03:31.452531" level="INFO">/opt/hostedtoolcache/Python/3.12.3/x64/lib/python3.12/site-packages/urllib3/connectionpool.py:1103: InsecureRequestWarning: Unverified HTTPS request is being made to host 'randomuser.me'. Adding certificate verification is strongly advised. See: https://urllib3.readthedocs.io/en/latest/advanced-usage.html#tls-warnings
  warnings.warn(</msg>
<msg time="2024-05-24T01:03:31.452676" level="INFO">${response} = &lt;Response [200]&gt;</msg>
<var>${response}</var>
<arg>consultarAPI</arg>
<arg>/api</arg>
<doc>Sends a GET request on a previously created HTTP Session.</doc>
<status status="PASS" start="2024-05-24T01:03:31.361738" elapsed="0.090973"/>
</kw>
<kw name="Set Variable" owner="BuiltIn">
<msg time="2024-05-24T01:03:31.453946" level="INFO">${json_data} = {'results': [{'gender': 'male', 'name': {'title': 'Mr', 'first': 'محمدامين', 'last': 'علیزاده'}, 'location': {'street': {'number': 8879, 'name': 'نام قدیم میدان های تهران'}, 'city': 'بوشهر', 'state': ...</msg>
<var>${json_data}</var>
<arg>${response.json()}</arg>
<doc>Returns the given values which can then be assigned to a variables.</doc>
<status status="PASS" start="2024-05-24T01:03:31.453352" elapsed="0.000625"/>
</kw>
<kw name="Set Variable" owner="BuiltIn">
<msg time="2024-05-24T01:03:31.454692" level="INFO">${name_title} = Mr</msg>
<var>${name_title}</var>
<arg>${json_data["results"][0]["name"]["title"]}</arg>
<doc>Returns the given values which can then be assigned to a variables.</doc>
<status status="PASS" start="2024-05-24T01:03:31.454303" elapsed="0.000414"/>
</kw>
<kw name="Create List" owner="BuiltIn">
<msg time="2024-05-24T01:03:31.455182" level="INFO">${allowed_titles} = ['Mr', 'Ms', 'Miss', 'Mrs', 'Madame', 'Monsieur']</msg>
<var>${allowed_titles}</var>
<arg>Mr</arg>
<arg>Ms</arg>
<arg>Miss</arg>
<arg>Mrs</arg>
<arg>Madame</arg>
<arg>Monsieur</arg>
<doc>Returns a list containing given items.</doc>
<status status="PASS" start="2024-05-24T01:03:31.455028" elapsed="0.000178"/>
</kw>
<kw name="List Should Contain Value" owner="Collections">
<msg time="2024-05-24T01:03:31.455677" level="INFO">False</msg>
<arg>${allowed_titles}</arg>
<arg>${name_title}</arg>
<doc>Fails if the ``value`` is not found from ``list``.</doc>
<status status="PASS" start="2024-05-24T01:03:31.455504" elapsed="0.000209"/>
</kw>
<kw name="Set Variable" owner="BuiltIn">
<msg time="2024-05-24T01:03:31.456572" level="INFO">${name_country} = IR</msg>
<var>${name_country}</var>
<arg>${json_data["results"][0]["nat"]}</arg>
<doc>Returns the given values which can then be assigned to a variables.</doc>
<status status="PASS" start="2024-05-24T01:03:31.456004" elapsed="0.000595"/>
</kw>
<kw name="Create List" owner="BuiltIn">
<msg time="2024-05-24T01:03:31.457507" level="INFO">${list_country} = ['AD', 'AE', 'AF', 'AG', 'AI', 'AL', 'AM', 'AO', 'AQ', 'AR', 'AS', 'AT', 'AU', 'AW', 'AX', 'AZ', 'BA', 'BB', 'BD', 'BE', 'BF', 'BG', 'BH', 'BI', 'BJ', 'BL', 'BM', 'BN', 'BO', 'BQ', 'BR', 'BS', 'BT', '...</msg>
<var>${list_country}</var>
<arg>AD</arg>
<arg>AE</arg>
<arg>AF</arg>
<arg>AG</arg>
<arg>AI</arg>
<arg>AL</arg>
<arg>AM</arg>
<arg>AO</arg>
<arg>AQ</arg>
<arg>AR</arg>
<arg>AS</arg>
<arg>AT</arg>
<arg>AU</arg>
<arg>AW</arg>
<arg>AX</arg>
<arg>AZ</arg>
<arg>BA</arg>
<arg>BB</arg>
<arg>BD</arg>
<arg>BE</arg>
<arg>BF</arg>
<arg>BG</arg>
<arg>BH</arg>
<arg>BI</arg>
<arg>BJ</arg>
<arg>BL</arg>
<arg>BM</arg>
<arg>BN</arg>
<arg>BO</arg>
<arg>BQ</arg>
<arg>BR</arg>
<arg>BS</arg>
<arg>BT</arg>
<arg>BV</arg>
<arg>BW</arg>
<arg>BY</arg>
<arg>BZ</arg>
<arg>CA</arg>
<arg>CC</arg>
<arg>CD</arg>
<arg>CF</arg>
<arg>CG</arg>
<arg>CH</arg>
<arg>CI</arg>
<arg>CK</arg>
<arg>CL</arg>
<arg>CM</arg>
<arg>CN</arg>
<arg>CO</arg>
<arg>CR</arg>
<arg>CU</arg>
<arg>CV</arg>
<arg>CW</arg>
<arg>CX</arg>
<arg>CY</arg>
<arg>CZ</arg>
<arg>DE</arg>
<arg>DJ</arg>
<arg>DK</arg>
<arg>DM</arg>
<arg>DO</arg>
<arg>DZ</arg>
<arg>EC</arg>
<arg>EE</arg>
<arg>EG</arg>
<arg>EH</arg>
<arg>ER</arg>
<arg>ES</arg>
<arg>ET</arg>
<arg>FI</arg>
<arg>FJ</arg>
<arg>FK</arg>
<arg>FM</arg>
<arg>FO</arg>
<arg>FR</arg>
<arg>GA</arg>
<arg>GB</arg>
<arg>GD</arg>
<arg>GE</arg>
<arg>GF</arg>
<arg>GG</arg>
<arg>GH</arg>
<arg>GI</arg>
<arg>GL</arg>
<arg>GM</arg>
<arg>GN</arg>
<arg>GP</arg>
<arg>GQ</arg>
<arg>GR</arg>
<arg>GS</arg>
<arg>GT</arg>
<arg>GU</arg>
<arg>GW</arg>
<arg>GY</arg>
<arg>HK</arg>
<arg>HM</arg>
<arg>HN</arg>
<arg>HR</arg>
<arg>HT</arg>
<arg>HU</arg>
<arg>ID</arg>
<arg>IE</arg>
<arg>IL</arg>
<arg>IM</arg>
<arg>IN</arg>
<arg>IO</arg>
<arg>IQ</arg>
<arg>IR</arg>
<arg>IS</arg>
<arg>IT</arg>
<arg>JE</arg>
<arg>JM</arg>
<arg>JO</arg>
<arg>JP</arg>
<arg>KE</arg>
<arg>KG</arg>
<arg>KH</arg>
<arg>KI</arg>
<arg>KM</arg>
<arg>KN</arg>
<arg>KP</arg>
<arg>KR</arg>
<arg>KW</arg>
<arg>KY</arg>
<arg>KZ</arg>
<arg>LA</arg>
<arg>LB</arg>
<arg>LC</arg>
<arg>LI</arg>
<arg>LK</arg>
<arg>LR</arg>
<arg>LS</arg>
<arg>LT</arg>
<arg>LU</arg>
<arg>LV</arg>
<arg>LY</arg>
<arg>MA</arg>
<arg>MC</arg>
<arg>MD</arg>
<arg>ME</arg>
<arg>MF</arg>
<arg>MG</arg>
<arg>MH</arg>
<arg>MK</arg>
<arg>ML</arg>
<arg>MM</arg>
<arg>MN</arg>
<arg>MO</arg>
<arg>MP</arg>
<arg>MQ</arg>
<arg>MR</arg>
<arg>MS</arg>
<arg>MT</arg>
<arg>MU</arg>
<arg>MV</arg>
<arg>MW</arg>
<arg>MX</arg>
<arg>MY</arg>
<arg>MZ</arg>
<arg>NA</arg>
<arg>NC</arg>
<arg>NE</arg>
<arg>NF</arg>
<arg>NG</arg>
<arg>NI</arg>
<arg>NL</arg>
<arg>NO</arg>
<arg>NP</arg>
<arg>NR</arg>
<arg>NU</arg>
<arg>NZ</arg>
<arg>OM</arg>
<arg>PA</arg>
<arg>PE</arg>
<arg>PF</arg>
<arg>PG</arg>
<arg>PH</arg>
<arg>PK</arg>
<arg>PL</arg>
<arg>PM</arg>
<arg>PN</arg>
<arg>PR</arg>
<arg>PS</arg>
<arg>PT</arg>
<arg>PW</arg>
<arg>PY</arg>
<arg>QA</arg>
<arg>RE</arg>
<arg>RO</arg>
<arg>RS</arg>
<arg>RU</arg>
<arg>RW</arg>
<arg>SA</arg>
<arg>SB</arg>
<arg>SC</arg>
<arg>SD</arg>
<arg>SE</arg>
<arg>SG</arg>
<arg>SH</arg>
<arg>SI</arg>
<arg>SJ</arg>
<arg>SK</arg>
<arg>SL</arg>
<arg>SM</arg>
<arg>SN</arg>
<arg>SO</arg>
<arg>SR</arg>
<arg>SS</arg>
<arg>ST</arg>
<arg>SV</arg>
<arg>SX</arg>
<arg>SY</arg>
<arg>SZ</arg>
<arg>TC</arg>
<arg>TD</arg>
<arg>TF</arg>
<arg>TG</arg>
<arg>TH</arg>
<arg>TJ</arg>
<arg>TK</arg>
<arg>TL</arg>
<arg>TM</arg>
<arg>TN</arg>
<arg>TO</arg>
<arg>TR</arg>
<arg>TT</arg>
<arg>TV</arg>
<arg>TW</arg>
<arg>TZ</arg>
<arg>UA</arg>
<arg>UG</arg>
<arg>UM</arg>
<arg>US</arg>
<arg>UY</arg>
<arg>UZ</arg>
<arg>VA</arg>
<arg>VC</arg>
<arg>VE</arg>
<arg>VG</arg>
<arg>VI</arg>
<arg>VN</arg>
<arg>VU</arg>
<arg>WF</arg>
<arg>WS</arg>
<arg>XK</arg>
<arg>YE</arg>
<arg>YT</arg>
<arg>ZA</arg>
<arg>ZM</arg>
<arg>ZW</arg>
<doc>Returns a list containing given items.</doc>
<status status="PASS" start="2024-05-24T01:03:31.456909" elapsed="0.000624"/>
</kw>
<kw name="List Should Contain Value" owner="Collections">
<msg time="2024-05-24T01:03:31.458585" level="INFO">False</msg>
<arg>${list_country}</arg>
<arg>${name_country}</arg>
<doc>Fails if the ``value`` is not found from ``list``.</doc>
<status status="PASS" start="2024-05-24T01:03:31.458375" elapsed="0.000247"/>
</kw>
<kw name="Run Keyword If" owner="BuiltIn">
<kw name="Should Be True" owner="BuiltIn">
<arg>${True}</arg>
<doc>Fails if the given condition is not true.</doc>
<status status="PASS" start="2024-05-24T01:03:31.459700" elapsed="0.000153"/>
</kw>
<arg>${json_data["results"][0]["location"]["coordinates"]["latitude"]} &gt;= -90 and ${json_data["results"][0]["location"]["coordinates"]["latitude"]} &lt;= 90</arg>
<arg>Should Be True</arg>
<arg>${True}</arg>
<doc>Runs the given keyword with the given arguments, if ``condition`` is true.</doc>
<status status="PASS" start="2024-05-24T01:03:31.458938" elapsed="0.001043"/>
</kw>
<kw name="Run Keyword If" owner="BuiltIn">
<kw name="Should Be True" owner="BuiltIn">
<arg>${True}</arg>
<doc>Fails if the given condition is not true.</doc>
<status status="PASS" start="2024-05-24T01:03:31.460857" elapsed="0.000135"/>
</kw>
<arg>${json_data["results"][0]["location"]["coordinates"]["longitude"]} &gt;= -180 and ${json_data["results"][0]["location"]["coordinates"]["longitude"]} &lt;= 180</arg>
<arg>Should Be True</arg>
<arg>${True}</arg>
<doc>Runs the given keyword with the given arguments, if ``condition`` is true.</doc>
<status status="PASS" start="2024-05-24T01:03:31.460167" elapsed="0.000949"/>
</kw>
<status status="PASS" start="2024-05-24T01:03:31.361510" elapsed="0.099737"/>
</kw>
<doc>Testa o conteúdo específico dos campos retornados pela API.</doc>
<tag>testeConteudo</tag>
<status status="PASS" start="2024-05-24T01:03:31.360973" elapsed="0.100428"/>
</test>
<status status="PASS" start="2024-05-24T01:03:30.515861" elapsed="0.947543"/>
</suite>
<status status="PASS" start="2024-05-24T01:03:30.502265" elapsed="0.966804"/>
</suite>
<statistics>
<total>
<stat pass="5" fail="0" skip="0">All Tests</stat>
</total>
<tag>
<stat pass="1" fail="0" skip="0">testeConteudo</stat>
<stat pass="1" fail="0" skip="0">testeEstruturaResposta</stat>
<stat pass="1" fail="0" skip="0">testeRequisicaoBasica</stat>
<stat pass="1" fail="0" skip="0">testeTiposDados</stat>
</tag>
<suite>
<stat pass="5" fail="0" skip="0" id="s1" name="Tests">Tests</stat>
<stat pass="5" fail="0" skip="0" id="s1-s1" name="Random-User-Test">Tests.Random-User-Test</stat>
</suite>
</statistics>
<errors>
</errors>
</robot>
