<?xml version="1.0" encoding="UTF-8"?>
<robot generator="Robot 7.0 (Python 3.12.3 on linux)" generated="2024-05-22T08:19:08.189358" rpa="false" schemaversion="5">
<suite id="s1" name="Tests" source="/home/runner/work/DesafioQAItauRogerioJordao/DesafioQAItauRogerioJordao/RamdonUser/tests">
<suite id="s1-s1" name="Random-User-Test" source="/home/runner/work/DesafioQAItauRogerioJordao/DesafioQAItauRogerioJordao/RamdonUser/tests/random-user-test.robot">
<test id="s1-s1-t1" name="Conectar" line="13">
<kw name="Conectar API" owner="random-user-service">
<kw name="Create Session" owner="RequestsLibrary">
<msg time="2024-05-22T08:19:08.573024" level="INFO">Creating Session using : alias=consultarAPI, url=https://randomuser.me/, headers={},                     cookies={}, auth=None, timeout=None, proxies=None, verify=False,                     debug=0 </msg>
<arg>consultarAPI</arg>
<arg>${URL}</arg>
<doc>Create Session: create a HTTP session to a server</doc>
<status status="PASS" start="2024-05-22T08:19:08.572823" elapsed="0.000382"/>
</kw>
<status status="PASS" start="2024-05-22T08:19:08.571836" elapsed="0.001750"/>
</kw>
<status status="PASS" start="2024-05-22T08:19:08.571215" elapsed="0.002568"/>
</test>
<test id="s1-s1-t2" name="Validar retorno 200 e JSON Válido" line="16">
<kw name="Teste de Requisicao Basica" owner="random-user-service">
<kw name="GET On Session" owner="RequestsLibrary">
<msg time="2024-05-22T08:19:09.004497" level="INFO">GET Request : url=https://randomuser.me/api 
 path_url=/api 
 headers={'User-Agent': 'python-requests/2.32.2', 'Accept-Encoding': 'gzip, deflate', 'Accept': '*/*', 'Connection': 'keep-alive'} 
 body=None 
 </msg>
<msg time="2024-05-22T08:19:09.004657" level="INFO">GET Response : url=https://randomuser.me/api 
 status=200, reason=OK 
 headers={'Date': 'Wed, 22 May 2024 08:19:09 GMT', 'Content-Type': 'application/json; charset=utf-8', 'Transfer-Encoding': 'chunked', 'Connection': 'keep-alive', 'X-Powered-By': 'Express', 'Access-Control-Allow-Origin': '*', 'Cache-Control': 'no-cache', 'ETag': 'W/"476-nND9XBmLMUfxlMu1y5CnTp6yclw"', 'Vary': 'Accept-Encoding', 'Content-Encoding': 'gzip', 'CF-Cache-Status': 'DYNAMIC', 'Report-To': '{"endpoints":[{"url":"https:\\/\\/a.nel.cloudflare.com\\/report\\/v4?s=QcJopL7VKv4eEDLiG4L84mC9AsPUR%2Bc5M2vwwJF4spyq9xMlQaHM48IlS8q0brbAkgaJnSEt3C7E1ytq%2BpfvYY8y0nBje58iKAv77k%2BSCYjjk%2B8cJtemiZ4psmfaDltq"}],"group":"cf-nel","max_age":604800}', 'NEL': '{"success_fraction":0,"report_to":"cf-nel","max_age":604800}', 'Server': 'cloudflare', 'CF-RAY': '887b612adbd83b41-IAD', 'alt-svc': 'h3=":443"; ma=86400'} 
 body={"results":[{"gender":"female","name":{"title":"Miss","first":"یاسمن","last":"رضایی"},"location":{"street":{"number":9730,"name":"میدان سلماس"},"city":"ساری","state":"البرز","country":"Iran","postcode":63981,"coordinates":{"latitude":"16.2591","longitude":"27.6575"},"timezone":{"offset":"+3:30","description":"Tehran"}},"email":"ysmn.rdyy@example.com","login":{"uuid":"e349fb72-93dc-414c-b53a-206e2f57bf94","username":"purplecat140","password":"cbr600","salt":"n1WgqX0v","md5":"20c4e7bf4e6587221e18bb72b9b72ce1","sha1":"9d92d42011b6d21e4aade6d00ca92170d9473ebe","sha256":"5ee2fc90220e60b4db4303fbf177a42621f0b4a67ad3815c5bb4291a1f3f61c8"},"dob":{"date":"1968-12-30T17:07:41.932Z","age":55},"registered":{"date":"2020-06-09T22:27:57.012Z","age":3},"phone":"093-47953759","cell":"0951-579-4562","id":{"name":"","value":null},"picture":{"large":"https://randomuser.me/api/portraits/women/13.jpg","medium":"https://randomuser.me/api/portraits/med/women/13.jpg","thumbnail":"https://randomuser.me/api/portraits/thumb/women/13.jpg"},"nat":"IR"}],"info":{"seed":"56f5f6c851bf7ef7","results":1,"page":1,"version":"1.4"}} 
 </msg>
<msg time="2024-05-22T08:19:09.004743" level="INFO">/opt/hostedtoolcache/Python/3.12.3/x64/lib/python3.12/site-packages/urllib3/connectionpool.py:1103: InsecureRequestWarning: Unverified HTTPS request is being made to host 'randomuser.me'. Adding certificate verification is strongly advised. See: https://urllib3.readthedocs.io/en/latest/advanced-usage.html#tls-warnings
  warnings.warn(</msg>
<msg time="2024-05-22T08:19:09.004965" level="INFO">${response} = &lt;Response [200]&gt;</msg>
<var>${response}</var>
<arg>consultarAPI</arg>
<arg>/api</arg>
<doc>Sends a GET request on a previously created HTTP Session.</doc>
<status status="PASS" start="2024-05-22T08:19:08.576518" elapsed="0.428495"/>
</kw>
<kw name="Should Be Equal As Numbers" owner="BuiltIn">
<msg time="2024-05-22T08:19:09.005995" level="INFO">Argument types are:
&lt;class 'int'&gt;
&lt;class 'str'&gt;</msg>
<arg>${response.status_code}</arg>
<arg>200</arg>
<doc>Fails if objects are unequal after converting them to real numbers.</doc>
<status status="PASS" start="2024-05-22T08:19:09.005534" elapsed="0.000526"/>
</kw>
<kw name="Log" owner="BuiltIn">
<msg time="2024-05-22T08:19:09.006760" level="INFO">200</msg>
<arg>${response.status_code}</arg>
<doc>Logs the given message with the given level.</doc>
<status status="PASS" start="2024-05-22T08:19:09.006399" elapsed="0.000407"/>
</kw>
<kw name="Set Variable" owner="BuiltIn">
<msg time="2024-05-22T08:19:09.007613" level="INFO">${json_data} = {'results': [{'gender': 'female', 'name': {'title': 'Miss', 'first': 'یاسمن', 'last': 'رضایی'}, 'location': {'street': {'number': 9730, 'name': 'میدان سلماس'}, 'city': 'ساری', 'state': 'البرز', 'count...</msg>
<var>${json_data}</var>
<arg>${response.json()}</arg>
<doc>Returns the given values which can then be assigned to a variables.</doc>
<status status="PASS" start="2024-05-22T08:19:09.007158" elapsed="0.000485"/>
</kw>
<kw name="Dictionary Should Contain Key" owner="Collections">
<msg time="2024-05-22T08:19:09.008111" level="INFO">False</msg>
<arg>${json_data}</arg>
<arg>results</arg>
<doc>Fails if ``key`` is not found from ``dictionary``.</doc>
<status status="PASS" start="2024-05-22T08:19:09.007945" elapsed="0.000204"/>
</kw>
<status status="PASS" start="2024-05-22T08:19:08.576274" elapsed="0.432131"/>
</kw>
<doc>Testa se a API responde corretamente e retorna um objeto JSON válido.</doc>
<tag>testeRequisicaoBasica</tag>
<status status="PASS" start="2024-05-22T08:19:08.575721" elapsed="0.432866"/>
</test>
<test id="s1-s1-t3" name="Validar estrutura de resposta" line="22">
<kw name="Teste de Estrutura de Resposta" owner="random-user-service">
<kw name="GET On Session" owner="RequestsLibrary">
<msg time="2024-05-22T08:19:09.118788" level="INFO">GET Request : url=https://randomuser.me/api 
 path_url=/api 
 headers={'User-Agent': 'python-requests/2.32.2', 'Accept-Encoding': 'gzip, deflate', 'Accept': '*/*', 'Connection': 'keep-alive'} 
 body=None 
 </msg>
<msg time="2024-05-22T08:19:09.118889" level="INFO">GET Response : url=https://randomuser.me/api 
 status=200, reason=OK 
 headers={'Date': 'Wed, 22 May 2024 08:19:09 GMT', 'Content-Type': 'application/json; charset=utf-8', 'Transfer-Encoding': 'chunked', 'Connection': 'keep-alive', 'X-Powered-By': 'Express', 'Access-Control-Allow-Origin': '*', 'Cache-Control': 'no-cache', 'ETag': 'W/"48a-AnysiJ020FBKcbbb7jDz6rar2GU"', 'Vary': 'Accept-Encoding', 'Content-Encoding': 'gzip', 'CF-Cache-Status': 'DYNAMIC', 'Report-To': '{"endpoints":[{"url":"https:\\/\\/a.nel.cloudflare.com\\/report\\/v4?s=lTji1dl5APQvG6DJmq6Eh9kRKoTqjklL2Olm6XJUWWJ9RYHzmEO5U%2BOUUyk4wXBohVIyWz8Ibme%2BSkdl1vzg7aU2wAzClo8s7FmoaFBvwkh6%2BPTXvXIjYol4dOAA%2BE7j"}],"group":"cf-nel","max_age":604800}', 'NEL': '{"success_fraction":0,"report_to":"cf-nel","max_age":604800}', 'Server': 'cloudflare', 'CF-RAY': '887b612d5e103b41-IAD', 'alt-svc': 'h3=":443"; ma=86400'} 
 body={"results":[{"gender":"female","name":{"title":"Ms","first":"Priscilla","last":"Wagner"},"location":{"street":{"number":1700,"name":"Westheimer Rd"},"city":"Fountain Valley","state":"Nevada","country":"United States","postcode":57988,"coordinates":{"latitude":"83.9294","longitude":"167.9328"},"timezone":{"offset":"-9:00","description":"Alaska"}},"email":"priscilla.wagner@example.com","login":{"uuid":"cef22f58-836c-41cd-91ac-2ab5eeb76a0b","username":"silvercat667","password":"never","salt":"nzXgXZeh","md5":"30939e8b0a8bc201ab8c37e9c06239bc","sha1":"425e39c16a2c2d5ae5b9f910976c328a9881287b","sha256":"ee813a33960574f08e7140be0036fb07c7de817b165fce1a83b32d0e74ca0585"},"dob":{"date":"1984-10-16T14:02:57.785Z","age":39},"registered":{"date":"2008-12-19T09:48:09.788Z","age":15},"phone":"(974) 560-7298","cell":"(689) 867-4098","id":{"name":"SSN","value":"494-63-5529"},"picture":{"large":"https://randomuser.me/api/portraits/women/88.jpg","medium":"https://randomuser.me/api/portraits/med/women/88.jpg","thumbnail":"https://randomuser.me/api/portraits/thumb/women/88.jpg"},"nat":"US"}],"info":{"seed":"2c6586eebf0f5e0a","results":1,"page":1,"version":"1.4"}} 
 </msg>
<msg time="2024-05-22T08:19:09.119016" level="INFO">/opt/hostedtoolcache/Python/3.12.3/x64/lib/python3.12/site-packages/urllib3/connectionpool.py:1103: InsecureRequestWarning: Unverified HTTPS request is being made to host 'randomuser.me'. Adding certificate verification is strongly advised. See: https://urllib3.readthedocs.io/en/latest/advanced-usage.html#tls-warnings
  warnings.warn(</msg>
<msg time="2024-05-22T08:19:09.119193" level="INFO">${response} = &lt;Response [200]&gt;</msg>
<var>${response}</var>
<arg>consultarAPI</arg>
<arg>/api</arg>
<doc>Sends a GET request on a previously created HTTP Session.</doc>
<status status="PASS" start="2024-05-22T08:19:09.011341" elapsed="0.107894"/>
</kw>
<kw name="Set Variable" owner="BuiltIn">
<msg time="2024-05-22T08:19:09.120404" level="INFO">${json_data} = {'results': [{'gender': 'female', 'name': {'title': 'Ms', 'first': 'Priscilla', 'last': 'Wagner'}, 'location': {'street': {'number': 1700, 'name': 'Westheimer Rd'}, 'city': 'Fountain Valley', 'state':...</msg>
<var>${json_data}</var>
<arg>${response.json()}</arg>
<doc>Returns the given values which can then be assigned to a variables.</doc>
<status status="PASS" start="2024-05-22T08:19:09.119852" elapsed="0.000580"/>
</kw>
<kw name="Log" owner="BuiltIn">
<msg time="2024-05-22T08:19:09.120902" level="INFO">{'results': [{'gender': 'female', 'name': {'title': 'Ms', 'first': 'Priscilla', 'last': 'Wagner'}, 'location': {'street': {'number': 1700, 'name': 'Westheimer Rd'}, 'city': 'Fountain Valley', 'state': 'Nevada', 'country': 'United States', 'postcode': 57988, 'coordinates': {'latitude': '83.9294', 'longitude': '167.9328'}, 'timezone': {'offset': '-9:00', 'description': 'Alaska'}}, 'email': 'priscilla.wagner@example.com', 'login': {'uuid': 'cef22f58-836c-41cd-91ac-2ab5eeb76a0b', 'username': 'silvercat667', 'password': 'never', 'salt': 'nzXgXZeh', 'md5': '30939e8b0a8bc201ab8c37e9c06239bc', 'sha1': '425e39c16a2c2d5ae5b9f910976c328a9881287b', 'sha256': 'ee813a33960574f08e7140be0036fb07c7de817b165fce1a83b32d0e74ca0585'}, 'dob': {'date': '1984-10-16T14:02:57.785Z', 'age': 39}, 'registered': {'date': '2008-12-19T09:48:09.788Z', 'age': 15}, 'phone': '(974) 560-7298', 'cell': '(689) 867-4098', 'id': {'name': 'SSN', 'value': '494-63-5529'}, 'picture': {'large': 'https://randomuser.me/api/portraits/women/88.jpg', 'medium': 'https://randomuser.me/api/portraits/med/women/88.jpg', 'thumbnail': 'https://randomuser.me/api/portraits/thumb/women/88.jpg'}, 'nat': 'US'}], 'info': {'seed': '2c6586eebf0f5e0a', 'results': 1, 'page': 1, 'version': '1.4'}}</msg>
<arg>${json_data}</arg>
<doc>Logs the given message with the given level.</doc>
<status status="PASS" start="2024-05-22T08:19:09.120742" elapsed="0.000216"/>
</kw>
<kw name="Dictionary Should Contain Key" owner="Collections">
<msg time="2024-05-22T08:19:09.121418" level="INFO">False</msg>
<arg>${json_data}</arg>
<arg>results</arg>
<doc>Fails if ``key`` is not found from ``dictionary``.</doc>
<status status="PASS" start="2024-05-22T08:19:09.121256" elapsed="0.000199"/>
</kw>
<kw name="Should Not Be Empty" owner="BuiltIn">
<msg time="2024-05-22T08:19:09.121886" level="INFO">Length is 2.</msg>
<arg>${json_data}</arg>
<doc>Verifies that the given item is not empty.</doc>
<status status="PASS" start="2024-05-22T08:19:09.121750" elapsed="0.000173"/>
</kw>
<kw name="Create List" owner="BuiltIn">
<msg time="2024-05-22T08:19:09.122517" level="INFO">${expected_keys} = ['gender', 'name', 'location', 'email', 'login']</msg>
<var>${expected_keys}</var>
<arg>gender</arg>
<arg>name</arg>
<arg>location</arg>
<arg>email</arg>
<arg>login</arg>
<doc>Returns a list containing given items.</doc>
<status status="PASS" start="2024-05-22T08:19:09.122207" elapsed="0.000335"/>
</kw>
<for flavor="IN">
<iter>
<kw name="Dictionary Should Contain Key" owner="Collections">
<msg time="2024-05-22T08:19:09.123569" level="INFO">False</msg>
<arg>${json_data['results'][0]}</arg>
<arg>${key}</arg>
<doc>Fails if ``key`` is not found from ``dictionary``.</doc>
<status status="PASS" start="2024-05-22T08:19:09.123158" elapsed="0.000449"/>
</kw>
<kw name="Log" owner="BuiltIn">
<msg time="2024-05-22T08:19:09.124278" level="INFO">{'gender': 'female', 'name': {'title': 'Ms', 'first': 'Priscilla', 'last': 'Wagner'}, 'location': {'street': {'number': 1700, 'name': 'Westheimer Rd'}, 'city': 'Fountain Valley', 'state': 'Nevada', 'country': 'United States', 'postcode': 57988, 'coordinates': {'latitude': '83.9294', 'longitude': '167.9328'}, 'timezone': {'offset': '-9:00', 'description': 'Alaska'}}, 'email': 'priscilla.wagner@example.com', 'login': {'uuid': 'cef22f58-836c-41cd-91ac-2ab5eeb76a0b', 'username': 'silvercat667', 'password': 'never', 'salt': 'nzXgXZeh', 'md5': '30939e8b0a8bc201ab8c37e9c06239bc', 'sha1': '425e39c16a2c2d5ae5b9f910976c328a9881287b', 'sha256': 'ee813a33960574f08e7140be0036fb07c7de817b165fce1a83b32d0e74ca0585'}, 'dob': {'date': '1984-10-16T14:02:57.785Z', 'age': 39}, 'registered': {'date': '2008-12-19T09:48:09.788Z', 'age': 15}, 'phone': '(974) 560-7298', 'cell': '(689) 867-4098', 'id': {'name': 'SSN', 'value': '494-63-5529'}, 'picture': {'large': 'https://randomuser.me/api/portraits/women/88.jpg', 'medium': 'https://randomuser.me/api/portraits/med/women/88.jpg', 'thumbnail': 'https://randomuser.me/api/portraits/thumb/women/88.jpg'}, 'nat': 'US'}</msg>
<arg>${json_data['results'][0]}</arg>
<doc>Logs the given message with the given level.</doc>
<status status="PASS" start="2024-05-22T08:19:09.123910" elapsed="0.000416"/>
</kw>
<kw name="Log" owner="BuiltIn">
<msg time="2024-05-22T08:19:09.124751" level="INFO">gender</msg>
<arg>${key}</arg>
<doc>Logs the given message with the given level.</doc>
<status status="PASS" start="2024-05-22T08:19:09.124621" elapsed="0.000167"/>
</kw>
<var name="${key}">gender</var>
<status status="PASS" start="2024-05-22T08:19:09.123005" elapsed="0.001999"/>
</iter>
<iter>
<kw name="Dictionary Should Contain Key" owner="Collections">
<msg time="2024-05-22T08:19:09.125692" level="INFO">False</msg>
<arg>${json_data['results'][0]}</arg>
<arg>${key}</arg>
<doc>Fails if ``key`` is not found from ``dictionary``.</doc>
<status status="PASS" start="2024-05-22T08:19:09.125307" elapsed="0.000422"/>
</kw>
<kw name="Log" owner="BuiltIn">
<msg time="2024-05-22T08:19:09.126409" level="INFO">{'gender': 'female', 'name': {'title': 'Ms', 'first': 'Priscilla', 'last': 'Wagner'}, 'location': {'street': {'number': 1700, 'name': 'Westheimer Rd'}, 'city': 'Fountain Valley', 'state': 'Nevada', 'country': 'United States', 'postcode': 57988, 'coordinates': {'latitude': '83.9294', 'longitude': '167.9328'}, 'timezone': {'offset': '-9:00', 'description': 'Alaska'}}, 'email': 'priscilla.wagner@example.com', 'login': {'uuid': 'cef22f58-836c-41cd-91ac-2ab5eeb76a0b', 'username': 'silvercat667', 'password': 'never', 'salt': 'nzXgXZeh', 'md5': '30939e8b0a8bc201ab8c37e9c06239bc', 'sha1': '425e39c16a2c2d5ae5b9f910976c328a9881287b', 'sha256': 'ee813a33960574f08e7140be0036fb07c7de817b165fce1a83b32d0e74ca0585'}, 'dob': {'date': '1984-10-16T14:02:57.785Z', 'age': 39}, 'registered': {'date': '2008-12-19T09:48:09.788Z', 'age': 15}, 'phone': '(974) 560-7298', 'cell': '(689) 867-4098', 'id': {'name': 'SSN', 'value': '494-63-5529'}, 'picture': {'large': 'https://randomuser.me/api/portraits/women/88.jpg', 'medium': 'https://randomuser.me/api/portraits/med/women/88.jpg', 'thumbnail': 'https://randomuser.me/api/portraits/thumb/women/88.jpg'}, 'nat': 'US'}</msg>
<arg>${json_data['results'][0]}</arg>
<doc>Logs the given message with the given level.</doc>
<status status="PASS" start="2024-05-22T08:19:09.126052" elapsed="0.000404"/>
</kw>
<kw name="Log" owner="BuiltIn">
<msg time="2024-05-22T08:19:09.126882" level="INFO">name</msg>
<arg>${key}</arg>
<doc>Logs the given message with the given level.</doc>
<status status="PASS" start="2024-05-22T08:19:09.126755" elapsed="0.000163"/>
</kw>
<var name="${key}">name</var>
<status status="PASS" start="2024-05-22T08:19:09.125192" elapsed="0.001970"/>
</iter>
<iter>
<kw name="Dictionary Should Contain Key" owner="Collections">
<msg time="2024-05-22T08:19:09.127858" level="INFO">False</msg>
<arg>${json_data['results'][0]}</arg>
<arg>${key}</arg>
<doc>Fails if ``key`` is not found from ``dictionary``.</doc>
<status status="PASS" start="2024-05-22T08:19:09.127474" elapsed="0.000422"/>
</kw>
<kw name="Log" owner="BuiltIn">
<msg time="2024-05-22T08:19:09.128545" level="INFO">{'gender': 'female', 'name': {'title': 'Ms', 'first': 'Priscilla', 'last': 'Wagner'}, 'location': {'street': {'number': 1700, 'name': 'Westheimer Rd'}, 'city': 'Fountain Valley', 'state': 'Nevada', 'country': 'United States', 'postcode': 57988, 'coordinates': {'latitude': '83.9294', 'longitude': '167.9328'}, 'timezone': {'offset': '-9:00', 'description': 'Alaska'}}, 'email': 'priscilla.wagner@example.com', 'login': {'uuid': 'cef22f58-836c-41cd-91ac-2ab5eeb76a0b', 'username': 'silvercat667', 'password': 'never', 'salt': 'nzXgXZeh', 'md5': '30939e8b0a8bc201ab8c37e9c06239bc', 'sha1': '425e39c16a2c2d5ae5b9f910976c328a9881287b', 'sha256': 'ee813a33960574f08e7140be0036fb07c7de817b165fce1a83b32d0e74ca0585'}, 'dob': {'date': '1984-10-16T14:02:57.785Z', 'age': 39}, 'registered': {'date': '2008-12-19T09:48:09.788Z', 'age': 15}, 'phone': '(974) 560-7298', 'cell': '(689) 867-4098', 'id': {'name': 'SSN', 'value': '494-63-5529'}, 'picture': {'large': 'https://randomuser.me/api/portraits/women/88.jpg', 'medium': 'https://randomuser.me/api/portraits/med/women/88.jpg', 'thumbnail': 'https://randomuser.me/api/portraits/thumb/women/88.jpg'}, 'nat': 'US'}</msg>
<arg>${json_data['results'][0]}</arg>
<doc>Logs the given message with the given level.</doc>
<status status="PASS" start="2024-05-22T08:19:09.128188" elapsed="0.000405"/>
</kw>
<kw name="Log" owner="BuiltIn">
<msg time="2024-05-22T08:19:09.129015" level="INFO">location</msg>
<arg>${key}</arg>
<doc>Logs the given message with the given level.</doc>
<status status="PASS" start="2024-05-22T08:19:09.128889" elapsed="0.000163"/>
</kw>
<var name="${key}">location</var>
<status status="PASS" start="2024-05-22T08:19:09.127354" elapsed="0.001910"/>
</iter>
<iter>
<kw name="Dictionary Should Contain Key" owner="Collections">
<msg time="2024-05-22T08:19:09.129919" level="INFO">False</msg>
<arg>${json_data['results'][0]}</arg>
<arg>${key}</arg>
<doc>Fails if ``key`` is not found from ``dictionary``.</doc>
<status status="PASS" start="2024-05-22T08:19:09.129542" elapsed="0.000413"/>
</kw>
<kw name="Log" owner="BuiltIn">
<msg time="2024-05-22T08:19:09.130617" level="INFO">{'gender': 'female', 'name': {'title': 'Ms', 'first': 'Priscilla', 'last': 'Wagner'}, 'location': {'street': {'number': 1700, 'name': 'Westheimer Rd'}, 'city': 'Fountain Valley', 'state': 'Nevada', 'country': 'United States', 'postcode': 57988, 'coordinates': {'latitude': '83.9294', 'longitude': '167.9328'}, 'timezone': {'offset': '-9:00', 'description': 'Alaska'}}, 'email': 'priscilla.wagner@example.com', 'login': {'uuid': 'cef22f58-836c-41cd-91ac-2ab5eeb76a0b', 'username': 'silvercat667', 'password': 'never', 'salt': 'nzXgXZeh', 'md5': '30939e8b0a8bc201ab8c37e9c06239bc', 'sha1': '425e39c16a2c2d5ae5b9f910976c328a9881287b', 'sha256': 'ee813a33960574f08e7140be0036fb07c7de817b165fce1a83b32d0e74ca0585'}, 'dob': {'date': '1984-10-16T14:02:57.785Z', 'age': 39}, 'registered': {'date': '2008-12-19T09:48:09.788Z', 'age': 15}, 'phone': '(974) 560-7298', 'cell': '(689) 867-4098', 'id': {'name': 'SSN', 'value': '494-63-5529'}, 'picture': {'large': 'https://randomuser.me/api/portraits/women/88.jpg', 'medium': 'https://randomuser.me/api/portraits/med/women/88.jpg', 'thumbnail': 'https://randomuser.me/api/portraits/thumb/women/88.jpg'}, 'nat': 'US'}</msg>
<arg>${json_data['results'][0]}</arg>
<doc>Logs the given message with the given level.</doc>
<status status="PASS" start="2024-05-22T08:19:09.130258" elapsed="0.000408"/>
</kw>
<kw name="Log" owner="BuiltIn">
<msg time="2024-05-22T08:19:09.131112" level="INFO">email</msg>
<arg>${key}</arg>
<doc>Logs the given message with the given level.</doc>
<status status="PASS" start="2024-05-22T08:19:09.130957" elapsed="0.000197"/>
</kw>
<var name="${key}">email</var>
<status status="PASS" start="2024-05-22T08:19:09.129433" elapsed="0.001941"/>
</iter>
<iter>
<kw name="Dictionary Should Contain Key" owner="Collections">
<msg time="2024-05-22T08:19:09.132034" level="INFO">False</msg>
<arg>${json_data['results'][0]}</arg>
<arg>${key}</arg>
<doc>Fails if ``key`` is not found from ``dictionary``.</doc>
<status status="PASS" start="2024-05-22T08:19:09.131652" elapsed="0.000418"/>
</kw>
<kw name="Log" owner="BuiltIn">
<msg time="2024-05-22T08:19:09.132720" level="INFO">{'gender': 'female', 'name': {'title': 'Ms', 'first': 'Priscilla', 'last': 'Wagner'}, 'location': {'street': {'number': 1700, 'name': 'Westheimer Rd'}, 'city': 'Fountain Valley', 'state': 'Nevada', 'country': 'United States', 'postcode': 57988, 'coordinates': {'latitude': '83.9294', 'longitude': '167.9328'}, 'timezone': {'offset': '-9:00', 'description': 'Alaska'}}, 'email': 'priscilla.wagner@example.com', 'login': {'uuid': 'cef22f58-836c-41cd-91ac-2ab5eeb76a0b', 'username': 'silvercat667', 'password': 'never', 'salt': 'nzXgXZeh', 'md5': '30939e8b0a8bc201ab8c37e9c06239bc', 'sha1': '425e39c16a2c2d5ae5b9f910976c328a9881287b', 'sha256': 'ee813a33960574f08e7140be0036fb07c7de817b165fce1a83b32d0e74ca0585'}, 'dob': {'date': '1984-10-16T14:02:57.785Z', 'age': 39}, 'registered': {'date': '2008-12-19T09:48:09.788Z', 'age': 15}, 'phone': '(974) 560-7298', 'cell': '(689) 867-4098', 'id': {'name': 'SSN', 'value': '494-63-5529'}, 'picture': {'large': 'https://randomuser.me/api/portraits/women/88.jpg', 'medium': 'https://randomuser.me/api/portraits/med/women/88.jpg', 'thumbnail': 'https://randomuser.me/api/portraits/thumb/women/88.jpg'}, 'nat': 'US'}</msg>
<arg>${json_data['results'][0]}</arg>
<doc>Logs the given message with the given level.</doc>
<status status="PASS" start="2024-05-22T08:19:09.132359" elapsed="0.000408"/>
</kw>
<kw name="Log" owner="BuiltIn">
<msg time="2024-05-22T08:19:09.133185" level="INFO">login</msg>
<arg>${key}</arg>
<doc>Logs the given message with the given level.</doc>
<status status="PASS" start="2024-05-22T08:19:09.133059" elapsed="0.000162"/>
</kw>
<var name="${key}">login</var>
<status status="PASS" start="2024-05-22T08:19:09.131542" elapsed="0.001920"/>
</iter>
<var>${key}</var>
<value>@{expected_keys}</value>
<status status="PASS" start="2024-05-22T08:19:09.122812" elapsed="0.010775"/>
</for>
<kw name="Create List" owner="BuiltIn">
<msg time="2024-05-22T08:19:09.133911" level="INFO">${expected_keysTwo} = ['username', 'password']</msg>
<var>${expected_keysTwo}</var>
<arg>username</arg>
<arg>password</arg>
<doc>Returns a list containing given items.</doc>
<status status="PASS" start="2024-05-22T08:19:09.133776" elapsed="0.000158"/>
</kw>
<for flavor="IN">
<iter>
<kw name="Dictionary Should Contain Key" owner="Collections">
<msg time="2024-05-22T08:19:09.134812" level="INFO">False</msg>
<arg>${json_data['results'][0]['login']}</arg>
<arg>${keyTwo}</arg>
<doc>Fails if ``key`` is not found from ``dictionary``.</doc>
<status status="PASS" start="2024-05-22T08:19:09.134424" elapsed="0.000425"/>
</kw>
<kw name="Dictionary Should Contain Key" owner="Collections">
<msg time="2024-05-22T08:19:09.135567" level="INFO">False</msg>
<arg>${json_data['results'][0]['login']}</arg>
<arg>${keyTwo}</arg>
<doc>Fails if ``key`` is not found from ``dictionary``.</doc>
<status status="PASS" start="2024-05-22T08:19:09.135174" elapsed="0.000431"/>
</kw>
<kw name="Log" owner="BuiltIn">
<msg time="2024-05-22T08:19:09.136026" level="INFO">username</msg>
<arg>${keyTwo}</arg>
<doc>Logs the given message with the given level.</doc>
<status status="PASS" start="2024-05-22T08:19:09.135898" elapsed="0.000165"/>
</kw>
<var name="${keyTwo}">username</var>
<status status="PASS" start="2024-05-22T08:19:09.134317" elapsed="0.001960"/>
</iter>
<iter>
<kw name="Dictionary Should Contain Key" owner="Collections">
<msg time="2024-05-22T08:19:09.136944" level="INFO">False</msg>
<arg>${json_data['results'][0]['login']}</arg>
<arg>${keyTwo}</arg>
<doc>Fails if ``key`` is not found from ``dictionary``.</doc>
<status status="PASS" start="2024-05-22T08:19:09.136557" elapsed="0.000425"/>
</kw>
<kw name="Dictionary Should Contain Key" owner="Collections">
<msg time="2024-05-22T08:19:09.137733" level="INFO">False</msg>
<arg>${json_data['results'][0]['login']}</arg>
<arg>${keyTwo}</arg>
<doc>Fails if ``key`` is not found from ``dictionary``.</doc>
<status status="PASS" start="2024-05-22T08:19:09.137272" elapsed="0.000501"/>
</kw>
<kw name="Log" owner="BuiltIn">
<msg time="2024-05-22T08:19:09.138196" level="INFO">password</msg>
<arg>${keyTwo}</arg>
<doc>Logs the given message with the given level.</doc>
<status status="PASS" start="2024-05-22T08:19:09.138069" elapsed="0.000165"/>
</kw>
<var name="${keyTwo}">password</var>
<status status="PASS" start="2024-05-22T08:19:09.136447" elapsed="0.001999"/>
</iter>
<var>${keyTwo}</var>
<value>@{expected_keysTwo}</value>
<status status="PASS" start="2024-05-22T08:19:09.134169" elapsed="0.004396"/>
</for>
<status status="PASS" start="2024-05-22T08:19:09.011106" elapsed="0.127597"/>
</kw>
<doc>Testa a estrutura da resposta da API.</doc>
<tag>testeEstruturaResposta</tag>
<status status="PASS" start="2024-05-22T08:19:09.010483" elapsed="0.128374"/>
</test>
<test id="s1-s1-t4" name="Validar tipos de dados" line="28">
<kw name="Teste de Tipos de Dados" owner="random-user-service">
<kw name="GET On Session" owner="RequestsLibrary">
<msg time="2024-05-22T08:19:09.242468" level="INFO">GET Request : url=https://randomuser.me/api 
 path_url=/api 
 headers={'User-Agent': 'python-requests/2.32.2', 'Accept-Encoding': 'gzip, deflate', 'Accept': '*/*', 'Connection': 'keep-alive'} 
 body=None 
 </msg>
<msg time="2024-05-22T08:19:09.242562" level="INFO">GET Response : url=https://randomuser.me/api 
 status=200, reason=OK 
 headers={'Date': 'Wed, 22 May 2024 08:19:09 GMT', 'Content-Type': 'application/json; charset=utf-8', 'Transfer-Encoding': 'chunked', 'Connection': 'keep-alive', 'X-Powered-By': 'Express', 'Access-Control-Allow-Origin': '*', 'Cache-Control': 'no-cache', 'ETag': 'W/"48d-UUAdiRKPE/ZjGQ53ACrbVmhpmRg"', 'Vary': 'Accept-Encoding', 'Content-Encoding': 'gzip', 'CF-Cache-Status': 'DYNAMIC', 'Report-To': '{"endpoints":[{"url":"https:\\/\\/a.nel.cloudflare.com\\/report\\/v4?s=udC4oPk6PKywqAmgN6nhW3x4V4ZvK%2FY3gWd0PyCrIdgayxjnWnwAYHrJzlNICLfEn6NOACNscCtWHOZThGYIrre5o9Zl%2FcfCaTjKHt24smc2mYt2neVtLP%2Fl9pwpu3g7"}],"group":"cf-nel","max_age":604800}', 'NEL': '{"success_fraction":0,"report_to":"cf-nel","max_age":604800}', 'Server': 'cloudflare', 'CF-RAY': '887b612e2ec83b41-IAD', 'alt-svc': 'h3=":443"; ma=86400'} 
 body={"results":[{"gender":"male","name":{"title":"Mr","first":"Elias","last":"Manner"},"location":{"street":{"number":19,"name":"Visiokatu"},"city":"Miehikkälä","state":"North Karelia","country":"Finland","postcode":67503,"coordinates":{"latitude":"-29.8189","longitude":"-74.7841"},"timezone":{"offset":"-8:00","description":"Pacific Time (US &amp; Canada)"}},"email":"elias.manner@example.com","login":{"uuid":"4820f85a-868c-46e5-835b-ad1c6a01631e","username":"goldenpanda668","password":"capital","salt":"GxFXA7uI","md5":"acae3c1dd9c66ac199937e7126adefa2","sha1":"0e8aca49f04e9e10eeae28880174e257bc21c993","sha256":"8fe36715a4e129f06a233c6751961f6f7d2dc4bed04b8e76d39c6afee998f3a5"},"dob":{"date":"1993-04-08T09:16:03.777Z","age":31},"registered":{"date":"2004-08-14T02:36:52.600Z","age":19},"phone":"05-600-421","cell":"048-433-12-12","id":{"name":"HETU","value":"NaNNA625undefined"},"picture":{"large":"https://randomuser.me/api/portraits/men/78.jpg","medium":"https://randomuser.me/api/portraits/med/men/78.jpg","thumbnail":"https://randomuser.me/api/portraits/thumb/men/78.jpg"},"nat":"FI"}],"info":{"seed":"8d1cb9eda26c9d16","results":1,"page":1,"version":"1.4"}} 
 </msg>
<msg time="2024-05-22T08:19:09.242641" level="INFO">/opt/hostedtoolcache/Python/3.12.3/x64/lib/python3.12/site-packages/urllib3/connectionpool.py:1103: InsecureRequestWarning: Unverified HTTPS request is being made to host 'randomuser.me'. Adding certificate verification is strongly advised. See: https://urllib3.readthedocs.io/en/latest/advanced-usage.html#tls-warnings
  warnings.warn(</msg>
<msg time="2024-05-22T08:19:09.242779" level="INFO">${response} = &lt;Response [200]&gt;</msg>
<var>${response}</var>
<arg>consultarAPI</arg>
<arg>/api</arg>
<doc>Sends a GET request on a previously created HTTP Session.</doc>
<status status="PASS" start="2024-05-22T08:19:09.141457" elapsed="0.101369"/>
</kw>
<kw name="Set Variable" owner="BuiltIn">
<msg time="2024-05-22T08:19:09.243961" level="INFO">${json_data} = {'results': [{'gender': 'male', 'name': {'title': 'Mr', 'first': 'Elias', 'last': 'Manner'}, 'location': {'street': {'number': 19, 'name': 'Visiokatu'}, 'city': 'Miehikkälä', 'state': 'North Karelia',...</msg>
<var>${json_data}</var>
<arg>${response.json()}</arg>
<doc>Returns the given values which can then be assigned to a variables.</doc>
<status status="PASS" start="2024-05-22T08:19:09.243416" elapsed="0.000575"/>
</kw>
<kw name="Log" owner="BuiltIn">
<msg time="2024-05-22T08:19:09.244461" level="INFO">{'results': [{'gender': 'male', 'name': {'title': 'Mr', 'first': 'Elias', 'last': 'Manner'}, 'location': {'street': {'number': 19, 'name': 'Visiokatu'}, 'city': 'Miehikkälä', 'state': 'North Karelia', 'country': 'Finland', 'postcode': 67503, 'coordinates': {'latitude': '-29.8189', 'longitude': '-74.7841'}, 'timezone': {'offset': '-8:00', 'description': 'Pacific Time (US &amp; Canada)'}}, 'email': 'elias.manner@example.com', 'login': {'uuid': '4820f85a-868c-46e5-835b-ad1c6a01631e', 'username': 'goldenpanda668', 'password': 'capital', 'salt': 'GxFXA7uI', 'md5': 'acae3c1dd9c66ac199937e7126adefa2', 'sha1': '0e8aca49f04e9e10eeae28880174e257bc21c993', 'sha256': '8fe36715a4e129f06a233c6751961f6f7d2dc4bed04b8e76d39c6afee998f3a5'}, 'dob': {'date': '1993-04-08T09:16:03.777Z', 'age': 31}, 'registered': {'date': '2004-08-14T02:36:52.600Z', 'age': 19}, 'phone': '05-600-421', 'cell': '048-433-12-12', 'id': {'name': 'HETU', 'value': 'NaNNA625undefined'}, 'picture': {'large': 'https://randomuser.me/api/portraits/men/78.jpg', 'medium': 'https://randomuser.me/api/portraits/med/men/78.jpg', 'thumbnail': 'https://randomuser.me/api/portraits/thumb/men/78.jpg'}, 'nat': 'FI'}], 'info': {'seed': '8d1cb9eda26c9d16', 'results': 1, 'page': 1, 'version': '1.4'}}</msg>
<arg>${json_data}</arg>
<doc>Logs the given message with the given level.</doc>
<status status="PASS" start="2024-05-22T08:19:09.244302" elapsed="0.000246"/>
</kw>
<kw name="Should Be String" owner="String">
<arg>${json_data['results'][0]['gender']}</arg>
<doc>Fails if the given ``item`` is not a string.</doc>
<status status="PASS" start="2024-05-22T08:19:09.244848" elapsed="0.000363"/>
</kw>
<kw name="Should Match Regexp" owner="BuiltIn">
<arg>${json_data['results'][0]['email']}</arg>
<arg>^[a-zA-Z0-9._%+-]+@[a-zA-Z0-9.-]+\.[a-zA-Z]{2,}$</arg>
<doc>Fails if ``string`` does not match ``pattern`` as a regular expression.</doc>
<status status="PASS" start="2024-05-22T08:19:09.245405" elapsed="0.000525"/>
</kw>
<kw name="Should Match Regexp" owner="BuiltIn">
<arg>${json_data['results'][0]['dob']['date']}</arg>
<arg>\\d{4}-\\d{2}-\\d{2}T\\d{2}:\\d{2}:\\d{2}\\.\\d{3}Z</arg>
<doc>Fails if ``string`` does not match ``pattern`` as a regular expression.</doc>
<status status="PASS" start="2024-05-22T08:19:09.246128" elapsed="0.000490"/>
</kw>
<kw name="Should Match Regexp" owner="BuiltIn">
<arg>${json_data['results'][0]['registered']['date']}</arg>
<arg>\\d{4}-\\d{2}-\\d{2}T\\d{2}:\\d{2}:\\d{2}\\.\\d{3}Z</arg>
<doc>Fails if ``string`` does not match ``pattern`` as a regular expression.</doc>
<status status="PASS" start="2024-05-22T08:19:09.246810" elapsed="0.000404"/>
</kw>
<kw name="Should Match Regexp" owner="BuiltIn">
<arg>${json_data['results'][0]['picture']['large']}</arg>
<arg>^https?://.*\.(?:png|jpe?g|gif|bmp)$</arg>
<doc>Fails if ``string`` does not match ``pattern`` as a regular expression.</doc>
<status status="PASS" start="2024-05-22T08:19:09.247414" elapsed="0.000477"/>
</kw>
<kw name="Should Match Regexp" owner="BuiltIn">
<arg>${json_data['results'][0]['picture']['medium']}</arg>
<arg>^https?://.*\.(?:png|jpe?g|gif|bmp)$</arg>
<doc>Fails if ``string`` does not match ``pattern`` as a regular expression.</doc>
<status status="PASS" start="2024-05-22T08:19:09.248085" elapsed="0.000356"/>
</kw>
<kw name="Should Match Regexp" owner="BuiltIn">
<arg>${json_data['results'][0]['picture']['thumbnail']}</arg>
<arg>^https?://.*\.(?:png|jpe?g|gif|bmp)$</arg>
<doc>Fails if ``string`` does not match ``pattern`` as a regular expression.</doc>
<status status="PASS" start="2024-05-22T08:19:09.248630" elapsed="0.000351"/>
</kw>
<kw name="Log" owner="BuiltIn">
<msg time="2024-05-22T08:19:09.249493" level="INFO">{'large': 'https://randomuser.me/api/portraits/men/78.jpg', 'medium': 'https://randomuser.me/api/portraits/med/men/78.jpg', 'thumbnail': 'https://randomuser.me/api/portraits/thumb/men/78.jpg'}</msg>
<arg>${json_data['results'][0]['picture']}</arg>
<doc>Logs the given message with the given level.</doc>
<status status="PASS" start="2024-05-22T08:19:09.249168" elapsed="0.000368"/>
</kw>
<status status="PASS" start="2024-05-22T08:19:09.141220" elapsed="0.108572"/>
</kw>
<kw name="Teste de Tipos de Dados - Postcode" owner="random-user-service">
<kw name="GET On Session" owner="RequestsLibrary">
<msg time="2024-05-22T08:19:09.359170" level="INFO">GET Request : url=https://randomuser.me/api 
 path_url=/api 
 headers={'User-Agent': 'python-requests/2.32.2', 'Accept-Encoding': 'gzip, deflate', 'Accept': '*/*', 'Connection': 'keep-alive'} 
 body=None 
 </msg>
<msg time="2024-05-22T08:19:09.359255" level="INFO">GET Response : url=https://randomuser.me/api 
 status=200, reason=OK 
 headers={'Date': 'Wed, 22 May 2024 08:19:09 GMT', 'Content-Type': 'application/json; charset=utf-8', 'Transfer-Encoding': 'chunked', 'Connection': 'keep-alive', 'X-Powered-By': 'Express', 'Access-Control-Allow-Origin': '*', 'Cache-Control': 'no-cache', 'ETag': 'W/"47f-NvUdRR1vWxTXyNxFhYZLWB46cnQ"', 'Vary': 'Accept-Encoding', 'Content-Encoding': 'gzip', 'CF-Cache-Status': 'DYNAMIC', 'Report-To': '{"endpoints":[{"url":"https:\\/\\/a.nel.cloudflare.com\\/report\\/v4?s=tb1t6ktODaxMBLffDBGPXPl9C%2FNpBiIr6PrLJyQSUXyoLI0Feynt3uiJVEP0N6G0pvFkpVk3TGENbVYkPvShQ1kCDMPtCvjOj6GTuOZjpiNiy%2B5vAtAn3tg8zxc4hnp3"}],"group":"cf-nel","max_age":604800}', 'NEL': '{"success_fraction":0,"report_to":"cf-nel","max_age":604800}', 'Server': 'cloudflare', 'CF-RAY': '887b612edf693b41-IAD', 'alt-svc': 'h3=":443"; ma=86400'} 
 body={"results":[{"gender":"female","name":{"title":"Ms","first":"Daniela","last":"Molina"},"location":{"street":{"number":1943,"name":"Diagonal Guanajuato"},"city":"Ihuatzio","state":"Tabasco","country":"Mexico","postcode":36224,"coordinates":{"latitude":"23.3633","longitude":"1.3595"},"timezone":{"offset":"-10:00","description":"Hawaii"}},"email":"daniela.molina@example.com","login":{"uuid":"49d1385d-45d8-46b6-9a25-d33c0670c177","username":"greenswan298","password":"buddie","salt":"v3FATAhN","md5":"cc1afbbf9bc2daadca0d3f2db2217d4a","sha1":"3d35dc931f37e641ef85e30fcf1f655e8af5ad25","sha256":"23fe901905923ba0ac68b315528baf077b0512ce0b90cbd9dc8a21dc11e2fefb"},"dob":{"date":"1955-05-27T16:52:33.010Z","age":68},"registered":{"date":"2017-12-18T13:20:53.263Z","age":6},"phone":"(644) 070 4404","cell":"(668) 298 4222","id":{"name":"NSS","value":"50 53 31 8798 0"},"picture":{"large":"https://randomuser.me/api/portraits/women/4.jpg","medium":"https://randomuser.me/api/portraits/med/women/4.jpg","thumbnail":"https://randomuser.me/api/portraits/thumb/women/4.jpg"},"nat":"MX"}],"info":{"seed":"176b661d211d1db6","results":1,"page":1,"version":"1.4"}} 
 </msg>
<msg time="2024-05-22T08:19:09.359318" level="INFO">/opt/hostedtoolcache/Python/3.12.3/x64/lib/python3.12/site-packages/urllib3/connectionpool.py:1103: InsecureRequestWarning: Unverified HTTPS request is being made to host 'randomuser.me'. Adding certificate verification is strongly advised. See: https://urllib3.readthedocs.io/en/latest/advanced-usage.html#tls-warnings
  warnings.warn(</msg>
<msg time="2024-05-22T08:19:09.359417" level="INFO">${response} = &lt;Response [200]&gt;</msg>
<var>${response}</var>
<arg>consultarAPI</arg>
<arg>/api</arg>
<doc>Sends a GET request on a previously created HTTP Session.</doc>
<status status="PASS" start="2024-05-22T08:19:09.250253" elapsed="0.109202"/>
</kw>
<kw name="Set Variable" owner="BuiltIn">
<msg time="2024-05-22T08:19:09.360572" level="INFO">${json_data} = {'results': [{'gender': 'female', 'name': {'title': 'Ms', 'first': 'Daniela', 'last': 'Molina'}, 'location': {'street': {'number': 1943, 'name': 'Diagonal Guanajuato'}, 'city': 'Ihuatzio', 'state': 'T...</msg>
<var>${json_data}</var>
<arg>${response.json()}</arg>
<doc>Returns the given values which can then be assigned to a variables.</doc>
<status status="PASS" start="2024-05-22T08:19:09.359988" elapsed="0.000613"/>
</kw>
<kw name="Log" owner="BuiltIn">
<msg time="2024-05-22T08:19:09.361063" level="INFO">{'results': [{'gender': 'female', 'name': {'title': 'Ms', 'first': 'Daniela', 'last': 'Molina'}, 'location': {'street': {'number': 1943, 'name': 'Diagonal Guanajuato'}, 'city': 'Ihuatzio', 'state': 'Tabasco', 'country': 'Mexico', 'postcode': 36224, 'coordinates': {'latitude': '23.3633', 'longitude': '1.3595'}, 'timezone': {'offset': '-10:00', 'description': 'Hawaii'}}, 'email': 'daniela.molina@example.com', 'login': {'uuid': '49d1385d-45d8-46b6-9a25-d33c0670c177', 'username': 'greenswan298', 'password': 'buddie', 'salt': 'v3FATAhN', 'md5': 'cc1afbbf9bc2daadca0d3f2db2217d4a', 'sha1': '3d35dc931f37e641ef85e30fcf1f655e8af5ad25', 'sha256': '23fe901905923ba0ac68b315528baf077b0512ce0b90cbd9dc8a21dc11e2fefb'}, 'dob': {'date': '1955-05-27T16:52:33.010Z', 'age': 68}, 'registered': {'date': '2017-12-18T13:20:53.263Z', 'age': 6}, 'phone': '(644) 070 4404', 'cell': '(668) 298 4222', 'id': {'name': 'NSS', 'value': '50 53 31 8798 0'}, 'picture': {'large': 'https://randomuser.me/api/portraits/women/4.jpg', 'medium': 'https://randomuser.me/api/portraits/med/women/4.jpg', 'thumbnail': 'https://randomuser.me/api/portraits/thumb/women/4.jpg'}, 'nat': 'MX'}], 'info': {'seed': '176b661d211d1db6', 'results': 1, 'page': 1, 'version': '1.4'}}</msg>
<arg>${json_data}</arg>
<doc>Logs the given message with the given level.</doc>
<status status="PASS" start="2024-05-22T08:19:09.360909" elapsed="0.000234"/>
</kw>
<kw name="Should Be Equal As Numbers" owner="BuiltIn">
<arg>${json_data['results'][0]['location']['postcode']}</arg>
<arg>${json_data['results'][0]['location']['postcode']}</arg>
<doc>Fails if objects are unequal after converting them to real numbers.</doc>
<status status="PASS" start="2024-05-22T08:19:09.361453" elapsed="0.000771"/>
</kw>
<kw name="Log" owner="BuiltIn">
<msg time="2024-05-22T08:19:09.362763" level="INFO">36224</msg>
<arg>${json_data['results'][0]['location']['postcode']}</arg>
<doc>Logs the given message with the given level.</doc>
<status status="PASS" start="2024-05-22T08:19:09.362419" elapsed="0.000384"/>
</kw>
<status status="PASS" start="2024-05-22T08:19:09.250018" elapsed="0.113039"/>
</kw>
<doc>Testa se os tipos de dados na resposta da API estão corretos.</doc>
<tag>testeTiposDados</tag>
<status status="PASS" start="2024-05-22T08:19:09.140682" elapsed="0.222585"/>
</test>
<test id="s1-s1-t5" name="Validar conteudo" line="35">
<kw name="Teste de Tipos de Conteudo" owner="random-user-service">
<kw name="GET On Session" owner="RequestsLibrary">
<msg time="2024-05-22T08:19:09.421749" level="INFO">GET Request : url=https://randomuser.me/api 
 path_url=/api 
 headers={'User-Agent': 'python-requests/2.32.2', 'Accept-Encoding': 'gzip, deflate', 'Accept': '*/*', 'Connection': 'keep-alive'} 
 body=None 
 </msg>
<msg time="2024-05-22T08:19:09.421829" level="INFO">GET Response : url=https://randomuser.me/api 
 status=200, reason=OK 
 headers={'Date': 'Wed, 22 May 2024 08:19:09 GMT', 'Content-Type': 'application/json; charset=utf-8', 'Transfer-Encoding': 'chunked', 'Connection': 'keep-alive', 'X-Powered-By': 'Express', 'Access-Control-Allow-Origin': '*', 'Cache-Control': 'no-cache', 'ETag': 'W/"481-mifNJA7EV3P+Zen7GHBci9JRnog"', 'Vary': 'Accept-Encoding', 'Content-Encoding': 'gzip', 'CF-Cache-Status': 'DYNAMIC', 'Report-To': '{"endpoints":[{"url":"https:\\/\\/a.nel.cloudflare.com\\/report\\/v4?s=h9v4Amz6K%2Bc0D3mb3C8ktgZwjNOlX%2FUDxAIjDxop9GEx6KCzr6pR7rZbVgMY2iNAHZzrKIHq1UUUOzifX2PEenZ%2BRBg0CZXJryRmM5A1XLyDYkRPGyNnTeFf6bjrmYo6"}],"group":"cf-nel","max_age":604800}', 'NEL': '{"success_fraction":0,"report_to":"cf-nel","max_age":604800}', 'Server': 'cloudflare', 'CF-RAY': '887b612f88193b41-IAD', 'alt-svc': 'h3=":443"; ma=86400'} 
 body={"results":[{"gender":"female","name":{"title":"Mrs","first":"Regina","last":"Castro"},"location":{"street":{"number":3220,"name":"Rua Sete de Setembro "},"city":"Itabuna","state":"Ceará","country":"Brazil","postcode":81636,"coordinates":{"latitude":"-77.7372","longitude":"95.3444"},"timezone":{"offset":"+3:30","description":"Tehran"}},"email":"regina.castro@example.com","login":{"uuid":"c2a95b63-cb5a-4d53-b010-2de3834a243b","username":"angrydog851","password":"ariana","salt":"RtMYvoRa","md5":"178f0472e4529667a1d4dad193daa1fb","sha1":"63f7af32f56a4a3efd3e367c21671b0e36fb673a","sha256":"96e753b0b15743576f259a16f87dfa5dce4d51e90705e4aa2c2ad0f85584d5b5"},"dob":{"date":"1996-12-28T11:53:35.701Z","age":27},"registered":{"date":"2006-05-01T08:22:53.484Z","age":18},"phone":"(23) 6121-7025","cell":"(46) 7928-8450","id":{"name":"CPF","value":"573.417.478-56"},"picture":{"large":"https://randomuser.me/api/portraits/women/51.jpg","medium":"https://randomuser.me/api/portraits/med/women/51.jpg","thumbnail":"https://randomuser.me/api/portraits/thumb/women/51.jpg"},"nat":"BR"}],"info":{"seed":"f8e0533998a2dc55","results":1,"page":1,"version":"1.4"}} 
 </msg>
<msg time="2024-05-22T08:19:09.421903" level="INFO">/opt/hostedtoolcache/Python/3.12.3/x64/lib/python3.12/site-packages/urllib3/connectionpool.py:1103: InsecureRequestWarning: Unverified HTTPS request is being made to host 'randomuser.me'. Adding certificate verification is strongly advised. See: https://urllib3.readthedocs.io/en/latest/advanced-usage.html#tls-warnings
  warnings.warn(</msg>
<msg time="2024-05-22T08:19:09.422014" level="INFO">${response} = &lt;Response [200]&gt;</msg>
<var>${response}</var>
<arg>consultarAPI</arg>
<arg>/api</arg>
<doc>Sends a GET request on a previously created HTTP Session.</doc>
<status status="PASS" start="2024-05-22T08:19:09.365751" elapsed="0.056313"/>
</kw>
<kw name="Set Variable" owner="BuiltIn">
<msg time="2024-05-22T08:19:09.423211" level="INFO">${json_data} = {'results': [{'gender': 'female', 'name': {'title': 'Mrs', 'first': 'Regina', 'last': 'Castro'}, 'location': {'street': {'number': 3220, 'name': 'Rua Sete de Setembro '}, 'city': 'Itabuna', 'state': '...</msg>
<var>${json_data}</var>
<arg>${response.json()}</arg>
<doc>Returns the given values which can then be assigned to a variables.</doc>
<status status="PASS" start="2024-05-22T08:19:09.422572" elapsed="0.000668"/>
</kw>
<kw name="Set Variable" owner="BuiltIn">
<msg time="2024-05-22T08:19:09.423951" level="INFO">${name_title} = Mrs</msg>
<var>${name_title}</var>
<arg>${json_data["results"][0]["name"]["title"]}</arg>
<doc>Returns the given values which can then be assigned to a variables.</doc>
<status status="PASS" start="2024-05-22T08:19:09.423558" elapsed="0.000420"/>
</kw>
<kw name="Create List" owner="BuiltIn">
<msg time="2024-05-22T08:19:09.424434" level="INFO">${allowed_titles} = ['Mr', 'Ms', 'Miss', 'Mrs', 'Madame', 'Monsieur']</msg>
<var>${allowed_titles}</var>
<arg>Mr</arg>
<arg>Ms</arg>
<arg>Miss</arg>
<arg>Mrs</arg>
<arg>Madame</arg>
<arg>Monsieur</arg>
<doc>Returns a list containing given items.</doc>
<status status="PASS" start="2024-05-22T08:19:09.424286" elapsed="0.000171"/>
</kw>
<kw name="List Should Contain Value" owner="Collections">
<msg time="2024-05-22T08:19:09.424926" level="INFO">False</msg>
<arg>${allowed_titles}</arg>
<arg>${name_title}</arg>
<doc>Fails if the ``value`` is not found from ``list``.</doc>
<status status="PASS" start="2024-05-22T08:19:09.424750" elapsed="0.000213"/>
</kw>
<kw name="Set Variable" owner="BuiltIn">
<msg time="2024-05-22T08:19:09.425621" level="INFO">${name_country} = BR</msg>
<var>${name_country}</var>
<arg>${json_data["results"][0]["nat"]}</arg>
<doc>Returns the given values which can then be assigned to a variables.</doc>
<status status="PASS" start="2024-05-22T08:19:09.425246" elapsed="0.000399"/>
</kw>
<kw name="Create List" owner="BuiltIn">
<msg time="2024-05-22T08:19:09.426534" level="INFO">${list_country} = ['AD', 'AE', 'AF', 'AG', 'AI', 'AL', 'AM', 'AO', 'AQ', 'AR', 'AS', 'AT', 'AU', 'AW', 'AX', 'AZ', 'BA', 'BB', 'BD', 'BE', 'BF', 'BG', 'BH', 'BI', 'BJ', 'BL', 'BM', 'BN', 'BO', 'BQ', 'BR', 'BS', 'BT', '...</msg>
<var>${list_country}</var>
<arg>AD</arg>
<arg>AE</arg>
<arg>AF</arg>
<arg>AG</arg>
<arg>AI</arg>
<arg>AL</arg>
<arg>AM</arg>
<arg>AO</arg>
<arg>AQ</arg>
<arg>AR</arg>
<arg>AS</arg>
<arg>AT</arg>
<arg>AU</arg>
<arg>AW</arg>
<arg>AX</arg>
<arg>AZ</arg>
<arg>BA</arg>
<arg>BB</arg>
<arg>BD</arg>
<arg>BE</arg>
<arg>BF</arg>
<arg>BG</arg>
<arg>BH</arg>
<arg>BI</arg>
<arg>BJ</arg>
<arg>BL</arg>
<arg>BM</arg>
<arg>BN</arg>
<arg>BO</arg>
<arg>BQ</arg>
<arg>BR</arg>
<arg>BS</arg>
<arg>BT</arg>
<arg>BV</arg>
<arg>BW</arg>
<arg>BY</arg>
<arg>BZ</arg>
<arg>CA</arg>
<arg>CC</arg>
<arg>CD</arg>
<arg>CF</arg>
<arg>CG</arg>
<arg>CH</arg>
<arg>CI</arg>
<arg>CK</arg>
<arg>CL</arg>
<arg>CM</arg>
<arg>CN</arg>
<arg>CO</arg>
<arg>CR</arg>
<arg>CU</arg>
<arg>CV</arg>
<arg>CW</arg>
<arg>CX</arg>
<arg>CY</arg>
<arg>CZ</arg>
<arg>DE</arg>
<arg>DJ</arg>
<arg>DK</arg>
<arg>DM</arg>
<arg>DO</arg>
<arg>DZ</arg>
<arg>EC</arg>
<arg>EE</arg>
<arg>EG</arg>
<arg>EH</arg>
<arg>ER</arg>
<arg>ES</arg>
<arg>ET</arg>
<arg>FI</arg>
<arg>FJ</arg>
<arg>FK</arg>
<arg>FM</arg>
<arg>FO</arg>
<arg>FR</arg>
<arg>GA</arg>
<arg>GB</arg>
<arg>GD</arg>
<arg>GE</arg>
<arg>GF</arg>
<arg>GG</arg>
<arg>GH</arg>
<arg>GI</arg>
<arg>GL</arg>
<arg>GM</arg>
<arg>GN</arg>
<arg>GP</arg>
<arg>GQ</arg>
<arg>GR</arg>
<arg>GS</arg>
<arg>GT</arg>
<arg>GU</arg>
<arg>GW</arg>
<arg>GY</arg>
<arg>HK</arg>
<arg>HM</arg>
<arg>HN</arg>
<arg>HR</arg>
<arg>HT</arg>
<arg>HU</arg>
<arg>ID</arg>
<arg>IE</arg>
<arg>IL</arg>
<arg>IM</arg>
<arg>IN</arg>
<arg>IO</arg>
<arg>IQ</arg>
<arg>IR</arg>
<arg>IS</arg>
<arg>IT</arg>
<arg>JE</arg>
<arg>JM</arg>
<arg>JO</arg>
<arg>JP</arg>
<arg>KE</arg>
<arg>KG</arg>
<arg>KH</arg>
<arg>KI</arg>
<arg>KM</arg>
<arg>KN</arg>
<arg>KP</arg>
<arg>KR</arg>
<arg>KW</arg>
<arg>KY</arg>
<arg>KZ</arg>
<arg>LA</arg>
<arg>LB</arg>
<arg>LC</arg>
<arg>LI</arg>
<arg>LK</arg>
<arg>LR</arg>
<arg>LS</arg>
<arg>LT</arg>
<arg>LU</arg>
<arg>LV</arg>
<arg>LY</arg>
<arg>MA</arg>
<arg>MC</arg>
<arg>MD</arg>
<arg>ME</arg>
<arg>MF</arg>
<arg>MG</arg>
<arg>MH</arg>
<arg>MK</arg>
<arg>ML</arg>
<arg>MM</arg>
<arg>MN</arg>
<arg>MO</arg>
<arg>MP</arg>
<arg>MQ</arg>
<arg>MR</arg>
<arg>MS</arg>
<arg>MT</arg>
<arg>MU</arg>
<arg>MV</arg>
<arg>MW</arg>
<arg>MX</arg>
<arg>MY</arg>
<arg>MZ</arg>
<arg>NA</arg>
<arg>NC</arg>
<arg>NE</arg>
<arg>NF</arg>
<arg>NG</arg>
<arg>NI</arg>
<arg>NL</arg>
<arg>NO</arg>
<arg>NP</arg>
<arg>NR</arg>
<arg>NU</arg>
<arg>NZ</arg>
<arg>OM</arg>
<arg>PA</arg>
<arg>PE</arg>
<arg>PF</arg>
<arg>PG</arg>
<arg>PH</arg>
<arg>PK</arg>
<arg>PL</arg>
<arg>PM</arg>
<arg>PN</arg>
<arg>PR</arg>
<arg>PS</arg>
<arg>PT</arg>
<arg>PW</arg>
<arg>PY</arg>
<arg>QA</arg>
<arg>RE</arg>
<arg>RO</arg>
<arg>RS</arg>
<arg>RU</arg>
<arg>RW</arg>
<arg>SA</arg>
<arg>SB</arg>
<arg>SC</arg>
<arg>SD</arg>
<arg>SE</arg>
<arg>SG</arg>
<arg>SH</arg>
<arg>SI</arg>
<arg>SJ</arg>
<arg>SK</arg>
<arg>SL</arg>
<arg>SM</arg>
<arg>SN</arg>
<arg>SO</arg>
<arg>SR</arg>
<arg>SS</arg>
<arg>ST</arg>
<arg>SV</arg>
<arg>SX</arg>
<arg>SY</arg>
<arg>SZ</arg>
<arg>TC</arg>
<arg>TD</arg>
<arg>TF</arg>
<arg>TG</arg>
<arg>TH</arg>
<arg>TJ</arg>
<arg>TK</arg>
<arg>TL</arg>
<arg>TM</arg>
<arg>TN</arg>
<arg>TO</arg>
<arg>TR</arg>
<arg>TT</arg>
<arg>TV</arg>
<arg>TW</arg>
<arg>TZ</arg>
<arg>UA</arg>
<arg>UG</arg>
<arg>UM</arg>
<arg>US</arg>
<arg>UY</arg>
<arg>UZ</arg>
<arg>VA</arg>
<arg>VC</arg>
<arg>VE</arg>
<arg>VG</arg>
<arg>VI</arg>
<arg>VN</arg>
<arg>VU</arg>
<arg>WF</arg>
<arg>WS</arg>
<arg>XK</arg>
<arg>YE</arg>
<arg>YT</arg>
<arg>ZA</arg>
<arg>ZM</arg>
<arg>ZW</arg>
<doc>Returns a list containing given items.</doc>
<status status="PASS" start="2024-05-22T08:19:09.425939" elapsed="0.000620"/>
</kw>
<kw name="List Should Contain Value" owner="Collections">
<msg time="2024-05-22T08:19:09.427591" level="INFO">False</msg>
<arg>${list_country}</arg>
<arg>${name_country}</arg>
<doc>Fails if the ``value`` is not found from ``list``.</doc>
<status status="PASS" start="2024-05-22T08:19:09.427379" elapsed="0.000248"/>
</kw>
<kw name="Run Keyword If" owner="BuiltIn">
<kw name="Should Be True" owner="BuiltIn">
<arg>${True}</arg>
<doc>Fails if the given condition is not true.</doc>
<status status="PASS" start="2024-05-22T08:19:09.428881" elapsed="0.000153"/>
</kw>
<arg>${json_data["results"][0]["location"]["coordinates"]["latitude"]} &gt;= -90 and ${json_data["results"][0]["location"]["coordinates"]["latitude"]} &lt;= 90</arg>
<arg>Should Be True</arg>
<arg>${True}</arg>
<doc>Runs the given keyword with the given arguments, if ``condition`` is true.</doc>
<status status="PASS" start="2024-05-22T08:19:09.427939" elapsed="0.001222"/>
</kw>
<kw name="Run Keyword If" owner="BuiltIn">
<kw name="Should Be True" owner="BuiltIn">
<arg>${True}</arg>
<doc>Fails if the given condition is not true.</doc>
<status status="PASS" start="2024-05-22T08:19:09.430040" elapsed="0.000246"/>
</kw>
<arg>${json_data["results"][0]["location"]["coordinates"]["longitude"]} &gt;= -180 and ${json_data["results"][0]["location"]["coordinates"]["longitude"]} &lt;= 180</arg>
<arg>Should Be True</arg>
<arg>${True}</arg>
<doc>Runs the given keyword with the given arguments, if ``condition`` is true.</doc>
<status status="PASS" start="2024-05-22T08:19:09.429347" elapsed="0.001067"/>
</kw>
<status status="PASS" start="2024-05-22T08:19:09.365525" elapsed="0.065020"/>
</kw>
<doc>Testa o conteúdo específico dos campos retornados pela API.</doc>
<tag>testeConteudo</tag>
<status status="PASS" start="2024-05-22T08:19:09.365005" elapsed="0.065685"/>
</test>
<status status="PASS" start="2024-05-22T08:19:08.246867" elapsed="1.185814"/>
</suite>
<status status="PASS" start="2024-05-22T08:19:08.233447" elapsed="1.204353"/>
</suite>
<statistics>
<total>
<stat pass="5" fail="0" skip="0">All Tests</stat>
</total>
<tag>
<stat pass="1" fail="0" skip="0">testeConteudo</stat>
<stat pass="1" fail="0" skip="0">testeEstruturaResposta</stat>
<stat pass="1" fail="0" skip="0">testeRequisicaoBasica</stat>
<stat pass="1" fail="0" skip="0">testeTiposDados</stat>
</tag>
<suite>
<stat pass="5" fail="0" skip="0" id="s1" name="Tests">Tests</stat>
<stat pass="5" fail="0" skip="0" id="s1-s1" name="Random-User-Test">Tests.Random-User-Test</stat>
</suite>
</statistics>
<errors>
</errors>
</robot>
