<?xml version="1.0" encoding="UTF-8"?>
<robot generator="Robot 7.0 (Python 3.12.2 on linux)" generated="2024-04-04T14:14:37.535295" rpa="false" schemaversion="5">
<suite id="s1" name="Tests" source="/home/runner/work/DesafioQAItauRogerioJordao/DesafioQAItauRogerioJordao/RamdonUser/tests">
<suite id="s1-s1" name="Random-User-Test" source="/home/runner/work/DesafioQAItauRogerioJordao/DesafioQAItauRogerioJordao/RamdonUser/tests/random-user-test.robot">
<test id="s1-s1-t1" name="Conectar" line="13">
<kw name="Conectar API" owner="random-user-service">
<kw name="Create Session" owner="RequestsLibrary">
<msg time="2024-04-04T14:14:37.934944" level="INFO">Creating Session using : alias=consultarAPI, url=https://randomuser.me/, headers={},                     cookies={}, auth=None, timeout=None, proxies=None, verify=False,                     debug=0 </msg>
<arg>consultarAPI</arg>
<arg>${URL}</arg>
<doc>Create Session: create a HTTP session to a server</doc>
<status status="PASS" start="2024-04-04T14:14:37.934687" elapsed="0.000499"/>
</kw>
<status status="PASS" start="2024-04-04T14:14:37.933427" elapsed="0.002190"/>
</kw>
<status status="PASS" start="2024-04-04T14:14:37.932717" elapsed="0.003126"/>
</test>
<test id="s1-s1-t2" name="Validar retorno 200 e JSON Válido" line="16">
<kw name="Teste de Requisicao Basica" owner="random-user-service">
<kw name="GET On Session" owner="RequestsLibrary">
<msg time="2024-04-04T14:14:38.007355" level="INFO">GET Request : url=https://randomuser.me/api 
 path_url=/api 
 headers={'User-Agent': 'python-requests/2.31.0', 'Accept-Encoding': 'gzip, deflate', 'Accept': '*/*', 'Connection': 'keep-alive'} 
 body=None 
 </msg>
<msg time="2024-04-04T14:14:38.007540" level="INFO">GET Response : url=https://randomuser.me/api 
 status=200, reason=OK 
 headers={'Date': 'Thu, 04 Apr 2024 14:14:38 GMT', 'Content-Type': 'application/json; charset=utf-8', 'Transfer-Encoding': 'chunked', 'Connection': 'keep-alive', 'X-Powered-By': 'Express', 'Access-Control-Allow-Origin': '*', 'Cache-Control': 'no-cache', 'ETag': 'W/"491-FB5Vy2ApKJ6cCxwwNEqJdxpKO6E"', 'Vary': 'Accept-Encoding', 'Content-Encoding': 'gzip', 'CF-Cache-Status': 'DYNAMIC', 'Report-To': '{"endpoints":[{"url":"https:\\/\\/a.nel.cloudflare.com\\/report\\/v4?s=kVsiQ1BcNWQl%2FGrlIKNtEpgQknI15iUKddbTEjWZ23jNjw3LGvaKmuIxPn99YCV8PxdYPRUjBYAmZFOkzJWspsGXFKXP1XK75QdxIkXPVifRw3kUk2g0DcCvoKSt8lqS"}],"group":"cf-nel","max_age":604800}', 'NEL': '{"success_fraction":0,"report_to":"cf-nel","max_age":604800}', 'Server': 'cloudflare', 'CF-RAY': '86f1e7e74f6c8286-IAD', 'alt-svc': 'h3=":443"; ma=86400'} 
 body={"results":[{"gender":"female","name":{"title":"Miss","first":"Erin","last":"Morales"},"location":{"street":{"number":4685,"name":"Nowlin Rd"},"city":"Adelaide","state":"New South Wales","country":"Australia","postcode":513,"coordinates":{"latitude":"-87.0183","longitude":"65.3895"},"timezone":{"offset":"+4:00","description":"Abu Dhabi, Muscat, Baku, Tbilisi"}},"email":"erin.morales@example.com","login":{"uuid":"594a7803-a406-44ec-9657-d5003cd60744","username":"lazysnake420","password":"funfun","salt":"sbxr5Vvy","md5":"23396483f9af36079df7e4e02904e8b3","sha1":"60b4e085525ca0a962cabc56b88cb1be708bc0fa","sha256":"24c7bbb314080d2d3b93137774654193fcd45d495c14c15871a0fc2afc092afe"},"dob":{"date":"1946-11-02T13:27:51.351Z","age":77},"registered":{"date":"2003-03-27T15:26:15.224Z","age":21},"phone":"07-8304-2254","cell":"0407-963-216","id":{"name":"TFN","value":"784198501"},"picture":{"large":"https://randomuser.me/api/portraits/women/21.jpg","medium":"https://randomuser.me/api/portraits/med/women/21.jpg","thumbnail":"https://randomuser.me/api/portraits/thumb/women/21.jpg"},"nat":"AU"}],"info":{"seed":"037ab58ed0ad2466","results":1,"page":1,"version":"1.4"}} 
 </msg>
<msg time="2024-04-04T14:14:38.007678" level="INFO">/opt/hostedtoolcache/Python/3.12.2/x64/lib/python3.12/site-packages/urllib3/connectionpool.py:1103: InsecureRequestWarning: Unverified HTTPS request is being made to host 'randomuser.me'. Adding certificate verification is strongly advised. See: https://urllib3.readthedocs.io/en/latest/advanced-usage.html#tls-warnings
  warnings.warn(</msg>
<msg time="2024-04-04T14:14:38.007873" level="INFO">${response} = &lt;Response [200]&gt;</msg>
<var>${response}</var>
<arg>consultarAPI</arg>
<arg>/api</arg>
<doc>Sends a GET request on a previously created HTTP Session.</doc>
<status status="PASS" start="2024-04-04T14:14:37.938664" elapsed="0.069245"/>
</kw>
<kw name="Should Be Equal As Numbers" owner="BuiltIn">
<msg time="2024-04-04T14:14:38.009119" level="INFO">Argument types are:
&lt;class 'int'&gt;
&lt;class 'str'&gt;</msg>
<arg>${response.status_code}</arg>
<arg>200</arg>
<doc>Fails if objects are unequal after converting them to real numbers.</doc>
<status status="PASS" start="2024-04-04T14:14:38.008577" elapsed="0.000623"/>
</kw>
<kw name="Log" owner="BuiltIn">
<msg time="2024-04-04T14:14:38.010028" level="INFO">200</msg>
<arg>${response.status_code}</arg>
<doc>Logs the given message with the given level.</doc>
<status status="PASS" start="2024-04-04T14:14:38.009614" elapsed="0.000463"/>
</kw>
<kw name="Set Variable" owner="BuiltIn">
<msg time="2024-04-04T14:14:38.010981" level="INFO">${json_data} = {'results': [{'gender': 'female', 'name': {'title': 'Miss', 'first': 'Erin', 'last': 'Morales'}, 'location': {'street': {'number': 4685, 'name': 'Nowlin Rd'}, 'city': 'Adelaide', 'state': 'New South W...</msg>
<var>${json_data}</var>
<arg>${response.json()}</arg>
<doc>Returns the given values which can then be assigned to a variables.</doc>
<status status="PASS" start="2024-04-04T14:14:38.010496" elapsed="0.000516"/>
</kw>
<kw name="Dictionary Should Contain Key" owner="Collections">
<msg time="2024-04-04T14:14:38.011530" level="INFO">False</msg>
<arg>${json_data}</arg>
<arg>results</arg>
<doc>Fails if ``key`` is not found from ``dictionary``.</doc>
<status status="PASS" start="2024-04-04T14:14:38.011345" elapsed="0.000226"/>
</kw>
<status status="PASS" start="2024-04-04T14:14:37.938368" elapsed="0.073477"/>
</kw>
<doc>Testa se a API responde corretamente e retorna um objeto JSON válido.</doc>
<tag>testeRequisicaoBasica</tag>
<status status="PASS" start="2024-04-04T14:14:37.937777" elapsed="0.074275"/>
</test>
<test id="s1-s1-t3" name="Validar estrutura de resposta" line="22">
<kw name="Teste de Estrutura de Resposta" owner="random-user-service">
<kw name="GET On Session" owner="RequestsLibrary">
<msg time="2024-04-04T14:14:38.101554" level="INFO">GET Request : url=https://randomuser.me/api 
 path_url=/api 
 headers={'User-Agent': 'python-requests/2.31.0', 'Accept-Encoding': 'gzip, deflate', 'Accept': '*/*', 'Connection': 'keep-alive'} 
 body=None 
 </msg>
<msg time="2024-04-04T14:14:38.101679" level="INFO">GET Response : url=https://randomuser.me/api 
 status=200, reason=OK 
 headers={'Date': 'Thu, 04 Apr 2024 14:14:38 GMT', 'Content-Type': 'application/json; charset=utf-8', 'Transfer-Encoding': 'chunked', 'Connection': 'keep-alive', 'X-Powered-By': 'Express', 'Access-Control-Allow-Origin': '*', 'Cache-Control': 'no-cache', 'ETag': 'W/"471-yeiZFkr4+bSGkgXbqHUcGctykwA"', 'Vary': 'Accept-Encoding', 'Content-Encoding': 'gzip', 'CF-Cache-Status': 'DYNAMIC', 'Report-To': '{"endpoints":[{"url":"https:\\/\\/a.nel.cloudflare.com\\/report\\/v4?s=gyVwvMptNT6c8d%2B42uaO1VhEMyo5swVlQP4b%2FM5GwzfCf3fO7h4ueD%2FDXodm4oi5cr5Zvdyg%2BpdOPlplic%2BkdJkDgRxtv6RjmnSAAVAJMShSjo0%2Fk%2FuwjnCk%2FkAZSpX0"}],"group":"cf-nel","max_age":604800}', 'NEL': '{"success_fraction":0,"report_to":"cf-nel","max_age":604800}', 'Server': 'cloudflare', 'CF-RAY': '86f1e7e79fdc8286-IAD', 'alt-svc': 'h3=":443"; ma=86400'} 
 body={"results":[{"gender":"female","name":{"title":"Miss","first":"Özsu","last":"Tuğlu"},"location":{"street":{"number":8578,"name":"Doktorlar Cd"},"city":"Çanakkale","state":"Malatya","country":"Turkey","postcode":51671,"coordinates":{"latitude":"69.0820","longitude":"147.1250"},"timezone":{"offset":"-2:00","description":"Mid-Atlantic"}},"email":"ozsu.tuglu@example.com","login":{"uuid":"dd46d238-7bef-4695-a07b-ac9d447c0b4b","username":"sadostrich803","password":"illini","salt":"R47BJwza","md5":"36b736ae003901e17ca9e3dafea9bb4b","sha1":"d019a7693a4ae76fe13054e7fd3d64cd08b3f690","sha256":"fdcf3a56f6146bcd68abba02e2f7cc2f4d89ad75f37c870f31942ac1eb104d3f"},"dob":{"date":"1977-12-24T15:19:48.244Z","age":46},"registered":{"date":"2019-02-04T21:01:00.366Z","age":5},"phone":"(247)-072-7284","cell":"(761)-969-7681","id":{"name":"","value":null},"picture":{"large":"https://randomuser.me/api/portraits/women/29.jpg","medium":"https://randomuser.me/api/portraits/med/women/29.jpg","thumbnail":"https://randomuser.me/api/portraits/thumb/women/29.jpg"},"nat":"TR"}],"info":{"seed":"b615fb8a638f4499","results":1,"page":1,"version":"1.4"}} 
 </msg>
<msg time="2024-04-04T14:14:38.101869" level="INFO">/opt/hostedtoolcache/Python/3.12.2/x64/lib/python3.12/site-packages/urllib3/connectionpool.py:1103: InsecureRequestWarning: Unverified HTTPS request is being made to host 'randomuser.me'. Adding certificate verification is strongly advised. See: https://urllib3.readthedocs.io/en/latest/advanced-usage.html#tls-warnings
  warnings.warn(</msg>
<msg time="2024-04-04T14:14:38.102043" level="INFO">${response} = &lt;Response [200]&gt;</msg>
<var>${response}</var>
<arg>consultarAPI</arg>
<arg>/api</arg>
<doc>Sends a GET request on a previously created HTTP Session.</doc>
<status status="PASS" start="2024-04-04T14:14:38.015160" elapsed="0.086935"/>
</kw>
<kw name="Set Variable" owner="BuiltIn">
<msg time="2024-04-04T14:14:38.103396" level="INFO">${json_data} = {'results': [{'gender': 'female', 'name': {'title': 'Miss', 'first': 'Özsu', 'last': 'Tuğlu'}, 'location': {'street': {'number': 8578, 'name': 'Doktorlar Cd'}, 'city': 'Çanakkale', 'state': 'Malatya',...</msg>
<var>${json_data}</var>
<arg>${response.json()}</arg>
<doc>Returns the given values which can then be assigned to a variables.</doc>
<status status="PASS" start="2024-04-04T14:14:38.102726" elapsed="0.000705"/>
</kw>
<kw name="Log" owner="BuiltIn">
<msg time="2024-04-04T14:14:38.104021" level="INFO">{'results': [{'gender': 'female', 'name': {'title': 'Miss', 'first': 'Özsu', 'last': 'Tuğlu'}, 'location': {'street': {'number': 8578, 'name': 'Doktorlar Cd'}, 'city': 'Çanakkale', 'state': 'Malatya', 'country': 'Turkey', 'postcode': 51671, 'coordinates': {'latitude': '69.0820', 'longitude': '147.1250'}, 'timezone': {'offset': '-2:00', 'description': 'Mid-Atlantic'}}, 'email': 'ozsu.tuglu@example.com', 'login': {'uuid': 'dd46d238-7bef-4695-a07b-ac9d447c0b4b', 'username': 'sadostrich803', 'password': 'illini', 'salt': 'R47BJwza', 'md5': '36b736ae003901e17ca9e3dafea9bb4b', 'sha1': 'd019a7693a4ae76fe13054e7fd3d64cd08b3f690', 'sha256': 'fdcf3a56f6146bcd68abba02e2f7cc2f4d89ad75f37c870f31942ac1eb104d3f'}, 'dob': {'date': '1977-12-24T15:19:48.244Z', 'age': 46}, 'registered': {'date': '2019-02-04T21:01:00.366Z', 'age': 5}, 'phone': '(247)-072-7284', 'cell': '(761)-969-7681', 'id': {'name': '', 'value': None}, 'picture': {'large': 'https://randomuser.me/api/portraits/women/29.jpg', 'medium': 'https://randomuser.me/api/portraits/med/women/29.jpg', 'thumbnail': 'https://randomuser.me/api/portraits/thumb/women/29.jpg'}, 'nat': 'TR'}], 'info': {'seed': 'b615fb8a638f4499', 'results': 1, 'page': 1, 'version': '1.4'}}</msg>
<arg>${json_data}</arg>
<doc>Logs the given message with the given level.</doc>
<status status="PASS" start="2024-04-04T14:14:38.103823" elapsed="0.000256"/>
</kw>
<kw name="Dictionary Should Contain Key" owner="Collections">
<msg time="2024-04-04T14:14:38.104611" level="INFO">False</msg>
<arg>${json_data}</arg>
<arg>results</arg>
<doc>Fails if ``key`` is not found from ``dictionary``.</doc>
<status status="PASS" start="2024-04-04T14:14:38.104424" elapsed="0.000229"/>
</kw>
<kw name="Should Not Be Empty" owner="BuiltIn">
<msg time="2024-04-04T14:14:38.105127" level="INFO">Length is 2.</msg>
<arg>${json_data}</arg>
<doc>Verifies that the given item is not empty.</doc>
<status status="PASS" start="2024-04-04T14:14:38.104982" elapsed="0.000187"/>
</kw>
<kw name="Create List" owner="BuiltIn">
<msg time="2024-04-04T14:14:38.105638" level="INFO">${expected_keys} = ['gender', 'name', 'location', 'email', 'login']</msg>
<var>${expected_keys}</var>
<arg>gender</arg>
<arg>name</arg>
<arg>location</arg>
<arg>email</arg>
<arg>login</arg>
<doc>Returns a list containing given items.</doc>
<status status="PASS" start="2024-04-04T14:14:38.105479" elapsed="0.000185"/>
</kw>
<for flavor="IN">
<iter>
<kw name="Dictionary Should Contain Key" owner="Collections">
<msg time="2024-04-04T14:14:38.106797" level="INFO">False</msg>
<arg>${json_data['results'][0]}</arg>
<arg>${key}</arg>
<doc>Fails if ``key`` is not found from ``dictionary``.</doc>
<status status="PASS" start="2024-04-04T14:14:38.106337" elapsed="0.000502"/>
</kw>
<kw name="Log" owner="BuiltIn">
<msg time="2024-04-04T14:14:38.107555" level="INFO">{'gender': 'female', 'name': {'title': 'Miss', 'first': 'Özsu', 'last': 'Tuğlu'}, 'location': {'street': {'number': 8578, 'name': 'Doktorlar Cd'}, 'city': 'Çanakkale', 'state': 'Malatya', 'country': 'Turkey', 'postcode': 51671, 'coordinates': {'latitude': '69.0820', 'longitude': '147.1250'}, 'timezone': {'offset': '-2:00', 'description': 'Mid-Atlantic'}}, 'email': 'ozsu.tuglu@example.com', 'login': {'uuid': 'dd46d238-7bef-4695-a07b-ac9d447c0b4b', 'username': 'sadostrich803', 'password': 'illini', 'salt': 'R47BJwza', 'md5': '36b736ae003901e17ca9e3dafea9bb4b', 'sha1': 'd019a7693a4ae76fe13054e7fd3d64cd08b3f690', 'sha256': 'fdcf3a56f6146bcd68abba02e2f7cc2f4d89ad75f37c870f31942ac1eb104d3f'}, 'dob': {'date': '1977-12-24T15:19:48.244Z', 'age': 46}, 'registered': {'date': '2019-02-04T21:01:00.366Z', 'age': 5}, 'phone': '(247)-072-7284', 'cell': '(761)-969-7681', 'id': {'name': '', 'value': None}, 'picture': {'large': 'https://randomuser.me/api/portraits/women/29.jpg', 'medium': 'https://randomuser.me/api/portraits/med/women/29.jpg', 'thumbnail': 'https://randomuser.me/api/portraits/thumb/women/29.jpg'}, 'nat': 'TR'}</msg>
<arg>${json_data['results'][0]}</arg>
<doc>Logs the given message with the given level.</doc>
<status status="PASS" start="2024-04-04T14:14:38.107158" elapsed="0.000457"/>
</kw>
<kw name="Log" owner="BuiltIn">
<msg time="2024-04-04T14:14:38.108065" level="INFO">gender</msg>
<arg>${key}</arg>
<doc>Logs the given message with the given level.</doc>
<status status="PASS" start="2024-04-04T14:14:38.107931" elapsed="0.000173"/>
</kw>
<var name="${key}">gender</var>
<status status="PASS" start="2024-04-04T14:14:38.106185" elapsed="0.002152"/>
</iter>
<iter>
<kw name="Dictionary Should Contain Key" owner="Collections">
<msg time="2024-04-04T14:14:38.109069" level="INFO">False</msg>
<arg>${json_data['results'][0]}</arg>
<arg>${key}</arg>
<doc>Fails if ``key`` is not found from ``dictionary``.</doc>
<status status="PASS" start="2024-04-04T14:14:38.108660" elapsed="0.000450"/>
</kw>
<kw name="Log" owner="BuiltIn">
<msg time="2024-04-04T14:14:38.109840" level="INFO">{'gender': 'female', 'name': {'title': 'Miss', 'first': 'Özsu', 'last': 'Tuğlu'}, 'location': {'street': {'number': 8578, 'name': 'Doktorlar Cd'}, 'city': 'Çanakkale', 'state': 'Malatya', 'country': 'Turkey', 'postcode': 51671, 'coordinates': {'latitude': '69.0820', 'longitude': '147.1250'}, 'timezone': {'offset': '-2:00', 'description': 'Mid-Atlantic'}}, 'email': 'ozsu.tuglu@example.com', 'login': {'uuid': 'dd46d238-7bef-4695-a07b-ac9d447c0b4b', 'username': 'sadostrich803', 'password': 'illini', 'salt': 'R47BJwza', 'md5': '36b736ae003901e17ca9e3dafea9bb4b', 'sha1': 'd019a7693a4ae76fe13054e7fd3d64cd08b3f690', 'sha256': 'fdcf3a56f6146bcd68abba02e2f7cc2f4d89ad75f37c870f31942ac1eb104d3f'}, 'dob': {'date': '1977-12-24T15:19:48.244Z', 'age': 46}, 'registered': {'date': '2019-02-04T21:01:00.366Z', 'age': 5}, 'phone': '(247)-072-7284', 'cell': '(761)-969-7681', 'id': {'name': '', 'value': None}, 'picture': {'large': 'https://randomuser.me/api/portraits/women/29.jpg', 'medium': 'https://randomuser.me/api/portraits/med/women/29.jpg', 'thumbnail': 'https://randomuser.me/api/portraits/thumb/women/29.jpg'}, 'nat': 'TR'}</msg>
<arg>${json_data['results'][0]}</arg>
<doc>Logs the given message with the given level.</doc>
<status status="PASS" start="2024-04-04T14:14:38.109465" elapsed="0.000428"/>
</kw>
<kw name="Log" owner="BuiltIn">
<msg time="2024-04-04T14:14:38.110375" level="INFO">name</msg>
<arg>${key}</arg>
<doc>Logs the given message with the given level.</doc>
<status status="PASS" start="2024-04-04T14:14:38.110231" elapsed="0.000183"/>
</kw>
<var name="${key}">name</var>
<status status="PASS" start="2024-04-04T14:14:38.108540" elapsed="0.002096"/>
</iter>
<iter>
<kw name="Dictionary Should Contain Key" owner="Collections">
<msg time="2024-04-04T14:14:38.111329" level="INFO">False</msg>
<arg>${json_data['results'][0]}</arg>
<arg>${key}</arg>
<doc>Fails if ``key`` is not found from ``dictionary``.</doc>
<status status="PASS" start="2024-04-04T14:14:38.110942" elapsed="0.000427"/>
</kw>
<kw name="Log" owner="BuiltIn">
<msg time="2024-04-04T14:14:38.112052" level="INFO">{'gender': 'female', 'name': {'title': 'Miss', 'first': 'Özsu', 'last': 'Tuğlu'}, 'location': {'street': {'number': 8578, 'name': 'Doktorlar Cd'}, 'city': 'Çanakkale', 'state': 'Malatya', 'country': 'Turkey', 'postcode': 51671, 'coordinates': {'latitude': '69.0820', 'longitude': '147.1250'}, 'timezone': {'offset': '-2:00', 'description': 'Mid-Atlantic'}}, 'email': 'ozsu.tuglu@example.com', 'login': {'uuid': 'dd46d238-7bef-4695-a07b-ac9d447c0b4b', 'username': 'sadostrich803', 'password': 'illini', 'salt': 'R47BJwza', 'md5': '36b736ae003901e17ca9e3dafea9bb4b', 'sha1': 'd019a7693a4ae76fe13054e7fd3d64cd08b3f690', 'sha256': 'fdcf3a56f6146bcd68abba02e2f7cc2f4d89ad75f37c870f31942ac1eb104d3f'}, 'dob': {'date': '1977-12-24T15:19:48.244Z', 'age': 46}, 'registered': {'date': '2019-02-04T21:01:00.366Z', 'age': 5}, 'phone': '(247)-072-7284', 'cell': '(761)-969-7681', 'id': {'name': '', 'value': None}, 'picture': {'large': 'https://randomuser.me/api/portraits/women/29.jpg', 'medium': 'https://randomuser.me/api/portraits/med/women/29.jpg', 'thumbnail': 'https://randomuser.me/api/portraits/thumb/women/29.jpg'}, 'nat': 'TR'}</msg>
<arg>${json_data['results'][0]}</arg>
<doc>Logs the given message with the given level.</doc>
<status status="PASS" start="2024-04-04T14:14:38.111679" elapsed="0.000433"/>
</kw>
<kw name="Log" owner="BuiltIn">
<msg time="2024-04-04T14:14:38.112545" level="INFO">location</msg>
<arg>${key}</arg>
<doc>Logs the given message with the given level.</doc>
<status status="PASS" start="2024-04-04T14:14:38.112415" elapsed="0.000168"/>
</kw>
<var name="${key}">location</var>
<status status="PASS" start="2024-04-04T14:14:38.110825" elapsed="0.001977"/>
</iter>
<iter>
<kw name="Dictionary Should Contain Key" owner="Collections">
<msg time="2024-04-04T14:14:38.113483" level="INFO">False</msg>
<arg>${json_data['results'][0]}</arg>
<arg>${key}</arg>
<doc>Fails if ``key`` is not found from ``dictionary``.</doc>
<status status="PASS" start="2024-04-04T14:14:38.113094" elapsed="0.000428"/>
</kw>
<kw name="Log" owner="BuiltIn">
<msg time="2024-04-04T14:14:38.114226" level="INFO">{'gender': 'female', 'name': {'title': 'Miss', 'first': 'Özsu', 'last': 'Tuğlu'}, 'location': {'street': {'number': 8578, 'name': 'Doktorlar Cd'}, 'city': 'Çanakkale', 'state': 'Malatya', 'country': 'Turkey', 'postcode': 51671, 'coordinates': {'latitude': '69.0820', 'longitude': '147.1250'}, 'timezone': {'offset': '-2:00', 'description': 'Mid-Atlantic'}}, 'email': 'ozsu.tuglu@example.com', 'login': {'uuid': 'dd46d238-7bef-4695-a07b-ac9d447c0b4b', 'username': 'sadostrich803', 'password': 'illini', 'salt': 'R47BJwza', 'md5': '36b736ae003901e17ca9e3dafea9bb4b', 'sha1': 'd019a7693a4ae76fe13054e7fd3d64cd08b3f690', 'sha256': 'fdcf3a56f6146bcd68abba02e2f7cc2f4d89ad75f37c870f31942ac1eb104d3f'}, 'dob': {'date': '1977-12-24T15:19:48.244Z', 'age': 46}, 'registered': {'date': '2019-02-04T21:01:00.366Z', 'age': 5}, 'phone': '(247)-072-7284', 'cell': '(761)-969-7681', 'id': {'name': '', 'value': None}, 'picture': {'large': 'https://randomuser.me/api/portraits/women/29.jpg', 'medium': 'https://randomuser.me/api/portraits/med/women/29.jpg', 'thumbnail': 'https://randomuser.me/api/portraits/thumb/women/29.jpg'}, 'nat': 'TR'}</msg>
<arg>${json_data['results'][0]}</arg>
<doc>Logs the given message with the given level.</doc>
<status status="PASS" start="2024-04-04T14:14:38.113828" elapsed="0.000452"/>
</kw>
<kw name="Log" owner="BuiltIn">
<msg time="2024-04-04T14:14:38.114720" level="INFO">email</msg>
<arg>${key}</arg>
<doc>Logs the given message with the given level.</doc>
<status status="PASS" start="2024-04-04T14:14:38.114590" elapsed="0.000168"/>
</kw>
<var name="${key}">email</var>
<status status="PASS" start="2024-04-04T14:14:38.112981" elapsed="0.001995"/>
</iter>
<iter>
<kw name="Dictionary Should Contain Key" owner="Collections">
<msg time="2024-04-04T14:14:38.115673" level="INFO">False</msg>
<arg>${json_data['results'][0]}</arg>
<arg>${key}</arg>
<doc>Fails if ``key`` is not found from ``dictionary``.</doc>
<status status="PASS" start="2024-04-04T14:14:38.115282" elapsed="0.000429"/>
</kw>
<kw name="Log" owner="BuiltIn">
<msg time="2024-04-04T14:14:38.116377" level="INFO">{'gender': 'female', 'name': {'title': 'Miss', 'first': 'Özsu', 'last': 'Tuğlu'}, 'location': {'street': {'number': 8578, 'name': 'Doktorlar Cd'}, 'city': 'Çanakkale', 'state': 'Malatya', 'country': 'Turkey', 'postcode': 51671, 'coordinates': {'latitude': '69.0820', 'longitude': '147.1250'}, 'timezone': {'offset': '-2:00', 'description': 'Mid-Atlantic'}}, 'email': 'ozsu.tuglu@example.com', 'login': {'uuid': 'dd46d238-7bef-4695-a07b-ac9d447c0b4b', 'username': 'sadostrich803', 'password': 'illini', 'salt': 'R47BJwza', 'md5': '36b736ae003901e17ca9e3dafea9bb4b', 'sha1': 'd019a7693a4ae76fe13054e7fd3d64cd08b3f690', 'sha256': 'fdcf3a56f6146bcd68abba02e2f7cc2f4d89ad75f37c870f31942ac1eb104d3f'}, 'dob': {'date': '1977-12-24T15:19:48.244Z', 'age': 46}, 'registered': {'date': '2019-02-04T21:01:00.366Z', 'age': 5}, 'phone': '(247)-072-7284', 'cell': '(761)-969-7681', 'id': {'name': '', 'value': None}, 'picture': {'large': 'https://randomuser.me/api/portraits/women/29.jpg', 'medium': 'https://randomuser.me/api/portraits/med/women/29.jpg', 'thumbnail': 'https://randomuser.me/api/portraits/thumb/women/29.jpg'}, 'nat': 'TR'}</msg>
<arg>${json_data['results'][0]}</arg>
<doc>Logs the given message with the given level.</doc>
<status status="PASS" start="2024-04-04T14:14:38.116011" elapsed="0.000418"/>
</kw>
<kw name="Log" owner="BuiltIn">
<msg time="2024-04-04T14:14:38.116854" level="INFO">login</msg>
<arg>${key}</arg>
<doc>Logs the given message with the given level.</doc>
<status status="PASS" start="2024-04-04T14:14:38.116726" elapsed="0.000282"/>
</kw>
<var name="${key}">login</var>
<status status="PASS" start="2024-04-04T14:14:38.115153" elapsed="0.002082"/>
</iter>
<var>${key}</var>
<value>@{expected_keys}</value>
<status status="PASS" start="2024-04-04T14:14:38.105938" elapsed="0.011420"/>
</for>
<kw name="Create List" owner="BuiltIn">
<msg time="2024-04-04T14:14:38.117767" level="INFO">${expected_keysTwo} = ['username', 'password']</msg>
<var>${expected_keysTwo}</var>
<arg>username</arg>
<arg>password</arg>
<doc>Returns a list containing given items.</doc>
<status status="PASS" start="2024-04-04T14:14:38.117618" elapsed="0.000175"/>
</kw>
<for flavor="IN">
<iter>
<kw name="Dictionary Should Contain Key" owner="Collections">
<msg time="2024-04-04T14:14:38.118751" level="INFO">False</msg>
<arg>${json_data['results'][0]['login']}</arg>
<arg>${keyTwo}</arg>
<doc>Fails if ``key`` is not found from ``dictionary``.</doc>
<status status="PASS" start="2024-04-04T14:14:38.118359" elapsed="0.000432"/>
</kw>
<kw name="Dictionary Should Contain Key" owner="Collections">
<msg time="2024-04-04T14:14:38.119488" level="INFO">False</msg>
<arg>${json_data['results'][0]['login']}</arg>
<arg>${keyTwo}</arg>
<doc>Fails if ``key`` is not found from ``dictionary``.</doc>
<status status="PASS" start="2024-04-04T14:14:38.119095" elapsed="0.000433"/>
</kw>
<kw name="Log" owner="BuiltIn">
<msg time="2024-04-04T14:14:38.119957" level="INFO">username</msg>
<arg>${keyTwo}</arg>
<doc>Logs the given message with the given level.</doc>
<status status="PASS" start="2024-04-04T14:14:38.119825" elapsed="0.000170"/>
</kw>
<var name="${keyTwo}">username</var>
<status status="PASS" start="2024-04-04T14:14:38.118243" elapsed="0.001968"/>
</iter>
<iter>
<kw name="Dictionary Should Contain Key" owner="Collections">
<msg time="2024-04-04T14:14:38.120878" level="INFO">False</msg>
<arg>${json_data['results'][0]['login']}</arg>
<arg>${keyTwo}</arg>
<doc>Fails if ``key`` is not found from ``dictionary``.</doc>
<status status="PASS" start="2024-04-04T14:14:38.120497" elapsed="0.000420"/>
</kw>
<kw name="Dictionary Should Contain Key" owner="Collections">
<msg time="2024-04-04T14:14:38.121599" level="INFO">False</msg>
<arg>${json_data['results'][0]['login']}</arg>
<arg>${keyTwo}</arg>
<doc>Fails if ``key`` is not found from ``dictionary``.</doc>
<status status="PASS" start="2024-04-04T14:14:38.121212" elapsed="0.000425"/>
</kw>
<kw name="Log" owner="BuiltIn">
<msg time="2024-04-04T14:14:38.122063" level="INFO">password</msg>
<arg>${keyTwo}</arg>
<doc>Logs the given message with the given level.</doc>
<status status="PASS" start="2024-04-04T14:14:38.121934" elapsed="0.000168"/>
</kw>
<var name="${keyTwo}">password</var>
<status status="PASS" start="2024-04-04T14:14:38.120387" elapsed="0.001982"/>
</iter>
<var>${keyTwo}</var>
<value>@{expected_keysTwo}</value>
<status status="PASS" start="2024-04-04T14:14:38.118044" elapsed="0.004450"/>
</for>
<status status="PASS" start="2024-04-04T14:14:38.014776" elapsed="0.107866"/>
</kw>
<doc>Testa a estrutura da resposta da API.</doc>
<tag>testeEstruturaResposta</tag>
<status status="PASS" start="2024-04-04T14:14:38.013980" elapsed="0.108834"/>
</test>
<test id="s1-s1-t4" name="Validar tipos de dados" line="28">
<kw name="Teste de Tipos de Dados" owner="random-user-service">
<kw name="GET On Session" owner="RequestsLibrary">
<msg time="2024-04-04T14:14:38.200134" level="INFO">GET Request : url=https://randomuser.me/api 
 path_url=/api 
 headers={'User-Agent': 'python-requests/2.31.0', 'Accept-Encoding': 'gzip, deflate', 'Accept': '*/*', 'Connection': 'keep-alive'} 
 body=None 
 </msg>
<msg time="2024-04-04T14:14:38.200263" level="INFO">GET Response : url=https://randomuser.me/api 
 status=200, reason=OK 
 headers={'Date': 'Thu, 04 Apr 2024 14:14:38 GMT', 'Content-Type': 'application/json; charset=utf-8', 'Transfer-Encoding': 'chunked', 'Connection': 'keep-alive', 'X-Powered-By': 'Express', 'Access-Control-Allow-Origin': '*', 'Cache-Control': 'no-cache', 'ETag': 'W/"4a5-Be3dZsaGOdJawcfC8Hq+uhGWhwI"', 'Vary': 'Accept-Encoding', 'Content-Encoding': 'gzip', 'CF-Cache-Status': 'DYNAMIC', 'Report-To': '{"endpoints":[{"url":"https:\\/\\/a.nel.cloudflare.com\\/report\\/v4?s=SBdFhZk5cS1yF8QdvcYsVnC0gtJBwUuPNfBllFQRAI9kVKhS8v5IVdyj9ooDuHnttYBLpRBxVOSU%2Br1%2Buf3h5BkuyV3Xco0CQdBg4XNhrEzacfNBNSk6dCuDM9bGfYSA"}],"group":"cf-nel","max_age":604800}', 'NEL': '{"success_fraction":0,"report_to":"cf-nel","max_age":604800}', 'Server': 'cloudflare', 'CF-RAY': '86f1e7e848bc8286-IAD', 'alt-svc': 'h3=":443"; ma=86400'} 
 body={"results":[{"gender":"female","name":{"title":"Ms","first":"Danica","last":"Reiß"},"location":{"street":{"number":9988,"name":"Berliner Straße"},"city":"Gröningen","state":"Baden-Württemberg","country":"Germany","postcode":63287,"coordinates":{"latitude":"-51.5428","longitude":"31.5047"},"timezone":{"offset":"+3:00","description":"Baghdad, Riyadh, Moscow, St. Petersburg"}},"email":"danica.reiss@example.com","login":{"uuid":"3bf8f150-9f8a-46ee-96a3-9ab105ecbc4a","username":"bluemouse701","password":"pass1","salt":"8IOz33xx","md5":"51966e1204a1670d9af033912bcfc822","sha1":"fa3779bed0fcde9eb36ed810f6f62595cfa45df5","sha256":"8e276f8b31a8dd45ac483eb636d791a85c8ad7a7bb27005f5a99ca3c04d840e8"},"dob":{"date":"1986-12-19T01:39:57.841Z","age":37},"registered":{"date":"2004-03-24T05:32:33.180Z","age":20},"phone":"0397-6736884","cell":"0178-7560729","id":{"name":"SVNR","value":"65 181286 R 681"},"picture":{"large":"https://randomuser.me/api/portraits/women/2.jpg","medium":"https://randomuser.me/api/portraits/med/women/2.jpg","thumbnail":"https://randomuser.me/api/portraits/thumb/women/2.jpg"},"nat":"DE"}],"info":{"seed":"0437fdba1f172d5a","results":1,"page":1,"version":"1.4"}} 
 </msg>
<msg time="2024-04-04T14:14:38.200367" level="INFO">/opt/hostedtoolcache/Python/3.12.2/x64/lib/python3.12/site-packages/urllib3/connectionpool.py:1103: InsecureRequestWarning: Unverified HTTPS request is being made to host 'randomuser.me'. Adding certificate verification is strongly advised. See: https://urllib3.readthedocs.io/en/latest/advanced-usage.html#tls-warnings
  warnings.warn(</msg>
<msg time="2024-04-04T14:14:38.200517" level="INFO">${response} = &lt;Response [200]&gt;</msg>
<var>${response}</var>
<arg>consultarAPI</arg>
<arg>/api</arg>
<doc>Sends a GET request on a previously created HTTP Session.</doc>
<status status="PASS" start="2024-04-04T14:14:38.125347" elapsed="0.075219"/>
</kw>
<kw name="Set Variable" owner="BuiltIn">
<msg time="2024-04-04T14:14:38.201769" level="INFO">${json_data} = {'results': [{'gender': 'female', 'name': {'title': 'Ms', 'first': 'Danica', 'last': 'Reiß'}, 'location': {'street': {'number': 9988, 'name': 'Berliner Straße'}, 'city': 'Gröningen', 'state': 'Baden-W...</msg>
<var>${json_data}</var>
<arg>${response.json()}</arg>
<doc>Returns the given values which can then be assigned to a variables.</doc>
<status status="PASS" start="2024-04-04T14:14:38.201152" elapsed="0.000648"/>
</kw>
<kw name="Log" owner="BuiltIn">
<msg time="2024-04-04T14:14:38.202404" level="INFO">{'results': [{'gender': 'female', 'name': {'title': 'Ms', 'first': 'Danica', 'last': 'Reiß'}, 'location': {'street': {'number': 9988, 'name': 'Berliner Straße'}, 'city': 'Gröningen', 'state': 'Baden-Württemberg', 'country': 'Germany', 'postcode': 63287, 'coordinates': {'latitude': '-51.5428', 'longitude': '31.5047'}, 'timezone': {'offset': '+3:00', 'description': 'Baghdad, Riyadh, Moscow, St. Petersburg'}}, 'email': 'danica.reiss@example.com', 'login': {'uuid': '3bf8f150-9f8a-46ee-96a3-9ab105ecbc4a', 'username': 'bluemouse701', 'password': 'pass1', 'salt': '8IOz33xx', 'md5': '51966e1204a1670d9af033912bcfc822', 'sha1': 'fa3779bed0fcde9eb36ed810f6f62595cfa45df5', 'sha256': '8e276f8b31a8dd45ac483eb636d791a85c8ad7a7bb27005f5a99ca3c04d840e8'}, 'dob': {'date': '1986-12-19T01:39:57.841Z', 'age': 37}, 'registered': {'date': '2004-03-24T05:32:33.180Z', 'age': 20}, 'phone': '0397-6736884', 'cell': '0178-7560729', 'id': {'name': 'SVNR', 'value': '65 181286 R 681'}, 'picture': {'large': 'https://randomuser.me/api/portraits/women/2.jpg', 'medium': 'https://randomuser.me/api/portraits/med/women/2.jpg', 'thumbnail': 'https://randomuser.me/api/portraits/thumb/women/2.jpg'}, 'nat': 'DE'}], 'info': {'seed': '0437fdba1f172d5a', 'results': 1, 'page': 1, 'version': '1.4'}}</msg>
<arg>${json_data}</arg>
<doc>Logs the given message with the given level.</doc>
<status status="PASS" start="2024-04-04T14:14:38.202216" elapsed="0.000280"/>
</kw>
<kw name="Should Be String" owner="String">
<arg>${json_data['results'][0]['gender']}</arg>
<doc>Fails if the given ``item`` is not a string.</doc>
<status status="PASS" start="2024-04-04T14:14:38.202817" elapsed="0.000395"/>
</kw>
<kw name="Should Match Regexp" owner="BuiltIn">
<arg>${json_data['results'][0]['email']}</arg>
<arg>^[a-zA-Z0-9._%+-]+@[a-zA-Z0-9.-]+\.[a-zA-Z]{2,}$</arg>
<doc>Fails if ``string`` does not match ``pattern`` as a regular expression.</doc>
<status status="PASS" start="2024-04-04T14:14:38.203413" elapsed="0.000534"/>
</kw>
<kw name="Should Match Regexp" owner="BuiltIn">
<arg>${json_data['results'][0]['dob']['date']}</arg>
<arg>\\d{4}-\\d{2}-\\d{2}T\\d{2}:\\d{2}:\\d{2}\\.\\d{3}Z</arg>
<doc>Fails if ``string`` does not match ``pattern`` as a regular expression.</doc>
<status status="PASS" start="2024-04-04T14:14:38.204147" elapsed="0.000504"/>
</kw>
<kw name="Should Match Regexp" owner="BuiltIn">
<arg>${json_data['results'][0]['registered']['date']}</arg>
<arg>\\d{4}-\\d{2}-\\d{2}T\\d{2}:\\d{2}:\\d{2}\\.\\d{3}Z</arg>
<doc>Fails if ``string`` does not match ``pattern`` as a regular expression.</doc>
<status status="PASS" start="2024-04-04T14:14:38.204848" elapsed="0.000377"/>
</kw>
<kw name="Should Match Regexp" owner="BuiltIn">
<arg>${json_data['results'][0]['picture']['large']}</arg>
<arg>^https?://.*\.(?:png|jpe?g|gif|bmp)$</arg>
<doc>Fails if ``string`` does not match ``pattern`` as a regular expression.</doc>
<status status="PASS" start="2024-04-04T14:14:38.205416" elapsed="0.000463"/>
</kw>
<kw name="Should Match Regexp" owner="BuiltIn">
<arg>${json_data['results'][0]['picture']['medium']}</arg>
<arg>^https?://.*\.(?:png|jpe?g|gif|bmp)$</arg>
<doc>Fails if ``string`` does not match ``pattern`` as a regular expression.</doc>
<status status="PASS" start="2024-04-04T14:14:38.206070" elapsed="0.000386"/>
</kw>
<kw name="Should Match Regexp" owner="BuiltIn">
<arg>${json_data['results'][0]['picture']['thumbnail']}</arg>
<arg>^https?://.*\.(?:png|jpe?g|gif|bmp)$</arg>
<doc>Fails if ``string`` does not match ``pattern`` as a regular expression.</doc>
<status status="PASS" start="2024-04-04T14:14:38.206642" elapsed="0.000350"/>
</kw>
<kw name="Log" owner="BuiltIn">
<msg time="2024-04-04T14:14:38.207509" level="INFO">{'large': 'https://randomuser.me/api/portraits/women/2.jpg', 'medium': 'https://randomuser.me/api/portraits/med/women/2.jpg', 'thumbnail': 'https://randomuser.me/api/portraits/thumb/women/2.jpg'}</msg>
<arg>${json_data['results'][0]['picture']}</arg>
<doc>Logs the given message with the given level.</doc>
<status status="PASS" start="2024-04-04T14:14:38.207174" elapsed="0.000384"/>
</kw>
<status status="PASS" start="2024-04-04T14:14:38.125111" elapsed="0.082716"/>
</kw>
<kw name="Teste de Tipos de Dados - Postcode" owner="random-user-service">
<kw name="GET On Session" owner="RequestsLibrary">
<msg time="2024-04-04T14:14:38.339186" level="INFO">GET Request : url=https://randomuser.me/api 
 path_url=/api 
 headers={'User-Agent': 'python-requests/2.31.0', 'Accept-Encoding': 'gzip, deflate', 'Accept': '*/*', 'Connection': 'keep-alive'} 
 body=None 
 </msg>
<msg time="2024-04-04T14:14:38.339360" level="INFO">GET Response : url=https://randomuser.me/api 
 status=200, reason=OK 
 headers={'Date': 'Thu, 04 Apr 2024 14:14:38 GMT', 'Content-Type': 'application/json; charset=utf-8', 'Transfer-Encoding': 'chunked', 'Connection': 'keep-alive', 'X-Powered-By': 'Express', 'Access-Control-Allow-Origin': '*', 'Cache-Control': 'no-cache', 'ETag': 'W/"491-Z59YYcKvfl0ADHh4VIwd4FqdvCA"', 'Vary': 'Accept-Encoding', 'Content-Encoding': 'gzip', 'CF-Cache-Status': 'DYNAMIC', 'Report-To': '{"endpoints":[{"url":"https:\\/\\/a.nel.cloudflare.com\\/report\\/v4?s=hTnFhZi8N5PtHXqMI2nX%2FbGsN419i4hMWSmhQE8Vje8FwAuQhpsovDXh8eVg3v%2FeoQaX8sPw29PltjQSyvWatcFan9t0jrW%2Bved0EdCMpCxJpPMRGBtWsJWx4mtfAzJJ"}],"group":"cf-nel","max_age":604800}', 'NEL': '{"success_fraction":0,"report_to":"cf-nel","max_age":604800}', 'Server': 'cloudflare', 'CF-RAY': '86f1e7e8d9598286-IAD', 'alt-svc': 'h3=":443"; ma=86400'} 
 body={"results":[{"gender":"female","name":{"title":"Mrs","first":"Regina","last":"Riegel"},"location":{"street":{"number":9700,"name":"Raiffeisenstraße"},"city":"Fulda","state":"Niedersachsen","country":"Germany","postcode":87000,"coordinates":{"latitude":"-55.3569","longitude":"64.0809"},"timezone":{"offset":"-11:00","description":"Midway Island, Samoa"}},"email":"regina.riegel@example.com","login":{"uuid":"cb60fc48-d0d4-4645-b3d7-35c3e0873cf7","username":"heavyduck435","password":"steven","salt":"a2syswnm","md5":"ada91acc7b73be8252e207072c492496","sha1":"6b79277219ef44028405dbadec392123db5e3237","sha256":"6f1ae4f62d379c99d619383a5d5241ca99a206e4d15355bb5d844b5177762d95"},"dob":{"date":"1988-09-03T19:50:34.535Z","age":35},"registered":{"date":"2007-03-08T21:36:51.238Z","age":17},"phone":"0054-2794141","cell":"0175-1029680","id":{"name":"SVNR","value":"57 030988 R 583"},"picture":{"large":"https://randomuser.me/api/portraits/women/87.jpg","medium":"https://randomuser.me/api/portraits/med/women/87.jpg","thumbnail":"https://randomuser.me/api/portraits/thumb/women/87.jpg"},"nat":"DE"}],"info":{"seed":"82f7ba559b86a94d","results":1,"page":1,"version":"1.4"}} 
 </msg>
<msg time="2024-04-04T14:14:38.339518" level="INFO">/opt/hostedtoolcache/Python/3.12.2/x64/lib/python3.12/site-packages/urllib3/connectionpool.py:1103: InsecureRequestWarning: Unverified HTTPS request is being made to host 'randomuser.me'. Adding certificate verification is strongly advised. See: https://urllib3.readthedocs.io/en/latest/advanced-usage.html#tls-warnings
  warnings.warn(</msg>
<msg time="2024-04-04T14:14:38.339729" level="INFO">${response} = &lt;Response [200]&gt;</msg>
<var>${response}</var>
<arg>consultarAPI</arg>
<arg>/api</arg>
<doc>Sends a GET request on a previously created HTTP Session.</doc>
<status status="PASS" start="2024-04-04T14:14:38.208473" elapsed="0.131306"/>
</kw>
<kw name="Set Variable" owner="BuiltIn">
<msg time="2024-04-04T14:14:38.341389" level="INFO">${json_data} = {'results': [{'gender': 'female', 'name': {'title': 'Mrs', 'first': 'Regina', 'last': 'Riegel'}, 'location': {'street': {'number': 9700, 'name': 'Raiffeisenstraße'}, 'city': 'Fulda', 'state': 'Nieders...</msg>
<var>${json_data}</var>
<arg>${response.json()}</arg>
<doc>Returns the given values which can then be assigned to a variables.</doc>
<status status="PASS" start="2024-04-04T14:14:38.340574" elapsed="0.000860"/>
</kw>
<kw name="Log" owner="BuiltIn">
<msg time="2024-04-04T14:14:38.342240" level="INFO">{'results': [{'gender': 'female', 'name': {'title': 'Mrs', 'first': 'Regina', 'last': 'Riegel'}, 'location': {'street': {'number': 9700, 'name': 'Raiffeisenstraße'}, 'city': 'Fulda', 'state': 'Niedersachsen', 'country': 'Germany', 'postcode': 87000, 'coordinates': {'latitude': '-55.3569', 'longitude': '64.0809'}, 'timezone': {'offset': '-11:00', 'description': 'Midway Island, Samoa'}}, 'email': 'regina.riegel@example.com', 'login': {'uuid': 'cb60fc48-d0d4-4645-b3d7-35c3e0873cf7', 'username': 'heavyduck435', 'password': 'steven', 'salt': 'a2syswnm', 'md5': 'ada91acc7b73be8252e207072c492496', 'sha1': '6b79277219ef44028405dbadec392123db5e3237', 'sha256': '6f1ae4f62d379c99d619383a5d5241ca99a206e4d15355bb5d844b5177762d95'}, 'dob': {'date': '1988-09-03T19:50:34.535Z', 'age': 35}, 'registered': {'date': '2007-03-08T21:36:51.238Z', 'age': 17}, 'phone': '0054-2794141', 'cell': '0175-1029680', 'id': {'name': 'SVNR', 'value': '57 030988 R 583'}, 'picture': {'large': 'https://randomuser.me/api/portraits/women/87.jpg', 'medium': 'https://randomuser.me/api/portraits/med/women/87.jpg', 'thumbnail': 'https://randomuser.me/api/portraits/thumb/women/87.jpg'}, 'nat': 'DE'}], 'info': {'seed': '82f7ba559b86a94d', 'results': 1, 'page': 1, 'version': '1.4'}}</msg>
<arg>${json_data}</arg>
<doc>Logs the given message with the given level.</doc>
<status status="PASS" start="2024-04-04T14:14:38.341924" elapsed="0.000402"/>
</kw>
<kw name="Should Be Equal As Numbers" owner="BuiltIn">
<arg>${json_data['results'][0]['location']['postcode']}</arg>
<arg>${json_data['results'][0]['location']['postcode']}</arg>
<doc>Fails if objects are unequal after converting them to real numbers.</doc>
<status status="PASS" start="2024-04-04T14:14:38.342790" elapsed="0.000941"/>
</kw>
<kw name="Log" owner="BuiltIn">
<msg time="2024-04-04T14:14:38.344326" level="INFO">87000</msg>
<arg>${json_data['results'][0]['location']['postcode']}</arg>
<doc>Logs the given message with the given level.</doc>
<status status="PASS" start="2024-04-04T14:14:38.343966" elapsed="0.000404"/>
</kw>
<status status="PASS" start="2024-04-04T14:14:38.208068" elapsed="0.136579"/>
</kw>
<doc>Testa se os tipos de dados na resposta da API estão corretos.</doc>
<tag>testeTiposDados</tag>
<status status="PASS" start="2024-04-04T14:14:38.124628" elapsed="0.220203"/>
</test>
<test id="s1-s1-t5" name="Validar conteudo" line="35">
<kw name="Teste de Tipos de Conteudo" owner="random-user-service">
<kw name="GET On Session" owner="RequestsLibrary">
<msg time="2024-04-04T14:14:38.402369" level="INFO">GET Request : url=https://randomuser.me/api 
 path_url=/api 
 headers={'User-Agent': 'python-requests/2.31.0', 'Accept-Encoding': 'gzip, deflate', 'Accept': '*/*', 'Connection': 'keep-alive'} 
 body=None 
 </msg>
<msg time="2024-04-04T14:14:38.402492" level="INFO">GET Response : url=https://randomuser.me/api 
 status=200, reason=OK 
 headers={'Date': 'Thu, 04 Apr 2024 14:14:38 GMT', 'Content-Type': 'application/json; charset=utf-8', 'Transfer-Encoding': 'chunked', 'Connection': 'keep-alive', 'X-Powered-By': 'Express', 'Access-Control-Allow-Origin': '*', 'Cache-Control': 'no-cache', 'ETag': 'W/"4a1-Sr9btBhvefdxp1fCoX4o5rzsfm0"', 'Vary': 'Accept-Encoding', 'Content-Encoding': 'gzip', 'CF-Cache-Status': 'DYNAMIC', 'Report-To': '{"endpoints":[{"url":"https:\\/\\/a.nel.cloudflare.com\\/report\\/v4?s=pHOj6YF4va4xJHpgo9Sy%2Bb2uijsQfN5U%2FG4XAX1ASlRZUzKD93lbXcGyaDoTPwSh%2BZXXvTwZbPj5KBCKSqV8yeJ2f7cHXWNIp75wVPO9SeAOy1SMwn44V9B6%2FQHfBQjx"}],"group":"cf-nel","max_age":604800}', 'NEL': '{"success_fraction":0,"report_to":"cf-nel","max_age":604800}', 'Server': 'cloudflare', 'CF-RAY': '86f1e7e9ba858286-IAD', 'alt-svc': 'h3=":443"; ma=86400'} 
 body={"results":[{"gender":"female","name":{"title":"Ms","first":"Brigitta","last":"Laux"},"location":{"street":{"number":9059,"name":"Mühlenstraße"},"city":"Waldeck","state":"Schleswig-Holstein","country":"Germany","postcode":32471,"coordinates":{"latitude":"-54.7653","longitude":"143.8794"},"timezone":{"offset":"+8:00","description":"Beijing, Perth, Singapore, Hong Kong"}},"email":"brigitta.laux@example.com","login":{"uuid":"28edebee-3121-4301-a80c-2a4100ce7ab7","username":"silverdog706","password":"161616","salt":"hkhoafjF","md5":"d03a9a0691bb620c00e4d8eef32e979e","sha1":"ab75561c21f9fcb8de87acfd4388c1103535ba0f","sha256":"deda71162b63dc4ba1c32985420c010b1e12c2aa034673a00c1500a6eb3c3d77"},"dob":{"date":"1960-10-06T17:25:47.750Z","age":63},"registered":{"date":"2003-09-25T06:13:44.958Z","age":20},"phone":"0088-4664083","cell":"0170-8062260","id":{"name":"SVNR","value":"48 061060 L 805"},"picture":{"large":"https://randomuser.me/api/portraits/women/1.jpg","medium":"https://randomuser.me/api/portraits/med/women/1.jpg","thumbnail":"https://randomuser.me/api/portraits/thumb/women/1.jpg"},"nat":"DE"}],"info":{"seed":"468d58f51cc8a1fe","results":1,"page":1,"version":"1.4"}} 
 </msg>
<msg time="2024-04-04T14:14:38.402577" level="INFO">/opt/hostedtoolcache/Python/3.12.2/x64/lib/python3.12/site-packages/urllib3/connectionpool.py:1103: InsecureRequestWarning: Unverified HTTPS request is being made to host 'randomuser.me'. Adding certificate verification is strongly advised. See: https://urllib3.readthedocs.io/en/latest/advanced-usage.html#tls-warnings
  warnings.warn(</msg>
<msg time="2024-04-04T14:14:38.402719" level="INFO">${response} = &lt;Response [200]&gt;</msg>
<var>${response}</var>
<arg>consultarAPI</arg>
<arg>/api</arg>
<doc>Sends a GET request on a previously created HTTP Session.</doc>
<status status="PASS" start="2024-04-04T14:14:38.347457" elapsed="0.055299"/>
</kw>
<kw name="Set Variable" owner="BuiltIn">
<msg time="2024-04-04T14:14:38.404004" level="INFO">${json_data} = {'results': [{'gender': 'female', 'name': {'title': 'Ms', 'first': 'Brigitta', 'last': 'Laux'}, 'location': {'street': {'number': 9059, 'name': 'Mühlenstraße'}, 'city': 'Waldeck', 'state': 'Schleswig-...</msg>
<var>${json_data}</var>
<arg>${response.json()}</arg>
<doc>Returns the given values which can then be assigned to a variables.</doc>
<status status="PASS" start="2024-04-04T14:14:38.403397" elapsed="0.000640"/>
</kw>
<kw name="Set Variable" owner="BuiltIn">
<msg time="2024-04-04T14:14:38.404851" level="INFO">${name_title} = Ms</msg>
<var>${name_title}</var>
<arg>${json_data["results"][0]["name"]["title"]}</arg>
<doc>Returns the given values which can then be assigned to a variables.</doc>
<status status="PASS" start="2024-04-04T14:14:38.404415" elapsed="0.000464"/>
</kw>
<kw name="Create List" owner="BuiltIn">
<msg time="2024-04-04T14:14:38.405376" level="INFO">${allowed_titles} = ['Mr', 'Ms', 'Miss', 'Mrs', 'Madame', 'Monsieur']</msg>
<var>${allowed_titles}</var>
<arg>Mr</arg>
<arg>Ms</arg>
<arg>Miss</arg>
<arg>Mrs</arg>
<arg>Madame</arg>
<arg>Monsieur</arg>
<doc>Returns a list containing given items.</doc>
<status status="PASS" start="2024-04-04T14:14:38.405214" elapsed="0.000188"/>
</kw>
<kw name="List Should Contain Value" owner="Collections">
<msg time="2024-04-04T14:14:38.405927" level="INFO">False</msg>
<arg>${allowed_titles}</arg>
<arg>${name_title}</arg>
<doc>Fails if the ``value`` is not found from ``list``.</doc>
<status status="PASS" start="2024-04-04T14:14:38.405730" elapsed="0.000238"/>
</kw>
<kw name="Set Variable" owner="BuiltIn">
<msg time="2024-04-04T14:14:38.406767" level="INFO">${name_country} = DE</msg>
<var>${name_country}</var>
<arg>${json_data["results"][0]["nat"]}</arg>
<doc>Returns the given values which can then be assigned to a variables.</doc>
<status status="PASS" start="2024-04-04T14:14:38.406340" elapsed="0.000454"/>
</kw>
<kw name="Create List" owner="BuiltIn">
<msg time="2024-04-04T14:14:38.407730" level="INFO">${list_country} = ['AD', 'AE', 'AF', 'AG', 'AI', 'AL', 'AM', 'AO', 'AQ', 'AR', 'AS', 'AT', 'AU', 'AW', 'AX', 'AZ', 'BA', 'BB', 'BD', 'BE', 'BF', 'BG', 'BH', 'BI', 'BJ', 'BL', 'BM', 'BN', 'BO', 'BQ', 'BR', 'BS', 'BT', '...</msg>
<var>${list_country}</var>
<arg>AD</arg>
<arg>AE</arg>
<arg>AF</arg>
<arg>AG</arg>
<arg>AI</arg>
<arg>AL</arg>
<arg>AM</arg>
<arg>AO</arg>
<arg>AQ</arg>
<arg>AR</arg>
<arg>AS</arg>
<arg>AT</arg>
<arg>AU</arg>
<arg>AW</arg>
<arg>AX</arg>
<arg>AZ</arg>
<arg>BA</arg>
<arg>BB</arg>
<arg>BD</arg>
<arg>BE</arg>
<arg>BF</arg>
<arg>BG</arg>
<arg>BH</arg>
<arg>BI</arg>
<arg>BJ</arg>
<arg>BL</arg>
<arg>BM</arg>
<arg>BN</arg>
<arg>BO</arg>
<arg>BQ</arg>
<arg>BR</arg>
<arg>BS</arg>
<arg>BT</arg>
<arg>BV</arg>
<arg>BW</arg>
<arg>BY</arg>
<arg>BZ</arg>
<arg>CA</arg>
<arg>CC</arg>
<arg>CD</arg>
<arg>CF</arg>
<arg>CG</arg>
<arg>CH</arg>
<arg>CI</arg>
<arg>CK</arg>
<arg>CL</arg>
<arg>CM</arg>
<arg>CN</arg>
<arg>CO</arg>
<arg>CR</arg>
<arg>CU</arg>
<arg>CV</arg>
<arg>CW</arg>
<arg>CX</arg>
<arg>CY</arg>
<arg>CZ</arg>
<arg>DE</arg>
<arg>DJ</arg>
<arg>DK</arg>
<arg>DM</arg>
<arg>DO</arg>
<arg>DZ</arg>
<arg>EC</arg>
<arg>EE</arg>
<arg>EG</arg>
<arg>EH</arg>
<arg>ER</arg>
<arg>ES</arg>
<arg>ET</arg>
<arg>FI</arg>
<arg>FJ</arg>
<arg>FK</arg>
<arg>FM</arg>
<arg>FO</arg>
<arg>FR</arg>
<arg>GA</arg>
<arg>GB</arg>
<arg>GD</arg>
<arg>GE</arg>
<arg>GF</arg>
<arg>GG</arg>
<arg>GH</arg>
<arg>GI</arg>
<arg>GL</arg>
<arg>GM</arg>
<arg>GN</arg>
<arg>GP</arg>
<arg>GQ</arg>
<arg>GR</arg>
<arg>GS</arg>
<arg>GT</arg>
<arg>GU</arg>
<arg>GW</arg>
<arg>GY</arg>
<arg>HK</arg>
<arg>HM</arg>
<arg>HN</arg>
<arg>HR</arg>
<arg>HT</arg>
<arg>HU</arg>
<arg>ID</arg>
<arg>IE</arg>
<arg>IL</arg>
<arg>IM</arg>
<arg>IN</arg>
<arg>IO</arg>
<arg>IQ</arg>
<arg>IR</arg>
<arg>IS</arg>
<arg>IT</arg>
<arg>JE</arg>
<arg>JM</arg>
<arg>JO</arg>
<arg>JP</arg>
<arg>KE</arg>
<arg>KG</arg>
<arg>KH</arg>
<arg>KI</arg>
<arg>KM</arg>
<arg>KN</arg>
<arg>KP</arg>
<arg>KR</arg>
<arg>KW</arg>
<arg>KY</arg>
<arg>KZ</arg>
<arg>LA</arg>
<arg>LB</arg>
<arg>LC</arg>
<arg>LI</arg>
<arg>LK</arg>
<arg>LR</arg>
<arg>LS</arg>
<arg>LT</arg>
<arg>LU</arg>
<arg>LV</arg>
<arg>LY</arg>
<arg>MA</arg>
<arg>MC</arg>
<arg>MD</arg>
<arg>ME</arg>
<arg>MF</arg>
<arg>MG</arg>
<arg>MH</arg>
<arg>MK</arg>
<arg>ML</arg>
<arg>MM</arg>
<arg>MN</arg>
<arg>MO</arg>
<arg>MP</arg>
<arg>MQ</arg>
<arg>MR</arg>
<arg>MS</arg>
<arg>MT</arg>
<arg>MU</arg>
<arg>MV</arg>
<arg>MW</arg>
<arg>MX</arg>
<arg>MY</arg>
<arg>MZ</arg>
<arg>NA</arg>
<arg>NC</arg>
<arg>NE</arg>
<arg>NF</arg>
<arg>NG</arg>
<arg>NI</arg>
<arg>NL</arg>
<arg>NO</arg>
<arg>NP</arg>
<arg>NR</arg>
<arg>NU</arg>
<arg>NZ</arg>
<arg>OM</arg>
<arg>PA</arg>
<arg>PE</arg>
<arg>PF</arg>
<arg>PG</arg>
<arg>PH</arg>
<arg>PK</arg>
<arg>PL</arg>
<arg>PM</arg>
<arg>PN</arg>
<arg>PR</arg>
<arg>PS</arg>
<arg>PT</arg>
<arg>PW</arg>
<arg>PY</arg>
<arg>QA</arg>
<arg>RE</arg>
<arg>RO</arg>
<arg>RS</arg>
<arg>RU</arg>
<arg>RW</arg>
<arg>SA</arg>
<arg>SB</arg>
<arg>SC</arg>
<arg>SD</arg>
<arg>SE</arg>
<arg>SG</arg>
<arg>SH</arg>
<arg>SI</arg>
<arg>SJ</arg>
<arg>SK</arg>
<arg>SL</arg>
<arg>SM</arg>
<arg>SN</arg>
<arg>SO</arg>
<arg>SR</arg>
<arg>SS</arg>
<arg>ST</arg>
<arg>SV</arg>
<arg>SX</arg>
<arg>SY</arg>
<arg>SZ</arg>
<arg>TC</arg>
<arg>TD</arg>
<arg>TF</arg>
<arg>TG</arg>
<arg>TH</arg>
<arg>TJ</arg>
<arg>TK</arg>
<arg>TL</arg>
<arg>TM</arg>
<arg>TN</arg>
<arg>TO</arg>
<arg>TR</arg>
<arg>TT</arg>
<arg>TV</arg>
<arg>TW</arg>
<arg>TZ</arg>
<arg>UA</arg>
<arg>UG</arg>
<arg>UM</arg>
<arg>US</arg>
<arg>UY</arg>
<arg>UZ</arg>
<arg>VA</arg>
<arg>VC</arg>
<arg>VE</arg>
<arg>VG</arg>
<arg>VI</arg>
<arg>VN</arg>
<arg>VU</arg>
<arg>WF</arg>
<arg>WS</arg>
<arg>XK</arg>
<arg>YE</arg>
<arg>YT</arg>
<arg>ZA</arg>
<arg>ZM</arg>
<arg>ZW</arg>
<doc>Returns a list containing given items.</doc>
<status status="PASS" start="2024-04-04T14:14:38.407120" elapsed="0.000637"/>
</kw>
<kw name="List Should Contain Value" owner="Collections">
<msg time="2024-04-04T14:14:38.408936" level="INFO">False</msg>
<arg>${list_country}</arg>
<arg>${name_country}</arg>
<doc>Fails if the ``value`` is not found from ``list``.</doc>
<status status="PASS" start="2024-04-04T14:14:38.408717" elapsed="0.000258"/>
</kw>
<kw name="Run Keyword If" owner="BuiltIn">
<kw name="Should Be True" owner="BuiltIn">
<arg>${True}</arg>
<doc>Fails if the given condition is not true.</doc>
<status status="PASS" start="2024-04-04T14:14:38.410119" elapsed="0.000194"/>
</kw>
<arg>${json_data["results"][0]["location"]["coordinates"]["latitude"]} &gt;= -90 and ${json_data["results"][0]["location"]["coordinates"]["latitude"]} &lt;= 90</arg>
<arg>Should Be True</arg>
<arg>${True}</arg>
<doc>Runs the given keyword with the given arguments, if ``condition`` is true.</doc>
<status status="PASS" start="2024-04-04T14:14:38.409308" elapsed="0.001140"/>
</kw>
<kw name="Run Keyword If" owner="BuiltIn">
<kw name="Should Be True" owner="BuiltIn">
<arg>${True}</arg>
<doc>Fails if the given condition is not true.</doc>
<status status="PASS" start="2024-04-04T14:14:38.411370" elapsed="0.000145"/>
</kw>
<arg>${json_data["results"][0]["location"]["coordinates"]["longitude"]} &gt;= -180 and ${json_data["results"][0]["location"]["coordinates"]["longitude"]} &lt;= 180</arg>
<arg>Should Be True</arg>
<arg>${True}</arg>
<doc>Runs the given keyword with the given arguments, if ``condition`` is true.</doc>
<status status="PASS" start="2024-04-04T14:14:38.410645" elapsed="0.001002"/>
</kw>
<status status="PASS" start="2024-04-04T14:14:38.347212" elapsed="0.064576"/>
</kw>
<doc>Testa o conteúdo específico dos campos retornados pela API.</doc>
<tag>testeConteudo</tag>
<status status="PASS" start="2024-04-04T14:14:38.346723" elapsed="0.065243"/>
</test>
<status status="PASS" start="2024-04-04T14:14:37.588676" elapsed="0.825320"/>
</suite>
<status status="PASS" start="2024-04-04T14:14:37.574698" elapsed="0.844870"/>
</suite>
<statistics>
<total>
<stat pass="5" fail="0" skip="0">All Tests</stat>
</total>
<tag>
<stat pass="1" fail="0" skip="0">testeConteudo</stat>
<stat pass="1" fail="0" skip="0">testeEstruturaResposta</stat>
<stat pass="1" fail="0" skip="0">testeRequisicaoBasica</stat>
<stat pass="1" fail="0" skip="0">testeTiposDados</stat>
</tag>
<suite>
<stat pass="5" fail="0" skip="0" id="s1" name="Tests">Tests</stat>
<stat pass="5" fail="0" skip="0" id="s1-s1" name="Random-User-Test">Tests.Random-User-Test</stat>
</suite>
</statistics>
<errors>
</errors>
</robot>
