<?xml version="1.0" encoding="UTF-8"?>
<robot generator="Robot 7.0 (Python 3.12.3 on linux)" generated="2024-05-30T01:04:28.229509" rpa="false" schemaversion="5">
<suite id="s1" name="Tests" source="/home/runner/work/ApiRandomUser/ApiRandomUser/RamdonUser/tests">
<suite id="s1-s1" name="Random-User-Test" source="/home/runner/work/ApiRandomUser/ApiRandomUser/RamdonUser/tests/random-user-test.robot">
<test id="s1-s1-t1" name="Conectar" line="13">
<kw name="Conectar API" owner="random-user-service">
<kw name="Create Session" owner="RequestsLibrary">
<msg time="2024-05-30T01:04:28.652850" level="INFO">Creating Session using : alias=consultarAPI, url=https://randomuser.me/, headers={},                     cookies={}, auth=None, timeout=None, proxies=None, verify=False,                     debug=0 </msg>
<arg>consultarAPI</arg>
<arg>${URL}</arg>
<doc>Create Session: create a HTTP session to a server</doc>
<status status="PASS" start="2024-05-30T01:04:28.652655" elapsed="0.000362"/>
</kw>
<status status="PASS" start="2024-05-30T01:04:28.651720" elapsed="0.001645"/>
</kw>
<status status="PASS" start="2024-05-30T01:04:28.651220" elapsed="0.002335"/>
</test>
<test id="s1-s1-t2" name="Validar retorno 200 e JSON Válido" line="16">
<kw name="Teste de Requisicao Basica" owner="random-user-service">
<kw name="GET On Session" owner="RequestsLibrary">
<msg time="2024-05-30T01:04:28.915695" level="INFO">GET Request : url=https://randomuser.me/api 
 path_url=/api 
 headers={'User-Agent': 'python-requests/2.32.3', 'Accept-Encoding': 'gzip, deflate', 'Accept': '*/*', 'Connection': 'keep-alive'} 
 body=None 
 </msg>
<msg time="2024-05-30T01:04:28.915864" level="INFO">GET Response : url=https://randomuser.me/api 
 status=200, reason=OK 
 headers={'Date': 'Thu, 30 May 2024 01:04:28 GMT', 'Content-Type': 'application/json; charset=utf-8', 'Transfer-Encoding': 'chunked', 'Connection': 'keep-alive', 'X-Powered-By': 'Express', 'Access-Control-Allow-Origin': '*', 'Cache-Control': 'no-cache', 'ETag': 'W/"496-aPjLBM69UQS1y2OV27POFlSLHuo"', 'Vary': 'Accept-Encoding', 'Content-Encoding': 'gzip', 'CF-Cache-Status': 'DYNAMIC', 'Report-To': '{"endpoints":[{"url":"https:\\/\\/a.nel.cloudflare.com\\/report\\/v4?s=fGmsFDndZAHg01gmtJxxJjnprQ7vuSndUx6uuIqN9kwldpjDxNNKnjZZTVZylqo7PH7zMniMtI%2FAmA9pNbn7Pbuqlh0Azonnwx2Rik%2BlcZsz%2BI1xg59Gk3Bn2pG7Ecbc"}],"group":"cf-nel","max_age":604800}', 'NEL': '{"success_fraction":0,"report_to":"cf-nel","max_age":604800}', 'Server': 'cloudflare', 'CF-RAY': '88bacf746a3d28c4-IAD', 'alt-svc': 'h3=":443"; ma=86400'} 
 body={"results":[{"gender":"male","name":{"title":"Mr","first":"Remi","last":"de Souza"},"location":{"street":{"number":9243,"name":"Avenida da Legalidade"},"city":"Paulista","state":"Ceará","country":"Brazil","postcode":23397,"coordinates":{"latitude":"-80.2915","longitude":"-14.9902"},"timezone":{"offset":"+5:30","description":"Bombay, Calcutta, Madras, New Delhi"}},"email":"remi.desouza@example.com","login":{"uuid":"c5be0a32-37cb-4b50-906a-f708399d9d50","username":"greenmouse949","password":"1946","salt":"oDWTRtdg","md5":"1ff6b00ae9e9bd6a01f5c36e2a92db42","sha1":"055680fd03c31fe224cc5fcb9ef6ed77a4f8e9e9","sha256":"f2101117e443b77840548a1dbfe9a6c49780f5d3f1e7195665a6729507e1b368"},"dob":{"date":"1970-06-23T21:37:53.074Z","age":53},"registered":{"date":"2003-05-22T17:11:47.986Z","age":21},"phone":"(26) 5858-3055","cell":"(58) 0788-8825","id":{"name":"CPF","value":"722.379.331-45"},"picture":{"large":"https://randomuser.me/api/portraits/men/55.jpg","medium":"https://randomuser.me/api/portraits/med/men/55.jpg","thumbnail":"https://randomuser.me/api/portraits/thumb/men/55.jpg"},"nat":"BR"}],"info":{"seed":"bc13cd8930260b92","results":1,"page":1,"version":"1.4"}} 
 </msg>
<msg time="2024-05-30T01:04:28.915963" level="INFO">/opt/hostedtoolcache/Python/3.12.3/x64/lib/python3.12/site-packages/urllib3/connectionpool.py:1103: InsecureRequestWarning: Unverified HTTPS request is being made to host 'randomuser.me'. Adding certificate verification is strongly advised. See: https://urllib3.readthedocs.io/en/latest/advanced-usage.html#tls-warnings
  warnings.warn(</msg>
<msg time="2024-05-30T01:04:28.916119" level="INFO">${response} = &lt;Response [200]&gt;</msg>
<var>${response}</var>
<arg>consultarAPI</arg>
<arg>/api</arg>
<doc>Sends a GET request on a previously created HTTP Session.</doc>
<status status="PASS" start="2024-05-30T01:04:28.656129" elapsed="0.260042"/>
</kw>
<kw name="Should Be Equal As Numbers" owner="BuiltIn">
<msg time="2024-05-30T01:04:28.917140" level="INFO">Argument types are:
&lt;class 'int'&gt;
&lt;class 'str'&gt;</msg>
<arg>${response.status_code}</arg>
<arg>200</arg>
<doc>Fails if objects are unequal after converting them to real numbers.</doc>
<status status="PASS" start="2024-05-30T01:04:28.916689" elapsed="0.000517"/>
</kw>
<kw name="Log" owner="BuiltIn">
<msg time="2024-05-30T01:04:28.917912" level="INFO">200</msg>
<arg>${response.status_code}</arg>
<doc>Logs the given message with the given level.</doc>
<status status="PASS" start="2024-05-30T01:04:28.917559" elapsed="0.000399"/>
</kw>
<kw name="Set Variable" owner="BuiltIn">
<msg time="2024-05-30T01:04:28.918762" level="INFO">${json_data} = {'results': [{'gender': 'male', 'name': {'title': 'Mr', 'first': 'Remi', 'last': 'de Souza'}, 'location': {'street': {'number': 9243, 'name': 'Avenida da Legalidade'}, 'city': 'Paulista', 'state': 'Ce...</msg>
<var>${json_data}</var>
<arg>${response.json()}</arg>
<doc>Returns the given values which can then be assigned to a variables.</doc>
<status status="PASS" start="2024-05-30T01:04:28.918268" elapsed="0.000523"/>
</kw>
<kw name="Dictionary Should Contain Key" owner="Collections">
<msg time="2024-05-30T01:04:28.919266" level="INFO">False</msg>
<arg>${json_data}</arg>
<arg>results</arg>
<doc>Fails if ``key`` is not found from ``dictionary``.</doc>
<status status="PASS" start="2024-05-30T01:04:28.919099" elapsed="0.000206"/>
</kw>
<status status="PASS" start="2024-05-30T01:04:28.655890" elapsed="0.263675"/>
</kw>
<doc>Testa se a API responde corretamente e retorna um objeto JSON válido.</doc>
<tag>testeRequisicaoBasica</tag>
<status status="PASS" start="2024-05-30T01:04:28.655451" elapsed="0.264301"/>
</test>
<test id="s1-s1-t3" name="Validar estrutura de resposta" line="22">
<kw name="Teste de Estrutura de Resposta" owner="random-user-service">
<kw name="GET On Session" owner="RequestsLibrary">
<msg time="2024-05-30T01:04:29.020836" level="INFO">GET Request : url=https://randomuser.me/api 
 path_url=/api 
 headers={'User-Agent': 'python-requests/2.32.3', 'Accept-Encoding': 'gzip, deflate', 'Accept': '*/*', 'Connection': 'keep-alive'} 
 body=None 
 </msg>
<msg time="2024-05-30T01:04:29.020927" level="INFO">GET Response : url=https://randomuser.me/api 
 status=200, reason=OK 
 headers={'Date': 'Thu, 30 May 2024 01:04:29 GMT', 'Content-Type': 'application/json; charset=utf-8', 'Transfer-Encoding': 'chunked', 'Connection': 'keep-alive', 'X-Powered-By': 'Express', 'Access-Control-Allow-Origin': '*', 'Cache-Control': 'no-cache', 'ETag': 'W/"4a0-PPqlJfy4DfN1saWRytx4vyRkx4I"', 'Vary': 'Accept-Encoding', 'Content-Encoding': 'gzip', 'CF-Cache-Status': 'DYNAMIC', 'Report-To': '{"endpoints":[{"url":"https:\\/\\/a.nel.cloudflare.com\\/report\\/v4?s=6NrKVWh6aDJ8ISc0ucxO2PrFNJf9XEzxdJsXRxvmK%2FHQ8984NkXkKE9TwL8%2FE7Phq%2BLmHeLqYMeC7fWwBtqBzHPqOnBd3AneJPInz00abssq9hWVlhuZ2akIsqF49DOP"}],"group":"cf-nel","max_age":604800}', 'NEL': '{"success_fraction":0,"report_to":"cf-nel","max_age":604800}', 'Server': 'cloudflare', 'CF-RAY': '88bacf74dabc28c4-IAD', 'alt-svc': 'h3=":443"; ma=86400'} 
 body={"results":[{"gender":"male","name":{"title":"Mr","first":"Christian","last":"Austin"},"location":{"street":{"number":7541,"name":"Frances Ct"},"city":"Fort Worth","state":"California","country":"United States","postcode":96903,"coordinates":{"latitude":"82.1340","longitude":"-50.1088"},"timezone":{"offset":"+11:00","description":"Magadan, Solomon Islands, New Caledonia"}},"email":"christian.austin@example.com","login":{"uuid":"20fc451f-4d1d-4c13-9ded-41bf0f787997","username":"tinyswan349","password":"snooker","salt":"s1f2UgnI","md5":"3a7ed96edb11e354662172596c158060","sha1":"8a4870a65f85a902005f4e4b4cb4535566ab46c0","sha256":"789a6db20954117c3b4923aeed67a2e15d4aa9ab448860a2b6894a83ac59ae08"},"dob":{"date":"1949-02-01T16:01:35.100Z","age":75},"registered":{"date":"2016-03-01T17:45:16.429Z","age":8},"phone":"(294) 646-5425","cell":"(434) 584-3155","id":{"name":"SSN","value":"281-01-7298"},"picture":{"large":"https://randomuser.me/api/portraits/men/96.jpg","medium":"https://randomuser.me/api/portraits/med/men/96.jpg","thumbnail":"https://randomuser.me/api/portraits/thumb/men/96.jpg"},"nat":"US"}],"info":{"seed":"fcb772cfbdd99916","results":1,"page":1,"version":"1.4"}} 
 </msg>
<msg time="2024-05-30T01:04:29.021055" level="INFO">/opt/hostedtoolcache/Python/3.12.3/x64/lib/python3.12/site-packages/urllib3/connectionpool.py:1103: InsecureRequestWarning: Unverified HTTPS request is being made to host 'randomuser.me'. Adding certificate verification is strongly advised. See: https://urllib3.readthedocs.io/en/latest/advanced-usage.html#tls-warnings
  warnings.warn(</msg>
<msg time="2024-05-30T01:04:29.021176" level="INFO">${response} = &lt;Response [200]&gt;</msg>
<var>${response}</var>
<arg>consultarAPI</arg>
<arg>/api</arg>
<doc>Sends a GET request on a previously created HTTP Session.</doc>
<status status="PASS" start="2024-05-30T01:04:28.922316" elapsed="0.098899"/>
</kw>
<kw name="Set Variable" owner="BuiltIn">
<msg time="2024-05-30T01:04:29.022195" level="INFO">${json_data} = {'results': [{'gender': 'male', 'name': {'title': 'Mr', 'first': 'Christian', 'last': 'Austin'}, 'location': {'street': {'number': 7541, 'name': 'Frances Ct'}, 'city': 'Fort Worth', 'state': 'Californ...</msg>
<var>${json_data}</var>
<arg>${response.json()}</arg>
<doc>Returns the given values which can then be assigned to a variables.</doc>
<status status="PASS" start="2024-05-30T01:04:29.021691" elapsed="0.000534"/>
</kw>
<kw name="Log" owner="BuiltIn">
<msg time="2024-05-30T01:04:29.022749" level="INFO">{'results': [{'gender': 'male', 'name': {'title': 'Mr', 'first': 'Christian', 'last': 'Austin'}, 'location': {'street': {'number': 7541, 'name': 'Frances Ct'}, 'city': 'Fort Worth', 'state': 'California', 'country': 'United States', 'postcode': 96903, 'coordinates': {'latitude': '82.1340', 'longitude': '-50.1088'}, 'timezone': {'offset': '+11:00', 'description': 'Magadan, Solomon Islands, New Caledonia'}}, 'email': 'christian.austin@example.com', 'login': {'uuid': '20fc451f-4d1d-4c13-9ded-41bf0f787997', 'username': 'tinyswan349', 'password': 'snooker', 'salt': 's1f2UgnI', 'md5': '3a7ed96edb11e354662172596c158060', 'sha1': '8a4870a65f85a902005f4e4b4cb4535566ab46c0', 'sha256': '789a6db20954117c3b4923aeed67a2e15d4aa9ab448860a2b6894a83ac59ae08'}, 'dob': {'date': '1949-02-01T16:01:35.100Z', 'age': 75}, 'registered': {'date': '2016-03-01T17:45:16.429Z', 'age': 8}, 'phone': '(294) 646-5425', 'cell': '(434) 584-3155', 'id': {'name': 'SSN', 'value': '281-01-7298'}, 'picture': {'large': 'https://randomuser.me/api/portraits/men/96.jpg', 'medium': 'https://randomuser.me/api/portraits/med/men/96.jpg', 'thumbnail': 'https://randomuser.me/api/portraits/thumb/men/96.jpg'}, 'nat': 'US'}], 'info': {'seed': 'fcb772cfbdd99916', 'results': 1, 'page': 1, 'version': '1.4'}}</msg>
<arg>${json_data}</arg>
<doc>Logs the given message with the given level.</doc>
<status status="PASS" start="2024-05-30T01:04:29.022590" elapsed="0.000211"/>
</kw>
<kw name="Dictionary Should Contain Key" owner="Collections">
<msg time="2024-05-30T01:04:29.023253" level="INFO">False</msg>
<arg>${json_data}</arg>
<arg>results</arg>
<doc>Fails if ``key`` is not found from ``dictionary``.</doc>
<status status="PASS" start="2024-05-30T01:04:29.023100" elapsed="0.000189"/>
</kw>
<kw name="Should Not Be Empty" owner="BuiltIn">
<msg time="2024-05-30T01:04:29.023730" level="INFO">Length is 2.</msg>
<arg>${json_data}</arg>
<doc>Verifies that the given item is not empty.</doc>
<status status="PASS" start="2024-05-30T01:04:29.023591" elapsed="0.000177"/>
</kw>
<kw name="Create List" owner="BuiltIn">
<msg time="2024-05-30T01:04:29.024350" level="INFO">${expected_keys} = ['gender', 'name', 'location', 'email', 'login']</msg>
<var>${expected_keys}</var>
<arg>gender</arg>
<arg>name</arg>
<arg>location</arg>
<arg>email</arg>
<arg>login</arg>
<doc>Returns a list containing given items.</doc>
<status status="PASS" start="2024-05-30T01:04:29.024057" elapsed="0.000318"/>
</kw>
<for flavor="IN">
<iter>
<kw name="Dictionary Should Contain Key" owner="Collections">
<msg time="2024-05-30T01:04:29.025358" level="INFO">False</msg>
<arg>${json_data['results'][0]}</arg>
<arg>${key}</arg>
<doc>Fails if ``key`` is not found from ``dictionary``.</doc>
<status status="PASS" start="2024-05-30T01:04:29.024966" elapsed="0.000430"/>
</kw>
<kw name="Log" owner="BuiltIn">
<msg time="2024-05-30T01:04:29.026060" level="INFO">{'gender': 'male', 'name': {'title': 'Mr', 'first': 'Christian', 'last': 'Austin'}, 'location': {'street': {'number': 7541, 'name': 'Frances Ct'}, 'city': 'Fort Worth', 'state': 'California', 'country': 'United States', 'postcode': 96903, 'coordinates': {'latitude': '82.1340', 'longitude': '-50.1088'}, 'timezone': {'offset': '+11:00', 'description': 'Magadan, Solomon Islands, New Caledonia'}}, 'email': 'christian.austin@example.com', 'login': {'uuid': '20fc451f-4d1d-4c13-9ded-41bf0f787997', 'username': 'tinyswan349', 'password': 'snooker', 'salt': 's1f2UgnI', 'md5': '3a7ed96edb11e354662172596c158060', 'sha1': '8a4870a65f85a902005f4e4b4cb4535566ab46c0', 'sha256': '789a6db20954117c3b4923aeed67a2e15d4aa9ab448860a2b6894a83ac59ae08'}, 'dob': {'date': '1949-02-01T16:01:35.100Z', 'age': 75}, 'registered': {'date': '2016-03-01T17:45:16.429Z', 'age': 8}, 'phone': '(294) 646-5425', 'cell': '(434) 584-3155', 'id': {'name': 'SSN', 'value': '281-01-7298'}, 'picture': {'large': 'https://randomuser.me/api/portraits/men/96.jpg', 'medium': 'https://randomuser.me/api/portraits/med/men/96.jpg', 'thumbnail': 'https://randomuser.me/api/portraits/thumb/men/96.jpg'}, 'nat': 'US'}</msg>
<arg>${json_data['results'][0]}</arg>
<doc>Logs the given message with the given level.</doc>
<status status="PASS" start="2024-05-30T01:04:29.025693" elapsed="0.000415"/>
</kw>
<kw name="Log" owner="BuiltIn">
<msg time="2024-05-30T01:04:29.026558" level="INFO">gender</msg>
<arg>${key}</arg>
<doc>Logs the given message with the given level.</doc>
<status status="PASS" start="2024-05-30T01:04:29.026426" elapsed="0.000169"/>
</kw>
<var name="${key}">gender</var>
<status status="PASS" start="2024-05-30T01:04:29.024840" elapsed="0.001974"/>
</iter>
<iter>
<kw name="Dictionary Should Contain Key" owner="Collections">
<msg time="2024-05-30T01:04:29.027491" level="INFO">False</msg>
<arg>${json_data['results'][0]}</arg>
<arg>${key}</arg>
<doc>Fails if ``key`` is not found from ``dictionary``.</doc>
<status status="PASS" start="2024-05-30T01:04:29.027114" elapsed="0.000414"/>
</kw>
<kw name="Log" owner="BuiltIn">
<msg time="2024-05-30T01:04:29.028205" level="INFO">{'gender': 'male', 'name': {'title': 'Mr', 'first': 'Christian', 'last': 'Austin'}, 'location': {'street': {'number': 7541, 'name': 'Frances Ct'}, 'city': 'Fort Worth', 'state': 'California', 'country': 'United States', 'postcode': 96903, 'coordinates': {'latitude': '82.1340', 'longitude': '-50.1088'}, 'timezone': {'offset': '+11:00', 'description': 'Magadan, Solomon Islands, New Caledonia'}}, 'email': 'christian.austin@example.com', 'login': {'uuid': '20fc451f-4d1d-4c13-9ded-41bf0f787997', 'username': 'tinyswan349', 'password': 'snooker', 'salt': 's1f2UgnI', 'md5': '3a7ed96edb11e354662172596c158060', 'sha1': '8a4870a65f85a902005f4e4b4cb4535566ab46c0', 'sha256': '789a6db20954117c3b4923aeed67a2e15d4aa9ab448860a2b6894a83ac59ae08'}, 'dob': {'date': '1949-02-01T16:01:35.100Z', 'age': 75}, 'registered': {'date': '2016-03-01T17:45:16.429Z', 'age': 8}, 'phone': '(294) 646-5425', 'cell': '(434) 584-3155', 'id': {'name': 'SSN', 'value': '281-01-7298'}, 'picture': {'large': 'https://randomuser.me/api/portraits/men/96.jpg', 'medium': 'https://randomuser.me/api/portraits/med/men/96.jpg', 'thumbnail': 'https://randomuser.me/api/portraits/thumb/men/96.jpg'}, 'nat': 'US'}</msg>
<arg>${json_data['results'][0]}</arg>
<doc>Logs the given message with the given level.</doc>
<status status="PASS" start="2024-05-30T01:04:29.027849" elapsed="0.000403"/>
</kw>
<kw name="Log" owner="BuiltIn">
<msg time="2024-05-30T01:04:29.028675" level="INFO">name</msg>
<arg>${key}</arg>
<doc>Logs the given message with the given level.</doc>
<status status="PASS" start="2024-05-30T01:04:29.028549" elapsed="0.000161"/>
</kw>
<var name="${key}">name</var>
<status status="PASS" start="2024-05-30T01:04:29.026998" elapsed="0.001928"/>
</iter>
<iter>
<kw name="Dictionary Should Contain Key" owner="Collections">
<msg time="2024-05-30T01:04:29.029592" level="INFO">False</msg>
<arg>${json_data['results'][0]}</arg>
<arg>${key}</arg>
<doc>Fails if ``key`` is not found from ``dictionary``.</doc>
<status status="PASS" start="2024-05-30T01:04:29.029213" elapsed="0.000416"/>
</kw>
<kw name="Log" owner="BuiltIn">
<msg time="2024-05-30T01:04:29.030275" level="INFO">{'gender': 'male', 'name': {'title': 'Mr', 'first': 'Christian', 'last': 'Austin'}, 'location': {'street': {'number': 7541, 'name': 'Frances Ct'}, 'city': 'Fort Worth', 'state': 'California', 'country': 'United States', 'postcode': 96903, 'coordinates': {'latitude': '82.1340', 'longitude': '-50.1088'}, 'timezone': {'offset': '+11:00', 'description': 'Magadan, Solomon Islands, New Caledonia'}}, 'email': 'christian.austin@example.com', 'login': {'uuid': '20fc451f-4d1d-4c13-9ded-41bf0f787997', 'username': 'tinyswan349', 'password': 'snooker', 'salt': 's1f2UgnI', 'md5': '3a7ed96edb11e354662172596c158060', 'sha1': '8a4870a65f85a902005f4e4b4cb4535566ab46c0', 'sha256': '789a6db20954117c3b4923aeed67a2e15d4aa9ab448860a2b6894a83ac59ae08'}, 'dob': {'date': '1949-02-01T16:01:35.100Z', 'age': 75}, 'registered': {'date': '2016-03-01T17:45:16.429Z', 'age': 8}, 'phone': '(294) 646-5425', 'cell': '(434) 584-3155', 'id': {'name': 'SSN', 'value': '281-01-7298'}, 'picture': {'large': 'https://randomuser.me/api/portraits/men/96.jpg', 'medium': 'https://randomuser.me/api/portraits/med/men/96.jpg', 'thumbnail': 'https://randomuser.me/api/portraits/thumb/men/96.jpg'}, 'nat': 'US'}</msg>
<arg>${json_data['results'][0]}</arg>
<doc>Logs the given message with the given level.</doc>
<status status="PASS" start="2024-05-30T01:04:29.029925" elapsed="0.000397"/>
</kw>
<kw name="Log" owner="BuiltIn">
<msg time="2024-05-30T01:04:29.030803" level="INFO">location</msg>
<arg>${key}</arg>
<doc>Logs the given message with the given level.</doc>
<status status="PASS" start="2024-05-30T01:04:29.030678" elapsed="0.000161"/>
</kw>
<var name="${key}">location</var>
<status status="PASS" start="2024-05-30T01:04:29.029101" elapsed="0.001952"/>
</iter>
<iter>
<kw name="Dictionary Should Contain Key" owner="Collections">
<msg time="2024-05-30T01:04:29.031721" level="INFO">False</msg>
<arg>${json_data['results'][0]}</arg>
<arg>${key}</arg>
<doc>Fails if ``key`` is not found from ``dictionary``.</doc>
<status status="PASS" start="2024-05-30T01:04:29.031343" elapsed="0.000415"/>
</kw>
<kw name="Log" owner="BuiltIn">
<msg time="2024-05-30T01:04:29.032419" level="INFO">{'gender': 'male', 'name': {'title': 'Mr', 'first': 'Christian', 'last': 'Austin'}, 'location': {'street': {'number': 7541, 'name': 'Frances Ct'}, 'city': 'Fort Worth', 'state': 'California', 'country': 'United States', 'postcode': 96903, 'coordinates': {'latitude': '82.1340', 'longitude': '-50.1088'}, 'timezone': {'offset': '+11:00', 'description': 'Magadan, Solomon Islands, New Caledonia'}}, 'email': 'christian.austin@example.com', 'login': {'uuid': '20fc451f-4d1d-4c13-9ded-41bf0f787997', 'username': 'tinyswan349', 'password': 'snooker', 'salt': 's1f2UgnI', 'md5': '3a7ed96edb11e354662172596c158060', 'sha1': '8a4870a65f85a902005f4e4b4cb4535566ab46c0', 'sha256': '789a6db20954117c3b4923aeed67a2e15d4aa9ab448860a2b6894a83ac59ae08'}, 'dob': {'date': '1949-02-01T16:01:35.100Z', 'age': 75}, 'registered': {'date': '2016-03-01T17:45:16.429Z', 'age': 8}, 'phone': '(294) 646-5425', 'cell': '(434) 584-3155', 'id': {'name': 'SSN', 'value': '281-01-7298'}, 'picture': {'large': 'https://randomuser.me/api/portraits/men/96.jpg', 'medium': 'https://randomuser.me/api/portraits/med/men/96.jpg', 'thumbnail': 'https://randomuser.me/api/portraits/thumb/men/96.jpg'}, 'nat': 'US'}</msg>
<arg>${json_data['results'][0]}</arg>
<doc>Logs the given message with the given level.</doc>
<status status="PASS" start="2024-05-30T01:04:29.032062" elapsed="0.000404"/>
</kw>
<kw name="Log" owner="BuiltIn">
<msg time="2024-05-30T01:04:29.032884" level="INFO">email</msg>
<arg>${key}</arg>
<doc>Logs the given message with the given level.</doc>
<status status="PASS" start="2024-05-30T01:04:29.032759" elapsed="0.000163"/>
</kw>
<var name="${key}">email</var>
<status status="PASS" start="2024-05-30T01:04:29.031226" elapsed="0.001912"/>
</iter>
<iter>
<kw name="Dictionary Should Contain Key" owner="Collections">
<msg time="2024-05-30T01:04:29.033803" level="INFO">False</msg>
<arg>${json_data['results'][0]}</arg>
<arg>${key}</arg>
<doc>Fails if ``key`` is not found from ``dictionary``.</doc>
<status status="PASS" start="2024-05-30T01:04:29.033420" elapsed="0.000420"/>
</kw>
<kw name="Log" owner="BuiltIn">
<msg time="2024-05-30T01:04:29.034518" level="INFO">{'gender': 'male', 'name': {'title': 'Mr', 'first': 'Christian', 'last': 'Austin'}, 'location': {'street': {'number': 7541, 'name': 'Frances Ct'}, 'city': 'Fort Worth', 'state': 'California', 'country': 'United States', 'postcode': 96903, 'coordinates': {'latitude': '82.1340', 'longitude': '-50.1088'}, 'timezone': {'offset': '+11:00', 'description': 'Magadan, Solomon Islands, New Caledonia'}}, 'email': 'christian.austin@example.com', 'login': {'uuid': '20fc451f-4d1d-4c13-9ded-41bf0f787997', 'username': 'tinyswan349', 'password': 'snooker', 'salt': 's1f2UgnI', 'md5': '3a7ed96edb11e354662172596c158060', 'sha1': '8a4870a65f85a902005f4e4b4cb4535566ab46c0', 'sha256': '789a6db20954117c3b4923aeed67a2e15d4aa9ab448860a2b6894a83ac59ae08'}, 'dob': {'date': '1949-02-01T16:01:35.100Z', 'age': 75}, 'registered': {'date': '2016-03-01T17:45:16.429Z', 'age': 8}, 'phone': '(294) 646-5425', 'cell': '(434) 584-3155', 'id': {'name': 'SSN', 'value': '281-01-7298'}, 'picture': {'large': 'https://randomuser.me/api/portraits/men/96.jpg', 'medium': 'https://randomuser.me/api/portraits/med/men/96.jpg', 'thumbnail': 'https://randomuser.me/api/portraits/thumb/men/96.jpg'}, 'nat': 'US'}</msg>
<arg>${json_data['results'][0]}</arg>
<doc>Logs the given message with the given level.</doc>
<status status="PASS" start="2024-05-30T01:04:29.034133" elapsed="0.000432"/>
</kw>
<kw name="Log" owner="BuiltIn">
<msg time="2024-05-30T01:04:29.034980" level="INFO">login</msg>
<arg>${key}</arg>
<doc>Logs the given message with the given level.</doc>
<status status="PASS" start="2024-05-30T01:04:29.034855" elapsed="0.000162"/>
</kw>
<var name="${key}">login</var>
<status status="PASS" start="2024-05-30T01:04:29.033308" elapsed="0.001947"/>
</iter>
<var>${key}</var>
<value>@{expected_keys}</value>
<status status="PASS" start="2024-05-30T01:04:29.024641" elapsed="0.010736"/>
</for>
<kw name="Create List" owner="BuiltIn">
<msg time="2024-05-30T01:04:29.035710" level="INFO">${expected_keysTwo} = ['username', 'password']</msg>
<var>${expected_keysTwo}</var>
<arg>username</arg>
<arg>password</arg>
<doc>Returns a list containing given items.</doc>
<status status="PASS" start="2024-05-30T01:04:29.035569" elapsed="0.000164"/>
</kw>
<for flavor="IN">
<iter>
<kw name="Dictionary Should Contain Key" owner="Collections">
<msg time="2024-05-30T01:04:29.036603" level="INFO">False</msg>
<arg>${json_data['results'][0]['login']}</arg>
<arg>${keyTwo}</arg>
<doc>Fails if ``key`` is not found from ``dictionary``.</doc>
<status status="PASS" start="2024-05-30T01:04:29.036230" elapsed="0.000410"/>
</kw>
<kw name="Dictionary Should Contain Key" owner="Collections">
<msg time="2024-05-30T01:04:29.037310" level="INFO">False</msg>
<arg>${json_data['results'][0]['login']}</arg>
<arg>${keyTwo}</arg>
<doc>Fails if ``key`` is not found from ``dictionary``.</doc>
<status status="PASS" start="2024-05-30T01:04:29.036933" elapsed="0.000414"/>
</kw>
<kw name="Log" owner="BuiltIn">
<msg time="2024-05-30T01:04:29.037763" level="INFO">username</msg>
<arg>${keyTwo}</arg>
<doc>Logs the given message with the given level.</doc>
<status status="PASS" start="2024-05-30T01:04:29.037637" elapsed="0.000162"/>
</kw>
<var name="${keyTwo}">username</var>
<status status="PASS" start="2024-05-30T01:04:29.036121" elapsed="0.001891"/>
</iter>
<iter>
<kw name="Dictionary Should Contain Key" owner="Collections">
<msg time="2024-05-30T01:04:29.038739" level="INFO">False</msg>
<arg>${json_data['results'][0]['login']}</arg>
<arg>${keyTwo}</arg>
<doc>Fails if ``key`` is not found from ``dictionary``.</doc>
<status status="PASS" start="2024-05-30T01:04:29.038303" elapsed="0.000474"/>
</kw>
<kw name="Dictionary Should Contain Key" owner="Collections">
<msg time="2024-05-30T01:04:29.039525" level="INFO">False</msg>
<arg>${json_data['results'][0]['login']}</arg>
<arg>${keyTwo}</arg>
<doc>Fails if ``key`` is not found from ``dictionary``.</doc>
<status status="PASS" start="2024-05-30T01:04:29.039077" elapsed="0.000487"/>
</kw>
<kw name="Log" owner="BuiltIn">
<msg time="2024-05-30T01:04:29.039990" level="INFO">password</msg>
<arg>${keyTwo}</arg>
<doc>Logs the given message with the given level.</doc>
<status status="PASS" start="2024-05-30T01:04:29.039863" elapsed="0.000163"/>
</kw>
<var name="${keyTwo}">password</var>
<status status="PASS" start="2024-05-30T01:04:29.038189" elapsed="0.002060"/>
</iter>
<var>${keyTwo}</var>
<value>@{expected_keysTwo}</value>
<status status="PASS" start="2024-05-30T01:04:29.035970" elapsed="0.004400"/>
</for>
<status status="PASS" start="2024-05-30T01:04:28.922076" elapsed="0.118434"/>
</kw>
<doc>Testa a estrutura da resposta da API.</doc>
<tag>testeEstruturaResposta</tag>
<status status="PASS" start="2024-05-30T01:04:28.921564" elapsed="0.119102"/>
</test>
<test id="s1-s1-t4" name="Validar tipos de dados" line="28">
<kw name="Teste de Tipos de Dados" owner="random-user-service">
<kw name="GET On Session" owner="RequestsLibrary">
<msg time="2024-05-30T01:04:29.134646" level="INFO">GET Request : url=https://randomuser.me/api 
 path_url=/api 
 headers={'User-Agent': 'python-requests/2.32.3', 'Accept-Encoding': 'gzip, deflate', 'Accept': '*/*', 'Connection': 'keep-alive'} 
 body=None 
 </msg>
<msg time="2024-05-30T01:04:29.134723" level="INFO">GET Response : url=https://randomuser.me/api 
 status=200, reason=OK 
 headers={'Date': 'Thu, 30 May 2024 01:04:29 GMT', 'Content-Type': 'application/json; charset=utf-8', 'Transfer-Encoding': 'chunked', 'Connection': 'keep-alive', 'X-Powered-By': 'Express', 'Access-Control-Allow-Origin': '*', 'Cache-Control': 'no-cache', 'ETag': 'W/"47d-ubKyd3UU/RTqkLV//BoD7q9Mj+0"', 'Vary': 'Accept-Encoding', 'Content-Encoding': 'gzip', 'CF-Cache-Status': 'DYNAMIC', 'Report-To': '{"endpoints":[{"url":"https:\\/\\/a.nel.cloudflare.com\\/report\\/v4?s=Te34zgCWk6n59hY9gbsMllH2t2VrVsRpbeCK8UTgjY1AodmNxTHvpCD%2FAlgdPqV7uMJDlbikUna2%2BzJJMmqlOBsAe4PleBcA3xtndCp0Vw9TvLQ79I0qcEntO%2F7utRfP"}],"group":"cf-nel","max_age":604800}', 'NEL': '{"success_fraction":0,"report_to":"cf-nel","max_age":604800}', 'Server': 'cloudflare', 'CF-RAY': '88bacf759bc228c4-IAD', 'alt-svc': 'h3=":443"; ma=86400'} 
 body={"results":[{"gender":"female","name":{"title":"Miss","first":"Nadežda","last":"Tešić"},"location":{"street":{"number":7551,"name":"Aljehinova"},"city":"Trstenik","state":"Zaječar","country":"Serbia","postcode":66594,"coordinates":{"latitude":"59.2055","longitude":"152.9654"},"timezone":{"offset":"-3:30","description":"Newfoundland"}},"email":"nadezda.tesic@example.com","login":{"uuid":"9d25c0df-a998-4840-be85-77598d025073","username":"greenladybug528","password":"leeann","salt":"JKHHpcB4","md5":"59da2ecaf2b37ef9535c7c0c72ef48f4","sha1":"6cd83ecea675b7644fdbbade435695b1d6921a56","sha256":"efc453fececc32dc12118e86035b54e57045e86efa55c795fdc5637d91907f5a"},"dob":{"date":"1964-12-22T08:30:41.241Z","age":59},"registered":{"date":"2014-06-11T16:38:43.248Z","age":9},"phone":"030-1304-114","cell":"067-4955-662","id":{"name":"SID","value":"964120600"},"picture":{"large":"https://randomuser.me/api/portraits/women/53.jpg","medium":"https://randomuser.me/api/portraits/med/women/53.jpg","thumbnail":"https://randomuser.me/api/portraits/thumb/women/53.jpg"},"nat":"RS"}],"info":{"seed":"1e258dc798d43eec","results":1,"page":1,"version":"1.4"}} 
 </msg>
<msg time="2024-05-30T01:04:29.134789" level="INFO">/opt/hostedtoolcache/Python/3.12.3/x64/lib/python3.12/site-packages/urllib3/connectionpool.py:1103: InsecureRequestWarning: Unverified HTTPS request is being made to host 'randomuser.me'. Adding certificate verification is strongly advised. See: https://urllib3.readthedocs.io/en/latest/advanced-usage.html#tls-warnings
  warnings.warn(</msg>
<msg time="2024-05-30T01:04:29.134881" level="INFO">${response} = &lt;Response [200]&gt;</msg>
<var>${response}</var>
<arg>consultarAPI</arg>
<arg>/api</arg>
<doc>Sends a GET request on a previously created HTTP Session.</doc>
<status status="PASS" start="2024-05-30T01:04:29.043159" elapsed="0.091751"/>
</kw>
<kw name="Set Variable" owner="BuiltIn">
<msg time="2024-05-30T01:04:29.135816" level="INFO">${json_data} = {'results': [{'gender': 'female', 'name': {'title': 'Miss', 'first': 'Nadežda', 'last': 'Tešić'}, 'location': {'street': {'number': 7551, 'name': 'Aljehinova'}, 'city': 'Trstenik', 'state': 'Zaječar',...</msg>
<var>${json_data}</var>
<arg>${response.json()}</arg>
<doc>Returns the given values which can then be assigned to a variables.</doc>
<status status="PASS" start="2024-05-30T01:04:29.135335" elapsed="0.000511"/>
</kw>
<kw name="Log" owner="BuiltIn">
<msg time="2024-05-30T01:04:29.136310" level="INFO">{'results': [{'gender': 'female', 'name': {'title': 'Miss', 'first': 'Nadežda', 'last': 'Tešić'}, 'location': {'street': {'number': 7551, 'name': 'Aljehinova'}, 'city': 'Trstenik', 'state': 'Zaječar', 'country': 'Serbia', 'postcode': 66594, 'coordinates': {'latitude': '59.2055', 'longitude': '152.9654'}, 'timezone': {'offset': '-3:30', 'description': 'Newfoundland'}}, 'email': 'nadezda.tesic@example.com', 'login': {'uuid': '9d25c0df-a998-4840-be85-77598d025073', 'username': 'greenladybug528', 'password': 'leeann', 'salt': 'JKHHpcB4', 'md5': '59da2ecaf2b37ef9535c7c0c72ef48f4', 'sha1': '6cd83ecea675b7644fdbbade435695b1d6921a56', 'sha256': 'efc453fececc32dc12118e86035b54e57045e86efa55c795fdc5637d91907f5a'}, 'dob': {'date': '1964-12-22T08:30:41.241Z', 'age': 59}, 'registered': {'date': '2014-06-11T16:38:43.248Z', 'age': 9}, 'phone': '030-1304-114', 'cell': '067-4955-662', 'id': {'name': 'SID', 'value': '964120600'}, 'picture': {'large': 'https://randomuser.me/api/portraits/women/53.jpg', 'medium': 'https://randomuser.me/api/portraits/med/women/53.jpg', 'thumbnail': 'https://randomuser.me/api/portraits/thumb/women/53.jpg'}, 'nat': 'RS'}], 'info': {'seed': '1e258dc798d43eec', 'results': 1, 'page': 1, 'version': '1.4'}}</msg>
<arg>${json_data}</arg>
<doc>Logs the given message with the given level.</doc>
<status status="PASS" start="2024-05-30T01:04:29.136153" elapsed="0.000241"/>
</kw>
<kw name="Should Be String" owner="String">
<arg>${json_data['results'][0]['gender']}</arg>
<doc>Fails if the given ``item`` is not a string.</doc>
<status status="PASS" start="2024-05-30T01:04:29.136698" elapsed="0.000360"/>
</kw>
<kw name="Should Match Regexp" owner="BuiltIn">
<arg>${json_data['results'][0]['email']}</arg>
<arg>^[a-zA-Z0-9._%+-]+@[a-zA-Z0-9.-]+\.[a-zA-Z]{2,}$</arg>
<doc>Fails if ``string`` does not match ``pattern`` as a regular expression.</doc>
<status status="PASS" start="2024-05-30T01:04:29.137252" elapsed="0.000523"/>
</kw>
<kw name="Should Match Regexp" owner="BuiltIn">
<arg>${json_data['results'][0]['dob']['date']}</arg>
<arg>\\d{4}-\\d{2}-\\d{2}T\\d{2}:\\d{2}:\\d{2}\\.\\d{3}Z</arg>
<doc>Fails if ``string`` does not match ``pattern`` as a regular expression.</doc>
<status status="PASS" start="2024-05-30T01:04:29.137972" elapsed="0.000536"/>
</kw>
<kw name="Should Match Regexp" owner="BuiltIn">
<arg>${json_data['results'][0]['registered']['date']}</arg>
<arg>\\d{4}-\\d{2}-\\d{2}T\\d{2}:\\d{2}:\\d{2}\\.\\d{3}Z</arg>
<doc>Fails if ``string`` does not match ``pattern`` as a regular expression.</doc>
<status status="PASS" start="2024-05-30T01:04:29.138709" elapsed="0.000365"/>
</kw>
<kw name="Should Match Regexp" owner="BuiltIn">
<arg>${json_data['results'][0]['picture']['large']}</arg>
<arg>^https?://.*\.(?:png|jpe?g|gif|bmp)$</arg>
<doc>Fails if ``string`` does not match ``pattern`` as a regular expression.</doc>
<status status="PASS" start="2024-05-30T01:04:29.139263" elapsed="0.000461"/>
</kw>
<kw name="Should Match Regexp" owner="BuiltIn">
<arg>${json_data['results'][0]['picture']['medium']}</arg>
<arg>^https?://.*\.(?:png|jpe?g|gif|bmp)$</arg>
<doc>Fails if ``string`` does not match ``pattern`` as a regular expression.</doc>
<status status="PASS" start="2024-05-30T01:04:29.139913" elapsed="0.000348"/>
</kw>
<kw name="Should Match Regexp" owner="BuiltIn">
<arg>${json_data['results'][0]['picture']['thumbnail']}</arg>
<arg>^https?://.*\.(?:png|jpe?g|gif|bmp)$</arg>
<doc>Fails if ``string`` does not match ``pattern`` as a regular expression.</doc>
<status status="PASS" start="2024-05-30T01:04:29.140451" elapsed="0.000375"/>
</kw>
<kw name="Log" owner="BuiltIn">
<msg time="2024-05-30T01:04:29.141343" level="INFO">{'large': 'https://randomuser.me/api/portraits/women/53.jpg', 'medium': 'https://randomuser.me/api/portraits/med/women/53.jpg', 'thumbnail': 'https://randomuser.me/api/portraits/thumb/women/53.jpg'}</msg>
<arg>${json_data['results'][0]['picture']}</arg>
<doc>Logs the given message with the given level.</doc>
<status status="PASS" start="2024-05-30T01:04:29.141021" elapsed="0.000363"/>
</kw>
<status status="PASS" start="2024-05-30T01:04:29.042929" elapsed="0.098712"/>
</kw>
<kw name="Teste de Tipos de Dados - Postcode" owner="random-user-service">
<kw name="GET On Session" owner="RequestsLibrary">
<msg time="2024-05-30T01:04:29.216592" level="INFO">GET Request : url=https://randomuser.me/api 
 path_url=/api 
 headers={'User-Agent': 'python-requests/2.32.3', 'Accept-Encoding': 'gzip, deflate', 'Accept': '*/*', 'Connection': 'keep-alive'} 
 body=None 
 </msg>
<msg time="2024-05-30T01:04:29.216669" level="INFO">GET Response : url=https://randomuser.me/api 
 status=200, reason=OK 
 headers={'Date': 'Thu, 30 May 2024 01:04:29 GMT', 'Content-Type': 'application/json; charset=utf-8', 'Transfer-Encoding': 'chunked', 'Connection': 'keep-alive', 'X-Powered-By': 'Express', 'Access-Control-Allow-Origin': '*', 'Cache-Control': 'no-cache', 'ETag': 'W/"4b4-vwxWzsGFEpHE4a7cW8yCFVyO4ZI"', 'Vary': 'Accept-Encoding', 'Content-Encoding': 'gzip', 'CF-Cache-Status': 'DYNAMIC', 'Report-To': '{"endpoints":[{"url":"https:\\/\\/a.nel.cloudflare.com\\/report\\/v4?s=xIoHPBpfM2ZzkgUQokDbuKhHutITw6duI8psG%2FJbRjOWX4B0NRFaeXT3OB7LnwP7wnvvUICyhHYD9pasrRqDqAZDBWWfLHJ8UP7H0m22tzlVnOElBY5hVhZS3Yax2X1%2F"}],"group":"cf-nel","max_age":604800}', 'NEL': '{"success_fraction":0,"report_to":"cf-nel","max_age":604800}', 'Server': 'cloudflare', 'CF-RAY': '88bacf763cb128c4-IAD', 'alt-svc': 'h3=":443"; ma=86400'} 
 body={"results":[{"gender":"female","name":{"title":"Miss","first":"Mitzy","last":"Báez"},"location":{"street":{"number":2033,"name":"Viaducto Sinaloa"},"city":"Ayutla (San Felipe Ayutla)","state":"Sinaloa","country":"Mexico","postcode":15193,"coordinates":{"latitude":"28.9674","longitude":"56.1570"},"timezone":{"offset":"-5:00","description":"Eastern Time (US &amp; Canada), Bogota, Lima"}},"email":"mitzy.baez@example.com","login":{"uuid":"b1333f1c-09dd-42f2-ada3-a475fce6e743","username":"brownostrich351","password":"patrick1","salt":"LZZj0kP1","md5":"aacfdef1eb229a2fb071e83f87602b7e","sha1":"1499787cf75d50710865cf829f419e4db012c6bd","sha256":"bed4702bcbcd23c78b68492202b98837fd8d84bbbc650d42de1caafb3f49e27a"},"dob":{"date":"1971-06-16T01:25:04.397Z","age":52},"registered":{"date":"2009-05-18T04:17:59.732Z","age":15},"phone":"(679) 484 2272","cell":"(610) 531 2131","id":{"name":"NSS","value":"18 62 59 2921 2"},"picture":{"large":"https://randomuser.me/api/portraits/women/95.jpg","medium":"https://randomuser.me/api/portraits/med/women/95.jpg","thumbnail":"https://randomuser.me/api/portraits/thumb/women/95.jpg"},"nat":"MX"}],"info":{"seed":"c353c6ba6b572da7","results":1,"page":1,"version":"1.4"}} 
 </msg>
<msg time="2024-05-30T01:04:29.216742" level="INFO">/opt/hostedtoolcache/Python/3.12.3/x64/lib/python3.12/site-packages/urllib3/connectionpool.py:1103: InsecureRequestWarning: Unverified HTTPS request is being made to host 'randomuser.me'. Adding certificate verification is strongly advised. See: https://urllib3.readthedocs.io/en/latest/advanced-usage.html#tls-warnings
  warnings.warn(</msg>
<msg time="2024-05-30T01:04:29.216844" level="INFO">${response} = &lt;Response [200]&gt;</msg>
<var>${response}</var>
<arg>consultarAPI</arg>
<arg>/api</arg>
<doc>Sends a GET request on a previously created HTTP Session.</doc>
<status status="PASS" start="2024-05-30T01:04:29.142093" elapsed="0.074781"/>
</kw>
<kw name="Set Variable" owner="BuiltIn">
<msg time="2024-05-30T01:04:29.217714" level="INFO">${json_data} = {'results': [{'gender': 'female', 'name': {'title': 'Miss', 'first': 'Mitzy', 'last': 'Báez'}, 'location': {'street': {'number': 2033, 'name': 'Viaducto Sinaloa'}, 'city': 'Ayutla (San Felipe Ayutla)'...</msg>
<var>${json_data}</var>
<arg>${response.json()}</arg>
<doc>Returns the given values which can then be assigned to a variables.</doc>
<status status="PASS" start="2024-05-30T01:04:29.217264" elapsed="0.000479"/>
</kw>
<kw name="Log" owner="BuiltIn">
<msg time="2024-05-30T01:04:29.218201" level="INFO">{'results': [{'gender': 'female', 'name': {'title': 'Miss', 'first': 'Mitzy', 'last': 'Báez'}, 'location': {'street': {'number': 2033, 'name': 'Viaducto Sinaloa'}, 'city': 'Ayutla (San Felipe Ayutla)', 'state': 'Sinaloa', 'country': 'Mexico', 'postcode': 15193, 'coordinates': {'latitude': '28.9674', 'longitude': '56.1570'}, 'timezone': {'offset': '-5:00', 'description': 'Eastern Time (US &amp; Canada), Bogota, Lima'}}, 'email': 'mitzy.baez@example.com', 'login': {'uuid': 'b1333f1c-09dd-42f2-ada3-a475fce6e743', 'username': 'brownostrich351', 'password': 'patrick1', 'salt': 'LZZj0kP1', 'md5': 'aacfdef1eb229a2fb071e83f87602b7e', 'sha1': '1499787cf75d50710865cf829f419e4db012c6bd', 'sha256': 'bed4702bcbcd23c78b68492202b98837fd8d84bbbc650d42de1caafb3f49e27a'}, 'dob': {'date': '1971-06-16T01:25:04.397Z', 'age': 52}, 'registered': {'date': '2009-05-18T04:17:59.732Z', 'age': 15}, 'phone': '(679) 484 2272', 'cell': '(610) 531 2131', 'id': {'name': 'NSS', 'value': '18 62 59 2921 2'}, 'picture': {'large': 'https://randomuser.me/api/portraits/women/95.jpg', 'medium': 'https://randomuser.me/api/portraits/med/women/95.jpg', 'thumbnail': 'https://randomuser.me/api/portraits/thumb/women/95.jpg'}, 'nat': 'MX'}], 'info': {'seed': 'c353c6ba6b572da7', 'results': 1, 'page': 1, 'version': '1.4'}}</msg>
<arg>${json_data}</arg>
<doc>Logs the given message with the given level.</doc>
<status status="PASS" start="2024-05-30T01:04:29.218049" elapsed="0.000232"/>
</kw>
<kw name="Should Be Equal As Numbers" owner="BuiltIn">
<arg>${json_data['results'][0]['location']['postcode']}</arg>
<arg>${json_data['results'][0]['location']['postcode']}</arg>
<doc>Fails if objects are unequal after converting them to real numbers.</doc>
<status status="PASS" start="2024-05-30T01:04:29.218644" elapsed="0.000742"/>
</kw>
<kw name="Log" owner="BuiltIn">
<msg time="2024-05-30T01:04:29.219916" level="INFO">15193</msg>
<arg>${json_data['results'][0]['location']['postcode']}</arg>
<doc>Logs the given message with the given level.</doc>
<status status="PASS" start="2024-05-30T01:04:29.219583" elapsed="0.000374"/>
</kw>
<status status="PASS" start="2024-05-30T01:04:29.141862" elapsed="0.078346"/>
</kw>
<doc>Testa se os tipos de dados na resposta da API estão corretos.</doc>
<tag>testeTiposDados</tag>
<status status="PASS" start="2024-05-30T01:04:29.042463" elapsed="0.177905"/>
</test>
<test id="s1-s1-t5" name="Validar conteudo" line="35">
<kw name="Teste de Tipos de Conteudo" owner="random-user-service">
<kw name="GET On Session" owner="RequestsLibrary">
<msg time="2024-05-30T01:04:29.327029" level="INFO">GET Request : url=https://randomuser.me/api 
 path_url=/api 
 headers={'User-Agent': 'python-requests/2.32.3', 'Accept-Encoding': 'gzip, deflate', 'Accept': '*/*', 'Connection': 'keep-alive'} 
 body=None 
 </msg>
<msg time="2024-05-30T01:04:29.327121" level="INFO">GET Response : url=https://randomuser.me/api 
 status=200, reason=OK 
 headers={'Date': 'Thu, 30 May 2024 01:04:29 GMT', 'Content-Type': 'application/json; charset=utf-8', 'Transfer-Encoding': 'chunked', 'Connection': 'keep-alive', 'X-Powered-By': 'Express', 'Access-Control-Allow-Origin': '*', 'Cache-Control': 'no-cache', 'ETag': 'W/"492-ZR7iY5Gh+UyU48eTw312mp8rCrE"', 'Vary': 'Accept-Encoding', 'Content-Encoding': 'gzip', 'CF-Cache-Status': 'DYNAMIC', 'Report-To': '{"endpoints":[{"url":"https:\\/\\/a.nel.cloudflare.com\\/report\\/v4?s=K2UJVK4Bu%2FW%2BG%2FA7Gk2UhXE%2F2QQXc3Ky7qzB7CGhWH%2Fi3GRK3JjUIn%2BDhVUeRnSowWS3%2FpG2BLShUqCgiJu8mH5p9P6eNfsZT%2BHXRXl001FKS1qujIzrIoe82EmOTvaO"}],"group":"cf-nel","max_age":604800}', 'NEL': '{"success_fraction":0,"report_to":"cf-nel","max_age":604800}', 'Server': 'cloudflare', 'CF-RAY': '88bacf76bd6528c4-IAD', 'alt-svc': 'h3=":443"; ma=86400'} 
 body={"results":[{"gender":"female","name":{"title":"Mrs","first":"Leona","last":"Medina"},"location":{"street":{"number":1107,"name":"Lakeshore Rd"},"city":"Kalgoorlie","state":"Western Australia","country":"Australia","postcode":6719,"coordinates":{"latitude":"-87.3480","longitude":"130.7157"},"timezone":{"offset":"-1:00","description":"Azores, Cape Verde Islands"}},"email":"leona.medina@example.com","login":{"uuid":"9996167f-8710-45d8-99df-e82f7b43e378","username":"yellowtiger604","password":"stud","salt":"EfdwZGuK","md5":"4dd80dd7eae6707298903c4c551539d4","sha1":"e7186320bca4fcdc14fec3d3e399222ca811453d","sha256":"12e49b461f048fe3b3c5cc8e0ce61804814cbfe1943d707d9da2298e9fe8acb3"},"dob":{"date":"1953-05-02T10:40:30.476Z","age":71},"registered":{"date":"2021-08-01T14:31:19.283Z","age":2},"phone":"07-2292-4501","cell":"0407-050-331","id":{"name":"TFN","value":"299922765"},"picture":{"large":"https://randomuser.me/api/portraits/women/45.jpg","medium":"https://randomuser.me/api/portraits/med/women/45.jpg","thumbnail":"https://randomuser.me/api/portraits/thumb/women/45.jpg"},"nat":"AU"}],"info":{"seed":"6929e2345b0865c0","results":1,"page":1,"version":"1.4"}} 
 </msg>
<msg time="2024-05-30T01:04:29.327186" level="INFO">/opt/hostedtoolcache/Python/3.12.3/x64/lib/python3.12/site-packages/urllib3/connectionpool.py:1103: InsecureRequestWarning: Unverified HTTPS request is being made to host 'randomuser.me'. Adding certificate verification is strongly advised. See: https://urllib3.readthedocs.io/en/latest/advanced-usage.html#tls-warnings
  warnings.warn(</msg>
<msg time="2024-05-30T01:04:29.327295" level="INFO">${response} = &lt;Response [200]&gt;</msg>
<var>${response}</var>
<arg>consultarAPI</arg>
<arg>/api</arg>
<doc>Sends a GET request on a previously created HTTP Session.</doc>
<status status="PASS" start="2024-05-30T01:04:29.222804" elapsed="0.104531"/>
</kw>
<kw name="Set Variable" owner="BuiltIn">
<msg time="2024-05-30T01:04:29.328350" level="INFO">${json_data} = {'results': [{'gender': 'female', 'name': {'title': 'Mrs', 'first': 'Leona', 'last': 'Medina'}, 'location': {'street': {'number': 1107, 'name': 'Lakeshore Rd'}, 'city': 'Kalgoorlie', 'state': 'Western...</msg>
<var>${json_data}</var>
<arg>${response.json()}</arg>
<doc>Returns the given values which can then be assigned to a variables.</doc>
<status status="PASS" start="2024-05-30T01:04:29.327848" elapsed="0.000532"/>
</kw>
<kw name="Set Variable" owner="BuiltIn">
<msg time="2024-05-30T01:04:29.329066" level="INFO">${name_title} = Mrs</msg>
<var>${name_title}</var>
<arg>${json_data["results"][0]["name"]["title"]}</arg>
<doc>Returns the given values which can then be assigned to a variables.</doc>
<status status="PASS" start="2024-05-30T01:04:29.328686" elapsed="0.000405"/>
</kw>
<kw name="Create List" owner="BuiltIn">
<msg time="2024-05-30T01:04:29.329535" level="INFO">${allowed_titles} = ['Mr', 'Ms', 'Miss', 'Mrs', 'Madame', 'Monsieur']</msg>
<var>${allowed_titles}</var>
<arg>Mr</arg>
<arg>Ms</arg>
<arg>Miss</arg>
<arg>Mrs</arg>
<arg>Madame</arg>
<arg>Monsieur</arg>
<doc>Returns a list containing given items.</doc>
<status status="PASS" start="2024-05-30T01:04:29.329388" elapsed="0.000171"/>
</kw>
<kw name="List Should Contain Value" owner="Collections">
<msg time="2024-05-30T01:04:29.330033" level="INFO">False</msg>
<arg>${allowed_titles}</arg>
<arg>${name_title}</arg>
<doc>Fails if the ``value`` is not found from ``list``.</doc>
<status status="PASS" start="2024-05-30T01:04:29.329861" elapsed="0.000213"/>
</kw>
<kw name="Set Variable" owner="BuiltIn">
<msg time="2024-05-30T01:04:29.330791" level="INFO">${name_country} = AU</msg>
<var>${name_country}</var>
<arg>${json_data["results"][0]["nat"]}</arg>
<doc>Returns the given values which can then be assigned to a variables.</doc>
<status status="PASS" start="2024-05-30T01:04:29.330400" elapsed="0.000416"/>
</kw>
<kw name="Create List" owner="BuiltIn">
<msg time="2024-05-30T01:04:29.331716" level="INFO">${list_country} = ['AD', 'AE', 'AF', 'AG', 'AI', 'AL', 'AM', 'AO', 'AQ', 'AR', 'AS', 'AT', 'AU', 'AW', 'AX', 'AZ', 'BA', 'BB', 'BD', 'BE', 'BF', 'BG', 'BH', 'BI', 'BJ', 'BL', 'BM', 'BN', 'BO', 'BQ', 'BR', 'BS', 'BT', '...</msg>
<var>${list_country}</var>
<arg>AD</arg>
<arg>AE</arg>
<arg>AF</arg>
<arg>AG</arg>
<arg>AI</arg>
<arg>AL</arg>
<arg>AM</arg>
<arg>AO</arg>
<arg>AQ</arg>
<arg>AR</arg>
<arg>AS</arg>
<arg>AT</arg>
<arg>AU</arg>
<arg>AW</arg>
<arg>AX</arg>
<arg>AZ</arg>
<arg>BA</arg>
<arg>BB</arg>
<arg>BD</arg>
<arg>BE</arg>
<arg>BF</arg>
<arg>BG</arg>
<arg>BH</arg>
<arg>BI</arg>
<arg>BJ</arg>
<arg>BL</arg>
<arg>BM</arg>
<arg>BN</arg>
<arg>BO</arg>
<arg>BQ</arg>
<arg>BR</arg>
<arg>BS</arg>
<arg>BT</arg>
<arg>BV</arg>
<arg>BW</arg>
<arg>BY</arg>
<arg>BZ</arg>
<arg>CA</arg>
<arg>CC</arg>
<arg>CD</arg>
<arg>CF</arg>
<arg>CG</arg>
<arg>CH</arg>
<arg>CI</arg>
<arg>CK</arg>
<arg>CL</arg>
<arg>CM</arg>
<arg>CN</arg>
<arg>CO</arg>
<arg>CR</arg>
<arg>CU</arg>
<arg>CV</arg>
<arg>CW</arg>
<arg>CX</arg>
<arg>CY</arg>
<arg>CZ</arg>
<arg>DE</arg>
<arg>DJ</arg>
<arg>DK</arg>
<arg>DM</arg>
<arg>DO</arg>
<arg>DZ</arg>
<arg>EC</arg>
<arg>EE</arg>
<arg>EG</arg>
<arg>EH</arg>
<arg>ER</arg>
<arg>ES</arg>
<arg>ET</arg>
<arg>FI</arg>
<arg>FJ</arg>
<arg>FK</arg>
<arg>FM</arg>
<arg>FO</arg>
<arg>FR</arg>
<arg>GA</arg>
<arg>GB</arg>
<arg>GD</arg>
<arg>GE</arg>
<arg>GF</arg>
<arg>GG</arg>
<arg>GH</arg>
<arg>GI</arg>
<arg>GL</arg>
<arg>GM</arg>
<arg>GN</arg>
<arg>GP</arg>
<arg>GQ</arg>
<arg>GR</arg>
<arg>GS</arg>
<arg>GT</arg>
<arg>GU</arg>
<arg>GW</arg>
<arg>GY</arg>
<arg>HK</arg>
<arg>HM</arg>
<arg>HN</arg>
<arg>HR</arg>
<arg>HT</arg>
<arg>HU</arg>
<arg>ID</arg>
<arg>IE</arg>
<arg>IL</arg>
<arg>IM</arg>
<arg>IN</arg>
<arg>IO</arg>
<arg>IQ</arg>
<arg>IR</arg>
<arg>IS</arg>
<arg>IT</arg>
<arg>JE</arg>
<arg>JM</arg>
<arg>JO</arg>
<arg>JP</arg>
<arg>KE</arg>
<arg>KG</arg>
<arg>KH</arg>
<arg>KI</arg>
<arg>KM</arg>
<arg>KN</arg>
<arg>KP</arg>
<arg>KR</arg>
<arg>KW</arg>
<arg>KY</arg>
<arg>KZ</arg>
<arg>LA</arg>
<arg>LB</arg>
<arg>LC</arg>
<arg>LI</arg>
<arg>LK</arg>
<arg>LR</arg>
<arg>LS</arg>
<arg>LT</arg>
<arg>LU</arg>
<arg>LV</arg>
<arg>LY</arg>
<arg>MA</arg>
<arg>MC</arg>
<arg>MD</arg>
<arg>ME</arg>
<arg>MF</arg>
<arg>MG</arg>
<arg>MH</arg>
<arg>MK</arg>
<arg>ML</arg>
<arg>MM</arg>
<arg>MN</arg>
<arg>MO</arg>
<arg>MP</arg>
<arg>MQ</arg>
<arg>MR</arg>
<arg>MS</arg>
<arg>MT</arg>
<arg>MU</arg>
<arg>MV</arg>
<arg>MW</arg>
<arg>MX</arg>
<arg>MY</arg>
<arg>MZ</arg>
<arg>NA</arg>
<arg>NC</arg>
<arg>NE</arg>
<arg>NF</arg>
<arg>NG</arg>
<arg>NI</arg>
<arg>NL</arg>
<arg>NO</arg>
<arg>NP</arg>
<arg>NR</arg>
<arg>NU</arg>
<arg>NZ</arg>
<arg>OM</arg>
<arg>PA</arg>
<arg>PE</arg>
<arg>PF</arg>
<arg>PG</arg>
<arg>PH</arg>
<arg>PK</arg>
<arg>PL</arg>
<arg>PM</arg>
<arg>PN</arg>
<arg>PR</arg>
<arg>PS</arg>
<arg>PT</arg>
<arg>PW</arg>
<arg>PY</arg>
<arg>QA</arg>
<arg>RE</arg>
<arg>RO</arg>
<arg>RS</arg>
<arg>RU</arg>
<arg>RW</arg>
<arg>SA</arg>
<arg>SB</arg>
<arg>SC</arg>
<arg>SD</arg>
<arg>SE</arg>
<arg>SG</arg>
<arg>SH</arg>
<arg>SI</arg>
<arg>SJ</arg>
<arg>SK</arg>
<arg>SL</arg>
<arg>SM</arg>
<arg>SN</arg>
<arg>SO</arg>
<arg>SR</arg>
<arg>SS</arg>
<arg>ST</arg>
<arg>SV</arg>
<arg>SX</arg>
<arg>SY</arg>
<arg>SZ</arg>
<arg>TC</arg>
<arg>TD</arg>
<arg>TF</arg>
<arg>TG</arg>
<arg>TH</arg>
<arg>TJ</arg>
<arg>TK</arg>
<arg>TL</arg>
<arg>TM</arg>
<arg>TN</arg>
<arg>TO</arg>
<arg>TR</arg>
<arg>TT</arg>
<arg>TV</arg>
<arg>TW</arg>
<arg>TZ</arg>
<arg>UA</arg>
<arg>UG</arg>
<arg>UM</arg>
<arg>US</arg>
<arg>UY</arg>
<arg>UZ</arg>
<arg>VA</arg>
<arg>VC</arg>
<arg>VE</arg>
<arg>VG</arg>
<arg>VI</arg>
<arg>VN</arg>
<arg>VU</arg>
<arg>WF</arg>
<arg>WS</arg>
<arg>XK</arg>
<arg>YE</arg>
<arg>YT</arg>
<arg>ZA</arg>
<arg>ZM</arg>
<arg>ZW</arg>
<doc>Returns a list containing given items.</doc>
<status status="PASS" start="2024-05-30T01:04:29.331116" elapsed="0.000626"/>
</kw>
<kw name="List Should Contain Value" owner="Collections">
<msg time="2024-05-30T01:04:29.332729" level="INFO">False</msg>
<arg>${list_country}</arg>
<arg>${name_country}</arg>
<doc>Fails if the ``value`` is not found from ``list``.</doc>
<status status="PASS" start="2024-05-30T01:04:29.332521" elapsed="0.000245"/>
</kw>
<kw name="Run Keyword If" owner="BuiltIn">
<kw name="Should Be True" owner="BuiltIn">
<arg>${True}</arg>
<doc>Fails if the given condition is not true.</doc>
<status status="PASS" start="2024-05-30T01:04:29.333825" elapsed="0.000143"/>
</kw>
<arg>${json_data["results"][0]["location"]["coordinates"]["latitude"]} &gt;= -90 and ${json_data["results"][0]["location"]["coordinates"]["latitude"]} &lt;= 90</arg>
<arg>Should Be True</arg>
<arg>${True}</arg>
<doc>Runs the given keyword with the given arguments, if ``condition`` is true.</doc>
<status status="PASS" start="2024-05-30T01:04:29.333077" elapsed="0.001017"/>
</kw>
<kw name="Run Keyword If" owner="BuiltIn">
<kw name="Should Be True" owner="BuiltIn">
<arg>${True}</arg>
<doc>Fails if the given condition is not true.</doc>
<status status="PASS" start="2024-05-30T01:04:29.335016" elapsed="0.000253"/>
</kw>
<arg>${json_data["results"][0]["location"]["coordinates"]["longitude"]} &gt;= -180 and ${json_data["results"][0]["location"]["coordinates"]["longitude"]} &lt;= 180</arg>
<arg>Should Be True</arg>
<arg>${True}</arg>
<doc>Runs the given keyword with the given arguments, if ``condition`` is true.</doc>
<status status="PASS" start="2024-05-30T01:04:29.334278" elapsed="0.001119"/>
</kw>
<status status="PASS" start="2024-05-30T01:04:29.222580" elapsed="0.112985"/>
</kw>
<doc>Testa o conteúdo específico dos campos retornados pela API.</doc>
<tag>testeConteudo</tag>
<status status="PASS" start="2024-05-30T01:04:29.222115" elapsed="0.113604"/>
</test>
<status status="PASS" start="2024-05-30T01:04:28.286984" elapsed="1.050643"/>
</suite>
<status status="PASS" start="2024-05-30T01:04:28.273299" elapsed="1.069510"/>
</suite>
<statistics>
<total>
<stat pass="5" fail="0" skip="0">All Tests</stat>
</total>
<tag>
<stat pass="1" fail="0" skip="0">testeConteudo</stat>
<stat pass="1" fail="0" skip="0">testeEstruturaResposta</stat>
<stat pass="1" fail="0" skip="0">testeRequisicaoBasica</stat>
<stat pass="1" fail="0" skip="0">testeTiposDados</stat>
</tag>
<suite>
<stat pass="5" fail="0" skip="0" id="s1" name="Tests">Tests</stat>
<stat pass="5" fail="0" skip="0" id="s1-s1" name="Random-User-Test">Tests.Random-User-Test</stat>
</suite>
</statistics>
<errors>
</errors>
</robot>
