<?xml version="1.0" encoding="UTF-8"?>
<robot generator="Robot 7.0 (Python 3.12.3 on linux)" generated="2024-05-30T04:20:33.475388" rpa="false" schemaversion="5">
<suite id="s1" name="Tests" source="/home/runner/work/ApiRandomUser/ApiRandomUser/RamdonUser/tests">
<suite id="s1-s1" name="Random-User-Test" source="/home/runner/work/ApiRandomUser/ApiRandomUser/RamdonUser/tests/random-user-test.robot">
<test id="s1-s1-t1" name="Conectar" line="13">
<kw name="Conectar API" owner="random-user-service">
<kw name="Create Session" owner="RequestsLibrary">
<msg time="2024-05-30T04:20:33.942111" level="INFO">Creating Session using : alias=consultarAPI, url=https://randomuser.me/, headers={},                     cookies={}, auth=None, timeout=None, proxies=None, verify=False,                     debug=0 </msg>
<arg>consultarAPI</arg>
<arg>${URL}</arg>
<doc>Create Session: create a HTTP session to a server</doc>
<status status="PASS" start="2024-05-30T04:20:33.941883" elapsed="0.000420"/>
</kw>
<status status="PASS" start="2024-05-30T04:20:33.940770" elapsed="0.001918"/>
</kw>
<status status="PASS" start="2024-05-30T04:20:33.940063" elapsed="0.002826"/>
</test>
<test id="s1-s1-t2" name="Validar retorno 200 e JSON Válido" line="16">
<kw name="Teste de Requisicao Basica" owner="random-user-service">
<kw name="GET On Session" owner="RequestsLibrary">
<msg time="2024-05-30T04:20:34.181475" level="INFO">GET Request : url=https://randomuser.me/api 
 path_url=/api 
 headers={'User-Agent': 'python-requests/2.32.3', 'Accept-Encoding': 'gzip, deflate', 'Accept': '*/*', 'Connection': 'keep-alive'} 
 body=None 
 </msg>
<msg time="2024-05-30T04:20:34.181651" level="INFO">GET Response : url=https://randomuser.me/api 
 status=200, reason=OK 
 headers={'Date': 'Thu, 30 May 2024 04:20:34 GMT', 'Content-Type': 'application/json; charset=utf-8', 'Transfer-Encoding': 'chunked', 'Connection': 'keep-alive', 'X-Powered-By': 'Express', 'Access-Control-Allow-Origin': '*', 'Cache-Control': 'no-cache', 'ETag': 'W/"475-D9ERBG32WiQAQRh+GpB7qXhVBpc"', 'Vary': 'Accept-Encoding', 'Content-Encoding': 'gzip', 'CF-Cache-Status': 'DYNAMIC', 'Report-To': '{"endpoints":[{"url":"https:\\/\\/a.nel.cloudflare.com\\/report\\/v4?s=Tyt0qnqw%2BXixWFU1BfJ8Qn67CnccikGNfmyjHRhrXvy%2FdCf%2FAX5Ap9XWxJdQOQ969KOBkvPd0UaM336KCUOBJYqzs3aHc8S488jRzHrcqcjivJrSUIgD8cfTl5gAK0Fg"}],"group":"cf-nel","max_age":604800}', 'NEL': '{"success_fraction":0,"report_to":"cf-nel","max_age":604800}', 'Server': 'cloudflare', 'CF-RAY': '88bbeeb15950112e-ORD', 'alt-svc': 'h3=":443"; ma=86400'} 
 body={"results":[{"gender":"male","name":{"title":"Mr","first":"Patrick","last":"White"},"location":{"street":{"number":9004,"name":"Chatham Road"},"city":"Hamilton","state":"Hawke'S Bay","country":"New Zealand","postcode":54199,"coordinates":{"latitude":"53.0499","longitude":"-29.4974"},"timezone":{"offset":"-3:30","description":"Newfoundland"}},"email":"patrick.white@example.com","login":{"uuid":"dd5e2447-a78e-441f-819e-5bfd8bd80e14","username":"organictiger427","password":"bearcat","salt":"ODH4ph8I","md5":"16feadb33798353c009c70c15c60530e","sha1":"41283899e9eed82026961b3eeb2d6a15a968dbf4","sha256":"e6faaab145cb3993b0ae6093ec3dee014a4a75844ba50b417989e29db74f788f"},"dob":{"date":"1985-12-08T18:50:52.519Z","age":38},"registered":{"date":"2021-08-28T12:57:20.005Z","age":2},"phone":"(578)-509-0256","cell":"(753)-181-6560","id":{"name":"","value":null},"picture":{"large":"https://randomuser.me/api/portraits/men/81.jpg","medium":"https://randomuser.me/api/portraits/med/men/81.jpg","thumbnail":"https://randomuser.me/api/portraits/thumb/men/81.jpg"},"nat":"NZ"}],"info":{"seed":"75a6af4d683fc855","results":1,"page":1,"version":"1.4"}} 
 </msg>
<msg time="2024-05-30T04:20:34.181751" level="INFO">/opt/hostedtoolcache/Python/3.12.3/x64/lib/python3.12/site-packages/urllib3/connectionpool.py:1103: InsecureRequestWarning: Unverified HTTPS request is being made to host 'randomuser.me'. Adding certificate verification is strongly advised. See: https://urllib3.readthedocs.io/en/latest/advanced-usage.html#tls-warnings
  warnings.warn(</msg>
<msg time="2024-05-30T04:20:34.181915" level="INFO">${response} = &lt;Response [200]&gt;</msg>
<var>${response}</var>
<arg>consultarAPI</arg>
<arg>/api</arg>
<doc>Sends a GET request on a previously created HTTP Session.</doc>
<status status="PASS" start="2024-05-30T04:20:33.945664" elapsed="0.236297"/>
</kw>
<kw name="Should Be Equal As Numbers" owner="BuiltIn">
<msg time="2024-05-30T04:20:34.183404" level="INFO">Argument types are:
&lt;class 'int'&gt;
&lt;class 'str'&gt;</msg>
<arg>${response.status_code}</arg>
<arg>200</arg>
<doc>Fails if objects are unequal after converting them to real numbers.</doc>
<status status="PASS" start="2024-05-30T04:20:34.182784" elapsed="0.000687"/>
</kw>
<kw name="Log" owner="BuiltIn">
<msg time="2024-05-30T04:20:34.184177" level="INFO">200</msg>
<arg>${response.status_code}</arg>
<doc>Logs the given message with the given level.</doc>
<status status="PASS" start="2024-05-30T04:20:34.183832" elapsed="0.000390"/>
</kw>
<kw name="Set Variable" owner="BuiltIn">
<msg time="2024-05-30T04:20:34.184998" level="INFO">${json_data} = {'results': [{'gender': 'male', 'name': {'title': 'Mr', 'first': 'Patrick', 'last': 'White'}, 'location': {'street': {'number': 9004, 'name': 'Chatham Road'}, 'city': 'Hamilton', 'state': "Hawke'S Bay...</msg>
<var>${json_data}</var>
<arg>${response.json()}</arg>
<doc>Returns the given values which can then be assigned to a variables.</doc>
<status status="PASS" start="2024-05-30T04:20:34.184529" elapsed="0.000498"/>
</kw>
<kw name="Dictionary Should Contain Key" owner="Collections">
<msg time="2024-05-30T04:20:34.185506" level="INFO">False</msg>
<arg>${json_data}</arg>
<arg>results</arg>
<doc>Fails if ``key`` is not found from ``dictionary``.</doc>
<status status="PASS" start="2024-05-30T04:20:34.185331" elapsed="0.000379"/>
</kw>
<status status="PASS" start="2024-05-30T04:20:33.945404" elapsed="0.240576"/>
</kw>
<doc>Testa se a API responde corretamente e retorna um objeto JSON válido.</doc>
<tag>testeRequisicaoBasica</tag>
<status status="PASS" start="2024-05-30T04:20:33.944844" elapsed="0.241321"/>
</test>
<test id="s1-s1-t3" name="Validar estrutura de resposta" line="22">
<kw name="Teste de Estrutura de Resposta" owner="random-user-service">
<kw name="GET On Session" owner="RequestsLibrary">
<msg time="2024-05-30T04:20:34.286007" level="INFO">GET Request : url=https://randomuser.me/api 
 path_url=/api 
 headers={'User-Agent': 'python-requests/2.32.3', 'Accept-Encoding': 'gzip, deflate', 'Accept': '*/*', 'Connection': 'keep-alive'} 
 body=None 
 </msg>
<msg time="2024-05-30T04:20:34.286125" level="INFO">GET Response : url=https://randomuser.me/api 
 status=200, reason=OK 
 headers={'Date': 'Thu, 30 May 2024 04:20:34 GMT', 'Content-Type': 'application/json; charset=utf-8', 'Transfer-Encoding': 'chunked', 'Connection': 'keep-alive', 'X-Powered-By': 'Express', 'Access-Control-Allow-Origin': '*', 'Cache-Control': 'no-cache', 'ETag': 'W/"48a-jdVlJdCKdyW0XYycFE/5at418fo"', 'Vary': 'Accept-Encoding', 'Content-Encoding': 'gzip', 'CF-Cache-Status': 'DYNAMIC', 'Report-To': '{"endpoints":[{"url":"https:\\/\\/a.nel.cloudflare.com\\/report\\/v4?s=dVxt7zrAcDPiUWYsSvh9fqjwN7aHdKSI1WguLj%2BCnIKP5cBfQOS92anKu6H9iiVgXMwfBw7%2BudnjgEg0Tq71%2FEgStBHu2SZgWa7VM18OFdSO63PKWiKAk4bc5jIvl9jM"}],"group":"cf-nel","max_age":604800}', 'NEL': '{"success_fraction":0,"report_to":"cf-nel","max_age":604800}', 'Server': 'cloudflare', 'CF-RAY': '88bbeeb1b9bf112e-ORD', 'alt-svc': 'h3=":443"; ma=86400'} 
 body={"results":[{"gender":"male","name":{"title":"Mr","first":"Fernando","last":"Ibáñez"},"location":{"street":{"number":1364,"name":"Calle de Alcalá"},"city":"Gandía","state":"País Vasco","country":"Spain","postcode":11595,"coordinates":{"latitude":"-31.6671","longitude":"-61.5139"},"timezone":{"offset":"-1:00","description":"Azores, Cape Verde Islands"}},"email":"fernando.ibanez@example.com","login":{"uuid":"566244f0-fd27-4591-9ada-f6be60a54d12","username":"smallmouse951","password":"outkast","salt":"82jBtMgh","md5":"bd5387eab7730028446743f3d1a807a7","sha1":"98937dda3c88cb582d5afc6e9046fb21fa62835f","sha256":"fb28b9b2fc975962f196939b46165cf4ab9d7ea51646ccf1c67d52d5267de1e3"},"dob":{"date":"1968-05-29T12:48:16.275Z","age":56},"registered":{"date":"2017-03-05T23:25:41.735Z","age":7},"phone":"940-632-811","cell":"659-612-374","id":{"name":"DNI","value":"78347121-B"},"picture":{"large":"https://randomuser.me/api/portraits/men/90.jpg","medium":"https://randomuser.me/api/portraits/med/men/90.jpg","thumbnail":"https://randomuser.me/api/portraits/thumb/men/90.jpg"},"nat":"ES"}],"info":{"seed":"aa1aba8bd4d494fb","results":1,"page":1,"version":"1.4"}} 
 </msg>
<msg time="2024-05-30T04:20:34.286281" level="INFO">/opt/hostedtoolcache/Python/3.12.3/x64/lib/python3.12/site-packages/urllib3/connectionpool.py:1103: InsecureRequestWarning: Unverified HTTPS request is being made to host 'randomuser.me'. Adding certificate verification is strongly advised. See: https://urllib3.readthedocs.io/en/latest/advanced-usage.html#tls-warnings
  warnings.warn(</msg>
<msg time="2024-05-30T04:20:34.286427" level="INFO">${response} = &lt;Response [200]&gt;</msg>
<var>${response}</var>
<arg>consultarAPI</arg>
<arg>/api</arg>
<doc>Sends a GET request on a previously created HTTP Session.</doc>
<status status="PASS" start="2024-05-30T04:20:34.188775" elapsed="0.097698"/>
</kw>
<kw name="Set Variable" owner="BuiltIn">
<msg time="2024-05-30T04:20:34.287935" level="INFO">${json_data} = {'results': [{'gender': 'male', 'name': {'title': 'Mr', 'first': 'Fernando', 'last': 'Ibáñez'}, 'location': {'street': {'number': 1364, 'name': 'Calle de Alcalá'}, 'city': 'Gandía', 'state': 'País Vas...</msg>
<var>${json_data}</var>
<arg>${response.json()}</arg>
<doc>Returns the given values which can then be assigned to a variables.</doc>
<status status="PASS" start="2024-05-30T04:20:34.287225" elapsed="0.000741"/>
</kw>
<kw name="Log" owner="BuiltIn">
<msg time="2024-05-30T04:20:34.288452" level="INFO">{'results': [{'gender': 'male', 'name': {'title': 'Mr', 'first': 'Fernando', 'last': 'Ibáñez'}, 'location': {'street': {'number': 1364, 'name': 'Calle de Alcalá'}, 'city': 'Gandía', 'state': 'País Vasco', 'country': 'Spain', 'postcode': 11595, 'coordinates': {'latitude': '-31.6671', 'longitude': '-61.5139'}, 'timezone': {'offset': '-1:00', 'description': 'Azores, Cape Verde Islands'}}, 'email': 'fernando.ibanez@example.com', 'login': {'uuid': '566244f0-fd27-4591-9ada-f6be60a54d12', 'username': 'smallmouse951', 'password': 'outkast', 'salt': '82jBtMgh', 'md5': 'bd5387eab7730028446743f3d1a807a7', 'sha1': '98937dda3c88cb582d5afc6e9046fb21fa62835f', 'sha256': 'fb28b9b2fc975962f196939b46165cf4ab9d7ea51646ccf1c67d52d5267de1e3'}, 'dob': {'date': '1968-05-29T12:48:16.275Z', 'age': 56}, 'registered': {'date': '2017-03-05T23:25:41.735Z', 'age': 7}, 'phone': '940-632-811', 'cell': '659-612-374', 'id': {'name': 'DNI', 'value': '78347121-B'}, 'picture': {'large': 'https://randomuser.me/api/portraits/men/90.jpg', 'medium': 'https://randomuser.me/api/portraits/med/men/90.jpg', 'thumbnail': 'https://randomuser.me/api/portraits/thumb/men/90.jpg'}, 'nat': 'ES'}], 'info': {'seed': 'aa1aba8bd4d494fb', 'results': 1, 'page': 1, 'version': '1.4'}}</msg>
<arg>${json_data}</arg>
<doc>Logs the given message with the given level.</doc>
<status status="PASS" start="2024-05-30T04:20:34.288288" elapsed="0.000215"/>
</kw>
<kw name="Dictionary Should Contain Key" owner="Collections">
<msg time="2024-05-30T04:20:34.289020" level="INFO">False</msg>
<arg>${json_data}</arg>
<arg>results</arg>
<doc>Fails if ``key`` is not found from ``dictionary``.</doc>
<status status="PASS" start="2024-05-30T04:20:34.288855" elapsed="0.000201"/>
</kw>
<kw name="Should Not Be Empty" owner="BuiltIn">
<msg time="2024-05-30T04:20:34.289488" level="INFO">Length is 2.</msg>
<arg>${json_data}</arg>
<doc>Verifies that the given item is not empty.</doc>
<status status="PASS" start="2024-05-30T04:20:34.289351" elapsed="0.000174"/>
</kw>
<kw name="Create List" owner="BuiltIn">
<msg time="2024-05-30T04:20:34.289966" level="INFO">${expected_keys} = ['gender', 'name', 'location', 'email', 'login']</msg>
<var>${expected_keys}</var>
<arg>gender</arg>
<arg>name</arg>
<arg>location</arg>
<arg>email</arg>
<arg>login</arg>
<doc>Returns a list containing given items.</doc>
<status status="PASS" start="2024-05-30T04:20:34.289818" elapsed="0.000172"/>
</kw>
<for flavor="IN">
<iter>
<kw name="Dictionary Should Contain Key" owner="Collections">
<msg time="2024-05-30T04:20:34.291000" level="INFO">False</msg>
<arg>${json_data['results'][0]}</arg>
<arg>${key}</arg>
<doc>Fails if ``key`` is not found from ``dictionary``.</doc>
<status status="PASS" start="2024-05-30T04:20:34.290582" elapsed="0.000462"/>
</kw>
<kw name="Log" owner="BuiltIn">
<msg time="2024-05-30T04:20:34.291715" level="INFO">{'gender': 'male', 'name': {'title': 'Mr', 'first': 'Fernando', 'last': 'Ibáñez'}, 'location': {'street': {'number': 1364, 'name': 'Calle de Alcalá'}, 'city': 'Gandía', 'state': 'País Vasco', 'country': 'Spain', 'postcode': 11595, 'coordinates': {'latitude': '-31.6671', 'longitude': '-61.5139'}, 'timezone': {'offset': '-1:00', 'description': 'Azores, Cape Verde Islands'}}, 'email': 'fernando.ibanez@example.com', 'login': {'uuid': '566244f0-fd27-4591-9ada-f6be60a54d12', 'username': 'smallmouse951', 'password': 'outkast', 'salt': '82jBtMgh', 'md5': 'bd5387eab7730028446743f3d1a807a7', 'sha1': '98937dda3c88cb582d5afc6e9046fb21fa62835f', 'sha256': 'fb28b9b2fc975962f196939b46165cf4ab9d7ea51646ccf1c67d52d5267de1e3'}, 'dob': {'date': '1968-05-29T12:48:16.275Z', 'age': 56}, 'registered': {'date': '2017-03-05T23:25:41.735Z', 'age': 7}, 'phone': '940-632-811', 'cell': '659-612-374', 'id': {'name': 'DNI', 'value': '78347121-B'}, 'picture': {'large': 'https://randomuser.me/api/portraits/men/90.jpg', 'medium': 'https://randomuser.me/api/portraits/med/men/90.jpg', 'thumbnail': 'https://randomuser.me/api/portraits/thumb/men/90.jpg'}, 'nat': 'ES'}</msg>
<arg>${json_data['results'][0]}</arg>
<doc>Logs the given message with the given level.</doc>
<status status="PASS" start="2024-05-30T04:20:34.291350" elapsed="0.000415"/>
</kw>
<kw name="Log" owner="BuiltIn">
<msg time="2024-05-30T04:20:34.292191" level="INFO">gender</msg>
<arg>${key}</arg>
<doc>Logs the given message with the given level.</doc>
<status status="PASS" start="2024-05-30T04:20:34.292064" elapsed="0.000163"/>
</kw>
<var name="${key}">gender</var>
<status status="PASS" start="2024-05-30T04:20:34.290454" elapsed="0.001988"/>
</iter>
<iter>
<kw name="Dictionary Should Contain Key" owner="Collections">
<msg time="2024-05-30T04:20:34.293170" level="INFO">False</msg>
<arg>${json_data['results'][0]}</arg>
<arg>${key}</arg>
<doc>Fails if ``key`` is not found from ``dictionary``.</doc>
<status status="PASS" start="2024-05-30T04:20:34.292785" elapsed="0.000422"/>
</kw>
<kw name="Log" owner="BuiltIn">
<msg time="2024-05-30T04:20:34.293894" level="INFO">{'gender': 'male', 'name': {'title': 'Mr', 'first': 'Fernando', 'last': 'Ibáñez'}, 'location': {'street': {'number': 1364, 'name': 'Calle de Alcalá'}, 'city': 'Gandía', 'state': 'País Vasco', 'country': 'Spain', 'postcode': 11595, 'coordinates': {'latitude': '-31.6671', 'longitude': '-61.5139'}, 'timezone': {'offset': '-1:00', 'description': 'Azores, Cape Verde Islands'}}, 'email': 'fernando.ibanez@example.com', 'login': {'uuid': '566244f0-fd27-4591-9ada-f6be60a54d12', 'username': 'smallmouse951', 'password': 'outkast', 'salt': '82jBtMgh', 'md5': 'bd5387eab7730028446743f3d1a807a7', 'sha1': '98937dda3c88cb582d5afc6e9046fb21fa62835f', 'sha256': 'fb28b9b2fc975962f196939b46165cf4ab9d7ea51646ccf1c67d52d5267de1e3'}, 'dob': {'date': '1968-05-29T12:48:16.275Z', 'age': 56}, 'registered': {'date': '2017-03-05T23:25:41.735Z', 'age': 7}, 'phone': '940-632-811', 'cell': '659-612-374', 'id': {'name': 'DNI', 'value': '78347121-B'}, 'picture': {'large': 'https://randomuser.me/api/portraits/men/90.jpg', 'medium': 'https://randomuser.me/api/portraits/med/men/90.jpg', 'thumbnail': 'https://randomuser.me/api/portraits/thumb/men/90.jpg'}, 'nat': 'ES'}</msg>
<arg>${json_data['results'][0]}</arg>
<doc>Logs the given message with the given level.</doc>
<status status="PASS" start="2024-05-30T04:20:34.293532" elapsed="0.000412"/>
</kw>
<kw name="Log" owner="BuiltIn">
<msg time="2024-05-30T04:20:34.294367" level="INFO">name</msg>
<arg>${key}</arg>
<doc>Logs the given message with the given level.</doc>
<status status="PASS" start="2024-05-30T04:20:34.294241" elapsed="0.000162"/>
</kw>
<var name="${key}">name</var>
<status status="PASS" start="2024-05-30T04:20:34.292661" elapsed="0.001961"/>
</iter>
<iter>
<kw name="Dictionary Should Contain Key" owner="Collections">
<msg time="2024-05-30T04:20:34.295293" level="INFO">False</msg>
<arg>${json_data['results'][0]}</arg>
<arg>${key}</arg>
<doc>Fails if ``key`` is not found from ``dictionary``.</doc>
<status status="PASS" start="2024-05-30T04:20:34.294914" elapsed="0.000417"/>
</kw>
<kw name="Log" owner="BuiltIn">
<msg time="2024-05-30T04:20:34.296007" level="INFO">{'gender': 'male', 'name': {'title': 'Mr', 'first': 'Fernando', 'last': 'Ibáñez'}, 'location': {'street': {'number': 1364, 'name': 'Calle de Alcalá'}, 'city': 'Gandía', 'state': 'País Vasco', 'country': 'Spain', 'postcode': 11595, 'coordinates': {'latitude': '-31.6671', 'longitude': '-61.5139'}, 'timezone': {'offset': '-1:00', 'description': 'Azores, Cape Verde Islands'}}, 'email': 'fernando.ibanez@example.com', 'login': {'uuid': '566244f0-fd27-4591-9ada-f6be60a54d12', 'username': 'smallmouse951', 'password': 'outkast', 'salt': '82jBtMgh', 'md5': 'bd5387eab7730028446743f3d1a807a7', 'sha1': '98937dda3c88cb582d5afc6e9046fb21fa62835f', 'sha256': 'fb28b9b2fc975962f196939b46165cf4ab9d7ea51646ccf1c67d52d5267de1e3'}, 'dob': {'date': '1968-05-29T12:48:16.275Z', 'age': 56}, 'registered': {'date': '2017-03-05T23:25:41.735Z', 'age': 7}, 'phone': '940-632-811', 'cell': '659-612-374', 'id': {'name': 'DNI', 'value': '78347121-B'}, 'picture': {'large': 'https://randomuser.me/api/portraits/men/90.jpg', 'medium': 'https://randomuser.me/api/portraits/med/men/90.jpg', 'thumbnail': 'https://randomuser.me/api/portraits/thumb/men/90.jpg'}, 'nat': 'ES'}</msg>
<arg>${json_data['results'][0]}</arg>
<doc>Logs the given message with the given level.</doc>
<status status="PASS" start="2024-05-30T04:20:34.295632" elapsed="0.000434"/>
</kw>
<kw name="Log" owner="BuiltIn">
<msg time="2024-05-30T04:20:34.296496" level="INFO">location</msg>
<arg>${key}</arg>
<doc>Logs the given message with the given level.</doc>
<status status="PASS" start="2024-05-30T04:20:34.296369" elapsed="0.000164"/>
</kw>
<var name="${key}">location</var>
<status status="PASS" start="2024-05-30T04:20:34.294800" elapsed="0.001979"/>
</iter>
<iter>
<kw name="Dictionary Should Contain Key" owner="Collections">
<msg time="2024-05-30T04:20:34.297567" level="INFO">False</msg>
<arg>${json_data['results'][0]}</arg>
<arg>${key}</arg>
<doc>Fails if ``key`` is not found from ``dictionary``.</doc>
<status status="PASS" start="2024-05-30T04:20:34.297070" elapsed="0.000534"/>
</kw>
<kw name="Log" owner="BuiltIn">
<msg time="2024-05-30T04:20:34.298256" level="INFO">{'gender': 'male', 'name': {'title': 'Mr', 'first': 'Fernando', 'last': 'Ibáñez'}, 'location': {'street': {'number': 1364, 'name': 'Calle de Alcalá'}, 'city': 'Gandía', 'state': 'País Vasco', 'country': 'Spain', 'postcode': 11595, 'coordinates': {'latitude': '-31.6671', 'longitude': '-61.5139'}, 'timezone': {'offset': '-1:00', 'description': 'Azores, Cape Verde Islands'}}, 'email': 'fernando.ibanez@example.com', 'login': {'uuid': '566244f0-fd27-4591-9ada-f6be60a54d12', 'username': 'smallmouse951', 'password': 'outkast', 'salt': '82jBtMgh', 'md5': 'bd5387eab7730028446743f3d1a807a7', 'sha1': '98937dda3c88cb582d5afc6e9046fb21fa62835f', 'sha256': 'fb28b9b2fc975962f196939b46165cf4ab9d7ea51646ccf1c67d52d5267de1e3'}, 'dob': {'date': '1968-05-29T12:48:16.275Z', 'age': 56}, 'registered': {'date': '2017-03-05T23:25:41.735Z', 'age': 7}, 'phone': '940-632-811', 'cell': '659-612-374', 'id': {'name': 'DNI', 'value': '78347121-B'}, 'picture': {'large': 'https://randomuser.me/api/portraits/men/90.jpg', 'medium': 'https://randomuser.me/api/portraits/med/men/90.jpg', 'thumbnail': 'https://randomuser.me/api/portraits/thumb/men/90.jpg'}, 'nat': 'ES'}</msg>
<arg>${json_data['results'][0]}</arg>
<doc>Logs the given message with the given level.</doc>
<status status="PASS" start="2024-05-30T04:20:34.297898" elapsed="0.000409"/>
</kw>
<kw name="Log" owner="BuiltIn">
<msg time="2024-05-30T04:20:34.298728" level="INFO">email</msg>
<arg>${key}</arg>
<doc>Logs the given message with the given level.</doc>
<status status="PASS" start="2024-05-30T04:20:34.298602" elapsed="0.000161"/>
</kw>
<var name="${key}">email</var>
<status status="PASS" start="2024-05-30T04:20:34.296958" elapsed="0.002020"/>
</iter>
<iter>
<kw name="Dictionary Should Contain Key" owner="Collections">
<msg time="2024-05-30T04:20:34.299637" level="INFO">False</msg>
<arg>${json_data['results'][0]}</arg>
<arg>${key}</arg>
<doc>Fails if ``key`` is not found from ``dictionary``.</doc>
<status status="PASS" start="2024-05-30T04:20:34.299259" elapsed="0.000413"/>
</kw>
<kw name="Log" owner="BuiltIn">
<msg time="2024-05-30T04:20:34.300322" level="INFO">{'gender': 'male', 'name': {'title': 'Mr', 'first': 'Fernando', 'last': 'Ibáñez'}, 'location': {'street': {'number': 1364, 'name': 'Calle de Alcalá'}, 'city': 'Gandía', 'state': 'País Vasco', 'country': 'Spain', 'postcode': 11595, 'coordinates': {'latitude': '-31.6671', 'longitude': '-61.5139'}, 'timezone': {'offset': '-1:00', 'description': 'Azores, Cape Verde Islands'}}, 'email': 'fernando.ibanez@example.com', 'login': {'uuid': '566244f0-fd27-4591-9ada-f6be60a54d12', 'username': 'smallmouse951', 'password': 'outkast', 'salt': '82jBtMgh', 'md5': 'bd5387eab7730028446743f3d1a807a7', 'sha1': '98937dda3c88cb582d5afc6e9046fb21fa62835f', 'sha256': 'fb28b9b2fc975962f196939b46165cf4ab9d7ea51646ccf1c67d52d5267de1e3'}, 'dob': {'date': '1968-05-29T12:48:16.275Z', 'age': 56}, 'registered': {'date': '2017-03-05T23:25:41.735Z', 'age': 7}, 'phone': '940-632-811', 'cell': '659-612-374', 'id': {'name': 'DNI', 'value': '78347121-B'}, 'picture': {'large': 'https://randomuser.me/api/portraits/men/90.jpg', 'medium': 'https://randomuser.me/api/portraits/med/men/90.jpg', 'thumbnail': 'https://randomuser.me/api/portraits/thumb/men/90.jpg'}, 'nat': 'ES'}</msg>
<arg>${json_data['results'][0]}</arg>
<doc>Logs the given message with the given level.</doc>
<status status="PASS" start="2024-05-30T04:20:34.299968" elapsed="0.000412"/>
</kw>
<kw name="Log" owner="BuiltIn">
<msg time="2024-05-30T04:20:34.300825" level="INFO">login</msg>
<arg>${key}</arg>
<doc>Logs the given message with the given level.</doc>
<status status="PASS" start="2024-05-30T04:20:34.300696" elapsed="0.000167"/>
</kw>
<var name="${key}">login</var>
<status status="PASS" start="2024-05-30T04:20:34.299149" elapsed="0.001954"/>
</iter>
<var>${key}</var>
<value>@{expected_keys}</value>
<status status="PASS" start="2024-05-30T04:20:34.290259" elapsed="0.010971"/>
</for>
<kw name="Create List" owner="BuiltIn">
<msg time="2024-05-30T04:20:34.301567" level="INFO">${expected_keysTwo} = ['username', 'password']</msg>
<var>${expected_keysTwo}</var>
<arg>username</arg>
<arg>password</arg>
<doc>Returns a list containing given items.</doc>
<status status="PASS" start="2024-05-30T04:20:34.301430" elapsed="0.000160"/>
</kw>
<for flavor="IN">
<iter>
<kw name="Dictionary Should Contain Key" owner="Collections">
<msg time="2024-05-30T04:20:34.302476" level="INFO">False</msg>
<arg>${json_data['results'][0]['login']}</arg>
<arg>${keyTwo}</arg>
<doc>Fails if ``key`` is not found from ``dictionary``.</doc>
<status status="PASS" start="2024-05-30T04:20:34.302092" elapsed="0.000420"/>
</kw>
<kw name="Dictionary Should Contain Key" owner="Collections">
<msg time="2024-05-30T04:20:34.303177" level="INFO">False</msg>
<arg>${json_data['results'][0]['login']}</arg>
<arg>${keyTwo}</arg>
<doc>Fails if ``key`` is not found from ``dictionary``.</doc>
<status status="PASS" start="2024-05-30T04:20:34.302802" elapsed="0.000412"/>
</kw>
<kw name="Log" owner="BuiltIn">
<msg time="2024-05-30T04:20:34.303629" level="INFO">username</msg>
<arg>${keyTwo}</arg>
<doc>Logs the given message with the given level.</doc>
<status status="PASS" start="2024-05-30T04:20:34.303503" elapsed="0.000162"/>
</kw>
<var name="${keyTwo}">username</var>
<status status="PASS" start="2024-05-30T04:20:34.301980" elapsed="0.001905"/>
</iter>
<iter>
<kw name="Dictionary Should Contain Key" owner="Collections">
<msg time="2024-05-30T04:20:34.304545" level="INFO">False</msg>
<arg>${json_data['results'][0]['login']}</arg>
<arg>${keyTwo}</arg>
<doc>Fails if ``key`` is not found from ``dictionary``.</doc>
<status status="PASS" start="2024-05-30T04:20:34.304165" elapsed="0.000440"/>
</kw>
<kw name="Dictionary Should Contain Key" owner="Collections">
<msg time="2024-05-30T04:20:34.305292" level="INFO">False</msg>
<arg>${json_data['results'][0]['login']}</arg>
<arg>${keyTwo}</arg>
<doc>Fails if ``key`` is not found from ``dictionary``.</doc>
<status status="PASS" start="2024-05-30T04:20:34.304909" elapsed="0.000419"/>
</kw>
<kw name="Log" owner="BuiltIn">
<msg time="2024-05-30T04:20:34.305745" level="INFO">password</msg>
<arg>${keyTwo}</arg>
<doc>Logs the given message with the given level.</doc>
<status status="PASS" start="2024-05-30T04:20:34.305621" elapsed="0.000159"/>
</kw>
<var name="${keyTwo}">password</var>
<status status="PASS" start="2024-05-30T04:20:34.304055" elapsed="0.001943"/>
</iter>
<var>${keyTwo}</var>
<value>@{expected_keysTwo}</value>
<status status="PASS" start="2024-05-30T04:20:34.301825" elapsed="0.004290"/>
</for>
<status status="PASS" start="2024-05-30T04:20:34.188501" elapsed="0.117758"/>
</kw>
<doc>Testa a estrutura da resposta da API.</doc>
<tag>testeEstruturaResposta</tag>
<status status="PASS" start="2024-05-30T04:20:34.187989" elapsed="0.118433"/>
</test>
<test id="s1-s1-t4" name="Validar tipos de dados" line="28">
<kw name="Teste de Tipos de Dados" owner="random-user-service">
<kw name="GET On Session" owner="RequestsLibrary">
<msg time="2024-05-30T04:20:34.385763" level="INFO">GET Request : url=https://randomuser.me/api 
 path_url=/api 
 headers={'User-Agent': 'python-requests/2.32.3', 'Accept-Encoding': 'gzip, deflate', 'Accept': '*/*', 'Connection': 'keep-alive'} 
 body=None 
 </msg>
<msg time="2024-05-30T04:20:34.385884" level="INFO">GET Response : url=https://randomuser.me/api 
 status=200, reason=OK 
 headers={'Date': 'Thu, 30 May 2024 04:20:34 GMT', 'Content-Type': 'application/json; charset=utf-8', 'Transfer-Encoding': 'chunked', 'Connection': 'keep-alive', 'X-Powered-By': 'Express', 'Access-Control-Allow-Origin': '*', 'Cache-Control': 'no-cache', 'ETag': 'W/"487-gupoW6rdd7z51I9Zed/F9kRtCEE"', 'Vary': 'Accept-Encoding', 'Content-Encoding': 'gzip', 'CF-Cache-Status': 'DYNAMIC', 'Report-To': '{"endpoints":[{"url":"https:\\/\\/a.nel.cloudflare.com\\/report\\/v4?s=0IpU8S6VxEz0XVNTk67TOxYzq1LD1LZty1wrEw7F9WWfQQxfs5SZ6r8Oe%2B%2BosWPIYi7OKstHp6GffWK68HL4cIqzPdeGxSeK4Bm6p40PBCuwVRmMk8Mrfj4yMT2PYKiK"}],"group":"cf-nel","max_age":604800}', 'NEL': '{"success_fraction":0,"report_to":"cf-nel","max_age":604800}', 'Server': 'cloudflare', 'CF-RAY': '88bbeeb27ac3112e-ORD', 'alt-svc': 'h3=":443"; ma=86400'} 
 body={"results":[{"gender":"female","name":{"title":"Mrs","first":"Ece","last":"Aydan"},"location":{"street":{"number":5645,"name":"Abanoz Sk"},"city":"Mardin","state":"Eskişehir","country":"Turkey","postcode":18230,"coordinates":{"latitude":"68.4684","longitude":"77.9284"},"timezone":{"offset":"0:00","description":"Western Europe Time, London, Lisbon, Casablanca"}},"email":"ece.aydan@example.com","login":{"uuid":"62679695-160a-4762-a892-17dd73af1949","username":"blackcat542","password":"mellow","salt":"xdQCAj4F","md5":"af086fe8c643c7cb584a36192600170a","sha1":"df7801c9950d34074cf78bfef075d8727f7f70a6","sha256":"2f431852590f48cf96e3de693e8b8d81a4c1babde33b2c86a7e0d444dbd91008"},"dob":{"date":"1993-03-19T07:48:02.636Z","age":31},"registered":{"date":"2018-11-05T02:55:57.654Z","age":5},"phone":"(269)-162-6546","cell":"(485)-287-9971","id":{"name":"","value":null},"picture":{"large":"https://randomuser.me/api/portraits/women/43.jpg","medium":"https://randomuser.me/api/portraits/med/women/43.jpg","thumbnail":"https://randomuser.me/api/portraits/thumb/women/43.jpg"},"nat":"TR"}],"info":{"seed":"8ad6c5df6004869e","results":1,"page":1,"version":"1.4"}} 
 </msg>
<msg time="2024-05-30T04:20:34.385988" level="INFO">/opt/hostedtoolcache/Python/3.12.3/x64/lib/python3.12/site-packages/urllib3/connectionpool.py:1103: InsecureRequestWarning: Unverified HTTPS request is being made to host 'randomuser.me'. Adding certificate verification is strongly advised. See: https://urllib3.readthedocs.io/en/latest/advanced-usage.html#tls-warnings
  warnings.warn(</msg>
<msg time="2024-05-30T04:20:34.386141" level="INFO">${response} = &lt;Response [200]&gt;</msg>
<var>${response}</var>
<arg>consultarAPI</arg>
<arg>/api</arg>
<doc>Sends a GET request on a previously created HTTP Session.</doc>
<status status="PASS" start="2024-05-30T04:20:34.309003" elapsed="0.077191"/>
</kw>
<kw name="Set Variable" owner="BuiltIn">
<msg time="2024-05-30T04:20:34.387751" level="INFO">${json_data} = {'results': [{'gender': 'female', 'name': {'title': 'Mrs', 'first': 'Ece', 'last': 'Aydan'}, 'location': {'street': {'number': 5645, 'name': 'Abanoz Sk'}, 'city': 'Mardin', 'state': 'Eskişehir', 'coun...</msg>
<var>${json_data}</var>
<arg>${response.json()}</arg>
<doc>Returns the given values which can then be assigned to a variables.</doc>
<status status="PASS" start="2024-05-30T04:20:34.386975" elapsed="0.000808"/>
</kw>
<kw name="Log" owner="BuiltIn">
<msg time="2024-05-30T04:20:34.388263" level="INFO">{'results': [{'gender': 'female', 'name': {'title': 'Mrs', 'first': 'Ece', 'last': 'Aydan'}, 'location': {'street': {'number': 5645, 'name': 'Abanoz Sk'}, 'city': 'Mardin', 'state': 'Eskişehir', 'country': 'Turkey', 'postcode': 18230, 'coordinates': {'latitude': '68.4684', 'longitude': '77.9284'}, 'timezone': {'offset': '0:00', 'description': 'Western Europe Time, London, Lisbon, Casablanca'}}, 'email': 'ece.aydan@example.com', 'login': {'uuid': '62679695-160a-4762-a892-17dd73af1949', 'username': 'blackcat542', 'password': 'mellow', 'salt': 'xdQCAj4F', 'md5': 'af086fe8c643c7cb584a36192600170a', 'sha1': 'df7801c9950d34074cf78bfef075d8727f7f70a6', 'sha256': '2f431852590f48cf96e3de693e8b8d81a4c1babde33b2c86a7e0d444dbd91008'}, 'dob': {'date': '1993-03-19T07:48:02.636Z', 'age': 31}, 'registered': {'date': '2018-11-05T02:55:57.654Z', 'age': 5}, 'phone': '(269)-162-6546', 'cell': '(485)-287-9971', 'id': {'name': '', 'value': None}, 'picture': {'large': 'https://randomuser.me/api/portraits/women/43.jpg', 'medium': 'https://randomuser.me/api/portraits/med/women/43.jpg', 'thumbnail': 'https://randomuser.me/api/portraits/thumb/women/43.jpg'}, 'nat': 'TR'}], 'info': {'seed': '8ad6c5df6004869e', 'results': 1, 'page': 1, 'version': '1.4'}}</msg>
<arg>${json_data}</arg>
<doc>Logs the given message with the given level.</doc>
<status status="PASS" start="2024-05-30T04:20:34.388101" elapsed="0.000251"/>
</kw>
<kw name="Should Be String" owner="String">
<arg>${json_data['results'][0]['gender']}</arg>
<doc>Fails if the given ``item`` is not a string.</doc>
<status status="PASS" start="2024-05-30T04:20:34.388706" elapsed="0.000378"/>
</kw>
<kw name="Should Match Regexp" owner="BuiltIn">
<arg>${json_data['results'][0]['email']}</arg>
<arg>^[a-zA-Z0-9._%+-]+@[a-zA-Z0-9.-]+\.[a-zA-Z]{2,}$</arg>
<doc>Fails if ``string`` does not match ``pattern`` as a regular expression.</doc>
<status status="PASS" start="2024-05-30T04:20:34.389276" elapsed="0.000667"/>
</kw>
<kw name="Should Match Regexp" owner="BuiltIn">
<arg>${json_data['results'][0]['dob']['date']}</arg>
<arg>\\d{4}-\\d{2}-\\d{2}T\\d{2}:\\d{2}:\\d{2}\\.\\d{3}Z</arg>
<doc>Fails if ``string`` does not match ``pattern`` as a regular expression.</doc>
<status status="PASS" start="2024-05-30T04:20:34.390144" elapsed="0.000486"/>
</kw>
<kw name="Should Match Regexp" owner="BuiltIn">
<arg>${json_data['results'][0]['registered']['date']}</arg>
<arg>\\d{4}-\\d{2}-\\d{2}T\\d{2}:\\d{2}:\\d{2}\\.\\d{3}Z</arg>
<doc>Fails if ``string`` does not match ``pattern`` as a regular expression.</doc>
<status status="PASS" start="2024-05-30T04:20:34.390828" elapsed="0.000369"/>
</kw>
<kw name="Should Match Regexp" owner="BuiltIn">
<arg>${json_data['results'][0]['picture']['large']}</arg>
<arg>^https?://.*\.(?:png|jpe?g|gif|bmp)$</arg>
<doc>Fails if ``string`` does not match ``pattern`` as a regular expression.</doc>
<status status="PASS" start="2024-05-30T04:20:34.391387" elapsed="0.000459"/>
</kw>
<kw name="Should Match Regexp" owner="BuiltIn">
<arg>${json_data['results'][0]['picture']['medium']}</arg>
<arg>^https?://.*\.(?:png|jpe?g|gif|bmp)$</arg>
<doc>Fails if ``string`` does not match ``pattern`` as a regular expression.</doc>
<status status="PASS" start="2024-05-30T04:20:34.392038" elapsed="0.000350"/>
</kw>
<kw name="Should Match Regexp" owner="BuiltIn">
<arg>${json_data['results'][0]['picture']['thumbnail']}</arg>
<arg>^https?://.*\.(?:png|jpe?g|gif|bmp)$</arg>
<doc>Fails if ``string`` does not match ``pattern`` as a regular expression.</doc>
<status status="PASS" start="2024-05-30T04:20:34.392603" elapsed="0.000369"/>
</kw>
<kw name="Log" owner="BuiltIn">
<msg time="2024-05-30T04:20:34.393489" level="INFO">{'large': 'https://randomuser.me/api/portraits/women/43.jpg', 'medium': 'https://randomuser.me/api/portraits/med/women/43.jpg', 'thumbnail': 'https://randomuser.me/api/portraits/thumb/women/43.jpg'}</msg>
<arg>${json_data['results'][0]['picture']}</arg>
<doc>Logs the given message with the given level.</doc>
<status status="PASS" start="2024-05-30T04:20:34.393160" elapsed="0.000371"/>
</kw>
<status status="PASS" start="2024-05-30T04:20:34.308747" elapsed="0.085044"/>
</kw>
<kw name="Teste de Tipos de Dados - Postcode" owner="random-user-service">
<kw name="GET On Session" owner="RequestsLibrary">
<msg time="2024-05-30T04:20:34.479431" level="INFO">GET Request : url=https://randomuser.me/api 
 path_url=/api 
 headers={'User-Agent': 'python-requests/2.32.3', 'Accept-Encoding': 'gzip, deflate', 'Accept': '*/*', 'Connection': 'keep-alive'} 
 body=None 
 </msg>
<msg time="2024-05-30T04:20:34.479537" level="INFO">GET Response : url=https://randomuser.me/api 
 status=200, reason=OK 
 headers={'Date': 'Thu, 30 May 2024 04:20:34 GMT', 'Content-Type': 'application/json; charset=utf-8', 'Transfer-Encoding': 'chunked', 'Connection': 'keep-alive', 'X-Powered-By': 'Express', 'Access-Control-Allow-Origin': '*', 'Cache-Control': 'no-cache', 'ETag': 'W/"47a-IWI4JDrERJP3iiP19waxo8fYB9g"', 'Vary': 'Accept-Encoding', 'Content-Encoding': 'gzip', 'CF-Cache-Status': 'DYNAMIC', 'Report-To': '{"endpoints":[{"url":"https:\\/\\/a.nel.cloudflare.com\\/report\\/v4?s=hBYdpfWZh6Iv2vjIwjp1XgX6GRhuXbTYjk22VVBb2h8EVD%2BqakOXaM%2BBctTUQCJcb7FFZ1cNpV7Ld2UR4eM8z1FOg3f5ZjnlG1%2F%2BMV1TZWoiCkUzt9KyRU2b6OVWlTB2"}],"group":"cf-nel","max_age":604800}', 'NEL': '{"success_fraction":0,"report_to":"cf-nel","max_age":604800}', 'Server': 'cloudflare', 'CF-RAY': '88bbeeb2fb71112e-ORD', 'alt-svc': 'h3=":443"; ma=86400'} 
 body={"results":[{"gender":"female","name":{"title":"Mrs","first":"Olga","last":"Stošić"},"location":{"street":{"number":9005,"name":"Filipa Hristića "},"city":"Stara Pazova","state":"South Bačka","country":"Serbia","postcode":33583,"coordinates":{"latitude":"59.3681","longitude":"17.6147"},"timezone":{"offset":"-10:00","description":"Hawaii"}},"email":"olga.stosic@example.com","login":{"uuid":"ac61e4cd-4c86-46c6-baa3-9fad1ba7f22d","username":"bluemeercat943","password":"peng","salt":"YGzyWAlP","md5":"8bc47602d81a089e8534c51ff8e6a157","sha1":"191368b096d7f1b5b02154937c2d1d889001ee9a","sha256":"0b4fb03f7db2c5152173aa46488c479517d6a1ca4c7418d27af7607a4b8a6876"},"dob":{"date":"1980-03-11T06:32:36.442Z","age":44},"registered":{"date":"2019-08-21T20:17:50.705Z","age":4},"phone":"036-4911-849","cell":"066-1646-158","id":{"name":"SID","value":"576489888"},"picture":{"large":"https://randomuser.me/api/portraits/women/6.jpg","medium":"https://randomuser.me/api/portraits/med/women/6.jpg","thumbnail":"https://randomuser.me/api/portraits/thumb/women/6.jpg"},"nat":"RS"}],"info":{"seed":"aacc9ea48d0ab83e","results":1,"page":1,"version":"1.4"}} 
 </msg>
<msg time="2024-05-30T04:20:34.479621" level="INFO">/opt/hostedtoolcache/Python/3.12.3/x64/lib/python3.12/site-packages/urllib3/connectionpool.py:1103: InsecureRequestWarning: Unverified HTTPS request is being made to host 'randomuser.me'. Adding certificate verification is strongly advised. See: https://urllib3.readthedocs.io/en/latest/advanced-usage.html#tls-warnings
  warnings.warn(</msg>
<msg time="2024-05-30T04:20:34.479756" level="INFO">${response} = &lt;Response [200]&gt;</msg>
<var>${response}</var>
<arg>consultarAPI</arg>
<arg>/api</arg>
<doc>Sends a GET request on a previously created HTTP Session.</doc>
<status status="PASS" start="2024-05-30T04:20:34.394255" elapsed="0.085540"/>
</kw>
<kw name="Set Variable" owner="BuiltIn">
<msg time="2024-05-30T04:20:34.481180" level="INFO">${json_data} = {'results': [{'gender': 'female', 'name': {'title': 'Mrs', 'first': 'Olga', 'last': 'Stošić'}, 'location': {'street': {'number': 9005, 'name': 'Filipa Hristića '}, 'city': 'Stara Pazova', 'state': 'So...</msg>
<var>${json_data}</var>
<arg>${response.json()}</arg>
<doc>Returns the given values which can then be assigned to a variables.</doc>
<status status="PASS" start="2024-05-30T04:20:34.480525" elapsed="0.000687"/>
</kw>
<kw name="Log" owner="BuiltIn">
<msg time="2024-05-30T04:20:34.481695" level="INFO">{'results': [{'gender': 'female', 'name': {'title': 'Mrs', 'first': 'Olga', 'last': 'Stošić'}, 'location': {'street': {'number': 9005, 'name': 'Filipa Hristića '}, 'city': 'Stara Pazova', 'state': 'South Bačka', 'country': 'Serbia', 'postcode': 33583, 'coordinates': {'latitude': '59.3681', 'longitude': '17.6147'}, 'timezone': {'offset': '-10:00', 'description': 'Hawaii'}}, 'email': 'olga.stosic@example.com', 'login': {'uuid': 'ac61e4cd-4c86-46c6-baa3-9fad1ba7f22d', 'username': 'bluemeercat943', 'password': 'peng', 'salt': 'YGzyWAlP', 'md5': '8bc47602d81a089e8534c51ff8e6a157', 'sha1': '191368b096d7f1b5b02154937c2d1d889001ee9a', 'sha256': '0b4fb03f7db2c5152173aa46488c479517d6a1ca4c7418d27af7607a4b8a6876'}, 'dob': {'date': '1980-03-11T06:32:36.442Z', 'age': 44}, 'registered': {'date': '2019-08-21T20:17:50.705Z', 'age': 4}, 'phone': '036-4911-849', 'cell': '066-1646-158', 'id': {'name': 'SID', 'value': '576489888'}, 'picture': {'large': 'https://randomuser.me/api/portraits/women/6.jpg', 'medium': 'https://randomuser.me/api/portraits/med/women/6.jpg', 'thumbnail': 'https://randomuser.me/api/portraits/thumb/women/6.jpg'}, 'nat': 'RS'}], 'info': {'seed': 'aacc9ea48d0ab83e', 'results': 1, 'page': 1, 'version': '1.4'}}</msg>
<arg>${json_data}</arg>
<doc>Logs the given message with the given level.</doc>
<status status="PASS" start="2024-05-30T04:20:34.481532" elapsed="0.000249"/>
</kw>
<kw name="Should Be Equal As Numbers" owner="BuiltIn">
<arg>${json_data['results'][0]['location']['postcode']}</arg>
<arg>${json_data['results'][0]['location']['postcode']}</arg>
<doc>Fails if objects are unequal after converting them to real numbers.</doc>
<status status="PASS" start="2024-05-30T04:20:34.482088" elapsed="0.000628"/>
</kw>
<kw name="Log" owner="BuiltIn">
<msg time="2024-05-30T04:20:34.483248" level="INFO">33583</msg>
<arg>${json_data['results'][0]['location']['postcode']}</arg>
<doc>Logs the given message with the given level.</doc>
<status status="PASS" start="2024-05-30T04:20:34.482914" elapsed="0.000375"/>
</kw>
<status status="PASS" start="2024-05-30T04:20:34.394020" elapsed="0.089556"/>
</kw>
<doc>Testa se os tipos de dados na resposta da API estão corretos.</doc>
<tag>testeTiposDados</tag>
<status status="PASS" start="2024-05-30T04:20:34.308216" elapsed="0.175541"/>
</test>
<test id="s1-s1-t5" name="Validar conteudo" line="35">
<kw name="Teste de Tipos de Conteudo" owner="random-user-service">
<kw name="GET On Session" owner="RequestsLibrary">
<msg time="2024-05-30T04:20:34.582464" level="INFO">GET Request : url=https://randomuser.me/api 
 path_url=/api 
 headers={'User-Agent': 'python-requests/2.32.3', 'Accept-Encoding': 'gzip, deflate', 'Accept': '*/*', 'Connection': 'keep-alive'} 
 body=None 
 </msg>
<msg time="2024-05-30T04:20:34.582574" level="INFO">GET Response : url=https://randomuser.me/api 
 status=200, reason=OK 
 headers={'Date': 'Thu, 30 May 2024 04:20:34 GMT', 'Content-Type': 'application/json; charset=utf-8', 'Transfer-Encoding': 'chunked', 'Connection': 'keep-alive', 'X-Powered-By': 'Express', 'Access-Control-Allow-Origin': '*', 'Cache-Control': 'no-cache', 'ETag': 'W/"482-7Ak63VhdY+cazBtGuqvszSyifIY"', 'Vary': 'Accept-Encoding', 'Content-Encoding': 'gzip', 'CF-Cache-Status': 'DYNAMIC', 'Report-To': '{"endpoints":[{"url":"https:\\/\\/a.nel.cloudflare.com\\/report\\/v4?s=mwCMdsG6vSFZqIJXJXmoBQL%2F4ci9IaaGHYMe%2BmR%2FivbcVIbtvx7H1i8tdiRFdYPKAy5yl11YGahEzME85V45gOKVon85QjVxzt3QgJJ0zS3lAjoRnouISIDZ8z7ynBxQ"}],"group":"cf-nel","max_age":604800}', 'NEL': '{"success_fraction":0,"report_to":"cf-nel","max_age":604800}', 'Server': 'cloudflare', 'CF-RAY': '88bbeeb38c0e112e-ORD', 'alt-svc': 'h3=":443"; ma=86400'} 
 body={"results":[{"gender":"male","name":{"title":"Mr","first":"Kristijan","last":"Rajković"},"location":{"street":{"number":6258,"name":"Močarska"},"city":"Sečanj","state":"Kosovo-Pomoravlje","country":"Serbia","postcode":76847,"coordinates":{"latitude":"61.4111","longitude":"-156.9590"},"timezone":{"offset":"-2:00","description":"Mid-Atlantic"}},"email":"kristijan.rajkovic@example.com","login":{"uuid":"696a9b3b-65f3-4def-88d6-26ed9abaf5e6","username":"ticklishgoose246","password":"lock","salt":"Au9o139r","md5":"2656367fb12f39e6d1650e0f80a4f76b","sha1":"1af6a40aad89ab35876717f3a19bb1cf5802b299","sha256":"cf4c206f87eec88e077ccca7d45cb6a051a8204f412049425e72db4749cf8a65"},"dob":{"date":"1967-07-21T07:51:18.979Z","age":56},"registered":{"date":"2020-09-11T22:07:17.924Z","age":3},"phone":"026-6693-943","cell":"066-6145-100","id":{"name":"SID","value":"218210131"},"picture":{"large":"https://randomuser.me/api/portraits/men/82.jpg","medium":"https://randomuser.me/api/portraits/med/men/82.jpg","thumbnail":"https://randomuser.me/api/portraits/thumb/men/82.jpg"},"nat":"RS"}],"info":{"seed":"6c8026912c622af8","results":1,"page":1,"version":"1.4"}} 
 </msg>
<msg time="2024-05-30T04:20:34.582656" level="INFO">/opt/hostedtoolcache/Python/3.12.3/x64/lib/python3.12/site-packages/urllib3/connectionpool.py:1103: InsecureRequestWarning: Unverified HTTPS request is being made to host 'randomuser.me'. Adding certificate verification is strongly advised. See: https://urllib3.readthedocs.io/en/latest/advanced-usage.html#tls-warnings
  warnings.warn(</msg>
<msg time="2024-05-30T04:20:34.582808" level="INFO">${response} = &lt;Response [200]&gt;</msg>
<var>${response}</var>
<arg>consultarAPI</arg>
<arg>/api</arg>
<doc>Sends a GET request on a previously created HTTP Session.</doc>
<status status="PASS" start="2024-05-30T04:20:34.487084" elapsed="0.095773"/>
</kw>
<kw name="Set Variable" owner="BuiltIn">
<msg time="2024-05-30T04:20:34.584135" level="INFO">${json_data} = {'results': [{'gender': 'male', 'name': {'title': 'Mr', 'first': 'Kristijan', 'last': 'Rajković'}, 'location': {'street': {'number': 6258, 'name': 'Močarska'}, 'city': 'Sečanj', 'state': 'Kosovo-Pomor...</msg>
<var>${json_data}</var>
<arg>${response.json()}</arg>
<doc>Returns the given values which can then be assigned to a variables.</doc>
<status status="PASS" start="2024-05-30T04:20:34.583558" elapsed="0.000608"/>
</kw>
<kw name="Set Variable" owner="BuiltIn">
<msg time="2024-05-30T04:20:34.584901" level="INFO">${name_title} = Mr</msg>
<var>${name_title}</var>
<arg>${json_data["results"][0]["name"]["title"]}</arg>
<doc>Returns the given values which can then be assigned to a variables.</doc>
<status status="PASS" start="2024-05-30T04:20:34.584479" elapsed="0.000448"/>
</kw>
<kw name="Create List" owner="BuiltIn">
<msg time="2024-05-30T04:20:34.585373" level="INFO">${allowed_titles} = ['Mr', 'Ms', 'Miss', 'Mrs', 'Madame', 'Monsieur']</msg>
<var>${allowed_titles}</var>
<arg>Mr</arg>
<arg>Ms</arg>
<arg>Miss</arg>
<arg>Mrs</arg>
<arg>Madame</arg>
<arg>Monsieur</arg>
<doc>Returns a list containing given items.</doc>
<status status="PASS" start="2024-05-30T04:20:34.585225" elapsed="0.000174"/>
</kw>
<kw name="List Should Contain Value" owner="Collections">
<msg time="2024-05-30T04:20:34.585881" level="INFO">False</msg>
<arg>${allowed_titles}</arg>
<arg>${name_title}</arg>
<doc>Fails if the ``value`` is not found from ``list``.</doc>
<status status="PASS" start="2024-05-30T04:20:34.585704" elapsed="0.000214"/>
</kw>
<kw name="Set Variable" owner="BuiltIn">
<msg time="2024-05-30T04:20:34.586782" level="INFO">${name_country} = RS</msg>
<var>${name_country}</var>
<arg>${json_data["results"][0]["nat"]}</arg>
<doc>Returns the given values which can then be assigned to a variables.</doc>
<status status="PASS" start="2024-05-30T04:20:34.586217" elapsed="0.000590"/>
</kw>
<kw name="Create List" owner="BuiltIn">
<msg time="2024-05-30T04:20:34.587710" level="INFO">${list_country} = ['AD', 'AE', 'AF', 'AG', 'AI', 'AL', 'AM', 'AO', 'AQ', 'AR', 'AS', 'AT', 'AU', 'AW', 'AX', 'AZ', 'BA', 'BB', 'BD', 'BE', 'BF', 'BG', 'BH', 'BI', 'BJ', 'BL', 'BM', 'BN', 'BO', 'BQ', 'BR', 'BS', 'BT', '...</msg>
<var>${list_country}</var>
<arg>AD</arg>
<arg>AE</arg>
<arg>AF</arg>
<arg>AG</arg>
<arg>AI</arg>
<arg>AL</arg>
<arg>AM</arg>
<arg>AO</arg>
<arg>AQ</arg>
<arg>AR</arg>
<arg>AS</arg>
<arg>AT</arg>
<arg>AU</arg>
<arg>AW</arg>
<arg>AX</arg>
<arg>AZ</arg>
<arg>BA</arg>
<arg>BB</arg>
<arg>BD</arg>
<arg>BE</arg>
<arg>BF</arg>
<arg>BG</arg>
<arg>BH</arg>
<arg>BI</arg>
<arg>BJ</arg>
<arg>BL</arg>
<arg>BM</arg>
<arg>BN</arg>
<arg>BO</arg>
<arg>BQ</arg>
<arg>BR</arg>
<arg>BS</arg>
<arg>BT</arg>
<arg>BV</arg>
<arg>BW</arg>
<arg>BY</arg>
<arg>BZ</arg>
<arg>CA</arg>
<arg>CC</arg>
<arg>CD</arg>
<arg>CF</arg>
<arg>CG</arg>
<arg>CH</arg>
<arg>CI</arg>
<arg>CK</arg>
<arg>CL</arg>
<arg>CM</arg>
<arg>CN</arg>
<arg>CO</arg>
<arg>CR</arg>
<arg>CU</arg>
<arg>CV</arg>
<arg>CW</arg>
<arg>CX</arg>
<arg>CY</arg>
<arg>CZ</arg>
<arg>DE</arg>
<arg>DJ</arg>
<arg>DK</arg>
<arg>DM</arg>
<arg>DO</arg>
<arg>DZ</arg>
<arg>EC</arg>
<arg>EE</arg>
<arg>EG</arg>
<arg>EH</arg>
<arg>ER</arg>
<arg>ES</arg>
<arg>ET</arg>
<arg>FI</arg>
<arg>FJ</arg>
<arg>FK</arg>
<arg>FM</arg>
<arg>FO</arg>
<arg>FR</arg>
<arg>GA</arg>
<arg>GB</arg>
<arg>GD</arg>
<arg>GE</arg>
<arg>GF</arg>
<arg>GG</arg>
<arg>GH</arg>
<arg>GI</arg>
<arg>GL</arg>
<arg>GM</arg>
<arg>GN</arg>
<arg>GP</arg>
<arg>GQ</arg>
<arg>GR</arg>
<arg>GS</arg>
<arg>GT</arg>
<arg>GU</arg>
<arg>GW</arg>
<arg>GY</arg>
<arg>HK</arg>
<arg>HM</arg>
<arg>HN</arg>
<arg>HR</arg>
<arg>HT</arg>
<arg>HU</arg>
<arg>ID</arg>
<arg>IE</arg>
<arg>IL</arg>
<arg>IM</arg>
<arg>IN</arg>
<arg>IO</arg>
<arg>IQ</arg>
<arg>IR</arg>
<arg>IS</arg>
<arg>IT</arg>
<arg>JE</arg>
<arg>JM</arg>
<arg>JO</arg>
<arg>JP</arg>
<arg>KE</arg>
<arg>KG</arg>
<arg>KH</arg>
<arg>KI</arg>
<arg>KM</arg>
<arg>KN</arg>
<arg>KP</arg>
<arg>KR</arg>
<arg>KW</arg>
<arg>KY</arg>
<arg>KZ</arg>
<arg>LA</arg>
<arg>LB</arg>
<arg>LC</arg>
<arg>LI</arg>
<arg>LK</arg>
<arg>LR</arg>
<arg>LS</arg>
<arg>LT</arg>
<arg>LU</arg>
<arg>LV</arg>
<arg>LY</arg>
<arg>MA</arg>
<arg>MC</arg>
<arg>MD</arg>
<arg>ME</arg>
<arg>MF</arg>
<arg>MG</arg>
<arg>MH</arg>
<arg>MK</arg>
<arg>ML</arg>
<arg>MM</arg>
<arg>MN</arg>
<arg>MO</arg>
<arg>MP</arg>
<arg>MQ</arg>
<arg>MR</arg>
<arg>MS</arg>
<arg>MT</arg>
<arg>MU</arg>
<arg>MV</arg>
<arg>MW</arg>
<arg>MX</arg>
<arg>MY</arg>
<arg>MZ</arg>
<arg>NA</arg>
<arg>NC</arg>
<arg>NE</arg>
<arg>NF</arg>
<arg>NG</arg>
<arg>NI</arg>
<arg>NL</arg>
<arg>NO</arg>
<arg>NP</arg>
<arg>NR</arg>
<arg>NU</arg>
<arg>NZ</arg>
<arg>OM</arg>
<arg>PA</arg>
<arg>PE</arg>
<arg>PF</arg>
<arg>PG</arg>
<arg>PH</arg>
<arg>PK</arg>
<arg>PL</arg>
<arg>PM</arg>
<arg>PN</arg>
<arg>PR</arg>
<arg>PS</arg>
<arg>PT</arg>
<arg>PW</arg>
<arg>PY</arg>
<arg>QA</arg>
<arg>RE</arg>
<arg>RO</arg>
<arg>RS</arg>
<arg>RU</arg>
<arg>RW</arg>
<arg>SA</arg>
<arg>SB</arg>
<arg>SC</arg>
<arg>SD</arg>
<arg>SE</arg>
<arg>SG</arg>
<arg>SH</arg>
<arg>SI</arg>
<arg>SJ</arg>
<arg>SK</arg>
<arg>SL</arg>
<arg>SM</arg>
<arg>SN</arg>
<arg>SO</arg>
<arg>SR</arg>
<arg>SS</arg>
<arg>ST</arg>
<arg>SV</arg>
<arg>SX</arg>
<arg>SY</arg>
<arg>SZ</arg>
<arg>TC</arg>
<arg>TD</arg>
<arg>TF</arg>
<arg>TG</arg>
<arg>TH</arg>
<arg>TJ</arg>
<arg>TK</arg>
<arg>TL</arg>
<arg>TM</arg>
<arg>TN</arg>
<arg>TO</arg>
<arg>TR</arg>
<arg>TT</arg>
<arg>TV</arg>
<arg>TW</arg>
<arg>TZ</arg>
<arg>UA</arg>
<arg>UG</arg>
<arg>UM</arg>
<arg>US</arg>
<arg>UY</arg>
<arg>UZ</arg>
<arg>VA</arg>
<arg>VC</arg>
<arg>VE</arg>
<arg>VG</arg>
<arg>VI</arg>
<arg>VN</arg>
<arg>VU</arg>
<arg>WF</arg>
<arg>WS</arg>
<arg>XK</arg>
<arg>YE</arg>
<arg>YT</arg>
<arg>ZA</arg>
<arg>ZM</arg>
<arg>ZW</arg>
<doc>Returns a list containing given items.</doc>
<status status="PASS" start="2024-05-30T04:20:34.587115" elapsed="0.000620"/>
</kw>
<kw name="List Should Contain Value" owner="Collections">
<msg time="2024-05-30T04:20:34.588748" level="INFO">False</msg>
<arg>${list_country}</arg>
<arg>${name_country}</arg>
<doc>Fails if the ``value`` is not found from ``list``.</doc>
<status status="PASS" start="2024-05-30T04:20:34.588522" elapsed="0.000263"/>
</kw>
<kw name="Run Keyword If" owner="BuiltIn">
<kw name="Should Be True" owner="BuiltIn">
<arg>${True}</arg>
<doc>Fails if the given condition is not true.</doc>
<status status="PASS" start="2024-05-30T04:20:34.589853" elapsed="0.000146"/>
</kw>
<arg>${json_data["results"][0]["location"]["coordinates"]["latitude"]} &gt;= -90 and ${json_data["results"][0]["location"]["coordinates"]["latitude"]} &lt;= 90</arg>
<arg>Should Be True</arg>
<arg>${True}</arg>
<doc>Runs the given keyword with the given arguments, if ``condition`` is true.</doc>
<status status="PASS" start="2024-05-30T04:20:34.589107" elapsed="0.001018"/>
</kw>
<kw name="Run Keyword If" owner="BuiltIn">
<kw name="Should Be True" owner="BuiltIn">
<arg>${True}</arg>
<doc>Fails if the given condition is not true.</doc>
<status status="PASS" start="2024-05-30T04:20:34.591016" elapsed="0.000137"/>
</kw>
<arg>${json_data["results"][0]["location"]["coordinates"]["longitude"]} &gt;= -180 and ${json_data["results"][0]["location"]["coordinates"]["longitude"]} &lt;= 180</arg>
<arg>Should Be True</arg>
<arg>${True}</arg>
<doc>Runs the given keyword with the given arguments, if ``condition`` is true.</doc>
<status status="PASS" start="2024-05-30T04:20:34.590317" elapsed="0.000957"/>
</kw>
<status status="PASS" start="2024-05-30T04:20:34.486704" elapsed="0.104702"/>
</kw>
<doc>Testa o conteúdo específico dos campos retornados pela API.</doc>
<tag>testeConteudo</tag>
<status status="PASS" start="2024-05-30T04:20:34.485972" elapsed="0.105587"/>
</test>
<status status="PASS" start="2024-05-30T04:20:33.534195" elapsed="1.059386"/>
</suite>
<status status="PASS" start="2024-05-30T04:20:33.520610" elapsed="1.078210"/>
</suite>
<statistics>
<total>
<stat pass="5" fail="0" skip="0">All Tests</stat>
</total>
<tag>
<stat pass="1" fail="0" skip="0">testeConteudo</stat>
<stat pass="1" fail="0" skip="0">testeEstruturaResposta</stat>
<stat pass="1" fail="0" skip="0">testeRequisicaoBasica</stat>
<stat pass="1" fail="0" skip="0">testeTiposDados</stat>
</tag>
<suite>
<stat pass="5" fail="0" skip="0" id="s1" name="Tests">Tests</stat>
<stat pass="5" fail="0" skip="0" id="s1-s1" name="Random-User-Test">Tests.Random-User-Test</stat>
</suite>
</statistics>
<errors>
</errors>
</robot>
