<?xml version="1.0" encoding="UTF-8"?>
<robot generator="Robot 7.0 (Python 3.12.2 on linux)" generated="2024-04-09T20:14:01.760575" rpa="false" schemaversion="5">
<suite id="s1" name="Tests" source="/home/runner/work/DesafioQAItauRogerioJordao/DesafioQAItauRogerioJordao/RamdonUser/tests">
<suite id="s1-s1" name="Random-User-Test" source="/home/runner/work/DesafioQAItauRogerioJordao/DesafioQAItauRogerioJordao/RamdonUser/tests/random-user-test.robot">
<test id="s1-s1-t1" name="Conectar" line="13">
<kw name="Conectar API" owner="random-user-service">
<kw name="Create Session" owner="RequestsLibrary">
<msg time="2024-04-09T20:14:02.132972" level="INFO">Creating Session using : alias=consultarAPI, url=https://randomuser.me/, headers={},                     cookies={}, auth=None, timeout=None, proxies=None, verify=False,                     debug=0 </msg>
<arg>consultarAPI</arg>
<arg>${URL}</arg>
<doc>Create Session: create a HTTP session to a server</doc>
<status status="PASS" start="2024-04-09T20:14:02.132739" elapsed="0.000432"/>
</kw>
<status status="PASS" start="2024-04-09T20:14:02.131596" elapsed="0.001986"/>
</kw>
<status status="PASS" start="2024-04-09T20:14:02.130902" elapsed="0.002904"/>
</test>
<test id="s1-s1-t2" name="Validar retorno 200 e JSON Válido" line="16">
<kw name="Teste de Requisicao Basica" owner="random-user-service">
<kw name="GET On Session" owner="RequestsLibrary">
<msg time="2024-04-09T20:14:02.241870" level="INFO">GET Request : url=https://randomuser.me/api 
 path_url=/api 
 headers={'User-Agent': 'python-requests/2.31.0', 'Accept-Encoding': 'gzip, deflate', 'Accept': '*/*', 'Connection': 'keep-alive'} 
 body=None 
 </msg>
<msg time="2024-04-09T20:14:02.242062" level="INFO">GET Response : url=https://randomuser.me/api 
 status=200, reason=OK 
 headers={'Date': 'Tue, 09 Apr 2024 20:14:02 GMT', 'Content-Type': 'application/json; charset=utf-8', 'Transfer-Encoding': 'chunked', 'Connection': 'keep-alive', 'X-Powered-By': 'Express', 'Access-Control-Allow-Origin': '*', 'Cache-Control': 'no-cache', 'ETag': 'W/"4a3-WyIVO+7HRzMUw6nzgo/D3eiSdZA"', 'Vary': 'Accept-Encoding', 'Content-Encoding': 'gzip', 'CF-Cache-Status': 'DYNAMIC', 'Report-To': '{"endpoints":[{"url":"https:\\/\\/a.nel.cloudflare.com\\/report\\/v4?s=IytYCmiun%2F4o0i44lF%2FmEhWOwybClfWkLC79MEcn8eCLJySNBZ522O8i%2Fl107cSYnaX4wQaLSaSMs%2FR2advA8LXtd5pj0KItMNqLPQQtvC554oGIsNWOXej87HGcENkp"}],"group":"cf-nel","max_age":604800}', 'NEL': '{"success_fraction":0,"report_to":"cf-nel","max_age":604800}', 'Server': 'cloudflare', 'CF-RAY': '871d293f99c65997-IAD', 'alt-svc': 'h3=":443"; ma=86400'} 
 body={"results":[{"gender":"female","name":{"title":"Mademoiselle","first":"Sarah","last":"Leroy"},"location":{"street":{"number":3483,"name":"Rue Abel-Ferry"},"city":"Chéserex","state":"Neuchâtel","country":"Switzerland","postcode":5723,"coordinates":{"latitude":"-59.5093","longitude":"87.3593"},"timezone":{"offset":"+5:30","description":"Bombay, Calcutta, Madras, New Delhi"}},"email":"sarah.leroy@example.com","login":{"uuid":"d9cb5527-ba0d-4627-84a8-0d1e12809afc","username":"lazybear885","password":"natalie","salt":"QaZzjCYs","md5":"567761b7bea03f5ea49968f8581e3d89","sha1":"214b75a3c70b5b756a2251daa01f62fe614baea9","sha256":"1de22d56b465f57dc3e3f174d0e64c7159e671e78c63b5ea3aa4d16acbbeb919"},"dob":{"date":"1951-05-07T23:16:34.155Z","age":72},"registered":{"date":"2019-12-22T23:21:20.853Z","age":4},"phone":"075 569 72 13","cell":"079 039 90 36","id":{"name":"AVS","value":"756.9300.5486.94"},"picture":{"large":"https://randomuser.me/api/portraits/women/8.jpg","medium":"https://randomuser.me/api/portraits/med/women/8.jpg","thumbnail":"https://randomuser.me/api/portraits/thumb/women/8.jpg"},"nat":"CH"}],"info":{"seed":"186dc98e1f07613c","results":1,"page":1,"version":"1.4"}} 
 </msg>
<msg time="2024-04-09T20:14:02.242162" level="INFO">/opt/hostedtoolcache/Python/3.12.2/x64/lib/python3.12/site-packages/urllib3/connectionpool.py:1103: InsecureRequestWarning: Unverified HTTPS request is being made to host 'randomuser.me'. Adding certificate verification is strongly advised. See: https://urllib3.readthedocs.io/en/latest/advanced-usage.html#tls-warnings
  warnings.warn(</msg>
<msg time="2024-04-09T20:14:02.242350" level="INFO">${response} = &lt;Response [200]&gt;</msg>
<var>${response}</var>
<arg>consultarAPI</arg>
<arg>/api</arg>
<doc>Sends a GET request on a previously created HTTP Session.</doc>
<status status="PASS" start="2024-04-09T20:14:02.136678" elapsed="0.105718"/>
</kw>
<kw name="Should Be Equal As Numbers" owner="BuiltIn">
<msg time="2024-04-09T20:14:02.243562" level="INFO">Argument types are:
&lt;class 'int'&gt;
&lt;class 'str'&gt;</msg>
<arg>${response.status_code}</arg>
<arg>200</arg>
<doc>Fails if objects are unequal after converting them to real numbers.</doc>
<status status="PASS" start="2024-04-09T20:14:02.243067" elapsed="0.000568"/>
</kw>
<kw name="Log" owner="BuiltIn">
<msg time="2024-04-09T20:14:02.244444" level="INFO">200</msg>
<arg>${response.status_code}</arg>
<doc>Logs the given message with the given level.</doc>
<status status="PASS" start="2024-04-09T20:14:02.244040" elapsed="0.000450"/>
</kw>
<kw name="Set Variable" owner="BuiltIn">
<msg time="2024-04-09T20:14:02.245312" level="INFO">${json_data} = {'results': [{'gender': 'female', 'name': {'title': 'Mademoiselle', 'first': 'Sarah', 'last': 'Leroy'}, 'location': {'street': {'number': 3483, 'name': 'Rue Abel-Ferry'}, 'city': 'Chéserex', 'state': ...</msg>
<var>${json_data}</var>
<arg>${response.json()}</arg>
<doc>Returns the given values which can then be assigned to a variables.</doc>
<status status="PASS" start="2024-04-09T20:14:02.244839" elapsed="0.000502"/>
</kw>
<kw name="Dictionary Should Contain Key" owner="Collections">
<msg time="2024-04-09T20:14:02.245833" level="INFO">False</msg>
<arg>${json_data}</arg>
<arg>results</arg>
<doc>Fails if ``key`` is not found from ``dictionary``.</doc>
<status status="PASS" start="2024-04-09T20:14:02.245655" elapsed="0.000219"/>
</kw>
<status status="PASS" start="2024-04-09T20:14:02.136392" elapsed="0.109744"/>
</kw>
<doc>Testa se a API responde corretamente e retorna um objeto JSON válido.</doc>
<tag>testeRequisicaoBasica</tag>
<status status="PASS" start="2024-04-09T20:14:02.135802" elapsed="0.110544"/>
</test>
<test id="s1-s1-t3" name="Validar estrutura de resposta" line="22">
<kw name="Teste de Estrutura de Resposta" owner="random-user-service">
<kw name="GET On Session" owner="RequestsLibrary">
<msg time="2024-04-09T20:14:02.344173" level="INFO">GET Request : url=https://randomuser.me/api 
 path_url=/api 
 headers={'User-Agent': 'python-requests/2.31.0', 'Accept-Encoding': 'gzip, deflate', 'Accept': '*/*', 'Connection': 'keep-alive'} 
 body=None 
 </msg>
<msg time="2024-04-09T20:14:02.344284" level="INFO">GET Response : url=https://randomuser.me/api 
 status=200, reason=OK 
 headers={'Date': 'Tue, 09 Apr 2024 20:14:02 GMT', 'Content-Type': 'application/json; charset=utf-8', 'Transfer-Encoding': 'chunked', 'Connection': 'keep-alive', 'X-Powered-By': 'Express', 'Access-Control-Allow-Origin': '*', 'Cache-Control': 'no-cache', 'ETag': 'W/"490-bRDqAlX8AnyoPugRFm6PKGLdxbQ"', 'Vary': 'Accept-Encoding', 'Content-Encoding': 'gzip', 'CF-Cache-Status': 'DYNAMIC', 'Report-To': '{"endpoints":[{"url":"https:\\/\\/a.nel.cloudflare.com\\/report\\/v4?s=IVv6yXJY9UowDg4IGAqEk3h1IyP%2BYejKp%2FWby4mHFzXCLAy6Oqb4QzX4GMtlKJJWoY2OdevgM%2BBFgt%2B9Xn%2FObNo%2FffoJzlj9UzJLeTKaNJJEqBl9jtl8cjCzD6k6fC6I"}],"group":"cf-nel","max_age":604800}', 'NEL': '{"success_fraction":0,"report_to":"cf-nel","max_age":604800}', 'Server': 'cloudflare', 'CF-RAY': '871d29401a535997-IAD', 'alt-svc': 'h3=":443"; ma=86400'} 
 body={"results":[{"gender":"female","name":{"title":"Mrs","first":"Svetlana","last":"Bajević"},"location":{"street":{"number":5129,"name":"Partizanski Sastanak"},"city":"Titel","state":"Toplica","country":"Serbia","postcode":39091,"coordinates":{"latitude":"56.0188","longitude":"93.8972"},"timezone":{"offset":"+2:00","description":"Kaliningrad, South Africa"}},"email":"svetlana.bajevic@example.com","login":{"uuid":"d0788ade-5e78-446b-b02c-592c6277bb19","username":"silverfrog614","password":"berlin","salt":"5DHqAR8d","md5":"4779849aae7120172412995dc5aa2e88","sha1":"77fbbb6bbb1ccaede182e8aa7d14d5c6fb3cb3f6","sha256":"10d8937f9f7cf4e6915235257c8ed12a36b17fe126a1c978d1f1c80b8ad2b7ea"},"dob":{"date":"1954-02-13T11:26:05.074Z","age":70},"registered":{"date":"2018-06-12T21:44:41.609Z","age":5},"phone":"014-4771-583","cell":"065-5319-960","id":{"name":"SID","value":"651733873"},"picture":{"large":"https://randomuser.me/api/portraits/women/37.jpg","medium":"https://randomuser.me/api/portraits/med/women/37.jpg","thumbnail":"https://randomuser.me/api/portraits/thumb/women/37.jpg"},"nat":"RS"}],"info":{"seed":"694c15aff000d3b4","results":1,"page":1,"version":"1.4"}} 
 </msg>
<msg time="2024-04-09T20:14:02.344445" level="INFO">/opt/hostedtoolcache/Python/3.12.2/x64/lib/python3.12/site-packages/urllib3/connectionpool.py:1103: InsecureRequestWarning: Unverified HTTPS request is being made to host 'randomuser.me'. Adding certificate verification is strongly advised. See: https://urllib3.readthedocs.io/en/latest/advanced-usage.html#tls-warnings
  warnings.warn(</msg>
<msg time="2024-04-09T20:14:02.344578" level="INFO">${response} = &lt;Response [200]&gt;</msg>
<var>${response}</var>
<arg>consultarAPI</arg>
<arg>/api</arg>
<doc>Sends a GET request on a previously created HTTP Session.</doc>
<status status="PASS" start="2024-04-09T20:14:02.249194" elapsed="0.095425"/>
</kw>
<kw name="Set Variable" owner="BuiltIn">
<msg time="2024-04-09T20:14:02.345750" level="INFO">${json_data} = {'results': [{'gender': 'female', 'name': {'title': 'Mrs', 'first': 'Svetlana', 'last': 'Bajević'}, 'location': {'street': {'number': 5129, 'name': 'Partizanski Sastanak'}, 'city': 'Titel', 'state': '...</msg>
<var>${json_data}</var>
<arg>${response.json()}</arg>
<doc>Returns the given values which can then be assigned to a variables.</doc>
<status status="PASS" start="2024-04-09T20:14:02.345186" elapsed="0.000596"/>
</kw>
<kw name="Log" owner="BuiltIn">
<msg time="2024-04-09T20:14:02.346351" level="INFO">{'results': [{'gender': 'female', 'name': {'title': 'Mrs', 'first': 'Svetlana', 'last': 'Bajević'}, 'location': {'street': {'number': 5129, 'name': 'Partizanski Sastanak'}, 'city': 'Titel', 'state': 'Toplica', 'country': 'Serbia', 'postcode': 39091, 'coordinates': {'latitude': '56.0188', 'longitude': '93.8972'}, 'timezone': {'offset': '+2:00', 'description': 'Kaliningrad, South Africa'}}, 'email': 'svetlana.bajevic@example.com', 'login': {'uuid': 'd0788ade-5e78-446b-b02c-592c6277bb19', 'username': 'silverfrog614', 'password': 'berlin', 'salt': '5DHqAR8d', 'md5': '4779849aae7120172412995dc5aa2e88', 'sha1': '77fbbb6bbb1ccaede182e8aa7d14d5c6fb3cb3f6', 'sha256': '10d8937f9f7cf4e6915235257c8ed12a36b17fe126a1c978d1f1c80b8ad2b7ea'}, 'dob': {'date': '1954-02-13T11:26:05.074Z', 'age': 70}, 'registered': {'date': '2018-06-12T21:44:41.609Z', 'age': 5}, 'phone': '014-4771-583', 'cell': '065-5319-960', 'id': {'name': 'SID', 'value': '651733873'}, 'picture': {'large': 'https://randomuser.me/api/portraits/women/37.jpg', 'medium': 'https://randomuser.me/api/portraits/med/women/37.jpg', 'thumbnail': 'https://randomuser.me/api/portraits/thumb/women/37.jpg'}, 'nat': 'RS'}], 'info': {'seed': '694c15aff000d3b4', 'results': 1, 'page': 1, 'version': '1.4'}}</msg>
<arg>${json_data}</arg>
<doc>Logs the given message with the given level.</doc>
<status status="PASS" start="2024-04-09T20:14:02.346158" elapsed="0.000247"/>
</kw>
<kw name="Dictionary Should Contain Key" owner="Collections">
<msg time="2024-04-09T20:14:02.346965" level="INFO">False</msg>
<arg>${json_data}</arg>
<arg>results</arg>
<doc>Fails if ``key`` is not found from ``dictionary``.</doc>
<status status="PASS" start="2024-04-09T20:14:02.346775" elapsed="0.000245"/>
</kw>
<kw name="Should Not Be Empty" owner="BuiltIn">
<msg time="2024-04-09T20:14:02.347483" level="INFO">Length is 2.</msg>
<arg>${json_data}</arg>
<doc>Verifies that the given item is not empty.</doc>
<status status="PASS" start="2024-04-09T20:14:02.347339" elapsed="0.000185"/>
</kw>
<kw name="Create List" owner="BuiltIn">
<msg time="2024-04-09T20:14:02.347980" level="INFO">${expected_keys} = ['gender', 'name', 'location', 'email', 'login']</msg>
<var>${expected_keys}</var>
<arg>gender</arg>
<arg>name</arg>
<arg>location</arg>
<arg>email</arg>
<arg>login</arg>
<doc>Returns a list containing given items.</doc>
<status status="PASS" start="2024-04-09T20:14:02.347825" elapsed="0.000179"/>
</kw>
<for flavor="IN">
<iter>
<kw name="Dictionary Should Contain Key" owner="Collections">
<msg time="2024-04-09T20:14:02.349046" level="INFO">False</msg>
<arg>${json_data['results'][0]}</arg>
<arg>${key}</arg>
<doc>Fails if ``key`` is not found from ``dictionary``.</doc>
<status status="PASS" start="2024-04-09T20:14:02.348598" elapsed="0.000490"/>
</kw>
<kw name="Log" owner="BuiltIn">
<msg time="2024-04-09T20:14:02.349897" level="INFO">{'gender': 'female', 'name': {'title': 'Mrs', 'first': 'Svetlana', 'last': 'Bajević'}, 'location': {'street': {'number': 5129, 'name': 'Partizanski Sastanak'}, 'city': 'Titel', 'state': 'Toplica', 'country': 'Serbia', 'postcode': 39091, 'coordinates': {'latitude': '56.0188', 'longitude': '93.8972'}, 'timezone': {'offset': '+2:00', 'description': 'Kaliningrad, South Africa'}}, 'email': 'svetlana.bajevic@example.com', 'login': {'uuid': 'd0788ade-5e78-446b-b02c-592c6277bb19', 'username': 'silverfrog614', 'password': 'berlin', 'salt': '5DHqAR8d', 'md5': '4779849aae7120172412995dc5aa2e88', 'sha1': '77fbbb6bbb1ccaede182e8aa7d14d5c6fb3cb3f6', 'sha256': '10d8937f9f7cf4e6915235257c8ed12a36b17fe126a1c978d1f1c80b8ad2b7ea'}, 'dob': {'date': '1954-02-13T11:26:05.074Z', 'age': 70}, 'registered': {'date': '2018-06-12T21:44:41.609Z', 'age': 5}, 'phone': '014-4771-583', 'cell': '065-5319-960', 'id': {'name': 'SID', 'value': '651733873'}, 'picture': {'large': 'https://randomuser.me/api/portraits/women/37.jpg', 'medium': 'https://randomuser.me/api/portraits/med/women/37.jpg', 'thumbnail': 'https://randomuser.me/api/portraits/thumb/women/37.jpg'}, 'nat': 'RS'}</msg>
<arg>${json_data['results'][0]}</arg>
<doc>Logs the given message with the given level.</doc>
<status status="PASS" start="2024-04-09T20:14:02.349440" elapsed="0.000533"/>
</kw>
<kw name="Log" owner="BuiltIn">
<msg time="2024-04-09T20:14:02.350463" level="INFO">gender</msg>
<arg>${key}</arg>
<doc>Logs the given message with the given level.</doc>
<status status="PASS" start="2024-04-09T20:14:02.350326" elapsed="0.000178"/>
</kw>
<var name="${key}">gender</var>
<status status="PASS" start="2024-04-09T20:14:02.348469" elapsed="0.002286"/>
</iter>
<iter>
<kw name="Dictionary Should Contain Key" owner="Collections">
<msg time="2024-04-09T20:14:02.351502" level="INFO">False</msg>
<arg>${json_data['results'][0]}</arg>
<arg>${key}</arg>
<doc>Fails if ``key`` is not found from ``dictionary``.</doc>
<status status="PASS" start="2024-04-09T20:14:02.351089" elapsed="0.000452"/>
</kw>
<kw name="Log" owner="BuiltIn">
<msg time="2024-04-09T20:14:02.352250" level="INFO">{'gender': 'female', 'name': {'title': 'Mrs', 'first': 'Svetlana', 'last': 'Bajević'}, 'location': {'street': {'number': 5129, 'name': 'Partizanski Sastanak'}, 'city': 'Titel', 'state': 'Toplica', 'country': 'Serbia', 'postcode': 39091, 'coordinates': {'latitude': '56.0188', 'longitude': '93.8972'}, 'timezone': {'offset': '+2:00', 'description': 'Kaliningrad, South Africa'}}, 'email': 'svetlana.bajevic@example.com', 'login': {'uuid': 'd0788ade-5e78-446b-b02c-592c6277bb19', 'username': 'silverfrog614', 'password': 'berlin', 'salt': '5DHqAR8d', 'md5': '4779849aae7120172412995dc5aa2e88', 'sha1': '77fbbb6bbb1ccaede182e8aa7d14d5c6fb3cb3f6', 'sha256': '10d8937f9f7cf4e6915235257c8ed12a36b17fe126a1c978d1f1c80b8ad2b7ea'}, 'dob': {'date': '1954-02-13T11:26:05.074Z', 'age': 70}, 'registered': {'date': '2018-06-12T21:44:41.609Z', 'age': 5}, 'phone': '014-4771-583', 'cell': '065-5319-960', 'id': {'name': 'SID', 'value': '651733873'}, 'picture': {'large': 'https://randomuser.me/api/portraits/women/37.jpg', 'medium': 'https://randomuser.me/api/portraits/med/women/37.jpg', 'thumbnail': 'https://randomuser.me/api/portraits/thumb/women/37.jpg'}, 'nat': 'RS'}</msg>
<arg>${json_data['results'][0]}</arg>
<doc>Logs the given message with the given level.</doc>
<status status="PASS" start="2024-04-09T20:14:02.351877" elapsed="0.000424"/>
</kw>
<kw name="Log" owner="BuiltIn">
<msg time="2024-04-09T20:14:02.352741" level="INFO">name</msg>
<arg>${key}</arg>
<doc>Logs the given message with the given level.</doc>
<status status="PASS" start="2024-04-09T20:14:02.352608" elapsed="0.000173"/>
</kw>
<var name="${key}">name</var>
<status status="PASS" start="2024-04-09T20:14:02.350969" elapsed="0.002037"/>
</iter>
<iter>
<kw name="Dictionary Should Contain Key" owner="Collections">
<msg time="2024-04-09T20:14:02.353710" level="INFO">False</msg>
<arg>${json_data['results'][0]}</arg>
<arg>${key}</arg>
<doc>Fails if ``key`` is not found from ``dictionary``.</doc>
<status status="PASS" start="2024-04-09T20:14:02.353323" elapsed="0.000425"/>
</kw>
<kw name="Log" owner="BuiltIn">
<msg time="2024-04-09T20:14:02.354442" level="INFO">{'gender': 'female', 'name': {'title': 'Mrs', 'first': 'Svetlana', 'last': 'Bajević'}, 'location': {'street': {'number': 5129, 'name': 'Partizanski Sastanak'}, 'city': 'Titel', 'state': 'Toplica', 'country': 'Serbia', 'postcode': 39091, 'coordinates': {'latitude': '56.0188', 'longitude': '93.8972'}, 'timezone': {'offset': '+2:00', 'description': 'Kaliningrad, South Africa'}}, 'email': 'svetlana.bajevic@example.com', 'login': {'uuid': 'd0788ade-5e78-446b-b02c-592c6277bb19', 'username': 'silverfrog614', 'password': 'berlin', 'salt': '5DHqAR8d', 'md5': '4779849aae7120172412995dc5aa2e88', 'sha1': '77fbbb6bbb1ccaede182e8aa7d14d5c6fb3cb3f6', 'sha256': '10d8937f9f7cf4e6915235257c8ed12a36b17fe126a1c978d1f1c80b8ad2b7ea'}, 'dob': {'date': '1954-02-13T11:26:05.074Z', 'age': 70}, 'registered': {'date': '2018-06-12T21:44:41.609Z', 'age': 5}, 'phone': '014-4771-583', 'cell': '065-5319-960', 'id': {'name': 'SID', 'value': '651733873'}, 'picture': {'large': 'https://randomuser.me/api/portraits/women/37.jpg', 'medium': 'https://randomuser.me/api/portraits/med/women/37.jpg', 'thumbnail': 'https://randomuser.me/api/portraits/thumb/women/37.jpg'}, 'nat': 'RS'}</msg>
<arg>${json_data['results'][0]}</arg>
<doc>Logs the given message with the given level.</doc>
<status status="PASS" start="2024-04-09T20:14:02.354075" elapsed="0.000423"/>
</kw>
<kw name="Log" owner="BuiltIn">
<msg time="2024-04-09T20:14:02.354951" level="INFO">location</msg>
<arg>${key}</arg>
<doc>Logs the given message with the given level.</doc>
<status status="PASS" start="2024-04-09T20:14:02.354822" elapsed="0.000168"/>
</kw>
<var name="${key}">location</var>
<status status="PASS" start="2024-04-09T20:14:02.353208" elapsed="0.002006"/>
</iter>
<iter>
<kw name="Dictionary Should Contain Key" owner="Collections">
<msg time="2024-04-09T20:14:02.355893" level="INFO">False</msg>
<arg>${json_data['results'][0]}</arg>
<arg>${key}</arg>
<doc>Fails if ``key`` is not found from ``dictionary``.</doc>
<status status="PASS" start="2024-04-09T20:14:02.355503" elapsed="0.000429"/>
</kw>
<kw name="Log" owner="BuiltIn">
<msg time="2024-04-09T20:14:02.356602" level="INFO">{'gender': 'female', 'name': {'title': 'Mrs', 'first': 'Svetlana', 'last': 'Bajević'}, 'location': {'street': {'number': 5129, 'name': 'Partizanski Sastanak'}, 'city': 'Titel', 'state': 'Toplica', 'country': 'Serbia', 'postcode': 39091, 'coordinates': {'latitude': '56.0188', 'longitude': '93.8972'}, 'timezone': {'offset': '+2:00', 'description': 'Kaliningrad, South Africa'}}, 'email': 'svetlana.bajevic@example.com', 'login': {'uuid': 'd0788ade-5e78-446b-b02c-592c6277bb19', 'username': 'silverfrog614', 'password': 'berlin', 'salt': '5DHqAR8d', 'md5': '4779849aae7120172412995dc5aa2e88', 'sha1': '77fbbb6bbb1ccaede182e8aa7d14d5c6fb3cb3f6', 'sha256': '10d8937f9f7cf4e6915235257c8ed12a36b17fe126a1c978d1f1c80b8ad2b7ea'}, 'dob': {'date': '1954-02-13T11:26:05.074Z', 'age': 70}, 'registered': {'date': '2018-06-12T21:44:41.609Z', 'age': 5}, 'phone': '014-4771-583', 'cell': '065-5319-960', 'id': {'name': 'SID', 'value': '651733873'}, 'picture': {'large': 'https://randomuser.me/api/portraits/women/37.jpg', 'medium': 'https://randomuser.me/api/portraits/med/women/37.jpg', 'thumbnail': 'https://randomuser.me/api/portraits/thumb/women/37.jpg'}, 'nat': 'RS'}</msg>
<arg>${json_data['results'][0]}</arg>
<doc>Logs the given message with the given level.</doc>
<status status="PASS" start="2024-04-09T20:14:02.356234" elapsed="0.000420"/>
</kw>
<kw name="Log" owner="BuiltIn">
<msg time="2024-04-09T20:14:02.357108" level="INFO">email</msg>
<arg>${key}</arg>
<doc>Logs the given message with the given level.</doc>
<status status="PASS" start="2024-04-09T20:14:02.356958" elapsed="0.000191"/>
</kw>
<var name="${key}">email</var>
<status status="PASS" start="2024-04-09T20:14:02.355392" elapsed="0.001982"/>
</iter>
<iter>
<kw name="Dictionary Should Contain Key" owner="Collections">
<msg time="2024-04-09T20:14:02.358049" level="INFO">False</msg>
<arg>${json_data['results'][0]}</arg>
<arg>${key}</arg>
<doc>Fails if ``key`` is not found from ``dictionary``.</doc>
<status status="PASS" start="2024-04-09T20:14:02.357669" elapsed="0.000419"/>
</kw>
<kw name="Log" owner="BuiltIn">
<msg time="2024-04-09T20:14:02.358795" level="INFO">{'gender': 'female', 'name': {'title': 'Mrs', 'first': 'Svetlana', 'last': 'Bajević'}, 'location': {'street': {'number': 5129, 'name': 'Partizanski Sastanak'}, 'city': 'Titel', 'state': 'Toplica', 'country': 'Serbia', 'postcode': 39091, 'coordinates': {'latitude': '56.0188', 'longitude': '93.8972'}, 'timezone': {'offset': '+2:00', 'description': 'Kaliningrad, South Africa'}}, 'email': 'svetlana.bajevic@example.com', 'login': {'uuid': 'd0788ade-5e78-446b-b02c-592c6277bb19', 'username': 'silverfrog614', 'password': 'berlin', 'salt': '5DHqAR8d', 'md5': '4779849aae7120172412995dc5aa2e88', 'sha1': '77fbbb6bbb1ccaede182e8aa7d14d5c6fb3cb3f6', 'sha256': '10d8937f9f7cf4e6915235257c8ed12a36b17fe126a1c978d1f1c80b8ad2b7ea'}, 'dob': {'date': '1954-02-13T11:26:05.074Z', 'age': 70}, 'registered': {'date': '2018-06-12T21:44:41.609Z', 'age': 5}, 'phone': '014-4771-583', 'cell': '065-5319-960', 'id': {'name': 'SID', 'value': '651733873'}, 'picture': {'large': 'https://randomuser.me/api/portraits/women/37.jpg', 'medium': 'https://randomuser.me/api/portraits/med/women/37.jpg', 'thumbnail': 'https://randomuser.me/api/portraits/thumb/women/37.jpg'}, 'nat': 'RS'}</msg>
<arg>${json_data['results'][0]}</arg>
<doc>Logs the given message with the given level.</doc>
<status status="PASS" start="2024-04-09T20:14:02.358388" elapsed="0.000460"/>
</kw>
<kw name="Log" owner="BuiltIn">
<msg time="2024-04-09T20:14:02.359280" level="INFO">login</msg>
<arg>${key}</arg>
<doc>Logs the given message with the given level.</doc>
<status status="PASS" start="2024-04-09T20:14:02.359151" elapsed="0.000173"/>
</kw>
<var name="${key}">login</var>
<status status="PASS" start="2024-04-09T20:14:02.357555" elapsed="0.002014"/>
</iter>
<var>${key}</var>
<value>@{expected_keys}</value>
<status status="PASS" start="2024-04-09T20:14:02.348269" elapsed="0.011428"/>
</for>
<kw name="Create List" owner="BuiltIn">
<msg time="2024-04-09T20:14:02.360038" level="INFO">${expected_keysTwo} = ['username', 'password']</msg>
<var>${expected_keysTwo}</var>
<arg>username</arg>
<arg>password</arg>
<doc>Returns a list containing given items.</doc>
<status status="PASS" start="2024-04-09T20:14:02.359897" elapsed="0.000165"/>
</kw>
<for flavor="IN">
<iter>
<kw name="Dictionary Should Contain Key" owner="Collections">
<msg time="2024-04-09T20:14:02.361085" level="INFO">False</msg>
<arg>${json_data['results'][0]['login']}</arg>
<arg>${keyTwo}</arg>
<doc>Fails if ``key`` is not found from ``dictionary``.</doc>
<status status="PASS" start="2024-04-09T20:14:02.360696" elapsed="0.000427"/>
</kw>
<kw name="Dictionary Should Contain Key" owner="Collections">
<msg time="2024-04-09T20:14:02.361814" level="INFO">False</msg>
<arg>${json_data['results'][0]['login']}</arg>
<arg>${keyTwo}</arg>
<doc>Fails if ``key`` is not found from ``dictionary``.</doc>
<status status="PASS" start="2024-04-09T20:14:02.361423" elapsed="0.000431"/>
</kw>
<kw name="Log" owner="BuiltIn">
<msg time="2024-04-09T20:14:02.362283" level="INFO">username</msg>
<arg>${keyTwo}</arg>
<doc>Logs the given message with the given level.</doc>
<status status="PASS" start="2024-04-09T20:14:02.362153" elapsed="0.000168"/>
</kw>
<var name="${keyTwo}">username</var>
<status status="PASS" start="2024-04-09T20:14:02.360580" elapsed="0.001963"/>
</iter>
<iter>
<kw name="Dictionary Should Contain Key" owner="Collections">
<msg time="2024-04-09T20:14:02.363248" level="INFO">False</msg>
<arg>${json_data['results'][0]['login']}</arg>
<arg>${keyTwo}</arg>
<doc>Fails if ``key`` is not found from ``dictionary``.</doc>
<status status="PASS" start="2024-04-09T20:14:02.362867" elapsed="0.000419"/>
</kw>
<kw name="Dictionary Should Contain Key" owner="Collections">
<msg time="2024-04-09T20:14:02.363962" level="INFO">False</msg>
<arg>${json_data['results'][0]['login']}</arg>
<arg>${keyTwo}</arg>
<doc>Fails if ``key`` is not found from ``dictionary``.</doc>
<status status="PASS" start="2024-04-09T20:14:02.363583" elapsed="0.000417"/>
</kw>
<kw name="Log" owner="BuiltIn">
<msg time="2024-04-09T20:14:02.364423" level="INFO">password</msg>
<arg>${keyTwo}</arg>
<doc>Logs the given message with the given level.</doc>
<status status="PASS" start="2024-04-09T20:14:02.364294" elapsed="0.000168"/>
</kw>
<var name="${keyTwo}">password</var>
<status status="PASS" start="2024-04-09T20:14:02.362746" elapsed="0.001932"/>
</iter>
<var>${keyTwo}</var>
<value>@{expected_keysTwo}</value>
<status status="PASS" start="2024-04-09T20:14:02.360305" elapsed="0.004495"/>
</for>
<status status="PASS" start="2024-04-09T20:14:02.248949" elapsed="0.115997"/>
</kw>
<doc>Testa a estrutura da resposta da API.</doc>
<tag>testeEstruturaResposta</tag>
<status status="PASS" start="2024-04-09T20:14:02.248269" elapsed="0.116848"/>
</test>
<test id="s1-s1-t4" name="Validar tipos de dados" line="28">
<kw name="Teste de Tipos de Dados" owner="random-user-service">
<kw name="GET On Session" owner="RequestsLibrary">
<msg time="2024-04-09T20:14:02.426194" level="INFO">GET Request : url=https://randomuser.me/api 
 path_url=/api 
 headers={'User-Agent': 'python-requests/2.31.0', 'Accept-Encoding': 'gzip, deflate', 'Accept': '*/*', 'Connection': 'keep-alive'} 
 body=None 
 </msg>
<msg time="2024-04-09T20:14:02.426306" level="INFO">GET Response : url=https://randomuser.me/api 
 status=200, reason=OK 
 headers={'Date': 'Tue, 09 Apr 2024 20:14:02 GMT', 'Content-Type': 'application/json; charset=utf-8', 'Transfer-Encoding': 'chunked', 'Connection': 'keep-alive', 'X-Powered-By': 'Express', 'Access-Control-Allow-Origin': '*', 'Cache-Control': 'no-cache', 'ETag': 'W/"488-cfs6UovkPkeaktBuKT6AYt7cTUw"', 'Vary': 'Accept-Encoding', 'Content-Encoding': 'gzip', 'CF-Cache-Status': 'DYNAMIC', 'Report-To': '{"endpoints":[{"url":"https:\\/\\/a.nel.cloudflare.com\\/report\\/v4?s=Qb7IU6jmF4eAg7J%2BJ%2Bzua3OS2SLvnKLgNgXZkRrSp4AQAVcHke5qD0jh8KahucYguY03b7hVFzAnVammUEn5i4Qy4btYKtvjUWrTYKY66OxMRMNQ9OBt9H3ILrR71kFj"}],"group":"cf-nel","max_age":604800}', 'NEL': '{"success_fraction":0,"report_to":"cf-nel","max_age":604800}', 'Server': 'cloudflare', 'CF-RAY': '871d2940db015997-IAD', 'alt-svc': 'h3=":443"; ma=86400'} 
 body={"results":[{"gender":"female","name":{"title":"Miss","first":"Ayla","last":"Johnson"},"location":{"street":{"number":2513,"name":"Grove Road"},"city":"Timaru","state":"Taranaki","country":"New Zealand","postcode":84460,"coordinates":{"latitude":"54.3180","longitude":"101.4036"},"timezone":{"offset":"-3:00","description":"Brazil, Buenos Aires, Georgetown"}},"email":"ayla.johnson@example.com","login":{"uuid":"253545db-da5e-4240-9e87-d4a064a7dd07","username":"heavysnake341","password":"kissme","salt":"Nu5jtae4","md5":"dff57ae1e12709c2e261b1ed118f69bf","sha1":"0c41fe0f9f02df575fc996c0dbdb9b3e93dbd83f","sha256":"ecd5757a630eb02eb400dc14bd3225630f9b772ce57bec7c4876beb897b4221c"},"dob":{"date":"1983-08-04T16:05:38.191Z","age":40},"registered":{"date":"2002-06-19T14:57:21.916Z","age":21},"phone":"(264)-880-4556","cell":"(433)-076-6341","id":{"name":"","value":null},"picture":{"large":"https://randomuser.me/api/portraits/women/38.jpg","medium":"https://randomuser.me/api/portraits/med/women/38.jpg","thumbnail":"https://randomuser.me/api/portraits/thumb/women/38.jpg"},"nat":"NZ"}],"info":{"seed":"1199fef16518ed97","results":1,"page":1,"version":"1.4"}} 
 </msg>
<msg time="2024-04-09T20:14:02.426390" level="INFO">/opt/hostedtoolcache/Python/3.12.2/x64/lib/python3.12/site-packages/urllib3/connectionpool.py:1103: InsecureRequestWarning: Unverified HTTPS request is being made to host 'randomuser.me'. Adding certificate verification is strongly advised. See: https://urllib3.readthedocs.io/en/latest/advanced-usage.html#tls-warnings
  warnings.warn(</msg>
<msg time="2024-04-09T20:14:02.426537" level="INFO">${response} = &lt;Response [200]&gt;</msg>
<var>${response}</var>
<arg>consultarAPI</arg>
<arg>/api</arg>
<doc>Sends a GET request on a previously created HTTP Session.</doc>
<status status="PASS" start="2024-04-09T20:14:02.367650" elapsed="0.058935"/>
</kw>
<kw name="Set Variable" owner="BuiltIn">
<msg time="2024-04-09T20:14:02.427693" level="INFO">${json_data} = {'results': [{'gender': 'female', 'name': {'title': 'Miss', 'first': 'Ayla', 'last': 'Johnson'}, 'location': {'street': {'number': 2513, 'name': 'Grove Road'}, 'city': 'Timaru', 'state': 'Taranaki', '...</msg>
<var>${json_data}</var>
<arg>${response.json()}</arg>
<doc>Returns the given values which can then be assigned to a variables.</doc>
<status status="PASS" start="2024-04-09T20:14:02.427149" elapsed="0.000575"/>
</kw>
<kw name="Log" owner="BuiltIn">
<msg time="2024-04-09T20:14:02.428285" level="INFO">{'results': [{'gender': 'female', 'name': {'title': 'Miss', 'first': 'Ayla', 'last': 'Johnson'}, 'location': {'street': {'number': 2513, 'name': 'Grove Road'}, 'city': 'Timaru', 'state': 'Taranaki', 'country': 'New Zealand', 'postcode': 84460, 'coordinates': {'latitude': '54.3180', 'longitude': '101.4036'}, 'timezone': {'offset': '-3:00', 'description': 'Brazil, Buenos Aires, Georgetown'}}, 'email': 'ayla.johnson@example.com', 'login': {'uuid': '253545db-da5e-4240-9e87-d4a064a7dd07', 'username': 'heavysnake341', 'password': 'kissme', 'salt': 'Nu5jtae4', 'md5': 'dff57ae1e12709c2e261b1ed118f69bf', 'sha1': '0c41fe0f9f02df575fc996c0dbdb9b3e93dbd83f', 'sha256': 'ecd5757a630eb02eb400dc14bd3225630f9b772ce57bec7c4876beb897b4221c'}, 'dob': {'date': '1983-08-04T16:05:38.191Z', 'age': 40}, 'registered': {'date': '2002-06-19T14:57:21.916Z', 'age': 21}, 'phone': '(264)-880-4556', 'cell': '(433)-076-6341', 'id': {'name': '', 'value': None}, 'picture': {'large': 'https://randomuser.me/api/portraits/women/38.jpg', 'medium': 'https://randomuser.me/api/portraits/med/women/38.jpg', 'thumbnail': 'https://randomuser.me/api/portraits/thumb/women/38.jpg'}, 'nat': 'NZ'}], 'info': {'seed': '1199fef16518ed97', 'results': 1, 'page': 1, 'version': '1.4'}}</msg>
<arg>${json_data}</arg>
<doc>Logs the given message with the given level.</doc>
<status status="PASS" start="2024-04-09T20:14:02.428111" elapsed="0.000262"/>
</kw>
<kw name="Should Be String" owner="String">
<arg>${json_data['results'][0]['gender']}</arg>
<doc>Fails if the given ``item`` is not a string.</doc>
<status status="PASS" start="2024-04-09T20:14:02.428692" elapsed="0.000383"/>
</kw>
<kw name="Should Match Regexp" owner="BuiltIn">
<arg>${json_data['results'][0]['email']}</arg>
<arg>^[a-zA-Z0-9._%+-]+@[a-zA-Z0-9.-]+\.[a-zA-Z]{2,}$</arg>
<doc>Fails if ``string`` does not match ``pattern`` as a regular expression.</doc>
<status status="PASS" start="2024-04-09T20:14:02.429274" elapsed="0.000520"/>
</kw>
<kw name="Should Match Regexp" owner="BuiltIn">
<arg>${json_data['results'][0]['dob']['date']}</arg>
<arg>\\d{4}-\\d{2}-\\d{2}T\\d{2}:\\d{2}:\\d{2}\\.\\d{3}Z</arg>
<doc>Fails if ``string`` does not match ``pattern`` as a regular expression.</doc>
<status status="PASS" start="2024-04-09T20:14:02.429996" elapsed="0.000502"/>
</kw>
<kw name="Should Match Regexp" owner="BuiltIn">
<arg>${json_data['results'][0]['registered']['date']}</arg>
<arg>\\d{4}-\\d{2}-\\d{2}T\\d{2}:\\d{2}:\\d{2}\\.\\d{3}Z</arg>
<doc>Fails if ``string`` does not match ``pattern`` as a regular expression.</doc>
<status status="PASS" start="2024-04-09T20:14:02.430722" elapsed="0.000396"/>
</kw>
<kw name="Should Match Regexp" owner="BuiltIn">
<arg>${json_data['results'][0]['picture']['large']}</arg>
<arg>^https?://.*\.(?:png|jpe?g|gif|bmp)$</arg>
<doc>Fails if ``string`` does not match ``pattern`` as a regular expression.</doc>
<status status="PASS" start="2024-04-09T20:14:02.431312" elapsed="0.000465"/>
</kw>
<kw name="Should Match Regexp" owner="BuiltIn">
<arg>${json_data['results'][0]['picture']['medium']}</arg>
<arg>^https?://.*\.(?:png|jpe?g|gif|bmp)$</arg>
<doc>Fails if ``string`` does not match ``pattern`` as a regular expression.</doc>
<status status="PASS" start="2024-04-09T20:14:02.431969" elapsed="0.000363"/>
</kw>
<kw name="Should Match Regexp" owner="BuiltIn">
<arg>${json_data['results'][0]['picture']['thumbnail']}</arg>
<arg>^https?://.*\.(?:png|jpe?g|gif|bmp)$</arg>
<doc>Fails if ``string`` does not match ``pattern`` as a regular expression.</doc>
<status status="PASS" start="2024-04-09T20:14:02.432520" elapsed="0.000359"/>
</kw>
<kw name="Log" owner="BuiltIn">
<msg time="2024-04-09T20:14:02.433393" level="INFO">{'large': 'https://randomuser.me/api/portraits/women/38.jpg', 'medium': 'https://randomuser.me/api/portraits/med/women/38.jpg', 'thumbnail': 'https://randomuser.me/api/portraits/thumb/women/38.jpg'}</msg>
<arg>${json_data['results'][0]['picture']}</arg>
<doc>Logs the given message with the given level.</doc>
<status status="PASS" start="2024-04-09T20:14:02.433063" elapsed="0.000373"/>
</kw>
<status status="PASS" start="2024-04-09T20:14:02.367408" elapsed="0.066295"/>
</kw>
<kw name="Teste de Tipos de Dados - Postcode" owner="random-user-service">
<kw name="GET On Session" owner="RequestsLibrary">
<msg time="2024-04-09T20:14:02.520902" level="INFO">GET Request : url=https://randomuser.me/api 
 path_url=/api 
 headers={'User-Agent': 'python-requests/2.31.0', 'Accept-Encoding': 'gzip, deflate', 'Accept': '*/*', 'Connection': 'keep-alive'} 
 body=None 
 </msg>
<msg time="2024-04-09T20:14:02.521004" level="INFO">GET Response : url=https://randomuser.me/api 
 status=200, reason=OK 
 headers={'Date': 'Tue, 09 Apr 2024 20:14:02 GMT', 'Content-Type': 'application/json; charset=utf-8', 'Transfer-Encoding': 'chunked', 'Connection': 'keep-alive', 'X-Powered-By': 'Express', 'Access-Control-Allow-Origin': '*', 'Cache-Control': 'no-cache', 'ETag': 'W/"498-Ck9iBpAKM1h36ZrAomWRUfJnDeY"', 'Vary': 'Accept-Encoding', 'Content-Encoding': 'gzip', 'CF-Cache-Status': 'DYNAMIC', 'Report-To': '{"endpoints":[{"url":"https:\\/\\/a.nel.cloudflare.com\\/report\\/v4?s=KRVKcoLgRrPPKbg3O%2B8m9AM7equE2QgkC7T2w9eQvQmOsdOAsxOO0g81QG%2BdCWo5%2F0OWmI5Jy%2Fy8ga13JX77eYCJs6cxqQctbqsToqqLJHluJuhVyQKsTXWeHG7bFkrx"}],"group":"cf-nel","max_age":604800}', 'NEL': '{"success_fraction":0,"report_to":"cf-nel","max_age":604800}', 'Server': 'cloudflare', 'CF-RAY': '871d29413b705997-IAD', 'alt-svc': 'h3=":443"; ma=86400'} 
 body={"results":[{"gender":"female","name":{"title":"Mrs","first":"Sara","last":"Haveland"},"location":{"street":{"number":9385,"name":"Kringkollen"},"city":"Namsskogan Sentrum","state":"Oppland","country":"Norway","postcode":"3214","coordinates":{"latitude":"44.7249","longitude":"107.9360"},"timezone":{"offset":"-4:00","description":"Atlantic Time (Canada), Caracas, La Paz"}},"email":"sara.haveland@example.com","login":{"uuid":"d484f788-9ea5-47bb-814b-8ab4e7e10e26","username":"silverlion716","password":"dakota1","salt":"3PuDSQqf","md5":"124c13d0957697ae0da1f534bd080f0f","sha1":"42852e9f65d0f07940dbfe9edadb5b6a8a76a82d","sha256":"efb729e01cea5dfd535f1cfd86472763a80578c0b3eb9f8ee0f8d800394555ed"},"dob":{"date":"1985-01-12T20:39:58.547Z","age":39},"registered":{"date":"2007-11-04T22:40:27.421Z","age":16},"phone":"59009145","cell":"97330561","id":{"name":"FN","value":"12018521898"},"picture":{"large":"https://randomuser.me/api/portraits/women/89.jpg","medium":"https://randomuser.me/api/portraits/med/women/89.jpg","thumbnail":"https://randomuser.me/api/portraits/thumb/women/89.jpg"},"nat":"NO"}],"info":{"seed":"fc95e3d61a7e7761","results":1,"page":1,"version":"1.4"}} 
 </msg>
<msg time="2024-04-09T20:14:02.521097" level="INFO">/opt/hostedtoolcache/Python/3.12.2/x64/lib/python3.12/site-packages/urllib3/connectionpool.py:1103: InsecureRequestWarning: Unverified HTTPS request is being made to host 'randomuser.me'. Adding certificate verification is strongly advised. See: https://urllib3.readthedocs.io/en/latest/advanced-usage.html#tls-warnings
  warnings.warn(</msg>
<msg time="2024-04-09T20:14:02.521220" level="INFO">${response} = &lt;Response [200]&gt;</msg>
<var>${response}</var>
<arg>consultarAPI</arg>
<arg>/api</arg>
<doc>Sends a GET request on a previously created HTTP Session.</doc>
<status status="PASS" start="2024-04-09T20:14:02.434191" elapsed="0.087060"/>
</kw>
<kw name="Set Variable" owner="BuiltIn">
<msg time="2024-04-09T20:14:02.522331" level="INFO">${json_data} = {'results': [{'gender': 'female', 'name': {'title': 'Mrs', 'first': 'Sara', 'last': 'Haveland'}, 'location': {'street': {'number': 9385, 'name': 'Kringkollen'}, 'city': 'Namsskogan Sentrum', 'state': ...</msg>
<var>${json_data}</var>
<arg>${response.json()}</arg>
<doc>Returns the given values which can then be assigned to a variables.</doc>
<status status="PASS" start="2024-04-09T20:14:02.521800" elapsed="0.000560"/>
</kw>
<kw name="Log" owner="BuiltIn">
<msg time="2024-04-09T20:14:02.522910" level="INFO">{'results': [{'gender': 'female', 'name': {'title': 'Mrs', 'first': 'Sara', 'last': 'Haveland'}, 'location': {'street': {'number': 9385, 'name': 'Kringkollen'}, 'city': 'Namsskogan Sentrum', 'state': 'Oppland', 'country': 'Norway', 'postcode': '3214', 'coordinates': {'latitude': '44.7249', 'longitude': '107.9360'}, 'timezone': {'offset': '-4:00', 'description': 'Atlantic Time (Canada), Caracas, La Paz'}}, 'email': 'sara.haveland@example.com', 'login': {'uuid': 'd484f788-9ea5-47bb-814b-8ab4e7e10e26', 'username': 'silverlion716', 'password': 'dakota1', 'salt': '3PuDSQqf', 'md5': '124c13d0957697ae0da1f534bd080f0f', 'sha1': '42852e9f65d0f07940dbfe9edadb5b6a8a76a82d', 'sha256': 'efb729e01cea5dfd535f1cfd86472763a80578c0b3eb9f8ee0f8d800394555ed'}, 'dob': {'date': '1985-01-12T20:39:58.547Z', 'age': 39}, 'registered': {'date': '2007-11-04T22:40:27.421Z', 'age': 16}, 'phone': '59009145', 'cell': '97330561', 'id': {'name': 'FN', 'value': '12018521898'}, 'picture': {'large': 'https://randomuser.me/api/portraits/women/89.jpg', 'medium': 'https://randomuser.me/api/portraits/med/women/89.jpg', 'thumbnail': 'https://randomuser.me/api/portraits/thumb/women/89.jpg'}, 'nat': 'NO'}], 'info': {'seed': 'fc95e3d61a7e7761', 'results': 1, 'page': 1, 'version': '1.4'}}</msg>
<arg>${json_data}</arg>
<doc>Logs the given message with the given level.</doc>
<status status="PASS" start="2024-04-09T20:14:02.522731" elapsed="0.000263"/>
</kw>
<kw name="Should Be Equal As Numbers" owner="BuiltIn">
<arg>${json_data['results'][0]['location']['postcode']}</arg>
<arg>${json_data['results'][0]['location']['postcode']}</arg>
<doc>Fails if objects are unequal after converting them to real numbers.</doc>
<status status="PASS" start="2024-04-09T20:14:02.523306" elapsed="0.000646"/>
</kw>
<kw name="Log" owner="BuiltIn">
<msg time="2024-04-09T20:14:02.524502" level="INFO">3214</msg>
<arg>${json_data['results'][0]['location']['postcode']}</arg>
<doc>Logs the given message with the given level.</doc>
<status status="PASS" start="2024-04-09T20:14:02.524147" elapsed="0.000397"/>
</kw>
<status status="PASS" start="2024-04-09T20:14:02.433941" elapsed="0.090867"/>
</kw>
<doc>Testa se os tipos de dados na resposta da API estão corretos.</doc>
<tag>testeTiposDados</tag>
<status status="PASS" start="2024-04-09T20:14:02.366914" elapsed="0.158070"/>
</test>
<test id="s1-s1-t5" name="Validar conteudo" line="35">
<kw name="Teste de Tipos de Conteudo" owner="random-user-service">
<kw name="GET On Session" owner="RequestsLibrary">
<msg time="2024-04-09T20:14:02.633456" level="INFO">GET Request : url=https://randomuser.me/api 
 path_url=/api 
 headers={'User-Agent': 'python-requests/2.31.0', 'Accept-Encoding': 'gzip, deflate', 'Accept': '*/*', 'Connection': 'keep-alive'} 
 body=None 
 </msg>
<msg time="2024-04-09T20:14:02.633564" level="INFO">GET Response : url=https://randomuser.me/api 
 status=200, reason=OK 
 headers={'Date': 'Tue, 09 Apr 2024 20:14:02 GMT', 'Content-Type': 'application/json; charset=utf-8', 'Transfer-Encoding': 'chunked', 'Connection': 'keep-alive', 'X-Powered-By': 'Express', 'Access-Control-Allow-Origin': '*', 'Cache-Control': 'no-cache', 'ETag': 'W/"496-mdS7l3opGqOK9OXQ4bq1iKRkzlk"', 'Vary': 'Accept-Encoding', 'Content-Encoding': 'gzip', 'CF-Cache-Status': 'DYNAMIC', 'Report-To': '{"endpoints":[{"url":"https:\\/\\/a.nel.cloudflare.com\\/report\\/v4?s=wOwn5RcSQJ7DeT5ChGJfsThrEVLR4SDKV7op6UX0ShAthmdwNAY7FeBQx%2FPDNkBo5HyqvJah1lDRnZFDzJHi6HcV5nE4MCbQaGegSn8Zffno4a9KFgP%2FDM%2BzoU8Z%2BRVF"}],"group":"cf-nel","max_age":604800}', 'NEL': '{"success_fraction":0,"report_to":"cf-nel","max_age":604800}', 'Server': 'cloudflare', 'CF-RAY': '871d2941dbfa5997-IAD', 'alt-svc': 'h3=":443"; ma=86400'} 
 body={"results":[{"gender":"male","name":{"title":"Mr","first":"Alexandre","last":"Leroux"},"location":{"street":{"number":8496,"name":"Rue Abel"},"city":"Saint-Pierre","state":"Seine-Maritime","country":"France","postcode":45738,"coordinates":{"latitude":"-20.6908","longitude":"-141.3958"},"timezone":{"offset":"+7:00","description":"Bangkok, Hanoi, Jakarta"}},"email":"alexandre.leroux@example.com","login":{"uuid":"09dd5dd6-3340-4f07-b1ec-597ace35f423","username":"whiterabbit390","password":"acid","salt":"mosd8dCE","md5":"eb90c90b9d286ca18d5a61c835558ec7","sha1":"8a0b8c2e1c2976414fc45c0acd93c93e7309a2a1","sha256":"8ba36d0a79f2fbefe504b4aaa70aee6dbcd9fb389cd85cffc970d15c5ff9cd44"},"dob":{"date":"1979-09-02T18:20:38.827Z","age":44},"registered":{"date":"2011-05-30T05:19:01.919Z","age":12},"phone":"05-92-39-21-28","cell":"06-36-31-30-99","id":{"name":"INSEE","value":"1790885297339 86"},"picture":{"large":"https://randomuser.me/api/portraits/men/63.jpg","medium":"https://randomuser.me/api/portraits/med/men/63.jpg","thumbnail":"https://randomuser.me/api/portraits/thumb/men/63.jpg"},"nat":"FR"}],"info":{"seed":"0b128fd3005c2ff5","results":1,"page":1,"version":"1.4"}} 
 </msg>
<msg time="2024-04-09T20:14:02.633647" level="INFO">/opt/hostedtoolcache/Python/3.12.2/x64/lib/python3.12/site-packages/urllib3/connectionpool.py:1103: InsecureRequestWarning: Unverified HTTPS request is being made to host 'randomuser.me'. Adding certificate verification is strongly advised. See: https://urllib3.readthedocs.io/en/latest/advanced-usage.html#tls-warnings
  warnings.warn(</msg>
<msg time="2024-04-09T20:14:02.633787" level="INFO">${response} = &lt;Response [200]&gt;</msg>
<var>${response}</var>
<arg>consultarAPI</arg>
<arg>/api</arg>
<doc>Sends a GET request on a previously created HTTP Session.</doc>
<status status="PASS" start="2024-04-09T20:14:02.527477" elapsed="0.106361"/>
</kw>
<kw name="Set Variable" owner="BuiltIn">
<msg time="2024-04-09T20:14:02.634968" level="INFO">${json_data} = {'results': [{'gender': 'male', 'name': {'title': 'Mr', 'first': 'Alexandre', 'last': 'Leroux'}, 'location': {'street': {'number': 8496, 'name': 'Rue Abel'}, 'city': 'Saint-Pierre', 'state': 'Seine-Ma...</msg>
<var>${json_data}</var>
<arg>${response.json()}</arg>
<doc>Returns the given values which can then be assigned to a variables.</doc>
<status status="PASS" start="2024-04-09T20:14:02.634389" elapsed="0.000609"/>
</kw>
<kw name="Set Variable" owner="BuiltIn">
<msg time="2024-04-09T20:14:02.635764" level="INFO">${name_title} = Mr</msg>
<var>${name_title}</var>
<arg>${json_data["results"][0]["name"]["title"]}</arg>
<doc>Returns the given values which can then be assigned to a variables.</doc>
<status status="PASS" start="2024-04-09T20:14:02.635350" elapsed="0.000441"/>
</kw>
<kw name="Create List" owner="BuiltIn">
<msg time="2024-04-09T20:14:02.636278" level="INFO">${allowed_titles} = ['Mr', 'Ms', 'Miss', 'Mrs', 'Madame', 'Monsieur']</msg>
<var>${allowed_titles}</var>
<arg>Mr</arg>
<arg>Ms</arg>
<arg>Miss</arg>
<arg>Mrs</arg>
<arg>Madame</arg>
<arg>Monsieur</arg>
<doc>Returns a list containing given items.</doc>
<status status="PASS" start="2024-04-09T20:14:02.636118" elapsed="0.000185"/>
</kw>
<kw name="List Should Contain Value" owner="Collections">
<msg time="2024-04-09T20:14:02.636808" level="INFO">False</msg>
<arg>${allowed_titles}</arg>
<arg>${name_title}</arg>
<doc>Fails if the ``value`` is not found from ``list``.</doc>
<status status="PASS" start="2024-04-09T20:14:02.636623" elapsed="0.000225"/>
</kw>
<kw name="Set Variable" owner="BuiltIn">
<msg time="2024-04-09T20:14:02.637554" level="INFO">${name_country} = FR</msg>
<var>${name_country}</var>
<arg>${json_data["results"][0]["nat"]}</arg>
<doc>Returns the given values which can then be assigned to a variables.</doc>
<status status="PASS" start="2024-04-09T20:14:02.637154" elapsed="0.000425"/>
</kw>
<kw name="Create List" owner="BuiltIn">
<msg time="2024-04-09T20:14:02.638509" level="INFO">${list_country} = ['AD', 'AE', 'AF', 'AG', 'AI', 'AL', 'AM', 'AO', 'AQ', 'AR', 'AS', 'AT', 'AU', 'AW', 'AX', 'AZ', 'BA', 'BB', 'BD', 'BE', 'BF', 'BG', 'BH', 'BI', 'BJ', 'BL', 'BM', 'BN', 'BO', 'BQ', 'BR', 'BS', 'BT', '...</msg>
<var>${list_country}</var>
<arg>AD</arg>
<arg>AE</arg>
<arg>AF</arg>
<arg>AG</arg>
<arg>AI</arg>
<arg>AL</arg>
<arg>AM</arg>
<arg>AO</arg>
<arg>AQ</arg>
<arg>AR</arg>
<arg>AS</arg>
<arg>AT</arg>
<arg>AU</arg>
<arg>AW</arg>
<arg>AX</arg>
<arg>AZ</arg>
<arg>BA</arg>
<arg>BB</arg>
<arg>BD</arg>
<arg>BE</arg>
<arg>BF</arg>
<arg>BG</arg>
<arg>BH</arg>
<arg>BI</arg>
<arg>BJ</arg>
<arg>BL</arg>
<arg>BM</arg>
<arg>BN</arg>
<arg>BO</arg>
<arg>BQ</arg>
<arg>BR</arg>
<arg>BS</arg>
<arg>BT</arg>
<arg>BV</arg>
<arg>BW</arg>
<arg>BY</arg>
<arg>BZ</arg>
<arg>CA</arg>
<arg>CC</arg>
<arg>CD</arg>
<arg>CF</arg>
<arg>CG</arg>
<arg>CH</arg>
<arg>CI</arg>
<arg>CK</arg>
<arg>CL</arg>
<arg>CM</arg>
<arg>CN</arg>
<arg>CO</arg>
<arg>CR</arg>
<arg>CU</arg>
<arg>CV</arg>
<arg>CW</arg>
<arg>CX</arg>
<arg>CY</arg>
<arg>CZ</arg>
<arg>DE</arg>
<arg>DJ</arg>
<arg>DK</arg>
<arg>DM</arg>
<arg>DO</arg>
<arg>DZ</arg>
<arg>EC</arg>
<arg>EE</arg>
<arg>EG</arg>
<arg>EH</arg>
<arg>ER</arg>
<arg>ES</arg>
<arg>ET</arg>
<arg>FI</arg>
<arg>FJ</arg>
<arg>FK</arg>
<arg>FM</arg>
<arg>FO</arg>
<arg>FR</arg>
<arg>GA</arg>
<arg>GB</arg>
<arg>GD</arg>
<arg>GE</arg>
<arg>GF</arg>
<arg>GG</arg>
<arg>GH</arg>
<arg>GI</arg>
<arg>GL</arg>
<arg>GM</arg>
<arg>GN</arg>
<arg>GP</arg>
<arg>GQ</arg>
<arg>GR</arg>
<arg>GS</arg>
<arg>GT</arg>
<arg>GU</arg>
<arg>GW</arg>
<arg>GY</arg>
<arg>HK</arg>
<arg>HM</arg>
<arg>HN</arg>
<arg>HR</arg>
<arg>HT</arg>
<arg>HU</arg>
<arg>ID</arg>
<arg>IE</arg>
<arg>IL</arg>
<arg>IM</arg>
<arg>IN</arg>
<arg>IO</arg>
<arg>IQ</arg>
<arg>IR</arg>
<arg>IS</arg>
<arg>IT</arg>
<arg>JE</arg>
<arg>JM</arg>
<arg>JO</arg>
<arg>JP</arg>
<arg>KE</arg>
<arg>KG</arg>
<arg>KH</arg>
<arg>KI</arg>
<arg>KM</arg>
<arg>KN</arg>
<arg>KP</arg>
<arg>KR</arg>
<arg>KW</arg>
<arg>KY</arg>
<arg>KZ</arg>
<arg>LA</arg>
<arg>LB</arg>
<arg>LC</arg>
<arg>LI</arg>
<arg>LK</arg>
<arg>LR</arg>
<arg>LS</arg>
<arg>LT</arg>
<arg>LU</arg>
<arg>LV</arg>
<arg>LY</arg>
<arg>MA</arg>
<arg>MC</arg>
<arg>MD</arg>
<arg>ME</arg>
<arg>MF</arg>
<arg>MG</arg>
<arg>MH</arg>
<arg>MK</arg>
<arg>ML</arg>
<arg>MM</arg>
<arg>MN</arg>
<arg>MO</arg>
<arg>MP</arg>
<arg>MQ</arg>
<arg>MR</arg>
<arg>MS</arg>
<arg>MT</arg>
<arg>MU</arg>
<arg>MV</arg>
<arg>MW</arg>
<arg>MX</arg>
<arg>MY</arg>
<arg>MZ</arg>
<arg>NA</arg>
<arg>NC</arg>
<arg>NE</arg>
<arg>NF</arg>
<arg>NG</arg>
<arg>NI</arg>
<arg>NL</arg>
<arg>NO</arg>
<arg>NP</arg>
<arg>NR</arg>
<arg>NU</arg>
<arg>NZ</arg>
<arg>OM</arg>
<arg>PA</arg>
<arg>PE</arg>
<arg>PF</arg>
<arg>PG</arg>
<arg>PH</arg>
<arg>PK</arg>
<arg>PL</arg>
<arg>PM</arg>
<arg>PN</arg>
<arg>PR</arg>
<arg>PS</arg>
<arg>PT</arg>
<arg>PW</arg>
<arg>PY</arg>
<arg>QA</arg>
<arg>RE</arg>
<arg>RO</arg>
<arg>RS</arg>
<arg>RU</arg>
<arg>RW</arg>
<arg>SA</arg>
<arg>SB</arg>
<arg>SC</arg>
<arg>SD</arg>
<arg>SE</arg>
<arg>SG</arg>
<arg>SH</arg>
<arg>SI</arg>
<arg>SJ</arg>
<arg>SK</arg>
<arg>SL</arg>
<arg>SM</arg>
<arg>SN</arg>
<arg>SO</arg>
<arg>SR</arg>
<arg>SS</arg>
<arg>ST</arg>
<arg>SV</arg>
<arg>SX</arg>
<arg>SY</arg>
<arg>SZ</arg>
<arg>TC</arg>
<arg>TD</arg>
<arg>TF</arg>
<arg>TG</arg>
<arg>TH</arg>
<arg>TJ</arg>
<arg>TK</arg>
<arg>TL</arg>
<arg>TM</arg>
<arg>TN</arg>
<arg>TO</arg>
<arg>TR</arg>
<arg>TT</arg>
<arg>TV</arg>
<arg>TW</arg>
<arg>TZ</arg>
<arg>UA</arg>
<arg>UG</arg>
<arg>UM</arg>
<arg>US</arg>
<arg>UY</arg>
<arg>UZ</arg>
<arg>VA</arg>
<arg>VC</arg>
<arg>VE</arg>
<arg>VG</arg>
<arg>VI</arg>
<arg>VN</arg>
<arg>VU</arg>
<arg>WF</arg>
<arg>WS</arg>
<arg>XK</arg>
<arg>YE</arg>
<arg>YT</arg>
<arg>ZA</arg>
<arg>ZM</arg>
<arg>ZW</arg>
<doc>Returns a list containing given items.</doc>
<status status="PASS" start="2024-04-09T20:14:02.637901" elapsed="0.000636"/>
</kw>
<kw name="List Should Contain Value" owner="Collections">
<msg time="2024-04-09T20:14:02.639615" level="INFO">False</msg>
<arg>${list_country}</arg>
<arg>${name_country}</arg>
<doc>Fails if the ``value`` is not found from ``list``.</doc>
<status status="PASS" start="2024-04-09T20:14:02.639392" elapsed="0.000263"/>
</kw>
<kw name="Run Keyword If" owner="BuiltIn">
<kw name="Should Be True" owner="BuiltIn">
<arg>${True}</arg>
<doc>Fails if the given condition is not true.</doc>
<status status="PASS" start="2024-04-09T20:14:02.640895" elapsed="0.000152"/>
</kw>
<arg>${json_data["results"][0]["location"]["coordinates"]["latitude"]} &gt;= -90 and ${json_data["results"][0]["location"]["coordinates"]["latitude"]} &lt;= 90</arg>
<arg>Should Be True</arg>
<arg>${True}</arg>
<doc>Runs the given keyword with the given arguments, if ``condition`` is true.</doc>
<status status="PASS" start="2024-04-09T20:14:02.639978" elapsed="0.001203"/>
</kw>
<kw name="Run Keyword If" owner="BuiltIn">
<kw name="Should Be True" owner="BuiltIn">
<arg>${True}</arg>
<doc>Fails if the given condition is not true.</doc>
<status status="PASS" start="2024-04-09T20:14:02.642094" elapsed="0.000143"/>
</kw>
<arg>${json_data["results"][0]["location"]["coordinates"]["longitude"]} &gt;= -180 and ${json_data["results"][0]["location"]["coordinates"]["longitude"]} &lt;= 180</arg>
<arg>Should Be True</arg>
<arg>${True}</arg>
<doc>Runs the given keyword with the given arguments, if ``condition`` is true.</doc>
<status status="PASS" start="2024-04-09T20:14:02.641372" elapsed="0.001004"/>
</kw>
<status status="PASS" start="2024-04-09T20:14:02.527244" elapsed="0.115268"/>
</kw>
<doc>Testa o conteúdo específico dos campos retornados pela API.</doc>
<tag>testeConteudo</tag>
<status status="PASS" start="2024-04-09T20:14:02.526783" elapsed="0.115888"/>
</test>
<status status="PASS" start="2024-04-09T20:14:01.814200" elapsed="0.830466"/>
</suite>
<status status="PASS" start="2024-04-09T20:14:01.800409" elapsed="0.849718"/>
</suite>
<statistics>
<total>
<stat pass="5" fail="0" skip="0">All Tests</stat>
</total>
<tag>
<stat pass="1" fail="0" skip="0">testeConteudo</stat>
<stat pass="1" fail="0" skip="0">testeEstruturaResposta</stat>
<stat pass="1" fail="0" skip="0">testeRequisicaoBasica</stat>
<stat pass="1" fail="0" skip="0">testeTiposDados</stat>
</tag>
<suite>
<stat pass="5" fail="0" skip="0" id="s1" name="Tests">Tests</stat>
<stat pass="5" fail="0" skip="0" id="s1-s1" name="Random-User-Test">Tests.Random-User-Test</stat>
</suite>
</statistics>
<errors>
</errors>
</robot>
