<?xml version="1.0" encoding="UTF-8"?>
<robot generator="Robot 7.0 (Python 3.12.3 on linux)" generated="2024-05-01T10:15:19.811306" rpa="false" schemaversion="5">
<suite id="s1" name="Tests" source="/home/runner/work/DesafioQAItauRogerioJordao/DesafioQAItauRogerioJordao/RamdonUser/tests">
<suite id="s1-s1" name="Random-User-Test" source="/home/runner/work/DesafioQAItauRogerioJordao/DesafioQAItauRogerioJordao/RamdonUser/tests/random-user-test.robot">
<test id="s1-s1-t1" name="Conectar" line="13">
<kw name="Conectar API" owner="random-user-service">
<kw name="Create Session" owner="RequestsLibrary">
<msg time="2024-05-01T10:15:20.174169" level="INFO">Creating Session using : alias=consultarAPI, url=https://randomuser.me/, headers={},                     cookies={}, auth=None, timeout=None, proxies=None, verify=False,                     debug=0 </msg>
<arg>consultarAPI</arg>
<arg>${URL}</arg>
<doc>Create Session: create a HTTP session to a server</doc>
<status status="PASS" start="2024-05-01T10:15:20.173949" elapsed="0.000418"/>
</kw>
<status status="PASS" start="2024-05-01T10:15:20.172902" elapsed="0.001840"/>
</kw>
<status status="PASS" start="2024-05-01T10:15:20.172298" elapsed="0.002644"/>
</test>
<test id="s1-s1-t2" name="Validar retorno 200 e JSON Válido" line="16">
<kw name="Teste de Requisicao Basica" owner="random-user-service">
<kw name="GET On Session" owner="RequestsLibrary">
<msg time="2024-05-01T10:15:20.253141" level="INFO">GET Request : url=https://randomuser.me/api 
 path_url=/api 
 headers={'User-Agent': 'python-requests/2.31.0', 'Accept-Encoding': 'gzip, deflate', 'Accept': '*/*', 'Connection': 'keep-alive'} 
 body=None 
 </msg>
<msg time="2024-05-01T10:15:20.253288" level="INFO">GET Response : url=https://randomuser.me/api 
 status=200, reason=OK 
 headers={'Date': 'Wed, 01 May 2024 10:15:20 GMT', 'Content-Type': 'application/json; charset=utf-8', 'Transfer-Encoding': 'chunked', 'Connection': 'keep-alive', 'X-Powered-By': 'Express', 'Access-Control-Allow-Origin': '*', 'Cache-Control': 'no-cache', 'ETag': 'W/"49a-dLizVufb1MWb6QGynaPhQIPworQ"', 'Vary': 'Accept-Encoding', 'Content-Encoding': 'gzip', 'CF-Cache-Status': 'DYNAMIC', 'Report-To': '{"endpoints":[{"url":"https:\\/\\/a.nel.cloudflare.com\\/report\\/v4?s=3cIs0trXJ%2Bot1AmjKoZn41yuF69P2rz78ZQO2vvsYsFCXnvN1EZvAV1e7cZ9SLi8dcnLqc6fPve0TXgMgQRo%2BgJwS%2FUZOWWYDt2Rm9qYLW8Xx6%2B24pqLWMljpayPV1JJ"}],"group":"cf-nel","max_age":604800}', 'NEL': '{"success_fraction":0,"report_to":"cf-nel","max_age":604800}', 'Server': 'cloudflare', 'CF-RAY': '87cf027f5c132d0e-IAD', 'alt-svc': 'h3=":443"; ma=86400'} 
 body={"results":[{"gender":"female","name":{"title":"Miss","first":"Addison","last":"Walker"},"location":{"street":{"number":4600,"name":"Te Rapa Road"},"city":"Hamilton","state":"Wellington","country":"New Zealand","postcode":15292,"coordinates":{"latitude":"53.4785","longitude":"111.6714"},"timezone":{"offset":"-5:00","description":"Eastern Time (US &amp; Canada), Bogota, Lima"}},"email":"addison.walker@example.com","login":{"uuid":"0d337d4e-077d-4930-a60b-4e2eae6c3499","username":"sadelephant926","password":"363636","salt":"DEYKndyz","md5":"8ba20cd3dec4bd7dec8937739a02afe9","sha1":"461e0329dbf0c46e94f2c0d63314da171575c154","sha256":"7096ca37321fb844ae298916dad1c00a099d8dbd5ebcb55e4892b2018b436446"},"dob":{"date":"1954-06-14T10:37:18.737Z","age":69},"registered":{"date":"2020-03-03T18:47:39.863Z","age":4},"phone":"(947)-225-6387","cell":"(133)-030-0613","id":{"name":"","value":null},"picture":{"large":"https://randomuser.me/api/portraits/women/62.jpg","medium":"https://randomuser.me/api/portraits/med/women/62.jpg","thumbnail":"https://randomuser.me/api/portraits/thumb/women/62.jpg"},"nat":"NZ"}],"info":{"seed":"dea3d582a423b944","results":1,"page":1,"version":"1.4"}} 
 </msg>
<msg time="2024-05-01T10:15:20.253372" level="INFO">/opt/hostedtoolcache/Python/3.12.3/x64/lib/python3.12/site-packages/urllib3/connectionpool.py:1103: InsecureRequestWarning: Unverified HTTPS request is being made to host 'randomuser.me'. Adding certificate verification is strongly advised. See: https://urllib3.readthedocs.io/en/latest/advanced-usage.html#tls-warnings
  warnings.warn(</msg>
<msg time="2024-05-01T10:15:20.253555" level="INFO">${response} = &lt;Response [200]&gt;</msg>
<var>${response}</var>
<arg>consultarAPI</arg>
<arg>/api</arg>
<doc>Sends a GET request on a previously created HTTP Session.</doc>
<status status="PASS" start="2024-05-01T10:15:20.177580" elapsed="0.076020"/>
</kw>
<kw name="Should Be Equal As Numbers" owner="BuiltIn">
<msg time="2024-05-01T10:15:20.254592" level="INFO">Argument types are:
&lt;class 'int'&gt;
&lt;class 'str'&gt;</msg>
<arg>${response.status_code}</arg>
<arg>200</arg>
<doc>Fails if objects are unequal after converting them to real numbers.</doc>
<status status="PASS" start="2024-05-01T10:15:20.254119" elapsed="0.000539"/>
</kw>
<kw name="Log" owner="BuiltIn">
<msg time="2024-05-01T10:15:20.255351" level="INFO">200</msg>
<arg>${response.status_code}</arg>
<doc>Logs the given message with the given level.</doc>
<status status="PASS" start="2024-05-01T10:15:20.254995" elapsed="0.000399"/>
</kw>
<kw name="Set Variable" owner="BuiltIn">
<msg time="2024-05-01T10:15:20.256138" level="INFO">${json_data} = {'results': [{'gender': 'female', 'name': {'title': 'Miss', 'first': 'Addison', 'last': 'Walker'}, 'location': {'street': {'number': 4600, 'name': 'Te Rapa Road'}, 'city': 'Hamilton', 'state': 'Wellin...</msg>
<var>${json_data}</var>
<arg>${response.json()}</arg>
<doc>Returns the given values which can then be assigned to a variables.</doc>
<status status="PASS" start="2024-05-01T10:15:20.255701" elapsed="0.000466"/>
</kw>
<kw name="Dictionary Should Contain Key" owner="Collections">
<msg time="2024-05-01T10:15:20.256641" level="INFO">False</msg>
<arg>${json_data}</arg>
<arg>results</arg>
<doc>Fails if ``key`` is not found from ``dictionary``.</doc>
<status status="PASS" start="2024-05-01T10:15:20.256468" elapsed="0.000213"/>
</kw>
<status status="PASS" start="2024-05-01T10:15:20.177312" elapsed="0.079632"/>
</kw>
<doc>Testa se a API responde corretamente e retorna um objeto JSON válido.</doc>
<tag>testeRequisicaoBasica</tag>
<status status="PASS" start="2024-05-01T10:15:20.176854" elapsed="0.080277"/>
</test>
<test id="s1-s1-t3" name="Validar estrutura de resposta" line="22">
<kw name="Teste de Estrutura de Resposta" owner="random-user-service">
<kw name="GET On Session" owner="RequestsLibrary">
<msg time="2024-05-01T10:15:20.341970" level="INFO">GET Request : url=https://randomuser.me/api 
 path_url=/api 
 headers={'User-Agent': 'python-requests/2.31.0', 'Accept-Encoding': 'gzip, deflate', 'Accept': '*/*', 'Connection': 'keep-alive'} 
 body=None 
 </msg>
<msg time="2024-05-01T10:15:20.342088" level="INFO">GET Response : url=https://randomuser.me/api 
 status=200, reason=OK 
 headers={'Date': 'Wed, 01 May 2024 10:15:20 GMT', 'Content-Type': 'application/json; charset=utf-8', 'Transfer-Encoding': 'chunked', 'Connection': 'keep-alive', 'X-Powered-By': 'Express', 'Access-Control-Allow-Origin': '*', 'Cache-Control': 'no-cache', 'ETag': 'W/"489-4JExqQwNMSjl9+SGH9tcn5fSNQM"', 'Vary': 'Accept-Encoding', 'Content-Encoding': 'gzip', 'CF-Cache-Status': 'DYNAMIC', 'Report-To': '{"endpoints":[{"url":"https:\\/\\/a.nel.cloudflare.com\\/report\\/v4?s=UkFq6d3TRtIgtogNXM2INjzUsCfrdEutrxF97ewLgohla1dfJuCtUWlnY2Nin7J7MzTFcBxLatGnAbPgbJUff6kaDvfF8ewZRkz7dCM2t%2FSMyHErNAr8yKVgAYV3P2oc"}],"group":"cf-nel","max_age":604800}', 'NEL': '{"success_fraction":0,"report_to":"cf-nel","max_age":604800}', 'Server': 'cloudflare', 'CF-RAY': '87cf027fac4d2d0e-IAD', 'alt-svc': 'h3=":443"; ma=86400'} 
 body={"results":[{"gender":"female","name":{"title":"Ms","first":"Anita","last":"Skjærstad"},"location":{"street":{"number":7120,"name":"Bilittkroken"},"city":"Os","state":"Nordland","country":"Norway","postcode":"6853","coordinates":{"latitude":"39.9331","longitude":"126.9268"},"timezone":{"offset":"+8:00","description":"Beijing, Perth, Singapore, Hong Kong"}},"email":"anita.skjaerstad@example.com","login":{"uuid":"1cedb198-ee67-488c-97ce-d6581eb2e134","username":"tinyswan477","password":"sherri","salt":"5yCIHXvD","md5":"e230af582d9852e9ed05340bf3e996be","sha1":"b28aee4057ad2fb754214f92cf79bd45110a7764","sha256":"f0dc36651994fd52b3d51cc029d881d176ee72fa78eab80a712ce9c1c21fb49a"},"dob":{"date":"1965-01-02T04:48:31.105Z","age":59},"registered":{"date":"2012-11-13T08:12:08.339Z","age":11},"phone":"87180226","cell":"97080917","id":{"name":"FN","value":"02016501088"},"picture":{"large":"https://randomuser.me/api/portraits/women/10.jpg","medium":"https://randomuser.me/api/portraits/med/women/10.jpg","thumbnail":"https://randomuser.me/api/portraits/thumb/women/10.jpg"},"nat":"NO"}],"info":{"seed":"4e057ab01be8113e","results":1,"page":1,"version":"1.4"}} 
 </msg>
<msg time="2024-05-01T10:15:20.342212" level="INFO">/opt/hostedtoolcache/Python/3.12.3/x64/lib/python3.12/site-packages/urllib3/connectionpool.py:1103: InsecureRequestWarning: Unverified HTTPS request is being made to host 'randomuser.me'. Adding certificate verification is strongly advised. See: https://urllib3.readthedocs.io/en/latest/advanced-usage.html#tls-warnings
  warnings.warn(</msg>
<msg time="2024-05-01T10:15:20.342357" level="INFO">${response} = &lt;Response [200]&gt;</msg>
<var>${response}</var>
<arg>consultarAPI</arg>
<arg>/api</arg>
<doc>Sends a GET request on a previously created HTTP Session.</doc>
<status status="PASS" start="2024-05-01T10:15:20.259800" elapsed="0.082588"/>
</kw>
<kw name="Set Variable" owner="BuiltIn">
<msg time="2024-05-01T10:15:20.343390" level="INFO">${json_data} = {'results': [{'gender': 'female', 'name': {'title': 'Ms', 'first': 'Anita', 'last': 'Skjærstad'}, 'location': {'street': {'number': 7120, 'name': 'Bilittkroken'}, 'city': 'Os', 'state': 'Nordland', 'c...</msg>
<var>${json_data}</var>
<arg>${response.json()}</arg>
<doc>Returns the given values which can then be assigned to a variables.</doc>
<status status="PASS" start="2024-05-01T10:15:20.342858" elapsed="0.000562"/>
</kw>
<kw name="Log" owner="BuiltIn">
<msg time="2024-05-01T10:15:20.343893" level="INFO">{'results': [{'gender': 'female', 'name': {'title': 'Ms', 'first': 'Anita', 'last': 'Skjærstad'}, 'location': {'street': {'number': 7120, 'name': 'Bilittkroken'}, 'city': 'Os', 'state': 'Nordland', 'country': 'Norway', 'postcode': '6853', 'coordinates': {'latitude': '39.9331', 'longitude': '126.9268'}, 'timezone': {'offset': '+8:00', 'description': 'Beijing, Perth, Singapore, Hong Kong'}}, 'email': 'anita.skjaerstad@example.com', 'login': {'uuid': '1cedb198-ee67-488c-97ce-d6581eb2e134', 'username': 'tinyswan477', 'password': 'sherri', 'salt': '5yCIHXvD', 'md5': 'e230af582d9852e9ed05340bf3e996be', 'sha1': 'b28aee4057ad2fb754214f92cf79bd45110a7764', 'sha256': 'f0dc36651994fd52b3d51cc029d881d176ee72fa78eab80a712ce9c1c21fb49a'}, 'dob': {'date': '1965-01-02T04:48:31.105Z', 'age': 59}, 'registered': {'date': '2012-11-13T08:12:08.339Z', 'age': 11}, 'phone': '87180226', 'cell': '97080917', 'id': {'name': 'FN', 'value': '02016501088'}, 'picture': {'large': 'https://randomuser.me/api/portraits/women/10.jpg', 'medium': 'https://randomuser.me/api/portraits/med/women/10.jpg', 'thumbnail': 'https://randomuser.me/api/portraits/thumb/women/10.jpg'}, 'nat': 'NO'}], 'info': {'seed': '4e057ab01be8113e', 'results': 1, 'page': 1, 'version': '1.4'}}</msg>
<arg>${json_data}</arg>
<doc>Logs the given message with the given level.</doc>
<status status="PASS" start="2024-05-01T10:15:20.343731" elapsed="0.000213"/>
</kw>
<kw name="Dictionary Should Contain Key" owner="Collections">
<msg time="2024-05-01T10:15:20.344421" level="INFO">False</msg>
<arg>${json_data}</arg>
<arg>results</arg>
<doc>Fails if ``key`` is not found from ``dictionary``.</doc>
<status status="PASS" start="2024-05-01T10:15:20.344245" elapsed="0.000214"/>
</kw>
<kw name="Should Not Be Empty" owner="BuiltIn">
<msg time="2024-05-01T10:15:20.344900" level="INFO">Length is 2.</msg>
<arg>${json_data}</arg>
<doc>Verifies that the given item is not empty.</doc>
<status status="PASS" start="2024-05-01T10:15:20.344763" elapsed="0.000345"/>
</kw>
<kw name="Create List" owner="BuiltIn">
<msg time="2024-05-01T10:15:20.345604" level="INFO">${expected_keys} = ['gender', 'name', 'location', 'email', 'login']</msg>
<var>${expected_keys}</var>
<arg>gender</arg>
<arg>name</arg>
<arg>location</arg>
<arg>email</arg>
<arg>login</arg>
<doc>Returns a list containing given items.</doc>
<status status="PASS" start="2024-05-01T10:15:20.345410" elapsed="0.000220"/>
</kw>
<for flavor="IN">
<iter>
<kw name="Dictionary Should Contain Key" owner="Collections">
<msg time="2024-05-01T10:15:20.346635" level="INFO">False</msg>
<arg>${json_data['results'][0]}</arg>
<arg>${key}</arg>
<doc>Fails if ``key`` is not found from ``dictionary``.</doc>
<status status="PASS" start="2024-05-01T10:15:20.346224" elapsed="0.000449"/>
</kw>
<kw name="Log" owner="BuiltIn">
<msg time="2024-05-01T10:15:20.347342" level="INFO">{'gender': 'female', 'name': {'title': 'Ms', 'first': 'Anita', 'last': 'Skjærstad'}, 'location': {'street': {'number': 7120, 'name': 'Bilittkroken'}, 'city': 'Os', 'state': 'Nordland', 'country': 'Norway', 'postcode': '6853', 'coordinates': {'latitude': '39.9331', 'longitude': '126.9268'}, 'timezone': {'offset': '+8:00', 'description': 'Beijing, Perth, Singapore, Hong Kong'}}, 'email': 'anita.skjaerstad@example.com', 'login': {'uuid': '1cedb198-ee67-488c-97ce-d6581eb2e134', 'username': 'tinyswan477', 'password': 'sherri', 'salt': '5yCIHXvD', 'md5': 'e230af582d9852e9ed05340bf3e996be', 'sha1': 'b28aee4057ad2fb754214f92cf79bd45110a7764', 'sha256': 'f0dc36651994fd52b3d51cc029d881d176ee72fa78eab80a712ce9c1c21fb49a'}, 'dob': {'date': '1965-01-02T04:48:31.105Z', 'age': 59}, 'registered': {'date': '2012-11-13T08:12:08.339Z', 'age': 11}, 'phone': '87180226', 'cell': '97080917', 'id': {'name': 'FN', 'value': '02016501088'}, 'picture': {'large': 'https://randomuser.me/api/portraits/women/10.jpg', 'medium': 'https://randomuser.me/api/portraits/med/women/10.jpg', 'thumbnail': 'https://randomuser.me/api/portraits/thumb/women/10.jpg'}, 'nat': 'NO'}</msg>
<arg>${json_data['results'][0]}</arg>
<doc>Logs the given message with the given level.</doc>
<status status="PASS" start="2024-05-01T10:15:20.346971" elapsed="0.000421"/>
</kw>
<kw name="Log" owner="BuiltIn">
<msg time="2024-05-01T10:15:20.347825" level="INFO">gender</msg>
<arg>${key}</arg>
<doc>Logs the given message with the given level.</doc>
<status status="PASS" start="2024-05-01T10:15:20.347694" elapsed="0.000169"/>
</kw>
<var name="${key}">gender</var>
<status status="PASS" start="2024-05-01T10:15:20.346099" elapsed="0.001980"/>
</iter>
<iter>
<kw name="Dictionary Should Contain Key" owner="Collections">
<msg time="2024-05-01T10:15:20.348782" level="INFO">False</msg>
<arg>${json_data['results'][0]}</arg>
<arg>${key}</arg>
<doc>Fails if ``key`` is not found from ``dictionary``.</doc>
<status status="PASS" start="2024-05-01T10:15:20.348395" elapsed="0.000424"/>
</kw>
<kw name="Log" owner="BuiltIn">
<msg time="2024-05-01T10:15:20.349534" level="INFO">{'gender': 'female', 'name': {'title': 'Ms', 'first': 'Anita', 'last': 'Skjærstad'}, 'location': {'street': {'number': 7120, 'name': 'Bilittkroken'}, 'city': 'Os', 'state': 'Nordland', 'country': 'Norway', 'postcode': '6853', 'coordinates': {'latitude': '39.9331', 'longitude': '126.9268'}, 'timezone': {'offset': '+8:00', 'description': 'Beijing, Perth, Singapore, Hong Kong'}}, 'email': 'anita.skjaerstad@example.com', 'login': {'uuid': '1cedb198-ee67-488c-97ce-d6581eb2e134', 'username': 'tinyswan477', 'password': 'sherri', 'salt': '5yCIHXvD', 'md5': 'e230af582d9852e9ed05340bf3e996be', 'sha1': 'b28aee4057ad2fb754214f92cf79bd45110a7764', 'sha256': 'f0dc36651994fd52b3d51cc029d881d176ee72fa78eab80a712ce9c1c21fb49a'}, 'dob': {'date': '1965-01-02T04:48:31.105Z', 'age': 59}, 'registered': {'date': '2012-11-13T08:12:08.339Z', 'age': 11}, 'phone': '87180226', 'cell': '97080917', 'id': {'name': 'FN', 'value': '02016501088'}, 'picture': {'large': 'https://randomuser.me/api/portraits/women/10.jpg', 'medium': 'https://randomuser.me/api/portraits/med/women/10.jpg', 'thumbnail': 'https://randomuser.me/api/portraits/thumb/women/10.jpg'}, 'nat': 'NO'}</msg>
<arg>${json_data['results'][0]}</arg>
<doc>Logs the given message with the given level.</doc>
<status status="PASS" start="2024-05-01T10:15:20.349143" elapsed="0.000445"/>
</kw>
<kw name="Log" owner="BuiltIn">
<msg time="2024-05-01T10:15:20.350016" level="INFO">name</msg>
<arg>${key}</arg>
<doc>Logs the given message with the given level.</doc>
<status status="PASS" start="2024-05-01T10:15:20.349887" elapsed="0.000166"/>
</kw>
<var name="${key}">name</var>
<status status="PASS" start="2024-05-01T10:15:20.348270" elapsed="0.001996"/>
</iter>
<iter>
<kw name="Dictionary Should Contain Key" owner="Collections">
<msg time="2024-05-01T10:15:20.350938" level="INFO">False</msg>
<arg>${json_data['results'][0]}</arg>
<arg>${key}</arg>
<doc>Fails if ``key`` is not found from ``dictionary``.</doc>
<status status="PASS" start="2024-05-01T10:15:20.350555" elapsed="0.000421"/>
</kw>
<kw name="Log" owner="BuiltIn">
<msg time="2024-05-01T10:15:20.351636" level="INFO">{'gender': 'female', 'name': {'title': 'Ms', 'first': 'Anita', 'last': 'Skjærstad'}, 'location': {'street': {'number': 7120, 'name': 'Bilittkroken'}, 'city': 'Os', 'state': 'Nordland', 'country': 'Norway', 'postcode': '6853', 'coordinates': {'latitude': '39.9331', 'longitude': '126.9268'}, 'timezone': {'offset': '+8:00', 'description': 'Beijing, Perth, Singapore, Hong Kong'}}, 'email': 'anita.skjaerstad@example.com', 'login': {'uuid': '1cedb198-ee67-488c-97ce-d6581eb2e134', 'username': 'tinyswan477', 'password': 'sherri', 'salt': '5yCIHXvD', 'md5': 'e230af582d9852e9ed05340bf3e996be', 'sha1': 'b28aee4057ad2fb754214f92cf79bd45110a7764', 'sha256': 'f0dc36651994fd52b3d51cc029d881d176ee72fa78eab80a712ce9c1c21fb49a'}, 'dob': {'date': '1965-01-02T04:48:31.105Z', 'age': 59}, 'registered': {'date': '2012-11-13T08:12:08.339Z', 'age': 11}, 'phone': '87180226', 'cell': '97080917', 'id': {'name': 'FN', 'value': '02016501088'}, 'picture': {'large': 'https://randomuser.me/api/portraits/women/10.jpg', 'medium': 'https://randomuser.me/api/portraits/med/women/10.jpg', 'thumbnail': 'https://randomuser.me/api/portraits/thumb/women/10.jpg'}, 'nat': 'NO'}</msg>
<arg>${json_data['results'][0]}</arg>
<doc>Logs the given message with the given level.</doc>
<status status="PASS" start="2024-05-01T10:15:20.351273" elapsed="0.000412"/>
</kw>
<kw name="Log" owner="BuiltIn">
<msg time="2024-05-01T10:15:20.352099" level="INFO">location</msg>
<arg>${key}</arg>
<doc>Logs the given message with the given level.</doc>
<status status="PASS" start="2024-05-01T10:15:20.351976" elapsed="0.000162"/>
</kw>
<var name="${key}">location</var>
<status status="PASS" start="2024-05-01T10:15:20.350445" elapsed="0.001907"/>
</iter>
<iter>
<kw name="Dictionary Should Contain Key" owner="Collections">
<msg time="2024-05-01T10:15:20.353022" level="INFO">False</msg>
<arg>${json_data['results'][0]}</arg>
<arg>${key}</arg>
<doc>Fails if ``key`` is not found from ``dictionary``.</doc>
<status status="PASS" start="2024-05-01T10:15:20.352638" elapsed="0.000422"/>
</kw>
<kw name="Log" owner="BuiltIn">
<msg time="2024-05-01T10:15:20.353772" level="INFO">{'gender': 'female', 'name': {'title': 'Ms', 'first': 'Anita', 'last': 'Skjærstad'}, 'location': {'street': {'number': 7120, 'name': 'Bilittkroken'}, 'city': 'Os', 'state': 'Nordland', 'country': 'Norway', 'postcode': '6853', 'coordinates': {'latitude': '39.9331', 'longitude': '126.9268'}, 'timezone': {'offset': '+8:00', 'description': 'Beijing, Perth, Singapore, Hong Kong'}}, 'email': 'anita.skjaerstad@example.com', 'login': {'uuid': '1cedb198-ee67-488c-97ce-d6581eb2e134', 'username': 'tinyswan477', 'password': 'sherri', 'salt': '5yCIHXvD', 'md5': 'e230af582d9852e9ed05340bf3e996be', 'sha1': 'b28aee4057ad2fb754214f92cf79bd45110a7764', 'sha256': 'f0dc36651994fd52b3d51cc029d881d176ee72fa78eab80a712ce9c1c21fb49a'}, 'dob': {'date': '1965-01-02T04:48:31.105Z', 'age': 59}, 'registered': {'date': '2012-11-13T08:12:08.339Z', 'age': 11}, 'phone': '87180226', 'cell': '97080917', 'id': {'name': 'FN', 'value': '02016501088'}, 'picture': {'large': 'https://randomuser.me/api/portraits/women/10.jpg', 'medium': 'https://randomuser.me/api/portraits/med/women/10.jpg', 'thumbnail': 'https://randomuser.me/api/portraits/thumb/women/10.jpg'}, 'nat': 'NO'}</msg>
<arg>${json_data['results'][0]}</arg>
<doc>Logs the given message with the given level.</doc>
<status status="PASS" start="2024-05-01T10:15:20.353359" elapsed="0.000464"/>
</kw>
<kw name="Log" owner="BuiltIn">
<msg time="2024-05-01T10:15:20.354250" level="INFO">email</msg>
<arg>${key}</arg>
<doc>Logs the given message with the given level.</doc>
<status status="PASS" start="2024-05-01T10:15:20.354121" elapsed="0.000167"/>
</kw>
<var name="${key}">email</var>
<status status="PASS" start="2024-05-01T10:15:20.352526" elapsed="0.001977"/>
</iter>
<iter>
<kw name="Dictionary Should Contain Key" owner="Collections">
<msg time="2024-05-01T10:15:20.355180" level="INFO">False</msg>
<arg>${json_data['results'][0]}</arg>
<arg>${key}</arg>
<doc>Fails if ``key`` is not found from ``dictionary``.</doc>
<status status="PASS" start="2024-05-01T10:15:20.354790" elapsed="0.000428"/>
</kw>
<kw name="Log" owner="BuiltIn">
<msg time="2024-05-01T10:15:20.355889" level="INFO">{'gender': 'female', 'name': {'title': 'Ms', 'first': 'Anita', 'last': 'Skjærstad'}, 'location': {'street': {'number': 7120, 'name': 'Bilittkroken'}, 'city': 'Os', 'state': 'Nordland', 'country': 'Norway', 'postcode': '6853', 'coordinates': {'latitude': '39.9331', 'longitude': '126.9268'}, 'timezone': {'offset': '+8:00', 'description': 'Beijing, Perth, Singapore, Hong Kong'}}, 'email': 'anita.skjaerstad@example.com', 'login': {'uuid': '1cedb198-ee67-488c-97ce-d6581eb2e134', 'username': 'tinyswan477', 'password': 'sherri', 'salt': '5yCIHXvD', 'md5': 'e230af582d9852e9ed05340bf3e996be', 'sha1': 'b28aee4057ad2fb754214f92cf79bd45110a7764', 'sha256': 'f0dc36651994fd52b3d51cc029d881d176ee72fa78eab80a712ce9c1c21fb49a'}, 'dob': {'date': '1965-01-02T04:48:31.105Z', 'age': 59}, 'registered': {'date': '2012-11-13T08:12:08.339Z', 'age': 11}, 'phone': '87180226', 'cell': '97080917', 'id': {'name': 'FN', 'value': '02016501088'}, 'picture': {'large': 'https://randomuser.me/api/portraits/women/10.jpg', 'medium': 'https://randomuser.me/api/portraits/med/women/10.jpg', 'thumbnail': 'https://randomuser.me/api/portraits/thumb/women/10.jpg'}, 'nat': 'NO'}</msg>
<arg>${json_data['results'][0]}</arg>
<doc>Logs the given message with the given level.</doc>
<status status="PASS" start="2024-05-01T10:15:20.355516" elapsed="0.000422"/>
</kw>
<kw name="Log" owner="BuiltIn">
<msg time="2024-05-01T10:15:20.356397" level="INFO">login</msg>
<arg>${key}</arg>
<doc>Logs the given message with the given level.</doc>
<status status="PASS" start="2024-05-01T10:15:20.356266" elapsed="0.000170"/>
</kw>
<var name="${key}">login</var>
<status status="PASS" start="2024-05-01T10:15:20.354678" elapsed="0.002007"/>
</iter>
<var>${key}</var>
<value>@{expected_keys}</value>
<status status="PASS" start="2024-05-01T10:15:20.345905" elapsed="0.010905"/>
</for>
<kw name="Create List" owner="BuiltIn">
<msg time="2024-05-01T10:15:20.357141" level="INFO">${expected_keysTwo} = ['username', 'password']</msg>
<var>${expected_keysTwo}</var>
<arg>username</arg>
<arg>password</arg>
<doc>Returns a list containing given items.</doc>
<status status="PASS" start="2024-05-01T10:15:20.357003" elapsed="0.000162"/>
</kw>
<for flavor="IN">
<iter>
<kw name="Dictionary Should Contain Key" owner="Collections">
<msg time="2024-05-01T10:15:20.358085" level="INFO">False</msg>
<arg>${json_data['results'][0]['login']}</arg>
<arg>${keyTwo}</arg>
<doc>Fails if ``key`` is not found from ``dictionary``.</doc>
<status status="PASS" start="2024-05-01T10:15:20.357696" elapsed="0.000426"/>
</kw>
<kw name="Dictionary Should Contain Key" owner="Collections">
<msg time="2024-05-01T10:15:20.358812" level="INFO">False</msg>
<arg>${json_data['results'][0]['login']}</arg>
<arg>${keyTwo}</arg>
<doc>Fails if ``key`` is not found from ``dictionary``.</doc>
<status status="PASS" start="2024-05-01T10:15:20.358421" elapsed="0.000446"/>
</kw>
<kw name="Log" owner="BuiltIn">
<msg time="2024-05-01T10:15:20.359353" level="INFO">username</msg>
<arg>${keyTwo}</arg>
<doc>Logs the given message with the given level.</doc>
<status status="PASS" start="2024-05-01T10:15:20.359214" elapsed="0.000183"/>
</kw>
<var name="${keyTwo}">username</var>
<status status="PASS" start="2024-05-01T10:15:20.357582" elapsed="0.002039"/>
</iter>
<iter>
<kw name="Dictionary Should Contain Key" owner="Collections">
<msg time="2024-05-01T10:15:20.360396" level="INFO">False</msg>
<arg>${json_data['results'][0]['login']}</arg>
<arg>${keyTwo}</arg>
<doc>Fails if ``key`` is not found from ``dictionary``.</doc>
<status status="PASS" start="2024-05-01T10:15:20.359910" elapsed="0.000527"/>
</kw>
<kw name="Dictionary Should Contain Key" owner="Collections">
<msg time="2024-05-01T10:15:20.361180" level="INFO">False</msg>
<arg>${json_data['results'][0]['login']}</arg>
<arg>${keyTwo}</arg>
<doc>Fails if ``key`` is not found from ``dictionary``.</doc>
<status status="PASS" start="2024-05-01T10:15:20.360785" elapsed="0.000432"/>
</kw>
<kw name="Log" owner="BuiltIn">
<msg time="2024-05-01T10:15:20.361700" level="INFO">password</msg>
<arg>${keyTwo}</arg>
<doc>Logs the given message with the given level.</doc>
<status status="PASS" start="2024-05-01T10:15:20.361561" elapsed="0.000177"/>
</kw>
<var name="${keyTwo}">password</var>
<status status="PASS" start="2024-05-01T10:15:20.359795" elapsed="0.002171"/>
</iter>
<var>${keyTwo}</var>
<value>@{expected_keysTwo}</value>
<status status="PASS" start="2024-05-01T10:15:20.357402" elapsed="0.004688"/>
</for>
<status status="PASS" start="2024-05-01T10:15:20.259564" elapsed="0.102667"/>
</kw>
<doc>Testa a estrutura da resposta da API.</doc>
<tag>testeEstruturaResposta</tag>
<status status="PASS" start="2024-05-01T10:15:20.259053" elapsed="0.103343"/>
</test>
<test id="s1-s1-t4" name="Validar tipos de dados" line="28">
<kw name="Teste de Tipos de Dados" owner="random-user-service">
<kw name="GET On Session" owner="RequestsLibrary">
<msg time="2024-05-01T10:15:20.446239" level="INFO">GET Request : url=https://randomuser.me/api 
 path_url=/api 
 headers={'User-Agent': 'python-requests/2.31.0', 'Accept-Encoding': 'gzip, deflate', 'Accept': '*/*', 'Connection': 'keep-alive'} 
 body=None 
 </msg>
<msg time="2024-05-01T10:15:20.446338" level="INFO">GET Response : url=https://randomuser.me/api 
 status=200, reason=OK 
 headers={'Date': 'Wed, 01 May 2024 10:15:20 GMT', 'Content-Type': 'application/json; charset=utf-8', 'Transfer-Encoding': 'chunked', 'Connection': 'keep-alive', 'X-Powered-By': 'Express', 'Access-Control-Allow-Origin': '*', 'Cache-Control': 'no-cache', 'ETag': 'W/"485-AwahWkKnzwvhu9DykFuyhhfBCxg"', 'Vary': 'Accept-Encoding', 'Content-Encoding': 'gzip', 'CF-Cache-Status': 'DYNAMIC', 'Report-To': '{"endpoints":[{"url":"https:\\/\\/a.nel.cloudflare.com\\/report\\/v4?s=1hK2ccaRQIFFPsZs3cNgndC8yBCJ7AHmC22xFD0nDJSQ8A3g5%2FiMC1hKFqNPQjzmHjc%2FahF4WPmoTK8AYf0FN%2BsGeaYLCm%2FyWFrdHwM18xBp6%2BCW6kA91CzaGMQ7kTJe"}],"group":"cf-nel","max_age":604800}', 'NEL': '{"success_fraction":0,"report_to":"cf-nel","max_age":604800}', 'Server': 'cloudflare', 'CF-RAY': '87cf02804cdf2d0e-IAD', 'alt-svc': 'h3=":443"; ma=86400'} 
 body={"results":[{"gender":"female","name":{"title":"Ms","first":"Victoria","last":"Slawa"},"location":{"street":{"number":7316,"name":"Charles St"},"city":"Sutton","state":"Alberta","country":"Canada","postcode":"Q0Z 0W8","coordinates":{"latitude":"-68.6604","longitude":"76.9048"},"timezone":{"offset":"+7:00","description":"Bangkok, Hanoi, Jakarta"}},"email":"victoria.slawa@example.com","login":{"uuid":"fdacb4d0-cc2c-4985-96a0-2e30eaee687c","username":"angrycat938","password":"penelope","salt":"ViYJFtMz","md5":"0196d4bb43c928901ce884d9bf0e95f9","sha1":"760c629cd6ea32ea055a0018d511cdab01d16cad","sha256":"7afeb1f77815e0b56eb56ceb47baed27f5444b7a7d53057ff08c081c8dfec8b5"},"dob":{"date":"1958-06-23T17:22:11.974Z","age":65},"registered":{"date":"2003-05-24T07:35:52.567Z","age":20},"phone":"Q99 K54-7984","cell":"P22 R58-2971","id":{"name":"SIN","value":"874231129"},"picture":{"large":"https://randomuser.me/api/portraits/women/85.jpg","medium":"https://randomuser.me/api/portraits/med/women/85.jpg","thumbnail":"https://randomuser.me/api/portraits/thumb/women/85.jpg"},"nat":"CA"}],"info":{"seed":"a5aa4c4993056e86","results":1,"page":1,"version":"1.4"}} 
 </msg>
<msg time="2024-05-01T10:15:20.446409" level="INFO">/opt/hostedtoolcache/Python/3.12.3/x64/lib/python3.12/site-packages/urllib3/connectionpool.py:1103: InsecureRequestWarning: Unverified HTTPS request is being made to host 'randomuser.me'. Adding certificate verification is strongly advised. See: https://urllib3.readthedocs.io/en/latest/advanced-usage.html#tls-warnings
  warnings.warn(</msg>
<msg time="2024-05-01T10:15:20.446550" level="INFO">${response} = &lt;Response [200]&gt;</msg>
<var>${response}</var>
<arg>consultarAPI</arg>
<arg>/api</arg>
<doc>Sends a GET request on a previously created HTTP Session.</doc>
<status status="PASS" start="2024-05-01T10:15:20.364874" elapsed="0.081706"/>
</kw>
<kw name="Set Variable" owner="BuiltIn">
<msg time="2024-05-01T10:15:20.447598" level="INFO">${json_data} = {'results': [{'gender': 'female', 'name': {'title': 'Ms', 'first': 'Victoria', 'last': 'Slawa'}, 'location': {'street': {'number': 7316, 'name': 'Charles St'}, 'city': 'Sutton', 'state': 'Alberta', 'c...</msg>
<var>${json_data}</var>
<arg>${response.json()}</arg>
<doc>Returns the given values which can then be assigned to a variables.</doc>
<status status="PASS" start="2024-05-01T10:15:20.447080" elapsed="0.000547"/>
</kw>
<kw name="Log" owner="BuiltIn">
<msg time="2024-05-01T10:15:20.448090" level="INFO">{'results': [{'gender': 'female', 'name': {'title': 'Ms', 'first': 'Victoria', 'last': 'Slawa'}, 'location': {'street': {'number': 7316, 'name': 'Charles St'}, 'city': 'Sutton', 'state': 'Alberta', 'country': 'Canada', 'postcode': 'Q0Z 0W8', 'coordinates': {'latitude': '-68.6604', 'longitude': '76.9048'}, 'timezone': {'offset': '+7:00', 'description': 'Bangkok, Hanoi, Jakarta'}}, 'email': 'victoria.slawa@example.com', 'login': {'uuid': 'fdacb4d0-cc2c-4985-96a0-2e30eaee687c', 'username': 'angrycat938', 'password': 'penelope', 'salt': 'ViYJFtMz', 'md5': '0196d4bb43c928901ce884d9bf0e95f9', 'sha1': '760c629cd6ea32ea055a0018d511cdab01d16cad', 'sha256': '7afeb1f77815e0b56eb56ceb47baed27f5444b7a7d53057ff08c081c8dfec8b5'}, 'dob': {'date': '1958-06-23T17:22:11.974Z', 'age': 65}, 'registered': {'date': '2003-05-24T07:35:52.567Z', 'age': 20}, 'phone': 'Q99 K54-7984', 'cell': 'P22 R58-2971', 'id': {'name': 'SIN', 'value': '874231129'}, 'picture': {'large': 'https://randomuser.me/api/portraits/women/85.jpg', 'medium': 'https://randomuser.me/api/portraits/med/women/85.jpg', 'thumbnail': 'https://randomuser.me/api/portraits/thumb/women/85.jpg'}, 'nat': 'CA'}], 'info': {'seed': 'a5aa4c4993056e86', 'results': 1, 'page': 1, 'version': '1.4'}}</msg>
<arg>${json_data}</arg>
<doc>Logs the given message with the given level.</doc>
<status status="PASS" start="2024-05-01T10:15:20.447934" elapsed="0.000244"/>
</kw>
<kw name="Should Be String" owner="String">
<arg>${json_data['results'][0]['gender']}</arg>
<doc>Fails if the given ``item`` is not a string.</doc>
<status status="PASS" start="2024-05-01T10:15:20.448518" elapsed="0.000420"/>
</kw>
<kw name="Should Match Regexp" owner="BuiltIn">
<arg>${json_data['results'][0]['email']}</arg>
<arg>^[a-zA-Z0-9._%+-]+@[a-zA-Z0-9.-]+\.[a-zA-Z]{2,}$</arg>
<doc>Fails if ``string`` does not match ``pattern`` as a regular expression.</doc>
<status status="PASS" start="2024-05-01T10:15:20.449165" elapsed="0.000585"/>
</kw>
<kw name="Should Match Regexp" owner="BuiltIn">
<arg>${json_data['results'][0]['dob']['date']}</arg>
<arg>\\d{4}-\\d{2}-\\d{2}T\\d{2}:\\d{2}:\\d{2}\\.\\d{3}Z</arg>
<doc>Fails if ``string`` does not match ``pattern`` as a regular expression.</doc>
<status status="PASS" start="2024-05-01T10:15:20.449979" elapsed="0.000569"/>
</kw>
<kw name="Should Match Regexp" owner="BuiltIn">
<arg>${json_data['results'][0]['registered']['date']}</arg>
<arg>\\d{4}-\\d{2}-\\d{2}T\\d{2}:\\d{2}:\\d{2}\\.\\d{3}Z</arg>
<doc>Fails if ``string`` does not match ``pattern`` as a regular expression.</doc>
<status status="PASS" start="2024-05-01T10:15:20.450765" elapsed="0.000411"/>
</kw>
<kw name="Should Match Regexp" owner="BuiltIn">
<arg>${json_data['results'][0]['picture']['large']}</arg>
<arg>^https?://.*\.(?:png|jpe?g|gif|bmp)$</arg>
<doc>Fails if ``string`` does not match ``pattern`` as a regular expression.</doc>
<status status="PASS" start="2024-05-01T10:15:20.451382" elapsed="0.000474"/>
</kw>
<kw name="Should Match Regexp" owner="BuiltIn">
<arg>${json_data['results'][0]['picture']['medium']}</arg>
<arg>^https?://.*\.(?:png|jpe?g|gif|bmp)$</arg>
<doc>Fails if ``string`` does not match ``pattern`` as a regular expression.</doc>
<status status="PASS" start="2024-05-01T10:15:20.452045" elapsed="0.000406"/>
</kw>
<kw name="Should Match Regexp" owner="BuiltIn">
<arg>${json_data['results'][0]['picture']['thumbnail']}</arg>
<arg>^https?://.*\.(?:png|jpe?g|gif|bmp)$</arg>
<doc>Fails if ``string`` does not match ``pattern`` as a regular expression.</doc>
<status status="PASS" start="2024-05-01T10:15:20.452651" elapsed="0.000354"/>
</kw>
<kw name="Log" owner="BuiltIn">
<msg time="2024-05-01T10:15:20.453511" level="INFO">{'large': 'https://randomuser.me/api/portraits/women/85.jpg', 'medium': 'https://randomuser.me/api/portraits/med/women/85.jpg', 'thumbnail': 'https://randomuser.me/api/portraits/thumb/women/85.jpg'}</msg>
<arg>${json_data['results'][0]['picture']}</arg>
<doc>Logs the given message with the given level.</doc>
<status status="PASS" start="2024-05-01T10:15:20.453185" elapsed="0.000408"/>
</kw>
<status status="PASS" start="2024-05-01T10:15:20.364646" elapsed="0.089234"/>
</kw>
<kw name="Teste de Tipos de Dados - Postcode" owner="random-user-service">
<kw name="GET On Session" owner="RequestsLibrary">
<msg time="2024-05-01T10:15:20.545734" level="INFO">GET Request : url=https://randomuser.me/api 
 path_url=/api 
 headers={'User-Agent': 'python-requests/2.31.0', 'Accept-Encoding': 'gzip, deflate', 'Accept': '*/*', 'Connection': 'keep-alive'} 
 body=None 
 </msg>
<msg time="2024-05-01T10:15:20.545826" level="INFO">GET Response : url=https://randomuser.me/api 
 status=200, reason=OK 
 headers={'Date': 'Wed, 01 May 2024 10:15:20 GMT', 'Content-Type': 'application/json; charset=utf-8', 'Transfer-Encoding': 'chunked', 'Connection': 'keep-alive', 'X-Powered-By': 'Express', 'Access-Control-Allow-Origin': '*', 'Cache-Control': 'no-cache', 'ETag': 'W/"484-8/Ufh3p6N+oyculmcJG+eLP8oyI"', 'Vary': 'Accept-Encoding', 'Content-Encoding': 'gzip', 'CF-Cache-Status': 'DYNAMIC', 'Report-To': '{"endpoints":[{"url":"https:\\/\\/a.nel.cloudflare.com\\/report\\/v4?s=pDoz6CbY0QlU47F7GezNGJPd6SY7htzFASkqaaHzUGoOG4xK3%2FSzVjXVt%2Fu2Y7xUtkJw8gjDCFwOr%2BbR2hujP938H2G7mD42l84ZcmBoZ0IhFi9RZxjI66UBr0nvn6Wp"}],"group":"cf-nel","max_age":604800}', 'NEL': '{"success_fraction":0,"report_to":"cf-nel","max_age":604800}', 'Server': 'cloudflare', 'CF-RAY': '87cf0280dd652d0e-IAD', 'alt-svc': 'h3=":443"; ma=86400'} 
 body={"results":[{"gender":"female","name":{"title":"Mrs","first":"Haritya","last":"Lyudkevich"},"location":{"street":{"number":2803,"name":"Planetna"},"city":"Almazna","state":"Hmelnicka","country":"Ukraine","postcode":71575,"coordinates":{"latitude":"79.3553","longitude":"98.3915"},"timezone":{"offset":"+2:00","description":"Kaliningrad, South Africa"}},"email":"haritya.lyudkevich@example.com","login":{"uuid":"f8984b0e-a86f-48f9-bd21-f2fad648fcb0","username":"bigzebra226","password":"blue32","salt":"FA8H9Lp1","md5":"759c9e306dc31ae3f027d05aa288cb71","sha1":"fbfe6e751fccffc2f8d77bffa4b37c5b6716519f","sha256":"31c08b2b27775a6b56384734f759b1b34b458b1c9999052690b9973e83727a5c"},"dob":{"date":"1999-07-15T22:03:27.883Z","age":24},"registered":{"date":"2015-06-15T01:00:59.637Z","age":8},"phone":"(068) H59-7702","cell":"(098) B43-5099","id":{"name":"","value":null},"picture":{"large":"https://randomuser.me/api/portraits/women/84.jpg","medium":"https://randomuser.me/api/portraits/med/women/84.jpg","thumbnail":"https://randomuser.me/api/portraits/thumb/women/84.jpg"},"nat":"UA"}],"info":{"seed":"924667540f583e3c","results":1,"page":1,"version":"1.4"}} 
 </msg>
<msg time="2024-05-01T10:15:20.545893" level="INFO">/opt/hostedtoolcache/Python/3.12.3/x64/lib/python3.12/site-packages/urllib3/connectionpool.py:1103: InsecureRequestWarning: Unverified HTTPS request is being made to host 'randomuser.me'. Adding certificate verification is strongly advised. See: https://urllib3.readthedocs.io/en/latest/advanced-usage.html#tls-warnings
  warnings.warn(</msg>
<msg time="2024-05-01T10:15:20.546028" level="INFO">${response} = &lt;Response [200]&gt;</msg>
<var>${response}</var>
<arg>consultarAPI</arg>
<arg>/api</arg>
<doc>Sends a GET request on a previously created HTTP Session.</doc>
<status status="PASS" start="2024-05-01T10:15:20.454362" elapsed="0.091708"/>
</kw>
<kw name="Set Variable" owner="BuiltIn">
<msg time="2024-05-01T10:15:20.547144" level="INFO">${json_data} = {'results': [{'gender': 'female', 'name': {'title': 'Mrs', 'first': 'Haritya', 'last': 'Lyudkevich'}, 'location': {'street': {'number': 2803, 'name': 'Planetna'}, 'city': 'Almazna', 'state': 'Hmelnick...</msg>
<var>${json_data}</var>
<arg>${response.json()}</arg>
<doc>Returns the given values which can then be assigned to a variables.</doc>
<status status="PASS" start="2024-05-01T10:15:20.546631" elapsed="0.000541"/>
</kw>
<kw name="Log" owner="BuiltIn">
<msg time="2024-05-01T10:15:20.547645" level="INFO">{'results': [{'gender': 'female', 'name': {'title': 'Mrs', 'first': 'Haritya', 'last': 'Lyudkevich'}, 'location': {'street': {'number': 2803, 'name': 'Planetna'}, 'city': 'Almazna', 'state': 'Hmelnicka', 'country': 'Ukraine', 'postcode': 71575, 'coordinates': {'latitude': '79.3553', 'longitude': '98.3915'}, 'timezone': {'offset': '+2:00', 'description': 'Kaliningrad, South Africa'}}, 'email': 'haritya.lyudkevich@example.com', 'login': {'uuid': 'f8984b0e-a86f-48f9-bd21-f2fad648fcb0', 'username': 'bigzebra226', 'password': 'blue32', 'salt': 'FA8H9Lp1', 'md5': '759c9e306dc31ae3f027d05aa288cb71', 'sha1': 'fbfe6e751fccffc2f8d77bffa4b37c5b6716519f', 'sha256': '31c08b2b27775a6b56384734f759b1b34b458b1c9999052690b9973e83727a5c'}, 'dob': {'date': '1999-07-15T22:03:27.883Z', 'age': 24}, 'registered': {'date': '2015-06-15T01:00:59.637Z', 'age': 8}, 'phone': '(068) H59-7702', 'cell': '(098) B43-5099', 'id': {'name': '', 'value': None}, 'picture': {'large': 'https://randomuser.me/api/portraits/women/84.jpg', 'medium': 'https://randomuser.me/api/portraits/med/women/84.jpg', 'thumbnail': 'https://randomuser.me/api/portraits/thumb/women/84.jpg'}, 'nat': 'UA'}], 'info': {'seed': '924667540f583e3c', 'results': 1, 'page': 1, 'version': '1.4'}}</msg>
<arg>${json_data}</arg>
<doc>Logs the given message with the given level.</doc>
<status status="PASS" start="2024-05-01T10:15:20.547491" elapsed="0.000250"/>
</kw>
<kw name="Should Be Equal As Numbers" owner="BuiltIn">
<arg>${json_data['results'][0]['location']['postcode']}</arg>
<arg>${json_data['results'][0]['location']['postcode']}</arg>
<doc>Fails if objects are unequal after converting them to real numbers.</doc>
<status status="PASS" start="2024-05-01T10:15:20.548234" elapsed="0.000639"/>
</kw>
<kw name="Log" owner="BuiltIn">
<msg time="2024-05-01T10:15:20.549397" level="INFO">71575</msg>
<arg>${json_data['results'][0]['location']['postcode']}</arg>
<doc>Logs the given message with the given level.</doc>
<status status="PASS" start="2024-05-01T10:15:20.549063" elapsed="0.000375"/>
</kw>
<status status="PASS" start="2024-05-01T10:15:20.454127" elapsed="0.095595"/>
</kw>
<doc>Testa se os tipos de dados na resposta da API estão corretos.</doc>
<tag>testeTiposDados</tag>
<status status="PASS" start="2024-05-01T10:15:20.364194" elapsed="0.185698"/>
</test>
<test id="s1-s1-t5" name="Validar conteudo" line="35">
<kw name="Teste de Tipos de Conteudo" owner="random-user-service">
<kw name="GET On Session" owner="RequestsLibrary">
<msg time="2024-05-01T10:15:20.642161" level="INFO">GET Request : url=https://randomuser.me/api 
 path_url=/api 
 headers={'User-Agent': 'python-requests/2.31.0', 'Accept-Encoding': 'gzip, deflate', 'Accept': '*/*', 'Connection': 'keep-alive'} 
 body=None 
 </msg>
<msg time="2024-05-01T10:15:20.642280" level="INFO">GET Response : url=https://randomuser.me/api 
 status=200, reason=OK 
 headers={'Date': 'Wed, 01 May 2024 10:15:20 GMT', 'Content-Type': 'application/json; charset=utf-8', 'Transfer-Encoding': 'chunked', 'Connection': 'keep-alive', 'X-Powered-By': 'Express', 'Access-Control-Allow-Origin': '*', 'Cache-Control': 'no-cache', 'ETag': 'W/"48c-H/kZBqeHsl6G4Mrs92aCmgVNmqQ"', 'Vary': 'Accept-Encoding', 'Content-Encoding': 'gzip', 'CF-Cache-Status': 'DYNAMIC', 'Report-To': '{"endpoints":[{"url":"https:\\/\\/a.nel.cloudflare.com\\/report\\/v4?s=hK7SjhPS7t2dZ0Mzmif167Lx8XfCB7IGgb4mplfXjTftjOFaJkURon5Mh%2FQrCIHPvWr8GBO%2BkxnBBeCs7JAnpp8m8RM7UfPac3LbJmDG4GA4v4ynniL7xCyhOd1S9wst"}],"group":"cf-nel","max_age":604800}', 'NEL': '{"success_fraction":0,"report_to":"cf-nel","max_age":604800}', 'Server': 'cloudflare', 'CF-RAY': '87cf02817dfc2d0e-IAD', 'alt-svc': 'h3=":443"; ma=86400'} 
 body={"results":[{"gender":"female","name":{"title":"Miss","first":"Loni","last":"Helbig"},"location":{"street":{"number":6752,"name":"Jahnstraße"},"city":"Bad Harzburg","state":"Hamburg","country":"Germany","postcode":18765,"coordinates":{"latitude":"-50.3136","longitude":"120.8737"},"timezone":{"offset":"-12:00","description":"Eniwetok, Kwajalein"}},"email":"loni.helbig@example.com","login":{"uuid":"9510a705-14bb-4fb1-8099-a7c3572c9b52","username":"purplemouse546","password":"matilda","salt":"pTR7Reac","md5":"2040badd2276c147233b8227eeef7211","sha1":"cf9664541492b4a1e193ba615e54fa297e7cd712","sha256":"7011f90c06d2b9824e82d5859bb20ed35a0aeda09e00547e7b0929765bbbae01"},"dob":{"date":"1989-09-16T04:13:53.650Z","age":34},"registered":{"date":"2006-03-16T00:03:47.493Z","age":18},"phone":"0417-5731728","cell":"0173-5604324","id":{"name":"SVNR","value":"59 150989 H 776"},"picture":{"large":"https://randomuser.me/api/portraits/women/33.jpg","medium":"https://randomuser.me/api/portraits/med/women/33.jpg","thumbnail":"https://randomuser.me/api/portraits/thumb/women/33.jpg"},"nat":"DE"}],"info":{"seed":"b432dd5c94bca757","results":1,"page":1,"version":"1.4"}} 
 </msg>
<msg time="2024-05-01T10:15:20.642362" level="INFO">/opt/hostedtoolcache/Python/3.12.3/x64/lib/python3.12/site-packages/urllib3/connectionpool.py:1103: InsecureRequestWarning: Unverified HTTPS request is being made to host 'randomuser.me'. Adding certificate verification is strongly advised. See: https://urllib3.readthedocs.io/en/latest/advanced-usage.html#tls-warnings
  warnings.warn(</msg>
<msg time="2024-05-01T10:15:20.642518" level="INFO">${response} = &lt;Response [200]&gt;</msg>
<var>${response}</var>
<arg>consultarAPI</arg>
<arg>/api</arg>
<doc>Sends a GET request on a previously created HTTP Session.</doc>
<status status="PASS" start="2024-05-01T10:15:20.552308" elapsed="0.090263"/>
</kw>
<kw name="Set Variable" owner="BuiltIn">
<msg time="2024-05-01T10:15:20.643670" level="INFO">${json_data} = {'results': [{'gender': 'female', 'name': {'title': 'Miss', 'first': 'Loni', 'last': 'Helbig'}, 'location': {'street': {'number': 6752, 'name': 'Jahnstraße'}, 'city': 'Bad Harzburg', 'state': 'Hamburg...</msg>
<var>${json_data}</var>
<arg>${response.json()}</arg>
<doc>Returns the given values which can then be assigned to a variables.</doc>
<status status="PASS" start="2024-05-01T10:15:20.643156" elapsed="0.000543"/>
</kw>
<kw name="Set Variable" owner="BuiltIn">
<msg time="2024-05-01T10:15:20.644396" level="INFO">${name_title} = Miss</msg>
<var>${name_title}</var>
<arg>${json_data["results"][0]["name"]["title"]}</arg>
<doc>Returns the given values which can then be assigned to a variables.</doc>
<status status="PASS" start="2024-05-01T10:15:20.644000" elapsed="0.000421"/>
</kw>
<kw name="Create List" owner="BuiltIn">
<msg time="2024-05-01T10:15:20.644868" level="INFO">${allowed_titles} = ['Mr', 'Ms', 'Miss', 'Mrs', 'Madame', 'Monsieur']</msg>
<var>${allowed_titles}</var>
<arg>Mr</arg>
<arg>Ms</arg>
<arg>Miss</arg>
<arg>Mrs</arg>
<arg>Madame</arg>
<arg>Monsieur</arg>
<doc>Returns a list containing given items.</doc>
<status status="PASS" start="2024-05-01T10:15:20.644721" elapsed="0.000172"/>
</kw>
<kw name="List Should Contain Value" owner="Collections">
<msg time="2024-05-01T10:15:20.645373" level="INFO">False</msg>
<arg>${allowed_titles}</arg>
<arg>${name_title}</arg>
<doc>Fails if the ``value`` is not found from ``list``.</doc>
<status status="PASS" start="2024-05-01T10:15:20.645198" elapsed="0.000212"/>
</kw>
<kw name="Set Variable" owner="BuiltIn">
<msg time="2024-05-01T10:15:20.646130" level="INFO">${name_country} = DE</msg>
<var>${name_country}</var>
<arg>${json_data["results"][0]["nat"]}</arg>
<doc>Returns the given values which can then be assigned to a variables.</doc>
<status status="PASS" start="2024-05-01T10:15:20.645737" elapsed="0.000418"/>
</kw>
<kw name="Create List" owner="BuiltIn">
<msg time="2024-05-01T10:15:20.647035" level="INFO">${list_country} = ['AD', 'AE', 'AF', 'AG', 'AI', 'AL', 'AM', 'AO', 'AQ', 'AR', 'AS', 'AT', 'AU', 'AW', 'AX', 'AZ', 'BA', 'BB', 'BD', 'BE', 'BF', 'BG', 'BH', 'BI', 'BJ', 'BL', 'BM', 'BN', 'BO', 'BQ', 'BR', 'BS', 'BT', '...</msg>
<var>${list_country}</var>
<arg>AD</arg>
<arg>AE</arg>
<arg>AF</arg>
<arg>AG</arg>
<arg>AI</arg>
<arg>AL</arg>
<arg>AM</arg>
<arg>AO</arg>
<arg>AQ</arg>
<arg>AR</arg>
<arg>AS</arg>
<arg>AT</arg>
<arg>AU</arg>
<arg>AW</arg>
<arg>AX</arg>
<arg>AZ</arg>
<arg>BA</arg>
<arg>BB</arg>
<arg>BD</arg>
<arg>BE</arg>
<arg>BF</arg>
<arg>BG</arg>
<arg>BH</arg>
<arg>BI</arg>
<arg>BJ</arg>
<arg>BL</arg>
<arg>BM</arg>
<arg>BN</arg>
<arg>BO</arg>
<arg>BQ</arg>
<arg>BR</arg>
<arg>BS</arg>
<arg>BT</arg>
<arg>BV</arg>
<arg>BW</arg>
<arg>BY</arg>
<arg>BZ</arg>
<arg>CA</arg>
<arg>CC</arg>
<arg>CD</arg>
<arg>CF</arg>
<arg>CG</arg>
<arg>CH</arg>
<arg>CI</arg>
<arg>CK</arg>
<arg>CL</arg>
<arg>CM</arg>
<arg>CN</arg>
<arg>CO</arg>
<arg>CR</arg>
<arg>CU</arg>
<arg>CV</arg>
<arg>CW</arg>
<arg>CX</arg>
<arg>CY</arg>
<arg>CZ</arg>
<arg>DE</arg>
<arg>DJ</arg>
<arg>DK</arg>
<arg>DM</arg>
<arg>DO</arg>
<arg>DZ</arg>
<arg>EC</arg>
<arg>EE</arg>
<arg>EG</arg>
<arg>EH</arg>
<arg>ER</arg>
<arg>ES</arg>
<arg>ET</arg>
<arg>FI</arg>
<arg>FJ</arg>
<arg>FK</arg>
<arg>FM</arg>
<arg>FO</arg>
<arg>FR</arg>
<arg>GA</arg>
<arg>GB</arg>
<arg>GD</arg>
<arg>GE</arg>
<arg>GF</arg>
<arg>GG</arg>
<arg>GH</arg>
<arg>GI</arg>
<arg>GL</arg>
<arg>GM</arg>
<arg>GN</arg>
<arg>GP</arg>
<arg>GQ</arg>
<arg>GR</arg>
<arg>GS</arg>
<arg>GT</arg>
<arg>GU</arg>
<arg>GW</arg>
<arg>GY</arg>
<arg>HK</arg>
<arg>HM</arg>
<arg>HN</arg>
<arg>HR</arg>
<arg>HT</arg>
<arg>HU</arg>
<arg>ID</arg>
<arg>IE</arg>
<arg>IL</arg>
<arg>IM</arg>
<arg>IN</arg>
<arg>IO</arg>
<arg>IQ</arg>
<arg>IR</arg>
<arg>IS</arg>
<arg>IT</arg>
<arg>JE</arg>
<arg>JM</arg>
<arg>JO</arg>
<arg>JP</arg>
<arg>KE</arg>
<arg>KG</arg>
<arg>KH</arg>
<arg>KI</arg>
<arg>KM</arg>
<arg>KN</arg>
<arg>KP</arg>
<arg>KR</arg>
<arg>KW</arg>
<arg>KY</arg>
<arg>KZ</arg>
<arg>LA</arg>
<arg>LB</arg>
<arg>LC</arg>
<arg>LI</arg>
<arg>LK</arg>
<arg>LR</arg>
<arg>LS</arg>
<arg>LT</arg>
<arg>LU</arg>
<arg>LV</arg>
<arg>LY</arg>
<arg>MA</arg>
<arg>MC</arg>
<arg>MD</arg>
<arg>ME</arg>
<arg>MF</arg>
<arg>MG</arg>
<arg>MH</arg>
<arg>MK</arg>
<arg>ML</arg>
<arg>MM</arg>
<arg>MN</arg>
<arg>MO</arg>
<arg>MP</arg>
<arg>MQ</arg>
<arg>MR</arg>
<arg>MS</arg>
<arg>MT</arg>
<arg>MU</arg>
<arg>MV</arg>
<arg>MW</arg>
<arg>MX</arg>
<arg>MY</arg>
<arg>MZ</arg>
<arg>NA</arg>
<arg>NC</arg>
<arg>NE</arg>
<arg>NF</arg>
<arg>NG</arg>
<arg>NI</arg>
<arg>NL</arg>
<arg>NO</arg>
<arg>NP</arg>
<arg>NR</arg>
<arg>NU</arg>
<arg>NZ</arg>
<arg>OM</arg>
<arg>PA</arg>
<arg>PE</arg>
<arg>PF</arg>
<arg>PG</arg>
<arg>PH</arg>
<arg>PK</arg>
<arg>PL</arg>
<arg>PM</arg>
<arg>PN</arg>
<arg>PR</arg>
<arg>PS</arg>
<arg>PT</arg>
<arg>PW</arg>
<arg>PY</arg>
<arg>QA</arg>
<arg>RE</arg>
<arg>RO</arg>
<arg>RS</arg>
<arg>RU</arg>
<arg>RW</arg>
<arg>SA</arg>
<arg>SB</arg>
<arg>SC</arg>
<arg>SD</arg>
<arg>SE</arg>
<arg>SG</arg>
<arg>SH</arg>
<arg>SI</arg>
<arg>SJ</arg>
<arg>SK</arg>
<arg>SL</arg>
<arg>SM</arg>
<arg>SN</arg>
<arg>SO</arg>
<arg>SR</arg>
<arg>SS</arg>
<arg>ST</arg>
<arg>SV</arg>
<arg>SX</arg>
<arg>SY</arg>
<arg>SZ</arg>
<arg>TC</arg>
<arg>TD</arg>
<arg>TF</arg>
<arg>TG</arg>
<arg>TH</arg>
<arg>TJ</arg>
<arg>TK</arg>
<arg>TL</arg>
<arg>TM</arg>
<arg>TN</arg>
<arg>TO</arg>
<arg>TR</arg>
<arg>TT</arg>
<arg>TV</arg>
<arg>TW</arg>
<arg>TZ</arg>
<arg>UA</arg>
<arg>UG</arg>
<arg>UM</arg>
<arg>US</arg>
<arg>UY</arg>
<arg>UZ</arg>
<arg>VA</arg>
<arg>VC</arg>
<arg>VE</arg>
<arg>VG</arg>
<arg>VI</arg>
<arg>VN</arg>
<arg>VU</arg>
<arg>WF</arg>
<arg>WS</arg>
<arg>XK</arg>
<arg>YE</arg>
<arg>YT</arg>
<arg>ZA</arg>
<arg>ZM</arg>
<arg>ZW</arg>
<doc>Returns a list containing given items.</doc>
<status status="PASS" start="2024-05-01T10:15:20.646454" elapsed="0.000606"/>
</kw>
<kw name="List Should Contain Value" owner="Collections">
<msg time="2024-05-01T10:15:20.648059" level="INFO">False</msg>
<arg>${list_country}</arg>
<arg>${name_country}</arg>
<doc>Fails if the ``value`` is not found from ``list``.</doc>
<status status="PASS" start="2024-05-01T10:15:20.647858" elapsed="0.000238"/>
</kw>
<kw name="Run Keyword If" owner="BuiltIn">
<kw name="Should Be True" owner="BuiltIn">
<arg>${True}</arg>
<doc>Fails if the given condition is not true.</doc>
<status status="PASS" start="2024-05-01T10:15:20.649168" elapsed="0.000258"/>
</kw>
<arg>${json_data["results"][0]["location"]["coordinates"]["latitude"]} &gt;= -90 and ${json_data["results"][0]["location"]["coordinates"]["latitude"]} &lt;= 90</arg>
<arg>Should Be True</arg>
<arg>${True}</arg>
<doc>Runs the given keyword with the given arguments, if ``condition`` is true.</doc>
<status status="PASS" start="2024-05-01T10:15:20.648407" elapsed="0.001172"/>
</kw>
<kw name="Run Keyword If" owner="BuiltIn">
<kw name="Should Be True" owner="BuiltIn">
<arg>${True}</arg>
<doc>Fails if the given condition is not true.</doc>
<status status="PASS" start="2024-05-01T10:15:20.650496" elapsed="0.000139"/>
</kw>
<arg>${json_data["results"][0]["location"]["coordinates"]["longitude"]} &gt;= -180 and ${json_data["results"][0]["location"]["coordinates"]["longitude"]} &lt;= 180</arg>
<arg>Should Be True</arg>
<arg>${True}</arg>
<doc>Runs the given keyword with the given arguments, if ``condition`` is true.</doc>
<status status="PASS" start="2024-05-01T10:15:20.649794" elapsed="0.000964"/>
</kw>
<status status="PASS" start="2024-05-01T10:15:20.552083" elapsed="0.098805"/>
</kw>
<doc>Testa o conteúdo específico dos campos retornados pela API.</doc>
<tag>testeConteudo</tag>
<status status="PASS" start="2024-05-01T10:15:20.551649" elapsed="0.099390"/>
</test>
<status status="PASS" start="2024-05-01T10:15:19.869965" elapsed="0.783015"/>
</suite>
<status status="PASS" start="2024-05-01T10:15:19.856369" elapsed="0.801808"/>
</suite>
<statistics>
<total>
<stat pass="5" fail="0" skip="0">All Tests</stat>
</total>
<tag>
<stat pass="1" fail="0" skip="0">testeConteudo</stat>
<stat pass="1" fail="0" skip="0">testeEstruturaResposta</stat>
<stat pass="1" fail="0" skip="0">testeRequisicaoBasica</stat>
<stat pass="1" fail="0" skip="0">testeTiposDados</stat>
</tag>
<suite>
<stat pass="5" fail="0" skip="0" id="s1" name="Tests">Tests</stat>
<stat pass="5" fail="0" skip="0" id="s1-s1" name="Random-User-Test">Tests.Random-User-Test</stat>
</suite>
</statistics>
<errors>
</errors>
</robot>
