<?xml version="1.0" encoding="UTF-8"?>
<robot generator="Robot 7.0.1 (Python 3.12.4 on linux)" generated="2024-07-12T01:06:44.052901" rpa="false" schemaversion="5">
<suite id="s1" name="Tests" source="/home/runner/work/ApiRandomUser/ApiRandomUser/RamdonUser/tests">
<suite id="s1-s1" name="Random-User-Test" source="/home/runner/work/ApiRandomUser/ApiRandomUser/RamdonUser/tests/random-user-test.robot">
<test id="s1-s1-t1" name="Conectar" line="13">
<kw name="Conectar API" owner="random-user-service">
<kw name="Create Session" owner="RequestsLibrary">
<msg time="2024-07-12T01:06:44.445519" level="INFO">Creating Session using : alias=consultarAPI, url=https://randomuser.me/, headers={},                     cookies={}, auth=None, timeout=None, proxies=None, verify=False,                     debug=0 </msg>
<arg>consultarAPI</arg>
<arg>${URL}</arg>
<doc>Create Session: create a HTTP session to a server</doc>
<status status="PASS" start="2024-07-12T01:06:44.445314" elapsed="0.000390"/>
</kw>
<status status="PASS" start="2024-07-12T01:06:44.444324" elapsed="0.001737"/>
</kw>
<status status="PASS" start="2024-07-12T01:06:44.443785" elapsed="0.002467"/>
</test>
<test id="s1-s1-t2" name="Validar retorno 200 e JSON Válido" line="16">
<kw name="Teste de Requisicao Basica" owner="random-user-service">
<kw name="GET On Session" owner="RequestsLibrary">
<msg time="2024-07-12T01:06:44.537583" level="INFO">GET Request : url=https://randomuser.me/api 
 path_url=/api 
 headers={'User-Agent': 'python-requests/2.32.3', 'Accept-Encoding': 'gzip, deflate', 'Accept': '*/*', 'Connection': 'keep-alive'} 
 body=None 
 </msg>
<msg time="2024-07-12T01:06:44.537724" level="INFO">GET Response : url=https://randomuser.me/api 
 status=200, reason=OK 
 headers={'Date': 'Fri, 12 Jul 2024 01:06:44 GMT', 'Content-Type': 'application/json; charset=utf-8', 'Transfer-Encoding': 'chunked', 'Connection': 'keep-alive', 'X-Powered-By': 'Express', 'Access-Control-Allow-Origin': '*', 'Cache-Control': 'no-cache', 'ETag': 'W/"48b-WELUALhpwuZmwIkRFCnJvgu5lhI"', 'Vary': 'Accept-Encoding', 'Content-Encoding': 'gzip', 'CF-Cache-Status': 'DYNAMIC', 'Report-To': '{"endpoints":[{"url":"https:\\/\\/a.nel.cloudflare.com\\/report\\/v4?s=VTBJ8ZfMZ4fL6Hg4S5jVrrmHwTg1NL6rf%2FlguyVNpJkNxk20WVRj%2Fl%2FrGWMAgkEEDFORVO9e3V0olzr1bOWqohEeO20i%2BOrACgem%2FPrRGNQWbAtZw74LQx5VmqacR%2FWF"}],"group":"cf-nel","max_age":604800}', 'NEL': '{"success_fraction":0,"report_to":"cf-nel","max_age":604800}', 'Server': 'cloudflare', 'CF-RAY': '8a1d21e409c661f0-ORD', 'alt-svc': 'h3=":443"; ma=86400'} 
 body={"results":[{"gender":"female","name":{"title":"Miss","first":"Mira","last":"Pejić"},"location":{"street":{"number":1344,"name":"Živanićeva"},"city":"Novi Sad","state":"Kosovska Mitrovica","country":"Serbia","postcode":51924,"coordinates":{"latitude":"56.9212","longitude":"172.0813"},"timezone":{"offset":"-11:00","description":"Midway Island, Samoa"}},"email":"mira.pejic@example.com","login":{"uuid":"98102f84-711d-476f-ae0c-b3ac382821a0","username":"silverpanda308","password":"50spanks","salt":"heZEA8A6","md5":"cf36efe9486801bf0009796e05cc1542","sha1":"39f22811e9c9738a61595536fed55cd5333aa476","sha256":"78070a83ba60de93e792ffe414f0a7264c6b37028c974e95be58acf7e0457135"},"dob":{"date":"1980-02-19T10:29:58.186Z","age":44},"registered":{"date":"2018-08-10T08:19:30.524Z","age":5},"phone":"021-5116-067","cell":"064-3571-412","id":{"name":"SID","value":"038052561"},"picture":{"large":"https://randomuser.me/api/portraits/women/22.jpg","medium":"https://randomuser.me/api/portraits/med/women/22.jpg","thumbnail":"https://randomuser.me/api/portraits/thumb/women/22.jpg"},"nat":"RS"}],"info":{"seed":"9a0e2beec83a95dd","results":1,"page":1,"version":"1.4"}} 
 </msg>
<msg time="2024-07-12T01:06:44.537817" level="INFO">/opt/hostedtoolcache/Python/3.12.4/x64/lib/python3.12/site-packages/urllib3/connectionpool.py:1099: InsecureRequestWarning: Unverified HTTPS request is being made to host 'randomuser.me'. Adding certificate verification is strongly advised. See: https://urllib3.readthedocs.io/en/latest/advanced-usage.html#tls-warnings
  warnings.warn(</msg>
<msg time="2024-07-12T01:06:44.537977" level="INFO">${response} = &lt;Response [200]&gt;</msg>
<var>${response}</var>
<arg>consultarAPI</arg>
<arg>/api</arg>
<doc>Sends a GET request on a previously created HTTP Session.</doc>
<status status="PASS" start="2024-07-12T01:06:44.448826" elapsed="0.089194"/>
</kw>
<kw name="Should Be Equal As Numbers" owner="BuiltIn">
<msg time="2024-07-12T01:06:44.538976" level="INFO">Argument types are:
&lt;class 'int'&gt;
&lt;class 'str'&gt;</msg>
<arg>${response.status_code}</arg>
<arg>200</arg>
<doc>Fails if objects are unequal after converting them to real numbers.</doc>
<status status="PASS" start="2024-07-12T01:06:44.538513" elapsed="0.000529"/>
</kw>
<kw name="Log" owner="BuiltIn">
<msg time="2024-07-12T01:06:44.539722" level="INFO">200</msg>
<arg>${response.status_code}</arg>
<doc>Logs the given message with the given level.</doc>
<status status="PASS" start="2024-07-12T01:06:44.539362" elapsed="0.000402"/>
</kw>
<kw name="Set Variable" owner="BuiltIn">
<msg time="2024-07-12T01:06:44.540515" level="INFO">${json_data} = {'results': [{'gender': 'female', 'name': {'title': 'Miss', 'first': 'Mira', 'last': 'Pejić'}, 'location': {'street': {'number': 1344, 'name': 'Živanićeva'}, 'city': 'Novi Sad', 'state': 'Kosovska Mit...</msg>
<var>${json_data}</var>
<arg>${response.json()}</arg>
<doc>Returns the given values which can then be assigned to a variables.</doc>
<status status="PASS" start="2024-07-12T01:06:44.540068" elapsed="0.000477"/>
</kw>
<kw name="Dictionary Should Contain Key" owner="Collections">
<arg>${json_data}</arg>
<arg>results</arg>
<doc>Fails if ``key`` is not found from ``dictionary``.</doc>
<status status="PASS" start="2024-07-12T01:06:44.540882" elapsed="0.000166"/>
</kw>
<status status="PASS" start="2024-07-12T01:06:44.448558" elapsed="0.092647"/>
</kw>
<doc>Testa se a API responde corretamente e retorna um objeto JSON válido.</doc>
<tag>testeRequisicaoBasica</tag>
<status status="PASS" start="2024-07-12T01:06:44.448112" elapsed="0.093279"/>
</test>
<test id="s1-s1-t3" name="Validar estrutura de resposta" line="22">
<kw name="Teste de Estrutura de Resposta" owner="random-user-service">
<kw name="GET On Session" owner="RequestsLibrary">
<msg time="2024-07-12T01:06:44.635240" level="INFO">GET Request : url=https://randomuser.me/api 
 path_url=/api 
 headers={'User-Agent': 'python-requests/2.32.3', 'Accept-Encoding': 'gzip, deflate', 'Accept': '*/*', 'Connection': 'keep-alive'} 
 body=None 
 </msg>
<msg time="2024-07-12T01:06:44.635345" level="INFO">GET Response : url=https://randomuser.me/api 
 status=200, reason=OK 
 headers={'Date': 'Fri, 12 Jul 2024 01:06:44 GMT', 'Content-Type': 'application/json; charset=utf-8', 'Transfer-Encoding': 'chunked', 'Connection': 'keep-alive', 'X-Powered-By': 'Express', 'Access-Control-Allow-Origin': '*', 'Cache-Control': 'no-cache', 'ETag': 'W/"4a4-L5TRtHoMOhfWCBGh1IKEZhrMGIk"', 'Vary': 'Accept-Encoding', 'Content-Encoding': 'gzip', 'CF-Cache-Status': 'DYNAMIC', 'Report-To': '{"endpoints":[{"url":"https:\\/\\/a.nel.cloudflare.com\\/report\\/v4?s=wbmOraTlV6objGDRmtLkaV7EWQqkEAk%2F53r422%2ByRwciGt4ruQiTu5r9pNO3vNmHNZRp9j%2FbyYCGCXk05UVcgGmzNRm6BKs%2FMCMEo6ObYtaPXJIiCE%2B9Shh51yhVl7uI"}],"group":"cf-nel","max_age":604800}', 'NEL': '{"success_fraction":0,"report_to":"cf-nel","max_age":604800}', 'Server': 'cloudflare', 'CF-RAY': '8a1d21e46a3e61f0-ORD', 'alt-svc': 'h3=":443"; ma=86400'} 
 body={"results":[{"gender":"female","name":{"title":"Miss","first":"Salma","last":"Miranda"},"location":{"street":{"number":5199,"name":"Continuación Baja California Sur"},"city":"Copala","state":"Queretaro","country":"Mexico","postcode":71230,"coordinates":{"latitude":"27.6391","longitude":"177.8089"},"timezone":{"offset":"-7:00","description":"Mountain Time (US &amp; Canada)"}},"email":"salma.miranda@example.com","login":{"uuid":"d903863a-a33b-4425-8514-4cc20c9de516","username":"crazyfrog783","password":"amanda","salt":"omRsjvYw","md5":"c76ab5da3df2ac929dbcc188d17828e5","sha1":"ce55af6ae14fe942430d56022eb9fda778b05d22","sha256":"8d69e0de7fe053eac86c9083bcd0f46cecc76b5446e63926761ee7c9761c9be0"},"dob":{"date":"1988-11-09T11:52:26.283Z","age":35},"registered":{"date":"2004-11-30T11:44:14.889Z","age":19},"phone":"(676) 893 1435","cell":"(628) 986 3872","id":{"name":"NSS","value":"99 78 38 7856 8"},"picture":{"large":"https://randomuser.me/api/portraits/women/1.jpg","medium":"https://randomuser.me/api/portraits/med/women/1.jpg","thumbnail":"https://randomuser.me/api/portraits/thumb/women/1.jpg"},"nat":"MX"}],"info":{"seed":"b5ff489c78d96873","results":1,"page":1,"version":"1.4"}} 
 </msg>
<msg time="2024-07-12T01:06:44.635473" level="INFO">/opt/hostedtoolcache/Python/3.12.4/x64/lib/python3.12/site-packages/urllib3/connectionpool.py:1099: InsecureRequestWarning: Unverified HTTPS request is being made to host 'randomuser.me'. Adding certificate verification is strongly advised. See: https://urllib3.readthedocs.io/en/latest/advanced-usage.html#tls-warnings
  warnings.warn(</msg>
<msg time="2024-07-12T01:06:44.635616" level="INFO">${response} = &lt;Response [200]&gt;</msg>
<var>${response}</var>
<arg>consultarAPI</arg>
<arg>/api</arg>
<doc>Sends a GET request on a previously created HTTP Session.</doc>
<status status="PASS" start="2024-07-12T01:06:44.544028" elapsed="0.091631"/>
</kw>
<kw name="Set Variable" owner="BuiltIn">
<msg time="2024-07-12T01:06:44.636650" level="INFO">${json_data} = {'results': [{'gender': 'female', 'name': {'title': 'Miss', 'first': 'Salma', 'last': 'Miranda'}, 'location': {'street': {'number': 5199, 'name': 'Continuación Baja California Sur'}, 'city': 'Copala',...</msg>
<var>${json_data}</var>
<arg>${response.json()}</arg>
<doc>Returns the given values which can then be assigned to a variables.</doc>
<status status="PASS" start="2024-07-12T01:06:44.636134" elapsed="0.000576"/>
</kw>
<kw name="Log" owner="BuiltIn">
<msg time="2024-07-12T01:06:44.637192" level="INFO">{'results': [{'gender': 'female', 'name': {'title': 'Miss', 'first': 'Salma', 'last': 'Miranda'}, 'location': {'street': {'number': 5199, 'name': 'Continuación Baja California Sur'}, 'city': 'Copala', 'state': 'Queretaro', 'country': 'Mexico', 'postcode': 71230, 'coordinates': {'latitude': '27.6391', 'longitude': '177.8089'}, 'timezone': {'offset': '-7:00', 'description': 'Mountain Time (US &amp; Canada)'}}, 'email': 'salma.miranda@example.com', 'login': {'uuid': 'd903863a-a33b-4425-8514-4cc20c9de516', 'username': 'crazyfrog783', 'password': 'amanda', 'salt': 'omRsjvYw', 'md5': 'c76ab5da3df2ac929dbcc188d17828e5', 'sha1': 'ce55af6ae14fe942430d56022eb9fda778b05d22', 'sha256': '8d69e0de7fe053eac86c9083bcd0f46cecc76b5446e63926761ee7c9761c9be0'}, 'dob': {'date': '1988-11-09T11:52:26.283Z', 'age': 35}, 'registered': {'date': '2004-11-30T11:44:14.889Z', 'age': 19}, 'phone': '(676) 893 1435', 'cell': '(628) 986 3872', 'id': {'name': 'NSS', 'value': '99 78 38 7856 8'}, 'picture': {'large': 'https://randomuser.me/api/portraits/women/1.jpg', 'medium': 'https://randomuser.me/api/portraits/med/women/1.jpg', 'thumbnail': 'https://randomuser.me/api/portraits/thumb/women/1.jpg'}, 'nat': 'MX'}], 'info': {'seed': 'b5ff489c78d96873', 'results': 1, 'page': 1, 'version': '1.4'}}</msg>
<arg>${json_data}</arg>
<doc>Logs the given message with the given level.</doc>
<status status="PASS" start="2024-07-12T01:06:44.637029" elapsed="0.000215"/>
</kw>
<kw name="Dictionary Should Contain Key" owner="Collections">
<arg>${json_data}</arg>
<arg>results</arg>
<doc>Fails if ``key`` is not found from ``dictionary``.</doc>
<status status="PASS" start="2024-07-12T01:06:44.637538" elapsed="0.000160"/>
</kw>
<kw name="Should Not Be Empty" owner="BuiltIn">
<msg time="2024-07-12T01:06:44.638019" level="INFO">Length is 2.</msg>
<arg>${json_data}</arg>
<doc>Verifies that the given item is not empty.</doc>
<status status="PASS" start="2024-07-12T01:06:44.637888" elapsed="0.000169"/>
</kw>
<kw name="Create List" owner="BuiltIn">
<msg time="2024-07-12T01:06:44.638651" level="INFO">${expected_keys} = ['gender', 'name', 'location', 'email', 'login']</msg>
<var>${expected_keys}</var>
<arg>gender</arg>
<arg>name</arg>
<arg>location</arg>
<arg>email</arg>
<arg>login</arg>
<doc>Returns a list containing given items.</doc>
<status status="PASS" start="2024-07-12T01:06:44.638347" elapsed="0.000330"/>
</kw>
<for flavor="IN">
<iter>
<kw name="Dictionary Should Contain Key" owner="Collections">
<arg>${json_data['results'][0]}</arg>
<arg>${key}</arg>
<doc>Fails if ``key`` is not found from ``dictionary``.</doc>
<status status="PASS" start="2024-07-12T01:06:44.639264" elapsed="0.000404"/>
</kw>
<kw name="Log" owner="BuiltIn">
<msg time="2024-07-12T01:06:44.640218" level="INFO">{'gender': 'female', 'name': {'title': 'Miss', 'first': 'Salma', 'last': 'Miranda'}, 'location': {'street': {'number': 5199, 'name': 'Continuación Baja California Sur'}, 'city': 'Copala', 'state': 'Queretaro', 'country': 'Mexico', 'postcode': 71230, 'coordinates': {'latitude': '27.6391', 'longitude': '177.8089'}, 'timezone': {'offset': '-7:00', 'description': 'Mountain Time (US &amp; Canada)'}}, 'email': 'salma.miranda@example.com', 'login': {'uuid': 'd903863a-a33b-4425-8514-4cc20c9de516', 'username': 'crazyfrog783', 'password': 'amanda', 'salt': 'omRsjvYw', 'md5': 'c76ab5da3df2ac929dbcc188d17828e5', 'sha1': 'ce55af6ae14fe942430d56022eb9fda778b05d22', 'sha256': '8d69e0de7fe053eac86c9083bcd0f46cecc76b5446e63926761ee7c9761c9be0'}, 'dob': {'date': '1988-11-09T11:52:26.283Z', 'age': 35}, 'registered': {'date': '2004-11-30T11:44:14.889Z', 'age': 19}, 'phone': '(676) 893 1435', 'cell': '(628) 986 3872', 'id': {'name': 'NSS', 'value': '99 78 38 7856 8'}, 'picture': {'large': 'https://randomuser.me/api/portraits/women/1.jpg', 'medium': 'https://randomuser.me/api/portraits/med/women/1.jpg', 'thumbnail': 'https://randomuser.me/api/portraits/thumb/women/1.jpg'}, 'nat': 'MX'}</msg>
<arg>${json_data['results'][0]}</arg>
<doc>Logs the given message with the given level.</doc>
<status status="PASS" start="2024-07-12T01:06:44.639855" elapsed="0.000416"/>
</kw>
<kw name="Log" owner="BuiltIn">
<msg time="2024-07-12T01:06:44.640725" level="INFO">gender</msg>
<arg>${key}</arg>
<doc>Logs the given message with the given level.</doc>
<status status="PASS" start="2024-07-12T01:06:44.640575" elapsed="0.000189"/>
</kw>
<var name="${key}">gender</var>
<status status="PASS" start="2024-07-12T01:06:44.639138" elapsed="0.001845"/>
</iter>
<iter>
<kw name="Dictionary Should Contain Key" owner="Collections">
<arg>${json_data['results'][0]}</arg>
<arg>${key}</arg>
<doc>Fails if ``key`` is not found from ``dictionary``.</doc>
<status status="PASS" start="2024-07-12T01:06:44.641281" elapsed="0.000396"/>
</kw>
<kw name="Log" owner="BuiltIn">
<msg time="2024-07-12T01:06:44.642264" level="INFO">{'gender': 'female', 'name': {'title': 'Miss', 'first': 'Salma', 'last': 'Miranda'}, 'location': {'street': {'number': 5199, 'name': 'Continuación Baja California Sur'}, 'city': 'Copala', 'state': 'Queretaro', 'country': 'Mexico', 'postcode': 71230, 'coordinates': {'latitude': '27.6391', 'longitude': '177.8089'}, 'timezone': {'offset': '-7:00', 'description': 'Mountain Time (US &amp; Canada)'}}, 'email': 'salma.miranda@example.com', 'login': {'uuid': 'd903863a-a33b-4425-8514-4cc20c9de516', 'username': 'crazyfrog783', 'password': 'amanda', 'salt': 'omRsjvYw', 'md5': 'c76ab5da3df2ac929dbcc188d17828e5', 'sha1': 'ce55af6ae14fe942430d56022eb9fda778b05d22', 'sha256': '8d69e0de7fe053eac86c9083bcd0f46cecc76b5446e63926761ee7c9761c9be0'}, 'dob': {'date': '1988-11-09T11:52:26.283Z', 'age': 35}, 'registered': {'date': '2004-11-30T11:44:14.889Z', 'age': 19}, 'phone': '(676) 893 1435', 'cell': '(628) 986 3872', 'id': {'name': 'NSS', 'value': '99 78 38 7856 8'}, 'picture': {'large': 'https://randomuser.me/api/portraits/women/1.jpg', 'medium': 'https://randomuser.me/api/portraits/med/women/1.jpg', 'thumbnail': 'https://randomuser.me/api/portraits/thumb/women/1.jpg'}, 'nat': 'MX'}</msg>
<arg>${json_data['results'][0]}</arg>
<doc>Logs the given message with the given level.</doc>
<status status="PASS" start="2024-07-12T01:06:44.641895" elapsed="0.000423"/>
</kw>
<kw name="Log" owner="BuiltIn">
<msg time="2024-07-12T01:06:44.642744" level="INFO">name</msg>
<arg>${key}</arg>
<doc>Logs the given message with the given level.</doc>
<status status="PASS" start="2024-07-12T01:06:44.642618" elapsed="0.000162"/>
</kw>
<var name="${key}">name</var>
<status status="PASS" start="2024-07-12T01:06:44.641168" elapsed="0.001828"/>
</iter>
<iter>
<kw name="Dictionary Should Contain Key" owner="Collections">
<arg>${json_data['results'][0]}</arg>
<arg>${key}</arg>
<doc>Fails if ``key`` is not found from ``dictionary``.</doc>
<status status="PASS" start="2024-07-12T01:06:44.643285" elapsed="0.000386"/>
</kw>
<kw name="Log" owner="BuiltIn">
<msg time="2024-07-12T01:06:44.644211" level="INFO">{'gender': 'female', 'name': {'title': 'Miss', 'first': 'Salma', 'last': 'Miranda'}, 'location': {'street': {'number': 5199, 'name': 'Continuación Baja California Sur'}, 'city': 'Copala', 'state': 'Queretaro', 'country': 'Mexico', 'postcode': 71230, 'coordinates': {'latitude': '27.6391', 'longitude': '177.8089'}, 'timezone': {'offset': '-7:00', 'description': 'Mountain Time (US &amp; Canada)'}}, 'email': 'salma.miranda@example.com', 'login': {'uuid': 'd903863a-a33b-4425-8514-4cc20c9de516', 'username': 'crazyfrog783', 'password': 'amanda', 'salt': 'omRsjvYw', 'md5': 'c76ab5da3df2ac929dbcc188d17828e5', 'sha1': 'ce55af6ae14fe942430d56022eb9fda778b05d22', 'sha256': '8d69e0de7fe053eac86c9083bcd0f46cecc76b5446e63926761ee7c9761c9be0'}, 'dob': {'date': '1988-11-09T11:52:26.283Z', 'age': 35}, 'registered': {'date': '2004-11-30T11:44:14.889Z', 'age': 19}, 'phone': '(676) 893 1435', 'cell': '(628) 986 3872', 'id': {'name': 'NSS', 'value': '99 78 38 7856 8'}, 'picture': {'large': 'https://randomuser.me/api/portraits/women/1.jpg', 'medium': 'https://randomuser.me/api/portraits/med/women/1.jpg', 'thumbnail': 'https://randomuser.me/api/portraits/thumb/women/1.jpg'}, 'nat': 'MX'}</msg>
<arg>${json_data['results'][0]}</arg>
<doc>Logs the given message with the given level.</doc>
<status status="PASS" start="2024-07-12T01:06:44.643859" elapsed="0.000403"/>
</kw>
<kw name="Log" owner="BuiltIn">
<msg time="2024-07-12T01:06:44.644705" level="INFO">location</msg>
<arg>${key}</arg>
<doc>Logs the given message with the given level.</doc>
<status status="PASS" start="2024-07-12T01:06:44.644558" elapsed="0.000185"/>
</kw>
<var name="${key}">location</var>
<status status="PASS" start="2024-07-12T01:06:44.643173" elapsed="0.001795"/>
</iter>
<iter>
<kw name="Dictionary Should Contain Key" owner="Collections">
<arg>${json_data['results'][0]}</arg>
<arg>${key}</arg>
<doc>Fails if ``key`` is not found from ``dictionary``.</doc>
<status status="PASS" start="2024-07-12T01:06:44.645246" elapsed="0.000385"/>
</kw>
<kw name="Log" owner="BuiltIn">
<msg time="2024-07-12T01:06:44.646168" level="INFO">{'gender': 'female', 'name': {'title': 'Miss', 'first': 'Salma', 'last': 'Miranda'}, 'location': {'street': {'number': 5199, 'name': 'Continuación Baja California Sur'}, 'city': 'Copala', 'state': 'Queretaro', 'country': 'Mexico', 'postcode': 71230, 'coordinates': {'latitude': '27.6391', 'longitude': '177.8089'}, 'timezone': {'offset': '-7:00', 'description': 'Mountain Time (US &amp; Canada)'}}, 'email': 'salma.miranda@example.com', 'login': {'uuid': 'd903863a-a33b-4425-8514-4cc20c9de516', 'username': 'crazyfrog783', 'password': 'amanda', 'salt': 'omRsjvYw', 'md5': 'c76ab5da3df2ac929dbcc188d17828e5', 'sha1': 'ce55af6ae14fe942430d56022eb9fda778b05d22', 'sha256': '8d69e0de7fe053eac86c9083bcd0f46cecc76b5446e63926761ee7c9761c9be0'}, 'dob': {'date': '1988-11-09T11:52:26.283Z', 'age': 35}, 'registered': {'date': '2004-11-30T11:44:14.889Z', 'age': 19}, 'phone': '(676) 893 1435', 'cell': '(628) 986 3872', 'id': {'name': 'NSS', 'value': '99 78 38 7856 8'}, 'picture': {'large': 'https://randomuser.me/api/portraits/women/1.jpg', 'medium': 'https://randomuser.me/api/portraits/med/women/1.jpg', 'thumbnail': 'https://randomuser.me/api/portraits/thumb/women/1.jpg'}, 'nat': 'MX'}</msg>
<arg>${json_data['results'][0]}</arg>
<doc>Logs the given message with the given level.</doc>
<status status="PASS" start="2024-07-12T01:06:44.645817" elapsed="0.000403"/>
</kw>
<kw name="Log" owner="BuiltIn">
<msg time="2024-07-12T01:06:44.646645" level="INFO">email</msg>
<arg>${key}</arg>
<doc>Logs the given message with the given level.</doc>
<status status="PASS" start="2024-07-12T01:06:44.646515" elapsed="0.000168"/>
</kw>
<var name="${key}">email</var>
<status status="PASS" start="2024-07-12T01:06:44.645137" elapsed="0.001759"/>
</iter>
<iter>
<kw name="Dictionary Should Contain Key" owner="Collections">
<arg>${json_data['results'][0]}</arg>
<arg>${key}</arg>
<doc>Fails if ``key`` is not found from ``dictionary``.</doc>
<status status="PASS" start="2024-07-12T01:06:44.647180" elapsed="0.000390"/>
</kw>
<kw name="Log" owner="BuiltIn">
<msg time="2024-07-12T01:06:44.648113" level="INFO">{'gender': 'female', 'name': {'title': 'Miss', 'first': 'Salma', 'last': 'Miranda'}, 'location': {'street': {'number': 5199, 'name': 'Continuación Baja California Sur'}, 'city': 'Copala', 'state': 'Queretaro', 'country': 'Mexico', 'postcode': 71230, 'coordinates': {'latitude': '27.6391', 'longitude': '177.8089'}, 'timezone': {'offset': '-7:00', 'description': 'Mountain Time (US &amp; Canada)'}}, 'email': 'salma.miranda@example.com', 'login': {'uuid': 'd903863a-a33b-4425-8514-4cc20c9de516', 'username': 'crazyfrog783', 'password': 'amanda', 'salt': 'omRsjvYw', 'md5': 'c76ab5da3df2ac929dbcc188d17828e5', 'sha1': 'ce55af6ae14fe942430d56022eb9fda778b05d22', 'sha256': '8d69e0de7fe053eac86c9083bcd0f46cecc76b5446e63926761ee7c9761c9be0'}, 'dob': {'date': '1988-11-09T11:52:26.283Z', 'age': 35}, 'registered': {'date': '2004-11-30T11:44:14.889Z', 'age': 19}, 'phone': '(676) 893 1435', 'cell': '(628) 986 3872', 'id': {'name': 'NSS', 'value': '99 78 38 7856 8'}, 'picture': {'large': 'https://randomuser.me/api/portraits/women/1.jpg', 'medium': 'https://randomuser.me/api/portraits/med/women/1.jpg', 'thumbnail': 'https://randomuser.me/api/portraits/thumb/women/1.jpg'}, 'nat': 'MX'}</msg>
<arg>${json_data['results'][0]}</arg>
<doc>Logs the given message with the given level.</doc>
<status status="PASS" start="2024-07-12T01:06:44.647753" elapsed="0.000413"/>
</kw>
<kw name="Log" owner="BuiltIn">
<msg time="2024-07-12T01:06:44.648585" level="INFO">login</msg>
<arg>${key}</arg>
<doc>Logs the given message with the given level.</doc>
<status status="PASS" start="2024-07-12T01:06:44.648458" elapsed="0.000164"/>
</kw>
<var name="${key}">login</var>
<status status="PASS" start="2024-07-12T01:06:44.647065" elapsed="0.001803"/>
</iter>
<var>${key}</var>
<value>@{expected_keys}</value>
<status status="PASS" start="2024-07-12T01:06:44.638943" elapsed="0.010072"/>
</for>
<kw name="Create List" owner="BuiltIn">
<msg time="2024-07-12T01:06:44.649353" level="INFO">${expected_keysTwo} = ['username', 'password']</msg>
<var>${expected_keysTwo}</var>
<arg>username</arg>
<arg>password</arg>
<doc>Returns a list containing given items.</doc>
<status status="PASS" start="2024-07-12T01:06:44.649213" elapsed="0.000165"/>
</kw>
<for flavor="IN">
<iter>
<kw name="Dictionary Should Contain Key" owner="Collections">
<arg>${json_data['results'][0]['login']}</arg>
<arg>${keyTwo}</arg>
<doc>Fails if ``key`` is not found from ``dictionary``.</doc>
<status status="PASS" start="2024-07-12T01:06:44.649873" elapsed="0.000383"/>
</kw>
<kw name="Dictionary Should Contain Key" owner="Collections">
<arg>${json_data['results'][0]['login']}</arg>
<arg>${keyTwo}</arg>
<doc>Fails if ``key`` is not found from ``dictionary``.</doc>
<status status="PASS" start="2024-07-12T01:06:44.650439" elapsed="0.000371"/>
</kw>
<kw name="Log" owner="BuiltIn">
<msg time="2024-07-12T01:06:44.651114" level="INFO">username</msg>
<arg>${keyTwo}</arg>
<doc>Logs the given message with the given level.</doc>
<status status="PASS" start="2024-07-12T01:06:44.650994" elapsed="0.000156"/>
</kw>
<var name="${keyTwo}">username</var>
<status status="PASS" start="2024-07-12T01:06:44.649765" elapsed="0.001609"/>
</iter>
<iter>
<kw name="Dictionary Should Contain Key" owner="Collections">
<arg>${json_data['results'][0]['login']}</arg>
<arg>${keyTwo}</arg>
<doc>Fails if ``key`` is not found from ``dictionary``.</doc>
<status status="PASS" start="2024-07-12T01:06:44.651656" elapsed="0.000390"/>
</kw>
<kw name="Dictionary Should Contain Key" owner="Collections">
<arg>${json_data['results'][0]['login']}</arg>
<arg>${keyTwo}</arg>
<doc>Fails if ``key`` is not found from ``dictionary``.</doc>
<status status="PASS" start="2024-07-12T01:06:44.652225" elapsed="0.000371"/>
</kw>
<kw name="Log" owner="BuiltIn">
<msg time="2024-07-12T01:06:44.652930" level="INFO">password</msg>
<arg>${keyTwo}</arg>
<doc>Logs the given message with the given level.</doc>
<status status="PASS" start="2024-07-12T01:06:44.652808" elapsed="0.000164"/>
</kw>
<var name="${keyTwo}">password</var>
<status status="PASS" start="2024-07-12T01:06:44.651547" elapsed="0.001736"/>
</iter>
<var>${keyTwo}</var>
<value>@{expected_keysTwo}</value>
<status status="PASS" start="2024-07-12T01:06:44.649615" elapsed="0.003789"/>
</for>
<status status="PASS" start="2024-07-12T01:06:44.543793" elapsed="0.109755"/>
</kw>
<doc>Testa a estrutura da resposta da API.</doc>
<tag>testeEstruturaResposta</tag>
<status status="PASS" start="2024-07-12T01:06:44.543261" elapsed="0.110444"/>
</test>
<test id="s1-s1-t4" name="Validar tipos de dados" line="28">
<kw name="Teste de Tipos de Dados" owner="random-user-service">
<kw name="GET On Session" owner="RequestsLibrary">
<msg time="2024-07-12T01:06:44.734417" level="INFO">GET Request : url=https://randomuser.me/api 
 path_url=/api 
 headers={'User-Agent': 'python-requests/2.32.3', 'Accept-Encoding': 'gzip, deflate', 'Accept': '*/*', 'Connection': 'keep-alive'} 
 body=None 
 </msg>
<msg time="2024-07-12T01:06:44.734508" level="INFO">GET Response : url=https://randomuser.me/api 
 status=200, reason=OK 
 headers={'Date': 'Fri, 12 Jul 2024 01:06:44 GMT', 'Content-Type': 'application/json; charset=utf-8', 'Transfer-Encoding': 'chunked', 'Connection': 'keep-alive', 'X-Powered-By': 'Express', 'Access-Control-Allow-Origin': '*', 'Cache-Control': 'no-cache', 'ETag': 'W/"49b-pVpKrjf8+TxLECk6DDSslmJeza0"', 'Vary': 'Accept-Encoding', 'Content-Encoding': 'gzip', 'CF-Cache-Status': 'DYNAMIC', 'Report-To': '{"endpoints":[{"url":"https:\\/\\/a.nel.cloudflare.com\\/report\\/v4?s=CPoQupx4b3A%2BLwDVA2%2F6qNxbgmRITTOJeaoei%2BjWM2c4HI4bRz5DE7pYeSVZSAK2IE%2Fzik9eCMNxo76jY8rcR0gMD5MSCuBCcPrZIe7c4f7WiAYWtyl12N22SqE00YtE"}],"group":"cf-nel","max_age":604800}', 'NEL': '{"success_fraction":0,"report_to":"cf-nel","max_age":604800}', 'Server': 'cloudflare', 'CF-RAY': '8a1d21e51af761f0-ORD', 'alt-svc': 'h3=":443"; ma=86400'} 
 body={"results":[{"gender":"male","name":{"title":"Monsieur","first":"Adam","last":"Jean"},"location":{"street":{"number":5297,"name":"Rue de L'Abbé-Groult"},"city":"Ferden","state":"Graubünden","country":"Switzerland","postcode":3850,"coordinates":{"latitude":"-57.6360","longitude":"-59.9051"},"timezone":{"offset":"-7:00","description":"Mountain Time (US &amp; Canada)"}},"email":"adam.jean@example.com","login":{"uuid":"07288462-6f04-4b04-90e1-d41f5b694ede","username":"tinybutterfly875","password":"1234abcd","salt":"y0brTbru","md5":"73f26639e1f16492a004c89096ebcb08","sha1":"0800c0c95527302de157e355e377f29e8155208f","sha256":"ec56f1f0c19b5ba9db72579b7e316a28c052e3351d6e611c7b85d601909b5a35"},"dob":{"date":"1960-07-22T21:54:46.113Z","age":63},"registered":{"date":"2004-08-24T18:23:25.971Z","age":19},"phone":"078 353 98 92","cell":"075 886 27 28","id":{"name":"AVS","value":"756.5456.1757.95"},"picture":{"large":"https://randomuser.me/api/portraits/men/96.jpg","medium":"https://randomuser.me/api/portraits/med/men/96.jpg","thumbnail":"https://randomuser.me/api/portraits/thumb/men/96.jpg"},"nat":"CH"}],"info":{"seed":"2f80aaa213873212","results":1,"page":1,"version":"1.4"}} 
 </msg>
<msg time="2024-07-12T01:06:44.734588" level="INFO">/opt/hostedtoolcache/Python/3.12.4/x64/lib/python3.12/site-packages/urllib3/connectionpool.py:1099: InsecureRequestWarning: Unverified HTTPS request is being made to host 'randomuser.me'. Adding certificate verification is strongly advised. See: https://urllib3.readthedocs.io/en/latest/advanced-usage.html#tls-warnings
  warnings.warn(</msg>
<msg time="2024-07-12T01:06:44.734689" level="INFO">${response} = &lt;Response [200]&gt;</msg>
<var>${response}</var>
<arg>consultarAPI</arg>
<arg>/api</arg>
<doc>Sends a GET request on a previously created HTTP Session.</doc>
<status status="PASS" start="2024-07-12T01:06:44.656184" elapsed="0.078537"/>
</kw>
<kw name="Set Variable" owner="BuiltIn">
<msg time="2024-07-12T01:06:44.735726" level="INFO">${json_data} = {'results': [{'gender': 'male', 'name': {'title': 'Monsieur', 'first': 'Adam', 'last': 'Jean'}, 'location': {'street': {'number': 5297, 'name': "Rue de L'Abbé-Groult"}, 'city': 'Ferden', 'state': 'Gra...</msg>
<var>${json_data}</var>
<arg>${response.json()}</arg>
<doc>Returns the given values which can then be assigned to a variables.</doc>
<status status="PASS" start="2024-07-12T01:06:44.735193" elapsed="0.000563"/>
</kw>
<kw name="Log" owner="BuiltIn">
<msg time="2024-07-12T01:06:44.736242" level="INFO">{'results': [{'gender': 'male', 'name': {'title': 'Monsieur', 'first': 'Adam', 'last': 'Jean'}, 'location': {'street': {'number': 5297, 'name': "Rue de L'Abbé-Groult"}, 'city': 'Ferden', 'state': 'Graubünden', 'country': 'Switzerland', 'postcode': 3850, 'coordinates': {'latitude': '-57.6360', 'longitude': '-59.9051'}, 'timezone': {'offset': '-7:00', 'description': 'Mountain Time (US &amp; Canada)'}}, 'email': 'adam.jean@example.com', 'login': {'uuid': '07288462-6f04-4b04-90e1-d41f5b694ede', 'username': 'tinybutterfly875', 'password': '1234abcd', 'salt': 'y0brTbru', 'md5': '73f26639e1f16492a004c89096ebcb08', 'sha1': '0800c0c95527302de157e355e377f29e8155208f', 'sha256': 'ec56f1f0c19b5ba9db72579b7e316a28c052e3351d6e611c7b85d601909b5a35'}, 'dob': {'date': '1960-07-22T21:54:46.113Z', 'age': 63}, 'registered': {'date': '2004-08-24T18:23:25.971Z', 'age': 19}, 'phone': '078 353 98 92', 'cell': '075 886 27 28', 'id': {'name': 'AVS', 'value': '756.5456.1757.95'}, 'picture': {'large': 'https://randomuser.me/api/portraits/men/96.jpg', 'medium': 'https://randomuser.me/api/portraits/med/men/96.jpg', 'thumbnail': 'https://randomuser.me/api/portraits/thumb/men/96.jpg'}, 'nat': 'CH'}], 'info': {'seed': '2f80aaa213873212', 'results': 1, 'page': 1, 'version': '1.4'}}</msg>
<arg>${json_data}</arg>
<doc>Logs the given message with the given level.</doc>
<status status="PASS" start="2024-07-12T01:06:44.736082" elapsed="0.000213"/>
</kw>
<kw name="Should Be String" owner="String">
<arg>${json_data['results'][0]['gender']}</arg>
<doc>Fails if the given ``item`` is not a string.</doc>
<status status="PASS" start="2024-07-12T01:06:44.736596" elapsed="0.000396"/>
</kw>
<kw name="Should Match Regexp" owner="BuiltIn">
<arg>${json_data['results'][0]['email']}</arg>
<arg>^[a-zA-Z0-9._%+-]+@[a-zA-Z0-9.-]+\.[a-zA-Z]{2,}$</arg>
<doc>Fails if ``string`` does not match ``pattern`` as a regular expression.</doc>
<status status="PASS" start="2024-07-12T01:06:44.737224" elapsed="0.000530"/>
</kw>
<kw name="Should Match Regexp" owner="BuiltIn">
<arg>${json_data['results'][0]['dob']['date']}</arg>
<arg>\\d{4}-\\d{2}-\\d{2}T\\d{2}:\\d{2}:\\d{2}\\.\\d{3}Z</arg>
<doc>Fails if ``string`` does not match ``pattern`` as a regular expression.</doc>
<status status="PASS" start="2024-07-12T01:06:44.737958" elapsed="0.000486"/>
</kw>
<kw name="Should Match Regexp" owner="BuiltIn">
<arg>${json_data['results'][0]['registered']['date']}</arg>
<arg>\\d{4}-\\d{2}-\\d{2}T\\d{2}:\\d{2}:\\d{2}\\.\\d{3}Z</arg>
<doc>Fails if ``string`` does not match ``pattern`` as a regular expression.</doc>
<status status="PASS" start="2024-07-12T01:06:44.738633" elapsed="0.000363"/>
</kw>
<kw name="Should Match Regexp" owner="BuiltIn">
<arg>${json_data['results'][0]['picture']['large']}</arg>
<arg>^https?://.*\.(?:png|jpe?g|gif|bmp)$</arg>
<doc>Fails if ``string`` does not match ``pattern`` as a regular expression.</doc>
<status status="PASS" start="2024-07-12T01:06:44.739180" elapsed="0.000460"/>
</kw>
<kw name="Should Match Regexp" owner="BuiltIn">
<arg>${json_data['results'][0]['picture']['medium']}</arg>
<arg>^https?://.*\.(?:png|jpe?g|gif|bmp)$</arg>
<doc>Fails if ``string`` does not match ``pattern`` as a regular expression.</doc>
<status status="PASS" start="2024-07-12T01:06:44.739826" elapsed="0.000354"/>
</kw>
<kw name="Should Match Regexp" owner="BuiltIn">
<arg>${json_data['results'][0]['picture']['thumbnail']}</arg>
<arg>^https?://.*\.(?:png|jpe?g|gif|bmp)$</arg>
<doc>Fails if ``string`` does not match ``pattern`` as a regular expression.</doc>
<status status="PASS" start="2024-07-12T01:06:44.740364" elapsed="0.000373"/>
</kw>
<kw name="Log" owner="BuiltIn">
<msg time="2024-07-12T01:06:44.741267" level="INFO">{'large': 'https://randomuser.me/api/portraits/men/96.jpg', 'medium': 'https://randomuser.me/api/portraits/med/men/96.jpg', 'thumbnail': 'https://randomuser.me/api/portraits/thumb/men/96.jpg'}</msg>
<arg>${json_data['results'][0]['picture']}</arg>
<doc>Logs the given message with the given level.</doc>
<status status="PASS" start="2024-07-12T01:06:44.740931" elapsed="0.000378"/>
</kw>
<status status="PASS" start="2024-07-12T01:06:44.655958" elapsed="0.085609"/>
</kw>
<kw name="Teste de Tipos de Dados - Postcode" owner="random-user-service">
<kw name="GET On Session" owner="RequestsLibrary">
<msg time="2024-07-12T01:06:44.844812" level="INFO">GET Request : url=https://randomuser.me/api 
 path_url=/api 
 headers={'User-Agent': 'python-requests/2.32.3', 'Accept-Encoding': 'gzip, deflate', 'Accept': '*/*', 'Connection': 'keep-alive'} 
 body=None 
 </msg>
<msg time="2024-07-12T01:06:44.844882" level="INFO">GET Response : url=https://randomuser.me/api 
 status=200, reason=OK 
 headers={'Date': 'Fri, 12 Jul 2024 01:06:44 GMT', 'Content-Type': 'application/json; charset=utf-8', 'Transfer-Encoding': 'chunked', 'Connection': 'keep-alive', 'X-Powered-By': 'Express', 'Access-Control-Allow-Origin': '*', 'Cache-Control': 'no-cache', 'ETag': 'W/"467-0QcCCvhbdOgcV/w/6gjh+BfdQWA"', 'Vary': 'Accept-Encoding', 'Content-Encoding': 'gzip', 'CF-Cache-Status': 'DYNAMIC', 'Report-To': '{"endpoints":[{"url":"https:\\/\\/a.nel.cloudflare.com\\/report\\/v4?s=zxKmRf8BLYX%2Bqgf%2BVwvdLleRtz8r7zViUBoXqGjyxnYrm8wTI3INywx6%2BKEIAuQZUn8iYgPPTbNuUPmT9YtEVP1pIBXpnaLE1YG8JhRfRxpPG8dZn7hrsqvt9zwsmfxk"}],"group":"cf-nel","max_age":604800}', 'NEL': '{"success_fraction":0,"report_to":"cf-nel","max_age":604800}', 'Server': 'cloudflare', 'CF-RAY': '8a1d21e5ab9661f0-ORD', 'alt-svc': 'h3=":443"; ma=86400'} 
 body={"results":[{"gender":"male","name":{"title":"Mr","first":"James","last":"Jones"},"location":{"street":{"number":1396,"name":"Manor Road"},"city":"Westport","state":"Roscommon","country":"Ireland","postcode":88159,"coordinates":{"latitude":"1.6777","longitude":"-139.4989"},"timezone":{"offset":"-2:00","description":"Mid-Atlantic"}},"email":"james.jones@example.com","login":{"uuid":"77626fcd-9280-4c37-9542-9260254abf2b","username":"crazydog610","password":"facial","salt":"JlGaUmDL","md5":"2c9a3b3af75c3e8229d1db9c37776d73","sha1":"f84ceaf2f1a3dfb5151271b7fbacf2b7b5aae39b","sha256":"4a8041b63aba65eacc02e0788c3ed8fa71b63a3c58fbcc76057401506ba5cd45"},"dob":{"date":"1952-01-11T12:52:52.049Z","age":72},"registered":{"date":"2009-11-20T10:34:29.917Z","age":14},"phone":"021-326-7917","cell":"081-986-5963","id":{"name":"PPS","value":"0820801T"},"picture":{"large":"https://randomuser.me/api/portraits/men/5.jpg","medium":"https://randomuser.me/api/portraits/med/men/5.jpg","thumbnail":"https://randomuser.me/api/portraits/thumb/men/5.jpg"},"nat":"IE"}],"info":{"seed":"f6080f90ef7c9868","results":1,"page":1,"version":"1.4"}} 
 </msg>
<msg time="2024-07-12T01:06:44.844948" level="INFO">/opt/hostedtoolcache/Python/3.12.4/x64/lib/python3.12/site-packages/urllib3/connectionpool.py:1099: InsecureRequestWarning: Unverified HTTPS request is being made to host 'randomuser.me'. Adding certificate verification is strongly advised. See: https://urllib3.readthedocs.io/en/latest/advanced-usage.html#tls-warnings
  warnings.warn(</msg>
<msg time="2024-07-12T01:06:44.845039" level="INFO">${response} = &lt;Response [200]&gt;</msg>
<var>${response}</var>
<arg>consultarAPI</arg>
<arg>/api</arg>
<doc>Sends a GET request on a previously created HTTP Session.</doc>
<status status="PASS" start="2024-07-12T01:06:44.742018" elapsed="0.103048"/>
</kw>
<kw name="Set Variable" owner="BuiltIn">
<msg time="2024-07-12T01:06:44.845968" level="INFO">${json_data} = {'results': [{'gender': 'male', 'name': {'title': 'Mr', 'first': 'James', 'last': 'Jones'}, 'location': {'street': {'number': 1396, 'name': 'Manor Road'}, 'city': 'Westport', 'state': 'Roscommon', 'co...</msg>
<var>${json_data}</var>
<arg>${response.json()}</arg>
<doc>Returns the given values which can then be assigned to a variables.</doc>
<status status="PASS" start="2024-07-12T01:06:44.845477" elapsed="0.000520"/>
</kw>
<kw name="Log" owner="BuiltIn">
<msg time="2024-07-12T01:06:44.846460" level="INFO">{'results': [{'gender': 'male', 'name': {'title': 'Mr', 'first': 'James', 'last': 'Jones'}, 'location': {'street': {'number': 1396, 'name': 'Manor Road'}, 'city': 'Westport', 'state': 'Roscommon', 'country': 'Ireland', 'postcode': 88159, 'coordinates': {'latitude': '1.6777', 'longitude': '-139.4989'}, 'timezone': {'offset': '-2:00', 'description': 'Mid-Atlantic'}}, 'email': 'james.jones@example.com', 'login': {'uuid': '77626fcd-9280-4c37-9542-9260254abf2b', 'username': 'crazydog610', 'password': 'facial', 'salt': 'JlGaUmDL', 'md5': '2c9a3b3af75c3e8229d1db9c37776d73', 'sha1': 'f84ceaf2f1a3dfb5151271b7fbacf2b7b5aae39b', 'sha256': '4a8041b63aba65eacc02e0788c3ed8fa71b63a3c58fbcc76057401506ba5cd45'}, 'dob': {'date': '1952-01-11T12:52:52.049Z', 'age': 72}, 'registered': {'date': '2009-11-20T10:34:29.917Z', 'age': 14}, 'phone': '021-326-7917', 'cell': '081-986-5963', 'id': {'name': 'PPS', 'value': '0820801T'}, 'picture': {'large': 'https://randomuser.me/api/portraits/men/5.jpg', 'medium': 'https://randomuser.me/api/portraits/med/men/5.jpg', 'thumbnail': 'https://randomuser.me/api/portraits/thumb/men/5.jpg'}, 'nat': 'IE'}], 'info': {'seed': 'f6080f90ef7c9868', 'results': 1, 'page': 1, 'version': '1.4'}}</msg>
<arg>${json_data}</arg>
<doc>Logs the given message with the given level.</doc>
<status status="PASS" start="2024-07-12T01:06:44.846304" elapsed="0.000203"/>
</kw>
<kw name="Should Be Equal As Numbers" owner="BuiltIn">
<arg>${json_data['results'][0]['location']['postcode']}</arg>
<arg>${json_data['results'][0]['location']['postcode']}</arg>
<doc>Fails if objects are unequal after converting them to real numbers.</doc>
<status status="PASS" start="2024-07-12T01:06:44.846804" elapsed="0.000626"/>
</kw>
<kw name="Log" owner="BuiltIn">
<msg time="2024-07-12T01:06:44.848125" level="INFO">88159</msg>
<arg>${json_data['results'][0]['location']['postcode']}</arg>
<doc>Logs the given message with the given level.</doc>
<status status="PASS" start="2024-07-12T01:06:44.847654" elapsed="0.000511"/>
</kw>
<status status="PASS" start="2024-07-12T01:06:44.741792" elapsed="0.106629"/>
</kw>
<doc>Testa se os tipos de dados na resposta da API estão corretos.</doc>
<tag>testeTiposDados</tag>
<status status="PASS" start="2024-07-12T01:06:44.655494" elapsed="0.193091"/>
</test>
<test id="s1-s1-t5" name="Validar conteudo" line="35">
<kw name="Teste de Tipos de Conteudo" owner="random-user-service">
<kw name="GET On Session" owner="RequestsLibrary">
<msg time="2024-07-12T01:06:44.932918" level="INFO">GET Request : url=https://randomuser.me/api 
 path_url=/api 
 headers={'User-Agent': 'python-requests/2.32.3', 'Accept-Encoding': 'gzip, deflate', 'Accept': '*/*', 'Connection': 'keep-alive'} 
 body=None 
 </msg>
<msg time="2024-07-12T01:06:44.933010" level="INFO">GET Response : url=https://randomuser.me/api 
 status=200, reason=OK 
 headers={'Date': 'Fri, 12 Jul 2024 01:06:44 GMT', 'Content-Type': 'application/json; charset=utf-8', 'Transfer-Encoding': 'chunked', 'Connection': 'keep-alive', 'X-Powered-By': 'Express', 'Access-Control-Allow-Origin': '*', 'Cache-Control': 'no-cache', 'ETag': 'W/"4a3-9aaTYKZ1V8EOzF4ONWv2Fvm15y0"', 'Vary': 'Accept-Encoding', 'Content-Encoding': 'gzip', 'CF-Cache-Status': 'DYNAMIC', 'Report-To': '{"endpoints":[{"url":"https:\\/\\/a.nel.cloudflare.com\\/report\\/v4?s=%2BXiaNPCOS%2BttuSpvfaZ0QeJwwfof%2BiNg46ac5Qx4k5yBoHuBafkMxIkV48fWhv0LU5Xo5nOllNPHPl35xBhkmqoM22P7qjlXhKlAIbDRXqPfJWUAdyUwQwWvvWanclcM"}],"group":"cf-nel","max_age":604800}', 'NEL': '{"success_fraction":0,"report_to":"cf-nel","max_age":604800}', 'Server': 'cloudflare', 'CF-RAY': '8a1d21e65c6161f0-ORD', 'alt-svc': 'h3=":443"; ma=86400'} 
 body={"results":[{"gender":"male","name":{"title":"Mr","first":"Alfred","last":"Schäfer"},"location":{"street":{"number":7265,"name":"Buchenweg"},"city":"Weißenburg-Gunzenhausen","state":"Niedersachsen","country":"Germany","postcode":67104,"coordinates":{"latitude":"-47.5503","longitude":"-24.2083"},"timezone":{"offset":"+9:00","description":"Tokyo, Seoul, Osaka, Sapporo, Yakutsk"}},"email":"alfred.schafer@example.com","login":{"uuid":"0ceb2f8a-f0e0-4dd3-a1e4-ae40c8aa6492","username":"tinyfish672","password":"around","salt":"8a4b3Zpk","md5":"6b41520123a8990b5785df0f6555d2a9","sha1":"f437742a668dfdafedfeaebbd41879ee80e20de7","sha256":"a171a30ba451c055441e627ee1da5e18608bb9f70b7459f24c8f21407e879127"},"dob":{"date":"1996-07-02T00:24:46.029Z","age":28},"registered":{"date":"2007-05-24T20:26:39.376Z","age":17},"phone":"0756-6425190","cell":"0175-2274088","id":{"name":"SVNR","value":"79 010796 S 272"},"picture":{"large":"https://randomuser.me/api/portraits/men/5.jpg","medium":"https://randomuser.me/api/portraits/med/men/5.jpg","thumbnail":"https://randomuser.me/api/portraits/thumb/men/5.jpg"},"nat":"DE"}],"info":{"seed":"25e0a4582d9f55ff","results":1,"page":1,"version":"1.4"}} 
 </msg>
<msg time="2024-07-12T01:06:44.933087" level="INFO">/opt/hostedtoolcache/Python/3.12.4/x64/lib/python3.12/site-packages/urllib3/connectionpool.py:1099: InsecureRequestWarning: Unverified HTTPS request is being made to host 'randomuser.me'. Adding certificate verification is strongly advised. See: https://urllib3.readthedocs.io/en/latest/advanced-usage.html#tls-warnings
  warnings.warn(</msg>
<msg time="2024-07-12T01:06:44.933200" level="INFO">${response} = &lt;Response [200]&gt;</msg>
<var>${response}</var>
<arg>consultarAPI</arg>
<arg>/api</arg>
<doc>Sends a GET request on a previously created HTTP Session.</doc>
<status status="PASS" start="2024-07-12T01:06:44.851409" elapsed="0.081822"/>
</kw>
<kw name="Set Variable" owner="BuiltIn">
<msg time="2024-07-12T01:06:44.934264" level="INFO">${json_data} = {'results': [{'gender': 'male', 'name': {'title': 'Mr', 'first': 'Alfred', 'last': 'Schäfer'}, 'location': {'street': {'number': 7265, 'name': 'Buchenweg'}, 'city': 'Weißenburg-Gunzenhausen', 'state':...</msg>
<var>${json_data}</var>
<arg>${response.json()}</arg>
<doc>Returns the given values which can then be assigned to a variables.</doc>
<status status="PASS" start="2024-07-12T01:06:44.933742" elapsed="0.000552"/>
</kw>
<kw name="Set Variable" owner="BuiltIn">
<msg time="2024-07-12T01:06:44.934995" level="INFO">${name_title} = Mr</msg>
<var>${name_title}</var>
<arg>${json_data["results"][0]["name"]["title"]}</arg>
<doc>Returns the given values which can then be assigned to a variables.</doc>
<status status="PASS" start="2024-07-12T01:06:44.934608" elapsed="0.000413"/>
</kw>
<kw name="Create List" owner="BuiltIn">
<msg time="2024-07-12T01:06:44.935459" level="INFO">${allowed_titles} = ['Mr', 'Ms', 'Miss', 'Mrs', 'Madame', 'Monsieur']</msg>
<var>${allowed_titles}</var>
<arg>Mr</arg>
<arg>Ms</arg>
<arg>Miss</arg>
<arg>Mrs</arg>
<arg>Madame</arg>
<arg>Monsieur</arg>
<doc>Returns a list containing given items.</doc>
<status status="PASS" start="2024-07-12T01:06:44.935314" elapsed="0.000169"/>
</kw>
<kw name="List Should Contain Value" owner="Collections">
<arg>${allowed_titles}</arg>
<arg>${name_title}</arg>
<doc>Fails if the ``value`` is not found from ``list``.</doc>
<status status="PASS" start="2024-07-12T01:06:44.935780" elapsed="0.000173"/>
</kw>
<kw name="Set Variable" owner="BuiltIn">
<msg time="2024-07-12T01:06:44.936498" level="INFO">${name_country} = DE</msg>
<var>${name_country}</var>
<arg>${json_data["results"][0]["nat"]}</arg>
<doc>Returns the given values which can then be assigned to a variables.</doc>
<status status="PASS" start="2024-07-12T01:06:44.936130" elapsed="0.000393"/>
</kw>
<kw name="Create List" owner="BuiltIn">
<msg time="2024-07-12T01:06:44.937441" level="INFO">${list_country} = ['AD', 'AE', 'AF', 'AG', 'AI', 'AL', 'AM', 'AO', 'AQ', 'AR', 'AS', 'AT', 'AU', 'AW', 'AX', 'AZ', 'BA', 'BB', 'BD', 'BE', 'BF', 'BG', 'BH', 'BI', 'BJ', 'BL', 'BM', 'BN', 'BO', 'BQ', 'BR', 'BS', 'BT', '...</msg>
<var>${list_country}</var>
<arg>AD</arg>
<arg>AE</arg>
<arg>AF</arg>
<arg>AG</arg>
<arg>AI</arg>
<arg>AL</arg>
<arg>AM</arg>
<arg>AO</arg>
<arg>AQ</arg>
<arg>AR</arg>
<arg>AS</arg>
<arg>AT</arg>
<arg>AU</arg>
<arg>AW</arg>
<arg>AX</arg>
<arg>AZ</arg>
<arg>BA</arg>
<arg>BB</arg>
<arg>BD</arg>
<arg>BE</arg>
<arg>BF</arg>
<arg>BG</arg>
<arg>BH</arg>
<arg>BI</arg>
<arg>BJ</arg>
<arg>BL</arg>
<arg>BM</arg>
<arg>BN</arg>
<arg>BO</arg>
<arg>BQ</arg>
<arg>BR</arg>
<arg>BS</arg>
<arg>BT</arg>
<arg>BV</arg>
<arg>BW</arg>
<arg>BY</arg>
<arg>BZ</arg>
<arg>CA</arg>
<arg>CC</arg>
<arg>CD</arg>
<arg>CF</arg>
<arg>CG</arg>
<arg>CH</arg>
<arg>CI</arg>
<arg>CK</arg>
<arg>CL</arg>
<arg>CM</arg>
<arg>CN</arg>
<arg>CO</arg>
<arg>CR</arg>
<arg>CU</arg>
<arg>CV</arg>
<arg>CW</arg>
<arg>CX</arg>
<arg>CY</arg>
<arg>CZ</arg>
<arg>DE</arg>
<arg>DJ</arg>
<arg>DK</arg>
<arg>DM</arg>
<arg>DO</arg>
<arg>DZ</arg>
<arg>EC</arg>
<arg>EE</arg>
<arg>EG</arg>
<arg>EH</arg>
<arg>ER</arg>
<arg>ES</arg>
<arg>ET</arg>
<arg>FI</arg>
<arg>FJ</arg>
<arg>FK</arg>
<arg>FM</arg>
<arg>FO</arg>
<arg>FR</arg>
<arg>GA</arg>
<arg>GB</arg>
<arg>GD</arg>
<arg>GE</arg>
<arg>GF</arg>
<arg>GG</arg>
<arg>GH</arg>
<arg>GI</arg>
<arg>GL</arg>
<arg>GM</arg>
<arg>GN</arg>
<arg>GP</arg>
<arg>GQ</arg>
<arg>GR</arg>
<arg>GS</arg>
<arg>GT</arg>
<arg>GU</arg>
<arg>GW</arg>
<arg>GY</arg>
<arg>HK</arg>
<arg>HM</arg>
<arg>HN</arg>
<arg>HR</arg>
<arg>HT</arg>
<arg>HU</arg>
<arg>ID</arg>
<arg>IE</arg>
<arg>IL</arg>
<arg>IM</arg>
<arg>IN</arg>
<arg>IO</arg>
<arg>IQ</arg>
<arg>IR</arg>
<arg>IS</arg>
<arg>IT</arg>
<arg>JE</arg>
<arg>JM</arg>
<arg>JO</arg>
<arg>JP</arg>
<arg>KE</arg>
<arg>KG</arg>
<arg>KH</arg>
<arg>KI</arg>
<arg>KM</arg>
<arg>KN</arg>
<arg>KP</arg>
<arg>KR</arg>
<arg>KW</arg>
<arg>KY</arg>
<arg>KZ</arg>
<arg>LA</arg>
<arg>LB</arg>
<arg>LC</arg>
<arg>LI</arg>
<arg>LK</arg>
<arg>LR</arg>
<arg>LS</arg>
<arg>LT</arg>
<arg>LU</arg>
<arg>LV</arg>
<arg>LY</arg>
<arg>MA</arg>
<arg>MC</arg>
<arg>MD</arg>
<arg>ME</arg>
<arg>MF</arg>
<arg>MG</arg>
<arg>MH</arg>
<arg>MK</arg>
<arg>ML</arg>
<arg>MM</arg>
<arg>MN</arg>
<arg>MO</arg>
<arg>MP</arg>
<arg>MQ</arg>
<arg>MR</arg>
<arg>MS</arg>
<arg>MT</arg>
<arg>MU</arg>
<arg>MV</arg>
<arg>MW</arg>
<arg>MX</arg>
<arg>MY</arg>
<arg>MZ</arg>
<arg>NA</arg>
<arg>NC</arg>
<arg>NE</arg>
<arg>NF</arg>
<arg>NG</arg>
<arg>NI</arg>
<arg>NL</arg>
<arg>NO</arg>
<arg>NP</arg>
<arg>NR</arg>
<arg>NU</arg>
<arg>NZ</arg>
<arg>OM</arg>
<arg>PA</arg>
<arg>PE</arg>
<arg>PF</arg>
<arg>PG</arg>
<arg>PH</arg>
<arg>PK</arg>
<arg>PL</arg>
<arg>PM</arg>
<arg>PN</arg>
<arg>PR</arg>
<arg>PS</arg>
<arg>PT</arg>
<arg>PW</arg>
<arg>PY</arg>
<arg>QA</arg>
<arg>RE</arg>
<arg>RO</arg>
<arg>RS</arg>
<arg>RU</arg>
<arg>RW</arg>
<arg>SA</arg>
<arg>SB</arg>
<arg>SC</arg>
<arg>SD</arg>
<arg>SE</arg>
<arg>SG</arg>
<arg>SH</arg>
<arg>SI</arg>
<arg>SJ</arg>
<arg>SK</arg>
<arg>SL</arg>
<arg>SM</arg>
<arg>SN</arg>
<arg>SO</arg>
<arg>SR</arg>
<arg>SS</arg>
<arg>ST</arg>
<arg>SV</arg>
<arg>SX</arg>
<arg>SY</arg>
<arg>SZ</arg>
<arg>TC</arg>
<arg>TD</arg>
<arg>TF</arg>
<arg>TG</arg>
<arg>TH</arg>
<arg>TJ</arg>
<arg>TK</arg>
<arg>TL</arg>
<arg>TM</arg>
<arg>TN</arg>
<arg>TO</arg>
<arg>TR</arg>
<arg>TT</arg>
<arg>TV</arg>
<arg>TW</arg>
<arg>TZ</arg>
<arg>UA</arg>
<arg>UG</arg>
<arg>UM</arg>
<arg>US</arg>
<arg>UY</arg>
<arg>UZ</arg>
<arg>VA</arg>
<arg>VC</arg>
<arg>VE</arg>
<arg>VG</arg>
<arg>VI</arg>
<arg>VN</arg>
<arg>VU</arg>
<arg>WF</arg>
<arg>WS</arg>
<arg>XK</arg>
<arg>YE</arg>
<arg>YT</arg>
<arg>ZA</arg>
<arg>ZM</arg>
<arg>ZW</arg>
<doc>Returns a list containing given items.</doc>
<status status="PASS" start="2024-07-12T01:06:44.936853" elapsed="0.000613"/>
</kw>
<kw name="List Should Contain Value" owner="Collections">
<arg>${list_country}</arg>
<arg>${name_country}</arg>
<doc>Fails if the ``value`` is not found from ``list``.</doc>
<status status="PASS" start="2024-07-12T01:06:44.938255" elapsed="0.000199"/>
</kw>
<kw name="Run Keyword If" owner="BuiltIn">
<kw name="Should Be True" owner="BuiltIn">
<arg>${True}</arg>
<doc>Fails if the given condition is not true.</doc>
<status status="PASS" start="2024-07-12T01:06:44.939384" elapsed="0.000140"/>
</kw>
<arg>${json_data["results"][0]["location"]["coordinates"]["latitude"]} &gt;= -90 and ${json_data["results"][0]["location"]["coordinates"]["latitude"]} &lt;= 90</arg>
<arg>Should Be True</arg>
<arg>${True}</arg>
<doc>Runs the given keyword with the given arguments, if ``condition`` is true.</doc>
<status status="PASS" start="2024-07-12T01:06:44.938648" elapsed="0.001000"/>
</kw>
<kw name="Run Keyword If" owner="BuiltIn">
<kw name="Should Be True" owner="BuiltIn">
<arg>${True}</arg>
<doc>Fails if the given condition is not true.</doc>
<status status="PASS" start="2024-07-12T01:06:44.940520" elapsed="0.000265"/>
</kw>
<arg>${json_data["results"][0]["location"]["coordinates"]["longitude"]} &gt;= -180 and ${json_data["results"][0]["location"]["coordinates"]["longitude"]} &lt;= 180</arg>
<arg>Should Be True</arg>
<arg>${True}</arg>
<doc>Runs the given keyword with the given arguments, if ``condition`` is true.</doc>
<status status="PASS" start="2024-07-12T01:06:44.939825" elapsed="0.001097"/>
</kw>
<status status="PASS" start="2024-07-12T01:06:44.851029" elapsed="0.090030"/>
</kw>
<doc>Testa o conteúdo específico dos campos retornados pela API.</doc>
<tag>testeConteudo</tag>
<status status="PASS" start="2024-07-12T01:06:44.850390" elapsed="0.090822"/>
</test>
<status status="PASS" start="2024-07-12T01:06:44.113091" elapsed="0.830053"/>
</suite>
<status status="PASS" start="2024-07-12T01:06:44.097787" elapsed="0.850566"/>
</suite>
<statistics>
<total>
<stat pass="5" fail="0" skip="0">All Tests</stat>
</total>
<tag>
<stat pass="1" fail="0" skip="0">testeConteudo</stat>
<stat pass="1" fail="0" skip="0">testeEstruturaResposta</stat>
<stat pass="1" fail="0" skip="0">testeRequisicaoBasica</stat>
<stat pass="1" fail="0" skip="0">testeTiposDados</stat>
</tag>
<suite>
<stat pass="5" fail="0" skip="0" id="s1" name="Tests">Tests</stat>
<stat pass="5" fail="0" skip="0" id="s1-s1" name="Random-User-Test">Tests.Random-User-Test</stat>
</suite>
</statistics>
<errors>
</errors>
</robot>
