<?xml version="1.0" encoding="UTF-8"?>
<robot generator="Robot 7.0 (Python 3.12.3 on linux)" generated="2024-05-01T08:20:34.074982" rpa="false" schemaversion="5">
<suite id="s1" name="Tests" source="/home/runner/work/DesafioQAItauRogerioJordao/DesafioQAItauRogerioJordao/RamdonUser/tests">
<suite id="s1-s1" name="Random-User-Test" source="/home/runner/work/DesafioQAItauRogerioJordao/DesafioQAItauRogerioJordao/RamdonUser/tests/random-user-test.robot">
<test id="s1-s1-t1" name="Conectar" line="13">
<kw name="Conectar API" owner="random-user-service">
<kw name="Create Session" owner="RequestsLibrary">
<msg time="2024-05-01T08:20:34.447626" level="INFO">Creating Session using : alias=consultarAPI, url=https://randomuser.me/, headers={},                     cookies={}, auth=None, timeout=None, proxies=None, verify=False,                     debug=0 </msg>
<arg>consultarAPI</arg>
<arg>${URL}</arg>
<doc>Create Session: create a HTTP session to a server</doc>
<status status="PASS" start="2024-05-01T08:20:34.447427" elapsed="0.000389"/>
</kw>
<status status="PASS" start="2024-05-01T08:20:34.446455" elapsed="0.001723"/>
</kw>
<status status="PASS" start="2024-05-01T08:20:34.445847" elapsed="0.002531"/>
</test>
<test id="s1-s1-t2" name="Validar retorno 200 e JSON Válido" line="16">
<kw name="Teste de Requisicao Basica" owner="random-user-service">
<kw name="GET On Session" owner="RequestsLibrary">
<msg time="2024-05-01T08:20:34.531507" level="INFO">GET Request : url=https://randomuser.me/api 
 path_url=/api 
 headers={'User-Agent': 'python-requests/2.31.0', 'Accept-Encoding': 'gzip, deflate', 'Accept': '*/*', 'Connection': 'keep-alive'} 
 body=None 
 </msg>
<msg time="2024-05-01T08:20:34.531660" level="INFO">GET Response : url=https://randomuser.me/api 
 status=200, reason=OK 
 headers={'Date': 'Wed, 01 May 2024 08:20:34 GMT', 'Content-Type': 'application/json; charset=utf-8', 'Transfer-Encoding': 'chunked', 'Connection': 'keep-alive', 'X-Powered-By': 'Express', 'Access-Control-Allow-Origin': '*', 'Cache-Control': 'no-cache', 'ETag': 'W/"481-5UG71CJ3mHpZk90PbbhmbNduqW8"', 'Vary': 'Accept-Encoding', 'Content-Encoding': 'gzip', 'CF-Cache-Status': 'DYNAMIC', 'Report-To': '{"endpoints":[{"url":"https:\\/\\/a.nel.cloudflare.com\\/report\\/v4?s=nIP0j40Fe9OqzVgZdOusTc4nRF4jEqQvTD61O1%2FC4o%2F%2FJZ7wc0wrtTmVacNTBCj3tSKKlQkf8Ul9TKCmYN6jRzm3aBjKq5ztPzvyUcEXFZ16dalSogwMJBwZRhFYCOd9"}],"group":"cf-nel","max_age":604800}', 'NEL': '{"success_fraction":0,"report_to":"cf-nel","max_age":604800}', 'Server': 'cloudflare', 'CF-RAY': '87ce5a6398f82341-ORD', 'alt-svc': 'h3=":443"; ma=86400'} 
 body={"results":[{"gender":"female","name":{"title":"Ms","first":"Fatma","last":"Türkdoğan"},"location":{"street":{"number":8504,"name":"Talak Göktepe Cd"},"city":"İzmir","state":"Muğla","country":"Turkey","postcode":11850,"coordinates":{"latitude":"64.4153","longitude":"77.8287"},"timezone":{"offset":"+6:00","description":"Almaty, Dhaka, Colombo"}},"email":"fatma.turkdogan@example.com","login":{"uuid":"6ddcd469-0cfd-4e6e-a6a7-20025fda0f6a","username":"heavydog123","password":"peters","salt":"U023x3yz","md5":"117b7560835b88faf17079696823cc4d","sha1":"99b90735f28554374516d552cd9134057c35d0b9","sha256":"4d042b789dc66496d28cc7d9f300016991b024b8469443001b211eaff0156746"},"dob":{"date":"1946-03-05T03:41:10.470Z","age":78},"registered":{"date":"2005-11-11T01:51:56.931Z","age":18},"phone":"(986)-094-6254","cell":"(483)-485-7133","id":{"name":"","value":null},"picture":{"large":"https://randomuser.me/api/portraits/women/31.jpg","medium":"https://randomuser.me/api/portraits/med/women/31.jpg","thumbnail":"https://randomuser.me/api/portraits/thumb/women/31.jpg"},"nat":"TR"}],"info":{"seed":"e491b8bd0326bb02","results":1,"page":1,"version":"1.4"}} 
 </msg>
<msg time="2024-05-01T08:20:34.531756" level="INFO">/opt/hostedtoolcache/Python/3.12.3/x64/lib/python3.12/site-packages/urllib3/connectionpool.py:1103: InsecureRequestWarning: Unverified HTTPS request is being made to host 'randomuser.me'. Adding certificate verification is strongly advised. See: https://urllib3.readthedocs.io/en/latest/advanced-usage.html#tls-warnings
  warnings.warn(</msg>
<msg time="2024-05-01T08:20:34.531896" level="INFO">${response} = &lt;Response [200]&gt;</msg>
<var>${response}</var>
<arg>consultarAPI</arg>
<arg>/api</arg>
<doc>Sends a GET request on a previously created HTTP Session.</doc>
<status status="PASS" start="2024-05-01T08:20:34.451014" elapsed="0.080922"/>
</kw>
<kw name="Should Be Equal As Numbers" owner="BuiltIn">
<msg time="2024-05-01T08:20:34.532860" level="INFO">Argument types are:
&lt;class 'int'&gt;
&lt;class 'str'&gt;</msg>
<arg>${response.status_code}</arg>
<arg>200</arg>
<doc>Fails if objects are unequal after converting them to real numbers.</doc>
<status status="PASS" start="2024-05-01T08:20:34.532421" elapsed="0.000505"/>
</kw>
<kw name="Log" owner="BuiltIn">
<msg time="2024-05-01T08:20:34.533634" level="INFO">200</msg>
<arg>${response.status_code}</arg>
<doc>Logs the given message with the given level.</doc>
<status status="PASS" start="2024-05-01T08:20:34.533268" elapsed="0.000408"/>
</kw>
<kw name="Set Variable" owner="BuiltIn">
<msg time="2024-05-01T08:20:34.534508" level="INFO">${json_data} = {'results': [{'gender': 'female', 'name': {'title': 'Ms', 'first': 'Fatma', 'last': 'Türkdoğan'}, 'location': {'street': {'number': 8504, 'name': 'Talak Göktepe Cd'}, 'city': 'İzmir', 'state': 'Muğla'...</msg>
<var>${json_data}</var>
<arg>${response.json()}</arg>
<doc>Returns the given values which can then be assigned to a variables.</doc>
<status status="PASS" start="2024-05-01T08:20:34.534007" elapsed="0.000534"/>
</kw>
<kw name="Dictionary Should Contain Key" owner="Collections">
<msg time="2024-05-01T08:20:34.535027" level="INFO">False</msg>
<arg>${json_data}</arg>
<arg>results</arg>
<doc>Fails if ``key`` is not found from ``dictionary``.</doc>
<status status="PASS" start="2024-05-01T08:20:34.534853" elapsed="0.000215"/>
</kw>
<status status="PASS" start="2024-05-01T08:20:34.450772" elapsed="0.084555"/>
</kw>
<doc>Testa se a API responde corretamente e retorna um objeto JSON válido.</doc>
<tag>testeRequisicaoBasica</tag>
<status status="PASS" start="2024-05-01T08:20:34.450314" elapsed="0.085194"/>
</test>
<test id="s1-s1-t3" name="Validar estrutura de resposta" line="22">
<kw name="Teste de Estrutura de Resposta" owner="random-user-service">
<kw name="GET On Session" owner="RequestsLibrary">
<msg time="2024-05-01T08:20:34.631413" level="INFO">GET Request : url=https://randomuser.me/api 
 path_url=/api 
 headers={'User-Agent': 'python-requests/2.31.0', 'Accept-Encoding': 'gzip, deflate', 'Accept': '*/*', 'Connection': 'keep-alive'} 
 body=None 
 </msg>
<msg time="2024-05-01T08:20:34.631508" level="INFO">GET Response : url=https://randomuser.me/api 
 status=200, reason=OK 
 headers={'Date': 'Wed, 01 May 2024 08:20:34 GMT', 'Content-Type': 'application/json; charset=utf-8', 'Transfer-Encoding': 'chunked', 'Connection': 'keep-alive', 'X-Powered-By': 'Express', 'Access-Control-Allow-Origin': '*', 'Cache-Control': 'no-cache', 'ETag': 'W/"4bb-9nQZuIcaMaCvWWWVTYpQt6DpU/w"', 'Vary': 'Accept-Encoding', 'Content-Encoding': 'gzip', 'CF-Cache-Status': 'DYNAMIC', 'Report-To': '{"endpoints":[{"url":"https:\\/\\/a.nel.cloudflare.com\\/report\\/v4?s=LGAFaM%2FSVTq5wygUh8kTYIMa5064CfBVgXJDGD7o5x8zAvGQTTyCfaKzNGh0rOH8J1gu%2FYmKE%2Fx88FCFowomeYD50%2B30BSX8u3Iy9b0IcKARekmIaV9Vqwe8fRRD1lc6"}],"group":"cf-nel","max_age":604800}', 'NEL': '{"success_fraction":0,"report_to":"cf-nel","max_age":604800}', 'Server': 'cloudflare', 'CF-RAY': '87ce5a63e9222341-ORD', 'alt-svc': 'h3=":443"; ma=86400'} 
 body={"results":[{"gender":"female","name":{"title":"Ms","first":"Maurícia","last":"Martins"},"location":{"street":{"number":9242,"name":"Rua Santa Maria "},"city":"Umuarama","state":"Rio Grande do Norte","country":"Brazil","postcode":56139,"coordinates":{"latitude":"-74.9473","longitude":"147.2378"},"timezone":{"offset":"0:00","description":"Western Europe Time, London, Lisbon, Casablanca"}},"email":"mauricia.martins@example.com","login":{"uuid":"a8f7eafb-83eb-472a-87fb-cbe2bc22632a","username":"sadpeacock752","password":"weaver","salt":"m4UDjQdC","md5":"36539779bf37c81bb119c2777effd8c4","sha1":"c54d354b35af33615a8e1d7fff8b7a9e9446ba6c","sha256":"836c51c4ad53f994a99ef0564162193648460e62cbcc22c64c7166abc7a0eefc"},"dob":{"date":"1996-11-14T12:09:04.330Z","age":27},"registered":{"date":"2005-11-25T02:09:56.908Z","age":18},"phone":"(81) 1421-6017","cell":"(66) 0774-5310","id":{"name":"CPF","value":"923.462.725-03"},"picture":{"large":"https://randomuser.me/api/portraits/women/67.jpg","medium":"https://randomuser.me/api/portraits/med/women/67.jpg","thumbnail":"https://randomuser.me/api/portraits/thumb/women/67.jpg"},"nat":"BR"}],"info":{"seed":"4271109594fbf106","results":1,"page":1,"version":"1.4"}} 
 </msg>
<msg time="2024-05-01T08:20:34.631635" level="INFO">/opt/hostedtoolcache/Python/3.12.3/x64/lib/python3.12/site-packages/urllib3/connectionpool.py:1103: InsecureRequestWarning: Unverified HTTPS request is being made to host 'randomuser.me'. Adding certificate verification is strongly advised. See: https://urllib3.readthedocs.io/en/latest/advanced-usage.html#tls-warnings
  warnings.warn(</msg>
<msg time="2024-05-01T08:20:34.631758" level="INFO">${response} = &lt;Response [200]&gt;</msg>
<var>${response}</var>
<arg>consultarAPI</arg>
<arg>/api</arg>
<doc>Sends a GET request on a previously created HTTP Session.</doc>
<status status="PASS" start="2024-05-01T08:20:34.538064" elapsed="0.093727"/>
</kw>
<kw name="Set Variable" owner="BuiltIn">
<msg time="2024-05-01T08:20:34.632786" level="INFO">${json_data} = {'results': [{'gender': 'female', 'name': {'title': 'Ms', 'first': 'Maurícia', 'last': 'Martins'}, 'location': {'street': {'number': 9242, 'name': 'Rua Santa Maria '}, 'city': 'Umuarama', 'state': 'Ri...</msg>
<var>${json_data}</var>
<arg>${response.json()}</arg>
<doc>Returns the given values which can then be assigned to a variables.</doc>
<status status="PASS" start="2024-05-01T08:20:34.632264" elapsed="0.000551"/>
</kw>
<kw name="Log" owner="BuiltIn">
<msg time="2024-05-01T08:20:34.633289" level="INFO">{'results': [{'gender': 'female', 'name': {'title': 'Ms', 'first': 'Maurícia', 'last': 'Martins'}, 'location': {'street': {'number': 9242, 'name': 'Rua Santa Maria '}, 'city': 'Umuarama', 'state': 'Rio Grande do Norte', 'country': 'Brazil', 'postcode': 56139, 'coordinates': {'latitude': '-74.9473', 'longitude': '147.2378'}, 'timezone': {'offset': '0:00', 'description': 'Western Europe Time, London, Lisbon, Casablanca'}}, 'email': 'mauricia.martins@example.com', 'login': {'uuid': 'a8f7eafb-83eb-472a-87fb-cbe2bc22632a', 'username': 'sadpeacock752', 'password': 'weaver', 'salt': 'm4UDjQdC', 'md5': '36539779bf37c81bb119c2777effd8c4', 'sha1': 'c54d354b35af33615a8e1d7fff8b7a9e9446ba6c', 'sha256': '836c51c4ad53f994a99ef0564162193648460e62cbcc22c64c7166abc7a0eefc'}, 'dob': {'date': '1996-11-14T12:09:04.330Z', 'age': 27}, 'registered': {'date': '2005-11-25T02:09:56.908Z', 'age': 18}, 'phone': '(81) 1421-6017', 'cell': '(66) 0774-5310', 'id': {'name': 'CPF', 'value': '923.462.725-03'}, 'picture': {'large': 'https://randomuser.me/api/portraits/women/67.jpg', 'medium': 'https://randomuser.me/api/portraits/med/women/67.jpg', 'thumbnail': 'https://randomuser.me/api/portraits/thumb/women/67.jpg'}, 'nat': 'BR'}], 'info': {'seed': '4271109594fbf106', 'results': 1, 'page': 1, 'version': '1.4'}}</msg>
<arg>${json_data}</arg>
<doc>Logs the given message with the given level.</doc>
<status status="PASS" start="2024-05-01T08:20:34.633123" elapsed="0.000216"/>
</kw>
<kw name="Dictionary Should Contain Key" owner="Collections">
<msg time="2024-05-01T08:20:34.633798" level="INFO">False</msg>
<arg>${json_data}</arg>
<arg>results</arg>
<doc>Fails if ``key`` is not found from ``dictionary``.</doc>
<status status="PASS" start="2024-05-01T08:20:34.633637" elapsed="0.000198"/>
</kw>
<kw name="Should Not Be Empty" owner="BuiltIn">
<msg time="2024-05-01T08:20:34.634302" level="INFO">Length is 2.</msg>
<arg>${json_data}</arg>
<doc>Verifies that the given item is not empty.</doc>
<status status="PASS" start="2024-05-01T08:20:34.634127" elapsed="0.000384"/>
</kw>
<kw name="Create List" owner="BuiltIn">
<msg time="2024-05-01T08:20:34.634968" level="INFO">${expected_keys} = ['gender', 'name', 'location', 'email', 'login']</msg>
<var>${expected_keys}</var>
<arg>gender</arg>
<arg>name</arg>
<arg>location</arg>
<arg>email</arg>
<arg>login</arg>
<doc>Returns a list containing given items.</doc>
<status status="PASS" start="2024-05-01T08:20:34.634813" elapsed="0.000180"/>
</kw>
<for flavor="IN">
<iter>
<kw name="Dictionary Should Contain Key" owner="Collections">
<msg time="2024-05-01T08:20:34.635993" level="INFO">False</msg>
<arg>${json_data['results'][0]}</arg>
<arg>${key}</arg>
<doc>Fails if ``key`` is not found from ``dictionary``.</doc>
<status status="PASS" start="2024-05-01T08:20:34.635585" elapsed="0.000447"/>
</kw>
<kw name="Log" owner="BuiltIn">
<msg time="2024-05-01T08:20:34.636694" level="INFO">{'gender': 'female', 'name': {'title': 'Ms', 'first': 'Maurícia', 'last': 'Martins'}, 'location': {'street': {'number': 9242, 'name': 'Rua Santa Maria '}, 'city': 'Umuarama', 'state': 'Rio Grande do Norte', 'country': 'Brazil', 'postcode': 56139, 'coordinates': {'latitude': '-74.9473', 'longitude': '147.2378'}, 'timezone': {'offset': '0:00', 'description': 'Western Europe Time, London, Lisbon, Casablanca'}}, 'email': 'mauricia.martins@example.com', 'login': {'uuid': 'a8f7eafb-83eb-472a-87fb-cbe2bc22632a', 'username': 'sadpeacock752', 'password': 'weaver', 'salt': 'm4UDjQdC', 'md5': '36539779bf37c81bb119c2777effd8c4', 'sha1': 'c54d354b35af33615a8e1d7fff8b7a9e9446ba6c', 'sha256': '836c51c4ad53f994a99ef0564162193648460e62cbcc22c64c7166abc7a0eefc'}, 'dob': {'date': '1996-11-14T12:09:04.330Z', 'age': 27}, 'registered': {'date': '2005-11-25T02:09:56.908Z', 'age': 18}, 'phone': '(81) 1421-6017', 'cell': '(66) 0774-5310', 'id': {'name': 'CPF', 'value': '923.462.725-03'}, 'picture': {'large': 'https://randomuser.me/api/portraits/women/67.jpg', 'medium': 'https://randomuser.me/api/portraits/med/women/67.jpg', 'thumbnail': 'https://randomuser.me/api/portraits/thumb/women/67.jpg'}, 'nat': 'BR'}</msg>
<arg>${json_data['results'][0]}</arg>
<doc>Logs the given message with the given level.</doc>
<status status="PASS" start="2024-05-01T08:20:34.636330" elapsed="0.000424"/>
</kw>
<kw name="Log" owner="BuiltIn">
<msg time="2024-05-01T08:20:34.637183" level="INFO">gender</msg>
<arg>${key}</arg>
<doc>Logs the given message with the given level.</doc>
<status status="PASS" start="2024-05-01T08:20:34.637055" elapsed="0.000165"/>
</kw>
<var name="${key}">gender</var>
<status status="PASS" start="2024-05-01T08:20:34.635452" elapsed="0.001982"/>
</iter>
<iter>
<kw name="Dictionary Should Contain Key" owner="Collections">
<msg time="2024-05-01T08:20:34.638131" level="INFO">False</msg>
<arg>${json_data['results'][0]}</arg>
<arg>${key}</arg>
<doc>Fails if ``key`` is not found from ``dictionary``.</doc>
<status status="PASS" start="2024-05-01T08:20:34.637742" elapsed="0.000480"/>
</kw>
<kw name="Log" owner="BuiltIn">
<msg time="2024-05-01T08:20:34.638896" level="INFO">{'gender': 'female', 'name': {'title': 'Ms', 'first': 'Maurícia', 'last': 'Martins'}, 'location': {'street': {'number': 9242, 'name': 'Rua Santa Maria '}, 'city': 'Umuarama', 'state': 'Rio Grande do Norte', 'country': 'Brazil', 'postcode': 56139, 'coordinates': {'latitude': '-74.9473', 'longitude': '147.2378'}, 'timezone': {'offset': '0:00', 'description': 'Western Europe Time, London, Lisbon, Casablanca'}}, 'email': 'mauricia.martins@example.com', 'login': {'uuid': 'a8f7eafb-83eb-472a-87fb-cbe2bc22632a', 'username': 'sadpeacock752', 'password': 'weaver', 'salt': 'm4UDjQdC', 'md5': '36539779bf37c81bb119c2777effd8c4', 'sha1': 'c54d354b35af33615a8e1d7fff8b7a9e9446ba6c', 'sha256': '836c51c4ad53f994a99ef0564162193648460e62cbcc22c64c7166abc7a0eefc'}, 'dob': {'date': '1996-11-14T12:09:04.330Z', 'age': 27}, 'registered': {'date': '2005-11-25T02:09:56.908Z', 'age': 18}, 'phone': '(81) 1421-6017', 'cell': '(66) 0774-5310', 'id': {'name': 'CPF', 'value': '923.462.725-03'}, 'picture': {'large': 'https://randomuser.me/api/portraits/women/67.jpg', 'medium': 'https://randomuser.me/api/portraits/med/women/67.jpg', 'thumbnail': 'https://randomuser.me/api/portraits/thumb/women/67.jpg'}, 'nat': 'BR'}</msg>
<arg>${json_data['results'][0]}</arg>
<doc>Logs the given message with the given level.</doc>
<status status="PASS" start="2024-05-01T08:20:34.638533" elapsed="0.000413"/>
</kw>
<kw name="Log" owner="BuiltIn">
<msg time="2024-05-01T08:20:34.639369" level="INFO">name</msg>
<arg>${key}</arg>
<doc>Logs the given message with the given level.</doc>
<status status="PASS" start="2024-05-01T08:20:34.639243" elapsed="0.000164"/>
</kw>
<var name="${key}">name</var>
<status status="PASS" start="2024-05-01T08:20:34.637624" elapsed="0.001998"/>
</iter>
<iter>
<kw name="Dictionary Should Contain Key" owner="Collections">
<msg time="2024-05-01T08:20:34.640325" level="INFO">False</msg>
<arg>${json_data['results'][0]}</arg>
<arg>${key}</arg>
<doc>Fails if ``key`` is not found from ``dictionary``.</doc>
<status status="PASS" start="2024-05-01T08:20:34.639916" elapsed="0.000449"/>
</kw>
<kw name="Log" owner="BuiltIn">
<msg time="2024-05-01T08:20:34.641046" level="INFO">{'gender': 'female', 'name': {'title': 'Ms', 'first': 'Maurícia', 'last': 'Martins'}, 'location': {'street': {'number': 9242, 'name': 'Rua Santa Maria '}, 'city': 'Umuarama', 'state': 'Rio Grande do Norte', 'country': 'Brazil', 'postcode': 56139, 'coordinates': {'latitude': '-74.9473', 'longitude': '147.2378'}, 'timezone': {'offset': '0:00', 'description': 'Western Europe Time, London, Lisbon, Casablanca'}}, 'email': 'mauricia.martins@example.com', 'login': {'uuid': 'a8f7eafb-83eb-472a-87fb-cbe2bc22632a', 'username': 'sadpeacock752', 'password': 'weaver', 'salt': 'm4UDjQdC', 'md5': '36539779bf37c81bb119c2777effd8c4', 'sha1': 'c54d354b35af33615a8e1d7fff8b7a9e9446ba6c', 'sha256': '836c51c4ad53f994a99ef0564162193648460e62cbcc22c64c7166abc7a0eefc'}, 'dob': {'date': '1996-11-14T12:09:04.330Z', 'age': 27}, 'registered': {'date': '2005-11-25T02:09:56.908Z', 'age': 18}, 'phone': '(81) 1421-6017', 'cell': '(66) 0774-5310', 'id': {'name': 'CPF', 'value': '923.462.725-03'}, 'picture': {'large': 'https://randomuser.me/api/portraits/women/67.jpg', 'medium': 'https://randomuser.me/api/portraits/med/women/67.jpg', 'thumbnail': 'https://randomuser.me/api/portraits/thumb/women/67.jpg'}, 'nat': 'BR'}</msg>
<arg>${json_data['results'][0]}</arg>
<doc>Logs the given message with the given level.</doc>
<status status="PASS" start="2024-05-01T08:20:34.640674" elapsed="0.000434"/>
</kw>
<kw name="Log" owner="BuiltIn">
<msg time="2024-05-01T08:20:34.641580" level="INFO">location</msg>
<arg>${key}</arg>
<doc>Logs the given message with the given level.</doc>
<status status="PASS" start="2024-05-01T08:20:34.641452" elapsed="0.000166"/>
</kw>
<var name="${key}">location</var>
<status status="PASS" start="2024-05-01T08:20:34.639803" elapsed="0.002031"/>
</iter>
<iter>
<kw name="Dictionary Should Contain Key" owner="Collections">
<msg time="2024-05-01T08:20:34.642551" level="INFO">False</msg>
<arg>${json_data['results'][0]}</arg>
<arg>${key}</arg>
<doc>Fails if ``key`` is not found from ``dictionary``.</doc>
<status status="PASS" start="2024-05-01T08:20:34.642121" elapsed="0.000468"/>
</kw>
<kw name="Log" owner="BuiltIn">
<msg time="2024-05-01T08:20:34.643254" level="INFO">{'gender': 'female', 'name': {'title': 'Ms', 'first': 'Maurícia', 'last': 'Martins'}, 'location': {'street': {'number': 9242, 'name': 'Rua Santa Maria '}, 'city': 'Umuarama', 'state': 'Rio Grande do Norte', 'country': 'Brazil', 'postcode': 56139, 'coordinates': {'latitude': '-74.9473', 'longitude': '147.2378'}, 'timezone': {'offset': '0:00', 'description': 'Western Europe Time, London, Lisbon, Casablanca'}}, 'email': 'mauricia.martins@example.com', 'login': {'uuid': 'a8f7eafb-83eb-472a-87fb-cbe2bc22632a', 'username': 'sadpeacock752', 'password': 'weaver', 'salt': 'm4UDjQdC', 'md5': '36539779bf37c81bb119c2777effd8c4', 'sha1': 'c54d354b35af33615a8e1d7fff8b7a9e9446ba6c', 'sha256': '836c51c4ad53f994a99ef0564162193648460e62cbcc22c64c7166abc7a0eefc'}, 'dob': {'date': '1996-11-14T12:09:04.330Z', 'age': 27}, 'registered': {'date': '2005-11-25T02:09:56.908Z', 'age': 18}, 'phone': '(81) 1421-6017', 'cell': '(66) 0774-5310', 'id': {'name': 'CPF', 'value': '923.462.725-03'}, 'picture': {'large': 'https://randomuser.me/api/portraits/women/67.jpg', 'medium': 'https://randomuser.me/api/portraits/med/women/67.jpg', 'thumbnail': 'https://randomuser.me/api/portraits/thumb/women/67.jpg'}, 'nat': 'BR'}</msg>
<arg>${json_data['results'][0]}</arg>
<doc>Logs the given message with the given level.</doc>
<status status="PASS" start="2024-05-01T08:20:34.642892" elapsed="0.000411"/>
</kw>
<kw name="Log" owner="BuiltIn">
<msg time="2024-05-01T08:20:34.643723" level="INFO">email</msg>
<arg>${key}</arg>
<doc>Logs the given message with the given level.</doc>
<status status="PASS" start="2024-05-01T08:20:34.643597" elapsed="0.000163"/>
</kw>
<var name="${key}">email</var>
<status status="PASS" start="2024-05-01T08:20:34.642010" elapsed="0.001966"/>
</iter>
<iter>
<kw name="Dictionary Should Contain Key" owner="Collections">
<msg time="2024-05-01T08:20:34.644642" level="INFO">False</msg>
<arg>${json_data['results'][0]}</arg>
<arg>${key}</arg>
<doc>Fails if ``key`` is not found from ``dictionary``.</doc>
<status status="PASS" start="2024-05-01T08:20:34.644259" elapsed="0.000422"/>
</kw>
<kw name="Log" owner="BuiltIn">
<msg time="2024-05-01T08:20:34.645365" level="INFO">{'gender': 'female', 'name': {'title': 'Ms', 'first': 'Maurícia', 'last': 'Martins'}, 'location': {'street': {'number': 9242, 'name': 'Rua Santa Maria '}, 'city': 'Umuarama', 'state': 'Rio Grande do Norte', 'country': 'Brazil', 'postcode': 56139, 'coordinates': {'latitude': '-74.9473', 'longitude': '147.2378'}, 'timezone': {'offset': '0:00', 'description': 'Western Europe Time, London, Lisbon, Casablanca'}}, 'email': 'mauricia.martins@example.com', 'login': {'uuid': 'a8f7eafb-83eb-472a-87fb-cbe2bc22632a', 'username': 'sadpeacock752', 'password': 'weaver', 'salt': 'm4UDjQdC', 'md5': '36539779bf37c81bb119c2777effd8c4', 'sha1': 'c54d354b35af33615a8e1d7fff8b7a9e9446ba6c', 'sha256': '836c51c4ad53f994a99ef0564162193648460e62cbcc22c64c7166abc7a0eefc'}, 'dob': {'date': '1996-11-14T12:09:04.330Z', 'age': 27}, 'registered': {'date': '2005-11-25T02:09:56.908Z', 'age': 18}, 'phone': '(81) 1421-6017', 'cell': '(66) 0774-5310', 'id': {'name': 'CPF', 'value': '923.462.725-03'}, 'picture': {'large': 'https://randomuser.me/api/portraits/women/67.jpg', 'medium': 'https://randomuser.me/api/portraits/med/women/67.jpg', 'thumbnail': 'https://randomuser.me/api/portraits/thumb/women/67.jpg'}, 'nat': 'BR'}</msg>
<arg>${json_data['results'][0]}</arg>
<doc>Logs the given message with the given level.</doc>
<status status="PASS" start="2024-05-01T08:20:34.644992" elapsed="0.000422"/>
</kw>
<kw name="Log" owner="BuiltIn">
<msg time="2024-05-01T08:20:34.645865" level="INFO">login</msg>
<arg>${key}</arg>
<doc>Logs the given message with the given level.</doc>
<status status="PASS" start="2024-05-01T08:20:34.645735" elapsed="0.000168"/>
</kw>
<var name="${key}">login</var>
<status status="PASS" start="2024-05-01T08:20:34.644147" elapsed="0.001978"/>
</iter>
<var>${key}</var>
<value>@{expected_keys}</value>
<status status="PASS" start="2024-05-01T08:20:34.635258" elapsed="0.011018"/>
</for>
<kw name="Create List" owner="BuiltIn">
<msg time="2024-05-01T08:20:34.646619" level="INFO">${expected_keysTwo} = ['username', 'password']</msg>
<var>${expected_keysTwo}</var>
<arg>username</arg>
<arg>password</arg>
<doc>Returns a list containing given items.</doc>
<status status="PASS" start="2024-05-01T08:20:34.646481" elapsed="0.000161"/>
</kw>
<for flavor="IN">
<iter>
<kw name="Dictionary Should Contain Key" owner="Collections">
<msg time="2024-05-01T08:20:34.647534" level="INFO">False</msg>
<arg>${json_data['results'][0]['login']}</arg>
<arg>${keyTwo}</arg>
<doc>Fails if ``key`` is not found from ``dictionary``.</doc>
<status status="PASS" start="2024-05-01T08:20:34.647145" elapsed="0.000427"/>
</kw>
<kw name="Dictionary Should Contain Key" owner="Collections">
<msg time="2024-05-01T08:20:34.648253" level="INFO">False</msg>
<arg>${json_data['results'][0]['login']}</arg>
<arg>${keyTwo}</arg>
<doc>Fails if ``key`` is not found from ``dictionary``.</doc>
<status status="PASS" start="2024-05-01T08:20:34.647867" elapsed="0.000424"/>
</kw>
<kw name="Log" owner="BuiltIn">
<msg time="2024-05-01T08:20:34.648714" level="INFO">username</msg>
<arg>${keyTwo}</arg>
<doc>Logs the given message with the given level.</doc>
<status status="PASS" start="2024-05-01T08:20:34.648586" elapsed="0.000170"/>
</kw>
<var name="${keyTwo}">username</var>
<status status="PASS" start="2024-05-01T08:20:34.647035" elapsed="0.001937"/>
</iter>
<iter>
<kw name="Dictionary Should Contain Key" owner="Collections">
<msg time="2024-05-01T08:20:34.649722" level="INFO">False</msg>
<arg>${json_data['results'][0]['login']}</arg>
<arg>${keyTwo}</arg>
<doc>Fails if ``key`` is not found from ``dictionary``.</doc>
<status status="PASS" start="2024-05-01T08:20:34.649254" elapsed="0.000508"/>
</kw>
<kw name="Dictionary Should Contain Key" owner="Collections">
<msg time="2024-05-01T08:20:34.650494" level="INFO">False</msg>
<arg>${json_data['results'][0]['login']}</arg>
<arg>${keyTwo}</arg>
<doc>Fails if ``key`` is not found from ``dictionary``.</doc>
<status status="PASS" start="2024-05-01T08:20:34.650058" elapsed="0.000474"/>
</kw>
<kw name="Log" owner="BuiltIn">
<msg time="2024-05-01T08:20:34.650969" level="INFO">password</msg>
<arg>${keyTwo}</arg>
<doc>Logs the given message with the given level.</doc>
<status status="PASS" start="2024-05-01T08:20:34.650841" elapsed="0.000165"/>
</kw>
<var name="${keyTwo}">password</var>
<status status="PASS" start="2024-05-01T08:20:34.649144" elapsed="0.002079"/>
</iter>
<var>${keyTwo}</var>
<value>@{expected_keysTwo}</value>
<status status="PASS" start="2024-05-01T08:20:34.646880" elapsed="0.004463"/>
</for>
<status status="PASS" start="2024-05-01T08:20:34.537828" elapsed="0.113660"/>
</kw>
<doc>Testa a estrutura da resposta da API.</doc>
<tag>testeEstruturaResposta</tag>
<status status="PASS" start="2024-05-01T08:20:34.537327" elapsed="0.114320"/>
</test>
<test id="s1-s1-t4" name="Validar tipos de dados" line="28">
<kw name="Teste de Tipos de Dados" owner="random-user-service">
<kw name="GET On Session" owner="RequestsLibrary">
<msg time="2024-05-01T08:20:34.733415" level="INFO">GET Request : url=https://randomuser.me/api 
 path_url=/api 
 headers={'User-Agent': 'python-requests/2.31.0', 'Accept-Encoding': 'gzip, deflate', 'Accept': '*/*', 'Connection': 'keep-alive'} 
 body=None 
 </msg>
<msg time="2024-05-01T08:20:34.733512" level="INFO">GET Response : url=https://randomuser.me/api 
 status=200, reason=OK 
 headers={'Date': 'Wed, 01 May 2024 08:20:34 GMT', 'Content-Type': 'application/json; charset=utf-8', 'Transfer-Encoding': 'chunked', 'Connection': 'keep-alive', 'X-Powered-By': 'Express', 'Access-Control-Allow-Origin': '*', 'Cache-Control': 'no-cache', 'ETag': 'W/"492-trvTKP5Z0HPFAFx/NfEbQZ7st/8"', 'Vary': 'Accept-Encoding', 'Content-Encoding': 'gzip', 'CF-Cache-Status': 'DYNAMIC', 'Report-To': '{"endpoints":[{"url":"https:\\/\\/a.nel.cloudflare.com\\/report\\/v4?s=QX4SOzv%2Fa9q4%2BTtqu4hOVG8niHv%2FW085z4JCAUZU8qtXTXdXJBItpvYaXPjh%2FK2BL6xqrRUJJpBWnCeWF1l9iBR55EDgbGGs9tqt9euevY4bJ2ZTx6nwf3CA2ISoNuEi"}],"group":"cf-nel","max_age":604800}', 'NEL': '{"success_fraction":0,"report_to":"cf-nel","max_age":604800}', 'Server': 'cloudflare', 'CF-RAY': '87ce5a64998e2341-ORD', 'alt-svc': 'h3=":443"; ma=86400'} 
 body={"results":[{"gender":"male","name":{"title":"Mr","first":"Philip","last":"Fjæreide"},"location":{"street":{"number":2355,"name":"Inga Bjørnsons vei"},"city":"Soknedal","state":"Nordland","country":"Norway","postcode":"8370","coordinates":{"latitude":"45.5333","longitude":"-159.2516"},"timezone":{"offset":"+9:00","description":"Tokyo, Seoul, Osaka, Sapporo, Yakutsk"}},"email":"philip.fjaereide@example.com","login":{"uuid":"c3e36c85-ecf0-4f9e-9769-fb7e36f3ff41","username":"greenmeercat987","password":"hong","salt":"5W0c8I4L","md5":"6f46e09cc1eadc94186f921e4c70b802","sha1":"553aace35e5a99b90ee642581c71830e1b28a456","sha256":"1ab4700d21cf25ac99bee98f635a8e477479e4946ffe779c4c2c8319611ae85c"},"dob":{"date":"1985-08-15T18:45:38.941Z","age":38},"registered":{"date":"2011-06-14T20:25:56.959Z","age":12},"phone":"33929931","cell":"44854475","id":{"name":"FN","value":"15088543367"},"picture":{"large":"https://randomuser.me/api/portraits/men/89.jpg","medium":"https://randomuser.me/api/portraits/med/men/89.jpg","thumbnail":"https://randomuser.me/api/portraits/thumb/men/89.jpg"},"nat":"NO"}],"info":{"seed":"b784da6a985f0911","results":1,"page":1,"version":"1.4"}} 
 </msg>
<msg time="2024-05-01T08:20:34.733586" level="INFO">/opt/hostedtoolcache/Python/3.12.3/x64/lib/python3.12/site-packages/urllib3/connectionpool.py:1103: InsecureRequestWarning: Unverified HTTPS request is being made to host 'randomuser.me'. Adding certificate verification is strongly advised. See: https://urllib3.readthedocs.io/en/latest/advanced-usage.html#tls-warnings
  warnings.warn(</msg>
<msg time="2024-05-01T08:20:34.733723" level="INFO">${response} = &lt;Response [200]&gt;</msg>
<var>${response}</var>
<arg>consultarAPI</arg>
<arg>/api</arg>
<doc>Sends a GET request on a previously created HTTP Session.</doc>
<status status="PASS" start="2024-05-01T08:20:34.654215" elapsed="0.079547"/>
</kw>
<kw name="Set Variable" owner="BuiltIn">
<msg time="2024-05-01T08:20:34.735001" level="INFO">${json_data} = {'results': [{'gender': 'male', 'name': {'title': 'Mr', 'first': 'Philip', 'last': 'Fjæreide'}, 'location': {'street': {'number': 2355, 'name': 'Inga Bjørnsons vei'}, 'city': 'Soknedal', 'state': 'Nor...</msg>
<var>${json_data}</var>
<arg>${response.json()}</arg>
<doc>Returns the given values which can then be assigned to a variables.</doc>
<status status="PASS" start="2024-05-01T08:20:34.734425" elapsed="0.000605"/>
</kw>
<kw name="Log" owner="BuiltIn">
<msg time="2024-05-01T08:20:34.735503" level="INFO">{'results': [{'gender': 'male', 'name': {'title': 'Mr', 'first': 'Philip', 'last': 'Fjæreide'}, 'location': {'street': {'number': 2355, 'name': 'Inga Bjørnsons vei'}, 'city': 'Soknedal', 'state': 'Nordland', 'country': 'Norway', 'postcode': '8370', 'coordinates': {'latitude': '45.5333', 'longitude': '-159.2516'}, 'timezone': {'offset': '+9:00', 'description': 'Tokyo, Seoul, Osaka, Sapporo, Yakutsk'}}, 'email': 'philip.fjaereide@example.com', 'login': {'uuid': 'c3e36c85-ecf0-4f9e-9769-fb7e36f3ff41', 'username': 'greenmeercat987', 'password': 'hong', 'salt': '5W0c8I4L', 'md5': '6f46e09cc1eadc94186f921e4c70b802', 'sha1': '553aace35e5a99b90ee642581c71830e1b28a456', 'sha256': '1ab4700d21cf25ac99bee98f635a8e477479e4946ffe779c4c2c8319611ae85c'}, 'dob': {'date': '1985-08-15T18:45:38.941Z', 'age': 38}, 'registered': {'date': '2011-06-14T20:25:56.959Z', 'age': 12}, 'phone': '33929931', 'cell': '44854475', 'id': {'name': 'FN', 'value': '15088543367'}, 'picture': {'large': 'https://randomuser.me/api/portraits/men/89.jpg', 'medium': 'https://randomuser.me/api/portraits/med/men/89.jpg', 'thumbnail': 'https://randomuser.me/api/portraits/thumb/men/89.jpg'}, 'nat': 'NO'}], 'info': {'seed': 'b784da6a985f0911', 'results': 1, 'page': 1, 'version': '1.4'}}</msg>
<arg>${json_data}</arg>
<doc>Logs the given message with the given level.</doc>
<status status="PASS" start="2024-05-01T08:20:34.735342" elapsed="0.000251"/>
</kw>
<kw name="Should Be String" owner="String">
<arg>${json_data['results'][0]['gender']}</arg>
<doc>Fails if the given ``item`` is not a string.</doc>
<status status="PASS" start="2024-05-01T08:20:34.735900" elapsed="0.000367"/>
</kw>
<kw name="Should Match Regexp" owner="BuiltIn">
<arg>${json_data['results'][0]['email']}</arg>
<arg>^[a-zA-Z0-9._%+-]+@[a-zA-Z0-9.-]+\.[a-zA-Z]{2,}$</arg>
<doc>Fails if ``string`` does not match ``pattern`` as a regular expression.</doc>
<status status="PASS" start="2024-05-01T08:20:34.736460" elapsed="0.000523"/>
</kw>
<kw name="Should Match Regexp" owner="BuiltIn">
<arg>${json_data['results'][0]['dob']['date']}</arg>
<arg>\\d{4}-\\d{2}-\\d{2}T\\d{2}:\\d{2}:\\d{2}\\.\\d{3}Z</arg>
<doc>Fails if ``string`` does not match ``pattern`` as a regular expression.</doc>
<status status="PASS" start="2024-05-01T08:20:34.737179" elapsed="0.000486"/>
</kw>
<kw name="Should Match Regexp" owner="BuiltIn">
<arg>${json_data['results'][0]['registered']['date']}</arg>
<arg>\\d{4}-\\d{2}-\\d{2}T\\d{2}:\\d{2}:\\d{2}\\.\\d{3}Z</arg>
<doc>Fails if ``string`` does not match ``pattern`` as a regular expression.</doc>
<status status="PASS" start="2024-05-01T08:20:34.737854" elapsed="0.000406"/>
</kw>
<kw name="Should Match Regexp" owner="BuiltIn">
<arg>${json_data['results'][0]['picture']['large']}</arg>
<arg>^https?://.*\.(?:png|jpe?g|gif|bmp)$</arg>
<doc>Fails if ``string`` does not match ``pattern`` as a regular expression.</doc>
<status status="PASS" start="2024-05-01T08:20:34.738457" elapsed="0.000468"/>
</kw>
<kw name="Should Match Regexp" owner="BuiltIn">
<arg>${json_data['results'][0]['picture']['medium']}</arg>
<arg>^https?://.*\.(?:png|jpe?g|gif|bmp)$</arg>
<doc>Fails if ``string`` does not match ``pattern`` as a regular expression.</doc>
<status status="PASS" start="2024-05-01T08:20:34.739114" elapsed="0.000363"/>
</kw>
<kw name="Should Match Regexp" owner="BuiltIn">
<arg>${json_data['results'][0]['picture']['thumbnail']}</arg>
<arg>^https?://.*\.(?:png|jpe?g|gif|bmp)$</arg>
<doc>Fails if ``string`` does not match ``pattern`` as a regular expression.</doc>
<status status="PASS" start="2024-05-01T08:20:34.739666" elapsed="0.000356"/>
</kw>
<kw name="Log" owner="BuiltIn">
<msg time="2024-05-01T08:20:34.740530" level="INFO">{'large': 'https://randomuser.me/api/portraits/men/89.jpg', 'medium': 'https://randomuser.me/api/portraits/med/men/89.jpg', 'thumbnail': 'https://randomuser.me/api/portraits/thumb/men/89.jpg'}</msg>
<arg>${json_data['results'][0]['picture']}</arg>
<doc>Logs the given message with the given level.</doc>
<status status="PASS" start="2024-05-01T08:20:34.740205" elapsed="0.000367"/>
</kw>
<status status="PASS" start="2024-05-01T08:20:34.653967" elapsed="0.086864"/>
</kw>
<kw name="Teste de Tipos de Dados - Postcode" owner="random-user-service">
<kw name="GET On Session" owner="RequestsLibrary">
<msg time="2024-05-01T08:20:34.833886" level="INFO">GET Request : url=https://randomuser.me/api 
 path_url=/api 
 headers={'User-Agent': 'python-requests/2.31.0', 'Accept-Encoding': 'gzip, deflate', 'Accept': '*/*', 'Connection': 'keep-alive'} 
 body=None 
 </msg>
<msg time="2024-05-01T08:20:34.833986" level="INFO">GET Response : url=https://randomuser.me/api 
 status=200, reason=OK 
 headers={'Date': 'Wed, 01 May 2024 08:20:34 GMT', 'Content-Type': 'application/json; charset=utf-8', 'Transfer-Encoding': 'chunked', 'Connection': 'keep-alive', 'X-Powered-By': 'Express', 'Access-Control-Allow-Origin': '*', 'Cache-Control': 'no-cache', 'ETag': 'W/"498-JB9fkvIB0fBieY32W+jNCykPUWs"', 'Vary': 'Accept-Encoding', 'Content-Encoding': 'gzip', 'CF-Cache-Status': 'DYNAMIC', 'Report-To': '{"endpoints":[{"url":"https:\\/\\/a.nel.cloudflare.com\\/report\\/v4?s=%2BZ%2B%2Fas3zEt92P%2Fw%2Fc%2Bd9r3eN2%2ByJdbFsmRRmRTnE2Dby19lzm7trCQg9SCazHmjU2Y2wUxdA0GvK8GV45Ehj7KgcnyLMs9ioq2Rf1xeEr6njt4WxIuuTxp2ie4A7aNCd"}],"group":"cf-nel","max_age":604800}', 'NEL': '{"success_fraction":0,"report_to":"cf-nel","max_age":604800}', 'Server': 'cloudflare', 'CF-RAY': '87ce5a6529e42341-ORD', 'alt-svc': 'h3=":443"; ma=86400'} 
 body={"results":[{"gender":"female","name":{"title":"Mrs","first":"Adriana","last":"Ortiz"},"location":{"street":{"number":6600,"name":"Calle del Barquillo"},"city":"Vigo","state":"La Rioja","country":"Spain","postcode":18417,"coordinates":{"latitude":"-32.7437","longitude":"14.8786"},"timezone":{"offset":"+3:00","description":"Baghdad, Riyadh, Moscow, St. Petersburg"}},"email":"adriana.ortiz@example.com","login":{"uuid":"0a58acfc-1965-4908-823d-f1e8f8550b30","username":"smallzebra205","password":"charlott","salt":"KxwKdIXl","md5":"40fdfc8d770f3c6f6aa03784c5dc9799","sha1":"bb2612abc9af3cc6a8fbef2ae0eb230b04e7bd3a","sha256":"4aee7e05428a2fe0313a09f8bf8c258acd3dc3f972b3747d7b6898355e00b213"},"dob":{"date":"1994-10-02T00:20:03.326Z","age":29},"registered":{"date":"2013-05-04T15:18:25.467Z","age":10},"phone":"953-307-200","cell":"639-208-041","id":{"name":"DNI","value":"42614624-O"},"picture":{"large":"https://randomuser.me/api/portraits/women/93.jpg","medium":"https://randomuser.me/api/portraits/med/women/93.jpg","thumbnail":"https://randomuser.me/api/portraits/thumb/women/93.jpg"},"nat":"ES"}],"info":{"seed":"b0531bfccfebc51a","results":1,"page":1,"version":"1.4"}} 
 </msg>
<msg time="2024-05-01T08:20:34.834066" level="INFO">/opt/hostedtoolcache/Python/3.12.3/x64/lib/python3.12/site-packages/urllib3/connectionpool.py:1103: InsecureRequestWarning: Unverified HTTPS request is being made to host 'randomuser.me'. Adding certificate verification is strongly advised. See: https://urllib3.readthedocs.io/en/latest/advanced-usage.html#tls-warnings
  warnings.warn(</msg>
<msg time="2024-05-01T08:20:34.834224" level="INFO">${response} = &lt;Response [200]&gt;</msg>
<var>${response}</var>
<arg>consultarAPI</arg>
<arg>/api</arg>
<doc>Sends a GET request on a previously created HTTP Session.</doc>
<status status="PASS" start="2024-05-01T08:20:34.741294" elapsed="0.092981"/>
</kw>
<kw name="Set Variable" owner="BuiltIn">
<msg time="2024-05-01T08:20:34.835448" level="INFO">${json_data} = {'results': [{'gender': 'female', 'name': {'title': 'Mrs', 'first': 'Adriana', 'last': 'Ortiz'}, 'location': {'street': {'number': 6600, 'name': 'Calle del Barquillo'}, 'city': 'Vigo', 'state': 'La Ri...</msg>
<var>${json_data}</var>
<arg>${response.json()}</arg>
<doc>Returns the given values which can then be assigned to a variables.</doc>
<status status="PASS" start="2024-05-01T08:20:34.834871" elapsed="0.000605"/>
</kw>
<kw name="Log" owner="BuiltIn">
<msg time="2024-05-01T08:20:34.835953" level="INFO">{'results': [{'gender': 'female', 'name': {'title': 'Mrs', 'first': 'Adriana', 'last': 'Ortiz'}, 'location': {'street': {'number': 6600, 'name': 'Calle del Barquillo'}, 'city': 'Vigo', 'state': 'La Rioja', 'country': 'Spain', 'postcode': 18417, 'coordinates': {'latitude': '-32.7437', 'longitude': '14.8786'}, 'timezone': {'offset': '+3:00', 'description': 'Baghdad, Riyadh, Moscow, St. Petersburg'}}, 'email': 'adriana.ortiz@example.com', 'login': {'uuid': '0a58acfc-1965-4908-823d-f1e8f8550b30', 'username': 'smallzebra205', 'password': 'charlott', 'salt': 'KxwKdIXl', 'md5': '40fdfc8d770f3c6f6aa03784c5dc9799', 'sha1': 'bb2612abc9af3cc6a8fbef2ae0eb230b04e7bd3a', 'sha256': '4aee7e05428a2fe0313a09f8bf8c258acd3dc3f972b3747d7b6898355e00b213'}, 'dob': {'date': '1994-10-02T00:20:03.326Z', 'age': 29}, 'registered': {'date': '2013-05-04T15:18:25.467Z', 'age': 10}, 'phone': '953-307-200', 'cell': '639-208-041', 'id': {'name': 'DNI', 'value': '42614624-O'}, 'picture': {'large': 'https://randomuser.me/api/portraits/women/93.jpg', 'medium': 'https://randomuser.me/api/portraits/med/women/93.jpg', 'thumbnail': 'https://randomuser.me/api/portraits/thumb/women/93.jpg'}, 'nat': 'ES'}], 'info': {'seed': 'b0531bfccfebc51a', 'results': 1, 'page': 1, 'version': '1.4'}}</msg>
<arg>${json_data}</arg>
<doc>Logs the given message with the given level.</doc>
<status status="PASS" start="2024-05-01T08:20:34.835789" elapsed="0.000246"/>
</kw>
<kw name="Should Be Equal As Numbers" owner="BuiltIn">
<arg>${json_data['results'][0]['location']['postcode']}</arg>
<arg>${json_data['results'][0]['location']['postcode']}</arg>
<doc>Fails if objects are unequal after converting them to real numbers.</doc>
<status status="PASS" start="2024-05-01T08:20:34.836508" elapsed="0.000634"/>
</kw>
<kw name="Log" owner="BuiltIn">
<msg time="2024-05-01T08:20:34.837673" level="INFO">18417</msg>
<arg>${json_data['results'][0]['location']['postcode']}</arg>
<doc>Logs the given message with the given level.</doc>
<status status="PASS" start="2024-05-01T08:20:34.837336" elapsed="0.000377"/>
</kw>
<status status="PASS" start="2024-05-01T08:20:34.741064" elapsed="0.096903"/>
</kw>
<doc>Testa se os tipos de dados na resposta da API estão corretos.</doc>
<tag>testeTiposDados</tag>
<status status="PASS" start="2024-05-01T08:20:34.653483" elapsed="0.184657"/>
</test>
<test id="s1-s1-t5" name="Validar conteudo" line="35">
<kw name="Teste de Tipos de Conteudo" owner="random-user-service">
<kw name="GET On Session" owner="RequestsLibrary">
<msg time="2024-05-01T08:20:34.949237" level="INFO">GET Request : url=https://randomuser.me/api 
 path_url=/api 
 headers={'User-Agent': 'python-requests/2.31.0', 'Accept-Encoding': 'gzip, deflate', 'Accept': '*/*', 'Connection': 'keep-alive'} 
 body=None 
 </msg>
<msg time="2024-05-01T08:20:34.949323" level="INFO">GET Response : url=https://randomuser.me/api 
 status=200, reason=OK 
 headers={'Date': 'Wed, 01 May 2024 08:20:34 GMT', 'Content-Type': 'application/json; charset=utf-8', 'Transfer-Encoding': 'chunked', 'Connection': 'keep-alive', 'X-Powered-By': 'Express', 'Access-Control-Allow-Origin': '*', 'Cache-Control': 'no-cache', 'ETag': 'W/"488-lFfmudyUuOdbKpfwDdHs8rQ5vXE"', 'Vary': 'Accept-Encoding', 'Content-Encoding': 'gzip', 'CF-Cache-Status': 'DYNAMIC', 'Report-To': '{"endpoints":[{"url":"https:\\/\\/a.nel.cloudflare.com\\/report\\/v4?s=7gz3wtDzK6Jz2IxXW72V6LmiGq7DCZANXYnBayIeHoRH0rYg1HkIeKP6khioc1ZVDDGvL8MYpBTnO1tm5adNLmrmcfUuKJiUSqmE8YIxTrXYFaDWSkCs6NJa6K2gZ2Mx"}],"group":"cf-nel","max_age":604800}', 'NEL': '{"success_fraction":0,"report_to":"cf-nel","max_age":604800}', 'Server': 'cloudflare', 'CF-RAY': '87ce5a65ca382341-ORD', 'alt-svc': 'h3=":443"; ma=86400'} 
 body={"results":[{"gender":"male","name":{"title":"Mr","first":"Shaun","last":"Reed"},"location":{"street":{"number":6061,"name":"Church Street"},"city":"Derby","state":"Cumbria","country":"United Kingdom","postcode":"DR82 6ZB","coordinates":{"latitude":"-6.9907","longitude":"-56.5349"},"timezone":{"offset":"-8:00","description":"Pacific Time (US &amp; Canada)"}},"email":"shaun.reed@example.com","login":{"uuid":"eb29243a-bfbf-45af-8660-de04894c522a","username":"happybear856","password":"giraffe","salt":"S0T9vQ9b","md5":"0bcd8aaf5c873caf8e030754e96637a4","sha1":"fcdcfea998c97f0d0212e8a9c6cab552ff349466","sha256":"bc552bc275897990b060d774d52d6dbbd47041aa3f9141e991a5a45be0b9ef2b"},"dob":{"date":"1997-01-19T16:02:26.105Z","age":27},"registered":{"date":"2002-11-29T06:10:48.671Z","age":21},"phone":"015242 32250","cell":"07390 001738","id":{"name":"NINO","value":"YH 50 42 27 V"},"picture":{"large":"https://randomuser.me/api/portraits/men/25.jpg","medium":"https://randomuser.me/api/portraits/med/men/25.jpg","thumbnail":"https://randomuser.me/api/portraits/thumb/men/25.jpg"},"nat":"GB"}],"info":{"seed":"9a6ac2eef8ee15f7","results":1,"page":1,"version":"1.4"}} 
 </msg>
<msg time="2024-05-01T08:20:34.949397" level="INFO">/opt/hostedtoolcache/Python/3.12.3/x64/lib/python3.12/site-packages/urllib3/connectionpool.py:1103: InsecureRequestWarning: Unverified HTTPS request is being made to host 'randomuser.me'. Adding certificate verification is strongly advised. See: https://urllib3.readthedocs.io/en/latest/advanced-usage.html#tls-warnings
  warnings.warn(</msg>
<msg time="2024-05-01T08:20:34.949505" level="INFO">${response} = &lt;Response [200]&gt;</msg>
<var>${response}</var>
<arg>consultarAPI</arg>
<arg>/api</arg>
<doc>Sends a GET request on a previously created HTTP Session.</doc>
<status status="PASS" start="2024-05-01T08:20:34.840682" elapsed="0.108860"/>
</kw>
<kw name="Set Variable" owner="BuiltIn">
<msg time="2024-05-01T08:20:34.950449" level="INFO">${json_data} = {'results': [{'gender': 'male', 'name': {'title': 'Mr', 'first': 'Shaun', 'last': 'Reed'}, 'location': {'street': {'number': 6061, 'name': 'Church Street'}, 'city': 'Derby', 'state': 'Cumbria', 'count...</msg>
<var>${json_data}</var>
<arg>${response.json()}</arg>
<doc>Returns the given values which can then be assigned to a variables.</doc>
<status status="PASS" start="2024-05-01T08:20:34.949953" elapsed="0.000524"/>
</kw>
<kw name="Set Variable" owner="BuiltIn">
<msg time="2024-05-01T08:20:34.951169" level="INFO">${name_title} = Mr</msg>
<var>${name_title}</var>
<arg>${json_data["results"][0]["name"]["title"]}</arg>
<doc>Returns the given values which can then be assigned to a variables.</doc>
<status status="PASS" start="2024-05-01T08:20:34.950781" elapsed="0.000413"/>
</kw>
<kw name="Create List" owner="BuiltIn">
<msg time="2024-05-01T08:20:34.951640" level="INFO">${allowed_titles} = ['Mr', 'Ms', 'Miss', 'Mrs', 'Madame', 'Monsieur']</msg>
<var>${allowed_titles}</var>
<arg>Mr</arg>
<arg>Ms</arg>
<arg>Miss</arg>
<arg>Mrs</arg>
<arg>Madame</arg>
<arg>Monsieur</arg>
<doc>Returns a list containing given items.</doc>
<status status="PASS" start="2024-05-01T08:20:34.951491" elapsed="0.000174"/>
</kw>
<kw name="List Should Contain Value" owner="Collections">
<msg time="2024-05-01T08:20:34.952133" level="INFO">False</msg>
<arg>${allowed_titles}</arg>
<arg>${name_title}</arg>
<doc>Fails if the ``value`` is not found from ``list``.</doc>
<status status="PASS" start="2024-05-01T08:20:34.951962" elapsed="0.000207"/>
</kw>
<kw name="Set Variable" owner="BuiltIn">
<msg time="2024-05-01T08:20:34.952849" level="INFO">${name_country} = GB</msg>
<var>${name_country}</var>
<arg>${json_data["results"][0]["nat"]}</arg>
<doc>Returns the given values which can then be assigned to a variables.</doc>
<status status="PASS" start="2024-05-01T08:20:34.952460" elapsed="0.000414"/>
</kw>
<kw name="Create List" owner="BuiltIn">
<msg time="2024-05-01T08:20:34.953760" level="INFO">${list_country} = ['AD', 'AE', 'AF', 'AG', 'AI', 'AL', 'AM', 'AO', 'AQ', 'AR', 'AS', 'AT', 'AU', 'AW', 'AX', 'AZ', 'BA', 'BB', 'BD', 'BE', 'BF', 'BG', 'BH', 'BI', 'BJ', 'BL', 'BM', 'BN', 'BO', 'BQ', 'BR', 'BS', 'BT', '...</msg>
<var>${list_country}</var>
<arg>AD</arg>
<arg>AE</arg>
<arg>AF</arg>
<arg>AG</arg>
<arg>AI</arg>
<arg>AL</arg>
<arg>AM</arg>
<arg>AO</arg>
<arg>AQ</arg>
<arg>AR</arg>
<arg>AS</arg>
<arg>AT</arg>
<arg>AU</arg>
<arg>AW</arg>
<arg>AX</arg>
<arg>AZ</arg>
<arg>BA</arg>
<arg>BB</arg>
<arg>BD</arg>
<arg>BE</arg>
<arg>BF</arg>
<arg>BG</arg>
<arg>BH</arg>
<arg>BI</arg>
<arg>BJ</arg>
<arg>BL</arg>
<arg>BM</arg>
<arg>BN</arg>
<arg>BO</arg>
<arg>BQ</arg>
<arg>BR</arg>
<arg>BS</arg>
<arg>BT</arg>
<arg>BV</arg>
<arg>BW</arg>
<arg>BY</arg>
<arg>BZ</arg>
<arg>CA</arg>
<arg>CC</arg>
<arg>CD</arg>
<arg>CF</arg>
<arg>CG</arg>
<arg>CH</arg>
<arg>CI</arg>
<arg>CK</arg>
<arg>CL</arg>
<arg>CM</arg>
<arg>CN</arg>
<arg>CO</arg>
<arg>CR</arg>
<arg>CU</arg>
<arg>CV</arg>
<arg>CW</arg>
<arg>CX</arg>
<arg>CY</arg>
<arg>CZ</arg>
<arg>DE</arg>
<arg>DJ</arg>
<arg>DK</arg>
<arg>DM</arg>
<arg>DO</arg>
<arg>DZ</arg>
<arg>EC</arg>
<arg>EE</arg>
<arg>EG</arg>
<arg>EH</arg>
<arg>ER</arg>
<arg>ES</arg>
<arg>ET</arg>
<arg>FI</arg>
<arg>FJ</arg>
<arg>FK</arg>
<arg>FM</arg>
<arg>FO</arg>
<arg>FR</arg>
<arg>GA</arg>
<arg>GB</arg>
<arg>GD</arg>
<arg>GE</arg>
<arg>GF</arg>
<arg>GG</arg>
<arg>GH</arg>
<arg>GI</arg>
<arg>GL</arg>
<arg>GM</arg>
<arg>GN</arg>
<arg>GP</arg>
<arg>GQ</arg>
<arg>GR</arg>
<arg>GS</arg>
<arg>GT</arg>
<arg>GU</arg>
<arg>GW</arg>
<arg>GY</arg>
<arg>HK</arg>
<arg>HM</arg>
<arg>HN</arg>
<arg>HR</arg>
<arg>HT</arg>
<arg>HU</arg>
<arg>ID</arg>
<arg>IE</arg>
<arg>IL</arg>
<arg>IM</arg>
<arg>IN</arg>
<arg>IO</arg>
<arg>IQ</arg>
<arg>IR</arg>
<arg>IS</arg>
<arg>IT</arg>
<arg>JE</arg>
<arg>JM</arg>
<arg>JO</arg>
<arg>JP</arg>
<arg>KE</arg>
<arg>KG</arg>
<arg>KH</arg>
<arg>KI</arg>
<arg>KM</arg>
<arg>KN</arg>
<arg>KP</arg>
<arg>KR</arg>
<arg>KW</arg>
<arg>KY</arg>
<arg>KZ</arg>
<arg>LA</arg>
<arg>LB</arg>
<arg>LC</arg>
<arg>LI</arg>
<arg>LK</arg>
<arg>LR</arg>
<arg>LS</arg>
<arg>LT</arg>
<arg>LU</arg>
<arg>LV</arg>
<arg>LY</arg>
<arg>MA</arg>
<arg>MC</arg>
<arg>MD</arg>
<arg>ME</arg>
<arg>MF</arg>
<arg>MG</arg>
<arg>MH</arg>
<arg>MK</arg>
<arg>ML</arg>
<arg>MM</arg>
<arg>MN</arg>
<arg>MO</arg>
<arg>MP</arg>
<arg>MQ</arg>
<arg>MR</arg>
<arg>MS</arg>
<arg>MT</arg>
<arg>MU</arg>
<arg>MV</arg>
<arg>MW</arg>
<arg>MX</arg>
<arg>MY</arg>
<arg>MZ</arg>
<arg>NA</arg>
<arg>NC</arg>
<arg>NE</arg>
<arg>NF</arg>
<arg>NG</arg>
<arg>NI</arg>
<arg>NL</arg>
<arg>NO</arg>
<arg>NP</arg>
<arg>NR</arg>
<arg>NU</arg>
<arg>NZ</arg>
<arg>OM</arg>
<arg>PA</arg>
<arg>PE</arg>
<arg>PF</arg>
<arg>PG</arg>
<arg>PH</arg>
<arg>PK</arg>
<arg>PL</arg>
<arg>PM</arg>
<arg>PN</arg>
<arg>PR</arg>
<arg>PS</arg>
<arg>PT</arg>
<arg>PW</arg>
<arg>PY</arg>
<arg>QA</arg>
<arg>RE</arg>
<arg>RO</arg>
<arg>RS</arg>
<arg>RU</arg>
<arg>RW</arg>
<arg>SA</arg>
<arg>SB</arg>
<arg>SC</arg>
<arg>SD</arg>
<arg>SE</arg>
<arg>SG</arg>
<arg>SH</arg>
<arg>SI</arg>
<arg>SJ</arg>
<arg>SK</arg>
<arg>SL</arg>
<arg>SM</arg>
<arg>SN</arg>
<arg>SO</arg>
<arg>SR</arg>
<arg>SS</arg>
<arg>ST</arg>
<arg>SV</arg>
<arg>SX</arg>
<arg>SY</arg>
<arg>SZ</arg>
<arg>TC</arg>
<arg>TD</arg>
<arg>TF</arg>
<arg>TG</arg>
<arg>TH</arg>
<arg>TJ</arg>
<arg>TK</arg>
<arg>TL</arg>
<arg>TM</arg>
<arg>TN</arg>
<arg>TO</arg>
<arg>TR</arg>
<arg>TT</arg>
<arg>TV</arg>
<arg>TW</arg>
<arg>TZ</arg>
<arg>UA</arg>
<arg>UG</arg>
<arg>UM</arg>
<arg>US</arg>
<arg>UY</arg>
<arg>UZ</arg>
<arg>VA</arg>
<arg>VC</arg>
<arg>VE</arg>
<arg>VG</arg>
<arg>VI</arg>
<arg>VN</arg>
<arg>VU</arg>
<arg>WF</arg>
<arg>WS</arg>
<arg>XK</arg>
<arg>YE</arg>
<arg>YT</arg>
<arg>ZA</arg>
<arg>ZM</arg>
<arg>ZW</arg>
<doc>Returns a list containing given items.</doc>
<status status="PASS" start="2024-05-01T08:20:34.953174" elapsed="0.000612"/>
</kw>
<kw name="List Should Contain Value" owner="Collections">
<msg time="2024-05-01T08:20:34.954787" level="INFO">False</msg>
<arg>${list_country}</arg>
<arg>${name_country}</arg>
<doc>Fails if the ``value`` is not found from ``list``.</doc>
<status status="PASS" start="2024-05-01T08:20:34.954589" elapsed="0.000233"/>
</kw>
<kw name="Run Keyword If" owner="BuiltIn">
<kw name="Should Be True" owner="BuiltIn">
<arg>${True}</arg>
<doc>Fails if the given condition is not true.</doc>
<status status="PASS" start="2024-05-01T08:20:34.955896" elapsed="0.000248"/>
</kw>
<arg>${json_data["results"][0]["location"]["coordinates"]["latitude"]} &gt;= -90 and ${json_data["results"][0]["location"]["coordinates"]["latitude"]} &lt;= 90</arg>
<arg>Should Be True</arg>
<arg>${True}</arg>
<doc>Runs the given keyword with the given arguments, if ``condition`` is true.</doc>
<status status="PASS" start="2024-05-01T08:20:34.955134" elapsed="0.001145"/>
</kw>
<kw name="Run Keyword If" owner="BuiltIn">
<kw name="Should Be True" owner="BuiltIn">
<arg>${True}</arg>
<doc>Fails if the given condition is not true.</doc>
<status status="PASS" start="2024-05-01T08:20:34.957162" elapsed="0.000139"/>
</kw>
<arg>${json_data["results"][0]["location"]["coordinates"]["longitude"]} &gt;= -180 and ${json_data["results"][0]["location"]["coordinates"]["longitude"]} &lt;= 180</arg>
<arg>Should Be True</arg>
<arg>${True}</arg>
<doc>Runs the given keyword with the given arguments, if ``condition`` is true.</doc>
<status status="PASS" start="2024-05-01T08:20:34.956464" elapsed="0.000959"/>
</kw>
<status status="PASS" start="2024-05-01T08:20:34.840455" elapsed="0.117097"/>
</kw>
<doc>Testa o conteúdo específico dos campos retornados pela API.</doc>
<tag>testeConteudo</tag>
<status status="PASS" start="2024-05-01T08:20:34.839989" elapsed="0.117706"/>
</test>
<status status="PASS" start="2024-05-01T08:20:34.136701" elapsed="0.822977"/>
</suite>
<status status="PASS" start="2024-05-01T08:20:34.121989" elapsed="0.842822"/>
</suite>
<statistics>
<total>
<stat pass="5" fail="0" skip="0">All Tests</stat>
</total>
<tag>
<stat pass="1" fail="0" skip="0">testeConteudo</stat>
<stat pass="1" fail="0" skip="0">testeEstruturaResposta</stat>
<stat pass="1" fail="0" skip="0">testeRequisicaoBasica</stat>
<stat pass="1" fail="0" skip="0">testeTiposDados</stat>
</tag>
<suite>
<stat pass="5" fail="0" skip="0" id="s1" name="Tests">Tests</stat>
<stat pass="5" fail="0" skip="0" id="s1-s1" name="Random-User-Test">Tests.Random-User-Test</stat>
</suite>
</statistics>
<errors>
</errors>
</robot>
