<?xml version="1.0" encoding="UTF-8"?>
<robot generator="Robot 7.0 (Python 3.12.3 on linux)" generated="2024-04-18T04:16:21.701414" rpa="false" schemaversion="5">
<suite id="s1" name="Tests" source="/home/runner/work/DesafioQAItauRogerioJordao/DesafioQAItauRogerioJordao/RamdonUser/tests">
<suite id="s1-s1" name="Random-User-Test" source="/home/runner/work/DesafioQAItauRogerioJordao/DesafioQAItauRogerioJordao/RamdonUser/tests/random-user-test.robot">
<test id="s1-s1-t1" name="Conectar" line="13">
<kw name="Conectar API" owner="random-user-service">
<kw name="Create Session" owner="RequestsLibrary">
<msg time="2024-04-18T04:16:22.078821" level="INFO">Creating Session using : alias=consultarAPI, url=https://randomuser.me/, headers={},                     cookies={}, auth=None, timeout=None, proxies=None, verify=False,                     debug=0 </msg>
<arg>consultarAPI</arg>
<arg>${URL}</arg>
<doc>Create Session: create a HTTP session to a server</doc>
<status status="PASS" start="2024-04-18T04:16:22.078626" elapsed="0.000369"/>
</kw>
<status status="PASS" start="2024-04-18T04:16:22.077680" elapsed="0.001670"/>
</kw>
<status status="PASS" start="2024-04-18T04:16:22.077143" elapsed="0.002399"/>
</test>
<test id="s1-s1-t2" name="Validar retorno 200 e JSON Válido" line="16">
<kw name="Teste de Requisicao Basica" owner="random-user-service">
<kw name="GET On Session" owner="RequestsLibrary">
<msg time="2024-04-18T04:16:22.505690" level="INFO">GET Request : url=https://randomuser.me/api 
 path_url=/api 
 headers={'User-Agent': 'python-requests/2.31.0', 'Accept-Encoding': 'gzip, deflate', 'Accept': '*/*', 'Connection': 'keep-alive'} 
 body=None 
 </msg>
<msg time="2024-04-18T04:16:22.505840" level="INFO">GET Response : url=https://randomuser.me/api 
 status=200, reason=OK 
 headers={'Date': 'Thu, 18 Apr 2024 04:16:22 GMT', 'Content-Type': 'application/json; charset=utf-8', 'Transfer-Encoding': 'chunked', 'Connection': 'keep-alive', 'X-Powered-By': 'Express', 'Access-Control-Allow-Origin': '*', 'Cache-Control': 'no-cache', 'ETag': 'W/"477-+oXFUTL9mh7PCGhRNyVc2UpizgQ"', 'Vary': 'Accept-Encoding', 'Content-Encoding': 'gzip', 'CF-Cache-Status': 'DYNAMIC', 'Report-To': '{"endpoints":[{"url":"https:\\/\\/a.nel.cloudflare.com\\/report\\/v4?s=HCBPFdknwuuE5NOZCgytqsv7uKae74Vh5071l71Stp2ymzShcn%2Bcg%2Fswo5gVigcWzbafpnoyCCEKg%2Fg9DKrYqKGkqoxz%2BJ%2BI6qVHE%2FmBQKa5M0%2FCODIHoNSGlE6hzOU2"}],"group":"cf-nel","max_age":604800}', 'NEL': '{"success_fraction":0,"report_to":"cf-nel","max_age":604800}', 'Server': 'cloudflare', 'CF-RAY': '8761d6ca29829434-SJC', 'alt-svc': 'h3=":443"; ma=86400'} 
 body={"results":[{"gender":"female","name":{"title":"Ms","first":"Natalie","last":"Wright"},"location":{"street":{"number":276,"name":"Wilson Road"},"city":"Whanganui","state":"Waikato","country":"New Zealand","postcode":47507,"coordinates":{"latitude":"50.2812","longitude":"15.7650"},"timezone":{"offset":"+5:45","description":"Kathmandu"}},"email":"natalie.wright@example.com","login":{"uuid":"bffc0fed-65e7-4a69-8d19-bc5dee7bd20d","username":"organicpanda777","password":"aviation","salt":"u7DOyJH2","md5":"27484d89d7d75c856dd73e576e9c0ef6","sha1":"2907eb86b6bf3c591fe0e0184d8965dbb26ae4b3","sha256":"f7d0ffc4e2b871db0f5289d9eb37b2797d546c1f06abb04cc1d483ba2a613eaf"},"dob":{"date":"1964-12-23T20:11:03.451Z","age":59},"registered":{"date":"2019-07-21T05:29:15.842Z","age":4},"phone":"(846)-810-8735","cell":"(462)-415-2926","id":{"name":"","value":null},"picture":{"large":"https://randomuser.me/api/portraits/women/88.jpg","medium":"https://randomuser.me/api/portraits/med/women/88.jpg","thumbnail":"https://randomuser.me/api/portraits/thumb/women/88.jpg"},"nat":"NZ"}],"info":{"seed":"e22feae09508aefd","results":1,"page":1,"version":"1.4"}} 
 </msg>
<msg time="2024-04-18T04:16:22.505937" level="INFO">/opt/hostedtoolcache/Python/3.12.3/x64/lib/python3.12/site-packages/urllib3/connectionpool.py:1103: InsecureRequestWarning: Unverified HTTPS request is being made to host 'randomuser.me'. Adding certificate verification is strongly advised. See: https://urllib3.readthedocs.io/en/latest/advanced-usage.html#tls-warnings
  warnings.warn(</msg>
<msg time="2024-04-18T04:16:22.506085" level="INFO">${response} = &lt;Response [200]&gt;</msg>
<var>${response}</var>
<arg>consultarAPI</arg>
<arg>/api</arg>
<doc>Sends a GET request on a previously created HTTP Session.</doc>
<status status="PASS" start="2024-04-18T04:16:22.082178" elapsed="0.423950"/>
</kw>
<kw name="Should Be Equal As Numbers" owner="BuiltIn">
<msg time="2024-04-18T04:16:22.507016" level="INFO">Argument types are:
&lt;class 'int'&gt;
&lt;class 'str'&gt;</msg>
<arg>${response.status_code}</arg>
<arg>200</arg>
<doc>Fails if objects are unequal after converting them to real numbers.</doc>
<status status="PASS" start="2024-04-18T04:16:22.506587" elapsed="0.000491"/>
</kw>
<kw name="Log" owner="BuiltIn">
<msg time="2024-04-18T04:16:22.507797" level="INFO">200</msg>
<arg>${response.status_code}</arg>
<doc>Logs the given message with the given level.</doc>
<status status="PASS" start="2024-04-18T04:16:22.507413" elapsed="0.000426"/>
</kw>
<kw name="Set Variable" owner="BuiltIn">
<msg time="2024-04-18T04:16:22.508570" level="INFO">${json_data} = {'results': [{'gender': 'female', 'name': {'title': 'Ms', 'first': 'Natalie', 'last': 'Wright'}, 'location': {'street': {'number': 276, 'name': 'Wilson Road'}, 'city': 'Whanganui', 'state': 'Waikato',...</msg>
<var>${json_data}</var>
<arg>${response.json()}</arg>
<doc>Returns the given values which can then be assigned to a variables.</doc>
<status status="PASS" start="2024-04-18T04:16:22.508141" elapsed="0.000456"/>
</kw>
<kw name="Dictionary Should Contain Key" owner="Collections">
<msg time="2024-04-18T04:16:22.509095" level="INFO">False</msg>
<arg>${json_data}</arg>
<arg>results</arg>
<doc>Fails if ``key`` is not found from ``dictionary``.</doc>
<status status="PASS" start="2024-04-18T04:16:22.508906" elapsed="0.000228"/>
</kw>
<status status="PASS" start="2024-04-18T04:16:22.081931" elapsed="0.427459"/>
</kw>
<doc>Testa se a API responde corretamente e retorna um objeto JSON válido.</doc>
<tag>testeRequisicaoBasica</tag>
<status status="PASS" start="2024-04-18T04:16:22.081463" elapsed="0.428099"/>
</test>
<test id="s1-s1-t3" name="Validar estrutura de resposta" line="22">
<kw name="Teste de Estrutura de Resposta" owner="random-user-service">
<kw name="GET On Session" owner="RequestsLibrary">
<msg time="2024-04-18T04:16:22.599809" level="INFO">GET Request : url=https://randomuser.me/api 
 path_url=/api 
 headers={'User-Agent': 'python-requests/2.31.0', 'Accept-Encoding': 'gzip, deflate', 'Accept': '*/*', 'Connection': 'keep-alive'} 
 body=None 
 </msg>
<msg time="2024-04-18T04:16:22.599895" level="INFO">GET Response : url=https://randomuser.me/api 
 status=200, reason=OK 
 headers={'Date': 'Thu, 18 Apr 2024 04:16:22 GMT', 'Content-Type': 'application/json; charset=utf-8', 'Transfer-Encoding': 'chunked', 'Connection': 'keep-alive', 'X-Powered-By': 'Express', 'Access-Control-Allow-Origin': '*', 'Cache-Control': 'no-cache', 'ETag': 'W/"48b-vLTyQveCRzauiax56ySkKLPzdNg"', 'Vary': 'Accept-Encoding', 'Content-Encoding': 'gzip', 'CF-Cache-Status': 'DYNAMIC', 'Report-To': '{"endpoints":[{"url":"https:\\/\\/a.nel.cloudflare.com\\/report\\/v4?s=MPp9SKecbcdlZ8Ikq4i0sKrz6NFd8epEA4ndxZX6EZRcLyBZKJB2GHnyioGlUrhcQNgUkIlGfhtYbu3vmjj0nIKspjnsSAEBgbGbmiZVja4qvvb8P1lkJW0%2F2tpgLOnP"}],"group":"cf-nel","max_age":604800}', 'NEL': '{"success_fraction":0,"report_to":"cf-nel","max_age":604800}', 'Server': 'cloudflare', 'CF-RAY': '8761d6ccbac19434-SJC', 'alt-svc': 'h3=":443"; ma=86400'} 
 body={"results":[{"gender":"female","name":{"title":"Mrs","first":"Charlene","last":"Powell"},"location":{"street":{"number":9223,"name":"N Stelling Rd"},"city":"Sunnyvale","state":"Rhode Island","country":"United States","postcode":98733,"coordinates":{"latitude":"85.3702","longitude":"117.7186"},"timezone":{"offset":"+5:45","description":"Kathmandu"}},"email":"charlene.powell@example.com","login":{"uuid":"2b9be8dc-fbff-4324-a2ad-8c277e77b2b0","username":"smalllion814","password":"noah","salt":"U99oiq4j","md5":"25f22b6aba7eeea47d038112557f42e8","sha1":"45c0da621a7041fa5017ab8e3a107208305faa2c","sha256":"8daa87dc066fdb6206375487228e085e575cde8f661c65e1355649ca474597dc"},"dob":{"date":"1954-11-16T18:30:34.032Z","age":69},"registered":{"date":"2012-03-02T04:49:53.713Z","age":12},"phone":"(944) 717-0730","cell":"(650) 663-4549","id":{"name":"SSN","value":"781-44-3759"},"picture":{"large":"https://randomuser.me/api/portraits/women/46.jpg","medium":"https://randomuser.me/api/portraits/med/women/46.jpg","thumbnail":"https://randomuser.me/api/portraits/thumb/women/46.jpg"},"nat":"US"}],"info":{"seed":"58fdbe6f231b907f","results":1,"page":1,"version":"1.4"}} 
 </msg>
<msg time="2024-04-18T04:16:22.600018" level="INFO">/opt/hostedtoolcache/Python/3.12.3/x64/lib/python3.12/site-packages/urllib3/connectionpool.py:1103: InsecureRequestWarning: Unverified HTTPS request is being made to host 'randomuser.me'. Adding certificate verification is strongly advised. See: https://urllib3.readthedocs.io/en/latest/advanced-usage.html#tls-warnings
  warnings.warn(</msg>
<msg time="2024-04-18T04:16:22.600135" level="INFO">${response} = &lt;Response [200]&gt;</msg>
<var>${response}</var>
<arg>consultarAPI</arg>
<arg>/api</arg>
<doc>Sends a GET request on a previously created HTTP Session.</doc>
<status status="PASS" start="2024-04-18T04:16:22.512096" elapsed="0.088074"/>
</kw>
<kw name="Set Variable" owner="BuiltIn">
<msg time="2024-04-18T04:16:22.601128" level="INFO">${json_data} = {'results': [{'gender': 'female', 'name': {'title': 'Mrs', 'first': 'Charlene', 'last': 'Powell'}, 'location': {'street': {'number': 9223, 'name': 'N Stelling Rd'}, 'city': 'Sunnyvale', 'state': 'Rhod...</msg>
<var>${json_data}</var>
<arg>${response.json()}</arg>
<doc>Returns the given values which can then be assigned to a variables.</doc>
<status status="PASS" start="2024-04-18T04:16:22.600602" elapsed="0.000554"/>
</kw>
<kw name="Log" owner="BuiltIn">
<msg time="2024-04-18T04:16:22.601612" level="INFO">{'results': [{'gender': 'female', 'name': {'title': 'Mrs', 'first': 'Charlene', 'last': 'Powell'}, 'location': {'street': {'number': 9223, 'name': 'N Stelling Rd'}, 'city': 'Sunnyvale', 'state': 'Rhode Island', 'country': 'United States', 'postcode': 98733, 'coordinates': {'latitude': '85.3702', 'longitude': '117.7186'}, 'timezone': {'offset': '+5:45', 'description': 'Kathmandu'}}, 'email': 'charlene.powell@example.com', 'login': {'uuid': '2b9be8dc-fbff-4324-a2ad-8c277e77b2b0', 'username': 'smalllion814', 'password': 'noah', 'salt': 'U99oiq4j', 'md5': '25f22b6aba7eeea47d038112557f42e8', 'sha1': '45c0da621a7041fa5017ab8e3a107208305faa2c', 'sha256': '8daa87dc066fdb6206375487228e085e575cde8f661c65e1355649ca474597dc'}, 'dob': {'date': '1954-11-16T18:30:34.032Z', 'age': 69}, 'registered': {'date': '2012-03-02T04:49:53.713Z', 'age': 12}, 'phone': '(944) 717-0730', 'cell': '(650) 663-4549', 'id': {'name': 'SSN', 'value': '781-44-3759'}, 'picture': {'large': 'https://randomuser.me/api/portraits/women/46.jpg', 'medium': 'https://randomuser.me/api/portraits/med/women/46.jpg', 'thumbnail': 'https://randomuser.me/api/portraits/thumb/women/46.jpg'}, 'nat': 'US'}], 'info': {'seed': '58fdbe6f231b907f', 'results': 1, 'page': 1, 'version': '1.4'}}</msg>
<arg>${json_data}</arg>
<doc>Logs the given message with the given level.</doc>
<status status="PASS" start="2024-04-18T04:16:22.601459" elapsed="0.000200"/>
</kw>
<kw name="Dictionary Should Contain Key" owner="Collections">
<msg time="2024-04-18T04:16:22.602096" level="INFO">False</msg>
<arg>${json_data}</arg>
<arg>results</arg>
<doc>Fails if ``key`` is not found from ``dictionary``.</doc>
<status status="PASS" start="2024-04-18T04:16:22.601946" elapsed="0.000186"/>
</kw>
<kw name="Should Not Be Empty" owner="BuiltIn">
<msg time="2024-04-18T04:16:22.602554" level="INFO">Length is 2.</msg>
<arg>${json_data}</arg>
<doc>Verifies that the given item is not empty.</doc>
<status status="PASS" start="2024-04-18T04:16:22.602427" elapsed="0.000287"/>
</kw>
<kw name="Create List" owner="BuiltIn">
<msg time="2024-04-18T04:16:22.603160" level="INFO">${expected_keys} = ['gender', 'name', 'location', 'email', 'login']</msg>
<var>${expected_keys}</var>
<arg>gender</arg>
<arg>name</arg>
<arg>location</arg>
<arg>email</arg>
<arg>login</arg>
<doc>Returns a list containing given items.</doc>
<status status="PASS" start="2024-04-18T04:16:22.603013" elapsed="0.000170"/>
</kw>
<for flavor="IN">
<iter>
<kw name="Dictionary Should Contain Key" owner="Collections">
<msg time="2024-04-18T04:16:22.604167" level="INFO">False</msg>
<arg>${json_data['results'][0]}</arg>
<arg>${key}</arg>
<doc>Fails if ``key`` is not found from ``dictionary``.</doc>
<status status="PASS" start="2024-04-18T04:16:22.603765" elapsed="0.000440"/>
</kw>
<kw name="Log" owner="BuiltIn">
<msg time="2024-04-18T04:16:22.604858" level="INFO">{'gender': 'female', 'name': {'title': 'Mrs', 'first': 'Charlene', 'last': 'Powell'}, 'location': {'street': {'number': 9223, 'name': 'N Stelling Rd'}, 'city': 'Sunnyvale', 'state': 'Rhode Island', 'country': 'United States', 'postcode': 98733, 'coordinates': {'latitude': '85.3702', 'longitude': '117.7186'}, 'timezone': {'offset': '+5:45', 'description': 'Kathmandu'}}, 'email': 'charlene.powell@example.com', 'login': {'uuid': '2b9be8dc-fbff-4324-a2ad-8c277e77b2b0', 'username': 'smalllion814', 'password': 'noah', 'salt': 'U99oiq4j', 'md5': '25f22b6aba7eeea47d038112557f42e8', 'sha1': '45c0da621a7041fa5017ab8e3a107208305faa2c', 'sha256': '8daa87dc066fdb6206375487228e085e575cde8f661c65e1355649ca474597dc'}, 'dob': {'date': '1954-11-16T18:30:34.032Z', 'age': 69}, 'registered': {'date': '2012-03-02T04:49:53.713Z', 'age': 12}, 'phone': '(944) 717-0730', 'cell': '(650) 663-4549', 'id': {'name': 'SSN', 'value': '781-44-3759'}, 'picture': {'large': 'https://randomuser.me/api/portraits/women/46.jpg', 'medium': 'https://randomuser.me/api/portraits/med/women/46.jpg', 'thumbnail': 'https://randomuser.me/api/portraits/thumb/women/46.jpg'}, 'nat': 'US'}</msg>
<arg>${json_data['results'][0]}</arg>
<doc>Logs the given message with the given level.</doc>
<status status="PASS" start="2024-04-18T04:16:22.604500" elapsed="0.000404"/>
</kw>
<kw name="Log" owner="BuiltIn">
<msg time="2024-04-18T04:16:22.605319" level="INFO">gender</msg>
<arg>${key}</arg>
<doc>Logs the given message with the given level.</doc>
<status status="PASS" start="2024-04-18T04:16:22.605193" elapsed="0.000162"/>
</kw>
<var name="${key}">gender</var>
<status status="PASS" start="2024-04-18T04:16:22.603638" elapsed="0.001927"/>
</iter>
<iter>
<kw name="Dictionary Should Contain Key" owner="Collections">
<msg time="2024-04-18T04:16:22.606238" level="INFO">False</msg>
<arg>${json_data['results'][0]}</arg>
<arg>${key}</arg>
<doc>Fails if ``key`` is not found from ``dictionary``.</doc>
<status status="PASS" start="2024-04-18T04:16:22.605858" elapsed="0.000416"/>
</kw>
<kw name="Log" owner="BuiltIn">
<msg time="2024-04-18T04:16:22.606950" level="INFO">{'gender': 'female', 'name': {'title': 'Mrs', 'first': 'Charlene', 'last': 'Powell'}, 'location': {'street': {'number': 9223, 'name': 'N Stelling Rd'}, 'city': 'Sunnyvale', 'state': 'Rhode Island', 'country': 'United States', 'postcode': 98733, 'coordinates': {'latitude': '85.3702', 'longitude': '117.7186'}, 'timezone': {'offset': '+5:45', 'description': 'Kathmandu'}}, 'email': 'charlene.powell@example.com', 'login': {'uuid': '2b9be8dc-fbff-4324-a2ad-8c277e77b2b0', 'username': 'smalllion814', 'password': 'noah', 'salt': 'U99oiq4j', 'md5': '25f22b6aba7eeea47d038112557f42e8', 'sha1': '45c0da621a7041fa5017ab8e3a107208305faa2c', 'sha256': '8daa87dc066fdb6206375487228e085e575cde8f661c65e1355649ca474597dc'}, 'dob': {'date': '1954-11-16T18:30:34.032Z', 'age': 69}, 'registered': {'date': '2012-03-02T04:49:53.713Z', 'age': 12}, 'phone': '(944) 717-0730', 'cell': '(650) 663-4549', 'id': {'name': 'SSN', 'value': '781-44-3759'}, 'picture': {'large': 'https://randomuser.me/api/portraits/women/46.jpg', 'medium': 'https://randomuser.me/api/portraits/med/women/46.jpg', 'thumbnail': 'https://randomuser.me/api/portraits/thumb/women/46.jpg'}, 'nat': 'US'}</msg>
<arg>${json_data['results'][0]}</arg>
<doc>Logs the given message with the given level.</doc>
<status status="PASS" start="2024-04-18T04:16:22.606589" elapsed="0.000407"/>
</kw>
<kw name="Log" owner="BuiltIn">
<msg time="2024-04-18T04:16:22.607415" level="INFO">name</msg>
<arg>${key}</arg>
<doc>Logs the given message with the given level.</doc>
<status status="PASS" start="2024-04-18T04:16:22.607285" elapsed="0.000166"/>
</kw>
<var name="${key}">name</var>
<status status="PASS" start="2024-04-18T04:16:22.605747" elapsed="0.001941"/>
</iter>
<iter>
<kw name="Dictionary Should Contain Key" owner="Collections">
<msg time="2024-04-18T04:16:22.608351" level="INFO">False</msg>
<arg>${json_data['results'][0]}</arg>
<arg>${key}</arg>
<doc>Fails if ``key`` is not found from ``dictionary``.</doc>
<status status="PASS" start="2024-04-18T04:16:22.607974" elapsed="0.000413"/>
</kw>
<kw name="Log" owner="BuiltIn">
<msg time="2024-04-18T04:16:22.609042" level="INFO">{'gender': 'female', 'name': {'title': 'Mrs', 'first': 'Charlene', 'last': 'Powell'}, 'location': {'street': {'number': 9223, 'name': 'N Stelling Rd'}, 'city': 'Sunnyvale', 'state': 'Rhode Island', 'country': 'United States', 'postcode': 98733, 'coordinates': {'latitude': '85.3702', 'longitude': '117.7186'}, 'timezone': {'offset': '+5:45', 'description': 'Kathmandu'}}, 'email': 'charlene.powell@example.com', 'login': {'uuid': '2b9be8dc-fbff-4324-a2ad-8c277e77b2b0', 'username': 'smalllion814', 'password': 'noah', 'salt': 'U99oiq4j', 'md5': '25f22b6aba7eeea47d038112557f42e8', 'sha1': '45c0da621a7041fa5017ab8e3a107208305faa2c', 'sha256': '8daa87dc066fdb6206375487228e085e575cde8f661c65e1355649ca474597dc'}, 'dob': {'date': '1954-11-16T18:30:34.032Z', 'age': 69}, 'registered': {'date': '2012-03-02T04:49:53.713Z', 'age': 12}, 'phone': '(944) 717-0730', 'cell': '(650) 663-4549', 'id': {'name': 'SSN', 'value': '781-44-3759'}, 'picture': {'large': 'https://randomuser.me/api/portraits/women/46.jpg', 'medium': 'https://randomuser.me/api/portraits/med/women/46.jpg', 'thumbnail': 'https://randomuser.me/api/portraits/thumb/women/46.jpg'}, 'nat': 'US'}</msg>
<arg>${json_data['results'][0]}</arg>
<doc>Logs the given message with the given level.</doc>
<status status="PASS" start="2024-04-18T04:16:22.608685" elapsed="0.000404"/>
</kw>
<kw name="Log" owner="BuiltIn">
<msg time="2024-04-18T04:16:22.609499" level="INFO">location</msg>
<arg>${key}</arg>
<doc>Logs the given message with the given level.</doc>
<status status="PASS" start="2024-04-18T04:16:22.609376" elapsed="0.000160"/>
</kw>
<var name="${key}">location</var>
<status status="PASS" start="2024-04-18T04:16:22.607864" elapsed="0.001882"/>
</iter>
<iter>
<kw name="Dictionary Should Contain Key" owner="Collections">
<msg time="2024-04-18T04:16:22.610402" level="INFO">False</msg>
<arg>${json_data['results'][0]}</arg>
<arg>${key}</arg>
<doc>Fails if ``key`` is not found from ``dictionary``.</doc>
<status status="PASS" start="2024-04-18T04:16:22.610024" elapsed="0.000414"/>
</kw>
<kw name="Log" owner="BuiltIn">
<msg time="2024-04-18T04:16:22.611088" level="INFO">{'gender': 'female', 'name': {'title': 'Mrs', 'first': 'Charlene', 'last': 'Powell'}, 'location': {'street': {'number': 9223, 'name': 'N Stelling Rd'}, 'city': 'Sunnyvale', 'state': 'Rhode Island', 'country': 'United States', 'postcode': 98733, 'coordinates': {'latitude': '85.3702', 'longitude': '117.7186'}, 'timezone': {'offset': '+5:45', 'description': 'Kathmandu'}}, 'email': 'charlene.powell@example.com', 'login': {'uuid': '2b9be8dc-fbff-4324-a2ad-8c277e77b2b0', 'username': 'smalllion814', 'password': 'noah', 'salt': 'U99oiq4j', 'md5': '25f22b6aba7eeea47d038112557f42e8', 'sha1': '45c0da621a7041fa5017ab8e3a107208305faa2c', 'sha256': '8daa87dc066fdb6206375487228e085e575cde8f661c65e1355649ca474597dc'}, 'dob': {'date': '1954-11-16T18:30:34.032Z', 'age': 69}, 'registered': {'date': '2012-03-02T04:49:53.713Z', 'age': 12}, 'phone': '(944) 717-0730', 'cell': '(650) 663-4549', 'id': {'name': 'SSN', 'value': '781-44-3759'}, 'picture': {'large': 'https://randomuser.me/api/portraits/women/46.jpg', 'medium': 'https://randomuser.me/api/portraits/med/women/46.jpg', 'thumbnail': 'https://randomuser.me/api/portraits/thumb/women/46.jpg'}, 'nat': 'US'}</msg>
<arg>${json_data['results'][0]}</arg>
<doc>Logs the given message with the given level.</doc>
<status status="PASS" start="2024-04-18T04:16:22.610728" elapsed="0.000407"/>
</kw>
<kw name="Log" owner="BuiltIn">
<msg time="2024-04-18T04:16:22.611546" level="INFO">email</msg>
<arg>${key}</arg>
<doc>Logs the given message with the given level.</doc>
<status status="PASS" start="2024-04-18T04:16:22.611423" elapsed="0.000159"/>
</kw>
<var name="${key}">email</var>
<status status="PASS" start="2024-04-18T04:16:22.609916" elapsed="0.001901"/>
</iter>
<iter>
<kw name="Dictionary Should Contain Key" owner="Collections">
<msg time="2024-04-18T04:16:22.612457" level="INFO">False</msg>
<arg>${json_data['results'][0]}</arg>
<arg>${key}</arg>
<doc>Fails if ``key`` is not found from ``dictionary``.</doc>
<status status="PASS" start="2024-04-18T04:16:22.612090" elapsed="0.000401"/>
</kw>
<kw name="Log" owner="BuiltIn">
<msg time="2024-04-18T04:16:22.613142" level="INFO">{'gender': 'female', 'name': {'title': 'Mrs', 'first': 'Charlene', 'last': 'Powell'}, 'location': {'street': {'number': 9223, 'name': 'N Stelling Rd'}, 'city': 'Sunnyvale', 'state': 'Rhode Island', 'country': 'United States', 'postcode': 98733, 'coordinates': {'latitude': '85.3702', 'longitude': '117.7186'}, 'timezone': {'offset': '+5:45', 'description': 'Kathmandu'}}, 'email': 'charlene.powell@example.com', 'login': {'uuid': '2b9be8dc-fbff-4324-a2ad-8c277e77b2b0', 'username': 'smalllion814', 'password': 'noah', 'salt': 'U99oiq4j', 'md5': '25f22b6aba7eeea47d038112557f42e8', 'sha1': '45c0da621a7041fa5017ab8e3a107208305faa2c', 'sha256': '8daa87dc066fdb6206375487228e085e575cde8f661c65e1355649ca474597dc'}, 'dob': {'date': '1954-11-16T18:30:34.032Z', 'age': 69}, 'registered': {'date': '2012-03-02T04:49:53.713Z', 'age': 12}, 'phone': '(944) 717-0730', 'cell': '(650) 663-4549', 'id': {'name': 'SSN', 'value': '781-44-3759'}, 'picture': {'large': 'https://randomuser.me/api/portraits/women/46.jpg', 'medium': 'https://randomuser.me/api/portraits/med/women/46.jpg', 'thumbnail': 'https://randomuser.me/api/portraits/thumb/women/46.jpg'}, 'nat': 'US'}</msg>
<arg>${json_data['results'][0]}</arg>
<doc>Logs the given message with the given level.</doc>
<status status="PASS" start="2024-04-18T04:16:22.612779" elapsed="0.000409"/>
</kw>
<kw name="Log" owner="BuiltIn">
<msg time="2024-04-18T04:16:22.613611" level="INFO">login</msg>
<arg>${key}</arg>
<doc>Logs the given message with the given level.</doc>
<status status="PASS" start="2024-04-18T04:16:22.613470" elapsed="0.000181"/>
</kw>
<var name="${key}">login</var>
<status status="PASS" start="2024-04-18T04:16:22.611983" elapsed="0.001912"/>
</iter>
<var>${key}</var>
<value>@{expected_keys}</value>
<status status="PASS" start="2024-04-18T04:16:22.603434" elapsed="0.010586"/>
</for>
<kw name="Create List" owner="BuiltIn">
<msg time="2024-04-18T04:16:22.614342" level="INFO">${expected_keysTwo} = ['username', 'password']</msg>
<var>${expected_keysTwo}</var>
<arg>username</arg>
<arg>password</arg>
<doc>Returns a list containing given items.</doc>
<status status="PASS" start="2024-04-18T04:16:22.614208" elapsed="0.000157"/>
</kw>
<for flavor="IN">
<iter>
<kw name="Dictionary Should Contain Key" owner="Collections">
<msg time="2024-04-18T04:16:22.615244" level="INFO">False</msg>
<arg>${json_data['results'][0]['login']}</arg>
<arg>${keyTwo}</arg>
<doc>Fails if ``key`` is not found from ``dictionary``.</doc>
<status status="PASS" start="2024-04-18T04:16:22.614853" elapsed="0.000427"/>
</kw>
<kw name="Dictionary Should Contain Key" owner="Collections">
<msg time="2024-04-18T04:16:22.616019" level="INFO">False</msg>
<arg>${json_data['results'][0]['login']}</arg>
<arg>${keyTwo}</arg>
<doc>Fails if ``key`` is not found from ``dictionary``.</doc>
<status status="PASS" start="2024-04-18T04:16:22.615568" elapsed="0.000489"/>
</kw>
<kw name="Log" owner="BuiltIn">
<msg time="2024-04-18T04:16:22.616473" level="INFO">username</msg>
<arg>${keyTwo}</arg>
<doc>Logs the given message with the given level.</doc>
<status status="PASS" start="2024-04-18T04:16:22.616348" elapsed="0.000167"/>
</kw>
<var name="${keyTwo}">username</var>
<status status="PASS" start="2024-04-18T04:16:22.614745" elapsed="0.001985"/>
</iter>
<iter>
<kw name="Dictionary Should Contain Key" owner="Collections">
<msg time="2024-04-18T04:16:22.617475" level="INFO">False</msg>
<arg>${json_data['results'][0]['login']}</arg>
<arg>${keyTwo}</arg>
<doc>Fails if ``key`` is not found from ``dictionary``.</doc>
<status status="PASS" start="2024-04-18T04:16:22.617007" elapsed="0.000515"/>
</kw>
<kw name="Dictionary Should Contain Key" owner="Collections">
<msg time="2024-04-18T04:16:22.618214" level="INFO">False</msg>
<arg>${json_data['results'][0]['login']}</arg>
<arg>${keyTwo}</arg>
<doc>Fails if ``key`` is not found from ``dictionary``.</doc>
<status status="PASS" start="2024-04-18T04:16:22.617814" elapsed="0.000435"/>
</kw>
<kw name="Log" owner="BuiltIn">
<msg time="2024-04-18T04:16:22.618663" level="INFO">password</msg>
<arg>${keyTwo}</arg>
<doc>Logs the given message with the given level.</doc>
<status status="PASS" start="2024-04-18T04:16:22.618538" elapsed="0.000160"/>
</kw>
<var name="${keyTwo}">password</var>
<status status="PASS" start="2024-04-18T04:16:22.616898" elapsed="0.002010"/>
</iter>
<var>${keyTwo}</var>
<value>@{expected_keysTwo}</value>
<status status="PASS" start="2024-04-18T04:16:22.614596" elapsed="0.004428"/>
</for>
<status status="PASS" start="2024-04-18T04:16:22.511864" elapsed="0.107294"/>
</kw>
<doc>Testa a estrutura da resposta da API.</doc>
<tag>testeEstruturaResposta</tag>
<status status="PASS" start="2024-04-18T04:16:22.511367" elapsed="0.107935"/>
</test>
<test id="s1-s1-t4" name="Validar tipos de dados" line="28">
<kw name="Teste de Tipos de Dados" owner="random-user-service">
<kw name="GET On Session" owner="RequestsLibrary">
<msg time="2024-04-18T04:16:22.706416" level="INFO">GET Request : url=https://randomuser.me/api 
 path_url=/api 
 headers={'User-Agent': 'python-requests/2.31.0', 'Accept-Encoding': 'gzip, deflate', 'Accept': '*/*', 'Connection': 'keep-alive'} 
 body=None 
 </msg>
<msg time="2024-04-18T04:16:22.706490" level="INFO">GET Response : url=https://randomuser.me/api 
 status=200, reason=OK 
 headers={'Date': 'Thu, 18 Apr 2024 04:16:22 GMT', 'Content-Type': 'application/json; charset=utf-8', 'Transfer-Encoding': 'chunked', 'Connection': 'keep-alive', 'X-Powered-By': 'Express', 'Access-Control-Allow-Origin': '*', 'Cache-Control': 'no-cache', 'ETag': 'W/"47f-ptQ8elg+HIOTxwri29t/fmh0cms"', 'Vary': 'Accept-Encoding', 'Content-Encoding': 'gzip', 'CF-Cache-Status': 'DYNAMIC', 'Report-To': '{"endpoints":[{"url":"https:\\/\\/a.nel.cloudflare.com\\/report\\/v4?s=LKgQW41zKfgYZIAlLEqXAVpZhjnTDIvvnmqnYsGsCzi83MZLtHuRBbJRJBR3nSi2a8XML6zPklnCX6RWbAI7EnXD8jQKYHbK9V%2F6G%2BIuehffWFZCrgzya6WdGNFveQTR"}],"group":"cf-nel","max_age":604800}', 'NEL': '{"success_fraction":0,"report_to":"cf-nel","max_age":604800}', 'Server': 'cloudflare', 'CF-RAY': '8761d6cd6b1c9434-SJC', 'alt-svc': 'h3=":443"; ma=86400'} 
 body={"results":[{"gender":"female","name":{"title":"Ms","first":"Aubrey","last":"Gagné"},"location":{"street":{"number":2610,"name":"36th Ave"},"city":"Stratford","state":"Yukon","country":"Canada","postcode":"H4A 3M5","coordinates":{"latitude":"-66.0295","longitude":"62.3493"},"timezone":{"offset":"-11:00","description":"Midway Island, Samoa"}},"email":"aubrey.gagne@example.com","login":{"uuid":"25e040df-7da8-4cd3-9395-3f9f4b39d1c0","username":"greenduck977","password":"midnight","salt":"YPHW2mem","md5":"932b48ea3c423efc5d63209f8a740897","sha1":"857714eb794b1493b370169c78d8c6bca3d4b757","sha256":"c07badce7169b6f91636d3f27bd4a4d9dd79b79a208b7fea3668c2793d9b0607"},"dob":{"date":"1979-09-05T05:45:53.517Z","age":44},"registered":{"date":"2022-03-13T21:25:33.763Z","age":2},"phone":"S25 V18-0302","cell":"V43 R01-5710","id":{"name":"SIN","value":"142537232"},"picture":{"large":"https://randomuser.me/api/portraits/women/29.jpg","medium":"https://randomuser.me/api/portraits/med/women/29.jpg","thumbnail":"https://randomuser.me/api/portraits/thumb/women/29.jpg"},"nat":"CA"}],"info":{"seed":"4dab30e3761a8f50","results":1,"page":1,"version":"1.4"}} 
 </msg>
<msg time="2024-04-18T04:16:22.706548" level="INFO">/opt/hostedtoolcache/Python/3.12.3/x64/lib/python3.12/site-packages/urllib3/connectionpool.py:1103: InsecureRequestWarning: Unverified HTTPS request is being made to host 'randomuser.me'. Adding certificate verification is strongly advised. See: https://urllib3.readthedocs.io/en/latest/advanced-usage.html#tls-warnings
  warnings.warn(</msg>
<msg time="2024-04-18T04:16:22.706636" level="INFO">${response} = &lt;Response [200]&gt;</msg>
<var>${response}</var>
<arg>consultarAPI</arg>
<arg>/api</arg>
<doc>Sends a GET request on a previously created HTTP Session.</doc>
<status status="PASS" start="2024-04-18T04:16:22.621683" elapsed="0.084993"/>
</kw>
<kw name="Set Variable" owner="BuiltIn">
<msg time="2024-04-18T04:16:22.707504" level="INFO">${json_data} = {'results': [{'gender': 'female', 'name': {'title': 'Ms', 'first': 'Aubrey', 'last': 'Gagné'}, 'location': {'street': {'number': 2610, 'name': '36th Ave'}, 'city': 'Stratford', 'state': 'Yukon', 'coun...</msg>
<var>${json_data}</var>
<arg>${response.json()}</arg>
<doc>Returns the given values which can then be assigned to a variables.</doc>
<status status="PASS" start="2024-04-18T04:16:22.707042" elapsed="0.000491"/>
</kw>
<kw name="Log" owner="BuiltIn">
<msg time="2024-04-18T04:16:22.708020" level="INFO">{'results': [{'gender': 'female', 'name': {'title': 'Ms', 'first': 'Aubrey', 'last': 'Gagné'}, 'location': {'street': {'number': 2610, 'name': '36th Ave'}, 'city': 'Stratford', 'state': 'Yukon', 'country': 'Canada', 'postcode': 'H4A 3M5', 'coordinates': {'latitude': '-66.0295', 'longitude': '62.3493'}, 'timezone': {'offset': '-11:00', 'description': 'Midway Island, Samoa'}}, 'email': 'aubrey.gagne@example.com', 'login': {'uuid': '25e040df-7da8-4cd3-9395-3f9f4b39d1c0', 'username': 'greenduck977', 'password': 'midnight', 'salt': 'YPHW2mem', 'md5': '932b48ea3c423efc5d63209f8a740897', 'sha1': '857714eb794b1493b370169c78d8c6bca3d4b757', 'sha256': 'c07badce7169b6f91636d3f27bd4a4d9dd79b79a208b7fea3668c2793d9b0607'}, 'dob': {'date': '1979-09-05T05:45:53.517Z', 'age': 44}, 'registered': {'date': '2022-03-13T21:25:33.763Z', 'age': 2}, 'phone': 'S25 V18-0302', 'cell': 'V43 R01-5710', 'id': {'name': 'SIN', 'value': '142537232'}, 'picture': {'large': 'https://randomuser.me/api/portraits/women/29.jpg', 'medium': 'https://randomuser.me/api/portraits/med/women/29.jpg', 'thumbnail': 'https://randomuser.me/api/portraits/thumb/women/29.jpg'}, 'nat': 'CA'}], 'info': {'seed': '4dab30e3761a8f50', 'results': 1, 'page': 1, 'version': '1.4'}}</msg>
<arg>${json_data}</arg>
<doc>Logs the given message with the given level.</doc>
<status status="PASS" start="2024-04-18T04:16:22.707867" elapsed="0.000233"/>
</kw>
<kw name="Should Be String" owner="String">
<arg>${json_data['results'][0]['gender']}</arg>
<doc>Fails if the given ``item`` is not a string.</doc>
<status status="PASS" start="2024-04-18T04:16:22.708402" elapsed="0.000354"/>
</kw>
<kw name="Should Match Regexp" owner="BuiltIn">
<arg>${json_data['results'][0]['email']}</arg>
<arg>^[a-zA-Z0-9._%+-]+@[a-zA-Z0-9.-]+\.[a-zA-Z]{2,}$</arg>
<doc>Fails if ``string`` does not match ``pattern`` as a regular expression.</doc>
<status status="PASS" start="2024-04-18T04:16:22.708947" elapsed="0.000505"/>
</kw>
<kw name="Should Match Regexp" owner="BuiltIn">
<arg>${json_data['results'][0]['dob']['date']}</arg>
<arg>\\d{4}-\\d{2}-\\d{2}T\\d{2}:\\d{2}:\\d{2}\\.\\d{3}Z</arg>
<doc>Fails if ``string`` does not match ``pattern`` as a regular expression.</doc>
<status status="PASS" start="2024-04-18T04:16:22.709647" elapsed="0.000481"/>
</kw>
<kw name="Should Match Regexp" owner="BuiltIn">
<arg>${json_data['results'][0]['registered']['date']}</arg>
<arg>\\d{4}-\\d{2}-\\d{2}T\\d{2}:\\d{2}:\\d{2}\\.\\d{3}Z</arg>
<doc>Fails if ``string`` does not match ``pattern`` as a regular expression.</doc>
<status status="PASS" start="2024-04-18T04:16:22.710318" elapsed="0.000362"/>
</kw>
<kw name="Should Match Regexp" owner="BuiltIn">
<arg>${json_data['results'][0]['picture']['large']}</arg>
<arg>^https?://.*\.(?:png|jpe?g|gif|bmp)$</arg>
<doc>Fails if ``string`` does not match ``pattern`` as a regular expression.</doc>
<status status="PASS" start="2024-04-18T04:16:22.710875" elapsed="0.000454"/>
</kw>
<kw name="Should Match Regexp" owner="BuiltIn">
<arg>${json_data['results'][0]['picture']['medium']}</arg>
<arg>^https?://.*\.(?:png|jpe?g|gif|bmp)$</arg>
<doc>Fails if ``string`` does not match ``pattern`` as a regular expression.</doc>
<status status="PASS" start="2024-04-18T04:16:22.711516" elapsed="0.000375"/>
</kw>
<kw name="Should Match Regexp" owner="BuiltIn">
<arg>${json_data['results'][0]['picture']['thumbnail']}</arg>
<arg>^https?://.*\.(?:png|jpe?g|gif|bmp)$</arg>
<doc>Fails if ``string`` does not match ``pattern`` as a regular expression.</doc>
<status status="PASS" start="2024-04-18T04:16:22.712079" elapsed="0.000351"/>
</kw>
<kw name="Log" owner="BuiltIn">
<msg time="2024-04-18T04:16:22.712927" level="INFO">{'large': 'https://randomuser.me/api/portraits/women/29.jpg', 'medium': 'https://randomuser.me/api/portraits/med/women/29.jpg', 'thumbnail': 'https://randomuser.me/api/portraits/thumb/women/29.jpg'}</msg>
<arg>${json_data['results'][0]['picture']}</arg>
<doc>Logs the given message with the given level.</doc>
<status status="PASS" start="2024-04-18T04:16:22.712608" elapsed="0.000360"/>
</kw>
<status status="PASS" start="2024-04-18T04:16:22.621463" elapsed="0.091755"/>
</kw>
<kw name="Teste de Tipos de Dados - Postcode" owner="random-user-service">
<kw name="GET On Session" owner="RequestsLibrary">
<msg time="2024-04-18T04:16:22.807127" level="INFO">GET Request : url=https://randomuser.me/api 
 path_url=/api 
 headers={'User-Agent': 'python-requests/2.31.0', 'Accept-Encoding': 'gzip, deflate', 'Accept': '*/*', 'Connection': 'keep-alive'} 
 body=None 
 </msg>
<msg time="2024-04-18T04:16:22.807210" level="INFO">GET Response : url=https://randomuser.me/api 
 status=200, reason=OK 
 headers={'Date': 'Thu, 18 Apr 2024 04:16:22 GMT', 'Content-Type': 'application/json; charset=utf-8', 'Transfer-Encoding': 'chunked', 'Connection': 'keep-alive', 'X-Powered-By': 'Express', 'Access-Control-Allow-Origin': '*', 'Cache-Control': 'no-cache', 'ETag': 'W/"476-QNgRFnIwSvZoc+VIwVm/7ET6+Ec"', 'Vary': 'Accept-Encoding', 'Content-Encoding': 'gzip', 'CF-Cache-Status': 'DYNAMIC', 'Report-To': '{"endpoints":[{"url":"https:\\/\\/a.nel.cloudflare.com\\/report\\/v4?s=CaOptu4Ap5iCRReApbz8OZN2gwuQunRhXBXJqHxUx1ZKlMud4QjCa7IogIzWxgjrd7g6tGGpD377ZIJQ%2FT0BFOUqyprJuopzRdRkedJndAG3PCBf0ppJqQzZjH%2FdrLxW"}],"group":"cf-nel","max_age":604800}', 'NEL': '{"success_fraction":0,"report_to":"cf-nel","max_age":604800}', 'Server': 'cloudflare', 'CF-RAY': '8761d6cdfb739434-SJC', 'alt-svc': 'h3=":443"; ma=86400'} 
 body={"results":[{"gender":"male","name":{"title":"Mr","first":"Vilhelm","last":"Leiknes"},"location":{"street":{"number":3771,"name":"Valmueveien"},"city":"Sørbygdafeltet","state":"Vestfold","country":"Norway","postcode":"3152","coordinates":{"latitude":"43.2301","longitude":"-128.4869"},"timezone":{"offset":"-2:00","description":"Mid-Atlantic"}},"email":"vilhelm.leiknes@example.com","login":{"uuid":"f766edfa-68be-4cc0-bb27-d1aac045272c","username":"blueladybug848","password":"qweasd","salt":"yFR5YVcm","md5":"1d7df0fe6061cc0a44a5ab922ca96243","sha1":"3cc73fd5925f66c919753320cc70105fb40f96e6","sha256":"e6846a045b439b3e5394f6783e89435f79d2a6d4d0efda497fe4d240b009a0ff"},"dob":{"date":"1950-11-12T17:15:19.646Z","age":73},"registered":{"date":"2015-08-27T16:24:46.823Z","age":8},"phone":"70231417","cell":"98843322","id":{"name":"FN","value":"12115008577"},"picture":{"large":"https://randomuser.me/api/portraits/men/64.jpg","medium":"https://randomuser.me/api/portraits/med/men/64.jpg","thumbnail":"https://randomuser.me/api/portraits/thumb/men/64.jpg"},"nat":"NO"}],"info":{"seed":"9af9d94bb08e19aa","results":1,"page":1,"version":"1.4"}} 
 </msg>
<msg time="2024-04-18T04:16:22.807287" level="INFO">/opt/hostedtoolcache/Python/3.12.3/x64/lib/python3.12/site-packages/urllib3/connectionpool.py:1103: InsecureRequestWarning: Unverified HTTPS request is being made to host 'randomuser.me'. Adding certificate verification is strongly advised. See: https://urllib3.readthedocs.io/en/latest/advanced-usage.html#tls-warnings
  warnings.warn(</msg>
<msg time="2024-04-18T04:16:22.807398" level="INFO">${response} = &lt;Response [200]&gt;</msg>
<var>${response}</var>
<arg>consultarAPI</arg>
<arg>/api</arg>
<doc>Sends a GET request on a previously created HTTP Session.</doc>
<status status="PASS" start="2024-04-18T04:16:22.713650" elapsed="0.093785"/>
</kw>
<kw name="Set Variable" owner="BuiltIn">
<msg time="2024-04-18T04:16:22.808339" level="INFO">${json_data} = {'results': [{'gender': 'male', 'name': {'title': 'Mr', 'first': 'Vilhelm', 'last': 'Leiknes'}, 'location': {'street': {'number': 3771, 'name': 'Valmueveien'}, 'city': 'Sørbygdafeltet', 'state': 'Vest...</msg>
<var>${json_data}</var>
<arg>${response.json()}</arg>
<doc>Returns the given values which can then be assigned to a variables.</doc>
<status status="PASS" start="2024-04-18T04:16:22.807883" elapsed="0.000485"/>
</kw>
<kw name="Log" owner="BuiltIn">
<msg time="2024-04-18T04:16:22.808827" level="INFO">{'results': [{'gender': 'male', 'name': {'title': 'Mr', 'first': 'Vilhelm', 'last': 'Leiknes'}, 'location': {'street': {'number': 3771, 'name': 'Valmueveien'}, 'city': 'Sørbygdafeltet', 'state': 'Vestfold', 'country': 'Norway', 'postcode': '3152', 'coordinates': {'latitude': '43.2301', 'longitude': '-128.4869'}, 'timezone': {'offset': '-2:00', 'description': 'Mid-Atlantic'}}, 'email': 'vilhelm.leiknes@example.com', 'login': {'uuid': 'f766edfa-68be-4cc0-bb27-d1aac045272c', 'username': 'blueladybug848', 'password': 'qweasd', 'salt': 'yFR5YVcm', 'md5': '1d7df0fe6061cc0a44a5ab922ca96243', 'sha1': '3cc73fd5925f66c919753320cc70105fb40f96e6', 'sha256': 'e6846a045b439b3e5394f6783e89435f79d2a6d4d0efda497fe4d240b009a0ff'}, 'dob': {'date': '1950-11-12T17:15:19.646Z', 'age': 73}, 'registered': {'date': '2015-08-27T16:24:46.823Z', 'age': 8}, 'phone': '70231417', 'cell': '98843322', 'id': {'name': 'FN', 'value': '12115008577'}, 'picture': {'large': 'https://randomuser.me/api/portraits/men/64.jpg', 'medium': 'https://randomuser.me/api/portraits/med/men/64.jpg', 'thumbnail': 'https://randomuser.me/api/portraits/thumb/men/64.jpg'}, 'nat': 'NO'}], 'info': {'seed': '9af9d94bb08e19aa', 'results': 1, 'page': 1, 'version': '1.4'}}</msg>
<arg>${json_data}</arg>
<doc>Logs the given message with the given level.</doc>
<status status="PASS" start="2024-04-18T04:16:22.808673" elapsed="0.000230"/>
</kw>
<kw name="Should Be Equal As Numbers" owner="BuiltIn">
<arg>${json_data['results'][0]['location']['postcode']}</arg>
<arg>${json_data['results'][0]['location']['postcode']}</arg>
<doc>Fails if objects are unequal after converting them to real numbers.</doc>
<status status="PASS" start="2024-04-18T04:16:22.809325" elapsed="0.000615"/>
</kw>
<kw name="Log" owner="BuiltIn">
<msg time="2024-04-18T04:16:22.810462" level="INFO">3152</msg>
<arg>${json_data['results'][0]['location']['postcode']}</arg>
<doc>Logs the given message with the given level.</doc>
<status status="PASS" start="2024-04-18T04:16:22.810131" elapsed="0.000370"/>
</kw>
<status status="PASS" start="2024-04-18T04:16:22.713427" elapsed="0.097323"/>
</kw>
<doc>Testa se os tipos de dados na resposta da API estão corretos.</doc>
<tag>testeTiposDados</tag>
<status status="PASS" start="2024-04-18T04:16:22.621049" elapsed="0.189855"/>
</test>
<test id="s1-s1-t5" name="Validar conteudo" line="35">
<kw name="Teste de Tipos de Conteudo" owner="random-user-service">
<kw name="GET On Session" owner="RequestsLibrary">
<msg time="2024-04-18T04:16:22.907960" level="INFO">GET Request : url=https://randomuser.me/api 
 path_url=/api 
 headers={'User-Agent': 'python-requests/2.31.0', 'Accept-Encoding': 'gzip, deflate', 'Accept': '*/*', 'Connection': 'keep-alive'} 
 body=None 
 </msg>
<msg time="2024-04-18T04:16:22.908025" level="INFO">GET Response : url=https://randomuser.me/api 
 status=200, reason=OK 
 headers={'Date': 'Thu, 18 Apr 2024 04:16:22 GMT', 'Content-Type': 'application/json; charset=utf-8', 'Transfer-Encoding': 'chunked', 'Connection': 'keep-alive', 'X-Powered-By': 'Express', 'Access-Control-Allow-Origin': '*', 'Cache-Control': 'no-cache', 'ETag': 'W/"4a9-bu6YiJK2dzQAf+cMRonZoPPrjb0"', 'Vary': 'Accept-Encoding', 'Content-Encoding': 'gzip', 'CF-Cache-Status': 'DYNAMIC', 'Report-To': '{"endpoints":[{"url":"https:\\/\\/a.nel.cloudflare.com\\/report\\/v4?s=1%2FGdPggL%2FET3wP5s0iTLu4jT1VPmpJXeEnodifimNinHB%2FmCf6TIFPfsnZtZa%2FtJ7ecA6HWf6lD2iqaBLCij5vwtT3BLNt5rOydZKyge0yklvmw5E0nBQaVjp47IwvAd"}],"group":"cf-nel","max_age":604800}', 'NEL': '{"success_fraction":0,"report_to":"cf-nel","max_age":604800}', 'Server': 'cloudflare', 'CF-RAY': '8761d6ce9bc49434-SJC', 'alt-svc': 'h3=":443"; ma=86400'} 
 body={"results":[{"gender":"female","name":{"title":"Miss","first":"Isobel","last":"De Palm"},"location":{"street":{"number":7266,"name":"Aristide Briandring"},"city":"Roelofarendsveen","state":"Noord-Brabant","country":"Netherlands","postcode":"7137 EE","coordinates":{"latitude":"37.5656","longitude":"124.0857"},"timezone":{"offset":"-7:00","description":"Mountain Time (US &amp; Canada)"}},"email":"isobel.depalm@example.com","login":{"uuid":"6203b1b8-749d-48cc-b1a3-c89cc9821d19","username":"bluerabbit589","password":"orchard","salt":"tIYIVVEh","md5":"5aecb58c45494fb31720273051e040db","sha1":"133206ecd02d1e61acf4ef86495fe65a3eb3a4b8","sha256":"8aa444ed588b563e6012159eb941235d77332a309ba4dbf23c218c67728c89af"},"dob":{"date":"1979-12-14T18:17:00.456Z","age":44},"registered":{"date":"2017-06-20T18:29:24.885Z","age":6},"phone":"(0896) 983284","cell":"(06) 64849903","id":{"name":"BSN","value":"93592788"},"picture":{"large":"https://randomuser.me/api/portraits/women/78.jpg","medium":"https://randomuser.me/api/portraits/med/women/78.jpg","thumbnail":"https://randomuser.me/api/portraits/thumb/women/78.jpg"},"nat":"NL"}],"info":{"seed":"dfdc85d7a26e39c8","results":1,"page":1,"version":"1.4"}} 
 </msg>
<msg time="2024-04-18T04:16:22.908084" level="INFO">/opt/hostedtoolcache/Python/3.12.3/x64/lib/python3.12/site-packages/urllib3/connectionpool.py:1103: InsecureRequestWarning: Unverified HTTPS request is being made to host 'randomuser.me'. Adding certificate verification is strongly advised. See: https://urllib3.readthedocs.io/en/latest/advanced-usage.html#tls-warnings
  warnings.warn(</msg>
<msg time="2024-04-18T04:16:22.908167" level="INFO">${response} = &lt;Response [200]&gt;</msg>
<var>${response}</var>
<arg>consultarAPI</arg>
<arg>/api</arg>
<doc>Sends a GET request on a previously created HTTP Session.</doc>
<status status="PASS" start="2024-04-18T04:16:22.813312" elapsed="0.094884"/>
</kw>
<kw name="Set Variable" owner="BuiltIn">
<msg time="2024-04-18T04:16:22.909001" level="INFO">${json_data} = {'results': [{'gender': 'female', 'name': {'title': 'Miss', 'first': 'Isobel', 'last': 'De Palm'}, 'location': {'street': {'number': 7266, 'name': 'Aristide Briandring'}, 'city': 'Roelofarendsveen', '...</msg>
<var>${json_data}</var>
<arg>${response.json()}</arg>
<doc>Returns the given values which can then be assigned to a variables.</doc>
<status status="PASS" start="2024-04-18T04:16:22.908569" elapsed="0.000460"/>
</kw>
<kw name="Set Variable" owner="BuiltIn">
<msg time="2024-04-18T04:16:22.909705" level="INFO">${name_title} = Miss</msg>
<var>${name_title}</var>
<arg>${json_data["results"][0]["name"]["title"]}</arg>
<doc>Returns the given values which can then be assigned to a variables.</doc>
<status status="PASS" start="2024-04-18T04:16:22.909326" elapsed="0.000403"/>
</kw>
<kw name="Create List" owner="BuiltIn">
<msg time="2024-04-18T04:16:22.910166" level="INFO">${allowed_titles} = ['Mr', 'Ms', 'Miss', 'Mrs', 'Madame', 'Monsieur']</msg>
<var>${allowed_titles}</var>
<arg>Mr</arg>
<arg>Ms</arg>
<arg>Miss</arg>
<arg>Mrs</arg>
<arg>Madame</arg>
<arg>Monsieur</arg>
<doc>Returns a list containing given items.</doc>
<status status="PASS" start="2024-04-18T04:16:22.910021" elapsed="0.000168"/>
</kw>
<kw name="List Should Contain Value" owner="Collections">
<msg time="2024-04-18T04:16:22.910645" level="INFO">False</msg>
<arg>${allowed_titles}</arg>
<arg>${name_title}</arg>
<doc>Fails if the ``value`` is not found from ``list``.</doc>
<status status="PASS" start="2024-04-18T04:16:22.910482" elapsed="0.000198"/>
</kw>
<kw name="Set Variable" owner="BuiltIn">
<msg time="2024-04-18T04:16:22.911334" level="INFO">${name_country} = NL</msg>
<var>${name_country}</var>
<arg>${json_data["results"][0]["nat"]}</arg>
<doc>Returns the given values which can then be assigned to a variables.</doc>
<status status="PASS" start="2024-04-18T04:16:22.910960" elapsed="0.000397"/>
</kw>
<kw name="Create List" owner="BuiltIn">
<msg time="2024-04-18T04:16:22.912278" level="INFO">${list_country} = ['AD', 'AE', 'AF', 'AG', 'AI', 'AL', 'AM', 'AO', 'AQ', 'AR', 'AS', 'AT', 'AU', 'AW', 'AX', 'AZ', 'BA', 'BB', 'BD', 'BE', 'BF', 'BG', 'BH', 'BI', 'BJ', 'BL', 'BM', 'BN', 'BO', 'BQ', 'BR', 'BS', 'BT', '...</msg>
<var>${list_country}</var>
<arg>AD</arg>
<arg>AE</arg>
<arg>AF</arg>
<arg>AG</arg>
<arg>AI</arg>
<arg>AL</arg>
<arg>AM</arg>
<arg>AO</arg>
<arg>AQ</arg>
<arg>AR</arg>
<arg>AS</arg>
<arg>AT</arg>
<arg>AU</arg>
<arg>AW</arg>
<arg>AX</arg>
<arg>AZ</arg>
<arg>BA</arg>
<arg>BB</arg>
<arg>BD</arg>
<arg>BE</arg>
<arg>BF</arg>
<arg>BG</arg>
<arg>BH</arg>
<arg>BI</arg>
<arg>BJ</arg>
<arg>BL</arg>
<arg>BM</arg>
<arg>BN</arg>
<arg>BO</arg>
<arg>BQ</arg>
<arg>BR</arg>
<arg>BS</arg>
<arg>BT</arg>
<arg>BV</arg>
<arg>BW</arg>
<arg>BY</arg>
<arg>BZ</arg>
<arg>CA</arg>
<arg>CC</arg>
<arg>CD</arg>
<arg>CF</arg>
<arg>CG</arg>
<arg>CH</arg>
<arg>CI</arg>
<arg>CK</arg>
<arg>CL</arg>
<arg>CM</arg>
<arg>CN</arg>
<arg>CO</arg>
<arg>CR</arg>
<arg>CU</arg>
<arg>CV</arg>
<arg>CW</arg>
<arg>CX</arg>
<arg>CY</arg>
<arg>CZ</arg>
<arg>DE</arg>
<arg>DJ</arg>
<arg>DK</arg>
<arg>DM</arg>
<arg>DO</arg>
<arg>DZ</arg>
<arg>EC</arg>
<arg>EE</arg>
<arg>EG</arg>
<arg>EH</arg>
<arg>ER</arg>
<arg>ES</arg>
<arg>ET</arg>
<arg>FI</arg>
<arg>FJ</arg>
<arg>FK</arg>
<arg>FM</arg>
<arg>FO</arg>
<arg>FR</arg>
<arg>GA</arg>
<arg>GB</arg>
<arg>GD</arg>
<arg>GE</arg>
<arg>GF</arg>
<arg>GG</arg>
<arg>GH</arg>
<arg>GI</arg>
<arg>GL</arg>
<arg>GM</arg>
<arg>GN</arg>
<arg>GP</arg>
<arg>GQ</arg>
<arg>GR</arg>
<arg>GS</arg>
<arg>GT</arg>
<arg>GU</arg>
<arg>GW</arg>
<arg>GY</arg>
<arg>HK</arg>
<arg>HM</arg>
<arg>HN</arg>
<arg>HR</arg>
<arg>HT</arg>
<arg>HU</arg>
<arg>ID</arg>
<arg>IE</arg>
<arg>IL</arg>
<arg>IM</arg>
<arg>IN</arg>
<arg>IO</arg>
<arg>IQ</arg>
<arg>IR</arg>
<arg>IS</arg>
<arg>IT</arg>
<arg>JE</arg>
<arg>JM</arg>
<arg>JO</arg>
<arg>JP</arg>
<arg>KE</arg>
<arg>KG</arg>
<arg>KH</arg>
<arg>KI</arg>
<arg>KM</arg>
<arg>KN</arg>
<arg>KP</arg>
<arg>KR</arg>
<arg>KW</arg>
<arg>KY</arg>
<arg>KZ</arg>
<arg>LA</arg>
<arg>LB</arg>
<arg>LC</arg>
<arg>LI</arg>
<arg>LK</arg>
<arg>LR</arg>
<arg>LS</arg>
<arg>LT</arg>
<arg>LU</arg>
<arg>LV</arg>
<arg>LY</arg>
<arg>MA</arg>
<arg>MC</arg>
<arg>MD</arg>
<arg>ME</arg>
<arg>MF</arg>
<arg>MG</arg>
<arg>MH</arg>
<arg>MK</arg>
<arg>ML</arg>
<arg>MM</arg>
<arg>MN</arg>
<arg>MO</arg>
<arg>MP</arg>
<arg>MQ</arg>
<arg>MR</arg>
<arg>MS</arg>
<arg>MT</arg>
<arg>MU</arg>
<arg>MV</arg>
<arg>MW</arg>
<arg>MX</arg>
<arg>MY</arg>
<arg>MZ</arg>
<arg>NA</arg>
<arg>NC</arg>
<arg>NE</arg>
<arg>NF</arg>
<arg>NG</arg>
<arg>NI</arg>
<arg>NL</arg>
<arg>NO</arg>
<arg>NP</arg>
<arg>NR</arg>
<arg>NU</arg>
<arg>NZ</arg>
<arg>OM</arg>
<arg>PA</arg>
<arg>PE</arg>
<arg>PF</arg>
<arg>PG</arg>
<arg>PH</arg>
<arg>PK</arg>
<arg>PL</arg>
<arg>PM</arg>
<arg>PN</arg>
<arg>PR</arg>
<arg>PS</arg>
<arg>PT</arg>
<arg>PW</arg>
<arg>PY</arg>
<arg>QA</arg>
<arg>RE</arg>
<arg>RO</arg>
<arg>RS</arg>
<arg>RU</arg>
<arg>RW</arg>
<arg>SA</arg>
<arg>SB</arg>
<arg>SC</arg>
<arg>SD</arg>
<arg>SE</arg>
<arg>SG</arg>
<arg>SH</arg>
<arg>SI</arg>
<arg>SJ</arg>
<arg>SK</arg>
<arg>SL</arg>
<arg>SM</arg>
<arg>SN</arg>
<arg>SO</arg>
<arg>SR</arg>
<arg>SS</arg>
<arg>ST</arg>
<arg>SV</arg>
<arg>SX</arg>
<arg>SY</arg>
<arg>SZ</arg>
<arg>TC</arg>
<arg>TD</arg>
<arg>TF</arg>
<arg>TG</arg>
<arg>TH</arg>
<arg>TJ</arg>
<arg>TK</arg>
<arg>TL</arg>
<arg>TM</arg>
<arg>TN</arg>
<arg>TO</arg>
<arg>TR</arg>
<arg>TT</arg>
<arg>TV</arg>
<arg>TW</arg>
<arg>TZ</arg>
<arg>UA</arg>
<arg>UG</arg>
<arg>UM</arg>
<arg>US</arg>
<arg>UY</arg>
<arg>UZ</arg>
<arg>VA</arg>
<arg>VC</arg>
<arg>VE</arg>
<arg>VG</arg>
<arg>VI</arg>
<arg>VN</arg>
<arg>VU</arg>
<arg>WF</arg>
<arg>WS</arg>
<arg>XK</arg>
<arg>YE</arg>
<arg>YT</arg>
<arg>ZA</arg>
<arg>ZM</arg>
<arg>ZW</arg>
<doc>Returns a list containing given items.</doc>
<status status="PASS" start="2024-04-18T04:16:22.911683" elapsed="0.000620"/>
</kw>
<kw name="List Should Contain Value" owner="Collections">
<msg time="2024-04-18T04:16:22.913282" level="INFO">False</msg>
<arg>${list_country}</arg>
<arg>${name_country}</arg>
<doc>Fails if the ``value`` is not found from ``list``.</doc>
<status status="PASS" start="2024-04-18T04:16:22.913086" elapsed="0.000231"/>
</kw>
<kw name="Run Keyword If" owner="BuiltIn">
<kw name="Should Be True" owner="BuiltIn">
<arg>${True}</arg>
<doc>Fails if the given condition is not true.</doc>
<status status="PASS" start="2024-04-18T04:16:22.914363" elapsed="0.000239"/>
</kw>
<arg>${json_data["results"][0]["location"]["coordinates"]["latitude"]} &gt;= -90 and ${json_data["results"][0]["location"]["coordinates"]["latitude"]} &lt;= 90</arg>
<arg>Should Be True</arg>
<arg>${True}</arg>
<doc>Runs the given keyword with the given arguments, if ``condition`` is true.</doc>
<status status="PASS" start="2024-04-18T04:16:22.913617" elapsed="0.001120"/>
</kw>
<kw name="Run Keyword If" owner="BuiltIn">
<kw name="Should Be True" owner="BuiltIn">
<arg>${True}</arg>
<doc>Fails if the given condition is not true.</doc>
<status status="PASS" start="2024-04-18T04:16:22.915648" elapsed="0.000145"/>
</kw>
<arg>${json_data["results"][0]["location"]["coordinates"]["longitude"]} &gt;= -180 and ${json_data["results"][0]["location"]["coordinates"]["longitude"]} &lt;= 180</arg>
<arg>Should Be True</arg>
<arg>${True}</arg>
<doc>Runs the given keyword with the given arguments, if ``condition`` is true.</doc>
<status status="PASS" start="2024-04-18T04:16:22.914926" elapsed="0.000990"/>
</kw>
<status status="PASS" start="2024-04-18T04:16:22.813093" elapsed="0.102948"/>
</kw>
<doc>Testa o conteúdo específico dos campos retornados pela API.</doc>
<tag>testeConteudo</tag>
<status status="PASS" start="2024-04-18T04:16:22.812634" elapsed="0.103548"/>
</test>
<status status="PASS" start="2024-04-18T04:16:21.758841" elapsed="1.159220"/>
</suite>
<status status="PASS" start="2024-04-18T04:16:21.745454" elapsed="1.177662"/>
</suite>
<statistics>
<total>
<stat pass="5" fail="0" skip="0">All Tests</stat>
</total>
<tag>
<stat pass="1" fail="0" skip="0">testeConteudo</stat>
<stat pass="1" fail="0" skip="0">testeEstruturaResposta</stat>
<stat pass="1" fail="0" skip="0">testeRequisicaoBasica</stat>
<stat pass="1" fail="0" skip="0">testeTiposDados</stat>
</tag>
<suite>
<stat pass="5" fail="0" skip="0" id="s1" name="Tests">Tests</stat>
<stat pass="5" fail="0" skip="0" id="s1-s1" name="Random-User-Test">Tests.Random-User-Test</stat>
</suite>
</statistics>
<errors>
</errors>
</robot>
