<?xml version="1.0" encoding="UTF-8"?>
<robot generator="Robot 7.0 (Python 3.12.2 on linux)" generated="2024-03-29T18:16:46.388479" rpa="false" schemaversion="5">
<suite id="s1" name="Tests" source="/home/runner/work/DesafioQAItauRogerioJordao/DesafioQAItauRogerioJordao/RamdonUser/tests">
<suite id="s1-s1" name="Random-User-Test" source="/home/runner/work/DesafioQAItauRogerioJordao/DesafioQAItauRogerioJordao/RamdonUser/tests/random-user-test.robot">
<test id="s1-s1-t1" name="Conectar" line="13">
<kw name="Conectar API" owner="random-user-service">
<kw name="Create Session" owner="RequestsLibrary">
<msg time="2024-03-29T18:16:46.756256" level="INFO">Creating Session using : alias=consultarAPI, url=https://randomuser.me/, headers={},                     cookies={}, auth=None, timeout=None, proxies=None, verify=False,                     debug=0 </msg>
<arg>consultarAPI</arg>
<arg>${URL}</arg>
<doc>Create Session: create a HTTP session to a server</doc>
<status status="PASS" start="2024-03-29T18:16:46.756052" elapsed="0.000388"/>
</kw>
<status status="PASS" start="2024-03-29T18:16:46.755009" elapsed="0.001797"/>
</kw>
<status status="PASS" start="2024-03-29T18:16:46.754439" elapsed="0.002573"/>
</test>
<test id="s1-s1-t2" name="Validar retorno 200 e JSON Válido" line="16">
<kw name="Teste de Requisicao Basica" owner="random-user-service">
<kw name="GET On Session" owner="RequestsLibrary">
<msg time="2024-03-29T18:16:46.846295" level="INFO">GET Request : url=https://randomuser.me/api 
 path_url=/api 
 headers={'User-Agent': 'python-requests/2.31.0', 'Accept-Encoding': 'gzip, deflate', 'Accept': '*/*', 'Connection': 'keep-alive'} 
 body=None 
 </msg>
<msg time="2024-03-29T18:16:46.846439" level="INFO">GET Response : url=https://randomuser.me/api 
 status=200, reason=OK 
 headers={'Date': 'Fri, 29 Mar 2024 18:16:46 GMT', 'Content-Type': 'application/json; charset=utf-8', 'Transfer-Encoding': 'chunked', 'Connection': 'keep-alive', 'X-Powered-By': 'Express', 'Access-Control-Allow-Origin': '*', 'Cache-Control': 'no-cache', 'ETag': 'W/"485-q0pPUTJ1/4Nkg84SSqLuqrXrbH4"', 'Vary': 'Accept-Encoding', 'Content-Encoding': 'gzip', 'CF-Cache-Status': 'DYNAMIC', 'Report-To': '{"endpoints":[{"url":"https:\\/\\/a.nel.cloudflare.com\\/report\\/v4?s=BujNyPsxgzw1E4ArAI7fhwDlVSTNT8918Ev4jHetVlrNpob%2BlP0wKmMaXJ6ICKpn%2FbVbCUczb9%2BV0NJkaft7Ue9jVlAknuTzhPwBSTN2WjMd7K3zW6MRBcKPJyEWtFbT"}],"group":"cf-nel","max_age":604800}', 'NEL': '{"success_fraction":0,"report_to":"cf-nel","max_age":604800}', 'Server': 'cloudflare', 'CF-RAY': '86c1da5c7b4e07fa-IAD', 'alt-svc': 'h3=":443"; ma=86400'} 
 body={"results":[{"gender":"male","name":{"title":"Mr","first":"Loris","last":"Leroux"},"location":{"street":{"number":9782,"name":"Rue des Abbesses"},"city":"Metz","state":"Drôme","country":"France","postcode":23039,"coordinates":{"latitude":"-18.5183","longitude":"-77.6888"},"timezone":{"offset":"-1:00","description":"Azores, Cape Verde Islands"}},"email":"loris.leroux@example.com","login":{"uuid":"796fb742-6a4c-4cc1-a4e3-673db6a54f4a","username":"tinyduck480","password":"dana","salt":"AOrUWYgh","md5":"dcb9f7b06275a2f7c700341a3e3c3e69","sha1":"60c1b9f69a42d9f6ff8e9e6cff6aaa70492a4b4e","sha256":"bfcf72b8826af35fd195355b69a0fceb44f4f452d4693b891322d6024b5eb8b6"},"dob":{"date":"1970-09-14T04:36:02.913Z","age":53},"registered":{"date":"2006-11-01T11:12:12.499Z","age":17},"phone":"04-36-32-92-61","cell":"06-80-20-74-86","id":{"name":"INSEE","value":"1700850274821 31"},"picture":{"large":"https://randomuser.me/api/portraits/men/84.jpg","medium":"https://randomuser.me/api/portraits/med/men/84.jpg","thumbnail":"https://randomuser.me/api/portraits/thumb/men/84.jpg"},"nat":"FR"}],"info":{"seed":"fdd01b4f36690e40","results":1,"page":1,"version":"1.4"}} 
 </msg>
<msg time="2024-03-29T18:16:46.846544" level="INFO">/opt/hostedtoolcache/Python/3.12.2/x64/lib/python3.12/site-packages/urllib3/connectionpool.py:1103: InsecureRequestWarning: Unverified HTTPS request is being made to host 'randomuser.me'. Adding certificate verification is strongly advised. See: https://urllib3.readthedocs.io/en/latest/advanced-usage.html#tls-warnings
  warnings.warn(</msg>
<msg time="2024-03-29T18:16:46.846724" level="INFO">${response} = &lt;Response [200]&gt;</msg>
<var>${response}</var>
<arg>consultarAPI</arg>
<arg>/api</arg>
<doc>Sends a GET request on a previously created HTTP Session.</doc>
<status status="PASS" start="2024-03-29T18:16:46.759771" elapsed="0.086990"/>
</kw>
<kw name="Should Be Equal As Numbers" owner="BuiltIn">
<msg time="2024-03-29T18:16:46.847725" level="INFO">Argument types are:
&lt;class 'int'&gt;
&lt;class 'str'&gt;</msg>
<arg>${response.status_code}</arg>
<arg>200</arg>
<doc>Fails if objects are unequal after converting them to real numbers.</doc>
<status status="PASS" start="2024-03-29T18:16:46.847266" elapsed="0.000525"/>
</kw>
<kw name="Log" owner="BuiltIn">
<msg time="2024-03-29T18:16:46.848471" level="INFO">200</msg>
<arg>${response.status_code}</arg>
<doc>Logs the given message with the given level.</doc>
<status status="PASS" start="2024-03-29T18:16:46.848114" elapsed="0.000402"/>
</kw>
<kw name="Set Variable" owner="BuiltIn">
<msg time="2024-03-29T18:16:46.849283" level="INFO">${json_data} = {'results': [{'gender': 'male', 'name': {'title': 'Mr', 'first': 'Loris', 'last': 'Leroux'}, 'location': {'street': {'number': 9782, 'name': 'Rue des Abbesses'}, 'city': 'Metz', 'state': 'Drôme', 'cou...</msg>
<var>${json_data}</var>
<arg>${response.json()}</arg>
<doc>Returns the given values which can then be assigned to a variables.</doc>
<status status="PASS" start="2024-03-29T18:16:46.848828" elapsed="0.000484"/>
</kw>
<kw name="Dictionary Should Contain Key" owner="Collections">
<msg time="2024-03-29T18:16:46.849784" level="INFO">False</msg>
<arg>${json_data}</arg>
<arg>results</arg>
<doc>Fails if ``key`` is not found from ``dictionary``.</doc>
<status status="PASS" start="2024-03-29T18:16:46.849617" elapsed="0.000208"/>
</kw>
<status status="PASS" start="2024-03-29T18:16:46.759467" elapsed="0.090621"/>
</kw>
<doc>Testa se a API responde corretamente e retorna um objeto JSON válido.</doc>
<tag>testeRequisicaoBasica</tag>
<status status="PASS" start="2024-03-29T18:16:46.758871" elapsed="0.091409"/>
</test>
<test id="s1-s1-t3" name="Validar estrutura de resposta" line="22">
<kw name="Teste de Estrutura de Resposta" owner="random-user-service">
<kw name="GET On Session" owner="RequestsLibrary">
<msg time="2024-03-29T18:16:46.947400" level="INFO">GET Request : url=https://randomuser.me/api 
 path_url=/api 
 headers={'User-Agent': 'python-requests/2.31.0', 'Accept-Encoding': 'gzip, deflate', 'Accept': '*/*', 'Connection': 'keep-alive'} 
 body=None 
 </msg>
<msg time="2024-03-29T18:16:46.947492" level="INFO">GET Response : url=https://randomuser.me/api 
 status=200, reason=OK 
 headers={'Date': 'Fri, 29 Mar 2024 18:16:46 GMT', 'Content-Type': 'application/json; charset=utf-8', 'Transfer-Encoding': 'chunked', 'Connection': 'keep-alive', 'X-Powered-By': 'Express', 'Access-Control-Allow-Origin': '*', 'Cache-Control': 'no-cache', 'ETag': 'W/"483-HNth37/vtSjCBafuaMZKzSBZGCw"', 'Vary': 'Accept-Encoding', 'Content-Encoding': 'gzip', 'CF-Cache-Status': 'DYNAMIC', 'Report-To': '{"endpoints":[{"url":"https:\\/\\/a.nel.cloudflare.com\\/report\\/v4?s=hM%2FiJ636eu8NR%2FYIlVDr3CGdB8dmSkB8BXcgHqeJ%2FmKR%2BCe5aYn6PfB4hlwW0p5BtonhBDbHYyj58dcYClOASOrKZe1Au4Q0eMV5C%2FU8fQjiJvqTRlaA%2FwetCsxI3AfU"}],"group":"cf-nel","max_age":604800}', 'NEL': '{"success_fraction":0,"report_to":"cf-nel","max_age":604800}', 'Server': 'cloudflare', 'CF-RAY': '86c1da5cdbb907fa-IAD', 'alt-svc': 'h3=":443"; ma=86400'} 
 body={"results":[{"gender":"male","name":{"title":"Mr","first":"Micheal","last":"Hart"},"location":{"street":{"number":4408,"name":"Ash Dr"},"city":"Albuquerque","state":"Florida","country":"United States","postcode":34206,"coordinates":{"latitude":"82.2252","longitude":"-146.6051"},"timezone":{"offset":"+7:00","description":"Bangkok, Hanoi, Jakarta"}},"email":"micheal.hart@example.com","login":{"uuid":"b5c70024-530a-42c7-a102-c5a6c356350f","username":"beautifuldog807","password":"bama","salt":"wlcNjUCN","md5":"12c11f24d417fa115037661f57edfb50","sha1":"861bda51d250208abe9f5a6c569a0a8c374852bc","sha256":"e966f6e8e8815137ec182106c472fcf023c3b4a7a3a08331f65aa7da3022d0aa"},"dob":{"date":"1965-09-01T10:25:23.445Z","age":58},"registered":{"date":"2015-12-12T21:52:50.370Z","age":8},"phone":"(823) 523-0901","cell":"(773) 908-1916","id":{"name":"SSN","value":"171-89-2746"},"picture":{"large":"https://randomuser.me/api/portraits/men/42.jpg","medium":"https://randomuser.me/api/portraits/med/men/42.jpg","thumbnail":"https://randomuser.me/api/portraits/thumb/men/42.jpg"},"nat":"US"}],"info":{"seed":"dac3148c8821ea3a","results":1,"page":1,"version":"1.4"}} 
 </msg>
<msg time="2024-03-29T18:16:46.947624" level="INFO">/opt/hostedtoolcache/Python/3.12.2/x64/lib/python3.12/site-packages/urllib3/connectionpool.py:1103: InsecureRequestWarning: Unverified HTTPS request is being made to host 'randomuser.me'. Adding certificate verification is strongly advised. See: https://urllib3.readthedocs.io/en/latest/advanced-usage.html#tls-warnings
  warnings.warn(</msg>
<msg time="2024-03-29T18:16:46.947759" level="INFO">${response} = &lt;Response [200]&gt;</msg>
<var>${response}</var>
<arg>consultarAPI</arg>
<arg>/api</arg>
<doc>Sends a GET request on a previously created HTTP Session.</doc>
<status status="PASS" start="2024-03-29T18:16:46.853044" elapsed="0.094758"/>
</kw>
<kw name="Set Variable" owner="BuiltIn">
<msg time="2024-03-29T18:16:46.948767" level="INFO">${json_data} = {'results': [{'gender': 'male', 'name': {'title': 'Mr', 'first': 'Micheal', 'last': 'Hart'}, 'location': {'street': {'number': 4408, 'name': 'Ash Dr'}, 'city': 'Albuquerque', 'state': 'Florida', 'coun...</msg>
<var>${json_data}</var>
<arg>${response.json()}</arg>
<doc>Returns the given values which can then be assigned to a variables.</doc>
<status status="PASS" start="2024-03-29T18:16:46.948274" elapsed="0.000522"/>
</kw>
<kw name="Log" owner="BuiltIn">
<msg time="2024-03-29T18:16:46.949290" level="INFO">{'results': [{'gender': 'male', 'name': {'title': 'Mr', 'first': 'Micheal', 'last': 'Hart'}, 'location': {'street': {'number': 4408, 'name': 'Ash Dr'}, 'city': 'Albuquerque', 'state': 'Florida', 'country': 'United States', 'postcode': 34206, 'coordinates': {'latitude': '82.2252', 'longitude': '-146.6051'}, 'timezone': {'offset': '+7:00', 'description': 'Bangkok, Hanoi, Jakarta'}}, 'email': 'micheal.hart@example.com', 'login': {'uuid': 'b5c70024-530a-42c7-a102-c5a6c356350f', 'username': 'beautifuldog807', 'password': 'bama', 'salt': 'wlcNjUCN', 'md5': '12c11f24d417fa115037661f57edfb50', 'sha1': '861bda51d250208abe9f5a6c569a0a8c374852bc', 'sha256': 'e966f6e8e8815137ec182106c472fcf023c3b4a7a3a08331f65aa7da3022d0aa'}, 'dob': {'date': '1965-09-01T10:25:23.445Z', 'age': 58}, 'registered': {'date': '2015-12-12T21:52:50.370Z', 'age': 8}, 'phone': '(823) 523-0901', 'cell': '(773) 908-1916', 'id': {'name': 'SSN', 'value': '171-89-2746'}, 'picture': {'large': 'https://randomuser.me/api/portraits/men/42.jpg', 'medium': 'https://randomuser.me/api/portraits/med/men/42.jpg', 'thumbnail': 'https://randomuser.me/api/portraits/thumb/men/42.jpg'}, 'nat': 'US'}], 'info': {'seed': 'dac3148c8821ea3a', 'results': 1, 'page': 1, 'version': '1.4'}}</msg>
<arg>${json_data}</arg>
<doc>Logs the given message with the given level.</doc>
<status status="PASS" start="2024-03-29T18:16:46.949129" elapsed="0.000209"/>
</kw>
<kw name="Dictionary Should Contain Key" owner="Collections">
<msg time="2024-03-29T18:16:46.949796" level="INFO">False</msg>
<arg>${json_data}</arg>
<arg>results</arg>
<doc>Fails if ``key`` is not found from ``dictionary``.</doc>
<status status="PASS" start="2024-03-29T18:16:46.949639" elapsed="0.000195"/>
</kw>
<kw name="Should Not Be Empty" owner="BuiltIn">
<msg time="2024-03-29T18:16:46.950273" level="INFO">Length is 2.</msg>
<arg>${json_data}</arg>
<doc>Verifies that the given item is not empty.</doc>
<status status="PASS" start="2024-03-29T18:16:46.950139" elapsed="0.000173"/>
</kw>
<kw name="Create List" owner="BuiltIn">
<msg time="2024-03-29T18:16:46.950830" level="INFO">${expected_keys} = ['gender', 'name', 'location', 'email', 'login']</msg>
<var>${expected_keys}</var>
<arg>gender</arg>
<arg>name</arg>
<arg>location</arg>
<arg>email</arg>
<arg>login</arg>
<doc>Returns a list containing given items.</doc>
<status status="PASS" start="2024-03-29T18:16:46.950662" elapsed="0.000193"/>
</kw>
<for flavor="IN">
<iter>
<kw name="Dictionary Should Contain Key" owner="Collections">
<msg time="2024-03-29T18:16:46.951882" level="INFO">False</msg>
<arg>${json_data['results'][0]}</arg>
<arg>${key}</arg>
<doc>Fails if ``key`` is not found from ``dictionary``.</doc>
<status status="PASS" start="2024-03-29T18:16:46.951457" elapsed="0.000466"/>
</kw>
<kw name="Log" owner="BuiltIn">
<msg time="2024-03-29T18:16:46.952629" level="INFO">{'gender': 'male', 'name': {'title': 'Mr', 'first': 'Micheal', 'last': 'Hart'}, 'location': {'street': {'number': 4408, 'name': 'Ash Dr'}, 'city': 'Albuquerque', 'state': 'Florida', 'country': 'United States', 'postcode': 34206, 'coordinates': {'latitude': '82.2252', 'longitude': '-146.6051'}, 'timezone': {'offset': '+7:00', 'description': 'Bangkok, Hanoi, Jakarta'}}, 'email': 'micheal.hart@example.com', 'login': {'uuid': 'b5c70024-530a-42c7-a102-c5a6c356350f', 'username': 'beautifuldog807', 'password': 'bama', 'salt': 'wlcNjUCN', 'md5': '12c11f24d417fa115037661f57edfb50', 'sha1': '861bda51d250208abe9f5a6c569a0a8c374852bc', 'sha256': 'e966f6e8e8815137ec182106c472fcf023c3b4a7a3a08331f65aa7da3022d0aa'}, 'dob': {'date': '1965-09-01T10:25:23.445Z', 'age': 58}, 'registered': {'date': '2015-12-12T21:52:50.370Z', 'age': 8}, 'phone': '(823) 523-0901', 'cell': '(773) 908-1916', 'id': {'name': 'SSN', 'value': '171-89-2746'}, 'picture': {'large': 'https://randomuser.me/api/portraits/men/42.jpg', 'medium': 'https://randomuser.me/api/portraits/med/men/42.jpg', 'thumbnail': 'https://randomuser.me/api/portraits/thumb/men/42.jpg'}, 'nat': 'US'}</msg>
<arg>${json_data['results'][0]}</arg>
<doc>Logs the given message with the given level.</doc>
<status status="PASS" start="2024-03-29T18:16:46.952253" elapsed="0.000431"/>
</kw>
<kw name="Log" owner="BuiltIn">
<msg time="2024-03-29T18:16:46.953279" level="INFO">gender</msg>
<arg>${key}</arg>
<doc>Logs the given message with the given level.</doc>
<status status="PASS" start="2024-03-29T18:16:46.953076" elapsed="0.000262"/>
</kw>
<var name="${key}">gender</var>
<status status="PASS" start="2024-03-29T18:16:46.951330" elapsed="0.002286"/>
</iter>
<iter>
<kw name="Dictionary Should Contain Key" owner="Collections">
<msg time="2024-03-29T18:16:46.954518" level="INFO">False</msg>
<arg>${json_data['results'][0]}</arg>
<arg>${key}</arg>
<doc>Fails if ``key`` is not found from ``dictionary``.</doc>
<status status="PASS" start="2024-03-29T18:16:46.953991" elapsed="0.000603"/>
</kw>
<kw name="Log" owner="BuiltIn">
<msg time="2024-03-29T18:16:46.955520" level="INFO">{'gender': 'male', 'name': {'title': 'Mr', 'first': 'Micheal', 'last': 'Hart'}, 'location': {'street': {'number': 4408, 'name': 'Ash Dr'}, 'city': 'Albuquerque', 'state': 'Florida', 'country': 'United States', 'postcode': 34206, 'coordinates': {'latitude': '82.2252', 'longitude': '-146.6051'}, 'timezone': {'offset': '+7:00', 'description': 'Bangkok, Hanoi, Jakarta'}}, 'email': 'micheal.hart@example.com', 'login': {'uuid': 'b5c70024-530a-42c7-a102-c5a6c356350f', 'username': 'beautifuldog807', 'password': 'bama', 'salt': 'wlcNjUCN', 'md5': '12c11f24d417fa115037661f57edfb50', 'sha1': '861bda51d250208abe9f5a6c569a0a8c374852bc', 'sha256': 'e966f6e8e8815137ec182106c472fcf023c3b4a7a3a08331f65aa7da3022d0aa'}, 'dob': {'date': '1965-09-01T10:25:23.445Z', 'age': 58}, 'registered': {'date': '2015-12-12T21:52:50.370Z', 'age': 8}, 'phone': '(823) 523-0901', 'cell': '(773) 908-1916', 'id': {'name': 'SSN', 'value': '171-89-2746'}, 'picture': {'large': 'https://randomuser.me/api/portraits/men/42.jpg', 'medium': 'https://randomuser.me/api/portraits/med/men/42.jpg', 'thumbnail': 'https://randomuser.me/api/portraits/thumb/men/42.jpg'}, 'nat': 'US'}</msg>
<arg>${json_data['results'][0]}</arg>
<doc>Logs the given message with the given level.</doc>
<status status="PASS" start="2024-03-29T18:16:46.955020" elapsed="0.000566"/>
</kw>
<kw name="Log" owner="BuiltIn">
<msg time="2024-03-29T18:16:46.956121" level="INFO">name</msg>
<arg>${key}</arg>
<doc>Logs the given message with the given level.</doc>
<status status="PASS" start="2024-03-29T18:16:46.955965" elapsed="0.000196"/>
</kw>
<var name="${key}">name</var>
<status status="PASS" start="2024-03-29T18:16:46.953846" elapsed="0.002540"/>
</iter>
<iter>
<kw name="Dictionary Should Contain Key" owner="Collections">
<msg time="2024-03-29T18:16:46.957069" level="INFO">False</msg>
<arg>${json_data['results'][0]}</arg>
<arg>${key}</arg>
<doc>Fails if ``key`` is not found from ``dictionary``.</doc>
<status status="PASS" start="2024-03-29T18:16:46.956686" elapsed="0.000421"/>
</kw>
<kw name="Log" owner="BuiltIn">
<msg time="2024-03-29T18:16:46.957776" level="INFO">{'gender': 'male', 'name': {'title': 'Mr', 'first': 'Micheal', 'last': 'Hart'}, 'location': {'street': {'number': 4408, 'name': 'Ash Dr'}, 'city': 'Albuquerque', 'state': 'Florida', 'country': 'United States', 'postcode': 34206, 'coordinates': {'latitude': '82.2252', 'longitude': '-146.6051'}, 'timezone': {'offset': '+7:00', 'description': 'Bangkok, Hanoi, Jakarta'}}, 'email': 'micheal.hart@example.com', 'login': {'uuid': 'b5c70024-530a-42c7-a102-c5a6c356350f', 'username': 'beautifuldog807', 'password': 'bama', 'salt': 'wlcNjUCN', 'md5': '12c11f24d417fa115037661f57edfb50', 'sha1': '861bda51d250208abe9f5a6c569a0a8c374852bc', 'sha256': 'e966f6e8e8815137ec182106c472fcf023c3b4a7a3a08331f65aa7da3022d0aa'}, 'dob': {'date': '1965-09-01T10:25:23.445Z', 'age': 58}, 'registered': {'date': '2015-12-12T21:52:50.370Z', 'age': 8}, 'phone': '(823) 523-0901', 'cell': '(773) 908-1916', 'id': {'name': 'SSN', 'value': '171-89-2746'}, 'picture': {'large': 'https://randomuser.me/api/portraits/men/42.jpg', 'medium': 'https://randomuser.me/api/portraits/med/men/42.jpg', 'thumbnail': 'https://randomuser.me/api/portraits/thumb/men/42.jpg'}, 'nat': 'US'}</msg>
<arg>${json_data['results'][0]}</arg>
<doc>Logs the given message with the given level.</doc>
<status status="PASS" start="2024-03-29T18:16:46.957412" elapsed="0.000418"/>
</kw>
<kw name="Log" owner="BuiltIn">
<msg time="2024-03-29T18:16:46.958261" level="INFO">location</msg>
<arg>${key}</arg>
<doc>Logs the given message with the given level.</doc>
<status status="PASS" start="2024-03-29T18:16:46.958131" elapsed="0.000170"/>
</kw>
<var name="${key}">location</var>
<status status="PASS" start="2024-03-29T18:16:46.956572" elapsed="0.001949"/>
</iter>
<iter>
<kw name="Dictionary Should Contain Key" owner="Collections">
<msg time="2024-03-29T18:16:46.959234" level="INFO">False</msg>
<arg>${json_data['results'][0]}</arg>
<arg>${key}</arg>
<doc>Fails if ``key`` is not found from ``dictionary``.</doc>
<status status="PASS" start="2024-03-29T18:16:46.958847" elapsed="0.000425"/>
</kw>
<kw name="Log" owner="BuiltIn">
<msg time="2024-03-29T18:16:46.959933" level="INFO">{'gender': 'male', 'name': {'title': 'Mr', 'first': 'Micheal', 'last': 'Hart'}, 'location': {'street': {'number': 4408, 'name': 'Ash Dr'}, 'city': 'Albuquerque', 'state': 'Florida', 'country': 'United States', 'postcode': 34206, 'coordinates': {'latitude': '82.2252', 'longitude': '-146.6051'}, 'timezone': {'offset': '+7:00', 'description': 'Bangkok, Hanoi, Jakarta'}}, 'email': 'micheal.hart@example.com', 'login': {'uuid': 'b5c70024-530a-42c7-a102-c5a6c356350f', 'username': 'beautifuldog807', 'password': 'bama', 'salt': 'wlcNjUCN', 'md5': '12c11f24d417fa115037661f57edfb50', 'sha1': '861bda51d250208abe9f5a6c569a0a8c374852bc', 'sha256': 'e966f6e8e8815137ec182106c472fcf023c3b4a7a3a08331f65aa7da3022d0aa'}, 'dob': {'date': '1965-09-01T10:25:23.445Z', 'age': 58}, 'registered': {'date': '2015-12-12T21:52:50.370Z', 'age': 8}, 'phone': '(823) 523-0901', 'cell': '(773) 908-1916', 'id': {'name': 'SSN', 'value': '171-89-2746'}, 'picture': {'large': 'https://randomuser.me/api/portraits/men/42.jpg', 'medium': 'https://randomuser.me/api/portraits/med/men/42.jpg', 'thumbnail': 'https://randomuser.me/api/portraits/thumb/men/42.jpg'}, 'nat': 'US'}</msg>
<arg>${json_data['results'][0]}</arg>
<doc>Logs the given message with the given level.</doc>
<status status="PASS" start="2024-03-29T18:16:46.959576" elapsed="0.000406"/>
</kw>
<kw name="Log" owner="BuiltIn">
<msg time="2024-03-29T18:16:46.960409" level="INFO">email</msg>
<arg>${key}</arg>
<doc>Logs the given message with the given level.</doc>
<status status="PASS" start="2024-03-29T18:16:46.960280" elapsed="0.000167"/>
</kw>
<var name="${key}">email</var>
<status status="PASS" start="2024-03-29T18:16:46.958733" elapsed="0.001935"/>
</iter>
<iter>
<kw name="Dictionary Should Contain Key" owner="Collections">
<msg time="2024-03-29T18:16:46.961349" level="INFO">False</msg>
<arg>${json_data['results'][0]}</arg>
<arg>${key}</arg>
<doc>Fails if ``key`` is not found from ``dictionary``.</doc>
<status status="PASS" start="2024-03-29T18:16:46.960962" elapsed="0.000425"/>
</kw>
<kw name="Log" owner="BuiltIn">
<msg time="2024-03-29T18:16:46.962044" level="INFO">{'gender': 'male', 'name': {'title': 'Mr', 'first': 'Micheal', 'last': 'Hart'}, 'location': {'street': {'number': 4408, 'name': 'Ash Dr'}, 'city': 'Albuquerque', 'state': 'Florida', 'country': 'United States', 'postcode': 34206, 'coordinates': {'latitude': '82.2252', 'longitude': '-146.6051'}, 'timezone': {'offset': '+7:00', 'description': 'Bangkok, Hanoi, Jakarta'}}, 'email': 'micheal.hart@example.com', 'login': {'uuid': 'b5c70024-530a-42c7-a102-c5a6c356350f', 'username': 'beautifuldog807', 'password': 'bama', 'salt': 'wlcNjUCN', 'md5': '12c11f24d417fa115037661f57edfb50', 'sha1': '861bda51d250208abe9f5a6c569a0a8c374852bc', 'sha256': 'e966f6e8e8815137ec182106c472fcf023c3b4a7a3a08331f65aa7da3022d0aa'}, 'dob': {'date': '1965-09-01T10:25:23.445Z', 'age': 58}, 'registered': {'date': '2015-12-12T21:52:50.370Z', 'age': 8}, 'phone': '(823) 523-0901', 'cell': '(773) 908-1916', 'id': {'name': 'SSN', 'value': '171-89-2746'}, 'picture': {'large': 'https://randomuser.me/api/portraits/men/42.jpg', 'medium': 'https://randomuser.me/api/portraits/med/men/42.jpg', 'thumbnail': 'https://randomuser.me/api/portraits/thumb/men/42.jpg'}, 'nat': 'US'}</msg>
<arg>${json_data['results'][0]}</arg>
<doc>Logs the given message with the given level.</doc>
<status status="PASS" start="2024-03-29T18:16:46.961684" elapsed="0.000407"/>
</kw>
<kw name="Log" owner="BuiltIn">
<msg time="2024-03-29T18:16:46.962514" level="INFO">login</msg>
<arg>${key}</arg>
<doc>Logs the given message with the given level.</doc>
<status status="PASS" start="2024-03-29T18:16:46.962385" elapsed="0.000321"/>
</kw>
<var name="${key}">login</var>
<status status="PASS" start="2024-03-29T18:16:46.960845" elapsed="0.002099"/>
</iter>
<var>${key}</var>
<value>@{expected_keys}</value>
<status status="PASS" start="2024-03-29T18:16:46.951133" elapsed="0.011962"/>
</for>
<kw name="Create List" owner="BuiltIn">
<msg time="2024-03-29T18:16:46.963443" level="INFO">${expected_keysTwo} = ['username', 'password']</msg>
<var>${expected_keysTwo}</var>
<arg>username</arg>
<arg>password</arg>
<doc>Returns a list containing given items.</doc>
<status status="PASS" start="2024-03-29T18:16:46.963302" elapsed="0.000165"/>
</kw>
<for flavor="IN">
<iter>
<kw name="Dictionary Should Contain Key" owner="Collections">
<msg time="2024-03-29T18:16:46.964361" level="INFO">False</msg>
<arg>${json_data['results'][0]['login']}</arg>
<arg>${keyTwo}</arg>
<doc>Fails if ``key`` is not found from ``dictionary``.</doc>
<status status="PASS" start="2024-03-29T18:16:46.963975" elapsed="0.000424"/>
</kw>
<kw name="Dictionary Should Contain Key" owner="Collections">
<msg time="2024-03-29T18:16:46.965094" level="INFO">False</msg>
<arg>${json_data['results'][0]['login']}</arg>
<arg>${keyTwo}</arg>
<doc>Fails if ``key`` is not found from ``dictionary``.</doc>
<status status="PASS" start="2024-03-29T18:16:46.964710" elapsed="0.000422"/>
</kw>
<kw name="Log" owner="BuiltIn">
<msg time="2024-03-29T18:16:46.965557" level="INFO">username</msg>
<arg>${keyTwo}</arg>
<doc>Logs the given message with the given level.</doc>
<status status="PASS" start="2024-03-29T18:16:46.965428" elapsed="0.000167"/>
</kw>
<var name="${keyTwo}">username</var>
<status status="PASS" start="2024-03-29T18:16:46.963864" elapsed="0.001947"/>
</iter>
<iter>
<kw name="Dictionary Should Contain Key" owner="Collections">
<msg time="2024-03-29T18:16:46.966471" level="INFO">False</msg>
<arg>${json_data['results'][0]['login']}</arg>
<arg>${keyTwo}</arg>
<doc>Fails if ``key`` is not found from ``dictionary``.</doc>
<status status="PASS" start="2024-03-29T18:16:46.966095" elapsed="0.000415"/>
</kw>
<kw name="Dictionary Should Contain Key" owner="Collections">
<msg time="2024-03-29T18:16:46.967239" level="INFO">False</msg>
<arg>${json_data['results'][0]['login']}</arg>
<arg>${keyTwo}</arg>
<doc>Fails if ``key`` is not found from ``dictionary``.</doc>
<status status="PASS" start="2024-03-29T18:16:46.966855" elapsed="0.000422"/>
</kw>
<kw name="Log" owner="BuiltIn">
<msg time="2024-03-29T18:16:46.967701" level="INFO">password</msg>
<arg>${keyTwo}</arg>
<doc>Logs the given message with the given level.</doc>
<status status="PASS" start="2024-03-29T18:16:46.967573" elapsed="0.000166"/>
</kw>
<var name="${keyTwo}">password</var>
<status status="PASS" start="2024-03-29T18:16:46.965986" elapsed="0.001971"/>
</iter>
<var>${keyTwo}</var>
<value>@{expected_keysTwo}</value>
<status status="PASS" start="2024-03-29T18:16:46.963708" elapsed="0.004373"/>
</for>
<status status="PASS" start="2024-03-29T18:16:46.852804" elapsed="0.115423"/>
</kw>
<doc>Testa a estrutura da resposta da API.</doc>
<tag>testeEstruturaResposta</tag>
<status status="PASS" start="2024-03-29T18:16:46.852163" elapsed="0.116230"/>
</test>
<test id="s1-s1-t4" name="Validar tipos de dados" line="28">
<kw name="Teste de Tipos de Dados" owner="random-user-service">
<kw name="GET On Session" owner="RequestsLibrary">
<msg time="2024-03-29T18:16:47.042522" level="INFO">GET Request : url=https://randomuser.me/api 
 path_url=/api 
 headers={'User-Agent': 'python-requests/2.31.0', 'Accept-Encoding': 'gzip, deflate', 'Accept': '*/*', 'Connection': 'keep-alive'} 
 body=None 
 </msg>
<msg time="2024-03-29T18:16:47.042608" level="INFO">GET Response : url=https://randomuser.me/api 
 status=200, reason=OK 
 headers={'Date': 'Fri, 29 Mar 2024 18:16:47 GMT', 'Content-Type': 'application/json; charset=utf-8', 'Transfer-Encoding': 'chunked', 'Connection': 'keep-alive', 'X-Powered-By': 'Express', 'Access-Control-Allow-Origin': '*', 'Cache-Control': 'no-cache', 'ETag': 'W/"48a-7bNTKegM5DvEhEvKc6mJH8WzmqY"', 'Vary': 'Accept-Encoding', 'Content-Encoding': 'gzip', 'CF-Cache-Status': 'DYNAMIC', 'Report-To': '{"endpoints":[{"url":"https:\\/\\/a.nel.cloudflare.com\\/report\\/v4?s=RwTjqs49XF17uN7gMd%2BiHJlz26gCqM7DdoOcXxez6VV5JsaXzeXXjleSl%2BR0A1Wm%2BzxK1%2BTTS6%2Bf3T93g51dqyuVQSPcOxeG7YTXgwry%2F%2Fk3tD9AQmDdgOzce%2FSBvkuG"}],"group":"cf-nel","max_age":604800}', 'NEL': '{"success_fraction":0,"report_to":"cf-nel","max_age":604800}', 'Server': 'cloudflare', 'CF-RAY': '86c1da5d9c9e07fa-IAD', 'alt-svc': 'h3=":443"; ma=86400'} 
 body={"results":[{"gender":"female","name":{"title":"Miss","first":"Mila","last":"Jackson"},"location":{"street":{"number":1808,"name":"Victoria Street"},"city":"Blenheim","state":"Hawke'S Bay","country":"New Zealand","postcode":66218,"coordinates":{"latitude":"52.9256","longitude":"39.8599"},"timezone":{"offset":"-8:00","description":"Pacific Time (US &amp; Canada)"}},"email":"mila.jackson@example.com","login":{"uuid":"a5222e04-906c-4c7b-992e-87f7111fdca2","username":"whitelion527","password":"burner","salt":"aAWUETuM","md5":"042d5a41a2e46b02276c4dd046d45e8d","sha1":"b5662523bce5ed074bca6567051d44f91a3333d0","sha256":"f6db7b20d91dda230acd71ea52fe054bb5353fbce2aeae05695c92e952e40ed8"},"dob":{"date":"2000-11-18T19:53:26.844Z","age":23},"registered":{"date":"2012-04-01T05:40:51.126Z","age":11},"phone":"(109)-886-1786","cell":"(240)-672-8506","id":{"name":"","value":null},"picture":{"large":"https://randomuser.me/api/portraits/women/10.jpg","medium":"https://randomuser.me/api/portraits/med/women/10.jpg","thumbnail":"https://randomuser.me/api/portraits/thumb/women/10.jpg"},"nat":"NZ"}],"info":{"seed":"d4261e758be24498","results":1,"page":1,"version":"1.4"}} 
 </msg>
<msg time="2024-03-29T18:16:47.042673" level="INFO">/opt/hostedtoolcache/Python/3.12.2/x64/lib/python3.12/site-packages/urllib3/connectionpool.py:1103: InsecureRequestWarning: Unverified HTTPS request is being made to host 'randomuser.me'. Adding certificate verification is strongly advised. See: https://urllib3.readthedocs.io/en/latest/advanced-usage.html#tls-warnings
  warnings.warn(</msg>
<msg time="2024-03-29T18:16:47.042776" level="INFO">${response} = &lt;Response [200]&gt;</msg>
<var>${response}</var>
<arg>consultarAPI</arg>
<arg>/api</arg>
<doc>Sends a GET request on a previously created HTTP Session.</doc>
<status status="PASS" start="2024-03-29T18:16:46.970881" elapsed="0.071937"/>
</kw>
<kw name="Set Variable" owner="BuiltIn">
<msg time="2024-03-29T18:16:47.043628" level="INFO">${json_data} = {'results': [{'gender': 'female', 'name': {'title': 'Miss', 'first': 'Mila', 'last': 'Jackson'}, 'location': {'street': {'number': 1808, 'name': 'Victoria Street'}, 'city': 'Blenheim', 'state': "Hawke...</msg>
<var>${json_data}</var>
<arg>${response.json()}</arg>
<doc>Returns the given values which can then be assigned to a variables.</doc>
<status status="PASS" start="2024-03-29T18:16:47.043176" elapsed="0.000480"/>
</kw>
<kw name="Log" owner="BuiltIn">
<msg time="2024-03-29T18:16:47.044115" level="INFO">{'results': [{'gender': 'female', 'name': {'title': 'Miss', 'first': 'Mila', 'last': 'Jackson'}, 'location': {'street': {'number': 1808, 'name': 'Victoria Street'}, 'city': 'Blenheim', 'state': "Hawke'S Bay", 'country': 'New Zealand', 'postcode': 66218, 'coordinates': {'latitude': '52.9256', 'longitude': '39.8599'}, 'timezone': {'offset': '-8:00', 'description': 'Pacific Time (US &amp; Canada)'}}, 'email': 'mila.jackson@example.com', 'login': {'uuid': 'a5222e04-906c-4c7b-992e-87f7111fdca2', 'username': 'whitelion527', 'password': 'burner', 'salt': 'aAWUETuM', 'md5': '042d5a41a2e46b02276c4dd046d45e8d', 'sha1': 'b5662523bce5ed074bca6567051d44f91a3333d0', 'sha256': 'f6db7b20d91dda230acd71ea52fe054bb5353fbce2aeae05695c92e952e40ed8'}, 'dob': {'date': '2000-11-18T19:53:26.844Z', 'age': 23}, 'registered': {'date': '2012-04-01T05:40:51.126Z', 'age': 11}, 'phone': '(109)-886-1786', 'cell': '(240)-672-8506', 'id': {'name': '', 'value': None}, 'picture': {'large': 'https://randomuser.me/api/portraits/women/10.jpg', 'medium': 'https://randomuser.me/api/portraits/med/women/10.jpg', 'thumbnail': 'https://randomuser.me/api/portraits/thumb/women/10.jpg'}, 'nat': 'NZ'}], 'info': {'seed': 'd4261e758be24498', 'results': 1, 'page': 1, 'version': '1.4'}}</msg>
<arg>${json_data}</arg>
<doc>Logs the given message with the given level.</doc>
<status status="PASS" start="2024-03-29T18:16:47.043964" elapsed="0.000231"/>
</kw>
<kw name="Should Be String" owner="String">
<arg>${json_data['results'][0]['gender']}</arg>
<doc>Fails if the given ``item`` is not a string.</doc>
<status status="PASS" start="2024-03-29T18:16:47.044508" elapsed="0.000373"/>
</kw>
<kw name="Should Match Regexp" owner="BuiltIn">
<arg>${json_data['results'][0]['email']}</arg>
<arg>^[a-zA-Z0-9._%+-]+@[a-zA-Z0-9.-]+\.[a-zA-Z]{2,}$</arg>
<doc>Fails if ``string`` does not match ``pattern`` as a regular expression.</doc>
<status status="PASS" start="2024-03-29T18:16:47.045075" elapsed="0.000519"/>
</kw>
<kw name="Should Match Regexp" owner="BuiltIn">
<arg>${json_data['results'][0]['dob']['date']}</arg>
<arg>\\d{4}-\\d{2}-\\d{2}T\\d{2}:\\d{2}:\\d{2}\\.\\d{3}Z</arg>
<doc>Fails if ``string`` does not match ``pattern`` as a regular expression.</doc>
<status status="PASS" start="2024-03-29T18:16:47.045790" elapsed="0.000489"/>
</kw>
<kw name="Should Match Regexp" owner="BuiltIn">
<arg>${json_data['results'][0]['registered']['date']}</arg>
<arg>\\d{4}-\\d{2}-\\d{2}T\\d{2}:\\d{2}:\\d{2}\\.\\d{3}Z</arg>
<doc>Fails if ``string`` does not match ``pattern`` as a regular expression.</doc>
<status status="PASS" start="2024-03-29T18:16:47.046473" elapsed="0.000423"/>
</kw>
<kw name="Should Match Regexp" owner="BuiltIn">
<arg>${json_data['results'][0]['picture']['large']}</arg>
<arg>^https?://.*\.(?:png|jpe?g|gif|bmp)$</arg>
<doc>Fails if ``string`` does not match ``pattern`` as a regular expression.</doc>
<status status="PASS" start="2024-03-29T18:16:47.047085" elapsed="0.000464"/>
</kw>
<kw name="Should Match Regexp" owner="BuiltIn">
<arg>${json_data['results'][0]['picture']['medium']}</arg>
<arg>^https?://.*\.(?:png|jpe?g|gif|bmp)$</arg>
<doc>Fails if ``string`` does not match ``pattern`` as a regular expression.</doc>
<status status="PASS" start="2024-03-29T18:16:47.047740" elapsed="0.000358"/>
</kw>
<kw name="Should Match Regexp" owner="BuiltIn">
<arg>${json_data['results'][0]['picture']['thumbnail']}</arg>
<arg>^https?://.*\.(?:png|jpe?g|gif|bmp)$</arg>
<doc>Fails if ``string`` does not match ``pattern`` as a regular expression.</doc>
<status status="PASS" start="2024-03-29T18:16:47.048286" elapsed="0.000347"/>
</kw>
<kw name="Log" owner="BuiltIn">
<msg time="2024-03-29T18:16:47.049143" level="INFO">{'large': 'https://randomuser.me/api/portraits/women/10.jpg', 'medium': 'https://randomuser.me/api/portraits/med/women/10.jpg', 'thumbnail': 'https://randomuser.me/api/portraits/thumb/women/10.jpg'}</msg>
<arg>${json_data['results'][0]['picture']}</arg>
<doc>Logs the given message with the given level.</doc>
<status status="PASS" start="2024-03-29T18:16:47.048814" elapsed="0.000376"/>
</kw>
<status status="PASS" start="2024-03-29T18:16:46.970646" elapsed="0.078798"/>
</kw>
<kw name="Teste de Tipos de Dados - Postcode" owner="random-user-service">
<kw name="GET On Session" owner="RequestsLibrary">
<msg time="2024-03-29T18:16:47.152539" level="INFO">GET Request : url=https://randomuser.me/api 
 path_url=/api 
 headers={'User-Agent': 'python-requests/2.31.0', 'Accept-Encoding': 'gzip, deflate', 'Accept': '*/*', 'Connection': 'keep-alive'} 
 body=None 
 </msg>
<msg time="2024-03-29T18:16:47.152619" level="INFO">GET Response : url=https://randomuser.me/api 
 status=200, reason=OK 
 headers={'Date': 'Fri, 29 Mar 2024 18:16:47 GMT', 'Content-Type': 'application/json; charset=utf-8', 'Transfer-Encoding': 'chunked', 'Connection': 'keep-alive', 'X-Powered-By': 'Express', 'Access-Control-Allow-Origin': '*', 'Cache-Control': 'no-cache', 'ETag': 'W/"49a-2ekmbHyeff53EV2LZR6aFe39O10"', 'Vary': 'Accept-Encoding', 'Content-Encoding': 'gzip', 'CF-Cache-Status': 'DYNAMIC', 'Report-To': '{"endpoints":[{"url":"https:\\/\\/a.nel.cloudflare.com\\/report\\/v4?s=56qzLqUfpjxyiB9ro0Nt13rzdiosC%2Bj1EuBjgg56l1H0svZ%2B30ktb6JKDZsHeSEQKOezPKGbXMB1pQFXmdeAGyS8zLLrlykNadUps01PS6bzvOR92IlMmtCLBnFhZhqF"}],"group":"cf-nel","max_age":604800}', 'NEL': '{"success_fraction":0,"report_to":"cf-nel","max_age":604800}', 'Server': 'cloudflare', 'CF-RAY': '86c1da5e1d4107fa-IAD', 'alt-svc': 'h3=":443"; ma=86400'} 
 body={"results":[{"gender":"male","name":{"title":"Mr","first":"Harry","last":"Franklin"},"location":{"street":{"number":8781,"name":"Novara Avenue"},"city":"Limerick","state":"Dublin City","country":"Ireland","postcode":53001,"coordinates":{"latitude":"2.3318","longitude":"-62.4535"},"timezone":{"offset":"0:00","description":"Western Europe Time, London, Lisbon, Casablanca"}},"email":"harry.franklin@example.com","login":{"uuid":"647e8837-83f6-423b-9396-b424d4b8626e","username":"organicgorilla759","password":"coke","salt":"Hm9zhoSv","md5":"deae87502bc9611b1232364f45aab496","sha1":"d3bf1ce804dc674965f365a277a7447180ab8b2b","sha256":"a5ad15f0ad76c3d6e3511adab0868a5d2b22f2db3cac85fe86af146562b3da26"},"dob":{"date":"1960-04-20T01:19:31.463Z","age":63},"registered":{"date":"2005-11-04T07:30:53.184Z","age":18},"phone":"061-275-4149","cell":"081-346-5856","id":{"name":"PPS","value":"8175020T"},"picture":{"large":"https://randomuser.me/api/portraits/men/25.jpg","medium":"https://randomuser.me/api/portraits/med/men/25.jpg","thumbnail":"https://randomuser.me/api/portraits/thumb/men/25.jpg"},"nat":"IE"}],"info":{"seed":"a4cab25c2f8467ec","results":1,"page":1,"version":"1.4"}} 
 </msg>
<msg time="2024-03-29T18:16:47.152688" level="INFO">/opt/hostedtoolcache/Python/3.12.2/x64/lib/python3.12/site-packages/urllib3/connectionpool.py:1103: InsecureRequestWarning: Unverified HTTPS request is being made to host 'randomuser.me'. Adding certificate verification is strongly advised. See: https://urllib3.readthedocs.io/en/latest/advanced-usage.html#tls-warnings
  warnings.warn(</msg>
<msg time="2024-03-29T18:16:47.152803" level="INFO">${response} = &lt;Response [200]&gt;</msg>
<var>${response}</var>
<arg>consultarAPI</arg>
<arg>/api</arg>
<doc>Sends a GET request on a previously created HTTP Session.</doc>
<status status="PASS" start="2024-03-29T18:16:47.050002" elapsed="0.102844"/>
</kw>
<kw name="Set Variable" owner="BuiltIn">
<msg time="2024-03-29T18:16:47.153702" level="INFO">${json_data} = {'results': [{'gender': 'male', 'name': {'title': 'Mr', 'first': 'Harry', 'last': 'Franklin'}, 'location': {'street': {'number': 8781, 'name': 'Novara Avenue'}, 'city': 'Limerick', 'state': 'Dublin Ci...</msg>
<var>${json_data}</var>
<arg>${response.json()}</arg>
<doc>Returns the given values which can then be assigned to a variables.</doc>
<status status="PASS" start="2024-03-29T18:16:47.153252" elapsed="0.000478"/>
</kw>
<kw name="Log" owner="BuiltIn">
<msg time="2024-03-29T18:16:47.154181" level="INFO">{'results': [{'gender': 'male', 'name': {'title': 'Mr', 'first': 'Harry', 'last': 'Franklin'}, 'location': {'street': {'number': 8781, 'name': 'Novara Avenue'}, 'city': 'Limerick', 'state': 'Dublin City', 'country': 'Ireland', 'postcode': 53001, 'coordinates': {'latitude': '2.3318', 'longitude': '-62.4535'}, 'timezone': {'offset': '0:00', 'description': 'Western Europe Time, London, Lisbon, Casablanca'}}, 'email': 'harry.franklin@example.com', 'login': {'uuid': '647e8837-83f6-423b-9396-b424d4b8626e', 'username': 'organicgorilla759', 'password': 'coke', 'salt': 'Hm9zhoSv', 'md5': 'deae87502bc9611b1232364f45aab496', 'sha1': 'd3bf1ce804dc674965f365a277a7447180ab8b2b', 'sha256': 'a5ad15f0ad76c3d6e3511adab0868a5d2b22f2db3cac85fe86af146562b3da26'}, 'dob': {'date': '1960-04-20T01:19:31.463Z', 'age': 63}, 'registered': {'date': '2005-11-04T07:30:53.184Z', 'age': 18}, 'phone': '061-275-4149', 'cell': '081-346-5856', 'id': {'name': 'PPS', 'value': '8175020T'}, 'picture': {'large': 'https://randomuser.me/api/portraits/men/25.jpg', 'medium': 'https://randomuser.me/api/portraits/med/men/25.jpg', 'thumbnail': 'https://randomuser.me/api/portraits/thumb/men/25.jpg'}, 'nat': 'IE'}], 'info': {'seed': 'a4cab25c2f8467ec', 'results': 1, 'page': 1, 'version': '1.4'}}</msg>
<arg>${json_data}</arg>
<doc>Logs the given message with the given level.</doc>
<status status="PASS" start="2024-03-29T18:16:47.154031" elapsed="0.000232"/>
</kw>
<kw name="Should Be Equal As Numbers" owner="BuiltIn">
<arg>${json_data['results'][0]['location']['postcode']}</arg>
<arg>${json_data['results'][0]['location']['postcode']}</arg>
<doc>Fails if objects are unequal after converting them to real numbers.</doc>
<status status="PASS" start="2024-03-29T18:16:47.154605" elapsed="0.000643"/>
</kw>
<kw name="Log" owner="BuiltIn">
<msg time="2024-03-29T18:16:47.155779" level="INFO">53001</msg>
<arg>${json_data['results'][0]['location']['postcode']}</arg>
<doc>Logs the given message with the given level.</doc>
<status status="PASS" start="2024-03-29T18:16:47.155438" elapsed="0.000382"/>
</kw>
<status status="PASS" start="2024-03-29T18:16:47.049659" elapsed="0.106413"/>
</kw>
<doc>Testa se os tipos de dados na resposta da API estão corretos.</doc>
<tag>testeTiposDados</tag>
<status status="PASS" start="2024-03-29T18:16:46.970172" elapsed="0.186064"/>
</test>
<test id="s1-s1-t5" name="Validar conteudo" line="35">
<kw name="Teste de Tipos de Conteudo" owner="random-user-service">
<kw name="GET On Session" owner="RequestsLibrary">
<msg time="2024-03-29T18:16:47.240507" level="INFO">GET Request : url=https://randomuser.me/api 
 path_url=/api 
 headers={'User-Agent': 'python-requests/2.31.0', 'Accept-Encoding': 'gzip, deflate', 'Accept': '*/*', 'Connection': 'keep-alive'} 
 body=None 
 </msg>
<msg time="2024-03-29T18:16:47.240603" level="INFO">GET Response : url=https://randomuser.me/api 
 status=200, reason=OK 
 headers={'Date': 'Fri, 29 Mar 2024 18:16:47 GMT', 'Content-Type': 'application/json; charset=utf-8', 'Transfer-Encoding': 'chunked', 'Connection': 'keep-alive', 'X-Powered-By': 'Express', 'Access-Control-Allow-Origin': '*', 'Cache-Control': 'no-cache', 'ETag': 'W/"483-oJybNbZAZVi+X2UjYAMNQGCE7CY"', 'Vary': 'Accept-Encoding', 'Content-Encoding': 'gzip', 'CF-Cache-Status': 'DYNAMIC', 'Report-To': '{"endpoints":[{"url":"https:\\/\\/a.nel.cloudflare.com\\/report\\/v4?s=6xTCjtpJEhrc8XHDzkEnGLu40Yuuww4DQHzq2uqAj6Z2wmY9PRnSKFAHdE0Cd0QyqYMwiCuXoUqv%2F%2FaPeIOPXuislUUScZZWL8zq8yZWhuWss715mZyWAa2sQtwb0W5K"}],"group":"cf-nel","max_age":604800}', 'NEL': '{"success_fraction":0,"report_to":"cf-nel","max_age":604800}', 'Server': 'cloudflare', 'CF-RAY': '86c1da5ece2507fa-IAD', 'alt-svc': 'h3=":443"; ma=86400'} 
 body={"results":[{"gender":"male","name":{"title":"Mr","first":"Samuel","last":"Li"},"location":{"street":{"number":8080,"name":"Chadwick Road"},"city":"Auckland","state":"Marlborough","country":"New Zealand","postcode":14991,"coordinates":{"latitude":"52.3828","longitude":"-39.9868"},"timezone":{"offset":"-3:00","description":"Brazil, Buenos Aires, Georgetown"}},"email":"samuel.li@example.com","login":{"uuid":"e75c2060-1247-4647-adf9-0a2e0a96b81c","username":"yellowmeercat107","password":"sister","salt":"fksDysDi","md5":"767c2ae9fa53a1beab91fe4b082488c1","sha1":"d51165c011a4c530d2c437f4dee9562bf73016e7","sha256":"cdfb9662f429ed96f4cf4252e0870c811dff9f8cad387285d36b3243104519a2"},"dob":{"date":"1980-04-07T02:40:26.544Z","age":43},"registered":{"date":"2005-07-05T22:26:28.628Z","age":18},"phone":"(065)-375-1759","cell":"(483)-398-8891","id":{"name":"","value":null},"picture":{"large":"https://randomuser.me/api/portraits/men/92.jpg","medium":"https://randomuser.me/api/portraits/med/men/92.jpg","thumbnail":"https://randomuser.me/api/portraits/thumb/men/92.jpg"},"nat":"NZ"}],"info":{"seed":"c8392da4eb71bed5","results":1,"page":1,"version":"1.4"}} 
 </msg>
<msg time="2024-03-29T18:16:47.240674" level="INFO">/opt/hostedtoolcache/Python/3.12.2/x64/lib/python3.12/site-packages/urllib3/connectionpool.py:1103: InsecureRequestWarning: Unverified HTTPS request is being made to host 'randomuser.me'. Adding certificate verification is strongly advised. See: https://urllib3.readthedocs.io/en/latest/advanced-usage.html#tls-warnings
  warnings.warn(</msg>
<msg time="2024-03-29T18:16:47.240810" level="INFO">${response} = &lt;Response [200]&gt;</msg>
<var>${response}</var>
<arg>consultarAPI</arg>
<arg>/api</arg>
<doc>Sends a GET request on a previously created HTTP Session.</doc>
<status status="PASS" start="2024-03-29T18:16:47.158627" elapsed="0.082231"/>
</kw>
<kw name="Set Variable" owner="BuiltIn">
<msg time="2024-03-29T18:16:47.241649" level="INFO">${json_data} = {'results': [{'gender': 'male', 'name': {'title': 'Mr', 'first': 'Samuel', 'last': 'Li'}, 'location': {'street': {'number': 8080, 'name': 'Chadwick Road'}, 'city': 'Auckland', 'state': 'Marlborough', ...</msg>
<var>${json_data}</var>
<arg>${response.json()}</arg>
<doc>Returns the given values which can then be assigned to a variables.</doc>
<status status="PASS" start="2024-03-29T18:16:47.241207" elapsed="0.000470"/>
</kw>
<kw name="Set Variable" owner="BuiltIn">
<msg time="2024-03-29T18:16:47.242353" level="INFO">${name_title} = Mr</msg>
<var>${name_title}</var>
<arg>${json_data["results"][0]["name"]["title"]}</arg>
<doc>Returns the given values which can then be assigned to a variables.</doc>
<status status="PASS" start="2024-03-29T18:16:47.241978" elapsed="0.000400"/>
</kw>
<kw name="Create List" owner="BuiltIn">
<msg time="2024-03-29T18:16:47.242878" level="INFO">${allowed_titles} = ['Mr', 'Ms', 'Miss', 'Mrs', 'Madame', 'Monsieur']</msg>
<var>${allowed_titles}</var>
<arg>Mr</arg>
<arg>Ms</arg>
<arg>Miss</arg>
<arg>Mrs</arg>
<arg>Madame</arg>
<arg>Monsieur</arg>
<doc>Returns a list containing given items.</doc>
<status status="PASS" start="2024-03-29T18:16:47.242726" elapsed="0.000177"/>
</kw>
<kw name="List Should Contain Value" owner="Collections">
<msg time="2024-03-29T18:16:47.243378" level="INFO">False</msg>
<arg>${allowed_titles}</arg>
<arg>${name_title}</arg>
<doc>Fails if the ``value`` is not found from ``list``.</doc>
<status status="PASS" start="2024-03-29T18:16:47.243208" elapsed="0.000207"/>
</kw>
<kw name="Set Variable" owner="BuiltIn">
<msg time="2024-03-29T18:16:47.244081" level="INFO">${name_country} = NZ</msg>
<var>${name_country}</var>
<arg>${json_data["results"][0]["nat"]}</arg>
<doc>Returns the given values which can then be assigned to a variables.</doc>
<status status="PASS" start="2024-03-29T18:16:47.243707" elapsed="0.000398"/>
</kw>
<kw name="Create List" owner="BuiltIn">
<msg time="2024-03-29T18:16:47.245046" level="INFO">${list_country} = ['AD', 'AE', 'AF', 'AG', 'AI', 'AL', 'AM', 'AO', 'AQ', 'AR', 'AS', 'AT', 'AU', 'AW', 'AX', 'AZ', 'BA', 'BB', 'BD', 'BE', 'BF', 'BG', 'BH', 'BI', 'BJ', 'BL', 'BM', 'BN', 'BO', 'BQ', 'BR', 'BS', 'BT', '...</msg>
<var>${list_country}</var>
<arg>AD</arg>
<arg>AE</arg>
<arg>AF</arg>
<arg>AG</arg>
<arg>AI</arg>
<arg>AL</arg>
<arg>AM</arg>
<arg>AO</arg>
<arg>AQ</arg>
<arg>AR</arg>
<arg>AS</arg>
<arg>AT</arg>
<arg>AU</arg>
<arg>AW</arg>
<arg>AX</arg>
<arg>AZ</arg>
<arg>BA</arg>
<arg>BB</arg>
<arg>BD</arg>
<arg>BE</arg>
<arg>BF</arg>
<arg>BG</arg>
<arg>BH</arg>
<arg>BI</arg>
<arg>BJ</arg>
<arg>BL</arg>
<arg>BM</arg>
<arg>BN</arg>
<arg>BO</arg>
<arg>BQ</arg>
<arg>BR</arg>
<arg>BS</arg>
<arg>BT</arg>
<arg>BV</arg>
<arg>BW</arg>
<arg>BY</arg>
<arg>BZ</arg>
<arg>CA</arg>
<arg>CC</arg>
<arg>CD</arg>
<arg>CF</arg>
<arg>CG</arg>
<arg>CH</arg>
<arg>CI</arg>
<arg>CK</arg>
<arg>CL</arg>
<arg>CM</arg>
<arg>CN</arg>
<arg>CO</arg>
<arg>CR</arg>
<arg>CU</arg>
<arg>CV</arg>
<arg>CW</arg>
<arg>CX</arg>
<arg>CY</arg>
<arg>CZ</arg>
<arg>DE</arg>
<arg>DJ</arg>
<arg>DK</arg>
<arg>DM</arg>
<arg>DO</arg>
<arg>DZ</arg>
<arg>EC</arg>
<arg>EE</arg>
<arg>EG</arg>
<arg>EH</arg>
<arg>ER</arg>
<arg>ES</arg>
<arg>ET</arg>
<arg>FI</arg>
<arg>FJ</arg>
<arg>FK</arg>
<arg>FM</arg>
<arg>FO</arg>
<arg>FR</arg>
<arg>GA</arg>
<arg>GB</arg>
<arg>GD</arg>
<arg>GE</arg>
<arg>GF</arg>
<arg>GG</arg>
<arg>GH</arg>
<arg>GI</arg>
<arg>GL</arg>
<arg>GM</arg>
<arg>GN</arg>
<arg>GP</arg>
<arg>GQ</arg>
<arg>GR</arg>
<arg>GS</arg>
<arg>GT</arg>
<arg>GU</arg>
<arg>GW</arg>
<arg>GY</arg>
<arg>HK</arg>
<arg>HM</arg>
<arg>HN</arg>
<arg>HR</arg>
<arg>HT</arg>
<arg>HU</arg>
<arg>ID</arg>
<arg>IE</arg>
<arg>IL</arg>
<arg>IM</arg>
<arg>IN</arg>
<arg>IO</arg>
<arg>IQ</arg>
<arg>IR</arg>
<arg>IS</arg>
<arg>IT</arg>
<arg>JE</arg>
<arg>JM</arg>
<arg>JO</arg>
<arg>JP</arg>
<arg>KE</arg>
<arg>KG</arg>
<arg>KH</arg>
<arg>KI</arg>
<arg>KM</arg>
<arg>KN</arg>
<arg>KP</arg>
<arg>KR</arg>
<arg>KW</arg>
<arg>KY</arg>
<arg>KZ</arg>
<arg>LA</arg>
<arg>LB</arg>
<arg>LC</arg>
<arg>LI</arg>
<arg>LK</arg>
<arg>LR</arg>
<arg>LS</arg>
<arg>LT</arg>
<arg>LU</arg>
<arg>LV</arg>
<arg>LY</arg>
<arg>MA</arg>
<arg>MC</arg>
<arg>MD</arg>
<arg>ME</arg>
<arg>MF</arg>
<arg>MG</arg>
<arg>MH</arg>
<arg>MK</arg>
<arg>ML</arg>
<arg>MM</arg>
<arg>MN</arg>
<arg>MO</arg>
<arg>MP</arg>
<arg>MQ</arg>
<arg>MR</arg>
<arg>MS</arg>
<arg>MT</arg>
<arg>MU</arg>
<arg>MV</arg>
<arg>MW</arg>
<arg>MX</arg>
<arg>MY</arg>
<arg>MZ</arg>
<arg>NA</arg>
<arg>NC</arg>
<arg>NE</arg>
<arg>NF</arg>
<arg>NG</arg>
<arg>NI</arg>
<arg>NL</arg>
<arg>NO</arg>
<arg>NP</arg>
<arg>NR</arg>
<arg>NU</arg>
<arg>NZ</arg>
<arg>OM</arg>
<arg>PA</arg>
<arg>PE</arg>
<arg>PF</arg>
<arg>PG</arg>
<arg>PH</arg>
<arg>PK</arg>
<arg>PL</arg>
<arg>PM</arg>
<arg>PN</arg>
<arg>PR</arg>
<arg>PS</arg>
<arg>PT</arg>
<arg>PW</arg>
<arg>PY</arg>
<arg>QA</arg>
<arg>RE</arg>
<arg>RO</arg>
<arg>RS</arg>
<arg>RU</arg>
<arg>RW</arg>
<arg>SA</arg>
<arg>SB</arg>
<arg>SC</arg>
<arg>SD</arg>
<arg>SE</arg>
<arg>SG</arg>
<arg>SH</arg>
<arg>SI</arg>
<arg>SJ</arg>
<arg>SK</arg>
<arg>SL</arg>
<arg>SM</arg>
<arg>SN</arg>
<arg>SO</arg>
<arg>SR</arg>
<arg>SS</arg>
<arg>ST</arg>
<arg>SV</arg>
<arg>SX</arg>
<arg>SY</arg>
<arg>SZ</arg>
<arg>TC</arg>
<arg>TD</arg>
<arg>TF</arg>
<arg>TG</arg>
<arg>TH</arg>
<arg>TJ</arg>
<arg>TK</arg>
<arg>TL</arg>
<arg>TM</arg>
<arg>TN</arg>
<arg>TO</arg>
<arg>TR</arg>
<arg>TT</arg>
<arg>TV</arg>
<arg>TW</arg>
<arg>TZ</arg>
<arg>UA</arg>
<arg>UG</arg>
<arg>UM</arg>
<arg>US</arg>
<arg>UY</arg>
<arg>UZ</arg>
<arg>VA</arg>
<arg>VC</arg>
<arg>VE</arg>
<arg>VG</arg>
<arg>VI</arg>
<arg>VN</arg>
<arg>VU</arg>
<arg>WF</arg>
<arg>WS</arg>
<arg>XK</arg>
<arg>YE</arg>
<arg>YT</arg>
<arg>ZA</arg>
<arg>ZM</arg>
<arg>ZW</arg>
<doc>Returns a list containing given items.</doc>
<status status="PASS" start="2024-03-29T18:16:47.244423" elapsed="0.000650"/>
</kw>
<kw name="List Should Contain Value" owner="Collections">
<msg time="2024-03-29T18:16:47.246186" level="INFO">False</msg>
<arg>${list_country}</arg>
<arg>${name_country}</arg>
<doc>Fails if the ``value`` is not found from ``list``.</doc>
<status status="PASS" start="2024-03-29T18:16:47.245978" elapsed="0.000246"/>
</kw>
<kw name="Run Keyword If" owner="BuiltIn">
<kw name="Should Be True" owner="BuiltIn">
<arg>${True}</arg>
<doc>Fails if the given condition is not true.</doc>
<status status="PASS" start="2024-03-29T18:16:47.247331" elapsed="0.000145"/>
</kw>
<arg>${json_data["results"][0]["location"]["coordinates"]["latitude"]} &gt;= -90 and ${json_data["results"][0]["location"]["coordinates"]["latitude"]} &lt;= 90</arg>
<arg>Should Be True</arg>
<arg>${True}</arg>
<doc>Runs the given keyword with the given arguments, if ``condition`` is true.</doc>
<status status="PASS" start="2024-03-29T18:16:47.246542" elapsed="0.001063"/>
</kw>
<kw name="Run Keyword If" owner="BuiltIn">
<kw name="Should Be True" owner="BuiltIn">
<arg>${True}</arg>
<doc>Fails if the given condition is not true.</doc>
<status status="PASS" start="2024-03-29T18:16:47.248498" elapsed="0.000149"/>
</kw>
<arg>${json_data["results"][0]["location"]["coordinates"]["longitude"]} &gt;= -180 and ${json_data["results"][0]["location"]["coordinates"]["longitude"]} &lt;= 180</arg>
<arg>Should Be True</arg>
<arg>${True}</arg>
<doc>Runs the given keyword with the given arguments, if ``condition`` is true.</doc>
<status status="PASS" start="2024-03-29T18:16:47.247801" elapsed="0.000970"/>
</kw>
<status status="PASS" start="2024-03-29T18:16:47.158387" elapsed="0.090512"/>
</kw>
<doc>Testa o conteúdo específico dos campos retornados pela API.</doc>
<tag>testeConteudo</tag>
<status status="PASS" start="2024-03-29T18:16:47.157946" elapsed="0.091098"/>
</test>
<status status="PASS" start="2024-03-29T18:16:46.440615" elapsed="0.810379"/>
</suite>
<status status="PASS" start="2024-03-29T18:16:46.427075" elapsed="0.829233"/>
</suite>
<statistics>
<total>
<stat pass="5" fail="0" skip="0">All Tests</stat>
</total>
<tag>
<stat pass="1" fail="0" skip="0">testeConteudo</stat>
<stat pass="1" fail="0" skip="0">testeEstruturaResposta</stat>
<stat pass="1" fail="0" skip="0">testeRequisicaoBasica</stat>
<stat pass="1" fail="0" skip="0">testeTiposDados</stat>
</tag>
<suite>
<stat pass="5" fail="0" skip="0" id="s1" name="Tests">Tests</stat>
<stat pass="5" fail="0" skip="0" id="s1-s1" name="Random-User-Test">Tests.Random-User-Test</stat>
</suite>
</statistics>
<errors>
</errors>
</robot>
