<?xml version="1.0" encoding="UTF-8"?>
<robot generator="Robot 7.0 (Python 3.12.3 on linux)" generated="2024-05-24T11:14:03.627713" rpa="false" schemaversion="5">
<suite id="s1" name="Tests" source="/home/runner/work/DesafioQAItauRogerioJordao/DesafioQAItauRogerioJordao/RamdonUser/tests">
<suite id="s1-s1" name="Random-User-Test" source="/home/runner/work/DesafioQAItauRogerioJordao/DesafioQAItauRogerioJordao/RamdonUser/tests/random-user-test.robot">
<test id="s1-s1-t1" name="Conectar" line="13">
<kw name="Conectar API" owner="random-user-service">
<kw name="Create Session" owner="RequestsLibrary">
<msg time="2024-05-24T11:14:04.030311" level="INFO">Creating Session using : alias=consultarAPI, url=https://randomuser.me/, headers={},                     cookies={}, auth=None, timeout=None, proxies=None, verify=False,                     debug=0 </msg>
<arg>consultarAPI</arg>
<arg>${URL}</arg>
<doc>Create Session: create a HTTP session to a server</doc>
<status status="PASS" start="2024-05-24T11:14:04.030110" elapsed="0.000383"/>
</kw>
<status status="PASS" start="2024-05-24T11:14:04.029044" elapsed="0.001809"/>
</kw>
<status status="PASS" start="2024-05-24T11:14:04.028391" elapsed="0.002659"/>
</test>
<test id="s1-s1-t2" name="Validar retorno 200 e JSON Válido" line="16">
<kw name="Teste de Requisicao Basica" owner="random-user-service">
<kw name="GET On Session" owner="RequestsLibrary">
<msg time="2024-05-24T11:14:04.312413" level="INFO">GET Request : url=https://randomuser.me/api 
 path_url=/api 
 headers={'User-Agent': 'python-requests/2.32.2', 'Accept-Encoding': 'gzip, deflate', 'Accept': '*/*', 'Connection': 'keep-alive'} 
 body=None 
 </msg>
<msg time="2024-05-24T11:14:04.312643" level="INFO">GET Response : url=https://randomuser.me/api 
 status=200, reason=OK 
 headers={'Date': 'Fri, 24 May 2024 11:14:04 GMT', 'Content-Type': 'application/json; charset=utf-8', 'Transfer-Encoding': 'chunked', 'Connection': 'keep-alive', 'X-Powered-By': 'Express', 'Access-Control-Allow-Origin': '*', 'Cache-Control': 'no-cache', 'ETag': 'W/"47c-2BHWz0lF3TqlzZkXJso57pRxvcc"', 'Vary': 'Accept-Encoding', 'Content-Encoding': 'gzip', 'CF-Cache-Status': 'DYNAMIC', 'Report-To': '{"endpoints":[{"url":"https:\\/\\/a.nel.cloudflare.com\\/report\\/v4?s=dsjnv47wa6qM8g%2BPiOU3uTkpx%2BxNSFG6kLjwK3PvbGtNtcFF6x1TuiBKREItpxsPy2XQ5tLrmD%2F1n6h2Gah5oFEMvNambY6iBm1NFxsS6lmQDAgSma6lT4ZP4sKFjtZ2"}],"group":"cf-nel","max_age":604800}', 'NEL': '{"success_fraction":0,"report_to":"cf-nel","max_age":604800}', 'Server': 'cloudflare', 'CF-RAY': '888cdc285b7d28ba-IAD', 'alt-svc': 'h3=":443"; ma=86400'} 
 body={"results":[{"gender":"female","name":{"title":"Mrs","first":"Lily","last":"Meehan"},"location":{"street":{"number":5937,"name":"Alexander Road"},"city":"Carrickmacross","state":"Galway City","country":"Ireland","postcode":59782,"coordinates":{"latitude":"-2.1272","longitude":"117.7658"},"timezone":{"offset":"-9:00","description":"Alaska"}},"email":"lily.meehan@example.com","login":{"uuid":"a9819025-8ddc-4ab3-8359-fee39442ecb4","username":"purplewolf940","password":"forever","salt":"YZWNTnVn","md5":"7365334ed200332d165fcc0f604345e3","sha1":"c9b9e2f28f30ab1d6532405471969d87b21a837a","sha256":"23a53668d00db75d009159bfbf6d8dbc83ead8c2030567dacb4d853eb080784c"},"dob":{"date":"1996-03-06T15:34:08.809Z","age":28},"registered":{"date":"2007-01-05T18:11:37.106Z","age":17},"phone":"031-218-8737","cell":"081-783-6000","id":{"name":"PPS","value":"0792232T"},"picture":{"large":"https://randomuser.me/api/portraits/women/55.jpg","medium":"https://randomuser.me/api/portraits/med/women/55.jpg","thumbnail":"https://randomuser.me/api/portraits/thumb/women/55.jpg"},"nat":"IE"}],"info":{"seed":"87abb58fd2de4ed3","results":1,"page":1,"version":"1.4"}} 
 </msg>
<msg time="2024-05-24T11:14:04.312735" level="INFO">/opt/hostedtoolcache/Python/3.12.3/x64/lib/python3.12/site-packages/urllib3/connectionpool.py:1103: InsecureRequestWarning: Unverified HTTPS request is being made to host 'randomuser.me'. Adding certificate verification is strongly advised. See: https://urllib3.readthedocs.io/en/latest/advanced-usage.html#tls-warnings
  warnings.warn(</msg>
<msg time="2024-05-24T11:14:04.312941" level="INFO">${response} = &lt;Response [200]&gt;</msg>
<var>${response}</var>
<arg>consultarAPI</arg>
<arg>/api</arg>
<doc>Sends a GET request on a previously created HTTP Session.</doc>
<status status="PASS" start="2024-05-24T11:14:04.033738" elapsed="0.279247"/>
</kw>
<kw name="Should Be Equal As Numbers" owner="BuiltIn">
<msg time="2024-05-24T11:14:04.314022" level="INFO">Argument types are:
&lt;class 'int'&gt;
&lt;class 'str'&gt;</msg>
<arg>${response.status_code}</arg>
<arg>200</arg>
<doc>Fails if objects are unequal after converting them to real numbers.</doc>
<status status="PASS" start="2024-05-24T11:14:04.313559" elapsed="0.000528"/>
</kw>
<kw name="Log" owner="BuiltIn">
<msg time="2024-05-24T11:14:04.314799" level="INFO">200</msg>
<arg>${response.status_code}</arg>
<doc>Logs the given message with the given level.</doc>
<status status="PASS" start="2024-05-24T11:14:04.314445" elapsed="0.000402"/>
</kw>
<kw name="Set Variable" owner="BuiltIn">
<msg time="2024-05-24T11:14:04.315578" level="INFO">${json_data} = {'results': [{'gender': 'female', 'name': {'title': 'Mrs', 'first': 'Lily', 'last': 'Meehan'}, 'location': {'street': {'number': 5937, 'name': 'Alexander Road'}, 'city': 'Carrickmacross', 'state': 'Ga...</msg>
<var>${json_data}</var>
<arg>${response.json()}</arg>
<doc>Returns the given values which can then be assigned to a variables.</doc>
<status status="PASS" start="2024-05-24T11:14:04.315154" elapsed="0.000454"/>
</kw>
<kw name="Dictionary Should Contain Key" owner="Collections">
<msg time="2024-05-24T11:14:04.316084" level="INFO">False</msg>
<arg>${json_data}</arg>
<arg>results</arg>
<doc>Fails if ``key`` is not found from ``dictionary``.</doc>
<status status="PASS" start="2024-05-24T11:14:04.315910" elapsed="0.000380"/>
</kw>
<status status="PASS" start="2024-05-24T11:14:04.033483" elapsed="0.283072"/>
</kw>
<doc>Testa se a API responde corretamente e retorna um objeto JSON válido.</doc>
<tag>testeRequisicaoBasica</tag>
<status status="PASS" start="2024-05-24T11:14:04.032958" elapsed="0.283829"/>
</test>
<test id="s1-s1-t3" name="Validar estrutura de resposta" line="22">
<kw name="Teste de Estrutura de Resposta" owner="random-user-service">
<kw name="GET On Session" owner="RequestsLibrary">
<msg time="2024-05-24T11:14:04.406036" level="INFO">GET Request : url=https://randomuser.me/api 
 path_url=/api 
 headers={'User-Agent': 'python-requests/2.32.2', 'Accept-Encoding': 'gzip, deflate', 'Accept': '*/*', 'Connection': 'keep-alive'} 
 body=None 
 </msg>
<msg time="2024-05-24T11:14:04.406142" level="INFO">GET Response : url=https://randomuser.me/api 
 status=200, reason=OK 
 headers={'Date': 'Fri, 24 May 2024 11:14:04 GMT', 'Content-Type': 'application/json; charset=utf-8', 'Transfer-Encoding': 'chunked', 'Connection': 'keep-alive', 'X-Powered-By': 'Express', 'Access-Control-Allow-Origin': '*', 'Cache-Control': 'no-cache', 'ETag': 'W/"49f-ttpO1EEP2R0P6QMS6rztXAnSSjw"', 'Vary': 'Accept-Encoding', 'Content-Encoding': 'gzip', 'CF-Cache-Status': 'DYNAMIC', 'Report-To': '{"endpoints":[{"url":"https:\\/\\/a.nel.cloudflare.com\\/report\\/v4?s=D%2F03eNGdJIVlTda6dXTFZknkxu612oY2DGxEPya6pZGlPNXTAXf9zGMbdhiL315h9UgtZELbT%2Bct7y%2BRtRBEHlMeJk3bGa9%2F%2BYuEVZZVUi%2FT%2BFKOteLy3TRFfuUrv%2Fui"}],"group":"cf-nel","max_age":604800}', 'NEL': '{"success_fraction":0,"report_to":"cf-nel","max_age":604800}', 'Server': 'cloudflare', 'CF-RAY': '888cdc290c9528ba-IAD', 'alt-svc': 'h3=":443"; ma=86400'} 
 body={"results":[{"gender":"male","name":{"title":"Mr","first":"Dwayne","last":"Brown"},"location":{"street":{"number":8190,"name":"Green Lane"},"city":"Worcester","state":"Oxfordshire","country":"United Kingdom","postcode":"PB13 1PG","coordinates":{"latitude":"-12.1154","longitude":"-22.2000"},"timezone":{"offset":"+9:00","description":"Tokyo, Seoul, Osaka, Sapporo, Yakutsk"}},"email":"dwayne.brown@example.com","login":{"uuid":"41ed3fb3-8fbb-457c-ac87-a4b0ca8214fc","username":"lazyladybug666","password":"sf49ers","salt":"H7RSwBX6","md5":"db2ab9b367b19f84231b49dd8a8b3b50","sha1":"d968c743f518714118462eb899d63735fe0221b6","sha256":"11f9d38ea855f97efb2a3b9c28352b3d41011ed6f2f53a691b67a7a82abfb086"},"dob":{"date":"1960-01-24T02:36:13.047Z","age":64},"registered":{"date":"2017-01-06T05:01:36.117Z","age":7},"phone":"0117594 361 2195","cell":"07592 746869","id":{"name":"NINO","value":"XE 62 53 02 V"},"picture":{"large":"https://randomuser.me/api/portraits/men/3.jpg","medium":"https://randomuser.me/api/portraits/med/men/3.jpg","thumbnail":"https://randomuser.me/api/portraits/thumb/men/3.jpg"},"nat":"GB"}],"info":{"seed":"02ed47bbd54c9a38","results":1,"page":1,"version":"1.4"}} 
 </msg>
<msg time="2024-05-24T11:14:04.406273" level="INFO">/opt/hostedtoolcache/Python/3.12.3/x64/lib/python3.12/site-packages/urllib3/connectionpool.py:1103: InsecureRequestWarning: Unverified HTTPS request is being made to host 'randomuser.me'. Adding certificate verification is strongly advised. See: https://urllib3.readthedocs.io/en/latest/advanced-usage.html#tls-warnings
  warnings.warn(</msg>
<msg time="2024-05-24T11:14:04.406425" level="INFO">${response} = &lt;Response [200]&gt;</msg>
<var>${response}</var>
<arg>consultarAPI</arg>
<arg>/api</arg>
<doc>Sends a GET request on a previously created HTTP Session.</doc>
<status status="PASS" start="2024-05-24T11:14:04.319366" elapsed="0.087099"/>
</kw>
<kw name="Set Variable" owner="BuiltIn">
<msg time="2024-05-24T11:14:04.407491" level="INFO">${json_data} = {'results': [{'gender': 'male', 'name': {'title': 'Mr', 'first': 'Dwayne', 'last': 'Brown'}, 'location': {'street': {'number': 8190, 'name': 'Green Lane'}, 'city': 'Worcester', 'state': 'Oxfordshire',...</msg>
<var>${json_data}</var>
<arg>${response.json()}</arg>
<doc>Returns the given values which can then be assigned to a variables.</doc>
<status status="PASS" start="2024-05-24T11:14:04.406974" elapsed="0.000548"/>
</kw>
<kw name="Log" owner="BuiltIn">
<msg time="2024-05-24T11:14:04.407992" level="INFO">{'results': [{'gender': 'male', 'name': {'title': 'Mr', 'first': 'Dwayne', 'last': 'Brown'}, 'location': {'street': {'number': 8190, 'name': 'Green Lane'}, 'city': 'Worcester', 'state': 'Oxfordshire', 'country': 'United Kingdom', 'postcode': 'PB13 1PG', 'coordinates': {'latitude': '-12.1154', 'longitude': '-22.2000'}, 'timezone': {'offset': '+9:00', 'description': 'Tokyo, Seoul, Osaka, Sapporo, Yakutsk'}}, 'email': 'dwayne.brown@example.com', 'login': {'uuid': '41ed3fb3-8fbb-457c-ac87-a4b0ca8214fc', 'username': 'lazyladybug666', 'password': 'sf49ers', 'salt': 'H7RSwBX6', 'md5': 'db2ab9b367b19f84231b49dd8a8b3b50', 'sha1': 'd968c743f518714118462eb899d63735fe0221b6', 'sha256': '11f9d38ea855f97efb2a3b9c28352b3d41011ed6f2f53a691b67a7a82abfb086'}, 'dob': {'date': '1960-01-24T02:36:13.047Z', 'age': 64}, 'registered': {'date': '2017-01-06T05:01:36.117Z', 'age': 7}, 'phone': '0117594 361 2195', 'cell': '07592 746869', 'id': {'name': 'NINO', 'value': 'XE 62 53 02 V'}, 'picture': {'large': 'https://randomuser.me/api/portraits/men/3.jpg', 'medium': 'https://randomuser.me/api/portraits/med/men/3.jpg', 'thumbnail': 'https://randomuser.me/api/portraits/thumb/men/3.jpg'}, 'nat': 'GB'}], 'info': {'seed': '02ed47bbd54c9a38', 'results': 1, 'page': 1, 'version': '1.4'}}</msg>
<arg>${json_data}</arg>
<doc>Logs the given message with the given level.</doc>
<status status="PASS" start="2024-05-24T11:14:04.407831" elapsed="0.000211"/>
</kw>
<kw name="Dictionary Should Contain Key" owner="Collections">
<msg time="2024-05-24T11:14:04.408499" level="INFO">False</msg>
<arg>${json_data}</arg>
<arg>results</arg>
<doc>Fails if ``key`` is not found from ``dictionary``.</doc>
<status status="PASS" start="2024-05-24T11:14:04.408342" elapsed="0.000193"/>
</kw>
<kw name="Should Not Be Empty" owner="BuiltIn">
<msg time="2024-05-24T11:14:04.409026" level="INFO">Length is 2.</msg>
<arg>${json_data}</arg>
<doc>Verifies that the given item is not empty.</doc>
<status status="PASS" start="2024-05-24T11:14:04.408890" elapsed="0.000180"/>
</kw>
<kw name="Create List" owner="BuiltIn">
<msg time="2024-05-24T11:14:04.409524" level="INFO">${expected_keys} = ['gender', 'name', 'location', 'email', 'login']</msg>
<var>${expected_keys}</var>
<arg>gender</arg>
<arg>name</arg>
<arg>location</arg>
<arg>email</arg>
<arg>login</arg>
<doc>Returns a list containing given items.</doc>
<status status="PASS" start="2024-05-24T11:14:04.409371" elapsed="0.000177"/>
</kw>
<for flavor="IN">
<iter>
<kw name="Dictionary Should Contain Key" owner="Collections">
<msg time="2024-05-24T11:14:04.410558" level="INFO">False</msg>
<arg>${json_data['results'][0]}</arg>
<arg>${key}</arg>
<doc>Fails if ``key`` is not found from ``dictionary``.</doc>
<status status="PASS" start="2024-05-24T11:14:04.410146" elapsed="0.000456"/>
</kw>
<kw name="Log" owner="BuiltIn">
<msg time="2024-05-24T11:14:04.411265" level="INFO">{'gender': 'male', 'name': {'title': 'Mr', 'first': 'Dwayne', 'last': 'Brown'}, 'location': {'street': {'number': 8190, 'name': 'Green Lane'}, 'city': 'Worcester', 'state': 'Oxfordshire', 'country': 'United Kingdom', 'postcode': 'PB13 1PG', 'coordinates': {'latitude': '-12.1154', 'longitude': '-22.2000'}, 'timezone': {'offset': '+9:00', 'description': 'Tokyo, Seoul, Osaka, Sapporo, Yakutsk'}}, 'email': 'dwayne.brown@example.com', 'login': {'uuid': '41ed3fb3-8fbb-457c-ac87-a4b0ca8214fc', 'username': 'lazyladybug666', 'password': 'sf49ers', 'salt': 'H7RSwBX6', 'md5': 'db2ab9b367b19f84231b49dd8a8b3b50', 'sha1': 'd968c743f518714118462eb899d63735fe0221b6', 'sha256': '11f9d38ea855f97efb2a3b9c28352b3d41011ed6f2f53a691b67a7a82abfb086'}, 'dob': {'date': '1960-01-24T02:36:13.047Z', 'age': 64}, 'registered': {'date': '2017-01-06T05:01:36.117Z', 'age': 7}, 'phone': '0117594 361 2195', 'cell': '07592 746869', 'id': {'name': 'NINO', 'value': 'XE 62 53 02 V'}, 'picture': {'large': 'https://randomuser.me/api/portraits/men/3.jpg', 'medium': 'https://randomuser.me/api/portraits/med/men/3.jpg', 'thumbnail': 'https://randomuser.me/api/portraits/thumb/men/3.jpg'}, 'nat': 'GB'}</msg>
<arg>${json_data['results'][0]}</arg>
<doc>Logs the given message with the given level.</doc>
<status status="PASS" start="2024-05-24T11:14:04.410901" elapsed="0.000413"/>
</kw>
<kw name="Log" owner="BuiltIn">
<msg time="2024-05-24T11:14:04.411746" level="INFO">gender</msg>
<arg>${key}</arg>
<doc>Logs the given message with the given level.</doc>
<status status="PASS" start="2024-05-24T11:14:04.411617" elapsed="0.000167"/>
</kw>
<var name="${key}">gender</var>
<status status="PASS" start="2024-05-24T11:14:04.410017" elapsed="0.001986"/>
</iter>
<iter>
<kw name="Dictionary Should Contain Key" owner="Collections">
<msg time="2024-05-24T11:14:04.412758" level="INFO">False</msg>
<arg>${json_data['results'][0]}</arg>
<arg>${key}</arg>
<doc>Fails if ``key`` is not found from ``dictionary``.</doc>
<status status="PASS" start="2024-05-24T11:14:04.412315" elapsed="0.000481"/>
</kw>
<kw name="Log" owner="BuiltIn">
<msg time="2024-05-24T11:14:04.413481" level="INFO">{'gender': 'male', 'name': {'title': 'Mr', 'first': 'Dwayne', 'last': 'Brown'}, 'location': {'street': {'number': 8190, 'name': 'Green Lane'}, 'city': 'Worcester', 'state': 'Oxfordshire', 'country': 'United Kingdom', 'postcode': 'PB13 1PG', 'coordinates': {'latitude': '-12.1154', 'longitude': '-22.2000'}, 'timezone': {'offset': '+9:00', 'description': 'Tokyo, Seoul, Osaka, Sapporo, Yakutsk'}}, 'email': 'dwayne.brown@example.com', 'login': {'uuid': '41ed3fb3-8fbb-457c-ac87-a4b0ca8214fc', 'username': 'lazyladybug666', 'password': 'sf49ers', 'salt': 'H7RSwBX6', 'md5': 'db2ab9b367b19f84231b49dd8a8b3b50', 'sha1': 'd968c743f518714118462eb899d63735fe0221b6', 'sha256': '11f9d38ea855f97efb2a3b9c28352b3d41011ed6f2f53a691b67a7a82abfb086'}, 'dob': {'date': '1960-01-24T02:36:13.047Z', 'age': 64}, 'registered': {'date': '2017-01-06T05:01:36.117Z', 'age': 7}, 'phone': '0117594 361 2195', 'cell': '07592 746869', 'id': {'name': 'NINO', 'value': 'XE 62 53 02 V'}, 'picture': {'large': 'https://randomuser.me/api/portraits/men/3.jpg', 'medium': 'https://randomuser.me/api/portraits/med/men/3.jpg', 'thumbnail': 'https://randomuser.me/api/portraits/thumb/men/3.jpg'}, 'nat': 'GB'}</msg>
<arg>${json_data['results'][0]}</arg>
<doc>Logs the given message with the given level.</doc>
<status status="PASS" start="2024-05-24T11:14:04.413126" elapsed="0.000413"/>
</kw>
<kw name="Log" owner="BuiltIn">
<msg time="2024-05-24T11:14:04.413968" level="INFO">name</msg>
<arg>${key}</arg>
<doc>Logs the given message with the given level.</doc>
<status status="PASS" start="2024-05-24T11:14:04.413839" elapsed="0.000166"/>
</kw>
<var name="${key}">name</var>
<status status="PASS" start="2024-05-24T11:14:04.412195" elapsed="0.002026"/>
</iter>
<iter>
<kw name="Dictionary Should Contain Key" owner="Collections">
<msg time="2024-05-24T11:14:04.414893" level="INFO">False</msg>
<arg>${json_data['results'][0]}</arg>
<arg>${key}</arg>
<doc>Fails if ``key`` is not found from ``dictionary``.</doc>
<status status="PASS" start="2024-05-24T11:14:04.414513" elapsed="0.000417"/>
</kw>
<kw name="Log" owner="BuiltIn">
<msg time="2024-05-24T11:14:04.415598" level="INFO">{'gender': 'male', 'name': {'title': 'Mr', 'first': 'Dwayne', 'last': 'Brown'}, 'location': {'street': {'number': 8190, 'name': 'Green Lane'}, 'city': 'Worcester', 'state': 'Oxfordshire', 'country': 'United Kingdom', 'postcode': 'PB13 1PG', 'coordinates': {'latitude': '-12.1154', 'longitude': '-22.2000'}, 'timezone': {'offset': '+9:00', 'description': 'Tokyo, Seoul, Osaka, Sapporo, Yakutsk'}}, 'email': 'dwayne.brown@example.com', 'login': {'uuid': '41ed3fb3-8fbb-457c-ac87-a4b0ca8214fc', 'username': 'lazyladybug666', 'password': 'sf49ers', 'salt': 'H7RSwBX6', 'md5': 'db2ab9b367b19f84231b49dd8a8b3b50', 'sha1': 'd968c743f518714118462eb899d63735fe0221b6', 'sha256': '11f9d38ea855f97efb2a3b9c28352b3d41011ed6f2f53a691b67a7a82abfb086'}, 'dob': {'date': '1960-01-24T02:36:13.047Z', 'age': 64}, 'registered': {'date': '2017-01-06T05:01:36.117Z', 'age': 7}, 'phone': '0117594 361 2195', 'cell': '07592 746869', 'id': {'name': 'NINO', 'value': 'XE 62 53 02 V'}, 'picture': {'large': 'https://randomuser.me/api/portraits/men/3.jpg', 'medium': 'https://randomuser.me/api/portraits/med/men/3.jpg', 'thumbnail': 'https://randomuser.me/api/portraits/thumb/men/3.jpg'}, 'nat': 'GB'}</msg>
<arg>${json_data['results'][0]}</arg>
<doc>Logs the given message with the given level.</doc>
<status status="PASS" start="2024-05-24T11:14:04.415228" elapsed="0.000428"/>
</kw>
<kw name="Log" owner="BuiltIn">
<msg time="2024-05-24T11:14:04.416077" level="INFO">location</msg>
<arg>${key}</arg>
<doc>Logs the given message with the given level.</doc>
<status status="PASS" start="2024-05-24T11:14:04.415952" elapsed="0.000161"/>
</kw>
<var name="${key}">location</var>
<status status="PASS" start="2024-05-24T11:14:04.414400" elapsed="0.001932"/>
</iter>
<iter>
<kw name="Dictionary Should Contain Key" owner="Collections">
<msg time="2024-05-24T11:14:04.417156" level="INFO">False</msg>
<arg>${json_data['results'][0]}</arg>
<arg>${key}</arg>
<doc>Fails if ``key`` is not found from ``dictionary``.</doc>
<status status="PASS" start="2024-05-24T11:14:04.416646" elapsed="0.000547"/>
</kw>
<kw name="Log" owner="BuiltIn">
<msg time="2024-05-24T11:14:04.417850" level="INFO">{'gender': 'male', 'name': {'title': 'Mr', 'first': 'Dwayne', 'last': 'Brown'}, 'location': {'street': {'number': 8190, 'name': 'Green Lane'}, 'city': 'Worcester', 'state': 'Oxfordshire', 'country': 'United Kingdom', 'postcode': 'PB13 1PG', 'coordinates': {'latitude': '-12.1154', 'longitude': '-22.2000'}, 'timezone': {'offset': '+9:00', 'description': 'Tokyo, Seoul, Osaka, Sapporo, Yakutsk'}}, 'email': 'dwayne.brown@example.com', 'login': {'uuid': '41ed3fb3-8fbb-457c-ac87-a4b0ca8214fc', 'username': 'lazyladybug666', 'password': 'sf49ers', 'salt': 'H7RSwBX6', 'md5': 'db2ab9b367b19f84231b49dd8a8b3b50', 'sha1': 'd968c743f518714118462eb899d63735fe0221b6', 'sha256': '11f9d38ea855f97efb2a3b9c28352b3d41011ed6f2f53a691b67a7a82abfb086'}, 'dob': {'date': '1960-01-24T02:36:13.047Z', 'age': 64}, 'registered': {'date': '2017-01-06T05:01:36.117Z', 'age': 7}, 'phone': '0117594 361 2195', 'cell': '07592 746869', 'id': {'name': 'NINO', 'value': 'XE 62 53 02 V'}, 'picture': {'large': 'https://randomuser.me/api/portraits/men/3.jpg', 'medium': 'https://randomuser.me/api/portraits/med/men/3.jpg', 'thumbnail': 'https://randomuser.me/api/portraits/thumb/men/3.jpg'}, 'nat': 'GB'}</msg>
<arg>${json_data['results'][0]}</arg>
<doc>Logs the given message with the given level.</doc>
<status status="PASS" start="2024-05-24T11:14:04.417492" elapsed="0.000415"/>
</kw>
<kw name="Log" owner="BuiltIn">
<msg time="2024-05-24T11:14:04.418333" level="INFO">email</msg>
<arg>${key}</arg>
<doc>Logs the given message with the given level.</doc>
<status status="PASS" start="2024-05-24T11:14:04.418204" elapsed="0.000168"/>
</kw>
<var name="${key}">email</var>
<status status="PASS" start="2024-05-24T11:14:04.416506" elapsed="0.002082"/>
</iter>
<iter>
<kw name="Dictionary Should Contain Key" owner="Collections">
<msg time="2024-05-24T11:14:04.419249" level="INFO">False</msg>
<arg>${json_data['results'][0]}</arg>
<arg>${key}</arg>
<doc>Fails if ``key`` is not found from ``dictionary``.</doc>
<status status="PASS" start="2024-05-24T11:14:04.418878" elapsed="0.000408"/>
</kw>
<kw name="Log" owner="BuiltIn">
<msg time="2024-05-24T11:14:04.419945" level="INFO">{'gender': 'male', 'name': {'title': 'Mr', 'first': 'Dwayne', 'last': 'Brown'}, 'location': {'street': {'number': 8190, 'name': 'Green Lane'}, 'city': 'Worcester', 'state': 'Oxfordshire', 'country': 'United Kingdom', 'postcode': 'PB13 1PG', 'coordinates': {'latitude': '-12.1154', 'longitude': '-22.2000'}, 'timezone': {'offset': '+9:00', 'description': 'Tokyo, Seoul, Osaka, Sapporo, Yakutsk'}}, 'email': 'dwayne.brown@example.com', 'login': {'uuid': '41ed3fb3-8fbb-457c-ac87-a4b0ca8214fc', 'username': 'lazyladybug666', 'password': 'sf49ers', 'salt': 'H7RSwBX6', 'md5': 'db2ab9b367b19f84231b49dd8a8b3b50', 'sha1': 'd968c743f518714118462eb899d63735fe0221b6', 'sha256': '11f9d38ea855f97efb2a3b9c28352b3d41011ed6f2f53a691b67a7a82abfb086'}, 'dob': {'date': '1960-01-24T02:36:13.047Z', 'age': 64}, 'registered': {'date': '2017-01-06T05:01:36.117Z', 'age': 7}, 'phone': '0117594 361 2195', 'cell': '07592 746869', 'id': {'name': 'NINO', 'value': 'XE 62 53 02 V'}, 'picture': {'large': 'https://randomuser.me/api/portraits/men/3.jpg', 'medium': 'https://randomuser.me/api/portraits/med/men/3.jpg', 'thumbnail': 'https://randomuser.me/api/portraits/thumb/men/3.jpg'}, 'nat': 'GB'}</msg>
<arg>${json_data['results'][0]}</arg>
<doc>Logs the given message with the given level.</doc>
<status status="PASS" start="2024-05-24T11:14:04.419582" elapsed="0.000415"/>
</kw>
<kw name="Log" owner="BuiltIn">
<msg time="2024-05-24T11:14:04.420420" level="INFO">login</msg>
<arg>${key}</arg>
<doc>Logs the given message with the given level.</doc>
<status status="PASS" start="2024-05-24T11:14:04.420291" elapsed="0.000167"/>
</kw>
<var name="${key}">login</var>
<status status="PASS" start="2024-05-24T11:14:04.418765" elapsed="0.001972"/>
</iter>
<var>${key}</var>
<value>@{expected_keys}</value>
<status status="PASS" start="2024-05-24T11:14:04.409813" elapsed="0.011054"/>
</for>
<kw name="Create List" owner="BuiltIn">
<msg time="2024-05-24T11:14:04.421213" level="INFO">${expected_keysTwo} = ['username', 'password']</msg>
<var>${expected_keysTwo}</var>
<arg>username</arg>
<arg>password</arg>
<doc>Returns a list containing given items.</doc>
<status status="PASS" start="2024-05-24T11:14:04.421070" elapsed="0.000167"/>
</kw>
<for flavor="IN">
<iter>
<kw name="Dictionary Should Contain Key" owner="Collections">
<msg time="2024-05-24T11:14:04.422135" level="INFO">False</msg>
<arg>${json_data['results'][0]['login']}</arg>
<arg>${keyTwo}</arg>
<doc>Fails if ``key`` is not found from ``dictionary``.</doc>
<status status="PASS" start="2024-05-24T11:14:04.421751" elapsed="0.000422"/>
</kw>
<kw name="Dictionary Should Contain Key" owner="Collections">
<msg time="2024-05-24T11:14:04.422849" level="INFO">False</msg>
<arg>${json_data['results'][0]['login']}</arg>
<arg>${keyTwo}</arg>
<doc>Fails if ``key`` is not found from ``dictionary``.</doc>
<status status="PASS" start="2024-05-24T11:14:04.422467" elapsed="0.000420"/>
</kw>
<kw name="Log" owner="BuiltIn">
<msg time="2024-05-24T11:14:04.423311" level="INFO">username</msg>
<arg>${keyTwo}</arg>
<doc>Logs the given message with the given level.</doc>
<status status="PASS" start="2024-05-24T11:14:04.423182" elapsed="0.000166"/>
</kw>
<var name="${keyTwo}">username</var>
<status status="PASS" start="2024-05-24T11:14:04.421640" elapsed="0.001923"/>
</iter>
<iter>
<kw name="Dictionary Should Contain Key" owner="Collections">
<msg time="2024-05-24T11:14:04.424225" level="INFO">False</msg>
<arg>${json_data['results'][0]['login']}</arg>
<arg>${keyTwo}</arg>
<doc>Fails if ``key`` is not found from ``dictionary``.</doc>
<status status="PASS" start="2024-05-24T11:14:04.423848" elapsed="0.000415"/>
</kw>
<kw name="Dictionary Should Contain Key" owner="Collections">
<msg time="2024-05-24T11:14:04.424972" level="INFO">False</msg>
<arg>${json_data['results'][0]['login']}</arg>
<arg>${keyTwo}</arg>
<doc>Fails if ``key`` is not found from ``dictionary``.</doc>
<status status="PASS" start="2024-05-24T11:14:04.424556" elapsed="0.000454"/>
</kw>
<kw name="Log" owner="BuiltIn">
<msg time="2024-05-24T11:14:04.425453" level="INFO">password</msg>
<arg>${keyTwo}</arg>
<doc>Logs the given message with the given level.</doc>
<status status="PASS" start="2024-05-24T11:14:04.425305" elapsed="0.000208"/>
</kw>
<var name="${keyTwo}">password</var>
<status status="PASS" start="2024-05-24T11:14:04.423737" elapsed="0.002079"/>
</iter>
<var>${keyTwo}</var>
<value>@{expected_keysTwo}</value>
<status status="PASS" start="2024-05-24T11:14:04.421480" elapsed="0.004458"/>
</for>
<status status="PASS" start="2024-05-24T11:14:04.319118" elapsed="0.106962"/>
</kw>
<doc>Testa a estrutura da resposta da API.</doc>
<tag>testeEstruturaResposta</tag>
<status status="PASS" start="2024-05-24T11:14:04.318607" elapsed="0.107633"/>
</test>
<test id="s1-s1-t4" name="Validar tipos de dados" line="28">
<kw name="Teste de Tipos de Dados" owner="random-user-service">
<kw name="GET On Session" owner="RequestsLibrary">
<msg time="2024-05-24T11:14:04.502977" level="INFO">GET Request : url=https://randomuser.me/api 
 path_url=/api 
 headers={'User-Agent': 'python-requests/2.32.2', 'Accept-Encoding': 'gzip, deflate', 'Accept': '*/*', 'Connection': 'keep-alive'} 
 body=None 
 </msg>
<msg time="2024-05-24T11:14:04.503079" level="INFO">GET Response : url=https://randomuser.me/api 
 status=200, reason=OK 
 headers={'Date': 'Fri, 24 May 2024 11:14:04 GMT', 'Content-Type': 'application/json; charset=utf-8', 'Transfer-Encoding': 'chunked', 'Connection': 'keep-alive', 'X-Powered-By': 'Express', 'Access-Control-Allow-Origin': '*', 'Cache-Control': 'no-cache', 'ETag': 'W/"489-26xtY/ySRauG59/Kc4l8FVsaI9w"', 'Vary': 'Accept-Encoding', 'Content-Encoding': 'gzip', 'CF-Cache-Status': 'DYNAMIC', 'Report-To': '{"endpoints":[{"url":"https:\\/\\/a.nel.cloudflare.com\\/report\\/v4?s=qFYj5AsiKmxOGEfVSd0NvSJfiUhWUjscxCkbvPTOwZPLSaDw3FLzYTHnHOGc4eIPBdF35NOkOwMFBx5HtUHgX%2BiBUQG2aWXfvoEqo27peSRJT0jGXBNb38XtBtVeutzt"}],"group":"cf-nel","max_age":604800}', 'NEL': '{"success_fraction":0,"report_to":"cf-nel","max_age":604800}', 'Server': 'cloudflare', 'CF-RAY': '888cdc29bd7128ba-IAD', 'alt-svc': 'h3=":443"; ma=86400'} 
 body={"results":[{"gender":"female","name":{"title":"Miss","first":"یاسمن","last":"صدر"},"location":{"street":{"number":5509,"name":"واعظی"},"city":"زنجان","state":"گیلان","country":"Iran","postcode":26447,"coordinates":{"latitude":"15.2750","longitude":"35.9171"},"timezone":{"offset":"+10:00","description":"Eastern Australia, Guam, Vladivostok"}},"email":"ysmn.sdr@example.com","login":{"uuid":"e60e8d7f-2fa0-4a45-81fb-6b3144be2c4a","username":"sadkoala762","password":"wireless","salt":"9OaOsvUh","md5":"1393b884c7d89cf8a5cf9a4fdb6ee6bd","sha1":"e3fda6c2e1738e08d79ec2844a3ec3009854c8f8","sha256":"b8ee72449681155007dc84a3377416be69e8d34746b9e8e3302a3e1e7defcb46"},"dob":{"date":"1958-07-24T23:57:52.011Z","age":65},"registered":{"date":"2003-07-11T04:22:09.200Z","age":20},"phone":"027-81726256","cell":"0947-265-6892","id":{"name":"","value":null},"picture":{"large":"https://randomuser.me/api/portraits/women/27.jpg","medium":"https://randomuser.me/api/portraits/med/women/27.jpg","thumbnail":"https://randomuser.me/api/portraits/thumb/women/27.jpg"},"nat":"IR"}],"info":{"seed":"e239f5f181f54ffc","results":1,"page":1,"version":"1.4"}} 
 </msg>
<msg time="2024-05-24T11:14:04.503156" level="INFO">/opt/hostedtoolcache/Python/3.12.3/x64/lib/python3.12/site-packages/urllib3/connectionpool.py:1103: InsecureRequestWarning: Unverified HTTPS request is being made to host 'randomuser.me'. Adding certificate verification is strongly advised. See: https://urllib3.readthedocs.io/en/latest/advanced-usage.html#tls-warnings
  warnings.warn(</msg>
<msg time="2024-05-24T11:14:04.503293" level="INFO">${response} = &lt;Response [200]&gt;</msg>
<var>${response}</var>
<arg>consultarAPI</arg>
<arg>/api</arg>
<doc>Sends a GET request on a previously created HTTP Session.</doc>
<status status="PASS" start="2024-05-24T11:14:04.428763" elapsed="0.074571"/>
</kw>
<kw name="Set Variable" owner="BuiltIn">
<msg time="2024-05-24T11:14:04.504407" level="INFO">${json_data} = {'results': [{'gender': 'female', 'name': {'title': 'Miss', 'first': 'یاسمن', 'last': 'صدر'}, 'location': {'street': {'number': 5509, 'name': 'واعظی'}, 'city': 'زنجان', 'state': 'گیلان', 'country': 'I...</msg>
<var>${json_data}</var>
<arg>${response.json()}</arg>
<doc>Returns the given values which can then be assigned to a variables.</doc>
<status status="PASS" start="2024-05-24T11:14:04.503882" elapsed="0.000555"/>
</kw>
<kw name="Log" owner="BuiltIn">
<msg time="2024-05-24T11:14:04.504970" level="INFO">{'results': [{'gender': 'female', 'name': {'title': 'Miss', 'first': 'یاسمن', 'last': 'صدر'}, 'location': {'street': {'number': 5509, 'name': 'واعظی'}, 'city': 'زنجان', 'state': 'گیلان', 'country': 'Iran', 'postcode': 26447, 'coordinates': {'latitude': '15.2750', 'longitude': '35.9171'}, 'timezone': {'offset': '+10:00', 'description': 'Eastern Australia, Guam, Vladivostok'}}, 'email': 'ysmn.sdr@example.com', 'login': {'uuid': 'e60e8d7f-2fa0-4a45-81fb-6b3144be2c4a', 'username': 'sadkoala762', 'password': 'wireless', 'salt': '9OaOsvUh', 'md5': '1393b884c7d89cf8a5cf9a4fdb6ee6bd', 'sha1': 'e3fda6c2e1738e08d79ec2844a3ec3009854c8f8', 'sha256': 'b8ee72449681155007dc84a3377416be69e8d34746b9e8e3302a3e1e7defcb46'}, 'dob': {'date': '1958-07-24T23:57:52.011Z', 'age': 65}, 'registered': {'date': '2003-07-11T04:22:09.200Z', 'age': 20}, 'phone': '027-81726256', 'cell': '0947-265-6892', 'id': {'name': '', 'value': None}, 'picture': {'large': 'https://randomuser.me/api/portraits/women/27.jpg', 'medium': 'https://randomuser.me/api/portraits/med/women/27.jpg', 'thumbnail': 'https://randomuser.me/api/portraits/thumb/women/27.jpg'}, 'nat': 'IR'}], 'info': {'seed': 'e239f5f181f54ffc', 'results': 1, 'page': 1, 'version': '1.4'}}</msg>
<arg>${json_data}</arg>
<doc>Logs the given message with the given level.</doc>
<status status="PASS" start="2024-05-24T11:14:04.504799" elapsed="0.000265"/>
</kw>
<kw name="Should Be String" owner="String">
<arg>${json_data['results'][0]['gender']}</arg>
<doc>Fails if the given ``item`` is not a string.</doc>
<status status="PASS" start="2024-05-24T11:14:04.505368" elapsed="0.000371"/>
</kw>
<kw name="Should Match Regexp" owner="BuiltIn">
<arg>${json_data['results'][0]['email']}</arg>
<arg>^[a-zA-Z0-9._%+-]+@[a-zA-Z0-9.-]+\.[a-zA-Z]{2,}$</arg>
<doc>Fails if ``string`` does not match ``pattern`` as a regular expression.</doc>
<status status="PASS" start="2024-05-24T11:14:04.505931" elapsed="0.000674"/>
</kw>
<kw name="Should Match Regexp" owner="BuiltIn">
<arg>${json_data['results'][0]['dob']['date']}</arg>
<arg>\\d{4}-\\d{2}-\\d{2}T\\d{2}:\\d{2}:\\d{2}\\.\\d{3}Z</arg>
<doc>Fails if ``string`` does not match ``pattern`` as a regular expression.</doc>
<status status="PASS" start="2024-05-24T11:14:04.506801" elapsed="0.000484"/>
</kw>
<kw name="Should Match Regexp" owner="BuiltIn">
<arg>${json_data['results'][0]['registered']['date']}</arg>
<arg>\\d{4}-\\d{2}-\\d{2}T\\d{2}:\\d{2}:\\d{2}\\.\\d{3}Z</arg>
<doc>Fails if ``string`` does not match ``pattern`` as a regular expression.</doc>
<status status="PASS" start="2024-05-24T11:14:04.507477" elapsed="0.000365"/>
</kw>
<kw name="Should Match Regexp" owner="BuiltIn">
<arg>${json_data['results'][0]['picture']['large']}</arg>
<arg>^https?://.*\.(?:png|jpe?g|gif|bmp)$</arg>
<doc>Fails if ``string`` does not match ``pattern`` as a regular expression.</doc>
<status status="PASS" start="2024-05-24T11:14:04.508029" elapsed="0.000459"/>
</kw>
<kw name="Should Match Regexp" owner="BuiltIn">
<arg>${json_data['results'][0]['picture']['medium']}</arg>
<arg>^https?://.*\.(?:png|jpe?g|gif|bmp)$</arg>
<doc>Fails if ``string`` does not match ``pattern`` as a regular expression.</doc>
<status status="PASS" start="2024-05-24T11:14:04.508726" elapsed="0.000361"/>
</kw>
<kw name="Should Match Regexp" owner="BuiltIn">
<arg>${json_data['results'][0]['picture']['thumbnail']}</arg>
<arg>^https?://.*\.(?:png|jpe?g|gif|bmp)$</arg>
<doc>Fails if ``string`` does not match ``pattern`` as a regular expression.</doc>
<status status="PASS" start="2024-05-24T11:14:04.509280" elapsed="0.000358"/>
</kw>
<kw name="Log" owner="BuiltIn">
<msg time="2024-05-24T11:14:04.510146" level="INFO">{'large': 'https://randomuser.me/api/portraits/women/27.jpg', 'medium': 'https://randomuser.me/api/portraits/med/women/27.jpg', 'thumbnail': 'https://randomuser.me/api/portraits/thumb/women/27.jpg'}</msg>
<arg>${json_data['results'][0]['picture']}</arg>
<doc>Logs the given message with the given level.</doc>
<status status="PASS" start="2024-05-24T11:14:04.509819" elapsed="0.000371"/>
</kw>
<status status="PASS" start="2024-05-24T11:14:04.428491" elapsed="0.081957"/>
</kw>
<kw name="Teste de Tipos de Dados - Postcode" owner="random-user-service">
<kw name="GET On Session" owner="RequestsLibrary">
<msg time="2024-05-24T11:14:05.624222" level="INFO">GET Request : url=https://randomuser.me/api 
 path_url=/api 
 headers={'User-Agent': 'python-requests/2.32.2', 'Accept-Encoding': 'gzip, deflate', 'Accept': '*/*', 'Connection': 'keep-alive'} 
 body=None 
 </msg>
<msg time="2024-05-24T11:14:05.624321" level="INFO">GET Response : url=https://randomuser.me/api 
 status=200, reason=OK 
 headers={'Date': 'Fri, 24 May 2024 11:14:05 GMT', 'Content-Type': 'application/json; charset=utf-8', 'Transfer-Encoding': 'chunked', 'Connection': 'keep-alive', 'X-Powered-By': 'Express', 'Access-Control-Allow-Origin': '*', 'Cache-Control': 'no-cache', 'ETag': 'W/"4a2-GphmBwtLlWl0wn0eWz+QjZ5FXRo"', 'Vary': 'Accept-Encoding', 'Content-Encoding': 'gzip', 'CF-Cache-Status': 'DYNAMIC', 'Report-To': '{"endpoints":[{"url":"https:\\/\\/a.nel.cloudflare.com\\/report\\/v4?s=DVIaa26ltgKINS2GBBbAd%2Bk5tYCcslSXEhQTikHG2J0Sn1AEEUeAUo4%2BS14t3VAVzpcsmyyXCJ%2F9PC4wVya69QJhPbjx2X9rua6%2FkHOjVOklzOvMklUdZVK7YCn799jg"}],"group":"cf-nel","max_age":604800}', 'NEL': '{"success_fraction":0,"report_to":"cf-nel","max_age":604800}', 'Server': 'cloudflare', 'CF-RAY': '888cdc2a3e1928ba-IAD', 'alt-svc': 'h3=":443"; ma=86400'} 
 body={"results":[{"gender":"female","name":{"title":"Miss","first":"Katarina","last":"Isaković"},"location":{"street":{"number":8700,"name":"Ilije Milićevića"},"city":"Bosilegrad","state":"Zaječar","country":"Serbia","postcode":32545,"coordinates":{"latitude":"59.6716","longitude":"71.5652"},"timezone":{"offset":"+8:00","description":"Beijing, Perth, Singapore, Hong Kong"}},"email":"katarina.isakovic@example.com","login":{"uuid":"633dd42f-422d-4068-a393-fe347cf78610","username":"bluezebra902","password":"mingus","salt":"ji1ayFlo","md5":"799eac7c9ee8206380f71763fffb890b","sha1":"54e78ee586622be87646987f395e64cbb895dc20","sha256":"dc8ec025ea20e0c8eb7e21b872e2525c27d55773e3eeb14a02708d5503d3f253"},"dob":{"date":"1957-11-04T16:07:23.712Z","age":66},"registered":{"date":"2007-12-08T21:41:24.281Z","age":16},"phone":"039-4541-056","cell":"065-8112-844","id":{"name":"SID","value":"530444616"},"picture":{"large":"https://randomuser.me/api/portraits/women/46.jpg","medium":"https://randomuser.me/api/portraits/med/women/46.jpg","thumbnail":"https://randomuser.me/api/portraits/thumb/women/46.jpg"},"nat":"RS"}],"info":{"seed":"26ef86600279084f","results":1,"page":1,"version":"1.4"}} 
 </msg>
<msg time="2024-05-24T11:14:05.624393" level="INFO">/opt/hostedtoolcache/Python/3.12.3/x64/lib/python3.12/site-packages/urllib3/connectionpool.py:1103: InsecureRequestWarning: Unverified HTTPS request is being made to host 'randomuser.me'. Adding certificate verification is strongly advised. See: https://urllib3.readthedocs.io/en/latest/advanced-usage.html#tls-warnings
  warnings.warn(</msg>
<msg time="2024-05-24T11:14:05.624536" level="INFO">${response} = &lt;Response [200]&gt;</msg>
<var>${response}</var>
<arg>consultarAPI</arg>
<arg>/api</arg>
<doc>Sends a GET request on a previously created HTTP Session.</doc>
<status status="PASS" start="2024-05-24T11:14:04.510910" elapsed="1.113708"/>
</kw>
<kw name="Set Variable" owner="BuiltIn">
<msg time="2024-05-24T11:14:05.625674" level="INFO">${json_data} = {'results': [{'gender': 'female', 'name': {'title': 'Miss', 'first': 'Katarina', 'last': 'Isaković'}, 'location': {'street': {'number': 8700, 'name': 'Ilije Milićevića'}, 'city': 'Bosilegrad', 'state'...</msg>
<var>${json_data}</var>
<arg>${response.json()}</arg>
<doc>Returns the given values which can then be assigned to a variables.</doc>
<status status="PASS" start="2024-05-24T11:14:05.625140" elapsed="0.000565"/>
</kw>
<kw name="Log" owner="BuiltIn">
<msg time="2024-05-24T11:14:05.626184" level="INFO">{'results': [{'gender': 'female', 'name': {'title': 'Miss', 'first': 'Katarina', 'last': 'Isaković'}, 'location': {'street': {'number': 8700, 'name': 'Ilije Milićevića'}, 'city': 'Bosilegrad', 'state': 'Zaječar', 'country': 'Serbia', 'postcode': 32545, 'coordinates': {'latitude': '59.6716', 'longitude': '71.5652'}, 'timezone': {'offset': '+8:00', 'description': 'Beijing, Perth, Singapore, Hong Kong'}}, 'email': 'katarina.isakovic@example.com', 'login': {'uuid': '633dd42f-422d-4068-a393-fe347cf78610', 'username': 'bluezebra902', 'password': 'mingus', 'salt': 'ji1ayFlo', 'md5': '799eac7c9ee8206380f71763fffb890b', 'sha1': '54e78ee586622be87646987f395e64cbb895dc20', 'sha256': 'dc8ec025ea20e0c8eb7e21b872e2525c27d55773e3eeb14a02708d5503d3f253'}, 'dob': {'date': '1957-11-04T16:07:23.712Z', 'age': 66}, 'registered': {'date': '2007-12-08T21:41:24.281Z', 'age': 16}, 'phone': '039-4541-056', 'cell': '065-8112-844', 'id': {'name': 'SID', 'value': '530444616'}, 'picture': {'large': 'https://randomuser.me/api/portraits/women/46.jpg', 'medium': 'https://randomuser.me/api/portraits/med/women/46.jpg', 'thumbnail': 'https://randomuser.me/api/portraits/thumb/women/46.jpg'}, 'nat': 'RS'}], 'info': {'seed': '26ef86600279084f', 'results': 1, 'page': 1, 'version': '1.4'}}</msg>
<arg>${json_data}</arg>
<doc>Logs the given message with the given level.</doc>
<status status="PASS" start="2024-05-24T11:14:05.626023" elapsed="0.000251"/>
</kw>
<kw name="Should Be Equal As Numbers" owner="BuiltIn">
<arg>${json_data['results'][0]['location']['postcode']}</arg>
<arg>${json_data['results'][0]['location']['postcode']}</arg>
<doc>Fails if objects are unequal after converting them to real numbers.</doc>
<status status="PASS" start="2024-05-24T11:14:05.626578" elapsed="0.000633"/>
</kw>
<kw name="Log" owner="BuiltIn">
<msg time="2024-05-24T11:14:05.627742" level="INFO">32545</msg>
<arg>${json_data['results'][0]['location']['postcode']}</arg>
<doc>Logs the given message with the given level.</doc>
<status status="PASS" start="2024-05-24T11:14:05.627405" elapsed="0.000379"/>
</kw>
<status status="PASS" start="2024-05-24T11:14:04.510674" elapsed="1.117367"/>
</kw>
<doc>Testa se os tipos de dados na resposta da API estão corretos.</doc>
<tag>testeTiposDados</tag>
<status status="PASS" start="2024-05-24T11:14:04.428017" elapsed="1.200195"/>
</test>
<test id="s1-s1-t5" name="Validar conteudo" line="35">
<kw name="Teste de Tipos de Conteudo" owner="random-user-service">
<kw name="GET On Session" owner="RequestsLibrary">
<msg time="2024-05-24T11:14:06.317949" level="INFO">GET Request : url=https://randomuser.me/api 
 path_url=/api 
 headers={'User-Agent': 'python-requests/2.32.2', 'Accept-Encoding': 'gzip, deflate', 'Accept': '*/*', 'Connection': 'keep-alive'} 
 body=None 
 </msg>
<msg time="2024-05-24T11:14:06.318068" level="INFO">GET Response : url=https://randomuser.me/api 
 status=200, reason=OK 
 headers={'Date': 'Fri, 24 May 2024 11:14:06 GMT', 'Content-Type': 'application/json; charset=utf-8', 'Transfer-Encoding': 'chunked', 'Connection': 'keep-alive', 'X-Powered-By': 'Express', 'Access-Control-Allow-Origin': '*', 'Cache-Control': 'no-cache', 'ETag': 'W/"478-hY5s18V3UPxYD8dY8CcwOU3DL88"', 'Vary': 'Accept-Encoding', 'Content-Encoding': 'gzip', 'CF-Cache-Status': 'DYNAMIC', 'Report-To': '{"endpoints":[{"url":"https:\\/\\/a.nel.cloudflare.com\\/report\\/v4?s=DxL1AtWbhHjIoYaf7khP4yJDyaW4AjGplPoGHAt8EF6u2c%2BwBy6pEFch7ksIqYQm%2FwNZCjJhPOqpDXaTw8%2BTdKACSjtyT0pPRZkPys08kxhqznhu3osyiQx3knRyqKnB"}],"group":"cf-nel","max_age":604800}', 'NEL': '{"success_fraction":0,"report_to":"cf-nel","max_age":604800}', 'Server': 'cloudflare', 'CF-RAY': '888cdc313ee428ba-IAD', 'alt-svc': 'h3=":443"; ma=86400'} 
 body={"results":[{"gender":"male","name":{"title":"Mr","first":"Svitomir","last":"Grabec"},"location":{"street":{"number":5487,"name":"Titova"},"city":"Alchevsk","state":"Dnipropetrovska","country":"Ukraine","postcode":98302,"coordinates":{"latitude":"72.9906","longitude":"-49.2870"},"timezone":{"offset":"+7:00","description":"Bangkok, Hanoi, Jakarta"}},"email":"svitomir.grabec@example.com","login":{"uuid":"c3d8e02f-899a-45de-bace-70e645a0f06e","username":"smallwolf497","password":"paco","salt":"FJJNwZ38","md5":"4997190dd97bfb42d5b1a4dc2cd51b66","sha1":"b59c81283f4a75f1393f914749e5a3c8ec588523","sha256":"ff385072333ce6a48e2ffb17e64e2eb819757c7a7532f3ee3da185bfb280a293"},"dob":{"date":"1947-12-12T22:04:22.132Z","age":76},"registered":{"date":"2021-02-10T15:41:07.927Z","age":3},"phone":"(067) J60-9049","cell":"(099) O01-8938","id":{"name":"","value":null},"picture":{"large":"https://randomuser.me/api/portraits/men/38.jpg","medium":"https://randomuser.me/api/portraits/med/men/38.jpg","thumbnail":"https://randomuser.me/api/portraits/thumb/men/38.jpg"},"nat":"UA"}],"info":{"seed":"7dbb8ab08e1873c3","results":1,"page":1,"version":"1.4"}} 
 </msg>
<msg time="2024-05-24T11:14:06.318152" level="INFO">/opt/hostedtoolcache/Python/3.12.3/x64/lib/python3.12/site-packages/urllib3/connectionpool.py:1103: InsecureRequestWarning: Unverified HTTPS request is being made to host 'randomuser.me'. Adding certificate verification is strongly advised. See: https://urllib3.readthedocs.io/en/latest/advanced-usage.html#tls-warnings
  warnings.warn(</msg>
<msg time="2024-05-24T11:14:06.318301" level="INFO">${response} = &lt;Response [200]&gt;</msg>
<var>${response}</var>
<arg>consultarAPI</arg>
<arg>/api</arg>
<doc>Sends a GET request on a previously created HTTP Session.</doc>
<status status="PASS" start="2024-05-24T11:14:05.630727" elapsed="0.687625"/>
</kw>
<kw name="Set Variable" owner="BuiltIn">
<msg time="2024-05-24T11:14:06.319417" level="INFO">${json_data} = {'results': [{'gender': 'male', 'name': {'title': 'Mr', 'first': 'Svitomir', 'last': 'Grabec'}, 'location': {'street': {'number': 5487, 'name': 'Titova'}, 'city': 'Alchevsk', 'state': 'Dnipropetrovska...</msg>
<var>${json_data}</var>
<arg>${response.json()}</arg>
<doc>Returns the given values which can then be assigned to a variables.</doc>
<status status="PASS" start="2024-05-24T11:14:06.318890" elapsed="0.000556"/>
</kw>
<kw name="Set Variable" owner="BuiltIn">
<msg time="2024-05-24T11:14:06.320127" level="INFO">${name_title} = Mr</msg>
<var>${name_title}</var>
<arg>${json_data["results"][0]["name"]["title"]}</arg>
<doc>Returns the given values which can then be assigned to a variables.</doc>
<status status="PASS" start="2024-05-24T11:14:06.319751" elapsed="0.000402"/>
</kw>
<kw name="Create List" owner="BuiltIn">
<msg time="2024-05-24T11:14:06.320650" level="INFO">${allowed_titles} = ['Mr', 'Ms', 'Miss', 'Mrs', 'Madame', 'Monsieur']</msg>
<var>${allowed_titles}</var>
<arg>Mr</arg>
<arg>Ms</arg>
<arg>Miss</arg>
<arg>Mrs</arg>
<arg>Madame</arg>
<arg>Monsieur</arg>
<doc>Returns a list containing given items.</doc>
<status status="PASS" start="2024-05-24T11:14:06.320453" elapsed="0.000227"/>
</kw>
<kw name="List Should Contain Value" owner="Collections">
<msg time="2024-05-24T11:14:06.321184" level="INFO">False</msg>
<arg>${allowed_titles}</arg>
<arg>${name_title}</arg>
<doc>Fails if the ``value`` is not found from ``list``.</doc>
<status status="PASS" start="2024-05-24T11:14:06.321004" elapsed="0.000217"/>
</kw>
<kw name="Set Variable" owner="BuiltIn">
<msg time="2024-05-24T11:14:06.322082" level="INFO">${name_country} = UA</msg>
<var>${name_country}</var>
<arg>${json_data["results"][0]["nat"]}</arg>
<doc>Returns the given values which can then be assigned to a variables.</doc>
<status status="PASS" start="2024-05-24T11:14:06.321519" elapsed="0.000589"/>
</kw>
<kw name="Create List" owner="BuiltIn">
<msg time="2024-05-24T11:14:06.323014" level="INFO">${list_country} = ['AD', 'AE', 'AF', 'AG', 'AI', 'AL', 'AM', 'AO', 'AQ', 'AR', 'AS', 'AT', 'AU', 'AW', 'AX', 'AZ', 'BA', 'BB', 'BD', 'BE', 'BF', 'BG', 'BH', 'BI', 'BJ', 'BL', 'BM', 'BN', 'BO', 'BQ', 'BR', 'BS', 'BT', '...</msg>
<var>${list_country}</var>
<arg>AD</arg>
<arg>AE</arg>
<arg>AF</arg>
<arg>AG</arg>
<arg>AI</arg>
<arg>AL</arg>
<arg>AM</arg>
<arg>AO</arg>
<arg>AQ</arg>
<arg>AR</arg>
<arg>AS</arg>
<arg>AT</arg>
<arg>AU</arg>
<arg>AW</arg>
<arg>AX</arg>
<arg>AZ</arg>
<arg>BA</arg>
<arg>BB</arg>
<arg>BD</arg>
<arg>BE</arg>
<arg>BF</arg>
<arg>BG</arg>
<arg>BH</arg>
<arg>BI</arg>
<arg>BJ</arg>
<arg>BL</arg>
<arg>BM</arg>
<arg>BN</arg>
<arg>BO</arg>
<arg>BQ</arg>
<arg>BR</arg>
<arg>BS</arg>
<arg>BT</arg>
<arg>BV</arg>
<arg>BW</arg>
<arg>BY</arg>
<arg>BZ</arg>
<arg>CA</arg>
<arg>CC</arg>
<arg>CD</arg>
<arg>CF</arg>
<arg>CG</arg>
<arg>CH</arg>
<arg>CI</arg>
<arg>CK</arg>
<arg>CL</arg>
<arg>CM</arg>
<arg>CN</arg>
<arg>CO</arg>
<arg>CR</arg>
<arg>CU</arg>
<arg>CV</arg>
<arg>CW</arg>
<arg>CX</arg>
<arg>CY</arg>
<arg>CZ</arg>
<arg>DE</arg>
<arg>DJ</arg>
<arg>DK</arg>
<arg>DM</arg>
<arg>DO</arg>
<arg>DZ</arg>
<arg>EC</arg>
<arg>EE</arg>
<arg>EG</arg>
<arg>EH</arg>
<arg>ER</arg>
<arg>ES</arg>
<arg>ET</arg>
<arg>FI</arg>
<arg>FJ</arg>
<arg>FK</arg>
<arg>FM</arg>
<arg>FO</arg>
<arg>FR</arg>
<arg>GA</arg>
<arg>GB</arg>
<arg>GD</arg>
<arg>GE</arg>
<arg>GF</arg>
<arg>GG</arg>
<arg>GH</arg>
<arg>GI</arg>
<arg>GL</arg>
<arg>GM</arg>
<arg>GN</arg>
<arg>GP</arg>
<arg>GQ</arg>
<arg>GR</arg>
<arg>GS</arg>
<arg>GT</arg>
<arg>GU</arg>
<arg>GW</arg>
<arg>GY</arg>
<arg>HK</arg>
<arg>HM</arg>
<arg>HN</arg>
<arg>HR</arg>
<arg>HT</arg>
<arg>HU</arg>
<arg>ID</arg>
<arg>IE</arg>
<arg>IL</arg>
<arg>IM</arg>
<arg>IN</arg>
<arg>IO</arg>
<arg>IQ</arg>
<arg>IR</arg>
<arg>IS</arg>
<arg>IT</arg>
<arg>JE</arg>
<arg>JM</arg>
<arg>JO</arg>
<arg>JP</arg>
<arg>KE</arg>
<arg>KG</arg>
<arg>KH</arg>
<arg>KI</arg>
<arg>KM</arg>
<arg>KN</arg>
<arg>KP</arg>
<arg>KR</arg>
<arg>KW</arg>
<arg>KY</arg>
<arg>KZ</arg>
<arg>LA</arg>
<arg>LB</arg>
<arg>LC</arg>
<arg>LI</arg>
<arg>LK</arg>
<arg>LR</arg>
<arg>LS</arg>
<arg>LT</arg>
<arg>LU</arg>
<arg>LV</arg>
<arg>LY</arg>
<arg>MA</arg>
<arg>MC</arg>
<arg>MD</arg>
<arg>ME</arg>
<arg>MF</arg>
<arg>MG</arg>
<arg>MH</arg>
<arg>MK</arg>
<arg>ML</arg>
<arg>MM</arg>
<arg>MN</arg>
<arg>MO</arg>
<arg>MP</arg>
<arg>MQ</arg>
<arg>MR</arg>
<arg>MS</arg>
<arg>MT</arg>
<arg>MU</arg>
<arg>MV</arg>
<arg>MW</arg>
<arg>MX</arg>
<arg>MY</arg>
<arg>MZ</arg>
<arg>NA</arg>
<arg>NC</arg>
<arg>NE</arg>
<arg>NF</arg>
<arg>NG</arg>
<arg>NI</arg>
<arg>NL</arg>
<arg>NO</arg>
<arg>NP</arg>
<arg>NR</arg>
<arg>NU</arg>
<arg>NZ</arg>
<arg>OM</arg>
<arg>PA</arg>
<arg>PE</arg>
<arg>PF</arg>
<arg>PG</arg>
<arg>PH</arg>
<arg>PK</arg>
<arg>PL</arg>
<arg>PM</arg>
<arg>PN</arg>
<arg>PR</arg>
<arg>PS</arg>
<arg>PT</arg>
<arg>PW</arg>
<arg>PY</arg>
<arg>QA</arg>
<arg>RE</arg>
<arg>RO</arg>
<arg>RS</arg>
<arg>RU</arg>
<arg>RW</arg>
<arg>SA</arg>
<arg>SB</arg>
<arg>SC</arg>
<arg>SD</arg>
<arg>SE</arg>
<arg>SG</arg>
<arg>SH</arg>
<arg>SI</arg>
<arg>SJ</arg>
<arg>SK</arg>
<arg>SL</arg>
<arg>SM</arg>
<arg>SN</arg>
<arg>SO</arg>
<arg>SR</arg>
<arg>SS</arg>
<arg>ST</arg>
<arg>SV</arg>
<arg>SX</arg>
<arg>SY</arg>
<arg>SZ</arg>
<arg>TC</arg>
<arg>TD</arg>
<arg>TF</arg>
<arg>TG</arg>
<arg>TH</arg>
<arg>TJ</arg>
<arg>TK</arg>
<arg>TL</arg>
<arg>TM</arg>
<arg>TN</arg>
<arg>TO</arg>
<arg>TR</arg>
<arg>TT</arg>
<arg>TV</arg>
<arg>TW</arg>
<arg>TZ</arg>
<arg>UA</arg>
<arg>UG</arg>
<arg>UM</arg>
<arg>US</arg>
<arg>UY</arg>
<arg>UZ</arg>
<arg>VA</arg>
<arg>VC</arg>
<arg>VE</arg>
<arg>VG</arg>
<arg>VI</arg>
<arg>VN</arg>
<arg>VU</arg>
<arg>WF</arg>
<arg>WS</arg>
<arg>XK</arg>
<arg>YE</arg>
<arg>YT</arg>
<arg>ZA</arg>
<arg>ZM</arg>
<arg>ZW</arg>
<doc>Returns a list containing given items.</doc>
<status status="PASS" start="2024-05-24T11:14:06.322418" elapsed="0.000622"/>
</kw>
<kw name="List Should Contain Value" owner="Collections">
<msg time="2024-05-24T11:14:06.324037" level="INFO">False</msg>
<arg>${list_country}</arg>
<arg>${name_country}</arg>
<doc>Fails if the ``value`` is not found from ``list``.</doc>
<status status="PASS" start="2024-05-24T11:14:06.323832" elapsed="0.000241"/>
</kw>
<kw name="Run Keyword If" owner="BuiltIn">
<kw name="Should Be True" owner="BuiltIn">
<arg>${True}</arg>
<doc>Fails if the given condition is not true.</doc>
<status status="PASS" start="2024-05-24T11:14:06.325164" elapsed="0.000145"/>
</kw>
<arg>${json_data["results"][0]["location"]["coordinates"]["latitude"]} &gt;= -90 and ${json_data["results"][0]["location"]["coordinates"]["latitude"]} &lt;= 90</arg>
<arg>Should Be True</arg>
<arg>${True}</arg>
<doc>Runs the given keyword with the given arguments, if ``condition`` is true.</doc>
<status status="PASS" start="2024-05-24T11:14:06.324383" elapsed="0.001074"/>
</kw>
<kw name="Run Keyword If" owner="BuiltIn">
<kw name="Should Be True" owner="BuiltIn">
<arg>${True}</arg>
<doc>Fails if the given condition is not true.</doc>
<status status="PASS" start="2024-05-24T11:14:06.326361" elapsed="0.000138"/>
</kw>
<arg>${json_data["results"][0]["location"]["coordinates"]["longitude"]} &gt;= -180 and ${json_data["results"][0]["location"]["coordinates"]["longitude"]} &lt;= 180</arg>
<arg>Should Be True</arg>
<arg>${True}</arg>
<doc>Runs the given keyword with the given arguments, if ``condition`` is true.</doc>
<status status="PASS" start="2024-05-24T11:14:06.325664" elapsed="0.000958"/>
</kw>
<status status="PASS" start="2024-05-24T11:14:05.630496" elapsed="0.696260"/>
</kw>
<doc>Testa o conteúdo específico dos campos retornados pela API.</doc>
<tag>testeConteudo</tag>
<status status="PASS" start="2024-05-24T11:14:05.630028" elapsed="0.696880"/>
</test>
<status status="PASS" start="2024-05-24T11:14:03.685482" elapsed="2.643430"/>
</suite>
<status status="PASS" start="2024-05-24T11:14:03.672166" elapsed="2.661912"/>
</suite>
<statistics>
<total>
<stat pass="5" fail="0" skip="0">All Tests</stat>
</total>
<tag>
<stat pass="1" fail="0" skip="0">testeConteudo</stat>
<stat pass="1" fail="0" skip="0">testeEstruturaResposta</stat>
<stat pass="1" fail="0" skip="0">testeRequisicaoBasica</stat>
<stat pass="1" fail="0" skip="0">testeTiposDados</stat>
</tag>
<suite>
<stat pass="5" fail="0" skip="0" id="s1" name="Tests">Tests</stat>
<stat pass="5" fail="0" skip="0" id="s1-s1" name="Random-User-Test">Tests.Random-User-Test</stat>
</suite>
</statistics>
<errors>
</errors>
</robot>
