<?xml version="1.0" encoding="UTF-8"?>
<robot generator="Robot 7.0.1 (Python 3.12.4 on linux)" generated="2024-07-04T18:19:48.195702" rpa="false" schemaversion="5">
<suite id="s1" name="Tests" source="/home/runner/work/ApiRandomUser/ApiRandomUser/RamdonUser/tests">
<suite id="s1-s1" name="Random-User-Test" source="/home/runner/work/ApiRandomUser/ApiRandomUser/RamdonUser/tests/random-user-test.robot">
<test id="s1-s1-t1" name="Conectar" line="13">
<kw name="Conectar API" owner="random-user-service">
<kw name="Create Session" owner="RequestsLibrary">
<msg time="2024-07-04T18:19:48.613953" level="INFO">Creating Session using : alias=consultarAPI, url=https://randomuser.me/, headers={},                     cookies={}, auth=None, timeout=None, proxies=None, verify=False,                     debug=0 </msg>
<arg>consultarAPI</arg>
<arg>${URL}</arg>
<doc>Create Session: create a HTTP session to a server</doc>
<status status="PASS" start="2024-07-04T18:19:48.613743" elapsed="0.000388"/>
</kw>
<status status="PASS" start="2024-07-04T18:19:48.612782" elapsed="0.001723"/>
</kw>
<status status="PASS" start="2024-07-04T18:19:48.612167" elapsed="0.002530"/>
</test>
<test id="s1-s1-t2" name="Validar retorno 200 e JSON Válido" line="16">
<kw name="Teste de Requisicao Basica" owner="random-user-service">
<kw name="GET On Session" owner="RequestsLibrary">
<msg time="2024-07-04T18:19:48.978412" level="INFO">GET Request : url=https://randomuser.me/api 
 path_url=/api 
 headers={'User-Agent': 'python-requests/2.32.3', 'Accept-Encoding': 'gzip, deflate', 'Accept': '*/*', 'Connection': 'keep-alive'} 
 body=None 
 </msg>
<msg time="2024-07-04T18:19:48.978566" level="INFO">GET Response : url=https://randomuser.me/api 
 status=200, reason=OK 
 headers={'Date': 'Thu, 04 Jul 2024 18:19:48 GMT', 'Content-Type': 'application/json; charset=utf-8', 'Transfer-Encoding': 'chunked', 'Connection': 'keep-alive', 'X-Powered-By': 'Express', 'Access-Control-Allow-Origin': '*', 'Cache-Control': 'no-cache', 'ETag': 'W/"48a-gWrDSW8ysXkmo2vC3AGIeBSNXsU"', 'Vary': 'Accept-Encoding', 'Content-Encoding': 'gzip', 'CF-Cache-Status': 'DYNAMIC', 'Report-To': '{"endpoints":[{"url":"https:\\/\\/a.nel.cloudflare.com\\/report\\/v4?s=p5PpBsWzRROlLbJZgaAK6%2FqNa9EmDLtrVgGdsVMT6yU84XvpjY7tlKsfKnHEp8424gHKxXl%2F%2FpLeG0vvMstqTTW62ZpaFnmBWKK3JuAZBhGkBDpKNCW2euhiyVt3mCua"}],"group":"cf-nel","max_age":604800}', 'NEL': '{"success_fraction":0,"report_to":"cf-nel","max_age":604800}', 'Server': 'cloudflare', 'CF-RAY': '89e1202e4a9e0909-LAX', 'alt-svc': 'h3=":443"; ma=86400'} 
 body={"results":[{"gender":"male","name":{"title":"Mr","first":"ایلیا","last":"سلطانی نژاد"},"location":{"street":{"number":9611,"name":"میدان سلماس"},"city":"بندرعباس","state":"مرکزی","country":"Iran","postcode":20951,"coordinates":{"latitude":"14.9024","longitude":"-5.1382"},"timezone":{"offset":"-3:30","description":"Newfoundland"}},"email":"yly.sltnynjd@example.com","login":{"uuid":"354fb3a1-19c0-4e37-bff6-2864775889ac","username":"yellowkoala235","password":"zappa","salt":"eJWa3lDT","md5":"74bdc5906be3cc66df13f4247f25ca8c","sha1":"1d15e75ab39cbe90692e42d5fac647aec4b894c4","sha256":"2bde729d7eb0a9a461b4b7c7676ce1144496ba86c7f81a75f88da9eb85dc67a3"},"dob":{"date":"1974-09-05T08:21:10.592Z","age":49},"registered":{"date":"2010-04-07T08:48:42.038Z","age":14},"phone":"044-35566819","cell":"0969-310-7100","id":{"name":"","value":null},"picture":{"large":"https://randomuser.me/api/portraits/men/29.jpg","medium":"https://randomuser.me/api/portraits/med/men/29.jpg","thumbnail":"https://randomuser.me/api/portraits/thumb/men/29.jpg"},"nat":"IR"}],"info":{"seed":"1202eb28e509c16c","results":1,"page":1,"version":"1.4"}} 
 </msg>
<msg time="2024-07-04T18:19:48.978652" level="INFO">/opt/hostedtoolcache/Python/3.12.4/x64/lib/python3.12/site-packages/urllib3/connectionpool.py:1099: InsecureRequestWarning: Unverified HTTPS request is being made to host 'randomuser.me'. Adding certificate verification is strongly advised. See: https://urllib3.readthedocs.io/en/latest/advanced-usage.html#tls-warnings
  warnings.warn(</msg>
<msg time="2024-07-04T18:19:48.978817" level="INFO">${response} = &lt;Response [200]&gt;</msg>
<var>${response}</var>
<arg>consultarAPI</arg>
<arg>/api</arg>
<doc>Sends a GET request on a previously created HTTP Session.</doc>
<status status="PASS" start="2024-07-04T18:19:48.617388" elapsed="0.361475"/>
</kw>
<kw name="Should Be Equal As Numbers" owner="BuiltIn">
<msg time="2024-07-04T18:19:48.979855" level="INFO">Argument types are:
&lt;class 'int'&gt;
&lt;class 'str'&gt;</msg>
<arg>${response.status_code}</arg>
<arg>200</arg>
<doc>Fails if objects are unequal after converting them to real numbers.</doc>
<status status="PASS" start="2024-07-04T18:19:48.979391" elapsed="0.000528"/>
</kw>
<kw name="Log" owner="BuiltIn">
<msg time="2024-07-04T18:19:48.980623" level="INFO">200</msg>
<arg>${response.status_code}</arg>
<doc>Logs the given message with the given level.</doc>
<status status="PASS" start="2024-07-04T18:19:48.980278" elapsed="0.000387"/>
</kw>
<kw name="Set Variable" owner="BuiltIn">
<msg time="2024-07-04T18:19:48.981409" level="INFO">${json_data} = {'results': [{'gender': 'male', 'name': {'title': 'Mr', 'first': 'ایلیا', 'last': 'سلطانی نژاد'}, 'location': {'street': {'number': 9611, 'name': 'میدان سلماس'}, 'city': 'بندرعباس', 'state': 'مرکزی', ...</msg>
<var>${json_data}</var>
<arg>${response.json()}</arg>
<doc>Returns the given values which can then be assigned to a variables.</doc>
<status status="PASS" start="2024-07-04T18:19:48.980967" elapsed="0.000472"/>
</kw>
<kw name="Dictionary Should Contain Key" owner="Collections">
<arg>${json_data}</arg>
<arg>results</arg>
<doc>Fails if ``key`` is not found from ``dictionary``.</doc>
<status status="PASS" start="2024-07-04T18:19:48.981734" elapsed="0.000163"/>
</kw>
<status status="PASS" start="2024-07-04T18:19:48.617125" elapsed="0.364921"/>
</kw>
<doc>Testa se a API responde corretamente e retorna um objeto JSON válido.</doc>
<tag>testeRequisicaoBasica</tag>
<status status="PASS" start="2024-07-04T18:19:48.616590" elapsed="0.365631"/>
</test>
<test id="s1-s1-t3" name="Validar estrutura de resposta" line="22">
<kw name="Teste de Estrutura de Resposta" owner="random-user-service">
<kw name="GET On Session" owner="RequestsLibrary">
<msg time="2024-07-04T18:19:49.079687" level="INFO">GET Request : url=https://randomuser.me/api 
 path_url=/api 
 headers={'User-Agent': 'python-requests/2.32.3', 'Accept-Encoding': 'gzip, deflate', 'Accept': '*/*', 'Connection': 'keep-alive'} 
 body=None 
 </msg>
<msg time="2024-07-04T18:19:49.079789" level="INFO">GET Response : url=https://randomuser.me/api 
 status=200, reason=OK 
 headers={'Date': 'Thu, 04 Jul 2024 18:19:49 GMT', 'Content-Type': 'application/json; charset=utf-8', 'Transfer-Encoding': 'chunked', 'Connection': 'keep-alive', 'X-Powered-By': 'Express', 'Access-Control-Allow-Origin': '*', 'Cache-Control': 'no-cache', 'ETag': 'W/"48d-JnDrsBMPX3PM38ImE+digEEw5dA"', 'Vary': 'Accept-Encoding', 'Content-Encoding': 'gzip', 'CF-Cache-Status': 'DYNAMIC', 'Report-To': '{"endpoints":[{"url":"https:\\/\\/a.nel.cloudflare.com\\/report\\/v4?s=KbMahzho76wEKprZAtiJHSXI4PtSpEdmjZNdeuhXHpKkDqHA255Jn6GwK3FkX9gBY0aASPShwc4MDASsuFvDfkAVLf7pa9oQiBMIHWfHYP0hggjUd27bJfPIILrq4UpC"}],"group":"cf-nel","max_age":604800}', 'NEL': '{"success_fraction":0,"report_to":"cf-nel","max_age":604800}', 'Server': 'cloudflare', 'CF-RAY': '89e1202f3c120909-LAX', 'alt-svc': 'h3=":443"; ma=86400'} 
 body={"results":[{"gender":"male","name":{"title":"Mr","first":"Bob","last":"Warren"},"location":{"street":{"number":2205,"name":"Fairview St"},"city":"Austin","state":"Wyoming","country":"United States","postcode":17433,"coordinates":{"latitude":"83.2196","longitude":"-11.8149"},"timezone":{"offset":"+1:00","description":"Brussels, Copenhagen, Madrid, Paris"}},"email":"bob.warren@example.com","login":{"uuid":"1f7341f1-6d6c-4563-bb1d-492ee074eaa8","username":"beautifulswan361","password":"ralph","salt":"zZxVwAlT","md5":"0e23584ed460ab2a2ec3b226148dc89a","sha1":"16118d2e9989de0abbafc52f7ae5ad309de31a44","sha256":"e48e2aeaa69835f73dad08215d0e0535993b64756ccae8ed0ab28e67c0411bdd"},"dob":{"date":"1977-03-08T13:09:52.189Z","age":47},"registered":{"date":"2005-09-24T13:51:09.005Z","age":18},"phone":"(904) 496-6585","cell":"(873) 398-0430","id":{"name":"SSN","value":"763-70-2703"},"picture":{"large":"https://randomuser.me/api/portraits/men/87.jpg","medium":"https://randomuser.me/api/portraits/med/men/87.jpg","thumbnail":"https://randomuser.me/api/portraits/thumb/men/87.jpg"},"nat":"US"}],"info":{"seed":"d49be8c299dc4586","results":1,"page":1,"version":"1.4"}} 
 </msg>
<msg time="2024-07-04T18:19:49.079921" level="INFO">/opt/hostedtoolcache/Python/3.12.4/x64/lib/python3.12/site-packages/urllib3/connectionpool.py:1099: InsecureRequestWarning: Unverified HTTPS request is being made to host 'randomuser.me'. Adding certificate verification is strongly advised. See: https://urllib3.readthedocs.io/en/latest/advanced-usage.html#tls-warnings
  warnings.warn(</msg>
<msg time="2024-07-04T18:19:49.080070" level="INFO">${response} = &lt;Response [200]&gt;</msg>
<var>${response}</var>
<arg>consultarAPI</arg>
<arg>/api</arg>
<doc>Sends a GET request on a previously created HTTP Session.</doc>
<status status="PASS" start="2024-07-04T18:19:48.984896" elapsed="0.095218"/>
</kw>
<kw name="Set Variable" owner="BuiltIn">
<msg time="2024-07-04T18:19:49.081170" level="INFO">${json_data} = {'results': [{'gender': 'male', 'name': {'title': 'Mr', 'first': 'Bob', 'last': 'Warren'}, 'location': {'street': {'number': 2205, 'name': 'Fairview St'}, 'city': 'Austin', 'state': 'Wyoming', 'countr...</msg>
<var>${json_data}</var>
<arg>${response.json()}</arg>
<doc>Returns the given values which can then be assigned to a variables.</doc>
<status status="PASS" start="2024-07-04T18:19:49.080650" elapsed="0.000549"/>
</kw>
<kw name="Log" owner="BuiltIn">
<msg time="2024-07-04T18:19:49.081664" level="INFO">{'results': [{'gender': 'male', 'name': {'title': 'Mr', 'first': 'Bob', 'last': 'Warren'}, 'location': {'street': {'number': 2205, 'name': 'Fairview St'}, 'city': 'Austin', 'state': 'Wyoming', 'country': 'United States', 'postcode': 17433, 'coordinates': {'latitude': '83.2196', 'longitude': '-11.8149'}, 'timezone': {'offset': '+1:00', 'description': 'Brussels, Copenhagen, Madrid, Paris'}}, 'email': 'bob.warren@example.com', 'login': {'uuid': '1f7341f1-6d6c-4563-bb1d-492ee074eaa8', 'username': 'beautifulswan361', 'password': 'ralph', 'salt': 'zZxVwAlT', 'md5': '0e23584ed460ab2a2ec3b226148dc89a', 'sha1': '16118d2e9989de0abbafc52f7ae5ad309de31a44', 'sha256': 'e48e2aeaa69835f73dad08215d0e0535993b64756ccae8ed0ab28e67c0411bdd'}, 'dob': {'date': '1977-03-08T13:09:52.189Z', 'age': 47}, 'registered': {'date': '2005-09-24T13:51:09.005Z', 'age': 18}, 'phone': '(904) 496-6585', 'cell': '(873) 398-0430', 'id': {'name': 'SSN', 'value': '763-70-2703'}, 'picture': {'large': 'https://randomuser.me/api/portraits/men/87.jpg', 'medium': 'https://randomuser.me/api/portraits/med/men/87.jpg', 'thumbnail': 'https://randomuser.me/api/portraits/thumb/men/87.jpg'}, 'nat': 'US'}], 'info': {'seed': 'd49be8c299dc4586', 'results': 1, 'page': 1, 'version': '1.4'}}</msg>
<arg>${json_data}</arg>
<doc>Logs the given message with the given level.</doc>
<status status="PASS" start="2024-07-04T18:19:49.081505" elapsed="0.000209"/>
</kw>
<kw name="Dictionary Should Contain Key" owner="Collections">
<arg>${json_data}</arg>
<arg>results</arg>
<doc>Fails if ``key`` is not found from ``dictionary``.</doc>
<status status="PASS" start="2024-07-04T18:19:49.082006" elapsed="0.000164"/>
</kw>
<kw name="Should Not Be Empty" owner="BuiltIn">
<msg time="2024-07-04T18:19:49.082486" level="INFO">Length is 2.</msg>
<arg>${json_data}</arg>
<doc>Verifies that the given item is not empty.</doc>
<status status="PASS" start="2024-07-04T18:19:49.082355" elapsed="0.000170"/>
</kw>
<kw name="Create List" owner="BuiltIn">
<msg time="2024-07-04T18:19:49.082972" level="INFO">${expected_keys} = ['gender', 'name', 'location', 'email', 'login']</msg>
<var>${expected_keys}</var>
<arg>gender</arg>
<arg>name</arg>
<arg>location</arg>
<arg>email</arg>
<arg>login</arg>
<doc>Returns a list containing given items.</doc>
<status status="PASS" start="2024-07-04T18:19:49.082819" elapsed="0.000177"/>
</kw>
<for flavor="IN">
<iter>
<kw name="Dictionary Should Contain Key" owner="Collections">
<arg>${json_data['results'][0]}</arg>
<arg>${key}</arg>
<doc>Fails if ``key`` is not found from ``dictionary``.</doc>
<status status="PASS" start="2024-07-04T18:19:49.083755" elapsed="0.000438"/>
</kw>
<kw name="Log" owner="BuiltIn">
<msg time="2024-07-04T18:19:49.084769" level="INFO">{'gender': 'male', 'name': {'title': 'Mr', 'first': 'Bob', 'last': 'Warren'}, 'location': {'street': {'number': 2205, 'name': 'Fairview St'}, 'city': 'Austin', 'state': 'Wyoming', 'country': 'United States', 'postcode': 17433, 'coordinates': {'latitude': '83.2196', 'longitude': '-11.8149'}, 'timezone': {'offset': '+1:00', 'description': 'Brussels, Copenhagen, Madrid, Paris'}}, 'email': 'bob.warren@example.com', 'login': {'uuid': '1f7341f1-6d6c-4563-bb1d-492ee074eaa8', 'username': 'beautifulswan361', 'password': 'ralph', 'salt': 'zZxVwAlT', 'md5': '0e23584ed460ab2a2ec3b226148dc89a', 'sha1': '16118d2e9989de0abbafc52f7ae5ad309de31a44', 'sha256': 'e48e2aeaa69835f73dad08215d0e0535993b64756ccae8ed0ab28e67c0411bdd'}, 'dob': {'date': '1977-03-08T13:09:52.189Z', 'age': 47}, 'registered': {'date': '2005-09-24T13:51:09.005Z', 'age': 18}, 'phone': '(904) 496-6585', 'cell': '(873) 398-0430', 'id': {'name': 'SSN', 'value': '763-70-2703'}, 'picture': {'large': 'https://randomuser.me/api/portraits/men/87.jpg', 'medium': 'https://randomuser.me/api/portraits/med/men/87.jpg', 'thumbnail': 'https://randomuser.me/api/portraits/thumb/men/87.jpg'}, 'nat': 'US'}</msg>
<arg>${json_data['results'][0]}</arg>
<doc>Logs the given message with the given level.</doc>
<status status="PASS" start="2024-07-04T18:19:49.084402" elapsed="0.000425"/>
</kw>
<kw name="Log" owner="BuiltIn">
<msg time="2024-07-04T18:19:49.085256" level="INFO">gender</msg>
<arg>${key}</arg>
<doc>Logs the given message with the given level.</doc>
<status status="PASS" start="2024-07-04T18:19:49.085127" elapsed="0.000168"/>
</kw>
<var name="${key}">gender</var>
<status status="PASS" start="2024-07-04T18:19:49.083630" elapsed="0.001880"/>
</iter>
<iter>
<kw name="Dictionary Should Contain Key" owner="Collections">
<arg>${json_data['results'][0]}</arg>
<arg>${key}</arg>
<doc>Fails if ``key`` is not found from ``dictionary``.</doc>
<status status="PASS" start="2024-07-04T18:19:49.085808" elapsed="0.000392"/>
</kw>
<kw name="Log" owner="BuiltIn">
<msg time="2024-07-04T18:19:49.086726" level="INFO">{'gender': 'male', 'name': {'title': 'Mr', 'first': 'Bob', 'last': 'Warren'}, 'location': {'street': {'number': 2205, 'name': 'Fairview St'}, 'city': 'Austin', 'state': 'Wyoming', 'country': 'United States', 'postcode': 17433, 'coordinates': {'latitude': '83.2196', 'longitude': '-11.8149'}, 'timezone': {'offset': '+1:00', 'description': 'Brussels, Copenhagen, Madrid, Paris'}}, 'email': 'bob.warren@example.com', 'login': {'uuid': '1f7341f1-6d6c-4563-bb1d-492ee074eaa8', 'username': 'beautifulswan361', 'password': 'ralph', 'salt': 'zZxVwAlT', 'md5': '0e23584ed460ab2a2ec3b226148dc89a', 'sha1': '16118d2e9989de0abbafc52f7ae5ad309de31a44', 'sha256': 'e48e2aeaa69835f73dad08215d0e0535993b64756ccae8ed0ab28e67c0411bdd'}, 'dob': {'date': '1977-03-08T13:09:52.189Z', 'age': 47}, 'registered': {'date': '2005-09-24T13:51:09.005Z', 'age': 18}, 'phone': '(904) 496-6585', 'cell': '(873) 398-0430', 'id': {'name': 'SSN', 'value': '763-70-2703'}, 'picture': {'large': 'https://randomuser.me/api/portraits/men/87.jpg', 'medium': 'https://randomuser.me/api/portraits/med/men/87.jpg', 'thumbnail': 'https://randomuser.me/api/portraits/thumb/men/87.jpg'}, 'nat': 'US'}</msg>
<arg>${json_data['results'][0]}</arg>
<doc>Logs the given message with the given level.</doc>
<status status="PASS" start="2024-07-04T18:19:49.086381" elapsed="0.000435"/>
</kw>
<kw name="Log" owner="BuiltIn">
<msg time="2024-07-04T18:19:49.087238" level="INFO">name</msg>
<arg>${key}</arg>
<doc>Logs the given message with the given level.</doc>
<status status="PASS" start="2024-07-04T18:19:49.087110" elapsed="0.000166"/>
</kw>
<var name="${key}">name</var>
<status status="PASS" start="2024-07-04T18:19:49.085691" elapsed="0.001804"/>
</iter>
<iter>
<kw name="Dictionary Should Contain Key" owner="Collections">
<arg>${json_data['results'][0]}</arg>
<arg>${key}</arg>
<doc>Fails if ``key`` is not found from ``dictionary``.</doc>
<status status="PASS" start="2024-07-04T18:19:49.087777" elapsed="0.000412"/>
</kw>
<kw name="Log" owner="BuiltIn">
<msg time="2024-07-04T18:19:49.088732" level="INFO">{'gender': 'male', 'name': {'title': 'Mr', 'first': 'Bob', 'last': 'Warren'}, 'location': {'street': {'number': 2205, 'name': 'Fairview St'}, 'city': 'Austin', 'state': 'Wyoming', 'country': 'United States', 'postcode': 17433, 'coordinates': {'latitude': '83.2196', 'longitude': '-11.8149'}, 'timezone': {'offset': '+1:00', 'description': 'Brussels, Copenhagen, Madrid, Paris'}}, 'email': 'bob.warren@example.com', 'login': {'uuid': '1f7341f1-6d6c-4563-bb1d-492ee074eaa8', 'username': 'beautifulswan361', 'password': 'ralph', 'salt': 'zZxVwAlT', 'md5': '0e23584ed460ab2a2ec3b226148dc89a', 'sha1': '16118d2e9989de0abbafc52f7ae5ad309de31a44', 'sha256': 'e48e2aeaa69835f73dad08215d0e0535993b64756ccae8ed0ab28e67c0411bdd'}, 'dob': {'date': '1977-03-08T13:09:52.189Z', 'age': 47}, 'registered': {'date': '2005-09-24T13:51:09.005Z', 'age': 18}, 'phone': '(904) 496-6585', 'cell': '(873) 398-0430', 'id': {'name': 'SSN', 'value': '763-70-2703'}, 'picture': {'large': 'https://randomuser.me/api/portraits/men/87.jpg', 'medium': 'https://randomuser.me/api/portraits/med/men/87.jpg', 'thumbnail': 'https://randomuser.me/api/portraits/thumb/men/87.jpg'}, 'nat': 'US'}</msg>
<arg>${json_data['results'][0]}</arg>
<doc>Logs the given message with the given level.</doc>
<status status="PASS" start="2024-07-04T18:19:49.088381" elapsed="0.000399"/>
</kw>
<kw name="Log" owner="BuiltIn">
<msg time="2024-07-04T18:19:49.089209" level="INFO">location</msg>
<arg>${key}</arg>
<doc>Logs the given message with the given level.</doc>
<status status="PASS" start="2024-07-04T18:19:49.089080" elapsed="0.000169"/>
</kw>
<var name="${key}">location</var>
<status status="PASS" start="2024-07-04T18:19:49.087670" elapsed="0.001794"/>
</iter>
<iter>
<kw name="Dictionary Should Contain Key" owner="Collections">
<arg>${json_data['results'][0]}</arg>
<arg>${key}</arg>
<doc>Fails if ``key`` is not found from ``dictionary``.</doc>
<status status="PASS" start="2024-07-04T18:19:49.089743" elapsed="0.000388"/>
</kw>
<kw name="Log" owner="BuiltIn">
<msg time="2024-07-04T18:19:49.090665" level="INFO">{'gender': 'male', 'name': {'title': 'Mr', 'first': 'Bob', 'last': 'Warren'}, 'location': {'street': {'number': 2205, 'name': 'Fairview St'}, 'city': 'Austin', 'state': 'Wyoming', 'country': 'United States', 'postcode': 17433, 'coordinates': {'latitude': '83.2196', 'longitude': '-11.8149'}, 'timezone': {'offset': '+1:00', 'description': 'Brussels, Copenhagen, Madrid, Paris'}}, 'email': 'bob.warren@example.com', 'login': {'uuid': '1f7341f1-6d6c-4563-bb1d-492ee074eaa8', 'username': 'beautifulswan361', 'password': 'ralph', 'salt': 'zZxVwAlT', 'md5': '0e23584ed460ab2a2ec3b226148dc89a', 'sha1': '16118d2e9989de0abbafc52f7ae5ad309de31a44', 'sha256': 'e48e2aeaa69835f73dad08215d0e0535993b64756ccae8ed0ab28e67c0411bdd'}, 'dob': {'date': '1977-03-08T13:09:52.189Z', 'age': 47}, 'registered': {'date': '2005-09-24T13:51:09.005Z', 'age': 18}, 'phone': '(904) 496-6585', 'cell': '(873) 398-0430', 'id': {'name': 'SSN', 'value': '763-70-2703'}, 'picture': {'large': 'https://randomuser.me/api/portraits/men/87.jpg', 'medium': 'https://randomuser.me/api/portraits/med/men/87.jpg', 'thumbnail': 'https://randomuser.me/api/portraits/thumb/men/87.jpg'}, 'nat': 'US'}</msg>
<arg>${json_data['results'][0]}</arg>
<doc>Logs the given message with the given level.</doc>
<status status="PASS" start="2024-07-04T18:19:49.090314" elapsed="0.000399"/>
</kw>
<kw name="Log" owner="BuiltIn">
<msg time="2024-07-04T18:19:49.091146" level="INFO">email</msg>
<arg>${key}</arg>
<doc>Logs the given message with the given level.</doc>
<status status="PASS" start="2024-07-04T18:19:49.091010" elapsed="0.000175"/>
</kw>
<var name="${key}">email</var>
<status status="PASS" start="2024-07-04T18:19:49.089636" elapsed="0.001767"/>
</iter>
<iter>
<kw name="Dictionary Should Contain Key" owner="Collections">
<arg>${json_data['results'][0]}</arg>
<arg>${key}</arg>
<doc>Fails if ``key`` is not found from ``dictionary``.</doc>
<status status="PASS" start="2024-07-04T18:19:49.091684" elapsed="0.000402"/>
</kw>
<kw name="Log" owner="BuiltIn">
<msg time="2024-07-04T18:19:49.092655" level="INFO">{'gender': 'male', 'name': {'title': 'Mr', 'first': 'Bob', 'last': 'Warren'}, 'location': {'street': {'number': 2205, 'name': 'Fairview St'}, 'city': 'Austin', 'state': 'Wyoming', 'country': 'United States', 'postcode': 17433, 'coordinates': {'latitude': '83.2196', 'longitude': '-11.8149'}, 'timezone': {'offset': '+1:00', 'description': 'Brussels, Copenhagen, Madrid, Paris'}}, 'email': 'bob.warren@example.com', 'login': {'uuid': '1f7341f1-6d6c-4563-bb1d-492ee074eaa8', 'username': 'beautifulswan361', 'password': 'ralph', 'salt': 'zZxVwAlT', 'md5': '0e23584ed460ab2a2ec3b226148dc89a', 'sha1': '16118d2e9989de0abbafc52f7ae5ad309de31a44', 'sha256': 'e48e2aeaa69835f73dad08215d0e0535993b64756ccae8ed0ab28e67c0411bdd'}, 'dob': {'date': '1977-03-08T13:09:52.189Z', 'age': 47}, 'registered': {'date': '2005-09-24T13:51:09.005Z', 'age': 18}, 'phone': '(904) 496-6585', 'cell': '(873) 398-0430', 'id': {'name': 'SSN', 'value': '763-70-2703'}, 'picture': {'large': 'https://randomuser.me/api/portraits/men/87.jpg', 'medium': 'https://randomuser.me/api/portraits/med/men/87.jpg', 'thumbnail': 'https://randomuser.me/api/portraits/thumb/men/87.jpg'}, 'nat': 'US'}</msg>
<arg>${json_data['results'][0]}</arg>
<doc>Logs the given message with the given level.</doc>
<status status="PASS" start="2024-07-04T18:19:49.092302" elapsed="0.000401"/>
</kw>
<kw name="Log" owner="BuiltIn">
<msg time="2024-07-04T18:19:49.093117" level="INFO">login</msg>
<arg>${key}</arg>
<doc>Logs the given message with the given level.</doc>
<status status="PASS" start="2024-07-04T18:19:49.092991" elapsed="0.000163"/>
</kw>
<var name="${key}">login</var>
<status status="PASS" start="2024-07-04T18:19:49.091576" elapsed="0.001797"/>
</iter>
<var>${key}</var>
<value>@{expected_keys}</value>
<status status="PASS" start="2024-07-04T18:19:49.083432" elapsed="0.010063"/>
</for>
<kw name="Create List" owner="BuiltIn">
<msg time="2024-07-04T18:19:49.093818" level="INFO">${expected_keysTwo} = ['username', 'password']</msg>
<var>${expected_keysTwo}</var>
<arg>username</arg>
<arg>password</arg>
<doc>Returns a list containing given items.</doc>
<status status="PASS" start="2024-07-04T18:19:49.093683" elapsed="0.000186"/>
</kw>
<for flavor="IN">
<iter>
<kw name="Dictionary Should Contain Key" owner="Collections">
<arg>${json_data['results'][0]['login']}</arg>
<arg>${keyTwo}</arg>
<doc>Fails if ``key`` is not found from ``dictionary``.</doc>
<status status="PASS" start="2024-07-04T18:19:49.094370" elapsed="0.000394"/>
</kw>
<kw name="Dictionary Should Contain Key" owner="Collections">
<arg>${json_data['results'][0]['login']}</arg>
<arg>${keyTwo}</arg>
<doc>Fails if ``key`` is not found from ``dictionary``.</doc>
<status status="PASS" start="2024-07-04T18:19:49.094944" elapsed="0.000379"/>
</kw>
<kw name="Log" owner="BuiltIn">
<msg time="2024-07-04T18:19:49.095658" level="INFO">username</msg>
<arg>${keyTwo}</arg>
<doc>Logs the given message with the given level.</doc>
<status status="PASS" start="2024-07-04T18:19:49.095504" elapsed="0.000194"/>
</kw>
<var name="${keyTwo}">username</var>
<status status="PASS" start="2024-07-04T18:19:49.094262" elapsed="0.001656"/>
</iter>
<iter>
<kw name="Dictionary Should Contain Key" owner="Collections">
<arg>${json_data['results'][0]['login']}</arg>
<arg>${keyTwo}</arg>
<doc>Fails if ``key`` is not found from ``dictionary``.</doc>
<status status="PASS" start="2024-07-04T18:19:49.096225" elapsed="0.000388"/>
</kw>
<kw name="Dictionary Should Contain Key" owner="Collections">
<arg>${json_data['results'][0]['login']}</arg>
<arg>${keyTwo}</arg>
<doc>Fails if ``key`` is not found from ``dictionary``.</doc>
<status status="PASS" start="2024-07-04T18:19:49.096794" elapsed="0.000367"/>
</kw>
<kw name="Log" owner="BuiltIn">
<msg time="2024-07-04T18:19:49.097457" level="INFO">password</msg>
<arg>${keyTwo}</arg>
<doc>Logs the given message with the given level.</doc>
<status status="PASS" start="2024-07-04T18:19:49.097337" elapsed="0.000163"/>
</kw>
<var name="${keyTwo}">password</var>
<status status="PASS" start="2024-07-04T18:19:49.096091" elapsed="0.001645"/>
</iter>
<var>${keyTwo}</var>
<value>@{expected_keysTwo}</value>
<status status="PASS" start="2024-07-04T18:19:49.094111" elapsed="0.003751"/>
</for>
<status status="PASS" start="2024-07-04T18:19:48.984665" elapsed="0.113351"/>
</kw>
<doc>Testa a estrutura da resposta da API.</doc>
<tag>testeEstruturaResposta</tag>
<status status="PASS" start="2024-07-04T18:19:48.984034" elapsed="0.114139"/>
</test>
<test id="s1-s1-t4" name="Validar tipos de dados" line="28">
<kw name="Teste de Tipos de Dados" owner="random-user-service">
<kw name="GET On Session" owner="RequestsLibrary">
<msg time="2024-07-04T18:19:49.215527" level="INFO">GET Request : url=https://randomuser.me/api 
 path_url=/api 
 headers={'User-Agent': 'python-requests/2.32.3', 'Accept-Encoding': 'gzip, deflate', 'Accept': '*/*', 'Connection': 'keep-alive'} 
 body=None 
 </msg>
<msg time="2024-07-04T18:19:49.215644" level="INFO">GET Response : url=https://randomuser.me/api 
 status=200, reason=OK 
 headers={'Date': 'Thu, 04 Jul 2024 18:19:49 GMT', 'Content-Type': 'application/json; charset=utf-8', 'Transfer-Encoding': 'chunked', 'Connection': 'keep-alive', 'X-Powered-By': 'Express', 'Access-Control-Allow-Origin': '*', 'Cache-Control': 'no-cache', 'ETag': 'W/"4b1-j/xzhT8XS2UJ4XW24ZX9aocBgmY"', 'Vary': 'Accept-Encoding', 'Content-Encoding': 'gzip', 'CF-Cache-Status': 'DYNAMIC', 'Report-To': '{"endpoints":[{"url":"https:\\/\\/a.nel.cloudflare.com\\/report\\/v4?s=nF6PiTHNZ01YRC6X0n%2F4raJKHtFQkfEdc4mA5GH8pXYb%2Fq3avKaEbio9zHT5KuUcciS9B3heHQJzVgP7Fy%2FxCrN63Ip%2Bn3xXXSZ6xfLJMk4K2sxP%2BHMfbZYE6TdqsePB"}],"group":"cf-nel","max_age":604800}', 'NEL': '{"success_fraction":0,"report_to":"cf-nel","max_age":604800}', 'Server': 'cloudflare', 'CF-RAY': '89e1202fecfe0909-LAX', 'alt-svc': 'h3=":443"; ma=86400'} 
 body={"results":[{"gender":"female","name":{"title":"Miss","first":"Francyelle","last":"das Neves"},"location":{"street":{"number":6459,"name":"Rua Santo Antônio "},"city":"Araçatuba","state":"Piauí","country":"Brazil","postcode":64640,"coordinates":{"latitude":"-76.0230","longitude":"98.3831"},"timezone":{"offset":"+9:00","description":"Tokyo, Seoul, Osaka, Sapporo, Yakutsk"}},"email":"francyelle.dasneves@example.com","login":{"uuid":"553daa1a-936b-4c98-85ce-c6ecb3ff3e4b","username":"whitesnake449","password":"scarlet","salt":"ozUXLIqv","md5":"7f620c9c26a7e0857a62b9cd4068b5d0","sha1":"177fb97da8ba6d6f7299383d055287ff5c36a5fb","sha256":"7ec471dd24151dea6eb8026a33b7588f4f01433c71567b7692b4d03c26725529"},"dob":{"date":"1997-06-01T21:35:12.758Z","age":27},"registered":{"date":"2017-10-28T11:19:39.437Z","age":6},"phone":"(19) 9293-7244","cell":"(68) 1743-9044","id":{"name":"CPF","value":"652.420.274-21"},"picture":{"large":"https://randomuser.me/api/portraits/women/67.jpg","medium":"https://randomuser.me/api/portraits/med/women/67.jpg","thumbnail":"https://randomuser.me/api/portraits/thumb/women/67.jpg"},"nat":"BR"}],"info":{"seed":"161a9e8740278c3b","results":1,"page":1,"version":"1.4"}} 
 </msg>
<msg time="2024-07-04T18:19:49.215729" level="INFO">/opt/hostedtoolcache/Python/3.12.4/x64/lib/python3.12/site-packages/urllib3/connectionpool.py:1099: InsecureRequestWarning: Unverified HTTPS request is being made to host 'randomuser.me'. Adding certificate verification is strongly advised. See: https://urllib3.readthedocs.io/en/latest/advanced-usage.html#tls-warnings
  warnings.warn(</msg>
<msg time="2024-07-04T18:19:49.215852" level="INFO">${response} = &lt;Response [200]&gt;</msg>
<var>${response}</var>
<arg>consultarAPI</arg>
<arg>/api</arg>
<doc>Sends a GET request on a previously created HTTP Session.</doc>
<status status="PASS" start="2024-07-04T18:19:49.100849" elapsed="0.115046"/>
</kw>
<kw name="Set Variable" owner="BuiltIn">
<msg time="2024-07-04T18:19:49.217132" level="INFO">${json_data} = {'results': [{'gender': 'female', 'name': {'title': 'Miss', 'first': 'Francyelle', 'last': 'das Neves'}, 'location': {'street': {'number': 6459, 'name': 'Rua Santo Antônio '}, 'city': 'Araçatuba', 'st...</msg>
<var>${json_data}</var>
<arg>${response.json()}</arg>
<doc>Returns the given values which can then be assigned to a variables.</doc>
<status status="PASS" start="2024-07-04T18:19:49.216536" elapsed="0.000627"/>
</kw>
<kw name="Log" owner="BuiltIn">
<msg time="2024-07-04T18:19:49.217647" level="INFO">{'results': [{'gender': 'female', 'name': {'title': 'Miss', 'first': 'Francyelle', 'last': 'das Neves'}, 'location': {'street': {'number': 6459, 'name': 'Rua Santo Antônio '}, 'city': 'Araçatuba', 'state': 'Piauí', 'country': 'Brazil', 'postcode': 64640, 'coordinates': {'latitude': '-76.0230', 'longitude': '98.3831'}, 'timezone': {'offset': '+9:00', 'description': 'Tokyo, Seoul, Osaka, Sapporo, Yakutsk'}}, 'email': 'francyelle.dasneves@example.com', 'login': {'uuid': '553daa1a-936b-4c98-85ce-c6ecb3ff3e4b', 'username': 'whitesnake449', 'password': 'scarlet', 'salt': 'ozUXLIqv', 'md5': '7f620c9c26a7e0857a62b9cd4068b5d0', 'sha1': '177fb97da8ba6d6f7299383d055287ff5c36a5fb', 'sha256': '7ec471dd24151dea6eb8026a33b7588f4f01433c71567b7692b4d03c26725529'}, 'dob': {'date': '1997-06-01T21:35:12.758Z', 'age': 27}, 'registered': {'date': '2017-10-28T11:19:39.437Z', 'age': 6}, 'phone': '(19) 9293-7244', 'cell': '(68) 1743-9044', 'id': {'name': 'CPF', 'value': '652.420.274-21'}, 'picture': {'large': 'https://randomuser.me/api/portraits/women/67.jpg', 'medium': 'https://randomuser.me/api/portraits/med/women/67.jpg', 'thumbnail': 'https://randomuser.me/api/portraits/thumb/women/67.jpg'}, 'nat': 'BR'}], 'info': {'seed': '161a9e8740278c3b', 'results': 1, 'page': 1, 'version': '1.4'}}</msg>
<arg>${json_data}</arg>
<doc>Logs the given message with the given level.</doc>
<status status="PASS" start="2024-07-04T18:19:49.217487" elapsed="0.000211"/>
</kw>
<kw name="Should Be String" owner="String">
<arg>${json_data['results'][0]['gender']}</arg>
<doc>Fails if the given ``item`` is not a string.</doc>
<status status="PASS" start="2024-07-04T18:19:49.217990" elapsed="0.000365"/>
</kw>
<kw name="Should Match Regexp" owner="BuiltIn">
<arg>${json_data['results'][0]['email']}</arg>
<arg>^[a-zA-Z0-9._%+-]+@[a-zA-Z0-9.-]+\.[a-zA-Z]{2,}$</arg>
<doc>Fails if ``string`` does not match ``pattern`` as a regular expression.</doc>
<status status="PASS" start="2024-07-04T18:19:49.218580" elapsed="0.000533"/>
</kw>
<kw name="Should Match Regexp" owner="BuiltIn">
<arg>${json_data['results'][0]['dob']['date']}</arg>
<arg>\\d{4}-\\d{2}-\\d{2}T\\d{2}:\\d{2}:\\d{2}\\.\\d{3}Z</arg>
<doc>Fails if ``string`` does not match ``pattern`` as a regular expression.</doc>
<status status="PASS" start="2024-07-04T18:19:49.219308" elapsed="0.000492"/>
</kw>
<kw name="Should Match Regexp" owner="BuiltIn">
<arg>${json_data['results'][0]['registered']['date']}</arg>
<arg>\\d{4}-\\d{2}-\\d{2}T\\d{2}:\\d{2}:\\d{2}\\.\\d{3}Z</arg>
<doc>Fails if ``string`` does not match ``pattern`` as a regular expression.</doc>
<status status="PASS" start="2024-07-04T18:19:49.219995" elapsed="0.000420"/>
</kw>
<kw name="Should Match Regexp" owner="BuiltIn">
<arg>${json_data['results'][0]['picture']['large']}</arg>
<arg>^https?://.*\.(?:png|jpe?g|gif|bmp)$</arg>
<doc>Fails if ``string`` does not match ``pattern`` as a regular expression.</doc>
<status status="PASS" start="2024-07-04T18:19:49.220605" elapsed="0.000461"/>
</kw>
<kw name="Should Match Regexp" owner="BuiltIn">
<arg>${json_data['results'][0]['picture']['medium']}</arg>
<arg>^https?://.*\.(?:png|jpe?g|gif|bmp)$</arg>
<doc>Fails if ``string`` does not match ``pattern`` as a regular expression.</doc>
<status status="PASS" start="2024-07-04T18:19:49.221251" elapsed="0.000354"/>
</kw>
<kw name="Should Match Regexp" owner="BuiltIn">
<arg>${json_data['results'][0]['picture']['thumbnail']}</arg>
<arg>^https?://.*\.(?:png|jpe?g|gif|bmp)$</arg>
<doc>Fails if ``string`` does not match ``pattern`` as a regular expression.</doc>
<status status="PASS" start="2024-07-04T18:19:49.221786" elapsed="0.000354"/>
</kw>
<kw name="Log" owner="BuiltIn">
<msg time="2024-07-04T18:19:49.222654" level="INFO">{'large': 'https://randomuser.me/api/portraits/women/67.jpg', 'medium': 'https://randomuser.me/api/portraits/med/women/67.jpg', 'thumbnail': 'https://randomuser.me/api/portraits/thumb/women/67.jpg'}</msg>
<arg>${json_data['results'][0]['picture']}</arg>
<doc>Logs the given message with the given level.</doc>
<status status="PASS" start="2024-07-04T18:19:49.222323" elapsed="0.000373"/>
</kw>
<status status="PASS" start="2024-07-04T18:19:49.100620" elapsed="0.122332"/>
</kw>
<kw name="Teste de Tipos de Dados - Postcode" owner="random-user-service">
<kw name="GET On Session" owner="RequestsLibrary">
<msg time="2024-07-04T18:19:49.320309" level="INFO">GET Request : url=https://randomuser.me/api 
 path_url=/api 
 headers={'User-Agent': 'python-requests/2.32.3', 'Accept-Encoding': 'gzip, deflate', 'Accept': '*/*', 'Connection': 'keep-alive'} 
 body=None 
 </msg>
<msg time="2024-07-04T18:19:49.320423" level="INFO">GET Response : url=https://randomuser.me/api 
 status=200, reason=OK 
 headers={'Date': 'Thu, 04 Jul 2024 18:19:49 GMT', 'Content-Type': 'application/json; charset=utf-8', 'Transfer-Encoding': 'chunked', 'Connection': 'keep-alive', 'X-Powered-By': 'Express', 'Access-Control-Allow-Origin': '*', 'Cache-Control': 'no-cache', 'ETag': 'W/"476-9zHZ6teEdQ+QALk9p59a1oQMJig"', 'Vary': 'Accept-Encoding', 'Content-Encoding': 'gzip', 'CF-Cache-Status': 'DYNAMIC', 'Report-To': '{"endpoints":[{"url":"https:\\/\\/a.nel.cloudflare.com\\/report\\/v4?s=8FhDk0DNSvNtP2%2FaLD7eqgLFJQPN0HaATt6qkrHUyl8nZqskn1dgnV9T0iDmn03meQJqK1I0EF7ThDl%2BKa6Z7GHTMuUUd1YBAC1xMChmKyfomxvW4QGo6UvHJ0BZZwPG"}],"group":"cf-nel","max_age":604800}', 'NEL': '{"success_fraction":0,"report_to":"cf-nel","max_age":604800}', 'Server': 'cloudflare', 'CF-RAY': '89e12030ae430909-LAX', 'alt-svc': 'h3=":443"; ma=86400'} 
 body={"results":[{"gender":"male","name":{"title":"Mr","first":"Otto","last":"Kvande"},"location":{"street":{"number":8788,"name":"Langbølgen"},"city":"Olderdalen","state":"Nord-Trøndelag","country":"Norway","postcode":"4645","coordinates":{"latitude":"39.8520","longitude":"-67.7751"},"timezone":{"offset":"+6:00","description":"Almaty, Dhaka, Colombo"}},"email":"otto.kvande@example.com","login":{"uuid":"b7ce797c-ec7c-4f7e-833e-23486c4d25ad","username":"brownswan241","password":"colt","salt":"4XDX0C4p","md5":"d4ff42173fd3bf786a563b7949317f99","sha1":"890659113f6b6aebb8854af2d7ccc64e8bb5c105","sha256":"c1b617149813fbb2d924b38223367b9eb054c3cdd218366d749042848dbe43a9"},"dob":{"date":"1957-01-26T09:32:15.915Z","age":67},"registered":{"date":"2008-06-09T08:37:42.134Z","age":16},"phone":"57281368","cell":"94394617","id":{"name":"FN","value":"26015733755"},"picture":{"large":"https://randomuser.me/api/portraits/men/53.jpg","medium":"https://randomuser.me/api/portraits/med/men/53.jpg","thumbnail":"https://randomuser.me/api/portraits/thumb/men/53.jpg"},"nat":"NO"}],"info":{"seed":"19d3aae4555038ac","results":1,"page":1,"version":"1.4"}} 
 </msg>
<msg time="2024-07-04T18:19:49.320511" level="INFO">/opt/hostedtoolcache/Python/3.12.4/x64/lib/python3.12/site-packages/urllib3/connectionpool.py:1099: InsecureRequestWarning: Unverified HTTPS request is being made to host 'randomuser.me'. Adding certificate verification is strongly advised. See: https://urllib3.readthedocs.io/en/latest/advanced-usage.html#tls-warnings
  warnings.warn(</msg>
<msg time="2024-07-04T18:19:49.320658" level="INFO">${response} = &lt;Response [200]&gt;</msg>
<var>${response}</var>
<arg>consultarAPI</arg>
<arg>/api</arg>
<doc>Sends a GET request on a previously created HTTP Session.</doc>
<status status="PASS" start="2024-07-04T18:19:49.223401" elapsed="0.097304"/>
</kw>
<kw name="Set Variable" owner="BuiltIn">
<msg time="2024-07-04T18:19:49.321990" level="INFO">${json_data} = {'results': [{'gender': 'male', 'name': {'title': 'Mr', 'first': 'Otto', 'last': 'Kvande'}, 'location': {'street': {'number': 8788, 'name': 'Langbølgen'}, 'city': 'Olderdalen', 'state': 'Nord-Trøndela...</msg>
<var>${json_data}</var>
<arg>${response.json()}</arg>
<doc>Returns the given values which can then be assigned to a variables.</doc>
<status status="PASS" start="2024-07-04T18:19:49.321379" elapsed="0.000640"/>
</kw>
<kw name="Log" owner="BuiltIn">
<msg time="2024-07-04T18:19:49.322491" level="INFO">{'results': [{'gender': 'male', 'name': {'title': 'Mr', 'first': 'Otto', 'last': 'Kvande'}, 'location': {'street': {'number': 8788, 'name': 'Langbølgen'}, 'city': 'Olderdalen', 'state': 'Nord-Trøndelag', 'country': 'Norway', 'postcode': '4645', 'coordinates': {'latitude': '39.8520', 'longitude': '-67.7751'}, 'timezone': {'offset': '+6:00', 'description': 'Almaty, Dhaka, Colombo'}}, 'email': 'otto.kvande@example.com', 'login': {'uuid': 'b7ce797c-ec7c-4f7e-833e-23486c4d25ad', 'username': 'brownswan241', 'password': 'colt', 'salt': '4XDX0C4p', 'md5': 'd4ff42173fd3bf786a563b7949317f99', 'sha1': '890659113f6b6aebb8854af2d7ccc64e8bb5c105', 'sha256': 'c1b617149813fbb2d924b38223367b9eb054c3cdd218366d749042848dbe43a9'}, 'dob': {'date': '1957-01-26T09:32:15.915Z', 'age': 67}, 'registered': {'date': '2008-06-09T08:37:42.134Z', 'age': 16}, 'phone': '57281368', 'cell': '94394617', 'id': {'name': 'FN', 'value': '26015733755'}, 'picture': {'large': 'https://randomuser.me/api/portraits/men/53.jpg', 'medium': 'https://randomuser.me/api/portraits/med/men/53.jpg', 'thumbnail': 'https://randomuser.me/api/portraits/thumb/men/53.jpg'}, 'nat': 'NO'}], 'info': {'seed': '19d3aae4555038ac', 'results': 1, 'page': 1, 'version': '1.4'}}</msg>
<arg>${json_data}</arg>
<doc>Logs the given message with the given level.</doc>
<status status="PASS" start="2024-07-04T18:19:49.322329" elapsed="0.000211"/>
</kw>
<kw name="Should Be Equal As Numbers" owner="BuiltIn">
<arg>${json_data['results'][0]['location']['postcode']}</arg>
<arg>${json_data['results'][0]['location']['postcode']}</arg>
<doc>Fails if objects are unequal after converting them to real numbers.</doc>
<status status="PASS" start="2024-07-04T18:19:49.322832" elapsed="0.000620"/>
</kw>
<kw name="Log" owner="BuiltIn">
<msg time="2024-07-04T18:19:49.323974" level="INFO">4645</msg>
<arg>${json_data['results'][0]['location']['postcode']}</arg>
<doc>Logs the given message with the given level.</doc>
<status status="PASS" start="2024-07-04T18:19:49.323642" elapsed="0.000408"/>
</kw>
<status status="PASS" start="2024-07-04T18:19:49.223178" elapsed="0.101173"/>
</kw>
<doc>Testa se os tipos de dados na resposta da API estão corretos.</doc>
<tag>testeTiposDados</tag>
<status status="PASS" start="2024-07-04T18:19:49.099934" elapsed="0.224587"/>
</test>
<test id="s1-s1-t5" name="Validar conteudo" line="35">
<kw name="Teste de Tipos de Conteudo" owner="random-user-service">
<kw name="GET On Session" owner="RequestsLibrary">
<msg time="2024-07-04T18:19:49.429158" level="INFO">GET Request : url=https://randomuser.me/api 
 path_url=/api 
 headers={'User-Agent': 'python-requests/2.32.3', 'Accept-Encoding': 'gzip, deflate', 'Accept': '*/*', 'Connection': 'keep-alive'} 
 body=None 
 </msg>
<msg time="2024-07-04T18:19:49.429255" level="INFO">GET Response : url=https://randomuser.me/api 
 status=200, reason=OK 
 headers={'Date': 'Thu, 04 Jul 2024 18:19:49 GMT', 'Content-Type': 'application/json; charset=utf-8', 'Transfer-Encoding': 'chunked', 'Connection': 'keep-alive', 'X-Powered-By': 'Express', 'Access-Control-Allow-Origin': '*', 'Cache-Control': 'no-cache', 'ETag': 'W/"490-V/AHssN3RM/+CfmNoaFSIJZni3M"', 'Vary': 'Accept-Encoding', 'Content-Encoding': 'gzip', 'CF-Cache-Status': 'DYNAMIC', 'Report-To': '{"endpoints":[{"url":"https:\\/\\/a.nel.cloudflare.com\\/report\\/v4?s=5CxvD7tv53WeWrGwIJxjqNmowaRowr02s%2FR2hogm2OoqlDa6I0Jv5%2F5%2BsHcUwvhHwDRi3Ws5dzEc3OUqSpmn8Eq9laIxm%2BPYABc3FNVywYS9M0EbZ2W8ryQeYzysLHvp"}],"group":"cf-nel","max_age":604800}', 'NEL': '{"success_fraction":0,"report_to":"cf-nel","max_age":604800}', 'Server': 'cloudflare', 'CF-RAY': '89e120315f3c0909-LAX', 'alt-svc': 'h3=":443"; ma=86400'} 
 body={"results":[{"gender":"female","name":{"title":"Ms","first":"Debra","last":"Coleman"},"location":{"street":{"number":5699,"name":"King Street"},"city":"Durham","state":"Avon","country":"United Kingdom","postcode":"A4 9AT","coordinates":{"latitude":"-11.2673","longitude":"104.8237"},"timezone":{"offset":"+2:00","description":"Kaliningrad, South Africa"}},"email":"debra.coleman@example.com","login":{"uuid":"42e89440-32c2-41ba-b52e-d5eeb208ddd6","username":"whitesnake396","password":"bonkers","salt":"iUifSOou","md5":"fcb9faf8ead893ff99ad0582de26fbcc","sha1":"9e204880d54d76ec4425e75bb5d3ab08689daddd","sha256":"80f190b627ac5b084eca9bac45e761c4e8aae353774adf6c00f81d18ec6b1b73"},"dob":{"date":"1995-08-28T22:10:32.009Z","age":28},"registered":{"date":"2020-08-20T03:39:45.502Z","age":3},"phone":"016973 29775","cell":"07106 992291","id":{"name":"NINO","value":"CG 90 33 31 D"},"picture":{"large":"https://randomuser.me/api/portraits/women/67.jpg","medium":"https://randomuser.me/api/portraits/med/women/67.jpg","thumbnail":"https://randomuser.me/api/portraits/thumb/women/67.jpg"},"nat":"GB"}],"info":{"seed":"6c7aad5c76bc6907","results":1,"page":1,"version":"1.4"}} 
 </msg>
<msg time="2024-07-04T18:19:49.429343" level="INFO">/opt/hostedtoolcache/Python/3.12.4/x64/lib/python3.12/site-packages/urllib3/connectionpool.py:1099: InsecureRequestWarning: Unverified HTTPS request is being made to host 'randomuser.me'. Adding certificate verification is strongly advised. See: https://urllib3.readthedocs.io/en/latest/advanced-usage.html#tls-warnings
  warnings.warn(</msg>
<msg time="2024-07-04T18:19:49.429477" level="INFO">${response} = &lt;Response [200]&gt;</msg>
<var>${response}</var>
<arg>consultarAPI</arg>
<arg>/api</arg>
<doc>Sends a GET request on a previously created HTTP Session.</doc>
<status status="PASS" start="2024-07-04T18:19:49.327966" elapsed="0.101556"/>
</kw>
<kw name="Set Variable" owner="BuiltIn">
<msg time="2024-07-04T18:19:49.430561" level="INFO">${json_data} = {'results': [{'gender': 'female', 'name': {'title': 'Ms', 'first': 'Debra', 'last': 'Coleman'}, 'location': {'street': {'number': 5699, 'name': 'King Street'}, 'city': 'Durham', 'state': 'Avon', 'coun...</msg>
<var>${json_data}</var>
<arg>${response.json()}</arg>
<doc>Returns the given values which can then be assigned to a variables.</doc>
<status status="PASS" start="2024-07-04T18:19:49.430060" elapsed="0.000530"/>
</kw>
<kw name="Set Variable" owner="BuiltIn">
<msg time="2024-07-04T18:19:49.431271" level="INFO">${name_title} = Ms</msg>
<var>${name_title}</var>
<arg>${json_data["results"][0]["name"]["title"]}</arg>
<doc>Returns the given values which can then be assigned to a variables.</doc>
<status status="PASS" start="2024-07-04T18:19:49.430893" elapsed="0.000404"/>
</kw>
<kw name="Create List" owner="BuiltIn">
<msg time="2024-07-04T18:19:49.431737" level="INFO">${allowed_titles} = ['Mr', 'Ms', 'Miss', 'Mrs', 'Madame', 'Monsieur']</msg>
<var>${allowed_titles}</var>
<arg>Mr</arg>
<arg>Ms</arg>
<arg>Miss</arg>
<arg>Mrs</arg>
<arg>Madame</arg>
<arg>Monsieur</arg>
<doc>Returns a list containing given items.</doc>
<status status="PASS" start="2024-07-04T18:19:49.431588" elapsed="0.000173"/>
</kw>
<kw name="List Should Contain Value" owner="Collections">
<arg>${allowed_titles}</arg>
<arg>${name_title}</arg>
<doc>Fails if the ``value`` is not found from ``list``.</doc>
<status status="PASS" start="2024-07-04T18:19:49.432057" elapsed="0.000238"/>
</kw>
<kw name="Set Variable" owner="BuiltIn">
<msg time="2024-07-04T18:19:49.432937" level="INFO">${name_country} = GB</msg>
<var>${name_country}</var>
<arg>${json_data["results"][0]["nat"]}</arg>
<doc>Returns the given values which can then be assigned to a variables.</doc>
<status status="PASS" start="2024-07-04T18:19:49.432564" elapsed="0.000398"/>
</kw>
<kw name="Create List" owner="BuiltIn">
<msg time="2024-07-04T18:19:49.433845" level="INFO">${list_country} = ['AD', 'AE', 'AF', 'AG', 'AI', 'AL', 'AM', 'AO', 'AQ', 'AR', 'AS', 'AT', 'AU', 'AW', 'AX', 'AZ', 'BA', 'BB', 'BD', 'BE', 'BF', 'BG', 'BH', 'BI', 'BJ', 'BL', 'BM', 'BN', 'BO', 'BQ', 'BR', 'BS', 'BT', '...</msg>
<var>${list_country}</var>
<arg>AD</arg>
<arg>AE</arg>
<arg>AF</arg>
<arg>AG</arg>
<arg>AI</arg>
<arg>AL</arg>
<arg>AM</arg>
<arg>AO</arg>
<arg>AQ</arg>
<arg>AR</arg>
<arg>AS</arg>
<arg>AT</arg>
<arg>AU</arg>
<arg>AW</arg>
<arg>AX</arg>
<arg>AZ</arg>
<arg>BA</arg>
<arg>BB</arg>
<arg>BD</arg>
<arg>BE</arg>
<arg>BF</arg>
<arg>BG</arg>
<arg>BH</arg>
<arg>BI</arg>
<arg>BJ</arg>
<arg>BL</arg>
<arg>BM</arg>
<arg>BN</arg>
<arg>BO</arg>
<arg>BQ</arg>
<arg>BR</arg>
<arg>BS</arg>
<arg>BT</arg>
<arg>BV</arg>
<arg>BW</arg>
<arg>BY</arg>
<arg>BZ</arg>
<arg>CA</arg>
<arg>CC</arg>
<arg>CD</arg>
<arg>CF</arg>
<arg>CG</arg>
<arg>CH</arg>
<arg>CI</arg>
<arg>CK</arg>
<arg>CL</arg>
<arg>CM</arg>
<arg>CN</arg>
<arg>CO</arg>
<arg>CR</arg>
<arg>CU</arg>
<arg>CV</arg>
<arg>CW</arg>
<arg>CX</arg>
<arg>CY</arg>
<arg>CZ</arg>
<arg>DE</arg>
<arg>DJ</arg>
<arg>DK</arg>
<arg>DM</arg>
<arg>DO</arg>
<arg>DZ</arg>
<arg>EC</arg>
<arg>EE</arg>
<arg>EG</arg>
<arg>EH</arg>
<arg>ER</arg>
<arg>ES</arg>
<arg>ET</arg>
<arg>FI</arg>
<arg>FJ</arg>
<arg>FK</arg>
<arg>FM</arg>
<arg>FO</arg>
<arg>FR</arg>
<arg>GA</arg>
<arg>GB</arg>
<arg>GD</arg>
<arg>GE</arg>
<arg>GF</arg>
<arg>GG</arg>
<arg>GH</arg>
<arg>GI</arg>
<arg>GL</arg>
<arg>GM</arg>
<arg>GN</arg>
<arg>GP</arg>
<arg>GQ</arg>
<arg>GR</arg>
<arg>GS</arg>
<arg>GT</arg>
<arg>GU</arg>
<arg>GW</arg>
<arg>GY</arg>
<arg>HK</arg>
<arg>HM</arg>
<arg>HN</arg>
<arg>HR</arg>
<arg>HT</arg>
<arg>HU</arg>
<arg>ID</arg>
<arg>IE</arg>
<arg>IL</arg>
<arg>IM</arg>
<arg>IN</arg>
<arg>IO</arg>
<arg>IQ</arg>
<arg>IR</arg>
<arg>IS</arg>
<arg>IT</arg>
<arg>JE</arg>
<arg>JM</arg>
<arg>JO</arg>
<arg>JP</arg>
<arg>KE</arg>
<arg>KG</arg>
<arg>KH</arg>
<arg>KI</arg>
<arg>KM</arg>
<arg>KN</arg>
<arg>KP</arg>
<arg>KR</arg>
<arg>KW</arg>
<arg>KY</arg>
<arg>KZ</arg>
<arg>LA</arg>
<arg>LB</arg>
<arg>LC</arg>
<arg>LI</arg>
<arg>LK</arg>
<arg>LR</arg>
<arg>LS</arg>
<arg>LT</arg>
<arg>LU</arg>
<arg>LV</arg>
<arg>LY</arg>
<arg>MA</arg>
<arg>MC</arg>
<arg>MD</arg>
<arg>ME</arg>
<arg>MF</arg>
<arg>MG</arg>
<arg>MH</arg>
<arg>MK</arg>
<arg>ML</arg>
<arg>MM</arg>
<arg>MN</arg>
<arg>MO</arg>
<arg>MP</arg>
<arg>MQ</arg>
<arg>MR</arg>
<arg>MS</arg>
<arg>MT</arg>
<arg>MU</arg>
<arg>MV</arg>
<arg>MW</arg>
<arg>MX</arg>
<arg>MY</arg>
<arg>MZ</arg>
<arg>NA</arg>
<arg>NC</arg>
<arg>NE</arg>
<arg>NF</arg>
<arg>NG</arg>
<arg>NI</arg>
<arg>NL</arg>
<arg>NO</arg>
<arg>NP</arg>
<arg>NR</arg>
<arg>NU</arg>
<arg>NZ</arg>
<arg>OM</arg>
<arg>PA</arg>
<arg>PE</arg>
<arg>PF</arg>
<arg>PG</arg>
<arg>PH</arg>
<arg>PK</arg>
<arg>PL</arg>
<arg>PM</arg>
<arg>PN</arg>
<arg>PR</arg>
<arg>PS</arg>
<arg>PT</arg>
<arg>PW</arg>
<arg>PY</arg>
<arg>QA</arg>
<arg>RE</arg>
<arg>RO</arg>
<arg>RS</arg>
<arg>RU</arg>
<arg>RW</arg>
<arg>SA</arg>
<arg>SB</arg>
<arg>SC</arg>
<arg>SD</arg>
<arg>SE</arg>
<arg>SG</arg>
<arg>SH</arg>
<arg>SI</arg>
<arg>SJ</arg>
<arg>SK</arg>
<arg>SL</arg>
<arg>SM</arg>
<arg>SN</arg>
<arg>SO</arg>
<arg>SR</arg>
<arg>SS</arg>
<arg>ST</arg>
<arg>SV</arg>
<arg>SX</arg>
<arg>SY</arg>
<arg>SZ</arg>
<arg>TC</arg>
<arg>TD</arg>
<arg>TF</arg>
<arg>TG</arg>
<arg>TH</arg>
<arg>TJ</arg>
<arg>TK</arg>
<arg>TL</arg>
<arg>TM</arg>
<arg>TN</arg>
<arg>TO</arg>
<arg>TR</arg>
<arg>TT</arg>
<arg>TV</arg>
<arg>TW</arg>
<arg>TZ</arg>
<arg>UA</arg>
<arg>UG</arg>
<arg>UM</arg>
<arg>US</arg>
<arg>UY</arg>
<arg>UZ</arg>
<arg>VA</arg>
<arg>VC</arg>
<arg>VE</arg>
<arg>VG</arg>
<arg>VI</arg>
<arg>VN</arg>
<arg>VU</arg>
<arg>WF</arg>
<arg>WS</arg>
<arg>XK</arg>
<arg>YE</arg>
<arg>YT</arg>
<arg>ZA</arg>
<arg>ZM</arg>
<arg>ZW</arg>
<doc>Returns a list containing given items.</doc>
<status status="PASS" start="2024-07-04T18:19:49.433254" elapsed="0.000616"/>
</kw>
<kw name="List Should Contain Value" owner="Collections">
<arg>${list_country}</arg>
<arg>${name_country}</arg>
<doc>Fails if the ``value`` is not found from ``list``.</doc>
<status status="PASS" start="2024-07-04T18:19:49.434660" elapsed="0.000204"/>
</kw>
<kw name="Run Keyword If" owner="BuiltIn">
<kw name="Should Be True" owner="BuiltIn">
<arg>${True}</arg>
<doc>Fails if the given condition is not true.</doc>
<status status="PASS" start="2024-07-04T18:19:49.435796" elapsed="0.000143"/>
</kw>
<arg>${json_data["results"][0]["location"]["coordinates"]["latitude"]} &gt;= -90 and ${json_data["results"][0]["location"]["coordinates"]["latitude"]} &lt;= 90</arg>
<arg>Should Be True</arg>
<arg>${True}</arg>
<doc>Runs the given keyword with the given arguments, if ``condition`` is true.</doc>
<status status="PASS" start="2024-07-04T18:19:49.435062" elapsed="0.001001"/>
</kw>
<kw name="Run Keyword If" owner="BuiltIn">
<kw name="Should Be True" owner="BuiltIn">
<arg>${True}</arg>
<doc>Fails if the given condition is not true.</doc>
<status status="PASS" start="2024-07-04T18:19:49.436959" elapsed="0.000138"/>
</kw>
<arg>${json_data["results"][0]["location"]["coordinates"]["longitude"]} &gt;= -180 and ${json_data["results"][0]["location"]["coordinates"]["longitude"]} &lt;= 180</arg>
<arg>Should Be True</arg>
<arg>${True}</arg>
<doc>Runs the given keyword with the given arguments, if ``condition`` is true.</doc>
<status status="PASS" start="2024-07-04T18:19:49.436273" elapsed="0.000945"/>
</kw>
<status status="PASS" start="2024-07-04T18:19:49.327369" elapsed="0.109983"/>
</kw>
<doc>Testa o conteúdo específico dos campos retornados pela API.</doc>
<tag>testeConteudo</tag>
<status status="PASS" start="2024-07-04T18:19:49.326669" elapsed="0.110832"/>
</test>
<status status="PASS" start="2024-07-04T18:19:48.254219" elapsed="1.185207"/>
</suite>
<status status="PASS" start="2024-07-04T18:19:48.239973" elapsed="1.204512"/>
</suite>
<statistics>
<total>
<stat pass="5" fail="0" skip="0">All Tests</stat>
</total>
<tag>
<stat pass="1" fail="0" skip="0">testeConteudo</stat>
<stat pass="1" fail="0" skip="0">testeEstruturaResposta</stat>
<stat pass="1" fail="0" skip="0">testeRequisicaoBasica</stat>
<stat pass="1" fail="0" skip="0">testeTiposDados</stat>
</tag>
<suite>
<stat pass="5" fail="0" skip="0" id="s1" name="Tests">Tests</stat>
<stat pass="5" fail="0" skip="0" id="s1-s1" name="Random-User-Test">Tests.Random-User-Test</stat>
</suite>
</statistics>
<errors>
</errors>
</robot>
