<?xml version="1.0" encoding="UTF-8"?>
<robot generator="Robot 7.0 (Python 3.12.2 on linux)" generated="2024-04-11T08:17:56.323224" rpa="false" schemaversion="5">
<suite id="s1" name="Tests" source="/home/runner/work/DesafioQAItauRogerioJordao/DesafioQAItauRogerioJordao/RamdonUser/tests">
<suite id="s1-s1" name="Random-User-Test" source="/home/runner/work/DesafioQAItauRogerioJordao/DesafioQAItauRogerioJordao/RamdonUser/tests/random-user-test.robot">
<test id="s1-s1-t1" name="Conectar" line="13">
<kw name="Conectar API" owner="random-user-service">
<kw name="Create Session" owner="RequestsLibrary">
<msg time="2024-04-11T08:17:56.686693" level="INFO">Creating Session using : alias=consultarAPI, url=https://randomuser.me/, headers={},                     cookies={}, auth=None, timeout=None, proxies=None, verify=False,                     debug=0 </msg>
<arg>consultarAPI</arg>
<arg>${URL}</arg>
<doc>Create Session: create a HTTP session to a server</doc>
<status status="PASS" start="2024-04-11T08:17:56.686480" elapsed="0.000384"/>
</kw>
<status status="PASS" start="2024-04-11T08:17:56.685431" elapsed="0.001785"/>
</kw>
<status status="PASS" start="2024-04-11T08:17:56.684838" elapsed="0.002587"/>
</test>
<test id="s1-s1-t2" name="Validar retorno 200 e JSON Válido" line="16">
<kw name="Teste de Requisicao Basica" owner="random-user-service">
<kw name="GET On Session" owner="RequestsLibrary">
<msg time="2024-04-11T08:17:56.811323" level="INFO">GET Request : url=https://randomuser.me/api 
 path_url=/api 
 headers={'User-Agent': 'python-requests/2.31.0', 'Accept-Encoding': 'gzip, deflate', 'Accept': '*/*', 'Connection': 'keep-alive'} 
 body=None 
 </msg>
<msg time="2024-04-11T08:17:56.811495" level="INFO">GET Response : url=https://randomuser.me/api 
 status=200, reason=OK 
 headers={'Date': 'Thu, 11 Apr 2024 08:17:56 GMT', 'Content-Type': 'application/json; charset=utf-8', 'Transfer-Encoding': 'chunked', 'Connection': 'keep-alive', 'X-Powered-By': 'Express', 'Access-Control-Allow-Origin': '*', 'Cache-Control': 'no-cache', 'ETag': 'W/"491-d5hEjdXUz6u2p1Y0uv6QtilniyE"', 'Vary': 'Accept-Encoding', 'Content-Encoding': 'gzip', 'CF-Cache-Status': 'DYNAMIC', 'Report-To': '{"endpoints":[{"url":"https:\\/\\/a.nel.cloudflare.com\\/report\\/v4?s=XBtb8oaGUj5K3dW30ljCA9sIl4aYsRjgX2T9Ny93yMOEzTcAOjY0P3Q7iWxGp22gv6jM7NYBFNXlQGQRRrFHjJILzHRSi2HUFHigU3g0IPiuaSoBFQf9v86EIhyv9T%2Fs"}],"group":"cf-nel","max_age":604800}', 'NEL': '{"success_fraction":0,"report_to":"cf-nel","max_age":604800}', 'Server': 'cloudflare', 'CF-RAY': '87298b098ef5942c-SJC', 'alt-svc': 'h3=":443"; ma=86400'} 
 body={"results":[{"gender":"male","name":{"title":"Mr","first":"Tristan","last":"Thomsen"},"location":{"street":{"number":9402,"name":"Sommervej"},"city":"Sønder Stenderup","state":"Syddanmark","country":"Denmark","postcode":86425,"coordinates":{"latitude":"-45.5296","longitude":"-133.8994"},"timezone":{"offset":"+1:00","description":"Brussels, Copenhagen, Madrid, Paris"}},"email":"tristan.thomsen@example.com","login":{"uuid":"ef7fcded-97ee-451c-b940-5ed52ac36bbc","username":"crazybear433","password":"mississi","salt":"LD63vgVB","md5":"4bc51fe01f772ebccabb5328df5896a5","sha1":"1338320ec9796df8ca0dfc8ef6234a30379c7e7d","sha256":"1cb803761cbe7d467cd4bd3efb2d38e857f3bd9ad5b0d3ab3f63f7714ab566bf"},"dob":{"date":"1994-08-10T20:15:53.165Z","age":29},"registered":{"date":"2019-03-27T04:42:01.607Z","age":5},"phone":"16723767","cell":"33652506","id":{"name":"CPR","value":"100894-4224"},"picture":{"large":"https://randomuser.me/api/portraits/men/33.jpg","medium":"https://randomuser.me/api/portraits/med/men/33.jpg","thumbnail":"https://randomuser.me/api/portraits/thumb/men/33.jpg"},"nat":"DK"}],"info":{"seed":"4eef906e027f32b9","results":1,"page":1,"version":"1.4"}} 
 </msg>
<msg time="2024-04-11T08:17:56.811595" level="INFO">/opt/hostedtoolcache/Python/3.12.2/x64/lib/python3.12/site-packages/urllib3/connectionpool.py:1103: InsecureRequestWarning: Unverified HTTPS request is being made to host 'randomuser.me'. Adding certificate verification is strongly advised. See: https://urllib3.readthedocs.io/en/latest/advanced-usage.html#tls-warnings
  warnings.warn(</msg>
<msg time="2024-04-11T08:17:56.811751" level="INFO">${response} = &lt;Response [200]&gt;</msg>
<var>${response}</var>
<arg>consultarAPI</arg>
<arg>/api</arg>
<doc>Sends a GET request on a previously created HTTP Session.</doc>
<status status="PASS" start="2024-04-11T08:17:56.690091" elapsed="0.121700"/>
</kw>
<kw name="Should Be Equal As Numbers" owner="BuiltIn">
<msg time="2024-04-11T08:17:56.812743" level="INFO">Argument types are:
&lt;class 'int'&gt;
&lt;class 'str'&gt;</msg>
<arg>${response.status_code}</arg>
<arg>200</arg>
<doc>Fails if objects are unequal after converting them to real numbers.</doc>
<status status="PASS" start="2024-04-11T08:17:56.812288" elapsed="0.000520"/>
</kw>
<kw name="Log" owner="BuiltIn">
<msg time="2024-04-11T08:17:56.813510" level="INFO">200</msg>
<arg>${response.status_code}</arg>
<doc>Logs the given message with the given level.</doc>
<status status="PASS" start="2024-04-11T08:17:56.813137" elapsed="0.000418"/>
</kw>
<kw name="Set Variable" owner="BuiltIn">
<msg time="2024-04-11T08:17:56.814477" level="INFO">${json_data} = {'results': [{'gender': 'male', 'name': {'title': 'Mr', 'first': 'Tristan', 'last': 'Thomsen'}, 'location': {'street': {'number': 9402, 'name': 'Sommervej'}, 'city': 'Sønder Stenderup', 'state': 'Sydd...</msg>
<var>${json_data}</var>
<arg>${response.json()}</arg>
<doc>Returns the given values which can then be assigned to a variables.</doc>
<status status="PASS" start="2024-04-11T08:17:56.813939" elapsed="0.000572"/>
</kw>
<kw name="Dictionary Should Contain Key" owner="Collections">
<msg time="2024-04-11T08:17:56.815118" level="INFO">False</msg>
<arg>${json_data}</arg>
<arg>results</arg>
<doc>Fails if ``key`` is not found from ``dictionary``.</doc>
<status status="PASS" start="2024-04-11T08:17:56.814887" elapsed="0.000277"/>
</kw>
<status status="PASS" start="2024-04-11T08:17:56.689836" elapsed="0.125632"/>
</kw>
<doc>Testa se a API responde corretamente e retorna um objeto JSON válido.</doc>
<tag>testeRequisicaoBasica</tag>
<status status="PASS" start="2024-04-11T08:17:56.689279" elapsed="0.126385"/>
</test>
<test id="s1-s1-t3" name="Validar estrutura de resposta" line="22">
<kw name="Teste de Estrutura de Resposta" owner="random-user-service">
<kw name="GET On Session" owner="RequestsLibrary">
<msg time="2024-04-11T08:17:56.906534" level="INFO">GET Request : url=https://randomuser.me/api 
 path_url=/api 
 headers={'User-Agent': 'python-requests/2.31.0', 'Accept-Encoding': 'gzip, deflate', 'Accept': '*/*', 'Connection': 'keep-alive'} 
 body=None 
 </msg>
<msg time="2024-04-11T08:17:56.906623" level="INFO">GET Response : url=https://randomuser.me/api 
 status=200, reason=OK 
 headers={'Date': 'Thu, 11 Apr 2024 08:17:56 GMT', 'Content-Type': 'application/json; charset=utf-8', 'Transfer-Encoding': 'chunked', 'Connection': 'keep-alive', 'X-Powered-By': 'Express', 'Access-Control-Allow-Origin': '*', 'Cache-Control': 'no-cache', 'ETag': 'W/"48a-2CuGGXGbjkU7zeaNTtQEl0ubPdc"', 'Vary': 'Accept-Encoding', 'Content-Encoding': 'gzip', 'CF-Cache-Status': 'DYNAMIC', 'Report-To': '{"endpoints":[{"url":"https:\\/\\/a.nel.cloudflare.com\\/report\\/v4?s=Mn0rfHEEGT4e%2B11jz9SkZ3cOF7sr9B7TVHnXUyFLGQxMV3CgpGU53ePRuSlISwnPrdgWzRfFs7QMaoK92ZY%2FTePSJuBlS6dvl4CznjocXZ1Z%2BeZbJ47tYuGob%2FinaADO"}],"group":"cf-nel","max_age":604800}', 'NEL': '{"success_fraction":0,"report_to":"cf-nel","max_age":604800}', 'Server': 'cloudflare', 'CF-RAY': '87298b0a2f58942c-SJC', 'alt-svc': 'h3=":443"; ma=86400'} 
 body={"results":[{"gender":"male","name":{"title":"Mr","first":"ایلیا","last":"صدر"},"location":{"street":{"number":9158,"name":"دماوند"},"city":"خرم‌آباد","state":"کرمان","country":"Iran","postcode":15856,"coordinates":{"latitude":"17.3835","longitude":"-158.3148"},"timezone":{"offset":"-4:00","description":"Atlantic Time (Canada), Caracas, La Paz"}},"email":"yly.sdr@example.com","login":{"uuid":"364e45d1-2618-43a9-832f-7f9258691cee","username":"blackwolf504","password":"caster","salt":"jyfFoMMq","md5":"b867d93e295dedec796c2b2d7a333e69","sha1":"365d36364023608fbae8c2c0a030d307814bd107","sha256":"3a3d0dd5ac0dd7be4c463ecbbfb4182bdeabd87b3f74fc9dbbf0e5affe79d42e"},"dob":{"date":"1999-03-08T19:09:45.238Z","age":25},"registered":{"date":"2013-10-14T10:18:26.666Z","age":10},"phone":"035-46189890","cell":"0997-183-6948","id":{"name":"","value":null},"picture":{"large":"https://randomuser.me/api/portraits/men/12.jpg","medium":"https://randomuser.me/api/portraits/med/men/12.jpg","thumbnail":"https://randomuser.me/api/portraits/thumb/men/12.jpg"},"nat":"IR"}],"info":{"seed":"b0b4497119e4ae52","results":1,"page":1,"version":"1.4"}} 
 </msg>
<msg time="2024-04-11T08:17:56.906765" level="INFO">/opt/hostedtoolcache/Python/3.12.2/x64/lib/python3.12/site-packages/urllib3/connectionpool.py:1103: InsecureRequestWarning: Unverified HTTPS request is being made to host 'randomuser.me'. Adding certificate verification is strongly advised. See: https://urllib3.readthedocs.io/en/latest/advanced-usage.html#tls-warnings
  warnings.warn(</msg>
<msg time="2024-04-11T08:17:56.906897" level="INFO">${response} = &lt;Response [200]&gt;</msg>
<var>${response}</var>
<arg>consultarAPI</arg>
<arg>/api</arg>
<doc>Sends a GET request on a previously created HTTP Session.</doc>
<status status="PASS" start="2024-04-11T08:17:56.818539" elapsed="0.088405"/>
</kw>
<kw name="Set Variable" owner="BuiltIn">
<msg time="2024-04-11T08:17:56.907939" level="INFO">${json_data} = {'results': [{'gender': 'male', 'name': {'title': 'Mr', 'first': 'ایلیا', 'last': 'صدر'}, 'location': {'street': {'number': 9158, 'name': 'دماوند'}, 'city': 'خرم\u200cآباد', 'state': 'کرمان', 'country...</msg>
<var>${json_data}</var>
<arg>${response.json()}</arg>
<doc>Returns the given values which can then be assigned to a variables.</doc>
<status status="PASS" start="2024-04-11T08:17:56.907408" elapsed="0.000576"/>
</kw>
<kw name="Log" owner="BuiltIn">
<msg time="2024-04-11T08:17:56.908669" level="INFO">{'results': [{'gender': 'male', 'name': {'title': 'Mr', 'first': 'ایلیا', 'last': 'صدر'}, 'location': {'street': {'number': 9158, 'name': 'دماوند'}, 'city': 'خرم\u200cآباد', 'state': 'کرمان', 'country': 'Iran', 'postcode': 15856, 'coordinates': {'latitude': '17.3835', 'longitude': '-158.3148'}, 'timezone': {'offset': '-4:00', 'description': 'Atlantic Time (Canada), Caracas, La Paz'}}, 'email': 'yly.sdr@example.com', 'login': {'uuid': '364e45d1-2618-43a9-832f-7f9258691cee', 'username': 'blackwolf504', 'password': 'caster', 'salt': 'jyfFoMMq', 'md5': 'b867d93e295dedec796c2b2d7a333e69', 'sha1': '365d36364023608fbae8c2c0a030d307814bd107', 'sha256': '3a3d0dd5ac0dd7be4c463ecbbfb4182bdeabd87b3f74fc9dbbf0e5affe79d42e'}, 'dob': {'date': '1999-03-08T19:09:45.238Z', 'age': 25}, 'registered': {'date': '2013-10-14T10:18:26.666Z', 'age': 10}, 'phone': '035-46189890', 'cell': '0997-183-6948', 'id': {'name': '', 'value': None}, 'picture': {'large': 'https://randomuser.me/api/portraits/men/12.jpg', 'medium': 'https://randomuser.me/api/portraits/med/men/12.jpg', 'thumbnail': 'https://randomuser.me/api/portraits/thumb/men/12.jpg'}, 'nat': 'IR'}], 'info': {'seed': 'b0b4497119e4ae52', 'results': 1, 'page': 1, 'version': '1.4'}}</msg>
<arg>${json_data}</arg>
<doc>Logs the given message with the given level.</doc>
<status status="PASS" start="2024-04-11T08:17:56.908424" elapsed="0.000337"/>
</kw>
<kw name="Dictionary Should Contain Key" owner="Collections">
<msg time="2024-04-11T08:17:56.909490" level="INFO">False</msg>
<arg>${json_data}</arg>
<arg>results</arg>
<doc>Fails if ``key`` is not found from ``dictionary``.</doc>
<status status="PASS" start="2024-04-11T08:17:56.909245" elapsed="0.000312"/>
</kw>
<kw name="Should Not Be Empty" owner="BuiltIn">
<msg time="2024-04-11T08:17:56.910209" level="INFO">Length is 2.</msg>
<arg>${json_data}</arg>
<doc>Verifies that the given item is not empty.</doc>
<status status="PASS" start="2024-04-11T08:17:56.910016" elapsed="0.000256"/>
</kw>
<kw name="Create List" owner="BuiltIn">
<msg time="2024-04-11T08:17:56.910987" level="INFO">${expected_keys} = ['gender', 'name', 'location', 'email', 'login']</msg>
<var>${expected_keys}</var>
<arg>gender</arg>
<arg>name</arg>
<arg>location</arg>
<arg>email</arg>
<arg>login</arg>
<doc>Returns a list containing given items.</doc>
<status status="PASS" start="2024-04-11T08:17:56.910733" elapsed="0.000299"/>
</kw>
<for flavor="IN">
<iter>
<kw name="Dictionary Should Contain Key" owner="Collections">
<msg time="2024-04-11T08:17:56.912541" level="INFO">False</msg>
<arg>${json_data['results'][0]}</arg>
<arg>${key}</arg>
<doc>Fails if ``key`` is not found from ``dictionary``.</doc>
<status status="PASS" start="2024-04-11T08:17:56.911901" elapsed="0.000707"/>
</kw>
<kw name="Log" owner="BuiltIn">
<msg time="2024-04-11T08:17:56.913697" level="INFO">{'gender': 'male', 'name': {'title': 'Mr', 'first': 'ایلیا', 'last': 'صدر'}, 'location': {'street': {'number': 9158, 'name': 'دماوند'}, 'city': 'خرم\u200cآباد', 'state': 'کرمان', 'country': 'Iran', 'postcode': 15856, 'coordinates': {'latitude': '17.3835', 'longitude': '-158.3148'}, 'timezone': {'offset': '-4:00', 'description': 'Atlantic Time (Canada), Caracas, La Paz'}}, 'email': 'yly.sdr@example.com', 'login': {'uuid': '364e45d1-2618-43a9-832f-7f9258691cee', 'username': 'blackwolf504', 'password': 'caster', 'salt': 'jyfFoMMq', 'md5': 'b867d93e295dedec796c2b2d7a333e69', 'sha1': '365d36364023608fbae8c2c0a030d307814bd107', 'sha256': '3a3d0dd5ac0dd7be4c463ecbbfb4182bdeabd87b3f74fc9dbbf0e5affe79d42e'}, 'dob': {'date': '1999-03-08T19:09:45.238Z', 'age': 25}, 'registered': {'date': '2013-10-14T10:18:26.666Z', 'age': 10}, 'phone': '035-46189890', 'cell': '0997-183-6948', 'id': {'name': '', 'value': None}, 'picture': {'large': 'https://randomuser.me/api/portraits/men/12.jpg', 'medium': 'https://randomuser.me/api/portraits/med/men/12.jpg', 'thumbnail': 'https://randomuser.me/api/portraits/thumb/men/12.jpg'}, 'nat': 'IR'}</msg>
<arg>${json_data['results'][0]}</arg>
<doc>Logs the given message with the given level.</doc>
<status status="PASS" start="2024-04-11T08:17:56.913087" elapsed="0.000729"/>
</kw>
<kw name="Log" owner="BuiltIn">
<msg time="2024-04-11T08:17:56.914504" level="INFO">gender</msg>
<arg>${key}</arg>
<doc>Logs the given message with the given level.</doc>
<status status="PASS" start="2024-04-11T08:17:56.914309" elapsed="0.000260"/>
</kw>
<var name="${key}">gender</var>
<status status="PASS" start="2024-04-11T08:17:56.911716" elapsed="0.003205"/>
</iter>
<iter>
<kw name="Dictionary Should Contain Key" owner="Collections">
<msg time="2024-04-11T08:17:56.916037" level="INFO">False</msg>
<arg>${json_data['results'][0]}</arg>
<arg>${key}</arg>
<doc>Fails if ``key`` is not found from ``dictionary``.</doc>
<status status="PASS" start="2024-04-11T08:17:56.915397" elapsed="0.000706"/>
</kw>
<kw name="Log" owner="BuiltIn">
<msg time="2024-04-11T08:17:56.917260" level="INFO">{'gender': 'male', 'name': {'title': 'Mr', 'first': 'ایلیا', 'last': 'صدر'}, 'location': {'street': {'number': 9158, 'name': 'دماوند'}, 'city': 'خرم\u200cآباد', 'state': 'کرمان', 'country': 'Iran', 'postcode': 15856, 'coordinates': {'latitude': '17.3835', 'longitude': '-158.3148'}, 'timezone': {'offset': '-4:00', 'description': 'Atlantic Time (Canada), Caracas, La Paz'}}, 'email': 'yly.sdr@example.com', 'login': {'uuid': '364e45d1-2618-43a9-832f-7f9258691cee', 'username': 'blackwolf504', 'password': 'caster', 'salt': 'jyfFoMMq', 'md5': 'b867d93e295dedec796c2b2d7a333e69', 'sha1': '365d36364023608fbae8c2c0a030d307814bd107', 'sha256': '3a3d0dd5ac0dd7be4c463ecbbfb4182bdeabd87b3f74fc9dbbf0e5affe79d42e'}, 'dob': {'date': '1999-03-08T19:09:45.238Z', 'age': 25}, 'registered': {'date': '2013-10-14T10:18:26.666Z', 'age': 10}, 'phone': '035-46189890', 'cell': '0997-183-6948', 'id': {'name': '', 'value': None}, 'picture': {'large': 'https://randomuser.me/api/portraits/men/12.jpg', 'medium': 'https://randomuser.me/api/portraits/med/men/12.jpg', 'thumbnail': 'https://randomuser.me/api/portraits/thumb/men/12.jpg'}, 'nat': 'IR'}</msg>
<arg>${json_data['results'][0]}</arg>
<doc>Logs the given message with the given level.</doc>
<status status="PASS" start="2024-04-11T08:17:56.916643" elapsed="0.000709"/>
</kw>
<kw name="Log" owner="BuiltIn">
<msg time="2024-04-11T08:17:56.918090" level="INFO">name</msg>
<arg>${key}</arg>
<doc>Logs the given message with the given level.</doc>
<status status="PASS" start="2024-04-11T08:17:56.917875" elapsed="0.000284"/>
</kw>
<var name="${key}">name</var>
<status status="PASS" start="2024-04-11T08:17:56.915221" elapsed="0.003296"/>
</iter>
<iter>
<kw name="Dictionary Should Contain Key" owner="Collections">
<msg time="2024-04-11T08:17:56.919566" level="INFO">False</msg>
<arg>${json_data['results'][0]}</arg>
<arg>${key}</arg>
<doc>Fails if ``key`` is not found from ``dictionary``.</doc>
<status status="PASS" start="2024-04-11T08:17:56.918979" elapsed="0.000646"/>
</kw>
<kw name="Log" owner="BuiltIn">
<msg time="2024-04-11T08:17:56.920628" level="INFO">{'gender': 'male', 'name': {'title': 'Mr', 'first': 'ایلیا', 'last': 'صدر'}, 'location': {'street': {'number': 9158, 'name': 'دماوند'}, 'city': 'خرم\u200cآباد', 'state': 'کرمان', 'country': 'Iran', 'postcode': 15856, 'coordinates': {'latitude': '17.3835', 'longitude': '-158.3148'}, 'timezone': {'offset': '-4:00', 'description': 'Atlantic Time (Canada), Caracas, La Paz'}}, 'email': 'yly.sdr@example.com', 'login': {'uuid': '364e45d1-2618-43a9-832f-7f9258691cee', 'username': 'blackwolf504', 'password': 'caster', 'salt': 'jyfFoMMq', 'md5': 'b867d93e295dedec796c2b2d7a333e69', 'sha1': '365d36364023608fbae8c2c0a030d307814bd107', 'sha256': '3a3d0dd5ac0dd7be4c463ecbbfb4182bdeabd87b3f74fc9dbbf0e5affe79d42e'}, 'dob': {'date': '1999-03-08T19:09:45.238Z', 'age': 25}, 'registered': {'date': '2013-10-14T10:18:26.666Z', 'age': 10}, 'phone': '035-46189890', 'cell': '0997-183-6948', 'id': {'name': '', 'value': None}, 'picture': {'large': 'https://randomuser.me/api/portraits/men/12.jpg', 'medium': 'https://randomuser.me/api/portraits/med/men/12.jpg', 'thumbnail': 'https://randomuser.me/api/portraits/thumb/men/12.jpg'}, 'nat': 'IR'}</msg>
<arg>${json_data['results'][0]}</arg>
<doc>Logs the given message with the given level.</doc>
<status status="PASS" start="2024-04-11T08:17:56.920061" elapsed="0.000649"/>
</kw>
<kw name="Log" owner="BuiltIn">
<msg time="2024-04-11T08:17:56.921333" level="INFO">location</msg>
<arg>${key}</arg>
<doc>Logs the given message with the given level.</doc>
<status status="PASS" start="2024-04-11T08:17:56.921147" elapsed="0.000246"/>
</kw>
<var name="${key}">location</var>
<status status="PASS" start="2024-04-11T08:17:56.918806" elapsed="0.002907"/>
</iter>
<iter>
<kw name="Dictionary Should Contain Key" owner="Collections">
<msg time="2024-04-11T08:17:56.922858" level="INFO">False</msg>
<arg>${json_data['results'][0]}</arg>
<arg>${key}</arg>
<doc>Fails if ``key`` is not found from ``dictionary``.</doc>
<status status="PASS" start="2024-04-11T08:17:56.922236" elapsed="0.000688"/>
</kw>
<kw name="Log" owner="BuiltIn">
<msg time="2024-04-11T08:17:56.923978" level="INFO">{'gender': 'male', 'name': {'title': 'Mr', 'first': 'ایلیا', 'last': 'صدر'}, 'location': {'street': {'number': 9158, 'name': 'دماوند'}, 'city': 'خرم\u200cآباد', 'state': 'کرمان', 'country': 'Iran', 'postcode': 15856, 'coordinates': {'latitude': '17.3835', 'longitude': '-158.3148'}, 'timezone': {'offset': '-4:00', 'description': 'Atlantic Time (Canada), Caracas, La Paz'}}, 'email': 'yly.sdr@example.com', 'login': {'uuid': '364e45d1-2618-43a9-832f-7f9258691cee', 'username': 'blackwolf504', 'password': 'caster', 'salt': 'jyfFoMMq', 'md5': 'b867d93e295dedec796c2b2d7a333e69', 'sha1': '365d36364023608fbae8c2c0a030d307814bd107', 'sha256': '3a3d0dd5ac0dd7be4c463ecbbfb4182bdeabd87b3f74fc9dbbf0e5affe79d42e'}, 'dob': {'date': '1999-03-08T19:09:45.238Z', 'age': 25}, 'registered': {'date': '2013-10-14T10:18:26.666Z', 'age': 10}, 'phone': '035-46189890', 'cell': '0997-183-6948', 'id': {'name': '', 'value': None}, 'picture': {'large': 'https://randomuser.me/api/portraits/men/12.jpg', 'medium': 'https://randomuser.me/api/portraits/med/men/12.jpg', 'thumbnail': 'https://randomuser.me/api/portraits/thumb/men/12.jpg'}, 'nat': 'IR'}</msg>
<arg>${json_data['results'][0]}</arg>
<doc>Logs the given message with the given level.</doc>
<status status="PASS" start="2024-04-11T08:17:56.923378" elapsed="0.000691"/>
</kw>
<kw name="Log" owner="BuiltIn">
<msg time="2024-04-11T08:17:56.924757" level="INFO">email</msg>
<arg>${key}</arg>
<doc>Logs the given message with the given level.</doc>
<status status="PASS" start="2024-04-11T08:17:56.924564" elapsed="0.000251"/>
</kw>
<var name="${key}">email</var>
<status status="PASS" start="2024-04-11T08:17:56.922042" elapsed="0.003089"/>
</iter>
<iter>
<kw name="Dictionary Should Contain Key" owner="Collections">
<msg time="2024-04-11T08:17:56.926201" level="INFO">False</msg>
<arg>${json_data['results'][0]}</arg>
<arg>${key}</arg>
<doc>Fails if ``key`` is not found from ``dictionary``.</doc>
<status status="PASS" start="2024-04-11T08:17:56.925563" elapsed="0.000680"/>
</kw>
<kw name="Log" owner="BuiltIn">
<msg time="2024-04-11T08:17:56.926942" level="INFO">{'gender': 'male', 'name': {'title': 'Mr', 'first': 'ایلیا', 'last': 'صدر'}, 'location': {'street': {'number': 9158, 'name': 'دماوند'}, 'city': 'خرم\u200cآباد', 'state': 'کرمان', 'country': 'Iran', 'postcode': 15856, 'coordinates': {'latitude': '17.3835', 'longitude': '-158.3148'}, 'timezone': {'offset': '-4:00', 'description': 'Atlantic Time (Canada), Caracas, La Paz'}}, 'email': 'yly.sdr@example.com', 'login': {'uuid': '364e45d1-2618-43a9-832f-7f9258691cee', 'username': 'blackwolf504', 'password': 'caster', 'salt': 'jyfFoMMq', 'md5': 'b867d93e295dedec796c2b2d7a333e69', 'sha1': '365d36364023608fbae8c2c0a030d307814bd107', 'sha256': '3a3d0dd5ac0dd7be4c463ecbbfb4182bdeabd87b3f74fc9dbbf0e5affe79d42e'}, 'dob': {'date': '1999-03-08T19:09:45.238Z', 'age': 25}, 'registered': {'date': '2013-10-14T10:18:26.666Z', 'age': 10}, 'phone': '035-46189890', 'cell': '0997-183-6948', 'id': {'name': '', 'value': None}, 'picture': {'large': 'https://randomuser.me/api/portraits/men/12.jpg', 'medium': 'https://randomuser.me/api/portraits/med/men/12.jpg', 'thumbnail': 'https://randomuser.me/api/portraits/thumb/men/12.jpg'}, 'nat': 'IR'}</msg>
<arg>${json_data['results'][0]}</arg>
<doc>Logs the given message with the given level.</doc>
<status status="PASS" start="2024-04-11T08:17:56.926559" elapsed="0.000436"/>
</kw>
<kw name="Log" owner="BuiltIn">
<msg time="2024-04-11T08:17:56.927443" level="INFO">login</msg>
<arg>${key}</arg>
<doc>Logs the given message with the given level.</doc>
<status status="PASS" start="2024-04-11T08:17:56.927308" elapsed="0.000174"/>
</kw>
<var name="${key}">login</var>
<status status="PASS" start="2024-04-11T08:17:56.925393" elapsed="0.002332"/>
</iter>
<var>${key}</var>
<value>@{expected_keys}</value>
<status status="PASS" start="2024-04-11T08:17:56.911449" elapsed="0.016405"/>
</for>
<kw name="Create List" owner="BuiltIn">
<msg time="2024-04-11T08:17:56.928192" level="INFO">${expected_keysTwo} = ['username', 'password']</msg>
<var>${expected_keysTwo}</var>
<arg>username</arg>
<arg>password</arg>
<doc>Returns a list containing given items.</doc>
<status status="PASS" start="2024-04-11T08:17:56.928050" elapsed="0.000166"/>
</kw>
<for flavor="IN">
<iter>
<kw name="Dictionary Should Contain Key" owner="Collections">
<msg time="2024-04-11T08:17:56.929247" level="INFO">False</msg>
<arg>${json_data['results'][0]['login']}</arg>
<arg>${keyTwo}</arg>
<doc>Fails if ``key`` is not found from ``dictionary``.</doc>
<status status="PASS" start="2024-04-11T08:17:56.928859" elapsed="0.000427"/>
</kw>
<kw name="Dictionary Should Contain Key" owner="Collections">
<msg time="2024-04-11T08:17:56.930009" level="INFO">False</msg>
<arg>${json_data['results'][0]['login']}</arg>
<arg>${keyTwo}</arg>
<doc>Fails if ``key`` is not found from ``dictionary``.</doc>
<status status="PASS" start="2024-04-11T08:17:56.929587" elapsed="0.000459"/>
</kw>
<kw name="Log" owner="BuiltIn">
<msg time="2024-04-11T08:17:56.930473" level="INFO">username</msg>
<arg>${keyTwo}</arg>
<doc>Logs the given message with the given level.</doc>
<status status="PASS" start="2024-04-11T08:17:56.930344" elapsed="0.000166"/>
</kw>
<var name="${keyTwo}">username</var>
<status status="PASS" start="2024-04-11T08:17:56.928737" elapsed="0.001989"/>
</iter>
<iter>
<kw name="Dictionary Should Contain Key" owner="Collections">
<msg time="2024-04-11T08:17:56.931425" level="INFO">False</msg>
<arg>${json_data['results'][0]['login']}</arg>
<arg>${keyTwo}</arg>
<doc>Fails if ``key`` is not found from ``dictionary``.</doc>
<status status="PASS" start="2024-04-11T08:17:56.931033" elapsed="0.000429"/>
</kw>
<kw name="Dictionary Should Contain Key" owner="Collections">
<msg time="2024-04-11T08:17:56.932136" level="INFO">False</msg>
<arg>${json_data['results'][0]['login']}</arg>
<arg>${keyTwo}</arg>
<doc>Fails if ``key`` is not found from ``dictionary``.</doc>
<status status="PASS" start="2024-04-11T08:17:56.931757" elapsed="0.000415"/>
</kw>
<kw name="Log" owner="BuiltIn">
<msg time="2024-04-11T08:17:56.932593" level="INFO">password</msg>
<arg>${keyTwo}</arg>
<doc>Logs the given message with the given level.</doc>
<status status="PASS" start="2024-04-11T08:17:56.932466" elapsed="0.000165"/>
</kw>
<var name="${keyTwo}">password</var>
<status status="PASS" start="2024-04-11T08:17:56.930919" elapsed="0.001926"/>
</iter>
<var>${keyTwo}</var>
<value>@{expected_keysTwo}</value>
<status status="PASS" start="2024-04-11T08:17:56.928457" elapsed="0.004509"/>
</for>
<status status="PASS" start="2024-04-11T08:17:56.818295" elapsed="0.114813"/>
</kw>
<doc>Testa a estrutura da resposta da API.</doc>
<tag>testeEstruturaResposta</tag>
<status status="PASS" start="2024-04-11T08:17:56.817592" elapsed="0.115678"/>
</test>
<test id="s1-s1-t4" name="Validar tipos de dados" line="28">
<kw name="Teste de Tipos de Dados" owner="random-user-service">
<kw name="GET On Session" owner="RequestsLibrary">
<msg time="2024-04-11T08:17:57.020788" level="INFO">GET Request : url=https://randomuser.me/api 
 path_url=/api 
 headers={'User-Agent': 'python-requests/2.31.0', 'Accept-Encoding': 'gzip, deflate', 'Accept': '*/*', 'Connection': 'keep-alive'} 
 body=None 
 </msg>
<msg time="2024-04-11T08:17:57.020889" level="INFO">GET Response : url=https://randomuser.me/api 
 status=200, reason=OK 
 headers={'Date': 'Thu, 11 Apr 2024 08:17:57 GMT', 'Content-Type': 'application/json; charset=utf-8', 'Transfer-Encoding': 'chunked', 'Connection': 'keep-alive', 'X-Powered-By': 'Express', 'Access-Control-Allow-Origin': '*', 'Cache-Control': 'no-cache', 'ETag': 'W/"487-n5Q1kPL3l9UXhkC33SzkAWhw2tU"', 'Vary': 'Accept-Encoding', 'Content-Encoding': 'gzip', 'CF-Cache-Status': 'DYNAMIC', 'Report-To': '{"endpoints":[{"url":"https:\\/\\/a.nel.cloudflare.com\\/report\\/v4?s=gD21oeIjZSQLErwq%2BOUSnx5mwH1p1l0UyQ15AtuApffxPYdGywbwjBHOkhoxtgov9L1LXBVhJz4y%2F6SXEObf2fqGjEbkT2Iw6WWdpc8XG5%2FhuIxvtxyW4gRFPc0180qH"}],"group":"cf-nel","max_age":604800}', 'NEL': '{"success_fraction":0,"report_to":"cf-nel","max_age":604800}', 'Server': 'cloudflare', 'CF-RAY': '87298b0adfbd942c-SJC', 'alt-svc': 'h3=":443"; ma=86400'} 
 body={"results":[{"gender":"male","name":{"title":"Mr","first":"Clemente","last":"Páez"},"location":{"street":{"number":5222,"name":"Continuación Franco"},"city":"Palomar","state":"Ciudad de Mexico","country":"Mexico","postcode":77664,"coordinates":{"latitude":"22.0064","longitude":"-129.8904"},"timezone":{"offset":"-2:00","description":"Mid-Atlantic"}},"email":"clemente.paez@example.com","login":{"uuid":"2a68793c-9632-4b51-86a2-6ec0d005a1b3","username":"purplecat489","password":"harald","salt":"LxojSwfF","md5":"8f9026f19923fa3e9c36f55c9b5b6999","sha1":"43a2173b13664b1cf0f8dae92f0490b709708409","sha256":"5b26fc0ee2cc5c9657a08124d3ff34bc94033077f6548f42761f76bc542306d8"},"dob":{"date":"1997-04-03T19:14:19.686Z","age":27},"registered":{"date":"2018-06-05T07:10:05.682Z","age":5},"phone":"(680) 036 0611","cell":"(652) 033 9234","id":{"name":"NSS","value":"04 64 17 2490 0"},"picture":{"large":"https://randomuser.me/api/portraits/men/4.jpg","medium":"https://randomuser.me/api/portraits/med/men/4.jpg","thumbnail":"https://randomuser.me/api/portraits/thumb/men/4.jpg"},"nat":"MX"}],"info":{"seed":"5c26b75cacf89265","results":1,"page":1,"version":"1.4"}} 
 </msg>
<msg time="2024-04-11T08:17:57.020964" level="INFO">/opt/hostedtoolcache/Python/3.12.2/x64/lib/python3.12/site-packages/urllib3/connectionpool.py:1103: InsecureRequestWarning: Unverified HTTPS request is being made to host 'randomuser.me'. Adding certificate verification is strongly advised. See: https://urllib3.readthedocs.io/en/latest/advanced-usage.html#tls-warnings
  warnings.warn(</msg>
<msg time="2024-04-11T08:17:57.021091" level="INFO">${response} = &lt;Response [200]&gt;</msg>
<var>${response}</var>
<arg>consultarAPI</arg>
<arg>/api</arg>
<doc>Sends a GET request on a previously created HTTP Session.</doc>
<status status="PASS" start="2024-04-11T08:17:56.935778" elapsed="0.085356"/>
</kw>
<kw name="Set Variable" owner="BuiltIn">
<msg time="2024-04-11T08:17:57.022458" level="INFO">${json_data} = {'results': [{'gender': 'male', 'name': {'title': 'Mr', 'first': 'Clemente', 'last': 'Páez'}, 'location': {'street': {'number': 5222, 'name': 'Continuación Franco'}, 'city': 'Palomar', 'state': 'Ciuda...</msg>
<var>${json_data}</var>
<arg>${response.json()}</arg>
<doc>Returns the given values which can then be assigned to a variables.</doc>
<status status="PASS" start="2024-04-11T08:17:57.021834" elapsed="0.000655"/>
</kw>
<kw name="Log" owner="BuiltIn">
<msg time="2024-04-11T08:17:57.023052" level="INFO">{'results': [{'gender': 'male', 'name': {'title': 'Mr', 'first': 'Clemente', 'last': 'Páez'}, 'location': {'street': {'number': 5222, 'name': 'Continuación Franco'}, 'city': 'Palomar', 'state': 'Ciudad de Mexico', 'country': 'Mexico', 'postcode': 77664, 'coordinates': {'latitude': '22.0064', 'longitude': '-129.8904'}, 'timezone': {'offset': '-2:00', 'description': 'Mid-Atlantic'}}, 'email': 'clemente.paez@example.com', 'login': {'uuid': '2a68793c-9632-4b51-86a2-6ec0d005a1b3', 'username': 'purplecat489', 'password': 'harald', 'salt': 'LxojSwfF', 'md5': '8f9026f19923fa3e9c36f55c9b5b6999', 'sha1': '43a2173b13664b1cf0f8dae92f0490b709708409', 'sha256': '5b26fc0ee2cc5c9657a08124d3ff34bc94033077f6548f42761f76bc542306d8'}, 'dob': {'date': '1997-04-03T19:14:19.686Z', 'age': 27}, 'registered': {'date': '2018-06-05T07:10:05.682Z', 'age': 5}, 'phone': '(680) 036 0611', 'cell': '(652) 033 9234', 'id': {'name': 'NSS', 'value': '04 64 17 2490 0'}, 'picture': {'large': 'https://randomuser.me/api/portraits/men/4.jpg', 'medium': 'https://randomuser.me/api/portraits/med/men/4.jpg', 'thumbnail': 'https://randomuser.me/api/portraits/thumb/men/4.jpg'}, 'nat': 'MX'}], 'info': {'seed': '5c26b75cacf89265', 'results': 1, 'page': 1, 'version': '1.4'}}</msg>
<arg>${json_data}</arg>
<doc>Logs the given message with the given level.</doc>
<status status="PASS" start="2024-04-11T08:17:57.022862" elapsed="0.000281"/>
</kw>
<kw name="Should Be String" owner="String">
<arg>${json_data['results'][0]['gender']}</arg>
<doc>Fails if the given ``item`` is not a string.</doc>
<status status="PASS" start="2024-04-11T08:17:57.023472" elapsed="0.000388"/>
</kw>
<kw name="Should Match Regexp" owner="BuiltIn">
<arg>${json_data['results'][0]['email']}</arg>
<arg>^[a-zA-Z0-9._%+-]+@[a-zA-Z0-9.-]+\.[a-zA-Z]{2,}$</arg>
<doc>Fails if ``string`` does not match ``pattern`` as a regular expression.</doc>
<status status="PASS" start="2024-04-11T08:17:57.024060" elapsed="0.000539"/>
</kw>
<kw name="Should Match Regexp" owner="BuiltIn">
<arg>${json_data['results'][0]['dob']['date']}</arg>
<arg>\\d{4}-\\d{2}-\\d{2}T\\d{2}:\\d{2}:\\d{2}\\.\\d{3}Z</arg>
<doc>Fails if ``string`` does not match ``pattern`` as a regular expression.</doc>
<status status="PASS" start="2024-04-11T08:17:57.024803" elapsed="0.000494"/>
</kw>
<kw name="Should Match Regexp" owner="BuiltIn">
<arg>${json_data['results'][0]['registered']['date']}</arg>
<arg>\\d{4}-\\d{2}-\\d{2}T\\d{2}:\\d{2}:\\d{2}\\.\\d{3}Z</arg>
<doc>Fails if ``string`` does not match ``pattern`` as a regular expression.</doc>
<status status="PASS" start="2024-04-11T08:17:57.025499" elapsed="0.000421"/>
</kw>
<kw name="Should Match Regexp" owner="BuiltIn">
<arg>${json_data['results'][0]['picture']['large']}</arg>
<arg>^https?://.*\.(?:png|jpe?g|gif|bmp)$</arg>
<doc>Fails if ``string`` does not match ``pattern`` as a regular expression.</doc>
<status status="PASS" start="2024-04-11T08:17:57.026114" elapsed="0.000475"/>
</kw>
<kw name="Should Match Regexp" owner="BuiltIn">
<arg>${json_data['results'][0]['picture']['medium']}</arg>
<arg>^https?://.*\.(?:png|jpe?g|gif|bmp)$</arg>
<doc>Fails if ``string`` does not match ``pattern`` as a regular expression.</doc>
<status status="PASS" start="2024-04-11T08:17:57.026781" elapsed="0.000363"/>
</kw>
<kw name="Should Match Regexp" owner="BuiltIn">
<arg>${json_data['results'][0]['picture']['thumbnail']}</arg>
<arg>^https?://.*\.(?:png|jpe?g|gif|bmp)$</arg>
<doc>Fails if ``string`` does not match ``pattern`` as a regular expression.</doc>
<status status="PASS" start="2024-04-11T08:17:57.027329" elapsed="0.000358"/>
</kw>
<kw name="Log" owner="BuiltIn">
<msg time="2024-04-11T08:17:57.028195" level="INFO">{'large': 'https://randomuser.me/api/portraits/men/4.jpg', 'medium': 'https://randomuser.me/api/portraits/med/men/4.jpg', 'thumbnail': 'https://randomuser.me/api/portraits/thumb/men/4.jpg'}</msg>
<arg>${json_data['results'][0]['picture']}</arg>
<doc>Logs the given message with the given level.</doc>
<status status="PASS" start="2024-04-11T08:17:57.027868" elapsed="0.000370"/>
</kw>
<status status="PASS" start="2024-04-11T08:17:56.935540" elapsed="0.092965"/>
</kw>
<kw name="Teste de Tipos de Dados - Postcode" owner="random-user-service">
<kw name="GET On Session" owner="RequestsLibrary">
<msg time="2024-04-11T08:17:57.390617" level="INFO">GET Request : url=https://randomuser.me/api 
 path_url=/api 
 headers={'User-Agent': 'python-requests/2.31.0', 'Accept-Encoding': 'gzip, deflate', 'Accept': '*/*', 'Connection': 'keep-alive'} 
 body=None 
 </msg>
<msg time="2024-04-11T08:17:57.390725" level="INFO">GET Response : url=https://randomuser.me/api 
 status=200, reason=OK 
 headers={'Date': 'Thu, 11 Apr 2024 08:17:57 GMT', 'Content-Type': 'application/json; charset=utf-8', 'Transfer-Encoding': 'chunked', 'Connection': 'keep-alive', 'X-Powered-By': 'Express', 'Access-Control-Allow-Origin': '*', 'Cache-Control': 'no-cache', 'ETag': 'W/"492-S2+aFrTfoOL9oJIUiZWvSv36uMg"', 'Vary': 'Accept-Encoding', 'Content-Encoding': 'gzip', 'CF-Cache-Status': 'DYNAMIC', 'Report-To': '{"endpoints":[{"url":"https:\\/\\/a.nel.cloudflare.com\\/report\\/v4?s=NONNZEBGwtEQCqMis24lX2GuDlAx%2BPNDIrKjlXZcFjqxZ3GDaNe4eekcyBTf7rjDaIQnMzuCpBp8ZG7B8LMPxAyWpAwtccjwO8gSgxGKVXaE0hH1D2er9X4H6my4FKYm"}],"group":"cf-nel","max_age":604800}', 'NEL': '{"success_fraction":0,"report_to":"cf-nel","max_age":604800}', 'Server': 'cloudflare', 'CF-RAY': '87298b0b780f942c-SJC', 'alt-svc': 'h3=":443"; ma=86400'} 
 body={"results":[{"gender":"female","name":{"title":"Ms","first":"Centa","last":"Rothe"},"location":{"street":{"number":9830,"name":"Mittelweg"},"city":"Friedland","state":"Niedersachsen","country":"Germany","postcode":42574,"coordinates":{"latitude":"-51.2658","longitude":"9.5850"},"timezone":{"offset":"-3:00","description":"Brazil, Buenos Aires, Georgetown"}},"email":"centa.rothe@example.com","login":{"uuid":"2bc5fa48-5a39-4800-8440-99caeacb74a3","username":"angrymeercat613","password":"deer","salt":"NlLFcdVp","md5":"bd9c9a15ccb7d41d4cd5aad6864c3c9e","sha1":"6bbad0d6fd352edbc17362b56c2baec52d407fbf","sha256":"f5cdd5d9ed401e07584d1cd0759b1fcce55c5338319a030b39a6df9aae2c1985"},"dob":{"date":"1988-09-24T05:21:08.971Z","age":35},"registered":{"date":"2015-09-18T19:40:27.199Z","age":8},"phone":"0677-4262698","cell":"0176-7868582","id":{"name":"SVNR","value":"47 240988 R 681"},"picture":{"large":"https://randomuser.me/api/portraits/women/89.jpg","medium":"https://randomuser.me/api/portraits/med/women/89.jpg","thumbnail":"https://randomuser.me/api/portraits/thumb/women/89.jpg"},"nat":"DE"}],"info":{"seed":"de3e76972084fcb3","results":1,"page":1,"version":"1.4"}} 
 </msg>
<msg time="2024-04-11T08:17:57.390825" level="INFO">/opt/hostedtoolcache/Python/3.12.2/x64/lib/python3.12/site-packages/urllib3/connectionpool.py:1103: InsecureRequestWarning: Unverified HTTPS request is being made to host 'randomuser.me'. Adding certificate verification is strongly advised. See: https://urllib3.readthedocs.io/en/latest/advanced-usage.html#tls-warnings
  warnings.warn(</msg>
<msg time="2024-04-11T08:17:57.390973" level="INFO">${response} = &lt;Response [200]&gt;</msg>
<var>${response}</var>
<arg>consultarAPI</arg>
<arg>/api</arg>
<doc>Sends a GET request on a previously created HTTP Session.</doc>
<status status="PASS" start="2024-04-11T08:17:57.029003" elapsed="0.362018"/>
</kw>
<kw name="Set Variable" owner="BuiltIn">
<msg time="2024-04-11T08:17:57.392245" level="INFO">${json_data} = {'results': [{'gender': 'female', 'name': {'title': 'Ms', 'first': 'Centa', 'last': 'Rothe'}, 'location': {'street': {'number': 9830, 'name': 'Mittelweg'}, 'city': 'Friedland', 'state': 'Niedersachsen...</msg>
<var>${json_data}</var>
<arg>${response.json()}</arg>
<doc>Returns the given values which can then be assigned to a variables.</doc>
<status status="PASS" start="2024-04-11T08:17:57.391703" elapsed="0.000570"/>
</kw>
<kw name="Log" owner="BuiltIn">
<msg time="2024-04-11T08:17:57.392736" level="INFO">{'results': [{'gender': 'female', 'name': {'title': 'Ms', 'first': 'Centa', 'last': 'Rothe'}, 'location': {'street': {'number': 9830, 'name': 'Mittelweg'}, 'city': 'Friedland', 'state': 'Niedersachsen', 'country': 'Germany', 'postcode': 42574, 'coordinates': {'latitude': '-51.2658', 'longitude': '9.5850'}, 'timezone': {'offset': '-3:00', 'description': 'Brazil, Buenos Aires, Georgetown'}}, 'email': 'centa.rothe@example.com', 'login': {'uuid': '2bc5fa48-5a39-4800-8440-99caeacb74a3', 'username': 'angrymeercat613', 'password': 'deer', 'salt': 'NlLFcdVp', 'md5': 'bd9c9a15ccb7d41d4cd5aad6864c3c9e', 'sha1': '6bbad0d6fd352edbc17362b56c2baec52d407fbf', 'sha256': 'f5cdd5d9ed401e07584d1cd0759b1fcce55c5338319a030b39a6df9aae2c1985'}, 'dob': {'date': '1988-09-24T05:21:08.971Z', 'age': 35}, 'registered': {'date': '2015-09-18T19:40:27.199Z', 'age': 8}, 'phone': '0677-4262698', 'cell': '0176-7868582', 'id': {'name': 'SVNR', 'value': '47 240988 R 681'}, 'picture': {'large': 'https://randomuser.me/api/portraits/women/89.jpg', 'medium': 'https://randomuser.me/api/portraits/med/women/89.jpg', 'thumbnail': 'https://randomuser.me/api/portraits/thumb/women/89.jpg'}, 'nat': 'DE'}], 'info': {'seed': 'de3e76972084fcb3', 'results': 1, 'page': 1, 'version': '1.4'}}</msg>
<arg>${json_data}</arg>
<doc>Logs the given message with the given level.</doc>
<status status="PASS" start="2024-04-11T08:17:57.392580" elapsed="0.000235"/>
</kw>
<kw name="Should Be Equal As Numbers" owner="BuiltIn">
<arg>${json_data['results'][0]['location']['postcode']}</arg>
<arg>${json_data['results'][0]['location']['postcode']}</arg>
<doc>Fails if objects are unequal after converting them to real numbers.</doc>
<status status="PASS" start="2024-04-11T08:17:57.393117" elapsed="0.000640"/>
</kw>
<kw name="Log" owner="BuiltIn">
<msg time="2024-04-11T08:17:57.394297" level="INFO">42574</msg>
<arg>${json_data['results'][0]['location']['postcode']}</arg>
<doc>Logs the given message with the given level.</doc>
<status status="PASS" start="2024-04-11T08:17:57.393962" elapsed="0.000374"/>
</kw>
<status status="PASS" start="2024-04-11T08:17:57.028751" elapsed="0.365842"/>
</kw>
<doc>Testa se os tipos de dados na resposta da API estão corretos.</doc>
<tag>testeTiposDados</tag>
<status status="PASS" start="2024-04-11T08:17:56.935092" elapsed="0.459674"/>
</test>
<test id="s1-s1-t5" name="Validar conteudo" line="35">
<kw name="Teste de Tipos de Conteudo" owner="random-user-service">
<kw name="GET On Session" owner="RequestsLibrary">
<msg time="2024-04-11T08:17:57.484740" level="INFO">GET Request : url=https://randomuser.me/api 
 path_url=/api 
 headers={'User-Agent': 'python-requests/2.31.0', 'Accept-Encoding': 'gzip, deflate', 'Accept': '*/*', 'Connection': 'keep-alive'} 
 body=None 
 </msg>
<msg time="2024-04-11T08:17:57.484836" level="INFO">GET Response : url=https://randomuser.me/api 
 status=200, reason=OK 
 headers={'Date': 'Thu, 11 Apr 2024 08:17:57 GMT', 'Content-Type': 'application/json; charset=utf-8', 'Transfer-Encoding': 'chunked', 'Connection': 'keep-alive', 'X-Powered-By': 'Express', 'Access-Control-Allow-Origin': '*', 'Cache-Control': 'no-cache', 'ETag': 'W/"493-9yvOziVhZCJCeNHYVeChn21egAk"', 'Vary': 'Accept-Encoding', 'Content-Encoding': 'gzip', 'CF-Cache-Status': 'DYNAMIC', 'Report-To': '{"endpoints":[{"url":"https:\\/\\/a.nel.cloudflare.com\\/report\\/v4?s=vuEL5T5RlYVfR%2F6VwHhl5PQAOi%2F9RRjBs6XDZ6v8sKN4IxM2YVyrfHN4sv6oAgEGPNI3y97BVNsC72mUTCRlwOc2UTG%2BDUT0go4FWsgBVF%2FES06zehZOIA0N0LD%2FXaen"}],"group":"cf-nel","max_age":604800}', 'NEL': '{"success_fraction":0,"report_to":"cf-nel","max_age":604800}', 'Server': 'cloudflare', 'CF-RAY': '87298b0dc908942c-SJC', 'alt-svc': 'h3=":443"; ma=86400'} 
 body={"results":[{"gender":"male","name":{"title":"Mr","first":"Leevi","last":"Maki"},"location":{"street":{"number":5600,"name":"Mechelininkatu"},"city":"Puolanka","state":"Uusimaa","country":"Finland","postcode":28416,"coordinates":{"latitude":"-25.9373","longitude":"-71.6729"},"timezone":{"offset":"+5:00","description":"Ekaterinburg, Islamabad, Karachi, Tashkent"}},"email":"leevi.maki@example.com","login":{"uuid":"78b86af3-948b-48e1-a560-4324294def2f","username":"happybird340","password":"fields","salt":"MpGTF4fA","md5":"3313e4e210b378e4c657e7db79f73b60","sha1":"2f77ee69e6ba3017940102629e774d2cb5674ee5","sha256":"4ea1ffd85c8a37855065b79f31291434c1131dcbdcbc108297d39c5f7b8cfdd6"},"dob":{"date":"1957-10-09T02:45:25.506Z","age":66},"registered":{"date":"2005-09-25T22:13:40.137Z","age":18},"phone":"03-528-991","cell":"049-596-95-69","id":{"name":"HETU","value":"NaNNA695undefined"},"picture":{"large":"https://randomuser.me/api/portraits/men/30.jpg","medium":"https://randomuser.me/api/portraits/med/men/30.jpg","thumbnail":"https://randomuser.me/api/portraits/thumb/men/30.jpg"},"nat":"FI"}],"info":{"seed":"73f630027db1f4e8","results":1,"page":1,"version":"1.4"}} 
 </msg>
<msg time="2024-04-11T08:17:57.484912" level="INFO">/opt/hostedtoolcache/Python/3.12.2/x64/lib/python3.12/site-packages/urllib3/connectionpool.py:1103: InsecureRequestWarning: Unverified HTTPS request is being made to host 'randomuser.me'. Adding certificate verification is strongly advised. See: https://urllib3.readthedocs.io/en/latest/advanced-usage.html#tls-warnings
  warnings.warn(</msg>
<msg time="2024-04-11T08:17:57.485036" level="INFO">${response} = &lt;Response [200]&gt;</msg>
<var>${response}</var>
<arg>consultarAPI</arg>
<arg>/api</arg>
<doc>Sends a GET request on a previously created HTTP Session.</doc>
<status status="PASS" start="2024-04-11T08:17:57.397204" elapsed="0.087878"/>
</kw>
<kw name="Set Variable" owner="BuiltIn">
<msg time="2024-04-11T08:17:57.486068" level="INFO">${json_data} = {'results': [{'gender': 'male', 'name': {'title': 'Mr', 'first': 'Leevi', 'last': 'Maki'}, 'location': {'street': {'number': 5600, 'name': 'Mechelininkatu'}, 'city': 'Puolanka', 'state': 'Uusimaa', 'c...</msg>
<var>${json_data}</var>
<arg>${response.json()}</arg>
<doc>Returns the given values which can then be assigned to a variables.</doc>
<status status="PASS" start="2024-04-11T08:17:57.485543" elapsed="0.000553"/>
</kw>
<kw name="Set Variable" owner="BuiltIn">
<msg time="2024-04-11T08:17:57.486791" level="INFO">${name_title} = Mr</msg>
<var>${name_title}</var>
<arg>${json_data["results"][0]["name"]["title"]}</arg>
<doc>Returns the given values which can then be assigned to a variables.</doc>
<status status="PASS" start="2024-04-11T08:17:57.486401" elapsed="0.000414"/>
</kw>
<kw name="Create List" owner="BuiltIn">
<msg time="2024-04-11T08:17:57.487264" level="INFO">${allowed_titles} = ['Mr', 'Ms', 'Miss', 'Mrs', 'Madame', 'Monsieur']</msg>
<var>${allowed_titles}</var>
<arg>Mr</arg>
<arg>Ms</arg>
<arg>Miss</arg>
<arg>Mrs</arg>
<arg>Madame</arg>
<arg>Monsieur</arg>
<doc>Returns a list containing given items.</doc>
<status status="PASS" start="2024-04-11T08:17:57.487113" elapsed="0.000175"/>
</kw>
<kw name="List Should Contain Value" owner="Collections">
<msg time="2024-04-11T08:17:57.487763" level="INFO">False</msg>
<arg>${allowed_titles}</arg>
<arg>${name_title}</arg>
<doc>Fails if the ``value`` is not found from ``list``.</doc>
<status status="PASS" start="2024-04-11T08:17:57.487589" elapsed="0.000211"/>
</kw>
<kw name="Set Variable" owner="BuiltIn">
<msg time="2024-04-11T08:17:57.488471" level="INFO">${name_country} = FI</msg>
<var>${name_country}</var>
<arg>${json_data["results"][0]["nat"]}</arg>
<doc>Returns the given values which can then be assigned to a variables.</doc>
<status status="PASS" start="2024-04-11T08:17:57.488091" elapsed="0.000404"/>
</kw>
<kw name="Create List" owner="BuiltIn">
<msg time="2024-04-11T08:17:57.489387" level="INFO">${list_country} = ['AD', 'AE', 'AF', 'AG', 'AI', 'AL', 'AM', 'AO', 'AQ', 'AR', 'AS', 'AT', 'AU', 'AW', 'AX', 'AZ', 'BA', 'BB', 'BD', 'BE', 'BF', 'BG', 'BH', 'BI', 'BJ', 'BL', 'BM', 'BN', 'BO', 'BQ', 'BR', 'BS', 'BT', '...</msg>
<var>${list_country}</var>
<arg>AD</arg>
<arg>AE</arg>
<arg>AF</arg>
<arg>AG</arg>
<arg>AI</arg>
<arg>AL</arg>
<arg>AM</arg>
<arg>AO</arg>
<arg>AQ</arg>
<arg>AR</arg>
<arg>AS</arg>
<arg>AT</arg>
<arg>AU</arg>
<arg>AW</arg>
<arg>AX</arg>
<arg>AZ</arg>
<arg>BA</arg>
<arg>BB</arg>
<arg>BD</arg>
<arg>BE</arg>
<arg>BF</arg>
<arg>BG</arg>
<arg>BH</arg>
<arg>BI</arg>
<arg>BJ</arg>
<arg>BL</arg>
<arg>BM</arg>
<arg>BN</arg>
<arg>BO</arg>
<arg>BQ</arg>
<arg>BR</arg>
<arg>BS</arg>
<arg>BT</arg>
<arg>BV</arg>
<arg>BW</arg>
<arg>BY</arg>
<arg>BZ</arg>
<arg>CA</arg>
<arg>CC</arg>
<arg>CD</arg>
<arg>CF</arg>
<arg>CG</arg>
<arg>CH</arg>
<arg>CI</arg>
<arg>CK</arg>
<arg>CL</arg>
<arg>CM</arg>
<arg>CN</arg>
<arg>CO</arg>
<arg>CR</arg>
<arg>CU</arg>
<arg>CV</arg>
<arg>CW</arg>
<arg>CX</arg>
<arg>CY</arg>
<arg>CZ</arg>
<arg>DE</arg>
<arg>DJ</arg>
<arg>DK</arg>
<arg>DM</arg>
<arg>DO</arg>
<arg>DZ</arg>
<arg>EC</arg>
<arg>EE</arg>
<arg>EG</arg>
<arg>EH</arg>
<arg>ER</arg>
<arg>ES</arg>
<arg>ET</arg>
<arg>FI</arg>
<arg>FJ</arg>
<arg>FK</arg>
<arg>FM</arg>
<arg>FO</arg>
<arg>FR</arg>
<arg>GA</arg>
<arg>GB</arg>
<arg>GD</arg>
<arg>GE</arg>
<arg>GF</arg>
<arg>GG</arg>
<arg>GH</arg>
<arg>GI</arg>
<arg>GL</arg>
<arg>GM</arg>
<arg>GN</arg>
<arg>GP</arg>
<arg>GQ</arg>
<arg>GR</arg>
<arg>GS</arg>
<arg>GT</arg>
<arg>GU</arg>
<arg>GW</arg>
<arg>GY</arg>
<arg>HK</arg>
<arg>HM</arg>
<arg>HN</arg>
<arg>HR</arg>
<arg>HT</arg>
<arg>HU</arg>
<arg>ID</arg>
<arg>IE</arg>
<arg>IL</arg>
<arg>IM</arg>
<arg>IN</arg>
<arg>IO</arg>
<arg>IQ</arg>
<arg>IR</arg>
<arg>IS</arg>
<arg>IT</arg>
<arg>JE</arg>
<arg>JM</arg>
<arg>JO</arg>
<arg>JP</arg>
<arg>KE</arg>
<arg>KG</arg>
<arg>KH</arg>
<arg>KI</arg>
<arg>KM</arg>
<arg>KN</arg>
<arg>KP</arg>
<arg>KR</arg>
<arg>KW</arg>
<arg>KY</arg>
<arg>KZ</arg>
<arg>LA</arg>
<arg>LB</arg>
<arg>LC</arg>
<arg>LI</arg>
<arg>LK</arg>
<arg>LR</arg>
<arg>LS</arg>
<arg>LT</arg>
<arg>LU</arg>
<arg>LV</arg>
<arg>LY</arg>
<arg>MA</arg>
<arg>MC</arg>
<arg>MD</arg>
<arg>ME</arg>
<arg>MF</arg>
<arg>MG</arg>
<arg>MH</arg>
<arg>MK</arg>
<arg>ML</arg>
<arg>MM</arg>
<arg>MN</arg>
<arg>MO</arg>
<arg>MP</arg>
<arg>MQ</arg>
<arg>MR</arg>
<arg>MS</arg>
<arg>MT</arg>
<arg>MU</arg>
<arg>MV</arg>
<arg>MW</arg>
<arg>MX</arg>
<arg>MY</arg>
<arg>MZ</arg>
<arg>NA</arg>
<arg>NC</arg>
<arg>NE</arg>
<arg>NF</arg>
<arg>NG</arg>
<arg>NI</arg>
<arg>NL</arg>
<arg>NO</arg>
<arg>NP</arg>
<arg>NR</arg>
<arg>NU</arg>
<arg>NZ</arg>
<arg>OM</arg>
<arg>PA</arg>
<arg>PE</arg>
<arg>PF</arg>
<arg>PG</arg>
<arg>PH</arg>
<arg>PK</arg>
<arg>PL</arg>
<arg>PM</arg>
<arg>PN</arg>
<arg>PR</arg>
<arg>PS</arg>
<arg>PT</arg>
<arg>PW</arg>
<arg>PY</arg>
<arg>QA</arg>
<arg>RE</arg>
<arg>RO</arg>
<arg>RS</arg>
<arg>RU</arg>
<arg>RW</arg>
<arg>SA</arg>
<arg>SB</arg>
<arg>SC</arg>
<arg>SD</arg>
<arg>SE</arg>
<arg>SG</arg>
<arg>SH</arg>
<arg>SI</arg>
<arg>SJ</arg>
<arg>SK</arg>
<arg>SL</arg>
<arg>SM</arg>
<arg>SN</arg>
<arg>SO</arg>
<arg>SR</arg>
<arg>SS</arg>
<arg>ST</arg>
<arg>SV</arg>
<arg>SX</arg>
<arg>SY</arg>
<arg>SZ</arg>
<arg>TC</arg>
<arg>TD</arg>
<arg>TF</arg>
<arg>TG</arg>
<arg>TH</arg>
<arg>TJ</arg>
<arg>TK</arg>
<arg>TL</arg>
<arg>TM</arg>
<arg>TN</arg>
<arg>TO</arg>
<arg>TR</arg>
<arg>TT</arg>
<arg>TV</arg>
<arg>TW</arg>
<arg>TZ</arg>
<arg>UA</arg>
<arg>UG</arg>
<arg>UM</arg>
<arg>US</arg>
<arg>UY</arg>
<arg>UZ</arg>
<arg>VA</arg>
<arg>VC</arg>
<arg>VE</arg>
<arg>VG</arg>
<arg>VI</arg>
<arg>VN</arg>
<arg>VU</arg>
<arg>WF</arg>
<arg>WS</arg>
<arg>XK</arg>
<arg>YE</arg>
<arg>YT</arg>
<arg>ZA</arg>
<arg>ZM</arg>
<arg>ZW</arg>
<doc>Returns a list containing given items.</doc>
<status status="PASS" start="2024-04-11T08:17:57.488794" elapsed="0.000617"/>
</kw>
<kw name="List Should Contain Value" owner="Collections">
<msg time="2024-04-11T08:17:57.490422" level="INFO">False</msg>
<arg>${list_country}</arg>
<arg>${name_country}</arg>
<doc>Fails if the ``value`` is not found from ``list``.</doc>
<status status="PASS" start="2024-04-11T08:17:57.490219" elapsed="0.000239"/>
</kw>
<kw name="Run Keyword If" owner="BuiltIn">
<kw name="Should Be True" owner="BuiltIn">
<arg>${True}</arg>
<doc>Fails if the given condition is not true.</doc>
<status status="PASS" start="2024-04-11T08:17:57.491660" elapsed="0.000144"/>
</kw>
<arg>${json_data["results"][0]["location"]["coordinates"]["latitude"]} &gt;= -90 and ${json_data["results"][0]["location"]["coordinates"]["latitude"]} &lt;= 90</arg>
<arg>Should Be True</arg>
<arg>${True}</arg>
<doc>Runs the given keyword with the given arguments, if ``condition`` is true.</doc>
<status status="PASS" start="2024-04-11T08:17:57.490769" elapsed="0.001164"/>
</kw>
<kw name="Run Keyword If" owner="BuiltIn">
<kw name="Should Be True" owner="BuiltIn">
<arg>${True}</arg>
<doc>Fails if the given condition is not true.</doc>
<status status="PASS" start="2024-04-11T08:17:57.492823" elapsed="0.000137"/>
</kw>
<arg>${json_data["results"][0]["location"]["coordinates"]["longitude"]} &gt;= -180 and ${json_data["results"][0]["location"]["coordinates"]["longitude"]} &lt;= 180</arg>
<arg>Should Be True</arg>
<arg>${True}</arg>
<doc>Runs the given keyword with the given arguments, if ``condition`` is true.</doc>
<status status="PASS" start="2024-04-11T08:17:57.492119" elapsed="0.000964"/>
</kw>
<status status="PASS" start="2024-04-11T08:17:57.396973" elapsed="0.096240"/>
</kw>
<doc>Testa o conteúdo específico dos campos retornados pela API.</doc>
<tag>testeConteudo</tag>
<status status="PASS" start="2024-04-11T08:17:57.396522" elapsed="0.096843"/>
</test>
<status status="PASS" start="2024-04-11T08:17:56.375084" elapsed="1.120215"/>
</suite>
<status status="PASS" start="2024-04-11T08:17:56.361545" elapsed="1.139012"/>
</suite>
<statistics>
<total>
<stat pass="5" fail="0" skip="0">All Tests</stat>
</total>
<tag>
<stat pass="1" fail="0" skip="0">testeConteudo</stat>
<stat pass="1" fail="0" skip="0">testeEstruturaResposta</stat>
<stat pass="1" fail="0" skip="0">testeRequisicaoBasica</stat>
<stat pass="1" fail="0" skip="0">testeTiposDados</stat>
</tag>
<suite>
<stat pass="5" fail="0" skip="0" id="s1" name="Tests">Tests</stat>
<stat pass="5" fail="0" skip="0" id="s1-s1" name="Random-User-Test">Tests.Random-User-Test</stat>
</suite>
</statistics>
<errors>
</errors>
</robot>
