<?xml version="1.0" encoding="UTF-8"?>
<robot generator="Robot 7.0.1 (Python 3.12.4 on linux)" generated="2024-06-28T23:15:30.201281" rpa="false" schemaversion="5">
<suite id="s1" name="Tests" source="/home/runner/work/ApiRandomUser/ApiRandomUser/RamdonUser/tests">
<suite id="s1-s1" name="Random-User-Test" source="/home/runner/work/ApiRandomUser/ApiRandomUser/RamdonUser/tests/random-user-test.robot">
<test id="s1-s1-t1" name="Conectar" line="13">
<kw name="Conectar API" owner="random-user-service">
<kw name="Create Session" owner="RequestsLibrary">
<msg time="2024-06-28T23:15:30.600467" level="INFO">Creating Session using : alias=consultarAPI, url=https://randomuser.me/, headers={},                     cookies={}, auth=None, timeout=None, proxies=None, verify=False,                     debug=0 </msg>
<arg>consultarAPI</arg>
<arg>${URL}</arg>
<doc>Create Session: create a HTTP session to a server</doc>
<status status="PASS" start="2024-06-28T23:15:30.600262" elapsed="0.000397"/>
</kw>
<status status="PASS" start="2024-06-28T23:15:30.599272" elapsed="0.001784"/>
</kw>
<status status="PASS" start="2024-06-28T23:15:30.598652" elapsed="0.002614"/>
</test>
<test id="s1-s1-t2" name="Validar retorno 200 e JSON Válido" line="16">
<kw name="Teste de Requisicao Basica" owner="random-user-service">
<kw name="GET On Session" owner="RequestsLibrary">
<msg time="2024-06-28T23:15:30.782822" level="INFO">GET Request : url=https://randomuser.me/api 
 path_url=/api 
 headers={'User-Agent': 'python-requests/2.32.3', 'Accept-Encoding': 'gzip, deflate', 'Accept': '*/*', 'Connection': 'keep-alive'} 
 body=None 
 </msg>
<msg time="2024-06-28T23:15:30.782976" level="INFO">GET Response : url=https://randomuser.me/api 
 status=200, reason=OK 
 headers={'Date': 'Fri, 28 Jun 2024 23:15:30 GMT', 'Content-Type': 'application/json; charset=utf-8', 'Transfer-Encoding': 'chunked', 'Connection': 'keep-alive', 'X-Powered-By': 'Express', 'Access-Control-Allow-Origin': '*', 'Cache-Control': 'no-cache', 'ETag': 'W/"473-UqD/yg99SUSKRsBoQsR/+Fmh/Bs"', 'Vary': 'Accept-Encoding', 'Content-Encoding': 'gzip', 'CF-Cache-Status': 'DYNAMIC', 'Report-To': '{"endpoints":[{"url":"https:\\/\\/a.nel.cloudflare.com\\/report\\/v4?s=EtYjMkxYZRg0qe3V0kMPQbm3StUpMi24MYWAxW%2F1lxwwTPiICl8Vh%2BH5Q3QqvKUQ3i6f7wUUHjTjx93H2vzu1GeN680PoL%2BeVgXxI4VGx6vF6JTuXB8hjrWmK893VfUz"}],"group":"cf-nel","max_age":604800}', 'NEL': '{"success_fraction":0,"report_to":"cf-nel","max_age":604800}', 'Server': 'cloudflare', 'CF-RAY': '89b161152822394c-IAD', 'alt-svc': 'h3=":443"; ma=86400'} 
 body={"results":[{"gender":"male","name":{"title":"Mr","first":"Elzo","last":"Cox"},"location":{"street":{"number":1377,"name":"De Grip"},"city":"Wissenkerke","state":"Zeeland","country":"Netherlands","postcode":"1783 OW","coordinates":{"latitude":"36.9678","longitude":"-29.3851"},"timezone":{"offset":"-11:00","description":"Midway Island, Samoa"}},"email":"elzo.cox@example.com","login":{"uuid":"32025fed-7514-4020-a61d-d97529a14ae0","username":"bigsnake835","password":"high","salt":"Bvhpcja4","md5":"faba43a7e8b2ac40a5f389d55cf7fb9e","sha1":"969272630c131bebe53b0303a9c10b402756f687","sha256":"c20cc7260db24a1e4beba7af886343ad4334a46e8b4e1258b33ff58b63feade1"},"dob":{"date":"1977-02-14T04:50:41.134Z","age":47},"registered":{"date":"2011-08-23T20:26:37.183Z","age":12},"phone":"(0108) 574396","cell":"(06) 55594555","id":{"name":"BSN","value":"15429500"},"picture":{"large":"https://randomuser.me/api/portraits/men/36.jpg","medium":"https://randomuser.me/api/portraits/med/men/36.jpg","thumbnail":"https://randomuser.me/api/portraits/thumb/men/36.jpg"},"nat":"NL"}],"info":{"seed":"e9bb128804f42f99","results":1,"page":1,"version":"1.4"}} 
 </msg>
<msg time="2024-06-28T23:15:30.783062" level="INFO">/opt/hostedtoolcache/Python/3.12.4/x64/lib/python3.12/site-packages/urllib3/connectionpool.py:1099: InsecureRequestWarning: Unverified HTTPS request is being made to host 'randomuser.me'. Adding certificate verification is strongly advised. See: https://urllib3.readthedocs.io/en/latest/advanced-usage.html#tls-warnings
  warnings.warn(</msg>
<msg time="2024-06-28T23:15:30.783224" level="INFO">${response} = &lt;Response [200]&gt;</msg>
<var>${response}</var>
<arg>consultarAPI</arg>
<arg>/api</arg>
<doc>Sends a GET request on a previously created HTTP Session.</doc>
<status status="PASS" start="2024-06-28T23:15:30.603933" elapsed="0.179343"/>
</kw>
<kw name="Should Be Equal As Numbers" owner="BuiltIn">
<msg time="2024-06-28T23:15:30.784271" level="INFO">Argument types are:
&lt;class 'int'&gt;
&lt;class 'str'&gt;</msg>
<arg>${response.status_code}</arg>
<arg>200</arg>
<doc>Fails if objects are unequal after converting them to real numbers.</doc>
<status status="PASS" start="2024-06-28T23:15:30.783806" elapsed="0.000530"/>
</kw>
<kw name="Log" owner="BuiltIn">
<msg time="2024-06-28T23:15:30.785008" level="INFO">200</msg>
<arg>${response.status_code}</arg>
<doc>Logs the given message with the given level.</doc>
<status status="PASS" start="2024-06-28T23:15:30.784651" elapsed="0.000429"/>
</kw>
<kw name="Set Variable" owner="BuiltIn">
<msg time="2024-06-28T23:15:30.785823" level="INFO">${json_data} = {'results': [{'gender': 'male', 'name': {'title': 'Mr', 'first': 'Elzo', 'last': 'Cox'}, 'location': {'street': {'number': 1377, 'name': 'De Grip'}, 'city': 'Wissenkerke', 'state': 'Zeeland', 'country...</msg>
<var>${json_data}</var>
<arg>${response.json()}</arg>
<doc>Returns the given values which can then be assigned to a variables.</doc>
<status status="PASS" start="2024-06-28T23:15:30.785387" elapsed="0.000464"/>
</kw>
<kw name="Dictionary Should Contain Key" owner="Collections">
<arg>${json_data}</arg>
<arg>results</arg>
<doc>Fails if ``key`` is not found from ``dictionary``.</doc>
<status status="PASS" start="2024-06-28T23:15:30.786150" elapsed="0.000166"/>
</kw>
<status status="PASS" start="2024-06-28T23:15:30.603684" elapsed="0.182784"/>
</kw>
<doc>Testa se a API responde corretamente e retorna um objeto JSON válido.</doc>
<tag>testeRequisicaoBasica</tag>
<status status="PASS" start="2024-06-28T23:15:30.603165" elapsed="0.183484"/>
</test>
<test id="s1-s1-t3" name="Validar estrutura de resposta" line="22">
<kw name="Teste de Estrutura de Resposta" owner="random-user-service">
<kw name="GET On Session" owner="RequestsLibrary">
<msg time="2024-06-28T23:15:30.877910" level="INFO">GET Request : url=https://randomuser.me/api 
 path_url=/api 
 headers={'User-Agent': 'python-requests/2.32.3', 'Accept-Encoding': 'gzip, deflate', 'Accept': '*/*', 'Connection': 'keep-alive'} 
 body=None 
 </msg>
<msg time="2024-06-28T23:15:30.878011" level="INFO">GET Response : url=https://randomuser.me/api 
 status=200, reason=OK 
 headers={'Date': 'Fri, 28 Jun 2024 23:15:30 GMT', 'Content-Type': 'application/json; charset=utf-8', 'Transfer-Encoding': 'chunked', 'Connection': 'keep-alive', 'X-Powered-By': 'Express', 'Access-Control-Allow-Origin': '*', 'Cache-Control': 'no-cache', 'ETag': 'W/"48d-23qwpVxW1iz+z1OL/4WbilRazNA"', 'Vary': 'Accept-Encoding', 'Content-Encoding': 'gzip', 'CF-Cache-Status': 'DYNAMIC', 'Report-To': '{"endpoints":[{"url":"https:\\/\\/a.nel.cloudflare.com\\/report\\/v4?s=ZsgW1PgCEMOkf2qtnH9%2BWEtC1S5YeZkjBPtzLH%2Bux5hproJqG4vMvJyGCAn4uK7bJ7Cjvix%2BRrXNvkjjMBr96LZ1rUh00HATBQUA6j6beTBDCl%2Bs5akGBmovWsmd3tt1"}],"group":"cf-nel","max_age":604800}', 'NEL': '{"success_fraction":0,"report_to":"cf-nel","max_age":604800}', 'Server': 'cloudflare', 'CF-RAY': '89b16115789d394c-IAD', 'alt-svc': 'h3=":443"; ma=86400'} 
 body={"results":[{"gender":"male","name":{"title":"Mr","first":"Wesley","last":"Patterson"},"location":{"street":{"number":9605,"name":"Central St"},"city":"Round Rock","state":"Illinois","country":"United States","postcode":53169,"coordinates":{"latitude":"82.4217","longitude":"-34.4629"},"timezone":{"offset":"+7:00","description":"Bangkok, Hanoi, Jakarta"}},"email":"wesley.patterson@example.com","login":{"uuid":"fadf1c37-04c1-4925-bf2d-79eea32af63f","username":"bigswan515","password":"vanhalen","salt":"drWfJktB","md5":"4cad423020c5d833a3f06b009eb19abc","sha1":"2eb7a71d9b7e8a2b85882731224177eed4e1b670","sha256":"e6fa9e18b27015b232d0ad2dda763f60b3d84c1a0f9d27fa3790443fe02989c9"},"dob":{"date":"1978-11-25T05:33:08.672Z","age":45},"registered":{"date":"2020-06-17T13:34:22.476Z","age":4},"phone":"(721) 793-2979","cell":"(842) 381-4596","id":{"name":"SSN","value":"128-71-7789"},"picture":{"large":"https://randomuser.me/api/portraits/men/91.jpg","medium":"https://randomuser.me/api/portraits/med/men/91.jpg","thumbnail":"https://randomuser.me/api/portraits/thumb/men/91.jpg"},"nat":"US"}],"info":{"seed":"8b984ec86b3885fe","results":1,"page":1,"version":"1.4"}} 
 </msg>
<msg time="2024-06-28T23:15:30.878135" level="INFO">/opt/hostedtoolcache/Python/3.12.4/x64/lib/python3.12/site-packages/urllib3/connectionpool.py:1099: InsecureRequestWarning: Unverified HTTPS request is being made to host 'randomuser.me'. Adding certificate verification is strongly advised. See: https://urllib3.readthedocs.io/en/latest/advanced-usage.html#tls-warnings
  warnings.warn(</msg>
<msg time="2024-06-28T23:15:30.878271" level="INFO">${response} = &lt;Response [200]&gt;</msg>
<var>${response}</var>
<arg>consultarAPI</arg>
<arg>/api</arg>
<doc>Sends a GET request on a previously created HTTP Session.</doc>
<status status="PASS" start="2024-06-28T23:15:30.789419" elapsed="0.088893"/>
</kw>
<kw name="Set Variable" owner="BuiltIn">
<msg time="2024-06-28T23:15:30.879482" level="INFO">${json_data} = {'results': [{'gender': 'male', 'name': {'title': 'Mr', 'first': 'Wesley', 'last': 'Patterson'}, 'location': {'street': {'number': 9605, 'name': 'Central St'}, 'city': 'Round Rock', 'state': 'Illinois...</msg>
<var>${json_data}</var>
<arg>${response.json()}</arg>
<doc>Returns the given values which can then be assigned to a variables.</doc>
<status status="PASS" start="2024-06-28T23:15:30.878917" elapsed="0.000594"/>
</kw>
<kw name="Log" owner="BuiltIn">
<msg time="2024-06-28T23:15:30.879983" level="INFO">{'results': [{'gender': 'male', 'name': {'title': 'Mr', 'first': 'Wesley', 'last': 'Patterson'}, 'location': {'street': {'number': 9605, 'name': 'Central St'}, 'city': 'Round Rock', 'state': 'Illinois', 'country': 'United States', 'postcode': 53169, 'coordinates': {'latitude': '82.4217', 'longitude': '-34.4629'}, 'timezone': {'offset': '+7:00', 'description': 'Bangkok, Hanoi, Jakarta'}}, 'email': 'wesley.patterson@example.com', 'login': {'uuid': 'fadf1c37-04c1-4925-bf2d-79eea32af63f', 'username': 'bigswan515', 'password': 'vanhalen', 'salt': 'drWfJktB', 'md5': '4cad423020c5d833a3f06b009eb19abc', 'sha1': '2eb7a71d9b7e8a2b85882731224177eed4e1b670', 'sha256': 'e6fa9e18b27015b232d0ad2dda763f60b3d84c1a0f9d27fa3790443fe02989c9'}, 'dob': {'date': '1978-11-25T05:33:08.672Z', 'age': 45}, 'registered': {'date': '2020-06-17T13:34:22.476Z', 'age': 4}, 'phone': '(721) 793-2979', 'cell': '(842) 381-4596', 'id': {'name': 'SSN', 'value': '128-71-7789'}, 'picture': {'large': 'https://randomuser.me/api/portraits/men/91.jpg', 'medium': 'https://randomuser.me/api/portraits/med/men/91.jpg', 'thumbnail': 'https://randomuser.me/api/portraits/thumb/men/91.jpg'}, 'nat': 'US'}], 'info': {'seed': '8b984ec86b3885fe', 'results': 1, 'page': 1, 'version': '1.4'}}</msg>
<arg>${json_data}</arg>
<doc>Logs the given message with the given level.</doc>
<status status="PASS" start="2024-06-28T23:15:30.879823" elapsed="0.000208"/>
</kw>
<kw name="Dictionary Should Contain Key" owner="Collections">
<arg>${json_data}</arg>
<arg>results</arg>
<doc>Fails if ``key`` is not found from ``dictionary``.</doc>
<status status="PASS" start="2024-06-28T23:15:30.880326" elapsed="0.000160"/>
</kw>
<kw name="Should Not Be Empty" owner="BuiltIn">
<msg time="2024-06-28T23:15:30.880804" level="INFO">Length is 2.</msg>
<arg>${json_data}</arg>
<doc>Verifies that the given item is not empty.</doc>
<status status="PASS" start="2024-06-28T23:15:30.880670" elapsed="0.000173"/>
</kw>
<kw name="Create List" owner="BuiltIn">
<msg time="2024-06-28T23:15:30.881490" level="INFO">${expected_keys} = ['gender', 'name', 'location', 'email', 'login']</msg>
<var>${expected_keys}</var>
<arg>gender</arg>
<arg>name</arg>
<arg>location</arg>
<arg>email</arg>
<arg>login</arg>
<doc>Returns a list containing given items.</doc>
<status status="PASS" start="2024-06-28T23:15:30.881177" elapsed="0.000338"/>
</kw>
<for flavor="IN">
<iter>
<kw name="Dictionary Should Contain Key" owner="Collections">
<arg>${json_data['results'][0]}</arg>
<arg>${key}</arg>
<doc>Fails if ``key`` is not found from ``dictionary``.</doc>
<status status="PASS" start="2024-06-28T23:15:30.882151" elapsed="0.000402"/>
</kw>
<kw name="Log" owner="BuiltIn">
<msg time="2024-06-28T23:15:30.883094" level="INFO">{'gender': 'male', 'name': {'title': 'Mr', 'first': 'Wesley', 'last': 'Patterson'}, 'location': {'street': {'number': 9605, 'name': 'Central St'}, 'city': 'Round Rock', 'state': 'Illinois', 'country': 'United States', 'postcode': 53169, 'coordinates': {'latitude': '82.4217', 'longitude': '-34.4629'}, 'timezone': {'offset': '+7:00', 'description': 'Bangkok, Hanoi, Jakarta'}}, 'email': 'wesley.patterson@example.com', 'login': {'uuid': 'fadf1c37-04c1-4925-bf2d-79eea32af63f', 'username': 'bigswan515', 'password': 'vanhalen', 'salt': 'drWfJktB', 'md5': '4cad423020c5d833a3f06b009eb19abc', 'sha1': '2eb7a71d9b7e8a2b85882731224177eed4e1b670', 'sha256': 'e6fa9e18b27015b232d0ad2dda763f60b3d84c1a0f9d27fa3790443fe02989c9'}, 'dob': {'date': '1978-11-25T05:33:08.672Z', 'age': 45}, 'registered': {'date': '2020-06-17T13:34:22.476Z', 'age': 4}, 'phone': '(721) 793-2979', 'cell': '(842) 381-4596', 'id': {'name': 'SSN', 'value': '128-71-7789'}, 'picture': {'large': 'https://randomuser.me/api/portraits/men/91.jpg', 'medium': 'https://randomuser.me/api/portraits/med/men/91.jpg', 'thumbnail': 'https://randomuser.me/api/portraits/thumb/men/91.jpg'}, 'nat': 'US'}</msg>
<arg>${json_data['results'][0]}</arg>
<doc>Logs the given message with the given level.</doc>
<status status="PASS" start="2024-06-28T23:15:30.882741" elapsed="0.000402"/>
</kw>
<kw name="Log" owner="BuiltIn">
<msg time="2024-06-28T23:15:30.883583" level="INFO">gender</msg>
<arg>${key}</arg>
<doc>Logs the given message with the given level.</doc>
<status status="PASS" start="2024-06-28T23:15:30.883452" elapsed="0.000170"/>
</kw>
<var name="${key}">gender</var>
<status status="PASS" start="2024-06-28T23:15:30.882025" elapsed="0.001833"/>
</iter>
<iter>
<kw name="Dictionary Should Contain Key" owner="Collections">
<arg>${json_data['results'][0]}</arg>
<arg>${key}</arg>
<doc>Fails if ``key`` is not found from ``dictionary``.</doc>
<status status="PASS" start="2024-06-28T23:15:30.884163" elapsed="0.000401"/>
</kw>
<kw name="Log" owner="BuiltIn">
<msg time="2024-06-28T23:15:30.885150" level="INFO">{'gender': 'male', 'name': {'title': 'Mr', 'first': 'Wesley', 'last': 'Patterson'}, 'location': {'street': {'number': 9605, 'name': 'Central St'}, 'city': 'Round Rock', 'state': 'Illinois', 'country': 'United States', 'postcode': 53169, 'coordinates': {'latitude': '82.4217', 'longitude': '-34.4629'}, 'timezone': {'offset': '+7:00', 'description': 'Bangkok, Hanoi, Jakarta'}}, 'email': 'wesley.patterson@example.com', 'login': {'uuid': 'fadf1c37-04c1-4925-bf2d-79eea32af63f', 'username': 'bigswan515', 'password': 'vanhalen', 'salt': 'drWfJktB', 'md5': '4cad423020c5d833a3f06b009eb19abc', 'sha1': '2eb7a71d9b7e8a2b85882731224177eed4e1b670', 'sha256': 'e6fa9e18b27015b232d0ad2dda763f60b3d84c1a0f9d27fa3790443fe02989c9'}, 'dob': {'date': '1978-11-25T05:33:08.672Z', 'age': 45}, 'registered': {'date': '2020-06-17T13:34:22.476Z', 'age': 4}, 'phone': '(721) 793-2979', 'cell': '(842) 381-4596', 'id': {'name': 'SSN', 'value': '128-71-7789'}, 'picture': {'large': 'https://randomuser.me/api/portraits/men/91.jpg', 'medium': 'https://randomuser.me/api/portraits/med/men/91.jpg', 'thumbnail': 'https://randomuser.me/api/portraits/thumb/men/91.jpg'}, 'nat': 'US'}</msg>
<arg>${json_data['results'][0]}</arg>
<doc>Logs the given message with the given level.</doc>
<status status="PASS" start="2024-06-28T23:15:30.884769" elapsed="0.000462"/>
</kw>
<kw name="Log" owner="BuiltIn">
<msg time="2024-06-28T23:15:30.885662" level="INFO">name</msg>
<arg>${key}</arg>
<doc>Logs the given message with the given level.</doc>
<status status="PASS" start="2024-06-28T23:15:30.885533" elapsed="0.000167"/>
</kw>
<var name="${key}">name</var>
<status status="PASS" start="2024-06-28T23:15:30.884049" elapsed="0.001874"/>
</iter>
<iter>
<kw name="Dictionary Should Contain Key" owner="Collections">
<arg>${json_data['results'][0]}</arg>
<arg>${key}</arg>
<doc>Fails if ``key`` is not found from ``dictionary``.</doc>
<status status="PASS" start="2024-06-28T23:15:30.886214" elapsed="0.000386"/>
</kw>
<kw name="Log" owner="BuiltIn">
<msg time="2024-06-28T23:15:30.887134" level="INFO">{'gender': 'male', 'name': {'title': 'Mr', 'first': 'Wesley', 'last': 'Patterson'}, 'location': {'street': {'number': 9605, 'name': 'Central St'}, 'city': 'Round Rock', 'state': 'Illinois', 'country': 'United States', 'postcode': 53169, 'coordinates': {'latitude': '82.4217', 'longitude': '-34.4629'}, 'timezone': {'offset': '+7:00', 'description': 'Bangkok, Hanoi, Jakarta'}}, 'email': 'wesley.patterson@example.com', 'login': {'uuid': 'fadf1c37-04c1-4925-bf2d-79eea32af63f', 'username': 'bigswan515', 'password': 'vanhalen', 'salt': 'drWfJktB', 'md5': '4cad423020c5d833a3f06b009eb19abc', 'sha1': '2eb7a71d9b7e8a2b85882731224177eed4e1b670', 'sha256': 'e6fa9e18b27015b232d0ad2dda763f60b3d84c1a0f9d27fa3790443fe02989c9'}, 'dob': {'date': '1978-11-25T05:33:08.672Z', 'age': 45}, 'registered': {'date': '2020-06-17T13:34:22.476Z', 'age': 4}, 'phone': '(721) 793-2979', 'cell': '(842) 381-4596', 'id': {'name': 'SSN', 'value': '128-71-7789'}, 'picture': {'large': 'https://randomuser.me/api/portraits/men/91.jpg', 'medium': 'https://randomuser.me/api/portraits/med/men/91.jpg', 'thumbnail': 'https://randomuser.me/api/portraits/thumb/men/91.jpg'}, 'nat': 'US'}</msg>
<arg>${json_data['results'][0]}</arg>
<doc>Logs the given message with the given level.</doc>
<status status="PASS" start="2024-06-28T23:15:30.886784" elapsed="0.000397"/>
</kw>
<kw name="Log" owner="BuiltIn">
<msg time="2024-06-28T23:15:30.887625" level="INFO">location</msg>
<arg>${key}</arg>
<doc>Logs the given message with the given level.</doc>
<status status="PASS" start="2024-06-28T23:15:30.887484" elapsed="0.000179"/>
</kw>
<var name="${key}">location</var>
<status status="PASS" start="2024-06-28T23:15:30.886105" elapsed="0.001781"/>
</iter>
<iter>
<kw name="Dictionary Should Contain Key" owner="Collections">
<arg>${json_data['results'][0]}</arg>
<arg>${key}</arg>
<doc>Fails if ``key`` is not found from ``dictionary``.</doc>
<status status="PASS" start="2024-06-28T23:15:30.888166" elapsed="0.000391"/>
</kw>
<kw name="Log" owner="BuiltIn">
<msg time="2024-06-28T23:15:30.889129" level="INFO">{'gender': 'male', 'name': {'title': 'Mr', 'first': 'Wesley', 'last': 'Patterson'}, 'location': {'street': {'number': 9605, 'name': 'Central St'}, 'city': 'Round Rock', 'state': 'Illinois', 'country': 'United States', 'postcode': 53169, 'coordinates': {'latitude': '82.4217', 'longitude': '-34.4629'}, 'timezone': {'offset': '+7:00', 'description': 'Bangkok, Hanoi, Jakarta'}}, 'email': 'wesley.patterson@example.com', 'login': {'uuid': 'fadf1c37-04c1-4925-bf2d-79eea32af63f', 'username': 'bigswan515', 'password': 'vanhalen', 'salt': 'drWfJktB', 'md5': '4cad423020c5d833a3f06b009eb19abc', 'sha1': '2eb7a71d9b7e8a2b85882731224177eed4e1b670', 'sha256': 'e6fa9e18b27015b232d0ad2dda763f60b3d84c1a0f9d27fa3790443fe02989c9'}, 'dob': {'date': '1978-11-25T05:33:08.672Z', 'age': 45}, 'registered': {'date': '2020-06-17T13:34:22.476Z', 'age': 4}, 'phone': '(721) 793-2979', 'cell': '(842) 381-4596', 'id': {'name': 'SSN', 'value': '128-71-7789'}, 'picture': {'large': 'https://randomuser.me/api/portraits/men/91.jpg', 'medium': 'https://randomuser.me/api/portraits/med/men/91.jpg', 'thumbnail': 'https://randomuser.me/api/portraits/thumb/men/91.jpg'}, 'nat': 'US'}</msg>
<arg>${json_data['results'][0]}</arg>
<doc>Logs the given message with the given level.</doc>
<status status="PASS" start="2024-06-28T23:15:30.888739" elapsed="0.000439"/>
</kw>
<kw name="Log" owner="BuiltIn">
<msg time="2024-06-28T23:15:30.889608" level="INFO">email</msg>
<arg>${key}</arg>
<doc>Logs the given message with the given level.</doc>
<status status="PASS" start="2024-06-28T23:15:30.889479" elapsed="0.000168"/>
</kw>
<var name="${key}">email</var>
<status status="PASS" start="2024-06-28T23:15:30.888059" elapsed="0.001818"/>
</iter>
<iter>
<kw name="Dictionary Should Contain Key" owner="Collections">
<arg>${json_data['results'][0]}</arg>
<arg>${key}</arg>
<doc>Fails if ``key`` is not found from ``dictionary``.</doc>
<status status="PASS" start="2024-06-28T23:15:30.890168" elapsed="0.000386"/>
</kw>
<kw name="Log" owner="BuiltIn">
<msg time="2024-06-28T23:15:30.891093" level="INFO">{'gender': 'male', 'name': {'title': 'Mr', 'first': 'Wesley', 'last': 'Patterson'}, 'location': {'street': {'number': 9605, 'name': 'Central St'}, 'city': 'Round Rock', 'state': 'Illinois', 'country': 'United States', 'postcode': 53169, 'coordinates': {'latitude': '82.4217', 'longitude': '-34.4629'}, 'timezone': {'offset': '+7:00', 'description': 'Bangkok, Hanoi, Jakarta'}}, 'email': 'wesley.patterson@example.com', 'login': {'uuid': 'fadf1c37-04c1-4925-bf2d-79eea32af63f', 'username': 'bigswan515', 'password': 'vanhalen', 'salt': 'drWfJktB', 'md5': '4cad423020c5d833a3f06b009eb19abc', 'sha1': '2eb7a71d9b7e8a2b85882731224177eed4e1b670', 'sha256': 'e6fa9e18b27015b232d0ad2dda763f60b3d84c1a0f9d27fa3790443fe02989c9'}, 'dob': {'date': '1978-11-25T05:33:08.672Z', 'age': 45}, 'registered': {'date': '2020-06-17T13:34:22.476Z', 'age': 4}, 'phone': '(721) 793-2979', 'cell': '(842) 381-4596', 'id': {'name': 'SSN', 'value': '128-71-7789'}, 'picture': {'large': 'https://randomuser.me/api/portraits/men/91.jpg', 'medium': 'https://randomuser.me/api/portraits/med/men/91.jpg', 'thumbnail': 'https://randomuser.me/api/portraits/thumb/men/91.jpg'}, 'nat': 'US'}</msg>
<arg>${json_data['results'][0]}</arg>
<doc>Logs the given message with the given level.</doc>
<status status="PASS" start="2024-06-28T23:15:30.890738" elapsed="0.000402"/>
</kw>
<kw name="Log" owner="BuiltIn">
<msg time="2024-06-28T23:15:30.891590" level="INFO">login</msg>
<arg>${key}</arg>
<doc>Logs the given message with the given level.</doc>
<status status="PASS" start="2024-06-28T23:15:30.891460" elapsed="0.000169"/>
</kw>
<var name="${key}">login</var>
<status status="PASS" start="2024-06-28T23:15:30.890048" elapsed="0.001803"/>
</iter>
<var>${key}</var>
<value>@{expected_keys}</value>
<status status="PASS" start="2024-06-28T23:15:30.881827" elapsed="0.010147"/>
</for>
<kw name="Create List" owner="BuiltIn">
<msg time="2024-06-28T23:15:30.892311" level="INFO">${expected_keysTwo} = ['username', 'password']</msg>
<var>${expected_keysTwo}</var>
<arg>username</arg>
<arg>password</arg>
<doc>Returns a list containing given items.</doc>
<status status="PASS" start="2024-06-28T23:15:30.892169" elapsed="0.000193"/>
</kw>
<for flavor="IN">
<iter>
<kw name="Dictionary Should Contain Key" owner="Collections">
<arg>${json_data['results'][0]['login']}</arg>
<arg>${keyTwo}</arg>
<doc>Fails if ``key`` is not found from ``dictionary``.</doc>
<status status="PASS" start="2024-06-28T23:15:30.892889" elapsed="0.000422"/>
</kw>
<kw name="Dictionary Should Contain Key" owner="Collections">
<arg>${json_data['results'][0]['login']}</arg>
<arg>${keyTwo}</arg>
<doc>Fails if ``key`` is not found from ``dictionary``.</doc>
<status status="PASS" start="2024-06-28T23:15:30.893497" elapsed="0.000398"/>
</kw>
<kw name="Log" owner="BuiltIn">
<msg time="2024-06-28T23:15:30.894203" level="INFO">username</msg>
<arg>${keyTwo}</arg>
<doc>Logs the given message with the given level.</doc>
<status status="PASS" start="2024-06-28T23:15:30.894080" elapsed="0.000161"/>
</kw>
<var name="${keyTwo}">username</var>
<status status="PASS" start="2024-06-28T23:15:30.892776" elapsed="0.001693"/>
</iter>
<iter>
<kw name="Dictionary Should Contain Key" owner="Collections">
<arg>${json_data['results'][0]['login']}</arg>
<arg>${keyTwo}</arg>
<doc>Fails if ``key`` is not found from ``dictionary``.</doc>
<status status="PASS" start="2024-06-28T23:15:30.894751" elapsed="0.000392"/>
</kw>
<kw name="Dictionary Should Contain Key" owner="Collections">
<arg>${json_data['results'][0]['login']}</arg>
<arg>${keyTwo}</arg>
<doc>Fails if ``key`` is not found from ``dictionary``.</doc>
<status status="PASS" start="2024-06-28T23:15:30.895322" elapsed="0.000370"/>
</kw>
<kw name="Log" owner="BuiltIn">
<msg time="2024-06-28T23:15:30.895986" level="INFO">password</msg>
<arg>${keyTwo}</arg>
<doc>Logs the given message with the given level.</doc>
<status status="PASS" start="2024-06-28T23:15:30.895867" elapsed="0.000160"/>
</kw>
<var name="${keyTwo}">password</var>
<status status="PASS" start="2024-06-28T23:15:30.894642" elapsed="0.001697"/>
</iter>
<var>${keyTwo}</var>
<value>@{expected_keysTwo}</value>
<status status="PASS" start="2024-06-28T23:15:30.892618" elapsed="0.003851"/>
</for>
<status status="PASS" start="2024-06-28T23:15:30.789180" elapsed="0.107433"/>
</kw>
<doc>Testa a estrutura da resposta da API.</doc>
<tag>testeEstruturaResposta</tag>
<status status="PASS" start="2024-06-28T23:15:30.788548" elapsed="0.108226"/>
</test>
<test id="s1-s1-t4" name="Validar tipos de dados" line="28">
<kw name="Teste de Tipos de Dados" owner="random-user-service">
<kw name="GET On Session" owner="RequestsLibrary">
<msg time="2024-06-28T23:15:30.986524" level="INFO">GET Request : url=https://randomuser.me/api 
 path_url=/api 
 headers={'User-Agent': 'python-requests/2.32.3', 'Accept-Encoding': 'gzip, deflate', 'Accept': '*/*', 'Connection': 'keep-alive'} 
 body=None 
 </msg>
<msg time="2024-06-28T23:15:30.986600" level="INFO">GET Response : url=https://randomuser.me/api 
 status=200, reason=OK 
 headers={'Date': 'Fri, 28 Jun 2024 23:15:30 GMT', 'Content-Type': 'application/json; charset=utf-8', 'Transfer-Encoding': 'chunked', 'Connection': 'keep-alive', 'X-Powered-By': 'Express', 'Access-Control-Allow-Origin': '*', 'Cache-Control': 'no-cache', 'ETag': 'W/"48f-nLwOBWVbDjYjLLogHP998PbuPUQ"', 'Vary': 'Accept-Encoding', 'Content-Encoding': 'gzip', 'CF-Cache-Status': 'DYNAMIC', 'Report-To': '{"endpoints":[{"url":"https:\\/\\/a.nel.cloudflare.com\\/report\\/v4?s=ykSrJ71kB6vTUZ28EGx2cok0UVt6WVtrSOF7NJ2WkUFZGDX4KLAYZAuYOpXZL6iRxRhRBR8PCxPwmWoQG5HEX9jUniQpnt%2Fs%2BhEYsfu15miavR2c4H8ThzC9Nazh3%2Bbg"}],"group":"cf-nel","max_age":604800}', 'NEL': '{"success_fraction":0,"report_to":"cf-nel","max_age":604800}', 'Server': 'cloudflare', 'CF-RAY': '89b161162982394c-IAD', 'alt-svc': 'h3=":443"; ma=86400'} 
 body={"results":[{"gender":"male","name":{"title":"Mr","first":"Villads","last":"Jørgensen"},"location":{"street":{"number":2898,"name":"Fsn Karup"},"city":"Sørvad","state":"Midtjylland","country":"Denmark","postcode":14429,"coordinates":{"latitude":"-44.6085","longitude":"-124.0456"},"timezone":{"offset":"-6:00","description":"Central Time (US &amp; Canada), Mexico City"}},"email":"villads.jorgensen@example.com","login":{"uuid":"f5343e50-3076-48bb-a134-74d834d59297","username":"brownfish510","password":"asians","salt":"paDxIRQ3","md5":"a61238d3e51c50e454b6fb3fbb317e83","sha1":"198aee0039c8e1bb5564e8103b360c213d137f66","sha256":"72e94d64db5b6917c2669c125fdffaf145055bb198c162035954e0fe73046ba9"},"dob":{"date":"1961-03-16T23:00:20.487Z","age":63},"registered":{"date":"2019-06-03T16:28:20.667Z","age":5},"phone":"12835164","cell":"11055972","id":{"name":"CPR","value":"160361-3502"},"picture":{"large":"https://randomuser.me/api/portraits/men/53.jpg","medium":"https://randomuser.me/api/portraits/med/men/53.jpg","thumbnail":"https://randomuser.me/api/portraits/thumb/men/53.jpg"},"nat":"DK"}],"info":{"seed":"21359578cd38d860","results":1,"page":1,"version":"1.4"}} 
 </msg>
<msg time="2024-06-28T23:15:30.986667" level="INFO">/opt/hostedtoolcache/Python/3.12.4/x64/lib/python3.12/site-packages/urllib3/connectionpool.py:1099: InsecureRequestWarning: Unverified HTTPS request is being made to host 'randomuser.me'. Adding certificate verification is strongly advised. See: https://urllib3.readthedocs.io/en/latest/advanced-usage.html#tls-warnings
  warnings.warn(</msg>
<msg time="2024-06-28T23:15:30.986778" level="INFO">${response} = &lt;Response [200]&gt;</msg>
<var>${response}</var>
<arg>consultarAPI</arg>
<arg>/api</arg>
<doc>Sends a GET request on a previously created HTTP Session.</doc>
<status status="PASS" start="2024-06-28T23:15:30.899468" elapsed="0.087351"/>
</kw>
<kw name="Set Variable" owner="BuiltIn">
<msg time="2024-06-28T23:15:30.987929" level="INFO">${json_data} = {'results': [{'gender': 'male', 'name': {'title': 'Mr', 'first': 'Villads', 'last': 'Jørgensen'}, 'location': {'street': {'number': 2898, 'name': 'Fsn Karup'}, 'city': 'Sørvad', 'state': 'Midtjylland'...</msg>
<var>${json_data}</var>
<arg>${response.json()}</arg>
<doc>Returns the given values which can then be assigned to a variables.</doc>
<status status="PASS" start="2024-06-28T23:15:30.987339" elapsed="0.000618"/>
</kw>
<kw name="Log" owner="BuiltIn">
<msg time="2024-06-28T23:15:30.988437" level="INFO">{'results': [{'gender': 'male', 'name': {'title': 'Mr', 'first': 'Villads', 'last': 'Jørgensen'}, 'location': {'street': {'number': 2898, 'name': 'Fsn Karup'}, 'city': 'Sørvad', 'state': 'Midtjylland', 'country': 'Denmark', 'postcode': 14429, 'coordinates': {'latitude': '-44.6085', 'longitude': '-124.0456'}, 'timezone': {'offset': '-6:00', 'description': 'Central Time (US &amp; Canada), Mexico City'}}, 'email': 'villads.jorgensen@example.com', 'login': {'uuid': 'f5343e50-3076-48bb-a134-74d834d59297', 'username': 'brownfish510', 'password': 'asians', 'salt': 'paDxIRQ3', 'md5': 'a61238d3e51c50e454b6fb3fbb317e83', 'sha1': '198aee0039c8e1bb5564e8103b360c213d137f66', 'sha256': '72e94d64db5b6917c2669c125fdffaf145055bb198c162035954e0fe73046ba9'}, 'dob': {'date': '1961-03-16T23:00:20.487Z', 'age': 63}, 'registered': {'date': '2019-06-03T16:28:20.667Z', 'age': 5}, 'phone': '12835164', 'cell': '11055972', 'id': {'name': 'CPR', 'value': '160361-3502'}, 'picture': {'large': 'https://randomuser.me/api/portraits/men/53.jpg', 'medium': 'https://randomuser.me/api/portraits/med/men/53.jpg', 'thumbnail': 'https://randomuser.me/api/portraits/thumb/men/53.jpg'}, 'nat': 'DK'}], 'info': {'seed': '21359578cd38d860', 'results': 1, 'page': 1, 'version': '1.4'}}</msg>
<arg>${json_data}</arg>
<doc>Logs the given message with the given level.</doc>
<status status="PASS" start="2024-06-28T23:15:30.988275" elapsed="0.000213"/>
</kw>
<kw name="Should Be String" owner="String">
<arg>${json_data['results'][0]['gender']}</arg>
<doc>Fails if the given ``item`` is not a string.</doc>
<status status="PASS" start="2024-06-28T23:15:30.988780" elapsed="0.000414"/>
</kw>
<kw name="Should Match Regexp" owner="BuiltIn">
<arg>${json_data['results'][0]['email']}</arg>
<arg>^[a-zA-Z0-9._%+-]+@[a-zA-Z0-9.-]+\.[a-zA-Z]{2,}$</arg>
<doc>Fails if ``string`` does not match ``pattern`` as a regular expression.</doc>
<status status="PASS" start="2024-06-28T23:15:30.989391" elapsed="0.000568"/>
</kw>
<kw name="Should Match Regexp" owner="BuiltIn">
<arg>${json_data['results'][0]['dob']['date']}</arg>
<arg>\\d{4}-\\d{2}-\\d{2}T\\d{2}:\\d{2}:\\d{2}\\.\\d{3}Z</arg>
<doc>Fails if ``string`` does not match ``pattern`` as a regular expression.</doc>
<status status="PASS" start="2024-06-28T23:15:30.990156" elapsed="0.000485"/>
</kw>
<kw name="Should Match Regexp" owner="BuiltIn">
<arg>${json_data['results'][0]['registered']['date']}</arg>
<arg>\\d{4}-\\d{2}-\\d{2}T\\d{2}:\\d{2}:\\d{2}\\.\\d{3}Z</arg>
<doc>Fails if ``string`` does not match ``pattern`` as a regular expression.</doc>
<status status="PASS" start="2024-06-28T23:15:30.990830" elapsed="0.000366"/>
</kw>
<kw name="Should Match Regexp" owner="BuiltIn">
<arg>${json_data['results'][0]['picture']['large']}</arg>
<arg>^https?://.*\.(?:png|jpe?g|gif|bmp)$</arg>
<doc>Fails if ``string`` does not match ``pattern`` as a regular expression.</doc>
<status status="PASS" start="2024-06-28T23:15:30.991381" elapsed="0.000465"/>
</kw>
<kw name="Should Match Regexp" owner="BuiltIn">
<arg>${json_data['results'][0]['picture']['medium']}</arg>
<arg>^https?://.*\.(?:png|jpe?g|gif|bmp)$</arg>
<doc>Fails if ``string`` does not match ``pattern`` as a regular expression.</doc>
<status status="PASS" start="2024-06-28T23:15:30.992032" elapsed="0.000353"/>
</kw>
<kw name="Should Match Regexp" owner="BuiltIn">
<arg>${json_data['results'][0]['picture']['thumbnail']}</arg>
<arg>^https?://.*\.(?:png|jpe?g|gif|bmp)$</arg>
<doc>Fails if ``string`` does not match ``pattern`` as a regular expression.</doc>
<status status="PASS" start="2024-06-28T23:15:30.992567" elapsed="0.000345"/>
</kw>
<kw name="Log" owner="BuiltIn">
<msg time="2024-06-28T23:15:30.993464" level="INFO">{'large': 'https://randomuser.me/api/portraits/men/53.jpg', 'medium': 'https://randomuser.me/api/portraits/med/men/53.jpg', 'thumbnail': 'https://randomuser.me/api/portraits/thumb/men/53.jpg'}</msg>
<arg>${json_data['results'][0]['picture']}</arg>
<doc>Logs the given message with the given level.</doc>
<status status="PASS" start="2024-06-28T23:15:30.993125" elapsed="0.000380"/>
</kw>
<status status="PASS" start="2024-06-28T23:15:30.899232" elapsed="0.094530"/>
</kw>
<kw name="Teste de Tipos de Dados - Postcode" owner="random-user-service">
<kw name="GET On Session" owner="RequestsLibrary">
<msg time="2024-06-28T23:15:31.082941" level="INFO">GET Request : url=https://randomuser.me/api 
 path_url=/api 
 headers={'User-Agent': 'python-requests/2.32.3', 'Accept-Encoding': 'gzip, deflate', 'Accept': '*/*', 'Connection': 'keep-alive'} 
 body=None 
 </msg>
<msg time="2024-06-28T23:15:31.083060" level="INFO">GET Response : url=https://randomuser.me/api 
 status=200, reason=OK 
 headers={'Date': 'Fri, 28 Jun 2024 23:15:31 GMT', 'Content-Type': 'application/json; charset=utf-8', 'Transfer-Encoding': 'chunked', 'Connection': 'keep-alive', 'X-Powered-By': 'Express', 'Access-Control-Allow-Origin': '*', 'Cache-Control': 'no-cache', 'ETag': 'W/"48d-RPpzcmX+i2zNGUbbKUH05INwQME"', 'Vary': 'Accept-Encoding', 'Content-Encoding': 'gzip', 'CF-Cache-Status': 'DYNAMIC', 'Report-To': '{"endpoints":[{"url":"https:\\/\\/a.nel.cloudflare.com\\/report\\/v4?s=amllhcfbCPO7RFcQwGTdf3H1YvFKc9NwR%2FWUxGUEfQPSW7POypwc7lEJ9qdy3Kj4ON865m3hrP%2F68Zua%2BFJtzPvlVtuceuRE%2B5PIM5r1po%2BZEcXafBUoD6o3wmhs50Sx"}],"group":"cf-nel","max_age":604800}', 'NEL': '{"success_fraction":0,"report_to":"cf-nel","max_age":604800}', 'Server': 'cloudflare', 'CF-RAY': '89b16116ba7a394c-IAD', 'alt-svc': 'h3=":443"; ma=86400'} 
 body={"results":[{"gender":"female","name":{"title":"Ms","first":"Ülkü","last":"Denkel"},"location":{"street":{"number":6449,"name":"Doktorlar Cd"},"city":"Bitlis","state":"Kütahya","country":"Turkey","postcode":59249,"coordinates":{"latitude":"65.7166","longitude":"100.8459"},"timezone":{"offset":"+3:00","description":"Baghdad, Riyadh, Moscow, St. Petersburg"}},"email":"ulku.denkel@example.com","login":{"uuid":"e4f8a228-82ed-4c10-ac26-6a84d64422e6","username":"happygorilla710","password":"boomer1","salt":"i52XfajW","md5":"9c34d2288c1ec0581099c4d3bc8ed937","sha1":"b0ef2e84299668774db3cceea92a2c5a92205c71","sha256":"259fcbb3e7a0e1aa114655af0ea1ebd97e4fac7d6c1b8a0ac007a4942fffdf2a"},"dob":{"date":"1975-03-14T12:27:50.604Z","age":49},"registered":{"date":"2008-05-15T22:59:31.088Z","age":16},"phone":"(423)-118-3235","cell":"(419)-302-9017","id":{"name":"","value":null},"picture":{"large":"https://randomuser.me/api/portraits/women/83.jpg","medium":"https://randomuser.me/api/portraits/med/women/83.jpg","thumbnail":"https://randomuser.me/api/portraits/thumb/women/83.jpg"},"nat":"TR"}],"info":{"seed":"639433ee4a7bcfdf","results":1,"page":1,"version":"1.4"}} 
 </msg>
<msg time="2024-06-28T23:15:31.083143" level="INFO">/opt/hostedtoolcache/Python/3.12.4/x64/lib/python3.12/site-packages/urllib3/connectionpool.py:1099: InsecureRequestWarning: Unverified HTTPS request is being made to host 'randomuser.me'. Adding certificate verification is strongly advised. See: https://urllib3.readthedocs.io/en/latest/advanced-usage.html#tls-warnings
  warnings.warn(</msg>
<msg time="2024-06-28T23:15:31.083274" level="INFO">${response} = &lt;Response [200]&gt;</msg>
<var>${response}</var>
<arg>consultarAPI</arg>
<arg>/api</arg>
<doc>Sends a GET request on a previously created HTTP Session.</doc>
<status status="PASS" start="2024-06-28T23:15:30.994210" elapsed="0.089107"/>
</kw>
<kw name="Set Variable" owner="BuiltIn">
<msg time="2024-06-28T23:15:31.084625" level="INFO">${json_data} = {'results': [{'gender': 'female', 'name': {'title': 'Ms', 'first': 'Ülkü', 'last': 'Denkel'}, 'location': {'street': {'number': 6449, 'name': 'Doktorlar Cd'}, 'city': 'Bitlis', 'state': 'Kütahya', 'co...</msg>
<var>${json_data}</var>
<arg>${response.json()}</arg>
<doc>Returns the given values which can then be assigned to a variables.</doc>
<status status="PASS" start="2024-06-28T23:15:31.084010" elapsed="0.000645"/>
</kw>
<kw name="Log" owner="BuiltIn">
<msg time="2024-06-28T23:15:31.085251" level="INFO">{'results': [{'gender': 'female', 'name': {'title': 'Ms', 'first': 'Ülkü', 'last': 'Denkel'}, 'location': {'street': {'number': 6449, 'name': 'Doktorlar Cd'}, 'city': 'Bitlis', 'state': 'Kütahya', 'country': 'Turkey', 'postcode': 59249, 'coordinates': {'latitude': '65.7166', 'longitude': '100.8459'}, 'timezone': {'offset': '+3:00', 'description': 'Baghdad, Riyadh, Moscow, St. Petersburg'}}, 'email': 'ulku.denkel@example.com', 'login': {'uuid': 'e4f8a228-82ed-4c10-ac26-6a84d64422e6', 'username': 'happygorilla710', 'password': 'boomer1', 'salt': 'i52XfajW', 'md5': '9c34d2288c1ec0581099c4d3bc8ed937', 'sha1': 'b0ef2e84299668774db3cceea92a2c5a92205c71', 'sha256': '259fcbb3e7a0e1aa114655af0ea1ebd97e4fac7d6c1b8a0ac007a4942fffdf2a'}, 'dob': {'date': '1975-03-14T12:27:50.604Z', 'age': 49}, 'registered': {'date': '2008-05-15T22:59:31.088Z', 'age': 16}, 'phone': '(423)-118-3235', 'cell': '(419)-302-9017', 'id': {'name': '', 'value': None}, 'picture': {'large': 'https://randomuser.me/api/portraits/women/83.jpg', 'medium': 'https://randomuser.me/api/portraits/med/women/83.jpg', 'thumbnail': 'https://randomuser.me/api/portraits/thumb/women/83.jpg'}, 'nat': 'TR'}], 'info': {'seed': '639433ee4a7bcfdf', 'results': 1, 'page': 1, 'version': '1.4'}}</msg>
<arg>${json_data}</arg>
<doc>Logs the given message with the given level.</doc>
<status status="PASS" start="2024-06-28T23:15:31.084996" elapsed="0.000371"/>
</kw>
<kw name="Should Be Equal As Numbers" owner="BuiltIn">
<arg>${json_data['results'][0]['location']['postcode']}</arg>
<arg>${json_data['results'][0]['location']['postcode']}</arg>
<doc>Fails if objects are unequal after converting them to real numbers.</doc>
<status status="PASS" start="2024-06-28T23:15:31.085752" elapsed="0.000665"/>
</kw>
<kw name="Log" owner="BuiltIn">
<msg time="2024-06-28T23:15:31.087169" level="INFO">59249</msg>
<arg>${json_data['results'][0]['location']['postcode']}</arg>
<doc>Logs the given message with the given level.</doc>
<status status="PASS" start="2024-06-28T23:15:31.086614" elapsed="0.000634"/>
</kw>
<status status="PASS" start="2024-06-28T23:15:30.993985" elapsed="0.093526"/>
</kw>
<doc>Testa se os tipos de dados na resposta da API estão corretos.</doc>
<tag>testeTiposDados</tag>
<status status="PASS" start="2024-06-28T23:15:30.898627" elapsed="0.189057"/>
</test>
<test id="s1-s1-t5" name="Validar conteudo" line="35">
<kw name="Teste de Tipos de Conteudo" owner="random-user-service">
<kw name="GET On Session" owner="RequestsLibrary">
<msg time="2024-06-28T23:15:31.182697" level="INFO">GET Request : url=https://randomuser.me/api 
 path_url=/api 
 headers={'User-Agent': 'python-requests/2.32.3', 'Accept-Encoding': 'gzip, deflate', 'Accept': '*/*', 'Connection': 'keep-alive'} 
 body=None 
 </msg>
<msg time="2024-06-28T23:15:31.182806" level="INFO">GET Response : url=https://randomuser.me/api 
 status=200, reason=OK 
 headers={'Date': 'Fri, 28 Jun 2024 23:15:31 GMT', 'Content-Type': 'application/json; charset=utf-8', 'Transfer-Encoding': 'chunked', 'Connection': 'keep-alive', 'X-Powered-By': 'Express', 'Access-Control-Allow-Origin': '*', 'Cache-Control': 'no-cache', 'ETag': 'W/"473-Zd0CwMf2GbCd4FjzAMUPI4BltxQ"', 'Vary': 'Accept-Encoding', 'Content-Encoding': 'gzip', 'CF-Cache-Status': 'DYNAMIC', 'Report-To': '{"endpoints":[{"url":"https:\\/\\/a.nel.cloudflare.com\\/report\\/v4?s=Qj4hbgVW9lB3KWZBC9Rl8K%2Bk2czM%2BT7K2pgAesf5uRL6nU5q1DFPB6TtEznWGqzi3Lqb6kKkSB9kadhF9eYvX0IqQoX4EMZZYNlu8MDQjIPfbznD%2BH9kGNjJ%2F3PlU2fl"}],"group":"cf-nel","max_age":604800}', 'NEL': '{"success_fraction":0,"report_to":"cf-nel","max_age":604800}', 'Server': 'cloudflare', 'CF-RAY': '89b161175b56394c-IAD', 'alt-svc': 'h3=":443"; ma=86400'} 
 body={"results":[{"gender":"female","name":{"title":"Miss","first":"Marie","last":"Kim"},"location":{"street":{"number":4715,"name":"Robinson Rd"},"city":"Albury","state":"Victoria","country":"Australia","postcode":1992,"coordinates":{"latitude":"-82.3365","longitude":"151.3183"},"timezone":{"offset":"-3:30","description":"Newfoundland"}},"email":"marie.kim@example.com","login":{"uuid":"a7057b1c-335a-4c26-b61a-847d02236fbd","username":"purpleleopard330","password":"alucard","salt":"nvOVkz8z","md5":"cfd457dc51cdf3b629b240481fdfb63b","sha1":"55cf86ff7b29653273284abf2ad599b12864ee15","sha256":"2102f2a97d85b7151dd705aacbe81750f07065ff41f02b4e3bedce18bed4d05c"},"dob":{"date":"1970-05-09T12:53:54.345Z","age":54},"registered":{"date":"2018-09-01T05:11:18.907Z","age":5},"phone":"01-1249-7801","cell":"0482-888-901","id":{"name":"TFN","value":"471879011"},"picture":{"large":"https://randomuser.me/api/portraits/women/4.jpg","medium":"https://randomuser.me/api/portraits/med/women/4.jpg","thumbnail":"https://randomuser.me/api/portraits/thumb/women/4.jpg"},"nat":"AU"}],"info":{"seed":"3b0084bcb4dcffec","results":1,"page":1,"version":"1.4"}} 
 </msg>
<msg time="2024-06-28T23:15:31.182888" level="INFO">/opt/hostedtoolcache/Python/3.12.4/x64/lib/python3.12/site-packages/urllib3/connectionpool.py:1099: InsecureRequestWarning: Unverified HTTPS request is being made to host 'randomuser.me'. Adding certificate verification is strongly advised. See: https://urllib3.readthedocs.io/en/latest/advanced-usage.html#tls-warnings
  warnings.warn(</msg>
<msg time="2024-06-28T23:15:31.183029" level="INFO">${response} = &lt;Response [200]&gt;</msg>
<var>${response}</var>
<arg>consultarAPI</arg>
<arg>/api</arg>
<doc>Sends a GET request on a previously created HTTP Session.</doc>
<status status="PASS" start="2024-06-28T23:15:31.090351" elapsed="0.092727"/>
</kw>
<kw name="Set Variable" owner="BuiltIn">
<msg time="2024-06-28T23:15:31.184349" level="INFO">${json_data} = {'results': [{'gender': 'female', 'name': {'title': 'Miss', 'first': 'Marie', 'last': 'Kim'}, 'location': {'street': {'number': 4715, 'name': 'Robinson Rd'}, 'city': 'Albury', 'state': 'Victoria', 'co...</msg>
<var>${json_data}</var>
<arg>${response.json()}</arg>
<doc>Returns the given values which can then be assigned to a variables.</doc>
<status status="PASS" start="2024-06-28T23:15:31.183747" elapsed="0.000631"/>
</kw>
<kw name="Set Variable" owner="BuiltIn">
<msg time="2024-06-28T23:15:31.185102" level="INFO">${name_title} = Miss</msg>
<var>${name_title}</var>
<arg>${json_data["results"][0]["name"]["title"]}</arg>
<doc>Returns the given values which can then be assigned to a variables.</doc>
<status status="PASS" start="2024-06-28T23:15:31.184683" elapsed="0.000448"/>
</kw>
<kw name="Create List" owner="BuiltIn">
<msg time="2024-06-28T23:15:31.185580" level="INFO">${allowed_titles} = ['Mr', 'Ms', 'Miss', 'Mrs', 'Madame', 'Monsieur']</msg>
<var>${allowed_titles}</var>
<arg>Mr</arg>
<arg>Ms</arg>
<arg>Miss</arg>
<arg>Mrs</arg>
<arg>Madame</arg>
<arg>Monsieur</arg>
<doc>Returns a list containing given items.</doc>
<status status="PASS" start="2024-06-28T23:15:31.185434" elapsed="0.000170"/>
</kw>
<kw name="List Should Contain Value" owner="Collections">
<arg>${allowed_titles}</arg>
<arg>${name_title}</arg>
<doc>Fails if the ``value`` is not found from ``list``.</doc>
<status status="PASS" start="2024-06-28T23:15:31.185908" elapsed="0.000186"/>
</kw>
<kw name="Set Variable" owner="BuiltIn">
<msg time="2024-06-28T23:15:31.186648" level="INFO">${name_country} = AU</msg>
<var>${name_country}</var>
<arg>${json_data["results"][0]["nat"]}</arg>
<doc>Returns the given values which can then be assigned to a variables.</doc>
<status status="PASS" start="2024-06-28T23:15:31.186278" elapsed="0.000403"/>
</kw>
<kw name="Create List" owner="BuiltIn">
<msg time="2024-06-28T23:15:31.187566" level="INFO">${list_country} = ['AD', 'AE', 'AF', 'AG', 'AI', 'AL', 'AM', 'AO', 'AQ', 'AR', 'AS', 'AT', 'AU', 'AW', 'AX', 'AZ', 'BA', 'BB', 'BD', 'BE', 'BF', 'BG', 'BH', 'BI', 'BJ', 'BL', 'BM', 'BN', 'BO', 'BQ', 'BR', 'BS', 'BT', '...</msg>
<var>${list_country}</var>
<arg>AD</arg>
<arg>AE</arg>
<arg>AF</arg>
<arg>AG</arg>
<arg>AI</arg>
<arg>AL</arg>
<arg>AM</arg>
<arg>AO</arg>
<arg>AQ</arg>
<arg>AR</arg>
<arg>AS</arg>
<arg>AT</arg>
<arg>AU</arg>
<arg>AW</arg>
<arg>AX</arg>
<arg>AZ</arg>
<arg>BA</arg>
<arg>BB</arg>
<arg>BD</arg>
<arg>BE</arg>
<arg>BF</arg>
<arg>BG</arg>
<arg>BH</arg>
<arg>BI</arg>
<arg>BJ</arg>
<arg>BL</arg>
<arg>BM</arg>
<arg>BN</arg>
<arg>BO</arg>
<arg>BQ</arg>
<arg>BR</arg>
<arg>BS</arg>
<arg>BT</arg>
<arg>BV</arg>
<arg>BW</arg>
<arg>BY</arg>
<arg>BZ</arg>
<arg>CA</arg>
<arg>CC</arg>
<arg>CD</arg>
<arg>CF</arg>
<arg>CG</arg>
<arg>CH</arg>
<arg>CI</arg>
<arg>CK</arg>
<arg>CL</arg>
<arg>CM</arg>
<arg>CN</arg>
<arg>CO</arg>
<arg>CR</arg>
<arg>CU</arg>
<arg>CV</arg>
<arg>CW</arg>
<arg>CX</arg>
<arg>CY</arg>
<arg>CZ</arg>
<arg>DE</arg>
<arg>DJ</arg>
<arg>DK</arg>
<arg>DM</arg>
<arg>DO</arg>
<arg>DZ</arg>
<arg>EC</arg>
<arg>EE</arg>
<arg>EG</arg>
<arg>EH</arg>
<arg>ER</arg>
<arg>ES</arg>
<arg>ET</arg>
<arg>FI</arg>
<arg>FJ</arg>
<arg>FK</arg>
<arg>FM</arg>
<arg>FO</arg>
<arg>FR</arg>
<arg>GA</arg>
<arg>GB</arg>
<arg>GD</arg>
<arg>GE</arg>
<arg>GF</arg>
<arg>GG</arg>
<arg>GH</arg>
<arg>GI</arg>
<arg>GL</arg>
<arg>GM</arg>
<arg>GN</arg>
<arg>GP</arg>
<arg>GQ</arg>
<arg>GR</arg>
<arg>GS</arg>
<arg>GT</arg>
<arg>GU</arg>
<arg>GW</arg>
<arg>GY</arg>
<arg>HK</arg>
<arg>HM</arg>
<arg>HN</arg>
<arg>HR</arg>
<arg>HT</arg>
<arg>HU</arg>
<arg>ID</arg>
<arg>IE</arg>
<arg>IL</arg>
<arg>IM</arg>
<arg>IN</arg>
<arg>IO</arg>
<arg>IQ</arg>
<arg>IR</arg>
<arg>IS</arg>
<arg>IT</arg>
<arg>JE</arg>
<arg>JM</arg>
<arg>JO</arg>
<arg>JP</arg>
<arg>KE</arg>
<arg>KG</arg>
<arg>KH</arg>
<arg>KI</arg>
<arg>KM</arg>
<arg>KN</arg>
<arg>KP</arg>
<arg>KR</arg>
<arg>KW</arg>
<arg>KY</arg>
<arg>KZ</arg>
<arg>LA</arg>
<arg>LB</arg>
<arg>LC</arg>
<arg>LI</arg>
<arg>LK</arg>
<arg>LR</arg>
<arg>LS</arg>
<arg>LT</arg>
<arg>LU</arg>
<arg>LV</arg>
<arg>LY</arg>
<arg>MA</arg>
<arg>MC</arg>
<arg>MD</arg>
<arg>ME</arg>
<arg>MF</arg>
<arg>MG</arg>
<arg>MH</arg>
<arg>MK</arg>
<arg>ML</arg>
<arg>MM</arg>
<arg>MN</arg>
<arg>MO</arg>
<arg>MP</arg>
<arg>MQ</arg>
<arg>MR</arg>
<arg>MS</arg>
<arg>MT</arg>
<arg>MU</arg>
<arg>MV</arg>
<arg>MW</arg>
<arg>MX</arg>
<arg>MY</arg>
<arg>MZ</arg>
<arg>NA</arg>
<arg>NC</arg>
<arg>NE</arg>
<arg>NF</arg>
<arg>NG</arg>
<arg>NI</arg>
<arg>NL</arg>
<arg>NO</arg>
<arg>NP</arg>
<arg>NR</arg>
<arg>NU</arg>
<arg>NZ</arg>
<arg>OM</arg>
<arg>PA</arg>
<arg>PE</arg>
<arg>PF</arg>
<arg>PG</arg>
<arg>PH</arg>
<arg>PK</arg>
<arg>PL</arg>
<arg>PM</arg>
<arg>PN</arg>
<arg>PR</arg>
<arg>PS</arg>
<arg>PT</arg>
<arg>PW</arg>
<arg>PY</arg>
<arg>QA</arg>
<arg>RE</arg>
<arg>RO</arg>
<arg>RS</arg>
<arg>RU</arg>
<arg>RW</arg>
<arg>SA</arg>
<arg>SB</arg>
<arg>SC</arg>
<arg>SD</arg>
<arg>SE</arg>
<arg>SG</arg>
<arg>SH</arg>
<arg>SI</arg>
<arg>SJ</arg>
<arg>SK</arg>
<arg>SL</arg>
<arg>SM</arg>
<arg>SN</arg>
<arg>SO</arg>
<arg>SR</arg>
<arg>SS</arg>
<arg>ST</arg>
<arg>SV</arg>
<arg>SX</arg>
<arg>SY</arg>
<arg>SZ</arg>
<arg>TC</arg>
<arg>TD</arg>
<arg>TF</arg>
<arg>TG</arg>
<arg>TH</arg>
<arg>TJ</arg>
<arg>TK</arg>
<arg>TL</arg>
<arg>TM</arg>
<arg>TN</arg>
<arg>TO</arg>
<arg>TR</arg>
<arg>TT</arg>
<arg>TV</arg>
<arg>TW</arg>
<arg>TZ</arg>
<arg>UA</arg>
<arg>UG</arg>
<arg>UM</arg>
<arg>US</arg>
<arg>UY</arg>
<arg>UZ</arg>
<arg>VA</arg>
<arg>VC</arg>
<arg>VE</arg>
<arg>VG</arg>
<arg>VI</arg>
<arg>VN</arg>
<arg>VU</arg>
<arg>WF</arg>
<arg>WS</arg>
<arg>XK</arg>
<arg>YE</arg>
<arg>YT</arg>
<arg>ZA</arg>
<arg>ZM</arg>
<arg>ZW</arg>
<doc>Returns a list containing given items.</doc>
<status status="PASS" start="2024-06-28T23:15:31.186972" elapsed="0.000618"/>
</kw>
<kw name="List Should Contain Value" owner="Collections">
<arg>${list_country}</arg>
<arg>${name_country}</arg>
<doc>Fails if the ``value`` is not found from ``list``.</doc>
<status status="PASS" start="2024-06-28T23:15:31.188406" elapsed="0.000198"/>
</kw>
<kw name="Run Keyword If" owner="BuiltIn">
<kw name="Should Be True" owner="BuiltIn">
<arg>${True}</arg>
<doc>Fails if the given condition is not true.</doc>
<status status="PASS" start="2024-06-28T23:15:31.189572" elapsed="0.000142"/>
</kw>
<arg>${json_data["results"][0]["location"]["coordinates"]["latitude"]} &gt;= -90 and ${json_data["results"][0]["location"]["coordinates"]["latitude"]} &lt;= 90</arg>
<arg>Should Be True</arg>
<arg>${True}</arg>
<doc>Runs the given keyword with the given arguments, if ``condition`` is true.</doc>
<status status="PASS" start="2024-06-28T23:15:31.188796" elapsed="0.001041"/>
</kw>
<kw name="Run Keyword If" owner="BuiltIn">
<kw name="Should Be True" owner="BuiltIn">
<arg>${True}</arg>
<doc>Fails if the given condition is not true.</doc>
<status status="PASS" start="2024-06-28T23:15:31.190706" elapsed="0.000237"/>
</kw>
<arg>${json_data["results"][0]["location"]["coordinates"]["longitude"]} &gt;= -180 and ${json_data["results"][0]["location"]["coordinates"]["longitude"]} &lt;= 180</arg>
<arg>Should Be True</arg>
<arg>${True}</arg>
<doc>Runs the given keyword with the given arguments, if ``condition`` is true.</doc>
<status status="PASS" start="2024-06-28T23:15:31.190014" elapsed="0.001055"/>
</kw>
<status status="PASS" start="2024-06-28T23:15:31.090121" elapsed="0.101081"/>
</kw>
<doc>Testa o conteúdo específico dos campos retornados pela API.</doc>
<tag>testeConteudo</tag>
<status status="PASS" start="2024-06-28T23:15:31.089563" elapsed="0.101799"/>
</test>
<status status="PASS" start="2024-06-28T23:15:30.260373" elapsed="0.933011"/>
</suite>
<status status="PASS" start="2024-06-28T23:15:30.246035" elapsed="0.952433"/>
</suite>
<statistics>
<total>
<stat pass="5" fail="0" skip="0">All Tests</stat>
</total>
<tag>
<stat pass="1" fail="0" skip="0">testeConteudo</stat>
<stat pass="1" fail="0" skip="0">testeEstruturaResposta</stat>
<stat pass="1" fail="0" skip="0">testeRequisicaoBasica</stat>
<stat pass="1" fail="0" skip="0">testeTiposDados</stat>
</tag>
<suite>
<stat pass="5" fail="0" skip="0" id="s1" name="Tests">Tests</stat>
<stat pass="5" fail="0" skip="0" id="s1-s1" name="Random-User-Test">Tests.Random-User-Test</stat>
</suite>
</statistics>
<errors>
</errors>
</robot>
