<?xml version="1.0" encoding="UTF-8"?>
<robot generator="Robot 7.0.1 (Python 3.12.4 on linux)" generated="2024-07-17T09:18:22.668498" rpa="false" schemaversion="5">
<suite id="s1" name="Tests" source="/home/runner/work/ApiRandomUser/ApiRandomUser/RamdonUser/tests">
<suite id="s1-s1" name="Random-User-Test" source="/home/runner/work/ApiRandomUser/ApiRandomUser/RamdonUser/tests/random-user-test.robot">
<test id="s1-s1-t1" name="Conectar" line="13">
<kw name="Conectar API" owner="random-user-service">
<kw name="Create Session" owner="RequestsLibrary">
<msg time="2024-07-17T09:18:23.089048" level="INFO">Creating Session using : alias=consultarAPI, url=https://randomuser.me/, headers={},                     cookies={}, auth=None, timeout=None, proxies=None, verify=False,                     debug=0 </msg>
<arg>consultarAPI</arg>
<arg>${URL}</arg>
<doc>Create Session: create a HTTP session to a server</doc>
<status status="PASS" start="2024-07-17T09:18:23.088838" elapsed="0.000418"/>
</kw>
<status status="PASS" start="2024-07-17T09:18:23.087855" elapsed="0.001771"/>
</kw>
<status status="PASS" start="2024-07-17T09:18:23.087158" elapsed="0.002664"/>
</test>
<test id="s1-s1-t2" name="Validar retorno 200 e JSON Válido" line="16">
<kw name="Teste de Requisicao Basica" owner="random-user-service">
<kw name="GET On Session" owner="RequestsLibrary">
<msg time="2024-07-17T09:18:23.270623" level="INFO">GET Request : url=https://randomuser.me/api 
 path_url=/api 
 headers={'User-Agent': 'python-requests/2.32.3', 'Accept-Encoding': 'gzip, deflate', 'Accept': '*/*', 'Connection': 'keep-alive'} 
 body=None 
 </msg>
<msg time="2024-07-17T09:18:23.270778" level="INFO">GET Response : url=https://randomuser.me/api 
 status=200, reason=OK 
 headers={'Date': 'Wed, 17 Jul 2024 09:18:23 GMT', 'Content-Type': 'application/json; charset=utf-8', 'Transfer-Encoding': 'chunked', 'Connection': 'keep-alive', 'X-Powered-By': 'Express', 'Access-Control-Allow-Origin': '*', 'Cache-Control': 'no-cache', 'ETag': 'W/"480-g7SY9erjxkstZgaISgASenRk3v0"', 'Vary': 'Accept-Encoding', 'Content-Encoding': 'gzip', 'CF-Cache-Status': 'DYNAMIC', 'Report-To': '{"endpoints":[{"url":"https:\\/\\/a.nel.cloudflare.com\\/report\\/v4?s=%2BpuYRh%2FIMhU38Ahjg13LOI6BgVNmPwz5CdCmvpqVbXl08darS3w4jAs%2BygdYnrs3WJ4R71VClS8RpTIyJHB8t7T1gjMcbJ3eyqLZ8y040dP6K6YMHC%2BlGgRadTJGeO5Y"}],"group":"cf-nel","max_age":604800}', 'NEL': '{"success_fraction":0,"report_to":"cf-nel","max_age":604800}', 'Server': 'cloudflare', 'CF-RAY': '8a4924f32ed92d08-IAD', 'alt-svc': 'h3=":443"; ma=86400'} 
 body={"results":[{"gender":"female","name":{"title":"Miss","first":"Charlotte","last":"Hall"},"location":{"street":{"number":8175,"name":"Elles Road"},"city":"Rotorua","state":"Southland","country":"New Zealand","postcode":24606,"coordinates":{"latitude":"53.1525","longitude":"89.2250"},"timezone":{"offset":"-11:00","description":"Midway Island, Samoa"}},"email":"charlotte.hall@example.com","login":{"uuid":"3310d3aa-2822-4ce0-9cef-4bf2dc9c43d3","username":"yellowfish759","password":"tree","salt":"HhjX5avW","md5":"eb285b7f54b54bf27372304197764324","sha1":"61a91c3c0ff0b05f4e15b3f2bc025267bc1a1ace","sha256":"9c43c04c474eab263466bf7b53d3d97f0439d22037861d95a94826708a3f73f4"},"dob":{"date":"1999-09-11T03:45:00.913Z","age":24},"registered":{"date":"2005-10-03T02:07:13.316Z","age":18},"phone":"(767)-218-2440","cell":"(802)-316-5085","id":{"name":"","value":null},"picture":{"large":"https://randomuser.me/api/portraits/women/84.jpg","medium":"https://randomuser.me/api/portraits/med/women/84.jpg","thumbnail":"https://randomuser.me/api/portraits/thumb/women/84.jpg"},"nat":"NZ"}],"info":{"seed":"a3a7d7482bb42658","results":1,"page":1,"version":"1.4"}} 
 </msg>
<msg time="2024-07-17T09:18:23.270879" level="INFO">/opt/hostedtoolcache/Python/3.12.4/x64/lib/python3.12/site-packages/urllib3/connectionpool.py:1099: InsecureRequestWarning: Unverified HTTPS request is being made to host 'randomuser.me'. Adding certificate verification is strongly advised. See: https://urllib3.readthedocs.io/en/latest/advanced-usage.html#tls-warnings
  warnings.warn(</msg>
<msg time="2024-07-17T09:18:23.271060" level="INFO">${response} = &lt;Response [200]&gt;</msg>
<var>${response}</var>
<arg>consultarAPI</arg>
<arg>/api</arg>
<doc>Sends a GET request on a previously created HTTP Session.</doc>
<status status="PASS" start="2024-07-17T09:18:23.092524" elapsed="0.178593"/>
</kw>
<kw name="Should Be Equal As Numbers" owner="BuiltIn">
<msg time="2024-07-17T09:18:23.272108" level="INFO">Argument types are:
&lt;class 'int'&gt;
&lt;class 'str'&gt;</msg>
<arg>${response.status_code}</arg>
<arg>200</arg>
<doc>Fails if objects are unequal after converting them to real numbers.</doc>
<status status="PASS" start="2024-07-17T09:18:23.271639" elapsed="0.000536"/>
</kw>
<kw name="Log" owner="BuiltIn">
<msg time="2024-07-17T09:18:23.272872" level="INFO">200</msg>
<arg>${response.status_code}</arg>
<doc>Logs the given message with the given level.</doc>
<status status="PASS" start="2024-07-17T09:18:23.272517" elapsed="0.000398"/>
</kw>
<kw name="Set Variable" owner="BuiltIn">
<msg time="2024-07-17T09:18:23.273716" level="INFO">${json_data} = {'results': [{'gender': 'female', 'name': {'title': 'Miss', 'first': 'Charlotte', 'last': 'Hall'}, 'location': {'street': {'number': 8175, 'name': 'Elles Road'}, 'city': 'Rotorua', 'state': 'Southland...</msg>
<var>${json_data}</var>
<arg>${response.json()}</arg>
<doc>Returns the given values which can then be assigned to a variables.</doc>
<status status="PASS" start="2024-07-17T09:18:23.273273" elapsed="0.000472"/>
</kw>
<kw name="Dictionary Should Contain Key" owner="Collections">
<arg>${json_data}</arg>
<arg>results</arg>
<doc>Fails if ``key`` is not found from ``dictionary``.</doc>
<status status="PASS" start="2024-07-17T09:18:23.274047" elapsed="0.000167"/>
</kw>
<status status="PASS" start="2024-07-17T09:18:23.092273" elapsed="0.182096"/>
</kw>
<doc>Testa se a API responde corretamente e retorna um objeto JSON válido.</doc>
<tag>testeRequisicaoBasica</tag>
<status status="PASS" start="2024-07-17T09:18:23.091727" elapsed="0.182824"/>
</test>
<test id="s1-s1-t3" name="Validar estrutura de resposta" line="22">
<kw name="Teste de Estrutura de Resposta" owner="random-user-service">
<kw name="GET On Session" owner="RequestsLibrary">
<msg time="2024-07-17T09:18:23.358304" level="INFO">GET Request : url=https://randomuser.me/api 
 path_url=/api 
 headers={'User-Agent': 'python-requests/2.32.3', 'Accept-Encoding': 'gzip, deflate', 'Accept': '*/*', 'Connection': 'keep-alive'} 
 body=None 
 </msg>
<msg time="2024-07-17T09:18:23.358386" level="INFO">GET Response : url=https://randomuser.me/api 
 status=200, reason=OK 
 headers={'Date': 'Wed, 17 Jul 2024 09:18:23 GMT', 'Content-Type': 'application/json; charset=utf-8', 'Transfer-Encoding': 'chunked', 'Connection': 'keep-alive', 'X-Powered-By': 'Express', 'Access-Control-Allow-Origin': '*', 'Cache-Control': 'no-cache', 'ETag': 'W/"496-pefV9Xq69aOPtiC+BryLroqB0d4"', 'Vary': 'Accept-Encoding', 'Content-Encoding': 'gzip', 'CF-Cache-Status': 'DYNAMIC', 'Report-To': '{"endpoints":[{"url":"https:\\/\\/a.nel.cloudflare.com\\/report\\/v4?s=JM9%2F6aqerMU%2F6jWrwjgYS6LqTXyjwpdf50%2BOxrgLY4XyfI3ukPj%2BdD7YurPT7TIfO4J1OrCAfqbGtNevoGhDaUHcDaWYt2qO8%2B02%2FonF0eZz%2FcF6%2B2KmOVYo%2FIeSL8RA"}],"group":"cf-nel","max_age":604800}', 'NEL': '{"success_fraction":0,"report_to":"cf-nel","max_age":604800}', 'Server': 'cloudflare', 'CF-RAY': '8a4924f38f0c2d08-IAD', 'alt-svc': 'h3=":443"; ma=86400'} 
 body={"results":[{"gender":"female","name":{"title":"Miss","first":"Lotta","last":"Søgaard"},"location":{"street":{"number":6909,"name":"Leirfallsgata"},"city":"Leland","state":"Telemark","country":"Norway","postcode":"1305","coordinates":{"latitude":"43.1863","longitude":"41.9339"},"timezone":{"offset":"+11:00","description":"Magadan, Solomon Islands, New Caledonia"}},"email":"lotta.sogaard@example.com","login":{"uuid":"9d3fb77c-9653-4b9f-902a-1ac6a774d027","username":"purplebutterfly672","password":"bigtime","salt":"AunSM0Ja","md5":"3910eb58fc616550d1ab3a3eee25f3c5","sha1":"69932356e2ab2715fed8e4517bc6af17cb68899f","sha256":"d41a074710edef694fc556f14775a2262864dfc14faef9e4e52e73fe7c7795ca"},"dob":{"date":"1990-08-02T15:59:25.729Z","age":33},"registered":{"date":"2009-11-13T03:33:43.051Z","age":14},"phone":"54380146","cell":"91019105","id":{"name":"FN","value":"02089000214"},"picture":{"large":"https://randomuser.me/api/portraits/women/65.jpg","medium":"https://randomuser.me/api/portraits/med/women/65.jpg","thumbnail":"https://randomuser.me/api/portraits/thumb/women/65.jpg"},"nat":"NO"}],"info":{"seed":"448c6b9b67922f94","results":1,"page":1,"version":"1.4"}} 
 </msg>
<msg time="2024-07-17T09:18:23.358498" level="INFO">/opt/hostedtoolcache/Python/3.12.4/x64/lib/python3.12/site-packages/urllib3/connectionpool.py:1099: InsecureRequestWarning: Unverified HTTPS request is being made to host 'randomuser.me'. Adding certificate verification is strongly advised. See: https://urllib3.readthedocs.io/en/latest/advanced-usage.html#tls-warnings
  warnings.warn(</msg>
<msg time="2024-07-17T09:18:23.358621" level="INFO">${response} = &lt;Response [200]&gt;</msg>
<var>${response}</var>
<arg>consultarAPI</arg>
<arg>/api</arg>
<doc>Sends a GET request on a previously created HTTP Session.</doc>
<status status="PASS" start="2024-07-17T09:18:23.277169" elapsed="0.081495"/>
</kw>
<kw name="Set Variable" owner="BuiltIn">
<msg time="2024-07-17T09:18:23.359534" level="INFO">${json_data} = {'results': [{'gender': 'female', 'name': {'title': 'Miss', 'first': 'Lotta', 'last': 'Søgaard'}, 'location': {'street': {'number': 6909, 'name': 'Leirfallsgata'}, 'city': 'Leland', 'state': 'Telemark...</msg>
<var>${json_data}</var>
<arg>${response.json()}</arg>
<doc>Returns the given values which can then be assigned to a variables.</doc>
<status status="PASS" start="2024-07-17T09:18:23.359052" elapsed="0.000512"/>
</kw>
<kw name="Log" owner="BuiltIn">
<msg time="2024-07-17T09:18:23.360037" level="INFO">{'results': [{'gender': 'female', 'name': {'title': 'Miss', 'first': 'Lotta', 'last': 'Søgaard'}, 'location': {'street': {'number': 6909, 'name': 'Leirfallsgata'}, 'city': 'Leland', 'state': 'Telemark', 'country': 'Norway', 'postcode': '1305', 'coordinates': {'latitude': '43.1863', 'longitude': '41.9339'}, 'timezone': {'offset': '+11:00', 'description': 'Magadan, Solomon Islands, New Caledonia'}}, 'email': 'lotta.sogaard@example.com', 'login': {'uuid': '9d3fb77c-9653-4b9f-902a-1ac6a774d027', 'username': 'purplebutterfly672', 'password': 'bigtime', 'salt': 'AunSM0Ja', 'md5': '3910eb58fc616550d1ab3a3eee25f3c5', 'sha1': '69932356e2ab2715fed8e4517bc6af17cb68899f', 'sha256': 'd41a074710edef694fc556f14775a2262864dfc14faef9e4e52e73fe7c7795ca'}, 'dob': {'date': '1990-08-02T15:59:25.729Z', 'age': 33}, 'registered': {'date': '2009-11-13T03:33:43.051Z', 'age': 14}, 'phone': '54380146', 'cell': '91019105', 'id': {'name': 'FN', 'value': '02089000214'}, 'picture': {'large': 'https://randomuser.me/api/portraits/women/65.jpg', 'medium': 'https://randomuser.me/api/portraits/med/women/65.jpg', 'thumbnail': 'https://randomuser.me/api/portraits/thumb/women/65.jpg'}, 'nat': 'NO'}], 'info': {'seed': '448c6b9b67922f94', 'results': 1, 'page': 1, 'version': '1.4'}}</msg>
<arg>${json_data}</arg>
<doc>Logs the given message with the given level.</doc>
<status status="PASS" start="2024-07-17T09:18:23.359877" elapsed="0.000211"/>
</kw>
<kw name="Dictionary Should Contain Key" owner="Collections">
<arg>${json_data}</arg>
<arg>results</arg>
<doc>Fails if ``key`` is not found from ``dictionary``.</doc>
<status status="PASS" start="2024-07-17T09:18:23.360391" elapsed="0.000165"/>
</kw>
<kw name="Should Not Be Empty" owner="BuiltIn">
<msg time="2024-07-17T09:18:23.360878" level="INFO">Length is 2.</msg>
<arg>${json_data}</arg>
<doc>Verifies that the given item is not empty.</doc>
<status status="PASS" start="2024-07-17T09:18:23.360749" elapsed="0.000168"/>
</kw>
<kw name="Create List" owner="BuiltIn">
<msg time="2024-07-17T09:18:23.361422" level="INFO">${expected_keys} = ['gender', 'name', 'location', 'email', 'login']</msg>
<var>${expected_keys}</var>
<arg>gender</arg>
<arg>name</arg>
<arg>location</arg>
<arg>email</arg>
<arg>login</arg>
<doc>Returns a list containing given items.</doc>
<status status="PASS" start="2024-07-17T09:18:23.361266" elapsed="0.000181"/>
</kw>
<for flavor="IN">
<iter>
<kw name="Dictionary Should Contain Key" owner="Collections">
<arg>${json_data['results'][0]}</arg>
<arg>${key}</arg>
<doc>Fails if ``key`` is not found from ``dictionary``.</doc>
<status status="PASS" start="2024-07-17T09:18:23.362187" elapsed="0.000408"/>
</kw>
<kw name="Log" owner="BuiltIn">
<msg time="2024-07-17T09:18:23.363167" level="INFO">{'gender': 'female', 'name': {'title': 'Miss', 'first': 'Lotta', 'last': 'Søgaard'}, 'location': {'street': {'number': 6909, 'name': 'Leirfallsgata'}, 'city': 'Leland', 'state': 'Telemark', 'country': 'Norway', 'postcode': '1305', 'coordinates': {'latitude': '43.1863', 'longitude': '41.9339'}, 'timezone': {'offset': '+11:00', 'description': 'Magadan, Solomon Islands, New Caledonia'}}, 'email': 'lotta.sogaard@example.com', 'login': {'uuid': '9d3fb77c-9653-4b9f-902a-1ac6a774d027', 'username': 'purplebutterfly672', 'password': 'bigtime', 'salt': 'AunSM0Ja', 'md5': '3910eb58fc616550d1ab3a3eee25f3c5', 'sha1': '69932356e2ab2715fed8e4517bc6af17cb68899f', 'sha256': 'd41a074710edef694fc556f14775a2262864dfc14faef9e4e52e73fe7c7795ca'}, 'dob': {'date': '1990-08-02T15:59:25.729Z', 'age': 33}, 'registered': {'date': '2009-11-13T03:33:43.051Z', 'age': 14}, 'phone': '54380146', 'cell': '91019105', 'id': {'name': 'FN', 'value': '02089000214'}, 'picture': {'large': 'https://randomuser.me/api/portraits/women/65.jpg', 'medium': 'https://randomuser.me/api/portraits/med/women/65.jpg', 'thumbnail': 'https://randomuser.me/api/portraits/thumb/women/65.jpg'}, 'nat': 'NO'}</msg>
<arg>${json_data['results'][0]}</arg>
<doc>Logs the given message with the given level.</doc>
<status status="PASS" start="2024-07-17T09:18:23.362792" elapsed="0.000427"/>
</kw>
<kw name="Log" owner="BuiltIn">
<msg time="2024-07-17T09:18:23.363657" level="INFO">gender</msg>
<arg>${key}</arg>
<doc>Logs the given message with the given level.</doc>
<status status="PASS" start="2024-07-17T09:18:23.363526" elapsed="0.000170"/>
</kw>
<var name="${key}">gender</var>
<status status="PASS" start="2024-07-17T09:18:23.362062" elapsed="0.001852"/>
</iter>
<iter>
<kw name="Dictionary Should Contain Key" owner="Collections">
<arg>${json_data['results'][0]}</arg>
<arg>${key}</arg>
<doc>Fails if ``key`` is not found from ``dictionary``.</doc>
<status status="PASS" start="2024-07-17T09:18:23.364214" elapsed="0.000398"/>
</kw>
<kw name="Log" owner="BuiltIn">
<msg time="2024-07-17T09:18:23.365187" level="INFO">{'gender': 'female', 'name': {'title': 'Miss', 'first': 'Lotta', 'last': 'Søgaard'}, 'location': {'street': {'number': 6909, 'name': 'Leirfallsgata'}, 'city': 'Leland', 'state': 'Telemark', 'country': 'Norway', 'postcode': '1305', 'coordinates': {'latitude': '43.1863', 'longitude': '41.9339'}, 'timezone': {'offset': '+11:00', 'description': 'Magadan, Solomon Islands, New Caledonia'}}, 'email': 'lotta.sogaard@example.com', 'login': {'uuid': '9d3fb77c-9653-4b9f-902a-1ac6a774d027', 'username': 'purplebutterfly672', 'password': 'bigtime', 'salt': 'AunSM0Ja', 'md5': '3910eb58fc616550d1ab3a3eee25f3c5', 'sha1': '69932356e2ab2715fed8e4517bc6af17cb68899f', 'sha256': 'd41a074710edef694fc556f14775a2262864dfc14faef9e4e52e73fe7c7795ca'}, 'dob': {'date': '1990-08-02T15:59:25.729Z', 'age': 33}, 'registered': {'date': '2009-11-13T03:33:43.051Z', 'age': 14}, 'phone': '54380146', 'cell': '91019105', 'id': {'name': 'FN', 'value': '02089000214'}, 'picture': {'large': 'https://randomuser.me/api/portraits/women/65.jpg', 'medium': 'https://randomuser.me/api/portraits/med/women/65.jpg', 'thumbnail': 'https://randomuser.me/api/portraits/thumb/women/65.jpg'}, 'nat': 'NO'}</msg>
<arg>${json_data['results'][0]}</arg>
<doc>Logs the given message with the given level.</doc>
<status status="PASS" start="2024-07-17T09:18:23.364798" elapsed="0.000475"/>
</kw>
<kw name="Log" owner="BuiltIn">
<msg time="2024-07-17T09:18:23.365722" level="INFO">name</msg>
<arg>${key}</arg>
<doc>Logs the given message with the given level.</doc>
<status status="PASS" start="2024-07-17T09:18:23.365592" elapsed="0.000168"/>
</kw>
<var name="${key}">name</var>
<status status="PASS" start="2024-07-17T09:18:23.364103" elapsed="0.001880"/>
</iter>
<iter>
<kw name="Dictionary Should Contain Key" owner="Collections">
<arg>${json_data['results'][0]}</arg>
<arg>${key}</arg>
<doc>Fails if ``key`` is not found from ``dictionary``.</doc>
<status status="PASS" start="2024-07-17T09:18:23.366271" elapsed="0.000379"/>
</kw>
<kw name="Log" owner="BuiltIn">
<msg time="2024-07-17T09:18:23.367196" level="INFO">{'gender': 'female', 'name': {'title': 'Miss', 'first': 'Lotta', 'last': 'Søgaard'}, 'location': {'street': {'number': 6909, 'name': 'Leirfallsgata'}, 'city': 'Leland', 'state': 'Telemark', 'country': 'Norway', 'postcode': '1305', 'coordinates': {'latitude': '43.1863', 'longitude': '41.9339'}, 'timezone': {'offset': '+11:00', 'description': 'Magadan, Solomon Islands, New Caledonia'}}, 'email': 'lotta.sogaard@example.com', 'login': {'uuid': '9d3fb77c-9653-4b9f-902a-1ac6a774d027', 'username': 'purplebutterfly672', 'password': 'bigtime', 'salt': 'AunSM0Ja', 'md5': '3910eb58fc616550d1ab3a3eee25f3c5', 'sha1': '69932356e2ab2715fed8e4517bc6af17cb68899f', 'sha256': 'd41a074710edef694fc556f14775a2262864dfc14faef9e4e52e73fe7c7795ca'}, 'dob': {'date': '1990-08-02T15:59:25.729Z', 'age': 33}, 'registered': {'date': '2009-11-13T03:33:43.051Z', 'age': 14}, 'phone': '54380146', 'cell': '91019105', 'id': {'name': 'FN', 'value': '02089000214'}, 'picture': {'large': 'https://randomuser.me/api/portraits/women/65.jpg', 'medium': 'https://randomuser.me/api/portraits/med/women/65.jpg', 'thumbnail': 'https://randomuser.me/api/portraits/thumb/women/65.jpg'}, 'nat': 'NO'}</msg>
<arg>${json_data['results'][0]}</arg>
<doc>Logs the given message with the given level.</doc>
<status status="PASS" start="2024-07-17T09:18:23.366833" elapsed="0.000414"/>
</kw>
<kw name="Log" owner="BuiltIn">
<msg time="2024-07-17T09:18:23.367678" level="INFO">location</msg>
<arg>${key}</arg>
<doc>Logs the given message with the given level.</doc>
<status status="PASS" start="2024-07-17T09:18:23.367551" elapsed="0.000163"/>
</kw>
<var name="${key}">location</var>
<status status="PASS" start="2024-07-17T09:18:23.366163" elapsed="0.001766"/>
</iter>
<iter>
<kw name="Dictionary Should Contain Key" owner="Collections">
<arg>${json_data['results'][0]}</arg>
<arg>${key}</arg>
<doc>Fails if ``key`` is not found from ``dictionary``.</doc>
<status status="PASS" start="2024-07-17T09:18:23.368217" elapsed="0.000388"/>
</kw>
<kw name="Log" owner="BuiltIn">
<msg time="2024-07-17T09:18:23.369185" level="INFO">{'gender': 'female', 'name': {'title': 'Miss', 'first': 'Lotta', 'last': 'Søgaard'}, 'location': {'street': {'number': 6909, 'name': 'Leirfallsgata'}, 'city': 'Leland', 'state': 'Telemark', 'country': 'Norway', 'postcode': '1305', 'coordinates': {'latitude': '43.1863', 'longitude': '41.9339'}, 'timezone': {'offset': '+11:00', 'description': 'Magadan, Solomon Islands, New Caledonia'}}, 'email': 'lotta.sogaard@example.com', 'login': {'uuid': '9d3fb77c-9653-4b9f-902a-1ac6a774d027', 'username': 'purplebutterfly672', 'password': 'bigtime', 'salt': 'AunSM0Ja', 'md5': '3910eb58fc616550d1ab3a3eee25f3c5', 'sha1': '69932356e2ab2715fed8e4517bc6af17cb68899f', 'sha256': 'd41a074710edef694fc556f14775a2262864dfc14faef9e4e52e73fe7c7795ca'}, 'dob': {'date': '1990-08-02T15:59:25.729Z', 'age': 33}, 'registered': {'date': '2009-11-13T03:33:43.051Z', 'age': 14}, 'phone': '54380146', 'cell': '91019105', 'id': {'name': 'FN', 'value': '02089000214'}, 'picture': {'large': 'https://randomuser.me/api/portraits/women/65.jpg', 'medium': 'https://randomuser.me/api/portraits/med/women/65.jpg', 'thumbnail': 'https://randomuser.me/api/portraits/thumb/women/65.jpg'}, 'nat': 'NO'}</msg>
<arg>${json_data['results'][0]}</arg>
<doc>Logs the given message with the given level.</doc>
<status status="PASS" start="2024-07-17T09:18:23.368794" elapsed="0.000444"/>
</kw>
<kw name="Log" owner="BuiltIn">
<msg time="2024-07-17T09:18:23.369674" level="INFO">email</msg>
<arg>${key}</arg>
<doc>Logs the given message with the given level.</doc>
<status status="PASS" start="2024-07-17T09:18:23.369545" elapsed="0.000168"/>
</kw>
<var name="${key}">email</var>
<status status="PASS" start="2024-07-17T09:18:23.368110" elapsed="0.001819"/>
</iter>
<iter>
<kw name="Dictionary Should Contain Key" owner="Collections">
<arg>${json_data['results'][0]}</arg>
<arg>${key}</arg>
<doc>Fails if ``key`` is not found from ``dictionary``.</doc>
<status status="PASS" start="2024-07-17T09:18:23.370228" elapsed="0.000397"/>
</kw>
<kw name="Log" owner="BuiltIn">
<msg time="2024-07-17T09:18:23.371158" level="INFO">{'gender': 'female', 'name': {'title': 'Miss', 'first': 'Lotta', 'last': 'Søgaard'}, 'location': {'street': {'number': 6909, 'name': 'Leirfallsgata'}, 'city': 'Leland', 'state': 'Telemark', 'country': 'Norway', 'postcode': '1305', 'coordinates': {'latitude': '43.1863', 'longitude': '41.9339'}, 'timezone': {'offset': '+11:00', 'description': 'Magadan, Solomon Islands, New Caledonia'}}, 'email': 'lotta.sogaard@example.com', 'login': {'uuid': '9d3fb77c-9653-4b9f-902a-1ac6a774d027', 'username': 'purplebutterfly672', 'password': 'bigtime', 'salt': 'AunSM0Ja', 'md5': '3910eb58fc616550d1ab3a3eee25f3c5', 'sha1': '69932356e2ab2715fed8e4517bc6af17cb68899f', 'sha256': 'd41a074710edef694fc556f14775a2262864dfc14faef9e4e52e73fe7c7795ca'}, 'dob': {'date': '1990-08-02T15:59:25.729Z', 'age': 33}, 'registered': {'date': '2009-11-13T03:33:43.051Z', 'age': 14}, 'phone': '54380146', 'cell': '91019105', 'id': {'name': 'FN', 'value': '02089000214'}, 'picture': {'large': 'https://randomuser.me/api/portraits/women/65.jpg', 'medium': 'https://randomuser.me/api/portraits/med/women/65.jpg', 'thumbnail': 'https://randomuser.me/api/portraits/thumb/women/65.jpg'}, 'nat': 'NO'}</msg>
<arg>${json_data['results'][0]}</arg>
<doc>Logs the given message with the given level.</doc>
<status status="PASS" start="2024-07-17T09:18:23.370809" elapsed="0.000401"/>
</kw>
<kw name="Log" owner="BuiltIn">
<msg time="2024-07-17T09:18:23.371630" level="INFO">login</msg>
<arg>${key}</arg>
<doc>Logs the given message with the given level.</doc>
<status status="PASS" start="2024-07-17T09:18:23.371505" elapsed="0.000163"/>
</kw>
<var name="${key}">login</var>
<status status="PASS" start="2024-07-17T09:18:23.370102" elapsed="0.001789"/>
</iter>
<var>${key}</var>
<value>@{expected_keys}</value>
<status status="PASS" start="2024-07-17T09:18:23.361866" elapsed="0.010147"/>
</for>
<kw name="Create List" owner="BuiltIn">
<msg time="2024-07-17T09:18:23.372357" level="INFO">${expected_keysTwo} = ['username', 'password']</msg>
<var>${expected_keysTwo}</var>
<arg>username</arg>
<arg>password</arg>
<doc>Returns a list containing given items.</doc>
<status status="PASS" start="2024-07-17T09:18:23.372208" elapsed="0.000201"/>
</kw>
<for flavor="IN">
<iter>
<kw name="Dictionary Should Contain Key" owner="Collections">
<arg>${json_data['results'][0]['login']}</arg>
<arg>${keyTwo}</arg>
<doc>Fails if ``key`` is not found from ``dictionary``.</doc>
<status status="PASS" start="2024-07-17T09:18:23.372920" elapsed="0.000427"/>
</kw>
<kw name="Dictionary Should Contain Key" owner="Collections">
<arg>${json_data['results'][0]['login']}</arg>
<arg>${keyTwo}</arg>
<doc>Fails if ``key`` is not found from ``dictionary``.</doc>
<status status="PASS" start="2024-07-17T09:18:23.373532" elapsed="0.000380"/>
</kw>
<kw name="Log" owner="BuiltIn">
<msg time="2024-07-17T09:18:23.374220" level="INFO">username</msg>
<arg>${keyTwo}</arg>
<doc>Logs the given message with the given level.</doc>
<status status="PASS" start="2024-07-17T09:18:23.374096" elapsed="0.000161"/>
</kw>
<var name="${keyTwo}">username</var>
<status status="PASS" start="2024-07-17T09:18:23.372811" elapsed="0.001672"/>
</iter>
<iter>
<kw name="Dictionary Should Contain Key" owner="Collections">
<arg>${json_data['results'][0]['login']}</arg>
<arg>${keyTwo}</arg>
<doc>Fails if ``key`` is not found from ``dictionary``.</doc>
<status status="PASS" start="2024-07-17T09:18:23.374762" elapsed="0.000383"/>
</kw>
<kw name="Dictionary Should Contain Key" owner="Collections">
<arg>${json_data['results'][0]['login']}</arg>
<arg>${keyTwo}</arg>
<doc>Fails if ``key`` is not found from ``dictionary``.</doc>
<status status="PASS" start="2024-07-17T09:18:23.375324" elapsed="0.000368"/>
</kw>
<kw name="Log" owner="BuiltIn">
<msg time="2024-07-17T09:18:23.375985" level="INFO">password</msg>
<arg>${keyTwo}</arg>
<doc>Logs the given message with the given level.</doc>
<status status="PASS" start="2024-07-17T09:18:23.375867" elapsed="0.000159"/>
</kw>
<var name="${keyTwo}">password</var>
<status status="PASS" start="2024-07-17T09:18:23.374655" elapsed="0.001594"/>
</iter>
<var>${keyTwo}</var>
<value>@{expected_keysTwo}</value>
<status status="PASS" start="2024-07-17T09:18:23.372655" elapsed="0.003713"/>
</for>
<status status="PASS" start="2024-07-17T09:18:23.276897" elapsed="0.099610"/>
</kw>
<doc>Testa a estrutura da resposta da API.</doc>
<tag>testeEstruturaResposta</tag>
<status status="PASS" start="2024-07-17T09:18:23.276373" elapsed="0.100284"/>
</test>
<test id="s1-s1-t4" name="Validar tipos de dados" line="28">
<kw name="Teste de Tipos de Dados" owner="random-user-service">
<kw name="GET On Session" owner="RequestsLibrary">
<msg time="2024-07-17T09:18:23.478309" level="INFO">GET Request : url=https://randomuser.me/api 
 path_url=/api 
 headers={'User-Agent': 'python-requests/2.32.3', 'Accept-Encoding': 'gzip, deflate', 'Accept': '*/*', 'Connection': 'keep-alive'} 
 body=None 
 </msg>
<msg time="2024-07-17T09:18:23.478387" level="INFO">GET Response : url=https://randomuser.me/api 
 status=200, reason=OK 
 headers={'Date': 'Wed, 17 Jul 2024 09:18:23 GMT', 'Content-Type': 'application/json; charset=utf-8', 'Transfer-Encoding': 'chunked', 'Connection': 'keep-alive', 'X-Powered-By': 'Express', 'Access-Control-Allow-Origin': '*', 'Cache-Control': 'no-cache', 'ETag': 'W/"48d-+iOyCKxtRVFeY6biOSmQz6+oKLE"', 'Vary': 'Accept-Encoding', 'Content-Encoding': 'gzip', 'CF-Cache-Status': 'DYNAMIC', 'Report-To': '{"endpoints":[{"url":"https:\\/\\/a.nel.cloudflare.com\\/report\\/v4?s=dKaJ6s4vp6YjaT3IqrTUkJYt%2FzQjp0cetbnKiG8jt6VqYLiwYEBHb%2Fhk65mk6xmpt4av7fgX1Bn0%2FVPSyiYWVvA2Dl8VrW4J6RtASagHBRP2DKZSStsOq402itKn2aab"}],"group":"cf-nel","max_age":604800}', 'NEL': '{"success_fraction":0,"report_to":"cf-nel","max_age":604800}', 'Server': 'cloudflare', 'CF-RAY': '8a4924f42f992d08-IAD', 'alt-svc': 'h3=":443"; ma=86400'} 
 body={"results":[{"gender":"female","name":{"title":"Ms","first":"Phoebe","last":"Li"},"location":{"street":{"number":4963,"name":"Tweed Street"},"city":"Invercargill","state":"Nelson","country":"New Zealand","postcode":41385,"coordinates":{"latitude":"48.2189","longitude":"53.3004"},"timezone":{"offset":"+9:00","description":"Tokyo, Seoul, Osaka, Sapporo, Yakutsk"}},"email":"phoebe.li@example.com","login":{"uuid":"c7de7e57-541a-4ee8-b224-9c41d4aea084","username":"crazymeercat782","password":"belinda","salt":"qfP66G8k","md5":"0f0843b72d5704c5bbda826074bde614","sha1":"af5e6b307aced43c9feeb0a04256d12a427ce706","sha256":"07aee2f9d18c76cd4a3373722d19c0d04c64014a4487135c754b7ba28531f860"},"dob":{"date":"1958-11-14T02:53:53.695Z","age":65},"registered":{"date":"2003-11-04T09:51:43.646Z","age":20},"phone":"(268)-605-2473","cell":"(141)-483-4800","id":{"name":"","value":null},"picture":{"large":"https://randomuser.me/api/portraits/women/79.jpg","medium":"https://randomuser.me/api/portraits/med/women/79.jpg","thumbnail":"https://randomuser.me/api/portraits/thumb/women/79.jpg"},"nat":"NZ"}],"info":{"seed":"d1b9b623b5db7714","results":1,"page":1,"version":"1.4"}} 
 </msg>
<msg time="2024-07-17T09:18:23.478461" level="INFO">/opt/hostedtoolcache/Python/3.12.4/x64/lib/python3.12/site-packages/urllib3/connectionpool.py:1099: InsecureRequestWarning: Unverified HTTPS request is being made to host 'randomuser.me'. Adding certificate verification is strongly advised. See: https://urllib3.readthedocs.io/en/latest/advanced-usage.html#tls-warnings
  warnings.warn(</msg>
<msg time="2024-07-17T09:18:23.478591" level="INFO">${response} = &lt;Response [200]&gt;</msg>
<var>${response}</var>
<arg>consultarAPI</arg>
<arg>/api</arg>
<doc>Sends a GET request on a previously created HTTP Session.</doc>
<status status="PASS" start="2024-07-17T09:18:23.379283" elapsed="0.099351"/>
</kw>
<kw name="Set Variable" owner="BuiltIn">
<msg time="2024-07-17T09:18:23.479473" level="INFO">${json_data} = {'results': [{'gender': 'female', 'name': {'title': 'Ms', 'first': 'Phoebe', 'last': 'Li'}, 'location': {'street': {'number': 4963, 'name': 'Tweed Street'}, 'city': 'Invercargill', 'state': 'Nelson', ...</msg>
<var>${json_data}</var>
<arg>${response.json()}</arg>
<doc>Returns the given values which can then be assigned to a variables.</doc>
<status status="PASS" start="2024-07-17T09:18:23.479021" elapsed="0.000480"/>
</kw>
<kw name="Log" owner="BuiltIn">
<msg time="2024-07-17T09:18:23.479964" level="INFO">{'results': [{'gender': 'female', 'name': {'title': 'Ms', 'first': 'Phoebe', 'last': 'Li'}, 'location': {'street': {'number': 4963, 'name': 'Tweed Street'}, 'city': 'Invercargill', 'state': 'Nelson', 'country': 'New Zealand', 'postcode': 41385, 'coordinates': {'latitude': '48.2189', 'longitude': '53.3004'}, 'timezone': {'offset': '+9:00', 'description': 'Tokyo, Seoul, Osaka, Sapporo, Yakutsk'}}, 'email': 'phoebe.li@example.com', 'login': {'uuid': 'c7de7e57-541a-4ee8-b224-9c41d4aea084', 'username': 'crazymeercat782', 'password': 'belinda', 'salt': 'qfP66G8k', 'md5': '0f0843b72d5704c5bbda826074bde614', 'sha1': 'af5e6b307aced43c9feeb0a04256d12a427ce706', 'sha256': '07aee2f9d18c76cd4a3373722d19c0d04c64014a4487135c754b7ba28531f860'}, 'dob': {'date': '1958-11-14T02:53:53.695Z', 'age': 65}, 'registered': {'date': '2003-11-04T09:51:43.646Z', 'age': 20}, 'phone': '(268)-605-2473', 'cell': '(141)-483-4800', 'id': {'name': '', 'value': None}, 'picture': {'large': 'https://randomuser.me/api/portraits/women/79.jpg', 'medium': 'https://randomuser.me/api/portraits/med/women/79.jpg', 'thumbnail': 'https://randomuser.me/api/portraits/thumb/women/79.jpg'}, 'nat': 'NZ'}], 'info': {'seed': 'd1b9b623b5db7714', 'results': 1, 'page': 1, 'version': '1.4'}}</msg>
<arg>${json_data}</arg>
<doc>Logs the given message with the given level.</doc>
<status status="PASS" start="2024-07-17T09:18:23.479808" elapsed="0.000202"/>
</kw>
<kw name="Should Be String" owner="String">
<arg>${json_data['results'][0]['gender']}</arg>
<doc>Fails if the given ``item`` is not a string.</doc>
<status status="PASS" start="2024-07-17T09:18:23.480299" elapsed="0.000356"/>
</kw>
<kw name="Should Match Regexp" owner="BuiltIn">
<arg>${json_data['results'][0]['email']}</arg>
<arg>^[a-zA-Z0-9._%+-]+@[a-zA-Z0-9.-]+\.[a-zA-Z]{2,}$</arg>
<doc>Fails if ``string`` does not match ``pattern`` as a regular expression.</doc>
<status status="PASS" start="2024-07-17T09:18:23.480846" elapsed="0.000560"/>
</kw>
<kw name="Should Match Regexp" owner="BuiltIn">
<arg>${json_data['results'][0]['dob']['date']}</arg>
<arg>\\d{4}-\\d{2}-\\d{2}T\\d{2}:\\d{2}:\\d{2}\\.\\d{3}Z</arg>
<doc>Fails if ``string`` does not match ``pattern`` as a regular expression.</doc>
<status status="PASS" start="2024-07-17T09:18:23.481657" elapsed="0.000493"/>
</kw>
<kw name="Should Match Regexp" owner="BuiltIn">
<arg>${json_data['results'][0]['registered']['date']}</arg>
<arg>\\d{4}-\\d{2}-\\d{2}T\\d{2}:\\d{2}:\\d{2}\\.\\d{3}Z</arg>
<doc>Fails if ``string`` does not match ``pattern`` as a regular expression.</doc>
<status status="PASS" start="2024-07-17T09:18:23.482340" elapsed="0.000367"/>
</kw>
<kw name="Should Match Regexp" owner="BuiltIn">
<arg>${json_data['results'][0]['picture']['large']}</arg>
<arg>^https?://.*\.(?:png|jpe?g|gif|bmp)$</arg>
<doc>Fails if ``string`` does not match ``pattern`` as a regular expression.</doc>
<status status="PASS" start="2024-07-17T09:18:23.482889" elapsed="0.000455"/>
</kw>
<kw name="Should Match Regexp" owner="BuiltIn">
<arg>${json_data['results'][0]['picture']['medium']}</arg>
<arg>^https?://.*\.(?:png|jpe?g|gif|bmp)$</arg>
<doc>Fails if ``string`` does not match ``pattern`` as a regular expression.</doc>
<status status="PASS" start="2024-07-17T09:18:23.483541" elapsed="0.000357"/>
</kw>
<kw name="Should Match Regexp" owner="BuiltIn">
<arg>${json_data['results'][0]['picture']['thumbnail']}</arg>
<arg>^https?://.*\.(?:png|jpe?g|gif|bmp)$</arg>
<doc>Fails if ``string`` does not match ``pattern`` as a regular expression.</doc>
<status status="PASS" start="2024-07-17T09:18:23.484081" elapsed="0.000356"/>
</kw>
<kw name="Log" owner="BuiltIn">
<msg time="2024-07-17T09:18:23.484963" level="INFO">{'large': 'https://randomuser.me/api/portraits/women/79.jpg', 'medium': 'https://randomuser.me/api/portraits/med/women/79.jpg', 'thumbnail': 'https://randomuser.me/api/portraits/thumb/women/79.jpg'}</msg>
<arg>${json_data['results'][0]['picture']}</arg>
<doc>Logs the given message with the given level.</doc>
<status status="PASS" start="2024-07-17T09:18:23.484631" elapsed="0.000376"/>
</kw>
<status status="PASS" start="2024-07-17T09:18:23.379052" elapsed="0.106232"/>
</kw>
<kw name="Teste de Tipos de Dados - Postcode" owner="random-user-service">
<kw name="GET On Session" owner="RequestsLibrary">
<msg time="2024-07-17T09:18:23.562798" level="INFO">GET Request : url=https://randomuser.me/api 
 path_url=/api 
 headers={'User-Agent': 'python-requests/2.32.3', 'Accept-Encoding': 'gzip, deflate', 'Accept': '*/*', 'Connection': 'keep-alive'} 
 body=None 
 </msg>
<msg time="2024-07-17T09:18:23.562882" level="INFO">GET Response : url=https://randomuser.me/api 
 status=200, reason=OK 
 headers={'Date': 'Wed, 17 Jul 2024 09:18:23 GMT', 'Content-Type': 'application/json; charset=utf-8', 'Transfer-Encoding': 'chunked', 'Connection': 'keep-alive', 'X-Powered-By': 'Express', 'Access-Control-Allow-Origin': '*', 'Cache-Control': 'no-cache', 'ETag': 'W/"4b4-O7S+wRllfVpX29ccr4RVCGhxLjA"', 'Vary': 'Accept-Encoding', 'Content-Encoding': 'gzip', 'CF-Cache-Status': 'DYNAMIC', 'Report-To': '{"endpoints":[{"url":"https:\\/\\/a.nel.cloudflare.com\\/report\\/v4?s=OTFRjOy8Un9nTXB9vmDUs7LbkyXk2Icu7ETFDKZh%2Fb7%2B1%2FJWELAIuaWVrwIJKVX6pXnVFvU9NE8bq57VPgAk0hfNG475tF%2BiPK1iDca1to8HJtJ6JTMgqIFdQstfH4pU"}],"group":"cf-nel","max_age":604800}', 'NEL': '{"success_fraction":0,"report_to":"cf-nel","max_age":604800}', 'Server': 'cloudflare', 'CF-RAY': '8a4924f4c8262d08-IAD', 'alt-svc': 'h3=":443"; ma=86400'} 
 body={"results":[{"gender":"female","name":{"title":"Mrs","first":"Ambre","last":"Marchand"},"location":{"street":{"number":3076,"name":"Rue Laure-Diebold"},"city":"Clermont-Ferrand","state":"Loire-Atlantique","country":"France","postcode":67126,"coordinates":{"latitude":"-13.2564","longitude":"62.5720"},"timezone":{"offset":"+4:00","description":"Abu Dhabi, Muscat, Baku, Tbilisi"}},"email":"ambre.marchand@example.com","login":{"uuid":"19894e39-a2a0-4fc4-a6f3-786c5c5393fc","username":"blueladybug583","password":"webmaste","salt":"kOa8Yqjx","md5":"46164af4513e16e410463193d7af8688","sha1":"86d725df6fc4c11cea103418a0ef602a8adba62f","sha256":"fd381166b0b879dbf0e989b6cc40c4997a720a383e45cfcf64ff639722fac0f3"},"dob":{"date":"1966-12-05T05:30:07.506Z","age":57},"registered":{"date":"2017-12-10T00:21:55.331Z","age":6},"phone":"04-32-51-97-73","cell":"06-94-62-31-59","id":{"name":"INSEE","value":"2661166399318 38"},"picture":{"large":"https://randomuser.me/api/portraits/women/34.jpg","medium":"https://randomuser.me/api/portraits/med/women/34.jpg","thumbnail":"https://randomuser.me/api/portraits/thumb/women/34.jpg"},"nat":"FR"}],"info":{"seed":"655c84d3e09d6770","results":1,"page":1,"version":"1.4"}} 
 </msg>
<msg time="2024-07-17T09:18:23.562940" level="INFO">/opt/hostedtoolcache/Python/3.12.4/x64/lib/python3.12/site-packages/urllib3/connectionpool.py:1099: InsecureRequestWarning: Unverified HTTPS request is being made to host 'randomuser.me'. Adding certificate verification is strongly advised. See: https://urllib3.readthedocs.io/en/latest/advanced-usage.html#tls-warnings
  warnings.warn(</msg>
<msg time="2024-07-17T09:18:23.563050" level="INFO">${response} = &lt;Response [200]&gt;</msg>
<var>${response}</var>
<arg>consultarAPI</arg>
<arg>/api</arg>
<doc>Sends a GET request on a previously created HTTP Session.</doc>
<status status="PASS" start="2024-07-17T09:18:23.485721" elapsed="0.077376"/>
</kw>
<kw name="Set Variable" owner="BuiltIn">
<msg time="2024-07-17T09:18:23.563868" level="INFO">${json_data} = {'results': [{'gender': 'female', 'name': {'title': 'Mrs', 'first': 'Ambre', 'last': 'Marchand'}, 'location': {'street': {'number': 3076, 'name': 'Rue Laure-Diebold'}, 'city': 'Clermont-Ferrand', 'sta...</msg>
<var>${json_data}</var>
<arg>${response.json()}</arg>
<doc>Returns the given values which can then be assigned to a variables.</doc>
<status status="PASS" start="2024-07-17T09:18:23.563440" elapsed="0.000457"/>
</kw>
<kw name="Log" owner="BuiltIn">
<msg time="2024-07-17T09:18:23.564354" level="INFO">{'results': [{'gender': 'female', 'name': {'title': 'Mrs', 'first': 'Ambre', 'last': 'Marchand'}, 'location': {'street': {'number': 3076, 'name': 'Rue Laure-Diebold'}, 'city': 'Clermont-Ferrand', 'state': 'Loire-Atlantique', 'country': 'France', 'postcode': 67126, 'coordinates': {'latitude': '-13.2564', 'longitude': '62.5720'}, 'timezone': {'offset': '+4:00', 'description': 'Abu Dhabi, Muscat, Baku, Tbilisi'}}, 'email': 'ambre.marchand@example.com', 'login': {'uuid': '19894e39-a2a0-4fc4-a6f3-786c5c5393fc', 'username': 'blueladybug583', 'password': 'webmaste', 'salt': 'kOa8Yqjx', 'md5': '46164af4513e16e410463193d7af8688', 'sha1': '86d725df6fc4c11cea103418a0ef602a8adba62f', 'sha256': 'fd381166b0b879dbf0e989b6cc40c4997a720a383e45cfcf64ff639722fac0f3'}, 'dob': {'date': '1966-12-05T05:30:07.506Z', 'age': 57}, 'registered': {'date': '2017-12-10T00:21:55.331Z', 'age': 6}, 'phone': '04-32-51-97-73', 'cell': '06-94-62-31-59', 'id': {'name': 'INSEE', 'value': '2661166399318 38'}, 'picture': {'large': 'https://randomuser.me/api/portraits/women/34.jpg', 'medium': 'https://randomuser.me/api/portraits/med/women/34.jpg', 'thumbnail': 'https://randomuser.me/api/portraits/thumb/women/34.jpg'}, 'nat': 'FR'}], 'info': {'seed': '655c84d3e09d6770', 'results': 1, 'page': 1, 'version': '1.4'}}</msg>
<arg>${json_data}</arg>
<doc>Logs the given message with the given level.</doc>
<status status="PASS" start="2024-07-17T09:18:23.564205" elapsed="0.000197"/>
</kw>
<kw name="Should Be Equal As Numbers" owner="BuiltIn">
<arg>${json_data['results'][0]['location']['postcode']}</arg>
<arg>${json_data['results'][0]['location']['postcode']}</arg>
<doc>Fails if objects are unequal after converting them to real numbers.</doc>
<status status="PASS" start="2024-07-17T09:18:23.564687" elapsed="0.000680"/>
</kw>
<kw name="Log" owner="BuiltIn">
<msg time="2024-07-17T09:18:23.565900" level="INFO">67126</msg>
<arg>${json_data['results'][0]['location']['postcode']}</arg>
<doc>Logs the given message with the given level.</doc>
<status status="PASS" start="2024-07-17T09:18:23.565562" elapsed="0.000425"/>
</kw>
<status status="PASS" start="2024-07-17T09:18:23.485501" elapsed="0.080742"/>
</kw>
<doc>Testa se os tipos de dados na resposta da API estão corretos.</doc>
<tag>testeTiposDados</tag>
<status status="PASS" start="2024-07-17T09:18:23.378490" elapsed="0.187910"/>
</test>
<test id="s1-s1-t5" name="Validar conteudo" line="35">
<kw name="Teste de Tipos de Conteudo" owner="random-user-service">
<kw name="GET On Session" owner="RequestsLibrary">
<msg time="2024-07-17T09:18:23.656401" level="INFO">GET Request : url=https://randomuser.me/api 
 path_url=/api 
 headers={'User-Agent': 'python-requests/2.32.3', 'Accept-Encoding': 'gzip, deflate', 'Accept': '*/*', 'Connection': 'keep-alive'} 
 body=None 
 </msg>
<msg time="2024-07-17T09:18:23.656501" level="INFO">GET Response : url=https://randomuser.me/api 
 status=200, reason=OK 
 headers={'Date': 'Wed, 17 Jul 2024 09:18:23 GMT', 'Content-Type': 'application/json; charset=utf-8', 'Transfer-Encoding': 'chunked', 'Connection': 'keep-alive', 'X-Powered-By': 'Express', 'Access-Control-Allow-Origin': '*', 'Cache-Control': 'no-cache', 'ETag': 'W/"4ac-9SCOvaZVFK3B2+TXzO2fUEXZUGI"', 'Vary': 'Accept-Encoding', 'Content-Encoding': 'gzip', 'CF-Cache-Status': 'DYNAMIC', 'Report-To': '{"endpoints":[{"url":"https:\\/\\/a.nel.cloudflare.com\\/report\\/v4?s=4%2B0D%2BMCuNt2mHzIcQs%2F5A9P%2FWfkkuws1cAj0uI2XgvkqIsIVDAe%2F0jv%2B6LmoIc2rHhQbqNWNVkreO7k6hBYDHd1zfUHe%2FcTmgHfUphiTwCyuWFTH4XPTQ0%2Fe3tkmhYvB"}],"group":"cf-nel","max_age":604800}', 'NEL': '{"success_fraction":0,"report_to":"cf-nel","max_age":604800}', 'Server': 'cloudflare', 'CF-RAY': '8a4924f558982d08-IAD', 'alt-svc': 'h3=":443"; ma=86400'} 
 body={"results":[{"gender":"female","name":{"title":"Miss","first":"Trinidad","last":"Campos"},"location":{"street":{"number":5317,"name":"Avenida de Andalucía"},"city":"Palma de Mallorca","state":"Extremadura","country":"Spain","postcode":38984,"coordinates":{"latitude":"-30.1373","longitude":"80.5293"},"timezone":{"offset":"-4:00","description":"Atlantic Time (Canada), Caracas, La Paz"}},"email":"trinidad.campos@example.com","login":{"uuid":"e10480a9-58ca-4a87-9dc6-53599e661ee3","username":"greenfrog297","password":"sesame","salt":"IWPMHC11","md5":"61d40e5386dfd5181858ee9277157648","sha1":"256fccb496458489738ed6bdcdb176f4112c1dda","sha256":"cc1f21383a26822eb70a8e7f827947ff3fa5494d19b085c272c7292256aae043"},"dob":{"date":"1963-05-04T19:17:19.497Z","age":61},"registered":{"date":"2013-12-27T12:56:56.422Z","age":10},"phone":"983-419-827","cell":"685-297-877","id":{"name":"DNI","value":"88358953-T"},"picture":{"large":"https://randomuser.me/api/portraits/women/56.jpg","medium":"https://randomuser.me/api/portraits/med/women/56.jpg","thumbnail":"https://randomuser.me/api/portraits/thumb/women/56.jpg"},"nat":"ES"}],"info":{"seed":"4fc98e55a25a51a5","results":1,"page":1,"version":"1.4"}} 
 </msg>
<msg time="2024-07-17T09:18:23.656603" level="INFO">/opt/hostedtoolcache/Python/3.12.4/x64/lib/python3.12/site-packages/urllib3/connectionpool.py:1099: InsecureRequestWarning: Unverified HTTPS request is being made to host 'randomuser.me'. Adding certificate verification is strongly advised. See: https://urllib3.readthedocs.io/en/latest/advanced-usage.html#tls-warnings
  warnings.warn(</msg>
<msg time="2024-07-17T09:18:23.656756" level="INFO">${response} = &lt;Response [200]&gt;</msg>
<var>${response}</var>
<arg>consultarAPI</arg>
<arg>/api</arg>
<doc>Sends a GET request on a previously created HTTP Session.</doc>
<status status="PASS" start="2024-07-17T09:18:23.569388" elapsed="0.087422"/>
</kw>
<kw name="Set Variable" owner="BuiltIn">
<msg time="2024-07-17T09:18:23.657813" level="INFO">${json_data} = {'results': [{'gender': 'female', 'name': {'title': 'Miss', 'first': 'Trinidad', 'last': 'Campos'}, 'location': {'street': {'number': 5317, 'name': 'Avenida de Andalucía'}, 'city': 'Palma de Mallorca'...</msg>
<var>${json_data}</var>
<arg>${response.json()}</arg>
<doc>Returns the given values which can then be assigned to a variables.</doc>
<status status="PASS" start="2024-07-17T09:18:23.657311" elapsed="0.000532"/>
</kw>
<kw name="Set Variable" owner="BuiltIn">
<msg time="2024-07-17T09:18:23.658523" level="INFO">${name_title} = Miss</msg>
<var>${name_title}</var>
<arg>${json_data["results"][0]["name"]["title"]}</arg>
<doc>Returns the given values which can then be assigned to a variables.</doc>
<status status="PASS" start="2024-07-17T09:18:23.658147" elapsed="0.000401"/>
</kw>
<kw name="Create List" owner="BuiltIn">
<msg time="2024-07-17T09:18:23.658995" level="INFO">${allowed_titles} = ['Mr', 'Ms', 'Miss', 'Mrs', 'Madame', 'Monsieur']</msg>
<var>${allowed_titles}</var>
<arg>Mr</arg>
<arg>Ms</arg>
<arg>Miss</arg>
<arg>Mrs</arg>
<arg>Madame</arg>
<arg>Monsieur</arg>
<doc>Returns a list containing given items.</doc>
<status status="PASS" start="2024-07-17T09:18:23.658846" elapsed="0.000173"/>
</kw>
<kw name="List Should Contain Value" owner="Collections">
<arg>${allowed_titles}</arg>
<arg>${name_title}</arg>
<doc>Fails if the ``value`` is not found from ``list``.</doc>
<status status="PASS" start="2024-07-17T09:18:23.659315" elapsed="0.000175"/>
</kw>
<kw name="Set Variable" owner="BuiltIn">
<msg time="2024-07-17T09:18:23.660053" level="INFO">${name_country} = ES</msg>
<var>${name_country}</var>
<arg>${json_data["results"][0]["nat"]}</arg>
<doc>Returns the given values which can then be assigned to a variables.</doc>
<status status="PASS" start="2024-07-17T09:18:23.659681" elapsed="0.000397"/>
</kw>
<kw name="Create List" owner="BuiltIn">
<msg time="2024-07-17T09:18:23.660963" level="INFO">${list_country} = ['AD', 'AE', 'AF', 'AG', 'AI', 'AL', 'AM', 'AO', 'AQ', 'AR', 'AS', 'AT', 'AU', 'AW', 'AX', 'AZ', 'BA', 'BB', 'BD', 'BE', 'BF', 'BG', 'BH', 'BI', 'BJ', 'BL', 'BM', 'BN', 'BO', 'BQ', 'BR', 'BS', 'BT', '...</msg>
<var>${list_country}</var>
<arg>AD</arg>
<arg>AE</arg>
<arg>AF</arg>
<arg>AG</arg>
<arg>AI</arg>
<arg>AL</arg>
<arg>AM</arg>
<arg>AO</arg>
<arg>AQ</arg>
<arg>AR</arg>
<arg>AS</arg>
<arg>AT</arg>
<arg>AU</arg>
<arg>AW</arg>
<arg>AX</arg>
<arg>AZ</arg>
<arg>BA</arg>
<arg>BB</arg>
<arg>BD</arg>
<arg>BE</arg>
<arg>BF</arg>
<arg>BG</arg>
<arg>BH</arg>
<arg>BI</arg>
<arg>BJ</arg>
<arg>BL</arg>
<arg>BM</arg>
<arg>BN</arg>
<arg>BO</arg>
<arg>BQ</arg>
<arg>BR</arg>
<arg>BS</arg>
<arg>BT</arg>
<arg>BV</arg>
<arg>BW</arg>
<arg>BY</arg>
<arg>BZ</arg>
<arg>CA</arg>
<arg>CC</arg>
<arg>CD</arg>
<arg>CF</arg>
<arg>CG</arg>
<arg>CH</arg>
<arg>CI</arg>
<arg>CK</arg>
<arg>CL</arg>
<arg>CM</arg>
<arg>CN</arg>
<arg>CO</arg>
<arg>CR</arg>
<arg>CU</arg>
<arg>CV</arg>
<arg>CW</arg>
<arg>CX</arg>
<arg>CY</arg>
<arg>CZ</arg>
<arg>DE</arg>
<arg>DJ</arg>
<arg>DK</arg>
<arg>DM</arg>
<arg>DO</arg>
<arg>DZ</arg>
<arg>EC</arg>
<arg>EE</arg>
<arg>EG</arg>
<arg>EH</arg>
<arg>ER</arg>
<arg>ES</arg>
<arg>ET</arg>
<arg>FI</arg>
<arg>FJ</arg>
<arg>FK</arg>
<arg>FM</arg>
<arg>FO</arg>
<arg>FR</arg>
<arg>GA</arg>
<arg>GB</arg>
<arg>GD</arg>
<arg>GE</arg>
<arg>GF</arg>
<arg>GG</arg>
<arg>GH</arg>
<arg>GI</arg>
<arg>GL</arg>
<arg>GM</arg>
<arg>GN</arg>
<arg>GP</arg>
<arg>GQ</arg>
<arg>GR</arg>
<arg>GS</arg>
<arg>GT</arg>
<arg>GU</arg>
<arg>GW</arg>
<arg>GY</arg>
<arg>HK</arg>
<arg>HM</arg>
<arg>HN</arg>
<arg>HR</arg>
<arg>HT</arg>
<arg>HU</arg>
<arg>ID</arg>
<arg>IE</arg>
<arg>IL</arg>
<arg>IM</arg>
<arg>IN</arg>
<arg>IO</arg>
<arg>IQ</arg>
<arg>IR</arg>
<arg>IS</arg>
<arg>IT</arg>
<arg>JE</arg>
<arg>JM</arg>
<arg>JO</arg>
<arg>JP</arg>
<arg>KE</arg>
<arg>KG</arg>
<arg>KH</arg>
<arg>KI</arg>
<arg>KM</arg>
<arg>KN</arg>
<arg>KP</arg>
<arg>KR</arg>
<arg>KW</arg>
<arg>KY</arg>
<arg>KZ</arg>
<arg>LA</arg>
<arg>LB</arg>
<arg>LC</arg>
<arg>LI</arg>
<arg>LK</arg>
<arg>LR</arg>
<arg>LS</arg>
<arg>LT</arg>
<arg>LU</arg>
<arg>LV</arg>
<arg>LY</arg>
<arg>MA</arg>
<arg>MC</arg>
<arg>MD</arg>
<arg>ME</arg>
<arg>MF</arg>
<arg>MG</arg>
<arg>MH</arg>
<arg>MK</arg>
<arg>ML</arg>
<arg>MM</arg>
<arg>MN</arg>
<arg>MO</arg>
<arg>MP</arg>
<arg>MQ</arg>
<arg>MR</arg>
<arg>MS</arg>
<arg>MT</arg>
<arg>MU</arg>
<arg>MV</arg>
<arg>MW</arg>
<arg>MX</arg>
<arg>MY</arg>
<arg>MZ</arg>
<arg>NA</arg>
<arg>NC</arg>
<arg>NE</arg>
<arg>NF</arg>
<arg>NG</arg>
<arg>NI</arg>
<arg>NL</arg>
<arg>NO</arg>
<arg>NP</arg>
<arg>NR</arg>
<arg>NU</arg>
<arg>NZ</arg>
<arg>OM</arg>
<arg>PA</arg>
<arg>PE</arg>
<arg>PF</arg>
<arg>PG</arg>
<arg>PH</arg>
<arg>PK</arg>
<arg>PL</arg>
<arg>PM</arg>
<arg>PN</arg>
<arg>PR</arg>
<arg>PS</arg>
<arg>PT</arg>
<arg>PW</arg>
<arg>PY</arg>
<arg>QA</arg>
<arg>RE</arg>
<arg>RO</arg>
<arg>RS</arg>
<arg>RU</arg>
<arg>RW</arg>
<arg>SA</arg>
<arg>SB</arg>
<arg>SC</arg>
<arg>SD</arg>
<arg>SE</arg>
<arg>SG</arg>
<arg>SH</arg>
<arg>SI</arg>
<arg>SJ</arg>
<arg>SK</arg>
<arg>SL</arg>
<arg>SM</arg>
<arg>SN</arg>
<arg>SO</arg>
<arg>SR</arg>
<arg>SS</arg>
<arg>ST</arg>
<arg>SV</arg>
<arg>SX</arg>
<arg>SY</arg>
<arg>SZ</arg>
<arg>TC</arg>
<arg>TD</arg>
<arg>TF</arg>
<arg>TG</arg>
<arg>TH</arg>
<arg>TJ</arg>
<arg>TK</arg>
<arg>TL</arg>
<arg>TM</arg>
<arg>TN</arg>
<arg>TO</arg>
<arg>TR</arg>
<arg>TT</arg>
<arg>TV</arg>
<arg>TW</arg>
<arg>TZ</arg>
<arg>UA</arg>
<arg>UG</arg>
<arg>UM</arg>
<arg>US</arg>
<arg>UY</arg>
<arg>UZ</arg>
<arg>VA</arg>
<arg>VC</arg>
<arg>VE</arg>
<arg>VG</arg>
<arg>VI</arg>
<arg>VN</arg>
<arg>VU</arg>
<arg>WF</arg>
<arg>WS</arg>
<arg>XK</arg>
<arg>YE</arg>
<arg>YT</arg>
<arg>ZA</arg>
<arg>ZM</arg>
<arg>ZW</arg>
<doc>Returns a list containing given items.</doc>
<status status="PASS" start="2024-07-17T09:18:23.660372" elapsed="0.000616"/>
</kw>
<kw name="List Should Contain Value" owner="Collections">
<arg>${list_country}</arg>
<arg>${name_country}</arg>
<doc>Fails if the ``value`` is not found from ``list``.</doc>
<status status="PASS" start="2024-07-17T09:18:23.661815" elapsed="0.000203"/>
</kw>
<kw name="Run Keyword If" owner="BuiltIn">
<kw name="Should Be True" owner="BuiltIn">
<arg>${True}</arg>
<doc>Fails if the given condition is not true.</doc>
<status status="PASS" start="2024-07-17T09:18:23.662946" elapsed="0.000141"/>
</kw>
<arg>${json_data["results"][0]["location"]["coordinates"]["latitude"]} &gt;= -90 and ${json_data["results"][0]["location"]["coordinates"]["latitude"]} &lt;= 90</arg>
<arg>Should Be True</arg>
<arg>${True}</arg>
<doc>Runs the given keyword with the given arguments, if ``condition`` is true.</doc>
<status status="PASS" start="2024-07-17T09:18:23.662213" elapsed="0.001001"/>
</kw>
<kw name="Run Keyword If" owner="BuiltIn">
<kw name="Should Be True" owner="BuiltIn">
<arg>${True}</arg>
<doc>Fails if the given condition is not true.</doc>
<status status="PASS" start="2024-07-17T09:18:23.664080" elapsed="0.000137"/>
</kw>
<arg>${json_data["results"][0]["location"]["coordinates"]["longitude"]} &gt;= -180 and ${json_data["results"][0]["location"]["coordinates"]["longitude"]} &lt;= 180</arg>
<arg>Should Be True</arg>
<arg>${True}</arg>
<doc>Runs the given keyword with the given arguments, if ``condition`` is true.</doc>
<status status="PASS" start="2024-07-17T09:18:23.663392" elapsed="0.000948"/>
</kw>
<status status="PASS" start="2024-07-17T09:18:23.568791" elapsed="0.095679"/>
</kw>
<doc>Testa o conteúdo específico dos campos retornados pela API.</doc>
<tag>testeConteudo</tag>
<status status="PASS" start="2024-07-17T09:18:23.568141" elapsed="0.096481"/>
</test>
<status status="PASS" start="2024-07-17T09:18:22.728416" elapsed="0.938165"/>
</suite>
<status status="PASS" start="2024-07-17T09:18:22.712874" elapsed="0.958873"/>
</suite>
<statistics>
<total>
<stat pass="5" fail="0" skip="0">All Tests</stat>
</total>
<tag>
<stat pass="1" fail="0" skip="0">testeConteudo</stat>
<stat pass="1" fail="0" skip="0">testeEstruturaResposta</stat>
<stat pass="1" fail="0" skip="0">testeRequisicaoBasica</stat>
<stat pass="1" fail="0" skip="0">testeTiposDados</stat>
</tag>
<suite>
<stat pass="5" fail="0" skip="0" id="s1" name="Tests">Tests</stat>
<stat pass="5" fail="0" skip="0" id="s1-s1" name="Random-User-Test">Tests.Random-User-Test</stat>
</suite>
</statistics>
<errors>
</errors>
</robot>
