<?xml version="1.0" encoding="UTF-8"?>
<robot generator="Robot 7.0 (Python 3.12.3 on linux)" generated="2024-04-24T15:15:23.015271" rpa="false" schemaversion="5">
<suite id="s1" name="Tests" source="/home/runner/work/DesafioQAItauRogerioJordao/DesafioQAItauRogerioJordao/RamdonUser/tests">
<suite id="s1-s1" name="Random-User-Test" source="/home/runner/work/DesafioQAItauRogerioJordao/DesafioQAItauRogerioJordao/RamdonUser/tests/random-user-test.robot">
<test id="s1-s1-t1" name="Conectar" line="13">
<kw name="Conectar API" owner="random-user-service">
<kw name="Create Session" owner="RequestsLibrary">
<msg time="2024-04-24T15:15:23.395659" level="INFO">Creating Session using : alias=consultarAPI, url=https://randomuser.me/, headers={},                     cookies={}, auth=None, timeout=None, proxies=None, verify=False,                     debug=0 </msg>
<arg>consultarAPI</arg>
<arg>${URL}</arg>
<doc>Create Session: create a HTTP session to a server</doc>
<status status="PASS" start="2024-04-24T15:15:23.395434" elapsed="0.000442"/>
</kw>
<status status="PASS" start="2024-04-24T15:15:23.394377" elapsed="0.001942"/>
</kw>
<status status="PASS" start="2024-04-24T15:15:23.393603" elapsed="0.002917"/>
</test>
<test id="s1-s1-t2" name="Validar retorno 200 e JSON Válido" line="16">
<kw name="Teste de Requisicao Basica" owner="random-user-service">
<kw name="GET On Session" owner="RequestsLibrary">
<msg time="2024-04-24T15:15:23.540732" level="INFO">GET Request : url=https://randomuser.me/api 
 path_url=/api 
 headers={'User-Agent': 'python-requests/2.31.0', 'Accept-Encoding': 'gzip, deflate', 'Accept': '*/*', 'Connection': 'keep-alive'} 
 body=None 
 </msg>
<msg time="2024-04-24T15:15:23.540900" level="INFO">GET Response : url=https://randomuser.me/api 
 status=200, reason=OK 
 headers={'Date': 'Wed, 24 Apr 2024 15:15:23 GMT', 'Content-Type': 'application/json; charset=utf-8', 'Transfer-Encoding': 'chunked', 'Connection': 'keep-alive', 'X-Powered-By': 'Express', 'Access-Control-Allow-Origin': '*', 'Cache-Control': 'no-cache', 'ETag': 'W/"497-OSHZtUhBRna5kLHGlHJb3wFfbAc"', 'Vary': 'Accept-Encoding', 'Content-Encoding': 'gzip', 'CF-Cache-Status': 'DYNAMIC', 'Report-To': '{"endpoints":[{"url":"https:\\/\\/a.nel.cloudflare.com\\/report\\/v4?s=eo4PhycynmaFEpod06ZTwqlZJkrc61udNTg0HUt73%2F5MbXyYHbLDpM2qgtoHh0pZwTN0980ffykjrIPU8uJZBe95RednlaF9e6qPtjJQlicfbL5qbAZ93CBJo%2F8mOjBN"}],"group":"cf-nel","max_age":604800}', 'NEL': '{"success_fraction":0,"report_to":"cf-nel","max_age":604800}', 'Server': 'cloudflare', 'CF-RAY': '87970c676848395e-IAD', 'alt-svc': 'h3=":443"; ma=86400'} 
 body={"results":[{"gender":"male","name":{"title":"Mr","first":"Mendo","last":"Alves"},"location":{"street":{"number":7380,"name":"Rua Das Flores "},"city":"Santa Bárbara D'Oeste","state":"Pará","country":"Brazil","postcode":53431,"coordinates":{"latitude":"-74.4130","longitude":"-75.1319"},"timezone":{"offset":"+7:00","description":"Bangkok, Hanoi, Jakarta"}},"email":"mendo.alves@example.com","login":{"uuid":"a0db3c97-583d-4cd2-b605-d934585dccaf","username":"beautifulgoose878","password":"gladiator","salt":"wHn3X1j7","md5":"3b747b37d6bf30399ede8ec52dc0a1d8","sha1":"88fb0e145916789592d04cff1eba22de8d8bee35","sha256":"321fedce178e937ae5b3524f56c7a9a57af3858371734b7affbbb2feacf705f9"},"dob":{"date":"1978-06-24T15:31:39.480Z","age":45},"registered":{"date":"2006-04-16T01:09:27.291Z","age":18},"phone":"(35) 3877-6929","cell":"(35) 4909-7437","id":{"name":"CPF","value":"379.457.689-35"},"picture":{"large":"https://randomuser.me/api/portraits/men/26.jpg","medium":"https://randomuser.me/api/portraits/med/men/26.jpg","thumbnail":"https://randomuser.me/api/portraits/thumb/men/26.jpg"},"nat":"BR"}],"info":{"seed":"d28e71fbd9f72f6e","results":1,"page":1,"version":"1.4"}} 
 </msg>
<msg time="2024-04-24T15:15:23.540985" level="INFO">/opt/hostedtoolcache/Python/3.12.3/x64/lib/python3.12/site-packages/urllib3/connectionpool.py:1103: InsecureRequestWarning: Unverified HTTPS request is being made to host 'randomuser.me'. Adding certificate verification is strongly advised. See: https://urllib3.readthedocs.io/en/latest/advanced-usage.html#tls-warnings
  warnings.warn(</msg>
<msg time="2024-04-24T15:15:23.541155" level="INFO">${response} = &lt;Response [200]&gt;</msg>
<var>${response}</var>
<arg>consultarAPI</arg>
<arg>/api</arg>
<doc>Sends a GET request on a previously created HTTP Session.</doc>
<status status="PASS" start="2024-04-24T15:15:23.399279" elapsed="0.141917"/>
</kw>
<kw name="Should Be Equal As Numbers" owner="BuiltIn">
<msg time="2024-04-24T15:15:23.542241" level="INFO">Argument types are:
&lt;class 'int'&gt;
&lt;class 'str'&gt;</msg>
<arg>${response.status_code}</arg>
<arg>200</arg>
<doc>Fails if objects are unequal after converting them to real numbers.</doc>
<status status="PASS" start="2024-04-24T15:15:23.541765" elapsed="0.000541"/>
</kw>
<kw name="Log" owner="BuiltIn">
<msg time="2024-04-24T15:15:23.543017" level="INFO">200</msg>
<arg>${response.status_code}</arg>
<doc>Logs the given message with the given level.</doc>
<status status="PASS" start="2024-04-24T15:15:23.542655" elapsed="0.000406"/>
</kw>
<kw name="Set Variable" owner="BuiltIn">
<msg time="2024-04-24T15:15:23.543834" level="INFO">${json_data} = {'results': [{'gender': 'male', 'name': {'title': 'Mr', 'first': 'Mendo', 'last': 'Alves'}, 'location': {'street': {'number': 7380, 'name': 'Rua Das Flores '}, 'city': "Santa Bárbara D'Oeste", 'state'...</msg>
<var>${json_data}</var>
<arg>${response.json()}</arg>
<doc>Returns the given values which can then be assigned to a variables.</doc>
<status status="PASS" start="2024-04-24T15:15:23.543369" elapsed="0.000494"/>
</kw>
<kw name="Dictionary Should Contain Key" owner="Collections">
<msg time="2024-04-24T15:15:23.544389" level="INFO">False</msg>
<arg>${json_data}</arg>
<arg>results</arg>
<doc>Fails if ``key`` is not found from ``dictionary``.</doc>
<status status="PASS" start="2024-04-24T15:15:23.544210" elapsed="0.000220"/>
</kw>
<status status="PASS" start="2024-04-24T15:15:23.399020" elapsed="0.145679"/>
</kw>
<doc>Testa se a API responde corretamente e retorna um objeto JSON válido.</doc>
<tag>testeRequisicaoBasica</tag>
<status status="PASS" start="2024-04-24T15:15:23.398531" elapsed="0.146358"/>
</test>
<test id="s1-s1-t3" name="Validar estrutura de resposta" line="22">
<kw name="Teste de Estrutura de Resposta" owner="random-user-service">
<kw name="GET On Session" owner="RequestsLibrary">
<msg time="2024-04-24T15:15:23.626972" level="INFO">GET Request : url=https://randomuser.me/api 
 path_url=/api 
 headers={'User-Agent': 'python-requests/2.31.0', 'Accept-Encoding': 'gzip, deflate', 'Accept': '*/*', 'Connection': 'keep-alive'} 
 body=None 
 </msg>
<msg time="2024-04-24T15:15:23.627137" level="INFO">GET Response : url=https://randomuser.me/api 
 status=200, reason=OK 
 headers={'Date': 'Wed, 24 Apr 2024 15:15:23 GMT', 'Content-Type': 'application/json; charset=utf-8', 'Transfer-Encoding': 'chunked', 'Connection': 'keep-alive', 'X-Powered-By': 'Express', 'Access-Control-Allow-Origin': '*', 'Cache-Control': 'no-cache', 'ETag': 'W/"486-lSwC8b5CRd+4qnM984to+X3xPGY"', 'Vary': 'Accept-Encoding', 'Content-Encoding': 'gzip', 'CF-Cache-Status': 'DYNAMIC', 'Report-To': '{"endpoints":[{"url":"https:\\/\\/a.nel.cloudflare.com\\/report\\/v4?s=ziqBc0VjRkJ8ljOtaBUZQSTvek0cPyODPdwhgD7p9zKTuSunmtMxJjaZQBruoOIHaZLRmoW775Wy4tIjNpUGsI%2Fuv2r9Py3YbdtVAWiD2Dvj8RmfjsEAcVZ6IWAGTnTi"}],"group":"cf-nel","max_age":604800}', 'NEL': '{"success_fraction":0,"report_to":"cf-nel","max_age":604800}', 'Server': 'cloudflare', 'CF-RAY': '87970c682964395e-IAD', 'alt-svc': 'h3=":443"; ma=86400'} 
 body={"results":[{"gender":"female","name":{"title":"Miss","first":"Sophie","last":"Patel"},"location":{"street":{"number":6977,"name":"Simcoe St"},"city":"Havelock","state":"Manitoba","country":"Canada","postcode":"V4L 5Z4","coordinates":{"latitude":"-70.4526","longitude":"52.1963"},"timezone":{"offset":"-1:00","description":"Azores, Cape Verde Islands"}},"email":"sophie.patel@example.com","login":{"uuid":"fb16bd63-be59-465f-90fe-393e336fe953","username":"whiteduck647","password":"wxcvbn","salt":"4vLyu8Mc","md5":"77af738433cecf57bb3a0f2b47123dae","sha1":"292e23b857a2ab4de492d0bd5aad8fca368cd532","sha256":"faf6a2c1fb59c7d6dd46e82fb1afd882c960183475a90cdec527f2fff1cdca61"},"dob":{"date":"1958-05-17T20:14:34.249Z","age":65},"registered":{"date":"2021-01-03T00:33:58.673Z","age":3},"phone":"G49 W53-2980","cell":"H52 C77-8407","id":{"name":"SIN","value":"029179975"},"picture":{"large":"https://randomuser.me/api/portraits/women/23.jpg","medium":"https://randomuser.me/api/portraits/med/women/23.jpg","thumbnail":"https://randomuser.me/api/portraits/thumb/women/23.jpg"},"nat":"CA"}],"info":{"seed":"198887993471b5d9","results":1,"page":1,"version":"1.4"}} 
 </msg>
<msg time="2024-04-24T15:15:23.627338" level="INFO">/opt/hostedtoolcache/Python/3.12.3/x64/lib/python3.12/site-packages/urllib3/connectionpool.py:1103: InsecureRequestWarning: Unverified HTTPS request is being made to host 'randomuser.me'. Adding certificate verification is strongly advised. See: https://urllib3.readthedocs.io/en/latest/advanced-usage.html#tls-warnings
  warnings.warn(</msg>
<msg time="2024-04-24T15:15:23.627541" level="INFO">${response} = &lt;Response [200]&gt;</msg>
<var>${response}</var>
<arg>consultarAPI</arg>
<arg>/api</arg>
<doc>Sends a GET request on a previously created HTTP Session.</doc>
<status status="PASS" start="2024-04-24T15:15:23.547681" elapsed="0.079909"/>
</kw>
<kw name="Set Variable" owner="BuiltIn">
<msg time="2024-04-24T15:15:23.629160" level="INFO">${json_data} = {'results': [{'gender': 'female', 'name': {'title': 'Miss', 'first': 'Sophie', 'last': 'Patel'}, 'location': {'street': {'number': 6977, 'name': 'Simcoe St'}, 'city': 'Havelock', 'state': 'Manitoba', ...</msg>
<var>${json_data}</var>
<arg>${response.json()}</arg>
<doc>Returns the given values which can then be assigned to a variables.</doc>
<status status="PASS" start="2024-04-24T15:15:23.628380" elapsed="0.000821"/>
</kw>
<kw name="Log" owner="BuiltIn">
<msg time="2024-04-24T15:15:23.629876" level="INFO">{'results': [{'gender': 'female', 'name': {'title': 'Miss', 'first': 'Sophie', 'last': 'Patel'}, 'location': {'street': {'number': 6977, 'name': 'Simcoe St'}, 'city': 'Havelock', 'state': 'Manitoba', 'country': 'Canada', 'postcode': 'V4L 5Z4', 'coordinates': {'latitude': '-70.4526', 'longitude': '52.1963'}, 'timezone': {'offset': '-1:00', 'description': 'Azores, Cape Verde Islands'}}, 'email': 'sophie.patel@example.com', 'login': {'uuid': 'fb16bd63-be59-465f-90fe-393e336fe953', 'username': 'whiteduck647', 'password': 'wxcvbn', 'salt': '4vLyu8Mc', 'md5': '77af738433cecf57bb3a0f2b47123dae', 'sha1': '292e23b857a2ab4de492d0bd5aad8fca368cd532', 'sha256': 'faf6a2c1fb59c7d6dd46e82fb1afd882c960183475a90cdec527f2fff1cdca61'}, 'dob': {'date': '1958-05-17T20:14:34.249Z', 'age': 65}, 'registered': {'date': '2021-01-03T00:33:58.673Z', 'age': 3}, 'phone': 'G49 W53-2980', 'cell': 'H52 C77-8407', 'id': {'name': 'SIN', 'value': '029179975'}, 'picture': {'large': 'https://randomuser.me/api/portraits/women/23.jpg', 'medium': 'https://randomuser.me/api/portraits/med/women/23.jpg', 'thumbnail': 'https://randomuser.me/api/portraits/thumb/women/23.jpg'}, 'nat': 'CA'}], 'info': {'seed': '198887993471b5d9', 'results': 1, 'page': 1, 'version': '1.4'}}</msg>
<arg>${json_data}</arg>
<doc>Logs the given message with the given level.</doc>
<status status="PASS" start="2024-04-24T15:15:23.629647" elapsed="0.000304"/>
</kw>
<kw name="Dictionary Should Contain Key" owner="Collections">
<msg time="2024-04-24T15:15:23.630682" level="INFO">False</msg>
<arg>${json_data}</arg>
<arg>results</arg>
<doc>Fails if ``key`` is not found from ``dictionary``.</doc>
<status status="PASS" start="2024-04-24T15:15:23.630399" elapsed="0.000354"/>
</kw>
<kw name="Should Not Be Empty" owner="BuiltIn">
<msg time="2024-04-24T15:15:23.631410" level="INFO">Length is 2.</msg>
<arg>${json_data}</arg>
<doc>Verifies that the given item is not empty.</doc>
<status status="PASS" start="2024-04-24T15:15:23.631206" elapsed="0.000515"/>
</kw>
<kw name="Create List" owner="BuiltIn">
<msg time="2024-04-24T15:15:23.632472" level="INFO">${expected_keys} = ['gender', 'name', 'location', 'email', 'login']</msg>
<var>${expected_keys}</var>
<arg>gender</arg>
<arg>name</arg>
<arg>location</arg>
<arg>email</arg>
<arg>login</arg>
<doc>Returns a list containing given items.</doc>
<status status="PASS" start="2024-04-24T15:15:23.632238" elapsed="0.000274"/>
</kw>
<for flavor="IN">
<iter>
<kw name="Dictionary Should Contain Key" owner="Collections">
<msg time="2024-04-24T15:15:23.634206" level="INFO">False</msg>
<arg>${json_data['results'][0]}</arg>
<arg>${key}</arg>
<doc>Fails if ``key`` is not found from ``dictionary``.</doc>
<status status="PASS" start="2024-04-24T15:15:23.633499" elapsed="0.000774"/>
</kw>
<kw name="Log" owner="BuiltIn">
<msg time="2024-04-24T15:15:23.635380" level="INFO">{'gender': 'female', 'name': {'title': 'Miss', 'first': 'Sophie', 'last': 'Patel'}, 'location': {'street': {'number': 6977, 'name': 'Simcoe St'}, 'city': 'Havelock', 'state': 'Manitoba', 'country': 'Canada', 'postcode': 'V4L 5Z4', 'coordinates': {'latitude': '-70.4526', 'longitude': '52.1963'}, 'timezone': {'offset': '-1:00', 'description': 'Azores, Cape Verde Islands'}}, 'email': 'sophie.patel@example.com', 'login': {'uuid': 'fb16bd63-be59-465f-90fe-393e336fe953', 'username': 'whiteduck647', 'password': 'wxcvbn', 'salt': '4vLyu8Mc', 'md5': '77af738433cecf57bb3a0f2b47123dae', 'sha1': '292e23b857a2ab4de492d0bd5aad8fca368cd532', 'sha256': 'faf6a2c1fb59c7d6dd46e82fb1afd882c960183475a90cdec527f2fff1cdca61'}, 'dob': {'date': '1958-05-17T20:14:34.249Z', 'age': 65}, 'registered': {'date': '2021-01-03T00:33:58.673Z', 'age': 3}, 'phone': 'G49 W53-2980', 'cell': 'H52 C77-8407', 'id': {'name': 'SIN', 'value': '029179975'}, 'picture': {'large': 'https://randomuser.me/api/portraits/women/23.jpg', 'medium': 'https://randomuser.me/api/portraits/med/women/23.jpg', 'thumbnail': 'https://randomuser.me/api/portraits/thumb/women/23.jpg'}, 'nat': 'CA'}</msg>
<arg>${json_data['results'][0]}</arg>
<doc>Logs the given message with the given level.</doc>
<status status="PASS" start="2024-04-24T15:15:23.634753" elapsed="0.000709"/>
</kw>
<kw name="Log" owner="BuiltIn">
<msg time="2024-04-24T15:15:23.636167" level="INFO">gender</msg>
<arg>${key}</arg>
<doc>Logs the given message with the given level.</doc>
<status status="PASS" start="2024-04-24T15:15:23.635913" elapsed="0.000327"/>
</kw>
<var name="${key}">gender</var>
<status status="PASS" start="2024-04-24T15:15:23.633295" elapsed="0.003296"/>
</iter>
<iter>
<kw name="Dictionary Should Contain Key" owner="Collections">
<msg time="2024-04-24T15:15:23.637782" level="INFO">False</msg>
<arg>${json_data['results'][0]}</arg>
<arg>${key}</arg>
<doc>Fails if ``key`` is not found from ``dictionary``.</doc>
<status status="PASS" start="2024-04-24T15:15:23.637123" elapsed="0.000718"/>
</kw>
<kw name="Log" owner="BuiltIn">
<msg time="2024-04-24T15:15:23.638953" level="INFO">{'gender': 'female', 'name': {'title': 'Miss', 'first': 'Sophie', 'last': 'Patel'}, 'location': {'street': {'number': 6977, 'name': 'Simcoe St'}, 'city': 'Havelock', 'state': 'Manitoba', 'country': 'Canada', 'postcode': 'V4L 5Z4', 'coordinates': {'latitude': '-70.4526', 'longitude': '52.1963'}, 'timezone': {'offset': '-1:00', 'description': 'Azores, Cape Verde Islands'}}, 'email': 'sophie.patel@example.com', 'login': {'uuid': 'fb16bd63-be59-465f-90fe-393e336fe953', 'username': 'whiteduck647', 'password': 'wxcvbn', 'salt': '4vLyu8Mc', 'md5': '77af738433cecf57bb3a0f2b47123dae', 'sha1': '292e23b857a2ab4de492d0bd5aad8fca368cd532', 'sha256': 'faf6a2c1fb59c7d6dd46e82fb1afd882c960183475a90cdec527f2fff1cdca61'}, 'dob': {'date': '1958-05-17T20:14:34.249Z', 'age': 65}, 'registered': {'date': '2021-01-03T00:33:58.673Z', 'age': 3}, 'phone': 'G49 W53-2980', 'cell': 'H52 C77-8407', 'id': {'name': 'SIN', 'value': '029179975'}, 'picture': {'large': 'https://randomuser.me/api/portraits/women/23.jpg', 'medium': 'https://randomuser.me/api/portraits/med/women/23.jpg', 'thumbnail': 'https://randomuser.me/api/portraits/thumb/women/23.jpg'}, 'nat': 'CA'}</msg>
<arg>${json_data['results'][0]}</arg>
<doc>Logs the given message with the given level.</doc>
<status status="PASS" start="2024-04-24T15:15:23.638325" elapsed="0.000709"/>
</kw>
<kw name="Log" owner="BuiltIn">
<msg time="2024-04-24T15:15:23.639699" level="INFO">name</msg>
<arg>${key}</arg>
<doc>Logs the given message with the given level.</doc>
<status status="PASS" start="2024-04-24T15:15:23.639494" elapsed="0.000276"/>
</kw>
<var name="${key}">name</var>
<status status="PASS" start="2024-04-24T15:15:23.636921" elapsed="0.003224"/>
</iter>
<iter>
<kw name="Dictionary Should Contain Key" owner="Collections">
<msg time="2024-04-24T15:15:23.641108" level="INFO">False</msg>
<arg>${json_data['results'][0]}</arg>
<arg>${key}</arg>
<doc>Fails if ``key`` is not found from ``dictionary``.</doc>
<status status="PASS" start="2024-04-24T15:15:23.640636" elapsed="0.000514"/>
</kw>
<kw name="Log" owner="BuiltIn">
<msg time="2024-04-24T15:15:23.641852" level="INFO">{'gender': 'female', 'name': {'title': 'Miss', 'first': 'Sophie', 'last': 'Patel'}, 'location': {'street': {'number': 6977, 'name': 'Simcoe St'}, 'city': 'Havelock', 'state': 'Manitoba', 'country': 'Canada', 'postcode': 'V4L 5Z4', 'coordinates': {'latitude': '-70.4526', 'longitude': '52.1963'}, 'timezone': {'offset': '-1:00', 'description': 'Azores, Cape Verde Islands'}}, 'email': 'sophie.patel@example.com', 'login': {'uuid': 'fb16bd63-be59-465f-90fe-393e336fe953', 'username': 'whiteduck647', 'password': 'wxcvbn', 'salt': '4vLyu8Mc', 'md5': '77af738433cecf57bb3a0f2b47123dae', 'sha1': '292e23b857a2ab4de492d0bd5aad8fca368cd532', 'sha256': 'faf6a2c1fb59c7d6dd46e82fb1afd882c960183475a90cdec527f2fff1cdca61'}, 'dob': {'date': '1958-05-17T20:14:34.249Z', 'age': 65}, 'registered': {'date': '2021-01-03T00:33:58.673Z', 'age': 3}, 'phone': 'G49 W53-2980', 'cell': 'H52 C77-8407', 'id': {'name': 'SIN', 'value': '029179975'}, 'picture': {'large': 'https://randomuser.me/api/portraits/women/23.jpg', 'medium': 'https://randomuser.me/api/portraits/med/women/23.jpg', 'thumbnail': 'https://randomuser.me/api/portraits/thumb/women/23.jpg'}, 'nat': 'CA'}</msg>
<arg>${json_data['results'][0]}</arg>
<doc>Logs the given message with the given level.</doc>
<status status="PASS" start="2024-04-24T15:15:23.641473" elapsed="0.000430"/>
</kw>
<kw name="Log" owner="BuiltIn">
<msg time="2024-04-24T15:15:23.642339" level="INFO">location</msg>
<arg>${key}</arg>
<doc>Logs the given message with the given level.</doc>
<status status="PASS" start="2024-04-24T15:15:23.642207" elapsed="0.000173"/>
</kw>
<var name="${key}">location</var>
<status status="PASS" start="2024-04-24T15:15:23.640447" elapsed="0.002154"/>
</iter>
<iter>
<kw name="Dictionary Should Contain Key" owner="Collections">
<msg time="2024-04-24T15:15:23.643307" level="INFO">False</msg>
<arg>${json_data['results'][0]}</arg>
<arg>${key}</arg>
<doc>Fails if ``key`` is not found from ``dictionary``.</doc>
<status status="PASS" start="2024-04-24T15:15:23.642897" elapsed="0.000450"/>
</kw>
<kw name="Log" owner="BuiltIn">
<msg time="2024-04-24T15:15:23.644056" level="INFO">{'gender': 'female', 'name': {'title': 'Miss', 'first': 'Sophie', 'last': 'Patel'}, 'location': {'street': {'number': 6977, 'name': 'Simcoe St'}, 'city': 'Havelock', 'state': 'Manitoba', 'country': 'Canada', 'postcode': 'V4L 5Z4', 'coordinates': {'latitude': '-70.4526', 'longitude': '52.1963'}, 'timezone': {'offset': '-1:00', 'description': 'Azores, Cape Verde Islands'}}, 'email': 'sophie.patel@example.com', 'login': {'uuid': 'fb16bd63-be59-465f-90fe-393e336fe953', 'username': 'whiteduck647', 'password': 'wxcvbn', 'salt': '4vLyu8Mc', 'md5': '77af738433cecf57bb3a0f2b47123dae', 'sha1': '292e23b857a2ab4de492d0bd5aad8fca368cd532', 'sha256': 'faf6a2c1fb59c7d6dd46e82fb1afd882c960183475a90cdec527f2fff1cdca61'}, 'dob': {'date': '1958-05-17T20:14:34.249Z', 'age': 65}, 'registered': {'date': '2021-01-03T00:33:58.673Z', 'age': 3}, 'phone': 'G49 W53-2980', 'cell': 'H52 C77-8407', 'id': {'name': 'SIN', 'value': '029179975'}, 'picture': {'large': 'https://randomuser.me/api/portraits/women/23.jpg', 'medium': 'https://randomuser.me/api/portraits/med/women/23.jpg', 'thumbnail': 'https://randomuser.me/api/portraits/thumb/women/23.jpg'}, 'nat': 'CA'}</msg>
<arg>${json_data['results'][0]}</arg>
<doc>Logs the given message with the given level.</doc>
<status status="PASS" start="2024-04-24T15:15:23.643650" elapsed="0.000465"/>
</kw>
<kw name="Log" owner="BuiltIn">
<msg time="2024-04-24T15:15:23.644548" level="INFO">email</msg>
<arg>${key}</arg>
<doc>Logs the given message with the given level.</doc>
<status status="PASS" start="2024-04-24T15:15:23.644415" elapsed="0.000173"/>
</kw>
<var name="${key}">email</var>
<status status="PASS" start="2024-04-24T15:15:23.642784" elapsed="0.002023"/>
</iter>
<iter>
<kw name="Dictionary Should Contain Key" owner="Collections">
<msg time="2024-04-24T15:15:23.645492" level="INFO">False</msg>
<arg>${json_data['results'][0]}</arg>
<arg>${key}</arg>
<doc>Fails if ``key`` is not found from ``dictionary``.</doc>
<status status="PASS" start="2024-04-24T15:15:23.645098" elapsed="0.000432"/>
</kw>
<kw name="Log" owner="BuiltIn">
<msg time="2024-04-24T15:15:23.646192" level="INFO">{'gender': 'female', 'name': {'title': 'Miss', 'first': 'Sophie', 'last': 'Patel'}, 'location': {'street': {'number': 6977, 'name': 'Simcoe St'}, 'city': 'Havelock', 'state': 'Manitoba', 'country': 'Canada', 'postcode': 'V4L 5Z4', 'coordinates': {'latitude': '-70.4526', 'longitude': '52.1963'}, 'timezone': {'offset': '-1:00', 'description': 'Azores, Cape Verde Islands'}}, 'email': 'sophie.patel@example.com', 'login': {'uuid': 'fb16bd63-be59-465f-90fe-393e336fe953', 'username': 'whiteduck647', 'password': 'wxcvbn', 'salt': '4vLyu8Mc', 'md5': '77af738433cecf57bb3a0f2b47123dae', 'sha1': '292e23b857a2ab4de492d0bd5aad8fca368cd532', 'sha256': 'faf6a2c1fb59c7d6dd46e82fb1afd882c960183475a90cdec527f2fff1cdca61'}, 'dob': {'date': '1958-05-17T20:14:34.249Z', 'age': 65}, 'registered': {'date': '2021-01-03T00:33:58.673Z', 'age': 3}, 'phone': 'G49 W53-2980', 'cell': 'H52 C77-8407', 'id': {'name': 'SIN', 'value': '029179975'}, 'picture': {'large': 'https://randomuser.me/api/portraits/women/23.jpg', 'medium': 'https://randomuser.me/api/portraits/med/women/23.jpg', 'thumbnail': 'https://randomuser.me/api/portraits/thumb/women/23.jpg'}, 'nat': 'CA'}</msg>
<arg>${json_data['results'][0]}</arg>
<doc>Logs the given message with the given level.</doc>
<status status="PASS" start="2024-04-24T15:15:23.645824" elapsed="0.000417"/>
</kw>
<kw name="Log" owner="BuiltIn">
<msg time="2024-04-24T15:15:23.646680" level="INFO">login</msg>
<arg>${key}</arg>
<doc>Logs the given message with the given level.</doc>
<status status="PASS" start="2024-04-24T15:15:23.646540" elapsed="0.000180"/>
</kw>
<var name="${key}">login</var>
<status status="PASS" start="2024-04-24T15:15:23.644987" elapsed="0.001947"/>
</iter>
<var>${key}</var>
<value>@{expected_keys}</value>
<status status="PASS" start="2024-04-24T15:15:23.632926" elapsed="0.014157"/>
</for>
<kw name="Create List" owner="BuiltIn">
<msg time="2024-04-24T15:15:23.647438" level="INFO">${expected_keysTwo} = ['username', 'password']</msg>
<var>${expected_keysTwo}</var>
<arg>username</arg>
<arg>password</arg>
<doc>Returns a list containing given items.</doc>
<status status="PASS" start="2024-04-24T15:15:23.647296" elapsed="0.000165"/>
</kw>
<for flavor="IN">
<iter>
<kw name="Dictionary Should Contain Key" owner="Collections">
<msg time="2024-04-24T15:15:23.648430" level="INFO">False</msg>
<arg>${json_data['results'][0]['login']}</arg>
<arg>${keyTwo}</arg>
<doc>Fails if ``key`` is not found from ``dictionary``.</doc>
<status status="PASS" start="2024-04-24T15:15:23.648016" elapsed="0.000452"/>
</kw>
<kw name="Dictionary Should Contain Key" owner="Collections">
<msg time="2024-04-24T15:15:23.649160" level="INFO">False</msg>
<arg>${json_data['results'][0]['login']}</arg>
<arg>${keyTwo}</arg>
<doc>Fails if ``key`` is not found from ``dictionary``.</doc>
<status status="PASS" start="2024-04-24T15:15:23.648764" elapsed="0.000435"/>
</kw>
<kw name="Log" owner="BuiltIn">
<msg time="2024-04-24T15:15:23.649622" level="INFO">username</msg>
<arg>${keyTwo}</arg>
<doc>Logs the given message with the given level.</doc>
<status status="PASS" start="2024-04-24T15:15:23.649492" elapsed="0.000175"/>
</kw>
<var name="${keyTwo}">username</var>
<status status="PASS" start="2024-04-24T15:15:23.647872" elapsed="0.002011"/>
</iter>
<iter>
<kw name="Dictionary Should Contain Key" owner="Collections">
<msg time="2024-04-24T15:15:23.650659" level="INFO">False</msg>
<arg>${json_data['results'][0]['login']}</arg>
<arg>${keyTwo}</arg>
<doc>Fails if ``key`` is not found from ``dictionary``.</doc>
<status status="PASS" start="2024-04-24T15:15:23.650170" elapsed="0.000535"/>
</kw>
<kw name="Dictionary Should Contain Key" owner="Collections">
<msg time="2024-04-24T15:15:23.651394" level="INFO">False</msg>
<arg>${json_data['results'][0]['login']}</arg>
<arg>${keyTwo}</arg>
<doc>Fails if ``key`` is not found from ``dictionary``.</doc>
<status status="PASS" start="2024-04-24T15:15:23.651005" elapsed="0.000427"/>
</kw>
<kw name="Log" owner="BuiltIn">
<msg time="2024-04-24T15:15:23.651856" level="INFO">password</msg>
<arg>${keyTwo}</arg>
<doc>Logs the given message with the given level.</doc>
<status status="PASS" start="2024-04-24T15:15:23.651726" elapsed="0.000169"/>
</kw>
<var name="${keyTwo}">password</var>
<status status="PASS" start="2024-04-24T15:15:23.650057" elapsed="0.002098"/>
</iter>
<var>${keyTwo}</var>
<value>@{expected_keysTwo}</value>
<status status="PASS" start="2024-04-24T15:15:23.647704" elapsed="0.004575"/>
</for>
<status status="PASS" start="2024-04-24T15:15:23.547429" elapsed="0.105006"/>
</kw>
<doc>Testa a estrutura da resposta da API.</doc>
<tag>testeEstruturaResposta</tag>
<status status="PASS" start="2024-04-24T15:15:23.546889" elapsed="0.105713"/>
</test>
<test id="s1-s1-t4" name="Validar tipos de dados" line="28">
<kw name="Teste de Tipos de Dados" owner="random-user-service">
<kw name="GET On Session" owner="RequestsLibrary">
<msg time="2024-04-24T15:15:23.731545" level="INFO">GET Request : url=https://randomuser.me/api 
 path_url=/api 
 headers={'User-Agent': 'python-requests/2.31.0', 'Accept-Encoding': 'gzip, deflate', 'Accept': '*/*', 'Connection': 'keep-alive'} 
 body=None 
 </msg>
<msg time="2024-04-24T15:15:23.731666" level="INFO">GET Response : url=https://randomuser.me/api 
 status=200, reason=OK 
 headers={'Date': 'Wed, 24 Apr 2024 15:15:23 GMT', 'Content-Type': 'application/json; charset=utf-8', 'Transfer-Encoding': 'chunked', 'Connection': 'keep-alive', 'X-Powered-By': 'Express', 'Access-Control-Allow-Origin': '*', 'Cache-Control': 'no-cache', 'ETag': 'W/"4b1-pnqCtLL1VukwCZmWM3g19lUZ/TU"', 'Vary': 'Accept-Encoding', 'Content-Encoding': 'gzip', 'CF-Cache-Status': 'DYNAMIC', 'Report-To': '{"endpoints":[{"url":"https:\\/\\/a.nel.cloudflare.com\\/report\\/v4?s=xwjoq9IrT56p5vIysqL4hu4jH94IZ%2B8BdACx2ZfWjgTcjW%2BSXNbmhPRnJxln3yNwIyrxpHb13HrzVeQFCcu8KV8WmdppCJgELnN11B%2FTN7xX2POB5yMFJSgA7v4XKrB1"}],"group":"cf-nel","max_age":604800}', 'NEL': '{"success_fraction":0,"report_to":"cf-nel","max_age":604800}', 'Server': 'cloudflare', 'CF-RAY': '87970c68da4a395e-IAD', 'alt-svc': 'h3=":443"; ma=86400'} 
 body={"results":[{"gender":"female","name":{"title":"Mrs","first":"یسنا","last":"زارعی"},"location":{"street":{"number":9833,"name":"شهید آقاسرمدیان"},"city":"زنجان","state":"سیستان و بلوچستان","country":"Iran","postcode":24570,"coordinates":{"latitude":"15.7907","longitude":"128.1019"},"timezone":{"offset":"+4:00","description":"Abu Dhabi, Muscat, Baku, Tbilisi"}},"email":"ysn.zraay@example.com","login":{"uuid":"f3a9f677-2180-4249-a388-72492dd5f164","username":"orangekoala230","password":"lkjhgf","salt":"hHalrLio","md5":"5821d5de430a0f5035fc6eaa31ff616a","sha1":"48d8b679d7b61700cd2bc4ff7effdafd80a0396c","sha256":"5cbe0c5fe78f89f5bd035aae09091ac868a4b9a1451c442f02077a17d9496627"},"dob":{"date":"1961-01-26T01:18:17.514Z","age":63},"registered":{"date":"2013-08-31T22:49:44.251Z","age":10},"phone":"088-39142577","cell":"0901-033-3315","id":{"name":"","value":null},"picture":{"large":"https://randomuser.me/api/portraits/women/12.jpg","medium":"https://randomuser.me/api/portraits/med/women/12.jpg","thumbnail":"https://randomuser.me/api/portraits/thumb/women/12.jpg"},"nat":"IR"}],"info":{"seed":"dd89ec5c71eea42e","results":1,"page":1,"version":"1.4"}} 
 </msg>
<msg time="2024-04-24T15:15:23.731757" level="INFO">/opt/hostedtoolcache/Python/3.12.3/x64/lib/python3.12/site-packages/urllib3/connectionpool.py:1103: InsecureRequestWarning: Unverified HTTPS request is being made to host 'randomuser.me'. Adding certificate verification is strongly advised. See: https://urllib3.readthedocs.io/en/latest/advanced-usage.html#tls-warnings
  warnings.warn(</msg>
<msg time="2024-04-24T15:15:23.731892" level="INFO">${response} = &lt;Response [200]&gt;</msg>
<var>${response}</var>
<arg>consultarAPI</arg>
<arg>/api</arg>
<doc>Sends a GET request on a previously created HTTP Session.</doc>
<status status="PASS" start="2024-04-24T15:15:23.655224" elapsed="0.076697"/>
</kw>
<kw name="Set Variable" owner="BuiltIn">
<msg time="2024-04-24T15:15:23.733059" level="INFO">${json_data} = {'results': [{'gender': 'female', 'name': {'title': 'Mrs', 'first': 'یسنا', 'last': 'زارعی'}, 'location': {'street': {'number': 9833, 'name': 'شهید آقاسرمدیان'}, 'city': 'زنجان', 'state': 'سیستان و بل...</msg>
<var>${json_data}</var>
<arg>${response.json()}</arg>
<doc>Returns the given values which can then be assigned to a variables.</doc>
<status status="PASS" start="2024-04-24T15:15:23.732507" elapsed="0.000583"/>
</kw>
<kw name="Log" owner="BuiltIn">
<msg time="2024-04-24T15:15:23.733567" level="INFO">{'results': [{'gender': 'female', 'name': {'title': 'Mrs', 'first': 'یسنا', 'last': 'زارعی'}, 'location': {'street': {'number': 9833, 'name': 'شهید آقاسرمدیان'}, 'city': 'زنجان', 'state': 'سیستان و بلوچستان', 'country': 'Iran', 'postcode': 24570, 'coordinates': {'latitude': '15.7907', 'longitude': '128.1019'}, 'timezone': {'offset': '+4:00', 'description': 'Abu Dhabi, Muscat, Baku, Tbilisi'}}, 'email': 'ysn.zraay@example.com', 'login': {'uuid': 'f3a9f677-2180-4249-a388-72492dd5f164', 'username': 'orangekoala230', 'password': 'lkjhgf', 'salt': 'hHalrLio', 'md5': '5821d5de430a0f5035fc6eaa31ff616a', 'sha1': '48d8b679d7b61700cd2bc4ff7effdafd80a0396c', 'sha256': '5cbe0c5fe78f89f5bd035aae09091ac868a4b9a1451c442f02077a17d9496627'}, 'dob': {'date': '1961-01-26T01:18:17.514Z', 'age': 63}, 'registered': {'date': '2013-08-31T22:49:44.251Z', 'age': 10}, 'phone': '088-39142577', 'cell': '0901-033-3315', 'id': {'name': '', 'value': None}, 'picture': {'large': 'https://randomuser.me/api/portraits/women/12.jpg', 'medium': 'https://randomuser.me/api/portraits/med/women/12.jpg', 'thumbnail': 'https://randomuser.me/api/portraits/thumb/women/12.jpg'}, 'nat': 'IR'}], 'info': {'seed': 'dd89ec5c71eea42e', 'results': 1, 'page': 1, 'version': '1.4'}}</msg>
<arg>${json_data}</arg>
<doc>Logs the given message with the given level.</doc>
<status status="PASS" start="2024-04-24T15:15:23.733404" elapsed="0.000253"/>
</kw>
<kw name="Should Be String" owner="String">
<arg>${json_data['results'][0]['gender']}</arg>
<doc>Fails if the given ``item`` is not a string.</doc>
<status status="PASS" start="2024-04-24T15:15:23.733962" elapsed="0.000379"/>
</kw>
<kw name="Should Match Regexp" owner="BuiltIn">
<arg>${json_data['results'][0]['email']}</arg>
<arg>^[a-zA-Z0-9._%+-]+@[a-zA-Z0-9.-]+\.[a-zA-Z]{2,}$</arg>
<doc>Fails if ``string`` does not match ``pattern`` as a regular expression.</doc>
<status status="PASS" start="2024-04-24T15:15:23.734538" elapsed="0.000537"/>
</kw>
<kw name="Should Match Regexp" owner="BuiltIn">
<arg>${json_data['results'][0]['dob']['date']}</arg>
<arg>\\d{4}-\\d{2}-\\d{2}T\\d{2}:\\d{2}:\\d{2}\\.\\d{3}Z</arg>
<doc>Fails if ``string`` does not match ``pattern`` as a regular expression.</doc>
<status status="PASS" start="2024-04-24T15:15:23.735272" elapsed="0.000495"/>
</kw>
<kw name="Should Match Regexp" owner="BuiltIn">
<arg>${json_data['results'][0]['registered']['date']}</arg>
<arg>\\d{4}-\\d{2}-\\d{2}T\\d{2}:\\d{2}:\\d{2}\\.\\d{3}Z</arg>
<doc>Fails if ``string`` does not match ``pattern`` as a regular expression.</doc>
<status status="PASS" start="2024-04-24T15:15:23.735995" elapsed="0.000404"/>
</kw>
<kw name="Should Match Regexp" owner="BuiltIn">
<arg>${json_data['results'][0]['picture']['large']}</arg>
<arg>^https?://.*\.(?:png|jpe?g|gif|bmp)$</arg>
<doc>Fails if ``string`` does not match ``pattern`` as a regular expression.</doc>
<status status="PASS" start="2024-04-24T15:15:23.736593" elapsed="0.000487"/>
</kw>
<kw name="Should Match Regexp" owner="BuiltIn">
<arg>${json_data['results'][0]['picture']['medium']}</arg>
<arg>^https?://.*\.(?:png|jpe?g|gif|bmp)$</arg>
<doc>Fails if ``string`` does not match ``pattern`` as a regular expression.</doc>
<status status="PASS" start="2024-04-24T15:15:23.737271" elapsed="0.000378"/>
</kw>
<kw name="Should Match Regexp" owner="BuiltIn">
<arg>${json_data['results'][0]['picture']['thumbnail']}</arg>
<arg>^https?://.*\.(?:png|jpe?g|gif|bmp)$</arg>
<doc>Fails if ``string`` does not match ``pattern`` as a regular expression.</doc>
<status status="PASS" start="2024-04-24T15:15:23.737845" elapsed="0.000359"/>
</kw>
<kw name="Log" owner="BuiltIn">
<msg time="2024-04-24T15:15:23.738734" level="INFO">{'large': 'https://randomuser.me/api/portraits/women/12.jpg', 'medium': 'https://randomuser.me/api/portraits/med/women/12.jpg', 'thumbnail': 'https://randomuser.me/api/portraits/thumb/women/12.jpg'}</msg>
<arg>${json_data['results'][0]['picture']}</arg>
<doc>Logs the given message with the given level.</doc>
<status status="PASS" start="2024-04-24T15:15:23.738388" elapsed="0.000389"/>
</kw>
<status status="PASS" start="2024-04-24T15:15:23.654981" elapsed="0.084057"/>
</kw>
<kw name="Teste de Tipos de Dados - Postcode" owner="random-user-service">
<kw name="GET On Session" owner="RequestsLibrary">
<msg time="2024-04-24T15:15:23.829399" level="INFO">GET Request : url=https://randomuser.me/api 
 path_url=/api 
 headers={'User-Agent': 'python-requests/2.31.0', 'Accept-Encoding': 'gzip, deflate', 'Accept': '*/*', 'Connection': 'keep-alive'} 
 body=None 
 </msg>
<msg time="2024-04-24T15:15:23.829516" level="INFO">GET Response : url=https://randomuser.me/api 
 status=200, reason=OK 
 headers={'Date': 'Wed, 24 Apr 2024 15:15:23 GMT', 'Content-Type': 'application/json; charset=utf-8', 'Transfer-Encoding': 'chunked', 'Connection': 'keep-alive', 'X-Powered-By': 'Express', 'Access-Control-Allow-Origin': '*', 'Cache-Control': 'no-cache', 'ETag': 'W/"491-lk77PkDHNN17V4GoxIbEmUGMcQQ"', 'Vary': 'Accept-Encoding', 'Content-Encoding': 'gzip', 'CF-Cache-Status': 'DYNAMIC', 'Report-To': '{"endpoints":[{"url":"https:\\/\\/a.nel.cloudflare.com\\/report\\/v4?s=50vmtTeld%2BvJkwAPBWHB%2BueR0SKukF0ETStt65sWMeTjSc9WKzreirkk9eqz0tpTGi2p5XYOqVjpT0tArUNBeijo0To9CS%2B8ga3gx7wMB9e9y5t%2Be3q4HgMNoffrl%2B13"}],"group":"cf-nel","max_age":604800}', 'NEL': '{"success_fraction":0,"report_to":"cf-nel","max_age":604800}', 'Server': 'cloudflare', 'CF-RAY': '87970c696b14395e-IAD', 'alt-svc': 'h3=":443"; ma=86400'} 
 body={"results":[{"gender":"female","name":{"title":"Ms","first":"Ida","last":"Black"},"location":{"street":{"number":9979,"name":"Mockingbird Ln"},"city":"New Orleans","state":"Utah","country":"United States","postcode":13288,"coordinates":{"latitude":"89.0318","longitude":"93.9070"},"timezone":{"offset":"-3:00","description":"Brazil, Buenos Aires, Georgetown"}},"email":"ida.black@example.com","login":{"uuid":"61d5f89d-0185-40e2-8252-ddb930d5f64d","username":"blacksnake854","password":"drums","salt":"hFvc5jsi","md5":"8e12755cd2b50f2697ccd21fbfa4eccf","sha1":"9a337d4401564ff049aa887c85139978b064ffa7","sha256":"98950c7746a00be34439b0ca4d9861d5004381a9e1e5e9fc02b630074fe4f998"},"dob":{"date":"1984-03-16T22:17:17.054Z","age":40},"registered":{"date":"2014-04-01T12:28:19.682Z","age":10},"phone":"(283) 932-8283","cell":"(359) 987-3012","id":{"name":"SSN","value":"020-92-1178"},"picture":{"large":"https://randomuser.me/api/portraits/women/20.jpg","medium":"https://randomuser.me/api/portraits/med/women/20.jpg","thumbnail":"https://randomuser.me/api/portraits/thumb/women/20.jpg"},"nat":"US"}],"info":{"seed":"424c02b6e0ea7a43","results":1,"page":1,"version":"1.4"}} 
 </msg>
<msg time="2024-04-24T15:15:23.829601" level="INFO">/opt/hostedtoolcache/Python/3.12.3/x64/lib/python3.12/site-packages/urllib3/connectionpool.py:1103: InsecureRequestWarning: Unverified HTTPS request is being made to host 'randomuser.me'. Adding certificate verification is strongly advised. See: https://urllib3.readthedocs.io/en/latest/advanced-usage.html#tls-warnings
  warnings.warn(</msg>
<msg time="2024-04-24T15:15:23.829750" level="INFO">${response} = &lt;Response [200]&gt;</msg>
<var>${response}</var>
<arg>consultarAPI</arg>
<arg>/api</arg>
<doc>Sends a GET request on a previously created HTTP Session.</doc>
<status status="PASS" start="2024-04-24T15:15:23.739520" elapsed="0.090283"/>
</kw>
<kw name="Set Variable" owner="BuiltIn">
<msg time="2024-04-24T15:15:23.831047" level="INFO">${json_data} = {'results': [{'gender': 'female', 'name': {'title': 'Ms', 'first': 'Ida', 'last': 'Black'}, 'location': {'street': {'number': 9979, 'name': 'Mockingbird Ln'}, 'city': 'New Orleans', 'state': 'Utah', '...</msg>
<var>${json_data}</var>
<arg>${response.json()}</arg>
<doc>Returns the given values which can then be assigned to a variables.</doc>
<status status="PASS" start="2024-04-24T15:15:23.830478" elapsed="0.000598"/>
</kw>
<kw name="Log" owner="BuiltIn">
<msg time="2024-04-24T15:15:23.831549" level="INFO">{'results': [{'gender': 'female', 'name': {'title': 'Ms', 'first': 'Ida', 'last': 'Black'}, 'location': {'street': {'number': 9979, 'name': 'Mockingbird Ln'}, 'city': 'New Orleans', 'state': 'Utah', 'country': 'United States', 'postcode': 13288, 'coordinates': {'latitude': '89.0318', 'longitude': '93.9070'}, 'timezone': {'offset': '-3:00', 'description': 'Brazil, Buenos Aires, Georgetown'}}, 'email': 'ida.black@example.com', 'login': {'uuid': '61d5f89d-0185-40e2-8252-ddb930d5f64d', 'username': 'blacksnake854', 'password': 'drums', 'salt': 'hFvc5jsi', 'md5': '8e12755cd2b50f2697ccd21fbfa4eccf', 'sha1': '9a337d4401564ff049aa887c85139978b064ffa7', 'sha256': '98950c7746a00be34439b0ca4d9861d5004381a9e1e5e9fc02b630074fe4f998'}, 'dob': {'date': '1984-03-16T22:17:17.054Z', 'age': 40}, 'registered': {'date': '2014-04-01T12:28:19.682Z', 'age': 10}, 'phone': '(283) 932-8283', 'cell': '(359) 987-3012', 'id': {'name': 'SSN', 'value': '020-92-1178'}, 'picture': {'large': 'https://randomuser.me/api/portraits/women/20.jpg', 'medium': 'https://randomuser.me/api/portraits/med/women/20.jpg', 'thumbnail': 'https://randomuser.me/api/portraits/thumb/women/20.jpg'}, 'nat': 'US'}], 'info': {'seed': '424c02b6e0ea7a43', 'results': 1, 'page': 1, 'version': '1.4'}}</msg>
<arg>${json_data}</arg>
<doc>Logs the given message with the given level.</doc>
<status status="PASS" start="2024-04-24T15:15:23.831391" elapsed="0.000242"/>
</kw>
<kw name="Should Be Equal As Numbers" owner="BuiltIn">
<arg>${json_data['results'][0]['location']['postcode']}</arg>
<arg>${json_data['results'][0]['location']['postcode']}</arg>
<doc>Fails if objects are unequal after converting them to real numbers.</doc>
<status status="PASS" start="2024-04-24T15:15:23.832174" elapsed="0.000642"/>
</kw>
<kw name="Log" owner="BuiltIn">
<msg time="2024-04-24T15:15:23.833354" level="INFO">13288</msg>
<arg>${json_data['results'][0]['location']['postcode']}</arg>
<doc>Logs the given message with the given level.</doc>
<status status="PASS" start="2024-04-24T15:15:23.833011" elapsed="0.000384"/>
</kw>
<status status="PASS" start="2024-04-24T15:15:23.739277" elapsed="0.094374"/>
</kw>
<doc>Testa se os tipos de dados na resposta da API estão corretos.</doc>
<tag>testeTiposDados</tag>
<status status="PASS" start="2024-04-24T15:15:23.654487" elapsed="0.179335"/>
</test>
<test id="s1-s1-t5" name="Validar conteudo" line="35">
<kw name="Teste de Tipos de Conteudo" owner="random-user-service">
<kw name="GET On Session" owner="RequestsLibrary">
<msg time="2024-04-24T15:15:23.928961" level="INFO">GET Request : url=https://randomuser.me/api 
 path_url=/api 
 headers={'User-Agent': 'python-requests/2.31.0', 'Accept-Encoding': 'gzip, deflate', 'Accept': '*/*', 'Connection': 'keep-alive'} 
 body=None 
 </msg>
<msg time="2024-04-24T15:15:23.929079" level="INFO">GET Response : url=https://randomuser.me/api 
 status=200, reason=OK 
 headers={'Date': 'Wed, 24 Apr 2024 15:15:23 GMT', 'Content-Type': 'application/json; charset=utf-8', 'Transfer-Encoding': 'chunked', 'Connection': 'keep-alive', 'X-Powered-By': 'Express', 'Access-Control-Allow-Origin': '*', 'Cache-Control': 'no-cache', 'ETag': 'W/"4b5-/FK0lkrFQ0I15rK2Q7ZN0JRTBDE"', 'Vary': 'Accept-Encoding', 'Content-Encoding': 'gzip', 'CF-Cache-Status': 'DYNAMIC', 'Report-To': '{"endpoints":[{"url":"https:\\/\\/a.nel.cloudflare.com\\/report\\/v4?s=XfdVT2wZYvqsdrfD8sJiwD0o6yaUl%2B%2BwDNcAKHlQlb%2BkREVmTEQeqpiHiMp9ZfGFO2q4u9%2B7%2B4aGOqKxtTpqPQlbZ5COnU6X1xi5kIuA24An1YqUOFxMnqbiV74aUF9Q"}],"group":"cf-nel","max_age":604800}', 'NEL': '{"success_fraction":0,"report_to":"cf-nel","max_age":604800}', 'Server': 'cloudflare', 'CF-RAY': '87970c69fbfe395e-IAD', 'alt-svc': 'h3=":443"; ma=86400'} 
 body={"results":[{"gender":"male","name":{"title":"Monsieur","first":"Christof","last":"Garnier"},"location":{"street":{"number":1178,"name":"Rue de L'Abbé-Rousselot"},"city":"Villars-sur-Glâne","state":"Neuchâtel","country":"Switzerland","postcode":6026,"coordinates":{"latitude":"-57.0215","longitude":"-69.1662"},"timezone":{"offset":"-3:00","description":"Brazil, Buenos Aires, Georgetown"}},"email":"christof.garnier@example.com","login":{"uuid":"25519e71-f101-4b56-b875-10e18790b30f","username":"heavyfrog210","password":"lander","salt":"8hdhTtyp","md5":"a04ab4cfacfc45bd8df0842094a164d1","sha1":"2b989bda6c621413257f74af7c278a5319e2c5d6","sha256":"22252bd3e8f2b86019d7bacd2cc1e99488acf84029e85e1e63bb05d91501560d"},"dob":{"date":"1945-06-15T06:47:05.643Z","age":78},"registered":{"date":"2021-01-24T12:48:02.764Z","age":3},"phone":"077 507 20 90","cell":"076 807 59 83","id":{"name":"AVS","value":"756.1090.5058.14"},"picture":{"large":"https://randomuser.me/api/portraits/men/11.jpg","medium":"https://randomuser.me/api/portraits/med/men/11.jpg","thumbnail":"https://randomuser.me/api/portraits/thumb/men/11.jpg"},"nat":"CH"}],"info":{"seed":"6fd2451a25c8cf53","results":1,"page":1,"version":"1.4"}} 
 </msg>
<msg time="2024-04-24T15:15:23.929167" level="INFO">/opt/hostedtoolcache/Python/3.12.3/x64/lib/python3.12/site-packages/urllib3/connectionpool.py:1103: InsecureRequestWarning: Unverified HTTPS request is being made to host 'randomuser.me'. Adding certificate verification is strongly advised. See: https://urllib3.readthedocs.io/en/latest/advanced-usage.html#tls-warnings
  warnings.warn(</msg>
<msg time="2024-04-24T15:15:23.929298" level="INFO">${response} = &lt;Response [200]&gt;</msg>
<var>${response}</var>
<arg>consultarAPI</arg>
<arg>/api</arg>
<doc>Sends a GET request on a previously created HTTP Session.</doc>
<status status="PASS" start="2024-04-24T15:15:23.836494" elapsed="0.092844"/>
</kw>
<kw name="Set Variable" owner="BuiltIn">
<msg time="2024-04-24T15:15:23.930598" level="INFO">${json_data} = {'results': [{'gender': 'male', 'name': {'title': 'Monsieur', 'first': 'Christof', 'last': 'Garnier'}, 'location': {'street': {'number': 1178, 'name': "Rue de L'Abbé-Rousselot"}, 'city': 'Villars-sur-...</msg>
<var>${json_data}</var>
<arg>${response.json()}</arg>
<doc>Returns the given values which can then be assigned to a variables.</doc>
<status status="PASS" start="2024-04-24T15:15:23.930003" elapsed="0.000624"/>
</kw>
<kw name="Set Variable" owner="BuiltIn">
<msg time="2024-04-24T15:15:23.931331" level="INFO">${name_title} = Monsieur</msg>
<var>${name_title}</var>
<arg>${json_data["results"][0]["name"]["title"]}</arg>
<doc>Returns the given values which can then be assigned to a variables.</doc>
<status status="PASS" start="2024-04-24T15:15:23.930938" elapsed="0.000419"/>
</kw>
<kw name="Create List" owner="BuiltIn">
<msg time="2024-04-24T15:15:23.931800" level="INFO">${allowed_titles} = ['Mr', 'Ms', 'Miss', 'Mrs', 'Madame', 'Monsieur']</msg>
<var>${allowed_titles}</var>
<arg>Mr</arg>
<arg>Ms</arg>
<arg>Miss</arg>
<arg>Mrs</arg>
<arg>Madame</arg>
<arg>Monsieur</arg>
<doc>Returns a list containing given items.</doc>
<status status="PASS" start="2024-04-24T15:15:23.931655" elapsed="0.000169"/>
</kw>
<kw name="List Should Contain Value" owner="Collections">
<msg time="2024-04-24T15:15:23.932355" level="INFO">False</msg>
<arg>${allowed_titles}</arg>
<arg>${name_title}</arg>
<doc>Fails if the ``value`` is not found from ``list``.</doc>
<status status="PASS" start="2024-04-24T15:15:23.932177" elapsed="0.000216"/>
</kw>
<kw name="Set Variable" owner="BuiltIn">
<msg time="2024-04-24T15:15:23.933074" level="INFO">${name_country} = CH</msg>
<var>${name_country}</var>
<arg>${json_data["results"][0]["nat"]}</arg>
<doc>Returns the given values which can then be assigned to a variables.</doc>
<status status="PASS" start="2024-04-24T15:15:23.932685" elapsed="0.000414"/>
</kw>
<kw name="Create List" owner="BuiltIn">
<msg time="2024-04-24T15:15:23.933979" level="INFO">${list_country} = ['AD', 'AE', 'AF', 'AG', 'AI', 'AL', 'AM', 'AO', 'AQ', 'AR', 'AS', 'AT', 'AU', 'AW', 'AX', 'AZ', 'BA', 'BB', 'BD', 'BE', 'BF', 'BG', 'BH', 'BI', 'BJ', 'BL', 'BM', 'BN', 'BO', 'BQ', 'BR', 'BS', 'BT', '...</msg>
<var>${list_country}</var>
<arg>AD</arg>
<arg>AE</arg>
<arg>AF</arg>
<arg>AG</arg>
<arg>AI</arg>
<arg>AL</arg>
<arg>AM</arg>
<arg>AO</arg>
<arg>AQ</arg>
<arg>AR</arg>
<arg>AS</arg>
<arg>AT</arg>
<arg>AU</arg>
<arg>AW</arg>
<arg>AX</arg>
<arg>AZ</arg>
<arg>BA</arg>
<arg>BB</arg>
<arg>BD</arg>
<arg>BE</arg>
<arg>BF</arg>
<arg>BG</arg>
<arg>BH</arg>
<arg>BI</arg>
<arg>BJ</arg>
<arg>BL</arg>
<arg>BM</arg>
<arg>BN</arg>
<arg>BO</arg>
<arg>BQ</arg>
<arg>BR</arg>
<arg>BS</arg>
<arg>BT</arg>
<arg>BV</arg>
<arg>BW</arg>
<arg>BY</arg>
<arg>BZ</arg>
<arg>CA</arg>
<arg>CC</arg>
<arg>CD</arg>
<arg>CF</arg>
<arg>CG</arg>
<arg>CH</arg>
<arg>CI</arg>
<arg>CK</arg>
<arg>CL</arg>
<arg>CM</arg>
<arg>CN</arg>
<arg>CO</arg>
<arg>CR</arg>
<arg>CU</arg>
<arg>CV</arg>
<arg>CW</arg>
<arg>CX</arg>
<arg>CY</arg>
<arg>CZ</arg>
<arg>DE</arg>
<arg>DJ</arg>
<arg>DK</arg>
<arg>DM</arg>
<arg>DO</arg>
<arg>DZ</arg>
<arg>EC</arg>
<arg>EE</arg>
<arg>EG</arg>
<arg>EH</arg>
<arg>ER</arg>
<arg>ES</arg>
<arg>ET</arg>
<arg>FI</arg>
<arg>FJ</arg>
<arg>FK</arg>
<arg>FM</arg>
<arg>FO</arg>
<arg>FR</arg>
<arg>GA</arg>
<arg>GB</arg>
<arg>GD</arg>
<arg>GE</arg>
<arg>GF</arg>
<arg>GG</arg>
<arg>GH</arg>
<arg>GI</arg>
<arg>GL</arg>
<arg>GM</arg>
<arg>GN</arg>
<arg>GP</arg>
<arg>GQ</arg>
<arg>GR</arg>
<arg>GS</arg>
<arg>GT</arg>
<arg>GU</arg>
<arg>GW</arg>
<arg>GY</arg>
<arg>HK</arg>
<arg>HM</arg>
<arg>HN</arg>
<arg>HR</arg>
<arg>HT</arg>
<arg>HU</arg>
<arg>ID</arg>
<arg>IE</arg>
<arg>IL</arg>
<arg>IM</arg>
<arg>IN</arg>
<arg>IO</arg>
<arg>IQ</arg>
<arg>IR</arg>
<arg>IS</arg>
<arg>IT</arg>
<arg>JE</arg>
<arg>JM</arg>
<arg>JO</arg>
<arg>JP</arg>
<arg>KE</arg>
<arg>KG</arg>
<arg>KH</arg>
<arg>KI</arg>
<arg>KM</arg>
<arg>KN</arg>
<arg>KP</arg>
<arg>KR</arg>
<arg>KW</arg>
<arg>KY</arg>
<arg>KZ</arg>
<arg>LA</arg>
<arg>LB</arg>
<arg>LC</arg>
<arg>LI</arg>
<arg>LK</arg>
<arg>LR</arg>
<arg>LS</arg>
<arg>LT</arg>
<arg>LU</arg>
<arg>LV</arg>
<arg>LY</arg>
<arg>MA</arg>
<arg>MC</arg>
<arg>MD</arg>
<arg>ME</arg>
<arg>MF</arg>
<arg>MG</arg>
<arg>MH</arg>
<arg>MK</arg>
<arg>ML</arg>
<arg>MM</arg>
<arg>MN</arg>
<arg>MO</arg>
<arg>MP</arg>
<arg>MQ</arg>
<arg>MR</arg>
<arg>MS</arg>
<arg>MT</arg>
<arg>MU</arg>
<arg>MV</arg>
<arg>MW</arg>
<arg>MX</arg>
<arg>MY</arg>
<arg>MZ</arg>
<arg>NA</arg>
<arg>NC</arg>
<arg>NE</arg>
<arg>NF</arg>
<arg>NG</arg>
<arg>NI</arg>
<arg>NL</arg>
<arg>NO</arg>
<arg>NP</arg>
<arg>NR</arg>
<arg>NU</arg>
<arg>NZ</arg>
<arg>OM</arg>
<arg>PA</arg>
<arg>PE</arg>
<arg>PF</arg>
<arg>PG</arg>
<arg>PH</arg>
<arg>PK</arg>
<arg>PL</arg>
<arg>PM</arg>
<arg>PN</arg>
<arg>PR</arg>
<arg>PS</arg>
<arg>PT</arg>
<arg>PW</arg>
<arg>PY</arg>
<arg>QA</arg>
<arg>RE</arg>
<arg>RO</arg>
<arg>RS</arg>
<arg>RU</arg>
<arg>RW</arg>
<arg>SA</arg>
<arg>SB</arg>
<arg>SC</arg>
<arg>SD</arg>
<arg>SE</arg>
<arg>SG</arg>
<arg>SH</arg>
<arg>SI</arg>
<arg>SJ</arg>
<arg>SK</arg>
<arg>SL</arg>
<arg>SM</arg>
<arg>SN</arg>
<arg>SO</arg>
<arg>SR</arg>
<arg>SS</arg>
<arg>ST</arg>
<arg>SV</arg>
<arg>SX</arg>
<arg>SY</arg>
<arg>SZ</arg>
<arg>TC</arg>
<arg>TD</arg>
<arg>TF</arg>
<arg>TG</arg>
<arg>TH</arg>
<arg>TJ</arg>
<arg>TK</arg>
<arg>TL</arg>
<arg>TM</arg>
<arg>TN</arg>
<arg>TO</arg>
<arg>TR</arg>
<arg>TT</arg>
<arg>TV</arg>
<arg>TW</arg>
<arg>TZ</arg>
<arg>UA</arg>
<arg>UG</arg>
<arg>UM</arg>
<arg>US</arg>
<arg>UY</arg>
<arg>UZ</arg>
<arg>VA</arg>
<arg>VC</arg>
<arg>VE</arg>
<arg>VG</arg>
<arg>VI</arg>
<arg>VN</arg>
<arg>VU</arg>
<arg>WF</arg>
<arg>WS</arg>
<arg>XK</arg>
<arg>YE</arg>
<arg>YT</arg>
<arg>ZA</arg>
<arg>ZM</arg>
<arg>ZW</arg>
<doc>Returns a list containing given items.</doc>
<status status="PASS" start="2024-04-24T15:15:23.933398" elapsed="0.000605"/>
</kw>
<kw name="List Should Contain Value" owner="Collections">
<msg time="2024-04-24T15:15:23.935185" level="INFO">False</msg>
<arg>${list_country}</arg>
<arg>${name_country}</arg>
<doc>Fails if the ``value`` is not found from ``list``.</doc>
<status status="PASS" start="2024-04-24T15:15:23.934987" elapsed="0.000234"/>
</kw>
<kw name="Run Keyword If" owner="BuiltIn">
<kw name="Should Be True" owner="BuiltIn">
<arg>${True}</arg>
<doc>Fails if the given condition is not true.</doc>
<status status="PASS" start="2024-04-24T15:15:23.936525" elapsed="0.000319"/>
</kw>
<arg>${json_data["results"][0]["location"]["coordinates"]["latitude"]} &gt;= -90 and ${json_data["results"][0]["location"]["coordinates"]["latitude"]} &lt;= 90</arg>
<arg>Should Be True</arg>
<arg>${True}</arg>
<doc>Runs the given keyword with the given arguments, if ``condition`` is true.</doc>
<status status="PASS" start="2024-04-24T15:15:23.935543" elapsed="0.001434"/>
</kw>
<kw name="Run Keyword If" owner="BuiltIn">
<kw name="Should Be True" owner="BuiltIn">
<arg>${True}</arg>
<doc>Fails if the given condition is not true.</doc>
<status status="PASS" start="2024-04-24T15:15:23.937944" elapsed="0.000141"/>
</kw>
<arg>${json_data["results"][0]["location"]["coordinates"]["longitude"]} &gt;= -180 and ${json_data["results"][0]["location"]["coordinates"]["longitude"]} &lt;= 180</arg>
<arg>Should Be True</arg>
<arg>${True}</arg>
<doc>Runs the given keyword with the given arguments, if ``condition`` is true.</doc>
<status status="PASS" start="2024-04-24T15:15:23.937168" elapsed="0.001039"/>
</kw>
<status status="PASS" start="2024-04-24T15:15:23.836266" elapsed="0.102077"/>
</kw>
<doc>Testa o conteúdo específico dos campos retornados pela API.</doc>
<tag>testeConteudo</tag>
<status status="PASS" start="2024-04-24T15:15:23.835688" elapsed="0.102812"/>
</test>
<status status="PASS" start="2024-04-24T15:15:23.075936" elapsed="0.864706"/>
</suite>
<status status="PASS" start="2024-04-24T15:15:23.061580" elapsed="0.884358"/>
</suite>
<statistics>
<total>
<stat pass="5" fail="0" skip="0">All Tests</stat>
</total>
<tag>
<stat pass="1" fail="0" skip="0">testeConteudo</stat>
<stat pass="1" fail="0" skip="0">testeEstruturaResposta</stat>
<stat pass="1" fail="0" skip="0">testeRequisicaoBasica</stat>
<stat pass="1" fail="0" skip="0">testeTiposDados</stat>
</tag>
<suite>
<stat pass="5" fail="0" skip="0" id="s1" name="Tests">Tests</stat>
<stat pass="5" fail="0" skip="0" id="s1-s1" name="Random-User-Test">Tests.Random-User-Test</stat>
</suite>
</statistics>
<errors>
</errors>
</robot>
