<?xml version="1.0" encoding="UTF-8"?>
<robot generator="Robot 7.0 (Python 3.12.3 on linux)" generated="2024-04-28T18:16:48.132075" rpa="false" schemaversion="5">
<suite id="s1" name="Tests" source="/home/runner/work/DesafioQAItauRogerioJordao/DesafioQAItauRogerioJordao/RamdonUser/tests">
<suite id="s1-s1" name="Random-User-Test" source="/home/runner/work/DesafioQAItauRogerioJordao/DesafioQAItauRogerioJordao/RamdonUser/tests/random-user-test.robot">
<test id="s1-s1-t1" name="Conectar" line="13">
<kw name="Conectar API" owner="random-user-service">
<kw name="Create Session" owner="RequestsLibrary">
<msg time="2024-04-28T18:16:48.505448" level="INFO">Creating Session using : alias=consultarAPI, url=https://randomuser.me/, headers={},                     cookies={}, auth=None, timeout=None, proxies=None, verify=False,                     debug=0 </msg>
<arg>consultarAPI</arg>
<arg>${URL}</arg>
<doc>Create Session: create a HTTP session to a server</doc>
<status status="PASS" start="2024-04-28T18:16:48.505242" elapsed="0.000395"/>
</kw>
<status status="PASS" start="2024-04-28T18:16:48.504244" elapsed="0.001761"/>
</kw>
<status status="PASS" start="2024-04-28T18:16:48.503610" elapsed="0.002589"/>
</test>
<test id="s1-s1-t2" name="Validar retorno 200 e JSON Válido" line="16">
<kw name="Teste de Requisicao Basica" owner="random-user-service">
<kw name="GET On Session" owner="RequestsLibrary">
<msg time="2024-04-28T18:16:48.571594" level="INFO">GET Request : url=https://randomuser.me/api 
 path_url=/api 
 headers={'User-Agent': 'python-requests/2.31.0', 'Accept-Encoding': 'gzip, deflate', 'Accept': '*/*', 'Connection': 'keep-alive'} 
 body=None 
 </msg>
<msg time="2024-04-28T18:16:48.571736" level="INFO">GET Response : url=https://randomuser.me/api 
 status=200, reason=OK 
 headers={'Date': 'Sun, 28 Apr 2024 18:16:48 GMT', 'Content-Type': 'application/json; charset=utf-8', 'Transfer-Encoding': 'chunked', 'Connection': 'keep-alive', 'X-Powered-By': 'Express', 'Access-Control-Allow-Origin': '*', 'Cache-Control': 'no-cache', 'ETag': 'W/"489-M0B/6Zt9GdrrToLratdMnxPLZFM"', 'Vary': 'Accept-Encoding', 'Content-Encoding': 'gzip', 'CF-Cache-Status': 'DYNAMIC', 'Report-To': '{"endpoints":[{"url":"https:\\/\\/a.nel.cloudflare.com\\/report\\/v4?s=NKEFGnR7HTGIPldx8II%2Fi4EAtJoaek9yDhap%2B5pK7TJ%2BDdBjI3cNB3FVSMkVjkaB91Gt9BP2sqvqJwGlh5GukXqINCs7F8%2B5F1xce36XjHOfBrvqiVg8x1PFFohMa079"}],"group":"cf-nel","max_age":604800}', 'NEL': '{"success_fraction":0,"report_to":"cf-nel","max_age":604800}', 'Server': 'cloudflare', 'CF-RAY': '87b90ba769d70641-IAD', 'alt-svc': 'h3=":443"; ma=86400'} 
 body={"results":[{"gender":"female","name":{"title":"Mrs","first":"Louane","last":"Nguyen"},"location":{"street":{"number":8160,"name":"Quai Chauveau"},"city":"Pau","state":"Rhône","country":"France","postcode":80866,"coordinates":{"latitude":"-19.5215","longitude":"100.7097"},"timezone":{"offset":"-11:00","description":"Midway Island, Samoa"}},"email":"louane.nguyen@example.com","login":{"uuid":"9b70d5ac-cbbc-47b1-8460-d53b4a4fec6c","username":"angrysnake403","password":"hawks","salt":"STVESeIs","md5":"f94e32cc36c8343b9989fd549b666e70","sha1":"10a464e1340483ce6f268f9ac4a26deb4af21a16","sha256":"49abba016748b66ad3eb066c99c9b9e3b2eb3d246476632caf0c509a23e87b8f"},"dob":{"date":"1957-05-24T07:20:06.421Z","age":66},"registered":{"date":"2016-04-04T14:34:42.552Z","age":8},"phone":"04-29-87-37-28","cell":"06-82-39-85-18","id":{"name":"INSEE","value":"2570438995397 42"},"picture":{"large":"https://randomuser.me/api/portraits/women/29.jpg","medium":"https://randomuser.me/api/portraits/med/women/29.jpg","thumbnail":"https://randomuser.me/api/portraits/thumb/women/29.jpg"},"nat":"FR"}],"info":{"seed":"ba23f0dbce50e9b8","results":1,"page":1,"version":"1.4"}} 
 </msg>
<msg time="2024-04-28T18:16:48.571823" level="INFO">/opt/hostedtoolcache/Python/3.12.3/x64/lib/python3.12/site-packages/urllib3/connectionpool.py:1103: InsecureRequestWarning: Unverified HTTPS request is being made to host 'randomuser.me'. Adding certificate verification is strongly advised. See: https://urllib3.readthedocs.io/en/latest/advanced-usage.html#tls-warnings
  warnings.warn(</msg>
<msg time="2024-04-28T18:16:48.571964" level="INFO">${response} = &lt;Response [200]&gt;</msg>
<var>${response}</var>
<arg>consultarAPI</arg>
<arg>/api</arg>
<doc>Sends a GET request on a previously created HTTP Session.</doc>
<status status="PASS" start="2024-04-28T18:16:48.508871" elapsed="0.063133"/>
</kw>
<kw name="Should Be Equal As Numbers" owner="BuiltIn">
<msg time="2024-04-28T18:16:48.572987" level="INFO">Argument types are:
&lt;class 'int'&gt;
&lt;class 'str'&gt;</msg>
<arg>${response.status_code}</arg>
<arg>200</arg>
<doc>Fails if objects are unequal after converting them to real numbers.</doc>
<status status="PASS" start="2024-04-28T18:16:48.572518" elapsed="0.000535"/>
</kw>
<kw name="Log" owner="BuiltIn">
<msg time="2024-04-28T18:16:48.573743" level="INFO">200</msg>
<arg>${response.status_code}</arg>
<doc>Logs the given message with the given level.</doc>
<status status="PASS" start="2024-04-28T18:16:48.573384" elapsed="0.000401"/>
</kw>
<kw name="Set Variable" owner="BuiltIn">
<msg time="2024-04-28T18:16:48.574568" level="INFO">${json_data} = {'results': [{'gender': 'female', 'name': {'title': 'Mrs', 'first': 'Louane', 'last': 'Nguyen'}, 'location': {'street': {'number': 8160, 'name': 'Quai Chauveau'}, 'city': 'Pau', 'state': 'Rhône', 'cou...</msg>
<var>${json_data}</var>
<arg>${response.json()}</arg>
<doc>Returns the given values which can then be assigned to a variables.</doc>
<status status="PASS" start="2024-04-28T18:16:48.574089" elapsed="0.000508"/>
</kw>
<kw name="Dictionary Should Contain Key" owner="Collections">
<msg time="2024-04-28T18:16:48.575081" level="INFO">False</msg>
<arg>${json_data}</arg>
<arg>results</arg>
<doc>Fails if ``key`` is not found from ``dictionary``.</doc>
<status status="PASS" start="2024-04-28T18:16:48.574907" elapsed="0.000214"/>
</kw>
<status status="PASS" start="2024-04-28T18:16:48.508629" elapsed="0.066753"/>
</kw>
<doc>Testa se a API responde corretamente e retorna um objeto JSON válido.</doc>
<tag>testeRequisicaoBasica</tag>
<status status="PASS" start="2024-04-28T18:16:48.508108" elapsed="0.067459"/>
</test>
<test id="s1-s1-t3" name="Validar estrutura de resposta" line="22">
<kw name="Teste de Estrutura de Resposta" owner="random-user-service">
<kw name="GET On Session" owner="RequestsLibrary">
<msg time="2024-04-28T18:16:48.676974" level="INFO">GET Request : url=https://randomuser.me/api 
 path_url=/api 
 headers={'User-Agent': 'python-requests/2.31.0', 'Accept-Encoding': 'gzip, deflate', 'Accept': '*/*', 'Connection': 'keep-alive'} 
 body=None 
 </msg>
<msg time="2024-04-28T18:16:48.677078" level="INFO">GET Response : url=https://randomuser.me/api 
 status=200, reason=OK 
 headers={'Date': 'Sun, 28 Apr 2024 18:16:48 GMT', 'Content-Type': 'application/json; charset=utf-8', 'Transfer-Encoding': 'chunked', 'Connection': 'keep-alive', 'X-Powered-By': 'Express', 'Access-Control-Allow-Origin': '*', 'Cache-Control': 'no-cache', 'ETag': 'W/"46e-Ys2/kqX9mlzkr5D+bpz6Z2oZ0RY"', 'Vary': 'Accept-Encoding', 'Content-Encoding': 'gzip', 'CF-Cache-Status': 'DYNAMIC', 'Report-To': '{"endpoints":[{"url":"https:\\/\\/a.nel.cloudflare.com\\/report\\/v4?s=nPQHnDMEfEf%2BQpsdHAjN0wOWG2OJF%2BLus%2BHzaB%2BYHHXsxRemGwrUrkq95p89K07%2Ffpik%2Bwi3D0yp0tazpXCLLMh8NWS3csNxEx0bIsoH1pn01i%2Bn4wiQho5TpZh4zSCA"}],"group":"cf-nel","max_age":604800}', 'NEL': '{"success_fraction":0,"report_to":"cf-nel","max_age":604800}', 'Server': 'cloudflare', 'CF-RAY': '87b90ba7aa130641-IAD', 'alt-svc': 'h3=":443"; ma=86400'} 
 body={"results":[{"gender":"male","name":{"title":"Mr","first":"Fatih","last":"Durmaz"},"location":{"street":{"number":6851,"name":"Necatibey Cd"},"city":"Kocaeli","state":"Burdur","country":"Turkey","postcode":94331,"coordinates":{"latitude":"65.4405","longitude":"-152.9175"},"timezone":{"offset":"+9:30","description":"Adelaide, Darwin"}},"email":"fatih.durmaz@example.com","login":{"uuid":"64ea882e-77bc-4827-9b8e-1b83fbb64afd","username":"orangetiger191","password":"qwerasdf","salt":"ECRVHjCt","md5":"a4f8214e0b22dbdf23a1a3b31b68d0d2","sha1":"8b11eada606ad7ca0e45170f4b1262fae1ef333e","sha256":"105d932d047765346fb13260a2e496deabbe7ba997c5eb5a3a7a29f5b5ee9ee1"},"dob":{"date":"1985-04-08T05:35:50.373Z","age":39},"registered":{"date":"2012-08-06T02:35:09.305Z","age":11},"phone":"(977)-426-9810","cell":"(969)-157-8677","id":{"name":"","value":null},"picture":{"large":"https://randomuser.me/api/portraits/men/18.jpg","medium":"https://randomuser.me/api/portraits/med/men/18.jpg","thumbnail":"https://randomuser.me/api/portraits/thumb/men/18.jpg"},"nat":"TR"}],"info":{"seed":"673cdc713dd23978","results":1,"page":1,"version":"1.4"}} 
 </msg>
<msg time="2024-04-28T18:16:48.677217" level="INFO">/opt/hostedtoolcache/Python/3.12.3/x64/lib/python3.12/site-packages/urllib3/connectionpool.py:1103: InsecureRequestWarning: Unverified HTTPS request is being made to host 'randomuser.me'. Adding certificate verification is strongly advised. See: https://urllib3.readthedocs.io/en/latest/advanced-usage.html#tls-warnings
  warnings.warn(</msg>
<msg time="2024-04-28T18:16:48.677358" level="INFO">${response} = &lt;Response [200]&gt;</msg>
<var>${response}</var>
<arg>consultarAPI</arg>
<arg>/api</arg>
<doc>Sends a GET request on a previously created HTTP Session.</doc>
<status status="PASS" start="2024-04-28T18:16:48.578192" elapsed="0.099206"/>
</kw>
<kw name="Set Variable" owner="BuiltIn">
<msg time="2024-04-28T18:16:48.678487" level="INFO">${json_data} = {'results': [{'gender': 'male', 'name': {'title': 'Mr', 'first': 'Fatih', 'last': 'Durmaz'}, 'location': {'street': {'number': 6851, 'name': 'Necatibey Cd'}, 'city': 'Kocaeli', 'state': 'Burdur', 'cou...</msg>
<var>${json_data}</var>
<arg>${response.json()}</arg>
<doc>Returns the given values which can then be assigned to a variables.</doc>
<status status="PASS" start="2024-04-28T18:16:48.677912" elapsed="0.000605"/>
</kw>
<kw name="Log" owner="BuiltIn">
<msg time="2024-04-28T18:16:48.678992" level="INFO">{'results': [{'gender': 'male', 'name': {'title': 'Mr', 'first': 'Fatih', 'last': 'Durmaz'}, 'location': {'street': {'number': 6851, 'name': 'Necatibey Cd'}, 'city': 'Kocaeli', 'state': 'Burdur', 'country': 'Turkey', 'postcode': 94331, 'coordinates': {'latitude': '65.4405', 'longitude': '-152.9175'}, 'timezone': {'offset': '+9:30', 'description': 'Adelaide, Darwin'}}, 'email': 'fatih.durmaz@example.com', 'login': {'uuid': '64ea882e-77bc-4827-9b8e-1b83fbb64afd', 'username': 'orangetiger191', 'password': 'qwerasdf', 'salt': 'ECRVHjCt', 'md5': 'a4f8214e0b22dbdf23a1a3b31b68d0d2', 'sha1': '8b11eada606ad7ca0e45170f4b1262fae1ef333e', 'sha256': '105d932d047765346fb13260a2e496deabbe7ba997c5eb5a3a7a29f5b5ee9ee1'}, 'dob': {'date': '1985-04-08T05:35:50.373Z', 'age': 39}, 'registered': {'date': '2012-08-06T02:35:09.305Z', 'age': 11}, 'phone': '(977)-426-9810', 'cell': '(969)-157-8677', 'id': {'name': '', 'value': None}, 'picture': {'large': 'https://randomuser.me/api/portraits/men/18.jpg', 'medium': 'https://randomuser.me/api/portraits/med/men/18.jpg', 'thumbnail': 'https://randomuser.me/api/portraits/thumb/men/18.jpg'}, 'nat': 'TR'}], 'info': {'seed': '673cdc713dd23978', 'results': 1, 'page': 1, 'version': '1.4'}}</msg>
<arg>${json_data}</arg>
<doc>Logs the given message with the given level.</doc>
<status status="PASS" start="2024-04-28T18:16:48.678831" elapsed="0.000211"/>
</kw>
<kw name="Dictionary Should Contain Key" owner="Collections">
<msg time="2024-04-28T18:16:48.679499" level="INFO">False</msg>
<arg>${json_data}</arg>
<arg>results</arg>
<doc>Fails if ``key`` is not found from ``dictionary``.</doc>
<status status="PASS" start="2024-04-28T18:16:48.679336" elapsed="0.000201"/>
</kw>
<kw name="Should Not Be Empty" owner="BuiltIn">
<msg time="2024-04-28T18:16:48.679965" level="INFO">Length is 2.</msg>
<arg>${json_data}</arg>
<doc>Verifies that the given item is not empty.</doc>
<status status="PASS" start="2024-04-28T18:16:48.679829" elapsed="0.000345"/>
</kw>
<kw name="Create List" owner="BuiltIn">
<msg time="2024-04-28T18:16:48.680627" level="INFO">${expected_keys} = ['gender', 'name', 'location', 'email', 'login']</msg>
<var>${expected_keys}</var>
<arg>gender</arg>
<arg>name</arg>
<arg>location</arg>
<arg>email</arg>
<arg>login</arg>
<doc>Returns a list containing given items.</doc>
<status status="PASS" start="2024-04-28T18:16:48.680474" elapsed="0.000178"/>
</kw>
<for flavor="IN">
<iter>
<kw name="Dictionary Should Contain Key" owner="Collections">
<msg time="2024-04-28T18:16:48.681644" level="INFO">False</msg>
<arg>${json_data['results'][0]}</arg>
<arg>${key}</arg>
<doc>Fails if ``key`` is not found from ``dictionary``.</doc>
<status status="PASS" start="2024-04-28T18:16:48.681235" elapsed="0.000448"/>
</kw>
<kw name="Log" owner="BuiltIn">
<msg time="2024-04-28T18:16:48.682385" level="INFO">{'gender': 'male', 'name': {'title': 'Mr', 'first': 'Fatih', 'last': 'Durmaz'}, 'location': {'street': {'number': 6851, 'name': 'Necatibey Cd'}, 'city': 'Kocaeli', 'state': 'Burdur', 'country': 'Turkey', 'postcode': 94331, 'coordinates': {'latitude': '65.4405', 'longitude': '-152.9175'}, 'timezone': {'offset': '+9:30', 'description': 'Adelaide, Darwin'}}, 'email': 'fatih.durmaz@example.com', 'login': {'uuid': '64ea882e-77bc-4827-9b8e-1b83fbb64afd', 'username': 'orangetiger191', 'password': 'qwerasdf', 'salt': 'ECRVHjCt', 'md5': 'a4f8214e0b22dbdf23a1a3b31b68d0d2', 'sha1': '8b11eada606ad7ca0e45170f4b1262fae1ef333e', 'sha256': '105d932d047765346fb13260a2e496deabbe7ba997c5eb5a3a7a29f5b5ee9ee1'}, 'dob': {'date': '1985-04-08T05:35:50.373Z', 'age': 39}, 'registered': {'date': '2012-08-06T02:35:09.305Z', 'age': 11}, 'phone': '(977)-426-9810', 'cell': '(969)-157-8677', 'id': {'name': '', 'value': None}, 'picture': {'large': 'https://randomuser.me/api/portraits/men/18.jpg', 'medium': 'https://randomuser.me/api/portraits/med/men/18.jpg', 'thumbnail': 'https://randomuser.me/api/portraits/thumb/men/18.jpg'}, 'nat': 'TR'}</msg>
<arg>${json_data['results'][0]}</arg>
<doc>Logs the given message with the given level.</doc>
<status status="PASS" start="2024-04-28T18:16:48.681991" elapsed="0.000445"/>
</kw>
<kw name="Log" owner="BuiltIn">
<msg time="2024-04-28T18:16:48.682865" level="INFO">gender</msg>
<arg>${key}</arg>
<doc>Logs the given message with the given level.</doc>
<status status="PASS" start="2024-04-28T18:16:48.682735" elapsed="0.000169"/>
</kw>
<var name="${key}">gender</var>
<status status="PASS" start="2024-04-28T18:16:48.681108" elapsed="0.002010"/>
</iter>
<iter>
<kw name="Dictionary Should Contain Key" owner="Collections">
<msg time="2024-04-28T18:16:48.683822" level="INFO">False</msg>
<arg>${json_data['results'][0]}</arg>
<arg>${key}</arg>
<doc>Fails if ``key`` is not found from ``dictionary``.</doc>
<status status="PASS" start="2024-04-28T18:16:48.683428" elapsed="0.000432"/>
</kw>
<kw name="Log" owner="BuiltIn">
<msg time="2024-04-28T18:16:48.684544" level="INFO">{'gender': 'male', 'name': {'title': 'Mr', 'first': 'Fatih', 'last': 'Durmaz'}, 'location': {'street': {'number': 6851, 'name': 'Necatibey Cd'}, 'city': 'Kocaeli', 'state': 'Burdur', 'country': 'Turkey', 'postcode': 94331, 'coordinates': {'latitude': '65.4405', 'longitude': '-152.9175'}, 'timezone': {'offset': '+9:30', 'description': 'Adelaide, Darwin'}}, 'email': 'fatih.durmaz@example.com', 'login': {'uuid': '64ea882e-77bc-4827-9b8e-1b83fbb64afd', 'username': 'orangetiger191', 'password': 'qwerasdf', 'salt': 'ECRVHjCt', 'md5': 'a4f8214e0b22dbdf23a1a3b31b68d0d2', 'sha1': '8b11eada606ad7ca0e45170f4b1262fae1ef333e', 'sha256': '105d932d047765346fb13260a2e496deabbe7ba997c5eb5a3a7a29f5b5ee9ee1'}, 'dob': {'date': '1985-04-08T05:35:50.373Z', 'age': 39}, 'registered': {'date': '2012-08-06T02:35:09.305Z', 'age': 11}, 'phone': '(977)-426-9810', 'cell': '(969)-157-8677', 'id': {'name': '', 'value': None}, 'picture': {'large': 'https://randomuser.me/api/portraits/men/18.jpg', 'medium': 'https://randomuser.me/api/portraits/med/men/18.jpg', 'thumbnail': 'https://randomuser.me/api/portraits/thumb/men/18.jpg'}, 'nat': 'TR'}</msg>
<arg>${json_data['results'][0]}</arg>
<doc>Logs the given message with the given level.</doc>
<status status="PASS" start="2024-04-28T18:16:48.684182" elapsed="0.000410"/>
</kw>
<kw name="Log" owner="BuiltIn">
<msg time="2024-04-28T18:16:48.685012" level="INFO">name</msg>
<arg>${key}</arg>
<doc>Logs the given message with the given level.</doc>
<status status="PASS" start="2024-04-28T18:16:48.684886" elapsed="0.000164"/>
</kw>
<var name="${key}">name</var>
<status status="PASS" start="2024-04-28T18:16:48.683311" elapsed="0.001953"/>
</iter>
<iter>
<kw name="Dictionary Should Contain Key" owner="Collections">
<msg time="2024-04-28T18:16:48.685945" level="INFO">False</msg>
<arg>${json_data['results'][0]}</arg>
<arg>${key}</arg>
<doc>Fails if ``key`` is not found from ``dictionary``.</doc>
<status status="PASS" start="2024-04-28T18:16:48.685555" elapsed="0.000427"/>
</kw>
<kw name="Log" owner="BuiltIn">
<msg time="2024-04-28T18:16:48.686675" level="INFO">{'gender': 'male', 'name': {'title': 'Mr', 'first': 'Fatih', 'last': 'Durmaz'}, 'location': {'street': {'number': 6851, 'name': 'Necatibey Cd'}, 'city': 'Kocaeli', 'state': 'Burdur', 'country': 'Turkey', 'postcode': 94331, 'coordinates': {'latitude': '65.4405', 'longitude': '-152.9175'}, 'timezone': {'offset': '+9:30', 'description': 'Adelaide, Darwin'}}, 'email': 'fatih.durmaz@example.com', 'login': {'uuid': '64ea882e-77bc-4827-9b8e-1b83fbb64afd', 'username': 'orangetiger191', 'password': 'qwerasdf', 'salt': 'ECRVHjCt', 'md5': 'a4f8214e0b22dbdf23a1a3b31b68d0d2', 'sha1': '8b11eada606ad7ca0e45170f4b1262fae1ef333e', 'sha256': '105d932d047765346fb13260a2e496deabbe7ba997c5eb5a3a7a29f5b5ee9ee1'}, 'dob': {'date': '1985-04-08T05:35:50.373Z', 'age': 39}, 'registered': {'date': '2012-08-06T02:35:09.305Z', 'age': 11}, 'phone': '(977)-426-9810', 'cell': '(969)-157-8677', 'id': {'name': '', 'value': None}, 'picture': {'large': 'https://randomuser.me/api/portraits/men/18.jpg', 'medium': 'https://randomuser.me/api/portraits/med/men/18.jpg', 'thumbnail': 'https://randomuser.me/api/portraits/thumb/men/18.jpg'}, 'nat': 'TR'}</msg>
<arg>${json_data['results'][0]}</arg>
<doc>Logs the given message with the given level.</doc>
<status status="PASS" start="2024-04-28T18:16:48.686290" elapsed="0.000433"/>
</kw>
<kw name="Log" owner="BuiltIn">
<msg time="2024-04-28T18:16:48.687140" level="INFO">location</msg>
<arg>${key}</arg>
<doc>Logs the given message with the given level.</doc>
<status status="PASS" start="2024-04-28T18:16:48.687014" elapsed="0.000164"/>
</kw>
<var name="${key}">location</var>
<status status="PASS" start="2024-04-28T18:16:48.685443" elapsed="0.001948"/>
</iter>
<iter>
<kw name="Dictionary Should Contain Key" owner="Collections">
<msg time="2024-04-28T18:16:48.688065" level="INFO">False</msg>
<arg>${json_data['results'][0]}</arg>
<arg>${key}</arg>
<doc>Fails if ``key`` is not found from ``dictionary``.</doc>
<status status="PASS" start="2024-04-28T18:16:48.687676" elapsed="0.000427"/>
</kw>
<kw name="Log" owner="BuiltIn">
<msg time="2024-04-28T18:16:48.688768" level="INFO">{'gender': 'male', 'name': {'title': 'Mr', 'first': 'Fatih', 'last': 'Durmaz'}, 'location': {'street': {'number': 6851, 'name': 'Necatibey Cd'}, 'city': 'Kocaeli', 'state': 'Burdur', 'country': 'Turkey', 'postcode': 94331, 'coordinates': {'latitude': '65.4405', 'longitude': '-152.9175'}, 'timezone': {'offset': '+9:30', 'description': 'Adelaide, Darwin'}}, 'email': 'fatih.durmaz@example.com', 'login': {'uuid': '64ea882e-77bc-4827-9b8e-1b83fbb64afd', 'username': 'orangetiger191', 'password': 'qwerasdf', 'salt': 'ECRVHjCt', 'md5': 'a4f8214e0b22dbdf23a1a3b31b68d0d2', 'sha1': '8b11eada606ad7ca0e45170f4b1262fae1ef333e', 'sha256': '105d932d047765346fb13260a2e496deabbe7ba997c5eb5a3a7a29f5b5ee9ee1'}, 'dob': {'date': '1985-04-08T05:35:50.373Z', 'age': 39}, 'registered': {'date': '2012-08-06T02:35:09.305Z', 'age': 11}, 'phone': '(977)-426-9810', 'cell': '(969)-157-8677', 'id': {'name': '', 'value': None}, 'picture': {'large': 'https://randomuser.me/api/portraits/men/18.jpg', 'medium': 'https://randomuser.me/api/portraits/med/men/18.jpg', 'thumbnail': 'https://randomuser.me/api/portraits/thumb/men/18.jpg'}, 'nat': 'TR'}</msg>
<arg>${json_data['results'][0]}</arg>
<doc>Logs the given message with the given level.</doc>
<status status="PASS" start="2024-04-28T18:16:48.688403" elapsed="0.000413"/>
</kw>
<kw name="Log" owner="BuiltIn">
<msg time="2024-04-28T18:16:48.689235" level="INFO">email</msg>
<arg>${key}</arg>
<doc>Logs the given message with the given level.</doc>
<status status="PASS" start="2024-04-28T18:16:48.689108" elapsed="0.000165"/>
</kw>
<var name="${key}">email</var>
<status status="PASS" start="2024-04-28T18:16:48.687565" elapsed="0.001918"/>
</iter>
<iter>
<kw name="Dictionary Should Contain Key" owner="Collections">
<msg time="2024-04-28T18:16:48.690149" level="INFO">False</msg>
<arg>${json_data['results'][0]}</arg>
<arg>${key}</arg>
<doc>Fails if ``key`` is not found from ``dictionary``.</doc>
<status status="PASS" start="2024-04-28T18:16:48.689765" elapsed="0.000422"/>
</kw>
<kw name="Log" owner="BuiltIn">
<msg time="2024-04-28T18:16:48.690872" level="INFO">{'gender': 'male', 'name': {'title': 'Mr', 'first': 'Fatih', 'last': 'Durmaz'}, 'location': {'street': {'number': 6851, 'name': 'Necatibey Cd'}, 'city': 'Kocaeli', 'state': 'Burdur', 'country': 'Turkey', 'postcode': 94331, 'coordinates': {'latitude': '65.4405', 'longitude': '-152.9175'}, 'timezone': {'offset': '+9:30', 'description': 'Adelaide, Darwin'}}, 'email': 'fatih.durmaz@example.com', 'login': {'uuid': '64ea882e-77bc-4827-9b8e-1b83fbb64afd', 'username': 'orangetiger191', 'password': 'qwerasdf', 'salt': 'ECRVHjCt', 'md5': 'a4f8214e0b22dbdf23a1a3b31b68d0d2', 'sha1': '8b11eada606ad7ca0e45170f4b1262fae1ef333e', 'sha256': '105d932d047765346fb13260a2e496deabbe7ba997c5eb5a3a7a29f5b5ee9ee1'}, 'dob': {'date': '1985-04-08T05:35:50.373Z', 'age': 39}, 'registered': {'date': '2012-08-06T02:35:09.305Z', 'age': 11}, 'phone': '(977)-426-9810', 'cell': '(969)-157-8677', 'id': {'name': '', 'value': None}, 'picture': {'large': 'https://randomuser.me/api/portraits/men/18.jpg', 'medium': 'https://randomuser.me/api/portraits/med/men/18.jpg', 'thumbnail': 'https://randomuser.me/api/portraits/thumb/men/18.jpg'}, 'nat': 'TR'}</msg>
<arg>${json_data['results'][0]}</arg>
<doc>Logs the given message with the given level.</doc>
<status status="PASS" start="2024-04-28T18:16:48.690502" elapsed="0.000417"/>
</kw>
<kw name="Log" owner="BuiltIn">
<msg time="2024-04-28T18:16:48.691340" level="INFO">login</msg>
<arg>${key}</arg>
<doc>Logs the given message with the given level.</doc>
<status status="PASS" start="2024-04-28T18:16:48.691215" elapsed="0.000163"/>
</kw>
<var name="${key}">login</var>
<status status="PASS" start="2024-04-28T18:16:48.689655" elapsed="0.001933"/>
</iter>
<var>${key}</var>
<value>@{expected_keys}</value>
<status status="PASS" start="2024-04-28T18:16:48.680910" elapsed="0.010799"/>
</for>
<kw name="Create List" owner="BuiltIn">
<msg time="2024-04-28T18:16:48.692067" level="INFO">${expected_keysTwo} = ['username', 'password']</msg>
<var>${expected_keysTwo}</var>
<arg>username</arg>
<arg>password</arg>
<doc>Returns a list containing given items.</doc>
<status status="PASS" start="2024-04-28T18:16:48.691928" elapsed="0.000162"/>
</kw>
<for flavor="IN">
<iter>
<kw name="Dictionary Should Contain Key" owner="Collections">
<msg time="2024-04-28T18:16:48.692978" level="INFO">False</msg>
<arg>${json_data['results'][0]['login']}</arg>
<arg>${keyTwo}</arg>
<doc>Fails if ``key`` is not found from ``dictionary``.</doc>
<status status="PASS" start="2024-04-28T18:16:48.692587" elapsed="0.000429"/>
</kw>
<kw name="Dictionary Should Contain Key" owner="Collections">
<msg time="2024-04-28T18:16:48.693707" level="INFO">False</msg>
<arg>${json_data['results'][0]['login']}</arg>
<arg>${keyTwo}</arg>
<doc>Fails if ``key`` is not found from ``dictionary``.</doc>
<status status="PASS" start="2024-04-28T18:16:48.693315" elapsed="0.000429"/>
</kw>
<kw name="Log" owner="BuiltIn">
<msg time="2024-04-28T18:16:48.694164" level="INFO">username</msg>
<arg>${keyTwo}</arg>
<doc>Logs the given message with the given level.</doc>
<status status="PASS" start="2024-04-28T18:16:48.694037" elapsed="0.000169"/>
</kw>
<var name="${keyTwo}">username</var>
<status status="PASS" start="2024-04-28T18:16:48.692476" elapsed="0.001965"/>
</iter>
<iter>
<kw name="Dictionary Should Contain Key" owner="Collections">
<msg time="2024-04-28T18:16:48.695198" level="INFO">False</msg>
<arg>${json_data['results'][0]['login']}</arg>
<arg>${keyTwo}</arg>
<doc>Fails if ``key`` is not found from ``dictionary``.</doc>
<status status="PASS" start="2024-04-28T18:16:48.694735" elapsed="0.000509"/>
</kw>
<kw name="Dictionary Should Contain Key" owner="Collections">
<msg time="2024-04-28T18:16:48.695923" level="INFO">False</msg>
<arg>${json_data['results'][0]['login']}</arg>
<arg>${keyTwo}</arg>
<doc>Fails if ``key`` is not found from ``dictionary``.</doc>
<status status="PASS" start="2024-04-28T18:16:48.695543" elapsed="0.000418"/>
</kw>
<kw name="Log" owner="BuiltIn">
<msg time="2024-04-28T18:16:48.696381" level="INFO">password</msg>
<arg>${keyTwo}</arg>
<doc>Logs the given message with the given level.</doc>
<status status="PASS" start="2024-04-28T18:16:48.696253" elapsed="0.000165"/>
</kw>
<var name="${keyTwo}">password</var>
<status status="PASS" start="2024-04-28T18:16:48.694619" elapsed="0.002013"/>
</iter>
<var>${keyTwo}</var>
<value>@{expected_keysTwo}</value>
<status status="PASS" start="2024-04-28T18:16:48.692324" elapsed="0.004428"/>
</for>
<status status="PASS" start="2024-04-28T18:16:48.577954" elapsed="0.118939"/>
</kw>
<doc>Testa a estrutura da resposta da API.</doc>
<tag>testeEstruturaResposta</tag>
<status status="PASS" start="2024-04-28T18:16:48.577435" elapsed="0.119617"/>
</test>
<test id="s1-s1-t4" name="Validar tipos de dados" line="28">
<kw name="Teste de Tipos de Dados" owner="random-user-service">
<kw name="GET On Session" owner="RequestsLibrary">
<msg time="2024-04-28T18:16:48.776318" level="INFO">GET Request : url=https://randomuser.me/api 
 path_url=/api 
 headers={'User-Agent': 'python-requests/2.31.0', 'Accept-Encoding': 'gzip, deflate', 'Accept': '*/*', 'Connection': 'keep-alive'} 
 body=None 
 </msg>
<msg time="2024-04-28T18:16:48.776423" level="INFO">GET Response : url=https://randomuser.me/api 
 status=200, reason=OK 
 headers={'Date': 'Sun, 28 Apr 2024 18:16:48 GMT', 'Content-Type': 'application/json; charset=utf-8', 'Transfer-Encoding': 'chunked', 'Connection': 'keep-alive', 'X-Powered-By': 'Express', 'Access-Control-Allow-Origin': '*', 'Cache-Control': 'no-cache', 'ETag': 'W/"4aa-O51YgjzROcpdXLvVKOWUkcMadO4"', 'Vary': 'Accept-Encoding', 'Content-Encoding': 'gzip', 'CF-Cache-Status': 'DYNAMIC', 'Report-To': '{"endpoints":[{"url":"https:\\/\\/a.nel.cloudflare.com\\/report\\/v4?s=UroIaO%2BIQZv3HtV2Y2WAMEPW%2BONvW1UK4Md1b3jd95g2Brs0KlE7uS4VKyvN3wi6ZLc5jHGkS9ajdWcMjFDJ2uJN7Z76Sydwet7PGluG4zyCEL90LC6DCpLCeiq%2FTgx7"}],"group":"cf-nel","max_age":604800}', 'NEL': '{"success_fraction":0,"report_to":"cf-nel","max_age":604800}', 'Server': 'cloudflare', 'CF-RAY': '87b90ba86ab10641-IAD', 'alt-svc': 'h3=":443"; ma=86400'} 
 body={"results":[{"gender":"female","name":{"title":"Mrs","first":"Frida","last":"Rolón"},"location":{"street":{"number":3580,"name":"Viaducto Tamayo"},"city":"Puerto Aventuras","state":"Guerrero","country":"Mexico","postcode":68825,"coordinates":{"latitude":"25.0913","longitude":"125.8739"},"timezone":{"offset":"-6:00","description":"Central Time (US &amp; Canada), Mexico City"}},"email":"frida.rolon@example.com","login":{"uuid":"6c935f96-a77f-4414-8bad-7bf6d62d4edb","username":"ticklishkoala743","password":"passme","salt":"BC7qgpHT","md5":"1a5e4c815e619ce676af8fe2b3a861c3","sha1":"22de1ced0f36a970a8e8213ff32bcf2088d6bcb2","sha256":"faeafc4048f92592a20004a24fac399d1bbc9b5db75ccf4bdb5c1cbec0743d1e"},"dob":{"date":"1999-07-11T20:48:49.420Z","age":24},"registered":{"date":"2009-10-24T18:12:41.846Z","age":14},"phone":"(641) 829 8786","cell":"(661) 385 8203","id":{"name":"NSS","value":"43 24 49 9673 7"},"picture":{"large":"https://randomuser.me/api/portraits/women/79.jpg","medium":"https://randomuser.me/api/portraits/med/women/79.jpg","thumbnail":"https://randomuser.me/api/portraits/thumb/women/79.jpg"},"nat":"MX"}],"info":{"seed":"6200d0d3c42344ed","results":1,"page":1,"version":"1.4"}} 
 </msg>
<msg time="2024-04-28T18:16:48.776500" level="INFO">/opt/hostedtoolcache/Python/3.12.3/x64/lib/python3.12/site-packages/urllib3/connectionpool.py:1103: InsecureRequestWarning: Unverified HTTPS request is being made to host 'randomuser.me'. Adding certificate verification is strongly advised. See: https://urllib3.readthedocs.io/en/latest/advanced-usage.html#tls-warnings
  warnings.warn(</msg>
<msg time="2024-04-28T18:16:48.776626" level="INFO">${response} = &lt;Response [200]&gt;</msg>
<var>${response}</var>
<arg>consultarAPI</arg>
<arg>/api</arg>
<doc>Sends a GET request on a previously created HTTP Session.</doc>
<status status="PASS" start="2024-04-28T18:16:48.699615" elapsed="0.077052"/>
</kw>
<kw name="Set Variable" owner="BuiltIn">
<msg time="2024-04-28T18:16:48.777904" level="INFO">${json_data} = {'results': [{'gender': 'female', 'name': {'title': 'Mrs', 'first': 'Frida', 'last': 'Rolón'}, 'location': {'street': {'number': 3580, 'name': 'Viaducto Tamayo'}, 'city': 'Puerto Aventuras', 'state': ...</msg>
<var>${json_data}</var>
<arg>${response.json()}</arg>
<doc>Returns the given values which can then be assigned to a variables.</doc>
<status status="PASS" start="2024-04-28T18:16:48.777317" elapsed="0.000617"/>
</kw>
<kw name="Log" owner="BuiltIn">
<msg time="2024-04-28T18:16:48.778443" level="INFO">{'results': [{'gender': 'female', 'name': {'title': 'Mrs', 'first': 'Frida', 'last': 'Rolón'}, 'location': {'street': {'number': 3580, 'name': 'Viaducto Tamayo'}, 'city': 'Puerto Aventuras', 'state': 'Guerrero', 'country': 'Mexico', 'postcode': 68825, 'coordinates': {'latitude': '25.0913', 'longitude': '125.8739'}, 'timezone': {'offset': '-6:00', 'description': 'Central Time (US &amp; Canada), Mexico City'}}, 'email': 'frida.rolon@example.com', 'login': {'uuid': '6c935f96-a77f-4414-8bad-7bf6d62d4edb', 'username': 'ticklishkoala743', 'password': 'passme', 'salt': 'BC7qgpHT', 'md5': '1a5e4c815e619ce676af8fe2b3a861c3', 'sha1': '22de1ced0f36a970a8e8213ff32bcf2088d6bcb2', 'sha256': 'faeafc4048f92592a20004a24fac399d1bbc9b5db75ccf4bdb5c1cbec0743d1e'}, 'dob': {'date': '1999-07-11T20:48:49.420Z', 'age': 24}, 'registered': {'date': '2009-10-24T18:12:41.846Z', 'age': 14}, 'phone': '(641) 829 8786', 'cell': '(661) 385 8203', 'id': {'name': 'NSS', 'value': '43 24 49 9673 7'}, 'picture': {'large': 'https://randomuser.me/api/portraits/women/79.jpg', 'medium': 'https://randomuser.me/api/portraits/med/women/79.jpg', 'thumbnail': 'https://randomuser.me/api/portraits/thumb/women/79.jpg'}, 'nat': 'MX'}], 'info': {'seed': '6200d0d3c42344ed', 'results': 1, 'page': 1, 'version': '1.4'}}</msg>
<arg>${json_data}</arg>
<doc>Logs the given message with the given level.</doc>
<status status="PASS" start="2024-04-28T18:16:48.778244" elapsed="0.000297"/>
</kw>
<kw name="Should Be String" owner="String">
<arg>${json_data['results'][0]['gender']}</arg>
<doc>Fails if the given ``item`` is not a string.</doc>
<status status="PASS" start="2024-04-28T18:16:48.778847" elapsed="0.000360"/>
</kw>
<kw name="Should Match Regexp" owner="BuiltIn">
<arg>${json_data['results'][0]['email']}</arg>
<arg>^[a-zA-Z0-9._%+-]+@[a-zA-Z0-9.-]+\.[a-zA-Z]{2,}$</arg>
<doc>Fails if ``string`` does not match ``pattern`` as a regular expression.</doc>
<status status="PASS" start="2024-04-28T18:16:48.779399" elapsed="0.000519"/>
</kw>
<kw name="Should Match Regexp" owner="BuiltIn">
<arg>${json_data['results'][0]['dob']['date']}</arg>
<arg>\\d{4}-\\d{2}-\\d{2}T\\d{2}:\\d{2}:\\d{2}\\.\\d{3}Z</arg>
<doc>Fails if ``string`` does not match ``pattern`` as a regular expression.</doc>
<status status="PASS" start="2024-04-28T18:16:48.780115" elapsed="0.000480"/>
</kw>
<kw name="Should Match Regexp" owner="BuiltIn">
<arg>${json_data['results'][0]['registered']['date']}</arg>
<arg>\\d{4}-\\d{2}-\\d{2}T\\d{2}:\\d{2}:\\d{2}\\.\\d{3}Z</arg>
<doc>Fails if ``string`` does not match ``pattern`` as a regular expression.</doc>
<status status="PASS" start="2024-04-28T18:16:48.780786" elapsed="0.000364"/>
</kw>
<kw name="Should Match Regexp" owner="BuiltIn">
<arg>${json_data['results'][0]['picture']['large']}</arg>
<arg>^https?://.*\.(?:png|jpe?g|gif|bmp)$</arg>
<doc>Fails if ``string`` does not match ``pattern`` as a regular expression.</doc>
<status status="PASS" start="2024-04-28T18:16:48.781337" elapsed="0.000467"/>
</kw>
<kw name="Should Match Regexp" owner="BuiltIn">
<arg>${json_data['results'][0]['picture']['medium']}</arg>
<arg>^https?://.*\.(?:png|jpe?g|gif|bmp)$</arg>
<doc>Fails if ``string`` does not match ``pattern`` as a regular expression.</doc>
<status status="PASS" start="2024-04-28T18:16:48.781992" elapsed="0.000388"/>
</kw>
<kw name="Should Match Regexp" owner="BuiltIn">
<arg>${json_data['results'][0]['picture']['thumbnail']}</arg>
<arg>^https?://.*\.(?:png|jpe?g|gif|bmp)$</arg>
<doc>Fails if ``string`` does not match ``pattern`` as a regular expression.</doc>
<status status="PASS" start="2024-04-28T18:16:48.782578" elapsed="0.000352"/>
</kw>
<kw name="Log" owner="BuiltIn">
<msg time="2024-04-28T18:16:48.783437" level="INFO">{'large': 'https://randomuser.me/api/portraits/women/79.jpg', 'medium': 'https://randomuser.me/api/portraits/med/women/79.jpg', 'thumbnail': 'https://randomuser.me/api/portraits/thumb/women/79.jpg'}</msg>
<arg>${json_data['results'][0]['picture']}</arg>
<doc>Logs the given message with the given level.</doc>
<status status="PASS" start="2024-04-28T18:16:48.783112" elapsed="0.000366"/>
</kw>
<status status="PASS" start="2024-04-28T18:16:48.699384" elapsed="0.084349"/>
</kw>
<kw name="Teste de Tipos de Dados - Postcode" owner="random-user-service">
<kw name="GET On Session" owner="RequestsLibrary">
<msg time="2024-04-28T18:16:48.870912" level="INFO">GET Request : url=https://randomuser.me/api 
 path_url=/api 
 headers={'User-Agent': 'python-requests/2.31.0', 'Accept-Encoding': 'gzip, deflate', 'Accept': '*/*', 'Connection': 'keep-alive'} 
 body=None 
 </msg>
<msg time="2024-04-28T18:16:48.871020" level="INFO">GET Response : url=https://randomuser.me/api 
 status=200, reason=OK 
 headers={'Date': 'Sun, 28 Apr 2024 18:16:48 GMT', 'Content-Type': 'application/json; charset=utf-8', 'Transfer-Encoding': 'chunked', 'Connection': 'keep-alive', 'X-Powered-By': 'Express', 'Access-Control-Allow-Origin': '*', 'Cache-Control': 'no-cache', 'ETag': 'W/"489-UeL8KEe33/lReeYqH0V1FGWagDM"', 'Vary': 'Accept-Encoding', 'Content-Encoding': 'gzip', 'CF-Cache-Status': 'DYNAMIC', 'Report-To': '{"endpoints":[{"url":"https:\\/\\/a.nel.cloudflare.com\\/report\\/v4?s=apfExdE0%2BJ5bta0Mxmd6maPV%2BlT8dhs4rvgjQaX5bBAbXreXhGwIaCkh4MkbBd9hIA7nI%2Biap%2BRzUMKhOD%2Bh67YSJwYBsQJERHpl2Eh9Hn%2FSOhI4IgqjUylD6QREIfvb"}],"group":"cf-nel","max_age":604800}', 'NEL': '{"success_fraction":0,"report_to":"cf-nel","max_age":604800}', 'Server': 'cloudflare', 'CF-RAY': '87b90ba8eb110641-IAD', 'alt-svc': 'h3=":443"; ma=86400'} 
 body={"results":[{"gender":"female","name":{"title":"Miss","first":"Marlene","last":"Allen"},"location":{"street":{"number":2929,"name":"Wheeler Ridge Dr"},"city":"Gladstone","state":"Western Australia","country":"Australia","postcode":3282,"coordinates":{"latitude":"-83.5199","longitude":"174.7412"},"timezone":{"offset":"+5:45","description":"Kathmandu"}},"email":"marlene.allen@example.com","login":{"uuid":"a01c4f6f-732d-4479-9e38-a0286fa20332","username":"lazymouse105","password":"charter","salt":"ll1pEKI5","md5":"860366d4d4366b6fca2fdd32a2077724","sha1":"933da303f86b6bc9369387a253c837dd9370a077","sha256":"ff7d914868a4633a823a2b28b07f53066a2d2c33688bce6cc38d6d2e411ae254"},"dob":{"date":"1954-07-16T18:13:32.188Z","age":69},"registered":{"date":"2012-11-26T04:58:58.150Z","age":11},"phone":"09-6102-2197","cell":"0436-623-254","id":{"name":"TFN","value":"802688854"},"picture":{"large":"https://randomuser.me/api/portraits/women/40.jpg","medium":"https://randomuser.me/api/portraits/med/women/40.jpg","thumbnail":"https://randomuser.me/api/portraits/thumb/women/40.jpg"},"nat":"AU"}],"info":{"seed":"a3bd338f4e140280","results":1,"page":1,"version":"1.4"}} 
 </msg>
<msg time="2024-04-28T18:16:48.871101" level="INFO">/opt/hostedtoolcache/Python/3.12.3/x64/lib/python3.12/site-packages/urllib3/connectionpool.py:1103: InsecureRequestWarning: Unverified HTTPS request is being made to host 'randomuser.me'. Adding certificate verification is strongly advised. See: https://urllib3.readthedocs.io/en/latest/advanced-usage.html#tls-warnings
  warnings.warn(</msg>
<msg time="2024-04-28T18:16:48.871247" level="INFO">${response} = &lt;Response [200]&gt;</msg>
<var>${response}</var>
<arg>consultarAPI</arg>
<arg>/api</arg>
<doc>Sends a GET request on a previously created HTTP Session.</doc>
<status status="PASS" start="2024-04-28T18:16:48.784206" elapsed="0.087090"/>
</kw>
<kw name="Set Variable" owner="BuiltIn">
<msg time="2024-04-28T18:16:48.872531" level="INFO">${json_data} = {'results': [{'gender': 'female', 'name': {'title': 'Miss', 'first': 'Marlene', 'last': 'Allen'}, 'location': {'street': {'number': 2929, 'name': 'Wheeler Ridge Dr'}, 'city': 'Gladstone', 'state': 'We...</msg>
<var>${json_data}</var>
<arg>${response.json()}</arg>
<doc>Returns the given values which can then be assigned to a variables.</doc>
<status status="PASS" start="2024-04-28T18:16:48.871948" elapsed="0.000613"/>
</kw>
<kw name="Log" owner="BuiltIn">
<msg time="2024-04-28T18:16:48.873031" level="INFO">{'results': [{'gender': 'female', 'name': {'title': 'Miss', 'first': 'Marlene', 'last': 'Allen'}, 'location': {'street': {'number': 2929, 'name': 'Wheeler Ridge Dr'}, 'city': 'Gladstone', 'state': 'Western Australia', 'country': 'Australia', 'postcode': 3282, 'coordinates': {'latitude': '-83.5199', 'longitude': '174.7412'}, 'timezone': {'offset': '+5:45', 'description': 'Kathmandu'}}, 'email': 'marlene.allen@example.com', 'login': {'uuid': 'a01c4f6f-732d-4479-9e38-a0286fa20332', 'username': 'lazymouse105', 'password': 'charter', 'salt': 'll1pEKI5', 'md5': '860366d4d4366b6fca2fdd32a2077724', 'sha1': '933da303f86b6bc9369387a253c837dd9370a077', 'sha256': 'ff7d914868a4633a823a2b28b07f53066a2d2c33688bce6cc38d6d2e411ae254'}, 'dob': {'date': '1954-07-16T18:13:32.188Z', 'age': 69}, 'registered': {'date': '2012-11-26T04:58:58.150Z', 'age': 11}, 'phone': '09-6102-2197', 'cell': '0436-623-254', 'id': {'name': 'TFN', 'value': '802688854'}, 'picture': {'large': 'https://randomuser.me/api/portraits/women/40.jpg', 'medium': 'https://randomuser.me/api/portraits/med/women/40.jpg', 'thumbnail': 'https://randomuser.me/api/portraits/thumb/women/40.jpg'}, 'nat': 'AU'}], 'info': {'seed': 'a3bd338f4e140280', 'results': 1, 'page': 1, 'version': '1.4'}}</msg>
<arg>${json_data}</arg>
<doc>Logs the given message with the given level.</doc>
<status status="PASS" start="2024-04-28T18:16:48.872875" elapsed="0.000238"/>
</kw>
<kw name="Should Be Equal As Numbers" owner="BuiltIn">
<arg>${json_data['results'][0]['location']['postcode']}</arg>
<arg>${json_data['results'][0]['location']['postcode']}</arg>
<doc>Fails if objects are unequal after converting them to real numbers.</doc>
<status status="PASS" start="2024-04-28T18:16:48.873633" elapsed="0.000680"/>
</kw>
<kw name="Log" owner="BuiltIn">
<msg time="2024-04-28T18:16:48.874870" level="INFO">3282</msg>
<arg>${json_data['results'][0]['location']['postcode']}</arg>
<doc>Logs the given message with the given level.</doc>
<status status="PASS" start="2024-04-28T18:16:48.874522" elapsed="0.000389"/>
</kw>
<status status="PASS" start="2024-04-28T18:16:48.783966" elapsed="0.091204"/>
</kw>
<doc>Testa se os tipos de dados na resposta da API estão corretos.</doc>
<tag>testeTiposDados</tag>
<status status="PASS" start="2024-04-28T18:16:48.698920" elapsed="0.176420"/>
</test>
<test id="s1-s1-t5" name="Validar conteudo" line="35">
<kw name="Teste de Tipos de Conteudo" owner="random-user-service">
<kw name="GET On Session" owner="RequestsLibrary">
<msg time="2024-04-28T18:16:48.973705" level="INFO">GET Request : url=https://randomuser.me/api 
 path_url=/api 
 headers={'User-Agent': 'python-requests/2.31.0', 'Accept-Encoding': 'gzip, deflate', 'Accept': '*/*', 'Connection': 'keep-alive'} 
 body=None 
 </msg>
<msg time="2024-04-28T18:16:48.973792" level="INFO">GET Response : url=https://randomuser.me/api 
 status=200, reason=OK 
 headers={'Date': 'Sun, 28 Apr 2024 18:16:48 GMT', 'Content-Type': 'application/json; charset=utf-8', 'Transfer-Encoding': 'chunked', 'Connection': 'keep-alive', 'X-Powered-By': 'Express', 'Access-Control-Allow-Origin': '*', 'Cache-Control': 'no-cache', 'ETag': 'W/"48b-V3tcmNIgZKOPwO2E/oMsrDM+6kM"', 'Vary': 'Accept-Encoding', 'Content-Encoding': 'gzip', 'CF-Cache-Status': 'DYNAMIC', 'Report-To': '{"endpoints":[{"url":"https:\\/\\/a.nel.cloudflare.com\\/report\\/v4?s=6G8dBYDlMuovFErc%2BPg0k8iGFKCQCCWCDkUtwkM0psPFr8imIAQBx4oP7CpfC5F2DfU2Mrwsx2bH%2Bs5oIxwKOaGcgyrx9gg28Za0x6mo0aodtODs%2Fa330Fc8BpVriVS5"}],"group":"cf-nel","max_age":604800}', 'NEL': '{"success_fraction":0,"report_to":"cf-nel","max_age":604800}', 'Server': 'cloudflare', 'CF-RAY': '87b90ba98bbd0641-IAD', 'alt-svc': 'h3=":443"; ma=86400'} 
 body={"results":[{"gender":"male","name":{"title":"Mr","first":"Sakarias","last":"Polden"},"location":{"street":{"number":6712,"name":"Nilserudkleiva"},"city":"Hordnes","state":"Description","country":"Norway","postcode":"9184","coordinates":{"latitude":"43.4647","longitude":"-2.8561"},"timezone":{"offset":"-6:00","description":"Central Time (US &amp; Canada), Mexico City"}},"email":"sakarias.polden@example.com","login":{"uuid":"ca3a943b-d1ad-4de3-b035-6395c0a4188d","username":"browngoose443","password":"1020","salt":"1gP2Z4m8","md5":"acda0d20a3352a6d488d14fcb5d26862","sha1":"6cc20ec95d73448024142500facdfbe071ae0761","sha256":"2f2db5b8c8072ba69bbf7c7c602682b78e7dc68d5703dcaebee33d0913c918ab"},"dob":{"date":"1956-06-04T21:40:51.438Z","age":67},"registered":{"date":"2013-12-28T21:37:09.791Z","age":10},"phone":"70631558","cell":"90631972","id":{"name":"FN","value":"04065636307"},"picture":{"large":"https://randomuser.me/api/portraits/men/36.jpg","medium":"https://randomuser.me/api/portraits/med/men/36.jpg","thumbnail":"https://randomuser.me/api/portraits/thumb/men/36.jpg"},"nat":"NO"}],"info":{"seed":"f785e858bc46fcb8","results":1,"page":1,"version":"1.4"}} 
 </msg>
<msg time="2024-04-28T18:16:48.973863" level="INFO">/opt/hostedtoolcache/Python/3.12.3/x64/lib/python3.12/site-packages/urllib3/connectionpool.py:1103: InsecureRequestWarning: Unverified HTTPS request is being made to host 'randomuser.me'. Adding certificate verification is strongly advised. See: https://urllib3.readthedocs.io/en/latest/advanced-usage.html#tls-warnings
  warnings.warn(</msg>
<msg time="2024-04-28T18:16:48.973978" level="INFO">${response} = &lt;Response [200]&gt;</msg>
<var>${response}</var>
<arg>consultarAPI</arg>
<arg>/api</arg>
<doc>Sends a GET request on a previously created HTTP Session.</doc>
<status status="PASS" start="2024-04-28T18:16:48.878196" elapsed="0.095825"/>
</kw>
<kw name="Set Variable" owner="BuiltIn">
<msg time="2024-04-28T18:16:48.975086" level="INFO">${json_data} = {'results': [{'gender': 'male', 'name': {'title': 'Mr', 'first': 'Sakarias', 'last': 'Polden'}, 'location': {'street': {'number': 6712, 'name': 'Nilserudkleiva'}, 'city': 'Hordnes', 'state': 'Descript...</msg>
<var>${json_data}</var>
<arg>${response.json()}</arg>
<doc>Returns the given values which can then be assigned to a variables.</doc>
<status status="PASS" start="2024-04-28T18:16:48.974574" elapsed="0.000541"/>
</kw>
<kw name="Set Variable" owner="BuiltIn">
<msg time="2024-04-28T18:16:48.975823" level="INFO">${name_title} = Mr</msg>
<var>${name_title}</var>
<arg>${json_data["results"][0]["name"]["title"]}</arg>
<doc>Returns the given values which can then be assigned to a variables.</doc>
<status status="PASS" start="2024-04-28T18:16:48.975428" elapsed="0.000421"/>
</kw>
<kw name="Create List" owner="BuiltIn">
<msg time="2024-04-28T18:16:48.976308" level="INFO">${allowed_titles} = ['Mr', 'Ms', 'Miss', 'Mrs', 'Madame', 'Monsieur']</msg>
<var>${allowed_titles}</var>
<arg>Mr</arg>
<arg>Ms</arg>
<arg>Miss</arg>
<arg>Mrs</arg>
<arg>Madame</arg>
<arg>Monsieur</arg>
<doc>Returns a list containing given items.</doc>
<status status="PASS" start="2024-04-28T18:16:48.976152" elapsed="0.000181"/>
</kw>
<kw name="List Should Contain Value" owner="Collections">
<msg time="2024-04-28T18:16:48.976814" level="INFO">False</msg>
<arg>${allowed_titles}</arg>
<arg>${name_title}</arg>
<doc>Fails if the ``value`` is not found from ``list``.</doc>
<status status="PASS" start="2024-04-28T18:16:48.976637" elapsed="0.000214"/>
</kw>
<kw name="Set Variable" owner="BuiltIn">
<msg time="2024-04-28T18:16:48.977532" level="INFO">${name_country} = NO</msg>
<var>${name_country}</var>
<arg>${json_data["results"][0]["nat"]}</arg>
<doc>Returns the given values which can then be assigned to a variables.</doc>
<status status="PASS" start="2024-04-28T18:16:48.977145" elapsed="0.000412"/>
</kw>
<kw name="Create List" owner="BuiltIn">
<msg time="2024-04-28T18:16:48.978477" level="INFO">${list_country} = ['AD', 'AE', 'AF', 'AG', 'AI', 'AL', 'AM', 'AO', 'AQ', 'AR', 'AS', 'AT', 'AU', 'AW', 'AX', 'AZ', 'BA', 'BB', 'BD', 'BE', 'BF', 'BG', 'BH', 'BI', 'BJ', 'BL', 'BM', 'BN', 'BO', 'BQ', 'BR', 'BS', 'BT', '...</msg>
<var>${list_country}</var>
<arg>AD</arg>
<arg>AE</arg>
<arg>AF</arg>
<arg>AG</arg>
<arg>AI</arg>
<arg>AL</arg>
<arg>AM</arg>
<arg>AO</arg>
<arg>AQ</arg>
<arg>AR</arg>
<arg>AS</arg>
<arg>AT</arg>
<arg>AU</arg>
<arg>AW</arg>
<arg>AX</arg>
<arg>AZ</arg>
<arg>BA</arg>
<arg>BB</arg>
<arg>BD</arg>
<arg>BE</arg>
<arg>BF</arg>
<arg>BG</arg>
<arg>BH</arg>
<arg>BI</arg>
<arg>BJ</arg>
<arg>BL</arg>
<arg>BM</arg>
<arg>BN</arg>
<arg>BO</arg>
<arg>BQ</arg>
<arg>BR</arg>
<arg>BS</arg>
<arg>BT</arg>
<arg>BV</arg>
<arg>BW</arg>
<arg>BY</arg>
<arg>BZ</arg>
<arg>CA</arg>
<arg>CC</arg>
<arg>CD</arg>
<arg>CF</arg>
<arg>CG</arg>
<arg>CH</arg>
<arg>CI</arg>
<arg>CK</arg>
<arg>CL</arg>
<arg>CM</arg>
<arg>CN</arg>
<arg>CO</arg>
<arg>CR</arg>
<arg>CU</arg>
<arg>CV</arg>
<arg>CW</arg>
<arg>CX</arg>
<arg>CY</arg>
<arg>CZ</arg>
<arg>DE</arg>
<arg>DJ</arg>
<arg>DK</arg>
<arg>DM</arg>
<arg>DO</arg>
<arg>DZ</arg>
<arg>EC</arg>
<arg>EE</arg>
<arg>EG</arg>
<arg>EH</arg>
<arg>ER</arg>
<arg>ES</arg>
<arg>ET</arg>
<arg>FI</arg>
<arg>FJ</arg>
<arg>FK</arg>
<arg>FM</arg>
<arg>FO</arg>
<arg>FR</arg>
<arg>GA</arg>
<arg>GB</arg>
<arg>GD</arg>
<arg>GE</arg>
<arg>GF</arg>
<arg>GG</arg>
<arg>GH</arg>
<arg>GI</arg>
<arg>GL</arg>
<arg>GM</arg>
<arg>GN</arg>
<arg>GP</arg>
<arg>GQ</arg>
<arg>GR</arg>
<arg>GS</arg>
<arg>GT</arg>
<arg>GU</arg>
<arg>GW</arg>
<arg>GY</arg>
<arg>HK</arg>
<arg>HM</arg>
<arg>HN</arg>
<arg>HR</arg>
<arg>HT</arg>
<arg>HU</arg>
<arg>ID</arg>
<arg>IE</arg>
<arg>IL</arg>
<arg>IM</arg>
<arg>IN</arg>
<arg>IO</arg>
<arg>IQ</arg>
<arg>IR</arg>
<arg>IS</arg>
<arg>IT</arg>
<arg>JE</arg>
<arg>JM</arg>
<arg>JO</arg>
<arg>JP</arg>
<arg>KE</arg>
<arg>KG</arg>
<arg>KH</arg>
<arg>KI</arg>
<arg>KM</arg>
<arg>KN</arg>
<arg>KP</arg>
<arg>KR</arg>
<arg>KW</arg>
<arg>KY</arg>
<arg>KZ</arg>
<arg>LA</arg>
<arg>LB</arg>
<arg>LC</arg>
<arg>LI</arg>
<arg>LK</arg>
<arg>LR</arg>
<arg>LS</arg>
<arg>LT</arg>
<arg>LU</arg>
<arg>LV</arg>
<arg>LY</arg>
<arg>MA</arg>
<arg>MC</arg>
<arg>MD</arg>
<arg>ME</arg>
<arg>MF</arg>
<arg>MG</arg>
<arg>MH</arg>
<arg>MK</arg>
<arg>ML</arg>
<arg>MM</arg>
<arg>MN</arg>
<arg>MO</arg>
<arg>MP</arg>
<arg>MQ</arg>
<arg>MR</arg>
<arg>MS</arg>
<arg>MT</arg>
<arg>MU</arg>
<arg>MV</arg>
<arg>MW</arg>
<arg>MX</arg>
<arg>MY</arg>
<arg>MZ</arg>
<arg>NA</arg>
<arg>NC</arg>
<arg>NE</arg>
<arg>NF</arg>
<arg>NG</arg>
<arg>NI</arg>
<arg>NL</arg>
<arg>NO</arg>
<arg>NP</arg>
<arg>NR</arg>
<arg>NU</arg>
<arg>NZ</arg>
<arg>OM</arg>
<arg>PA</arg>
<arg>PE</arg>
<arg>PF</arg>
<arg>PG</arg>
<arg>PH</arg>
<arg>PK</arg>
<arg>PL</arg>
<arg>PM</arg>
<arg>PN</arg>
<arg>PR</arg>
<arg>PS</arg>
<arg>PT</arg>
<arg>PW</arg>
<arg>PY</arg>
<arg>QA</arg>
<arg>RE</arg>
<arg>RO</arg>
<arg>RS</arg>
<arg>RU</arg>
<arg>RW</arg>
<arg>SA</arg>
<arg>SB</arg>
<arg>SC</arg>
<arg>SD</arg>
<arg>SE</arg>
<arg>SG</arg>
<arg>SH</arg>
<arg>SI</arg>
<arg>SJ</arg>
<arg>SK</arg>
<arg>SL</arg>
<arg>SM</arg>
<arg>SN</arg>
<arg>SO</arg>
<arg>SR</arg>
<arg>SS</arg>
<arg>ST</arg>
<arg>SV</arg>
<arg>SX</arg>
<arg>SY</arg>
<arg>SZ</arg>
<arg>TC</arg>
<arg>TD</arg>
<arg>TF</arg>
<arg>TG</arg>
<arg>TH</arg>
<arg>TJ</arg>
<arg>TK</arg>
<arg>TL</arg>
<arg>TM</arg>
<arg>TN</arg>
<arg>TO</arg>
<arg>TR</arg>
<arg>TT</arg>
<arg>TV</arg>
<arg>TW</arg>
<arg>TZ</arg>
<arg>UA</arg>
<arg>UG</arg>
<arg>UM</arg>
<arg>US</arg>
<arg>UY</arg>
<arg>UZ</arg>
<arg>VA</arg>
<arg>VC</arg>
<arg>VE</arg>
<arg>VG</arg>
<arg>VI</arg>
<arg>VN</arg>
<arg>VU</arg>
<arg>WF</arg>
<arg>WS</arg>
<arg>XK</arg>
<arg>YE</arg>
<arg>YT</arg>
<arg>ZA</arg>
<arg>ZM</arg>
<arg>ZW</arg>
<doc>Returns a list containing given items.</doc>
<status status="PASS" start="2024-04-28T18:16:48.977860" elapsed="0.000643"/>
</kw>
<kw name="List Should Contain Value" owner="Collections">
<msg time="2024-04-28T18:16:48.979501" level="INFO">False</msg>
<arg>${list_country}</arg>
<arg>${name_country}</arg>
<doc>Fails if the ``value`` is not found from ``list``.</doc>
<status status="PASS" start="2024-04-28T18:16:48.979297" elapsed="0.000243"/>
</kw>
<kw name="Run Keyword If" owner="BuiltIn">
<kw name="Should Be True" owner="BuiltIn">
<arg>${True}</arg>
<doc>Fails if the given condition is not true.</doc>
<status status="PASS" start="2024-04-28T18:16:48.980621" elapsed="0.000264"/>
</kw>
<arg>${json_data["results"][0]["location"]["coordinates"]["latitude"]} &gt;= -90 and ${json_data["results"][0]["location"]["coordinates"]["latitude"]} &lt;= 90</arg>
<arg>Should Be True</arg>
<arg>${True}</arg>
<doc>Runs the given keyword with the given arguments, if ``condition`` is true.</doc>
<status status="PASS" start="2024-04-28T18:16:48.979856" elapsed="0.001164"/>
</kw>
<kw name="Run Keyword If" owner="BuiltIn">
<kw name="Should Be True" owner="BuiltIn">
<arg>${True}</arg>
<doc>Fails if the given condition is not true.</doc>
<status status="PASS" start="2024-04-28T18:16:48.981932" elapsed="0.000141"/>
</kw>
<arg>${json_data["results"][0]["location"]["coordinates"]["longitude"]} &gt;= -180 and ${json_data["results"][0]["location"]["coordinates"]["longitude"]} &lt;= 180</arg>
<arg>Should Be True</arg>
<arg>${True}</arg>
<doc>Runs the given keyword with the given arguments, if ``condition`` is true.</doc>
<status status="PASS" start="2024-04-28T18:16:48.981211" elapsed="0.000987"/>
</kw>
<status status="PASS" start="2024-04-28T18:16:48.877815" elapsed="0.104548"/>
</kw>
<doc>Testa o conteúdo específico dos campos retornados pela API.</doc>
<tag>testeConteudo</tag>
<status status="PASS" start="2024-04-28T18:16:48.877136" elapsed="0.105399"/>
</test>
<status status="PASS" start="2024-04-28T18:16:48.191087" elapsed="0.793474"/>
</suite>
<status status="PASS" start="2024-04-28T18:16:48.177560" elapsed="0.812220"/>
</suite>
<statistics>
<total>
<stat pass="5" fail="0" skip="0">All Tests</stat>
</total>
<tag>
<stat pass="1" fail="0" skip="0">testeConteudo</stat>
<stat pass="1" fail="0" skip="0">testeEstruturaResposta</stat>
<stat pass="1" fail="0" skip="0">testeRequisicaoBasica</stat>
<stat pass="1" fail="0" skip="0">testeTiposDados</stat>
</tag>
<suite>
<stat pass="5" fail="0" skip="0" id="s1" name="Tests">Tests</stat>
<stat pass="5" fail="0" skip="0" id="s1-s1" name="Random-User-Test">Tests.Random-User-Test</stat>
</suite>
</statistics>
<errors>
</errors>
</robot>
