<?xml version="1.0" encoding="UTF-8"?>
<robot generator="Robot 7.0.1 (Python 3.12.3 on linux)" generated="2024-06-15T14:13:21.947029" rpa="false" schemaversion="5">
<suite id="s1" name="Tests" source="/home/runner/work/ApiRandomUser/ApiRandomUser/RamdonUser/tests">
<suite id="s1-s1" name="Random-User-Test" source="/home/runner/work/ApiRandomUser/ApiRandomUser/RamdonUser/tests/random-user-test.robot">
<test id="s1-s1-t1" name="Conectar" line="13">
<kw name="Conectar API" owner="random-user-service">
<kw name="Create Session" owner="RequestsLibrary">
<msg time="2024-06-15T14:13:22.339403" level="INFO">Creating Session using : alias=consultarAPI, url=https://randomuser.me/, headers={},                     cookies={}, auth=None, timeout=None, proxies=None, verify=False,                     debug=0 </msg>
<arg>consultarAPI</arg>
<arg>${URL}</arg>
<doc>Create Session: create a HTTP session to a server</doc>
<status status="PASS" start="2024-06-15T14:13:22.339209" elapsed="0.000400"/>
</kw>
<status status="PASS" start="2024-06-15T14:13:22.338178" elapsed="0.001800"/>
</kw>
<status status="PASS" start="2024-06-15T14:13:22.337568" elapsed="0.002606"/>
</test>
<test id="s1-s1-t2" name="Validar retorno 200 e JSON Válido" line="16">
<kw name="Teste de Requisicao Basica" owner="random-user-service">
<kw name="GET On Session" owner="RequestsLibrary">
<msg time="2024-06-15T14:13:22.526079" level="INFO">GET Request : url=https://randomuser.me/api 
 path_url=/api 
 headers={'User-Agent': 'python-requests/2.32.3', 'Accept-Encoding': 'gzip, deflate', 'Accept': '*/*', 'Connection': 'keep-alive'} 
 body=None 
 </msg>
<msg time="2024-06-15T14:13:22.526264" level="INFO">GET Response : url=https://randomuser.me/api 
 status=200, reason=OK 
 headers={'Date': 'Sat, 15 Jun 2024 14:13:22 GMT', 'Content-Type': 'application/json; charset=utf-8', 'Transfer-Encoding': 'chunked', 'Connection': 'keep-alive', 'X-Powered-By': 'Express', 'Access-Control-Allow-Origin': '*', 'Cache-Control': 'no-cache', 'ETag': 'W/"46b-HzoeUpf6Ga78F6vodS7RF209zGw"', 'Vary': 'Accept-Encoding', 'Content-Encoding': 'gzip', 'CF-Cache-Status': 'DYNAMIC', 'Report-To': '{"endpoints":[{"url":"https:\\/\\/a.nel.cloudflare.com\\/report\\/v4?s=Vgl5E4EbyfemVJ4eyMh4rEHrIV71NHDkLw5sQtyztr0XWORN9HACF9qCYxa87XiOgBvTEBRc%2BYI2tOojSvMgWpjn9NZrKVdOZ%2FEXyDcbhjQFHLcWn9GfhOtFxpsK7cpe"}],"group":"cf-nel","max_age":604800}', 'NEL': '{"success_fraction":0,"report_to":"cf-nel","max_age":604800}', 'Server': 'cloudflare', 'CF-RAY': '8943290f78a11315-IAD', 'alt-svc': 'h3=":443"; ma=86400'} 
 body={"results":[{"gender":"male","name":{"title":"Mr","first":"Miško","last":"Šarić"},"location":{"street":{"number":9030,"name":"Milana Praizovića"},"city":"Bor","state":"Toplica","country":"Serbia","postcode":58868,"coordinates":{"latitude":"57.0788","longitude":"-30.4431"},"timezone":{"offset":"-9:00","description":"Alaska"}},"email":"misko.saric@example.com","login":{"uuid":"8a1e82e8-6d00-415c-8e48-31446b186402","username":"crazylion281","password":"thrasher","salt":"y1acfwXG","md5":"52701a2d7841052432b977bf5768861a","sha1":"33fb8e3be3203d5faad4ec401a268feaeb1a66b4","sha256":"dfb08372763ff7a058077b1d8da14664a87b14a187d8100a99eb883019674baa"},"dob":{"date":"1950-01-21T14:25:15.634Z","age":74},"registered":{"date":"2007-11-12T15:15:14.140Z","age":16},"phone":"027-0532-014","cell":"060-0499-764","id":{"name":"SID","value":"944400980"},"picture":{"large":"https://randomuser.me/api/portraits/men/28.jpg","medium":"https://randomuser.me/api/portraits/med/men/28.jpg","thumbnail":"https://randomuser.me/api/portraits/thumb/men/28.jpg"},"nat":"RS"}],"info":{"seed":"0240dc9cccc9bab4","results":1,"page":1,"version":"1.4"}} 
 </msg>
<msg time="2024-06-15T14:13:22.526387" level="INFO">/opt/hostedtoolcache/Python/3.12.3/x64/lib/python3.12/site-packages/urllib3/connectionpool.py:1103: InsecureRequestWarning: Unverified HTTPS request is being made to host 'randomuser.me'. Adding certificate verification is strongly advised. See: https://urllib3.readthedocs.io/en/latest/advanced-usage.html#tls-warnings
  warnings.warn(</msg>
<msg time="2024-06-15T14:13:22.526583" level="INFO">${response} = &lt;Response [200]&gt;</msg>
<var>${response}</var>
<arg>consultarAPI</arg>
<arg>/api</arg>
<doc>Sends a GET request on a previously created HTTP Session.</doc>
<status status="PASS" start="2024-06-15T14:13:22.342815" elapsed="0.183825"/>
</kw>
<kw name="Should Be Equal As Numbers" owner="BuiltIn">
<msg time="2024-06-15T14:13:22.527872" level="INFO">Argument types are:
&lt;class 'int'&gt;
&lt;class 'str'&gt;</msg>
<arg>${response.status_code}</arg>
<arg>200</arg>
<doc>Fails if objects are unequal after converting them to real numbers.</doc>
<status status="PASS" start="2024-06-15T14:13:22.527238" elapsed="0.000719"/>
</kw>
<kw name="Log" owner="BuiltIn">
<msg time="2024-06-15T14:13:22.528792" level="INFO">200</msg>
<arg>${response.status_code}</arg>
<doc>Logs the given message with the given level.</doc>
<status status="PASS" start="2024-06-15T14:13:22.528367" elapsed="0.000480"/>
</kw>
<kw name="Set Variable" owner="BuiltIn">
<msg time="2024-06-15T14:13:22.529676" level="INFO">${json_data} = {'results': [{'gender': 'male', 'name': {'title': 'Mr', 'first': 'Miško', 'last': 'Šarić'}, 'location': {'street': {'number': 9030, 'name': 'Milana Praizovića'}, 'city': 'Bor', 'state': 'Toplica', 'co...</msg>
<var>${json_data}</var>
<arg>${response.json()}</arg>
<doc>Returns the given values which can then be assigned to a variables.</doc>
<status status="PASS" start="2024-06-15T14:13:22.529189" elapsed="0.000518"/>
</kw>
<kw name="Dictionary Should Contain Key" owner="Collections">
<arg>${json_data}</arg>
<arg>results</arg>
<doc>Fails if ``key`` is not found from ``dictionary``.</doc>
<status status="PASS" start="2024-06-15T14:13:22.530021" elapsed="0.000172"/>
</kw>
<status status="PASS" start="2024-06-15T14:13:22.342574" elapsed="0.187769"/>
</kw>
<doc>Testa se a API responde corretamente e retorna um objeto JSON válido.</doc>
<tag>testeRequisicaoBasica</tag>
<status status="PASS" start="2024-06-15T14:13:22.342058" elapsed="0.188460"/>
</test>
<test id="s1-s1-t3" name="Validar estrutura de resposta" line="22">
<kw name="Teste de Estrutura de Resposta" owner="random-user-service">
<kw name="GET On Session" owner="RequestsLibrary">
<msg time="2024-06-15T14:13:22.623423" level="INFO">GET Request : url=https://randomuser.me/api 
 path_url=/api 
 headers={'User-Agent': 'python-requests/2.32.3', 'Accept-Encoding': 'gzip, deflate', 'Accept': '*/*', 'Connection': 'keep-alive'} 
 body=None 
 </msg>
<msg time="2024-06-15T14:13:22.623557" level="INFO">GET Response : url=https://randomuser.me/api 
 status=200, reason=OK 
 headers={'Date': 'Sat, 15 Jun 2024 14:13:22 GMT', 'Content-Type': 'application/json; charset=utf-8', 'Transfer-Encoding': 'chunked', 'Connection': 'keep-alive', 'X-Powered-By': 'Express', 'Access-Control-Allow-Origin': '*', 'Cache-Control': 'no-cache', 'ETag': 'W/"480-9q34uMVis6nbDrwZ2KAdk+sO2CM"', 'Vary': 'Accept-Encoding', 'Content-Encoding': 'gzip', 'CF-Cache-Status': 'DYNAMIC', 'Report-To': '{"endpoints":[{"url":"https:\\/\\/a.nel.cloudflare.com\\/report\\/v4?s=akoKzZbcY%2FAOwDl%2B7CYsVUPqlh1sOU2tMJM5V8%2FCwpsnzZH8w7LOIONzt4daRlMKkCl8liHEaJqbXs%2Fm51FaEunDWsM9za1zfLdG%2FHM7wFJGtpp2j8e4dvMDng2Bo0F3"}],"group":"cf-nel","max_age":604800}', 'NEL': '{"success_fraction":0,"report_to":"cf-nel","max_age":604800}', 'Server': 'cloudflare', 'CF-RAY': '8943290fd8e61315-IAD', 'alt-svc': 'h3=":443"; ma=86400'} 
 body={"results":[{"gender":"male","name":{"title":"Mr","first":"Serkan","last":"Schoolderman"},"location":{"street":{"number":4333,"name":"Bereklauwveld"},"city":"Linde","state":"Limburg","country":"Netherlands","postcode":"6861 PV","coordinates":{"latitude":"33.7304","longitude":"-81.0608"},"timezone":{"offset":"-9:00","description":"Alaska"}},"email":"serkan.schoolderman@example.com","login":{"uuid":"d926277c-8f9c-459a-ac2b-1b7f623d3557","username":"blackpeacock209","password":"roller","salt":"I9KVvJPP","md5":"d89f3915ba1ef71031fda0da0aed1613","sha1":"de77b5bd97eaa866cd382057ac4a60d758cc17ab","sha256":"f171031d56d4d54f6887712c13088bd76f0e73dca153bceb6d5aaee58b8a24b9"},"dob":{"date":"1984-04-28T15:42:01.690Z","age":40},"registered":{"date":"2012-03-14T16:20:39.248Z","age":12},"phone":"(041) 2823343","cell":"(06) 10501503","id":{"name":"BSN","value":"32537317"},"picture":{"large":"https://randomuser.me/api/portraits/men/94.jpg","medium":"https://randomuser.me/api/portraits/med/men/94.jpg","thumbnail":"https://randomuser.me/api/portraits/thumb/men/94.jpg"},"nat":"NL"}],"info":{"seed":"6e8c195df6fa7a7b","results":1,"page":1,"version":"1.4"}} 
 </msg>
<msg time="2024-06-15T14:13:22.623721" level="INFO">/opt/hostedtoolcache/Python/3.12.3/x64/lib/python3.12/site-packages/urllib3/connectionpool.py:1103: InsecureRequestWarning: Unverified HTTPS request is being made to host 'randomuser.me'. Adding certificate verification is strongly advised. See: https://urllib3.readthedocs.io/en/latest/advanced-usage.html#tls-warnings
  warnings.warn(</msg>
<msg time="2024-06-15T14:13:22.623872" level="INFO">${response} = &lt;Response [200]&gt;</msg>
<var>${response}</var>
<arg>consultarAPI</arg>
<arg>/api</arg>
<doc>Sends a GET request on a previously created HTTP Session.</doc>
<status status="PASS" start="2024-06-15T14:13:22.533452" elapsed="0.090475"/>
</kw>
<kw name="Set Variable" owner="BuiltIn">
<msg time="2024-06-15T14:13:22.624938" level="INFO">${json_data} = {'results': [{'gender': 'male', 'name': {'title': 'Mr', 'first': 'Serkan', 'last': 'Schoolderman'}, 'location': {'street': {'number': 4333, 'name': 'Bereklauwveld'}, 'city': 'Linde', 'state': 'Limburg...</msg>
<var>${json_data}</var>
<arg>${response.json()}</arg>
<doc>Returns the given values which can then be assigned to a variables.</doc>
<status status="PASS" start="2024-06-15T14:13:22.624413" elapsed="0.000556"/>
</kw>
<kw name="Log" owner="BuiltIn">
<msg time="2024-06-15T14:13:22.625447" level="INFO">{'results': [{'gender': 'male', 'name': {'title': 'Mr', 'first': 'Serkan', 'last': 'Schoolderman'}, 'location': {'street': {'number': 4333, 'name': 'Bereklauwveld'}, 'city': 'Linde', 'state': 'Limburg', 'country': 'Netherlands', 'postcode': '6861 PV', 'coordinates': {'latitude': '33.7304', 'longitude': '-81.0608'}, 'timezone': {'offset': '-9:00', 'description': 'Alaska'}}, 'email': 'serkan.schoolderman@example.com', 'login': {'uuid': 'd926277c-8f9c-459a-ac2b-1b7f623d3557', 'username': 'blackpeacock209', 'password': 'roller', 'salt': 'I9KVvJPP', 'md5': 'd89f3915ba1ef71031fda0da0aed1613', 'sha1': 'de77b5bd97eaa866cd382057ac4a60d758cc17ab', 'sha256': 'f171031d56d4d54f6887712c13088bd76f0e73dca153bceb6d5aaee58b8a24b9'}, 'dob': {'date': '1984-04-28T15:42:01.690Z', 'age': 40}, 'registered': {'date': '2012-03-14T16:20:39.248Z', 'age': 12}, 'phone': '(041) 2823343', 'cell': '(06) 10501503', 'id': {'name': 'BSN', 'value': '32537317'}, 'picture': {'large': 'https://randomuser.me/api/portraits/men/94.jpg', 'medium': 'https://randomuser.me/api/portraits/med/men/94.jpg', 'thumbnail': 'https://randomuser.me/api/portraits/thumb/men/94.jpg'}, 'nat': 'NL'}], 'info': {'seed': '6e8c195df6fa7a7b', 'results': 1, 'page': 1, 'version': '1.4'}}</msg>
<arg>${json_data}</arg>
<doc>Logs the given message with the given level.</doc>
<status status="PASS" start="2024-06-15T14:13:22.625288" elapsed="0.000210"/>
</kw>
<kw name="Dictionary Should Contain Key" owner="Collections">
<arg>${json_data}</arg>
<arg>results</arg>
<doc>Fails if ``key`` is not found from ``dictionary``.</doc>
<status status="PASS" start="2024-06-15T14:13:22.625795" elapsed="0.000160"/>
</kw>
<kw name="Should Not Be Empty" owner="BuiltIn">
<msg time="2024-06-15T14:13:22.626268" level="INFO">Length is 2.</msg>
<arg>${json_data}</arg>
<doc>Verifies that the given item is not empty.</doc>
<status status="PASS" start="2024-06-15T14:13:22.626142" elapsed="0.000164"/>
</kw>
<kw name="Create List" owner="BuiltIn">
<msg time="2024-06-15T14:13:22.626745" level="INFO">${expected_keys} = ['gender', 'name', 'location', 'email', 'login']</msg>
<var>${expected_keys}</var>
<arg>gender</arg>
<arg>name</arg>
<arg>location</arg>
<arg>email</arg>
<arg>login</arg>
<doc>Returns a list containing given items.</doc>
<status status="PASS" start="2024-06-15T14:13:22.626596" elapsed="0.000173"/>
</kw>
<for flavor="IN">
<iter>
<kw name="Dictionary Should Contain Key" owner="Collections">
<arg>${json_data['results'][0]}</arg>
<arg>${key}</arg>
<doc>Fails if ``key`` is not found from ``dictionary``.</doc>
<status status="PASS" start="2024-06-15T14:13:22.627357" elapsed="0.000449"/>
</kw>
<kw name="Log" owner="BuiltIn">
<msg time="2024-06-15T14:13:22.628361" level="INFO">{'gender': 'male', 'name': {'title': 'Mr', 'first': 'Serkan', 'last': 'Schoolderman'}, 'location': {'street': {'number': 4333, 'name': 'Bereklauwveld'}, 'city': 'Linde', 'state': 'Limburg', 'country': 'Netherlands', 'postcode': '6861 PV', 'coordinates': {'latitude': '33.7304', 'longitude': '-81.0608'}, 'timezone': {'offset': '-9:00', 'description': 'Alaska'}}, 'email': 'serkan.schoolderman@example.com', 'login': {'uuid': 'd926277c-8f9c-459a-ac2b-1b7f623d3557', 'username': 'blackpeacock209', 'password': 'roller', 'salt': 'I9KVvJPP', 'md5': 'd89f3915ba1ef71031fda0da0aed1613', 'sha1': 'de77b5bd97eaa866cd382057ac4a60d758cc17ab', 'sha256': 'f171031d56d4d54f6887712c13088bd76f0e73dca153bceb6d5aaee58b8a24b9'}, 'dob': {'date': '1984-04-28T15:42:01.690Z', 'age': 40}, 'registered': {'date': '2012-03-14T16:20:39.248Z', 'age': 12}, 'phone': '(041) 2823343', 'cell': '(06) 10501503', 'id': {'name': 'BSN', 'value': '32537317'}, 'picture': {'large': 'https://randomuser.me/api/portraits/men/94.jpg', 'medium': 'https://randomuser.me/api/portraits/med/men/94.jpg', 'thumbnail': 'https://randomuser.me/api/portraits/thumb/men/94.jpg'}, 'nat': 'NL'}</msg>
<arg>${json_data['results'][0]}</arg>
<doc>Logs the given message with the given level.</doc>
<status status="PASS" start="2024-06-15T14:13:22.628001" elapsed="0.000410"/>
</kw>
<kw name="Log" owner="BuiltIn">
<msg time="2024-06-15T14:13:22.628840" level="INFO">gender</msg>
<arg>${key}</arg>
<doc>Logs the given message with the given level.</doc>
<status status="PASS" start="2024-06-15T14:13:22.628712" elapsed="0.000167"/>
</kw>
<var name="${key}">gender</var>
<status status="PASS" start="2024-06-15T14:13:22.627233" elapsed="0.001868"/>
</iter>
<iter>
<kw name="Dictionary Should Contain Key" owner="Collections">
<arg>${json_data['results'][0]}</arg>
<arg>${key}</arg>
<doc>Fails if ``key`` is not found from ``dictionary``.</doc>
<status status="PASS" start="2024-06-15T14:13:22.629403" elapsed="0.000384"/>
</kw>
<kw name="Log" owner="BuiltIn">
<msg time="2024-06-15T14:13:22.630319" level="INFO">{'gender': 'male', 'name': {'title': 'Mr', 'first': 'Serkan', 'last': 'Schoolderman'}, 'location': {'street': {'number': 4333, 'name': 'Bereklauwveld'}, 'city': 'Linde', 'state': 'Limburg', 'country': 'Netherlands', 'postcode': '6861 PV', 'coordinates': {'latitude': '33.7304', 'longitude': '-81.0608'}, 'timezone': {'offset': '-9:00', 'description': 'Alaska'}}, 'email': 'serkan.schoolderman@example.com', 'login': {'uuid': 'd926277c-8f9c-459a-ac2b-1b7f623d3557', 'username': 'blackpeacock209', 'password': 'roller', 'salt': 'I9KVvJPP', 'md5': 'd89f3915ba1ef71031fda0da0aed1613', 'sha1': 'de77b5bd97eaa866cd382057ac4a60d758cc17ab', 'sha256': 'f171031d56d4d54f6887712c13088bd76f0e73dca153bceb6d5aaee58b8a24b9'}, 'dob': {'date': '1984-04-28T15:42:01.690Z', 'age': 40}, 'registered': {'date': '2012-03-14T16:20:39.248Z', 'age': 12}, 'phone': '(041) 2823343', 'cell': '(06) 10501503', 'id': {'name': 'BSN', 'value': '32537317'}, 'picture': {'large': 'https://randomuser.me/api/portraits/men/94.jpg', 'medium': 'https://randomuser.me/api/portraits/med/men/94.jpg', 'thumbnail': 'https://randomuser.me/api/portraits/thumb/men/94.jpg'}, 'nat': 'NL'}</msg>
<arg>${json_data['results'][0]}</arg>
<doc>Logs the given message with the given level.</doc>
<status status="PASS" start="2024-06-15T14:13:22.629970" elapsed="0.000439"/>
</kw>
<kw name="Log" owner="BuiltIn">
<msg time="2024-06-15T14:13:22.630844" level="INFO">name</msg>
<arg>${key}</arg>
<doc>Logs the given message with the given level.</doc>
<status status="PASS" start="2024-06-15T14:13:22.630711" elapsed="0.000172"/>
</kw>
<var name="${key}">name</var>
<status status="PASS" start="2024-06-15T14:13:22.629290" elapsed="0.001812"/>
</iter>
<iter>
<kw name="Dictionary Should Contain Key" owner="Collections">
<arg>${json_data['results'][0]}</arg>
<arg>${key}</arg>
<doc>Fails if ``key`` is not found from ``dictionary``.</doc>
<status status="PASS" start="2024-06-15T14:13:22.631390" elapsed="0.000399"/>
</kw>
<kw name="Log" owner="BuiltIn">
<msg time="2024-06-15T14:13:22.632322" level="INFO">{'gender': 'male', 'name': {'title': 'Mr', 'first': 'Serkan', 'last': 'Schoolderman'}, 'location': {'street': {'number': 4333, 'name': 'Bereklauwveld'}, 'city': 'Linde', 'state': 'Limburg', 'country': 'Netherlands', 'postcode': '6861 PV', 'coordinates': {'latitude': '33.7304', 'longitude': '-81.0608'}, 'timezone': {'offset': '-9:00', 'description': 'Alaska'}}, 'email': 'serkan.schoolderman@example.com', 'login': {'uuid': 'd926277c-8f9c-459a-ac2b-1b7f623d3557', 'username': 'blackpeacock209', 'password': 'roller', 'salt': 'I9KVvJPP', 'md5': 'd89f3915ba1ef71031fda0da0aed1613', 'sha1': 'de77b5bd97eaa866cd382057ac4a60d758cc17ab', 'sha256': 'f171031d56d4d54f6887712c13088bd76f0e73dca153bceb6d5aaee58b8a24b9'}, 'dob': {'date': '1984-04-28T15:42:01.690Z', 'age': 40}, 'registered': {'date': '2012-03-14T16:20:39.248Z', 'age': 12}, 'phone': '(041) 2823343', 'cell': '(06) 10501503', 'id': {'name': 'BSN', 'value': '32537317'}, 'picture': {'large': 'https://randomuser.me/api/portraits/men/94.jpg', 'medium': 'https://randomuser.me/api/portraits/med/men/94.jpg', 'thumbnail': 'https://randomuser.me/api/portraits/thumb/men/94.jpg'}, 'nat': 'NL'}</msg>
<arg>${json_data['results'][0]}</arg>
<doc>Logs the given message with the given level.</doc>
<status status="PASS" start="2024-06-15T14:13:22.631978" elapsed="0.000401"/>
</kw>
<kw name="Log" owner="BuiltIn">
<msg time="2024-06-15T14:13:22.632796" level="INFO">location</msg>
<arg>${key}</arg>
<doc>Logs the given message with the given level.</doc>
<status status="PASS" start="2024-06-15T14:13:22.632671" elapsed="0.000162"/>
</kw>
<var name="${key}">location</var>
<status status="PASS" start="2024-06-15T14:13:22.631281" elapsed="0.001774"/>
</iter>
<iter>
<kw name="Dictionary Should Contain Key" owner="Collections">
<arg>${json_data['results'][0]}</arg>
<arg>${key}</arg>
<doc>Fails if ``key`` is not found from ``dictionary``.</doc>
<status status="PASS" start="2024-06-15T14:13:22.633338" elapsed="0.000382"/>
</kw>
<kw name="Log" owner="BuiltIn">
<msg time="2024-06-15T14:13:22.634248" level="INFO">{'gender': 'male', 'name': {'title': 'Mr', 'first': 'Serkan', 'last': 'Schoolderman'}, 'location': {'street': {'number': 4333, 'name': 'Bereklauwveld'}, 'city': 'Linde', 'state': 'Limburg', 'country': 'Netherlands', 'postcode': '6861 PV', 'coordinates': {'latitude': '33.7304', 'longitude': '-81.0608'}, 'timezone': {'offset': '-9:00', 'description': 'Alaska'}}, 'email': 'serkan.schoolderman@example.com', 'login': {'uuid': 'd926277c-8f9c-459a-ac2b-1b7f623d3557', 'username': 'blackpeacock209', 'password': 'roller', 'salt': 'I9KVvJPP', 'md5': 'd89f3915ba1ef71031fda0da0aed1613', 'sha1': 'de77b5bd97eaa866cd382057ac4a60d758cc17ab', 'sha256': 'f171031d56d4d54f6887712c13088bd76f0e73dca153bceb6d5aaee58b8a24b9'}, 'dob': {'date': '1984-04-28T15:42:01.690Z', 'age': 40}, 'registered': {'date': '2012-03-14T16:20:39.248Z', 'age': 12}, 'phone': '(041) 2823343', 'cell': '(06) 10501503', 'id': {'name': 'BSN', 'value': '32537317'}, 'picture': {'large': 'https://randomuser.me/api/portraits/men/94.jpg', 'medium': 'https://randomuser.me/api/portraits/med/men/94.jpg', 'thumbnail': 'https://randomuser.me/api/portraits/thumb/men/94.jpg'}, 'nat': 'NL'}</msg>
<arg>${json_data['results'][0]}</arg>
<doc>Logs the given message with the given level.</doc>
<status status="PASS" start="2024-06-15T14:13:22.633901" elapsed="0.000404"/>
</kw>
<kw name="Log" owner="BuiltIn">
<msg time="2024-06-15T14:13:22.634723" level="INFO">email</msg>
<arg>${key}</arg>
<doc>Logs the given message with the given level.</doc>
<status status="PASS" start="2024-06-15T14:13:22.634597" elapsed="0.000165"/>
</kw>
<var name="${key}">email</var>
<status status="PASS" start="2024-06-15T14:13:22.633230" elapsed="0.001747"/>
</iter>
<iter>
<kw name="Dictionary Should Contain Key" owner="Collections">
<arg>${json_data['results'][0]}</arg>
<arg>${key}</arg>
<doc>Fails if ``key`` is not found from ``dictionary``.</doc>
<status status="PASS" start="2024-06-15T14:13:22.635258" elapsed="0.000417"/>
</kw>
<kw name="Log" owner="BuiltIn">
<msg time="2024-06-15T14:13:22.636231" level="INFO">{'gender': 'male', 'name': {'title': 'Mr', 'first': 'Serkan', 'last': 'Schoolderman'}, 'location': {'street': {'number': 4333, 'name': 'Bereklauwveld'}, 'city': 'Linde', 'state': 'Limburg', 'country': 'Netherlands', 'postcode': '6861 PV', 'coordinates': {'latitude': '33.7304', 'longitude': '-81.0608'}, 'timezone': {'offset': '-9:00', 'description': 'Alaska'}}, 'email': 'serkan.schoolderman@example.com', 'login': {'uuid': 'd926277c-8f9c-459a-ac2b-1b7f623d3557', 'username': 'blackpeacock209', 'password': 'roller', 'salt': 'I9KVvJPP', 'md5': 'd89f3915ba1ef71031fda0da0aed1613', 'sha1': 'de77b5bd97eaa866cd382057ac4a60d758cc17ab', 'sha256': 'f171031d56d4d54f6887712c13088bd76f0e73dca153bceb6d5aaee58b8a24b9'}, 'dob': {'date': '1984-04-28T15:42:01.690Z', 'age': 40}, 'registered': {'date': '2012-03-14T16:20:39.248Z', 'age': 12}, 'phone': '(041) 2823343', 'cell': '(06) 10501503', 'id': {'name': 'BSN', 'value': '32537317'}, 'picture': {'large': 'https://randomuser.me/api/portraits/men/94.jpg', 'medium': 'https://randomuser.me/api/portraits/med/men/94.jpg', 'thumbnail': 'https://randomuser.me/api/portraits/thumb/men/94.jpg'}, 'nat': 'NL'}</msg>
<arg>${json_data['results'][0]}</arg>
<doc>Logs the given message with the given level.</doc>
<status status="PASS" start="2024-06-15T14:13:22.635875" elapsed="0.000404"/>
</kw>
<kw name="Log" owner="BuiltIn">
<msg time="2024-06-15T14:13:22.636808" level="INFO">login</msg>
<arg>${key}</arg>
<doc>Logs the given message with the given level.</doc>
<status status="PASS" start="2024-06-15T14:13:22.636574" elapsed="0.000273"/>
</kw>
<var name="${key}">login</var>
<status status="PASS" start="2024-06-15T14:13:22.635149" elapsed="0.001915"/>
</iter>
<var>${key}</var>
<value>@{expected_keys}</value>
<status status="PASS" start="2024-06-15T14:13:22.627035" elapsed="0.010151"/>
</for>
<kw name="Create List" owner="BuiltIn">
<msg time="2024-06-15T14:13:22.637509" level="INFO">${expected_keysTwo} = ['username', 'password']</msg>
<var>${expected_keysTwo}</var>
<arg>username</arg>
<arg>password</arg>
<doc>Returns a list containing given items.</doc>
<status status="PASS" start="2024-06-15T14:13:22.637375" elapsed="0.000157"/>
</kw>
<for flavor="IN">
<iter>
<kw name="Dictionary Should Contain Key" owner="Collections">
<arg>${json_data['results'][0]['login']}</arg>
<arg>${keyTwo}</arg>
<doc>Fails if ``key`` is not found from ``dictionary``.</doc>
<status status="PASS" start="2024-06-15T14:13:22.638053" elapsed="0.000378"/>
</kw>
<kw name="Dictionary Should Contain Key" owner="Collections">
<arg>${json_data['results'][0]['login']}</arg>
<arg>${keyTwo}</arg>
<doc>Fails if ``key`` is not found from ``dictionary``.</doc>
<status status="PASS" start="2024-06-15T14:13:22.638611" elapsed="0.000386"/>
</kw>
<kw name="Log" owner="BuiltIn">
<msg time="2024-06-15T14:13:22.639294" level="INFO">username</msg>
<arg>${keyTwo}</arg>
<doc>Logs the given message with the given level.</doc>
<status status="PASS" start="2024-06-15T14:13:22.639174" elapsed="0.000157"/>
</kw>
<var name="${keyTwo}">username</var>
<status status="PASS" start="2024-06-15T14:13:22.637946" elapsed="0.001628"/>
</iter>
<iter>
<kw name="Dictionary Should Contain Key" owner="Collections">
<arg>${json_data['results'][0]['login']}</arg>
<arg>${keyTwo}</arg>
<doc>Fails if ``key`` is not found from ``dictionary``.</doc>
<status status="PASS" start="2024-06-15T14:13:22.639861" elapsed="0.000374"/>
</kw>
<kw name="Dictionary Should Contain Key" owner="Collections">
<arg>${json_data['results'][0]['login']}</arg>
<arg>${keyTwo}</arg>
<doc>Fails if ``key`` is not found from ``dictionary``.</doc>
<status status="PASS" start="2024-06-15T14:13:22.640415" elapsed="0.000370"/>
</kw>
<kw name="Log" owner="BuiltIn">
<msg time="2024-06-15T14:13:22.641209" level="INFO">password</msg>
<arg>${keyTwo}</arg>
<doc>Logs the given message with the given level.</doc>
<status status="PASS" start="2024-06-15T14:13:22.641018" elapsed="0.000252"/>
</kw>
<var name="${keyTwo}">password</var>
<status status="PASS" start="2024-06-15T14:13:22.639754" elapsed="0.001772"/>
</iter>
<var>${keyTwo}</var>
<value>@{expected_keysTwo}</value>
<status status="PASS" start="2024-06-15T14:13:22.637792" elapsed="0.003858"/>
</for>
<status status="PASS" start="2024-06-15T14:13:22.533221" elapsed="0.108572"/>
</kw>
<doc>Testa a estrutura da resposta da API.</doc>
<tag>testeEstruturaResposta</tag>
<status status="PASS" start="2024-06-15T14:13:22.532536" elapsed="0.109414"/>
</test>
<test id="s1-s1-t4" name="Validar tipos de dados" line="28">
<kw name="Teste de Tipos de Dados" owner="random-user-service">
<kw name="GET On Session" owner="RequestsLibrary">
<msg time="2024-06-15T14:13:22.717760" level="INFO">GET Request : url=https://randomuser.me/api 
 path_url=/api 
 headers={'User-Agent': 'python-requests/2.32.3', 'Accept-Encoding': 'gzip, deflate', 'Accept': '*/*', 'Connection': 'keep-alive'} 
 body=None 
 </msg>
<msg time="2024-06-15T14:13:22.717870" level="INFO">GET Response : url=https://randomuser.me/api 
 status=200, reason=OK 
 headers={'Date': 'Sat, 15 Jun 2024 14:13:22 GMT', 'Content-Type': 'application/json; charset=utf-8', 'Transfer-Encoding': 'chunked', 'Connection': 'keep-alive', 'X-Powered-By': 'Express', 'Access-Control-Allow-Origin': '*', 'Cache-Control': 'no-cache', 'ETag': 'W/"476-W8PA86MakDMp6Gc12HC26izuOGA"', 'Vary': 'Accept-Encoding', 'Content-Encoding': 'gzip', 'CF-Cache-Status': 'DYNAMIC', 'Report-To': '{"endpoints":[{"url":"https:\\/\\/a.nel.cloudflare.com\\/report\\/v4?s=US4rSS8VblZV7XCRf%2Fdo0%2Ft9k0323MK%2BFiNYC5KeSyh8kdAtTh5gt7V4nZt%2F1mvAt8P6Fo0NM0%2B67qssFuiSlmBddxLH8eZwZy4%2BJYsAbhyom5r8s16KRu7i%2BnpMHWkR"}],"group":"cf-nel","max_age":604800}', 'NEL': '{"success_fraction":0,"report_to":"cf-nel","max_age":604800}', 'Server': 'cloudflare', 'CF-RAY': '8943291089461315-IAD', 'alt-svc': 'h3=":443"; ma=86400'} 
 body={"results":[{"gender":"male","name":{"title":"Mr","first":"Daniel","last":"Valli"},"location":{"street":{"number":2553,"name":"Esplanadi"},"city":"Muonio","state":"Satakunta","country":"Finland","postcode":20593,"coordinates":{"latitude":"-24.5187","longitude":"-152.8042"},"timezone":{"offset":"-9:00","description":"Alaska"}},"email":"daniel.valli@example.com","login":{"uuid":"1e1418a1-3415-4762-83d6-937847225100","username":"ticklishgorilla618","password":"comment","salt":"osgwBykI","md5":"f6e1f8ce15174fb3286eec0df8f88d52","sha1":"3aa2f2fe1f2dca4dbf9f2d33247277e2ffd05f3d","sha256":"e71f1330eb218ec98f6429fd47c7e2f009c49c861fd500a12cb1a90fb30326dc"},"dob":{"date":"1957-03-22T17:48:38.655Z","age":67},"registered":{"date":"2011-08-29T16:22:01.549Z","age":12},"phone":"04-411-300","cell":"040-453-79-73","id":{"name":"HETU","value":"NaNNA509undefined"},"picture":{"large":"https://randomuser.me/api/portraits/men/50.jpg","medium":"https://randomuser.me/api/portraits/med/men/50.jpg","thumbnail":"https://randomuser.me/api/portraits/thumb/men/50.jpg"},"nat":"FI"}],"info":{"seed":"273a3be6ebf61690","results":1,"page":1,"version":"1.4"}} 
 </msg>
<msg time="2024-06-15T14:13:22.717957" level="INFO">/opt/hostedtoolcache/Python/3.12.3/x64/lib/python3.12/site-packages/urllib3/connectionpool.py:1103: InsecureRequestWarning: Unverified HTTPS request is being made to host 'randomuser.me'. Adding certificate verification is strongly advised. See: https://urllib3.readthedocs.io/en/latest/advanced-usage.html#tls-warnings
  warnings.warn(</msg>
<msg time="2024-06-15T14:13:22.718118" level="INFO">${response} = &lt;Response [200]&gt;</msg>
<var>${response}</var>
<arg>consultarAPI</arg>
<arg>/api</arg>
<doc>Sends a GET request on a previously created HTTP Session.</doc>
<status status="PASS" start="2024-06-15T14:13:22.644463" elapsed="0.073705"/>
</kw>
<kw name="Set Variable" owner="BuiltIn">
<msg time="2024-06-15T14:13:22.719347" level="INFO">${json_data} = {'results': [{'gender': 'male', 'name': {'title': 'Mr', 'first': 'Daniel', 'last': 'Valli'}, 'location': {'street': {'number': 2553, 'name': 'Esplanadi'}, 'city': 'Muonio', 'state': 'Satakunta', 'coun...</msg>
<var>${json_data}</var>
<arg>${response.json()}</arg>
<doc>Returns the given values which can then be assigned to a variables.</doc>
<status status="PASS" start="2024-06-15T14:13:22.718750" elapsed="0.000630"/>
</kw>
<kw name="Log" owner="BuiltIn">
<msg time="2024-06-15T14:13:22.719926" level="INFO">{'results': [{'gender': 'male', 'name': {'title': 'Mr', 'first': 'Daniel', 'last': 'Valli'}, 'location': {'street': {'number': 2553, 'name': 'Esplanadi'}, 'city': 'Muonio', 'state': 'Satakunta', 'country': 'Finland', 'postcode': 20593, 'coordinates': {'latitude': '-24.5187', 'longitude': '-152.8042'}, 'timezone': {'offset': '-9:00', 'description': 'Alaska'}}, 'email': 'daniel.valli@example.com', 'login': {'uuid': '1e1418a1-3415-4762-83d6-937847225100', 'username': 'ticklishgorilla618', 'password': 'comment', 'salt': 'osgwBykI', 'md5': 'f6e1f8ce15174fb3286eec0df8f88d52', 'sha1': '3aa2f2fe1f2dca4dbf9f2d33247277e2ffd05f3d', 'sha256': 'e71f1330eb218ec98f6429fd47c7e2f009c49c861fd500a12cb1a90fb30326dc'}, 'dob': {'date': '1957-03-22T17:48:38.655Z', 'age': 67}, 'registered': {'date': '2011-08-29T16:22:01.549Z', 'age': 12}, 'phone': '04-411-300', 'cell': '040-453-79-73', 'id': {'name': 'HETU', 'value': 'NaNNA509undefined'}, 'picture': {'large': 'https://randomuser.me/api/portraits/men/50.jpg', 'medium': 'https://randomuser.me/api/portraits/med/men/50.jpg', 'thumbnail': 'https://randomuser.me/api/portraits/thumb/men/50.jpg'}, 'nat': 'FI'}], 'info': {'seed': '273a3be6ebf61690', 'results': 1, 'page': 1, 'version': '1.4'}}</msg>
<arg>${json_data}</arg>
<doc>Logs the given message with the given level.</doc>
<status status="PASS" start="2024-06-15T14:13:22.719762" elapsed="0.000215"/>
</kw>
<kw name="Should Be String" owner="String">
<arg>${json_data['results'][0]['gender']}</arg>
<doc>Fails if the given ``item`` is not a string.</doc>
<status status="PASS" start="2024-06-15T14:13:22.720277" elapsed="0.000375"/>
</kw>
<kw name="Should Match Regexp" owner="BuiltIn">
<arg>${json_data['results'][0]['email']}</arg>
<arg>^[a-zA-Z0-9._%+-]+@[a-zA-Z0-9.-]+\.[a-zA-Z]{2,}$</arg>
<doc>Fails if ``string`` does not match ``pattern`` as a regular expression.</doc>
<status status="PASS" start="2024-06-15T14:13:22.720844" elapsed="0.000530"/>
</kw>
<kw name="Should Match Regexp" owner="BuiltIn">
<arg>${json_data['results'][0]['dob']['date']}</arg>
<arg>\\d{4}-\\d{2}-\\d{2}T\\d{2}:\\d{2}:\\d{2}\\.\\d{3}Z</arg>
<doc>Fails if ``string`` does not match ``pattern`` as a regular expression.</doc>
<status status="PASS" start="2024-06-15T14:13:22.721609" elapsed="0.000494"/>
</kw>
<kw name="Should Match Regexp" owner="BuiltIn">
<arg>${json_data['results'][0]['registered']['date']}</arg>
<arg>\\d{4}-\\d{2}-\\d{2}T\\d{2}:\\d{2}:\\d{2}\\.\\d{3}Z</arg>
<doc>Fails if ``string`` does not match ``pattern`` as a regular expression.</doc>
<status status="PASS" start="2024-06-15T14:13:22.722292" elapsed="0.000364"/>
</kw>
<kw name="Should Match Regexp" owner="BuiltIn">
<arg>${json_data['results'][0]['picture']['large']}</arg>
<arg>^https?://.*\.(?:png|jpe?g|gif|bmp)$</arg>
<doc>Fails if ``string`` does not match ``pattern`` as a regular expression.</doc>
<status status="PASS" start="2024-06-15T14:13:22.722841" elapsed="0.000473"/>
</kw>
<kw name="Should Match Regexp" owner="BuiltIn">
<arg>${json_data['results'][0]['picture']['medium']}</arg>
<arg>^https?://.*\.(?:png|jpe?g|gif|bmp)$</arg>
<doc>Fails if ``string`` does not match ``pattern`` as a regular expression.</doc>
<status status="PASS" start="2024-06-15T14:13:22.723532" elapsed="0.000367"/>
</kw>
<kw name="Should Match Regexp" owner="BuiltIn">
<arg>${json_data['results'][0]['picture']['thumbnail']}</arg>
<arg>^https?://.*\.(?:png|jpe?g|gif|bmp)$</arg>
<doc>Fails if ``string`` does not match ``pattern`` as a regular expression.</doc>
<status status="PASS" start="2024-06-15T14:13:22.724091" elapsed="0.000348"/>
</kw>
<kw name="Log" owner="BuiltIn">
<msg time="2024-06-15T14:13:22.724947" level="INFO">{'large': 'https://randomuser.me/api/portraits/men/50.jpg', 'medium': 'https://randomuser.me/api/portraits/med/men/50.jpg', 'thumbnail': 'https://randomuser.me/api/portraits/thumb/men/50.jpg'}</msg>
<arg>${json_data['results'][0]['picture']}</arg>
<doc>Logs the given message with the given level.</doc>
<status status="PASS" start="2024-06-15T14:13:22.724620" elapsed="0.000369"/>
</kw>
<status status="PASS" start="2024-06-15T14:13:22.644223" elapsed="0.081070"/>
</kw>
<kw name="Teste de Tipos de Dados - Postcode" owner="random-user-service">
<kw name="GET On Session" owner="RequestsLibrary">
<msg time="2024-06-15T14:13:22.816394" level="INFO">GET Request : url=https://randomuser.me/api 
 path_url=/api 
 headers={'User-Agent': 'python-requests/2.32.3', 'Accept-Encoding': 'gzip, deflate', 'Accept': '*/*', 'Connection': 'keep-alive'} 
 body=None 
 </msg>
<msg time="2024-06-15T14:13:22.816500" level="INFO">GET Response : url=https://randomuser.me/api 
 status=200, reason=OK 
 headers={'Date': 'Sat, 15 Jun 2024 14:13:22 GMT', 'Content-Type': 'application/json; charset=utf-8', 'Transfer-Encoding': 'chunked', 'Connection': 'keep-alive', 'X-Powered-By': 'Express', 'Access-Control-Allow-Origin': '*', 'Cache-Control': 'no-cache', 'ETag': 'W/"495-UPIa+PxwGVx0pn6L1RsiEcFExhg"', 'Vary': 'Accept-Encoding', 'Content-Encoding': 'gzip', 'CF-Cache-Status': 'DYNAMIC', 'Report-To': '{"endpoints":[{"url":"https:\\/\\/a.nel.cloudflare.com\\/report\\/v4?s=282cz1852ovrCIQ5jZesL%2FxVO9nk3Gw6EsAqnxdwoVDBQtv8BFeLZnkPGlQtyYXvQxCheTgt4BlhHIi5%2BfdgJSqzkcOYEbLqWvJItYHNk%2BAm1BoK514yysMDdU28Qp1F"}],"group":"cf-nel","max_age":604800}', 'NEL': '{"success_fraction":0,"report_to":"cf-nel","max_age":604800}', 'Server': 'cloudflare', 'CF-RAY': '8943291109911315-IAD', 'alt-svc': 'h3=":443"; ma=86400'} 
 body={"results":[{"gender":"male","name":{"title":"Mr","first":"Fletcher","last":"Hughes"},"location":{"street":{"number":8786,"name":"Customs Street"},"city":"Christchurch","state":"Taranaki","country":"New Zealand","postcode":25324,"coordinates":{"latitude":"51.7644","longitude":"-169.2988"},"timezone":{"offset":"+10:00","description":"Eastern Australia, Guam, Vladivostok"}},"email":"fletcher.hughes@example.com","login":{"uuid":"54fe21b2-1a52-4a48-b990-1f662589d536","username":"organicbear175","password":"miriam","salt":"hNwjOsG8","md5":"ffb63dbe11f407859d7ef47308494d76","sha1":"a1ec215c31524ecea06ffd1e6dcded610634d703","sha256":"23915a17531e9554eb1ad8ea3bece24421b345498e9734c21f5dd7115ed41888"},"dob":{"date":"2000-01-04T16:08:32.046Z","age":24},"registered":{"date":"2010-10-17T16:19:59.359Z","age":13},"phone":"(135)-583-2307","cell":"(214)-668-8065","id":{"name":"","value":null},"picture":{"large":"https://randomuser.me/api/portraits/men/39.jpg","medium":"https://randomuser.me/api/portraits/med/men/39.jpg","thumbnail":"https://randomuser.me/api/portraits/thumb/men/39.jpg"},"nat":"NZ"}],"info":{"seed":"7451df31250a5d63","results":1,"page":1,"version":"1.4"}} 
 </msg>
<msg time="2024-06-15T14:13:22.816619" level="INFO">/opt/hostedtoolcache/Python/3.12.3/x64/lib/python3.12/site-packages/urllib3/connectionpool.py:1103: InsecureRequestWarning: Unverified HTTPS request is being made to host 'randomuser.me'. Adding certificate verification is strongly advised. See: https://urllib3.readthedocs.io/en/latest/advanced-usage.html#tls-warnings
  warnings.warn(</msg>
<msg time="2024-06-15T14:13:22.816757" level="INFO">${response} = &lt;Response [200]&gt;</msg>
<var>${response}</var>
<arg>consultarAPI</arg>
<arg>/api</arg>
<doc>Sends a GET request on a previously created HTTP Session.</doc>
<status status="PASS" start="2024-06-15T14:13:22.725779" elapsed="0.091025"/>
</kw>
<kw name="Set Variable" owner="BuiltIn">
<msg time="2024-06-15T14:13:22.817817" level="INFO">${json_data} = {'results': [{'gender': 'male', 'name': {'title': 'Mr', 'first': 'Fletcher', 'last': 'Hughes'}, 'location': {'street': {'number': 8786, 'name': 'Customs Street'}, 'city': 'Christchurch', 'state': 'Tar...</msg>
<var>${json_data}</var>
<arg>${response.json()}</arg>
<doc>Returns the given values which can then be assigned to a variables.</doc>
<status status="PASS" start="2024-06-15T14:13:22.817235" elapsed="0.000612"/>
</kw>
<kw name="Log" owner="BuiltIn">
<msg time="2024-06-15T14:13:22.818314" level="INFO">{'results': [{'gender': 'male', 'name': {'title': 'Mr', 'first': 'Fletcher', 'last': 'Hughes'}, 'location': {'street': {'number': 8786, 'name': 'Customs Street'}, 'city': 'Christchurch', 'state': 'Taranaki', 'country': 'New Zealand', 'postcode': 25324, 'coordinates': {'latitude': '51.7644', 'longitude': '-169.2988'}, 'timezone': {'offset': '+10:00', 'description': 'Eastern Australia, Guam, Vladivostok'}}, 'email': 'fletcher.hughes@example.com', 'login': {'uuid': '54fe21b2-1a52-4a48-b990-1f662589d536', 'username': 'organicbear175', 'password': 'miriam', 'salt': 'hNwjOsG8', 'md5': 'ffb63dbe11f407859d7ef47308494d76', 'sha1': 'a1ec215c31524ecea06ffd1e6dcded610634d703', 'sha256': '23915a17531e9554eb1ad8ea3bece24421b345498e9734c21f5dd7115ed41888'}, 'dob': {'date': '2000-01-04T16:08:32.046Z', 'age': 24}, 'registered': {'date': '2010-10-17T16:19:59.359Z', 'age': 13}, 'phone': '(135)-583-2307', 'cell': '(214)-668-8065', 'id': {'name': '', 'value': None}, 'picture': {'large': 'https://randomuser.me/api/portraits/men/39.jpg', 'medium': 'https://randomuser.me/api/portraits/med/men/39.jpg', 'thumbnail': 'https://randomuser.me/api/portraits/thumb/men/39.jpg'}, 'nat': 'NZ'}], 'info': {'seed': '7451df31250a5d63', 'results': 1, 'page': 1, 'version': '1.4'}}</msg>
<arg>${json_data}</arg>
<doc>Logs the given message with the given level.</doc>
<status status="PASS" start="2024-06-15T14:13:22.818158" elapsed="0.000208"/>
</kw>
<kw name="Should Be Equal As Numbers" owner="BuiltIn">
<arg>${json_data['results'][0]['location']['postcode']}</arg>
<arg>${json_data['results'][0]['location']['postcode']}</arg>
<doc>Fails if objects are unequal after converting them to real numbers.</doc>
<status status="PASS" start="2024-06-15T14:13:22.818680" elapsed="0.000651"/>
</kw>
<kw name="Log" owner="BuiltIn">
<msg time="2024-06-15T14:13:22.819916" level="INFO">25324</msg>
<arg>${json_data['results'][0]['location']['postcode']}</arg>
<doc>Logs the given message with the given level.</doc>
<status status="PASS" start="2024-06-15T14:13:22.819572" elapsed="0.000383"/>
</kw>
<status status="PASS" start="2024-06-15T14:13:22.725536" elapsed="0.094668"/>
</kw>
<doc>Testa se os tipos de dados na resposta da API estão corretos.</doc>
<tag>testeTiposDados</tag>
<status status="PASS" start="2024-06-15T14:13:22.643773" elapsed="0.176627"/>
</test>
<test id="s1-s1-t5" name="Validar conteudo" line="35">
<kw name="Teste de Tipos de Conteudo" owner="random-user-service">
<kw name="GET On Session" owner="RequestsLibrary">
<msg time="2024-06-15T14:13:22.959981" level="INFO">GET Request : url=https://randomuser.me/api 
 path_url=/api 
 headers={'User-Agent': 'python-requests/2.32.3', 'Accept-Encoding': 'gzip, deflate', 'Accept': '*/*', 'Connection': 'keep-alive'} 
 body=None 
 </msg>
<msg time="2024-06-15T14:13:22.960069" level="INFO">GET Response : url=https://randomuser.me/api 
 status=200, reason=OK 
 headers={'Date': 'Sat, 15 Jun 2024 14:13:22 GMT', 'Content-Type': 'application/json; charset=utf-8', 'Transfer-Encoding': 'chunked', 'Connection': 'keep-alive', 'X-Powered-By': 'Express', 'Access-Control-Allow-Origin': '*', 'Cache-Control': 'no-cache', 'ETag': 'W/"482-9jFqIHsXaRpjLCxfyfRUbNZBgUE"', 'Vary': 'Accept-Encoding', 'Content-Encoding': 'gzip', 'CF-Cache-Status': 'DYNAMIC', 'Report-To': '{"endpoints":[{"url":"https:\\/\\/a.nel.cloudflare.com\\/report\\/v4?s=899r4%2BYiVXiOlE%2BYHUg3SSile09JIv5%2FgcozLsAgs8Ilyh9RYUu5aKybX4dU%2BVdo9jNpVM%2BsgmRngmq4nqfrDmHNmb9wWwIPw9E7rLhfS7OY2m7CnNqFX%2FC%2BJkMzlNK2"}],"group":"cf-nel","max_age":604800}', 'NEL': '{"success_fraction":0,"report_to":"cf-nel","max_age":604800}', 'Server': 'cloudflare', 'CF-RAY': '89432911a9db1315-IAD', 'alt-svc': 'h3=":443"; ma=86400'} 
 body={"results":[{"gender":"male","name":{"title":"Mr","first":"Gerardo","last":"Diaz"},"location":{"street":{"number":7920,"name":"Ronda de Toledo"},"city":"Torrevieja","state":"Galicia","country":"Spain","postcode":14860,"coordinates":{"latitude":"-34.7809","longitude":"-171.6985"},"timezone":{"offset":"-7:00","description":"Mountain Time (US &amp; Canada)"}},"email":"gerardo.diaz@example.com","login":{"uuid":"632cfea0-b00b-4159-a5b7-3a7f42164d9f","username":"sadkoala290","password":"fantasia","salt":"RdaTeuKO","md5":"4beb916e16fbb106ace0959da1371c87","sha1":"04131aecb0da4a872bec583967a1ca18c0fd1382","sha256":"43bcc0e6863c7b47cbd20f606d0fb0b1876438352de79dc1daba42297b9e8d3d"},"dob":{"date":"1982-06-19T20:16:00.254Z","age":41},"registered":{"date":"2011-06-01T14:09:21.070Z","age":13},"phone":"921-143-859","cell":"670-500-238","id":{"name":"DNI","value":"94187957-K"},"picture":{"large":"https://randomuser.me/api/portraits/men/96.jpg","medium":"https://randomuser.me/api/portraits/med/men/96.jpg","thumbnail":"https://randomuser.me/api/portraits/thumb/men/96.jpg"},"nat":"ES"}],"info":{"seed":"4091e28e5082af89","results":1,"page":1,"version":"1.4"}} 
 </msg>
<msg time="2024-06-15T14:13:22.960155" level="INFO">/opt/hostedtoolcache/Python/3.12.3/x64/lib/python3.12/site-packages/urllib3/connectionpool.py:1103: InsecureRequestWarning: Unverified HTTPS request is being made to host 'randomuser.me'. Adding certificate verification is strongly advised. See: https://urllib3.readthedocs.io/en/latest/advanced-usage.html#tls-warnings
  warnings.warn(</msg>
<msg time="2024-06-15T14:13:22.960293" level="INFO">${response} = &lt;Response [200]&gt;</msg>
<var>${response}</var>
<arg>consultarAPI</arg>
<arg>/api</arg>
<doc>Sends a GET request on a previously created HTTP Session.</doc>
<status status="PASS" start="2024-06-15T14:13:22.823210" elapsed="0.137139"/>
</kw>
<kw name="Set Variable" owner="BuiltIn">
<msg time="2024-06-15T14:13:22.961380" level="INFO">${json_data} = {'results': [{'gender': 'male', 'name': {'title': 'Mr', 'first': 'Gerardo', 'last': 'Diaz'}, 'location': {'street': {'number': 7920, 'name': 'Ronda de Toledo'}, 'city': 'Torrevieja', 'state': 'Galicia...</msg>
<var>${json_data}</var>
<arg>${response.json()}</arg>
<doc>Returns the given values which can then be assigned to a variables.</doc>
<status status="PASS" start="2024-06-15T14:13:22.960856" elapsed="0.000553"/>
</kw>
<kw name="Set Variable" owner="BuiltIn">
<msg time="2024-06-15T14:13:22.962128" level="INFO">${name_title} = Mr</msg>
<var>${name_title}</var>
<arg>${json_data["results"][0]["name"]["title"]}</arg>
<doc>Returns the given values which can then be assigned to a variables.</doc>
<status status="PASS" start="2024-06-15T14:13:22.961721" elapsed="0.000433"/>
</kw>
<kw name="Create List" owner="BuiltIn">
<msg time="2024-06-15T14:13:22.962607" level="INFO">${allowed_titles} = ['Mr', 'Ms', 'Miss', 'Mrs', 'Madame', 'Monsieur']</msg>
<var>${allowed_titles}</var>
<arg>Mr</arg>
<arg>Ms</arg>
<arg>Miss</arg>
<arg>Mrs</arg>
<arg>Madame</arg>
<arg>Monsieur</arg>
<doc>Returns a list containing given items.</doc>
<status status="PASS" start="2024-06-15T14:13:22.962457" elapsed="0.000175"/>
</kw>
<kw name="List Should Contain Value" owner="Collections">
<arg>${allowed_titles}</arg>
<arg>${name_title}</arg>
<doc>Fails if the ``value`` is not found from ``list``.</doc>
<status status="PASS" start="2024-06-15T14:13:22.962934" elapsed="0.000176"/>
</kw>
<kw name="Set Variable" owner="BuiltIn">
<msg time="2024-06-15T14:13:22.963712" level="INFO">${name_country} = ES</msg>
<var>${name_country}</var>
<arg>${json_data["results"][0]["nat"]}</arg>
<doc>Returns the given values which can then be assigned to a variables.</doc>
<status status="PASS" start="2024-06-15T14:13:22.963287" elapsed="0.000451"/>
</kw>
<kw name="Create List" owner="BuiltIn">
<msg time="2024-06-15T14:13:22.964668" level="INFO">${list_country} = ['AD', 'AE', 'AF', 'AG', 'AI', 'AL', 'AM', 'AO', 'AQ', 'AR', 'AS', 'AT', 'AU', 'AW', 'AX', 'AZ', 'BA', 'BB', 'BD', 'BE', 'BF', 'BG', 'BH', 'BI', 'BJ', 'BL', 'BM', 'BN', 'BO', 'BQ', 'BR', 'BS', 'BT', '...</msg>
<var>${list_country}</var>
<arg>AD</arg>
<arg>AE</arg>
<arg>AF</arg>
<arg>AG</arg>
<arg>AI</arg>
<arg>AL</arg>
<arg>AM</arg>
<arg>AO</arg>
<arg>AQ</arg>
<arg>AR</arg>
<arg>AS</arg>
<arg>AT</arg>
<arg>AU</arg>
<arg>AW</arg>
<arg>AX</arg>
<arg>AZ</arg>
<arg>BA</arg>
<arg>BB</arg>
<arg>BD</arg>
<arg>BE</arg>
<arg>BF</arg>
<arg>BG</arg>
<arg>BH</arg>
<arg>BI</arg>
<arg>BJ</arg>
<arg>BL</arg>
<arg>BM</arg>
<arg>BN</arg>
<arg>BO</arg>
<arg>BQ</arg>
<arg>BR</arg>
<arg>BS</arg>
<arg>BT</arg>
<arg>BV</arg>
<arg>BW</arg>
<arg>BY</arg>
<arg>BZ</arg>
<arg>CA</arg>
<arg>CC</arg>
<arg>CD</arg>
<arg>CF</arg>
<arg>CG</arg>
<arg>CH</arg>
<arg>CI</arg>
<arg>CK</arg>
<arg>CL</arg>
<arg>CM</arg>
<arg>CN</arg>
<arg>CO</arg>
<arg>CR</arg>
<arg>CU</arg>
<arg>CV</arg>
<arg>CW</arg>
<arg>CX</arg>
<arg>CY</arg>
<arg>CZ</arg>
<arg>DE</arg>
<arg>DJ</arg>
<arg>DK</arg>
<arg>DM</arg>
<arg>DO</arg>
<arg>DZ</arg>
<arg>EC</arg>
<arg>EE</arg>
<arg>EG</arg>
<arg>EH</arg>
<arg>ER</arg>
<arg>ES</arg>
<arg>ET</arg>
<arg>FI</arg>
<arg>FJ</arg>
<arg>FK</arg>
<arg>FM</arg>
<arg>FO</arg>
<arg>FR</arg>
<arg>GA</arg>
<arg>GB</arg>
<arg>GD</arg>
<arg>GE</arg>
<arg>GF</arg>
<arg>GG</arg>
<arg>GH</arg>
<arg>GI</arg>
<arg>GL</arg>
<arg>GM</arg>
<arg>GN</arg>
<arg>GP</arg>
<arg>GQ</arg>
<arg>GR</arg>
<arg>GS</arg>
<arg>GT</arg>
<arg>GU</arg>
<arg>GW</arg>
<arg>GY</arg>
<arg>HK</arg>
<arg>HM</arg>
<arg>HN</arg>
<arg>HR</arg>
<arg>HT</arg>
<arg>HU</arg>
<arg>ID</arg>
<arg>IE</arg>
<arg>IL</arg>
<arg>IM</arg>
<arg>IN</arg>
<arg>IO</arg>
<arg>IQ</arg>
<arg>IR</arg>
<arg>IS</arg>
<arg>IT</arg>
<arg>JE</arg>
<arg>JM</arg>
<arg>JO</arg>
<arg>JP</arg>
<arg>KE</arg>
<arg>KG</arg>
<arg>KH</arg>
<arg>KI</arg>
<arg>KM</arg>
<arg>KN</arg>
<arg>KP</arg>
<arg>KR</arg>
<arg>KW</arg>
<arg>KY</arg>
<arg>KZ</arg>
<arg>LA</arg>
<arg>LB</arg>
<arg>LC</arg>
<arg>LI</arg>
<arg>LK</arg>
<arg>LR</arg>
<arg>LS</arg>
<arg>LT</arg>
<arg>LU</arg>
<arg>LV</arg>
<arg>LY</arg>
<arg>MA</arg>
<arg>MC</arg>
<arg>MD</arg>
<arg>ME</arg>
<arg>MF</arg>
<arg>MG</arg>
<arg>MH</arg>
<arg>MK</arg>
<arg>ML</arg>
<arg>MM</arg>
<arg>MN</arg>
<arg>MO</arg>
<arg>MP</arg>
<arg>MQ</arg>
<arg>MR</arg>
<arg>MS</arg>
<arg>MT</arg>
<arg>MU</arg>
<arg>MV</arg>
<arg>MW</arg>
<arg>MX</arg>
<arg>MY</arg>
<arg>MZ</arg>
<arg>NA</arg>
<arg>NC</arg>
<arg>NE</arg>
<arg>NF</arg>
<arg>NG</arg>
<arg>NI</arg>
<arg>NL</arg>
<arg>NO</arg>
<arg>NP</arg>
<arg>NR</arg>
<arg>NU</arg>
<arg>NZ</arg>
<arg>OM</arg>
<arg>PA</arg>
<arg>PE</arg>
<arg>PF</arg>
<arg>PG</arg>
<arg>PH</arg>
<arg>PK</arg>
<arg>PL</arg>
<arg>PM</arg>
<arg>PN</arg>
<arg>PR</arg>
<arg>PS</arg>
<arg>PT</arg>
<arg>PW</arg>
<arg>PY</arg>
<arg>QA</arg>
<arg>RE</arg>
<arg>RO</arg>
<arg>RS</arg>
<arg>RU</arg>
<arg>RW</arg>
<arg>SA</arg>
<arg>SB</arg>
<arg>SC</arg>
<arg>SD</arg>
<arg>SE</arg>
<arg>SG</arg>
<arg>SH</arg>
<arg>SI</arg>
<arg>SJ</arg>
<arg>SK</arg>
<arg>SL</arg>
<arg>SM</arg>
<arg>SN</arg>
<arg>SO</arg>
<arg>SR</arg>
<arg>SS</arg>
<arg>ST</arg>
<arg>SV</arg>
<arg>SX</arg>
<arg>SY</arg>
<arg>SZ</arg>
<arg>TC</arg>
<arg>TD</arg>
<arg>TF</arg>
<arg>TG</arg>
<arg>TH</arg>
<arg>TJ</arg>
<arg>TK</arg>
<arg>TL</arg>
<arg>TM</arg>
<arg>TN</arg>
<arg>TO</arg>
<arg>TR</arg>
<arg>TT</arg>
<arg>TV</arg>
<arg>TW</arg>
<arg>TZ</arg>
<arg>UA</arg>
<arg>UG</arg>
<arg>UM</arg>
<arg>US</arg>
<arg>UY</arg>
<arg>UZ</arg>
<arg>VA</arg>
<arg>VC</arg>
<arg>VE</arg>
<arg>VG</arg>
<arg>VI</arg>
<arg>VN</arg>
<arg>VU</arg>
<arg>WF</arg>
<arg>WS</arg>
<arg>XK</arg>
<arg>YE</arg>
<arg>YT</arg>
<arg>ZA</arg>
<arg>ZM</arg>
<arg>ZW</arg>
<doc>Returns a list containing given items.</doc>
<status status="PASS" start="2024-06-15T14:13:22.964045" elapsed="0.000649"/>
</kw>
<kw name="List Should Contain Value" owner="Collections">
<arg>${list_country}</arg>
<arg>${name_country}</arg>
<doc>Fails if the ``value`` is not found from ``list``.</doc>
<status status="PASS" start="2024-06-15T14:13:22.965508" elapsed="0.000208"/>
</kw>
<kw name="Run Keyword If" owner="BuiltIn">
<kw name="Should Be True" owner="BuiltIn">
<arg>${True}</arg>
<doc>Fails if the given condition is not true.</doc>
<status status="PASS" start="2024-06-15T14:13:22.966759" elapsed="0.000142"/>
</kw>
<arg>${json_data["results"][0]["location"]["coordinates"]["latitude"]} &gt;= -90 and ${json_data["results"][0]["location"]["coordinates"]["latitude"]} &lt;= 90</arg>
<arg>Should Be True</arg>
<arg>${True}</arg>
<doc>Runs the given keyword with the given arguments, if ``condition`` is true.</doc>
<status status="PASS" start="2024-06-15T14:13:22.965913" elapsed="0.001113"/>
</kw>
<kw name="Run Keyword If" owner="BuiltIn">
<kw name="Should Be True" owner="BuiltIn">
<arg>${True}</arg>
<doc>Fails if the given condition is not true.</doc>
<status status="PASS" start="2024-06-15T14:13:22.967920" elapsed="0.000145"/>
</kw>
<arg>${json_data["results"][0]["location"]["coordinates"]["longitude"]} &gt;= -180 and ${json_data["results"][0]["location"]["coordinates"]["longitude"]} &lt;= 180</arg>
<arg>Should Be True</arg>
<arg>${True}</arg>
<doc>Runs the given keyword with the given arguments, if ``condition`` is true.</doc>
<status status="PASS" start="2024-06-15T14:13:22.967207" elapsed="0.000979"/>
</kw>
<status status="PASS" start="2024-06-15T14:13:22.822837" elapsed="0.145549"/>
</kw>
<doc>Testa o conteúdo específico dos campos retornados pela API.</doc>
<tag>testeConteudo</tag>
<status status="PASS" start="2024-06-15T14:13:22.822194" elapsed="0.146364"/>
</test>
<status status="PASS" start="2024-06-15T14:13:22.005409" elapsed="0.965101"/>
</suite>
<status status="PASS" start="2024-06-15T14:13:21.991933" elapsed="0.983707"/>
</suite>
<statistics>
<total>
<stat pass="5" fail="0" skip="0">All Tests</stat>
</total>
<tag>
<stat pass="1" fail="0" skip="0">testeConteudo</stat>
<stat pass="1" fail="0" skip="0">testeEstruturaResposta</stat>
<stat pass="1" fail="0" skip="0">testeRequisicaoBasica</stat>
<stat pass="1" fail="0" skip="0">testeTiposDados</stat>
</tag>
<suite>
<stat pass="5" fail="0" skip="0" id="s1" name="Tests">Tests</stat>
<stat pass="5" fail="0" skip="0" id="s1-s1" name="Random-User-Test">Tests.Random-User-Test</stat>
</suite>
</statistics>
<errors>
</errors>
</robot>
