<?xml version="1.0" encoding="UTF-8"?>
<robot generator="Robot 7.0 (Python 3.12.3 on linux)" generated="2024-04-28T11:11:01.706438" rpa="false" schemaversion="5">
<suite id="s1" name="Tests" source="/home/runner/work/DesafioQAItauRogerioJordao/DesafioQAItauRogerioJordao/RamdonUser/tests">
<suite id="s1-s1" name="Random-User-Test" source="/home/runner/work/DesafioQAItauRogerioJordao/DesafioQAItauRogerioJordao/RamdonUser/tests/random-user-test.robot">
<test id="s1-s1-t1" name="Conectar" line="13">
<kw name="Conectar API" owner="random-user-service">
<kw name="Create Session" owner="RequestsLibrary">
<msg time="2024-04-28T11:11:02.068010" level="INFO">Creating Session using : alias=consultarAPI, url=https://randomuser.me/, headers={},                     cookies={}, auth=None, timeout=None, proxies=None, verify=False,                     debug=0 </msg>
<arg>consultarAPI</arg>
<arg>${URL}</arg>
<doc>Create Session: create a HTTP session to a server</doc>
<status status="PASS" start="2024-04-28T11:11:02.067794" elapsed="0.000412"/>
</kw>
<status status="PASS" start="2024-04-28T11:11:02.066756" elapsed="0.001821"/>
</kw>
<status status="PASS" start="2024-04-28T11:11:02.066179" elapsed="0.002601"/>
</test>
<test id="s1-s1-t2" name="Validar retorno 200 e JSON Válido" line="16">
<kw name="Teste de Requisicao Basica" owner="random-user-service">
<kw name="GET On Session" owner="RequestsLibrary">
<msg time="2024-04-28T11:11:02.342542" level="INFO">GET Request : url=https://randomuser.me/api 
 path_url=/api 
 headers={'User-Agent': 'python-requests/2.31.0', 'Accept-Encoding': 'gzip, deflate', 'Accept': '*/*', 'Connection': 'keep-alive'} 
 body=None 
 </msg>
<msg time="2024-04-28T11:11:02.342727" level="INFO">GET Response : url=https://randomuser.me/api 
 status=200, reason=OK 
 headers={'Date': 'Sun, 28 Apr 2024 11:11:02 GMT', 'Content-Type': 'application/json; charset=utf-8', 'Transfer-Encoding': 'chunked', 'Connection': 'keep-alive', 'X-Powered-By': 'Express', 'Access-Control-Allow-Origin': '*', 'Cache-Control': 'no-cache', 'ETag': 'W/"497-Jdf3ty/2wRuDOQICalS9Gu/qBuE"', 'Vary': 'Accept-Encoding', 'Content-Encoding': 'gzip', 'CF-Cache-Status': 'DYNAMIC', 'Report-To': '{"endpoints":[{"url":"https:\\/\\/a.nel.cloudflare.com\\/report\\/v4?s=Mh96C4p30BndisqQCF8pucylytpHA1yS0qe%2Fr5qD8x7iJoJW09IwE16p1Am9iNglllW0BB97%2Bdc41y%2Bj1ktShNH4qfBq3aorzVhb6ga3dlAs5b3xOSPBm%2BVEn9DUD4B0"}],"group":"cf-nel","max_age":604800}', 'NEL': '{"success_fraction":0,"report_to":"cf-nel","max_age":604800}', 'Server': 'cloudflare', 'CF-RAY': '87b69bf7096d2aaf-LAX', 'alt-svc': 'h3=":443"; ma=86400'} 
 body={"results":[{"gender":"female","name":{"title":"Mrs","first":"Meral","last":"Ozansoy"},"location":{"street":{"number":8877,"name":"Talak Göktepe Cd"},"city":"Ağrı","state":"Hatay","country":"Turkey","postcode":87690,"coordinates":{"latitude":"66.7003","longitude":"101.0031"},"timezone":{"offset":"0:00","description":"Western Europe Time, London, Lisbon, Casablanca"}},"email":"meral.ozansoy@example.com","login":{"uuid":"aa57e406-d689-430d-bef6-44572a11ba99","username":"happyfish375","password":"welcome1","salt":"zFMnaZ73","md5":"bfbe1a5406e7196f34f73397e9868aa6","sha1":"326b2e7456ee0b9ea27110aaf1ba49fd68da7af2","sha256":"f9479e7a5906da64b75794cfd3f31579908c327402487ddfad46504854a66a15"},"dob":{"date":"1965-10-15T14:33:25.721Z","age":58},"registered":{"date":"2011-09-02T01:19:49.356Z","age":12},"phone":"(600)-665-5797","cell":"(453)-583-9055","id":{"name":"","value":null},"picture":{"large":"https://randomuser.me/api/portraits/women/12.jpg","medium":"https://randomuser.me/api/portraits/med/women/12.jpg","thumbnail":"https://randomuser.me/api/portraits/thumb/women/12.jpg"},"nat":"TR"}],"info":{"seed":"096c2c1119256335","results":1,"page":1,"version":"1.4"}} 
 </msg>
<msg time="2024-04-28T11:11:02.342833" level="INFO">/opt/hostedtoolcache/Python/3.12.3/x64/lib/python3.12/site-packages/urllib3/connectionpool.py:1103: InsecureRequestWarning: Unverified HTTPS request is being made to host 'randomuser.me'. Adding certificate verification is strongly advised. See: https://urllib3.readthedocs.io/en/latest/advanced-usage.html#tls-warnings
  warnings.warn(</msg>
<msg time="2024-04-28T11:11:02.342991" level="INFO">${response} = &lt;Response [200]&gt;</msg>
<var>${response}</var>
<arg>consultarAPI</arg>
<arg>/api</arg>
<doc>Sends a GET request on a previously created HTTP Session.</doc>
<status status="PASS" start="2024-04-28T11:11:02.071472" elapsed="0.271563"/>
</kw>
<kw name="Should Be Equal As Numbers" owner="BuiltIn">
<msg time="2024-04-28T11:11:02.344113" level="INFO">Argument types are:
&lt;class 'int'&gt;
&lt;class 'str'&gt;</msg>
<arg>${response.status_code}</arg>
<arg>200</arg>
<doc>Fails if objects are unequal after converting them to real numbers.</doc>
<status status="PASS" start="2024-04-28T11:11:02.343637" elapsed="0.000545"/>
</kw>
<kw name="Log" owner="BuiltIn">
<msg time="2024-04-28T11:11:02.344969" level="INFO">200</msg>
<arg>${response.status_code}</arg>
<doc>Logs the given message with the given level.</doc>
<status status="PASS" start="2024-04-28T11:11:02.344581" elapsed="0.000432"/>
</kw>
<kw name="Set Variable" owner="BuiltIn">
<msg time="2024-04-28T11:11:02.345816" level="INFO">${json_data} = {'results': [{'gender': 'female', 'name': {'title': 'Mrs', 'first': 'Meral', 'last': 'Ozansoy'}, 'location': {'street': {'number': 8877, 'name': 'Talak Göktepe Cd'}, 'city': 'Ağrı', 'state': 'Hatay', ...</msg>
<var>${json_data}</var>
<arg>${response.json()}</arg>
<doc>Returns the given values which can then be assigned to a variables.</doc>
<status status="PASS" start="2024-04-28T11:11:02.345337" elapsed="0.000511"/>
</kw>
<kw name="Dictionary Should Contain Key" owner="Collections">
<msg time="2024-04-28T11:11:02.346354" level="INFO">False</msg>
<arg>${json_data}</arg>
<arg>results</arg>
<doc>Fails if ``key`` is not found from ``dictionary``.</doc>
<status status="PASS" start="2024-04-28T11:11:02.346176" elapsed="0.000219"/>
</kw>
<status status="PASS" start="2024-04-28T11:11:02.071189" elapsed="0.275476"/>
</kw>
<doc>Testa se a API responde corretamente e retorna um objeto JSON válido.</doc>
<tag>testeRequisicaoBasica</tag>
<status status="PASS" start="2024-04-28T11:11:02.070697" elapsed="0.276159"/>
</test>
<test id="s1-s1-t3" name="Validar estrutura de resposta" line="22">
<kw name="Teste de Estrutura de Resposta" owner="random-user-service">
<kw name="GET On Session" owner="RequestsLibrary">
<msg time="2024-04-28T11:11:02.469904" level="INFO">GET Request : url=https://randomuser.me/api 
 path_url=/api 
 headers={'User-Agent': 'python-requests/2.31.0', 'Accept-Encoding': 'gzip, deflate', 'Accept': '*/*', 'Connection': 'keep-alive'} 
 body=None 
 </msg>
<msg time="2024-04-28T11:11:02.470019" level="INFO">GET Response : url=https://randomuser.me/api 
 status=200, reason=OK 
 headers={'Date': 'Sun, 28 Apr 2024 11:11:02 GMT', 'Content-Type': 'application/json; charset=utf-8', 'Transfer-Encoding': 'chunked', 'Connection': 'keep-alive', 'X-Powered-By': 'Express', 'Access-Control-Allow-Origin': '*', 'Cache-Control': 'no-cache', 'ETag': 'W/"46e-a0ioRA2S+60jiUHSdrbuSaTywHk"', 'Vary': 'Accept-Encoding', 'Content-Encoding': 'gzip', 'CF-Cache-Status': 'DYNAMIC', 'Report-To': '{"endpoints":[{"url":"https:\\/\\/a.nel.cloudflare.com\\/report\\/v4?s=YFbTycluQPi1aberkM4DGZYRQ%2FpDEGjm5SCfoeRBCVOQJ1FoT%2FyqYuM2Eb09a9QDqEmoJefViXXpN5ZZVgR4F3qhGSsITM9YelGsmvh%2B2WYvtk491ZV6r7joeLBhvR%2B4"}],"group":"cf-nel","max_age":604800}', 'NEL': '{"success_fraction":0,"report_to":"cf-nel","max_age":604800}', 'Server': 'cloudflare', 'CF-RAY': '87b69bf7b9e22aaf-LAX', 'alt-svc': 'h3=":443"; ma=86400'} 
 body={"results":[{"gender":"male","name":{"title":"Mr","first":"Us","last":"Yacik"},"location":{"street":{"number":6008,"name":"Provulok Klasichniy"},"city":"Monastiriska","state":"Ivano-Frankivska","country":"Ukraine","postcode":78619,"coordinates":{"latitude":"76.6713","longitude":"-76.6678"},"timezone":{"offset":"-9:00","description":"Alaska"}},"email":"us.yacik@example.com","login":{"uuid":"ef19685c-bde8-4f65-981a-12ac4e6aee66","username":"bigostrich180","password":"lauren","salt":"S14H8ywt","md5":"71190e5c5340f0bf977c508707fc492e","sha1":"00a942e9682d7dec8955d40625a92e60987e9603","sha256":"65f4744c1e9fa24ad2fdf72282ea0d1421d266bd673674f7a402777bc2b61503"},"dob":{"date":"1953-04-20T05:03:28.084Z","age":71},"registered":{"date":"2015-03-09T00:04:49.160Z","age":9},"phone":"(067) X46-9834","cell":"(066) P04-2113","id":{"name":"","value":null},"picture":{"large":"https://randomuser.me/api/portraits/men/76.jpg","medium":"https://randomuser.me/api/portraits/med/men/76.jpg","thumbnail":"https://randomuser.me/api/portraits/thumb/men/76.jpg"},"nat":"UA"}],"info":{"seed":"1d589de7dd42f825","results":1,"page":1,"version":"1.4"}} 
 </msg>
<msg time="2024-04-28T11:11:02.470171" level="INFO">/opt/hostedtoolcache/Python/3.12.3/x64/lib/python3.12/site-packages/urllib3/connectionpool.py:1103: InsecureRequestWarning: Unverified HTTPS request is being made to host 'randomuser.me'. Adding certificate verification is strongly advised. See: https://urllib3.readthedocs.io/en/latest/advanced-usage.html#tls-warnings
  warnings.warn(</msg>
<msg time="2024-04-28T11:11:02.470311" level="INFO">${response} = &lt;Response [200]&gt;</msg>
<var>${response}</var>
<arg>consultarAPI</arg>
<arg>/api</arg>
<doc>Sends a GET request on a previously created HTTP Session.</doc>
<status status="PASS" start="2024-04-28T11:11:02.349558" elapsed="0.120800"/>
</kw>
<kw name="Set Variable" owner="BuiltIn">
<msg time="2024-04-28T11:11:02.471623" level="INFO">${json_data} = {'results': [{'gender': 'male', 'name': {'title': 'Mr', 'first': 'Us', 'last': 'Yacik'}, 'location': {'street': {'number': 6008, 'name': 'Provulok Klasichniy'}, 'city': 'Monastiriska', 'state': 'Ivano...</msg>
<var>${json_data}</var>
<arg>${response.json()}</arg>
<doc>Returns the given values which can then be assigned to a variables.</doc>
<status status="PASS" start="2024-04-28T11:11:02.470987" elapsed="0.000667"/>
</kw>
<kw name="Log" owner="BuiltIn">
<msg time="2024-04-28T11:11:02.472196" level="INFO">{'results': [{'gender': 'male', 'name': {'title': 'Mr', 'first': 'Us', 'last': 'Yacik'}, 'location': {'street': {'number': 6008, 'name': 'Provulok Klasichniy'}, 'city': 'Monastiriska', 'state': 'Ivano-Frankivska', 'country': 'Ukraine', 'postcode': 78619, 'coordinates': {'latitude': '76.6713', 'longitude': '-76.6678'}, 'timezone': {'offset': '-9:00', 'description': 'Alaska'}}, 'email': 'us.yacik@example.com', 'login': {'uuid': 'ef19685c-bde8-4f65-981a-12ac4e6aee66', 'username': 'bigostrich180', 'password': 'lauren', 'salt': 'S14H8ywt', 'md5': '71190e5c5340f0bf977c508707fc492e', 'sha1': '00a942e9682d7dec8955d40625a92e60987e9603', 'sha256': '65f4744c1e9fa24ad2fdf72282ea0d1421d266bd673674f7a402777bc2b61503'}, 'dob': {'date': '1953-04-20T05:03:28.084Z', 'age': 71}, 'registered': {'date': '2015-03-09T00:04:49.160Z', 'age': 9}, 'phone': '(067) X46-9834', 'cell': '(066) P04-2113', 'id': {'name': '', 'value': None}, 'picture': {'large': 'https://randomuser.me/api/portraits/men/76.jpg', 'medium': 'https://randomuser.me/api/portraits/med/men/76.jpg', 'thumbnail': 'https://randomuser.me/api/portraits/thumb/men/76.jpg'}, 'nat': 'UA'}], 'info': {'seed': '1d589de7dd42f825', 'results': 1, 'page': 1, 'version': '1.4'}}</msg>
<arg>${json_data}</arg>
<doc>Logs the given message with the given level.</doc>
<status status="PASS" start="2024-04-28T11:11:02.472018" elapsed="0.000229"/>
</kw>
<kw name="Dictionary Should Contain Key" owner="Collections">
<msg time="2024-04-28T11:11:02.472740" level="INFO">False</msg>
<arg>${json_data}</arg>
<arg>results</arg>
<doc>Fails if ``key`` is not found from ``dictionary``.</doc>
<status status="PASS" start="2024-04-28T11:11:02.472570" elapsed="0.000210"/>
</kw>
<kw name="Should Not Be Empty" owner="BuiltIn">
<msg time="2024-04-28T11:11:02.473226" level="INFO">Length is 2.</msg>
<arg>${json_data}</arg>
<doc>Verifies that the given item is not empty.</doc>
<status status="PASS" start="2024-04-28T11:11:02.473087" elapsed="0.000180"/>
</kw>
<kw name="Create List" owner="BuiltIn">
<msg time="2024-04-28T11:11:02.473892" level="INFO">${expected_keys} = ['gender', 'name', 'location', 'email', 'login']</msg>
<var>${expected_keys}</var>
<arg>gender</arg>
<arg>name</arg>
<arg>location</arg>
<arg>email</arg>
<arg>login</arg>
<doc>Returns a list containing given items.</doc>
<status status="PASS" start="2024-04-28T11:11:02.473566" elapsed="0.000352"/>
</kw>
<for flavor="IN">
<iter>
<kw name="Dictionary Should Contain Key" owner="Collections">
<msg time="2024-04-28T11:11:02.474951" level="INFO">False</msg>
<arg>${json_data['results'][0]}</arg>
<arg>${key}</arg>
<doc>Fails if ``key`` is not found from ``dictionary``.</doc>
<status status="PASS" start="2024-04-28T11:11:02.474527" elapsed="0.000464"/>
</kw>
<kw name="Log" owner="BuiltIn">
<msg time="2024-04-28T11:11:02.475722" level="INFO">{'gender': 'male', 'name': {'title': 'Mr', 'first': 'Us', 'last': 'Yacik'}, 'location': {'street': {'number': 6008, 'name': 'Provulok Klasichniy'}, 'city': 'Monastiriska', 'state': 'Ivano-Frankivska', 'country': 'Ukraine', 'postcode': 78619, 'coordinates': {'latitude': '76.6713', 'longitude': '-76.6678'}, 'timezone': {'offset': '-9:00', 'description': 'Alaska'}}, 'email': 'us.yacik@example.com', 'login': {'uuid': 'ef19685c-bde8-4f65-981a-12ac4e6aee66', 'username': 'bigostrich180', 'password': 'lauren', 'salt': 'S14H8ywt', 'md5': '71190e5c5340f0bf977c508707fc492e', 'sha1': '00a942e9682d7dec8955d40625a92e60987e9603', 'sha256': '65f4744c1e9fa24ad2fdf72282ea0d1421d266bd673674f7a402777bc2b61503'}, 'dob': {'date': '1953-04-20T05:03:28.084Z', 'age': 71}, 'registered': {'date': '2015-03-09T00:04:49.160Z', 'age': 9}, 'phone': '(067) X46-9834', 'cell': '(066) P04-2113', 'id': {'name': '', 'value': None}, 'picture': {'large': 'https://randomuser.me/api/portraits/men/76.jpg', 'medium': 'https://randomuser.me/api/portraits/med/men/76.jpg', 'thumbnail': 'https://randomuser.me/api/portraits/thumb/men/76.jpg'}, 'nat': 'UA'}</msg>
<arg>${json_data['results'][0]}</arg>
<doc>Logs the given message with the given level.</doc>
<status status="PASS" start="2024-04-28T11:11:02.475328" elapsed="0.000443"/>
</kw>
<kw name="Log" owner="BuiltIn">
<msg time="2024-04-28T11:11:02.476214" level="INFO">gender</msg>
<arg>${key}</arg>
<doc>Logs the given message with the given level.</doc>
<status status="PASS" start="2024-04-28T11:11:02.476075" elapsed="0.000178"/>
</kw>
<var name="${key}">gender</var>
<status status="PASS" start="2024-04-28T11:11:02.474398" elapsed="0.002075"/>
</iter>
<iter>
<kw name="Dictionary Should Contain Key" owner="Collections">
<msg time="2024-04-28T11:11:02.477192" level="INFO">False</msg>
<arg>${json_data['results'][0]}</arg>
<arg>${key}</arg>
<doc>Fails if ``key`` is not found from ``dictionary``.</doc>
<status status="PASS" start="2024-04-28T11:11:02.476788" elapsed="0.000442"/>
</kw>
<kw name="Log" owner="BuiltIn">
<msg time="2024-04-28T11:11:02.477941" level="INFO">{'gender': 'male', 'name': {'title': 'Mr', 'first': 'Us', 'last': 'Yacik'}, 'location': {'street': {'number': 6008, 'name': 'Provulok Klasichniy'}, 'city': 'Monastiriska', 'state': 'Ivano-Frankivska', 'country': 'Ukraine', 'postcode': 78619, 'coordinates': {'latitude': '76.6713', 'longitude': '-76.6678'}, 'timezone': {'offset': '-9:00', 'description': 'Alaska'}}, 'email': 'us.yacik@example.com', 'login': {'uuid': 'ef19685c-bde8-4f65-981a-12ac4e6aee66', 'username': 'bigostrich180', 'password': 'lauren', 'salt': 'S14H8ywt', 'md5': '71190e5c5340f0bf977c508707fc492e', 'sha1': '00a942e9682d7dec8955d40625a92e60987e9603', 'sha256': '65f4744c1e9fa24ad2fdf72282ea0d1421d266bd673674f7a402777bc2b61503'}, 'dob': {'date': '1953-04-20T05:03:28.084Z', 'age': 71}, 'registered': {'date': '2015-03-09T00:04:49.160Z', 'age': 9}, 'phone': '(067) X46-9834', 'cell': '(066) P04-2113', 'id': {'name': '', 'value': None}, 'picture': {'large': 'https://randomuser.me/api/portraits/men/76.jpg', 'medium': 'https://randomuser.me/api/portraits/med/men/76.jpg', 'thumbnail': 'https://randomuser.me/api/portraits/thumb/men/76.jpg'}, 'nat': 'UA'}</msg>
<arg>${json_data['results'][0]}</arg>
<doc>Logs the given message with the given level.</doc>
<status status="PASS" start="2024-04-28T11:11:02.477569" elapsed="0.000420"/>
</kw>
<kw name="Log" owner="BuiltIn">
<msg time="2024-04-28T11:11:02.478420" level="INFO">name</msg>
<arg>${key}</arg>
<doc>Logs the given message with the given level.</doc>
<status status="PASS" start="2024-04-28T11:11:02.478292" elapsed="0.000166"/>
</kw>
<var name="${key}">name</var>
<status status="PASS" start="2024-04-28T11:11:02.476668" elapsed="0.002005"/>
</iter>
<iter>
<kw name="Dictionary Should Contain Key" owner="Collections">
<msg time="2024-04-28T11:11:02.479417" level="INFO">False</msg>
<arg>${json_data['results'][0]}</arg>
<arg>${key}</arg>
<doc>Fails if ``key`` is not found from ``dictionary``.</doc>
<status status="PASS" start="2024-04-28T11:11:02.478974" elapsed="0.000484"/>
</kw>
<kw name="Log" owner="BuiltIn">
<msg time="2024-04-28T11:11:02.480135" level="INFO">{'gender': 'male', 'name': {'title': 'Mr', 'first': 'Us', 'last': 'Yacik'}, 'location': {'street': {'number': 6008, 'name': 'Provulok Klasichniy'}, 'city': 'Monastiriska', 'state': 'Ivano-Frankivska', 'country': 'Ukraine', 'postcode': 78619, 'coordinates': {'latitude': '76.6713', 'longitude': '-76.6678'}, 'timezone': {'offset': '-9:00', 'description': 'Alaska'}}, 'email': 'us.yacik@example.com', 'login': {'uuid': 'ef19685c-bde8-4f65-981a-12ac4e6aee66', 'username': 'bigostrich180', 'password': 'lauren', 'salt': 'S14H8ywt', 'md5': '71190e5c5340f0bf977c508707fc492e', 'sha1': '00a942e9682d7dec8955d40625a92e60987e9603', 'sha256': '65f4744c1e9fa24ad2fdf72282ea0d1421d266bd673674f7a402777bc2b61503'}, 'dob': {'date': '1953-04-20T05:03:28.084Z', 'age': 71}, 'registered': {'date': '2015-03-09T00:04:49.160Z', 'age': 9}, 'phone': '(067) X46-9834', 'cell': '(066) P04-2113', 'id': {'name': '', 'value': None}, 'picture': {'large': 'https://randomuser.me/api/portraits/men/76.jpg', 'medium': 'https://randomuser.me/api/portraits/med/men/76.jpg', 'thumbnail': 'https://randomuser.me/api/portraits/thumb/men/76.jpg'}, 'nat': 'UA'}</msg>
<arg>${json_data['results'][0]}</arg>
<doc>Logs the given message with the given level.</doc>
<status status="PASS" start="2024-04-28T11:11:02.479764" elapsed="0.000419"/>
</kw>
<kw name="Log" owner="BuiltIn">
<msg time="2024-04-28T11:11:02.480607" level="INFO">location</msg>
<arg>${key}</arg>
<doc>Logs the given message with the given level.</doc>
<status status="PASS" start="2024-04-28T11:11:02.480481" elapsed="0.000163"/>
</kw>
<var name="${key}">location</var>
<status status="PASS" start="2024-04-28T11:11:02.478860" elapsed="0.002000"/>
</iter>
<iter>
<kw name="Dictionary Should Contain Key" owner="Collections">
<msg time="2024-04-28T11:11:02.481547" level="INFO">False</msg>
<arg>${json_data['results'][0]}</arg>
<arg>${key}</arg>
<doc>Fails if ``key`` is not found from ``dictionary``.</doc>
<status status="PASS" start="2024-04-28T11:11:02.481156" elapsed="0.000428"/>
</kw>
<kw name="Log" owner="BuiltIn">
<msg time="2024-04-28T11:11:02.482244" level="INFO">{'gender': 'male', 'name': {'title': 'Mr', 'first': 'Us', 'last': 'Yacik'}, 'location': {'street': {'number': 6008, 'name': 'Provulok Klasichniy'}, 'city': 'Monastiriska', 'state': 'Ivano-Frankivska', 'country': 'Ukraine', 'postcode': 78619, 'coordinates': {'latitude': '76.6713', 'longitude': '-76.6678'}, 'timezone': {'offset': '-9:00', 'description': 'Alaska'}}, 'email': 'us.yacik@example.com', 'login': {'uuid': 'ef19685c-bde8-4f65-981a-12ac4e6aee66', 'username': 'bigostrich180', 'password': 'lauren', 'salt': 'S14H8ywt', 'md5': '71190e5c5340f0bf977c508707fc492e', 'sha1': '00a942e9682d7dec8955d40625a92e60987e9603', 'sha256': '65f4744c1e9fa24ad2fdf72282ea0d1421d266bd673674f7a402777bc2b61503'}, 'dob': {'date': '1953-04-20T05:03:28.084Z', 'age': 71}, 'registered': {'date': '2015-03-09T00:04:49.160Z', 'age': 9}, 'phone': '(067) X46-9834', 'cell': '(066) P04-2113', 'id': {'name': '', 'value': None}, 'picture': {'large': 'https://randomuser.me/api/portraits/men/76.jpg', 'medium': 'https://randomuser.me/api/portraits/med/men/76.jpg', 'thumbnail': 'https://randomuser.me/api/portraits/thumb/men/76.jpg'}, 'nat': 'UA'}</msg>
<arg>${json_data['results'][0]}</arg>
<doc>Logs the given message with the given level.</doc>
<status status="PASS" start="2024-04-28T11:11:02.481886" elapsed="0.000406"/>
</kw>
<kw name="Log" owner="BuiltIn">
<msg time="2024-04-28T11:11:02.482715" level="INFO">email</msg>
<arg>${key}</arg>
<doc>Logs the given message with the given level.</doc>
<status status="PASS" start="2024-04-28T11:11:02.482589" elapsed="0.000163"/>
</kw>
<var name="${key}">email</var>
<status status="PASS" start="2024-04-28T11:11:02.481037" elapsed="0.001928"/>
</iter>
<iter>
<kw name="Dictionary Should Contain Key" owner="Collections">
<msg time="2024-04-28T11:11:02.483680" level="INFO">False</msg>
<arg>${json_data['results'][0]}</arg>
<arg>${key}</arg>
<doc>Fails if ``key`` is not found from ``dictionary``.</doc>
<status status="PASS" start="2024-04-28T11:11:02.483251" elapsed="0.000468"/>
</kw>
<kw name="Log" owner="BuiltIn">
<msg time="2024-04-28T11:11:02.484391" level="INFO">{'gender': 'male', 'name': {'title': 'Mr', 'first': 'Us', 'last': 'Yacik'}, 'location': {'street': {'number': 6008, 'name': 'Provulok Klasichniy'}, 'city': 'Monastiriska', 'state': 'Ivano-Frankivska', 'country': 'Ukraine', 'postcode': 78619, 'coordinates': {'latitude': '76.6713', 'longitude': '-76.6678'}, 'timezone': {'offset': '-9:00', 'description': 'Alaska'}}, 'email': 'us.yacik@example.com', 'login': {'uuid': 'ef19685c-bde8-4f65-981a-12ac4e6aee66', 'username': 'bigostrich180', 'password': 'lauren', 'salt': 'S14H8ywt', 'md5': '71190e5c5340f0bf977c508707fc492e', 'sha1': '00a942e9682d7dec8955d40625a92e60987e9603', 'sha256': '65f4744c1e9fa24ad2fdf72282ea0d1421d266bd673674f7a402777bc2b61503'}, 'dob': {'date': '1953-04-20T05:03:28.084Z', 'age': 71}, 'registered': {'date': '2015-03-09T00:04:49.160Z', 'age': 9}, 'phone': '(067) X46-9834', 'cell': '(066) P04-2113', 'id': {'name': '', 'value': None}, 'picture': {'large': 'https://randomuser.me/api/portraits/men/76.jpg', 'medium': 'https://randomuser.me/api/portraits/med/men/76.jpg', 'thumbnail': 'https://randomuser.me/api/portraits/thumb/men/76.jpg'}, 'nat': 'UA'}</msg>
<arg>${json_data['results'][0]}</arg>
<doc>Logs the given message with the given level.</doc>
<status status="PASS" start="2024-04-28T11:11:02.484029" elapsed="0.000410"/>
</kw>
<kw name="Log" owner="BuiltIn">
<msg time="2024-04-28T11:11:02.484857" level="INFO">login</msg>
<arg>${key}</arg>
<doc>Logs the given message with the given level.</doc>
<status status="PASS" start="2024-04-28T11:11:02.484731" elapsed="0.000164"/>
</kw>
<var name="${key}">login</var>
<status status="PASS" start="2024-04-28T11:11:02.483140" elapsed="0.001974"/>
</iter>
<var>${key}</var>
<value>@{expected_keys}</value>
<status status="PASS" start="2024-04-28T11:11:02.474193" elapsed="0.011044"/>
</for>
<kw name="Create List" owner="BuiltIn">
<msg time="2024-04-28T11:11:02.485608" level="INFO">${expected_keysTwo} = ['username', 'password']</msg>
<var>${expected_keysTwo}</var>
<arg>username</arg>
<arg>password</arg>
<doc>Returns a list containing given items.</doc>
<status status="PASS" start="2024-04-28T11:11:02.485470" elapsed="0.000162"/>
</kw>
<for flavor="IN">
<iter>
<kw name="Dictionary Should Contain Key" owner="Collections">
<msg time="2024-04-28T11:11:02.486550" level="INFO">False</msg>
<arg>${json_data['results'][0]['login']}</arg>
<arg>${keyTwo}</arg>
<doc>Fails if ``key`` is not found from ``dictionary``.</doc>
<status status="PASS" start="2024-04-28T11:11:02.486150" elapsed="0.000438"/>
</kw>
<kw name="Dictionary Should Contain Key" owner="Collections">
<msg time="2024-04-28T11:11:02.487301" level="INFO">False</msg>
<arg>${json_data['results'][0]['login']}</arg>
<arg>${keyTwo}</arg>
<doc>Fails if ``key`` is not found from ``dictionary``.</doc>
<status status="PASS" start="2024-04-28T11:11:02.486888" elapsed="0.000454"/>
</kw>
<kw name="Log" owner="BuiltIn">
<msg time="2024-04-28T11:11:02.487779" level="INFO">username</msg>
<arg>${keyTwo}</arg>
<doc>Logs the given message with the given level.</doc>
<status status="PASS" start="2024-04-28T11:11:02.487651" elapsed="0.000171"/>
</kw>
<var name="${keyTwo}">username</var>
<status status="PASS" start="2024-04-28T11:11:02.486038" elapsed="0.002002"/>
</iter>
<iter>
<kw name="Dictionary Should Contain Key" owner="Collections">
<msg time="2024-04-28T11:11:02.488707" level="INFO">False</msg>
<arg>${json_data['results'][0]['login']}</arg>
<arg>${keyTwo}</arg>
<doc>Fails if ``key`` is not found from ``dictionary``.</doc>
<status status="PASS" start="2024-04-28T11:11:02.488324" elapsed="0.000425"/>
</kw>
<kw name="Dictionary Should Contain Key" owner="Collections">
<msg time="2024-04-28T11:11:02.489505" level="INFO">False</msg>
<arg>${json_data['results'][0]['login']}</arg>
<arg>${keyTwo}</arg>
<doc>Fails if ``key`` is not found from ``dictionary``.</doc>
<status status="PASS" start="2024-04-28T11:11:02.489041" elapsed="0.000503"/>
</kw>
<kw name="Log" owner="BuiltIn">
<msg time="2024-04-28T11:11:02.489974" level="INFO">password</msg>
<arg>${keyTwo}</arg>
<doc>Logs the given message with the given level.</doc>
<status status="PASS" start="2024-04-28T11:11:02.489845" elapsed="0.000166"/>
</kw>
<var name="${keyTwo}">password</var>
<status status="PASS" start="2024-04-28T11:11:02.488213" elapsed="0.002015"/>
</iter>
<var>${keyTwo}</var>
<value>@{expected_keysTwo}</value>
<status status="PASS" start="2024-04-28T11:11:02.485875" elapsed="0.004500"/>
</for>
<status status="PASS" start="2024-04-28T11:11:02.349315" elapsed="0.141209"/>
</kw>
<doc>Testa a estrutura da resposta da API.</doc>
<tag>testeEstruturaResposta</tag>
<status status="PASS" start="2024-04-28T11:11:02.348787" elapsed="0.141901"/>
</test>
<test id="s1-s1-t4" name="Validar tipos de dados" line="28">
<kw name="Teste de Tipos de Dados" owner="random-user-service">
<kw name="GET On Session" owner="RequestsLibrary">
<msg time="2024-04-28T11:11:02.586470" level="INFO">GET Request : url=https://randomuser.me/api 
 path_url=/api 
 headers={'User-Agent': 'python-requests/2.31.0', 'Accept-Encoding': 'gzip, deflate', 'Accept': '*/*', 'Connection': 'keep-alive'} 
 body=None 
 </msg>
<msg time="2024-04-28T11:11:02.586571" level="INFO">GET Response : url=https://randomuser.me/api 
 status=200, reason=OK 
 headers={'Date': 'Sun, 28 Apr 2024 11:11:02 GMT', 'Content-Type': 'application/json; charset=utf-8', 'Transfer-Encoding': 'chunked', 'Connection': 'keep-alive', 'X-Powered-By': 'Express', 'Access-Control-Allow-Origin': '*', 'Cache-Control': 'no-cache', 'ETag': 'W/"490-D/D412bZgCeT91K0h1ZT085nOqI"', 'Vary': 'Accept-Encoding', 'Content-Encoding': 'gzip', 'CF-Cache-Status': 'DYNAMIC', 'Report-To': '{"endpoints":[{"url":"https:\\/\\/a.nel.cloudflare.com\\/report\\/v4?s=dr%2Fb6WQbfFNzxzk6%2ByJlpckjeyrv87ffKYbr6JZp5iXzYucSHHD%2FcOtGEAScTwvYfhzKTUoWpCvqVy6y1eFmL0g7VmN7hgbwO6EAg%2BDDWUbufUAk%2F8E9nthNj5CTmP7o"}],"group":"cf-nel","max_age":604800}', 'NEL': '{"success_fraction":0,"report_to":"cf-nel","max_age":604800}', 'Server': 'cloudflare', 'CF-RAY': '87b69bf89a692aaf-LAX', 'alt-svc': 'h3=":443"; ma=86400'} 
 body={"results":[{"gender":"female","name":{"title":"Ms","first":"Nurdan","last":"Aşıkoğlu"},"location":{"street":{"number":8427,"name":"Abanoz Sk"},"city":"Antalya","state":"Gaziantep","country":"Turkey","postcode":55946,"coordinates":{"latitude":"72.4289","longitude":"116.8682"},"timezone":{"offset":"+9:00","description":"Tokyo, Seoul, Osaka, Sapporo, Yakutsk"}},"email":"nurdan.asikoglu@example.com","login":{"uuid":"b2eed615-8b02-45fa-9bde-c5482ebf8b6e","username":"tinyrabbit435","password":"skidoo","salt":"Rbjw9NvS","md5":"b5751480b5465efa0acf90393e4f7aa8","sha1":"d7a56256b9a9cd90d737c2d8feee1eec95aa8fd2","sha256":"c729150dc20c8467f2398e8546126e94e41bf1caed43d80ab7f8e59a5a998a2b"},"dob":{"date":"1959-08-09T13:42:28.469Z","age":64},"registered":{"date":"2012-05-16T17:49:46.682Z","age":11},"phone":"(979)-574-9846","cell":"(001)-927-7236","id":{"name":"","value":null},"picture":{"large":"https://randomuser.me/api/portraits/women/16.jpg","medium":"https://randomuser.me/api/portraits/med/women/16.jpg","thumbnail":"https://randomuser.me/api/portraits/thumb/women/16.jpg"},"nat":"TR"}],"info":{"seed":"08f17070fcb7c187","results":1,"page":1,"version":"1.4"}} 
 </msg>
<msg time="2024-04-28T11:11:02.586646" level="INFO">/opt/hostedtoolcache/Python/3.12.3/x64/lib/python3.12/site-packages/urllib3/connectionpool.py:1103: InsecureRequestWarning: Unverified HTTPS request is being made to host 'randomuser.me'. Adding certificate verification is strongly advised. See: https://urllib3.readthedocs.io/en/latest/advanced-usage.html#tls-warnings
  warnings.warn(</msg>
<msg time="2024-04-28T11:11:02.586775" level="INFO">${response} = &lt;Response [200]&gt;</msg>
<var>${response}</var>
<arg>consultarAPI</arg>
<arg>/api</arg>
<doc>Sends a GET request on a previously created HTTP Session.</doc>
<status status="PASS" start="2024-04-28T11:11:02.493264" elapsed="0.093553"/>
</kw>
<kw name="Set Variable" owner="BuiltIn">
<msg time="2024-04-28T11:11:02.588109" level="INFO">${json_data} = {'results': [{'gender': 'female', 'name': {'title': 'Ms', 'first': 'Nurdan', 'last': 'Aşıkoğlu'}, 'location': {'street': {'number': 8427, 'name': 'Abanoz Sk'}, 'city': 'Antalya', 'state': 'Gaziantep',...</msg>
<var>${json_data}</var>
<arg>${response.json()}</arg>
<doc>Returns the given values which can then be assigned to a variables.</doc>
<status status="PASS" start="2024-04-28T11:11:02.587518" elapsed="0.000622"/>
</kw>
<kw name="Log" owner="BuiltIn">
<msg time="2024-04-28T11:11:02.588675" level="INFO">{'results': [{'gender': 'female', 'name': {'title': 'Ms', 'first': 'Nurdan', 'last': 'Aşıkoğlu'}, 'location': {'street': {'number': 8427, 'name': 'Abanoz Sk'}, 'city': 'Antalya', 'state': 'Gaziantep', 'country': 'Turkey', 'postcode': 55946, 'coordinates': {'latitude': '72.4289', 'longitude': '116.8682'}, 'timezone': {'offset': '+9:00', 'description': 'Tokyo, Seoul, Osaka, Sapporo, Yakutsk'}}, 'email': 'nurdan.asikoglu@example.com', 'login': {'uuid': 'b2eed615-8b02-45fa-9bde-c5482ebf8b6e', 'username': 'tinyrabbit435', 'password': 'skidoo', 'salt': 'Rbjw9NvS', 'md5': 'b5751480b5465efa0acf90393e4f7aa8', 'sha1': 'd7a56256b9a9cd90d737c2d8feee1eec95aa8fd2', 'sha256': 'c729150dc20c8467f2398e8546126e94e41bf1caed43d80ab7f8e59a5a998a2b'}, 'dob': {'date': '1959-08-09T13:42:28.469Z', 'age': 64}, 'registered': {'date': '2012-05-16T17:49:46.682Z', 'age': 11}, 'phone': '(979)-574-9846', 'cell': '(001)-927-7236', 'id': {'name': '', 'value': None}, 'picture': {'large': 'https://randomuser.me/api/portraits/women/16.jpg', 'medium': 'https://randomuser.me/api/portraits/med/women/16.jpg', 'thumbnail': 'https://randomuser.me/api/portraits/thumb/women/16.jpg'}, 'nat': 'TR'}], 'info': {'seed': '08f17070fcb7c187', 'results': 1, 'page': 1, 'version': '1.4'}}</msg>
<arg>${json_data}</arg>
<doc>Logs the given message with the given level.</doc>
<status status="PASS" start="2024-04-28T11:11:02.588501" elapsed="0.000225"/>
</kw>
<kw name="Should Be String" owner="String">
<arg>${json_data['results'][0]['gender']}</arg>
<doc>Fails if the given ``item`` is not a string.</doc>
<status status="PASS" start="2024-04-28T11:11:02.589066" elapsed="0.000384"/>
</kw>
<kw name="Should Match Regexp" owner="BuiltIn">
<arg>${json_data['results'][0]['email']}</arg>
<arg>^[a-zA-Z0-9._%+-]+@[a-zA-Z0-9.-]+\.[a-zA-Z]{2,}$</arg>
<doc>Fails if ``string`` does not match ``pattern`` as a regular expression.</doc>
<status status="PASS" start="2024-04-28T11:11:02.589650" elapsed="0.000530"/>
</kw>
<kw name="Should Match Regexp" owner="BuiltIn">
<arg>${json_data['results'][0]['dob']['date']}</arg>
<arg>\\d{4}-\\d{2}-\\d{2}T\\d{2}:\\d{2}:\\d{2}\\.\\d{3}Z</arg>
<doc>Fails if ``string`` does not match ``pattern`` as a regular expression.</doc>
<status status="PASS" start="2024-04-28T11:11:02.590382" elapsed="0.000492"/>
</kw>
<kw name="Should Match Regexp" owner="BuiltIn">
<arg>${json_data['results'][0]['registered']['date']}</arg>
<arg>\\d{4}-\\d{2}-\\d{2}T\\d{2}:\\d{2}:\\d{2}\\.\\d{3}Z</arg>
<doc>Fails if ``string`` does not match ``pattern`` as a regular expression.</doc>
<status status="PASS" start="2024-04-28T11:11:02.591075" elapsed="0.000407"/>
</kw>
<kw name="Should Match Regexp" owner="BuiltIn">
<arg>${json_data['results'][0]['picture']['large']}</arg>
<arg>^https?://.*\.(?:png|jpe?g|gif|bmp)$</arg>
<doc>Fails if ``string`` does not match ``pattern`` as a regular expression.</doc>
<status status="PASS" start="2024-04-28T11:11:02.591675" elapsed="0.000482"/>
</kw>
<kw name="Should Match Regexp" owner="BuiltIn">
<arg>${json_data['results'][0]['picture']['medium']}</arg>
<arg>^https?://.*\.(?:png|jpe?g|gif|bmp)$</arg>
<doc>Fails if ``string`` does not match ``pattern`` as a regular expression.</doc>
<status status="PASS" start="2024-04-28T11:11:02.592357" elapsed="0.000355"/>
</kw>
<kw name="Should Match Regexp" owner="BuiltIn">
<arg>${json_data['results'][0]['picture']['thumbnail']}</arg>
<arg>^https?://.*\.(?:png|jpe?g|gif|bmp)$</arg>
<doc>Fails if ``string`` does not match ``pattern`` as a regular expression.</doc>
<status status="PASS" start="2024-04-28T11:11:02.592903" elapsed="0.000353"/>
</kw>
<kw name="Log" owner="BuiltIn">
<msg time="2024-04-28T11:11:02.593760" level="INFO">{'large': 'https://randomuser.me/api/portraits/women/16.jpg', 'medium': 'https://randomuser.me/api/portraits/med/women/16.jpg', 'thumbnail': 'https://randomuser.me/api/portraits/thumb/women/16.jpg'}</msg>
<arg>${json_data['results'][0]['picture']}</arg>
<doc>Logs the given message with the given level.</doc>
<status status="PASS" start="2024-04-28T11:11:02.593439" elapsed="0.000363"/>
</kw>
<status status="PASS" start="2024-04-28T11:11:02.493032" elapsed="0.101031"/>
</kw>
<kw name="Teste de Tipos de Dados - Postcode" owner="random-user-service">
<kw name="GET On Session" owner="RequestsLibrary">
<msg time="2024-04-28T11:11:02.686776" level="INFO">GET Request : url=https://randomuser.me/api 
 path_url=/api 
 headers={'User-Agent': 'python-requests/2.31.0', 'Accept-Encoding': 'gzip, deflate', 'Accept': '*/*', 'Connection': 'keep-alive'} 
 body=None 
 </msg>
<msg time="2024-04-28T11:11:02.686877" level="INFO">GET Response : url=https://randomuser.me/api 
 status=200, reason=OK 
 headers={'Date': 'Sun, 28 Apr 2024 11:11:02 GMT', 'Content-Type': 'application/json; charset=utf-8', 'Transfer-Encoding': 'chunked', 'Connection': 'keep-alive', 'X-Powered-By': 'Express', 'Access-Control-Allow-Origin': '*', 'Cache-Control': 'no-cache', 'ETag': 'W/"48d-jRe37349hviBSDOckDU9Py23Zwk"', 'Vary': 'Accept-Encoding', 'Content-Encoding': 'gzip', 'CF-Cache-Status': 'DYNAMIC', 'Report-To': '{"endpoints":[{"url":"https:\\/\\/a.nel.cloudflare.com\\/report\\/v4?s=fwBY65bL0BDVjCfkC%2FH3yqtq6SXczuRMJs85mVJWmpNmtlRUE6NobCJ3SFdJWqxcFrnFurA%2BwbDt3tD%2BtOf58Gv%2BmsF8u%2B4mktGGQnfFpyiyFfHdcwKfWNNGqDFR%2FlKd"}],"group":"cf-nel","max_age":604800}', 'NEL': '{"success_fraction":0,"report_to":"cf-nel","max_age":604800}', 'Server': 'cloudflare', 'CF-RAY': '87b69bf93adc2aaf-LAX', 'alt-svc': 'h3=":443"; ma=86400'} 
 body={"results":[{"gender":"male","name":{"title":"Mr","first":"Nikolas","last":"Kjøsnes"},"location":{"street":{"number":9896,"name":"Birger Olivers vei"},"city":"Alshus","state":"Oppland","country":"Norway","postcode":"3361","coordinates":{"latitude":"38.9547","longitude":"-12.5281"},"timezone":{"offset":"-6:00","description":"Central Time (US &amp; Canada), Mexico City"}},"email":"nikolas.kjosnes@example.com","login":{"uuid":"b63f108d-8fa1-4f14-998f-c75e300ad3b0","username":"orangezebra802","password":"mega","salt":"F0Og0fp1","md5":"91c6345d455bc08f9404f29d678b3e2c","sha1":"1b8c9681fa46764cf255d515224fab799b026bb2","sha256":"40adb7c12fa81851950b721022d6cb5b1eeb4994e8b6c54ed39bf59f91f0d4aa"},"dob":{"date":"1972-11-01T06:53:36.931Z","age":51},"registered":{"date":"2008-08-26T12:48:18.277Z","age":15},"phone":"30068270","cell":"91697574","id":{"name":"FN","value":"01117234955"},"picture":{"large":"https://randomuser.me/api/portraits/men/93.jpg","medium":"https://randomuser.me/api/portraits/med/men/93.jpg","thumbnail":"https://randomuser.me/api/portraits/thumb/men/93.jpg"},"nat":"NO"}],"info":{"seed":"248fe554b365d533","results":1,"page":1,"version":"1.4"}} 
 </msg>
<msg time="2024-04-28T11:11:02.686954" level="INFO">/opt/hostedtoolcache/Python/3.12.3/x64/lib/python3.12/site-packages/urllib3/connectionpool.py:1103: InsecureRequestWarning: Unverified HTTPS request is being made to host 'randomuser.me'. Adding certificate verification is strongly advised. See: https://urllib3.readthedocs.io/en/latest/advanced-usage.html#tls-warnings
  warnings.warn(</msg>
<msg time="2024-04-28T11:11:02.687078" level="INFO">${response} = &lt;Response [200]&gt;</msg>
<var>${response}</var>
<arg>consultarAPI</arg>
<arg>/api</arg>
<doc>Sends a GET request on a previously created HTTP Session.</doc>
<status status="PASS" start="2024-04-28T11:11:02.594540" elapsed="0.092581"/>
</kw>
<kw name="Set Variable" owner="BuiltIn">
<msg time="2024-04-28T11:11:02.688401" level="INFO">${json_data} = {'results': [{'gender': 'male', 'name': {'title': 'Mr', 'first': 'Nikolas', 'last': 'Kjøsnes'}, 'location': {'street': {'number': 9896, 'name': 'Birger Olivers vei'}, 'city': 'Alshus', 'state': 'Oppla...</msg>
<var>${json_data}</var>
<arg>${response.json()}</arg>
<doc>Returns the given values which can then be assigned to a variables.</doc>
<status status="PASS" start="2024-04-28T11:11:02.687813" elapsed="0.000619"/>
</kw>
<kw name="Log" owner="BuiltIn">
<msg time="2024-04-28T11:11:02.688992" level="INFO">{'results': [{'gender': 'male', 'name': {'title': 'Mr', 'first': 'Nikolas', 'last': 'Kjøsnes'}, 'location': {'street': {'number': 9896, 'name': 'Birger Olivers vei'}, 'city': 'Alshus', 'state': 'Oppland', 'country': 'Norway', 'postcode': '3361', 'coordinates': {'latitude': '38.9547', 'longitude': '-12.5281'}, 'timezone': {'offset': '-6:00', 'description': 'Central Time (US &amp; Canada), Mexico City'}}, 'email': 'nikolas.kjosnes@example.com', 'login': {'uuid': 'b63f108d-8fa1-4f14-998f-c75e300ad3b0', 'username': 'orangezebra802', 'password': 'mega', 'salt': 'F0Og0fp1', 'md5': '91c6345d455bc08f9404f29d678b3e2c', 'sha1': '1b8c9681fa46764cf255d515224fab799b026bb2', 'sha256': '40adb7c12fa81851950b721022d6cb5b1eeb4994e8b6c54ed39bf59f91f0d4aa'}, 'dob': {'date': '1972-11-01T06:53:36.931Z', 'age': 51}, 'registered': {'date': '2008-08-26T12:48:18.277Z', 'age': 15}, 'phone': '30068270', 'cell': '91697574', 'id': {'name': 'FN', 'value': '01117234955'}, 'picture': {'large': 'https://randomuser.me/api/portraits/men/93.jpg', 'medium': 'https://randomuser.me/api/portraits/med/men/93.jpg', 'thumbnail': 'https://randomuser.me/api/portraits/thumb/men/93.jpg'}, 'nat': 'NO'}], 'info': {'seed': '248fe554b365d533', 'results': 1, 'page': 1, 'version': '1.4'}}</msg>
<arg>${json_data}</arg>
<doc>Logs the given message with the given level.</doc>
<status status="PASS" start="2024-04-28T11:11:02.688812" elapsed="0.000234"/>
</kw>
<kw name="Should Be Equal As Numbers" owner="BuiltIn">
<arg>${json_data['results'][0]['location']['postcode']}</arg>
<arg>${json_data['results'][0]['location']['postcode']}</arg>
<doc>Fails if objects are unequal after converting them to real numbers.</doc>
<status status="PASS" start="2024-04-28T11:11:02.689374" elapsed="0.000876"/>
</kw>
<kw name="Log" owner="BuiltIn">
<msg time="2024-04-28T11:11:02.690807" level="INFO">3361</msg>
<arg>${json_data['results'][0]['location']['postcode']}</arg>
<doc>Logs the given message with the given level.</doc>
<status status="PASS" start="2024-04-28T11:11:02.690461" elapsed="0.000387"/>
</kw>
<status status="PASS" start="2024-04-28T11:11:02.594296" elapsed="0.096818"/>
</kw>
<doc>Testa se os tipos de dados na resposta da API estão corretos.</doc>
<tag>testeTiposDados</tag>
<status status="PASS" start="2024-04-28T11:11:02.492553" elapsed="0.198772"/>
</test>
<test id="s1-s1-t5" name="Validar conteudo" line="35">
<kw name="Teste de Tipos de Conteudo" owner="random-user-service">
<kw name="GET On Session" owner="RequestsLibrary">
<msg time="2024-04-28T11:11:02.804393" level="INFO">GET Request : url=https://randomuser.me/api 
 path_url=/api 
 headers={'User-Agent': 'python-requests/2.31.0', 'Accept-Encoding': 'gzip, deflate', 'Accept': '*/*', 'Connection': 'keep-alive'} 
 body=None 
 </msg>
<msg time="2024-04-28T11:11:02.804508" level="INFO">GET Response : url=https://randomuser.me/api 
 status=200, reason=OK 
 headers={'Date': 'Sun, 28 Apr 2024 11:11:02 GMT', 'Content-Type': 'application/json; charset=utf-8', 'Transfer-Encoding': 'chunked', 'Connection': 'keep-alive', 'X-Powered-By': 'Express', 'Access-Control-Allow-Origin': '*', 'Cache-Control': 'no-cache', 'ETag': 'W/"482-6cQMFCTMkXJpu/x9U7PTiYiW8Ks"', 'Vary': 'Accept-Encoding', 'Content-Encoding': 'gzip', 'CF-Cache-Status': 'DYNAMIC', 'Report-To': '{"endpoints":[{"url":"https:\\/\\/a.nel.cloudflare.com\\/report\\/v4?s=rHAaoOVzv%2FPhOAgybC21hl09COyEoH2yxnRGpmrf3paeqXQ6Js4%2Fm0RhHlygaENhTtA0O5ZmHifR87fHj2aWhzLWM%2BU6zm%2FAfn0KVtqfPzGshGFrA9gRJ2%2FKQatycM%2FO"}],"group":"cf-nel","max_age":604800}', 'NEL': '{"success_fraction":0,"report_to":"cf-nel","max_age":604800}', 'Server': 'cloudflare', 'CF-RAY': '87b69bf9db3c2aaf-LAX', 'alt-svc': 'h3=":443"; ma=86400'} 
 body={"results":[{"gender":"female","name":{"title":"Mrs","first":"Adah","last":"Kumari"},"location":{"street":{"number":9627,"name":"NAD X Rd"},"city":"Asansol","state":"Uttar Pradesh","country":"India","postcode":92663,"coordinates":{"latitude":"12.8157","longitude":"148.9892"},"timezone":{"offset":"+2:00","description":"Kaliningrad, South Africa"}},"email":"adah.kumari@example.com","login":{"uuid":"0768f91f-ea22-445e-96ae-1561970b566f","username":"whitebird405","password":"nnnnnn","salt":"Plkpw4Jy","md5":"504e11feacc87cad96a2ef1d94a8bf73","sha1":"34f88f363a052cb768a3639f0739417d03a266e3","sha256":"3cc3c48f20073299170c42bd155006c3c08ca036b3081076885d449f8141ed68"},"dob":{"date":"1966-07-12T08:04:46.734Z","age":57},"registered":{"date":"2004-03-27T09:44:24.059Z","age":20},"phone":"8073449346","cell":"9077660639","id":{"name":"UIDAI","value":"295057310789"},"picture":{"large":"https://randomuser.me/api/portraits/women/56.jpg","medium":"https://randomuser.me/api/portraits/med/women/56.jpg","thumbnail":"https://randomuser.me/api/portraits/thumb/women/56.jpg"},"nat":"IN"}],"info":{"seed":"ef695e8b658ac8bd","results":1,"page":1,"version":"1.4"}} 
 </msg>
<msg time="2024-04-28T11:11:02.804601" level="INFO">/opt/hostedtoolcache/Python/3.12.3/x64/lib/python3.12/site-packages/urllib3/connectionpool.py:1103: InsecureRequestWarning: Unverified HTTPS request is being made to host 'randomuser.me'. Adding certificate verification is strongly advised. See: https://urllib3.readthedocs.io/en/latest/advanced-usage.html#tls-warnings
  warnings.warn(</msg>
<msg time="2024-04-28T11:11:02.804743" level="INFO">${response} = &lt;Response [200]&gt;</msg>
<var>${response}</var>
<arg>consultarAPI</arg>
<arg>/api</arg>
<doc>Sends a GET request on a previously created HTTP Session.</doc>
<status status="PASS" start="2024-04-28T11:11:02.694693" elapsed="0.110096"/>
</kw>
<kw name="Set Variable" owner="BuiltIn">
<msg time="2024-04-28T11:11:02.805888" level="INFO">${json_data} = {'results': [{'gender': 'female', 'name': {'title': 'Mrs', 'first': 'Adah', 'last': 'Kumari'}, 'location': {'street': {'number': 9627, 'name': 'NAD X Rd'}, 'city': 'Asansol', 'state': 'Uttar Pradesh',...</msg>
<var>${json_data}</var>
<arg>${response.json()}</arg>
<doc>Returns the given values which can then be assigned to a variables.</doc>
<status status="PASS" start="2024-04-28T11:11:02.805346" elapsed="0.000572"/>
</kw>
<kw name="Set Variable" owner="BuiltIn">
<msg time="2024-04-28T11:11:02.806677" level="INFO">${name_title} = Mrs</msg>
<var>${name_title}</var>
<arg>${json_data["results"][0]["name"]["title"]}</arg>
<doc>Returns the given values which can then be assigned to a variables.</doc>
<status status="PASS" start="2024-04-28T11:11:02.806268" elapsed="0.000436"/>
</kw>
<kw name="Create List" owner="BuiltIn">
<msg time="2024-04-28T11:11:02.807177" level="INFO">${allowed_titles} = ['Mr', 'Ms', 'Miss', 'Mrs', 'Madame', 'Monsieur']</msg>
<var>${allowed_titles}</var>
<arg>Mr</arg>
<arg>Ms</arg>
<arg>Miss</arg>
<arg>Mrs</arg>
<arg>Madame</arg>
<arg>Monsieur</arg>
<doc>Returns a list containing given items.</doc>
<status status="PASS" start="2024-04-28T11:11:02.807022" elapsed="0.000180"/>
</kw>
<kw name="List Should Contain Value" owner="Collections">
<msg time="2024-04-28T11:11:02.807744" level="INFO">False</msg>
<arg>${allowed_titles}</arg>
<arg>${name_title}</arg>
<doc>Fails if the ``value`` is not found from ``list``.</doc>
<status status="PASS" start="2024-04-28T11:11:02.807561" elapsed="0.000221"/>
</kw>
<kw name="Set Variable" owner="BuiltIn">
<msg time="2024-04-28T11:11:02.808475" level="INFO">${name_country} = IN</msg>
<var>${name_country}</var>
<arg>${json_data["results"][0]["nat"]}</arg>
<doc>Returns the given values which can then be assigned to a variables.</doc>
<status status="PASS" start="2024-04-28T11:11:02.808078" elapsed="0.000423"/>
</kw>
<kw name="Create List" owner="BuiltIn">
<msg time="2024-04-28T11:11:02.809400" level="INFO">${list_country} = ['AD', 'AE', 'AF', 'AG', 'AI', 'AL', 'AM', 'AO', 'AQ', 'AR', 'AS', 'AT', 'AU', 'AW', 'AX', 'AZ', 'BA', 'BB', 'BD', 'BE', 'BF', 'BG', 'BH', 'BI', 'BJ', 'BL', 'BM', 'BN', 'BO', 'BQ', 'BR', 'BS', 'BT', '...</msg>
<var>${list_country}</var>
<arg>AD</arg>
<arg>AE</arg>
<arg>AF</arg>
<arg>AG</arg>
<arg>AI</arg>
<arg>AL</arg>
<arg>AM</arg>
<arg>AO</arg>
<arg>AQ</arg>
<arg>AR</arg>
<arg>AS</arg>
<arg>AT</arg>
<arg>AU</arg>
<arg>AW</arg>
<arg>AX</arg>
<arg>AZ</arg>
<arg>BA</arg>
<arg>BB</arg>
<arg>BD</arg>
<arg>BE</arg>
<arg>BF</arg>
<arg>BG</arg>
<arg>BH</arg>
<arg>BI</arg>
<arg>BJ</arg>
<arg>BL</arg>
<arg>BM</arg>
<arg>BN</arg>
<arg>BO</arg>
<arg>BQ</arg>
<arg>BR</arg>
<arg>BS</arg>
<arg>BT</arg>
<arg>BV</arg>
<arg>BW</arg>
<arg>BY</arg>
<arg>BZ</arg>
<arg>CA</arg>
<arg>CC</arg>
<arg>CD</arg>
<arg>CF</arg>
<arg>CG</arg>
<arg>CH</arg>
<arg>CI</arg>
<arg>CK</arg>
<arg>CL</arg>
<arg>CM</arg>
<arg>CN</arg>
<arg>CO</arg>
<arg>CR</arg>
<arg>CU</arg>
<arg>CV</arg>
<arg>CW</arg>
<arg>CX</arg>
<arg>CY</arg>
<arg>CZ</arg>
<arg>DE</arg>
<arg>DJ</arg>
<arg>DK</arg>
<arg>DM</arg>
<arg>DO</arg>
<arg>DZ</arg>
<arg>EC</arg>
<arg>EE</arg>
<arg>EG</arg>
<arg>EH</arg>
<arg>ER</arg>
<arg>ES</arg>
<arg>ET</arg>
<arg>FI</arg>
<arg>FJ</arg>
<arg>FK</arg>
<arg>FM</arg>
<arg>FO</arg>
<arg>FR</arg>
<arg>GA</arg>
<arg>GB</arg>
<arg>GD</arg>
<arg>GE</arg>
<arg>GF</arg>
<arg>GG</arg>
<arg>GH</arg>
<arg>GI</arg>
<arg>GL</arg>
<arg>GM</arg>
<arg>GN</arg>
<arg>GP</arg>
<arg>GQ</arg>
<arg>GR</arg>
<arg>GS</arg>
<arg>GT</arg>
<arg>GU</arg>
<arg>GW</arg>
<arg>GY</arg>
<arg>HK</arg>
<arg>HM</arg>
<arg>HN</arg>
<arg>HR</arg>
<arg>HT</arg>
<arg>HU</arg>
<arg>ID</arg>
<arg>IE</arg>
<arg>IL</arg>
<arg>IM</arg>
<arg>IN</arg>
<arg>IO</arg>
<arg>IQ</arg>
<arg>IR</arg>
<arg>IS</arg>
<arg>IT</arg>
<arg>JE</arg>
<arg>JM</arg>
<arg>JO</arg>
<arg>JP</arg>
<arg>KE</arg>
<arg>KG</arg>
<arg>KH</arg>
<arg>KI</arg>
<arg>KM</arg>
<arg>KN</arg>
<arg>KP</arg>
<arg>KR</arg>
<arg>KW</arg>
<arg>KY</arg>
<arg>KZ</arg>
<arg>LA</arg>
<arg>LB</arg>
<arg>LC</arg>
<arg>LI</arg>
<arg>LK</arg>
<arg>LR</arg>
<arg>LS</arg>
<arg>LT</arg>
<arg>LU</arg>
<arg>LV</arg>
<arg>LY</arg>
<arg>MA</arg>
<arg>MC</arg>
<arg>MD</arg>
<arg>ME</arg>
<arg>MF</arg>
<arg>MG</arg>
<arg>MH</arg>
<arg>MK</arg>
<arg>ML</arg>
<arg>MM</arg>
<arg>MN</arg>
<arg>MO</arg>
<arg>MP</arg>
<arg>MQ</arg>
<arg>MR</arg>
<arg>MS</arg>
<arg>MT</arg>
<arg>MU</arg>
<arg>MV</arg>
<arg>MW</arg>
<arg>MX</arg>
<arg>MY</arg>
<arg>MZ</arg>
<arg>NA</arg>
<arg>NC</arg>
<arg>NE</arg>
<arg>NF</arg>
<arg>NG</arg>
<arg>NI</arg>
<arg>NL</arg>
<arg>NO</arg>
<arg>NP</arg>
<arg>NR</arg>
<arg>NU</arg>
<arg>NZ</arg>
<arg>OM</arg>
<arg>PA</arg>
<arg>PE</arg>
<arg>PF</arg>
<arg>PG</arg>
<arg>PH</arg>
<arg>PK</arg>
<arg>PL</arg>
<arg>PM</arg>
<arg>PN</arg>
<arg>PR</arg>
<arg>PS</arg>
<arg>PT</arg>
<arg>PW</arg>
<arg>PY</arg>
<arg>QA</arg>
<arg>RE</arg>
<arg>RO</arg>
<arg>RS</arg>
<arg>RU</arg>
<arg>RW</arg>
<arg>SA</arg>
<arg>SB</arg>
<arg>SC</arg>
<arg>SD</arg>
<arg>SE</arg>
<arg>SG</arg>
<arg>SH</arg>
<arg>SI</arg>
<arg>SJ</arg>
<arg>SK</arg>
<arg>SL</arg>
<arg>SM</arg>
<arg>SN</arg>
<arg>SO</arg>
<arg>SR</arg>
<arg>SS</arg>
<arg>ST</arg>
<arg>SV</arg>
<arg>SX</arg>
<arg>SY</arg>
<arg>SZ</arg>
<arg>TC</arg>
<arg>TD</arg>
<arg>TF</arg>
<arg>TG</arg>
<arg>TH</arg>
<arg>TJ</arg>
<arg>TK</arg>
<arg>TL</arg>
<arg>TM</arg>
<arg>TN</arg>
<arg>TO</arg>
<arg>TR</arg>
<arg>TT</arg>
<arg>TV</arg>
<arg>TW</arg>
<arg>TZ</arg>
<arg>UA</arg>
<arg>UG</arg>
<arg>UM</arg>
<arg>US</arg>
<arg>UY</arg>
<arg>UZ</arg>
<arg>VA</arg>
<arg>VC</arg>
<arg>VE</arg>
<arg>VG</arg>
<arg>VI</arg>
<arg>VN</arg>
<arg>VU</arg>
<arg>WF</arg>
<arg>WS</arg>
<arg>XK</arg>
<arg>YE</arg>
<arg>YT</arg>
<arg>ZA</arg>
<arg>ZM</arg>
<arg>ZW</arg>
<doc>Returns a list containing given items.</doc>
<status status="PASS" start="2024-04-28T11:11:02.808811" elapsed="0.000615"/>
</kw>
<kw name="List Should Contain Value" owner="Collections">
<msg time="2024-04-28T11:11:02.810429" level="INFO">False</msg>
<arg>${list_country}</arg>
<arg>${name_country}</arg>
<doc>Fails if the ``value`` is not found from ``list``.</doc>
<status status="PASS" start="2024-04-28T11:11:02.810223" elapsed="0.000244"/>
</kw>
<kw name="Run Keyword If" owner="BuiltIn">
<kw name="Should Be True" owner="BuiltIn">
<arg>${True}</arg>
<doc>Fails if the given condition is not true.</doc>
<status status="PASS" start="2024-04-28T11:11:02.811588" elapsed="0.000147"/>
</kw>
<arg>${json_data["results"][0]["location"]["coordinates"]["latitude"]} &gt;= -90 and ${json_data["results"][0]["location"]["coordinates"]["latitude"]} &lt;= 90</arg>
<arg>Should Be True</arg>
<arg>${True}</arg>
<doc>Runs the given keyword with the given arguments, if ``condition`` is true.</doc>
<status status="PASS" start="2024-04-28T11:11:02.810783" elapsed="0.001081"/>
</kw>
<kw name="Run Keyword If" owner="BuiltIn">
<kw name="Should Be True" owner="BuiltIn">
<arg>${True}</arg>
<doc>Fails if the given condition is not true.</doc>
<status status="PASS" start="2024-04-28T11:11:02.812760" elapsed="0.000265"/>
</kw>
<arg>${json_data["results"][0]["location"]["coordinates"]["longitude"]} &gt;= -180 and ${json_data["results"][0]["location"]["coordinates"]["longitude"]} &lt;= 180</arg>
<arg>Should Be True</arg>
<arg>${True}</arg>
<doc>Runs the given keyword with the given arguments, if ``condition`` is true.</doc>
<status status="PASS" start="2024-04-28T11:11:02.812054" elapsed="0.001101"/>
</kw>
<status status="PASS" start="2024-04-28T11:11:02.694302" elapsed="0.118989"/>
</kw>
<doc>Testa o conteúdo específico dos campos retornados pela API.</doc>
<tag>testeConteudo</tag>
<status status="PASS" start="2024-04-28T11:11:02.693563" elapsed="0.119889"/>
</test>
<status status="PASS" start="2024-04-28T11:11:01.764097" elapsed="1.051370"/>
</suite>
<status status="PASS" start="2024-04-28T11:11:01.750512" elapsed="1.070145"/>
</suite>
<statistics>
<total>
<stat pass="5" fail="0" skip="0">All Tests</stat>
</total>
<tag>
<stat pass="1" fail="0" skip="0">testeConteudo</stat>
<stat pass="1" fail="0" skip="0">testeEstruturaResposta</stat>
<stat pass="1" fail="0" skip="0">testeRequisicaoBasica</stat>
<stat pass="1" fail="0" skip="0">testeTiposDados</stat>
</tag>
<suite>
<stat pass="5" fail="0" skip="0" id="s1" name="Tests">Tests</stat>
<stat pass="5" fail="0" skip="0" id="s1-s1" name="Random-User-Test">Tests.Random-User-Test</stat>
</suite>
</statistics>
<errors>
</errors>
</robot>
