<?xml version="1.0" encoding="UTF-8"?>
<robot generator="Robot 7.0.1 (Python 3.12.3 on linux)" generated="2024-06-19T12:28:59.635278" rpa="false" schemaversion="5">
<suite id="s1" name="Tests" source="/home/runner/work/ApiRandomUser/ApiRandomUser/RamdonUser/tests">
<suite id="s1-s1" name="Random-User-Test" source="/home/runner/work/ApiRandomUser/ApiRandomUser/RamdonUser/tests/random-user-test.robot">
<test id="s1-s1-t1" name="Conectar" line="13">
<kw name="Conectar API" owner="random-user-service">
<kw name="Create Session" owner="RequestsLibrary">
<msg time="2024-06-19T12:29:00.042878" level="INFO">Creating Session using : alias=consultarAPI, url=https://randomuser.me/, headers={},                     cookies={}, auth=None, timeout=None, proxies=None, verify=False,                     debug=0 </msg>
<arg>consultarAPI</arg>
<arg>${URL}</arg>
<doc>Create Session: create a HTTP session to a server</doc>
<status status="PASS" start="2024-06-19T12:29:00.042665" elapsed="0.000411"/>
</kw>
<status status="PASS" start="2024-06-19T12:29:00.041561" elapsed="0.001901"/>
</kw>
<status status="PASS" start="2024-06-19T12:29:00.040934" elapsed="0.002725"/>
</test>
<test id="s1-s1-t2" name="Validar retorno 200 e JSON Válido" line="16">
<kw name="Teste de Requisicao Basica" owner="random-user-service">
<kw name="GET On Session" owner="RequestsLibrary">
<msg time="2024-06-19T12:29:01.103605" level="INFO">GET Request : url=https://randomuser.me/api 
 path_url=/api 
 headers={'User-Agent': 'python-requests/2.32.3', 'Accept-Encoding': 'gzip, deflate', 'Accept': '*/*', 'Connection': 'keep-alive'} 
 body=None 
 </msg>
<msg time="2024-06-19T12:29:01.103761" level="INFO">GET Response : url=https://randomuser.me/api 
 status=200, reason=OK 
 headers={'Date': 'Wed, 19 Jun 2024 12:29:01 GMT', 'Content-Type': 'application/json; charset=utf-8', 'Transfer-Encoding': 'chunked', 'Connection': 'keep-alive', 'X-Powered-By': 'Express', 'Access-Control-Allow-Origin': '*', 'Cache-Control': 'no-cache', 'ETag': 'W/"495-dabhidzVzTrd/N0WQLg914N0gn8"', 'Vary': 'Accept-Encoding', 'Content-Encoding': 'gzip', 'CF-Cache-Status': 'DYNAMIC', 'Report-To': '{"endpoints":[{"url":"https:\\/\\/a.nel.cloudflare.com\\/report\\/v4?s=Hq5T77oZ%2Bzhv9%2BvjXlkNknXw23I202h85pgoiFhgS%2FYLs87Z%2B%2Bh3LU1EQZ6Rwy3fA3Q502uYrrRGOBkYZnF3LcKJCaFCUtpkRknhkLg2qJldV6b%2Bhy0vgbk4MZpp7E4Q"}],"group":"cf-nel","max_age":604800}', 'NEL': '{"success_fraction":0,"report_to":"cf-nel","max_age":604800}', 'Server': 'cloudflare', 'CF-RAY': '896385acaf2a7d6a-LAX', 'alt-svc': 'h3=":443"; ma=86400'} 
 body={"results":[{"gender":"male","name":{"title":"Mr","first":"Radoslav","last":"Pantić"},"location":{"street":{"number":8983,"name":"Ilije Čalića"},"city":"Štrpce","state":"Toplica","country":"Serbia","postcode":98112,"coordinates":{"latitude":"61.7843","longitude":"-21.2630"},"timezone":{"offset":"0:00","description":"Western Europe Time, London, Lisbon, Casablanca"}},"email":"radoslav.pantic@example.com","login":{"uuid":"a87e4bef-1172-40d2-a002-3dfb7196ff01","username":"angrydog296","password":"369369","salt":"ggDia2l3","md5":"6f30b1371c58efadf925e78114626449","sha1":"7361ddcc9247f341660b28f69ab41805394f26f0","sha256":"6c287daef7b88ade98e9965122ae5fc439a39fdb294f6ab144d51c0ac0274ca6"},"dob":{"date":"1994-04-14T05:47:34.268Z","age":30},"registered":{"date":"2021-04-03T01:22:43.187Z","age":3},"phone":"020-5499-000","cell":"069-6119-823","id":{"name":"SID","value":"799857752"},"picture":{"large":"https://randomuser.me/api/portraits/men/68.jpg","medium":"https://randomuser.me/api/portraits/med/men/68.jpg","thumbnail":"https://randomuser.me/api/portraits/thumb/men/68.jpg"},"nat":"RS"}],"info":{"seed":"2217d729b56e0011","results":1,"page":1,"version":"1.4"}} 
 </msg>
<msg time="2024-06-19T12:29:01.103848" level="INFO">/opt/hostedtoolcache/Python/3.12.3/x64/lib/python3.12/site-packages/urllib3/connectionpool.py:1099: InsecureRequestWarning: Unverified HTTPS request is being made to host 'randomuser.me'. Adding certificate verification is strongly advised. See: https://urllib3.readthedocs.io/en/latest/advanced-usage.html#tls-warnings
  warnings.warn(</msg>
<msg time="2024-06-19T12:29:01.104010" level="INFO">${response} = &lt;Response [200]&gt;</msg>
<var>${response}</var>
<arg>consultarAPI</arg>
<arg>/api</arg>
<doc>Sends a GET request on a previously created HTTP Session.</doc>
<status status="PASS" start="2024-06-19T12:29:00.046357" elapsed="1.057717"/>
</kw>
<kw name="Should Be Equal As Numbers" owner="BuiltIn">
<msg time="2024-06-19T12:29:01.105070" level="INFO">Argument types are:
&lt;class 'int'&gt;
&lt;class 'str'&gt;</msg>
<arg>${response.status_code}</arg>
<arg>200</arg>
<doc>Fails if objects are unequal after converting them to real numbers.</doc>
<status status="PASS" start="2024-06-19T12:29:01.104617" elapsed="0.000517"/>
</kw>
<kw name="Log" owner="BuiltIn">
<msg time="2024-06-19T12:29:01.105816" level="INFO">200</msg>
<arg>${response.status_code}</arg>
<doc>Logs the given message with the given level.</doc>
<status status="PASS" start="2024-06-19T12:29:01.105470" elapsed="0.000387"/>
</kw>
<kw name="Set Variable" owner="BuiltIn">
<msg time="2024-06-19T12:29:01.106652" level="INFO">${json_data} = {'results': [{'gender': 'male', 'name': {'title': 'Mr', 'first': 'Radoslav', 'last': 'Pantić'}, 'location': {'street': {'number': 8983, 'name': 'Ilije Čalića'}, 'city': 'Štrpce', 'state': 'Toplica', '...</msg>
<var>${json_data}</var>
<arg>${response.json()}</arg>
<doc>Returns the given values which can then be assigned to a variables.</doc>
<status status="PASS" start="2024-06-19T12:29:01.106162" elapsed="0.000522"/>
</kw>
<kw name="Dictionary Should Contain Key" owner="Collections">
<arg>${json_data}</arg>
<arg>results</arg>
<doc>Fails if ``key`` is not found from ``dictionary``.</doc>
<status status="PASS" start="2024-06-19T12:29:01.106986" elapsed="0.000170"/>
</kw>
<status status="PASS" start="2024-06-19T12:29:00.046106" elapsed="1.061203"/>
</kw>
<doc>Testa se a API responde corretamente e retorna um objeto JSON válido.</doc>
<tag>testeRequisicaoBasica</tag>
<status status="PASS" start="2024-06-19T12:29:00.045572" elapsed="1.061916"/>
</test>
<test id="s1-s1-t3" name="Validar estrutura de resposta" line="22">
<kw name="Teste de Estrutura de Resposta" owner="random-user-service">
<kw name="GET On Session" owner="RequestsLibrary">
<msg time="2024-06-19T12:29:02.296170" level="INFO">GET Request : url=https://randomuser.me/api 
 path_url=/api 
 headers={'User-Agent': 'python-requests/2.32.3', 'Accept-Encoding': 'gzip, deflate', 'Accept': '*/*', 'Connection': 'keep-alive'} 
 body=None 
 </msg>
<msg time="2024-06-19T12:29:02.296284" level="INFO">GET Response : url=https://randomuser.me/api 
 status=200, reason=OK 
 headers={'Date': 'Wed, 19 Jun 2024 12:29:02 GMT', 'Content-Type': 'application/json; charset=utf-8', 'Transfer-Encoding': 'chunked', 'Connection': 'keep-alive', 'X-Powered-By': 'Express', 'Access-Control-Allow-Origin': '*', 'Cache-Control': 'no-cache', 'ETag': 'W/"48d-LraHQ8CajMsBmjRyelCXv0anel0"', 'Vary': 'Accept-Encoding', 'Content-Encoding': 'gzip', 'CF-Cache-Status': 'DYNAMIC', 'Report-To': '{"endpoints":[{"url":"https:\\/\\/a.nel.cloudflare.com\\/report\\/v4?s=myD5YN%2Bc4Ym%2FF9%2Bfem7pMtWiGS3LKJH0F9KghbDKDRF2Qrr72Qrl%2Bfi9bB0Xb6veUttRIyVQ4nBCbnJbt2oArjEEu%2FEbLPgVMsWEMnZ9U5qiFiO%2BmcqBjzoLKuox4O19"}],"group":"cf-nel","max_age":604800}', 'NEL': '{"success_fraction":0,"report_to":"cf-nel","max_age":604800}', 'Server': 'cloudflare', 'CF-RAY': '896385b1fb4f7d6a-LAX', 'alt-svc': 'h3=":443"; ma=86400'} 
 body={"results":[{"gender":"female","name":{"title":"Ms","first":"Siiri","last":"Neva"},"location":{"street":{"number":192,"name":"Hämeentie"},"city":"Sastamala","state":"North Karelia","country":"Finland","postcode":49473,"coordinates":{"latitude":"-29.2283","longitude":"50.4641"},"timezone":{"offset":"-8:00","description":"Pacific Time (US &amp; Canada)"}},"email":"siiri.neva@example.com","login":{"uuid":"e9c204c5-76ff-4ed8-a1d0-70f7b98988cd","username":"angrykoala144","password":"sunset","salt":"x8941GAd","md5":"aa371ecd3a7d0d7b97e04f9b9afecc1c","sha1":"54e9e591582c1a0b478df806aa3a71892eb6873c","sha256":"688b18fd81ee9051401b502fc948353d94289ea13a5a1e871432d1b3138431fe"},"dob":{"date":"1998-12-06T16:26:59.642Z","age":25},"registered":{"date":"2011-05-04T08:53:01.122Z","age":13},"phone":"06-555-578","cell":"045-961-49-14","id":{"name":"HETU","value":"NaNNA942undefined"},"picture":{"large":"https://randomuser.me/api/portraits/women/67.jpg","medium":"https://randomuser.me/api/portraits/med/women/67.jpg","thumbnail":"https://randomuser.me/api/portraits/thumb/women/67.jpg"},"nat":"FI"}],"info":{"seed":"827ef0000191659f","results":1,"page":1,"version":"1.4"}} 
 </msg>
<msg time="2024-06-19T12:29:02.296451" level="INFO">/opt/hostedtoolcache/Python/3.12.3/x64/lib/python3.12/site-packages/urllib3/connectionpool.py:1099: InsecureRequestWarning: Unverified HTTPS request is being made to host 'randomuser.me'. Adding certificate verification is strongly advised. See: https://urllib3.readthedocs.io/en/latest/advanced-usage.html#tls-warnings
  warnings.warn(</msg>
<msg time="2024-06-19T12:29:02.296582" level="INFO">${response} = &lt;Response [200]&gt;</msg>
<var>${response}</var>
<arg>consultarAPI</arg>
<arg>/api</arg>
<doc>Sends a GET request on a previously created HTTP Session.</doc>
<status status="PASS" start="2024-06-19T12:29:01.110415" elapsed="1.186207"/>
</kw>
<kw name="Set Variable" owner="BuiltIn">
<msg time="2024-06-19T12:29:02.297820" level="INFO">${json_data} = {'results': [{'gender': 'female', 'name': {'title': 'Ms', 'first': 'Siiri', 'last': 'Neva'}, 'location': {'street': {'number': 192, 'name': 'Hämeentie'}, 'city': 'Sastamala', 'state': 'North Karelia',...</msg>
<var>${json_data}</var>
<arg>${response.json()}</arg>
<doc>Returns the given values which can then be assigned to a variables.</doc>
<status status="PASS" start="2024-06-19T12:29:02.297244" elapsed="0.000606"/>
</kw>
<kw name="Log" owner="BuiltIn">
<msg time="2024-06-19T12:29:02.298332" level="INFO">{'results': [{'gender': 'female', 'name': {'title': 'Ms', 'first': 'Siiri', 'last': 'Neva'}, 'location': {'street': {'number': 192, 'name': 'Hämeentie'}, 'city': 'Sastamala', 'state': 'North Karelia', 'country': 'Finland', 'postcode': 49473, 'coordinates': {'latitude': '-29.2283', 'longitude': '50.4641'}, 'timezone': {'offset': '-8:00', 'description': 'Pacific Time (US &amp; Canada)'}}, 'email': 'siiri.neva@example.com', 'login': {'uuid': 'e9c204c5-76ff-4ed8-a1d0-70f7b98988cd', 'username': 'angrykoala144', 'password': 'sunset', 'salt': 'x8941GAd', 'md5': 'aa371ecd3a7d0d7b97e04f9b9afecc1c', 'sha1': '54e9e591582c1a0b478df806aa3a71892eb6873c', 'sha256': '688b18fd81ee9051401b502fc948353d94289ea13a5a1e871432d1b3138431fe'}, 'dob': {'date': '1998-12-06T16:26:59.642Z', 'age': 25}, 'registered': {'date': '2011-05-04T08:53:01.122Z', 'age': 13}, 'phone': '06-555-578', 'cell': '045-961-49-14', 'id': {'name': 'HETU', 'value': 'NaNNA942undefined'}, 'picture': {'large': 'https://randomuser.me/api/portraits/women/67.jpg', 'medium': 'https://randomuser.me/api/portraits/med/women/67.jpg', 'thumbnail': 'https://randomuser.me/api/portraits/thumb/women/67.jpg'}, 'nat': 'FI'}], 'info': {'seed': '827ef0000191659f', 'results': 1, 'page': 1, 'version': '1.4'}}</msg>
<arg>${json_data}</arg>
<doc>Logs the given message with the given level.</doc>
<status status="PASS" start="2024-06-19T12:29:02.298169" elapsed="0.000214"/>
</kw>
<kw name="Dictionary Should Contain Key" owner="Collections">
<arg>${json_data}</arg>
<arg>results</arg>
<doc>Fails if ``key`` is not found from ``dictionary``.</doc>
<status status="PASS" start="2024-06-19T12:29:02.298755" elapsed="0.000161"/>
</kw>
<kw name="Should Not Be Empty" owner="BuiltIn">
<msg time="2024-06-19T12:29:02.299221" level="INFO">Length is 2.</msg>
<arg>${json_data}</arg>
<doc>Verifies that the given item is not empty.</doc>
<status status="PASS" start="2024-06-19T12:29:02.299099" elapsed="0.000159"/>
</kw>
<kw name="Create List" owner="BuiltIn">
<msg time="2024-06-19T12:29:02.299695" level="INFO">${expected_keys} = ['gender', 'name', 'location', 'email', 'login']</msg>
<var>${expected_keys}</var>
<arg>gender</arg>
<arg>name</arg>
<arg>location</arg>
<arg>email</arg>
<arg>login</arg>
<doc>Returns a list containing given items.</doc>
<status status="PASS" start="2024-06-19T12:29:02.299547" elapsed="0.000173"/>
</kw>
<for flavor="IN">
<iter>
<kw name="Dictionary Should Contain Key" owner="Collections">
<arg>${json_data['results'][0]}</arg>
<arg>${key}</arg>
<doc>Fails if ``key`` is not found from ``dictionary``.</doc>
<status status="PASS" start="2024-06-19T12:29:02.300327" elapsed="0.000419"/>
</kw>
<kw name="Log" owner="BuiltIn">
<msg time="2024-06-19T12:29:02.301308" level="INFO">{'gender': 'female', 'name': {'title': 'Ms', 'first': 'Siiri', 'last': 'Neva'}, 'location': {'street': {'number': 192, 'name': 'Hämeentie'}, 'city': 'Sastamala', 'state': 'North Karelia', 'country': 'Finland', 'postcode': 49473, 'coordinates': {'latitude': '-29.2283', 'longitude': '50.4641'}, 'timezone': {'offset': '-8:00', 'description': 'Pacific Time (US &amp; Canada)'}}, 'email': 'siiri.neva@example.com', 'login': {'uuid': 'e9c204c5-76ff-4ed8-a1d0-70f7b98988cd', 'username': 'angrykoala144', 'password': 'sunset', 'salt': 'x8941GAd', 'md5': 'aa371ecd3a7d0d7b97e04f9b9afecc1c', 'sha1': '54e9e591582c1a0b478df806aa3a71892eb6873c', 'sha256': '688b18fd81ee9051401b502fc948353d94289ea13a5a1e871432d1b3138431fe'}, 'dob': {'date': '1998-12-06T16:26:59.642Z', 'age': 25}, 'registered': {'date': '2011-05-04T08:53:01.122Z', 'age': 13}, 'phone': '06-555-578', 'cell': '045-961-49-14', 'id': {'name': 'HETU', 'value': 'NaNNA942undefined'}, 'picture': {'large': 'https://randomuser.me/api/portraits/women/67.jpg', 'medium': 'https://randomuser.me/api/portraits/med/women/67.jpg', 'thumbnail': 'https://randomuser.me/api/portraits/thumb/women/67.jpg'}, 'nat': 'FI'}</msg>
<arg>${json_data['results'][0]}</arg>
<doc>Logs the given message with the given level.</doc>
<status status="PASS" start="2024-06-19T12:29:02.300941" elapsed="0.000421"/>
</kw>
<kw name="Log" owner="BuiltIn">
<msg time="2024-06-19T12:29:02.301793" level="INFO">gender</msg>
<arg>${key}</arg>
<doc>Logs the given message with the given level.</doc>
<status status="PASS" start="2024-06-19T12:29:02.301664" elapsed="0.000167"/>
</kw>
<var name="${key}">gender</var>
<status status="PASS" start="2024-06-19T12:29:02.300189" elapsed="0.001864"/>
</iter>
<iter>
<kw name="Dictionary Should Contain Key" owner="Collections">
<arg>${json_data['results'][0]}</arg>
<arg>${key}</arg>
<doc>Fails if ``key`` is not found from ``dictionary``.</doc>
<status status="PASS" start="2024-06-19T12:29:02.302361" elapsed="0.000418"/>
</kw>
<kw name="Log" owner="BuiltIn">
<msg time="2024-06-19T12:29:02.303326" level="INFO">{'gender': 'female', 'name': {'title': 'Ms', 'first': 'Siiri', 'last': 'Neva'}, 'location': {'street': {'number': 192, 'name': 'Hämeentie'}, 'city': 'Sastamala', 'state': 'North Karelia', 'country': 'Finland', 'postcode': 49473, 'coordinates': {'latitude': '-29.2283', 'longitude': '50.4641'}, 'timezone': {'offset': '-8:00', 'description': 'Pacific Time (US &amp; Canada)'}}, 'email': 'siiri.neva@example.com', 'login': {'uuid': 'e9c204c5-76ff-4ed8-a1d0-70f7b98988cd', 'username': 'angrykoala144', 'password': 'sunset', 'salt': 'x8941GAd', 'md5': 'aa371ecd3a7d0d7b97e04f9b9afecc1c', 'sha1': '54e9e591582c1a0b478df806aa3a71892eb6873c', 'sha256': '688b18fd81ee9051401b502fc948353d94289ea13a5a1e871432d1b3138431fe'}, 'dob': {'date': '1998-12-06T16:26:59.642Z', 'age': 25}, 'registered': {'date': '2011-05-04T08:53:01.122Z', 'age': 13}, 'phone': '06-555-578', 'cell': '045-961-49-14', 'id': {'name': 'HETU', 'value': 'NaNNA942undefined'}, 'picture': {'large': 'https://randomuser.me/api/portraits/women/67.jpg', 'medium': 'https://randomuser.me/api/portraits/med/women/67.jpg', 'thumbnail': 'https://randomuser.me/api/portraits/thumb/women/67.jpg'}, 'nat': 'FI'}</msg>
<arg>${json_data['results'][0]}</arg>
<doc>Logs the given message with the given level.</doc>
<status status="PASS" start="2024-06-19T12:29:02.302978" elapsed="0.000444"/>
</kw>
<kw name="Log" owner="BuiltIn">
<msg time="2024-06-19T12:29:02.303859" level="INFO">name</msg>
<arg>${key}</arg>
<doc>Logs the given message with the given level.</doc>
<status status="PASS" start="2024-06-19T12:29:02.303730" elapsed="0.000167"/>
</kw>
<var name="${key}">name</var>
<status status="PASS" start="2024-06-19T12:29:02.302245" elapsed="0.001876"/>
</iter>
<iter>
<kw name="Dictionary Should Contain Key" owner="Collections">
<arg>${json_data['results'][0]}</arg>
<arg>${key}</arg>
<doc>Fails if ``key`` is not found from ``dictionary``.</doc>
<status status="PASS" start="2024-06-19T12:29:02.304410" elapsed="0.000381"/>
</kw>
<kw name="Log" owner="BuiltIn">
<msg time="2024-06-19T12:29:02.305335" level="INFO">{'gender': 'female', 'name': {'title': 'Ms', 'first': 'Siiri', 'last': 'Neva'}, 'location': {'street': {'number': 192, 'name': 'Hämeentie'}, 'city': 'Sastamala', 'state': 'North Karelia', 'country': 'Finland', 'postcode': 49473, 'coordinates': {'latitude': '-29.2283', 'longitude': '50.4641'}, 'timezone': {'offset': '-8:00', 'description': 'Pacific Time (US &amp; Canada)'}}, 'email': 'siiri.neva@example.com', 'login': {'uuid': 'e9c204c5-76ff-4ed8-a1d0-70f7b98988cd', 'username': 'angrykoala144', 'password': 'sunset', 'salt': 'x8941GAd', 'md5': 'aa371ecd3a7d0d7b97e04f9b9afecc1c', 'sha1': '54e9e591582c1a0b478df806aa3a71892eb6873c', 'sha256': '688b18fd81ee9051401b502fc948353d94289ea13a5a1e871432d1b3138431fe'}, 'dob': {'date': '1998-12-06T16:26:59.642Z', 'age': 25}, 'registered': {'date': '2011-05-04T08:53:01.122Z', 'age': 13}, 'phone': '06-555-578', 'cell': '045-961-49-14', 'id': {'name': 'HETU', 'value': 'NaNNA942undefined'}, 'picture': {'large': 'https://randomuser.me/api/portraits/women/67.jpg', 'medium': 'https://randomuser.me/api/portraits/med/women/67.jpg', 'thumbnail': 'https://randomuser.me/api/portraits/thumb/women/67.jpg'}, 'nat': 'FI'}</msg>
<arg>${json_data['results'][0]}</arg>
<doc>Logs the given message with the given level.</doc>
<status status="PASS" start="2024-06-19T12:29:02.304988" elapsed="0.000397"/>
</kw>
<kw name="Log" owner="BuiltIn">
<msg time="2024-06-19T12:29:02.305813" level="INFO">location</msg>
<arg>${key}</arg>
<doc>Logs the given message with the given level.</doc>
<status status="PASS" start="2024-06-19T12:29:02.305687" elapsed="0.000162"/>
</kw>
<var name="${key}">location</var>
<status status="PASS" start="2024-06-19T12:29:02.304301" elapsed="0.001767"/>
</iter>
<iter>
<kw name="Dictionary Should Contain Key" owner="Collections">
<arg>${json_data['results'][0]}</arg>
<arg>${key}</arg>
<doc>Fails if ``key`` is not found from ``dictionary``.</doc>
<status status="PASS" start="2024-06-19T12:29:02.306342" elapsed="0.000429"/>
</kw>
<kw name="Log" owner="BuiltIn">
<msg time="2024-06-19T12:29:02.307319" level="INFO">{'gender': 'female', 'name': {'title': 'Ms', 'first': 'Siiri', 'last': 'Neva'}, 'location': {'street': {'number': 192, 'name': 'Hämeentie'}, 'city': 'Sastamala', 'state': 'North Karelia', 'country': 'Finland', 'postcode': 49473, 'coordinates': {'latitude': '-29.2283', 'longitude': '50.4641'}, 'timezone': {'offset': '-8:00', 'description': 'Pacific Time (US &amp; Canada)'}}, 'email': 'siiri.neva@example.com', 'login': {'uuid': 'e9c204c5-76ff-4ed8-a1d0-70f7b98988cd', 'username': 'angrykoala144', 'password': 'sunset', 'salt': 'x8941GAd', 'md5': 'aa371ecd3a7d0d7b97e04f9b9afecc1c', 'sha1': '54e9e591582c1a0b478df806aa3a71892eb6873c', 'sha256': '688b18fd81ee9051401b502fc948353d94289ea13a5a1e871432d1b3138431fe'}, 'dob': {'date': '1998-12-06T16:26:59.642Z', 'age': 25}, 'registered': {'date': '2011-05-04T08:53:01.122Z', 'age': 13}, 'phone': '06-555-578', 'cell': '045-961-49-14', 'id': {'name': 'HETU', 'value': 'NaNNA942undefined'}, 'picture': {'large': 'https://randomuser.me/api/portraits/women/67.jpg', 'medium': 'https://randomuser.me/api/portraits/med/women/67.jpg', 'thumbnail': 'https://randomuser.me/api/portraits/thumb/women/67.jpg'}, 'nat': 'FI'}</msg>
<arg>${json_data['results'][0]}</arg>
<doc>Logs the given message with the given level.</doc>
<status status="PASS" start="2024-06-19T12:29:02.306956" elapsed="0.000423"/>
</kw>
<kw name="Log" owner="BuiltIn">
<msg time="2024-06-19T12:29:02.307806" level="INFO">email</msg>
<arg>${key}</arg>
<doc>Logs the given message with the given level.</doc>
<status status="PASS" start="2024-06-19T12:29:02.307680" elapsed="0.000163"/>
</kw>
<var name="${key}">email</var>
<status status="PASS" start="2024-06-19T12:29:02.306237" elapsed="0.001821"/>
</iter>
<iter>
<kw name="Dictionary Should Contain Key" owner="Collections">
<arg>${json_data['results'][0]}</arg>
<arg>${key}</arg>
<doc>Fails if ``key`` is not found from ``dictionary``.</doc>
<status status="PASS" start="2024-06-19T12:29:02.308333" elapsed="0.000376"/>
</kw>
<kw name="Log" owner="BuiltIn">
<msg time="2024-06-19T12:29:02.309253" level="INFO">{'gender': 'female', 'name': {'title': 'Ms', 'first': 'Siiri', 'last': 'Neva'}, 'location': {'street': {'number': 192, 'name': 'Hämeentie'}, 'city': 'Sastamala', 'state': 'North Karelia', 'country': 'Finland', 'postcode': 49473, 'coordinates': {'latitude': '-29.2283', 'longitude': '50.4641'}, 'timezone': {'offset': '-8:00', 'description': 'Pacific Time (US &amp; Canada)'}}, 'email': 'siiri.neva@example.com', 'login': {'uuid': 'e9c204c5-76ff-4ed8-a1d0-70f7b98988cd', 'username': 'angrykoala144', 'password': 'sunset', 'salt': 'x8941GAd', 'md5': 'aa371ecd3a7d0d7b97e04f9b9afecc1c', 'sha1': '54e9e591582c1a0b478df806aa3a71892eb6873c', 'sha256': '688b18fd81ee9051401b502fc948353d94289ea13a5a1e871432d1b3138431fe'}, 'dob': {'date': '1998-12-06T16:26:59.642Z', 'age': 25}, 'registered': {'date': '2011-05-04T08:53:01.122Z', 'age': 13}, 'phone': '06-555-578', 'cell': '045-961-49-14', 'id': {'name': 'HETU', 'value': 'NaNNA942undefined'}, 'picture': {'large': 'https://randomuser.me/api/portraits/women/67.jpg', 'medium': 'https://randomuser.me/api/portraits/med/women/67.jpg', 'thumbnail': 'https://randomuser.me/api/portraits/thumb/women/67.jpg'}, 'nat': 'FI'}</msg>
<arg>${json_data['results'][0]}</arg>
<doc>Logs the given message with the given level.</doc>
<status status="PASS" start="2024-06-19T12:29:02.308892" elapsed="0.000413"/>
</kw>
<kw name="Log" owner="BuiltIn">
<msg time="2024-06-19T12:29:02.309860" level="INFO">login</msg>
<arg>${key}</arg>
<doc>Logs the given message with the given level.</doc>
<status status="PASS" start="2024-06-19T12:29:02.309604" elapsed="0.000293"/>
</kw>
<var name="${key}">login</var>
<status status="PASS" start="2024-06-19T12:29:02.308226" elapsed="0.001892"/>
</iter>
<var>${key}</var>
<value>@{expected_keys}</value>
<status status="PASS" start="2024-06-19T12:29:02.299992" elapsed="0.010247"/>
</for>
<kw name="Create List" owner="BuiltIn">
<msg time="2024-06-19T12:29:02.310598" level="INFO">${expected_keysTwo} = ['username', 'password']</msg>
<var>${expected_keysTwo}</var>
<arg>username</arg>
<arg>password</arg>
<doc>Returns a list containing given items.</doc>
<status status="PASS" start="2024-06-19T12:29:02.310433" elapsed="0.000219"/>
</kw>
<for flavor="IN">
<iter>
<kw name="Dictionary Should Contain Key" owner="Collections">
<arg>${json_data['results'][0]['login']}</arg>
<arg>${keyTwo}</arg>
<doc>Fails if ``key`` is not found from ``dictionary``.</doc>
<status status="PASS" start="2024-06-19T12:29:02.311166" elapsed="0.000381"/>
</kw>
<kw name="Dictionary Should Contain Key" owner="Collections">
<arg>${json_data['results'][0]['login']}</arg>
<arg>${keyTwo}</arg>
<doc>Fails if ``key`` is not found from ``dictionary``.</doc>
<status status="PASS" start="2024-06-19T12:29:02.311725" elapsed="0.000374"/>
</kw>
<kw name="Log" owner="BuiltIn">
<msg time="2024-06-19T12:29:02.312395" level="INFO">username</msg>
<arg>${keyTwo}</arg>
<doc>Logs the given message with the given level.</doc>
<status status="PASS" start="2024-06-19T12:29:02.312277" elapsed="0.000154"/>
</kw>
<var name="${keyTwo}">username</var>
<status status="PASS" start="2024-06-19T12:29:02.311059" elapsed="0.001595"/>
</iter>
<iter>
<kw name="Dictionary Should Contain Key" owner="Collections">
<arg>${json_data['results'][0]['login']}</arg>
<arg>${keyTwo}</arg>
<doc>Fails if ``key`` is not found from ``dictionary``.</doc>
<status status="PASS" start="2024-06-19T12:29:02.312929" elapsed="0.000371"/>
</kw>
<kw name="Dictionary Should Contain Key" owner="Collections">
<arg>${json_data['results'][0]['login']}</arg>
<arg>${keyTwo}</arg>
<doc>Fails if ``key`` is not found from ``dictionary``.</doc>
<status status="PASS" start="2024-06-19T12:29:02.313479" elapsed="0.000360"/>
</kw>
<kw name="Log" owner="BuiltIn">
<msg time="2024-06-19T12:29:02.314132" level="INFO">password</msg>
<arg>${keyTwo}</arg>
<doc>Logs the given message with the given level.</doc>
<status status="PASS" start="2024-06-19T12:29:02.314014" elapsed="0.000154"/>
</kw>
<var name="${keyTwo}">password</var>
<status status="PASS" start="2024-06-19T12:29:02.312823" elapsed="0.001565"/>
</iter>
<var>${keyTwo}</var>
<value>@{expected_keysTwo}</value>
<status status="PASS" start="2024-06-19T12:29:02.310905" elapsed="0.003654"/>
</for>
<status status="PASS" start="2024-06-19T12:29:01.110174" elapsed="1.204532"/>
</kw>
<doc>Testa a estrutura da resposta da API.</doc>
<tag>testeEstruturaResposta</tag>
<status status="PASS" start="2024-06-19T12:29:01.109410" elapsed="1.205459"/>
</test>
<test id="s1-s1-t4" name="Validar tipos de dados" line="28">
<kw name="Teste de Tipos de Dados" owner="random-user-service">
<kw name="GET On Session" owner="RequestsLibrary">
<msg time="2024-06-19T12:29:07.644653" level="INFO">GET Request : url=https://randomuser.me/api 
 path_url=/api 
 headers={'User-Agent': 'python-requests/2.32.3', 'Accept-Encoding': 'gzip, deflate', 'Accept': '*/*', 'Connection': 'keep-alive'} 
 body=None 
 </msg>
<msg time="2024-06-19T12:29:07.644747" level="INFO">GET Response : url=https://randomuser.me/api 
 status=200, reason=OK 
 headers={'Date': 'Wed, 19 Jun 2024 12:29:07 GMT', 'Content-Type': 'application/json; charset=utf-8', 'Transfer-Encoding': 'chunked', 'Connection': 'keep-alive', 'X-Powered-By': 'Express', 'Access-Control-Allow-Origin': '*', 'Cache-Control': 'no-cache', 'ETag': 'W/"48e-cDkSLYehullepRkelAll7iaDowk"', 'Vary': 'Accept-Encoding', 'Content-Encoding': 'gzip', 'CF-Cache-Status': 'DYNAMIC', 'Report-To': '{"endpoints":[{"url":"https:\\/\\/a.nel.cloudflare.com\\/report\\/v4?s=Y8q7yjU5N4V2VQOs7BMiESVzUTBtb4O0xLUXRvXe2tjNilV6zeKFJ6C7JEZvCeXeJYFVrURCntJKOyWeSvM25g4E1ohM4mux22SAmvJEjt%2F0Je1J0WHMUbXEQIpoVMup"}],"group":"cf-nel","max_age":604800}', 'NEL': '{"success_fraction":0,"report_to":"cf-nel","max_age":604800}', 'Server': 'cloudflare', 'CF-RAY': '896385b988e07d6a-LAX', 'alt-svc': 'h3=":443"; ma=86400'} 
 body={"results":[{"gender":"female","name":{"title":"Mrs","first":"Filippa","last":"Poulsen"},"location":{"street":{"number":4651,"name":"Agervænget"},"city":"Snertinge","state":"Sjælland","country":"Denmark","postcode":74228,"coordinates":{"latitude":"-40.3059","longitude":"76.5087"},"timezone":{"offset":"+2:00","description":"Kaliningrad, South Africa"}},"email":"filippa.poulsen@example.com","login":{"uuid":"4d9870cc-b4e1-41e7-a0bd-6282f7a5e36b","username":"ticklishgorilla258","password":"rebecca1","salt":"p6gf4B4b","md5":"585a7e493bfd29551a4cab0d96607b9a","sha1":"130d73947cbd5ed477cd335b071fa4d041ab22dd","sha256":"5814e467a18f60cbd2a7de3895068a465a2fc41bb319a250de783663a0dabd33"},"dob":{"date":"1973-06-25T05:37:35.436Z","age":50},"registered":{"date":"2005-04-12T00:43:49.533Z","age":19},"phone":"46392479","cell":"63460015","id":{"name":"CPR","value":"250673-3434"},"picture":{"large":"https://randomuser.me/api/portraits/women/93.jpg","medium":"https://randomuser.me/api/portraits/med/women/93.jpg","thumbnail":"https://randomuser.me/api/portraits/thumb/women/93.jpg"},"nat":"DK"}],"info":{"seed":"0bcaa866f2115cc3","results":1,"page":1,"version":"1.4"}} 
 </msg>
<msg time="2024-06-19T12:29:07.644814" level="INFO">/opt/hostedtoolcache/Python/3.12.3/x64/lib/python3.12/site-packages/urllib3/connectionpool.py:1099: InsecureRequestWarning: Unverified HTTPS request is being made to host 'randomuser.me'. Adding certificate verification is strongly advised. See: https://urllib3.readthedocs.io/en/latest/advanced-usage.html#tls-warnings
  warnings.warn(</msg>
<msg time="2024-06-19T12:29:07.644928" level="INFO">${response} = &lt;Response [200]&gt;</msg>
<var>${response}</var>
<arg>consultarAPI</arg>
<arg>/api</arg>
<doc>Sends a GET request on a previously created HTTP Session.</doc>
<status status="PASS" start="2024-06-19T12:29:02.317478" elapsed="5.327476"/>
</kw>
<kw name="Set Variable" owner="BuiltIn">
<msg time="2024-06-19T12:29:07.646149" level="INFO">${json_data} = {'results': [{'gender': 'female', 'name': {'title': 'Mrs', 'first': 'Filippa', 'last': 'Poulsen'}, 'location': {'street': {'number': 4651, 'name': 'Agervænget'}, 'city': 'Snertinge', 'state': 'Sjællan...</msg>
<var>${json_data}</var>
<arg>${response.json()}</arg>
<doc>Returns the given values which can then be assigned to a variables.</doc>
<status status="PASS" start="2024-06-19T12:29:07.645635" elapsed="0.000545"/>
</kw>
<kw name="Log" owner="BuiltIn">
<msg time="2024-06-19T12:29:07.646695" level="INFO">{'results': [{'gender': 'female', 'name': {'title': 'Mrs', 'first': 'Filippa', 'last': 'Poulsen'}, 'location': {'street': {'number': 4651, 'name': 'Agervænget'}, 'city': 'Snertinge', 'state': 'Sjælland', 'country': 'Denmark', 'postcode': 74228, 'coordinates': {'latitude': '-40.3059', 'longitude': '76.5087'}, 'timezone': {'offset': '+2:00', 'description': 'Kaliningrad, South Africa'}}, 'email': 'filippa.poulsen@example.com', 'login': {'uuid': '4d9870cc-b4e1-41e7-a0bd-6282f7a5e36b', 'username': 'ticklishgorilla258', 'password': 'rebecca1', 'salt': 'p6gf4B4b', 'md5': '585a7e493bfd29551a4cab0d96607b9a', 'sha1': '130d73947cbd5ed477cd335b071fa4d041ab22dd', 'sha256': '5814e467a18f60cbd2a7de3895068a465a2fc41bb319a250de783663a0dabd33'}, 'dob': {'date': '1973-06-25T05:37:35.436Z', 'age': 50}, 'registered': {'date': '2005-04-12T00:43:49.533Z', 'age': 19}, 'phone': '46392479', 'cell': '63460015', 'id': {'name': 'CPR', 'value': '250673-3434'}, 'picture': {'large': 'https://randomuser.me/api/portraits/women/93.jpg', 'medium': 'https://randomuser.me/api/portraits/med/women/93.jpg', 'thumbnail': 'https://randomuser.me/api/portraits/thumb/women/93.jpg'}, 'nat': 'DK'}], 'info': {'seed': '0bcaa866f2115cc3', 'results': 1, 'page': 1, 'version': '1.4'}}</msg>
<arg>${json_data}</arg>
<doc>Logs the given message with the given level.</doc>
<status status="PASS" start="2024-06-19T12:29:07.646526" elapsed="0.000217"/>
</kw>
<kw name="Should Be String" owner="String">
<arg>${json_data['results'][0]['gender']}</arg>
<doc>Fails if the given ``item`` is not a string.</doc>
<status status="PASS" start="2024-06-19T12:29:07.647034" elapsed="0.000362"/>
</kw>
<kw name="Should Match Regexp" owner="BuiltIn">
<arg>${json_data['results'][0]['email']}</arg>
<arg>^[a-zA-Z0-9._%+-]+@[a-zA-Z0-9.-]+\.[a-zA-Z]{2,}$</arg>
<doc>Fails if ``string`` does not match ``pattern`` as a regular expression.</doc>
<status status="PASS" start="2024-06-19T12:29:07.647586" elapsed="0.000512"/>
</kw>
<kw name="Should Match Regexp" owner="BuiltIn">
<arg>${json_data['results'][0]['dob']['date']}</arg>
<arg>\\d{4}-\\d{2}-\\d{2}T\\d{2}:\\d{2}:\\d{2}\\.\\d{3}Z</arg>
<doc>Fails if ``string`` does not match ``pattern`` as a regular expression.</doc>
<status status="PASS" start="2024-06-19T12:29:07.648334" elapsed="0.000498"/>
</kw>
<kw name="Should Match Regexp" owner="BuiltIn">
<arg>${json_data['results'][0]['registered']['date']}</arg>
<arg>\\d{4}-\\d{2}-\\d{2}T\\d{2}:\\d{2}:\\d{2}\\.\\d{3}Z</arg>
<doc>Fails if ``string`` does not match ``pattern`` as a regular expression.</doc>
<status status="PASS" start="2024-06-19T12:29:07.649025" elapsed="0.000360"/>
</kw>
<kw name="Should Match Regexp" owner="BuiltIn">
<arg>${json_data['results'][0]['picture']['large']}</arg>
<arg>^https?://.*\.(?:png|jpe?g|gif|bmp)$</arg>
<doc>Fails if ``string`` does not match ``pattern`` as a regular expression.</doc>
<status status="PASS" start="2024-06-19T12:29:07.649574" elapsed="0.000457"/>
</kw>
<kw name="Should Match Regexp" owner="BuiltIn">
<arg>${json_data['results'][0]['picture']['medium']}</arg>
<arg>^https?://.*\.(?:png|jpe?g|gif|bmp)$</arg>
<doc>Fails if ``string`` does not match ``pattern`` as a regular expression.</doc>
<status status="PASS" start="2024-06-19T12:29:07.650223" elapsed="0.000389"/>
</kw>
<kw name="Should Match Regexp" owner="BuiltIn">
<arg>${json_data['results'][0]['picture']['thumbnail']}</arg>
<arg>^https?://.*\.(?:png|jpe?g|gif|bmp)$</arg>
<doc>Fails if ``string`` does not match ``pattern`` as a regular expression.</doc>
<status status="PASS" start="2024-06-19T12:29:07.650805" elapsed="0.000347"/>
</kw>
<kw name="Log" owner="BuiltIn">
<msg time="2024-06-19T12:29:07.651662" level="INFO">{'large': 'https://randomuser.me/api/portraits/women/93.jpg', 'medium': 'https://randomuser.me/api/portraits/med/women/93.jpg', 'thumbnail': 'https://randomuser.me/api/portraits/thumb/women/93.jpg'}</msg>
<arg>${json_data['results'][0]['picture']}</arg>
<doc>Logs the given message with the given level.</doc>
<status status="PASS" start="2024-06-19T12:29:07.651334" elapsed="0.000370"/>
</kw>
<status status="PASS" start="2024-06-19T12:29:02.317239" elapsed="5.334722"/>
</kw>
<kw name="Teste de Tipos de Dados - Postcode" owner="random-user-service">
<kw name="GET On Session" owner="RequestsLibrary">
<msg time="2024-06-19T12:29:12.394667" level="INFO">GET Request : url=https://randomuser.me/api 
 path_url=/api 
 headers={'User-Agent': 'python-requests/2.32.3', 'Accept-Encoding': 'gzip, deflate', 'Accept': '*/*', 'Connection': 'keep-alive'} 
 body=None 
 </msg>
<msg time="2024-06-19T12:29:12.394777" level="INFO">GET Response : url=https://randomuser.me/api 
 status=200, reason=OK 
 headers={'Date': 'Wed, 19 Jun 2024 12:29:12 GMT', 'Content-Type': 'application/json; charset=utf-8', 'Transfer-Encoding': 'chunked', 'Connection': 'keep-alive', 'X-Powered-By': 'Express', 'Access-Control-Allow-Origin': '*', 'Cache-Control': 'no-cache', 'ETag': 'W/"4a4-3YVZc0jckB6PsiCWURNXrlQeezY"', 'Vary': 'Accept-Encoding', 'Content-Encoding': 'gzip', 'CF-Cache-Status': 'DYNAMIC', 'Report-To': '{"endpoints":[{"url":"https:\\/\\/a.nel.cloudflare.com\\/report\\/v4?s=gPI33XUGNUBmDPVJ9N8plLSLNIeb8dsW6Cc3glzyeLdskXvXtAzZFV8TGStWfaZ5qqoc0HsANk3t6Or2hJLCMnIiOKc7442UpFlAaHGHOTzuUGDB0y0NXA%2B%2F96IOnCZt"}],"group":"cf-nel","max_age":604800}', 'NEL': '{"success_fraction":0,"report_to":"cf-nel","max_age":604800}', 'Server': 'cloudflare', 'CF-RAY': '896385dad9e57d6a-LAX', 'alt-svc': 'h3=":443"; ma=86400'} 
 body={"results":[{"gender":"female","name":{"title":"Ms","first":"Genesis","last":"Lawson"},"location":{"street":{"number":6176,"name":"Valwood Pkwy"},"city":"Grand Rapids","state":"Iowa","country":"United States","postcode":95455,"coordinates":{"latitude":"85.8059","longitude":"82.6676"},"timezone":{"offset":"-5:00","description":"Eastern Time (US &amp; Canada), Bogota, Lima"}},"email":"genesis.lawson@example.com","login":{"uuid":"58f49d54-f734-4c13-b77e-d4e7e4dd8405","username":"tinysnake355","password":"jennifer","salt":"DppVenCE","md5":"49780a644918fefa719c54fc0910c9da","sha1":"be186b0e9017c2d9d91e2599f83744773b6f1d1a","sha256":"715fae283f3380065d31dfcec40ab11cfe7a06cdd01feee0a468bc07f0f0b349"},"dob":{"date":"1996-02-03T20:29:05.235Z","age":28},"registered":{"date":"2011-05-23T23:54:51.064Z","age":13},"phone":"(488) 620-3322","cell":"(356) 305-6793","id":{"name":"SSN","value":"079-70-5837"},"picture":{"large":"https://randomuser.me/api/portraits/women/87.jpg","medium":"https://randomuser.me/api/portraits/med/women/87.jpg","thumbnail":"https://randomuser.me/api/portraits/thumb/women/87.jpg"},"nat":"US"}],"info":{"seed":"2136ee533e3fc673","results":1,"page":1,"version":"1.4"}} 
 </msg>
<msg time="2024-06-19T12:29:12.394881" level="INFO">/opt/hostedtoolcache/Python/3.12.3/x64/lib/python3.12/site-packages/urllib3/connectionpool.py:1099: InsecureRequestWarning: Unverified HTTPS request is being made to host 'randomuser.me'. Adding certificate verification is strongly advised. See: https://urllib3.readthedocs.io/en/latest/advanced-usage.html#tls-warnings
  warnings.warn(</msg>
<msg time="2024-06-19T12:29:12.395025" level="INFO">${response} = &lt;Response [200]&gt;</msg>
<var>${response}</var>
<arg>consultarAPI</arg>
<arg>/api</arg>
<doc>Sends a GET request on a previously created HTTP Session.</doc>
<status status="PASS" start="2024-06-19T12:29:07.652425" elapsed="4.742651"/>
</kw>
<kw name="Set Variable" owner="BuiltIn">
<msg time="2024-06-19T12:29:12.396284" level="INFO">${json_data} = {'results': [{'gender': 'female', 'name': {'title': 'Ms', 'first': 'Genesis', 'last': 'Lawson'}, 'location': {'street': {'number': 6176, 'name': 'Valwood Pkwy'}, 'city': 'Grand Rapids', 'state': 'Iowa...</msg>
<var>${json_data}</var>
<arg>${response.json()}</arg>
<doc>Returns the given values which can then be assigned to a variables.</doc>
<status status="PASS" start="2024-06-19T12:29:12.395723" elapsed="0.000590"/>
</kw>
<kw name="Log" owner="BuiltIn">
<msg time="2024-06-19T12:29:12.396798" level="INFO">{'results': [{'gender': 'female', 'name': {'title': 'Ms', 'first': 'Genesis', 'last': 'Lawson'}, 'location': {'street': {'number': 6176, 'name': 'Valwood Pkwy'}, 'city': 'Grand Rapids', 'state': 'Iowa', 'country': 'United States', 'postcode': 95455, 'coordinates': {'latitude': '85.8059', 'longitude': '82.6676'}, 'timezone': {'offset': '-5:00', 'description': 'Eastern Time (US &amp; Canada), Bogota, Lima'}}, 'email': 'genesis.lawson@example.com', 'login': {'uuid': '58f49d54-f734-4c13-b77e-d4e7e4dd8405', 'username': 'tinysnake355', 'password': 'jennifer', 'salt': 'DppVenCE', 'md5': '49780a644918fefa719c54fc0910c9da', 'sha1': 'be186b0e9017c2d9d91e2599f83744773b6f1d1a', 'sha256': '715fae283f3380065d31dfcec40ab11cfe7a06cdd01feee0a468bc07f0f0b349'}, 'dob': {'date': '1996-02-03T20:29:05.235Z', 'age': 28}, 'registered': {'date': '2011-05-23T23:54:51.064Z', 'age': 13}, 'phone': '(488) 620-3322', 'cell': '(356) 305-6793', 'id': {'name': 'SSN', 'value': '079-70-5837'}, 'picture': {'large': 'https://randomuser.me/api/portraits/women/87.jpg', 'medium': 'https://randomuser.me/api/portraits/med/women/87.jpg', 'thumbnail': 'https://randomuser.me/api/portraits/thumb/women/87.jpg'}, 'nat': 'US'}], 'info': {'seed': '2136ee533e3fc673', 'results': 1, 'page': 1, 'version': '1.4'}}</msg>
<arg>${json_data}</arg>
<doc>Logs the given message with the given level.</doc>
<status status="PASS" start="2024-06-19T12:29:12.396625" elapsed="0.000221"/>
</kw>
<kw name="Should Be Equal As Numbers" owner="BuiltIn">
<arg>${json_data['results'][0]['location']['postcode']}</arg>
<arg>${json_data['results'][0]['location']['postcode']}</arg>
<doc>Fails if objects are unequal after converting them to real numbers.</doc>
<status status="PASS" start="2024-06-19T12:29:12.397142" elapsed="0.000632"/>
</kw>
<kw name="Log" owner="BuiltIn">
<msg time="2024-06-19T12:29:12.398297" level="INFO">95455</msg>
<arg>${json_data['results'][0]['location']['postcode']}</arg>
<doc>Logs the given message with the given level.</doc>
<status status="PASS" start="2024-06-19T12:29:12.397965" elapsed="0.000408"/>
</kw>
<status status="PASS" start="2024-06-19T12:29:07.652191" elapsed="4.746488"/>
</kw>
<doc>Testa se os tipos de dados na resposta da API estão corretos.</doc>
<tag>testeTiposDados</tag>
<status status="PASS" start="2024-06-19T12:29:02.316641" elapsed="10.082222"/>
</test>
<test id="s1-s1-t5" name="Validar conteudo" line="35">
<kw name="Teste de Tipos de Conteudo" owner="random-user-service">
<kw name="GET On Session" owner="RequestsLibrary">
<msg time="2024-06-19T12:29:16.436867" level="INFO">GET Request : url=https://randomuser.me/api 
 path_url=/api 
 headers={'User-Agent': 'python-requests/2.32.3', 'Accept-Encoding': 'gzip, deflate', 'Accept': '*/*', 'Connection': 'keep-alive'} 
 body=None 
 </msg>
<msg time="2024-06-19T12:29:16.436963" level="INFO">GET Response : url=https://randomuser.me/api 
 status=200, reason=OK 
 headers={'Date': 'Wed, 19 Jun 2024 12:29:16 GMT', 'Content-Type': 'application/json; charset=utf-8', 'Transfer-Encoding': 'chunked', 'Connection': 'keep-alive', 'X-Powered-By': 'Express', 'Access-Control-Allow-Origin': '*', 'Cache-Control': 'no-cache', 'ETag': 'W/"47a-KAfMrwQj6+tZMcjjzRxhL6z/Yy4"', 'Vary': 'Accept-Encoding', 'Content-Encoding': 'gzip', 'CF-Cache-Status': 'DYNAMIC', 'Report-To': '{"endpoints":[{"url":"https:\\/\\/a.nel.cloudflare.com\\/report\\/v4?s=0EJb2Pj7FeExHvDGZvikp9NT38smNKmJz6X5pexl%2F54fHVG%2B%2FtUbd4oGgaiplljN8vMTh7sHdL8ReC8CJzoBbt7gbVoR2WFRe52jAW2Twb5MbaHxodzHuKOei%2F9kv3aE"}],"group":"cf-nel","max_age":604800}', 'NEL': '{"success_fraction":0,"report_to":"cf-nel","max_age":604800}', 'Server': 'cloudflare', 'CF-RAY': '896385f888717d6a-LAX', 'alt-svc': 'h3=":443"; ma=86400'} 
 body={"results":[{"gender":"male","name":{"title":"Mr","first":"Justin","last":"Nyseth"},"location":{"street":{"number":8149,"name":"Middelthuns gate"},"city":"Folkestad","state":"Finnmark - Finnmárku","country":"Norway","postcode":"6003","coordinates":{"latitude":"43.7154","longitude":"-47.4635"},"timezone":{"offset":"-9:00","description":"Alaska"}},"email":"justin.nyseth@example.com","login":{"uuid":"791d824d-fc16-4414-b31b-f9a256f8e1fb","username":"beautifulpanda999","password":"colors","salt":"7WfysftR","md5":"49d446d1152252f3a00df94932d95cdd","sha1":"006d39045ecc3e60cf656ad2110a7935820f3f9c","sha256":"f8aba58290f5fa6d33d18a8b6557a818b7efd669e6736834e896213e5b5fa909"},"dob":{"date":"1978-04-25T18:10:12.139Z","age":46},"registered":{"date":"2015-03-10T11:10:34.044Z","age":9},"phone":"54959097","cell":"40303845","id":{"name":"FN","value":"25047846369"},"picture":{"large":"https://randomuser.me/api/portraits/men/18.jpg","medium":"https://randomuser.me/api/portraits/med/men/18.jpg","thumbnail":"https://randomuser.me/api/portraits/thumb/men/18.jpg"},"nat":"NO"}],"info":{"seed":"216fb347fbc58593","results":1,"page":1,"version":"1.4"}} 
 </msg>
<msg time="2024-06-19T12:29:16.437042" level="INFO">/opt/hostedtoolcache/Python/3.12.3/x64/lib/python3.12/site-packages/urllib3/connectionpool.py:1099: InsecureRequestWarning: Unverified HTTPS request is being made to host 'randomuser.me'. Adding certificate verification is strongly advised. See: https://urllib3.readthedocs.io/en/latest/advanced-usage.html#tls-warnings
  warnings.warn(</msg>
<msg time="2024-06-19T12:29:16.437165" level="INFO">${response} = &lt;Response [200]&gt;</msg>
<var>${response}</var>
<arg>consultarAPI</arg>
<arg>/api</arg>
<doc>Sends a GET request on a previously created HTTP Session.</doc>
<status status="PASS" start="2024-06-19T12:29:12.401393" elapsed="4.035811"/>
</kw>
<kw name="Set Variable" owner="BuiltIn">
<msg time="2024-06-19T12:29:16.438404" level="INFO">${json_data} = {'results': [{'gender': 'male', 'name': {'title': 'Mr', 'first': 'Justin', 'last': 'Nyseth'}, 'location': {'street': {'number': 8149, 'name': 'Middelthuns gate'}, 'city': 'Folkestad', 'state': 'Finnma...</msg>
<var>${json_data}</var>
<arg>${response.json()}</arg>
<doc>Returns the given values which can then be assigned to a variables.</doc>
<status status="PASS" start="2024-06-19T12:29:16.437829" elapsed="0.000603"/>
</kw>
<kw name="Set Variable" owner="BuiltIn">
<msg time="2024-06-19T12:29:16.439180" level="INFO">${name_title} = Mr</msg>
<var>${name_title}</var>
<arg>${json_data["results"][0]["name"]["title"]}</arg>
<doc>Returns the given values which can then be assigned to a variables.</doc>
<status status="PASS" start="2024-06-19T12:29:16.438797" elapsed="0.000409"/>
</kw>
<kw name="Create List" owner="BuiltIn">
<msg time="2024-06-19T12:29:16.439648" level="INFO">${allowed_titles} = ['Mr', 'Ms', 'Miss', 'Mrs', 'Madame', 'Monsieur']</msg>
<var>${allowed_titles}</var>
<arg>Mr</arg>
<arg>Ms</arg>
<arg>Miss</arg>
<arg>Mrs</arg>
<arg>Madame</arg>
<arg>Monsieur</arg>
<doc>Returns a list containing given items.</doc>
<status status="PASS" start="2024-06-19T12:29:16.439502" elapsed="0.000170"/>
</kw>
<kw name="List Should Contain Value" owner="Collections">
<arg>${allowed_titles}</arg>
<arg>${name_title}</arg>
<doc>Fails if the ``value`` is not found from ``list``.</doc>
<status status="PASS" start="2024-06-19T12:29:16.439968" elapsed="0.000176"/>
</kw>
<kw name="Set Variable" owner="BuiltIn">
<msg time="2024-06-19T12:29:16.440703" level="INFO">${name_country} = NO</msg>
<var>${name_country}</var>
<arg>${json_data["results"][0]["nat"]}</arg>
<doc>Returns the given values which can then be assigned to a variables.</doc>
<status status="PASS" start="2024-06-19T12:29:16.440320" elapsed="0.000408"/>
</kw>
<kw name="Create List" owner="BuiltIn">
<msg time="2024-06-19T12:29:16.441617" level="INFO">${list_country} = ['AD', 'AE', 'AF', 'AG', 'AI', 'AL', 'AM', 'AO', 'AQ', 'AR', 'AS', 'AT', 'AU', 'AW', 'AX', 'AZ', 'BA', 'BB', 'BD', 'BE', 'BF', 'BG', 'BH', 'BI', 'BJ', 'BL', 'BM', 'BN', 'BO', 'BQ', 'BR', 'BS', 'BT', '...</msg>
<var>${list_country}</var>
<arg>AD</arg>
<arg>AE</arg>
<arg>AF</arg>
<arg>AG</arg>
<arg>AI</arg>
<arg>AL</arg>
<arg>AM</arg>
<arg>AO</arg>
<arg>AQ</arg>
<arg>AR</arg>
<arg>AS</arg>
<arg>AT</arg>
<arg>AU</arg>
<arg>AW</arg>
<arg>AX</arg>
<arg>AZ</arg>
<arg>BA</arg>
<arg>BB</arg>
<arg>BD</arg>
<arg>BE</arg>
<arg>BF</arg>
<arg>BG</arg>
<arg>BH</arg>
<arg>BI</arg>
<arg>BJ</arg>
<arg>BL</arg>
<arg>BM</arg>
<arg>BN</arg>
<arg>BO</arg>
<arg>BQ</arg>
<arg>BR</arg>
<arg>BS</arg>
<arg>BT</arg>
<arg>BV</arg>
<arg>BW</arg>
<arg>BY</arg>
<arg>BZ</arg>
<arg>CA</arg>
<arg>CC</arg>
<arg>CD</arg>
<arg>CF</arg>
<arg>CG</arg>
<arg>CH</arg>
<arg>CI</arg>
<arg>CK</arg>
<arg>CL</arg>
<arg>CM</arg>
<arg>CN</arg>
<arg>CO</arg>
<arg>CR</arg>
<arg>CU</arg>
<arg>CV</arg>
<arg>CW</arg>
<arg>CX</arg>
<arg>CY</arg>
<arg>CZ</arg>
<arg>DE</arg>
<arg>DJ</arg>
<arg>DK</arg>
<arg>DM</arg>
<arg>DO</arg>
<arg>DZ</arg>
<arg>EC</arg>
<arg>EE</arg>
<arg>EG</arg>
<arg>EH</arg>
<arg>ER</arg>
<arg>ES</arg>
<arg>ET</arg>
<arg>FI</arg>
<arg>FJ</arg>
<arg>FK</arg>
<arg>FM</arg>
<arg>FO</arg>
<arg>FR</arg>
<arg>GA</arg>
<arg>GB</arg>
<arg>GD</arg>
<arg>GE</arg>
<arg>GF</arg>
<arg>GG</arg>
<arg>GH</arg>
<arg>GI</arg>
<arg>GL</arg>
<arg>GM</arg>
<arg>GN</arg>
<arg>GP</arg>
<arg>GQ</arg>
<arg>GR</arg>
<arg>GS</arg>
<arg>GT</arg>
<arg>GU</arg>
<arg>GW</arg>
<arg>GY</arg>
<arg>HK</arg>
<arg>HM</arg>
<arg>HN</arg>
<arg>HR</arg>
<arg>HT</arg>
<arg>HU</arg>
<arg>ID</arg>
<arg>IE</arg>
<arg>IL</arg>
<arg>IM</arg>
<arg>IN</arg>
<arg>IO</arg>
<arg>IQ</arg>
<arg>IR</arg>
<arg>IS</arg>
<arg>IT</arg>
<arg>JE</arg>
<arg>JM</arg>
<arg>JO</arg>
<arg>JP</arg>
<arg>KE</arg>
<arg>KG</arg>
<arg>KH</arg>
<arg>KI</arg>
<arg>KM</arg>
<arg>KN</arg>
<arg>KP</arg>
<arg>KR</arg>
<arg>KW</arg>
<arg>KY</arg>
<arg>KZ</arg>
<arg>LA</arg>
<arg>LB</arg>
<arg>LC</arg>
<arg>LI</arg>
<arg>LK</arg>
<arg>LR</arg>
<arg>LS</arg>
<arg>LT</arg>
<arg>LU</arg>
<arg>LV</arg>
<arg>LY</arg>
<arg>MA</arg>
<arg>MC</arg>
<arg>MD</arg>
<arg>ME</arg>
<arg>MF</arg>
<arg>MG</arg>
<arg>MH</arg>
<arg>MK</arg>
<arg>ML</arg>
<arg>MM</arg>
<arg>MN</arg>
<arg>MO</arg>
<arg>MP</arg>
<arg>MQ</arg>
<arg>MR</arg>
<arg>MS</arg>
<arg>MT</arg>
<arg>MU</arg>
<arg>MV</arg>
<arg>MW</arg>
<arg>MX</arg>
<arg>MY</arg>
<arg>MZ</arg>
<arg>NA</arg>
<arg>NC</arg>
<arg>NE</arg>
<arg>NF</arg>
<arg>NG</arg>
<arg>NI</arg>
<arg>NL</arg>
<arg>NO</arg>
<arg>NP</arg>
<arg>NR</arg>
<arg>NU</arg>
<arg>NZ</arg>
<arg>OM</arg>
<arg>PA</arg>
<arg>PE</arg>
<arg>PF</arg>
<arg>PG</arg>
<arg>PH</arg>
<arg>PK</arg>
<arg>PL</arg>
<arg>PM</arg>
<arg>PN</arg>
<arg>PR</arg>
<arg>PS</arg>
<arg>PT</arg>
<arg>PW</arg>
<arg>PY</arg>
<arg>QA</arg>
<arg>RE</arg>
<arg>RO</arg>
<arg>RS</arg>
<arg>RU</arg>
<arg>RW</arg>
<arg>SA</arg>
<arg>SB</arg>
<arg>SC</arg>
<arg>SD</arg>
<arg>SE</arg>
<arg>SG</arg>
<arg>SH</arg>
<arg>SI</arg>
<arg>SJ</arg>
<arg>SK</arg>
<arg>SL</arg>
<arg>SM</arg>
<arg>SN</arg>
<arg>SO</arg>
<arg>SR</arg>
<arg>SS</arg>
<arg>ST</arg>
<arg>SV</arg>
<arg>SX</arg>
<arg>SY</arg>
<arg>SZ</arg>
<arg>TC</arg>
<arg>TD</arg>
<arg>TF</arg>
<arg>TG</arg>
<arg>TH</arg>
<arg>TJ</arg>
<arg>TK</arg>
<arg>TL</arg>
<arg>TM</arg>
<arg>TN</arg>
<arg>TO</arg>
<arg>TR</arg>
<arg>TT</arg>
<arg>TV</arg>
<arg>TW</arg>
<arg>TZ</arg>
<arg>UA</arg>
<arg>UG</arg>
<arg>UM</arg>
<arg>US</arg>
<arg>UY</arg>
<arg>UZ</arg>
<arg>VA</arg>
<arg>VC</arg>
<arg>VE</arg>
<arg>VG</arg>
<arg>VI</arg>
<arg>VN</arg>
<arg>VU</arg>
<arg>WF</arg>
<arg>WS</arg>
<arg>XK</arg>
<arg>YE</arg>
<arg>YT</arg>
<arg>ZA</arg>
<arg>ZM</arg>
<arg>ZW</arg>
<doc>Returns a list containing given items.</doc>
<status status="PASS" start="2024-06-19T12:29:16.441015" elapsed="0.000627"/>
</kw>
<kw name="List Should Contain Value" owner="Collections">
<arg>${list_country}</arg>
<arg>${name_country}</arg>
<doc>Fails if the ``value`` is not found from ``list``.</doc>
<status status="PASS" start="2024-06-19T12:29:16.442431" elapsed="0.000232"/>
</kw>
<kw name="Run Keyword If" owner="BuiltIn">
<kw name="Should Be True" owner="BuiltIn">
<arg>${True}</arg>
<doc>Fails if the given condition is not true.</doc>
<status status="PASS" start="2024-06-19T12:29:16.443747" elapsed="0.000141"/>
</kw>
<arg>${json_data["results"][0]["location"]["coordinates"]["latitude"]} &gt;= -90 and ${json_data["results"][0]["location"]["coordinates"]["latitude"]} &lt;= 90</arg>
<arg>Should Be True</arg>
<arg>${True}</arg>
<doc>Runs the given keyword with the given arguments, if ``condition`` is true.</doc>
<status status="PASS" start="2024-06-19T12:29:16.442863" elapsed="0.001150"/>
</kw>
<kw name="Run Keyword If" owner="BuiltIn">
<kw name="Should Be True" owner="BuiltIn">
<arg>${True}</arg>
<doc>Fails if the given condition is not true.</doc>
<status status="PASS" start="2024-06-19T12:29:16.444879" elapsed="0.000137"/>
</kw>
<arg>${json_data["results"][0]["location"]["coordinates"]["longitude"]} &gt;= -180 and ${json_data["results"][0]["location"]["coordinates"]["longitude"]} &lt;= 180</arg>
<arg>Should Be True</arg>
<arg>${True}</arg>
<doc>Runs the given keyword with the given arguments, if ``condition`` is true.</doc>
<status status="PASS" start="2024-06-19T12:29:16.444192" elapsed="0.000945"/>
</kw>
<status status="PASS" start="2024-06-19T12:29:12.401166" elapsed="4.044103"/>
</kw>
<doc>Testa o conteúdo específico dos campos retornados pela API.</doc>
<tag>testeConteudo</tag>
<status status="PASS" start="2024-06-19T12:29:12.400618" elapsed="4.044804"/>
</test>
<status status="PASS" start="2024-06-19T12:28:59.695046" elapsed="16.752420"/>
</suite>
<status status="PASS" start="2024-06-19T12:28:59.681139" elapsed="16.771355"/>
</suite>
<statistics>
<total>
<stat pass="5" fail="0" skip="0">All Tests</stat>
</total>
<tag>
<stat pass="1" fail="0" skip="0">testeConteudo</stat>
<stat pass="1" fail="0" skip="0">testeEstruturaResposta</stat>
<stat pass="1" fail="0" skip="0">testeRequisicaoBasica</stat>
<stat pass="1" fail="0" skip="0">testeTiposDados</stat>
</tag>
<suite>
<stat pass="5" fail="0" skip="0" id="s1" name="Tests">Tests</stat>
<stat pass="5" fail="0" skip="0" id="s1-s1" name="Random-User-Test">Tests.Random-User-Test</stat>
</suite>
</statistics>
<errors>
</errors>
</robot>
