<?xml version="1.0" encoding="UTF-8"?>
<robot generator="Robot 7.0.1 (Python 3.12.4 on linux)" generated="2024-07-20T16:18:31.956215" rpa="false" schemaversion="5">
<suite id="s1" name="Tests" source="/home/runner/work/ApiRandomUser/ApiRandomUser/RamdonUser/tests">
<suite id="s1-s1" name="Random-User-Test" source="/home/runner/work/ApiRandomUser/ApiRandomUser/RamdonUser/tests/random-user-test.robot">
<test id="s1-s1-t1" name="Conectar" line="13">
<kw name="Conectar API" owner="random-user-service">
<kw name="Create Session" owner="RequestsLibrary">
<msg time="2024-07-20T16:18:32.356150" level="INFO">Creating Session using : alias=consultarAPI, url=https://randomuser.me/, headers={},                     cookies={}, auth=None, timeout=None, proxies=None, verify=False,                     debug=0 </msg>
<arg>consultarAPI</arg>
<arg>${URL}</arg>
<doc>Create Session: create a HTTP session to a server</doc>
<status status="PASS" start="2024-07-20T16:18:32.355931" elapsed="0.000401"/>
</kw>
<status status="PASS" start="2024-07-20T16:18:32.354888" elapsed="0.001801"/>
</kw>
<status status="PASS" start="2024-07-20T16:18:32.354263" elapsed="0.002619"/>
</test>
<test id="s1-s1-t2" name="Validar retorno 200 e JSON Válido" line="16">
<kw name="Teste de Requisicao Basica" owner="random-user-service">
<kw name="GET On Session" owner="RequestsLibrary">
<msg time="2024-07-20T16:18:32.628526" level="INFO">GET Request : url=https://randomuser.me/api 
 path_url=/api 
 headers={'User-Agent': 'python-requests/2.32.3', 'Accept-Encoding': 'gzip, deflate', 'Accept': '*/*', 'Connection': 'keep-alive'} 
 body=None 
 </msg>
<msg time="2024-07-20T16:18:32.628637" level="INFO">GET Response : url=https://randomuser.me/api 
 status=200, reason=OK 
 headers={'Date': 'Sat, 20 Jul 2024 16:18:32 GMT', 'Content-Type': 'application/json; charset=utf-8', 'Transfer-Encoding': 'chunked', 'Connection': 'keep-alive', 'X-Powered-By': 'Express', 'Access-Control-Allow-Origin': '*', 'Cache-Control': 'no-cache', 'ETag': 'W/"496-GTAPv2VGe2g/Wsu4K3RgJSzL7Ag"', 'Vary': 'Accept-Encoding', 'Content-Encoding': 'gzip', 'CF-Cache-Status': 'DYNAMIC', 'Report-To': '{"endpoints":[{"url":"https:\\/\\/a.nel.cloudflare.com\\/report\\/v4?s=ZPOMxhUEEM8Z3wsjnWPU7bGbJ6AxwrKXD%2Bzgm7QFX7IGTyMrSZABGt3axK0VG8%2BlD9BXDTM%2Fy6t1vyww4X%2F5ErBmjIcFY4IlydhY71zXkUKYcPcmLvHz2dPZ3ZpaRtnD"}],"group":"cf-nel","max_age":604800}', 'NEL': '{"success_fraction":0,"report_to":"cf-nel","max_age":604800}', 'Server': 'cloudflare', 'CF-RAY': '8a6444899e7d07c5-IAD', 'alt-svc': 'h3=":443"; ma=86400'} 
 body={"results":[{"gender":"female","name":{"title":"Miss","first":"Glafira","last":"Telishevskiy"},"location":{"street":{"number":1286,"name":"Zadorozhna"},"city":"Gerca","state":"Ivano-Frankivska","country":"Ukraine","postcode":25755,"coordinates":{"latitude":"74.7569","longitude":"56.1146"},"timezone":{"offset":"+4:00","description":"Abu Dhabi, Muscat, Baku, Tbilisi"}},"email":"glafira.telishevskiy@example.com","login":{"uuid":"3d292535-2273-4990-bb6b-2d097c0c5ea0","username":"saddog838","password":"gagging","salt":"jEpJJcoQ","md5":"ec1c4bd63bb78960eb75c9432922ad6c","sha1":"c46c5c352279ca3b1f55d381f3f51d2284994c60","sha256":"b36a384cb925f65ff747231a9e9d60b7a25ec0ba8aaf184bc3cab978aea8420b"},"dob":{"date":"1946-07-12T15:16:08.380Z","age":78},"registered":{"date":"2014-08-09T14:35:42.842Z","age":9},"phone":"(098) A73-9601","cell":"(068) K17-9715","id":{"name":"","value":null},"picture":{"large":"https://randomuser.me/api/portraits/women/44.jpg","medium":"https://randomuser.me/api/portraits/med/women/44.jpg","thumbnail":"https://randomuser.me/api/portraits/thumb/women/44.jpg"},"nat":"UA"}],"info":{"seed":"e38aefd236776358","results":1,"page":1,"version":"1.4"}} 
 </msg>
<msg time="2024-07-20T16:18:32.628708" level="INFO">/opt/hostedtoolcache/Python/3.12.4/x64/lib/python3.12/site-packages/urllib3/connectionpool.py:1099: InsecureRequestWarning: Unverified HTTPS request is being made to host 'randomuser.me'. Adding certificate verification is strongly advised. See: https://urllib3.readthedocs.io/en/latest/advanced-usage.html#tls-warnings
  warnings.warn(</msg>
<msg time="2024-07-20T16:18:32.628824" level="INFO">${response} = &lt;Response [200]&gt;</msg>
<var>${response}</var>
<arg>consultarAPI</arg>
<arg>/api</arg>
<doc>Sends a GET request on a previously created HTTP Session.</doc>
<status status="PASS" start="2024-07-20T16:18:32.359577" elapsed="0.269288"/>
</kw>
<kw name="Should Be Equal As Numbers" owner="BuiltIn">
<msg time="2024-07-20T16:18:32.629876" level="INFO">Argument types are:
&lt;class 'int'&gt;
&lt;class 'str'&gt;</msg>
<arg>${response.status_code}</arg>
<arg>200</arg>
<doc>Fails if objects are unequal after converting them to real numbers.</doc>
<status status="PASS" start="2024-07-20T16:18:32.629371" elapsed="0.000572"/>
</kw>
<kw name="Log" owner="BuiltIn">
<msg time="2024-07-20T16:18:32.630634" level="INFO">200</msg>
<arg>${response.status_code}</arg>
<doc>Logs the given message with the given level.</doc>
<status status="PASS" start="2024-07-20T16:18:32.630272" elapsed="0.000406"/>
</kw>
<kw name="Set Variable" owner="BuiltIn">
<msg time="2024-07-20T16:18:32.631421" level="INFO">${json_data} = {'results': [{'gender': 'female', 'name': {'title': 'Miss', 'first': 'Glafira', 'last': 'Telishevskiy'}, 'location': {'street': {'number': 1286, 'name': 'Zadorozhna'}, 'city': 'Gerca', 'state': 'Ivano...</msg>
<var>${json_data}</var>
<arg>${response.json()}</arg>
<doc>Returns the given values which can then be assigned to a variables.</doc>
<status status="PASS" start="2024-07-20T16:18:32.630984" elapsed="0.000465"/>
</kw>
<kw name="Dictionary Should Contain Key" owner="Collections">
<arg>${json_data}</arg>
<arg>results</arg>
<doc>Fails if ``key`` is not found from ``dictionary``.</doc>
<status status="PASS" start="2024-07-20T16:18:32.631747" elapsed="0.000298"/>
</kw>
<status status="PASS" start="2024-07-20T16:18:32.359327" elapsed="0.272917"/>
</kw>
<doc>Testa se a API responde corretamente e retorna um objeto JSON válido.</doc>
<tag>testeRequisicaoBasica</tag>
<status status="PASS" start="2024-07-20T16:18:32.358769" elapsed="0.273641"/>
</test>
<test id="s1-s1-t3" name="Validar estrutura de resposta" line="22">
<kw name="Teste de Estrutura de Resposta" owner="random-user-service">
<kw name="GET On Session" owner="RequestsLibrary">
<msg time="2024-07-20T16:18:32.727264" level="INFO">GET Request : url=https://randomuser.me/api 
 path_url=/api 
 headers={'User-Agent': 'python-requests/2.32.3', 'Accept-Encoding': 'gzip, deflate', 'Accept': '*/*', 'Connection': 'keep-alive'} 
 body=None 
 </msg>
<msg time="2024-07-20T16:18:32.727350" level="INFO">GET Response : url=https://randomuser.me/api 
 status=200, reason=OK 
 headers={'Date': 'Sat, 20 Jul 2024 16:18:32 GMT', 'Content-Type': 'application/json; charset=utf-8', 'Transfer-Encoding': 'chunked', 'Connection': 'keep-alive', 'X-Powered-By': 'Express', 'Access-Control-Allow-Origin': '*', 'Cache-Control': 'no-cache', 'ETag': 'W/"481-Oo4BZXAkHjoWnqSFYq4laZso7mU"', 'Vary': 'Accept-Encoding', 'Content-Encoding': 'gzip', 'CF-Cache-Status': 'DYNAMIC', 'Report-To': '{"endpoints":[{"url":"https:\\/\\/a.nel.cloudflare.com\\/report\\/v4?s=tLZ6DkZvkplG%2F1o0PY8a4DqePzhCcUHTvJ0semhiwlTTjbceajLqItlNhf2LlqoJD872auFrGm4rZHyQPtR6hGqiBXHSLeOkcQuVjQNnQxrlk%2Fy3qGk0oC9bT9rVqG%2Bm"}],"group":"cf-nel","max_age":604800}', 'NEL': '{"success_fraction":0,"report_to":"cf-nel","max_age":604800}', 'Server': 'cloudflare', 'CF-RAY': '8a64448a1efc07c5-IAD', 'alt-svc': 'h3=":443"; ma=86400'} 
 body={"results":[{"gender":"female","name":{"title":"Ms","first":"Vilma","last":"Marttila"},"location":{"street":{"number":877,"name":"Suvantokatu"},"city":"Karjalohja","state":"Satakunta","country":"Finland","postcode":66119,"coordinates":{"latitude":"-28.5456","longitude":"109.1053"},"timezone":{"offset":"+4:30","description":"Kabul"}},"email":"vilma.marttila@example.com","login":{"uuid":"f9ea1d3a-9227-41d5-b6aa-b75ffa271d47","username":"purpleostrich502","password":"omega1","salt":"jlEeYtDy","md5":"16a4a7e0930eeabf31c18cb368537ff7","sha1":"9749bbf096c8d3a71ca78fa41a38dcfb746c1df9","sha256":"a169b7facc73ba536956c629382f8369d59600aa4cde92402d1278164f43e46d"},"dob":{"date":"1964-04-29T19:33:49.351Z","age":60},"registered":{"date":"2021-05-29T07:57:17.131Z","age":3},"phone":"07-141-824","cell":"044-536-82-12","id":{"name":"HETU","value":"NaNNA926undefined"},"picture":{"large":"https://randomuser.me/api/portraits/women/94.jpg","medium":"https://randomuser.me/api/portraits/med/women/94.jpg","thumbnail":"https://randomuser.me/api/portraits/thumb/women/94.jpg"},"nat":"FI"}],"info":{"seed":"0cf94f075aeb9302","results":1,"page":1,"version":"1.4"}} 
 </msg>
<msg time="2024-07-20T16:18:32.727467" level="INFO">/opt/hostedtoolcache/Python/3.12.4/x64/lib/python3.12/site-packages/urllib3/connectionpool.py:1099: InsecureRequestWarning: Unverified HTTPS request is being made to host 'randomuser.me'. Adding certificate verification is strongly advised. See: https://urllib3.readthedocs.io/en/latest/advanced-usage.html#tls-warnings
  warnings.warn(</msg>
<msg time="2024-07-20T16:18:32.727586" level="INFO">${response} = &lt;Response [200]&gt;</msg>
<var>${response}</var>
<arg>consultarAPI</arg>
<arg>/api</arg>
<doc>Sends a GET request on a previously created HTTP Session.</doc>
<status status="PASS" start="2024-07-20T16:18:32.635023" elapsed="0.092613"/>
</kw>
<kw name="Set Variable" owner="BuiltIn">
<msg time="2024-07-20T16:18:32.728730" level="INFO">${json_data} = {'results': [{'gender': 'female', 'name': {'title': 'Ms', 'first': 'Vilma', 'last': 'Marttila'}, 'location': {'street': {'number': 877, 'name': 'Suvantokatu'}, 'city': 'Karjalohja', 'state': 'Satakunt...</msg>
<var>${json_data}</var>
<arg>${response.json()}</arg>
<doc>Returns the given values which can then be assigned to a variables.</doc>
<status status="PASS" start="2024-07-20T16:18:32.728145" elapsed="0.000613"/>
</kw>
<kw name="Log" owner="BuiltIn">
<msg time="2024-07-20T16:18:32.729229" level="INFO">{'results': [{'gender': 'female', 'name': {'title': 'Ms', 'first': 'Vilma', 'last': 'Marttila'}, 'location': {'street': {'number': 877, 'name': 'Suvantokatu'}, 'city': 'Karjalohja', 'state': 'Satakunta', 'country': 'Finland', 'postcode': 66119, 'coordinates': {'latitude': '-28.5456', 'longitude': '109.1053'}, 'timezone': {'offset': '+4:30', 'description': 'Kabul'}}, 'email': 'vilma.marttila@example.com', 'login': {'uuid': 'f9ea1d3a-9227-41d5-b6aa-b75ffa271d47', 'username': 'purpleostrich502', 'password': 'omega1', 'salt': 'jlEeYtDy', 'md5': '16a4a7e0930eeabf31c18cb368537ff7', 'sha1': '9749bbf096c8d3a71ca78fa41a38dcfb746c1df9', 'sha256': 'a169b7facc73ba536956c629382f8369d59600aa4cde92402d1278164f43e46d'}, 'dob': {'date': '1964-04-29T19:33:49.351Z', 'age': 60}, 'registered': {'date': '2021-05-29T07:57:17.131Z', 'age': 3}, 'phone': '07-141-824', 'cell': '044-536-82-12', 'id': {'name': 'HETU', 'value': 'NaNNA926undefined'}, 'picture': {'large': 'https://randomuser.me/api/portraits/women/94.jpg', 'medium': 'https://randomuser.me/api/portraits/med/women/94.jpg', 'thumbnail': 'https://randomuser.me/api/portraits/thumb/women/94.jpg'}, 'nat': 'FI'}], 'info': {'seed': '0cf94f075aeb9302', 'results': 1, 'page': 1, 'version': '1.4'}}</msg>
<arg>${json_data}</arg>
<doc>Logs the given message with the given level.</doc>
<status status="PASS" start="2024-07-20T16:18:32.729070" elapsed="0.000207"/>
</kw>
<kw name="Dictionary Should Contain Key" owner="Collections">
<arg>${json_data}</arg>
<arg>results</arg>
<doc>Fails if ``key`` is not found from ``dictionary``.</doc>
<status status="PASS" start="2024-07-20T16:18:32.729564" elapsed="0.000155"/>
</kw>
<kw name="Should Not Be Empty" owner="BuiltIn">
<msg time="2024-07-20T16:18:32.730028" level="INFO">Length is 2.</msg>
<arg>${json_data}</arg>
<doc>Verifies that the given item is not empty.</doc>
<status status="PASS" start="2024-07-20T16:18:32.729907" elapsed="0.000158"/>
</kw>
<kw name="Create List" owner="BuiltIn">
<msg time="2024-07-20T16:18:32.730494" level="INFO">${expected_keys} = ['gender', 'name', 'location', 'email', 'login']</msg>
<var>${expected_keys}</var>
<arg>gender</arg>
<arg>name</arg>
<arg>location</arg>
<arg>email</arg>
<arg>login</arg>
<doc>Returns a list containing given items.</doc>
<status status="PASS" start="2024-07-20T16:18:32.730348" elapsed="0.000171"/>
</kw>
<for flavor="IN">
<iter>
<kw name="Dictionary Should Contain Key" owner="Collections">
<arg>${json_data['results'][0]}</arg>
<arg>${key}</arg>
<doc>Fails if ``key`` is not found from ``dictionary``.</doc>
<status status="PASS" start="2024-07-20T16:18:32.731292" elapsed="0.000499"/>
</kw>
<kw name="Log" owner="BuiltIn">
<msg time="2024-07-20T16:18:32.732371" level="INFO">{'gender': 'female', 'name': {'title': 'Ms', 'first': 'Vilma', 'last': 'Marttila'}, 'location': {'street': {'number': 877, 'name': 'Suvantokatu'}, 'city': 'Karjalohja', 'state': 'Satakunta', 'country': 'Finland', 'postcode': 66119, 'coordinates': {'latitude': '-28.5456', 'longitude': '109.1053'}, 'timezone': {'offset': '+4:30', 'description': 'Kabul'}}, 'email': 'vilma.marttila@example.com', 'login': {'uuid': 'f9ea1d3a-9227-41d5-b6aa-b75ffa271d47', 'username': 'purpleostrich502', 'password': 'omega1', 'salt': 'jlEeYtDy', 'md5': '16a4a7e0930eeabf31c18cb368537ff7', 'sha1': '9749bbf096c8d3a71ca78fa41a38dcfb746c1df9', 'sha256': 'a169b7facc73ba536956c629382f8369d59600aa4cde92402d1278164f43e46d'}, 'dob': {'date': '1964-04-29T19:33:49.351Z', 'age': 60}, 'registered': {'date': '2021-05-29T07:57:17.131Z', 'age': 3}, 'phone': '07-141-824', 'cell': '044-536-82-12', 'id': {'name': 'HETU', 'value': 'NaNNA926undefined'}, 'picture': {'large': 'https://randomuser.me/api/portraits/women/94.jpg', 'medium': 'https://randomuser.me/api/portraits/med/women/94.jpg', 'thumbnail': 'https://randomuser.me/api/portraits/thumb/women/94.jpg'}, 'nat': 'FI'}</msg>
<arg>${json_data['results'][0]}</arg>
<doc>Logs the given message with the given level.</doc>
<status status="PASS" start="2024-07-20T16:18:32.731981" elapsed="0.000438"/>
</kw>
<kw name="Log" owner="BuiltIn">
<msg time="2024-07-20T16:18:32.732850" level="INFO">gender</msg>
<arg>${key}</arg>
<doc>Logs the given message with the given level.</doc>
<status status="PASS" start="2024-07-20T16:18:32.732724" elapsed="0.000163"/>
</kw>
<var name="${key}">gender</var>
<status status="PASS" start="2024-07-20T16:18:32.731105" elapsed="0.001995"/>
</iter>
<iter>
<kw name="Dictionary Should Contain Key" owner="Collections">
<arg>${json_data['results'][0]}</arg>
<arg>${key}</arg>
<doc>Fails if ``key`` is not found from ``dictionary``.</doc>
<status status="PASS" start="2024-07-20T16:18:32.733391" elapsed="0.000381"/>
</kw>
<kw name="Log" owner="BuiltIn">
<msg time="2024-07-20T16:18:32.734303" level="INFO">{'gender': 'female', 'name': {'title': 'Ms', 'first': 'Vilma', 'last': 'Marttila'}, 'location': {'street': {'number': 877, 'name': 'Suvantokatu'}, 'city': 'Karjalohja', 'state': 'Satakunta', 'country': 'Finland', 'postcode': 66119, 'coordinates': {'latitude': '-28.5456', 'longitude': '109.1053'}, 'timezone': {'offset': '+4:30', 'description': 'Kabul'}}, 'email': 'vilma.marttila@example.com', 'login': {'uuid': 'f9ea1d3a-9227-41d5-b6aa-b75ffa271d47', 'username': 'purpleostrich502', 'password': 'omega1', 'salt': 'jlEeYtDy', 'md5': '16a4a7e0930eeabf31c18cb368537ff7', 'sha1': '9749bbf096c8d3a71ca78fa41a38dcfb746c1df9', 'sha256': 'a169b7facc73ba536956c629382f8369d59600aa4cde92402d1278164f43e46d'}, 'dob': {'date': '1964-04-29T19:33:49.351Z', 'age': 60}, 'registered': {'date': '2021-05-29T07:57:17.131Z', 'age': 3}, 'phone': '07-141-824', 'cell': '044-536-82-12', 'id': {'name': 'HETU', 'value': 'NaNNA926undefined'}, 'picture': {'large': 'https://randomuser.me/api/portraits/women/94.jpg', 'medium': 'https://randomuser.me/api/portraits/med/women/94.jpg', 'thumbnail': 'https://randomuser.me/api/portraits/thumb/women/94.jpg'}, 'nat': 'FI'}</msg>
<arg>${json_data['results'][0]}</arg>
<doc>Logs the given message with the given level.</doc>
<status status="PASS" start="2024-07-20T16:18:32.733952" elapsed="0.000431"/>
</kw>
<kw name="Log" owner="BuiltIn">
<msg time="2024-07-20T16:18:32.734805" level="INFO">name</msg>
<arg>${key}</arg>
<doc>Logs the given message with the given level.</doc>
<status status="PASS" start="2024-07-20T16:18:32.734681" elapsed="0.000161"/>
</kw>
<var name="${key}">name</var>
<status status="PASS" start="2024-07-20T16:18:32.733281" elapsed="0.001773"/>
</iter>
<iter>
<kw name="Dictionary Should Contain Key" owner="Collections">
<arg>${json_data['results'][0]}</arg>
<arg>${key}</arg>
<doc>Fails if ``key`` is not found from ``dictionary``.</doc>
<status status="PASS" start="2024-07-20T16:18:32.735340" elapsed="0.000374"/>
</kw>
<kw name="Log" owner="BuiltIn">
<msg time="2024-07-20T16:18:32.736289" level="INFO">{'gender': 'female', 'name': {'title': 'Ms', 'first': 'Vilma', 'last': 'Marttila'}, 'location': {'street': {'number': 877, 'name': 'Suvantokatu'}, 'city': 'Karjalohja', 'state': 'Satakunta', 'country': 'Finland', 'postcode': 66119, 'coordinates': {'latitude': '-28.5456', 'longitude': '109.1053'}, 'timezone': {'offset': '+4:30', 'description': 'Kabul'}}, 'email': 'vilma.marttila@example.com', 'login': {'uuid': 'f9ea1d3a-9227-41d5-b6aa-b75ffa271d47', 'username': 'purpleostrich502', 'password': 'omega1', 'salt': 'jlEeYtDy', 'md5': '16a4a7e0930eeabf31c18cb368537ff7', 'sha1': '9749bbf096c8d3a71ca78fa41a38dcfb746c1df9', 'sha256': 'a169b7facc73ba536956c629382f8369d59600aa4cde92402d1278164f43e46d'}, 'dob': {'date': '1964-04-29T19:33:49.351Z', 'age': 60}, 'registered': {'date': '2021-05-29T07:57:17.131Z', 'age': 3}, 'phone': '07-141-824', 'cell': '044-536-82-12', 'id': {'name': 'HETU', 'value': 'NaNNA926undefined'}, 'picture': {'large': 'https://randomuser.me/api/portraits/women/94.jpg', 'medium': 'https://randomuser.me/api/portraits/med/women/94.jpg', 'thumbnail': 'https://randomuser.me/api/portraits/thumb/women/94.jpg'}, 'nat': 'FI'}</msg>
<arg>${json_data['results'][0]}</arg>
<doc>Logs the given message with the given level.</doc>
<status status="PASS" start="2024-07-20T16:18:32.735898" elapsed="0.000440"/>
</kw>
<kw name="Log" owner="BuiltIn">
<msg time="2024-07-20T16:18:32.736761" level="INFO">location</msg>
<arg>${key}</arg>
<doc>Logs the given message with the given level.</doc>
<status status="PASS" start="2024-07-20T16:18:32.736629" elapsed="0.000168"/>
</kw>
<var name="${key}">location</var>
<status status="PASS" start="2024-07-20T16:18:32.735228" elapsed="0.001784"/>
</iter>
<iter>
<kw name="Dictionary Should Contain Key" owner="Collections">
<arg>${json_data['results'][0]}</arg>
<arg>${key}</arg>
<doc>Fails if ``key`` is not found from ``dictionary``.</doc>
<status status="PASS" start="2024-07-20T16:18:32.737283" elapsed="0.000377"/>
</kw>
<kw name="Log" owner="BuiltIn">
<msg time="2024-07-20T16:18:32.738299" level="INFO">{'gender': 'female', 'name': {'title': 'Ms', 'first': 'Vilma', 'last': 'Marttila'}, 'location': {'street': {'number': 877, 'name': 'Suvantokatu'}, 'city': 'Karjalohja', 'state': 'Satakunta', 'country': 'Finland', 'postcode': 66119, 'coordinates': {'latitude': '-28.5456', 'longitude': '109.1053'}, 'timezone': {'offset': '+4:30', 'description': 'Kabul'}}, 'email': 'vilma.marttila@example.com', 'login': {'uuid': 'f9ea1d3a-9227-41d5-b6aa-b75ffa271d47', 'username': 'purpleostrich502', 'password': 'omega1', 'salt': 'jlEeYtDy', 'md5': '16a4a7e0930eeabf31c18cb368537ff7', 'sha1': '9749bbf096c8d3a71ca78fa41a38dcfb746c1df9', 'sha256': 'a169b7facc73ba536956c629382f8369d59600aa4cde92402d1278164f43e46d'}, 'dob': {'date': '1964-04-29T19:33:49.351Z', 'age': 60}, 'registered': {'date': '2021-05-29T07:57:17.131Z', 'age': 3}, 'phone': '07-141-824', 'cell': '044-536-82-12', 'id': {'name': 'HETU', 'value': 'NaNNA926undefined'}, 'picture': {'large': 'https://randomuser.me/api/portraits/women/94.jpg', 'medium': 'https://randomuser.me/api/portraits/med/women/94.jpg', 'thumbnail': 'https://randomuser.me/api/portraits/thumb/women/94.jpg'}, 'nat': 'FI'}</msg>
<arg>${json_data['results'][0]}</arg>
<doc>Logs the given message with the given level.</doc>
<status status="PASS" start="2024-07-20T16:18:32.737954" elapsed="0.000392"/>
</kw>
<kw name="Log" owner="BuiltIn">
<msg time="2024-07-20T16:18:32.738775" level="INFO">email</msg>
<arg>${key}</arg>
<doc>Logs the given message with the given level.</doc>
<status status="PASS" start="2024-07-20T16:18:32.738641" elapsed="0.000171"/>
</kw>
<var name="${key}">email</var>
<status status="PASS" start="2024-07-20T16:18:32.737178" elapsed="0.001845"/>
</iter>
<iter>
<kw name="Dictionary Should Contain Key" owner="Collections">
<arg>${json_data['results'][0]}</arg>
<arg>${key}</arg>
<doc>Fails if ``key`` is not found from ``dictionary``.</doc>
<status status="PASS" start="2024-07-20T16:18:32.739299" elapsed="0.000372"/>
</kw>
<kw name="Log" owner="BuiltIn">
<msg time="2024-07-20T16:18:32.740243" level="INFO">{'gender': 'female', 'name': {'title': 'Ms', 'first': 'Vilma', 'last': 'Marttila'}, 'location': {'street': {'number': 877, 'name': 'Suvantokatu'}, 'city': 'Karjalohja', 'state': 'Satakunta', 'country': 'Finland', 'postcode': 66119, 'coordinates': {'latitude': '-28.5456', 'longitude': '109.1053'}, 'timezone': {'offset': '+4:30', 'description': 'Kabul'}}, 'email': 'vilma.marttila@example.com', 'login': {'uuid': 'f9ea1d3a-9227-41d5-b6aa-b75ffa271d47', 'username': 'purpleostrich502', 'password': 'omega1', 'salt': 'jlEeYtDy', 'md5': '16a4a7e0930eeabf31c18cb368537ff7', 'sha1': '9749bbf096c8d3a71ca78fa41a38dcfb746c1df9', 'sha256': 'a169b7facc73ba536956c629382f8369d59600aa4cde92402d1278164f43e46d'}, 'dob': {'date': '1964-04-29T19:33:49.351Z', 'age': 60}, 'registered': {'date': '2021-05-29T07:57:17.131Z', 'age': 3}, 'phone': '07-141-824', 'cell': '044-536-82-12', 'id': {'name': 'HETU', 'value': 'NaNNA926undefined'}, 'picture': {'large': 'https://randomuser.me/api/portraits/women/94.jpg', 'medium': 'https://randomuser.me/api/portraits/med/women/94.jpg', 'thumbnail': 'https://randomuser.me/api/portraits/thumb/women/94.jpg'}, 'nat': 'FI'}</msg>
<arg>${json_data['results'][0]}</arg>
<doc>Logs the given message with the given level.</doc>
<status status="PASS" start="2024-07-20T16:18:32.739853" elapsed="0.000438"/>
</kw>
<kw name="Log" owner="BuiltIn">
<msg time="2024-07-20T16:18:32.740708" level="INFO">login</msg>
<arg>${key}</arg>
<doc>Logs the given message with the given level.</doc>
<status status="PASS" start="2024-07-20T16:18:32.740584" elapsed="0.000160"/>
</kw>
<var name="${key}">login</var>
<status status="PASS" start="2024-07-20T16:18:32.739192" elapsed="0.001766"/>
</iter>
<var>${key}</var>
<value>@{expected_keys}</value>
<status status="PASS" start="2024-07-20T16:18:32.730843" elapsed="0.010234"/>
</for>
<kw name="Create List" owner="BuiltIn">
<msg time="2024-07-20T16:18:32.741391" level="INFO">${expected_keysTwo} = ['username', 'password']</msg>
<var>${expected_keysTwo}</var>
<arg>username</arg>
<arg>password</arg>
<doc>Returns a list containing given items.</doc>
<status status="PASS" start="2024-07-20T16:18:32.741261" elapsed="0.000154"/>
</kw>
<for flavor="IN">
<iter>
<kw name="Dictionary Should Contain Key" owner="Collections">
<arg>${json_data['results'][0]['login']}</arg>
<arg>${keyTwo}</arg>
<doc>Fails if ``key`` is not found from ``dictionary``.</doc>
<status status="PASS" start="2024-07-20T16:18:32.741921" elapsed="0.000378"/>
</kw>
<kw name="Dictionary Should Contain Key" owner="Collections">
<arg>${json_data['results'][0]['login']}</arg>
<arg>${keyTwo}</arg>
<doc>Fails if ``key`` is not found from ``dictionary``.</doc>
<status status="PASS" start="2024-07-20T16:18:32.742478" elapsed="0.000371"/>
</kw>
<kw name="Log" owner="BuiltIn">
<msg time="2024-07-20T16:18:32.743139" level="INFO">username</msg>
<arg>${keyTwo}</arg>
<doc>Logs the given message with the given level.</doc>
<status status="PASS" start="2024-07-20T16:18:32.743023" elapsed="0.000153"/>
</kw>
<var name="${keyTwo}">username</var>
<status status="PASS" start="2024-07-20T16:18:32.741818" elapsed="0.001572"/>
</iter>
<iter>
<kw name="Dictionary Should Contain Key" owner="Collections">
<arg>${json_data['results'][0]['login']}</arg>
<arg>${keyTwo}</arg>
<doc>Fails if ``key`` is not found from ``dictionary``.</doc>
<status status="PASS" start="2024-07-20T16:18:32.743667" elapsed="0.000369"/>
</kw>
<kw name="Dictionary Should Contain Key" owner="Collections">
<arg>${json_data['results'][0]['login']}</arg>
<arg>${keyTwo}</arg>
<doc>Fails if ``key`` is not found from ``dictionary``.</doc>
<status status="PASS" start="2024-07-20T16:18:32.744257" elapsed="0.000366"/>
</kw>
<kw name="Log" owner="BuiltIn">
<msg time="2024-07-20T16:18:32.744917" level="INFO">password</msg>
<arg>${keyTwo}</arg>
<doc>Logs the given message with the given level.</doc>
<status status="PASS" start="2024-07-20T16:18:32.744796" elapsed="0.000158"/>
</kw>
<var name="${keyTwo}">password</var>
<status status="PASS" start="2024-07-20T16:18:32.743558" elapsed="0.001614"/>
</iter>
<var>${keyTwo}</var>
<value>@{expected_keysTwo}</value>
<status status="PASS" start="2024-07-20T16:18:32.741670" elapsed="0.003626"/>
</for>
<status status="PASS" start="2024-07-20T16:18:32.634790" elapsed="0.110645"/>
</kw>
<doc>Testa a estrutura da resposta da API.</doc>
<tag>testeEstruturaResposta</tag>
<status status="PASS" start="2024-07-20T16:18:32.634223" elapsed="0.111359"/>
</test>
<test id="s1-s1-t4" name="Validar tipos de dados" line="28">
<kw name="Teste de Tipos de Dados" owner="random-user-service">
<kw name="GET On Session" owner="RequestsLibrary">
<msg time="2024-07-20T16:18:32.804558" level="INFO">GET Request : url=https://randomuser.me/api 
 path_url=/api 
 headers={'User-Agent': 'python-requests/2.32.3', 'Accept-Encoding': 'gzip, deflate', 'Accept': '*/*', 'Connection': 'keep-alive'} 
 body=None 
 </msg>
<msg time="2024-07-20T16:18:32.804640" level="INFO">GET Response : url=https://randomuser.me/api 
 status=200, reason=OK 
 headers={'Date': 'Sat, 20 Jul 2024 16:18:32 GMT', 'Content-Type': 'application/json; charset=utf-8', 'Transfer-Encoding': 'chunked', 'Connection': 'keep-alive', 'X-Powered-By': 'Express', 'Access-Control-Allow-Origin': '*', 'Cache-Control': 'no-cache', 'ETag': 'W/"47d-DVmpk3S3Ls0nSLErtxhkPXkFvpA"', 'Vary': 'Accept-Encoding', 'Content-Encoding': 'gzip', 'CF-Cache-Status': 'DYNAMIC', 'Report-To': '{"endpoints":[{"url":"https:\\/\\/a.nel.cloudflare.com\\/report\\/v4?s=S9HTDpX6xbbeCuBKynUF6ftheZb3t%2Fy8NingOYviyRoU9SjQMjzWlSQU53dOvZfbCFYhb3q5Lx2A1EBpueaDbBmBBTgkloYTgAlNe%2BautFuf65c6eqP%2Bar9d2vH7MqWB"}],"group":"cf-nel","max_age":604800}', 'NEL': '{"success_fraction":0,"report_to":"cf-nel","max_age":604800}', 'Server': 'cloudflare', 'CF-RAY': '8a64448acfd007c5-IAD', 'alt-svc': 'h3=":443"; ma=86400'} 
 body={"results":[{"gender":"male","name":{"title":"Mr","first":"Milo","last":"Leclerc"},"location":{"street":{"number":6307,"name":"Rue Abel"},"city":"Poitiers","state":"Haute-Garonne","country":"France","postcode":50672,"coordinates":{"latitude":"-20.5684","longitude":"-160.3131"},"timezone":{"offset":"+5:45","description":"Kathmandu"}},"email":"milo.leclerc@example.com","login":{"uuid":"a8ba5b67-e4b5-43f5-bd7e-24f4fb16275d","username":"heavytiger253","password":"starfish","salt":"5rTun7vE","md5":"e27ea79a14282069c9b2e71e3dffefec","sha1":"ef32fd49679643d00e15fdd53994ccf37aaaa518","sha256":"2527c8e4abfd04b8455dbff7ce9dc519a53d7976391bb3c063a3fef97a7d642a"},"dob":{"date":"1959-12-16T09:55:20.308Z","age":64},"registered":{"date":"2021-09-26T16:32:06.494Z","age":2},"phone":"05-61-41-43-84","cell":"06-88-68-55-16","id":{"name":"INSEE","value":"1591165711642 86"},"picture":{"large":"https://randomuser.me/api/portraits/men/30.jpg","medium":"https://randomuser.me/api/portraits/med/men/30.jpg","thumbnail":"https://randomuser.me/api/portraits/thumb/men/30.jpg"},"nat":"FR"}],"info":{"seed":"394ae789a25bc53d","results":1,"page":1,"version":"1.4"}} 
 </msg>
<msg time="2024-07-20T16:18:32.804699" level="INFO">/opt/hostedtoolcache/Python/3.12.4/x64/lib/python3.12/site-packages/urllib3/connectionpool.py:1099: InsecureRequestWarning: Unverified HTTPS request is being made to host 'randomuser.me'. Adding certificate verification is strongly advised. See: https://urllib3.readthedocs.io/en/latest/advanced-usage.html#tls-warnings
  warnings.warn(</msg>
<msg time="2024-07-20T16:18:32.804790" level="INFO">${response} = &lt;Response [200]&gt;</msg>
<var>${response}</var>
<arg>consultarAPI</arg>
<arg>/api</arg>
<doc>Sends a GET request on a previously created HTTP Session.</doc>
<status status="PASS" start="2024-07-20T16:18:32.748053" elapsed="0.056778"/>
</kw>
<kw name="Set Variable" owner="BuiltIn">
<msg time="2024-07-20T16:18:32.805879" level="INFO">${json_data} = {'results': [{'gender': 'male', 'name': {'title': 'Mr', 'first': 'Milo', 'last': 'Leclerc'}, 'location': {'street': {'number': 6307, 'name': 'Rue Abel'}, 'city': 'Poitiers', 'state': 'Haute-Garonne', ...</msg>
<var>${json_data}</var>
<arg>${response.json()}</arg>
<doc>Returns the given values which can then be assigned to a variables.</doc>
<status status="PASS" start="2024-07-20T16:18:32.805311" elapsed="0.000597"/>
</kw>
<kw name="Log" owner="BuiltIn">
<msg time="2024-07-20T16:18:32.806370" level="INFO">{'results': [{'gender': 'male', 'name': {'title': 'Mr', 'first': 'Milo', 'last': 'Leclerc'}, 'location': {'street': {'number': 6307, 'name': 'Rue Abel'}, 'city': 'Poitiers', 'state': 'Haute-Garonne', 'country': 'France', 'postcode': 50672, 'coordinates': {'latitude': '-20.5684', 'longitude': '-160.3131'}, 'timezone': {'offset': '+5:45', 'description': 'Kathmandu'}}, 'email': 'milo.leclerc@example.com', 'login': {'uuid': 'a8ba5b67-e4b5-43f5-bd7e-24f4fb16275d', 'username': 'heavytiger253', 'password': 'starfish', 'salt': '5rTun7vE', 'md5': 'e27ea79a14282069c9b2e71e3dffefec', 'sha1': 'ef32fd49679643d00e15fdd53994ccf37aaaa518', 'sha256': '2527c8e4abfd04b8455dbff7ce9dc519a53d7976391bb3c063a3fef97a7d642a'}, 'dob': {'date': '1959-12-16T09:55:20.308Z', 'age': 64}, 'registered': {'date': '2021-09-26T16:32:06.494Z', 'age': 2}, 'phone': '05-61-41-43-84', 'cell': '06-88-68-55-16', 'id': {'name': 'INSEE', 'value': '1591165711642 86'}, 'picture': {'large': 'https://randomuser.me/api/portraits/men/30.jpg', 'medium': 'https://randomuser.me/api/portraits/med/men/30.jpg', 'thumbnail': 'https://randomuser.me/api/portraits/thumb/men/30.jpg'}, 'nat': 'FR'}], 'info': {'seed': '394ae789a25bc53d', 'results': 1, 'page': 1, 'version': '1.4'}}</msg>
<arg>${json_data}</arg>
<doc>Logs the given message with the given level.</doc>
<status status="PASS" start="2024-07-20T16:18:32.806218" elapsed="0.000198"/>
</kw>
<kw name="Should Be String" owner="String">
<arg>${json_data['results'][0]['gender']}</arg>
<doc>Fails if the given ``item`` is not a string.</doc>
<status status="PASS" start="2024-07-20T16:18:32.806705" elapsed="0.000366"/>
</kw>
<kw name="Should Match Regexp" owner="BuiltIn">
<arg>${json_data['results'][0]['email']}</arg>
<arg>^[a-zA-Z0-9._%+-]+@[a-zA-Z0-9.-]+\.[a-zA-Z]{2,}$</arg>
<doc>Fails if ``string`` does not match ``pattern`` as a regular expression.</doc>
<status status="PASS" start="2024-07-20T16:18:32.807256" elapsed="0.000507"/>
</kw>
<kw name="Should Match Regexp" owner="BuiltIn">
<arg>${json_data['results'][0]['dob']['date']}</arg>
<arg>\\d{4}-\\d{2}-\\d{2}T\\d{2}:\\d{2}:\\d{2}\\.\\d{3}Z</arg>
<doc>Fails if ``string`` does not match ``pattern`` as a regular expression.</doc>
<status status="PASS" start="2024-07-20T16:18:32.807991" elapsed="0.000635"/>
</kw>
<kw name="Should Match Regexp" owner="BuiltIn">
<arg>${json_data['results'][0]['registered']['date']}</arg>
<arg>\\d{4}-\\d{2}-\\d{2}T\\d{2}:\\d{2}:\\d{2}\\.\\d{3}Z</arg>
<doc>Fails if ``string`` does not match ``pattern`` as a regular expression.</doc>
<status status="PASS" start="2024-07-20T16:18:32.808820" elapsed="0.000368"/>
</kw>
<kw name="Should Match Regexp" owner="BuiltIn">
<arg>${json_data['results'][0]['picture']['large']}</arg>
<arg>^https?://.*\.(?:png|jpe?g|gif|bmp)$</arg>
<doc>Fails if ``string`` does not match ``pattern`` as a regular expression.</doc>
<status status="PASS" start="2024-07-20T16:18:32.809375" elapsed="0.000456"/>
</kw>
<kw name="Should Match Regexp" owner="BuiltIn">
<arg>${json_data['results'][0]['picture']['medium']}</arg>
<arg>^https?://.*\.(?:png|jpe?g|gif|bmp)$</arg>
<doc>Fails if ``string`` does not match ``pattern`` as a regular expression.</doc>
<status status="PASS" start="2024-07-20T16:18:32.810017" elapsed="0.000356"/>
</kw>
<kw name="Should Match Regexp" owner="BuiltIn">
<arg>${json_data['results'][0]['picture']['thumbnail']}</arg>
<arg>^https?://.*\.(?:png|jpe?g|gif|bmp)$</arg>
<doc>Fails if ``string`` does not match ``pattern`` as a regular expression.</doc>
<status status="PASS" start="2024-07-20T16:18:32.810567" elapsed="0.000351"/>
</kw>
<kw name="Log" owner="BuiltIn">
<msg time="2024-07-20T16:18:32.811414" level="INFO">{'large': 'https://randomuser.me/api/portraits/men/30.jpg', 'medium': 'https://randomuser.me/api/portraits/med/men/30.jpg', 'thumbnail': 'https://randomuser.me/api/portraits/thumb/men/30.jpg'}</msg>
<arg>${json_data['results'][0]['picture']}</arg>
<doc>Logs the given message with the given level.</doc>
<status status="PASS" start="2024-07-20T16:18:32.811096" elapsed="0.000358"/>
</kw>
<status status="PASS" start="2024-07-20T16:18:32.747834" elapsed="0.063876"/>
</kw>
<kw name="Teste de Tipos de Dados - Postcode" owner="random-user-service">
<kw name="GET On Session" owner="RequestsLibrary">
<msg time="2024-07-20T16:18:32.916556" level="INFO">GET Request : url=https://randomuser.me/api 
 path_url=/api 
 headers={'User-Agent': 'python-requests/2.32.3', 'Accept-Encoding': 'gzip, deflate', 'Accept': '*/*', 'Connection': 'keep-alive'} 
 body=None 
 </msg>
<msg time="2024-07-20T16:18:32.916622" level="INFO">GET Response : url=https://randomuser.me/api 
 status=200, reason=OK 
 headers={'Date': 'Sat, 20 Jul 2024 16:18:32 GMT', 'Content-Type': 'application/json; charset=utf-8', 'Transfer-Encoding': 'chunked', 'Connection': 'keep-alive', 'X-Powered-By': 'Express', 'Access-Control-Allow-Origin': '*', 'Cache-Control': 'no-cache', 'ETag': 'W/"4ae-sLu0uQuxHPMY/AsJRb+CHH79OZ8"', 'Vary': 'Accept-Encoding', 'Content-Encoding': 'gzip', 'CF-Cache-Status': 'DYNAMIC', 'Report-To': '{"endpoints":[{"url":"https:\\/\\/a.nel.cloudflare.com\\/report\\/v4?s=uZd92usE8aufoSxw2P%2B9rxnXAb5o5ac3Nxs9CPnXxdGq3mqbFEY1RDDd%2FQMpdI8s6p2Rd1%2BOKw46qxPUYB1VKU2I62eb0xr%2BI3YCliNePU4PcAlQCnhFCNH6gb%2BtTZ2y"}],"group":"cf-nel","max_age":604800}', 'NEL': '{"success_fraction":0,"report_to":"cf-nel","max_age":604800}', 'Server': 'cloudflare', 'CF-RAY': '8a64448b282a07c5-IAD', 'alt-svc': 'h3=":443"; ma=86400'} 
 body={"results":[{"gender":"female","name":{"title":"Mrs","first":"Lia","last":"Schmitt"},"location":{"street":{"number":3734,"name":"Montée Saint-Barthélémy"},"city":"Montpellier","state":"Finistère","country":"France","postcode":84252,"coordinates":{"latitude":"-19.5133","longitude":"52.6750"},"timezone":{"offset":"+3:00","description":"Baghdad, Riyadh, Moscow, St. Petersburg"}},"email":"lia.schmitt@example.com","login":{"uuid":"8fa85384-d555-455b-a947-d93bf617726e","username":"lazyswan636","password":"drizzt","salt":"wtwwuT5L","md5":"84085879488806d8d155dcfc231e6877","sha1":"9431fb4d16c96dbf8b97ad34340f86959d046a84","sha256":"f7673ee1474a0f724598f5b89dc0f6bb9616f86a0dd490bd5a783bb6ee670ca5"},"dob":{"date":"1957-07-30T05:48:10.732Z","age":66},"registered":{"date":"2017-01-15T22:09:20.765Z","age":7},"phone":"02-14-41-39-07","cell":"06-09-37-05-55","id":{"name":"INSEE","value":"2570671129621 10"},"picture":{"large":"https://randomuser.me/api/portraits/women/94.jpg","medium":"https://randomuser.me/api/portraits/med/women/94.jpg","thumbnail":"https://randomuser.me/api/portraits/thumb/women/94.jpg"},"nat":"FR"}],"info":{"seed":"42316ea189907f32","results":1,"page":1,"version":"1.4"}} 
 </msg>
<msg time="2024-07-20T16:18:32.916680" level="INFO">/opt/hostedtoolcache/Python/3.12.4/x64/lib/python3.12/site-packages/urllib3/connectionpool.py:1099: InsecureRequestWarning: Unverified HTTPS request is being made to host 'randomuser.me'. Adding certificate verification is strongly advised. See: https://urllib3.readthedocs.io/en/latest/advanced-usage.html#tls-warnings
  warnings.warn(</msg>
<msg time="2024-07-20T16:18:32.916772" level="INFO">${response} = &lt;Response [200]&gt;</msg>
<var>${response}</var>
<arg>consultarAPI</arg>
<arg>/api</arg>
<doc>Sends a GET request on a previously created HTTP Session.</doc>
<status status="PASS" start="2024-07-20T16:18:32.812168" elapsed="0.104643"/>
</kw>
<kw name="Set Variable" owner="BuiltIn">
<msg time="2024-07-20T16:18:32.917857" level="INFO">${json_data} = {'results': [{'gender': 'female', 'name': {'title': 'Mrs', 'first': 'Lia', 'last': 'Schmitt'}, 'location': {'street': {'number': 3734, 'name': 'Montée Saint-Barthélémy'}, 'city': 'Montpellier', 'state...</msg>
<var>${json_data}</var>
<arg>${response.json()}</arg>
<doc>Returns the given values which can then be assigned to a variables.</doc>
<status status="PASS" start="2024-07-20T16:18:32.917280" elapsed="0.000607"/>
</kw>
<kw name="Log" owner="BuiltIn">
<msg time="2024-07-20T16:18:32.918353" level="INFO">{'results': [{'gender': 'female', 'name': {'title': 'Mrs', 'first': 'Lia', 'last': 'Schmitt'}, 'location': {'street': {'number': 3734, 'name': 'Montée Saint-Barthélémy'}, 'city': 'Montpellier', 'state': 'Finistère', 'country': 'France', 'postcode': 84252, 'coordinates': {'latitude': '-19.5133', 'longitude': '52.6750'}, 'timezone': {'offset': '+3:00', 'description': 'Baghdad, Riyadh, Moscow, St. Petersburg'}}, 'email': 'lia.schmitt@example.com', 'login': {'uuid': '8fa85384-d555-455b-a947-d93bf617726e', 'username': 'lazyswan636', 'password': 'drizzt', 'salt': 'wtwwuT5L', 'md5': '84085879488806d8d155dcfc231e6877', 'sha1': '9431fb4d16c96dbf8b97ad34340f86959d046a84', 'sha256': 'f7673ee1474a0f724598f5b89dc0f6bb9616f86a0dd490bd5a783bb6ee670ca5'}, 'dob': {'date': '1957-07-30T05:48:10.732Z', 'age': 66}, 'registered': {'date': '2017-01-15T22:09:20.765Z', 'age': 7}, 'phone': '02-14-41-39-07', 'cell': '06-09-37-05-55', 'id': {'name': 'INSEE', 'value': '2570671129621 10'}, 'picture': {'large': 'https://randomuser.me/api/portraits/women/94.jpg', 'medium': 'https://randomuser.me/api/portraits/med/women/94.jpg', 'thumbnail': 'https://randomuser.me/api/portraits/thumb/women/94.jpg'}, 'nat': 'FR'}], 'info': {'seed': '42316ea189907f32', 'results': 1, 'page': 1, 'version': '1.4'}}</msg>
<arg>${json_data}</arg>
<doc>Logs the given message with the given level.</doc>
<status status="PASS" start="2024-07-20T16:18:32.918196" elapsed="0.000212"/>
</kw>
<kw name="Should Be Equal As Numbers" owner="BuiltIn">
<arg>${json_data['results'][0]['location']['postcode']}</arg>
<arg>${json_data['results'][0]['location']['postcode']}</arg>
<doc>Fails if objects are unequal after converting them to real numbers.</doc>
<status status="PASS" start="2024-07-20T16:18:32.918701" elapsed="0.000622"/>
</kw>
<kw name="Log" owner="BuiltIn">
<msg time="2024-07-20T16:18:32.919851" level="INFO">84252</msg>
<arg>${json_data['results'][0]['location']['postcode']}</arg>
<doc>Logs the given message with the given level.</doc>
<status status="PASS" start="2024-07-20T16:18:32.919514" elapsed="0.000377"/>
</kw>
<status status="PASS" start="2024-07-20T16:18:32.811921" elapsed="0.108295"/>
</kw>
<doc>Testa se os tipos de dados na resposta da API estão corretos.</doc>
<tag>testeTiposDados</tag>
<status status="PASS" start="2024-07-20T16:18:32.747293" elapsed="0.173088"/>
</test>
<test id="s1-s1-t5" name="Validar conteudo" line="35">
<kw name="Teste de Tipos de Conteudo" owner="random-user-service">
<kw name="GET On Session" owner="RequestsLibrary">
<msg time="2024-07-20T16:18:33.009346" level="INFO">GET Request : url=https://randomuser.me/api 
 path_url=/api 
 headers={'User-Agent': 'python-requests/2.32.3', 'Accept-Encoding': 'gzip, deflate', 'Accept': '*/*', 'Connection': 'keep-alive'} 
 body=None 
 </msg>
<msg time="2024-07-20T16:18:33.009431" level="INFO">GET Response : url=https://randomuser.me/api 
 status=200, reason=OK 
 headers={'Date': 'Sat, 20 Jul 2024 16:18:33 GMT', 'Content-Type': 'application/json; charset=utf-8', 'Transfer-Encoding': 'chunked', 'Connection': 'keep-alive', 'X-Powered-By': 'Express', 'Access-Control-Allow-Origin': '*', 'Cache-Control': 'no-cache', 'ETag': 'W/"485-V1S+KQaIJgzbFKI4T4YREty3LUA"', 'Vary': 'Accept-Encoding', 'Content-Encoding': 'gzip', 'CF-Cache-Status': 'DYNAMIC', 'Report-To': '{"endpoints":[{"url":"https:\\/\\/a.nel.cloudflare.com\\/report\\/v4?s=AppVcE1gBw6qyyHaWDxsBo3jK%2BlTjfLB2QqZcCU8pmw0Y0m4vMm4m02imiSWmYSjVToiQYUG3avPHGmqil9AS2vxLhVplU%2FZ62lcc8Q5R9U3pMSriK6cAMMRKXvKXb3W"}],"group":"cf-nel","max_age":604800}', 'NEL': '{"success_fraction":0,"report_to":"cf-nel","max_age":604800}', 'Server': 'cloudflare', 'CF-RAY': '8a64448bd8f207c5-IAD', 'alt-svc': 'h3=":443"; ma=86400'} 
 body={"results":[{"gender":"male","name":{"title":"Mr","first":"Tor","last":"Hilleren"},"location":{"street":{"number":7556,"name":"Risbekkveien"},"city":"Kjøpmannsskjær","state":"Telemark","country":"Norway","postcode":"1954","coordinates":{"latitude":"45.3293","longitude":"-105.6127"},"timezone":{"offset":"-3:00","description":"Brazil, Buenos Aires, Georgetown"}},"email":"tor.hilleren@example.com","login":{"uuid":"e55cb6c7-7b34-4be1-8de2-4759e7cdbafc","username":"tinycat346","password":"stanford","salt":"DTmpS4fa","md5":"73a7714ffa6d1060ed5e6feee4cdfdc2","sha1":"d16603219a2f2b2ad1bb3bc72f4d84ebff295c44","sha256":"9cd9561d712752ba0557ba7cc17d7a67df954effae83b7be0d4e3002a95411fd"},"dob":{"date":"1971-03-08T21:35:39.746Z","age":53},"registered":{"date":"2009-03-30T10:41:43.149Z","age":15},"phone":"84887697","cell":"44951586","id":{"name":"FN","value":"08037122794"},"picture":{"large":"https://randomuser.me/api/portraits/men/58.jpg","medium":"https://randomuser.me/api/portraits/med/men/58.jpg","thumbnail":"https://randomuser.me/api/portraits/thumb/men/58.jpg"},"nat":"NO"}],"info":{"seed":"7b134c583d2f138e","results":1,"page":1,"version":"1.4"}} 
 </msg>
<msg time="2024-07-20T16:18:33.009509" level="INFO">/opt/hostedtoolcache/Python/3.12.4/x64/lib/python3.12/site-packages/urllib3/connectionpool.py:1099: InsecureRequestWarning: Unverified HTTPS request is being made to host 'randomuser.me'. Adding certificate verification is strongly advised. See: https://urllib3.readthedocs.io/en/latest/advanced-usage.html#tls-warnings
  warnings.warn(</msg>
<msg time="2024-07-20T16:18:33.009635" level="INFO">${response} = &lt;Response [200]&gt;</msg>
<var>${response}</var>
<arg>consultarAPI</arg>
<arg>/api</arg>
<doc>Sends a GET request on a previously created HTTP Session.</doc>
<status status="PASS" start="2024-07-20T16:18:32.922877" elapsed="0.086812"/>
</kw>
<kw name="Set Variable" owner="BuiltIn">
<msg time="2024-07-20T16:18:33.010584" level="INFO">${json_data} = {'results': [{'gender': 'male', 'name': {'title': 'Mr', 'first': 'Tor', 'last': 'Hilleren'}, 'location': {'street': {'number': 7556, 'name': 'Risbekkveien'}, 'city': 'Kjøpmannsskjær', 'state': 'Telema...</msg>
<var>${json_data}</var>
<arg>${response.json()}</arg>
<doc>Returns the given values which can then be assigned to a variables.</doc>
<status status="PASS" start="2024-07-20T16:18:33.010144" elapsed="0.000470"/>
</kw>
<kw name="Set Variable" owner="BuiltIn">
<msg time="2024-07-20T16:18:33.011585" level="INFO">${name_title} = Mr</msg>
<var>${name_title}</var>
<arg>${json_data["results"][0]["name"]["title"]}</arg>
<doc>Returns the given values which can then be assigned to a variables.</doc>
<status status="PASS" start="2024-07-20T16:18:33.010989" elapsed="0.000639"/>
</kw>
<kw name="Create List" owner="BuiltIn">
<msg time="2024-07-20T16:18:33.012331" level="INFO">${allowed_titles} = ['Mr', 'Ms', 'Miss', 'Mrs', 'Madame', 'Monsieur']</msg>
<var>${allowed_titles}</var>
<arg>Mr</arg>
<arg>Ms</arg>
<arg>Miss</arg>
<arg>Mrs</arg>
<arg>Madame</arg>
<arg>Monsieur</arg>
<doc>Returns a list containing given items.</doc>
<status status="PASS" start="2024-07-20T16:18:33.012073" elapsed="0.000299"/>
</kw>
<kw name="List Should Contain Value" owner="Collections">
<arg>${allowed_titles}</arg>
<arg>${name_title}</arg>
<doc>Fails if the ``value`` is not found from ``list``.</doc>
<status status="PASS" start="2024-07-20T16:18:33.012790" elapsed="0.000185"/>
</kw>
<kw name="Set Variable" owner="BuiltIn">
<msg time="2024-07-20T16:18:33.013535" level="INFO">${name_country} = NO</msg>
<var>${name_country}</var>
<arg>${json_data["results"][0]["nat"]}</arg>
<doc>Returns the given values which can then be assigned to a variables.</doc>
<status status="PASS" start="2024-07-20T16:18:33.013158" elapsed="0.000403"/>
</kw>
<kw name="Create List" owner="BuiltIn">
<msg time="2024-07-20T16:18:33.014445" level="INFO">${list_country} = ['AD', 'AE', 'AF', 'AG', 'AI', 'AL', 'AM', 'AO', 'AQ', 'AR', 'AS', 'AT', 'AU', 'AW', 'AX', 'AZ', 'BA', 'BB', 'BD', 'BE', 'BF', 'BG', 'BH', 'BI', 'BJ', 'BL', 'BM', 'BN', 'BO', 'BQ', 'BR', 'BS', 'BT', '...</msg>
<var>${list_country}</var>
<arg>AD</arg>
<arg>AE</arg>
<arg>AF</arg>
<arg>AG</arg>
<arg>AI</arg>
<arg>AL</arg>
<arg>AM</arg>
<arg>AO</arg>
<arg>AQ</arg>
<arg>AR</arg>
<arg>AS</arg>
<arg>AT</arg>
<arg>AU</arg>
<arg>AW</arg>
<arg>AX</arg>
<arg>AZ</arg>
<arg>BA</arg>
<arg>BB</arg>
<arg>BD</arg>
<arg>BE</arg>
<arg>BF</arg>
<arg>BG</arg>
<arg>BH</arg>
<arg>BI</arg>
<arg>BJ</arg>
<arg>BL</arg>
<arg>BM</arg>
<arg>BN</arg>
<arg>BO</arg>
<arg>BQ</arg>
<arg>BR</arg>
<arg>BS</arg>
<arg>BT</arg>
<arg>BV</arg>
<arg>BW</arg>
<arg>BY</arg>
<arg>BZ</arg>
<arg>CA</arg>
<arg>CC</arg>
<arg>CD</arg>
<arg>CF</arg>
<arg>CG</arg>
<arg>CH</arg>
<arg>CI</arg>
<arg>CK</arg>
<arg>CL</arg>
<arg>CM</arg>
<arg>CN</arg>
<arg>CO</arg>
<arg>CR</arg>
<arg>CU</arg>
<arg>CV</arg>
<arg>CW</arg>
<arg>CX</arg>
<arg>CY</arg>
<arg>CZ</arg>
<arg>DE</arg>
<arg>DJ</arg>
<arg>DK</arg>
<arg>DM</arg>
<arg>DO</arg>
<arg>DZ</arg>
<arg>EC</arg>
<arg>EE</arg>
<arg>EG</arg>
<arg>EH</arg>
<arg>ER</arg>
<arg>ES</arg>
<arg>ET</arg>
<arg>FI</arg>
<arg>FJ</arg>
<arg>FK</arg>
<arg>FM</arg>
<arg>FO</arg>
<arg>FR</arg>
<arg>GA</arg>
<arg>GB</arg>
<arg>GD</arg>
<arg>GE</arg>
<arg>GF</arg>
<arg>GG</arg>
<arg>GH</arg>
<arg>GI</arg>
<arg>GL</arg>
<arg>GM</arg>
<arg>GN</arg>
<arg>GP</arg>
<arg>GQ</arg>
<arg>GR</arg>
<arg>GS</arg>
<arg>GT</arg>
<arg>GU</arg>
<arg>GW</arg>
<arg>GY</arg>
<arg>HK</arg>
<arg>HM</arg>
<arg>HN</arg>
<arg>HR</arg>
<arg>HT</arg>
<arg>HU</arg>
<arg>ID</arg>
<arg>IE</arg>
<arg>IL</arg>
<arg>IM</arg>
<arg>IN</arg>
<arg>IO</arg>
<arg>IQ</arg>
<arg>IR</arg>
<arg>IS</arg>
<arg>IT</arg>
<arg>JE</arg>
<arg>JM</arg>
<arg>JO</arg>
<arg>JP</arg>
<arg>KE</arg>
<arg>KG</arg>
<arg>KH</arg>
<arg>KI</arg>
<arg>KM</arg>
<arg>KN</arg>
<arg>KP</arg>
<arg>KR</arg>
<arg>KW</arg>
<arg>KY</arg>
<arg>KZ</arg>
<arg>LA</arg>
<arg>LB</arg>
<arg>LC</arg>
<arg>LI</arg>
<arg>LK</arg>
<arg>LR</arg>
<arg>LS</arg>
<arg>LT</arg>
<arg>LU</arg>
<arg>LV</arg>
<arg>LY</arg>
<arg>MA</arg>
<arg>MC</arg>
<arg>MD</arg>
<arg>ME</arg>
<arg>MF</arg>
<arg>MG</arg>
<arg>MH</arg>
<arg>MK</arg>
<arg>ML</arg>
<arg>MM</arg>
<arg>MN</arg>
<arg>MO</arg>
<arg>MP</arg>
<arg>MQ</arg>
<arg>MR</arg>
<arg>MS</arg>
<arg>MT</arg>
<arg>MU</arg>
<arg>MV</arg>
<arg>MW</arg>
<arg>MX</arg>
<arg>MY</arg>
<arg>MZ</arg>
<arg>NA</arg>
<arg>NC</arg>
<arg>NE</arg>
<arg>NF</arg>
<arg>NG</arg>
<arg>NI</arg>
<arg>NL</arg>
<arg>NO</arg>
<arg>NP</arg>
<arg>NR</arg>
<arg>NU</arg>
<arg>NZ</arg>
<arg>OM</arg>
<arg>PA</arg>
<arg>PE</arg>
<arg>PF</arg>
<arg>PG</arg>
<arg>PH</arg>
<arg>PK</arg>
<arg>PL</arg>
<arg>PM</arg>
<arg>PN</arg>
<arg>PR</arg>
<arg>PS</arg>
<arg>PT</arg>
<arg>PW</arg>
<arg>PY</arg>
<arg>QA</arg>
<arg>RE</arg>
<arg>RO</arg>
<arg>RS</arg>
<arg>RU</arg>
<arg>RW</arg>
<arg>SA</arg>
<arg>SB</arg>
<arg>SC</arg>
<arg>SD</arg>
<arg>SE</arg>
<arg>SG</arg>
<arg>SH</arg>
<arg>SI</arg>
<arg>SJ</arg>
<arg>SK</arg>
<arg>SL</arg>
<arg>SM</arg>
<arg>SN</arg>
<arg>SO</arg>
<arg>SR</arg>
<arg>SS</arg>
<arg>ST</arg>
<arg>SV</arg>
<arg>SX</arg>
<arg>SY</arg>
<arg>SZ</arg>
<arg>TC</arg>
<arg>TD</arg>
<arg>TF</arg>
<arg>TG</arg>
<arg>TH</arg>
<arg>TJ</arg>
<arg>TK</arg>
<arg>TL</arg>
<arg>TM</arg>
<arg>TN</arg>
<arg>TO</arg>
<arg>TR</arg>
<arg>TT</arg>
<arg>TV</arg>
<arg>TW</arg>
<arg>TZ</arg>
<arg>UA</arg>
<arg>UG</arg>
<arg>UM</arg>
<arg>US</arg>
<arg>UY</arg>
<arg>UZ</arg>
<arg>VA</arg>
<arg>VC</arg>
<arg>VE</arg>
<arg>VG</arg>
<arg>VI</arg>
<arg>VN</arg>
<arg>VU</arg>
<arg>WF</arg>
<arg>WS</arg>
<arg>XK</arg>
<arg>YE</arg>
<arg>YT</arg>
<arg>ZA</arg>
<arg>ZM</arg>
<arg>ZW</arg>
<doc>Returns a list containing given items.</doc>
<status status="PASS" start="2024-07-20T16:18:33.013856" elapsed="0.000615"/>
</kw>
<kw name="List Should Contain Value" owner="Collections">
<arg>${list_country}</arg>
<arg>${name_country}</arg>
<doc>Fails if the ``value`` is not found from ``list``.</doc>
<status status="PASS" start="2024-07-20T16:18:33.015399" elapsed="0.000208"/>
</kw>
<kw name="Run Keyword If" owner="BuiltIn">
<kw name="Should Be True" owner="BuiltIn">
<arg>${True}</arg>
<doc>Fails if the given condition is not true.</doc>
<status status="PASS" start="2024-07-20T16:18:33.016586" elapsed="0.000146"/>
</kw>
<arg>${json_data["results"][0]["location"]["coordinates"]["latitude"]} &gt;= -90 and ${json_data["results"][0]["location"]["coordinates"]["latitude"]} &lt;= 90</arg>
<arg>Should Be True</arg>
<arg>${True}</arg>
<doc>Runs the given keyword with the given arguments, if ``condition`` is true.</doc>
<status status="PASS" start="2024-07-20T16:18:33.015802" elapsed="0.001057"/>
</kw>
<kw name="Run Keyword If" owner="BuiltIn">
<kw name="Should Be True" owner="BuiltIn">
<arg>${True}</arg>
<doc>Fails if the given condition is not true.</doc>
<status status="PASS" start="2024-07-20T16:18:33.017727" elapsed="0.000137"/>
</kw>
<arg>${json_data["results"][0]["location"]["coordinates"]["longitude"]} &gt;= -180 and ${json_data["results"][0]["location"]["coordinates"]["longitude"]} &lt;= 180</arg>
<arg>Should Be True</arg>
<arg>${True}</arg>
<doc>Runs the given keyword with the given arguments, if ``condition`` is true.</doc>
<status status="PASS" start="2024-07-20T16:18:33.017041" elapsed="0.000946"/>
</kw>
<status status="PASS" start="2024-07-20T16:18:32.922657" elapsed="0.095457"/>
</kw>
<doc>Testa o conteúdo específico dos campos retornados pela API.</doc>
<tag>testeConteudo</tag>
<status status="PASS" start="2024-07-20T16:18:32.922140" elapsed="0.096116"/>
</test>
<status status="PASS" start="2024-07-20T16:18:32.014368" elapsed="1.005785"/>
</suite>
<status status="PASS" start="2024-07-20T16:18:32.000084" elapsed="1.024972"/>
</suite>
<statistics>
<total>
<stat pass="5" fail="0" skip="0">All Tests</stat>
</total>
<tag>
<stat pass="1" fail="0" skip="0">testeConteudo</stat>
<stat pass="1" fail="0" skip="0">testeEstruturaResposta</stat>
<stat pass="1" fail="0" skip="0">testeRequisicaoBasica</stat>
<stat pass="1" fail="0" skip="0">testeTiposDados</stat>
</tag>
<suite>
<stat pass="5" fail="0" skip="0" id="s1" name="Tests">Tests</stat>
<stat pass="5" fail="0" skip="0" id="s1-s1" name="Random-User-Test">Tests.Random-User-Test</stat>
</suite>
</statistics>
<errors>
</errors>
</robot>
