<?xml version="1.0" encoding="UTF-8"?>
<robot generator="Robot 7.0 (Python 3.12.3 on linux)" generated="2024-05-18T16:16:37.140392" rpa="false" schemaversion="5">
<suite id="s1" name="Tests" source="/home/runner/work/DesafioQAItauRogerioJordao/DesafioQAItauRogerioJordao/RamdonUser/tests">
<suite id="s1-s1" name="Random-User-Test" source="/home/runner/work/DesafioQAItauRogerioJordao/DesafioQAItauRogerioJordao/RamdonUser/tests/random-user-test.robot">
<test id="s1-s1-t1" name="Conectar" line="13">
<kw name="Conectar API" owner="random-user-service">
<kw name="Create Session" owner="RequestsLibrary">
<msg time="2024-05-18T16:16:37.522534" level="INFO">Creating Session using : alias=consultarAPI, url=https://randomuser.me/, headers={},                     cookies={}, auth=None, timeout=None, proxies=None, verify=False,                     debug=0 </msg>
<arg>consultarAPI</arg>
<arg>${URL}</arg>
<doc>Create Session: create a HTTP session to a server</doc>
<status status="PASS" start="2024-05-18T16:16:37.522337" elapsed="0.000372"/>
</kw>
<status status="PASS" start="2024-05-18T16:16:37.521384" elapsed="0.001674"/>
</kw>
<status status="PASS" start="2024-05-18T16:16:37.520795" elapsed="0.002458"/>
</test>
<test id="s1-s1-t2" name="Validar retorno 200 e JSON Válido" line="16">
<kw name="Teste de Requisicao Basica" owner="random-user-service">
<kw name="GET On Session" owner="RequestsLibrary">
<msg time="2024-05-18T16:16:37.842065" level="INFO">GET Request : url=https://randomuser.me/api 
 path_url=/api 
 headers={'User-Agent': 'python-requests/2.31.0', 'Accept-Encoding': 'gzip, deflate', 'Accept': '*/*', 'Connection': 'keep-alive'} 
 body=None 
 </msg>
<msg time="2024-05-18T16:16:37.842232" level="INFO">GET Response : url=https://randomuser.me/api 
 status=200, reason=OK 
 headers={'Date': 'Sat, 18 May 2024 16:16:37 GMT', 'Content-Type': 'application/json; charset=utf-8', 'Transfer-Encoding': 'chunked', 'Connection': 'keep-alive', 'X-Powered-By': 'Express', 'Access-Control-Allow-Origin': '*', 'Cache-Control': 'no-cache', 'ETag': 'W/"48a-4lCqWz6mZW6yr3bt9dOr8lhpXtY"', 'Vary': 'Accept-Encoding', 'Content-Encoding': 'gzip', 'CF-Cache-Status': 'DYNAMIC', 'Report-To': '{"endpoints":[{"url":"https:\\/\\/a.nel.cloudflare.com\\/report\\/v4?s=6dhD7TynVWBbWrH%2BqgdbQTiVStr3ZpnoisSWj%2BDoRd0fOYyY%2BBHGziIrhzJZOiv%2FWFpBcaF8dtZ66R032ZLseyrz2t%2BMM%2FtcPeAjHI5eDPyMt3rC0Py0D9OmZqXUZ%2FzH"}],"group":"cf-nel","max_age":604800}', 'NEL': '{"success_fraction":0,"report_to":"cf-nel","max_age":604800}', 'Server': 'cloudflare', 'CF-RAY': '885d271c3fc505fb-IAD', 'alt-svc': 'h3=":443"; ma=86400'} 
 body={"results":[{"gender":"female","name":{"title":"Mrs","first":"Apollinariya","last":"Prodan"},"location":{"street":{"number":4726,"name":"Baroncha"},"city":"Glinyani","state":"Volinska","country":"Ukraine","postcode":61540,"coordinates":{"latitude":"74.0929","longitude":"131.0466"},"timezone":{"offset":"-1:00","description":"Azores, Cape Verde Islands"}},"email":"apollinariya.prodan@example.com","login":{"uuid":"1b867031-9095-4f11-9bfb-98262a8a82e4","username":"sadlion566","password":"virginie","salt":"aLv7ffwT","md5":"aa3b5d1b73c2e7961b8352b303c5f835","sha1":"7072a7ae06ff2ea8e778a3c3432a50ffa948798b","sha256":"771ddbe4bd74569a8a1ef986d815470c7618b77ff5afc06fc6d333902ae5fb22"},"dob":{"date":"1951-10-20T23:58:47.438Z","age":72},"registered":{"date":"2010-02-25T00:05:17.355Z","age":14},"phone":"(097) N65-1928","cell":"(066) N82-5161","id":{"name":"","value":null},"picture":{"large":"https://randomuser.me/api/portraits/women/13.jpg","medium":"https://randomuser.me/api/portraits/med/women/13.jpg","thumbnail":"https://randomuser.me/api/portraits/thumb/women/13.jpg"},"nat":"UA"}],"info":{"seed":"3aeefab9e38c6e2f","results":1,"page":1,"version":"1.4"}} 
 </msg>
<msg time="2024-05-18T16:16:37.842324" level="INFO">/opt/hostedtoolcache/Python/3.12.3/x64/lib/python3.12/site-packages/urllib3/connectionpool.py:1103: InsecureRequestWarning: Unverified HTTPS request is being made to host 'randomuser.me'. Adding certificate verification is strongly advised. See: https://urllib3.readthedocs.io/en/latest/advanced-usage.html#tls-warnings
  warnings.warn(</msg>
<msg time="2024-05-18T16:16:37.842500" level="INFO">${response} = &lt;Response [200]&gt;</msg>
<var>${response}</var>
<arg>consultarAPI</arg>
<arg>/api</arg>
<doc>Sends a GET request on a previously created HTTP Session.</doc>
<status status="PASS" start="2024-05-18T16:16:37.525907" elapsed="0.316641"/>
</kw>
<kw name="Should Be Equal As Numbers" owner="BuiltIn">
<msg time="2024-05-18T16:16:37.843697" level="INFO">Argument types are:
&lt;class 'int'&gt;
&lt;class 'str'&gt;</msg>
<arg>${response.status_code}</arg>
<arg>200</arg>
<doc>Fails if objects are unequal after converting them to real numbers.</doc>
<status status="PASS" start="2024-05-18T16:16:37.843178" elapsed="0.000585"/>
</kw>
<kw name="Log" owner="BuiltIn">
<msg time="2024-05-18T16:16:37.844468" level="INFO">200</msg>
<arg>${response.status_code}</arg>
<doc>Logs the given message with the given level.</doc>
<status status="PASS" start="2024-05-18T16:16:37.844119" elapsed="0.000390"/>
</kw>
<kw name="Set Variable" owner="BuiltIn">
<msg time="2024-05-18T16:16:37.845254" level="INFO">${json_data} = {'results': [{'gender': 'female', 'name': {'title': 'Mrs', 'first': 'Apollinariya', 'last': 'Prodan'}, 'location': {'street': {'number': 4726, 'name': 'Baroncha'}, 'city': 'Glinyani', 'state': 'Volins...</msg>
<var>${json_data}</var>
<arg>${response.json()}</arg>
<doc>Returns the given values which can then be assigned to a variables.</doc>
<status status="PASS" start="2024-05-18T16:16:37.844815" elapsed="0.000468"/>
</kw>
<kw name="Dictionary Should Contain Key" owner="Collections">
<msg time="2024-05-18T16:16:37.845752" level="INFO">False</msg>
<arg>${json_data}</arg>
<arg>results</arg>
<doc>Fails if ``key`` is not found from ``dictionary``.</doc>
<status status="PASS" start="2024-05-18T16:16:37.845585" elapsed="0.000205"/>
</kw>
<status status="PASS" start="2024-05-18T16:16:37.525662" elapsed="0.320383"/>
</kw>
<doc>Testa se a API responde corretamente e retorna um objeto JSON válido.</doc>
<tag>testeRequisicaoBasica</tag>
<status status="PASS" start="2024-05-18T16:16:37.525138" elapsed="0.321095"/>
</test>
<test id="s1-s1-t3" name="Validar estrutura de resposta" line="22">
<kw name="Teste de Estrutura de Resposta" owner="random-user-service">
<kw name="GET On Session" owner="RequestsLibrary">
<msg time="2024-05-18T16:16:37.940832" level="INFO">GET Request : url=https://randomuser.me/api 
 path_url=/api 
 headers={'User-Agent': 'python-requests/2.31.0', 'Accept-Encoding': 'gzip, deflate', 'Accept': '*/*', 'Connection': 'keep-alive'} 
 body=None 
 </msg>
<msg time="2024-05-18T16:16:37.940906" level="INFO">GET Response : url=https://randomuser.me/api 
 status=200, reason=OK 
 headers={'Date': 'Sat, 18 May 2024 16:16:37 GMT', 'Content-Type': 'application/json; charset=utf-8', 'Transfer-Encoding': 'chunked', 'Connection': 'keep-alive', 'X-Powered-By': 'Express', 'Access-Control-Allow-Origin': '*', 'Cache-Control': 'no-cache', 'ETag': 'W/"497-B13GFZ4SbBFJvYdLBdM8agahBx0"', 'Vary': 'Accept-Encoding', 'Content-Encoding': 'gzip', 'CF-Cache-Status': 'DYNAMIC', 'Report-To': '{"endpoints":[{"url":"https:\\/\\/a.nel.cloudflare.com\\/report\\/v4?s=LN0E1PWE8mc71sT6mRVh4gdFBNVjBKmmhpVjT%2BaR6I6FvJDTYc4pc%2FktxZyL0LPNOftxliPp8DTZ%2FnkBUk8g4g5aEDyTtjlcHT8jX38OgPoPRa83PebFGWLcyQwlFekt"}],"group":"cf-nel","max_age":604800}', 'NEL': '{"success_fraction":0,"report_to":"cf-nel","max_age":604800}', 'Server': 'cloudflare', 'CF-RAY': '885d271c988605fb-IAD', 'alt-svc': 'h3=":443"; ma=86400'} 
 body={"results":[{"gender":"male","name":{"title":"Mr","first":"Kailash","last":"Kleij"},"location":{"street":{"number":481,"name":"Heidstreek"},"city":"Hinnaard","state":"Zeeland","country":"Netherlands","postcode":"4713 HJ","coordinates":{"latitude":"35.1039","longitude":"-159.3949"},"timezone":{"offset":"+5:00","description":"Ekaterinburg, Islamabad, Karachi, Tashkent"}},"email":"kailash.kleij@example.com","login":{"uuid":"75a0a5ee-d17d-4fb2-aea5-8d9f68477c47","username":"purplegoose553","password":"tomtom","salt":"1eD27UiA","md5":"0b01eb84beb525934f201d0ecdb8399d","sha1":"6c196d78a4629698fbbf4cabcbd5d0ec5fd74d3b","sha256":"fdecec0290dd6b5dc144dda63f64d674e73e1e38017e6f376be9b0cc17a24d71"},"dob":{"date":"1993-07-03T13:34:49.340Z","age":30},"registered":{"date":"2013-12-28T05:23:55.639Z","age":10},"phone":"(0160) 936592","cell":"(06) 04269417","id":{"name":"BSN","value":"75344045"},"picture":{"large":"https://randomuser.me/api/portraits/men/94.jpg","medium":"https://randomuser.me/api/portraits/med/men/94.jpg","thumbnail":"https://randomuser.me/api/portraits/thumb/men/94.jpg"},"nat":"NL"}],"info":{"seed":"c43d83d8b88af3c3","results":1,"page":1,"version":"1.4"}} 
 </msg>
<msg time="2024-05-18T16:16:37.941007" level="INFO">/opt/hostedtoolcache/Python/3.12.3/x64/lib/python3.12/site-packages/urllib3/connectionpool.py:1103: InsecureRequestWarning: Unverified HTTPS request is being made to host 'randomuser.me'. Adding certificate verification is strongly advised. See: https://urllib3.readthedocs.io/en/latest/advanced-usage.html#tls-warnings
  warnings.warn(</msg>
<msg time="2024-05-18T16:16:37.941108" level="INFO">${response} = &lt;Response [200]&gt;</msg>
<var>${response}</var>
<arg>consultarAPI</arg>
<arg>/api</arg>
<doc>Sends a GET request on a previously created HTTP Session.</doc>
<status status="PASS" start="2024-05-18T16:16:37.848916" elapsed="0.092232"/>
</kw>
<kw name="Set Variable" owner="BuiltIn">
<msg time="2024-05-18T16:16:37.942187" level="INFO">${json_data} = {'results': [{'gender': 'male', 'name': {'title': 'Mr', 'first': 'Kailash', 'last': 'Kleij'}, 'location': {'street': {'number': 481, 'name': 'Heidstreek'}, 'city': 'Hinnaard', 'state': 'Zeeland', 'cou...</msg>
<var>${json_data}</var>
<arg>${response.json()}</arg>
<doc>Returns the given values which can then be assigned to a variables.</doc>
<status status="PASS" start="2024-05-18T16:16:37.941635" elapsed="0.000581"/>
</kw>
<kw name="Log" owner="BuiltIn">
<msg time="2024-05-18T16:16:37.942695" level="INFO">{'results': [{'gender': 'male', 'name': {'title': 'Mr', 'first': 'Kailash', 'last': 'Kleij'}, 'location': {'street': {'number': 481, 'name': 'Heidstreek'}, 'city': 'Hinnaard', 'state': 'Zeeland', 'country': 'Netherlands', 'postcode': '4713 HJ', 'coordinates': {'latitude': '35.1039', 'longitude': '-159.3949'}, 'timezone': {'offset': '+5:00', 'description': 'Ekaterinburg, Islamabad, Karachi, Tashkent'}}, 'email': 'kailash.kleij@example.com', 'login': {'uuid': '75a0a5ee-d17d-4fb2-aea5-8d9f68477c47', 'username': 'purplegoose553', 'password': 'tomtom', 'salt': '1eD27UiA', 'md5': '0b01eb84beb525934f201d0ecdb8399d', 'sha1': '6c196d78a4629698fbbf4cabcbd5d0ec5fd74d3b', 'sha256': 'fdecec0290dd6b5dc144dda63f64d674e73e1e38017e6f376be9b0cc17a24d71'}, 'dob': {'date': '1993-07-03T13:34:49.340Z', 'age': 30}, 'registered': {'date': '2013-12-28T05:23:55.639Z', 'age': 10}, 'phone': '(0160) 936592', 'cell': '(06) 04269417', 'id': {'name': 'BSN', 'value': '75344045'}, 'picture': {'large': 'https://randomuser.me/api/portraits/men/94.jpg', 'medium': 'https://randomuser.me/api/portraits/med/men/94.jpg', 'thumbnail': 'https://randomuser.me/api/portraits/thumb/men/94.jpg'}, 'nat': 'NL'}], 'info': {'seed': 'c43d83d8b88af3c3', 'results': 1, 'page': 1, 'version': '1.4'}}</msg>
<arg>${json_data}</arg>
<doc>Logs the given message with the given level.</doc>
<status status="PASS" start="2024-05-18T16:16:37.942533" elapsed="0.000211"/>
</kw>
<kw name="Dictionary Should Contain Key" owner="Collections">
<msg time="2024-05-18T16:16:37.943201" level="INFO">False</msg>
<arg>${json_data}</arg>
<arg>results</arg>
<doc>Fails if ``key`` is not found from ``dictionary``.</doc>
<status status="PASS" start="2024-05-18T16:16:37.943045" elapsed="0.000193"/>
</kw>
<kw name="Should Not Be Empty" owner="BuiltIn">
<msg time="2024-05-18T16:16:37.943702" level="INFO">Length is 2.</msg>
<arg>${json_data}</arg>
<doc>Verifies that the given item is not empty.</doc>
<status status="PASS" start="2024-05-18T16:16:37.943530" elapsed="0.000218"/>
</kw>
<kw name="Create List" owner="BuiltIn">
<msg time="2024-05-18T16:16:37.944356" level="INFO">${expected_keys} = ['gender', 'name', 'location', 'email', 'login']</msg>
<var>${expected_keys}</var>
<arg>gender</arg>
<arg>name</arg>
<arg>location</arg>
<arg>email</arg>
<arg>login</arg>
<doc>Returns a list containing given items.</doc>
<status status="PASS" start="2024-05-18T16:16:37.944064" elapsed="0.000316"/>
</kw>
<for flavor="IN">
<iter>
<kw name="Dictionary Should Contain Key" owner="Collections">
<msg time="2024-05-18T16:16:37.945348" level="INFO">False</msg>
<arg>${json_data['results'][0]}</arg>
<arg>${key}</arg>
<doc>Fails if ``key`` is not found from ``dictionary``.</doc>
<status status="PASS" start="2024-05-18T16:16:37.944955" elapsed="0.000431"/>
</kw>
<kw name="Log" owner="BuiltIn">
<msg time="2024-05-18T16:16:37.946046" level="INFO">{'gender': 'male', 'name': {'title': 'Mr', 'first': 'Kailash', 'last': 'Kleij'}, 'location': {'street': {'number': 481, 'name': 'Heidstreek'}, 'city': 'Hinnaard', 'state': 'Zeeland', 'country': 'Netherlands', 'postcode': '4713 HJ', 'coordinates': {'latitude': '35.1039', 'longitude': '-159.3949'}, 'timezone': {'offset': '+5:00', 'description': 'Ekaterinburg, Islamabad, Karachi, Tashkent'}}, 'email': 'kailash.kleij@example.com', 'login': {'uuid': '75a0a5ee-d17d-4fb2-aea5-8d9f68477c47', 'username': 'purplegoose553', 'password': 'tomtom', 'salt': '1eD27UiA', 'md5': '0b01eb84beb525934f201d0ecdb8399d', 'sha1': '6c196d78a4629698fbbf4cabcbd5d0ec5fd74d3b', 'sha256': 'fdecec0290dd6b5dc144dda63f64d674e73e1e38017e6f376be9b0cc17a24d71'}, 'dob': {'date': '1993-07-03T13:34:49.340Z', 'age': 30}, 'registered': {'date': '2013-12-28T05:23:55.639Z', 'age': 10}, 'phone': '(0160) 936592', 'cell': '(06) 04269417', 'id': {'name': 'BSN', 'value': '75344045'}, 'picture': {'large': 'https://randomuser.me/api/portraits/men/94.jpg', 'medium': 'https://randomuser.me/api/portraits/med/men/94.jpg', 'thumbnail': 'https://randomuser.me/api/portraits/thumb/men/94.jpg'}, 'nat': 'NL'}</msg>
<arg>${json_data['results'][0]}</arg>
<doc>Logs the given message with the given level.</doc>
<status status="PASS" start="2024-05-18T16:16:37.945685" elapsed="0.000420"/>
</kw>
<kw name="Log" owner="BuiltIn">
<msg time="2024-05-18T16:16:37.946527" level="INFO">gender</msg>
<arg>${key}</arg>
<doc>Logs the given message with the given level.</doc>
<status status="PASS" start="2024-05-18T16:16:37.946402" elapsed="0.000161"/>
</kw>
<var name="${key}">gender</var>
<status status="PASS" start="2024-05-18T16:16:37.944830" elapsed="0.001949"/>
</iter>
<iter>
<kw name="Dictionary Should Contain Key" owner="Collections">
<msg time="2024-05-18T16:16:37.947461" level="INFO">False</msg>
<arg>${json_data['results'][0]}</arg>
<arg>${key}</arg>
<doc>Fails if ``key`` is not found from ``dictionary``.</doc>
<status status="PASS" start="2024-05-18T16:16:37.947079" elapsed="0.000420"/>
</kw>
<kw name="Log" owner="BuiltIn">
<msg time="2024-05-18T16:16:37.948217" level="INFO">{'gender': 'male', 'name': {'title': 'Mr', 'first': 'Kailash', 'last': 'Kleij'}, 'location': {'street': {'number': 481, 'name': 'Heidstreek'}, 'city': 'Hinnaard', 'state': 'Zeeland', 'country': 'Netherlands', 'postcode': '4713 HJ', 'coordinates': {'latitude': '35.1039', 'longitude': '-159.3949'}, 'timezone': {'offset': '+5:00', 'description': 'Ekaterinburg, Islamabad, Karachi, Tashkent'}}, 'email': 'kailash.kleij@example.com', 'login': {'uuid': '75a0a5ee-d17d-4fb2-aea5-8d9f68477c47', 'username': 'purplegoose553', 'password': 'tomtom', 'salt': '1eD27UiA', 'md5': '0b01eb84beb525934f201d0ecdb8399d', 'sha1': '6c196d78a4629698fbbf4cabcbd5d0ec5fd74d3b', 'sha256': 'fdecec0290dd6b5dc144dda63f64d674e73e1e38017e6f376be9b0cc17a24d71'}, 'dob': {'date': '1993-07-03T13:34:49.340Z', 'age': 30}, 'registered': {'date': '2013-12-28T05:23:55.639Z', 'age': 10}, 'phone': '(0160) 936592', 'cell': '(06) 04269417', 'id': {'name': 'BSN', 'value': '75344045'}, 'picture': {'large': 'https://randomuser.me/api/portraits/men/94.jpg', 'medium': 'https://randomuser.me/api/portraits/med/men/94.jpg', 'thumbnail': 'https://randomuser.me/api/portraits/thumb/men/94.jpg'}, 'nat': 'NL'}</msg>
<arg>${json_data['results'][0]}</arg>
<doc>Logs the given message with the given level.</doc>
<status status="PASS" start="2024-05-18T16:16:37.947857" elapsed="0.000408"/>
</kw>
<kw name="Log" owner="BuiltIn">
<msg time="2024-05-18T16:16:37.948695" level="INFO">name</msg>
<arg>${key}</arg>
<doc>Logs the given message with the given level.</doc>
<status status="PASS" start="2024-05-18T16:16:37.948568" elapsed="0.000163"/>
</kw>
<var name="${key}">name</var>
<status status="PASS" start="2024-05-18T16:16:37.946964" elapsed="0.001983"/>
</iter>
<iter>
<kw name="Dictionary Should Contain Key" owner="Collections">
<msg time="2024-05-18T16:16:37.949615" level="INFO">False</msg>
<arg>${json_data['results'][0]}</arg>
<arg>${key}</arg>
<doc>Fails if ``key`` is not found from ``dictionary``.</doc>
<status status="PASS" start="2024-05-18T16:16:37.949237" elapsed="0.000414"/>
</kw>
<kw name="Log" owner="BuiltIn">
<msg time="2024-05-18T16:16:37.950302" level="INFO">{'gender': 'male', 'name': {'title': 'Mr', 'first': 'Kailash', 'last': 'Kleij'}, 'location': {'street': {'number': 481, 'name': 'Heidstreek'}, 'city': 'Hinnaard', 'state': 'Zeeland', 'country': 'Netherlands', 'postcode': '4713 HJ', 'coordinates': {'latitude': '35.1039', 'longitude': '-159.3949'}, 'timezone': {'offset': '+5:00', 'description': 'Ekaterinburg, Islamabad, Karachi, Tashkent'}}, 'email': 'kailash.kleij@example.com', 'login': {'uuid': '75a0a5ee-d17d-4fb2-aea5-8d9f68477c47', 'username': 'purplegoose553', 'password': 'tomtom', 'salt': '1eD27UiA', 'md5': '0b01eb84beb525934f201d0ecdb8399d', 'sha1': '6c196d78a4629698fbbf4cabcbd5d0ec5fd74d3b', 'sha256': 'fdecec0290dd6b5dc144dda63f64d674e73e1e38017e6f376be9b0cc17a24d71'}, 'dob': {'date': '1993-07-03T13:34:49.340Z', 'age': 30}, 'registered': {'date': '2013-12-28T05:23:55.639Z', 'age': 10}, 'phone': '(0160) 936592', 'cell': '(06) 04269417', 'id': {'name': 'BSN', 'value': '75344045'}, 'picture': {'large': 'https://randomuser.me/api/portraits/men/94.jpg', 'medium': 'https://randomuser.me/api/portraits/med/men/94.jpg', 'thumbnail': 'https://randomuser.me/api/portraits/thumb/men/94.jpg'}, 'nat': 'NL'}</msg>
<arg>${json_data['results'][0]}</arg>
<doc>Logs the given message with the given level.</doc>
<status status="PASS" start="2024-05-18T16:16:37.949948" elapsed="0.000400"/>
</kw>
<kw name="Log" owner="BuiltIn">
<msg time="2024-05-18T16:16:37.950764" level="INFO">location</msg>
<arg>${key}</arg>
<doc>Logs the given message with the given level.</doc>
<status status="PASS" start="2024-05-18T16:16:37.950642" elapsed="0.000158"/>
</kw>
<var name="${key}">location</var>
<status status="PASS" start="2024-05-18T16:16:37.949126" elapsed="0.001886"/>
</iter>
<iter>
<kw name="Dictionary Should Contain Key" owner="Collections">
<msg time="2024-05-18T16:16:37.951693" level="INFO">False</msg>
<arg>${json_data['results'][0]}</arg>
<arg>${key}</arg>
<doc>Fails if ``key`` is not found from ``dictionary``.</doc>
<status status="PASS" start="2024-05-18T16:16:37.951292" elapsed="0.000447"/>
</kw>
<kw name="Log" owner="BuiltIn">
<msg time="2024-05-18T16:16:37.952400" level="INFO">{'gender': 'male', 'name': {'title': 'Mr', 'first': 'Kailash', 'last': 'Kleij'}, 'location': {'street': {'number': 481, 'name': 'Heidstreek'}, 'city': 'Hinnaard', 'state': 'Zeeland', 'country': 'Netherlands', 'postcode': '4713 HJ', 'coordinates': {'latitude': '35.1039', 'longitude': '-159.3949'}, 'timezone': {'offset': '+5:00', 'description': 'Ekaterinburg, Islamabad, Karachi, Tashkent'}}, 'email': 'kailash.kleij@example.com', 'login': {'uuid': '75a0a5ee-d17d-4fb2-aea5-8d9f68477c47', 'username': 'purplegoose553', 'password': 'tomtom', 'salt': '1eD27UiA', 'md5': '0b01eb84beb525934f201d0ecdb8399d', 'sha1': '6c196d78a4629698fbbf4cabcbd5d0ec5fd74d3b', 'sha256': 'fdecec0290dd6b5dc144dda63f64d674e73e1e38017e6f376be9b0cc17a24d71'}, 'dob': {'date': '1993-07-03T13:34:49.340Z', 'age': 30}, 'registered': {'date': '2013-12-28T05:23:55.639Z', 'age': 10}, 'phone': '(0160) 936592', 'cell': '(06) 04269417', 'id': {'name': 'BSN', 'value': '75344045'}, 'picture': {'large': 'https://randomuser.me/api/portraits/men/94.jpg', 'medium': 'https://randomuser.me/api/portraits/med/men/94.jpg', 'thumbnail': 'https://randomuser.me/api/portraits/thumb/men/94.jpg'}, 'nat': 'NL'}</msg>
<arg>${json_data['results'][0]}</arg>
<doc>Logs the given message with the given level.</doc>
<status status="PASS" start="2024-05-18T16:16:37.952039" elapsed="0.000410"/>
</kw>
<kw name="Log" owner="BuiltIn">
<msg time="2024-05-18T16:16:37.952868" level="INFO">email</msg>
<arg>${key}</arg>
<doc>Logs the given message with the given level.</doc>
<status status="PASS" start="2024-05-18T16:16:37.952743" elapsed="0.000161"/>
</kw>
<var name="${key}">email</var>
<status status="PASS" start="2024-05-18T16:16:37.951183" elapsed="0.001939"/>
</iter>
<iter>
<kw name="Dictionary Should Contain Key" owner="Collections">
<msg time="2024-05-18T16:16:37.953797" level="INFO">False</msg>
<arg>${json_data['results'][0]}</arg>
<arg>${key}</arg>
<doc>Fails if ``key`` is not found from ``dictionary``.</doc>
<status status="PASS" start="2024-05-18T16:16:37.953408" elapsed="0.000426"/>
</kw>
<kw name="Log" owner="BuiltIn">
<msg time="2024-05-18T16:16:37.954484" level="INFO">{'gender': 'male', 'name': {'title': 'Mr', 'first': 'Kailash', 'last': 'Kleij'}, 'location': {'street': {'number': 481, 'name': 'Heidstreek'}, 'city': 'Hinnaard', 'state': 'Zeeland', 'country': 'Netherlands', 'postcode': '4713 HJ', 'coordinates': {'latitude': '35.1039', 'longitude': '-159.3949'}, 'timezone': {'offset': '+5:00', 'description': 'Ekaterinburg, Islamabad, Karachi, Tashkent'}}, 'email': 'kailash.kleij@example.com', 'login': {'uuid': '75a0a5ee-d17d-4fb2-aea5-8d9f68477c47', 'username': 'purplegoose553', 'password': 'tomtom', 'salt': '1eD27UiA', 'md5': '0b01eb84beb525934f201d0ecdb8399d', 'sha1': '6c196d78a4629698fbbf4cabcbd5d0ec5fd74d3b', 'sha256': 'fdecec0290dd6b5dc144dda63f64d674e73e1e38017e6f376be9b0cc17a24d71'}, 'dob': {'date': '1993-07-03T13:34:49.340Z', 'age': 30}, 'registered': {'date': '2013-12-28T05:23:55.639Z', 'age': 10}, 'phone': '(0160) 936592', 'cell': '(06) 04269417', 'id': {'name': 'BSN', 'value': '75344045'}, 'picture': {'large': 'https://randomuser.me/api/portraits/men/94.jpg', 'medium': 'https://randomuser.me/api/portraits/med/men/94.jpg', 'thumbnail': 'https://randomuser.me/api/portraits/thumb/men/94.jpg'}, 'nat': 'NL'}</msg>
<arg>${json_data['results'][0]}</arg>
<doc>Logs the given message with the given level.</doc>
<status status="PASS" start="2024-05-18T16:16:37.954130" elapsed="0.000411"/>
</kw>
<kw name="Log" owner="BuiltIn">
<msg time="2024-05-18T16:16:37.954970" level="INFO">login</msg>
<arg>${key}</arg>
<doc>Logs the given message with the given level.</doc>
<status status="PASS" start="2024-05-18T16:16:37.954844" elapsed="0.000163"/>
</kw>
<var name="${key}">login</var>
<status status="PASS" start="2024-05-18T16:16:37.953297" elapsed="0.001951"/>
</iter>
<var>${key}</var>
<value>@{expected_keys}</value>
<status status="PASS" start="2024-05-18T16:16:37.944645" elapsed="0.010729"/>
</for>
<kw name="Create List" owner="BuiltIn">
<msg time="2024-05-18T16:16:37.955731" level="INFO">${expected_keysTwo} = ['username', 'password']</msg>
<var>${expected_keysTwo}</var>
<arg>username</arg>
<arg>password</arg>
<doc>Returns a list containing given items.</doc>
<status status="PASS" start="2024-05-18T16:16:37.955562" elapsed="0.000194"/>
</kw>
<for flavor="IN">
<iter>
<kw name="Dictionary Should Contain Key" owner="Collections">
<msg time="2024-05-18T16:16:37.956644" level="INFO">False</msg>
<arg>${json_data['results'][0]['login']}</arg>
<arg>${keyTwo}</arg>
<doc>Fails if ``key`` is not found from ``dictionary``.</doc>
<status status="PASS" start="2024-05-18T16:16:37.956255" elapsed="0.000426"/>
</kw>
<kw name="Dictionary Should Contain Key" owner="Collections">
<msg time="2024-05-18T16:16:37.957353" level="INFO">False</msg>
<arg>${json_data['results'][0]['login']}</arg>
<arg>${keyTwo}</arg>
<doc>Fails if ``key`` is not found from ``dictionary``.</doc>
<status status="PASS" start="2024-05-18T16:16:37.956979" elapsed="0.000411"/>
</kw>
<kw name="Log" owner="BuiltIn">
<msg time="2024-05-18T16:16:37.957809" level="INFO">username</msg>
<arg>${keyTwo}</arg>
<doc>Logs the given message with the given level.</doc>
<status status="PASS" start="2024-05-18T16:16:37.957682" elapsed="0.000169"/>
</kw>
<var name="${keyTwo}">username</var>
<status status="PASS" start="2024-05-18T16:16:37.956147" elapsed="0.001920"/>
</iter>
<iter>
<kw name="Dictionary Should Contain Key" owner="Collections">
<msg time="2024-05-18T16:16:37.958731" level="INFO">False</msg>
<arg>${json_data['results'][0]['login']}</arg>
<arg>${keyTwo}</arg>
<doc>Fails if ``key`` is not found from ``dictionary``.</doc>
<status status="PASS" start="2024-05-18T16:16:37.958351" elapsed="0.000416"/>
</kw>
<kw name="Dictionary Should Contain Key" owner="Collections">
<msg time="2024-05-18T16:16:37.959520" level="INFO">False</msg>
<arg>${json_data['results'][0]['login']}</arg>
<arg>${keyTwo}</arg>
<doc>Fails if ``key`` is not found from ``dictionary``.</doc>
<status status="PASS" start="2024-05-18T16:16:37.959060" elapsed="0.000497"/>
</kw>
<kw name="Log" owner="BuiltIn">
<msg time="2024-05-18T16:16:37.960011" level="INFO">password</msg>
<arg>${keyTwo}</arg>
<doc>Logs the given message with the given level.</doc>
<status status="PASS" start="2024-05-18T16:16:37.959885" elapsed="0.000163"/>
</kw>
<var name="${keyTwo}">password</var>
<status status="PASS" start="2024-05-18T16:16:37.958241" elapsed="0.002021"/>
</iter>
<var>${keyTwo}</var>
<value>@{expected_keysTwo}</value>
<status status="PASS" start="2024-05-18T16:16:37.955995" elapsed="0.004386"/>
</for>
<status status="PASS" start="2024-05-18T16:16:37.848681" elapsed="0.111838"/>
</kw>
<doc>Testa a estrutura da resposta da API.</doc>
<tag>testeEstruturaResposta</tag>
<status status="PASS" start="2024-05-18T16:16:37.848086" elapsed="0.112581"/>
</test>
<test id="s1-s1-t4" name="Validar tipos de dados" line="28">
<kw name="Teste de Tipos de Dados" owner="random-user-service">
<kw name="GET On Session" owner="RequestsLibrary">
<msg time="2024-05-18T16:16:38.048658" level="INFO">GET Request : url=https://randomuser.me/api 
 path_url=/api 
 headers={'User-Agent': 'python-requests/2.31.0', 'Accept-Encoding': 'gzip, deflate', 'Accept': '*/*', 'Connection': 'keep-alive'} 
 body=None 
 </msg>
<msg time="2024-05-18T16:16:38.048767" level="INFO">GET Response : url=https://randomuser.me/api 
 status=200, reason=OK 
 headers={'Date': 'Sat, 18 May 2024 16:16:38 GMT', 'Content-Type': 'application/json; charset=utf-8', 'Transfer-Encoding': 'chunked', 'Connection': 'keep-alive', 'X-Powered-By': 'Express', 'Access-Control-Allow-Origin': '*', 'Cache-Control': 'no-cache', 'ETag': 'W/"4ae-m/AsHdY9pXkispb32bBSteY01Y8"', 'Vary': 'Accept-Encoding', 'Content-Encoding': 'gzip', 'CF-Cache-Status': 'DYNAMIC', 'Report-To': '{"endpoints":[{"url":"https:\\/\\/a.nel.cloudflare.com\\/report\\/v4?s=3sdMvRtrH0RdbooCG9dW2RdMY%2F4nsWS7b5eRNHoiE4FDCMRdxG%2FHxo8aefagcAd5yGAtrAgefWoWBQZQcaeVuMezv%2Bs7M20pk8AQvJXbNgczvCAqCIlEWsQnwyykELvo"}],"group":"cf-nel","max_age":604800}', 'NEL': '{"success_fraction":0,"report_to":"cf-nel","max_age":604800}', 'Server': 'cloudflare', 'CF-RAY': '885d271d495305fb-IAD', 'alt-svc': 'h3=":443"; ma=86400'} 
 body={"results":[{"gender":"male","name":{"title":"Monsieur","first":"Hermann","last":"Lefevre"},"location":{"street":{"number":8557,"name":"Rue des Ecrivains"},"city":"Therwil","state":"Valais","country":"Switzerland","postcode":2921,"coordinates":{"latitude":"-60.8059","longitude":"-171.0486"},"timezone":{"offset":"+3:00","description":"Baghdad, Riyadh, Moscow, St. Petersburg"}},"email":"hermann.lefevre@example.com","login":{"uuid":"689dbdd3-3b3a-4eb1-8417-e0eb3d778a12","username":"beautifulladybug907","password":"courtney","salt":"nSoQ6Tgr","md5":"92fa1bc6c57479486b604ea0fe5afaaa","sha1":"849bc30e0f5b9f35582725ec8ea3515597917b98","sha256":"f656fa6ee7ee616084e52262a827ff51f6df9bfc4990a4f4e086e02417024cea"},"dob":{"date":"1944-12-20T10:14:20.552Z","age":79},"registered":{"date":"2021-01-29T00:22:53.546Z","age":3},"phone":"079 445 60 14","cell":"077 727 67 79","id":{"name":"AVS","value":"756.9971.9194.93"},"picture":{"large":"https://randomuser.me/api/portraits/men/73.jpg","medium":"https://randomuser.me/api/portraits/med/men/73.jpg","thumbnail":"https://randomuser.me/api/portraits/thumb/men/73.jpg"},"nat":"CH"}],"info":{"seed":"6aebc3e6f295ba67","results":1,"page":1,"version":"1.4"}} 
 </msg>
<msg time="2024-05-18T16:16:38.048849" level="INFO">/opt/hostedtoolcache/Python/3.12.3/x64/lib/python3.12/site-packages/urllib3/connectionpool.py:1103: InsecureRequestWarning: Unverified HTTPS request is being made to host 'randomuser.me'. Adding certificate verification is strongly advised. See: https://urllib3.readthedocs.io/en/latest/advanced-usage.html#tls-warnings
  warnings.warn(</msg>
<msg time="2024-05-18T16:16:38.048985" level="INFO">${response} = &lt;Response [200]&gt;</msg>
<var>${response}</var>
<arg>consultarAPI</arg>
<arg>/api</arg>
<doc>Sends a GET request on a previously created HTTP Session.</doc>
<status status="PASS" start="2024-05-18T16:16:37.963160" elapsed="0.085864"/>
</kw>
<kw name="Set Variable" owner="BuiltIn">
<msg time="2024-05-18T16:16:38.050213" level="INFO">${json_data} = {'results': [{'gender': 'male', 'name': {'title': 'Monsieur', 'first': 'Hermann', 'last': 'Lefevre'}, 'location': {'street': {'number': 8557, 'name': 'Rue des Ecrivains'}, 'city': 'Therwil', 'state': ...</msg>
<var>${json_data}</var>
<arg>${response.json()}</arg>
<doc>Returns the given values which can then be assigned to a variables.</doc>
<status status="PASS" start="2024-05-18T16:16:38.049646" elapsed="0.000596"/>
</kw>
<kw name="Log" owner="BuiltIn">
<msg time="2024-05-18T16:16:38.050710" level="INFO">{'results': [{'gender': 'male', 'name': {'title': 'Monsieur', 'first': 'Hermann', 'last': 'Lefevre'}, 'location': {'street': {'number': 8557, 'name': 'Rue des Ecrivains'}, 'city': 'Therwil', 'state': 'Valais', 'country': 'Switzerland', 'postcode': 2921, 'coordinates': {'latitude': '-60.8059', 'longitude': '-171.0486'}, 'timezone': {'offset': '+3:00', 'description': 'Baghdad, Riyadh, Moscow, St. Petersburg'}}, 'email': 'hermann.lefevre@example.com', 'login': {'uuid': '689dbdd3-3b3a-4eb1-8417-e0eb3d778a12', 'username': 'beautifulladybug907', 'password': 'courtney', 'salt': 'nSoQ6Tgr', 'md5': '92fa1bc6c57479486b604ea0fe5afaaa', 'sha1': '849bc30e0f5b9f35582725ec8ea3515597917b98', 'sha256': 'f656fa6ee7ee616084e52262a827ff51f6df9bfc4990a4f4e086e02417024cea'}, 'dob': {'date': '1944-12-20T10:14:20.552Z', 'age': 79}, 'registered': {'date': '2021-01-29T00:22:53.546Z', 'age': 3}, 'phone': '079 445 60 14', 'cell': '077 727 67 79', 'id': {'name': 'AVS', 'value': '756.9971.9194.93'}, 'picture': {'large': 'https://randomuser.me/api/portraits/men/73.jpg', 'medium': 'https://randomuser.me/api/portraits/med/men/73.jpg', 'thumbnail': 'https://randomuser.me/api/portraits/thumb/men/73.jpg'}, 'nat': 'CH'}], 'info': {'seed': '6aebc3e6f295ba67', 'results': 1, 'page': 1, 'version': '1.4'}}</msg>
<arg>${json_data}</arg>
<doc>Logs the given message with the given level.</doc>
<status status="PASS" start="2024-05-18T16:16:38.050556" elapsed="0.000237"/>
</kw>
<kw name="Should Be String" owner="String">
<arg>${json_data['results'][0]['gender']}</arg>
<doc>Fails if the given ``item`` is not a string.</doc>
<status status="PASS" start="2024-05-18T16:16:38.051092" elapsed="0.000363"/>
</kw>
<kw name="Should Match Regexp" owner="BuiltIn">
<arg>${json_data['results'][0]['email']}</arg>
<arg>^[a-zA-Z0-9._%+-]+@[a-zA-Z0-9.-]+\.[a-zA-Z]{2,}$</arg>
<doc>Fails if ``string`` does not match ``pattern`` as a regular expression.</doc>
<status status="PASS" start="2024-05-18T16:16:38.051689" elapsed="0.000533"/>
</kw>
<kw name="Should Match Regexp" owner="BuiltIn">
<arg>${json_data['results'][0]['dob']['date']}</arg>
<arg>\\d{4}-\\d{2}-\\d{2}T\\d{2}:\\d{2}:\\d{2}\\.\\d{3}Z</arg>
<doc>Fails if ``string`` does not match ``pattern`` as a regular expression.</doc>
<status status="PASS" start="2024-05-18T16:16:38.052417" elapsed="0.000490"/>
</kw>
<kw name="Should Match Regexp" owner="BuiltIn">
<arg>${json_data['results'][0]['registered']['date']}</arg>
<arg>\\d{4}-\\d{2}-\\d{2}T\\d{2}:\\d{2}:\\d{2}\\.\\d{3}Z</arg>
<doc>Fails if ``string`` does not match ``pattern`` as a regular expression.</doc>
<status status="PASS" start="2024-05-18T16:16:38.053101" elapsed="0.000362"/>
</kw>
<kw name="Should Match Regexp" owner="BuiltIn">
<arg>${json_data['results'][0]['picture']['large']}</arg>
<arg>^https?://.*\.(?:png|jpe?g|gif|bmp)$</arg>
<doc>Fails if ``string`` does not match ``pattern`` as a regular expression.</doc>
<status status="PASS" start="2024-05-18T16:16:38.053652" elapsed="0.000453"/>
</kw>
<kw name="Should Match Regexp" owner="BuiltIn">
<arg>${json_data['results'][0]['picture']['medium']}</arg>
<arg>^https?://.*\.(?:png|jpe?g|gif|bmp)$</arg>
<doc>Fails if ``string`` does not match ``pattern`` as a regular expression.</doc>
<status status="PASS" start="2024-05-18T16:16:38.054294" elapsed="0.000352"/>
</kw>
<kw name="Should Match Regexp" owner="BuiltIn">
<arg>${json_data['results'][0]['picture']['thumbnail']}</arg>
<arg>^https?://.*\.(?:png|jpe?g|gif|bmp)$</arg>
<doc>Fails if ``string`` does not match ``pattern`` as a regular expression.</doc>
<status status="PASS" start="2024-05-18T16:16:38.054836" elapsed="0.000349"/>
</kw>
<kw name="Log" owner="BuiltIn">
<msg time="2024-05-18T16:16:38.055714" level="INFO">{'large': 'https://randomuser.me/api/portraits/men/73.jpg', 'medium': 'https://randomuser.me/api/portraits/med/men/73.jpg', 'thumbnail': 'https://randomuser.me/api/portraits/thumb/men/73.jpg'}</msg>
<arg>${json_data['results'][0]['picture']}</arg>
<doc>Logs the given message with the given level.</doc>
<status status="PASS" start="2024-05-18T16:16:38.055365" elapsed="0.000395"/>
</kw>
<status status="PASS" start="2024-05-18T16:16:37.962940" elapsed="0.093086"/>
</kw>
<kw name="Teste de Tipos de Dados - Postcode" owner="random-user-service">
<kw name="GET On Session" owner="RequestsLibrary">
<msg time="2024-05-18T16:16:38.143096" level="INFO">GET Request : url=https://randomuser.me/api 
 path_url=/api 
 headers={'User-Agent': 'python-requests/2.31.0', 'Accept-Encoding': 'gzip, deflate', 'Accept': '*/*', 'Connection': 'keep-alive'} 
 body=None 
 </msg>
<msg time="2024-05-18T16:16:38.143164" level="INFO">GET Response : url=https://randomuser.me/api 
 status=200, reason=OK 
 headers={'Date': 'Sat, 18 May 2024 16:16:38 GMT', 'Content-Type': 'application/json; charset=utf-8', 'Transfer-Encoding': 'chunked', 'Connection': 'keep-alive', 'X-Powered-By': 'Express', 'Access-Control-Allow-Origin': '*', 'Cache-Control': 'no-cache', 'ETag': 'W/"4a9-ULU9uQ8tlkbYAzqo8hi53FfeVgQ"', 'Vary': 'Accept-Encoding', 'Content-Encoding': 'gzip', 'CF-Cache-Status': 'DYNAMIC', 'Report-To': '{"endpoints":[{"url":"https:\\/\\/a.nel.cloudflare.com\\/report\\/v4?s=nafrdfiPC7GbPpuRG6AV%2BwJaG7NL%2B7InMQFtlcOU%2FQ3uvEvQSshPoBQwvAqffgAIvYtooZJC0QVwyvBz5kWH8rOyZcLOJGEz0p7TVh77AdEviMI%2F6y%2BTzahndDQjzauj"}],"group":"cf-nel","max_age":604800}', 'NEL': '{"success_fraction":0,"report_to":"cf-nel","max_age":604800}', 'Server': 'cloudflare', 'CF-RAY': '885d271dd9fa05fb-IAD', 'alt-svc': 'h3=":443"; ma=86400'} 
 body={"results":[{"gender":"male","name":{"title":"Mr","first":"Alberto","last":"Pedraza"},"location":{"street":{"number":822,"name":"Continuación Núñez"},"city":"Palmar de Bravo","state":"Sinaloa","country":"Mexico","postcode":95878,"coordinates":{"latitude":"21.7832","longitude":"-79.8784"},"timezone":{"offset":"+9:00","description":"Tokyo, Seoul, Osaka, Sapporo, Yakutsk"}},"email":"alberto.pedraza@example.com","login":{"uuid":"0ae179cf-255c-48cd-8dda-1bcb67ec294a","username":"ticklishostrich177","password":"speed","salt":"ivwWIU1F","md5":"ce0ae88fb05e6967fc0472f9400f946f","sha1":"bcfd5fdc053f8935c43156ed40b61f7ce7b04e85","sha256":"4627ee2dc8ee15a2e67a19ba4bf1e3fbb2ce5549e0ac2f1ed958d6e9da434a8b"},"dob":{"date":"1986-03-12T20:21:42.205Z","age":38},"registered":{"date":"2018-05-22T04:36:45.059Z","age":5},"phone":"(644) 971 5262","cell":"(653) 357 8443","id":{"name":"NSS","value":"07 02 09 5270 8"},"picture":{"large":"https://randomuser.me/api/portraits/men/70.jpg","medium":"https://randomuser.me/api/portraits/med/men/70.jpg","thumbnail":"https://randomuser.me/api/portraits/thumb/men/70.jpg"},"nat":"MX"}],"info":{"seed":"5d99156805d29a02","results":1,"page":1,"version":"1.4"}} 
 </msg>
<msg time="2024-05-18T16:16:38.143223" level="INFO">/opt/hostedtoolcache/Python/3.12.3/x64/lib/python3.12/site-packages/urllib3/connectionpool.py:1103: InsecureRequestWarning: Unverified HTTPS request is being made to host 'randomuser.me'. Adding certificate verification is strongly advised. See: https://urllib3.readthedocs.io/en/latest/advanced-usage.html#tls-warnings
  warnings.warn(</msg>
<msg time="2024-05-18T16:16:38.143310" level="INFO">${response} = &lt;Response [200]&gt;</msg>
<var>${response}</var>
<arg>consultarAPI</arg>
<arg>/api</arg>
<doc>Sends a GET request on a previously created HTTP Session.</doc>
<status status="PASS" start="2024-05-18T16:16:38.056490" elapsed="0.086844"/>
</kw>
<kw name="Set Variable" owner="BuiltIn">
<msg time="2024-05-18T16:16:38.144216" level="INFO">${json_data} = {'results': [{'gender': 'male', 'name': {'title': 'Mr', 'first': 'Alberto', 'last': 'Pedraza'}, 'location': {'street': {'number': 822, 'name': 'Continuación Núñez'}, 'city': 'Palmar de Bravo', 'state'...</msg>
<var>${json_data}</var>
<arg>${response.json()}</arg>
<doc>Returns the given values which can then be assigned to a variables.</doc>
<status status="PASS" start="2024-05-18T16:16:38.143748" elapsed="0.000505"/>
</kw>
<kw name="Log" owner="BuiltIn">
<msg time="2024-05-18T16:16:38.144723" level="INFO">{'results': [{'gender': 'male', 'name': {'title': 'Mr', 'first': 'Alberto', 'last': 'Pedraza'}, 'location': {'street': {'number': 822, 'name': 'Continuación Núñez'}, 'city': 'Palmar de Bravo', 'state': 'Sinaloa', 'country': 'Mexico', 'postcode': 95878, 'coordinates': {'latitude': '21.7832', 'longitude': '-79.8784'}, 'timezone': {'offset': '+9:00', 'description': 'Tokyo, Seoul, Osaka, Sapporo, Yakutsk'}}, 'email': 'alberto.pedraza@example.com', 'login': {'uuid': '0ae179cf-255c-48cd-8dda-1bcb67ec294a', 'username': 'ticklishostrich177', 'password': 'speed', 'salt': 'ivwWIU1F', 'md5': 'ce0ae88fb05e6967fc0472f9400f946f', 'sha1': 'bcfd5fdc053f8935c43156ed40b61f7ce7b04e85', 'sha256': '4627ee2dc8ee15a2e67a19ba4bf1e3fbb2ce5549e0ac2f1ed958d6e9da434a8b'}, 'dob': {'date': '1986-03-12T20:21:42.205Z', 'age': 38}, 'registered': {'date': '2018-05-22T04:36:45.059Z', 'age': 5}, 'phone': '(644) 971 5262', 'cell': '(653) 357 8443', 'id': {'name': 'NSS', 'value': '07 02 09 5270 8'}, 'picture': {'large': 'https://randomuser.me/api/portraits/men/70.jpg', 'medium': 'https://randomuser.me/api/portraits/med/men/70.jpg', 'thumbnail': 'https://randomuser.me/api/portraits/thumb/men/70.jpg'}, 'nat': 'MX'}], 'info': {'seed': '5d99156805d29a02', 'results': 1, 'page': 1, 'version': '1.4'}}</msg>
<arg>${json_data}</arg>
<doc>Logs the given message with the given level.</doc>
<status status="PASS" start="2024-05-18T16:16:38.144569" elapsed="0.000232"/>
</kw>
<kw name="Should Be Equal As Numbers" owner="BuiltIn">
<arg>${json_data['results'][0]['location']['postcode']}</arg>
<arg>${json_data['results'][0]['location']['postcode']}</arg>
<doc>Fails if objects are unequal after converting them to real numbers.</doc>
<status status="PASS" start="2024-05-18T16:16:38.145107" elapsed="0.000771"/>
</kw>
<kw name="Log" owner="BuiltIn">
<msg time="2024-05-18T16:16:38.146413" level="INFO">95878</msg>
<arg>${json_data['results'][0]['location']['postcode']}</arg>
<doc>Logs the given message with the given level.</doc>
<status status="PASS" start="2024-05-18T16:16:38.146074" elapsed="0.000379"/>
</kw>
<status status="PASS" start="2024-05-18T16:16:38.056256" elapsed="0.090453"/>
</kw>
<doc>Testa se os tipos de dados na resposta da API estão corretos.</doc>
<tag>testeTiposDados</tag>
<status status="PASS" start="2024-05-18T16:16:37.962395" elapsed="0.184481"/>
</test>
<test id="s1-s1-t5" name="Validar conteudo" line="35">
<kw name="Teste de Tipos de Conteudo" owner="random-user-service">
<kw name="GET On Session" owner="RequestsLibrary">
<msg time="2024-05-18T16:16:38.248732" level="INFO">GET Request : url=https://randomuser.me/api 
 path_url=/api 
 headers={'User-Agent': 'python-requests/2.31.0', 'Accept-Encoding': 'gzip, deflate', 'Accept': '*/*', 'Connection': 'keep-alive'} 
 body=None 
 </msg>
<msg time="2024-05-18T16:16:38.248819" level="INFO">GET Response : url=https://randomuser.me/api 
 status=200, reason=OK 
 headers={'Date': 'Sat, 18 May 2024 16:16:38 GMT', 'Content-Type': 'application/json; charset=utf-8', 'Transfer-Encoding': 'chunked', 'Connection': 'keep-alive', 'X-Powered-By': 'Express', 'Access-Control-Allow-Origin': '*', 'Cache-Control': 'no-cache', 'ETag': 'W/"489-1CiaojhVp3WStGsNRRVUj/iUeqQ"', 'Vary': 'Accept-Encoding', 'Content-Encoding': 'gzip', 'CF-Cache-Status': 'DYNAMIC', 'Report-To': '{"endpoints":[{"url":"https:\\/\\/a.nel.cloudflare.com\\/report\\/v4?s=jOFX1sTfzPoXf0iqwvqT8ePfKWLW1%2Fzk0T2Ihv2kxpQlCU7DLX7r70NTc%2FU8LbsxAGZslX0ZfPUI%2FJz21A2PvXN9LLl68g6XZSdYZAE%2F0ZnadHmxapSQ%2FqH79TU%2Bee6x"}],"group":"cf-nel","max_age":604800}', 'NEL': '{"success_fraction":0,"report_to":"cf-nel","max_age":604800}', 'Server': 'cloudflare', 'CF-RAY': '885d271e7a6605fb-IAD', 'alt-svc': 'h3=":443"; ma=86400'} 
 body={"results":[{"gender":"male","name":{"title":"Mr","first":"آریا","last":"گلشن"},"location":{"street":{"number":962,"name":"تقوی"},"city":"خرم‌آباد","state":"چهارمحال و بختیاری","country":"Iran","postcode":52065,"coordinates":{"latitude":"17.6224","longitude":"-0.8164"},"timezone":{"offset":"+9:30","description":"Adelaide, Darwin"}},"email":"ary.glshn@example.com","login":{"uuid":"2fe125b7-7ff1-4ee0-b844-9270d0112912","username":"crazyelephant647","password":"labrador","salt":"E80g56am","md5":"f6e497230ca87e8056e8d4fa3cf066ed","sha1":"d6abdcbe40ea8f9eb8608b2bd6753675f08f73d4","sha256":"b885c2e007e109aed35a7c50d3797282518ff5ee73dcff92b9da1f38f743ecb0"},"dob":{"date":"1954-10-25T02:47:44.993Z","age":69},"registered":{"date":"2011-04-07T16:53:00.022Z","age":13},"phone":"080-00151133","cell":"0948-732-9826","id":{"name":"","value":null},"picture":{"large":"https://randomuser.me/api/portraits/men/2.jpg","medium":"https://randomuser.me/api/portraits/med/men/2.jpg","thumbnail":"https://randomuser.me/api/portraits/thumb/men/2.jpg"},"nat":"IR"}],"info":{"seed":"306d8d6e83c32421","results":1,"page":1,"version":"1.4"}} 
 </msg>
<msg time="2024-05-18T16:16:38.248895" level="INFO">/opt/hostedtoolcache/Python/3.12.3/x64/lib/python3.12/site-packages/urllib3/connectionpool.py:1103: InsecureRequestWarning: Unverified HTTPS request is being made to host 'randomuser.me'. Adding certificate verification is strongly advised. See: https://urllib3.readthedocs.io/en/latest/advanced-usage.html#tls-warnings
  warnings.warn(</msg>
<msg time="2024-05-18T16:16:38.249004" level="INFO">${response} = &lt;Response [200]&gt;</msg>
<var>${response}</var>
<arg>consultarAPI</arg>
<arg>/api</arg>
<doc>Sends a GET request on a previously created HTTP Session.</doc>
<status status="PASS" start="2024-05-18T16:16:38.149305" elapsed="0.099738"/>
</kw>
<kw name="Set Variable" owner="BuiltIn">
<msg time="2024-05-18T16:16:38.249978" level="INFO">${json_data} = {'results': [{'gender': 'male', 'name': {'title': 'Mr', 'first': 'آریا', 'last': 'گلشن'}, 'location': {'street': {'number': 962, 'name': 'تقوی'}, 'city': 'خرم\u200cآباد', 'state': 'چهارمحال و بختیاری'...</msg>
<var>${json_data}</var>
<arg>${response.json()}</arg>
<doc>Returns the given values which can then be assigned to a variables.</doc>
<status status="PASS" start="2024-05-18T16:16:38.249506" elapsed="0.000504"/>
</kw>
<kw name="Set Variable" owner="BuiltIn">
<msg time="2024-05-18T16:16:38.250708" level="INFO">${name_title} = Mr</msg>
<var>${name_title}</var>
<arg>${json_data["results"][0]["name"]["title"]}</arg>
<doc>Returns the given values which can then be assigned to a variables.</doc>
<status status="PASS" start="2024-05-18T16:16:38.250321" elapsed="0.000413"/>
</kw>
<kw name="Create List" owner="BuiltIn">
<msg time="2024-05-18T16:16:38.251221" level="INFO">${allowed_titles} = ['Mr', 'Ms', 'Miss', 'Mrs', 'Madame', 'Monsieur']</msg>
<var>${allowed_titles}</var>
<arg>Mr</arg>
<arg>Ms</arg>
<arg>Miss</arg>
<arg>Mrs</arg>
<arg>Madame</arg>
<arg>Monsieur</arg>
<doc>Returns a list containing given items.</doc>
<status status="PASS" start="2024-05-18T16:16:38.251070" elapsed="0.000176"/>
</kw>
<kw name="List Should Contain Value" owner="Collections">
<msg time="2024-05-18T16:16:38.251771" level="INFO">False</msg>
<arg>${allowed_titles}</arg>
<arg>${name_title}</arg>
<doc>Fails if the ``value`` is not found from ``list``.</doc>
<status status="PASS" start="2024-05-18T16:16:38.251550" elapsed="0.000259"/>
</kw>
<kw name="Set Variable" owner="BuiltIn">
<msg time="2024-05-18T16:16:38.252491" level="INFO">${name_country} = IR</msg>
<var>${name_country}</var>
<arg>${json_data["results"][0]["nat"]}</arg>
<doc>Returns the given values which can then be assigned to a variables.</doc>
<status status="PASS" start="2024-05-18T16:16:38.252109" elapsed="0.000407"/>
</kw>
<kw name="Create List" owner="BuiltIn">
<msg time="2024-05-18T16:16:38.253410" level="INFO">${list_country} = ['AD', 'AE', 'AF', 'AG', 'AI', 'AL', 'AM', 'AO', 'AQ', 'AR', 'AS', 'AT', 'AU', 'AW', 'AX', 'AZ', 'BA', 'BB', 'BD', 'BE', 'BF', 'BG', 'BH', 'BI', 'BJ', 'BL', 'BM', 'BN', 'BO', 'BQ', 'BR', 'BS', 'BT', '...</msg>
<var>${list_country}</var>
<arg>AD</arg>
<arg>AE</arg>
<arg>AF</arg>
<arg>AG</arg>
<arg>AI</arg>
<arg>AL</arg>
<arg>AM</arg>
<arg>AO</arg>
<arg>AQ</arg>
<arg>AR</arg>
<arg>AS</arg>
<arg>AT</arg>
<arg>AU</arg>
<arg>AW</arg>
<arg>AX</arg>
<arg>AZ</arg>
<arg>BA</arg>
<arg>BB</arg>
<arg>BD</arg>
<arg>BE</arg>
<arg>BF</arg>
<arg>BG</arg>
<arg>BH</arg>
<arg>BI</arg>
<arg>BJ</arg>
<arg>BL</arg>
<arg>BM</arg>
<arg>BN</arg>
<arg>BO</arg>
<arg>BQ</arg>
<arg>BR</arg>
<arg>BS</arg>
<arg>BT</arg>
<arg>BV</arg>
<arg>BW</arg>
<arg>BY</arg>
<arg>BZ</arg>
<arg>CA</arg>
<arg>CC</arg>
<arg>CD</arg>
<arg>CF</arg>
<arg>CG</arg>
<arg>CH</arg>
<arg>CI</arg>
<arg>CK</arg>
<arg>CL</arg>
<arg>CM</arg>
<arg>CN</arg>
<arg>CO</arg>
<arg>CR</arg>
<arg>CU</arg>
<arg>CV</arg>
<arg>CW</arg>
<arg>CX</arg>
<arg>CY</arg>
<arg>CZ</arg>
<arg>DE</arg>
<arg>DJ</arg>
<arg>DK</arg>
<arg>DM</arg>
<arg>DO</arg>
<arg>DZ</arg>
<arg>EC</arg>
<arg>EE</arg>
<arg>EG</arg>
<arg>EH</arg>
<arg>ER</arg>
<arg>ES</arg>
<arg>ET</arg>
<arg>FI</arg>
<arg>FJ</arg>
<arg>FK</arg>
<arg>FM</arg>
<arg>FO</arg>
<arg>FR</arg>
<arg>GA</arg>
<arg>GB</arg>
<arg>GD</arg>
<arg>GE</arg>
<arg>GF</arg>
<arg>GG</arg>
<arg>GH</arg>
<arg>GI</arg>
<arg>GL</arg>
<arg>GM</arg>
<arg>GN</arg>
<arg>GP</arg>
<arg>GQ</arg>
<arg>GR</arg>
<arg>GS</arg>
<arg>GT</arg>
<arg>GU</arg>
<arg>GW</arg>
<arg>GY</arg>
<arg>HK</arg>
<arg>HM</arg>
<arg>HN</arg>
<arg>HR</arg>
<arg>HT</arg>
<arg>HU</arg>
<arg>ID</arg>
<arg>IE</arg>
<arg>IL</arg>
<arg>IM</arg>
<arg>IN</arg>
<arg>IO</arg>
<arg>IQ</arg>
<arg>IR</arg>
<arg>IS</arg>
<arg>IT</arg>
<arg>JE</arg>
<arg>JM</arg>
<arg>JO</arg>
<arg>JP</arg>
<arg>KE</arg>
<arg>KG</arg>
<arg>KH</arg>
<arg>KI</arg>
<arg>KM</arg>
<arg>KN</arg>
<arg>KP</arg>
<arg>KR</arg>
<arg>KW</arg>
<arg>KY</arg>
<arg>KZ</arg>
<arg>LA</arg>
<arg>LB</arg>
<arg>LC</arg>
<arg>LI</arg>
<arg>LK</arg>
<arg>LR</arg>
<arg>LS</arg>
<arg>LT</arg>
<arg>LU</arg>
<arg>LV</arg>
<arg>LY</arg>
<arg>MA</arg>
<arg>MC</arg>
<arg>MD</arg>
<arg>ME</arg>
<arg>MF</arg>
<arg>MG</arg>
<arg>MH</arg>
<arg>MK</arg>
<arg>ML</arg>
<arg>MM</arg>
<arg>MN</arg>
<arg>MO</arg>
<arg>MP</arg>
<arg>MQ</arg>
<arg>MR</arg>
<arg>MS</arg>
<arg>MT</arg>
<arg>MU</arg>
<arg>MV</arg>
<arg>MW</arg>
<arg>MX</arg>
<arg>MY</arg>
<arg>MZ</arg>
<arg>NA</arg>
<arg>NC</arg>
<arg>NE</arg>
<arg>NF</arg>
<arg>NG</arg>
<arg>NI</arg>
<arg>NL</arg>
<arg>NO</arg>
<arg>NP</arg>
<arg>NR</arg>
<arg>NU</arg>
<arg>NZ</arg>
<arg>OM</arg>
<arg>PA</arg>
<arg>PE</arg>
<arg>PF</arg>
<arg>PG</arg>
<arg>PH</arg>
<arg>PK</arg>
<arg>PL</arg>
<arg>PM</arg>
<arg>PN</arg>
<arg>PR</arg>
<arg>PS</arg>
<arg>PT</arg>
<arg>PW</arg>
<arg>PY</arg>
<arg>QA</arg>
<arg>RE</arg>
<arg>RO</arg>
<arg>RS</arg>
<arg>RU</arg>
<arg>RW</arg>
<arg>SA</arg>
<arg>SB</arg>
<arg>SC</arg>
<arg>SD</arg>
<arg>SE</arg>
<arg>SG</arg>
<arg>SH</arg>
<arg>SI</arg>
<arg>SJ</arg>
<arg>SK</arg>
<arg>SL</arg>
<arg>SM</arg>
<arg>SN</arg>
<arg>SO</arg>
<arg>SR</arg>
<arg>SS</arg>
<arg>ST</arg>
<arg>SV</arg>
<arg>SX</arg>
<arg>SY</arg>
<arg>SZ</arg>
<arg>TC</arg>
<arg>TD</arg>
<arg>TF</arg>
<arg>TG</arg>
<arg>TH</arg>
<arg>TJ</arg>
<arg>TK</arg>
<arg>TL</arg>
<arg>TM</arg>
<arg>TN</arg>
<arg>TO</arg>
<arg>TR</arg>
<arg>TT</arg>
<arg>TV</arg>
<arg>TW</arg>
<arg>TZ</arg>
<arg>UA</arg>
<arg>UG</arg>
<arg>UM</arg>
<arg>US</arg>
<arg>UY</arg>
<arg>UZ</arg>
<arg>VA</arg>
<arg>VC</arg>
<arg>VE</arg>
<arg>VG</arg>
<arg>VI</arg>
<arg>VN</arg>
<arg>VU</arg>
<arg>WF</arg>
<arg>WS</arg>
<arg>XK</arg>
<arg>YE</arg>
<arg>YT</arg>
<arg>ZA</arg>
<arg>ZM</arg>
<arg>ZW</arg>
<doc>Returns a list containing given items.</doc>
<status status="PASS" start="2024-05-18T16:16:38.252818" elapsed="0.000616"/>
</kw>
<kw name="List Should Contain Value" owner="Collections">
<msg time="2024-05-18T16:16:38.254413" level="INFO">False</msg>
<arg>${list_country}</arg>
<arg>${name_country}</arg>
<doc>Fails if the ``value`` is not found from ``list``.</doc>
<status status="PASS" start="2024-05-18T16:16:38.254215" elapsed="0.000233"/>
</kw>
<kw name="Run Keyword If" owner="BuiltIn">
<kw name="Should Be True" owner="BuiltIn">
<arg>${True}</arg>
<doc>Fails if the given condition is not true.</doc>
<status status="PASS" start="2024-05-18T16:16:38.255509" elapsed="0.000164"/>
</kw>
<arg>${json_data["results"][0]["location"]["coordinates"]["latitude"]} &gt;= -90 and ${json_data["results"][0]["location"]["coordinates"]["latitude"]} &lt;= 90</arg>
<arg>Should Be True</arg>
<arg>${True}</arg>
<doc>Runs the given keyword with the given arguments, if ``condition`` is true.</doc>
<status status="PASS" start="2024-05-18T16:16:38.254758" elapsed="0.001050"/>
</kw>
<kw name="Run Keyword If" owner="BuiltIn">
<kw name="Should Be True" owner="BuiltIn">
<arg>${True}</arg>
<doc>Fails if the given condition is not true.</doc>
<status status="PASS" start="2024-05-18T16:16:38.256675" elapsed="0.000241"/>
</kw>
<arg>${json_data["results"][0]["location"]["coordinates"]["longitude"]} &gt;= -180 and ${json_data["results"][0]["location"]["coordinates"]["longitude"]} &lt;= 180</arg>
<arg>Should Be True</arg>
<arg>${True}</arg>
<doc>Runs the given keyword with the given arguments, if ``condition`` is true.</doc>
<status status="PASS" start="2024-05-18T16:16:38.255990" elapsed="0.001051"/>
</kw>
<status status="PASS" start="2024-05-18T16:16:38.149081" elapsed="0.108087"/>
</kw>
<doc>Testa o conteúdo específico dos campos retornados pela API.</doc>
<tag>testeConteudo</tag>
<status status="PASS" start="2024-05-18T16:16:38.148633" elapsed="0.108677"/>
</test>
<status status="PASS" start="2024-05-18T16:16:37.197928" elapsed="1.061321"/>
</suite>
<status status="PASS" start="2024-05-18T16:16:37.184434" elapsed="1.079991"/>
</suite>
<statistics>
<total>
<stat pass="5" fail="0" skip="0">All Tests</stat>
</total>
<tag>
<stat pass="1" fail="0" skip="0">testeConteudo</stat>
<stat pass="1" fail="0" skip="0">testeEstruturaResposta</stat>
<stat pass="1" fail="0" skip="0">testeRequisicaoBasica</stat>
<stat pass="1" fail="0" skip="0">testeTiposDados</stat>
</tag>
<suite>
<stat pass="5" fail="0" skip="0" id="s1" name="Tests">Tests</stat>
<stat pass="5" fail="0" skip="0" id="s1-s1" name="Random-User-Test">Tests.Random-User-Test</stat>
</suite>
</statistics>
<errors>
</errors>
</robot>
