<?xml version="1.0" encoding="UTF-8"?>
<robot generator="Robot 7.0.1 (Python 3.12.4 on linux)" generated="2024-08-01T10:17:25.904735" rpa="false" schemaversion="5">
<suite id="s1" name="Tests" source="/home/runner/work/ApiRandomUser/ApiRandomUser/RamdonUser/tests">
<suite id="s1-s1" name="Random-User-Test" source="/home/runner/work/ApiRandomUser/ApiRandomUser/RamdonUser/tests/random-user-test.robot">
<test id="s1-s1-t1" name="Conectar" line="13">
<kw name="Conectar API" owner="random-user-service">
<kw name="Create Session" owner="RequestsLibrary">
<msg time="2024-08-01T10:17:26.313070" level="INFO">Creating Session using : alias=consultarAPI, url=https://randomuser.me/, headers={},                     cookies={}, auth=None, timeout=None, proxies=None, verify=False,                     debug=0 </msg>
<arg>consultarAPI</arg>
<arg>${URL}</arg>
<doc>Create Session: create a HTTP session to a server</doc>
<status status="PASS" start="2024-08-01T10:17:26.312877" elapsed="0.000368"/>
</kw>
<status status="PASS" start="2024-08-01T10:17:26.311892" elapsed="0.001700"/>
</kw>
<status status="PASS" start="2024-08-01T10:17:26.311298" elapsed="0.002488"/>
</test>
<test id="s1-s1-t2" name="Validar retorno 200 e JSON Válido" line="16">
<kw name="Teste de Requisicao Basica" owner="random-user-service">
<kw name="GET On Session" owner="RequestsLibrary">
<msg time="2024-08-01T10:17:26.494671" level="INFO">GET Request : url=https://randomuser.me/api 
 path_url=/api 
 headers={'User-Agent': 'python-requests/2.32.3', 'Accept-Encoding': 'gzip, deflate', 'Accept': '*/*', 'Connection': 'keep-alive'} 
 body=None 
 </msg>
<msg time="2024-08-01T10:17:26.494820" level="INFO">GET Response : url=https://randomuser.me/api 
 status=200, reason=OK 
 headers={'Date': 'Thu, 01 Aug 2024 10:17:26 GMT', 'Content-Type': 'application/json; charset=utf-8', 'Transfer-Encoding': 'chunked', 'Connection': 'keep-alive', 'X-Powered-By': 'Express', 'Access-Control-Allow-Origin': '*', 'Cache-Control': 'no-cache', 'ETag': 'W/"4ae-5qJCsHoU3tO4xglxcyECpe9Vq7Y"', 'Vary': 'Accept-Encoding', 'Content-Encoding': 'gzip', 'CF-Cache-Status': 'DYNAMIC', 'Report-To': '{"endpoints":[{"url":"https:\\/\\/a.nel.cloudflare.com\\/report\\/v4?s=jvermxG8p3rDShnjQUmiIU8pFkHpgysKMyO8NNqyiUw30%2B8qvxiY3Mmop8uTsoZ%2BWCQoOCCxe3GoWkW5bHTVFNqn9ReM%2BULHTD4u%2BHxdIPwKt4WssoxS2zT5ZkWeiwWR"}],"group":"cf-nel","max_age":604800}', 'NEL': '{"success_fraction":0,"report_to":"cf-nel","max_age":604800}', 'Server': 'cloudflare', 'CF-RAY': '8ac51413fab0084c-IAD', 'alt-svc': 'h3=":443"; ma=86400'} 
 body={"results":[{"gender":"female","name":{"title":"Mrs","first":"Kaylee","last":"Rodriguez"},"location":{"street":{"number":3865,"name":"Lakeview St"},"city":"Centennial","state":"Washington","country":"United States","postcode":81309,"coordinates":{"latitude":"89.8084","longitude":"143.0178"},"timezone":{"offset":"+5:00","description":"Ekaterinburg, Islamabad, Karachi, Tashkent"}},"email":"kaylee.rodriguez@example.com","login":{"uuid":"8caa662e-c0dd-4620-999f-befc8e6f3801","username":"yellowpanda918","password":"marcel","salt":"a12zhbZL","md5":"e829aaae86c7683fdcbee51aa6034879","sha1":"e5a0dc13cf599a2a944e99dd300c1ea12413bf34","sha256":"ff7180a2d26176958d0b7feed10f1c11a471c60e4850259665067f7dcc08921d"},"dob":{"date":"1999-05-27T12:30:24.492Z","age":25},"registered":{"date":"2017-10-04T03:32:45.248Z","age":6},"phone":"(939) 350-1807","cell":"(734) 850-9073","id":{"name":"SSN","value":"684-51-0349"},"picture":{"large":"https://randomuser.me/api/portraits/women/52.jpg","medium":"https://randomuser.me/api/portraits/med/women/52.jpg","thumbnail":"https://randomuser.me/api/portraits/thumb/women/52.jpg"},"nat":"US"}],"info":{"seed":"27918a7fd8ecb130","results":1,"page":1,"version":"1.4"}} 
 </msg>
<msg time="2024-08-01T10:17:26.494902" level="INFO">/opt/hostedtoolcache/Python/3.12.4/x64/lib/python3.12/site-packages/urllib3/connectionpool.py:1099: InsecureRequestWarning: Unverified HTTPS request is being made to host 'randomuser.me'. Adding certificate verification is strongly advised. See: https://urllib3.readthedocs.io/en/latest/advanced-usage.html#tls-warnings
  warnings.warn(</msg>
<msg time="2024-08-01T10:17:26.495046" level="INFO">${response} = &lt;Response [200]&gt;</msg>
<var>${response}</var>
<arg>consultarAPI</arg>
<arg>/api</arg>
<doc>Sends a GET request on a previously created HTTP Session.</doc>
<status status="PASS" start="2024-08-01T10:17:26.316483" elapsed="0.178603"/>
</kw>
<kw name="Should Be Equal As Numbers" owner="BuiltIn">
<msg time="2024-08-01T10:17:26.496063" level="INFO">Argument types are:
&lt;class 'int'&gt;
&lt;class 'str'&gt;</msg>
<arg>${response.status_code}</arg>
<arg>200</arg>
<doc>Fails if objects are unequal after converting them to real numbers.</doc>
<status status="PASS" start="2024-08-01T10:17:26.495600" elapsed="0.000531"/>
</kw>
<kw name="Log" owner="BuiltIn">
<msg time="2024-08-01T10:17:26.496837" level="INFO">200</msg>
<arg>${response.status_code}</arg>
<doc>Logs the given message with the given level.</doc>
<status status="PASS" start="2024-08-01T10:17:26.496470" elapsed="0.000410"/>
</kw>
<kw name="Set Variable" owner="BuiltIn">
<msg time="2024-08-01T10:17:26.497646" level="INFO">${json_data} = {'results': [{'gender': 'female', 'name': {'title': 'Mrs', 'first': 'Kaylee', 'last': 'Rodriguez'}, 'location': {'street': {'number': 3865, 'name': 'Lakeview St'}, 'city': 'Centennial', 'state': 'Wash...</msg>
<var>${json_data}</var>
<arg>${response.json()}</arg>
<doc>Returns the given values which can then be assigned to a variables.</doc>
<status status="PASS" start="2024-08-01T10:17:26.497194" elapsed="0.000480"/>
</kw>
<kw name="Dictionary Should Contain Key" owner="Collections">
<arg>${json_data}</arg>
<arg>results</arg>
<doc>Fails if ``key`` is not found from ``dictionary``.</doc>
<status status="PASS" start="2024-08-01T10:17:26.497985" elapsed="0.000336"/>
</kw>
<status status="PASS" start="2024-08-01T10:17:26.316239" elapsed="0.182268"/>
</kw>
<doc>Testa se a API responde corretamente e retorna um objeto JSON válido.</doc>
<tag>testeRequisicaoBasica</tag>
<status status="PASS" start="2024-08-01T10:17:26.315699" elapsed="0.182986"/>
</test>
<test id="s1-s1-t3" name="Validar estrutura de resposta" line="22">
<kw name="Teste de Estrutura de Resposta" owner="random-user-service">
<kw name="GET On Session" owner="RequestsLibrary">
<msg time="2024-08-01T10:17:26.546888" level="INFO">GET Request : url=https://randomuser.me/api 
 path_url=/api 
 headers={'User-Agent': 'python-requests/2.32.3', 'Accept-Encoding': 'gzip, deflate', 'Accept': '*/*', 'Connection': 'keep-alive'} 
 body=None 
 </msg>
<msg time="2024-08-01T10:17:26.546952" level="INFO">GET Response : url=https://randomuser.me/api 
 status=200, reason=OK 
 headers={'Date': 'Thu, 01 Aug 2024 10:17:26 GMT', 'Content-Type': 'application/json; charset=utf-8', 'Transfer-Encoding': 'chunked', 'Connection': 'keep-alive', 'X-Powered-By': 'Express', 'Access-Control-Allow-Origin': '*', 'Cache-Control': 'no-cache', 'ETag': 'W/"48f-Vo57DX71CKoTKiNWMTuq7R2nMhI"', 'Vary': 'Accept-Encoding', 'Content-Encoding': 'gzip', 'CF-Cache-Status': 'DYNAMIC', 'Report-To': '{"endpoints":[{"url":"https:\\/\\/a.nel.cloudflare.com\\/report\\/v4?s=Rzudlyg%2BMMnSJ136Aq3ShO4mAfhryu0HOwjQ4Z0bgYw3O%2BY1cV%2BinzUBJlzpNyiZX67rlcCBBv8Ry3Gdgl4ovZ1qHv0LMvSPsV0yAXwcWgK1swVUo3BOJOov8ec8v%2Bbl"}],"group":"cf-nel","max_age":604800}', 'NEL': '{"success_fraction":0,"report_to":"cf-nel","max_age":604800}', 'Server': 'cloudflare', 'CF-RAY': '8ac51414ab22084c-IAD', 'alt-svc': 'h3=":443"; ma=86400'} 
 body={"results":[{"gender":"male","name":{"title":"Mr","first":"Harley","last":"Lewis"},"location":{"street":{"number":2117,"name":"Dickens Street"},"city":"Whangarei","state":"Marlborough","country":"New Zealand","postcode":77034,"coordinates":{"latitude":"51.8983","longitude":"-16.1039"},"timezone":{"offset":"-5:00","description":"Eastern Time (US &amp; Canada), Bogota, Lima"}},"email":"harley.lewis@example.com","login":{"uuid":"67333f6b-eb20-4784-bef5-9a4dca5d8089","username":"whitefrog655","password":"teenie","salt":"5SjcDIpS","md5":"2c9bda96c5ced00974993ccef05ac662","sha1":"f230ba3b720bc1535bbe568259d58fd79170c5a4","sha256":"a1dcdc826f73fe7c535452f0fdc7c2eeca0863b7803a0b844482361072fb664d"},"dob":{"date":"1981-04-07T18:13:48.954Z","age":43},"registered":{"date":"2007-04-15T00:41:12.020Z","age":17},"phone":"(763)-850-5539","cell":"(461)-260-8207","id":{"name":"","value":null},"picture":{"large":"https://randomuser.me/api/portraits/men/86.jpg","medium":"https://randomuser.me/api/portraits/med/men/86.jpg","thumbnail":"https://randomuser.me/api/portraits/thumb/men/86.jpg"},"nat":"NZ"}],"info":{"seed":"dbcbbabb9d4cb6f0","results":1,"page":1,"version":"1.4"}} 
 </msg>
<msg time="2024-08-01T10:17:26.547052" level="INFO">/opt/hostedtoolcache/Python/3.12.4/x64/lib/python3.12/site-packages/urllib3/connectionpool.py:1099: InsecureRequestWarning: Unverified HTTPS request is being made to host 'randomuser.me'. Adding certificate verification is strongly advised. See: https://urllib3.readthedocs.io/en/latest/advanced-usage.html#tls-warnings
  warnings.warn(</msg>
<msg time="2024-08-01T10:17:26.547159" level="INFO">${response} = &lt;Response [200]&gt;</msg>
<var>${response}</var>
<arg>consultarAPI</arg>
<arg>/api</arg>
<doc>Sends a GET request on a previously created HTTP Session.</doc>
<status status="PASS" start="2024-08-01T10:17:26.501395" elapsed="0.045803"/>
</kw>
<kw name="Set Variable" owner="BuiltIn">
<msg time="2024-08-01T10:17:26.548188" level="INFO">${json_data} = {'results': [{'gender': 'male', 'name': {'title': 'Mr', 'first': 'Harley', 'last': 'Lewis'}, 'location': {'street': {'number': 2117, 'name': 'Dickens Street'}, 'city': 'Whangarei', 'state': 'Marlborou...</msg>
<var>${json_data}</var>
<arg>${response.json()}</arg>
<doc>Returns the given values which can then be assigned to a variables.</doc>
<status status="PASS" start="2024-08-01T10:17:26.547638" elapsed="0.000578"/>
</kw>
<kw name="Log" owner="BuiltIn">
<msg time="2024-08-01T10:17:26.548690" level="INFO">{'results': [{'gender': 'male', 'name': {'title': 'Mr', 'first': 'Harley', 'last': 'Lewis'}, 'location': {'street': {'number': 2117, 'name': 'Dickens Street'}, 'city': 'Whangarei', 'state': 'Marlborough', 'country': 'New Zealand', 'postcode': 77034, 'coordinates': {'latitude': '51.8983', 'longitude': '-16.1039'}, 'timezone': {'offset': '-5:00', 'description': 'Eastern Time (US &amp; Canada), Bogota, Lima'}}, 'email': 'harley.lewis@example.com', 'login': {'uuid': '67333f6b-eb20-4784-bef5-9a4dca5d8089', 'username': 'whitefrog655', 'password': 'teenie', 'salt': '5SjcDIpS', 'md5': '2c9bda96c5ced00974993ccef05ac662', 'sha1': 'f230ba3b720bc1535bbe568259d58fd79170c5a4', 'sha256': 'a1dcdc826f73fe7c535452f0fdc7c2eeca0863b7803a0b844482361072fb664d'}, 'dob': {'date': '1981-04-07T18:13:48.954Z', 'age': 43}, 'registered': {'date': '2007-04-15T00:41:12.020Z', 'age': 17}, 'phone': '(763)-850-5539', 'cell': '(461)-260-8207', 'id': {'name': '', 'value': None}, 'picture': {'large': 'https://randomuser.me/api/portraits/men/86.jpg', 'medium': 'https://randomuser.me/api/portraits/med/men/86.jpg', 'thumbnail': 'https://randomuser.me/api/portraits/thumb/men/86.jpg'}, 'nat': 'NZ'}], 'info': {'seed': 'dbcbbabb9d4cb6f0', 'results': 1, 'page': 1, 'version': '1.4'}}</msg>
<arg>${json_data}</arg>
<doc>Logs the given message with the given level.</doc>
<status status="PASS" start="2024-08-01T10:17:26.548524" elapsed="0.000216"/>
</kw>
<kw name="Dictionary Should Contain Key" owner="Collections">
<arg>${json_data}</arg>
<arg>results</arg>
<doc>Fails if ``key`` is not found from ``dictionary``.</doc>
<status status="PASS" start="2024-08-01T10:17:26.549034" elapsed="0.000163"/>
</kw>
<kw name="Should Not Be Empty" owner="BuiltIn">
<msg time="2024-08-01T10:17:26.549510" level="INFO">Length is 2.</msg>
<arg>${json_data}</arg>
<doc>Verifies that the given item is not empty.</doc>
<status status="PASS" start="2024-08-01T10:17:26.549381" elapsed="0.000168"/>
</kw>
<kw name="Create List" owner="BuiltIn">
<msg time="2024-08-01T10:17:26.549997" level="INFO">${expected_keys} = ['gender', 'name', 'location', 'email', 'login']</msg>
<var>${expected_keys}</var>
<arg>gender</arg>
<arg>name</arg>
<arg>location</arg>
<arg>email</arg>
<arg>login</arg>
<doc>Returns a list containing given items.</doc>
<status status="PASS" start="2024-08-01T10:17:26.549842" elapsed="0.000180"/>
</kw>
<for flavor="IN">
<iter>
<kw name="Dictionary Should Contain Key" owner="Collections">
<arg>${json_data['results'][0]}</arg>
<arg>${key}</arg>
<doc>Fails if ``key`` is not found from ``dictionary``.</doc>
<status status="PASS" start="2024-08-01T10:17:26.550640" elapsed="0.000411"/>
</kw>
<kw name="Log" owner="BuiltIn">
<msg time="2024-08-01T10:17:26.551597" level="INFO">{'gender': 'male', 'name': {'title': 'Mr', 'first': 'Harley', 'last': 'Lewis'}, 'location': {'street': {'number': 2117, 'name': 'Dickens Street'}, 'city': 'Whangarei', 'state': 'Marlborough', 'country': 'New Zealand', 'postcode': 77034, 'coordinates': {'latitude': '51.8983', 'longitude': '-16.1039'}, 'timezone': {'offset': '-5:00', 'description': 'Eastern Time (US &amp; Canada), Bogota, Lima'}}, 'email': 'harley.lewis@example.com', 'login': {'uuid': '67333f6b-eb20-4784-bef5-9a4dca5d8089', 'username': 'whitefrog655', 'password': 'teenie', 'salt': '5SjcDIpS', 'md5': '2c9bda96c5ced00974993ccef05ac662', 'sha1': 'f230ba3b720bc1535bbe568259d58fd79170c5a4', 'sha256': 'a1dcdc826f73fe7c535452f0fdc7c2eeca0863b7803a0b844482361072fb664d'}, 'dob': {'date': '1981-04-07T18:13:48.954Z', 'age': 43}, 'registered': {'date': '2007-04-15T00:41:12.020Z', 'age': 17}, 'phone': '(763)-850-5539', 'cell': '(461)-260-8207', 'id': {'name': '', 'value': None}, 'picture': {'large': 'https://randomuser.me/api/portraits/men/86.jpg', 'medium': 'https://randomuser.me/api/portraits/med/men/86.jpg', 'thumbnail': 'https://randomuser.me/api/portraits/thumb/men/86.jpg'}, 'nat': 'NZ'}</msg>
<arg>${json_data['results'][0]}</arg>
<doc>Logs the given message with the given level.</doc>
<status status="PASS" start="2024-08-01T10:17:26.551239" elapsed="0.000409"/>
</kw>
<kw name="Log" owner="BuiltIn">
<msg time="2024-08-01T10:17:26.552078" level="INFO">gender</msg>
<arg>${key}</arg>
<doc>Logs the given message with the given level.</doc>
<status status="PASS" start="2024-08-01T10:17:26.551948" elapsed="0.000170"/>
</kw>
<var name="${key}">gender</var>
<status status="PASS" start="2024-08-01T10:17:26.550510" elapsed="0.001826"/>
</iter>
<iter>
<kw name="Dictionary Should Contain Key" owner="Collections">
<arg>${json_data['results'][0]}</arg>
<arg>${key}</arg>
<doc>Fails if ``key`` is not found from ``dictionary``.</doc>
<status status="PASS" start="2024-08-01T10:17:26.552633" elapsed="0.000389"/>
</kw>
<kw name="Log" owner="BuiltIn">
<msg time="2024-08-01T10:17:26.553567" level="INFO">{'gender': 'male', 'name': {'title': 'Mr', 'first': 'Harley', 'last': 'Lewis'}, 'location': {'street': {'number': 2117, 'name': 'Dickens Street'}, 'city': 'Whangarei', 'state': 'Marlborough', 'country': 'New Zealand', 'postcode': 77034, 'coordinates': {'latitude': '51.8983', 'longitude': '-16.1039'}, 'timezone': {'offset': '-5:00', 'description': 'Eastern Time (US &amp; Canada), Bogota, Lima'}}, 'email': 'harley.lewis@example.com', 'login': {'uuid': '67333f6b-eb20-4784-bef5-9a4dca5d8089', 'username': 'whitefrog655', 'password': 'teenie', 'salt': '5SjcDIpS', 'md5': '2c9bda96c5ced00974993ccef05ac662', 'sha1': 'f230ba3b720bc1535bbe568259d58fd79170c5a4', 'sha256': 'a1dcdc826f73fe7c535452f0fdc7c2eeca0863b7803a0b844482361072fb664d'}, 'dob': {'date': '1981-04-07T18:13:48.954Z', 'age': 43}, 'registered': {'date': '2007-04-15T00:41:12.020Z', 'age': 17}, 'phone': '(763)-850-5539', 'cell': '(461)-260-8207', 'id': {'name': '', 'value': None}, 'picture': {'large': 'https://randomuser.me/api/portraits/men/86.jpg', 'medium': 'https://randomuser.me/api/portraits/med/men/86.jpg', 'thumbnail': 'https://randomuser.me/api/portraits/thumb/men/86.jpg'}, 'nat': 'NZ'}</msg>
<arg>${json_data['results'][0]}</arg>
<doc>Logs the given message with the given level.</doc>
<status status="PASS" start="2024-08-01T10:17:26.553209" elapsed="0.000441"/>
</kw>
<kw name="Log" owner="BuiltIn">
<msg time="2024-08-01T10:17:26.554077" level="INFO">name</msg>
<arg>${key}</arg>
<doc>Logs the given message with the given level.</doc>
<status status="PASS" start="2024-08-01T10:17:26.553949" elapsed="0.000167"/>
</kw>
<var name="${key}">name</var>
<status status="PASS" start="2024-08-01T10:17:26.552520" elapsed="0.001812"/>
</iter>
<iter>
<kw name="Dictionary Should Contain Key" owner="Collections">
<arg>${json_data['results'][0]}</arg>
<arg>${key}</arg>
<doc>Fails if ``key`` is not found from ``dictionary``.</doc>
<status status="PASS" start="2024-08-01T10:17:26.554654" elapsed="0.000386"/>
</kw>
<kw name="Log" owner="BuiltIn">
<msg time="2024-08-01T10:17:26.555585" level="INFO">{'gender': 'male', 'name': {'title': 'Mr', 'first': 'Harley', 'last': 'Lewis'}, 'location': {'street': {'number': 2117, 'name': 'Dickens Street'}, 'city': 'Whangarei', 'state': 'Marlborough', 'country': 'New Zealand', 'postcode': 77034, 'coordinates': {'latitude': '51.8983', 'longitude': '-16.1039'}, 'timezone': {'offset': '-5:00', 'description': 'Eastern Time (US &amp; Canada), Bogota, Lima'}}, 'email': 'harley.lewis@example.com', 'login': {'uuid': '67333f6b-eb20-4784-bef5-9a4dca5d8089', 'username': 'whitefrog655', 'password': 'teenie', 'salt': '5SjcDIpS', 'md5': '2c9bda96c5ced00974993ccef05ac662', 'sha1': 'f230ba3b720bc1535bbe568259d58fd79170c5a4', 'sha256': 'a1dcdc826f73fe7c535452f0fdc7c2eeca0863b7803a0b844482361072fb664d'}, 'dob': {'date': '1981-04-07T18:13:48.954Z', 'age': 43}, 'registered': {'date': '2007-04-15T00:41:12.020Z', 'age': 17}, 'phone': '(763)-850-5539', 'cell': '(461)-260-8207', 'id': {'name': '', 'value': None}, 'picture': {'large': 'https://randomuser.me/api/portraits/men/86.jpg', 'medium': 'https://randomuser.me/api/portraits/med/men/86.jpg', 'thumbnail': 'https://randomuser.me/api/portraits/thumb/men/86.jpg'}, 'nat': 'NZ'}</msg>
<arg>${json_data['results'][0]}</arg>
<doc>Logs the given message with the given level.</doc>
<status status="PASS" start="2024-08-01T10:17:26.555228" elapsed="0.000415"/>
</kw>
<kw name="Log" owner="BuiltIn">
<msg time="2024-08-01T10:17:26.556070" level="INFO">location</msg>
<arg>${key}</arg>
<doc>Logs the given message with the given level.</doc>
<status status="PASS" start="2024-08-01T10:17:26.555943" elapsed="0.000165"/>
</kw>
<var name="${key}">location</var>
<status status="PASS" start="2024-08-01T10:17:26.554541" elapsed="0.001782"/>
</iter>
<iter>
<kw name="Dictionary Should Contain Key" owner="Collections">
<arg>${json_data['results'][0]}</arg>
<arg>${key}</arg>
<doc>Fails if ``key`` is not found from ``dictionary``.</doc>
<status status="PASS" start="2024-08-01T10:17:26.556605" elapsed="0.000389"/>
</kw>
<kw name="Log" owner="BuiltIn">
<msg time="2024-08-01T10:17:26.557645" level="INFO">{'gender': 'male', 'name': {'title': 'Mr', 'first': 'Harley', 'last': 'Lewis'}, 'location': {'street': {'number': 2117, 'name': 'Dickens Street'}, 'city': 'Whangarei', 'state': 'Marlborough', 'country': 'New Zealand', 'postcode': 77034, 'coordinates': {'latitude': '51.8983', 'longitude': '-16.1039'}, 'timezone': {'offset': '-5:00', 'description': 'Eastern Time (US &amp; Canada), Bogota, Lima'}}, 'email': 'harley.lewis@example.com', 'login': {'uuid': '67333f6b-eb20-4784-bef5-9a4dca5d8089', 'username': 'whitefrog655', 'password': 'teenie', 'salt': '5SjcDIpS', 'md5': '2c9bda96c5ced00974993ccef05ac662', 'sha1': 'f230ba3b720bc1535bbe568259d58fd79170c5a4', 'sha256': 'a1dcdc826f73fe7c535452f0fdc7c2eeca0863b7803a0b844482361072fb664d'}, 'dob': {'date': '1981-04-07T18:13:48.954Z', 'age': 43}, 'registered': {'date': '2007-04-15T00:41:12.020Z', 'age': 17}, 'phone': '(763)-850-5539', 'cell': '(461)-260-8207', 'id': {'name': '', 'value': None}, 'picture': {'large': 'https://randomuser.me/api/portraits/men/86.jpg', 'medium': 'https://randomuser.me/api/portraits/med/men/86.jpg', 'thumbnail': 'https://randomuser.me/api/portraits/thumb/men/86.jpg'}, 'nat': 'NZ'}</msg>
<arg>${json_data['results'][0]}</arg>
<doc>Logs the given message with the given level.</doc>
<status status="PASS" start="2024-08-01T10:17:26.557291" elapsed="0.000405"/>
</kw>
<kw name="Log" owner="BuiltIn">
<msg time="2024-08-01T10:17:26.558121" level="INFO">email</msg>
<arg>${key}</arg>
<doc>Logs the given message with the given level.</doc>
<status status="PASS" start="2024-08-01T10:17:26.557991" elapsed="0.000168"/>
</kw>
<var name="${key}">email</var>
<status status="PASS" start="2024-08-01T10:17:26.556496" elapsed="0.001876"/>
</iter>
<iter>
<kw name="Dictionary Should Contain Key" owner="Collections">
<arg>${json_data['results'][0]}</arg>
<arg>${key}</arg>
<doc>Fails if ``key`` is not found from ``dictionary``.</doc>
<status status="PASS" start="2024-08-01T10:17:26.558687" elapsed="0.000382"/>
</kw>
<kw name="Log" owner="BuiltIn">
<msg time="2024-08-01T10:17:26.559601" level="INFO">{'gender': 'male', 'name': {'title': 'Mr', 'first': 'Harley', 'last': 'Lewis'}, 'location': {'street': {'number': 2117, 'name': 'Dickens Street'}, 'city': 'Whangarei', 'state': 'Marlborough', 'country': 'New Zealand', 'postcode': 77034, 'coordinates': {'latitude': '51.8983', 'longitude': '-16.1039'}, 'timezone': {'offset': '-5:00', 'description': 'Eastern Time (US &amp; Canada), Bogota, Lima'}}, 'email': 'harley.lewis@example.com', 'login': {'uuid': '67333f6b-eb20-4784-bef5-9a4dca5d8089', 'username': 'whitefrog655', 'password': 'teenie', 'salt': '5SjcDIpS', 'md5': '2c9bda96c5ced00974993ccef05ac662', 'sha1': 'f230ba3b720bc1535bbe568259d58fd79170c5a4', 'sha256': 'a1dcdc826f73fe7c535452f0fdc7c2eeca0863b7803a0b844482361072fb664d'}, 'dob': {'date': '1981-04-07T18:13:48.954Z', 'age': 43}, 'registered': {'date': '2007-04-15T00:41:12.020Z', 'age': 17}, 'phone': '(763)-850-5539', 'cell': '(461)-260-8207', 'id': {'name': '', 'value': None}, 'picture': {'large': 'https://randomuser.me/api/portraits/men/86.jpg', 'medium': 'https://randomuser.me/api/portraits/med/men/86.jpg', 'thumbnail': 'https://randomuser.me/api/portraits/thumb/men/86.jpg'}, 'nat': 'NZ'}</msg>
<arg>${json_data['results'][0]}</arg>
<doc>Logs the given message with the given level.</doc>
<status status="PASS" start="2024-08-01T10:17:26.559251" elapsed="0.000400"/>
</kw>
<kw name="Log" owner="BuiltIn">
<msg time="2024-08-01T10:17:26.560074" level="INFO">login</msg>
<arg>${key}</arg>
<doc>Logs the given message with the given level.</doc>
<status status="PASS" start="2024-08-01T10:17:26.559945" elapsed="0.000167"/>
</kw>
<var name="${key}">login</var>
<status status="PASS" start="2024-08-01T10:17:26.558576" elapsed="0.001766"/>
</iter>
<var>${key}</var>
<value>@{expected_keys}</value>
<status status="PASS" start="2024-08-01T10:17:26.550285" elapsed="0.010179"/>
</for>
<kw name="Create List" owner="BuiltIn">
<msg time="2024-08-01T10:17:26.560797" level="INFO">${expected_keysTwo} = ['username', 'password']</msg>
<var>${expected_keysTwo}</var>
<arg>username</arg>
<arg>password</arg>
<doc>Returns a list containing given items.</doc>
<status status="PASS" start="2024-08-01T10:17:26.560655" elapsed="0.000200"/>
</kw>
<for flavor="IN">
<iter>
<kw name="Dictionary Should Contain Key" owner="Collections">
<arg>${json_data['results'][0]['login']}</arg>
<arg>${keyTwo}</arg>
<doc>Fails if ``key`` is not found from ``dictionary``.</doc>
<status status="PASS" start="2024-08-01T10:17:26.561366" elapsed="0.000386"/>
</kw>
<kw name="Dictionary Should Contain Key" owner="Collections">
<arg>${json_data['results'][0]['login']}</arg>
<arg>${keyTwo}</arg>
<doc>Fails if ``key`` is not found from ``dictionary``.</doc>
<status status="PASS" start="2024-08-01T10:17:26.561933" elapsed="0.000374"/>
</kw>
<kw name="Log" owner="BuiltIn">
<msg time="2024-08-01T10:17:26.562646" level="INFO">username</msg>
<arg>${keyTwo}</arg>
<doc>Logs the given message with the given level.</doc>
<status status="PASS" start="2024-08-01T10:17:26.562522" elapsed="0.000164"/>
</kw>
<var name="${keyTwo}">username</var>
<status status="PASS" start="2024-08-01T10:17:26.561257" elapsed="0.001650"/>
</iter>
<iter>
<kw name="Dictionary Should Contain Key" owner="Collections">
<arg>${json_data['results'][0]['login']}</arg>
<arg>${keyTwo}</arg>
<doc>Fails if ``key`` is not found from ``dictionary``.</doc>
<status status="PASS" start="2024-08-01T10:17:26.563189" elapsed="0.000383"/>
</kw>
<kw name="Dictionary Should Contain Key" owner="Collections">
<arg>${json_data['results'][0]['login']}</arg>
<arg>${keyTwo}</arg>
<doc>Fails if ``key`` is not found from ``dictionary``.</doc>
<status status="PASS" start="2024-08-01T10:17:26.563751" elapsed="0.000371"/>
</kw>
<kw name="Log" owner="BuiltIn">
<msg time="2024-08-01T10:17:26.564423" level="INFO">password</msg>
<arg>${keyTwo}</arg>
<doc>Logs the given message with the given level.</doc>
<status status="PASS" start="2024-08-01T10:17:26.564298" elapsed="0.000163"/>
</kw>
<var name="${keyTwo}">password</var>
<status status="PASS" start="2024-08-01T10:17:26.563078" elapsed="0.001604"/>
</iter>
<var>${keyTwo}</var>
<value>@{expected_keysTwo}</value>
<status status="PASS" start="2024-08-01T10:17:26.561104" elapsed="0.003701"/>
</for>
<status status="PASS" start="2024-08-01T10:17:26.501154" elapsed="0.063791"/>
</kw>
<doc>Testa a estrutura da resposta da API.</doc>
<tag>testeEstruturaResposta</tag>
<status status="PASS" start="2024-08-01T10:17:26.500554" elapsed="0.064540"/>
</test>
<test id="s1-s1-t4" name="Validar tipos de dados" line="28">
<kw name="Teste de Tipos de Dados" owner="random-user-service">
<kw name="GET On Session" owner="RequestsLibrary">
<msg time="2024-08-01T10:17:26.954091" level="INFO">GET Request : url=https://randomuser.me/api 
 path_url=/api 
 headers={'User-Agent': 'python-requests/2.32.3', 'Accept-Encoding': 'gzip, deflate', 'Accept': '*/*', 'Connection': 'keep-alive'} 
 body=None 
 </msg>
<msg time="2024-08-01T10:17:26.954211" level="INFO">GET Response : url=https://randomuser.me/api 
 status=200, reason=OK 
 headers={'Date': 'Thu, 01 Aug 2024 10:17:26 GMT', 'Content-Type': 'application/json; charset=utf-8', 'Transfer-Encoding': 'chunked', 'Connection': 'keep-alive', 'X-Powered-By': 'Express', 'Access-Control-Allow-Origin': '*', 'Cache-Control': 'no-cache', 'ETag': 'W/"4a4-WEj+UHCcYa8pdDCumcZNOhlixAc"', 'Vary': 'Accept-Encoding', 'Content-Encoding': 'gzip', 'CF-Cache-Status': 'DYNAMIC', 'Report-To': '{"endpoints":[{"url":"https:\\/\\/a.nel.cloudflare.com\\/report\\/v4?s=EyBstJchlX6d3KKauDRhIVGnULgcx2eSkTSWltTKYgmX831o6u3TJwGm9wDRfWINnnSL7DFSsOAqadQ08Nkxf9eZtXt4afVoDbpxbbGPjEL3wxcIviHg4Qp8BS%2FUyNxu"}],"group":"cf-nel","max_age":604800}', 'NEL': '{"success_fraction":0,"report_to":"cf-nel","max_age":604800}', 'Server': 'cloudflare', 'CF-RAY': '8ac514151b65084c-IAD', 'alt-svc': 'h3=":443"; ma=86400'} 
 body={"results":[{"gender":"female","name":{"title":"Ms","first":"Susanna","last":"Barrett"},"location":{"street":{"number":1909,"name":"Victoria Street"},"city":"Bath","state":"Berkshire","country":"United Kingdom","postcode":"B5 8HH","coordinates":{"latitude":"-9.3350","longitude":"86.0178"},"timezone":{"offset":"+10:00","description":"Eastern Australia, Guam, Vladivostok"}},"email":"susanna.barrett@example.com","login":{"uuid":"e0ef3e00-a7b7-470d-b9d2-8b811a26e0af","username":"blackleopard754","password":"smokie","salt":"CSEEdZDL","md5":"c28eeb656c89a1de631123ed97a06e1a","sha1":"0643ad57275a62acbfc23265da1f5e7d3be1ea37","sha256":"f33c73fe29a1587fc052fcf155d395da00576f1ca71ed7942a6c8514fa2d98ba"},"dob":{"date":"1976-02-11T02:17:26.241Z","age":48},"registered":{"date":"2003-10-18T19:45:08.352Z","age":20},"phone":"017687 12859","cell":"07824 149325","id":{"name":"NINO","value":"LS 53 68 20 X"},"picture":{"large":"https://randomuser.me/api/portraits/women/6.jpg","medium":"https://randomuser.me/api/portraits/med/women/6.jpg","thumbnail":"https://randomuser.me/api/portraits/thumb/women/6.jpg"},"nat":"GB"}],"info":{"seed":"18ee8bf19f077a79","results":1,"page":1,"version":"1.4"}} 
 </msg>
<msg time="2024-08-01T10:17:26.954293" level="INFO">/opt/hostedtoolcache/Python/3.12.4/x64/lib/python3.12/site-packages/urllib3/connectionpool.py:1099: InsecureRequestWarning: Unverified HTTPS request is being made to host 'randomuser.me'. Adding certificate verification is strongly advised. See: https://urllib3.readthedocs.io/en/latest/advanced-usage.html#tls-warnings
  warnings.warn(</msg>
<msg time="2024-08-01T10:17:26.954470" level="INFO">${response} = &lt;Response [200]&gt;</msg>
<var>${response}</var>
<arg>consultarAPI</arg>
<arg>/api</arg>
<doc>Sends a GET request on a previously created HTTP Session.</doc>
<status status="PASS" start="2024-08-01T10:17:26.567594" elapsed="0.386925"/>
</kw>
<kw name="Set Variable" owner="BuiltIn">
<msg time="2024-08-01T10:17:26.955483" level="INFO">${json_data} = {'results': [{'gender': 'female', 'name': {'title': 'Ms', 'first': 'Susanna', 'last': 'Barrett'}, 'location': {'street': {'number': 1909, 'name': 'Victoria Street'}, 'city': 'Bath', 'state': 'Berkshir...</msg>
<var>${json_data}</var>
<arg>${response.json()}</arg>
<doc>Returns the given values which can then be assigned to a variables.</doc>
<status status="PASS" start="2024-08-01T10:17:26.954983" elapsed="0.000528"/>
</kw>
<kw name="Log" owner="BuiltIn">
<msg time="2024-08-01T10:17:26.955972" level="INFO">{'results': [{'gender': 'female', 'name': {'title': 'Ms', 'first': 'Susanna', 'last': 'Barrett'}, 'location': {'street': {'number': 1909, 'name': 'Victoria Street'}, 'city': 'Bath', 'state': 'Berkshire', 'country': 'United Kingdom', 'postcode': 'B5 8HH', 'coordinates': {'latitude': '-9.3350', 'longitude': '86.0178'}, 'timezone': {'offset': '+10:00', 'description': 'Eastern Australia, Guam, Vladivostok'}}, 'email': 'susanna.barrett@example.com', 'login': {'uuid': 'e0ef3e00-a7b7-470d-b9d2-8b811a26e0af', 'username': 'blackleopard754', 'password': 'smokie', 'salt': 'CSEEdZDL', 'md5': 'c28eeb656c89a1de631123ed97a06e1a', 'sha1': '0643ad57275a62acbfc23265da1f5e7d3be1ea37', 'sha256': 'f33c73fe29a1587fc052fcf155d395da00576f1ca71ed7942a6c8514fa2d98ba'}, 'dob': {'date': '1976-02-11T02:17:26.241Z', 'age': 48}, 'registered': {'date': '2003-10-18T19:45:08.352Z', 'age': 20}, 'phone': '017687 12859', 'cell': '07824 149325', 'id': {'name': 'NINO', 'value': 'LS 53 68 20 X'}, 'picture': {'large': 'https://randomuser.me/api/portraits/women/6.jpg', 'medium': 'https://randomuser.me/api/portraits/med/women/6.jpg', 'thumbnail': 'https://randomuser.me/api/portraits/thumb/women/6.jpg'}, 'nat': 'GB'}], 'info': {'seed': '18ee8bf19f077a79', 'results': 1, 'page': 1, 'version': '1.4'}}</msg>
<arg>${json_data}</arg>
<doc>Logs the given message with the given level.</doc>
<status status="PASS" start="2024-08-01T10:17:26.955816" elapsed="0.000203"/>
</kw>
<kw name="Should Be String" owner="String">
<arg>${json_data['results'][0]['gender']}</arg>
<doc>Fails if the given ``item`` is not a string.</doc>
<status status="PASS" start="2024-08-01T10:17:26.956312" elapsed="0.000372"/>
</kw>
<kw name="Should Match Regexp" owner="BuiltIn">
<arg>${json_data['results'][0]['email']}</arg>
<arg>^[a-zA-Z0-9._%+-]+@[a-zA-Z0-9.-]+\.[a-zA-Z]{2,}$</arg>
<doc>Fails if ``string`` does not match ``pattern`` as a regular expression.</doc>
<status status="PASS" start="2024-08-01T10:17:26.956873" elapsed="0.000556"/>
</kw>
<kw name="Should Match Regexp" owner="BuiltIn">
<arg>${json_data['results'][0]['dob']['date']}</arg>
<arg>\\d{4}-\\d{2}-\\d{2}T\\d{2}:\\d{2}:\\d{2}\\.\\d{3}Z</arg>
<doc>Fails if ``string`` does not match ``pattern`` as a regular expression.</doc>
<status status="PASS" start="2024-08-01T10:17:26.957625" elapsed="0.000630"/>
</kw>
<kw name="Should Match Regexp" owner="BuiltIn">
<arg>${json_data['results'][0]['registered']['date']}</arg>
<arg>\\d{4}-\\d{2}-\\d{2}T\\d{2}:\\d{2}:\\d{2}\\.\\d{3}Z</arg>
<doc>Fails if ``string`` does not match ``pattern`` as a regular expression.</doc>
<status status="PASS" start="2024-08-01T10:17:26.958470" elapsed="0.000380"/>
</kw>
<kw name="Should Match Regexp" owner="BuiltIn">
<arg>${json_data['results'][0]['picture']['large']}</arg>
<arg>^https?://.*\.(?:png|jpe?g|gif|bmp)$</arg>
<doc>Fails if ``string`` does not match ``pattern`` as a regular expression.</doc>
<status status="PASS" start="2024-08-01T10:17:26.959036" elapsed="0.000458"/>
</kw>
<kw name="Should Match Regexp" owner="BuiltIn">
<arg>${json_data['results'][0]['picture']['medium']}</arg>
<arg>^https?://.*\.(?:png|jpe?g|gif|bmp)$</arg>
<doc>Fails if ``string`` does not match ``pattern`` as a regular expression.</doc>
<status status="PASS" start="2024-08-01T10:17:26.959680" elapsed="0.000353"/>
</kw>
<kw name="Should Match Regexp" owner="BuiltIn">
<arg>${json_data['results'][0]['picture']['thumbnail']}</arg>
<arg>^https?://.*\.(?:png|jpe?g|gif|bmp)$</arg>
<doc>Fails if ``string`` does not match ``pattern`` as a regular expression.</doc>
<status status="PASS" start="2024-08-01T10:17:26.960214" elapsed="0.000347"/>
</kw>
<kw name="Log" owner="BuiltIn">
<msg time="2024-08-01T10:17:26.961060" level="INFO">{'large': 'https://randomuser.me/api/portraits/women/6.jpg', 'medium': 'https://randomuser.me/api/portraits/med/women/6.jpg', 'thumbnail': 'https://randomuser.me/api/portraits/thumb/women/6.jpg'}</msg>
<arg>${json_data['results'][0]['picture']}</arg>
<doc>Logs the given message with the given level.</doc>
<status status="PASS" start="2024-08-01T10:17:26.960738" elapsed="0.000365"/>
</kw>
<status status="PASS" start="2024-08-01T10:17:26.567374" elapsed="0.393988"/>
</kw>
<kw name="Teste de Tipos de Dados - Postcode" owner="random-user-service">
<kw name="GET On Session" owner="RequestsLibrary">
<msg time="2024-08-01T10:17:27.063728" level="INFO">GET Request : url=https://randomuser.me/api 
 path_url=/api 
 headers={'User-Agent': 'python-requests/2.32.3', 'Accept-Encoding': 'gzip, deflate', 'Accept': '*/*', 'Connection': 'keep-alive'} 
 body=None 
 </msg>
<msg time="2024-08-01T10:17:27.063791" level="INFO">GET Response : url=https://randomuser.me/api 
 status=200, reason=OK 
 headers={'Date': 'Thu, 01 Aug 2024 10:17:27 GMT', 'Content-Type': 'application/json; charset=utf-8', 'Transfer-Encoding': 'chunked', 'Connection': 'keep-alive', 'X-Powered-By': 'Express', 'Access-Control-Allow-Origin': '*', 'Cache-Control': 'no-cache', 'ETag': 'W/"48a-gUeSVVt9UkXIfUIp30pIlk4uOeg"', 'Vary': 'Accept-Encoding', 'Content-Encoding': 'gzip', 'CF-Cache-Status': 'DYNAMIC', 'Report-To': '{"endpoints":[{"url":"https:\\/\\/a.nel.cloudflare.com\\/report\\/v4?s=jlxyCEYRCI1d0PGT9KKkw%2BEOHYqr%2FXgo5D2DmiNhbL%2F%2BTqm3LrM6jL2FcDoeLHDk9BAmaUlvhX7laxLU5Rz72e%2FC8hVea3FM0%2FEOfe8Md2OY4flnqPuMJmUUsO3cu6e9"}],"group":"cf-nel","max_age":604800}', 'NEL': '{"success_fraction":0,"report_to":"cf-nel","max_age":604800}', 'Server': 'cloudflare', 'CF-RAY': '8ac514178d51084c-IAD', 'alt-svc': 'h3=":443"; ma=86400'} 
 body={"results":[{"gender":"male","name":{"title":"Mr","first":"Philip","last":"Petersen"},"location":{"street":{"number":9788,"name":"Bjarkesvej"},"city":"Fredeikssund","state":"Danmark","country":"Denmark","postcode":49023,"coordinates":{"latitude":"-44.8463","longitude":"-5.9966"},"timezone":{"offset":"+8:00","description":"Beijing, Perth, Singapore, Hong Kong"}},"email":"philip.petersen@example.com","login":{"uuid":"ccdf0316-7444-4804-9757-e3bb02db355c","username":"goldenladybug900","password":"jiang","salt":"BrsrFcsZ","md5":"2cd4af4154461a84eddae357e254efe9","sha1":"a5764ee5cd764f55f47e20fc54c7138f8326d4cc","sha256":"a36369bb3c840d66e5aa35accd5a01b67fac407d554e90b731d93bd944c3f62c"},"dob":{"date":"1958-02-08T16:55:28.556Z","age":66},"registered":{"date":"2016-08-23T21:46:12.537Z","age":7},"phone":"01871338","cell":"01392383","id":{"name":"CPR","value":"080258-3928"},"picture":{"large":"https://randomuser.me/api/portraits/men/74.jpg","medium":"https://randomuser.me/api/portraits/med/men/74.jpg","thumbnail":"https://randomuser.me/api/portraits/thumb/men/74.jpg"},"nat":"DK"}],"info":{"seed":"e851d5e2277dac5c","results":1,"page":1,"version":"1.4"}} 
 </msg>
<msg time="2024-08-01T10:17:27.063845" level="INFO">/opt/hostedtoolcache/Python/3.12.4/x64/lib/python3.12/site-packages/urllib3/connectionpool.py:1099: InsecureRequestWarning: Unverified HTTPS request is being made to host 'randomuser.me'. Adding certificate verification is strongly advised. See: https://urllib3.readthedocs.io/en/latest/advanced-usage.html#tls-warnings
  warnings.warn(</msg>
<msg time="2024-08-01T10:17:27.063929" level="INFO">${response} = &lt;Response [200]&gt;</msg>
<var>${response}</var>
<arg>consultarAPI</arg>
<arg>/api</arg>
<doc>Sends a GET request on a previously created HTTP Session.</doc>
<status status="PASS" start="2024-08-01T10:17:26.961803" elapsed="0.102149"/>
</kw>
<kw name="Set Variable" owner="BuiltIn">
<msg time="2024-08-01T10:17:27.064760" level="INFO">${json_data} = {'results': [{'gender': 'male', 'name': {'title': 'Mr', 'first': 'Philip', 'last': 'Petersen'}, 'location': {'street': {'number': 9788, 'name': 'Bjarkesvej'}, 'city': 'Fredeikssund', 'state': 'Danmark...</msg>
<var>${json_data}</var>
<arg>${response.json()}</arg>
<doc>Returns the given values which can then be assigned to a variables.</doc>
<status status="PASS" start="2024-08-01T10:17:27.064318" elapsed="0.000471"/>
</kw>
<kw name="Log" owner="BuiltIn">
<msg time="2024-08-01T10:17:27.065239" level="INFO">{'results': [{'gender': 'male', 'name': {'title': 'Mr', 'first': 'Philip', 'last': 'Petersen'}, 'location': {'street': {'number': 9788, 'name': 'Bjarkesvej'}, 'city': 'Fredeikssund', 'state': 'Danmark', 'country': 'Denmark', 'postcode': 49023, 'coordinates': {'latitude': '-44.8463', 'longitude': '-5.9966'}, 'timezone': {'offset': '+8:00', 'description': 'Beijing, Perth, Singapore, Hong Kong'}}, 'email': 'philip.petersen@example.com', 'login': {'uuid': 'ccdf0316-7444-4804-9757-e3bb02db355c', 'username': 'goldenladybug900', 'password': 'jiang', 'salt': 'BrsrFcsZ', 'md5': '2cd4af4154461a84eddae357e254efe9', 'sha1': 'a5764ee5cd764f55f47e20fc54c7138f8326d4cc', 'sha256': 'a36369bb3c840d66e5aa35accd5a01b67fac407d554e90b731d93bd944c3f62c'}, 'dob': {'date': '1958-02-08T16:55:28.556Z', 'age': 66}, 'registered': {'date': '2016-08-23T21:46:12.537Z', 'age': 7}, 'phone': '01871338', 'cell': '01392383', 'id': {'name': 'CPR', 'value': '080258-3928'}, 'picture': {'large': 'https://randomuser.me/api/portraits/men/74.jpg', 'medium': 'https://randomuser.me/api/portraits/med/men/74.jpg', 'thumbnail': 'https://randomuser.me/api/portraits/thumb/men/74.jpg'}, 'nat': 'DK'}], 'info': {'seed': 'e851d5e2277dac5c', 'results': 1, 'page': 1, 'version': '1.4'}}</msg>
<arg>${json_data}</arg>
<doc>Logs the given message with the given level.</doc>
<status status="PASS" start="2024-08-01T10:17:27.065087" elapsed="0.000198"/>
</kw>
<kw name="Should Be Equal As Numbers" owner="BuiltIn">
<arg>${json_data['results'][0]['location']['postcode']}</arg>
<arg>${json_data['results'][0]['location']['postcode']}</arg>
<doc>Fails if objects are unequal after converting them to real numbers.</doc>
<status status="PASS" start="2024-08-01T10:17:27.065585" elapsed="0.000619"/>
</kw>
<kw name="Log" owner="BuiltIn">
<msg time="2024-08-01T10:17:27.066779" level="INFO">49023</msg>
<arg>${json_data['results'][0]['location']['postcode']}</arg>
<doc>Logs the given message with the given level.</doc>
<status status="PASS" start="2024-08-01T10:17:27.066428" elapsed="0.000423"/>
</kw>
<status status="PASS" start="2024-08-01T10:17:26.961580" elapsed="0.105527"/>
</kw>
<doc>Testa se os tipos de dados na resposta da API estão corretos.</doc>
<tag>testeTiposDados</tag>
<status status="PASS" start="2024-08-01T10:17:26.566846" elapsed="0.500424"/>
</test>
<test id="s1-s1-t5" name="Validar conteudo" line="35">
<kw name="Teste de Tipos de Conteudo" owner="random-user-service">
<kw name="GET On Session" owner="RequestsLibrary">
<msg time="2024-08-01T10:17:27.118433" level="INFO">GET Request : url=https://randomuser.me/api 
 path_url=/api 
 headers={'User-Agent': 'python-requests/2.32.3', 'Accept-Encoding': 'gzip, deflate', 'Accept': '*/*', 'Connection': 'keep-alive'} 
 body=None 
 </msg>
<msg time="2024-08-01T10:17:27.118524" level="INFO">GET Response : url=https://randomuser.me/api 
 status=200, reason=OK 
 headers={'Date': 'Thu, 01 Aug 2024 10:17:27 GMT', 'Content-Type': 'application/json; charset=utf-8', 'Transfer-Encoding': 'chunked', 'Connection': 'keep-alive', 'X-Powered-By': 'Express', 'Access-Control-Allow-Origin': '*', 'Cache-Control': 'no-cache', 'ETag': 'W/"49c-lt/087k72jRxz8VSqg6htLFJKFU"', 'Vary': 'Accept-Encoding', 'Content-Encoding': 'gzip', 'CF-Cache-Status': 'DYNAMIC', 'Report-To': '{"endpoints":[{"url":"https:\\/\\/a.nel.cloudflare.com\\/report\\/v4?s=NJ4SXed%2Bbq9F8J4y4eNAKokomOrrPjiu5HYepzzPHo01ZeWSCvmzgPIoud265qb6VmO%2FxQpetdK6iH5xSAvJb3ptTCXX5oV8vQcdM1BpDgOW29lEPfaz07HuAXiLgAtt"}],"group":"cf-nel","max_age":604800}', 'NEL': '{"success_fraction":0,"report_to":"cf-nel","max_age":604800}', 'Server': 'cloudflare', 'CF-RAY': '8ac514183dc1084c-IAD', 'alt-svc': 'h3=":443"; ma=86400'} 
 body={"results":[{"gender":"male","name":{"title":"Mr","first":"Vicente","last":"Meraz"},"location":{"street":{"number":7425,"name":"Eje vial Sur Borrego"},"city":"San Juan Tlacotenco","state":"San Luis Potosí","country":"Mexico","postcode":47050,"coordinates":{"latitude":"27.8672","longitude":"-165.3636"},"timezone":{"offset":"-11:00","description":"Midway Island, Samoa"}},"email":"vicente.meraz@example.com","login":{"uuid":"f80babb6-66bc-4ced-948f-cdd658f87dc3","username":"lazyzebra817","password":"dank","salt":"zySWV5Zw","md5":"f1331bf050a1c0daebcd13b3b82b93ca","sha1":"d9d59bacb6ca5c9f59d6e8e9d720a1f97a7c2598","sha256":"ebf19dc7d50c000516a772705502ff1c858113d4a679cd87ea7e751c94499148"},"dob":{"date":"1992-08-25T17:24:56.270Z","age":31},"registered":{"date":"2019-10-20T20:05:25.605Z","age":4},"phone":"(635) 954 8720","cell":"(604) 848 9404","id":{"name":"NSS","value":"18 05 67 7315 7"},"picture":{"large":"https://randomuser.me/api/portraits/men/42.jpg","medium":"https://randomuser.me/api/portraits/med/men/42.jpg","thumbnail":"https://randomuser.me/api/portraits/thumb/men/42.jpg"},"nat":"MX"}],"info":{"seed":"daf6a8d166070de3","results":1,"page":1,"version":"1.4"}} 
 </msg>
<msg time="2024-08-01T10:17:27.118597" level="INFO">/opt/hostedtoolcache/Python/3.12.4/x64/lib/python3.12/site-packages/urllib3/connectionpool.py:1099: InsecureRequestWarning: Unverified HTTPS request is being made to host 'randomuser.me'. Adding certificate verification is strongly advised. See: https://urllib3.readthedocs.io/en/latest/advanced-usage.html#tls-warnings
  warnings.warn(</msg>
<msg time="2024-08-01T10:17:27.118705" level="INFO">${response} = &lt;Response [200]&gt;</msg>
<var>${response}</var>
<arg>consultarAPI</arg>
<arg>/api</arg>
<doc>Sends a GET request on a previously created HTTP Session.</doc>
<status status="PASS" start="2024-08-01T10:17:27.069663" elapsed="0.049080"/>
</kw>
<kw name="Set Variable" owner="BuiltIn">
<msg time="2024-08-01T10:17:27.119645" level="INFO">${json_data} = {'results': [{'gender': 'male', 'name': {'title': 'Mr', 'first': 'Vicente', 'last': 'Meraz'}, 'location': {'street': {'number': 7425, 'name': 'Eje vial Sur Borrego'}, 'city': 'San Juan Tlacotenco', 's...</msg>
<var>${json_data}</var>
<arg>${response.json()}</arg>
<doc>Returns the given values which can then be assigned to a variables.</doc>
<status status="PASS" start="2024-08-01T10:17:27.119166" elapsed="0.000508"/>
</kw>
<kw name="Set Variable" owner="BuiltIn">
<msg time="2024-08-01T10:17:27.120362" level="INFO">${name_title} = Mr</msg>
<var>${name_title}</var>
<arg>${json_data["results"][0]["name"]["title"]}</arg>
<doc>Returns the given values which can then be assigned to a variables.</doc>
<status status="PASS" start="2024-08-01T10:17:27.119982" elapsed="0.000406"/>
</kw>
<kw name="Create List" owner="BuiltIn">
<msg time="2024-08-01T10:17:27.120830" level="INFO">${allowed_titles} = ['Mr', 'Ms', 'Miss', 'Mrs', 'Madame', 'Monsieur']</msg>
<var>${allowed_titles}</var>
<arg>Mr</arg>
<arg>Ms</arg>
<arg>Miss</arg>
<arg>Mrs</arg>
<arg>Madame</arg>
<arg>Monsieur</arg>
<doc>Returns a list containing given items.</doc>
<status status="PASS" start="2024-08-01T10:17:27.120680" elapsed="0.000174"/>
</kw>
<kw name="List Should Contain Value" owner="Collections">
<arg>${allowed_titles}</arg>
<arg>${name_title}</arg>
<doc>Fails if the ``value`` is not found from ``list``.</doc>
<status status="PASS" start="2024-08-01T10:17:27.121144" elapsed="0.000182"/>
</kw>
<kw name="Set Variable" owner="BuiltIn">
<msg time="2024-08-01T10:17:27.121899" level="INFO">${name_country} = MX</msg>
<var>${name_country}</var>
<arg>${json_data["results"][0]["nat"]}</arg>
<doc>Returns the given values which can then be assigned to a variables.</doc>
<status status="PASS" start="2024-08-01T10:17:27.121517" elapsed="0.000406"/>
</kw>
<kw name="Create List" owner="BuiltIn">
<msg time="2024-08-01T10:17:27.122878" level="INFO">${list_country} = ['AD', 'AE', 'AF', 'AG', 'AI', 'AL', 'AM', 'AO', 'AQ', 'AR', 'AS', 'AT', 'AU', 'AW', 'AX', 'AZ', 'BA', 'BB', 'BD', 'BE', 'BF', 'BG', 'BH', 'BI', 'BJ', 'BL', 'BM', 'BN', 'BO', 'BQ', 'BR', 'BS', 'BT', '...</msg>
<var>${list_country}</var>
<arg>AD</arg>
<arg>AE</arg>
<arg>AF</arg>
<arg>AG</arg>
<arg>AI</arg>
<arg>AL</arg>
<arg>AM</arg>
<arg>AO</arg>
<arg>AQ</arg>
<arg>AR</arg>
<arg>AS</arg>
<arg>AT</arg>
<arg>AU</arg>
<arg>AW</arg>
<arg>AX</arg>
<arg>AZ</arg>
<arg>BA</arg>
<arg>BB</arg>
<arg>BD</arg>
<arg>BE</arg>
<arg>BF</arg>
<arg>BG</arg>
<arg>BH</arg>
<arg>BI</arg>
<arg>BJ</arg>
<arg>BL</arg>
<arg>BM</arg>
<arg>BN</arg>
<arg>BO</arg>
<arg>BQ</arg>
<arg>BR</arg>
<arg>BS</arg>
<arg>BT</arg>
<arg>BV</arg>
<arg>BW</arg>
<arg>BY</arg>
<arg>BZ</arg>
<arg>CA</arg>
<arg>CC</arg>
<arg>CD</arg>
<arg>CF</arg>
<arg>CG</arg>
<arg>CH</arg>
<arg>CI</arg>
<arg>CK</arg>
<arg>CL</arg>
<arg>CM</arg>
<arg>CN</arg>
<arg>CO</arg>
<arg>CR</arg>
<arg>CU</arg>
<arg>CV</arg>
<arg>CW</arg>
<arg>CX</arg>
<arg>CY</arg>
<arg>CZ</arg>
<arg>DE</arg>
<arg>DJ</arg>
<arg>DK</arg>
<arg>DM</arg>
<arg>DO</arg>
<arg>DZ</arg>
<arg>EC</arg>
<arg>EE</arg>
<arg>EG</arg>
<arg>EH</arg>
<arg>ER</arg>
<arg>ES</arg>
<arg>ET</arg>
<arg>FI</arg>
<arg>FJ</arg>
<arg>FK</arg>
<arg>FM</arg>
<arg>FO</arg>
<arg>FR</arg>
<arg>GA</arg>
<arg>GB</arg>
<arg>GD</arg>
<arg>GE</arg>
<arg>GF</arg>
<arg>GG</arg>
<arg>GH</arg>
<arg>GI</arg>
<arg>GL</arg>
<arg>GM</arg>
<arg>GN</arg>
<arg>GP</arg>
<arg>GQ</arg>
<arg>GR</arg>
<arg>GS</arg>
<arg>GT</arg>
<arg>GU</arg>
<arg>GW</arg>
<arg>GY</arg>
<arg>HK</arg>
<arg>HM</arg>
<arg>HN</arg>
<arg>HR</arg>
<arg>HT</arg>
<arg>HU</arg>
<arg>ID</arg>
<arg>IE</arg>
<arg>IL</arg>
<arg>IM</arg>
<arg>IN</arg>
<arg>IO</arg>
<arg>IQ</arg>
<arg>IR</arg>
<arg>IS</arg>
<arg>IT</arg>
<arg>JE</arg>
<arg>JM</arg>
<arg>JO</arg>
<arg>JP</arg>
<arg>KE</arg>
<arg>KG</arg>
<arg>KH</arg>
<arg>KI</arg>
<arg>KM</arg>
<arg>KN</arg>
<arg>KP</arg>
<arg>KR</arg>
<arg>KW</arg>
<arg>KY</arg>
<arg>KZ</arg>
<arg>LA</arg>
<arg>LB</arg>
<arg>LC</arg>
<arg>LI</arg>
<arg>LK</arg>
<arg>LR</arg>
<arg>LS</arg>
<arg>LT</arg>
<arg>LU</arg>
<arg>LV</arg>
<arg>LY</arg>
<arg>MA</arg>
<arg>MC</arg>
<arg>MD</arg>
<arg>ME</arg>
<arg>MF</arg>
<arg>MG</arg>
<arg>MH</arg>
<arg>MK</arg>
<arg>ML</arg>
<arg>MM</arg>
<arg>MN</arg>
<arg>MO</arg>
<arg>MP</arg>
<arg>MQ</arg>
<arg>MR</arg>
<arg>MS</arg>
<arg>MT</arg>
<arg>MU</arg>
<arg>MV</arg>
<arg>MW</arg>
<arg>MX</arg>
<arg>MY</arg>
<arg>MZ</arg>
<arg>NA</arg>
<arg>NC</arg>
<arg>NE</arg>
<arg>NF</arg>
<arg>NG</arg>
<arg>NI</arg>
<arg>NL</arg>
<arg>NO</arg>
<arg>NP</arg>
<arg>NR</arg>
<arg>NU</arg>
<arg>NZ</arg>
<arg>OM</arg>
<arg>PA</arg>
<arg>PE</arg>
<arg>PF</arg>
<arg>PG</arg>
<arg>PH</arg>
<arg>PK</arg>
<arg>PL</arg>
<arg>PM</arg>
<arg>PN</arg>
<arg>PR</arg>
<arg>PS</arg>
<arg>PT</arg>
<arg>PW</arg>
<arg>PY</arg>
<arg>QA</arg>
<arg>RE</arg>
<arg>RO</arg>
<arg>RS</arg>
<arg>RU</arg>
<arg>RW</arg>
<arg>SA</arg>
<arg>SB</arg>
<arg>SC</arg>
<arg>SD</arg>
<arg>SE</arg>
<arg>SG</arg>
<arg>SH</arg>
<arg>SI</arg>
<arg>SJ</arg>
<arg>SK</arg>
<arg>SL</arg>
<arg>SM</arg>
<arg>SN</arg>
<arg>SO</arg>
<arg>SR</arg>
<arg>SS</arg>
<arg>ST</arg>
<arg>SV</arg>
<arg>SX</arg>
<arg>SY</arg>
<arg>SZ</arg>
<arg>TC</arg>
<arg>TD</arg>
<arg>TF</arg>
<arg>TG</arg>
<arg>TH</arg>
<arg>TJ</arg>
<arg>TK</arg>
<arg>TL</arg>
<arg>TM</arg>
<arg>TN</arg>
<arg>TO</arg>
<arg>TR</arg>
<arg>TT</arg>
<arg>TV</arg>
<arg>TW</arg>
<arg>TZ</arg>
<arg>UA</arg>
<arg>UG</arg>
<arg>UM</arg>
<arg>US</arg>
<arg>UY</arg>
<arg>UZ</arg>
<arg>VA</arg>
<arg>VC</arg>
<arg>VE</arg>
<arg>VG</arg>
<arg>VI</arg>
<arg>VN</arg>
<arg>VU</arg>
<arg>WF</arg>
<arg>WS</arg>
<arg>XK</arg>
<arg>YE</arg>
<arg>YT</arg>
<arg>ZA</arg>
<arg>ZM</arg>
<arg>ZW</arg>
<doc>Returns a list containing given items.</doc>
<status status="PASS" start="2024-08-01T10:17:27.122213" elapsed="0.000692"/>
</kw>
<kw name="List Should Contain Value" owner="Collections">
<arg>${list_country}</arg>
<arg>${name_country}</arg>
<doc>Fails if the ``value`` is not found from ``list``.</doc>
<status status="PASS" start="2024-08-01T10:17:27.123864" elapsed="0.000219"/>
</kw>
<kw name="Run Keyword If" owner="BuiltIn">
<kw name="Should Be True" owner="BuiltIn">
<arg>${True}</arg>
<doc>Fails if the given condition is not true.</doc>
<status status="PASS" start="2024-08-01T10:17:27.125030" elapsed="0.000142"/>
</kw>
<arg>${json_data["results"][0]["location"]["coordinates"]["latitude"]} &gt;= -90 and ${json_data["results"][0]["location"]["coordinates"]["latitude"]} &lt;= 90</arg>
<arg>Should Be True</arg>
<arg>${True}</arg>
<doc>Runs the given keyword with the given arguments, if ``condition`` is true.</doc>
<status status="PASS" start="2024-08-01T10:17:27.124283" elapsed="0.001012"/>
</kw>
<kw name="Run Keyword If" owner="BuiltIn">
<kw name="Should Be True" owner="BuiltIn">
<arg>${True}</arg>
<doc>Fails if the given condition is not true.</doc>
<status status="PASS" start="2024-08-01T10:17:27.126163" elapsed="0.000135"/>
</kw>
<arg>${json_data["results"][0]["location"]["coordinates"]["longitude"]} &gt;= -180 and ${json_data["results"][0]["location"]["coordinates"]["longitude"]} &lt;= 180</arg>
<arg>Should Be True</arg>
<arg>${True}</arg>
<doc>Runs the given keyword with the given arguments, if ``condition`` is true.</doc>
<status status="PASS" start="2024-08-01T10:17:27.125479" elapsed="0.000967"/>
</kw>
<status status="PASS" start="2024-08-01T10:17:27.069447" elapsed="0.057137"/>
</kw>
<doc>Testa o conteúdo específico dos campos retornados pela API.</doc>
<tag>testeConteudo</tag>
<status status="PASS" start="2024-08-01T10:17:27.068997" elapsed="0.057734"/>
</test>
<status status="PASS" start="2024-08-01T10:17:25.975011" elapsed="1.153664"/>
</suite>
<status status="PASS" start="2024-08-01T10:17:25.960728" elapsed="1.172992"/>
</suite>
<statistics>
<total>
<stat pass="5" fail="0" skip="0">All Tests</stat>
</total>
<tag>
<stat pass="1" fail="0" skip="0">testeConteudo</stat>
<stat pass="1" fail="0" skip="0">testeEstruturaResposta</stat>
<stat pass="1" fail="0" skip="0">testeRequisicaoBasica</stat>
<stat pass="1" fail="0" skip="0">testeTiposDados</stat>
</tag>
<suite>
<stat pass="5" fail="0" skip="0" id="s1" name="Tests">Tests</stat>
<stat pass="5" fail="0" skip="0" id="s1-s1" name="Random-User-Test">Tests.Random-User-Test</stat>
</suite>
</statistics>
<errors>
</errors>
</robot>
