<?xml version="1.0" encoding="UTF-8"?>
<robot generator="Robot 7.0.1 (Python 3.12.4 on linux)" generated="2024-07-09T16:19:24.933083" rpa="false" schemaversion="5">
<suite id="s1" name="Tests" source="/home/runner/work/ApiRandomUser/ApiRandomUser/RamdonUser/tests">
<suite id="s1-s1" name="Random-User-Test" source="/home/runner/work/ApiRandomUser/ApiRandomUser/RamdonUser/tests/random-user-test.robot">
<test id="s1-s1-t1" name="Conectar" line="13">
<kw name="Conectar API" owner="random-user-service">
<kw name="Create Session" owner="RequestsLibrary">
<msg time="2024-07-09T16:19:25.362652" level="INFO">Creating Session using : alias=consultarAPI, url=https://randomuser.me/, headers={},                     cookies={}, auth=None, timeout=None, proxies=None, verify=False,                     debug=0 </msg>
<arg>consultarAPI</arg>
<arg>${URL}</arg>
<doc>Create Session: create a HTTP session to a server</doc>
<status status="PASS" start="2024-07-09T16:19:25.362441" elapsed="0.000400"/>
</kw>
<status status="PASS" start="2024-07-09T16:19:25.361457" elapsed="0.001755"/>
</kw>
<status status="PASS" start="2024-07-09T16:19:25.360831" elapsed="0.002577"/>
</test>
<test id="s1-s1-t2" name="Validar retorno 200 e JSON Válido" line="16">
<kw name="Teste de Requisicao Basica" owner="random-user-service">
<kw name="GET On Session" owner="RequestsLibrary">
<msg time="2024-07-09T16:19:25.820850" level="INFO">GET Request : url=https://randomuser.me/api 
 path_url=/api 
 headers={'User-Agent': 'python-requests/2.32.3', 'Accept-Encoding': 'gzip, deflate', 'Accept': '*/*', 'Connection': 'keep-alive'} 
 body=None 
 </msg>
<msg time="2024-07-09T16:19:25.821018" level="INFO">GET Response : url=https://randomuser.me/api 
 status=200, reason=OK 
 headers={'Date': 'Tue, 09 Jul 2024 16:19:25 GMT', 'Content-Type': 'application/json; charset=utf-8', 'Transfer-Encoding': 'chunked', 'Connection': 'keep-alive', 'X-Powered-By': 'Express', 'Access-Control-Allow-Origin': '*', 'Cache-Control': 'no-cache', 'ETag': 'W/"479-7J5WE3j66NkEAE8fB6bXJRN28Oo"', 'Vary': 'Accept-Encoding', 'Content-Encoding': 'gzip', 'CF-Cache-Status': 'DYNAMIC', 'Report-To': '{"endpoints":[{"url":"https:\\/\\/a.nel.cloudflare.com\\/report\\/v4?s=MHtCG9OsY8FgmVWEOQB83l8zJ1Lowp3IhI97FybZfPgBUwwD2g0bS7%2FILh62zYngE7ES06zCIY%2B%2FwFPAYPkXw0gtsJAdht76pTTqHFHAaxxWaMZ2KX7HFgL80%2BHcAxNG"}],"group":"cf-nel","max_age":604800}', 'NEL': '{"success_fraction":0,"report_to":"cf-nel","max_age":604800}', 'Server': 'cloudflare', 'CF-RAY': '8a09a2b4f9b562ab-ORD', 'alt-svc': 'h3=":443"; ma=86400'} 
 body={"results":[{"gender":"male","name":{"title":"Mr","first":"Rodney","last":"Cox"},"location":{"street":{"number":2160,"name":"Lakeshore Rd"},"city":"Warragul","state":"Western Australia","country":"Australia","postcode":6686,"coordinates":{"latitude":"-88.9093","longitude":"-90.4213"},"timezone":{"offset":"-2:00","description":"Mid-Atlantic"}},"email":"rodney.cox@example.com","login":{"uuid":"d2636fe0-ae87-4644-8d2e-f11295ed0bcb","username":"blacktiger977","password":"stingray","salt":"O5HDzsrX","md5":"bf04cdff0618b37aa9a9578a34ea7e51","sha1":"74e1f698bb775a3337979bb6701c5b145d65e06f","sha256":"85907356c742c63bdd8c480e95fb0194beb12c5924e913ad681627c96c0e0c9a"},"dob":{"date":"1949-12-18T05:56:16.749Z","age":74},"registered":{"date":"2004-09-09T10:24:15.158Z","age":19},"phone":"05-3980-7775","cell":"0485-675-804","id":{"name":"TFN","value":"183772251"},"picture":{"large":"https://randomuser.me/api/portraits/men/13.jpg","medium":"https://randomuser.me/api/portraits/med/men/13.jpg","thumbnail":"https://randomuser.me/api/portraits/thumb/men/13.jpg"},"nat":"AU"}],"info":{"seed":"8a5466c0029364c3","results":1,"page":1,"version":"1.4"}} 
 </msg>
<msg time="2024-07-09T16:19:25.821103" level="INFO">/opt/hostedtoolcache/Python/3.12.4/x64/lib/python3.12/site-packages/urllib3/connectionpool.py:1099: InsecureRequestWarning: Unverified HTTPS request is being made to host 'randomuser.me'. Adding certificate verification is strongly advised. See: https://urllib3.readthedocs.io/en/latest/advanced-usage.html#tls-warnings
  warnings.warn(</msg>
<msg time="2024-07-09T16:19:25.821274" level="INFO">${response} = &lt;Response [200]&gt;</msg>
<var>${response}</var>
<arg>consultarAPI</arg>
<arg>/api</arg>
<doc>Sends a GET request on a previously created HTTP Session.</doc>
<status status="PASS" start="2024-07-09T16:19:25.366161" elapsed="0.455157"/>
</kw>
<kw name="Should Be Equal As Numbers" owner="BuiltIn">
<msg time="2024-07-09T16:19:25.822348" level="INFO">Argument types are:
&lt;class 'int'&gt;
&lt;class 'str'&gt;</msg>
<arg>${response.status_code}</arg>
<arg>200</arg>
<doc>Fails if objects are unequal after converting them to real numbers.</doc>
<status status="PASS" start="2024-07-09T16:19:25.821881" elapsed="0.000533"/>
</kw>
<kw name="Log" owner="BuiltIn">
<msg time="2024-07-09T16:19:25.823072" level="INFO">200</msg>
<arg>${response.status_code}</arg>
<doc>Logs the given message with the given level.</doc>
<status status="PASS" start="2024-07-09T16:19:25.822730" elapsed="0.000385"/>
</kw>
<kw name="Set Variable" owner="BuiltIn">
<msg time="2024-07-09T16:19:25.823883" level="INFO">${json_data} = {'results': [{'gender': 'male', 'name': {'title': 'Mr', 'first': 'Rodney', 'last': 'Cox'}, 'location': {'street': {'number': 2160, 'name': 'Lakeshore Rd'}, 'city': 'Warragul', 'state': 'Western Austra...</msg>
<var>${json_data}</var>
<arg>${response.json()}</arg>
<doc>Returns the given values which can then be assigned to a variables.</doc>
<status status="PASS" start="2024-07-09T16:19:25.823414" elapsed="0.000505"/>
</kw>
<kw name="Dictionary Should Contain Key" owner="Collections">
<arg>${json_data}</arg>
<arg>results</arg>
<doc>Fails if ``key`` is not found from ``dictionary``.</doc>
<status status="PASS" start="2024-07-09T16:19:25.824216" elapsed="0.000164"/>
</kw>
<status status="PASS" start="2024-07-09T16:19:25.365878" elapsed="0.458656"/>
</kw>
<doc>Testa se a API responde corretamente e retorna um objeto JSON válido.</doc>
<tag>testeRequisicaoBasica</tag>
<status status="PASS" start="2024-07-09T16:19:25.365342" elapsed="0.459370"/>
</test>
<test id="s1-s1-t3" name="Validar estrutura de resposta" line="22">
<kw name="Teste de Estrutura de Resposta" owner="random-user-service">
<kw name="GET On Session" owner="RequestsLibrary">
<msg time="2024-07-09T16:19:25.918484" level="INFO">GET Request : url=https://randomuser.me/api 
 path_url=/api 
 headers={'User-Agent': 'python-requests/2.32.3', 'Accept-Encoding': 'gzip, deflate', 'Accept': '*/*', 'Connection': 'keep-alive'} 
 body=None 
 </msg>
<msg time="2024-07-09T16:19:25.918589" level="INFO">GET Response : url=https://randomuser.me/api 
 status=200, reason=OK 
 headers={'Date': 'Tue, 09 Jul 2024 16:19:25 GMT', 'Content-Type': 'application/json; charset=utf-8', 'Transfer-Encoding': 'chunked', 'Connection': 'keep-alive', 'X-Powered-By': 'Express', 'Access-Control-Allow-Origin': '*', 'Cache-Control': 'no-cache', 'ETag': 'W/"476-KjADnIy69whuulbTkpXQ7ufv4+8"', 'Vary': 'Accept-Encoding', 'Content-Encoding': 'gzip', 'CF-Cache-Status': 'DYNAMIC', 'Report-To': '{"endpoints":[{"url":"https:\\/\\/a.nel.cloudflare.com\\/report\\/v4?s=GMoMOKqLgLPVHvErWrlHbT9ltcKUvmdj8m19qt%2Fg4sYLsunOwlvwJC2uVJMDO9HNvj3CyZt2cSul2ZK1APYWayD%2B%2FClJthe6o0BGoFqL9TY7Zs5Jm5Byg1vxXZVT02th"}],"group":"cf-nel","max_age":604800}', 'NEL': '{"success_fraction":0,"report_to":"cf-nel","max_age":604800}', 'Server': 'cloudflare', 'CF-RAY': '8a09a2b66b7262ab-ORD', 'alt-svc': 'h3=":443"; ma=86400'} 
 body={"results":[{"gender":"male","name":{"title":"Mr","first":"Bobby","last":"Beck"},"location":{"street":{"number":1658,"name":"King Street"},"city":"Wakefield","state":"Essex","country":"United Kingdom","postcode":"J51 6RN","coordinates":{"latitude":"-11.5794","longitude":"-171.1803"},"timezone":{"offset":"+4:30","description":"Kabul"}},"email":"bobby.beck@example.com","login":{"uuid":"10a24e5d-50fb-4cf0-88c7-ab9c9959d11b","username":"smallladybug712","password":"looking","salt":"ub9QU0bF","md5":"46656b8bf8fbd4c072987f9a016d8398","sha1":"b3011759eab6466d1daa54a47f5f87d37e4423ae","sha256":"6e33cbfa758bb216980aedad73c14dd64f7c0b20625e70dcfab4179eee006447"},"dob":{"date":"1983-10-01T20:17:09.474Z","age":40},"registered":{"date":"2014-07-11T03:15:55.203Z","age":9},"phone":"017684 23148","cell":"07048 246916","id":{"name":"NINO","value":"CE 57 20 05 V"},"picture":{"large":"https://randomuser.me/api/portraits/men/76.jpg","medium":"https://randomuser.me/api/portraits/med/men/76.jpg","thumbnail":"https://randomuser.me/api/portraits/thumb/men/76.jpg"},"nat":"GB"}],"info":{"seed":"f5fab75f7bef41b0","results":1,"page":1,"version":"1.4"}} 
 </msg>
<msg time="2024-07-09T16:19:25.918726" level="INFO">/opt/hostedtoolcache/Python/3.12.4/x64/lib/python3.12/site-packages/urllib3/connectionpool.py:1099: InsecureRequestWarning: Unverified HTTPS request is being made to host 'randomuser.me'. Adding certificate verification is strongly advised. See: https://urllib3.readthedocs.io/en/latest/advanced-usage.html#tls-warnings
  warnings.warn(</msg>
<msg time="2024-07-09T16:19:25.918856" level="INFO">${response} = &lt;Response [200]&gt;</msg>
<var>${response}</var>
<arg>consultarAPI</arg>
<arg>/api</arg>
<doc>Sends a GET request on a previously created HTTP Session.</doc>
<status status="PASS" start="2024-07-09T16:19:25.827272" elapsed="0.091619"/>
</kw>
<kw name="Set Variable" owner="BuiltIn">
<msg time="2024-07-09T16:19:25.919997" level="INFO">${json_data} = {'results': [{'gender': 'male', 'name': {'title': 'Mr', 'first': 'Bobby', 'last': 'Beck'}, 'location': {'street': {'number': 1658, 'name': 'King Street'}, 'city': 'Wakefield', 'state': 'Essex', 'count...</msg>
<var>${json_data}</var>
<arg>${response.json()}</arg>
<doc>Returns the given values which can then be assigned to a variables.</doc>
<status status="PASS" start="2024-07-09T16:19:25.919423" elapsed="0.000603"/>
</kw>
<kw name="Log" owner="BuiltIn">
<msg time="2024-07-09T16:19:25.920496" level="INFO">{'results': [{'gender': 'male', 'name': {'title': 'Mr', 'first': 'Bobby', 'last': 'Beck'}, 'location': {'street': {'number': 1658, 'name': 'King Street'}, 'city': 'Wakefield', 'state': 'Essex', 'country': 'United Kingdom', 'postcode': 'J51 6RN', 'coordinates': {'latitude': '-11.5794', 'longitude': '-171.1803'}, 'timezone': {'offset': '+4:30', 'description': 'Kabul'}}, 'email': 'bobby.beck@example.com', 'login': {'uuid': '10a24e5d-50fb-4cf0-88c7-ab9c9959d11b', 'username': 'smallladybug712', 'password': 'looking', 'salt': 'ub9QU0bF', 'md5': '46656b8bf8fbd4c072987f9a016d8398', 'sha1': 'b3011759eab6466d1daa54a47f5f87d37e4423ae', 'sha256': '6e33cbfa758bb216980aedad73c14dd64f7c0b20625e70dcfab4179eee006447'}, 'dob': {'date': '1983-10-01T20:17:09.474Z', 'age': 40}, 'registered': {'date': '2014-07-11T03:15:55.203Z', 'age': 9}, 'phone': '017684 23148', 'cell': '07048 246916', 'id': {'name': 'NINO', 'value': 'CE 57 20 05 V'}, 'picture': {'large': 'https://randomuser.me/api/portraits/men/76.jpg', 'medium': 'https://randomuser.me/api/portraits/med/men/76.jpg', 'thumbnail': 'https://randomuser.me/api/portraits/thumb/men/76.jpg'}, 'nat': 'GB'}], 'info': {'seed': 'f5fab75f7bef41b0', 'results': 1, 'page': 1, 'version': '1.4'}}</msg>
<arg>${json_data}</arg>
<doc>Logs the given message with the given level.</doc>
<status status="PASS" start="2024-07-09T16:19:25.920337" elapsed="0.000208"/>
</kw>
<kw name="Dictionary Should Contain Key" owner="Collections">
<arg>${json_data}</arg>
<arg>results</arg>
<doc>Fails if ``key`` is not found from ``dictionary``.</doc>
<status status="PASS" start="2024-07-09T16:19:25.920837" elapsed="0.000168"/>
</kw>
<kw name="Should Not Be Empty" owner="BuiltIn">
<msg time="2024-07-09T16:19:25.921323" level="INFO">Length is 2.</msg>
<arg>${json_data}</arg>
<doc>Verifies that the given item is not empty.</doc>
<status status="PASS" start="2024-07-09T16:19:25.921196" elapsed="0.000166"/>
</kw>
<kw name="Create List" owner="BuiltIn">
<msg time="2024-07-09T16:19:25.921800" level="INFO">${expected_keys} = ['gender', 'name', 'location', 'email', 'login']</msg>
<var>${expected_keys}</var>
<arg>gender</arg>
<arg>name</arg>
<arg>location</arg>
<arg>email</arg>
<arg>login</arg>
<doc>Returns a list containing given items.</doc>
<status status="PASS" start="2024-07-09T16:19:25.921652" elapsed="0.000172"/>
</kw>
<for flavor="IN">
<iter>
<kw name="Dictionary Should Contain Key" owner="Collections">
<arg>${json_data['results'][0]}</arg>
<arg>${key}</arg>
<doc>Fails if ``key`` is not found from ``dictionary``.</doc>
<status status="PASS" start="2024-07-09T16:19:25.922565" elapsed="0.000395"/>
</kw>
<kw name="Log" owner="BuiltIn">
<msg time="2024-07-09T16:19:25.923511" level="INFO">{'gender': 'male', 'name': {'title': 'Mr', 'first': 'Bobby', 'last': 'Beck'}, 'location': {'street': {'number': 1658, 'name': 'King Street'}, 'city': 'Wakefield', 'state': 'Essex', 'country': 'United Kingdom', 'postcode': 'J51 6RN', 'coordinates': {'latitude': '-11.5794', 'longitude': '-171.1803'}, 'timezone': {'offset': '+4:30', 'description': 'Kabul'}}, 'email': 'bobby.beck@example.com', 'login': {'uuid': '10a24e5d-50fb-4cf0-88c7-ab9c9959d11b', 'username': 'smallladybug712', 'password': 'looking', 'salt': 'ub9QU0bF', 'md5': '46656b8bf8fbd4c072987f9a016d8398', 'sha1': 'b3011759eab6466d1daa54a47f5f87d37e4423ae', 'sha256': '6e33cbfa758bb216980aedad73c14dd64f7c0b20625e70dcfab4179eee006447'}, 'dob': {'date': '1983-10-01T20:17:09.474Z', 'age': 40}, 'registered': {'date': '2014-07-11T03:15:55.203Z', 'age': 9}, 'phone': '017684 23148', 'cell': '07048 246916', 'id': {'name': 'NINO', 'value': 'CE 57 20 05 V'}, 'picture': {'large': 'https://randomuser.me/api/portraits/men/76.jpg', 'medium': 'https://randomuser.me/api/portraits/med/men/76.jpg', 'thumbnail': 'https://randomuser.me/api/portraits/thumb/men/76.jpg'}, 'nat': 'GB'}</msg>
<arg>${json_data['results'][0]}</arg>
<doc>Logs the given message with the given level.</doc>
<status status="PASS" start="2024-07-09T16:19:25.923150" elapsed="0.000410"/>
</kw>
<kw name="Log" owner="BuiltIn">
<msg time="2024-07-09T16:19:25.924025" level="INFO">gender</msg>
<arg>${key}</arg>
<doc>Logs the given message with the given level.</doc>
<status status="PASS" start="2024-07-09T16:19:25.923892" elapsed="0.000171"/>
</kw>
<var name="${key}">gender</var>
<status status="PASS" start="2024-07-09T16:19:25.922441" elapsed="0.001842"/>
</iter>
<iter>
<kw name="Dictionary Should Contain Key" owner="Collections">
<arg>${json_data['results'][0]}</arg>
<arg>${key}</arg>
<doc>Fails if ``key`` is not found from ``dictionary``.</doc>
<status status="PASS" start="2024-07-09T16:19:25.924577" elapsed="0.000387"/>
</kw>
<kw name="Log" owner="BuiltIn">
<msg time="2024-07-09T16:19:25.925490" level="INFO">{'gender': 'male', 'name': {'title': 'Mr', 'first': 'Bobby', 'last': 'Beck'}, 'location': {'street': {'number': 1658, 'name': 'King Street'}, 'city': 'Wakefield', 'state': 'Essex', 'country': 'United Kingdom', 'postcode': 'J51 6RN', 'coordinates': {'latitude': '-11.5794', 'longitude': '-171.1803'}, 'timezone': {'offset': '+4:30', 'description': 'Kabul'}}, 'email': 'bobby.beck@example.com', 'login': {'uuid': '10a24e5d-50fb-4cf0-88c7-ab9c9959d11b', 'username': 'smallladybug712', 'password': 'looking', 'salt': 'ub9QU0bF', 'md5': '46656b8bf8fbd4c072987f9a016d8398', 'sha1': 'b3011759eab6466d1daa54a47f5f87d37e4423ae', 'sha256': '6e33cbfa758bb216980aedad73c14dd64f7c0b20625e70dcfab4179eee006447'}, 'dob': {'date': '1983-10-01T20:17:09.474Z', 'age': 40}, 'registered': {'date': '2014-07-11T03:15:55.203Z', 'age': 9}, 'phone': '017684 23148', 'cell': '07048 246916', 'id': {'name': 'NINO', 'value': 'CE 57 20 05 V'}, 'picture': {'large': 'https://randomuser.me/api/portraits/men/76.jpg', 'medium': 'https://randomuser.me/api/portraits/med/men/76.jpg', 'thumbnail': 'https://randomuser.me/api/portraits/thumb/men/76.jpg'}, 'nat': 'GB'}</msg>
<arg>${json_data['results'][0]}</arg>
<doc>Logs the given message with the given level.</doc>
<status status="PASS" start="2024-07-09T16:19:25.925144" elapsed="0.000426"/>
</kw>
<kw name="Log" owner="BuiltIn">
<msg time="2024-07-09T16:19:25.925993" level="INFO">name</msg>
<arg>${key}</arg>
<doc>Logs the given message with the given level.</doc>
<status status="PASS" start="2024-07-09T16:19:25.925865" elapsed="0.000166"/>
</kw>
<var name="${key}">name</var>
<status status="PASS" start="2024-07-09T16:19:25.924466" elapsed="0.001782"/>
</iter>
<iter>
<kw name="Dictionary Should Contain Key" owner="Collections">
<arg>${json_data['results'][0]}</arg>
<arg>${key}</arg>
<doc>Fails if ``key`` is not found from ``dictionary``.</doc>
<status status="PASS" start="2024-07-09T16:19:25.926531" elapsed="0.000377"/>
</kw>
<kw name="Log" owner="BuiltIn">
<msg time="2024-07-09T16:19:25.927436" level="INFO">{'gender': 'male', 'name': {'title': 'Mr', 'first': 'Bobby', 'last': 'Beck'}, 'location': {'street': {'number': 1658, 'name': 'King Street'}, 'city': 'Wakefield', 'state': 'Essex', 'country': 'United Kingdom', 'postcode': 'J51 6RN', 'coordinates': {'latitude': '-11.5794', 'longitude': '-171.1803'}, 'timezone': {'offset': '+4:30', 'description': 'Kabul'}}, 'email': 'bobby.beck@example.com', 'login': {'uuid': '10a24e5d-50fb-4cf0-88c7-ab9c9959d11b', 'username': 'smallladybug712', 'password': 'looking', 'salt': 'ub9QU0bF', 'md5': '46656b8bf8fbd4c072987f9a016d8398', 'sha1': 'b3011759eab6466d1daa54a47f5f87d37e4423ae', 'sha256': '6e33cbfa758bb216980aedad73c14dd64f7c0b20625e70dcfab4179eee006447'}, 'dob': {'date': '1983-10-01T20:17:09.474Z', 'age': 40}, 'registered': {'date': '2014-07-11T03:15:55.203Z', 'age': 9}, 'phone': '017684 23148', 'cell': '07048 246916', 'id': {'name': 'NINO', 'value': 'CE 57 20 05 V'}, 'picture': {'large': 'https://randomuser.me/api/portraits/men/76.jpg', 'medium': 'https://randomuser.me/api/portraits/med/men/76.jpg', 'thumbnail': 'https://randomuser.me/api/portraits/thumb/men/76.jpg'}, 'nat': 'GB'}</msg>
<arg>${json_data['results'][0]}</arg>
<doc>Logs the given message with the given level.</doc>
<status status="PASS" start="2024-07-09T16:19:25.927089" elapsed="0.000396"/>
</kw>
<kw name="Log" owner="BuiltIn">
<msg time="2024-07-09T16:19:25.927940" level="INFO">location</msg>
<arg>${key}</arg>
<doc>Logs the given message with the given level.</doc>
<status status="PASS" start="2024-07-09T16:19:25.927802" elapsed="0.000176"/>
</kw>
<var name="${key}">location</var>
<status status="PASS" start="2024-07-09T16:19:25.926422" elapsed="0.001772"/>
</iter>
<iter>
<kw name="Dictionary Should Contain Key" owner="Collections">
<arg>${json_data['results'][0]}</arg>
<arg>${key}</arg>
<doc>Fails if ``key`` is not found from ``dictionary``.</doc>
<status status="PASS" start="2024-07-09T16:19:25.928479" elapsed="0.000385"/>
</kw>
<kw name="Log" owner="BuiltIn">
<msg time="2024-07-09T16:19:25.929392" level="INFO">{'gender': 'male', 'name': {'title': 'Mr', 'first': 'Bobby', 'last': 'Beck'}, 'location': {'street': {'number': 1658, 'name': 'King Street'}, 'city': 'Wakefield', 'state': 'Essex', 'country': 'United Kingdom', 'postcode': 'J51 6RN', 'coordinates': {'latitude': '-11.5794', 'longitude': '-171.1803'}, 'timezone': {'offset': '+4:30', 'description': 'Kabul'}}, 'email': 'bobby.beck@example.com', 'login': {'uuid': '10a24e5d-50fb-4cf0-88c7-ab9c9959d11b', 'username': 'smallladybug712', 'password': 'looking', 'salt': 'ub9QU0bF', 'md5': '46656b8bf8fbd4c072987f9a016d8398', 'sha1': 'b3011759eab6466d1daa54a47f5f87d37e4423ae', 'sha256': '6e33cbfa758bb216980aedad73c14dd64f7c0b20625e70dcfab4179eee006447'}, 'dob': {'date': '1983-10-01T20:17:09.474Z', 'age': 40}, 'registered': {'date': '2014-07-11T03:15:55.203Z', 'age': 9}, 'phone': '017684 23148', 'cell': '07048 246916', 'id': {'name': 'NINO', 'value': 'CE 57 20 05 V'}, 'picture': {'large': 'https://randomuser.me/api/portraits/men/76.jpg', 'medium': 'https://randomuser.me/api/portraits/med/men/76.jpg', 'thumbnail': 'https://randomuser.me/api/portraits/thumb/men/76.jpg'}, 'nat': 'GB'}</msg>
<arg>${json_data['results'][0]}</arg>
<doc>Logs the given message with the given level.</doc>
<status status="PASS" start="2024-07-09T16:19:25.929048" elapsed="0.000392"/>
</kw>
<kw name="Log" owner="BuiltIn">
<msg time="2024-07-09T16:19:25.929865" level="INFO">email</msg>
<arg>${key}</arg>
<doc>Logs the given message with the given level.</doc>
<status status="PASS" start="2024-07-09T16:19:25.929739" elapsed="0.000164"/>
</kw>
<var name="${key}">email</var>
<status status="PASS" start="2024-07-09T16:19:25.928366" elapsed="0.001749"/>
</iter>
<iter>
<kw name="Dictionary Should Contain Key" owner="Collections">
<arg>${json_data['results'][0]}</arg>
<arg>${key}</arg>
<doc>Fails if ``key`` is not found from ``dictionary``.</doc>
<status status="PASS" start="2024-07-09T16:19:25.930400" elapsed="0.000393"/>
</kw>
<kw name="Log" owner="BuiltIn">
<msg time="2024-07-09T16:19:25.931323" level="INFO">{'gender': 'male', 'name': {'title': 'Mr', 'first': 'Bobby', 'last': 'Beck'}, 'location': {'street': {'number': 1658, 'name': 'King Street'}, 'city': 'Wakefield', 'state': 'Essex', 'country': 'United Kingdom', 'postcode': 'J51 6RN', 'coordinates': {'latitude': '-11.5794', 'longitude': '-171.1803'}, 'timezone': {'offset': '+4:30', 'description': 'Kabul'}}, 'email': 'bobby.beck@example.com', 'login': {'uuid': '10a24e5d-50fb-4cf0-88c7-ab9c9959d11b', 'username': 'smallladybug712', 'password': 'looking', 'salt': 'ub9QU0bF', 'md5': '46656b8bf8fbd4c072987f9a016d8398', 'sha1': 'b3011759eab6466d1daa54a47f5f87d37e4423ae', 'sha256': '6e33cbfa758bb216980aedad73c14dd64f7c0b20625e70dcfab4179eee006447'}, 'dob': {'date': '1983-10-01T20:17:09.474Z', 'age': 40}, 'registered': {'date': '2014-07-11T03:15:55.203Z', 'age': 9}, 'phone': '017684 23148', 'cell': '07048 246916', 'id': {'name': 'NINO', 'value': 'CE 57 20 05 V'}, 'picture': {'large': 'https://randomuser.me/api/portraits/men/76.jpg', 'medium': 'https://randomuser.me/api/portraits/med/men/76.jpg', 'thumbnail': 'https://randomuser.me/api/portraits/thumb/men/76.jpg'}, 'nat': 'GB'}</msg>
<arg>${json_data['results'][0]}</arg>
<doc>Logs the given message with the given level.</doc>
<status status="PASS" start="2024-07-09T16:19:25.930979" elapsed="0.000393"/>
</kw>
<kw name="Log" owner="BuiltIn">
<msg time="2024-07-09T16:19:25.931820" level="INFO">login</msg>
<arg>${key}</arg>
<doc>Logs the given message with the given level.</doc>
<status status="PASS" start="2024-07-09T16:19:25.931668" elapsed="0.000191"/>
</kw>
<var name="${key}">login</var>
<status status="PASS" start="2024-07-09T16:19:25.930286" elapsed="0.001796"/>
</iter>
<var>${key}</var>
<value>@{expected_keys}</value>
<status status="PASS" start="2024-07-09T16:19:25.922250" elapsed="0.009954"/>
</for>
<kw name="Create List" owner="BuiltIn">
<msg time="2024-07-09T16:19:25.932534" level="INFO">${expected_keysTwo} = ['username', 'password']</msg>
<var>${expected_keysTwo}</var>
<arg>username</arg>
<arg>password</arg>
<doc>Returns a list containing given items.</doc>
<status status="PASS" start="2024-07-09T16:19:25.932396" elapsed="0.000162"/>
</kw>
<for flavor="IN">
<iter>
<kw name="Dictionary Should Contain Key" owner="Collections">
<arg>${json_data['results'][0]['login']}</arg>
<arg>${keyTwo}</arg>
<doc>Fails if ``key`` is not found from ``dictionary``.</doc>
<status status="PASS" start="2024-07-09T16:19:25.933084" elapsed="0.000383"/>
</kw>
<kw name="Dictionary Should Contain Key" owner="Collections">
<arg>${json_data['results'][0]['login']}</arg>
<arg>${keyTwo}</arg>
<doc>Fails if ``key`` is not found from ``dictionary``.</doc>
<status status="PASS" start="2024-07-09T16:19:25.933646" elapsed="0.000369"/>
</kw>
<kw name="Log" owner="BuiltIn">
<msg time="2024-07-09T16:19:25.934315" level="INFO">username</msg>
<arg>${keyTwo}</arg>
<doc>Logs the given message with the given level.</doc>
<status status="PASS" start="2024-07-09T16:19:25.934194" elapsed="0.000159"/>
</kw>
<var name="${keyTwo}">username</var>
<status status="PASS" start="2024-07-09T16:19:25.932977" elapsed="0.001596"/>
</iter>
<iter>
<kw name="Dictionary Should Contain Key" owner="Collections">
<arg>${json_data['results'][0]['login']}</arg>
<arg>${keyTwo}</arg>
<doc>Fails if ``key`` is not found from ``dictionary``.</doc>
<status status="PASS" start="2024-07-09T16:19:25.934850" elapsed="0.000377"/>
</kw>
<kw name="Dictionary Should Contain Key" owner="Collections">
<arg>${json_data['results'][0]['login']}</arg>
<arg>${keyTwo}</arg>
<doc>Fails if ``key`` is not found from ``dictionary``.</doc>
<status status="PASS" start="2024-07-09T16:19:25.935400" elapsed="0.000384"/>
</kw>
<kw name="Log" owner="BuiltIn">
<msg time="2024-07-09T16:19:25.936108" level="INFO">password</msg>
<arg>${keyTwo}</arg>
<doc>Logs the given message with the given level.</doc>
<status status="PASS" start="2024-07-09T16:19:25.935977" elapsed="0.000180"/>
</kw>
<var name="${keyTwo}">password</var>
<status status="PASS" start="2024-07-09T16:19:25.934743" elapsed="0.001654"/>
</iter>
<var>${keyTwo}</var>
<value>@{expected_keysTwo}</value>
<status status="PASS" start="2024-07-09T16:19:25.932822" elapsed="0.003711"/>
</for>
<status status="PASS" start="2024-07-09T16:19:25.827036" elapsed="0.109646"/>
</kw>
<doc>Testa a estrutura da resposta da API.</doc>
<tag>testeEstruturaResposta</tag>
<status status="PASS" start="2024-07-09T16:19:25.826519" elapsed="0.110321"/>
</test>
<test id="s1-s1-t4" name="Validar tipos de dados" line="28">
<kw name="Teste de Tipos de Dados" owner="random-user-service">
<kw name="GET On Session" owner="RequestsLibrary">
<msg time="2024-07-09T16:19:26.007583" level="INFO">GET Request : url=https://randomuser.me/api 
 path_url=/api 
 headers={'User-Agent': 'python-requests/2.32.3', 'Accept-Encoding': 'gzip, deflate', 'Accept': '*/*', 'Connection': 'keep-alive'} 
 body=None 
 </msg>
<msg time="2024-07-09T16:19:26.007713" level="INFO">GET Response : url=https://randomuser.me/api 
 status=200, reason=OK 
 headers={'Date': 'Tue, 09 Jul 2024 16:19:25 GMT', 'Content-Type': 'application/json; charset=utf-8', 'Transfer-Encoding': 'chunked', 'Connection': 'keep-alive', 'X-Powered-By': 'Express', 'Access-Control-Allow-Origin': '*', 'Cache-Control': 'no-cache', 'ETag': 'W/"4b7-ujQx8+LT2elzi90JTeOVPMq1UIo"', 'Vary': 'Accept-Encoding', 'Content-Encoding': 'gzip', 'CF-Cache-Status': 'DYNAMIC', 'Report-To': '{"endpoints":[{"url":"https:\\/\\/a.nel.cloudflare.com\\/report\\/v4?s=HpSMjo8CEkGfVqbU%2Biy8bg1wWpPodIUKICWpXsmqhpkqgvkYlg379nFekKTe4dEtFrlmNZfTkB99nGFh8qXNLFlw%2FRcChY8z7wN6Ky6G5HQpAuDX3%2FWbl3igLf%2BoUNTw"}],"group":"cf-nel","max_age":604800}', 'NEL': '{"success_fraction":0,"report_to":"cf-nel","max_age":604800}', 'Server': 'cloudflare', 'CF-RAY': '8a09a2b72c6662ab-ORD', 'alt-svc': 'h3=":443"; ma=86400'} 
 body={"results":[{"gender":"male","name":{"title":"Mr","first":"بنیامین","last":"حیدری"},"location":{"street":{"number":2360,"name":"مالک اشتر"},"city":"پاکدشت","state":"سیستان و بلوچستان","country":"Iran","postcode":97058,"coordinates":{"latitude":"18.1157","longitude":"-94.8813"},"timezone":{"offset":"0:00","description":"Western Europe Time, London, Lisbon, Casablanca"}},"email":"bnymyn.hydry@example.com","login":{"uuid":"41739d7f-9d80-41c2-8bea-367e6695c382","username":"tinyostrich297","password":"pooppoop","salt":"M2GdhXkI","md5":"28dfdbbb003d03bb0bd100dede18e529","sha1":"bb9f14eb3fe0c48b2e9fee68526a26e8e0666901","sha256":"18ac814010e7a922d4130c34dfe175836613f9da45142b96f9f6e8325420357f"},"dob":{"date":"1966-10-07T19:36:17.560Z","age":57},"registered":{"date":"2011-12-12T01:24:11.250Z","age":12},"phone":"044-63725166","cell":"0955-861-4269","id":{"name":"","value":null},"picture":{"large":"https://randomuser.me/api/portraits/men/87.jpg","medium":"https://randomuser.me/api/portraits/med/men/87.jpg","thumbnail":"https://randomuser.me/api/portraits/thumb/men/87.jpg"},"nat":"IR"}],"info":{"seed":"939a734ce4a949fd","results":1,"page":1,"version":"1.4"}} 
 </msg>
<msg time="2024-07-09T16:19:26.007840" level="INFO">/opt/hostedtoolcache/Python/3.12.4/x64/lib/python3.12/site-packages/urllib3/connectionpool.py:1099: InsecureRequestWarning: Unverified HTTPS request is being made to host 'randomuser.me'. Adding certificate verification is strongly advised. See: https://urllib3.readthedocs.io/en/latest/advanced-usage.html#tls-warnings
  warnings.warn(</msg>
<msg time="2024-07-09T16:19:26.008029" level="INFO">${response} = &lt;Response [200]&gt;</msg>
<var>${response}</var>
<arg>consultarAPI</arg>
<arg>/api</arg>
<doc>Sends a GET request on a previously created HTTP Session.</doc>
<status status="PASS" start="2024-07-09T16:19:25.939371" elapsed="0.068701"/>
</kw>
<kw name="Set Variable" owner="BuiltIn">
<msg time="2024-07-09T16:19:26.009158" level="INFO">${json_data} = {'results': [{'gender': 'male', 'name': {'title': 'Mr', 'first': 'بنیامین', 'last': 'حیدری'}, 'location': {'street': {'number': 2360, 'name': 'مالک اشتر'}, 'city': 'پاکدشت', 'state': 'سیستان و بلوچستا...</msg>
<var>${json_data}</var>
<arg>${response.json()}</arg>
<doc>Returns the given values which can then be assigned to a variables.</doc>
<status status="PASS" start="2024-07-09T16:19:26.008618" elapsed="0.000571"/>
</kw>
<kw name="Log" owner="BuiltIn">
<msg time="2024-07-09T16:19:26.009660" level="INFO">{'results': [{'gender': 'male', 'name': {'title': 'Mr', 'first': 'بنیامین', 'last': 'حیدری'}, 'location': {'street': {'number': 2360, 'name': 'مالک اشتر'}, 'city': 'پاکدشت', 'state': 'سیستان و بلوچستان', 'country': 'Iran', 'postcode': 97058, 'coordinates': {'latitude': '18.1157', 'longitude': '-94.8813'}, 'timezone': {'offset': '0:00', 'description': 'Western Europe Time, London, Lisbon, Casablanca'}}, 'email': 'bnymyn.hydry@example.com', 'login': {'uuid': '41739d7f-9d80-41c2-8bea-367e6695c382', 'username': 'tinyostrich297', 'password': 'pooppoop', 'salt': 'M2GdhXkI', 'md5': '28dfdbbb003d03bb0bd100dede18e529', 'sha1': 'bb9f14eb3fe0c48b2e9fee68526a26e8e0666901', 'sha256': '18ac814010e7a922d4130c34dfe175836613f9da45142b96f9f6e8325420357f'}, 'dob': {'date': '1966-10-07T19:36:17.560Z', 'age': 57}, 'registered': {'date': '2011-12-12T01:24:11.250Z', 'age': 12}, 'phone': '044-63725166', 'cell': '0955-861-4269', 'id': {'name': '', 'value': None}, 'picture': {'large': 'https://randomuser.me/api/portraits/men/87.jpg', 'medium': 'https://randomuser.me/api/portraits/med/men/87.jpg', 'thumbnail': 'https://randomuser.me/api/portraits/thumb/men/87.jpg'}, 'nat': 'IR'}], 'info': {'seed': '939a734ce4a949fd', 'results': 1, 'page': 1, 'version': '1.4'}}</msg>
<arg>${json_data}</arg>
<doc>Logs the given message with the given level.</doc>
<status status="PASS" start="2024-07-09T16:19:26.009501" elapsed="0.000212"/>
</kw>
<kw name="Should Be String" owner="String">
<arg>${json_data['results'][0]['gender']}</arg>
<doc>Fails if the given ``item`` is not a string.</doc>
<status status="PASS" start="2024-07-09T16:19:26.010009" elapsed="0.000368"/>
</kw>
<kw name="Should Match Regexp" owner="BuiltIn">
<arg>${json_data['results'][0]['email']}</arg>
<arg>^[a-zA-Z0-9._%+-]+@[a-zA-Z0-9.-]+\.[a-zA-Z]{2,}$</arg>
<doc>Fails if ``string`` does not match ``pattern`` as a regular expression.</doc>
<status status="PASS" start="2024-07-09T16:19:26.010568" elapsed="0.000520"/>
</kw>
<kw name="Should Match Regexp" owner="BuiltIn">
<arg>${json_data['results'][0]['dob']['date']}</arg>
<arg>\\d{4}-\\d{2}-\\d{2}T\\d{2}:\\d{2}:\\d{2}\\.\\d{3}Z</arg>
<doc>Fails if ``string`` does not match ``pattern`` as a regular expression.</doc>
<status status="PASS" start="2024-07-09T16:19:26.011320" elapsed="0.000528"/>
</kw>
<kw name="Should Match Regexp" owner="BuiltIn">
<arg>${json_data['results'][0]['registered']['date']}</arg>
<arg>\\d{4}-\\d{2}-\\d{2}T\\d{2}:\\d{2}:\\d{2}\\.\\d{3}Z</arg>
<doc>Fails if ``string`` does not match ``pattern`` as a regular expression.</doc>
<status status="PASS" start="2024-07-09T16:19:26.012051" elapsed="0.000375"/>
</kw>
<kw name="Should Match Regexp" owner="BuiltIn">
<arg>${json_data['results'][0]['picture']['large']}</arg>
<arg>^https?://.*\.(?:png|jpe?g|gif|bmp)$</arg>
<doc>Fails if ``string`` does not match ``pattern`` as a regular expression.</doc>
<status status="PASS" start="2024-07-09T16:19:26.012611" elapsed="0.000455"/>
</kw>
<kw name="Should Match Regexp" owner="BuiltIn">
<arg>${json_data['results'][0]['picture']['medium']}</arg>
<arg>^https?://.*\.(?:png|jpe?g|gif|bmp)$</arg>
<doc>Fails if ``string`` does not match ``pattern`` as a regular expression.</doc>
<status status="PASS" start="2024-07-09T16:19:26.013252" elapsed="0.000346"/>
</kw>
<kw name="Should Match Regexp" owner="BuiltIn">
<arg>${json_data['results'][0]['picture']['thumbnail']}</arg>
<arg>^https?://.*\.(?:png|jpe?g|gif|bmp)$</arg>
<doc>Fails if ``string`` does not match ``pattern`` as a regular expression.</doc>
<status status="PASS" start="2024-07-09T16:19:26.013779" elapsed="0.000352"/>
</kw>
<kw name="Log" owner="BuiltIn">
<msg time="2024-07-09T16:19:26.014637" level="INFO">{'large': 'https://randomuser.me/api/portraits/men/87.jpg', 'medium': 'https://randomuser.me/api/portraits/med/men/87.jpg', 'thumbnail': 'https://randomuser.me/api/portraits/thumb/men/87.jpg'}</msg>
<arg>${json_data['results'][0]['picture']}</arg>
<doc>Logs the given message with the given level.</doc>
<status status="PASS" start="2024-07-09T16:19:26.014313" elapsed="0.000368"/>
</kw>
<status status="PASS" start="2024-07-09T16:19:25.939143" elapsed="0.075805"/>
</kw>
<kw name="Teste de Tipos de Dados - Postcode" owner="random-user-service">
<kw name="GET On Session" owner="RequestsLibrary">
<msg time="2024-07-09T16:19:26.115972" level="INFO">GET Request : url=https://randomuser.me/api 
 path_url=/api 
 headers={'User-Agent': 'python-requests/2.32.3', 'Accept-Encoding': 'gzip, deflate', 'Accept': '*/*', 'Connection': 'keep-alive'} 
 body=None 
 </msg>
<msg time="2024-07-09T16:19:26.116080" level="INFO">GET Response : url=https://randomuser.me/api 
 status=200, reason=OK 
 headers={'Date': 'Tue, 09 Jul 2024 16:19:26 GMT', 'Content-Type': 'application/json; charset=utf-8', 'Transfer-Encoding': 'chunked', 'Connection': 'keep-alive', 'X-Powered-By': 'Express', 'Access-Control-Allow-Origin': '*', 'Cache-Control': 'no-cache', 'ETag': 'W/"4a3-D+aA3xNHtyJmL5Na6vKQ4OON5Es"', 'Vary': 'Accept-Encoding', 'Content-Encoding': 'gzip', 'CF-Cache-Status': 'DYNAMIC', 'Report-To': '{"endpoints":[{"url":"https:\\/\\/a.nel.cloudflare.com\\/report\\/v4?s=i65kkVfLr9hP9FSXajeDjxiVVsxQ4wLOgsuGj%2BWL47t8ZjgksU7DXZ9z5HAp6VjvHmGIlYuz%2FSZx1NDNSa5pnZo4%2FSQ1Yh7s%2BlOColCswmmqX8uXuIlijOyXP7eHgUtz"}],"group":"cf-nel","max_age":604800}', 'NEL': '{"success_fraction":0,"report_to":"cf-nel","max_age":604800}', 'Server': 'cloudflare', 'CF-RAY': '8a09a2b79ce862ab-ORD', 'alt-svc': 'h3=":443"; ma=86400'} 
 body={"results":[{"gender":"female","name":{"title":"Miss","first":"Marsha","last":"Henderson"},"location":{"street":{"number":7495,"name":"Nowlin Rd"},"city":"Midland","state":"Iowa","country":"United States","postcode":77817,"coordinates":{"latitude":"86.8963","longitude":"118.7757"},"timezone":{"offset":"-6:00","description":"Central Time (US &amp; Canada), Mexico City"}},"email":"marsha.henderson@example.com","login":{"uuid":"a653b884-c907-427b-8e96-dae3925948ba","username":"happysnake695","password":"monkeybo","salt":"MdCiBTG4","md5":"d05ee7d8331d7b82c04987955d31a6d0","sha1":"1d0358b0b7a9784cc534b55700afbb9d0c7e7fb2","sha256":"17959d15d952231284477ff998507faa24830d53bb143c5a3de7b9a24536dd1f"},"dob":{"date":"1996-03-18T00:34:12.863Z","age":28},"registered":{"date":"2007-03-22T20:32:02.446Z","age":17},"phone":"(336) 457-6644","cell":"(944) 389-6468","id":{"name":"SSN","value":"628-23-2628"},"picture":{"large":"https://randomuser.me/api/portraits/women/55.jpg","medium":"https://randomuser.me/api/portraits/med/women/55.jpg","thumbnail":"https://randomuser.me/api/portraits/thumb/women/55.jpg"},"nat":"US"}],"info":{"seed":"a56a98aebf3552b1","results":1,"page":1,"version":"1.4"}} 
 </msg>
<msg time="2024-07-09T16:19:26.116155" level="INFO">/opt/hostedtoolcache/Python/3.12.4/x64/lib/python3.12/site-packages/urllib3/connectionpool.py:1099: InsecureRequestWarning: Unverified HTTPS request is being made to host 'randomuser.me'. Adding certificate verification is strongly advised. See: https://urllib3.readthedocs.io/en/latest/advanced-usage.html#tls-warnings
  warnings.warn(</msg>
<msg time="2024-07-09T16:19:26.116299" level="INFO">${response} = &lt;Response [200]&gt;</msg>
<var>${response}</var>
<arg>consultarAPI</arg>
<arg>/api</arg>
<doc>Sends a GET request on a previously created HTTP Session.</doc>
<status status="PASS" start="2024-07-09T16:19:26.015413" elapsed="0.100931"/>
</kw>
<kw name="Set Variable" owner="BuiltIn">
<msg time="2024-07-09T16:19:26.117392" level="INFO">${json_data} = {'results': [{'gender': 'female', 'name': {'title': 'Miss', 'first': 'Marsha', 'last': 'Henderson'}, 'location': {'street': {'number': 7495, 'name': 'Nowlin Rd'}, 'city': 'Midland', 'state': 'Iowa', '...</msg>
<var>${json_data}</var>
<arg>${response.json()}</arg>
<doc>Returns the given values which can then be assigned to a variables.</doc>
<status status="PASS" start="2024-07-09T16:19:26.116876" elapsed="0.000544"/>
</kw>
<kw name="Log" owner="BuiltIn">
<msg time="2024-07-09T16:19:26.117894" level="INFO">{'results': [{'gender': 'female', 'name': {'title': 'Miss', 'first': 'Marsha', 'last': 'Henderson'}, 'location': {'street': {'number': 7495, 'name': 'Nowlin Rd'}, 'city': 'Midland', 'state': 'Iowa', 'country': 'United States', 'postcode': 77817, 'coordinates': {'latitude': '86.8963', 'longitude': '118.7757'}, 'timezone': {'offset': '-6:00', 'description': 'Central Time (US &amp; Canada), Mexico City'}}, 'email': 'marsha.henderson@example.com', 'login': {'uuid': 'a653b884-c907-427b-8e96-dae3925948ba', 'username': 'happysnake695', 'password': 'monkeybo', 'salt': 'MdCiBTG4', 'md5': 'd05ee7d8331d7b82c04987955d31a6d0', 'sha1': '1d0358b0b7a9784cc534b55700afbb9d0c7e7fb2', 'sha256': '17959d15d952231284477ff998507faa24830d53bb143c5a3de7b9a24536dd1f'}, 'dob': {'date': '1996-03-18T00:34:12.863Z', 'age': 28}, 'registered': {'date': '2007-03-22T20:32:02.446Z', 'age': 17}, 'phone': '(336) 457-6644', 'cell': '(944) 389-6468', 'id': {'name': 'SSN', 'value': '628-23-2628'}, 'picture': {'large': 'https://randomuser.me/api/portraits/women/55.jpg', 'medium': 'https://randomuser.me/api/portraits/med/women/55.jpg', 'thumbnail': 'https://randomuser.me/api/portraits/thumb/women/55.jpg'}, 'nat': 'US'}], 'info': {'seed': 'a56a98aebf3552b1', 'results': 1, 'page': 1, 'version': '1.4'}}</msg>
<arg>${json_data}</arg>
<doc>Logs the given message with the given level.</doc>
<status status="PASS" start="2024-07-09T16:19:26.117732" elapsed="0.000211"/>
</kw>
<kw name="Should Be Equal As Numbers" owner="BuiltIn">
<arg>${json_data['results'][0]['location']['postcode']}</arg>
<arg>${json_data['results'][0]['location']['postcode']}</arg>
<doc>Fails if objects are unequal after converting them to real numbers.</doc>
<status status="PASS" start="2024-07-09T16:19:26.118234" elapsed="0.000623"/>
</kw>
<kw name="Log" owner="BuiltIn">
<msg time="2024-07-09T16:19:26.119381" level="INFO">77817</msg>
<arg>${json_data['results'][0]['location']['postcode']}</arg>
<doc>Logs the given message with the given level.</doc>
<status status="PASS" start="2024-07-09T16:19:26.119046" elapsed="0.000375"/>
</kw>
<status status="PASS" start="2024-07-09T16:19:26.015180" elapsed="0.104528"/>
</kw>
<doc>Testa se os tipos de dados na resposta da API estão corretos.</doc>
<tag>testeTiposDados</tag>
<status status="PASS" start="2024-07-09T16:19:25.938575" elapsed="0.181342"/>
</test>
<test id="s1-s1-t5" name="Validar conteudo" line="35">
<kw name="Teste de Tipos de Conteudo" owner="random-user-service">
<kw name="GET On Session" owner="RequestsLibrary">
<msg time="2024-07-09T16:19:26.271807" level="INFO">GET Request : url=https://randomuser.me/api 
 path_url=/api 
 headers={'User-Agent': 'python-requests/2.32.3', 'Accept-Encoding': 'gzip, deflate', 'Accept': '*/*', 'Connection': 'keep-alive'} 
 body=None 
 </msg>
<msg time="2024-07-09T16:19:26.271917" level="INFO">GET Response : url=https://randomuser.me/api 
 status=200, reason=OK 
 headers={'Date': 'Tue, 09 Jul 2024 16:19:26 GMT', 'Content-Type': 'application/json; charset=utf-8', 'Transfer-Encoding': 'chunked', 'Connection': 'keep-alive', 'X-Powered-By': 'Express', 'Access-Control-Allow-Origin': '*', 'Cache-Control': 'no-cache', 'ETag': 'W/"491-0g8yx6Oa8goUAKdt9PbSlFnu9Os"', 'Vary': 'Accept-Encoding', 'Content-Encoding': 'gzip', 'CF-Cache-Status': 'DYNAMIC', 'Report-To': '{"endpoints":[{"url":"https:\\/\\/a.nel.cloudflare.com\\/report\\/v4?s=WmOGW2Dg7%2BQAv6mIJ0yV3XudSAC8Hz5TaWANQDgTSQTc2DrbUuG5Hqzw2Rkxl%2BmBiJ8LZ4aCFrv8HfL0SKb6df27y%2FiPCQuW2MhqcLQu0taotGWZGSDzWlGPr2DXqXR4"}],"group":"cf-nel","max_age":604800}', 'NEL': '{"success_fraction":0,"report_to":"cf-nel","max_age":604800}', 'Server': 'cloudflare', 'CF-RAY': '8a09a2b84da362ab-ORD', 'alt-svc': 'h3=":443"; ma=86400'} 
 body={"results":[{"gender":"female","name":{"title":"Mrs","first":"Carmen","last":"Allen"},"location":{"street":{"number":6231,"name":"W Sherman Dr"},"city":"Wollongong","state":"South Australia","country":"Australia","postcode":1012,"coordinates":{"latitude":"-89.3463","longitude":"124.4464"},"timezone":{"offset":"+6:00","description":"Almaty, Dhaka, Colombo"}},"email":"carmen.allen@example.com","login":{"uuid":"207c9ef8-c6ef-4bd6-8698-91bdb41d1462","username":"orangemeercat210","password":"masters","salt":"y58R2yHz","md5":"0c4d9cb4642196835bb16d0aadde8680","sha1":"ed3d775030cca69fd70b2386620ba91887d8721d","sha256":"467c89198f114fa187a5e77638ad06ddd6cc97294f676eb4fd925e61bca9f44d"},"dob":{"date":"1984-03-02T05:38:47.015Z","age":40},"registered":{"date":"2018-12-04T17:45:04.924Z","age":5},"phone":"03-0803-3186","cell":"0437-473-024","id":{"name":"TFN","value":"115689751"},"picture":{"large":"https://randomuser.me/api/portraits/women/70.jpg","medium":"https://randomuser.me/api/portraits/med/women/70.jpg","thumbnail":"https://randomuser.me/api/portraits/thumb/women/70.jpg"},"nat":"AU"}],"info":{"seed":"da2b949d4b45bbe8","results":1,"page":1,"version":"1.4"}} 
 </msg>
<msg time="2024-07-09T16:19:26.272008" level="INFO">/opt/hostedtoolcache/Python/3.12.4/x64/lib/python3.12/site-packages/urllib3/connectionpool.py:1099: InsecureRequestWarning: Unverified HTTPS request is being made to host 'randomuser.me'. Adding certificate verification is strongly advised. See: https://urllib3.readthedocs.io/en/latest/advanced-usage.html#tls-warnings
  warnings.warn(</msg>
<msg time="2024-07-09T16:19:26.272152" level="INFO">${response} = &lt;Response [200]&gt;</msg>
<var>${response}</var>
<arg>consultarAPI</arg>
<arg>/api</arg>
<doc>Sends a GET request on a previously created HTTP Session.</doc>
<status status="PASS" start="2024-07-09T16:19:26.122574" elapsed="0.149623"/>
</kw>
<kw name="Set Variable" owner="BuiltIn">
<msg time="2024-07-09T16:19:26.273263" level="INFO">${json_data} = {'results': [{'gender': 'female', 'name': {'title': 'Mrs', 'first': 'Carmen', 'last': 'Allen'}, 'location': {'street': {'number': 6231, 'name': 'W Sherman Dr'}, 'city': 'Wollongong', 'state': 'South A...</msg>
<var>${json_data}</var>
<arg>${response.json()}</arg>
<doc>Returns the given values which can then be assigned to a variables.</doc>
<status status="PASS" start="2024-07-09T16:19:26.272758" elapsed="0.000535"/>
</kw>
<kw name="Set Variable" owner="BuiltIn">
<msg time="2024-07-09T16:19:26.273973" level="INFO">${name_title} = Mrs</msg>
<var>${name_title}</var>
<arg>${json_data["results"][0]["name"]["title"]}</arg>
<doc>Returns the given values which can then be assigned to a variables.</doc>
<status status="PASS" start="2024-07-09T16:19:26.273595" elapsed="0.000404"/>
</kw>
<kw name="Create List" owner="BuiltIn">
<msg time="2024-07-09T16:19:26.274446" level="INFO">${allowed_titles} = ['Mr', 'Ms', 'Miss', 'Mrs', 'Madame', 'Monsieur']</msg>
<var>${allowed_titles}</var>
<arg>Mr</arg>
<arg>Ms</arg>
<arg>Miss</arg>
<arg>Mrs</arg>
<arg>Madame</arg>
<arg>Monsieur</arg>
<doc>Returns a list containing given items.</doc>
<status status="PASS" start="2024-07-09T16:19:26.274294" elapsed="0.000177"/>
</kw>
<kw name="List Should Contain Value" owner="Collections">
<arg>${allowed_titles}</arg>
<arg>${name_title}</arg>
<doc>Fails if the ``value`` is not found from ``list``.</doc>
<status status="PASS" start="2024-07-09T16:19:26.274769" elapsed="0.000177"/>
</kw>
<kw name="Set Variable" owner="BuiltIn">
<msg time="2024-07-09T16:19:26.275490" level="INFO">${name_country} = AU</msg>
<var>${name_country}</var>
<arg>${json_data["results"][0]["nat"]}</arg>
<doc>Returns the given values which can then be assigned to a variables.</doc>
<status status="PASS" start="2024-07-09T16:19:26.275125" elapsed="0.000390"/>
</kw>
<kw name="Create List" owner="BuiltIn">
<msg time="2024-07-09T16:19:26.276445" level="INFO">${list_country} = ['AD', 'AE', 'AF', 'AG', 'AI', 'AL', 'AM', 'AO', 'AQ', 'AR', 'AS', 'AT', 'AU', 'AW', 'AX', 'AZ', 'BA', 'BB', 'BD', 'BE', 'BF', 'BG', 'BH', 'BI', 'BJ', 'BL', 'BM', 'BN', 'BO', 'BQ', 'BR', 'BS', 'BT', '...</msg>
<var>${list_country}</var>
<arg>AD</arg>
<arg>AE</arg>
<arg>AF</arg>
<arg>AG</arg>
<arg>AI</arg>
<arg>AL</arg>
<arg>AM</arg>
<arg>AO</arg>
<arg>AQ</arg>
<arg>AR</arg>
<arg>AS</arg>
<arg>AT</arg>
<arg>AU</arg>
<arg>AW</arg>
<arg>AX</arg>
<arg>AZ</arg>
<arg>BA</arg>
<arg>BB</arg>
<arg>BD</arg>
<arg>BE</arg>
<arg>BF</arg>
<arg>BG</arg>
<arg>BH</arg>
<arg>BI</arg>
<arg>BJ</arg>
<arg>BL</arg>
<arg>BM</arg>
<arg>BN</arg>
<arg>BO</arg>
<arg>BQ</arg>
<arg>BR</arg>
<arg>BS</arg>
<arg>BT</arg>
<arg>BV</arg>
<arg>BW</arg>
<arg>BY</arg>
<arg>BZ</arg>
<arg>CA</arg>
<arg>CC</arg>
<arg>CD</arg>
<arg>CF</arg>
<arg>CG</arg>
<arg>CH</arg>
<arg>CI</arg>
<arg>CK</arg>
<arg>CL</arg>
<arg>CM</arg>
<arg>CN</arg>
<arg>CO</arg>
<arg>CR</arg>
<arg>CU</arg>
<arg>CV</arg>
<arg>CW</arg>
<arg>CX</arg>
<arg>CY</arg>
<arg>CZ</arg>
<arg>DE</arg>
<arg>DJ</arg>
<arg>DK</arg>
<arg>DM</arg>
<arg>DO</arg>
<arg>DZ</arg>
<arg>EC</arg>
<arg>EE</arg>
<arg>EG</arg>
<arg>EH</arg>
<arg>ER</arg>
<arg>ES</arg>
<arg>ET</arg>
<arg>FI</arg>
<arg>FJ</arg>
<arg>FK</arg>
<arg>FM</arg>
<arg>FO</arg>
<arg>FR</arg>
<arg>GA</arg>
<arg>GB</arg>
<arg>GD</arg>
<arg>GE</arg>
<arg>GF</arg>
<arg>GG</arg>
<arg>GH</arg>
<arg>GI</arg>
<arg>GL</arg>
<arg>GM</arg>
<arg>GN</arg>
<arg>GP</arg>
<arg>GQ</arg>
<arg>GR</arg>
<arg>GS</arg>
<arg>GT</arg>
<arg>GU</arg>
<arg>GW</arg>
<arg>GY</arg>
<arg>HK</arg>
<arg>HM</arg>
<arg>HN</arg>
<arg>HR</arg>
<arg>HT</arg>
<arg>HU</arg>
<arg>ID</arg>
<arg>IE</arg>
<arg>IL</arg>
<arg>IM</arg>
<arg>IN</arg>
<arg>IO</arg>
<arg>IQ</arg>
<arg>IR</arg>
<arg>IS</arg>
<arg>IT</arg>
<arg>JE</arg>
<arg>JM</arg>
<arg>JO</arg>
<arg>JP</arg>
<arg>KE</arg>
<arg>KG</arg>
<arg>KH</arg>
<arg>KI</arg>
<arg>KM</arg>
<arg>KN</arg>
<arg>KP</arg>
<arg>KR</arg>
<arg>KW</arg>
<arg>KY</arg>
<arg>KZ</arg>
<arg>LA</arg>
<arg>LB</arg>
<arg>LC</arg>
<arg>LI</arg>
<arg>LK</arg>
<arg>LR</arg>
<arg>LS</arg>
<arg>LT</arg>
<arg>LU</arg>
<arg>LV</arg>
<arg>LY</arg>
<arg>MA</arg>
<arg>MC</arg>
<arg>MD</arg>
<arg>ME</arg>
<arg>MF</arg>
<arg>MG</arg>
<arg>MH</arg>
<arg>MK</arg>
<arg>ML</arg>
<arg>MM</arg>
<arg>MN</arg>
<arg>MO</arg>
<arg>MP</arg>
<arg>MQ</arg>
<arg>MR</arg>
<arg>MS</arg>
<arg>MT</arg>
<arg>MU</arg>
<arg>MV</arg>
<arg>MW</arg>
<arg>MX</arg>
<arg>MY</arg>
<arg>MZ</arg>
<arg>NA</arg>
<arg>NC</arg>
<arg>NE</arg>
<arg>NF</arg>
<arg>NG</arg>
<arg>NI</arg>
<arg>NL</arg>
<arg>NO</arg>
<arg>NP</arg>
<arg>NR</arg>
<arg>NU</arg>
<arg>NZ</arg>
<arg>OM</arg>
<arg>PA</arg>
<arg>PE</arg>
<arg>PF</arg>
<arg>PG</arg>
<arg>PH</arg>
<arg>PK</arg>
<arg>PL</arg>
<arg>PM</arg>
<arg>PN</arg>
<arg>PR</arg>
<arg>PS</arg>
<arg>PT</arg>
<arg>PW</arg>
<arg>PY</arg>
<arg>QA</arg>
<arg>RE</arg>
<arg>RO</arg>
<arg>RS</arg>
<arg>RU</arg>
<arg>RW</arg>
<arg>SA</arg>
<arg>SB</arg>
<arg>SC</arg>
<arg>SD</arg>
<arg>SE</arg>
<arg>SG</arg>
<arg>SH</arg>
<arg>SI</arg>
<arg>SJ</arg>
<arg>SK</arg>
<arg>SL</arg>
<arg>SM</arg>
<arg>SN</arg>
<arg>SO</arg>
<arg>SR</arg>
<arg>SS</arg>
<arg>ST</arg>
<arg>SV</arg>
<arg>SX</arg>
<arg>SY</arg>
<arg>SZ</arg>
<arg>TC</arg>
<arg>TD</arg>
<arg>TF</arg>
<arg>TG</arg>
<arg>TH</arg>
<arg>TJ</arg>
<arg>TK</arg>
<arg>TL</arg>
<arg>TM</arg>
<arg>TN</arg>
<arg>TO</arg>
<arg>TR</arg>
<arg>TT</arg>
<arg>TV</arg>
<arg>TW</arg>
<arg>TZ</arg>
<arg>UA</arg>
<arg>UG</arg>
<arg>UM</arg>
<arg>US</arg>
<arg>UY</arg>
<arg>UZ</arg>
<arg>VA</arg>
<arg>VC</arg>
<arg>VE</arg>
<arg>VG</arg>
<arg>VI</arg>
<arg>VN</arg>
<arg>VU</arg>
<arg>WF</arg>
<arg>WS</arg>
<arg>XK</arg>
<arg>YE</arg>
<arg>YT</arg>
<arg>ZA</arg>
<arg>ZM</arg>
<arg>ZW</arg>
<doc>Returns a list containing given items.</doc>
<status status="PASS" start="2024-07-09T16:19:26.275840" elapsed="0.000631"/>
</kw>
<kw name="List Should Contain Value" owner="Collections">
<arg>${list_country}</arg>
<arg>${name_country}</arg>
<doc>Fails if the ``value`` is not found from ``list``.</doc>
<status status="PASS" start="2024-07-09T16:19:26.277271" elapsed="0.000205"/>
</kw>
<kw name="Run Keyword If" owner="BuiltIn">
<kw name="Should Be True" owner="BuiltIn">
<arg>${True}</arg>
<doc>Fails if the given condition is not true.</doc>
<status status="PASS" start="2024-07-09T16:19:26.278432" elapsed="0.000144"/>
</kw>
<arg>${json_data["results"][0]["location"]["coordinates"]["latitude"]} &gt;= -90 and ${json_data["results"][0]["location"]["coordinates"]["latitude"]} &lt;= 90</arg>
<arg>Should Be True</arg>
<arg>${True}</arg>
<doc>Runs the given keyword with the given arguments, if ``condition`` is true.</doc>
<status status="PASS" start="2024-07-09T16:19:26.277674" elapsed="0.001026"/>
</kw>
<kw name="Run Keyword If" owner="BuiltIn">
<kw name="Should Be True" owner="BuiltIn">
<arg>${True}</arg>
<doc>Fails if the given condition is not true.</doc>
<status status="PASS" start="2024-07-09T16:19:26.279568" elapsed="0.000136"/>
</kw>
<arg>${json_data["results"][0]["location"]["coordinates"]["longitude"]} &gt;= -180 and ${json_data["results"][0]["location"]["coordinates"]["longitude"]} &lt;= 180</arg>
<arg>Should Be True</arg>
<arg>${True}</arg>
<doc>Runs the given keyword with the given arguments, if ``condition`` is true.</doc>
<status status="PASS" start="2024-07-09T16:19:26.278880" elapsed="0.000975"/>
</kw>
<status status="PASS" start="2024-07-09T16:19:26.122171" elapsed="0.157820"/>
</kw>
<doc>Testa o conteúdo específico dos campos retornados pela API.</doc>
<tag>testeConteudo</tag>
<status status="PASS" start="2024-07-09T16:19:26.121691" elapsed="0.158460"/>
</test>
<status status="PASS" start="2024-07-09T16:19:24.992900" elapsed="1.289224"/>
</suite>
<status status="PASS" start="2024-07-09T16:19:24.978327" elapsed="1.308968"/>
</suite>
<statistics>
<total>
<stat pass="5" fail="0" skip="0">All Tests</stat>
</total>
<tag>
<stat pass="1" fail="0" skip="0">testeConteudo</stat>
<stat pass="1" fail="0" skip="0">testeEstruturaResposta</stat>
<stat pass="1" fail="0" skip="0">testeRequisicaoBasica</stat>
<stat pass="1" fail="0" skip="0">testeTiposDados</stat>
</tag>
<suite>
<stat pass="5" fail="0" skip="0" id="s1" name="Tests">Tests</stat>
<stat pass="5" fail="0" skip="0" id="s1-s1" name="Random-User-Test">Tests.Random-User-Test</stat>
</suite>
</statistics>
<errors>
</errors>
</robot>
