<?xml version="1.0" encoding="UTF-8"?>
<robot generator="Robot 7.0.1 (Python 3.12.4 on linux)" generated="2024-07-20T05:14:45.571329" rpa="false" schemaversion="5">
<suite id="s1" name="Tests" source="/home/runner/work/ApiRandomUser/ApiRandomUser/RamdonUser/tests">
<suite id="s1-s1" name="Random-User-Test" source="/home/runner/work/ApiRandomUser/ApiRandomUser/RamdonUser/tests/random-user-test.robot">
<test id="s1-s1-t1" name="Conectar" line="13">
<kw name="Conectar API" owner="random-user-service">
<kw name="Create Session" owner="RequestsLibrary">
<msg time="2024-07-20T05:14:45.962859" level="INFO">Creating Session using : alias=consultarAPI, url=https://randomuser.me/, headers={},                     cookies={}, auth=None, timeout=None, proxies=None, verify=False,                     debug=0 </msg>
<arg>consultarAPI</arg>
<arg>${URL}</arg>
<doc>Create Session: create a HTTP session to a server</doc>
<status status="PASS" start="2024-07-20T05:14:45.962667" elapsed="0.000366"/>
</kw>
<status status="PASS" start="2024-07-20T05:14:45.961650" elapsed="0.001734"/>
</kw>
<status status="PASS" start="2024-07-20T05:14:45.961097" elapsed="0.002473"/>
</test>
<test id="s1-s1-t2" name="Validar retorno 200 e JSON Válido" line="16">
<kw name="Teste de Requisicao Basica" owner="random-user-service">
<kw name="GET On Session" owner="RequestsLibrary">
<msg time="2024-07-20T05:14:46.292362" level="INFO">GET Request : url=https://randomuser.me/api 
 path_url=/api 
 headers={'User-Agent': 'python-requests/2.32.3', 'Accept-Encoding': 'gzip, deflate', 'Accept': '*/*', 'Connection': 'keep-alive'} 
 body=None 
 </msg>
<msg time="2024-07-20T05:14:46.292525" level="INFO">GET Response : url=https://randomuser.me/api 
 status=200, reason=OK 
 headers={'Date': 'Sat, 20 Jul 2024 05:14:46 GMT', 'Content-Type': 'application/json; charset=utf-8', 'Transfer-Encoding': 'chunked', 'Connection': 'keep-alive', 'X-Powered-By': 'Express', 'Access-Control-Allow-Origin': '*', 'Cache-Control': 'no-cache', 'ETag': 'W/"4a6-EjlL9RwRbnKZ4P3MfDCI8Kk3Gj4"', 'Vary': 'Accept-Encoding', 'Content-Encoding': 'gzip', 'CF-Cache-Status': 'DYNAMIC', 'Report-To': '{"endpoints":[{"url":"https:\\/\\/a.nel.cloudflare.com\\/report\\/v4?s=DTNSGTj3s%2FxCdt%2BsCBBEHyCjiOW5zArf4VlG9JcHJgVSqqHibZCfhhixbsN8GczplmK42mfMKPW%2BWECmM%2FhTl3a6wn1vqe9yty8nHMKBclq7UUtehn8xnVwX2XLjOyj3"}],"group":"cf-nel","max_age":604800}', 'NEL': '{"success_fraction":0,"report_to":"cf-nel","max_age":604800}', 'Server': 'cloudflare', 'CF-RAY': '8a607836dbcbeb1f-DFW', 'alt-svc': 'h3=":443"; ma=86400'} 
 body={"results":[{"gender":"female","name":{"title":"Ms","first":"Fedora","last":"Shcherbina"},"location":{"street":{"number":396,"name":"Studentskiy bulvar"},"city":"Kerch","state":"Avtonomna Respublika Krim","country":"Ukraine","postcode":19651,"coordinates":{"latitude":"73.1422","longitude":"141.3904"},"timezone":{"offset":"+5:30","description":"Bombay, Calcutta, Madras, New Delhi"}},"email":"fedora.shcherbina@example.com","login":{"uuid":"efeb0d60-130c-4131-98f6-fa955ba4fba5","username":"greenzebra685","password":"vh5150","salt":"ncUemeMF","md5":"29c41d271a91e438d8476fd6b588ef15","sha1":"e6207549071f7529f6406ac519c26c307cbfe0f3","sha256":"82c423748102bc18599b08d13f04d92bd25cc76ec25913614ef84a4da3c5063c"},"dob":{"date":"1979-07-26T10:36:23.802Z","age":44},"registered":{"date":"2009-09-22T14:34:10.476Z","age":14},"phone":"(097) R29-6639","cell":"(068) Q48-6022","id":{"name":"","value":null},"picture":{"large":"https://randomuser.me/api/portraits/women/35.jpg","medium":"https://randomuser.me/api/portraits/med/women/35.jpg","thumbnail":"https://randomuser.me/api/portraits/thumb/women/35.jpg"},"nat":"UA"}],"info":{"seed":"9926cc0cd7599cde","results":1,"page":1,"version":"1.4"}} 
 </msg>
<msg time="2024-07-20T05:14:46.292604" level="INFO">/opt/hostedtoolcache/Python/3.12.4/x64/lib/python3.12/site-packages/urllib3/connectionpool.py:1099: InsecureRequestWarning: Unverified HTTPS request is being made to host 'randomuser.me'. Adding certificate verification is strongly advised. See: https://urllib3.readthedocs.io/en/latest/advanced-usage.html#tls-warnings
  warnings.warn(</msg>
<msg time="2024-07-20T05:14:46.292746" level="INFO">${response} = &lt;Response [200]&gt;</msg>
<var>${response}</var>
<arg>consultarAPI</arg>
<arg>/api</arg>
<doc>Sends a GET request on a previously created HTTP Session.</doc>
<status status="PASS" start="2024-07-20T05:14:45.966190" elapsed="0.326597"/>
</kw>
<kw name="Should Be Equal As Numbers" owner="BuiltIn">
<msg time="2024-07-20T05:14:46.293789" level="INFO">Argument types are:
&lt;class 'int'&gt;
&lt;class 'str'&gt;</msg>
<arg>${response.status_code}</arg>
<arg>200</arg>
<doc>Fails if objects are unequal after converting them to real numbers.</doc>
<status status="PASS" start="2024-07-20T05:14:46.293334" elapsed="0.000518"/>
</kw>
<kw name="Log" owner="BuiltIn">
<msg time="2024-07-20T05:14:46.294516" level="INFO">200</msg>
<arg>${response.status_code}</arg>
<doc>Logs the given message with the given level.</doc>
<status status="PASS" start="2024-07-20T05:14:46.294167" elapsed="0.000389"/>
</kw>
<kw name="Set Variable" owner="BuiltIn">
<msg time="2024-07-20T05:14:46.295279" level="INFO">${json_data} = {'results': [{'gender': 'female', 'name': {'title': 'Ms', 'first': 'Fedora', 'last': 'Shcherbina'}, 'location': {'street': {'number': 396, 'name': 'Studentskiy bulvar'}, 'city': 'Kerch', 'state': 'Avt...</msg>
<var>${json_data}</var>
<arg>${response.json()}</arg>
<doc>Returns the given values which can then be assigned to a variables.</doc>
<status status="PASS" start="2024-07-20T05:14:46.294856" elapsed="0.000450"/>
</kw>
<kw name="Dictionary Should Contain Key" owner="Collections">
<arg>${json_data}</arg>
<arg>results</arg>
<doc>Fails if ``key`` is not found from ``dictionary``.</doc>
<status status="PASS" start="2024-07-20T05:14:46.295597" elapsed="0.000317"/>
</kw>
<status status="PASS" start="2024-07-20T05:14:45.965946" elapsed="0.330120"/>
</kw>
<doc>Testa se a API responde corretamente e retorna um objeto JSON válido.</doc>
<tag>testeRequisicaoBasica</tag>
<status status="PASS" start="2024-07-20T05:14:45.965502" elapsed="0.330734"/>
</test>
<test id="s1-s1-t3" name="Validar estrutura de resposta" line="22">
<kw name="Teste de Estrutura de Resposta" owner="random-user-service">
<kw name="GET On Session" owner="RequestsLibrary">
<msg time="2024-07-20T05:14:46.390173" level="INFO">GET Request : url=https://randomuser.me/api 
 path_url=/api 
 headers={'User-Agent': 'python-requests/2.32.3', 'Accept-Encoding': 'gzip, deflate', 'Accept': '*/*', 'Connection': 'keep-alive'} 
 body=None 
 </msg>
<msg time="2024-07-20T05:14:46.390257" level="INFO">GET Response : url=https://randomuser.me/api 
 status=200, reason=OK 
 headers={'Date': 'Sat, 20 Jul 2024 05:14:46 GMT', 'Content-Type': 'application/json; charset=utf-8', 'Transfer-Encoding': 'chunked', 'Connection': 'keep-alive', 'X-Powered-By': 'Express', 'Access-Control-Allow-Origin': '*', 'Cache-Control': 'no-cache', 'ETag': 'W/"49e-xiOKaIdlqXDCEjhRnFLp9Cfq890"', 'Vary': 'Accept-Encoding', 'Content-Encoding': 'gzip', 'CF-Cache-Status': 'DYNAMIC', 'Report-To': '{"endpoints":[{"url":"https:\\/\\/a.nel.cloudflare.com\\/report\\/v4?s=NctgbbLFP0qe1Rl%2BX6%2B%2FSAJP5Jlw25%2B2V35j3rdVnsu3DP2renriGFbnRDt1bUJeD5ds%2FvZo1%2Fp7q1as8jIIaw5JpYvGhAmVGP6MPJK3nPFB3wrAALmsAk2l%2B%2FV8xEbM"}],"group":"cf-nel","max_age":604800}', 'NEL': '{"success_fraction":0,"report_to":"cf-nel","max_age":604800}', 'Server': 'cloudflare', 'CF-RAY': '8a6078377c49eb1f-DFW', 'alt-svc': 'h3=":443"; ma=86400'} 
 body={"results":[{"gender":"female","name":{"title":"Ms","first":"Lucia","last":"Román"},"location":{"street":{"number":2385,"name":"Calle de Bravo Murillo"},"city":"Valladolid","state":"Extremadura","country":"Spain","postcode":56204,"coordinates":{"latitude":"-38.0912","longitude":"68.1572"},"timezone":{"offset":"+3:00","description":"Baghdad, Riyadh, Moscow, St. Petersburg"}},"email":"lucia.roman@example.com","login":{"uuid":"8cf936f9-849d-4723-8cfa-621a2a561649","username":"purplekoala259","password":"zorro1","salt":"rIZElmIW","md5":"9eb25643af36f33ec41e59f7907548a3","sha1":"960e0af5f30400ebac65b5bce7a7ed95516e1b52","sha256":"8ba941b434338cd93341770feb484a34d02a842141545151b0d80c96f5bafdf3"},"dob":{"date":"1948-10-31T04:21:02.649Z","age":75},"registered":{"date":"2015-11-15T15:05:55.563Z","age":8},"phone":"963-313-267","cell":"677-308-534","id":{"name":"DNI","value":"68108231-Q"},"picture":{"large":"https://randomuser.me/api/portraits/women/15.jpg","medium":"https://randomuser.me/api/portraits/med/women/15.jpg","thumbnail":"https://randomuser.me/api/portraits/thumb/women/15.jpg"},"nat":"ES"}],"info":{"seed":"fa9ba0bdc782f72f","results":1,"page":1,"version":"1.4"}} 
 </msg>
<msg time="2024-07-20T05:14:46.390377" level="INFO">/opt/hostedtoolcache/Python/3.12.4/x64/lib/python3.12/site-packages/urllib3/connectionpool.py:1099: InsecureRequestWarning: Unverified HTTPS request is being made to host 'randomuser.me'. Adding certificate verification is strongly advised. See: https://urllib3.readthedocs.io/en/latest/advanced-usage.html#tls-warnings
  warnings.warn(</msg>
<msg time="2024-07-20T05:14:46.390499" level="INFO">${response} = &lt;Response [200]&gt;</msg>
<var>${response}</var>
<arg>consultarAPI</arg>
<arg>/api</arg>
<doc>Sends a GET request on a previously created HTTP Session.</doc>
<status status="PASS" start="2024-07-20T05:14:46.298787" elapsed="0.091764"/>
</kw>
<kw name="Set Variable" owner="BuiltIn">
<msg time="2024-07-20T05:14:46.391609" level="INFO">${json_data} = {'results': [{'gender': 'female', 'name': {'title': 'Ms', 'first': 'Lucia', 'last': 'Román'}, 'location': {'street': {'number': 2385, 'name': 'Calle de Bravo Murillo'}, 'city': 'Valladolid', 'state': ...</msg>
<var>${json_data}</var>
<arg>${response.json()}</arg>
<doc>Returns the given values which can then be assigned to a variables.</doc>
<status status="PASS" start="2024-07-20T05:14:46.391047" elapsed="0.000591"/>
</kw>
<kw name="Log" owner="BuiltIn">
<msg time="2024-07-20T05:14:46.392105" level="INFO">{'results': [{'gender': 'female', 'name': {'title': 'Ms', 'first': 'Lucia', 'last': 'Román'}, 'location': {'street': {'number': 2385, 'name': 'Calle de Bravo Murillo'}, 'city': 'Valladolid', 'state': 'Extremadura', 'country': 'Spain', 'postcode': 56204, 'coordinates': {'latitude': '-38.0912', 'longitude': '68.1572'}, 'timezone': {'offset': '+3:00', 'description': 'Baghdad, Riyadh, Moscow, St. Petersburg'}}, 'email': 'lucia.roman@example.com', 'login': {'uuid': '8cf936f9-849d-4723-8cfa-621a2a561649', 'username': 'purplekoala259', 'password': 'zorro1', 'salt': 'rIZElmIW', 'md5': '9eb25643af36f33ec41e59f7907548a3', 'sha1': '960e0af5f30400ebac65b5bce7a7ed95516e1b52', 'sha256': '8ba941b434338cd93341770feb484a34d02a842141545151b0d80c96f5bafdf3'}, 'dob': {'date': '1948-10-31T04:21:02.649Z', 'age': 75}, 'registered': {'date': '2015-11-15T15:05:55.563Z', 'age': 8}, 'phone': '963-313-267', 'cell': '677-308-534', 'id': {'name': 'DNI', 'value': '68108231-Q'}, 'picture': {'large': 'https://randomuser.me/api/portraits/women/15.jpg', 'medium': 'https://randomuser.me/api/portraits/med/women/15.jpg', 'thumbnail': 'https://randomuser.me/api/portraits/thumb/women/15.jpg'}, 'nat': 'ES'}], 'info': {'seed': 'fa9ba0bdc782f72f', 'results': 1, 'page': 1, 'version': '1.4'}}</msg>
<arg>${json_data}</arg>
<doc>Logs the given message with the given level.</doc>
<status status="PASS" start="2024-07-20T05:14:46.391943" elapsed="0.000214"/>
</kw>
<kw name="Dictionary Should Contain Key" owner="Collections">
<arg>${json_data}</arg>
<arg>results</arg>
<doc>Fails if ``key`` is not found from ``dictionary``.</doc>
<status status="PASS" start="2024-07-20T05:14:46.392444" elapsed="0.000167"/>
</kw>
<kw name="Should Not Be Empty" owner="BuiltIn">
<msg time="2024-07-20T05:14:46.392913" level="INFO">Length is 2.</msg>
<arg>${json_data}</arg>
<doc>Verifies that the given item is not empty.</doc>
<status status="PASS" start="2024-07-20T05:14:46.392791" elapsed="0.000159"/>
</kw>
<kw name="Create List" owner="BuiltIn">
<msg time="2024-07-20T05:14:46.393446" level="INFO">${expected_keys} = ['gender', 'name', 'location', 'email', 'login']</msg>
<var>${expected_keys}</var>
<arg>gender</arg>
<arg>name</arg>
<arg>location</arg>
<arg>email</arg>
<arg>login</arg>
<doc>Returns a list containing given items.</doc>
<status status="PASS" start="2024-07-20T05:14:46.393290" elapsed="0.000180"/>
</kw>
<for flavor="IN">
<iter>
<kw name="Dictionary Should Contain Key" owner="Collections">
<arg>${json_data['results'][0]}</arg>
<arg>${key}</arg>
<doc>Fails if ``key`` is not found from ``dictionary``.</doc>
<status status="PASS" start="2024-07-20T05:14:46.394060" elapsed="0.000402"/>
</kw>
<kw name="Log" owner="BuiltIn">
<msg time="2024-07-20T05:14:46.394999" level="INFO">{'gender': 'female', 'name': {'title': 'Ms', 'first': 'Lucia', 'last': 'Román'}, 'location': {'street': {'number': 2385, 'name': 'Calle de Bravo Murillo'}, 'city': 'Valladolid', 'state': 'Extremadura', 'country': 'Spain', 'postcode': 56204, 'coordinates': {'latitude': '-38.0912', 'longitude': '68.1572'}, 'timezone': {'offset': '+3:00', 'description': 'Baghdad, Riyadh, Moscow, St. Petersburg'}}, 'email': 'lucia.roman@example.com', 'login': {'uuid': '8cf936f9-849d-4723-8cfa-621a2a561649', 'username': 'purplekoala259', 'password': 'zorro1', 'salt': 'rIZElmIW', 'md5': '9eb25643af36f33ec41e59f7907548a3', 'sha1': '960e0af5f30400ebac65b5bce7a7ed95516e1b52', 'sha256': '8ba941b434338cd93341770feb484a34d02a842141545151b0d80c96f5bafdf3'}, 'dob': {'date': '1948-10-31T04:21:02.649Z', 'age': 75}, 'registered': {'date': '2015-11-15T15:05:55.563Z', 'age': 8}, 'phone': '963-313-267', 'cell': '677-308-534', 'id': {'name': 'DNI', 'value': '68108231-Q'}, 'picture': {'large': 'https://randomuser.me/api/portraits/women/15.jpg', 'medium': 'https://randomuser.me/api/portraits/med/women/15.jpg', 'thumbnail': 'https://randomuser.me/api/portraits/thumb/women/15.jpg'}, 'nat': 'ES'}</msg>
<arg>${json_data['results'][0]}</arg>
<doc>Logs the given message with the given level.</doc>
<status status="PASS" start="2024-07-20T05:14:46.394646" elapsed="0.000404"/>
</kw>
<kw name="Log" owner="BuiltIn">
<msg time="2024-07-20T05:14:46.395469" level="INFO">gender</msg>
<arg>${key}</arg>
<doc>Logs the given message with the given level.</doc>
<status status="PASS" start="2024-07-20T05:14:46.395343" elapsed="0.000164"/>
</kw>
<var name="${key}">gender</var>
<status status="PASS" start="2024-07-20T05:14:46.393933" elapsed="0.001787"/>
</iter>
<iter>
<kw name="Dictionary Should Contain Key" owner="Collections">
<arg>${json_data['results'][0]}</arg>
<arg>${key}</arg>
<doc>Fails if ``key`` is not found from ``dictionary``.</doc>
<status status="PASS" start="2024-07-20T05:14:46.396018" elapsed="0.000374"/>
</kw>
<kw name="Log" owner="BuiltIn">
<msg time="2024-07-20T05:14:46.396959" level="INFO">{'gender': 'female', 'name': {'title': 'Ms', 'first': 'Lucia', 'last': 'Román'}, 'location': {'street': {'number': 2385, 'name': 'Calle de Bravo Murillo'}, 'city': 'Valladolid', 'state': 'Extremadura', 'country': 'Spain', 'postcode': 56204, 'coordinates': {'latitude': '-38.0912', 'longitude': '68.1572'}, 'timezone': {'offset': '+3:00', 'description': 'Baghdad, Riyadh, Moscow, St. Petersburg'}}, 'email': 'lucia.roman@example.com', 'login': {'uuid': '8cf936f9-849d-4723-8cfa-621a2a561649', 'username': 'purplekoala259', 'password': 'zorro1', 'salt': 'rIZElmIW', 'md5': '9eb25643af36f33ec41e59f7907548a3', 'sha1': '960e0af5f30400ebac65b5bce7a7ed95516e1b52', 'sha256': '8ba941b434338cd93341770feb484a34d02a842141545151b0d80c96f5bafdf3'}, 'dob': {'date': '1948-10-31T04:21:02.649Z', 'age': 75}, 'registered': {'date': '2015-11-15T15:05:55.563Z', 'age': 8}, 'phone': '963-313-267', 'cell': '677-308-534', 'id': {'name': 'DNI', 'value': '68108231-Q'}, 'picture': {'large': 'https://randomuser.me/api/portraits/women/15.jpg', 'medium': 'https://randomuser.me/api/portraits/med/women/15.jpg', 'thumbnail': 'https://randomuser.me/api/portraits/thumb/women/15.jpg'}, 'nat': 'ES'}</msg>
<arg>${json_data['results'][0]}</arg>
<doc>Logs the given message with the given level.</doc>
<status status="PASS" start="2024-07-20T05:14:46.396570" elapsed="0.000441"/>
</kw>
<kw name="Log" owner="BuiltIn">
<msg time="2024-07-20T05:14:46.397458" level="INFO">name</msg>
<arg>${key}</arg>
<doc>Logs the given message with the given level.</doc>
<status status="PASS" start="2024-07-20T05:14:46.397332" elapsed="0.000163"/>
</kw>
<var name="${key}">name</var>
<status status="PASS" start="2024-07-20T05:14:46.395908" elapsed="0.001799"/>
</iter>
<iter>
<kw name="Dictionary Should Contain Key" owner="Collections">
<arg>${json_data['results'][0]}</arg>
<arg>${key}</arg>
<doc>Fails if ``key`` is not found from ``dictionary``.</doc>
<status status="PASS" start="2024-07-20T05:14:46.397985" elapsed="0.000374"/>
</kw>
<kw name="Log" owner="BuiltIn">
<msg time="2024-07-20T05:14:46.398898" level="INFO">{'gender': 'female', 'name': {'title': 'Ms', 'first': 'Lucia', 'last': 'Román'}, 'location': {'street': {'number': 2385, 'name': 'Calle de Bravo Murillo'}, 'city': 'Valladolid', 'state': 'Extremadura', 'country': 'Spain', 'postcode': 56204, 'coordinates': {'latitude': '-38.0912', 'longitude': '68.1572'}, 'timezone': {'offset': '+3:00', 'description': 'Baghdad, Riyadh, Moscow, St. Petersburg'}}, 'email': 'lucia.roman@example.com', 'login': {'uuid': '8cf936f9-849d-4723-8cfa-621a2a561649', 'username': 'purplekoala259', 'password': 'zorro1', 'salt': 'rIZElmIW', 'md5': '9eb25643af36f33ec41e59f7907548a3', 'sha1': '960e0af5f30400ebac65b5bce7a7ed95516e1b52', 'sha256': '8ba941b434338cd93341770feb484a34d02a842141545151b0d80c96f5bafdf3'}, 'dob': {'date': '1948-10-31T04:21:02.649Z', 'age': 75}, 'registered': {'date': '2015-11-15T15:05:55.563Z', 'age': 8}, 'phone': '963-313-267', 'cell': '677-308-534', 'id': {'name': 'DNI', 'value': '68108231-Q'}, 'picture': {'large': 'https://randomuser.me/api/portraits/women/15.jpg', 'medium': 'https://randomuser.me/api/portraits/med/women/15.jpg', 'thumbnail': 'https://randomuser.me/api/portraits/thumb/women/15.jpg'}, 'nat': 'ES'}</msg>
<arg>${json_data['results'][0]}</arg>
<doc>Logs the given message with the given level.</doc>
<status status="PASS" start="2024-07-20T05:14:46.398547" elapsed="0.000401"/>
</kw>
<kw name="Log" owner="BuiltIn">
<msg time="2024-07-20T05:14:46.399359" level="INFO">location</msg>
<arg>${key}</arg>
<doc>Logs the given message with the given level.</doc>
<status status="PASS" start="2024-07-20T05:14:46.399236" elapsed="0.000158"/>
</kw>
<var name="${key}">location</var>
<status status="PASS" start="2024-07-20T05:14:46.397878" elapsed="0.001727"/>
</iter>
<iter>
<kw name="Dictionary Should Contain Key" owner="Collections">
<arg>${json_data['results'][0]}</arg>
<arg>${key}</arg>
<doc>Fails if ``key`` is not found from ``dictionary``.</doc>
<status status="PASS" start="2024-07-20T05:14:46.399879" elapsed="0.000384"/>
</kw>
<kw name="Log" owner="BuiltIn">
<msg time="2024-07-20T05:14:46.400912" level="INFO">{'gender': 'female', 'name': {'title': 'Ms', 'first': 'Lucia', 'last': 'Román'}, 'location': {'street': {'number': 2385, 'name': 'Calle de Bravo Murillo'}, 'city': 'Valladolid', 'state': 'Extremadura', 'country': 'Spain', 'postcode': 56204, 'coordinates': {'latitude': '-38.0912', 'longitude': '68.1572'}, 'timezone': {'offset': '+3:00', 'description': 'Baghdad, Riyadh, Moscow, St. Petersburg'}}, 'email': 'lucia.roman@example.com', 'login': {'uuid': '8cf936f9-849d-4723-8cfa-621a2a561649', 'username': 'purplekoala259', 'password': 'zorro1', 'salt': 'rIZElmIW', 'md5': '9eb25643af36f33ec41e59f7907548a3', 'sha1': '960e0af5f30400ebac65b5bce7a7ed95516e1b52', 'sha256': '8ba941b434338cd93341770feb484a34d02a842141545151b0d80c96f5bafdf3'}, 'dob': {'date': '1948-10-31T04:21:02.649Z', 'age': 75}, 'registered': {'date': '2015-11-15T15:05:55.563Z', 'age': 8}, 'phone': '963-313-267', 'cell': '677-308-534', 'id': {'name': 'DNI', 'value': '68108231-Q'}, 'picture': {'large': 'https://randomuser.me/api/portraits/women/15.jpg', 'medium': 'https://randomuser.me/api/portraits/med/women/15.jpg', 'thumbnail': 'https://randomuser.me/api/portraits/thumb/women/15.jpg'}, 'nat': 'ES'}</msg>
<arg>${json_data['results'][0]}</arg>
<doc>Logs the given message with the given level.</doc>
<status status="PASS" start="2024-07-20T05:14:46.400558" elapsed="0.000404"/>
</kw>
<kw name="Log" owner="BuiltIn">
<msg time="2024-07-20T05:14:46.401414" level="INFO">email</msg>
<arg>${key}</arg>
<doc>Logs the given message with the given level.</doc>
<status status="PASS" start="2024-07-20T05:14:46.401289" elapsed="0.000162"/>
</kw>
<var name="${key}">email</var>
<status status="PASS" start="2024-07-20T05:14:46.399773" elapsed="0.001888"/>
</iter>
<iter>
<kw name="Dictionary Should Contain Key" owner="Collections">
<arg>${json_data['results'][0]}</arg>
<arg>${key}</arg>
<doc>Fails if ``key`` is not found from ``dictionary``.</doc>
<status status="PASS" start="2024-07-20T05:14:46.401938" elapsed="0.000374"/>
</kw>
<kw name="Log" owner="BuiltIn">
<msg time="2024-07-20T05:14:46.402835" level="INFO">{'gender': 'female', 'name': {'title': 'Ms', 'first': 'Lucia', 'last': 'Román'}, 'location': {'street': {'number': 2385, 'name': 'Calle de Bravo Murillo'}, 'city': 'Valladolid', 'state': 'Extremadura', 'country': 'Spain', 'postcode': 56204, 'coordinates': {'latitude': '-38.0912', 'longitude': '68.1572'}, 'timezone': {'offset': '+3:00', 'description': 'Baghdad, Riyadh, Moscow, St. Petersburg'}}, 'email': 'lucia.roman@example.com', 'login': {'uuid': '8cf936f9-849d-4723-8cfa-621a2a561649', 'username': 'purplekoala259', 'password': 'zorro1', 'salt': 'rIZElmIW', 'md5': '9eb25643af36f33ec41e59f7907548a3', 'sha1': '960e0af5f30400ebac65b5bce7a7ed95516e1b52', 'sha256': '8ba941b434338cd93341770feb484a34d02a842141545151b0d80c96f5bafdf3'}, 'dob': {'date': '1948-10-31T04:21:02.649Z', 'age': 75}, 'registered': {'date': '2015-11-15T15:05:55.563Z', 'age': 8}, 'phone': '963-313-267', 'cell': '677-308-534', 'id': {'name': 'DNI', 'value': '68108231-Q'}, 'picture': {'large': 'https://randomuser.me/api/portraits/women/15.jpg', 'medium': 'https://randomuser.me/api/portraits/med/women/15.jpg', 'thumbnail': 'https://randomuser.me/api/portraits/thumb/women/15.jpg'}, 'nat': 'ES'}</msg>
<arg>${json_data['results'][0]}</arg>
<doc>Logs the given message with the given level.</doc>
<status status="PASS" start="2024-07-20T05:14:46.402492" elapsed="0.000391"/>
</kw>
<kw name="Log" owner="BuiltIn">
<msg time="2024-07-20T05:14:46.403295" level="INFO">login</msg>
<arg>${key}</arg>
<doc>Logs the given message with the given level.</doc>
<status status="PASS" start="2024-07-20T05:14:46.403171" elapsed="0.000159"/>
</kw>
<var name="${key}">login</var>
<status status="PASS" start="2024-07-20T05:14:46.401830" elapsed="0.001716"/>
</iter>
<var>${key}</var>
<value>@{expected_keys}</value>
<status status="PASS" start="2024-07-20T05:14:46.393749" elapsed="0.009913"/>
</for>
<kw name="Create List" owner="BuiltIn">
<msg time="2024-07-20T05:14:46.404009" level="INFO">${expected_keysTwo} = ['username', 'password']</msg>
<var>${expected_keysTwo}</var>
<arg>username</arg>
<arg>password</arg>
<doc>Returns a list containing given items.</doc>
<status status="PASS" start="2024-07-20T05:14:46.403875" elapsed="0.000157"/>
</kw>
<for flavor="IN">
<iter>
<kw name="Dictionary Should Contain Key" owner="Collections">
<arg>${json_data['results'][0]['login']}</arg>
<arg>${keyTwo}</arg>
<doc>Fails if ``key`` is not found from ``dictionary``.</doc>
<status status="PASS" start="2024-07-20T05:14:46.404517" elapsed="0.000374"/>
</kw>
<kw name="Dictionary Should Contain Key" owner="Collections">
<arg>${json_data['results'][0]['login']}</arg>
<arg>${keyTwo}</arg>
<doc>Fails if ``key`` is not found from ``dictionary``.</doc>
<status status="PASS" start="2024-07-20T05:14:46.405092" elapsed="0.000398"/>
</kw>
<kw name="Log" owner="BuiltIn">
<msg time="2024-07-20T05:14:46.405786" level="INFO">username</msg>
<arg>${keyTwo}</arg>
<doc>Logs the given message with the given level.</doc>
<status status="PASS" start="2024-07-20T05:14:46.405667" elapsed="0.000156"/>
</kw>
<var name="${keyTwo}">username</var>
<status status="PASS" start="2024-07-20T05:14:46.404410" elapsed="0.001629"/>
</iter>
<iter>
<kw name="Dictionary Should Contain Key" owner="Collections">
<arg>${json_data['results'][0]['login']}</arg>
<arg>${keyTwo}</arg>
<doc>Fails if ``key`` is not found from ``dictionary``.</doc>
<status status="PASS" start="2024-07-20T05:14:46.406317" elapsed="0.000376"/>
</kw>
<kw name="Dictionary Should Contain Key" owner="Collections">
<arg>${json_data['results'][0]['login']}</arg>
<arg>${keyTwo}</arg>
<doc>Fails if ``key`` is not found from ``dictionary``.</doc>
<status status="PASS" start="2024-07-20T05:14:46.406871" elapsed="0.000363"/>
</kw>
<kw name="Log" owner="BuiltIn">
<msg time="2024-07-20T05:14:46.407530" level="INFO">password</msg>
<arg>${keyTwo}</arg>
<doc>Logs the given message with the given level.</doc>
<status status="PASS" start="2024-07-20T05:14:46.407407" elapsed="0.000160"/>
</kw>
<var name="${keyTwo}">password</var>
<status status="PASS" start="2024-07-20T05:14:46.406207" elapsed="0.001576"/>
</iter>
<var>${keyTwo}</var>
<value>@{expected_keysTwo}</value>
<status status="PASS" start="2024-07-20T05:14:46.404263" elapsed="0.003638"/>
</for>
<status status="PASS" start="2024-07-20T05:14:46.298555" elapsed="0.109480"/>
</kw>
<doc>Testa a estrutura da resposta da API.</doc>
<tag>testeEstruturaResposta</tag>
<status status="PASS" start="2024-07-20T05:14:46.298076" elapsed="0.110103"/>
</test>
<test id="s1-s1-t4" name="Validar tipos de dados" line="28">
<kw name="Teste de Tipos de Dados" owner="random-user-service">
<kw name="GET On Session" owner="RequestsLibrary">
<msg time="2024-07-20T05:14:46.489312" level="INFO">GET Request : url=https://randomuser.me/api 
 path_url=/api 
 headers={'User-Agent': 'python-requests/2.32.3', 'Accept-Encoding': 'gzip, deflate', 'Accept': '*/*', 'Connection': 'keep-alive'} 
 body=None 
 </msg>
<msg time="2024-07-20T05:14:46.489396" level="INFO">GET Response : url=https://randomuser.me/api 
 status=200, reason=OK 
 headers={'Date': 'Sat, 20 Jul 2024 05:14:46 GMT', 'Content-Type': 'application/json; charset=utf-8', 'Transfer-Encoding': 'chunked', 'Connection': 'keep-alive', 'X-Powered-By': 'Express', 'Access-Control-Allow-Origin': '*', 'Cache-Control': 'no-cache', 'ETag': 'W/"485-svCEWytDjJTKDD0hP59fG+BVu8c"', 'Vary': 'Accept-Encoding', 'Content-Encoding': 'gzip', 'CF-Cache-Status': 'DYNAMIC', 'Report-To': '{"endpoints":[{"url":"https:\\/\\/a.nel.cloudflare.com\\/report\\/v4?s=1NgZ7AaSyT3XfEAVxtkDKNA%2BhY8AnK%2FWwn0BqYO4bcgkcQCYbFutI7MXMBWP08tB7sK0W1Aeqyf3028TeVaiE0H2%2BFUJR0HUfVBh9PIn2KtE%2B7oSCBGl%2B1eO%2BEIi1fWv"}],"group":"cf-nel","max_age":604800}', 'NEL': '{"success_fraction":0,"report_to":"cf-nel","max_age":604800}', 'Server': 'cloudflare', 'CF-RAY': '8a6078382cbeeb1f-DFW', 'alt-svc': 'h3=":443"; ma=86400'} 
 body={"results":[{"gender":"female","name":{"title":"Ms","first":"Concepción","last":"Páez"},"location":{"street":{"number":4260,"name":"Viaducto Hidalgo"},"city":"Pericos","state":"Sonora","country":"Mexico","postcode":41099,"coordinates":{"latitude":"21.6158","longitude":"136.4114"},"timezone":{"offset":"-9:00","description":"Alaska"}},"email":"concepcion.paez@example.com","login":{"uuid":"3ae16f9c-51a8-4a59-9121-126f8435c462","username":"bigbutterfly261","password":"buster","salt":"gNHPuJLe","md5":"491e370da832ed711a9286aa7dcb1c94","sha1":"3380aad8705faab6fd26e0bd94f34cc74ed6a08e","sha256":"289514add9a5fb8bccdddeb6b513e1bdf542a239fee6fac4143d677bb1088cb4"},"dob":{"date":"1966-08-18T12:35:01.140Z","age":57},"registered":{"date":"2022-03-03T11:13:12.755Z","age":2},"phone":"(622) 382 3103","cell":"(613) 844 7750","id":{"name":"NSS","value":"80 90 07 6177 4"},"picture":{"large":"https://randomuser.me/api/portraits/women/51.jpg","medium":"https://randomuser.me/api/portraits/med/women/51.jpg","thumbnail":"https://randomuser.me/api/portraits/thumb/women/51.jpg"},"nat":"MX"}],"info":{"seed":"4eb6c9210eff4ec7","results":1,"page":1,"version":"1.4"}} 
 </msg>
<msg time="2024-07-20T05:14:46.489485" level="INFO">/opt/hostedtoolcache/Python/3.12.4/x64/lib/python3.12/site-packages/urllib3/connectionpool.py:1099: InsecureRequestWarning: Unverified HTTPS request is being made to host 'randomuser.me'. Adding certificate verification is strongly advised. See: https://urllib3.readthedocs.io/en/latest/advanced-usage.html#tls-warnings
  warnings.warn(</msg>
<msg time="2024-07-20T05:14:46.489600" level="INFO">${response} = &lt;Response [200]&gt;</msg>
<var>${response}</var>
<arg>consultarAPI</arg>
<arg>/api</arg>
<doc>Sends a GET request on a previously created HTTP Session.</doc>
<status status="PASS" start="2024-07-20T05:14:46.410710" elapsed="0.078944"/>
</kw>
<kw name="Set Variable" owner="BuiltIn">
<msg time="2024-07-20T05:14:46.490742" level="INFO">${json_data} = {'results': [{'gender': 'female', 'name': {'title': 'Ms', 'first': 'Concepción', 'last': 'Páez'}, 'location': {'street': {'number': 4260, 'name': 'Viaducto Hidalgo'}, 'city': 'Pericos', 'state': 'Sono...</msg>
<var>${json_data}</var>
<arg>${response.json()}</arg>
<doc>Returns the given values which can then be assigned to a variables.</doc>
<status status="PASS" start="2024-07-20T05:14:46.490176" elapsed="0.000598"/>
</kw>
<kw name="Log" owner="BuiltIn">
<msg time="2024-07-20T05:14:46.491245" level="INFO">{'results': [{'gender': 'female', 'name': {'title': 'Ms', 'first': 'Concepción', 'last': 'Páez'}, 'location': {'street': {'number': 4260, 'name': 'Viaducto Hidalgo'}, 'city': 'Pericos', 'state': 'Sonora', 'country': 'Mexico', 'postcode': 41099, 'coordinates': {'latitude': '21.6158', 'longitude': '136.4114'}, 'timezone': {'offset': '-9:00', 'description': 'Alaska'}}, 'email': 'concepcion.paez@example.com', 'login': {'uuid': '3ae16f9c-51a8-4a59-9121-126f8435c462', 'username': 'bigbutterfly261', 'password': 'buster', 'salt': 'gNHPuJLe', 'md5': '491e370da832ed711a9286aa7dcb1c94', 'sha1': '3380aad8705faab6fd26e0bd94f34cc74ed6a08e', 'sha256': '289514add9a5fb8bccdddeb6b513e1bdf542a239fee6fac4143d677bb1088cb4'}, 'dob': {'date': '1966-08-18T12:35:01.140Z', 'age': 57}, 'registered': {'date': '2022-03-03T11:13:12.755Z', 'age': 2}, 'phone': '(622) 382 3103', 'cell': '(613) 844 7750', 'id': {'name': 'NSS', 'value': '80 90 07 6177 4'}, 'picture': {'large': 'https://randomuser.me/api/portraits/women/51.jpg', 'medium': 'https://randomuser.me/api/portraits/med/women/51.jpg', 'thumbnail': 'https://randomuser.me/api/portraits/thumb/women/51.jpg'}, 'nat': 'MX'}], 'info': {'seed': '4eb6c9210eff4ec7', 'results': 1, 'page': 1, 'version': '1.4'}}</msg>
<arg>${json_data}</arg>
<doc>Logs the given message with the given level.</doc>
<status status="PASS" start="2024-07-20T05:14:46.491092" elapsed="0.000213"/>
</kw>
<kw name="Should Be String" owner="String">
<arg>${json_data['results'][0]['gender']}</arg>
<doc>Fails if the given ``item`` is not a string.</doc>
<status status="PASS" start="2024-07-20T05:14:46.491594" elapsed="0.000358"/>
</kw>
<kw name="Should Match Regexp" owner="BuiltIn">
<arg>${json_data['results'][0]['email']}</arg>
<arg>^[a-zA-Z0-9._%+-]+@[a-zA-Z0-9.-]+\.[a-zA-Z]{2,}$</arg>
<doc>Fails if ``string`` does not match ``pattern`` as a regular expression.</doc>
<status status="PASS" start="2024-07-20T05:14:46.492172" elapsed="0.000515"/>
</kw>
<kw name="Should Match Regexp" owner="BuiltIn">
<arg>${json_data['results'][0]['dob']['date']}</arg>
<arg>\\d{4}-\\d{2}-\\d{2}T\\d{2}:\\d{2}:\\d{2}\\.\\d{3}Z</arg>
<doc>Fails if ``string`` does not match ``pattern`` as a regular expression.</doc>
<status status="PASS" start="2024-07-20T05:14:46.492880" elapsed="0.000639"/>
</kw>
<kw name="Should Match Regexp" owner="BuiltIn">
<arg>${json_data['results'][0]['registered']['date']}</arg>
<arg>\\d{4}-\\d{2}-\\d{2}T\\d{2}:\\d{2}:\\d{2}\\.\\d{3}Z</arg>
<doc>Fails if ``string`` does not match ``pattern`` as a regular expression.</doc>
<status status="PASS" start="2024-07-20T05:14:46.493711" elapsed="0.000371"/>
</kw>
<kw name="Should Match Regexp" owner="BuiltIn">
<arg>${json_data['results'][0]['picture']['large']}</arg>
<arg>^https?://.*\.(?:png|jpe?g|gif|bmp)$</arg>
<doc>Fails if ``string`` does not match ``pattern`` as a regular expression.</doc>
<status status="PASS" start="2024-07-20T05:14:46.494266" elapsed="0.000458"/>
</kw>
<kw name="Should Match Regexp" owner="BuiltIn">
<arg>${json_data['results'][0]['picture']['medium']}</arg>
<arg>^https?://.*\.(?:png|jpe?g|gif|bmp)$</arg>
<doc>Fails if ``string`` does not match ``pattern`` as a regular expression.</doc>
<status status="PASS" start="2024-07-20T05:14:46.494912" elapsed="0.000350"/>
</kw>
<kw name="Should Match Regexp" owner="BuiltIn">
<arg>${json_data['results'][0]['picture']['thumbnail']}</arg>
<arg>^https?://.*\.(?:png|jpe?g|gif|bmp)$</arg>
<doc>Fails if ``string`` does not match ``pattern`` as a regular expression.</doc>
<status status="PASS" start="2024-07-20T05:14:46.495444" elapsed="0.000342"/>
</kw>
<kw name="Log" owner="BuiltIn">
<msg time="2024-07-20T05:14:46.496283" level="INFO">{'large': 'https://randomuser.me/api/portraits/women/51.jpg', 'medium': 'https://randomuser.me/api/portraits/med/women/51.jpg', 'thumbnail': 'https://randomuser.me/api/portraits/thumb/women/51.jpg'}</msg>
<arg>${json_data['results'][0]['picture']}</arg>
<doc>Logs the given message with the given level.</doc>
<status status="PASS" start="2024-07-20T05:14:46.495965" elapsed="0.000359"/>
</kw>
<status status="PASS" start="2024-07-20T05:14:46.410492" elapsed="0.086083"/>
</kw>
<kw name="Teste de Tipos de Dados - Postcode" owner="random-user-service">
<kw name="GET On Session" owner="RequestsLibrary">
<msg time="2024-07-20T05:14:46.591222" level="INFO">GET Request : url=https://randomuser.me/api 
 path_url=/api 
 headers={'User-Agent': 'python-requests/2.32.3', 'Accept-Encoding': 'gzip, deflate', 'Accept': '*/*', 'Connection': 'keep-alive'} 
 body=None 
 </msg>
<msg time="2024-07-20T05:14:46.591293" level="INFO">GET Response : url=https://randomuser.me/api 
 status=200, reason=OK 
 headers={'Date': 'Sat, 20 Jul 2024 05:14:46 GMT', 'Content-Type': 'application/json; charset=utf-8', 'Transfer-Encoding': 'chunked', 'Connection': 'keep-alive', 'X-Powered-By': 'Express', 'Access-Control-Allow-Origin': '*', 'Cache-Control': 'no-cache', 'ETag': 'W/"488-0wWBGM1+v4E+2NzcTKMZOnzQPfI"', 'Vary': 'Accept-Encoding', 'Content-Encoding': 'gzip', 'CF-Cache-Status': 'DYNAMIC', 'Report-To': '{"endpoints":[{"url":"https:\\/\\/a.nel.cloudflare.com\\/report\\/v4?s=9IK8mhmA%2BdW54313z9dY%2F3hLruy7QlM213eraOkK%2BEctdt%2F%2F%2BsTlgqhj0gt%2FV07iWY1ZORgbvY8X4XG%2BnRxJXb9Fv5gqXigjOb9rA621HiaqXUmuSXRYTwuntVQQ%2BT57"}],"group":"cf-nel","max_age":604800}', 'NEL': '{"success_fraction":0,"report_to":"cf-nel","max_age":604800}', 'Server': 'cloudflare', 'CF-RAY': '8a607838bd21eb1f-DFW', 'alt-svc': 'h3=":443"; ma=86400'} 
 body={"results":[{"gender":"female","name":{"title":"Mrs","first":"Venla","last":"Autio"},"location":{"street":{"number":2282,"name":"Hämeentie"},"city":"Saltvik","state":"Northern Savonia","country":"Finland","postcode":10587,"coordinates":{"latitude":"-21.9770","longitude":"74.5704"},"timezone":{"offset":"+9:30","description":"Adelaide, Darwin"}},"email":"venla.autio@example.com","login":{"uuid":"f0ae34c6-0a9a-4870-94d4-71fbe19cc791","username":"crazykoala183","password":"stewart","salt":"QMPIDbuq","md5":"13523c2f577acb4c1fd38a924d982b96","sha1":"4f163c6bee7ffe03a7d23942f3739dd0695f7af6","sha256":"07d31c92beb707bea4f990860fe68a135bf05ff85513442e0cefb399a65e7943"},"dob":{"date":"1998-01-07T17:52:48.904Z","age":26},"registered":{"date":"2016-03-15T14:41:05.613Z","age":8},"phone":"02-677-461","cell":"043-921-58-37","id":{"name":"HETU","value":"NaNNA898undefined"},"picture":{"large":"https://randomuser.me/api/portraits/women/89.jpg","medium":"https://randomuser.me/api/portraits/med/women/89.jpg","thumbnail":"https://randomuser.me/api/portraits/thumb/women/89.jpg"},"nat":"FI"}],"info":{"seed":"23074f1096b1c375","results":1,"page":1,"version":"1.4"}} 
 </msg>
<msg time="2024-07-20T05:14:46.591352" level="INFO">/opt/hostedtoolcache/Python/3.12.4/x64/lib/python3.12/site-packages/urllib3/connectionpool.py:1099: InsecureRequestWarning: Unverified HTTPS request is being made to host 'randomuser.me'. Adding certificate verification is strongly advised. See: https://urllib3.readthedocs.io/en/latest/advanced-usage.html#tls-warnings
  warnings.warn(</msg>
<msg time="2024-07-20T05:14:46.591441" level="INFO">${response} = &lt;Response [200]&gt;</msg>
<var>${response}</var>
<arg>consultarAPI</arg>
<arg>/api</arg>
<doc>Sends a GET request on a previously created HTTP Session.</doc>
<status status="PASS" start="2024-07-20T05:14:46.496995" elapsed="0.094485"/>
</kw>
<kw name="Set Variable" owner="BuiltIn">
<msg time="2024-07-20T05:14:46.592343" level="INFO">${json_data} = {'results': [{'gender': 'female', 'name': {'title': 'Mrs', 'first': 'Venla', 'last': 'Autio'}, 'location': {'street': {'number': 2282, 'name': 'Hämeentie'}, 'city': 'Saltvik', 'state': 'Northern Savon...</msg>
<var>${json_data}</var>
<arg>${response.json()}</arg>
<doc>Returns the given values which can then be assigned to a variables.</doc>
<status status="PASS" start="2024-07-20T05:14:46.591885" elapsed="0.000486"/>
</kw>
<kw name="Log" owner="BuiltIn">
<msg time="2024-07-20T05:14:46.592825" level="INFO">{'results': [{'gender': 'female', 'name': {'title': 'Mrs', 'first': 'Venla', 'last': 'Autio'}, 'location': {'street': {'number': 2282, 'name': 'Hämeentie'}, 'city': 'Saltvik', 'state': 'Northern Savonia', 'country': 'Finland', 'postcode': 10587, 'coordinates': {'latitude': '-21.9770', 'longitude': '74.5704'}, 'timezone': {'offset': '+9:30', 'description': 'Adelaide, Darwin'}}, 'email': 'venla.autio@example.com', 'login': {'uuid': 'f0ae34c6-0a9a-4870-94d4-71fbe19cc791', 'username': 'crazykoala183', 'password': 'stewart', 'salt': 'QMPIDbuq', 'md5': '13523c2f577acb4c1fd38a924d982b96', 'sha1': '4f163c6bee7ffe03a7d23942f3739dd0695f7af6', 'sha256': '07d31c92beb707bea4f990860fe68a135bf05ff85513442e0cefb399a65e7943'}, 'dob': {'date': '1998-01-07T17:52:48.904Z', 'age': 26}, 'registered': {'date': '2016-03-15T14:41:05.613Z', 'age': 8}, 'phone': '02-677-461', 'cell': '043-921-58-37', 'id': {'name': 'HETU', 'value': 'NaNNA898undefined'}, 'picture': {'large': 'https://randomuser.me/api/portraits/women/89.jpg', 'medium': 'https://randomuser.me/api/portraits/med/women/89.jpg', 'thumbnail': 'https://randomuser.me/api/portraits/thumb/women/89.jpg'}, 'nat': 'FI'}], 'info': {'seed': '23074f1096b1c375', 'results': 1, 'page': 1, 'version': '1.4'}}</msg>
<arg>${json_data}</arg>
<doc>Logs the given message with the given level.</doc>
<status status="PASS" start="2024-07-20T05:14:46.592670" elapsed="0.000217"/>
</kw>
<kw name="Should Be Equal As Numbers" owner="BuiltIn">
<arg>${json_data['results'][0]['location']['postcode']}</arg>
<arg>${json_data['results'][0]['location']['postcode']}</arg>
<doc>Fails if objects are unequal after converting them to real numbers.</doc>
<status status="PASS" start="2024-07-20T05:14:46.593219" elapsed="0.000615"/>
</kw>
<kw name="Log" owner="BuiltIn">
<msg time="2024-07-20T05:14:46.594420" level="INFO">10587</msg>
<arg>${json_data['results'][0]['location']['postcode']}</arg>
<doc>Logs the given message with the given level.</doc>
<status status="PASS" start="2024-07-20T05:14:46.594054" elapsed="0.000407"/>
</kw>
<status status="PASS" start="2024-07-20T05:14:46.496780" elapsed="0.097932"/>
</kw>
<doc>Testa se os tipos de dados na resposta da API estão corretos.</doc>
<tag>testeTiposDados</tag>
<status status="PASS" start="2024-07-20T05:14:46.409948" elapsed="0.184925"/>
</test>
<test id="s1-s1-t5" name="Validar conteudo" line="35">
<kw name="Teste de Tipos de Conteudo" owner="random-user-service">
<kw name="GET On Session" owner="RequestsLibrary">
<msg time="2024-07-20T05:14:46.833532" level="INFO">GET Request : url=https://randomuser.me/api 
 path_url=/api 
 headers={'User-Agent': 'python-requests/2.32.3', 'Accept-Encoding': 'gzip, deflate', 'Accept': '*/*', 'Connection': 'keep-alive'} 
 body=None 
 </msg>
<msg time="2024-07-20T05:14:46.833618" level="INFO">GET Response : url=https://randomuser.me/api 
 status=200, reason=OK 
 headers={'Date': 'Sat, 20 Jul 2024 05:14:46 GMT', 'Content-Type': 'application/json; charset=utf-8', 'Transfer-Encoding': 'chunked', 'Connection': 'keep-alive', 'X-Powered-By': 'Express', 'Access-Control-Allow-Origin': '*', 'Cache-Control': 'no-cache', 'ETag': 'W/"4a4-YCUb/RGD2Z4MjfHpR3RKKev8Ea8"', 'Vary': 'Accept-Encoding', 'Content-Encoding': 'gzip', 'CF-Cache-Status': 'DYNAMIC', 'Report-To': '{"endpoints":[{"url":"https:\\/\\/a.nel.cloudflare.com\\/report\\/v4?s=s48m1n8XxAGx14Txz60XWojyBN%2FB%2FF27N1ue15rqmItWfEBDDuPm57KmJwOVMzLOG%2BqScKuQsXSbuN5ewKAZr13KpKHguxNZOSyC6o2sKDoiEMLN8D3VQQzjKp9%2F8trF"}],"group":"cf-nel","max_age":604800}', 'NEL': '{"success_fraction":0,"report_to":"cf-nel","max_age":604800}', 'Server': 'cloudflare', 'CF-RAY': '8a6078395d8feb1f-DFW', 'alt-svc': 'h3=":443"; ma=86400'} 
 body={"results":[{"gender":"female","name":{"title":"Mrs","first":"Carla","last":"de la Crúz"},"location":{"street":{"number":3359,"name":"Callejón Páez"},"city":"Uruetaro","state":"Yucatan","country":"Mexico","postcode":79379,"coordinates":{"latitude":"21.9490","longitude":"58.5767"},"timezone":{"offset":"+8:00","description":"Beijing, Perth, Singapore, Hong Kong"}},"email":"carla.delacruz@example.com","login":{"uuid":"249d53ef-c7a7-4e70-973d-b37cb4748f18","username":"ticklishpanda280","password":"collie","salt":"BQB6DbLD","md5":"0a0c22f1c6bcef922240162f66defa20","sha1":"82d047c89e6b22c2f5245b88633d0146f26673b5","sha256":"f0ab983cc9bcb035f5a1cc8bf77ed7a688bd35ae6e3b49513de2502ae6140c28"},"dob":{"date":"1972-06-17T19:17:40.389Z","age":52},"registered":{"date":"2017-09-19T09:42:40.708Z","age":6},"phone":"(624) 259 1535","cell":"(609) 054 9555","id":{"name":"NSS","value":"31 99 66 7732 3"},"picture":{"large":"https://randomuser.me/api/portraits/women/67.jpg","medium":"https://randomuser.me/api/portraits/med/women/67.jpg","thumbnail":"https://randomuser.me/api/portraits/thumb/women/67.jpg"},"nat":"MX"}],"info":{"seed":"63011a06d4f05143","results":1,"page":1,"version":"1.4"}} 
 </msg>
<msg time="2024-07-20T05:14:46.833680" level="INFO">/opt/hostedtoolcache/Python/3.12.4/x64/lib/python3.12/site-packages/urllib3/connectionpool.py:1099: InsecureRequestWarning: Unverified HTTPS request is being made to host 'randomuser.me'. Adding certificate verification is strongly advised. See: https://urllib3.readthedocs.io/en/latest/advanced-usage.html#tls-warnings
  warnings.warn(</msg>
<msg time="2024-07-20T05:14:46.833782" level="INFO">${response} = &lt;Response [200]&gt;</msg>
<var>${response}</var>
<arg>consultarAPI</arg>
<arg>/api</arg>
<doc>Sends a GET request on a previously created HTTP Session.</doc>
<status status="PASS" start="2024-07-20T05:14:46.597342" elapsed="0.236480"/>
</kw>
<kw name="Set Variable" owner="BuiltIn">
<msg time="2024-07-20T05:14:46.834921" level="INFO">${json_data} = {'results': [{'gender': 'female', 'name': {'title': 'Mrs', 'first': 'Carla', 'last': 'de la Crúz'}, 'location': {'street': {'number': 3359, 'name': 'Callejón Páez'}, 'city': 'Uruetaro', 'state': 'Yuca...</msg>
<var>${json_data}</var>
<arg>${response.json()}</arg>
<doc>Returns the given values which can then be assigned to a variables.</doc>
<status status="PASS" start="2024-07-20T05:14:46.834344" elapsed="0.000608"/>
</kw>
<kw name="Set Variable" owner="BuiltIn">
<msg time="2024-07-20T05:14:46.835640" level="INFO">${name_title} = Mrs</msg>
<var>${name_title}</var>
<arg>${json_data["results"][0]["name"]["title"]}</arg>
<doc>Returns the given values which can then be assigned to a variables.</doc>
<status status="PASS" start="2024-07-20T05:14:46.835259" elapsed="0.000406"/>
</kw>
<kw name="Create List" owner="BuiltIn">
<msg time="2024-07-20T05:14:46.836102" level="INFO">${allowed_titles} = ['Mr', 'Ms', 'Miss', 'Mrs', 'Madame', 'Monsieur']</msg>
<var>${allowed_titles}</var>
<arg>Mr</arg>
<arg>Ms</arg>
<arg>Miss</arg>
<arg>Mrs</arg>
<arg>Madame</arg>
<arg>Monsieur</arg>
<doc>Returns a list containing given items.</doc>
<status status="PASS" start="2024-07-20T05:14:46.835956" elapsed="0.000170"/>
</kw>
<kw name="List Should Contain Value" owner="Collections">
<arg>${allowed_titles}</arg>
<arg>${name_title}</arg>
<doc>Fails if the ``value`` is not found from ``list``.</doc>
<status status="PASS" start="2024-07-20T05:14:46.836416" elapsed="0.000197"/>
</kw>
<kw name="Set Variable" owner="BuiltIn">
<msg time="2024-07-20T05:14:46.837220" level="INFO">${name_country} = MX</msg>
<var>${name_country}</var>
<arg>${json_data["results"][0]["nat"]}</arg>
<doc>Returns the given values which can then be assigned to a variables.</doc>
<status status="PASS" start="2024-07-20T05:14:46.836800" elapsed="0.000446"/>
</kw>
<kw name="Create List" owner="BuiltIn">
<msg time="2024-07-20T05:14:46.838178" level="INFO">${list_country} = ['AD', 'AE', 'AF', 'AG', 'AI', 'AL', 'AM', 'AO', 'AQ', 'AR', 'AS', 'AT', 'AU', 'AW', 'AX', 'AZ', 'BA', 'BB', 'BD', 'BE', 'BF', 'BG', 'BH', 'BI', 'BJ', 'BL', 'BM', 'BN', 'BO', 'BQ', 'BR', 'BS', 'BT', '...</msg>
<var>${list_country}</var>
<arg>AD</arg>
<arg>AE</arg>
<arg>AF</arg>
<arg>AG</arg>
<arg>AI</arg>
<arg>AL</arg>
<arg>AM</arg>
<arg>AO</arg>
<arg>AQ</arg>
<arg>AR</arg>
<arg>AS</arg>
<arg>AT</arg>
<arg>AU</arg>
<arg>AW</arg>
<arg>AX</arg>
<arg>AZ</arg>
<arg>BA</arg>
<arg>BB</arg>
<arg>BD</arg>
<arg>BE</arg>
<arg>BF</arg>
<arg>BG</arg>
<arg>BH</arg>
<arg>BI</arg>
<arg>BJ</arg>
<arg>BL</arg>
<arg>BM</arg>
<arg>BN</arg>
<arg>BO</arg>
<arg>BQ</arg>
<arg>BR</arg>
<arg>BS</arg>
<arg>BT</arg>
<arg>BV</arg>
<arg>BW</arg>
<arg>BY</arg>
<arg>BZ</arg>
<arg>CA</arg>
<arg>CC</arg>
<arg>CD</arg>
<arg>CF</arg>
<arg>CG</arg>
<arg>CH</arg>
<arg>CI</arg>
<arg>CK</arg>
<arg>CL</arg>
<arg>CM</arg>
<arg>CN</arg>
<arg>CO</arg>
<arg>CR</arg>
<arg>CU</arg>
<arg>CV</arg>
<arg>CW</arg>
<arg>CX</arg>
<arg>CY</arg>
<arg>CZ</arg>
<arg>DE</arg>
<arg>DJ</arg>
<arg>DK</arg>
<arg>DM</arg>
<arg>DO</arg>
<arg>DZ</arg>
<arg>EC</arg>
<arg>EE</arg>
<arg>EG</arg>
<arg>EH</arg>
<arg>ER</arg>
<arg>ES</arg>
<arg>ET</arg>
<arg>FI</arg>
<arg>FJ</arg>
<arg>FK</arg>
<arg>FM</arg>
<arg>FO</arg>
<arg>FR</arg>
<arg>GA</arg>
<arg>GB</arg>
<arg>GD</arg>
<arg>GE</arg>
<arg>GF</arg>
<arg>GG</arg>
<arg>GH</arg>
<arg>GI</arg>
<arg>GL</arg>
<arg>GM</arg>
<arg>GN</arg>
<arg>GP</arg>
<arg>GQ</arg>
<arg>GR</arg>
<arg>GS</arg>
<arg>GT</arg>
<arg>GU</arg>
<arg>GW</arg>
<arg>GY</arg>
<arg>HK</arg>
<arg>HM</arg>
<arg>HN</arg>
<arg>HR</arg>
<arg>HT</arg>
<arg>HU</arg>
<arg>ID</arg>
<arg>IE</arg>
<arg>IL</arg>
<arg>IM</arg>
<arg>IN</arg>
<arg>IO</arg>
<arg>IQ</arg>
<arg>IR</arg>
<arg>IS</arg>
<arg>IT</arg>
<arg>JE</arg>
<arg>JM</arg>
<arg>JO</arg>
<arg>JP</arg>
<arg>KE</arg>
<arg>KG</arg>
<arg>KH</arg>
<arg>KI</arg>
<arg>KM</arg>
<arg>KN</arg>
<arg>KP</arg>
<arg>KR</arg>
<arg>KW</arg>
<arg>KY</arg>
<arg>KZ</arg>
<arg>LA</arg>
<arg>LB</arg>
<arg>LC</arg>
<arg>LI</arg>
<arg>LK</arg>
<arg>LR</arg>
<arg>LS</arg>
<arg>LT</arg>
<arg>LU</arg>
<arg>LV</arg>
<arg>LY</arg>
<arg>MA</arg>
<arg>MC</arg>
<arg>MD</arg>
<arg>ME</arg>
<arg>MF</arg>
<arg>MG</arg>
<arg>MH</arg>
<arg>MK</arg>
<arg>ML</arg>
<arg>MM</arg>
<arg>MN</arg>
<arg>MO</arg>
<arg>MP</arg>
<arg>MQ</arg>
<arg>MR</arg>
<arg>MS</arg>
<arg>MT</arg>
<arg>MU</arg>
<arg>MV</arg>
<arg>MW</arg>
<arg>MX</arg>
<arg>MY</arg>
<arg>MZ</arg>
<arg>NA</arg>
<arg>NC</arg>
<arg>NE</arg>
<arg>NF</arg>
<arg>NG</arg>
<arg>NI</arg>
<arg>NL</arg>
<arg>NO</arg>
<arg>NP</arg>
<arg>NR</arg>
<arg>NU</arg>
<arg>NZ</arg>
<arg>OM</arg>
<arg>PA</arg>
<arg>PE</arg>
<arg>PF</arg>
<arg>PG</arg>
<arg>PH</arg>
<arg>PK</arg>
<arg>PL</arg>
<arg>PM</arg>
<arg>PN</arg>
<arg>PR</arg>
<arg>PS</arg>
<arg>PT</arg>
<arg>PW</arg>
<arg>PY</arg>
<arg>QA</arg>
<arg>RE</arg>
<arg>RO</arg>
<arg>RS</arg>
<arg>RU</arg>
<arg>RW</arg>
<arg>SA</arg>
<arg>SB</arg>
<arg>SC</arg>
<arg>SD</arg>
<arg>SE</arg>
<arg>SG</arg>
<arg>SH</arg>
<arg>SI</arg>
<arg>SJ</arg>
<arg>SK</arg>
<arg>SL</arg>
<arg>SM</arg>
<arg>SN</arg>
<arg>SO</arg>
<arg>SR</arg>
<arg>SS</arg>
<arg>ST</arg>
<arg>SV</arg>
<arg>SX</arg>
<arg>SY</arg>
<arg>SZ</arg>
<arg>TC</arg>
<arg>TD</arg>
<arg>TF</arg>
<arg>TG</arg>
<arg>TH</arg>
<arg>TJ</arg>
<arg>TK</arg>
<arg>TL</arg>
<arg>TM</arg>
<arg>TN</arg>
<arg>TO</arg>
<arg>TR</arg>
<arg>TT</arg>
<arg>TV</arg>
<arg>TW</arg>
<arg>TZ</arg>
<arg>UA</arg>
<arg>UG</arg>
<arg>UM</arg>
<arg>US</arg>
<arg>UY</arg>
<arg>UZ</arg>
<arg>VA</arg>
<arg>VC</arg>
<arg>VE</arg>
<arg>VG</arg>
<arg>VI</arg>
<arg>VN</arg>
<arg>VU</arg>
<arg>WF</arg>
<arg>WS</arg>
<arg>XK</arg>
<arg>YE</arg>
<arg>YT</arg>
<arg>ZA</arg>
<arg>ZM</arg>
<arg>ZW</arg>
<doc>Returns a list containing given items.</doc>
<status status="PASS" start="2024-07-20T05:14:46.837550" elapsed="0.000655"/>
</kw>
<kw name="List Should Contain Value" owner="Collections">
<arg>${list_country}</arg>
<arg>${name_country}</arg>
<doc>Fails if the ``value`` is not found from ``list``.</doc>
<status status="PASS" start="2024-07-20T05:14:46.839169" elapsed="0.000208"/>
</kw>
<kw name="Run Keyword If" owner="BuiltIn">
<kw name="Should Be True" owner="BuiltIn">
<arg>${True}</arg>
<doc>Fails if the given condition is not true.</doc>
<status status="PASS" start="2024-07-20T05:14:46.840331" elapsed="0.000142"/>
</kw>
<arg>${json_data["results"][0]["location"]["coordinates"]["latitude"]} &gt;= -90 and ${json_data["results"][0]["location"]["coordinates"]["latitude"]} &lt;= 90</arg>
<arg>Should Be True</arg>
<arg>${True}</arg>
<doc>Runs the given keyword with the given arguments, if ``condition`` is true.</doc>
<status status="PASS" start="2024-07-20T05:14:46.839577" elapsed="0.001019"/>
</kw>
<kw name="Run Keyword If" owner="BuiltIn">
<kw name="Should Be True" owner="BuiltIn">
<arg>${True}</arg>
<doc>Fails if the given condition is not true.</doc>
<status status="PASS" start="2024-07-20T05:14:46.841496" elapsed="0.000139"/>
</kw>
<arg>${json_data["results"][0]["location"]["coordinates"]["longitude"]} &gt;= -180 and ${json_data["results"][0]["location"]["coordinates"]["longitude"]} &lt;= 180</arg>
<arg>Should Be True</arg>
<arg>${True}</arg>
<doc>Runs the given keyword with the given arguments, if ``condition`` is true.</doc>
<status status="PASS" start="2024-07-20T05:14:46.840776" elapsed="0.000983"/>
</kw>
<status status="PASS" start="2024-07-20T05:14:46.597124" elapsed="0.244765"/>
</kw>
<doc>Testa o conteúdo específico dos campos retornados pela API.</doc>
<tag>testeConteudo</tag>
<status status="PASS" start="2024-07-20T05:14:46.596594" elapsed="0.245441"/>
</test>
<status status="PASS" start="2024-07-20T05:14:45.632194" elapsed="1.211823"/>
</suite>
<status status="PASS" start="2024-07-20T05:14:45.617732" elapsed="1.231315"/>
</suite>
<statistics>
<total>
<stat pass="5" fail="0" skip="0">All Tests</stat>
</total>
<tag>
<stat pass="1" fail="0" skip="0">testeConteudo</stat>
<stat pass="1" fail="0" skip="0">testeEstruturaResposta</stat>
<stat pass="1" fail="0" skip="0">testeRequisicaoBasica</stat>
<stat pass="1" fail="0" skip="0">testeTiposDados</stat>
</tag>
<suite>
<stat pass="5" fail="0" skip="0" id="s1" name="Tests">Tests</stat>
<stat pass="5" fail="0" skip="0" id="s1-s1" name="Random-User-Test">Tests.Random-User-Test</stat>
</suite>
</statistics>
<errors>
</errors>
</robot>
