<?xml version="1.0" encoding="UTF-8"?>
<robot generator="Robot 7.0.1 (Python 3.12.4 on linux)" generated="2024-07-14T03:18:34.774320" rpa="false" schemaversion="5">
<suite id="s1" name="Tests" source="/home/runner/work/ApiRandomUser/ApiRandomUser/RamdonUser/tests">
<suite id="s1-s1" name="Random-User-Test" source="/home/runner/work/ApiRandomUser/ApiRandomUser/RamdonUser/tests/random-user-test.robot">
<test id="s1-s1-t1" name="Conectar" line="13">
<kw name="Conectar API" owner="random-user-service">
<kw name="Create Session" owner="RequestsLibrary">
<msg time="2024-07-14T03:18:35.177839" level="INFO">Creating Session using : alias=consultarAPI, url=https://randomuser.me/, headers={},                     cookies={}, auth=None, timeout=None, proxies=None, verify=False,                     debug=0 </msg>
<arg>consultarAPI</arg>
<arg>${URL}</arg>
<doc>Create Session: create a HTTP session to a server</doc>
<status status="PASS" start="2024-07-14T03:18:35.177633" elapsed="0.000405"/>
</kw>
<status status="PASS" start="2024-07-14T03:18:35.176626" elapsed="0.001804"/>
</kw>
<status status="PASS" start="2024-07-14T03:18:35.175973" elapsed="0.002660"/>
</test>
<test id="s1-s1-t2" name="Validar retorno 200 e JSON Válido" line="16">
<kw name="Teste de Requisicao Basica" owner="random-user-service">
<kw name="GET On Session" owner="RequestsLibrary">
<msg time="2024-07-14T03:18:35.433482" level="INFO">GET Request : url=https://randomuser.me/api 
 path_url=/api 
 headers={'User-Agent': 'python-requests/2.32.3', 'Accept-Encoding': 'gzip, deflate', 'Accept': '*/*', 'Connection': 'keep-alive'} 
 body=None 
 </msg>
<msg time="2024-07-14T03:18:35.433643" level="INFO">GET Response : url=https://randomuser.me/api 
 status=200, reason=OK 
 headers={'Date': 'Sun, 14 Jul 2024 03:18:35 GMT', 'Content-Type': 'application/json; charset=utf-8', 'Transfer-Encoding': 'chunked', 'Connection': 'keep-alive', 'X-Powered-By': 'Express', 'Access-Control-Allow-Origin': '*', 'Cache-Control': 'no-cache', 'ETag': 'W/"46b-TkF66Wsl9YaCNeTkPEMZJAJTuqY"', 'Vary': 'Accept-Encoding', 'Content-Encoding': 'gzip', 'CF-Cache-Status': 'DYNAMIC', 'Report-To': '{"endpoints":[{"url":"https:\\/\\/a.nel.cloudflare.com\\/report\\/v4?s=aG92hr%2BrPQd5efrE8fPwDlWpnwqKLGY7ye54zVJNvX6RPxV4CFnwDi%2Btgw1a9Vnx9AdsOv8VpTHOf%2Bq7ds%2F87LbGUTkffTzwB77IRewPWae8g7FiHPXswtyL%2FvfNigSs"}],"group":"cf-nel","max_age":604800}', 'NEL': '{"success_fraction":0,"report_to":"cf-nel","max_age":604800}', 'Server': 'cloudflare', 'CF-RAY': '8a2e5dc719478f48-ORD', 'alt-svc': 'h3=":443"; ma=86400'} 
 body={"results":[{"gender":"female","name":{"title":"Ms","first":"Ava","last":"White"},"location":{"street":{"number":8839,"name":"Cranford Street"},"city":"Blenheim","state":"West Coast","country":"New Zealand","postcode":52835,"coordinates":{"latitude":"53.3911","longitude":"79.4319"},"timezone":{"offset":"+4:30","description":"Kabul"}},"email":"ava.white@example.com","login":{"uuid":"2ddae20f-7b48-445f-b6fb-6589e6788e16","username":"sadkoala435","password":"wearing","salt":"TqHqu7Ez","md5":"5188832ebc90472806dbd95cf63ade4a","sha1":"294a0b937a798a575ad4f0f6826c5e72c01fb34b","sha256":"8b1200f25426356cf89db86d22ecc85a6fb0f22d880ec253211d78197841ce8e"},"dob":{"date":"1973-09-28T13:39:14.085Z","age":50},"registered":{"date":"2014-09-11T20:19:32.541Z","age":9},"phone":"(445)-590-3212","cell":"(383)-322-9540","id":{"name":"","value":null},"picture":{"large":"https://randomuser.me/api/portraits/women/85.jpg","medium":"https://randomuser.me/api/portraits/med/women/85.jpg","thumbnail":"https://randomuser.me/api/portraits/thumb/women/85.jpg"},"nat":"NZ"}],"info":{"seed":"53606bc47dde494a","results":1,"page":1,"version":"1.4"}} 
 </msg>
<msg time="2024-07-14T03:18:35.433724" level="INFO">/opt/hostedtoolcache/Python/3.12.4/x64/lib/python3.12/site-packages/urllib3/connectionpool.py:1099: InsecureRequestWarning: Unverified HTTPS request is being made to host 'randomuser.me'. Adding certificate verification is strongly advised. See: https://urllib3.readthedocs.io/en/latest/advanced-usage.html#tls-warnings
  warnings.warn(</msg>
<msg time="2024-07-14T03:18:35.433891" level="INFO">${response} = &lt;Response [200]&gt;</msg>
<var>${response}</var>
<arg>consultarAPI</arg>
<arg>/api</arg>
<doc>Sends a GET request on a previously created HTTP Session.</doc>
<status status="PASS" start="2024-07-14T03:18:35.181262" elapsed="0.252675"/>
</kw>
<kw name="Should Be Equal As Numbers" owner="BuiltIn">
<msg time="2024-07-14T03:18:35.434972" level="INFO">Argument types are:
&lt;class 'int'&gt;
&lt;class 'str'&gt;</msg>
<arg>${response.status_code}</arg>
<arg>200</arg>
<doc>Fails if objects are unequal after converting them to real numbers.</doc>
<status status="PASS" start="2024-07-14T03:18:35.434500" elapsed="0.000539"/>
</kw>
<kw name="Log" owner="BuiltIn">
<msg time="2024-07-14T03:18:35.435732" level="INFO">200</msg>
<arg>${response.status_code}</arg>
<doc>Logs the given message with the given level.</doc>
<status status="PASS" start="2024-07-14T03:18:35.435372" elapsed="0.000404"/>
</kw>
<kw name="Set Variable" owner="BuiltIn">
<msg time="2024-07-14T03:18:35.436521" level="INFO">${json_data} = {'results': [{'gender': 'female', 'name': {'title': 'Ms', 'first': 'Ava', 'last': 'White'}, 'location': {'street': {'number': 8839, 'name': 'Cranford Street'}, 'city': 'Blenheim', 'state': 'West Coast...</msg>
<var>${json_data}</var>
<arg>${response.json()}</arg>
<doc>Returns the given values which can then be assigned to a variables.</doc>
<status status="PASS" start="2024-07-14T03:18:35.436084" elapsed="0.000467"/>
</kw>
<kw name="Dictionary Should Contain Key" owner="Collections">
<arg>${json_data}</arg>
<arg>results</arg>
<doc>Fails if ``key`` is not found from ``dictionary``.</doc>
<status status="PASS" start="2024-07-14T03:18:35.436851" elapsed="0.000167"/>
</kw>
<status status="PASS" start="2024-07-14T03:18:35.181018" elapsed="0.256154"/>
</kw>
<doc>Testa se a API responde corretamente e retorna um objeto JSON válido.</doc>
<tag>testeRequisicaoBasica</tag>
<status status="PASS" start="2024-07-14T03:18:35.180495" elapsed="0.256868"/>
</test>
<test id="s1-s1-t3" name="Validar estrutura de resposta" line="22">
<kw name="Teste de Estrutura de Resposta" owner="random-user-service">
<kw name="GET On Session" owner="RequestsLibrary">
<msg time="2024-07-14T03:18:35.523303" level="INFO">GET Request : url=https://randomuser.me/api 
 path_url=/api 
 headers={'User-Agent': 'python-requests/2.32.3', 'Accept-Encoding': 'gzip, deflate', 'Accept': '*/*', 'Connection': 'keep-alive'} 
 body=None 
 </msg>
<msg time="2024-07-14T03:18:35.523415" level="INFO">GET Response : url=https://randomuser.me/api 
 status=200, reason=OK 
 headers={'Date': 'Sun, 14 Jul 2024 03:18:35 GMT', 'Content-Type': 'application/json; charset=utf-8', 'Transfer-Encoding': 'chunked', 'Connection': 'keep-alive', 'X-Powered-By': 'Express', 'Access-Control-Allow-Origin': '*', 'Cache-Control': 'no-cache', 'ETag': 'W/"483-vw1055rxfGdZsxn2ttoEbsMG8a8"', 'Vary': 'Accept-Encoding', 'Content-Encoding': 'gzip', 'CF-Cache-Status': 'DYNAMIC', 'Report-To': '{"endpoints":[{"url":"https:\\/\\/a.nel.cloudflare.com\\/report\\/v4?s=fUJN1RblhvczHWDdMoySAkTWWeAQMXJw5NIKwNLkXS3W%2BFz2uMtbUmKsVlHbhC%2FiqcO52%2FDBmz%2FlBCJhwVhjSeMKFMpv7ZA3Gh4B99DFnodtIC3BbJEdLuLMO1khQuNC"}],"group":"cf-nel","max_age":604800}', 'NEL': '{"success_fraction":0,"report_to":"cf-nel","max_age":604800}', 'Server': 'cloudflare', 'CF-RAY': '8a2e5dc789a88f48-ORD', 'alt-svc': 'h3=":443"; ma=86400'} 
 body={"results":[{"gender":"female","name":{"title":"Mrs","first":"Cherrel","last":"Markerink"},"location":{"street":{"number":9304,"name":"Gravendreef"},"city":"Zaandam","state":"Overijssel","country":"Netherlands","postcode":"0216 ZF","coordinates":{"latitude":"35.2841","longitude":"89.8792"},"timezone":{"offset":"-9:00","description":"Alaska"}},"email":"cherrel.markerink@example.com","login":{"uuid":"27a1e9fb-dd28-4557-9dcb-5f0522c2e69a","username":"sadfrog984","password":"ronaldo","salt":"2iFwwBg2","md5":"d7a45070ad28ccafbd1448199b5bcc9c","sha1":"caef2053a1b69eb20c582a8b0b71a9c65a0ac707","sha256":"7ca3ac751b84bd8fcb36e3d8cd598f8d476dc0181237bdd0716b78401aaeae47"},"dob":{"date":"1944-11-05T15:48:28.390Z","age":79},"registered":{"date":"2008-09-05T18:38:09.088Z","age":15},"phone":"(0397) 970634","cell":"(06) 01786400","id":{"name":"BSN","value":"08423984"},"picture":{"large":"https://randomuser.me/api/portraits/women/12.jpg","medium":"https://randomuser.me/api/portraits/med/women/12.jpg","thumbnail":"https://randomuser.me/api/portraits/thumb/women/12.jpg"},"nat":"NL"}],"info":{"seed":"fd2725b6b67aeee7","results":1,"page":1,"version":"1.4"}} 
 </msg>
<msg time="2024-07-14T03:18:35.523560" level="INFO">/opt/hostedtoolcache/Python/3.12.4/x64/lib/python3.12/site-packages/urllib3/connectionpool.py:1099: InsecureRequestWarning: Unverified HTTPS request is being made to host 'randomuser.me'. Adding certificate verification is strongly advised. See: https://urllib3.readthedocs.io/en/latest/advanced-usage.html#tls-warnings
  warnings.warn(</msg>
<msg time="2024-07-14T03:18:35.523732" level="INFO">${response} = &lt;Response [200]&gt;</msg>
<var>${response}</var>
<arg>consultarAPI</arg>
<arg>/api</arg>
<doc>Sends a GET request on a previously created HTTP Session.</doc>
<status status="PASS" start="2024-07-14T03:18:35.440171" elapsed="0.083607"/>
</kw>
<kw name="Set Variable" owner="BuiltIn">
<msg time="2024-07-14T03:18:35.524818" level="INFO">${json_data} = {'results': [{'gender': 'female', 'name': {'title': 'Mrs', 'first': 'Cherrel', 'last': 'Markerink'}, 'location': {'street': {'number': 9304, 'name': 'Gravendreef'}, 'city': 'Zaandam', 'state': 'Overij...</msg>
<var>${json_data}</var>
<arg>${response.json()}</arg>
<doc>Returns the given values which can then be assigned to a variables.</doc>
<status status="PASS" start="2024-07-14T03:18:35.524303" elapsed="0.000544"/>
</kw>
<kw name="Log" owner="BuiltIn">
<msg time="2024-07-14T03:18:35.525327" level="INFO">{'results': [{'gender': 'female', 'name': {'title': 'Mrs', 'first': 'Cherrel', 'last': 'Markerink'}, 'location': {'street': {'number': 9304, 'name': 'Gravendreef'}, 'city': 'Zaandam', 'state': 'Overijssel', 'country': 'Netherlands', 'postcode': '0216 ZF', 'coordinates': {'latitude': '35.2841', 'longitude': '89.8792'}, 'timezone': {'offset': '-9:00', 'description': 'Alaska'}}, 'email': 'cherrel.markerink@example.com', 'login': {'uuid': '27a1e9fb-dd28-4557-9dcb-5f0522c2e69a', 'username': 'sadfrog984', 'password': 'ronaldo', 'salt': '2iFwwBg2', 'md5': 'd7a45070ad28ccafbd1448199b5bcc9c', 'sha1': 'caef2053a1b69eb20c582a8b0b71a9c65a0ac707', 'sha256': '7ca3ac751b84bd8fcb36e3d8cd598f8d476dc0181237bdd0716b78401aaeae47'}, 'dob': {'date': '1944-11-05T15:48:28.390Z', 'age': 79}, 'registered': {'date': '2008-09-05T18:38:09.088Z', 'age': 15}, 'phone': '(0397) 970634', 'cell': '(06) 01786400', 'id': {'name': 'BSN', 'value': '08423984'}, 'picture': {'large': 'https://randomuser.me/api/portraits/women/12.jpg', 'medium': 'https://randomuser.me/api/portraits/med/women/12.jpg', 'thumbnail': 'https://randomuser.me/api/portraits/thumb/women/12.jpg'}, 'nat': 'NL'}], 'info': {'seed': 'fd2725b6b67aeee7', 'results': 1, 'page': 1, 'version': '1.4'}}</msg>
<arg>${json_data}</arg>
<doc>Logs the given message with the given level.</doc>
<status status="PASS" start="2024-07-14T03:18:35.525162" elapsed="0.000213"/>
</kw>
<kw name="Dictionary Should Contain Key" owner="Collections">
<arg>${json_data}</arg>
<arg>results</arg>
<doc>Fails if ``key`` is not found from ``dictionary``.</doc>
<status status="PASS" start="2024-07-14T03:18:35.525671" elapsed="0.000169"/>
</kw>
<kw name="Should Not Be Empty" owner="BuiltIn">
<msg time="2024-07-14T03:18:35.526166" level="INFO">Length is 2.</msg>
<arg>${json_data}</arg>
<doc>Verifies that the given item is not empty.</doc>
<status status="PASS" start="2024-07-14T03:18:35.526030" elapsed="0.000176"/>
</kw>
<kw name="Create List" owner="BuiltIn">
<msg time="2024-07-14T03:18:35.526700" level="INFO">${expected_keys} = ['gender', 'name', 'location', 'email', 'login']</msg>
<var>${expected_keys}</var>
<arg>gender</arg>
<arg>name</arg>
<arg>location</arg>
<arg>email</arg>
<arg>login</arg>
<doc>Returns a list containing given items.</doc>
<status status="PASS" start="2024-07-14T03:18:35.526543" elapsed="0.000183"/>
</kw>
<for flavor="IN">
<iter>
<kw name="Dictionary Should Contain Key" owner="Collections">
<arg>${json_data['results'][0]}</arg>
<arg>${key}</arg>
<doc>Fails if ``key`` is not found from ``dictionary``.</doc>
<status status="PASS" start="2024-07-14T03:18:35.527481" elapsed="0.000400"/>
</kw>
<kw name="Log" owner="BuiltIn">
<msg time="2024-07-14T03:18:35.528444" level="INFO">{'gender': 'female', 'name': {'title': 'Mrs', 'first': 'Cherrel', 'last': 'Markerink'}, 'location': {'street': {'number': 9304, 'name': 'Gravendreef'}, 'city': 'Zaandam', 'state': 'Overijssel', 'country': 'Netherlands', 'postcode': '0216 ZF', 'coordinates': {'latitude': '35.2841', 'longitude': '89.8792'}, 'timezone': {'offset': '-9:00', 'description': 'Alaska'}}, 'email': 'cherrel.markerink@example.com', 'login': {'uuid': '27a1e9fb-dd28-4557-9dcb-5f0522c2e69a', 'username': 'sadfrog984', 'password': 'ronaldo', 'salt': '2iFwwBg2', 'md5': 'd7a45070ad28ccafbd1448199b5bcc9c', 'sha1': 'caef2053a1b69eb20c582a8b0b71a9c65a0ac707', 'sha256': '7ca3ac751b84bd8fcb36e3d8cd598f8d476dc0181237bdd0716b78401aaeae47'}, 'dob': {'date': '1944-11-05T15:48:28.390Z', 'age': 79}, 'registered': {'date': '2008-09-05T18:38:09.088Z', 'age': 15}, 'phone': '(0397) 970634', 'cell': '(06) 01786400', 'id': {'name': 'BSN', 'value': '08423984'}, 'picture': {'large': 'https://randomuser.me/api/portraits/women/12.jpg', 'medium': 'https://randomuser.me/api/portraits/med/women/12.jpg', 'thumbnail': 'https://randomuser.me/api/portraits/thumb/women/12.jpg'}, 'nat': 'NL'}</msg>
<arg>${json_data['results'][0]}</arg>
<doc>Logs the given message with the given level.</doc>
<status status="PASS" start="2024-07-14T03:18:35.528076" elapsed="0.000421"/>
</kw>
<kw name="Log" owner="BuiltIn">
<msg time="2024-07-14T03:18:35.528979" level="INFO">gender</msg>
<arg>${key}</arg>
<doc>Logs the given message with the given level.</doc>
<status status="PASS" start="2024-07-14T03:18:35.528801" elapsed="0.000242"/>
</kw>
<var name="${key}">gender</var>
<status status="PASS" start="2024-07-14T03:18:35.527353" elapsed="0.002010"/>
</iter>
<iter>
<kw name="Dictionary Should Contain Key" owner="Collections">
<arg>${json_data['results'][0]}</arg>
<arg>${key}</arg>
<doc>Fails if ``key`` is not found from ``dictionary``.</doc>
<status status="PASS" start="2024-07-14T03:18:35.529774" elapsed="0.000400"/>
</kw>
<kw name="Log" owner="BuiltIn">
<msg time="2024-07-14T03:18:35.530756" level="INFO">{'gender': 'female', 'name': {'title': 'Mrs', 'first': 'Cherrel', 'last': 'Markerink'}, 'location': {'street': {'number': 9304, 'name': 'Gravendreef'}, 'city': 'Zaandam', 'state': 'Overijssel', 'country': 'Netherlands', 'postcode': '0216 ZF', 'coordinates': {'latitude': '35.2841', 'longitude': '89.8792'}, 'timezone': {'offset': '-9:00', 'description': 'Alaska'}}, 'email': 'cherrel.markerink@example.com', 'login': {'uuid': '27a1e9fb-dd28-4557-9dcb-5f0522c2e69a', 'username': 'sadfrog984', 'password': 'ronaldo', 'salt': '2iFwwBg2', 'md5': 'd7a45070ad28ccafbd1448199b5bcc9c', 'sha1': 'caef2053a1b69eb20c582a8b0b71a9c65a0ac707', 'sha256': '7ca3ac751b84bd8fcb36e3d8cd598f8d476dc0181237bdd0716b78401aaeae47'}, 'dob': {'date': '1944-11-05T15:48:28.390Z', 'age': 79}, 'registered': {'date': '2008-09-05T18:38:09.088Z', 'age': 15}, 'phone': '(0397) 970634', 'cell': '(06) 01786400', 'id': {'name': 'BSN', 'value': '08423984'}, 'picture': {'large': 'https://randomuser.me/api/portraits/women/12.jpg', 'medium': 'https://randomuser.me/api/portraits/med/women/12.jpg', 'thumbnail': 'https://randomuser.me/api/portraits/thumb/women/12.jpg'}, 'nat': 'NL'}</msg>
<arg>${json_data['results'][0]}</arg>
<doc>Logs the given message with the given level.</doc>
<status status="PASS" start="2024-07-14T03:18:35.530363" elapsed="0.000476"/>
</kw>
<kw name="Log" owner="BuiltIn">
<msg time="2024-07-14T03:18:35.531279" level="INFO">name</msg>
<arg>${key}</arg>
<doc>Logs the given message with the given level.</doc>
<status status="PASS" start="2024-07-14T03:18:35.531148" elapsed="0.000170"/>
</kw>
<var name="${key}">name</var>
<status status="PASS" start="2024-07-14T03:18:35.529645" elapsed="0.001899"/>
</iter>
<iter>
<kw name="Dictionary Should Contain Key" owner="Collections">
<arg>${json_data['results'][0]}</arg>
<arg>${key}</arg>
<doc>Fails if ``key`` is not found from ``dictionary``.</doc>
<status status="PASS" start="2024-07-14T03:18:35.531833" elapsed="0.000382"/>
</kw>
<kw name="Log" owner="BuiltIn">
<msg time="2024-07-14T03:18:35.532752" level="INFO">{'gender': 'female', 'name': {'title': 'Mrs', 'first': 'Cherrel', 'last': 'Markerink'}, 'location': {'street': {'number': 9304, 'name': 'Gravendreef'}, 'city': 'Zaandam', 'state': 'Overijssel', 'country': 'Netherlands', 'postcode': '0216 ZF', 'coordinates': {'latitude': '35.2841', 'longitude': '89.8792'}, 'timezone': {'offset': '-9:00', 'description': 'Alaska'}}, 'email': 'cherrel.markerink@example.com', 'login': {'uuid': '27a1e9fb-dd28-4557-9dcb-5f0522c2e69a', 'username': 'sadfrog984', 'password': 'ronaldo', 'salt': '2iFwwBg2', 'md5': 'd7a45070ad28ccafbd1448199b5bcc9c', 'sha1': 'caef2053a1b69eb20c582a8b0b71a9c65a0ac707', 'sha256': '7ca3ac751b84bd8fcb36e3d8cd598f8d476dc0181237bdd0716b78401aaeae47'}, 'dob': {'date': '1944-11-05T15:48:28.390Z', 'age': 79}, 'registered': {'date': '2008-09-05T18:38:09.088Z', 'age': 15}, 'phone': '(0397) 970634', 'cell': '(06) 01786400', 'id': {'name': 'BSN', 'value': '08423984'}, 'picture': {'large': 'https://randomuser.me/api/portraits/women/12.jpg', 'medium': 'https://randomuser.me/api/portraits/med/women/12.jpg', 'thumbnail': 'https://randomuser.me/api/portraits/thumb/women/12.jpg'}, 'nat': 'NL'}</msg>
<arg>${json_data['results'][0]}</arg>
<doc>Logs the given message with the given level.</doc>
<status status="PASS" start="2024-07-14T03:18:35.532398" elapsed="0.000403"/>
</kw>
<kw name="Log" owner="BuiltIn">
<msg time="2024-07-14T03:18:35.533231" level="INFO">location</msg>
<arg>${key}</arg>
<doc>Logs the given message with the given level.</doc>
<status status="PASS" start="2024-07-14T03:18:35.533101" elapsed="0.000169"/>
</kw>
<var name="${key}">location</var>
<status status="PASS" start="2024-07-14T03:18:35.531725" elapsed="0.001762"/>
</iter>
<iter>
<kw name="Dictionary Should Contain Key" owner="Collections">
<arg>${json_data['results'][0]}</arg>
<arg>${key}</arg>
<doc>Fails if ``key`` is not found from ``dictionary``.</doc>
<status status="PASS" start="2024-07-14T03:18:35.533767" elapsed="0.000389"/>
</kw>
<kw name="Log" owner="BuiltIn">
<msg time="2024-07-14T03:18:35.534748" level="INFO">{'gender': 'female', 'name': {'title': 'Mrs', 'first': 'Cherrel', 'last': 'Markerink'}, 'location': {'street': {'number': 9304, 'name': 'Gravendreef'}, 'city': 'Zaandam', 'state': 'Overijssel', 'country': 'Netherlands', 'postcode': '0216 ZF', 'coordinates': {'latitude': '35.2841', 'longitude': '89.8792'}, 'timezone': {'offset': '-9:00', 'description': 'Alaska'}}, 'email': 'cherrel.markerink@example.com', 'login': {'uuid': '27a1e9fb-dd28-4557-9dcb-5f0522c2e69a', 'username': 'sadfrog984', 'password': 'ronaldo', 'salt': '2iFwwBg2', 'md5': 'd7a45070ad28ccafbd1448199b5bcc9c', 'sha1': 'caef2053a1b69eb20c582a8b0b71a9c65a0ac707', 'sha256': '7ca3ac751b84bd8fcb36e3d8cd598f8d476dc0181237bdd0716b78401aaeae47'}, 'dob': {'date': '1944-11-05T15:48:28.390Z', 'age': 79}, 'registered': {'date': '2008-09-05T18:38:09.088Z', 'age': 15}, 'phone': '(0397) 970634', 'cell': '(06) 01786400', 'id': {'name': 'BSN', 'value': '08423984'}, 'picture': {'large': 'https://randomuser.me/api/portraits/women/12.jpg', 'medium': 'https://randomuser.me/api/portraits/med/women/12.jpg', 'thumbnail': 'https://randomuser.me/api/portraits/thumb/women/12.jpg'}, 'nat': 'NL'}</msg>
<arg>${json_data['results'][0]}</arg>
<doc>Logs the given message with the given level.</doc>
<status status="PASS" start="2024-07-14T03:18:35.534338" elapsed="0.000461"/>
</kw>
<kw name="Log" owner="BuiltIn">
<msg time="2024-07-14T03:18:35.535233" level="INFO">email</msg>
<arg>${key}</arg>
<doc>Logs the given message with the given level.</doc>
<status status="PASS" start="2024-07-14T03:18:35.535102" elapsed="0.000170"/>
</kw>
<var name="${key}">email</var>
<status status="PASS" start="2024-07-14T03:18:35.533661" elapsed="0.001826"/>
</iter>
<iter>
<kw name="Dictionary Should Contain Key" owner="Collections">
<arg>${json_data['results'][0]}</arg>
<arg>${key}</arg>
<doc>Fails if ``key`` is not found from ``dictionary``.</doc>
<status status="PASS" start="2024-07-14T03:18:35.535777" elapsed="0.000394"/>
</kw>
<kw name="Log" owner="BuiltIn">
<msg time="2024-07-14T03:18:35.536702" level="INFO">{'gender': 'female', 'name': {'title': 'Mrs', 'first': 'Cherrel', 'last': 'Markerink'}, 'location': {'street': {'number': 9304, 'name': 'Gravendreef'}, 'city': 'Zaandam', 'state': 'Overijssel', 'country': 'Netherlands', 'postcode': '0216 ZF', 'coordinates': {'latitude': '35.2841', 'longitude': '89.8792'}, 'timezone': {'offset': '-9:00', 'description': 'Alaska'}}, 'email': 'cherrel.markerink@example.com', 'login': {'uuid': '27a1e9fb-dd28-4557-9dcb-5f0522c2e69a', 'username': 'sadfrog984', 'password': 'ronaldo', 'salt': '2iFwwBg2', 'md5': 'd7a45070ad28ccafbd1448199b5bcc9c', 'sha1': 'caef2053a1b69eb20c582a8b0b71a9c65a0ac707', 'sha256': '7ca3ac751b84bd8fcb36e3d8cd598f8d476dc0181237bdd0716b78401aaeae47'}, 'dob': {'date': '1944-11-05T15:48:28.390Z', 'age': 79}, 'registered': {'date': '2008-09-05T18:38:09.088Z', 'age': 15}, 'phone': '(0397) 970634', 'cell': '(06) 01786400', 'id': {'name': 'BSN', 'value': '08423984'}, 'picture': {'large': 'https://randomuser.me/api/portraits/women/12.jpg', 'medium': 'https://randomuser.me/api/portraits/med/women/12.jpg', 'thumbnail': 'https://randomuser.me/api/portraits/thumb/women/12.jpg'}, 'nat': 'NL'}</msg>
<arg>${json_data['results'][0]}</arg>
<doc>Logs the given message with the given level.</doc>
<status status="PASS" start="2024-07-14T03:18:35.536353" elapsed="0.000399"/>
</kw>
<kw name="Log" owner="BuiltIn">
<msg time="2024-07-14T03:18:35.537171" level="INFO">login</msg>
<arg>${key}</arg>
<doc>Logs the given message with the given level.</doc>
<status status="PASS" start="2024-07-14T03:18:35.537043" elapsed="0.000166"/>
</kw>
<var name="${key}">login</var>
<status status="PASS" start="2024-07-14T03:18:35.535661" elapsed="0.001769"/>
</iter>
<var>${key}</var>
<value>@{expected_keys}</value>
<status status="PASS" start="2024-07-14T03:18:35.527153" elapsed="0.010399"/>
</for>
<kw name="Create List" owner="BuiltIn">
<msg time="2024-07-14T03:18:35.537877" level="INFO">${expected_keysTwo} = ['username', 'password']</msg>
<var>${expected_keysTwo}</var>
<arg>username</arg>
<arg>password</arg>
<doc>Returns a list containing given items.</doc>
<status status="PASS" start="2024-07-14T03:18:35.537741" elapsed="0.000160"/>
</kw>
<for flavor="IN">
<iter>
<kw name="Dictionary Should Contain Key" owner="Collections">
<arg>${json_data['results'][0]['login']}</arg>
<arg>${keyTwo}</arg>
<doc>Fails if ``key`` is not found from ``dictionary``.</doc>
<status status="PASS" start="2024-07-14T03:18:35.538450" elapsed="0.000390"/>
</kw>
<kw name="Dictionary Should Contain Key" owner="Collections">
<arg>${json_data['results'][0]['login']}</arg>
<arg>${keyTwo}</arg>
<doc>Fails if ``key`` is not found from ``dictionary``.</doc>
<status status="PASS" start="2024-07-14T03:18:35.539023" elapsed="0.000382"/>
</kw>
<kw name="Log" owner="BuiltIn">
<msg time="2024-07-14T03:18:35.539712" level="INFO">username</msg>
<arg>${keyTwo}</arg>
<doc>Logs the given message with the given level.</doc>
<status status="PASS" start="2024-07-14T03:18:35.539588" elapsed="0.000163"/>
</kw>
<var name="${keyTwo}">username</var>
<status status="PASS" start="2024-07-14T03:18:35.538315" elapsed="0.001662"/>
</iter>
<iter>
<kw name="Dictionary Should Contain Key" owner="Collections">
<arg>${json_data['results'][0]['login']}</arg>
<arg>${keyTwo}</arg>
<doc>Fails if ``key`` is not found from ``dictionary``.</doc>
<status status="PASS" start="2024-07-14T03:18:35.540258" elapsed="0.000383"/>
</kw>
<kw name="Dictionary Should Contain Key" owner="Collections">
<arg>${json_data['results'][0]['login']}</arg>
<arg>${keyTwo}</arg>
<doc>Fails if ``key`` is not found from ``dictionary``.</doc>
<status status="PASS" start="2024-07-14T03:18:35.540819" elapsed="0.000369"/>
</kw>
<kw name="Log" owner="BuiltIn">
<msg time="2024-07-14T03:18:35.541493" level="INFO">password</msg>
<arg>${keyTwo}</arg>
<doc>Logs the given message with the given level.</doc>
<status status="PASS" start="2024-07-14T03:18:35.541367" elapsed="0.000170"/>
</kw>
<var name="${keyTwo}">password</var>
<status status="PASS" start="2024-07-14T03:18:35.540152" elapsed="0.001609"/>
</iter>
<var>${keyTwo}</var>
<value>@{expected_keysTwo}</value>
<status status="PASS" start="2024-07-14T03:18:35.538161" elapsed="0.003720"/>
</for>
<status status="PASS" start="2024-07-14T03:18:35.439932" elapsed="0.102094"/>
</kw>
<doc>Testa a estrutura da resposta da API.</doc>
<tag>testeEstruturaResposta</tag>
<status status="PASS" start="2024-07-14T03:18:35.439305" elapsed="0.102879"/>
</test>
<test id="s1-s1-t4" name="Validar tipos de dados" line="28">
<kw name="Teste de Tipos de Dados" owner="random-user-service">
<kw name="GET On Session" owner="RequestsLibrary">
<msg time="2024-07-14T03:18:35.622490" level="INFO">GET Request : url=https://randomuser.me/api 
 path_url=/api 
 headers={'User-Agent': 'python-requests/2.32.3', 'Accept-Encoding': 'gzip, deflate', 'Accept': '*/*', 'Connection': 'keep-alive'} 
 body=None 
 </msg>
<msg time="2024-07-14T03:18:35.622600" level="INFO">GET Response : url=https://randomuser.me/api 
 status=200, reason=OK 
 headers={'Date': 'Sun, 14 Jul 2024 03:18:35 GMT', 'Content-Type': 'application/json; charset=utf-8', 'Transfer-Encoding': 'chunked', 'Connection': 'keep-alive', 'X-Powered-By': 'Express', 'Access-Control-Allow-Origin': '*', 'Cache-Control': 'no-cache', 'ETag': 'W/"480-mnaVvBMx5WZYUI9BurvozccT/qg"', 'Vary': 'Accept-Encoding', 'Content-Encoding': 'gzip', 'CF-Cache-Status': 'DYNAMIC', 'Report-To': '{"endpoints":[{"url":"https:\\/\\/a.nel.cloudflare.com\\/report\\/v4?s=XKlm%2B6nzcxDfQLh60ciqQoE4nLmBoCS10uDTZFStiH8UwN3g6ogBob03W%2FckoyvFDhSqHpqnFa7Ldq%2FZ8b%2FGWqQLoh2tNZwAZywu%2FgKFUBhvQhtrL0M3HB0BByJ2FNt3"}],"group":"cf-nel","max_age":604800}', 'NEL': '{"success_fraction":0,"report_to":"cf-nel","max_age":604800}', 'Server': 'cloudflare', 'CF-RAY': '8a2e5dc82a5a8f48-ORD', 'alt-svc': 'h3=":443"; ma=86400'} 
 body={"results":[{"gender":"female","name":{"title":"Ms","first":"Janet","last":"Bennett"},"location":{"street":{"number":2586,"name":"York Road"},"city":"Wakefield","state":"Gwynedd County","country":"United Kingdom","postcode":"MI1O 8QT","coordinates":{"latitude":"-6.5551","longitude":"108.2355"},"timezone":{"offset":"+4:30","description":"Kabul"}},"email":"janet.bennett@example.com","login":{"uuid":"70ba4fe7-76ce-42c9-8e86-125f0b8ede2e","username":"happycat252","password":"kuai","salt":"xX3iYMY5","md5":"a03656a406f56ea44c99cefe2b34062b","sha1":"acbe4629fa81623cdc6cde2ed8eb76dfb1f56244","sha256":"a5365b89b9c561464f84c04ffa631bb4ea297486cc062ad56925c2972b3a6a65"},"dob":{"date":"1963-09-29T09:10:14.171Z","age":60},"registered":{"date":"2021-11-21T06:15:02.004Z","age":2},"phone":"017687 48689","cell":"07810 958306","id":{"name":"NINO","value":"LJ 53 32 74 E"},"picture":{"large":"https://randomuser.me/api/portraits/women/4.jpg","medium":"https://randomuser.me/api/portraits/med/women/4.jpg","thumbnail":"https://randomuser.me/api/portraits/thumb/women/4.jpg"},"nat":"GB"}],"info":{"seed":"42e0c94509b28c0c","results":1,"page":1,"version":"1.4"}} 
 </msg>
<msg time="2024-07-14T03:18:35.622685" level="INFO">/opt/hostedtoolcache/Python/3.12.4/x64/lib/python3.12/site-packages/urllib3/connectionpool.py:1099: InsecureRequestWarning: Unverified HTTPS request is being made to host 'randomuser.me'. Adding certificate verification is strongly advised. See: https://urllib3.readthedocs.io/en/latest/advanced-usage.html#tls-warnings
  warnings.warn(</msg>
<msg time="2024-07-14T03:18:35.622851" level="INFO">${response} = &lt;Response [200]&gt;</msg>
<var>${response}</var>
<arg>consultarAPI</arg>
<arg>/api</arg>
<doc>Sends a GET request on a previously created HTTP Session.</doc>
<status status="PASS" start="2024-07-14T03:18:35.544865" elapsed="0.078038"/>
</kw>
<kw name="Set Variable" owner="BuiltIn">
<msg time="2024-07-14T03:18:35.623952" level="INFO">${json_data} = {'results': [{'gender': 'female', 'name': {'title': 'Ms', 'first': 'Janet', 'last': 'Bennett'}, 'location': {'street': {'number': 2586, 'name': 'York Road'}, 'city': 'Wakefield', 'state': 'Gwynedd Cou...</msg>
<var>${json_data}</var>
<arg>${response.json()}</arg>
<doc>Returns the given values which can then be assigned to a variables.</doc>
<status status="PASS" start="2024-07-14T03:18:35.623409" elapsed="0.000573"/>
</kw>
<kw name="Log" owner="BuiltIn">
<msg time="2024-07-14T03:18:35.624453" level="INFO">{'results': [{'gender': 'female', 'name': {'title': 'Ms', 'first': 'Janet', 'last': 'Bennett'}, 'location': {'street': {'number': 2586, 'name': 'York Road'}, 'city': 'Wakefield', 'state': 'Gwynedd County', 'country': 'United Kingdom', 'postcode': 'MI1O 8QT', 'coordinates': {'latitude': '-6.5551', 'longitude': '108.2355'}, 'timezone': {'offset': '+4:30', 'description': 'Kabul'}}, 'email': 'janet.bennett@example.com', 'login': {'uuid': '70ba4fe7-76ce-42c9-8e86-125f0b8ede2e', 'username': 'happycat252', 'password': 'kuai', 'salt': 'xX3iYMY5', 'md5': 'a03656a406f56ea44c99cefe2b34062b', 'sha1': 'acbe4629fa81623cdc6cde2ed8eb76dfb1f56244', 'sha256': 'a5365b89b9c561464f84c04ffa631bb4ea297486cc062ad56925c2972b3a6a65'}, 'dob': {'date': '1963-09-29T09:10:14.171Z', 'age': 60}, 'registered': {'date': '2021-11-21T06:15:02.004Z', 'age': 2}, 'phone': '017687 48689', 'cell': '07810 958306', 'id': {'name': 'NINO', 'value': 'LJ 53 32 74 E'}, 'picture': {'large': 'https://randomuser.me/api/portraits/women/4.jpg', 'medium': 'https://randomuser.me/api/portraits/med/women/4.jpg', 'thumbnail': 'https://randomuser.me/api/portraits/thumb/women/4.jpg'}, 'nat': 'GB'}], 'info': {'seed': '42e0c94509b28c0c', 'results': 1, 'page': 1, 'version': '1.4'}}</msg>
<arg>${json_data}</arg>
<doc>Logs the given message with the given level.</doc>
<status status="PASS" start="2024-07-14T03:18:35.624294" elapsed="0.000208"/>
</kw>
<kw name="Should Be String" owner="String">
<arg>${json_data['results'][0]['gender']}</arg>
<doc>Fails if the given ``item`` is not a string.</doc>
<status status="PASS" start="2024-07-14T03:18:35.624795" elapsed="0.000376"/>
</kw>
<kw name="Should Match Regexp" owner="BuiltIn">
<arg>${json_data['results'][0]['email']}</arg>
<arg>^[a-zA-Z0-9._%+-]+@[a-zA-Z0-9.-]+\.[a-zA-Z]{2,}$</arg>
<doc>Fails if ``string`` does not match ``pattern`` as a regular expression.</doc>
<status status="PASS" start="2024-07-14T03:18:35.625359" elapsed="0.000525"/>
</kw>
<kw name="Should Match Regexp" owner="BuiltIn">
<arg>${json_data['results'][0]['dob']['date']}</arg>
<arg>\\d{4}-\\d{2}-\\d{2}T\\d{2}:\\d{2}:\\d{2}\\.\\d{3}Z</arg>
<doc>Fails if ``string`` does not match ``pattern`` as a regular expression.</doc>
<status status="PASS" start="2024-07-14T03:18:35.626116" elapsed="0.000547"/>
</kw>
<kw name="Should Match Regexp" owner="BuiltIn">
<arg>${json_data['results'][0]['registered']['date']}</arg>
<arg>\\d{4}-\\d{2}-\\d{2}T\\d{2}:\\d{2}:\\d{2}\\.\\d{3}Z</arg>
<doc>Fails if ``string`` does not match ``pattern`` as a regular expression.</doc>
<status status="PASS" start="2024-07-14T03:18:35.626864" elapsed="0.000375"/>
</kw>
<kw name="Should Match Regexp" owner="BuiltIn">
<arg>${json_data['results'][0]['picture']['large']}</arg>
<arg>^https?://.*\.(?:png|jpe?g|gif|bmp)$</arg>
<doc>Fails if ``string`` does not match ``pattern`` as a regular expression.</doc>
<status status="PASS" start="2024-07-14T03:18:35.627427" elapsed="0.000468"/>
</kw>
<kw name="Should Match Regexp" owner="BuiltIn">
<arg>${json_data['results'][0]['picture']['medium']}</arg>
<arg>^https?://.*\.(?:png|jpe?g|gif|bmp)$</arg>
<doc>Fails if ``string`` does not match ``pattern`` as a regular expression.</doc>
<status status="PASS" start="2024-07-14T03:18:35.628082" elapsed="0.000354"/>
</kw>
<kw name="Should Match Regexp" owner="BuiltIn">
<arg>${json_data['results'][0]['picture']['thumbnail']}</arg>
<arg>^https?://.*\.(?:png|jpe?g|gif|bmp)$</arg>
<doc>Fails if ``string`` does not match ``pattern`` as a regular expression.</doc>
<status status="PASS" start="2024-07-14T03:18:35.628622" elapsed="0.000354"/>
</kw>
<kw name="Log" owner="BuiltIn">
<msg time="2024-07-14T03:18:35.629497" level="INFO">{'large': 'https://randomuser.me/api/portraits/women/4.jpg', 'medium': 'https://randomuser.me/api/portraits/med/women/4.jpg', 'thumbnail': 'https://randomuser.me/api/portraits/thumb/women/4.jpg'}</msg>
<arg>${json_data['results'][0]['picture']}</arg>
<doc>Logs the given message with the given level.</doc>
<status status="PASS" start="2024-07-14T03:18:35.629163" elapsed="0.000378"/>
</kw>
<status status="PASS" start="2024-07-14T03:18:35.544638" elapsed="0.085167"/>
</kw>
<kw name="Teste de Tipos de Dados - Postcode" owner="random-user-service">
<kw name="GET On Session" owner="RequestsLibrary">
<msg time="2024-07-14T03:18:35.727247" level="INFO">GET Request : url=https://randomuser.me/api 
 path_url=/api 
 headers={'User-Agent': 'python-requests/2.32.3', 'Accept-Encoding': 'gzip, deflate', 'Accept': '*/*', 'Connection': 'keep-alive'} 
 body=None 
 </msg>
<msg time="2024-07-14T03:18:35.727344" level="INFO">GET Response : url=https://randomuser.me/api 
 status=200, reason=OK 
 headers={'Date': 'Sun, 14 Jul 2024 03:18:35 GMT', 'Content-Type': 'application/json; charset=utf-8', 'Transfer-Encoding': 'chunked', 'Connection': 'keep-alive', 'X-Powered-By': 'Express', 'Access-Control-Allow-Origin': '*', 'Cache-Control': 'no-cache', 'ETag': 'W/"4a3-YM4lCqb/6eMcVjmPBzKmJGO9nno"', 'Vary': 'Accept-Encoding', 'Content-Encoding': 'gzip', 'CF-Cache-Status': 'DYNAMIC', 'Report-To': '{"endpoints":[{"url":"https:\\/\\/a.nel.cloudflare.com\\/report\\/v4?s=lXate2UbP8Pb2XuWhtAXhwaad16xUeIo%2F8Ky2OL7Cm8IZalq6hDxbacoSG2Bik42dct0ChIBzJCAn2wLwxwSZ3yfXJ9Bs48tzypj0C1AuzD%2FwZ4sEaMY%2FHxJrfFfqgfk"}],"group":"cf-nel","max_age":604800}', 'NEL': '{"success_fraction":0,"report_to":"cf-nel","max_age":604800}', 'Server': 'cloudflare', 'CF-RAY': '8a2e5dc8baf08f48-ORD', 'alt-svc': 'h3=":443"; ma=86400'} 
 body={"results":[{"gender":"male","name":{"title":"Mr","first":"Linus","last":"Dengler"},"location":{"street":{"number":7402,"name":"Römerstraße"},"city":"Kerpen","state":"Mecklenburg-Vorpommern","country":"Germany","postcode":41362,"coordinates":{"latitude":"-49.8864","longitude":"-150.6927"},"timezone":{"offset":"-5:00","description":"Eastern Time (US &amp; Canada), Bogota, Lima"}},"email":"linus.dengler@example.com","login":{"uuid":"a23bd675-8468-45a3-abbb-900ba7ae16ac","username":"sadpanda611","password":"qqqqqqq","salt":"GtyIwOny","md5":"5ad34175f6ebf0689039bccd974aeb1b","sha1":"24ce4974b4712c507eb899ae88e1032c7eee66bf","sha256":"638778287898c958131afff66db7217a44f3df68c762c17ef441cc17bbe568ad"},"dob":{"date":"1944-10-21T17:02:47.590Z","age":79},"registered":{"date":"2003-05-09T09:08:10.349Z","age":21},"phone":"0646-8146786","cell":"0172-2310705","id":{"name":"SVNR","value":"76 211044 D 058"},"picture":{"large":"https://randomuser.me/api/portraits/men/72.jpg","medium":"https://randomuser.me/api/portraits/med/men/72.jpg","thumbnail":"https://randomuser.me/api/portraits/thumb/men/72.jpg"},"nat":"DE"}],"info":{"seed":"b39a36f9b3f3b29a","results":1,"page":1,"version":"1.4"}} 
 </msg>
<msg time="2024-07-14T03:18:35.727424" level="INFO">/opt/hostedtoolcache/Python/3.12.4/x64/lib/python3.12/site-packages/urllib3/connectionpool.py:1099: InsecureRequestWarning: Unverified HTTPS request is being made to host 'randomuser.me'. Adding certificate verification is strongly advised. See: https://urllib3.readthedocs.io/en/latest/advanced-usage.html#tls-warnings
  warnings.warn(</msg>
<msg time="2024-07-14T03:18:35.727587" level="INFO">${response} = &lt;Response [200]&gt;</msg>
<var>${response}</var>
<arg>consultarAPI</arg>
<arg>/api</arg>
<doc>Sends a GET request on a previously created HTTP Session.</doc>
<status status="PASS" start="2024-07-14T03:18:35.630276" elapsed="0.097353"/>
</kw>
<kw name="Set Variable" owner="BuiltIn">
<msg time="2024-07-14T03:18:35.728699" level="INFO">${json_data} = {'results': [{'gender': 'male', 'name': {'title': 'Mr', 'first': 'Linus', 'last': 'Dengler'}, 'location': {'street': {'number': 7402, 'name': 'Römerstraße'}, 'city': 'Kerpen', 'state': 'Mecklenburg-Vo...</msg>
<var>${json_data}</var>
<arg>${response.json()}</arg>
<doc>Returns the given values which can then be assigned to a variables.</doc>
<status status="PASS" start="2024-07-14T03:18:35.728182" elapsed="0.000547"/>
</kw>
<kw name="Log" owner="BuiltIn">
<msg time="2024-07-14T03:18:35.729214" level="INFO">{'results': [{'gender': 'male', 'name': {'title': 'Mr', 'first': 'Linus', 'last': 'Dengler'}, 'location': {'street': {'number': 7402, 'name': 'Römerstraße'}, 'city': 'Kerpen', 'state': 'Mecklenburg-Vorpommern', 'country': 'Germany', 'postcode': 41362, 'coordinates': {'latitude': '-49.8864', 'longitude': '-150.6927'}, 'timezone': {'offset': '-5:00', 'description': 'Eastern Time (US &amp; Canada), Bogota, Lima'}}, 'email': 'linus.dengler@example.com', 'login': {'uuid': 'a23bd675-8468-45a3-abbb-900ba7ae16ac', 'username': 'sadpanda611', 'password': 'qqqqqqq', 'salt': 'GtyIwOny', 'md5': '5ad34175f6ebf0689039bccd974aeb1b', 'sha1': '24ce4974b4712c507eb899ae88e1032c7eee66bf', 'sha256': '638778287898c958131afff66db7217a44f3df68c762c17ef441cc17bbe568ad'}, 'dob': {'date': '1944-10-21T17:02:47.590Z', 'age': 79}, 'registered': {'date': '2003-05-09T09:08:10.349Z', 'age': 21}, 'phone': '0646-8146786', 'cell': '0172-2310705', 'id': {'name': 'SVNR', 'value': '76 211044 D 058'}, 'picture': {'large': 'https://randomuser.me/api/portraits/men/72.jpg', 'medium': 'https://randomuser.me/api/portraits/med/men/72.jpg', 'thumbnail': 'https://randomuser.me/api/portraits/thumb/men/72.jpg'}, 'nat': 'DE'}], 'info': {'seed': 'b39a36f9b3f3b29a', 'results': 1, 'page': 1, 'version': '1.4'}}</msg>
<arg>${json_data}</arg>
<doc>Logs the given message with the given level.</doc>
<status status="PASS" start="2024-07-14T03:18:35.729034" elapsed="0.000236"/>
</kw>
<kw name="Should Be Equal As Numbers" owner="BuiltIn">
<arg>${json_data['results'][0]['location']['postcode']}</arg>
<arg>${json_data['results'][0]['location']['postcode']}</arg>
<doc>Fails if objects are unequal after converting them to real numbers.</doc>
<status status="PASS" start="2024-07-14T03:18:35.729572" elapsed="0.000635"/>
</kw>
<kw name="Log" owner="BuiltIn">
<msg time="2024-07-14T03:18:35.730800" level="INFO">41362</msg>
<arg>${json_data['results'][0]['location']['postcode']}</arg>
<doc>Logs the given message with the given level.</doc>
<status status="PASS" start="2024-07-14T03:18:35.730445" elapsed="0.000398"/>
</kw>
<status status="PASS" start="2024-07-14T03:18:35.630042" elapsed="0.101092"/>
</kw>
<doc>Testa se os tipos de dados na resposta da API estão corretos.</doc>
<tag>testeTiposDados</tag>
<status status="PASS" start="2024-07-14T03:18:35.544008" elapsed="0.187306"/>
</test>
<test id="s1-s1-t5" name="Validar conteudo" line="35">
<kw name="Teste de Tipos de Conteudo" owner="random-user-service">
<kw name="GET On Session" owner="RequestsLibrary">
<msg time="2024-07-14T03:18:35.825966" level="INFO">GET Request : url=https://randomuser.me/api 
 path_url=/api 
 headers={'User-Agent': 'python-requests/2.32.3', 'Accept-Encoding': 'gzip, deflate', 'Accept': '*/*', 'Connection': 'keep-alive'} 
 body=None 
 </msg>
<msg time="2024-07-14T03:18:35.826073" level="INFO">GET Response : url=https://randomuser.me/api 
 status=200, reason=OK 
 headers={'Date': 'Sun, 14 Jul 2024 03:18:35 GMT', 'Content-Type': 'application/json; charset=utf-8', 'Transfer-Encoding': 'chunked', 'Connection': 'keep-alive', 'X-Powered-By': 'Express', 'Access-Control-Allow-Origin': '*', 'Cache-Control': 'no-cache', 'ETag': 'W/"487-IOZddVlWTxCOjwulXzrBdmDvW2o"', 'Vary': 'Accept-Encoding', 'Content-Encoding': 'gzip', 'CF-Cache-Status': 'DYNAMIC', 'Report-To': '{"endpoints":[{"url":"https:\\/\\/a.nel.cloudflare.com\\/report\\/v4?s=vNFgK%2FljpWXS7i2r1urw1qK2wFoIib04diyNbCPPzs4JF4bY7yEpM7YLggd8dMXS3WT5GsSiT%2BAr9QiKJakK3UPfOKDWtCN6rbFme8uoLOUpFACwA9jye6RIjdTzeGdG"}],"group":"cf-nel","max_age":604800}', 'NEL': '{"success_fraction":0,"report_to":"cf-nel","max_age":604800}', 'Server': 'cloudflare', 'CF-RAY': '8a2e5dc95bc58f48-ORD', 'alt-svc': 'h3=":443"; ma=86400'} 
 body={"results":[{"gender":"male","name":{"title":"Mr","first":"Axel","last":"Fontai"},"location":{"street":{"number":1109,"name":"Rue du Stade"},"city":"Metz","state":"Indre","country":"France","postcode":58269,"coordinates":{"latitude":"-13.5094","longitude":"-31.4501"},"timezone":{"offset":"+4:00","description":"Abu Dhabi, Muscat, Baku, Tbilisi"}},"email":"axel.fontai@example.com","login":{"uuid":"1491d778-1eb2-4163-92d3-12653980784c","username":"smallduck160","password":"benson","salt":"f3Rjfzpx","md5":"f1a01ae66a21ceda71363a5ee61a7688","sha1":"cbb9e2f77a6aa897b30fd6ccbd9b36d33e227f6f","sha256":"b17839bd98adb255f12725f8672b26f5a884b64c8c14660b812bac6247fdff19"},"dob":{"date":"1952-06-25T02:50:41.303Z","age":72},"registered":{"date":"2010-04-29T15:22:46.856Z","age":14},"phone":"02-65-04-53-79","cell":"06-51-11-22-98","id":{"name":"INSEE","value":"1520531683259 49"},"picture":{"large":"https://randomuser.me/api/portraits/men/33.jpg","medium":"https://randomuser.me/api/portraits/med/men/33.jpg","thumbnail":"https://randomuser.me/api/portraits/thumb/men/33.jpg"},"nat":"FR"}],"info":{"seed":"d62898a76c2ac401","results":1,"page":1,"version":"1.4"}} 
 </msg>
<msg time="2024-07-14T03:18:35.826174" level="INFO">/opt/hostedtoolcache/Python/3.12.4/x64/lib/python3.12/site-packages/urllib3/connectionpool.py:1099: InsecureRequestWarning: Unverified HTTPS request is being made to host 'randomuser.me'. Adding certificate verification is strongly advised. See: https://urllib3.readthedocs.io/en/latest/advanced-usage.html#tls-warnings
  warnings.warn(</msg>
<msg time="2024-07-14T03:18:35.826332" level="INFO">${response} = &lt;Response [200]&gt;</msg>
<var>${response}</var>
<arg>consultarAPI</arg>
<arg>/api</arg>
<doc>Sends a GET request on a previously created HTTP Session.</doc>
<status status="PASS" start="2024-07-14T03:18:35.734418" elapsed="0.091960"/>
</kw>
<kw name="Set Variable" owner="BuiltIn">
<msg time="2024-07-14T03:18:35.827399" level="INFO">${json_data} = {'results': [{'gender': 'male', 'name': {'title': 'Mr', 'first': 'Axel', 'last': 'Fontai'}, 'location': {'street': {'number': 1109, 'name': 'Rue du Stade'}, 'city': 'Metz', 'state': 'Indre', 'country'...</msg>
<var>${json_data}</var>
<arg>${response.json()}</arg>
<doc>Returns the given values which can then be assigned to a variables.</doc>
<status status="PASS" start="2024-07-14T03:18:35.826901" elapsed="0.000528"/>
</kw>
<kw name="Set Variable" owner="BuiltIn">
<msg time="2024-07-14T03:18:35.828111" level="INFO">${name_title} = Mr</msg>
<var>${name_title}</var>
<arg>${json_data["results"][0]["name"]["title"]}</arg>
<doc>Returns the given values which can then be assigned to a variables.</doc>
<status status="PASS" start="2024-07-14T03:18:35.827734" elapsed="0.000403"/>
</kw>
<kw name="Create List" owner="BuiltIn">
<msg time="2024-07-14T03:18:35.828576" level="INFO">${allowed_titles} = ['Mr', 'Ms', 'Miss', 'Mrs', 'Madame', 'Monsieur']</msg>
<var>${allowed_titles}</var>
<arg>Mr</arg>
<arg>Ms</arg>
<arg>Miss</arg>
<arg>Mrs</arg>
<arg>Madame</arg>
<arg>Monsieur</arg>
<doc>Returns a list containing given items.</doc>
<status status="PASS" start="2024-07-14T03:18:35.828428" elapsed="0.000172"/>
</kw>
<kw name="List Should Contain Value" owner="Collections">
<arg>${allowed_titles}</arg>
<arg>${name_title}</arg>
<doc>Fails if the ``value`` is not found from ``list``.</doc>
<status status="PASS" start="2024-07-14T03:18:35.828896" elapsed="0.000175"/>
</kw>
<kw name="Set Variable" owner="BuiltIn">
<msg time="2024-07-14T03:18:35.829614" level="INFO">${name_country} = FR</msg>
<var>${name_country}</var>
<arg>${json_data["results"][0]["nat"]}</arg>
<doc>Returns the given values which can then be assigned to a variables.</doc>
<status status="PASS" start="2024-07-14T03:18:35.829249" elapsed="0.000391"/>
</kw>
<kw name="Create List" owner="BuiltIn">
<msg time="2024-07-14T03:18:35.830583" level="INFO">${list_country} = ['AD', 'AE', 'AF', 'AG', 'AI', 'AL', 'AM', 'AO', 'AQ', 'AR', 'AS', 'AT', 'AU', 'AW', 'AX', 'AZ', 'BA', 'BB', 'BD', 'BE', 'BF', 'BG', 'BH', 'BI', 'BJ', 'BL', 'BM', 'BN', 'BO', 'BQ', 'BR', 'BS', 'BT', '...</msg>
<var>${list_country}</var>
<arg>AD</arg>
<arg>AE</arg>
<arg>AF</arg>
<arg>AG</arg>
<arg>AI</arg>
<arg>AL</arg>
<arg>AM</arg>
<arg>AO</arg>
<arg>AQ</arg>
<arg>AR</arg>
<arg>AS</arg>
<arg>AT</arg>
<arg>AU</arg>
<arg>AW</arg>
<arg>AX</arg>
<arg>AZ</arg>
<arg>BA</arg>
<arg>BB</arg>
<arg>BD</arg>
<arg>BE</arg>
<arg>BF</arg>
<arg>BG</arg>
<arg>BH</arg>
<arg>BI</arg>
<arg>BJ</arg>
<arg>BL</arg>
<arg>BM</arg>
<arg>BN</arg>
<arg>BO</arg>
<arg>BQ</arg>
<arg>BR</arg>
<arg>BS</arg>
<arg>BT</arg>
<arg>BV</arg>
<arg>BW</arg>
<arg>BY</arg>
<arg>BZ</arg>
<arg>CA</arg>
<arg>CC</arg>
<arg>CD</arg>
<arg>CF</arg>
<arg>CG</arg>
<arg>CH</arg>
<arg>CI</arg>
<arg>CK</arg>
<arg>CL</arg>
<arg>CM</arg>
<arg>CN</arg>
<arg>CO</arg>
<arg>CR</arg>
<arg>CU</arg>
<arg>CV</arg>
<arg>CW</arg>
<arg>CX</arg>
<arg>CY</arg>
<arg>CZ</arg>
<arg>DE</arg>
<arg>DJ</arg>
<arg>DK</arg>
<arg>DM</arg>
<arg>DO</arg>
<arg>DZ</arg>
<arg>EC</arg>
<arg>EE</arg>
<arg>EG</arg>
<arg>EH</arg>
<arg>ER</arg>
<arg>ES</arg>
<arg>ET</arg>
<arg>FI</arg>
<arg>FJ</arg>
<arg>FK</arg>
<arg>FM</arg>
<arg>FO</arg>
<arg>FR</arg>
<arg>GA</arg>
<arg>GB</arg>
<arg>GD</arg>
<arg>GE</arg>
<arg>GF</arg>
<arg>GG</arg>
<arg>GH</arg>
<arg>GI</arg>
<arg>GL</arg>
<arg>GM</arg>
<arg>GN</arg>
<arg>GP</arg>
<arg>GQ</arg>
<arg>GR</arg>
<arg>GS</arg>
<arg>GT</arg>
<arg>GU</arg>
<arg>GW</arg>
<arg>GY</arg>
<arg>HK</arg>
<arg>HM</arg>
<arg>HN</arg>
<arg>HR</arg>
<arg>HT</arg>
<arg>HU</arg>
<arg>ID</arg>
<arg>IE</arg>
<arg>IL</arg>
<arg>IM</arg>
<arg>IN</arg>
<arg>IO</arg>
<arg>IQ</arg>
<arg>IR</arg>
<arg>IS</arg>
<arg>IT</arg>
<arg>JE</arg>
<arg>JM</arg>
<arg>JO</arg>
<arg>JP</arg>
<arg>KE</arg>
<arg>KG</arg>
<arg>KH</arg>
<arg>KI</arg>
<arg>KM</arg>
<arg>KN</arg>
<arg>KP</arg>
<arg>KR</arg>
<arg>KW</arg>
<arg>KY</arg>
<arg>KZ</arg>
<arg>LA</arg>
<arg>LB</arg>
<arg>LC</arg>
<arg>LI</arg>
<arg>LK</arg>
<arg>LR</arg>
<arg>LS</arg>
<arg>LT</arg>
<arg>LU</arg>
<arg>LV</arg>
<arg>LY</arg>
<arg>MA</arg>
<arg>MC</arg>
<arg>MD</arg>
<arg>ME</arg>
<arg>MF</arg>
<arg>MG</arg>
<arg>MH</arg>
<arg>MK</arg>
<arg>ML</arg>
<arg>MM</arg>
<arg>MN</arg>
<arg>MO</arg>
<arg>MP</arg>
<arg>MQ</arg>
<arg>MR</arg>
<arg>MS</arg>
<arg>MT</arg>
<arg>MU</arg>
<arg>MV</arg>
<arg>MW</arg>
<arg>MX</arg>
<arg>MY</arg>
<arg>MZ</arg>
<arg>NA</arg>
<arg>NC</arg>
<arg>NE</arg>
<arg>NF</arg>
<arg>NG</arg>
<arg>NI</arg>
<arg>NL</arg>
<arg>NO</arg>
<arg>NP</arg>
<arg>NR</arg>
<arg>NU</arg>
<arg>NZ</arg>
<arg>OM</arg>
<arg>PA</arg>
<arg>PE</arg>
<arg>PF</arg>
<arg>PG</arg>
<arg>PH</arg>
<arg>PK</arg>
<arg>PL</arg>
<arg>PM</arg>
<arg>PN</arg>
<arg>PR</arg>
<arg>PS</arg>
<arg>PT</arg>
<arg>PW</arg>
<arg>PY</arg>
<arg>QA</arg>
<arg>RE</arg>
<arg>RO</arg>
<arg>RS</arg>
<arg>RU</arg>
<arg>RW</arg>
<arg>SA</arg>
<arg>SB</arg>
<arg>SC</arg>
<arg>SD</arg>
<arg>SE</arg>
<arg>SG</arg>
<arg>SH</arg>
<arg>SI</arg>
<arg>SJ</arg>
<arg>SK</arg>
<arg>SL</arg>
<arg>SM</arg>
<arg>SN</arg>
<arg>SO</arg>
<arg>SR</arg>
<arg>SS</arg>
<arg>ST</arg>
<arg>SV</arg>
<arg>SX</arg>
<arg>SY</arg>
<arg>SZ</arg>
<arg>TC</arg>
<arg>TD</arg>
<arg>TF</arg>
<arg>TG</arg>
<arg>TH</arg>
<arg>TJ</arg>
<arg>TK</arg>
<arg>TL</arg>
<arg>TM</arg>
<arg>TN</arg>
<arg>TO</arg>
<arg>TR</arg>
<arg>TT</arg>
<arg>TV</arg>
<arg>TW</arg>
<arg>TZ</arg>
<arg>UA</arg>
<arg>UG</arg>
<arg>UM</arg>
<arg>US</arg>
<arg>UY</arg>
<arg>UZ</arg>
<arg>VA</arg>
<arg>VC</arg>
<arg>VE</arg>
<arg>VG</arg>
<arg>VI</arg>
<arg>VN</arg>
<arg>VU</arg>
<arg>WF</arg>
<arg>WS</arg>
<arg>XK</arg>
<arg>YE</arg>
<arg>YT</arg>
<arg>ZA</arg>
<arg>ZM</arg>
<arg>ZW</arg>
<doc>Returns a list containing given items.</doc>
<status status="PASS" start="2024-07-14T03:18:35.829932" elapsed="0.000678"/>
</kw>
<kw name="List Should Contain Value" owner="Collections">
<arg>${list_country}</arg>
<arg>${name_country}</arg>
<doc>Fails if the ``value`` is not found from ``list``.</doc>
<status status="PASS" start="2024-07-14T03:18:35.831413" elapsed="0.000204"/>
</kw>
<kw name="Run Keyword If" owner="BuiltIn">
<kw name="Should Be True" owner="BuiltIn">
<arg>${True}</arg>
<doc>Fails if the given condition is not true.</doc>
<status status="PASS" start="2024-07-14T03:18:35.832544" elapsed="0.000142"/>
</kw>
<arg>${json_data["results"][0]["location"]["coordinates"]["latitude"]} &gt;= -90 and ${json_data["results"][0]["location"]["coordinates"]["latitude"]} &lt;= 90</arg>
<arg>Should Be True</arg>
<arg>${True}</arg>
<doc>Runs the given keyword with the given arguments, if ``condition`` is true.</doc>
<status status="PASS" start="2024-07-14T03:18:35.831813" elapsed="0.000998"/>
</kw>
<kw name="Run Keyword If" owner="BuiltIn">
<kw name="Should Be True" owner="BuiltIn">
<arg>${True}</arg>
<doc>Fails if the given condition is not true.</doc>
<status status="PASS" start="2024-07-14T03:18:35.833677" elapsed="0.000136"/>
</kw>
<arg>${json_data["results"][0]["location"]["coordinates"]["longitude"]} &gt;= -180 and ${json_data["results"][0]["location"]["coordinates"]["longitude"]} &lt;= 180</arg>
<arg>Should Be True</arg>
<arg>${True}</arg>
<doc>Runs the given keyword with the given arguments, if ``condition`` is true.</doc>
<status status="PASS" start="2024-07-14T03:18:35.832990" elapsed="0.000945"/>
</kw>
<status status="PASS" start="2024-07-14T03:18:35.733771" elapsed="0.100295"/>
</kw>
<doc>Testa o conteúdo específico dos campos retornados pela API.</doc>
<tag>testeConteudo</tag>
<status status="PASS" start="2024-07-14T03:18:35.733110" elapsed="0.101111"/>
</test>
<status status="PASS" start="2024-07-14T03:18:34.832463" elapsed="1.003720"/>
</suite>
<status status="PASS" start="2024-07-14T03:18:34.818135" elapsed="1.023153"/>
</suite>
<statistics>
<total>
<stat pass="5" fail="0" skip="0">All Tests</stat>
</total>
<tag>
<stat pass="1" fail="0" skip="0">testeConteudo</stat>
<stat pass="1" fail="0" skip="0">testeEstruturaResposta</stat>
<stat pass="1" fail="0" skip="0">testeRequisicaoBasica</stat>
<stat pass="1" fail="0" skip="0">testeTiposDados</stat>
</tag>
<suite>
<stat pass="5" fail="0" skip="0" id="s1" name="Tests">Tests</stat>
<stat pass="5" fail="0" skip="0" id="s1-s1" name="Random-User-Test">Tests.Random-User-Test</stat>
</suite>
</statistics>
<errors>
</errors>
</robot>
