<?xml version="1.0" encoding="UTF-8"?>
<robot generator="Robot 7.0.1 (Python 3.12.4 on linux)" generated="2024-08-10T07:13:38.085889" rpa="false" schemaversion="5">
<suite id="s1" name="Tests" source="/home/runner/work/ApiRandomUser/ApiRandomUser/RamdonUser/tests">
<suite id="s1-s1" name="Random-User-Test" source="/home/runner/work/ApiRandomUser/ApiRandomUser/RamdonUser/tests/random-user-test.robot">
<test id="s1-s1-t1" name="Conectar" line="13">
<kw name="Conectar API" owner="random-user-service">
<kw name="Create Session" owner="RequestsLibrary">
<msg time="2024-08-10T07:13:38.485641" level="INFO">Creating Session using : alias=consultarAPI, url=https://randomuser.me/, headers={},                     cookies={}, auth=None, timeout=None, proxies=None, verify=False,                     debug=0 </msg>
<arg>consultarAPI</arg>
<arg>${URL}</arg>
<doc>Create Session: create a HTTP session to a server</doc>
<status status="PASS" start="2024-08-10T07:13:38.485437" elapsed="0.000382"/>
</kw>
<status status="PASS" start="2024-08-10T07:13:38.484310" elapsed="0.001869"/>
</kw>
<status status="PASS" start="2024-08-10T07:13:38.483740" elapsed="0.002635"/>
</test>
<test id="s1-s1-t2" name="Validar retorno 200 e JSON Válido" line="16">
<kw name="Teste de Requisicao Basica" owner="random-user-service">
<kw name="GET On Session" owner="RequestsLibrary">
<msg time="2024-08-10T07:13:38.712703" level="INFO">GET Request : url=https://randomuser.me/api 
 path_url=/api 
 headers={'User-Agent': 'python-requests/2.32.3', 'Accept-Encoding': 'gzip, deflate', 'Accept': '*/*', 'Connection': 'keep-alive'} 
 body=None 
 </msg>
<msg time="2024-08-10T07:13:38.712865" level="INFO">GET Response : url=https://randomuser.me/api 
 status=200, reason=OK 
 headers={'Date': 'Sat, 10 Aug 2024 07:13:38 GMT', 'Content-Type': 'application/json; charset=utf-8', 'Transfer-Encoding': 'chunked', 'Connection': 'keep-alive', 'X-Powered-By': 'Express', 'Access-Control-Allow-Origin': '*', 'Cache-Control': 'no-cache', 'ETag': 'W/"4a3-u4cBXKztft4POmz3o/QN+nCjFdE"', 'Vary': 'Accept-Encoding', 'Content-Encoding': 'gzip', 'CF-Cache-Status': 'DYNAMIC', 'Report-To': '{"endpoints":[{"url":"https:\\/\\/a.nel.cloudflare.com\\/report\\/v4?s=Wt%2F3vrFG3U6N961D7Z3uB1qnLahNtJrNbAIHrToLahtlmURiQdC65I9sg8B3NFBAkAAZnFO1Y4AF0sEelzpzEDm8JGZRyZk%2ByWsMNtDusU117GneeRqAYHv8KDKZD%2BDq"}],"group":"cf-nel","max_age":604800}', 'NEL': '{"success_fraction":0,"report_to":"cf-nel","max_age":604800}', 'Server': 'cloudflare', 'CF-RAY': '8b0e2f38bda81136-ORD', 'alt-svc': 'h3=":443"; ma=86400'} 
 body={"results":[{"gender":"female","name":{"title":"Mademoiselle","first":"Léa","last":"Roy"},"location":{"street":{"number":4875,"name":"Rue Pasteur"},"city":"Welschenrohr","state":"Zürich","country":"Switzerland","postcode":4439,"coordinates":{"latitude":"-57.0486","longitude":"22.2746"},"timezone":{"offset":"+3:00","description":"Baghdad, Riyadh, Moscow, St. Petersburg"}},"email":"lea.roy@example.com","login":{"uuid":"8f987fff-fec5-4f4d-a38a-0c3b84672acb","username":"purplebear811","password":"kentucky","salt":"3Uw9sZNl","md5":"d5959c4a33f74217f3dbdc6716997417","sha1":"7c2f45b015b5b789a9dea8fdf3aa2860f3dd7526","sha256":"4e471acde1e2cb07f6493bb2e17f4153d50b34048d8a15876cb9f61cd97cb3f9"},"dob":{"date":"1957-03-24T16:08:03.371Z","age":67},"registered":{"date":"2016-05-11T01:43:53.061Z","age":8},"phone":"077 167 60 70","cell":"076 279 66 92","id":{"name":"AVS","value":"756.7264.9346.89"},"picture":{"large":"https://randomuser.me/api/portraits/women/52.jpg","medium":"https://randomuser.me/api/portraits/med/women/52.jpg","thumbnail":"https://randomuser.me/api/portraits/thumb/women/52.jpg"},"nat":"CH"}],"info":{"seed":"94686edb704aa66e","results":1,"page":1,"version":"1.4"}} 
 </msg>
<msg time="2024-08-10T07:13:38.712981" level="INFO">/opt/hostedtoolcache/Python/3.12.4/x64/lib/python3.12/site-packages/urllib3/connectionpool.py:1099: InsecureRequestWarning: Unverified HTTPS request is being made to host 'randomuser.me'. Adding certificate verification is strongly advised. See: https://urllib3.readthedocs.io/en/latest/advanced-usage.html#tls-warnings
  warnings.warn(</msg>
<msg time="2024-08-10T07:13:38.713159" level="INFO">${response} = &lt;Response [200]&gt;</msg>
<var>${response}</var>
<arg>consultarAPI</arg>
<arg>/api</arg>
<doc>Sends a GET request on a previously created HTTP Session.</doc>
<status status="PASS" start="2024-08-10T07:13:38.488919" elapsed="0.224283"/>
</kw>
<kw name="Should Be Equal As Numbers" owner="BuiltIn">
<msg time="2024-08-10T07:13:38.714524" level="INFO">Argument types are:
&lt;class 'int'&gt;
&lt;class 'str'&gt;</msg>
<arg>${response.status_code}</arg>
<arg>200</arg>
<doc>Fails if objects are unequal after converting them to real numbers.</doc>
<status status="PASS" start="2024-08-10T07:13:38.713892" elapsed="0.000699"/>
</kw>
<kw name="Log" owner="BuiltIn">
<msg time="2024-08-10T07:13:38.715261" level="INFO">200</msg>
<arg>${response.status_code}</arg>
<doc>Logs the given message with the given level.</doc>
<status status="PASS" start="2024-08-10T07:13:38.714911" elapsed="0.000392"/>
</kw>
<kw name="Set Variable" owner="BuiltIn">
<msg time="2024-08-10T07:13:38.716056" level="INFO">${json_data} = {'results': [{'gender': 'female', 'name': {'title': 'Mademoiselle', 'first': 'Léa', 'last': 'Roy'}, 'location': {'street': {'number': 4875, 'name': 'Rue Pasteur'}, 'city': 'Welschenrohr', 'state': 'Zü...</msg>
<var>${json_data}</var>
<arg>${response.json()}</arg>
<doc>Returns the given values which can then be assigned to a variables.</doc>
<status status="PASS" start="2024-08-10T07:13:38.715608" elapsed="0.000477"/>
</kw>
<kw name="Dictionary Should Contain Key" owner="Collections">
<arg>${json_data}</arg>
<arg>results</arg>
<doc>Fails if ``key`` is not found from ``dictionary``.</doc>
<status status="PASS" start="2024-08-10T07:13:38.716390" elapsed="0.000337"/>
</kw>
<status status="PASS" start="2024-08-10T07:13:38.488675" elapsed="0.228212"/>
</kw>
<doc>Testa se a API responde corretamente e retorna um objeto JSON válido.</doc>
<tag>testeRequisicaoBasica</tag>
<status status="PASS" start="2024-08-10T07:13:38.488219" elapsed="0.228908"/>
</test>
<test id="s1-s1-t3" name="Validar estrutura de resposta" line="22">
<kw name="Teste de Estrutura de Resposta" owner="random-user-service">
<kw name="GET On Session" owner="RequestsLibrary">
<msg time="2024-08-10T07:13:38.820111" level="INFO">GET Request : url=https://randomuser.me/api 
 path_url=/api 
 headers={'User-Agent': 'python-requests/2.32.3', 'Accept-Encoding': 'gzip, deflate', 'Accept': '*/*', 'Connection': 'keep-alive'} 
 body=None 
 </msg>
<msg time="2024-08-10T07:13:38.820220" level="INFO">GET Response : url=https://randomuser.me/api 
 status=200, reason=OK 
 headers={'Date': 'Sat, 10 Aug 2024 07:13:38 GMT', 'Content-Type': 'application/json; charset=utf-8', 'Transfer-Encoding': 'chunked', 'Connection': 'keep-alive', 'X-Powered-By': 'Express', 'Access-Control-Allow-Origin': '*', 'Cache-Control': 'no-cache', 'ETag': 'W/"469-S3jj+0/gaKl3W2X8mwXCLecYwH0"', 'Vary': 'Accept-Encoding', 'Content-Encoding': 'gzip', 'CF-Cache-Status': 'DYNAMIC', 'Report-To': '{"endpoints":[{"url":"https:\\/\\/a.nel.cloudflare.com\\/report\\/v4?s=8hDQnKVZfSZ2IaCV3bY3zpVwPcJ6BTbbLGBheP2PaxD7jjE5EY6Kp974XWhCu4MmbOJFLhmhq4qUQ6e%2Bi8sXB3euqQET8QgoiNLQoqmls8k0%2B%2Bqs0sZbBUU0kmu3P3fK"}],"group":"cf-nel","max_age":604800}', 'NEL': '{"success_fraction":0,"report_to":"cf-nel","max_age":604800}', 'Server': 'cloudflare', 'CF-RAY': '8b0e2f390dc91136-ORD', 'alt-svc': 'h3=":443"; ma=86400'} 
 body={"results":[{"gender":"male","name":{"title":"Mr","first":"Sander","last":"Andersen"},"location":{"street":{"number":2735,"name":"Rødkløvervej"},"city":"Lundby","state":"Danmark","country":"Denmark","postcode":32026,"coordinates":{"latitude":"-44.0590","longitude":"-121.7798"},"timezone":{"offset":"-10:00","description":"Hawaii"}},"email":"sander.andersen@example.com","login":{"uuid":"c014a713-cbd7-4f9c-813c-f400819a2a8b","username":"bluerabbit964","password":"alpha1","salt":"WT2E0JYs","md5":"8ece40a761e2c96384f03469ed0b1a94","sha1":"ef8a078fecd06cf4b18b4a69442098432c2d025f","sha256":"0477f71a876eba444cde952336de97b346ef4632eddf273b32013a3a4f416472"},"dob":{"date":"1959-07-21T21:52:44.162Z","age":65},"registered":{"date":"2002-10-16T02:05:18.109Z","age":21},"phone":"50561657","cell":"69841216","id":{"name":"CPR","value":"210759-6017"},"picture":{"large":"https://randomuser.me/api/portraits/men/1.jpg","medium":"https://randomuser.me/api/portraits/med/men/1.jpg","thumbnail":"https://randomuser.me/api/portraits/thumb/men/1.jpg"},"nat":"DK"}],"info":{"seed":"76b26a3e2e1e3079","results":1,"page":1,"version":"1.4"}} 
 </msg>
<msg time="2024-08-10T07:13:38.820367" level="INFO">/opt/hostedtoolcache/Python/3.12.4/x64/lib/python3.12/site-packages/urllib3/connectionpool.py:1099: InsecureRequestWarning: Unverified HTTPS request is being made to host 'randomuser.me'. Adding certificate verification is strongly advised. See: https://urllib3.readthedocs.io/en/latest/advanced-usage.html#tls-warnings
  warnings.warn(</msg>
<msg time="2024-08-10T07:13:38.820520" level="INFO">${response} = &lt;Response [200]&gt;</msg>
<var>${response}</var>
<arg>consultarAPI</arg>
<arg>/api</arg>
<doc>Sends a GET request on a previously created HTTP Session.</doc>
<status status="PASS" start="2024-08-10T07:13:38.720133" elapsed="0.100433"/>
</kw>
<kw name="Set Variable" owner="BuiltIn">
<msg time="2024-08-10T07:13:38.821647" level="INFO">${json_data} = {'results': [{'gender': 'male', 'name': {'title': 'Mr', 'first': 'Sander', 'last': 'Andersen'}, 'location': {'street': {'number': 2735, 'name': 'Rødkløvervej'}, 'city': 'Lundby', 'state': 'Danmark', '...</msg>
<var>${json_data}</var>
<arg>${response.json()}</arg>
<doc>Returns the given values which can then be assigned to a variables.</doc>
<status status="PASS" start="2024-08-10T07:13:38.821114" elapsed="0.000563"/>
</kw>
<kw name="Log" owner="BuiltIn">
<msg time="2024-08-10T07:13:38.822162" level="INFO">{'results': [{'gender': 'male', 'name': {'title': 'Mr', 'first': 'Sander', 'last': 'Andersen'}, 'location': {'street': {'number': 2735, 'name': 'Rødkløvervej'}, 'city': 'Lundby', 'state': 'Danmark', 'country': 'Denmark', 'postcode': 32026, 'coordinates': {'latitude': '-44.0590', 'longitude': '-121.7798'}, 'timezone': {'offset': '-10:00', 'description': 'Hawaii'}}, 'email': 'sander.andersen@example.com', 'login': {'uuid': 'c014a713-cbd7-4f9c-813c-f400819a2a8b', 'username': 'bluerabbit964', 'password': 'alpha1', 'salt': 'WT2E0JYs', 'md5': '8ece40a761e2c96384f03469ed0b1a94', 'sha1': 'ef8a078fecd06cf4b18b4a69442098432c2d025f', 'sha256': '0477f71a876eba444cde952336de97b346ef4632eddf273b32013a3a4f416472'}, 'dob': {'date': '1959-07-21T21:52:44.162Z', 'age': 65}, 'registered': {'date': '2002-10-16T02:05:18.109Z', 'age': 21}, 'phone': '50561657', 'cell': '69841216', 'id': {'name': 'CPR', 'value': '210759-6017'}, 'picture': {'large': 'https://randomuser.me/api/portraits/men/1.jpg', 'medium': 'https://randomuser.me/api/portraits/med/men/1.jpg', 'thumbnail': 'https://randomuser.me/api/portraits/thumb/men/1.jpg'}, 'nat': 'DK'}], 'info': {'seed': '76b26a3e2e1e3079', 'results': 1, 'page': 1, 'version': '1.4'}}</msg>
<arg>${json_data}</arg>
<doc>Logs the given message with the given level.</doc>
<status status="PASS" start="2024-08-10T07:13:38.821994" elapsed="0.000218"/>
</kw>
<kw name="Dictionary Should Contain Key" owner="Collections">
<arg>${json_data}</arg>
<arg>results</arg>
<doc>Fails if ``key`` is not found from ``dictionary``.</doc>
<status status="PASS" start="2024-08-10T07:13:38.822509" elapsed="0.000165"/>
</kw>
<kw name="Should Not Be Empty" owner="BuiltIn">
<msg time="2024-08-10T07:13:38.822989" level="INFO">Length is 2.</msg>
<arg>${json_data}</arg>
<doc>Verifies that the given item is not empty.</doc>
<status status="PASS" start="2024-08-10T07:13:38.822860" elapsed="0.000175"/>
</kw>
<kw name="Create List" owner="BuiltIn">
<msg time="2024-08-10T07:13:38.823485" level="INFO">${expected_keys} = ['gender', 'name', 'location', 'email', 'login']</msg>
<var>${expected_keys}</var>
<arg>gender</arg>
<arg>name</arg>
<arg>location</arg>
<arg>email</arg>
<arg>login</arg>
<doc>Returns a list containing given items.</doc>
<status status="PASS" start="2024-08-10T07:13:38.823333" elapsed="0.000177"/>
</kw>
<for flavor="IN">
<iter>
<kw name="Dictionary Should Contain Key" owner="Collections">
<arg>${json_data['results'][0]}</arg>
<arg>${key}</arg>
<doc>Fails if ``key`` is not found from ``dictionary``.</doc>
<status status="PASS" start="2024-08-10T07:13:38.824107" elapsed="0.000412"/>
</kw>
<kw name="Log" owner="BuiltIn">
<msg time="2024-08-10T07:13:38.825092" level="INFO">{'gender': 'male', 'name': {'title': 'Mr', 'first': 'Sander', 'last': 'Andersen'}, 'location': {'street': {'number': 2735, 'name': 'Rødkløvervej'}, 'city': 'Lundby', 'state': 'Danmark', 'country': 'Denmark', 'postcode': 32026, 'coordinates': {'latitude': '-44.0590', 'longitude': '-121.7798'}, 'timezone': {'offset': '-10:00', 'description': 'Hawaii'}}, 'email': 'sander.andersen@example.com', 'login': {'uuid': 'c014a713-cbd7-4f9c-813c-f400819a2a8b', 'username': 'bluerabbit964', 'password': 'alpha1', 'salt': 'WT2E0JYs', 'md5': '8ece40a761e2c96384f03469ed0b1a94', 'sha1': 'ef8a078fecd06cf4b18b4a69442098432c2d025f', 'sha256': '0477f71a876eba444cde952336de97b346ef4632eddf273b32013a3a4f416472'}, 'dob': {'date': '1959-07-21T21:52:44.162Z', 'age': 65}, 'registered': {'date': '2002-10-16T02:05:18.109Z', 'age': 21}, 'phone': '50561657', 'cell': '69841216', 'id': {'name': 'CPR', 'value': '210759-6017'}, 'picture': {'large': 'https://randomuser.me/api/portraits/men/1.jpg', 'medium': 'https://randomuser.me/api/portraits/med/men/1.jpg', 'thumbnail': 'https://randomuser.me/api/portraits/thumb/men/1.jpg'}, 'nat': 'DK'}</msg>
<arg>${json_data['results'][0]}</arg>
<doc>Logs the given message with the given level.</doc>
<status status="PASS" start="2024-08-10T07:13:38.824710" elapsed="0.000443"/>
</kw>
<kw name="Log" owner="BuiltIn">
<msg time="2024-08-10T07:13:38.825583" level="INFO">gender</msg>
<arg>${key}</arg>
<doc>Logs the given message with the given level.</doc>
<status status="PASS" start="2024-08-10T07:13:38.825453" elapsed="0.000170"/>
</kw>
<var name="${key}">gender</var>
<status status="PASS" start="2024-08-10T07:13:38.823979" elapsed="0.001875"/>
</iter>
<iter>
<kw name="Dictionary Should Contain Key" owner="Collections">
<arg>${json_data['results'][0]}</arg>
<arg>${key}</arg>
<doc>Fails if ``key`` is not found from ``dictionary``.</doc>
<status status="PASS" start="2024-08-10T07:13:38.826159" elapsed="0.000391"/>
</kw>
<kw name="Log" owner="BuiltIn">
<msg time="2024-08-10T07:13:38.827109" level="INFO">{'gender': 'male', 'name': {'title': 'Mr', 'first': 'Sander', 'last': 'Andersen'}, 'location': {'street': {'number': 2735, 'name': 'Rødkløvervej'}, 'city': 'Lundby', 'state': 'Danmark', 'country': 'Denmark', 'postcode': 32026, 'coordinates': {'latitude': '-44.0590', 'longitude': '-121.7798'}, 'timezone': {'offset': '-10:00', 'description': 'Hawaii'}}, 'email': 'sander.andersen@example.com', 'login': {'uuid': 'c014a713-cbd7-4f9c-813c-f400819a2a8b', 'username': 'bluerabbit964', 'password': 'alpha1', 'salt': 'WT2E0JYs', 'md5': '8ece40a761e2c96384f03469ed0b1a94', 'sha1': 'ef8a078fecd06cf4b18b4a69442098432c2d025f', 'sha256': '0477f71a876eba444cde952336de97b346ef4632eddf273b32013a3a4f416472'}, 'dob': {'date': '1959-07-21T21:52:44.162Z', 'age': 65}, 'registered': {'date': '2002-10-16T02:05:18.109Z', 'age': 21}, 'phone': '50561657', 'cell': '69841216', 'id': {'name': 'CPR', 'value': '210759-6017'}, 'picture': {'large': 'https://randomuser.me/api/portraits/men/1.jpg', 'medium': 'https://randomuser.me/api/portraits/med/men/1.jpg', 'thumbnail': 'https://randomuser.me/api/portraits/thumb/men/1.jpg'}, 'nat': 'DK'}</msg>
<arg>${json_data['results'][0]}</arg>
<doc>Logs the given message with the given level.</doc>
<status status="PASS" start="2024-08-10T07:13:38.826742" elapsed="0.000459"/>
</kw>
<kw name="Log" owner="BuiltIn">
<msg time="2024-08-10T07:13:38.827637" level="INFO">name</msg>
<arg>${key}</arg>
<doc>Logs the given message with the given level.</doc>
<status status="PASS" start="2024-08-10T07:13:38.827505" elapsed="0.000170"/>
</kw>
<var name="${key}">name</var>
<status status="PASS" start="2024-08-10T07:13:38.826043" elapsed="0.001851"/>
</iter>
<iter>
<kw name="Dictionary Should Contain Key" owner="Collections">
<arg>${json_data['results'][0]}</arg>
<arg>${key}</arg>
<doc>Fails if ``key`` is not found from ``dictionary``.</doc>
<status status="PASS" start="2024-08-10T07:13:38.828182" elapsed="0.000379"/>
</kw>
<kw name="Log" owner="BuiltIn">
<msg time="2024-08-10T07:13:38.829142" level="INFO">{'gender': 'male', 'name': {'title': 'Mr', 'first': 'Sander', 'last': 'Andersen'}, 'location': {'street': {'number': 2735, 'name': 'Rødkløvervej'}, 'city': 'Lundby', 'state': 'Danmark', 'country': 'Denmark', 'postcode': 32026, 'coordinates': {'latitude': '-44.0590', 'longitude': '-121.7798'}, 'timezone': {'offset': '-10:00', 'description': 'Hawaii'}}, 'email': 'sander.andersen@example.com', 'login': {'uuid': 'c014a713-cbd7-4f9c-813c-f400819a2a8b', 'username': 'bluerabbit964', 'password': 'alpha1', 'salt': 'WT2E0JYs', 'md5': '8ece40a761e2c96384f03469ed0b1a94', 'sha1': 'ef8a078fecd06cf4b18b4a69442098432c2d025f', 'sha256': '0477f71a876eba444cde952336de97b346ef4632eddf273b32013a3a4f416472'}, 'dob': {'date': '1959-07-21T21:52:44.162Z', 'age': 65}, 'registered': {'date': '2002-10-16T02:05:18.109Z', 'age': 21}, 'phone': '50561657', 'cell': '69841216', 'id': {'name': 'CPR', 'value': '210759-6017'}, 'picture': {'large': 'https://randomuser.me/api/portraits/men/1.jpg', 'medium': 'https://randomuser.me/api/portraits/med/men/1.jpg', 'thumbnail': 'https://randomuser.me/api/portraits/thumb/men/1.jpg'}, 'nat': 'DK'}</msg>
<arg>${json_data['results'][0]}</arg>
<doc>Logs the given message with the given level.</doc>
<status status="PASS" start="2024-08-10T07:13:38.828746" elapsed="0.000456"/>
</kw>
<kw name="Log" owner="BuiltIn">
<msg time="2024-08-10T07:13:38.829639" level="INFO">location</msg>
<arg>${key}</arg>
<doc>Logs the given message with the given level.</doc>
<status status="PASS" start="2024-08-10T07:13:38.829509" elapsed="0.000169"/>
</kw>
<var name="${key}">location</var>
<status status="PASS" start="2024-08-10T07:13:38.828073" elapsed="0.001825"/>
</iter>
<iter>
<kw name="Dictionary Should Contain Key" owner="Collections">
<arg>${json_data['results'][0]}</arg>
<arg>${key}</arg>
<doc>Fails if ``key`` is not found from ``dictionary``.</doc>
<status status="PASS" start="2024-08-10T07:13:38.830180" elapsed="0.000391"/>
</kw>
<kw name="Log" owner="BuiltIn">
<msg time="2024-08-10T07:13:38.831243" level="INFO">{'gender': 'male', 'name': {'title': 'Mr', 'first': 'Sander', 'last': 'Andersen'}, 'location': {'street': {'number': 2735, 'name': 'Rødkløvervej'}, 'city': 'Lundby', 'state': 'Danmark', 'country': 'Denmark', 'postcode': 32026, 'coordinates': {'latitude': '-44.0590', 'longitude': '-121.7798'}, 'timezone': {'offset': '-10:00', 'description': 'Hawaii'}}, 'email': 'sander.andersen@example.com', 'login': {'uuid': 'c014a713-cbd7-4f9c-813c-f400819a2a8b', 'username': 'bluerabbit964', 'password': 'alpha1', 'salt': 'WT2E0JYs', 'md5': '8ece40a761e2c96384f03469ed0b1a94', 'sha1': 'ef8a078fecd06cf4b18b4a69442098432c2d025f', 'sha256': '0477f71a876eba444cde952336de97b346ef4632eddf273b32013a3a4f416472'}, 'dob': {'date': '1959-07-21T21:52:44.162Z', 'age': 65}, 'registered': {'date': '2002-10-16T02:05:18.109Z', 'age': 21}, 'phone': '50561657', 'cell': '69841216', 'id': {'name': 'CPR', 'value': '210759-6017'}, 'picture': {'large': 'https://randomuser.me/api/portraits/men/1.jpg', 'medium': 'https://randomuser.me/api/portraits/med/men/1.jpg', 'thumbnail': 'https://randomuser.me/api/portraits/thumb/men/1.jpg'}, 'nat': 'DK'}</msg>
<arg>${json_data['results'][0]}</arg>
<doc>Logs the given message with the given level.</doc>
<status status="PASS" start="2024-08-10T07:13:38.830886" elapsed="0.000408"/>
</kw>
<kw name="Log" owner="BuiltIn">
<msg time="2024-08-10T07:13:38.831723" level="INFO">email</msg>
<arg>${key}</arg>
<doc>Logs the given message with the given level.</doc>
<status status="PASS" start="2024-08-10T07:13:38.831591" elapsed="0.000172"/>
</kw>
<var name="${key}">email</var>
<status status="PASS" start="2024-08-10T07:13:38.830073" elapsed="0.001917"/>
</iter>
<iter>
<kw name="Dictionary Should Contain Key" owner="Collections">
<arg>${json_data['results'][0]}</arg>
<arg>${key}</arg>
<doc>Fails if ``key`` is not found from ``dictionary``.</doc>
<status status="PASS" start="2024-08-10T07:13:38.832276" elapsed="0.000374"/>
</kw>
<kw name="Log" owner="BuiltIn">
<msg time="2024-08-10T07:13:38.833218" level="INFO">{'gender': 'male', 'name': {'title': 'Mr', 'first': 'Sander', 'last': 'Andersen'}, 'location': {'street': {'number': 2735, 'name': 'Rødkløvervej'}, 'city': 'Lundby', 'state': 'Danmark', 'country': 'Denmark', 'postcode': 32026, 'coordinates': {'latitude': '-44.0590', 'longitude': '-121.7798'}, 'timezone': {'offset': '-10:00', 'description': 'Hawaii'}}, 'email': 'sander.andersen@example.com', 'login': {'uuid': 'c014a713-cbd7-4f9c-813c-f400819a2a8b', 'username': 'bluerabbit964', 'password': 'alpha1', 'salt': 'WT2E0JYs', 'md5': '8ece40a761e2c96384f03469ed0b1a94', 'sha1': 'ef8a078fecd06cf4b18b4a69442098432c2d025f', 'sha256': '0477f71a876eba444cde952336de97b346ef4632eddf273b32013a3a4f416472'}, 'dob': {'date': '1959-07-21T21:52:44.162Z', 'age': 65}, 'registered': {'date': '2002-10-16T02:05:18.109Z', 'age': 21}, 'phone': '50561657', 'cell': '69841216', 'id': {'name': 'CPR', 'value': '210759-6017'}, 'picture': {'large': 'https://randomuser.me/api/portraits/men/1.jpg', 'medium': 'https://randomuser.me/api/portraits/med/men/1.jpg', 'thumbnail': 'https://randomuser.me/api/portraits/thumb/men/1.jpg'}, 'nat': 'DK'}</msg>
<arg>${json_data['results'][0]}</arg>
<doc>Logs the given message with the given level.</doc>
<status status="PASS" start="2024-08-10T07:13:38.832841" elapsed="0.000428"/>
</kw>
<kw name="Log" owner="BuiltIn">
<msg time="2024-08-10T07:13:38.833690" level="INFO">login</msg>
<arg>${key}</arg>
<doc>Logs the given message with the given level.</doc>
<status status="PASS" start="2024-08-10T07:13:38.833562" elapsed="0.000165"/>
</kw>
<var name="${key}">login</var>
<status status="PASS" start="2024-08-10T07:13:38.832167" elapsed="0.001775"/>
</iter>
<var>${key}</var>
<value>@{expected_keys}</value>
<status status="PASS" start="2024-08-10T07:13:38.823776" elapsed="0.010293"/>
</for>
<kw name="Create List" owner="BuiltIn">
<msg time="2024-08-10T07:13:38.834399" level="INFO">${expected_keysTwo} = ['username', 'password']</msg>
<var>${expected_keysTwo}</var>
<arg>username</arg>
<arg>password</arg>
<doc>Returns a list containing given items.</doc>
<status status="PASS" start="2024-08-10T07:13:38.834264" elapsed="0.000160"/>
</kw>
<for flavor="IN">
<iter>
<kw name="Dictionary Should Contain Key" owner="Collections">
<arg>${json_data['results'][0]['login']}</arg>
<arg>${keyTwo}</arg>
<doc>Fails if ``key`` is not found from ``dictionary``.</doc>
<status status="PASS" start="2024-08-10T07:13:38.834968" elapsed="0.000395"/>
</kw>
<kw name="Dictionary Should Contain Key" owner="Collections">
<arg>${json_data['results'][0]['login']}</arg>
<arg>${keyTwo}</arg>
<doc>Fails if ``key`` is not found from ``dictionary``.</doc>
<status status="PASS" start="2024-08-10T07:13:38.835547" elapsed="0.000372"/>
</kw>
<kw name="Log" owner="BuiltIn">
<msg time="2024-08-10T07:13:38.836214" level="INFO">username</msg>
<arg>${keyTwo}</arg>
<doc>Logs the given message with the given level.</doc>
<status status="PASS" start="2024-08-10T07:13:38.836094" elapsed="0.000160"/>
</kw>
<var name="${keyTwo}">username</var>
<status status="PASS" start="2024-08-10T07:13:38.834858" elapsed="0.001615"/>
</iter>
<iter>
<kw name="Dictionary Should Contain Key" owner="Collections">
<arg>${json_data['results'][0]['login']}</arg>
<arg>${keyTwo}</arg>
<doc>Fails if ``key`` is not found from ``dictionary``.</doc>
<status status="PASS" start="2024-08-10T07:13:38.836753" elapsed="0.000434"/>
</kw>
<kw name="Dictionary Should Contain Key" owner="Collections">
<arg>${json_data['results'][0]['login']}</arg>
<arg>${keyTwo}</arg>
<doc>Fails if ``key`` is not found from ``dictionary``.</doc>
<status status="PASS" start="2024-08-10T07:13:38.837370" elapsed="0.000379"/>
</kw>
<kw name="Log" owner="BuiltIn">
<msg time="2024-08-10T07:13:38.838047" level="INFO">password</msg>
<arg>${keyTwo}</arg>
<doc>Logs the given message with the given level.</doc>
<status status="PASS" start="2024-08-10T07:13:38.837926" elapsed="0.000159"/>
</kw>
<var name="${keyTwo}">password</var>
<status status="PASS" start="2024-08-10T07:13:38.836648" elapsed="0.001660"/>
</iter>
<var>${keyTwo}</var>
<value>@{expected_keysTwo}</value>
<status status="PASS" start="2024-08-10T07:13:38.834696" elapsed="0.003735"/>
</for>
<status status="PASS" start="2024-08-10T07:13:38.719802" elapsed="0.118776"/>
</kw>
<doc>Testa a estrutura da resposta da API.</doc>
<tag>testeEstruturaResposta</tag>
<status status="PASS" start="2024-08-10T07:13:38.719012" elapsed="0.119732"/>
</test>
<test id="s1-s1-t4" name="Validar tipos de dados" line="28">
<kw name="Teste de Tipos de Dados" owner="random-user-service">
<kw name="GET On Session" owner="RequestsLibrary">
<msg time="2024-08-10T07:13:38.926800" level="INFO">GET Request : url=https://randomuser.me/api 
 path_url=/api 
 headers={'User-Agent': 'python-requests/2.32.3', 'Accept-Encoding': 'gzip, deflate', 'Accept': '*/*', 'Connection': 'keep-alive'} 
 body=None 
 </msg>
<msg time="2024-08-10T07:13:38.926921" level="INFO">GET Response : url=https://randomuser.me/api 
 status=200, reason=OK 
 headers={'Date': 'Sat, 10 Aug 2024 07:13:38 GMT', 'Content-Type': 'application/json; charset=utf-8', 'Transfer-Encoding': 'chunked', 'Connection': 'keep-alive', 'X-Powered-By': 'Express', 'Access-Control-Allow-Origin': '*', 'Cache-Control': 'no-cache', 'ETag': 'W/"478-VB7l4CnU4vtuqA2cpplMtLm+vdc"', 'Vary': 'Accept-Encoding', 'Content-Encoding': 'gzip', 'CF-Cache-Status': 'DYNAMIC', 'Report-To': '{"endpoints":[{"url":"https:\\/\\/a.nel.cloudflare.com\\/report\\/v4?s=ACQoJCf%2BNdn%2FCgNmyWEL0uRiuPTHochp6dMSha%2Fr3dCNp49yrFtAp06%2B6qxdUi5Gkv%2FXQZMSfQnY15EIgq1qIXnVleq9BnRytns%2BZyGeYA8e2AUaKMhBMlXb84ojptnP"}],"group":"cf-nel","max_age":604800}', 'NEL': '{"success_fraction":0,"report_to":"cf-nel","max_age":604800}', 'Server': 'cloudflare', 'CF-RAY': '8b0e2f39ce3d1136-ORD', 'alt-svc': 'h3=":443"; ma=86400'} 
 body={"results":[{"gender":"female","name":{"title":"Mrs","first":"عسل","last":"کوتی"},"location":{"street":{"number":1391,"name":"جمهوری"},"city":"زاهدان","state":"خراسان جنوبی","country":"Iran","postcode":92523,"coordinates":{"latitude":"18.9288","longitude":"132.3746"},"timezone":{"offset":"+3:30","description":"Tehran"}},"email":"aasl.khwty@example.com","login":{"uuid":"8e892374-ef6a-47a3-a22e-fbb88209a98d","username":"whitewolf724","password":"beta","salt":"8yMEOozk","md5":"bc31ffe9d3bce338a5cee0d9450c48e0","sha1":"7f6982307fe596e4a8248678f555524b219c7a81","sha256":"fc15c26157b26e23fc291040a6cb9a9079c0544e882bafb4cfda75d49cbdaac2"},"dob":{"date":"1986-03-23T22:15:28.323Z","age":38},"registered":{"date":"2013-02-02T14:42:28.845Z","age":11},"phone":"010-66558005","cell":"0959-874-7883","id":{"name":"","value":null},"picture":{"large":"https://randomuser.me/api/portraits/women/50.jpg","medium":"https://randomuser.me/api/portraits/med/women/50.jpg","thumbnail":"https://randomuser.me/api/portraits/thumb/women/50.jpg"},"nat":"IR"}],"info":{"seed":"0963fa397e847e2b","results":1,"page":1,"version":"1.4"}} 
 </msg>
<msg time="2024-08-10T07:13:38.927013" level="INFO">/opt/hostedtoolcache/Python/3.12.4/x64/lib/python3.12/site-packages/urllib3/connectionpool.py:1099: InsecureRequestWarning: Unverified HTTPS request is being made to host 'randomuser.me'. Adding certificate verification is strongly advised. See: https://urllib3.readthedocs.io/en/latest/advanced-usage.html#tls-warnings
  warnings.warn(</msg>
<msg time="2024-08-10T07:13:38.927162" level="INFO">${response} = &lt;Response [200]&gt;</msg>
<var>${response}</var>
<arg>consultarAPI</arg>
<arg>/api</arg>
<doc>Sends a GET request on a previously created HTTP Session.</doc>
<status status="PASS" start="2024-08-10T07:13:38.841350" elapsed="0.085856"/>
</kw>
<kw name="Set Variable" owner="BuiltIn">
<msg time="2024-08-10T07:13:38.928294" level="INFO">${json_data} = {'results': [{'gender': 'female', 'name': {'title': 'Mrs', 'first': 'عسل', 'last': 'کوتی'}, 'location': {'street': {'number': 1391, 'name': 'جمهوری'}, 'city': 'زاهدان', 'state': 'خراسان جنوبی', 'count...</msg>
<var>${json_data}</var>
<arg>${response.json()}</arg>
<doc>Returns the given values which can then be assigned to a variables.</doc>
<status status="PASS" start="2024-08-10T07:13:38.927746" elapsed="0.000579"/>
</kw>
<kw name="Log" owner="BuiltIn">
<msg time="2024-08-10T07:13:38.928796" level="INFO">{'results': [{'gender': 'female', 'name': {'title': 'Mrs', 'first': 'عسل', 'last': 'کوتی'}, 'location': {'street': {'number': 1391, 'name': 'جمهوری'}, 'city': 'زاهدان', 'state': 'خراسان جنوبی', 'country': 'Iran', 'postcode': 92523, 'coordinates': {'latitude': '18.9288', 'longitude': '132.3746'}, 'timezone': {'offset': '+3:30', 'description': 'Tehran'}}, 'email': 'aasl.khwty@example.com', 'login': {'uuid': '8e892374-ef6a-47a3-a22e-fbb88209a98d', 'username': 'whitewolf724', 'password': 'beta', 'salt': '8yMEOozk', 'md5': 'bc31ffe9d3bce338a5cee0d9450c48e0', 'sha1': '7f6982307fe596e4a8248678f555524b219c7a81', 'sha256': 'fc15c26157b26e23fc291040a6cb9a9079c0544e882bafb4cfda75d49cbdaac2'}, 'dob': {'date': '1986-03-23T22:15:28.323Z', 'age': 38}, 'registered': {'date': '2013-02-02T14:42:28.845Z', 'age': 11}, 'phone': '010-66558005', 'cell': '0959-874-7883', 'id': {'name': '', 'value': None}, 'picture': {'large': 'https://randomuser.me/api/portraits/women/50.jpg', 'medium': 'https://randomuser.me/api/portraits/med/women/50.jpg', 'thumbnail': 'https://randomuser.me/api/portraits/thumb/women/50.jpg'}, 'nat': 'IR'}], 'info': {'seed': '0963fa397e847e2b', 'results': 1, 'page': 1, 'version': '1.4'}}</msg>
<arg>${json_data}</arg>
<doc>Logs the given message with the given level.</doc>
<status status="PASS" start="2024-08-10T07:13:38.928635" elapsed="0.000212"/>
</kw>
<kw name="Should Be String" owner="String">
<arg>${json_data['results'][0]['gender']}</arg>
<doc>Fails if the given ``item`` is not a string.</doc>
<status status="PASS" start="2024-08-10T07:13:38.929190" elapsed="0.000365"/>
</kw>
<kw name="Should Match Regexp" owner="BuiltIn">
<arg>${json_data['results'][0]['email']}</arg>
<arg>^[a-zA-Z0-9._%+-]+@[a-zA-Z0-9.-]+\.[a-zA-Z]{2,}$</arg>
<doc>Fails if ``string`` does not match ``pattern`` as a regular expression.</doc>
<status status="PASS" start="2024-08-10T07:13:38.929743" elapsed="0.000526"/>
</kw>
<kw name="Should Match Regexp" owner="BuiltIn">
<arg>${json_data['results'][0]['dob']['date']}</arg>
<arg>\\d{4}-\\d{2}-\\d{2}T\\d{2}:\\d{2}:\\d{2}\\.\\d{3}Z</arg>
<doc>Fails if ``string`` does not match ``pattern`` as a regular expression.</doc>
<status status="PASS" start="2024-08-10T07:13:38.930503" elapsed="0.000643"/>
</kw>
<kw name="Should Match Regexp" owner="BuiltIn">
<arg>${json_data['results'][0]['registered']['date']}</arg>
<arg>\\d{4}-\\d{2}-\\d{2}T\\d{2}:\\d{2}:\\d{2}\\.\\d{3}Z</arg>
<doc>Fails if ``string`` does not match ``pattern`` as a regular expression.</doc>
<status status="PASS" start="2024-08-10T07:13:38.931342" elapsed="0.000374"/>
</kw>
<kw name="Should Match Regexp" owner="BuiltIn">
<arg>${json_data['results'][0]['picture']['large']}</arg>
<arg>^https?://.*\.(?:png|jpe?g|gif|bmp)$</arg>
<doc>Fails if ``string`` does not match ``pattern`` as a regular expression.</doc>
<status status="PASS" start="2024-08-10T07:13:38.931901" elapsed="0.000459"/>
</kw>
<kw name="Should Match Regexp" owner="BuiltIn">
<arg>${json_data['results'][0]['picture']['medium']}</arg>
<arg>^https?://.*\.(?:png|jpe?g|gif|bmp)$</arg>
<doc>Fails if ``string`` does not match ``pattern`` as a regular expression.</doc>
<status status="PASS" start="2024-08-10T07:13:38.932547" elapsed="0.000358"/>
</kw>
<kw name="Should Match Regexp" owner="BuiltIn">
<arg>${json_data['results'][0]['picture']['thumbnail']}</arg>
<arg>^https?://.*\.(?:png|jpe?g|gif|bmp)$</arg>
<doc>Fails if ``string`` does not match ``pattern`` as a regular expression.</doc>
<status status="PASS" start="2024-08-10T07:13:38.933112" elapsed="0.000351"/>
</kw>
<kw name="Log" owner="BuiltIn">
<msg time="2024-08-10T07:13:38.933960" level="INFO">{'large': 'https://randomuser.me/api/portraits/women/50.jpg', 'medium': 'https://randomuser.me/api/portraits/med/women/50.jpg', 'thumbnail': 'https://randomuser.me/api/portraits/thumb/women/50.jpg'}</msg>
<arg>${json_data['results'][0]['picture']}</arg>
<doc>Logs the given message with the given level.</doc>
<status status="PASS" start="2024-08-10T07:13:38.933641" elapsed="0.000362"/>
</kw>
<status status="PASS" start="2024-08-10T07:13:38.841119" elapsed="0.093144"/>
</kw>
<kw name="Teste de Tipos de Dados - Postcode" owner="random-user-service">
<kw name="GET On Session" owner="RequestsLibrary">
<msg time="2024-08-10T07:13:39.030258" level="INFO">GET Request : url=https://randomuser.me/api 
 path_url=/api 
 headers={'User-Agent': 'python-requests/2.32.3', 'Accept-Encoding': 'gzip, deflate', 'Accept': '*/*', 'Connection': 'keep-alive'} 
 body=None 
 </msg>
<msg time="2024-08-10T07:13:39.030355" level="INFO">GET Response : url=https://randomuser.me/api 
 status=200, reason=OK 
 headers={'Date': 'Sat, 10 Aug 2024 07:13:39 GMT', 'Content-Type': 'application/json; charset=utf-8', 'Transfer-Encoding': 'chunked', 'Connection': 'keep-alive', 'X-Powered-By': 'Express', 'Access-Control-Allow-Origin': '*', 'Cache-Control': 'no-cache', 'ETag': 'W/"490-ychMV4fkf/QvmSH4O0chaHafPtM"', 'Vary': 'Accept-Encoding', 'Content-Encoding': 'gzip', 'CF-Cache-Status': 'DYNAMIC', 'Report-To': '{"endpoints":[{"url":"https:\\/\\/a.nel.cloudflare.com\\/report\\/v4?s=%2BnIhp0zdRAcXHMWKKWtvxK21AjvzXkOGUO1BshJclwXVhvkvOj5Hxpyk0SajfCU40BhZFyoIBQ8ESKle5X6yUx7aFP1sCuys1R%2Bvx36HLbzJE0h9bABwNWIrfY0VXJsM"}],"group":"cf-nel","max_age":604800}', 'NEL': '{"success_fraction":0,"report_to":"cf-nel","max_age":604800}', 'Server': 'cloudflare', 'CF-RAY': '8b0e2f3a5ea71136-ORD', 'alt-svc': 'h3=":443"; ma=86400'} 
 body={"results":[{"gender":"female","name":{"title":"Miss","first":"Cecilie","last":"Johansen"},"location":{"street":{"number":2398,"name":"Løgstørvej"},"city":"Sundby","state":"Nordjylland","country":"Denmark","postcode":93034,"coordinates":{"latitude":"-41.8857","longitude":"34.7287"},"timezone":{"offset":"+4:00","description":"Abu Dhabi, Muscat, Baku, Tbilisi"}},"email":"cecilie.johansen@example.com","login":{"uuid":"240938d9-e509-46ca-b7ce-1eb968df05ae","username":"tinybird933","password":"scooter","salt":"tbJyVNRD","md5":"cab19c506c84330bcdbcb689c5da00bd","sha1":"1a5054f8b6e3b6b920f255d068b7635586a6ba01","sha256":"63fc7c47f1c82c593a157a697f804c19152029679ea22c017c038e77fb8362ec"},"dob":{"date":"1986-03-13T04:02:00.620Z","age":38},"registered":{"date":"2014-07-03T14:10:55.389Z","age":10},"phone":"58903694","cell":"37206745","id":{"name":"CPR","value":"120386-6425"},"picture":{"large":"https://randomuser.me/api/portraits/women/42.jpg","medium":"https://randomuser.me/api/portraits/med/women/42.jpg","thumbnail":"https://randomuser.me/api/portraits/thumb/women/42.jpg"},"nat":"DK"}],"info":{"seed":"66f010996b177d8f","results":1,"page":1,"version":"1.4"}} 
 </msg>
<msg time="2024-08-10T07:13:39.030426" level="INFO">/opt/hostedtoolcache/Python/3.12.4/x64/lib/python3.12/site-packages/urllib3/connectionpool.py:1099: InsecureRequestWarning: Unverified HTTPS request is being made to host 'randomuser.me'. Adding certificate verification is strongly advised. See: https://urllib3.readthedocs.io/en/latest/advanced-usage.html#tls-warnings
  warnings.warn(</msg>
<msg time="2024-08-10T07:13:39.030583" level="INFO">${response} = &lt;Response [200]&gt;</msg>
<var>${response}</var>
<arg>consultarAPI</arg>
<arg>/api</arg>
<doc>Sends a GET request on a previously created HTTP Session.</doc>
<status status="PASS" start="2024-08-10T07:13:38.934723" elapsed="0.095903"/>
</kw>
<kw name="Set Variable" owner="BuiltIn">
<msg time="2024-08-10T07:13:39.031638" level="INFO">${json_data} = {'results': [{'gender': 'female', 'name': {'title': 'Miss', 'first': 'Cecilie', 'last': 'Johansen'}, 'location': {'street': {'number': 2398, 'name': 'Løgstørvej'}, 'city': 'Sundby', 'state': 'Nordjyll...</msg>
<var>${json_data}</var>
<arg>${response.json()}</arg>
<doc>Returns the given values which can then be assigned to a variables.</doc>
<status status="PASS" start="2024-08-10T07:13:39.031120" elapsed="0.000547"/>
</kw>
<kw name="Log" owner="BuiltIn">
<msg time="2024-08-10T07:13:39.032122" level="INFO">{'results': [{'gender': 'female', 'name': {'title': 'Miss', 'first': 'Cecilie', 'last': 'Johansen'}, 'location': {'street': {'number': 2398, 'name': 'Løgstørvej'}, 'city': 'Sundby', 'state': 'Nordjylland', 'country': 'Denmark', 'postcode': 93034, 'coordinates': {'latitude': '-41.8857', 'longitude': '34.7287'}, 'timezone': {'offset': '+4:00', 'description': 'Abu Dhabi, Muscat, Baku, Tbilisi'}}, 'email': 'cecilie.johansen@example.com', 'login': {'uuid': '240938d9-e509-46ca-b7ce-1eb968df05ae', 'username': 'tinybird933', 'password': 'scooter', 'salt': 'tbJyVNRD', 'md5': 'cab19c506c84330bcdbcb689c5da00bd', 'sha1': '1a5054f8b6e3b6b920f255d068b7635586a6ba01', 'sha256': '63fc7c47f1c82c593a157a697f804c19152029679ea22c017c038e77fb8362ec'}, 'dob': {'date': '1986-03-13T04:02:00.620Z', 'age': 38}, 'registered': {'date': '2014-07-03T14:10:55.389Z', 'age': 10}, 'phone': '58903694', 'cell': '37206745', 'id': {'name': 'CPR', 'value': '120386-6425'}, 'picture': {'large': 'https://randomuser.me/api/portraits/women/42.jpg', 'medium': 'https://randomuser.me/api/portraits/med/women/42.jpg', 'thumbnail': 'https://randomuser.me/api/portraits/thumb/women/42.jpg'}, 'nat': 'DK'}], 'info': {'seed': '66f010996b177d8f', 'results': 1, 'page': 1, 'version': '1.4'}}</msg>
<arg>${json_data}</arg>
<doc>Logs the given message with the given level.</doc>
<status status="PASS" start="2024-08-10T07:13:39.031966" elapsed="0.000203"/>
</kw>
<kw name="Should Be Equal As Numbers" owner="BuiltIn">
<arg>${json_data['results'][0]['location']['postcode']}</arg>
<arg>${json_data['results'][0]['location']['postcode']}</arg>
<doc>Fails if objects are unequal after converting them to real numbers.</doc>
<status status="PASS" start="2024-08-10T07:13:39.032457" elapsed="0.000655"/>
</kw>
<kw name="Log" owner="BuiltIn">
<msg time="2024-08-10T07:13:39.033644" level="INFO">93034</msg>
<arg>${json_data['results'][0]['location']['postcode']}</arg>
<doc>Logs the given message with the given level.</doc>
<status status="PASS" start="2024-08-10T07:13:39.033307" elapsed="0.000376"/>
</kw>
<status status="PASS" start="2024-08-10T07:13:38.934495" elapsed="0.099442"/>
</kw>
<doc>Testa se os tipos de dados na resposta da API estão corretos.</doc>
<tag>testeTiposDados</tag>
<status status="PASS" start="2024-08-10T07:13:38.840521" elapsed="0.193627"/>
</test>
<test id="s1-s1-t5" name="Validar conteudo" line="35">
<kw name="Teste de Tipos de Conteudo" owner="random-user-service">
<kw name="GET On Session" owner="RequestsLibrary">
<msg time="2024-08-10T07:13:39.118389" level="INFO">GET Request : url=https://randomuser.me/api 
 path_url=/api 
 headers={'User-Agent': 'python-requests/2.32.3', 'Accept-Encoding': 'gzip, deflate', 'Accept': '*/*', 'Connection': 'keep-alive'} 
 body=None 
 </msg>
<msg time="2024-08-10T07:13:39.118505" level="INFO">GET Response : url=https://randomuser.me/api 
 status=200, reason=OK 
 headers={'Date': 'Sat, 10 Aug 2024 07:13:39 GMT', 'Content-Type': 'application/json; charset=utf-8', 'Transfer-Encoding': 'chunked', 'Connection': 'keep-alive', 'X-Powered-By': 'Express', 'Access-Control-Allow-Origin': '*', 'Cache-Control': 'no-cache', 'ETag': 'W/"496-V8Ht92dhaybiXkdDO/EiI6XsHV4"', 'Vary': 'Accept-Encoding', 'Content-Encoding': 'gzip', 'CF-Cache-Status': 'DYNAMIC', 'Report-To': '{"endpoints":[{"url":"https:\\/\\/a.nel.cloudflare.com\\/report\\/v4?s=aGwZLcfvZdbszaAmUlD94paXH4K8MKdYkPQftVLMDkYk1ugvLff8i%2BhJjbgXOcJA%2BU7pYN435wkwfCkZMCWqkzyx5%2FJJOOqqpNOiGLO4ZQ2ITUxpQJpHk4RrwFLnhMLM"}],"group":"cf-nel","max_age":604800}', 'NEL': '{"success_fraction":0,"report_to":"cf-nel","max_age":604800}', 'Server': 'cloudflare', 'CF-RAY': '8b0e2f3aff2c1136-ORD', 'alt-svc': 'h3=":443"; ma=86400'} 
 body={"results":[{"gender":"female","name":{"title":"Ms","first":"Blanca","last":"Herrero"},"location":{"street":{"number":2901,"name":"Calle Mota"},"city":"Albacete","state":"Castilla la Mancha","country":"Spain","postcode":78413,"coordinates":{"latitude":"-30.2841","longitude":"53.1087"},"timezone":{"offset":"+4:00","description":"Abu Dhabi, Muscat, Baku, Tbilisi"}},"email":"blanca.herrero@example.com","login":{"uuid":"26e94d04-ced3-433c-898b-90f65881b539","username":"sadmeercat147","password":"kingpin","salt":"5ZmonXpJ","md5":"c9a985d160ad45b97fe99f4fbe373dc0","sha1":"a6c6bcc8781780d61d21a0253c6238704551244b","sha256":"abe5cddad29b558bfadb899fb5dffc62271cef2b5ee3c94dc5cd38e10cc918bf"},"dob":{"date":"1999-01-14T06:42:57.093Z","age":25},"registered":{"date":"2010-02-25T04:40:43.403Z","age":14},"phone":"955-173-266","cell":"655-919-718","id":{"name":"DNI","value":"79896728-C"},"picture":{"large":"https://randomuser.me/api/portraits/women/31.jpg","medium":"https://randomuser.me/api/portraits/med/women/31.jpg","thumbnail":"https://randomuser.me/api/portraits/thumb/women/31.jpg"},"nat":"ES"}],"info":{"seed":"d2b09663728d1060","results":1,"page":1,"version":"1.4"}} 
 </msg>
<msg time="2024-08-10T07:13:39.118592" level="INFO">/opt/hostedtoolcache/Python/3.12.4/x64/lib/python3.12/site-packages/urllib3/connectionpool.py:1099: InsecureRequestWarning: Unverified HTTPS request is being made to host 'randomuser.me'. Adding certificate verification is strongly advised. See: https://urllib3.readthedocs.io/en/latest/advanced-usage.html#tls-warnings
  warnings.warn(</msg>
<msg time="2024-08-10T07:13:39.118758" level="INFO">${response} = &lt;Response [200]&gt;</msg>
<var>${response}</var>
<arg>consultarAPI</arg>
<arg>/api</arg>
<doc>Sends a GET request on a previously created HTTP Session.</doc>
<status status="PASS" start="2024-08-10T07:13:39.036586" elapsed="0.082226"/>
</kw>
<kw name="Set Variable" owner="BuiltIn">
<msg time="2024-08-10T07:13:39.119882" level="INFO">${json_data} = {'results': [{'gender': 'female', 'name': {'title': 'Ms', 'first': 'Blanca', 'last': 'Herrero'}, 'location': {'street': {'number': 2901, 'name': 'Calle Mota'}, 'city': 'Albacete', 'state': 'Castilla l...</msg>
<var>${json_data}</var>
<arg>${response.json()}</arg>
<doc>Returns the given values which can then be assigned to a variables.</doc>
<status status="PASS" start="2024-08-10T07:13:39.119353" elapsed="0.000557"/>
</kw>
<kw name="Set Variable" owner="BuiltIn">
<msg time="2024-08-10T07:13:39.120605" level="INFO">${name_title} = Ms</msg>
<var>${name_title}</var>
<arg>${json_data["results"][0]["name"]["title"]}</arg>
<doc>Returns the given values which can then be assigned to a variables.</doc>
<status status="PASS" start="2024-08-10T07:13:39.120217" elapsed="0.000414"/>
</kw>
<kw name="Create List" owner="BuiltIn">
<msg time="2024-08-10T07:13:39.121124" level="INFO">${allowed_titles} = ['Mr', 'Ms', 'Miss', 'Mrs', 'Madame', 'Monsieur']</msg>
<var>${allowed_titles}</var>
<arg>Mr</arg>
<arg>Ms</arg>
<arg>Miss</arg>
<arg>Mrs</arg>
<arg>Madame</arg>
<arg>Monsieur</arg>
<doc>Returns a list containing given items.</doc>
<status status="PASS" start="2024-08-10T07:13:39.120928" elapsed="0.000225"/>
</kw>
<kw name="List Should Contain Value" owner="Collections">
<arg>${allowed_titles}</arg>
<arg>${name_title}</arg>
<doc>Fails if the ``value`` is not found from ``list``.</doc>
<status status="PASS" start="2024-08-10T07:13:39.121452" elapsed="0.000176"/>
</kw>
<kw name="Set Variable" owner="BuiltIn">
<msg time="2024-08-10T07:13:39.122182" level="INFO">${name_country} = ES</msg>
<var>${name_country}</var>
<arg>${json_data["results"][0]["nat"]}</arg>
<doc>Returns the given values which can then be assigned to a variables.</doc>
<status status="PASS" start="2024-08-10T07:13:39.121808" elapsed="0.000398"/>
</kw>
<kw name="Create List" owner="BuiltIn">
<msg time="2024-08-10T07:13:39.123083" level="INFO">${list_country} = ['AD', 'AE', 'AF', 'AG', 'AI', 'AL', 'AM', 'AO', 'AQ', 'AR', 'AS', 'AT', 'AU', 'AW', 'AX', 'AZ', 'BA', 'BB', 'BD', 'BE', 'BF', 'BG', 'BH', 'BI', 'BJ', 'BL', 'BM', 'BN', 'BO', 'BQ', 'BR', 'BS', 'BT', '...</msg>
<var>${list_country}</var>
<arg>AD</arg>
<arg>AE</arg>
<arg>AF</arg>
<arg>AG</arg>
<arg>AI</arg>
<arg>AL</arg>
<arg>AM</arg>
<arg>AO</arg>
<arg>AQ</arg>
<arg>AR</arg>
<arg>AS</arg>
<arg>AT</arg>
<arg>AU</arg>
<arg>AW</arg>
<arg>AX</arg>
<arg>AZ</arg>
<arg>BA</arg>
<arg>BB</arg>
<arg>BD</arg>
<arg>BE</arg>
<arg>BF</arg>
<arg>BG</arg>
<arg>BH</arg>
<arg>BI</arg>
<arg>BJ</arg>
<arg>BL</arg>
<arg>BM</arg>
<arg>BN</arg>
<arg>BO</arg>
<arg>BQ</arg>
<arg>BR</arg>
<arg>BS</arg>
<arg>BT</arg>
<arg>BV</arg>
<arg>BW</arg>
<arg>BY</arg>
<arg>BZ</arg>
<arg>CA</arg>
<arg>CC</arg>
<arg>CD</arg>
<arg>CF</arg>
<arg>CG</arg>
<arg>CH</arg>
<arg>CI</arg>
<arg>CK</arg>
<arg>CL</arg>
<arg>CM</arg>
<arg>CN</arg>
<arg>CO</arg>
<arg>CR</arg>
<arg>CU</arg>
<arg>CV</arg>
<arg>CW</arg>
<arg>CX</arg>
<arg>CY</arg>
<arg>CZ</arg>
<arg>DE</arg>
<arg>DJ</arg>
<arg>DK</arg>
<arg>DM</arg>
<arg>DO</arg>
<arg>DZ</arg>
<arg>EC</arg>
<arg>EE</arg>
<arg>EG</arg>
<arg>EH</arg>
<arg>ER</arg>
<arg>ES</arg>
<arg>ET</arg>
<arg>FI</arg>
<arg>FJ</arg>
<arg>FK</arg>
<arg>FM</arg>
<arg>FO</arg>
<arg>FR</arg>
<arg>GA</arg>
<arg>GB</arg>
<arg>GD</arg>
<arg>GE</arg>
<arg>GF</arg>
<arg>GG</arg>
<arg>GH</arg>
<arg>GI</arg>
<arg>GL</arg>
<arg>GM</arg>
<arg>GN</arg>
<arg>GP</arg>
<arg>GQ</arg>
<arg>GR</arg>
<arg>GS</arg>
<arg>GT</arg>
<arg>GU</arg>
<arg>GW</arg>
<arg>GY</arg>
<arg>HK</arg>
<arg>HM</arg>
<arg>HN</arg>
<arg>HR</arg>
<arg>HT</arg>
<arg>HU</arg>
<arg>ID</arg>
<arg>IE</arg>
<arg>IL</arg>
<arg>IM</arg>
<arg>IN</arg>
<arg>IO</arg>
<arg>IQ</arg>
<arg>IR</arg>
<arg>IS</arg>
<arg>IT</arg>
<arg>JE</arg>
<arg>JM</arg>
<arg>JO</arg>
<arg>JP</arg>
<arg>KE</arg>
<arg>KG</arg>
<arg>KH</arg>
<arg>KI</arg>
<arg>KM</arg>
<arg>KN</arg>
<arg>KP</arg>
<arg>KR</arg>
<arg>KW</arg>
<arg>KY</arg>
<arg>KZ</arg>
<arg>LA</arg>
<arg>LB</arg>
<arg>LC</arg>
<arg>LI</arg>
<arg>LK</arg>
<arg>LR</arg>
<arg>LS</arg>
<arg>LT</arg>
<arg>LU</arg>
<arg>LV</arg>
<arg>LY</arg>
<arg>MA</arg>
<arg>MC</arg>
<arg>MD</arg>
<arg>ME</arg>
<arg>MF</arg>
<arg>MG</arg>
<arg>MH</arg>
<arg>MK</arg>
<arg>ML</arg>
<arg>MM</arg>
<arg>MN</arg>
<arg>MO</arg>
<arg>MP</arg>
<arg>MQ</arg>
<arg>MR</arg>
<arg>MS</arg>
<arg>MT</arg>
<arg>MU</arg>
<arg>MV</arg>
<arg>MW</arg>
<arg>MX</arg>
<arg>MY</arg>
<arg>MZ</arg>
<arg>NA</arg>
<arg>NC</arg>
<arg>NE</arg>
<arg>NF</arg>
<arg>NG</arg>
<arg>NI</arg>
<arg>NL</arg>
<arg>NO</arg>
<arg>NP</arg>
<arg>NR</arg>
<arg>NU</arg>
<arg>NZ</arg>
<arg>OM</arg>
<arg>PA</arg>
<arg>PE</arg>
<arg>PF</arg>
<arg>PG</arg>
<arg>PH</arg>
<arg>PK</arg>
<arg>PL</arg>
<arg>PM</arg>
<arg>PN</arg>
<arg>PR</arg>
<arg>PS</arg>
<arg>PT</arg>
<arg>PW</arg>
<arg>PY</arg>
<arg>QA</arg>
<arg>RE</arg>
<arg>RO</arg>
<arg>RS</arg>
<arg>RU</arg>
<arg>RW</arg>
<arg>SA</arg>
<arg>SB</arg>
<arg>SC</arg>
<arg>SD</arg>
<arg>SE</arg>
<arg>SG</arg>
<arg>SH</arg>
<arg>SI</arg>
<arg>SJ</arg>
<arg>SK</arg>
<arg>SL</arg>
<arg>SM</arg>
<arg>SN</arg>
<arg>SO</arg>
<arg>SR</arg>
<arg>SS</arg>
<arg>ST</arg>
<arg>SV</arg>
<arg>SX</arg>
<arg>SY</arg>
<arg>SZ</arg>
<arg>TC</arg>
<arg>TD</arg>
<arg>TF</arg>
<arg>TG</arg>
<arg>TH</arg>
<arg>TJ</arg>
<arg>TK</arg>
<arg>TL</arg>
<arg>TM</arg>
<arg>TN</arg>
<arg>TO</arg>
<arg>TR</arg>
<arg>TT</arg>
<arg>TV</arg>
<arg>TW</arg>
<arg>TZ</arg>
<arg>UA</arg>
<arg>UG</arg>
<arg>UM</arg>
<arg>US</arg>
<arg>UY</arg>
<arg>UZ</arg>
<arg>VA</arg>
<arg>VC</arg>
<arg>VE</arg>
<arg>VG</arg>
<arg>VI</arg>
<arg>VN</arg>
<arg>VU</arg>
<arg>WF</arg>
<arg>WS</arg>
<arg>XK</arg>
<arg>YE</arg>
<arg>YT</arg>
<arg>ZA</arg>
<arg>ZM</arg>
<arg>ZW</arg>
<doc>Returns a list containing given items.</doc>
<status status="PASS" start="2024-08-10T07:13:39.122494" elapsed="0.000615"/>
</kw>
<kw name="List Should Contain Value" owner="Collections">
<arg>${list_country}</arg>
<arg>${name_country}</arg>
<doc>Fails if the ``value`` is not found from ``list``.</doc>
<status status="PASS" start="2024-08-10T07:13:39.124087" elapsed="0.000211"/>
</kw>
<kw name="Run Keyword If" owner="BuiltIn">
<kw name="Should Be True" owner="BuiltIn">
<arg>${True}</arg>
<doc>Fails if the given condition is not true.</doc>
<status status="PASS" start="2024-08-10T07:13:39.125270" elapsed="0.000142"/>
</kw>
<arg>${json_data["results"][0]["location"]["coordinates"]["latitude"]} &gt;= -90 and ${json_data["results"][0]["location"]["coordinates"]["latitude"]} &lt;= 90</arg>
<arg>Should Be True</arg>
<arg>${True}</arg>
<doc>Runs the given keyword with the given arguments, if ``condition`` is true.</doc>
<status status="PASS" start="2024-08-10T07:13:39.124497" elapsed="0.001042"/>
</kw>
<kw name="Run Keyword If" owner="BuiltIn">
<kw name="Should Be True" owner="BuiltIn">
<arg>${True}</arg>
<doc>Fails if the given condition is not true.</doc>
<status status="PASS" start="2024-08-10T07:13:39.126414" elapsed="0.000136"/>
</kw>
<arg>${json_data["results"][0]["location"]["coordinates"]["longitude"]} &gt;= -180 and ${json_data["results"][0]["location"]["coordinates"]["longitude"]} &lt;= 180</arg>
<arg>Should Be True</arg>
<arg>${True}</arg>
<doc>Runs the given keyword with the given arguments, if ``condition`` is true.</doc>
<status status="PASS" start="2024-08-10T07:13:39.125719" elapsed="0.000952"/>
</kw>
<status status="PASS" start="2024-08-10T07:13:39.036354" elapsed="0.090447"/>
</kw>
<doc>Testa o conteúdo específico dos campos retornados pela API.</doc>
<tag>testeConteudo</tag>
<status status="PASS" start="2024-08-10T07:13:39.035888" elapsed="0.091067"/>
</test>
<status status="PASS" start="2024-08-10T07:13:38.145227" elapsed="0.983670"/>
</suite>
<status status="PASS" start="2024-08-10T07:13:38.130811" elapsed="1.003286"/>
</suite>
<statistics>
<total>
<stat pass="5" fail="0" skip="0">All Tests</stat>
</total>
<tag>
<stat pass="1" fail="0" skip="0">testeConteudo</stat>
<stat pass="1" fail="0" skip="0">testeEstruturaResposta</stat>
<stat pass="1" fail="0" skip="0">testeRequisicaoBasica</stat>
<stat pass="1" fail="0" skip="0">testeTiposDados</stat>
</tag>
<suite>
<stat pass="5" fail="0" skip="0" id="s1" name="Tests">Tests</stat>
<stat pass="5" fail="0" skip="0" id="s1-s1" name="Random-User-Test">Tests.Random-User-Test</stat>
</suite>
</statistics>
<errors>
</errors>
</robot>
